2023-03-29 18:06:02,767 INFO ### Start experiment: CPRO_MUSA_290323_I_V current from 0 to 100e-4A ###
2023-03-29 18:06:04,115 INFO Found Multimeter KEITHLEY INSTRUMENTS INC.,MODEL 2700,0884890,B03  /A02  

2023-03-29 18:06:05,154 INFO Found Nanovolt Meter KEITHLEY INSTRUMENTS INC.,MODEL 2182A,4056474,C03  /A02  

2023-03-29 18:06:05,278 INFO Found Source Meter KEITHLEY INSTRUMENTS INC.,MODEL 2400,0945684,C24   Feb 14 2002 11:59:45/A02  /K/H

2023-03-29 18:06:05,417 INFO Start the measurement loop
2023-03-29 18:06:17,095 INFO Measurement at current 0.0
2023-03-29 18:06:18,010 INFO T:143.70Â°K V:-1.6701e-04V I:0.0000e+00A R:-infğ›€ E:-5.1545e-03V/cm J:0.0000e+00A/cm2 ğ›’:-infğ›€ cm
2023-03-29 18:06:18,033 INFO Measurement at current 5.0251256281407036e-05
2023-03-29 18:06:19,268 INFO T:143.69Â°K V:2.9793e-01V I:5.0251e-05A R:5.9288e+03ğ›€ E:9.1953e+00V/cm J:2.1992e-03A/cm2 ğ›’:4.1813e+03ğ›€ cm
2023-03-29 18:06:19,290 INFO Measurement at current 0.00010050251256281407
2023-03-29 18:06:19,884 INFO T:143.68Â°K V:5.8599e-01V I:1.0050e-04A R:5.8306e+03ğ›€ E:1.8086e+01V/cm J:4.3984e-03A/cm2 ğ›’:4.1120e+03ğ›€ cm
2023-03-29 18:06:19,903 INFO Measurement at current 0.00015075376884422112
2023-03-29 18:06:20,492 INFO T:143.68Â°K V:8.6370e-01V I:1.5075e-04A R:5.7292e+03ğ›€ E:2.6657e+01V/cm J:6.5975e-03A/cm2 ğ›’:4.0405e+03ğ›€ cm
2023-03-29 18:06:20,511 INFO Measurement at current 0.00020100502512562814
2023-03-29 18:06:21,116 INFO T:143.67Â°K V:1.1293e+00V I:2.0101e-04A R:5.6183e+03ğ›€ E:3.4855e+01V/cm J:8.7967e-03A/cm2 ğ›’:3.9623e+03ğ›€ cm
2023-03-29 18:06:21,138 INFO Measurement at current 0.0002512562814070352
2023-03-29 18:06:22,469 INFO T:143.66Â°K V:1.3877e+00V I:2.5126e-04A R:5.5231e+03ğ›€ E:4.2831e+01V/cm J:1.0996e-02A/cm2 ğ›’:3.8952e+03ğ›€ cm
2023-03-29 18:06:22,485 INFO Measurement at current 0.00030150753768844223
2023-03-29 18:06:23,078 INFO T:143.65Â°K V:1.6357e+00V I:3.0151e-04A R:5.4252e+03ğ›€ E:5.0486e+01V/cm J:1.3195e-02A/cm2 ğ›’:3.8261e+03ğ›€ cm
2023-03-29 18:06:23,105 INFO Measurement at current 0.00035175879396984926
2023-03-29 18:06:23,703 INFO T:143.65Â°K V:1.8722e+00V I:3.5176e-04A R:5.3225e+03ğ›€ E:5.7785e+01V/cm J:1.5394e-02A/cm2 ğ›’:3.7537e+03ğ›€ cm
2023-03-29 18:06:23,721 INFO Measurement at current 0.0004020100502512563
2023-03-29 18:06:24,317 INFO T:143.64Â°K V:2.0987e+00V I:4.0201e-04A R:5.2206e+03ğ›€ E:6.4776e+01V/cm J:1.7593e-02A/cm2 ğ›’:3.6818e+03ğ›€ cm
2023-03-29 18:06:24,339 INFO Measurement at current 0.0004522613065326633
2023-03-29 18:06:24,939 INFO T:143.63Â°K V:2.3158e+00V I:4.5226e-04A R:5.1204e+03ğ›€ E:7.1474e+01V/cm J:1.9793e-02A/cm2 ğ›’:3.6111e+03ğ›€ cm
2023-03-29 18:06:24,963 INFO Measurement at current 0.0005025125628140704
2023-03-29 18:06:25,566 INFO T:143.63Â°K V:2.5204e+00V I:5.0251e-04A R:5.0155e+03ğ›€ E:7.7789e+01V/cm J:2.1992e-02A/cm2 ğ›’:3.5372e+03ğ›€ cm
2023-03-29 18:06:25,585 INFO Measurement at current 0.0005527638190954774
2023-03-29 18:06:26,175 INFO T:143.62Â°K V:2.7143e+00V I:5.5276e-04A R:4.9104e+03ğ›€ E:8.3775e+01V/cm J:2.4191e-02A/cm2 ğ›’:3.4631e+03ğ›€ cm
2023-03-29 18:06:26,197 INFO Measurement at current 0.0006030150753768845
2023-03-29 18:06:26,781 INFO T:143.61Â°K V:2.9010e+00V I:6.0302e-04A R:4.8109e+03ğ›€ E:8.9538e+01V/cm J:2.6390e-02A/cm2 ğ›’:3.3929e+03ğ›€ cm
2023-03-29 18:06:26,820 INFO Measurement at current 0.0006532663316582914
2023-03-29 18:06:27,414 INFO T:143.61Â°K V:3.0766e+00V I:6.5327e-04A R:4.7096e+03ğ›€ E:9.4957e+01V/cm J:2.8589e-02A/cm2 ğ›’:3.3214e+03ğ›€ cm
2023-03-29 18:06:27,439 INFO Measurement at current 0.0007035175879396985
2023-03-29 18:06:28,036 INFO T:143.60Â°K V:3.2497e+00V I:7.0352e-04A R:4.6192e+03ğ›€ E:1.0030e+02V/cm J:3.0789e-02A/cm2 ğ›’:3.2577e+03ğ›€ cm
2023-03-29 18:06:28,054 INFO Measurement at current 0.0007537688442211055
2023-03-29 18:06:28,647 INFO T:143.59Â°K V:3.4103e+00V I:7.5377e-04A R:4.5244e+03ğ›€ E:1.0526e+02V/cm J:3.2988e-02A/cm2 ğ›’:3.1908e+03ğ›€ cm
2023-03-29 18:06:28,663 INFO Measurement at current 0.0008040201005025126
2023-03-29 18:06:29,253 INFO T:143.59Â°K V:3.5498e+00V I:8.0402e-04A R:4.4151e+03ğ›€ E:1.0956e+02V/cm J:3.5187e-02A/cm2 ğ›’:3.1137e+03ğ›€ cm
2023-03-29 18:06:29,275 INFO Measurement at current 0.0008542713567839197
2023-03-29 18:06:29,870 INFO T:143.58Â°K V:3.6839e+00V I:8.5427e-04A R:4.3124e+03ğ›€ E:1.1370e+02V/cm J:3.7386e-02A/cm2 ğ›’:3.0413e+03ğ›€ cm
2023-03-29 18:06:29,893 INFO Measurement at current 0.0009045226130653266
2023-03-29 18:06:30,494 INFO T:143.58Â°K V:3.8077e+00V I:9.0452e-04A R:4.2096e+03ğ›€ E:1.1752e+02V/cm J:3.9585e-02A/cm2 ğ›’:2.9688e+03ğ›€ cm
2023-03-29 18:06:30,517 INFO Measurement at current 0.0009547738693467337
2023-03-29 18:06:31,122 INFO T:143.57Â°K V:3.9275e+00V I:9.5477e-04A R:4.1135e+03ğ›€ E:1.2122e+02V/cm J:4.1784e-02A/cm2 ğ›’:2.9010e+03ğ›€ cm
2023-03-29 18:06:31,140 INFO Measurement at current 0.0010050251256281408
2023-03-29 18:06:31,725 INFO T:143.56Â°K V:4.0317e+00V I:1.0050e-03A R:4.0116e+03ğ›€ E:1.2444e+02V/cm J:4.3984e-02A/cm2 ğ›’:2.8291e+03ğ›€ cm
2023-03-29 18:06:31,739 INFO Measurement at current 0.0010552763819095478
2023-03-29 18:06:32,332 INFO T:143.56Â°K V:4.1418e+00V I:1.0553e-03A R:3.9249e+03ğ›€ E:1.2783e+02V/cm J:4.6183e-02A/cm2 ğ›’:2.7680e+03ğ›€ cm
2023-03-29 18:06:32,357 INFO Measurement at current 0.0011055276381909548
2023-03-29 18:06:32,957 INFO T:143.55Â°K V:4.2281e+00V I:1.1055e-03A R:3.8245e+03ğ›€ E:1.3050e+02V/cm J:4.8382e-02A/cm2 ğ›’:2.6972e+03ğ›€ cm
2023-03-29 18:06:32,980 INFO Measurement at current 0.0011557788944723617
2023-03-29 18:06:33,581 INFO T:143.54Â°K V:4.3031e+00V I:1.1558e-03A R:3.7231e+03ğ›€ E:1.3281e+02V/cm J:5.0581e-02A/cm2 ğ›’:2.6257e+03ğ›€ cm
2023-03-29 18:06:33,604 INFO Measurement at current 0.001206030150753769
2023-03-29 18:06:34,197 INFO T:143.54Â°K V:4.3690e+00V I:1.2060e-03A R:3.6227e+03ğ›€ E:1.3485e+02V/cm J:5.2780e-02A/cm2 ğ›’:2.5549e+03ğ›€ cm
2023-03-29 18:06:34,222 INFO Measurement at current 0.001256281407035176
2023-03-29 18:06:34,822 INFO T:143.53Â°K V:4.4453e+00V I:1.2563e-03A R:3.5384e+03ğ›€ E:1.3720e+02V/cm J:5.4979e-02A/cm2 ğ›’:2.4955e+03ğ›€ cm
2023-03-29 18:06:34,846 INFO Measurement at current 0.0013065326633165829
2023-03-29 18:06:35,433 INFO T:143.53Â°K V:4.5190e+00V I:1.3065e-03A R:3.4588e+03ğ›€ E:1.3947e+02V/cm J:5.7179e-02A/cm2 ğ›’:2.4393e+03ğ›€ cm
2023-03-29 18:06:35,455 INFO Measurement at current 0.00135678391959799
2023-03-29 18:06:36,049 INFO T:143.52Â°K V:4.5845e+00V I:1.3568e-03A R:3.3789e+03ğ›€ E:1.4150e+02V/cm J:5.9378e-02A/cm2 ğ›’:2.3830e+03ğ›€ cm
2023-03-29 18:06:36,072 INFO Measurement at current 0.001407035175879397
2023-03-29 18:06:36,674 INFO T:143.51Â°K V:4.6176e+00V I:1.4070e-03A R:3.2818e+03ğ›€ E:1.4252e+02V/cm J:6.1577e-02A/cm2 ğ›’:2.3145e+03ğ›€ cm
2023-03-29 18:06:36,696 INFO Measurement at current 0.001457286432160804
2023-03-29 18:06:37,287 INFO T:143.51Â°K V:4.6714e+00V I:1.4573e-03A R:3.2055e+03ğ›€ E:1.4418e+02V/cm J:6.3776e-02A/cm2 ğ›’:2.2607e+03ğ›€ cm
2023-03-29 18:06:37,304 INFO Measurement at current 0.001507537688442211
2023-03-29 18:06:37,895 INFO T:143.50Â°K V:4.7155e+00V I:1.5075e-03A R:3.1280e+03ğ›€ E:1.4554e+02V/cm J:6.5975e-02A/cm2 ğ›’:2.2060e+03ğ›€ cm
2023-03-29 18:06:37,920 INFO Measurement at current 0.0015577889447236182
2023-03-29 18:06:38,512 INFO T:143.49Â°K V:4.7557e+00V I:1.5578e-03A R:3.0529e+03ğ›€ E:1.4678e+02V/cm J:6.8175e-02A/cm2 ğ›’:2.1530e+03ğ›€ cm
2023-03-29 18:06:38,527 INFO Measurement at current 0.0016080402010050252
2023-03-29 18:06:39,119 INFO T:143.49Â°K V:4.7890e+00V I:1.6080e-03A R:2.9782e+03ğ›€ E:1.4781e+02V/cm J:7.0374e-02A/cm2 ğ›’:2.1003e+03ğ›€ cm
2023-03-29 18:06:39,137 INFO Measurement at current 0.0016582914572864321
2023-03-29 18:06:39,726 INFO T:143.48Â°K V:4.8142e+00V I:1.6583e-03A R:2.9031e+03ğ›€ E:1.4859e+02V/cm J:7.2573e-02A/cm2 ğ›’:2.0474e+03ğ›€ cm
2023-03-29 18:06:39,749 INFO Measurement at current 0.0017085427135678393
2023-03-29 18:06:40,349 INFO T:143.48Â°K V:4.8367e+00V I:1.7085e-03A R:2.8309e+03ğ›€ E:1.4928e+02V/cm J:7.4772e-02A/cm2 ğ›’:1.9965e+03ğ›€ cm
2023-03-29 18:06:40,366 INFO Measurement at current 0.0017587939698492463
2023-03-29 18:06:40,958 INFO T:143.47Â°K V:4.8662e+00V I:1.7588e-03A R:2.7668e+03ğ›€ E:1.5019e+02V/cm J:7.6971e-02A/cm2 ğ›’:1.9513e+03ğ›€ cm
2023-03-29 18:06:40,977 INFO Measurement at current 0.0018090452261306533
2023-03-29 18:06:41,566 INFO T:143.46Â°K V:4.8855e+00V I:1.8090e-03A R:2.7006e+03ğ›€ E:1.5079e+02V/cm J:7.9170e-02A/cm2 ğ›’:1.9046e+03ğ›€ cm
2023-03-29 18:06:41,584 INFO Measurement at current 0.0018592964824120603
2023-03-29 18:06:42,171 INFO T:143.46Â°K V:4.8956e+00V I:1.8593e-03A R:2.6330e+03ğ›€ E:1.5110e+02V/cm J:8.1370e-02A/cm2 ğ›’:1.8569e+03ğ›€ cm
2023-03-29 18:06:42,185 INFO Measurement at current 0.0019095477386934674
2023-03-29 18:06:42,790 INFO T:143.45Â°K V:4.9018e+00V I:1.9095e-03A R:2.5670e+03ğ›€ E:1.5129e+02V/cm J:8.3569e-02A/cm2 ğ›’:1.8104e+03ğ›€ cm
2023-03-29 18:06:42,816 INFO Measurement at current 0.001959798994974874
2023-03-29 18:06:43,424 INFO T:143.45Â°K V:4.9095e+00V I:1.9598e-03A R:2.5051e+03ğ›€ E:1.5153e+02V/cm J:8.5768e-02A/cm2 ğ›’:1.7667e+03ğ›€ cm
2023-03-29 18:06:43,451 INFO Measurement at current 0.0020100502512562816
2023-03-29 18:06:44,048 INFO T:143.44Â°K V:4.9171e+00V I:2.0101e-03A R:2.4462e+03ğ›€ E:1.5176e+02V/cm J:8.7967e-02A/cm2 ğ›’:1.7252e+03ğ›€ cm
2023-03-29 18:06:44,067 INFO Measurement at current 0.0020603015075376886
2023-03-29 18:06:44,668 INFO T:143.43Â°K V:4.9278e+00V I:2.0603e-03A R:2.3918e+03ğ›€ E:1.5209e+02V/cm J:9.0166e-02A/cm2 ğ›’:1.6868e+03ğ›€ cm
2023-03-29 18:06:44,683 INFO Measurement at current 0.0021105527638190956
2023-03-29 18:06:45,273 INFO T:143.43Â°K V:4.9505e+00V I:2.1106e-03A R:2.3456e+03ğ›€ E:1.5279e+02V/cm J:9.2366e-02A/cm2 ğ›’:1.6542e+03ğ›€ cm
2023-03-29 18:06:45,289 INFO Measurement at current 0.0021608040201005025
2023-03-29 18:06:45,881 INFO T:143.42Â°K V:4.9636e+00V I:2.1608e-03A R:2.2971e+03ğ›€ E:1.5320e+02V/cm J:9.4565e-02A/cm2 ğ›’:1.6200e+03ğ›€ cm
2023-03-29 18:06:45,904 INFO Measurement at current 0.0022110552763819095
2023-03-29 18:06:46,507 INFO T:143.41Â°K V:4.9826e+00V I:2.2111e-03A R:2.2535e+03ğ›€ E:1.5378e+02V/cm J:9.6764e-02A/cm2 ğ›’:1.5893e+03ğ›€ cm
2023-03-29 18:06:46,528 INFO Measurement at current 0.0022613065326633165
2023-03-29 18:06:47,133 INFO T:143.41Â°K V:4.9844e+00V I:2.2613e-03A R:2.2042e+03ğ›€ E:1.5384e+02V/cm J:9.8963e-02A/cm2 ğ›’:1.5545e+03ğ›€ cm
2023-03-29 18:06:47,152 INFO Measurement at current 0.0023115577889447235
2023-03-29 18:06:47,739 INFO T:143.40Â°K V:4.9925e+00V I:2.3116e-03A R:2.1598e+03ğ›€ E:1.5409e+02V/cm J:1.0116e-01A/cm2 ğ›’:1.5232e+03ğ›€ cm
2023-03-29 18:06:47,758 INFO Measurement at current 0.002361809045226131
2023-03-29 18:06:48,349 INFO T:143.40Â°K V:4.9976e+00V I:2.3618e-03A R:2.1160e+03ğ›€ E:1.5425e+02V/cm J:1.0336e-01A/cm2 ğ›’:1.4923e+03ğ›€ cm
2023-03-29 18:06:48,368 INFO Measurement at current 0.002412060301507538
2023-03-29 18:06:48,962 INFO T:143.39Â°K V:4.9499e+00V I:2.4121e-03A R:2.0522e+03ğ›€ E:1.5278e+02V/cm J:1.0556e-01A/cm2 ğ›’:1.4473e+03ğ›€ cm
2023-03-29 18:06:48,978 INFO Measurement at current 0.002462311557788945
2023-03-29 18:06:49,571 INFO T:143.38Â°K V:4.8272e+00V I:2.4623e-03A R:1.9604e+03ğ›€ E:1.4899e+02V/cm J:1.0776e-01A/cm2 ğ›’:1.3826e+03ğ›€ cm
2023-03-29 18:06:49,610 INFO Measurement at current 0.002512562814070352
2023-03-29 18:06:50,209 INFO T:143.38Â°K V:4.8277e+00V I:2.5126e-03A R:1.9214e+03ğ›€ E:1.4900e+02V/cm J:1.0996e-01A/cm2 ğ›’:1.3551e+03ğ›€ cm
2023-03-29 18:06:50,233 INFO Measurement at current 0.0025628140703517588
2023-03-29 18:06:50,834 INFO T:143.37Â°K V:4.8282e+00V I:2.5628e-03A R:1.8839e+03ğ›€ E:1.4902e+02V/cm J:1.1216e-01A/cm2 ğ›’:1.3286e+03ğ›€ cm
2023-03-29 18:06:50,853 INFO Measurement at current 0.0026130653266331657
2023-03-29 18:06:51,459 INFO T:143.37Â°K V:4.8197e+00V I:2.6131e-03A R:1.8445e+03ğ›€ E:1.4876e+02V/cm J:1.1436e-01A/cm2 ğ›’:1.3008e+03ğ›€ cm
2023-03-29 18:06:51,479 INFO Measurement at current 0.0026633165829145727
2023-03-29 18:06:52,081 INFO T:143.36Â°K V:4.8236e+00V I:2.6633e-03A R:1.8111e+03ğ›€ E:1.4888e+02V/cm J:1.1656e-01A/cm2 ğ›’:1.2773e+03ğ›€ cm
2023-03-29 18:06:52,104 INFO Measurement at current 0.00271356783919598
2023-03-29 18:06:52,695 INFO T:143.35Â°K V:4.8067e+00V I:2.7136e-03A R:1.7713e+03ğ›€ E:1.4835e+02V/cm J:1.1876e-01A/cm2 ğ›’:1.2492e+03ğ›€ cm
2023-03-29 18:06:52,741 INFO Measurement at current 0.002763819095477387
2023-03-29 18:06:53,336 INFO T:143.35Â°K V:4.8065e+00V I:2.7638e-03A R:1.7391e+03ğ›€ E:1.4835e+02V/cm J:1.2095e-01A/cm2 ğ›’:1.2265e+03ğ›€ cm
2023-03-29 18:06:53,354 INFO Measurement at current 0.002814070351758794
2023-03-29 18:06:53,940 INFO T:143.34Â°K V:4.8030e+00V I:2.8141e-03A R:1.7068e+03ğ›€ E:1.4824e+02V/cm J:1.2315e-01A/cm2 ğ›’:1.2037e+03ğ›€ cm
2023-03-29 18:06:53,960 INFO Measurement at current 0.002864321608040201
2023-03-29 18:06:54,544 INFO T:143.34Â°K V:4.8074e+00V I:2.8643e-03A R:1.6784e+03ğ›€ E:1.4838e+02V/cm J:1.2535e-01A/cm2 ğ›’:1.1837e+03ğ›€ cm
2023-03-29 18:06:54,558 INFO Measurement at current 0.002914572864321608
2023-03-29 18:06:55,154 INFO T:143.33Â°K V:4.8062e+00V I:2.9146e-03A R:1.6490e+03ğ›€ E:1.4834e+02V/cm J:1.2755e-01A/cm2 ğ›’:1.1630e+03ğ›€ cm
2023-03-29 18:06:55,169 INFO Measurement at current 0.002964824120603015
2023-03-29 18:06:55,757 INFO T:143.32Â°K V:4.8015e+00V I:2.9648e-03A R:1.6195e+03ğ›€ E:1.4820e+02V/cm J:1.2975e-01A/cm2 ğ›’:1.1422e+03ğ›€ cm
2023-03-29 18:06:55,783 INFO Measurement at current 0.003015075376884422
2023-03-29 18:06:56,383 INFO T:143.32Â°K V:4.7993e+00V I:3.0151e-03A R:1.5918e+03ğ›€ E:1.4813e+02V/cm J:1.3195e-01A/cm2 ğ›’:1.1226e+03ğ›€ cm
2023-03-29 18:06:56,406 INFO Measurement at current 0.0030653266331658294
2023-03-29 18:06:56,995 INFO T:143.31Â°K V:4.7916e+00V I:3.0653e-03A R:1.5632e+03ğ›€ E:1.4789e+02V/cm J:1.3415e-01A/cm2 ğ›’:1.1024e+03ğ›€ cm
2023-03-29 18:06:57,011 INFO Measurement at current 0.0031155778894472364
2023-03-29 18:06:57,600 INFO T:143.31Â°K V:4.7510e+00V I:3.1156e-03A R:1.5249e+03ğ›€ E:1.4663e+02V/cm J:1.3635e-01A/cm2 ğ›’:1.0754e+03ğ›€ cm
2023-03-29 18:06:57,617 INFO Measurement at current 0.0031658291457286433
2023-03-29 18:06:58,223 INFO T:143.30Â°K V:4.7449e+00V I:3.1658e-03A R:1.4988e+03ğ›€ E:1.4645e+02V/cm J:1.3855e-01A/cm2 ğ›’:1.0570e+03ğ›€ cm
2023-03-29 18:06:58,242 INFO Measurement at current 0.0032160804020100503
2023-03-29 18:06:58,834 INFO T:143.29Â°K V:4.7469e+00V I:3.2161e-03A R:1.4760e+03ğ›€ E:1.4651e+02V/cm J:1.4075e-01A/cm2 ğ›’:1.0409e+03ğ›€ cm
2023-03-29 18:06:58,857 INFO Measurement at current 0.0032663316582914573
2023-03-29 18:06:59,451 INFO T:143.29Â°K V:4.7613e+00V I:3.2663e-03A R:1.4577e+03ğ›€ E:1.4695e+02V/cm J:1.4295e-01A/cm2 ğ›’:1.0280e+03ğ›€ cm
2023-03-29 18:06:59,471 INFO Measurement at current 0.0033165829145728643
2023-03-29 18:07:00,067 INFO T:143.28Â°K V:4.7408e+00V I:3.3166e-03A R:1.4294e+03ğ›€ E:1.4632e+02V/cm J:1.4515e-01A/cm2 ğ›’:1.0081e+03ğ›€ cm
2023-03-29 18:07:00,112 INFO Measurement at current 0.0033668341708542712
2023-03-29 18:07:00,702 INFO T:143.28Â°K V:4.6774e+00V I:3.3668e-03A R:1.3893e+03ğ›€ E:1.4437e+02V/cm J:1.4735e-01A/cm2 ğ›’:9.7978e+02ğ›€ cm
2023-03-29 18:07:00,720 INFO Measurement at current 0.0034170854271356787
2023-03-29 18:07:01,304 INFO T:143.27Â°K V:4.6799e+00V I:3.4171e-03A R:1.3696e+03ğ›€ E:1.4444e+02V/cm J:1.4954e-01A/cm2 ğ›’:9.6587e+02ğ›€ cm
2023-03-29 18:07:01,321 INFO Measurement at current 0.0034673366834170856
2023-03-29 18:07:01,905 INFO T:143.26Â°K V:4.6931e+00V I:3.4673e-03A R:1.3535e+03ğ›€ E:1.4485e+02V/cm J:1.5174e-01A/cm2 ğ›’:9.5456e+02ğ›€ cm
2023-03-29 18:07:01,922 INFO Measurement at current 0.0035175879396984926
2023-03-29 18:07:02,520 INFO T:143.26Â°K V:4.6815e+00V I:3.5176e-03A R:1.3309e+03ğ›€ E:1.4449e+02V/cm J:1.5394e-01A/cm2 ğ›’:9.3860e+02ğ›€ cm
2023-03-29 18:07:02,539 INFO Measurement at current 0.0035678391959798996
2023-03-29 18:07:03,135 INFO T:143.25Â°K V:4.6893e+00V I:3.5678e-03A R:1.3143e+03ğ›€ E:1.4473e+02V/cm J:1.5614e-01A/cm2 ğ›’:9.2692e+02ğ›€ cm
2023-03-29 18:07:03,159 INFO Measurement at current 0.0036180904522613066
2023-03-29 18:07:03,756 INFO T:143.25Â°K V:4.6875e+00V I:3.6181e-03A R:1.2956e+03ğ›€ E:1.4468e+02V/cm J:1.5834e-01A/cm2 ğ›’:9.1370e+02ğ›€ cm
2023-03-29 18:07:03,782 INFO Measurement at current 0.0036683417085427135
2023-03-29 18:07:04,377 INFO T:143.24Â°K V:4.6731e+00V I:3.6683e-03A R:1.2739e+03ğ›€ E:1.4423e+02V/cm J:1.6054e-01A/cm2 ğ›’:8.9841e+02ğ›€ cm
2023-03-29 18:07:04,398 INFO Measurement at current 0.0037185929648241205
2023-03-29 18:07:04,989 INFO T:143.23Â°K V:4.6758e+00V I:3.7186e-03A R:1.2574e+03ğ›€ E:1.4432e+02V/cm J:1.6274e-01A/cm2 ğ›’:8.8679e+02ğ›€ cm
2023-03-29 18:07:05,011 INFO Measurement at current 0.003768844221105528
2023-03-29 18:07:05,602 INFO T:143.23Â°K V:4.7166e+00V I:3.7688e-03A R:1.2515e+03ğ›€ E:1.4557e+02V/cm J:1.6494e-01A/cm2 ğ›’:8.8259e+02ğ›€ cm
2023-03-29 18:07:05,620 INFO Measurement at current 0.003819095477386935
2023-03-29 18:07:06,243 INFO T:143.22Â°K V:4.7042e+00V I:3.8191e-03A R:1.2318e+03ğ›€ E:1.4519e+02V/cm J:1.6714e-01A/cm2 ğ›’:8.6870e+02ğ›€ cm
2023-03-29 18:07:06,263 INFO Measurement at current 0.003869346733668342
2023-03-29 18:07:06,853 INFO T:143.22Â°K V:4.6967e+00V I:3.8693e-03A R:1.2138e+03ğ›€ E:1.4496e+02V/cm J:1.6934e-01A/cm2 ğ›’:8.5604e+02ğ›€ cm
2023-03-29 18:07:06,868 INFO Measurement at current 0.003919597989949748
2023-03-29 18:07:07,459 INFO T:143.21Â°K V:4.7032e+00V I:3.9196e-03A R:1.1999e+03ğ›€ E:1.4516e+02V/cm J:1.7154e-01A/cm2 ğ›’:8.4624e+02ğ›€ cm
2023-03-29 18:07:07,496 INFO Measurement at current 0.003969849246231156
2023-03-29 18:07:08,082 INFO T:143.20Â°K V:4.6997e+00V I:3.9698e-03A R:1.1839e+03ğ›€ E:1.4505e+02V/cm J:1.7374e-01A/cm2 ğ›’:8.3491e+02ğ›€ cm
2023-03-29 18:07:08,099 INFO Measurement at current 0.004020100502512563
2023-03-29 18:07:08,738 INFO T:143.20Â°K V:4.7085e+00V I:4.0201e-03A R:1.1712e+03ğ›€ E:1.4532e+02V/cm J:1.7593e-01A/cm2 ğ›’:8.2601e+02ğ›€ cm
2023-03-29 18:07:08,767 INFO Measurement at current 0.00407035175879397
2023-03-29 18:07:09,359 INFO T:143.19Â°K V:4.6995e+00V I:4.0704e-03A R:1.1546e+03ğ›€ E:1.4505e+02V/cm J:1.7813e-01A/cm2 ğ›’:8.1426e+02ğ›€ cm
2023-03-29 18:07:09,375 INFO Measurement at current 0.004120603015075377
2023-03-29 18:07:09,963 INFO T:143.19Â°K V:4.5977e+00V I:4.1206e-03A R:1.1158e+03ğ›€ E:1.4190e+02V/cm J:1.8033e-01A/cm2 ğ›’:7.8690e+02ğ›€ cm
2023-03-29 18:07:09,981 INFO Measurement at current 0.004170854271356784
2023-03-29 18:07:10,579 INFO T:143.18Â°K V:4.6168e+00V I:4.1709e-03A R:1.1069e+03ğ›€ E:1.4249e+02V/cm J:1.8253e-01A/cm2 ğ›’:7.8066e+02ğ›€ cm
2023-03-29 18:07:10,617 INFO Measurement at current 0.004221105527638191
2023-03-29 18:07:11,201 INFO T:143.17Â°K V:4.6237e+00V I:4.2211e-03A R:1.0954e+03ğ›€ E:1.4271e+02V/cm J:1.8473e-01A/cm2 ğ›’:7.7252e+02ğ›€ cm
2023-03-29 18:07:11,218 INFO Measurement at current 0.004271356783919598
2023-03-29 18:07:11,806 INFO T:143.17Â°K V:4.6316e+00V I:4.2714e-03A R:1.0843e+03ğ›€ E:1.4295e+02V/cm J:1.8693e-01A/cm2 ğ›’:7.6472e+02ğ›€ cm
2023-03-29 18:07:11,822 INFO Measurement at current 0.004321608040201005
2023-03-29 18:07:12,412 INFO T:143.16Â°K V:4.6410e+00V I:4.3216e-03A R:1.0739e+03ğ›€ E:1.4324e+02V/cm J:1.8913e-01A/cm2 ğ›’:7.5737e+02ğ›€ cm
2023-03-29 18:07:12,430 INFO Measurement at current 0.004371859296482412
2023-03-29 18:07:13,023 INFO T:143.16Â°K V:4.6490e+00V I:4.3719e-03A R:1.0634e+03ğ›€ E:1.4349e+02V/cm J:1.9133e-01A/cm2 ğ›’:7.4995e+02ğ›€ cm
2023-03-29 18:07:13,046 INFO Measurement at current 0.004422110552763819
2023-03-29 18:07:13,647 INFO T:143.15Â°K V:4.6289e+00V I:4.4221e-03A R:1.0468e+03ğ›€ E:1.4287e+02V/cm J:1.9353e-01A/cm2 ğ›’:7.3822e+02ğ›€ cm
2023-03-29 18:07:13,664 INFO Measurement at current 0.004472361809045226
2023-03-29 18:07:14,257 INFO T:143.14Â°K V:4.6166e+00V I:4.4724e-03A R:1.0322e+03ğ›€ E:1.4249e+02V/cm J:1.9573e-01A/cm2 ğ›’:7.2799e+02ğ›€ cm
2023-03-29 18:07:14,288 INFO Measurement at current 0.004522613065326633
2023-03-29 18:07:14,882 INFO T:143.14Â°K V:4.6097e+00V I:4.5226e-03A R:1.0193e+03ğ›€ E:1.4227e+02V/cm J:1.9793e-01A/cm2 ğ›’:7.1883e+02ğ›€ cm
2023-03-29 18:07:14,912 INFO Measurement at current 0.00457286432160804
2023-03-29 18:07:15,507 INFO T:143.13Â°K V:4.6081e+00V I:4.5729e-03A R:1.0077e+03ğ›€ E:1.4223e+02V/cm J:2.0013e-01A/cm2 ğ›’:7.1068e+02ğ›€ cm
2023-03-29 18:07:15,542 INFO Measurement at current 0.004623115577889447
2023-03-29 18:07:16,131 INFO T:143.13Â°K V:4.6027e+00V I:4.6231e-03A R:9.9559e+02ğ›€ E:1.4206e+02V/cm J:2.0232e-01A/cm2 ğ›’:7.0214e+02ğ›€ cm
2023-03-29 18:07:16,160 INFO Measurement at current 0.004673366834170855
2023-03-29 18:07:16,747 INFO T:143.12Â°K V:4.6087e+00V I:4.6734e-03A R:9.8617e+02ğ›€ E:1.4225e+02V/cm J:2.0452e-01A/cm2 ğ›’:6.9549e+02ğ›€ cm
2023-03-29 18:07:16,764 INFO Measurement at current 0.004723618090452262
2023-03-29 18:07:17,348 INFO T:143.12Â°K V:4.6009e+00V I:4.7236e-03A R:9.7403e+02ğ›€ E:1.4200e+02V/cm J:2.0672e-01A/cm2 ğ›’:6.8693e+02ğ›€ cm
2023-03-29 18:07:17,386 INFO Measurement at current 0.004773869346733669
2023-03-29 18:07:18,000 INFO T:143.11Â°K V:4.6033e+00V I:4.7739e-03A R:9.6427e+02ğ›€ E:1.4208e+02V/cm J:2.0892e-01A/cm2 ğ›’:6.8005e+02ğ›€ cm
2023-03-29 18:07:18,016 INFO Measurement at current 0.004824120603015076
2023-03-29 18:07:18,606 INFO T:143.10Â°K V:4.6285e+00V I:4.8241e-03A R:9.5944e+02ğ›€ E:1.4285e+02V/cm J:2.1112e-01A/cm2 ğ›’:6.7665e+02ğ›€ cm
2023-03-29 18:07:18,630 INFO Measurement at current 0.004874371859296483
2023-03-29 18:07:19,227 INFO T:143.10Â°K V:4.6578e+00V I:4.8744e-03A R:9.5557e+02ğ›€ E:1.4376e+02V/cm J:2.1332e-01A/cm2 ğ›’:6.7391e+02ğ›€ cm
2023-03-29 18:07:19,247 INFO Measurement at current 0.00492462311557789
2023-03-29 18:07:19,832 INFO T:143.09Â°K V:4.5718e+00V I:4.9246e-03A R:9.2836e+02ğ›€ E:1.4111e+02V/cm J:2.1552e-01A/cm2 ğ›’:6.5472e+02ğ›€ cm
2023-03-29 18:07:19,848 INFO Measurement at current 0.004974874371859297
2023-03-29 18:07:20,432 INFO T:143.09Â°K V:4.5441e+00V I:4.9749e-03A R:9.1341e+02ğ›€ E:1.4025e+02V/cm J:2.1772e-01A/cm2 ğ›’:6.4418e+02ğ›€ cm
2023-03-29 18:07:20,467 INFO Measurement at current 0.005025125628140704
2023-03-29 18:07:21,059 INFO T:143.08Â°K V:4.5473e+00V I:5.0251e-03A R:9.0490e+02ğ›€ E:1.4035e+02V/cm J:2.1992e-01A/cm2 ğ›’:6.3818e+02ğ›€ cm
2023-03-29 18:07:21,077 INFO Measurement at current 0.005075376884422111
2023-03-29 18:07:21,662 INFO T:143.08Â°K V:4.5542e+00V I:5.0754e-03A R:8.9732e+02ğ›€ E:1.4056e+02V/cm J:2.2212e-01A/cm2 ğ›’:6.3283e+02ğ›€ cm
2023-03-29 18:07:21,682 INFO Measurement at current 0.0051256281407035175
2023-03-29 18:07:22,276 INFO T:143.07Â°K V:4.5779e+00V I:5.1256e-03A R:8.9314e+02ğ›€ E:1.4129e+02V/cm J:2.2432e-01A/cm2 ğ›’:6.2988e+02ğ›€ cm
2023-03-29 18:07:22,302 INFO Measurement at current 0.0051758793969849245
2023-03-29 18:07:22,886 INFO T:143.06Â°K V:4.5739e+00V I:5.1759e-03A R:8.8369e+02ğ›€ E:1.4117e+02V/cm J:2.2652e-01A/cm2 ğ›’:6.2322e+02ğ›€ cm
2023-03-29 18:07:22,902 INFO Measurement at current 0.0052261306532663315
2023-03-29 18:07:23,494 INFO T:143.06Â°K V:4.6098e+00V I:5.2261e-03A R:8.8206e+02ğ›€ E:1.4228e+02V/cm J:2.2871e-01A/cm2 ğ›’:6.2207e+02ğ›€ cm
2023-03-29 18:07:23,529 INFO Measurement at current 0.0052763819095477385
2023-03-29 18:07:24,125 INFO T:143.05Â°K V:4.5754e+00V I:5.2764e-03A R:8.6715e+02ğ›€ E:1.4122e+02V/cm J:2.3091e-01A/cm2 ğ›’:6.1156e+02ğ›€ cm
2023-03-29 18:07:24,163 INFO Measurement at current 0.0053266331658291454
2023-03-29 18:07:24,754 INFO T:143.05Â°K V:4.4303e+00V I:5.3266e-03A R:8.3172e+02ğ›€ E:1.3674e+02V/cm J:2.3311e-01A/cm2 ğ›’:5.8657e+02ğ›€ cm
2023-03-29 18:07:24,773 INFO Measurement at current 0.005376884422110553
2023-03-29 18:07:25,364 INFO T:143.04Â°K V:4.4296e+00V I:5.3769e-03A R:8.2383e+02ğ›€ E:1.3672e+02V/cm J:2.3531e-01A/cm2 ğ›’:5.8100e+02ğ›€ cm
2023-03-29 18:07:25,381 INFO Measurement at current 0.00542713567839196
2023-03-29 18:07:25,980 INFO T:143.03Â°K V:4.4193e+00V I:5.4271e-03A R:8.1430e+02ğ›€ E:1.3640e+02V/cm J:2.3751e-01A/cm2 ğ›’:5.7428e+02ğ›€ cm
2023-03-29 18:07:25,998 INFO Measurement at current 0.005477386934673367
2023-03-29 18:07:26,582 INFO T:143.03Â°K V:4.4264e+00V I:5.4774e-03A R:8.0812e+02ğ›€ E:1.3662e+02V/cm J:2.3971e-01A/cm2 ğ›’:5.6993e+02ğ›€ cm
2023-03-29 18:07:26,603 INFO Measurement at current 0.005527638190954774
2023-03-29 18:07:27,187 INFO T:143.02Â°K V:4.4168e+00V I:5.5276e-03A R:7.9903e+02ğ›€ E:1.3632e+02V/cm J:2.4191e-01A/cm2 ğ›’:5.6352e+02ğ›€ cm
2023-03-29 18:07:27,211 INFO Measurement at current 0.005577889447236181
2023-03-29 18:07:27,800 INFO T:143.02Â°K V:4.4217e+00V I:5.5779e-03A R:7.9272e+02ğ›€ E:1.3647e+02V/cm J:2.4411e-01A/cm2 ğ›’:5.5906e+02ğ›€ cm
2023-03-29 18:07:27,824 INFO Measurement at current 0.005628140703517588
2023-03-29 18:07:28,425 INFO T:143.01Â°K V:4.4479e+00V I:5.6281e-03A R:7.9030e+02ğ›€ E:1.3728e+02V/cm J:2.4631e-01A/cm2 ğ›’:5.5736e+02ğ›€ cm
2023-03-29 18:07:28,444 INFO Measurement at current 0.005678391959798995
2023-03-29 18:07:29,030 INFO T:143.01Â°K V:4.4664e+00V I:5.6784e-03A R:7.8657e+02ğ›€ E:1.3785e+02V/cm J:2.4851e-01A/cm2 ğ›’:5.5472e+02ğ›€ cm
2023-03-29 18:07:29,046 INFO Measurement at current 0.005728643216080402
2023-03-29 18:07:29,630 INFO T:143.00Â°K V:4.4636e+00V I:5.7286e-03A R:7.7917e+02ğ›€ E:1.3777e+02V/cm J:2.5071e-01A/cm2 ğ›’:5.4951e+02ğ›€ cm
2023-03-29 18:07:29,645 INFO Measurement at current 0.005778894472361809
2023-03-29 18:07:30,230 INFO T:142.99Â°K V:4.4852e+00V I:5.7789e-03A R:7.7613e+02ğ›€ E:1.3843e+02V/cm J:2.5291e-01A/cm2 ğ›’:5.4736e+02ğ›€ cm
2023-03-29 18:07:30,245 INFO Measurement at current 0.005829145728643216
2023-03-29 18:07:30,829 INFO T:142.99Â°K V:4.4491e+00V I:5.8291e-03A R:7.6326e+02ğ›€ E:1.3732e+02V/cm J:2.5510e-01A/cm2 ğ›’:5.3828e+02ğ›€ cm
2023-03-29 18:07:30,847 INFO Measurement at current 0.005879396984924623
2023-03-29 18:07:31,443 INFO T:142.98Â°K V:4.4651e+00V I:5.8794e-03A R:7.5944e+02ğ›€ E:1.3781e+02V/cm J:2.5730e-01A/cm2 ğ›’:5.3559e+02ğ›€ cm
2023-03-29 18:07:31,465 INFO Measurement at current 0.00592964824120603
2023-03-29 18:07:32,077 INFO T:142.98Â°K V:4.4609e+00V I:5.9296e-03A R:7.5230e+02ğ›€ E:1.3768e+02V/cm J:2.5950e-01A/cm2 ğ›’:5.3055e+02ğ›€ cm
2023-03-29 18:07:32,096 INFO Measurement at current 0.005979899497487437
2023-03-29 18:07:32,699 INFO T:142.97Â°K V:4.4378e+00V I:5.9799e-03A R:7.4212e+02ğ›€ E:1.3697e+02V/cm J:2.6170e-01A/cm2 ğ›’:5.2338e+02ğ›€ cm
2023-03-29 18:07:32,714 INFO Measurement at current 0.006030150753768844
2023-03-29 18:07:33,298 INFO T:142.97Â°K V:4.4288e+00V I:6.0302e-03A R:7.3445e+02ğ›€ E:1.3669e+02V/cm J:2.6390e-01A/cm2 ğ›’:5.1797e+02ğ›€ cm
2023-03-29 18:07:33,326 INFO Measurement at current 0.006080402010050252
2023-03-29 18:07:33,917 INFO T:142.96Â°K V:4.4259e+00V I:6.0804e-03A R:7.2789e+02ğ›€ E:1.3660e+02V/cm J:2.6610e-01A/cm2 ğ›’:5.1334e+02ğ›€ cm
2023-03-29 18:07:33,942 INFO Measurement at current 0.006130653266331659
2023-03-29 18:07:34,547 INFO T:142.95Â°K V:4.4237e+00V I:6.1307e-03A R:7.2157e+02ğ›€ E:1.3653e+02V/cm J:2.6830e-01A/cm2 ğ›’:5.0888e+02ğ›€ cm
2023-03-29 18:07:34,566 INFO Measurement at current 0.006180904522613066
2023-03-29 18:07:35,159 INFO T:142.95Â°K V:4.4005e+00V I:6.1809e-03A R:7.1195e+02ğ›€ E:1.3582e+02V/cm J:2.7050e-01A/cm2 ğ›’:5.0210e+02ğ›€ cm
2023-03-29 18:07:35,182 INFO Measurement at current 0.006231155778894473
2023-03-29 18:07:35,782 INFO T:142.94Â°K V:4.3666e+00V I:6.2312e-03A R:7.0077e+02ğ›€ E:1.3477e+02V/cm J:2.7270e-01A/cm2 ğ›’:4.9421e+02ğ›€ cm
2023-03-29 18:07:35,808 INFO Measurement at current 0.00628140703517588
2023-03-29 18:07:36,392 INFO T:142.94Â°K V:4.3735e+00V I:6.2814e-03A R:6.9626e+02ğ›€ E:1.3498e+02V/cm J:2.7490e-01A/cm2 ğ›’:4.9104e+02ğ›€ cm
2023-03-29 18:07:36,407 INFO Measurement at current 0.006331658291457287
2023-03-29 18:07:37,005 INFO T:142.93Â°K V:4.3317e+00V I:6.3317e-03A R:6.8414e+02ğ›€ E:1.3369e+02V/cm J:2.7710e-01A/cm2 ğ›’:4.8248e+02ğ›€ cm
2023-03-29 18:07:37,021 INFO Measurement at current 0.006381909547738694
2023-03-29 18:07:37,605 INFO T:142.93Â°K V:4.3557e+00V I:6.3819e-03A R:6.8251e+02ğ›€ E:1.3444e+02V/cm J:2.7930e-01A/cm2 ğ›’:4.8134e+02ğ›€ cm
2023-03-29 18:07:37,620 INFO Measurement at current 0.006432160804020101
2023-03-29 18:07:38,205 INFO T:142.92Â°K V:4.3237e+00V I:6.4322e-03A R:6.7221e+02ğ›€ E:1.3345e+02V/cm J:2.8150e-01A/cm2 ğ›’:4.7407e+02ğ›€ cm
2023-03-29 18:07:38,240 INFO Measurement at current 0.006482412060301508
2023-03-29 18:07:38,831 INFO T:142.91Â°K V:4.3145e+00V I:6.4824e-03A R:6.6557e+02ğ›€ E:1.3316e+02V/cm J:2.8369e-01A/cm2 ğ›’:4.6939e+02ğ›€ cm
2023-03-29 18:07:38,858 INFO Measurement at current 0.006532663316582915
2023-03-29 18:07:39,449 INFO T:142.91Â°K V:4.3141e+00V I:6.5327e-03A R:6.6038e+02ğ›€ E:1.3315e+02V/cm J:2.8589e-01A/cm2 ğ›’:4.6573e+02ğ›€ cm
2023-03-29 18:07:39,483 INFO Measurement at current 0.0065829145728643216
2023-03-29 18:07:40,083 INFO T:142.90Â°K V:4.3071e+00V I:6.5829e-03A R:6.5429e+02ğ›€ E:1.3294e+02V/cm J:2.8809e-01A/cm2 ğ›’:4.6144e+02ğ›€ cm
2023-03-29 18:07:40,103 INFO Measurement at current 0.0066331658291457285
2023-03-29 18:07:40,695 INFO T:142.90Â°K V:4.3132e+00V I:6.6332e-03A R:6.5025e+02ğ›€ E:1.3312e+02V/cm J:2.9029e-01A/cm2 ğ›’:4.5859e+02ğ›€ cm
2023-03-29 18:07:40,715 INFO Measurement at current 0.0066834170854271355
2023-03-29 18:07:41,318 INFO T:142.89Â°K V:4.2904e+00V I:6.6834e-03A R:6.4194e+02ğ›€ E:1.3242e+02V/cm J:2.9249e-01A/cm2 ğ›’:4.5273e+02ğ›€ cm
2023-03-29 18:07:41,341 INFO Measurement at current 0.0067336683417085425
2023-03-29 18:07:41,945 INFO T:142.89Â°K V:4.2851e+00V I:6.7337e-03A R:6.3638e+02ğ›€ E:1.3226e+02V/cm J:2.9469e-01A/cm2 ğ›’:4.4880e+02ğ›€ cm
2023-03-29 18:07:41,970 INFO Measurement at current 0.0067839195979899495
2023-03-29 18:07:42,559 INFO T:142.88Â°K V:4.3063e+00V I:6.7839e-03A R:6.3478e+02ğ›€ E:1.3291e+02V/cm J:2.9689e-01A/cm2 ğ›’:4.4768e+02ğ›€ cm
2023-03-29 18:07:42,587 INFO Measurement at current 0.006834170854271357
2023-03-29 18:07:43,186 INFO T:142.87Â°K V:4.2917e+00V I:6.8342e-03A R:6.2798e+02ğ›€ E:1.3246e+02V/cm J:2.9909e-01A/cm2 ğ›’:4.4288e+02ğ›€ cm
2023-03-29 18:07:43,216 INFO Measurement at current 0.006884422110552764
2023-03-29 18:07:43,809 INFO T:142.87Â°K V:4.3066e+00V I:6.8844e-03A R:6.2556e+02ğ›€ E:1.3292e+02V/cm J:3.0129e-01A/cm2 ğ›’:4.4117e+02ğ›€ cm
2023-03-29 18:07:43,833 INFO Measurement at current 0.006934673366834171
2023-03-29 18:07:44,438 INFO T:142.86Â°K V:4.3067e+00V I:6.9347e-03A R:6.2103e+02ğ›€ E:1.3292e+02V/cm J:3.0349e-01A/cm2 ğ›’:4.3798e+02ğ›€ cm
2023-03-29 18:07:44,464 INFO Measurement at current 0.006984924623115578
2023-03-29 18:07:45,065 INFO T:142.86Â°K V:4.3167e+00V I:6.9849e-03A R:6.1800e+02ğ›€ E:1.3323e+02V/cm J:3.0569e-01A/cm2 ğ›’:4.3584e+02ğ›€ cm
2023-03-29 18:07:45,092 INFO Measurement at current 0.007035175879396985
2023-03-29 18:07:45,691 INFO T:142.85Â°K V:4.3327e+00V I:7.0352e-03A R:6.1586e+02ğ›€ E:1.3372e+02V/cm J:3.0789e-01A/cm2 ğ›’:4.3433e+02ğ›€ cm
2023-03-29 18:07:45,723 INFO Measurement at current 0.007085427135678392
2023-03-29 18:07:46,335 INFO T:142.85Â°K V:4.3326e+00V I:7.0854e-03A R:6.1149e+02ğ›€ E:1.3372e+02V/cm J:3.1008e-01A/cm2 ğ›’:4.3125e+02ğ›€ cm
2023-03-29 18:07:46,350 INFO Measurement at current 0.007135678391959799
2023-03-29 18:07:46,963 INFO T:142.84Â°K V:4.3275e+00V I:7.1357e-03A R:6.0646e+02ğ›€ E:1.3357e+02V/cm J:3.1228e-01A/cm2 ğ›’:4.2770e+02ğ›€ cm
2023-03-29 18:07:46,983 INFO Measurement at current 0.007185929648241206
2023-03-29 18:07:47,593 INFO T:142.83Â°K V:4.3019e+00V I:7.1859e-03A R:5.9866e+02ğ›€ E:1.3278e+02V/cm J:3.1448e-01A/cm2 ğ›’:4.2220e+02ğ›€ cm
2023-03-29 18:07:47,608 INFO Measurement at current 0.007236180904522613
2023-03-29 18:07:48,210 INFO T:142.83Â°K V:4.4175e+00V I:7.2362e-03A R:6.1048e+02ğ›€ E:1.3634e+02V/cm J:3.1668e-01A/cm2 ğ›’:4.3054e+02ğ›€ cm
2023-03-29 18:07:48,231 INFO Measurement at current 0.00728643216080402
2023-03-29 18:07:48,816 INFO T:142.82Â°K V:4.5248e+00V I:7.2864e-03A R:6.2099e+02ğ›€ E:1.3965e+02V/cm J:3.1888e-01A/cm2 ğ›’:4.3795e+02ğ›€ cm
2023-03-29 18:07:48,832 INFO Measurement at current 0.007336683417085427
2023-03-29 18:07:49,435 INFO T:142.82Â°K V:4.5216e+00V I:7.3367e-03A R:6.1631e+02ğ›€ E:1.3956e+02V/cm J:3.2108e-01A/cm2 ğ›’:4.3465e+02ğ›€ cm
2023-03-29 18:07:49,456 INFO Measurement at current 0.007386934673366834
2023-03-29 18:07:50,050 INFO T:142.81Â°K V:4.5660e+00V I:7.3869e-03A R:6.1811e+02ğ›€ E:1.4092e+02V/cm J:3.2328e-01A/cm2 ğ›’:4.3592e+02ğ›€ cm
2023-03-29 18:07:50,090 INFO Measurement at current 0.007437185929648241
2023-03-29 18:07:50,704 INFO T:142.80Â°K V:4.6652e+00V I:7.4372e-03A R:6.2729e+02ğ›€ E:1.4399e+02V/cm J:3.2548e-01A/cm2 ğ›’:4.4239e+02ğ›€ cm
2023-03-29 18:07:50,733 INFO Measurement at current 0.007487437185929648
2023-03-29 18:07:51,342 INFO T:142.80Â°K V:4.5680e+00V I:7.4874e-03A R:6.1009e+02ğ›€ E:1.4099e+02V/cm J:3.2768e-01A/cm2 ğ›’:4.3026e+02ğ›€ cm
2023-03-29 18:07:51,368 INFO Measurement at current 0.007537688442211056
2023-03-29 18:07:51,978 INFO T:142.79Â°K V:4.5587e+00V I:7.5377e-03A R:6.0479e+02ğ›€ E:1.4070e+02V/cm J:3.2988e-01A/cm2 ğ›’:4.2653e+02ğ›€ cm
2023-03-29 18:07:51,997 INFO Measurement at current 0.007587939698492463
2023-03-29 18:07:52,586 INFO T:142.79Â°K V:4.5748e+00V I:7.5879e-03A R:6.0290e+02ğ›€ E:1.4120e+02V/cm J:3.3208e-01A/cm2 ğ›’:4.2519e+02ğ›€ cm
2023-03-29 18:07:52,610 INFO Measurement at current 0.00763819095477387
2023-03-29 18:07:53,209 INFO T:142.78Â°K V:4.5814e+00V I:7.6382e-03A R:5.9980e+02ğ›€ E:1.4140e+02V/cm J:3.3428e-01A/cm2 ğ›’:4.2301e+02ğ›€ cm
2023-03-29 18:07:53,230 INFO Measurement at current 0.007688442211055277
2023-03-29 18:07:53,827 INFO T:142.78Â°K V:4.2596e+00V I:7.6884e-03A R:5.5403e+02ğ›€ E:1.3147e+02V/cm J:3.3647e-01A/cm2 ğ›’:3.9073e+02ğ›€ cm
2023-03-29 18:07:53,845 INFO Measurement at current 0.007738693467336684
2023-03-29 18:07:54,448 INFO T:142.77Â°K V:4.0251e+00V I:7.7387e-03A R:5.2013e+02ğ›€ E:1.2423e+02V/cm J:3.3867e-01A/cm2 ğ›’:3.6682e+02ğ›€ cm
2023-03-29 18:07:54,465 INFO Measurement at current 0.007788944723618091
2023-03-29 18:07:55,058 INFO T:142.77Â°K V:4.0858e+00V I:7.7889e-03A R:5.2456e+02ğ›€ E:1.2610e+02V/cm J:3.4087e-01A/cm2 ğ›’:3.6994e+02ğ›€ cm
2023-03-29 18:07:55,074 INFO Measurement at current 0.007839195979899497
2023-03-29 18:07:55,678 INFO T:142.76Â°K V:4.5851e+00V I:7.8392e-03A R:5.8490e+02ğ›€ E:1.4152e+02V/cm J:3.4307e-01A/cm2 ğ›’:4.1250e+02ğ›€ cm
2023-03-29 18:07:55,697 INFO Measurement at current 0.007889447236180906
2023-03-29 18:07:56,291 INFO T:142.75Â°K V:4.5187e+00V I:7.8894e-03A R:5.7275e+02ğ›€ E:1.3947e+02V/cm J:3.4527e-01A/cm2 ğ›’:4.0393e+02ğ›€ cm
2023-03-29 18:07:56,306 INFO Measurement at current 0.007939698492462312
2023-03-29 18:07:56,903 INFO T:142.75Â°K V:4.6147e+00V I:7.9397e-03A R:5.8122e+02ğ›€ E:1.4243e+02V/cm J:3.4747e-01A/cm2 ğ›’:4.0990e+02ğ›€ cm
2023-03-29 18:07:56,917 INFO Measurement at current 0.00798994974874372
2023-03-29 18:07:57,520 INFO T:142.74Â°K V:4.5660e+00V I:7.9899e-03A R:5.7147e+02ğ›€ E:1.4093e+02V/cm J:3.4967e-01A/cm2 ğ›’:4.0303e+02ğ›€ cm
2023-03-29 18:07:57,541 INFO Measurement at current 0.008040201005025126
2023-03-29 18:07:58,138 INFO T:142.74Â°K V:4.5869e+00V I:8.0402e-03A R:5.7049e+02ğ›€ E:1.4157e+02V/cm J:3.5187e-01A/cm2 ğ›’:4.0234e+02ğ›€ cm
2023-03-29 18:07:58,157 INFO Measurement at current 0.008090452261306533
2023-03-29 18:07:58,770 INFO T:142.73Â°K V:4.5843e+00V I:8.0905e-03A R:5.6663e+02ğ›€ E:1.4149e+02V/cm J:3.5407e-01A/cm2 ğ›’:3.9961e+02ğ›€ cm
2023-03-29 18:07:58,786 INFO Measurement at current 0.00814070351758794
2023-03-29 18:07:59,383 INFO T:142.73Â°K V:4.4963e+00V I:8.1407e-03A R:5.5233e+02ğ›€ E:1.3878e+02V/cm J:3.5627e-01A/cm2 ğ›’:3.8953e+02ğ›€ cm
2023-03-29 18:07:59,409 INFO Measurement at current 0.008190954773869347
2023-03-29 18:08:00,009 INFO T:142.72Â°K V:4.3342e+00V I:8.1910e-03A R:5.2914e+02ğ›€ E:1.3377e+02V/cm J:3.5847e-01A/cm2 ğ›’:3.7317e+02ğ›€ cm
2023-03-29 18:08:00,033 INFO Measurement at current 0.008241206030150754
2023-03-29 18:08:00,632 INFO T:142.71Â°K V:3.9422e+00V I:8.2412e-03A R:4.7836e+02ğ›€ E:1.2167e+02V/cm J:3.6067e-01A/cm2 ğ›’:3.3736e+02ğ›€ cm
2023-03-29 18:08:00,649 INFO Measurement at current 0.008291457286432161
2023-03-29 18:08:01,234 INFO T:142.71Â°K V:3.5707e+00V I:8.2915e-03A R:4.3065e+02ğ›€ E:1.1021e+02V/cm J:3.6286e-01A/cm2 ğ›’:3.0371e+02ğ›€ cm
2023-03-29 18:08:01,270 INFO Measurement at current 0.008341708542713568
2023-03-29 18:08:01,858 INFO T:142.70Â°K V:3.5890e+00V I:8.3417e-03A R:4.3025e+02ğ›€ E:1.1077e+02V/cm J:3.6506e-01A/cm2 ğ›’:3.0343e+02ğ›€ cm
2023-03-29 18:08:01,898 INFO Measurement at current 0.008391959798994975
2023-03-29 18:08:02,484 INFO T:142.70Â°K V:3.6474e+00V I:8.3920e-03A R:4.3463e+02ğ›€ E:1.1257e+02V/cm J:3.6726e-01A/cm2 ğ›’:3.0652e+02ğ›€ cm
2023-03-29 18:08:02,508 INFO Measurement at current 0.008442211055276382
2023-03-29 18:08:03,146 INFO T:142.69Â°K V:3.7859e+00V I:8.4422e-03A R:4.4845e+02ğ›€ E:1.1685e+02V/cm J:3.6946e-01A/cm2 ğ›’:3.1627e+02ğ›€ cm
2023-03-29 18:08:03,163 INFO Measurement at current 0.00849246231155779
2023-03-29 18:08:03,754 INFO T:142.69Â°K V:3.7680e+00V I:8.4925e-03A R:4.4369e+02ğ›€ E:1.1630e+02V/cm J:3.7166e-01A/cm2 ğ›’:3.1291e+02ğ›€ cm
2023-03-29 18:08:03,773 INFO Measurement at current 0.008542713567839196
2023-03-29 18:08:04,368 INFO T:142.68Â°K V:3.7888e+00V I:8.5427e-03A R:4.4351e+02ğ›€ E:1.1694e+02V/cm J:3.7386e-01A/cm2 ğ›’:3.1279e+02ğ›€ cm
2023-03-29 18:08:04,391 INFO Measurement at current 0.008592964824120603
2023-03-29 18:08:04,978 INFO T:142.68Â°K V:3.7823e+00V I:8.5930e-03A R:4.4016e+02ğ›€ E:1.1674e+02V/cm J:3.7606e-01A/cm2 ğ›’:3.1042e+02ğ›€ cm
2023-03-29 18:08:05,011 INFO Measurement at current 0.00864321608040201
2023-03-29 18:08:05,630 INFO T:142.67Â°K V:3.7883e+00V I:8.6432e-03A R:4.3830e+02ğ›€ E:1.1692e+02V/cm J:3.7826e-01A/cm2 ğ›’:3.0911e+02ğ›€ cm
2023-03-29 18:08:05,663 INFO Measurement at current 0.008693467336683417
2023-03-29 18:08:06,249 INFO T:142.66Â°K V:3.8043e+00V I:8.6935e-03A R:4.3761e+02ğ›€ E:1.1742e+02V/cm J:3.8046e-01A/cm2 ğ›’:3.0862e+02ğ›€ cm
2023-03-29 18:08:06,274 INFO Measurement at current 0.008743718592964824
2023-03-29 18:08:06,871 INFO T:142.66Â°K V:3.8212e+00V I:8.7437e-03A R:4.3702e+02ğ›€ E:1.1794e+02V/cm J:3.8266e-01A/cm2 ğ›’:3.0821e+02ğ›€ cm
2023-03-29 18:08:06,891 INFO Measurement at current 0.008793969849246231
2023-03-29 18:08:07,482 INFO T:142.65Â°K V:3.7962e+00V I:8.7940e-03A R:4.3168e+02ğ›€ E:1.1717e+02V/cm J:3.8486e-01A/cm2 ğ›’:3.0444e+02ğ›€ cm
2023-03-29 18:08:07,496 INFO Measurement at current 0.008844221105527638
2023-03-29 18:08:08,102 INFO T:142.65Â°K V:3.8190e+00V I:8.8442e-03A R:4.3181e+02ğ›€ E:1.1787e+02V/cm J:3.8706e-01A/cm2 ğ›’:3.0453e+02ğ›€ cm
2023-03-29 18:08:08,124 INFO Measurement at current 0.008894472361809045
2023-03-29 18:08:08,713 INFO T:142.64Â°K V:3.7872e+00V I:8.8945e-03A R:4.2580e+02ğ›€ E:1.1689e+02V/cm J:3.8925e-01A/cm2 ğ›’:3.0029e+02ğ›€ cm
2023-03-29 18:08:08,735 INFO Measurement at current 0.008944723618090452
2023-03-29 18:08:09,324 INFO T:142.64Â°K V:3.7706e+00V I:8.9447e-03A R:4.2154e+02ğ›€ E:1.1638e+02V/cm J:3.9145e-01A/cm2 ğ›’:2.9729e+02ğ›€ cm
2023-03-29 18:08:09,347 INFO Measurement at current 0.008994974874371859
2023-03-29 18:08:09,942 INFO T:142.63Â°K V:3.7418e+00V I:8.9950e-03A R:4.1598e+02ğ›€ E:1.1549e+02V/cm J:3.9365e-01A/cm2 ğ›’:2.9337e+02ğ›€ cm
2023-03-29 18:08:09,976 INFO Measurement at current 0.009045226130653266
2023-03-29 18:08:10,570 INFO T:142.62Â°K V:3.7340e+00V I:9.0452e-03A R:4.1282e+02ğ›€ E:1.1525e+02V/cm J:3.9585e-01A/cm2 ğ›’:2.9114e+02ğ›€ cm
2023-03-29 18:08:10,589 INFO Measurement at current 0.009095477386934673
2023-03-29 18:08:11,181 INFO T:142.62Â°K V:3.7134e+00V I:9.0955e-03A R:4.0827e+02ğ›€ E:1.1461e+02V/cm J:3.9805e-01A/cm2 ğ›’:2.8793e+02ğ›€ cm
2023-03-29 18:08:11,205 INFO Measurement at current 0.00914572864321608
2023-03-29 18:08:11,794 INFO T:142.61Â°K V:3.7100e+00V I:9.1457e-03A R:4.0566e+02ğ›€ E:1.1451e+02V/cm J:4.0025e-01A/cm2 ğ›’:2.8609e+02ğ›€ cm
2023-03-29 18:08:11,817 INFO Measurement at current 0.009195979899497487
2023-03-29 18:08:12,411 INFO T:142.61Â°K V:3.7046e+00V I:9.1960e-03A R:4.0285e+02ğ›€ E:1.1434e+02V/cm J:4.0245e-01A/cm2 ğ›’:2.8411e+02ğ›€ cm
2023-03-29 18:08:12,434 INFO Measurement at current 0.009246231155778894
2023-03-29 18:08:13,021 INFO T:142.60Â°K V:3.6746e+00V I:9.2462e-03A R:3.9741e+02ğ›€ E:1.1341e+02V/cm J:4.0465e-01A/cm2 ğ›’:2.8027e+02ğ›€ cm
2023-03-29 18:08:13,052 INFO Measurement at current 0.009296482412060303
2023-03-29 18:08:13,658 INFO T:142.60Â°K V:3.6668e+00V I:9.2965e-03A R:3.9443e+02ğ›€ E:1.1317e+02V/cm J:4.0685e-01A/cm2 ğ›’:2.7817e+02ğ›€ cm
2023-03-29 18:08:13,702 INFO Measurement at current 0.00934673366834171
2023-03-29 18:08:14,287 INFO T:142.59Â°K V:3.6846e+00V I:9.3467e-03A R:3.9421e+02ğ›€ E:1.1372e+02V/cm J:4.0905e-01A/cm2 ğ›’:2.7802e+02ğ›€ cm
2023-03-29 18:08:14,303 INFO Measurement at current 0.009396984924623117
2023-03-29 18:08:14,905 INFO T:142.59Â°K V:3.6474e+00V I:9.3970e-03A R:3.8814e+02ğ›€ E:1.1257e+02V/cm J:4.1125e-01A/cm2 ğ›’:2.7374e+02ğ›€ cm
2023-03-29 18:08:14,937 INFO Measurement at current 0.009447236180904523
2023-03-29 18:08:15,540 INFO T:142.58Â°K V:3.6493e+00V I:9.4472e-03A R:3.8628e+02ğ›€ E:1.1263e+02V/cm J:4.1345e-01A/cm2 ğ›’:2.7242e+02ğ›€ cm
2023-03-29 18:08:15,556 INFO Measurement at current 0.00949748743718593
2023-03-29 18:08:16,145 INFO T:142.57Â°K V:3.6487e+00V I:9.4975e-03A R:3.8418e+02ğ›€ E:1.1261e+02V/cm J:4.1564e-01A/cm2 ğ›’:2.7094e+02ğ›€ cm
2023-03-29 18:08:16,172 INFO Measurement at current 0.009547738693467337
2023-03-29 18:08:16,777 INFO T:142.57Â°K V:3.6448e+00V I:9.5477e-03A R:3.8174e+02ğ›€ E:1.1249e+02V/cm J:4.1784e-01A/cm2 ğ›’:2.6922e+02ğ›€ cm
2023-03-29 18:08:16,796 INFO Measurement at current 0.009597989949748744
2023-03-29 18:08:17,383 INFO T:142.56Â°K V:3.6433e+00V I:9.5980e-03A R:3.7959e+02ğ›€ E:1.1245e+02V/cm J:4.2004e-01A/cm2 ğ›’:2.6770e+02ğ›€ cm
2023-03-29 18:08:17,418 INFO Measurement at current 0.009648241206030151
2023-03-29 18:08:18,015 INFO T:142.56Â°K V:3.6502e+00V I:9.6482e-03A R:3.7833e+02ğ›€ E:1.1266e+02V/cm J:4.2224e-01A/cm2 ğ›’:2.6682e+02ğ›€ cm
2023-03-29 18:08:18,033 INFO Measurement at current 0.009698492462311558
2023-03-29 18:08:18,622 INFO T:142.55Â°K V:3.6636e+00V I:9.6985e-03A R:3.7775e+02ğ›€ E:1.1308e+02V/cm J:4.2444e-01A/cm2 ğ›’:2.6641e+02ğ›€ cm
2023-03-29 18:08:18,637 INFO Measurement at current 0.009748743718592965
2023-03-29 18:08:19,225 INFO T:142.55Â°K V:3.6534e+00V I:9.7487e-03A R:3.7476e+02ğ›€ E:1.1276e+02V/cm J:4.2664e-01A/cm2 ğ›’:2.6429e+02ğ›€ cm
2023-03-29 18:08:19,244 INFO Measurement at current 0.009798994974874372
2023-03-29 18:08:19,838 INFO T:142.54Â°K V:3.6938e+00V I:9.7990e-03A R:3.7696e+02ğ›€ E:1.1401e+02V/cm J:4.2884e-01A/cm2 ğ›’:2.6585e+02ğ›€ cm
2023-03-29 18:08:19,869 INFO Measurement at current 0.00984924623115578
2023-03-29 18:08:20,459 INFO T:142.54Â°K V:3.7310e+00V I:9.8492e-03A R:3.7881e+02ğ›€ E:1.1515e+02V/cm J:4.3104e-01A/cm2 ğ›’:2.6715e+02ğ›€ cm
2023-03-29 18:08:20,480 INFO Measurement at current 0.009899497487437186
2023-03-29 18:08:21,099 INFO T:142.53Â°K V:3.7348e+00V I:9.8995e-03A R:3.7728e+02ğ›€ E:1.1527e+02V/cm J:4.3324e-01A/cm2 ğ›’:2.6607e+02ğ›€ cm
2023-03-29 18:08:21,119 INFO Measurement at current 0.009949748743718593
2023-03-29 18:08:21,716 INFO T:142.52Â°K V:3.8012e+00V I:9.9497e-03A R:3.8204e+02ğ›€ E:1.1732e+02V/cm J:4.3544e-01A/cm2 ğ›’:2.6943e+02ğ›€ cm
2023-03-29 18:08:21,737 INFO Measurement at current 0.01
2023-03-29 18:08:22,348 INFO T:142.52Â°K V:3.5386e+00V I:1.0000e-02A R:3.5386e+02ğ›€ E:1.0922e+02V/cm J:4.3764e-01A/cm2 ğ›’:2.4956e+02ğ›€ cm
2023-03-29 18:08:35,292 INFO Save the description file
2023-03-29 18:08:35,295 INFO Save data in numpy format Esperimenti/CPRO_MUSA_290323_I_V/CPRO_MUSA_290323_I_V_current_from_0_to_100e-4A/CPRO_MUSA_290323_I_V_current_from_0_to_100e-4A-20230329180833
2023-03-29 18:08:35,304 INFO Save data in CSV format Esperimenti/CPRO_MUSA_290323_I_V/CPRO_MUSA_290323_I_V_current_from_0_to_100e-4A/CPRO_MUSA_290323_I_V_current_from_0_to_100e-4A-20230329180833.csv
2023-03-29 18:08:35,323 INFO Save plot as image Esperimenti/CPRO_MUSA_290323_I_V/CPRO_MUSA_290323_I_V_current_from_0_to_100e-4A/CPRO_MUSA_290323_I_V_current_from_0_to_100e-4A-20230329180833.png
