2023-03-29 11:08:27,927 INFO ### Start experiment: CPRO_MUSA_290323_I_V current from 0 to 100e-4A ###
2023-03-29 11:08:29,275 INFO Found Multimeter KEITHLEY INSTRUMENTS INC.,MODEL 2700,0884890,B03  /A02  

2023-03-29 11:08:30,313 INFO Found Nanovolt Meter KEITHLEY INSTRUMENTS INC.,MODEL 2182A,4056474,C03  /A02  

2023-03-29 11:08:30,439 INFO Found Source Meter KEITHLEY INSTRUMENTS INC.,MODEL 2400,0945684,C24   Feb 14 2002 11:59:45/A02  /K/H

2023-03-29 11:08:30,578 INFO Start the measurement loop
2023-03-29 11:08:35,950 INFO Measurement at current 0.0
2023-03-29 11:08:36,879 INFO T:281.16Â°K V:-1.1527e-05V I:0.0000e+00A R:-infğ›€ E:-3.5578e-04V/cm J:0.0000e+00A/cm2 ğ›’:-infğ›€ cm
2023-03-29 11:08:36,895 INFO Measurement at current 5.0251256281407036e-05
2023-03-29 11:08:37,501 INFO T:281.16Â°K V:7.8795e-04V I:5.0251e-05A R:1.5680e+01ğ›€ E:2.4320e-02V/cm J:2.1992e-03A/cm2 ğ›’:1.1058e+01ğ›€ cm
2023-03-29 11:08:37,523 INFO Measurement at current 0.00010050251256281407
2023-03-29 11:08:38,125 INFO T:281.15Â°K V:1.5842e-03V I:1.0050e-04A R:1.5763e+01ğ›€ E:4.8896e-02V/cm J:4.3984e-03A/cm2 ğ›’:1.1117e+01ğ›€ cm
2023-03-29 11:08:38,142 INFO Measurement at current 0.00015075376884422112
2023-03-29 11:08:38,736 INFO T:281.15Â°K V:2.3820e-03V I:1.5075e-04A R:1.5801e+01ğ›€ E:7.3520e-02V/cm J:6.5975e-03A/cm2 ğ›’:1.1144e+01ğ›€ cm
2023-03-29 11:08:38,752 INFO Measurement at current 0.00020100502512562814
2023-03-29 11:08:39,349 INFO T:281.15Â°K V:3.1731e-03V I:2.0101e-04A R:1.5786e+01ğ›€ E:9.7935e-02V/cm J:8.7967e-03A/cm2 ğ›’:1.1133e+01ğ›€ cm
2023-03-29 11:08:39,367 INFO Measurement at current 0.0002512562814070352
2023-03-29 11:08:39,958 INFO T:281.15Â°K V:3.9691e-03V I:2.5126e-04A R:1.5797e+01ğ›€ E:1.2250e-01V/cm J:1.0996e-02A/cm2 ğ›’:1.1141e+01ğ›€ cm
2023-03-29 11:08:39,976 INFO Measurement at current 0.00030150753768844223
2023-03-29 11:08:40,571 INFO T:281.15Â°K V:4.7650e-03V I:3.0151e-04A R:1.5804e+01ğ›€ E:1.4707e-01V/cm J:1.3195e-02A/cm2 ğ›’:1.1146e+01ğ›€ cm
2023-03-29 11:08:40,595 INFO Measurement at current 0.00035175879396984926
2023-03-29 11:08:41,202 INFO T:281.14Â°K V:5.5589e-03V I:3.5176e-04A R:1.5803e+01ğ›€ E:1.7157e-01V/cm J:1.5394e-02A/cm2 ğ›’:1.1145e+01ğ›€ cm
2023-03-29 11:08:41,238 INFO Measurement at current 0.0004020100502512563
2023-03-29 11:08:41,847 INFO T:281.14Â°K V:6.3532e-03V I:4.0201e-04A R:1.5804e+01ğ›€ E:1.9609e-01V/cm J:1.7593e-02A/cm2 ğ›’:1.1145e+01ğ›€ cm
2023-03-29 11:08:41,867 INFO Measurement at current 0.0004522613065326633
2023-03-29 11:08:42,477 INFO T:281.14Â°K V:7.1375e-03V I:4.5226e-04A R:1.5782e+01ğ›€ E:2.2029e-01V/cm J:1.9793e-02A/cm2 ğ›’:1.1130e+01ğ›€ cm
2023-03-29 11:08:42,493 INFO Measurement at current 0.0005025125628140704
2023-03-29 11:08:43,086 INFO T:281.14Â°K V:7.9252e-03V I:5.0251e-04A R:1.5771e+01ğ›€ E:2.4460e-01V/cm J:2.1992e-02A/cm2 ğ›’:1.1123e+01ğ›€ cm
2023-03-29 11:08:43,103 INFO Measurement at current 0.0005527638190954774
2023-03-29 11:08:43,700 INFO T:281.14Â°K V:8.7252e-03V I:5.5276e-04A R:1.5785e+01ğ›€ E:2.6930e-01V/cm J:2.4191e-02A/cm2 ğ›’:1.1132e+01ğ›€ cm
2023-03-29 11:08:43,725 INFO Measurement at current 0.0006030150753768845
2023-03-29 11:08:44,325 INFO T:281.13Â°K V:9.5013e-03V I:6.0302e-04A R:1.5756e+01ğ›€ E:2.9325e-01V/cm J:2.6390e-02A/cm2 ğ›’:1.1112e+01ğ›€ cm
2023-03-29 11:08:44,368 INFO Measurement at current 0.0006532663316582914
2023-03-29 11:08:44,973 INFO T:281.13Â°K V:1.0287e-02V I:6.5327e-04A R:1.5746e+01ğ›€ E:3.1749e-01V/cm J:2.8589e-02A/cm2 ğ›’:1.1105e+01ğ›€ cm
2023-03-29 11:08:44,991 INFO Measurement at current 0.0007035175879396985
2023-03-29 11:08:45,586 INFO T:281.13Â°K V:1.1083e-02V I:7.0352e-04A R:1.5753e+01ğ›€ E:3.4206e-01V/cm J:3.0789e-02A/cm2 ğ›’:1.1110e+01ğ›€ cm
2023-03-29 11:08:45,601 INFO Measurement at current 0.0007537688442211055
2023-03-29 11:08:46,197 INFO T:281.13Â°K V:1.1874e-02V I:7.5377e-04A R:1.5753e+01ğ›€ E:3.6649e-01V/cm J:3.2988e-02A/cm2 ğ›’:1.1110e+01ğ›€ cm
2023-03-29 11:08:46,211 INFO Measurement at current 0.0008040201005025126
2023-03-29 11:08:47,648 INFO T:281.12Â°K V:1.2643e-02V I:8.0402e-04A R:1.5725e+01ğ›€ E:3.9023e-01V/cm J:3.5187e-02A/cm2 ğ›’:1.1090e+01ğ›€ cm
2023-03-29 11:08:47,669 INFO Measurement at current 0.0008542713567839197
2023-03-29 11:08:48,256 INFO T:281.12Â°K V:1.3449e-02V I:8.5427e-04A R:1.5744e+01ğ›€ E:4.1510e-01V/cm J:3.7386e-02A/cm2 ğ›’:1.1103e+01ğ›€ cm
2023-03-29 11:08:48,280 INFO Measurement at current 0.0009045226130653266
2023-03-29 11:08:48,881 INFO T:281.12Â°K V:1.4238e-02V I:9.0452e-04A R:1.5741e+01ğ›€ E:4.3944e-01V/cm J:3.9585e-02A/cm2 ğ›’:1.1101e+01ğ›€ cm
2023-03-29 11:08:48,904 INFO Measurement at current 0.0009547738693467337
2023-03-29 11:08:49,507 INFO T:281.12Â°K V:1.5011e-02V I:9.5477e-04A R:1.5722e+01ğ›€ E:4.6329e-01V/cm J:4.1784e-02A/cm2 ğ›’:1.1088e+01ğ›€ cm
2023-03-29 11:08:49,528 INFO Measurement at current 0.0010050251256281408
2023-03-29 11:08:50,114 INFO T:281.12Â°K V:1.5793e-02V I:1.0050e-03A R:1.5714e+01ğ›€ E:4.8744e-01V/cm J:4.3984e-02A/cm2 ğ›’:1.1082e+01ğ›€ cm
2023-03-29 11:08:50,134 INFO Measurement at current 0.0010552763819095478
2023-03-29 11:08:50,722 INFO T:281.11Â°K V:1.6578e-02V I:1.0553e-03A R:1.5709e+01ğ›€ E:5.1166e-01V/cm J:4.6183e-02A/cm2 ğ›’:1.1079e+01ğ›€ cm
2023-03-29 11:08:50,736 INFO Measurement at current 0.0011055276381909548
2023-03-29 11:08:51,337 INFO T:281.11Â°K V:1.7359e-02V I:1.1055e-03A R:1.5702e+01ğ›€ E:5.3577e-01V/cm J:4.8382e-02A/cm2 ğ›’:1.1074e+01ğ›€ cm
2023-03-29 11:08:51,360 INFO Measurement at current 0.0011557788944723617
2023-03-29 11:08:51,965 INFO T:281.11Â°K V:1.8154e-02V I:1.1558e-03A R:1.5707e+01ğ›€ E:5.6030e-01V/cm J:5.0581e-02A/cm2 ğ›’:1.1077e+01ğ›€ cm
2023-03-29 11:08:52,001 INFO Measurement at current 0.001206030150753769
2023-03-29 11:08:52,598 INFO T:281.11Â°K V:1.8929e-02V I:1.2060e-03A R:1.5696e+01ğ›€ E:5.8424e-01V/cm J:5.2780e-02A/cm2 ğ›’:1.1069e+01ğ›€ cm
2023-03-29 11:08:52,623 INFO Measurement at current 0.001256281407035176
2023-03-29 11:08:53,223 INFO T:281.11Â°K V:1.9719e-02V I:1.2563e-03A R:1.5697e+01ğ›€ E:6.0863e-01V/cm J:5.4979e-02A/cm2 ğ›’:1.1070e+01ğ›€ cm
2023-03-29 11:08:53,249 INFO Measurement at current 0.0013065326633165829
2023-03-29 11:08:53,849 INFO T:281.10Â°K V:2.0497e-02V I:1.3065e-03A R:1.5688e+01ğ›€ E:6.3262e-01V/cm J:5.7179e-02A/cm2 ğ›’:1.1064e+01ğ›€ cm
2023-03-29 11:08:53,864 INFO Measurement at current 0.00135678391959799
2023-03-29 11:08:54,452 INFO T:281.10Â°K V:2.1290e-02V I:1.3568e-03A R:1.5692e+01ğ›€ E:6.5711e-01V/cm J:5.9378e-02A/cm2 ğ›’:1.1067e+01ğ›€ cm
2023-03-29 11:08:54,474 INFO Measurement at current 0.001407035175879397
2023-03-29 11:08:55,077 INFO T:281.10Â°K V:2.2075e-02V I:1.4070e-03A R:1.5689e+01ğ›€ E:6.8133e-01V/cm J:6.1577e-02A/cm2 ğ›’:1.1065e+01ğ›€ cm
2023-03-29 11:08:55,098 INFO Measurement at current 0.001457286432160804
2023-03-29 11:08:55,696 INFO T:281.10Â°K V:2.2874e-02V I:1.4573e-03A R:1.5696e+01ğ›€ E:7.0598e-01V/cm J:6.3776e-02A/cm2 ğ›’:1.1070e+01ğ›€ cm
2023-03-29 11:08:55,712 INFO Measurement at current 0.001507537688442211
2023-03-29 11:08:56,301 INFO T:281.10Â°K V:2.3666e-02V I:1.5075e-03A R:1.5699e+01ğ›€ E:7.3044e-01V/cm J:6.5975e-02A/cm2 ğ›’:1.1071e+01ğ›€ cm
2023-03-29 11:08:56,319 INFO Measurement at current 0.0015577889447236182
2023-03-29 11:08:56,906 INFO T:281.09Â°K V:2.4464e-02V I:1.5578e-03A R:1.5705e+01ğ›€ E:7.5507e-01V/cm J:6.8175e-02A/cm2 ğ›’:1.1076e+01ğ›€ cm
2023-03-29 11:08:56,922 INFO Measurement at current 0.0016080402010050252
2023-03-29 11:08:57,510 INFO T:281.09Â°K V:2.5245e-02V I:1.6080e-03A R:1.5699e+01ğ›€ E:7.7917e-01V/cm J:7.0374e-02A/cm2 ğ›’:1.1072e+01ğ›€ cm
2023-03-29 11:08:57,533 INFO Measurement at current 0.0016582914572864321
2023-03-29 11:08:58,135 INFO T:281.09Â°K V:2.6035e-02V I:1.6583e-03A R:1.5700e+01ğ›€ E:8.0354e-01V/cm J:7.2573e-02A/cm2 ğ›’:1.1072e+01ğ›€ cm
2023-03-29 11:08:58,160 INFO Measurement at current 0.0017085427135678393
2023-03-29 11:08:58,751 INFO T:281.09Â°K V:2.6811e-02V I:1.7085e-03A R:1.5692e+01ğ›€ E:8.2750e-01V/cm J:7.4772e-02A/cm2 ğ›’:1.1067e+01ğ›€ cm
2023-03-29 11:08:58,778 INFO Measurement at current 0.0017587939698492463
2023-03-29 11:08:59,380 INFO T:281.09Â°K V:2.7621e-02V I:1.7588e-03A R:1.5705e+01ğ›€ E:8.5251e-01V/cm J:7.6971e-02A/cm2 ğ›’:1.1076e+01ğ›€ cm
2023-03-29 11:08:59,407 INFO Measurement at current 0.0018090452261306533
2023-03-29 11:08:59,999 INFO T:281.08Â°K V:2.8399e-02V I:1.8090e-03A R:1.5699e+01ğ›€ E:8.7652e-01V/cm J:7.9170e-02A/cm2 ğ›’:1.1071e+01ğ›€ cm
2023-03-29 11:09:00,016 INFO Measurement at current 0.0018592964824120603
2023-03-29 11:09:00,600 INFO T:281.08Â°K V:2.9185e-02V I:1.8593e-03A R:1.5697e+01ğ›€ E:9.0078e-01V/cm J:8.1370e-02A/cm2 ğ›’:1.1070e+01ğ›€ cm
2023-03-29 11:09:00,619 INFO Measurement at current 0.0019095477386934674
2023-03-29 11:09:01,215 INFO T:281.08Â°K V:2.9942e-02V I:1.9095e-03A R:1.5680e+01ğ›€ E:9.2413e-01V/cm J:8.3569e-02A/cm2 ğ›’:1.1058e+01ğ›€ cm
2023-03-29 11:09:01,237 INFO Measurement at current 0.001959798994974874
2023-03-29 11:09:01,839 INFO T:281.08Â°K V:3.0731e-02V I:1.9598e-03A R:1.5681e+01ğ›€ E:9.4850e-01V/cm J:8.5768e-02A/cm2 ğ›’:1.1059e+01ğ›€ cm
2023-03-29 11:09:01,857 INFO Measurement at current 0.0020100502512562816
2023-03-29 11:09:02,450 INFO T:281.08Â°K V:3.1519e-02V I:2.0101e-03A R:1.5681e+01ğ›€ E:9.7280e-01V/cm J:8.7967e-02A/cm2 ğ›’:1.1059e+01ğ›€ cm
2023-03-29 11:09:02,471 INFO Measurement at current 0.0020603015075376886
2023-03-29 11:09:03,058 INFO T:281.08Â°K V:3.2325e-02V I:2.0603e-03A R:1.5689e+01ğ›€ E:9.9768e-01V/cm J:9.0166e-02A/cm2 ğ›’:1.1065e+01ğ›€ cm
2023-03-29 11:09:03,075 INFO Measurement at current 0.0021105527638190956
2023-03-29 11:09:03,668 INFO T:281.07Â°K V:3.3082e-02V I:2.1106e-03A R:1.5674e+01ğ›€ E:1.0210e+00V/cm J:9.2366e-02A/cm2 ğ›’:1.1054e+01ğ›€ cm
2023-03-29 11:09:03,683 INFO Measurement at current 0.0021608040201005025
2023-03-29 11:09:04,268 INFO T:281.07Â°K V:3.3882e-02V I:2.1608e-03A R:1.5680e+01ğ›€ E:1.0457e+00V/cm J:9.4565e-02A/cm2 ğ›’:1.1058e+01ğ›€ cm
2023-03-29 11:09:04,290 INFO Measurement at current 0.0022110552763819095
2023-03-29 11:09:04,889 INFO T:281.07Â°K V:3.4708e-02V I:2.2111e-03A R:1.5697e+01ğ›€ E:1.0712e+00V/cm J:9.6764e-02A/cm2 ğ›’:1.1070e+01ğ›€ cm
2023-03-29 11:09:04,908 INFO Measurement at current 0.0022613065326633165
2023-03-29 11:09:05,511 INFO T:281.07Â°K V:3.5499e-02V I:2.2613e-03A R:1.5699e+01ğ›€ E:1.0957e+00V/cm J:9.8963e-02A/cm2 ğ›’:1.1071e+01ğ›€ cm
2023-03-29 11:09:05,529 INFO Measurement at current 0.0023115577889447235
2023-03-29 11:09:06,118 INFO T:281.07Â°K V:3.6273e-02V I:2.3116e-03A R:1.5692e+01ğ›€ E:1.1195e+00V/cm J:1.0116e-01A/cm2 ğ›’:1.1067e+01ğ›€ cm
2023-03-29 11:09:06,136 INFO Measurement at current 0.002361809045226131
2023-03-29 11:09:06,735 INFO T:281.06Â°K V:3.7067e-02V I:2.3618e-03A R:1.5694e+01ğ›€ E:1.1440e+00V/cm J:1.0336e-01A/cm2 ğ›’:1.1068e+01ğ›€ cm
2023-03-29 11:09:06,750 INFO Measurement at current 0.002412060301507538
2023-03-29 11:09:07,356 INFO T:281.06Â°K V:3.7875e-02V I:2.4121e-03A R:1.5702e+01ğ›€ E:1.1690e+00V/cm J:1.0556e-01A/cm2 ğ›’:1.1074e+01ğ›€ cm
2023-03-29 11:09:07,381 INFO Measurement at current 0.002462311557788945
2023-03-29 11:09:07,988 INFO T:281.06Â°K V:3.8660e-02V I:2.4623e-03A R:1.5701e+01ğ›€ E:1.1932e+00V/cm J:1.0776e-01A/cm2 ğ›’:1.1073e+01ğ›€ cm
2023-03-29 11:09:08,019 INFO Measurement at current 0.002512562814070352
2023-03-29 11:09:08,616 INFO T:281.06Â°K V:3.9427e-02V I:2.5126e-03A R:1.5692e+01ğ›€ E:1.2169e+00V/cm J:1.0996e-01A/cm2 ğ›’:1.1067e+01ğ›€ cm
2023-03-29 11:09:08,644 INFO Measurement at current 0.0025628140703517588
2023-03-29 11:09:09,242 INFO T:281.06Â°K V:4.0250e-02V I:2.5628e-03A R:1.5705e+01ğ›€ E:1.2423e+00V/cm J:1.1216e-01A/cm2 ğ›’:1.1076e+01ğ›€ cm
2023-03-29 11:09:09,258 INFO Measurement at current 0.0026130653266331657
2023-03-29 11:09:09,843 INFO T:281.05Â°K V:4.1025e-02V I:2.6131e-03A R:1.5700e+01ğ›€ E:1.2662e+00V/cm J:1.1436e-01A/cm2 ğ›’:1.1072e+01ğ›€ cm
2023-03-29 11:09:09,859 INFO Measurement at current 0.0026633165829145727
2023-03-29 11:09:10,467 INFO T:281.05Â°K V:4.1818e-02V I:2.6633e-03A R:1.5701e+01ğ›€ E:1.2907e+00V/cm J:1.1656e-01A/cm2 ğ›’:1.1073e+01ğ›€ cm
2023-03-29 11:09:10,489 INFO Measurement at current 0.00271356783919598
2023-03-29 11:09:11,089 INFO T:281.05Â°K V:4.2623e-02V I:2.7136e-03A R:1.5707e+01ğ›€ E:1.3155e+00V/cm J:1.1876e-01A/cm2 ğ›’:1.1078e+01ğ›€ cm
2023-03-29 11:09:11,106 INFO Measurement at current 0.002763819095477387
2023-03-29 11:09:11,704 INFO T:281.05Â°K V:4.3406e-02V I:2.7638e-03A R:1.5705e+01ğ›€ E:1.3397e+00V/cm J:1.2095e-01A/cm2 ğ›’:1.1076e+01ğ›€ cm
2023-03-29 11:09:11,722 INFO Measurement at current 0.002814070351758794
2023-03-29 11:09:12,319 INFO T:281.05Â°K V:4.4206e-02V I:2.8141e-03A R:1.5709e+01ğ›€ E:1.3644e+00V/cm J:1.2315e-01A/cm2 ğ›’:1.1079e+01ğ›€ cm
2023-03-29 11:09:12,338 INFO Measurement at current 0.002864321608040201
2023-03-29 11:09:12,940 INFO T:281.05Â°K V:4.4983e-02V I:2.8643e-03A R:1.5705e+01ğ›€ E:1.3884e+00V/cm J:1.2535e-01A/cm2 ğ›’:1.1076e+01ğ›€ cm
2023-03-29 11:09:12,964 INFO Measurement at current 0.002914572864321608
2023-03-29 11:09:13,567 INFO T:281.04Â°K V:4.5785e-02V I:2.9146e-03A R:1.5709e+01ğ›€ E:1.4131e+00V/cm J:1.2755e-01A/cm2 ğ›’:1.1079e+01ğ›€ cm
2023-03-29 11:09:13,590 INFO Measurement at current 0.002964824120603015
2023-03-29 11:09:14,192 INFO T:281.04Â°K V:4.6563e-02V I:2.9648e-03A R:1.5705e+01ğ›€ E:1.4371e+00V/cm J:1.2975e-01A/cm2 ğ›’:1.1076e+01ğ›€ cm
2023-03-29 11:09:14,209 INFO Measurement at current 0.003015075376884422
2023-03-29 11:09:14,814 INFO T:281.04Â°K V:4.7311e-02V I:3.0151e-03A R:1.5692e+01ğ›€ E:1.4602e+00V/cm J:1.3195e-01A/cm2 ğ›’:1.1066e+01ğ›€ cm
2023-03-29 11:09:14,829 INFO Measurement at current 0.0030653266331658294
2023-03-29 11:09:15,425 INFO T:281.04Â°K V:4.8106e-02V I:3.0653e-03A R:1.5694e+01ğ›€ E:1.4848e+00V/cm J:1.3415e-01A/cm2 ğ›’:1.1068e+01ğ›€ cm
2023-03-29 11:09:15,452 INFO Measurement at current 0.0031155778894472364
2023-03-29 11:09:16,044 INFO T:281.04Â°K V:4.8857e-02V I:3.1156e-03A R:1.5682e+01ğ›€ E:1.5079e+00V/cm J:1.3635e-01A/cm2 ğ›’:1.1059e+01ğ›€ cm
2023-03-29 11:09:16,060 INFO Measurement at current 0.0031658291457286433
2023-03-29 11:09:16,649 INFO T:281.03Â°K V:4.9636e-02V I:3.1658e-03A R:1.5679e+01ğ›€ E:1.5320e+00V/cm J:1.3855e-01A/cm2 ğ›’:1.1057e+01ğ›€ cm
2023-03-29 11:09:16,665 INFO Measurement at current 0.0032160804020100503
2023-03-29 11:09:17,256 INFO T:281.03Â°K V:5.0418e-02V I:3.2161e-03A R:1.5677e+01ğ›€ E:1.5561e+00V/cm J:1.4075e-01A/cm2 ğ›’:1.1056e+01ğ›€ cm
2023-03-29 11:09:17,272 INFO Measurement at current 0.0032663316582914573
2023-03-29 11:09:17,868 INFO T:281.03Â°K V:5.1208e-02V I:3.2663e-03A R:1.5678e+01ğ›€ E:1.5805e+00V/cm J:1.4295e-01A/cm2 ğ›’:1.1057e+01ğ›€ cm
2023-03-29 11:09:17,888 INFO Measurement at current 0.0033165829145728643
2023-03-29 11:09:18,484 INFO T:281.03Â°K V:5.2004e-02V I:3.3166e-03A R:1.5680e+01ğ›€ E:1.6051e+00V/cm J:1.4515e-01A/cm2 ğ›’:1.1058e+01ğ›€ cm
2023-03-29 11:09:18,502 INFO Measurement at current 0.0033668341708542712
2023-03-29 11:09:19,087 INFO T:281.03Â°K V:5.2786e-02V I:3.3668e-03A R:1.5678e+01ğ›€ E:1.6292e+00V/cm J:1.4735e-01A/cm2 ğ›’:1.1057e+01ğ›€ cm
2023-03-29 11:09:19,102 INFO Measurement at current 0.0034170854271356787
2023-03-29 11:09:19,687 INFO T:281.02Â°K V:5.3565e-02V I:3.4171e-03A R:1.5676e+01ğ›€ E:1.6532e+00V/cm J:1.4954e-01A/cm2 ğ›’:1.1055e+01ğ›€ cm
2023-03-29 11:09:19,713 INFO Measurement at current 0.0034673366834170856
2023-03-29 11:09:20,303 INFO T:281.02Â°K V:5.4336e-02V I:3.4673e-03A R:1.5671e+01ğ›€ E:1.6770e+00V/cm J:1.5174e-01A/cm2 ğ›’:1.1052e+01ğ›€ cm
2023-03-29 11:09:20,339 INFO Measurement at current 0.0035175879396984926
2023-03-29 11:09:20,934 INFO T:281.02Â°K V:5.5093e-02V I:3.5176e-03A R:1.5662e+01ğ›€ E:1.7004e+00V/cm J:1.5394e-01A/cm2 ğ›’:1.1046e+01ğ›€ cm
2023-03-29 11:09:20,952 INFO Measurement at current 0.0035678391959798996
2023-03-29 11:09:21,543 INFO T:281.02Â°K V:5.5871e-02V I:3.5678e-03A R:1.5659e+01ğ›€ E:1.7244e+00V/cm J:1.5614e-01A/cm2 ğ›’:1.1044e+01ğ›€ cm
2023-03-29 11:09:21,563 INFO Measurement at current 0.0036180904522613066
2023-03-29 11:09:22,152 INFO T:281.02Â°K V:5.6650e-02V I:3.6181e-03A R:1.5657e+01ğ›€ E:1.7485e+00V/cm J:1.5834e-01A/cm2 ğ›’:1.1042e+01ğ›€ cm
2023-03-29 11:09:22,167 INFO Measurement at current 0.0036683417085427135
2023-03-29 11:09:22,755 INFO T:281.02Â°K V:5.7439e-02V I:3.6683e-03A R:1.5658e+01ğ›€ E:1.7728e+00V/cm J:1.6054e-01A/cm2 ğ›’:1.1043e+01ğ›€ cm
2023-03-29 11:09:22,772 INFO Measurement at current 0.0037185929648241205
2023-03-29 11:09:23,366 INFO T:281.01Â°K V:5.8229e-02V I:3.7186e-03A R:1.5659e+01ğ›€ E:1.7972e+00V/cm J:1.6274e-01A/cm2 ğ›’:1.1043e+01ğ›€ cm
2023-03-29 11:09:23,383 INFO Measurement at current 0.003768844221105528
2023-03-29 11:09:23,980 INFO T:281.01Â°K V:5.9044e-02V I:3.7688e-03A R:1.5666e+01ğ›€ E:1.8223e+00V/cm J:1.6494e-01A/cm2 ğ›’:1.1049e+01ğ›€ cm
2023-03-29 11:09:24,004 INFO Measurement at current 0.003819095477386935
2023-03-29 11:09:24,601 INFO T:281.01Â°K V:5.9814e-02V I:3.8191e-03A R:1.5662e+01ğ›€ E:1.8461e+00V/cm J:1.6714e-01A/cm2 ğ›’:1.1045e+01ğ›€ cm
2023-03-29 11:09:24,620 INFO Measurement at current 0.003869346733668342
2023-03-29 11:09:25,215 INFO T:281.01Â°K V:6.0606e-02V I:3.8693e-03A R:1.5663e+01ğ›€ E:1.8706e+00V/cm J:1.6934e-01A/cm2 ğ›’:1.1046e+01ğ›€ cm
2023-03-29 11:09:25,235 INFO Measurement at current 0.003919597989949748
2023-03-29 11:09:25,841 INFO T:281.01Â°K V:6.1401e-02V I:3.9196e-03A R:1.5665e+01ğ›€ E:1.8951e+00V/cm J:1.7154e-01A/cm2 ğ›’:1.1048e+01ğ›€ cm
2023-03-29 11:09:25,860 INFO Measurement at current 0.003969849246231156
2023-03-29 11:09:26,453 INFO T:281.00Â°K V:6.2188e-02V I:3.9698e-03A R:1.5665e+01ğ›€ E:1.9194e+00V/cm J:1.7374e-01A/cm2 ğ›’:1.1048e+01ğ›€ cm
2023-03-29 11:09:26,475 INFO Measurement at current 0.004020100502512563
2023-03-29 11:09:27,082 INFO T:281.00Â°K V:6.2969e-02V I:4.0201e-03A R:1.5664e+01ğ›€ E:1.9435e+00V/cm J:1.7593e-01A/cm2 ğ›’:1.1047e+01ğ›€ cm
2023-03-29 11:09:27,105 INFO Measurement at current 0.00407035175879397
2023-03-29 11:09:27,709 INFO T:281.00Â°K V:6.3780e-02V I:4.0704e-03A R:1.5669e+01ğ›€ E:1.9685e+00V/cm J:1.7813e-01A/cm2 ğ›’:1.1051e+01ğ›€ cm
2023-03-29 11:09:27,738 INFO Measurement at current 0.004120603015075377
2023-03-29 11:09:28,331 INFO T:281.00Â°K V:6.4558e-02V I:4.1206e-03A R:1.5667e+01ğ›€ E:1.9925e+00V/cm J:1.8033e-01A/cm2 ğ›’:1.1049e+01ğ›€ cm
2023-03-29 11:09:28,347 INFO Measurement at current 0.004170854271356784
2023-03-29 11:09:28,932 INFO T:281.00Â°K V:6.5354e-02V I:4.1709e-03A R:1.5669e+01ğ›€ E:2.0171e+00V/cm J:1.8253e-01A/cm2 ğ›’:1.1051e+01ğ›€ cm
2023-03-29 11:09:28,948 INFO Measurement at current 0.004221105527638191
2023-03-29 11:09:29,538 INFO T:281.00Â°K V:6.6133e-02V I:4.2211e-03A R:1.5667e+01ğ›€ E:2.0412e+00V/cm J:1.8473e-01A/cm2 ğ›’:1.1049e+01ğ›€ cm
2023-03-29 11:09:29,554 INFO Measurement at current 0.004271356783919598
2023-03-29 11:09:30,145 INFO T:280.99Â°K V:6.6918e-02V I:4.2714e-03A R:1.5667e+01ğ›€ E:2.0654e+00V/cm J:1.8693e-01A/cm2 ğ›’:1.1049e+01ğ›€ cm
2023-03-29 11:09:30,173 INFO Measurement at current 0.004321608040201005
2023-03-29 11:09:30,769 INFO T:280.99Â°K V:6.7695e-02V I:4.3216e-03A R:1.5664e+01ğ›€ E:2.0894e+00V/cm J:1.8913e-01A/cm2 ğ›’:1.1047e+01ğ›€ cm
2023-03-29 11:09:30,790 INFO Measurement at current 0.004371859296482412
2023-03-29 11:09:31,382 INFO T:280.99Â°K V:6.8482e-02V I:4.3719e-03A R:1.5664e+01ğ›€ E:2.1137e+00V/cm J:1.9133e-01A/cm2 ğ›’:1.1047e+01ğ›€ cm
2023-03-29 11:09:31,402 INFO Measurement at current 0.004422110552763819
2023-03-29 11:09:31,995 INFO T:280.99Â°K V:6.9265e-02V I:4.4221e-03A R:1.5663e+01ğ›€ E:2.1378e+00V/cm J:1.9353e-01A/cm2 ğ›’:1.1047e+01ğ›€ cm
2023-03-29 11:09:32,013 INFO Measurement at current 0.004472361809045226
2023-03-29 11:09:32,600 INFO T:280.99Â°K V:7.0065e-02V I:4.4724e-03A R:1.5666e+01ğ›€ E:2.1625e+00V/cm J:1.9573e-01A/cm2 ğ›’:1.1049e+01ğ›€ cm
2023-03-29 11:09:32,615 INFO Measurement at current 0.004522613065326633
2023-03-29 11:09:33,205 INFO T:280.98Â°K V:7.0842e-02V I:4.5226e-03A R:1.5664e+01ğ›€ E:2.1865e+00V/cm J:1.9793e-01A/cm2 ğ›’:1.1047e+01ğ›€ cm
2023-03-29 11:09:33,230 INFO Measurement at current 0.00457286432160804
2023-03-29 11:09:33,829 INFO T:280.98Â°K V:7.1624e-02V I:4.5729e-03A R:1.5663e+01ğ›€ E:2.2106e+00V/cm J:2.0013e-01A/cm2 ğ›’:1.1046e+01ğ›€ cm
2023-03-29 11:09:33,845 INFO Measurement at current 0.004623115577889447
2023-03-29 11:09:34,439 INFO T:280.98Â°K V:7.2414e-02V I:4.6231e-03A R:1.5664e+01ğ›€ E:2.2350e+00V/cm J:2.0232e-01A/cm2 ğ›’:1.1047e+01ğ›€ cm
2023-03-29 11:09:34,465 INFO Measurement at current 0.004673366834170855
2023-03-29 11:09:35,068 INFO T:280.98Â°K V:7.3218e-02V I:4.6734e-03A R:1.5667e+01ğ›€ E:2.2598e+00V/cm J:2.0452e-01A/cm2 ğ›’:1.1049e+01ğ›€ cm
2023-03-29 11:09:35,123 INFO Measurement at current 0.004723618090452262
2023-03-29 11:09:35,710 INFO T:280.98Â°K V:7.3999e-02V I:4.7236e-03A R:1.5666e+01ğ›€ E:2.2839e+00V/cm J:2.0672e-01A/cm2 ğ›’:1.1048e+01ğ›€ cm
2023-03-29 11:09:35,750 INFO Measurement at current 0.004773869346733669
2023-03-29 11:09:36,347 INFO T:280.97Â°K V:7.4794e-02V I:4.7739e-03A R:1.5667e+01ğ›€ E:2.3085e+00V/cm J:2.0892e-01A/cm2 ğ›’:1.1049e+01ğ›€ cm
2023-03-29 11:09:36,370 INFO Measurement at current 0.004824120603015076
2023-03-29 11:09:36,986 INFO T:280.97Â°K V:7.5575e-02V I:4.8241e-03A R:1.5666e+01ğ›€ E:2.3326e+00V/cm J:2.1112e-01A/cm2 ğ›’:1.1048e+01ğ›€ cm
2023-03-29 11:09:37,004 INFO Measurement at current 0.004874371859296483
2023-03-29 11:09:37,608 INFO T:280.97Â°K V:7.6372e-02V I:4.8744e-03A R:1.5668e+01ğ›€ E:2.3571e+00V/cm J:2.1332e-01A/cm2 ğ›’:1.1050e+01ğ›€ cm
2023-03-29 11:09:37,633 INFO Measurement at current 0.00492462311557789
2023-03-29 11:09:38,247 INFO T:280.97Â°K V:7.7146e-02V I:4.9246e-03A R:1.5665e+01ğ›€ E:2.3810e+00V/cm J:2.1552e-01A/cm2 ğ›’:1.1048e+01ğ›€ cm
2023-03-29 11:09:38,274 INFO Measurement at current 0.004974874371859297
2023-03-29 11:09:38,867 INFO T:280.97Â°K V:7.7947e-02V I:4.9749e-03A R:1.5668e+01ğ›€ E:2.4058e+00V/cm J:2.1772e-01A/cm2 ğ›’:1.1050e+01ğ›€ cm
2023-03-29 11:09:38,892 INFO Measurement at current 0.005025125628140704
2023-03-29 11:09:39,491 INFO T:280.97Â°K V:7.8738e-02V I:5.0251e-03A R:1.5669e+01ğ›€ E:2.4302e+00V/cm J:2.1992e-01A/cm2 ğ›’:1.1050e+01ğ›€ cm
2023-03-29 11:09:39,509 INFO Measurement at current 0.005075376884422111
2023-03-29 11:09:40,107 INFO T:280.96Â°K V:7.9537e-02V I:5.0754e-03A R:1.5671e+01ğ›€ E:2.4548e+00V/cm J:2.2212e-01A/cm2 ğ›’:1.1052e+01ğ›€ cm
2023-03-29 11:09:40,123 INFO Measurement at current 0.0051256281407035175
2023-03-29 11:09:40,729 INFO T:280.96Â°K V:8.0321e-02V I:5.1256e-03A R:1.5671e+01ğ›€ E:2.4790e+00V/cm J:2.2432e-01A/cm2 ğ›’:1.1052e+01ğ›€ cm
2023-03-29 11:09:40,754 INFO Measurement at current 0.0051758793969849245
2023-03-29 11:09:41,356 INFO T:280.96Â°K V:8.1125e-02V I:5.1759e-03A R:1.5674e+01ğ›€ E:2.5038e+00V/cm J:2.2652e-01A/cm2 ğ›’:1.1054e+01ğ›€ cm
2023-03-29 11:09:41,380 INFO Measurement at current 0.0052261306532663315
2023-03-29 11:09:41,982 INFO T:280.96Â°K V:8.1928e-02V I:5.2261e-03A R:1.5677e+01ğ›€ E:2.5286e+00V/cm J:2.2871e-01A/cm2 ğ›’:1.1056e+01ğ›€ cm
2023-03-29 11:09:41,999 INFO Measurement at current 0.0052763819095477385
2023-03-29 11:09:42,588 INFO T:280.96Â°K V:8.2734e-02V I:5.2764e-03A R:1.5680e+01ğ›€ E:2.5535e+00V/cm J:2.3091e-01A/cm2 ğ›’:1.1058e+01ğ›€ cm
2023-03-29 11:09:42,615 INFO Measurement at current 0.0053266331658291454
2023-03-29 11:09:43,217 INFO T:280.95Â°K V:8.3525e-02V I:5.3266e-03A R:1.5681e+01ğ›€ E:2.5779e+00V/cm J:2.3311e-01A/cm2 ğ›’:1.1059e+01ğ›€ cm
2023-03-29 11:09:43,240 INFO Measurement at current 0.005376884422110553
2023-03-29 11:09:43,835 INFO T:280.95Â°K V:8.4299e-02V I:5.3769e-03A R:1.5678e+01ğ›€ E:2.6018e+00V/cm J:2.3531e-01A/cm2 ğ›’:1.1057e+01ğ›€ cm
2023-03-29 11:09:43,854 INFO Measurement at current 0.00542713567839196
2023-03-29 11:09:44,440 INFO T:280.95Â°K V:8.5076e-02V I:5.4271e-03A R:1.5676e+01ğ›€ E:2.6258e+00V/cm J:2.3751e-01A/cm2 ğ›’:1.1056e+01ğ›€ cm
2023-03-29 11:09:44,462 INFO Measurement at current 0.005477386934673367
2023-03-29 11:09:45,049 INFO T:280.95Â°K V:8.5878e-02V I:5.4774e-03A R:1.5679e+01ğ›€ E:2.6506e+00V/cm J:2.3971e-01A/cm2 ğ›’:1.1057e+01ğ›€ cm
2023-03-29 11:09:45,066 INFO Measurement at current 0.005527638190954774
2023-03-29 11:09:45,659 INFO T:280.95Â°K V:8.6670e-02V I:5.5276e-03A R:1.5679e+01ğ›€ E:2.6750e+00V/cm J:2.4191e-01A/cm2 ğ›’:1.1058e+01ğ›€ cm
2023-03-29 11:09:45,693 INFO Measurement at current 0.005577889447236181
2023-03-29 11:09:46,280 INFO T:280.95Â°K V:8.7459e-02V I:5.5779e-03A R:1.5680e+01ğ›€ E:2.6994e+00V/cm J:2.4411e-01A/cm2 ğ›’:1.1058e+01ğ›€ cm
2023-03-29 11:09:46,297 INFO Measurement at current 0.005628140703517588
2023-03-29 11:09:46,883 INFO T:280.94Â°K V:8.8260e-02V I:5.6281e-03A R:1.5682e+01ğ›€ E:2.7241e+00V/cm J:2.4631e-01A/cm2 ğ›’:1.1060e+01ğ›€ cm
2023-03-29 11:09:46,899 INFO Measurement at current 0.005678391959798995
2023-03-29 11:09:47,489 INFO T:280.94Â°K V:8.9057e-02V I:5.6784e-03A R:1.5684e+01ğ›€ E:2.7487e+00V/cm J:2.4851e-01A/cm2 ğ›’:1.1061e+01ğ›€ cm
2023-03-29 11:09:47,518 INFO Measurement at current 0.005728643216080402
2023-03-29 11:09:48,113 INFO T:280.94Â°K V:8.9828e-02V I:5.7286e-03A R:1.5680e+01ğ›€ E:2.7725e+00V/cm J:2.5071e-01A/cm2 ğ›’:1.1059e+01ğ›€ cm
2023-03-29 11:09:48,129 INFO Measurement at current 0.005778894472361809
2023-03-29 11:09:48,734 INFO T:280.94Â°K V:9.0604e-02V I:5.7789e-03A R:1.5678e+01ğ›€ E:2.7964e+00V/cm J:2.5291e-01A/cm2 ğ›’:1.1057e+01ğ›€ cm
2023-03-29 11:09:48,755 INFO Measurement at current 0.005829145728643216
2023-03-29 11:09:49,363 INFO T:280.94Â°K V:9.1389e-02V I:5.8291e-03A R:1.5678e+01ğ›€ E:2.8206e+00V/cm J:2.5510e-01A/cm2 ğ›’:1.1057e+01ğ›€ cm
2023-03-29 11:09:49,399 INFO Measurement at current 0.005879396984924623
2023-03-29 11:09:49,997 INFO T:280.93Â°K V:9.2186e-02V I:5.8794e-03A R:1.5679e+01ğ›€ E:2.8452e+00V/cm J:2.5730e-01A/cm2 ğ›’:1.1058e+01ğ›€ cm
2023-03-29 11:09:50,014 INFO Measurement at current 0.00592964824120603
2023-03-29 11:09:50,612 INFO T:280.93Â°K V:9.2987e-02V I:5.9296e-03A R:1.5682e+01ğ›€ E:2.8700e+00V/cm J:2.5950e-01A/cm2 ğ›’:1.1059e+01ğ›€ cm
2023-03-29 11:09:50,641 INFO Measurement at current 0.005979899497487437
2023-03-29 11:09:51,243 INFO T:280.93Â°K V:9.3785e-02V I:5.9799e-03A R:1.5683e+01ğ›€ E:2.8946e+00V/cm J:2.6170e-01A/cm2 ğ›’:1.1061e+01ğ›€ cm
2023-03-29 11:09:51,260 INFO Measurement at current 0.006030150753768844
2023-03-29 11:09:51,856 INFO T:280.93Â°K V:9.4574e-02V I:6.0302e-03A R:1.5683e+01ğ›€ E:2.9189e+00V/cm J:2.6390e-01A/cm2 ğ›’:1.1061e+01ğ›€ cm
2023-03-29 11:09:51,879 INFO Measurement at current 0.006080402010050252
2023-03-29 11:09:52,492 INFO T:280.93Â°K V:9.5379e-02V I:6.0804e-03A R:1.5686e+01ğ›€ E:2.9438e+00V/cm J:2.6610e-01A/cm2 ğ›’:1.1063e+01ğ›€ cm
2023-03-29 11:09:52,507 INFO Measurement at current 0.006130653266331659
2023-03-29 11:09:53,105 INFO T:280.93Â°K V:9.6150e-02V I:6.1307e-03A R:1.5684e+01ğ›€ E:2.9676e+00V/cm J:2.6830e-01A/cm2 ğ›’:1.1061e+01ğ›€ cm
2023-03-29 11:09:53,126 INFO Measurement at current 0.006180904522613066
2023-03-29 11:09:53,712 INFO T:280.92Â°K V:9.6954e-02V I:6.1809e-03A R:1.5686e+01ğ›€ E:2.9924e+00V/cm J:2.7050e-01A/cm2 ğ›’:1.1063e+01ğ›€ cm
2023-03-29 11:09:53,768 INFO Measurement at current 0.006231155778894473
2023-03-29 11:09:54,370 INFO T:280.92Â°K V:9.7755e-02V I:6.2312e-03A R:1.5688e+01ğ›€ E:3.0171e+00V/cm J:2.7270e-01A/cm2 ğ›’:1.1064e+01ğ›€ cm
2023-03-29 11:09:54,395 INFO Measurement at current 0.00628140703517588
2023-03-29 11:09:54,991 INFO T:280.92Â°K V:9.8531e-02V I:6.2814e-03A R:1.5686e+01ğ›€ E:3.0411e+00V/cm J:2.7490e-01A/cm2 ğ›’:1.1063e+01ğ›€ cm
2023-03-29 11:09:55,014 INFO Measurement at current 0.006331658291457287
2023-03-29 11:09:55,612 INFO T:280.92Â°K V:9.9294e-02V I:6.3317e-03A R:1.5682e+01ğ›€ E:3.0646e+00V/cm J:2.7710e-01A/cm2 ğ›’:1.1060e+01ğ›€ cm
2023-03-29 11:09:55,637 INFO Measurement at current 0.006381909547738694
2023-03-29 11:09:56,235 INFO T:280.92Â°K V:1.0007e-01V I:6.3819e-03A R:1.5680e+01ğ›€ E:3.0885e+00V/cm J:2.7930e-01A/cm2 ğ›’:1.1058e+01ğ›€ cm
2023-03-29 11:09:56,252 INFO Measurement at current 0.006432160804020101
2023-03-29 11:09:56,840 INFO T:280.91Â°K V:1.0086e-01V I:6.4322e-03A R:1.5680e+01ğ›€ E:3.1129e+00V/cm J:2.8150e-01A/cm2 ğ›’:1.1058e+01ğ›€ cm
2023-03-29 11:09:56,861 INFO Measurement at current 0.006482412060301508
2023-03-29 11:09:57,452 INFO T:280.91Â°K V:1.0166e-01V I:6.4824e-03A R:1.5682e+01ğ›€ E:3.1376e+00V/cm J:2.8369e-01A/cm2 ğ›’:1.1060e+01ğ›€ cm
2023-03-29 11:09:57,467 INFO Measurement at current 0.006532663316582915
2023-03-29 11:09:58,053 INFO T:280.91Â°K V:1.0244e-01V I:6.5327e-03A R:1.5682e+01ğ›€ E:3.1618e+00V/cm J:2.8589e-01A/cm2 ğ›’:1.1059e+01ğ›€ cm
2023-03-29 11:09:58,074 INFO Measurement at current 0.0065829145728643216
2023-03-29 11:09:58,665 INFO T:280.91Â°K V:1.0328e-01V I:6.5829e-03A R:1.5689e+01ğ›€ E:3.1876e+00V/cm J:2.8809e-01A/cm2 ğ›’:1.1064e+01ğ›€ cm
2023-03-29 11:09:58,693 INFO Measurement at current 0.0066331658291457285
2023-03-29 11:09:59,288 INFO T:280.91Â°K V:1.0405e-01V I:6.6332e-03A R:1.5687e+01ğ›€ E:3.2115e+00V/cm J:2.9029e-01A/cm2 ğ›’:1.1063e+01ğ›€ cm
2023-03-29 11:09:59,304 INFO Measurement at current 0.0066834170854271355
2023-03-29 11:09:59,892 INFO T:280.91Â°K V:1.0484e-01V I:6.6834e-03A R:1.5687e+01ğ›€ E:3.2359e+00V/cm J:2.9249e-01A/cm2 ğ›’:1.1063e+01ğ›€ cm
2023-03-29 11:09:59,910 INFO Measurement at current 0.0067336683417085425
2023-03-29 11:10:00,496 INFO T:280.90Â°K V:1.0565e-01V I:6.7337e-03A R:1.5690e+01ğ›€ E:3.2609e+00V/cm J:2.9469e-01A/cm2 ğ›’:1.1066e+01ğ›€ cm
2023-03-29 11:10:00,525 INFO Measurement at current 0.0067839195979899495
2023-03-29 11:10:01,122 INFO T:280.90Â°K V:1.0649e-01V I:6.7839e-03A R:1.5697e+01ğ›€ E:3.2867e+00V/cm J:2.9689e-01A/cm2 ğ›’:1.1070e+01ğ›€ cm
2023-03-29 11:10:01,154 INFO Measurement at current 0.006834170854271357
2023-03-29 11:10:01,744 INFO T:280.90Â°K V:1.0729e-01V I:6.8342e-03A R:1.5699e+01ğ›€ E:3.3114e+00V/cm J:2.9909e-01A/cm2 ğ›’:1.1072e+01ğ›€ cm
2023-03-29 11:10:01,767 INFO Measurement at current 0.006884422110552764
2023-03-29 11:10:02,374 INFO T:280.90Â°K V:1.0804e-01V I:6.8844e-03A R:1.5694e+01ğ›€ E:3.3346e+00V/cm J:3.0129e-01A/cm2 ğ›’:1.1068e+01ğ›€ cm
2023-03-29 11:10:02,395 INFO Measurement at current 0.006934673366834171
2023-03-29 11:10:02,983 INFO T:280.90Â°K V:1.0883e-01V I:6.9347e-03A R:1.5693e+01ğ›€ E:3.3589e+00V/cm J:3.0349e-01A/cm2 ğ›’:1.1068e+01ğ›€ cm
2023-03-29 11:10:03,005 INFO Measurement at current 0.006984924623115578
2023-03-29 11:10:03,594 INFO T:280.89Â°K V:1.0963e-01V I:6.9849e-03A R:1.5696e+01ğ›€ E:3.3837e+00V/cm J:3.0569e-01A/cm2 ğ›’:1.1069e+01ğ›€ cm
2023-03-29 11:10:03,621 INFO Measurement at current 0.007035175879396985
2023-03-29 11:10:04,214 INFO T:280.89Â°K V:1.1043e-01V I:7.0352e-03A R:1.5697e+01ğ›€ E:3.4083e+00V/cm J:3.0789e-01A/cm2 ğ›’:1.1070e+01ğ›€ cm
2023-03-29 11:10:04,234 INFO Measurement at current 0.007085427135678392
2023-03-29 11:10:04,842 INFO T:280.89Â°K V:1.1121e-01V I:7.0854e-03A R:1.5696e+01ğ›€ E:3.4324e+00V/cm J:3.1008e-01A/cm2 ğ›’:1.1069e+01ğ›€ cm
2023-03-29 11:10:04,866 INFO Measurement at current 0.007135678391959799
2023-03-29 11:10:05,460 INFO T:280.89Â°K V:1.1193e-01V I:7.1357e-03A R:1.5685e+01ğ›€ E:3.4545e+00V/cm J:3.1228e-01A/cm2 ğ›’:1.1062e+01ğ›€ cm
2023-03-29 11:10:05,478 INFO Measurement at current 0.007185929648241206
2023-03-29 11:10:06,092 INFO T:280.89Â°K V:1.1275e-01V I:7.1859e-03A R:1.5691e+01ğ›€ E:3.4801e+00V/cm J:3.1448e-01A/cm2 ğ›’:1.1066e+01ğ›€ cm
2023-03-29 11:10:06,113 INFO Measurement at current 0.007236180904522613
2023-03-29 11:10:06,702 INFO T:280.89Â°K V:1.1356e-01V I:7.2362e-03A R:1.5694e+01ğ›€ E:3.5051e+00V/cm J:3.1668e-01A/cm2 ğ›’:1.1068e+01ğ›€ cm
2023-03-29 11:10:06,719 INFO Measurement at current 0.00728643216080402
2023-03-29 11:10:07,315 INFO T:280.88Â°K V:1.1428e-01V I:7.2864e-03A R:1.5684e+01ğ›€ E:3.5271e+00V/cm J:3.1888e-01A/cm2 ğ›’:1.1061e+01ğ›€ cm
2023-03-29 11:10:07,341 INFO Measurement at current 0.007336683417085427
2023-03-29 11:10:07,936 INFO T:280.88Â°K V:1.1506e-01V I:7.3367e-03A R:1.5683e+01ğ›€ E:3.5513e+00V/cm J:3.2108e-01A/cm2 ğ›’:1.1061e+01ğ›€ cm
2023-03-29 11:10:07,955 INFO Measurement at current 0.007386934673366834
2023-03-29 11:10:08,545 INFO T:280.88Â°K V:1.1588e-01V I:7.3869e-03A R:1.5687e+01ğ›€ E:3.5766e+00V/cm J:3.2328e-01A/cm2 ğ›’:1.1063e+01ğ›€ cm
2023-03-29 11:10:08,565 INFO Measurement at current 0.007437185929648241
2023-03-29 11:10:09,151 INFO T:280.88Â°K V:1.1670e-01V I:7.4372e-03A R:1.5691e+01ğ›€ E:3.6017e+00V/cm J:3.2548e-01A/cm2 ğ›’:1.1066e+01ğ›€ cm
2023-03-29 11:10:09,173 INFO Measurement at current 0.007487437185929648
2023-03-29 11:10:09,771 INFO T:280.88Â°K V:1.1745e-01V I:7.4874e-03A R:1.5686e+01ğ›€ E:3.6250e+00V/cm J:3.2768e-01A/cm2 ğ›’:1.1063e+01ğ›€ cm
2023-03-29 11:10:09,791 INFO Measurement at current 0.007537688442211056
2023-03-29 11:10:10,387 INFO T:280.87Â°K V:1.1820e-01V I:7.5377e-03A R:1.5682e+01ğ›€ E:3.6483e+00V/cm J:3.2988e-01A/cm2 ğ›’:1.1059e+01ğ›€ cm
2023-03-29 11:10:10,404 INFO Measurement at current 0.007587939698492463
2023-03-29 11:10:11,011 INFO T:280.87Â°K V:1.1890e-01V I:7.5879e-03A R:1.5670e+01ğ›€ E:3.6699e+00V/cm J:3.3208e-01A/cm2 ğ›’:1.1051e+01ğ›€ cm
2023-03-29 11:10:11,044 INFO Measurement at current 0.00763819095477387
2023-03-29 11:10:11,631 INFO T:280.87Â°K V:1.1960e-01V I:7.6382e-03A R:1.5658e+01ğ›€ E:3.6913e+00V/cm J:3.3428e-01A/cm2 ğ›’:1.1043e+01ğ›€ cm
2023-03-29 11:10:11,661 INFO Measurement at current 0.007688442211055277
2023-03-29 11:10:12,989 INFO T:280.87Â°K V:1.2033e-01V I:7.6884e-03A R:1.5650e+01ğ›€ E:3.7138e+00V/cm J:3.3647e-01A/cm2 ğ›’:1.1037e+01ğ›€ cm
2023-03-29 11:10:13,005 INFO Measurement at current 0.007738693467336684
2023-03-29 11:10:13,592 INFO T:280.87Â°K V:1.2120e-01V I:7.7387e-03A R:1.5662e+01ğ›€ E:3.7407e+00V/cm J:3.3867e-01A/cm2 ğ›’:1.1045e+01ğ›€ cm
2023-03-29 11:10:13,613 INFO Measurement at current 0.007788944723618091
2023-03-29 11:10:14,206 INFO T:280.86Â°K V:1.2197e-01V I:7.7889e-03A R:1.5659e+01ğ›€ E:3.7644e+00V/cm J:3.4087e-01A/cm2 ğ›’:1.1043e+01ğ›€ cm
2023-03-29 11:10:14,231 INFO Measurement at current 0.007839195979899497
2023-03-29 11:10:14,821 INFO T:280.86Â°K V:1.2277e-01V I:7.8392e-03A R:1.5661e+01ğ›€ E:3.7891e+00V/cm J:3.4307e-01A/cm2 ğ›’:1.1045e+01ğ›€ cm
2023-03-29 11:10:14,838 INFO Measurement at current 0.007889447236180906
2023-03-29 11:10:15,422 INFO T:280.86Â°K V:1.2350e-01V I:7.8894e-03A R:1.5654e+01ğ›€ E:3.8119e+00V/cm J:3.4527e-01A/cm2 ğ›’:1.1040e+01ğ›€ cm
2023-03-29 11:10:15,437 INFO Measurement at current 0.007939698492462312
2023-03-29 11:10:16,023 INFO T:280.86Â°K V:1.2430e-01V I:7.9397e-03A R:1.5655e+01ğ›€ E:3.8364e+00V/cm J:3.4747e-01A/cm2 ğ›’:1.1041e+01ğ›€ cm
2023-03-29 11:10:16,044 INFO Measurement at current 0.00798994974874372
2023-03-29 11:10:16,638 INFO T:280.86Â°K V:1.2513e-01V I:7.9899e-03A R:1.5661e+01ğ›€ E:3.8620e+00V/cm J:3.4967e-01A/cm2 ğ›’:1.1045e+01ğ›€ cm
2023-03-29 11:10:16,661 INFO Measurement at current 0.008040201005025126
2023-03-29 11:10:17,250 INFO T:280.85Â°K V:1.2591e-01V I:8.0402e-03A R:1.5661e+01ğ›€ E:3.8862e+00V/cm J:3.5187e-01A/cm2 ğ›’:1.1045e+01ğ›€ cm
2023-03-29 11:10:17,281 INFO Measurement at current 0.008090452261306533
2023-03-29 11:10:17,880 INFO T:280.85Â°K V:1.2666e-01V I:8.0905e-03A R:1.5656e+01ğ›€ E:3.9093e+00V/cm J:3.5407e-01A/cm2 ğ›’:1.1041e+01ğ›€ cm
2023-03-29 11:10:17,898 INFO Measurement at current 0.00814070351758794
2023-03-29 11:10:18,485 INFO T:280.85Â°K V:1.2724e-01V I:8.1407e-03A R:1.5630e+01ğ›€ E:3.9272e+00V/cm J:3.5627e-01A/cm2 ğ›’:1.1023e+01ğ›€ cm
2023-03-29 11:10:18,506 INFO Measurement at current 0.008190954773869347
2023-03-29 11:10:19,095 INFO T:280.85Â°K V:1.2786e-01V I:8.1910e-03A R:1.5610e+01ğ›€ E:3.9462e+00V/cm J:3.5847e-01A/cm2 ğ›’:1.1009e+01ğ›€ cm
2023-03-29 11:10:19,119 INFO Measurement at current 0.008241206030150754
2023-03-29 11:10:19,741 INFO T:280.85Â°K V:1.2850e-01V I:8.2412e-03A R:1.5593e+01ğ›€ E:3.9661e+00V/cm J:3.6067e-01A/cm2 ğ›’:1.0997e+01ğ›€ cm
2023-03-29 11:10:19,773 INFO Measurement at current 0.008291457286432161
2023-03-29 11:10:20,380 INFO T:280.85Â°K V:1.2934e-01V I:8.2915e-03A R:1.5599e+01ğ›€ E:3.9920e+00V/cm J:3.6286e-01A/cm2 ğ›’:1.1001e+01ğ›€ cm
2023-03-29 11:10:20,398 INFO Measurement at current 0.008341708542713568
2023-03-29 11:10:20,990 INFO T:280.84Â°K V:1.3011e-01V I:8.3417e-03A R:1.5597e+01ğ›€ E:4.0156e+00V/cm J:3.6506e-01A/cm2 ğ›’:1.1000e+01ğ›€ cm
2023-03-29 11:10:21,008 INFO Measurement at current 0.008391959798994975
2023-03-29 11:10:21,594 INFO T:280.84Â°K V:1.3095e-01V I:8.3920e-03A R:1.5604e+01ğ›€ E:4.0416e+00V/cm J:3.6726e-01A/cm2 ğ›’:1.1005e+01ğ›€ cm
2023-03-29 11:10:21,616 INFO Measurement at current 0.008442211055276382
2023-03-29 11:10:22,233 INFO T:280.84Â°K V:1.3166e-01V I:8.4422e-03A R:1.5596e+01ğ›€ E:4.0636e+00V/cm J:3.6946e-01A/cm2 ğ›’:1.0999e+01ğ›€ cm
2023-03-29 11:10:22,258 INFO Measurement at current 0.00849246231155779
2023-03-29 11:10:22,843 INFO T:280.84Â°K V:1.3240e-01V I:8.4925e-03A R:1.5590e+01ğ›€ E:4.0864e+00V/cm J:3.7166e-01A/cm2 ğ›’:1.0995e+01ğ›€ cm
2023-03-29 11:10:22,873 INFO Measurement at current 0.008542713567839196
2023-03-29 11:10:23,470 INFO T:280.84Â°K V:1.3308e-01V I:8.5427e-03A R:1.5578e+01ğ›€ E:4.1075e+00V/cm J:3.7386e-01A/cm2 ğ›’:1.0987e+01ğ›€ cm
2023-03-29 11:10:23,489 INFO Measurement at current 0.008592964824120603
2023-03-29 11:10:24,109 INFO T:280.84Â°K V:1.3378e-01V I:8.5930e-03A R:1.5569e+01ğ›€ E:4.1291e+00V/cm J:3.7606e-01A/cm2 ğ›’:1.0980e+01ğ›€ cm
2023-03-29 11:10:24,137 INFO Measurement at current 0.00864321608040201
2023-03-29 11:10:24,727 INFO T:280.83Â°K V:1.3447e-01V I:8.6432e-03A R:1.5558e+01ğ›€ E:4.1504e+00V/cm J:3.7826e-01A/cm2 ğ›’:1.0972e+01ğ›€ cm
2023-03-29 11:10:24,747 INFO Measurement at current 0.008693467336683417
2023-03-29 11:10:25,340 INFO T:280.83Â°K V:1.3523e-01V I:8.6935e-03A R:1.5556e+01ğ›€ E:4.1739e+00V/cm J:3.8046e-01A/cm2 ğ›’:1.0971e+01ğ›€ cm
2023-03-29 11:10:25,367 INFO Measurement at current 0.008743718592964824
2023-03-29 11:10:25,968 INFO T:280.83Â°K V:1.3604e-01V I:8.7437e-03A R:1.5558e+01ğ›€ E:4.1987e+00V/cm J:3.8266e-01A/cm2 ğ›’:1.0972e+01ğ›€ cm
2023-03-29 11:10:25,987 INFO Measurement at current 0.008793969849246231
2023-03-29 11:10:26,577 INFO T:280.83Â°K V:1.3679e-01V I:8.7940e-03A R:1.5555e+01ğ›€ E:4.2218e+00V/cm J:3.8486e-01A/cm2 ğ›’:1.0970e+01ğ›€ cm
2023-03-29 11:10:26,599 INFO Measurement at current 0.008844221105527638
2023-03-29 11:10:27,190 INFO T:280.83Â°K V:1.3754e-01V I:8.8442e-03A R:1.5551e+01ğ›€ E:4.2450e+00V/cm J:3.8706e-01A/cm2 ğ›’:1.0967e+01ğ›€ cm
2023-03-29 11:10:27,206 INFO Measurement at current 0.008894472361809045
2023-03-29 11:10:27,801 INFO T:280.82Â°K V:1.3817e-01V I:8.8945e-03A R:1.5534e+01ğ›€ E:4.2645e+00V/cm J:3.8925e-01A/cm2 ğ›’:1.0955e+01ğ›€ cm
2023-03-29 11:10:27,820 INFO Measurement at current 0.008944723618090452
2023-03-29 11:10:28,424 INFO T:280.82Â°K V:1.3893e-01V I:8.9447e-03A R:1.5533e+01ğ›€ E:4.2881e+00V/cm J:3.9145e-01A/cm2 ğ›’:1.0954e+01ğ›€ cm
2023-03-29 11:10:28,444 INFO Measurement at current 0.008994974874371859
2023-03-29 11:10:29,050 INFO T:280.82Â°K V:1.3969e-01V I:8.9950e-03A R:1.5530e+01ğ›€ E:4.3115e+00V/cm J:3.9365e-01A/cm2 ğ›’:1.0953e+01ğ›€ cm
2023-03-29 11:10:29,069 INFO Measurement at current 0.009045226130653266
2023-03-29 11:10:29,663 INFO T:280.82Â°K V:1.4029e-01V I:9.0452e-03A R:1.5510e+01ğ›€ E:4.3300e+00V/cm J:3.9585e-01A/cm2 ğ›’:1.0938e+01ğ›€ cm
2023-03-29 11:10:29,683 INFO Measurement at current 0.009095477386934673
2023-03-29 11:10:30,276 INFO T:280.82Â°K V:1.4094e-01V I:9.0955e-03A R:1.5496e+01ğ›€ E:4.3500e+00V/cm J:3.9805e-01A/cm2 ğ›’:1.0928e+01ğ›€ cm
2023-03-29 11:10:30,299 INFO Measurement at current 0.00914572864321608
2023-03-29 11:10:30,892 INFO T:280.82Â°K V:1.4174e-01V I:9.1457e-03A R:1.5498e+01ğ›€ E:4.3748e+00V/cm J:4.0025e-01A/cm2 ğ›’:1.0930e+01ğ›€ cm
2023-03-29 11:10:30,914 INFO Measurement at current 0.009195979899497487
2023-03-29 11:10:31,517 INFO T:280.81Â°K V:1.4245e-01V I:9.1960e-03A R:1.5490e+01ğ›€ E:4.3966e+00V/cm J:4.0245e-01A/cm2 ğ›’:1.0925e+01ğ›€ cm
2023-03-29 11:10:31,535 INFO Measurement at current 0.009246231155778894
2023-03-29 11:10:32,135 INFO T:280.81Â°K V:1.4309e-01V I:9.2462e-03A R:1.5476e+01ğ›€ E:4.4164e+00V/cm J:4.0465e-01A/cm2 ğ›’:1.0914e+01ğ›€ cm
2023-03-29 11:10:32,162 INFO Measurement at current 0.009296482412060303
2023-03-29 11:10:32,791 INFO T:280.81Â°K V:1.4381e-01V I:9.2965e-03A R:1.5469e+01ğ›€ E:4.4384e+00V/cm J:4.0685e-01A/cm2 ğ›’:1.0909e+01ğ›€ cm
2023-03-29 11:10:32,818 INFO Measurement at current 0.00934673366834171
2023-03-29 11:10:33,421 INFO T:280.81Â°K V:1.4469e-01V I:9.3467e-03A R:1.5480e+01ğ›€ E:4.4657e+00V/cm J:4.0905e-01A/cm2 ğ›’:1.0917e+01ğ›€ cm
2023-03-29 11:10:33,444 INFO Measurement at current 0.009396984924623117
2023-03-29 11:10:34,049 INFO T:280.81Â°K V:1.4533e-01V I:9.3970e-03A R:1.5465e+01ğ›€ E:4.4854e+00V/cm J:4.1125e-01A/cm2 ğ›’:1.0907e+01ğ›€ cm
2023-03-29 11:10:34,064 INFO Measurement at current 0.009447236180904523
2023-03-29 11:10:34,648 INFO T:280.81Â°K V:1.4607e-01V I:9.4472e-03A R:1.5461e+01ğ›€ E:4.5082e+00V/cm J:4.1345e-01A/cm2 ğ›’:1.0904e+01ğ›€ cm
2023-03-29 11:10:34,667 INFO Measurement at current 0.00949748743718593
2023-03-29 11:10:35,262 INFO T:280.80Â°K V:1.4681e-01V I:9.4975e-03A R:1.5458e+01ğ›€ E:4.5312e+00V/cm J:4.1564e-01A/cm2 ğ›’:1.0902e+01ğ›€ cm
2023-03-29 11:10:35,281 INFO Measurement at current 0.009547738693467337
2023-03-29 11:10:35,875 INFO T:280.80Â°K V:1.4759e-01V I:9.5477e-03A R:1.5458e+01ğ›€ E:4.5551e+00V/cm J:4.1784e-01A/cm2 ğ›’:1.0901e+01ğ›€ cm
2023-03-29 11:10:35,903 INFO Measurement at current 0.009597989949748744
2023-03-29 11:10:36,498 INFO T:280.80Â°K V:1.4826e-01V I:9.5980e-03A R:1.5447e+01ğ›€ E:4.5758e+00V/cm J:4.2004e-01A/cm2 ğ›’:1.0894e+01ğ›€ cm
2023-03-29 11:10:36,515 INFO Measurement at current 0.009648241206030151
2023-03-29 11:10:37,105 INFO T:280.80Â°K V:1.4882e-01V I:9.6482e-03A R:1.5424e+01ğ›€ E:4.5931e+00V/cm J:4.2224e-01A/cm2 ğ›’:1.0878e+01ğ›€ cm
2023-03-29 11:10:37,126 INFO Measurement at current 0.009698492462311558
2023-03-29 11:10:37,712 INFO T:280.80Â°K V:1.4942e-01V I:9.6985e-03A R:1.5406e+01ğ›€ E:4.6117e+00V/cm J:4.2444e-01A/cm2 ğ›’:1.0865e+01ğ›€ cm
2023-03-29 11:10:37,727 INFO Measurement at current 0.009748743718592965
2023-03-29 11:10:38,312 INFO T:280.79Â°K V:1.5012e-01V I:9.7487e-03A R:1.5399e+01ğ›€ E:4.6335e+00V/cm J:4.2664e-01A/cm2 ğ›’:1.0860e+01ğ›€ cm
2023-03-29 11:10:38,330 INFO Measurement at current 0.009798994974874372
2023-03-29 11:10:38,924 INFO T:280.79Â°K V:1.5093e-01V I:9.7990e-03A R:1.5403e+01ğ›€ E:4.6584e+00V/cm J:4.2884e-01A/cm2 ğ›’:1.0863e+01ğ›€ cm
2023-03-29 11:10:38,939 INFO Measurement at current 0.00984924623115578
2023-03-29 11:10:39,529 INFO T:280.79Â°K V:1.5167e-01V I:9.8492e-03A R:1.5399e+01ğ›€ E:4.6812e+00V/cm J:4.3104e-01A/cm2 ğ›’:1.0860e+01ğ›€ cm
2023-03-29 11:10:39,558 INFO Measurement at current 0.009899497487437186
2023-03-29 11:10:40,152 INFO T:280.79Â°K V:1.5261e-01V I:9.8995e-03A R:1.5416e+01ğ›€ E:4.7101e+00V/cm J:4.3324e-01A/cm2 ğ›’:1.0872e+01ğ›€ cm
2023-03-29 11:10:40,174 INFO Measurement at current 0.009949748743718593
2023-03-29 11:10:40,763 INFO T:280.79Â°K V:1.5318e-01V I:9.9497e-03A R:1.5396e+01ğ›€ E:4.7279e+00V/cm J:4.3544e-01A/cm2 ğ›’:1.0858e+01ğ›€ cm
2023-03-29 11:10:40,783 INFO Measurement at current 0.01
2023-03-29 11:10:41,370 INFO T:280.79Â°K V:1.5406e-01V I:1.0000e-02A R:1.5406e+01ğ›€ E:4.7549e+00V/cm J:4.3764e-01A/cm2 ğ›’:1.0865e+01ğ›€ cm
2023-03-29 11:10:51,273 INFO Save the description file
2023-03-29 11:10:51,286 INFO Save data in numpy format Esperimenti/CPRO_MUSA_290323_I_V/CPRO_MUSA_290323_I_V_current_from_0_to_100e-4A/CPRO_MUSA_290323_I_V_current_from_0_to_100e-4A-20230329111049
2023-03-29 11:10:51,315 INFO Save data in CSV format Esperimenti/CPRO_MUSA_290323_I_V/CPRO_MUSA_290323_I_V_current_from_0_to_100e-4A/CPRO_MUSA_290323_I_V_current_from_0_to_100e-4A-20230329111049.csv
2023-03-29 11:10:51,335 INFO Save plot as image Esperimenti/CPRO_MUSA_290323_I_V/CPRO_MUSA_290323_I_V_current_from_0_to_100e-4A/CPRO_MUSA_290323_I_V_current_from_0_to_100e-4A-20230329111049.png
