2023-03-29 09:34:16,270 INFO ### Start experiment: CPRO_MUSA_290323_I_V current from 0 to 100e-4A ###
2023-03-29 09:34:17,619 INFO Found Multimeter KEITHLEY INSTRUMENTS INC.,MODEL 2700,0884890,B03  /A02  

2023-03-29 09:34:18,658 INFO Found Nanovolt Meter KEITHLEY INSTRUMENTS INC.,MODEL 2182A,4056474,C03  /A02  

2023-03-29 09:34:18,771 INFO Found Source Meter KEITHLEY INSTRUMENTS INC.,MODEL 2400,0945684,C24   Feb 14 2002 11:59:45/A02  /K/H

2023-03-29 09:34:18,913 INFO Start the measurement loop
2023-03-29 09:34:23,536 INFO Measurement at current 0.0
2023-03-29 09:34:24,451 INFO T:293.47Â°K V:-1.0860e-06V I:0.0000e+00A R:-infğ›€ E:-3.3518e-05V/cm J:0.0000e+00A/cm2 ğ›’:-infğ›€ cm
2023-03-29 09:34:24,479 INFO Measurement at current 5.0251256281407036e-05
2023-03-29 09:34:25,077 INFO T:293.47Â°K V:3.7836e-03V I:5.0251e-05A R:7.5294e+01ğ›€ E:1.1678e-01V/cm J:2.1992e-03A/cm2 ğ›’:5.3101e+01ğ›€ cm
2023-03-29 09:34:25,094 INFO Measurement at current 0.00010050251256281407
2023-03-29 09:34:25,708 INFO T:293.47Â°K V:7.5684e-03V I:1.0050e-04A R:7.5305e+01ğ›€ E:2.3359e-01V/cm J:4.3984e-03A/cm2 ğ›’:5.3109e+01ğ›€ cm
2023-03-29 09:34:25,733 INFO Measurement at current 0.00015075376884422112
2023-03-29 09:34:26,337 INFO T:293.47Â°K V:1.1354e-02V I:1.5075e-04A R:7.5315e+01ğ›€ E:3.5043e-01V/cm J:6.5975e-03A/cm2 ğ›’:5.3116e+01ğ›€ cm
2023-03-29 09:34:26,362 INFO Measurement at current 0.00020100502512562814
2023-03-29 09:34:27,596 INFO T:293.47Â°K V:1.5138e-02V I:2.0101e-04A R:7.5309e+01ğ›€ E:4.6721e-01V/cm J:8.7967e-03A/cm2 ğ›’:5.3112e+01ğ›€ cm
2023-03-29 09:34:27,611 INFO Measurement at current 0.0002512562814070352
2023-03-29 09:34:28,210 INFO T:293.47Â°K V:1.8917e-02V I:2.5126e-04A R:7.5290e+01ğ›€ E:5.8386e-01V/cm J:1.0996e-02A/cm2 ğ›’:5.3098e+01ğ›€ cm
2023-03-29 09:34:28,227 INFO Measurement at current 0.00030150753768844223
2023-03-29 09:34:28,821 INFO T:293.46Â°K V:2.2700e-02V I:3.0151e-04A R:7.5288e+01ğ›€ E:7.0061e-01V/cm J:1.3195e-02A/cm2 ğ›’:5.3096e+01ğ›€ cm
2023-03-29 09:34:28,846 INFO Measurement at current 0.00035175879396984926
2023-03-29 09:34:29,446 INFO T:293.46Â°K V:2.6481e-02V I:3.5176e-04A R:7.5283e+01ğ›€ E:8.1733e-01V/cm J:1.5394e-02A/cm2 ğ›’:5.3093e+01ğ›€ cm
2023-03-29 09:34:29,470 INFO Measurement at current 0.0004020100502512563
2023-03-29 09:34:30,073 INFO T:293.46Â°K V:3.0259e-02V I:4.0201e-04A R:7.5270e+01ğ›€ E:9.3393e-01V/cm J:1.7593e-02A/cm2 ğ›’:5.3084e+01ğ›€ cm
2023-03-29 09:34:30,095 INFO Measurement at current 0.0004522613065326633
2023-03-29 09:34:30,686 INFO T:293.46Â°K V:3.4039e-02V I:4.5226e-04A R:7.5264e+01ğ›€ E:1.0506e+00V/cm J:1.9793e-02A/cm2 ğ›’:5.3080e+01ğ›€ cm
2023-03-29 09:34:30,702 INFO Measurement at current 0.0005025125628140704
2023-03-29 09:34:31,296 INFO T:293.46Â°K V:3.7817e-02V I:5.0251e-04A R:7.5255e+01ğ›€ E:1.1672e+00V/cm J:2.1992e-02A/cm2 ğ›’:5.3073e+01ğ›€ cm
2023-03-29 09:34:31,319 INFO Measurement at current 0.0005527638190954774
2023-03-29 09:34:31,926 INFO T:293.46Â°K V:4.1591e-02V I:5.5276e-04A R:7.5241e+01ğ›€ E:1.2837e+00V/cm J:2.4191e-02A/cm2 ğ›’:5.3064e+01ğ›€ cm
2023-03-29 09:34:31,950 INFO Measurement at current 0.0006030150753768845
2023-03-29 09:34:32,548 INFO T:293.46Â°K V:4.5367e-02V I:6.0302e-04A R:7.5234e+01ğ›€ E:1.4002e+00V/cm J:2.6390e-02A/cm2 ğ›’:5.3058e+01ğ›€ cm
2023-03-29 09:34:32,565 INFO Measurement at current 0.0006532663316582914
2023-03-29 09:34:33,169 INFO T:293.46Â°K V:4.9137e-02V I:6.5327e-04A R:7.5217e+01ğ›€ E:1.5166e+00V/cm J:2.8589e-02A/cm2 ğ›’:5.3047e+01ğ›€ cm
2023-03-29 09:34:33,188 INFO Measurement at current 0.0007035175879396985
2023-03-29 09:34:33,773 INFO T:293.46Â°K V:5.2904e-02V I:7.0352e-04A R:7.5200e+01ğ›€ E:1.6329e+00V/cm J:3.0789e-02A/cm2 ğ›’:5.3034e+01ğ›€ cm
2023-03-29 09:34:33,792 INFO Measurement at current 0.0007537688442211055
2023-03-29 09:34:34,381 INFO T:293.46Â°K V:5.6673e-02V I:7.5377e-04A R:7.5186e+01ğ›€ E:1.7492e+00V/cm J:3.2988e-02A/cm2 ğ›’:5.3025e+01ğ›€ cm
2023-03-29 09:34:34,404 INFO Measurement at current 0.0008040201005025126
2023-03-29 09:34:35,001 INFO T:293.46Â°K V:6.0434e-02V I:8.0402e-04A R:7.5164e+01ğ›€ E:1.8652e+00V/cm J:3.5187e-02A/cm2 ğ›’:5.3010e+01ğ›€ cm
2023-03-29 09:34:35,021 INFO Measurement at current 0.0008542713567839197
2023-03-29 09:34:35,612 INFO T:293.46Â°K V:6.4197e-02V I:8.5427e-04A R:7.5148e+01ğ›€ E:1.9814e+00V/cm J:3.7386e-02A/cm2 ğ›’:5.2998e+01ğ›€ cm
2023-03-29 09:34:35,632 INFO Measurement at current 0.0009045226130653266
2023-03-29 09:34:36,221 INFO T:293.46Â°K V:6.7957e-02V I:9.0452e-04A R:7.5130e+01ğ›€ E:2.0974e+00V/cm J:3.9585e-02A/cm2 ğ›’:5.2985e+01ğ›€ cm
2023-03-29 09:34:36,248 INFO Measurement at current 0.0009547738693467337
2023-03-29 09:34:36,836 INFO T:293.46Â°K V:7.1715e-02V I:9.5477e-04A R:7.5112e+01ğ›€ E:2.2134e+00V/cm J:4.1784e-02A/cm2 ğ›’:5.2972e+01ğ›€ cm
2023-03-29 09:34:36,853 INFO Measurement at current 0.0010050251256281408
2023-03-29 09:34:37,444 INFO T:293.45Â°K V:7.5476e-02V I:1.0050e-03A R:7.5099e+01ğ›€ E:2.3295e+00V/cm J:4.3984e-02A/cm2 ğ›’:5.2963e+01ğ›€ cm
2023-03-29 09:34:37,468 INFO Measurement at current 0.0010552763819095478
2023-03-29 09:34:38,062 INFO T:293.45Â°K V:7.9260e-02V I:1.0553e-03A R:7.5108e+01ğ›€ E:2.4463e+00V/cm J:4.6183e-02A/cm2 ğ›’:5.2970e+01ğ›€ cm
2023-03-29 09:34:38,079 INFO Measurement at current 0.0011055276381909548
2023-03-29 09:34:38,676 INFO T:293.45Â°K V:8.2984e-02V I:1.1055e-03A R:7.5063e+01ğ›€ E:2.5612e+00V/cm J:4.8382e-02A/cm2 ğ›’:5.2938e+01ğ›€ cm
2023-03-29 09:34:38,696 INFO Measurement at current 0.0011557788944723617
2023-03-29 09:34:39,289 INFO T:293.45Â°K V:8.6753e-02V I:1.1558e-03A R:7.5061e+01ğ›€ E:2.6776e+00V/cm J:5.0581e-02A/cm2 ğ›’:5.2936e+01ğ›€ cm
2023-03-29 09:34:39,310 INFO Measurement at current 0.001206030150753769
2023-03-29 09:34:39,902 INFO T:293.45Â°K V:9.0473e-02V I:1.2060e-03A R:7.5017e+01ğ›€ E:2.7924e+00V/cm J:5.2780e-02A/cm2 ğ›’:5.2905e+01ğ›€ cm
2023-03-29 09:34:39,925 INFO Measurement at current 0.001256281407035176
2023-03-29 09:34:40,526 INFO T:293.45Â°K V:9.4224e-02V I:1.2563e-03A R:7.5002e+01ğ›€ E:2.9081e+00V/cm J:5.4979e-02A/cm2 ğ›’:5.2895e+01ğ›€ cm
2023-03-29 09:34:40,552 INFO Measurement at current 0.0013065326633165829
2023-03-29 09:34:41,152 INFO T:293.45Â°K V:9.7932e-02V I:1.3065e-03A R:7.4956e+01ğ›€ E:3.0226e+00V/cm J:5.7179e-02A/cm2 ğ›’:5.2862e+01ğ›€ cm
2023-03-29 09:34:41,173 INFO Measurement at current 0.00135678391959799
2023-03-29 09:34:41,767 INFO T:293.45Â°K V:1.0167e-01V I:1.3568e-03A R:7.4938e+01ğ›€ E:3.1381e+00V/cm J:5.9378e-02A/cm2 ğ›’:5.2850e+01ğ›€ cm
2023-03-29 09:34:41,784 INFO Measurement at current 0.001407035175879397
2023-03-29 09:34:42,371 INFO T:293.45Â°K V:1.0538e-01V I:1.4070e-03A R:7.4896e+01ğ›€ E:3.2525e+00V/cm J:6.1577e-02A/cm2 ğ›’:5.2820e+01ğ›€ cm
2023-03-29 09:34:42,404 INFO Measurement at current 0.001457286432160804
2023-03-29 09:34:43,001 INFO T:293.45Â°K V:1.0914e-01V I:1.4573e-03A R:7.4890e+01ğ›€ E:3.3684e+00V/cm J:6.3776e-02A/cm2 ğ›’:5.2816e+01ğ›€ cm
2023-03-29 09:34:43,024 INFO Measurement at current 0.001507537688442211
2023-03-29 09:34:43,635 INFO T:293.45Â°K V:1.1283e-01V I:1.5075e-03A R:7.4846e+01ğ›€ E:3.4825e+00V/cm J:6.5975e-02A/cm2 ğ›’:5.2785e+01ğ›€ cm
2023-03-29 09:34:43,657 INFO Measurement at current 0.0015577889447236182
2023-03-29 09:34:44,249 INFO T:293.45Â°K V:1.1656e-01V I:1.5578e-03A R:7.4825e+01ğ›€ E:3.5976e+00V/cm J:6.8175e-02A/cm2 ğ›’:5.2770e+01ğ›€ cm
2023-03-29 09:34:44,266 INFO Measurement at current 0.0016080402010050252
2023-03-29 09:34:45,598 INFO T:293.45Â°K V:1.2024e-01V I:1.6080e-03A R:7.4775e+01ğ›€ E:3.7111e+00V/cm J:7.0374e-02A/cm2 ğ›’:5.2735e+01ğ›€ cm
2023-03-29 09:34:45,621 INFO Measurement at current 0.0016582914572864321
2023-03-29 09:34:46,224 INFO T:293.44Â°K V:1.2396e-01V I:1.6583e-03A R:7.4754e+01ğ›€ E:3.8260e+00V/cm J:7.2573e-02A/cm2 ğ›’:5.2720e+01ğ›€ cm
2023-03-29 09:34:46,244 INFO Measurement at current 0.0017085427135678393
2023-03-29 09:34:46,834 INFO T:293.44Â°K V:1.2764e-01V I:1.7085e-03A R:7.4707e+01ğ›€ E:3.9395e+00V/cm J:7.4772e-02A/cm2 ğ›’:5.2687e+01ğ›€ cm
2023-03-29 09:34:46,853 INFO Measurement at current 0.0017587939698492463
2023-03-29 09:34:47,442 INFO T:293.44Â°K V:1.3137e-01V I:1.7588e-03A R:7.4691e+01ğ›€ E:4.0545e+00V/cm J:7.6971e-02A/cm2 ğ›’:5.2675e+01ğ›€ cm
2023-03-29 09:34:47,461 INFO Measurement at current 0.0018090452261306533
2023-03-29 09:34:48,067 INFO T:293.44Â°K V:1.3504e-01V I:1.8090e-03A R:7.4645e+01ğ›€ E:4.1678e+00V/cm J:7.9170e-02A/cm2 ğ›’:5.2643e+01ğ›€ cm
2023-03-29 09:34:48,083 INFO Measurement at current 0.0018592964824120603
2023-03-29 09:34:48,673 INFO T:293.44Â°K V:1.3873e-01V I:1.8593e-03A R:7.4613e+01ğ›€ E:4.2817e+00V/cm J:8.1370e-02A/cm2 ğ›’:5.2620e+01ğ›€ cm
2023-03-29 09:34:48,696 INFO Measurement at current 0.0019095477386934674
2023-03-29 09:34:49,297 INFO T:293.44Â°K V:1.4238e-01V I:1.9095e-03A R:7.4563e+01ğ›€ E:4.3945e+00V/cm J:8.3569e-02A/cm2 ğ›’:5.2586e+01ğ›€ cm
2023-03-29 09:34:49,326 INFO Measurement at current 0.001959798994974874
2023-03-29 09:34:49,925 INFO T:293.44Â°K V:1.4607e-01V I:1.9598e-03A R:7.4533e+01ğ›€ E:4.5083e+00V/cm J:8.5768e-02A/cm2 ğ›’:5.2564e+01ğ›€ cm
2023-03-29 09:34:49,940 INFO Measurement at current 0.0020100502512562816
2023-03-29 09:34:50,526 INFO T:293.44Â°K V:1.4971e-01V I:2.0101e-03A R:7.4482e+01ğ›€ E:4.6208e+00V/cm J:8.7967e-02A/cm2 ğ›’:5.2528e+01ğ›€ cm
2023-03-29 09:34:50,571 INFO Measurement at current 0.0020603015075376886
2023-03-29 09:34:51,164 INFO T:293.44Â°K V:1.5340e-01V I:2.0603e-03A R:7.4453e+01ğ›€ E:4.7344e+00V/cm J:9.0166e-02A/cm2 ğ›’:5.2508e+01ğ›€ cm
2023-03-29 09:34:51,187 INFO Measurement at current 0.0021105527638190956
2023-03-29 09:34:51,788 INFO T:293.44Â°K V:1.5703e-01V I:2.1106e-03A R:7.4401e+01ğ›€ E:4.8465e+00V/cm J:9.2366e-02A/cm2 ğ›’:5.2471e+01ğ›€ cm
2023-03-29 09:34:51,813 INFO Measurement at current 0.0021608040201005025
2023-03-29 09:34:52,405 INFO T:293.44Â°K V:1.6069e-01V I:2.1608e-03A R:7.4365e+01ğ›€ E:4.9595e+00V/cm J:9.4565e-02A/cm2 ğ›’:5.2446e+01ğ›€ cm
2023-03-29 09:34:52,428 INFO Measurement at current 0.0022110552763819095
2023-03-29 09:34:53,017 INFO T:293.44Â°K V:1.6430e-01V I:2.2111e-03A R:7.4310e+01ğ›€ E:5.0711e+00V/cm J:9.6764e-02A/cm2 ğ›’:5.2407e+01ğ›€ cm
2023-03-29 09:34:53,040 INFO Measurement at current 0.0022613065326633165
2023-03-29 09:34:53,626 INFO T:293.44Â°K V:1.6794e-01V I:2.2613e-03A R:7.4269e+01ğ›€ E:5.1835e+00V/cm J:9.8963e-02A/cm2 ğ›’:5.2378e+01ğ›€ cm
2023-03-29 09:34:53,644 INFO Measurement at current 0.0023115577889447235
2023-03-29 09:34:54,252 INFO T:293.44Â°K V:1.7155e-01V I:2.3116e-03A R:7.4213e+01ğ›€ E:5.2947e+00V/cm J:1.0116e-01A/cm2 ğ›’:5.2338e+01ğ›€ cm
2023-03-29 09:34:54,276 INFO Measurement at current 0.002361809045226131
2023-03-29 09:34:54,876 INFO T:293.44Â°K V:1.7518e-01V I:2.3618e-03A R:7.4170e+01ğ›€ E:5.4067e+00V/cm J:1.0336e-01A/cm2 ğ›’:5.2308e+01ğ›€ cm
2023-03-29 09:34:54,897 INFO Measurement at current 0.002412060301507538
2023-03-29 09:34:55,488 INFO T:293.43Â°K V:1.7878e-01V I:2.4121e-03A R:7.4121e+01ğ›€ E:5.5180e+00V/cm J:1.0556e-01A/cm2 ğ›’:5.2273e+01ğ›€ cm
2023-03-29 09:34:55,504 INFO Measurement at current 0.002462311557788945
2023-03-29 09:34:56,091 INFO T:293.43Â°K V:1.8240e-01V I:2.4623e-03A R:7.4077e+01ğ›€ E:5.6296e+00V/cm J:1.0776e-01A/cm2 ğ›’:5.2243e+01ğ›€ cm
2023-03-29 09:34:56,105 INFO Measurement at current 0.002512562814070352
2023-03-29 09:34:56,690 INFO T:293.43Â°K V:1.8597e-01V I:2.5126e-03A R:7.4015e+01ğ›€ E:5.7397e+00V/cm J:1.0996e-01A/cm2 ğ›’:5.2199e+01ğ›€ cm
2023-03-29 09:34:56,706 INFO Measurement at current 0.0025628140703517588
2023-03-29 09:34:57,289 INFO T:293.43Â°K V:1.8957e-01V I:2.5628e-03A R:7.3971e+01ğ›€ E:5.8510e+00V/cm J:1.1216e-01A/cm2 ğ›’:5.2168e+01ğ›€ cm
2023-03-29 09:34:57,306 INFO Measurement at current 0.0026130653266331657
2023-03-29 09:34:57,889 INFO T:293.43Â°K V:1.9313e-01V I:2.6131e-03A R:7.3908e+01ğ›€ E:5.9607e+00V/cm J:1.1436e-01A/cm2 ğ›’:5.2123e+01ğ›€ cm
2023-03-29 09:34:57,905 INFO Measurement at current 0.0026633165829145727
2023-03-29 09:34:58,500 INFO T:293.43Â°K V:1.9673e-01V I:2.6633e-03A R:7.3865e+01ğ›€ E:6.0718e+00V/cm J:1.1656e-01A/cm2 ğ›’:5.2093e+01ğ›€ cm
2023-03-29 09:34:58,522 INFO Measurement at current 0.00271356783919598
2023-03-29 09:34:59,118 INFO T:293.43Â°K V:2.0029e-01V I:2.7136e-03A R:7.3810e+01ğ›€ E:6.1817e+00V/cm J:1.1876e-01A/cm2 ğ›’:5.2054e+01ğ›€ cm
2023-03-29 09:34:59,147 INFO Measurement at current 0.002763819095477387
2023-03-29 09:34:59,739 INFO T:293.43Â°K V:2.0387e-01V I:2.7638e-03A R:7.3762e+01ğ›€ E:6.2921e+00V/cm J:1.2095e-01A/cm2 ğ›’:5.2021e+01ğ›€ cm
2023-03-29 09:34:59,757 INFO Measurement at current 0.002814070351758794
2023-03-29 09:35:00,343 INFO T:293.43Â°K V:2.0741e-01V I:2.8141e-03A R:7.3703e+01ğ›€ E:6.4014e+00V/cm J:1.2315e-01A/cm2 ğ›’:5.1979e+01ğ›€ cm
2023-03-29 09:35:00,362 INFO Measurement at current 0.002864321608040201
2023-03-29 09:35:00,954 INFO T:293.43Â°K V:2.1096e-01V I:2.8643e-03A R:7.3650e+01ğ›€ E:6.5110e+00V/cm J:1.2535e-01A/cm2 ğ›’:5.1941e+01ğ›€ cm
2023-03-29 09:35:00,968 INFO Measurement at current 0.002914572864321608
2023-03-29 09:35:01,554 INFO T:293.43Â°K V:2.1448e-01V I:2.9146e-03A R:7.3588e+01ğ›€ E:6.6197e+00V/cm J:1.2755e-01A/cm2 ğ›’:5.1898e+01ğ›€ cm
2023-03-29 09:35:01,575 INFO Measurement at current 0.002964824120603015
2023-03-29 09:35:02,164 INFO T:293.43Â°K V:2.1802e-01V I:2.9648e-03A R:7.3535e+01ğ›€ E:6.7290e+00V/cm J:1.2975e-01A/cm2 ğ›’:5.1860e+01ğ›€ cm
2023-03-29 09:35:02,181 INFO Measurement at current 0.003015075376884422
2023-03-29 09:35:02,772 INFO T:293.43Â°K V:2.2153e-01V I:3.0151e-03A R:7.3476e+01ğ›€ E:6.8375e+00V/cm J:1.3195e-01A/cm2 ğ›’:5.1818e+01ğ›€ cm
2023-03-29 09:35:02,789 INFO Measurement at current 0.0030653266331658294
2023-03-29 09:35:03,374 INFO T:293.43Â°K V:2.2506e-01V I:3.0653e-03A R:7.3421e+01ğ›€ E:6.9463e+00V/cm J:1.3415e-01A/cm2 ğ›’:5.1780e+01ğ›€ cm
2023-03-29 09:35:03,388 INFO Measurement at current 0.0031155778894472364
2023-03-29 09:35:03,983 INFO T:293.43Â°K V:2.2854e-01V I:3.1156e-03A R:7.3355e+01ğ›€ E:7.0538e+00V/cm J:1.3635e-01A/cm2 ğ›’:5.1733e+01ğ›€ cm
2023-03-29 09:35:04,001 INFO Measurement at current 0.0031658291457286433
2023-03-29 09:35:04,603 INFO T:293.42Â°K V:2.3205e-01V I:3.1658e-03A R:7.3299e+01ğ›€ E:7.1621e+00V/cm J:1.3855e-01A/cm2 ğ›’:5.1694e+01ğ›€ cm
2023-03-29 09:35:04,621 INFO Measurement at current 0.0032160804020100503
2023-03-29 09:35:05,209 INFO T:293.42Â°K V:2.3552e-01V I:3.2161e-03A R:7.3233e+01ğ›€ E:7.2692e+00V/cm J:1.4075e-01A/cm2 ğ›’:5.1647e+01ğ›€ cm
2023-03-29 09:35:05,228 INFO Measurement at current 0.0032663316582914573
2023-03-29 09:35:05,821 INFO T:293.42Â°K V:2.3901e-01V I:3.2663e-03A R:7.3175e+01ğ›€ E:7.3769e+00V/cm J:1.4295e-01A/cm2 ğ›’:5.1606e+01ğ›€ cm
2023-03-29 09:35:05,837 INFO Measurement at current 0.0033165829145728643
2023-03-29 09:35:06,445 INFO T:293.42Â°K V:2.4249e-01V I:3.3166e-03A R:7.3114e+01ğ›€ E:7.4842e+00V/cm J:1.4515e-01A/cm2 ğ›’:5.1564e+01ğ›€ cm
2023-03-29 09:35:06,469 INFO Measurement at current 0.0033668341708542712
2023-03-29 09:35:07,061 INFO T:293.42Â°K V:2.4597e-01V I:3.3668e-03A R:7.3056e+01ğ›€ E:7.5915e+00V/cm J:1.4735e-01A/cm2 ğ›’:5.1522e+01ğ›€ cm
2023-03-29 09:35:07,077 INFO Measurement at current 0.0034170854271356787
2023-03-29 09:35:07,664 INFO T:293.42Â°K V:2.4940e-01V I:3.4171e-03A R:7.2987e+01ğ›€ E:7.6976e+00V/cm J:1.4954e-01A/cm2 ğ›’:5.1474e+01ğ›€ cm
2023-03-29 09:35:07,695 INFO Measurement at current 0.0034673366834170856
2023-03-29 09:35:08,300 INFO T:293.42Â°K V:2.5286e-01V I:3.4673e-03A R:7.2926e+01ğ›€ E:7.8043e+00V/cm J:1.5174e-01A/cm2 ğ›’:5.1431e+01ğ›€ cm
2023-03-29 09:35:08,318 INFO Measurement at current 0.0035175879396984926
2023-03-29 09:35:08,924 INFO T:293.42Â°K V:2.5627e-01V I:3.5176e-03A R:7.2854e+01ğ›€ E:7.9095e+00V/cm J:1.5394e-01A/cm2 ğ›’:5.1380e+01ğ›€ cm
2023-03-29 09:35:08,941 INFO Measurement at current 0.0035678391959798996
2023-03-29 09:35:09,537 INFO T:293.42Â°K V:2.5971e-01V I:3.5678e-03A R:7.2793e+01ğ›€ E:8.0158e+00V/cm J:1.5614e-01A/cm2 ğ›’:5.1337e+01ğ›€ cm
2023-03-29 09:35:09,555 INFO Measurement at current 0.0036180904522613066
2023-03-29 09:35:10,158 INFO T:293.42Â°K V:2.6312e-01V I:3.6181e-03A R:7.2724e+01ğ›€ E:8.1211e+00V/cm J:1.5834e-01A/cm2 ğ›’:5.1289e+01ğ›€ cm
2023-03-29 09:35:10,176 INFO Measurement at current 0.0036683417085427135
2023-03-29 09:35:10,768 INFO T:293.42Â°K V:2.6655e-01V I:3.6683e-03A R:7.2663e+01ğ›€ E:8.2270e+00V/cm J:1.6054e-01A/cm2 ğ›’:5.1245e+01ğ›€ cm
2023-03-29 09:35:10,789 INFO Measurement at current 0.0037185929648241205
2023-03-29 09:35:11,399 INFO T:293.42Â°K V:2.6992e-01V I:3.7186e-03A R:7.2588e+01ğ›€ E:8.3310e+00V/cm J:1.6274e-01A/cm2 ğ›’:5.1192e+01ğ›€ cm
2023-03-29 09:35:11,415 INFO Measurement at current 0.003768844221105528
2023-03-29 09:35:12,011 INFO T:293.42Â°K V:2.7332e-01V I:3.7688e-03A R:7.2521e+01ğ›€ E:8.4358e+00V/cm J:1.6494e-01A/cm2 ğ›’:5.1145e+01ğ›€ cm
2023-03-29 09:35:12,040 INFO Measurement at current 0.003819095477386935
2023-03-29 09:35:12,633 INFO T:293.42Â°K V:2.7667e-01V I:3.8191e-03A R:7.2445e+01ğ›€ E:8.5393e+00V/cm J:1.6714e-01A/cm2 ğ›’:5.1091e+01ğ›€ cm
2023-03-29 09:35:12,652 INFO Measurement at current 0.003869346733668342
2023-03-29 09:35:13,251 INFO T:293.42Â°K V:2.8006e-01V I:3.8693e-03A R:7.2378e+01ğ›€ E:8.6437e+00V/cm J:1.6934e-01A/cm2 ğ›’:5.1045e+01ğ›€ cm
2023-03-29 09:35:13,270 INFO Measurement at current 0.003919597989949748
2023-03-29 09:35:13,867 INFO T:293.41Â°K V:2.8341e-01V I:3.9196e-03A R:7.2305e+01ğ›€ E:8.7471e+00V/cm J:1.7154e-01A/cm2 ğ›’:5.0993e+01ğ›€ cm
2023-03-29 09:35:13,891 INFO Measurement at current 0.003969849246231156
2023-03-29 09:35:14,509 INFO T:293.41Â°K V:2.8677e-01V I:3.9698e-03A R:7.2237e+01ğ›€ E:8.8509e+00V/cm J:1.7374e-01A/cm2 ğ›’:5.0945e+01ğ›€ cm
2023-03-29 09:35:14,527 INFO Measurement at current 0.004020100502512563
2023-03-29 09:35:15,117 INFO T:293.41Â°K V:2.9009e-01V I:4.0201e-03A R:7.2161e+01ğ›€ E:8.9535e+00V/cm J:1.7593e-01A/cm2 ğ›’:5.0891e+01ğ›€ cm
2023-03-29 09:35:15,135 INFO Measurement at current 0.00407035175879397
2023-03-29 09:35:15,726 INFO T:293.41Â°K V:2.9343e-01V I:4.0704e-03A R:7.2090e+01ğ›€ E:9.0566e+00V/cm J:1.7813e-01A/cm2 ğ›’:5.0841e+01ğ›€ cm
2023-03-29 09:35:15,743 INFO Measurement at current 0.004120603015075377
2023-03-29 09:35:16,331 INFO T:293.41Â°K V:2.9674e-01V I:4.1206e-03A R:7.2015e+01ğ›€ E:9.1587e+00V/cm J:1.8033e-01A/cm2 ğ›’:5.0788e+01ğ›€ cm
2023-03-29 09:35:16,348 INFO Measurement at current 0.004170854271356784
2023-03-29 09:35:16,950 INFO T:293.41Â°K V:3.0008e-01V I:4.1709e-03A R:7.1946e+01ğ›€ E:9.2616e+00V/cm J:1.8253e-01A/cm2 ğ›’:5.0740e+01ğ›€ cm
2023-03-29 09:35:16,968 INFO Measurement at current 0.004221105527638191
2023-03-29 09:35:17,572 INFO T:293.41Â°K V:3.0337e-01V I:4.2211e-03A R:7.1869e+01ğ›€ E:9.3631e+00V/cm J:1.8473e-01A/cm2 ğ›’:5.0685e+01ğ›€ cm
2023-03-29 09:35:17,588 INFO Measurement at current 0.004271356783919598
2023-03-29 09:35:18,174 INFO T:293.41Â°K V:3.0668e-01V I:4.2714e-03A R:7.1798e+01ğ›€ E:9.4653e+00V/cm J:1.8693e-01A/cm2 ğ›’:5.0636e+01ğ›€ cm
2023-03-29 09:35:18,189 INFO Measurement at current 0.004321608040201005
2023-03-29 09:35:18,775 INFO T:293.41Â°K V:3.0994e-01V I:4.3216e-03A R:7.1718e+01ğ›€ E:9.5659e+00V/cm J:1.8913e-01A/cm2 ğ›’:5.0579e+01ğ›€ cm
2023-03-29 09:35:18,792 INFO Measurement at current 0.004371859296482412
2023-03-29 09:35:19,397 INFO T:293.41Â°K V:3.1323e-01V I:4.3719e-03A R:7.1647e+01ğ›€ E:9.6676e+00V/cm J:1.9133e-01A/cm2 ğ›’:5.0529e+01ğ›€ cm
2023-03-29 09:35:19,426 INFO Measurement at current 0.004422110552763819
2023-03-29 09:35:20,035 INFO T:293.41Â°K V:3.1647e-01V I:4.4221e-03A R:7.1566e+01ğ›€ E:9.7676e+00V/cm J:1.9353e-01A/cm2 ğ›’:5.0472e+01ğ›€ cm
2023-03-29 09:35:20,055 INFO Measurement at current 0.004472361809045226
2023-03-29 09:35:20,649 INFO T:293.41Â°K V:3.1974e-01V I:4.4724e-03A R:7.1492e+01ğ›€ E:9.8685e+00V/cm J:1.9573e-01A/cm2 ğ›’:5.0420e+01ğ›€ cm
2023-03-29 09:35:20,669 INFO Measurement at current 0.004522613065326633
2023-03-29 09:35:21,272 INFO T:293.41Â°K V:3.2298e-01V I:4.5226e-03A R:7.1415e+01ğ›€ E:9.9685e+00V/cm J:1.9793e-01A/cm2 ğ›’:5.0365e+01ğ›€ cm
2023-03-29 09:35:21,300 INFO Measurement at current 0.00457286432160804
2023-03-29 09:35:21,886 INFO T:293.41Â°K V:3.2622e-01V I:4.5729e-03A R:7.1338e+01ğ›€ E:1.0069e+01V/cm J:2.0013e-01A/cm2 ğ›’:5.0311e+01ğ›€ cm
2023-03-29 09:35:21,919 INFO Measurement at current 0.004623115577889447
2023-03-29 09:35:22,557 INFO T:293.41Â°K V:3.2942e-01V I:4.6231e-03A R:7.1255e+01ğ›€ E:1.0167e+01V/cm J:2.0232e-01A/cm2 ğ›’:5.0252e+01ğ›€ cm
2023-03-29 09:35:22,583 INFO Measurement at current 0.004673366834170855
2023-03-29 09:35:23,187 INFO T:293.40Â°K V:3.3265e-01V I:4.6734e-03A R:7.1181e+01ğ›€ E:1.0267e+01V/cm J:2.0452e-01A/cm2 ğ›’:5.0200e+01ğ›€ cm
2023-03-29 09:35:23,207 INFO Measurement at current 0.004723618090452262
2023-03-29 09:35:23,820 INFO T:293.40Â°K V:3.3584e-01V I:4.7236e-03A R:7.1098e+01ğ›€ E:1.0365e+01V/cm J:2.0672e-01A/cm2 ğ›’:5.0141e+01ğ›€ cm
2023-03-29 09:35:23,861 INFO Measurement at current 0.004773869346733669
2023-03-29 09:35:24,456 INFO T:293.40Â°K V:3.3906e-01V I:4.7739e-03A R:7.1023e+01ğ›€ E:1.0465e+01V/cm J:2.0892e-01A/cm2 ğ›’:5.0089e+01ğ›€ cm
2023-03-29 09:35:24,484 INFO Measurement at current 0.004824120603015076
2023-03-29 09:35:25,089 INFO T:293.40Â°K V:3.4222e-01V I:4.8241e-03A R:7.0940e+01ğ›€ E:1.0562e+01V/cm J:2.1112e-01A/cm2 ğ›’:5.0030e+01ğ›€ cm
2023-03-29 09:35:25,124 INFO Measurement at current 0.004874371859296483
2023-03-29 09:35:25,714 INFO T:293.40Â°K V:3.4539e-01V I:4.8744e-03A R:7.0859e+01ğ›€ E:1.0660e+01V/cm J:2.1332e-01A/cm2 ğ›’:4.9973e+01ğ›€ cm
2023-03-29 09:35:25,744 INFO Measurement at current 0.00492462311557789
2023-03-29 09:35:26,353 INFO T:293.40Â°K V:3.4852e-01V I:4.9246e-03A R:7.0771e+01ğ›€ E:1.0757e+01V/cm J:2.1552e-01A/cm2 ğ›’:4.9911e+01ğ›€ cm
2023-03-29 09:35:26,371 INFO Measurement at current 0.004974874371859297
2023-03-29 09:35:26,959 INFO T:293.40Â°K V:3.5170e-01V I:4.9749e-03A R:7.0694e+01ğ›€ E:1.0855e+01V/cm J:2.1772e-01A/cm2 ğ›’:4.9857e+01ğ›€ cm
2023-03-29 09:35:26,976 INFO Measurement at current 0.005025125628140704
2023-03-29 09:35:27,565 INFO T:293.40Â°K V:3.5482e-01V I:5.0251e-03A R:7.0610e+01ğ›€ E:1.0951e+01V/cm J:2.1992e-01A/cm2 ğ›’:4.9798e+01ğ›€ cm
2023-03-29 09:35:27,588 INFO Measurement at current 0.005075376884422111
2023-03-29 09:35:28,180 INFO T:293.40Â°K V:3.5796e-01V I:5.0754e-03A R:7.0529e+01ğ›€ E:1.1048e+01V/cm J:2.2212e-01A/cm2 ğ›’:4.9741e+01ğ›€ cm
2023-03-29 09:35:28,195 INFO Measurement at current 0.0051256281407035175
2023-03-29 09:35:28,782 INFO T:293.40Â°K V:3.6107e-01V I:5.1256e-03A R:7.0444e+01ğ›€ E:1.1144e+01V/cm J:2.2432e-01A/cm2 ğ›’:4.9680e+01ğ›€ cm
2023-03-29 09:35:28,800 INFO Measurement at current 0.0051758793969849245
2023-03-29 09:35:29,388 INFO T:293.40Â°K V:3.6420e-01V I:5.1759e-03A R:7.0364e+01ğ›€ E:1.1241e+01V/cm J:2.2652e-01A/cm2 ğ›’:4.9624e+01ğ›€ cm
2023-03-29 09:35:29,406 INFO Measurement at current 0.0052261306532663315
2023-03-29 09:35:29,993 INFO T:293.40Â°K V:3.6727e-01V I:5.2261e-03A R:7.0276e+01ğ›€ E:1.1335e+01V/cm J:2.2871e-01A/cm2 ğ›’:4.9562e+01ğ›€ cm
2023-03-29 09:35:30,010 INFO Measurement at current 0.0052763819095477385
2023-03-29 09:35:30,602 INFO T:293.40Â°K V:3.7036e-01V I:5.2764e-03A R:7.0192e+01ğ›€ E:1.1431e+01V/cm J:2.3091e-01A/cm2 ğ›’:4.9503e+01ğ›€ cm
2023-03-29 09:35:53,573 WARNING Writing gpib error, check the source meter: write() failed: A read or write of data bytes has been aborted, possibly due to a timeout or reception of a device clear command.
2023-03-29 09:35:54,167 INFO T:586.77Â°K V:7.4033e-01V I:5.3266e-03A R:1.3899e+02ğ›€ E:2.2850e+01V/cm J:2.3311e-01A/cm2 ğ›’:9.8019e+01ğ›€ cm
2023-03-29 09:35:54,193 INFO Measurement at current 0.005376884422110553
2023-03-29 09:35:54,794 INFO T:293.37Â°K V:3.7617e-01V I:5.3769e-03A R:6.9961e+01ğ›€ E:1.1610e+01V/cm J:2.3531e-01A/cm2 ğ›’:4.9340e+01ğ›€ cm
2023-03-29 09:35:54,812 INFO Measurement at current 0.00542713567839196
2023-03-29 09:35:55,402 INFO T:293.37Â°K V:3.7924e-01V I:5.4271e-03A R:6.9879e+01ğ›€ E:1.1705e+01V/cm J:2.3751e-01A/cm2 ğ›’:4.9282e+01ğ›€ cm
2023-03-29 09:35:55,427 INFO Measurement at current 0.005477386934673367
2023-03-29 09:35:56,028 INFO T:293.37Â°K V:3.8232e-01V I:5.4774e-03A R:6.9800e+01ğ›€ E:1.1800e+01V/cm J:2.3971e-01A/cm2 ğ›’:4.9226e+01ğ›€ cm
2023-03-29 09:35:56,068 INFO Measurement at current 0.005527638190954774
2023-03-29 09:35:56,672 INFO T:293.37Â°K V:3.8535e-01V I:5.5276e-03A R:6.9714e+01ğ›€ E:1.1894e+01V/cm J:2.4191e-01A/cm2 ğ›’:4.9165e+01ğ›€ cm
2023-03-29 09:35:56,693 INFO Measurement at current 0.005577889447236181
2023-03-29 09:35:57,286 INFO T:293.37Â°K V:3.8841e-01V I:5.5779e-03A R:6.9634e+01ğ›€ E:1.1988e+01V/cm J:2.4411e-01A/cm2 ğ›’:4.9109e+01ğ›€ cm
2023-03-29 09:35:57,329 INFO Measurement at current 0.005628140703517588
2023-03-29 09:35:57,934 INFO T:293.37Â°K V:3.9144e-01V I:5.6281e-03A R:6.9550e+01ğ›€ E:1.2081e+01V/cm J:2.4631e-01A/cm2 ğ›’:4.9050e+01ğ›€ cm
2023-03-29 09:35:57,949 INFO Measurement at current 0.005678391959798995
2023-03-29 09:35:58,552 INFO T:293.37Â°K V:3.9447e-01V I:5.6784e-03A R:6.9469e+01ğ›€ E:1.2175e+01V/cm J:2.4851e-01A/cm2 ğ›’:4.8993e+01ğ›€ cm
2023-03-29 09:35:58,576 INFO Measurement at current 0.005728643216080402
2023-03-29 09:35:59,189 INFO T:293.37Â°K V:3.9748e-01V I:5.7286e-03A R:6.9385e+01ğ›€ E:1.2268e+01V/cm J:2.5071e-01A/cm2 ğ›’:4.8933e+01ğ›€ cm
2023-03-29 09:35:59,207 INFO Measurement at current 0.005778894472361809
2023-03-29 09:35:59,798 INFO T:293.37Â°K V:4.0048e-01V I:5.7789e-03A R:6.9300e+01ğ›€ E:1.2360e+01V/cm J:2.5291e-01A/cm2 ğ›’:4.8874e+01ğ›€ cm
2023-03-29 09:35:59,812 INFO Measurement at current 0.005829145728643216
2023-03-29 09:36:00,395 INFO T:293.37Â°K V:4.0344e-01V I:5.8291e-03A R:6.9211e+01ğ›€ E:1.2452e+01V/cm J:2.5510e-01A/cm2 ğ›’:4.8811e+01ğ›€ cm
2023-03-29 09:36:00,411 INFO Measurement at current 0.005879396984924623
2023-03-29 09:36:00,997 INFO T:293.37Â°K V:4.0644e-01V I:5.8794e-03A R:6.9130e+01ğ›€ E:1.2544e+01V/cm J:2.5730e-01A/cm2 ğ›’:4.8753e+01ğ›€ cm
2023-03-29 09:36:01,013 INFO Measurement at current 0.00592964824120603
2023-03-29 09:36:01,598 INFO T:293.36Â°K V:4.0938e-01V I:5.9296e-03A R:6.9040e+01ğ›€ E:1.2635e+01V/cm J:2.5950e-01A/cm2 ğ›’:4.8690e+01ğ›€ cm
2023-03-29 09:36:01,611 INFO Measurement at current 0.005979899497487437
2023-03-29 09:36:02,209 INFO T:293.36Â°K V:4.1236e-01V I:5.9799e-03A R:6.8957e+01ğ›€ E:1.2727e+01V/cm J:2.6170e-01A/cm2 ğ›’:4.8632e+01ğ›€ cm
2023-03-29 09:36:02,222 INFO Measurement at current 0.006030150753768844
2023-03-29 09:36:02,812 INFO T:293.36Â°K V:4.1528e-01V I:6.0302e-03A R:6.8868e+01ğ›€ E:1.2817e+01V/cm J:2.6390e-01A/cm2 ğ›’:4.8569e+01ğ›€ cm
2023-03-29 09:36:02,839 INFO Measurement at current 0.006080402010050252
2023-03-29 09:36:03,433 INFO T:293.36Â°K V:4.1823e-01V I:6.0804e-03A R:6.8783e+01ğ›€ E:1.2908e+01V/cm J:2.6610e-01A/cm2 ğ›’:4.8509e+01ğ›€ cm
2023-03-29 09:36:03,448 INFO Measurement at current 0.006130653266331659
2023-03-29 09:36:04,038 INFO T:293.36Â°K V:4.2112e-01V I:6.1307e-03A R:6.8691e+01ğ›€ E:1.2998e+01V/cm J:2.6830e-01A/cm2 ğ›’:4.8444e+01ğ›€ cm
2023-03-29 09:36:04,054 INFO Measurement at current 0.006180904522613066
2023-03-29 09:36:04,658 INFO T:293.36Â°K V:4.2404e-01V I:6.1809e-03A R:6.8605e+01ğ›€ E:1.3088e+01V/cm J:2.7050e-01A/cm2 ğ›’:4.8384e+01ğ›€ cm
2023-03-29 09:36:04,678 INFO Measurement at current 0.006231155778894473
2023-03-29 09:36:05,269 INFO T:293.36Â°K V:4.2690e-01V I:6.2312e-03A R:6.8511e+01ğ›€ E:1.3176e+01V/cm J:2.7270e-01A/cm2 ğ›’:4.8317e+01ğ›€ cm
2023-03-29 09:36:05,284 INFO Measurement at current 0.00628140703517588
2023-03-29 09:36:05,871 INFO T:293.36Â°K V:4.2980e-01V I:6.2814e-03A R:6.8424e+01ğ›€ E:1.3265e+01V/cm J:2.7490e-01A/cm2 ğ›’:4.8256e+01ğ›€ cm
2023-03-29 09:36:05,899 INFO Measurement at current 0.006331658291457287
2023-03-29 09:36:06,487 INFO T:293.36Â°K V:4.3267e-01V I:6.3317e-03A R:6.8335e+01ğ›€ E:1.3354e+01V/cm J:2.7710e-01A/cm2 ğ›’:4.8193e+01ğ›€ cm
2023-03-29 09:36:06,502 INFO Measurement at current 0.006381909547738694
2023-03-29 09:36:07,087 INFO T:293.36Â°K V:4.3555e-01V I:6.3819e-03A R:6.8248e+01ğ›€ E:1.3443e+01V/cm J:2.7930e-01A/cm2 ğ›’:4.8132e+01ğ›€ cm
2023-03-29 09:36:07,102 INFO Measurement at current 0.006432160804020101
2023-03-29 09:36:07,701 INFO T:293.36Â°K V:4.3838e-01V I:6.4322e-03A R:6.8154e+01ğ›€ E:1.3530e+01V/cm J:2.8150e-01A/cm2 ğ›’:4.8066e+01ğ›€ cm
2023-03-29 09:36:07,718 INFO Measurement at current 0.006482412060301508
2023-03-29 09:36:08,328 INFO T:293.36Â°K V:4.4123e-01V I:6.4824e-03A R:6.8065e+01ğ›€ E:1.3618e+01V/cm J:2.8369e-01A/cm2 ğ›’:4.8003e+01ğ›€ cm
2023-03-29 09:36:08,342 INFO Measurement at current 0.006532663316582915
2023-03-29 09:36:08,933 INFO T:293.36Â°K V:4.4403e-01V I:6.5327e-03A R:6.7970e+01ğ›€ E:1.3705e+01V/cm J:2.8589e-01A/cm2 ğ›’:4.7936e+01ğ›€ cm
2023-03-29 09:36:08,955 INFO Measurement at current 0.0065829145728643216
2023-03-29 09:36:09,550 INFO T:293.36Â°K V:4.4687e-01V I:6.5829e-03A R:6.7883e+01ğ›€ E:1.3792e+01V/cm J:2.8809e-01A/cm2 ğ›’:4.7874e+01ğ›€ cm
2023-03-29 09:36:09,570 INFO Measurement at current 0.0066331658291457285
2023-03-29 09:36:10,166 INFO T:293.36Â°K V:4.4967e-01V I:6.6332e-03A R:6.7791e+01ğ›€ E:1.3879e+01V/cm J:2.9029e-01A/cm2 ğ›’:4.7809e+01ğ›€ cm
2023-03-29 09:36:10,185 INFO Measurement at current 0.0066834170854271355
2023-03-29 09:36:10,783 INFO T:293.36Â°K V:4.5246e-01V I:6.6834e-03A R:6.7700e+01ğ›€ E:1.3965e+01V/cm J:2.9249e-01A/cm2 ğ›’:4.7745e+01ğ›€ cm
2023-03-29 09:36:10,798 INFO Measurement at current 0.0067336683417085425
2023-03-29 09:36:11,398 INFO T:293.35Â°K V:4.5523e-01V I:6.7337e-03A R:6.7605e+01ğ›€ E:1.4050e+01V/cm J:2.9469e-01A/cm2 ğ›’:4.7678e+01ğ›€ cm
2023-03-29 09:36:11,430 INFO Measurement at current 0.0067839195979899495
2023-03-29 09:36:12,030 INFO T:293.35Â°K V:4.5801e-01V I:6.7839e-03A R:6.7513e+01ğ›€ E:1.4136e+01V/cm J:2.9689e-01A/cm2 ğ›’:4.7614e+01ğ›€ cm
2023-03-29 09:36:12,060 INFO Measurement at current 0.006834170854271357
2023-03-29 09:36:12,664 INFO T:293.35Â°K V:4.6076e-01V I:6.8342e-03A R:6.7420e+01ğ›€ E:1.4221e+01V/cm J:2.9909e-01A/cm2 ğ›’:4.7547e+01ğ›€ cm
2023-03-29 09:36:12,678 INFO Measurement at current 0.006884422110552764
2023-03-29 09:36:13,265 INFO T:293.35Â°K V:4.6354e-01V I:6.8844e-03A R:6.7332e+01ğ›€ E:1.4307e+01V/cm J:3.0129e-01A/cm2 ğ›’:4.7486e+01ğ›€ cm
2023-03-29 09:36:13,290 INFO Measurement at current 0.006934673366834171
2023-03-29 09:36:13,880 INFO T:293.35Â°K V:4.6626e-01V I:6.9347e-03A R:6.7235e+01ğ›€ E:1.4391e+01V/cm J:3.0349e-01A/cm2 ğ›’:4.7418e+01ğ›€ cm
2023-03-29 09:36:13,902 INFO Measurement at current 0.006984924623115578
2023-03-29 09:36:14,518 INFO T:293.35Â°K V:4.6897e-01V I:6.9849e-03A R:6.7141e+01ğ›€ E:1.4474e+01V/cm J:3.0569e-01A/cm2 ğ›’:4.7351e+01ğ›€ cm
2023-03-29 09:36:14,539 INFO Measurement at current 0.007035175879396985
2023-03-29 09:36:15,130 INFO T:293.35Â°K V:4.7169e-01V I:7.0352e-03A R:6.7048e+01ğ›€ E:1.4558e+01V/cm J:3.0789e-01A/cm2 ğ›’:4.7285e+01ğ›€ cm
2023-03-29 09:36:15,150 INFO Measurement at current 0.007085427135678392
2023-03-29 09:36:15,737 INFO T:293.35Â°K V:4.7442e-01V I:7.0854e-03A R:6.6957e+01ğ›€ E:1.4643e+01V/cm J:3.1008e-01A/cm2 ğ›’:4.7221e+01ğ›€ cm
2023-03-29 09:36:15,759 INFO Measurement at current 0.007135678391959799
2023-03-29 09:36:16,348 INFO T:293.35Â°K V:4.7710e-01V I:7.1357e-03A R:6.6861e+01ğ›€ E:1.4725e+01V/cm J:3.1228e-01A/cm2 ğ›’:4.7154e+01ğ›€ cm
2023-03-29 09:36:16,372 INFO Measurement at current 0.007185929648241206
2023-03-29 09:36:16,985 INFO T:293.35Â°K V:4.7981e-01V I:7.1859e-03A R:6.6771e+01ğ›€ E:1.4809e+01V/cm J:3.1448e-01A/cm2 ğ›’:4.7090e+01ğ›€ cm
2023-03-29 09:36:17,015 INFO Measurement at current 0.007236180904522613
2023-03-29 09:36:17,630 INFO T:293.35Â°K V:4.8248e-01V I:7.2362e-03A R:6.6676e+01ğ›€ E:1.4891e+01V/cm J:3.1668e-01A/cm2 ğ›’:4.7023e+01ğ›€ cm
2023-03-29 09:36:17,653 INFO Measurement at current 0.00728643216080402
2023-03-29 09:36:18,255 INFO T:293.35Â°K V:4.8516e-01V I:7.2864e-03A R:6.6584e+01ğ›€ E:1.4974e+01V/cm J:3.1888e-01A/cm2 ğ›’:4.6958e+01ğ›€ cm
2023-03-29 09:36:18,276 INFO Measurement at current 0.007336683417085427
2023-03-29 09:36:18,885 INFO T:293.35Â°K V:4.8779e-01V I:7.3367e-03A R:6.6487e+01ğ›€ E:1.5055e+01V/cm J:3.2108e-01A/cm2 ğ›’:4.6890e+01ğ›€ cm
2023-03-29 09:36:18,906 INFO Measurement at current 0.007386934673366834
2023-03-29 09:36:19,517 INFO T:293.35Â°K V:4.9044e-01V I:7.3869e-03A R:6.6393e+01ğ›€ E:1.5137e+01V/cm J:3.2328e-01A/cm2 ğ›’:4.6824e+01ğ›€ cm
2023-03-29 09:36:19,547 INFO Measurement at current 0.007437185929648241
2023-03-29 09:36:20,163 INFO T:293.35Â°K V:4.9306e-01V I:7.4372e-03A R:6.6296e+01ğ›€ E:1.5218e+01V/cm J:3.2548e-01A/cm2 ğ›’:4.6755e+01ğ›€ cm
2023-03-29 09:36:20,180 INFO Measurement at current 0.007487437185929648
2023-03-29 09:36:20,771 INFO T:293.34Â°K V:4.9568e-01V I:7.4874e-03A R:6.6201e+01ğ›€ E:1.5299e+01V/cm J:3.2768e-01A/cm2 ğ›’:4.6688e+01ğ›€ cm
2023-03-29 09:36:20,790 INFO Measurement at current 0.007537688442211056
2023-03-29 09:36:21,397 INFO T:293.34Â°K V:4.9829e-01V I:7.5377e-03A R:6.6107e+01ğ›€ E:1.5379e+01V/cm J:3.2988e-01A/cm2 ğ›’:4.6622e+01ğ›€ cm
2023-03-29 09:36:21,418 INFO Measurement at current 0.007587939698492463
2023-03-29 09:36:22,019 INFO T:293.34Â°K V:5.0089e-01V I:7.5879e-03A R:6.6012e+01ğ›€ E:1.5460e+01V/cm J:3.3208e-01A/cm2 ğ›’:4.6555e+01ğ›€ cm
2023-03-29 09:36:22,040 INFO Measurement at current 0.00763819095477387
2023-03-29 09:36:22,639 INFO T:293.34Â°K V:5.0347e-01V I:7.6382e-03A R:6.5915e+01ğ›€ E:1.5539e+01V/cm J:3.3428e-01A/cm2 ğ›’:4.6486e+01ğ›€ cm
2023-03-29 09:36:22,662 INFO Measurement at current 0.007688442211055277
2023-03-29 09:36:23,248 INFO T:293.34Â°K V:5.0607e-01V I:7.6884e-03A R:6.5822e+01ğ›€ E:1.5619e+01V/cm J:3.3647e-01A/cm2 ğ›’:4.6421e+01ğ›€ cm
2023-03-29 09:36:23,266 INFO Measurement at current 0.007738693467336684
2023-03-29 09:36:23,938 INFO T:293.34Â°K V:5.0862e-01V I:7.7387e-03A R:6.5725e+01ğ›€ E:1.5698e+01V/cm J:3.3867e-01A/cm2 ğ›’:4.6352e+01ğ›€ cm
2023-03-29 09:36:23,962 INFO Measurement at current 0.007788944723618091
2023-03-29 09:36:24,548 INFO T:293.34Â°K V:5.1119e-01V I:7.7889e-03A R:6.5630e+01ğ›€ E:1.5777e+01V/cm J:3.4087e-01A/cm2 ğ›’:4.6285e+01ğ›€ cm
2023-03-29 09:36:24,569 INFO Measurement at current 0.007839195979899497
2023-03-29 09:36:25,157 INFO T:293.34Â°K V:5.1374e-01V I:7.8392e-03A R:6.5534e+01ğ›€ E:1.5856e+01V/cm J:3.4307e-01A/cm2 ğ›’:4.6218e+01ğ›€ cm
2023-03-29 09:36:25,178 INFO Measurement at current 0.007889447236180906
2023-03-29 09:36:25,792 INFO T:293.34Â°K V:5.1626e-01V I:7.8894e-03A R:6.5437e+01ğ›€ E:1.5934e+01V/cm J:3.4527e-01A/cm2 ğ›’:4.6149e+01ğ›€ cm
2023-03-29 09:36:25,811 INFO Measurement at current 0.007939698492462312
2023-03-29 09:36:26,401 INFO T:293.34Â°K V:5.1876e-01V I:7.9397e-03A R:6.5338e+01ğ›€ E:1.6011e+01V/cm J:3.4747e-01A/cm2 ğ›’:4.6079e+01ğ›€ cm
2023-03-29 09:36:26,419 INFO Measurement at current 0.00798994974874372
2023-03-29 09:36:27,014 INFO T:293.34Â°K V:5.2128e-01V I:7.9899e-03A R:6.5242e+01ğ›€ E:1.6089e+01V/cm J:3.4967e-01A/cm2 ğ›’:4.6012e+01ğ›€ cm
2023-03-29 09:36:27,032 INFO Measurement at current 0.008040201005025126
2023-03-29 09:36:27,618 INFO T:293.34Â°K V:5.2380e-01V I:8.0402e-03A R:6.5147e+01ğ›€ E:1.6167e+01V/cm J:3.5187e-01A/cm2 ğ›’:4.5945e+01ğ›€ cm
2023-03-29 09:36:27,641 INFO Measurement at current 0.008090452261306533
2023-03-29 09:36:28,226 INFO T:293.34Â°K V:5.2632e-01V I:8.0905e-03A R:6.5054e+01ğ›€ E:1.6244e+01V/cm J:3.5407e-01A/cm2 ğ›’:4.5879e+01ğ›€ cm
2023-03-29 09:36:28,244 INFO Measurement at current 0.00814070351758794
2023-03-29 09:36:28,835 INFO T:293.34Â°K V:5.2879e-01V I:8.1407e-03A R:6.4957e+01ğ›€ E:1.6321e+01V/cm J:3.5627e-01A/cm2 ğ›’:4.5811e+01ğ›€ cm
2023-03-29 09:36:28,853 INFO Measurement at current 0.008190954773869347
2023-03-29 09:36:29,469 INFO T:293.34Â°K V:5.3128e-01V I:8.1910e-03A R:6.4862e+01ğ›€ E:1.6398e+01V/cm J:3.5847e-01A/cm2 ğ›’:4.5744e+01ğ›€ cm
2023-03-29 09:36:29,485 INFO Measurement at current 0.008241206030150754
2023-03-29 09:36:30,084 INFO T:293.34Â°K V:5.3375e-01V I:8.2412e-03A R:6.4766e+01ğ›€ E:1.6474e+01V/cm J:3.6067e-01A/cm2 ğ›’:4.5676e+01ğ›€ cm
2023-03-29 09:36:30,136 INFO Measurement at current 0.008291457286432161
2023-03-29 09:36:30,730 INFO T:293.33Â°K V:5.3622e-01V I:8.2915e-03A R:6.4672e+01ğ›€ E:1.6550e+01V/cm J:3.6286e-01A/cm2 ğ›’:4.5610e+01ğ›€ cm
2023-03-29 09:36:30,748 INFO Measurement at current 0.008341708542713568
2023-03-29 09:36:31,340 INFO T:293.33Â°K V:5.3864e-01V I:8.3417e-03A R:6.4572e+01ğ›€ E:1.6625e+01V/cm J:3.6506e-01A/cm2 ğ›’:4.5539e+01ğ›€ cm
2023-03-29 09:36:31,364 INFO Measurement at current 0.008391959798994975
2023-03-29 09:36:31,977 INFO T:293.33Â°K V:5.4106e-01V I:8.3920e-03A R:6.4474e+01ğ›€ E:1.6699e+01V/cm J:3.6726e-01A/cm2 ğ›’:4.5470e+01ğ›€ cm
2023-03-29 09:36:32,011 INFO Measurement at current 0.008442211055276382
2023-03-29 09:36:32,623 INFO T:293.33Â°K V:5.4347e-01V I:8.4422e-03A R:6.4375e+01ğ›€ E:1.6774e+01V/cm J:3.6946e-01A/cm2 ğ›’:4.5401e+01ğ›€ cm
2023-03-29 09:36:32,647 INFO Measurement at current 0.00849246231155779
2023-03-29 09:36:33,237 INFO T:293.33Â°K V:5.4589e-01V I:8.4925e-03A R:6.4280e+01ğ›€ E:1.6849e+01V/cm J:3.7166e-01A/cm2 ğ›’:4.5333e+01ğ›€ cm
2023-03-29 09:36:33,268 INFO Measurement at current 0.008542713567839196
2023-03-29 09:36:33,871 INFO T:293.33Â°K V:5.4829e-01V I:8.5427e-03A R:6.4183e+01ğ›€ E:1.6923e+01V/cm J:3.7386e-01A/cm2 ğ›’:4.5265e+01ğ›€ cm
2023-03-29 09:36:33,890 INFO Measurement at current 0.008592964824120603
2023-03-29 09:36:34,480 INFO T:293.33Â°K V:5.5066e-01V I:8.5930e-03A R:6.4083e+01ğ›€ E:1.6996e+01V/cm J:3.7606e-01A/cm2 ğ›’:4.5194e+01ğ›€ cm
2023-03-29 09:36:34,555 INFO Measurement at current 0.00864321608040201
2023-03-29 09:36:35,146 INFO T:293.33Â°K V:5.5301e-01V I:8.6432e-03A R:6.3982e+01ğ›€ E:1.7068e+01V/cm J:3.7826e-01A/cm2 ğ›’:4.5123e+01ğ›€ cm
2023-03-29 09:36:35,164 INFO Measurement at current 0.008693467336683417
2023-03-29 09:36:35,773 INFO T:293.33Â°K V:5.5536e-01V I:8.6935e-03A R:6.3882e+01ğ›€ E:1.7141e+01V/cm J:3.8046e-01A/cm2 ğ›’:4.5053e+01ğ›€ cm
2023-03-29 09:36:35,800 INFO Measurement at current 0.008743718592964824
2023-03-29 09:36:36,399 INFO T:293.33Â°K V:5.5771e-01V I:8.7437e-03A R:6.3784e+01ğ›€ E:1.7213e+01V/cm J:3.8266e-01A/cm2 ğ›’:4.4984e+01ğ›€ cm
2023-03-29 09:36:36,418 INFO Measurement at current 0.008793969849246231
2023-03-29 09:36:37,008 INFO T:293.33Â°K V:5.6006e-01V I:8.7940e-03A R:6.3687e+01ğ›€ E:1.7286e+01V/cm J:3.8486e-01A/cm2 ğ›’:4.4915e+01ğ›€ cm
2023-03-29 09:36:37,035 INFO Measurement at current 0.008844221105527638
2023-03-29 09:36:37,647 INFO T:293.33Â°K V:5.6235e-01V I:8.8442e-03A R:6.3584e+01ğ›€ E:1.7357e+01V/cm J:3.8706e-01A/cm2 ğ›’:4.4842e+01ğ›€ cm
2023-03-29 09:36:37,665 INFO Measurement at current 0.008894472361809045
2023-03-29 09:36:38,269 INFO T:293.33Â°K V:5.6468e-01V I:8.8945e-03A R:6.3486e+01ğ›€ E:1.7428e+01V/cm J:3.8925e-01A/cm2 ğ›’:4.4773e+01ğ›€ cm
2023-03-29 09:36:38,288 INFO Measurement at current 0.008944723618090452
2023-03-29 09:36:38,879 INFO T:293.33Â°K V:5.6695e-01V I:8.9447e-03A R:6.3384e+01ğ›€ E:1.7499e+01V/cm J:3.9145e-01A/cm2 ğ›’:4.4701e+01ğ›€ cm
2023-03-29 09:36:38,895 INFO Measurement at current 0.008994974874371859
2023-03-29 09:36:39,489 INFO T:293.33Â°K V:5.6924e-01V I:8.9950e-03A R:6.3284e+01ğ›€ E:1.7569e+01V/cm J:3.9365e-01A/cm2 ğ›’:4.4631e+01ğ›€ cm
2023-03-29 09:36:39,524 INFO Measurement at current 0.009045226130653266
2023-03-29 09:36:40,119 INFO T:293.33Â°K V:5.7149e-01V I:9.0452e-03A R:6.3181e+01ğ›€ E:1.7639e+01V/cm J:3.9585e-01A/cm2 ğ›’:4.4558e+01ğ›€ cm
2023-03-29 09:36:40,134 INFO Measurement at current 0.009095477386934673
2023-03-29 09:36:40,718 INFO T:293.32Â°K V:5.7381e-01V I:9.0955e-03A R:6.3087e+01ğ›€ E:1.7710e+01V/cm J:3.9805e-01A/cm2 ğ›’:4.4492e+01ğ›€ cm
2023-03-29 09:36:40,763 INFO Measurement at current 0.00914572864321608
2023-03-29 09:36:41,349 INFO T:293.32Â°K V:5.7603e-01V I:9.1457e-03A R:6.2983e+01ğ›€ E:1.7779e+01V/cm J:4.0025e-01A/cm2 ğ›’:4.4419e+01ğ›€ cm
2023-03-29 09:36:41,367 INFO Measurement at current 0.009195979899497487
2023-03-29 09:36:41,998 INFO T:293.32Â°K V:5.7825e-01V I:9.1960e-03A R:6.2881e+01ğ›€ E:1.7847e+01V/cm J:4.0245e-01A/cm2 ğ›’:4.4347e+01ğ›€ cm
2023-03-29 09:36:42,018 INFO Measurement at current 0.009246231155778894
2023-03-29 09:36:42,601 INFO T:293.32Â°K V:5.8040e-01V I:9.2462e-03A R:6.2771e+01ğ›€ E:1.7913e+01V/cm J:4.0465e-01A/cm2 ğ›’:4.4269e+01ğ›€ cm
2023-03-29 09:36:42,623 INFO Measurement at current 0.009296482412060303
2023-03-29 09:36:43,230 INFO T:293.32Â°K V:5.8257e-01V I:9.2965e-03A R:6.2666e+01ğ›€ E:1.7981e+01V/cm J:4.0685e-01A/cm2 ğ›’:4.4195e+01ğ›€ cm
2023-03-29 09:36:43,271 INFO Measurement at current 0.00934673366834171
2023-03-29 09:36:43,869 INFO T:293.32Â°K V:5.8479e-01V I:9.3467e-03A R:6.2566e+01ğ›€ E:1.8049e+01V/cm J:4.0905e-01A/cm2 ğ›’:4.4125e+01ğ›€ cm
2023-03-29 09:36:43,883 INFO Measurement at current 0.009396984924623117
2023-03-29 09:36:44,481 INFO T:293.32Â°K V:5.8702e-01V I:9.3970e-03A R:6.2469e+01ğ›€ E:1.8118e+01V/cm J:4.1125e-01A/cm2 ğ›’:4.4056e+01ğ›€ cm
2023-03-29 09:36:44,507 INFO Measurement at current 0.009447236180904523
2023-03-29 09:36:45,099 INFO T:293.32Â°K V:5.8915e-01V I:9.4472e-03A R:6.2363e+01ğ›€ E:1.8184e+01V/cm J:4.1345e-01A/cm2 ğ›’:4.3981e+01ğ›€ cm
2023-03-29 09:36:45,122 INFO Measurement at current 0.00949748743718593
2023-03-29 09:36:45,724 INFO T:293.32Â°K V:5.9135e-01V I:9.4975e-03A R:6.2264e+01ğ›€ E:1.8251e+01V/cm J:4.1564e-01A/cm2 ğ›’:4.3911e+01ğ›€ cm
2023-03-29 09:36:45,764 INFO Measurement at current 0.009547738693467337
2023-03-29 09:36:46,362 INFO T:293.32Â°K V:5.9346e-01V I:9.5477e-03A R:6.2157e+01ğ›€ E:1.8317e+01V/cm J:4.1784e-01A/cm2 ğ›’:4.3836e+01ğ›€ cm
2023-03-29 09:36:46,392 INFO Measurement at current 0.009597989949748744
2023-03-29 09:36:46,989 INFO T:293.32Â°K V:5.9564e-01V I:9.5980e-03A R:6.2059e+01ğ›€ E:1.8384e+01V/cm J:4.2004e-01A/cm2 ğ›’:4.3767e+01ğ›€ cm
2023-03-29 09:36:47,011 INFO Measurement at current 0.009648241206030151
2023-03-29 09:36:47,612 INFO T:293.32Â°K V:5.9783e-01V I:9.6482e-03A R:6.1963e+01ğ›€ E:1.8452e+01V/cm J:4.2224e-01A/cm2 ğ›’:4.3699e+01ğ›€ cm
2023-03-29 09:36:47,627 INFO Measurement at current 0.009698492462311558
2023-03-29 09:36:48,213 INFO T:293.32Â°K V:5.9996e-01V I:9.6985e-03A R:6.1861e+01ğ›€ E:1.8517e+01V/cm J:4.2444e-01A/cm2 ğ›’:4.3627e+01ğ›€ cm
2023-03-29 09:36:48,245 INFO Measurement at current 0.009748743718592965
2023-03-29 09:36:48,840 INFO T:293.32Â°K V:6.0206e-01V I:9.7487e-03A R:6.1757e+01ğ›€ E:1.8582e+01V/cm J:4.2664e-01A/cm2 ğ›’:4.3554e+01ğ›€ cm
2023-03-29 09:36:48,855 INFO Measurement at current 0.009798994974874372
2023-03-29 09:36:49,457 INFO T:293.32Â°K V:6.0418e-01V I:9.7990e-03A R:6.1657e+01ğ›€ E:1.8648e+01V/cm J:4.2884e-01A/cm2 ğ›’:4.3484e+01ğ›€ cm
2023-03-29 09:36:49,503 INFO Measurement at current 0.00984924623115578
2023-03-29 09:36:50,106 INFO T:293.32Â°K V:6.0630e-01V I:9.8492e-03A R:6.1558e+01ğ›€ E:1.8713e+01V/cm J:4.3104e-01A/cm2 ğ›’:4.3414e+01ğ›€ cm
2023-03-29 09:36:50,124 INFO Measurement at current 0.009899497487437186
2023-03-29 09:36:50,733 INFO T:293.31Â°K V:6.0840e-01V I:9.8995e-03A R:6.1458e+01ğ›€ E:1.8778e+01V/cm J:4.3324e-01A/cm2 ğ›’:4.3343e+01ğ›€ cm
2023-03-29 09:36:50,760 INFO Measurement at current 0.009949748743718593
2023-03-29 09:36:51,354 INFO T:293.31Â°K V:6.1044e-01V I:9.9497e-03A R:6.1352e+01ğ›€ E:1.8841e+01V/cm J:4.3544e-01A/cm2 ğ›’:4.3268e+01ğ›€ cm
2023-03-29 09:36:51,378 INFO Measurement at current 0.01
2023-03-29 09:36:51,977 INFO T:293.31Â°K V:6.1256e-01V I:1.0000e-02A R:6.1256e+01ğ›€ E:1.8906e+01V/cm J:4.3764e-01A/cm2 ğ›’:4.3200e+01ğ›€ cm
2023-03-29 09:36:59,862 INFO Save the description file
2023-03-29 09:36:59,872 INFO Save data in numpy format Esperimenti/CPRO_MUSA_290323_I_V/CPRO_MUSA_290323_I_V_current_from_0_to_100e-4A/CPRO_MUSA_290323_I_V_current_from_0_to_100e-4A-20230329093658
2023-03-29 09:36:59,880 INFO Save data in CSV format Esperimenti/CPRO_MUSA_290323_I_V/CPRO_MUSA_290323_I_V_current_from_0_to_100e-4A/CPRO_MUSA_290323_I_V_current_from_0_to_100e-4A-20230329093658.csv
2023-03-29 09:36:59,900 INFO Save plot as image Esperimenti/CPRO_MUSA_290323_I_V/CPRO_MUSA_290323_I_V_current_from_0_to_100e-4A/CPRO_MUSA_290323_I_V_current_from_0_to_100e-4A-20230329093658.png
