2023-03-29 18:02:15,327 INFO ### Start experiment: CPRO_MUSA_290323_I_V current from 0 to 100e-4A ###
2023-03-29 18:02:16,673 INFO Found Multimeter KEITHLEY INSTRUMENTS INC.,MODEL 2700,0884890,B03  /A02  

2023-03-29 18:02:17,705 INFO Found Nanovolt Meter KEITHLEY INSTRUMENTS INC.,MODEL 2182A,4056474,C03  /A02  

2023-03-29 18:02:17,834 INFO Found Source Meter KEITHLEY INSTRUMENTS INC.,MODEL 2400,0945684,C24   Feb 14 2002 11:59:45/A02  /K/H

2023-03-29 18:02:17,970 INFO Start the measurement loop
2023-03-29 18:02:26,058 INFO Measurement at current 0.0
2023-03-29 18:02:26,973 INFO T:146.23Â°K V:-1.6260e-04V I:0.0000e+00A R:-infğ›€ E:-5.0186e-03V/cm J:0.0000e+00A/cm2 ğ›’:-infğ›€ cm
2023-03-29 18:02:26,996 INFO Measurement at current 5.0251256281407036e-05
2023-03-29 18:02:28,245 INFO T:146.21Â°K V:2.6730e-01V I:5.0251e-05A R:5.3193e+03ğ›€ E:8.2501e+00V/cm J:2.1992e-03A/cm2 ğ›’:3.7514e+03ğ›€ cm
2023-03-29 18:02:28,267 INFO Measurement at current 0.00010050251256281407
2023-03-29 18:02:28,862 INFO T:146.21Â°K V:5.2848e-01V I:1.0050e-04A R:5.2584e+03ğ›€ E:1.6311e+01V/cm J:4.3984e-03A/cm2 ğ›’:3.7085e+03ğ›€ cm
2023-03-29 18:02:28,893 INFO Measurement at current 0.00015075376884422112
2023-03-29 18:02:29,478 INFO T:146.20Â°K V:7.7481e-01V I:1.5075e-04A R:5.1396e+03ğ›€ E:2.3914e+01V/cm J:6.5975e-03A/cm2 ğ›’:3.6247e+03ğ›€ cm
2023-03-29 18:02:29,498 INFO Measurement at current 0.00020100502512562814
2023-03-29 18:02:30,088 INFO T:146.19Â°K V:1.0138e+00V I:2.0101e-04A R:5.0439e+03ğ›€ E:3.1292e+01V/cm J:8.7967e-03A/cm2 ğ›’:3.5572e+03ğ›€ cm
2023-03-29 18:02:30,107 INFO Measurement at current 0.0002512562814070352
2023-03-29 18:02:31,429 INFO T:146.18Â°K V:1.2449e+00V I:2.5126e-04A R:4.9546e+03ğ›€ E:3.8422e+01V/cm J:1.0996e-02A/cm2 ğ›’:3.4942e+03ğ›€ cm
2023-03-29 18:02:31,448 INFO Measurement at current 0.00030150753768844223
2023-03-29 18:02:32,046 INFO T:146.17Â°K V:1.4706e+00V I:3.0151e-04A R:4.8774e+03ğ›€ E:4.5388e+01V/cm J:1.3195e-02A/cm2 ğ›’:3.4397e+03ğ›€ cm
2023-03-29 18:02:32,067 INFO Measurement at current 0.00035175879396984926
2023-03-29 18:02:32,665 INFO T:146.16Â°K V:1.6857e+00V I:3.5176e-04A R:4.7921e+03ğ›€ E:5.2026e+01V/cm J:1.5394e-02A/cm2 ğ›’:3.3796e+03ğ›€ cm
2023-03-29 18:02:32,687 INFO Measurement at current 0.0004020100502512563
2023-03-29 18:02:33,289 INFO T:146.15Â°K V:1.8892e+00V I:4.0201e-04A R:4.6993e+03ğ›€ E:5.8307e+01V/cm J:1.7593e-02A/cm2 ğ›’:3.3141e+03ğ›€ cm
2023-03-29 18:02:33,321 INFO Measurement at current 0.0004522613065326633
2023-03-29 18:02:33,915 INFO T:146.15Â°K V:2.0780e+00V I:4.5226e-04A R:4.5947e+03ğ›€ E:6.4135e+01V/cm J:1.9793e-02A/cm2 ğ›’:3.2404e+03ğ›€ cm
2023-03-29 18:02:33,949 INFO Measurement at current 0.0005025125628140704
2023-03-29 18:02:34,556 INFO T:146.14Â°K V:2.2627e+00V I:5.0251e-04A R:4.5027e+03ğ›€ E:6.9835e+01V/cm J:2.1992e-02A/cm2 ğ›’:3.1755e+03ğ›€ cm
2023-03-29 18:02:34,574 INFO Measurement at current 0.0005527638190954774
2023-03-29 18:02:35,165 INFO T:146.13Â°K V:2.4405e+00V I:5.5276e-04A R:4.4150e+03ğ›€ E:7.5323e+01V/cm J:2.4191e-02A/cm2 ğ›’:3.1137e+03ğ›€ cm
2023-03-29 18:02:35,185 INFO Measurement at current 0.0006030150753768845
2023-03-29 18:02:35,781 INFO T:146.12Â°K V:2.6069e+00V I:6.0302e-04A R:4.3231e+03ğ›€ E:8.0460e+01V/cm J:2.6390e-02A/cm2 ğ›’:3.0489e+03ğ›€ cm
2023-03-29 18:02:35,808 INFO Measurement at current 0.0006532663316582914
2023-03-29 18:02:36,411 INFO T:146.12Â°K V:2.7613e+00V I:6.5327e-04A R:4.2269e+03ğ›€ E:8.5226e+01V/cm J:2.8589e-02A/cm2 ğ›’:2.9810e+03ğ›€ cm
2023-03-29 18:02:36,432 INFO Measurement at current 0.0007035175879396985
2023-03-29 18:02:37,023 INFO T:146.11Â°K V:2.8980e+00V I:7.0352e-04A R:4.1193e+03ğ›€ E:8.9445e+01V/cm J:3.0789e-02A/cm2 ğ›’:2.9051e+03ğ›€ cm
2023-03-29 18:02:37,047 INFO Measurement at current 0.0007537688442211055
2023-03-29 18:02:37,645 INFO T:146.10Â°K V:3.0252e+00V I:7.5377e-04A R:4.0135e+03ğ›€ E:9.3371e+01V/cm J:3.2988e-02A/cm2 ğ›’:2.8305e+03ğ›€ cm
2023-03-29 18:02:37,664 INFO Measurement at current 0.0008040201005025126
2023-03-29 18:02:38,251 INFO T:146.09Â°K V:3.1470e+00V I:8.0402e-04A R:3.9141e+03ğ›€ E:9.7130e+01V/cm J:3.5187e-02A/cm2 ğ›’:2.7604e+03ğ›€ cm
2023-03-29 18:02:38,274 INFO Measurement at current 0.0008542713567839197
2023-03-29 18:02:38,886 INFO T:146.09Â°K V:3.2622e+00V I:8.5427e-04A R:3.8186e+03ğ›€ E:1.0068e+02V/cm J:3.7386e-02A/cm2 ğ›’:2.6931e+03ğ›€ cm
2023-03-29 18:02:38,910 INFO Measurement at current 0.0009045226130653266
2023-03-29 18:02:39,521 INFO T:146.08Â°K V:3.3877e+00V I:9.0452e-04A R:3.7453e+03ğ›€ E:1.0456e+02V/cm J:3.9585e-02A/cm2 ğ›’:2.6414e+03ğ›€ cm
2023-03-29 18:02:39,541 INFO Measurement at current 0.0009547738693467337
2023-03-29 18:02:40,130 INFO T:146.07Â°K V:3.4864e+00V I:9.5477e-04A R:3.6515e+03ğ›€ E:1.0760e+02V/cm J:4.1784e-02A/cm2 ğ›’:2.5752e+03ğ›€ cm
2023-03-29 18:02:40,156 INFO Measurement at current 0.0010050251256281408
2023-03-29 18:02:40,739 INFO T:146.06Â°K V:3.5835e+00V I:1.0050e-03A R:3.5655e+03ğ›€ E:1.1060e+02V/cm J:4.3984e-02A/cm2 ğ›’:2.5146e+03ğ›€ cm
2023-03-29 18:02:40,763 INFO Measurement at current 0.0010552763819095478
2023-03-29 18:02:41,350 INFO T:146.06Â°K V:3.6835e+00V I:1.0553e-03A R:3.4906e+03ğ›€ E:1.1369e+02V/cm J:4.6183e-02A/cm2 ğ›’:2.4617e+03ğ›€ cm
2023-03-29 18:02:41,373 INFO Measurement at current 0.0011055276381909548
2023-03-29 18:02:41,975 INFO T:146.05Â°K V:3.7712e+00V I:1.1055e-03A R:3.4113e+03ğ›€ E:1.1640e+02V/cm J:4.8382e-02A/cm2 ğ›’:2.4058e+03ğ›€ cm
2023-03-29 18:02:41,994 INFO Measurement at current 0.0011557788944723617
2023-03-29 18:02:42,588 INFO T:146.04Â°K V:3.8545e+00V I:1.1558e-03A R:3.3350e+03ğ›€ E:1.1897e+02V/cm J:5.0581e-02A/cm2 ğ›’:2.3520e+03ğ›€ cm
2023-03-29 18:02:42,613 INFO Measurement at current 0.001206030150753769
2023-03-29 18:02:43,209 INFO T:146.04Â°K V:3.9859e+00V I:1.2060e-03A R:3.3049e+03ğ›€ E:1.2302e+02V/cm J:5.2780e-02A/cm2 ğ›’:2.3308e+03ğ›€ cm
2023-03-29 18:02:43,235 INFO Measurement at current 0.001256281407035176
2023-03-29 18:02:43,839 INFO T:146.03Â°K V:4.0603e+00V I:1.2563e-03A R:3.2320e+03ğ›€ E:1.2532e+02V/cm J:5.4979e-02A/cm2 ğ›’:2.2794e+03ğ›€ cm
2023-03-29 18:02:43,863 INFO Measurement at current 0.0013065326633165829
2023-03-29 18:02:44,465 INFO T:146.02Â°K V:4.1162e+00V I:1.3065e-03A R:3.1505e+03ğ›€ E:1.2704e+02V/cm J:5.7179e-02A/cm2 ğ›’:2.2219e+03ğ›€ cm
2023-03-29 18:02:44,488 INFO Measurement at current 0.00135678391959799
2023-03-29 18:02:45,087 INFO T:146.01Â°K V:4.1779e+00V I:1.3568e-03A R:3.0793e+03ğ›€ E:1.2895e+02V/cm J:5.9378e-02A/cm2 ğ›’:2.1716e+03ğ›€ cm
2023-03-29 18:02:45,103 INFO Measurement at current 0.001407035175879397
2023-03-29 18:02:45,686 INFO T:146.01Â°K V:4.2314e+00V I:1.4070e-03A R:3.0073e+03ğ›€ E:1.3060e+02V/cm J:6.1577e-02A/cm2 ğ›’:2.1209e+03ğ›€ cm
2023-03-29 18:02:45,703 INFO Measurement at current 0.001457286432160804
2023-03-29 18:02:46,294 INFO T:146.00Â°K V:4.2152e+00V I:1.4573e-03A R:2.8925e+03ğ›€ E:1.3010e+02V/cm J:6.3776e-02A/cm2 ğ›’:2.0399e+03ğ›€ cm
2023-03-29 18:02:46,312 INFO Measurement at current 0.001507537688442211
2023-03-29 18:02:46,897 INFO T:145.99Â°K V:4.2416e+00V I:1.5075e-03A R:2.8136e+03ğ›€ E:1.3091e+02V/cm J:6.5975e-02A/cm2 ğ›’:1.9843e+03ğ›€ cm
2023-03-29 18:02:46,920 INFO Measurement at current 0.0015577889447236182
2023-03-29 18:02:47,512 INFO T:145.98Â°K V:4.2705e+00V I:1.5578e-03A R:2.7414e+03ğ›€ E:1.3181e+02V/cm J:6.8175e-02A/cm2 ğ›’:1.9334e+03ğ›€ cm
2023-03-29 18:02:47,536 INFO Measurement at current 0.0016080402010050252
2023-03-29 18:02:48,136 INFO T:145.98Â°K V:4.3102e+00V I:1.6080e-03A R:2.6804e+03ğ›€ E:1.3303e+02V/cm J:7.0374e-02A/cm2 ğ›’:1.8903e+03ğ›€ cm
2023-03-29 18:02:48,156 INFO Measurement at current 0.0016582914572864321
2023-03-29 18:02:48,761 INFO T:145.97Â°K V:4.3569e+00V I:1.6583e-03A R:2.6274e+03ğ›€ E:1.3447e+02V/cm J:7.2573e-02A/cm2 ğ›’:1.8529e+03ğ›€ cm
2023-03-29 18:02:48,782 INFO Measurement at current 0.0017085427135678393
2023-03-29 18:02:49,367 INFO T:145.96Â°K V:4.4024e+00V I:1.7085e-03A R:2.5767e+03ğ›€ E:1.3588e+02V/cm J:7.4772e-02A/cm2 ğ›’:1.8172e+03ğ›€ cm
2023-03-29 18:02:49,393 INFO Measurement at current 0.0017587939698492463
2023-03-29 18:02:49,991 INFO T:145.96Â°K V:4.4433e+00V I:1.7588e-03A R:2.5263e+03ğ›€ E:1.3714e+02V/cm J:7.6971e-02A/cm2 ğ›’:1.7817e+03ğ›€ cm
2023-03-29 18:02:50,014 INFO Measurement at current 0.0018090452261306533
2023-03-29 18:02:50,607 INFO T:145.95Â°K V:4.4715e+00V I:1.8090e-03A R:2.4717e+03ğ›€ E:1.3801e+02V/cm J:7.9170e-02A/cm2 ğ›’:1.7432e+03ğ›€ cm
2023-03-29 18:02:50,635 INFO Measurement at current 0.0018592964824120603
2023-03-29 18:02:51,231 INFO T:145.94Â°K V:4.4707e+00V I:1.8593e-03A R:2.4045e+03ğ›€ E:1.3798e+02V/cm J:8.1370e-02A/cm2 ğ›’:1.6958e+03ğ›€ cm
2023-03-29 18:02:51,247 INFO Measurement at current 0.0019095477386934674
2023-03-29 18:02:51,834 INFO T:145.93Â°K V:4.3900e+00V I:1.9095e-03A R:2.2990e+03ğ›€ E:1.3549e+02V/cm J:8.3569e-02A/cm2 ğ›’:1.6214e+03ğ›€ cm
2023-03-29 18:02:51,855 INFO Measurement at current 0.001959798994974874
2023-03-29 18:02:52,451 INFO T:145.93Â°K V:4.3861e+00V I:1.9598e-03A R:2.2381e+03ğ›€ E:1.3537e+02V/cm J:8.5768e-02A/cm2 ğ›’:1.5784e+03ğ›€ cm
2023-03-29 18:02:52,476 INFO Measurement at current 0.0020100502512562816
2023-03-29 18:02:53,082 INFO T:145.92Â°K V:4.4052e+00V I:2.0101e-03A R:2.1916e+03ğ›€ E:1.3596e+02V/cm J:8.7967e-02A/cm2 ğ›’:1.5456e+03ğ›€ cm
2023-03-29 18:02:53,105 INFO Measurement at current 0.0020603015075376886
2023-03-29 18:02:53,706 INFO T:145.91Â°K V:4.4297e+00V I:2.0603e-03A R:2.1500e+03ğ›€ E:1.3672e+02V/cm J:9.0166e-02A/cm2 ğ›’:1.5163e+03ğ›€ cm
2023-03-29 18:02:53,725 INFO Measurement at current 0.0021105527638190956
2023-03-29 18:02:54,317 INFO T:145.91Â°K V:4.4473e+00V I:2.1106e-03A R:2.1072e+03ğ›€ E:1.3726e+02V/cm J:9.2366e-02A/cm2 ğ›’:1.4861e+03ğ›€ cm
2023-03-29 18:02:54,337 INFO Measurement at current 0.0021608040201005025
2023-03-29 18:02:54,922 INFO T:145.90Â°K V:4.4649e+00V I:2.1608e-03A R:2.0663e+03ğ›€ E:1.3781e+02V/cm J:9.4565e-02A/cm2 ğ›’:1.4573e+03ğ›€ cm
2023-03-29 18:02:54,941 INFO Measurement at current 0.0022110552763819095
2023-03-29 18:02:55,534 INFO T:145.89Â°K V:4.4787e+00V I:2.2111e-03A R:2.0256e+03ğ›€ E:1.3823e+02V/cm J:9.6764e-02A/cm2 ğ›’:1.4285e+03ğ›€ cm
2023-03-29 18:02:55,562 INFO Measurement at current 0.0022613065326633165
2023-03-29 18:02:56,154 INFO T:145.88Â°K V:4.4755e+00V I:2.2613e-03A R:1.9792e+03ğ›€ E:1.3813e+02V/cm J:9.8963e-02A/cm2 ğ›’:1.3958e+03ğ›€ cm
2023-03-29 18:02:56,176 INFO Measurement at current 0.0023115577889447235
2023-03-29 18:02:56,782 INFO T:145.88Â°K V:4.4900e+00V I:2.3116e-03A R:1.9424e+03ğ›€ E:1.3858e+02V/cm J:1.0116e-01A/cm2 ğ›’:1.3699e+03ğ›€ cm
2023-03-29 18:02:56,800 INFO Measurement at current 0.002361809045226131
2023-03-29 18:02:57,400 INFO T:145.87Â°K V:4.4928e+00V I:2.3618e-03A R:1.9023e+03ğ›€ E:1.3867e+02V/cm J:1.0336e-01A/cm2 ğ›’:1.3416e+03ğ›€ cm
2023-03-29 18:02:57,420 INFO Measurement at current 0.002412060301507538
2023-03-29 18:02:58,011 INFO T:145.86Â°K V:4.4969e+00V I:2.4121e-03A R:1.8643e+03ğ›€ E:1.3879e+02V/cm J:1.0556e-01A/cm2 ğ›’:1.3148e+03ğ›€ cm
2023-03-29 18:02:58,030 INFO Measurement at current 0.002462311557788945
2023-03-29 18:02:58,634 INFO T:145.86Â°K V:4.4766e+00V I:2.4623e-03A R:1.8180e+03ğ›€ E:1.3817e+02V/cm J:1.0776e-01A/cm2 ğ›’:1.2822e+03ğ›€ cm
2023-03-29 18:02:58,656 INFO Measurement at current 0.002512562814070352
2023-03-29 18:02:59,244 INFO T:145.85Â°K V:4.4726e+00V I:2.5126e-03A R:1.7801e+03ğ›€ E:1.3804e+02V/cm J:1.0996e-01A/cm2 ğ›’:1.2554e+03ğ›€ cm
2023-03-29 18:02:59,267 INFO Measurement at current 0.0025628140703517588
2023-03-29 18:02:59,879 INFO T:145.84Â°K V:4.4881e+00V I:2.5628e-03A R:1.7512e+03ğ›€ E:1.3852e+02V/cm J:1.1216e-01A/cm2 ğ›’:1.2350e+03ğ›€ cm
2023-03-29 18:02:59,898 INFO Measurement at current 0.0026130653266331657
2023-03-29 18:03:00,492 INFO T:145.83Â°K V:4.5049e+00V I:2.6131e-03A R:1.7240e+03ğ›€ E:1.3904e+02V/cm J:1.1436e-01A/cm2 ğ›’:1.2158e+03ğ›€ cm
2023-03-29 18:03:00,508 INFO Measurement at current 0.0026633165829145727
2023-03-29 18:03:01,090 INFO T:145.83Â°K V:4.5035e+00V I:2.6633e-03A R:1.6909e+03ğ›€ E:1.3900e+02V/cm J:1.1656e-01A/cm2 ğ›’:1.1925e+03ğ›€ cm
2023-03-29 18:03:01,105 INFO Measurement at current 0.00271356783919598
2023-03-29 18:03:01,698 INFO T:145.82Â°K V:4.5023e+00V I:2.7136e-03A R:1.6592e+03ğ›€ E:1.3896e+02V/cm J:1.1876e-01A/cm2 ğ›’:1.1701e+03ğ›€ cm
2023-03-29 18:03:01,714 INFO Measurement at current 0.002763819095477387
2023-03-29 18:03:02,308 INFO T:145.81Â°K V:4.5007e+00V I:2.7638e-03A R:1.6284e+03ğ›€ E:1.3891e+02V/cm J:1.2095e-01A/cm2 ğ›’:1.1485e+03ğ›€ cm
2023-03-29 18:03:02,335 INFO Measurement at current 0.002814070351758794
2023-03-29 18:03:02,941 INFO T:145.81Â°K V:4.4831e+00V I:2.8141e-03A R:1.5931e+03ğ›€ E:1.3837e+02V/cm J:1.2315e-01A/cm2 ğ›’:1.1235e+03ğ›€ cm
2023-03-29 18:03:02,964 INFO Measurement at current 0.002864321608040201
2023-03-29 18:03:03,557 INFO T:145.80Â°K V:4.4657e+00V I:2.8643e-03A R:1.5591e+03ğ›€ E:1.3783e+02V/cm J:1.2535e-01A/cm2 ğ›’:1.0995e+03ğ›€ cm
2023-03-29 18:03:03,577 INFO Measurement at current 0.002914572864321608
2023-03-29 18:03:04,164 INFO T:145.79Â°K V:4.4648e+00V I:2.9146e-03A R:1.5319e+03ğ›€ E:1.3780e+02V/cm J:1.2755e-01A/cm2 ğ›’:1.0804e+03ğ›€ cm
2023-03-29 18:03:04,182 INFO Measurement at current 0.002964824120603015
2023-03-29 18:03:04,778 INFO T:145.78Â°K V:4.4765e+00V I:2.9648e-03A R:1.5099e+03ğ›€ E:1.3816e+02V/cm J:1.2975e-01A/cm2 ğ›’:1.0648e+03ğ›€ cm
2023-03-29 18:03:04,795 INFO Measurement at current 0.003015075376884422
2023-03-29 18:03:05,397 INFO T:145.78Â°K V:4.4802e+00V I:3.0151e-03A R:1.4859e+03ğ›€ E:1.3828e+02V/cm J:1.3195e-01A/cm2 ğ›’:1.0480e+03ğ›€ cm
2023-03-29 18:03:05,419 INFO Measurement at current 0.0030653266331658294
2023-03-29 18:03:06,028 INFO T:145.77Â°K V:4.4874e+00V I:3.0653e-03A R:1.4639e+03ğ›€ E:1.3850e+02V/cm J:1.3415e-01A/cm2 ğ›’:1.0324e+03ğ›€ cm
2023-03-29 18:03:06,047 INFO Measurement at current 0.0031155778894472364
2023-03-29 18:03:06,638 INFO T:145.76Â°K V:4.4914e+00V I:3.1156e-03A R:1.4416e+03ğ›€ E:1.3862e+02V/cm J:1.3635e-01A/cm2 ğ›’:1.0167e+03ğ›€ cm
2023-03-29 18:03:06,663 INFO Measurement at current 0.0031658291457286433
2023-03-29 18:03:07,251 INFO T:145.76Â°K V:4.4550e+00V I:3.1658e-03A R:1.4072e+03ğ›€ E:1.3750e+02V/cm J:1.3855e-01A/cm2 ğ›’:9.9244e+02ğ›€ cm
2023-03-29 18:03:07,284 INFO Measurement at current 0.0032160804020100503
2023-03-29 18:03:07,883 INFO T:145.75Â°K V:4.4429e+00V I:3.2161e-03A R:1.3815e+03ğ›€ E:1.3713e+02V/cm J:1.4075e-01A/cm2 ğ›’:9.7427e+02ğ›€ cm
2023-03-29 18:03:07,899 INFO Measurement at current 0.0032663316582914573
2023-03-29 18:03:08,498 INFO T:145.74Â°K V:4.4317e+00V I:3.2663e-03A R:1.3568e+03ğ›€ E:1.3678e+02V/cm J:1.4295e-01A/cm2 ğ›’:9.5686e+02ğ›€ cm
2023-03-29 18:03:08,517 INFO Measurement at current 0.0033165829145728643
2023-03-29 18:03:09,120 INFO T:145.74Â°K V:4.4206e+00V I:3.3166e-03A R:1.3329e+03ğ›€ E:1.3644e+02V/cm J:1.4515e-01A/cm2 ğ›’:9.4002e+02ğ›€ cm
2023-03-29 18:03:09,142 INFO Measurement at current 0.0033668341708542712
2023-03-29 18:03:09,737 INFO T:145.73Â°K V:4.3947e+00V I:3.3668e-03A R:1.3053e+03ğ›€ E:1.3564e+02V/cm J:1.4735e-01A/cm2 ğ›’:9.2054e+02ğ›€ cm
2023-03-29 18:03:09,753 INFO Measurement at current 0.0034170854271356787
2023-03-29 18:03:10,345 INFO T:145.72Â°K V:4.4039e+00V I:3.4171e-03A R:1.2888e+03ğ›€ E:1.3592e+02V/cm J:1.4954e-01A/cm2 ğ›’:9.0892e+02ğ›€ cm
2023-03-29 18:03:10,371 INFO Measurement at current 0.0034673366834170856
2023-03-29 18:03:10,966 INFO T:145.71Â°K V:4.4165e+00V I:3.4673e-03A R:1.2737e+03ğ›€ E:1.3631e+02V/cm J:1.5174e-01A/cm2 ğ›’:8.9831e+02ğ›€ cm
2023-03-29 18:03:10,983 INFO Measurement at current 0.0035175879396984926
2023-03-29 18:03:11,570 INFO T:145.71Â°K V:4.4135e+00V I:3.5176e-03A R:1.2547e+03ğ›€ E:1.3622e+02V/cm J:1.5394e-01A/cm2 ğ›’:8.8488e+02ğ›€ cm
2023-03-29 18:03:11,589 INFO Measurement at current 0.0035678391959798996
2023-03-29 18:03:12,186 INFO T:145.70Â°K V:4.4133e+00V I:3.5678e-03A R:1.2370e+03ğ›€ E:1.3621e+02V/cm J:1.5614e-01A/cm2 ğ›’:8.7238e+02ğ›€ cm
2023-03-29 18:03:12,216 INFO Measurement at current 0.0036180904522613066
2023-03-29 18:03:12,810 INFO T:145.69Â°K V:4.4120e+00V I:3.6181e-03A R:1.2194e+03ğ›€ E:1.3617e+02V/cm J:1.5834e-01A/cm2 ğ›’:8.5999e+02ğ›€ cm
2023-03-29 18:03:12,841 INFO Measurement at current 0.0036683417085427135
2023-03-29 18:03:13,437 INFO T:145.69Â°K V:4.4072e+00V I:3.6683e-03A R:1.2014e+03ğ›€ E:1.3603e+02V/cm J:1.6054e-01A/cm2 ğ›’:8.4730e+02ğ›€ cm
2023-03-29 18:03:13,454 INFO Measurement at current 0.0037185929648241205
2023-03-29 18:03:14,058 INFO T:145.68Â°K V:4.4086e+00V I:3.7186e-03A R:1.1856e+03ğ›€ E:1.3607e+02V/cm J:1.6274e-01A/cm2 ğ›’:8.3612e+02ğ›€ cm
2023-03-29 18:03:14,081 INFO Measurement at current 0.003768844221105528
2023-03-29 18:03:14,679 INFO T:145.67Â°K V:4.4253e+00V I:3.7688e-03A R:1.1742e+03ğ›€ E:1.3658e+02V/cm J:1.6494e-01A/cm2 ğ›’:8.2809e+02ğ›€ cm
2023-03-29 18:03:14,694 INFO Measurement at current 0.003819095477386935
2023-03-29 18:03:15,283 INFO T:145.67Â°K V:4.4071e+00V I:3.8191e-03A R:1.1540e+03ğ›€ E:1.3602e+02V/cm J:1.6714e-01A/cm2 ğ›’:8.1383e+02ğ›€ cm
2023-03-29 18:03:15,309 INFO Measurement at current 0.003869346733668342
2023-03-29 18:03:15,906 INFO T:145.66Â°K V:4.4141e+00V I:3.8693e-03A R:1.1408e+03ğ›€ E:1.3624e+02V/cm J:1.6934e-01A/cm2 ğ›’:8.0453e+02ğ›€ cm
2023-03-29 18:03:15,924 INFO Measurement at current 0.003919597989949748
2023-03-29 18:03:16,519 INFO T:145.65Â°K V:4.4170e+00V I:3.9196e-03A R:1.1269e+03ğ›€ E:1.3633e+02V/cm J:1.7154e-01A/cm2 ğ›’:7.9475e+02ğ›€ cm
2023-03-29 18:03:16,540 INFO Measurement at current 0.003969849246231156
2023-03-29 18:03:17,125 INFO T:145.64Â°K V:4.4229e+00V I:3.9698e-03A R:1.1141e+03ğ›€ E:1.3651e+02V/cm J:1.7374e-01A/cm2 ğ›’:7.8574e+02ğ›€ cm
2023-03-29 18:03:17,142 INFO Measurement at current 0.004020100502512563
2023-03-29 18:03:17,738 INFO T:145.64Â°K V:4.4265e+00V I:4.0201e-03A R:1.1011e+03ğ›€ E:1.3662e+02V/cm J:1.7593e-01A/cm2 ğ›’:7.7655e+02ğ›€ cm
2023-03-29 18:03:17,778 INFO Measurement at current 0.00407035175879397
2023-03-29 18:03:18,376 INFO T:145.63Â°K V:4.4123e+00V I:4.0704e-03A R:1.0840e+03ğ›€ E:1.3618e+02V/cm J:1.7813e-01A/cm2 ğ›’:7.6449e+02ğ›€ cm
2023-03-29 18:03:18,399 INFO Measurement at current 0.004120603015075377
2023-03-29 18:03:18,997 INFO T:145.62Â°K V:4.4151e+00V I:4.1206e-03A R:1.0715e+03ğ›€ E:1.3627e+02V/cm J:1.8033e-01A/cm2 ğ›’:7.5566e+02ğ›€ cm
2023-03-29 18:03:19,026 INFO Measurement at current 0.004170854271356784
2023-03-29 18:03:19,613 INFO T:145.62Â°K V:4.4053e+00V I:4.1709e-03A R:1.0562e+03ğ›€ E:1.3597e+02V/cm J:1.8253e-01A/cm2 ğ›’:7.4490e+02ğ›€ cm
2023-03-29 18:03:19,649 INFO Measurement at current 0.004221105527638191
2023-03-29 18:03:20,237 INFO T:145.61Â°K V:4.4063e+00V I:4.2211e-03A R:1.0439e+03ğ›€ E:1.3600e+02V/cm J:1.8473e-01A/cm2 ğ›’:7.3619e+02ğ›€ cm
2023-03-29 18:03:20,261 INFO Measurement at current 0.004271356783919598
2023-03-29 18:03:20,872 INFO T:145.60Â°K V:4.4070e+00V I:4.2714e-03A R:1.0318e+03ğ›€ E:1.3602e+02V/cm J:1.8693e-01A/cm2 ğ›’:7.2765e+02ğ›€ cm
2023-03-29 18:03:20,896 INFO Measurement at current 0.004321608040201005
2023-03-29 18:03:21,491 INFO T:145.60Â°K V:4.4038e+00V I:4.3216e-03A R:1.0190e+03ğ›€ E:1.3592e+02V/cm J:1.8913e-01A/cm2 ğ›’:7.1865e+02ğ›€ cm
2023-03-29 18:03:21,510 INFO Measurement at current 0.004371859296482412
2023-03-29 18:03:22,097 INFO T:145.59Â°K V:4.3664e+00V I:4.3719e-03A R:9.9875e+02ğ›€ E:1.3477e+02V/cm J:1.9133e-01A/cm2 ğ›’:7.0437e+02ğ›€ cm
2023-03-29 18:03:22,116 INFO Measurement at current 0.004422110552763819
2023-03-29 18:03:22,711 INFO T:145.58Â°K V:4.3585e+00V I:4.4221e-03A R:9.8561e+02ğ›€ E:1.3452e+02V/cm J:1.9353e-01A/cm2 ğ›’:6.9510e+02ğ›€ cm
2023-03-29 18:03:22,729 INFO Measurement at current 0.004472361809045226
2023-03-29 18:03:23,320 INFO T:145.58Â°K V:4.3932e+00V I:4.4724e-03A R:9.8231e+02ğ›€ E:1.3559e+02V/cm J:1.9573e-01A/cm2 ğ›’:6.9277e+02ğ›€ cm
2023-03-29 18:03:23,341 INFO Measurement at current 0.004522613065326633
2023-03-29 18:03:23,926 INFO T:145.57Â°K V:4.3910e+00V I:4.5226e-03A R:9.7090e+02ğ›€ E:1.3552e+02V/cm J:1.9793e-01A/cm2 ğ›’:6.8472e+02ğ›€ cm
2023-03-29 18:03:23,952 INFO Measurement at current 0.00457286432160804
2023-03-29 18:03:24,552 INFO T:145.56Â°K V:4.3924e+00V I:4.5729e-03A R:9.6055e+02ğ›€ E:1.3557e+02V/cm J:2.0013e-01A/cm2 ğ›’:6.7742e+02ğ›€ cm
2023-03-29 18:03:24,581 INFO Measurement at current 0.004623115577889447
2023-03-29 18:03:25,174 INFO T:145.55Â°K V:4.3890e+00V I:4.6231e-03A R:9.4937e+02ğ›€ E:1.3546e+02V/cm J:2.0232e-01A/cm2 ğ›’:6.6954e+02ğ›€ cm
2023-03-29 18:03:25,198 INFO Measurement at current 0.004673366834170855
2023-03-29 18:03:25,793 INFO T:145.55Â°K V:4.3897e+00V I:4.6734e-03A R:9.3929e+02ğ›€ E:1.3548e+02V/cm J:2.0452e-01A/cm2 ğ›’:6.6243e+02ğ›€ cm
2023-03-29 18:03:25,812 INFO Measurement at current 0.004723618090452262
2023-03-29 18:03:26,402 INFO T:145.54Â°K V:4.3933e+00V I:4.7236e-03A R:9.3007e+02ğ›€ E:1.3559e+02V/cm J:2.0672e-01A/cm2 ğ›’:6.5593e+02ğ›€ cm
2023-03-29 18:03:26,416 INFO Measurement at current 0.004773869346733669
2023-03-29 18:03:27,016 INFO T:145.53Â°K V:4.3893e+00V I:4.7739e-03A R:9.1943e+02ğ›€ E:1.3547e+02V/cm J:2.0892e-01A/cm2 ğ›’:6.4843e+02ğ›€ cm
2023-03-29 18:03:27,033 INFO Measurement at current 0.004824120603015076
2023-03-29 18:03:27,618 INFO T:145.53Â°K V:4.3622e+00V I:4.8241e-03A R:9.0425e+02ğ›€ E:1.3464e+02V/cm J:2.1112e-01A/cm2 ğ›’:6.3772e+02ğ›€ cm
2023-03-29 18:03:27,635 INFO Measurement at current 0.004874371859296483
2023-03-29 18:03:28,219 INFO T:145.52Â°K V:4.3139e+00V I:4.8744e-03A R:8.8501e+02ğ›€ E:1.3314e+02V/cm J:2.1332e-01A/cm2 ğ›’:6.2415e+02ğ›€ cm
2023-03-29 18:03:28,237 INFO Measurement at current 0.00492462311557789
2023-03-29 18:03:28,825 INFO T:145.51Â°K V:4.3059e+00V I:4.9246e-03A R:8.7435e+02ğ›€ E:1.3290e+02V/cm J:2.1552e-01A/cm2 ğ›’:6.1663e+02ğ›€ cm
2023-03-29 18:03:28,845 INFO Measurement at current 0.004974874371859297
2023-03-29 18:03:29,434 INFO T:145.51Â°K V:4.2825e+00V I:4.9749e-03A R:8.6083e+02ğ›€ E:1.3218e+02V/cm J:2.1772e-01A/cm2 ğ›’:6.0710e+02ğ›€ cm
2023-03-29 18:03:29,454 INFO Measurement at current 0.005025125628140704
2023-03-29 18:03:30,042 INFO T:145.50Â°K V:4.2806e+00V I:5.0251e-03A R:8.5184e+02ğ›€ E:1.3212e+02V/cm J:2.1992e-01A/cm2 ğ›’:6.0076e+02ğ›€ cm
2023-03-29 18:03:30,065 INFO Measurement at current 0.005075376884422111
2023-03-29 18:03:30,667 INFO T:145.49Â°K V:4.2593e+00V I:5.0754e-03A R:8.3922e+02ğ›€ E:1.3146e+02V/cm J:2.2212e-01A/cm2 ğ›’:5.9185e+02ğ›€ cm
2023-03-29 18:03:30,685 INFO Measurement at current 0.0051256281407035175
2023-03-29 18:03:31,268 INFO T:145.49Â°K V:4.2765e+00V I:5.1256e-03A R:8.3433e+02ğ›€ E:1.3199e+02V/cm J:2.2432e-01A/cm2 ğ›’:5.8841e+02ğ›€ cm
2023-03-29 18:03:31,289 INFO Measurement at current 0.0051758793969849245
2023-03-29 18:03:31,875 INFO T:145.48Â°K V:4.2948e+00V I:5.1759e-03A R:8.2978e+02ğ›€ E:1.3256e+02V/cm J:2.2652e-01A/cm2 ğ›’:5.8520e+02ğ›€ cm
2023-03-29 18:03:31,901 INFO Measurement at current 0.0052261306532663315
2023-03-29 18:03:32,486 INFO T:145.47Â°K V:4.3047e+00V I:5.2261e-03A R:8.2369e+02ğ›€ E:1.3286e+02V/cm J:2.2871e-01A/cm2 ğ›’:5.8090e+02ğ›€ cm
2023-03-29 18:03:32,509 INFO Measurement at current 0.0052763819095477385
2023-03-29 18:03:33,100 INFO T:145.47Â°K V:4.3015e+00V I:5.2764e-03A R:8.1523e+02ğ›€ E:1.3276e+02V/cm J:2.3091e-01A/cm2 ğ›’:5.7494e+02ğ›€ cm
2023-03-29 18:03:33,115 INFO Measurement at current 0.0053266331658291454
2023-03-29 18:03:33,732 INFO T:145.46Â°K V:4.2991e+00V I:5.3266e-03A R:8.0710e+02ğ›€ E:1.3269e+02V/cm J:2.3311e-01A/cm2 ğ›’:5.6920e+02ğ›€ cm
2023-03-29 18:03:33,761 INFO Measurement at current 0.005376884422110553
2023-03-29 18:03:34,360 INFO T:145.45Â°K V:4.3660e+00V I:5.3769e-03A R:8.1199e+02ğ›€ E:1.3475e+02V/cm J:2.3531e-01A/cm2 ğ›’:5.7265e+02ğ›€ cm
2023-03-29 18:03:34,377 INFO Measurement at current 0.00542713567839196
2023-03-29 18:03:34,977 INFO T:145.45Â°K V:4.3576e+00V I:5.4271e-03A R:8.0293e+02ğ›€ E:1.3449e+02V/cm J:2.3751e-01A/cm2 ğ›’:5.6626e+02ğ›€ cm
2023-03-29 18:03:34,996 INFO Measurement at current 0.005477386934673367
2023-03-29 18:03:35,584 INFO T:145.44Â°K V:4.1656e+00V I:5.4774e-03A R:7.6051e+02ğ›€ E:1.2857e+02V/cm J:2.3971e-01A/cm2 ğ›’:5.3635e+02ğ›€ cm
2023-03-29 18:03:35,601 INFO Measurement at current 0.005527638190954774
2023-03-29 18:03:36,199 INFO T:145.43Â°K V:4.1443e+00V I:5.5276e-03A R:7.4974e+02ğ›€ E:1.2791e+02V/cm J:2.4191e-01A/cm2 ğ›’:5.2875e+02ğ›€ cm
2023-03-29 18:03:36,215 INFO Measurement at current 0.005577889447236181
2023-03-29 18:03:36,818 INFO T:145.42Â°K V:4.1270e+00V I:5.5779e-03A R:7.3989e+02ğ›€ E:1.2738e+02V/cm J:2.4411e-01A/cm2 ğ›’:5.2181e+02ğ›€ cm
2023-03-29 18:03:36,844 INFO Measurement at current 0.005628140703517588
2023-03-29 18:03:37,436 INFO T:145.42Â°K V:4.1326e+00V I:5.6281e-03A R:7.3427e+02ğ›€ E:1.2755e+02V/cm J:2.4631e-01A/cm2 ğ›’:5.1784e+02ğ›€ cm
2023-03-29 18:03:37,465 INFO Measurement at current 0.005678391959798995
2023-03-29 18:03:38,059 INFO T:145.41Â°K V:4.1386e+00V I:5.6784e-03A R:7.2883e+02ğ›€ E:1.2773e+02V/cm J:2.4851e-01A/cm2 ğ›’:5.1401e+02ğ›€ cm
2023-03-29 18:03:38,078 INFO Measurement at current 0.005728643216080402
2023-03-29 18:03:38,666 INFO T:145.40Â°K V:4.1323e+00V I:5.7286e-03A R:7.2134e+02ğ›€ E:1.2754e+02V/cm J:2.5071e-01A/cm2 ğ›’:5.0872e+02ğ›€ cm
2023-03-29 18:03:38,685 INFO Measurement at current 0.005778894472361809
2023-03-29 18:03:39,277 INFO T:145.40Â°K V:4.1413e+00V I:5.7789e-03A R:7.1662e+02ğ›€ E:1.2782e+02V/cm J:2.5291e-01A/cm2 ğ›’:5.0540e+02ğ›€ cm
2023-03-29 18:03:39,298 INFO Measurement at current 0.005829145728643216
2023-03-29 18:03:39,908 INFO T:145.39Â°K V:4.1729e+00V I:5.8291e-03A R:7.1586e+02ğ›€ E:1.2879e+02V/cm J:2.5510e-01A/cm2 ğ›’:5.0486e+02ğ›€ cm
2023-03-29 18:03:39,923 INFO Measurement at current 0.005879396984924623
2023-03-29 18:03:40,534 INFO T:145.38Â°K V:4.1791e+00V I:5.8794e-03A R:7.1081e+02ğ›€ E:1.2898e+02V/cm J:2.5730e-01A/cm2 ğ›’:5.0129e+02ğ›€ cm
2023-03-29 18:03:40,548 INFO Measurement at current 0.00592964824120603
2023-03-29 18:03:41,134 INFO T:145.38Â°K V:4.1980e+00V I:5.9296e-03A R:7.0797e+02ğ›€ E:1.2957e+02V/cm J:2.5950e-01A/cm2 ğ›’:4.9929e+02ğ›€ cm
2023-03-29 18:03:41,153 INFO Measurement at current 0.005979899497487437
2023-03-29 18:03:41,745 INFO T:145.37Â°K V:4.2081e+00V I:5.9799e-03A R:7.0371e+02ğ›€ E:1.2988e+02V/cm J:2.6170e-01A/cm2 ğ›’:4.9629e+02ğ›€ cm
2023-03-29 18:03:41,764 INFO Measurement at current 0.006030150753768844
2023-03-29 18:03:42,358 INFO T:145.36Â°K V:4.2371e+00V I:6.0302e-03A R:7.0265e+02ğ›€ E:1.3077e+02V/cm J:2.6390e-01A/cm2 ğ›’:4.9554e+02ğ›€ cm
2023-03-29 18:03:42,376 INFO Measurement at current 0.006080402010050252
2023-03-29 18:03:42,965 INFO T:145.36Â°K V:4.2129e+00V I:6.0804e-03A R:6.9286e+02ğ›€ E:1.3003e+02V/cm J:2.6610e-01A/cm2 ğ›’:4.8864e+02ğ›€ cm
2023-03-29 18:03:42,994 INFO Measurement at current 0.006130653266331659
2023-03-29 18:03:43,596 INFO T:145.35Â°K V:4.2024e+00V I:6.1307e-03A R:6.8548e+02ğ›€ E:1.2970e+02V/cm J:2.6830e-01A/cm2 ğ›’:4.8343e+02ğ›€ cm
2023-03-29 18:03:43,613 INFO Measurement at current 0.006180904522613066
2023-03-29 18:03:44,195 INFO T:145.34Â°K V:4.2041e+00V I:6.1809e-03A R:6.8018e+02ğ›€ E:1.2976e+02V/cm J:2.7050e-01A/cm2 ğ›’:4.7969e+02ğ›€ cm
2023-03-29 18:03:44,209 INFO Measurement at current 0.006231155778894473
2023-03-29 18:03:44,793 INFO T:145.34Â°K V:4.2336e+00V I:6.2312e-03A R:6.7942e+02ğ›€ E:1.3067e+02V/cm J:2.7270e-01A/cm2 ğ›’:4.7916e+02ğ›€ cm
2023-03-29 18:03:44,808 INFO Measurement at current 0.00628140703517588
2023-03-29 18:03:45,391 INFO T:145.33Â°K V:4.2383e+00V I:6.2814e-03A R:6.7473e+02ğ›€ E:1.3081e+02V/cm J:2.7490e-01A/cm2 ğ›’:4.7585e+02ğ›€ cm
2023-03-29 18:03:45,406 INFO Measurement at current 0.006331658291457287
2023-03-29 18:03:45,988 INFO T:145.32Â°K V:4.2374e+00V I:6.3317e-03A R:6.6924e+02ğ›€ E:1.3078e+02V/cm J:2.7710e-01A/cm2 ğ›’:4.7198e+02ğ›€ cm
2023-03-29 18:03:46,003 INFO Measurement at current 0.006381909547738694
2023-03-29 18:03:46,588 INFO T:145.32Â°K V:4.2221e+00V I:6.3819e-03A R:6.6157e+02ğ›€ E:1.3031e+02V/cm J:2.7930e-01A/cm2 ğ›’:4.6657e+02ğ›€ cm
2023-03-29 18:03:46,604 INFO Measurement at current 0.006432160804020101
2023-03-29 18:03:47,189 INFO T:145.31Â°K V:4.2174e+00V I:6.4322e-03A R:6.5568e+02ğ›€ E:1.3017e+02V/cm J:2.8150e-01A/cm2 ğ›’:4.6242e+02ğ›€ cm
2023-03-29 18:03:47,204 INFO Measurement at current 0.006482412060301508
2023-03-29 18:03:47,789 INFO T:145.30Â°K V:4.2166e+00V I:6.4824e-03A R:6.5048e+02ğ›€ E:1.3014e+02V/cm J:2.8369e-01A/cm2 ğ›’:4.5875e+02ğ›€ cm
2023-03-29 18:03:47,805 INFO Measurement at current 0.006532663316582915
2023-03-29 18:03:48,394 INFO T:145.30Â°K V:4.2086e+00V I:6.5327e-03A R:6.4423e+02ğ›€ E:1.2989e+02V/cm J:2.8589e-01A/cm2 ğ›’:4.5434e+02ğ›€ cm
2023-03-29 18:03:48,414 INFO Measurement at current 0.0065829145728643216
2023-03-29 18:03:49,008 INFO T:145.29Â°K V:4.2145e+00V I:6.5829e-03A R:6.4022e+02ğ›€ E:1.3008e+02V/cm J:2.8809e-01A/cm2 ğ›’:4.5151e+02ğ›€ cm
2023-03-29 18:03:49,028 INFO Measurement at current 0.0066331658291457285
2023-03-29 18:03:49,619 INFO T:145.28Â°K V:4.2224e+00V I:6.6332e-03A R:6.3655e+02ğ›€ E:1.3032e+02V/cm J:2.9029e-01A/cm2 ğ›’:4.4893e+02ğ›€ cm
2023-03-29 18:03:49,646 INFO Measurement at current 0.0066834170854271355
2023-03-29 18:03:50,246 INFO T:145.28Â°K V:4.2272e+00V I:6.6834e-03A R:6.3249e+02ğ›€ E:1.3047e+02V/cm J:2.9249e-01A/cm2 ğ›’:4.4606e+02ğ›€ cm
2023-03-29 18:03:50,275 INFO Measurement at current 0.0067336683417085425
2023-03-29 18:03:50,875 INFO T:145.27Â°K V:4.2327e+00V I:6.7337e-03A R:6.2859e+02ğ›€ E:1.3064e+02V/cm J:2.9469e-01A/cm2 ğ›’:4.4331e+02ğ›€ cm
2023-03-29 18:03:50,910 INFO Measurement at current 0.0067839195979899495
2023-03-29 18:03:51,503 INFO T:145.26Â°K V:4.2106e+00V I:6.7839e-03A R:6.2068e+02ğ›€ E:1.2996e+02V/cm J:2.9689e-01A/cm2 ğ›’:4.3773e+02ğ›€ cm
2023-03-29 18:03:51,546 INFO Measurement at current 0.006834170854271357
2023-03-29 18:03:52,130 INFO T:145.26Â°K V:4.2289e+00V I:6.8342e-03A R:6.1879e+02ğ›€ E:1.3052e+02V/cm J:2.9909e-01A/cm2 ğ›’:4.3640e+02ğ›€ cm
2023-03-29 18:03:52,148 INFO Measurement at current 0.006884422110552764
2023-03-29 18:03:52,730 INFO T:145.25Â°K V:4.2256e+00V I:6.8844e-03A R:6.1379e+02ğ›€ E:1.3042e+02V/cm J:3.0129e-01A/cm2 ğ›’:4.3287e+02ğ›€ cm
2023-03-29 18:03:52,745 INFO Measurement at current 0.006934673366834171
2023-03-29 18:03:53,365 INFO T:145.24Â°K V:4.2082e+00V I:6.9347e-03A R:6.0684e+02ğ›€ E:1.2988e+02V/cm J:3.0349e-01A/cm2 ğ›’:4.2797e+02ğ›€ cm
2023-03-29 18:03:53,380 INFO Measurement at current 0.006984924623115578
2023-03-29 18:03:53,969 INFO T:145.24Â°K V:4.2315e+00V I:6.9849e-03A R:6.0581e+02ğ›€ E:1.3060e+02V/cm J:3.0569e-01A/cm2 ğ›’:4.2724e+02ğ›€ cm
2023-03-29 18:03:54,002 INFO Measurement at current 0.007035175879396985
2023-03-29 18:03:54,605 INFO T:145.23Â°K V:4.2195e+00V I:7.0352e-03A R:5.9977e+02ğ›€ E:1.3023e+02V/cm J:3.0789e-01A/cm2 ğ›’:4.2299e+02ğ›€ cm
2023-03-29 18:03:54,625 INFO Measurement at current 0.007085427135678392
2023-03-29 18:03:55,213 INFO T:145.22Â°K V:4.2162e+00V I:7.0854e-03A R:5.9505e+02ğ›€ E:1.3013e+02V/cm J:3.1008e-01A/cm2 ğ›’:4.1966e+02ğ›€ cm
2023-03-29 18:03:55,232 INFO Measurement at current 0.007135678391959799
2023-03-29 18:03:55,812 INFO T:145.22Â°K V:4.2007e+00V I:7.1357e-03A R:5.8869e+02ğ›€ E:1.2965e+02V/cm J:3.1228e-01A/cm2 ğ›’:4.1517e+02ğ›€ cm
2023-03-29 18:03:55,827 INFO Measurement at current 0.007185929648241206
2023-03-29 18:03:56,411 INFO T:145.21Â°K V:4.2080e+00V I:7.1859e-03A R:5.8559e+02ğ›€ E:1.2988e+02V/cm J:3.1448e-01A/cm2 ğ›’:4.1299e+02ğ›€ cm
2023-03-29 18:03:56,426 INFO Measurement at current 0.007236180904522613
2023-03-29 18:03:57,022 INFO T:145.20Â°K V:4.1561e+00V I:7.2362e-03A R:5.7436e+02ğ›€ E:1.2828e+02V/cm J:3.1668e-01A/cm2 ğ›’:4.0506e+02ğ›€ cm
2023-03-29 18:03:57,040 INFO Measurement at current 0.00728643216080402
2023-03-29 18:03:57,640 INFO T:145.20Â°K V:4.1634e+00V I:7.2864e-03A R:5.7139e+02ğ›€ E:1.2850e+02V/cm J:3.1888e-01A/cm2 ğ›’:4.0297e+02ğ›€ cm
2023-03-29 18:03:57,667 INFO Measurement at current 0.007336683417085427
2023-03-29 18:03:58,264 INFO T:145.19Â°K V:4.1573e+00V I:7.3367e-03A R:5.6664e+02ğ›€ E:1.2831e+02V/cm J:3.2108e-01A/cm2 ğ›’:3.9962e+02ğ›€ cm
2023-03-29 18:03:58,312 INFO Measurement at current 0.007386934673366834
2023-03-29 18:03:58,909 INFO T:145.18Â°K V:4.1461e+00V I:7.3869e-03A R:5.6127e+02ğ›€ E:1.2797e+02V/cm J:3.2328e-01A/cm2 ğ›’:3.9584e+02ğ›€ cm
2023-03-29 18:03:58,929 INFO Measurement at current 0.007437185929648241
2023-03-29 18:03:59,514 INFO T:145.18Â°K V:4.1660e+00V I:7.4372e-03A R:5.6016e+02ğ›€ E:1.2858e+02V/cm J:3.2548e-01A/cm2 ğ›’:3.9505e+02ğ›€ cm
2023-03-29 18:03:59,532 INFO Measurement at current 0.007487437185929648
2023-03-29 18:04:00,121 INFO T:145.17Â°K V:4.1757e+00V I:7.4874e-03A R:5.5769e+02ğ›€ E:1.2888e+02V/cm J:3.2768e-01A/cm2 ğ›’:3.9331e+02ğ›€ cm
2023-03-29 18:04:00,147 INFO Measurement at current 0.007537688442211056
2023-03-29 18:04:00,746 INFO T:145.17Â°K V:4.1876e+00V I:7.5377e-03A R:5.5556e+02ğ›€ E:1.2925e+02V/cm J:3.2988e-01A/cm2 ğ›’:3.9181e+02ğ›€ cm
2023-03-29 18:04:00,770 INFO Measurement at current 0.007587939698492463
2023-03-29 18:04:01,362 INFO T:145.16Â°K V:4.1688e+00V I:7.5879e-03A R:5.4939e+02ğ›€ E:1.2867e+02V/cm J:3.3208e-01A/cm2 ğ›’:3.8746e+02ğ›€ cm
2023-03-29 18:04:01,413 INFO Measurement at current 0.00763819095477387
2023-03-29 18:04:02,012 INFO T:145.15Â°K V:4.1425e+00V I:7.6382e-03A R:5.4234e+02ğ›€ E:1.2785e+02V/cm J:3.3428e-01A/cm2 ğ›’:3.8248e+02ğ›€ cm
2023-03-29 18:04:02,043 INFO Measurement at current 0.007688442211055277
2023-03-29 18:04:02,645 INFO T:145.14Â°K V:4.1185e+00V I:7.6884e-03A R:5.3568e+02ğ›€ E:1.2712e+02V/cm J:3.3647e-01A/cm2 ğ›’:3.7779e+02ğ›€ cm
2023-03-29 18:04:02,694 INFO Measurement at current 0.007738693467336684
2023-03-29 18:04:03,292 INFO T:145.14Â°K V:4.1146e+00V I:7.7387e-03A R:5.3169e+02ğ›€ E:1.2699e+02V/cm J:3.3867e-01A/cm2 ğ›’:3.7497e+02ğ›€ cm
2023-03-29 18:04:03,322 INFO Measurement at current 0.007788944723618091
2023-03-29 18:04:03,924 INFO T:145.13Â°K V:4.0729e+00V I:7.7889e-03A R:5.2291e+02ğ›€ E:1.2571e+02V/cm J:3.4087e-01A/cm2 ğ›’:3.6878e+02ğ›€ cm
2023-03-29 18:04:03,951 INFO Measurement at current 0.007839195979899497
2023-03-29 18:04:04,552 INFO T:145.12Â°K V:4.0590e+00V I:7.8392e-03A R:5.1779e+02ğ›€ E:1.2528e+02V/cm J:3.4307e-01A/cm2 ğ›’:3.6517e+02ğ›€ cm
2023-03-29 18:04:04,592 INFO Measurement at current 0.007889447236180906
2023-03-29 18:04:05,187 INFO T:145.12Â°K V:4.0274e+00V I:7.8894e-03A R:5.1047e+02ğ›€ E:1.2430e+02V/cm J:3.4527e-01A/cm2 ğ›’:3.6001e+02ğ›€ cm
2023-03-29 18:04:05,225 INFO Measurement at current 0.007939698492462312
2023-03-29 18:04:05,852 INFO T:145.11Â°K V:4.0239e+00V I:7.9397e-03A R:5.0680e+02ğ›€ E:1.2419e+02V/cm J:3.4747e-01A/cm2 ğ›’:3.5742e+02ğ›€ cm
2023-03-29 18:04:05,890 INFO Measurement at current 0.00798994974874372
2023-03-29 18:04:06,505 INFO T:145.10Â°K V:4.0291e+00V I:7.9899e-03A R:5.0427e+02ğ›€ E:1.2436e+02V/cm J:3.4967e-01A/cm2 ğ›’:3.5564e+02ğ›€ cm
2023-03-29 18:04:06,521 INFO Measurement at current 0.008040201005025126
2023-03-29 18:04:07,130 INFO T:145.10Â°K V:4.0314e+00V I:8.0402e-03A R:5.0141e+02ğ›€ E:1.2443e+02V/cm J:3.5187e-01A/cm2 ğ›’:3.5361e+02ğ›€ cm
2023-03-29 18:04:07,168 INFO Measurement at current 0.008090452261306533
2023-03-29 18:04:07,759 INFO T:145.09Â°K V:4.0262e+00V I:8.0905e-03A R:4.9765e+02ğ›€ E:1.2427e+02V/cm J:3.5407e-01A/cm2 ğ›’:3.5097e+02ğ›€ cm
2023-03-29 18:04:07,775 INFO Measurement at current 0.00814070351758794
2023-03-29 18:04:08,367 INFO T:145.08Â°K V:4.0251e+00V I:8.1407e-03A R:4.9444e+02ğ›€ E:1.2423e+02V/cm J:3.5627e-01A/cm2 ğ›’:3.4870e+02ğ›€ cm
2023-03-29 18:04:08,394 INFO Measurement at current 0.008190954773869347
2023-03-29 18:04:08,997 INFO T:145.08Â°K V:4.0311e+00V I:8.1910e-03A R:4.9214e+02ğ›€ E:1.2442e+02V/cm J:3.5847e-01A/cm2 ğ›’:3.4708e+02ğ›€ cm
2023-03-29 18:04:09,033 INFO Measurement at current 0.008241206030150754
2023-03-29 18:04:09,623 INFO T:145.07Â°K V:4.0153e+00V I:8.2412e-03A R:4.8722e+02ğ›€ E:1.2393e+02V/cm J:3.6067e-01A/cm2 ğ›’:3.4361e+02ğ›€ cm
2023-03-29 18:04:09,657 INFO Measurement at current 0.008291457286432161
2023-03-29 18:04:10,250 INFO T:145.06Â°K V:4.0078e+00V I:8.2915e-03A R:4.8337e+02ğ›€ E:1.2370e+02V/cm J:3.6286e-01A/cm2 ğ›’:3.4090e+02ğ›€ cm
2023-03-29 18:04:10,273 INFO Measurement at current 0.008341708542713568
2023-03-29 18:04:10,876 INFO T:145.06Â°K V:4.0159e+00V I:8.3417e-03A R:4.8142e+02ğ›€ E:1.2395e+02V/cm J:3.6506e-01A/cm2 ğ›’:3.3952e+02ğ›€ cm
2023-03-29 18:04:10,895 INFO Measurement at current 0.008391959798994975
2023-03-29 18:04:11,494 INFO T:145.05Â°K V:4.0132e+00V I:8.3920e-03A R:4.7822e+02ğ›€ E:1.2386e+02V/cm J:3.6726e-01A/cm2 ğ›’:3.3726e+02ğ›€ cm
2023-03-29 18:04:11,518 INFO Measurement at current 0.008442211055276382
2023-03-29 18:04:12,106 INFO T:145.04Â°K V:4.0107e+00V I:8.4422e-03A R:4.7508e+02ğ›€ E:1.2379e+02V/cm J:3.6946e-01A/cm2 ğ›’:3.3505e+02ğ›€ cm
2023-03-29 18:04:12,139 INFO Measurement at current 0.00849246231155779
2023-03-29 18:04:12,763 INFO T:145.04Â°K V:4.0073e+00V I:8.4925e-03A R:4.7186e+02ğ›€ E:1.2368e+02V/cm J:3.7166e-01A/cm2 ğ›’:3.3278e+02ğ›€ cm
2023-03-29 18:04:12,787 INFO Measurement at current 0.008542713567839196
2023-03-29 18:04:13,379 INFO T:145.03Â°K V:3.9993e+00V I:8.5427e-03A R:4.6816e+02ğ›€ E:1.2344e+02V/cm J:3.7386e-01A/cm2 ğ›’:3.3017e+02ğ›€ cm
2023-03-29 18:04:13,409 INFO Measurement at current 0.008592964824120603
2023-03-29 18:04:14,006 INFO T:145.02Â°K V:4.0023e+00V I:8.5930e-03A R:4.6577e+02ğ›€ E:1.2353e+02V/cm J:3.7606e-01A/cm2 ğ›’:3.2848e+02ğ›€ cm
2023-03-29 18:04:14,029 INFO Measurement at current 0.00864321608040201
2023-03-29 18:04:14,633 INFO T:145.02Â°K V:4.0051e+00V I:8.6432e-03A R:4.6338e+02ğ›€ E:1.2361e+02V/cm J:3.7826e-01A/cm2 ğ›’:3.2680e+02ğ›€ cm
2023-03-29 18:04:14,646 INFO Measurement at current 0.008693467336683417
2023-03-29 18:04:15,226 INFO T:145.01Â°K V:3.9980e+00V I:8.6935e-03A R:4.5989e+02ğ›€ E:1.2340e+02V/cm J:3.8046e-01A/cm2 ğ›’:3.2434e+02ğ›€ cm
2023-03-29 18:04:15,239 INFO Measurement at current 0.008743718592964824
2023-03-29 18:04:15,831 INFO T:145.00Â°K V:3.9887e+00V I:8.7437e-03A R:4.5617e+02ğ›€ E:1.2311e+02V/cm J:3.8266e-01A/cm2 ğ›’:3.2172e+02ğ›€ cm
2023-03-29 18:04:15,848 INFO Measurement at current 0.008793969849246231
2023-03-29 18:04:16,432 INFO T:145.00Â°K V:3.9744e+00V I:8.7940e-03A R:4.5194e+02ğ›€ E:1.2267e+02V/cm J:3.8486e-01A/cm2 ğ›’:3.1873e+02ğ›€ cm
2023-03-29 18:04:16,445 INFO Measurement at current 0.008844221105527638
2023-03-29 18:04:17,028 INFO T:144.99Â°K V:3.9693e+00V I:8.8442e-03A R:4.4880e+02ğ›€ E:1.2251e+02V/cm J:3.8706e-01A/cm2 ğ›’:3.1651e+02ğ›€ cm
2023-03-29 18:04:17,043 INFO Measurement at current 0.008894472361809045
2023-03-29 18:04:17,627 INFO T:144.98Â°K V:3.9656e+00V I:8.8945e-03A R:4.4584e+02ğ›€ E:1.2239e+02V/cm J:3.8925e-01A/cm2 ğ›’:3.1443e+02ğ›€ cm
2023-03-29 18:04:17,642 INFO Measurement at current 0.008944723618090452
2023-03-29 18:04:18,227 INFO T:144.98Â°K V:3.9490e+00V I:8.9447e-03A R:4.4149e+02ğ›€ E:1.2188e+02V/cm J:3.9145e-01A/cm2 ğ›’:3.1136e+02ğ›€ cm
2023-03-29 18:04:18,242 INFO Measurement at current 0.008994974874371859
2023-03-29 18:04:18,842 INFO T:144.97Â°K V:3.9370e+00V I:8.9950e-03A R:4.3769e+02ğ›€ E:1.2151e+02V/cm J:3.9365e-01A/cm2 ğ›’:3.0868e+02ğ›€ cm
2023-03-29 18:04:18,857 INFO Measurement at current 0.009045226130653266
2023-03-29 18:04:19,448 INFO T:144.97Â°K V:3.9302e+00V I:9.0452e-03A R:4.3450e+02ğ›€ E:1.2130e+02V/cm J:3.9585e-01A/cm2 ğ›’:3.0643e+02ğ›€ cm
2023-03-29 18:04:19,463 INFO Measurement at current 0.009095477386934673
2023-03-29 18:04:20,067 INFO T:144.96Â°K V:3.9359e+00V I:9.0955e-03A R:4.3273e+02ğ›€ E:1.2148e+02V/cm J:3.9805e-01A/cm2 ğ›’:3.0518e+02ğ›€ cm
2023-03-29 18:04:20,094 INFO Measurement at current 0.00914572864321608
2023-03-29 18:04:20,692 INFO T:144.95Â°K V:3.9184e+00V I:9.1457e-03A R:4.2844e+02ğ›€ E:1.2094e+02V/cm J:4.0025e-01A/cm2 ğ›’:3.0216e+02ğ›€ cm
2023-03-29 18:04:20,718 INFO Measurement at current 0.009195979899497487
2023-03-29 18:04:21,314 INFO T:144.95Â°K V:3.9503e+00V I:9.1960e-03A R:4.2957e+02ğ›€ E:1.2192e+02V/cm J:4.0245e-01A/cm2 ğ›’:3.0295e+02ğ›€ cm
2023-03-29 18:04:21,330 INFO Measurement at current 0.009246231155778894
2023-03-29 18:04:21,923 INFO T:144.94Â°K V:3.9735e+00V I:9.2462e-03A R:4.2975e+02ğ›€ E:1.2264e+02V/cm J:4.0465e-01A/cm2 ğ›’:3.0308e+02ğ›€ cm
2023-03-29 18:04:21,943 INFO Measurement at current 0.009296482412060303
2023-03-29 18:04:22,534 INFO T:144.93Â°K V:3.9849e+00V I:9.2965e-03A R:4.2865e+02ğ›€ E:1.2299e+02V/cm J:4.0685e-01A/cm2 ğ›’:3.0230e+02ğ›€ cm
2023-03-29 18:04:22,561 INFO Measurement at current 0.00934673366834171
2023-03-29 18:04:23,174 INFO T:144.93Â°K V:4.0139e+00V I:9.3467e-03A R:4.2944e+02ğ›€ E:1.2389e+02V/cm J:4.0905e-01A/cm2 ğ›’:3.0286e+02ğ›€ cm
2023-03-29 18:04:23,192 INFO Measurement at current 0.009396984924623117
2023-03-29 18:04:23,779 INFO T:144.92Â°K V:3.8176e+00V I:9.3970e-03A R:4.0625e+02ğ›€ E:1.1783e+02V/cm J:4.1125e-01A/cm2 ğ›’:2.8651e+02ğ›€ cm
2023-03-29 18:04:23,800 INFO Measurement at current 0.009447236180904523
2023-03-29 18:04:24,390 INFO T:144.91Â°K V:4.0617e+00V I:9.4472e-03A R:4.2993e+02ğ›€ E:1.2536e+02V/cm J:4.1345e-01A/cm2 ğ›’:3.0321e+02ğ›€ cm
2023-03-29 18:04:24,412 INFO Measurement at current 0.00949748743718593
2023-03-29 18:04:25,003 INFO T:144.91Â°K V:3.5079e+00V I:9.4975e-03A R:3.6935e+02ğ›€ E:1.0827e+02V/cm J:4.1564e-01A/cm2 ğ›’:2.6048e+02ğ›€ cm
2023-03-29 18:04:25,021 INFO Measurement at current 0.009547738693467337
2023-03-29 18:04:25,606 INFO T:144.90Â°K V:3.4811e+00V I:9.5477e-03A R:3.6460e+02ğ›€ E:1.0744e+02V/cm J:4.1784e-01A/cm2 ğ›’:2.5713e+02ğ›€ cm
2023-03-29 18:04:25,623 INFO Measurement at current 0.009597989949748744
2023-03-29 18:04:26,213 INFO T:144.89Â°K V:3.4782e+00V I:9.5980e-03A R:3.6238e+02ğ›€ E:1.0735e+02V/cm J:4.2004e-01A/cm2 ğ›’:2.5557e+02ğ›€ cm
2023-03-29 18:04:26,229 INFO Measurement at current 0.009648241206030151
2023-03-29 18:04:26,824 INFO T:144.89Â°K V:3.4816e+00V I:9.6482e-03A R:3.6085e+02ğ›€ E:1.0746e+02V/cm J:4.2224e-01A/cm2 ğ›’:2.5449e+02ğ›€ cm
2023-03-29 18:04:26,851 INFO Measurement at current 0.009698492462311558
2023-03-29 18:04:27,450 INFO T:144.88Â°K V:3.4865e+00V I:9.6985e-03A R:3.5949e+02ğ›€ E:1.0761e+02V/cm J:4.2444e-01A/cm2 ğ›’:2.5353e+02ğ›€ cm
2023-03-29 18:04:27,466 INFO Measurement at current 0.009748743718592965
2023-03-29 18:04:28,051 INFO T:144.87Â°K V:3.4919e+00V I:9.7487e-03A R:3.5819e+02ğ›€ E:1.0778e+02V/cm J:4.2664e-01A/cm2 ğ›’:2.5261e+02ğ›€ cm
2023-03-29 18:04:28,066 INFO Measurement at current 0.009798994974874372
2023-03-29 18:04:28,654 INFO T:144.87Â°K V:3.5122e+00V I:9.7990e-03A R:3.5842e+02ğ›€ E:1.0840e+02V/cm J:4.2884e-01A/cm2 ğ›’:2.5278e+02ğ›€ cm
2023-03-29 18:04:28,682 INFO Measurement at current 0.00984924623115578
2023-03-29 18:04:29,268 INFO T:144.86Â°K V:3.5787e+00V I:9.8492e-03A R:3.6335e+02ğ›€ E:1.1045e+02V/cm J:4.3104e-01A/cm2 ğ›’:2.5625e+02ğ›€ cm
2023-03-29 18:04:29,297 INFO Measurement at current 0.009899497487437186
2023-03-29 18:04:29,897 INFO T:144.86Â°K V:3.4273e+00V I:9.8995e-03A R:3.4621e+02ğ›€ E:1.0578e+02V/cm J:4.3324e-01A/cm2 ğ›’:2.4416e+02ğ›€ cm
2023-03-29 18:04:29,919 INFO Measurement at current 0.009949748743718593
2023-03-29 18:04:30,518 INFO T:144.85Â°K V:3.4290e+00V I:9.9497e-03A R:3.4463e+02ğ›€ E:1.0583e+02V/cm J:4.3544e-01A/cm2 ğ›’:2.4305e+02ğ›€ cm
2023-03-29 18:04:30,544 INFO Measurement at current 0.01
2023-03-29 18:04:31,139 INFO T:144.84Â°K V:3.4262e+00V I:1.0000e-02A R:3.4262e+02ğ›€ E:1.0575e+02V/cm J:4.3764e-01A/cm2 ğ›’:2.4163e+02ğ›€ cm
2023-03-29 18:04:48,685 INFO Save the description file
2023-03-29 18:04:48,695 INFO Save data in numpy format Esperimenti/CPRO_MUSA_290323_I_V/CPRO_MUSA_290323_I_V_current_from_0_to_100e-4A/CPRO_MUSA_290323_I_V_current_from_0_to_100e-4A-20230329180447
2023-03-29 18:04:48,705 INFO Save data in CSV format Esperimenti/CPRO_MUSA_290323_I_V/CPRO_MUSA_290323_I_V_current_from_0_to_100e-4A/CPRO_MUSA_290323_I_V_current_from_0_to_100e-4A-20230329180447.csv
2023-03-29 18:04:48,725 INFO Save plot as image Esperimenti/CPRO_MUSA_290323_I_V/CPRO_MUSA_290323_I_V_current_from_0_to_100e-4A/CPRO_MUSA_290323_I_V_current_from_0_to_100e-4A-20230329180447.png
