2023-03-29 09:40:05,286 INFO ### Start experiment: CPRO_MUSA_290323_I_V current from 0 to 100e-4A ###
2023-03-29 09:40:06,633 INFO Found Multimeter KEITHLEY INSTRUMENTS INC.,MODEL 2700,0884890,B03  /A02  

2023-03-29 09:40:07,663 INFO Found Nanovolt Meter KEITHLEY INSTRUMENTS INC.,MODEL 2182A,4056474,C03  /A02  

2023-03-29 09:40:07,774 INFO Found Source Meter KEITHLEY INSTRUMENTS INC.,MODEL 2400,0945684,C24   Feb 14 2002 11:59:45/A02  /K/H

2023-03-29 09:40:07,895 INFO Start the measurement loop
2023-03-29 09:40:12,525 INFO Measurement at current 0.0
2023-03-29 09:40:13,443 INFO T:293.00Â°K V:-2.1390e-06V I:0.0000e+00A R:-infğ›€ E:-6.6020e-05V/cm J:0.0000e+00A/cm2 ğ›’:-infğ›€ cm
2023-03-29 09:40:13,466 INFO Measurement at current 5.0251256281407036e-05
2023-03-29 09:40:14,060 INFO T:292.99Â°K V:3.8319e-03V I:5.0251e-05A R:7.6255e+01ğ›€ E:1.1827e-01V/cm J:2.1992e-03A/cm2 ğ›’:5.3779e+01ğ›€ cm
2023-03-29 09:40:14,087 INFO Measurement at current 0.00010050251256281407
2023-03-29 09:40:14,690 INFO T:292.99Â°K V:7.6656e-03V I:1.0050e-04A R:7.6273e+01ğ›€ E:2.3659e-01V/cm J:4.3984e-03A/cm2 ğ›’:5.3791e+01ğ›€ cm
2023-03-29 09:40:14,710 INFO Measurement at current 0.00015075376884422112
2023-03-29 09:40:15,306 INFO T:292.99Â°K V:1.1500e-02V I:1.5075e-04A R:7.6286e+01ğ›€ E:3.5495e-01V/cm J:6.5975e-03A/cm2 ğ›’:5.3800e+01ğ›€ cm
2023-03-29 09:40:15,325 INFO Measurement at current 0.00020100502512562814
2023-03-29 09:40:16,572 INFO T:292.99Â°K V:1.5333e-02V I:2.0101e-04A R:7.6279e+01ğ›€ E:4.7323e-01V/cm J:8.7967e-03A/cm2 ğ›’:5.3796e+01ğ›€ cm
2023-03-29 09:40:16,596 INFO Measurement at current 0.0002512562814070352
2023-03-29 09:40:17,195 INFO T:292.99Â°K V:1.9161e-02V I:2.5126e-04A R:7.6261e+01ğ›€ E:5.9139e-01V/cm J:1.0996e-02A/cm2 ğ›’:5.3783e+01ğ›€ cm
2023-03-29 09:40:17,211 INFO Measurement at current 0.00030150753768844223
2023-03-29 09:40:17,795 INFO T:292.99Â°K V:2.2994e-02V I:3.0151e-04A R:7.6262e+01ğ›€ E:7.0968e-01V/cm J:1.3195e-02A/cm2 ğ›’:5.3784e+01ğ›€ cm
2023-03-29 09:40:17,814 INFO Measurement at current 0.00035175879396984926
2023-03-29 09:40:18,404 INFO T:292.99Â°K V:2.6825e-02V I:3.5176e-04A R:7.6261e+01ğ›€ E:8.2794e-01V/cm J:1.5394e-02A/cm2 ğ›’:5.3783e+01ğ›€ cm
2023-03-29 09:40:18,420 INFO Measurement at current 0.0004020100502512563
2023-03-29 09:40:19,004 INFO T:292.99Â°K V:3.0652e-02V I:4.0201e-04A R:7.6246e+01ğ›€ E:9.4604e-01V/cm J:1.7593e-02A/cm2 ğ›’:5.3772e+01ğ›€ cm
2023-03-29 09:40:19,027 INFO Measurement at current 0.0004522613065326633
2023-03-29 09:40:19,628 INFO T:292.98Â°K V:3.4481e-02V I:4.5226e-04A R:7.6241e+01ğ›€ E:1.0642e+00V/cm J:1.9793e-02A/cm2 ğ›’:5.3769e+01ğ›€ cm
2023-03-29 09:40:19,657 INFO Measurement at current 0.0005025125628140704
2023-03-29 09:40:20,253 INFO T:292.98Â°K V:3.8307e-02V I:5.0251e-04A R:7.6231e+01ğ›€ E:1.1823e+00V/cm J:2.1992e-02A/cm2 ğ›’:5.3762e+01ğ›€ cm
2023-03-29 09:40:20,269 INFO Measurement at current 0.0005527638190954774
2023-03-29 09:40:20,863 INFO T:292.98Â°K V:4.2131e-02V I:5.5276e-04A R:7.6219e+01ğ›€ E:1.3003e+00V/cm J:2.4191e-02A/cm2 ğ›’:5.3753e+01ğ›€ cm
2023-03-29 09:40:20,880 INFO Measurement at current 0.0006030150753768845
2023-03-29 09:40:21,478 INFO T:292.98Â°K V:4.5956e-02V I:6.0302e-04A R:7.6211e+01ğ›€ E:1.4184e+00V/cm J:2.6390e-02A/cm2 ğ›’:5.3747e+01ğ›€ cm
2023-03-29 09:40:21,495 INFO Measurement at current 0.0006532663316582914
2023-03-29 09:40:22,084 INFO T:292.98Â°K V:4.9776e-02V I:6.5327e-04A R:7.6195e+01ğ›€ E:1.5363e+00V/cm J:2.8589e-02A/cm2 ğ›’:5.3737e+01ğ›€ cm
2023-03-29 09:40:22,099 INFO Measurement at current 0.0007035175879396985
2023-03-29 09:40:22,714 INFO T:292.98Â°K V:5.3592e-02V I:7.0352e-04A R:7.6178e+01ğ›€ E:1.6541e+00V/cm J:3.0789e-02A/cm2 ğ›’:5.3724e+01ğ›€ cm
2023-03-29 09:40:22,738 INFO Measurement at current 0.0007537688442211055
2023-03-29 09:40:23,348 INFO T:292.98Â°K V:5.7410e-02V I:7.5377e-04A R:7.6164e+01ğ›€ E:1.7719e+00V/cm J:3.2988e-02A/cm2 ğ›’:5.3714e+01ğ›€ cm
2023-03-29 09:40:23,365 INFO Measurement at current 0.0008040201005025126
2023-03-29 09:40:23,963 INFO T:292.98Â°K V:6.1220e-02V I:8.0402e-04A R:7.6142e+01ğ›€ E:1.8895e+00V/cm J:3.5187e-02A/cm2 ğ›’:5.3699e+01ğ›€ cm
2023-03-29 09:40:23,988 INFO Measurement at current 0.0008542713567839197
2023-03-29 09:40:24,577 INFO T:292.98Â°K V:6.5032e-02V I:8.5427e-04A R:7.6126e+01ğ›€ E:2.0072e+00V/cm J:3.7386e-02A/cm2 ğ›’:5.3687e+01ğ›€ cm
2023-03-29 09:40:24,594 INFO Measurement at current 0.0009045226130653266
2023-03-29 09:40:25,188 INFO T:292.98Â°K V:6.8838e-02V I:9.0452e-04A R:7.6105e+01ğ›€ E:2.1246e+00V/cm J:3.9585e-02A/cm2 ğ›’:5.3673e+01ğ›€ cm
2023-03-29 09:40:25,208 INFO Measurement at current 0.0009547738693467337
2023-03-29 09:40:25,808 INFO T:292.97Â°K V:7.2641e-02V I:9.5477e-04A R:7.6082e+01ğ›€ E:2.2420e+00V/cm J:4.1784e-02A/cm2 ğ›’:5.3657e+01ğ›€ cm
2023-03-29 09:40:25,825 INFO Measurement at current 0.0010050251256281408
2023-03-29 09:40:26,430 INFO T:292.97Â°K V:7.6448e-02V I:1.0050e-03A R:7.6066e+01ğ›€ E:2.3595e+00V/cm J:4.3984e-02A/cm2 ğ›’:5.3645e+01ğ›€ cm
2023-03-29 09:40:26,451 INFO Measurement at current 0.0010552763819095478
2023-03-29 09:40:27,045 INFO T:292.97Â°K V:8.0275e-02V I:1.0553e-03A R:7.6070e+01ğ›€ E:2.4776e+00V/cm J:4.6183e-02A/cm2 ğ›’:5.3648e+01ğ›€ cm
2023-03-29 09:40:27,060 INFO Measurement at current 0.0011055276381909548
2023-03-29 09:40:27,645 INFO T:292.97Â°K V:8.4048e-02V I:1.1055e-03A R:7.6025e+01ğ›€ E:2.5941e+00V/cm J:4.8382e-02A/cm2 ğ›’:5.3617e+01ğ›€ cm
2023-03-29 09:40:27,668 INFO Measurement at current 0.0011557788944723617
2023-03-29 09:40:28,273 INFO T:292.97Â°K V:8.7864e-02V I:1.1558e-03A R:7.6021e+01ğ›€ E:2.7118e+00V/cm J:5.0581e-02A/cm2 ğ›’:5.3614e+01ğ›€ cm
2023-03-29 09:40:28,295 INFO Measurement at current 0.001206030150753769
2023-03-29 09:40:28,902 INFO T:292.97Â°K V:9.1628e-02V I:1.2060e-03A R:7.5975e+01ğ›€ E:2.8280e+00V/cm J:5.2780e-02A/cm2 ğ›’:5.3581e+01ğ›€ cm
2023-03-29 09:40:28,973 INFO Measurement at current 0.001256281407035176
2023-03-29 09:40:29,603 INFO T:292.97Â°K V:9.5424e-02V I:1.2563e-03A R:7.5957e+01ğ›€ E:2.9452e+00V/cm J:5.4979e-02A/cm2 ğ›’:5.3569e+01ğ›€ cm
2023-03-29 09:40:29,620 INFO Measurement at current 0.0013065326633165829
2023-03-29 09:40:30,213 INFO T:292.97Â°K V:9.9180e-02V I:1.3065e-03A R:7.5911e+01ğ›€ E:3.0611e+00V/cm J:5.7179e-02A/cm2 ğ›’:5.3536e+01ğ›€ cm
2023-03-29 09:40:30,245 INFO Measurement at current 0.00135678391959799
2023-03-29 09:40:30,843 INFO T:292.97Â°K V:1.0297e-01V I:1.3568e-03A R:7.5892e+01ğ›€ E:3.1781e+00V/cm J:5.9378e-02A/cm2 ğ›’:5.3523e+01ğ›€ cm
2023-03-29 09:40:30,868 INFO Measurement at current 0.001407035175879397
2023-03-29 09:40:31,472 INFO T:292.96Â°K V:1.0672e-01V I:1.4070e-03A R:7.5848e+01ğ›€ E:3.2939e+00V/cm J:6.1577e-02A/cm2 ğ›’:5.3492e+01ğ›€ cm
2023-03-29 09:40:31,496 INFO Measurement at current 0.001457286432160804
2023-03-29 09:40:32,096 INFO T:292.96Â°K V:1.1052e-01V I:1.4573e-03A R:7.5836e+01ğ›€ E:3.4110e+00V/cm J:6.3776e-02A/cm2 ğ›’:5.3483e+01ğ›€ cm
2023-03-29 09:40:32,113 INFO Measurement at current 0.001507537688442211
2023-03-29 09:40:32,701 INFO T:292.96Â°K V:1.1425e-01V I:1.5075e-03A R:7.5786e+01ğ›€ E:3.5263e+00V/cm J:6.5975e-02A/cm2 ğ›’:5.3448e+01ğ›€ cm
2023-03-29 09:40:32,716 INFO Measurement at current 0.0015577889447236182
2023-03-29 09:40:33,304 INFO T:292.96Â°K V:1.1802e-01V I:1.5578e-03A R:7.5762e+01ğ›€ E:3.6426e+00V/cm J:6.8175e-02A/cm2 ğ›’:5.3431e+01ğ›€ cm
2023-03-29 09:40:33,321 INFO Measurement at current 0.0016080402010050252
2023-03-29 09:40:34,650 INFO T:292.96Â°K V:1.2176e-01V I:1.6080e-03A R:7.5716e+01ğ›€ E:3.7579e+00V/cm J:7.0374e-02A/cm2 ğ›’:5.3399e+01ğ›€ cm
2023-03-29 09:40:34,667 INFO Measurement at current 0.0016582914572864321
2023-03-29 09:40:35,263 INFO T:292.96Â°K V:1.2552e-01V I:1.6583e-03A R:7.5690e+01ğ›€ E:3.8739e+00V/cm J:7.2573e-02A/cm2 ğ›’:5.3380e+01ğ›€ cm
2023-03-29 09:40:35,292 INFO Measurement at current 0.0017085427135678393
2023-03-29 09:40:35,894 INFO T:292.96Â°K V:1.2923e-01V I:1.7085e-03A R:7.5638e+01ğ›€ E:3.9886e+00V/cm J:7.4772e-02A/cm2 ğ›’:5.3343e+01ğ›€ cm
2023-03-29 09:40:35,918 INFO Measurement at current 0.0017587939698492463
2023-03-29 09:40:36,519 INFO T:292.96Â°K V:1.3300e-01V I:1.7588e-03A R:7.5618e+01ğ›€ E:4.1048e+00V/cm J:7.6971e-02A/cm2 ğ›’:5.3329e+01ğ›€ cm
2023-03-29 09:40:36,542 INFO Measurement at current 0.0018090452261306533
2023-03-29 09:40:37,148 INFO T:292.95Â°K V:1.3671e-01V I:1.8090e-03A R:7.5569e+01ğ›€ E:4.2194e+00V/cm J:7.9170e-02A/cm2 ğ›’:5.3295e+01ğ›€ cm
2023-03-29 09:40:37,172 INFO Measurement at current 0.0018592964824120603
2023-03-29 09:40:37,770 INFO T:292.95Â°K V:1.4045e-01V I:1.8593e-03A R:7.5537e+01ğ›€ E:4.3347e+00V/cm J:8.1370e-02A/cm2 ğ›’:5.3272e+01ğ›€ cm
2023-03-29 09:40:37,792 INFO Measurement at current 0.0019095477386934674
2023-03-29 09:40:38,381 INFO T:292.95Â°K V:1.4414e-01V I:1.9095e-03A R:7.5484e+01ğ›€ E:4.4488e+00V/cm J:8.3569e-02A/cm2 ğ›’:5.3235e+01ğ›€ cm
2023-03-29 09:40:38,398 INFO Measurement at current 0.001959798994974874
2023-03-29 09:40:38,985 INFO T:292.95Â°K V:1.4787e-01V I:1.9598e-03A R:7.5449e+01ğ›€ E:4.5638e+00V/cm J:8.5768e-02A/cm2 ğ›’:5.3210e+01ğ›€ cm
2023-03-29 09:40:39,022 INFO Measurement at current 0.0020100502512562816
2023-03-29 09:40:39,615 INFO T:292.95Â°K V:1.5155e-01V I:2.0101e-03A R:7.5394e+01ğ›€ E:4.6773e+00V/cm J:8.7967e-02A/cm2 ğ›’:5.3171e+01ğ›€ cm
2023-03-29 09:40:39,641 INFO Measurement at current 0.0020603015075376886
2023-03-29 09:40:40,244 INFO T:292.95Â°K V:1.5527e-01V I:2.0603e-03A R:7.5362e+01ğ›€ E:4.7922e+00V/cm J:9.0166e-02A/cm2 ğ›’:5.3149e+01ğ›€ cm
2023-03-29 09:40:40,266 INFO Measurement at current 0.0021105527638190956
2023-03-29 09:40:40,862 INFO T:292.95Â°K V:1.5894e-01V I:2.1106e-03A R:7.5305e+01ğ›€ E:4.9054e+00V/cm J:9.2366e-02A/cm2 ğ›’:5.3109e+01ğ›€ cm
2023-03-29 09:40:40,885 INFO Measurement at current 0.0021608040201005025
2023-03-29 09:40:41,488 INFO T:292.95Â°K V:1.6263e-01V I:2.1608e-03A R:7.5265e+01ğ›€ E:5.0196e+00V/cm J:9.4565e-02A/cm2 ğ›’:5.3081e+01ğ›€ cm
2023-03-29 09:40:41,511 INFO Measurement at current 0.0022110552763819095
2023-03-29 09:40:42,107 INFO T:292.95Â°K V:1.6628e-01V I:2.2111e-03A R:7.5206e+01ğ›€ E:5.1322e+00V/cm J:9.6764e-02A/cm2 ğ›’:5.3039e+01ğ›€ cm
2023-03-29 09:40:42,130 INFO Measurement at current 0.0022613065326633165
2023-03-29 09:40:42,719 INFO T:292.94Â°K V:1.6996e-01V I:2.2613e-03A R:7.5161e+01ğ›€ E:5.2458e+00V/cm J:9.8963e-02A/cm2 ğ›’:5.3007e+01ğ›€ cm
2023-03-29 09:40:42,758 INFO Measurement at current 0.0023115577889447235
2023-03-29 09:40:43,355 INFO T:292.94Â°K V:1.7360e-01V I:2.3116e-03A R:7.5099e+01ğ›€ E:5.3579e+00V/cm J:1.0116e-01A/cm2 ğ›’:5.2963e+01ğ›€ cm
2023-03-29 09:40:43,372 INFO Measurement at current 0.002361809045226131
2023-03-29 09:40:43,961 INFO T:292.94Â°K V:1.7726e-01V I:2.3618e-03A R:7.5052e+01ğ›€ E:5.4709e+00V/cm J:1.0336e-01A/cm2 ğ›’:5.2930e+01ğ›€ cm
2023-03-29 09:40:43,979 INFO Measurement at current 0.002412060301507538
2023-03-29 09:40:44,564 INFO T:292.94Â°K V:1.8089e-01V I:2.4121e-03A R:7.4995e+01ğ›€ E:5.5831e+00V/cm J:1.0556e-01A/cm2 ğ›’:5.2890e+01ğ›€ cm
2023-03-29 09:40:44,582 INFO Measurement at current 0.002462311557788945
2023-03-29 09:40:45,174 INFO T:292.94Â°K V:1.8454e-01V I:2.4623e-03A R:7.4947e+01ğ›€ E:5.6958e+00V/cm J:1.0776e-01A/cm2 ğ›’:5.2856e+01ğ›€ cm
2023-03-29 09:40:45,195 INFO Measurement at current 0.002512562814070352
2023-03-29 09:40:45,800 INFO T:292.94Â°K V:1.8815e-01V I:2.5126e-03A R:7.4882e+01ğ›€ E:5.8069e+00V/cm J:1.0996e-01A/cm2 ğ›’:5.2810e+01ğ›€ cm
2023-03-29 09:40:45,821 INFO Measurement at current 0.0025628140703517588
2023-03-29 09:40:46,417 INFO T:292.94Â°K V:1.9178e-01V I:2.5628e-03A R:7.4833e+01ğ›€ E:5.9192e+00V/cm J:1.1216e-01A/cm2 ğ›’:5.2776e+01ğ›€ cm
2023-03-29 09:40:46,438 INFO Measurement at current 0.0026130653266331657
2023-03-29 09:40:47,026 INFO T:292.94Â°K V:1.9538e-01V I:2.6131e-03A R:7.4771e+01ğ›€ E:6.0303e+00V/cm J:1.1436e-01A/cm2 ğ›’:5.2732e+01ğ›€ cm
2023-03-29 09:40:47,045 INFO Measurement at current 0.0026633165829145727
2023-03-29 09:40:47,636 INFO T:292.94Â°K V:1.9900e-01V I:2.6633e-03A R:7.4719e+01ğ›€ E:6.1420e+00V/cm J:1.1656e-01A/cm2 ğ›’:5.2696e+01ğ›€ cm
2023-03-29 09:40:47,653 INFO Measurement at current 0.00271356783919598
2023-03-29 09:40:48,244 INFO T:292.94Â°K V:2.0258e-01V I:2.7136e-03A R:7.4655e+01ğ›€ E:6.2525e+00V/cm J:1.1876e-01A/cm2 ğ›’:5.2650e+01ğ›€ cm
2023-03-29 09:40:48,261 INFO Measurement at current 0.002763819095477387
2023-03-29 09:40:48,847 INFO T:292.93Â°K V:2.0619e-01V I:2.7638e-03A R:7.4602e+01ğ›€ E:6.3638e+00V/cm J:1.2095e-01A/cm2 ğ›’:5.2613e+01ğ›€ cm
2023-03-29 09:40:48,869 INFO Measurement at current 0.002814070351758794
2023-03-29 09:40:49,469 INFO T:292.93Â°K V:2.0976e-01V I:2.8141e-03A R:7.4538e+01ğ›€ E:6.4740e+00V/cm J:1.2315e-01A/cm2 ğ›’:5.2568e+01ğ›€ cm
2023-03-29 09:40:49,491 INFO Measurement at current 0.002864321608040201
2023-03-29 09:40:50,089 INFO T:292.93Â°K V:2.1335e-01V I:2.8643e-03A R:7.4485e+01ğ›€ E:6.5849e+00V/cm J:1.2535e-01A/cm2 ğ›’:5.2531e+01ğ›€ cm
2023-03-29 09:40:50,105 INFO Measurement at current 0.002914572864321608
2023-03-29 09:40:50,691 INFO T:292.93Â°K V:2.1689e-01V I:2.9146e-03A R:7.4415e+01ğ›€ E:6.6941e+00V/cm J:1.2755e-01A/cm2 ğ›’:5.2481e+01ğ›€ cm
2023-03-29 09:40:50,706 INFO Measurement at current 0.002964824120603015
2023-03-29 09:40:51,292 INFO T:292.93Â°K V:2.2046e-01V I:2.9648e-03A R:7.4359e+01ğ›€ E:6.8043e+00V/cm J:1.2975e-01A/cm2 ğ›’:5.2441e+01ğ›€ cm
2023-03-29 09:40:51,311 INFO Measurement at current 0.003015075376884422
2023-03-29 09:40:51,901 INFO T:292.93Â°K V:2.2400e-01V I:3.0151e-03A R:7.4292e+01ğ›€ E:6.9134e+00V/cm J:1.3195e-01A/cm2 ğ›’:5.2394e+01ğ›€ cm
2023-03-29 09:40:51,920 INFO Measurement at current 0.0030653266331658294
2023-03-29 09:40:52,511 INFO T:292.93Â°K V:2.2755e-01V I:3.0653e-03A R:7.4234e+01ğ›€ E:7.0232e+00V/cm J:1.3415e-01A/cm2 ğ›’:5.2353e+01ğ›€ cm
2023-03-29 09:40:52,534 INFO Measurement at current 0.0031155778894472364
2023-03-29 09:40:53,134 INFO T:292.93Â°K V:2.3106e-01V I:3.1156e-03A R:7.4162e+01ğ›€ E:7.1314e+00V/cm J:1.3635e-01A/cm2 ğ›’:5.2303e+01ğ›€ cm
2023-03-29 09:40:53,151 INFO Measurement at current 0.0031658291457286433
2023-03-29 09:40:53,760 INFO T:292.93Â°K V:2.3459e-01V I:3.1658e-03A R:7.4102e+01ğ›€ E:7.2406e+00V/cm J:1.3855e-01A/cm2 ğ›’:5.2260e+01ğ›€ cm
2023-03-29 09:40:53,778 INFO Measurement at current 0.0032160804020100503
2023-03-29 09:40:54,373 INFO T:292.92Â°K V:2.3808e-01V I:3.2161e-03A R:7.4028e+01ğ›€ E:7.3482e+00V/cm J:1.4075e-01A/cm2 ğ›’:5.2208e+01ğ›€ cm
2023-03-29 09:40:54,389 INFO Measurement at current 0.0032663316582914573
2023-03-29 09:40:54,976 INFO T:292.92Â°K V:2.4161e-01V I:3.2663e-03A R:7.3969e+01ğ›€ E:7.4570e+00V/cm J:1.4295e-01A/cm2 ğ›’:5.2166e+01ğ›€ cm
2023-03-29 09:40:54,995 INFO Measurement at current 0.0033165829145728643
2023-03-29 09:40:55,582 INFO T:292.92Â°K V:2.4509e-01V I:3.3166e-03A R:7.3898e+01ğ›€ E:7.5644e+00V/cm J:1.4515e-01A/cm2 ğ›’:5.2116e+01ğ›€ cm
2023-03-29 09:40:55,606 INFO Measurement at current 0.0033668341708542712
2023-03-29 09:40:56,211 INFO T:292.92Â°K V:2.4858e-01V I:3.3668e-03A R:7.3831e+01ğ›€ E:7.6722e+00V/cm J:1.4735e-01A/cm2 ğ›’:5.2069e+01ğ›€ cm
2023-03-29 09:40:56,250 INFO Measurement at current 0.0034170854271356787
2023-03-29 09:40:56,865 INFO T:292.92Â°K V:2.5203e-01V I:3.4171e-03A R:7.3756e+01ğ›€ E:7.7788e+00V/cm J:1.4954e-01A/cm2 ğ›’:5.2016e+01ğ›€ cm
2023-03-29 09:40:56,884 INFO Measurement at current 0.0034673366834170856
2023-03-29 09:40:57,491 INFO T:292.92Â°K V:2.5550e-01V I:3.4673e-03A R:7.3689e+01ğ›€ E:7.8859e+00V/cm J:1.5174e-01A/cm2 ğ›’:5.1969e+01ğ›€ cm
2023-03-29 09:40:57,510 INFO Measurement at current 0.0035175879396984926
2023-03-29 09:40:58,115 INFO T:292.92Â°K V:2.5895e-01V I:3.5176e-03A R:7.3615e+01ğ›€ E:7.9922e+00V/cm J:1.5394e-01A/cm2 ğ›’:5.1917e+01ğ›€ cm
2023-03-29 09:40:58,132 INFO Measurement at current 0.0035678391959798996
2023-03-29 09:40:58,720 INFO T:292.92Â°K V:2.6239e-01V I:3.5678e-03A R:7.3544e+01ğ›€ E:8.0985e+00V/cm J:1.5614e-01A/cm2 ğ›’:5.1866e+01ğ›€ cm
2023-03-29 09:40:58,741 INFO Measurement at current 0.0036180904522613066
2023-03-29 09:40:59,330 INFO T:292.92Â°K V:2.6581e-01V I:3.6181e-03A R:7.3468e+01ğ›€ E:8.2041e+00V/cm J:1.5834e-01A/cm2 ğ›’:5.1813e+01ğ›€ cm
2023-03-29 09:40:59,347 INFO Measurement at current 0.0036683417085427135
2023-03-29 09:40:59,934 INFO T:292.92Â°K V:2.6925e-01V I:3.6683e-03A R:7.3398e+01ğ›€ E:8.3102e+00V/cm J:1.6054e-01A/cm2 ğ›’:5.1764e+01ğ›€ cm
2023-03-29 09:40:59,955 INFO Measurement at current 0.0037185929648241205
2023-03-29 09:41:00,547 INFO T:292.91Â°K V:2.7264e-01V I:3.7186e-03A R:7.3317e+01ğ›€ E:8.4147e+00V/cm J:1.6274e-01A/cm2 ğ›’:5.1707e+01ğ›€ cm
2023-03-29 09:41:00,569 INFO Measurement at current 0.003768844221105528
2023-03-29 09:41:01,168 INFO T:292.91Â°K V:2.7605e-01V I:3.7688e-03A R:7.3246e+01ğ›€ E:8.5201e+00V/cm J:1.6494e-01A/cm2 ğ›’:5.1656e+01ğ›€ cm
2023-03-29 09:41:01,190 INFO Measurement at current 0.003819095477386935
2023-03-29 09:41:01,779 INFO T:292.91Â°K V:2.7942e-01V I:3.8191e-03A R:7.3164e+01ğ›€ E:8.6241e+00V/cm J:1.6714e-01A/cm2 ğ›’:5.1599e+01ğ›€ cm
2023-03-29 09:41:01,796 INFO Measurement at current 0.003869346733668342
2023-03-29 09:41:02,391 INFO T:292.91Â°K V:2.8282e-01V I:3.8693e-03A R:7.3092e+01ğ›€ E:8.7289e+00V/cm J:1.6934e-01A/cm2 ğ›’:5.1548e+01ğ›€ cm
2023-03-29 09:41:02,411 INFO Measurement at current 0.003919597989949748
2023-03-29 09:41:03,011 INFO T:292.91Â°K V:2.8618e-01V I:3.9196e-03A R:7.3014e+01ğ›€ E:8.8328e+00V/cm J:1.7154e-01A/cm2 ğ›’:5.1493e+01ğ›€ cm
2023-03-29 09:41:03,032 INFO Measurement at current 0.003969849246231156
2023-03-29 09:41:03,619 INFO T:292.91Â°K V:2.8955e-01V I:3.9698e-03A R:7.2937e+01ğ›€ E:8.9367e+00V/cm J:1.7374e-01A/cm2 ğ›’:5.1439e+01ğ›€ cm
2023-03-29 09:41:03,643 INFO Measurement at current 0.004020100502512563
2023-03-29 09:41:04,231 INFO T:292.91Â°K V:2.9288e-01V I:4.0201e-03A R:7.2854e+01ğ›€ E:9.0395e+00V/cm J:1.7593e-01A/cm2 ğ›’:5.1380e+01ğ›€ cm
2023-03-29 09:41:04,252 INFO Measurement at current 0.00407035175879397
2023-03-29 09:41:04,849 INFO T:292.91Â°K V:2.9624e-01V I:4.0704e-03A R:7.2780e+01ğ›€ E:9.1432e+00V/cm J:1.7813e-01A/cm2 ğ›’:5.1328e+01ğ›€ cm
2023-03-29 09:41:04,865 INFO Measurement at current 0.004120603015075377
2023-03-29 09:41:05,460 INFO T:292.91Â°K V:2.9955e-01V I:4.1206e-03A R:7.2696e+01ğ›€ E:9.2454e+00V/cm J:1.8033e-01A/cm2 ğ›’:5.1268e+01ğ›€ cm
2023-03-29 09:41:05,477 INFO Measurement at current 0.004170854271356784
2023-03-29 09:41:06,076 INFO T:292.90Â°K V:3.0289e-01V I:4.1709e-03A R:7.2620e+01ğ›€ E:9.3484e+00V/cm J:1.8253e-01A/cm2 ğ›’:5.1215e+01ğ›€ cm
2023-03-29 09:41:06,094 INFO Measurement at current 0.004221105527638191
2023-03-29 09:41:06,690 INFO T:292.90Â°K V:3.0618e-01V I:4.2211e-03A R:7.2535e+01ğ›€ E:9.4500e+00V/cm J:1.8473e-01A/cm2 ğ›’:5.1155e+01ğ›€ cm
2023-03-29 09:41:06,712 INFO Measurement at current 0.004271356783919598
2023-03-29 09:41:07,311 INFO T:292.90Â°K V:3.0949e-01V I:4.2714e-03A R:7.2457e+01ğ›€ E:9.5521e+00V/cm J:1.8693e-01A/cm2 ğ›’:5.1100e+01ğ›€ cm
2023-03-29 09:41:07,336 INFO Measurement at current 0.004321608040201005
2023-03-29 09:41:07,922 INFO T:292.90Â°K V:3.1275e-01V I:4.3216e-03A R:7.2368e+01ğ›€ E:9.6527e+00V/cm J:1.8913e-01A/cm2 ğ›’:5.1037e+01ğ›€ cm
2023-03-29 09:41:07,938 INFO Measurement at current 0.004371859296482412
2023-03-29 09:41:08,531 INFO T:292.90Â°K V:3.1602e-01V I:4.3719e-03A R:7.2286e+01ğ›€ E:9.7538e+00V/cm J:1.9133e-01A/cm2 ğ›’:5.0979e+01ğ›€ cm
2023-03-29 09:41:08,548 INFO Measurement at current 0.004422110552763819
2023-03-29 09:41:09,133 INFO T:292.90Â°K V:3.1927e-01V I:4.4221e-03A R:7.2198e+01ğ›€ E:9.8540e+00V/cm J:1.9353e-01A/cm2 ğ›’:5.0918e+01ğ›€ cm
2023-03-29 09:41:09,158 INFO Measurement at current 0.004472361809045226
2023-03-29 09:41:09,749 INFO T:292.90Â°K V:3.2255e-01V I:4.4724e-03A R:7.2121e+01ğ›€ E:9.9553e+00V/cm J:1.9573e-01A/cm2 ğ›’:5.0863e+01ğ›€ cm
2023-03-29 09:41:09,775 INFO Measurement at current 0.004522613065326633
2023-03-29 09:41:10,370 INFO T:292.90Â°K V:3.2580e-01V I:4.5226e-03A R:7.2038e+01ğ›€ E:1.0056e+01V/cm J:1.9793e-01A/cm2 ğ›’:5.0804e+01ğ›€ cm
2023-03-29 09:41:10,394 INFO Measurement at current 0.00457286432160804
2023-03-29 09:41:10,993 INFO T:292.90Â°K V:3.2905e-01V I:4.5729e-03A R:7.1956e+01ğ›€ E:1.0156e+01V/cm J:2.0013e-01A/cm2 ğ›’:5.0747e+01ğ›€ cm
2023-03-29 09:41:11,012 INFO Measurement at current 0.004623115577889447
2023-03-29 09:41:11,601 INFO T:292.90Â°K V:3.3225e-01V I:4.6231e-03A R:7.1868e+01ğ›€ E:1.0255e+01V/cm J:2.0232e-01A/cm2 ğ›’:5.0684e+01ğ›€ cm
2023-03-29 09:41:11,623 INFO Measurement at current 0.004673366834170855
2023-03-29 09:41:12,210 INFO T:292.89Â°K V:3.3548e-01V I:4.6734e-03A R:7.1785e+01ğ›€ E:1.0354e+01V/cm J:2.0452e-01A/cm2 ğ›’:5.0626e+01ğ›€ cm
2023-03-29 09:41:12,227 INFO Measurement at current 0.004723618090452262
2023-03-29 09:41:12,812 INFO T:292.89Â°K V:3.3866e-01V I:4.7236e-03A R:7.1695e+01ğ›€ E:1.0453e+01V/cm J:2.0672e-01A/cm2 ğ›’:5.0563e+01ğ›€ cm
2023-03-29 09:41:12,829 INFO Measurement at current 0.004773869346733669
2023-03-29 09:41:13,414 INFO T:292.89Â°K V:3.4187e-01V I:4.7739e-03A R:7.1613e+01ğ›€ E:1.0552e+01V/cm J:2.0892e-01A/cm2 ğ›’:5.0505e+01ğ›€ cm
2023-03-29 09:41:13,433 INFO Measurement at current 0.004824120603015076
2023-03-29 09:41:14,027 INFO T:292.89Â°K V:3.4502e-01V I:4.8241e-03A R:7.1521e+01ğ›€ E:1.0649e+01V/cm J:2.1112e-01A/cm2 ğ›’:5.0440e+01ğ›€ cm
2023-03-29 09:41:14,063 INFO Measurement at current 0.004874371859296483
2023-03-29 09:41:14,655 INFO T:292.89Â°K V:3.4820e-01V I:4.8744e-03A R:7.1435e+01ğ›€ E:1.0747e+01V/cm J:2.1332e-01A/cm2 ğ›’:5.0380e+01ğ›€ cm
2023-03-29 09:41:14,676 INFO Measurement at current 0.00492462311557789
2023-03-29 09:41:15,267 INFO T:292.89Â°K V:3.5134e-01V I:4.9246e-03A R:7.1344e+01ğ›€ E:1.0844e+01V/cm J:2.1552e-01A/cm2 ğ›’:5.0315e+01ğ›€ cm
2023-03-29 09:41:15,288 INFO Measurement at current 0.004974874371859297
2023-03-29 09:41:15,881 INFO T:292.89Â°K V:3.5449e-01V I:4.9749e-03A R:7.1257e+01ğ›€ E:1.0941e+01V/cm J:2.1772e-01A/cm2 ğ›’:5.0254e+01ğ›€ cm
2023-03-29 09:41:15,901 INFO Measurement at current 0.005025125628140704
2023-03-29 09:41:16,488 INFO T:292.89Â°K V:3.5761e-01V I:5.0251e-03A R:7.1165e+01ğ›€ E:1.1037e+01V/cm J:2.1992e-01A/cm2 ğ›’:5.0189e+01ğ›€ cm
2023-03-29 09:41:16,505 INFO Measurement at current 0.005075376884422111
2023-03-29 09:41:17,089 INFO T:292.89Â°K V:3.6075e-01V I:5.0754e-03A R:7.1078e+01ğ›€ E:1.1134e+01V/cm J:2.2212e-01A/cm2 ğ›’:5.0128e+01ğ›€ cm
2023-03-29 09:41:17,106 INFO Measurement at current 0.0051256281407035175
2023-03-29 09:41:17,689 INFO T:292.89Â°K V:3.6386e-01V I:5.1256e-03A R:7.0988e+01ğ›€ E:1.1230e+01V/cm J:2.2432e-01A/cm2 ğ›’:5.0064e+01ğ›€ cm
2023-03-29 09:41:17,708 INFO Measurement at current 0.0051758793969849245
2023-03-29 09:41:18,300 INFO T:292.88Â°K V:3.6696e-01V I:5.1759e-03A R:7.0898e+01ğ›€ E:1.1326e+01V/cm J:2.2652e-01A/cm2 ğ›’:5.0000e+01ğ›€ cm
2023-03-29 09:41:18,318 INFO Measurement at current 0.0052261306532663315
2023-03-29 09:41:18,909 INFO T:292.88Â°K V:3.7003e-01V I:5.2261e-03A R:7.0804e+01ğ›€ E:1.1421e+01V/cm J:2.2871e-01A/cm2 ğ›’:4.9934e+01ğ›€ cm
2023-03-29 09:41:18,929 INFO Measurement at current 0.0052763819095477385
2023-03-29 09:41:19,517 INFO T:292.88Â°K V:3.7311e-01V I:5.2764e-03A R:7.0714e+01ğ›€ E:1.1516e+01V/cm J:2.3091e-01A/cm2 ğ›’:4.9871e+01ğ›€ cm
2023-03-29 09:41:19,533 INFO Measurement at current 0.0053266331658291454
2023-03-29 09:41:20,118 INFO T:292.88Â°K V:3.7618e-01V I:5.3266e-03A R:7.0623e+01ğ›€ E:1.1611e+01V/cm J:2.3311e-01A/cm2 ğ›’:4.9806e+01ğ›€ cm
2023-03-29 09:41:20,141 INFO Measurement at current 0.005376884422110553
2023-03-29 09:41:20,734 INFO T:292.88Â°K V:3.7924e-01V I:5.3769e-03A R:7.0531e+01ğ›€ E:1.1705e+01V/cm J:2.3531e-01A/cm2 ğ›’:4.9742e+01ğ›€ cm
2023-03-29 09:41:20,750 INFO Measurement at current 0.00542713567839196
2023-03-29 09:41:21,350 INFO T:292.88Â°K V:3.8228e-01V I:5.4271e-03A R:7.0438e+01ğ›€ E:1.1799e+01V/cm J:2.3751e-01A/cm2 ğ›’:4.9676e+01ğ›€ cm
2023-03-29 09:41:21,372 INFO Measurement at current 0.005477386934673367
2023-03-29 09:41:21,966 INFO T:292.88Â°K V:3.8533e-01V I:5.4774e-03A R:7.0349e+01ğ›€ E:1.1893e+01V/cm J:2.3971e-01A/cm2 ğ›’:4.9613e+01ğ›€ cm
2023-03-29 09:41:21,983 INFO Measurement at current 0.005527638190954774
2023-03-29 09:41:22,581 INFO T:292.88Â°K V:3.8833e-01V I:5.5276e-03A R:7.0253e+01ğ›€ E:1.1986e+01V/cm J:2.4191e-01A/cm2 ğ›’:4.9546e+01ğ›€ cm
2023-03-29 09:41:22,604 INFO Measurement at current 0.005577889447236181
2023-03-29 09:41:23,195 INFO T:292.88Â°K V:3.9136e-01V I:5.5779e-03A R:7.0162e+01ğ›€ E:1.2079e+01V/cm J:2.4411e-01A/cm2 ğ›’:4.9482e+01ğ›€ cm
2023-03-29 09:41:23,210 INFO Measurement at current 0.005628140703517588
2023-03-29 09:41:23,797 INFO T:292.87Â°K V:3.9433e-01V I:5.6281e-03A R:7.0064e+01ğ›€ E:1.2171e+01V/cm J:2.4631e-01A/cm2 ğ›’:4.9413e+01ğ›€ cm
2023-03-29 09:41:23,812 INFO Measurement at current 0.005678391959798995
2023-03-29 09:41:24,402 INFO T:292.87Â°K V:3.9733e-01V I:5.6784e-03A R:6.9972e+01ğ›€ E:1.2263e+01V/cm J:2.4851e-01A/cm2 ğ›’:4.9348e+01ğ›€ cm
2023-03-29 09:41:24,429 INFO Measurement at current 0.005728643216080402
2023-03-29 09:41:25,025 INFO T:292.87Â°K V:4.0030e-01V I:5.7286e-03A R:6.9876e+01ğ›€ E:1.2355e+01V/cm J:2.5071e-01A/cm2 ğ›’:4.9280e+01ğ›€ cm
2023-03-29 09:41:25,046 INFO Measurement at current 0.005778894472361809
2023-03-29 09:41:25,635 INFO T:292.87Â°K V:4.0328e-01V I:5.7789e-03A R:6.9785e+01ğ›€ E:1.2447e+01V/cm J:2.5291e-01A/cm2 ğ›’:4.9215e+01ğ›€ cm
2023-03-29 09:41:25,650 INFO Measurement at current 0.005829145728643216
2023-03-29 09:41:26,260 INFO T:292.87Â°K V:4.0620e-01V I:5.8291e-03A R:6.9685e+01ğ›€ E:1.2537e+01V/cm J:2.5510e-01A/cm2 ğ›’:4.9145e+01ğ›€ cm
2023-03-29 09:41:26,277 INFO Measurement at current 0.005879396984924623
2023-03-29 09:41:26,868 INFO T:292.87Â°K V:4.0915e-01V I:5.8794e-03A R:6.9590e+01ğ›€ E:1.2628e+01V/cm J:2.5730e-01A/cm2 ğ›’:4.9078e+01ğ›€ cm
2023-03-29 09:41:26,890 INFO Measurement at current 0.00592964824120603
2023-03-29 09:41:27,489 INFO T:292.87Â°K V:4.1205e-01V I:5.9296e-03A R:6.9489e+01ğ›€ E:1.2718e+01V/cm J:2.5950e-01A/cm2 ğ›’:4.9007e+01ğ›€ cm
2023-03-29 09:41:27,507 INFO Measurement at current 0.005979899497487437
2023-03-29 09:41:28,103 INFO T:292.87Â°K V:4.1498e-01V I:5.9799e-03A R:6.9396e+01ğ›€ E:1.2808e+01V/cm J:2.6170e-01A/cm2 ğ›’:4.8942e+01ğ›€ cm
2023-03-29 09:41:28,126 INFO Measurement at current 0.006030150753768844
2023-03-29 09:41:28,720 INFO T:292.87Â°K V:4.1788e-01V I:6.0302e-03A R:6.9299e+01ğ›€ E:1.2898e+01V/cm J:2.6390e-01A/cm2 ğ›’:4.8873e+01ğ›€ cm
2023-03-29 09:41:28,742 INFO Measurement at current 0.006080402010050252
2023-03-29 09:41:29,346 INFO T:292.87Â°K V:4.2081e-01V I:6.0804e-03A R:6.9207e+01ğ›€ E:1.2988e+01V/cm J:2.6610e-01A/cm2 ğ›’:4.8808e+01ğ›€ cm
2023-03-29 09:41:29,367 INFO Measurement at current 0.006130653266331659
2023-03-29 09:41:29,958 INFO T:292.86Â°K V:4.2368e-01V I:6.1307e-03A R:6.9108e+01ğ›€ E:1.3076e+01V/cm J:2.6830e-01A/cm2 ğ›’:4.8738e+01ğ›€ cm
2023-03-29 09:41:29,978 INFO Measurement at current 0.006180904522613066
2023-03-29 09:41:30,585 INFO T:292.86Â°K V:4.2656e-01V I:6.1809e-03A R:6.9013e+01ğ›€ E:1.3166e+01V/cm J:2.7050e-01A/cm2 ğ›’:4.8671e+01ğ›€ cm
2023-03-29 09:41:30,603 INFO Measurement at current 0.006231155778894473
2023-03-29 09:41:31,192 INFO T:292.86Â°K V:4.2948e-01V I:6.2312e-03A R:6.8925e+01ğ›€ E:1.3256e+01V/cm J:2.7270e-01A/cm2 ğ›’:4.8609e+01ğ›€ cm
2023-03-29 09:41:31,214 INFO Measurement at current 0.00628140703517588
2023-03-29 09:41:31,808 INFO T:292.86Â°K V:4.3235e-01V I:6.2814e-03A R:6.8831e+01ğ›€ E:1.3344e+01V/cm J:2.7490e-01A/cm2 ğ›’:4.8543e+01ğ›€ cm
2023-03-29 09:41:31,828 INFO Measurement at current 0.006331658291457287
2023-03-29 09:41:32,427 INFO T:292.86Â°K V:4.3517e-01V I:6.3317e-03A R:6.8730e+01ğ›€ E:1.3431e+01V/cm J:2.7710e-01A/cm2 ğ›’:4.8471e+01ğ›€ cm
2023-03-29 09:41:32,445 INFO Measurement at current 0.006381909547738694
2023-03-29 09:41:33,037 INFO T:292.86Â°K V:4.3802e-01V I:6.3819e-03A R:6.8634e+01ğ›€ E:1.3519e+01V/cm J:2.7930e-01A/cm2 ğ›’:4.8404e+01ğ›€ cm
2023-03-29 09:41:33,054 INFO Measurement at current 0.006432160804020101
2023-03-29 09:41:33,670 INFO T:292.86Â°K V:4.4081e-01V I:6.4322e-03A R:6.8532e+01ğ›€ E:1.3605e+01V/cm J:2.8150e-01A/cm2 ğ›’:4.8332e+01ğ›€ cm
2023-03-29 09:41:33,690 INFO Measurement at current 0.006482412060301508
2023-03-29 09:41:34,292 INFO T:292.86Â°K V:4.4364e-01V I:6.4824e-03A R:6.8437e+01ğ›€ E:1.3692e+01V/cm J:2.8369e-01A/cm2 ğ›’:4.8265e+01ğ›€ cm
2023-03-29 09:41:34,321 INFO Measurement at current 0.006532663316582915
2023-03-29 09:41:34,910 INFO T:292.86Â°K V:4.4642e-01V I:6.5327e-03A R:6.8336e+01ğ›€ E:1.3778e+01V/cm J:2.8589e-01A/cm2 ğ›’:4.8194e+01ğ›€ cm
2023-03-29 09:41:34,939 INFO Measurement at current 0.0065829145728643216
2023-03-29 09:41:35,538 INFO T:292.86Â°K V:4.4919e-01V I:6.5829e-03A R:6.8236e+01ğ›€ E:1.3864e+01V/cm J:2.8809e-01A/cm2 ğ›’:4.8123e+01ğ›€ cm
2023-03-29 09:41:35,553 INFO Measurement at current 0.0066331658291457285
2023-03-29 09:41:36,154 INFO T:292.85Â°K V:4.5197e-01V I:6.6332e-03A R:6.8138e+01ğ›€ E:1.3950e+01V/cm J:2.9029e-01A/cm2 ğ›’:4.8054e+01ğ›€ cm
2023-03-29 09:41:36,175 INFO Measurement at current 0.0066834170854271355
2023-03-29 09:41:36,765 INFO T:292.85Â°K V:4.5473e-01V I:6.6834e-03A R:6.8039e+01ğ›€ E:1.4035e+01V/cm J:2.9249e-01A/cm2 ğ›’:4.7984e+01ğ›€ cm
2023-03-29 09:41:36,782 INFO Measurement at current 0.0067336683417085425
2023-03-29 09:41:37,382 INFO T:292.85Â°K V:4.5749e-01V I:6.7337e-03A R:6.7940e+01ğ›€ E:1.4120e+01V/cm J:2.9469e-01A/cm2 ğ›’:4.7915e+01ğ›€ cm
2023-03-29 09:41:37,418 INFO Measurement at current 0.0067839195979899495
2023-03-29 09:41:38,015 INFO T:292.85Â°K V:4.6022e-01V I:6.7839e-03A R:6.7840e+01ğ›€ E:1.4204e+01V/cm J:2.9689e-01A/cm2 ğ›’:4.7844e+01ğ›€ cm
2023-03-29 09:41:38,035 INFO Measurement at current 0.006834170854271357
2023-03-29 09:41:38,619 INFO T:292.85Â°K V:4.6296e-01V I:6.8342e-03A R:6.7743e+01ğ›€ E:1.4289e+01V/cm J:2.9909e-01A/cm2 ğ›’:4.7775e+01ğ›€ cm
2023-03-29 09:41:38,635 INFO Measurement at current 0.006884422110552764
2023-03-29 09:41:39,225 INFO T:292.85Â°K V:4.6563e-01V I:6.8844e-03A R:6.7635e+01ğ›€ E:1.4371e+01V/cm J:3.0129e-01A/cm2 ğ›’:4.7699e+01ğ›€ cm
2023-03-29 09:41:39,242 INFO Measurement at current 0.006934673366834171
2023-03-29 09:41:39,840 INFO T:292.85Â°K V:4.6836e-01V I:6.9347e-03A R:6.7538e+01ğ›€ E:1.4455e+01V/cm J:3.0349e-01A/cm2 ğ›’:4.7631e+01ğ›€ cm
2023-03-29 09:41:39,859 INFO Measurement at current 0.006984924623115578
2023-03-29 09:41:40,447 INFO T:292.85Â°K V:4.7109e-01V I:6.9849e-03A R:6.7444e+01ğ›€ E:1.4540e+01V/cm J:3.0569e-01A/cm2 ğ›’:4.7565e+01ğ›€ cm
2023-03-29 09:41:40,469 INFO Measurement at current 0.007035175879396985
2023-03-29 09:41:41,062 INFO T:292.85Â°K V:4.7392e-01V I:7.0352e-03A R:6.7365e+01ğ›€ E:1.4627e+01V/cm J:3.0789e-01A/cm2 ğ›’:4.7509e+01ğ›€ cm
2023-03-29 09:41:41,080 INFO Measurement at current 0.007085427135678392
2023-03-29 09:41:41,681 INFO T:292.84Â°K V:4.7665e-01V I:7.0854e-03A R:6.7272e+01ğ›€ E:1.4711e+01V/cm J:3.1008e-01A/cm2 ğ›’:4.7443e+01ğ›€ cm
2023-03-29 09:41:41,704 INFO Measurement at current 0.007135678391959799
2023-03-29 09:41:42,294 INFO T:292.84Â°K V:4.7925e-01V I:7.1357e-03A R:6.7162e+01ğ›€ E:1.4792e+01V/cm J:3.1228e-01A/cm2 ğ›’:4.7366e+01ğ›€ cm
2023-03-29 09:41:42,322 INFO Measurement at current 0.007185929648241206
2023-03-29 09:41:42,925 INFO T:292.84Â°K V:4.8198e-01V I:7.1859e-03A R:6.7073e+01ğ›€ E:1.4876e+01V/cm J:3.1448e-01A/cm2 ğ›’:4.7303e+01ğ›€ cm
2023-03-29 09:41:42,945 INFO Measurement at current 0.007236180904522613
2023-03-29 09:41:43,534 INFO T:292.84Â°K V:4.8464e-01V I:7.2362e-03A R:6.6974e+01ğ›€ E:1.4958e+01V/cm J:3.1668e-01A/cm2 ğ›’:4.7233e+01ğ›€ cm
2023-03-29 09:41:43,563 INFO Measurement at current 0.00728643216080402
2023-03-29 09:41:44,160 INFO T:292.84Â°K V:4.8727e-01V I:7.2864e-03A R:6.6874e+01ğ›€ E:1.5039e+01V/cm J:3.1888e-01A/cm2 ğ›’:4.7163e+01ğ›€ cm
2023-03-29 09:41:44,180 INFO Measurement at current 0.007336683417085427
2023-03-29 09:41:44,772 INFO T:292.84Â°K V:4.8988e-01V I:7.3367e-03A R:6.6771e+01ğ›€ E:1.5120e+01V/cm J:3.2108e-01A/cm2 ğ›’:4.7090e+01ğ›€ cm
2023-03-29 09:41:44,793 INFO Measurement at current 0.007386934673366834
2023-03-29 09:41:45,392 INFO T:292.84Â°K V:4.9248e-01V I:7.3869e-03A R:6.6669e+01ğ›€ E:1.5200e+01V/cm J:3.2328e-01A/cm2 ğ›’:4.7018e+01ğ›€ cm
2023-03-29 09:41:45,407 INFO Measurement at current 0.007437185929648241
2023-03-29 09:41:45,996 INFO T:292.84Â°K V:4.9506e-01V I:7.4372e-03A R:6.6566e+01ğ›€ E:1.5280e+01V/cm J:3.2548e-01A/cm2 ğ›’:4.6945e+01ğ›€ cm
2023-03-29 09:41:46,012 INFO Measurement at current 0.007487437185929648
2023-03-29 09:41:46,601 INFO T:292.84Â°K V:4.9766e-01V I:7.4874e-03A R:6.6465e+01ğ›€ E:1.5360e+01V/cm J:3.2768e-01A/cm2 ğ›’:4.6875e+01ğ›€ cm
2023-03-29 09:41:46,617 INFO Measurement at current 0.007537688442211056
2023-03-29 09:41:47,203 INFO T:292.84Â°K V:5.0023e-01V I:7.5377e-03A R:6.6364e+01ğ›€ E:1.5439e+01V/cm J:3.2988e-01A/cm2 ğ›’:4.6803e+01ğ›€ cm
2023-03-29 09:41:47,223 INFO Measurement at current 0.007587939698492463
2023-03-29 09:41:47,812 INFO T:292.84Â°K V:5.0281e-01V I:7.5879e-03A R:6.6265e+01ğ›€ E:1.5519e+01V/cm J:3.3208e-01A/cm2 ğ›’:4.6733e+01ğ›€ cm
2023-03-29 09:41:47,829 INFO Measurement at current 0.00763819095477387
2023-03-29 09:41:48,420 INFO T:292.83Â°K V:5.0533e-01V I:7.6382e-03A R:6.6158e+01ğ›€ E:1.5597e+01V/cm J:3.3428e-01A/cm2 ğ›’:4.6658e+01ğ›€ cm
2023-03-29 09:41:48,435 INFO Measurement at current 0.007688442211055277
2023-03-29 09:41:49,036 INFO T:292.83Â°K V:5.0789e-01V I:7.6884e-03A R:6.6058e+01ğ›€ E:1.5676e+01V/cm J:3.3647e-01A/cm2 ğ›’:4.6588e+01ğ›€ cm
2023-03-29 09:41:49,054 INFO Measurement at current 0.007738693467336684
2023-03-29 09:41:49,639 INFO T:292.83Â°K V:5.1040e-01V I:7.7387e-03A R:6.5954e+01ğ›€ E:1.5753e+01V/cm J:3.3867e-01A/cm2 ğ›’:4.6514e+01ğ›€ cm
2023-03-29 09:41:49,657 INFO Measurement at current 0.007788944723618091
2023-03-29 09:41:50,246 INFO T:292.83Â°K V:5.1291e-01V I:7.7889e-03A R:6.5852e+01ğ›€ E:1.5831e+01V/cm J:3.4087e-01A/cm2 ğ›’:4.6442e+01ğ›€ cm
2023-03-29 09:41:50,263 INFO Measurement at current 0.007839195979899497
2023-03-29 09:41:50,850 INFO T:292.83Â°K V:5.1542e-01V I:7.8392e-03A R:6.5749e+01ğ›€ E:1.5908e+01V/cm J:3.4307e-01A/cm2 ğ›’:4.6369e+01ğ›€ cm
2023-03-29 09:41:50,870 INFO Measurement at current 0.007889447236180906
2023-03-29 09:41:51,475 INFO T:292.83Â°K V:5.1792e-01V I:7.8894e-03A R:6.5647e+01ğ›€ E:1.5985e+01V/cm J:3.4527e-01A/cm2 ğ›’:4.6297e+01ğ›€ cm
2023-03-29 09:41:51,491 INFO Measurement at current 0.007939698492462312
2023-03-29 09:41:52,085 INFO T:292.83Â°K V:5.2038e-01V I:7.9397e-03A R:6.5542e+01ğ›€ E:1.6061e+01V/cm J:3.4747e-01A/cm2 ğ›’:4.6223e+01ğ›€ cm
2023-03-29 09:41:52,103 INFO Measurement at current 0.00798994974874372
2023-03-29 09:41:52,705 INFO T:292.83Â°K V:5.2285e-01V I:7.9899e-03A R:6.5439e+01ğ›€ E:1.6137e+01V/cm J:3.4967e-01A/cm2 ğ›’:4.6150e+01ğ›€ cm
2023-03-29 09:41:52,722 INFO Measurement at current 0.008040201005025126
2023-03-29 09:41:53,323 INFO T:292.83Â°K V:5.2525e-01V I:8.0402e-03A R:6.5328e+01ğ›€ E:1.6211e+01V/cm J:3.5187e-01A/cm2 ğ›’:4.6072e+01ğ›€ cm
2023-03-29 09:41:53,352 INFO Measurement at current 0.008090452261306533
2023-03-29 09:41:53,941 INFO T:292.83Â°K V:5.2774e-01V I:8.0905e-03A R:6.5230e+01ğ›€ E:1.6288e+01V/cm J:3.5407e-01A/cm2 ğ›’:4.6003e+01ğ›€ cm
2023-03-29 09:41:53,960 INFO Measurement at current 0.00814070351758794
2023-03-29 09:41:54,563 INFO T:292.82Â°K V:5.3014e-01V I:8.1407e-03A R:6.5123e+01ğ›€ E:1.6362e+01V/cm J:3.5627e-01A/cm2 ğ›’:4.5928e+01ğ›€ cm
2023-03-29 09:41:54,589 INFO Measurement at current 0.008190954773869347
2023-03-29 09:41:55,181 INFO T:292.82Â°K V:5.3255e-01V I:8.1910e-03A R:6.5017e+01ğ›€ E:1.6437e+01V/cm J:3.5847e-01A/cm2 ğ›’:4.5853e+01ğ›€ cm
2023-03-29 09:41:55,197 INFO Measurement at current 0.008241206030150754
2023-03-29 09:41:55,801 INFO T:292.82Â°K V:5.3495e-01V I:8.2412e-03A R:6.4911e+01ğ›€ E:1.6511e+01V/cm J:3.6067e-01A/cm2 ğ›’:4.5778e+01ğ›€ cm
2023-03-29 09:41:55,830 INFO Measurement at current 0.008291457286432161
2023-03-29 09:41:56,421 INFO T:292.82Â°K V:5.3738e-01V I:8.2915e-03A R:6.4811e+01ğ›€ E:1.6586e+01V/cm J:3.6286e-01A/cm2 ğ›’:4.5708e+01ğ›€ cm
2023-03-29 09:41:56,444 INFO Measurement at current 0.008341708542713568
2023-03-29 09:41:57,039 INFO T:292.82Â°K V:5.3973e-01V I:8.3417e-03A R:6.4703e+01ğ›€ E:1.6658e+01V/cm J:3.6506e-01A/cm2 ğ›’:4.5631e+01ğ›€ cm
2023-03-29 09:41:57,062 INFO Measurement at current 0.008391959798994975
2023-03-29 09:41:57,651 INFO T:292.82Â°K V:5.4208e-01V I:8.3920e-03A R:6.4595e+01ğ›€ E:1.6731e+01V/cm J:3.6726e-01A/cm2 ğ›’:4.5555e+01ğ›€ cm
2023-03-29 09:41:57,668 INFO Measurement at current 0.008442211055276382
2023-03-29 09:41:58,273 INFO T:292.82Â°K V:5.4440e-01V I:8.4422e-03A R:6.4485e+01ğ›€ E:1.6802e+01V/cm J:3.6946e-01A/cm2 ğ›’:4.5478e+01ğ›€ cm
2023-03-29 09:41:58,290 INFO Measurement at current 0.00849246231155779
2023-03-29 09:41:59,906 INFO T:292.82Â°K V:5.4669e-01V I:8.4925e-03A R:6.4374e+01ğ›€ E:1.6873e+01V/cm J:3.7166e-01A/cm2 ğ›’:4.5399e+01ğ›€ cm
2023-03-29 09:41:59,936 INFO Measurement at current 0.008542713567839196
2023-03-29 09:42:00,531 INFO T:292.81Â°K V:5.4887e-01V I:8.5427e-03A R:6.4250e+01ğ›€ E:1.6940e+01V/cm J:3.7386e-01A/cm2 ğ›’:4.5312e+01ğ›€ cm
2023-03-29 09:42:00,550 INFO Measurement at current 0.008592964824120603
2023-03-29 09:42:01,144 INFO T:292.81Â°K V:5.5126e-01V I:8.5930e-03A R:6.4153e+01ğ›€ E:1.7014e+01V/cm J:3.7606e-01A/cm2 ğ›’:4.5244e+01ğ›€ cm
2023-03-29 09:42:01,161 INFO Measurement at current 0.00864321608040201
2023-03-29 09:42:01,747 INFO T:292.81Â°K V:5.5358e-01V I:8.6432e-03A R:6.4048e+01ğ›€ E:1.7086e+01V/cm J:3.7826e-01A/cm2 ğ›’:4.5170e+01ğ›€ cm
2023-03-29 09:42:01,763 INFO Measurement at current 0.008693467336683417
2023-03-29 09:42:02,349 INFO T:292.81Â°K V:5.5590e-01V I:8.6935e-03A R:6.3944e+01ğ›€ E:1.7157e+01V/cm J:3.8046e-01A/cm2 ğ›’:4.5097e+01ğ›€ cm
2023-03-29 09:42:02,372 INFO Measurement at current 0.008743718592964824
2023-03-29 09:42:02,964 INFO T:292.81Â°K V:5.5811e-01V I:8.7437e-03A R:6.3830e+01ğ›€ E:1.7226e+01V/cm J:3.8266e-01A/cm2 ğ›’:4.5016e+01ğ›€ cm
2023-03-29 09:42:02,984 INFO Measurement at current 0.008793969849246231
2023-03-29 09:42:03,590 INFO T:292.81Â°K V:5.6038e-01V I:8.7940e-03A R:6.3723e+01ğ›€ E:1.7296e+01V/cm J:3.8486e-01A/cm2 ğ›’:4.4940e+01ğ›€ cm
2023-03-29 09:42:03,610 INFO Measurement at current 0.008844221105527638
2023-03-29 09:42:04,198 INFO T:292.81Â°K V:5.6267e-01V I:8.8442e-03A R:6.3621e+01ğ›€ E:1.7366e+01V/cm J:3.8706e-01A/cm2 ğ›’:4.4868e+01ğ›€ cm
2023-03-29 09:42:04,215 INFO Measurement at current 0.008894472361809045
2023-03-29 09:42:04,803 INFO T:292.81Â°K V:5.6492e-01V I:8.8945e-03A R:6.3513e+01ğ›€ E:1.7436e+01V/cm J:3.8925e-01A/cm2 ğ›’:4.4793e+01ğ›€ cm
2023-03-29 09:42:04,828 INFO Measurement at current 0.008944723618090452
2023-03-29 09:42:05,429 INFO T:292.81Â°K V:5.6713e-01V I:8.9447e-03A R:6.3403e+01ğ›€ E:1.7504e+01V/cm J:3.9145e-01A/cm2 ğ›’:4.4715e+01ğ›€ cm
2023-03-29 09:42:05,450 INFO Measurement at current 0.008994974874371859
2023-03-29 09:42:06,060 INFO T:292.81Â°K V:5.6916e-01V I:8.9950e-03A R:6.3275e+01ğ›€ E:1.7567e+01V/cm J:3.9365e-01A/cm2 ğ›’:4.4625e+01ğ›€ cm
2023-03-29 09:42:06,085 INFO Measurement at current 0.009045226130653266
2023-03-29 09:42:06,685 INFO T:292.80Â°K V:5.7110e-01V I:9.0452e-03A R:6.3138e+01ğ›€ E:1.7627e+01V/cm J:3.9585e-01A/cm2 ğ›’:4.4528e+01ğ›€ cm
2023-03-29 09:42:06,712 INFO Measurement at current 0.009095477386934673
2023-03-29 09:42:07,303 INFO T:292.80Â°K V:5.7392e-01V I:9.0955e-03A R:6.3099e+01ğ›€ E:1.7713e+01V/cm J:3.9805e-01A/cm2 ğ›’:4.4500e+01ğ›€ cm
2023-03-29 09:42:07,331 INFO Measurement at current 0.00914572864321608
2023-03-29 09:42:07,931 INFO T:292.80Â°K V:5.7606e-01V I:9.1457e-03A R:6.2987e+01ğ›€ E:1.7780e+01V/cm J:4.0025e-01A/cm2 ğ›’:4.4421e+01ğ›€ cm
2023-03-29 09:42:07,952 INFO Measurement at current 0.009195979899497487
2023-03-29 09:42:08,541 INFO T:292.80Â°K V:5.7826e-01V I:9.1960e-03A R:6.2882e+01ğ›€ E:1.7848e+01V/cm J:4.0245e-01A/cm2 ğ›’:4.4348e+01ğ›€ cm
2023-03-29 09:42:08,569 INFO Measurement at current 0.009246231155778894
2023-03-29 09:42:09,172 INFO T:292.80Â°K V:5.8044e-01V I:9.2462e-03A R:6.2776e+01ğ›€ E:1.7915e+01V/cm J:4.0465e-01A/cm2 ğ›’:4.4272e+01ğ›€ cm
2023-03-29 09:42:09,203 INFO Measurement at current 0.009296482412060303
2023-03-29 09:42:09,799 INFO T:292.80Â°K V:5.8263e-01V I:9.2965e-03A R:6.2672e+01ğ›€ E:1.7982e+01V/cm J:4.0685e-01A/cm2 ğ›’:4.4199e+01ğ›€ cm
2023-03-29 09:42:09,817 INFO Measurement at current 0.00934673366834171
2023-03-29 09:42:10,415 INFO T:292.80Â°K V:5.8479e-01V I:9.3467e-03A R:6.2566e+01ğ›€ E:1.8049e+01V/cm J:4.0905e-01A/cm2 ğ›’:4.4125e+01ğ›€ cm
2023-03-29 09:42:10,435 INFO Measurement at current 0.009396984924623117
2023-03-29 09:42:11,022 INFO T:292.80Â°K V:5.8694e-01V I:9.3970e-03A R:6.2461e+01ğ›€ E:1.8116e+01V/cm J:4.1125e-01A/cm2 ğ›’:4.4050e+01ğ›€ cm
2023-03-29 09:42:11,042 INFO Measurement at current 0.009447236180904523
2023-03-29 09:42:11,634 INFO T:292.80Â°K V:5.8906e-01V I:9.4472e-03A R:6.2353e+01ğ›€ E:1.8181e+01V/cm J:4.1345e-01A/cm2 ğ›’:4.3974e+01ğ›€ cm
2023-03-29 09:42:11,658 INFO Measurement at current 0.00949748743718593
2023-03-29 09:42:12,254 INFO T:292.80Â°K V:5.9123e-01V I:9.4975e-03A R:6.2251e+01ğ›€ E:1.8248e+01V/cm J:4.1564e-01A/cm2 ğ›’:4.3902e+01ğ›€ cm
2023-03-29 09:42:12,278 INFO Measurement at current 0.009547738693467337
2023-03-29 09:42:12,877 INFO T:292.79Â°K V:5.9340e-01V I:9.5477e-03A R:6.2151e+01ğ›€ E:1.8315e+01V/cm J:4.1784e-01A/cm2 ğ›’:4.3832e+01ğ›€ cm
2023-03-29 09:42:12,901 INFO Measurement at current 0.009597989949748744
2023-03-29 09:42:13,496 INFO T:292.79Â°K V:5.9552e-01V I:9.5980e-03A R:6.2046e+01ğ›€ E:1.8380e+01V/cm J:4.2004e-01A/cm2 ğ›’:4.3758e+01ğ›€ cm
2023-03-29 09:42:13,515 INFO Measurement at current 0.009648241206030151
2023-03-29 09:42:14,109 INFO T:292.79Â°K V:5.9767e-01V I:9.6482e-03A R:6.1946e+01ğ›€ E:1.8447e+01V/cm J:4.2224e-01A/cm2 ğ›’:4.3687e+01ğ›€ cm
2023-03-29 09:42:14,125 INFO Measurement at current 0.009698492462311558
2023-03-29 09:42:14,719 INFO T:292.79Â°K V:5.9975e-01V I:9.6985e-03A R:6.1839e+01ğ›€ E:1.8511e+01V/cm J:4.2444e-01A/cm2 ğ›’:4.3612e+01ğ›€ cm
2023-03-29 09:42:14,742 INFO Measurement at current 0.009748743718592965
2023-03-29 09:42:15,325 INFO T:292.79Â°K V:6.0185e-01V I:9.7487e-03A R:6.1737e+01ğ›€ E:1.8576e+01V/cm J:4.2664e-01A/cm2 ğ›’:4.3540e+01ğ›€ cm
2023-03-29 09:42:15,344 INFO Measurement at current 0.009798994974874372
2023-03-29 09:42:15,930 INFO T:292.79Â°K V:6.0394e-01V I:9.7990e-03A R:6.1633e+01ğ›€ E:1.8640e+01V/cm J:4.2884e-01A/cm2 ğ›’:4.3466e+01ğ›€ cm
2023-03-29 09:42:15,955 INFO Measurement at current 0.00984924623115578
2023-03-29 09:42:16,555 INFO T:292.79Â°K V:6.0597e-01V I:9.8492e-03A R:6.1524e+01ğ›€ E:1.8703e+01V/cm J:4.3104e-01A/cm2 ğ›’:4.3390e+01ğ›€ cm
2023-03-29 09:42:16,580 INFO Measurement at current 0.009899497487437186
2023-03-29 09:42:17,178 INFO T:292.79Â°K V:6.0806e-01V I:9.8995e-03A R:6.1424e+01ğ›€ E:1.8767e+01V/cm J:4.3324e-01A/cm2 ğ›’:4.3319e+01ğ›€ cm
2023-03-29 09:42:17,206 INFO Measurement at current 0.009949748743718593
2023-03-29 09:42:17,809 INFO T:292.79Â°K V:6.1010e-01V I:9.9497e-03A R:6.1318e+01ğ›€ E:1.8830e+01V/cm J:4.3544e-01A/cm2 ğ›’:4.3244e+01ğ›€ cm
2023-03-29 09:42:17,832 INFO Measurement at current 0.01
2023-03-29 09:42:18,453 INFO T:292.79Â°K V:6.1216e-01V I:1.0000e-02A R:6.1216e+01ğ›€ E:1.8894e+01V/cm J:4.3764e-01A/cm2 ğ›’:4.3173e+01ğ›€ cm
2023-03-29 09:42:27,008 INFO Save the description file
2023-03-29 09:42:27,015 INFO Save data in numpy format Esperimenti/CPRO_MUSA_290323_I_V/CPRO_MUSA_290323_I_V_current_from_0_to_100e-4A/CPRO_MUSA_290323_I_V_current_from_0_to_100e-4A-20230329094225
2023-03-29 09:42:27,031 INFO Save data in CSV format Esperimenti/CPRO_MUSA_290323_I_V/CPRO_MUSA_290323_I_V_current_from_0_to_100e-4A/CPRO_MUSA_290323_I_V_current_from_0_to_100e-4A-20230329094225.csv
2023-03-29 09:42:27,066 INFO Save plot as image Esperimenti/CPRO_MUSA_290323_I_V/CPRO_MUSA_290323_I_V_current_from_0_to_100e-4A/CPRO_MUSA_290323_I_V_current_from_0_to_100e-4A-20230329094225.png
