2023-03-29 14:51:13,997 INFO ### Start experiment: CPRO_MUSA_290323_I_V current from 0 to 100e-4A ###
2023-03-29 14:51:15,347 INFO Found Multimeter KEITHLEY INSTRUMENTS INC.,MODEL 2700,0884890,B03  /A02  

2023-03-29 14:51:16,375 INFO Found Nanovolt Meter KEITHLEY INSTRUMENTS INC.,MODEL 2182A,4056474,C03  /A02  

2023-03-29 14:51:16,488 INFO Found Source Meter KEITHLEY INSTRUMENTS INC.,MODEL 2400,0945684,C24   Feb 14 2002 11:59:45/A02  /K/H

2023-03-29 14:51:16,611 INFO Start the measurement loop
2023-03-29 14:51:24,974 INFO Measurement at current 0.0
2023-03-29 14:51:25,902 INFO T:211.07Â°K V:-6.9707e-05V I:0.0000e+00A R:-infğ›€ E:-2.1515e-03V/cm J:0.0000e+00A/cm2 ğ›’:-infğ›€ cm
2023-03-29 14:51:25,924 INFO Measurement at current 5.0251256281407036e-05
2023-03-29 14:51:27,168 INFO T:211.06Â°K V:1.6973e-02V I:5.0251e-05A R:3.3776e+02ğ›€ E:5.2386e-01V/cm J:2.1992e-03A/cm2 ğ›’:2.3821e+02ğ›€ cm
2023-03-29 14:51:27,199 INFO Measurement at current 0.00010050251256281407
2023-03-29 14:51:27,797 INFO T:211.06Â°K V:3.3921e-02V I:1.0050e-04A R:3.3752e+02ğ›€ E:1.0470e+00V/cm J:4.3984e-03A/cm2 ğ›’:2.3803e+02ğ›€ cm
2023-03-29 14:51:27,812 INFO Measurement at current 0.00015075376884422112
2023-03-29 14:51:28,430 INFO T:211.05Â°K V:5.0966e-02V I:1.5075e-04A R:3.3807e+02ğ›€ E:1.5730e+00V/cm J:6.5975e-03A/cm2 ğ›’:2.3842e+02ğ›€ cm
2023-03-29 14:51:28,455 INFO Measurement at current 0.00020100502512562814
2023-03-29 14:51:29,062 INFO T:211.05Â°K V:6.7473e-02V I:2.0101e-04A R:3.3568e+02ğ›€ E:2.0825e+00V/cm J:8.7967e-03A/cm2 ğ›’:2.3674e+02ğ›€ cm
2023-03-29 14:51:29,082 INFO Measurement at current 0.0002512562814070352
2023-03-29 14:51:29,674 INFO T:211.04Â°K V:8.3865e-02V I:2.5126e-04A R:3.3378e+02ğ›€ E:2.5884e+00V/cm J:1.0996e-02A/cm2 ğ›’:2.3540e+02ğ›€ cm
2023-03-29 14:51:29,690 INFO Measurement at current 0.00030150753768844223
2023-03-29 14:51:30,278 INFO T:211.04Â°K V:1.0007e-01V I:3.0151e-04A R:3.3190e+02ğ›€ E:3.0886e+00V/cm J:1.3195e-02A/cm2 ğ›’:2.3407e+02ğ›€ cm
2023-03-29 14:51:30,306 INFO Measurement at current 0.00035175879396984926
2023-03-29 14:51:30,893 INFO T:211.04Â°K V:1.1668e-01V I:3.5176e-04A R:3.3172e+02ğ›€ E:3.6014e+00V/cm J:1.5394e-02A/cm2 ğ›’:2.3394e+02ğ›€ cm
2023-03-29 14:51:30,916 INFO Measurement at current 0.0004020100502512563
2023-03-29 14:51:32,049 INFO T:211.03Â°K V:1.3277e-01V I:4.0201e-04A R:3.3027e+02ğ›€ E:4.0979e+00V/cm J:1.7593e-02A/cm2 ğ›’:2.3292e+02ğ›€ cm
2023-03-29 14:51:32,074 INFO Measurement at current 0.0004522613065326633
2023-03-29 14:51:32,685 INFO T:211.03Â°K V:1.4853e-01V I:4.5226e-04A R:3.2842e+02ğ›€ E:4.5844e+00V/cm J:1.9793e-02A/cm2 ğ›’:2.3162e+02ğ›€ cm
2023-03-29 14:51:32,702 INFO Measurement at current 0.0005025125628140704
2023-03-29 14:51:33,288 INFO T:211.02Â°K V:1.6400e-01V I:5.0251e-04A R:3.2636e+02ğ›€ E:5.0617e+00V/cm J:2.1992e-02A/cm2 ğ›’:2.3016e+02ğ›€ cm
2023-03-29 14:51:33,303 INFO Measurement at current 0.0005527638190954774
2023-03-29 14:51:33,892 INFO T:211.02Â°K V:1.7937e-01V I:5.5276e-04A R:3.2450e+02ğ›€ E:5.5362e+00V/cm J:2.4191e-02A/cm2 ğ›’:2.2885e+02ğ›€ cm
2023-03-29 14:51:33,915 INFO Measurement at current 0.0006030150753768845
2023-03-29 14:51:34,507 INFO T:211.02Â°K V:1.9474e-01V I:6.0302e-04A R:3.2295e+02ğ›€ E:6.0106e+00V/cm J:2.6390e-02A/cm2 ğ›’:2.2776e+02ğ›€ cm
2023-03-29 14:51:34,531 INFO Measurement at current 0.0006532663316582914
2023-03-29 14:51:35,141 INFO T:211.01Â°K V:2.1050e-01V I:6.5327e-04A R:3.2223e+02ğ›€ E:6.4970e+00V/cm J:2.8589e-02A/cm2 ğ›’:2.2725e+02ğ›€ cm
2023-03-29 14:51:35,167 INFO Measurement at current 0.0007035175879396985
2023-03-29 14:51:35,761 INFO T:211.01Â°K V:2.2478e-01V I:7.0352e-04A R:3.1951e+02ğ›€ E:6.9378e+00V/cm J:3.0789e-02A/cm2 ğ›’:2.2534e+02ğ›€ cm
2023-03-29 14:51:35,780 INFO Measurement at current 0.0007537688442211055
2023-03-29 14:51:36,365 INFO T:211.01Â°K V:2.3851e-01V I:7.5377e-04A R:3.1643e+02ğ›€ E:7.3615e+00V/cm J:3.2988e-02A/cm2 ğ›’:2.2316e+02ğ›€ cm
2023-03-29 14:51:36,382 INFO Measurement at current 0.0008040201005025126
2023-03-29 14:51:36,979 INFO T:211.00Â°K V:2.5146e-01V I:8.0402e-04A R:3.1276e+02ğ›€ E:7.7612e+00V/cm J:3.5187e-02A/cm2 ğ›’:2.2057e+02ğ›€ cm
2023-03-29 14:51:37,000 INFO Measurement at current 0.0008542713567839197
2023-03-29 14:51:37,593 INFO T:211.00Â°K V:2.6663e-01V I:8.5427e-04A R:3.1212e+02ğ›€ E:8.2295e+00V/cm J:3.7386e-02A/cm2 ğ›’:2.2012e+02ğ›€ cm
2023-03-29 14:51:37,617 INFO Measurement at current 0.0009045226130653266
2023-03-29 14:51:38,224 INFO T:211.00Â°K V:2.8076e-01V I:9.0452e-04A R:3.1040e+02ğ›€ E:8.6656e+00V/cm J:3.9585e-02A/cm2 ğ›’:2.1891e+02ğ›€ cm
2023-03-29 14:51:38,253 INFO Measurement at current 0.0009547738693467337
2023-03-29 14:51:38,840 INFO T:210.99Â°K V:2.9284e-01V I:9.5477e-04A R:3.0672e+02ğ›€ E:9.0384e+00V/cm J:4.1784e-02A/cm2 ğ›’:2.1631e+02ğ›€ cm
2023-03-29 14:51:38,859 INFO Measurement at current 0.0010050251256281408
2023-03-29 14:51:39,455 INFO T:210.99Â°K V:3.0710e-01V I:1.0050e-03A R:3.0557e+02ğ›€ E:9.4785e+00V/cm J:4.3984e-02A/cm2 ğ›’:2.1550e+02ğ›€ cm
2023-03-29 14:51:39,476 INFO Measurement at current 0.0010552763819095478
2023-03-29 14:51:40,061 INFO T:210.99Â°K V:3.1508e-01V I:1.0553e-03A R:2.9858e+02ğ›€ E:9.7247e+00V/cm J:4.6183e-02A/cm2 ğ›’:2.1057e+02ğ›€ cm
2023-03-29 14:51:40,084 INFO Measurement at current 0.0011055276381909548
2023-03-29 14:51:40,686 INFO T:210.98Â°K V:3.2658e-01V I:1.1055e-03A R:2.9541e+02ğ›€ E:1.0080e+01V/cm J:4.8382e-02A/cm2 ğ›’:2.0834e+02ğ›€ cm
2023-03-29 14:51:40,710 INFO Measurement at current 0.0011557788944723617
2023-03-29 14:51:41,315 INFO T:210.98Â°K V:3.4050e-01V I:1.1558e-03A R:2.9460e+02ğ›€ E:1.0509e+01V/cm J:5.0581e-02A/cm2 ğ›’:2.0777e+02ğ›€ cm
2023-03-29 14:51:41,331 INFO Measurement at current 0.001206030150753769
2023-03-29 14:51:41,925 INFO T:210.98Â°K V:3.5345e-01V I:1.2060e-03A R:2.9307e+02ğ›€ E:1.0909e+01V/cm J:5.2780e-02A/cm2 ğ›’:2.0669e+02ğ›€ cm
2023-03-29 14:51:41,944 INFO Measurement at current 0.001256281407035176
2023-03-29 14:51:42,573 INFO T:210.97Â°K V:3.6513e-01V I:1.2563e-03A R:2.9064e+02ğ›€ E:1.1269e+01V/cm J:5.4979e-02A/cm2 ğ›’:2.0498e+02ğ›€ cm
2023-03-29 14:51:42,596 INFO Measurement at current 0.0013065326633165829
2023-03-29 14:51:43,197 INFO T:210.97Â°K V:3.7911e-01V I:1.3065e-03A R:2.9016e+02ğ›€ E:1.1701e+01V/cm J:5.7179e-02A/cm2 ğ›’:2.0464e+02ğ›€ cm
2023-03-29 14:51:43,224 INFO Measurement at current 0.00135678391959799
2023-03-29 14:51:43,827 INFO T:210.97Â°K V:3.9030e-01V I:1.3568e-03A R:2.8766e+02ğ›€ E:1.2046e+01V/cm J:5.9378e-02A/cm2 ğ›’:2.0287e+02ğ›€ cm
2023-03-29 14:51:43,849 INFO Measurement at current 0.001407035175879397
2023-03-29 14:51:44,435 INFO T:210.96Â°K V:4.0346e-01V I:1.4070e-03A R:2.8675e+02ğ›€ E:1.2453e+01V/cm J:6.1577e-02A/cm2 ğ›’:2.0223e+02ğ›€ cm
2023-03-29 14:51:44,455 INFO Measurement at current 0.001457286432160804
2023-03-29 14:51:45,045 INFO T:210.96Â°K V:4.1511e-01V I:1.4573e-03A R:2.8485e+02ğ›€ E:1.2812e+01V/cm J:6.3776e-02A/cm2 ğ›’:2.0089e+02ğ›€ cm
2023-03-29 14:51:45,070 INFO Measurement at current 0.001507537688442211
2023-03-29 14:51:45,671 INFO T:210.96Â°K V:4.2517e-01V I:1.5075e-03A R:2.8203e+02ğ›€ E:1.3123e+01V/cm J:6.5975e-02A/cm2 ğ›’:1.9890e+02ğ›€ cm
2023-03-29 14:51:45,694 INFO Measurement at current 0.0015577889447236182
2023-03-29 14:51:46,300 INFO T:210.95Â°K V:4.3743e-01V I:1.5578e-03A R:2.8080e+02ğ›€ E:1.3501e+01V/cm J:6.8175e-02A/cm2 ğ›’:1.9804e+02ğ›€ cm
2023-03-29 14:51:46,321 INFO Measurement at current 0.0016080402010050252
2023-03-29 14:51:46,910 INFO T:210.95Â°K V:4.4747e-01V I:1.6080e-03A R:2.7827e+02ğ›€ E:1.3811e+01V/cm J:7.0374e-02A/cm2 ğ›’:1.9625e+02ğ›€ cm
2023-03-29 14:51:46,928 INFO Measurement at current 0.0016582914572864321
2023-03-29 14:51:47,514 INFO T:210.94Â°K V:4.5694e-01V I:1.6583e-03A R:2.7555e+02ğ›€ E:1.4103e+01V/cm J:7.2573e-02A/cm2 ğ›’:1.9433e+02ğ›€ cm
2023-03-29 14:51:47,529 INFO Measurement at current 0.0017085427135678393
2023-03-29 14:51:48,113 INFO T:210.94Â°K V:4.6743e-01V I:1.7085e-03A R:2.7358e+02ğ›€ E:1.4427e+01V/cm J:7.4772e-02A/cm2 ğ›’:1.9294e+02ğ›€ cm
2023-03-29 14:51:48,130 INFO Measurement at current 0.0017587939698492463
2023-03-29 14:51:48,715 INFO T:210.94Â°K V:4.7612e-01V I:1.7588e-03A R:2.7071e+02ğ›€ E:1.4695e+01V/cm J:7.6971e-02A/cm2 ğ›’:1.9091e+02ğ›€ cm
2023-03-29 14:51:48,737 INFO Measurement at current 0.0018090452261306533
2023-03-29 14:51:49,340 INFO T:210.93Â°K V:4.8509e-01V I:1.8090e-03A R:2.6815e+02ğ›€ E:1.4972e+01V/cm J:7.9170e-02A/cm2 ğ›’:1.8911e+02ğ›€ cm
2023-03-29 14:51:49,362 INFO Measurement at current 0.0018592964824120603
2023-03-29 14:51:49,962 INFO T:210.93Â°K V:4.9898e-01V I:1.8593e-03A R:2.6837e+02ğ›€ E:1.5401e+01V/cm J:8.1370e-02A/cm2 ğ›’:1.8927e+02ğ›€ cm
2023-03-29 14:51:49,978 INFO Measurement at current 0.0019095477386934674
2023-03-29 14:51:50,576 INFO T:210.93Â°K V:5.1565e-01V I:1.9095e-03A R:2.7004e+02ğ›€ E:1.5915e+01V/cm J:8.3569e-02A/cm2 ğ›’:1.9044e+02ğ›€ cm
2023-03-29 14:51:50,593 INFO Measurement at current 0.001959798994974874
2023-03-29 14:51:51,184 INFO T:210.92Â°K V:5.2923e-01V I:1.9598e-03A R:2.7004e+02ğ›€ E:1.6334e+01V/cm J:8.5768e-02A/cm2 ğ›’:1.9045e+02ğ›€ cm
2023-03-29 14:51:51,201 INFO Measurement at current 0.0020100502512562816
2023-03-29 14:51:51,787 INFO T:210.92Â°K V:5.4555e-01V I:2.0101e-03A R:2.7141e+02ğ›€ E:1.6838e+01V/cm J:8.7967e-02A/cm2 ğ›’:1.9141e+02ğ›€ cm
2023-03-29 14:51:51,812 INFO Measurement at current 0.0020603015075376886
2023-03-29 14:51:52,414 INFO T:210.92Â°K V:5.6385e-01V I:2.0603e-03A R:2.7367e+02ğ›€ E:1.7403e+01V/cm J:9.0166e-02A/cm2 ğ›’:1.9301e+02ğ›€ cm
2023-03-29 14:51:52,432 INFO Measurement at current 0.0021105527638190956
2023-03-29 14:51:53,021 INFO T:210.91Â°K V:5.8230e-01V I:2.1106e-03A R:2.7590e+02ğ›€ E:1.7972e+01V/cm J:9.2366e-02A/cm2 ğ›’:1.9458e+02ğ›€ cm
2023-03-29 14:51:53,036 INFO Measurement at current 0.0021608040201005025
2023-03-29 14:51:53,622 INFO T:210.91Â°K V:5.9897e-01V I:2.1608e-03A R:2.7720e+02ğ›€ E:1.8487e+01V/cm J:9.4565e-02A/cm2 ğ›’:1.9549e+02ğ›€ cm
2023-03-29 14:51:53,643 INFO Measurement at current 0.0022110552763819095
2023-03-29 14:51:54,227 INFO T:210.91Â°K V:6.1090e-01V I:2.2111e-03A R:2.7629e+02ğ›€ E:1.8855e+01V/cm J:9.6764e-02A/cm2 ğ›’:1.9486e+02ğ›€ cm
2023-03-29 14:51:54,242 INFO Measurement at current 0.0022613065326633165
2023-03-29 14:51:54,825 INFO T:210.90Â°K V:6.2365e-01V I:2.2613e-03A R:2.7579e+02ğ›€ E:1.9249e+01V/cm J:9.8963e-02A/cm2 ğ›’:1.9450e+02ğ›€ cm
2023-03-29 14:51:54,843 INFO Measurement at current 0.0023115577889447235
2023-03-29 14:51:55,443 INFO T:210.90Â°K V:6.3475e-01V I:2.3116e-03A R:2.7460e+02ğ›€ E:1.9591e+01V/cm J:1.0116e-01A/cm2 ğ›’:1.9366e+02ğ›€ cm
2023-03-29 14:51:55,466 INFO Measurement at current 0.002361809045226131
2023-03-29 14:51:56,059 INFO T:210.90Â°K V:6.4490e-01V I:2.3618e-03A R:2.7305e+02ğ›€ E:1.9904e+01V/cm J:1.0336e-01A/cm2 ğ›’:1.9257e+02ğ›€ cm
2023-03-29 14:51:56,076 INFO Measurement at current 0.002412060301507538
2023-03-29 14:51:56,663 INFO T:210.89Â°K V:6.5313e-01V I:2.4121e-03A R:2.7078e+02ğ›€ E:2.0158e+01V/cm J:1.0556e-01A/cm2 ğ›’:1.9097e+02ğ›€ cm
2023-03-29 14:51:56,685 INFO Measurement at current 0.002462311557788945
2023-03-29 14:51:57,274 INFO T:210.89Â°K V:6.6070e-01V I:2.4623e-03A R:2.6832e+02ğ›€ E:2.0392e+01V/cm J:1.0776e-01A/cm2 ğ›’:1.8923e+02ğ›€ cm
2023-03-29 14:51:57,294 INFO Measurement at current 0.002512562814070352
2023-03-29 14:51:57,893 INFO T:210.89Â°K V:6.7455e-01V I:2.5126e-03A R:2.6847e+02ğ›€ E:2.0820e+01V/cm J:1.0996e-01A/cm2 ğ›’:1.8934e+02ğ›€ cm
2023-03-29 14:51:57,909 INFO Measurement at current 0.0025628140703517588
2023-03-29 14:51:58,506 INFO T:210.88Â°K V:6.8333e-01V I:2.5628e-03A R:2.6663e+02ğ›€ E:2.1091e+01V/cm J:1.1216e-01A/cm2 ğ›’:1.8804e+02ğ›€ cm
2023-03-29 14:51:58,531 INFO Measurement at current 0.0026130653266331657
2023-03-29 14:51:59,133 INFO T:210.88Â°K V:6.8789e-01V I:2.6131e-03A R:2.6325e+02ğ›€ E:2.1231e+01V/cm J:1.1436e-01A/cm2 ğ›’:1.8566e+02ğ›€ cm
2023-03-29 14:51:59,166 INFO Measurement at current 0.0026633165829145727
2023-03-29 14:51:59,765 INFO T:210.88Â°K V:6.9964e-01V I:2.6633e-03A R:2.6269e+02ğ›€ E:2.1594e+01V/cm J:1.1656e-01A/cm2 ğ›’:1.8526e+02ğ›€ cm
2023-03-29 14:51:59,785 INFO Measurement at current 0.00271356783919598
2023-03-29 14:52:00,380 INFO T:210.87Â°K V:7.0673e-01V I:2.7136e-03A R:2.6044e+02ğ›€ E:2.1813e+01V/cm J:1.1876e-01A/cm2 ğ›’:1.8368e+02ğ›€ cm
2023-03-29 14:52:00,399 INFO Measurement at current 0.002763819095477387
2023-03-29 14:52:00,985 INFO T:210.87Â°K V:7.1743e-01V I:2.7638e-03A R:2.5958e+02ğ›€ E:2.2143e+01V/cm J:1.2095e-01A/cm2 ğ›’:1.8307e+02ğ›€ cm
2023-03-29 14:52:00,999 INFO Measurement at current 0.002814070351758794
2023-03-29 14:52:01,591 INFO T:210.87Â°K V:7.2601e-01V I:2.8141e-03A R:2.5799e+02ğ›€ E:2.2408e+01V/cm J:1.2315e-01A/cm2 ğ›’:1.8195e+02ğ›€ cm
2023-03-29 14:52:01,613 INFO Measurement at current 0.002864321608040201
2023-03-29 14:52:02,206 INFO T:210.86Â°K V:7.3508e-01V I:2.8643e-03A R:2.5663e+02ğ›€ E:2.2688e+01V/cm J:1.2535e-01A/cm2 ğ›’:1.8099e+02ğ›€ cm
2023-03-29 14:52:02,224 INFO Measurement at current 0.002914572864321608
2023-03-29 14:52:02,815 INFO T:210.86Â°K V:7.4277e-01V I:2.9146e-03A R:2.5485e+02ğ›€ E:2.2925e+01V/cm J:1.2755e-01A/cm2 ğ›’:1.7973e+02ğ›€ cm
2023-03-29 14:52:02,840 INFO Measurement at current 0.002964824120603015
2023-03-29 14:52:03,440 INFO T:210.86Â°K V:7.4950e-01V I:2.9648e-03A R:2.5280e+02ğ›€ E:2.3133e+01V/cm J:1.2975e-01A/cm2 ğ›’:1.7828e+02ğ›€ cm
2023-03-29 14:52:03,474 INFO Measurement at current 0.003015075376884422
2023-03-29 14:52:04,066 INFO T:210.85Â°K V:7.5558e-01V I:3.0151e-03A R:2.5060e+02ğ›€ E:2.3320e+01V/cm J:1.3195e-01A/cm2 ğ›’:1.7674e+02ğ›€ cm
2023-03-29 14:52:04,130 INFO Measurement at current 0.0030653266331658294
2023-03-29 14:52:04,723 INFO T:210.85Â°K V:7.5974e-01V I:3.0653e-03A R:2.4785e+02ğ›€ E:2.3449e+01V/cm J:1.3415e-01A/cm2 ğ›’:1.7480e+02ğ›€ cm
2023-03-29 14:52:04,742 INFO Measurement at current 0.0031155778894472364
2023-03-29 14:52:05,344 INFO T:210.85Â°K V:7.6619e-01V I:3.1156e-03A R:2.4592e+02ğ›€ E:2.3648e+01V/cm J:1.3635e-01A/cm2 ğ›’:1.7344e+02ğ›€ cm
2023-03-29 14:52:05,368 INFO Measurement at current 0.0031658291457286433
2023-03-29 14:52:05,959 INFO T:210.84Â°K V:7.7099e-01V I:3.1658e-03A R:2.4353e+02ğ›€ E:2.3796e+01V/cm J:1.3855e-01A/cm2 ğ›’:1.7175e+02ğ›€ cm
2023-03-29 14:52:05,977 INFO Measurement at current 0.0032160804020100503
2023-03-29 14:52:06,562 INFO T:210.84Â°K V:7.7153e-01V I:3.2161e-03A R:2.3990e+02ğ›€ E:2.3813e+01V/cm J:1.4075e-01A/cm2 ğ›’:1.6919e+02ğ›€ cm
2023-03-29 14:52:06,579 INFO Measurement at current 0.0032663316582914573
2023-03-29 14:52:07,171 INFO T:210.84Â°K V:7.7508e-01V I:3.2663e-03A R:2.3729e+02ğ›€ E:2.3922e+01V/cm J:1.4295e-01A/cm2 ğ›’:1.6735e+02ğ›€ cm
2023-03-29 14:52:07,187 INFO Measurement at current 0.0033165829145728643
2023-03-29 14:52:07,793 INFO T:210.83Â°K V:7.7748e-01V I:3.3166e-03A R:2.3442e+02ğ›€ E:2.3996e+01V/cm J:1.4515e-01A/cm2 ğ›’:1.6532e+02ğ›€ cm
2023-03-29 14:52:07,810 INFO Measurement at current 0.0033668341708542712
2023-03-29 14:52:08,403 INFO T:210.83Â°K V:7.8560e-01V I:3.3668e-03A R:2.3334e+02ğ›€ E:2.4247e+01V/cm J:1.4735e-01A/cm2 ğ›’:1.6456e+02ğ›€ cm
2023-03-29 14:52:08,426 INFO Measurement at current 0.0034170854271356787
2023-03-29 14:52:09,013 INFO T:210.83Â°K V:7.9086e-01V I:3.4171e-03A R:2.3144e+02ğ›€ E:2.4409e+01V/cm J:1.4954e-01A/cm2 ğ›’:1.6322e+02ğ›€ cm
2023-03-29 14:52:09,032 INFO Measurement at current 0.0034673366834170856
2023-03-29 14:52:09,625 INFO T:210.82Â°K V:7.9445e-01V I:3.4673e-03A R:2.2912e+02ğ›€ E:2.4520e+01V/cm J:1.5174e-01A/cm2 ğ›’:1.6159e+02ğ›€ cm
2023-03-29 14:52:09,645 INFO Measurement at current 0.0035175879396984926
2023-03-29 14:52:10,236 INFO T:210.82Â°K V:8.0131e-01V I:3.5176e-03A R:2.2780e+02ğ›€ E:2.4732e+01V/cm J:1.5394e-01A/cm2 ğ›’:1.6066e+02ğ›€ cm
2023-03-29 14:52:10,256 INFO Measurement at current 0.0035678391959798996
2023-03-29 14:52:10,857 INFO T:210.82Â°K V:8.0941e-01V I:3.5678e-03A R:2.2686e+02ğ›€ E:2.4982e+01V/cm J:1.5614e-01A/cm2 ğ›’:1.5999e+02ğ›€ cm
2023-03-29 14:52:10,886 INFO Measurement at current 0.0036180904522613066
2023-03-29 14:52:11,493 INFO T:210.81Â°K V:8.1439e-01V I:3.6181e-03A R:2.2509e+02ğ›€ E:2.5136e+01V/cm J:1.5834e-01A/cm2 ğ›’:1.5874e+02ğ›€ cm
2023-03-29 14:52:11,518 INFO Measurement at current 0.0036683417085427135
2023-03-29 14:52:12,105 INFO T:210.81Â°K V:8.1688e-01V I:3.6683e-03A R:2.2268e+02ğ›€ E:2.5212e+01V/cm J:1.6054e-01A/cm2 ğ›’:1.5705e+02ğ›€ cm
2023-03-29 14:52:12,123 INFO Measurement at current 0.0037185929648241205
2023-03-29 14:52:12,711 INFO T:210.81Â°K V:8.2233e-01V I:3.7186e-03A R:2.2114e+02ğ›€ E:2.5380e+01V/cm J:1.6274e-01A/cm2 ğ›’:1.5596e+02ğ›€ cm
2023-03-29 14:52:12,728 INFO Measurement at current 0.003768844221105528
2023-03-29 14:52:13,320 INFO T:210.80Â°K V:8.2736e-01V I:3.7688e-03A R:2.1953e+02ğ›€ E:2.5536e+01V/cm J:1.6494e-01A/cm2 ğ›’:1.5482e+02ğ›€ cm
2023-03-29 14:52:13,335 INFO Measurement at current 0.003819095477386935
2023-03-29 14:52:13,949 INFO T:210.80Â°K V:8.3938e-01V I:3.8191e-03A R:2.1979e+02ğ›€ E:2.5907e+01V/cm J:1.6714e-01A/cm2 ğ›’:1.5500e+02ğ›€ cm
2023-03-29 14:52:13,977 INFO Measurement at current 0.003869346733668342
2023-03-29 14:52:14,574 INFO T:210.80Â°K V:8.4169e-01V I:3.8693e-03A R:2.1753e+02ğ›€ E:2.5978e+01V/cm J:1.6934e-01A/cm2 ğ›’:1.5341e+02ğ›€ cm
2023-03-29 14:52:14,603 INFO Measurement at current 0.003919597989949748
2023-03-29 14:52:15,216 INFO T:210.79Â°K V:8.4606e-01V I:3.9196e-03A R:2.1585e+02ğ›€ E:2.6113e+01V/cm J:1.7154e-01A/cm2 ğ›’:1.5223e+02ğ›€ cm
2023-03-29 14:52:15,238 INFO Measurement at current 0.003969849246231156
2023-03-29 14:52:15,849 INFO T:210.79Â°K V:8.4786e-01V I:3.9698e-03A R:2.1358e+02ğ›€ E:2.6169e+01V/cm J:1.7374e-01A/cm2 ğ›’:1.5062e+02ğ›€ cm
2023-03-29 14:52:15,870 INFO Measurement at current 0.004020100502512563
2023-03-29 14:52:16,470 INFO T:210.79Â°K V:8.5423e-01V I:4.0201e-03A R:2.1249e+02ğ›€ E:2.6365e+01V/cm J:1.7593e-01A/cm2 ğ›’:1.4986e+02ğ›€ cm
2023-03-29 14:52:16,506 INFO Measurement at current 0.00407035175879397
2023-03-29 14:52:17,097 INFO T:210.78Â°K V:8.5779e-01V I:4.0704e-03A R:2.1074e+02ğ›€ E:2.6475e+01V/cm J:1.7813e-01A/cm2 ğ›’:1.4863e+02ğ›€ cm
2023-03-29 14:52:17,120 INFO Measurement at current 0.004120603015075377
2023-03-29 14:52:17,707 INFO T:210.78Â°K V:8.7033e-01V I:4.1206e-03A R:2.1121e+02ğ›€ E:2.6862e+01V/cm J:1.8033e-01A/cm2 ğ›’:1.4896e+02ğ›€ cm
2023-03-29 14:52:17,723 INFO Measurement at current 0.004170854271356784
2023-03-29 14:52:18,307 INFO T:210.78Â°K V:8.7560e-01V I:4.1709e-03A R:2.0993e+02ğ›€ E:2.7025e+01V/cm J:1.8253e-01A/cm2 ğ›’:1.4806e+02ğ›€ cm
2023-03-29 14:52:18,328 INFO Measurement at current 0.004221105527638191
2023-03-29 14:52:18,915 INFO T:210.77Â°K V:8.8471e-01V I:4.2211e-03A R:2.0959e+02ğ›€ E:2.7306e+01V/cm J:1.8473e-01A/cm2 ğ›’:1.4781e+02ğ›€ cm
2023-03-29 14:52:18,936 INFO Measurement at current 0.004271356783919598
2023-03-29 14:52:19,533 INFO T:210.77Â°K V:8.9763e-01V I:4.2714e-03A R:2.1015e+02ğ›€ E:2.7705e+01V/cm J:1.8693e-01A/cm2 ğ›’:1.4821e+02ğ›€ cm
2023-03-29 14:52:19,552 INFO Measurement at current 0.004321608040201005
2023-03-29 14:52:20,144 INFO T:210.77Â°K V:9.0451e-01V I:4.3216e-03A R:2.0930e+02ğ›€ E:2.7917e+01V/cm J:1.8913e-01A/cm2 ğ›’:1.4761e+02ğ›€ cm
2023-03-29 14:52:20,161 INFO Measurement at current 0.004371859296482412
2023-03-29 14:52:20,746 INFO T:210.76Â°K V:9.0560e-01V I:4.3719e-03A R:2.0714e+02ğ›€ E:2.7951e+01V/cm J:1.9133e-01A/cm2 ğ›’:1.4609e+02ğ›€ cm
2023-03-29 14:52:20,775 INFO Measurement at current 0.004422110552763819
2023-03-29 14:52:21,371 INFO T:210.76Â°K V:9.1237e-01V I:4.4221e-03A R:2.0632e+02ğ›€ E:2.8159e+01V/cm J:1.9353e-01A/cm2 ğ›’:1.4551e+02ğ›€ cm
2023-03-29 14:52:21,393 INFO Measurement at current 0.004472361809045226
2023-03-29 14:52:22,007 INFO T:210.76Â°K V:9.1738e-01V I:4.4724e-03A R:2.0512e+02ğ›€ E:2.8314e+01V/cm J:1.9573e-01A/cm2 ğ›’:1.4466e+02ğ›€ cm
2023-03-29 14:52:22,043 INFO Measurement at current 0.004522613065326633
2023-03-29 14:52:22,638 INFO T:210.75Â°K V:9.3286e-01V I:4.5226e-03A R:2.0627e+02ğ›€ E:2.8792e+01V/cm J:1.9793e-01A/cm2 ğ›’:1.4547e+02ğ›€ cm
2023-03-29 14:52:22,675 INFO Measurement at current 0.00457286432160804
2023-03-29 14:52:23,284 INFO T:210.75Â°K V:9.3891e-01V I:4.5729e-03A R:2.0532e+02ğ›€ E:2.8979e+01V/cm J:2.0013e-01A/cm2 ğ›’:1.4480e+02ğ›€ cm
2023-03-29 14:52:23,316 INFO Measurement at current 0.004623115577889447
2023-03-29 14:52:23,910 INFO T:210.75Â°K V:9.4348e-01V I:4.6231e-03A R:2.0408e+02ğ›€ E:2.9120e+01V/cm J:2.0232e-01A/cm2 ğ›’:1.4393e+02ğ›€ cm
2023-03-29 14:52:23,942 INFO Measurement at current 0.004673366834170855
2023-03-29 14:52:24,531 INFO T:210.74Â°K V:9.4797e-01V I:4.6734e-03A R:2.0284e+02ğ›€ E:2.9258e+01V/cm J:2.0452e-01A/cm2 ğ›’:1.4306e+02ğ›€ cm
2023-03-29 14:52:24,545 INFO Measurement at current 0.004723618090452262
2023-03-29 14:52:25,130 INFO T:210.74Â°K V:9.4970e-01V I:4.7236e-03A R:2.0105e+02ğ›€ E:2.9312e+01V/cm J:2.0672e-01A/cm2 ğ›’:1.4179e+02ğ›€ cm
2023-03-29 14:52:25,151 INFO Measurement at current 0.004773869346733669
2023-03-29 14:52:25,744 INFO T:210.74Â°K V:9.5344e-01V I:4.7739e-03A R:1.9972e+02ğ›€ E:2.9427e+01V/cm J:2.0892e-01A/cm2 ğ›’:1.4085e+02ğ›€ cm
2023-03-29 14:52:25,759 INFO Measurement at current 0.004824120603015076
2023-03-29 14:52:26,345 INFO T:210.73Â°K V:9.5574e-01V I:4.8241e-03A R:1.9812e+02ğ›€ E:2.9498e+01V/cm J:2.1112e-01A/cm2 ğ›’:1.3972e+02ğ›€ cm
2023-03-29 14:52:26,368 INFO Measurement at current 0.004874371859296483
2023-03-29 14:52:26,956 INFO T:210.73Â°K V:9.6008e-01V I:4.8744e-03A R:1.9696e+02ğ›€ E:2.9632e+01V/cm J:2.1332e-01A/cm2 ğ›’:1.3891e+02ğ›€ cm
2023-03-29 14:52:26,975 INFO Measurement at current 0.00492462311557789
2023-03-29 14:52:27,570 INFO T:210.73Â°K V:9.5927e-01V I:4.9246e-03A R:1.9479e+02ğ›€ E:2.9607e+01V/cm J:2.1552e-01A/cm2 ğ›’:1.3738e+02ğ›€ cm
2023-03-29 14:52:27,588 INFO Measurement at current 0.004974874371859297
2023-03-29 14:52:28,173 INFO T:210.72Â°K V:9.5233e-01V I:4.9749e-03A R:1.9143e+02ğ›€ E:2.9393e+01V/cm J:2.1772e-01A/cm2 ğ›’:1.3500e+02ğ›€ cm
2023-03-29 14:52:28,193 INFO Measurement at current 0.005025125628140704
2023-03-29 14:52:28,783 INFO T:210.72Â°K V:9.4820e-01V I:5.0251e-03A R:1.8869e+02ğ›€ E:2.9265e+01V/cm J:2.1992e-01A/cm2 ğ›’:1.3307e+02ğ›€ cm
2023-03-29 14:52:28,813 INFO Measurement at current 0.005075376884422111
2023-03-29 14:52:29,409 INFO T:210.72Â°K V:9.5544e-01V I:5.0754e-03A R:1.8825e+02ğ›€ E:2.9489e+01V/cm J:2.2212e-01A/cm2 ğ›’:1.3276e+02ğ›€ cm
2023-03-29 14:52:29,432 INFO Measurement at current 0.0051256281407035175
2023-03-29 14:52:30,040 INFO T:210.71Â°K V:9.5753e-01V I:5.1256e-03A R:1.8681e+02ğ›€ E:2.9553e+01V/cm J:2.2432e-01A/cm2 ğ›’:1.3175e+02ğ›€ cm
2023-03-29 14:52:30,075 INFO Measurement at current 0.0051758793969849245
2023-03-29 14:52:30,668 INFO T:210.71Â°K V:9.6833e-01V I:5.1759e-03A R:1.8708e+02ğ›€ E:2.9887e+01V/cm J:2.2652e-01A/cm2 ğ›’:1.3194e+02ğ›€ cm
2023-03-29 14:52:30,685 INFO Measurement at current 0.0052261306532663315
2023-03-29 14:52:31,271 INFO T:210.71Â°K V:9.7471e-01V I:5.2261e-03A R:1.8651e+02ğ›€ E:3.0084e+01V/cm J:2.2871e-01A/cm2 ğ›’:1.3153e+02ğ›€ cm
2023-03-29 14:52:31,286 INFO Measurement at current 0.0052763819095477385
2023-03-29 14:52:31,876 INFO T:210.70Â°K V:9.8331e-01V I:5.2764e-03A R:1.8636e+02ğ›€ E:3.0349e+01V/cm J:2.3091e-01A/cm2 ğ›’:1.3143e+02ğ›€ cm
2023-03-29 14:52:31,897 INFO Measurement at current 0.0053266331658291454
2023-03-29 14:52:32,503 INFO T:210.70Â°K V:9.8102e-01V I:5.3266e-03A R:1.8417e+02ğ›€ E:3.0279e+01V/cm J:2.3311e-01A/cm2 ğ›’:1.2989e+02ğ›€ cm
2023-03-29 14:52:32,522 INFO Measurement at current 0.005376884422110553
2023-03-29 14:52:33,111 INFO T:210.70Â°K V:9.8999e-01V I:5.3769e-03A R:1.8412e+02ğ›€ E:3.0555e+01V/cm J:2.3531e-01A/cm2 ğ›’:1.2985e+02ğ›€ cm
2023-03-29 14:52:33,134 INFO Measurement at current 0.00542713567839196
2023-03-29 14:52:33,730 INFO T:210.70Â°K V:9.9865e-01V I:5.4271e-03A R:1.8401e+02ğ›€ E:3.0823e+01V/cm J:2.3751e-01A/cm2 ğ›’:1.2977e+02ğ›€ cm
2023-03-29 14:52:33,746 INFO Measurement at current 0.005477386934673367
2023-03-29 14:52:34,336 INFO T:210.69Â°K V:1.0094e+00V I:5.4774e-03A R:1.8428e+02ğ›€ E:3.1153e+01V/cm J:2.3971e-01A/cm2 ğ›’:1.2996e+02ğ›€ cm
2023-03-29 14:52:34,353 INFO Measurement at current 0.005527638190954774
2023-03-29 14:52:34,936 INFO T:210.69Â°K V:1.0113e+00V I:5.5276e-03A R:1.8295e+02ğ›€ E:3.1213e+01V/cm J:2.4191e-01A/cm2 ğ›’:1.2903e+02ğ›€ cm
2023-03-29 14:52:34,961 INFO Measurement at current 0.005577889447236181
2023-03-29 14:52:35,547 INFO T:210.69Â°K V:1.0164e+00V I:5.5779e-03A R:1.8222e+02ğ›€ E:3.1371e+01V/cm J:2.4411e-01A/cm2 ğ›’:1.2851e+02ğ›€ cm
2023-03-29 14:52:35,583 INFO Measurement at current 0.005628140703517588
2023-03-29 14:52:36,163 INFO T:210.68Â°K V:1.0165e+00V I:5.6281e-03A R:1.8060e+02ğ›€ E:3.1372e+01V/cm J:2.4631e-01A/cm2 ğ›’:1.2737e+02ğ›€ cm
2023-03-29 14:52:36,184 INFO Measurement at current 0.005678391959798995
2023-03-29 14:52:36,784 INFO T:210.68Â°K V:1.0164e+00V I:5.6784e-03A R:1.7899e+02ğ›€ E:3.1370e+01V/cm J:2.4851e-01A/cm2 ğ›’:1.2624e+02ğ›€ cm
2023-03-29 14:52:36,801 INFO Measurement at current 0.005728643216080402
2023-03-29 14:52:37,405 INFO T:210.68Â°K V:1.0194e+00V I:5.7286e-03A R:1.7795e+02ğ›€ E:3.1463e+01V/cm J:2.5071e-01A/cm2 ğ›’:1.2550e+02ğ›€ cm
2023-03-29 14:52:37,430 INFO Measurement at current 0.005778894472361809
2023-03-29 14:52:38,027 INFO T:210.67Â°K V:1.0328e+00V I:5.7789e-03A R:1.7872e+02ğ›€ E:3.1877e+01V/cm J:2.5291e-01A/cm2 ğ›’:1.2604e+02ğ›€ cm
2023-03-29 14:52:38,046 INFO Measurement at current 0.005829145728643216
2023-03-29 14:52:38,635 INFO T:210.67Â°K V:1.0369e+00V I:5.8291e-03A R:1.7788e+02ğ›€ E:3.2003e+01V/cm J:2.5510e-01A/cm2 ğ›’:1.2545e+02ğ›€ cm
2023-03-29 14:52:38,665 INFO Measurement at current 0.005879396984924623
2023-03-29 14:52:39,265 INFO T:210.67Â°K V:1.0425e+00V I:5.8794e-03A R:1.7731e+02ğ›€ E:3.2174e+01V/cm J:2.5730e-01A/cm2 ğ›’:1.2504e+02ğ›€ cm
2023-03-29 14:52:39,304 INFO Measurement at current 0.00592964824120603
2023-03-29 14:52:39,890 INFO T:210.66Â°K V:1.0556e+00V I:5.9296e-03A R:1.7802e+02ğ›€ E:3.2581e+01V/cm J:2.5950e-01A/cm2 ğ›’:1.2555e+02ğ›€ cm
2023-03-29 14:52:39,917 INFO Measurement at current 0.005979899497487437
2023-03-29 14:52:40,507 INFO T:210.66Â°K V:1.0740e+00V I:5.9799e-03A R:1.7959e+02ğ›€ E:3.3147e+01V/cm J:2.6170e-01A/cm2 ğ›’:1.2666e+02ğ›€ cm
2023-03-29 14:52:40,524 INFO Measurement at current 0.006030150753768844
2023-03-29 14:52:41,123 INFO T:210.66Â°K V:1.0774e+00V I:6.0302e-03A R:1.7868e+02ğ›€ E:3.3255e+01V/cm J:2.6390e-01A/cm2 ğ›’:1.2601e+02ğ›€ cm
2023-03-29 14:52:41,144 INFO Measurement at current 0.006080402010050252
2023-03-29 14:52:41,750 INFO T:210.65Â°K V:1.0816e+00V I:6.0804e-03A R:1.7789e+02ğ›€ E:3.3383e+01V/cm J:2.6610e-01A/cm2 ğ›’:1.2545e+02ğ›€ cm
2023-03-29 14:52:41,771 INFO Measurement at current 0.006130653266331659
2023-03-29 14:52:42,357 INFO T:210.65Â°K V:1.0856e+00V I:6.1307e-03A R:1.7707e+02ğ›€ E:3.3505e+01V/cm J:2.6830e-01A/cm2 ğ›’:1.2488e+02ğ›€ cm
2023-03-29 14:52:42,378 INFO Measurement at current 0.006180904522613066
2023-03-29 14:52:42,966 INFO T:210.65Â°K V:1.0810e+00V I:6.1809e-03A R:1.7489e+02ğ›€ E:3.3364e+01V/cm J:2.7050e-01A/cm2 ğ›’:1.2334e+02ğ›€ cm
2023-03-29 14:52:42,993 INFO Measurement at current 0.006231155778894473
2023-03-29 14:52:43,577 INFO T:210.64Â°K V:1.0843e+00V I:6.2312e-03A R:1.7402e+02ğ›€ E:3.3467e+01V/cm J:2.7270e-01A/cm2 ğ›’:1.2272e+02ğ›€ cm
2023-03-29 14:52:43,594 INFO Measurement at current 0.00628140703517588
2023-03-29 14:52:44,179 INFO T:210.64Â°K V:1.0847e+00V I:6.2814e-03A R:1.7268e+02ğ›€ E:3.3478e+01V/cm J:2.7490e-01A/cm2 ğ›’:1.2178e+02ğ›€ cm
2023-03-29 14:52:44,201 INFO Measurement at current 0.006331658291457287
2023-03-29 14:52:44,784 INFO T:210.64Â°K V:1.0864e+00V I:6.3317e-03A R:1.7158e+02ğ›€ E:3.3531e+01V/cm J:2.7710e-01A/cm2 ğ›’:1.2101e+02ğ›€ cm
2023-03-29 14:52:44,806 INFO Measurement at current 0.006381909547738694
2023-03-29 14:52:45,403 INFO T:210.63Â°K V:1.0944e+00V I:6.3819e-03A R:1.7148e+02ğ›€ E:3.3777e+01V/cm J:2.7930e-01A/cm2 ğ›’:1.2094e+02ğ›€ cm
2023-03-29 14:52:45,423 INFO Measurement at current 0.006432160804020101
2023-03-29 14:52:46,031 INFO T:210.63Â°K V:1.0981e+00V I:6.4322e-03A R:1.7073e+02ğ›€ E:3.3893e+01V/cm J:2.8150e-01A/cm2 ğ›’:1.2040e+02ğ›€ cm
2023-03-29 14:52:46,049 INFO Measurement at current 0.006482412060301508
2023-03-29 14:52:46,641 INFO T:210.63Â°K V:1.0944e+00V I:6.4824e-03A R:1.6883e+02ğ›€ E:3.3779e+01V/cm J:2.8369e-01A/cm2 ğ›’:1.1907e+02ğ›€ cm
2023-03-29 14:52:46,660 INFO Measurement at current 0.006532663316582915
2023-03-29 14:52:47,249 INFO T:210.62Â°K V:1.0996e+00V I:6.5327e-03A R:1.6832e+02ğ›€ E:3.3937e+01V/cm J:2.8589e-01A/cm2 ğ›’:1.1871e+02ğ›€ cm
2023-03-29 14:52:47,276 INFO Measurement at current 0.0065829145728643216
2023-03-29 14:52:47,865 INFO T:210.62Â°K V:1.1250e+00V I:6.5829e-03A R:1.7090e+02ğ›€ E:3.4723e+01V/cm J:2.8809e-01A/cm2 ğ›’:1.2053e+02ğ›€ cm
2023-03-29 14:52:47,882 INFO Measurement at current 0.0066331658291457285
2023-03-29 14:52:48,471 INFO T:210.62Â°K V:1.1235e+00V I:6.6332e-03A R:1.6937e+02ğ›€ E:3.4675e+01V/cm J:2.9029e-01A/cm2 ğ›’:1.1945e+02ğ›€ cm
2023-03-29 14:52:48,492 INFO Measurement at current 0.0066834170854271355
2023-03-29 14:52:49,109 INFO T:210.61Â°K V:1.1172e+00V I:6.6834e-03A R:1.6716e+02ğ›€ E:3.4482e+01V/cm J:2.9249e-01A/cm2 ğ›’:1.1789e+02ğ›€ cm
2023-03-29 14:52:49,155 INFO Measurement at current 0.0067336683417085425
2023-03-29 14:52:49,757 INFO T:210.61Â°K V:1.1174e+00V I:6.7337e-03A R:1.6594e+02ğ›€ E:3.4487e+01V/cm J:2.9469e-01A/cm2 ğ›’:1.1703e+02ğ›€ cm
2023-03-29 14:52:49,777 INFO Measurement at current 0.0067839195979899495
2023-03-29 14:52:50,365 INFO T:210.61Â°K V:1.1224e+00V I:6.7839e-03A R:1.6546e+02ğ›€ E:3.4643e+01V/cm J:2.9689e-01A/cm2 ğ›’:1.1669e+02ğ›€ cm
2023-03-29 14:52:50,384 INFO Measurement at current 0.006834170854271357
2023-03-29 14:52:51,005 INFO T:210.61Â°K V:1.1353e+00V I:6.8342e-03A R:1.6612e+02ğ›€ E:3.5040e+01V/cm J:2.9909e-01A/cm2 ğ›’:1.1716e+02ğ›€ cm
2023-03-29 14:52:51,032 INFO Measurement at current 0.006884422110552764
2023-03-29 14:52:51,618 INFO T:210.60Â°K V:1.1340e+00V I:6.8844e-03A R:1.6472e+02ğ›€ E:3.5000e+01V/cm J:3.0129e-01A/cm2 ğ›’:1.1617e+02ğ›€ cm
2023-03-29 14:52:51,642 INFO Measurement at current 0.006934673366834171
2023-03-29 14:52:52,228 INFO T:210.60Â°K V:1.1329e+00V I:6.9347e-03A R:1.6336e+02ğ›€ E:3.4965e+01V/cm J:3.0349e-01A/cm2 ğ›’:1.1521e+02ğ›€ cm
2023-03-29 14:52:52,245 INFO Measurement at current 0.006984924623115578
2023-03-29 14:52:52,836 INFO T:210.59Â°K V:1.1436e+00V I:6.9849e-03A R:1.6372e+02ğ›€ E:3.5296e+01V/cm J:3.0569e-01A/cm2 ğ›’:1.1546e+02ğ›€ cm
2023-03-29 14:52:52,855 INFO Measurement at current 0.007035175879396985
2023-03-29 14:52:53,455 INFO T:210.59Â°K V:1.1368e+00V I:7.0352e-03A R:1.6159e+02ğ›€ E:3.5087e+01V/cm J:3.0789e-01A/cm2 ğ›’:1.1396e+02ğ›€ cm
2023-03-29 14:52:53,470 INFO Measurement at current 0.007085427135678392
2023-03-29 14:52:54,053 INFO T:210.59Â°K V:1.1418e+00V I:7.0854e-03A R:1.6114e+02ğ›€ E:3.5240e+01V/cm J:3.1008e-01A/cm2 ğ›’:1.1365e+02ğ›€ cm
2023-03-29 14:52:54,082 INFO Measurement at current 0.007135678391959799
2023-03-29 14:52:54,664 INFO T:210.59Â°K V:1.1398e+00V I:7.1357e-03A R:1.5973e+02ğ›€ E:3.5178e+01V/cm J:3.1228e-01A/cm2 ğ›’:1.1265e+02ğ›€ cm
2023-03-29 14:52:54,681 INFO Measurement at current 0.007185929648241206
2023-03-29 14:52:55,273 INFO T:210.58Â°K V:1.1332e+00V I:7.1859e-03A R:1.5770e+02ğ›€ E:3.4975e+01V/cm J:3.1448e-01A/cm2 ğ›’:1.1122e+02ğ›€ cm
2023-03-29 14:52:55,290 INFO Measurement at current 0.007236180904522613
2023-03-29 14:52:55,882 INFO T:210.58Â°K V:1.1401e+00V I:7.2362e-03A R:1.5755e+02ğ›€ E:3.5187e+01V/cm J:3.1668e-01A/cm2 ğ›’:1.1111e+02ğ›€ cm
2023-03-29 14:52:55,909 INFO Measurement at current 0.00728643216080402
2023-03-29 14:52:56,491 INFO T:210.58Â°K V:1.1424e+00V I:7.2864e-03A R:1.5679e+02ğ›€ E:3.5260e+01V/cm J:3.1888e-01A/cm2 ğ›’:1.1057e+02ğ›€ cm
2023-03-29 14:52:56,507 INFO Measurement at current 0.007336683417085427
2023-03-29 14:52:57,103 INFO T:210.57Â°K V:1.1413e+00V I:7.3367e-03A R:1.5556e+02ğ›€ E:3.5225e+01V/cm J:3.2108e-01A/cm2 ğ›’:1.0971e+02ğ›€ cm
2023-03-29 14:52:57,127 INFO Measurement at current 0.007386934673366834
2023-03-29 14:52:57,717 INFO T:210.57Â°K V:1.1432e+00V I:7.3869e-03A R:1.5476e+02ğ›€ E:3.5284e+01V/cm J:3.2328e-01A/cm2 ğ›’:1.0914e+02ğ›€ cm
2023-03-29 14:52:57,741 INFO Measurement at current 0.007437185929648241
2023-03-29 14:52:58,324 INFO T:210.57Â°K V:1.1437e+00V I:7.4372e-03A R:1.5378e+02ğ›€ E:3.5299e+01V/cm J:3.2548e-01A/cm2 ğ›’:1.0845e+02ğ›€ cm
2023-03-29 14:52:58,340 INFO Measurement at current 0.007487437185929648
2023-03-29 14:52:58,932 INFO T:210.56Â°K V:1.1507e+00V I:7.4874e-03A R:1.5369e+02ğ›€ E:3.5517e+01V/cm J:3.2768e-01A/cm2 ğ›’:1.0839e+02ğ›€ cm
2023-03-29 14:52:58,949 INFO Measurement at current 0.007537688442211056
2023-03-29 14:52:59,546 INFO T:210.56Â°K V:1.1647e+00V I:7.5377e-03A R:1.5452e+02ğ›€ E:3.5948e+01V/cm J:3.2988e-01A/cm2 ğ›’:1.0897e+02ğ›€ cm
2023-03-29 14:52:59,576 INFO Measurement at current 0.007587939698492463
2023-03-29 14:53:00,193 INFO T:210.56Â°K V:1.1732e+00V I:7.5879e-03A R:1.5461e+02ğ›€ E:3.6209e+01V/cm J:3.3208e-01A/cm2 ğ›’:1.0904e+02ğ›€ cm
2023-03-29 14:53:00,209 INFO Measurement at current 0.00763819095477387
2023-03-29 14:53:00,844 INFO T:210.55Â°K V:1.1977e+00V I:7.6382e-03A R:1.5680e+02ğ›€ E:3.6966e+01V/cm J:3.3428e-01A/cm2 ğ›’:1.1058e+02ğ›€ cm
2023-03-29 14:53:00,862 INFO Measurement at current 0.007688442211055277
2023-03-29 14:53:02,201 INFO T:210.55Â°K V:1.2744e+00V I:7.6884e-03A R:1.6576e+02ğ›€ E:3.9334e+01V/cm J:3.3647e-01A/cm2 ğ›’:1.1690e+02ğ›€ cm
2023-03-29 14:53:02,221 INFO Measurement at current 0.007738693467336684
2023-03-29 14:53:02,839 INFO T:210.54Â°K V:1.2597e+00V I:7.7387e-03A R:1.6279e+02ğ›€ E:3.8881e+01V/cm J:3.3867e-01A/cm2 ğ›’:1.1480e+02ğ›€ cm
2023-03-29 14:53:02,858 INFO Measurement at current 0.007788944723618091
2023-03-29 14:53:03,448 INFO T:210.54Â°K V:1.2995e+00V I:7.7889e-03A R:1.6684e+02ğ›€ E:4.0109e+01V/cm J:3.4087e-01A/cm2 ğ›’:1.1766e+02ğ›€ cm
2023-03-29 14:53:03,467 INFO Measurement at current 0.007839195979899497
2023-03-29 14:53:04,059 INFO T:210.54Â°K V:1.3064e+00V I:7.8392e-03A R:1.6665e+02ğ›€ E:4.0322e+01V/cm J:3.4307e-01A/cm2 ğ›’:1.1753e+02ğ›€ cm
2023-03-29 14:53:04,081 INFO Measurement at current 0.007889447236180906
2023-03-29 14:53:04,666 INFO T:210.53Â°K V:1.3190e+00V I:7.8894e-03A R:1.6719e+02ğ›€ E:4.0711e+01V/cm J:3.4527e-01A/cm2 ğ›’:1.1791e+02ğ›€ cm
2023-03-29 14:53:04,682 INFO Measurement at current 0.007939698492462312
2023-03-29 14:53:05,282 INFO T:210.53Â°K V:1.3333e+00V I:7.9397e-03A R:1.6792e+02ğ›€ E:4.1150e+01V/cm J:3.4747e-01A/cm2 ğ›’:1.1843e+02ğ›€ cm
2023-03-29 14:53:05,301 INFO Measurement at current 0.00798994974874372
2023-03-29 14:53:05,892 INFO T:210.53Â°K V:1.3281e+00V I:7.9899e-03A R:1.6623e+02ğ›€ E:4.0992e+01V/cm J:3.4967e-01A/cm2 ğ›’:1.1723e+02ğ›€ cm
2023-03-29 14:53:05,915 INFO Measurement at current 0.008040201005025126
2023-03-29 14:53:06,516 INFO T:210.52Â°K V:1.3452e+00V I:8.0402e-03A R:1.6731e+02ğ›€ E:4.1518e+01V/cm J:3.5187e-01A/cm2 ğ›’:1.1799e+02ğ›€ cm
2023-03-29 14:53:06,534 INFO Measurement at current 0.008090452261306533
2023-03-29 14:53:07,127 INFO T:210.52Â°K V:1.3278e+00V I:8.0905e-03A R:1.6412e+02ğ›€ E:4.0981e+01V/cm J:3.5407e-01A/cm2 ğ›’:1.1574e+02ğ›€ cm
2023-03-29 14:53:07,143 INFO Measurement at current 0.00814070351758794
2023-03-29 14:53:07,734 INFO T:210.52Â°K V:1.3341e+00V I:8.1407e-03A R:1.6388e+02ğ›€ E:4.1176e+01V/cm J:3.5627e-01A/cm2 ğ›’:1.1557e+02ğ›€ cm
2023-03-29 14:53:07,750 INFO Measurement at current 0.008190954773869347
2023-03-29 14:53:08,337 INFO T:210.51Â°K V:1.3152e+00V I:8.1910e-03A R:1.6056e+02ğ›€ E:4.0591e+01V/cm J:3.5847e-01A/cm2 ğ›’:1.1324e+02ğ›€ cm
2023-03-29 14:53:08,374 INFO Measurement at current 0.008241206030150754
2023-03-29 14:53:08,969 INFO T:210.51Â°K V:1.3508e+00V I:8.2412e-03A R:1.6390e+02ğ›€ E:4.1690e+01V/cm J:3.6067e-01A/cm2 ğ›’:1.1559e+02ğ›€ cm
2023-03-29 14:53:08,999 INFO Measurement at current 0.008291457286432161
2023-03-29 14:53:09,586 INFO T:210.51Â°K V:1.3529e+00V I:8.2915e-03A R:1.6317e+02ğ›€ E:4.1758e+01V/cm J:3.6286e-01A/cm2 ğ›’:1.1508e+02ğ›€ cm
2023-03-29 14:53:09,619 INFO Measurement at current 0.008341708542713568
2023-03-29 14:53:10,232 INFO T:210.51Â°K V:1.3505e+00V I:8.3417e-03A R:1.6190e+02ğ›€ E:4.1682e+01V/cm J:3.6506e-01A/cm2 ğ›’:1.1418e+02ğ›€ cm
2023-03-29 14:53:10,257 INFO Measurement at current 0.008391959798994975
2023-03-29 14:53:10,845 INFO T:210.50Â°K V:1.3451e+00V I:8.3920e-03A R:1.6029e+02ğ›€ E:4.1517e+01V/cm J:3.6726e-01A/cm2 ğ›’:1.1304e+02ğ›€ cm
2023-03-29 14:53:10,865 INFO Measurement at current 0.008442211055276382
2023-03-29 14:53:11,459 INFO T:210.50Â°K V:1.2610e+00V I:8.4422e-03A R:1.4937e+02ğ›€ E:3.8919e+01V/cm J:3.6946e-01A/cm2 ğ›’:1.0534e+02ğ›€ cm
2023-03-29 14:53:11,479 INFO Measurement at current 0.00849246231155779
2023-03-29 14:53:12,084 INFO T:210.50Â°K V:1.3142e+00V I:8.4925e-03A R:1.5475e+02ğ›€ E:4.0562e+01V/cm J:3.7166e-01A/cm2 ğ›’:1.0914e+02ğ›€ cm
2023-03-29 14:53:12,103 INFO Measurement at current 0.008542713567839196
2023-03-29 14:53:12,697 INFO T:210.49Â°K V:1.3658e+00V I:8.5427e-03A R:1.5988e+02ğ›€ E:4.2155e+01V/cm J:3.7386e-01A/cm2 ğ›’:1.1276e+02ğ›€ cm
2023-03-29 14:53:12,721 INFO Measurement at current 0.008592964824120603
2023-03-29 14:53:13,324 INFO T:210.49Â°K V:1.3728e+00V I:8.5930e-03A R:1.5976e+02ğ›€ E:4.2370e+01V/cm J:3.7606e-01A/cm2 ğ›’:1.1267e+02ğ›€ cm
2023-03-29 14:53:13,346 INFO Measurement at current 0.00864321608040201
2023-03-29 14:53:13,952 INFO T:210.49Â°K V:1.3740e+00V I:8.6432e-03A R:1.5897e+02ğ›€ E:4.2408e+01V/cm J:3.7826e-01A/cm2 ğ›’:1.1211e+02ğ›€ cm
2023-03-29 14:53:13,972 INFO Measurement at current 0.008693467336683417
2023-03-29 14:53:14,560 INFO T:210.48Â°K V:1.3745e+00V I:8.6935e-03A R:1.5810e+02ğ›€ E:4.2421e+01V/cm J:3.8046e-01A/cm2 ğ›’:1.1150e+02ğ›€ cm
2023-03-29 14:53:14,576 INFO Measurement at current 0.008743718592964824
2023-03-29 14:53:15,179 INFO T:210.48Â°K V:1.3654e+00V I:8.7437e-03A R:1.5615e+02ğ›€ E:4.2141e+01V/cm J:3.8266e-01A/cm2 ğ›’:1.1013e+02ğ›€ cm
2023-03-29 14:53:15,197 INFO Measurement at current 0.008793969849246231
2023-03-29 14:53:15,809 INFO T:210.48Â°K V:1.3718e+00V I:8.7940e-03A R:1.5600e+02ğ›€ E:4.2341e+01V/cm J:3.8486e-01A/cm2 ğ›’:1.1002e+02ğ›€ cm
2023-03-29 14:53:15,837 INFO Measurement at current 0.008844221105527638
2023-03-29 14:53:16,432 INFO T:210.47Â°K V:1.3229e+00V I:8.8442e-03A R:1.4958e+02ğ›€ E:4.0830e+01V/cm J:3.8706e-01A/cm2 ğ›’:1.0549e+02ğ›€ cm
2023-03-29 14:53:16,452 INFO Measurement at current 0.008894472361809045
2023-03-29 14:53:17,051 INFO T:210.47Â°K V:1.3532e+00V I:8.8945e-03A R:1.5214e+02ğ›€ E:4.1766e+01V/cm J:3.8925e-01A/cm2 ğ›’:1.0730e+02ğ›€ cm
2023-03-29 14:53:17,073 INFO Measurement at current 0.008944723618090452
2023-03-29 14:53:17,665 INFO T:210.47Â°K V:1.3673e+00V I:8.9447e-03A R:1.5286e+02ğ›€ E:4.2200e+01V/cm J:3.9145e-01A/cm2 ğ›’:1.0780e+02ğ›€ cm
2023-03-29 14:53:17,694 INFO Measurement at current 0.008994974874371859
2023-03-29 14:53:18,292 INFO T:210.46Â°K V:1.3753e+00V I:8.9950e-03A R:1.5290e+02ğ›€ E:4.2448e+01V/cm J:3.9365e-01A/cm2 ğ›’:1.0783e+02ğ›€ cm
2023-03-29 14:53:18,311 INFO Measurement at current 0.009045226130653266
2023-03-29 14:53:18,905 INFO T:210.46Â°K V:1.3807e+00V I:9.0452e-03A R:1.5264e+02ğ›€ E:4.2613e+01V/cm J:3.9585e-01A/cm2 ğ›’:1.0765e+02ğ›€ cm
2023-03-29 14:53:18,922 INFO Measurement at current 0.009095477386934673
2023-03-29 14:53:19,521 INFO T:210.46Â°K V:1.3553e+00V I:9.0955e-03A R:1.4901e+02ğ›€ E:4.1830e+01V/cm J:3.9805e-01A/cm2 ğ›’:1.0509e+02ğ›€ cm
2023-03-29 14:53:19,541 INFO Measurement at current 0.00914572864321608
2023-03-29 14:53:20,130 INFO T:210.45Â°K V:1.3689e+00V I:9.1457e-03A R:1.4968e+02ğ›€ E:4.2250e+01V/cm J:4.0025e-01A/cm2 ğ›’:1.0556e+02ğ›€ cm
2023-03-29 14:53:20,155 INFO Measurement at current 0.009195979899497487
2023-03-29 14:53:20,759 INFO T:210.45Â°K V:1.3642e+00V I:9.1960e-03A R:1.4835e+02ğ›€ E:4.2106e+01V/cm J:4.0245e-01A/cm2 ğ›’:1.0462e+02ğ›€ cm
2023-03-29 14:53:20,777 INFO Measurement at current 0.009246231155778894
2023-03-29 14:53:21,382 INFO T:210.45Â°K V:1.3711e+00V I:9.2462e-03A R:1.4829e+02ğ›€ E:4.2318e+01V/cm J:4.0465e-01A/cm2 ğ›’:1.0458e+02ğ›€ cm
2023-03-29 14:53:21,422 INFO Measurement at current 0.009296482412060303
2023-03-29 14:53:22,018 INFO T:210.45Â°K V:1.3594e+00V I:9.2965e-03A R:1.4623e+02ğ›€ E:4.1958e+01V/cm J:4.0685e-01A/cm2 ğ›’:1.0313e+02ğ›€ cm
2023-03-29 14:53:22,038 INFO Measurement at current 0.00934673366834171
2023-03-29 14:53:22,638 INFO T:210.44Â°K V:1.3275e+00V I:9.3467e-03A R:1.4203e+02ğ›€ E:4.0971e+01V/cm J:4.0905e-01A/cm2 ğ›’:1.0016e+02ğ›€ cm
2023-03-29 14:53:22,661 INFO Measurement at current 0.009396984924623117
2023-03-29 14:53:23,253 INFO T:210.44Â°K V:1.3241e+00V I:9.3970e-03A R:1.4091e+02ğ›€ E:4.0868e+01V/cm J:4.1125e-01A/cm2 ğ›’:9.9376e+01ğ›€ cm
2023-03-29 14:53:23,278 INFO Measurement at current 0.009447236180904523
2023-03-29 14:53:23,876 INFO T:210.44Â°K V:1.3239e+00V I:9.4472e-03A R:1.4013e+02ğ›€ E:4.0861e+01V/cm J:4.1345e-01A/cm2 ğ›’:9.8829e+01ğ›€ cm
2023-03-29 14:53:23,892 INFO Measurement at current 0.00949748743718593
2023-03-29 14:53:24,480 INFO T:210.43Â°K V:1.3475e+00V I:9.4975e-03A R:1.4188e+02ğ›€ E:4.1591e+01V/cm J:4.1564e-01A/cm2 ğ›’:1.0006e+02ğ›€ cm
2023-03-29 14:53:24,537 INFO Measurement at current 0.009547738693467337
2023-03-29 14:53:25,140 INFO T:210.43Â°K V:1.3268e+00V I:9.5477e-03A R:1.3896e+02ğ›€ E:4.0950e+01V/cm J:4.1784e-01A/cm2 ğ›’:9.8004e+01ğ›€ cm
2023-03-29 14:53:25,159 INFO Measurement at current 0.009597989949748744
2023-03-29 14:53:25,760 INFO T:210.43Â°K V:1.3414e+00V I:9.5980e-03A R:1.3976e+02ğ›€ E:4.1401e+01V/cm J:4.2004e-01A/cm2 ğ›’:9.8565e+01ğ›€ cm
2023-03-29 14:53:25,788 INFO Measurement at current 0.009648241206030151
2023-03-29 14:53:26,375 INFO T:210.42Â°K V:1.3636e+00V I:9.6482e-03A R:1.4133e+02ğ›€ E:4.2085e+01V/cm J:4.2224e-01A/cm2 ğ›’:9.9670e+01ğ›€ cm
2023-03-29 14:53:26,395 INFO Measurement at current 0.009698492462311558
2023-03-29 14:53:27,009 INFO T:210.42Â°K V:1.3569e+00V I:9.6985e-03A R:1.3990e+02ğ›€ E:4.1878e+01V/cm J:4.2444e-01A/cm2 ğ›’:9.8667e+01ğ›€ cm
2023-03-29 14:53:27,042 INFO Measurement at current 0.009748743718592965
2023-03-29 14:53:27,638 INFO T:210.42Â°K V:1.4077e+00V I:9.7487e-03A R:1.4440e+02ğ›€ E:4.3448e+01V/cm J:4.2664e-01A/cm2 ğ›’:1.0184e+02ğ›€ cm
2023-03-29 14:53:27,666 INFO Measurement at current 0.009798994974874372
2023-03-29 14:53:28,265 INFO T:210.41Â°K V:1.4505e+00V I:9.7990e-03A R:1.4802e+02ğ›€ E:4.4768e+01V/cm J:4.2884e-01A/cm2 ğ›’:1.0439e+02ğ›€ cm
2023-03-29 14:53:28,282 INFO Measurement at current 0.00984924623115578
2023-03-29 14:53:28,879 INFO T:210.41Â°K V:1.3925e+00V I:9.8492e-03A R:1.4138e+02ğ›€ E:4.2979e+01V/cm J:4.3104e-01A/cm2 ğ›’:9.9709e+01ğ›€ cm
2023-03-29 14:53:28,898 INFO Measurement at current 0.009899497487437186
2023-03-29 14:53:29,498 INFO T:210.41Â°K V:1.3330e+00V I:9.8995e-03A R:1.3465e+02ğ›€ E:4.1142e+01V/cm J:4.3324e-01A/cm2 ğ›’:9.4963e+01ğ›€ cm
2023-03-29 14:53:29,519 INFO Measurement at current 0.009949748743718593
2023-03-29 14:53:30,117 INFO T:210.40Â°K V:1.3868e+00V I:9.9497e-03A R:1.3938e+02ğ›€ E:4.2801e+01V/cm J:4.3544e-01A/cm2 ğ›’:9.8295e+01ğ›€ cm
2023-03-29 14:53:30,145 INFO Measurement at current 0.01
2023-03-29 14:53:30,753 INFO T:210.40Â°K V:1.4054e+00V I:1.0000e-02A R:1.4054e+02ğ›€ E:4.3376e+01V/cm J:4.3764e-01A/cm2 ğ›’:9.9113e+01ğ›€ cm
2023-03-29 14:53:54,728 INFO Save the description file
2023-03-29 14:53:54,732 INFO Save data in numpy format Esperimenti/CPRO_MUSA_290323_I_V/CPRO_MUSA_290323_I_V_current_from_0_to_100e-4A/CPRO_MUSA_290323_I_V_current_from_0_to_100e-4A-20230329145353
2023-03-29 14:53:54,742 INFO Save data in CSV format Esperimenti/CPRO_MUSA_290323_I_V/CPRO_MUSA_290323_I_V_current_from_0_to_100e-4A/CPRO_MUSA_290323_I_V_current_from_0_to_100e-4A-20230329145353.csv
2023-03-29 14:53:54,755 INFO Save plot as image Esperimenti/CPRO_MUSA_290323_I_V/CPRO_MUSA_290323_I_V_current_from_0_to_100e-4A/CPRO_MUSA_290323_I_V_current_from_0_to_100e-4A-20230329145353.png
