2023-03-29 13:36:22,454 INFO ### Start experiment: CPRO_MUSA_290323_I_V current from 0 to 100e-4A ###
2023-03-29 13:36:23,804 INFO Found Multimeter KEITHLEY INSTRUMENTS INC.,MODEL 2700,0884890,B03  /A02  

2023-03-29 13:36:24,839 INFO Found Nanovolt Meter KEITHLEY INSTRUMENTS INC.,MODEL 2182A,4056474,C03  /A02  

2023-03-29 13:36:24,961 INFO Found Source Meter KEITHLEY INSTRUMENTS INC.,MODEL 2400,0945684,C24   Feb 14 2002 11:59:45/A02  /K/H

2023-03-29 13:36:25,100 INFO Start the measurement loop
2023-03-29 13:36:29,641 INFO Measurement at current 0.0
2023-03-29 13:36:30,558 INFO T:230.37Â°K V:-4.8080e-05V I:0.0000e+00A R:-infğ›€ E:-1.4840e-03V/cm J:0.0000e+00A/cm2 ğ›’:-infğ›€ cm
2023-03-29 13:36:30,575 INFO Measurement at current 5.0251256281407036e-05
2023-03-29 13:36:31,166 INFO T:230.37Â°K V:7.1205e-03V I:5.0251e-05A R:1.4170e+02ğ›€ E:2.1977e-01V/cm J:2.1992e-03A/cm2 ğ›’:9.9933e+01ğ›€ cm
2023-03-29 13:36:31,186 INFO Measurement at current 0.00010050251256281407
2023-03-29 13:36:32,445 INFO T:230.36Â°K V:1.4283e-02V I:1.0050e-04A R:1.4212e+02ğ›€ E:4.4085e-01V/cm J:4.3984e-03A/cm2 ğ›’:1.0023e+02ğ›€ cm
2023-03-29 13:36:32,463 INFO Measurement at current 0.00015075376884422112
2023-03-29 13:36:33,056 INFO T:230.36Â°K V:2.1445e-02V I:1.5075e-04A R:1.4225e+02ğ›€ E:6.6188e-01V/cm J:6.5975e-03A/cm2 ğ›’:1.0032e+02ğ›€ cm
2023-03-29 13:36:33,073 INFO Measurement at current 0.00020100502512562814
2023-03-29 13:36:33,660 INFO T:230.36Â°K V:2.8588e-02V I:2.0101e-04A R:1.4223e+02ğ›€ E:8.8235e-01V/cm J:8.7967e-03A/cm2 ğ›’:1.0030e+02ğ›€ cm
2023-03-29 13:36:33,687 INFO Measurement at current 0.0002512562814070352
2023-03-29 13:36:34,286 INFO T:230.36Â°K V:3.5695e-02V I:2.5126e-04A R:1.4206e+02ğ›€ E:1.1017e+00V/cm J:1.0996e-02A/cm2 ğ›’:1.0019e+02ğ›€ cm
2023-03-29 13:36:34,308 INFO Measurement at current 0.00030150753768844223
2023-03-29 13:36:34,909 INFO T:230.36Â°K V:4.2782e-02V I:3.0151e-04A R:1.4189e+02ğ›€ E:1.3204e+00V/cm J:1.3195e-02A/cm2 ğ›’:1.0007e+02ğ›€ cm
2023-03-29 13:36:34,932 INFO Measurement at current 0.00035175879396984926
2023-03-29 13:36:35,533 INFO T:230.35Â°K V:4.9893e-02V I:3.5176e-04A R:1.4184e+02ğ›€ E:1.5399e+00V/cm J:1.5394e-02A/cm2 ğ›’:1.0003e+02ğ›€ cm
2023-03-29 13:36:35,564 INFO Measurement at current 0.0004020100502512563
2023-03-29 13:36:36,157 INFO T:230.35Â°K V:5.7081e-02V I:4.0201e-04A R:1.4199e+02ğ›€ E:1.7617e+00V/cm J:1.7593e-02A/cm2 ğ›’:1.0014e+02ğ›€ cm
2023-03-29 13:36:36,177 INFO Measurement at current 0.0004522613065326633
2023-03-29 13:36:36,770 INFO T:230.35Â°K V:6.4319e-02V I:4.5226e-04A R:1.4222e+02ğ›€ E:1.9852e+00V/cm J:1.9793e-02A/cm2 ğ›’:1.0030e+02ğ›€ cm
2023-03-29 13:36:36,786 INFO Measurement at current 0.0005025125628140704
2023-03-29 13:36:37,384 INFO T:230.35Â°K V:7.1441e-02V I:5.0251e-04A R:1.4217e+02ğ›€ E:2.2050e+00V/cm J:2.1992e-02A/cm2 ğ›’:1.0026e+02ğ›€ cm
2023-03-29 13:36:37,407 INFO Measurement at current 0.0005527638190954774
2023-03-29 13:36:38,012 INFO T:230.35Â°K V:7.8442e-02V I:5.5276e-04A R:1.4191e+02ğ›€ E:2.4211e+00V/cm J:2.4191e-02A/cm2 ğ›’:1.0008e+02ğ›€ cm
2023-03-29 13:36:38,028 INFO Measurement at current 0.0006030150753768845
2023-03-29 13:36:38,621 INFO T:230.34Â°K V:8.5624e-02V I:6.0302e-04A R:1.4199e+02ğ›€ E:2.6427e+00V/cm J:2.6390e-02A/cm2 ğ›’:1.0014e+02ğ›€ cm
2023-03-29 13:36:38,637 INFO Measurement at current 0.0006532663316582914
2023-03-29 13:36:39,243 INFO T:230.34Â°K V:9.2755e-02V I:6.5327e-04A R:1.4199e+02ğ›€ E:2.8628e+00V/cm J:2.8589e-02A/cm2 ğ›’:1.0014e+02ğ›€ cm
2023-03-29 13:36:39,268 INFO Measurement at current 0.0007035175879396985
2023-03-29 13:36:39,861 INFO T:230.34Â°K V:1.0000e-01V I:7.0352e-04A R:1.4214e+02ğ›€ E:3.0864e+00V/cm J:3.0789e-02A/cm2 ğ›’:1.0025e+02ğ›€ cm
2023-03-29 13:36:39,875 INFO Measurement at current 0.0007537688442211055
2023-03-29 13:36:40,464 INFO T:230.34Â°K V:1.0696e-01V I:7.5377e-04A R:1.4189e+02ğ›€ E:3.3011e+00V/cm J:3.2988e-02A/cm2 ğ›’:1.0007e+02ğ›€ cm
2023-03-29 13:36:40,486 INFO Measurement at current 0.0008040201005025126
2023-03-29 13:36:41,088 INFO T:230.33Â°K V:1.1406e-01V I:8.0402e-04A R:1.4187e+02ğ›€ E:3.5205e+00V/cm J:3.5187e-02A/cm2 ğ›’:1.0005e+02ğ›€ cm
2023-03-29 13:36:41,103 INFO Measurement at current 0.0008542713567839197
2023-03-29 13:36:42,425 INFO T:230.33Â°K V:1.2109e-01V I:8.5427e-04A R:1.4174e+02ğ›€ E:3.7372e+00V/cm J:3.7386e-02A/cm2 ğ›’:9.9962e+01ğ›€ cm
2023-03-29 13:36:42,450 INFO Measurement at current 0.0009045226130653266
2023-03-29 13:36:43,051 INFO T:230.33Â°K V:1.2813e-01V I:9.0452e-04A R:1.4166e+02ğ›€ E:3.9546e+00V/cm J:3.9585e-02A/cm2 ğ›’:9.9902e+01ğ›€ cm
2023-03-29 13:36:43,083 INFO Measurement at current 0.0009547738693467337
2023-03-29 13:36:43,683 INFO T:230.33Â°K V:1.3507e-01V I:9.5477e-04A R:1.4146e+02ğ›€ E:4.1687e+00V/cm J:4.1784e-02A/cm2 ğ›’:9.9767e+01ğ›€ cm
2023-03-29 13:36:43,703 INFO Measurement at current 0.0010050251256281408
2023-03-29 13:36:44,307 INFO T:230.32Â°K V:1.4188e-01V I:1.0050e-03A R:1.4118e+02ğ›€ E:4.3792e+00V/cm J:4.3984e-02A/cm2 ğ›’:9.9563e+01ğ›€ cm
2023-03-29 13:36:44,327 INFO Measurement at current 0.0010552763819095478
2023-03-29 13:36:44,915 INFO T:230.32Â°K V:1.4882e-01V I:1.0553e-03A R:1.4103e+02ğ›€ E:4.5933e+00V/cm J:4.6183e-02A/cm2 ğ›’:9.9460e+01ğ›€ cm
2023-03-29 13:36:44,937 INFO Measurement at current 0.0011055276381909548
2023-03-29 13:36:45,543 INFO T:230.32Â°K V:1.5575e-01V I:1.1055e-03A R:1.4089e+02ğ›€ E:4.8072e+00V/cm J:4.8382e-02A/cm2 ğ›’:9.9359e+01ğ›€ cm
2023-03-29 13:36:45,562 INFO Measurement at current 0.0011557788944723617
2023-03-29 13:36:46,157 INFO T:230.32Â°K V:1.6276e-01V I:1.1558e-03A R:1.4082e+02ğ›€ E:5.0235e+00V/cm J:5.0581e-02A/cm2 ğ›’:9.9316e+01ğ›€ cm
2023-03-29 13:36:46,174 INFO Measurement at current 0.001206030150753769
2023-03-29 13:36:46,769 INFO T:230.32Â°K V:1.6948e-01V I:1.2060e-03A R:1.4053e+02ğ›€ E:5.2310e+00V/cm J:5.2780e-02A/cm2 ğ›’:9.9109e+01ğ›€ cm
2023-03-29 13:36:46,789 INFO Measurement at current 0.001256281407035176
2023-03-29 13:36:47,380 INFO T:230.31Â°K V:1.7649e-01V I:1.2563e-03A R:1.4049e+02ğ›€ E:5.4472e+00V/cm J:5.4979e-02A/cm2 ğ›’:9.9077e+01ğ›€ cm
2023-03-29 13:36:47,395 INFO Measurement at current 0.0013065326633165829
2023-03-29 13:36:47,984 INFO T:230.31Â°K V:1.8325e-01V I:1.3065e-03A R:1.4026e+02ğ›€ E:5.6559e+00V/cm J:5.7179e-02A/cm2 ğ›’:9.8916e+01ğ›€ cm
2023-03-29 13:36:48,040 INFO Measurement at current 0.00135678391959799
2023-03-29 13:36:48,642 INFO T:230.31Â°K V:1.9007e-01V I:1.3568e-03A R:1.4009e+02ğ›€ E:5.8664e+00V/cm J:5.9378e-02A/cm2 ğ›’:9.8798e+01ğ›€ cm
2023-03-29 13:36:48,668 INFO Measurement at current 0.001407035175879397
2023-03-29 13:36:49,268 INFO T:230.31Â°K V:1.9679e-01V I:1.4070e-03A R:1.3986e+02ğ›€ E:6.0739e+00V/cm J:6.1577e-02A/cm2 ğ›’:9.8639e+01ğ›€ cm
2023-03-29 13:36:49,285 INFO Measurement at current 0.001457286432160804
2023-03-29 13:36:49,882 INFO T:230.31Â°K V:2.0371e-01V I:1.4573e-03A R:1.3978e+02ğ›€ E:6.2872e+00V/cm J:6.3776e-02A/cm2 ğ›’:9.8583e+01ğ›€ cm
2023-03-29 13:36:49,903 INFO Measurement at current 0.001507537688442211
2023-03-29 13:36:50,506 INFO T:230.30Â°K V:2.1060e-01V I:1.5075e-03A R:1.3970e+02ğ›€ E:6.5000e+00V/cm J:6.5975e-02A/cm2 ğ›’:9.8522e+01ğ›€ cm
2023-03-29 13:36:50,539 INFO Measurement at current 0.0015577889447236182
2023-03-29 13:36:51,136 INFO T:230.30Â°K V:2.1758e-01V I:1.5578e-03A R:1.3967e+02ğ›€ E:6.7154e+00V/cm J:6.8175e-02A/cm2 ğ›’:9.8503e+01ğ›€ cm
2023-03-29 13:36:51,152 INFO Measurement at current 0.0016080402010050252
2023-03-29 13:36:51,743 INFO T:230.30Â°K V:2.2441e-01V I:1.6080e-03A R:1.3955e+02ğ›€ E:6.9262e+00V/cm J:7.0374e-02A/cm2 ğ›’:9.8420e+01ğ›€ cm
2023-03-29 13:36:51,766 INFO Measurement at current 0.0016582914572864321
2023-03-29 13:36:52,366 INFO T:230.30Â°K V:2.3112e-01V I:1.6583e-03A R:1.3937e+02ğ›€ E:7.1333e+00V/cm J:7.2573e-02A/cm2 ğ›’:9.8291e+01ğ›€ cm
2023-03-29 13:36:52,384 INFO Measurement at current 0.0017085427135678393
2023-03-29 13:36:52,978 INFO T:230.30Â°K V:2.3776e-01V I:1.7085e-03A R:1.3916e+02ğ›€ E:7.3383e+00V/cm J:7.4772e-02A/cm2 ğ›’:9.8142e+01ğ›€ cm
2023-03-29 13:36:52,994 INFO Measurement at current 0.0017587939698492463
2023-03-29 13:36:53,589 INFO T:230.29Â°K V:2.4438e-01V I:1.7588e-03A R:1.3895e+02ğ›€ E:7.5427e+00V/cm J:7.6971e-02A/cm2 ğ›’:9.7994e+01ğ›€ cm
2023-03-29 13:36:53,610 INFO Measurement at current 0.0018090452261306533
2023-03-29 13:36:54,201 INFO T:230.29Â°K V:2.5088e-01V I:1.8090e-03A R:1.3868e+02ğ›€ E:7.7434e+00V/cm J:7.9170e-02A/cm2 ğ›’:9.7806e+01ğ›€ cm
2023-03-29 13:36:54,232 INFO Measurement at current 0.0018592964824120603
2023-03-29 13:36:54,827 INFO T:230.29Â°K V:2.5758e-01V I:1.8593e-03A R:1.3854e+02ğ›€ E:7.9499e+00V/cm J:8.1370e-02A/cm2 ğ›’:9.7701e+01ğ›€ cm
2023-03-29 13:36:54,850 INFO Measurement at current 0.0019095477386934674
2023-03-29 13:36:55,452 INFO T:230.29Â°K V:2.6431e-01V I:1.9095e-03A R:1.3841e+02ğ›€ E:8.1576e+00V/cm J:8.3569e-02A/cm2 ğ›’:9.7616e+01ğ›€ cm
2023-03-29 13:36:55,474 INFO Measurement at current 0.001959798994974874
2023-03-29 13:36:56,064 INFO T:230.28Â°K V:2.7080e-01V I:1.9598e-03A R:1.3818e+02ğ›€ E:8.3581e+00V/cm J:8.5768e-02A/cm2 ğ›’:9.7451e+01ğ›€ cm
2023-03-29 13:36:56,092 INFO Measurement at current 0.0020100502512562816
2023-03-29 13:36:56,700 INFO T:230.28Â°K V:2.7689e-01V I:2.0101e-03A R:1.3775e+02ğ›€ E:8.5459e+00V/cm J:8.7967e-02A/cm2 ğ›’:9.7148e+01ğ›€ cm
2023-03-29 13:36:56,725 INFO Measurement at current 0.0020603015075376886
2023-03-29 13:36:57,324 INFO T:230.28Â°K V:2.8345e-01V I:2.0603e-03A R:1.3758e+02ğ›€ E:8.7484e+00V/cm J:9.0166e-02A/cm2 ğ›’:9.7025e+01ğ›€ cm
2023-03-29 13:36:57,346 INFO Measurement at current 0.0021105527638190956
2023-03-29 13:36:57,951 INFO T:230.28Â°K V:2.9002e-01V I:2.1106e-03A R:1.3741e+02ğ›€ E:8.9513e+00V/cm J:9.2366e-02A/cm2 ğ›’:9.6911e+01ğ›€ cm
2023-03-29 13:36:57,974 INFO Measurement at current 0.0021608040201005025
2023-03-29 13:36:58,575 INFO T:230.28Â°K V:2.9688e-01V I:2.1608e-03A R:1.3739e+02ğ›€ E:9.1629e+00V/cm J:9.4565e-02A/cm2 ğ›’:9.6895e+01ğ›€ cm
2023-03-29 13:36:58,595 INFO Measurement at current 0.0022110552763819095
2023-03-29 13:36:59,187 INFO T:230.27Â°K V:3.0338e-01V I:2.2111e-03A R:1.3721e+02ğ›€ E:9.3636e+00V/cm J:9.6764e-02A/cm2 ğ›’:9.6768e+01ğ›€ cm
2023-03-29 13:36:59,202 INFO Measurement at current 0.0022613065326633165
2023-03-29 13:36:59,791 INFO T:230.27Â°K V:3.1104e-01V I:2.2613e-03A R:1.3755e+02ğ›€ E:9.5999e+00V/cm J:9.8963e-02A/cm2 ğ›’:9.7005e+01ğ›€ cm
2023-03-29 13:36:59,812 INFO Measurement at current 0.0023115577889447235
2023-03-29 13:37:00,414 INFO T:230.27Â°K V:3.1758e-01V I:2.3116e-03A R:1.3739e+02ğ›€ E:9.8019e+00V/cm J:1.0116e-01A/cm2 ğ›’:9.6893e+01ğ›€ cm
2023-03-29 13:37:00,430 INFO Measurement at current 0.002361809045226131
2023-03-29 13:37:01,029 INFO T:230.27Â°K V:3.2424e-01V I:2.3618e-03A R:1.3728e+02ğ›€ E:1.0007e+01V/cm J:1.0336e-01A/cm2 ğ›’:9.6818e+01ğ›€ cm
2023-03-29 13:37:01,053 INFO Measurement at current 0.002412060301507538
2023-03-29 13:37:01,645 INFO T:230.27Â°K V:3.3136e-01V I:2.4121e-03A R:1.3738e+02ğ›€ E:1.0227e+01V/cm J:1.0556e-01A/cm2 ğ›’:9.6885e+01ğ›€ cm
2023-03-29 13:37:01,666 INFO Measurement at current 0.002462311557788945
2023-03-29 13:37:02,259 INFO T:230.26Â°K V:3.3769e-01V I:2.4623e-03A R:1.3714e+02ğ›€ E:1.0423e+01V/cm J:1.0776e-01A/cm2 ğ›’:9.6721e+01ğ›€ cm
2023-03-29 13:37:02,282 INFO Measurement at current 0.002512562814070352
2023-03-29 13:37:02,870 INFO T:230.26Â°K V:3.4396e-01V I:2.5126e-03A R:1.3689e+02ğ›€ E:1.0616e+01V/cm J:1.0996e-01A/cm2 ğ›’:9.6545e+01ğ›€ cm
2023-03-29 13:37:02,890 INFO Measurement at current 0.0025628140703517588
2023-03-29 13:37:03,479 INFO T:230.26Â°K V:3.5020e-01V I:2.5628e-03A R:1.3664e+02ğ›€ E:1.0809e+01V/cm J:1.1216e-01A/cm2 ğ›’:9.6368e+01ğ›€ cm
2023-03-29 13:37:03,495 INFO Measurement at current 0.0026130653266331657
2023-03-29 13:37:04,088 INFO T:230.26Â°K V:3.5632e-01V I:2.6131e-03A R:1.3636e+02ğ›€ E:1.0997e+01V/cm J:1.1436e-01A/cm2 ğ›’:9.6168e+01ğ›€ cm
2023-03-29 13:37:04,113 INFO Measurement at current 0.0026633165829145727
2023-03-29 13:37:04,713 INFO T:230.26Â°K V:3.6287e-01V I:2.6633e-03A R:1.3625e+02ğ›€ E:1.1200e+01V/cm J:1.1656e-01A/cm2 ğ›’:9.6088e+01ğ›€ cm
2023-03-29 13:37:04,733 INFO Measurement at current 0.00271356783919598
2023-03-29 13:37:05,338 INFO T:230.25Â°K V:3.6910e-01V I:2.7136e-03A R:1.3602e+02ğ›€ E:1.1392e+01V/cm J:1.1876e-01A/cm2 ğ›’:9.5929e+01ğ›€ cm
2023-03-29 13:37:05,359 INFO Measurement at current 0.002763819095477387
2023-03-29 13:37:05,947 INFO T:230.25Â°K V:3.7536e-01V I:2.7638e-03A R:1.3581e+02ğ›€ E:1.1585e+01V/cm J:1.2095e-01A/cm2 ğ›’:9.5781e+01ğ›€ cm
2023-03-29 13:37:05,967 INFO Measurement at current 0.002814070351758794
2023-03-29 13:37:06,566 INFO T:230.25Â°K V:3.8158e-01V I:2.8141e-03A R:1.3560e+02ğ›€ E:1.1777e+01V/cm J:1.2315e-01A/cm2 ğ›’:9.5629e+01ğ›€ cm
2023-03-29 13:37:06,583 INFO Measurement at current 0.002864321608040201
2023-03-29 13:37:07,172 INFO T:230.25Â°K V:3.8801e-01V I:2.8643e-03A R:1.3546e+02ğ›€ E:1.1975e+01V/cm J:1.2535e-01A/cm2 ğ›’:9.5534e+01ğ›€ cm
2023-03-29 13:37:07,192 INFO Measurement at current 0.002914572864321608
2023-03-29 13:37:07,792 INFO T:230.25Â°K V:3.9507e-01V I:2.9146e-03A R:1.3555e+02ğ›€ E:1.2193e+01V/cm J:1.2755e-01A/cm2 ğ›’:9.5595e+01ğ›€ cm
2023-03-29 13:37:07,810 INFO Measurement at current 0.002964824120603015
2023-03-29 13:37:08,407 INFO T:230.24Â°K V:4.0125e-01V I:2.9648e-03A R:1.3534e+02ğ›€ E:1.2384e+01V/cm J:1.2975e-01A/cm2 ğ›’:9.5447e+01ğ›€ cm
2023-03-29 13:37:08,430 INFO Measurement at current 0.003015075376884422
2023-03-29 13:37:09,018 INFO T:230.24Â°K V:4.0752e-01V I:3.0151e-03A R:1.3516e+02ğ›€ E:1.2578e+01V/cm J:1.3195e-01A/cm2 ğ›’:9.5322e+01ğ›€ cm
2023-03-29 13:37:09,033 INFO Measurement at current 0.0030653266331658294
2023-03-29 13:37:09,618 INFO T:230.24Â°K V:4.1323e-01V I:3.0653e-03A R:1.3481e+02ğ›€ E:1.2754e+01V/cm J:1.3415e-01A/cm2 ğ›’:9.5073e+01ğ›€ cm
2023-03-29 13:37:09,632 INFO Measurement at current 0.0031155778894472364
2023-03-29 13:37:10,236 INFO T:230.24Â°K V:4.1914e-01V I:3.1156e-03A R:1.3453e+02ğ›€ E:1.2936e+01V/cm J:1.3635e-01A/cm2 ğ›’:9.4876e+01ğ›€ cm
2023-03-29 13:37:10,266 INFO Measurement at current 0.0031658291457286433
2023-03-29 13:37:10,861 INFO T:230.23Â°K V:4.2541e-01V I:3.1658e-03A R:1.3438e+02ğ›€ E:1.3130e+01V/cm J:1.3855e-01A/cm2 ğ›’:9.4768e+01ğ›€ cm
2023-03-29 13:37:10,879 INFO Measurement at current 0.0032160804020100503
2023-03-29 13:37:11,483 INFO T:230.23Â°K V:4.3053e-01V I:3.2161e-03A R:1.3387e+02ğ›€ E:1.3288e+01V/cm J:1.4075e-01A/cm2 ğ›’:9.4410e+01ğ›€ cm
2023-03-29 13:37:11,522 INFO Measurement at current 0.0032663316582914573
2023-03-29 13:37:12,116 INFO T:230.23Â°K V:4.3594e-01V I:3.2663e-03A R:1.3346e+02ğ›€ E:1.3455e+01V/cm J:1.4295e-01A/cm2 ğ›’:9.4125e+01ğ›€ cm
2023-03-29 13:37:12,137 INFO Measurement at current 0.0033165829145728643
2023-03-29 13:37:12,725 INFO T:230.23Â°K V:4.4209e-01V I:3.3166e-03A R:1.3330e+02ğ›€ E:1.3645e+01V/cm J:1.4515e-01A/cm2 ğ›’:9.4008e+01ğ›€ cm
2023-03-29 13:37:12,741 INFO Measurement at current 0.0033668341708542712
2023-03-29 13:37:13,324 INFO T:230.23Â°K V:4.4765e-01V I:3.3668e-03A R:1.3296e+02ğ›€ E:1.3816e+01V/cm J:1.4735e-01A/cm2 ğ›’:9.3769e+01ğ›€ cm
2023-03-29 13:37:13,349 INFO Measurement at current 0.0034170854271356787
2023-03-29 13:37:13,950 INFO T:230.22Â°K V:4.5238e-01V I:3.4171e-03A R:1.3239e+02ğ›€ E:1.3962e+01V/cm J:1.4954e-01A/cm2 ğ›’:9.3367e+01ğ›€ cm
2023-03-29 13:37:13,969 INFO Measurement at current 0.0034673366834170856
2023-03-29 13:37:14,566 INFO T:230.22Â°K V:4.5993e-01V I:3.4673e-03A R:1.3265e+02ğ›€ E:1.4195e+01V/cm J:1.5174e-01A/cm2 ğ›’:9.3549e+01ğ›€ cm
2023-03-29 13:37:14,586 INFO Measurement at current 0.0035175879396984926
2023-03-29 13:37:15,175 INFO T:230.22Â°K V:4.6496e-01V I:3.5176e-03A R:1.3218e+02ğ›€ E:1.4351e+01V/cm J:1.5394e-01A/cm2 ğ›’:9.3221e+01ğ›€ cm
2023-03-29 13:37:15,197 INFO Measurement at current 0.0035678391959798996
2023-03-29 13:37:15,787 INFO T:230.22Â°K V:4.7116e-01V I:3.5678e-03A R:1.3206e+02ğ›€ E:1.4542e+01V/cm J:1.5614e-01A/cm2 ğ›’:9.3133e+01ğ›€ cm
2023-03-29 13:37:15,806 INFO Measurement at current 0.0036180904522613066
2023-03-29 13:37:16,405 INFO T:230.22Â°K V:4.7642e-01V I:3.6181e-03A R:1.3168e+02ğ›€ E:1.4704e+01V/cm J:1.5834e-01A/cm2 ğ›’:9.2865e+01ğ›€ cm
2023-03-29 13:37:16,424 INFO Measurement at current 0.0036683417085427135
2023-03-29 13:37:17,020 INFO T:230.21Â°K V:4.8122e-01V I:3.6683e-03A R:1.3118e+02ğ›€ E:1.4853e+01V/cm J:1.6054e-01A/cm2 ğ›’:9.2516e+01ğ›€ cm
2023-03-29 13:37:17,036 INFO Measurement at current 0.0037185929648241205
2023-03-29 13:37:17,628 INFO T:230.21Â°K V:4.8774e-01V I:3.7186e-03A R:1.3116e+02ğ›€ E:1.5054e+01V/cm J:1.6274e-01A/cm2 ğ›’:9.2502e+01ğ›€ cm
2023-03-29 13:37:17,646 INFO Measurement at current 0.003768844221105528
2023-03-29 13:37:18,235 INFO T:230.21Â°K V:4.9285e-01V I:3.7688e-03A R:1.3077e+02ğ›€ E:1.5211e+01V/cm J:1.6494e-01A/cm2 ğ›’:9.2225e+01ğ›€ cm
2023-03-29 13:37:18,253 INFO Measurement at current 0.003819095477386935
2023-03-29 13:37:18,843 INFO T:230.21Â°K V:4.9850e-01V I:3.8191e-03A R:1.3053e+02ğ›€ E:1.5386e+01V/cm J:1.6714e-01A/cm2 ğ›’:9.2054e+01ğ›€ cm
2023-03-29 13:37:18,864 INFO Measurement at current 0.003869346733668342
2023-03-29 13:37:19,449 INFO T:230.21Â°K V:5.0420e-01V I:3.8693e-03A R:1.3031e+02ğ›€ E:1.5562e+01V/cm J:1.6934e-01A/cm2 ğ›’:9.1897e+01ğ›€ cm
2023-03-29 13:37:19,472 INFO Measurement at current 0.003919597989949748
2023-03-29 13:37:20,097 INFO T:230.20Â°K V:5.0790e-01V I:3.9196e-03A R:1.2958e+02ğ›€ E:1.5676e+01V/cm J:1.7154e-01A/cm2 ğ›’:9.1385e+01ğ›€ cm
2023-03-29 13:37:20,125 INFO Measurement at current 0.003969849246231156
2023-03-29 13:37:20,723 INFO T:230.20Â°K V:5.1388e-01V I:3.9698e-03A R:1.2945e+02ğ›€ E:1.5860e+01V/cm J:1.7374e-01A/cm2 ğ›’:9.1291e+01ğ›€ cm
2023-03-29 13:37:20,757 INFO Measurement at current 0.004020100502512563
2023-03-29 13:37:21,348 INFO T:230.20Â°K V:5.1844e-01V I:4.0201e-03A R:1.2896e+02ğ›€ E:1.6001e+01V/cm J:1.7593e-01A/cm2 ğ›’:9.0950e+01ğ›€ cm
2023-03-29 13:37:21,369 INFO Measurement at current 0.00407035175879397
2023-03-29 13:37:21,962 INFO T:230.20Â°K V:5.2374e-01V I:4.0704e-03A R:1.2867e+02ğ›€ E:1.6165e+01V/cm J:1.7813e-01A/cm2 ğ›’:9.0746e+01ğ›€ cm
2023-03-29 13:37:21,979 INFO Measurement at current 0.004120603015075377
2023-03-29 13:37:22,567 INFO T:230.20Â°K V:5.2748e-01V I:4.1206e-03A R:1.2801e+02ğ›€ E:1.6280e+01V/cm J:1.8033e-01A/cm2 ğ›’:9.0279e+01ğ›€ cm
2023-03-29 13:37:22,590 INFO Measurement at current 0.004170854271356784
2023-03-29 13:37:23,178 INFO T:230.19Â°K V:5.3124e-01V I:4.1709e-03A R:1.2737e+02ğ›€ E:1.6396e+01V/cm J:1.8253e-01A/cm2 ğ›’:8.9826e+01ğ›€ cm
2023-03-29 13:37:23,200 INFO Measurement at current 0.004221105527638191
2023-03-29 13:37:23,787 INFO T:230.19Â°K V:5.3565e-01V I:4.2211e-03A R:1.2690e+02ğ›€ E:1.6532e+01V/cm J:1.8473e-01A/cm2 ğ›’:8.9494e+01ğ›€ cm
2023-03-29 13:37:23,815 INFO Measurement at current 0.004271356783919598
2023-03-29 13:37:24,401 INFO T:230.19Â°K V:5.3881e-01V I:4.2714e-03A R:1.2615e+02ğ›€ E:1.6630e+01V/cm J:1.8693e-01A/cm2 ğ›’:8.8963e+01ğ›€ cm
2023-03-29 13:37:24,416 INFO Measurement at current 0.004321608040201005
2023-03-29 13:37:25,008 INFO T:230.19Â°K V:5.4389e-01V I:4.3216e-03A R:1.2585e+02ğ›€ E:1.6787e+01V/cm J:1.8913e-01A/cm2 ğ›’:8.8757e+01ğ›€ cm
2023-03-29 13:37:25,024 INFO Measurement at current 0.004371859296482412
2023-03-29 13:37:25,614 INFO T:230.19Â°K V:5.4926e-01V I:4.3719e-03A R:1.2564e+02ğ›€ E:1.6952e+01V/cm J:1.9133e-01A/cm2 ğ›’:8.8604e+01ğ›€ cm
2023-03-29 13:37:25,636 INFO Measurement at current 0.004422110552763819
2023-03-29 13:37:26,235 INFO T:230.18Â°K V:5.5442e-01V I:4.4221e-03A R:1.2537e+02ğ›€ E:1.7112e+01V/cm J:1.9353e-01A/cm2 ğ›’:8.8420e+01ğ›€ cm
2023-03-29 13:37:26,261 INFO Measurement at current 0.004472361809045226
2023-03-29 13:37:26,855 INFO T:230.18Â°K V:5.6077e-01V I:4.4724e-03A R:1.2539e+02ğ›€ E:1.7308e+01V/cm J:1.9573e-01A/cm2 ğ›’:8.8428e+01ğ›€ cm
2023-03-29 13:37:26,874 INFO Measurement at current 0.004522613065326633
2023-03-29 13:37:27,467 INFO T:230.18Â°K V:5.6571e-01V I:4.5226e-03A R:1.2508e+02ğ›€ E:1.7460e+01V/cm J:1.9793e-01A/cm2 ğ›’:8.8216e+01ğ›€ cm
2023-03-29 13:37:27,499 INFO Measurement at current 0.00457286432160804
2023-03-29 13:37:28,096 INFO T:230.18Â°K V:5.7247e-01V I:4.5729e-03A R:1.2519e+02ğ›€ E:1.7669e+01V/cm J:2.0013e-01A/cm2 ğ›’:8.8289e+01ğ›€ cm
2023-03-29 13:37:28,115 INFO Measurement at current 0.004623115577889447
2023-03-29 13:37:28,719 INFO T:230.18Â°K V:5.7761e-01V I:4.6231e-03A R:1.2494e+02ğ›€ E:1.7827e+01V/cm J:2.0232e-01A/cm2 ğ›’:8.8113e+01ğ›€ cm
2023-03-29 13:37:28,740 INFO Measurement at current 0.004673366834170855
2023-03-29 13:37:29,334 INFO T:230.17Â°K V:5.8301e-01V I:4.6734e-03A R:1.2475e+02ğ›€ E:1.7994e+01V/cm J:2.0452e-01A/cm2 ğ›’:8.7980e+01ğ›€ cm
2023-03-29 13:37:29,361 INFO Measurement at current 0.004723618090452262
2023-03-29 13:37:29,947 INFO T:230.17Â°K V:5.8859e-01V I:4.7236e-03A R:1.2461e+02ğ›€ E:1.8166e+01V/cm J:2.0672e-01A/cm2 ğ›’:8.7877e+01ğ›€ cm
2023-03-29 13:37:29,973 INFO Measurement at current 0.004773869346733669
2023-03-29 13:37:30,561 INFO T:230.17Â°K V:5.9287e-01V I:4.7739e-03A R:1.2419e+02ğ›€ E:1.8298e+01V/cm J:2.0892e-01A/cm2 ğ›’:8.7585e+01ğ›€ cm
2023-03-29 13:37:30,582 INFO Measurement at current 0.004824120603015076
2023-03-29 13:37:31,171 INFO T:230.17Â°K V:5.9730e-01V I:4.8241e-03A R:1.2382e+02ğ›€ E:1.8435e+01V/cm J:2.1112e-01A/cm2 ğ›’:8.7321e+01ğ›€ cm
2023-03-29 13:37:31,188 INFO Measurement at current 0.004874371859296483
2023-03-29 13:37:31,777 INFO T:230.17Â°K V:6.0276e-01V I:4.8744e-03A R:1.2366e+02ğ›€ E:1.8604e+01V/cm J:2.1332e-01A/cm2 ğ›’:8.7210e+01ğ›€ cm
2023-03-29 13:37:31,799 INFO Measurement at current 0.00492462311557789
2023-03-29 13:37:32,393 INFO T:230.16Â°K V:6.0745e-01V I:4.9246e-03A R:1.2335e+02ğ›€ E:1.8748e+01V/cm J:2.1552e-01A/cm2 ğ›’:8.6991e+01ğ›€ cm
2023-03-29 13:37:32,418 INFO Measurement at current 0.004974874371859297
2023-03-29 13:37:33,010 INFO T:230.16Â°K V:6.1189e-01V I:4.9749e-03A R:1.2300e+02ğ›€ E:1.8885e+01V/cm J:2.1772e-01A/cm2 ğ›’:8.6742e+01ğ›€ cm
2023-03-29 13:37:33,028 INFO Measurement at current 0.005025125628140704
2023-03-29 13:37:33,620 INFO T:230.16Â°K V:6.1686e-01V I:5.0251e-03A R:1.2275e+02ğ›€ E:1.9039e+01V/cm J:2.1992e-01A/cm2 ğ›’:8.6572e+01ğ›€ cm
2023-03-29 13:37:33,638 INFO Measurement at current 0.005075376884422111
2023-03-29 13:37:34,231 INFO T:230.16Â°K V:6.2162e-01V I:5.0754e-03A R:1.2248e+02ğ›€ E:1.9186e+01V/cm J:2.2212e-01A/cm2 ğ›’:8.6377e+01ğ›€ cm
2023-03-29 13:37:34,249 INFO Measurement at current 0.0051256281407035175
2023-03-29 13:37:34,842 INFO T:230.16Â°K V:6.2820e-01V I:5.1256e-03A R:1.2256e+02ğ›€ E:1.9389e+01V/cm J:2.2432e-01A/cm2 ğ›’:8.6435e+01ğ›€ cm
2023-03-29 13:37:34,875 INFO Measurement at current 0.0051758793969849245
2023-03-29 13:37:35,471 INFO T:230.15Â°K V:6.3196e-01V I:5.1759e-03A R:1.2210e+02ğ›€ E:1.9505e+01V/cm J:2.2652e-01A/cm2 ğ›’:8.6109e+01ğ›€ cm
2023-03-29 13:37:35,488 INFO Measurement at current 0.0052261306532663315
2023-03-29 13:37:36,082 INFO T:230.15Â°K V:6.3662e-01V I:5.2261e-03A R:1.2181e+02ğ›€ E:1.9649e+01V/cm J:2.2871e-01A/cm2 ğ›’:8.5909e+01ğ›€ cm
2023-03-29 13:37:36,097 INFO Measurement at current 0.0052763819095477385
2023-03-29 13:37:36,677 INFO T:230.15Â°K V:6.4286e-01V I:5.2764e-03A R:1.2184e+02ğ›€ E:1.9841e+01V/cm J:2.3091e-01A/cm2 ğ›’:8.5926e+01ğ›€ cm
2023-03-29 13:37:36,691 INFO Measurement at current 0.0053266331658291454
2023-03-29 13:37:37,280 INFO T:230.15Â°K V:6.4540e-01V I:5.3266e-03A R:1.2117e+02ğ›€ E:1.9920e+01V/cm J:2.3311e-01A/cm2 ğ›’:8.5452e+01ğ›€ cm
2023-03-29 13:37:37,306 INFO Measurement at current 0.005376884422110553
2023-03-29 13:37:37,908 INFO T:230.15Â°K V:6.4894e-01V I:5.3769e-03A R:1.2069e+02ğ›€ E:2.0029e+01V/cm J:2.3531e-01A/cm2 ğ›’:8.5117e+01ğ›€ cm
2023-03-29 13:37:37,931 INFO Measurement at current 0.00542713567839196
2023-03-29 13:37:38,541 INFO T:230.14Â°K V:6.5260e-01V I:5.4271e-03A R:1.2025e+02ğ›€ E:2.0142e+01V/cm J:2.3751e-01A/cm2 ğ›’:8.4804e+01ğ›€ cm
2023-03-29 13:37:38,571 INFO Measurement at current 0.005477386934673367
2023-03-29 13:37:39,181 INFO T:230.14Â°K V:6.5689e-01V I:5.4774e-03A R:1.1993e+02ğ›€ E:2.0274e+01V/cm J:2.3971e-01A/cm2 ğ›’:8.4578e+01ğ›€ cm
2023-03-29 13:37:39,204 INFO Measurement at current 0.005527638190954774
2023-03-29 13:37:39,795 INFO T:230.14Â°K V:6.6253e-01V I:5.5276e-03A R:1.1986e+02ğ›€ E:2.0449e+01V/cm J:2.4191e-01A/cm2 ğ›’:8.4530e+01ğ›€ cm
2023-03-29 13:37:39,818 INFO Measurement at current 0.005577889447236181
2023-03-29 13:37:40,406 INFO T:230.14Â°K V:6.6823e-01V I:5.5779e-03A R:1.1980e+02ğ›€ E:2.0624e+01V/cm J:2.4411e-01A/cm2 ğ›’:8.4488e+01ğ›€ cm
2023-03-29 13:37:40,422 INFO Measurement at current 0.005628140703517588
2023-03-29 13:37:41,007 INFO T:230.14Â°K V:6.7203e-01V I:5.6281e-03A R:1.1940e+02ğ›€ E:2.0742e+01V/cm J:2.4631e-01A/cm2 ğ›’:8.4210e+01ğ›€ cm
2023-03-29 13:37:41,034 INFO Measurement at current 0.005678391959798995
2023-03-29 13:37:41,646 INFO T:230.13Â°K V:6.7750e-01V I:5.6784e-03A R:1.1931e+02ğ›€ E:2.0910e+01V/cm J:2.4851e-01A/cm2 ğ›’:8.4144e+01ğ›€ cm
2023-03-29 13:37:41,672 INFO Measurement at current 0.005728643216080402
2023-03-29 13:37:42,259 INFO T:230.13Â°K V:6.8146e-01V I:5.7286e-03A R:1.1896e+02ğ›€ E:2.1033e+01V/cm J:2.5071e-01A/cm2 ğ›’:8.3894e+01ğ›€ cm
2023-03-29 13:37:42,282 INFO Measurement at current 0.005778894472361809
2023-03-29 13:37:42,866 INFO T:230.13Â°K V:6.8525e-01V I:5.7789e-03A R:1.1858e+02ğ›€ E:2.1150e+01V/cm J:2.5291e-01A/cm2 ğ›’:8.3627e+01ğ›€ cm
2023-03-29 13:37:42,886 INFO Measurement at current 0.005829145728643216
2023-03-29 13:37:43,471 INFO T:230.13Â°K V:6.8943e-01V I:5.8291e-03A R:1.1827e+02ğ›€ E:2.1279e+01V/cm J:2.5510e-01A/cm2 ğ›’:8.3412e+01ğ›€ cm
2023-03-29 13:37:43,493 INFO Measurement at current 0.005879396984924623
2023-03-29 13:37:44,080 INFO T:230.13Â°K V:6.9170e-01V I:5.8794e-03A R:1.1765e+02ğ›€ E:2.1349e+01V/cm J:2.5730e-01A/cm2 ğ›’:8.2971e+01ğ›€ cm
2023-03-29 13:37:44,107 INFO Measurement at current 0.00592964824120603
2023-03-29 13:37:44,702 INFO T:230.12Â°K V:6.9405e-01V I:5.9296e-03A R:1.1705e+02ğ›€ E:2.1421e+01V/cm J:2.5950e-01A/cm2 ğ›’:8.2547e+01ğ›€ cm
2023-03-29 13:37:44,736 INFO Measurement at current 0.005979899497487437
2023-03-29 13:37:45,375 INFO T:230.12Â°K V:6.9831e-01V I:5.9799e-03A R:1.1678e+02ğ›€ E:2.1553e+01V/cm J:2.6170e-01A/cm2 ğ›’:8.2356e+01ğ›€ cm
2023-03-29 13:37:45,415 INFO Measurement at current 0.006030150753768844
2023-03-29 13:37:46,018 INFO T:230.12Â°K V:7.0362e-01V I:6.0302e-03A R:1.1668e+02ğ›€ E:2.1717e+01V/cm J:2.6390e-01A/cm2 ğ›’:8.2291e+01ğ›€ cm
2023-03-29 13:37:46,038 INFO Measurement at current 0.006080402010050252
2023-03-29 13:37:46,633 INFO T:230.12Â°K V:7.1006e-01V I:6.0804e-03A R:1.1678e+02ğ›€ E:2.1915e+01V/cm J:2.6610e-01A/cm2 ğ›’:8.2358e+01ğ›€ cm
2023-03-29 13:37:46,653 INFO Measurement at current 0.006130653266331659
2023-03-29 13:37:47,252 INFO T:230.12Â°K V:7.1371e-01V I:6.1307e-03A R:1.1642e+02ğ›€ E:2.2028e+01V/cm J:2.6830e-01A/cm2 ğ›’:8.2102e+01ğ›€ cm
2023-03-29 13:37:47,269 INFO Measurement at current 0.006180904522613066
2023-03-29 13:37:47,854 INFO T:230.11Â°K V:7.1750e-01V I:6.1809e-03A R:1.1608e+02ğ›€ E:2.2145e+01V/cm J:2.7050e-01A/cm2 ğ›’:8.1867e+01ğ›€ cm
2023-03-29 13:37:47,876 INFO Measurement at current 0.006231155778894473
2023-03-29 13:37:48,462 INFO T:230.11Â°K V:7.2138e-01V I:6.2312e-03A R:1.1577e+02ğ›€ E:2.2265e+01V/cm J:2.7270e-01A/cm2 ğ›’:8.1646e+01ğ›€ cm
2023-03-29 13:37:48,506 INFO Measurement at current 0.00628140703517588
2023-03-29 13:37:49,089 INFO T:230.11Â°K V:7.2260e-01V I:6.2814e-03A R:1.1504e+02ğ›€ E:2.2302e+01V/cm J:2.7490e-01A/cm2 ğ›’:8.1130e+01ğ›€ cm
2023-03-29 13:37:49,108 INFO Measurement at current 0.006331658291457287
2023-03-29 13:37:49,703 INFO T:230.11Â°K V:7.2979e-01V I:6.3317e-03A R:1.1526e+02ğ›€ E:2.2524e+01V/cm J:2.7710e-01A/cm2 ğ›’:8.1287e+01ğ›€ cm
2023-03-29 13:37:49,724 INFO Measurement at current 0.006381909547738694
2023-03-29 13:37:50,334 INFO T:230.11Â°K V:7.3223e-01V I:6.3819e-03A R:1.1473e+02ğ›€ E:2.2600e+01V/cm J:2.7930e-01A/cm2 ğ›’:8.0916e+01ğ›€ cm
2023-03-29 13:37:50,354 INFO Measurement at current 0.006432160804020101
2023-03-29 13:37:50,939 INFO T:230.10Â°K V:7.3769e-01V I:6.4322e-03A R:1.1469e+02ğ›€ E:2.2768e+01V/cm J:2.8150e-01A/cm2 ğ›’:8.0883e+01ğ›€ cm
2023-03-29 13:37:50,958 INFO Measurement at current 0.006482412060301508
2023-03-29 13:37:51,551 INFO T:230.10Â°K V:7.4172e-01V I:6.4824e-03A R:1.1442e+02ğ›€ E:2.2893e+01V/cm J:2.8369e-01A/cm2 ğ›’:8.0694e+01ğ›€ cm
2023-03-29 13:37:51,571 INFO Measurement at current 0.006532663316582915
2023-03-29 13:37:52,159 INFO T:230.10Â°K V:7.4565e-01V I:6.5327e-03A R:1.1414e+02ğ›€ E:2.3014e+01V/cm J:2.8589e-01A/cm2 ğ›’:8.0498e+01ğ›€ cm
2023-03-29 13:37:52,191 INFO Measurement at current 0.0065829145728643216
2023-03-29 13:37:52,797 INFO T:230.10Â°K V:7.4999e-01V I:6.5829e-03A R:1.1393e+02ğ›€ E:2.3148e+01V/cm J:2.8809e-01A/cm2 ğ›’:8.0348e+01ğ›€ cm
2023-03-29 13:37:52,815 INFO Measurement at current 0.0066331658291457285
2023-03-29 13:37:53,406 INFO T:230.10Â°K V:7.5744e-01V I:6.6332e-03A R:1.1419e+02ğ›€ E:2.3378e+01V/cm J:2.9029e-01A/cm2 ğ›’:8.0532e+01ğ›€ cm
2023-03-29 13:37:53,422 INFO Measurement at current 0.0066834170854271355
2023-03-29 13:37:54,011 INFO T:230.09Â°K V:7.6067e-01V I:6.6834e-03A R:1.1381e+02ğ›€ E:2.3477e+01V/cm J:2.9249e-01A/cm2 ğ›’:8.0267e+01ğ›€ cm
2023-03-29 13:37:54,026 INFO Measurement at current 0.0067336683417085425
2023-03-29 13:37:54,617 INFO T:230.09Â°K V:7.6467e-01V I:6.7337e-03A R:1.1356e+02ğ›€ E:2.3601e+01V/cm J:2.9469e-01A/cm2 ğ›’:8.0087e+01ğ›€ cm
2023-03-29 13:37:54,635 INFO Measurement at current 0.0067839195979899495
2023-03-29 13:37:55,218 INFO T:230.09Â°K V:7.7815e-01V I:6.7839e-03A R:1.1471e+02ğ›€ E:2.4017e+01V/cm J:2.9689e-01A/cm2 ğ›’:8.0896e+01ğ›€ cm
2023-03-29 13:37:55,239 INFO Measurement at current 0.006834170854271357
2023-03-29 13:37:55,855 INFO T:230.09Â°K V:7.8882e-01V I:6.8342e-03A R:1.1542e+02ğ›€ E:2.4346e+01V/cm J:2.9909e-01A/cm2 ğ›’:8.1402e+01ğ›€ cm
2023-03-29 13:37:55,879 INFO Measurement at current 0.006884422110552764
2023-03-29 13:37:56,467 INFO T:230.09Â°K V:7.9198e-01V I:6.8844e-03A R:1.1504e+02ğ›€ E:2.4444e+01V/cm J:3.0129e-01A/cm2 ğ›’:8.1131e+01ğ›€ cm
2023-03-29 13:37:56,486 INFO Measurement at current 0.006934673366834171
2023-03-29 13:37:57,071 INFO T:230.08Â°K V:7.9629e-01V I:6.9347e-03A R:1.1483e+02ğ›€ E:2.4577e+01V/cm J:3.0349e-01A/cm2 ğ›’:8.0982e+01ğ›€ cm
2023-03-29 13:37:57,085 INFO Measurement at current 0.006984924623115578
2023-03-29 13:37:57,708 INFO T:230.08Â°K V:8.0003e-01V I:6.9849e-03A R:1.1454e+02ğ›€ E:2.4692e+01V/cm J:3.0569e-01A/cm2 ğ›’:8.0777e+01ğ›€ cm
2023-03-29 13:37:57,738 INFO Measurement at current 0.007035175879396985
2023-03-29 13:37:58,344 INFO T:230.08Â°K V:8.0357e-01V I:7.0352e-03A R:1.1422e+02ğ›€ E:2.4801e+01V/cm J:3.0789e-01A/cm2 ğ›’:8.0554e+01ğ›€ cm
2023-03-29 13:37:58,362 INFO Measurement at current 0.007085427135678392
2023-03-29 13:37:58,971 INFO T:230.08Â°K V:8.0675e-01V I:7.0854e-03A R:1.1386e+02ğ›€ E:2.4900e+01V/cm J:3.1008e-01A/cm2 ğ›’:8.0299e+01ğ›€ cm
2023-03-29 13:37:58,986 INFO Measurement at current 0.007135678391959799
2023-03-29 13:37:59,590 INFO T:230.08Â°K V:8.1116e-01V I:7.1357e-03A R:1.1368e+02ğ›€ E:2.5036e+01V/cm J:3.1228e-01A/cm2 ğ›’:8.0170e+01ğ›€ cm
2023-03-29 13:37:59,612 INFO Measurement at current 0.007185929648241206
2023-03-29 13:38:00,213 INFO T:230.07Â°K V:8.1413e-01V I:7.1859e-03A R:1.1329e+02ğ›€ E:2.5127e+01V/cm J:3.1448e-01A/cm2 ğ›’:7.9901e+01ğ›€ cm
2023-03-29 13:38:00,235 INFO Measurement at current 0.007236180904522613
2023-03-29 13:38:00,827 INFO T:230.07Â°K V:8.1710e-01V I:7.2362e-03A R:1.1292e+02ğ›€ E:2.5219e+01V/cm J:3.1668e-01A/cm2 ğ›’:7.9636e+01ğ›€ cm
2023-03-29 13:38:00,844 INFO Measurement at current 0.00728643216080402
2023-03-29 13:38:01,436 INFO T:230.07Â°K V:8.1921e-01V I:7.2864e-03A R:1.1243e+02ğ›€ E:2.5284e+01V/cm J:3.1888e-01A/cm2 ğ›’:7.9290e+01ğ›€ cm
2023-03-29 13:38:01,460 INFO Measurement at current 0.007336683417085427
2023-03-29 13:38:02,052 INFO T:230.07Â°K V:8.2163e-01V I:7.3367e-03A R:1.1199e+02ğ›€ E:2.5359e+01V/cm J:3.2108e-01A/cm2 ğ›’:7.8980e+01ğ›€ cm
2023-03-29 13:38:02,089 INFO Measurement at current 0.007386934673366834
2023-03-29 13:38:02,693 INFO T:230.07Â°K V:8.2519e-01V I:7.3869e-03A R:1.1171e+02ğ›€ E:2.5469e+01V/cm J:3.2328e-01A/cm2 ğ›’:7.8783e+01ğ›€ cm
2023-03-29 13:38:02,708 INFO Measurement at current 0.007437185929648241
2023-03-29 13:38:03,322 INFO T:230.06Â°K V:8.2900e-01V I:7.4372e-03A R:1.1147e+02ğ›€ E:2.5586e+01V/cm J:3.2548e-01A/cm2 ğ›’:7.8612e+01ğ›€ cm
2023-03-29 13:38:03,357 INFO Measurement at current 0.007487437185929648
2023-03-29 13:38:03,956 INFO T:230.06Â°K V:8.3035e-01V I:7.4874e-03A R:1.1090e+02ğ›€ E:2.5628e+01V/cm J:3.2768e-01A/cm2 ğ›’:7.8211e+01ğ›€ cm
2023-03-29 13:38:03,971 INFO Measurement at current 0.007537688442211056
2023-03-29 13:38:04,564 INFO T:230.06Â°K V:8.3304e-01V I:7.5377e-03A R:1.1052e+02ğ›€ E:2.5711e+01V/cm J:3.2988e-01A/cm2 ğ›’:7.7941e+01ğ›€ cm
2023-03-29 13:38:04,580 INFO Measurement at current 0.007587939698492463
2023-03-29 13:38:05,166 INFO T:230.06Â°K V:8.3975e-01V I:7.5879e-03A R:1.1067e+02ğ›€ E:2.5918e+01V/cm J:3.3208e-01A/cm2 ğ›’:7.8049e+01ğ›€ cm
2023-03-29 13:38:05,187 INFO Measurement at current 0.00763819095477387
2023-03-29 13:38:05,773 INFO T:230.06Â°K V:8.4318e-01V I:7.6382e-03A R:1.1039e+02ğ›€ E:2.6024e+01V/cm J:3.3428e-01A/cm2 ğ›’:7.7852e+01ğ›€ cm
2023-03-29 13:38:05,799 INFO Measurement at current 0.007688442211055277
2023-03-29 13:38:06,384 INFO T:230.05Â°K V:8.4470e-01V I:7.6884e-03A R:1.0987e+02ğ›€ E:2.6071e+01V/cm J:3.3647e-01A/cm2 ğ›’:7.7483e+01ğ›€ cm
2023-03-29 13:38:06,404 INFO Measurement at current 0.007738693467336684
2023-03-29 13:38:06,996 INFO T:230.05Â°K V:8.4783e-01V I:7.7387e-03A R:1.0956e+02ğ›€ E:2.6167e+01V/cm J:3.3867e-01A/cm2 ğ›’:7.7265e+01ğ›€ cm
2023-03-29 13:38:07,011 INFO Measurement at current 0.007788944723618091
2023-03-29 13:38:07,600 INFO T:230.05Â°K V:8.5363e-01V I:7.7889e-03A R:1.0960e+02ğ›€ E:2.6347e+01V/cm J:3.4087e-01A/cm2 ğ›’:7.7292e+01ğ›€ cm
2023-03-29 13:38:07,621 INFO Measurement at current 0.007839195979899497
2023-03-29 13:38:08,212 INFO T:230.05Â°K V:8.5452e-01V I:7.8392e-03A R:1.0901e+02ğ›€ E:2.6374e+01V/cm J:3.4307e-01A/cm2 ğ›’:7.6877e+01ğ›€ cm
2023-03-29 13:38:08,229 INFO Measurement at current 0.007889447236180906
2023-03-29 13:38:08,821 INFO T:230.05Â°K V:8.5669e-01V I:7.8894e-03A R:1.0859e+02ğ›€ E:2.6441e+01V/cm J:3.4527e-01A/cm2 ğ›’:7.6581e+01ğ›€ cm
2023-03-29 13:38:08,836 INFO Measurement at current 0.007939698492462312
2023-03-29 13:38:09,421 INFO T:230.05Â°K V:8.5940e-01V I:7.9397e-03A R:1.0824e+02ğ›€ E:2.6525e+01V/cm J:3.4747e-01A/cm2 ğ›’:7.6337e+01ğ›€ cm
2023-03-29 13:38:09,437 INFO Measurement at current 0.00798994974874372
2023-03-29 13:38:10,024 INFO T:230.04Â°K V:8.6189e-01V I:7.9899e-03A R:1.0787e+02ğ›€ E:2.6602e+01V/cm J:3.4967e-01A/cm2 ğ›’:7.6076e+01ğ›€ cm
2023-03-29 13:38:10,045 INFO Measurement at current 0.008040201005025126
2023-03-29 13:38:10,644 INFO T:230.04Â°K V:8.6160e-01V I:8.0402e-03A R:1.0716e+02ğ›€ E:2.6592e+01V/cm J:3.5187e-01A/cm2 ğ›’:7.5575e+01ğ›€ cm
2023-03-29 13:38:10,665 INFO Measurement at current 0.008090452261306533
2023-03-29 13:38:11,262 INFO T:230.04Â°K V:8.6637e-01V I:8.0905e-03A R:1.0709e+02ğ›€ E:2.6740e+01V/cm J:3.5407e-01A/cm2 ğ›’:7.5522e+01ğ›€ cm
2023-03-29 13:38:11,282 INFO Measurement at current 0.00814070351758794
2023-03-29 13:38:11,886 INFO T:230.04Â°K V:8.7116e-01V I:8.1407e-03A R:1.0701e+02ğ›€ E:2.6888e+01V/cm J:3.5627e-01A/cm2 ğ›’:7.5470e+01ğ›€ cm
2023-03-29 13:38:11,908 INFO Measurement at current 0.008190954773869347
2023-03-29 13:38:12,512 INFO T:230.04Â°K V:8.7506e-01V I:8.1910e-03A R:1.0683e+02ğ›€ E:2.7008e+01V/cm J:3.5847e-01A/cm2 ğ›’:7.5344e+01ğ›€ cm
2023-03-29 13:38:12,527 INFO Measurement at current 0.008241206030150754
2023-03-29 13:38:13,122 INFO T:230.03Â°K V:8.7494e-01V I:8.2412e-03A R:1.0617e+02ğ›€ E:2.7004e+01V/cm J:3.6067e-01A/cm2 ğ›’:7.4874e+01ğ›€ cm
2023-03-29 13:38:13,142 INFO Measurement at current 0.008291457286432161
2023-03-29 13:38:13,731 INFO T:230.03Â°K V:8.7446e-01V I:8.2915e-03A R:1.0546e+02ğ›€ E:2.6989e+01V/cm J:3.6286e-01A/cm2 ğ›’:7.4379e+01ğ›€ cm
2023-03-29 13:38:13,747 INFO Measurement at current 0.008341708542713568
2023-03-29 13:38:14,351 INFO T:230.03Â°K V:8.7611e-01V I:8.3417e-03A R:1.0503e+02ğ›€ E:2.7040e+01V/cm J:3.6506e-01A/cm2 ğ›’:7.4070e+01ğ›€ cm
2023-03-29 13:38:14,367 INFO Measurement at current 0.008391959798994975
2023-03-29 13:38:14,950 INFO T:230.03Â°K V:8.7949e-01V I:8.3920e-03A R:1.0480e+02ğ›€ E:2.7145e+01V/cm J:3.6726e-01A/cm2 ğ›’:7.3911e+01ğ›€ cm
2023-03-29 13:38:14,969 INFO Measurement at current 0.008442211055276382
2023-03-29 13:38:15,568 INFO T:230.03Â°K V:8.8928e-01V I:8.4422e-03A R:1.0534e+02ğ›€ E:2.7447e+01V/cm J:3.6946e-01A/cm2 ğ›’:7.4289e+01ğ›€ cm
2023-03-29 13:38:15,590 INFO Measurement at current 0.00849246231155779
2023-03-29 13:38:16,180 INFO T:230.02Â°K V:8.9735e-01V I:8.4925e-03A R:1.0566e+02ğ›€ E:2.7696e+01V/cm J:3.7166e-01A/cm2 ğ›’:7.4520e+01ğ›€ cm
2023-03-29 13:38:16,199 INFO Measurement at current 0.008542713567839196
2023-03-29 13:38:16,787 INFO T:230.02Â°K V:9.0025e-01V I:8.5427e-03A R:1.0538e+02ğ›€ E:2.7785e+01V/cm J:3.7386e-01A/cm2 ğ›’:7.4320e+01ğ›€ cm
2023-03-29 13:38:16,805 INFO Measurement at current 0.008592964824120603
2023-03-29 13:38:17,396 INFO T:230.02Â°K V:8.9844e-01V I:8.5930e-03A R:1.0455e+02ğ›€ E:2.7730e+01V/cm J:3.7606e-01A/cm2 ğ›’:7.3737e+01ğ›€ cm
2023-03-29 13:38:17,428 INFO Measurement at current 0.00864321608040201
2023-03-29 13:38:18,020 INFO T:230.02Â°K V:8.9845e-01V I:8.6432e-03A R:1.0395e+02ğ›€ E:2.7730e+01V/cm J:3.7826e-01A/cm2 ğ›’:7.3309e+01ğ›€ cm
2023-03-29 13:38:18,044 INFO Measurement at current 0.008693467336683417
2023-03-29 13:38:18,631 INFO T:230.02Â°K V:8.9917e-01V I:8.6935e-03A R:1.0343e+02ğ›€ E:2.7752e+01V/cm J:3.8046e-01A/cm2 ğ›’:7.2944e+01ğ›€ cm
2023-03-29 13:38:18,657 INFO Measurement at current 0.008743718592964824
2023-03-29 13:38:19,253 INFO T:230.01Â°K V:8.9656e-01V I:8.7437e-03A R:1.0254e+02ğ›€ E:2.7672e+01V/cm J:3.8266e-01A/cm2 ğ›’:7.2315e+01ğ›€ cm
2023-03-29 13:38:19,273 INFO Measurement at current 0.008793969849246231
2023-03-29 13:38:19,865 INFO T:230.01Â°K V:8.9392e-01V I:8.7940e-03A R:1.0165e+02ğ›€ E:2.7590e+01V/cm J:3.8486e-01A/cm2 ğ›’:7.1690e+01ğ›€ cm
2023-03-29 13:38:19,890 INFO Measurement at current 0.008844221105527638
2023-03-29 13:38:20,491 INFO T:230.01Â°K V:8.9193e-01V I:8.8442e-03A R:1.0085e+02ğ›€ E:2.7529e+01V/cm J:3.8706e-01A/cm2 ğ›’:7.1123e+01ğ›€ cm
2023-03-29 13:38:20,508 INFO Measurement at current 0.008894472361809045
2023-03-29 13:38:21,101 INFO T:230.01Â°K V:8.9418e-01V I:8.8945e-03A R:1.0053e+02ğ›€ E:2.7598e+01V/cm J:3.8925e-01A/cm2 ğ›’:7.0900e+01ğ›€ cm
2023-03-29 13:38:21,118 INFO Measurement at current 0.008944723618090452
2023-03-29 13:38:21,713 INFO T:230.01Â°K V:8.9830e-01V I:8.9447e-03A R:1.0043e+02ğ›€ E:2.7725e+01V/cm J:3.9145e-01A/cm2 ğ›’:7.0826e+01ğ›€ cm
2023-03-29 13:38:21,728 INFO Measurement at current 0.008994974874371859
2023-03-29 13:38:22,316 INFO T:230.00Â°K V:8.9974e-01V I:8.9950e-03A R:1.0003e+02ğ›€ E:2.7770e+01V/cm J:3.9365e-01A/cm2 ğ›’:7.0544e+01ğ›€ cm
2023-03-29 13:38:22,343 INFO Measurement at current 0.009045226130653266
2023-03-29 13:38:22,935 INFO T:230.00Â°K V:9.0261e-01V I:9.0452e-03A R:9.9788e+01ğ›€ E:2.7858e+01V/cm J:3.9585e-01A/cm2 ğ›’:7.0375e+01ğ›€ cm
2023-03-29 13:38:22,961 INFO Measurement at current 0.009095477386934673
2023-03-29 13:38:23,558 INFO T:230.00Â°K V:9.0517e-01V I:9.0955e-03A R:9.9519e+01ğ›€ E:2.7937e+01V/cm J:3.9805e-01A/cm2 ğ›’:7.0185e+01ğ›€ cm
2023-03-29 13:38:23,587 INFO Measurement at current 0.00914572864321608
2023-03-29 13:38:24,179 INFO T:230.00Â°K V:9.0411e-01V I:9.1457e-03A R:9.8856e+01ğ›€ E:2.7905e+01V/cm J:4.0025e-01A/cm2 ğ›’:6.9718e+01ğ›€ cm
2023-03-29 13:38:24,203 INFO Measurement at current 0.009195979899497487
2023-03-29 13:38:24,812 INFO T:230.00Â°K V:9.0651e-01V I:9.1960e-03A R:9.8577e+01ğ›€ E:2.7979e+01V/cm J:4.0245e-01A/cm2 ğ›’:6.9521e+01ğ›€ cm
2023-03-29 13:38:24,832 INFO Measurement at current 0.009246231155778894
2023-03-29 13:38:25,424 INFO T:229.99Â°K V:9.0918e-01V I:9.2462e-03A R:9.8330e+01ğ›€ E:2.8061e+01V/cm J:4.0465e-01A/cm2 ğ›’:6.9347e+01ğ›€ cm
2023-03-29 13:38:25,447 INFO Measurement at current 0.009296482412060303
2023-03-29 13:38:26,041 INFO T:229.99Â°K V:9.1449e-01V I:9.2965e-03A R:9.8370e+01ğ›€ E:2.8225e+01V/cm J:4.0685e-01A/cm2 ğ›’:6.9375e+01ğ›€ cm
2023-03-29 13:38:26,070 INFO Measurement at current 0.00934673366834171
2023-03-29 13:38:26,654 INFO T:229.99Â°K V:9.1586e-01V I:9.3467e-03A R:9.7987e+01ğ›€ E:2.8267e+01V/cm J:4.0905e-01A/cm2 ğ›’:6.9105e+01ğ›€ cm
2023-03-29 13:38:26,679 INFO Measurement at current 0.009396984924623117
2023-03-29 13:38:27,267 INFO T:229.99Â°K V:9.1657e-01V I:9.3970e-03A R:9.7538e+01ğ›€ E:2.8289e+01V/cm J:4.1125e-01A/cm2 ğ›’:6.8789e+01ğ›€ cm
2023-03-29 13:38:27,282 INFO Measurement at current 0.009447236180904523
2023-03-29 13:38:27,888 INFO T:229.99Â°K V:9.1841e-01V I:9.4472e-03A R:9.7215e+01ğ›€ E:2.8346e+01V/cm J:4.1345e-01A/cm2 ğ›’:6.8560e+01ğ›€ cm
2023-03-29 13:38:27,909 INFO Measurement at current 0.00949748743718593
2023-03-29 13:38:28,509 INFO T:229.98Â°K V:9.1933e-01V I:9.4975e-03A R:9.6797e+01ğ›€ E:2.8374e+01V/cm J:4.1564e-01A/cm2 ğ›’:6.8266e+01ğ›€ cm
2023-03-29 13:38:28,525 INFO Measurement at current 0.009547738693467337
2023-03-29 13:38:29,119 INFO T:229.98Â°K V:9.2317e-01V I:9.5477e-03A R:9.6689e+01ğ›€ E:2.8493e+01V/cm J:4.1784e-01A/cm2 ğ›’:6.8190e+01ğ›€ cm
2023-03-29 13:38:29,140 INFO Measurement at current 0.009597989949748744
2023-03-29 13:38:29,747 INFO T:229.98Â°K V:9.2086e-01V I:9.5980e-03A R:9.5943e+01ğ›€ E:2.8421e+01V/cm J:4.2004e-01A/cm2 ğ›’:6.7663e+01ğ›€ cm
2023-03-29 13:38:29,767 INFO Measurement at current 0.009648241206030151
2023-03-29 13:38:30,356 INFO T:229.98Â°K V:9.2266e-01V I:9.6482e-03A R:9.5630e+01ğ›€ E:2.8477e+01V/cm J:4.2224e-01A/cm2 ğ›’:6.7443e+01ğ›€ cm
2023-03-29 13:38:30,379 INFO Measurement at current 0.009698492462311558
2023-03-29 13:38:30,977 INFO T:229.98Â°K V:7.3613e-01V I:9.6985e-03A R:7.5901e+01ğ›€ E:2.2720e+01V/cm J:4.2444e-01A/cm2 ğ›’:5.3529e+01ğ›€ cm
2023-03-29 13:38:30,993 INFO Measurement at current 0.009748743718592965
2023-03-29 13:38:31,589 INFO T:229.98Â°K V:4.3235e-01V I:9.7487e-03A R:4.4349e+01ğ›€ E:1.3344e+01V/cm J:4.2664e-01A/cm2 ğ›’:3.1277e+01ğ›€ cm
2023-03-29 13:38:31,606 INFO Measurement at current 0.009798994974874372
2023-03-29 13:38:32,218 INFO T:229.97Â°K V:4.3570e-01V I:9.7990e-03A R:4.4464e+01ğ›€ E:1.3448e+01V/cm J:4.2884e-01A/cm2 ğ›’:3.1358e+01ğ›€ cm
2023-03-29 13:38:32,238 INFO Measurement at current 0.00984924623115578
2023-03-29 13:38:32,828 INFO T:229.97Â°K V:4.3856e-01V I:9.8492e-03A R:4.4527e+01ğ›€ E:1.3536e+01V/cm J:4.3104e-01A/cm2 ğ›’:3.1403e+01ğ›€ cm
2023-03-29 13:38:32,855 INFO Measurement at current 0.009899497487437186
2023-03-29 13:38:33,439 INFO T:229.97Â°K V:4.4105e-01V I:9.8995e-03A R:4.4553e+01ğ›€ E:1.3613e+01V/cm J:4.3324e-01A/cm2 ğ›’:3.1421e+01ğ›€ cm
2023-03-29 13:38:33,465 INFO Measurement at current 0.009949748743718593
2023-03-29 13:38:34,072 INFO T:229.97Â°K V:4.4332e-01V I:9.9497e-03A R:4.4556e+01ğ›€ E:1.3683e+01V/cm J:4.3544e-01A/cm2 ğ›’:3.1423e+01ğ›€ cm
2023-03-29 13:38:34,087 INFO Measurement at current 0.01
2023-03-29 13:38:34,679 INFO T:229.97Â°K V:4.4543e-01V I:1.0000e-02A R:4.4543e+01ğ›€ E:1.3748e+01V/cm J:4.3764e-01A/cm2 ğ›’:3.1414e+01ğ›€ cm
2023-03-29 13:38:41,514 INFO Measurement at current 0.0
2023-03-29 13:38:42,542 INFO T:229.94Â°K V:-4.0944e-05V I:0.0000e+00A R:-infğ›€ E:-1.2637e-03V/cm J:0.0000e+00A/cm2 ğ›’:-infğ›€ cm
2023-03-29 13:38:42,566 INFO Measurement at current 5.0251256281407036e-05
2023-03-29 13:38:43,163 INFO T:229.94Â°K V:6.7559e-03V I:5.0251e-05A R:1.3444e+02ğ›€ E:2.0852e-01V/cm J:2.1992e-03A/cm2 ğ›’:9.4816e+01ğ›€ cm
2023-03-29 13:38:43,186 INFO Measurement at current 0.00010050251256281407
2023-03-29 13:38:44,628 INFO T:229.93Â°K V:1.3678e-02V I:1.0050e-04A R:1.3610e+02ğ›€ E:4.2217e-01V/cm J:4.3984e-03A/cm2 ğ›’:9.5982e+01ğ›€ cm
2023-03-29 13:38:44,656 INFO Measurement at current 0.00015075376884422112
2023-03-29 13:38:45,253 INFO T:229.93Â°K V:2.0654e-02V I:1.5075e-04A R:1.3700e+02ğ›€ E:6.3746e-01V/cm J:6.5975e-03A/cm2 ğ›’:9.6621e+01ğ›€ cm
2023-03-29 13:38:45,268 INFO Measurement at current 0.00020100502512562814
2023-03-29 13:38:45,854 INFO T:229.93Â°K V:2.7589e-02V I:2.0101e-04A R:1.3726e+02ğ›€ E:8.5151e-01V/cm J:8.7967e-03A/cm2 ğ›’:9.6799e+01ğ›€ cm
2023-03-29 13:38:45,880 INFO Measurement at current 0.0002512562814070352
2023-03-29 13:38:46,481 INFO T:229.93Â°K V:3.4620e-02V I:2.5126e-04A R:1.3779e+02ğ›€ E:1.0685e+00V/cm J:1.0996e-02A/cm2 ğ›’:9.7173e+01ğ›€ cm
2023-03-29 13:38:46,503 INFO Measurement at current 0.00030150753768844223
2023-03-29 13:38:47,093 INFO T:229.93Â°K V:4.1763e-02V I:3.0151e-04A R:1.3851e+02ğ›€ E:1.2890e+00V/cm J:1.3195e-02A/cm2 ğ›’:9.7687e+01ğ›€ cm
2023-03-29 13:38:47,121 INFO Measurement at current 0.00035175879396984926
2023-03-29 13:38:47,718 INFO T:229.92Â°K V:4.8849e-02V I:3.5176e-04A R:1.3887e+02ğ›€ E:1.5077e+00V/cm J:1.5394e-02A/cm2 ğ›’:9.7939e+01ğ›€ cm
2023-03-29 13:38:47,735 INFO Measurement at current 0.0004020100502512563
2023-03-29 13:38:48,328 INFO T:229.92Â°K V:5.5984e-02V I:4.0201e-04A R:1.3926e+02ğ›€ E:1.7279e+00V/cm J:1.7593e-02A/cm2 ğ›’:9.8213e+01ğ›€ cm
2023-03-29 13:38:48,352 INFO Measurement at current 0.0004522613065326633
2023-03-29 13:38:48,968 INFO T:229.92Â°K V:6.3108e-02V I:4.5226e-04A R:1.3954e+02ğ›€ E:1.9478e+00V/cm J:1.9793e-02A/cm2 ğ›’:9.8409e+01ğ›€ cm
2023-03-29 13:38:48,992 INFO Measurement at current 0.0005025125628140704
2023-03-29 13:38:49,592 INFO T:229.92Â°K V:7.0433e-02V I:5.0251e-04A R:1.4016e+02ğ›€ E:2.1739e+00V/cm J:2.1992e-02A/cm2 ğ›’:9.8849e+01ğ›€ cm
2023-03-29 13:38:49,612 INFO Measurement at current 0.0005527638190954774
2023-03-29 13:38:50,211 INFO T:229.92Â°K V:7.7269e-02V I:5.5276e-04A R:1.3979e+02ğ›€ E:2.3849e+00V/cm J:2.4191e-02A/cm2 ğ›’:9.8585e+01ğ›€ cm
2023-03-29 13:38:50,236 INFO Measurement at current 0.0006030150753768845
2023-03-29 13:38:50,825 INFO T:229.91Â°K V:8.4494e-02V I:6.0302e-04A R:1.4012e+02ğ›€ E:2.6078e+00V/cm J:2.6390e-02A/cm2 ğ›’:9.8819e+01ğ›€ cm
2023-03-29 13:38:50,844 INFO Measurement at current 0.0006532663316582914
2023-03-29 13:38:51,435 INFO T:229.91Â°K V:9.2120e-02V I:6.5327e-04A R:1.4101e+02ğ›€ E:2.8432e+00V/cm J:2.8589e-02A/cm2 ğ›’:9.9450e+01ğ›€ cm
2023-03-29 13:38:51,458 INFO Measurement at current 0.0007035175879396985
2023-03-29 13:38:52,064 INFO T:229.91Â°K V:9.9610e-02V I:7.0352e-04A R:1.4159e+02ğ›€ E:3.0744e+00V/cm J:3.0789e-02A/cm2 ğ›’:9.9855e+01ğ›€ cm
2023-03-29 13:38:52,094 INFO Measurement at current 0.0007537688442211055
2023-03-29 13:38:52,696 INFO T:229.91Â°K V:1.0678e-01V I:7.5377e-04A R:1.4166e+02ğ›€ E:3.2958e+00V/cm J:3.2988e-02A/cm2 ğ›’:9.9909e+01ğ›€ cm
2023-03-29 13:38:52,718 INFO Measurement at current 0.0008040201005025126
2023-03-29 13:38:53,313 INFO T:229.91Â°K V:1.1415e-01V I:8.0402e-04A R:1.4197e+02ğ›€ E:3.5232e+00V/cm J:3.5187e-02A/cm2 ğ›’:1.0013e+02ğ›€ cm
2023-03-29 13:38:53,329 INFO Measurement at current 0.0008542713567839197
2023-03-29 13:38:54,658 INFO T:229.90Â°K V:1.2104e-01V I:8.5427e-04A R:1.4168e+02ğ›€ E:3.7357e+00V/cm J:3.7386e-02A/cm2 ğ›’:9.9922e+01ğ›€ cm
2023-03-29 13:38:54,679 INFO Measurement at current 0.0009045226130653266
2023-03-29 13:38:55,267 INFO T:229.90Â°K V:1.2835e-01V I:9.0452e-04A R:1.4190e+02ğ›€ E:3.9614e+00V/cm J:3.9585e-02A/cm2 ğ›’:1.0007e+02ğ›€ cm
2023-03-29 13:38:55,283 INFO Measurement at current 0.0009547738693467337
2023-03-29 13:38:55,874 INFO T:229.90Â°K V:1.3525e-01V I:9.5477e-04A R:1.4166e+02ğ›€ E:4.1744e+00V/cm J:4.1784e-02A/cm2 ğ›’:9.9903e+01ğ›€ cm
2023-03-29 13:38:55,890 INFO Measurement at current 0.0010050251256281408
2023-03-29 13:38:56,478 INFO T:229.90Â°K V:1.4241e-01V I:1.0050e-03A R:1.4169e+02ğ›€ E:4.3953e+00V/cm J:4.3984e-02A/cm2 ğ›’:9.9930e+01ğ›€ cm
2023-03-29 13:38:56,497 INFO Measurement at current 0.0010552763819095478
2023-03-29 13:38:57,095 INFO T:229.89Â°K V:1.4937e-01V I:1.0553e-03A R:1.4154e+02ğ›€ E:4.6101e+00V/cm J:4.6183e-02A/cm2 ğ›’:9.9824e+01ğ›€ cm
2023-03-29 13:38:57,123 INFO Measurement at current 0.0011055276381909548
2023-03-29 13:38:57,729 INFO T:229.89Â°K V:1.5624e-01V I:1.1055e-03A R:1.4133e+02ğ›€ E:4.8224e+00V/cm J:4.8382e-02A/cm2 ğ›’:9.9673e+01ğ›€ cm
2023-03-29 13:38:57,769 INFO Measurement at current 0.0011557788944723617
2023-03-29 13:38:58,370 INFO T:229.89Â°K V:1.6352e-01V I:1.1558e-03A R:1.4148e+02ğ›€ E:5.0471e+00V/cm J:5.0581e-02A/cm2 ğ›’:9.9781e+01ğ›€ cm
2023-03-29 13:38:58,392 INFO Measurement at current 0.001206030150753769
2023-03-29 13:38:58,991 INFO T:229.89Â°K V:1.7009e-01V I:1.2060e-03A R:1.4103e+02ğ›€ E:5.2497e+00V/cm J:5.2780e-02A/cm2 ğ›’:9.9464e+01ğ›€ cm
2023-03-29 13:38:59,014 INFO Measurement at current 0.001256281407035176
2023-03-29 13:38:59,615 INFO T:229.89Â°K V:1.7629e-01V I:1.2563e-03A R:1.4033e+02ğ›€ E:5.4410e+00V/cm J:5.4979e-02A/cm2 ğ›’:9.8964e+01ğ›€ cm
2023-03-29 13:38:59,647 INFO Measurement at current 0.0013065326633165829
2023-03-29 13:39:00,244 INFO T:229.88Â°K V:1.8304e-01V I:1.3065e-03A R:1.4010e+02ğ›€ E:5.6495e+00V/cm J:5.7179e-02A/cm2 ğ›’:9.8804e+01ğ›€ cm
2023-03-29 13:39:00,268 INFO Measurement at current 0.00135678391959799
2023-03-29 13:39:00,876 INFO T:229.88Â°K V:1.9031e-01V I:1.3568e-03A R:1.4027e+02ğ›€ E:5.8738e+00V/cm J:5.9378e-02A/cm2 ğ›’:9.8922e+01ğ›€ cm
2023-03-29 13:39:00,896 INFO Measurement at current 0.001407035175879397
2023-03-29 13:39:01,491 INFO T:229.88Â°K V:1.9772e-01V I:1.4070e-03A R:1.4052e+02ğ›€ E:6.1025e+00V/cm J:6.1577e-02A/cm2 ğ›’:9.9103e+01ğ›€ cm
2023-03-29 13:39:01,510 INFO Measurement at current 0.001457286432160804
2023-03-29 13:39:02,095 INFO T:229.88Â°K V:2.0462e-01V I:1.4573e-03A R:1.4041e+02ğ›€ E:6.3155e+00V/cm J:6.3776e-02A/cm2 ğ›’:9.9026e+01ğ›€ cm
2023-03-29 13:39:02,114 INFO Measurement at current 0.001507537688442211
2023-03-29 13:39:02,719 INFO T:229.88Â°K V:2.1080e-01V I:1.5075e-03A R:1.3983e+02ğ›€ E:6.5062e+00V/cm J:6.5975e-02A/cm2 ğ›’:9.8616e+01ğ›€ cm
2023-03-29 13:39:02,821 INFO Measurement at current 0.0015577889447236182
2023-03-29 13:39:03,473 INFO T:229.87Â°K V:2.1717e-01V I:1.5578e-03A R:1.3941e+02ğ›€ E:6.7027e+00V/cm J:6.8175e-02A/cm2 ğ›’:9.8316e+01ğ›€ cm
2023-03-29 13:39:03,601 INFO Measurement at current 0.0016080402010050252
2023-03-29 13:39:04,232 INFO T:229.87Â°K V:2.2339e-01V I:1.6080e-03A R:1.3892e+02ğ›€ E:6.8947e+00V/cm J:7.0374e-02A/cm2 ğ›’:9.7972e+01ğ›€ cm
2023-03-29 13:39:04,302 INFO Measurement at current 0.0016582914572864321
2023-03-29 13:39:04,955 INFO T:229.87Â°K V:2.3024e-01V I:1.6583e-03A R:1.3884e+02ğ›€ E:7.1062e+00V/cm J:7.2573e-02A/cm2 ğ›’:9.7918e+01ğ›€ cm
2023-03-29 13:39:05,031 INFO Measurement at current 0.0017085427135678393
2023-03-29 13:39:05,635 INFO T:229.87Â°K V:2.3775e-01V I:1.7085e-03A R:1.3916e+02ğ›€ E:7.3380e+00V/cm J:7.4772e-02A/cm2 ğ›’:9.8139e+01ğ›€ cm
2023-03-29 13:39:05,683 INFO Measurement at current 0.0017587939698492463
2023-03-29 13:39:06,322 INFO T:229.86Â°K V:2.4482e-01V I:1.7588e-03A R:1.3920e+02ğ›€ E:7.5562e+00V/cm J:7.6971e-02A/cm2 ğ›’:9.8168e+01ğ›€ cm
2023-03-29 13:39:06,433 INFO Measurement at current 0.0018090452261306533
2023-03-29 13:39:07,059 INFO T:229.86Â°K V:2.5113e-01V I:1.8090e-03A R:1.3882e+02ğ›€ E:7.7509e+00V/cm J:7.9170e-02A/cm2 ğ›’:9.7901e+01ğ›€ cm
2023-03-29 13:39:07,153 INFO Measurement at current 0.0018592964824120603
2023-03-29 13:39:07,800 INFO T:229.86Â°K V:2.5751e-01V I:1.8593e-03A R:1.3850e+02ğ›€ E:7.9480e+00V/cm J:8.1370e-02A/cm2 ğ›’:9.7677e+01ğ›€ cm
2023-03-29 13:39:07,861 INFO Measurement at current 0.0019095477386934674
2023-03-29 13:39:08,507 INFO T:229.86Â°K V:2.6366e-01V I:1.9095e-03A R:1.3807e+02ğ›€ E:8.1375e+00V/cm J:8.3569e-02A/cm2 ğ›’:9.7375e+01ğ›€ cm
2023-03-29 13:39:08,578 INFO Measurement at current 0.001959798994974874
2023-03-29 13:39:09,257 INFO T:229.85Â°K V:2.7015e-01V I:1.9598e-03A R:1.3785e+02ğ›€ E:8.3380e+00V/cm J:8.5768e-02A/cm2 ğ›’:9.7216e+01ğ›€ cm
2023-03-29 13:39:09,328 INFO Measurement at current 0.0020100502512562816
2023-03-29 13:39:09,936 INFO T:229.85Â°K V:2.7654e-01V I:2.0101e-03A R:1.3758e+02ğ›€ E:8.5352e+00V/cm J:8.7967e-02A/cm2 ğ›’:9.7027e+01ğ›€ cm
2023-03-29 13:39:09,958 INFO Measurement at current 0.0020603015075376886
2023-03-29 13:39:10,561 INFO T:229.85Â°K V:2.8318e-01V I:2.0603e-03A R:1.3744e+02ğ›€ E:8.7401e+00V/cm J:9.0166e-02A/cm2 ğ›’:9.6933e+01ğ›€ cm
2023-03-29 13:39:10,584 INFO Measurement at current 0.0021105527638190956
2023-03-29 13:39:11,183 INFO T:229.85Â°K V:2.8980e-01V I:2.1106e-03A R:1.3731e+02ğ›€ E:8.9443e+00V/cm J:9.2366e-02A/cm2 ğ›’:9.6836e+01ğ›€ cm
2023-03-29 13:39:11,201 INFO Measurement at current 0.0021608040201005025
2023-03-29 13:39:11,788 INFO T:229.85Â°K V:2.9642e-01V I:2.1608e-03A R:1.3718e+02ğ›€ E:9.1487e+00V/cm J:9.4565e-02A/cm2 ğ›’:9.6746e+01ğ›€ cm
2023-03-29 13:39:11,803 INFO Measurement at current 0.0022110552763819095
2023-03-29 13:39:12,440 INFO T:229.84Â°K V:3.0254e-01V I:2.2111e-03A R:1.3683e+02ğ›€ E:9.3376e+00V/cm J:9.6764e-02A/cm2 ğ›’:9.6498e+01ğ›€ cm
2023-03-29 13:39:12,458 INFO Measurement at current 0.0022613065326633165
2023-03-29 13:39:13,151 INFO T:229.84Â°K V:3.0975e-01V I:2.2613e-03A R:1.3698e+02ğ›€ E:9.5601e+00V/cm J:9.8963e-02A/cm2 ğ›’:9.6603e+01ğ›€ cm
2023-03-29 13:39:13,174 INFO Measurement at current 0.0023115577889447235
2023-03-29 13:39:13,764 INFO T:229.84Â°K V:3.1657e-01V I:2.3116e-03A R:1.3695e+02ğ›€ E:9.7707e+00V/cm J:1.0116e-01A/cm2 ğ›’:9.6584e+01ğ›€ cm
2023-03-29 13:39:13,795 INFO Measurement at current 0.002361809045226131
2023-03-29 13:39:14,391 INFO T:229.84Â°K V:3.2232e-01V I:2.3618e-03A R:1.3647e+02ğ›€ E:9.9480e+00V/cm J:1.0336e-01A/cm2 ğ›’:9.6245e+01ğ›€ cm
2023-03-29 13:39:14,414 INFO Measurement at current 0.002412060301507538
2023-03-29 13:39:15,008 INFO T:229.84Â°K V:3.2870e-01V I:2.4121e-03A R:1.3628e+02ğ›€ E:1.0145e+01V/cm J:1.0556e-01A/cm2 ğ›’:9.6108e+01ğ›€ cm
2023-03-29 13:39:15,041 INFO Measurement at current 0.002462311557788945
2023-03-29 13:39:15,644 INFO T:229.83Â°K V:3.3478e-01V I:2.4623e-03A R:1.3596e+02ğ›€ E:1.0333e+01V/cm J:1.0776e-01A/cm2 ğ›’:9.5886e+01ğ›€ cm
2023-03-29 13:39:15,675 INFO Measurement at current 0.002512562814070352
2023-03-29 13:39:16,300 INFO T:229.83Â°K V:3.4116e-01V I:2.5126e-03A R:1.3578e+02ğ›€ E:1.0530e+01V/cm J:1.0996e-01A/cm2 ğ›’:9.5761e+01ğ›€ cm
2023-03-29 13:39:16,331 INFO Measurement at current 0.0025628140703517588
2023-03-29 13:39:16,923 INFO T:229.83Â°K V:3.4788e-01V I:2.5628e-03A R:1.3574e+02ğ›€ E:1.0737e+01V/cm J:1.1216e-01A/cm2 ğ›’:9.5732e+01ğ›€ cm
2023-03-29 13:39:16,987 INFO Measurement at current 0.0026130653266331657
2023-03-29 13:39:17,583 INFO T:229.83Â°K V:3.5463e-01V I:2.6131e-03A R:1.3572e+02ğ›€ E:1.0945e+01V/cm J:1.1436e-01A/cm2 ğ›’:9.5713e+01ğ›€ cm
2023-03-29 13:39:17,597 INFO Measurement at current 0.0026633165829145727
2023-03-29 13:39:18,189 INFO T:229.82Â°K V:3.6088e-01V I:2.6633e-03A R:1.3550e+02ğ›€ E:1.1138e+01V/cm J:1.1656e-01A/cm2 ğ›’:9.5561e+01ğ›€ cm
2023-03-29 13:39:18,271 INFO Measurement at current 0.00271356783919598
2023-03-29 13:39:18,885 INFO T:229.82Â°K V:3.6723e-01V I:2.7136e-03A R:1.3533e+02ğ›€ E:1.1334e+01V/cm J:1.1876e-01A/cm2 ğ›’:9.5442e+01ğ›€ cm
2023-03-29 13:39:18,911 INFO Measurement at current 0.002763819095477387
2023-03-29 13:39:19,510 INFO T:229.82Â°K V:3.7375e-01V I:2.7638e-03A R:1.3523e+02ğ›€ E:1.1536e+01V/cm J:1.2095e-01A/cm2 ğ›’:9.5371e+01ğ›€ cm
2023-03-29 13:39:19,533 INFO Measurement at current 0.002814070351758794
2023-03-29 13:39:20,124 INFO T:229.82Â°K V:3.7948e-01V I:2.8141e-03A R:1.3485e+02ğ›€ E:1.1712e+01V/cm J:1.2315e-01A/cm2 ğ›’:9.5103e+01ğ›€ cm
2023-03-29 13:39:20,148 INFO Measurement at current 0.002864321608040201
2023-03-29 13:39:20,746 INFO T:229.82Â°K V:3.8539e-01V I:2.8643e-03A R:1.3455e+02ğ›€ E:1.1895e+01V/cm J:1.2535e-01A/cm2 ğ›’:9.4890e+01ğ›€ cm
2023-03-29 13:39:20,771 INFO Measurement at current 0.002914572864321608
2023-03-29 13:39:21,354 INFO T:229.81Â°K V:3.9172e-01V I:2.9146e-03A R:1.3440e+02ğ›€ E:1.2090e+01V/cm J:1.2755e-01A/cm2 ğ›’:9.4786e+01ğ›€ cm
2023-03-29 13:39:21,371 INFO Measurement at current 0.002964824120603015
2023-03-29 13:39:21,969 INFO T:229.81Â°K V:3.9780e-01V I:2.9648e-03A R:1.3417e+02ğ›€ E:1.2278e+01V/cm J:1.2975e-01A/cm2 ğ›’:9.4624e+01ğ›€ cm
2023-03-29 13:39:21,990 INFO Measurement at current 0.003015075376884422
2023-03-29 13:39:22,616 INFO T:229.81Â°K V:4.0398e-01V I:3.0151e-03A R:1.3399e+02ğ›€ E:1.2469e+01V/cm J:1.3195e-01A/cm2 ğ›’:9.4494e+01ğ›€ cm
2023-03-29 13:39:22,635 INFO Measurement at current 0.0030653266331658294
2023-03-29 13:39:23,223 INFO T:229.81Â°K V:4.0969e-01V I:3.0653e-03A R:1.3365e+02ğ›€ E:1.2645e+01V/cm J:1.3415e-01A/cm2 ğ›’:9.4258e+01ğ›€ cm
2023-03-29 13:39:23,243 INFO Measurement at current 0.0031155778894472364
2023-03-29 13:39:23,864 INFO T:229.81Â°K V:4.1592e-01V I:3.1156e-03A R:1.3350e+02ğ›€ E:1.2837e+01V/cm J:1.3635e-01A/cm2 ğ›’:9.4147e+01ğ›€ cm
2023-03-29 13:39:23,906 INFO Measurement at current 0.0031658291457286433
2023-03-29 13:39:24,669 INFO T:229.80Â°K V:4.2263e-01V I:3.1658e-03A R:1.3350e+02ğ›€ E:1.3044e+01V/cm J:1.3855e-01A/cm2 ğ›’:9.4148e+01ğ›€ cm
2023-03-29 13:39:24,713 INFO Measurement at current 0.0032160804020100503
2023-03-29 13:39:25,357 INFO T:229.80Â°K V:4.2840e-01V I:3.2161e-03A R:1.3321e+02ğ›€ E:1.3222e+01V/cm J:1.4075e-01A/cm2 ğ›’:9.3943e+01ğ›€ cm
2023-03-29 13:39:25,386 INFO Measurement at current 0.0032663316582914573
2023-03-29 13:39:26,046 INFO T:229.80Â°K V:4.3461e-01V I:3.2663e-03A R:1.3306e+02ğ›€ E:1.3414e+01V/cm J:1.4295e-01A/cm2 ğ›’:9.3838e+01ğ›€ cm
2023-03-29 13:39:26,208 INFO Measurement at current 0.0033165829145728643
2023-03-29 13:39:26,806 INFO T:229.80Â°K V:4.4075e-01V I:3.3166e-03A R:1.3289e+02ğ›€ E:1.3603e+01V/cm J:1.4515e-01A/cm2 ğ›’:9.3722e+01ğ›€ cm
2023-03-29 13:39:26,822 INFO Measurement at current 0.0033668341708542712
2023-03-29 13:39:27,414 INFO T:229.80Â°K V:4.4769e-01V I:3.3668e-03A R:1.3297e+02ğ›€ E:1.3817e+01V/cm J:1.4735e-01A/cm2 ğ›’:9.3776e+01ğ›€ cm
2023-03-29 13:39:27,489 INFO Measurement at current 0.0034170854271356787
2023-03-29 13:39:28,096 INFO T:229.79Â°K V:4.5388e-01V I:3.4171e-03A R:1.3283e+02ğ›€ E:1.4009e+01V/cm J:1.4954e-01A/cm2 ğ›’:9.3676e+01ğ›€ cm
2023-03-29 13:39:28,122 INFO Measurement at current 0.0034673366834170856
2023-03-29 13:39:28,728 INFO T:229.79Â°K V:4.5955e-01V I:3.4673e-03A R:1.3254e+02ğ›€ E:1.4184e+01V/cm J:1.5174e-01A/cm2 ğ›’:9.3471e+01ğ›€ cm
2023-03-29 13:39:28,751 INFO Measurement at current 0.0035175879396984926
2023-03-29 13:39:29,341 INFO T:229.79Â°K V:4.6442e-01V I:3.5176e-03A R:1.3203e+02ğ›€ E:1.4334e+01V/cm J:1.5394e-01A/cm2 ğ›’:9.3112e+01ğ›€ cm
2023-03-29 13:39:29,358 INFO Measurement at current 0.0035678391959798996
2023-03-29 13:39:29,966 INFO T:229.79Â°K V:4.7149e-01V I:3.5678e-03A R:1.3215e+02ğ›€ E:1.4552e+01V/cm J:1.5614e-01A/cm2 ğ›’:9.3199e+01ğ›€ cm
2023-03-29 13:39:29,990 INFO Measurement at current 0.0036180904522613066
2023-03-29 13:39:30,585 INFO T:229.79Â°K V:4.7593e-01V I:3.6181e-03A R:1.3154e+02ğ›€ E:1.4689e+01V/cm J:1.5834e-01A/cm2 ğ›’:9.2769e+01ğ›€ cm
2023-03-29 13:39:30,607 INFO Measurement at current 0.0036683417085427135
2023-03-29 13:39:31,206 INFO T:229.78Â°K V:4.8093e-01V I:3.6683e-03A R:1.3110e+02ğ›€ E:1.4844e+01V/cm J:1.6054e-01A/cm2 ğ›’:9.2460e+01ğ›€ cm
2023-03-29 13:39:31,233 INFO Measurement at current 0.0037185929648241205
2023-03-29 13:39:31,819 INFO T:229.78Â°K V:4.8561e-01V I:3.7186e-03A R:1.3059e+02ğ›€ E:1.4988e+01V/cm J:1.6274e-01A/cm2 ğ›’:9.2098e+01ğ›€ cm
2023-03-29 13:39:31,836 INFO Measurement at current 0.003768844221105528
2023-03-29 13:39:32,466 INFO T:229.78Â°K V:4.9071e-01V I:3.7688e-03A R:1.3020e+02ğ›€ E:1.5145e+01V/cm J:1.6494e-01A/cm2 ğ›’:9.1825e+01ğ›€ cm
2023-03-29 13:39:32,487 INFO Measurement at current 0.003819095477386935
2023-03-29 13:39:33,094 INFO T:229.78Â°K V:4.9486e-01V I:3.8191e-03A R:1.2958e+02ğ›€ E:1.5274e+01V/cm J:1.6714e-01A/cm2 ğ›’:9.1383e+01ğ›€ cm
2023-03-29 13:39:33,128 INFO Measurement at current 0.003869346733668342
2023-03-29 13:39:33,723 INFO T:229.78Â°K V:5.0085e-01V I:3.8693e-03A R:1.2944e+02ğ›€ E:1.5458e+01V/cm J:1.6934e-01A/cm2 ğ›’:9.1288e+01ğ›€ cm
2023-03-29 13:39:33,756 INFO Measurement at current 0.003919597989949748
2023-03-29 13:39:34,361 INFO T:229.77Â°K V:5.0648e-01V I:3.9196e-03A R:1.2922e+02ğ›€ E:1.5632e+01V/cm J:1.7154e-01A/cm2 ğ›’:9.1130e+01ğ›€ cm
2023-03-29 13:39:34,410 INFO Measurement at current 0.003969849246231156
2023-03-29 13:39:35,000 INFO T:229.77Â°K V:5.1112e-01V I:3.9698e-03A R:1.2875e+02ğ›€ E:1.5775e+01V/cm J:1.7374e-01A/cm2 ğ›’:9.0800e+01ğ›€ cm
2023-03-29 13:39:35,027 INFO Measurement at current 0.004020100502512563
2023-03-29 13:39:35,627 INFO T:229.77Â°K V:5.1522e-01V I:4.0201e-03A R:1.2816e+02ğ›€ E:1.5902e+01V/cm J:1.7593e-01A/cm2 ğ›’:9.0384e+01ğ›€ cm
2023-03-29 13:39:35,652 INFO Measurement at current 0.00407035175879397
2023-03-29 13:39:36,253 INFO T:229.77Â°K V:5.2024e-01V I:4.0704e-03A R:1.2781e+02ğ›€ E:1.6057e+01V/cm J:1.7813e-01A/cm2 ğ›’:9.0139e+01ğ›€ cm
2023-03-29 13:39:36,283 INFO Measurement at current 0.004120603015075377
2023-03-29 13:39:36,876 INFO T:229.77Â°K V:5.2468e-01V I:4.1206e-03A R:1.2733e+02ğ›€ E:1.6194e+01V/cm J:1.8033e-01A/cm2 ğ›’:8.9801e+01ğ›€ cm
2023-03-29 13:39:36,891 INFO Measurement at current 0.004170854271356784
2023-03-29 13:39:37,486 INFO T:229.76Â°K V:5.2879e-01V I:4.1709e-03A R:1.2678e+02ğ›€ E:1.6321e+01V/cm J:1.8253e-01A/cm2 ğ›’:8.9413e+01ğ›€ cm
2023-03-29 13:39:37,506 INFO Measurement at current 0.004221105527638191
2023-03-29 13:39:38,098 INFO T:229.76Â°K V:5.3417e-01V I:4.2211e-03A R:1.2655e+02ğ›€ E:1.6487e+01V/cm J:1.8473e-01A/cm2 ğ›’:8.9247e+01ğ›€ cm
2023-03-29 13:39:38,120 INFO Measurement at current 0.004271356783919598
2023-03-29 13:39:38,708 INFO T:229.76Â°K V:5.3989e-01V I:4.2714e-03A R:1.2640e+02ğ›€ E:1.6663e+01V/cm J:1.8693e-01A/cm2 ğ›’:8.9141e+01ğ›€ cm
2023-03-29 13:39:38,736 INFO Measurement at current 0.004321608040201005
2023-03-29 13:39:39,328 INFO T:229.76Â°K V:5.4248e-01V I:4.3216e-03A R:1.2553e+02ğ›€ E:1.6743e+01V/cm J:1.8913e-01A/cm2 ğ›’:8.8527e+01ğ›€ cm
2023-03-29 13:39:39,353 INFO Measurement at current 0.004371859296482412
2023-03-29 13:39:39,952 INFO T:229.76Â°K V:5.4791e-01V I:4.3719e-03A R:1.2533e+02ğ›€ E:1.6911e+01V/cm J:1.9133e-01A/cm2 ğ›’:8.8387e+01ğ›€ cm
2023-03-29 13:39:39,968 INFO Measurement at current 0.004422110552763819
2023-03-29 13:39:40,558 INFO T:229.75Â°K V:5.5053e-01V I:4.4221e-03A R:1.2450e+02ğ›€ E:1.6992e+01V/cm J:1.9353e-01A/cm2 ğ›’:8.7800e+01ğ›€ cm
2023-03-29 13:39:40,575 INFO Measurement at current 0.004472361809045226
2023-03-29 13:39:41,165 INFO T:229.75Â°K V:5.5383e-01V I:4.4724e-03A R:1.2383e+02ğ›€ E:1.7094e+01V/cm J:1.9573e-01A/cm2 ğ›’:8.7334e+01ğ›€ cm
2023-03-29 13:39:41,188 INFO Measurement at current 0.004522613065326633
2023-03-29 13:39:41,780 INFO T:229.75Â°K V:5.5820e-01V I:4.5226e-03A R:1.2342e+02ğ›€ E:1.7228e+01V/cm J:1.9793e-01A/cm2 ğ›’:8.7045e+01ğ›€ cm
2023-03-29 13:39:41,796 INFO Measurement at current 0.00457286432160804
2023-03-29 13:39:42,403 INFO T:229.75Â°K V:5.6329e-01V I:4.5729e-03A R:1.2318e+02ğ›€ E:1.7386e+01V/cm J:2.0013e-01A/cm2 ğ›’:8.6873e+01ğ›€ cm
2023-03-29 13:39:42,421 INFO Measurement at current 0.004623115577889447
2023-03-29 13:39:43,019 INFO T:229.75Â°K V:5.6840e-01V I:4.6231e-03A R:1.2295e+02ğ›€ E:1.7543e+01V/cm J:2.0232e-01A/cm2 ğ›’:8.6709e+01ğ›€ cm
2023-03-29 13:39:43,042 INFO Measurement at current 0.004673366834170855
2023-03-29 13:39:43,639 INFO T:229.74Â°K V:5.7230e-01V I:4.6734e-03A R:1.2246e+02ğ›€ E:1.7664e+01V/cm J:2.0452e-01A/cm2 ğ›’:8.6365e+01ğ›€ cm
2023-03-29 13:39:43,661 INFO Measurement at current 0.004723618090452262
2023-03-29 13:39:44,248 INFO T:229.74Â°K V:5.7596e-01V I:4.7236e-03A R:1.2193e+02ğ›€ E:1.7777e+01V/cm J:2.0672e-01A/cm2 ğ›’:8.5992e+01ğ›€ cm
2023-03-29 13:39:44,266 INFO Measurement at current 0.004773869346733669
2023-03-29 13:39:44,877 INFO T:229.74Â°K V:5.8187e-01V I:4.7739e-03A R:1.2189e+02ğ›€ E:1.7959e+01V/cm J:2.0892e-01A/cm2 ğ›’:8.5960e+01ğ›€ cm
2023-03-29 13:39:44,933 INFO Measurement at current 0.004824120603015076
2023-03-29 13:39:45,640 INFO T:229.74Â°K V:5.8654e-01V I:4.8241e-03A R:1.2158e+02ğ›€ E:1.8103e+01V/cm J:2.1112e-01A/cm2 ğ›’:8.5747e+01ğ›€ cm
2023-03-29 13:39:45,678 INFO Measurement at current 0.004874371859296483
2023-03-29 13:39:46,331 INFO T:229.74Â°K V:5.9003e-01V I:4.8744e-03A R:1.2105e+02ğ›€ E:1.8211e+01V/cm J:2.1332e-01A/cm2 ğ›’:8.5368e+01ğ›€ cm
2023-03-29 13:39:46,384 INFO Measurement at current 0.00492462311557789
2023-03-29 13:39:47,026 INFO T:229.73Â°K V:5.9482e-01V I:4.9246e-03A R:1.2078e+02ğ›€ E:1.8359e+01V/cm J:2.1552e-01A/cm2 ğ›’:8.5183e+01ğ›€ cm
2023-03-29 13:39:47,070 INFO Measurement at current 0.004974874371859297
2023-03-29 13:39:47,716 INFO T:229.73Â°K V:6.0091e-01V I:4.9749e-03A R:1.2079e+02ğ›€ E:1.8546e+01V/cm J:2.1772e-01A/cm2 ğ›’:8.5186e+01ğ›€ cm
2023-03-29 13:39:47,831 INFO Measurement at current 0.005025125628140704
2023-03-29 13:39:48,463 INFO T:229.73Â°K V:6.0433e-01V I:5.0251e-03A R:1.2026e+02ğ›€ E:1.8652e+01V/cm J:2.1992e-01A/cm2 ğ›’:8.4815e+01ğ›€ cm
2023-03-29 13:39:48,515 INFO Measurement at current 0.005075376884422111
2023-03-29 13:39:49,133 INFO T:229.73Â°K V:6.0920e-01V I:5.0754e-03A R:1.2003e+02ğ›€ E:1.8802e+01V/cm J:2.2212e-01A/cm2 ğ›’:8.4651e+01ğ›€ cm
2023-03-29 13:39:49,245 INFO Measurement at current 0.0051256281407035175
2023-03-29 13:39:49,847 INFO T:229.72Â°K V:6.1229e-01V I:5.1256e-03A R:1.1946e+02ğ›€ E:1.8898e+01V/cm J:2.2432e-01A/cm2 ğ›’:8.4246e+01ğ›€ cm
2023-03-29 13:39:49,868 INFO Measurement at current 0.0051758793969849245
2023-03-29 13:39:50,464 INFO T:229.72Â°K V:6.1634e-01V I:5.1759e-03A R:1.1908e+02ğ›€ E:1.9023e+01V/cm J:2.2652e-01A/cm2 ğ›’:8.3980e+01ğ›€ cm
2023-03-29 13:39:50,488 INFO Measurement at current 0.0052261306532663315
2023-03-29 13:39:51,089 INFO T:229.72Â°K V:6.2286e-01V I:5.2261e-03A R:1.1918e+02ğ›€ E:1.9224e+01V/cm J:2.2871e-01A/cm2 ğ›’:8.4053e+01ğ›€ cm
2023-03-29 13:39:51,112 INFO Measurement at current 0.0052763819095477385
2023-03-29 13:39:51,722 INFO T:229.72Â°K V:6.2629e-01V I:5.2764e-03A R:1.1870e+02ğ›€ E:1.9330e+01V/cm J:2.3091e-01A/cm2 ğ›’:8.3711e+01ğ›€ cm
2023-03-29 13:39:51,741 INFO Measurement at current 0.0053266331658291454
2023-03-29 13:39:52,342 INFO T:229.72Â°K V:6.3096e-01V I:5.3266e-03A R:1.1845e+02ğ›€ E:1.9474e+01V/cm J:2.3311e-01A/cm2 ğ›’:8.3539e+01ğ›€ cm
2023-03-29 13:39:52,357 INFO Measurement at current 0.005376884422110553
2023-03-29 13:39:52,951 INFO T:229.72Â°K V:6.3517e-01V I:5.3769e-03A R:1.1813e+02ğ›€ E:1.9604e+01V/cm J:2.3531e-01A/cm2 ğ›’:8.3311e+01ğ›€ cm
2023-03-29 13:39:52,969 INFO Measurement at current 0.00542713567839196
2023-03-29 13:39:53,580 INFO T:229.71Â°K V:6.3906e-01V I:5.4271e-03A R:1.1775e+02ğ›€ E:1.9724e+01V/cm J:2.3751e-01A/cm2 ğ›’:8.3044e+01ğ›€ cm
2023-03-29 13:39:53,601 INFO Measurement at current 0.005477386934673367
2023-03-29 13:39:54,191 INFO T:229.71Â°K V:6.4370e-01V I:5.4774e-03A R:1.1752e+02ğ›€ E:1.9867e+01V/cm J:2.3971e-01A/cm2 ğ›’:8.2880e+01ğ›€ cm
2023-03-29 13:39:54,210 INFO Measurement at current 0.005527638190954774
2023-03-29 13:39:54,800 INFO T:229.71Â°K V:6.4893e-01V I:5.5276e-03A R:1.1740e+02ğ›€ E:2.0029e+01V/cm J:2.4191e-01A/cm2 ğ›’:8.2794e+01ğ›€ cm
2023-03-29 13:39:54,815 INFO Measurement at current 0.005577889447236181
2023-03-29 13:39:55,509 INFO T:229.71Â°K V:6.5371e-01V I:5.5779e-03A R:1.1720e+02ğ›€ E:2.0176e+01V/cm J:2.4411e-01A/cm2 ğ›’:8.2652e+01ğ›€ cm
2023-03-29 13:39:55,537 INFO Measurement at current 0.005628140703517588
2023-03-29 13:39:56,237 INFO T:229.71Â°K V:6.5725e-01V I:5.6281e-03A R:1.1678e+02ğ›€ E:2.0285e+01V/cm J:2.4631e-01A/cm2 ğ›’:8.2358e+01ğ›€ cm
2023-03-29 13:39:56,288 INFO Measurement at current 0.005678391959798995
2023-03-29 13:39:56,937 INFO T:229.70Â°K V:6.6353e-01V I:5.6784e-03A R:1.1685e+02ğ›€ E:2.0479e+01V/cm J:2.4851e-01A/cm2 ğ›’:8.2409e+01ğ›€ cm
2023-03-29 13:39:56,993 INFO Measurement at current 0.005728643216080402
2023-03-29 13:39:57,590 INFO T:229.70Â°K V:6.6760e-01V I:5.7286e-03A R:1.1654e+02ğ›€ E:2.0605e+01V/cm J:2.5071e-01A/cm2 ğ›’:8.2188e+01ğ›€ cm
2023-03-29 13:39:57,654 INFO Measurement at current 0.005778894472361809
2023-03-29 13:39:58,299 INFO T:229.70Â°K V:6.7119e-01V I:5.7789e-03A R:1.1615e+02ğ›€ E:2.0716e+01V/cm J:2.5291e-01A/cm2 ğ›’:8.1911e+01ğ›€ cm
2023-03-29 13:39:58,323 INFO Measurement at current 0.005829145728643216
2023-03-29 13:39:58,976 INFO T:229.70Â°K V:6.7714e-01V I:5.8291e-03A R:1.1616e+02ğ›€ E:2.0899e+01V/cm J:2.5510e-01A/cm2 ğ›’:8.1924e+01ğ›€ cm
2023-03-29 13:39:59,018 INFO Measurement at current 0.005879396984924623
2023-03-29 13:39:59,624 INFO T:229.69Â°K V:6.8073e-01V I:5.8794e-03A R:1.1578e+02ğ›€ E:2.1010e+01V/cm J:2.5730e-01A/cm2 ğ›’:8.1656e+01ğ›€ cm
2023-03-29 13:39:59,775 INFO Measurement at current 0.00592964824120603
2023-03-29 13:40:00,459 INFO T:229.69Â°K V:6.8617e-01V I:5.9296e-03A R:1.1572e+02ğ›€ E:2.1178e+01V/cm J:2.5950e-01A/cm2 ğ›’:8.1610e+01ğ›€ cm
2023-03-29 13:40:00,497 INFO Measurement at current 0.005979899497487437
2023-03-29 13:40:01,137 INFO T:229.69Â°K V:6.9069e-01V I:5.9799e-03A R:1.1550e+02ğ›€ E:2.1318e+01V/cm J:2.6170e-01A/cm2 ğ›’:8.1457e+01ğ›€ cm
2023-03-29 13:40:01,183 INFO Measurement at current 0.006030150753768844
2023-03-29 13:40:01,853 INFO T:229.69Â°K V:6.9532e-01V I:6.0302e-03A R:1.1531e+02ğ›€ E:2.1461e+01V/cm J:2.6390e-01A/cm2 ğ›’:8.1320e+01ğ›€ cm
2023-03-29 13:40:01,893 INFO Measurement at current 0.006080402010050252
2023-03-29 13:40:02,562 INFO T:229.68Â°K V:6.9783e-01V I:6.0804e-03A R:1.1477e+02ğ›€ E:2.1538e+01V/cm J:2.6610e-01A/cm2 ğ›’:8.0939e+01ğ›€ cm
2023-03-29 13:40:02,600 INFO Measurement at current 0.006130653266331659
2023-03-29 13:40:03,220 INFO T:229.68Â°K V:6.9895e-01V I:6.1307e-03A R:1.1401e+02ğ›€ E:2.1573e+01V/cm J:2.6830e-01A/cm2 ğ›’:8.0405e+01ğ›€ cm
2023-03-29 13:40:03,284 INFO Measurement at current 0.006180904522613066
2023-03-29 13:40:03,883 INFO T:229.68Â°K V:7.0300e-01V I:6.1809e-03A R:1.1374e+02ğ›€ E:2.1698e+01V/cm J:2.7050e-01A/cm2 ğ›’:8.0213e+01ğ›€ cm
2023-03-29 13:40:03,910 INFO Measurement at current 0.006231155778894473
2023-03-29 13:40:04,518 INFO T:229.68Â°K V:7.0821e-01V I:6.2312e-03A R:1.1366e+02ğ›€ E:2.1858e+01V/cm J:2.7270e-01A/cm2 ğ›’:8.0156e+01ğ›€ cm
2023-03-29 13:40:04,592 INFO Measurement at current 0.00628140703517588
2023-03-29 13:40:05,192 INFO T:229.68Â°K V:7.1123e-01V I:6.2814e-03A R:1.1323e+02ğ›€ E:2.1952e+01V/cm J:2.7490e-01A/cm2 ğ›’:7.9854e+01ğ›€ cm
2023-03-29 13:40:05,224 INFO Measurement at current 0.006331658291457287
2023-03-29 13:40:05,846 INFO T:229.68Â°K V:7.1382e-01V I:6.3317e-03A R:1.1274e+02ğ›€ E:2.2032e+01V/cm J:2.7710e-01A/cm2 ğ›’:7.9508e+01ğ›€ cm
2023-03-29 13:40:05,872 INFO Measurement at current 0.006381909547738694
2023-03-29 13:40:06,480 INFO T:229.67Â°K V:7.1722e-01V I:6.3819e-03A R:1.1238e+02ğ›€ E:2.2137e+01V/cm J:2.7930e-01A/cm2 ğ›’:7.9258e+01ğ›€ cm
2023-03-29 13:40:06,505 INFO Measurement at current 0.006432160804020101
2023-03-29 13:40:07,106 INFO T:229.67Â°K V:7.2307e-01V I:6.4322e-03A R:1.1241e+02ğ›€ E:2.2317e+01V/cm J:2.8150e-01A/cm2 ğ›’:7.9280e+01ğ›€ cm
2023-03-29 13:40:07,131 INFO Measurement at current 0.006482412060301508
2023-03-29 13:40:07,731 INFO T:229.67Â°K V:7.2885e-01V I:6.4824e-03A R:1.1243e+02ğ›€ E:2.2495e+01V/cm J:2.8369e-01A/cm2 ğ›’:7.9294e+01ğ›€ cm
2023-03-29 13:40:07,747 INFO Measurement at current 0.006532663316582915
2023-03-29 13:40:08,344 INFO T:229.67Â°K V:7.3170e-01V I:6.5327e-03A R:1.1201e+02ğ›€ E:2.2583e+01V/cm J:2.8589e-01A/cm2 ğ›’:7.8993e+01ğ›€ cm
2023-03-29 13:40:08,359 INFO Measurement at current 0.0065829145728643216
2023-03-29 13:40:08,960 INFO T:229.67Â°K V:7.3535e-01V I:6.5829e-03A R:1.1171e+02ğ›€ E:2.2696e+01V/cm J:2.8809e-01A/cm2 ğ›’:7.8780e+01ğ›€ cm
2023-03-29 13:40:08,976 INFO Measurement at current 0.0066331658291457285
2023-03-29 13:40:09,574 INFO T:229.66Â°K V:7.3822e-01V I:6.6332e-03A R:1.1129e+02ğ›€ E:2.2785e+01V/cm J:2.9029e-01A/cm2 ğ›’:7.8488e+01ğ›€ cm
2023-03-29 13:40:09,609 INFO Measurement at current 0.0066834170854271355
2023-03-29 13:40:10,211 INFO T:229.66Â°K V:7.4443e-01V I:6.6834e-03A R:1.1138e+02ğ›€ E:2.2976e+01V/cm J:2.9249e-01A/cm2 ğ›’:7.8554e+01ğ›€ cm
2023-03-29 13:40:10,236 INFO Measurement at current 0.0067336683417085425
2023-03-29 13:40:10,871 INFO T:229.66Â°K V:7.4673e-01V I:6.7337e-03A R:1.1089e+02ğ›€ E:2.3047e+01V/cm J:2.9469e-01A/cm2 ğ›’:7.8208e+01ğ›€ cm
2023-03-29 13:40:10,891 INFO Measurement at current 0.0067839195979899495
2023-03-29 13:40:11,500 INFO T:229.66Â°K V:7.5252e-01V I:6.7839e-03A R:1.1093e+02ğ›€ E:2.3226e+01V/cm J:2.9689e-01A/cm2 ğ›’:7.8231e+01ğ›€ cm
2023-03-29 13:40:11,613 INFO Measurement at current 0.006834170854271357
2023-03-29 13:40:12,205 INFO T:229.65Â°K V:7.5757e-01V I:6.8342e-03A R:1.1085e+02ğ›€ E:2.3382e+01V/cm J:2.9909e-01A/cm2 ğ›’:7.8177e+01ğ›€ cm
2023-03-29 13:40:12,288 INFO Measurement at current 0.006884422110552764
2023-03-29 13:40:12,902 INFO T:229.65Â°K V:7.6209e-01V I:6.8844e-03A R:1.1070e+02ğ›€ E:2.3521e+01V/cm J:3.0129e-01A/cm2 ğ›’:7.8069e+01ğ›€ cm
2023-03-29 13:40:13,004 INFO Measurement at current 0.006934673366834171
2023-03-29 13:40:13,600 INFO T:229.65Â°K V:7.6581e-01V I:6.9347e-03A R:1.1043e+02ğ›€ E:2.3636e+01V/cm J:3.0349e-01A/cm2 ğ›’:7.7882e+01ğ›€ cm
2023-03-29 13:40:13,638 INFO Measurement at current 0.006984924623115578
2023-03-29 13:40:14,276 INFO T:229.65Â°K V:7.7088e-01V I:6.9849e-03A R:1.1036e+02ğ›€ E:2.3793e+01V/cm J:3.0569e-01A/cm2 ğ›’:7.7833e+01ğ›€ cm
2023-03-29 13:40:14,318 INFO Measurement at current 0.007035175879396985
2023-03-29 13:40:15,027 INFO T:229.65Â°K V:7.7678e-01V I:7.0352e-03A R:1.1041e+02ğ›€ E:2.3975e+01V/cm J:3.0789e-01A/cm2 ğ›’:7.7869e+01ğ›€ cm
2023-03-29 13:40:15,056 INFO Measurement at current 0.007085427135678392
2023-03-29 13:40:15,653 INFO T:229.64Â°K V:7.8162e-01V I:7.0854e-03A R:1.1031e+02ğ›€ E:2.4124e+01V/cm J:3.1008e-01A/cm2 ğ›’:7.7798e+01ğ›€ cm
2023-03-29 13:40:15,668 INFO Measurement at current 0.007135678391959799
2023-03-29 13:40:16,256 INFO T:229.64Â°K V:7.8590e-01V I:7.1357e-03A R:1.1014e+02ğ›€ E:2.4256e+01V/cm J:3.1228e-01A/cm2 ğ›’:7.7673e+01ğ›€ cm
2023-03-29 13:40:16,279 INFO Measurement at current 0.007185929648241206
2023-03-29 13:40:16,887 INFO T:229.64Â°K V:7.9193e-01V I:7.1859e-03A R:1.1021e+02ğ›€ E:2.4442e+01V/cm J:3.1448e-01A/cm2 ğ›’:7.7722e+01ğ›€ cm
2023-03-29 13:40:16,912 INFO Measurement at current 0.007236180904522613
2023-03-29 13:40:17,510 INFO T:229.64Â°K V:7.9940e-01V I:7.2362e-03A R:1.1047e+02ğ›€ E:2.4673e+01V/cm J:3.1668e-01A/cm2 ğ›’:7.7910e+01ğ›€ cm
2023-03-29 13:40:17,533 INFO Measurement at current 0.00728643216080402
2023-03-29 13:40:18,123 INFO T:229.64Â°K V:8.0592e-01V I:7.2864e-03A R:1.1061e+02ğ›€ E:2.4874e+01V/cm J:3.1888e-01A/cm2 ğ›’:7.8004e+01ğ›€ cm
2023-03-29 13:40:18,152 INFO Measurement at current 0.007336683417085427
2023-03-29 13:40:18,754 INFO T:229.64Â°K V:8.1082e-01V I:7.3367e-03A R:1.1052e+02ğ›€ E:2.5025e+01V/cm J:3.2108e-01A/cm2 ğ›’:7.7941e+01ğ›€ cm
2023-03-29 13:40:18,772 INFO Measurement at current 0.007386934673366834
2023-03-29 13:40:19,366 INFO T:229.63Â°K V:8.1486e-01V I:7.3869e-03A R:1.1031e+02ğ›€ E:2.5150e+01V/cm J:3.2328e-01A/cm2 ğ›’:7.7797e+01ğ›€ cm
2023-03-29 13:40:19,385 INFO Measurement at current 0.007437185929648241
2023-03-29 13:40:20,050 INFO T:229.63Â°K V:8.1538e-01V I:7.4372e-03A R:1.0964e+02ğ›€ E:2.5166e+01V/cm J:3.2548e-01A/cm2 ğ›’:7.7320e+01ğ›€ cm
2023-03-29 13:40:20,093 INFO Measurement at current 0.007487437185929648
2023-03-29 13:40:20,700 INFO T:229.63Â°K V:8.2311e-01V I:7.4874e-03A R:1.0993e+02ğ›€ E:2.5405e+01V/cm J:3.2768e-01A/cm2 ğ›’:7.7529e+01ğ›€ cm
2023-03-29 13:40:20,732 INFO Measurement at current 0.007537688442211056
2023-03-29 13:40:21,323 INFO T:229.63Â°K V:8.2789e-01V I:7.5377e-03A R:1.0983e+02ğ›€ E:2.5552e+01V/cm J:3.2988e-01A/cm2 ğ›’:7.7459e+01ğ›€ cm
2023-03-29 13:40:21,347 INFO Measurement at current 0.007587939698492463
2023-03-29 13:40:21,948 INFO T:229.63Â°K V:8.3258e-01V I:7.5879e-03A R:1.0972e+02ğ›€ E:2.5697e+01V/cm J:3.3208e-01A/cm2 ğ›’:7.7382e+01ğ›€ cm
2023-03-29 13:40:21,989 INFO Measurement at current 0.00763819095477387
2023-03-29 13:40:22,612 INFO T:229.62Â°K V:8.3661e-01V I:7.6382e-03A R:1.0953e+02ğ›€ E:2.5821e+01V/cm J:3.3428e-01A/cm2 ğ›’:7.7245e+01ğ›€ cm
2023-03-29 13:40:22,700 INFO Measurement at current 0.007688442211055277
2023-03-29 13:40:23,350 INFO T:229.62Â°K V:8.4210e-01V I:7.6884e-03A R:1.0953e+02ğ›€ E:2.5991e+01V/cm J:3.3647e-01A/cm2 ğ›’:7.7244e+01ğ›€ cm
2023-03-29 13:40:23,443 INFO Measurement at current 0.007738693467336684
2023-03-29 13:40:24,043 INFO T:229.62Â°K V:8.4848e-01V I:7.7387e-03A R:1.0964e+02ğ›€ E:2.6188e+01V/cm J:3.3867e-01A/cm2 ğ›’:7.7324e+01ğ›€ cm
2023-03-29 13:40:24,157 INFO Measurement at current 0.007788944723618091
2023-03-29 13:40:24,779 INFO T:229.62Â°K V:8.5225e-01V I:7.7889e-03A R:1.0942e+02ğ›€ E:2.6304e+01V/cm J:3.4087e-01A/cm2 ğ›’:7.7167e+01ğ›€ cm
2023-03-29 13:40:24,823 INFO Measurement at current 0.007839195979899497
2023-03-29 13:40:25,533 INFO T:229.61Â°K V:8.5565e-01V I:7.8392e-03A R:1.0915e+02ğ›€ E:2.6409e+01V/cm J:3.4307e-01A/cm2 ğ›’:7.6977e+01ğ›€ cm
2023-03-29 13:40:25,549 INFO Measurement at current 0.007889447236180906
2023-03-29 13:40:26,145 INFO T:229.61Â°K V:8.5936e-01V I:7.8894e-03A R:1.0893e+02ğ›€ E:2.6524e+01V/cm J:3.4527e-01A/cm2 ğ›’:7.6820e+01ğ›€ cm
2023-03-29 13:40:26,169 INFO Measurement at current 0.007939698492462312
2023-03-29 13:40:26,773 INFO T:229.61Â°K V:8.6301e-01V I:7.9397e-03A R:1.0869e+02ğ›€ E:2.6636e+01V/cm J:3.4747e-01A/cm2 ğ›’:7.6657e+01ğ›€ cm
2023-03-29 13:40:26,796 INFO Measurement at current 0.00798994974874372
2023-03-29 13:40:27,389 INFO T:229.61Â°K V:8.6587e-01V I:7.9899e-03A R:1.0837e+02ğ›€ E:2.6724e+01V/cm J:3.4967e-01A/cm2 ğ›’:7.6427e+01ğ›€ cm
2023-03-29 13:40:27,410 INFO Measurement at current 0.008040201005025126
2023-03-29 13:40:28,008 INFO T:229.61Â°K V:8.7019e-01V I:8.0402e-03A R:1.0823e+02ğ›€ E:2.6858e+01V/cm J:3.5187e-01A/cm2 ğ›’:7.6329e+01ğ›€ cm
2023-03-29 13:40:28,032 INFO Measurement at current 0.008090452261306533
2023-03-29 13:40:28,633 INFO T:229.61Â°K V:8.7972e-01V I:8.0905e-03A R:1.0874e+02ğ›€ E:2.7152e+01V/cm J:3.5407e-01A/cm2 ğ›’:7.6686e+01ğ›€ cm
2023-03-29 13:40:28,654 INFO Measurement at current 0.00814070351758794
2023-03-29 13:40:29,247 INFO T:229.60Â°K V:8.8213e-01V I:8.1407e-03A R:1.0836e+02ğ›€ E:2.7226e+01V/cm J:3.5627e-01A/cm2 ğ›’:7.6421e+01ğ›€ cm
2023-03-29 13:40:29,272 INFO Measurement at current 0.008190954773869347
2023-03-29 13:40:29,861 INFO T:229.60Â°K V:8.8489e-01V I:8.1910e-03A R:1.0803e+02ğ›€ E:2.7311e+01V/cm J:3.5847e-01A/cm2 ğ›’:7.6189e+01ğ›€ cm
2023-03-29 13:40:29,887 INFO Measurement at current 0.008241206030150754
2023-03-29 13:40:30,516 INFO T:229.60Â°K V:8.8766e-01V I:8.2412e-03A R:1.0771e+02ğ›€ E:2.7397e+01V/cm J:3.6067e-01A/cm2 ğ›’:7.5962e+01ğ›€ cm
2023-03-29 13:40:30,596 INFO Measurement at current 0.008291457286432161
2023-03-29 13:40:31,242 INFO T:229.60Â°K V:8.8751e-01V I:8.2915e-03A R:1.0704e+02ğ›€ E:2.7392e+01V/cm J:3.6286e-01A/cm2 ğ›’:7.5489e+01ğ›€ cm
2023-03-29 13:40:31,282 INFO Measurement at current 0.008341708542713568
2023-03-29 13:40:31,884 INFO T:229.60Â°K V:8.8889e-01V I:8.3417e-03A R:1.0656e+02ğ›€ E:2.7435e+01V/cm J:3.6506e-01A/cm2 ğ›’:7.5151e+01ğ›€ cm
2023-03-29 13:40:31,956 INFO Measurement at current 0.008391959798994975
2023-03-29 13:40:32,565 INFO T:229.59Â°K V:8.9356e-01V I:8.3920e-03A R:1.0648e+02ğ›€ E:2.7579e+01V/cm J:3.6726e-01A/cm2 ğ›’:7.5093e+01ğ›€ cm
2023-03-29 13:40:32,587 INFO Measurement at current 0.008442211055276382
2023-03-29 13:40:33,191 INFO T:229.59Â°K V:8.9489e-01V I:8.4422e-03A R:1.0600e+02ğ›€ E:2.7620e+01V/cm J:3.6946e-01A/cm2 ğ›’:7.4758e+01ğ›€ cm
2023-03-29 13:40:33,224 INFO Measurement at current 0.00849246231155779
2023-03-29 13:40:33,831 INFO T:229.59Â°K V:8.9514e-01V I:8.4925e-03A R:1.0540e+02ğ›€ E:2.7628e+01V/cm J:3.7166e-01A/cm2 ğ›’:7.4336e+01ğ›€ cm
2023-03-29 13:40:33,854 INFO Measurement at current 0.008542713567839196
2023-03-29 13:40:34,443 INFO T:229.59Â°K V:9.0006e-01V I:8.5427e-03A R:1.0536e+02ğ›€ E:2.7780e+01V/cm J:3.7386e-01A/cm2 ğ›’:7.4305e+01ğ›€ cm
2023-03-29 13:40:34,467 INFO Measurement at current 0.008592964824120603
2023-03-29 13:40:35,051 INFO T:229.59Â°K V:9.0405e-01V I:8.5930e-03A R:1.0521e+02ğ›€ E:2.7903e+01V/cm J:3.7606e-01A/cm2 ğ›’:7.4197e+01ğ›€ cm
2023-03-29 13:40:35,074 INFO Measurement at current 0.00864321608040201
2023-03-29 13:40:35,684 INFO T:229.58Â°K V:9.0643e-01V I:8.6432e-03A R:1.0487e+02ğ›€ E:2.7976e+01V/cm J:3.7826e-01A/cm2 ğ›’:7.3961e+01ğ›€ cm
2023-03-29 13:40:35,702 INFO Measurement at current 0.008693467336683417
2023-03-29 13:40:36,292 INFO T:229.58Â°K V:9.0901e-01V I:8.6935e-03A R:1.0456e+02ğ›€ E:2.8056e+01V/cm J:3.8046e-01A/cm2 ğ›’:7.3743e+01ğ›€ cm
2023-03-29 13:40:36,326 INFO Measurement at current 0.008743718592964824
2023-03-29 13:40:36,936 INFO T:229.58Â°K V:9.0903e-01V I:8.7437e-03A R:1.0396e+02ğ›€ E:2.8056e+01V/cm J:3.8266e-01A/cm2 ğ›’:7.3320e+01ğ›€ cm
2023-03-29 13:40:36,957 INFO Measurement at current 0.008793969849246231
2023-03-29 13:40:37,598 INFO T:229.58Â°K V:4.1367e-01V I:8.7940e-03A R:4.7040e+01ğ›€ E:1.2768e+01V/cm J:3.8486e-01A/cm2 ğ›’:3.3175e+01ğ›€ cm
2023-03-29 13:40:37,617 INFO Measurement at current 0.008844221105527638
2023-03-29 13:40:38,265 INFO T:229.58Â°K V:4.1726e-01V I:8.8442e-03A R:4.7179e+01ğ›€ E:1.2878e+01V/cm J:3.8706e-01A/cm2 ğ›’:3.3273e+01ğ›€ cm
2023-03-29 13:40:38,300 INFO Measurement at current 0.008894472361809045
2023-03-29 13:40:38,889 INFO T:229.57Â°K V:4.2018e-01V I:8.8945e-03A R:4.7241e+01ğ›€ E:1.2969e+01V/cm J:3.8925e-01A/cm2 ğ›’:3.3317e+01ğ›€ cm
2023-03-29 13:40:38,942 INFO Measurement at current 0.008944723618090452
2023-03-29 13:40:39,562 INFO T:229.57Â°K V:4.2265e-01V I:8.9447e-03A R:4.7252e+01ğ›€ E:1.3045e+01V/cm J:3.9145e-01A/cm2 ğ›’:3.3324e+01ğ›€ cm
2023-03-29 13:40:39,623 INFO Measurement at current 0.008994974874371859
2023-03-29 13:40:40,280 INFO T:229.57Â°K V:4.2492e-01V I:8.9950e-03A R:4.7239e+01ğ›€ E:1.3115e+01V/cm J:3.9365e-01A/cm2 ğ›’:3.3315e+01ğ›€ cm
2023-03-29 13:40:40,313 INFO Measurement at current 0.009045226130653266
2023-03-29 13:40:40,916 INFO T:229.57Â°K V:4.2717e-01V I:9.0452e-03A R:4.7226e+01ğ›€ E:1.3184e+01V/cm J:3.9585e-01A/cm2 ğ›’:3.3306e+01ğ›€ cm
2023-03-29 13:40:40,942 INFO Measurement at current 0.009095477386934673
2023-03-29 13:40:41,714 INFO T:229.57Â°K V:4.2933e-01V I:9.0955e-03A R:4.7202e+01ğ›€ E:1.3251e+01V/cm J:3.9805e-01A/cm2 ğ›’:3.3289e+01ğ›€ cm
2023-03-29 13:40:41,755 INFO Measurement at current 0.00914572864321608
2023-03-29 13:40:42,382 INFO T:229.56Â°K V:4.3146e-01V I:9.1457e-03A R:4.7176e+01ğ›€ E:1.3317e+01V/cm J:4.0025e-01A/cm2 ğ›’:3.3271e+01ğ›€ cm
2023-03-29 13:40:42,418 INFO Measurement at current 0.009195979899497487
2023-03-29 13:40:43,112 INFO T:229.56Â°K V:4.3359e-01V I:9.1960e-03A R:4.7150e+01ğ›€ E:1.3382e+01V/cm J:4.0245e-01A/cm2 ğ›’:3.3252e+01ğ›€ cm
2023-03-29 13:40:43,146 INFO Measurement at current 0.009246231155778894
2023-03-29 13:40:43,735 INFO T:229.56Â°K V:4.3567e-01V I:9.2462e-03A R:4.7119e+01ğ›€ E:1.3447e+01V/cm J:4.0465e-01A/cm2 ğ›’:3.3230e+01ğ›€ cm
2023-03-29 13:40:43,768 INFO Measurement at current 0.009296482412060303
2023-03-29 13:40:44,391 INFO T:229.56Â°K V:4.3768e-01V I:9.2965e-03A R:4.7080e+01ğ›€ E:1.3509e+01V/cm J:4.0685e-01A/cm2 ğ›’:3.3203e+01ğ›€ cm
2023-03-29 13:40:44,470 INFO Measurement at current 0.00934673366834171
2023-03-29 13:40:45,078 INFO T:229.56Â°K V:4.3969e-01V I:9.3467e-03A R:4.7042e+01ğ›€ E:1.3571e+01V/cm J:4.0905e-01A/cm2 ğ›’:3.3176e+01ğ›€ cm
2023-03-29 13:40:45,111 INFO Measurement at current 0.009396984924623117
2023-03-29 13:40:45,707 INFO T:229.55Â°K V:4.4156e-01V I:9.3970e-03A R:4.6990e+01ğ›€ E:1.3629e+01V/cm J:4.1125e-01A/cm2 ğ›’:3.3140e+01ğ›€ cm
2023-03-29 13:40:45,739 INFO Measurement at current 0.009447236180904523
2023-03-29 13:40:46,335 INFO T:229.55Â°K V:4.4342e-01V I:9.4472e-03A R:4.6937e+01ğ›€ E:1.3686e+01V/cm J:4.1345e-01A/cm2 ğ›’:3.3102e+01ğ›€ cm
2023-03-29 13:40:46,352 INFO Measurement at current 0.00949748743718593
2023-03-29 13:40:46,949 INFO T:229.55Â°K V:4.4532e-01V I:9.4975e-03A R:4.6889e+01ğ›€ E:1.3745e+01V/cm J:4.1564e-01A/cm2 ğ›’:3.3068e+01ğ›€ cm
2023-03-29 13:40:46,972 INFO Measurement at current 0.009547738693467337
2023-03-29 13:40:47,572 INFO T:229.55Â°K V:4.4722e-01V I:9.5477e-03A R:4.6840e+01ğ›€ E:1.3803e+01V/cm J:4.1784e-01A/cm2 ğ›’:3.3034e+01ğ›€ cm
2023-03-29 13:40:47,597 INFO Measurement at current 0.009597989949748744
2023-03-29 13:40:48,195 INFO T:229.55Â°K V:4.4908e-01V I:9.5980e-03A R:4.6789e+01ğ›€ E:1.3860e+01V/cm J:4.2004e-01A/cm2 ğ›’:3.2998e+01ğ›€ cm
2023-03-29 13:40:48,216 INFO Measurement at current 0.009648241206030151
2023-03-29 13:40:48,871 INFO T:229.54Â°K V:4.5086e-01V I:9.6482e-03A R:4.6730e+01ğ›€ E:1.3916e+01V/cm J:4.2224e-01A/cm2 ğ›’:3.2956e+01ğ›€ cm
2023-03-29 13:40:48,888 INFO Measurement at current 0.009698492462311558
2023-03-29 13:40:49,476 INFO T:229.54Â°K V:4.5256e-01V I:9.6985e-03A R:4.6663e+01ğ›€ E:1.3968e+01V/cm J:4.2444e-01A/cm2 ğ›’:3.2909e+01ğ›€ cm
2023-03-29 13:40:49,492 INFO Measurement at current 0.009748743718592965
2023-03-29 13:40:50,088 INFO T:229.54Â°K V:4.5432e-01V I:9.7487e-03A R:4.6603e+01ğ›€ E:1.4022e+01V/cm J:4.2664e-01A/cm2 ğ›’:3.2866e+01ğ›€ cm
2023-03-29 13:40:50,194 INFO Measurement at current 0.009798994974874372
2023-03-29 13:40:50,792 INFO T:229.54Â°K V:4.5602e-01V I:9.7990e-03A R:4.6537e+01ğ›€ E:1.4075e+01V/cm J:4.2884e-01A/cm2 ğ›’:3.2820e+01ğ›€ cm
2023-03-29 13:40:50,898 INFO Measurement at current 0.00984924623115578
2023-03-29 13:40:51,590 INFO T:229.54Â°K V:4.5788e-01V I:9.8492e-03A R:4.6489e+01ğ›€ E:1.4132e+01V/cm J:4.3104e-01A/cm2 ğ›’:3.2786e+01ğ›€ cm
2023-03-29 13:40:51,639 INFO Measurement at current 0.009899497487437186
2023-03-29 13:40:52,241 INFO T:229.53Â°K V:4.5970e-01V I:9.8995e-03A R:4.6436e+01ğ›€ E:1.4188e+01V/cm J:4.3324e-01A/cm2 ğ›’:3.2749e+01ğ›€ cm
2023-03-29 13:40:52,297 INFO Measurement at current 0.009949748743718593
2023-03-29 13:40:53,001 INFO T:229.53Â°K V:4.6150e-01V I:9.9497e-03A R:4.6383e+01ğ›€ E:1.4244e+01V/cm J:4.3544e-01A/cm2 ğ›’:3.2711e+01ğ›€ cm
2023-03-29 13:40:53,022 INFO Measurement at current 0.01
2023-03-29 13:40:53,656 INFO T:229.53Â°K V:4.6317e-01V I:1.0000e-02A R:4.6317e+01ğ›€ E:1.4295e+01V/cm J:4.3764e-01A/cm2 ğ›’:3.2665e+01ğ›€ cm
2023-03-29 13:42:16,150 INFO Save the description file
2023-03-29 13:42:16,157 INFO Save data in numpy format Esperimenti/CPRO_MUSA_290323_I_V/CPRO_MUSA_290323_I_V_current_from_0_to_100e-4A/CPRO_MUSA_290323_I_V_current_from_0_to_100e-4A-20230329134210
2023-03-29 13:42:16,173 INFO Save data in CSV format Esperimenti/CPRO_MUSA_290323_I_V/CPRO_MUSA_290323_I_V_current_from_0_to_100e-4A/CPRO_MUSA_290323_I_V_current_from_0_to_100e-4A-20230329134210.csv
2023-03-29 13:42:16,214 INFO Save plot as image Esperimenti/CPRO_MUSA_290323_I_V/CPRO_MUSA_290323_I_V_current_from_0_to_100e-4A/CPRO_MUSA_290323_I_V_current_from_0_to_100e-4A-20230329134210.png
