2023-03-29 16:58:25,618 INFO ### Start experiment: CPRO_MUSA_290323_I_V current from 0 to 100e-4A ###
2023-03-29 16:58:26,963 INFO Found Multimeter KEITHLEY INSTRUMENTS INC.,MODEL 2700,0884890,B03  /A02  

2023-03-29 16:58:27,993 INFO Found Nanovolt Meter KEITHLEY INSTRUMENTS INC.,MODEL 2182A,4056474,C03  /A02  

2023-03-29 16:58:28,101 INFO Found Source Meter KEITHLEY INSTRUMENTS INC.,MODEL 2400,0945684,C24   Feb 14 2002 11:59:45/A02  /K/H

2023-03-29 16:58:28,225 INFO Start the measurement loop
2023-03-29 16:58:39,815 INFO Measurement at current 0.0
2023-03-29 16:58:40,733 INFO T:177.18Â°K V:-1.0512e-04V I:0.0000e+00A R:-infğ›€ E:-3.2445e-03V/cm J:0.0000e+00A/cm2 ğ›’:-infğ›€ cm
2023-03-29 16:58:40,763 INFO Measurement at current 5.0251256281407036e-05
2023-03-29 16:58:42,003 INFO T:177.18Â°K V:9.4288e-02V I:5.0251e-05A R:1.8763e+03ğ›€ E:2.9101e+00V/cm J:2.1992e-03A/cm2 ğ›’:1.3233e+03ğ›€ cm
2023-03-29 16:58:42,018 INFO Measurement at current 0.00010050251256281407
2023-03-29 16:58:43,157 INFO T:177.18Â°K V:1.8646e-01V I:1.0050e-04A R:1.8553e+03ğ›€ E:5.7550e+00V/cm J:4.3984e-03A/cm2 ğ›’:1.3084e+03ğ›€ cm
2023-03-29 16:58:43,175 INFO Measurement at current 0.00015075376884422112
2023-03-29 16:58:43,770 INFO T:177.18Â°K V:2.7612e-01V I:1.5075e-04A R:1.8316e+03ğ›€ E:8.5222e+00V/cm J:6.5975e-03A/cm2 ğ›’:1.2917e+03ğ›€ cm
2023-03-29 16:58:43,793 INFO Measurement at current 0.00020100502512562814
2023-03-29 16:58:44,393 INFO T:177.18Â°K V:3.6219e-01V I:2.0101e-04A R:1.8019e+03ğ›€ E:1.1179e+01V/cm J:8.7967e-03A/cm2 ğ›’:1.2708e+03ğ›€ cm
2023-03-29 16:58:44,410 INFO Measurement at current 0.0002512562814070352
2023-03-29 16:58:45,004 INFO T:177.18Â°K V:4.4523e-01V I:2.5126e-04A R:1.7720e+03ğ›€ E:1.3742e+01V/cm J:1.0996e-02A/cm2 ğ›’:1.2497e+03ğ›€ cm
2023-03-29 16:58:45,024 INFO Measurement at current 0.00030150753768844223
2023-03-29 16:58:45,610 INFO T:177.17Â°K V:5.2548e-01V I:3.0151e-04A R:1.7428e+03ğ›€ E:1.6218e+01V/cm J:1.3195e-02A/cm2 ğ›’:1.2291e+03ğ›€ cm
2023-03-29 16:58:45,636 INFO Measurement at current 0.00035175879396984926
2023-03-29 16:58:46,223 INFO T:177.17Â°K V:6.0033e-01V I:3.5176e-04A R:1.7067e+03ğ›€ E:1.8529e+01V/cm J:1.5394e-02A/cm2 ğ›’:1.2036e+03ğ›€ cm
2023-03-29 16:58:46,241 INFO Measurement at current 0.0004020100502512563
2023-03-29 16:58:46,837 INFO T:177.17Â°K V:6.7502e-01V I:4.0201e-04A R:1.6791e+03ğ›€ E:2.0834e+01V/cm J:1.7593e-02A/cm2 ğ›’:1.1842e+03ğ›€ cm
2023-03-29 16:58:46,859 INFO Measurement at current 0.0004522613065326633
2023-03-29 16:58:47,460 INFO T:177.17Â°K V:7.4465e-01V I:4.5226e-04A R:1.6465e+03ğ›€ E:2.2983e+01V/cm J:1.9793e-02A/cm2 ğ›’:1.1612e+03ğ›€ cm
2023-03-29 16:58:47,487 INFO Measurement at current 0.0005025125628140704
2023-03-29 16:58:48,080 INFO T:177.17Â°K V:8.1350e-01V I:5.0251e-04A R:1.6189e+03ğ›€ E:2.5108e+01V/cm J:2.1992e-02A/cm2 ğ›’:1.1417e+03ğ›€ cm
2023-03-29 16:58:48,098 INFO Measurement at current 0.0005527638190954774
2023-03-29 16:58:48,700 INFO T:177.17Â°K V:8.7920e-01V I:5.5276e-04A R:1.5905e+03ğ›€ E:2.7136e+01V/cm J:2.4191e-02A/cm2 ğ›’:1.1217e+03ğ›€ cm
2023-03-29 16:58:48,737 INFO Measurement at current 0.0006030150753768845
2023-03-29 16:58:49,329 INFO T:177.17Â°K V:9.4341e-01V I:6.0302e-04A R:1.5645e+03ğ›€ E:2.9118e+01V/cm J:2.6390e-02A/cm2 ğ›’:1.1034e+03ğ›€ cm
2023-03-29 16:58:49,343 INFO Measurement at current 0.0006532663316582914
2023-03-29 16:58:49,930 INFO T:177.17Â°K V:1.0056e+00V I:6.5327e-04A R:1.5394e+03ğ›€ E:3.1038e+01V/cm J:2.8589e-02A/cm2 ğ›’:1.0856e+03ğ›€ cm
2023-03-29 16:58:49,954 INFO Measurement at current 0.0007035175879396985
2023-03-29 16:58:50,554 INFO T:177.17Â°K V:1.0661e+00V I:7.0352e-04A R:1.5153e+03ğ›€ E:3.2903e+01V/cm J:3.0789e-02A/cm2 ğ›’:1.0687e+03ğ›€ cm
2023-03-29 16:58:50,569 INFO Measurement at current 0.0007537688442211055
2023-03-29 16:58:51,173 INFO T:177.17Â°K V:1.1148e+00V I:7.5377e-04A R:1.4789e+03ğ›€ E:3.4406e+01V/cm J:3.2988e-02A/cm2 ğ›’:1.0430e+03ğ›€ cm
2023-03-29 16:58:51,195 INFO Measurement at current 0.0008040201005025126
2023-03-29 16:58:51,784 INFO T:177.16Â°K V:1.1670e+00V I:8.0402e-04A R:1.4514e+03ğ›€ E:3.6017e+01V/cm J:3.5187e-02A/cm2 ğ›’:1.0236e+03ğ›€ cm
2023-03-29 16:58:51,807 INFO Measurement at current 0.0008542713567839197
2023-03-29 16:58:53,173 INFO T:177.16Â°K V:1.2275e+00V I:8.5427e-04A R:1.4369e+03ğ›€ E:3.7885e+01V/cm J:3.7386e-02A/cm2 ğ›’:1.0134e+03ğ›€ cm
2023-03-29 16:58:53,192 INFO Measurement at current 0.0009045226130653266
2023-03-29 16:58:53,783 INFO T:177.16Â°K V:1.2646e+00V I:9.0452e-04A R:1.3980e+03ğ›€ E:3.9029e+01V/cm J:3.9585e-02A/cm2 ğ›’:9.8596e+02ğ›€ cm
2023-03-29 16:58:53,810 INFO Measurement at current 0.0009547738693467337
2023-03-29 16:58:54,401 INFO T:177.16Â°K V:1.3143e+00V I:9.5477e-04A R:1.3765e+03ğ›€ E:4.0563e+01V/cm J:4.1784e-02A/cm2 ğ›’:9.7078e+02ğ›€ cm
2023-03-29 16:58:54,423 INFO Measurement at current 0.0010050251256281408
2023-03-29 16:58:55,018 INFO T:177.16Â°K V:1.3674e+00V I:1.0050e-03A R:1.3606e+03ğ›€ E:4.2205e+01V/cm J:4.3984e-02A/cm2 ğ›’:9.5956e+02ğ›€ cm
2023-03-29 16:58:55,041 INFO Measurement at current 0.0010552763819095478
2023-03-29 16:58:55,643 INFO T:177.16Â°K V:1.3772e+00V I:1.0553e-03A R:1.3051e+03ğ›€ E:4.2507e+01V/cm J:4.6183e-02A/cm2 ğ›’:9.2041e+02ğ›€ cm
2023-03-29 16:58:55,676 INFO Measurement at current 0.0011055276381909548
2023-03-29 16:58:56,272 INFO T:177.16Â°K V:1.4216e+00V I:1.1055e-03A R:1.2859e+03ğ›€ E:4.3877e+01V/cm J:4.8382e-02A/cm2 ğ›’:9.0688e+02ğ›€ cm
2023-03-29 16:58:56,292 INFO Measurement at current 0.0011557788944723617
2023-03-29 16:58:56,880 INFO T:177.16Â°K V:1.4648e+00V I:1.1558e-03A R:1.2674e+03ğ›€ E:4.5210e+01V/cm J:5.0581e-02A/cm2 ğ›’:8.9382e+02ğ›€ cm
2023-03-29 16:58:56,896 INFO Measurement at current 0.001206030150753769
2023-03-29 16:58:57,482 INFO T:177.15Â°K V:1.5082e+00V I:1.2060e-03A R:1.2505e+03ğ›€ E:4.6549e+01V/cm J:5.2780e-02A/cm2 ğ›’:8.8194e+02ğ›€ cm
2023-03-29 16:58:57,497 INFO Measurement at current 0.001256281407035176
2023-03-29 16:58:58,089 INFO T:177.15Â°K V:1.5520e+00V I:1.2563e-03A R:1.2354e+03ğ›€ E:4.7902e+01V/cm J:5.4979e-02A/cm2 ğ›’:8.7128e+02ğ›€ cm
2023-03-29 16:58:58,111 INFO Measurement at current 0.0013065326633165829
2023-03-29 16:58:58,722 INFO T:177.15Â°K V:1.5951e+00V I:1.3065e-03A R:1.2209e+03ğ›€ E:4.9233e+01V/cm J:5.7179e-02A/cm2 ğ›’:8.6104e+02ğ›€ cm
2023-03-29 16:58:58,740 INFO Measurement at current 0.00135678391959799
2023-03-29 16:58:59,338 INFO T:177.15Â°K V:1.6356e+00V I:1.3568e-03A R:1.2055e+03ğ›€ E:5.0481e+01V/cm J:5.9378e-02A/cm2 ğ›’:8.5016e+02ğ›€ cm
2023-03-29 16:58:59,358 INFO Measurement at current 0.001407035175879397
2023-03-29 16:58:59,945 INFO T:177.15Â°K V:1.6796e+00V I:1.4070e-03A R:1.1937e+03ğ›€ E:5.1839e+01V/cm J:6.1577e-02A/cm2 ğ›’:8.4185e+02ğ›€ cm
2023-03-29 16:58:59,976 INFO Measurement at current 0.001457286432160804
2023-03-29 16:59:00,560 INFO T:177.15Â°K V:1.7198e+00V I:1.4573e-03A R:1.1801e+03ğ›€ E:5.3079e+01V/cm J:6.3776e-02A/cm2 ğ›’:8.3227e+02ğ›€ cm
2023-03-29 16:59:00,582 INFO Measurement at current 0.001507537688442211
2023-03-29 16:59:01,186 INFO T:177.15Â°K V:1.7542e+00V I:1.5075e-03A R:1.1636e+03ğ›€ E:5.4141e+01V/cm J:6.5975e-02A/cm2 ğ›’:8.2063e+02ğ›€ cm
2023-03-29 16:59:01,213 INFO Measurement at current 0.0015577889447236182
2023-03-29 16:59:01,815 INFO T:177.15Â°K V:1.7882e+00V I:1.5578e-03A R:1.1479e+03ğ›€ E:5.5190e+01V/cm J:6.8175e-02A/cm2 ğ›’:8.0954e+02ğ›€ cm
2023-03-29 16:59:01,831 INFO Measurement at current 0.0016080402010050252
2023-03-29 16:59:02,418 INFO T:177.15Â°K V:1.8255e+00V I:1.6080e-03A R:1.1352e+03ğ›€ E:5.6342e+01V/cm J:7.0374e-02A/cm2 ğ›’:8.0061e+02ğ›€ cm
2023-03-29 16:59:02,439 INFO Measurement at current 0.0016582914572864321
2023-03-29 16:59:03,032 INFO T:177.15Â°K V:1.8617e+00V I:1.6583e-03A R:1.1227e+03ğ›€ E:5.7460e+01V/cm J:7.2573e-02A/cm2 ğ›’:7.9175e+02ğ›€ cm
2023-03-29 16:59:03,053 INFO Measurement at current 0.0017085427135678393
2023-03-29 16:59:03,658 INFO T:177.14Â°K V:1.8949e+00V I:1.7085e-03A R:1.1091e+03ğ›€ E:5.8484e+01V/cm J:7.4772e-02A/cm2 ğ›’:7.8217e+02ğ›€ cm
2023-03-29 16:59:03,682 INFO Measurement at current 0.0017587939698492463
2023-03-29 16:59:04,287 INFO T:177.14Â°K V:1.9229e+00V I:1.7588e-03A R:1.0933e+03ğ›€ E:5.9349e+01V/cm J:7.6971e-02A/cm2 ğ›’:7.7105e+02ğ›€ cm
2023-03-29 16:59:04,310 INFO Measurement at current 0.0018090452261306533
2023-03-29 16:59:04,906 INFO T:177.14Â°K V:1.9588e+00V I:1.8090e-03A R:1.0828e+03ğ›€ E:6.0458e+01V/cm J:7.9170e-02A/cm2 ğ›’:7.6364e+02ğ›€ cm
2023-03-29 16:59:04,924 INFO Measurement at current 0.0018592964824120603
2023-03-29 16:59:05,509 INFO T:177.14Â°K V:1.9870e+00V I:1.8593e-03A R:1.0687e+03ğ›€ E:6.1328e+01V/cm J:8.1370e-02A/cm2 ğ›’:7.5370e+02ğ›€ cm
2023-03-29 16:59:05,524 INFO Measurement at current 0.0019095477386934674
2023-03-29 16:59:06,108 INFO T:177.14Â°K V:2.0204e+00V I:1.9095e-03A R:1.0581e+03ğ›€ E:6.2359e+01V/cm J:8.3569e-02A/cm2 ğ›’:7.4619e+02ğ›€ cm
2023-03-29 16:59:06,132 INFO Measurement at current 0.001959798994974874
2023-03-29 16:59:06,717 INFO T:177.14Â°K V:2.0467e+00V I:1.9598e-03A R:1.0443e+03ğ›€ E:6.3168e+01V/cm J:8.5768e-02A/cm2 ğ›’:7.3650e+02ğ›€ cm
2023-03-29 16:59:06,741 INFO Measurement at current 0.0020100502512562816
2023-03-29 16:59:07,341 INFO T:177.14Â°K V:2.0705e+00V I:2.0101e-03A R:1.0301e+03ğ›€ E:6.3904e+01V/cm J:8.7967e-02A/cm2 ğ›’:7.2646e+02ğ›€ cm
2023-03-29 16:59:07,360 INFO Measurement at current 0.0020603015075376886
2023-03-29 16:59:07,970 INFO T:177.14Â°K V:2.1031e+00V I:2.0603e-03A R:1.0208e+03ğ›€ E:6.4912e+01V/cm J:9.0166e-02A/cm2 ğ›’:7.1991e+02ğ›€ cm
2023-03-29 16:59:07,987 INFO Measurement at current 0.0021105527638190956
2023-03-29 16:59:08,577 INFO T:177.14Â°K V:2.1310e+00V I:2.1106e-03A R:1.0097e+03ğ›€ E:6.5771e+01V/cm J:9.2366e-02A/cm2 ğ›’:7.1208e+02ğ›€ cm
2023-03-29 16:59:08,594 INFO Measurement at current 0.0021608040201005025
2023-03-29 16:59:09,180 INFO T:177.14Â°K V:2.1592e+00V I:2.1608e-03A R:9.9927e+02ğ›€ E:6.6643e+01V/cm J:9.4565e-02A/cm2 ğ›’:7.0473e+02ğ›€ cm
2023-03-29 16:59:09,205 INFO Measurement at current 0.0022110552763819095
2023-03-29 16:59:09,811 INFO T:177.13Â°K V:2.1863e+00V I:2.2111e-03A R:9.8880e+02ğ›€ E:6.7478e+01V/cm J:9.6764e-02A/cm2 ğ›’:6.9735e+02ğ›€ cm
2023-03-29 16:59:09,835 INFO Measurement at current 0.0022613065326633165
2023-03-29 16:59:10,436 INFO T:177.13Â°K V:2.2095e+00V I:2.2613e-03A R:9.7711e+02ğ›€ E:6.8195e+01V/cm J:9.8963e-02A/cm2 ğ›’:6.8910e+02ğ›€ cm
2023-03-29 16:59:10,466 INFO Measurement at current 0.0023115577889447235
2023-03-29 16:59:11,065 INFO T:177.13Â°K V:2.2494e+00V I:2.3116e-03A R:9.7309e+02ğ›€ E:6.9425e+01V/cm J:1.0116e-01A/cm2 ğ›’:6.8627e+02ğ›€ cm
2023-03-29 16:59:11,081 INFO Measurement at current 0.002361809045226131
2023-03-29 16:59:11,670 INFO T:177.13Â°K V:2.2776e+00V I:2.3618e-03A R:9.6436e+02ğ›€ E:7.0297e+01V/cm J:1.0336e-01A/cm2 ğ›’:6.8011e+02ğ›€ cm
2023-03-29 16:59:11,687 INFO Measurement at current 0.002412060301507538
2023-03-29 16:59:12,279 INFO T:177.13Â°K V:2.3119e+00V I:2.4121e-03A R:9.5848e+02ğ›€ E:7.1355e+01V/cm J:1.0556e-01A/cm2 ğ›’:6.7596e+02ğ›€ cm
2023-03-29 16:59:12,305 INFO Measurement at current 0.002462311557788945
2023-03-29 16:59:12,903 INFO T:177.13Â°K V:2.3478e+00V I:2.4623e-03A R:9.5349e+02ğ›€ E:7.2463e+01V/cm J:1.0776e-01A/cm2 ğ›’:6.7245e+02ğ›€ cm
2023-03-29 16:59:12,925 INFO Measurement at current 0.002512562814070352
2023-03-29 16:59:13,525 INFO T:177.13Â°K V:2.3751e+00V I:2.5126e-03A R:9.4529e+02ğ›€ E:7.3305e+01V/cm J:1.0996e-01A/cm2 ğ›’:6.6666e+02ğ›€ cm
2023-03-29 16:59:13,541 INFO Measurement at current 0.0025628140703517588
2023-03-29 16:59:14,127 INFO T:177.13Â°K V:2.4169e+00V I:2.5628e-03A R:9.4307e+02ğ›€ E:7.4596e+01V/cm J:1.1216e-01A/cm2 ğ›’:6.6510e+02ğ›€ cm
2023-03-29 16:59:14,150 INFO Measurement at current 0.0026130653266331657
2023-03-29 16:59:14,743 INFO T:177.13Â°K V:2.3845e+00V I:2.6131e-03A R:9.1254e+02ğ›€ E:7.3597e+01V/cm J:1.1436e-01A/cm2 ğ›’:6.4357e+02ğ›€ cm
2023-03-29 16:59:14,762 INFO Measurement at current 0.0026633165829145727
2023-03-29 16:59:15,355 INFO T:177.13Â°K V:2.4097e+00V I:2.6633e-03A R:9.0478e+02ğ›€ E:7.4374e+01V/cm J:1.1656e-01A/cm2 ğ›’:6.3810e+02ğ›€ cm
2023-03-29 16:59:15,376 INFO Measurement at current 0.00271356783919598
2023-03-29 16:59:15,982 INFO T:177.13Â°K V:2.4264e+00V I:2.7136e-03A R:8.9416e+02ğ›€ E:7.4888e+01V/cm J:1.1876e-01A/cm2 ğ›’:6.3060e+02ğ›€ cm
2023-03-29 16:59:16,006 INFO Measurement at current 0.002763819095477387
2023-03-29 16:59:16,600 INFO T:177.12Â°K V:2.4704e+00V I:2.7638e-03A R:8.9383e+02ğ›€ E:7.6247e+01V/cm J:1.2095e-01A/cm2 ğ›’:6.3037e+02ğ›€ cm
2023-03-29 16:59:16,616 INFO Measurement at current 0.002814070351758794
2023-03-29 16:59:17,202 INFO T:177.12Â°K V:2.4894e+00V I:2.8141e-03A R:8.8464e+02ğ›€ E:7.6834e+01V/cm J:1.2315e-01A/cm2 ğ›’:6.2389e+02ğ›€ cm
2023-03-29 16:59:17,220 INFO Measurement at current 0.002864321608040201
2023-03-29 16:59:17,804 INFO T:177.12Â°K V:2.4879e+00V I:2.8643e-03A R:8.6858e+02ğ›€ E:7.6787e+01V/cm J:1.2535e-01A/cm2 ğ›’:6.1256e+02ğ›€ cm
2023-03-29 16:59:17,822 INFO Measurement at current 0.002914572864321608
2023-03-29 16:59:18,425 INFO T:177.12Â°K V:2.5032e+00V I:2.9146e-03A R:8.5885e+02ğ›€ E:7.7258e+01V/cm J:1.2755e-01A/cm2 ğ›’:6.0570e+02ğ›€ cm
2023-03-29 16:59:18,452 INFO Measurement at current 0.002964824120603015
2023-03-29 16:59:19,043 INFO T:177.12Â°K V:2.5215e+00V I:2.9648e-03A R:8.5047e+02ğ›€ E:7.7824e+01V/cm J:1.2975e-01A/cm2 ğ›’:5.9979e+02ğ›€ cm
2023-03-29 16:59:19,066 INFO Measurement at current 0.003015075376884422
2023-03-29 16:59:19,658 INFO T:177.12Â°K V:2.4945e+00V I:3.0151e-03A R:8.2733e+02ğ›€ E:7.6990e+01V/cm J:1.3195e-01A/cm2 ğ›’:5.8348e+02ğ›€ cm
2023-03-29 16:59:19,673 INFO Measurement at current 0.0030653266331658294
2023-03-29 16:59:20,265 INFO T:177.12Â°K V:2.5028e+00V I:3.0653e-03A R:8.1649e+02ğ›€ E:7.7248e+01V/cm J:1.3415e-01A/cm2 ğ›’:5.7583e+02ğ›€ cm
2023-03-29 16:59:20,291 INFO Measurement at current 0.0031155778894472364
2023-03-29 16:59:20,883 INFO T:177.12Â°K V:2.5147e+00V I:3.1156e-03A R:8.0714e+02ğ›€ E:7.7614e+01V/cm J:1.3635e-01A/cm2 ğ›’:5.6923e+02ğ›€ cm
2023-03-29 16:59:20,899 INFO Measurement at current 0.0031658291457286433
2023-03-29 16:59:21,493 INFO T:177.12Â°K V:2.5201e+00V I:3.1658e-03A R:7.9605e+02ğ›€ E:7.7782e+01V/cm J:1.3855e-01A/cm2 ğ›’:5.6141e+02ğ›€ cm
2023-03-29 16:59:21,511 INFO Measurement at current 0.0032160804020100503
2023-03-29 16:59:22,096 INFO T:177.12Â°K V:2.5308e+00V I:3.2161e-03A R:7.8692e+02ğ›€ E:7.8111e+01V/cm J:1.4075e-01A/cm2 ğ›’:5.5497e+02ğ›€ cm
2023-03-29 16:59:22,115 INFO Measurement at current 0.0032663316582914573
2023-03-29 16:59:22,712 INFO T:177.11Â°K V:2.5562e+00V I:3.2663e-03A R:7.8260e+02ğ›€ E:7.8896e+01V/cm J:1.4295e-01A/cm2 ğ›’:5.5193e+02ğ›€ cm
2023-03-29 16:59:22,734 INFO Measurement at current 0.0033165829145728643
2023-03-29 16:59:23,329 INFO T:177.11Â°K V:2.6073e+00V I:3.3166e-03A R:7.8613e+02ğ›€ E:8.0471e+01V/cm J:1.4515e-01A/cm2 ğ›’:5.5442e+02ğ›€ cm
2023-03-29 16:59:23,347 INFO Measurement at current 0.0033668341708542712
2023-03-29 16:59:23,937 INFO T:177.11Â°K V:2.6266e+00V I:3.3668e-03A R:7.8014e+02ğ›€ E:8.1068e+01V/cm J:1.4735e-01A/cm2 ğ›’:5.5019e+02ğ›€ cm
2023-03-29 16:59:23,957 INFO Measurement at current 0.0034170854271356787
2023-03-29 16:59:24,558 INFO T:177.11Â°K V:2.6252e+00V I:3.4171e-03A R:7.6825e+02ğ›€ E:8.1024e+01V/cm J:1.4954e-01A/cm2 ğ›’:5.4180e+02ğ›€ cm
2023-03-29 16:59:24,578 INFO Measurement at current 0.0034673366834170856
2023-03-29 16:59:25,164 INFO T:177.11Â°K V:2.6484e+00V I:3.4673e-03A R:7.6381e+02ğ›€ E:8.1740e+01V/cm J:1.5174e-01A/cm2 ğ›’:5.3867e+02ğ›€ cm
2023-03-29 16:59:25,181 INFO Measurement at current 0.0035175879396984926
2023-03-29 16:59:25,773 INFO T:177.11Â°K V:2.6514e+00V I:3.5176e-03A R:7.5375e+02ğ›€ E:8.1833e+01V/cm J:1.5394e-01A/cm2 ğ›’:5.3158e+02ğ›€ cm
2023-03-29 16:59:25,792 INFO Measurement at current 0.0035678391959798996
2023-03-29 16:59:26,391 INFO T:177.11Â°K V:2.6612e+00V I:3.5678e-03A R:7.4587e+02ğ›€ E:8.2135e+01V/cm J:1.5614e-01A/cm2 ğ›’:5.2603e+02ğ›€ cm
2023-03-29 16:59:26,411 INFO Measurement at current 0.0036180904522613066
2023-03-29 16:59:27,002 INFO T:177.11Â°K V:2.6669e+00V I:3.6181e-03A R:7.3709e+02ğ›€ E:8.2311e+01V/cm J:1.5834e-01A/cm2 ğ›’:5.1983e+02ğ›€ cm
2023-03-29 16:59:27,021 INFO Measurement at current 0.0036683417085427135
2023-03-29 16:59:27,608 INFO T:177.11Â°K V:2.6759e+00V I:3.6683e-03A R:7.2945e+02ğ›€ E:8.2588e+01V/cm J:1.6054e-01A/cm2 ğ›’:5.1444e+02ğ›€ cm
2023-03-29 16:59:27,626 INFO Measurement at current 0.0037185929648241205
2023-03-29 16:59:28,221 INFO T:177.11Â°K V:2.6814e+00V I:3.7186e-03A R:7.2109e+02ğ›€ E:8.2761e+01V/cm J:1.6274e-01A/cm2 ğ›’:5.0855e+02ğ›€ cm
2023-03-29 16:59:28,241 INFO Measurement at current 0.003768844221105528
2023-03-29 16:59:28,841 INFO T:177.11Â°K V:2.6758e+00V I:3.7688e-03A R:7.0998e+02ğ›€ E:8.2587e+01V/cm J:1.6494e-01A/cm2 ğ›’:5.0071e+02ğ›€ cm
2023-03-29 16:59:28,884 INFO Measurement at current 0.003819095477386935
2023-03-29 16:59:29,475 INFO T:177.10Â°K V:2.6876e+00V I:3.8191e-03A R:7.0372e+02ğ›€ E:8.2949e+01V/cm J:1.6714e-01A/cm2 ğ›’:4.9629e+02ğ›€ cm
2023-03-29 16:59:29,494 INFO Measurement at current 0.003869346733668342
2023-03-29 16:59:30,084 INFO T:177.10Â°K V:2.6885e+00V I:3.8693e-03A R:6.9483e+02ğ›€ E:8.2980e+01V/cm J:1.6934e-01A/cm2 ğ›’:4.9003e+02ğ›€ cm
2023-03-29 16:59:30,110 INFO Measurement at current 0.003919597989949748
2023-03-29 16:59:30,700 INFO T:177.10Â°K V:2.7009e+00V I:3.9196e-03A R:6.8908e+02ğ›€ E:8.3361e+01V/cm J:1.7154e-01A/cm2 ğ›’:4.8597e+02ğ›€ cm
2023-03-29 16:59:30,716 INFO Measurement at current 0.003969849246231156
2023-03-29 16:59:31,302 INFO T:177.10Â°K V:2.7151e+00V I:3.9698e-03A R:6.8393e+02ğ›€ E:8.3799e+01V/cm J:1.7374e-01A/cm2 ğ›’:4.8234e+02ğ›€ cm
2023-03-29 16:59:31,318 INFO Measurement at current 0.004020100502512563
2023-03-29 16:59:31,935 INFO T:177.10Â°K V:2.7280e+00V I:4.0201e-03A R:6.7859e+02ğ›€ E:8.4197e+01V/cm J:1.7593e-01A/cm2 ğ›’:4.7857e+02ğ›€ cm
2023-03-29 16:59:31,956 INFO Measurement at current 0.00407035175879397
2023-03-29 16:59:32,552 INFO T:177.10Â°K V:2.7449e+00V I:4.0704e-03A R:6.7437e+02ğ›€ E:8.4720e+01V/cm J:1.7813e-01A/cm2 ğ›’:4.7560e+02ğ›€ cm
2023-03-29 16:59:32,569 INFO Measurement at current 0.004120603015075377
2023-03-29 16:59:33,163 INFO T:177.10Â°K V:2.7528e+00V I:4.1206e-03A R:6.6806e+02ğ›€ E:8.4963e+01V/cm J:1.8033e-01A/cm2 ğ›’:4.7114e+02ğ›€ cm
2023-03-29 16:59:33,183 INFO Measurement at current 0.004170854271356784
2023-03-29 16:59:33,771 INFO T:177.10Â°K V:2.7619e+00V I:4.1709e-03A R:6.6218e+02ğ›€ E:8.5243e+01V/cm J:1.8253e-01A/cm2 ğ›’:4.6700e+02ğ›€ cm
2023-03-29 16:59:33,790 INFO Measurement at current 0.004221105527638191
2023-03-29 16:59:34,394 INFO T:177.10Â°K V:2.7640e+00V I:4.2211e-03A R:6.5481e+02ğ›€ E:8.5309e+01V/cm J:1.8473e-01A/cm2 ğ›’:4.6180e+02ğ›€ cm
2023-03-29 16:59:34,412 INFO Measurement at current 0.004271356783919598
2023-03-29 16:59:35,000 INFO T:177.10Â°K V:2.7757e+00V I:4.2714e-03A R:6.4985e+02ğ›€ E:8.5671e+01V/cm J:1.8693e-01A/cm2 ğ›’:4.5831e+02ğ›€ cm
2023-03-29 16:59:35,031 INFO Measurement at current 0.004321608040201005
2023-03-29 16:59:35,623 INFO T:177.09Â°K V:2.7828e+00V I:4.3216e-03A R:6.4393e+02ğ›€ E:8.5890e+01V/cm J:1.8913e-01A/cm2 ğ›’:4.5413e+02ğ›€ cm
2023-03-29 16:59:35,643 INFO Measurement at current 0.004371859296482412
2023-03-29 16:59:36,237 INFO T:177.09Â°K V:2.7876e+00V I:4.3719e-03A R:6.3762e+02ğ›€ E:8.6036e+01V/cm J:1.9133e-01A/cm2 ğ›’:4.4968e+02ğ›€ cm
2023-03-29 16:59:36,259 INFO Measurement at current 0.004422110552763819
2023-03-29 16:59:36,846 INFO T:177.09Â°K V:2.7929e+00V I:4.4221e-03A R:6.3159e+02ğ›€ E:8.6202e+01V/cm J:1.9353e-01A/cm2 ğ›’:4.4542e+02ğ›€ cm
2023-03-29 16:59:36,862 INFO Measurement at current 0.004472361809045226
2023-03-29 16:59:37,446 INFO T:177.09Â°K V:2.8028e+00V I:4.4724e-03A R:6.2669e+02ğ›€ E:8.6506e+01V/cm J:1.9573e-01A/cm2 ğ›’:4.4197e+02ğ›€ cm
2023-03-29 16:59:37,481 INFO Measurement at current 0.004522613065326633
2023-03-29 16:59:38,082 INFO T:177.09Â°K V:2.8394e+00V I:4.5226e-03A R:6.2783e+02ğ›€ E:8.7637e+01V/cm J:1.9793e-01A/cm2 ğ›’:4.4277e+02ğ›€ cm
2023-03-29 16:59:38,114 INFO Measurement at current 0.00457286432160804
2023-03-29 16:59:38,703 INFO T:177.09Â°K V:2.8485e+00V I:4.5729e-03A R:6.2292e+02ğ›€ E:8.7918e+01V/cm J:2.0013e-01A/cm2 ğ›’:4.3931e+02ğ›€ cm
2023-03-29 16:59:38,724 INFO Measurement at current 0.004623115577889447
2023-03-29 16:59:39,315 INFO T:177.09Â°K V:2.8616e+00V I:4.6231e-03A R:6.1898e+02ğ›€ E:8.8321e+01V/cm J:2.0232e-01A/cm2 ğ›’:4.3653e+02ğ›€ cm
2023-03-29 16:59:39,333 INFO Measurement at current 0.004673366834170855
2023-03-29 16:59:39,924 INFO T:177.09Â°K V:2.8741e+00V I:4.6734e-03A R:6.1500e+02ğ›€ E:8.8708e+01V/cm J:2.0452e-01A/cm2 ğ›’:4.3373e+02ğ›€ cm
2023-03-29 16:59:39,942 INFO Measurement at current 0.004723618090452262
2023-03-29 16:59:40,555 INFO T:177.09Â°K V:2.8898e+00V I:4.7236e-03A R:6.1178e+02ğ›€ E:8.9192e+01V/cm J:2.0672e-01A/cm2 ğ›’:4.3146e+02ğ›€ cm
2023-03-29 16:59:40,583 INFO Measurement at current 0.004773869346733669
2023-03-29 16:59:41,181 INFO T:177.09Â°K V:2.9070e+00V I:4.7739e-03A R:6.0893e+02ğ›€ E:8.9721e+01V/cm J:2.0892e-01A/cm2 ğ›’:4.2945e+02ğ›€ cm
2023-03-29 16:59:41,197 INFO Measurement at current 0.004824120603015076
2023-03-29 16:59:41,784 INFO T:177.09Â°K V:2.9149e+00V I:4.8241e-03A R:6.0424e+02ğ›€ E:8.9968e+01V/cm J:2.1112e-01A/cm2 ğ›’:4.2614e+02ğ›€ cm
2023-03-29 16:59:41,800 INFO Measurement at current 0.004874371859296483
2023-03-29 16:59:42,391 INFO T:177.08Â°K V:2.9220e+00V I:4.8744e-03A R:5.9947e+02ğ›€ E:9.0186e+01V/cm J:2.1332e-01A/cm2 ğ›’:4.2277e+02ğ›€ cm
2023-03-29 16:59:42,414 INFO Measurement at current 0.00492462311557789
2023-03-29 16:59:43,001 INFO T:177.08Â°K V:2.3954e+00V I:4.9246e-03A R:4.8641e+02ğ›€ E:7.3932e+01V/cm J:2.1552e-01A/cm2 ğ›’:3.4304e+02ğ›€ cm
2023-03-29 16:59:43,019 INFO Measurement at current 0.004974874371859297
2023-03-29 16:59:43,611 INFO T:177.08Â°K V:2.4008e+00V I:4.9749e-03A R:4.8258e+02ğ›€ E:7.4097e+01V/cm J:2.1772e-01A/cm2 ğ›’:3.4033e+02ğ›€ cm
2023-03-29 16:59:43,631 INFO Measurement at current 0.005025125628140704
2023-03-29 16:59:44,223 INFO T:177.08Â°K V:2.4063e+00V I:5.0251e-03A R:4.7885e+02ğ›€ E:7.4268e+01V/cm J:2.1992e-01A/cm2 ğ›’:3.3771e+02ğ›€ cm
2023-03-29 16:59:44,246 INFO Measurement at current 0.005075376884422111
2023-03-29 16:59:44,847 INFO T:177.08Â°K V:2.4137e+00V I:5.0754e-03A R:4.7557e+02ğ›€ E:7.4496e+01V/cm J:2.2212e-01A/cm2 ğ›’:3.3539e+02ğ›€ cm
2023-03-29 16:59:44,864 INFO Measurement at current 0.0051256281407035175
2023-03-29 16:59:45,471 INFO T:177.08Â°K V:2.4279e+00V I:5.1256e-03A R:4.7368e+02ğ›€ E:7.4935e+01V/cm J:2.2432e-01A/cm2 ğ›’:3.3406e+02ğ›€ cm
2023-03-29 16:59:45,499 INFO Measurement at current 0.0051758793969849245
2023-03-29 16:59:46,094 INFO T:177.08Â°K V:2.4321e+00V I:5.1759e-03A R:4.6989e+02ğ›€ E:7.5064e+01V/cm J:2.2652e-01A/cm2 ğ›’:3.3139e+02ğ›€ cm
2023-03-29 16:59:46,113 INFO Measurement at current 0.0052261306532663315
2023-03-29 16:59:46,699 INFO T:177.08Â°K V:2.4350e+00V I:5.2261e-03A R:4.6593e+02ğ›€ E:7.5154e+01V/cm J:2.2871e-01A/cm2 ğ›’:3.2859e+02ğ›€ cm
2023-03-29 16:59:46,719 INFO Measurement at current 0.0052763819095477385
2023-03-29 16:59:47,321 INFO T:177.08Â°K V:2.4402e+00V I:5.2764e-03A R:4.6247e+02ğ›€ E:7.5313e+01V/cm J:2.3091e-01A/cm2 ğ›’:3.2615e+02ğ›€ cm
2023-03-29 16:59:47,342 INFO Measurement at current 0.0053266331658291454
2023-03-29 16:59:47,930 INFO T:177.08Â°K V:2.4468e+00V I:5.3266e-03A R:4.5934e+02ğ›€ E:7.5517e+01V/cm J:2.3311e-01A/cm2 ğ›’:3.2395e+02ğ›€ cm
2023-03-29 16:59:47,950 INFO Measurement at current 0.005376884422110553
2023-03-29 16:59:48,557 INFO T:177.08Â°K V:2.4428e+00V I:5.3769e-03A R:4.5432e+02ğ›€ E:7.5397e+01V/cm J:2.3531e-01A/cm2 ğ›’:3.2041e+02ğ›€ cm
2023-03-29 16:59:48,577 INFO Measurement at current 0.00542713567839196
2023-03-29 16:59:49,163 INFO T:177.08Â°K V:2.4335e+00V I:5.4271e-03A R:4.4840e+02ğ›€ E:7.5109e+01V/cm J:2.3751e-01A/cm2 ğ›’:3.1623e+02ğ›€ cm
2023-03-29 16:59:49,184 INFO Measurement at current 0.005477386934673367
2023-03-29 16:59:49,776 INFO T:177.07Â°K V:2.4338e+00V I:5.4774e-03A R:4.4434e+02ğ›€ E:7.5117e+01V/cm J:2.3971e-01A/cm2 ğ›’:3.1337e+02ğ›€ cm
2023-03-29 16:59:49,797 INFO Measurement at current 0.005527638190954774
2023-03-29 16:59:50,389 INFO T:177.07Â°K V:2.4319e+00V I:5.5276e-03A R:4.3994e+02ğ›€ E:7.5057e+01V/cm J:2.4191e-01A/cm2 ğ›’:3.1027e+02ğ›€ cm
2023-03-29 16:59:50,407 INFO Measurement at current 0.005577889447236181
2023-03-29 16:59:51,003 INFO T:177.07Â°K V:2.4458e+00V I:5.5779e-03A R:4.3847e+02ğ›€ E:7.5486e+01V/cm J:2.4411e-01A/cm2 ğ›’:3.0923e+02ğ›€ cm
2023-03-29 16:59:51,021 INFO Measurement at current 0.005628140703517588
2023-03-29 16:59:51,610 INFO T:177.07Â°K V:2.4403e+00V I:5.6281e-03A R:4.3359e+02ğ›€ E:7.5319e+01V/cm J:2.4631e-01A/cm2 ğ›’:3.0579e+02ğ›€ cm
2023-03-29 16:59:51,629 INFO Measurement at current 0.005678391959798995
2023-03-29 16:59:52,232 INFO T:177.07Â°K V:2.4369e+00V I:5.6784e-03A R:4.2916e+02ğ›€ E:7.5214e+01V/cm J:2.4851e-01A/cm2 ğ›’:3.0266e+02ğ›€ cm
2023-03-29 16:59:52,261 INFO Measurement at current 0.005728643216080402
2023-03-29 16:59:52,849 INFO T:177.07Â°K V:2.4388e+00V I:5.7286e-03A R:4.2573e+02ğ›€ E:7.5273e+01V/cm J:2.5071e-01A/cm2 ğ›’:3.0024e+02ğ›€ cm
2023-03-29 16:59:52,875 INFO Measurement at current 0.005778894472361809
2023-03-29 16:59:53,464 INFO T:177.07Â°K V:2.4368e+00V I:5.7789e-03A R:4.2168e+02ğ›€ E:7.5210e+01V/cm J:2.5291e-01A/cm2 ğ›’:2.9739e+02ğ›€ cm
2023-03-29 16:59:53,492 INFO Measurement at current 0.005829145728643216
2023-03-29 16:59:54,079 INFO T:177.07Â°K V:2.4154e+00V I:5.8291e-03A R:4.1436e+02ğ›€ E:7.4548e+01V/cm J:2.5510e-01A/cm2 ğ›’:2.9223e+02ğ›€ cm
2023-03-29 16:59:54,101 INFO Measurement at current 0.005879396984924623
2023-03-29 16:59:54,686 INFO T:177.07Â°K V:2.4287e+00V I:5.8794e-03A R:4.1308e+02ğ›€ E:7.4959e+01V/cm J:2.5730e-01A/cm2 ğ›’:2.9132e+02ğ›€ cm
2023-03-29 16:59:54,704 INFO Measurement at current 0.00592964824120603
2023-03-29 16:59:55,304 INFO T:177.07Â°K V:2.4255e+00V I:5.9296e-03A R:4.0904e+02ğ›€ E:7.4860e+01V/cm J:2.5950e-01A/cm2 ğ›’:2.8847e+02ğ›€ cm
2023-03-29 16:59:55,330 INFO Measurement at current 0.005979899497487437
2023-03-29 16:59:55,921 INFO T:177.07Â°K V:2.4164e+00V I:5.9799e-03A R:4.0409e+02ğ›€ E:7.4582e+01V/cm J:2.6170e-01A/cm2 ğ›’:2.8499e+02ğ›€ cm
2023-03-29 16:59:55,936 INFO Measurement at current 0.006030150753768844
2023-03-29 16:59:56,524 INFO T:177.07Â°K V:2.4197e+00V I:6.0302e-03A R:4.0126e+02ğ›€ E:7.4681e+01V/cm J:2.6390e-01A/cm2 ğ›’:2.8299e+02ğ›€ cm
2023-03-29 16:59:56,542 INFO Measurement at current 0.006080402010050252
2023-03-29 16:59:57,128 INFO T:177.06Â°K V:2.4199e+00V I:6.0804e-03A R:3.9798e+02ğ›€ E:7.4688e+01V/cm J:2.6610e-01A/cm2 ğ›’:2.8068e+02ğ›€ cm
2023-03-29 16:59:57,144 INFO Measurement at current 0.006130653266331659
2023-03-29 16:59:57,731 INFO T:177.06Â°K V:2.4124e+00V I:6.1307e-03A R:3.9349e+02ğ›€ E:7.4456e+01V/cm J:2.6830e-01A/cm2 ğ›’:2.7751e+02ğ›€ cm
2023-03-29 16:59:57,749 INFO Measurement at current 0.006180904522613066
2023-03-29 16:59:58,333 INFO T:177.06Â°K V:2.4062e+00V I:6.1809e-03A R:3.8930e+02ğ›€ E:7.4267e+01V/cm J:2.7050e-01A/cm2 ğ›’:2.7456e+02ğ›€ cm
2023-03-29 16:59:58,353 INFO Measurement at current 0.006231155778894473
2023-03-29 16:59:58,951 INFO T:177.06Â°K V:2.4098e+00V I:6.2312e-03A R:3.8674e+02ğ›€ E:7.4378e+01V/cm J:2.7270e-01A/cm2 ğ›’:2.7275e+02ğ›€ cm
2023-03-29 16:59:58,974 INFO Measurement at current 0.00628140703517588
2023-03-29 16:59:59,562 INFO T:177.06Â°K V:2.4145e+00V I:6.2814e-03A R:3.8438e+02ğ›€ E:7.4520e+01V/cm J:2.7490e-01A/cm2 ğ›’:2.7108e+02ğ›€ cm
2023-03-29 16:59:59,585 INFO Measurement at current 0.006331658291457287
2023-03-29 17:00:00,169 INFO T:177.06Â°K V:2.4307e+00V I:6.3317e-03A R:3.8390e+02ğ›€ E:7.5022e+01V/cm J:2.7710e-01A/cm2 ğ›’:2.7074e+02ğ›€ cm
2023-03-29 17:00:00,186 INFO Measurement at current 0.006381909547738694
2023-03-29 17:00:00,771 INFO T:177.06Â°K V:2.4360e+00V I:6.3819e-03A R:3.8170e+02ğ›€ E:7.5184e+01V/cm J:2.7930e-01A/cm2 ğ›’:2.6919e+02ğ›€ cm
2023-03-29 17:00:00,790 INFO Measurement at current 0.006432160804020101
2023-03-29 17:00:01,376 INFO T:177.06Â°K V:2.4381e+00V I:6.4322e-03A R:3.7905e+02ğ›€ E:7.5250e+01V/cm J:2.8150e-01A/cm2 ğ›’:2.6732e+02ğ›€ cm
2023-03-29 17:00:01,391 INFO Measurement at current 0.006482412060301508
2023-03-29 17:00:01,979 INFO T:177.06Â°K V:2.4405e+00V I:6.4824e-03A R:3.7648e+02ğ›€ E:7.5324e+01V/cm J:2.8369e-01A/cm2 ğ›’:2.6551e+02ğ›€ cm
2023-03-29 17:00:02,000 INFO Measurement at current 0.006532663316582915
2023-03-29 17:00:02,594 INFO T:177.06Â°K V:2.4456e+00V I:6.5327e-03A R:3.7436e+02ğ›€ E:7.5481e+01V/cm J:2.8589e-01A/cm2 ğ›’:2.6402e+02ğ›€ cm
2023-03-29 17:00:02,615 INFO Measurement at current 0.0065829145728643216
2023-03-29 17:00:03,210 INFO T:177.06Â°K V:2.4477e+00V I:6.5829e-03A R:3.7183e+02ğ›€ E:7.5547e+01V/cm J:2.8809e-01A/cm2 ğ›’:2.6223e+02ğ›€ cm
2023-03-29 17:00:03,230 INFO Measurement at current 0.0066331658291457285
2023-03-29 17:00:03,820 INFO T:177.05Â°K V:2.4514e+00V I:6.6332e-03A R:3.6956e+02ğ›€ E:7.5659e+01V/cm J:2.9029e-01A/cm2 ğ›’:2.6063e+02ğ›€ cm
2023-03-29 17:00:03,838 INFO Measurement at current 0.0066834170854271355
2023-03-29 17:00:04,431 INFO T:177.05Â°K V:2.4465e+00V I:6.6834e-03A R:3.6605e+02ğ›€ E:7.5508e+01V/cm J:2.9249e-01A/cm2 ğ›’:2.5816e+02ğ›€ cm
2023-03-29 17:00:04,449 INFO Measurement at current 0.0067336683417085425
2023-03-29 17:00:05,050 INFO T:177.05Â°K V:2.4258e+00V I:6.7337e-03A R:3.6025e+02ğ›€ E:7.4871e+01V/cm J:2.9469e-01A/cm2 ğ›’:2.5407e+02ğ›€ cm
2023-03-29 17:00:05,083 INFO Measurement at current 0.0067839195979899495
2023-03-29 17:00:05,674 INFO T:177.05Â°K V:2.4076e+00V I:6.7839e-03A R:3.5489e+02ğ›€ E:7.4307e+01V/cm J:2.9689e-01A/cm2 ğ›’:2.5029e+02ğ›€ cm
2023-03-29 17:00:05,708 INFO Measurement at current 0.006834170854271357
2023-03-29 17:00:06,311 INFO T:177.05Â°K V:2.4005e+00V I:6.8342e-03A R:3.5125e+02ğ›€ E:7.4089e+01V/cm J:2.9909e-01A/cm2 ğ›’:2.4772e+02ğ›€ cm
2023-03-29 17:00:06,342 INFO Measurement at current 0.006884422110552764
2023-03-29 17:00:06,930 INFO T:177.05Â°K V:2.3903e+00V I:6.8844e-03A R:3.4720e+02ğ›€ E:7.3775e+01V/cm J:3.0129e-01A/cm2 ğ›’:2.4486e+02ğ›€ cm
2023-03-29 17:00:06,945 INFO Measurement at current 0.006934673366834171
2023-03-29 17:00:07,534 INFO T:177.05Â°K V:2.3825e+00V I:6.9347e-03A R:3.4356e+02ğ›€ E:7.3534e+01V/cm J:3.0349e-01A/cm2 ğ›’:2.4230e+02ğ›€ cm
2023-03-29 17:00:07,549 INFO Measurement at current 0.006984924623115578
2023-03-29 17:00:08,146 INFO T:177.05Â°K V:2.3774e+00V I:6.9849e-03A R:3.4036e+02ğ›€ E:7.3376e+01V/cm J:3.0569e-01A/cm2 ğ›’:2.4004e+02ğ›€ cm
2023-03-29 17:00:08,162 INFO Measurement at current 0.007035175879396985
2023-03-29 17:00:08,756 INFO T:177.05Â°K V:2.3759e+00V I:7.0352e-03A R:3.3771e+02ğ›€ E:7.3329e+01V/cm J:3.0789e-01A/cm2 ğ›’:2.3817e+02ğ›€ cm
2023-03-29 17:00:08,772 INFO Measurement at current 0.007085427135678392
2023-03-29 17:00:09,363 INFO T:177.05Â°K V:2.3878e+00V I:7.0854e-03A R:3.3700e+02ğ›€ E:7.3696e+01V/cm J:3.1008e-01A/cm2 ğ›’:2.3766e+02ğ›€ cm
2023-03-29 17:00:09,378 INFO Measurement at current 0.007135678391959799
2023-03-29 17:00:09,972 INFO T:177.05Â°K V:2.3771e+00V I:7.1357e-03A R:3.3312e+02ğ›€ E:7.3366e+01V/cm J:3.1228e-01A/cm2 ğ›’:2.3493e+02ğ›€ cm
2023-03-29 17:00:09,987 INFO Measurement at current 0.007185929648241206
2023-03-29 17:00:10,584 INFO T:177.05Â°K V:2.3580e+00V I:7.1859e-03A R:3.2815e+02ğ›€ E:7.2779e+01V/cm J:3.1448e-01A/cm2 ğ›’:2.3142e+02ğ›€ cm
2023-03-29 17:00:10,609 INFO Measurement at current 0.007236180904522613
2023-03-29 17:00:11,213 INFO T:177.04Â°K V:2.3532e+00V I:7.2362e-03A R:3.2520e+02ğ›€ E:7.2630e+01V/cm J:3.1668e-01A/cm2 ğ›’:2.2935e+02ğ›€ cm
2023-03-29 17:00:11,233 INFO Measurement at current 0.00728643216080402
2023-03-29 17:00:11,840 INFO T:177.04Â°K V:2.3645e+00V I:7.2864e-03A R:3.2451e+02ğ›€ E:7.2979e+01V/cm J:3.1888e-01A/cm2 ğ›’:2.2886e+02ğ›€ cm
2023-03-29 17:00:11,870 INFO Measurement at current 0.007336683417085427
2023-03-29 17:00:12,471 INFO T:177.04Â°K V:2.3634e+00V I:7.3367e-03A R:3.2214e+02ğ›€ E:7.2946e+01V/cm J:3.2108e-01A/cm2 ğ›’:2.2719e+02ğ›€ cm
2023-03-29 17:00:12,510 INFO Measurement at current 0.007386934673366834
2023-03-29 17:00:13,109 INFO T:177.04Â°K V:2.3637e+00V I:7.3869e-03A R:3.1999e+02ğ›€ E:7.2955e+01V/cm J:3.2328e-01A/cm2 ğ›’:2.2567e+02ğ›€ cm
2023-03-29 17:00:13,135 INFO Measurement at current 0.007437185929648241
2023-03-29 17:00:13,753 INFO T:177.04Â°K V:2.3844e+00V I:7.4372e-03A R:3.2060e+02ğ›€ E:7.3592e+01V/cm J:3.2548e-01A/cm2 ğ›’:2.2610e+02ğ›€ cm
2023-03-29 17:00:13,772 INFO Measurement at current 0.007487437185929648
2023-03-29 17:00:14,370 INFO T:177.04Â°K V:2.3878e+00V I:7.4874e-03A R:3.1891e+02ğ›€ E:7.3699e+01V/cm J:3.2768e-01A/cm2 ğ›’:2.2491e+02ğ›€ cm
2023-03-29 17:00:14,390 INFO Measurement at current 0.007537688442211056
2023-03-29 17:00:14,994 INFO T:177.04Â°K V:2.3614e+00V I:7.5377e-03A R:3.1328e+02ğ›€ E:7.2884e+01V/cm J:3.2988e-01A/cm2 ğ›’:2.2094e+02ğ›€ cm
2023-03-29 17:00:15,033 INFO Measurement at current 0.007587939698492463
2023-03-29 17:00:15,638 INFO T:177.04Â°K V:2.3660e+00V I:7.5879e-03A R:3.1180e+02ğ›€ E:7.3023e+01V/cm J:3.3208e-01A/cm2 ğ›’:2.1990e+02ğ›€ cm
2023-03-29 17:00:15,671 INFO Measurement at current 0.00763819095477387
2023-03-29 17:00:16,279 INFO T:177.04Â°K V:2.3674e+00V I:7.6382e-03A R:3.0994e+02ğ›€ E:7.3067e+01V/cm J:3.3428e-01A/cm2 ğ›’:2.1858e+02ğ›€ cm
2023-03-29 17:00:16,307 INFO Measurement at current 0.007688442211055277
2023-03-29 17:00:16,906 INFO T:177.04Â°K V:2.3739e+00V I:7.6884e-03A R:3.0876e+02ğ›€ E:7.3267e+01V/cm J:3.3647e-01A/cm2 ğ›’:2.1775e+02ğ›€ cm
2023-03-29 17:00:16,935 INFO Measurement at current 0.007738693467336684
2023-03-29 17:00:17,530 INFO T:177.04Â°K V:2.3782e+00V I:7.7387e-03A R:3.0732e+02ğ›€ E:7.3402e+01V/cm J:3.3867e-01A/cm2 ğ›’:2.1673e+02ğ›€ cm
2023-03-29 17:00:17,553 INFO Measurement at current 0.007788944723618091
2023-03-29 17:00:18,153 INFO T:177.03Â°K V:2.3669e+00V I:7.7889e-03A R:3.0388e+02ğ›€ E:7.3053e+01V/cm J:3.4087e-01A/cm2 ğ›’:2.1431e+02ğ›€ cm
2023-03-29 17:00:18,189 INFO Measurement at current 0.007839195979899497
2023-03-29 17:00:18,786 INFO T:177.03Â°K V:2.3672e+00V I:7.8392e-03A R:3.0197e+02ğ›€ E:7.3062e+01V/cm J:3.4307e-01A/cm2 ğ›’:2.1296e+02ğ›€ cm
2023-03-29 17:00:18,813 INFO Measurement at current 0.007889447236180906
2023-03-29 17:00:19,405 INFO T:177.03Â°K V:2.4059e+00V I:7.8894e-03A R:3.0495e+02ğ›€ E:7.4256e+01V/cm J:3.4527e-01A/cm2 ğ›’:2.1507e+02ğ›€ cm
2023-03-29 17:00:19,429 INFO Measurement at current 0.007939698492462312
2023-03-29 17:00:20,032 INFO T:177.03Â°K V:2.4492e+00V I:7.9397e-03A R:3.0848e+02ğ›€ E:7.5594e+01V/cm J:3.4747e-01A/cm2 ğ›’:2.1755e+02ğ›€ cm
2023-03-29 17:00:20,052 INFO Measurement at current 0.00798994974874372
2023-03-29 17:00:20,650 INFO T:177.03Â°K V:2.4461e+00V I:7.9899e-03A R:3.0614e+02ğ›€ E:7.5495e+01V/cm J:3.4967e-01A/cm2 ğ›’:2.1591e+02ğ›€ cm
2023-03-29 17:00:20,666 INFO Measurement at current 0.008040201005025126
2023-03-29 17:00:21,251 INFO T:177.03Â°K V:2.4464e+00V I:8.0402e-03A R:3.0427e+02ğ›€ E:7.5505e+01V/cm J:3.5187e-01A/cm2 ğ›’:2.1458e+02ğ›€ cm
2023-03-29 17:00:21,266 INFO Measurement at current 0.008090452261306533
2023-03-29 17:00:21,855 INFO T:177.03Â°K V:2.4491e+00V I:8.0905e-03A R:3.0272e+02ğ›€ E:7.5590e+01V/cm J:3.5407e-01A/cm2 ğ›’:2.1349e+02ğ›€ cm
2023-03-29 17:00:21,879 INFO Measurement at current 0.00814070351758794
2023-03-29 17:00:22,463 INFO T:177.03Â°K V:2.4537e+00V I:8.1407e-03A R:3.0141e+02ğ›€ E:7.5731e+01V/cm J:3.5627e-01A/cm2 ğ›’:2.1257e+02ğ›€ cm
2023-03-29 17:00:22,509 INFO Measurement at current 0.008190954773869347
2023-03-29 17:00:23,099 INFO T:177.03Â°K V:2.4680e+00V I:8.1910e-03A R:3.0131e+02ğ›€ E:7.6174e+01V/cm J:3.5847e-01A/cm2 ğ›’:2.1250e+02ğ›€ cm
2023-03-29 17:00:23,133 INFO Measurement at current 0.008241206030150754
2023-03-29 17:00:23,728 INFO T:177.03Â°K V:2.4610e+00V I:8.2412e-03A R:2.9862e+02ğ›€ E:7.5955e+01V/cm J:3.6067e-01A/cm2 ğ›’:2.1060e+02ğ›€ cm
2023-03-29 17:00:23,746 INFO Measurement at current 0.008291457286432161
2023-03-29 17:00:24,338 INFO T:177.03Â°K V:2.4507e+00V I:8.2915e-03A R:2.9557e+02ğ›€ E:7.5639e+01V/cm J:3.6286e-01A/cm2 ğ›’:2.0845e+02ğ›€ cm
2023-03-29 17:00:24,354 INFO Measurement at current 0.008341708542713568
2023-03-29 17:00:24,948 INFO T:177.03Â°K V:2.4397e+00V I:8.3417e-03A R:2.9247e+02ğ›€ E:7.5298e+01V/cm J:3.6506e-01A/cm2 ğ›’:2.0626e+02ğ›€ cm
2023-03-29 17:00:24,965 INFO Measurement at current 0.008391959798994975
2023-03-29 17:00:25,553 INFO T:177.03Â°K V:2.4390e+00V I:8.3920e-03A R:2.9063e+02ğ›€ E:7.5277e+01V/cm J:3.6726e-01A/cm2 ğ›’:2.0497e+02ğ›€ cm
2023-03-29 17:00:25,576 INFO Measurement at current 0.008442211055276382
2023-03-29 17:00:26,162 INFO T:177.02Â°K V:2.4348e+00V I:8.4422e-03A R:2.8841e+02ğ›€ E:7.5148e+01V/cm J:3.6946e-01A/cm2 ğ›’:2.0340e+02ğ›€ cm
2023-03-29 17:00:26,178 INFO Measurement at current 0.00849246231155779
2023-03-29 17:00:26,767 INFO T:177.02Â°K V:2.4413e+00V I:8.4925e-03A R:2.8746e+02ğ›€ E:7.5348e+01V/cm J:3.7166e-01A/cm2 ğ›’:2.0273e+02ğ›€ cm
2023-03-29 17:00:26,782 INFO Measurement at current 0.008542713567839196
2023-03-29 17:00:27,367 INFO T:177.02Â°K V:2.4280e+00V I:8.5427e-03A R:2.8421e+02ğ›€ E:7.4937e+01V/cm J:3.7386e-01A/cm2 ğ›’:2.0044e+02ğ›€ cm
2023-03-29 17:00:27,384 INFO Measurement at current 0.008592964824120603
2023-03-29 17:00:27,971 INFO T:177.02Â°K V:2.4363e+00V I:8.5930e-03A R:2.8353e+02ğ›€ E:7.5196e+01V/cm J:3.7606e-01A/cm2 ğ›’:1.9996e+02ğ›€ cm
2023-03-29 17:00:28,000 INFO Measurement at current 0.00864321608040201
2023-03-29 17:00:28,599 INFO T:177.02Â°K V:2.4369e+00V I:8.6432e-03A R:2.8195e+02ğ›€ E:7.5214e+01V/cm J:3.7826e-01A/cm2 ğ›’:1.9884e+02ğ›€ cm
2023-03-29 17:00:28,616 INFO Measurement at current 0.008693467336683417
2023-03-29 17:00:29,212 INFO T:177.02Â°K V:2.4500e+00V I:8.6935e-03A R:2.8182e+02ğ›€ E:7.5618e+01V/cm J:3.8046e-01A/cm2 ğ›’:1.9876e+02ğ›€ cm
2023-03-29 17:00:29,231 INFO Measurement at current 0.008743718592964824
2023-03-29 17:00:29,825 INFO T:177.02Â°K V:2.4360e+00V I:8.7437e-03A R:2.7860e+02ğ›€ E:7.5185e+01V/cm J:3.8266e-01A/cm2 ğ›’:1.9648e+02ğ›€ cm
2023-03-29 17:00:29,845 INFO Measurement at current 0.008793969849246231
2023-03-29 17:00:30,435 INFO T:177.02Â°K V:2.4377e+00V I:8.7940e-03A R:2.7720e+02ğ›€ E:7.5237e+01V/cm J:3.8486e-01A/cm2 ğ›’:1.9549e+02ğ›€ cm
2023-03-29 17:00:30,455 INFO Measurement at current 0.008844221105527638
2023-03-29 17:00:31,046 INFO T:177.02Â°K V:2.4476e+00V I:8.8442e-03A R:2.7675e+02ğ›€ E:7.5544e+01V/cm J:3.8706e-01A/cm2 ğ›’:1.9518e+02ğ›€ cm
2023-03-29 17:00:31,066 INFO Measurement at current 0.008894472361809045
2023-03-29 17:00:31,667 INFO T:177.02Â°K V:2.4469e+00V I:8.8945e-03A R:2.7510e+02ğ›€ E:7.5521e+01V/cm J:3.8925e-01A/cm2 ğ›’:1.9402e+02ğ›€ cm
2023-03-29 17:00:31,691 INFO Measurement at current 0.008944723618090452
2023-03-29 17:00:32,281 INFO T:177.02Â°K V:2.4450e+00V I:8.9447e-03A R:2.7335e+02ğ›€ E:7.5464e+01V/cm J:3.9145e-01A/cm2 ğ›’:1.9278e+02ğ›€ cm
2023-03-29 17:00:32,309 INFO Measurement at current 0.008994974874371859
2023-03-29 17:00:32,906 INFO T:177.02Â°K V:2.4342e+00V I:8.9950e-03A R:2.7062e+02ğ›€ E:7.5130e+01V/cm J:3.9365e-01A/cm2 ğ›’:1.9085e+02ğ›€ cm
2023-03-29 17:00:32,937 INFO Measurement at current 0.009045226130653266
2023-03-29 17:00:33,534 INFO T:177.02Â°K V:2.4253e+00V I:9.0452e-03A R:2.6813e+02ğ›€ E:7.4855e+01V/cm J:3.9585e-01A/cm2 ğ›’:1.8910e+02ğ›€ cm
2023-03-29 17:00:33,559 INFO Measurement at current 0.009095477386934673
2023-03-29 17:00:34,148 INFO T:177.02Â°K V:2.4586e+00V I:9.0955e-03A R:2.7031e+02ğ›€ E:7.5881e+01V/cm J:3.9805e-01A/cm2 ğ›’:1.9063e+02ğ›€ cm
2023-03-29 17:00:34,166 INFO Measurement at current 0.00914572864321608
2023-03-29 17:00:34,758 INFO T:177.01Â°K V:2.4553e+00V I:9.1457e-03A R:2.6847e+02ğ›€ E:7.5781e+01V/cm J:4.0025e-01A/cm2 ğ›’:1.8933e+02ğ›€ cm
2023-03-29 17:00:34,793 INFO Measurement at current 0.009195979899497487
2023-03-29 17:00:35,399 INFO T:177.01Â°K V:2.4511e+00V I:9.1960e-03A R:2.6655e+02ğ›€ E:7.5653e+01V/cm J:4.0245e-01A/cm2 ğ›’:1.8798e+02ğ›€ cm
2023-03-29 17:00:35,421 INFO Measurement at current 0.009246231155778894
2023-03-29 17:00:36,018 INFO T:177.01Â°K V:2.4473e+00V I:9.2462e-03A R:2.6468e+02ğ›€ E:7.5534e+01V/cm J:4.0465e-01A/cm2 ğ›’:1.8667e+02ğ›€ cm
2023-03-29 17:00:36,042 INFO Measurement at current 0.009296482412060303
2023-03-29 17:00:36,640 INFO T:177.01Â°K V:2.4403e+00V I:9.2965e-03A R:2.6249e+02ğ›€ E:7.5317e+01V/cm J:4.0685e-01A/cm2 ğ›’:1.8512e+02ğ›€ cm
2023-03-29 17:00:36,659 INFO Measurement at current 0.00934673366834171
2023-03-29 17:00:37,249 INFO T:177.01Â°K V:2.4508e+00V I:9.3467e-03A R:2.6221e+02ğ›€ E:7.5642e+01V/cm J:4.0905e-01A/cm2 ğ›’:1.8492e+02ğ›€ cm
2023-03-29 17:00:37,269 INFO Measurement at current 0.009396984924623117
2023-03-29 17:00:37,867 INFO T:177.01Â°K V:2.4489e+00V I:9.3970e-03A R:2.6060e+02ğ›€ E:7.5582e+01V/cm J:4.1125e-01A/cm2 ğ›’:1.8379e+02ğ›€ cm
2023-03-29 17:00:37,884 INFO Measurement at current 0.009447236180904523
2023-03-29 17:00:38,468 INFO T:177.01Â°K V:2.4393e+00V I:9.4472e-03A R:2.5820e+02ğ›€ E:7.5287e+01V/cm J:4.1345e-01A/cm2 ğ›’:1.8210e+02ğ›€ cm
2023-03-29 17:00:38,488 INFO Measurement at current 0.00949748743718593
2023-03-29 17:00:39,100 INFO T:177.01Â°K V:2.4459e+00V I:9.4975e-03A R:2.5753e+02ğ›€ E:7.5491e+01V/cm J:4.1564e-01A/cm2 ğ›’:1.8162e+02ğ›€ cm
2023-03-29 17:00:39,123 INFO Measurement at current 0.009547738693467337
2023-03-29 17:00:39,717 INFO T:177.01Â°K V:2.4456e+00V I:9.5477e-03A R:2.5614e+02ğ›€ E:7.5481e+01V/cm J:4.1784e-01A/cm2 ğ›’:1.8064e+02ğ›€ cm
2023-03-29 17:00:39,734 INFO Measurement at current 0.009597989949748744
2023-03-29 17:00:40,327 INFO T:177.01Â°K V:2.4416e+00V I:9.5980e-03A R:2.5439e+02ğ›€ E:7.5359e+01V/cm J:4.2004e-01A/cm2 ğ›’:1.7941e+02ğ›€ cm
2023-03-29 17:00:40,360 INFO Measurement at current 0.009648241206030151
2023-03-29 17:00:40,961 INFO T:177.01Â°K V:2.4356e+00V I:9.6482e-03A R:2.5244e+02ğ›€ E:7.5174e+01V/cm J:4.2224e-01A/cm2 ğ›’:1.7803e+02ğ›€ cm
2023-03-29 17:00:40,987 INFO Measurement at current 0.009698492462311558
2023-03-29 17:00:41,589 INFO T:177.01Â°K V:2.4359e+00V I:9.6985e-03A R:2.5116e+02ğ›€ E:7.5182e+01V/cm J:4.2444e-01A/cm2 ğ›’:1.7713e+02ğ›€ cm
2023-03-29 17:00:41,606 INFO Measurement at current 0.009748743718592965
2023-03-29 17:00:42,192 INFO T:177.01Â°K V:2.4279e+00V I:9.7487e-03A R:2.4905e+02ğ›€ E:7.4936e+01V/cm J:4.2664e-01A/cm2 ğ›’:1.7564e+02ğ›€ cm
2023-03-29 17:00:42,221 INFO Measurement at current 0.009798994974874372
2023-03-29 17:00:42,815 INFO T:177.00Â°K V:2.4309e+00V I:9.7990e-03A R:2.4808e+02ğ›€ E:7.5029e+01V/cm J:4.2884e-01A/cm2 ğ›’:1.7496e+02ğ›€ cm
2023-03-29 17:00:42,831 INFO Measurement at current 0.00984924623115578
2023-03-29 17:00:43,421 INFO T:177.00Â°K V:2.4371e+00V I:9.8492e-03A R:2.4744e+02ğ›€ E:7.5220e+01V/cm J:4.3104e-01A/cm2 ğ›’:1.7451e+02ğ›€ cm
2023-03-29 17:00:43,437 INFO Measurement at current 0.009899497487437186
2023-03-29 17:00:44,129 INFO T:177.00Â°K V:2.4398e+00V I:9.8995e-03A R:2.4646e+02ğ›€ E:7.5302e+01V/cm J:4.3324e-01A/cm2 ğ›’:1.7381e+02ğ›€ cm
2023-03-29 17:00:44,146 INFO Measurement at current 0.009949748743718593
2023-03-29 17:00:44,736 INFO T:177.00Â°K V:2.4398e+00V I:9.9497e-03A R:2.4522e+02ğ›€ E:7.5304e+01V/cm J:4.3544e-01A/cm2 ğ›’:1.7294e+02ğ›€ cm
2023-03-29 17:00:44,751 INFO Measurement at current 0.01
2023-03-29 17:00:45,351 INFO T:177.00Â°K V:2.4377e+00V I:1.0000e-02A R:2.4377e+02ğ›€ E:7.5238e+01V/cm J:4.3764e-01A/cm2 ğ›’:1.7192e+02ğ›€ cm
2023-03-29 17:00:59,380 INFO Save the description file
2023-03-29 17:00:59,389 INFO Save data in numpy format Esperimenti/CPRO_MUSA_290323_I_V/CPRO_MUSA_290323_I_V_current_from_0_to_100e-4A/CPRO_MUSA_290323_I_V_current_from_0_to_100e-4A-20230329170057
2023-03-29 17:00:59,406 INFO Save data in CSV format Esperimenti/CPRO_MUSA_290323_I_V/CPRO_MUSA_290323_I_V_current_from_0_to_100e-4A/CPRO_MUSA_290323_I_V_current_from_0_to_100e-4A-20230329170057.csv
2023-03-29 17:00:59,425 INFO Save plot as image Esperimenti/CPRO_MUSA_290323_I_V/CPRO_MUSA_290323_I_V_current_from_0_to_100e-4A/CPRO_MUSA_290323_I_V_current_from_0_to_100e-4A-20230329170057.png
