2023-03-29 18:30:19,473 INFO ### Start experiment: CPRO_MUSA_290323_I_V current from 0 to 100e-4A ###
2023-03-29 18:30:20,818 INFO Found Multimeter KEITHLEY INSTRUMENTS INC.,MODEL 2700,0884890,B03  /A02  

2023-03-29 18:30:21,847 INFO Found Nanovolt Meter KEITHLEY INSTRUMENTS INC.,MODEL 2182A,4056474,C03  /A02  

2023-03-29 18:30:21,957 INFO Found Source Meter KEITHLEY INSTRUMENTS INC.,MODEL 2400,0945684,C24   Feb 14 2002 11:59:45/A02  /K/H

2023-03-29 18:30:22,081 INFO Start the measurement loop
2023-03-29 18:30:29,439 INFO Measurement at current 0.0
2023-03-29 18:30:30,365 INFO T:127.64Â°K V:-2.0188e-04V I:0.0000e+00A R:-infğ›€ E:-6.2308e-03V/cm J:0.0000e+00A/cm2 ğ›’:-infğ›€ cm
2023-03-29 18:30:30,386 INFO Measurement at current 5.0251256281407036e-05
2023-03-29 18:30:31,630 INFO T:127.63Â°K V:6.8145e-01V I:5.0251e-05A R:1.3561e+04ğ›€ E:2.1033e+01V/cm J:2.1992e-03A/cm2 ğ›’:9.5638e+03ğ›€ cm
2023-03-29 18:30:31,660 INFO Measurement at current 0.00010050251256281407
2023-03-29 18:30:32,990 INFO T:127.61Â°K V:1.2344e+00V I:1.0050e-04A R:1.2282e+04ğ›€ E:3.8099e+01V/cm J:4.3984e-03A/cm2 ğ›’:8.6621e+03ğ›€ cm
2023-03-29 18:30:33,013 INFO Measurement at current 0.00015075376884422112
2023-03-29 18:30:33,610 INFO T:127.60Â°K V:1.7525e+00V I:1.5075e-04A R:1.1625e+04ğ›€ E:5.4089e+01V/cm J:6.5975e-03A/cm2 ğ›’:8.1984e+03ğ›€ cm
2023-03-29 18:30:33,628 INFO Measurement at current 0.00020100502512562814
2023-03-29 18:30:34,217 INFO T:127.59Â°K V:2.2565e+00V I:2.0101e-04A R:1.1226e+04ğ›€ E:6.9644e+01V/cm J:8.7967e-03A/cm2 ğ›’:7.9170e+03ğ›€ cm
2023-03-29 18:30:34,238 INFO Measurement at current 0.0002512562814070352
2023-03-29 18:30:34,852 INFO T:127.59Â°K V:2.7796e+00V I:2.5126e-04A R:1.1063e+04ğ›€ E:8.5790e+01V/cm J:1.0996e-02A/cm2 ğ›’:7.8020e+03ğ›€ cm
2023-03-29 18:30:34,870 INFO Measurement at current 0.00030150753768844223
2023-03-29 18:30:35,469 INFO T:127.58Â°K V:3.1526e+00V I:3.0151e-04A R:1.0456e+04ğ›€ E:9.7303e+01V/cm J:1.3195e-02A/cm2 ğ›’:7.3742e+03ğ›€ cm
2023-03-29 18:30:35,492 INFO Measurement at current 0.00035175879396984926
2023-03-29 18:30:36,092 INFO T:127.57Â°K V:3.5753e+00V I:3.5176e-04A R:1.0164e+04ğ›€ E:1.1035e+02V/cm J:1.5394e-02A/cm2 ğ›’:7.1682e+03ğ›€ cm
2023-03-29 18:30:36,115 INFO Measurement at current 0.0004020100502512563
2023-03-29 18:30:36,716 INFO T:127.56Â°K V:4.0094e+00V I:4.0201e-04A R:9.9734e+03ğ›€ E:1.2375e+02V/cm J:1.7593e-02A/cm2 ğ›’:7.0337e+03ğ›€ cm
2023-03-29 18:30:36,746 INFO Measurement at current 0.0004522613065326633
2023-03-29 18:30:37,346 INFO T:127.55Â°K V:4.3436e+00V I:4.5226e-04A R:9.6042e+03ğ›€ E:1.3406e+02V/cm J:1.9793e-02A/cm2 ğ›’:6.7733e+03ğ›€ cm
2023-03-29 18:30:37,369 INFO Measurement at current 0.0005025125628140704
2023-03-29 18:30:37,957 INFO T:127.54Â°K V:3.8976e+00V I:5.0251e-04A R:7.7563e+03ğ›€ E:1.2030e+02V/cm J:2.1992e-02A/cm2 ğ›’:5.4701e+03ğ›€ cm
2023-03-29 18:30:37,980 INFO Measurement at current 0.0005527638190954774
2023-03-29 18:30:38,571 INFO T:127.54Â°K V:4.0680e+00V I:5.5276e-04A R:7.3595e+03ğ›€ E:1.2556e+02V/cm J:2.4191e-02A/cm2 ğ›’:5.1902e+03ğ›€ cm
2023-03-29 18:30:38,597 INFO Measurement at current 0.0006030150753768845
2023-03-29 18:30:39,195 INFO T:127.53Â°K V:4.2600e+00V I:6.0302e-04A R:7.0646e+03ğ›€ E:1.3148e+02V/cm J:2.6390e-02A/cm2 ğ›’:4.9823e+03ğ›€ cm
2023-03-29 18:30:39,214 INFO Measurement at current 0.0006532663316582914
2023-03-29 18:30:39,804 INFO T:127.52Â°K V:4.4380e+00V I:6.5327e-04A R:6.7935e+03ğ›€ E:1.3697e+02V/cm J:2.8589e-02A/cm2 ğ›’:4.7911e+03ğ›€ cm
2023-03-29 18:30:39,822 INFO Measurement at current 0.0007035175879396985
2023-03-29 18:30:40,408 INFO T:127.51Â°K V:4.5946e+00V I:7.0352e-04A R:6.5309e+03ğ›€ E:1.4181e+02V/cm J:3.0789e-02A/cm2 ğ›’:4.6059e+03ğ›€ cm
2023-03-29 18:30:40,424 INFO Measurement at current 0.0007537688442211055
2023-03-29 18:30:41,018 INFO T:127.51Â°K V:4.7225e+00V I:7.5377e-04A R:6.2652e+03ğ›€ E:1.4576e+02V/cm J:3.2988e-02A/cm2 ğ›’:4.4185e+03ğ›€ cm
2023-03-29 18:30:41,037 INFO Measurement at current 0.0008040201005025126
2023-03-29 18:30:41,627 INFO T:127.50Â°K V:4.8187e+00V I:8.0402e-04A R:5.9932e+03ğ›€ E:1.4872e+02V/cm J:3.5187e-02A/cm2 ğ›’:4.2267e+03ğ›€ cm
2023-03-29 18:30:41,649 INFO Measurement at current 0.0008542713567839197
2023-03-29 18:30:42,247 INFO T:127.49Â°K V:4.9339e+00V I:8.5427e-04A R:5.7755e+03ğ›€ E:1.5228e+02V/cm J:3.7386e-02A/cm2 ğ›’:4.0732e+03ğ›€ cm
2023-03-29 18:30:42,267 INFO Measurement at current 0.0009045226130653266
2023-03-29 18:30:42,860 INFO T:127.48Â°K V:5.0967e+00V I:9.0452e-04A R:5.6347e+03ğ›€ E:1.5731e+02V/cm J:3.9585e-02A/cm2 ğ›’:3.9738e+03ğ›€ cm
2023-03-29 18:30:42,878 INFO Measurement at current 0.0009547738693467337
2023-03-29 18:30:43,473 INFO T:127.48Â°K V:5.1904e+00V I:9.5477e-04A R:5.4363e+03ğ›€ E:1.6020e+02V/cm J:4.1784e-02A/cm2 ğ›’:3.8339e+03ğ›€ cm
2023-03-29 18:30:43,488 INFO Measurement at current 0.0010050251256281408
2023-03-29 18:30:44,124 INFO T:127.47Â°K V:5.2602e+00V I:1.0050e-03A R:5.2339e+03ğ›€ E:1.6235e+02V/cm J:4.3984e-02A/cm2 ğ›’:3.6912e+03ğ›€ cm
2023-03-29 18:30:44,147 INFO Measurement at current 0.0010552763819095478
2023-03-29 18:30:44,746 INFO T:127.46Â°K V:5.2752e+00V I:1.0553e-03A R:4.9989e+03ğ›€ E:1.6282e+02V/cm J:4.6183e-02A/cm2 ğ›’:3.5255e+03ğ›€ cm
2023-03-29 18:30:44,763 INFO Measurement at current 0.0011055276381909548
2023-03-29 18:30:45,357 INFO T:127.45Â°K V:5.3634e+00V I:1.1055e-03A R:4.8515e+03ğ›€ E:1.6554e+02V/cm J:4.8382e-02A/cm2 ğ›’:3.4215e+03ğ›€ cm
2023-03-29 18:30:45,379 INFO Measurement at current 0.0011557788944723617
2023-03-29 18:30:45,972 INFO T:127.44Â°K V:5.4381e+00V I:1.1558e-03A R:4.7051e+03ğ›€ E:1.6784e+02V/cm J:5.0581e-02A/cm2 ğ›’:3.3183e+03ğ›€ cm
2023-03-29 18:30:45,992 INFO Measurement at current 0.001206030150753769
2023-03-29 18:30:46,589 INFO T:127.44Â°K V:5.5102e+00V I:1.2060e-03A R:4.5689e+03ğ›€ E:1.7007e+02V/cm J:5.2780e-02A/cm2 ğ›’:3.2222e+03ğ›€ cm
2023-03-29 18:30:46,614 INFO Measurement at current 0.001256281407035176
2023-03-29 18:30:47,206 INFO T:127.43Â°K V:5.5351e+00V I:1.2563e-03A R:4.4059e+03ğ›€ E:1.7084e+02V/cm J:5.4979e-02A/cm2 ğ›’:3.1073e+03ğ›€ cm
2023-03-29 18:30:47,229 INFO Measurement at current 0.0013065326633165829
2023-03-29 18:30:47,829 INFO T:127.42Â°K V:5.5778e+00V I:1.3065e-03A R:4.2691e+03ğ›€ E:1.7215e+02V/cm J:5.7179e-02A/cm2 ğ›’:3.0108e+03ğ›€ cm
2023-03-29 18:30:47,851 INFO Measurement at current 0.00135678391959799
2023-03-29 18:30:48,449 INFO T:127.41Â°K V:5.6241e+00V I:1.3568e-03A R:4.1452e+03ğ›€ E:1.7358e+02V/cm J:5.9378e-02A/cm2 ğ›’:2.9234e+03ğ›€ cm
2023-03-29 18:30:48,467 INFO Measurement at current 0.001407035175879397
2023-03-29 18:30:49,054 INFO T:127.41Â°K V:5.6306e+00V I:1.4070e-03A R:4.0017e+03ğ›€ E:1.7378e+02V/cm J:6.1577e-02A/cm2 ğ›’:2.8222e+03ğ›€ cm
2023-03-29 18:30:49,069 INFO Measurement at current 0.001457286432160804
2023-03-29 18:30:49,681 INFO T:127.40Â°K V:5.5907e+00V I:1.4573e-03A R:3.8363e+03ğ›€ E:1.7255e+02V/cm J:6.3776e-02A/cm2 ğ›’:2.7056e+03ğ›€ cm
2023-03-29 18:30:49,703 INFO Measurement at current 0.001507537688442211
2023-03-29 18:30:50,305 INFO T:127.39Â°K V:5.6355e+00V I:1.5075e-03A R:3.7382e+03ğ›€ E:1.7393e+02V/cm J:6.5975e-02A/cm2 ğ›’:2.6364e+03ğ›€ cm
2023-03-29 18:30:50,328 INFO Measurement at current 0.0015577889447236182
2023-03-29 18:30:50,934 INFO T:127.38Â°K V:5.6758e+00V I:1.5578e-03A R:3.6435e+03ğ›€ E:1.7518e+02V/cm J:6.8175e-02A/cm2 ğ›’:2.5696e+03ğ›€ cm
2023-03-29 18:30:50,951 INFO Measurement at current 0.0016080402010050252
2023-03-29 18:30:51,536 INFO T:127.38Â°K V:5.7101e+00V I:1.6080e-03A R:3.5509e+03ğ›€ E:1.7624e+02V/cm J:7.0374e-02A/cm2 ğ›’:2.5043e+03ğ›€ cm
2023-03-29 18:30:51,553 INFO Measurement at current 0.0016582914572864321
2023-03-29 18:30:52,138 INFO T:127.37Â°K V:5.6595e+00V I:1.6583e-03A R:3.4128e+03ğ›€ E:1.7468e+02V/cm J:7.2573e-02A/cm2 ğ›’:2.4069e+03ğ›€ cm
2023-03-29 18:30:52,154 INFO Measurement at current 0.0017085427135678393
2023-03-29 18:30:52,744 INFO T:127.36Â°K V:5.6924e+00V I:1.7085e-03A R:3.3317e+03ğ›€ E:1.7569e+02V/cm J:7.4772e-02A/cm2 ğ›’:2.3497e+03ğ›€ cm
2023-03-29 18:30:52,767 INFO Measurement at current 0.0017587939698492463
2023-03-29 18:30:53,361 INFO T:127.35Â°K V:5.6916e+00V I:1.7588e-03A R:3.2361e+03ğ›€ E:1.7567e+02V/cm J:7.6971e-02A/cm2 ğ›’:2.2823e+03ğ›€ cm
2023-03-29 18:30:53,390 INFO Measurement at current 0.0018090452261306533
2023-03-29 18:30:53,984 INFO T:127.34Â°K V:5.6882e+00V I:1.8090e-03A R:3.1443e+03ğ›€ E:1.7556e+02V/cm J:7.9170e-02A/cm2 ğ›’:2.2175e+03ğ›€ cm
2023-03-29 18:30:54,007 INFO Measurement at current 0.0018592964824120603
2023-03-29 18:30:54,601 INFO T:127.34Â°K V:5.6819e+00V I:1.8593e-03A R:3.0559e+03ğ›€ E:1.7537e+02V/cm J:8.1370e-02A/cm2 ğ›’:2.1552e+03ğ›€ cm
2023-03-29 18:30:54,618 INFO Measurement at current 0.0019095477386934674
2023-03-29 18:30:55,204 INFO T:127.33Â°K V:5.6869e+00V I:1.9095e-03A R:2.9781e+03ğ›€ E:1.7552e+02V/cm J:8.3569e-02A/cm2 ğ›’:2.1003e+03ğ›€ cm
2023-03-29 18:30:55,218 INFO Measurement at current 0.001959798994974874
2023-03-29 18:30:55,818 INFO T:127.32Â°K V:5.7024e+00V I:1.9598e-03A R:2.9097e+03ğ›€ E:1.7600e+02V/cm J:8.5768e-02A/cm2 ğ›’:2.0521e+03ğ›€ cm
2023-03-29 18:30:55,840 INFO Measurement at current 0.0020100502512562816
2023-03-29 18:30:56,430 INFO T:127.31Â°K V:5.7252e+00V I:2.0101e-03A R:2.8483e+03ğ›€ E:1.7670e+02V/cm J:8.7967e-02A/cm2 ğ›’:2.0087e+03ğ›€ cm
2023-03-29 18:30:56,450 INFO Measurement at current 0.0020603015075376886
2023-03-29 18:30:57,044 INFO T:127.31Â°K V:5.7093e+00V I:2.0603e-03A R:2.7711e+03ğ›€ E:1.7621e+02V/cm J:9.0166e-02A/cm2 ğ›’:1.9543e+03ğ›€ cm
2023-03-29 18:30:57,062 INFO Measurement at current 0.0021105527638190956
2023-03-29 18:30:57,650 INFO T:127.30Â°K V:5.7283e+00V I:2.1106e-03A R:2.7141e+03ğ›€ E:1.7680e+02V/cm J:9.2366e-02A/cm2 ğ›’:1.9141e+03ğ›€ cm
2023-03-29 18:30:57,669 INFO Measurement at current 0.0021608040201005025
2023-03-29 18:30:58,258 INFO T:127.29Â°K V:5.7141e+00V I:2.1608e-03A R:2.6444e+03ğ›€ E:1.7636e+02V/cm J:9.4565e-02A/cm2 ğ›’:1.8650e+03ğ›€ cm
2023-03-29 18:30:58,274 INFO Measurement at current 0.0022110552763819095
2023-03-29 18:30:58,877 INFO T:127.28Â°K V:5.7297e+00V I:2.2111e-03A R:2.5914e+03ğ›€ E:1.7684e+02V/cm J:9.6764e-02A/cm2 ğ›’:1.8276e+03ğ›€ cm
2023-03-29 18:30:58,895 INFO Measurement at current 0.0022613065326633165
2023-03-29 18:30:59,493 INFO T:127.28Â°K V:5.7295e+00V I:2.2613e-03A R:2.5337e+03ğ›€ E:1.7684e+02V/cm J:9.8963e-02A/cm2 ğ›’:1.7869e+03ğ›€ cm
2023-03-29 18:30:59,524 INFO Measurement at current 0.0023115577889447235
2023-03-29 18:31:00,121 INFO T:127.27Â°K V:5.7107e+00V I:2.3116e-03A R:2.4705e+03ğ›€ E:1.7625e+02V/cm J:1.0116e-01A/cm2 ğ›’:1.7423e+03ğ›€ cm
2023-03-29 18:31:00,137 INFO Measurement at current 0.002361809045226131
2023-03-29 18:31:00,728 INFO T:127.26Â°K V:5.6872e+00V I:2.3618e-03A R:2.4080e+03ğ›€ E:1.7553e+02V/cm J:1.0336e-01A/cm2 ğ›’:1.6982e+03ğ›€ cm
2023-03-29 18:31:00,750 INFO Measurement at current 0.002412060301507538
2023-03-29 18:31:01,338 INFO T:127.25Â°K V:5.6829e+00V I:2.4121e-03A R:2.3560e+03ğ›€ E:1.7540e+02V/cm J:1.0556e-01A/cm2 ğ›’:1.6616e+03ğ›€ cm
2023-03-29 18:31:01,367 INFO Measurement at current 0.002462311557788945
2023-03-29 18:31:01,958 INFO T:127.25Â°K V:6.2947e+00V I:2.4623e-03A R:2.5564e+03ğ›€ E:1.9428e+02V/cm J:1.0776e-01A/cm2 ğ›’:1.8029e+03ğ›€ cm
2023-03-29 18:31:01,974 INFO Measurement at current 0.002512562814070352
2023-03-29 18:31:02,569 INFO T:127.24Â°K V:6.3438e+00V I:2.5126e-03A R:2.5248e+03ğ›€ E:1.9579e+02V/cm J:1.0996e-01A/cm2 ğ›’:1.7806e+03ğ›€ cm
2023-03-29 18:31:02,597 INFO Measurement at current 0.0025628140703517588
2023-03-29 18:31:03,196 INFO T:127.23Â°K V:6.2592e+00V I:2.5628e-03A R:2.4423e+03ğ›€ E:1.9318e+02V/cm J:1.1216e-01A/cm2 ğ›’:1.7224e+03ğ›€ cm
2023-03-29 18:31:03,228 INFO Measurement at current 0.0026130653266331657
2023-03-29 18:31:03,822 INFO T:127.22Â°K V:6.1317e+00V I:2.6131e-03A R:2.3466e+03ğ›€ E:1.8925e+02V/cm J:1.1436e-01A/cm2 ğ›’:1.6549e+03ğ›€ cm
2023-03-29 18:31:03,843 INFO Measurement at current 0.0026633165829145727
2023-03-29 18:31:04,452 INFO T:127.22Â°K V:6.1155e+00V I:2.6633e-03A R:2.2962e+03ğ›€ E:1.8875e+02V/cm J:1.1656e-01A/cm2 ğ›’:1.6194e+03ğ›€ cm
2023-03-29 18:31:04,470 INFO Measurement at current 0.00271356783919598
2023-03-29 18:31:05,058 INFO T:127.21Â°K V:6.4119e+00V I:2.7136e-03A R:2.3629e+03ğ›€ E:1.9790e+02V/cm J:1.1876e-01A/cm2 ğ›’:1.6664e+03ğ›€ cm
2023-03-29 18:31:05,075 INFO Measurement at current 0.002763819095477387
2023-03-29 18:31:05,685 INFO T:127.20Â°K V:6.3099e+00V I:2.7638e-03A R:2.2831e+03ğ›€ E:1.9475e+02V/cm J:1.2095e-01A/cm2 ğ›’:1.6101e+03ğ›€ cm
2023-03-29 18:31:05,712 INFO Measurement at current 0.002814070351758794
2023-03-29 18:31:06,317 INFO T:127.19Â°K V:6.0687e+00V I:2.8141e-03A R:2.1565e+03ğ›€ E:1.8730e+02V/cm J:1.2315e-01A/cm2 ğ›’:1.5209e+03ğ›€ cm
2023-03-29 18:31:06,336 INFO Measurement at current 0.002864321608040201
2023-03-29 18:31:06,922 INFO T:127.19Â°K V:6.0698e+00V I:2.8643e-03A R:2.1191e+03ğ›€ E:1.8734e+02V/cm J:1.2535e-01A/cm2 ğ›’:1.4945e+03ğ›€ cm
2023-03-29 18:31:06,944 INFO Measurement at current 0.002914572864321608
2023-03-29 18:31:07,547 INFO T:127.18Â°K V:6.1794e+00V I:2.9146e-03A R:2.1202e+03ğ›€ E:1.9072e+02V/cm J:1.2755e-01A/cm2 ğ›’:1.4952e+03ğ›€ cm
2023-03-29 18:31:07,562 INFO Measurement at current 0.002964824120603015
2023-03-29 18:31:08,154 INFO T:127.17Â°K V:6.1537e+00V I:2.9648e-03A R:2.0756e+03ğ›€ E:1.8993e+02V/cm J:1.2975e-01A/cm2 ğ›’:1.4638e+03ğ›€ cm
2023-03-29 18:31:08,170 INFO Measurement at current 0.003015075376884422
2023-03-29 18:31:08,768 INFO T:127.16Â°K V:6.1439e+00V I:3.0151e-03A R:2.0377e+03ğ›€ E:1.8963e+02V/cm J:1.3195e-01A/cm2 ğ›’:1.4371e+03ğ›€ cm
2023-03-29 18:31:08,794 INFO Measurement at current 0.0030653266331658294
2023-03-29 18:31:09,385 INFO T:127.16Â°K V:6.1250e+00V I:3.0653e-03A R:1.9981e+03ğ›€ E:1.8904e+02V/cm J:1.3415e-01A/cm2 ğ›’:1.4092e+03ğ›€ cm
2023-03-29 18:31:09,401 INFO Measurement at current 0.0031155778894472364
2023-03-29 18:31:10,011 INFO T:127.15Â°K V:6.0997e+00V I:3.1156e-03A R:1.9578e+03ğ›€ E:1.8826e+02V/cm J:1.3635e-01A/cm2 ğ›’:1.3807e+03ğ›€ cm
2023-03-29 18:31:10,028 INFO Measurement at current 0.0031658291457286433
2023-03-29 18:31:10,622 INFO T:127.14Â°K V:6.0782e+00V I:3.1658e-03A R:1.9199e+03ğ›€ E:1.8760e+02V/cm J:1.3855e-01A/cm2 ğ›’:1.3540e+03ğ›€ cm
2023-03-29 18:31:10,657 INFO Measurement at current 0.0032160804020100503
2023-03-29 18:31:11,252 INFO T:127.13Â°K V:6.0581e+00V I:3.2161e-03A R:1.8837e+03ğ›€ E:1.8698e+02V/cm J:1.4075e-01A/cm2 ğ›’:1.3285e+03ğ›€ cm
2023-03-29 18:31:11,278 INFO Measurement at current 0.0032663316582914573
2023-03-29 18:31:11,908 INFO T:127.13Â°K V:6.0245e+00V I:3.2663e-03A R:1.8444e+03ğ›€ E:1.8594e+02V/cm J:1.4295e-01A/cm2 ğ›’:1.3008e+03ğ›€ cm
2023-03-29 18:31:11,929 INFO Measurement at current 0.0033165829145728643
2023-03-29 18:31:12,519 INFO T:127.12Â°K V:6.0086e+00V I:3.3166e-03A R:1.8117e+03ğ›€ E:1.8545e+02V/cm J:1.4515e-01A/cm2 ğ›’:1.2777e+03ğ›€ cm
2023-03-29 18:31:12,545 INFO Measurement at current 0.0033668341708542712
2023-03-29 18:31:13,140 INFO T:127.11Â°K V:6.0010e+00V I:3.3668e-03A R:1.7824e+03ğ›€ E:1.8522e+02V/cm J:1.4735e-01A/cm2 ğ›’:1.2570e+03ğ›€ cm
2023-03-29 18:31:13,159 INFO Measurement at current 0.0034170854271356787
2023-03-29 18:31:13,747 INFO T:127.10Â°K V:5.9846e+00V I:3.4171e-03A R:1.7514e+03ğ›€ E:1.8471e+02V/cm J:1.4954e-01A/cm2 ğ›’:1.2352e+03ğ›€ cm
2023-03-29 18:31:13,780 INFO Measurement at current 0.0034673366834170856
2023-03-29 18:31:14,378 INFO T:127.10Â°K V:5.9453e+00V I:3.4673e-03A R:1.7147e+03ğ›€ E:1.8350e+02V/cm J:1.5174e-01A/cm2 ğ›’:1.2093e+03ğ›€ cm
2023-03-29 18:31:14,399 INFO Measurement at current 0.0035175879396984926
2023-03-29 18:31:14,991 INFO T:127.09Â°K V:5.9204e+00V I:3.5176e-03A R:1.6831e+03ğ›€ E:1.8273e+02V/cm J:1.5394e-01A/cm2 ğ›’:1.1870e+03ğ›€ cm
2023-03-29 18:31:15,006 INFO Measurement at current 0.0035678391959798996
2023-03-29 18:31:15,588 INFO T:127.08Â°K V:5.8919e+00V I:3.5678e-03A R:1.6514e+03ğ›€ E:1.8185e+02V/cm J:1.5614e-01A/cm2 ğ›’:1.1646e+03ğ›€ cm
2023-03-29 18:31:15,603 INFO Measurement at current 0.0036180904522613066
2023-03-29 18:31:16,188 INFO T:127.08Â°K V:5.8693e+00V I:3.6181e-03A R:1.6222e+03ğ›€ E:1.8115e+02V/cm J:1.5834e-01A/cm2 ğ›’:1.1441e+03ğ›€ cm
2023-03-29 18:31:16,206 INFO Measurement at current 0.0036683417085427135
2023-03-29 18:31:16,814 INFO T:127.07Â°K V:5.8676e+00V I:3.6683e-03A R:1.5995e+03ğ›€ E:1.8110e+02V/cm J:1.6054e-01A/cm2 ğ›’:1.1281e+03ğ›€ cm
2023-03-29 18:31:16,832 INFO Measurement at current 0.0037185929648241205
2023-03-29 18:31:17,418 INFO T:127.06Â°K V:5.8397e+00V I:3.7186e-03A R:1.5704e+03ğ›€ E:1.8024e+02V/cm J:1.6274e-01A/cm2 ğ›’:1.1075e+03ğ›€ cm
2023-03-29 18:31:17,434 INFO Measurement at current 0.003768844221105528
2023-03-29 18:31:18,027 INFO T:127.05Â°K V:5.8078e+00V I:3.7688e-03A R:1.5410e+03ğ›€ E:1.7925e+02V/cm J:1.6494e-01A/cm2 ğ›’:1.0868e+03ğ›€ cm
2023-03-29 18:31:18,051 INFO Measurement at current 0.003819095477386935
2023-03-29 18:31:18,653 INFO T:127.05Â°K V:5.7685e+00V I:3.8191e-03A R:1.5104e+03ğ›€ E:1.7804e+02V/cm J:1.6714e-01A/cm2 ğ›’:1.0652e+03ğ›€ cm
2023-03-29 18:31:18,684 INFO Measurement at current 0.003869346733668342
2023-03-29 18:31:19,278 INFO T:127.04Â°K V:5.7670e+00V I:3.8693e-03A R:1.4904e+03ğ›€ E:1.7800e+02V/cm J:1.6934e-01A/cm2 ğ›’:1.0511e+03ğ›€ cm
2023-03-29 18:31:19,303 INFO Measurement at current 0.003919597989949748
2023-03-29 18:31:19,897 INFO T:127.03Â°K V:5.7516e+00V I:3.9196e-03A R:1.4674e+03ğ›€ E:1.7752e+02V/cm J:1.7154e-01A/cm2 ğ›’:1.0349e+03ğ›€ cm
2023-03-29 18:31:19,921 INFO Measurement at current 0.003969849246231156
2023-03-29 18:31:20,512 INFO T:127.02Â°K V:5.7498e+00V I:3.9698e-03A R:1.4484e+03ğ›€ E:1.7746e+02V/cm J:1.7374e-01A/cm2 ğ›’:1.0215e+03ğ›€ cm
2023-03-29 18:31:20,533 INFO Measurement at current 0.004020100502512563
2023-03-29 18:31:21,137 INFO T:127.02Â°K V:5.7421e+00V I:4.0201e-03A R:1.4284e+03ğ›€ E:1.7723e+02V/cm J:1.7593e-01A/cm2 ğ›’:1.0073e+03ğ›€ cm
2023-03-29 18:31:21,168 INFO Measurement at current 0.00407035175879397
2023-03-29 18:31:21,776 INFO T:127.01Â°K V:5.7804e+00V I:4.0704e-03A R:1.4201e+03ğ›€ E:1.7841e+02V/cm J:1.7813e-01A/cm2 ğ›’:1.0015e+03ğ›€ cm
2023-03-29 18:31:21,795 INFO Measurement at current 0.004120603015075377
2023-03-29 18:31:22,386 INFO T:127.00Â°K V:5.7503e+00V I:4.1206e-03A R:1.3955e+03ğ›€ E:1.7748e+02V/cm J:1.8033e-01A/cm2 ğ›’:9.8418e+02ğ›€ cm
2023-03-29 18:31:22,402 INFO Measurement at current 0.004170854271356784
2023-03-29 18:31:22,988 INFO T:126.99Â°K V:5.7318e+00V I:4.1709e-03A R:1.3742e+03ğ›€ E:1.7691e+02V/cm J:1.8253e-01A/cm2 ğ›’:9.6918e+02ğ›€ cm
2023-03-29 18:31:23,005 INFO Measurement at current 0.004221105527638191
2023-03-29 18:31:23,588 INFO T:126.99Â°K V:5.7521e+00V I:4.2211e-03A R:1.3627e+03ğ›€ E:1.7753e+02V/cm J:1.8473e-01A/cm2 ğ›’:9.6105e+02ğ›€ cm
2023-03-29 18:31:23,609 INFO Measurement at current 0.004271356783919598
2023-03-29 18:31:24,204 INFO T:126.98Â°K V:5.7670e+00V I:4.2714e-03A R:1.3502e+03ğ›€ E:1.7799e+02V/cm J:1.8693e-01A/cm2 ğ›’:9.5220e+02ğ›€ cm
2023-03-29 18:31:24,225 INFO Measurement at current 0.004321608040201005
2023-03-29 18:31:24,828 INFO T:126.97Â°K V:5.7029e+00V I:4.3216e-03A R:1.3196e+03ğ›€ E:1.7602e+02V/cm J:1.8913e-01A/cm2 ğ›’:9.3066e+02ğ›€ cm
2023-03-29 18:31:24,866 INFO Measurement at current 0.004371859296482412
2023-03-29 18:31:25,454 INFO T:126.97Â°K V:5.7402e+00V I:4.3719e-03A R:1.3130e+03ğ›€ E:1.7717e+02V/cm J:1.9133e-01A/cm2 ğ›’:9.2599e+02ğ›€ cm
2023-03-29 18:31:25,474 INFO Measurement at current 0.004422110552763819
2023-03-29 18:31:26,068 INFO T:126.96Â°K V:4.9789e+00V I:4.4221e-03A R:1.1259e+03ğ›€ E:1.5367e+02V/cm J:1.9353e-01A/cm2 ğ›’:7.9405e+02ğ›€ cm
2023-03-29 18:31:26,088 INFO Measurement at current 0.004472361809045226
2023-03-29 18:31:26,687 INFO T:126.95Â°K V:4.9845e+00V I:4.4724e-03A R:1.1145e+03ğ›€ E:1.5384e+02V/cm J:1.9573e-01A/cm2 ğ›’:7.8600e+02ğ›€ cm
2023-03-29 18:31:26,703 INFO Measurement at current 0.004522613065326633
2023-03-29 18:31:27,302 INFO T:126.94Â°K V:6.2919e+00V I:4.5226e-03A R:1.3912e+03ğ›€ E:1.9419e+02V/cm J:1.9793e-01A/cm2 ğ›’:9.8114e+02ğ›€ cm
2023-03-29 18:31:27,323 INFO Measurement at current 0.00457286432160804
2023-03-29 18:31:27,938 INFO T:126.94Â°K V:6.2255e+00V I:4.5729e-03A R:1.3614e+03ğ›€ E:1.9214e+02V/cm J:2.0013e-01A/cm2 ğ›’:9.6012e+02ğ›€ cm
2023-03-29 18:31:27,956 INFO Measurement at current 0.004623115577889447
2023-03-29 18:31:28,557 INFO T:126.93Â°K V:6.1870e+00V I:4.6231e-03A R:1.3383e+03ğ›€ E:1.9096e+02V/cm J:2.0232e-01A/cm2 ğ›’:9.4382e+02ğ›€ cm
2023-03-29 18:31:28,597 INFO Measurement at current 0.004673366834170855
2023-03-29 18:31:29,212 INFO T:126.92Â°K V:6.1516e+00V I:4.6734e-03A R:1.3163e+03ğ›€ E:1.8986e+02V/cm J:2.0452e-01A/cm2 ğ›’:9.2832e+02ğ›€ cm
2023-03-29 18:31:29,233 INFO Measurement at current 0.004723618090452262
2023-03-29 18:31:29,823 INFO T:126.91Â°K V:6.1283e+00V I:4.7236e-03A R:1.2974e+03ğ›€ E:1.8914e+02V/cm J:2.0672e-01A/cm2 ğ›’:9.1496e+02ğ›€ cm
2023-03-29 18:31:29,844 INFO Measurement at current 0.004773869346733669
2023-03-29 18:31:30,433 INFO T:126.91Â°K V:6.1291e+00V I:4.7739e-03A R:1.2839e+03ğ›€ E:1.8917e+02V/cm J:2.0892e-01A/cm2 ğ›’:9.0545e+02ğ›€ cm
2023-03-29 18:31:30,451 INFO Measurement at current 0.004824120603015076
2023-03-29 18:31:31,046 INFO T:126.90Â°K V:6.1256e+00V I:4.8241e-03A R:1.2698e+03ğ›€ E:1.8906e+02V/cm J:2.1112e-01A/cm2 ğ›’:8.9551e+02ğ›€ cm
2023-03-29 18:31:31,062 INFO Measurement at current 0.004874371859296483
2023-03-29 18:31:31,645 INFO T:126.89Â°K V:6.0554e+00V I:4.8744e-03A R:1.2423e+03ğ›€ E:1.8689e+02V/cm J:2.1332e-01A/cm2 ğ›’:8.7612e+02ğ›€ cm
2023-03-29 18:31:31,661 INFO Measurement at current 0.00492462311557789
2023-03-29 18:31:32,253 INFO T:126.89Â°K V:6.0246e+00V I:4.9246e-03A R:1.2234e+03ğ›€ E:1.8594e+02V/cm J:2.1552e-01A/cm2 ğ›’:8.6277e+02ğ›€ cm
2023-03-29 18:31:32,269 INFO Measurement at current 0.004974874371859297
2023-03-29 18:31:32,856 INFO T:126.88Â°K V:6.0071e+00V I:4.9749e-03A R:1.2075e+03ğ›€ E:1.8540e+02V/cm J:2.1772e-01A/cm2 ğ›’:8.5158e+02ğ›€ cm
2023-03-29 18:31:32,891 INFO Measurement at current 0.005025125628140704
2023-03-29 18:31:33,481 INFO T:126.87Â°K V:6.0013e+00V I:5.0251e-03A R:1.1943e+03ğ›€ E:1.8523e+02V/cm J:2.1992e-01A/cm2 ğ›’:8.4225e+02ğ›€ cm
2023-03-29 18:31:33,496 INFO Measurement at current 0.005075376884422111
2023-03-29 18:31:34,087 INFO T:126.87Â°K V:5.9905e+00V I:5.0754e-03A R:1.1803e+03ğ›€ E:1.8489e+02V/cm J:2.2212e-01A/cm2 ğ›’:8.3240e+02ğ›€ cm
2023-03-29 18:31:34,107 INFO Measurement at current 0.0051256281407035175
2023-03-29 18:31:34,689 INFO T:126.86Â°K V:6.0115e+00V I:5.1256e-03A R:1.1728e+03ğ›€ E:1.8554e+02V/cm J:2.2432e-01A/cm2 ğ›’:8.2713e+02ğ›€ cm
2023-03-29 18:31:34,705 INFO Measurement at current 0.0051758793969849245
2023-03-29 18:31:35,303 INFO T:126.85Â°K V:5.9685e+00V I:5.1759e-03A R:1.1531e+03ğ›€ E:1.8421e+02V/cm J:2.2652e-01A/cm2 ğ›’:8.1325e+02ğ›€ cm
2023-03-29 18:31:35,327 INFO Measurement at current 0.0052261306532663315
2023-03-29 18:31:35,922 INFO T:126.84Â°K V:5.9658e+00V I:5.2261e-03A R:1.1415e+03ğ›€ E:1.8413e+02V/cm J:2.2871e-01A/cm2 ğ›’:8.0506e+02ğ›€ cm
2023-03-29 18:31:35,937 INFO Measurement at current 0.0052763819095477385
2023-03-29 18:31:36,544 INFO T:126.84Â°K V:5.9935e+00V I:5.2764e-03A R:1.1359e+03ğ›€ E:1.8498e+02V/cm J:2.3091e-01A/cm2 ğ›’:8.0109e+02ğ›€ cm
2023-03-29 18:31:36,564 INFO Measurement at current 0.0053266331658291454
2023-03-29 18:31:37,172 INFO T:126.83Â°K V:5.9310e+00V I:5.3266e-03A R:1.1135e+03ğ›€ E:1.8306e+02V/cm J:2.3311e-01A/cm2 ğ›’:7.8527e+02ğ›€ cm
2023-03-29 18:31:37,207 INFO Measurement at current 0.005376884422110553
2023-03-29 18:31:37,801 INFO T:126.82Â°K V:5.9218e+00V I:5.3769e-03A R:1.1014e+03ğ›€ E:1.8277e+02V/cm J:2.3531e-01A/cm2 ğ›’:7.7672e+02ğ›€ cm
2023-03-29 18:31:37,826 INFO Measurement at current 0.00542713567839196
2023-03-29 18:31:38,426 INFO T:126.82Â°K V:5.9044e+00V I:5.4271e-03A R:1.0879e+03ğ›€ E:1.8223e+02V/cm J:2.3751e-01A/cm2 ğ›’:7.6726e+02ğ›€ cm
2023-03-29 18:31:38,441 INFO Measurement at current 0.005477386934673367
2023-03-29 18:31:39,037 INFO T:126.81Â°K V:5.8834e+00V I:5.4774e-03A R:1.0741e+03ğ›€ E:1.8159e+02V/cm J:2.3971e-01A/cm2 ğ›’:7.5753e+02ğ›€ cm
2023-03-29 18:31:39,055 INFO Measurement at current 0.005527638190954774
2023-03-29 18:31:39,638 INFO T:126.80Â°K V:5.9023e+00V I:5.5276e-03A R:1.0678e+03ğ›€ E:1.8217e+02V/cm J:2.4191e-01A/cm2 ğ›’:7.5305e+02ğ›€ cm
2023-03-29 18:31:39,659 INFO Measurement at current 0.005577889447236181
2023-03-29 18:31:40,290 INFO T:126.79Â°K V:5.9017e+00V I:5.5779e-03A R:1.0581e+03ğ›€ E:1.8215e+02V/cm J:2.4411e-01A/cm2 ğ›’:7.4619e+02ğ›€ cm
2023-03-29 18:31:40,323 INFO Measurement at current 0.005628140703517588
2023-03-29 18:31:40,916 INFO T:126.79Â°K V:5.8695e+00V I:5.6281e-03A R:1.0429e+03ğ›€ E:1.8116e+02V/cm J:2.4631e-01A/cm2 ğ›’:7.3549e+02ğ›€ cm
2023-03-29 18:31:40,935 INFO Measurement at current 0.005678391959798995
2023-03-29 18:31:41,526 INFO T:126.78Â°K V:5.8837e+00V I:5.6784e-03A R:1.0362e+03ğ›€ E:1.8159e+02V/cm J:2.4851e-01A/cm2 ğ›’:7.3074e+02ğ›€ cm
2023-03-29 18:31:41,546 INFO Measurement at current 0.005728643216080402
2023-03-29 18:31:42,142 INFO T:126.77Â°K V:5.8505e+00V I:5.7286e-03A R:1.0213e+03ğ›€ E:1.8057e+02V/cm J:2.5071e-01A/cm2 ğ›’:7.2025e+02ğ›€ cm
2023-03-29 18:31:42,157 INFO Measurement at current 0.005778894472361809
2023-03-29 18:31:42,744 INFO T:126.77Â°K V:5.8237e+00V I:5.7789e-03A R:1.0077e+03ğ›€ E:1.7974e+02V/cm J:2.5291e-01A/cm2 ğ›’:7.1071e+02ğ›€ cm
2023-03-29 18:31:42,770 INFO Measurement at current 0.005829145728643216
2023-03-29 18:31:43,383 INFO T:126.76Â°K V:5.8595e+00V I:5.8291e-03A R:1.0052e+03ğ›€ E:1.8085e+02V/cm J:2.5510e-01A/cm2 ğ›’:7.0892e+02ğ›€ cm
2023-03-29 18:31:43,405 INFO Measurement at current 0.005879396984924623
2023-03-29 18:31:44,004 INFO T:126.75Â°K V:5.8794e+00V I:5.8794e-03A R:1.0000e+03ğ›€ E:1.8146e+02V/cm J:2.5730e-01A/cm2 ğ›’:7.0525e+02ğ›€ cm
2023-03-29 18:31:44,027 INFO Measurement at current 0.00592964824120603
2023-03-29 18:31:44,610 INFO T:126.75Â°K V:5.7968e+00V I:5.9296e-03A R:9.7759e+02ğ›€ E:1.7891e+02V/cm J:2.5950e-01A/cm2 ğ›’:6.8944e+02ğ›€ cm
2023-03-29 18:31:44,625 INFO Measurement at current 0.005979899497487437
2023-03-29 18:31:45,211 INFO T:126.74Â°K V:5.7569e+00V I:5.9799e-03A R:9.6271e+02ğ›€ E:1.7768e+02V/cm J:2.6170e-01A/cm2 ğ›’:6.7895e+02ğ›€ cm
2023-03-29 18:31:45,227 INFO Measurement at current 0.006030150753768844
2023-03-29 18:31:45,814 INFO T:126.73Â°K V:5.7612e+00V I:6.0302e-03A R:9.5539e+02ğ›€ E:1.7781e+02V/cm J:2.6390e-01A/cm2 ğ›’:6.7379e+02ğ›€ cm
2023-03-29 18:31:45,827 INFO Measurement at current 0.006080402010050252
2023-03-29 18:31:46,425 INFO T:126.73Â°K V:5.7199e+00V I:6.0804e-03A R:9.4072e+02ğ›€ E:1.7654e+02V/cm J:2.6610e-01A/cm2 ğ›’:6.6344e+02ğ›€ cm
2023-03-29 18:31:46,455 INFO Measurement at current 0.006130653266331659
2023-03-29 18:31:47,047 INFO T:126.72Â°K V:5.6533e+00V I:6.1307e-03A R:9.2214e+02ğ›€ E:1.7449e+02V/cm J:2.6830e-01A/cm2 ğ›’:6.5034e+02ğ›€ cm
2023-03-29 18:31:47,068 INFO Measurement at current 0.006180904522613066
2023-03-29 18:31:47,657 INFO T:126.71Â°K V:5.6428e+00V I:6.1809e-03A R:9.1294e+02ğ›€ E:1.7416e+02V/cm J:2.7050e-01A/cm2 ğ›’:6.4385e+02ğ›€ cm
2023-03-29 18:31:47,679 INFO Measurement at current 0.006231155778894473
2023-03-29 18:31:48,289 INFO T:126.70Â°K V:5.6198e+00V I:6.2312e-03A R:9.0188e+02ğ›€ E:1.7345e+02V/cm J:2.7270e-01A/cm2 ğ›’:6.3605e+02ğ›€ cm
2023-03-29 18:31:48,313 INFO Measurement at current 0.00628140703517588
2023-03-29 18:31:48,906 INFO T:126.70Â°K V:5.6164e+00V I:6.2814e-03A R:8.9413e+02ğ›€ E:1.7335e+02V/cm J:2.7490e-01A/cm2 ğ›’:6.3058e+02ğ›€ cm
2023-03-29 18:31:48,933 INFO Measurement at current 0.006331658291457287
2023-03-29 18:31:49,541 INFO T:126.69Â°K V:5.3731e+00V I:6.3317e-03A R:8.4860e+02ğ›€ E:1.6584e+02V/cm J:2.7710e-01A/cm2 ğ›’:5.9847e+02ğ›€ cm
2023-03-29 18:31:49,559 INFO Measurement at current 0.006381909547738694
2023-03-29 18:31:50,153 INFO T:126.68Â°K V:5.3691e+00V I:6.3819e-03A R:8.4130e+02ğ›€ E:1.6571e+02V/cm J:2.7930e-01A/cm2 ğ›’:5.9333e+02ğ›€ cm
2023-03-29 18:31:50,168 INFO Measurement at current 0.006432160804020101
2023-03-29 18:31:50,761 INFO T:126.68Â°K V:5.3680e+00V I:6.4322e-03A R:8.3456e+02ğ›€ E:1.6568e+02V/cm J:2.8150e-01A/cm2 ğ›’:5.8857e+02ğ›€ cm
2023-03-29 18:31:50,787 INFO Measurement at current 0.006482412060301508
2023-03-29 18:31:51,386 INFO T:126.67Â°K V:5.3725e+00V I:6.4824e-03A R:8.2878e+02ğ›€ E:1.6582e+02V/cm J:2.8369e-01A/cm2 ğ›’:5.8450e+02ğ›€ cm
2023-03-29 18:31:51,411 INFO Measurement at current 0.006532663316582915
2023-03-29 18:31:52,004 INFO T:126.66Â°K V:5.3982e+00V I:6.5327e-03A R:8.2633e+02ğ›€ E:1.6661e+02V/cm J:2.8589e-01A/cm2 ğ›’:5.8277e+02ğ›€ cm
2023-03-29 18:31:52,023 INFO Measurement at current 0.0065829145728643216
2023-03-29 18:31:52,610 INFO T:126.66Â°K V:5.3523e+00V I:6.5829e-03A R:8.1305e+02ğ›€ E:1.6519e+02V/cm J:2.8809e-01A/cm2 ğ›’:5.7340e+02ğ›€ cm
2023-03-29 18:31:52,634 INFO Measurement at current 0.0066331658291457285
2023-03-29 18:31:53,221 INFO T:126.65Â°K V:5.3421e+00V I:6.6332e-03A R:8.0536e+02ğ›€ E:1.6488e+02V/cm J:2.9029e-01A/cm2 ğ›’:5.6798e+02ğ›€ cm
2023-03-29 18:31:53,238 INFO Measurement at current 0.0066834170854271355
2023-03-29 18:31:53,828 INFO T:126.64Â°K V:5.3296e+00V I:6.6834e-03A R:7.9744e+02ğ›€ E:1.6450e+02V/cm J:2.9249e-01A/cm2 ğ›’:5.6239e+02ğ›€ cm
2023-03-29 18:31:53,864 INFO Measurement at current 0.0067336683417085425
2023-03-29 18:31:54,457 INFO T:126.63Â°K V:5.3114e+00V I:6.7337e-03A R:7.8879e+02ğ›€ E:1.6393e+02V/cm J:2.9469e-01A/cm2 ğ›’:5.5629e+02ğ›€ cm
2023-03-29 18:31:54,479 INFO Measurement at current 0.0067839195979899495
2023-03-29 18:31:55,082 INFO T:126.63Â°K V:5.3191e+00V I:6.7839e-03A R:7.8407e+02ğ›€ E:1.6417e+02V/cm J:2.9689e-01A/cm2 ğ›’:5.5297e+02ğ›€ cm
2023-03-29 18:31:55,100 INFO Measurement at current 0.006834170854271357
2023-03-29 18:31:55,735 INFO T:126.62Â°K V:5.3247e+00V I:6.8342e-03A R:7.7913e+02ğ›€ E:1.6434e+02V/cm J:2.9909e-01A/cm2 ğ›’:5.4948e+02ğ›€ cm
2023-03-29 18:31:55,758 INFO Measurement at current 0.006884422110552764
2023-03-29 18:31:56,352 INFO T:126.61Â°K V:5.3076e+00V I:6.8844e-03A R:7.7096e+02ğ›€ E:1.6382e+02V/cm J:3.0129e-01A/cm2 ğ›’:5.4372e+02ğ›€ cm
2023-03-29 18:31:56,384 INFO Measurement at current 0.006934673366834171
2023-03-29 18:31:56,975 INFO T:126.61Â°K V:5.2979e+00V I:6.9347e-03A R:7.6398e+02ğ›€ E:1.6352e+02V/cm J:3.0349e-01A/cm2 ğ›’:5.3879e+02ğ›€ cm
2023-03-29 18:31:56,993 INFO Measurement at current 0.006984924623115578
2023-03-29 18:31:57,590 INFO T:126.60Â°K V:5.2842e+00V I:6.9849e-03A R:7.5651e+02ğ›€ E:1.6309e+02V/cm J:3.0569e-01A/cm2 ğ›’:5.3353e+02ğ›€ cm
2023-03-29 18:31:57,635 INFO Measurement at current 0.007035175879396985
2023-03-29 18:31:58,233 INFO T:126.59Â°K V:5.2917e+00V I:7.0352e-03A R:7.5218e+02ğ›€ E:1.6333e+02V/cm J:3.0789e-01A/cm2 ğ›’:5.3047e+02ğ›€ cm
2023-03-29 18:31:58,268 INFO Measurement at current 0.007085427135678392
2023-03-29 18:31:58,857 INFO T:126.59Â°K V:5.2934e+00V I:7.0854e-03A R:7.4709e+02ğ›€ E:1.6338e+02V/cm J:3.1008e-01A/cm2 ğ›’:5.2688e+02ğ›€ cm
2023-03-29 18:31:58,875 INFO Measurement at current 0.007135678391959799
2023-03-29 18:31:59,464 INFO T:126.58Â°K V:5.2947e+00V I:7.1357e-03A R:7.4200e+02ğ›€ E:1.6342e+02V/cm J:3.1228e-01A/cm2 ğ›’:5.2329e+02ğ›€ cm
2023-03-29 18:31:59,491 INFO Measurement at current 0.007185929648241206
2023-03-29 18:32:00,091 INFO T:126.57Â°K V:5.3585e+00V I:7.1859e-03A R:7.4570e+02ğ›€ E:1.6539e+02V/cm J:3.1448e-01A/cm2 ğ›’:5.2590e+02ğ›€ cm
2023-03-29 18:32:00,112 INFO Measurement at current 0.007236180904522613
2023-03-29 18:32:00,723 INFO T:126.57Â°K V:5.4273e+00V I:7.2362e-03A R:7.5002e+02ğ›€ E:1.6751e+02V/cm J:3.1668e-01A/cm2 ğ›’:5.2895e+02ğ›€ cm
2023-03-29 18:32:00,749 INFO Measurement at current 0.00728643216080402
2023-03-29 18:32:01,338 INFO T:126.56Â°K V:5.2675e+00V I:7.2864e-03A R:7.2291e+02ğ›€ E:1.6258e+02V/cm J:3.1888e-01A/cm2 ğ›’:5.0983e+02ğ›€ cm
2023-03-29 18:32:01,357 INFO Measurement at current 0.007336683417085427
2023-03-29 18:32:01,951 INFO T:126.55Â°K V:5.2533e+00V I:7.3367e-03A R:7.1604e+02ğ›€ E:1.6214e+02V/cm J:3.2108e-01A/cm2 ğ›’:5.0498e+02ğ›€ cm
2023-03-29 18:32:01,975 INFO Measurement at current 0.007386934673366834
2023-03-29 18:32:02,565 INFO T:126.54Â°K V:5.2449e+00V I:7.3869e-03A R:7.1002e+02ğ›€ E:1.6188e+02V/cm J:3.2328e-01A/cm2 ğ›’:5.0074e+02ğ›€ cm
2023-03-29 18:32:02,584 INFO Measurement at current 0.007437185929648241
2023-03-29 18:32:03,168 INFO T:126.54Â°K V:5.2372e+00V I:7.4372e-03A R:7.0419e+02ğ›€ E:1.6164e+02V/cm J:3.2548e-01A/cm2 ğ›’:4.9663e+02ğ›€ cm
2023-03-29 18:32:03,187 INFO Measurement at current 0.007487437185929648
2023-03-29 18:32:03,803 INFO T:126.53Â°K V:5.1805e+00V I:7.4874e-03A R:6.9189e+02ğ›€ E:1.5989e+02V/cm J:3.2768e-01A/cm2 ğ›’:4.8795e+02ğ›€ cm
2023-03-29 18:32:03,822 INFO Measurement at current 0.007537688442211056
2023-03-29 18:32:04,415 INFO T:126.52Â°K V:5.1417e+00V I:7.5377e-03A R:6.8213e+02ğ›€ E:1.5869e+02V/cm J:3.2988e-01A/cm2 ğ›’:4.8107e+02ğ›€ cm
2023-03-29 18:32:04,434 INFO Measurement at current 0.007587939698492463
2023-03-29 18:32:05,041 INFO T:126.52Â°K V:5.1251e+00V I:7.5879e-03A R:6.7542e+02ğ›€ E:1.5818e+02V/cm J:3.3208e-01A/cm2 ğ›’:4.7634e+02ğ›€ cm
2023-03-29 18:32:05,062 INFO Measurement at current 0.00763819095477387
2023-03-29 18:32:05,649 INFO T:126.51Â°K V:5.1626e+00V I:7.6382e-03A R:6.7589e+02ğ›€ E:1.5934e+02V/cm J:3.3428e-01A/cm2 ğ›’:4.7667e+02ğ›€ cm
2023-03-29 18:32:05,671 INFO Measurement at current 0.007688442211055277
2023-03-29 18:32:06,274 INFO T:126.50Â°K V:5.1415e+00V I:7.6884e-03A R:6.6873e+02ğ›€ E:1.5869e+02V/cm J:3.3647e-01A/cm2 ğ›’:4.7162e+02ğ›€ cm
2023-03-29 18:32:06,300 INFO Measurement at current 0.007738693467336684
2023-03-29 18:32:06,896 INFO T:126.50Â°K V:5.1319e+00V I:7.7387e-03A R:6.6315e+02ğ›€ E:1.5839e+02V/cm J:3.3867e-01A/cm2 ğ›’:4.6768e+02ğ›€ cm
2023-03-29 18:32:06,913 INFO Measurement at current 0.007788944723618091
2023-03-29 18:32:07,502 INFO T:126.49Â°K V:5.1533e+00V I:7.7889e-03A R:6.6161e+02ğ›€ E:1.5905e+02V/cm J:3.4087e-01A/cm2 ğ›’:4.6660e+02ğ›€ cm
2023-03-29 18:32:07,530 INFO Measurement at current 0.007839195979899497
2023-03-29 18:32:08,138 INFO T:126.48Â°K V:5.1158e+00V I:7.8392e-03A R:6.5259e+02ğ›€ E:1.5790e+02V/cm J:3.4307e-01A/cm2 ğ›’:4.6024e+02ğ›€ cm
2023-03-29 18:32:08,165 INFO Measurement at current 0.007889447236180906
2023-03-29 18:32:08,762 INFO T:126.48Â°K V:5.1027e+00V I:7.8894e-03A R:6.4677e+02ğ›€ E:1.5749e+02V/cm J:3.4527e-01A/cm2 ğ›’:4.5614e+02ğ›€ cm
2023-03-29 18:32:08,783 INFO Measurement at current 0.007939698492462312
2023-03-29 18:32:09,383 INFO T:126.47Â°K V:5.0968e+00V I:7.9397e-03A R:6.4194e+02ğ›€ E:1.5731e+02V/cm J:3.4747e-01A/cm2 ğ›’:4.5272e+02ğ›€ cm
2023-03-29 18:32:09,398 INFO Measurement at current 0.00798994974874372
2023-03-29 18:32:09,981 INFO T:126.46Â°K V:5.0866e+00V I:7.9899e-03A R:6.3662e+02ğ›€ E:1.5699e+02V/cm J:3.4967e-01A/cm2 ğ›’:4.4897e+02ğ›€ cm
2023-03-29 18:32:09,998 INFO Measurement at current 0.008040201005025126
2023-03-29 18:32:10,594 INFO T:126.46Â°K V:5.0991e+00V I:8.0402e-03A R:6.3420e+02ğ›€ E:1.5738e+02V/cm J:3.5187e-01A/cm2 ğ›’:4.4727e+02ğ›€ cm
2023-03-29 18:32:10,611 INFO Measurement at current 0.008090452261306533
2023-03-29 18:32:11,196 INFO T:126.45Â°K V:5.0827e+00V I:8.0905e-03A R:6.2823e+02ğ›€ E:1.5687e+02V/cm J:3.5407e-01A/cm2 ğ›’:4.4306e+02ğ›€ cm
2023-03-29 18:32:11,224 INFO Measurement at current 0.00814070351758794
2023-03-29 18:32:11,812 INFO T:126.44Â°K V:5.0615e+00V I:8.1407e-03A R:6.2175e+02ğ›€ E:1.5622e+02V/cm J:3.5627e-01A/cm2 ğ›’:4.3849e+02ğ›€ cm
2023-03-29 18:32:11,831 INFO Measurement at current 0.008190954773869347
2023-03-29 18:32:12,443 INFO T:126.44Â°K V:5.0758e+00V I:8.1910e-03A R:6.1968e+02ğ›€ E:1.5666e+02V/cm J:3.5847e-01A/cm2 ğ›’:4.3703e+02ğ›€ cm
2023-03-29 18:32:12,476 INFO Measurement at current 0.008241206030150754
2023-03-29 18:32:13,075 INFO T:126.43Â°K V:5.1758e+00V I:8.2412e-03A R:6.2804e+02ğ›€ E:1.5975e+02V/cm J:3.6067e-01A/cm2 ğ›’:4.4292e+02ğ›€ cm
2023-03-29 18:32:13,099 INFO Measurement at current 0.008291457286432161
2023-03-29 18:32:13,690 INFO T:126.42Â°K V:5.1342e+00V I:8.2915e-03A R:6.1922e+02ğ›€ E:1.5846e+02V/cm J:3.6286e-01A/cm2 ğ›’:4.3670e+02ğ›€ cm
2023-03-29 18:32:13,709 INFO Measurement at current 0.008341708542713568
2023-03-29 18:32:14,299 INFO T:126.42Â°K V:5.1167e+00V I:8.3417e-03A R:6.1339e+02ğ›€ E:1.5792e+02V/cm J:3.6506e-01A/cm2 ğ›’:4.3259e+02ğ›€ cm
2023-03-29 18:32:14,316 INFO Measurement at current 0.008391959798994975
2023-03-29 18:32:14,903 INFO T:126.41Â°K V:5.1089e+00V I:8.3920e-03A R:6.0878e+02ğ›€ E:1.5768e+02V/cm J:3.6726e-01A/cm2 ğ›’:4.2934e+02ğ›€ cm
2023-03-29 18:32:14,928 INFO Measurement at current 0.008442211055276382
2023-03-29 18:32:15,530 INFO T:126.40Â°K V:5.1273e+00V I:8.4422e-03A R:6.0734e+02ğ›€ E:1.5825e+02V/cm J:3.6946e-01A/cm2 ğ›’:4.2832e+02ğ›€ cm
2023-03-29 18:32:15,550 INFO Measurement at current 0.00849246231155779
2023-03-29 18:32:16,154 INFO T:126.40Â°K V:5.1462e+00V I:8.4925e-03A R:6.0597e+02ğ›€ E:1.5883e+02V/cm J:3.7166e-01A/cm2 ğ›’:4.2736e+02ğ›€ cm
2023-03-29 18:32:16,173 INFO Measurement at current 0.008542713567839196
2023-03-29 18:32:16,769 INFO T:126.39Â°K V:5.1063e+00V I:8.5427e-03A R:5.9773e+02ğ›€ E:1.5760e+02V/cm J:3.7386e-01A/cm2 ğ›’:4.2155e+02ğ›€ cm
2023-03-29 18:32:16,785 INFO Measurement at current 0.008592964824120603
2023-03-29 18:32:17,389 INFO T:126.38Â°K V:5.1220e+00V I:8.5930e-03A R:5.9607e+02ğ›€ E:1.5809e+02V/cm J:3.7606e-01A/cm2 ğ›’:4.2038e+02ğ›€ cm
2023-03-29 18:32:17,405 INFO Measurement at current 0.00864321608040201
2023-03-29 18:32:18,008 INFO T:126.38Â°K V:5.0927e+00V I:8.6432e-03A R:5.8921e+02ğ›€ E:1.5718e+02V/cm J:3.7826e-01A/cm2 ğ›’:4.1554e+02ğ›€ cm
2023-03-29 18:32:18,040 INFO Measurement at current 0.008693467336683417
2023-03-29 18:32:18,643 INFO T:126.37Â°K V:5.0796e+00V I:8.6935e-03A R:5.8430e+02ğ›€ E:1.5678e+02V/cm J:3.8046e-01A/cm2 ğ›’:4.1207e+02ğ›€ cm
2023-03-29 18:32:18,662 INFO Measurement at current 0.008743718592964824
2023-03-29 18:32:19,253 INFO T:126.36Â°K V:5.0785e+00V I:8.7437e-03A R:5.8082e+02ğ›€ E:1.5674e+02V/cm J:3.8266e-01A/cm2 ğ›’:4.0962e+02ğ›€ cm
2023-03-29 18:32:19,272 INFO Measurement at current 0.008793969849246231
2023-03-29 18:32:19,878 INFO T:126.36Â°K V:5.0781e+00V I:8.7940e-03A R:5.7745e+02ğ›€ E:1.5673e+02V/cm J:3.8486e-01A/cm2 ğ›’:4.0724e+02ğ›€ cm
2023-03-29 18:32:19,893 INFO Measurement at current 0.008844221105527638
2023-03-29 18:32:20,479 INFO T:126.35Â°K V:5.0645e+00V I:8.8442e-03A R:5.7263e+02ğ›€ E:1.5631e+02V/cm J:3.8706e-01A/cm2 ğ›’:4.0384e+02ğ›€ cm
2023-03-29 18:32:20,500 INFO Measurement at current 0.008894472361809045
2023-03-29 18:32:21,084 INFO T:126.34Â°K V:5.0384e+00V I:8.8945e-03A R:5.6646e+02ğ›€ E:1.5551e+02V/cm J:3.8925e-01A/cm2 ğ›’:3.9950e+02ğ›€ cm
2023-03-29 18:32:21,099 INFO Measurement at current 0.008944723618090452
2023-03-29 18:32:21,684 INFO T:126.34Â°K V:5.0402e+00V I:8.9447e-03A R:5.6348e+02ğ›€ E:1.5556e+02V/cm J:3.9145e-01A/cm2 ğ›’:3.9739e+02ğ›€ cm
2023-03-29 18:32:21,703 INFO Measurement at current 0.008994974874371859
2023-03-29 18:32:22,310 INFO T:126.33Â°K V:5.0348e+00V I:8.9950e-03A R:5.5974e+02ğ›€ E:1.5540e+02V/cm J:3.9365e-01A/cm2 ğ›’:3.9475e+02ğ›€ cm
2023-03-29 18:32:22,336 INFO Measurement at current 0.009045226130653266
2023-03-29 18:32:22,935 INFO T:126.32Â°K V:5.0102e+00V I:9.0452e-03A R:5.5391e+02ğ›€ E:1.5464e+02V/cm J:3.9585e-01A/cm2 ğ›’:3.9064e+02ğ›€ cm
2023-03-29 18:32:22,952 INFO Measurement at current 0.009095477386934673
2023-03-29 18:32:23,544 INFO T:126.32Â°K V:4.9946e+00V I:9.0955e-03A R:5.4913e+02ğ›€ E:1.5415e+02V/cm J:3.9805e-01A/cm2 ğ›’:3.8727e+02ğ›€ cm
2023-03-29 18:32:23,583 INFO Measurement at current 0.00914572864321608
2023-03-29 18:32:24,189 INFO T:126.31Â°K V:4.9686e+00V I:9.1457e-03A R:5.4327e+02ğ›€ E:1.5335e+02V/cm J:4.0025e-01A/cm2 ğ›’:3.8314e+02ğ›€ cm
2023-03-29 18:32:24,243 INFO Measurement at current 0.009195979899497487
2023-03-29 18:32:24,833 INFO T:126.30Â°K V:4.9680e+00V I:9.1960e-03A R:5.4024e+02ğ›€ E:1.5333e+02V/cm J:4.0245e-01A/cm2 ğ›’:3.8100e+02ğ›€ cm
2023-03-29 18:32:24,857 INFO Measurement at current 0.009246231155778894
2023-03-29 18:32:25,464 INFO T:126.29Â°K V:5.0049e+00V I:9.2462e-03A R:5.4129e+02ğ›€ E:1.5447e+02V/cm J:4.0465e-01A/cm2 ğ›’:3.8174e+02ğ›€ cm
2023-03-29 18:32:25,494 INFO Measurement at current 0.009296482412060303
2023-03-29 18:32:26,079 INFO T:126.29Â°K V:4.4710e+00V I:9.2965e-03A R:4.8094e+02ğ›€ E:1.3799e+02V/cm J:4.0685e-01A/cm2 ğ›’:3.3918e+02ğ›€ cm
2023-03-29 18:32:26,096 INFO Measurement at current 0.00934673366834171
2023-03-29 18:32:26,693 INFO T:126.28Â°K V:4.4713e+00V I:9.3467e-03A R:4.7838e+02ğ›€ E:1.3800e+02V/cm J:4.0905e-01A/cm2 ğ›’:3.3738e+02ğ›€ cm
2023-03-29 18:32:26,734 INFO Measurement at current 0.009396984924623117
2023-03-29 18:32:27,320 INFO T:126.28Â°K V:4.4730e+00V I:9.3970e-03A R:4.7600e+02ğ›€ E:1.3806e+02V/cm J:4.1125e-01A/cm2 ğ›’:3.3570e+02ğ›€ cm
2023-03-29 18:32:27,337 INFO Measurement at current 0.009447236180904523
2023-03-29 18:32:27,929 INFO T:126.27Â°K V:4.4708e+00V I:9.4472e-03A R:4.7324e+02ğ›€ E:1.3799e+02V/cm J:4.1345e-01A/cm2 ğ›’:3.3375e+02ğ›€ cm
2023-03-29 18:32:27,956 INFO Measurement at current 0.00949748743718593
2023-03-29 18:32:28,550 INFO T:126.26Â°K V:4.4718e+00V I:9.4975e-03A R:4.7084e+02ğ›€ E:1.3802e+02V/cm J:4.1564e-01A/cm2 ğ›’:3.3206e+02ğ›€ cm
2023-03-29 18:32:28,568 INFO Measurement at current 0.009547738693467337
2023-03-29 18:32:29,155 INFO T:126.26Â°K V:4.4682e+00V I:9.5477e-03A R:4.6799e+02ğ›€ E:1.3791e+02V/cm J:4.1784e-01A/cm2 ğ›’:3.3005e+02ğ›€ cm
2023-03-29 18:32:29,181 INFO Measurement at current 0.009597989949748744
2023-03-29 18:32:29,769 INFO T:126.25Â°K V:4.4642e+00V I:9.5980e-03A R:4.6512e+02ğ›€ E:1.3778e+02V/cm J:4.2004e-01A/cm2 ğ›’:3.2802e+02ğ›€ cm
2023-03-29 18:32:29,816 INFO Measurement at current 0.009648241206030151
2023-03-29 18:32:30,402 INFO T:126.24Â°K V:4.4583e+00V I:9.6482e-03A R:4.6209e+02ğ›€ E:1.3760e+02V/cm J:4.2224e-01A/cm2 ğ›’:3.2589e+02ğ›€ cm
2023-03-29 18:32:30,420 INFO Measurement at current 0.009698492462311558
2023-03-29 18:32:31,014 INFO T:126.24Â°K V:4.4554e+00V I:9.6985e-03A R:4.5939e+02ğ›€ E:1.3751e+02V/cm J:4.2444e-01A/cm2 ğ›’:3.2398e+02ğ›€ cm
2023-03-29 18:32:31,031 INFO Measurement at current 0.009748743718592965
2023-03-29 18:32:31,627 INFO T:126.23Â°K V:4.4501e+00V I:9.7487e-03A R:4.5648e+02ğ›€ E:1.3735e+02V/cm J:4.2664e-01A/cm2 ğ›’:3.2193e+02ğ›€ cm
2023-03-29 18:32:31,667 INFO Measurement at current 0.009798994974874372
2023-03-29 18:32:32,258 INFO T:126.22Â°K V:4.4450e+00V I:9.7990e-03A R:4.5362e+02ğ›€ E:1.3719e+02V/cm J:4.2884e-01A/cm2 ğ›’:3.1991e+02ğ›€ cm
2023-03-29 18:32:32,274 INFO Measurement at current 0.00984924623115578
2023-03-29 18:32:32,865 INFO T:126.22Â°K V:4.4392e+00V I:9.8492e-03A R:4.5071e+02ğ›€ E:1.3701e+02V/cm J:4.3104e-01A/cm2 ğ›’:3.1786e+02ğ›€ cm
2023-03-29 18:32:32,882 INFO Measurement at current 0.009899497487437186
2023-03-29 18:32:33,484 INFO T:126.21Â°K V:4.4352e+00V I:9.8995e-03A R:4.4803e+02ğ›€ E:1.3689e+02V/cm J:4.3324e-01A/cm2 ğ›’:3.1597e+02ğ›€ cm
2023-03-29 18:32:33,502 INFO Measurement at current 0.009949748743718593
2023-03-29 18:32:34,098 INFO T:126.20Â°K V:4.4284e+00V I:9.9497e-03A R:4.4508e+02ğ›€ E:1.3668e+02V/cm J:4.3544e-01A/cm2 ğ›’:3.1389e+02ğ›€ cm
2023-03-29 18:32:34,131 INFO Measurement at current 0.01
2023-03-29 18:32:34,725 INFO T:126.20Â°K V:4.4248e+00V I:1.0000e-02A R:4.4248e+02ğ›€ E:1.3657e+02V/cm J:4.3764e-01A/cm2 ğ›’:3.1206e+02ğ›€ cm
2023-03-29 18:32:49,899 INFO Save the description file
2023-03-29 18:32:49,904 INFO Save data in numpy format Esperimenti/CPRO_MUSA_290323_I_V/CPRO_MUSA_290323_I_V_current_from_0_to_100e-4A/CPRO_MUSA_290323_I_V_current_from_0_to_100e-4A-20230329183247
2023-03-29 18:32:49,932 INFO Save data in CSV format Esperimenti/CPRO_MUSA_290323_I_V/CPRO_MUSA_290323_I_V_current_from_0_to_100e-4A/CPRO_MUSA_290323_I_V_current_from_0_to_100e-4A-20230329183247.csv
2023-03-29 18:32:49,947 INFO Save plot as image Esperimenti/CPRO_MUSA_290323_I_V/CPRO_MUSA_290323_I_V_current_from_0_to_100e-4A/CPRO_MUSA_290323_I_V_current_from_0_to_100e-4A-20230329183247.png
