2023-03-29 15:00:20,387 INFO ### Start experiment: CPRO_MUSA_290323_I_V current from 0 to 100e-4A ###
2023-03-29 15:00:21,731 INFO Found Multimeter KEITHLEY INSTRUMENTS INC.,MODEL 2700,0884890,B03  /A02  

2023-03-29 15:00:22,761 INFO Found Nanovolt Meter KEITHLEY INSTRUMENTS INC.,MODEL 2182A,4056474,C03  /A02  

2023-03-29 15:00:22,871 INFO Found Source Meter KEITHLEY INSTRUMENTS INC.,MODEL 2400,0945684,C24   Feb 14 2002 11:59:45/A02  /K/H

2023-03-29 15:00:22,994 INFO Start the measurement loop
2023-03-29 15:00:27,671 INFO Measurement at current 0.0
2023-03-29 15:00:28,583 INFO T:208.48Â°K V:-7.1663e-05V I:0.0000e+00A R:-infğ›€ E:-2.2118e-03V/cm J:0.0000e+00A/cm2 ğ›’:-infğ›€ cm
2023-03-29 15:00:28,606 INFO Measurement at current 5.0251256281407036e-05
2023-03-29 15:00:29,851 INFO T:208.48Â°K V:1.8570e-02V I:5.0251e-05A R:3.6955e+02ğ›€ E:5.7315e-01V/cm J:2.1992e-03A/cm2 ğ›’:2.6062e+02ğ›€ cm
2023-03-29 15:00:29,886 INFO Measurement at current 0.00010050251256281407
2023-03-29 15:00:30,481 INFO T:208.48Â°K V:3.7330e-02V I:1.0050e-04A R:3.7143e+02ğ›€ E:1.1521e+00V/cm J:4.3984e-03A/cm2 ğ›’:2.6195e+02ğ›€ cm
2023-03-29 15:00:30,507 INFO Measurement at current 0.00015075376884422112
2023-03-29 15:00:31,094 INFO T:208.47Â°K V:5.5842e-02V I:1.5075e-04A R:3.7042e+02ğ›€ E:1.7235e+00V/cm J:6.5975e-03A/cm2 ğ›’:2.6124e+02ğ›€ cm
2023-03-29 15:00:31,114 INFO Measurement at current 0.00020100502512562814
2023-03-29 15:00:31,720 INFO T:208.47Â°K V:7.4393e-02V I:2.0101e-04A R:3.7010e+02ğ›€ E:2.2961e+00V/cm J:8.7967e-03A/cm2 ğ›’:2.6101e+02ğ›€ cm
2023-03-29 15:00:31,743 INFO Measurement at current 0.0002512562814070352
2023-03-29 15:00:32,345 INFO T:208.47Â°K V:9.3088e-02V I:2.5126e-04A R:3.7049e+02ğ›€ E:2.8731e+00V/cm J:1.0996e-02A/cm2 ğ›’:2.6129e+02ğ›€ cm
2023-03-29 15:00:32,377 INFO Measurement at current 0.00030150753768844223
2023-03-29 15:00:32,971 INFO T:208.46Â°K V:1.1131e-01V I:3.0151e-04A R:3.6919e+02ğ›€ E:3.4356e+00V/cm J:1.3195e-02A/cm2 ğ›’:2.6037e+02ğ›€ cm
2023-03-29 15:00:32,993 INFO Measurement at current 0.00035175879396984926
2023-03-29 15:00:34,325 INFO T:208.46Â°K V:1.2848e-01V I:3.5176e-04A R:3.6526e+02ğ›€ E:3.9655e+00V/cm J:1.5394e-02A/cm2 ğ›’:2.5760e+02ğ›€ cm
2023-03-29 15:00:34,348 INFO Measurement at current 0.0004020100502512563
2023-03-29 15:00:34,953 INFO T:208.46Â°K V:1.4556e-01V I:4.0201e-04A R:3.6207e+02ğ›€ E:4.4925e+00V/cm J:1.7593e-02A/cm2 ğ›’:2.5535e+02ğ›€ cm
2023-03-29 15:00:34,967 INFO Measurement at current 0.0004522613065326633
2023-03-29 15:00:35,550 INFO T:208.45Â°K V:1.6213e-01V I:4.5226e-04A R:3.5848e+02ğ›€ E:5.0039e+00V/cm J:1.9793e-02A/cm2 ğ›’:2.5282e+02ğ›€ cm
2023-03-29 15:00:35,566 INFO Measurement at current 0.0005025125628140704
2023-03-29 15:00:36,167 INFO T:208.45Â°K V:1.7889e-01V I:5.0251e-04A R:3.5599e+02ğ›€ E:5.5212e+00V/cm J:2.1992e-02A/cm2 ğ›’:2.5106e+02ğ›€ cm
2023-03-29 15:00:36,189 INFO Measurement at current 0.0005527638190954774
2023-03-29 15:00:36,792 INFO T:208.45Â°K V:1.9540e-01V I:5.5276e-04A R:3.5350e+02ğ›€ E:6.0310e+00V/cm J:2.4191e-02A/cm2 ğ›’:2.4931e+02ğ›€ cm
2023-03-29 15:00:36,816 INFO Measurement at current 0.0006030150753768845
2023-03-29 15:00:37,423 INFO T:208.45Â°K V:2.1198e-01V I:6.0302e-04A R:3.5154e+02ğ›€ E:6.5426e+00V/cm J:2.6390e-02A/cm2 ğ›’:2.4792e+02ğ›€ cm
2023-03-29 15:00:37,461 INFO Measurement at current 0.0006532663316582914
2023-03-29 15:00:38,053 INFO T:208.44Â°K V:2.2786e-01V I:6.5327e-04A R:3.4880e+02ğ›€ E:7.0326e+00V/cm J:2.8589e-02A/cm2 ğ›’:2.4599e+02ğ›€ cm
2023-03-29 15:00:38,074 INFO Measurement at current 0.0007035175879396985
2023-03-29 15:00:38,667 INFO T:208.44Â°K V:2.4350e-01V I:7.0352e-04A R:3.4612e+02ğ›€ E:7.5154e+00V/cm J:3.0789e-02A/cm2 ğ›’:2.4410e+02ğ›€ cm
2023-03-29 15:00:38,683 INFO Measurement at current 0.0007537688442211055
2023-03-29 15:00:39,272 INFO T:208.44Â°K V:2.5810e-01V I:7.5377e-04A R:3.4242e+02ğ›€ E:7.9661e+00V/cm J:3.2988e-02A/cm2 ğ›’:2.4149e+02ğ›€ cm
2023-03-29 15:00:39,289 INFO Measurement at current 0.0008040201005025126
2023-03-29 15:00:39,880 INFO T:208.43Â°K V:2.7361e-01V I:8.0402e-04A R:3.4030e+02ğ›€ E:8.4448e+00V/cm J:3.5187e-02A/cm2 ğ›’:2.4000e+02ğ›€ cm
2023-03-29 15:00:39,904 INFO Measurement at current 0.0008542713567839197
2023-03-29 15:00:40,503 INFO T:208.43Â°K V:2.8890e-01V I:8.5427e-04A R:3.3818e+02ğ›€ E:8.9166e+00V/cm J:3.7386e-02A/cm2 ğ›’:2.3850e+02ğ›€ cm
2023-03-29 15:00:40,518 INFO Measurement at current 0.0009045226130653266
2023-03-29 15:00:41,108 INFO T:208.43Â°K V:3.0270e-01V I:9.0452e-04A R:3.3465e+02ğ›€ E:9.3425e+00V/cm J:3.9585e-02A/cm2 ğ›’:2.3601e+02ğ›€ cm
2023-03-29 15:00:41,126 INFO Measurement at current 0.0009547738693467337
2023-03-29 15:00:41,722 INFO T:208.43Â°K V:3.1778e-01V I:9.5477e-04A R:3.3283e+02ğ›€ E:9.8079e+00V/cm J:4.1784e-02A/cm2 ğ›’:2.3473e+02ğ›€ cm
2023-03-29 15:00:41,746 INFO Measurement at current 0.0010050251256281408
2023-03-29 15:00:42,348 INFO T:208.42Â°K V:3.3257e-01V I:1.0050e-03A R:3.3091e+02ğ›€ E:1.0265e+01V/cm J:4.3984e-02A/cm2 ğ›’:2.3337e+02ğ›€ cm
2023-03-29 15:00:42,372 INFO Measurement at current 0.0010552763819095478
2023-03-29 15:00:42,968 INFO T:208.42Â°K V:3.4747e-01V I:1.0553e-03A R:3.2927e+02ğ›€ E:1.0724e+01V/cm J:4.6183e-02A/cm2 ğ›’:2.3222e+02ğ›€ cm
2023-03-29 15:00:42,991 INFO Measurement at current 0.0011055276381909548
2023-03-29 15:00:43,597 INFO T:208.42Â°K V:3.6429e-01V I:1.1055e-03A R:3.2952e+02ğ›€ E:1.1244e+01V/cm J:4.8382e-02A/cm2 ğ›’:2.3239e+02ğ›€ cm
2023-03-29 15:00:43,623 INFO Measurement at current 0.0011557788944723617
2023-03-29 15:00:44,221 INFO T:208.42Â°K V:3.8062e-01V I:1.1558e-03A R:3.2932e+02ğ›€ E:1.1747e+01V/cm J:5.0581e-02A/cm2 ğ›’:2.3225e+02ğ›€ cm
2023-03-29 15:00:44,241 INFO Measurement at current 0.001206030150753769
2023-03-29 15:00:44,827 INFO T:208.41Â°K V:3.9642e-01V I:1.2060e-03A R:3.2870e+02ğ›€ E:1.2235e+01V/cm J:5.2780e-02A/cm2 ğ›’:2.3181e+02ğ›€ cm
2023-03-29 15:00:44,843 INFO Measurement at current 0.001256281407035176
2023-03-29 15:00:45,435 INFO T:208.41Â°K V:4.1242e-01V I:1.2563e-03A R:3.2829e+02ğ›€ E:1.2729e+01V/cm J:5.4979e-02A/cm2 ğ›’:2.3153e+02ğ›€ cm
2023-03-29 15:00:45,457 INFO Measurement at current 0.0013065326633165829
2023-03-29 15:00:46,060 INFO T:208.41Â°K V:4.2783e-01V I:1.3065e-03A R:3.2746e+02ğ›€ E:1.3205e+01V/cm J:5.7179e-02A/cm2 ğ›’:2.3094e+02ğ›€ cm
2023-03-29 15:00:46,083 INFO Measurement at current 0.00135678391959799
2023-03-29 15:00:46,683 INFO T:208.41Â°K V:4.4345e-01V I:1.3568e-03A R:3.2684e+02ğ›€ E:1.3687e+01V/cm J:5.9378e-02A/cm2 ğ›’:2.3050e+02ğ›€ cm
2023-03-29 15:00:46,700 INFO Measurement at current 0.001407035175879397
2023-03-29 15:00:47,287 INFO T:208.40Â°K V:4.5941e-01V I:1.4070e-03A R:3.2651e+02ğ›€ E:1.4179e+01V/cm J:6.1577e-02A/cm2 ğ›’:2.3027e+02ğ›€ cm
2023-03-29 15:00:47,312 INFO Measurement at current 0.001457286432160804
2023-03-29 15:00:47,898 INFO T:208.40Â°K V:4.7466e-01V I:1.4573e-03A R:3.2572e+02ğ›€ E:1.4650e+01V/cm J:6.3776e-02A/cm2 ğ›’:2.2971e+02ğ›€ cm
2023-03-29 15:00:47,920 INFO Measurement at current 0.001507537688442211
2023-03-29 15:00:48,512 INFO T:208.40Â°K V:4.8915e-01V I:1.5075e-03A R:3.2447e+02ğ›€ E:1.5097e+01V/cm J:6.5975e-02A/cm2 ğ›’:2.2883e+02ğ›€ cm
2023-03-29 15:00:48,535 INFO Measurement at current 0.0015577889447236182
2023-03-29 15:00:49,123 INFO T:208.40Â°K V:5.0432e-01V I:1.5578e-03A R:3.2374e+02ğ›€ E:1.5566e+01V/cm J:6.8175e-02A/cm2 ğ›’:2.2832e+02ğ›€ cm
2023-03-29 15:00:49,147 INFO Measurement at current 0.0016080402010050252
2023-03-29 15:00:49,751 INFO T:208.39Â°K V:5.1880e-01V I:1.6080e-03A R:3.2263e+02ğ›€ E:1.6012e+01V/cm J:7.0374e-02A/cm2 ğ›’:2.2753e+02ğ›€ cm
2023-03-29 15:00:49,774 INFO Measurement at current 0.0016582914572864321
2023-03-29 15:00:50,361 INFO T:208.39Â°K V:5.3236e-01V I:1.6583e-03A R:3.2103e+02ğ›€ E:1.6431e+01V/cm J:7.2573e-02A/cm2 ğ›’:2.2640e+02ğ›€ cm
2023-03-29 15:00:50,376 INFO Measurement at current 0.0017085427135678393
2023-03-29 15:00:50,971 INFO T:208.39Â°K V:5.4736e-01V I:1.7085e-03A R:3.2036e+02ğ›€ E:1.6894e+01V/cm J:7.4772e-02A/cm2 ğ›’:2.2594e+02ğ›€ cm
2023-03-29 15:00:50,986 INFO Measurement at current 0.0017587939698492463
2023-03-29 15:00:51,572 INFO T:208.39Â°K V:5.5967e-01V I:1.7588e-03A R:3.1821e+02ğ›€ E:1.7274e+01V/cm J:7.6971e-02A/cm2 ğ›’:2.2442e+02ğ›€ cm
2023-03-29 15:00:51,594 INFO Measurement at current 0.0018090452261306533
2023-03-29 15:00:52,197 INFO T:208.38Â°K V:5.7451e-01V I:1.8090e-03A R:3.1758e+02ğ›€ E:1.7732e+01V/cm J:7.9170e-02A/cm2 ğ›’:2.2397e+02ğ›€ cm
2023-03-29 15:00:52,238 INFO Measurement at current 0.0018592964824120603
2023-03-29 15:00:52,830 INFO T:208.38Â°K V:5.9040e-01V I:1.8593e-03A R:3.1754e+02ğ›€ E:1.8222e+01V/cm J:8.1370e-02A/cm2 ğ›’:2.2394e+02ğ›€ cm
2023-03-29 15:00:52,847 INFO Measurement at current 0.0019095477386934674
2023-03-29 15:00:53,432 INFO T:208.38Â°K V:6.0216e-01V I:1.9095e-03A R:3.1534e+02ğ›€ E:1.8585e+01V/cm J:8.3569e-02A/cm2 ğ›’:2.2239e+02ğ›€ cm
2023-03-29 15:00:53,448 INFO Measurement at current 0.001959798994974874
2023-03-29 15:00:54,042 INFO T:208.37Â°K V:6.1577e-01V I:1.9598e-03A R:3.1420e+02ğ›€ E:1.9005e+01V/cm J:8.5768e-02A/cm2 ğ›’:2.2159e+02ğ›€ cm
2023-03-29 15:00:54,059 INFO Measurement at current 0.0020100502512562816
2023-03-29 15:00:54,649 INFO T:208.37Â°K V:6.2881e-01V I:2.0101e-03A R:3.1283e+02ğ›€ E:1.9408e+01V/cm J:8.7967e-02A/cm2 ğ›’:2.2062e+02ğ›€ cm
2023-03-29 15:00:54,668 INFO Measurement at current 0.0020603015075376886
2023-03-29 15:00:55,263 INFO T:208.37Â°K V:6.4009e-01V I:2.0603e-03A R:3.1068e+02ğ›€ E:1.9756e+01V/cm J:9.0166e-02A/cm2 ğ›’:2.1911e+02ğ›€ cm
2023-03-29 15:00:55,303 INFO Measurement at current 0.0021105527638190956
2023-03-29 15:00:55,902 INFO T:208.37Â°K V:6.5456e-01V I:2.1106e-03A R:3.1014e+02ğ›€ E:2.0202e+01V/cm J:9.2366e-02A/cm2 ğ›’:2.1872e+02ğ›€ cm
2023-03-29 15:00:55,923 INFO Measurement at current 0.0021608040201005025
2023-03-29 15:00:56,513 INFO T:208.36Â°K V:6.6759e-01V I:2.1608e-03A R:3.0896e+02ğ›€ E:2.0605e+01V/cm J:9.4565e-02A/cm2 ğ›’:2.1789e+02ğ›€ cm
2023-03-29 15:00:56,529 INFO Measurement at current 0.0022110552763819095
2023-03-29 15:00:57,113 INFO T:208.36Â°K V:6.8332e-01V I:2.2111e-03A R:3.0905e+02ğ›€ E:2.1090e+01V/cm J:9.6764e-02A/cm2 ğ›’:2.1795e+02ğ›€ cm
2023-03-29 15:00:57,129 INFO Measurement at current 0.0022613065326633165
2023-03-29 15:00:57,729 INFO T:208.36Â°K V:6.9841e-01V I:2.2613e-03A R:3.0885e+02ğ›€ E:2.1556e+01V/cm J:9.8963e-02A/cm2 ğ›’:2.1782e+02ğ›€ cm
2023-03-29 15:00:57,752 INFO Measurement at current 0.0023115577889447235
2023-03-29 15:00:58,354 INFO T:208.36Â°K V:7.1239e-01V I:2.3116e-03A R:3.0819e+02ğ›€ E:2.1987e+01V/cm J:1.0116e-01A/cm2 ğ›’:2.1735e+02ğ›€ cm
2023-03-29 15:00:58,369 INFO Measurement at current 0.002361809045226131
2023-03-29 15:00:58,961 INFO T:208.35Â°K V:7.2757e-01V I:2.3618e-03A R:3.0806e+02ğ›€ E:2.2456e+01V/cm J:1.0336e-01A/cm2 ğ›’:2.1725e+02ğ›€ cm
2023-03-29 15:00:58,983 INFO Measurement at current 0.002412060301507538
2023-03-29 15:00:59,576 INFO T:208.35Â°K V:7.4206e-01V I:2.4121e-03A R:3.0765e+02ğ›€ E:2.2903e+01V/cm J:1.0556e-01A/cm2 ğ›’:2.1697e+02ğ›€ cm
2023-03-29 15:00:59,594 INFO Measurement at current 0.002462311557788945
2023-03-29 15:01:00,191 INFO T:208.35Â°K V:7.5063e-01V I:2.4623e-03A R:3.0485e+02ğ›€ E:2.3168e+01V/cm J:1.0776e-01A/cm2 ğ›’:2.1499e+02ğ›€ cm
2023-03-29 15:01:00,209 INFO Measurement at current 0.002512562814070352
2023-03-29 15:01:00,803 INFO T:208.35Â°K V:7.6520e-01V I:2.5126e-03A R:3.0455e+02ğ›€ E:2.3617e+01V/cm J:1.0996e-01A/cm2 ğ›’:2.1478e+02ğ›€ cm
2023-03-29 15:01:00,825 INFO Measurement at current 0.0025628140703517588
2023-03-29 15:01:01,426 INFO T:208.34Â°K V:7.7776e-01V I:2.5628e-03A R:3.0348e+02ğ›€ E:2.4005e+01V/cm J:1.1216e-01A/cm2 ğ›’:2.1403e+02ğ›€ cm
2023-03-29 15:01:01,442 INFO Measurement at current 0.0026130653266331657
2023-03-29 15:01:02,027 INFO T:208.34Â°K V:7.7923e-01V I:2.6131e-03A R:2.9821e+02ğ›€ E:2.4050e+01V/cm J:1.1436e-01A/cm2 ğ›’:2.1031e+02ğ›€ cm
2023-03-29 15:01:02,049 INFO Measurement at current 0.0026633165829145727
2023-03-29 15:01:02,635 INFO T:208.34Â°K V:7.8817e-01V I:2.6633e-03A R:2.9594e+02ğ›€ E:2.4326e+01V/cm J:1.1656e-01A/cm2 ğ›’:2.0871e+02ğ›€ cm
2023-03-29 15:01:02,654 INFO Measurement at current 0.00271356783919598
2023-03-29 15:01:03,249 INFO T:208.34Â°K V:7.9628e-01V I:2.7136e-03A R:2.9344e+02ğ›€ E:2.4577e+01V/cm J:1.1876e-01A/cm2 ğ›’:2.0695e+02ğ›€ cm
2023-03-29 15:01:03,268 INFO Measurement at current 0.002763819095477387
2023-03-29 15:01:03,860 INFO T:208.33Â°K V:8.0509e-01V I:2.7638e-03A R:2.9130e+02ğ›€ E:2.4849e+01V/cm J:1.2095e-01A/cm2 ğ›’:2.0544e+02ğ›€ cm
2023-03-29 15:01:03,881 INFO Measurement at current 0.002814070351758794
2023-03-29 15:01:04,474 INFO T:208.33Â°K V:8.1051e-01V I:2.8141e-03A R:2.8802e+02ğ›€ E:2.5016e+01V/cm J:1.2315e-01A/cm2 ğ›’:2.0313e+02ğ›€ cm
2023-03-29 15:01:04,494 INFO Measurement at current 0.002864321608040201
2023-03-29 15:01:05,081 INFO T:208.33Â°K V:8.1765e-01V I:2.8643e-03A R:2.8546e+02ğ›€ E:2.5236e+01V/cm J:1.2535e-01A/cm2 ğ›’:2.0132e+02ğ›€ cm
2023-03-29 15:01:05,097 INFO Measurement at current 0.002914572864321608
2023-03-29 15:01:05,681 INFO T:208.33Â°K V:8.2552e-01V I:2.9146e-03A R:2.8324e+02ğ›€ E:2.5479e+01V/cm J:1.2755e-01A/cm2 ğ›’:1.9975e+02ğ›€ cm
2023-03-29 15:01:05,702 INFO Measurement at current 0.002964824120603015
2023-03-29 15:01:06,298 INFO T:208.32Â°K V:8.3674e-01V I:2.9648e-03A R:2.8222e+02ğ›€ E:2.5825e+01V/cm J:1.2975e-01A/cm2 ğ›’:1.9904e+02ğ›€ cm
2023-03-29 15:01:06,334 INFO Measurement at current 0.003015075376884422
2023-03-29 15:01:06,923 INFO T:208.32Â°K V:8.4849e-01V I:3.0151e-03A R:2.8141e+02ğ›€ E:2.6188e+01V/cm J:1.3195e-01A/cm2 ğ›’:1.9847e+02ğ›€ cm
2023-03-29 15:01:06,938 INFO Measurement at current 0.0030653266331658294
2023-03-29 15:01:07,530 INFO T:208.32Â°K V:8.5937e-01V I:3.0653e-03A R:2.8035e+02ğ›€ E:2.6524e+01V/cm J:1.3415e-01A/cm2 ğ›’:1.9772e+02ğ›€ cm
2023-03-29 15:01:07,548 INFO Measurement at current 0.0031155778894472364
2023-03-29 15:01:08,143 INFO T:208.32Â°K V:8.6910e-01V I:3.1156e-03A R:2.7895e+02ğ›€ E:2.6824e+01V/cm J:1.3635e-01A/cm2 ğ›’:1.9673e+02ğ›€ cm
2023-03-29 15:01:08,159 INFO Measurement at current 0.0031658291457286433
2023-03-29 15:01:08,756 INFO T:208.31Â°K V:8.7864e-01V I:3.1658e-03A R:2.7754e+02ğ›€ E:2.7118e+01V/cm J:1.3855e-01A/cm2 ğ›’:1.9573e+02ğ›€ cm
2023-03-29 15:01:08,775 INFO Measurement at current 0.0032160804020100503
2023-03-29 15:01:09,376 INFO T:208.31Â°K V:8.9209e-01V I:3.2161e-03A R:2.7738e+02ğ›€ E:2.7534e+01V/cm J:1.4075e-01A/cm2 ğ›’:1.9562e+02ğ›€ cm
2023-03-29 15:01:09,395 INFO Measurement at current 0.0032663316582914573
2023-03-29 15:01:09,984 INFO T:208.31Â°K V:9.0430e-01V I:3.2663e-03A R:2.7685e+02ğ›€ E:2.7910e+01V/cm J:1.4295e-01A/cm2 ğ›’:1.9525e+02ğ›€ cm
2023-03-29 15:01:10,000 INFO Measurement at current 0.0033165829145728643
2023-03-29 15:01:10,609 INFO T:208.30Â°K V:9.1413e-01V I:3.3166e-03A R:2.7562e+02ğ›€ E:2.8214e+01V/cm J:1.4515e-01A/cm2 ğ›’:1.9438e+02ğ›€ cm
2023-03-29 15:01:10,629 INFO Measurement at current 0.0033668341708542712
2023-03-29 15:01:11,217 INFO T:208.30Â°K V:9.2614e-01V I:3.3668e-03A R:2.7508e+02ğ›€ E:2.8585e+01V/cm J:1.4735e-01A/cm2 ğ›’:1.9400e+02ğ›€ cm
2023-03-29 15:01:11,236 INFO Measurement at current 0.0034170854271356787
2023-03-29 15:01:11,833 INFO T:208.30Â°K V:9.2670e-01V I:3.4171e-03A R:2.7120e+02ğ›€ E:2.8602e+01V/cm J:1.4954e-01A/cm2 ğ›’:1.9126e+02ğ›€ cm
2023-03-29 15:01:11,851 INFO Measurement at current 0.0034673366834170856
2023-03-29 15:01:12,440 INFO T:208.30Â°K V:9.4072e-01V I:3.4673e-03A R:2.7131e+02ğ›€ E:2.9035e+01V/cm J:1.5174e-01A/cm2 ğ›’:1.9134e+02ğ›€ cm
2023-03-29 15:01:12,460 INFO Measurement at current 0.0035175879396984926
2023-03-29 15:01:13,056 INFO T:208.29Â°K V:9.5193e-01V I:3.5176e-03A R:2.7062e+02ğ›€ E:2.9381e+01V/cm J:1.5394e-01A/cm2 ğ›’:1.9085e+02ğ›€ cm
2023-03-29 15:01:13,074 INFO Measurement at current 0.0035678391959798996
2023-03-29 15:01:13,666 INFO T:208.29Â°K V:9.5013e-01V I:3.5678e-03A R:2.6630e+02ğ›€ E:2.9325e+01V/cm J:1.5614e-01A/cm2 ğ›’:1.8781e+02ğ›€ cm
2023-03-29 15:01:13,703 INFO Measurement at current 0.0036180904522613066
2023-03-29 15:01:14,293 INFO T:208.29Â°K V:9.5792e-01V I:3.6181e-03A R:2.6476e+02ğ›€ E:2.9566e+01V/cm J:1.5834e-01A/cm2 ğ›’:1.8672e+02ğ›€ cm
2023-03-29 15:01:14,330 INFO Measurement at current 0.0036683417085427135
2023-03-29 15:01:14,926 INFO T:208.29Â°K V:9.5418e-01V I:3.6683e-03A R:2.6011e+02ğ›€ E:2.9450e+01V/cm J:1.6054e-01A/cm2 ğ›’:1.8344e+02ğ›€ cm
2023-03-29 15:01:14,945 INFO Measurement at current 0.0037185929648241205
2023-03-29 15:01:15,539 INFO T:208.28Â°K V:9.6831e-01V I:3.7186e-03A R:2.6040e+02ğ›€ E:2.9886e+01V/cm J:1.6274e-01A/cm2 ğ›’:1.8364e+02ğ›€ cm
2023-03-29 15:01:15,590 INFO Measurement at current 0.003768844221105528
2023-03-29 15:01:16,179 INFO T:208.28Â°K V:9.7560e-01V I:3.7688e-03A R:2.5886e+02ğ›€ E:3.0111e+01V/cm J:1.6494e-01A/cm2 ğ›’:1.8256e+02ğ›€ cm
2023-03-29 15:01:16,211 INFO Measurement at current 0.003819095477386935
2023-03-29 15:01:16,804 INFO T:208.28Â°K V:9.8075e-01V I:3.8191e-03A R:2.5680e+02ğ›€ E:3.0270e+01V/cm J:1.6714e-01A/cm2 ğ›’:1.8111e+02ğ›€ cm
2023-03-29 15:01:16,819 INFO Measurement at current 0.003869346733668342
2023-03-29 15:01:17,406 INFO T:208.28Â°K V:9.8357e-01V I:3.8693e-03A R:2.5420e+02ğ›€ E:3.0357e+01V/cm J:1.6934e-01A/cm2 ğ›’:1.7927e+02ğ›€ cm
2023-03-29 15:01:17,433 INFO Measurement at current 0.003919597989949748
2023-03-29 15:01:18,040 INFO T:208.27Â°K V:9.9290e-01V I:3.9196e-03A R:2.5332e+02ğ›€ E:3.0645e+01V/cm J:1.7154e-01A/cm2 ğ›’:1.7865e+02ğ›€ cm
2023-03-29 15:01:18,056 INFO Measurement at current 0.003969849246231156
2023-03-29 15:01:18,651 INFO T:208.27Â°K V:1.0012e+00V I:3.9698e-03A R:2.5221e+02ğ›€ E:3.0902e+01V/cm J:1.7374e-01A/cm2 ğ›’:1.7787e+02ğ›€ cm
2023-03-29 15:01:18,673 INFO Measurement at current 0.004020100502512563
2023-03-29 15:01:19,260 INFO T:208.27Â°K V:1.0117e+00V I:4.0201e-03A R:2.5167e+02ğ›€ E:3.1226e+01V/cm J:1.7593e-01A/cm2 ğ›’:1.7749e+02ğ›€ cm
2023-03-29 15:01:19,277 INFO Measurement at current 0.00407035175879397
2023-03-29 15:01:19,862 INFO T:208.27Â°K V:1.0116e+00V I:4.0704e-03A R:2.4852e+02ğ›€ E:3.1221e+01V/cm J:1.7813e-01A/cm2 ğ›’:1.7527e+02ğ›€ cm
2023-03-29 15:01:19,889 INFO Measurement at current 0.004120603015075377
2023-03-29 15:01:20,484 INFO T:208.26Â°K V:1.0241e+00V I:4.1206e-03A R:2.4853e+02ğ›€ E:3.1607e+01V/cm J:1.8033e-01A/cm2 ğ›’:1.7527e+02ğ›€ cm
2023-03-29 15:01:20,511 INFO Measurement at current 0.004170854271356784
2023-03-29 15:01:21,105 INFO T:208.26Â°K V:1.0326e+00V I:4.1709e-03A R:2.4758e+02ğ›€ E:3.1871e+01V/cm J:1.8253e-01A/cm2 ğ›’:1.7461e+02ğ›€ cm
2023-03-29 15:01:21,135 INFO Measurement at current 0.004221105527638191
2023-03-29 15:01:21,731 INFO T:208.26Â°K V:1.0359e+00V I:4.2211e-03A R:2.4540e+02ğ›€ E:3.1971e+01V/cm J:1.8473e-01A/cm2 ğ›’:1.7307e+02ğ›€ cm
2023-03-29 15:01:21,749 INFO Measurement at current 0.004271356783919598
2023-03-29 15:01:22,342 INFO T:208.26Â°K V:1.0316e+00V I:4.2714e-03A R:2.4153e+02ğ›€ E:3.1841e+01V/cm J:1.8693e-01A/cm2 ğ›’:1.7034e+02ğ›€ cm
2023-03-29 15:01:22,360 INFO Measurement at current 0.004321608040201005
2023-03-29 15:01:22,945 INFO T:208.25Â°K V:1.0389e+00V I:4.3216e-03A R:2.4039e+02ğ›€ E:3.2064e+01V/cm J:1.8913e-01A/cm2 ğ›’:1.6953e+02ğ›€ cm
2023-03-29 15:01:22,973 INFO Measurement at current 0.004371859296482412
2023-03-29 15:01:23,571 INFO T:208.25Â°K V:1.0462e+00V I:4.3719e-03A R:2.3930e+02ğ›€ E:3.2290e+01V/cm J:1.9133e-01A/cm2 ğ›’:1.6877e+02ğ›€ cm
2023-03-29 15:01:23,591 INFO Measurement at current 0.004422110552763819
2023-03-29 15:01:24,184 INFO T:208.25Â°K V:1.0505e+00V I:4.4221e-03A R:2.3756e+02ğ›€ E:3.2423e+01V/cm J:1.9353e-01A/cm2 ğ›’:1.6753e+02ğ›€ cm
2023-03-29 15:01:24,209 INFO Measurement at current 0.004472361809045226
2023-03-29 15:01:24,812 INFO T:208.25Â°K V:1.0615e+00V I:4.4724e-03A R:2.3735e+02ğ›€ E:3.2763e+01V/cm J:1.9573e-01A/cm2 ğ›’:1.6739e+02ğ›€ cm
2023-03-29 15:01:24,840 INFO Measurement at current 0.004522613065326633
2023-03-29 15:01:25,434 INFO T:208.24Â°K V:1.0681e+00V I:4.5226e-03A R:2.3616e+02ğ›€ E:3.2965e+01V/cm J:1.9793e-01A/cm2 ğ›’:1.6655e+02ğ›€ cm
2023-03-29 15:01:25,450 INFO Measurement at current 0.00457286432160804
2023-03-29 15:01:26,046 INFO T:208.24Â°K V:1.0764e+00V I:4.5729e-03A R:2.3539e+02ğ›€ E:3.3223e+01V/cm J:2.0013e-01A/cm2 ğ›’:1.6601e+02ğ›€ cm
2023-03-29 15:01:26,062 INFO Measurement at current 0.004623115577889447
2023-03-29 15:01:26,643 INFO T:208.24Â°K V:1.0834e+00V I:4.6231e-03A R:2.3433e+02ğ›€ E:3.3437e+01V/cm J:2.0232e-01A/cm2 ğ›’:1.6526e+02ğ›€ cm
2023-03-29 15:01:26,660 INFO Measurement at current 0.004673366834170855
2023-03-29 15:01:27,251 INFO T:208.23Â°K V:1.0934e+00V I:4.6734e-03A R:2.3397e+02ğ›€ E:3.3748e+01V/cm J:2.0452e-01A/cm2 ğ›’:1.6501e+02ğ›€ cm
2023-03-29 15:01:27,273 INFO Measurement at current 0.004723618090452262
2023-03-29 15:01:27,855 INFO T:208.23Â°K V:1.0954e+00V I:4.7236e-03A R:2.3189e+02ğ›€ E:3.3808e+01V/cm J:2.0672e-01A/cm2 ğ›’:1.6354e+02ğ›€ cm
2023-03-29 15:01:27,869 INFO Measurement at current 0.004773869346733669
2023-03-29 15:01:28,458 INFO T:208.23Â°K V:1.1013e+00V I:4.7739e-03A R:2.3070e+02ğ›€ E:3.3992e+01V/cm J:2.0892e-01A/cm2 ğ›’:1.6270e+02ğ›€ cm
2023-03-29 15:01:28,474 INFO Measurement at current 0.004824120603015076
2023-03-29 15:01:29,064 INFO T:208.23Â°K V:1.1083e+00V I:4.8241e-03A R:2.2974e+02ğ›€ E:3.4206e+01V/cm J:2.1112e-01A/cm2 ğ›’:1.6202e+02ğ›€ cm
2023-03-29 15:01:29,082 INFO Measurement at current 0.004874371859296483
2023-03-29 15:01:29,664 INFO T:208.23Â°K V:1.1122e+00V I:4.8744e-03A R:2.2817e+02ğ›€ E:3.4326e+01V/cm J:2.1332e-01A/cm2 ğ›’:1.6091e+02ğ›€ cm
2023-03-29 15:01:29,694 INFO Measurement at current 0.00492462311557789
2023-03-29 15:01:30,291 INFO T:208.22Â°K V:1.1169e+00V I:4.9246e-03A R:2.2680e+02ğ›€ E:3.4473e+01V/cm J:2.1552e-01A/cm2 ğ›’:1.5995e+02ğ›€ cm
2023-03-29 15:01:30,315 INFO Measurement at current 0.004974874371859297
2023-03-29 15:01:30,906 INFO T:208.22Â°K V:1.1195e+00V I:4.9749e-03A R:2.2503e+02ğ›€ E:3.4553e+01V/cm J:2.1772e-01A/cm2 ğ›’:1.5870e+02ğ›€ cm
2023-03-29 15:01:30,929 INFO Measurement at current 0.005025125628140704
2023-03-29 15:01:31,519 INFO T:208.22Â°K V:1.1226e+00V I:5.0251e-03A R:2.2340e+02ğ›€ E:3.4648e+01V/cm J:2.1992e-01A/cm2 ğ›’:1.5755e+02ğ›€ cm
2023-03-29 15:01:31,539 INFO Measurement at current 0.005075376884422111
2023-03-29 15:01:32,143 INFO T:208.21Â°K V:1.1280e+00V I:5.0754e-03A R:2.2225e+02ğ›€ E:3.4815e+01V/cm J:2.2212e-01A/cm2 ğ›’:1.5674e+02ğ›€ cm
2023-03-29 15:01:32,165 INFO Measurement at current 0.0051256281407035175
2023-03-29 15:01:32,761 INFO T:208.21Â°K V:1.1364e+00V I:5.1256e-03A R:2.2171e+02ğ›€ E:3.5073e+01V/cm J:2.2432e-01A/cm2 ğ›’:1.5636e+02ğ›€ cm
2023-03-29 15:01:32,778 INFO Measurement at current 0.0051758793969849245
2023-03-29 15:01:33,373 INFO T:208.21Â°K V:1.1380e+00V I:5.1759e-03A R:2.1987e+02ğ›€ E:3.5124e+01V/cm J:2.2652e-01A/cm2 ğ›’:1.5506e+02ğ›€ cm
2023-03-29 15:01:33,396 INFO Measurement at current 0.0052261306532663315
2023-03-29 15:01:33,977 INFO T:208.21Â°K V:1.1407e+00V I:5.2261e-03A R:2.1827e+02ğ›€ E:3.5207e+01V/cm J:2.2871e-01A/cm2 ğ›’:1.5394e+02ğ›€ cm
2023-03-29 15:01:34,001 INFO Measurement at current 0.0052763819095477385
2023-03-29 15:01:34,586 INFO T:208.20Â°K V:1.1476e+00V I:5.2764e-03A R:2.1750e+02ğ›€ E:3.5420e+01V/cm J:2.3091e-01A/cm2 ğ›’:1.5339e+02ğ›€ cm
2023-03-29 15:01:34,601 INFO Measurement at current 0.0053266331658291454
2023-03-29 15:01:35,183 INFO T:208.20Â°K V:1.1419e+00V I:5.3266e-03A R:2.1437e+02ğ›€ E:3.5243e+01V/cm J:2.3311e-01A/cm2 ğ›’:1.5118e+02ğ›€ cm
2023-03-29 15:01:35,199 INFO Measurement at current 0.005376884422110553
2023-03-29 15:01:35,787 INFO T:208.20Â°K V:1.1437e+00V I:5.3769e-03A R:2.1271e+02ğ›€ E:3.5300e+01V/cm J:2.3531e-01A/cm2 ğ›’:1.5002e+02ğ›€ cm
2023-03-29 15:01:35,805 INFO Measurement at current 0.00542713567839196
2023-03-29 15:01:36,413 INFO T:208.20Â°K V:1.1480e+00V I:5.4271e-03A R:2.1153e+02ğ›€ E:3.5432e+01V/cm J:2.3751e-01A/cm2 ğ›’:1.4918e+02ğ›€ cm
2023-03-29 15:01:36,430 INFO Measurement at current 0.005477386934673367
2023-03-29 15:01:37,031 INFO T:208.19Â°K V:1.1505e+00V I:5.4774e-03A R:2.1004e+02ğ›€ E:3.5509e+01V/cm J:2.3971e-01A/cm2 ğ›’:1.4813e+02ğ›€ cm
2023-03-29 15:01:37,047 INFO Measurement at current 0.005527638190954774
2023-03-29 15:01:37,627 INFO T:208.19Â°K V:1.1551e+00V I:5.5276e-03A R:2.0897e+02ğ›€ E:3.5652e+01V/cm J:2.4191e-01A/cm2 ğ›’:1.4738e+02ğ›€ cm
2023-03-29 15:01:37,644 INFO Measurement at current 0.005577889447236181
2023-03-29 15:01:38,234 INFO T:208.19Â°K V:1.1578e+00V I:5.5779e-03A R:2.0758e+02ğ›€ E:3.5736e+01V/cm J:2.4411e-01A/cm2 ğ›’:1.4639e+02ğ›€ cm
2023-03-29 15:01:38,257 INFO Measurement at current 0.005628140703517588
2023-03-29 15:01:38,855 INFO T:208.19Â°K V:1.1480e+00V I:5.6281e-03A R:2.0397e+02ğ›€ E:3.5431e+01V/cm J:2.4631e-01A/cm2 ğ›’:1.4385e+02ğ›€ cm
2023-03-29 15:01:38,871 INFO Measurement at current 0.005678391959798995
2023-03-29 15:01:39,482 INFO T:208.18Â°K V:1.1422e+00V I:5.6784e-03A R:2.0115e+02ğ›€ E:3.5253e+01V/cm J:2.4851e-01A/cm2 ğ›’:1.4186e+02ğ›€ cm
2023-03-29 15:01:39,498 INFO Measurement at current 0.005728643216080402
2023-03-29 15:01:40,101 INFO T:208.18Â°K V:1.1386e+00V I:5.7286e-03A R:1.9875e+02ğ›€ E:3.5142e+01V/cm J:2.5071e-01A/cm2 ğ›’:1.4017e+02ğ›€ cm
2023-03-29 15:01:40,122 INFO Measurement at current 0.005778894472361809
2023-03-29 15:01:40,719 INFO T:208.18Â°K V:1.1444e+00V I:5.7789e-03A R:1.9804e+02ğ›€ E:3.5323e+01V/cm J:2.5291e-01A/cm2 ğ›’:1.3967e+02ğ›€ cm
2023-03-29 15:01:40,743 INFO Measurement at current 0.005829145728643216
2023-03-29 15:01:41,334 INFO T:208.18Â°K V:1.1430e+00V I:5.8291e-03A R:1.9609e+02ğ›€ E:3.5279e+01V/cm J:2.5510e-01A/cm2 ğ›’:1.3829e+02ğ›€ cm
2023-03-29 15:01:41,352 INFO Measurement at current 0.005879396984924623
2023-03-29 15:01:41,941 INFO T:208.17Â°K V:1.1517e+00V I:5.8794e-03A R:1.9589e+02ğ›€ E:3.5547e+01V/cm J:2.5730e-01A/cm2 ğ›’:1.3815e+02ğ›€ cm
2023-03-29 15:01:41,963 INFO Measurement at current 0.00592964824120603
2023-03-29 15:01:42,562 INFO T:208.17Â°K V:1.1463e+00V I:5.9296e-03A R:1.9332e+02ğ›€ E:3.5379e+01V/cm J:2.5950e-01A/cm2 ğ›’:1.3634e+02ğ›€ cm
2023-03-29 15:01:42,582 INFO Measurement at current 0.005979899497487437
2023-03-29 15:01:43,178 INFO T:208.17Â°K V:1.1486e+00V I:5.9799e-03A R:1.9208e+02ğ›€ E:3.5451e+01V/cm J:2.6170e-01A/cm2 ğ›’:1.3546e+02ğ›€ cm
2023-03-29 15:01:43,196 INFO Measurement at current 0.006030150753768844
2023-03-29 15:01:43,793 INFO T:208.17Â°K V:1.1506e+00V I:6.0302e-03A R:1.9080e+02ğ›€ E:3.5511e+01V/cm J:2.6390e-01A/cm2 ğ›’:1.3456e+02ğ›€ cm
2023-03-29 15:01:43,814 INFO Measurement at current 0.006080402010050252
2023-03-29 15:01:44,410 INFO T:208.16Â°K V:1.1495e+00V I:6.0804e-03A R:1.8905e+02ğ›€ E:3.5479e+01V/cm J:2.6610e-01A/cm2 ğ›’:1.3333e+02ğ›€ cm
2023-03-29 15:01:44,426 INFO Measurement at current 0.006130653266331659
2023-03-29 15:01:45,018 INFO T:208.16Â°K V:1.1551e+00V I:6.1307e-03A R:1.8841e+02ğ›€ E:3.5650e+01V/cm J:2.6830e-01A/cm2 ğ›’:1.3287e+02ğ›€ cm
2023-03-29 15:01:45,048 INFO Measurement at current 0.006180904522613066
2023-03-29 15:01:45,632 INFO T:208.16Â°K V:1.1622e+00V I:6.1809e-03A R:1.8803e+02ğ›€ E:3.5870e+01V/cm J:2.7050e-01A/cm2 ğ›’:1.3261e+02ğ›€ cm
2023-03-29 15:01:45,653 INFO Measurement at current 0.006231155778894473
2023-03-29 15:01:46,239 INFO T:208.16Â°K V:1.1675e+00V I:6.2312e-03A R:1.8736e+02ğ›€ E:3.6033e+01V/cm J:2.7270e-01A/cm2 ğ›’:1.3213e+02ğ›€ cm
2023-03-29 15:01:46,262 INFO Measurement at current 0.00628140703517588
2023-03-29 15:01:46,873 INFO T:208.15Â°K V:1.1738e+00V I:6.2814e-03A R:1.8687e+02ğ›€ E:3.6229e+01V/cm J:2.7490e-01A/cm2 ğ›’:1.3179e+02ğ›€ cm
2023-03-29 15:01:46,903 INFO Measurement at current 0.006331658291457287
2023-03-29 15:01:47,489 INFO T:208.15Â°K V:1.1726e+00V I:6.3317e-03A R:1.8520e+02ğ›€ E:3.6192e+01V/cm J:2.7710e-01A/cm2 ğ›’:1.3061e+02ğ›€ cm
2023-03-29 15:01:47,510 INFO Measurement at current 0.006381909547738694
2023-03-29 15:01:48,101 INFO T:208.15Â°K V:1.1795e+00V I:6.3819e-03A R:1.8482e+02ğ›€ E:3.6404e+01V/cm J:2.7930e-01A/cm2 ğ›’:1.3034e+02ğ›€ cm
2023-03-29 15:01:48,118 INFO Measurement at current 0.006432160804020101
2023-03-29 15:01:48,708 INFO T:208.15Â°K V:1.1777e+00V I:6.4322e-03A R:1.8309e+02ğ›€ E:3.6347e+01V/cm J:2.8150e-01A/cm2 ğ›’:1.2912e+02ğ›€ cm
2023-03-29 15:01:48,736 INFO Measurement at current 0.006482412060301508
2023-03-29 15:01:49,335 INFO T:208.14Â°K V:1.1907e+00V I:6.4824e-03A R:1.8367e+02ğ›€ E:3.6748e+01V/cm J:2.8369e-01A/cm2 ğ›’:1.2954e+02ğ›€ cm
2023-03-29 15:01:49,352 INFO Measurement at current 0.006532663316582915
2023-03-29 15:01:49,946 INFO T:208.14Â°K V:1.1931e+00V I:6.5327e-03A R:1.8263e+02ğ›€ E:3.6823e+01V/cm J:2.8589e-01A/cm2 ğ›’:1.2880e+02ğ›€ cm
2023-03-29 15:01:49,966 INFO Measurement at current 0.0065829145728643216
2023-03-29 15:01:50,551 INFO T:208.14Â°K V:1.1947e+00V I:6.5829e-03A R:1.8148e+02ğ›€ E:3.6873e+01V/cm J:2.8809e-01A/cm2 ğ›’:1.2799e+02ğ›€ cm
2023-03-29 15:01:50,570 INFO Measurement at current 0.0066331658291457285
2023-03-29 15:01:51,159 INFO T:208.14Â°K V:1.1963e+00V I:6.6332e-03A R:1.8035e+02ğ›€ E:3.6922e+01V/cm J:2.9029e-01A/cm2 ğ›’:1.2719e+02ğ›€ cm
2023-03-29 15:01:51,176 INFO Measurement at current 0.0066834170854271355
2023-03-29 15:01:51,769 INFO T:208.13Â°K V:1.1984e+00V I:6.6834e-03A R:1.7932e+02ğ›€ E:3.6989e+01V/cm J:2.9249e-01A/cm2 ğ›’:1.2646e+02ğ›€ cm
2023-03-29 15:01:51,791 INFO Measurement at current 0.0067336683417085425
2023-03-29 15:01:53,120 INFO T:208.13Â°K V:1.2491e+00V I:6.7337e-03A R:1.8550e+02ğ›€ E:3.8552e+01V/cm J:2.9469e-01A/cm2 ğ›’:1.3082e+02ğ›€ cm
2023-03-29 15:01:53,136 INFO Measurement at current 0.0067839195979899495
2023-03-29 15:01:53,725 INFO T:208.13Â°K V:1.2530e+00V I:6.7839e-03A R:1.8471e+02ğ›€ E:3.8674e+01V/cm J:2.9689e-01A/cm2 ğ›’:1.3026e+02ğ›€ cm
2023-03-29 15:01:53,741 INFO Measurement at current 0.006834170854271357
2023-03-29 15:01:54,328 INFO T:208.12Â°K V:1.2542e+00V I:6.8342e-03A R:1.8351e+02ğ›€ E:3.8709e+01V/cm J:2.9909e-01A/cm2 ğ›’:1.2942e+02ğ›€ cm
2023-03-29 15:01:54,346 INFO Measurement at current 0.006884422110552764
2023-03-29 15:01:54,930 INFO T:208.12Â°K V:1.2508e+00V I:6.8844e-03A R:1.8168e+02ğ›€ E:3.8604e+01V/cm J:3.0129e-01A/cm2 ğ›’:1.2813e+02ğ›€ cm
2023-03-29 15:01:54,952 INFO Measurement at current 0.006934673366834171
2023-03-29 15:01:55,549 INFO T:208.12Â°K V:1.2596e+00V I:6.9347e-03A R:1.8164e+02ğ›€ E:3.8878e+01V/cm J:3.0349e-01A/cm2 ğ›’:1.2810e+02ğ›€ cm
2023-03-29 15:01:55,567 INFO Measurement at current 0.006984924623115578
2023-03-29 15:01:56,183 INFO T:208.12Â°K V:1.2663e+00V I:6.9849e-03A R:1.8129e+02ğ›€ E:3.9083e+01V/cm J:3.0569e-01A/cm2 ğ›’:1.2785e+02ğ›€ cm
2023-03-29 15:01:56,199 INFO Measurement at current 0.007035175879396985
2023-03-29 15:01:56,784 INFO T:208.11Â°K V:1.2887e+00V I:7.0352e-03A R:1.8318e+02ğ›€ E:3.9774e+01V/cm J:3.0789e-01A/cm2 ğ›’:1.2919e+02ğ›€ cm
2023-03-29 15:01:56,802 INFO Measurement at current 0.007085427135678392
2023-03-29 15:01:57,398 INFO T:208.11Â°K V:1.2875e+00V I:7.0854e-03A R:1.8171e+02ğ›€ E:3.9738e+01V/cm J:3.1008e-01A/cm2 ğ›’:1.2815e+02ğ›€ cm
2023-03-29 15:01:57,417 INFO Measurement at current 0.007135678391959799
2023-03-29 15:01:58,009 INFO T:208.11Â°K V:1.2911e+00V I:7.1357e-03A R:1.8093e+02ğ›€ E:3.9848e+01V/cm J:3.1228e-01A/cm2 ğ›’:1.2760e+02ğ›€ cm
2023-03-29 15:01:58,029 INFO Measurement at current 0.007185929648241206
2023-03-29 15:01:58,625 INFO T:208.11Â°K V:1.2846e+00V I:7.1859e-03A R:1.7877e+02ğ›€ E:3.9649e+01V/cm J:3.1448e-01A/cm2 ğ›’:1.2608e+02ğ›€ cm
2023-03-29 15:01:58,651 INFO Measurement at current 0.007236180904522613
2023-03-29 15:01:59,251 INFO T:208.10Â°K V:1.2885e+00V I:7.2362e-03A R:1.7806e+02ğ›€ E:3.9768e+01V/cm J:3.1668e-01A/cm2 ğ›’:1.2558e+02ğ›€ cm
2023-03-29 15:01:59,268 INFO Measurement at current 0.00728643216080402
2023-03-29 15:01:59,871 INFO T:208.10Â°K V:1.2922e+00V I:7.2864e-03A R:1.7735e+02ğ›€ E:3.9884e+01V/cm J:3.1888e-01A/cm2 ğ›’:1.2508e+02ğ›€ cm
2023-03-29 15:01:59,897 INFO Measurement at current 0.007336683417085427
2023-03-29 15:02:00,498 INFO T:208.10Â°K V:1.3061e+00V I:7.3367e-03A R:1.7803e+02ğ›€ E:4.0313e+01V/cm J:3.2108e-01A/cm2 ğ›’:1.2555e+02ğ›€ cm
2023-03-29 15:02:00,527 INFO Measurement at current 0.007386934673366834
2023-03-29 15:02:01,129 INFO T:208.10Â°K V:1.3052e+00V I:7.3869e-03A R:1.7670e+02ğ›€ E:4.0285e+01V/cm J:3.2328e-01A/cm2 ğ›’:1.2462e+02ğ›€ cm
2023-03-29 15:02:01,147 INFO Measurement at current 0.007437185929648241
2023-03-29 15:02:01,745 INFO T:208.09Â°K V:1.3119e+00V I:7.4372e-03A R:1.7640e+02ğ›€ E:4.0490e+01V/cm J:3.2548e-01A/cm2 ğ›’:1.2440e+02ğ›€ cm
2023-03-29 15:02:01,762 INFO Measurement at current 0.007487437185929648
2023-03-29 15:02:02,347 INFO T:208.09Â°K V:1.3125e+00V I:7.4874e-03A R:1.7530e+02ğ›€ E:4.0510e+01V/cm J:3.2768e-01A/cm2 ğ›’:1.2363e+02ğ›€ cm
2023-03-29 15:02:02,369 INFO Measurement at current 0.007537688442211056
2023-03-29 15:02:02,963 INFO T:208.09Â°K V:1.3162e+00V I:7.5377e-03A R:1.7461e+02ğ›€ E:4.0623e+01V/cm J:3.2988e-01A/cm2 ğ›’:1.2315e+02ğ›€ cm
2023-03-29 15:02:02,978 INFO Measurement at current 0.007587939698492463
2023-03-29 15:02:03,563 INFO T:208.09Â°K V:1.3144e+00V I:7.5879e-03A R:1.7323e+02ğ›€ E:4.0569e+01V/cm J:3.3208e-01A/cm2 ğ›’:1.2217e+02ğ›€ cm
2023-03-29 15:02:03,578 INFO Measurement at current 0.00763819095477387
2023-03-29 15:02:04,163 INFO T:208.08Â°K V:1.3177e+00V I:7.6382e-03A R:1.7252e+02ğ›€ E:4.0670e+01V/cm J:3.3428e-01A/cm2 ğ›’:1.2167e+02ğ›€ cm
2023-03-29 15:02:04,183 INFO Measurement at current 0.007688442211055277
2023-03-29 15:02:04,778 INFO T:208.08Â°K V:1.3188e+00V I:7.6884e-03A R:1.7153e+02ğ›€ E:4.0703e+01V/cm J:3.3647e-01A/cm2 ğ›’:1.2097e+02ğ›€ cm
2023-03-29 15:02:04,799 INFO Measurement at current 0.007738693467336684
2023-03-29 15:02:05,388 INFO T:208.08Â°K V:1.3216e+00V I:7.7387e-03A R:1.7078e+02ğ›€ E:4.0790e+01V/cm J:3.3867e-01A/cm2 ğ›’:1.2044e+02ğ›€ cm
2023-03-29 15:02:05,405 INFO Measurement at current 0.007788944723618091
2023-03-29 15:02:05,995 INFO T:208.08Â°K V:1.3165e+00V I:7.7889e-03A R:1.6903e+02ğ›€ E:4.0634e+01V/cm J:3.4087e-01A/cm2 ğ›’:1.1921e+02ğ›€ cm
2023-03-29 15:02:06,012 INFO Measurement at current 0.007839195979899497
2023-03-29 15:02:06,602 INFO T:208.07Â°K V:1.3222e+00V I:7.8392e-03A R:1.6867e+02ğ›€ E:4.0810e+01V/cm J:3.4307e-01A/cm2 ğ›’:1.1895e+02ğ›€ cm
2023-03-29 15:02:06,619 INFO Measurement at current 0.007889447236180906
2023-03-29 15:02:07,205 INFO T:208.07Â°K V:1.3234e+00V I:7.8894e-03A R:1.6774e+02ğ›€ E:4.0845e+01V/cm J:3.4527e-01A/cm2 ğ›’:1.1830e+02ğ›€ cm
2023-03-29 15:02:07,221 INFO Measurement at current 0.007939698492462312
2023-03-29 15:02:07,816 INFO T:208.07Â°K V:1.3269e+00V I:7.9397e-03A R:1.6712e+02ğ›€ E:4.0954e+01V/cm J:3.4747e-01A/cm2 ğ›’:1.1786e+02ğ›€ cm
2023-03-29 15:02:07,832 INFO Measurement at current 0.00798994974874372
2023-03-29 15:02:08,419 INFO T:208.07Â°K V:1.3082e+00V I:7.9899e-03A R:1.6374e+02ğ›€ E:4.0378e+01V/cm J:3.4967e-01A/cm2 ğ›’:1.1547e+02ğ›€ cm
2023-03-29 15:02:08,436 INFO Measurement at current 0.008040201005025126
2023-03-29 15:02:09,028 INFO T:208.06Â°K V:1.3254e+00V I:8.0402e-03A R:1.6485e+02ğ›€ E:4.0908e+01V/cm J:3.5187e-01A/cm2 ğ›’:1.1626e+02ğ›€ cm
2023-03-29 15:02:09,050 INFO Measurement at current 0.008090452261306533
2023-03-29 15:02:09,647 INFO T:208.06Â°K V:1.3300e+00V I:8.0905e-03A R:1.6439e+02ğ›€ E:4.1049e+01V/cm J:3.5407e-01A/cm2 ğ›’:1.1594e+02ğ›€ cm
2023-03-29 15:02:09,678 INFO Measurement at current 0.00814070351758794
2023-03-29 15:02:10,267 INFO T:208.06Â°K V:1.3348e+00V I:8.1407e-03A R:1.6397e+02ğ›€ E:4.1199e+01V/cm J:3.5627e-01A/cm2 ğ›’:1.1564e+02ğ›€ cm
2023-03-29 15:02:10,286 INFO Measurement at current 0.008190954773869347
2023-03-29 15:02:10,892 INFO T:208.06Â°K V:1.3312e+00V I:8.1910e-03A R:1.6252e+02ğ›€ E:4.1085e+01V/cm J:3.5847e-01A/cm2 ğ›’:1.1461e+02ğ›€ cm
2023-03-29 15:02:10,923 INFO Measurement at current 0.008241206030150754
2023-03-29 15:02:11,536 INFO T:208.05Â°K V:1.3185e+00V I:8.2412e-03A R:1.5999e+02ğ›€ E:4.0695e+01V/cm J:3.6067e-01A/cm2 ğ›’:1.1283e+02ğ›€ cm
2023-03-29 15:02:11,556 INFO Measurement at current 0.008291457286432161
2023-03-29 15:02:12,158 INFO T:208.05Â°K V:1.3248e+00V I:8.2915e-03A R:1.5978e+02ğ›€ E:4.0889e+01V/cm J:3.6286e-01A/cm2 ğ›’:1.1268e+02ğ›€ cm
2023-03-29 15:02:12,181 INFO Measurement at current 0.008341708542713568
2023-03-29 15:02:12,778 INFO T:208.05Â°K V:1.3306e+00V I:8.3417e-03A R:1.5952e+02ğ›€ E:4.1069e+01V/cm J:3.6506e-01A/cm2 ğ›’:1.1250e+02ğ›€ cm
2023-03-29 15:02:12,795 INFO Measurement at current 0.008391959798994975
2023-03-29 15:02:13,392 INFO T:208.05Â°K V:1.3371e+00V I:8.3920e-03A R:1.5933e+02ğ›€ E:4.1268e+01V/cm J:3.6726e-01A/cm2 ğ›’:1.1237e+02ğ›€ cm
2023-03-29 15:02:13,412 INFO Measurement at current 0.008442211055276382
2023-03-29 15:02:14,002 INFO T:208.04Â°K V:1.3369e+00V I:8.4422e-03A R:1.5836e+02ğ›€ E:4.1263e+01V/cm J:3.6946e-01A/cm2 ğ›’:1.1168e+02ğ›€ cm
2023-03-29 15:02:14,037 INFO Measurement at current 0.00849246231155779
2023-03-29 15:02:14,630 INFO T:208.04Â°K V:1.3418e+00V I:8.4925e-03A R:1.5800e+02ğ›€ E:4.1414e+01V/cm J:3.7166e-01A/cm2 ğ›’:1.1143e+02ğ›€ cm
2023-03-29 15:02:14,666 INFO Measurement at current 0.008542713567839196
2023-03-29 15:02:15,261 INFO T:208.04Â°K V:1.3331e+00V I:8.5427e-03A R:1.5605e+02ğ›€ E:4.1144e+01V/cm J:3.7386e-01A/cm2 ğ›’:1.1005e+02ğ›€ cm
2023-03-29 15:02:15,282 INFO Measurement at current 0.008592964824120603
2023-03-29 15:02:15,886 INFO T:208.04Â°K V:1.3371e+00V I:8.5930e-03A R:1.5560e+02ğ›€ E:4.1268e+01V/cm J:3.7606e-01A/cm2 ğ›’:1.0974e+02ğ›€ cm
2023-03-29 15:02:15,914 INFO Measurement at current 0.00864321608040201
2023-03-29 15:02:16,523 INFO T:208.03Â°K V:1.3445e+00V I:8.6432e-03A R:1.5555e+02ğ›€ E:4.1496e+01V/cm J:3.7826e-01A/cm2 ğ›’:1.0970e+02ğ›€ cm
2023-03-29 15:02:16,542 INFO Measurement at current 0.008693467336683417
2023-03-29 15:02:17,137 INFO T:208.03Â°K V:1.3348e+00V I:8.6935e-03A R:1.5355e+02ğ›€ E:4.1199e+01V/cm J:3.8046e-01A/cm2 ğ›’:1.0829e+02ğ›€ cm
2023-03-29 15:02:17,152 INFO Measurement at current 0.008743718592964824
2023-03-29 15:02:17,744 INFO T:208.03Â°K V:1.3487e+00V I:8.7437e-03A R:1.5424e+02ğ›€ E:4.1625e+01V/cm J:3.8266e-01A/cm2 ğ›’:1.0878e+02ğ›€ cm
2023-03-29 15:02:17,768 INFO Measurement at current 0.008793969849246231
2023-03-29 15:02:18,365 INFO T:208.03Â°K V:1.3543e+00V I:8.7940e-03A R:1.5400e+02ğ›€ E:4.1799e+01V/cm J:3.8486e-01A/cm2 ğ›’:1.0861e+02ğ›€ cm
2023-03-29 15:02:18,382 INFO Measurement at current 0.008844221105527638
2023-03-29 15:02:18,977 INFO T:208.02Â°K V:1.3619e+00V I:8.8442e-03A R:1.5398e+02ğ›€ E:4.2033e+01V/cm J:3.8706e-01A/cm2 ğ›’:1.0860e+02ğ›€ cm
2023-03-29 15:02:18,997 INFO Measurement at current 0.008894472361809045
2023-03-29 15:02:19,589 INFO T:208.02Â°K V:1.3680e+00V I:8.8945e-03A R:1.5381e+02ğ›€ E:4.2224e+01V/cm J:3.8925e-01A/cm2 ğ›’:1.0847e+02ğ›€ cm
2023-03-29 15:02:19,607 INFO Measurement at current 0.008944723618090452
2023-03-29 15:02:20,204 INFO T:208.02Â°K V:1.3713e+00V I:8.9447e-03A R:1.5331e+02ğ›€ E:4.2325e+01V/cm J:3.9145e-01A/cm2 ğ›’:1.0812e+02ğ›€ cm
2023-03-29 15:02:20,223 INFO Measurement at current 0.008994974874371859
2023-03-29 15:02:20,825 INFO T:208.02Â°K V:1.3755e+00V I:8.9950e-03A R:1.5291e+02ğ›€ E:4.2452e+01V/cm J:3.9365e-01A/cm2 ğ›’:1.0784e+02ğ›€ cm
2023-03-29 15:02:20,844 INFO Measurement at current 0.009045226130653266
2023-03-29 15:02:21,431 INFO T:208.01Â°K V:1.3779e+00V I:9.0452e-03A R:1.5233e+02ğ›€ E:4.2526e+01V/cm J:3.9585e-01A/cm2 ğ›’:1.0743e+02ğ›€ cm
2023-03-29 15:02:21,447 INFO Measurement at current 0.009095477386934673
2023-03-29 15:02:22,041 INFO T:208.01Â°K V:1.3825e+00V I:9.0955e-03A R:1.5200e+02ğ›€ E:4.2671e+01V/cm J:3.9805e-01A/cm2 ğ›’:1.0720e+02ğ›€ cm
2023-03-29 15:02:22,058 INFO Measurement at current 0.00914572864321608
2023-03-29 15:02:22,663 INFO T:208.01Â°K V:1.3864e+00V I:9.1457e-03A R:1.5159e+02ğ›€ E:4.2789e+01V/cm J:4.0025e-01A/cm2 ğ›’:1.0691e+02ğ›€ cm
2023-03-29 15:02:22,685 INFO Measurement at current 0.009195979899497487
2023-03-29 15:02:23,280 INFO T:208.01Â°K V:1.3875e+00V I:9.1960e-03A R:1.5088e+02ğ›€ E:4.2823e+01V/cm J:4.0245e-01A/cm2 ğ›’:1.0641e+02ğ›€ cm
2023-03-29 15:02:23,298 INFO Measurement at current 0.009246231155778894
2023-03-29 15:02:23,898 INFO T:208.00Â°K V:1.3834e+00V I:9.2462e-03A R:1.4962e+02ğ›€ E:4.2698e+01V/cm J:4.0465e-01A/cm2 ğ›’:1.0552e+02ğ›€ cm
2023-03-29 15:02:23,921 INFO Measurement at current 0.009296482412060303
2023-03-29 15:02:24,511 INFO T:208.00Â°K V:1.3867e+00V I:9.2965e-03A R:1.4916e+02ğ›€ E:4.2799e+01V/cm J:4.0685e-01A/cm2 ğ›’:1.0520e+02ğ›€ cm
2023-03-29 15:02:24,533 INFO Measurement at current 0.00934673366834171
2023-03-29 15:02:25,119 INFO T:208.00Â°K V:1.3870e+00V I:9.3467e-03A R:1.4839e+02ğ›€ E:4.2809e+01V/cm J:4.0905e-01A/cm2 ğ›’:1.0465e+02ğ›€ cm
2023-03-29 15:02:25,140 INFO Measurement at current 0.009396984924623117
2023-03-29 15:02:25,733 INFO T:208.00Â°K V:1.3923e+00V I:9.3970e-03A R:1.4817e+02ğ›€ E:4.2972e+01V/cm J:4.1125e-01A/cm2 ğ›’:1.0449e+02ğ›€ cm
2023-03-29 15:02:25,765 INFO Measurement at current 0.009447236180904523
2023-03-29 15:02:26,357 INFO T:207.99Â°K V:1.3928e+00V I:9.4472e-03A R:1.4743e+02ğ›€ E:4.2988e+01V/cm J:4.1345e-01A/cm2 ğ›’:1.0398e+02ğ›€ cm
2023-03-29 15:02:26,396 INFO Measurement at current 0.00949748743718593
2023-03-29 15:02:27,001 INFO T:207.99Â°K V:1.4014e+00V I:9.4975e-03A R:1.4755e+02ğ›€ E:4.3252e+01V/cm J:4.1564e-01A/cm2 ğ›’:1.0406e+02ğ›€ cm
2023-03-29 15:02:27,021 INFO Measurement at current 0.009547738693467337
2023-03-29 15:02:27,616 INFO T:207.99Â°K V:1.4044e+00V I:9.5477e-03A R:1.4709e+02ğ›€ E:4.3345e+01V/cm J:4.1784e-01A/cm2 ğ›’:1.0373e+02ğ›€ cm
2023-03-29 15:02:27,638 INFO Measurement at current 0.009597989949748744
2023-03-29 15:02:28,238 INFO T:207.99Â°K V:1.4069e+00V I:9.5980e-03A R:1.4658e+02ğ›€ E:4.3423e+01V/cm J:4.2004e-01A/cm2 ğ›’:1.0338e+02ğ›€ cm
2023-03-29 15:02:28,266 INFO Measurement at current 0.009648241206030151
2023-03-29 15:02:28,872 INFO T:207.98Â°K V:1.4060e+00V I:9.6482e-03A R:1.4572e+02ğ›€ E:4.3394e+01V/cm J:4.2224e-01A/cm2 ğ›’:1.0277e+02ğ›€ cm
2023-03-29 15:02:28,897 INFO Measurement at current 0.009698492462311558
2023-03-29 15:02:29,485 INFO T:207.98Â°K V:1.4043e+00V I:9.6985e-03A R:1.4480e+02ğ›€ E:4.3344e+01V/cm J:4.2444e-01A/cm2 ğ›’:1.0212e+02ğ›€ cm
2023-03-29 15:02:29,509 INFO Measurement at current 0.009748743718592965
2023-03-29 15:02:30,098 INFO T:207.98Â°K V:1.4045e+00V I:9.7487e-03A R:1.4407e+02ğ›€ E:4.3349e+01V/cm J:4.2664e-01A/cm2 ğ›’:1.0161e+02ğ›€ cm
2023-03-29 15:02:30,117 INFO Measurement at current 0.009798994974874372
2023-03-29 15:02:30,713 INFO T:207.98Â°K V:1.4042e+00V I:9.7990e-03A R:1.4330e+02ğ›€ E:4.3338e+01V/cm J:4.2884e-01A/cm2 ğ›’:1.0106e+02ğ›€ cm
2023-03-29 15:02:30,754 INFO Measurement at current 0.00984924623115578
2023-03-29 15:02:31,346 INFO T:207.97Â°K V:1.4049e+00V I:9.8492e-03A R:1.4264e+02ğ›€ E:4.3361e+01V/cm J:4.3104e-01A/cm2 ğ›’:1.0060e+02ğ›€ cm
2023-03-29 15:02:31,363 INFO Measurement at current 0.009899497487437186
2023-03-29 15:02:31,956 INFO T:207.97Â°K V:1.4041e+00V I:9.8995e-03A R:1.4183e+02ğ›€ E:4.3336e+01V/cm J:4.3324e-01A/cm2 ğ›’:1.0003e+02ğ›€ cm
2023-03-29 15:02:31,975 INFO Measurement at current 0.009949748743718593
2023-03-29 15:02:32,557 INFO T:207.97Â°K V:1.4070e+00V I:9.9497e-03A R:1.4141e+02ğ›€ E:4.3426e+01V/cm J:4.3544e-01A/cm2 ğ›’:9.9730e+01ğ›€ cm
2023-03-29 15:02:32,586 INFO Measurement at current 0.01
2023-03-29 15:02:33,188 INFO T:207.97Â°K V:1.4057e+00V I:1.0000e-02A R:1.4057e+02ğ›€ E:4.3385e+01V/cm J:4.3764e-01A/cm2 ğ›’:9.9134e+01ğ›€ cm
2023-03-29 15:02:43,551 INFO Save the description file
2023-03-29 15:02:43,555 INFO Save data in numpy format Esperimenti/CPRO_MUSA_290323_I_V/CPRO_MUSA_290323_I_V_current_from_0_to_100e-4A/CPRO_MUSA_290323_I_V_current_from_0_to_100e-4A-20230329150241
2023-03-29 15:02:43,568 INFO Save data in CSV format Esperimenti/CPRO_MUSA_290323_I_V/CPRO_MUSA_290323_I_V_current_from_0_to_100e-4A/CPRO_MUSA_290323_I_V_current_from_0_to_100e-4A-20230329150241.csv
2023-03-29 15:02:43,587 INFO Save plot as image Esperimenti/CPRO_MUSA_290323_I_V/CPRO_MUSA_290323_I_V_current_from_0_to_100e-4A/CPRO_MUSA_290323_I_V_current_from_0_to_100e-4A-20230329150241.png
