2023-03-29 17:54:35,481 INFO ### Start experiment: CPRO_MUSA_290323_I_V current from 0 to 100e-4A ###
2023-03-29 17:54:36,833 INFO Found Multimeter KEITHLEY INSTRUMENTS INC.,MODEL 2700,0884890,B03  /A02  

2023-03-29 17:54:37,867 INFO Found Nanovolt Meter KEITHLEY INSTRUMENTS INC.,MODEL 2182A,4056474,C03  /A02  

2023-03-29 17:54:37,976 INFO Found Source Meter KEITHLEY INSTRUMENTS INC.,MODEL 2400,0945684,C24   Feb 14 2002 11:59:45/A02  /K/H

2023-03-29 17:54:38,099 INFO Start the measurement loop
2023-03-29 17:54:47,579 INFO Measurement at current 0.0
2023-03-29 17:54:48,496 INFO T:151.16Â°K V:-4.9476e-05V I:0.0000e+00A R:-infğ›€ E:-1.5270e-03V/cm J:0.0000e+00A/cm2 ğ›’:-infğ›€ cm
2023-03-29 17:54:48,522 INFO Measurement at current 5.0251256281407036e-05
2023-03-29 17:54:49,771 INFO T:151.15Â°K V:1.4342e-01V I:5.0251e-05A R:2.8541e+03ğ›€ E:4.4267e+00V/cm J:2.1992e-03A/cm2 ğ›’:2.0129e+03ğ›€ cm
2023-03-29 17:54:49,789 INFO Measurement at current 0.00010050251256281407
2023-03-29 17:54:50,381 INFO T:151.14Â°K V:2.8559e-01V I:1.0050e-04A R:2.8416e+03ğ›€ E:8.8145e+00V/cm J:4.3984e-03A/cm2 ğ›’:2.0040e+03ğ›€ cm
2023-03-29 17:54:50,395 INFO Measurement at current 0.00015075376884422112
2023-03-29 17:54:50,992 INFO T:151.14Â°K V:4.2831e-01V I:1.5075e-04A R:2.8411e+03ğ›€ E:1.3219e+01V/cm J:6.5975e-03A/cm2 ğ›’:2.0037e+03ğ›€ cm
2023-03-29 17:54:51,014 INFO Measurement at current 0.00020100502512562814
2023-03-29 17:54:51,599 INFO T:151.13Â°K V:5.6781e-01V I:2.0101e-04A R:2.8248e+03ğ›€ E:1.7525e+01V/cm J:8.7967e-03A/cm2 ğ›’:1.9922e+03ğ›€ cm
2023-03-29 17:54:51,621 INFO Measurement at current 0.0002512562814070352
2023-03-29 17:54:52,223 INFO T:151.13Â°K V:7.0833e-01V I:2.5126e-04A R:2.8191e+03ğ›€ E:2.1862e+01V/cm J:1.0996e-02A/cm2 ğ›’:1.9882e+03ğ›€ cm
2023-03-29 17:54:52,261 INFO Measurement at current 0.00030150753768844223
2023-03-29 17:54:52,853 INFO T:151.12Â°K V:8.5590e-01V I:3.0151e-04A R:2.8387e+03ğ›€ E:2.6417e+01V/cm J:1.3195e-02A/cm2 ğ›’:2.0020e+03ğ›€ cm
2023-03-29 17:54:52,870 INFO Measurement at current 0.00035175879396984926
2023-03-29 17:54:53,457 INFO T:151.12Â°K V:9.9438e-01V I:3.5176e-04A R:2.8269e+03ğ›€ E:3.0691e+01V/cm J:1.5394e-02A/cm2 ğ›’:1.9936e+03ğ›€ cm
2023-03-29 17:54:53,489 INFO Measurement at current 0.0004020100502512563
2023-03-29 17:54:54,073 INFO T:151.11Â°K V:1.1267e+00V I:4.0201e-04A R:2.8027e+03ğ›€ E:3.4776e+01V/cm J:1.7593e-02A/cm2 ğ›’:1.9766e+03ğ›€ cm
2023-03-29 17:54:54,090 INFO Measurement at current 0.0004522613065326633
2023-03-29 17:54:55,427 INFO T:151.10Â°K V:1.2694e+00V I:4.5226e-04A R:2.8067e+03ğ›€ E:3.9178e+01V/cm J:1.9793e-02A/cm2 ğ›’:1.9794e+03ğ›€ cm
2023-03-29 17:54:55,442 INFO Measurement at current 0.0005025125628140704
2023-03-29 17:54:56,029 INFO T:151.10Â°K V:1.4184e+00V I:5.0251e-04A R:2.8227e+03ğ›€ E:4.3779e+01V/cm J:2.1992e-02A/cm2 ğ›’:1.9907e+03ğ›€ cm
2023-03-29 17:54:56,049 INFO Measurement at current 0.0005527638190954774
2023-03-29 17:54:56,638 INFO T:151.09Â°K V:1.5406e+00V I:5.5276e-04A R:2.7871e+03ğ›€ E:4.7549e+01V/cm J:2.4191e-02A/cm2 ğ›’:1.9656e+03ğ›€ cm
2023-03-29 17:54:56,653 INFO Measurement at current 0.0006030150753768845
2023-03-29 17:54:57,243 INFO T:151.09Â°K V:1.6616e+00V I:6.0302e-04A R:2.7555e+03ğ›€ E:5.1283e+01V/cm J:2.6390e-02A/cm2 ğ›’:1.9433e+03ğ›€ cm
2023-03-29 17:54:57,268 INFO Measurement at current 0.0006532663316582914
2023-03-29 17:54:57,868 INFO T:151.08Â°K V:1.7812e+00V I:6.5327e-04A R:2.7266e+03ğ›€ E:5.4975e+01V/cm J:2.8589e-02A/cm2 ğ›’:1.9229e+03ğ›€ cm
2023-03-29 17:54:57,907 INFO Measurement at current 0.0007035175879396985
2023-03-29 17:54:58,505 INFO T:151.08Â°K V:1.8906e+00V I:7.0352e-04A R:2.6874e+03ğ›€ E:5.8353e+01V/cm J:3.0789e-02A/cm2 ğ›’:1.8953e+03ğ›€ cm
2023-03-29 17:54:58,522 INFO Measurement at current 0.0007537688442211055
2023-03-29 17:54:59,111 INFO T:151.07Â°K V:1.9986e+00V I:7.5377e-04A R:2.6514e+03ğ›€ E:6.1684e+01V/cm J:3.2988e-02A/cm2 ğ›’:1.8699e+03ğ›€ cm
2023-03-29 17:54:59,139 INFO Measurement at current 0.0008040201005025126
2023-03-29 17:54:59,734 INFO T:151.07Â°K V:2.1038e+00V I:8.0402e-04A R:2.6165e+03ğ›€ E:6.4931e+01V/cm J:3.5187e-02A/cm2 ğ›’:1.8453e+03ğ›€ cm
2023-03-29 17:54:59,757 INFO Measurement at current 0.0008542713567839197
2023-03-29 17:55:00,358 INFO T:151.06Â°K V:2.2133e+00V I:8.5427e-04A R:2.5908e+03ğ›€ E:6.8311e+01V/cm J:3.7386e-02A/cm2 ğ›’:1.8272e+03ğ›€ cm
2023-03-29 17:55:00,381 INFO Measurement at current 0.0009045226130653266
2023-03-29 17:55:00,981 INFO T:151.06Â°K V:2.3200e+00V I:9.0452e-04A R:2.5649e+03ğ›€ E:7.1605e+01V/cm J:3.9585e-02A/cm2 ğ›’:1.8089e+03ğ›€ cm
2023-03-29 17:55:00,997 INFO Measurement at current 0.0009547738693467337
2023-03-29 17:55:01,591 INFO T:151.05Â°K V:2.4189e+00V I:9.5477e-04A R:2.5335e+03ğ›€ E:7.4658e+01V/cm J:4.1784e-02A/cm2 ğ›’:1.7867e+03ğ›€ cm
2023-03-29 17:55:01,609 INFO Measurement at current 0.0010050251256281408
2023-03-29 17:55:02,199 INFO T:151.05Â°K V:2.5079e+00V I:1.0050e-03A R:2.4954e+03ğ›€ E:7.7406e+01V/cm J:4.3984e-02A/cm2 ğ›’:1.7599e+03ğ›€ cm
2023-03-29 17:55:02,224 INFO Measurement at current 0.0010552763819095478
2023-03-29 17:55:02,832 INFO T:151.04Â°K V:2.5989e+00V I:1.0553e-03A R:2.4628e+03ğ›€ E:8.0213e+01V/cm J:4.6183e-02A/cm2 ğ›’:1.7369e+03ğ›€ cm
2023-03-29 17:55:02,856 INFO Measurement at current 0.0011055276381909548
2023-03-29 17:55:03,460 INFO T:151.04Â°K V:2.6864e+00V I:1.1055e-03A R:2.4300e+03ğ›€ E:8.2915e+01V/cm J:4.8382e-02A/cm2 ğ›’:1.7138e+03ğ›€ cm
2023-03-29 17:55:03,488 INFO Measurement at current 0.0011557788944723617
2023-03-29 17:55:04,104 INFO T:151.03Â°K V:2.7734e+00V I:1.1558e-03A R:2.3996e+03ğ›€ E:8.5599e+01V/cm J:5.0581e-02A/cm2 ğ›’:1.6923e+03ğ›€ cm
2023-03-29 17:55:04,126 INFO Measurement at current 0.001206030150753769
2023-03-29 17:55:04,742 INFO T:151.03Â°K V:2.8492e+00V I:1.2060e-03A R:2.3624e+03ğ›€ E:8.7937e+01V/cm J:5.2780e-02A/cm2 ğ›’:1.6661e+03ğ›€ cm
2023-03-29 17:55:04,764 INFO Measurement at current 0.001256281407035176
2023-03-29 17:55:05,349 INFO T:151.02Â°K V:2.9208e+00V I:1.2563e-03A R:2.3249e+03ğ›€ E:9.0147e+01V/cm J:5.4979e-02A/cm2 ğ›’:1.6396e+03ğ›€ cm
2023-03-29 17:55:05,366 INFO Measurement at current 0.0013065326633165829
2023-03-29 17:55:05,957 INFO T:151.01Â°K V:2.9937e+00V I:1.3065e-03A R:2.2914e+03ğ›€ E:9.2399e+01V/cm J:5.7179e-02A/cm2 ğ›’:1.6160e+03ğ›€ cm
2023-03-29 17:55:05,980 INFO Measurement at current 0.00135678391959799
2023-03-29 17:55:06,603 INFO T:151.01Â°K V:3.0678e+00V I:1.3568e-03A R:2.2611e+03ğ›€ E:9.4684e+01V/cm J:5.9378e-02A/cm2 ğ›’:1.5946e+03ğ›€ cm
2023-03-29 17:55:06,623 INFO Measurement at current 0.001407035175879397
2023-03-29 17:55:07,222 INFO T:151.00Â°K V:3.1327e+00V I:1.4070e-03A R:2.2265e+03ğ›€ E:9.6689e+01V/cm J:6.1577e-02A/cm2 ğ›’:1.5702e+03ğ›€ cm
2023-03-29 17:55:07,250 INFO Measurement at current 0.001457286432160804
2023-03-29 17:55:07,845 INFO T:151.00Â°K V:3.1987e+00V I:1.4573e-03A R:2.1950e+03ğ›€ E:9.8727e+01V/cm J:6.3776e-02A/cm2 ğ›’:1.5480e+03ğ›€ cm
2023-03-29 17:55:07,866 INFO Measurement at current 0.001507537688442211
2023-03-29 17:55:08,457 INFO T:150.99Â°K V:3.2591e+00V I:1.5075e-03A R:2.1619e+03ğ›€ E:1.0059e+02V/cm J:6.5975e-02A/cm2 ğ›’:1.5246e+03ğ›€ cm
2023-03-29 17:55:08,480 INFO Measurement at current 0.0015577889447236182
2023-03-29 17:55:09,073 INFO T:150.99Â°K V:3.3164e+00V I:1.5578e-03A R:2.1289e+03ğ›€ E:1.0236e+02V/cm J:6.8175e-02A/cm2 ğ›’:1.5014e+03ğ›€ cm
2023-03-29 17:55:09,095 INFO Measurement at current 0.0016080402010050252
2023-03-29 17:55:09,695 INFO T:150.98Â°K V:3.3637e+00V I:1.6080e-03A R:2.0918e+03ğ›€ E:1.0382e+02V/cm J:7.0374e-02A/cm2 ğ›’:1.4752e+03ğ›€ cm
2023-03-29 17:55:09,728 INFO Measurement at current 0.0016582914572864321
2023-03-29 17:55:10,318 INFO T:150.98Â°K V:3.4159e+00V I:1.6583e-03A R:2.0599e+03ğ›€ E:1.0543e+02V/cm J:7.2573e-02A/cm2 ğ›’:1.4527e+03ğ›€ cm
2023-03-29 17:55:10,334 INFO Measurement at current 0.0017085427135678393
2023-03-29 17:55:10,923 INFO T:150.97Â°K V:3.4596e+00V I:1.7085e-03A R:2.0249e+03ğ›€ E:1.0678e+02V/cm J:7.4772e-02A/cm2 ğ›’:1.4281e+03ğ›€ cm
2023-03-29 17:55:10,939 INFO Measurement at current 0.0017587939698492463
2023-03-29 17:55:11,532 INFO T:150.97Â°K V:3.4991e+00V I:1.7588e-03A R:1.9895e+03ğ›€ E:1.0800e+02V/cm J:7.6971e-02A/cm2 ğ›’:1.4031e+03ğ›€ cm
2023-03-29 17:55:11,554 INFO Measurement at current 0.0018090452261306533
2023-03-29 17:55:12,157 INFO T:150.96Â°K V:3.5256e+00V I:1.8090e-03A R:1.9489e+03ğ›€ E:1.0881e+02V/cm J:7.9170e-02A/cm2 ğ›’:1.3744e+03ğ›€ cm
2023-03-29 17:55:12,180 INFO Measurement at current 0.0018592964824120603
2023-03-29 17:55:12,781 INFO T:150.96Â°K V:3.5615e+00V I:1.8593e-03A R:1.9155e+03ğ›€ E:1.0992e+02V/cm J:8.1370e-02A/cm2 ğ›’:1.3509e+03ğ›€ cm
2023-03-29 17:55:12,799 INFO Measurement at current 0.0019095477386934674
2023-03-29 17:55:13,388 INFO T:150.95Â°K V:3.5990e+00V I:1.9095e-03A R:1.8847e+03ğ›€ E:1.1108e+02V/cm J:8.3569e-02A/cm2 ğ›’:1.3292e+03ğ›€ cm
2023-03-29 17:55:13,405 INFO Measurement at current 0.001959798994974874
2023-03-29 17:55:13,994 INFO T:150.95Â°K V:3.6383e+00V I:1.9598e-03A R:1.8565e+03ğ›€ E:1.1229e+02V/cm J:8.5768e-02A/cm2 ğ›’:1.3093e+03ğ›€ cm
2023-03-29 17:55:14,012 INFO Measurement at current 0.0020100502512562816
2023-03-29 17:55:14,597 INFO T:150.94Â°K V:3.6677e+00V I:2.0101e-03A R:1.8247e+03ğ›€ E:1.1320e+02V/cm J:8.7967e-02A/cm2 ğ›’:1.2869e+03ğ›€ cm
2023-03-29 17:55:14,612 INFO Measurement at current 0.0020603015075376886
2023-03-29 17:55:15,202 INFO T:150.94Â°K V:3.6922e+00V I:2.0603e-03A R:1.7921e+03ğ›€ E:1.1396e+02V/cm J:9.0166e-02A/cm2 ğ›’:1.2638e+03ğ›€ cm
2023-03-29 17:55:15,225 INFO Measurement at current 0.0021105527638190956
2023-03-29 17:55:15,825 INFO T:150.93Â°K V:3.7101e+00V I:2.1106e-03A R:1.7579e+03ğ›€ E:1.1451e+02V/cm J:9.2366e-02A/cm2 ğ›’:1.2398e+03ğ›€ cm
2023-03-29 17:55:15,844 INFO Measurement at current 0.0021608040201005025
2023-03-29 17:55:16,431 INFO T:150.93Â°K V:3.7556e+00V I:2.1608e-03A R:1.7380e+03ğ›€ E:1.1591e+02V/cm J:9.4565e-02A/cm2 ğ›’:1.2257e+03ğ›€ cm
2023-03-29 17:55:16,447 INFO Measurement at current 0.0022110552763819095
2023-03-29 17:55:17,036 INFO T:150.92Â°K V:3.8204e+00V I:2.2111e-03A R:1.7279e+03ğ›€ E:1.1791e+02V/cm J:9.6764e-02A/cm2 ğ›’:1.2186e+03ğ›€ cm
2023-03-29 17:55:17,052 INFO Measurement at current 0.0022613065326633165
2023-03-29 17:55:17,644 INFO T:150.92Â°K V:3.8421e+00V I:2.2613e-03A R:1.6991e+03ğ›€ E:1.1858e+02V/cm J:9.8963e-02A/cm2 ğ›’:1.1983e+03ğ›€ cm
2023-03-29 17:55:17,661 INFO Measurement at current 0.0023115577889447235
2023-03-29 17:55:18,268 INFO T:150.91Â°K V:3.8676e+00V I:2.3116e-03A R:1.6732e+03ğ›€ E:1.1937e+02V/cm J:1.0116e-01A/cm2 ğ›’:1.1800e+03ğ›€ cm
2023-03-29 17:55:18,294 INFO Measurement at current 0.002361809045226131
2023-03-29 17:55:18,903 INFO T:150.91Â°K V:3.8489e+00V I:2.3618e-03A R:1.6296e+03ğ›€ E:1.1879e+02V/cm J:1.0336e-01A/cm2 ğ›’:1.1493e+03ğ›€ cm
2023-03-29 17:55:18,921 INFO Measurement at current 0.002412060301507538
2023-03-29 17:55:19,512 INFO T:150.90Â°K V:3.8598e+00V I:2.4121e-03A R:1.6002e+03ğ›€ E:1.1913e+02V/cm J:1.0556e-01A/cm2 ğ›’:1.1285e+03ğ›€ cm
2023-03-29 17:55:19,534 INFO Measurement at current 0.002462311557788945
2023-03-29 17:55:20,122 INFO T:150.90Â°K V:3.8412e+00V I:2.4623e-03A R:1.5600e+03ğ›€ E:1.1855e+02V/cm J:1.0776e-01A/cm2 ğ›’:1.1002e+03ğ›€ cm
2023-03-29 17:55:20,149 INFO Measurement at current 0.002512562814070352
2023-03-29 17:55:20,746 INFO T:150.89Â°K V:3.8596e+00V I:2.5126e-03A R:1.5361e+03ğ›€ E:1.1912e+02V/cm J:1.0996e-01A/cm2 ğ›’:1.0833e+03ğ›€ cm
2023-03-29 17:55:20,771 INFO Measurement at current 0.0025628140703517588
2023-03-29 17:55:21,372 INFO T:150.89Â°K V:3.8561e+00V I:2.5628e-03A R:1.5046e+03ğ›€ E:1.1901e+02V/cm J:1.1216e-01A/cm2 ğ›’:1.0611e+03ğ›€ cm
2023-03-29 17:55:21,396 INFO Measurement at current 0.0026130653266331657
2023-03-29 17:55:21,994 INFO T:150.88Â°K V:3.8687e+00V I:2.6131e-03A R:1.4805e+03ğ›€ E:1.1940e+02V/cm J:1.1436e-01A/cm2 ğ›’:1.0441e+03ğ›€ cm
2023-03-29 17:55:22,010 INFO Measurement at current 0.0026633165829145727
2023-03-29 17:55:22,597 INFO T:150.88Â°K V:3.8782e+00V I:2.6633e-03A R:1.4562e+03ğ›€ E:1.1970e+02V/cm J:1.1656e-01A/cm2 ğ›’:1.0269e+03ğ›€ cm
2023-03-29 17:55:22,619 INFO Measurement at current 0.00271356783919598
2023-03-29 17:55:23,219 INFO T:150.87Â°K V:3.8785e+00V I:2.7136e-03A R:1.4293e+03ğ›€ E:1.1971e+02V/cm J:1.1876e-01A/cm2 ğ›’:1.0080e+03ğ›€ cm
2023-03-29 17:55:23,247 INFO Measurement at current 0.002763819095477387
2023-03-29 17:55:23,844 INFO T:150.87Â°K V:3.8669e+00V I:2.7638e-03A R:1.3991e+03ğ›€ E:1.1935e+02V/cm J:1.2095e-01A/cm2 ğ›’:9.8673e+02ğ›€ cm
2023-03-29 17:55:23,861 INFO Measurement at current 0.002814070351758794
2023-03-29 17:55:24,453 INFO T:150.86Â°K V:3.8677e+00V I:2.8141e-03A R:1.3744e+03ğ›€ E:1.1937e+02V/cm J:1.2315e-01A/cm2 ğ›’:9.6931e+02ğ›€ cm
2023-03-29 17:55:24,470 INFO Measurement at current 0.002864321608040201
2023-03-29 17:55:25,076 INFO T:150.86Â°K V:3.8643e+00V I:2.8643e-03A R:1.3491e+03ğ›€ E:1.1927e+02V/cm J:1.2535e-01A/cm2 ğ›’:9.5146e+02ğ›€ cm
2023-03-29 17:55:25,105 INFO Measurement at current 0.002914572864321608
2023-03-29 17:55:25,717 INFO T:150.85Â°K V:3.8595e+00V I:2.9146e-03A R:1.3242e+03ğ›€ E:1.1912e+02V/cm J:1.2755e-01A/cm2 ğ›’:9.3390e+02ğ›€ cm
2023-03-29 17:55:25,735 INFO Measurement at current 0.002964824120603015
2023-03-29 17:55:26,336 INFO T:150.85Â°K V:3.8721e+00V I:2.9648e-03A R:1.3060e+03ğ›€ E:1.1951e+02V/cm J:1.2975e-01A/cm2 ğ›’:9.2107e+02ğ›€ cm
2023-03-29 17:55:26,360 INFO Measurement at current 0.003015075376884422
2023-03-29 17:55:26,951 INFO T:150.84Â°K V:3.8479e+00V I:3.0151e-03A R:1.2762e+03ğ›€ E:1.1876e+02V/cm J:1.3195e-01A/cm2 ğ›’:9.0004e+02ğ›€ cm
2023-03-29 17:55:26,965 INFO Measurement at current 0.0030653266331658294
2023-03-29 17:55:27,567 INFO T:150.84Â°K V:3.8439e+00V I:3.0653e-03A R:1.2540e+03ğ›€ E:1.1864e+02V/cm J:1.3415e-01A/cm2 ğ›’:8.8438e+02ğ›€ cm
2023-03-29 17:55:27,588 INFO Measurement at current 0.0031155778894472364
2023-03-29 17:55:28,199 INFO T:150.83Â°K V:3.8223e+00V I:3.1156e-03A R:1.2268e+03ğ›€ E:1.1797e+02V/cm J:1.3635e-01A/cm2 ğ›’:8.6522e+02ğ›€ cm
2023-03-29 17:55:28,215 INFO Measurement at current 0.0031658291457286433
2023-03-29 17:55:28,803 INFO T:150.83Â°K V:3.7892e+00V I:3.1658e-03A R:1.1969e+03ğ›€ E:1.1695e+02V/cm J:1.3855e-01A/cm2 ğ›’:8.4411e+02ğ›€ cm
2023-03-29 17:55:28,819 INFO Measurement at current 0.0032160804020100503
2023-03-29 17:55:29,410 INFO T:150.82Â°K V:3.7862e+00V I:3.2161e-03A R:1.1773e+03ğ›€ E:1.1686e+02V/cm J:1.4075e-01A/cm2 ğ›’:8.3028e+02ğ›€ cm
2023-03-29 17:55:29,438 INFO Measurement at current 0.0032663316582914573
2023-03-29 17:55:30,047 INFO T:150.82Â°K V:3.7925e+00V I:3.2663e-03A R:1.1611e+03ğ›€ E:1.1705e+02V/cm J:1.4295e-01A/cm2 ğ›’:8.1885e+02ğ›€ cm
2023-03-29 17:55:30,066 INFO Measurement at current 0.0033165829145728643
2023-03-29 17:55:30,676 INFO T:150.81Â°K V:3.7826e+00V I:3.3166e-03A R:1.1405e+03ğ›€ E:1.1675e+02V/cm J:1.4515e-01A/cm2 ğ›’:8.0435e+02ğ›€ cm
2023-03-29 17:55:30,694 INFO Measurement at current 0.0033668341708542712
2023-03-29 17:55:31,285 INFO T:150.81Â°K V:3.7761e+00V I:3.3668e-03A R:1.1216e+03ğ›€ E:1.1655e+02V/cm J:1.4735e-01A/cm2 ğ›’:7.9097e+02ğ›€ cm
2023-03-29 17:55:31,308 INFO Measurement at current 0.0034170854271356787
2023-03-29 17:55:31,894 INFO T:150.81Â°K V:3.7669e+00V I:3.4171e-03A R:1.1024e+03ğ›€ E:1.1626e+02V/cm J:1.4954e-01A/cm2 ğ›’:7.7745e+02ğ›€ cm
2023-03-29 17:55:31,908 INFO Measurement at current 0.0034673366834170856
2023-03-29 17:55:32,493 INFO T:150.80Â°K V:3.7634e+00V I:3.4673e-03A R:1.0854e+03ğ›€ E:1.1615e+02V/cm J:1.5174e-01A/cm2 ğ›’:7.6547e+02ğ›€ cm
2023-03-29 17:55:32,509 INFO Measurement at current 0.0035175879396984926
2023-03-29 17:55:33,099 INFO T:150.80Â°K V:3.7661e+00V I:3.5176e-03A R:1.0707e+03ğ›€ E:1.1624e+02V/cm J:1.5394e-01A/cm2 ğ›’:7.5508e+02ğ›€ cm
2023-03-29 17:55:33,136 INFO Measurement at current 0.0035678391959798996
2023-03-29 17:55:33,725 INFO T:150.79Â°K V:3.7725e+00V I:3.5678e-03A R:1.0573e+03ğ›€ E:1.1643e+02V/cm J:1.5614e-01A/cm2 ğ›’:7.4569e+02ğ›€ cm
2023-03-29 17:55:33,742 INFO Measurement at current 0.0036180904522613066
2023-03-29 17:55:34,387 INFO T:150.79Â°K V:3.7785e+00V I:3.6181e-03A R:1.0443e+03ğ›€ E:1.1662e+02V/cm J:1.5834e-01A/cm2 ğ›’:7.3652e+02ğ›€ cm
2023-03-29 17:55:34,407 INFO Measurement at current 0.0036683417085427135
2023-03-29 17:55:35,004 INFO T:150.78Â°K V:3.7818e+00V I:3.6683e-03A R:1.0309e+03ğ›€ E:1.1672e+02V/cm J:1.6054e-01A/cm2 ğ›’:7.2706e+02ğ›€ cm
2023-03-29 17:55:35,024 INFO Measurement at current 0.0037185929648241205
2023-03-29 17:55:35,616 INFO T:150.78Â°K V:3.7846e+00V I:3.7186e-03A R:1.0178e+03ğ›€ E:1.1681e+02V/cm J:1.6274e-01A/cm2 ğ›’:7.1777e+02ğ›€ cm
2023-03-29 17:55:35,648 INFO Measurement at current 0.003768844221105528
2023-03-29 17:55:36,238 INFO T:150.77Â°K V:3.7768e+00V I:3.7688e-03A R:1.0021e+03ğ›€ E:1.1657e+02V/cm J:1.6494e-01A/cm2 ğ›’:7.0674e+02ğ›€ cm
2023-03-29 17:55:36,255 INFO Measurement at current 0.003819095477386935
2023-03-29 17:55:36,863 INFO T:150.76Â°K V:3.7805e+00V I:3.8191e-03A R:9.8991e+02ğ›€ E:1.1668e+02V/cm J:1.6714e-01A/cm2 ğ›’:6.9813e+02ğ›€ cm
2023-03-29 17:55:36,887 INFO Measurement at current 0.003869346733668342
2023-03-29 17:55:37,483 INFO T:150.76Â°K V:3.7808e+00V I:3.8693e-03A R:9.7713e+02ğ›€ E:1.1669e+02V/cm J:1.6934e-01A/cm2 ğ›’:6.8912e+02ğ›€ cm
2023-03-29 17:55:37,505 INFO Measurement at current 0.003919597989949748
2023-03-29 17:55:38,111 INFO T:150.76Â°K V:3.7889e+00V I:3.9196e-03A R:9.6666e+02ğ›€ E:1.1694e+02V/cm J:1.7154e-01A/cm2 ğ›’:6.8173e+02ğ›€ cm
2023-03-29 17:55:38,141 INFO Measurement at current 0.003969849246231156
2023-03-29 17:55:38,744 INFO T:150.75Â°K V:3.7857e+00V I:3.9698e-03A R:9.5361e+02ğ›€ E:1.1684e+02V/cm J:1.7374e-01A/cm2 ğ›’:6.7253e+02ğ›€ cm
2023-03-29 17:55:38,767 INFO Measurement at current 0.004020100502512563
2023-03-29 17:55:39,358 INFO T:150.75Â°K V:3.7910e+00V I:4.0201e-03A R:9.4300e+02ğ›€ E:1.1700e+02V/cm J:1.7593e-01A/cm2 ğ›’:6.6505e+02ğ›€ cm
2023-03-29 17:55:39,375 INFO Measurement at current 0.00407035175879397
2023-03-29 17:55:39,963 INFO T:150.74Â°K V:3.7959e+00V I:4.0704e-03A R:9.3258e+02ğ›€ E:1.1716e+02V/cm J:1.7813e-01A/cm2 ğ›’:6.5770e+02ğ›€ cm
2023-03-29 17:55:39,977 INFO Measurement at current 0.004120603015075377
2023-03-29 17:55:40,571 INFO T:150.74Â°K V:3.7975e+00V I:4.1206e-03A R:9.2158e+02ğ›€ E:1.1721e+02V/cm J:1.8033e-01A/cm2 ğ›’:6.4994e+02ğ›€ cm
2023-03-29 17:55:40,594 INFO Measurement at current 0.004170854271356784
2023-03-29 17:55:41,184 INFO T:150.73Â°K V:3.7936e+00V I:4.1709e-03A R:9.0954e+02ğ›€ E:1.1709e+02V/cm J:1.8253e-01A/cm2 ğ›’:6.4145e+02ğ›€ cm
2023-03-29 17:55:41,204 INFO Measurement at current 0.004221105527638191
2023-03-29 17:55:41,804 INFO T:150.73Â°K V:3.7958e+00V I:4.2211e-03A R:8.9925e+02ğ›€ E:1.1716e+02V/cm J:1.8473e-01A/cm2 ğ›’:6.3419e+02ğ›€ cm
2023-03-29 17:55:41,827 INFO Measurement at current 0.004271356783919598
2023-03-29 17:55:42,425 INFO T:150.72Â°K V:3.7993e+00V I:4.2714e-03A R:8.8949e+02ğ›€ E:1.1726e+02V/cm J:1.8693e-01A/cm2 ğ›’:6.2731e+02ğ›€ cm
2023-03-29 17:55:42,471 INFO Measurement at current 0.004321608040201005
2023-03-29 17:55:43,058 INFO T:150.72Â°K V:3.7933e+00V I:4.3216e-03A R:8.7776e+02ğ›€ E:1.1708e+02V/cm J:1.8913e-01A/cm2 ğ›’:6.1904e+02ğ›€ cm
2023-03-29 17:55:43,072 INFO Measurement at current 0.004371859296482412
2023-03-29 17:55:43,659 INFO T:150.71Â°K V:3.7929e+00V I:4.3719e-03A R:8.6756e+02ğ›€ E:1.1706e+02V/cm J:1.9133e-01A/cm2 ğ›’:6.1185e+02ğ›€ cm
2023-03-29 17:55:43,674 INFO Measurement at current 0.004422110552763819
2023-03-29 17:55:44,264 INFO T:150.71Â°K V:3.7869e+00V I:4.4221e-03A R:8.5637e+02ğ›€ E:1.1688e+02V/cm J:1.9353e-01A/cm2 ğ›’:6.0395e+02ğ›€ cm
2023-03-29 17:55:44,302 INFO Measurement at current 0.004472361809045226
2023-03-29 17:55:44,899 INFO T:150.70Â°K V:3.7867e+00V I:4.4724e-03A R:8.4669e+02ğ›€ E:1.1687e+02V/cm J:1.9573e-01A/cm2 ğ›’:5.9712e+02ğ›€ cm
2023-03-29 17:55:44,916 INFO Measurement at current 0.004522613065326633
2023-03-29 17:55:45,502 INFO T:150.70Â°K V:3.7865e+00V I:4.5226e-03A R:8.3724e+02ğ›€ E:1.1687e+02V/cm J:1.9793e-01A/cm2 ğ›’:5.9046e+02ğ›€ cm
2023-03-29 17:55:45,519 INFO Measurement at current 0.00457286432160804
2023-03-29 17:55:46,117 INFO T:150.69Â°K V:3.7909e+00V I:4.5729e-03A R:8.2901e+02ğ›€ E:1.1700e+02V/cm J:2.0013e-01A/cm2 ğ›’:5.8465e+02ğ›€ cm
2023-03-29 17:55:46,134 INFO Measurement at current 0.004623115577889447
2023-03-29 17:55:46,739 INFO T:150.69Â°K V:3.7879e+00V I:4.6231e-03A R:8.1934e+02ğ›€ E:1.1691e+02V/cm J:2.0232e-01A/cm2 ğ›’:5.7784e+02ğ›€ cm
2023-03-29 17:55:46,756 INFO Measurement at current 0.004673366834170855
2023-03-29 17:55:47,348 INFO T:150.68Â°K V:3.7767e+00V I:4.6734e-03A R:8.0813e+02ğ›€ E:1.1656e+02V/cm J:2.0452e-01A/cm2 ğ›’:5.6993e+02ğ›€ cm
2023-03-29 17:55:47,370 INFO Measurement at current 0.004723618090452262
2023-03-29 17:55:47,967 INFO T:150.68Â°K V:3.7814e+00V I:4.7236e-03A R:8.0053e+02ğ›€ E:1.1671e+02V/cm J:2.0672e-01A/cm2 ğ›’:5.6457e+02ğ›€ cm
2023-03-29 17:55:47,989 INFO Measurement at current 0.004773869346733669
2023-03-29 17:55:48,583 INFO T:150.67Â°K V:3.7939e+00V I:4.7739e-03A R:7.9473e+02ğ›€ E:1.1710e+02V/cm J:2.0892e-01A/cm2 ğ›’:5.6048e+02ğ›€ cm
2023-03-29 17:55:48,600 INFO Measurement at current 0.004824120603015076
2023-03-29 17:55:49,198 INFO T:150.67Â°K V:3.8234e+00V I:4.8241e-03A R:7.9255e+02ğ›€ E:1.1801e+02V/cm J:2.1112e-01A/cm2 ğ›’:5.5894e+02ğ›€ cm
2023-03-29 17:55:49,222 INFO Measurement at current 0.004874371859296483
2023-03-29 17:55:49,827 INFO T:150.67Â°K V:3.8217e+00V I:4.8744e-03A R:7.8403e+02ğ›€ E:1.1795e+02V/cm J:2.1332e-01A/cm2 ğ›’:5.5294e+02ğ›€ cm
2023-03-29 17:55:49,855 INFO Measurement at current 0.00492462311557789
2023-03-29 17:55:50,451 INFO T:150.66Â°K V:3.8285e+00V I:4.9246e-03A R:7.7741e+02ğ›€ E:1.1816e+02V/cm J:2.1552e-01A/cm2 ğ›’:5.4827e+02ğ›€ cm
2023-03-29 17:55:50,471 INFO Measurement at current 0.004974874371859297
2023-03-29 17:55:51,072 INFO T:150.66Â°K V:3.8302e+00V I:4.9749e-03A R:7.6990e+02ğ›€ E:1.1821e+02V/cm J:2.1772e-01A/cm2 ğ›’:5.4297e+02ğ›€ cm
2023-03-29 17:55:51,095 INFO Measurement at current 0.005025125628140704
2023-03-29 17:55:51,691 INFO T:150.65Â°K V:3.8233e+00V I:5.0251e-03A R:7.6084e+02ğ›€ E:1.1800e+02V/cm J:2.1992e-01A/cm2 ğ›’:5.3658e+02ğ›€ cm
2023-03-29 17:55:51,708 INFO Measurement at current 0.005075376884422111
2023-03-29 17:55:52,305 INFO T:150.65Â°K V:3.8291e+00V I:5.0754e-03A R:7.5445e+02ğ›€ E:1.1818e+02V/cm J:2.2212e-01A/cm2 ğ›’:5.3208e+02ğ›€ cm
2023-03-29 17:55:52,325 INFO Measurement at current 0.0051256281407035175
2023-03-29 17:55:52,926 INFO T:150.64Â°K V:3.8367e+00V I:5.1256e-03A R:7.4854e+02ğ›€ E:1.1842e+02V/cm J:2.2432e-01A/cm2 ğ›’:5.2790e+02ğ›€ cm
2023-03-29 17:55:52,954 INFO Measurement at current 0.0051758793969849245
2023-03-29 17:55:53,542 INFO T:150.64Â°K V:3.8533e+00V I:5.1759e-03A R:7.4446e+02ğ›€ E:1.1893e+02V/cm J:2.2652e-01A/cm2 ğ›’:5.2503e+02ğ›€ cm
2023-03-29 17:55:53,563 INFO Measurement at current 0.0052261306532663315
2023-03-29 17:55:54,157 INFO T:150.63Â°K V:3.8583e+00V I:5.2261e-03A R:7.3827e+02ğ›€ E:1.1908e+02V/cm J:2.2871e-01A/cm2 ğ›’:5.2066e+02ğ›€ cm
2023-03-29 17:55:54,176 INFO Measurement at current 0.0052763819095477385
2023-03-29 17:55:54,779 INFO T:150.63Â°K V:3.8581e+00V I:5.2764e-03A R:7.3121e+02ğ›€ E:1.1908e+02V/cm J:2.3091e-01A/cm2 ğ›’:5.1568e+02ğ›€ cm
2023-03-29 17:55:54,798 INFO Measurement at current 0.0053266331658291454
2023-03-29 17:55:55,395 INFO T:150.62Â°K V:3.8518e+00V I:5.3266e-03A R:7.2312e+02ğ›€ E:1.1888e+02V/cm J:2.3311e-01A/cm2 ğ›’:5.0998e+02ğ›€ cm
2023-03-29 17:55:55,415 INFO Measurement at current 0.005376884422110553
2023-03-29 17:55:56,011 INFO T:150.62Â°K V:3.8562e+00V I:5.3769e-03A R:7.1718e+02ğ›€ E:1.1902e+02V/cm J:2.3531e-01A/cm2 ğ›’:5.0579e+02ğ›€ cm
2023-03-29 17:55:56,031 INFO Measurement at current 0.00542713567839196
2023-03-29 17:55:56,619 INFO T:150.61Â°K V:3.8547e+00V I:5.4271e-03A R:7.1027e+02ğ›€ E:1.1897e+02V/cm J:2.3751e-01A/cm2 ğ›’:5.0091e+02ğ›€ cm
2023-03-29 17:55:56,638 INFO Measurement at current 0.005477386934673367
2023-03-29 17:55:57,234 INFO T:150.61Â°K V:3.8419e+00V I:5.4774e-03A R:7.0141e+02ğ›€ E:1.1858e+02V/cm J:2.3971e-01A/cm2 ğ›’:4.9467e+02ğ›€ cm
2023-03-29 17:55:57,271 INFO Measurement at current 0.005527638190954774
2023-03-29 17:55:57,878 INFO T:150.60Â°K V:3.8372e+00V I:5.5276e-03A R:6.9418e+02ğ›€ E:1.1843e+02V/cm J:2.4191e-01A/cm2 ğ›’:4.8957e+02ğ›€ cm
2023-03-29 17:55:57,900 INFO Measurement at current 0.005577889447236181
2023-03-29 17:55:58,488 INFO T:150.60Â°K V:3.8459e+00V I:5.5779e-03A R:6.8950e+02ğ›€ E:1.1870e+02V/cm J:2.4411e-01A/cm2 ğ›’:4.8627e+02ğ›€ cm
2023-03-29 17:55:58,512 INFO Measurement at current 0.005628140703517588
2023-03-29 17:55:59,096 INFO T:150.59Â°K V:3.8545e+00V I:5.6281e-03A R:6.8486e+02ğ›€ E:1.1897e+02V/cm J:2.4631e-01A/cm2 ğ›’:4.8300e+02ğ›€ cm
2023-03-29 17:55:59,112 INFO Measurement at current 0.005678391959798995
2023-03-29 17:55:59,697 INFO T:150.59Â°K V:3.8573e+00V I:5.6784e-03A R:6.7929e+02ğ›€ E:1.1905e+02V/cm J:2.4851e-01A/cm2 ğ›’:4.7907e+02ğ›€ cm
2023-03-29 17:55:59,718 INFO Measurement at current 0.005728643216080402
2023-03-29 17:56:00,316 INFO T:150.58Â°K V:3.6148e+00V I:5.7286e-03A R:6.3100e+02ğ›€ E:1.1157e+02V/cm J:2.5071e-01A/cm2 ğ›’:4.4501e+02ğ›€ cm
2023-03-29 17:56:00,333 INFO Measurement at current 0.005778894472361809
2023-03-29 17:56:00,937 INFO T:150.58Â°K V:3.6131e+00V I:5.7789e-03A R:6.2523e+02ğ›€ E:1.1152e+02V/cm J:2.5291e-01A/cm2 ğ›’:4.4094e+02ğ›€ cm
2023-03-29 17:56:00,988 INFO Measurement at current 0.005829145728643216
2023-03-29 17:56:01,577 INFO T:150.57Â°K V:3.6195e+00V I:5.8291e-03A R:6.2093e+02ğ›€ E:1.1171e+02V/cm J:2.5510e-01A/cm2 ğ›’:4.3791e+02ğ›€ cm
2023-03-29 17:56:01,597 INFO Measurement at current 0.005879396984924623
2023-03-29 17:56:02,203 INFO T:150.57Â°K V:3.6220e+00V I:5.8794e-03A R:6.1606e+02ğ›€ E:1.1179e+02V/cm J:2.5730e-01A/cm2 ğ›’:4.3447e+02ğ›€ cm
2023-03-29 17:56:02,223 INFO Measurement at current 0.00592964824120603
2023-03-29 17:56:02,827 INFO T:150.57Â°K V:3.6225e+00V I:5.9296e-03A R:6.1092e+02ğ›€ E:1.1181e+02V/cm J:2.5950e-01A/cm2 ğ›’:4.3085e+02ğ›€ cm
2023-03-29 17:56:02,851 INFO Measurement at current 0.005979899497487437
2023-03-29 17:56:03,445 INFO T:150.56Â°K V:3.6223e+00V I:5.9799e-03A R:6.0574e+02ğ›€ E:1.1180e+02V/cm J:2.6170e-01A/cm2 ğ›’:4.2720e+02ğ›€ cm
2023-03-29 17:56:03,463 INFO Measurement at current 0.006030150753768844
2023-03-29 17:56:04,065 INFO T:150.56Â°K V:3.6235e+00V I:6.0302e-03A R:6.0089e+02ğ›€ E:1.1184e+02V/cm J:2.6390e-01A/cm2 ğ›’:4.2378e+02ğ›€ cm
2023-03-29 17:56:04,085 INFO Measurement at current 0.006080402010050252
2023-03-29 17:56:04,679 INFO T:150.55Â°K V:3.6296e+00V I:6.0804e-03A R:5.9694e+02ğ›€ E:1.1203e+02V/cm J:2.6610e-01A/cm2 ğ›’:4.2099e+02ğ›€ cm
2023-03-29 17:56:04,718 INFO Measurement at current 0.006130653266331659
2023-03-29 17:56:05,305 INFO T:150.55Â°K V:3.6407e+00V I:6.1307e-03A R:5.9385e+02ğ›€ E:1.1237e+02V/cm J:2.6830e-01A/cm2 ğ›’:4.1881e+02ğ›€ cm
2023-03-29 17:56:05,321 INFO Measurement at current 0.006180904522613066
2023-03-29 17:56:05,913 INFO T:150.54Â°K V:3.6418e+00V I:6.1809e-03A R:5.8920e+02ğ›€ E:1.1240e+02V/cm J:2.7050e-01A/cm2 ğ›’:4.1553e+02ğ›€ cm
2023-03-29 17:56:05,926 INFO Measurement at current 0.006231155778894473
2023-03-29 17:56:06,510 INFO T:150.54Â°K V:3.6412e+00V I:6.2312e-03A R:5.8436e+02ğ›€ E:1.1238e+02V/cm J:2.7270e-01A/cm2 ğ›’:4.1212e+02ğ›€ cm
2023-03-29 17:56:06,525 INFO Measurement at current 0.00628140703517588
2023-03-29 17:56:07,108 INFO T:150.53Â°K V:3.6495e+00V I:6.2814e-03A R:5.8100e+02ğ›€ E:1.1264e+02V/cm J:2.7490e-01A/cm2 ğ›’:4.0975e+02ğ›€ cm
2023-03-29 17:56:07,123 INFO Measurement at current 0.006331658291457287
2023-03-29 17:56:07,708 INFO T:150.53Â°K V:3.8151e+00V I:6.3317e-03A R:6.0254e+02ğ›€ E:1.1775e+02V/cm J:2.7710e-01A/cm2 ğ›’:4.2494e+02ğ›€ cm
2023-03-29 17:56:07,724 INFO Measurement at current 0.006381909547738694
2023-03-29 17:56:08,312 INFO T:150.52Â°K V:4.1694e+00V I:6.3819e-03A R:6.5332e+02ğ›€ E:1.2869e+02V/cm J:2.7930e-01A/cm2 ğ›’:4.6075e+02ğ›€ cm
2023-03-29 17:56:08,330 INFO Measurement at current 0.006432160804020101
2023-03-29 17:56:08,913 INFO T:150.52Â°K V:4.1455e+00V I:6.4322e-03A R:6.4449e+02ğ›€ E:1.2795e+02V/cm J:2.8150e-01A/cm2 ğ›’:4.5453e+02ğ›€ cm
2023-03-29 17:56:08,928 INFO Measurement at current 0.006482412060301508
2023-03-29 17:56:09,536 INFO T:150.51Â°K V:4.1303e+00V I:6.4824e-03A R:6.3716e+02ğ›€ E:1.2748e+02V/cm J:2.8369e-01A/cm2 ğ›’:4.4935e+02ğ›€ cm
2023-03-29 17:56:09,552 INFO Measurement at current 0.006532663316582915
2023-03-29 17:56:10,134 INFO T:150.51Â°K V:4.1053e+00V I:6.5327e-03A R:6.2843e+02ğ›€ E:1.2671e+02V/cm J:2.8589e-01A/cm2 ğ›’:4.4320e+02ğ›€ cm
2023-03-29 17:56:10,149 INFO Measurement at current 0.0065829145728643216
2023-03-29 17:56:10,742 INFO T:150.50Â°K V:4.0876e+00V I:6.5829e-03A R:6.2094e+02ğ›€ E:1.2616e+02V/cm J:2.8809e-01A/cm2 ğ›’:4.3791e+02ğ›€ cm
2023-03-29 17:56:10,758 INFO Measurement at current 0.0066331658291457285
2023-03-29 17:56:11,359 INFO T:150.50Â°K V:4.0703e+00V I:6.6332e-03A R:6.1363e+02ğ›€ E:1.2563e+02V/cm J:2.9029e-01A/cm2 ğ›’:4.3276e+02ğ›€ cm
2023-03-29 17:56:11,399 INFO Measurement at current 0.0066834170854271355
2023-03-29 17:56:11,998 INFO T:150.50Â°K V:4.0445e+00V I:6.6834e-03A R:6.0515e+02ğ›€ E:1.2483e+02V/cm J:2.9249e-01A/cm2 ğ›’:4.2678e+02ğ›€ cm
2023-03-29 17:56:12,032 INFO Measurement at current 0.0067336683417085425
2023-03-29 17:56:12,636 INFO T:150.49Â°K V:4.0321e+00V I:6.7337e-03A R:5.9879e+02ğ›€ E:1.2445e+02V/cm J:2.9469e-01A/cm2 ğ›’:4.2230e+02ğ›€ cm
2023-03-29 17:56:12,660 INFO Measurement at current 0.0067839195979899495
2023-03-29 17:56:13,267 INFO T:150.49Â°K V:4.0231e+00V I:6.7839e-03A R:5.9303e+02ğ›€ E:1.2417e+02V/cm J:2.9689e-01A/cm2 ğ›’:4.1823e+02ğ›€ cm
2023-03-29 17:56:13,283 INFO Measurement at current 0.006834170854271357
2023-03-29 17:56:13,866 INFO T:150.48Â°K V:4.0168e+00V I:6.8342e-03A R:5.8775e+02ğ›€ E:1.2397e+02V/cm J:2.9909e-01A/cm2 ğ›’:4.1451e+02ğ›€ cm
2023-03-29 17:56:13,880 INFO Measurement at current 0.006884422110552764
2023-03-29 17:56:14,467 INFO T:150.48Â°K V:4.0115e+00V I:6.8844e-03A R:5.8269e+02ğ›€ E:1.2381e+02V/cm J:3.0129e-01A/cm2 ğ›’:4.1094e+02ğ›€ cm
2023-03-29 17:56:14,486 INFO Measurement at current 0.006934673366834171
2023-03-29 17:56:15,068 INFO T:150.47Â°K V:4.0120e+00V I:6.9347e-03A R:5.7855e+02ğ›€ E:1.2383e+02V/cm J:3.0349e-01A/cm2 ğ›’:4.0802e+02ğ›€ cm
2023-03-29 17:56:15,088 INFO Measurement at current 0.006984924623115578
2023-03-29 17:56:15,698 INFO T:150.47Â°K V:4.0202e+00V I:6.9849e-03A R:5.7556e+02ğ›€ E:1.2408e+02V/cm J:3.0569e-01A/cm2 ğ›’:4.0591e+02ğ›€ cm
2023-03-29 17:56:15,714 INFO Measurement at current 0.007035175879396985
2023-03-29 17:56:16,320 INFO T:150.46Â°K V:4.0993e+00V I:7.0352e-03A R:5.8268e+02ğ›€ E:1.2652e+02V/cm J:3.0789e-01A/cm2 ğ›’:4.1093e+02ğ›€ cm
2023-03-29 17:56:16,381 INFO Measurement at current 0.007085427135678392
2023-03-29 17:56:16,978 INFO T:150.46Â°K V:4.2172e+00V I:7.0854e-03A R:5.9520e+02ğ›€ E:1.3016e+02V/cm J:3.1008e-01A/cm2 ğ›’:4.1976e+02ğ›€ cm
2023-03-29 17:56:16,993 INFO Measurement at current 0.007135678391959799
2023-03-29 17:56:17,620 INFO T:150.45Â°K V:4.2100e+00V I:7.1357e-03A R:5.9000e+02ğ›€ E:1.2994e+02V/cm J:3.1228e-01A/cm2 ğ›’:4.1609e+02ğ›€ cm
2023-03-29 17:56:17,644 INFO Measurement at current 0.007185929648241206
2023-03-29 17:56:18,245 INFO T:150.45Â°K V:4.1621e+00V I:7.1859e-03A R:5.7921e+02ğ›€ E:1.2846e+02V/cm J:3.1448e-01A/cm2 ğ›’:4.0848e+02ğ›€ cm
2023-03-29 17:56:18,278 INFO Measurement at current 0.007236180904522613
2023-03-29 17:56:18,884 INFO T:150.44Â°K V:4.1439e+00V I:7.2362e-03A R:5.7267e+02ğ›€ E:1.2790e+02V/cm J:3.1668e-01A/cm2 ğ›’:4.0387e+02ğ›€ cm
2023-03-29 17:56:18,901 INFO Measurement at current 0.00728643216080402
2023-03-29 17:56:19,512 INFO T:150.44Â°K V:3.9972e+00V I:7.2864e-03A R:5.4857e+02ğ›€ E:1.2337e+02V/cm J:3.1888e-01A/cm2 ğ›’:3.8688e+02ğ›€ cm
2023-03-29 17:56:19,531 INFO Measurement at current 0.007336683417085427
2023-03-29 17:56:20,120 INFO T:150.44Â°K V:4.0774e+00V I:7.3367e-03A R:5.5575e+02ğ›€ E:1.2585e+02V/cm J:3.2108e-01A/cm2 ğ›’:3.9194e+02ğ›€ cm
2023-03-29 17:56:20,143 INFO Measurement at current 0.007386934673366834
2023-03-29 17:56:20,738 INFO T:150.43Â°K V:4.1093e+00V I:7.3869e-03A R:5.5629e+02ğ›€ E:1.2683e+02V/cm J:3.2328e-01A/cm2 ğ›’:3.9232e+02ğ›€ cm
2023-03-29 17:56:20,764 INFO Measurement at current 0.007437185929648241
2023-03-29 17:56:21,355 INFO T:150.43Â°K V:4.0917e+00V I:7.4372e-03A R:5.5017e+02ğ›€ E:1.2629e+02V/cm J:3.2548e-01A/cm2 ğ›’:3.8800e+02ğ›€ cm
2023-03-29 17:56:21,382 INFO Measurement at current 0.007487437185929648
2023-03-29 17:56:21,969 INFO T:150.42Â°K V:4.0804e+00V I:7.4874e-03A R:5.4497e+02ğ›€ E:1.2594e+02V/cm J:3.2768e-01A/cm2 ğ›’:3.8434e+02ğ›€ cm
2023-03-29 17:56:21,991 INFO Measurement at current 0.007537688442211056
2023-03-29 17:56:22,590 INFO T:150.42Â°K V:4.0922e+00V I:7.5377e-03A R:5.4290e+02ğ›€ E:1.2630e+02V/cm J:3.2988e-01A/cm2 ğ›’:3.8288e+02ğ›€ cm
2023-03-29 17:56:22,608 INFO Measurement at current 0.007587939698492463
2023-03-29 17:56:23,204 INFO T:150.41Â°K V:3.9663e+00V I:7.5879e-03A R:5.2270e+02ğ›€ E:1.2242e+02V/cm J:3.3208e-01A/cm2 ğ›’:3.6864e+02ğ›€ cm
2023-03-29 17:56:23,223 INFO Measurement at current 0.00763819095477387
2023-03-29 17:56:23,827 INFO T:150.41Â°K V:4.0257e+00V I:7.6382e-03A R:5.2705e+02ğ›€ E:1.2425e+02V/cm J:3.3428e-01A/cm2 ğ›’:3.7170e+02ğ›€ cm
2023-03-29 17:56:23,856 INFO Measurement at current 0.007688442211055277
2023-03-29 17:56:24,457 INFO T:150.40Â°K V:3.9920e+00V I:7.6884e-03A R:5.1922e+02ğ›€ E:1.2321e+02V/cm J:3.3647e-01A/cm2 ğ›’:3.6618e+02ğ›€ cm
2023-03-29 17:56:24,475 INFO Measurement at current 0.007738693467336684
2023-03-29 17:56:25,085 INFO T:150.40Â°K V:3.9884e+00V I:7.7387e-03A R:5.1538e+02ğ›€ E:1.2310e+02V/cm J:3.3867e-01A/cm2 ğ›’:3.6347e+02ğ›€ cm
2023-03-29 17:56:25,136 INFO Measurement at current 0.007788944723618091
2023-03-29 17:56:25,733 INFO T:150.39Â°K V:3.9744e+00V I:7.7889e-03A R:5.1026e+02ğ›€ E:1.2267e+02V/cm J:3.4087e-01A/cm2 ğ›’:3.5986e+02ğ›€ cm
2023-03-29 17:56:25,761 INFO Measurement at current 0.007839195979899497
2023-03-29 17:56:26,361 INFO T:150.39Â°K V:3.9658e+00V I:7.8392e-03A R:5.0589e+02ğ›€ E:1.2240e+02V/cm J:3.4307e-01A/cm2 ğ›’:3.5678e+02ğ›€ cm
2023-03-29 17:56:26,380 INFO Measurement at current 0.007889447236180906
2023-03-29 17:56:26,976 INFO T:150.38Â°K V:3.9724e+00V I:7.8894e-03A R:5.0350e+02ğ›€ E:1.2260e+02V/cm J:3.4527e-01A/cm2 ğ›’:3.5509e+02ğ›€ cm
2023-03-29 17:56:26,997 INFO Measurement at current 0.007939698492462312
2023-03-29 17:56:27,589 INFO T:150.38Â°K V:3.9610e+00V I:7.9397e-03A R:4.9889e+02ğ›€ E:1.2225e+02V/cm J:3.4747e-01A/cm2 ğ›’:3.5184e+02ğ›€ cm
2023-03-29 17:56:27,620 INFO Measurement at current 0.00798994974874372
2023-03-29 17:56:28,216 INFO T:150.38Â°K V:3.9388e+00V I:7.9899e-03A R:4.9297e+02ğ›€ E:1.2157e+02V/cm J:3.4967e-01A/cm2 ğ›’:3.4767e+02ğ›€ cm
2023-03-29 17:56:28,254 INFO Measurement at current 0.008040201005025126
2023-03-29 17:56:28,846 INFO T:150.37Â°K V:3.9847e+00V I:8.0402e-03A R:4.9560e+02ğ›€ E:1.2298e+02V/cm J:3.5187e-01A/cm2 ğ›’:3.4952e+02ğ›€ cm
2023-03-29 17:56:28,881 INFO Measurement at current 0.008090452261306533
2023-03-29 17:56:29,469 INFO T:150.37Â°K V:3.9881e+00V I:8.0905e-03A R:4.9294e+02ğ›€ E:1.2309e+02V/cm J:3.5407e-01A/cm2 ğ›’:3.4764e+02ğ›€ cm
2023-03-29 17:56:29,501 INFO Measurement at current 0.00814070351758794
2023-03-29 17:56:30,132 INFO T:150.36Â°K V:4.0339e+00V I:8.1407e-03A R:4.9552e+02ğ›€ E:1.2450e+02V/cm J:3.5627e-01A/cm2 ğ›’:3.4946e+02ğ›€ cm
2023-03-29 17:56:30,164 INFO Measurement at current 0.008190954773869347
2023-03-29 17:56:30,753 INFO T:150.36Â°K V:4.0419e+00V I:8.1910e-03A R:4.9346e+02ğ›€ E:1.2475e+02V/cm J:3.5847e-01A/cm2 ğ›’:3.4801e+02ğ›€ cm
2023-03-29 17:56:30,773 INFO Measurement at current 0.008241206030150754
2023-03-29 17:56:31,381 INFO T:150.35Â°K V:4.0672e+00V I:8.2412e-03A R:4.9353e+02ğ›€ E:1.2553e+02V/cm J:3.6067e-01A/cm2 ğ›’:3.4806e+02ğ›€ cm
2023-03-29 17:56:31,400 INFO Measurement at current 0.008291457286432161
2023-03-29 17:56:32,000 INFO T:150.35Â°K V:4.0703e+00V I:8.2915e-03A R:4.9090e+02ğ›€ E:1.2563e+02V/cm J:3.6286e-01A/cm2 ğ›’:3.4621e+02ğ›€ cm
2023-03-29 17:56:32,031 INFO Measurement at current 0.008341708542713568
2023-03-29 17:56:32,668 INFO T:150.34Â°K V:4.0743e+00V I:8.3417e-03A R:4.8843e+02ğ›€ E:1.2575e+02V/cm J:3.6506e-01A/cm2 ğ›’:3.4446e+02ğ›€ cm
2023-03-29 17:56:32,701 INFO Measurement at current 0.008391959798994975
2023-03-29 17:56:33,295 INFO T:150.34Â°K V:4.0631e+00V I:8.3920e-03A R:4.8417e+02ğ›€ E:1.2540e+02V/cm J:3.6726e-01A/cm2 ğ›’:3.4146e+02ğ›€ cm
2023-03-29 17:56:33,318 INFO Measurement at current 0.008442211055276382
2023-03-29 17:56:33,909 INFO T:150.33Â°K V:4.0656e+00V I:8.4422e-03A R:4.8158e+02ğ›€ E:1.2548e+02V/cm J:3.6946e-01A/cm2 ğ›’:3.3963e+02ğ›€ cm
2023-03-29 17:56:33,933 INFO Measurement at current 0.00849246231155779
2023-03-29 17:56:34,522 INFO T:150.33Â°K V:4.0770e+00V I:8.4925e-03A R:4.8008e+02ğ›€ E:1.2583e+02V/cm J:3.7166e-01A/cm2 ğ›’:3.3857e+02ğ›€ cm
2023-03-29 17:56:34,537 INFO Measurement at current 0.008542713567839196
2023-03-29 17:56:35,120 INFO T:150.32Â°K V:4.0473e+00V I:8.5427e-03A R:4.7377e+02ğ›€ E:1.2492e+02V/cm J:3.7386e-01A/cm2 ğ›’:3.3412e+02ğ›€ cm
2023-03-29 17:56:35,135 INFO Measurement at current 0.008592964824120603
2023-03-29 17:56:35,718 INFO T:150.32Â°K V:4.0356e+00V I:8.5930e-03A R:4.6964e+02ğ›€ E:1.2455e+02V/cm J:3.7606e-01A/cm2 ğ›’:3.3121e+02ğ›€ cm
2023-03-29 17:56:35,731 INFO Measurement at current 0.00864321608040201
2023-03-29 17:56:36,316 INFO T:150.32Â°K V:4.0332e+00V I:8.6432e-03A R:4.6664e+02ğ›€ E:1.2448e+02V/cm J:3.7826e-01A/cm2 ğ›’:3.2909e+02ğ›€ cm
2023-03-29 17:56:36,334 INFO Measurement at current 0.008693467336683417
2023-03-29 17:56:36,915 INFO T:150.31Â°K V:4.0106e+00V I:8.6935e-03A R:4.6133e+02ğ›€ E:1.2378e+02V/cm J:3.8046e-01A/cm2 ğ›’:3.2535e+02ğ›€ cm
2023-03-29 17:56:36,931 INFO Measurement at current 0.008743718592964824
2023-03-29 17:56:37,527 INFO T:150.31Â°K V:3.9852e+00V I:8.7437e-03A R:4.5578e+02ğ›€ E:1.2300e+02V/cm J:3.8266e-01A/cm2 ğ›’:3.2144e+02ğ›€ cm
2023-03-29 17:56:37,544 INFO Measurement at current 0.008793969849246231
2023-03-29 17:56:38,152 INFO T:150.30Â°K V:3.9638e+00V I:8.7940e-03A R:4.5075e+02ğ›€ E:1.2234e+02V/cm J:3.8486e-01A/cm2 ğ›’:3.1789e+02ğ›€ cm
2023-03-29 17:56:38,175 INFO Measurement at current 0.008844221105527638
2023-03-29 17:56:38,786 INFO T:150.30Â°K V:3.9209e+00V I:8.8442e-03A R:4.4332e+02ğ›€ E:1.2101e+02V/cm J:3.8706e-01A/cm2 ğ›’:3.1265e+02ğ›€ cm
2023-03-29 17:56:38,872 INFO Measurement at current 0.008894472361809045
2023-03-29 17:56:39,459 INFO T:150.29Â°K V:3.9334e+00V I:8.8945e-03A R:4.4223e+02ğ›€ E:1.2140e+02V/cm J:3.8925e-01A/cm2 ğ›’:3.1188e+02ğ›€ cm
2023-03-29 17:56:39,502 INFO Measurement at current 0.008944723618090452
2023-03-29 17:56:40,114 INFO T:150.29Â°K V:3.9398e+00V I:8.9447e-03A R:4.4046e+02ğ›€ E:1.2160e+02V/cm J:3.9145e-01A/cm2 ğ›’:3.1064e+02ğ›€ cm
2023-03-29 17:56:40,168 INFO Measurement at current 0.008994974874371859
2023-03-29 17:56:40,753 INFO T:150.28Â°K V:3.9410e+00V I:8.9950e-03A R:4.3813e+02ğ›€ E:1.2164e+02V/cm J:3.9365e-01A/cm2 ğ›’:3.0899e+02ğ›€ cm
2023-03-29 17:56:40,772 INFO Measurement at current 0.009045226130653266
2023-03-29 17:56:41,366 INFO T:150.28Â°K V:3.9371e+00V I:9.0452e-03A R:4.3527e+02ğ›€ E:1.2152e+02V/cm J:3.9585e-01A/cm2 ğ›’:3.0697e+02ğ›€ cm
2023-03-29 17:56:41,382 INFO Measurement at current 0.009095477386934673
2023-03-29 17:56:41,967 INFO T:150.28Â°K V:3.9434e+00V I:9.0955e-03A R:4.3355e+02ğ›€ E:1.2171e+02V/cm J:3.9805e-01A/cm2 ğ›’:3.0576e+02ğ›€ cm
2023-03-29 17:56:41,979 INFO Measurement at current 0.00914572864321608
2023-03-29 17:56:42,564 INFO T:150.27Â°K V:3.9442e+00V I:9.1457e-03A R:4.3126e+02ğ›€ E:1.2173e+02V/cm J:4.0025e-01A/cm2 ğ›’:3.0415e+02ğ›€ cm
2023-03-29 17:56:42,580 INFO Measurement at current 0.009195979899497487
2023-03-29 17:56:43,161 INFO T:150.27Â°K V:3.9267e+00V I:9.1960e-03A R:4.2700e+02ğ›€ E:1.2119e+02V/cm J:4.0245e-01A/cm2 ğ›’:3.0114e+02ğ›€ cm
2023-03-29 17:56:43,176 INFO Measurement at current 0.009246231155778894
2023-03-29 17:56:43,763 INFO T:150.26Â°K V:3.9279e+00V I:9.2462e-03A R:4.2481e+02ğ›€ E:1.2123e+02V/cm J:4.0465e-01A/cm2 ğ›’:2.9960e+02ğ›€ cm
2023-03-29 17:56:43,779 INFO Measurement at current 0.009296482412060303
2023-03-29 17:56:44,361 INFO T:150.26Â°K V:3.9108e+00V I:9.2965e-03A R:4.2068e+02ğ›€ E:1.2070e+02V/cm J:4.0685e-01A/cm2 ğ›’:2.9668e+02ğ›€ cm
2023-03-29 17:56:44,376 INFO Measurement at current 0.00934673366834171
2023-03-29 17:56:44,960 INFO T:150.25Â°K V:3.8721e+00V I:9.3467e-03A R:4.1427e+02ğ›€ E:1.1951e+02V/cm J:4.0905e-01A/cm2 ğ›’:2.9216e+02ğ›€ cm
2023-03-29 17:56:44,975 INFO Measurement at current 0.009396984924623117
2023-03-29 17:56:45,558 INFO T:150.25Â°K V:3.8697e+00V I:9.3970e-03A R:4.1181e+02ğ›€ E:1.1944e+02V/cm J:4.1125e-01A/cm2 ğ›’:2.9042e+02ğ›€ cm
2023-03-29 17:56:45,571 INFO Measurement at current 0.009447236180904523
2023-03-29 17:56:46,161 INFO T:150.24Â°K V:3.8409e+00V I:9.4472e-03A R:4.0656e+02ğ›€ E:1.1855e+02V/cm J:4.1345e-01A/cm2 ğ›’:2.8673e+02ğ›€ cm
2023-03-29 17:56:46,182 INFO Measurement at current 0.00949748743718593
2023-03-29 17:56:46,767 INFO T:150.24Â°K V:3.8524e+00V I:9.4975e-03A R:4.0562e+02ğ›€ E:1.1890e+02V/cm J:4.1564e-01A/cm2 ğ›’:2.8606e+02ğ›€ cm
2023-03-29 17:56:46,785 INFO Measurement at current 0.009547738693467337
2023-03-29 17:56:47,379 INFO T:150.24Â°K V:3.8581e+00V I:9.5477e-03A R:4.0408e+02ğ›€ E:1.1908e+02V/cm J:4.1784e-01A/cm2 ğ›’:2.8498e+02ğ›€ cm
2023-03-29 17:56:47,404 INFO Measurement at current 0.009597989949748744
2023-03-29 17:56:48,003 INFO T:150.23Â°K V:3.4184e+00V I:9.5980e-03A R:3.5616e+02ğ›€ E:1.0551e+02V/cm J:4.2004e-01A/cm2 ğ›’:2.5118e+02ğ›€ cm
2023-03-29 17:56:48,056 INFO Measurement at current 0.009648241206030151
2023-03-29 17:56:48,656 INFO T:150.23Â°K V:3.4098e+00V I:9.6482e-03A R:3.5341e+02ğ›€ E:1.0524e+02V/cm J:4.2224e-01A/cm2 ğ›’:2.4924e+02ğ›€ cm
2023-03-29 17:56:48,673 INFO Measurement at current 0.009698492462311558
2023-03-29 17:56:49,268 INFO T:150.22Â°K V:3.4292e+00V I:9.6985e-03A R:3.5358e+02ğ›€ E:1.0584e+02V/cm J:4.2444e-01A/cm2 ğ›’:2.4936e+02ğ›€ cm
2023-03-29 17:56:49,293 INFO Measurement at current 0.009748743718592965
2023-03-29 17:56:49,886 INFO T:150.22Â°K V:3.4301e+00V I:9.7487e-03A R:3.5185e+02ğ›€ E:1.0587e+02V/cm J:4.2664e-01A/cm2 ğ›’:2.4814e+02ğ›€ cm
2023-03-29 17:56:49,911 INFO Measurement at current 0.009798994974874372
2023-03-29 17:56:50,513 INFO T:150.21Â°K V:3.4495e+00V I:9.7990e-03A R:3.5202e+02ğ›€ E:1.0647e+02V/cm J:4.2884e-01A/cm2 ğ›’:2.4826e+02ğ›€ cm
2023-03-29 17:56:50,537 INFO Measurement at current 0.00984924623115578
2023-03-29 17:56:51,161 INFO T:150.21Â°K V:3.4309e+00V I:9.8492e-03A R:3.4834e+02ğ›€ E:1.0589e+02V/cm J:4.3104e-01A/cm2 ğ›’:2.4566e+02ğ›€ cm
2023-03-29 17:56:51,217 INFO Measurement at current 0.009899497487437186
2023-03-29 17:56:51,847 INFO T:150.20Â°K V:3.4259e+00V I:9.8995e-03A R:3.4606e+02ğ›€ E:1.0574e+02V/cm J:4.3324e-01A/cm2 ğ›’:2.4406e+02ğ›€ cm
2023-03-29 17:56:51,876 INFO Measurement at current 0.009949748743718593
2023-03-29 17:56:52,929 WARNING Reading gpib error, check the instruments: read() failed: A read or write of data bytes has been aborted, possibly due to a timeout or reception of a device clear command.
2023-03-29 17:56:52,948 INFO Measurement at current 0.01
2023-03-29 17:56:53,537 INFO T:150.19Â°K V:3.3903e+00V I:1.0000e-02A R:3.3903e+02ğ›€ E:1.0464e+02V/cm J:4.3764e-01A/cm2 ğ›’:2.3910e+02ğ›€ cm
2023-03-29 17:57:35,855 INFO Save the description file
2023-03-29 17:57:35,860 INFO Save data in numpy format Esperimenti/CPRO_MUSA_290323_I_V/CPRO_MUSA_290323_I_V_current_from_0_to_100e-4A/CPRO_MUSA_290323_I_V_current_from_0_to_100e-4A-20230329175734
2023-03-29 17:57:35,897 INFO Save data in CSV format Esperimenti/CPRO_MUSA_290323_I_V/CPRO_MUSA_290323_I_V_current_from_0_to_100e-4A/CPRO_MUSA_290323_I_V_current_from_0_to_100e-4A-20230329175734.csv
2023-03-29 17:57:35,934 INFO Save plot as image Esperimenti/CPRO_MUSA_290323_I_V/CPRO_MUSA_290323_I_V_current_from_0_to_100e-4A/CPRO_MUSA_290323_I_V_current_from_0_to_100e-4A-20230329175734.png
