2023-03-29 14:28:36,522 INFO ### Start experiment: CPRO_MUSA_290323_I_V current from 0 to 100e-4A ###
2023-03-29 14:28:37,867 INFO Found Multimeter KEITHLEY INSTRUMENTS INC.,MODEL 2700,0884890,B03  /A02  

2023-03-29 14:28:38,906 INFO Found Nanovolt Meter KEITHLEY INSTRUMENTS INC.,MODEL 2182A,4056474,C03  /A02  

2023-03-29 14:28:39,031 INFO Found Source Meter KEITHLEY INSTRUMENTS INC.,MODEL 2400,0945684,C24   Feb 14 2002 11:59:45/A02  /K/H

2023-03-29 14:28:39,169 INFO Start the measurement loop
2023-03-29 14:28:47,662 INFO Measurement at current 0.0
2023-03-29 14:28:48,581 INFO T:218.07Â°K V:-6.0811e-05V I:0.0000e+00A R:-infğ›€ E:-1.8769e-03V/cm J:0.0000e+00A/cm2 ğ›’:-infğ›€ cm
2023-03-29 14:28:48,601 INFO Measurement at current 5.0251256281407036e-05
2023-03-29 14:28:49,233 INFO T:218.06Â°K V:4.9308e-03V I:5.0251e-05A R:9.8123e+01ğ›€ E:1.5219e-01V/cm J:2.1992e-03A/cm2 ğ›’:6.9201e+01ğ›€ cm
2023-03-29 14:28:49,247 INFO Measurement at current 0.00010050251256281407
2023-03-29 14:28:49,838 INFO T:218.06Â°K V:9.9211e-03V I:1.0050e-04A R:9.8715e+01ğ›€ E:3.0621e-01V/cm J:4.3984e-03A/cm2 ğ›’:6.9618e+01ğ›€ cm
2023-03-29 14:28:49,858 INFO Measurement at current 0.00015075376884422112
2023-03-29 14:28:51,105 INFO T:218.05Â°K V:1.4933e-02V I:1.5075e-04A R:9.9055e+01ğ›€ E:4.6089e-01V/cm J:6.5975e-03A/cm2 ğ›’:6.9858e+01ğ›€ cm
2023-03-29 14:28:51,120 INFO Measurement at current 0.00020100502512562814
2023-03-29 14:28:51,711 INFO T:218.04Â°K V:1.9931e-02V I:2.0101e-04A R:9.9155e+01ğ›€ E:6.1514e-01V/cm J:8.7967e-03A/cm2 ğ›’:6.9929e+01ğ›€ cm
2023-03-29 14:28:51,738 INFO Measurement at current 0.0002512562814070352
2023-03-29 14:28:52,325 INFO T:218.04Â°K V:2.4911e-02V I:2.5126e-04A R:9.9146e+01ğ›€ E:7.6886e-01V/cm J:1.0996e-02A/cm2 ğ›’:6.9922e+01ğ›€ cm
2023-03-29 14:28:52,342 INFO Measurement at current 0.00030150753768844223
2023-03-29 14:28:52,943 INFO T:218.03Â°K V:2.9927e-02V I:3.0151e-04A R:9.9259e+01ğ›€ E:9.2368e-01V/cm J:1.3195e-02A/cm2 ğ›’:7.0002e+01ğ›€ cm
2023-03-29 14:28:52,961 INFO Measurement at current 0.00035175879396984926
2023-03-29 14:28:53,567 INFO T:218.03Â°K V:3.4935e-02V I:3.5176e-04A R:9.9315e+01ğ›€ E:1.0782e+00V/cm J:1.5394e-02A/cm2 ğ›’:7.0042e+01ğ›€ cm
2023-03-29 14:28:53,585 INFO Measurement at current 0.0004020100502512563
2023-03-29 14:28:54,199 INFO T:218.02Â°K V:3.9917e-02V I:4.0201e-04A R:9.9294e+01ğ›€ E:1.2320e+00V/cm J:1.7593e-02A/cm2 ğ›’:7.0027e+01ğ›€ cm
2023-03-29 14:28:54,217 INFO Measurement at current 0.0004522613065326633
2023-03-29 14:28:54,823 INFO T:218.02Â°K V:4.4931e-02V I:4.5226e-04A R:9.9348e+01ğ›€ E:1.3868e+00V/cm J:1.9793e-02A/cm2 ğ›’:7.0065e+01ğ›€ cm
2023-03-29 14:28:54,845 INFO Measurement at current 0.0005025125628140704
2023-03-29 14:28:55,437 INFO T:218.01Â°K V:4.9904e-02V I:5.0251e-04A R:9.9308e+01ğ›€ E:1.5402e+00V/cm J:2.1992e-02A/cm2 ğ›’:7.0037e+01ğ›€ cm
2023-03-29 14:28:55,461 INFO Measurement at current 0.0005527638190954774
2023-03-29 14:28:56,062 INFO T:218.01Â°K V:5.4926e-02V I:5.5276e-04A R:9.9366e+01ğ›€ E:1.6952e+00V/cm J:2.4191e-02A/cm2 ğ›’:7.0078e+01ğ›€ cm
2023-03-29 14:28:56,082 INFO Measurement at current 0.0006030150753768845
2023-03-29 14:28:56,678 INFO T:218.00Â°K V:5.9939e-02V I:6.0302e-04A R:9.9399e+01ğ›€ E:1.8500e+00V/cm J:2.6390e-02A/cm2 ğ›’:7.0101e+01ğ›€ cm
2023-03-29 14:28:56,698 INFO Measurement at current 0.0006532663316582914
2023-03-29 14:28:57,284 INFO T:218.00Â°K V:6.4865e-02V I:6.5327e-04A R:9.9294e+01ğ›€ E:2.0020e+00V/cm J:2.8589e-02A/cm2 ğ›’:7.0027e+01ğ›€ cm
2023-03-29 14:28:57,300 INFO Measurement at current 0.0007035175879396985
2023-03-29 14:28:57,888 INFO T:217.99Â°K V:6.9838e-02V I:7.0352e-04A R:9.9270e+01ğ›€ E:2.1555e+00V/cm J:3.0789e-02A/cm2 ğ›’:7.0010e+01ğ›€ cm
2023-03-29 14:28:57,921 INFO Measurement at current 0.0007537688442211055
2023-03-29 14:28:58,515 INFO T:217.99Â°K V:7.4684e-02V I:7.5377e-04A R:9.9081e+01ğ›€ E:2.3051e+00V/cm J:3.2988e-02A/cm2 ğ›’:6.9876e+01ğ›€ cm
2023-03-29 14:28:58,537 INFO Measurement at current 0.0008040201005025126
2023-03-29 14:28:59,156 INFO T:217.98Â°K V:7.9628e-02V I:8.0402e-04A R:9.9037e+01ğ›€ E:2.4576e+00V/cm J:3.5187e-02A/cm2 ğ›’:6.9845e+01ğ›€ cm
2023-03-29 14:28:59,173 INFO Measurement at current 0.0008542713567839197
2023-03-29 14:28:59,766 INFO T:217.98Â°K V:8.4577e-02V I:8.5427e-04A R:9.9005e+01ğ›€ E:2.6104e+00V/cm J:3.7386e-02A/cm2 ğ›’:6.9823e+01ğ›€ cm
2023-03-29 14:28:59,783 INFO Measurement at current 0.0009045226130653266
2023-03-29 14:29:00,386 INFO T:217.97Â°K V:8.9490e-02V I:9.0452e-04A R:9.8936e+01ğ›€ E:2.7620e+00V/cm J:3.9585e-02A/cm2 ğ›’:6.9774e+01ğ›€ cm
2023-03-29 14:29:00,407 INFO Measurement at current 0.0009547738693467337
2023-03-29 14:29:01,004 INFO T:217.97Â°K V:9.4481e-02V I:9.5477e-04A R:9.8956e+01ğ›€ E:2.9161e+00V/cm J:4.1784e-02A/cm2 ğ›’:6.9788e+01ğ›€ cm
2023-03-29 14:29:01,027 INFO Measurement at current 0.0010050251256281408
2023-03-29 14:29:01,629 INFO T:217.96Â°K V:9.9418e-02V I:1.0050e-03A R:9.8920e+01ğ›€ E:3.0684e+00V/cm J:4.3984e-02A/cm2 ğ›’:6.9763e+01ğ›€ cm
2023-03-29 14:29:01,652 INFO Measurement at current 0.0010552763819095478
2023-03-29 14:29:02,245 INFO T:217.96Â°K V:1.0435e-01V I:1.0553e-03A R:9.8881e+01ğ›€ E:3.2206e+00V/cm J:4.6183e-02A/cm2 ğ›’:6.9736e+01ğ›€ cm
2023-03-29 14:29:02,260 INFO Measurement at current 0.0011055276381909548
2023-03-29 14:29:02,853 INFO T:217.95Â°K V:1.0927e-01V I:1.1055e-03A R:9.8837e+01ğ›€ E:3.3724e+00V/cm J:4.8382e-02A/cm2 ğ›’:6.9704e+01ğ›€ cm
2023-03-29 14:29:02,873 INFO Measurement at current 0.0011557788944723617
2023-03-29 14:29:03,468 INFO T:217.95Â°K V:1.1408e-01V I:1.1558e-03A R:9.8704e+01ğ›€ E:3.5210e+00V/cm J:5.0581e-02A/cm2 ğ›’:6.9611e+01ğ›€ cm
2023-03-29 14:29:03,482 INFO Measurement at current 0.001206030150753769
2023-03-29 14:29:04,074 INFO T:217.94Â°K V:1.1890e-01V I:1.2060e-03A R:9.8588e+01ğ›€ E:3.6698e+00V/cm J:5.2780e-02A/cm2 ğ›’:6.9529e+01ğ›€ cm
2023-03-29 14:29:04,098 INFO Measurement at current 0.001256281407035176
2023-03-29 14:29:05,430 INFO T:217.93Â°K V:1.2378e-01V I:1.2563e-03A R:9.8532e+01ğ›€ E:3.8205e+00V/cm J:5.4979e-02A/cm2 ğ›’:6.9490e+01ğ›€ cm
2023-03-29 14:29:05,447 INFO Measurement at current 0.0013065326633165829
2023-03-29 14:29:06,036 INFO T:217.93Â°K V:1.2860e-01V I:1.3065e-03A R:9.8426e+01ğ›€ E:3.9691e+00V/cm J:5.7179e-02A/cm2 ğ›’:6.9415e+01ğ›€ cm
2023-03-29 14:29:06,055 INFO Measurement at current 0.00135678391959799
2023-03-29 14:29:06,677 INFO T:217.92Â°K V:1.3341e-01V I:1.3568e-03A R:9.8329e+01ğ›€ E:4.1176e+00V/cm J:5.9378e-02A/cm2 ğ›’:6.9346e+01ğ›€ cm
2023-03-29 14:29:06,701 INFO Measurement at current 0.001407035175879397
2023-03-29 14:29:07,301 INFO T:217.92Â°K V:1.3808e-01V I:1.4070e-03A R:9.8133e+01ğ›€ E:4.2616e+00V/cm J:6.1577e-02A/cm2 ğ›’:6.9208e+01ğ›€ cm
2023-03-29 14:29:07,329 INFO Measurement at current 0.001457286432160804
2023-03-29 14:29:07,917 INFO T:217.91Â°K V:1.4302e-01V I:1.4573e-03A R:9.8138e+01ğ›€ E:4.4141e+00V/cm J:6.3776e-02A/cm2 ğ›’:6.9212e+01ğ›€ cm
2023-03-29 14:29:07,933 INFO Measurement at current 0.001507537688442211
2023-03-29 14:29:08,530 INFO T:217.91Â°K V:1.4781e-01V I:1.5075e-03A R:9.8045e+01ğ›€ E:4.5619e+00V/cm J:6.5975e-02A/cm2 ğ›’:6.9146e+01ğ›€ cm
2023-03-29 14:29:08,556 INFO Measurement at current 0.0015577889447236182
2023-03-29 14:29:09,141 INFO T:217.90Â°K V:1.5265e-01V I:1.5578e-03A R:9.7991e+01ğ›€ E:4.7114e+00V/cm J:6.8175e-02A/cm2 ğ›’:6.9108e+01ğ›€ cm
2023-03-29 14:29:09,157 INFO Measurement at current 0.0016080402010050252
2023-03-29 14:29:09,749 INFO T:217.90Â°K V:1.5742e-01V I:1.6080e-03A R:9.7897e+01ğ›€ E:4.8587e+00V/cm J:7.0374e-02A/cm2 ğ›’:6.9042e+01ğ›€ cm
2023-03-29 14:29:09,772 INFO Measurement at current 0.0016582914572864321
2023-03-29 14:29:10,373 INFO T:217.89Â°K V:1.6214e-01V I:1.6583e-03A R:9.7778e+01ğ›€ E:5.0044e+00V/cm J:7.2573e-02A/cm2 ğ›’:6.8958e+01ğ›€ cm
2023-03-29 14:29:10,388 INFO Measurement at current 0.0017085427135678393
2023-03-29 14:29:10,973 INFO T:217.89Â°K V:1.6686e-01V I:1.7085e-03A R:9.7663e+01ğ›€ E:5.1500e+00V/cm J:7.4772e-02A/cm2 ğ›’:6.8877e+01ğ›€ cm
2023-03-29 14:29:10,988 INFO Measurement at current 0.0017587939698492463
2023-03-29 14:29:11,572 INFO T:217.88Â°K V:1.7157e-01V I:1.7588e-03A R:9.7549e+01ğ›€ E:5.2953e+00V/cm J:7.6971e-02A/cm2 ğ›’:6.8796e+01ğ›€ cm
2023-03-29 14:29:11,607 INFO Measurement at current 0.0018090452261306533
2023-03-29 14:29:12,197 INFO T:217.88Â°K V:1.7616e-01V I:1.8090e-03A R:9.7379e+01ğ›€ E:5.4371e+00V/cm J:7.9170e-02A/cm2 ğ›’:6.8676e+01ğ›€ cm
2023-03-29 14:29:12,216 INFO Measurement at current 0.0018592964824120603
2023-03-29 14:29:12,808 INFO T:217.87Â°K V:1.8072e-01V I:1.8593e-03A R:9.7196e+01ğ›€ E:5.5776e+00V/cm J:8.1370e-02A/cm2 ğ›’:6.8547e+01ğ›€ cm
2023-03-29 14:29:12,833 INFO Measurement at current 0.0019095477386934674
2023-03-29 14:29:13,431 INFO T:217.87Â°K V:1.8547e-01V I:1.9095e-03A R:9.7128e+01ğ›€ E:5.7244e+00V/cm J:8.3569e-02A/cm2 ğ›’:6.8499e+01ğ›€ cm
2023-03-29 14:29:13,449 INFO Measurement at current 0.001959798994974874
2023-03-29 14:29:14,037 INFO T:217.86Â°K V:1.9020e-01V I:1.9598e-03A R:9.7053e+01ğ›€ E:5.8705e+00V/cm J:8.5768e-02A/cm2 ğ›’:6.8446e+01ğ›€ cm
2023-03-29 14:29:14,060 INFO Measurement at current 0.0020100502512562816
2023-03-29 14:29:14,651 INFO T:217.86Â°K V:1.9469e-01V I:2.0101e-03A R:9.6860e+01ğ›€ E:6.0091e+00V/cm J:8.7967e-02A/cm2 ğ›’:6.8310e+01ğ›€ cm
2023-03-29 14:29:14,678 INFO Measurement at current 0.0020603015075376886
2023-03-29 14:29:15,276 INFO T:217.85Â°K V:1.9927e-01V I:2.0603e-03A R:9.6719e+01ğ›€ E:6.1503e+00V/cm J:9.0166e-02A/cm2 ğ›’:6.8211e+01ğ›€ cm
2023-03-29 14:29:15,299 INFO Measurement at current 0.0021105527638190956
2023-03-29 14:29:15,890 INFO T:217.85Â°K V:2.0357e-01V I:2.1106e-03A R:9.6452e+01ğ›€ E:6.2829e+00V/cm J:9.2366e-02A/cm2 ğ›’:6.8023e+01ğ›€ cm
2023-03-29 14:29:15,925 INFO Measurement at current 0.0021608040201005025
2023-03-29 14:29:16,523 INFO T:217.84Â°K V:2.0821e-01V I:2.1608e-03A R:9.6357e+01ğ›€ E:6.4262e+00V/cm J:9.4565e-02A/cm2 ğ›’:6.7956e+01ğ›€ cm
2023-03-29 14:29:16,549 INFO Measurement at current 0.0022110552763819095
2023-03-29 14:29:17,139 INFO T:217.84Â°K V:2.1277e-01V I:2.2111e-03A R:9.6231e+01ğ›€ E:6.5671e+00V/cm J:9.6764e-02A/cm2 ğ›’:6.7867e+01ğ›€ cm
2023-03-29 14:29:17,158 INFO Measurement at current 0.0022613065326633165
2023-03-29 14:29:17,753 INFO T:217.84Â°K V:2.1723e-01V I:2.2613e-03A R:9.6066e+01ğ›€ E:6.7048e+00V/cm J:9.8963e-02A/cm2 ğ›’:6.7750e+01ğ›€ cm
2023-03-29 14:29:17,767 INFO Measurement at current 0.0023115577889447235
2023-03-29 14:29:18,360 INFO T:217.83Â°K V:2.2167e-01V I:2.3116e-03A R:9.5895e+01ğ›€ E:6.8416e+00V/cm J:1.0116e-01A/cm2 ğ›’:6.7629e+01ğ›€ cm
2023-03-29 14:29:18,384 INFO Measurement at current 0.002361809045226131
2023-03-29 14:29:18,988 INFO T:217.83Â°K V:2.2610e-01V I:2.3618e-03A R:9.5730e+01ğ›€ E:6.9783e+00V/cm J:1.0336e-01A/cm2 ğ›’:6.7513e+01ğ›€ cm
2023-03-29 14:29:19,009 INFO Measurement at current 0.002412060301507538
2023-03-29 14:29:19,608 INFO T:217.82Â°K V:2.3076e-01V I:2.4121e-03A R:9.5671e+01ğ›€ E:7.1224e+00V/cm J:1.0556e-01A/cm2 ğ›’:6.7472e+01ğ›€ cm
2023-03-29 14:29:19,626 INFO Measurement at current 0.002462311557788945
2023-03-29 14:29:20,215 INFO T:217.82Â°K V:2.3534e-01V I:2.4623e-03A R:9.5579e+01ğ›€ E:7.2637e+00V/cm J:1.0776e-01A/cm2 ğ›’:6.7407e+01ğ›€ cm
2023-03-29 14:29:20,246 INFO Measurement at current 0.002512562814070352
2023-03-29 14:29:20,840 INFO T:217.81Â°K V:2.3971e-01V I:2.5126e-03A R:9.5405e+01ğ›€ E:7.3985e+00V/cm J:1.0996e-01A/cm2 ğ›’:6.7284e+01ğ›€ cm
2023-03-29 14:29:20,859 INFO Measurement at current 0.0025628140703517588
2023-03-29 14:29:21,448 INFO T:217.81Â°K V:2.4412e-01V I:2.5628e-03A R:9.5257e+01ğ›€ E:7.5347e+00V/cm J:1.1216e-01A/cm2 ğ›’:6.7179e+01ğ›€ cm
2023-03-29 14:29:21,468 INFO Measurement at current 0.0026130653266331657
2023-03-29 14:29:22,074 INFO T:217.80Â°K V:2.4871e-01V I:2.6131e-03A R:9.5180e+01ğ›€ E:7.6763e+00V/cm J:1.1436e-01A/cm2 ğ›’:6.7125e+01ğ›€ cm
2023-03-29 14:29:22,092 INFO Measurement at current 0.0026633165829145727
2023-03-29 14:29:22,700 INFO T:217.80Â°K V:2.5318e-01V I:2.6633e-03A R:9.5062e+01ğ›€ E:7.8142e+00V/cm J:1.1656e-01A/cm2 ğ›’:6.7042e+01ğ›€ cm
2023-03-29 14:29:22,716 INFO Measurement at current 0.00271356783919598
2023-03-29 14:29:23,312 INFO T:217.79Â°K V:2.5769e-01V I:2.7136e-03A R:9.4963e+01ğ›€ E:7.9534e+00V/cm J:1.1876e-01A/cm2 ğ›’:6.6972e+01ğ›€ cm
2023-03-29 14:29:23,333 INFO Measurement at current 0.002763819095477387
2023-03-29 14:29:23,923 INFO T:217.79Â°K V:2.6192e-01V I:2.7638e-03A R:9.4768e+01ğ›€ E:8.0840e+00V/cm J:1.2095e-01A/cm2 ğ›’:6.6835e+01ğ›€ cm
2023-03-29 14:29:23,949 INFO Measurement at current 0.002814070351758794
2023-03-29 14:29:24,541 INFO T:217.78Â°K V:2.6608e-01V I:2.8141e-03A R:9.4552e+01ğ›€ E:8.2122e+00V/cm J:1.2315e-01A/cm2 ğ›’:6.6682e+01ğ›€ cm
2023-03-29 14:29:24,562 INFO Measurement at current 0.002864321608040201
2023-03-29 14:29:25,158 INFO T:217.78Â°K V:2.7033e-01V I:2.8643e-03A R:9.4377e+01ğ›€ E:8.3434e+00V/cm J:1.2535e-01A/cm2 ğ›’:6.6559e+01ğ›€ cm
2023-03-29 14:29:25,173 INFO Measurement at current 0.002914572864321608
2023-03-29 14:29:25,757 INFO T:217.77Â°K V:2.7465e-01V I:2.9146e-03A R:9.4234e+01ğ›€ E:8.4769e+00V/cm J:1.2755e-01A/cm2 ğ›’:6.6458e+01ğ›€ cm
2023-03-29 14:29:25,775 INFO Measurement at current 0.002964824120603015
2023-03-29 14:29:26,373 INFO T:217.77Â°K V:2.7877e-01V I:2.9648e-03A R:9.4027e+01ğ›€ E:8.6041e+00V/cm J:1.2975e-01A/cm2 ğ›’:6.6312e+01ğ›€ cm
2023-03-29 14:29:26,389 INFO Measurement at current 0.003015075376884422
2023-03-29 14:29:26,977 INFO T:217.76Â°K V:2.8274e-01V I:3.0151e-03A R:9.3776e+01ğ›€ E:8.7266e+00V/cm J:1.3195e-01A/cm2 ğ›’:6.6135e+01ğ›€ cm
2023-03-29 14:29:27,008 INFO Measurement at current 0.0030653266331658294
2023-03-29 14:29:27,606 INFO T:217.76Â°K V:2.8710e-01V I:3.0653e-03A R:9.3661e+01ğ›€ E:8.8612e+00V/cm J:1.3415e-01A/cm2 ğ›’:6.6054e+01ğ›€ cm
2023-03-29 14:29:27,622 INFO Measurement at current 0.0031155778894472364
2023-03-29 14:29:28,207 INFO T:217.75Â°K V:2.9114e-01V I:3.1156e-03A R:9.3447e+01ğ›€ E:8.9859e+00V/cm J:1.3635e-01A/cm2 ğ›’:6.5903e+01ğ›€ cm
2023-03-29 14:29:28,230 INFO Measurement at current 0.0031658291457286433
2023-03-29 14:29:28,831 INFO T:217.75Â°K V:2.9537e-01V I:3.1658e-03A R:9.3299e+01ğ›€ E:9.1164e+00V/cm J:1.3855e-01A/cm2 ğ›’:6.5799e+01ğ›€ cm
2023-03-29 14:29:28,860 INFO Measurement at current 0.0032160804020100503
2023-03-29 14:29:29,456 INFO T:217.75Â°K V:2.9947e-01V I:3.2161e-03A R:9.3118e+01ğ›€ E:9.2430e+00V/cm J:1.4075e-01A/cm2 ğ›’:6.5671e+01ğ›€ cm
2023-03-29 14:29:29,481 INFO Measurement at current 0.0032663316582914573
2023-03-29 14:29:30,071 INFO T:217.74Â°K V:3.0340e-01V I:3.2663e-03A R:9.2887e+01ğ›€ E:9.3642e+00V/cm J:1.4295e-01A/cm2 ğ›’:6.5508e+01ğ›€ cm
2023-03-29 14:29:30,094 INFO Measurement at current 0.0033165829145728643
2023-03-29 14:29:30,704 INFO T:217.74Â°K V:3.0736e-01V I:3.3166e-03A R:9.2673e+01ğ›€ E:9.4863e+00V/cm J:1.4515e-01A/cm2 ğ›’:6.5357e+01ğ›€ cm
2023-03-29 14:29:30,729 INFO Measurement at current 0.0033668341708542712
2023-03-29 14:29:31,326 INFO T:217.73Â°K V:3.1148e-01V I:3.3668e-03A R:9.2515e+01ğ›€ E:9.6137e+00V/cm J:1.4735e-01A/cm2 ğ›’:6.5246e+01ğ›€ cm
2023-03-29 14:29:31,346 INFO Measurement at current 0.0034170854271356787
2023-03-29 14:29:55,039 WARNING Reading gpib error, check the instruments: write() failed: A read or write of data bytes has been aborted, possibly due to a timeout or reception of a device clear command.
2023-03-29 14:29:55,057 INFO Measurement at current 0.0034673366834170856
2023-03-29 14:29:55,648 INFO T:217.55Â°K V:3.1918e-01V I:3.4673e-03A R:9.2053e+01ğ›€ E:9.8511e+00V/cm J:1.5174e-01A/cm2 ğ›’:6.4920e+01ğ›€ cm
2023-03-29 14:29:55,666 INFO Measurement at current 0.0035175879396984926
2023-03-29 14:29:56,268 INFO T:217.55Â°K V:3.2321e-01V I:3.5176e-03A R:9.1883e+01ğ›€ E:9.9755e+00V/cm J:1.5394e-01A/cm2 ğ›’:6.4800e+01ğ›€ cm
2023-03-29 14:29:56,297 INFO Measurement at current 0.0035678391959798996
2023-03-29 14:29:56,897 INFO T:217.54Â°K V:3.2723e-01V I:3.5678e-03A R:9.1716e+01ğ›€ E:1.0100e+01V/cm J:1.5614e-01A/cm2 ğ›’:6.4682e+01ğ›€ cm
2023-03-29 14:29:56,920 INFO Measurement at current 0.0036180904522613066
2023-03-29 14:29:57,523 INFO T:217.54Â°K V:3.3116e-01V I:3.6181e-03A R:9.1529e+01ğ›€ E:1.0221e+01V/cm J:1.5834e-01A/cm2 ğ›’:6.4550e+01ğ›€ cm
2023-03-29 14:29:57,543 INFO Measurement at current 0.0036683417085427135
2023-03-29 14:29:58,136 INFO T:217.53Â°K V:3.3517e-01V I:3.6683e-03A R:9.1368e+01ğ›€ E:1.0345e+01V/cm J:1.6054e-01A/cm2 ğ›’:6.4437e+01ğ›€ cm
2023-03-29 14:29:58,156 INFO Measurement at current 0.0037185929648241205
2023-03-29 14:29:58,746 INFO T:217.53Â°K V:3.3914e-01V I:3.7186e-03A R:9.1202e+01ğ›€ E:1.0467e+01V/cm J:1.6274e-01A/cm2 ğ›’:6.4320e+01ğ›€ cm
2023-03-29 14:29:58,764 INFO Measurement at current 0.003768844221105528
2023-03-29 14:29:59,361 INFO T:217.52Â°K V:3.4297e-01V I:3.7688e-03A R:9.1000e+01ğ›€ E:1.0585e+01V/cm J:1.6494e-01A/cm2 ğ›’:6.4178e+01ğ›€ cm
2023-03-29 14:29:59,378 INFO Measurement at current 0.003819095477386935
2023-03-29 14:29:59,965 INFO T:217.52Â°K V:3.4682e-01V I:3.8191e-03A R:9.0812e+01ğ›€ E:1.0704e+01V/cm J:1.6714e-01A/cm2 ğ›’:6.4045e+01ğ›€ cm
2023-03-29 14:29:59,984 INFO Measurement at current 0.003869346733668342
2023-03-29 14:30:00,589 INFO T:217.52Â°K V:3.5083e-01V I:3.8693e-03A R:9.0669e+01ğ›€ E:1.0828e+01V/cm J:1.6934e-01A/cm2 ğ›’:6.3944e+01ğ›€ cm
2023-03-29 14:30:00,611 INFO Measurement at current 0.003919597989949748
2023-03-29 14:30:01,203 INFO T:217.51Â°K V:3.5487e-01V I:3.9196e-03A R:9.0538e+01ğ›€ E:1.0953e+01V/cm J:1.7154e-01A/cm2 ğ›’:6.3852e+01ğ›€ cm
2023-03-29 14:30:01,220 INFO Measurement at current 0.003969849246231156
2023-03-29 14:30:01,810 INFO T:217.51Â°K V:3.5857e-01V I:3.9698e-03A R:9.0325e+01ğ›€ E:1.1067e+01V/cm J:1.7374e-01A/cm2 ğ›’:6.3701e+01ğ›€ cm
2023-03-29 14:30:01,836 INFO Measurement at current 0.004020100502512563
2023-03-29 14:30:02,424 INFO T:217.50Â°K V:3.6225e-01V I:4.0201e-03A R:9.0110e+01ğ›€ E:1.1181e+01V/cm J:1.7593e-01A/cm2 ğ›’:6.3550e+01ğ›€ cm
2023-03-29 14:30:02,439 INFO Measurement at current 0.00407035175879397
2023-03-29 14:30:03,043 INFO T:217.50Â°K V:3.6639e-01V I:4.0704e-03A R:9.0015e+01ğ›€ E:1.1308e+01V/cm J:1.7813e-01A/cm2 ğ›’:6.3483e+01ğ›€ cm
2023-03-29 14:30:03,058 INFO Measurement at current 0.004120603015075377
2023-03-29 14:30:03,664 INFO T:217.49Â°K V:3.7013e-01V I:4.1206e-03A R:8.9824e+01ğ›€ E:1.1424e+01V/cm J:1.8033e-01A/cm2 ğ›’:6.3348e+01ğ›€ cm
2023-03-29 14:30:03,683 INFO Measurement at current 0.004170854271356784
2023-03-29 14:30:04,270 INFO T:217.49Â°K V:3.7378e-01V I:4.1709e-03A R:8.9618e+01ğ›€ E:1.1536e+01V/cm J:1.8253e-01A/cm2 ğ›’:6.3203e+01ğ›€ cm
2023-03-29 14:30:04,287 INFO Measurement at current 0.004221105527638191
2023-03-29 14:30:04,872 INFO T:217.48Â°K V:3.7718e-01V I:4.2211e-03A R:8.9356e+01ğ›€ E:1.1641e+01V/cm J:1.8473e-01A/cm2 ğ›’:6.3018e+01ğ›€ cm
2023-03-29 14:30:04,896 INFO Measurement at current 0.004271356783919598
2023-03-29 14:30:05,490 INFO T:217.48Â°K V:3.8079e-01V I:4.2714e-03A R:8.9149e+01ğ›€ E:1.1753e+01V/cm J:1.8693e-01A/cm2 ğ›’:6.2872e+01ğ›€ cm
2023-03-29 14:30:05,510 INFO Measurement at current 0.004321608040201005
2023-03-29 14:30:06,105 INFO T:217.48Â°K V:3.8449e-01V I:4.3216e-03A R:8.8970e+01ğ›€ E:1.1867e+01V/cm J:1.8913e-01A/cm2 ğ›’:6.2746e+01ğ›€ cm
2023-03-29 14:30:06,127 INFO Measurement at current 0.004371859296482412
2023-03-29 14:30:06,724 INFO T:217.47Â°K V:3.8825e-01V I:4.3719e-03A R:8.8807e+01ğ›€ E:1.1983e+01V/cm J:1.9133e-01A/cm2 ğ›’:6.2631e+01ğ›€ cm
2023-03-29 14:30:06,740 INFO Measurement at current 0.004422110552763819
2023-03-29 14:30:07,324 INFO T:217.47Â°K V:3.9181e-01V I:4.4221e-03A R:8.8603e+01ğ›€ E:1.2093e+01V/cm J:1.9353e-01A/cm2 ğ›’:6.2487e+01ğ›€ cm
2023-03-29 14:30:07,339 INFO Measurement at current 0.004472361809045226
2023-03-29 14:30:07,930 INFO T:217.46Â°K V:3.9573e-01V I:4.4724e-03A R:8.8483e+01ğ›€ E:1.2214e+01V/cm J:1.9573e-01A/cm2 ğ›’:6.2402e+01ğ›€ cm
2023-03-29 14:30:07,950 INFO Measurement at current 0.004522613065326633
2023-03-29 14:30:08,558 INFO T:217.46Â°K V:3.9936e-01V I:4.5226e-03A R:8.8303e+01ğ›€ E:1.2326e+01V/cm J:1.9793e-01A/cm2 ğ›’:6.2275e+01ğ›€ cm
2023-03-29 14:30:08,584 INFO Measurement at current 0.00457286432160804
2023-03-29 14:30:09,176 INFO T:217.45Â°K V:4.0289e-01V I:4.5729e-03A R:8.8104e+01ğ›€ E:1.2435e+01V/cm J:2.0013e-01A/cm2 ğ›’:6.2135e+01ğ›€ cm
2023-03-29 14:30:09,197 INFO Measurement at current 0.004623115577889447
2023-03-29 14:30:09,789 INFO T:217.45Â°K V:4.0612e-01V I:4.6231e-03A R:8.7847e+01ğ›€ E:1.2535e+01V/cm J:2.0232e-01A/cm2 ğ›’:6.1953e+01ğ›€ cm
2023-03-29 14:30:09,810 INFO Measurement at current 0.004673366834170855
2023-03-29 14:30:10,404 INFO T:217.44Â°K V:4.0947e-01V I:4.6734e-03A R:8.7619e+01ğ›€ E:1.2638e+01V/cm J:2.0452e-01A/cm2 ğ›’:6.1793e+01ğ›€ cm
2023-03-29 14:30:10,455 INFO Measurement at current 0.004723618090452262
2023-03-29 14:30:11,047 INFO T:217.44Â°K V:4.1312e-01V I:4.7236e-03A R:8.7458e+01ğ›€ E:1.2751e+01V/cm J:2.0672e-01A/cm2 ğ›’:6.1680e+01ğ›€ cm
2023-03-29 14:30:11,063 INFO Measurement at current 0.004773869346733669
2023-03-29 14:30:11,649 INFO T:217.44Â°K V:4.1650e-01V I:4.7739e-03A R:8.7245e+01ğ›€ E:1.2855e+01V/cm J:2.0892e-01A/cm2 ğ›’:6.1529e+01ğ›€ cm
2023-03-29 14:30:11,694 INFO Measurement at current 0.004824120603015076
2023-03-29 14:30:12,304 INFO T:217.43Â°K V:4.1974e-01V I:4.8241e-03A R:8.7008e+01ğ›€ E:1.2955e+01V/cm J:2.1112e-01A/cm2 ğ›’:6.1362e+01ğ›€ cm
2023-03-29 14:30:12,340 INFO Measurement at current 0.004874371859296483
2023-03-29 14:30:12,927 INFO T:217.43Â°K V:4.2301e-01V I:4.8744e-03A R:8.6782e+01ğ›€ E:1.3056e+01V/cm J:2.1332e-01A/cm2 ğ›’:6.1203e+01ğ›€ cm
2023-03-29 14:30:12,946 INFO Measurement at current 0.00492462311557789
2023-03-29 14:30:13,537 INFO T:217.42Â°K V:4.2618e-01V I:4.9246e-03A R:8.6540e+01ğ›€ E:1.3154e+01V/cm J:2.1552e-01A/cm2 ğ›’:6.1032e+01ğ›€ cm
2023-03-29 14:30:13,563 INFO Measurement at current 0.004974874371859297
2023-03-29 14:30:14,154 INFO T:217.42Â°K V:4.2947e-01V I:4.9749e-03A R:8.6328e+01ğ›€ E:1.3255e+01V/cm J:2.1772e-01A/cm2 ğ›’:6.0882e+01ğ›€ cm
2023-03-29 14:30:14,170 INFO Measurement at current 0.005025125628140704
2023-03-29 14:30:14,764 INFO T:217.41Â°K V:4.3278e-01V I:5.0251e-03A R:8.6124e+01ğ›€ E:1.3357e+01V/cm J:2.1992e-01A/cm2 ğ›’:6.0739e+01ğ›€ cm
2023-03-29 14:30:14,783 INFO Measurement at current 0.005075376884422111
2023-03-29 14:30:15,388 INFO T:217.41Â°K V:4.3579e-01V I:5.0754e-03A R:8.5864e+01ğ›€ E:1.3450e+01V/cm J:2.2212e-01A/cm2 ğ›’:6.0555e+01ğ›€ cm
2023-03-29 14:30:15,410 INFO Measurement at current 0.0051256281407035175
2023-03-29 14:30:16,003 INFO T:217.41Â°K V:4.3897e-01V I:5.1256e-03A R:8.5642e+01ğ›€ E:1.3548e+01V/cm J:2.2432e-01A/cm2 ğ›’:6.0399e+01ğ›€ cm
2023-03-29 14:30:16,037 INFO Measurement at current 0.0051758793969849245
2023-03-29 14:30:16,627 INFO T:217.40Â°K V:4.4202e-01V I:5.1759e-03A R:8.5399e+01ğ›€ E:1.3642e+01V/cm J:2.2652e-01A/cm2 ğ›’:6.0228e+01ğ›€ cm
2023-03-29 14:30:16,650 INFO Measurement at current 0.0052261306532663315
2023-03-29 14:30:17,243 INFO T:217.40Â°K V:4.4511e-01V I:5.2261e-03A R:8.5169e+01ğ›€ E:1.3738e+01V/cm J:2.2871e-01A/cm2 ğ›’:6.0065e+01ğ›€ cm
2023-03-29 14:30:17,269 INFO Measurement at current 0.0052763819095477385
2023-03-29 14:30:17,865 INFO T:217.39Â°K V:4.4804e-01V I:5.2764e-03A R:8.4914e+01ğ›€ E:1.3828e+01V/cm J:2.3091e-01A/cm2 ğ›’:5.9886e+01ğ›€ cm
2023-03-29 14:30:17,887 INFO Measurement at current 0.0053266331658291454
2023-03-29 14:30:18,479 INFO T:217.39Â°K V:4.5112e-01V I:5.3266e-03A R:8.4692e+01ğ›€ E:1.3924e+01V/cm J:2.3311e-01A/cm2 ğ›’:5.9729e+01ğ›€ cm
2023-03-29 14:30:18,499 INFO Measurement at current 0.005376884422110553
2023-03-29 14:30:19,094 INFO T:217.38Â°K V:4.5384e-01V I:5.3769e-03A R:8.4407e+01ğ›€ E:1.4008e+01V/cm J:2.3531e-01A/cm2 ğ›’:5.9527e+01ğ›€ cm
2023-03-29 14:30:19,116 INFO Measurement at current 0.00542713567839196
2023-03-29 14:30:19,704 INFO T:217.38Â°K V:4.5670e-01V I:5.4271e-03A R:8.4151e+01ğ›€ E:1.4096e+01V/cm J:2.3751e-01A/cm2 ğ›’:5.9347e+01ğ›€ cm
2023-03-29 14:30:19,719 INFO Measurement at current 0.005477386934673367
2023-03-29 14:30:20,303 INFO T:217.37Â°K V:4.5952e-01V I:5.4774e-03A R:8.3895e+01ğ›€ E:1.4183e+01V/cm J:2.3971e-01A/cm2 ğ›’:5.9166e+01ğ›€ cm
2023-03-29 14:30:20,319 INFO Measurement at current 0.005527638190954774
2023-03-29 14:30:20,912 INFO T:217.37Â°K V:4.6260e-01V I:5.5276e-03A R:8.3689e+01ğ›€ E:1.4278e+01V/cm J:2.4191e-01A/cm2 ğ›’:5.9022e+01ğ›€ cm
2023-03-29 14:30:20,930 INFO Measurement at current 0.005577889447236181
2023-03-29 14:30:21,527 INFO T:217.37Â°K V:4.6553e-01V I:5.5779e-03A R:8.3460e+01ğ›€ E:1.4368e+01V/cm J:2.4411e-01A/cm2 ğ›’:5.8860e+01ğ›€ cm
2023-03-29 14:30:21,547 INFO Measurement at current 0.005628140703517588
2023-03-29 14:30:22,148 INFO T:217.36Â°K V:4.6830e-01V I:5.6281e-03A R:8.3207e+01ğ›€ E:1.4454e+01V/cm J:2.4631e-01A/cm2 ğ›’:5.8682e+01ğ›€ cm
2023-03-29 14:30:22,195 INFO Measurement at current 0.005678391959798995
2023-03-29 14:30:22,821 INFO T:217.36Â°K V:4.7157e-01V I:5.6784e-03A R:8.3047e+01ğ›€ E:1.4555e+01V/cm J:2.4851e-01A/cm2 ğ›’:5.8569e+01ğ›€ cm
2023-03-29 14:30:22,846 INFO Measurement at current 0.005728643216080402
2023-03-29 14:30:23,471 INFO T:217.35Â°K V:4.7438e-01V I:5.7286e-03A R:8.2809e+01ğ›€ E:1.4641e+01V/cm J:2.5071e-01A/cm2 ğ›’:5.8401e+01ğ›€ cm
2023-03-29 14:30:23,493 INFO Measurement at current 0.005778894472361809
2023-03-29 14:30:24,090 INFO T:217.35Â°K V:4.7712e-01V I:5.7789e-03A R:8.2563e+01ğ›€ E:1.4726e+01V/cm J:2.5291e-01A/cm2 ğ›’:5.8227e+01ğ›€ cm
2023-03-29 14:30:24,105 INFO Measurement at current 0.005829145728643216
2023-03-29 14:30:24,702 INFO T:217.34Â°K V:4.7985e-01V I:5.8291e-03A R:8.2318e+01ğ›€ E:1.4810e+01V/cm J:2.5510e-01A/cm2 ğ›’:5.8055e+01ğ›€ cm
2023-03-29 14:30:24,719 INFO Measurement at current 0.005879396984924623
2023-03-29 14:30:25,349 INFO T:217.34Â°K V:4.8270e-01V I:5.8794e-03A R:8.2101e+01ğ›€ E:1.4898e+01V/cm J:2.5730e-01A/cm2 ğ›’:5.7901e+01ğ›€ cm
2023-03-29 14:30:25,376 INFO Measurement at current 0.00592964824120603
2023-03-29 14:30:25,971 INFO T:217.34Â°K V:4.8570e-01V I:5.9296e-03A R:8.1910e+01ğ›€ E:1.4991e+01V/cm J:2.5950e-01A/cm2 ğ›’:5.7767e+01ğ›€ cm
2023-03-29 14:30:25,986 INFO Measurement at current 0.005979899497487437
2023-03-29 14:30:26,569 INFO T:217.33Â°K V:4.8861e-01V I:5.9799e-03A R:8.1709e+01ğ›€ E:1.5081e+01V/cm J:2.6170e-01A/cm2 ğ›’:5.7625e+01ğ›€ cm
2023-03-29 14:30:26,584 INFO Measurement at current 0.006030150753768844
2023-03-29 14:30:27,168 INFO T:217.33Â°K V:4.9150e-01V I:6.0302e-03A R:8.1506e+01ğ›€ E:1.5170e+01V/cm J:2.6390e-01A/cm2 ğ›’:5.7482e+01ğ›€ cm
2023-03-29 14:30:27,183 INFO Measurement at current 0.006080402010050252
2023-03-29 14:30:27,764 INFO T:217.32Â°K V:4.9437e-01V I:6.0804e-03A R:8.1306e+01ğ›€ E:1.5258e+01V/cm J:2.6610e-01A/cm2 ğ›’:5.7341e+01ğ›€ cm
2023-03-29 14:30:27,779 INFO Measurement at current 0.006130653266331659
2023-03-29 14:30:28,364 INFO T:217.32Â°K V:4.9697e-01V I:6.1307e-03A R:8.1064e+01ğ›€ E:1.5339e+01V/cm J:2.6830e-01A/cm2 ğ›’:5.7170e+01ğ›€ cm
2023-03-29 14:30:28,379 INFO Measurement at current 0.006180904522613066
2023-03-29 14:30:28,972 INFO T:217.31Â°K V:4.9986e-01V I:6.1809e-03A R:8.0871e+01ğ›€ E:1.5428e+01V/cm J:2.7050e-01A/cm2 ğ›’:5.7034e+01ğ›€ cm
2023-03-29 14:30:28,995 INFO Measurement at current 0.006231155778894473
2023-03-29 14:30:29,600 INFO T:217.31Â°K V:5.0235e-01V I:6.2312e-03A R:8.0620e+01ğ›€ E:1.5505e+01V/cm J:2.7270e-01A/cm2 ğ›’:5.6857e+01ğ›€ cm
2023-03-29 14:30:29,621 INFO Measurement at current 0.00628140703517588
2023-03-29 14:30:30,221 INFO T:217.31Â°K V:5.0513e-01V I:6.2814e-03A R:8.0417e+01ğ›€ E:1.5590e+01V/cm J:2.7490e-01A/cm2 ğ›’:5.6713e+01ğ›€ cm
2023-03-29 14:30:30,247 INFO Measurement at current 0.006331658291457287
2023-03-29 14:30:30,848 INFO T:217.30Â°K V:5.0792e-01V I:6.3317e-03A R:8.0218e+01ğ›€ E:1.5676e+01V/cm J:2.7710e-01A/cm2 ğ›’:5.6574e+01ğ›€ cm
2023-03-29 14:30:30,863 INFO Measurement at current 0.006381909547738694
2023-03-29 14:30:31,462 INFO T:217.30Â°K V:5.1054e-01V I:6.3819e-03A R:7.9999e+01ğ›€ E:1.5758e+01V/cm J:2.7930e-01A/cm2 ğ›’:5.6419e+01ğ›€ cm
2023-03-29 14:30:31,487 INFO Measurement at current 0.006432160804020101
2023-03-29 14:30:32,108 INFO T:217.29Â°K V:5.1292e-01V I:6.4322e-03A R:7.9743e+01ğ›€ E:1.5831e+01V/cm J:2.8150e-01A/cm2 ğ›’:5.6239e+01ğ›€ cm
2023-03-29 14:30:32,129 INFO Measurement at current 0.006482412060301508
2023-03-29 14:30:32,715 INFO T:217.29Â°K V:5.1538e-01V I:6.4824e-03A R:7.9505e+01ğ›€ E:1.5907e+01V/cm J:2.8369e-01A/cm2 ğ›’:5.6071e+01ğ›€ cm
2023-03-29 14:30:32,731 INFO Measurement at current 0.006532663316582915
2023-03-29 14:30:33,321 INFO T:217.28Â°K V:5.1834e-01V I:6.5327e-03A R:7.9346e+01ğ›€ E:1.5998e+01V/cm J:2.8589e-01A/cm2 ğ›’:5.5958e+01ğ›€ cm
2023-03-29 14:30:33,336 INFO Measurement at current 0.0065829145728643216
2023-03-29 14:30:33,942 INFO T:217.28Â°K V:5.2082e-01V I:6.5829e-03A R:7.9117e+01ğ›€ E:1.6075e+01V/cm J:2.8809e-01A/cm2 ğ›’:5.5797e+01ğ›€ cm
2023-03-29 14:30:33,960 INFO Measurement at current 0.0066331658291457285
2023-03-29 14:30:34,541 INFO T:217.28Â°K V:5.2348e-01V I:6.6332e-03A R:7.8918e+01ğ›€ E:1.6157e+01V/cm J:2.9029e-01A/cm2 ğ›’:5.5657e+01ğ›€ cm
2023-03-29 14:30:34,557 INFO Measurement at current 0.0066834170854271355
2023-03-29 14:30:35,140 INFO T:217.27Â°K V:5.2598e-01V I:6.6834e-03A R:7.8700e+01ğ›€ E:1.6234e+01V/cm J:2.9249e-01A/cm2 ğ›’:5.5503e+01ğ›€ cm
2023-03-29 14:30:35,156 INFO Measurement at current 0.0067336683417085425
2023-03-29 14:30:35,738 INFO T:217.27Â°K V:5.2848e-01V I:6.7337e-03A R:7.8483e+01ğ›€ E:1.6311e+01V/cm J:2.9469e-01A/cm2 ğ›’:5.5350e+01ğ›€ cm
2023-03-29 14:30:35,756 INFO Measurement at current 0.0067839195979899495
2023-03-29 14:30:36,349 INFO T:217.26Â°K V:5.3094e-01V I:6.7839e-03A R:7.8265e+01ğ›€ E:1.6387e+01V/cm J:2.9689e-01A/cm2 ğ›’:5.5196e+01ğ›€ cm
2023-03-29 14:30:36,372 INFO Measurement at current 0.006834170854271357
2023-03-29 14:30:36,958 INFO T:217.26Â°K V:5.3321e-01V I:6.8342e-03A R:7.8021e+01ğ›€ E:1.6457e+01V/cm J:2.9909e-01A/cm2 ğ›’:5.5024e+01ğ›€ cm
2023-03-29 14:30:36,977 INFO Measurement at current 0.006884422110552764
2023-03-29 14:30:37,572 INFO T:217.26Â°K V:5.3575e-01V I:6.8844e-03A R:7.7821e+01ğ›€ E:1.6536e+01V/cm J:3.0129e-01A/cm2 ğ›’:5.4883e+01ğ›€ cm
2023-03-29 14:30:37,595 INFO Measurement at current 0.006934673366834171
2023-03-29 14:30:38,188 INFO T:217.25Â°K V:5.3810e-01V I:6.9347e-03A R:7.7595e+01ğ›€ E:1.6608e+01V/cm J:3.0349e-01A/cm2 ğ›’:5.4724e+01ğ›€ cm
2023-03-29 14:30:38,212 INFO Measurement at current 0.006984924623115578
2023-03-29 14:30:38,817 INFO T:217.25Â°K V:5.4065e-01V I:6.9849e-03A R:7.7402e+01ğ›€ E:1.6687e+01V/cm J:3.0569e-01A/cm2 ğ›’:5.4587e+01ğ›€ cm
2023-03-29 14:30:38,839 INFO Measurement at current 0.007035175879396985
2023-03-29 14:30:39,428 INFO T:217.24Â°K V:5.4318e-01V I:7.0352e-03A R:7.7209e+01ğ›€ E:1.6765e+01V/cm J:3.0789e-01A/cm2 ğ›’:5.4452e+01ğ›€ cm
2023-03-29 14:30:39,445 INFO Measurement at current 0.007085427135678392
2023-03-29 14:30:40,029 INFO T:217.24Â°K V:5.4548e-01V I:7.0854e-03A R:7.6986e+01ğ›€ E:1.6836e+01V/cm J:3.1008e-01A/cm2 ğ›’:5.4294e+01ğ›€ cm
2023-03-29 14:30:40,050 INFO Measurement at current 0.007135678391959799
2023-03-29 14:30:40,638 INFO T:217.23Â°K V:5.4777e-01V I:7.1357e-03A R:7.6765e+01ğ›€ E:1.6907e+01V/cm J:3.1228e-01A/cm2 ğ›’:5.4138e+01ğ›€ cm
2023-03-29 14:30:40,657 INFO Measurement at current 0.007185929648241206
2023-03-29 14:30:41,241 INFO T:217.23Â°K V:5.5019e-01V I:7.1859e-03A R:7.6564e+01ğ›€ E:1.6981e+01V/cm J:3.1448e-01A/cm2 ğ›’:5.3997e+01ğ›€ cm
2023-03-29 14:30:41,266 INFO Measurement at current 0.007236180904522613
2023-03-29 14:30:41,873 INFO T:217.23Â°K V:5.5279e-01V I:7.2362e-03A R:7.6392e+01ğ›€ E:1.7061e+01V/cm J:3.1668e-01A/cm2 ğ›’:5.3875e+01ğ›€ cm
2023-03-29 14:30:41,893 INFO Measurement at current 0.00728643216080402
2023-03-29 14:30:42,480 INFO T:217.22Â°K V:5.5521e-01V I:7.2864e-03A R:7.6198e+01ğ›€ E:1.7136e+01V/cm J:3.1888e-01A/cm2 ğ›’:5.3738e+01ğ›€ cm
2023-03-29 14:30:42,495 INFO Measurement at current 0.007336683417085427
2023-03-29 14:30:43,098 INFO T:217.22Â°K V:5.5722e-01V I:7.3367e-03A R:7.5950e+01ğ›€ E:1.7198e+01V/cm J:3.2108e-01A/cm2 ğ›’:5.3564e+01ğ›€ cm
2023-03-29 14:30:43,114 INFO Measurement at current 0.007386934673366834
2023-03-29 14:30:43,700 INFO T:217.21Â°K V:5.5957e-01V I:7.3869e-03A R:7.5752e+01ğ›€ E:1.7271e+01V/cm J:3.2328e-01A/cm2 ğ›’:5.3424e+01ğ›€ cm
2023-03-29 14:30:43,719 INFO Measurement at current 0.007437185929648241
2023-03-29 14:30:44,320 INFO T:217.21Â°K V:5.6182e-01V I:7.4372e-03A R:7.5542e+01ğ›€ E:1.7340e+01V/cm J:3.2548e-01A/cm2 ğ›’:5.3276e+01ğ›€ cm
2023-03-29 14:30:44,341 INFO Measurement at current 0.007487437185929648
2023-03-29 14:30:44,941 INFO T:217.21Â°K V:5.6405e-01V I:7.4874e-03A R:7.5332e+01ğ›€ E:1.7409e+01V/cm J:3.2768e-01A/cm2 ğ›’:5.3128e+01ğ›€ cm
2023-03-29 14:30:44,966 INFO Measurement at current 0.007537688442211056
2023-03-29 14:30:45,563 INFO T:217.20Â°K V:5.6619e-01V I:7.5377e-03A R:7.5114e+01ğ›€ E:1.7475e+01V/cm J:3.2988e-01A/cm2 ğ›’:5.2974e+01ğ›€ cm
2023-03-29 14:30:45,585 INFO Measurement at current 0.007587939698492463
2023-03-29 14:30:46,172 INFO T:217.20Â°K V:5.6845e-01V I:7.5879e-03A R:7.4915e+01ğ›€ E:1.7545e+01V/cm J:3.3208e-01A/cm2 ğ›’:5.2833e+01ğ›€ cm
2023-03-29 14:30:46,190 INFO Measurement at current 0.00763819095477387
2023-03-29 14:30:46,791 INFO T:217.19Â°K V:5.7076e-01V I:7.6382e-03A R:7.4724e+01ğ›€ E:1.7616e+01V/cm J:3.3428e-01A/cm2 ğ›’:5.2699e+01ğ›€ cm
2023-03-29 14:30:46,807 INFO Measurement at current 0.007688442211055277
2023-03-29 14:30:47,393 INFO T:217.19Â°K V:5.7287e-01V I:7.6884e-03A R:7.4511e+01ğ›€ E:1.7681e+01V/cm J:3.3647e-01A/cm2 ğ›’:5.2549e+01ğ›€ cm
2023-03-29 14:30:47,419 INFO Measurement at current 0.007738693467336684
2023-03-29 14:30:48,028 INFO T:217.18Â°K V:5.7545e-01V I:7.7387e-03A R:7.4360e+01ğ›€ E:1.7761e+01V/cm J:3.3867e-01A/cm2 ğ›’:5.2442e+01ğ›€ cm
2023-03-29 14:30:48,051 INFO Measurement at current 0.007788944723618091
2023-03-29 14:30:48,637 INFO T:217.18Â°K V:5.7786e-01V I:7.7889e-03A R:7.4190e+01ğ›€ E:1.7835e+01V/cm J:3.4087e-01A/cm2 ğ›’:5.2322e+01ğ›€ cm
2023-03-29 14:30:48,653 INFO Measurement at current 0.007839195979899497
2023-03-29 14:30:49,240 INFO T:217.18Â°K V:5.8038e-01V I:7.8392e-03A R:7.4036e+01ğ›€ E:1.7913e+01V/cm J:3.4307e-01A/cm2 ğ›’:5.2214e+01ğ›€ cm
2023-03-29 14:30:49,256 INFO Measurement at current 0.007889447236180906
2023-03-29 14:30:49,888 INFO T:217.17Â°K V:5.8282e-01V I:7.8894e-03A R:7.3874e+01ğ›€ E:1.7988e+01V/cm J:3.4527e-01A/cm2 ğ›’:5.2099e+01ğ›€ cm
2023-03-29 14:30:49,914 INFO Measurement at current 0.007939698492462312
2023-03-29 14:30:50,500 INFO T:217.17Â°K V:5.8464e-01V I:7.9397e-03A R:7.3635e+01ğ›€ E:1.8045e+01V/cm J:3.4747e-01A/cm2 ğ›’:5.1931e+01ğ›€ cm
2023-03-29 14:30:50,518 INFO Measurement at current 0.00798994974874372
2023-03-29 14:30:51,123 INFO T:217.16Â°K V:5.8720e-01V I:7.9899e-03A R:7.3493e+01ğ›€ E:1.8124e+01V/cm J:3.4967e-01A/cm2 ğ›’:5.1831e+01ğ›€ cm
2023-03-29 14:30:51,139 INFO Measurement at current 0.008040201005025126
2023-03-29 14:30:51,737 INFO T:217.16Â°K V:5.8893e-01V I:8.0402e-03A R:7.3248e+01ğ›€ E:1.8177e+01V/cm J:3.5187e-01A/cm2 ğ›’:5.1658e+01ğ›€ cm
2023-03-29 14:30:51,757 INFO Measurement at current 0.008090452261306533
2023-03-29 14:30:52,349 INFO T:217.16Â°K V:5.9075e-01V I:8.0905e-03A R:7.3018e+01ğ›€ E:1.8233e+01V/cm J:3.5407e-01A/cm2 ğ›’:5.1495e+01ğ›€ cm
2023-03-29 14:30:52,375 INFO Measurement at current 0.00814070351758794
2023-03-29 14:30:52,972 INFO T:217.15Â°K V:5.9281e-01V I:8.1407e-03A R:7.2821e+01ğ›€ E:1.8297e+01V/cm J:3.5627e-01A/cm2 ğ›’:5.1357e+01ğ›€ cm
2023-03-29 14:30:53,000 INFO Measurement at current 0.008190954773869347
2023-03-29 14:30:53,605 INFO T:217.15Â°K V:5.9486e-01V I:8.1910e-03A R:7.2624e+01ğ›€ E:1.8360e+01V/cm J:3.5847e-01A/cm2 ğ›’:5.1218e+01ğ›€ cm
2023-03-29 14:30:53,624 INFO Measurement at current 0.008241206030150754
2023-03-29 14:30:54,224 INFO T:217.14Â°K V:5.9705e-01V I:8.2412e-03A R:7.2447e+01ğ›€ E:1.8428e+01V/cm J:3.6067e-01A/cm2 ğ›’:5.1093e+01ğ›€ cm
2023-03-29 14:30:54,244 INFO Measurement at current 0.008291457286432161
2023-03-29 14:30:54,835 INFO T:217.14Â°K V:5.9908e-01V I:8.2915e-03A R:7.2252e+01ğ›€ E:1.8490e+01V/cm J:3.6286e-01A/cm2 ğ›’:5.0956e+01ğ›€ cm
2023-03-29 14:30:54,853 INFO Measurement at current 0.008341708542713568
2023-03-29 14:30:55,442 INFO T:217.13Â°K V:6.0085e-01V I:8.3417e-03A R:7.2029e+01ğ›€ E:1.8545e+01V/cm J:3.6506e-01A/cm2 ğ›’:5.0798e+01ğ›€ cm
2023-03-29 14:30:55,458 INFO Measurement at current 0.008391959798994975
2023-03-29 14:30:56,053 INFO T:217.13Â°K V:6.0270e-01V I:8.3920e-03A R:7.1819e+01ğ›€ E:1.8602e+01V/cm J:3.6726e-01A/cm2 ğ›’:5.0650e+01ğ›€ cm
2023-03-29 14:30:56,069 INFO Measurement at current 0.008442211055276382
2023-03-29 14:30:56,656 INFO T:217.13Â°K V:6.0453e-01V I:8.4422e-03A R:7.1608e+01ğ›€ E:1.8658e+01V/cm J:3.6946e-01A/cm2 ğ›’:5.0501e+01ğ›€ cm
2023-03-29 14:30:56,677 INFO Measurement at current 0.00849246231155779
2023-03-29 14:30:57,265 INFO T:217.12Â°K V:6.0622e-01V I:8.4925e-03A R:7.1384e+01ğ›€ E:1.8711e+01V/cm J:3.7166e-01A/cm2 ğ›’:5.0343e+01ğ›€ cm
2023-03-29 14:30:57,282 INFO Measurement at current 0.008542713567839196
2023-03-29 14:30:57,875 INFO T:217.12Â°K V:6.0801e-01V I:8.5427e-03A R:7.1172e+01ğ›€ E:1.8766e+01V/cm J:3.7386e-01A/cm2 ğ›’:5.0194e+01ğ›€ cm
2023-03-29 14:30:57,891 INFO Measurement at current 0.008592964824120603
2023-03-29 14:30:58,480 INFO T:217.11Â°K V:6.1000e-01V I:8.5930e-03A R:7.0988e+01ğ›€ E:1.8827e+01V/cm J:3.7606e-01A/cm2 ğ›’:5.0064e+01ğ›€ cm
2023-03-29 14:30:58,503 INFO Measurement at current 0.00864321608040201
2023-03-29 14:30:59,092 INFO T:217.11Â°K V:6.1171e-01V I:8.6432e-03A R:7.0773e+01ğ›€ E:1.8880e+01V/cm J:3.7826e-01A/cm2 ğ›’:4.9913e+01ğ›€ cm
2023-03-29 14:30:59,117 INFO Measurement at current 0.008693467336683417
2023-03-29 14:30:59,707 INFO T:217.11Â°K V:6.1338e-01V I:8.6935e-03A R:7.0556e+01ğ›€ E:1.8931e+01V/cm J:3.8046e-01A/cm2 ğ›’:4.9759e+01ğ›€ cm
2023-03-29 14:30:59,738 INFO Measurement at current 0.008743718592964824
2023-03-29 14:31:00,340 INFO T:217.10Â°K V:6.1492e-01V I:8.7437e-03A R:7.0327e+01ğ›€ E:1.8979e+01V/cm J:3.8266e-01A/cm2 ğ›’:4.9598e+01ğ›€ cm
2023-03-29 14:31:00,358 INFO Measurement at current 0.008793969849246231
2023-03-29 14:31:00,949 INFO T:217.10Â°K V:6.1643e-01V I:8.7940e-03A R:7.0097e+01ğ›€ E:1.9026e+01V/cm J:3.8486e-01A/cm2 ğ›’:4.9436e+01ğ›€ cm
2023-03-29 14:31:01,003 INFO Measurement at current 0.008844221105527638
2023-03-29 14:31:01,589 INFO T:217.09Â°K V:6.1792e-01V I:8.8442e-03A R:6.9868e+01ğ›€ E:1.9072e+01V/cm J:3.8706e-01A/cm2 ğ›’:4.9274e+01ğ›€ cm
2023-03-29 14:31:01,614 INFO Measurement at current 0.008894472361809045
2023-03-29 14:31:02,214 INFO T:217.09Â°K V:6.1966e-01V I:8.8945e-03A R:6.9668e+01ğ›€ E:1.9125e+01V/cm J:3.8925e-01A/cm2 ğ›’:4.9133e+01ğ›€ cm
2023-03-29 14:31:02,239 INFO Measurement at current 0.008944723618090452
2023-03-29 14:31:02,833 INFO T:217.09Â°K V:6.2136e-01V I:8.9447e-03A R:6.9467e+01ğ›€ E:1.9178e+01V/cm J:3.9145e-01A/cm2 ğ›’:4.8991e+01ğ›€ cm
2023-03-29 14:31:02,871 INFO Measurement at current 0.008994974874371859
2023-03-29 14:31:03,462 INFO T:217.08Â°K V:6.2273e-01V I:8.9950e-03A R:6.9231e+01ğ›€ E:1.9220e+01V/cm J:3.9365e-01A/cm2 ğ›’:4.8825e+01ğ›€ cm
2023-03-29 14:31:03,482 INFO Measurement at current 0.009045226130653266
2023-03-29 14:31:04,071 INFO T:217.08Â°K V:6.2446e-01V I:9.0452e-03A R:6.9038e+01ğ›€ E:1.9273e+01V/cm J:3.9585e-01A/cm2 ğ›’:4.8689e+01ğ›€ cm
2023-03-29 14:31:04,087 INFO Measurement at current 0.009095477386934673
2023-03-29 14:31:04,675 INFO T:217.07Â°K V:6.2617e-01V I:9.0955e-03A R:6.8844e+01ğ›€ E:1.9326e+01V/cm J:3.9805e-01A/cm2 ğ›’:4.8552e+01ğ›€ cm
2023-03-29 14:31:04,695 INFO Measurement at current 0.00914572864321608
2023-03-29 14:31:05,285 INFO T:217.07Â°K V:6.2777e-01V I:9.1457e-03A R:6.8640e+01ğ›€ E:1.9375e+01V/cm J:4.0025e-01A/cm2 ğ›’:4.8408e+01ğ›€ cm
2023-03-29 14:31:05,317 INFO Measurement at current 0.009195979899497487
2023-03-29 14:31:05,911 INFO T:217.07Â°K V:6.2930e-01V I:9.1960e-03A R:6.8433e+01ğ›€ E:1.9423e+01V/cm J:4.0245e-01A/cm2 ğ›’:4.8262e+01ğ›€ cm
2023-03-29 14:31:05,944 INFO Measurement at current 0.009246231155778894
2023-03-29 14:31:06,539 INFO T:217.06Â°K V:6.3097e-01V I:9.2462e-03A R:6.8241e+01ğ›€ E:1.9474e+01V/cm J:4.0465e-01A/cm2 ğ›’:4.8127e+01ğ›€ cm
2023-03-29 14:31:06,570 INFO Measurement at current 0.009296482412060303
2023-03-29 14:31:07,164 INFO T:217.06Â°K V:6.3242e-01V I:9.2965e-03A R:6.8028e+01ğ›€ E:1.9519e+01V/cm J:4.0685e-01A/cm2 ğ›’:4.7976e+01ğ›€ cm
2023-03-29 14:31:07,186 INFO Measurement at current 0.00934673366834171
2023-03-29 14:31:07,774 INFO T:217.05Â°K V:6.3452e-01V I:9.3467e-03A R:6.7887e+01ğ›€ E:1.9584e+01V/cm J:4.0905e-01A/cm2 ğ›’:4.7877e+01ğ›€ cm
2023-03-29 14:31:07,792 INFO Measurement at current 0.009396984924623117
2023-03-29 14:31:08,377 INFO T:217.05Â°K V:6.3633e-01V I:9.3970e-03A R:6.7716e+01ğ›€ E:1.9640e+01V/cm J:4.1125e-01A/cm2 ğ›’:4.7756e+01ğ›€ cm
2023-03-29 14:31:08,401 INFO Measurement at current 0.009447236180904523
2023-03-29 14:31:08,988 INFO T:217.05Â°K V:6.3799e-01V I:9.4472e-03A R:6.7532e+01ğ›€ E:1.9691e+01V/cm J:4.1345e-01A/cm2 ğ›’:4.7627e+01ğ›€ cm
2023-03-29 14:31:09,006 INFO Measurement at current 0.00949748743718593
2023-03-29 14:31:09,590 INFO T:217.04Â°K V:6.3976e-01V I:9.4975e-03A R:6.7361e+01ğ›€ E:1.9746e+01V/cm J:4.1564e-01A/cm2 ğ›’:4.7506e+01ğ›€ cm
2023-03-29 14:31:09,620 INFO Measurement at current 0.009547738693467337
2023-03-29 14:31:10,216 INFO T:217.04Â°K V:6.4146e-01V I:9.5477e-03A R:6.7184e+01ğ›€ E:1.9798e+01V/cm J:4.1784e-01A/cm2 ğ›’:4.7381e+01ğ›€ cm
2023-03-29 14:31:10,234 INFO Measurement at current 0.009597989949748744
2023-03-29 14:31:10,842 INFO T:217.03Â°K V:6.4353e-01V I:9.5980e-03A R:6.7049e+01ğ›€ E:1.9862e+01V/cm J:4.2004e-01A/cm2 ğ›’:4.7286e+01ğ›€ cm
2023-03-29 14:31:10,863 INFO Measurement at current 0.009648241206030151
2023-03-29 14:31:11,464 INFO T:217.03Â°K V:6.4560e-01V I:9.6482e-03A R:6.6914e+01ğ›€ E:1.9926e+01V/cm J:4.2224e-01A/cm2 ğ›’:4.7191e+01ğ›€ cm
2023-03-29 14:31:11,480 INFO Measurement at current 0.009698492462311558
2023-03-29 14:31:12,072 INFO T:217.03Â°K V:6.4757e-01V I:9.6985e-03A R:6.6770e+01ğ›€ E:1.9987e+01V/cm J:4.2444e-01A/cm2 ğ›’:4.7089e+01ğ›€ cm
2023-03-29 14:31:12,091 INFO Measurement at current 0.009748743718592965
2023-03-29 14:31:12,685 INFO T:217.02Â°K V:6.4932e-01V I:9.7487e-03A R:6.6605e+01ğ›€ E:2.0041e+01V/cm J:4.2664e-01A/cm2 ğ›’:4.6973e+01ğ›€ cm
2023-03-29 14:31:12,707 INFO Measurement at current 0.009798994974874372
2023-03-29 14:31:13,313 INFO T:217.02Â°K V:6.5101e-01V I:9.7990e-03A R:6.6437e+01ğ›€ E:2.0093e+01V/cm J:4.2884e-01A/cm2 ğ›’:4.6854e+01ğ›€ cm
2023-03-29 14:31:13,332 INFO Measurement at current 0.00984924623115578
2023-03-29 14:31:13,919 INFO T:217.01Â°K V:6.5261e-01V I:9.8492e-03A R:6.6260e+01ğ›€ E:2.0142e+01V/cm J:4.3104e-01A/cm2 ğ›’:4.6730e+01ğ›€ cm
2023-03-29 14:31:13,934 INFO Measurement at current 0.009899497487437186
2023-03-29 14:31:14,523 INFO T:217.01Â°K V:6.5452e-01V I:9.8995e-03A R:6.6117e+01ğ›€ E:2.0201e+01V/cm J:4.3324e-01A/cm2 ğ›’:4.6629e+01ğ›€ cm
2023-03-29 14:31:14,543 INFO Measurement at current 0.009949748743718593
2023-03-29 14:31:15,129 INFO T:217.00Â°K V:6.5590e-01V I:9.9497e-03A R:6.5922e+01ğ›€ E:2.0244e+01V/cm J:4.3544e-01A/cm2 ğ›’:4.6491e+01ğ›€ cm
2023-03-29 14:31:15,144 INFO Measurement at current 0.01
2023-03-29 14:31:15,734 INFO T:217.00Â°K V:6.5738e-01V I:1.0000e-02A R:6.5738e+01ğ›€ E:2.0290e+01V/cm J:4.3764e-01A/cm2 ğ›’:4.6362e+01ğ›€ cm
2023-03-29 14:31:22,921 INFO Measurement at current 0.0
2023-03-29 14:31:23,946 INFO T:216.95Â°K V:-5.1259e-05V I:0.0000e+00A R:-infğ›€ E:-1.5821e-03V/cm J:0.0000e+00A/cm2 ğ›’:-infğ›€ cm
2023-03-29 14:31:23,968 INFO Measurement at current 5.0251256281407036e-05
2023-03-29 14:31:24,559 INFO T:216.94Â°K V:5.0108e-03V I:5.0251e-05A R:9.9715e+01ğ›€ E:1.5465e-01V/cm J:2.1992e-03A/cm2 ğ›’:7.0324e+01ğ›€ cm
2023-03-29 14:31:24,578 INFO Measurement at current 0.00010050251256281407
2023-03-29 14:31:25,172 INFO T:216.94Â°K V:1.0080e-02V I:1.0050e-04A R:1.0030e+02ğ›€ E:3.1112e-01V/cm J:4.3984e-03A/cm2 ğ›’:7.0735e+01ğ›€ cm
2023-03-29 14:31:25,192 INFO Measurement at current 0.00015075376884422112
2023-03-29 14:31:26,444 INFO T:216.93Â°K V:1.5192e-02V I:1.5075e-04A R:1.0077e+02ğ›€ E:4.6889e-01V/cm J:6.5975e-03A/cm2 ğ›’:7.1071e+01ğ›€ cm
2023-03-29 14:31:26,472 INFO Measurement at current 0.00020100502512562814
2023-03-29 14:31:27,065 INFO T:216.93Â°K V:2.0295e-02V I:2.0101e-04A R:1.0097e+02ğ›€ E:6.2638e-01V/cm J:8.7967e-03A/cm2 ğ›’:7.1206e+01ğ›€ cm
2023-03-29 14:31:27,080 INFO Measurement at current 0.0002512562814070352
2023-03-29 14:31:27,672 INFO T:216.92Â°K V:2.5427e-02V I:2.5126e-04A R:1.0120e+02ğ›€ E:7.8480e-01V/cm J:1.0996e-02A/cm2 ğ›’:7.1372e+01ğ›€ cm
2023-03-29 14:31:27,689 INFO Measurement at current 0.00030150753768844223
2023-03-29 14:31:28,275 INFO T:216.92Â°K V:3.0563e-02V I:3.0151e-04A R:1.0137e+02ğ›€ E:9.4330e-01V/cm J:1.3195e-02A/cm2 ğ›’:7.1488e+01ğ›€ cm
2023-03-29 14:31:28,297 INFO Measurement at current 0.00035175879396984926
2023-03-29 14:31:28,882 INFO T:216.92Â°K V:3.5683e-02V I:3.5176e-04A R:1.0144e+02ğ›€ E:1.1013e+00V/cm J:1.5394e-02A/cm2 ğ›’:7.1541e+01ğ›€ cm
2023-03-29 14:31:28,903 INFO Measurement at current 0.0004020100502512563
2023-03-29 14:31:29,507 INFO T:216.91Â°K V:4.0827e-02V I:4.0201e-04A R:1.0156e+02ğ›€ E:1.2601e+00V/cm J:1.7593e-02A/cm2 ğ›’:7.1623e+01ğ›€ cm
2023-03-29 14:31:29,530 INFO Measurement at current 0.0004522613065326633
2023-03-29 14:31:30,133 INFO T:216.91Â°K V:4.5979e-02V I:4.5226e-04A R:1.0166e+02ğ›€ E:1.4191e+00V/cm J:1.9793e-02A/cm2 ğ›’:7.1699e+01ğ›€ cm
2023-03-29 14:31:30,151 INFO Measurement at current 0.0005025125628140704
2023-03-29 14:31:30,743 INFO T:216.90Â°K V:5.1145e-02V I:5.0251e-04A R:1.0178e+02ğ›€ E:1.5785e+00V/cm J:2.1992e-02A/cm2 ğ›’:7.1778e+01ğ›€ cm
2023-03-29 14:31:30,773 INFO Measurement at current 0.0005527638190954774
2023-03-29 14:31:31,361 INFO T:216.90Â°K V:5.6315e-02V I:5.5276e-04A R:1.0188e+02ğ›€ E:1.7381e+00V/cm J:2.4191e-02A/cm2 ğ›’:7.1850e+01ğ›€ cm
2023-03-29 14:31:31,385 INFO Measurement at current 0.0006030150753768845
2023-03-29 14:31:32,004 INFO T:216.90Â°K V:6.1484e-02V I:6.0302e-04A R:1.0196e+02ğ›€ E:1.8976e+00V/cm J:2.6390e-02A/cm2 ğ›’:7.1907e+01ğ›€ cm
2023-03-29 14:31:32,019 INFO Measurement at current 0.0006532663316582914
2023-03-29 14:31:32,626 INFO T:216.89Â°K V:6.6629e-02V I:6.5327e-04A R:1.0199e+02ğ›€ E:2.0564e+00V/cm J:2.8589e-02A/cm2 ğ›’:7.1930e+01ğ›€ cm
2023-03-29 14:31:32,642 INFO Measurement at current 0.0007035175879396985
2023-03-29 14:31:33,245 INFO T:216.89Â°K V:7.1806e-02V I:7.0352e-04A R:1.0207e+02ğ›€ E:2.2162e+00V/cm J:3.0789e-02A/cm2 ğ›’:7.1983e+01ğ›€ cm
2023-03-29 14:31:33,261 INFO Measurement at current 0.0007537688442211055
2023-03-29 14:31:33,853 INFO T:216.88Â°K V:7.6998e-02V I:7.5377e-04A R:1.0215e+02ğ›€ E:2.3765e+00V/cm J:3.2988e-02A/cm2 ğ›’:7.2041e+01ğ›€ cm
2023-03-29 14:31:33,878 INFO Measurement at current 0.0008040201005025126
2023-03-29 14:31:34,477 INFO T:216.88Â°K V:8.2220e-02V I:8.0402e-04A R:1.0226e+02ğ›€ E:2.5376e+00V/cm J:3.5187e-02A/cm2 ğ›’:7.2119e+01ğ›€ cm
2023-03-29 14:31:34,501 INFO Measurement at current 0.0008542713567839197
2023-03-29 14:31:35,094 INFO T:216.88Â°K V:8.7335e-02V I:8.5427e-04A R:1.0223e+02ğ›€ E:2.6955e+00V/cm J:3.7386e-02A/cm2 ğ›’:7.2100e+01ğ›€ cm
2023-03-29 14:31:35,116 INFO Measurement at current 0.0009045226130653266
2023-03-29 14:31:35,713 INFO T:216.87Â°K V:9.2502e-02V I:9.0452e-04A R:1.0227e+02ğ›€ E:2.8550e+00V/cm J:3.9585e-02A/cm2 ğ›’:7.2123e+01ğ›€ cm
2023-03-29 14:31:35,746 INFO Measurement at current 0.0009547738693467337
2023-03-29 14:31:36,340 INFO T:216.87Â°K V:9.7703e-02V I:9.5477e-04A R:1.0233e+02ğ›€ E:3.0155e+00V/cm J:4.1784e-02A/cm2 ğ›’:7.2169e+01ğ›€ cm
2023-03-29 14:31:36,366 INFO Measurement at current 0.0010050251256281408
2023-03-29 14:31:36,956 INFO T:216.86Â°K V:1.0277e-01V I:1.0050e-03A R:1.0226e+02ğ›€ E:3.1720e+00V/cm J:4.3984e-02A/cm2 ğ›’:7.2117e+01ğ›€ cm
2023-03-29 14:31:36,981 INFO Measurement at current 0.0010552763819095478
2023-03-29 14:31:37,577 INFO T:216.86Â°K V:1.0789e-01V I:1.0553e-03A R:1.0224e+02ğ›€ E:3.3300e+00V/cm J:4.6183e-02A/cm2 ğ›’:7.2105e+01ğ›€ cm
2023-03-29 14:31:37,597 INFO Measurement at current 0.0011055276381909548
2023-03-29 14:31:38,201 INFO T:216.86Â°K V:1.1302e-01V I:1.1055e-03A R:1.0223e+02ğ›€ E:3.4882e+00V/cm J:4.8382e-02A/cm2 ğ›’:7.2097e+01ğ›€ cm
2023-03-29 14:31:38,235 INFO Measurement at current 0.0011557788944723617
2023-03-29 14:31:38,822 INFO T:216.85Â°K V:1.1810e-01V I:1.1558e-03A R:1.0219e+02ğ›€ E:3.6452e+00V/cm J:5.0581e-02A/cm2 ğ›’:7.2066e+01ğ›€ cm
2023-03-29 14:31:38,838 INFO Measurement at current 0.001206030150753769
2023-03-29 14:31:40,174 INFO T:216.84Â°K V:1.2341e-01V I:1.2060e-03A R:1.0233e+02ğ›€ E:3.8089e+00V/cm J:5.2780e-02A/cm2 ğ›’:7.2166e+01ğ›€ cm
2023-03-29 14:31:40,197 INFO Measurement at current 0.001256281407035176
2023-03-29 14:31:40,784 INFO T:216.84Â°K V:1.2851e-01V I:1.2563e-03A R:1.0230e+02ğ›€ E:3.9664e+00V/cm J:5.4979e-02A/cm2 ğ›’:7.2144e+01ğ›€ cm
2023-03-29 14:31:40,804 INFO Measurement at current 0.0013065326633165829
2023-03-29 14:31:41,394 INFO T:216.83Â°K V:1.3364e-01V I:1.3065e-03A R:1.0229e+02ğ›€ E:4.1248e+00V/cm J:5.7179e-02A/cm2 ğ›’:7.2139e+01ğ›€ cm
2023-03-29 14:31:41,414 INFO Measurement at current 0.00135678391959799
2023-03-29 14:31:42,002 INFO T:216.83Â°K V:1.3871e-01V I:1.3568e-03A R:1.0224e+02ğ›€ E:4.2812e+00V/cm J:5.9378e-02A/cm2 ğ›’:7.2101e+01ğ›€ cm
2023-03-29 14:31:42,019 INFO Measurement at current 0.001407035175879397
2023-03-29 14:31:42,612 INFO T:216.83Â°K V:1.4371e-01V I:1.4070e-03A R:1.0214e+02ğ›€ E:4.4356e+00V/cm J:6.1577e-02A/cm2 ğ›’:7.2033e+01ğ›€ cm
2023-03-29 14:31:42,631 INFO Measurement at current 0.001457286432160804
2023-03-29 14:31:43,235 INFO T:216.82Â°K V:1.4878e-01V I:1.4573e-03A R:1.0210e+02ğ›€ E:4.5921e+00V/cm J:6.3776e-02A/cm2 ğ›’:7.2004e+01ğ›€ cm
2023-03-29 14:31:43,259 INFO Measurement at current 0.001507537688442211
2023-03-29 14:31:43,856 INFO T:216.82Â°K V:1.5375e-01V I:1.5075e-03A R:1.0199e+02ğ›€ E:4.7454e+00V/cm J:6.5975e-02A/cm2 ğ›’:7.1927e+01ğ›€ cm
2023-03-29 14:31:43,873 INFO Measurement at current 0.0015577889447236182
2023-03-29 14:31:44,458 INFO T:216.81Â°K V:1.5871e-01V I:1.5578e-03A R:1.0188e+02ğ›€ E:4.8984e+00V/cm J:6.8175e-02A/cm2 ğ›’:7.1851e+01ğ›€ cm
2023-03-29 14:31:44,473 INFO Measurement at current 0.0016080402010050252
2023-03-29 14:31:45,097 INFO T:216.81Â°K V:1.6367e-01V I:1.6080e-03A R:1.0178e+02ğ›€ E:5.0516e+00V/cm J:7.0374e-02A/cm2 ğ›’:7.1782e+01ğ›€ cm
2023-03-29 14:31:45,113 INFO Measurement at current 0.0016582914572864321
2023-03-29 14:31:45,719 INFO T:216.81Â°K V:1.6860e-01V I:1.6583e-03A R:1.0167e+02ğ›€ E:5.2036e+00V/cm J:7.2573e-02A/cm2 ğ›’:7.1702e+01ğ›€ cm
2023-03-29 14:31:45,743 INFO Measurement at current 0.0017085427135678393
2023-03-29 14:31:46,336 INFO T:216.80Â°K V:1.7350e-01V I:1.7085e-03A R:1.0155e+02ğ›€ E:5.3550e+00V/cm J:7.4772e-02A/cm2 ğ›’:7.1618e+01ğ›€ cm
2023-03-29 14:31:46,356 INFO Measurement at current 0.0017587939698492463
2023-03-29 14:31:46,946 INFO T:216.80Â°K V:1.7845e-01V I:1.7588e-03A R:1.0146e+02ğ›€ E:5.5077e+00V/cm J:7.6971e-02A/cm2 ğ›’:7.1555e+01ğ›€ cm
2023-03-29 14:31:47,024 INFO Measurement at current 0.0018090452261306533
2023-03-29 14:31:47,648 INFO T:216.79Â°K V:1.8334e-01V I:1.8090e-03A R:1.0134e+02ğ›€ E:5.6585e+00V/cm J:7.9170e-02A/cm2 ğ›’:7.1472e+01ğ›€ cm
2023-03-29 14:31:47,732 INFO Measurement at current 0.0018592964824120603
2023-03-29 14:31:48,343 INFO T:216.79Â°K V:1.8832e-01V I:1.8593e-03A R:1.0129e+02ğ›€ E:5.8124e+00V/cm J:8.1370e-02A/cm2 ğ›’:7.1432e+01ğ›€ cm
2023-03-29 14:31:48,412 INFO Measurement at current 0.0019095477386934674
2023-03-29 14:31:49,017 INFO T:216.78Â°K V:1.9318e-01V I:1.9095e-03A R:1.0117e+02ğ›€ E:5.9624e+00V/cm J:8.3569e-02A/cm2 ğ›’:7.1348e+01ğ›€ cm
2023-03-29 14:31:49,045 INFO Measurement at current 0.001959798994974874
2023-03-29 14:31:49,710 INFO T:216.78Â°K V:1.9813e-01V I:1.9598e-03A R:1.0110e+02ğ›€ E:6.1151e+00V/cm J:8.5768e-02A/cm2 ğ›’:7.1298e+01ğ›€ cm
2023-03-29 14:31:49,740 INFO Measurement at current 0.0020100502512562816
2023-03-29 14:31:50,340 INFO T:216.78Â°K V:2.0293e-01V I:2.0101e-03A R:1.0096e+02ğ›€ E:6.2633e+00V/cm J:8.7967e-02A/cm2 ğ›’:7.1200e+01ğ›€ cm
2023-03-29 14:31:50,365 INFO Measurement at current 0.0020603015075376886
2023-03-29 14:31:50,964 INFO T:216.77Â°K V:2.0776e-01V I:2.0603e-03A R:1.0084e+02ğ›€ E:6.4123e+00V/cm J:9.0166e-02A/cm2 ğ›’:7.1117e+01ğ›€ cm
2023-03-29 14:31:50,986 INFO Measurement at current 0.0021105527638190956
2023-03-29 14:31:51,576 INFO T:216.77Â°K V:2.1254e-01V I:2.1106e-03A R:1.0070e+02ğ›€ E:6.5598e+00V/cm J:9.2366e-02A/cm2 ğ›’:7.1020e+01ğ›€ cm
2023-03-29 14:31:51,593 INFO Measurement at current 0.0021608040201005025
2023-03-29 14:31:52,177 INFO T:216.76Â°K V:2.1737e-01V I:2.1608e-03A R:1.0060e+02ğ›€ E:6.7091e+00V/cm J:9.4565e-02A/cm2 ğ›’:7.0947e+01ğ›€ cm
2023-03-29 14:31:52,205 INFO Measurement at current 0.0022110552763819095
2023-03-29 14:31:52,789 INFO T:216.76Â°K V:2.2199e-01V I:2.2111e-03A R:1.0040e+02ğ›€ E:6.8515e+00V/cm J:9.6764e-02A/cm2 ğ›’:7.0806e+01ğ›€ cm
2023-03-29 14:31:52,817 INFO Measurement at current 0.0022613065326633165
2023-03-29 14:31:53,400 INFO T:216.76Â°K V:2.2675e-01V I:2.2613e-03A R:1.0027e+02ğ›€ E:6.9984e+00V/cm J:9.8963e-02A/cm2 ğ›’:7.0717e+01ğ›€ cm
2023-03-29 14:31:53,417 INFO Measurement at current 0.0023115577889447235
2023-03-29 14:31:54,106 INFO T:216.75Â°K V:2.3134e-01V I:2.3116e-03A R:1.0008e+02ğ›€ E:7.1402e+00V/cm J:1.0116e-01A/cm2 ğ›’:7.0582e+01ğ›€ cm
2023-03-29 14:31:54,123 INFO Measurement at current 0.002361809045226131
2023-03-29 14:31:54,716 INFO T:216.75Â°K V:2.3601e-01V I:2.3618e-03A R:9.9926e+01ğ›€ E:7.2841e+00V/cm J:1.0336e-01A/cm2 ğ›’:7.0472e+01ğ›€ cm
2023-03-29 14:31:54,780 INFO Measurement at current 0.002412060301507538
2023-03-29 14:31:55,386 INFO T:216.74Â°K V:2.4061e-01V I:2.4121e-03A R:9.9755e+01ğ›€ E:7.4264e+00V/cm J:1.0556e-01A/cm2 ğ›’:7.0352e+01ğ›€ cm
2023-03-29 14:31:55,490 INFO Measurement at current 0.002462311557788945
2023-03-29 14:31:56,171 INFO T:216.74Â°K V:2.4540e-01V I:2.4623e-03A R:9.9663e+01ğ›€ E:7.5741e+00V/cm J:1.0776e-01A/cm2 ğ›’:7.0287e+01ğ›€ cm
2023-03-29 14:31:56,217 INFO Measurement at current 0.002512562814070352
2023-03-29 14:31:56,814 INFO T:216.73Â°K V:2.5001e-01V I:2.5126e-03A R:9.9503e+01ğ›€ E:7.7163e+00V/cm J:1.0996e-01A/cm2 ğ›’:7.0174e+01ğ›€ cm
2023-03-29 14:31:56,852 INFO Measurement at current 0.0025628140703517588
2023-03-29 14:31:57,540 INFO T:216.73Â°K V:2.5447e-01V I:2.5628e-03A R:9.9292e+01ğ›€ E:7.8539e+00V/cm J:1.1216e-01A/cm2 ğ›’:7.0026e+01ğ›€ cm
2023-03-29 14:31:57,592 INFO Measurement at current 0.0026130653266331657
2023-03-29 14:31:58,197 INFO T:216.73Â°K V:2.5904e-01V I:2.6131e-03A R:9.9133e+01ğ›€ E:7.9951e+00V/cm J:1.1436e-01A/cm2 ğ›’:6.9913e+01ğ›€ cm
2023-03-29 14:31:58,233 INFO Measurement at current 0.0026633165829145727
2023-03-29 14:31:58,848 INFO T:216.72Â°K V:2.6357e-01V I:2.6633e-03A R:9.8962e+01ğ›€ E:8.1348e+00V/cm J:1.1656e-01A/cm2 ğ›’:6.9792e+01ğ›€ cm
2023-03-29 14:31:58,902 INFO Measurement at current 0.00271356783919598
2023-03-29 14:31:59,516 INFO T:216.72Â°K V:2.6817e-01V I:2.7136e-03A R:9.8826e+01ğ›€ E:8.2769e+00V/cm J:1.1876e-01A/cm2 ğ›’:6.9697e+01ğ›€ cm
2023-03-29 14:31:59,585 INFO Measurement at current 0.002763819095477387
2023-03-29 14:32:00,196 INFO T:216.71Â°K V:2.7247e-01V I:2.7638e-03A R:9.8586e+01ğ›€ E:8.4097e+00V/cm J:1.2095e-01A/cm2 ğ›’:6.9527e+01ğ›€ cm
2023-03-29 14:32:00,221 INFO Measurement at current 0.002814070351758794
2023-03-29 14:32:00,819 INFO T:216.71Â°K V:2.7693e-01V I:2.8141e-03A R:9.8410e+01ğ›€ E:8.5473e+00V/cm J:1.2315e-01A/cm2 ğ›’:6.9403e+01ğ›€ cm
2023-03-29 14:32:00,836 INFO Measurement at current 0.002864321608040201
2023-03-29 14:32:01,427 INFO T:216.71Â°K V:2.8136e-01V I:2.8643e-03A R:9.8230e+01ğ›€ E:8.6840e+00V/cm J:1.2535e-01A/cm2 ğ›’:6.9276e+01ğ›€ cm
2023-03-29 14:32:01,444 INFO Measurement at current 0.002914572864321608
2023-03-29 14:32:02,053 INFO T:216.70Â°K V:2.8587e-01V I:2.9146e-03A R:9.8082e+01ğ›€ E:8.8231e+00V/cm J:1.2755e-01A/cm2 ğ›’:6.9172e+01ğ›€ cm
2023-03-29 14:32:02,075 INFO Measurement at current 0.002964824120603015
2023-03-29 14:32:02,673 INFO T:216.70Â°K V:2.9051e-01V I:2.9648e-03A R:9.7984e+01ğ›€ E:8.9663e+00V/cm J:1.2975e-01A/cm2 ğ›’:6.9103e+01ğ›€ cm
2023-03-29 14:32:02,692 INFO Measurement at current 0.003015075376884422
2023-03-29 14:32:03,297 INFO T:216.69Â°K V:2.9476e-01V I:3.0151e-03A R:9.7761e+01ğ›€ E:9.0975e+00V/cm J:1.3195e-01A/cm2 ğ›’:6.8946e+01ğ›€ cm
2023-03-29 14:32:03,325 INFO Measurement at current 0.0030653266331658294
2023-03-29 14:32:03,933 INFO T:216.69Â°K V:2.9910e-01V I:3.0653e-03A R:9.7577e+01ğ›€ E:9.2316e+00V/cm J:1.3415e-01A/cm2 ğ›’:6.8816e+01ğ›€ cm
2023-03-29 14:32:03,954 INFO Measurement at current 0.0031155778894472364
2023-03-29 14:32:04,559 INFO T:216.69Â°K V:3.0328e-01V I:3.1156e-03A R:9.7343e+01ğ›€ E:9.3605e+00V/cm J:1.3635e-01A/cm2 ğ›’:6.8651e+01ğ›€ cm
2023-03-29 14:32:04,593 INFO Measurement at current 0.0031658291457286433
2023-03-29 14:32:05,187 INFO T:216.68Â°K V:3.0759e-01V I:3.1658e-03A R:9.7160e+01ğ›€ E:9.4936e+00V/cm J:1.3855e-01A/cm2 ğ›’:6.8522e+01ğ›€ cm
2023-03-29 14:32:05,212 INFO Measurement at current 0.0032160804020100503
2023-03-29 14:32:05,820 INFO T:216.68Â°K V:3.1179e-01V I:3.2161e-03A R:9.6946e+01ğ›€ E:9.6230e+00V/cm J:1.4075e-01A/cm2 ğ›’:6.8371e+01ğ›€ cm
2023-03-29 14:32:05,846 INFO Measurement at current 0.0032663316582914573
2023-03-29 14:32:06,497 INFO T:216.67Â°K V:3.1604e-01V I:3.2663e-03A R:9.6756e+01ğ›€ E:9.7542e+00V/cm J:1.4295e-01A/cm2 ğ›’:6.8237e+01ğ›€ cm
2023-03-29 14:32:06,515 INFO Measurement at current 0.0033165829145728643
2023-03-29 14:32:07,099 INFO T:216.67Â°K V:3.2027e-01V I:3.3166e-03A R:9.6565e+01ğ›€ E:9.8848e+00V/cm J:1.4515e-01A/cm2 ğ›’:6.8102e+01ğ›€ cm
2023-03-29 14:32:07,121 INFO Measurement at current 0.0033668341708542712
2023-03-29 14:32:07,712 INFO T:216.67Â°K V:3.2448e-01V I:3.3668e-03A R:9.6377e+01ğ›€ E:1.0015e+01V/cm J:1.4735e-01A/cm2 ğ›’:6.7969e+01ğ›€ cm
2023-03-29 14:32:07,729 INFO Measurement at current 0.0034170854271356787
2023-03-29 14:32:08,319 INFO T:216.66Â°K V:3.2870e-01V I:3.4171e-03A R:9.6194e+01ğ›€ E:1.0145e+01V/cm J:1.4954e-01A/cm2 ğ›’:6.7840e+01ğ›€ cm
2023-03-29 14:32:08,343 INFO Measurement at current 0.0034673366834170856
2023-03-29 14:32:08,932 INFO T:216.66Â°K V:3.3272e-01V I:3.4673e-03A R:9.5959e+01ğ›€ E:1.0269e+01V/cm J:1.5174e-01A/cm2 ğ›’:6.7675e+01ğ›€ cm
2023-03-29 14:32:08,952 INFO Measurement at current 0.0035175879396984926
2023-03-29 14:32:09,563 INFO T:216.65Â°K V:3.3669e-01V I:3.5176e-03A R:9.5715e+01ğ›€ E:1.0392e+01V/cm J:1.5394e-01A/cm2 ğ›’:6.7503e+01ğ›€ cm
2023-03-29 14:32:09,587 INFO Measurement at current 0.0035678391959798996
2023-03-29 14:32:10,170 INFO T:216.65Â°K V:3.4077e-01V I:3.5678e-03A R:9.5511e+01ğ›€ E:1.0518e+01V/cm J:1.5614e-01A/cm2 ğ›’:6.7359e+01ğ›€ cm
2023-03-29 14:32:10,186 INFO Measurement at current 0.0036180904522613066
2023-03-29 14:32:10,793 INFO T:216.65Â°K V:3.4468e-01V I:3.6181e-03A R:9.5265e+01ğ›€ E:1.0638e+01V/cm J:1.5834e-01A/cm2 ğ›’:6.7185e+01ğ›€ cm
2023-03-29 14:32:10,817 INFO Measurement at current 0.0036683417085427135
2023-03-29 14:32:11,428 INFO T:216.64Â°K V:3.4883e-01V I:3.6683e-03A R:9.5092e+01ğ›€ E:1.0766e+01V/cm J:1.6054e-01A/cm2 ğ›’:6.7064e+01ğ›€ cm
2023-03-29 14:32:11,497 INFO Measurement at current 0.0037185929648241205
2023-03-29 14:32:12,115 INFO T:216.64Â°K V:3.5294e-01V I:3.7186e-03A R:9.4913e+01ğ›€ E:1.0893e+01V/cm J:1.6274e-01A/cm2 ğ›’:6.6937e+01ğ›€ cm
2023-03-29 14:32:12,191 INFO Measurement at current 0.003768844221105528
2023-03-29 14:32:12,790 INFO T:216.63Â°K V:3.5682e-01V I:3.7688e-03A R:9.4676e+01ğ›€ E:1.1013e+01V/cm J:1.6494e-01A/cm2 ğ›’:6.6770e+01ğ›€ cm
2023-03-29 14:32:12,805 INFO Measurement at current 0.003819095477386935
2023-03-29 14:32:13,394 INFO T:216.63Â°K V:3.6066e-01V I:3.8191e-03A R:9.4436e+01ğ›€ E:1.1131e+01V/cm J:1.6714e-01A/cm2 ğ›’:6.6601e+01ğ›€ cm
2023-03-29 14:32:13,418 INFO Measurement at current 0.003869346733668342
2023-03-29 14:32:14,016 INFO T:216.63Â°K V:3.6448e-01V I:3.8693e-03A R:9.4196e+01ğ›€ E:1.1249e+01V/cm J:1.6934e-01A/cm2 ğ›’:6.6431e+01ğ›€ cm
2023-03-29 14:32:14,038 INFO Measurement at current 0.003919597989949748
2023-03-29 14:32:14,641 INFO T:216.62Â°K V:3.6851e-01V I:3.9196e-03A R:9.4016e+01ğ›€ E:1.1374e+01V/cm J:1.7154e-01A/cm2 ğ›’:6.6305e+01ğ›€ cm
2023-03-29 14:32:14,660 INFO Measurement at current 0.003969849246231156
2023-03-29 14:32:15,253 INFO T:216.62Â°K V:3.7226e-01V I:3.9698e-03A R:9.3772e+01ğ›€ E:1.1490e+01V/cm J:1.7374e-01A/cm2 ğ›’:6.6132e+01ğ›€ cm
2023-03-29 14:32:15,273 INFO Measurement at current 0.004020100502512563
2023-03-29 14:32:15,880 INFO T:216.61Â°K V:3.7592e-01V I:4.0201e-03A R:9.3511e+01ğ›€ E:1.1603e+01V/cm J:1.7593e-01A/cm2 ğ›’:6.5948e+01ğ›€ cm
2023-03-29 14:32:15,903 INFO Measurement at current 0.00407035175879397
2023-03-29 14:32:16,555 INFO T:216.61Â°K V:3.7964e-01V I:4.0704e-03A R:9.3271e+01ğ›€ E:1.1717e+01V/cm J:1.7813e-01A/cm2 ğ›’:6.5779e+01ğ›€ cm
2023-03-29 14:32:16,575 INFO Measurement at current 0.004120603015075377
2023-03-29 14:32:17,279 INFO T:216.61Â°K V:3.8324e-01V I:4.1206e-03A R:9.3005e+01ğ›€ E:1.1828e+01V/cm J:1.8033e-01A/cm2 ğ›’:6.5592e+01ğ›€ cm
2023-03-29 14:32:17,295 INFO Measurement at current 0.004170854271356784
2023-03-29 14:32:17,910 INFO T:216.60Â°K V:3.8712e-01V I:4.1709e-03A R:9.2816e+01ğ›€ E:1.1948e+01V/cm J:1.8253e-01A/cm2 ğ›’:6.5458e+01ğ›€ cm
2023-03-29 14:32:17,935 INFO Measurement at current 0.004221105527638191
2023-03-29 14:32:18,552 INFO T:216.60Â°K V:3.9076e-01V I:4.2211e-03A R:9.2572e+01ğ›€ E:1.2060e+01V/cm J:1.8473e-01A/cm2 ğ›’:6.5286e+01ğ›€ cm
2023-03-29 14:32:18,569 INFO Measurement at current 0.004271356783919598
2023-03-29 14:32:19,165 INFO T:216.59Â°K V:3.9455e-01V I:4.2714e-03A R:9.2372e+01ğ›€ E:1.2178e+01V/cm J:1.8693e-01A/cm2 ğ›’:6.5145e+01ğ›€ cm
2023-03-29 14:32:19,181 INFO Measurement at current 0.004321608040201005
2023-03-29 14:32:19,769 INFO T:216.59Â°K V:3.9805e-01V I:4.3216e-03A R:9.2107e+01ğ›€ E:1.2285e+01V/cm J:1.8913e-01A/cm2 ğ›’:6.4958e+01ğ›€ cm
2023-03-29 14:32:19,816 INFO Measurement at current 0.004371859296482412
2023-03-29 14:32:20,447 INFO T:216.59Â°K V:4.0156e-01V I:4.3719e-03A R:9.1851e+01ğ›€ E:1.2394e+01V/cm J:1.9133e-01A/cm2 ğ›’:6.4778e+01ğ›€ cm
2023-03-29 14:32:20,472 INFO Measurement at current 0.004422110552763819
2023-03-29 14:32:21,076 INFO T:216.58Â°K V:4.0516e-01V I:4.4221e-03A R:9.1621e+01ğ›€ E:1.2505e+01V/cm J:1.9353e-01A/cm2 ğ›’:6.4615e+01ğ›€ cm
2023-03-29 14:32:21,099 INFO Measurement at current 0.004472361809045226
2023-03-29 14:32:21,697 INFO T:216.58Â°K V:4.0868e-01V I:4.4724e-03A R:9.1378e+01ğ›€ E:1.2613e+01V/cm J:1.9573e-01A/cm2 ğ›’:6.4444e+01ğ›€ cm
2023-03-29 14:32:21,741 INFO Measurement at current 0.004522613065326633
2023-03-29 14:32:22,333 INFO T:216.57Â°K V:4.1253e-01V I:4.5226e-03A R:9.1214e+01ğ›€ E:1.2732e+01V/cm J:1.9793e-01A/cm2 ğ›’:6.4329e+01ğ›€ cm
2023-03-29 14:32:22,350 INFO Measurement at current 0.00457286432160804
2023-03-29 14:32:22,939 INFO T:216.57Â°K V:4.1593e-01V I:4.5729e-03A R:9.0956e+01ğ›€ E:1.2837e+01V/cm J:2.0013e-01A/cm2 ğ›’:6.4147e+01ğ›€ cm
2023-03-29 14:32:22,969 INFO Measurement at current 0.004623115577889447
2023-03-29 14:32:23,575 INFO T:216.57Â°K V:4.1969e-01V I:4.6231e-03A R:9.0781e+01ğ›€ E:1.2953e+01V/cm J:2.0232e-01A/cm2 ğ›’:6.4023e+01ğ›€ cm
2023-03-29 14:32:23,592 INFO Measurement at current 0.004673366834170855
2023-03-29 14:32:24,233 INFO T:216.56Â°K V:4.2313e-01V I:4.6734e-03A R:9.0541e+01ğ›€ E:1.3060e+01V/cm J:2.0452e-01A/cm2 ğ›’:6.3853e+01ğ›€ cm
2023-03-29 14:32:24,259 INFO Measurement at current 0.004723618090452262
2023-03-29 14:32:24,847 INFO T:216.56Â°K V:4.2659e-01V I:4.7236e-03A R:9.0310e+01ğ›€ E:1.3166e+01V/cm J:2.0672e-01A/cm2 ğ›’:6.3691e+01ğ›€ cm
2023-03-29 14:32:24,862 INFO Measurement at current 0.004773869346733669
2023-03-29 14:32:25,455 INFO T:216.55Â°K V:4.3002e-01V I:4.7739e-03A R:9.0078e+01ğ›€ E:1.3272e+01V/cm J:2.0892e-01A/cm2 ğ›’:6.3527e+01ğ›€ cm
2023-03-29 14:32:25,469 INFO Measurement at current 0.004824120603015076
2023-03-29 14:32:26,059 INFO T:216.55Â°K V:4.3328e-01V I:4.8241e-03A R:8.9816e+01ğ›€ E:1.3373e+01V/cm J:2.1112e-01A/cm2 ğ›’:6.3343e+01ğ›€ cm
2023-03-29 14:32:26,083 INFO Measurement at current 0.004874371859296483
2023-03-29 14:32:26,691 INFO T:216.55Â°K V:4.3685e-01V I:4.8744e-03A R:8.9621e+01ğ›€ E:1.3483e+01V/cm J:2.1332e-01A/cm2 ğ›’:6.3205e+01ğ›€ cm
2023-03-29 14:32:26,714 INFO Measurement at current 0.00492462311557789
2023-03-29 14:32:27,305 INFO T:216.54Â°K V:4.4013e-01V I:4.9246e-03A R:8.9373e+01ğ›€ E:1.3584e+01V/cm J:2.1552e-01A/cm2 ğ›’:6.3030e+01ğ›€ cm
2023-03-29 14:32:27,321 INFO Measurement at current 0.004974874371859297
2023-03-29 14:32:27,909 INFO T:216.54Â°K V:4.4361e-01V I:4.9749e-03A R:8.9171e+01ğ›€ E:1.3692e+01V/cm J:2.1772e-01A/cm2 ğ›’:6.2887e+01ğ›€ cm
2023-03-29 14:32:27,925 INFO Measurement at current 0.005025125628140704
2023-03-29 14:32:28,516 INFO T:216.54Â°K V:4.4681e-01V I:5.0251e-03A R:8.8915e+01ğ›€ E:1.3790e+01V/cm J:2.1992e-01A/cm2 ğ›’:6.2707e+01ğ›€ cm
2023-03-29 14:32:28,546 INFO Measurement at current 0.005075376884422111
2023-03-29 14:32:29,149 INFO T:216.53Â°K V:4.5014e-01V I:5.0754e-03A R:8.8690e+01ğ›€ E:1.3893e+01V/cm J:2.2212e-01A/cm2 ğ›’:6.2548e+01ğ›€ cm
2023-03-29 14:32:29,176 INFO Measurement at current 0.0051256281407035175
2023-03-29 14:32:29,824 INFO T:216.53Â°K V:4.5345e-01V I:5.1256e-03A R:8.8468e+01ğ›€ E:1.3996e+01V/cm J:2.2432e-01A/cm2 ğ›’:6.2392e+01ğ›€ cm
2023-03-29 14:32:29,853 INFO Measurement at current 0.0051758793969849245
2023-03-29 14:32:30,449 INFO T:216.52Â°K V:4.5648e-01V I:5.1759e-03A R:8.8194e+01ğ›€ E:1.4089e+01V/cm J:2.2652e-01A/cm2 ğ›’:6.2198e+01ğ›€ cm
2023-03-29 14:32:30,463 INFO Measurement at current 0.0052261306532663315
2023-03-29 14:32:31,056 INFO T:216.52Â°K V:4.5976e-01V I:5.2261e-03A R:8.7974e+01ğ›€ E:1.4190e+01V/cm J:2.2871e-01A/cm2 ğ›’:6.2043e+01ğ›€ cm
2023-03-29 14:32:31,122 INFO Measurement at current 0.0052763819095477385
2023-03-29 14:32:31,719 INFO T:216.52Â°K V:4.6309e-01V I:5.2764e-03A R:8.7767e+01ğ›€ E:1.4293e+01V/cm J:2.3091e-01A/cm2 ğ›’:6.1898e+01ğ›€ cm
2023-03-29 14:32:31,744 INFO Measurement at current 0.0053266331658291454
2023-03-29 14:32:32,335 INFO T:216.51Â°K V:4.6651e-01V I:5.3266e-03A R:8.7581e+01ğ›€ E:1.4398e+01V/cm J:2.3311e-01A/cm2 ğ›’:6.1766e+01ğ›€ cm
2023-03-29 14:32:32,356 INFO Measurement at current 0.005376884422110553
2023-03-29 14:32:32,947 INFO T:216.51Â°K V:4.6940e-01V I:5.3769e-03A R:8.7299e+01ğ›€ E:1.4488e+01V/cm J:2.3531e-01A/cm2 ğ›’:6.1567e+01ğ›€ cm
2023-03-29 14:32:32,964 INFO Measurement at current 0.00542713567839196
2023-03-29 14:32:33,553 INFO T:216.50Â°K V:4.7233e-01V I:5.4271e-03A R:8.7031e+01ğ›€ E:1.4578e+01V/cm J:2.3751e-01A/cm2 ğ›’:6.1378e+01ğ›€ cm
2023-03-29 14:32:33,579 INFO Measurement at current 0.005477386934673367
2023-03-29 14:32:34,174 INFO T:216.50Â°K V:4.7531e-01V I:5.4774e-03A R:8.6777e+01ğ›€ E:1.4670e+01V/cm J:2.3971e-01A/cm2 ğ›’:6.1199e+01ğ›€ cm
2023-03-29 14:32:34,199 INFO Measurement at current 0.005527638190954774
2023-03-29 14:32:34,813 INFO T:216.50Â°K V:4.7836e-01V I:5.5276e-03A R:8.6539e+01ğ›€ E:1.4764e+01V/cm J:2.4191e-01A/cm2 ğ›’:6.1031e+01ğ›€ cm
2023-03-29 14:32:34,833 INFO Measurement at current 0.005577889447236181
2023-03-29 14:32:35,468 INFO T:216.49Â°K V:4.8130e-01V I:5.5779e-03A R:8.6287e+01ğ›€ E:1.4855e+01V/cm J:2.4411e-01A/cm2 ğ›’:6.0853e+01ğ›€ cm
2023-03-29 14:32:35,484 INFO Measurement at current 0.005628140703517588
2023-03-29 14:32:36,151 INFO T:216.49Â°K V:4.8416e-01V I:5.6281e-03A R:8.6025e+01ğ›€ E:1.4943e+01V/cm J:2.4631e-01A/cm2 ğ›’:6.0669e+01ğ›€ cm
2023-03-29 14:32:36,168 INFO Measurement at current 0.005678391959798995
2023-03-29 14:32:36,791 INFO T:216.48Â°K V:4.8704e-01V I:5.6784e-03A R:8.5771e+01ğ›€ E:1.5032e+01V/cm J:2.4851e-01A/cm2 ğ›’:6.0490e+01ğ›€ cm
2023-03-29 14:32:36,823 INFO Measurement at current 0.005728643216080402
2023-03-29 14:32:37,438 INFO T:216.48Â°K V:4.8989e-01V I:5.7286e-03A R:8.5517e+01ğ›€ E:1.5120e+01V/cm J:2.5071e-01A/cm2 ğ›’:6.0310e+01ğ›€ cm
2023-03-29 14:32:37,500 INFO Measurement at current 0.005778894472361809
2023-03-29 14:32:38,130 INFO T:216.48Â°K V:4.9276e-01V I:5.7789e-03A R:8.5269e+01ğ›€ E:1.5209e+01V/cm J:2.5291e-01A/cm2 ğ›’:6.0135e+01ğ›€ cm
2023-03-29 14:32:38,168 INFO Measurement at current 0.005829145728643216
2023-03-29 14:32:38,773 INFO T:216.47Â°K V:4.9574e-01V I:5.8291e-03A R:8.5045e+01ğ›€ E:1.5301e+01V/cm J:2.5510e-01A/cm2 ğ›’:5.9978e+01ğ›€ cm
2023-03-29 14:32:38,866 INFO Measurement at current 0.005879396984924623
2023-03-29 14:32:39,478 INFO T:216.47Â°K V:4.9864e-01V I:5.8794e-03A R:8.4812e+01ğ›€ E:1.5390e+01V/cm J:2.5730e-01A/cm2 ğ›’:5.9814e+01ğ›€ cm
2023-03-29 14:32:39,532 INFO Measurement at current 0.00592964824120603
2023-03-29 14:32:40,145 INFO T:216.46Â°K V:5.0150e-01V I:5.9296e-03A R:8.4575e+01ğ›€ E:1.5478e+01V/cm J:2.5950e-01A/cm2 ğ›’:5.9646e+01ğ›€ cm
2023-03-29 14:32:40,169 INFO Measurement at current 0.005979899497487437
2023-03-29 14:32:40,774 INFO T:216.46Â°K V:5.0454e-01V I:5.9799e-03A R:8.4372e+01ğ›€ E:1.5572e+01V/cm J:2.6170e-01A/cm2 ğ›’:5.9503e+01ğ›€ cm
2023-03-29 14:32:40,797 INFO Measurement at current 0.006030150753768844
2023-03-29 14:32:41,398 INFO T:216.46Â°K V:5.0760e-01V I:6.0302e-03A R:8.4176e+01ğ›€ E:1.5667e+01V/cm J:2.6390e-01A/cm2 ğ›’:5.9365e+01ğ›€ cm
2023-03-29 14:32:41,417 INFO Measurement at current 0.006080402010050252
2023-03-29 14:32:42,007 INFO T:216.45Â°K V:5.1029e-01V I:6.0804e-03A R:8.3923e+01ğ›€ E:1.5750e+01V/cm J:2.6610e-01A/cm2 ğ›’:5.9186e+01ğ›€ cm
2023-03-29 14:32:42,022 INFO Measurement at current 0.006130653266331659
2023-03-29 14:32:42,620 INFO T:216.45Â°K V:5.1314e-01V I:6.1307e-03A R:8.3700e+01ğ›€ E:1.5838e+01V/cm J:2.6830e-01A/cm2 ğ›’:5.9029e+01ğ›€ cm
2023-03-29 14:32:42,645 INFO Measurement at current 0.006180904522613066
2023-03-29 14:32:43,256 INFO T:216.44Â°K V:5.1568e-01V I:6.1809e-03A R:8.3431e+01ğ›€ E:1.5916e+01V/cm J:2.7050e-01A/cm2 ğ›’:5.8840e+01ğ›€ cm
2023-03-29 14:32:43,275 INFO Measurement at current 0.006231155778894473
2023-03-29 14:32:43,883 INFO T:216.44Â°K V:5.1854e-01V I:6.2312e-03A R:8.3218e+01ğ›€ E:1.6004e+01V/cm J:2.7270e-01A/cm2 ğ›’:5.8689e+01ğ›€ cm
2023-03-29 14:32:43,914 INFO Measurement at current 0.00628140703517588
2023-03-29 14:32:44,505 INFO T:216.44Â°K V:5.2129e-01V I:6.2814e-03A R:8.2989e+01ğ›€ E:1.6089e+01V/cm J:2.7490e-01A/cm2 ğ›’:5.8528e+01ğ›€ cm
2023-03-29 14:32:44,546 INFO Measurement at current 0.006331658291457287
2023-03-29 14:32:45,209 INFO T:216.43Â°K V:5.2417e-01V I:6.3317e-03A R:8.2785e+01ğ›€ E:1.6178e+01V/cm J:2.7710e-01A/cm2 ğ›’:5.8384e+01ğ›€ cm
2023-03-29 14:32:45,248 INFO Measurement at current 0.006381909547738694
2023-03-29 14:32:45,842 INFO T:216.43Â°K V:5.2673e-01V I:6.3819e-03A R:8.2535e+01ğ›€ E:1.6257e+01V/cm J:2.7930e-01A/cm2 ğ›’:5.8207e+01ğ›€ cm
2023-03-29 14:32:45,878 INFO Measurement at current 0.006432160804020101
2023-03-29 14:32:46,483 INFO T:216.42Â°K V:5.2956e-01V I:6.4322e-03A R:8.2329e+01ğ›€ E:1.6344e+01V/cm J:2.8150e-01A/cm2 ğ›’:5.8063e+01ğ›€ cm
2023-03-29 14:32:46,534 INFO Measurement at current 0.006482412060301508
2023-03-29 14:32:47,152 INFO T:216.42Â°K V:5.3215e-01V I:6.4824e-03A R:8.2091e+01ğ›€ E:1.6424e+01V/cm J:2.8369e-01A/cm2 ğ›’:5.7894e+01ğ›€ cm
2023-03-29 14:32:47,192 INFO Measurement at current 0.006532663316582915
2023-03-29 14:32:47,799 INFO T:216.42Â°K V:5.3495e-01V I:6.5327e-03A R:8.1889e+01ğ›€ E:1.6511e+01V/cm J:2.8589e-01A/cm2 ğ›’:5.7752e+01ğ›€ cm
2023-03-29 14:32:47,822 INFO Measurement at current 0.0065829145728643216
2023-03-29 14:32:48,424 INFO T:216.41Â°K V:5.3740e-01V I:6.5829e-03A R:8.1636e+01ğ›€ E:1.6587e+01V/cm J:2.8809e-01A/cm2 ğ›’:5.7574e+01ğ›€ cm
2023-03-29 14:32:48,447 INFO Measurement at current 0.0066331658291457285
2023-03-29 14:32:49,038 INFO T:216.41Â°K V:5.4004e-01V I:6.6332e-03A R:8.1415e+01ğ›€ E:1.6668e+01V/cm J:2.9029e-01A/cm2 ğ›’:5.7418e+01ğ›€ cm
2023-03-29 14:32:49,053 INFO Measurement at current 0.0066834170854271355
2023-03-29 14:32:49,651 INFO T:216.41Â°K V:5.4260e-01V I:6.6834e-03A R:8.1186e+01ğ›€ E:1.6747e+01V/cm J:2.9249e-01A/cm2 ğ›’:5.7256e+01ğ›€ cm
2023-03-29 14:32:49,678 INFO Measurement at current 0.0067336683417085425
2023-03-29 14:32:50,276 INFO T:216.40Â°K V:5.4547e-01V I:6.7337e-03A R:8.1007e+01ğ›€ E:1.6836e+01V/cm J:2.9469e-01A/cm2 ğ›’:5.7130e+01ğ›€ cm
2023-03-29 14:32:50,297 INFO Measurement at current 0.0067839195979899495
2023-03-29 14:32:50,901 INFO T:216.40Â°K V:5.4785e-01V I:6.7839e-03A R:8.0758e+01ğ›€ E:1.6909e+01V/cm J:2.9689e-01A/cm2 ğ›’:5.6954e+01ğ›€ cm
2023-03-29 14:32:50,920 INFO Measurement at current 0.006834170854271357
2023-03-29 14:32:51,526 INFO T:216.39Â°K V:5.5040e-01V I:6.8342e-03A R:8.0536e+01ğ›€ E:1.6988e+01V/cm J:2.9909e-01A/cm2 ğ›’:5.6798e+01ğ›€ cm
2023-03-29 14:32:51,558 INFO Measurement at current 0.006884422110552764
2023-03-29 14:32:52,180 INFO T:216.39Â°K V:5.5299e-01V I:6.8844e-03A R:8.0325e+01ğ›€ E:1.7068e+01V/cm J:3.0129e-01A/cm2 ğ›’:5.6649e+01ğ›€ cm
2023-03-29 14:32:52,201 INFO Measurement at current 0.006934673366834171
2023-03-29 14:32:52,796 INFO T:216.39Â°K V:5.5549e-01V I:6.9347e-03A R:8.0103e+01ğ›€ E:1.7145e+01V/cm J:3.0349e-01A/cm2 ğ›’:5.6492e+01ğ›€ cm
2023-03-29 14:32:52,811 INFO Measurement at current 0.006984924623115578
2023-03-29 14:32:53,431 INFO T:216.38Â°K V:5.5799e-01V I:6.9849e-03A R:7.9885e+01ğ›€ E:1.7222e+01V/cm J:3.0569e-01A/cm2 ğ›’:5.6339e+01ğ›€ cm
2023-03-29 14:32:53,500 INFO Measurement at current 0.007035175879396985
2023-03-29 14:32:54,264 INFO T:216.38Â°K V:5.6039e-01V I:7.0352e-03A R:7.9655e+01ğ›€ E:1.7296e+01V/cm J:3.0789e-01A/cm2 ğ›’:5.6177e+01ğ›€ cm
2023-03-29 14:32:54,324 INFO Measurement at current 0.007085427135678392
2023-03-29 14:32:54,922 INFO T:216.37Â°K V:5.6261e-01V I:7.0854e-03A R:7.9404e+01ğ›€ E:1.7364e+01V/cm J:3.1008e-01A/cm2 ğ›’:5.5999e+01ğ›€ cm
2023-03-29 14:32:55,015 INFO Measurement at current 0.007135678391959799
2023-03-29 14:32:55,647 INFO T:216.37Â°K V:5.6496e-01V I:7.1357e-03A R:7.9174e+01ğ›€ E:1.7437e+01V/cm J:3.1228e-01A/cm2 ğ›’:5.5837e+01ğ›€ cm
2023-03-29 14:32:55,680 INFO Measurement at current 0.007185929648241206
2023-03-29 14:32:56,441 INFO T:216.37Â°K V:5.6751e-01V I:7.1859e-03A R:7.8976e+01ğ›€ E:1.7516e+01V/cm J:3.1448e-01A/cm2 ğ›’:5.5697e+01ğ›€ cm
2023-03-29 14:32:56,474 INFO Measurement at current 0.007236180904522613
2023-03-29 14:32:57,066 INFO T:216.36Â°K V:5.6991e-01V I:7.2362e-03A R:7.8759e+01ğ›€ E:1.7590e+01V/cm J:3.1668e-01A/cm2 ğ›’:5.5545e+01ğ›€ cm
2023-03-29 14:32:57,160 INFO Measurement at current 0.00728643216080402
2023-03-29 14:32:57,870 INFO T:216.36Â°K V:5.7222e-01V I:7.2864e-03A R:7.8533e+01ğ›€ E:1.7661e+01V/cm J:3.1888e-01A/cm2 ğ›’:5.5385e+01ğ›€ cm
2023-03-29 14:32:57,899 INFO Measurement at current 0.007336683417085427
2023-03-29 14:32:58,492 INFO T:216.35Â°K V:5.7458e-01V I:7.3367e-03A R:7.8316e+01ğ›€ E:1.7734e+01V/cm J:3.2108e-01A/cm2 ğ›’:5.5232e+01ğ›€ cm
2023-03-29 14:32:58,520 INFO Measurement at current 0.007386934673366834
2023-03-29 14:32:59,144 INFO T:216.35Â°K V:5.7679e-01V I:7.3869e-03A R:7.8083e+01ğ›€ E:1.7802e+01V/cm J:3.2328e-01A/cm2 ğ›’:5.5067e+01ğ›€ cm
2023-03-29 14:32:59,211 INFO Measurement at current 0.007437185929648241
2023-03-29 14:32:59,856 INFO T:216.34Â°K V:5.7888e-01V I:7.4372e-03A R:7.7836e+01ğ›€ E:1.7867e+01V/cm J:3.2548e-01A/cm2 ğ›’:5.4894e+01ğ›€ cm
2023-03-29 14:32:59,878 INFO Measurement at current 0.007487437185929648
2023-03-29 14:33:00,488 INFO T:216.34Â°K V:5.8151e-01V I:7.4874e-03A R:7.7664e+01ğ›€ E:1.7948e+01V/cm J:3.2768e-01A/cm2 ğ›’:5.4772e+01ğ›€ cm
2023-03-29 14:33:00,533 INFO Measurement at current 0.007537688442211056
2023-03-29 14:33:01,122 INFO T:216.34Â°K V:5.8381e-01V I:7.5377e-03A R:7.7452e+01ğ›€ E:1.8019e+01V/cm J:3.2988e-01A/cm2 ğ›’:5.4623e+01ğ›€ cm
2023-03-29 14:33:01,145 INFO Measurement at current 0.007587939698492463
2023-03-29 14:33:01,749 INFO T:216.33Â°K V:5.8612e-01V I:7.5879e-03A R:7.7243e+01ğ›€ E:1.8090e+01V/cm J:3.3208e-01A/cm2 ğ›’:5.4475e+01ğ›€ cm
2023-03-29 14:33:01,772 INFO Measurement at current 0.00763819095477387
2023-03-29 14:33:02,365 INFO T:216.33Â°K V:5.8841e-01V I:7.6382e-03A R:7.7035e+01ğ›€ E:1.8161e+01V/cm J:3.3428e-01A/cm2 ğ›’:5.4329e+01ğ›€ cm
2023-03-29 14:33:02,387 INFO Measurement at current 0.007688442211055277
2023-03-29 14:33:02,987 INFO T:216.32Â°K V:5.9078e-01V I:7.6884e-03A R:7.6840e+01ğ›€ E:1.8234e+01V/cm J:3.3647e-01A/cm2 ğ›’:5.4191e+01ğ›€ cm
2023-03-29 14:33:03,003 INFO Measurement at current 0.007738693467336684
2023-03-29 14:33:03,598 INFO T:216.32Â°K V:5.9299e-01V I:7.7387e-03A R:7.6626e+01ğ›€ E:1.8302e+01V/cm J:3.3867e-01A/cm2 ğ›’:5.4040e+01ğ›€ cm
2023-03-29 14:33:03,617 INFO Measurement at current 0.007788944723618091
2023-03-29 14:33:04,206 INFO T:216.32Â°K V:5.9529e-01V I:7.7889e-03A R:7.6427e+01ğ›€ E:1.8373e+01V/cm J:3.4087e-01A/cm2 ğ›’:5.3900e+01ğ›€ cm
2023-03-29 14:33:04,222 INFO Measurement at current 0.007839195979899497
2023-03-29 14:33:04,963 INFO T:216.31Â°K V:5.9770e-01V I:7.8392e-03A R:7.6245e+01ğ›€ E:1.8447e+01V/cm J:3.4307e-01A/cm2 ğ›’:5.3771e+01ğ›€ cm
2023-03-29 14:33:04,987 INFO Measurement at current 0.007889447236180906
2023-03-29 14:33:05,610 INFO T:216.31Â°K V:5.9955e-01V I:7.8894e-03A R:7.5993e+01ğ›€ E:1.8505e+01V/cm J:3.4527e-01A/cm2 ğ›’:5.3594e+01ğ›€ cm
2023-03-29 14:33:05,627 INFO Measurement at current 0.007939698492462312
2023-03-29 14:33:06,231 INFO T:216.31Â°K V:6.0216e-01V I:7.9397e-03A R:7.5842e+01ğ›€ E:1.8585e+01V/cm J:3.4747e-01A/cm2 ğ›’:5.3487e+01ğ›€ cm
2023-03-29 14:33:06,277 INFO Measurement at current 0.00798994974874372
2023-03-29 14:33:06,879 INFO T:216.30Â°K V:6.0426e-01V I:7.9899e-03A R:7.5628e+01ğ›€ E:1.8650e+01V/cm J:3.4967e-01A/cm2 ğ›’:5.3336e+01ğ›€ cm
2023-03-29 14:33:06,913 INFO Measurement at current 0.008040201005025126
2023-03-29 14:33:07,519 INFO T:216.30Â°K V:6.0645e-01V I:8.0402e-03A R:7.5427e+01ğ›€ E:1.8718e+01V/cm J:3.5187e-01A/cm2 ğ›’:5.3195e+01ğ›€ cm
2023-03-29 14:33:07,595 INFO Measurement at current 0.008090452261306533
2023-03-29 14:33:08,247 INFO T:216.29Â°K V:6.0838e-01V I:8.0905e-03A R:7.5197e+01ğ›€ E:1.8777e+01V/cm J:3.5407e-01A/cm2 ğ›’:5.3032e+01ğ›€ cm
2023-03-29 14:33:08,289 INFO Measurement at current 0.00814070351758794
2023-03-29 14:33:08,904 INFO T:216.29Â°K V:6.1036e-01V I:8.1407e-03A R:7.4977e+01ğ›€ E:1.8838e+01V/cm J:3.5627e-01A/cm2 ğ›’:5.2877e+01ğ›€ cm
2023-03-29 14:33:09,039 INFO Measurement at current 0.008190954773869347
2023-03-29 14:33:09,688 INFO T:216.28Â°K V:6.1243e-01V I:8.1910e-03A R:7.4768e+01ğ›€ E:1.8902e+01V/cm J:3.5847e-01A/cm2 ğ›’:5.2730e+01ğ›€ cm
2023-03-29 14:33:09,759 INFO Measurement at current 0.008241206030150754
2023-03-29 14:33:10,360 INFO T:216.28Â°K V:6.1434e-01V I:8.2412e-03A R:7.4545e+01ğ›€ E:1.8961e+01V/cm J:3.6067e-01A/cm2 ğ›’:5.2572e+01ğ›€ cm
2023-03-29 14:33:10,414 INFO Measurement at current 0.008291457286432161
2023-03-29 14:33:11,081 INFO T:216.28Â°K V:6.1602e-01V I:8.2915e-03A R:7.4296e+01ğ›€ E:1.9013e+01V/cm J:3.6286e-01A/cm2 ğ›’:5.2397e+01ğ›€ cm
2023-03-29 14:33:11,096 INFO Measurement at current 0.008341708542713568
2023-03-29 14:33:11,681 INFO T:216.27Â°K V:6.1800e-01V I:8.3417e-03A R:7.4085e+01ğ›€ E:1.9074e+01V/cm J:3.6506e-01A/cm2 ğ›’:5.2249e+01ğ›€ cm
2023-03-29 14:33:11,703 INFO Measurement at current 0.008391959798994975
2023-03-29 14:33:12,306 INFO T:216.27Â°K V:6.2004e-01V I:8.3920e-03A R:7.3885e+01ğ›€ E:1.9137e+01V/cm J:3.6726e-01A/cm2 ğ›’:5.2107e+01ğ›€ cm
2023-03-29 14:33:12,329 INFO Measurement at current 0.008442211055276382
2023-03-29 14:33:12,917 INFO T:216.27Â°K V:6.2149e-01V I:8.4422e-03A R:7.3617e+01ğ›€ E:1.9182e+01V/cm J:3.6946e-01A/cm2 ğ›’:5.1918e+01ğ›€ cm
2023-03-29 14:33:12,934 INFO Measurement at current 0.00849246231155779
2023-03-29 14:33:13,535 INFO T:216.26Â°K V:6.2329e-01V I:8.4925e-03A R:7.3393e+01ğ›€ E:1.9237e+01V/cm J:3.7166e-01A/cm2 ğ›’:5.1760e+01ğ›€ cm
2023-03-29 14:33:13,555 INFO Measurement at current 0.008542713567839196
2023-03-29 14:33:14,154 INFO T:216.26Â°K V:6.2502e-01V I:8.5427e-03A R:7.3164e+01ğ›€ E:1.9291e+01V/cm J:3.7386e-01A/cm2 ğ›’:5.1598e+01ğ›€ cm
2023-03-29 14:33:14,171 INFO Measurement at current 0.008592964824120603
2023-03-29 14:33:14,791 INFO T:216.25Â°K V:6.2709e-01V I:8.5930e-03A R:7.2977e+01ğ›€ E:1.9355e+01V/cm J:3.7606e-01A/cm2 ğ›’:5.1467e+01ğ›€ cm
2023-03-29 14:33:14,821 INFO Measurement at current 0.00864321608040201
2023-03-29 14:33:15,410 INFO T:216.25Â°K V:6.2908e-01V I:8.6432e-03A R:7.2783e+01ğ›€ E:1.9416e+01V/cm J:3.7826e-01A/cm2 ğ›’:5.1330e+01ğ›€ cm
2023-03-29 14:33:15,435 INFO Measurement at current 0.008693467336683417
2023-03-29 14:33:16,019 INFO T:216.25Â°K V:6.3096e-01V I:8.6935e-03A R:7.2579e+01ğ›€ E:1.9474e+01V/cm J:3.8046e-01A/cm2 ğ›’:5.1186e+01ğ›€ cm
2023-03-29 14:33:16,036 INFO Measurement at current 0.008743718592964824
2023-03-29 14:33:16,624 INFO T:216.24Â°K V:6.3293e-01V I:8.7437e-03A R:7.2387e+01ğ›€ E:1.9535e+01V/cm J:3.8266e-01A/cm2 ğ›’:5.1051e+01ğ›€ cm
2023-03-29 14:33:16,681 INFO Measurement at current 0.008793969849246231
2023-03-29 14:33:17,288 INFO T:216.24Â°K V:6.3476e-01V I:8.7940e-03A R:7.2181e+01ğ›€ E:1.9591e+01V/cm J:3.8486e-01A/cm2 ğ›’:5.0906e+01ğ›€ cm
2023-03-29 14:33:17,316 INFO Measurement at current 0.008844221105527638
2023-03-29 14:33:17,905 INFO T:216.24Â°K V:6.3652e-01V I:8.8442e-03A R:7.1970e+01ğ›€ E:1.9646e+01V/cm J:3.8706e-01A/cm2 ğ›’:5.0757e+01ğ›€ cm
2023-03-29 14:33:17,928 INFO Measurement at current 0.008894472361809045
2023-03-29 14:33:18,518 INFO T:216.23Â°K V:6.3837e-01V I:8.8945e-03A R:7.1771e+01ğ›€ E:1.9703e+01V/cm J:3.8925e-01A/cm2 ğ›’:5.0616e+01ğ›€ cm
2023-03-29 14:33:18,541 INFO Measurement at current 0.008944723618090452
2023-03-29 14:33:19,142 INFO T:216.23Â°K V:6.4016e-01V I:8.9447e-03A R:7.1568e+01ğ›€ E:1.9758e+01V/cm J:3.9145e-01A/cm2 ğ›’:5.0473e+01ğ›€ cm
2023-03-29 14:33:19,156 INFO Measurement at current 0.008994974874371859
2023-03-29 14:33:19,748 INFO T:216.22Â°K V:6.4183e-01V I:8.9950e-03A R:7.1355e+01ğ›€ E:1.9810e+01V/cm J:3.9365e-01A/cm2 ğ›’:5.0323e+01ğ›€ cm
2023-03-29 14:33:19,772 INFO Measurement at current 0.009045226130653266
2023-03-29 14:33:20,356 INFO T:216.22Â°K V:6.4358e-01V I:9.0452e-03A R:7.1152e+01ğ›€ E:1.9864e+01V/cm J:3.9585e-01A/cm2 ğ›’:5.0180e+01ğ›€ cm
2023-03-29 14:33:20,377 INFO Measurement at current 0.009095477386934673
2023-03-29 14:33:20,979 INFO T:216.22Â°K V:6.4548e-01V I:9.0955e-03A R:7.0967e+01ğ›€ E:1.9922e+01V/cm J:3.9805e-01A/cm2 ğ›’:5.0050e+01ğ›€ cm
2023-03-29 14:33:20,996 INFO Measurement at current 0.00914572864321608
2023-03-29 14:33:21,641 INFO T:216.21Â°K V:6.4729e-01V I:9.1457e-03A R:7.0775e+01ğ›€ E:1.9978e+01V/cm J:4.0025e-01A/cm2 ğ›’:4.9914e+01ğ›€ cm
2023-03-29 14:33:21,679 INFO Measurement at current 0.009195979899497487
2023-03-29 14:33:22,296 INFO T:216.21Â°K V:6.4923e-01V I:9.1960e-03A R:7.0600e+01ğ›€ E:2.0038e+01V/cm J:4.0245e-01A/cm2 ğ›’:4.9790e+01ğ›€ cm
2023-03-29 14:33:22,342 INFO Measurement at current 0.009246231155778894
2023-03-29 14:33:22,980 INFO T:216.21Â°K V:6.5094e-01V I:9.2462e-03A R:7.0401e+01ğ›€ E:2.0091e+01V/cm J:4.0465e-01A/cm2 ğ›’:4.9650e+01ğ›€ cm
2023-03-29 14:33:22,998 INFO Measurement at current 0.009296482412060303
2023-03-29 14:33:23,663 INFO T:216.20Â°K V:6.5228e-01V I:9.2965e-03A R:7.0164e+01ğ›€ E:2.0132e+01V/cm J:4.0685e-01A/cm2 ğ›’:4.9483e+01ğ›€ cm
2023-03-29 14:33:23,743 INFO Measurement at current 0.00934673366834171
2023-03-29 14:33:24,351 INFO T:216.20Â°K V:6.5368e-01V I:9.3467e-03A R:6.9936e+01ğ›€ E:2.0175e+01V/cm J:4.0905e-01A/cm2 ğ›’:4.9322e+01ğ›€ cm
2023-03-29 14:33:24,407 INFO Measurement at current 0.009396984924623117
2023-03-29 14:33:25,017 INFO T:216.19Â°K V:6.5544e-01V I:9.3970e-03A R:6.9750e+01ğ›€ E:2.0230e+01V/cm J:4.1125e-01A/cm2 ğ›’:4.9191e+01ğ›€ cm
2023-03-29 14:33:25,195 INFO Measurement at current 0.009447236180904523
2023-03-29 14:33:25,787 INFO T:216.19Â°K V:6.5722e-01V I:9.4472e-03A R:6.9567e+01ğ›€ E:2.0284e+01V/cm J:4.1345e-01A/cm2 ğ›’:4.9062e+01ğ›€ cm
2023-03-29 14:33:25,809 INFO Measurement at current 0.00949748743718593
2023-03-29 14:33:26,460 INFO T:216.18Â°K V:6.5906e-01V I:9.4975e-03A R:6.9393e+01ğ›€ E:2.0341e+01V/cm J:4.1564e-01A/cm2 ğ›’:4.8939e+01ğ›€ cm
2023-03-29 14:33:26,488 INFO Measurement at current 0.009547738693467337
2023-03-29 14:33:27,120 INFO T:216.18Â°K V:6.6084e-01V I:9.5477e-03A R:6.9214e+01ğ›€ E:2.0396e+01V/cm J:4.1784e-01A/cm2 ğ›’:4.8813e+01ğ›€ cm
2023-03-29 14:33:27,141 INFO Measurement at current 0.009597989949748744
2023-03-29 14:33:27,801 INFO T:216.18Â°K V:6.6258e-01V I:9.5980e-03A R:6.9033e+01ğ›€ E:2.0450e+01V/cm J:4.2004e-01A/cm2 ğ›’:4.8685e+01ğ›€ cm
2023-03-29 14:33:27,848 INFO Measurement at current 0.009648241206030151
2023-03-29 14:33:28,498 INFO T:216.17Â°K V:6.6412e-01V I:9.6482e-03A R:6.8833e+01ğ›€ E:2.0498e+01V/cm J:4.2224e-01A/cm2 ğ›’:4.8545e+01ğ›€ cm
2023-03-29 14:33:28,600 INFO Measurement at current 0.009698492462311558
2023-03-29 14:33:29,262 INFO T:216.17Â°K V:6.6581e-01V I:9.6985e-03A R:6.8650e+01ğ›€ E:2.0550e+01V/cm J:4.2444e-01A/cm2 ğ›’:4.8416e+01ğ›€ cm
2023-03-29 14:33:29,304 INFO Measurement at current 0.009748743718592965
2023-03-29 14:33:29,897 INFO T:216.16Â°K V:6.6775e-01V I:9.7487e-03A R:6.8496e+01ğ›€ E:2.0610e+01V/cm J:4.2664e-01A/cm2 ğ›’:4.8306e+01ğ›€ cm
2023-03-29 14:33:29,928 INFO Measurement at current 0.009798994974874372
2023-03-29 14:33:30,532 INFO T:216.16Â°K V:6.6933e-01V I:9.7990e-03A R:6.8306e+01ğ›€ E:2.0658e+01V/cm J:4.2884e-01A/cm2 ğ›’:4.8172e+01ğ›€ cm
2023-03-29 14:33:30,554 INFO Measurement at current 0.00984924623115578
2023-03-29 14:33:31,162 INFO T:216.16Â°K V:6.7092e-01V I:9.8492e-03A R:6.8119e+01ğ›€ E:2.0707e+01V/cm J:4.3104e-01A/cm2 ğ›’:4.8041e+01ğ›€ cm
2023-03-29 14:33:31,184 INFO Measurement at current 0.009899497487437186
2023-03-29 14:33:31,793 INFO T:216.15Â°K V:6.7266e-01V I:9.8995e-03A R:6.7949e+01ğ›€ E:2.0761e+01V/cm J:4.3324e-01A/cm2 ğ›’:4.7921e+01ğ›€ cm
2023-03-29 14:33:31,809 INFO Measurement at current 0.009949748743718593
2023-03-29 14:33:32,416 INFO T:216.15Â°K V:6.7432e-01V I:9.9497e-03A R:6.7772e+01ğ›€ E:2.0812e+01V/cm J:4.3544e-01A/cm2 ğ›’:4.7796e+01ğ›€ cm
2023-03-29 14:33:32,432 INFO Measurement at current 0.01
2023-03-29 14:33:33,037 INFO T:216.15Â°K V:6.7584e-01V I:1.0000e-02A R:6.7584e+01ğ›€ E:2.0859e+01V/cm J:4.3764e-01A/cm2 ğ›’:4.7663e+01ğ›€ cm
2023-03-29 14:33:41,690 INFO Save the description file
2023-03-29 14:33:41,694 INFO Save data in numpy format Esperimenti/CPRO_MUSA_290323_I_V/CPRO_MUSA_290323_I_V_current_from_0_to_100e-4A/CPRO_MUSA_290323_I_V_current_from_0_to_100e-4A-20230329143339
2023-03-29 14:33:41,711 INFO Save data in CSV format Esperimenti/CPRO_MUSA_290323_I_V/CPRO_MUSA_290323_I_V_current_from_0_to_100e-4A/CPRO_MUSA_290323_I_V_current_from_0_to_100e-4A-20230329143339.csv
2023-03-29 14:33:41,743 INFO Save plot as image Esperimenti/CPRO_MUSA_290323_I_V/CPRO_MUSA_290323_I_V_current_from_0_to_100e-4A/CPRO_MUSA_290323_I_V_current_from_0_to_100e-4A-20230329143339.png
