2023-03-29 17:16:34,555 INFO ### Start experiment: CPRO_MUSA_290323_I_V current from 0 to 100e-4A ###
2023-03-29 17:16:35,902 INFO Found Multimeter KEITHLEY INSTRUMENTS INC.,MODEL 2700,0884890,B03  /A02  

2023-03-29 17:16:36,940 INFO Found Nanovolt Meter KEITHLEY INSTRUMENTS INC.,MODEL 2182A,4056474,C03  /A02  

2023-03-29 17:16:37,066 INFO Found Source Meter KEITHLEY INSTRUMENTS INC.,MODEL 2400,0945684,C24   Feb 14 2002 11:59:45/A02  /K/H

2023-03-29 17:16:37,198 INFO Start the measurement loop
2023-03-29 17:16:47,103 INFO Measurement at current 0.0
2023-03-29 17:16:48,035 INFO T:169.17Â°K V:-1.2097e-04V I:0.0000e+00A R:-infğ›€ E:-3.7336e-03V/cm J:0.0000e+00A/cm2 ğ›’:-infğ›€ cm
2023-03-29 17:16:48,061 INFO Measurement at current 5.0251256281407036e-05
2023-03-29 17:16:49,308 INFO T:169.16Â°K V:1.1389e-01V I:5.0251e-05A R:2.2665e+03ğ›€ E:3.5152e+00V/cm J:2.1992e-03A/cm2 ğ›’:1.5984e+03ğ›€ cm
2023-03-29 17:16:49,332 INFO Measurement at current 0.00010050251256281407
2023-03-29 17:16:49,919 INFO T:169.16Â°K V:2.2621e-01V I:1.0050e-04A R:2.2507e+03ğ›€ E:6.9817e+00V/cm J:4.3984e-03A/cm2 ğ›’:1.5873e+03ğ›€ cm
2023-03-29 17:16:49,937 INFO Measurement at current 0.00015075376884422112
2023-03-29 17:16:50,536 INFO T:169.15Â°K V:3.3925e-01V I:1.5075e-04A R:2.2504e+03ğ›€ E:1.0471e+01V/cm J:6.5975e-03A/cm2 ğ›’:1.5871e+03ğ›€ cm
2023-03-29 17:16:50,553 INFO Measurement at current 0.00020100502512562814
2023-03-29 17:16:51,160 INFO T:169.15Â°K V:4.5099e-01V I:2.0101e-04A R:2.2437e+03ğ›€ E:1.3919e+01V/cm J:8.7967e-03A/cm2 ğ›’:1.5823e+03ğ›€ cm
2023-03-29 17:16:51,178 INFO Measurement at current 0.0002512562814070352
2023-03-29 17:16:51,797 INFO T:169.14Â°K V:5.5710e-01V I:2.5126e-04A R:2.2173e+03ğ›€ E:1.7194e+01V/cm J:1.0996e-02A/cm2 ğ›’:1.5637e+03ğ›€ cm
2023-03-29 17:16:51,817 INFO Measurement at current 0.00030150753768844223
2023-03-29 17:16:52,418 INFO T:169.14Â°K V:6.5429e-01V I:3.0151e-04A R:2.1701e+03ğ›€ E:2.0194e+01V/cm J:1.3195e-02A/cm2 ğ›’:1.5304e+03ğ›€ cm
2023-03-29 17:16:52,437 INFO Measurement at current 0.00035175879396984926
2023-03-29 17:16:53,024 INFO T:169.14Â°K V:7.6129e-01V I:3.5176e-04A R:2.1643e+03ğ›€ E:2.3497e+01V/cm J:1.5394e-02A/cm2 ğ›’:1.5263e+03ğ›€ cm
2023-03-29 17:16:53,040 INFO Measurement at current 0.0004020100502512563
2023-03-29 17:16:53,636 INFO T:169.13Â°K V:8.5699e-01V I:4.0201e-04A R:2.1318e+03ğ›€ E:2.6450e+01V/cm J:1.7593e-02A/cm2 ğ›’:1.5034e+03ğ›€ cm
2023-03-29 17:16:53,653 INFO Measurement at current 0.0004522613065326633
2023-03-29 17:16:54,237 INFO T:169.13Â°K V:9.4335e-01V I:4.5226e-04A R:2.0858e+03ğ›€ E:2.9116e+01V/cm J:1.9793e-02A/cm2 ğ›’:1.4710e+03ğ›€ cm
2023-03-29 17:16:54,259 INFO Measurement at current 0.0005025125628140704
2023-03-29 17:16:54,862 INFO T:169.12Â°K V:1.0314e+00V I:5.0251e-04A R:2.0524e+03ğ›€ E:3.1832e+01V/cm J:2.1992e-02A/cm2 ğ›’:1.4474e+03ğ›€ cm
2023-03-29 17:16:54,896 INFO Measurement at current 0.0005527638190954774
2023-03-29 17:16:55,485 INFO T:169.12Â°K V:1.1126e+00V I:5.5276e-04A R:2.0127e+03ğ›€ E:3.4339e+01V/cm J:2.4191e-02A/cm2 ğ›’:1.4195e+03ğ›€ cm
2023-03-29 17:16:55,502 INFO Measurement at current 0.0006030150753768845
2023-03-29 17:16:56,090 INFO T:169.12Â°K V:1.1889e+00V I:6.0302e-04A R:1.9716e+03ğ›€ E:3.6695e+01V/cm J:2.6390e-02A/cm2 ğ›’:1.3905e+03ğ›€ cm
2023-03-29 17:16:56,113 INFO Measurement at current 0.0006532663316582914
2023-03-29 17:16:57,442 INFO T:169.11Â°K V:1.2653e+00V I:6.5327e-04A R:1.9368e+03ğ›€ E:3.9052e+01V/cm J:2.8589e-02A/cm2 ğ›’:1.3660e+03ğ›€ cm
2023-03-29 17:16:57,462 INFO Measurement at current 0.0007035175879396985
2023-03-29 17:16:58,047 INFO T:169.10Â°K V:1.3425e+00V I:7.0352e-04A R:1.9083e+03ğ›€ E:4.1435e+01V/cm J:3.0789e-02A/cm2 ğ›’:1.3458e+03ğ›€ cm
2023-03-29 17:16:58,064 INFO Measurement at current 0.0007537688442211055
2023-03-29 17:16:58,652 INFO T:169.10Â°K V:1.4160e+00V I:7.5377e-04A R:1.8785e+03ğ›€ E:4.3703e+01V/cm J:3.2988e-02A/cm2 ğ›’:1.3248e+03ğ›€ cm
2023-03-29 17:16:58,668 INFO Measurement at current 0.0008040201005025126
2023-03-29 17:16:59,262 INFO T:169.10Â°K V:1.4843e+00V I:8.0402e-04A R:1.8460e+03ğ›€ E:4.5810e+01V/cm J:3.5187e-02A/cm2 ğ›’:1.3019e+03ğ›€ cm
2023-03-29 17:16:59,293 INFO Measurement at current 0.0008542713567839197
2023-03-29 17:16:59,888 INFO T:169.09Â°K V:1.5582e+00V I:8.5427e-04A R:1.8240e+03ğ›€ E:4.8093e+01V/cm J:3.7386e-02A/cm2 ğ›’:1.2864e+03ğ›€ cm
2023-03-29 17:16:59,911 INFO Measurement at current 0.0009045226130653266
2023-03-29 17:17:00,513 INFO T:169.09Â°K V:1.6243e+00V I:9.0452e-04A R:1.7958e+03ğ›€ E:5.0133e+01V/cm J:3.9585e-02A/cm2 ğ›’:1.2665e+03ğ›€ cm
2023-03-29 17:17:00,537 INFO Measurement at current 0.0009547738693467337
2023-03-29 17:17:01,135 INFO T:169.08Â°K V:1.6877e+00V I:9.5477e-04A R:1.7677e+03ğ›€ E:5.2090e+01V/cm J:4.1784e-02A/cm2 ğ›’:1.2466e+03ğ›€ cm
2023-03-29 17:17:01,154 INFO Measurement at current 0.0010050251256281408
2023-03-29 17:17:01,746 INFO T:169.08Â°K V:1.7474e+00V I:1.0050e-03A R:1.7387e+03ğ›€ E:5.3932e+01V/cm J:4.3984e-02A/cm2 ğ›’:1.2262e+03ğ›€ cm
2023-03-29 17:17:01,774 INFO Measurement at current 0.0010552763819095478
2023-03-29 17:17:02,370 INFO T:169.07Â°K V:1.7997e+00V I:1.0553e-03A R:1.7054e+03ğ›€ E:5.5546e+01V/cm J:4.6183e-02A/cm2 ğ›’:1.2027e+03ğ›€ cm
2023-03-29 17:17:02,393 INFO Measurement at current 0.0011055276381909548
2023-03-29 17:17:02,983 INFO T:169.07Â°K V:1.8589e+00V I:1.1055e-03A R:1.6814e+03ğ›€ E:5.7373e+01V/cm J:4.8382e-02A/cm2 ğ›’:1.1858e+03ğ›€ cm
2023-03-29 17:17:03,008 INFO Measurement at current 0.0011557788944723617
2023-03-29 17:17:03,608 INFO T:169.07Â°K V:1.9171e+00V I:1.1558e-03A R:1.6587e+03ğ›€ E:5.9171e+01V/cm J:5.0581e-02A/cm2 ğ›’:1.1698e+03ğ›€ cm
2023-03-29 17:17:03,624 INFO Measurement at current 0.001206030150753769
2023-03-29 17:17:04,221 INFO T:169.06Â°K V:1.9708e+00V I:1.2060e-03A R:1.6342e+03ğ›€ E:6.0828e+01V/cm J:5.2780e-02A/cm2 ğ›’:1.1525e+03ğ›€ cm
2023-03-29 17:17:04,242 INFO Measurement at current 0.001256281407035176
2023-03-29 17:17:04,826 INFO T:169.06Â°K V:2.0280e+00V I:1.2563e-03A R:1.6143e+03ğ›€ E:6.2593e+01V/cm J:5.4979e-02A/cm2 ğ›’:1.1385e+03ğ›€ cm
2023-03-29 17:17:04,843 INFO Measurement at current 0.0013065326633165829
2023-03-29 17:17:05,438 INFO T:169.05Â°K V:2.0840e+00V I:1.3065e-03A R:1.5951e+03ğ›€ E:6.4322e+01V/cm J:5.7179e-02A/cm2 ğ›’:1.1249e+03ğ›€ cm
2023-03-29 17:17:05,464 INFO Measurement at current 0.00135678391959799
2023-03-29 17:17:06,062 INFO T:169.05Â°K V:2.1354e+00V I:1.3568e-03A R:1.5739e+03ğ›€ E:6.5907e+01V/cm J:5.9378e-02A/cm2 ğ›’:1.1100e+03ğ›€ cm
2023-03-29 17:17:06,084 INFO Measurement at current 0.001407035175879397
2023-03-29 17:17:06,696 INFO T:169.05Â°K V:2.1844e+00V I:1.4070e-03A R:1.5525e+03ğ›€ E:6.7419e+01V/cm J:6.1577e-02A/cm2 ğ›’:1.0949e+03ğ›€ cm
2023-03-29 17:17:06,719 INFO Measurement at current 0.001457286432160804
2023-03-29 17:17:07,308 INFO T:169.04Â°K V:2.2315e+00V I:1.4573e-03A R:1.5313e+03ğ›€ E:6.8874e+01V/cm J:6.3776e-02A/cm2 ğ›’:1.0799e+03ğ›€ cm
2023-03-29 17:17:07,325 INFO Measurement at current 0.001507537688442211
2023-03-29 17:17:07,915 INFO T:169.04Â°K V:2.2757e+00V I:1.5075e-03A R:1.5095e+03ğ›€ E:7.0237e+01V/cm J:6.5975e-02A/cm2 ğ›’:1.0646e+03ğ›€ cm
2023-03-29 17:17:07,938 INFO Measurement at current 0.0015577889447236182
2023-03-29 17:17:08,527 INFO T:169.03Â°K V:2.3242e+00V I:1.5578e-03A R:1.4920e+03ğ›€ E:7.1734e+01V/cm J:6.8175e-02A/cm2 ğ›’:1.0522e+03ğ›€ cm
2023-03-29 17:17:08,550 INFO Measurement at current 0.0016080402010050252
2023-03-29 17:17:09,152 INFO T:169.03Â°K V:2.3690e+00V I:1.6080e-03A R:1.4732e+03ğ›€ E:7.3118e+01V/cm J:7.0374e-02A/cm2 ğ›’:1.0390e+03ğ›€ cm
2023-03-29 17:17:09,177 INFO Measurement at current 0.0016582914572864321
2023-03-29 17:17:09,776 INFO T:169.03Â°K V:2.4152e+00V I:1.6583e-03A R:1.4564e+03ğ›€ E:7.4542e+01V/cm J:7.2573e-02A/cm2 ğ›’:1.0271e+03ğ›€ cm
2023-03-29 17:17:09,798 INFO Measurement at current 0.0017085427135678393
2023-03-29 17:17:10,386 INFO T:169.02Â°K V:2.4623e+00V I:1.7085e-03A R:1.4411e+03ğ›€ E:7.5996e+01V/cm J:7.4772e-02A/cm2 ğ›’:1.0164e+03ğ›€ cm
2023-03-29 17:17:10,409 INFO Measurement at current 0.0017587939698492463
2023-03-29 17:17:11,018 INFO T:169.02Â°K V:2.5121e+00V I:1.7588e-03A R:1.4283e+03ğ›€ E:7.7534e+01V/cm J:7.6971e-02A/cm2 ğ›’:1.0073e+03ğ›€ cm
2023-03-29 17:17:11,038 INFO Measurement at current 0.0018090452261306533
2023-03-29 17:17:11,634 INFO T:169.01Â°K V:2.5561e+00V I:1.8090e-03A R:1.4129e+03ğ›€ E:7.8891e+01V/cm J:7.9170e-02A/cm2 ğ›’:9.9647e+02ğ›€ cm
2023-03-29 17:17:11,650 INFO Measurement at current 0.0018592964824120603
2023-03-29 17:17:12,251 INFO T:169.01Â°K V:2.5953e+00V I:1.8593e-03A R:1.3958e+03ğ›€ E:8.0101e+01V/cm J:8.1370e-02A/cm2 ğ›’:9.8441e+02ğ›€ cm
2023-03-29 17:17:12,272 INFO Measurement at current 0.0019095477386934674
2023-03-29 17:17:12,866 INFO T:169.00Â°K V:2.6283e+00V I:1.9095e-03A R:1.3764e+03ğ›€ E:8.1121e+01V/cm J:8.3569e-02A/cm2 ğ›’:9.7071e+02ğ›€ cm
2023-03-29 17:17:12,894 INFO Measurement at current 0.001959798994974874
2023-03-29 17:17:13,478 INFO T:169.00Â°K V:2.6652e+00V I:1.9598e-03A R:1.3600e+03ğ›€ E:8.2260e+01V/cm J:8.5768e-02A/cm2 ğ›’:9.5910e+02ğ›€ cm
2023-03-29 17:17:13,495 INFO Measurement at current 0.0020100502512562816
2023-03-29 17:17:14,085 INFO T:169.00Â°K V:2.6987e+00V I:2.0101e-03A R:1.3426e+03ğ›€ E:8.3295e+01V/cm J:8.7967e-02A/cm2 ğ›’:9.4688e+02ğ›€ cm
2023-03-29 17:17:14,108 INFO Measurement at current 0.0020603015075376886
2023-03-29 17:17:14,721 INFO T:168.99Â°K V:2.7285e+00V I:2.0603e-03A R:1.3243e+03ğ›€ E:8.4212e+01V/cm J:9.0166e-02A/cm2 ğ›’:9.3396e+02ğ›€ cm
2023-03-29 17:17:14,743 INFO Measurement at current 0.0021105527638190956
2023-03-29 17:17:15,339 INFO T:168.99Â°K V:2.7600e+00V I:2.1106e-03A R:1.3077e+03ğ›€ E:8.5184e+01V/cm J:9.2366e-02A/cm2 ğ›’:9.2225e+02ğ›€ cm
2023-03-29 17:17:15,363 INFO Measurement at current 0.0021608040201005025
2023-03-29 17:17:15,966 INFO T:168.98Â°K V:2.7852e+00V I:2.1608e-03A R:1.2890e+03ğ›€ E:8.5964e+01V/cm J:9.4565e-02A/cm2 ğ›’:9.0905e+02ğ›€ cm
2023-03-29 17:17:15,989 INFO Measurement at current 0.0022110552763819095
2023-03-29 17:17:16,575 INFO T:168.98Â°K V:2.7965e+00V I:2.2111e-03A R:1.2648e+03ğ›€ E:8.6312e+01V/cm J:9.6764e-02A/cm2 ğ›’:8.9199e+02ğ›€ cm
2023-03-29 17:17:16,592 INFO Measurement at current 0.0022613065326633165
2023-03-29 17:17:17,180 INFO T:168.98Â°K V:2.8145e+00V I:2.2613e-03A R:1.2447e+03ğ›€ E:8.6868e+01V/cm J:9.8963e-02A/cm2 ğ›’:8.7779e+02ğ›€ cm
2023-03-29 17:17:17,203 INFO Measurement at current 0.0023115577889447235
2023-03-29 17:17:17,799 INFO T:168.97Â°K V:2.8403e+00V I:2.3116e-03A R:1.2288e+03ğ›€ E:8.7665e+01V/cm J:1.0116e-01A/cm2 ğ›’:8.6657e+02ğ›€ cm
2023-03-29 17:17:17,823 INFO Measurement at current 0.002361809045226131
2023-03-29 17:17:18,436 INFO T:168.97Â°K V:2.8655e+00V I:2.3618e-03A R:1.2132e+03ğ›€ E:8.8440e+01V/cm J:1.0336e-01A/cm2 ğ›’:8.5564e+02ğ›€ cm
2023-03-29 17:17:18,455 INFO Measurement at current 0.002412060301507538
2023-03-29 17:17:19,046 INFO T:168.96Â°K V:2.8900e+00V I:2.4121e-03A R:1.1982e+03ğ›€ E:8.9199e+01V/cm J:1.0556e-01A/cm2 ğ›’:8.4500e+02ğ›€ cm
2023-03-29 17:17:19,061 INFO Measurement at current 0.002462311557788945
2023-03-29 17:17:19,646 INFO T:168.96Â°K V:2.9143e+00V I:2.4623e-03A R:1.1836e+03ğ›€ E:8.9948e+01V/cm J:1.0776e-01A/cm2 ğ›’:8.3471e+02ğ›€ cm
2023-03-29 17:17:19,676 INFO Measurement at current 0.002512562814070352
2023-03-29 17:17:20,265 INFO T:168.96Â°K V:2.9370e+00V I:2.5126e-03A R:1.1689e+03ğ›€ E:9.0648e+01V/cm J:1.0996e-01A/cm2 ğ›’:8.2438e+02ğ›€ cm
2023-03-29 17:17:20,285 INFO Measurement at current 0.0025628140703517588
2023-03-29 17:17:20,873 INFO T:168.95Â°K V:2.9624e+00V I:2.5628e-03A R:1.1559e+03ğ›€ E:9.1433e+01V/cm J:1.1216e-01A/cm2 ğ›’:8.1521e+02ğ›€ cm
2023-03-29 17:17:20,892 INFO Measurement at current 0.0026130653266331657
2023-03-29 17:17:21,483 INFO T:168.95Â°K V:2.9802e+00V I:2.6131e-03A R:1.1405e+03ğ›€ E:9.1981e+01V/cm J:1.1436e-01A/cm2 ğ›’:8.0433e+02ğ›€ cm
2023-03-29 17:17:21,513 INFO Measurement at current 0.0026633165829145727
2023-03-29 17:17:22,129 INFO T:168.94Â°K V:3.0132e+00V I:2.6633e-03A R:1.1314e+03ğ›€ E:9.3002e+01V/cm J:1.1656e-01A/cm2 ğ›’:7.9791e+02ğ›€ cm
2023-03-29 17:17:22,150 INFO Measurement at current 0.00271356783919598
2023-03-29 17:17:22,741 INFO T:168.94Â°K V:3.0411e+00V I:2.7136e-03A R:1.1207e+03ğ›€ E:9.3860e+01V/cm J:1.1876e-01A/cm2 ğ›’:7.9037e+02ğ›€ cm
2023-03-29 17:17:22,763 INFO Measurement at current 0.002763819095477387
2023-03-29 17:17:23,347 INFO T:168.94Â°K V:3.0715e+00V I:2.7638e-03A R:1.1113e+03ğ›€ E:9.4799e+01V/cm J:1.2095e-01A/cm2 ğ›’:7.8375e+02ğ›€ cm
2023-03-29 17:17:23,368 INFO Measurement at current 0.002814070351758794
2023-03-29 17:17:23,964 INFO T:168.93Â°K V:3.0940e+00V I:2.8141e-03A R:1.0995e+03ğ›€ E:9.5495e+01V/cm J:1.2315e-01A/cm2 ğ›’:7.7541e+02ğ›€ cm
2023-03-29 17:17:23,986 INFO Measurement at current 0.002864321608040201
2023-03-29 17:17:24,584 INFO T:168.93Â°K V:3.1200e+00V I:2.8643e-03A R:1.0893e+03ğ›€ E:9.6297e+01V/cm J:1.2535e-01A/cm2 ğ›’:7.6821e+02ğ›€ cm
2023-03-29 17:17:24,624 INFO Measurement at current 0.002914572864321608
2023-03-29 17:17:25,225 INFO T:168.92Â°K V:3.1307e+00V I:2.9146e-03A R:1.0742e+03ğ›€ E:9.6627e+01V/cm J:1.2755e-01A/cm2 ğ›’:7.5754e+02ğ›€ cm
2023-03-29 17:17:25,251 INFO Measurement at current 0.002964824120603015
2023-03-29 17:17:25,853 INFO T:168.92Â°K V:3.1385e+00V I:2.9648e-03A R:1.0586e+03ğ›€ E:9.6866e+01V/cm J:1.2975e-01A/cm2 ğ›’:7.4655e+02ğ›€ cm
2023-03-29 17:17:25,870 INFO Measurement at current 0.003015075376884422
2023-03-29 17:17:26,471 INFO T:168.92Â°K V:3.1508e+00V I:3.0151e-03A R:1.0450e+03ğ›€ E:9.7246e+01V/cm J:1.3195e-01A/cm2 ğ›’:7.3699e+02ğ›€ cm
2023-03-29 17:17:26,506 INFO Measurement at current 0.0030653266331658294
2023-03-29 17:17:27,088 INFO T:168.91Â°K V:3.1607e+00V I:3.0653e-03A R:1.0311e+03ğ›€ E:9.7553e+01V/cm J:1.3415e-01A/cm2 ğ›’:7.2720e+02ğ›€ cm
2023-03-29 17:17:27,105 INFO Measurement at current 0.0031155778894472364
2023-03-29 17:17:27,700 INFO T:168.91Â°K V:3.1768e+00V I:3.1156e-03A R:1.0197e+03ğ›€ E:9.8050e+01V/cm J:1.3635e-01A/cm2 ğ›’:7.1911e+02ğ›€ cm
2023-03-29 17:17:27,730 INFO Measurement at current 0.0031658291457286433
2023-03-29 17:17:28,330 INFO T:168.91Â°K V:3.1853e+00V I:3.1658e-03A R:1.0061e+03ğ›€ E:9.8311e+01V/cm J:1.3855e-01A/cm2 ğ›’:7.0958e+02ğ›€ cm
2023-03-29 17:17:28,348 INFO Measurement at current 0.0032160804020100503
2023-03-29 17:17:28,941 INFO T:168.90Â°K V:3.1998e+00V I:3.2161e-03A R:9.9495e+02ğ›€ E:9.8760e+01V/cm J:1.4075e-01A/cm2 ğ›’:7.0169e+02ğ›€ cm
2023-03-29 17:17:28,961 INFO Measurement at current 0.0032663316582914573
2023-03-29 17:17:29,565 INFO T:168.90Â°K V:3.2137e+00V I:3.2663e-03A R:9.8389e+02ğ›€ E:9.9189e+01V/cm J:1.4295e-01A/cm2 ğ›’:6.9389e+02ğ›€ cm
2023-03-29 17:17:29,593 INFO Measurement at current 0.0033165829145728643
2023-03-29 17:17:30,206 INFO T:168.89Â°K V:3.2226e+00V I:3.3166e-03A R:9.7166e+02ğ›€ E:9.9463e+01V/cm J:1.4515e-01A/cm2 ğ›’:6.8526e+02ğ›€ cm
2023-03-29 17:17:30,227 INFO Measurement at current 0.0033668341708542712
2023-03-29 17:17:30,829 INFO T:168.89Â°K V:3.2224e+00V I:3.3668e-03A R:9.5711e+02ğ›€ E:9.9458e+01V/cm J:1.4735e-01A/cm2 ğ›’:6.7500e+02ğ›€ cm
2023-03-29 17:17:30,862 INFO Measurement at current 0.0034170854271356787
2023-03-29 17:17:31,461 INFO T:168.89Â°K V:3.2593e+00V I:3.4171e-03A R:9.5381e+02ğ›€ E:1.0059e+02V/cm J:1.4954e-01A/cm2 ğ›’:6.7267e+02ğ›€ cm
2023-03-29 17:17:31,483 INFO Measurement at current 0.0034673366834170856
2023-03-29 17:17:32,079 INFO T:168.88Â°K V:3.2497e+00V I:3.4673e-03A R:9.3724e+02ğ›€ E:1.0030e+02V/cm J:1.5174e-01A/cm2 ğ›’:6.6098e+02ğ›€ cm
2023-03-29 17:17:32,098 INFO Measurement at current 0.0035175879396984926
2023-03-29 17:17:32,694 INFO T:168.88Â°K V:3.2594e+00V I:3.5176e-03A R:9.2661e+02ğ›€ E:1.0060e+02V/cm J:1.5394e-01A/cm2 ğ›’:6.5349e+02ğ›€ cm
2023-03-29 17:17:32,726 INFO Measurement at current 0.0035678391959798996
2023-03-29 17:17:33,319 INFO T:168.87Â°K V:3.2721e+00V I:3.5678e-03A R:9.1711e+02ğ›€ E:1.0099e+02V/cm J:1.5614e-01A/cm2 ğ›’:6.4679e+02ğ›€ cm
2023-03-29 17:17:33,333 INFO Measurement at current 0.0036180904522613066
2023-03-29 17:17:33,926 INFO T:168.87Â°K V:3.3108e+00V I:3.6181e-03A R:9.1506e+02ğ›€ E:1.0218e+02V/cm J:1.5834e-01A/cm2 ğ›’:6.4534e+02ğ›€ cm
2023-03-29 17:17:33,959 INFO Measurement at current 0.0036683417085427135
2023-03-29 17:17:34,556 INFO T:168.87Â°K V:3.3952e+00V I:3.6683e-03A R:9.2555e+02ğ›€ E:1.0479e+02V/cm J:1.6054e-01A/cm2 ğ›’:6.5274e+02ğ›€ cm
2023-03-29 17:17:34,583 INFO Measurement at current 0.0037185929648241205
2023-03-29 17:17:35,180 INFO T:168.86Â°K V:3.3892e+00V I:3.7186e-03A R:9.1142e+02ğ›€ E:1.0460e+02V/cm J:1.6274e-01A/cm2 ğ›’:6.4278e+02ğ›€ cm
2023-03-29 17:17:35,199 INFO Measurement at current 0.003768844221105528
2023-03-29 17:17:35,804 INFO T:168.86Â°K V:3.3987e+00V I:3.7688e-03A R:9.0178e+02ğ›€ E:1.0490e+02V/cm J:1.6494e-01A/cm2 ğ›’:6.3598e+02ğ›€ cm
2023-03-29 17:17:35,828 INFO Measurement at current 0.003819095477386935
2023-03-29 17:17:36,417 INFO T:168.85Â°K V:3.4006e+00V I:3.8191e-03A R:8.9043e+02ğ›€ E:1.0496e+02V/cm J:1.6714e-01A/cm2 ğ›’:6.2797e+02ğ›€ cm
2023-03-29 17:17:36,438 INFO Measurement at current 0.003869346733668342
2023-03-29 17:17:37,033 INFO T:168.85Â°K V:3.4144e+00V I:3.8693e-03A R:8.8243e+02ğ›€ E:1.0538e+02V/cm J:1.6934e-01A/cm2 ğ›’:6.2233e+02ğ›€ cm
2023-03-29 17:17:37,054 INFO Measurement at current 0.003919597989949748
2023-03-29 17:17:37,659 INFO T:168.85Â°K V:3.4316e+00V I:3.9196e-03A R:8.7549e+02ğ›€ E:1.0591e+02V/cm J:1.7154e-01A/cm2 ğ›’:6.1744e+02ğ›€ cm
2023-03-29 17:17:37,675 INFO Measurement at current 0.003969849246231156
2023-03-29 17:17:38,262 INFO T:168.84Â°K V:3.4486e+00V I:3.9698e-03A R:8.6869e+02ğ›€ E:1.0644e+02V/cm J:1.7374e-01A/cm2 ğ›’:6.1264e+02ğ›€ cm
2023-03-29 17:17:38,282 INFO Measurement at current 0.004020100502512563
2023-03-29 17:17:38,884 INFO T:168.84Â°K V:3.4392e+00V I:4.0201e-03A R:8.5551e+02ğ›€ E:1.0615e+02V/cm J:1.7593e-01A/cm2 ğ›’:6.0334e+02ğ›€ cm
2023-03-29 17:17:38,916 INFO Measurement at current 0.00407035175879397
2023-03-29 17:17:39,515 INFO T:168.83Â°K V:3.4434e+00V I:4.0704e-03A R:8.4597e+02ğ›€ E:1.0628e+02V/cm J:1.7813e-01A/cm2 ğ›’:5.9662e+02ğ›€ cm
2023-03-29 17:17:39,541 INFO Measurement at current 0.004120603015075377
2023-03-29 17:17:40,130 INFO T:168.83Â°K V:3.4567e+00V I:4.1206e-03A R:8.3887e+02ğ›€ E:1.0669e+02V/cm J:1.8033e-01A/cm2 ğ›’:5.9161e+02ğ›€ cm
2023-03-29 17:17:40,145 INFO Measurement at current 0.004170854271356784
2023-03-29 17:17:40,730 INFO T:168.83Â°K V:3.4602e+00V I:4.1709e-03A R:8.2961e+02ğ›€ E:1.0680e+02V/cm J:1.8253e-01A/cm2 ğ›’:5.8508e+02ğ›€ cm
2023-03-29 17:17:40,749 INFO Measurement at current 0.004221105527638191
2023-03-29 17:17:41,353 INFO T:168.82Â°K V:3.4565e+00V I:4.2211e-03A R:8.1885e+02ğ›€ E:1.0668e+02V/cm J:1.8473e-01A/cm2 ğ›’:5.7749e+02ğ›€ cm
2023-03-29 17:17:41,377 INFO Measurement at current 0.004271356783919598
2023-03-29 17:17:41,982 INFO T:168.82Â°K V:3.4644e+00V I:4.2714e-03A R:8.1107e+02ğ›€ E:1.0693e+02V/cm J:1.8693e-01A/cm2 ğ›’:5.7200e+02ğ›€ cm
2023-03-29 17:17:42,003 INFO Measurement at current 0.004321608040201005
2023-03-29 17:17:42,586 INFO T:168.81Â°K V:3.4763e+00V I:4.3216e-03A R:8.0441e+02ğ›€ E:1.0729e+02V/cm J:1.8913e-01A/cm2 ğ›’:5.6730e+02ğ›€ cm
2023-03-29 17:17:42,609 INFO Measurement at current 0.004371859296482412
2023-03-29 17:17:43,202 INFO T:168.81Â°K V:3.4901e+00V I:4.3719e-03A R:7.9831e+02ğ›€ E:1.0772e+02V/cm J:1.9133e-01A/cm2 ğ›’:5.6300e+02ğ›€ cm
2023-03-29 17:17:43,219 INFO Measurement at current 0.004422110552763819
2023-03-29 17:17:43,808 INFO T:168.81Â°K V:3.4846e+00V I:4.4221e-03A R:7.8798e+02ğ›€ E:1.0755e+02V/cm J:1.9353e-01A/cm2 ğ›’:5.5572e+02ğ›€ cm
2023-03-29 17:17:43,826 INFO Measurement at current 0.004472361809045226
2023-03-29 17:17:44,407 INFO T:168.80Â°K V:3.5026e+00V I:4.4724e-03A R:7.8317e+02ğ›€ E:1.0811e+02V/cm J:1.9573e-01A/cm2 ğ›’:5.5233e+02ğ›€ cm
2023-03-29 17:17:44,422 INFO Measurement at current 0.004522613065326633
2023-03-29 17:17:45,007 INFO T:168.80Â°K V:3.5151e+00V I:4.5226e-03A R:7.7723e+02ğ›€ E:1.0849e+02V/cm J:1.9793e-01A/cm2 ğ›’:5.4814e+02ğ›€ cm
2023-03-29 17:17:45,028 INFO Measurement at current 0.00457286432160804
2023-03-29 17:17:45,618 INFO T:168.80Â°K V:3.4909e+00V I:4.5729e-03A R:7.6340e+02ğ›€ E:1.0774e+02V/cm J:2.0013e-01A/cm2 ğ›’:5.3839e+02ğ›€ cm
2023-03-29 17:17:45,640 INFO Measurement at current 0.004623115577889447
2023-03-29 17:17:46,231 INFO T:168.79Â°K V:3.4780e+00V I:4.6231e-03A R:7.5231e+02ğ›€ E:1.0735e+02V/cm J:2.0232e-01A/cm2 ğ›’:5.3057e+02ğ›€ cm
2023-03-29 17:17:46,261 INFO Measurement at current 0.004673366834170855
2023-03-29 17:17:46,849 INFO T:168.79Â°K V:3.4557e+00V I:4.6734e-03A R:7.3944e+02ğ›€ E:1.0666e+02V/cm J:2.0452e-01A/cm2 ğ›’:5.2149e+02ğ›€ cm
2023-03-29 17:17:46,873 INFO Measurement at current 0.004723618090452262
2023-03-29 17:17:47,464 INFO T:168.78Â°K V:3.4574e+00V I:4.7236e-03A R:7.3194e+02ğ›€ E:1.0671e+02V/cm J:2.0672e-01A/cm2 ğ›’:5.1620e+02ğ›€ cm
2023-03-29 17:17:47,497 INFO Measurement at current 0.004773869346733669
2023-03-29 17:17:48,092 INFO T:168.78Â°K V:3.4618e+00V I:4.7739e-03A R:7.2516e+02ğ›€ E:1.0685e+02V/cm J:2.0892e-01A/cm2 ğ›’:5.1142e+02ğ›€ cm
2023-03-29 17:17:48,111 INFO Measurement at current 0.004824120603015076
2023-03-29 17:17:48,708 INFO T:168.78Â°K V:3.4590e+00V I:4.8241e-03A R:7.1701e+02ğ›€ E:1.0676e+02V/cm J:2.1112e-01A/cm2 ğ›’:5.0567e+02ğ›€ cm
2023-03-29 17:17:48,730 INFO Measurement at current 0.004874371859296483
2023-03-29 17:17:49,322 INFO T:168.77Â°K V:3.4779e+00V I:4.8744e-03A R:7.1350e+02ğ›€ E:1.0734e+02V/cm J:2.1332e-01A/cm2 ğ›’:5.0319e+02ğ›€ cm
2023-03-29 17:17:49,339 INFO Measurement at current 0.00492462311557789
2023-03-29 17:17:49,936 INFO T:168.77Â°K V:3.4403e+00V I:4.9246e-03A R:6.9860e+02ğ›€ E:1.0618e+02V/cm J:2.1552e-01A/cm2 ğ›’:4.9268e+02ğ›€ cm
2023-03-29 17:17:49,957 INFO Measurement at current 0.004974874371859297
2023-03-29 17:17:50,545 INFO T:168.77Â°K V:3.4529e+00V I:4.9749e-03A R:6.9407e+02ğ›€ E:1.0657e+02V/cm J:2.1772e-01A/cm2 ğ›’:4.8949e+02ğ›€ cm
2023-03-29 17:17:50,563 INFO Measurement at current 0.005025125628140704
2023-03-29 17:17:51,154 INFO T:168.76Â°K V:3.4536e+00V I:5.0251e-03A R:6.8726e+02ğ›€ E:1.0659e+02V/cm J:2.1992e-01A/cm2 ğ›’:4.8469e+02ğ›€ cm
2023-03-29 17:17:51,168 INFO Measurement at current 0.005075376884422111
2023-03-29 17:17:51,761 INFO T:168.76Â°K V:3.4549e+00V I:5.0754e-03A R:6.8072e+02ğ›€ E:1.0663e+02V/cm J:2.2212e-01A/cm2 ğ›’:4.8007e+02ğ›€ cm
2023-03-29 17:17:51,791 INFO Measurement at current 0.0051256281407035175
2023-03-29 17:17:52,389 INFO T:168.75Â°K V:3.4534e+00V I:5.1256e-03A R:6.7376e+02ğ›€ E:1.0659e+02V/cm J:2.2432e-01A/cm2 ğ›’:4.7517e+02ğ›€ cm
2023-03-29 17:17:52,406 INFO Measurement at current 0.0051758793969849245
2023-03-29 17:17:53,007 INFO T:168.75Â°K V:3.4617e+00V I:5.1759e-03A R:6.6881e+02ğ›€ E:1.0684e+02V/cm J:2.2652e-01A/cm2 ğ›’:4.7168e+02ğ›€ cm
2023-03-29 17:17:53,026 INFO Measurement at current 0.0052261306532663315
2023-03-29 17:17:53,636 INFO T:168.75Â°K V:3.4493e+00V I:5.2261e-03A R:6.6002e+02ğ›€ E:1.0646e+02V/cm J:2.2871e-01A/cm2 ğ›’:4.6547e+02ğ›€ cm
2023-03-29 17:17:53,659 INFO Measurement at current 0.0052763819095477385
2023-03-29 17:17:54,252 INFO T:168.74Â°K V:3.4518e+00V I:5.2764e-03A R:6.5420e+02ğ›€ E:1.0654e+02V/cm J:2.3091e-01A/cm2 ğ›’:4.6137e+02ğ›€ cm
2023-03-29 17:17:54,274 INFO Measurement at current 0.0053266331658291454
2023-03-29 17:17:54,875 INFO T:168.74Â°K V:3.4658e+00V I:5.3266e-03A R:6.5066e+02ğ›€ E:1.0697e+02V/cm J:2.3311e-01A/cm2 ğ›’:4.5888e+02ğ›€ cm
2023-03-29 17:17:54,902 INFO Measurement at current 0.005376884422110553
2023-03-29 17:17:55,508 INFO T:168.73Â°K V:3.4777e+00V I:5.3769e-03A R:6.4679e+02ğ›€ E:1.0734e+02V/cm J:2.3531e-01A/cm2 ğ›’:4.5614e+02ğ›€ cm
2023-03-29 17:17:55,526 INFO Measurement at current 0.00542713567839196
2023-03-29 17:17:56,123 INFO T:168.73Â°K V:3.4977e+00V I:5.4271e-03A R:6.4448e+02ğ›€ E:1.0795e+02V/cm J:2.3751e-01A/cm2 ğ›’:4.5452e+02ğ›€ cm
2023-03-29 17:17:56,141 INFO Measurement at current 0.005477386934673367
2023-03-29 17:17:56,730 INFO T:168.73Â°K V:3.4864e+00V I:5.4774e-03A R:6.3650e+02ğ›€ E:1.0760e+02V/cm J:2.3971e-01A/cm2 ğ›’:4.4889e+02ğ›€ cm
2023-03-29 17:17:56,751 INFO Measurement at current 0.005527638190954774
2023-03-29 17:17:57,337 INFO T:168.72Â°K V:3.4995e+00V I:5.5276e-03A R:6.3309e+02ğ›€ E:1.0801e+02V/cm J:2.4191e-01A/cm2 ğ›’:4.4648e+02ğ›€ cm
2023-03-29 17:17:57,359 INFO Measurement at current 0.005577889447236181
2023-03-29 17:17:57,955 INFO T:168.72Â°K V:3.4969e+00V I:5.5779e-03A R:6.2692e+02ğ›€ E:1.0793e+02V/cm J:2.4411e-01A/cm2 ğ›’:4.4214e+02ğ›€ cm
2023-03-29 17:17:57,980 INFO Measurement at current 0.005628140703517588
2023-03-29 17:17:58,577 INFO T:168.72Â°K V:3.5123e+00V I:5.6281e-03A R:6.2406e+02ğ›€ E:1.0840e+02V/cm J:2.4631e-01A/cm2 ğ›’:4.4011e+02ğ›€ cm
2023-03-29 17:17:58,607 INFO Measurement at current 0.005678391959798995
2023-03-29 17:17:59,198 INFO T:168.71Â°K V:3.5304e+00V I:5.6784e-03A R:6.2172e+02ğ›€ E:1.0896e+02V/cm J:2.4851e-01A/cm2 ğ›’:4.3847e+02ğ›€ cm
2023-03-29 17:17:59,218 INFO Measurement at current 0.005728643216080402
2023-03-29 17:17:59,828 INFO T:168.71Â°K V:3.5399e+00V I:5.7286e-03A R:6.1792e+02ğ›€ E:1.0925e+02V/cm J:2.5071e-01A/cm2 ğ›’:4.3579e+02ğ›€ cm
2023-03-29 17:17:59,848 INFO Measurement at current 0.005778894472361809
2023-03-29 17:18:00,439 INFO T:168.70Â°K V:3.6044e+00V I:5.7789e-03A R:6.2372e+02ğ›€ E:1.1125e+02V/cm J:2.5291e-01A/cm2 ğ›’:4.3988e+02ğ›€ cm
2023-03-29 17:18:00,459 INFO Measurement at current 0.005829145728643216
2023-03-29 17:18:01,045 INFO T:168.70Â°K V:3.6115e+00V I:5.8291e-03A R:6.1955e+02ğ›€ E:1.1146e+02V/cm J:2.5510e-01A/cm2 ğ›’:4.3694e+02ğ›€ cm
2023-03-29 17:18:01,066 INFO Measurement at current 0.005879396984924623
2023-03-29 17:18:01,663 INFO T:168.70Â°K V:3.6443e+00V I:5.8794e-03A R:6.1985e+02ğ›€ E:1.1248e+02V/cm J:2.5730e-01A/cm2 ğ›’:4.3715e+02ğ›€ cm
2023-03-29 17:18:01,680 INFO Measurement at current 0.00592964824120603
2023-03-29 17:18:02,269 INFO T:168.69Â°K V:3.6644e+00V I:5.9296e-03A R:6.1798e+02ğ›€ E:1.1310e+02V/cm J:2.5950e-01A/cm2 ğ›’:4.3583e+02ğ›€ cm
2023-03-29 17:18:02,294 INFO Measurement at current 0.005979899497487437
2023-03-29 17:18:02,903 INFO T:168.69Â°K V:3.6470e+00V I:5.9799e-03A R:6.0988e+02ğ›€ E:1.1256e+02V/cm J:2.6170e-01A/cm2 ğ›’:4.3011e+02ğ›€ cm
2023-03-29 17:18:02,931 INFO Measurement at current 0.006030150753768844
2023-03-29 17:18:03,527 INFO T:168.69Â°K V:3.7900e+00V I:6.0302e-03A R:6.2851e+02ğ›€ E:1.1698e+02V/cm J:2.6390e-01A/cm2 ğ›’:4.4326e+02ğ›€ cm
2023-03-29 17:18:03,555 INFO Measurement at current 0.006080402010050252
2023-03-29 17:18:04,143 INFO T:168.68Â°K V:3.7933e+00V I:6.0804e-03A R:6.2385e+02ğ›€ E:1.1708e+02V/cm J:2.6610e-01A/cm2 ğ›’:4.3997e+02ğ›€ cm
2023-03-29 17:18:04,166 INFO Measurement at current 0.006130653266331659
2023-03-29 17:18:04,767 INFO T:168.68Â°K V:3.3568e+00V I:6.1307e-03A R:5.4755e+02ğ›€ E:1.0361e+02V/cm J:2.6830e-01A/cm2 ğ›’:3.8616e+02ğ›€ cm
2023-03-29 17:18:04,783 INFO Measurement at current 0.006180904522613066
2023-03-29 17:18:05,373 INFO T:168.67Â°K V:3.3553e+00V I:6.1809e-03A R:5.4286e+02ğ›€ E:1.0356e+02V/cm J:2.7050e-01A/cm2 ğ›’:3.8285e+02ğ›€ cm
2023-03-29 17:18:05,404 INFO Measurement at current 0.006231155778894473
2023-03-29 17:18:06,002 INFO T:168.67Â°K V:3.3443e+00V I:6.2312e-03A R:5.3671e+02ğ›€ E:1.0322e+02V/cm J:2.7270e-01A/cm2 ğ›’:3.7851e+02ğ›€ cm
2023-03-29 17:18:06,023 INFO Measurement at current 0.00628140703517588
2023-03-29 17:18:06,609 INFO T:168.67Â°K V:3.3469e+00V I:6.2814e-03A R:5.3282e+02ğ›€ E:1.0330e+02V/cm J:2.7490e-01A/cm2 ğ›’:3.7577e+02ğ›€ cm
2023-03-29 17:18:06,630 INFO Measurement at current 0.006331658291457287
2023-03-29 17:18:07,220 INFO T:168.66Â°K V:3.3775e+00V I:6.3317e-03A R:5.3342e+02ğ›€ E:1.0424e+02V/cm J:2.7710e-01A/cm2 ğ›’:3.7620e+02ğ›€ cm
2023-03-29 17:18:07,250 INFO Measurement at current 0.006381909547738694
2023-03-29 17:18:07,854 INFO T:168.66Â°K V:3.3681e+00V I:6.3819e-03A R:5.2776e+02ğ›€ E:1.0396e+02V/cm J:2.7930e-01A/cm2 ğ›’:3.7220e+02ğ›€ cm
2023-03-29 17:18:07,878 INFO Measurement at current 0.006432160804020101
2023-03-29 17:18:08,469 INFO T:168.66Â°K V:3.3680e+00V I:6.4322e-03A R:5.2361e+02ğ›€ E:1.0395e+02V/cm J:2.8150e-01A/cm2 ğ›’:3.6928e+02ğ›€ cm
2023-03-29 17:18:08,493 INFO Measurement at current 0.006482412060301508
2023-03-29 17:18:09,080 INFO T:168.65Â°K V:3.3544e+00V I:6.4824e-03A R:5.1746e+02ğ›€ E:1.0353e+02V/cm J:2.8369e-01A/cm2 ğ›’:3.6494e+02ğ›€ cm
2023-03-29 17:18:09,103 INFO Measurement at current 0.006532663316582915
2023-03-29 17:18:09,692 INFO T:168.65Â°K V:3.3419e+00V I:6.5327e-03A R:5.1156e+02ğ›€ E:1.0314e+02V/cm J:2.8589e-01A/cm2 ğ›’:3.6078e+02ğ›€ cm
2023-03-29 17:18:09,717 INFO Measurement at current 0.0065829145728643216
2023-03-29 17:18:10,314 INFO T:168.64Â°K V:3.3248e+00V I:6.5829e-03A R:5.0507e+02ğ›€ E:1.0262e+02V/cm J:2.8809e-01A/cm2 ğ›’:3.5620e+02ğ›€ cm
2023-03-29 17:18:10,342 INFO Measurement at current 0.0066331658291457285
2023-03-29 17:18:10,946 INFO T:168.64Â°K V:3.3216e+00V I:6.6332e-03A R:5.0075e+02ğ›€ E:1.0252e+02V/cm J:2.9029e-01A/cm2 ğ›’:3.5316e+02ğ›€ cm
2023-03-29 17:18:10,962 INFO Measurement at current 0.0066834170854271355
2023-03-29 17:18:11,557 INFO T:168.64Â°K V:3.3137e+00V I:6.6834e-03A R:4.9581e+02ğ›€ E:1.0228e+02V/cm J:2.9249e-01A/cm2 ğ›’:3.4967e+02ğ›€ cm
2023-03-29 17:18:11,577 INFO Measurement at current 0.0067336683417085425
2023-03-29 17:18:12,168 INFO T:168.63Â°K V:3.2921e+00V I:6.7337e-03A R:4.8891e+02ğ›€ E:1.0161e+02V/cm J:2.9469e-01A/cm2 ğ›’:3.4480e+02ğ›€ cm
2023-03-29 17:18:12,185 INFO Measurement at current 0.0067839195979899495
2023-03-29 17:18:12,790 INFO T:168.63Â°K V:3.2987e+00V I:6.7839e-03A R:4.8625e+02ğ›€ E:1.0181e+02V/cm J:2.9689e-01A/cm2 ğ›’:3.4292e+02ğ›€ cm
2023-03-29 17:18:12,812 INFO Measurement at current 0.006834170854271357
2023-03-29 17:18:13,404 INFO T:168.63Â°K V:3.2834e+00V I:6.8342e-03A R:4.8044e+02ğ›€ E:1.0134e+02V/cm J:2.9909e-01A/cm2 ğ›’:3.3883e+02ğ›€ cm
2023-03-29 17:18:13,420 INFO Measurement at current 0.006884422110552764
2023-03-29 17:18:14,010 INFO T:168.62Â°K V:3.3071e+00V I:6.8844e-03A R:4.8038e+02ğ›€ E:1.0207e+02V/cm J:3.0129e-01A/cm2 ğ›’:3.3879e+02ğ›€ cm
2023-03-29 17:18:14,042 INFO Measurement at current 0.006934673366834171
2023-03-29 17:18:14,644 INFO T:168.62Â°K V:3.2128e+00V I:6.9347e-03A R:4.6329e+02ğ›€ E:9.9160e+01V/cm J:3.0349e-01A/cm2 ğ›’:3.2674e+02ğ›€ cm
2023-03-29 17:18:14,662 INFO Measurement at current 0.006984924623115578
2023-03-29 17:18:15,249 INFO T:168.61Â°K V:3.3325e+00V I:6.9849e-03A R:4.7710e+02ğ›€ E:1.0285e+02V/cm J:3.0569e-01A/cm2 ğ›’:3.3647e+02ğ›€ cm
2023-03-29 17:18:15,268 INFO Measurement at current 0.007035175879396985
2023-03-29 17:18:15,865 INFO T:168.61Â°K V:3.3515e+00V I:7.0352e-03A R:4.7639e+02ğ›€ E:1.0344e+02V/cm J:3.0789e-01A/cm2 ğ›’:3.3597e+02ğ›€ cm
2023-03-29 17:18:15,881 INFO Measurement at current 0.007085427135678392
2023-03-29 17:18:16,477 INFO T:168.61Â°K V:3.3478e+00V I:7.0854e-03A R:4.7249e+02ğ›€ E:1.0333e+02V/cm J:3.1008e-01A/cm2 ğ›’:3.3322e+02ğ›€ cm
2023-03-29 17:18:16,504 INFO Measurement at current 0.007135678391959799
2023-03-29 17:18:17,101 INFO T:168.60Â°K V:3.3392e+00V I:7.1357e-03A R:4.6796e+02ğ›€ E:1.0306e+02V/cm J:3.1228e-01A/cm2 ğ›’:3.3003e+02ğ›€ cm
2023-03-29 17:18:17,131 INFO Measurement at current 0.007185929648241206
2023-03-29 17:18:17,731 INFO T:168.60Â°K V:3.3300e+00V I:7.1859e-03A R:4.6340e+02ğ›€ E:1.0278e+02V/cm J:3.1448e-01A/cm2 ğ›’:3.2681e+02ğ›€ cm
2023-03-29 17:18:17,767 INFO Measurement at current 0.007236180904522613
2023-03-29 17:18:18,359 INFO T:168.60Â°K V:3.3161e+00V I:7.2362e-03A R:4.5826e+02ğ›€ E:1.0235e+02V/cm J:3.1668e-01A/cm2 ğ›’:3.2319e+02ğ›€ cm
2023-03-29 17:18:18,389 INFO Measurement at current 0.00728643216080402
2023-03-29 17:18:18,974 INFO T:168.59Â°K V:3.3145e+00V I:7.2864e-03A R:4.5489e+02ğ›€ E:1.0230e+02V/cm J:3.1888e-01A/cm2 ğ›’:3.2081e+02ğ›€ cm
2023-03-29 17:18:19,000 INFO Measurement at current 0.007336683417085427
2023-03-29 17:18:19,601 INFO T:168.59Â°K V:3.3134e+00V I:7.3367e-03A R:4.5162e+02ğ›€ E:1.0227e+02V/cm J:3.2108e-01A/cm2 ğ›’:3.1851e+02ğ›€ cm
2023-03-29 17:18:19,623 INFO Measurement at current 0.007386934673366834
2023-03-29 17:18:20,207 INFO T:168.58Â°K V:3.3193e+00V I:7.3869e-03A R:4.4935e+02ğ›€ E:1.0245e+02V/cm J:3.2328e-01A/cm2 ğ›’:3.1690e+02ğ›€ cm
2023-03-29 17:18:20,224 INFO Measurement at current 0.007437185929648241
2023-03-29 17:18:20,820 INFO T:168.58Â°K V:3.3120e+00V I:7.4372e-03A R:4.4533e+02ğ›€ E:1.0222e+02V/cm J:3.2548e-01A/cm2 ğ›’:3.1407e+02ğ›€ cm
2023-03-29 17:18:20,845 INFO Measurement at current 0.007487437185929648
2023-03-29 17:18:21,449 INFO T:168.58Â°K V:3.3032e+00V I:7.4874e-03A R:4.4116e+02ğ›€ E:1.0195e+02V/cm J:3.2768e-01A/cm2 ğ›’:3.1113e+02ğ›€ cm
2023-03-29 17:18:21,470 INFO Measurement at current 0.007537688442211056
2023-03-29 17:18:22,068 INFO T:168.57Â°K V:3.2958e+00V I:7.5377e-03A R:4.3724e+02ğ›€ E:1.0172e+02V/cm J:3.2988e-01A/cm2 ğ›’:3.0836e+02ğ›€ cm
2023-03-29 17:18:22,089 INFO Measurement at current 0.007587939698492463
2023-03-29 17:18:22,675 INFO T:168.57Â°K V:3.2943e+00V I:7.5879e-03A R:4.3415e+02ğ›€ E:1.0168e+02V/cm J:3.3208e-01A/cm2 ğ›’:3.0618e+02ğ›€ cm
2023-03-29 17:18:22,696 INFO Measurement at current 0.00763819095477387
2023-03-29 17:18:23,285 INFO T:168.57Â°K V:3.2913e+00V I:7.6382e-03A R:4.3090e+02ğ›€ E:1.0158e+02V/cm J:3.3428e-01A/cm2 ğ›’:3.0389e+02ğ›€ cm
2023-03-29 17:18:23,332 INFO Measurement at current 0.007688442211055277
2023-03-29 17:18:23,926 INFO T:168.56Â°K V:3.2795e+00V I:7.6884e-03A R:4.2655e+02ğ›€ E:1.0122e+02V/cm J:3.3647e-01A/cm2 ğ›’:3.0082e+02ğ›€ cm
2023-03-29 17:18:23,951 INFO Measurement at current 0.007738693467336684
2023-03-29 17:18:24,548 INFO T:168.56Â°K V:3.2703e+00V I:7.7387e-03A R:4.2260e+02ğ›€ E:1.0094e+02V/cm J:3.3867e-01A/cm2 ğ›’:2.9803e+02ğ›€ cm
2023-03-29 17:18:24,572 INFO Measurement at current 0.007788944723618091
2023-03-29 17:18:25,173 INFO T:168.56Â°K V:3.2392e+00V I:7.7889e-03A R:4.1587e+02ğ›€ E:9.9974e+01V/cm J:3.4087e-01A/cm2 ğ›’:2.9329e+02ğ›€ cm
2023-03-29 17:18:25,202 INFO Measurement at current 0.007839195979899497
2023-03-29 17:18:25,805 INFO T:168.55Â°K V:3.2626e+00V I:7.8392e-03A R:4.1619e+02ğ›€ E:1.0070e+02V/cm J:3.4307e-01A/cm2 ğ›’:2.9352e+02ğ›€ cm
2023-03-29 17:18:25,832 INFO Measurement at current 0.007889447236180906
2023-03-29 17:18:26,448 INFO T:168.55Â°K V:3.2697e+00V I:7.8894e-03A R:4.1444e+02ğ›€ E:1.0092e+02V/cm J:3.4527e-01A/cm2 ğ›’:2.9228e+02ğ›€ cm
2023-03-29 17:18:26,470 INFO Measurement at current 0.007939698492462312
2023-03-29 17:18:27,056 INFO T:168.54Â°K V:3.2701e+00V I:7.9397e-03A R:4.1186e+02ğ›€ E:1.0093e+02V/cm J:3.4747e-01A/cm2 ğ›’:2.9046e+02ğ›€ cm
2023-03-29 17:18:27,078 INFO Measurement at current 0.00798994974874372
2023-03-29 17:18:27,672 INFO T:168.54Â°K V:3.2597e+00V I:7.9899e-03A R:4.0797e+02ğ›€ E:1.0061e+02V/cm J:3.4967e-01A/cm2 ğ›’:2.8772e+02ğ›€ cm
2023-03-29 17:18:27,693 INFO Measurement at current 0.008040201005025126
2023-03-29 17:18:28,288 INFO T:168.54Â°K V:3.2791e+00V I:8.0402e-03A R:4.0784e+02ğ›€ E:1.0121e+02V/cm J:3.5187e-01A/cm2 ğ›’:2.8763e+02ğ›€ cm
2023-03-29 17:18:28,316 INFO Measurement at current 0.008090452261306533
2023-03-29 17:18:28,916 INFO T:168.53Â°K V:3.2853e+00V I:8.0905e-03A R:4.0608e+02ğ›€ E:1.0140e+02V/cm J:3.5407e-01A/cm2 ğ›’:2.8638e+02ğ›€ cm
2023-03-29 17:18:28,940 INFO Measurement at current 0.00814070351758794
2023-03-29 17:18:29,545 INFO T:168.53Â°K V:3.2996e+00V I:8.1407e-03A R:4.0533e+02ğ›€ E:1.0184e+02V/cm J:3.5627e-01A/cm2 ğ›’:2.8585e+02ğ›€ cm
2023-03-29 17:18:29,570 INFO Measurement at current 0.008190954773869347
2023-03-29 17:18:30,176 INFO T:168.53Â°K V:3.2518e+00V I:8.1910e-03A R:3.9700e+02ğ›€ E:1.0036e+02V/cm J:3.5847e-01A/cm2 ğ›’:2.7998e+02ğ›€ cm
2023-03-29 17:18:30,198 INFO Measurement at current 0.008241206030150754
2023-03-29 17:18:30,790 INFO T:168.52Â°K V:3.3091e+00V I:8.2412e-03A R:4.0154e+02ğ›€ E:1.0213e+02V/cm J:3.6067e-01A/cm2 ğ›’:2.8318e+02ğ›€ cm
2023-03-29 17:18:30,809 INFO Measurement at current 0.008291457286432161
2023-03-29 17:18:31,396 INFO T:168.52Â°K V:3.2976e+00V I:8.2915e-03A R:3.9771e+02ğ›€ E:1.0178e+02V/cm J:3.6286e-01A/cm2 ğ›’:2.8048e+02ğ›€ cm
2023-03-29 17:18:31,415 INFO Measurement at current 0.008341708542713568
2023-03-29 17:18:32,006 INFO T:168.51Â°K V:3.3007e+00V I:8.3417e-03A R:3.9569e+02ğ›€ E:1.0187e+02V/cm J:3.6506e-01A/cm2 ğ›’:2.7906e+02ğ›€ cm
2023-03-29 17:18:32,028 INFO Measurement at current 0.008391959798994975
2023-03-29 17:18:32,623 INFO T:168.51Â°K V:3.2985e+00V I:8.3920e-03A R:3.9306e+02ğ›€ E:1.0181e+02V/cm J:3.6726e-01A/cm2 ğ›’:2.7720e+02ğ›€ cm
2023-03-29 17:18:32,646 INFO Measurement at current 0.008442211055276382
2023-03-29 17:18:33,231 INFO T:168.51Â°K V:3.3017e+00V I:8.4422e-03A R:3.9109e+02ğ›€ E:1.0190e+02V/cm J:3.6946e-01A/cm2 ğ›’:2.7581e+02ğ›€ cm
2023-03-29 17:18:33,248 INFO Measurement at current 0.00849246231155779
2023-03-29 17:18:33,835 INFO T:168.50Â°K V:3.2973e+00V I:8.4925e-03A R:3.8827e+02ğ›€ E:1.0177e+02V/cm J:3.7166e-01A/cm2 ğ›’:2.7382e+02ğ›€ cm
2023-03-29 17:18:33,862 INFO Measurement at current 0.008542713567839196
2023-03-29 17:18:34,470 INFO T:168.50Â°K V:3.2863e+00V I:8.5427e-03A R:3.8469e+02ğ›€ E:1.0143e+02V/cm J:3.7386e-01A/cm2 ğ›’:2.7130e+02ğ›€ cm
2023-03-29 17:18:34,502 INFO Measurement at current 0.008592964824120603
2023-03-29 17:18:35,093 INFO T:168.50Â°K V:3.2898e+00V I:8.5930e-03A R:3.8284e+02ğ›€ E:1.0154e+02V/cm J:3.7606e-01A/cm2 ğ›’:2.7000e+02ğ›€ cm
2023-03-29 17:18:35,113 INFO Measurement at current 0.00864321608040201
2023-03-29 17:18:35,706 INFO T:168.49Â°K V:3.2817e+00V I:8.6432e-03A R:3.7968e+02ğ›€ E:1.0129e+02V/cm J:3.7826e-01A/cm2 ğ›’:2.6777e+02ğ›€ cm
2023-03-29 17:18:35,721 INFO Measurement at current 0.008693467336683417
2023-03-29 17:18:36,333 INFO T:168.49Â°K V:3.2750e+00V I:8.6935e-03A R:3.7672e+02ğ›€ E:1.0108e+02V/cm J:3.8046e-01A/cm2 ğ›’:2.6568e+02ğ›€ cm
2023-03-29 17:18:36,349 INFO Measurement at current 0.008743718592964824
2023-03-29 17:18:36,934 INFO T:168.49Â°K V:3.2655e+00V I:8.7437e-03A R:3.7346e+02ğ›€ E:1.0079e+02V/cm J:3.8266e-01A/cm2 ğ›’:2.6339e+02ğ›€ cm
2023-03-29 17:18:36,964 INFO Measurement at current 0.008793969849246231
2023-03-29 17:18:37,561 INFO T:168.48Â°K V:3.2917e+00V I:8.7940e-03A R:3.7431e+02ğ›€ E:1.0160e+02V/cm J:3.8486e-01A/cm2 ğ›’:2.6398e+02ğ›€ cm
2023-03-29 17:18:37,581 INFO Measurement at current 0.008844221105527638
2023-03-29 17:18:38,170 INFO T:168.48Â°K V:3.2849e+00V I:8.8442e-03A R:3.7142e+02ğ›€ E:1.0139e+02V/cm J:3.8706e-01A/cm2 ğ›’:2.6194e+02ğ›€ cm
2023-03-29 17:18:38,191 INFO Measurement at current 0.008894472361809045
2023-03-29 17:18:38,785 INFO T:168.47Â°K V:3.2761e+00V I:8.8945e-03A R:3.6833e+02ğ›€ E:1.0112e+02V/cm J:3.8925e-01A/cm2 ğ›’:2.5977e+02ğ›€ cm
2023-03-29 17:18:38,813 INFO Measurement at current 0.008944723618090452
2023-03-29 17:18:39,408 INFO T:168.47Â°K V:3.2735e+00V I:8.9447e-03A R:3.6596e+02ğ›€ E:1.0103e+02V/cm J:3.9145e-01A/cm2 ğ›’:2.5810e+02ğ›€ cm
2023-03-29 17:18:39,425 INFO Measurement at current 0.008994974874371859
2023-03-29 17:18:40,019 INFO T:168.47Â°K V:3.2729e+00V I:8.9950e-03A R:3.6386e+02ğ›€ E:1.0102e+02V/cm J:3.9365e-01A/cm2 ğ›’:2.5661e+02ğ›€ cm
2023-03-29 17:18:40,046 INFO Measurement at current 0.009045226130653266
2023-03-29 17:18:40,661 INFO T:168.46Â°K V:3.2743e+00V I:9.0452e-03A R:3.6199e+02ğ›€ E:1.0106e+02V/cm J:3.9585e-01A/cm2 ğ›’:2.5529e+02ğ›€ cm
2023-03-29 17:18:40,688 INFO Measurement at current 0.009095477386934673
2023-03-29 17:18:41,299 INFO T:168.46Â°K V:3.2926e+00V I:9.0955e-03A R:3.6201e+02ğ›€ E:1.0162e+02V/cm J:3.9805e-01A/cm2 ğ›’:2.5531e+02ğ›€ cm
2023-03-29 17:18:41,315 INFO Measurement at current 0.00914572864321608
2023-03-29 17:18:41,903 INFO T:168.46Â°K V:3.2801e+00V I:9.1457e-03A R:3.5865e+02ğ›€ E:1.0124e+02V/cm J:4.0025e-01A/cm2 ğ›’:2.5294e+02ğ›€ cm
2023-03-29 17:18:41,919 INFO Measurement at current 0.009195979899497487
2023-03-29 17:18:42,503 INFO T:168.45Â°K V:3.2967e+00V I:9.1960e-03A R:3.5849e+02ğ›€ E:1.0175e+02V/cm J:4.0245e-01A/cm2 ğ›’:2.5283e+02ğ›€ cm
2023-03-29 17:18:42,528 INFO Measurement at current 0.009246231155778894
2023-03-29 17:18:43,126 INFO T:168.45Â°K V:3.3890e+00V I:9.2462e-03A R:3.6652e+02ğ›€ E:1.0460e+02V/cm J:4.0465e-01A/cm2 ğ›’:2.5849e+02ğ›€ cm
2023-03-29 17:18:43,142 INFO Measurement at current 0.009296482412060303
2023-03-29 17:18:43,729 INFO T:168.45Â°K V:3.3976e+00V I:9.2965e-03A R:3.6548e+02ğ›€ E:1.0487e+02V/cm J:4.0685e-01A/cm2 ğ›’:2.5775e+02ğ›€ cm
2023-03-29 17:18:43,762 INFO Measurement at current 0.00934673366834171
2023-03-29 17:18:44,357 INFO T:168.44Â°K V:3.4014e+00V I:9.3467e-03A R:3.6391e+02ğ›€ E:1.0498e+02V/cm J:4.0905e-01A/cm2 ğ›’:2.5665e+02ğ›€ cm
2023-03-29 17:18:44,376 INFO Measurement at current 0.009396984924623117
2023-03-29 17:18:44,963 INFO T:168.44Â°K V:3.5293e+00V I:9.3970e-03A R:3.7558e+02ğ›€ E:1.0893e+02V/cm J:4.1125e-01A/cm2 ğ›’:2.6488e+02ğ›€ cm
2023-03-29 17:18:44,977 INFO Measurement at current 0.009447236180904523
2023-03-29 17:18:45,561 INFO T:168.44Â°K V:3.2951e+00V I:9.4472e-03A R:3.4879e+02ğ›€ E:1.0170e+02V/cm J:4.1345e-01A/cm2 ğ›’:2.4599e+02ğ›€ cm
2023-03-29 17:18:45,605 INFO Measurement at current 0.00949748743718593
2023-03-29 17:18:46,195 INFO T:168.43Â°K V:3.4933e+00V I:9.4975e-03A R:3.6781e+02ğ›€ E:1.0782e+02V/cm J:4.1564e-01A/cm2 ğ›’:2.5940e+02ğ›€ cm
2023-03-29 17:18:46,210 INFO Measurement at current 0.009547738693467337
2023-03-29 17:18:46,793 INFO T:168.43Â°K V:3.7276e+00V I:9.5477e-03A R:3.9041e+02ğ›€ E:1.1505e+02V/cm J:4.1784e-01A/cm2 ğ›’:2.7534e+02ğ›€ cm
2023-03-29 17:18:46,809 INFO Measurement at current 0.009597989949748744
2023-03-29 17:18:47,419 INFO T:168.42Â°K V:3.7281e+00V I:9.5980e-03A R:3.8843e+02ğ›€ E:1.1507e+02V/cm J:4.2004e-01A/cm2 ğ›’:2.7394e+02ğ›€ cm
2023-03-29 17:18:47,435 INFO Measurement at current 0.009648241206030151
2023-03-29 17:18:48,021 INFO T:168.42Â°K V:3.7117e+00V I:9.6482e-03A R:3.8470e+02ğ›€ E:1.1456e+02V/cm J:4.2224e-01A/cm2 ğ›’:2.7131e+02ğ›€ cm
2023-03-29 17:18:48,036 INFO Measurement at current 0.009698492462311558
2023-03-29 17:18:48,623 INFO T:168.42Â°K V:3.7063e+00V I:9.6985e-03A R:3.8215e+02ğ›€ E:1.1439e+02V/cm J:4.2444e-01A/cm2 ğ›’:2.6951e+02ğ›€ cm
2023-03-29 17:18:48,640 INFO Measurement at current 0.009748743718592965
2023-03-29 17:18:49,224 INFO T:168.41Â°K V:3.7325e+00V I:9.7487e-03A R:3.8287e+02ğ›€ E:1.1520e+02V/cm J:4.2664e-01A/cm2 ğ›’:2.7002e+02ğ›€ cm
2023-03-29 17:18:49,250 INFO Measurement at current 0.009798994974874372
2023-03-29 17:18:49,842 INFO T:168.41Â°K V:3.7250e+00V I:9.7990e-03A R:3.8014e+02ğ›€ E:1.1497e+02V/cm J:4.2884e-01A/cm2 ğ›’:2.6809e+02ğ›€ cm
2023-03-29 17:18:49,857 INFO Measurement at current 0.00984924623115578
2023-03-29 17:18:50,444 INFO T:168.41Â°K V:3.7236e+00V I:9.8492e-03A R:3.7806e+02ğ›€ E:1.1493e+02V/cm J:4.3104e-01A/cm2 ğ›’:2.6662e+02ğ›€ cm
2023-03-29 17:18:50,462 INFO Measurement at current 0.009899497487437186
2023-03-29 17:18:51,046 INFO T:168.40Â°K V:3.7326e+00V I:9.8995e-03A R:3.7705e+02ğ›€ E:1.1520e+02V/cm J:4.3324e-01A/cm2 ğ›’:2.6591e+02ğ›€ cm
2023-03-29 17:18:51,061 INFO Measurement at current 0.009949748743718593
2023-03-29 17:18:51,646 INFO T:168.40Â°K V:3.7460e+00V I:9.9497e-03A R:3.7649e+02ğ›€ E:1.1562e+02V/cm J:4.3544e-01A/cm2 ğ›’:2.6552e+02ğ›€ cm
2023-03-29 17:18:51,661 INFO Measurement at current 0.01
2023-03-29 17:18:52,246 INFO T:168.40Â°K V:3.6741e+00V I:1.0000e-02A R:3.6741e+02ğ›€ E:1.1340e+02V/cm J:4.3764e-01A/cm2 ğ›’:2.5911e+02ğ›€ cm
2023-03-29 17:21:00,979 INFO Save the description file
2023-03-29 17:21:00,991 INFO Save data in numpy format Esperimenti/CPRO_MUSA_290323_I_V/CPRO_MUSA_290323_I_V_current_from_0_to_100e-4A/CPRO_MUSA_290323_I_V_current_from_0_to_100e-4A-20230329172059
2023-03-29 17:21:00,999 INFO Save data in CSV format Esperimenti/CPRO_MUSA_290323_I_V/CPRO_MUSA_290323_I_V_current_from_0_to_100e-4A/CPRO_MUSA_290323_I_V_current_from_0_to_100e-4A-20230329172059.csv
2023-03-29 17:21:01,019 INFO Save plot as image Esperimenti/CPRO_MUSA_290323_I_V/CPRO_MUSA_290323_I_V_current_from_0_to_100e-4A/CPRO_MUSA_290323_I_V_current_from_0_to_100e-4A-20230329172059.png
