2023-03-29 18:12:06,296 INFO ### Start experiment: CPRO_MUSA_290323_I_V current from 0 to 100e-4A ###
2023-03-29 18:12:07,643 INFO Found Multimeter KEITHLEY INSTRUMENTS INC.,MODEL 2700,0884890,B03  /A02  

2023-03-29 18:12:08,675 INFO Found Nanovolt Meter KEITHLEY INSTRUMENTS INC.,MODEL 2182A,4056474,C03  /A02  

2023-03-29 18:12:08,788 INFO Found Source Meter KEITHLEY INSTRUMENTS INC.,MODEL 2400,0945684,C24   Feb 14 2002 11:59:45/A02  /K/H

2023-03-29 18:12:08,912 INFO Start the measurement loop
2023-03-29 18:12:19,739 INFO Measurement at current 0.0
2023-03-29 18:12:20,652 INFO T:139.11Â°K V:-1.5945e-04V I:0.0000e+00A R:-infğ›€ E:-4.9212e-03V/cm J:0.0000e+00A/cm2 ğ›’:-infğ›€ cm
2023-03-29 18:12:20,675 INFO Measurement at current 5.0251256281407036e-05
2023-03-29 18:12:21,917 INFO T:139.09Â°K V:3.5131e-01V I:5.0251e-05A R:6.9910e+03ğ›€ E:1.0843e+01V/cm J:2.1992e-03A/cm2 ğ›’:4.9304e+03ğ›€ cm
2023-03-29 18:12:21,936 INFO Measurement at current 0.00010050251256281407
2023-03-29 18:12:22,528 INFO T:139.08Â°K V:6.8341e-01V I:1.0050e-04A R:6.7999e+03ğ›€ E:2.1093e+01V/cm J:4.3984e-03A/cm2 ğ›’:4.7956e+03ğ›€ cm
2023-03-29 18:12:22,546 INFO Measurement at current 0.00015075376884422112
2023-03-29 18:12:23,135 INFO T:139.08Â°K V:1.0093e+00V I:1.5075e-04A R:6.6948e+03ğ›€ E:3.1150e+01V/cm J:6.5975e-03A/cm2 ğ›’:4.7215e+03ğ›€ cm
2023-03-29 18:12:23,156 INFO Measurement at current 0.00020100502512562814
2023-03-29 18:12:24,481 INFO T:139.06Â°K V:1.3249e+00V I:2.0101e-04A R:6.5916e+03ğ›€ E:4.0893e+01V/cm J:8.7967e-03A/cm2 ğ›’:4.6487e+03ğ›€ cm
2023-03-29 18:12:24,495 INFO Measurement at current 0.0002512562814070352
2023-03-29 18:12:25,089 INFO T:139.05Â°K V:1.6237e+00V I:2.5126e-04A R:6.4624e+03ğ›€ E:5.0115e+01V/cm J:1.0996e-02A/cm2 ğ›’:4.5576e+03ğ›€ cm
2023-03-29 18:12:25,109 INFO Measurement at current 0.00030150753768844223
2023-03-29 18:12:25,695 INFO T:139.04Â°K V:1.9066e+00V I:3.0151e-04A R:6.3234e+03ğ›€ E:5.8845e+01V/cm J:1.3195e-02A/cm2 ğ›’:4.4596e+03ğ›€ cm
2023-03-29 18:12:25,719 INFO Measurement at current 0.00035175879396984926
2023-03-29 18:12:26,320 INFO T:139.03Â°K V:2.1757e+00V I:3.5176e-04A R:6.1853e+03ğ›€ E:6.7152e+01V/cm J:1.5394e-02A/cm2 ğ›’:4.3621e+03ğ›€ cm
2023-03-29 18:12:26,342 INFO Measurement at current 0.0004020100502512563
2023-03-29 18:12:26,938 INFO T:139.02Â°K V:2.4277e+00V I:4.0201e-04A R:6.0389e+03ğ›€ E:7.4929e+01V/cm J:1.7593e-02A/cm2 ğ›’:4.2589e+03ğ›€ cm
2023-03-29 18:12:26,960 INFO Measurement at current 0.0004522613065326633
2023-03-29 18:12:27,558 INFO T:139.01Â°K V:2.6584e+00V I:4.5226e-04A R:5.8779e+03ğ›€ E:8.2048e+01V/cm J:1.9793e-02A/cm2 ğ›’:4.1454e+03ğ›€ cm
2023-03-29 18:12:27,576 INFO Measurement at current 0.0005025125628140704
2023-03-29 18:12:28,165 INFO T:139.00Â°K V:2.8710e+00V I:5.0251e-04A R:5.7133e+03ğ›€ E:8.8612e+01V/cm J:2.1992e-02A/cm2 ğ›’:4.0293e+03ğ›€ cm
2023-03-29 18:12:28,180 INFO Measurement at current 0.0005527638190954774
2023-03-29 18:12:28,768 INFO T:139.00Â°K V:3.0718e+00V I:5.5276e-04A R:5.5571e+03ğ›€ E:9.4807e+01V/cm J:2.4191e-02A/cm2 ğ›’:3.9191e+03ğ›€ cm
2023-03-29 18:12:28,790 INFO Measurement at current 0.0006030150753768845
2023-03-29 18:12:29,382 INFO T:138.99Â°K V:3.2522e+00V I:6.0302e-04A R:5.3933e+03ğ›€ E:1.0038e+02V/cm J:2.6390e-02A/cm2 ğ›’:3.8036e+03ğ›€ cm
2023-03-29 18:12:29,404 INFO Measurement at current 0.0006532663316582914
2023-03-29 18:12:30,002 INFO T:138.98Â°K V:3.4401e+00V I:6.5327e-04A R:5.2659e+03ğ›€ E:1.0617e+02V/cm J:2.8589e-02A/cm2 ğ›’:3.7138e+03ğ›€ cm
2023-03-29 18:12:30,018 INFO Measurement at current 0.0007035175879396985
2023-03-29 18:12:30,608 INFO T:138.97Â°K V:3.5929e+00V I:7.0352e-04A R:5.1070e+03ğ›€ E:1.1089e+02V/cm J:3.0789e-02A/cm2 ğ›’:3.6017e+03ğ›€ cm
2023-03-29 18:12:30,623 INFO Measurement at current 0.0007537688442211055
2023-03-29 18:12:31,218 INFO T:138.96Â°K V:3.7478e+00V I:7.5377e-04A R:4.9721e+03ğ›€ E:1.1567e+02V/cm J:3.2988e-02A/cm2 ğ›’:3.5066e+03ğ›€ cm
2023-03-29 18:12:31,242 INFO Measurement at current 0.0008040201005025126
2023-03-29 18:12:31,831 INFO T:138.95Â°K V:3.8801e+00V I:8.0402e-04A R:4.8258e+03ğ›€ E:1.1975e+02V/cm J:3.5187e-02A/cm2 ğ›’:3.4034e+03ğ›€ cm
2023-03-29 18:12:31,853 INFO Measurement at current 0.0008542713567839197
2023-03-29 18:12:32,454 INFO T:138.94Â°K V:4.0129e+00V I:8.5427e-04A R:4.6975e+03ğ›€ E:1.2386e+02V/cm J:3.7386e-02A/cm2 ğ›’:3.3129e+03ğ›€ cm
2023-03-29 18:12:32,475 INFO Measurement at current 0.0009045226130653266
2023-03-29 18:12:33,069 INFO T:138.93Â°K V:4.0080e+00V I:9.0452e-04A R:4.4311e+03ğ›€ E:1.2370e+02V/cm J:3.9585e-02A/cm2 ğ›’:3.1250e+03ğ›€ cm
2023-03-29 18:12:33,086 INFO Measurement at current 0.0009547738693467337
2023-03-29 18:12:33,674 INFO T:138.93Â°K V:4.1137e+00V I:9.5477e-04A R:4.3086e+03ğ›€ E:1.2697e+02V/cm J:4.1784e-02A/cm2 ğ›’:3.0386e+03ğ›€ cm
2023-03-29 18:12:33,693 INFO Measurement at current 0.0010050251256281408
2023-03-29 18:12:34,280 INFO T:138.92Â°K V:4.2010e+00V I:1.0050e-03A R:4.1800e+03ğ›€ E:1.2966e+02V/cm J:4.3984e-02A/cm2 ğ›’:2.9479e+03ğ›€ cm
2023-03-29 18:12:34,305 INFO Measurement at current 0.0010552763819095478
2023-03-29 18:12:34,902 INFO T:138.91Â°K V:4.3372e+00V I:1.0553e-03A R:4.1100e+03ğ›€ E:1.3386e+02V/cm J:4.6183e-02A/cm2 ğ›’:2.8985e+03ğ›€ cm
2023-03-29 18:12:34,926 INFO Measurement at current 0.0011055276381909548
2023-03-29 18:12:35,528 INFO T:138.90Â°K V:4.4420e+00V I:1.1055e-03A R:4.0180e+03ğ›€ E:1.3710e+02V/cm J:4.8382e-02A/cm2 ğ›’:2.8337e+03ğ›€ cm
2023-03-29 18:12:35,548 INFO Measurement at current 0.0011557788944723617
2023-03-29 18:12:36,138 INFO T:138.89Â°K V:4.5391e+00V I:1.1558e-03A R:3.9273e+03ğ›€ E:1.4010e+02V/cm J:5.0581e-02A/cm2 ğ›’:2.7697e+03ğ›€ cm
2023-03-29 18:12:36,163 INFO Measurement at current 0.001206030150753769
2023-03-29 18:12:36,755 INFO T:138.88Â°K V:4.6061e+00V I:1.2060e-03A R:3.8193e+03ğ›€ E:1.4216e+02V/cm J:5.2780e-02A/cm2 ğ›’:2.6935e+03ğ›€ cm
2023-03-29 18:12:36,779 INFO Measurement at current 0.001256281407035176
2023-03-29 18:12:37,385 INFO T:138.87Â°K V:4.6802e+00V I:1.2563e-03A R:3.7254e+03ğ›€ E:1.4445e+02V/cm J:5.4979e-02A/cm2 ğ›’:2.6273e+03ğ›€ cm
2023-03-29 18:12:37,407 INFO Measurement at current 0.0013065326633165829
2023-03-29 18:12:38,008 INFO T:138.86Â°K V:4.7244e+00V I:1.3065e-03A R:3.6159e+03ğ›€ E:1.4581e+02V/cm J:5.7179e-02A/cm2 ğ›’:2.5501e+03ğ›€ cm
2023-03-29 18:12:38,036 INFO Measurement at current 0.00135678391959799
2023-03-29 18:12:38,647 INFO T:138.86Â°K V:4.7825e+00V I:1.3568e-03A R:3.5249e+03ğ›€ E:1.4761e+02V/cm J:5.9378e-02A/cm2 ğ›’:2.4859e+03ğ›€ cm
2023-03-29 18:12:38,663 INFO Measurement at current 0.001407035175879397
2023-03-29 18:12:39,254 INFO T:138.85Â°K V:4.8407e+00V I:1.4070e-03A R:3.4403e+03ğ›€ E:1.4940e+02V/cm J:6.1577e-02A/cm2 ğ›’:2.4263e+03ğ›€ cm
2023-03-29 18:12:39,280 INFO Measurement at current 0.001457286432160804
2023-03-29 18:12:39,879 INFO T:138.84Â°K V:4.9029e+00V I:1.4573e-03A R:3.3644e+03ğ›€ E:1.5133e+02V/cm J:6.3776e-02A/cm2 ğ›’:2.3728e+03ğ›€ cm
2023-03-29 18:12:39,896 INFO Measurement at current 0.001507537688442211
2023-03-29 18:12:40,492 INFO T:138.83Â°K V:4.9897e+00V I:1.5075e-03A R:3.3098e+03ğ›€ E:1.5400e+02V/cm J:6.5975e-02A/cm2 ğ›’:2.3342e+03ğ›€ cm
2023-03-29 18:12:40,515 INFO Measurement at current 0.0015577889447236182
2023-03-29 18:12:41,109 INFO T:138.82Â°K V:4.9993e+00V I:1.5578e-03A R:3.2092e+03ğ›€ E:1.5430e+02V/cm J:6.8175e-02A/cm2 ğ›’:2.2633e+03ğ›€ cm
2023-03-29 18:12:41,127 INFO Measurement at current 0.0016080402010050252
2023-03-29 18:12:41,719 INFO T:138.81Â°K V:4.9105e+00V I:1.6080e-03A R:3.0537e+03ğ›€ E:1.5156e+02V/cm J:7.0374e-02A/cm2 ğ›’:2.1536e+03ğ›€ cm
2023-03-29 18:12:41,745 INFO Measurement at current 0.0016582914572864321
2023-03-29 18:12:42,343 INFO T:138.80Â°K V:4.9117e+00V I:1.6583e-03A R:2.9619e+03ğ›€ E:1.5159e+02V/cm J:7.2573e-02A/cm2 ğ›’:2.0889e+03ğ›€ cm
2023-03-29 18:12:42,369 INFO Measurement at current 0.0017085427135678393
2023-03-29 18:12:42,960 INFO T:138.80Â°K V:4.9093e+00V I:1.7085e-03A R:2.8734e+03ğ›€ E:1.5152e+02V/cm J:7.4772e-02A/cm2 ğ›’:2.0264e+03ğ›€ cm
2023-03-29 18:12:42,977 INFO Measurement at current 0.0017587939698492463
2023-03-29 18:12:43,565 INFO T:138.79Â°K V:4.9308e+00V I:1.7588e-03A R:2.8035e+03ğ›€ E:1.5219e+02V/cm J:7.6971e-02A/cm2 ğ›’:1.9772e+03ğ›€ cm
2023-03-29 18:12:43,588 INFO Measurement at current 0.0018090452261306533
2023-03-29 18:12:44,203 INFO T:138.78Â°K V:4.9396e+00V I:1.8090e-03A R:2.7305e+03ğ›€ E:1.5246e+02V/cm J:7.9170e-02A/cm2 ğ›’:1.9257e+03ğ›€ cm
2023-03-29 18:12:44,221 INFO Measurement at current 0.0018592964824120603
2023-03-29 18:12:44,818 INFO T:138.77Â°K V:4.9568e+00V I:1.8593e-03A R:2.6660e+03ğ›€ E:1.5299e+02V/cm J:8.1370e-02A/cm2 ğ›’:1.8802e+03ğ›€ cm
2023-03-29 18:12:44,836 INFO Measurement at current 0.0019095477386934674
2023-03-29 18:12:45,419 INFO T:138.76Â°K V:4.9732e+00V I:1.9095e-03A R:2.6044e+03ğ›€ E:1.5349e+02V/cm J:8.3569e-02A/cm2 ğ›’:1.8367e+03ğ›€ cm
2023-03-29 18:12:45,446 INFO Measurement at current 0.001959798994974874
2023-03-29 18:12:46,046 INFO T:138.75Â°K V:4.9908e+00V I:1.9598e-03A R:2.5466e+03ğ›€ E:1.5404e+02V/cm J:8.5768e-02A/cm2 ğ›’:1.7960e+03ğ›€ cm
2023-03-29 18:12:46,065 INFO Measurement at current 0.0020100502512562816
2023-03-29 18:12:46,649 INFO T:138.74Â°K V:5.0146e+00V I:2.0101e-03A R:2.4948e+03ğ›€ E:1.5477e+02V/cm J:8.7967e-02A/cm2 ğ›’:1.7594e+03ğ›€ cm
2023-03-29 18:12:46,671 INFO Measurement at current 0.0020603015075376886
2023-03-29 18:12:47,272 INFO T:138.73Â°K V:4.9994e+00V I:2.0603e-03A R:2.4266e+03ğ›€ E:1.5430e+02V/cm J:9.0166e-02A/cm2 ğ›’:1.7113e+03ğ›€ cm
2023-03-29 18:12:47,290 INFO Measurement at current 0.0021105527638190956
2023-03-29 18:12:47,883 INFO T:138.73Â°K V:4.9876e+00V I:2.1106e-03A R:2.3632e+03ğ›€ E:1.5394e+02V/cm J:9.2366e-02A/cm2 ğ›’:1.6666e+03ğ›€ cm
2023-03-29 18:12:47,909 INFO Measurement at current 0.0021608040201005025
2023-03-29 18:12:48,504 INFO T:138.72Â°K V:5.0010e+00V I:2.1608e-03A R:2.3144e+03ğ›€ E:1.5435e+02V/cm J:9.4565e-02A/cm2 ğ›’:1.6322e+03ğ›€ cm
2023-03-29 18:12:48,520 INFO Measurement at current 0.0022110552763819095
2023-03-29 18:12:49,105 INFO T:138.71Â°K V:4.9699e+00V I:2.2111e-03A R:2.2478e+03ğ›€ E:1.5339e+02V/cm J:9.6764e-02A/cm2 ğ›’:1.5852e+03ğ›€ cm
2023-03-29 18:12:49,120 INFO Measurement at current 0.0022613065326633165
2023-03-29 18:12:49,718 INFO T:138.70Â°K V:5.5856e+00V I:2.2613e-03A R:2.4701e+03ğ›€ E:1.7240e+02V/cm J:9.8963e-02A/cm2 ğ›’:1.7420e+03ğ›€ cm
2023-03-29 18:12:49,740 INFO Measurement at current 0.0023115577889447235
2023-03-29 18:12:50,340 INFO T:138.69Â°K V:5.5685e+00V I:2.3116e-03A R:2.4090e+03ğ›€ E:1.7187e+02V/cm J:1.0116e-01A/cm2 ğ›’:1.6989e+03ğ›€ cm
2023-03-29 18:12:50,355 INFO Measurement at current 0.002361809045226131
2023-03-29 18:12:50,950 INFO T:138.69Â°K V:5.5814e+00V I:2.3618e-03A R:2.3632e+03ğ›€ E:1.7226e+02V/cm J:1.0336e-01A/cm2 ğ›’:1.6666e+03ğ›€ cm
2023-03-29 18:12:50,969 INFO Measurement at current 0.002412060301507538
2023-03-29 18:12:51,555 INFO T:138.68Â°K V:5.5770e+00V I:2.4121e-03A R:2.3121e+03ğ›€ E:1.7213e+02V/cm J:1.0556e-01A/cm2 ğ›’:1.6306e+03ğ›€ cm
2023-03-29 18:12:51,574 INFO Measurement at current 0.002462311557788945
2023-03-29 18:12:52,160 INFO T:138.67Â°K V:5.5457e+00V I:2.4623e-03A R:2.2522e+03ğ›€ E:1.7116e+02V/cm J:1.0776e-01A/cm2 ğ›’:1.5884e+03ğ›€ cm
2023-03-29 18:12:52,178 INFO Measurement at current 0.002512562814070352
2023-03-29 18:12:52,786 INFO T:138.66Â°K V:5.5285e+00V I:2.5126e-03A R:2.2004e+03ğ›€ E:1.7063e+02V/cm J:1.0996e-01A/cm2 ğ›’:1.5518e+03ğ›€ cm
2023-03-29 18:12:52,812 INFO Measurement at current 0.0025628140703517588
2023-03-29 18:12:53,420 INFO T:138.65Â°K V:5.5172e+00V I:2.5628e-03A R:2.1528e+03ğ›€ E:1.7029e+02V/cm J:1.1216e-01A/cm2 ğ›’:1.5183e+03ğ›€ cm
2023-03-29 18:12:53,437 INFO Measurement at current 0.0026130653266331657
2023-03-29 18:12:54,028 INFO T:138.64Â°K V:5.5121e+00V I:2.6131e-03A R:2.1094e+03ğ›€ E:1.7013e+02V/cm J:1.1436e-01A/cm2 ğ›’:1.4877e+03ğ›€ cm
2023-03-29 18:12:54,048 INFO Measurement at current 0.0026633165829145727
2023-03-29 18:12:54,655 INFO T:138.63Â°K V:5.4814e+00V I:2.6633e-03A R:2.0581e+03ğ›€ E:1.6918e+02V/cm J:1.1656e-01A/cm2 ğ›’:1.4515e+03ğ›€ cm
2023-03-29 18:12:54,680 INFO Measurement at current 0.00271356783919598
2023-03-29 18:12:55,268 INFO T:138.63Â°K V:5.4836e+00V I:2.7136e-03A R:2.0208e+03ğ›€ E:1.6925e+02V/cm J:1.1876e-01A/cm2 ğ›’:1.4252e+03ğ›€ cm
2023-03-29 18:12:55,294 INFO Measurement at current 0.002763819095477387
2023-03-29 18:12:55,894 INFO T:138.62Â°K V:5.4798e+00V I:2.7638e-03A R:1.9827e+03ğ›€ E:1.6913e+02V/cm J:1.2095e-01A/cm2 ğ›’:1.3983e+03ğ›€ cm
2023-03-29 18:12:55,935 INFO Measurement at current 0.002814070351758794
2023-03-29 18:12:56,527 INFO T:138.61Â°K V:4.8840e+00V I:2.8141e-03A R:1.7356e+03ğ›€ E:1.5074e+02V/cm J:1.2315e-01A/cm2 ğ›’:1.2240e+03ğ›€ cm
2023-03-29 18:12:56,550 INFO Measurement at current 0.002864321608040201
2023-03-29 18:12:57,137 INFO T:138.60Â°K V:4.8642e+00V I:2.8643e-03A R:1.6982e+03ğ›€ E:1.5013e+02V/cm J:1.2535e-01A/cm2 ğ›’:1.1977e+03ğ›€ cm
2023-03-29 18:12:57,164 INFO Measurement at current 0.002914572864321608
2023-03-29 18:12:57,757 INFO T:138.59Â°K V:4.8565e+00V I:2.9146e-03A R:1.6663e+03ğ›€ E:1.4989e+02V/cm J:1.2755e-01A/cm2 ğ›’:1.1751e+03ğ›€ cm
2023-03-29 18:12:57,783 INFO Measurement at current 0.002964824120603015
2023-03-29 18:12:58,383 INFO T:138.58Â°K V:4.8458e+00V I:2.9648e-03A R:1.6344e+03ğ›€ E:1.4956e+02V/cm J:1.2975e-01A/cm2 ğ›’:1.1527e+03ğ›€ cm
2023-03-29 18:12:58,424 INFO Measurement at current 0.003015075376884422
2023-03-29 18:12:59,010 INFO T:138.57Â°K V:4.8395e+00V I:3.0151e-03A R:1.6051e+03ğ›€ E:1.4937e+02V/cm J:1.3195e-01A/cm2 ğ›’:1.1320e+03ğ›€ cm
2023-03-29 18:12:59,033 INFO Measurement at current 0.0030653266331658294
2023-03-29 18:12:59,628 INFO T:138.57Â°K V:4.8370e+00V I:3.0653e-03A R:1.5780e+03ğ›€ E:1.4929e+02V/cm J:1.3415e-01A/cm2 ğ›’:1.1129e+03ğ›€ cm
2023-03-29 18:12:59,644 INFO Measurement at current 0.0031155778894472364
2023-03-29 18:13:00,236 INFO T:138.56Â°K V:4.8241e+00V I:3.1156e-03A R:1.5484e+03ğ›€ E:1.4889e+02V/cm J:1.3635e-01A/cm2 ğ›’:1.0920e+03ğ›€ cm
2023-03-29 18:13:00,256 INFO Measurement at current 0.0031658291457286433
2023-03-29 18:13:00,853 INFO T:138.55Â°K V:4.8114e+00V I:3.1658e-03A R:1.5198e+03ğ›€ E:1.4850e+02V/cm J:1.3855e-01A/cm2 ğ›’:1.0718e+03ğ›€ cm
2023-03-29 18:13:00,870 INFO Measurement at current 0.0032160804020100503
2023-03-29 18:13:01,454 INFO T:138.54Â°K V:4.8016e+00V I:3.2161e-03A R:1.4930e+03ğ›€ E:1.4820e+02V/cm J:1.4075e-01A/cm2 ğ›’:1.0529e+03ğ›€ cm
2023-03-29 18:13:01,490 INFO Measurement at current 0.0032663316582914573
2023-03-29 18:13:02,091 INFO T:138.53Â°K V:4.7977e+00V I:3.2663e-03A R:1.4688e+03ğ›€ E:1.4808e+02V/cm J:1.4295e-01A/cm2 ğ›’:1.0359e+03ğ›€ cm
2023-03-29 18:13:02,106 INFO Measurement at current 0.0033165829145728643
2023-03-29 18:13:02,700 INFO T:138.52Â°K V:4.7925e+00V I:3.3166e-03A R:1.4450e+03ğ›€ E:1.4792e+02V/cm J:1.4515e-01A/cm2 ğ›’:1.0191e+03ğ›€ cm
2023-03-29 18:13:02,716 INFO Measurement at current 0.0033668341708542712
2023-03-29 18:13:03,306 INFO T:138.52Â°K V:4.7827e+00V I:3.3668e-03A R:1.4205e+03ğ›€ E:1.4761e+02V/cm J:1.4735e-01A/cm2 ğ›’:1.0018e+03ğ›€ cm
2023-03-29 18:13:03,325 INFO Measurement at current 0.0034170854271356787
2023-03-29 18:13:03,907 INFO T:138.51Â°K V:4.7797e+00V I:3.4171e-03A R:1.3988e+03ğ›€ E:1.4752e+02V/cm J:1.4954e-01A/cm2 ğ›’:9.8648e+02ğ›€ cm
2023-03-29 18:13:03,922 INFO Measurement at current 0.0034673366834170856
2023-03-29 18:13:04,511 INFO T:138.50Â°K V:4.7844e+00V I:3.4673e-03A R:1.3798e+03ğ›€ E:1.4767e+02V/cm J:1.5174e-01A/cm2 ğ›’:9.7313e+02ğ›€ cm
2023-03-29 18:13:04,532 INFO Measurement at current 0.0035175879396984926
2023-03-29 18:13:05,121 INFO T:138.49Â°K V:4.7979e+00V I:3.5176e-03A R:1.3640e+03ğ›€ E:1.4808e+02V/cm J:1.5394e-01A/cm2 ğ›’:9.6194e+02ğ›€ cm
2023-03-29 18:13:05,141 INFO Measurement at current 0.0035678391959798996
2023-03-29 18:13:05,726 INFO T:138.48Â°K V:4.7990e+00V I:3.5678e-03A R:1.3451e+03ğ›€ E:1.4812e+02V/cm J:1.5614e-01A/cm2 ğ›’:9.4860e+02ğ›€ cm
2023-03-29 18:13:05,763 INFO Measurement at current 0.0036180904522613066
2023-03-29 18:13:06,360 INFO T:138.47Â°K V:4.8001e+00V I:3.6181e-03A R:1.3267e+03ğ›€ E:1.4815e+02V/cm J:1.5834e-01A/cm2 ğ›’:9.3564e+02ğ›€ cm
2023-03-29 18:13:06,392 INFO Measurement at current 0.0036683417085427135
2023-03-29 18:13:06,980 INFO T:138.47Â°K V:4.7723e+00V I:3.6683e-03A R:1.3009e+03ğ›€ E:1.4729e+02V/cm J:1.6054e-01A/cm2 ğ›’:9.1749e+02ğ›€ cm
2023-03-29 18:13:07,000 INFO Measurement at current 0.0037185929648241205
2023-03-29 18:13:07,587 INFO T:138.46Â°K V:4.7685e+00V I:3.7186e-03A R:1.2823e+03ğ›€ E:1.4718e+02V/cm J:1.6274e-01A/cm2 ğ›’:9.0436e+02ğ›€ cm
2023-03-29 18:13:07,604 INFO Measurement at current 0.003768844221105528
2023-03-29 18:13:08,192 INFO T:138.45Â°K V:4.7772e+00V I:3.7688e-03A R:1.2675e+03ğ›€ E:1.4744e+02V/cm J:1.6494e-01A/cm2 ğ›’:8.9393e+02ğ›€ cm
2023-03-29 18:13:08,207 INFO Measurement at current 0.003819095477386935
2023-03-29 18:13:08,825 INFO T:138.44Â°K V:4.7718e+00V I:3.8191e-03A R:1.2495e+03ğ›€ E:1.4728e+02V/cm J:1.6714e-01A/cm2 ğ›’:8.8118e+02ğ›€ cm
2023-03-29 18:13:08,841 INFO Measurement at current 0.003869346733668342
2023-03-29 18:13:09,437 INFO T:138.43Â°K V:4.7674e+00V I:3.8693e-03A R:1.2321e+03ğ›€ E:1.4714e+02V/cm J:1.6934e-01A/cm2 ğ›’:8.6893e+02ğ›€ cm
2023-03-29 18:13:09,461 INFO Measurement at current 0.003919597989949748
2023-03-29 18:13:10,049 INFO T:138.43Â°K V:4.7613e+00V I:3.9196e-03A R:1.2148e+03ğ›€ E:1.4696e+02V/cm J:1.7154e-01A/cm2 ğ›’:8.5670e+02ğ›€ cm
2023-03-29 18:13:10,069 INFO Measurement at current 0.003969849246231156
2023-03-29 18:13:10,659 INFO T:138.42Â°K V:4.7599e+00V I:3.9698e-03A R:1.1990e+03ğ›€ E:1.4691e+02V/cm J:1.7374e-01A/cm2 ğ›’:8.4559e+02ğ›€ cm
2023-03-29 18:13:10,684 INFO Measurement at current 0.004020100502512563
2023-03-29 18:13:11,290 INFO T:138.41Â°K V:4.7612e+00V I:4.0201e-03A R:1.1843e+03ğ›€ E:1.4695e+02V/cm J:1.7593e-01A/cm2 ğ›’:8.3526e+02ğ›€ cm
2023-03-29 18:13:11,339 INFO Measurement at current 0.00407035175879397
2023-03-29 18:13:11,938 INFO T:138.40Â°K V:4.7452e+00V I:4.0704e-03A R:1.1658e+03ğ›€ E:1.4646e+02V/cm J:1.7813e-01A/cm2 ğ›’:8.2218e+02ğ›€ cm
2023-03-29 18:13:11,960 INFO Measurement at current 0.004120603015075377
2023-03-29 18:13:12,552 INFO T:138.39Â°K V:4.7508e+00V I:4.1206e-03A R:1.1529e+03ğ›€ E:1.4663e+02V/cm J:1.8033e-01A/cm2 ğ›’:8.1310e+02ğ›€ cm
2023-03-29 18:13:12,577 INFO Measurement at current 0.004170854271356784
2023-03-29 18:13:13,176 INFO T:138.38Â°K V:4.7508e+00V I:4.1709e-03A R:1.1391e+03ğ›€ E:1.4663e+02V/cm J:1.8253e-01A/cm2 ğ›’:8.0331e+02ğ›€ cm
2023-03-29 18:13:13,207 INFO Measurement at current 0.004221105527638191
2023-03-29 18:13:13,854 INFO T:138.37Â°K V:4.7475e+00V I:4.2211e-03A R:1.1247e+03ğ›€ E:1.4653e+02V/cm J:1.8473e-01A/cm2 ğ›’:7.9319e+02ğ›€ cm
2023-03-29 18:13:13,872 INFO Measurement at current 0.004271356783919598
2023-03-29 18:13:14,459 INFO T:138.37Â°K V:4.7485e+00V I:4.2714e-03A R:1.1117e+03ğ›€ E:1.4656e+02V/cm J:1.8693e-01A/cm2 ğ›’:7.8402e+02ğ›€ cm
2023-03-29 18:13:14,478 INFO Measurement at current 0.004321608040201005
2023-03-29 18:13:15,066 INFO T:138.36Â°K V:4.7461e+00V I:4.3216e-03A R:1.0982e+03ğ›€ E:1.4649e+02V/cm J:1.8913e-01A/cm2 ğ›’:7.7453e+02ğ›€ cm
2023-03-29 18:13:15,085 INFO Measurement at current 0.004371859296482412
2023-03-29 18:13:15,679 INFO T:138.35Â°K V:4.7545e+00V I:4.3719e-03A R:1.0875e+03ğ›€ E:1.4675e+02V/cm J:1.9133e-01A/cm2 ğ›’:7.6698e+02ğ›€ cm
2023-03-29 18:13:15,722 INFO Measurement at current 0.004422110552763819
2023-03-29 18:13:16,324 INFO T:138.34Â°K V:4.7658e+00V I:4.4221e-03A R:1.0777e+03ğ›€ E:1.4709e+02V/cm J:1.9353e-01A/cm2 ğ›’:7.6006e+02ğ›€ cm
2023-03-29 18:13:16,345 INFO Measurement at current 0.004472361809045226
2023-03-29 18:13:16,943 INFO T:138.33Â°K V:4.7634e+00V I:4.4724e-03A R:1.0651e+03ğ›€ E:1.4702e+02V/cm J:1.9573e-01A/cm2 ğ›’:7.5114e+02ğ›€ cm
2023-03-29 18:13:16,975 INFO Measurement at current 0.004522613065326633
2023-03-29 18:13:17,576 INFO T:138.32Â°K V:4.7709e+00V I:4.5226e-03A R:1.0549e+03ğ›€ E:1.4725e+02V/cm J:1.9793e-01A/cm2 ğ›’:7.4397e+02ğ›€ cm
2023-03-29 18:13:17,595 INFO Measurement at current 0.00457286432160804
2023-03-29 18:13:18,188 INFO T:138.32Â°K V:4.7773e+00V I:4.5729e-03A R:1.0447e+03ğ›€ E:1.4745e+02V/cm J:2.0013e-01A/cm2 ğ›’:7.3677e+02ğ›€ cm
2023-03-29 18:13:18,208 INFO Measurement at current 0.004623115577889447
2023-03-29 18:13:18,799 INFO T:138.31Â°K V:4.7753e+00V I:4.6231e-03A R:1.0329e+03ğ›€ E:1.4739e+02V/cm J:2.0232e-01A/cm2 ğ›’:7.2846e+02ğ›€ cm
2023-03-29 18:13:18,821 INFO Measurement at current 0.004673366834170855
2023-03-29 18:13:19,415 INFO T:138.30Â°K V:4.7825e+00V I:4.6734e-03A R:1.0234e+03ğ›€ E:1.4761e+02V/cm J:2.0452e-01A/cm2 ğ›’:7.2172e+02ğ›€ cm
2023-03-29 18:13:19,432 INFO Measurement at current 0.004723618090452262
2023-03-29 18:13:20,060 INFO T:138.29Â°K V:4.7801e+00V I:4.7236e-03A R:1.0120e+03ğ›€ E:1.4753e+02V/cm J:2.0672e-01A/cm2 ğ›’:7.1368e+02ğ›€ cm
2023-03-29 18:13:20,090 INFO Measurement at current 0.004773869346733669
2023-03-29 18:13:20,695 INFO T:138.28Â°K V:4.7907e+00V I:4.7739e-03A R:1.0035e+03ğ›€ E:1.4786e+02V/cm J:2.0892e-01A/cm2 ğ›’:7.0773e+02ğ›€ cm
2023-03-29 18:13:20,717 INFO Measurement at current 0.004824120603015076
2023-03-29 18:13:21,310 INFO T:138.28Â°K V:4.8007e+00V I:4.8241e-03A R:9.9515e+02ğ›€ E:1.4817e+02V/cm J:2.1112e-01A/cm2 ğ›’:7.0183e+02ğ›€ cm
2023-03-29 18:13:21,357 INFO Measurement at current 0.004874371859296483
2023-03-29 18:13:21,976 INFO T:138.27Â°K V:4.7786e+00V I:4.8744e-03A R:9.8036e+02ğ›€ E:1.4749e+02V/cm J:2.1332e-01A/cm2 ğ›’:6.9139e+02ğ›€ cm
2023-03-29 18:13:22,019 INFO Measurement at current 0.00492462311557789
2023-03-29 18:13:22,602 INFO T:138.26Â°K V:4.7721e+00V I:4.9246e-03A R:9.6902e+02ğ›€ E:1.4729e+02V/cm J:2.1552e-01A/cm2 ğ›’:6.8340e+02ğ›€ cm
2023-03-29 18:13:22,623 INFO Measurement at current 0.004974874371859297
2023-03-29 18:13:23,219 INFO T:138.25Â°K V:4.7781e+00V I:4.9749e-03A R:9.6044e+02ğ›€ E:1.4747e+02V/cm J:2.1772e-01A/cm2 ğ›’:6.7735e+02ğ›€ cm
2023-03-29 18:13:23,236 INFO Measurement at current 0.005025125628140704
2023-03-29 18:13:23,833 INFO T:138.24Â°K V:4.7639e+00V I:5.0251e-03A R:9.4801e+02ğ›€ E:1.4703e+02V/cm J:2.1992e-01A/cm2 ğ›’:6.6858e+02ğ›€ cm
2023-03-29 18:13:23,856 INFO Measurement at current 0.005075376884422111
2023-03-29 18:13:24,446 INFO T:138.23Â°K V:4.7639e+00V I:5.0754e-03A R:9.3864e+02ğ›€ E:1.4703e+02V/cm J:2.2212e-01A/cm2 ğ›’:6.6197e+02ğ›€ cm
2023-03-29 18:13:24,460 INFO Measurement at current 0.0051256281407035175
2023-03-29 18:13:25,054 INFO T:138.23Â°K V:4.7573e+00V I:5.1256e-03A R:9.2814e+02ğ›€ E:1.4683e+02V/cm J:2.2432e-01A/cm2 ğ›’:6.5457e+02ğ›€ cm
2023-03-29 18:13:25,077 INFO Measurement at current 0.0051758793969849245
2023-03-29 18:13:25,678 INFO T:138.22Â°K V:4.7628e+00V I:5.1759e-03A R:9.2020e+02ğ›€ E:1.4700e+02V/cm J:2.2652e-01A/cm2 ğ›’:6.4897e+02ğ›€ cm
2023-03-29 18:13:25,700 INFO Measurement at current 0.0052261306532663315
2023-03-29 18:13:26,301 INFO T:138.21Â°K V:4.7708e+00V I:5.2261e-03A R:9.1287e+02ğ›€ E:1.4725e+02V/cm J:2.2871e-01A/cm2 ğ›’:6.4380e+02ğ›€ cm
2023-03-29 18:13:26,319 INFO Measurement at current 0.0052763819095477385
2023-03-29 18:13:26,905 INFO T:138.20Â°K V:4.7837e+00V I:5.2764e-03A R:9.0662e+02ğ›€ E:1.4764e+02V/cm J:2.3091e-01A/cm2 ğ›’:6.3939e+02ğ›€ cm
2023-03-29 18:13:26,919 INFO Measurement at current 0.0053266331658291454
2023-03-29 18:13:27,507 INFO T:138.19Â°K V:4.7869e+00V I:5.3266e-03A R:8.9867e+02ğ›€ E:1.4774e+02V/cm J:2.3311e-01A/cm2 ğ›’:6.3379e+02ğ›€ cm
2023-03-29 18:13:27,534 INFO Measurement at current 0.005376884422110553
2023-03-29 18:13:28,133 INFO T:138.18Â°K V:4.7837e+00V I:5.3769e-03A R:8.8967e+02ğ›€ E:1.4764e+02V/cm J:2.3531e-01A/cm2 ğ›’:6.2744e+02ğ›€ cm
2023-03-29 18:13:28,155 INFO Measurement at current 0.00542713567839196
2023-03-29 18:13:28,748 INFO T:138.18Â°K V:4.7883e+00V I:5.4271e-03A R:8.8229e+02ğ›€ E:1.4779e+02V/cm J:2.3751e-01A/cm2 ğ›’:6.2223e+02ğ›€ cm
2023-03-29 18:13:28,763 INFO Measurement at current 0.005477386934673367
2023-03-29 18:13:29,351 INFO T:138.17Â°K V:4.7863e+00V I:5.4774e-03A R:8.7383e+02ğ›€ E:1.4773e+02V/cm J:2.3971e-01A/cm2 ğ›’:6.1627e+02ğ›€ cm
2023-03-29 18:13:29,398 INFO Measurement at current 0.005527638190954774
2023-03-29 18:13:29,985 INFO T:138.16Â°K V:4.7897e+00V I:5.5276e-03A R:8.6649e+02ğ›€ E:1.4783e+02V/cm J:2.4191e-01A/cm2 ğ›’:6.1109e+02ğ›€ cm
2023-03-29 18:13:30,003 INFO Measurement at current 0.005577889447236181
2023-03-29 18:13:30,597 INFO T:138.15Â°K V:4.8463e+00V I:5.5779e-03A R:8.6883e+02ğ›€ E:1.4958e+02V/cm J:2.4411e-01A/cm2 ğ›’:6.1274e+02ğ›€ cm
2023-03-29 18:13:30,639 INFO Measurement at current 0.005628140703517588
2023-03-29 18:13:31,241 INFO T:138.14Â°K V:4.8340e+00V I:5.6281e-03A R:8.5889e+02ğ›€ E:1.4920e+02V/cm J:2.4631e-01A/cm2 ğ›’:6.0573e+02ğ›€ cm
2023-03-29 18:13:31,263 INFO Measurement at current 0.005678391959798995
2023-03-29 18:13:31,861 INFO T:138.14Â°K V:4.8368e+00V I:5.6784e-03A R:8.5179e+02ğ›€ E:1.4928e+02V/cm J:2.4851e-01A/cm2 ğ›’:6.0072e+02ğ›€ cm
2023-03-29 18:13:31,883 INFO Measurement at current 0.005728643216080402
2023-03-29 18:13:32,481 INFO T:138.13Â°K V:4.9161e+00V I:5.7286e-03A R:8.5816e+02ğ›€ E:1.5173e+02V/cm J:2.5071e-01A/cm2 ğ›’:6.0522e+02ğ›€ cm
2023-03-29 18:13:32,497 INFO Measurement at current 0.005778894472361809
2023-03-29 18:13:33,108 INFO T:138.12Â°K V:4.8097e+00V I:5.7789e-03A R:8.3228e+02ğ›€ E:1.4845e+02V/cm J:2.5291e-01A/cm2 ğ›’:5.8697e+02ğ›€ cm
2023-03-29 18:13:33,128 INFO Measurement at current 0.005829145728643216
2023-03-29 18:13:33,716 INFO T:138.11Â°K V:4.8159e+00V I:5.8291e-03A R:8.2617e+02ğ›€ E:1.4864e+02V/cm J:2.5510e-01A/cm2 ğ›’:5.8265e+02ğ›€ cm
2023-03-29 18:13:33,733 INFO Measurement at current 0.005879396984924623
2023-03-29 18:13:34,323 INFO T:138.10Â°K V:4.8605e+00V I:5.8794e-03A R:8.2670e+02ğ›€ E:1.5002e+02V/cm J:2.5730e-01A/cm2 ğ›’:5.8303e+02ğ›€ cm
2023-03-29 18:13:34,347 INFO Measurement at current 0.00592964824120603
2023-03-29 18:13:34,947 INFO T:138.10Â°K V:4.8584e+00V I:5.9296e-03A R:8.1934e+02ğ›€ E:1.4995e+02V/cm J:2.5950e-01A/cm2 ğ›’:5.7784e+02ğ›€ cm
2023-03-29 18:13:34,977 INFO Measurement at current 0.005979899497487437
2023-03-29 18:13:35,579 INFO T:138.09Â°K V:4.7390e+00V I:5.9799e-03A R:7.9249e+02ğ›€ E:1.4627e+02V/cm J:2.6170e-01A/cm2 ğ›’:5.5890e+02ğ›€ cm
2023-03-29 18:13:35,597 INFO Measurement at current 0.006030150753768844
2023-03-29 18:13:36,183 INFO T:138.08Â°K V:4.7546e+00V I:6.0302e-03A R:7.8847e+02ğ›€ E:1.4675e+02V/cm J:2.6390e-01A/cm2 ğ›’:5.5607e+02ğ›€ cm
2023-03-29 18:13:36,216 INFO Measurement at current 0.006080402010050252
2023-03-29 18:13:36,817 INFO T:138.07Â°K V:4.7339e+00V I:6.0804e-03A R:7.7854e+02ğ›€ E:1.4611e+02V/cm J:2.6610e-01A/cm2 ğ›’:5.4907e+02ğ›€ cm
2023-03-29 18:13:36,838 INFO Measurement at current 0.006130653266331659
2023-03-29 18:13:37,428 INFO T:138.06Â°K V:4.7370e+00V I:6.1307e-03A R:7.7268e+02ğ›€ E:1.4620e+02V/cm J:2.6830e-01A/cm2 ğ›’:5.4493e+02ğ›€ cm
2023-03-29 18:13:37,445 INFO Measurement at current 0.006180904522613066
2023-03-29 18:13:38,027 INFO T:138.06Â°K V:4.7391e+00V I:6.1809e-03A R:7.6673e+02ğ›€ E:1.4627e+02V/cm J:2.7050e-01A/cm2 ğ›’:5.4073e+02ğ›€ cm
2023-03-29 18:13:38,061 INFO Measurement at current 0.006231155778894473
2023-03-29 18:13:38,660 INFO T:138.05Â°K V:4.7428e+00V I:6.2312e-03A R:7.6114e+02ğ›€ E:1.4638e+02V/cm J:2.7270e-01A/cm2 ğ›’:5.3679e+02ğ›€ cm
2023-03-29 18:13:38,676 INFO Measurement at current 0.00628140703517588
2023-03-29 18:13:39,264 INFO T:138.04Â°K V:4.7688e+00V I:6.2814e-03A R:7.5920e+02ğ›€ E:1.4719e+02V/cm J:2.7490e-01A/cm2 ğ›’:5.3542e+02ğ›€ cm
2023-03-29 18:13:39,282 INFO Measurement at current 0.006331658291457287
2023-03-29 18:13:39,876 INFO T:138.03Â°K V:4.7885e+00V I:6.3317e-03A R:7.5628e+02ğ›€ E:1.4779e+02V/cm J:2.7710e-01A/cm2 ğ›’:5.3337e+02ğ›€ cm
2023-03-29 18:13:39,901 INFO Measurement at current 0.006381909547738694
2023-03-29 18:13:40,488 INFO T:138.02Â°K V:4.7668e+00V I:6.3819e-03A R:7.4693e+02ğ›€ E:1.4712e+02V/cm J:2.7930e-01A/cm2 ğ›’:5.2677e+02ğ›€ cm
2023-03-29 18:13:40,524 INFO Measurement at current 0.006432160804020101
2023-03-29 18:13:41,122 INFO T:138.02Â°K V:5.1832e+00V I:6.4322e-03A R:8.0583e+02ğ›€ E:1.5998e+02V/cm J:2.8150e-01A/cm2 ğ›’:5.6831e+02ğ›€ cm
2023-03-29 18:13:41,138 INFO Measurement at current 0.006482412060301508
2023-03-29 18:13:41,722 INFO T:138.01Â°K V:5.1895e+00V I:6.4824e-03A R:8.0055e+02ğ›€ E:1.6017e+02V/cm J:2.8369e-01A/cm2 ğ›’:5.6459e+02ğ›€ cm
2023-03-29 18:13:41,737 INFO Measurement at current 0.006532663316582915
2023-03-29 18:13:42,323 INFO T:138.00Â°K V:5.1694e+00V I:6.5327e-03A R:7.9131e+02ğ›€ E:1.5955e+02V/cm J:2.8589e-01A/cm2 ğ›’:5.5807e+02ğ›€ cm
2023-03-29 18:13:42,337 INFO Measurement at current 0.0065829145728643216
2023-03-29 18:13:42,934 INFO T:137.99Â°K V:5.1388e+00V I:6.5829e-03A R:7.8063e+02ğ›€ E:1.5861e+02V/cm J:2.8809e-01A/cm2 ğ›’:5.5054e+02ğ›€ cm
2023-03-29 18:13:42,967 INFO Measurement at current 0.0066331658291457285
2023-03-29 18:13:43,568 INFO T:137.98Â°K V:5.1249e+00V I:6.6332e-03A R:7.7262e+02ğ›€ E:1.5818e+02V/cm J:2.9029e-01A/cm2 ğ›’:5.4489e+02ğ›€ cm
2023-03-29 18:13:43,592 INFO Measurement at current 0.0066834170854271355
2023-03-29 18:13:44,192 INFO T:137.98Â°K V:5.0951e+00V I:6.6834e-03A R:7.6235e+02ğ›€ E:1.5726e+02V/cm J:2.9249e-01A/cm2 ğ›’:5.3765e+02ğ›€ cm
2023-03-29 18:13:44,219 INFO Measurement at current 0.0067336683417085425
2023-03-29 18:13:44,808 INFO T:137.97Â°K V:5.0893e+00V I:6.7337e-03A R:7.5580e+02ğ›€ E:1.5708e+02V/cm J:2.9469e-01A/cm2 ğ›’:5.3302e+02ğ›€ cm
2023-03-29 18:13:44,827 INFO Measurement at current 0.0067839195979899495
2023-03-29 18:13:45,422 INFO T:137.96Â°K V:5.0408e+00V I:6.7839e-03A R:7.4306e+02ğ›€ E:1.5558e+02V/cm J:2.9689e-01A/cm2 ğ›’:5.2404e+02ğ›€ cm
2023-03-29 18:13:45,442 INFO Measurement at current 0.006834170854271357
2023-03-29 18:13:46,042 INFO T:137.95Â°K V:5.0451e+00V I:6.8342e-03A R:7.3821e+02ğ›€ E:1.5571e+02V/cm J:2.9909e-01A/cm2 ğ›’:5.2062e+02ğ›€ cm
2023-03-29 18:13:46,068 INFO Measurement at current 0.006884422110552764
2023-03-29 18:13:46,675 INFO T:137.94Â°K V:5.0219e+00V I:6.8844e-03A R:7.2946e+02ğ›€ E:1.5500e+02V/cm J:3.0129e-01A/cm2 ğ›’:5.1445e+02ğ›€ cm
2023-03-29 18:13:46,708 INFO Measurement at current 0.006934673366834171
2023-03-29 18:13:47,312 INFO T:137.94Â°K V:5.0234e+00V I:6.9347e-03A R:7.2439e+02ğ›€ E:1.5504e+02V/cm J:3.0349e-01A/cm2 ğ›’:5.1087e+02ğ›€ cm
2023-03-29 18:13:47,338 INFO Measurement at current 0.006984924623115578
2023-03-29 18:13:47,943 INFO T:137.93Â°K V:5.0525e+00V I:6.9849e-03A R:7.2334e+02ğ›€ E:1.5594e+02V/cm J:3.0569e-01A/cm2 ğ›’:5.1013e+02ğ›€ cm
2023-03-29 18:13:48,009 INFO Measurement at current 0.007035175879396985
2023-03-29 18:13:48,625 INFO T:137.92Â°K V:5.1483e+00V I:7.0352e-03A R:7.3180e+02ğ›€ E:1.5890e+02V/cm J:3.0789e-01A/cm2 ğ›’:5.1610e+02ğ›€ cm
2023-03-29 18:13:48,656 INFO Measurement at current 0.007085427135678392
2023-03-29 18:13:49,259 INFO T:137.91Â°K V:5.0875e+00V I:7.0854e-03A R:7.1802e+02ğ›€ E:1.5702e+02V/cm J:3.1008e-01A/cm2 ğ›’:5.0638e+02ğ›€ cm
2023-03-29 18:13:49,285 INFO Measurement at current 0.007135678391959799
2023-03-29 18:13:49,884 INFO T:137.90Â°K V:4.8107e+00V I:7.1357e-03A R:6.7418e+02ğ›€ E:1.4848e+02V/cm J:3.1228e-01A/cm2 ğ›’:4.7546e+02ğ›€ cm
2023-03-29 18:13:49,915 INFO Measurement at current 0.007185929648241206
2023-03-29 18:13:50,506 INFO T:137.90Â°K V:4.7665e+00V I:7.1859e-03A R:6.6330e+02ğ›€ E:1.4711e+02V/cm J:3.1448e-01A/cm2 ğ›’:4.6779e+02ğ›€ cm
2023-03-29 18:13:50,539 INFO Measurement at current 0.007236180904522613
2023-03-29 18:13:51,150 INFO T:137.89Â°K V:4.7023e+00V I:7.2362e-03A R:6.4983e+02ğ›€ E:1.4513e+02V/cm J:3.1668e-01A/cm2 ğ›’:4.5829e+02ğ›€ cm
2023-03-29 18:13:51,187 INFO Measurement at current 0.00728643216080402
2023-03-29 18:13:51,781 INFO T:137.88Â°K V:4.6381e+00V I:7.2864e-03A R:6.3654e+02ğ›€ E:1.4315e+02V/cm J:3.1888e-01A/cm2 ğ›’:4.4892e+02ğ›€ cm
2023-03-29 18:13:51,807 INFO Measurement at current 0.007336683417085427
2023-03-29 18:13:52,405 INFO T:137.87Â°K V:4.7310e+00V I:7.3367e-03A R:6.4484e+02ğ›€ E:1.4602e+02V/cm J:3.2108e-01A/cm2 ğ›’:4.5477e+02ğ›€ cm
2023-03-29 18:13:52,453 INFO Measurement at current 0.007386934673366834
2023-03-29 18:13:53,058 INFO T:137.86Â°K V:4.7151e+00V I:7.3869e-03A R:6.3831e+02ğ›€ E:1.4553e+02V/cm J:3.2328e-01A/cm2 ğ›’:4.5016e+02ğ›€ cm
2023-03-29 18:13:53,084 INFO Measurement at current 0.007437185929648241
2023-03-29 18:13:53,720 INFO T:137.85Â°K V:4.7011e+00V I:7.4372e-03A R:6.3211e+02ğ›€ E:1.4510e+02V/cm J:3.2548e-01A/cm2 ğ›’:4.4579e+02ğ›€ cm
2023-03-29 18:13:53,748 INFO Measurement at current 0.007487437185929648
2023-03-29 18:13:54,337 INFO T:137.85Â°K V:4.6886e+00V I:7.4874e-03A R:6.2619e+02ğ›€ E:1.4471e+02V/cm J:3.2768e-01A/cm2 ğ›’:4.4162e+02ğ›€ cm
2023-03-29 18:13:54,372 INFO Measurement at current 0.007537688442211056
2023-03-29 18:13:54,962 INFO T:137.84Â°K V:4.6860e+00V I:7.5377e-03A R:6.2167e+02ğ›€ E:1.4463e+02V/cm J:3.2988e-01A/cm2 ğ›’:4.3843e+02ğ›€ cm
2023-03-29 18:13:54,983 INFO Measurement at current 0.007587939698492463
2023-03-29 18:13:55,578 INFO T:137.83Â°K V:4.6765e+00V I:7.5879e-03A R:6.1631e+02ğ›€ E:1.4434e+02V/cm J:3.3208e-01A/cm2 ğ›’:4.3465e+02ğ›€ cm
2023-03-29 18:13:55,603 INFO Measurement at current 0.00763819095477387
2023-03-29 18:13:56,212 INFO T:137.82Â°K V:4.6706e+00V I:7.6382e-03A R:6.1148e+02ğ›€ E:1.4416e+02V/cm J:3.3428e-01A/cm2 ğ›’:4.3125e+02ğ›€ cm
2023-03-29 18:13:56,230 INFO Measurement at current 0.007688442211055277
2023-03-29 18:13:56,832 INFO T:137.81Â°K V:4.6687e+00V I:7.6884e-03A R:6.0724e+02ğ›€ E:1.4410e+02V/cm J:3.3647e-01A/cm2 ğ›’:4.2825e+02ğ›€ cm
2023-03-29 18:13:56,849 INFO Measurement at current 0.007738693467336684
2023-03-29 18:13:57,461 INFO T:137.81Â°K V:4.6636e+00V I:7.7387e-03A R:6.0263e+02ğ›€ E:1.4394e+02V/cm J:3.3867e-01A/cm2 ğ›’:4.2500e+02ğ›€ cm
2023-03-29 18:13:57,480 INFO Measurement at current 0.007788944723618091
2023-03-29 18:13:58,073 INFO T:137.80Â°K V:4.6739e+00V I:7.7889e-03A R:6.0007e+02ğ›€ E:1.4426e+02V/cm J:3.4087e-01A/cm2 ğ›’:4.2320e+02ğ›€ cm
2023-03-29 18:13:58,099 INFO Measurement at current 0.007839195979899497
2023-03-29 18:13:58,696 INFO T:137.79Â°K V:4.6834e+00V I:7.8392e-03A R:5.9744e+02ğ›€ E:1.4455e+02V/cm J:3.4307e-01A/cm2 ğ›’:4.2134e+02ğ›€ cm
2023-03-29 18:13:58,730 INFO Measurement at current 0.007889447236180906
2023-03-29 18:13:59,330 INFO T:137.78Â°K V:4.6661e+00V I:7.8894e-03A R:5.9144e+02ğ›€ E:1.4402e+02V/cm J:3.4527e-01A/cm2 ğ›’:4.1711e+02ğ›€ cm
2023-03-29 18:13:59,361 INFO Measurement at current 0.007939698492462312
2023-03-29 18:13:59,961 INFO T:137.78Â°K V:4.6641e+00V I:7.9397e-03A R:5.8744e+02ğ›€ E:1.4395e+02V/cm J:3.4747e-01A/cm2 ğ›’:4.1429e+02ğ›€ cm
2023-03-29 18:13:59,984 INFO Measurement at current 0.00798994974874372
2023-03-29 18:14:00,596 INFO T:137.77Â°K V:4.6636e+00V I:7.9899e-03A R:5.8368e+02ğ›€ E:1.4394e+02V/cm J:3.4967e-01A/cm2 ğ›’:4.1164e+02ğ›€ cm
2023-03-29 18:14:00,644 INFO Measurement at current 0.008040201005025126
2023-03-29 18:14:01,235 INFO T:137.76Â°K V:4.6553e+00V I:8.0402e-03A R:5.7901e+02ğ›€ E:1.4368e+02V/cm J:3.5187e-01A/cm2 ğ›’:4.0834e+02ğ›€ cm
2023-03-29 18:14:01,261 INFO Measurement at current 0.008090452261306533
2023-03-29 18:14:01,881 INFO T:137.75Â°K V:4.6445e+00V I:8.0905e-03A R:5.7407e+02ğ›€ E:1.4335e+02V/cm J:3.5407e-01A/cm2 ğ›’:4.0486e+02ğ›€ cm
2023-03-29 18:14:01,900 INFO Measurement at current 0.00814070351758794
2023-03-29 18:14:02,507 INFO T:137.74Â°K V:4.6318e+00V I:8.1407e-03A R:5.6897e+02ğ›€ E:1.4296e+02V/cm J:3.5627e-01A/cm2 ğ›’:4.0127e+02ğ›€ cm
2023-03-29 18:14:02,542 INFO Measurement at current 0.008190954773869347
2023-03-29 18:14:03,146 INFO T:137.74Â°K V:4.6064e+00V I:8.1910e-03A R:5.6238e+02ğ›€ E:1.4217e+02V/cm J:3.5847e-01A/cm2 ğ›’:3.9661e+02ğ›€ cm
2023-03-29 18:14:03,168 INFO Measurement at current 0.008241206030150754
2023-03-29 18:14:03,780 INFO T:137.73Â°K V:4.6001e+00V I:8.2412e-03A R:5.5819e+02ğ›€ E:1.4198e+02V/cm J:3.6067e-01A/cm2 ğ›’:3.9366e+02ğ›€ cm
2023-03-29 18:14:03,807 INFO Measurement at current 0.008291457286432161
2023-03-29 18:14:04,431 INFO T:137.72Â°K V:4.5969e+00V I:8.2915e-03A R:5.5441e+02ğ›€ E:1.4188e+02V/cm J:3.6286e-01A/cm2 ğ›’:3.9100e+02ğ›€ cm
2023-03-29 18:14:04,485 INFO Measurement at current 0.008341708542713568
2023-03-29 18:14:05,092 INFO T:137.71Â°K V:4.5883e+00V I:8.3417e-03A R:5.5005e+02ğ›€ E:1.4162e+02V/cm J:3.6506e-01A/cm2 ğ›’:3.8792e+02ğ›€ cm
2023-03-29 18:14:05,140 INFO Measurement at current 0.008391959798994975
2023-03-29 18:14:05,734 INFO T:137.70Â°K V:4.5767e+00V I:8.3920e-03A R:5.4537e+02ğ›€ E:1.4126e+02V/cm J:3.6726e-01A/cm2 ğ›’:3.8462e+02ğ›€ cm
2023-03-29 18:14:05,760 INFO Measurement at current 0.008442211055276382
2023-03-29 18:14:06,368 INFO T:137.69Â°K V:4.5611e+00V I:8.4422e-03A R:5.4027e+02ğ›€ E:1.4077e+02V/cm J:3.6946e-01A/cm2 ğ›’:3.8102e+02ğ›€ cm
2023-03-29 18:14:06,389 INFO Measurement at current 0.00849246231155779
2023-03-29 18:14:07,003 INFO T:137.69Â°K V:4.5429e+00V I:8.4925e-03A R:5.3494e+02ğ›€ E:1.4021e+02V/cm J:3.7166e-01A/cm2 ğ›’:3.7726e+02ğ›€ cm
2023-03-29 18:14:07,028 INFO Measurement at current 0.008542713567839196
2023-03-29 18:14:07,625 INFO T:137.68Â°K V:4.5340e+00V I:8.5427e-03A R:5.3075e+02ğ›€ E:1.3994e+02V/cm J:3.7386e-01A/cm2 ğ›’:3.7431e+02ğ›€ cm
2023-03-29 18:14:07,647 INFO Measurement at current 0.008592964824120603
2023-03-29 18:14:08,248 INFO T:137.67Â°K V:4.5267e+00V I:8.5930e-03A R:5.2679e+02ğ›€ E:1.3971e+02V/cm J:3.7606e-01A/cm2 ğ›’:3.7152e+02ğ›€ cm
2023-03-29 18:14:08,270 INFO Measurement at current 0.00864321608040201
2023-03-29 18:14:08,856 INFO T:137.66Â°K V:4.5259e+00V I:8.6432e-03A R:5.2363e+02ğ›€ E:1.3969e+02V/cm J:3.7826e-01A/cm2 ğ›’:3.6929e+02ğ›€ cm
2023-03-29 18:14:08,871 INFO Measurement at current 0.008693467336683417
2023-03-29 18:14:09,464 INFO T:137.66Â°K V:4.5188e+00V I:8.6935e-03A R:5.1979e+02ğ›€ E:1.3947e+02V/cm J:3.8046e-01A/cm2 ğ›’:3.6658e+02ğ›€ cm
2023-03-29 18:14:09,483 INFO Measurement at current 0.008743718592964824
2023-03-29 18:14:10,108 INFO T:137.65Â°K V:3.7692e+00V I:8.7437e-03A R:4.3107e+02ğ›€ E:1.1633e+02V/cm J:3.8266e-01A/cm2 ğ›’:3.0401e+02ğ›€ cm
2023-03-29 18:14:10,128 INFO Measurement at current 0.008793969849246231
2023-03-29 18:14:10,732 INFO T:137.64Â°K V:3.8197e+00V I:8.7940e-03A R:4.3435e+02ğ›€ E:1.1789e+02V/cm J:3.8486e-01A/cm2 ğ›’:3.0632e+02ğ›€ cm
2023-03-29 18:14:10,775 INFO Measurement at current 0.008844221105527638
2023-03-29 18:14:11,376 INFO T:137.63Â°K V:3.8348e+00V I:8.8442e-03A R:4.3360e+02ğ›€ E:1.1836e+02V/cm J:3.8706e-01A/cm2 ğ›’:3.0579e+02ğ›€ cm
2023-03-29 18:14:11,410 INFO Measurement at current 0.008894472361809045
2023-03-29 18:14:12,017 INFO T:137.62Â°K V:3.8220e+00V I:8.8945e-03A R:4.2971e+02ğ›€ E:1.1796e+02V/cm J:3.8925e-01A/cm2 ğ›’:3.0305e+02ğ›€ cm
2023-03-29 18:14:12,037 INFO Measurement at current 0.008944723618090452
2023-03-29 18:14:12,644 INFO T:137.62Â°K V:3.8057e+00V I:8.9447e-03A R:4.2546e+02ğ›€ E:1.1746e+02V/cm J:3.9145e-01A/cm2 ğ›’:3.0006e+02ğ›€ cm
2023-03-29 18:14:12,662 INFO Measurement at current 0.008994974874371859
2023-03-29 18:14:13,282 INFO T:137.61Â°K V:3.7949e+00V I:8.9950e-03A R:4.2190e+02ğ›€ E:1.1713e+02V/cm J:3.9365e-01A/cm2 ğ›’:2.9754e+02ğ›€ cm
2023-03-29 18:14:13,314 INFO Measurement at current 0.009045226130653266
2023-03-29 18:14:13,917 INFO T:137.60Â°K V:3.7865e+00V I:9.0452e-03A R:4.1861e+02ğ›€ E:1.1687e+02V/cm J:3.9585e-01A/cm2 ğ›’:2.9523e+02ğ›€ cm
2023-03-29 18:14:13,949 INFO Measurement at current 0.009095477386934673
2023-03-29 18:14:14,569 INFO T:137.59Â°K V:3.7858e+00V I:9.0955e-03A R:4.1622e+02ğ›€ E:1.1684e+02V/cm J:3.9805e-01A/cm2 ğ›’:2.9354e+02ğ›€ cm
2023-03-29 18:14:14,621 INFO Measurement at current 0.00914572864321608
2023-03-29 18:14:15,244 INFO T:137.58Â°K V:3.7930e+00V I:9.1457e-03A R:4.1473e+02ğ›€ E:1.1707e+02V/cm J:4.0025e-01A/cm2 ğ›’:2.9249e+02ğ›€ cm
2023-03-29 18:14:15,271 INFO Measurement at current 0.009195979899497487
2023-03-29 18:14:15,880 INFO T:137.58Â°K V:3.7878e+00V I:9.1960e-03A R:4.1190e+02ğ›€ E:1.1691e+02V/cm J:4.0245e-01A/cm2 ğ›’:2.9049e+02ğ›€ cm
2023-03-29 18:14:15,911 INFO Measurement at current 0.009246231155778894
2023-03-29 18:14:16,526 INFO T:137.57Â°K V:3.7817e+00V I:9.2462e-03A R:4.0900e+02ğ›€ E:1.1672e+02V/cm J:4.0465e-01A/cm2 ğ›’:2.8844e+02ğ›€ cm
2023-03-29 18:14:16,542 INFO Measurement at current 0.009296482412060303
2023-03-29 18:14:17,126 INFO T:137.56Â°K V:3.7732e+00V I:9.2965e-03A R:4.0588e+02ğ›€ E:1.1646e+02V/cm J:4.0685e-01A/cm2 ğ›’:2.8624e+02ğ›€ cm
2023-03-29 18:14:17,140 INFO Measurement at current 0.00934673366834171
2023-03-29 18:14:17,740 INFO T:137.55Â°K V:3.7759e+00V I:9.3467e-03A R:4.0398e+02ğ›€ E:1.1654e+02V/cm J:4.0905e-01A/cm2 ğ›’:2.8491e+02ğ›€ cm
2023-03-29 18:14:17,764 INFO Measurement at current 0.009396984924623117
2023-03-29 18:14:18,366 INFO T:137.54Â°K V:3.7754e+00V I:9.3970e-03A R:4.0177e+02ğ›€ E:1.1653e+02V/cm J:4.1125e-01A/cm2 ğ›’:2.8335e+02ğ›€ cm
2023-03-29 18:14:18,391 INFO Measurement at current 0.009447236180904523
2023-03-29 18:14:18,990 INFO T:137.54Â°K V:3.7765e+00V I:9.4472e-03A R:3.9975e+02ğ›€ E:1.1656e+02V/cm J:4.1345e-01A/cm2 ğ›’:2.8192e+02ğ›€ cm
2023-03-29 18:14:19,008 INFO Measurement at current 0.00949748743718593
2023-03-29 18:14:19,640 INFO T:137.53Â°K V:3.7802e+00V I:9.4975e-03A R:3.9802e+02ğ›€ E:1.1667e+02V/cm J:4.1564e-01A/cm2 ğ›’:2.8070e+02ğ›€ cm
2023-03-29 18:14:19,684 INFO Measurement at current 0.009547738693467337
2023-03-29 18:14:20,298 INFO T:137.52Â°K V:3.7797e+00V I:9.5477e-03A R:3.9588e+02ğ›€ E:1.1666e+02V/cm J:4.1784e-01A/cm2 ğ›’:2.7919e+02ğ›€ cm
2023-03-29 18:14:20,322 INFO Measurement at current 0.009597989949748744
2023-03-29 18:14:20,934 INFO T:137.51Â°K V:3.7787e+00V I:9.5980e-03A R:3.9370e+02ğ›€ E:1.1663e+02V/cm J:4.2004e-01A/cm2 ğ›’:2.7765e+02ğ›€ cm
2023-03-29 18:14:20,956 INFO Measurement at current 0.009648241206030151
2023-03-29 18:14:21,546 INFO T:137.50Â°K V:3.7752e+00V I:9.6482e-03A R:3.9128e+02ğ›€ E:1.1652e+02V/cm J:4.2224e-01A/cm2 ğ›’:2.7595e+02ğ›€ cm
2023-03-29 18:14:21,573 INFO Measurement at current 0.009698492462311558
2023-03-29 18:14:22,184 INFO T:137.50Â°K V:3.7770e+00V I:9.6985e-03A R:3.8944e+02ğ›€ E:1.1657e+02V/cm J:4.2444e-01A/cm2 ğ›’:2.7465e+02ğ›€ cm
2023-03-29 18:14:22,209 INFO Measurement at current 0.009748743718592965
2023-03-29 18:14:22,795 INFO T:137.49Â°K V:3.7828e+00V I:9.7487e-03A R:3.8803e+02ğ›€ E:1.1675e+02V/cm J:4.2664e-01A/cm2 ğ›’:2.7365e+02ğ›€ cm
2023-03-29 18:14:22,853 INFO Measurement at current 0.009798994974874372
2023-03-29 18:14:23,450 INFO T:137.48Â°K V:3.7925e+00V I:9.7990e-03A R:3.8703e+02ğ›€ E:1.1705e+02V/cm J:4.2884e-01A/cm2 ğ›’:2.7295e+02ğ›€ cm
2023-03-29 18:14:23,469 INFO Measurement at current 0.00984924623115578
2023-03-29 18:14:24,058 INFO T:137.47Â°K V:3.8080e+00V I:9.8492e-03A R:3.8662e+02ğ›€ E:1.1753e+02V/cm J:4.3104e-01A/cm2 ğ›’:2.7267e+02ğ›€ cm
2023-03-29 18:14:24,090 INFO Measurement at current 0.009899497487437186
2023-03-29 18:14:24,690 INFO T:137.47Â°K V:3.8176e+00V I:9.8995e-03A R:3.8564e+02ğ›€ E:1.1783e+02V/cm J:4.3324e-01A/cm2 ğ›’:2.7197e+02ğ›€ cm
2023-03-29 18:14:24,710 INFO Measurement at current 0.009949748743718593
2023-03-29 18:14:25,313 INFO T:137.46Â°K V:3.8193e+00V I:9.9497e-03A R:3.8386e+02ğ›€ E:1.1788e+02V/cm J:4.3544e-01A/cm2 ğ›’:2.7072e+02ğ›€ cm
2023-03-29 18:14:25,327 INFO Measurement at current 0.01
2023-03-29 18:14:25,912 INFO T:137.45Â°K V:3.8204e+00V I:1.0000e-02A R:3.8204e+02ğ›€ E:1.1791e+02V/cm J:4.3764e-01A/cm2 ğ›’:2.6943e+02ğ›€ cm
2023-03-29 18:15:01,101 INFO Save the description file
2023-03-29 18:15:01,105 INFO Save data in numpy format Esperimenti/CPRO_MUSA_290323_I_V/CPRO_MUSA_290323_I_V_current_from_0_to_100e-4A/CPRO_MUSA_290323_I_V_current_from_0_to_100e-4A-20230329181459
2023-03-29 18:15:01,130 INFO Save data in CSV format Esperimenti/CPRO_MUSA_290323_I_V/CPRO_MUSA_290323_I_V_current_from_0_to_100e-4A/CPRO_MUSA_290323_I_V_current_from_0_to_100e-4A-20230329181459.csv
2023-03-29 18:15:01,164 INFO Save plot as image Esperimenti/CPRO_MUSA_290323_I_V/CPRO_MUSA_290323_I_V_current_from_0_to_100e-4A/CPRO_MUSA_290323_I_V_current_from_0_to_100e-4A-20230329181459.png
