2023-03-29 15:50:52,598 INFO ### Start experiment: CPRO_MUSA_290323_I_V current from 0 to 100e-4A ###
2023-03-29 15:50:53,941 INFO Found Multimeter KEITHLEY INSTRUMENTS INC.,MODEL 2700,0884890,B03  /A02  

2023-03-29 15:50:54,969 INFO Found Nanovolt Meter KEITHLEY INSTRUMENTS INC.,MODEL 2182A,4056474,C03  /A02  

2023-03-29 15:50:55,077 INFO Found Source Meter KEITHLEY INSTRUMENTS INC.,MODEL 2400,0945684,C24   Feb 14 2002 11:59:45/A02  /K/H

2023-03-29 15:50:55,202 INFO Start the measurement loop
2023-03-29 15:51:05,927 INFO Measurement at current 0.0
2023-03-29 15:51:06,849 INFO T:193.89Â°K V:-9.2388e-05V I:0.0000e+00A R:-infğ›€ E:-2.8515e-03V/cm J:0.0000e+00A/cm2 ğ›’:-infğ›€ cm
2023-03-29 15:51:06,871 INFO Measurement at current 5.0251256281407036e-05
2023-03-29 15:51:08,112 INFO T:193.88Â°K V:3.3421e-02V I:5.0251e-05A R:6.6508e+02ğ›€ E:1.0315e+00V/cm J:2.1992e-03A/cm2 ğ›’:4.6904e+02ğ›€ cm
2023-03-29 15:51:08,130 INFO Measurement at current 0.00010050251256281407
2023-03-29 15:51:08,738 INFO T:193.87Â°K V:6.5628e-02V I:1.0050e-04A R:6.5300e+02ğ›€ E:2.0256e+00V/cm J:4.3984e-03A/cm2 ğ›’:4.6053e+02ğ›€ cm
2023-03-29 15:51:08,757 INFO Measurement at current 0.00015075376884422112
2023-03-29 15:51:09,344 INFO T:193.87Â°K V:9.6360e-02V I:1.5075e-04A R:6.3919e+02ğ›€ E:2.9741e+00V/cm J:6.5975e-03A/cm2 ğ›’:4.5079e+02ğ›€ cm
2023-03-29 15:51:09,362 INFO Measurement at current 0.00020100502512562814
2023-03-29 15:51:10,690 INFO T:193.85Â°K V:1.2732e-01V I:2.0101e-04A R:6.3340e+02ğ›€ E:3.9296e+00V/cm J:8.7967e-03A/cm2 ğ›’:4.4671e+02ğ›€ cm
2023-03-29 15:51:10,716 INFO Measurement at current 0.0002512562814070352
2023-03-29 15:51:11,316 INFO T:193.85Â°K V:1.5818e-01V I:2.5126e-04A R:6.2954e+02ğ›€ E:4.8820e+00V/cm J:1.0996e-02A/cm2 ğ›’:4.4398e+02ğ›€ cm
2023-03-29 15:51:11,333 INFO Measurement at current 0.00030150753768844223
2023-03-29 15:51:11,931 INFO T:193.84Â°K V:1.9072e-01V I:3.0151e-04A R:6.3255e+02ğ›€ E:5.8864e+00V/cm J:1.3195e-02A/cm2 ğ›’:4.4611e+02ğ›€ cm
2023-03-29 15:51:11,954 INFO Measurement at current 0.00035175879396984926
2023-03-29 15:51:12,555 INFO T:193.84Â°K V:2.2089e-01V I:3.5176e-04A R:6.2797e+02ğ›€ E:6.8177e+00V/cm J:1.5394e-02A/cm2 ğ›’:4.4287e+02ğ›€ cm
2023-03-29 15:51:12,577 INFO Measurement at current 0.0004020100502512563
2023-03-29 15:51:13,178 INFO T:193.83Â°K V:2.5105e-01V I:4.0201e-04A R:6.2449e+02ğ›€ E:7.7485e+00V/cm J:1.7593e-02A/cm2 ğ›’:4.4042e+02ğ›€ cm
2023-03-29 15:51:13,193 INFO Measurement at current 0.0004522613065326633
2023-03-29 15:51:13,782 INFO T:193.83Â°K V:2.8142e-01V I:4.5226e-04A R:6.2226e+02ğ›€ E:8.6859e+00V/cm J:1.9793e-02A/cm2 ğ›’:4.3884e+02ğ›€ cm
2023-03-29 15:51:13,800 INFO Measurement at current 0.0005025125628140704
2023-03-29 15:51:14,397 INFO T:193.82Â°K V:3.0576e-01V I:5.0251e-04A R:6.0847e+02ğ›€ E:9.4371e+00V/cm J:2.1992e-02A/cm2 ğ›’:4.2912e+02ğ›€ cm
2023-03-29 15:51:14,416 INFO Measurement at current 0.0005527638190954774
2023-03-29 15:51:15,006 INFO T:193.81Â°K V:3.3693e-01V I:5.5276e-04A R:6.0954e+02ğ›€ E:1.0399e+01V/cm J:2.4191e-02A/cm2 ğ›’:4.2988e+02ğ›€ cm
2023-03-29 15:51:15,029 INFO Measurement at current 0.0006030150753768845
2023-03-29 15:51:15,638 INFO T:193.81Â°K V:3.7076e-01V I:6.0302e-04A R:6.1484e+02ğ›€ E:1.1443e+01V/cm J:2.6390e-02A/cm2 ğ›’:4.3362e+02ğ›€ cm
2023-03-29 15:51:15,661 INFO Measurement at current 0.0006532663316582914
2023-03-29 15:51:16,260 INFO T:193.80Â°K V:4.0724e-01V I:6.5327e-04A R:6.2339e+02ğ›€ E:1.2569e+01V/cm J:2.8589e-02A/cm2 ğ›’:4.3965e+02ğ›€ cm
2023-03-29 15:51:16,278 INFO Measurement at current 0.0007035175879396985
2023-03-29 15:51:16,870 INFO T:193.80Â°K V:4.3869e-01V I:7.0352e-04A R:6.2357e+02ğ›€ E:1.3540e+01V/cm J:3.0789e-02A/cm2 ğ›’:4.3977e+02ğ›€ cm
2023-03-29 15:51:16,888 INFO Measurement at current 0.0007537688442211055
2023-03-29 15:51:17,483 INFO T:193.79Â°K V:4.6403e-01V I:7.5377e-04A R:6.1561e+02ğ›€ E:1.4322e+01V/cm J:3.2988e-02A/cm2 ğ›’:4.3415e+02ğ›€ cm
2023-03-29 15:51:17,500 INFO Measurement at current 0.0008040201005025126
2023-03-29 15:51:18,087 INFO T:193.79Â°K V:4.9326e-01V I:8.0402e-04A R:6.1349e+02ğ›€ E:1.5224e+01V/cm J:3.5187e-02A/cm2 ğ›’:4.3266e+02ğ›€ cm
2023-03-29 15:51:18,111 INFO Measurement at current 0.0008542713567839197
2023-03-29 15:51:18,709 INFO T:193.78Â°K V:5.1538e-01V I:8.5427e-04A R:6.0329e+02ğ›€ E:1.5907e+01V/cm J:3.7386e-02A/cm2 ğ›’:4.2547e+02ğ›€ cm
2023-03-29 15:51:18,733 INFO Measurement at current 0.0009045226130653266
2023-03-29 15:51:19,345 INFO T:193.77Â°K V:5.3884e-01V I:9.0452e-04A R:5.9571e+02ğ›€ E:1.6631e+01V/cm J:3.9585e-02A/cm2 ğ›’:4.2013e+02ğ›€ cm
2023-03-29 15:51:19,365 INFO Measurement at current 0.0009547738693467337
2023-03-29 15:51:19,951 INFO T:193.77Â°K V:5.6458e-01V I:9.5477e-04A R:5.9132e+02ğ›€ E:1.7425e+01V/cm J:4.1784e-02A/cm2 ğ›’:4.1703e+02ğ›€ cm
2023-03-29 15:51:19,983 INFO Measurement at current 0.0010050251256281408
2023-03-29 15:51:20,576 INFO T:193.76Â°K V:5.9379e-01V I:1.0050e-03A R:5.9082e+02ğ›€ E:1.8327e+01V/cm J:4.3984e-02A/cm2 ğ›’:4.1668e+02ğ›€ cm
2023-03-29 15:51:20,599 INFO Measurement at current 0.0010552763819095478
2023-03-29 15:51:21,206 INFO T:193.76Â°K V:6.2158e-01V I:1.0553e-03A R:5.8902e+02ğ›€ E:1.9184e+01V/cm J:4.6183e-02A/cm2 ğ›’:4.1540e+02ğ›€ cm
2023-03-29 15:51:21,228 INFO Measurement at current 0.0011055276381909548
2023-03-29 15:51:21,829 INFO T:193.75Â°K V:6.5032e-01V I:1.1055e-03A R:5.8824e+02ğ›€ E:2.0072e+01V/cm J:4.8382e-02A/cm2 ğ›’:4.1486e+02ğ›€ cm
2023-03-29 15:51:21,850 INFO Measurement at current 0.0011557788944723617
2023-03-29 15:51:22,454 INFO T:193.75Â°K V:6.7569e-01V I:1.1558e-03A R:5.8462e+02ğ›€ E:2.0855e+01V/cm J:5.0581e-02A/cm2 ğ›’:4.1230e+02ğ›€ cm
2023-03-29 15:51:22,477 INFO Measurement at current 0.001206030150753769
2023-03-29 15:51:23,072 INFO T:193.74Â°K V:7.0329e-01V I:1.2060e-03A R:5.8315e+02ğ›€ E:2.1707e+01V/cm J:5.2780e-02A/cm2 ğ›’:4.1126e+02ğ›€ cm
2023-03-29 15:51:23,092 INFO Measurement at current 0.001256281407035176
2023-03-29 15:51:23,680 INFO T:193.74Â°K V:7.3075e-01V I:1.2563e-03A R:5.8168e+02ğ›€ E:2.2554e+01V/cm J:5.4979e-02A/cm2 ğ›’:4.1023e+02ğ›€ cm
2023-03-29 15:51:23,703 INFO Measurement at current 0.0013065326633165829
2023-03-29 15:51:24,304 INFO T:193.73Â°K V:7.5775e-01V I:1.3065e-03A R:5.7997e+02ğ›€ E:2.3387e+01V/cm J:5.7179e-02A/cm2 ğ›’:4.0902e+02ğ›€ cm
2023-03-29 15:51:24,334 INFO Measurement at current 0.00135678391959799
2023-03-29 15:51:24,931 INFO T:193.72Â°K V:7.8314e-01V I:1.3568e-03A R:5.7720e+02ğ›€ E:2.4171e+01V/cm J:5.9378e-02A/cm2 ğ›’:4.0707e+02ğ›€ cm
2023-03-29 15:51:24,951 INFO Measurement at current 0.001407035175879397
2023-03-29 15:51:25,543 INFO T:193.72Â°K V:8.0521e-01V I:1.4070e-03A R:5.7228e+02ğ›€ E:2.4852e+01V/cm J:6.1577e-02A/cm2 ğ›’:4.0360e+02ğ›€ cm
2023-03-29 15:51:25,562 INFO Measurement at current 0.001457286432160804
2023-03-29 15:51:26,153 INFO T:193.71Â°K V:8.3211e-01V I:1.4573e-03A R:5.7100e+02ğ›€ E:2.5682e+01V/cm J:6.3776e-02A/cm2 ğ›’:4.0270e+02ğ›€ cm
2023-03-29 15:51:26,168 INFO Measurement at current 0.001507537688442211
2023-03-29 15:51:26,763 INFO T:193.71Â°K V:8.5206e-01V I:1.5075e-03A R:5.6520e+02ğ›€ E:2.6298e+01V/cm J:6.5975e-02A/cm2 ğ›’:3.9860e+02ğ›€ cm
2023-03-29 15:51:26,786 INFO Measurement at current 0.0015577889447236182
2023-03-29 15:51:27,386 INFO T:193.70Â°K V:8.7323e-01V I:1.5578e-03A R:5.6056e+02ğ›€ E:2.6951e+01V/cm J:6.8175e-02A/cm2 ğ›’:3.9533e+02ğ›€ cm
2023-03-29 15:51:27,402 INFO Measurement at current 0.0016080402010050252
2023-03-29 15:51:27,996 INFO T:193.70Â°K V:8.9967e-01V I:1.6080e-03A R:5.5948e+02ğ›€ E:2.7768e+01V/cm J:7.0374e-02A/cm2 ğ›’:3.9457e+02ğ›€ cm
2023-03-29 15:51:28,015 INFO Measurement at current 0.0016582914572864321
2023-03-29 15:51:28,607 INFO T:193.69Â°K V:9.1904e-01V I:1.6583e-03A R:5.5421e+02ğ›€ E:2.8365e+01V/cm J:7.2573e-02A/cm2 ğ›’:3.9085e+02ğ›€ cm
2023-03-29 15:51:28,634 INFO Measurement at current 0.0017085427135678393
2023-03-29 15:51:29,248 INFO T:193.69Â°K V:9.3929e-01V I:1.7085e-03A R:5.4976e+02ğ›€ E:2.8990e+01V/cm J:7.4772e-02A/cm2 ğ›’:3.8772e+02ğ›€ cm
2023-03-29 15:51:29,264 INFO Measurement at current 0.0017587939698492463
2023-03-29 15:51:29,855 INFO T:193.68Â°K V:9.6233e-01V I:1.7588e-03A R:5.4716e+02ğ›€ E:2.9702e+01V/cm J:7.6971e-02A/cm2 ğ›’:3.8588e+02ğ›€ cm
2023-03-29 15:51:29,881 INFO Measurement at current 0.0018090452261306533
2023-03-29 15:51:30,480 INFO T:193.67Â°K V:9.9115e-01V I:1.8090e-03A R:5.4788e+02ğ›€ E:3.0591e+01V/cm J:7.9170e-02A/cm2 ğ›’:3.8639e+02ğ›€ cm
2023-03-29 15:51:30,502 INFO Measurement at current 0.0018592964824120603
2023-03-29 15:51:31,094 INFO T:193.67Â°K V:1.0117e+00V I:1.8593e-03A R:5.4416e+02ğ›€ E:3.1227e+01V/cm J:8.1370e-02A/cm2 ğ›’:3.8376e+02ğ›€ cm
2023-03-29 15:51:31,112 INFO Measurement at current 0.0019095477386934674
2023-03-29 15:51:31,704 INFO T:193.66Â°K V:1.0292e+00V I:1.9095e-03A R:5.3899e+02ğ›€ E:3.1767e+01V/cm J:8.3569e-02A/cm2 ğ›’:3.8012e+02ğ›€ cm
2023-03-29 15:51:31,723 INFO Measurement at current 0.001959798994974874
2023-03-29 15:51:32,308 INFO T:193.66Â°K V:1.0476e+00V I:1.9598e-03A R:5.3452e+02ğ›€ E:3.2332e+01V/cm J:8.5768e-02A/cm2 ğ›’:3.7697e+02ğ›€ cm
2023-03-29 15:51:32,332 INFO Measurement at current 0.0020100502512562816
2023-03-29 15:51:32,935 INFO T:193.65Â°K V:1.0728e+00V I:2.0101e-03A R:5.3372e+02ğ›€ E:3.3111e+01V/cm J:8.7967e-02A/cm2 ğ›’:3.7640e+02ğ›€ cm
2023-03-29 15:51:32,959 INFO Measurement at current 0.0020603015075376886
2023-03-29 15:51:33,558 INFO T:193.65Â°K V:1.0935e+00V I:2.0603e-03A R:5.3077e+02ğ›€ E:3.3751e+01V/cm J:9.0166e-02A/cm2 ğ›’:3.7432e+02ğ›€ cm
2023-03-29 15:51:33,573 INFO Measurement at current 0.0021105527638190956
2023-03-29 15:51:34,170 INFO T:193.64Â°K V:1.1100e+00V I:2.1106e-03A R:5.2594e+02ğ›€ E:3.4260e+01V/cm J:9.2366e-02A/cm2 ğ›’:3.7092e+02ğ›€ cm
2023-03-29 15:51:34,194 INFO Measurement at current 0.0021608040201005025
2023-03-29 15:51:34,794 INFO T:193.64Â°K V:1.1324e+00V I:2.1608e-03A R:5.2408e+02ğ›€ E:3.4952e+01V/cm J:9.4565e-02A/cm2 ğ›’:3.6961e+02ğ›€ cm
2023-03-29 15:51:34,814 INFO Measurement at current 0.0022110552763819095
2023-03-29 15:51:35,412 INFO T:193.63Â°K V:1.1616e+00V I:2.2111e-03A R:5.2537e+02ğ›€ E:3.5852e+01V/cm J:9.6764e-02A/cm2 ğ›’:3.7051e+02ğ›€ cm
2023-03-29 15:51:35,427 INFO Measurement at current 0.0022613065326633165
2023-03-29 15:51:36,039 INFO T:193.62Â°K V:1.1827e+00V I:2.2613e-03A R:5.2303e+02ğ›€ E:3.6504e+01V/cm J:9.8963e-02A/cm2 ğ›’:3.6886e+02ğ›€ cm
2023-03-29 15:51:36,060 INFO Measurement at current 0.0023115577889447235
2023-03-29 15:51:36,661 INFO T:193.62Â°K V:1.1973e+00V I:2.3116e-03A R:5.1798e+02ğ›€ E:3.6955e+01V/cm J:1.0116e-01A/cm2 ğ›’:3.6530e+02ğ›€ cm
2023-03-29 15:51:36,681 INFO Measurement at current 0.002361809045226131
2023-03-29 15:51:38,002 INFO T:193.61Â°K V:1.1879e+00V I:2.3618e-03A R:5.0298e+02ğ›€ E:3.6665e+01V/cm J:1.0336e-01A/cm2 ğ›’:3.5472e+02ğ›€ cm
2023-03-29 15:51:38,018 INFO Measurement at current 0.002412060301507538
2023-03-29 15:51:38,615 INFO T:193.60Â°K V:1.2099e+00V I:2.4121e-03A R:5.0159e+02ğ›€ E:3.7341e+01V/cm J:1.0556e-01A/cm2 ğ›’:3.5374e+02ğ›€ cm
2023-03-29 15:51:38,638 INFO Measurement at current 0.002462311557788945
2023-03-29 15:51:39,233 INFO T:193.60Â°K V:1.2403e+00V I:2.4623e-03A R:5.0370e+02ğ›€ E:3.8280e+01V/cm J:1.0776e-01A/cm2 ğ›’:3.5523e+02ğ›€ cm
2023-03-29 15:51:39,259 INFO Measurement at current 0.002512562814070352
2023-03-29 15:51:39,847 INFO T:193.59Â°K V:1.2554e+00V I:2.5126e-03A R:4.9964e+02ğ›€ E:3.8746e+01V/cm J:1.0996e-01A/cm2 ğ›’:3.5237e+02ğ›€ cm
2023-03-29 15:51:39,866 INFO Measurement at current 0.0025628140703517588
2023-03-29 15:51:40,458 INFO T:193.59Â°K V:1.2816e+00V I:2.5628e-03A R:5.0008e+02ğ›€ E:3.9556e+01V/cm J:1.1216e-01A/cm2 ğ›’:3.5268e+02ğ›€ cm
2023-03-29 15:51:40,475 INFO Measurement at current 0.0026130653266331657
2023-03-29 15:51:41,068 INFO T:193.58Â°K V:1.2990e+00V I:2.6131e-03A R:4.9712e+02ğ›€ E:4.0093e+01V/cm J:1.1436e-01A/cm2 ğ›’:3.5059e+02ğ›€ cm
2023-03-29 15:51:41,105 INFO Measurement at current 0.0026633165829145727
2023-03-29 15:51:41,695 INFO T:193.57Â°K V:1.3079e+00V I:2.6633e-03A R:4.9110e+02ğ›€ E:4.0369e+01V/cm J:1.1656e-01A/cm2 ğ›’:3.4634e+02ğ›€ cm
2023-03-29 15:51:41,721 INFO Measurement at current 0.00271356783919598
2023-03-29 15:51:42,319 INFO T:193.57Â°K V:1.3249e+00V I:2.7136e-03A R:4.8824e+02ğ›€ E:4.0891e+01V/cm J:1.1876e-01A/cm2 ğ›’:3.4433e+02ğ›€ cm
2023-03-29 15:51:42,345 INFO Measurement at current 0.002763819095477387
2023-03-29 15:51:42,933 INFO T:193.56Â°K V:1.3411e+00V I:2.7638e-03A R:4.8522e+02ğ›€ E:4.1391e+01V/cm J:1.2095e-01A/cm2 ğ›’:3.4220e+02ğ›€ cm
2023-03-29 15:51:42,948 INFO Measurement at current 0.002814070351758794
2023-03-29 15:51:43,532 INFO T:193.56Â°K V:1.3418e+00V I:2.8141e-03A R:4.7683e+02ğ›€ E:4.1414e+01V/cm J:1.2315e-01A/cm2 ğ›’:3.3628e+02ğ›€ cm
2023-03-29 15:51:43,559 INFO Measurement at current 0.002864321608040201
2023-03-29 15:51:44,146 INFO T:193.55Â°K V:1.3564e+00V I:2.8643e-03A R:4.7354e+02ğ›€ E:4.1863e+01V/cm J:1.2535e-01A/cm2 ğ›’:3.3396e+02ğ›€ cm
2023-03-29 15:51:44,168 INFO Measurement at current 0.002914572864321608
2023-03-29 15:51:44,769 INFO T:193.55Â°K V:1.3676e+00V I:2.9146e-03A R:4.6922e+02ğ›€ E:4.2209e+01V/cm J:1.2755e-01A/cm2 ğ›’:3.3091e+02ğ›€ cm
2023-03-29 15:51:44,786 INFO Measurement at current 0.002964824120603015
2023-03-29 15:51:45,384 INFO T:193.54Â°K V:1.3806e+00V I:2.9648e-03A R:4.6565e+02ğ›€ E:4.2610e+01V/cm J:1.2975e-01A/cm2 ğ›’:3.2840e+02ğ›€ cm
2023-03-29 15:51:45,410 INFO Measurement at current 0.003015075376884422
2023-03-29 15:51:46,019 INFO T:193.54Â°K V:1.3431e+00V I:3.0151e-03A R:4.4546e+02ğ›€ E:4.1454e+01V/cm J:1.3195e-01A/cm2 ğ›’:3.1416e+02ğ›€ cm
2023-03-29 15:51:46,037 INFO Measurement at current 0.0030653266331658294
2023-03-29 15:51:46,641 INFO T:193.53Â°K V:1.3808e+00V I:3.0653e-03A R:4.5046e+02ğ›€ E:4.2618e+01V/cm J:1.3415e-01A/cm2 ğ›’:3.1769e+02ğ›€ cm
2023-03-29 15:51:46,660 INFO Measurement at current 0.0031155778894472364
2023-03-29 15:51:47,249 INFO T:193.52Â°K V:1.4066e+00V I:3.1156e-03A R:4.5146e+02ğ›€ E:4.3413e+01V/cm J:1.3635e-01A/cm2 ğ›’:3.1839e+02ğ›€ cm
2023-03-29 15:51:47,269 INFO Measurement at current 0.0031658291457286433
2023-03-29 15:51:47,864 INFO T:193.52Â°K V:1.4155e+00V I:3.1658e-03A R:4.4712e+02ğ›€ E:4.3688e+01V/cm J:1.3855e-01A/cm2 ğ›’:3.1533e+02ğ›€ cm
2023-03-29 15:51:47,886 INFO Measurement at current 0.0032160804020100503
2023-03-29 15:51:48,480 INFO T:193.51Â°K V:1.4190e+00V I:3.2161e-03A R:4.4121e+02ğ›€ E:4.3795e+01V/cm J:1.4075e-01A/cm2 ğ›’:3.1116e+02ğ›€ cm
2023-03-29 15:51:48,498 INFO Measurement at current 0.0032663316582914573
2023-03-29 15:51:49,105 INFO T:193.51Â°K V:1.4285e+00V I:3.2663e-03A R:4.3733e+02ğ›€ E:4.4089e+01V/cm J:1.4295e-01A/cm2 ğ›’:3.0843e+02ğ›€ cm
2023-03-29 15:51:49,124 INFO Measurement at current 0.0033165829145728643
2023-03-29 15:51:49,714 INFO T:193.50Â°K V:1.4385e+00V I:3.3166e-03A R:4.3374e+02ğ›€ E:4.4399e+01V/cm J:1.4515e-01A/cm2 ğ›’:3.0590e+02ğ›€ cm
2023-03-29 15:51:49,738 INFO Measurement at current 0.0033668341708542712
2023-03-29 15:51:50,338 INFO T:193.50Â°K V:1.4350e+00V I:3.3668e-03A R:4.2623e+02ğ›€ E:4.4291e+01V/cm J:1.4735e-01A/cm2 ğ›’:3.0059e+02ğ›€ cm
2023-03-29 15:51:50,354 INFO Measurement at current 0.0034170854271356787
2023-03-29 15:51:50,939 INFO T:193.49Â°K V:1.4457e+00V I:3.4171e-03A R:4.2308e+02ğ›€ E:4.4620e+01V/cm J:1.4954e-01A/cm2 ğ›’:2.9838e+02ğ›€ cm
2023-03-29 15:51:50,972 INFO Measurement at current 0.0034673366834170856
2023-03-29 15:51:51,588 INFO T:193.49Â°K V:1.4717e+00V I:3.4673e-03A R:4.2444e+02ğ›€ E:4.5422e+01V/cm J:1.5174e-01A/cm2 ğ›’:2.9934e+02ğ›€ cm
2023-03-29 15:51:51,607 INFO Measurement at current 0.0035175879396984926
2023-03-29 15:51:52,204 INFO T:193.48Â°K V:1.4898e+00V I:3.5176e-03A R:4.2352e+02ğ›€ E:4.5980e+01V/cm J:1.5394e-01A/cm2 ğ›’:2.9869e+02ğ›€ cm
2023-03-29 15:51:52,225 INFO Measurement at current 0.0035678391959798996
2023-03-29 15:51:52,829 INFO T:193.48Â°K V:1.5053e+00V I:3.5678e-03A R:4.2190e+02ğ›€ E:4.6459e+01V/cm J:1.5614e-01A/cm2 ğ›’:2.9755e+02ğ›€ cm
2023-03-29 15:51:52,846 INFO Measurement at current 0.0036180904522613066
2023-03-29 15:51:53,429 INFO T:193.47Â°K V:1.5212e+00V I:3.6181e-03A R:4.2044e+02ğ›€ E:4.6950e+01V/cm J:1.5834e-01A/cm2 ğ›’:2.9651e+02ğ›€ cm
2023-03-29 15:51:53,444 INFO Measurement at current 0.0036683417085427135
2023-03-29 15:51:54,029 INFO T:193.46Â°K V:1.5293e+00V I:3.6683e-03A R:4.1689e+02ğ›€ E:4.7200e+01V/cm J:1.6054e-01A/cm2 ğ›’:2.9401e+02ğ›€ cm
2023-03-29 15:51:54,046 INFO Measurement at current 0.0037185929648241205
2023-03-29 15:51:54,645 INFO T:193.46Â°K V:1.5494e+00V I:3.7186e-03A R:4.1665e+02ğ›€ E:4.7820e+01V/cm J:1.6274e-01A/cm2 ğ›’:2.9384e+02ğ›€ cm
2023-03-29 15:51:54,664 INFO Measurement at current 0.003768844221105528
2023-03-29 15:51:55,259 INFO T:193.45Â°K V:1.5505e+00V I:3.7688e-03A R:4.1140e+02ğ›€ E:4.7855e+01V/cm J:1.6494e-01A/cm2 ğ›’:2.9014e+02ğ›€ cm
2023-03-29 15:51:55,281 INFO Measurement at current 0.003819095477386935
2023-03-29 15:51:55,883 INFO T:193.45Â°K V:1.5461e+00V I:3.8191e-03A R:4.0484e+02ğ›€ E:4.7719e+01V/cm J:1.6714e-01A/cm2 ğ›’:2.8551e+02ğ›€ cm
2023-03-29 15:51:55,899 INFO Measurement at current 0.003869346733668342
2023-03-29 15:51:56,486 INFO T:193.44Â°K V:1.5517e+00V I:3.8693e-03A R:4.0102e+02ğ›€ E:4.7891e+01V/cm J:1.6934e-01A/cm2 ğ›’:2.8282e+02ğ›€ cm
2023-03-29 15:51:56,520 INFO Measurement at current 0.003919597989949748
2023-03-29 15:51:57,111 INFO T:193.44Â°K V:1.5440e+00V I:3.9196e-03A R:3.9391e+02ğ›€ E:4.7654e+01V/cm J:1.7154e-01A/cm2 ğ›’:2.7781e+02ğ›€ cm
2023-03-29 15:51:57,128 INFO Measurement at current 0.003969849246231156
2023-03-29 15:51:57,715 INFO T:193.43Â°K V:1.5488e+00V I:3.9698e-03A R:3.9014e+02ğ›€ E:4.7802e+01V/cm J:1.7374e-01A/cm2 ğ›’:2.7514e+02ğ›€ cm
2023-03-29 15:51:57,733 INFO Measurement at current 0.004020100502512563
2023-03-29 15:51:58,325 INFO T:193.43Â°K V:1.5502e+00V I:4.0201e-03A R:3.8560e+02ğ›€ E:4.7845e+01V/cm J:1.7593e-01A/cm2 ğ›’:2.7195e+02ğ›€ cm
2023-03-29 15:51:58,341 INFO Measurement at current 0.00407035175879397
2023-03-29 15:51:58,924 INFO T:193.42Â°K V:1.5606e+00V I:4.0704e-03A R:3.8340e+02ğ›€ E:4.8166e+01V/cm J:1.7813e-01A/cm2 ğ›’:2.7040e+02ğ›€ cm
2023-03-29 15:51:58,938 INFO Measurement at current 0.004120603015075377
2023-03-29 15:51:59,533 INFO T:193.42Â°K V:1.5604e+00V I:4.1206e-03A R:3.7867e+02ğ›€ E:4.8159e+01V/cm J:1.8033e-01A/cm2 ğ›’:2.6706e+02ğ›€ cm
2023-03-29 15:51:59,558 INFO Measurement at current 0.004170854271356784
2023-03-29 15:52:00,163 INFO T:193.41Â°K V:1.5578e+00V I:4.1709e-03A R:3.7349e+02ğ›€ E:4.8079e+01V/cm J:1.8253e-01A/cm2 ğ›’:2.6340e+02ğ›€ cm
2023-03-29 15:52:00,183 INFO Measurement at current 0.004221105527638191
2023-03-29 15:52:00,779 INFO T:193.40Â°K V:1.5620e+00V I:4.2211e-03A R:3.7004e+02ğ›€ E:4.8209e+01V/cm J:1.8473e-01A/cm2 ğ›’:2.6097e+02ğ›€ cm
2023-03-29 15:52:00,796 INFO Measurement at current 0.004271356783919598
2023-03-29 15:52:01,391 INFO T:193.40Â°K V:1.5644e+00V I:4.2714e-03A R:3.6626e+02ğ›€ E:4.8284e+01V/cm J:1.8693e-01A/cm2 ğ›’:2.5830e+02ğ›€ cm
2023-03-29 15:52:01,411 INFO Measurement at current 0.004321608040201005
2023-03-29 15:52:02,001 INFO T:193.39Â°K V:1.5621e+00V I:4.3216e-03A R:3.6146e+02ğ›€ E:4.8212e+01V/cm J:1.8913e-01A/cm2 ğ›’:2.5492e+02ğ›€ cm
2023-03-29 15:52:02,031 INFO Measurement at current 0.004371859296482412
2023-03-29 15:52:02,620 INFO T:193.39Â°K V:1.5636e+00V I:4.3719e-03A R:3.5765e+02ğ›€ E:4.8259e+01V/cm J:1.9133e-01A/cm2 ğ›’:2.5223e+02ğ›€ cm
2023-03-29 15:52:02,645 INFO Measurement at current 0.004422110552763819
2023-03-29 15:52:03,235 INFO T:193.38Â°K V:1.5645e+00V I:4.4221e-03A R:3.5379e+02ğ›€ E:4.8287e+01V/cm J:1.9353e-01A/cm2 ğ›’:2.4951e+02ğ›€ cm
2023-03-29 15:52:03,261 INFO Measurement at current 0.004472361809045226
2023-03-29 15:52:03,860 INFO T:193.38Â°K V:1.5725e+00V I:4.4724e-03A R:3.5160e+02ğ›€ E:4.8534e+01V/cm J:1.9573e-01A/cm2 ğ›’:2.4797e+02ğ›€ cm
2023-03-29 15:52:03,883 INFO Measurement at current 0.004522613065326633
2023-03-29 15:52:04,474 INFO T:193.37Â°K V:1.5735e+00V I:4.5226e-03A R:3.4791e+02ğ›€ E:4.8564e+01V/cm J:1.9793e-01A/cm2 ğ›’:2.4537e+02ğ›€ cm
2023-03-29 15:52:04,495 INFO Measurement at current 0.00457286432160804
2023-03-29 15:52:05,091 INFO T:193.37Â°K V:1.5722e+00V I:4.5729e-03A R:3.4382e+02ğ›€ E:4.8526e+01V/cm J:2.0013e-01A/cm2 ğ›’:2.4248e+02ğ›€ cm
2023-03-29 15:52:05,108 INFO Measurement at current 0.004623115577889447
2023-03-29 15:52:05,694 INFO T:193.36Â°K V:1.5793e+00V I:4.6231e-03A R:3.4160e+02ğ›€ E:4.8743e+01V/cm J:2.0232e-01A/cm2 ğ›’:2.4091e+02ğ›€ cm
2023-03-29 15:52:05,710 INFO Measurement at current 0.004673366834170855
2023-03-29 15:52:06,303 INFO T:193.36Â°K V:1.5761e+00V I:4.6734e-03A R:3.3726e+02ğ›€ E:4.8646e+01V/cm J:2.0452e-01A/cm2 ğ›’:2.3785e+02ğ›€ cm
2023-03-29 15:52:06,321 INFO Measurement at current 0.004723618090452262
2023-03-29 15:52:06,917 INFO T:193.35Â°K V:1.5826e+00V I:4.7236e-03A R:3.3504e+02ğ›€ E:4.8846e+01V/cm J:2.0672e-01A/cm2 ğ›’:2.3629e+02ğ›€ cm
2023-03-29 15:52:06,949 INFO Measurement at current 0.004773869346733669
2023-03-29 15:52:07,539 INFO T:193.35Â°K V:1.5786e+00V I:4.7739e-03A R:3.3068e+02ğ›€ E:4.8723e+01V/cm J:2.0892e-01A/cm2 ğ›’:2.3321e+02ğ›€ cm
2023-03-29 15:52:07,567 INFO Measurement at current 0.004824120603015076
2023-03-29 15:52:08,164 INFO T:193.34Â°K V:1.5794e+00V I:4.8241e-03A R:3.2739e+02ğ›€ E:4.8746e+01V/cm J:2.1112e-01A/cm2 ğ›’:2.3089e+02ğ›€ cm
2023-03-29 15:52:08,197 INFO Measurement at current 0.004874371859296483
2023-03-29 15:52:08,796 INFO T:193.33Â°K V:1.5771e+00V I:4.8744e-03A R:3.2355e+02ğ›€ E:4.8676e+01V/cm J:2.1332e-01A/cm2 ğ›’:2.2818e+02ğ›€ cm
2023-03-29 15:52:08,818 INFO Measurement at current 0.00492462311557789
2023-03-29 15:52:09,413 INFO T:193.33Â°K V:1.5825e+00V I:4.9246e-03A R:3.2134e+02ğ›€ E:4.8842e+01V/cm J:2.1552e-01A/cm2 ğ›’:2.2663e+02ğ›€ cm
2023-03-29 15:52:09,436 INFO Measurement at current 0.004974874371859297
2023-03-29 15:52:10,041 INFO T:193.32Â°K V:1.5845e+00V I:4.9749e-03A R:3.1850e+02ğ›€ E:4.8904e+01V/cm J:2.1772e-01A/cm2 ğ›’:2.2462e+02ğ›€ cm
2023-03-29 15:52:10,056 INFO Measurement at current 0.005025125628140704
2023-03-29 15:52:10,680 INFO T:193.32Â°K V:1.5863e+00V I:5.0251e-03A R:3.1568e+02ğ›€ E:4.8961e+01V/cm J:2.1992e-01A/cm2 ğ›’:2.2263e+02ğ›€ cm
2023-03-29 15:52:10,699 INFO Measurement at current 0.005075376884422111
2023-03-29 15:52:11,296 INFO T:193.31Â°K V:1.5854e+00V I:5.0754e-03A R:3.1236e+02ğ›€ E:4.8931e+01V/cm J:2.2212e-01A/cm2 ğ›’:2.2029e+02ğ›€ cm
2023-03-29 15:52:11,314 INFO Measurement at current 0.0051256281407035175
2023-03-29 15:52:11,923 INFO T:193.31Â°K V:1.5915e+00V I:5.1256e-03A R:3.1050e+02ğ›€ E:4.9121e+01V/cm J:2.2432e-01A/cm2 ğ›’:2.1898e+02ğ›€ cm
2023-03-29 15:52:11,945 INFO Measurement at current 0.0051758793969849245
2023-03-29 15:52:12,566 INFO T:193.30Â°K V:1.5884e+00V I:5.1759e-03A R:3.0689e+02ğ›€ E:4.9025e+01V/cm J:2.2652e-01A/cm2 ğ›’:2.1643e+02ğ›€ cm
2023-03-29 15:52:12,583 INFO Measurement at current 0.0052261306532663315
2023-03-29 15:52:13,189 INFO T:193.30Â°K V:1.5907e+00V I:5.2261e-03A R:3.0437e+02ğ›€ E:4.9096e+01V/cm J:2.2871e-01A/cm2 ğ›’:2.1466e+02ğ›€ cm
2023-03-29 15:52:13,223 INFO Measurement at current 0.0052763819095477385
2023-03-29 15:52:13,819 INFO T:193.29Â°K V:1.6015e+00V I:5.2764e-03A R:3.0352e+02ğ›€ E:4.9429e+01V/cm J:2.3091e-01A/cm2 ğ›’:2.1406e+02ğ›€ cm
2023-03-29 15:52:13,867 INFO Measurement at current 0.0053266331658291454
2023-03-29 15:52:14,471 INFO T:193.29Â°K V:1.6078e+00V I:5.3266e-03A R:3.0185e+02ğ›€ E:4.9625e+01V/cm J:2.3311e-01A/cm2 ğ›’:2.1288e+02ğ›€ cm
2023-03-29 15:52:14,492 INFO Measurement at current 0.005376884422110553
2023-03-29 15:52:15,087 INFO T:193.28Â°K V:1.6455e+00V I:5.3769e-03A R:3.0602e+02ğ›€ E:5.0786e+01V/cm J:2.3531e-01A/cm2 ğ›’:2.1582e+02ğ›€ cm
2023-03-29 15:52:15,110 INFO Measurement at current 0.00542713567839196
2023-03-29 15:52:15,713 INFO T:193.27Â°K V:1.6549e+00V I:5.4271e-03A R:3.0493e+02ğ›€ E:5.1077e+01V/cm J:2.3751e-01A/cm2 ğ›’:2.1505e+02ğ›€ cm
2023-03-29 15:52:15,735 INFO Measurement at current 0.005477386934673367
2023-03-29 15:52:16,341 INFO T:193.27Â°K V:1.6651e+00V I:5.4774e-03A R:3.0400e+02ğ›€ E:5.1392e+01V/cm J:2.3971e-01A/cm2 ğ›’:2.1439e+02ğ›€ cm
2023-03-29 15:52:16,363 INFO Measurement at current 0.005527638190954774
2023-03-29 15:52:16,970 INFO T:193.26Â°K V:1.6862e+00V I:5.5276e-03A R:3.0506e+02ğ›€ E:5.2044e+01V/cm J:2.4191e-01A/cm2 ğ›’:2.1514e+02ğ›€ cm
2023-03-29 15:52:17,000 INFO Measurement at current 0.005577889447236181
2023-03-29 15:52:17,596 INFO T:193.26Â°K V:1.6891e+00V I:5.5779e-03A R:3.0282e+02ğ›€ E:5.2132e+01V/cm J:2.4411e-01A/cm2 ğ›’:2.1356e+02ğ›€ cm
2023-03-29 15:52:17,615 INFO Measurement at current 0.005628140703517588
2023-03-29 15:52:18,226 INFO T:193.25Â°K V:1.7191e+00V I:5.6281e-03A R:3.0545e+02ğ›€ E:5.3058e+01V/cm J:2.4631e-01A/cm2 ğ›’:2.1541e+02ğ›€ cm
2023-03-29 15:52:18,242 INFO Measurement at current 0.005678391959798995
2023-03-29 15:52:18,834 INFO T:193.25Â°K V:1.7141e+00V I:5.6784e-03A R:3.0186e+02ğ›€ E:5.2904e+01V/cm J:2.4851e-01A/cm2 ğ›’:2.1289e+02ğ›€ cm
2023-03-29 15:52:18,854 INFO Measurement at current 0.005728643216080402
2023-03-29 15:52:19,443 INFO T:193.24Â°K V:1.7089e+00V I:5.7286e-03A R:2.9830e+02ğ›€ E:5.2743e+01V/cm J:2.5071e-01A/cm2 ğ›’:2.1038e+02ğ›€ cm
2023-03-29 15:52:19,460 INFO Measurement at current 0.005778894472361809
2023-03-29 15:52:20,050 INFO T:193.24Â°K V:1.7170e+00V I:5.7789e-03A R:2.9712e+02ğ›€ E:5.2995e+01V/cm J:2.5291e-01A/cm2 ğ›’:2.0954e+02ğ›€ cm
2023-03-29 15:52:20,069 INFO Measurement at current 0.005829145728643216
2023-03-29 15:52:20,672 INFO T:193.23Â°K V:1.7191e+00V I:5.8291e-03A R:2.9491e+02ğ›€ E:5.3057e+01V/cm J:2.5510e-01A/cm2 ğ›’:2.0798e+02ğ›€ cm
2023-03-29 15:52:20,692 INFO Measurement at current 0.005879396984924623
2023-03-29 15:52:21,284 INFO T:193.23Â°K V:1.7257e+00V I:5.8794e-03A R:2.9351e+02ğ›€ E:5.3262e+01V/cm J:2.5730e-01A/cm2 ğ›’:2.0700e+02ğ›€ cm
2023-03-29 15:52:21,304 INFO Measurement at current 0.00592964824120603
2023-03-29 15:52:21,903 INFO T:193.22Â°K V:1.7133e+00V I:5.9296e-03A R:2.8893e+02ğ›€ E:5.2878e+01V/cm J:2.5950e-01A/cm2 ğ›’:2.0377e+02ğ›€ cm
2023-03-29 15:52:21,921 INFO Measurement at current 0.005979899497487437
2023-03-29 15:52:22,508 INFO T:193.22Â°K V:1.6976e+00V I:5.9799e-03A R:2.8389e+02ğ›€ E:5.2396e+01V/cm J:2.6170e-01A/cm2 ğ›’:2.0021e+02ğ›€ cm
2023-03-29 15:52:22,527 INFO Measurement at current 0.006030150753768844
2023-03-29 15:52:23,118 INFO T:193.21Â°K V:1.7106e+00V I:6.0302e-03A R:2.8368e+02ğ›€ E:5.2797e+01V/cm J:2.6390e-01A/cm2 ğ›’:2.0006e+02ğ›€ cm
2023-03-29 15:52:23,135 INFO Measurement at current 0.006080402010050252
2023-03-29 15:52:23,719 INFO T:193.21Â°K V:1.7374e+00V I:6.0804e-03A R:2.8574e+02ğ›€ E:5.3625e+01V/cm J:2.6610e-01A/cm2 ğ›’:2.0152e+02ğ›€ cm
2023-03-29 15:52:23,746 INFO Measurement at current 0.006130653266331659
2023-03-29 15:52:24,333 INFO T:193.20Â°K V:1.7408e+00V I:6.1307e-03A R:2.8395e+02ğ›€ E:5.3729e+01V/cm J:2.6830e-01A/cm2 ğ›’:2.0026e+02ğ›€ cm
2023-03-29 15:52:24,352 INFO Measurement at current 0.006180904522613066
2023-03-29 15:52:24,942 INFO T:193.20Â°K V:1.7276e+00V I:6.1809e-03A R:2.7950e+02ğ›€ E:5.3320e+01V/cm J:2.7050e-01A/cm2 ğ›’:1.9712e+02ğ›€ cm
2023-03-29 15:52:24,956 INFO Measurement at current 0.006231155778894473
2023-03-29 15:52:25,540 INFO T:193.19Â°K V:1.7289e+00V I:6.2312e-03A R:2.7746e+02ğ›€ E:5.3361e+01V/cm J:2.7270e-01A/cm2 ğ›’:1.9568e+02ğ›€ cm
2023-03-29 15:52:25,555 INFO Measurement at current 0.00628140703517588
2023-03-29 15:52:26,149 INFO T:193.18Â°K V:1.7346e+00V I:6.2814e-03A R:2.7615e+02ğ›€ E:5.3538e+01V/cm J:2.7490e-01A/cm2 ğ›’:1.9475e+02ğ›€ cm
2023-03-29 15:52:26,177 INFO Measurement at current 0.006331658291457287
2023-03-29 15:52:26,775 INFO T:193.18Â°K V:1.7292e+00V I:6.3317e-03A R:2.7311e+02ğ›€ E:5.3371e+01V/cm J:2.7710e-01A/cm2 ğ›’:1.9261e+02ğ›€ cm
2023-03-29 15:52:26,825 INFO Measurement at current 0.006381909547738694
2023-03-29 15:52:27,430 INFO T:193.17Â°K V:1.7275e+00V I:6.3819e-03A R:2.7068e+02ğ›€ E:5.3317e+01V/cm J:2.7930e-01A/cm2 ğ›’:1.9090e+02ğ›€ cm
2023-03-29 15:52:27,452 INFO Measurement at current 0.006432160804020101
2023-03-29 15:52:28,037 INFO T:193.17Â°K V:1.7319e+00V I:6.4322e-03A R:2.6925e+02ğ›€ E:5.3453e+01V/cm J:2.8150e-01A/cm2 ğ›’:1.8989e+02ğ›€ cm
2023-03-29 15:52:28,056 INFO Measurement at current 0.006482412060301508
2023-03-29 15:52:28,650 INFO T:193.16Â°K V:1.7379e+00V I:6.4824e-03A R:2.6809e+02ğ›€ E:5.3638e+01V/cm J:2.8369e-01A/cm2 ğ›’:1.8907e+02ğ›€ cm
2023-03-29 15:52:28,671 INFO Measurement at current 0.006532663316582915
2023-03-29 15:52:29,264 INFO T:193.16Â°K V:1.7289e+00V I:6.5327e-03A R:2.6465e+02ğ›€ E:5.3360e+01V/cm J:2.8589e-01A/cm2 ğ›’:1.8664e+02ğ›€ cm
2023-03-29 15:52:29,301 INFO Measurement at current 0.0065829145728643216
2023-03-29 15:52:29,887 INFO T:193.15Â°K V:1.7265e+00V I:6.5829e-03A R:2.6227e+02ğ›€ E:5.3286e+01V/cm J:2.8809e-01A/cm2 ğ›’:1.8496e+02ğ›€ cm
2023-03-29 15:52:29,909 INFO Measurement at current 0.0066331658291457285
2023-03-29 15:52:30,501 INFO T:193.15Â°K V:1.7131e+00V I:6.6332e-03A R:2.5826e+02ğ›€ E:5.2873e+01V/cm J:2.9029e-01A/cm2 ğ›’:1.8214e+02ğ›€ cm
2023-03-29 15:52:30,521 INFO Measurement at current 0.0066834170854271355
2023-03-29 15:52:31,111 INFO T:193.14Â°K V:1.7120e+00V I:6.6834e-03A R:2.5616e+02ğ›€ E:5.2841e+01V/cm J:2.9249e-01A/cm2 ğ›’:1.8066e+02ğ›€ cm
2023-03-29 15:52:31,132 INFO Measurement at current 0.0067336683417085425
2023-03-29 15:52:31,742 INFO T:193.14Â°K V:1.7117e+00V I:6.7337e-03A R:2.5420e+02ğ›€ E:5.2830e+01V/cm J:2.9469e-01A/cm2 ğ›’:1.7927e+02ğ›€ cm
2023-03-29 15:52:31,782 INFO Measurement at current 0.0067839195979899495
2023-03-29 15:52:32,368 INFO T:193.13Â°K V:1.7097e+00V I:6.7839e-03A R:2.5203e+02ğ›€ E:5.2769e+01V/cm J:2.9689e-01A/cm2 ğ›’:1.7774e+02ğ›€ cm
2023-03-29 15:52:32,384 INFO Measurement at current 0.006834170854271357
2023-03-29 15:52:32,979 INFO T:193.13Â°K V:1.7107e+00V I:6.8342e-03A R:2.5032e+02ğ›€ E:5.2799e+01V/cm J:2.9909e-01A/cm2 ğ›’:1.7653e+02ğ›€ cm
2023-03-29 15:52:33,005 INFO Measurement at current 0.006884422110552764
2023-03-29 15:52:33,600 INFO T:193.12Â°K V:1.7018e+00V I:6.8844e-03A R:2.4719e+02ğ›€ E:5.2524e+01V/cm J:3.0129e-01A/cm2 ğ›’:1.7433e+02ğ›€ cm
2023-03-29 15:52:33,627 INFO Measurement at current 0.006934673366834171
2023-03-29 15:52:34,248 INFO T:193.12Â°K V:1.6982e+00V I:6.9347e-03A R:2.4489e+02ğ›€ E:5.2414e+01V/cm J:3.0349e-01A/cm2 ğ›’:1.7271e+02ğ›€ cm
2023-03-29 15:52:34,280 INFO Measurement at current 0.006984924623115578
2023-03-29 15:52:34,891 INFO T:193.11Â°K V:1.6971e+00V I:6.9849e-03A R:2.4297e+02ğ›€ E:5.2381e+01V/cm J:3.0569e-01A/cm2 ğ›’:1.7135e+02ğ›€ cm
2023-03-29 15:52:34,932 INFO Measurement at current 0.007035175879396985
2023-03-29 15:52:35,522 INFO T:193.10Â°K V:1.7021e+00V I:7.0352e-03A R:2.4194e+02ğ›€ E:5.2534e+01V/cm J:3.0789e-01A/cm2 ğ›’:1.7063e+02ğ›€ cm
2023-03-29 15:52:35,539 INFO Measurement at current 0.007085427135678392
2023-03-29 15:52:36,126 INFO T:193.10Â°K V:1.7010e+00V I:7.0854e-03A R:2.4008e+02ğ›€ E:5.2501e+01V/cm J:3.1008e-01A/cm2 ğ›’:1.6931e+02ğ›€ cm
2023-03-29 15:52:36,164 INFO Measurement at current 0.007135678391959799
2023-03-29 15:52:36,759 INFO T:193.09Â°K V:1.6998e+00V I:7.1357e-03A R:2.3821e+02ğ›€ E:5.2463e+01V/cm J:3.1228e-01A/cm2 ğ›’:1.6800e+02ğ›€ cm
2023-03-29 15:52:36,786 INFO Measurement at current 0.007185929648241206
2023-03-29 15:52:37,385 INFO T:193.09Â°K V:1.6988e+00V I:7.1859e-03A R:2.3640e+02ğ›€ E:5.2431e+01V/cm J:3.1448e-01A/cm2 ğ›’:1.6672e+02ğ›€ cm
2023-03-29 15:52:37,414 INFO Measurement at current 0.007236180904522613
2023-03-29 15:52:38,012 INFO T:193.08Â°K V:1.7033e+00V I:7.2362e-03A R:2.3539e+02ğ›€ E:5.2572e+01V/cm J:3.1668e-01A/cm2 ğ›’:1.6601e+02ğ›€ cm
2023-03-29 15:52:38,048 INFO Measurement at current 0.00728643216080402
2023-03-29 15:52:38,643 INFO T:193.08Â°K V:1.7000e+00V I:7.2864e-03A R:2.3331e+02ğ›€ E:5.2469e+01V/cm J:3.1888e-01A/cm2 ğ›’:1.6454e+02ğ›€ cm
2023-03-29 15:52:38,664 INFO Measurement at current 0.007336683417085427
2023-03-29 15:52:39,266 INFO T:193.07Â°K V:1.6971e+00V I:7.3367e-03A R:2.3132e+02ğ›€ E:5.2380e+01V/cm J:3.2108e-01A/cm2 ğ›’:1.6314e+02ğ›€ cm
2023-03-29 15:52:39,286 INFO Measurement at current 0.007386934673366834
2023-03-29 15:52:39,868 INFO T:193.07Â°K V:1.6990e+00V I:7.3869e-03A R:2.3000e+02ğ›€ E:5.2438e+01V/cm J:3.2328e-01A/cm2 ğ›’:1.6221e+02ğ›€ cm
2023-03-29 15:52:39,886 INFO Measurement at current 0.007437185929648241
2023-03-29 15:52:40,479 INFO T:193.06Â°K V:1.7071e+00V I:7.4372e-03A R:2.2954e+02ğ›€ E:5.2689e+01V/cm J:3.2548e-01A/cm2 ğ›’:1.6188e+02ğ›€ cm
2023-03-29 15:52:40,501 INFO Measurement at current 0.007487437185929648
2023-03-29 15:52:41,103 INFO T:193.06Â°K V:1.7082e+00V I:7.4874e-03A R:2.2814e+02ğ›€ E:5.2721e+01V/cm J:3.2768e-01A/cm2 ğ›’:1.6089e+02ğ›€ cm
2023-03-29 15:52:41,120 INFO Measurement at current 0.007537688442211056
2023-03-29 15:52:41,727 INFO T:193.05Â°K V:1.7056e+00V I:7.5377e-03A R:2.2627e+02ğ›€ E:5.2641e+01V/cm J:3.2988e-01A/cm2 ğ›’:1.5958e+02ğ›€ cm
2023-03-29 15:52:41,745 INFO Measurement at current 0.007587939698492463
2023-03-29 15:52:42,343 INFO T:193.05Â°K V:1.7118e+00V I:7.5879e-03A R:2.2560e+02ğ›€ E:5.2834e+01V/cm J:3.3208e-01A/cm2 ğ›’:1.5910e+02ğ›€ cm
2023-03-29 15:52:42,367 INFO Measurement at current 0.00763819095477387
2023-03-29 15:52:42,965 INFO T:193.04Â°K V:1.7086e+00V I:7.6382e-03A R:2.2370e+02ğ›€ E:5.2736e+01V/cm J:3.3428e-01A/cm2 ğ›’:1.5776e+02ğ›€ cm
2023-03-29 15:52:42,984 INFO Measurement at current 0.007688442211055277
2023-03-29 15:52:43,582 INFO T:193.04Â°K V:1.7103e+00V I:7.6884e-03A R:2.2245e+02ğ›€ E:5.2788e+01V/cm J:3.3647e-01A/cm2 ğ›’:1.5688e+02ğ›€ cm
2023-03-29 15:52:43,613 INFO Measurement at current 0.007738693467336684
2023-03-29 15:52:44,204 INFO T:193.03Â°K V:1.7114e+00V I:7.7387e-03A R:2.2115e+02ğ›€ E:5.2821e+01V/cm J:3.3867e-01A/cm2 ğ›’:1.5596e+02ğ›€ cm
2023-03-29 15:52:44,225 INFO Measurement at current 0.007788944723618091
2023-03-29 15:52:44,813 INFO T:193.03Â°K V:1.7049e+00V I:7.7889e-03A R:2.1889e+02ğ›€ E:5.2620e+01V/cm J:3.4087e-01A/cm2 ğ›’:1.5437e+02ğ›€ cm
2023-03-29 15:52:44,830 INFO Measurement at current 0.007839195979899497
2023-03-29 15:52:45,422 INFO T:193.02Â°K V:1.7091e+00V I:7.8392e-03A R:2.1802e+02ğ›€ E:5.2749e+01V/cm J:3.4307e-01A/cm2 ğ›’:1.5375e+02ğ›€ cm
2023-03-29 15:52:45,448 INFO Measurement at current 0.007889447236180906
2023-03-29 15:52:46,036 INFO T:193.02Â°K V:1.7097e+00V I:7.8894e-03A R:2.1671e+02ğ›€ E:5.2768e+01V/cm J:3.4527e-01A/cm2 ğ›’:1.5283e+02ğ›€ cm
2023-03-29 15:52:46,054 INFO Measurement at current 0.007939698492462312
2023-03-29 15:52:46,651 INFO T:193.01Â°K V:1.7178e+00V I:7.9397e-03A R:2.1635e+02ğ›€ E:5.3017e+01V/cm J:3.4747e-01A/cm2 ğ›’:1.5258e+02ğ›€ cm
2023-03-29 15:52:46,666 INFO Measurement at current 0.00798994974874372
2023-03-29 15:52:47,272 INFO T:193.00Â°K V:1.7211e+00V I:7.9899e-03A R:2.1541e+02ğ›€ E:5.3120e+01V/cm J:3.4967e-01A/cm2 ğ›’:1.5191e+02ğ›€ cm
2023-03-29 15:52:47,287 INFO Measurement at current 0.008040201005025126
2023-03-29 15:52:47,880 INFO T:193.00Â°K V:1.7218e+00V I:8.0402e-03A R:2.1415e+02ğ›€ E:5.3141e+01V/cm J:3.5187e-01A/cm2 ğ›’:1.5103e+02ğ›€ cm
2023-03-29 15:52:47,897 INFO Measurement at current 0.008090452261306533
2023-03-29 15:52:48,491 INFO T:192.99Â°K V:1.7295e+00V I:8.0905e-03A R:2.1376e+02ğ›€ E:5.3378e+01V/cm J:3.5407e-01A/cm2 ğ›’:1.5076e+02ğ›€ cm
2023-03-29 15:52:48,514 INFO Measurement at current 0.00814070351758794
2023-03-29 15:52:49,109 INFO T:192.99Â°K V:1.7349e+00V I:8.1407e-03A R:2.1311e+02ğ›€ E:5.3545e+01V/cm J:3.5627e-01A/cm2 ğ›’:1.5030e+02ğ›€ cm
2023-03-29 15:52:49,145 INFO Measurement at current 0.008190954773869347
2023-03-29 15:52:49,745 INFO T:192.98Â°K V:1.7421e+00V I:8.1910e-03A R:2.1269e+02ğ›€ E:5.3769e+01V/cm J:3.5847e-01A/cm2 ğ›’:1.5000e+02ğ›€ cm
2023-03-29 15:52:49,764 INFO Measurement at current 0.008241206030150754
2023-03-29 15:52:50,349 INFO T:192.98Â°K V:1.7485e+00V I:8.2412e-03A R:2.1217e+02ğ›€ E:5.3967e+01V/cm J:3.6067e-01A/cm2 ğ›’:1.4963e+02ğ›€ cm
2023-03-29 15:52:50,374 INFO Measurement at current 0.008291457286432161
2023-03-29 15:52:50,965 INFO T:192.97Â°K V:1.7499e+00V I:8.2915e-03A R:2.1104e+02ğ›€ E:5.4008e+01V/cm J:3.6286e-01A/cm2 ğ›’:1.4884e+02ğ›€ cm
2023-03-29 15:52:51,002 INFO Measurement at current 0.008341708542713568
2023-03-29 15:52:51,595 INFO T:192.97Â°K V:1.7672e+00V I:8.3417e-03A R:2.1186e+02ğ›€ E:5.4545e+01V/cm J:3.6506e-01A/cm2 ğ›’:1.4941e+02ğ›€ cm
2023-03-29 15:52:51,617 INFO Measurement at current 0.008391959798994975
2023-03-29 15:52:52,220 INFO T:192.96Â°K V:1.7716e+00V I:8.3920e-03A R:2.1111e+02ğ›€ E:5.4680e+01V/cm J:3.6726e-01A/cm2 ğ›’:1.4888e+02ğ›€ cm
2023-03-29 15:52:52,238 INFO Measurement at current 0.008442211055276382
2023-03-29 15:52:52,827 INFO T:192.96Â°K V:1.7695e+00V I:8.4422e-03A R:2.0961e+02ğ›€ E:5.4616e+01V/cm J:3.6946e-01A/cm2 ğ›’:1.4782e+02ğ›€ cm
2023-03-29 15:52:52,849 INFO Measurement at current 0.00849246231155779
2023-03-29 15:52:53,443 INFO T:192.95Â°K V:1.7763e+00V I:8.4925e-03A R:2.0916e+02ğ›€ E:5.4824e+01V/cm J:3.7166e-01A/cm2 ğ›’:1.4751e+02ğ›€ cm
2023-03-29 15:52:53,471 INFO Measurement at current 0.008542713567839196
2023-03-29 15:52:54,061 INFO T:192.95Â°K V:1.7788e+00V I:8.5427e-03A R:2.0822e+02ğ›€ E:5.4901e+01V/cm J:3.7386e-01A/cm2 ğ›’:1.4685e+02ğ›€ cm
2023-03-29 15:52:54,094 INFO Measurement at current 0.008592964824120603
2023-03-29 15:52:54,699 INFO T:192.94Â°K V:1.7875e+00V I:8.5930e-03A R:2.0802e+02ğ›€ E:5.5170e+01V/cm J:3.7606e-01A/cm2 ğ›’:1.4670e+02ğ›€ cm
2023-03-29 15:52:54,716 INFO Measurement at current 0.00864321608040201
2023-03-29 15:52:55,324 INFO T:192.94Â°K V:1.7962e+00V I:8.6432e-03A R:2.0781e+02ğ›€ E:5.5437e+01V/cm J:3.7826e-01A/cm2 ğ›’:1.4656e+02ğ›€ cm
2023-03-29 15:52:55,346 INFO Measurement at current 0.008693467336683417
2023-03-29 15:52:55,929 INFO T:192.93Â°K V:1.7974e+00V I:8.6935e-03A R:2.0676e+02ğ›€ E:5.5476e+01V/cm J:3.8046e-01A/cm2 ğ›’:1.4581e+02ğ›€ cm
2023-03-29 15:52:55,953 INFO Measurement at current 0.008743718592964824
2023-03-29 15:52:56,541 INFO T:192.93Â°K V:1.7952e+00V I:8.7437e-03A R:2.0531e+02ğ›€ E:5.5407e+01V/cm J:3.8266e-01A/cm2 ğ›’:1.4480e+02ğ›€ cm
2023-03-29 15:52:56,556 INFO Measurement at current 0.008793969849246231
2023-03-29 15:52:57,154 INFO T:192.92Â°K V:1.7961e+00V I:8.7940e-03A R:2.0424e+02ğ›€ E:5.5434e+01V/cm J:3.8486e-01A/cm2 ğ›’:1.4404e+02ğ›€ cm
2023-03-29 15:52:57,169 INFO Measurement at current 0.008844221105527638
2023-03-29 15:52:57,766 INFO T:192.92Â°K V:1.7944e+00V I:8.8442e-03A R:2.0289e+02ğ›€ E:5.5382e+01V/cm J:3.8706e-01A/cm2 ğ›’:1.4308e+02ğ›€ cm
2023-03-29 15:52:57,799 INFO Measurement at current 0.008894472361809045
2023-03-29 15:52:58,402 INFO T:192.91Â°K V:1.8040e+00V I:8.8945e-03A R:2.0282e+02ğ›€ E:5.5679e+01V/cm J:3.8925e-01A/cm2 ğ›’:1.4304e+02ğ›€ cm
2023-03-29 15:52:58,433 INFO Measurement at current 0.008944723618090452
2023-03-29 15:52:59,038 INFO T:192.91Â°K V:1.8048e+00V I:8.9447e-03A R:2.0177e+02ğ›€ E:5.5702e+01V/cm J:3.9145e-01A/cm2 ğ›’:1.4230e+02ğ›€ cm
2023-03-29 15:52:59,072 INFO Measurement at current 0.008994974874371859
2023-03-29 15:52:59,678 INFO T:192.90Â°K V:1.7977e+00V I:8.9950e-03A R:1.9986e+02ğ›€ E:5.5485e+01V/cm J:3.9365e-01A/cm2 ğ›’:1.4095e+02ğ›€ cm
2023-03-29 15:52:59,696 INFO Measurement at current 0.009045226130653266
2023-03-29 15:53:00,297 INFO T:192.90Â°K V:1.7914e+00V I:9.0452e-03A R:1.9805e+02ğ›€ E:5.5290e+01V/cm J:3.9585e-01A/cm2 ğ›’:1.3967e+02ğ›€ cm
2023-03-29 15:53:00,314 INFO Measurement at current 0.009095477386934673
2023-03-29 15:53:00,902 INFO T:192.89Â°K V:1.7921e+00V I:9.0955e-03A R:1.9703e+02ğ›€ E:5.5311e+01V/cm J:3.9805e-01A/cm2 ğ›’:1.3895e+02ğ›€ cm
2023-03-29 15:53:00,937 INFO Measurement at current 0.00914572864321608
2023-03-29 15:53:01,527 INFO T:192.89Â°K V:1.7921e+00V I:9.1457e-03A R:1.9595e+02ğ›€ E:5.5313e+01V/cm J:4.0025e-01A/cm2 ğ›’:1.3820e+02ğ›€ cm
2023-03-29 15:53:01,545 INFO Measurement at current 0.009195979899497487
2023-03-29 15:53:02,134 INFO T:192.88Â°K V:1.8026e+00V I:9.1960e-03A R:1.9602e+02ğ›€ E:5.5635e+01V/cm J:4.0245e-01A/cm2 ğ›’:1.3824e+02ğ›€ cm
2023-03-29 15:53:02,155 INFO Measurement at current 0.009246231155778894
2023-03-29 15:53:02,757 INFO T:192.87Â°K V:1.8001e+00V I:9.2462e-03A R:1.9468e+02ğ›€ E:5.5559e+01V/cm J:4.0465e-01A/cm2 ğ›’:1.3730e+02ğ›€ cm
2023-03-29 15:53:02,783 INFO Measurement at current 0.009296482412060303
2023-03-29 15:53:03,387 INFO T:192.87Â°K V:1.7995e+00V I:9.2965e-03A R:1.9357e+02ğ›€ E:5.5541e+01V/cm J:4.0685e-01A/cm2 ğ›’:1.3652e+02ğ›€ cm
2023-03-29 15:53:03,401 INFO Measurement at current 0.00934673366834171
2023-03-29 15:53:03,985 INFO T:192.86Â°K V:1.7915e+00V I:9.3467e-03A R:1.9167e+02ğ›€ E:5.5294e+01V/cm J:4.0905e-01A/cm2 ğ›’:1.3518e+02ğ›€ cm
2023-03-29 15:53:04,005 INFO Measurement at current 0.009396984924623117
2023-03-29 15:53:04,592 INFO T:192.86Â°K V:1.7807e+00V I:9.3970e-03A R:1.8950e+02ğ›€ E:5.4960e+01V/cm J:4.1125e-01A/cm2 ğ›’:1.3364e+02ğ›€ cm
2023-03-29 15:53:04,616 INFO Measurement at current 0.009447236180904523
2023-03-29 15:53:05,218 INFO T:192.85Â°K V:1.7716e+00V I:9.4472e-03A R:1.8752e+02ğ›€ E:5.4678e+01V/cm J:4.1345e-01A/cm2 ğ›’:1.3225e+02ğ›€ cm
2023-03-29 15:53:05,237 INFO Measurement at current 0.00949748743718593
2023-03-29 15:53:05,829 INFO T:192.85Â°K V:1.7712e+00V I:9.4975e-03A R:1.8649e+02ğ›€ E:5.4665e+01V/cm J:4.1564e-01A/cm2 ğ›’:1.3152e+02ğ›€ cm
2023-03-29 15:53:05,856 INFO Measurement at current 0.009547738693467337
2023-03-29 15:53:06,446 INFO T:192.84Â°K V:1.7690e+00V I:9.5477e-03A R:1.8528e+02ğ›€ E:5.4598e+01V/cm J:4.1784e-01A/cm2 ğ›’:1.3067e+02ğ›€ cm
2023-03-29 15:53:06,466 INFO Measurement at current 0.009597989949748744
2023-03-29 15:53:07,054 INFO T:192.84Â°K V:1.7610e+00V I:9.5980e-03A R:1.8347e+02ğ›€ E:5.4351e+01V/cm J:4.2004e-01A/cm2 ğ›’:1.2939e+02ğ›€ cm
2023-03-29 15:53:07,093 INFO Measurement at current 0.009648241206030151
2023-03-29 15:53:07,694 INFO T:192.83Â°K V:1.7543e+00V I:9.6482e-03A R:1.8182e+02ğ›€ E:5.4144e+01V/cm J:4.2224e-01A/cm2 ğ›’:1.2823e+02ğ›€ cm
2023-03-29 15:53:07,716 INFO Measurement at current 0.009698492462311558
2023-03-29 15:53:08,305 INFO T:192.83Â°K V:1.7608e+00V I:9.6985e-03A R:1.8155e+02ğ›€ E:5.4346e+01V/cm J:4.2444e-01A/cm2 ğ›’:1.2804e+02ğ›€ cm
2023-03-29 15:53:08,323 INFO Measurement at current 0.009748743718592965
2023-03-29 15:53:08,920 INFO T:192.82Â°K V:1.7585e+00V I:9.7487e-03A R:1.8038e+02ğ›€ E:5.4274e+01V/cm J:4.2664e-01A/cm2 ğ›’:1.2721e+02ğ›€ cm
2023-03-29 15:53:08,937 INFO Measurement at current 0.009798994974874372
2023-03-29 15:53:09,539 INFO T:192.82Â°K V:1.7580e+00V I:9.7990e-03A R:1.7940e+02ğ›€ E:5.4258e+01V/cm J:4.2884e-01A/cm2 ğ›’:1.2652e+02ğ›€ cm
2023-03-29 15:53:09,555 INFO Measurement at current 0.00984924623115578
2023-03-29 15:53:10,158 INFO T:192.81Â°K V:1.7608e+00V I:9.8492e-03A R:1.7877e+02ğ›€ E:5.4345e+01V/cm J:4.3104e-01A/cm2 ğ›’:1.2608e+02ğ›€ cm
2023-03-29 15:53:10,186 INFO Measurement at current 0.009899497487437186
2023-03-29 15:53:10,822 INFO T:192.81Â°K V:1.7581e+00V I:9.8995e-03A R:1.7760e+02ğ›€ E:5.4263e+01V/cm J:4.3324e-01A/cm2 ğ›’:1.2525e+02ğ›€ cm
2023-03-29 15:53:10,896 INFO Measurement at current 0.009949748743718593
2023-03-29 15:53:11,498 INFO T:192.80Â°K V:1.7571e+00V I:9.9497e-03A R:1.7660e+02ğ›€ E:5.4231e+01V/cm J:4.3544e-01A/cm2 ğ›’:1.2454e+02ğ›€ cm
2023-03-29 15:53:11,522 INFO Measurement at current 0.01
2023-03-29 15:53:12,133 INFO T:192.80Â°K V:1.7634e+00V I:1.0000e-02A R:1.7634e+02ğ›€ E:5.4427e+01V/cm J:4.3764e-01A/cm2 ğ›’:1.2437e+02ğ›€ cm
2023-03-29 15:53:35,465 INFO Save the description file
2023-03-29 15:53:35,469 INFO Save data in numpy format Esperimenti/CPRO_MUSA_290323_I_V/CPRO_MUSA_290323_I_V_current_from_0_to_100e-4A/CPRO_MUSA_290323_I_V_current_from_0_to_100e-4A-20230329155333
2023-03-29 15:53:35,489 INFO Save data in CSV format Esperimenti/CPRO_MUSA_290323_I_V/CPRO_MUSA_290323_I_V_current_from_0_to_100e-4A/CPRO_MUSA_290323_I_V_current_from_0_to_100e-4A-20230329155333.csv
2023-03-29 15:53:35,513 INFO Save plot as image Esperimenti/CPRO_MUSA_290323_I_V/CPRO_MUSA_290323_I_V_current_from_0_to_100e-4A/CPRO_MUSA_290323_I_V_current_from_0_to_100e-4A-20230329155333.png
