2023-03-29 17:58:40,846 INFO ### Start experiment: CPRO_MUSA_290323_I_V current from 0 to 100e-4A ###
2023-03-29 17:58:42,190 INFO Found Multimeter KEITHLEY INSTRUMENTS INC.,MODEL 2700,0884890,B03  /A02  

2023-03-29 17:58:43,219 INFO Found Nanovolt Meter KEITHLEY INSTRUMENTS INC.,MODEL 2182A,4056474,C03  /A02  

2023-03-29 17:58:43,330 INFO Found Source Meter KEITHLEY INSTRUMENTS INC.,MODEL 2400,0945684,C24   Feb 14 2002 11:59:45/A02  /K/H

2023-03-29 17:58:43,454 INFO Start the measurement loop
2023-03-29 17:58:52,881 INFO Measurement at current 0.0
2023-03-29 17:58:53,798 INFO T:148.93Â°K V:-1.5616e-04V I:0.0000e+00A R:-infğ›€ E:-4.8197e-03V/cm J:0.0000e+00A/cm2 ğ›’:-infğ›€ cm
2023-03-29 17:58:53,819 INFO Measurement at current 5.0251256281407036e-05
2023-03-29 17:58:55,074 INFO T:148.91Â°K V:1.9378e-01V I:5.0251e-05A R:3.8562e+03ğ›€ E:5.9808e+00V/cm J:2.1992e-03A/cm2 ğ›’:2.7196e+03ğ›€ cm
2023-03-29 17:58:55,092 INFO Measurement at current 0.00010050251256281407
2023-03-29 17:58:55,681 INFO T:148.90Â°K V:3.8321e-01V I:1.0050e-04A R:3.8129e+03ğ›€ E:1.1827e+01V/cm J:4.3984e-03A/cm2 ğ›’:2.6891e+03ğ›€ cm
2023-03-29 17:58:55,699 INFO Measurement at current 0.00015075376884422112
2023-03-29 17:58:56,293 INFO T:148.89Â°K V:5.6899e-01V I:1.5075e-04A R:3.7743e+03ğ›€ E:1.7561e+01V/cm J:6.5975e-03A/cm2 ğ›’:2.6618e+03ğ›€ cm
2023-03-29 17:58:56,316 INFO Measurement at current 0.00020100502512562814
2023-03-29 17:58:56,910 INFO T:148.89Â°K V:7.4849e-01V I:2.0101e-04A R:3.7237e+03ğ›€ E:2.3101e+01V/cm J:8.7967e-03A/cm2 ğ›’:2.6261e+03ğ›€ cm
2023-03-29 17:58:56,939 INFO Measurement at current 0.0002512562814070352
2023-03-29 17:58:57,539 INFO T:148.88Â°K V:9.1852e-01V I:2.5126e-04A R:3.6557e+03ğ›€ E:2.8349e+01V/cm J:1.0996e-02A/cm2 ğ›’:2.5782e+03ğ›€ cm
2023-03-29 17:58:57,553 INFO Measurement at current 0.00030150753768844223
2023-03-29 17:58:58,154 INFO T:148.87Â°K V:1.0828e+00V I:3.0151e-04A R:3.5914e+03ğ›€ E:3.3420e+01V/cm J:1.3195e-02A/cm2 ğ›’:2.5328e+03ğ›€ cm
2023-03-29 17:58:58,176 INFO Measurement at current 0.00035175879396984926
2023-03-29 17:58:59,504 INFO T:148.85Â°K V:1.2399e+00V I:3.5176e-04A R:3.5249e+03ğ›€ E:3.8269e+01V/cm J:1.5394e-02A/cm2 ğ›’:2.4860e+03ğ›€ cm
2023-03-29 17:58:59,522 INFO Measurement at current 0.0004020100502512563
2023-03-29 17:59:00,122 INFO T:148.84Â°K V:1.3950e+00V I:4.0201e-04A R:3.4700e+03ğ›€ E:4.3055e+01V/cm J:1.7593e-02A/cm2 ğ›’:2.4472e+03ğ›€ cm
2023-03-29 17:59:00,145 INFO Measurement at current 0.0004522613065326633
2023-03-29 17:59:00,731 INFO T:148.83Â°K V:1.5377e+00V I:4.5226e-04A R:3.4000e+03ğ›€ E:4.7460e+01V/cm J:1.9793e-02A/cm2 ğ›’:2.3979e+03ğ›€ cm
2023-03-29 17:59:00,747 INFO Measurement at current 0.0005025125628140704
2023-03-29 17:59:01,355 INFO T:148.82Â°K V:1.6812e+00V I:5.0251e-04A R:3.3455e+03ğ›€ E:5.1888e+01V/cm J:2.1992e-02A/cm2 ğ›’:2.3594e+03ğ›€ cm
2023-03-29 17:59:01,380 INFO Measurement at current 0.0005527638190954774
2023-03-29 17:59:01,990 INFO T:148.82Â°K V:1.8097e+00V I:5.5276e-04A R:3.2739e+03ğ›€ E:5.5855e+01V/cm J:2.4191e-02A/cm2 ğ›’:2.3089e+03ğ›€ cm
2023-03-29 17:59:02,029 INFO Measurement at current 0.0006030150753768845
2023-03-29 17:59:02,627 INFO T:148.81Â°K V:1.9474e+00V I:6.0302e-04A R:3.2295e+03ğ›€ E:6.0105e+01V/cm J:2.6390e-02A/cm2 ğ›’:2.2776e+03ğ›€ cm
2023-03-29 17:59:02,647 INFO Measurement at current 0.0006532663316582914
2023-03-29 17:59:03,231 INFO T:148.80Â°K V:2.0724e+00V I:6.5327e-04A R:3.1724e+03ğ›€ E:6.3964e+01V/cm J:2.8589e-02A/cm2 ğ›’:2.2373e+03ğ›€ cm
2023-03-29 17:59:03,248 INFO Measurement at current 0.0007035175879396985
2023-03-29 17:59:03,840 INFO T:148.79Â°K V:2.1865e+00V I:7.0352e-04A R:3.1080e+03ğ›€ E:6.7485e+01V/cm J:3.0789e-02A/cm2 ğ›’:2.1919e+03ğ›€ cm
2023-03-29 17:59:03,858 INFO Measurement at current 0.0007537688442211055
2023-03-29 17:59:04,450 INFO T:148.78Â°K V:2.2965e+00V I:7.5377e-04A R:3.0467e+03ğ›€ E:7.0880e+01V/cm J:3.2988e-02A/cm2 ğ›’:2.1487e+03ğ›€ cm
2023-03-29 17:59:04,473 INFO Measurement at current 0.0008040201005025126
2023-03-29 17:59:05,084 INFO T:148.77Â°K V:2.3997e+00V I:8.0402e-04A R:2.9846e+03ğ›€ E:7.4065e+01V/cm J:3.5187e-02A/cm2 ğ›’:2.1049e+03ğ›€ cm
2023-03-29 17:59:05,104 INFO Measurement at current 0.0008542713567839197
2023-03-29 17:59:05,700 INFO T:148.77Â°K V:2.4965e+00V I:8.5427e-04A R:2.9223e+03ğ›€ E:7.7051e+01V/cm J:3.7386e-02A/cm2 ğ›’:2.0610e+03ğ›€ cm
2023-03-29 17:59:05,717 INFO Measurement at current 0.0009045226130653266
2023-03-29 17:59:06,303 INFO T:148.76Â°K V:2.6110e+00V I:9.0452e-04A R:2.8866e+03ğ›€ E:8.0585e+01V/cm J:3.9585e-02A/cm2 ğ›’:2.0357e+03ğ›€ cm
2023-03-29 17:59:06,319 INFO Measurement at current 0.0009547738693467337
2023-03-29 17:59:06,904 INFO T:148.75Â°K V:2.7018e+00V I:9.5477e-04A R:2.8298e+03ğ›€ E:8.3388e+01V/cm J:4.1784e-02A/cm2 ğ›’:1.9957e+03ğ›€ cm
2023-03-29 17:59:06,927 INFO Measurement at current 0.0010050251256281408
2023-03-29 17:59:07,518 INFO T:148.74Â°K V:2.7790e+00V I:1.0050e-03A R:2.7651e+03ğ›€ E:8.5770e+01V/cm J:4.3984e-02A/cm2 ğ›’:1.9501e+03ğ›€ cm
2023-03-29 17:59:07,544 INFO Measurement at current 0.0010552763819095478
2023-03-29 17:59:08,142 INFO T:148.73Â°K V:2.8548e+00V I:1.0553e-03A R:2.7053e+03ğ›€ E:8.8111e+01V/cm J:4.6183e-02A/cm2 ğ›’:1.9079e+03ğ›€ cm
2023-03-29 17:59:08,164 INFO Measurement at current 0.0011055276381909548
2023-03-29 17:59:08,765 INFO T:148.72Â°K V:2.9194e+00V I:1.1055e-03A R:2.6408e+03ğ›€ E:9.0106e+01V/cm J:4.8382e-02A/cm2 ğ›’:1.8624e+03ğ›€ cm
2023-03-29 17:59:08,787 INFO Measurement at current 0.0011557788944723617
2023-03-29 17:59:09,389 INFO T:148.72Â°K V:2.9895e+00V I:1.1558e-03A R:2.5866e+03ğ›€ E:9.2268e+01V/cm J:5.0581e-02A/cm2 ğ›’:1.8242e+03ğ›€ cm
2023-03-29 17:59:09,407 INFO Measurement at current 0.001206030150753769
2023-03-29 17:59:10,000 INFO T:148.71Â°K V:3.0725e+00V I:1.2060e-03A R:2.5476e+03ğ›€ E:9.4831e+01V/cm J:5.2780e-02A/cm2 ğ›’:1.7967e+03ğ›€ cm
2023-03-29 17:59:10,017 INFO Measurement at current 0.001256281407035176
2023-03-29 17:59:10,606 INFO T:148.70Â°K V:3.1388e+00V I:1.2563e-03A R:2.4985e+03ğ›€ E:9.6878e+01V/cm J:5.4979e-02A/cm2 ğ›’:1.7621e+03ğ›€ cm
2023-03-29 17:59:10,621 INFO Measurement at current 0.0013065326633165829
2023-03-29 17:59:11,234 INFO T:148.69Â°K V:3.1939e+00V I:1.3065e-03A R:2.4445e+03ğ›€ E:9.8576e+01V/cm J:5.7179e-02A/cm2 ğ›’:1.7240e+03ğ›€ cm
2023-03-29 17:59:11,257 INFO Measurement at current 0.00135678391959799
2023-03-29 17:59:11,861 INFO T:148.68Â°K V:3.2494e+00V I:1.3568e-03A R:2.3949e+03ğ›€ E:1.0029e+02V/cm J:5.9378e-02A/cm2 ğ›’:1.6890e+03ğ›€ cm
2023-03-29 17:59:11,888 INFO Measurement at current 0.001407035175879397
2023-03-29 17:59:12,485 INFO T:148.67Â°K V:3.3178e+00V I:1.4070e-03A R:2.3580e+03ğ›€ E:1.0240e+02V/cm J:6.1577e-02A/cm2 ğ›’:1.6630e+03ğ›€ cm
2023-03-29 17:59:12,505 INFO Measurement at current 0.001457286432160804
2023-03-29 17:59:13,095 INFO T:148.66Â°K V:3.3959e+00V I:1.4573e-03A R:2.3303e+03ğ›€ E:1.0481e+02V/cm J:6.3776e-02A/cm2 ğ›’:1.6435e+03ğ›€ cm
2023-03-29 17:59:13,125 INFO Measurement at current 0.001507537688442211
2023-03-29 17:59:13,708 INFO T:148.66Â°K V:3.4282e+00V I:1.5075e-03A R:2.2741e+03ğ›€ E:1.0581e+02V/cm J:6.5975e-02A/cm2 ğ›’:1.6038e+03ğ›€ cm
2023-03-29 17:59:13,724 INFO Measurement at current 0.0015577889447236182
2023-03-29 17:59:14,311 INFO T:148.65Â°K V:3.4680e+00V I:1.5578e-03A R:2.2262e+03ğ›€ E:1.0704e+02V/cm J:6.8175e-02A/cm2 ğ›’:1.5700e+03ğ›€ cm
2023-03-29 17:59:14,334 INFO Measurement at current 0.0016080402010050252
2023-03-29 17:59:14,936 INFO T:148.64Â°K V:3.5073e+00V I:1.6080e-03A R:2.1811e+03ğ›€ E:1.0825e+02V/cm J:7.0374e-02A/cm2 ğ›’:1.5382e+03ğ›€ cm
2023-03-29 17:59:14,956 INFO Measurement at current 0.0016582914572864321
2023-03-29 17:59:15,548 INFO T:148.63Â°K V:3.5459e+00V I:1.6583e-03A R:2.1383e+03ğ›€ E:1.0944e+02V/cm J:7.2573e-02A/cm2 ğ›’:1.5080e+03ğ›€ cm
2023-03-29 17:59:15,563 INFO Measurement at current 0.0017085427135678393
2023-03-29 17:59:16,147 INFO T:148.62Â°K V:3.5756e+00V I:1.7085e-03A R:2.0928e+03ğ›€ E:1.1036e+02V/cm J:7.4772e-02A/cm2 ğ›’:1.4759e+03ğ›€ cm
2023-03-29 17:59:16,162 INFO Measurement at current 0.0017587939698492463
2023-03-29 17:59:16,750 INFO T:148.62Â°K V:3.6052e+00V I:1.7588e-03A R:2.0498e+03ğ›€ E:1.1127e+02V/cm J:7.6971e-02A/cm2 ğ›’:1.4456e+03ğ›€ cm
2023-03-29 17:59:16,773 INFO Measurement at current 0.0018090452261306533
2023-03-29 17:59:17,380 INFO T:148.61Â°K V:3.6332e+00V I:1.8090e-03A R:2.0083e+03ğ›€ E:1.1214e+02V/cm J:7.9170e-02A/cm2 ğ›’:1.4164e+03ğ›€ cm
2023-03-29 17:59:17,402 INFO Measurement at current 0.0018592964824120603
2023-03-29 17:59:18,013 INFO T:148.60Â°K V:3.6699e+00V I:1.8593e-03A R:1.9738e+03ğ›€ E:1.1327e+02V/cm J:8.1370e-02A/cm2 ğ›’:1.3920e+03ğ›€ cm
2023-03-29 17:59:18,035 INFO Measurement at current 0.0019095477386934674
2023-03-29 17:59:18,628 INFO T:148.59Â°K V:3.6888e+00V I:1.9095e-03A R:1.9318e+03ğ›€ E:1.1385e+02V/cm J:8.3569e-02A/cm2 ğ›’:1.3624e+03ğ›€ cm
2023-03-29 17:59:18,648 INFO Measurement at current 0.001959798994974874
2023-03-29 17:59:19,245 INFO T:148.58Â°K V:3.7047e+00V I:1.9598e-03A R:1.8903e+03ğ›€ E:1.1434e+02V/cm J:8.5768e-02A/cm2 ğ›’:1.3332e+03ğ›€ cm
2023-03-29 17:59:19,270 INFO Measurement at current 0.0020100502512562816
2023-03-29 17:59:19,854 INFO T:148.57Â°K V:3.7220e+00V I:2.0101e-03A R:1.8517e+03ğ›€ E:1.1488e+02V/cm J:8.7967e-02A/cm2 ğ›’:1.3059e+03ğ›€ cm
2023-03-29 17:59:19,869 INFO Measurement at current 0.0020603015075376886
2023-03-29 17:59:20,458 INFO T:148.57Â°K V:3.7374e+00V I:2.0603e-03A R:1.8140e+03ğ›€ E:1.1535e+02V/cm J:9.0166e-02A/cm2 ğ›’:1.2793e+03ğ›€ cm
2023-03-29 17:59:20,480 INFO Measurement at current 0.0021105527638190956
2023-03-29 17:59:21,085 INFO T:148.56Â°K V:3.7483e+00V I:2.1106e-03A R:1.7760e+03ğ›€ E:1.1569e+02V/cm J:9.2366e-02A/cm2 ğ›’:1.2525e+03ğ›€ cm
2023-03-29 17:59:21,108 INFO Measurement at current 0.0021608040201005025
2023-03-29 17:59:21,705 INFO T:148.55Â°K V:3.7130e+00V I:2.1608e-03A R:1.7184e+03ğ›€ E:1.1460e+02V/cm J:9.4565e-02A/cm2 ğ›’:1.2119e+03ğ›€ cm
2023-03-29 17:59:21,720 INFO Measurement at current 0.0022110552763819095
2023-03-29 17:59:22,309 INFO T:148.54Â°K V:3.6868e+00V I:2.2111e-03A R:1.6674e+03ğ›€ E:1.1379e+02V/cm J:9.6764e-02A/cm2 ğ›’:1.1759e+03ğ›€ cm
2023-03-29 17:59:22,327 INFO Measurement at current 0.0022613065326633165
2023-03-29 17:59:22,915 INFO T:148.53Â°K V:3.2453e+00V I:2.2613e-03A R:1.4351e+03ğ›€ E:1.0016e+02V/cm J:9.8963e-02A/cm2 ğ›’:1.0121e+03ğ›€ cm
2023-03-29 17:59:22,937 INFO Measurement at current 0.0023115577889447235
2023-03-29 17:59:23,525 INFO T:148.53Â°K V:3.2599e+00V I:2.3116e-03A R:1.4102e+03ğ›€ E:1.0061e+02V/cm J:1.0116e-01A/cm2 ğ›’:9.9457e+02ğ›€ cm
2023-03-29 17:59:23,543 INFO Measurement at current 0.002361809045226131
2023-03-29 17:59:24,161 INFO T:148.52Â°K V:3.1686e+00V I:2.3618e-03A R:1.3416e+03ğ›€ E:9.7795e+01V/cm J:1.0336e-01A/cm2 ğ›’:9.4615e+02ğ›€ cm
2023-03-29 17:59:24,191 INFO Measurement at current 0.002412060301507538
2023-03-29 17:59:24,794 INFO T:148.51Â°K V:3.1738e+00V I:2.4121e-03A R:1.3158e+03ğ›€ E:9.7958e+01V/cm J:1.0556e-01A/cm2 ğ›’:9.2798e+02ğ›€ cm
2023-03-29 17:59:24,817 INFO Measurement at current 0.002462311557788945
2023-03-29 17:59:25,407 INFO T:148.50Â°K V:3.1624e+00V I:2.4623e-03A R:1.2843e+03ğ›€ E:9.7606e+01V/cm J:1.0776e-01A/cm2 ğ›’:9.0577e+02ğ›€ cm
2023-03-29 17:59:25,423 INFO Measurement at current 0.002512562814070352
2023-03-29 17:59:26,010 INFO T:148.49Â°K V:3.1425e+00V I:2.5126e-03A R:1.2507e+03ğ›€ E:9.6992e+01V/cm J:1.0996e-01A/cm2 ğ›’:8.8208e+02ğ›€ cm
2023-03-29 17:59:26,029 INFO Measurement at current 0.0025628140703517588
2023-03-29 17:59:26,615 INFO T:148.49Â°K V:3.1590e+00V I:2.5628e-03A R:1.2326e+03ğ›€ E:9.7501e+01V/cm J:1.1216e-01A/cm2 ğ›’:8.6932e+02ğ›€ cm
2023-03-29 17:59:26,632 INFO Measurement at current 0.0026130653266331657
2023-03-29 17:59:27,230 INFO T:148.48Â°K V:3.1440e+00V I:2.6131e-03A R:1.2032e+03ğ›€ E:9.7038e+01V/cm J:1.1436e-01A/cm2 ğ›’:8.4855e+02ğ›€ cm
2023-03-29 17:59:27,248 INFO Measurement at current 0.0026633165829145727
2023-03-29 17:59:27,840 INFO T:148.47Â°K V:3.1609e+00V I:2.6633e-03A R:1.1868e+03ğ›€ E:9.7559e+01V/cm J:1.1656e-01A/cm2 ğ›’:8.3701e+02ğ›€ cm
2023-03-29 17:59:27,857 INFO Measurement at current 0.00271356783919598
2023-03-29 17:59:28,453 INFO T:148.46Â°K V:3.2339e+00V I:2.7136e-03A R:1.1917e+03ğ›€ E:9.9811e+01V/cm J:1.1876e-01A/cm2 ğ›’:8.4047e+02ğ›€ cm
2023-03-29 17:59:28,483 INFO Measurement at current 0.002763819095477387
2023-03-29 17:59:29,076 INFO T:148.45Â°K V:3.2392e+00V I:2.7638e-03A R:1.1720e+03ğ›€ E:9.9974e+01V/cm J:1.2095e-01A/cm2 ğ›’:8.2654e+02ğ›€ cm
2023-03-29 17:59:29,092 INFO Measurement at current 0.002814070351758794
2023-03-29 17:59:29,685 INFO T:148.44Â°K V:3.2368e+00V I:2.8141e-03A R:1.1502e+03ğ›€ E:9.9902e+01V/cm J:1.2315e-01A/cm2 ğ›’:8.1119e+02ğ›€ cm
2023-03-29 17:59:29,710 INFO Measurement at current 0.002864321608040201
2023-03-29 17:59:30,302 INFO T:148.43Â°K V:3.2409e+00V I:2.8643e-03A R:1.1315e+03ğ›€ E:1.0003e+02V/cm J:1.2535e-01A/cm2 ğ›’:7.9797e+02ğ›€ cm
2023-03-29 17:59:30,330 INFO Measurement at current 0.002914572864321608
2023-03-29 17:59:30,924 INFO T:148.43Â°K V:3.2539e+00V I:2.9146e-03A R:1.1164e+03ğ›€ E:1.0043e+02V/cm J:1.2755e-01A/cm2 ğ›’:7.8736e+02ğ›€ cm
2023-03-29 17:59:30,941 INFO Measurement at current 0.002964824120603015
2023-03-29 17:59:31,522 INFO T:148.42Â°K V:3.2736e+00V I:2.9648e-03A R:1.1042e+03ğ›€ E:1.0104e+02V/cm J:1.2975e-01A/cm2 ğ›’:7.7871e+02ğ›€ cm
2023-03-29 17:59:31,536 INFO Measurement at current 0.003015075376884422
2023-03-29 17:59:32,119 INFO T:148.41Â°K V:3.3023e+00V I:3.0151e-03A R:1.0952e+03ğ›€ E:1.0192e+02V/cm J:1.3195e-01A/cm2 ğ›’:7.7242e+02ğ›€ cm
2023-03-29 17:59:32,133 INFO Measurement at current 0.0030653266331658294
2023-03-29 17:59:32,725 INFO T:148.40Â°K V:3.3184e+00V I:3.0653e-03A R:1.0826e+03ğ›€ E:1.0242e+02V/cm J:1.3415e-01A/cm2 ğ›’:7.6348e+02ğ›€ cm
2023-03-29 17:59:32,745 INFO Measurement at current 0.0031155778894472364
2023-03-29 17:59:33,332 INFO T:148.39Â°K V:3.3195e+00V I:3.1156e-03A R:1.0655e+03ğ›€ E:1.0245e+02V/cm J:1.3635e-01A/cm2 ğ›’:7.5141e+02ğ›€ cm
2023-03-29 17:59:33,349 INFO Measurement at current 0.0031658291457286433
2023-03-29 17:59:33,947 INFO T:148.39Â°K V:3.3265e+00V I:3.1658e-03A R:1.0508e+03ğ›€ E:1.0267e+02V/cm J:1.3855e-01A/cm2 ğ›’:7.4105e+02ğ›€ cm
2023-03-29 17:59:33,986 INFO Measurement at current 0.0032160804020100503
2023-03-29 17:59:34,579 INFO T:148.38Â°K V:3.3073e+00V I:3.2161e-03A R:1.0284e+03ğ›€ E:1.0208e+02V/cm J:1.4075e-01A/cm2 ğ›’:7.2524e+02ğ›€ cm
2023-03-29 17:59:34,597 INFO Measurement at current 0.0032663316582914573
2023-03-29 17:59:35,187 INFO T:148.37Â°K V:3.2822e+00V I:3.2663e-03A R:1.0049e+03ğ›€ E:1.0130e+02V/cm J:1.4295e-01A/cm2 ğ›’:7.0868e+02ğ›€ cm
2023-03-29 17:59:35,209 INFO Measurement at current 0.0033165829145728643
2023-03-29 17:59:35,802 INFO T:148.36Â°K V:3.2942e+00V I:3.3166e-03A R:9.9324e+02ğ›€ E:1.0167e+02V/cm J:1.4515e-01A/cm2 ğ›’:7.0048e+02ğ›€ cm
2023-03-29 17:59:35,824 INFO Measurement at current 0.0033668341708542712
2023-03-29 17:59:36,412 INFO T:148.35Â°K V:3.3195e+00V I:3.3668e-03A R:9.8594e+02ğ›€ E:1.0245e+02V/cm J:1.4735e-01A/cm2 ğ›’:6.9533e+02ğ›€ cm
2023-03-29 17:59:36,429 INFO Measurement at current 0.0034170854271356787
2023-03-29 17:59:37,017 INFO T:148.35Â°K V:3.3238e+00V I:3.4171e-03A R:9.7271e+02ğ›€ E:1.0259e+02V/cm J:1.4954e-01A/cm2 ğ›’:6.8600e+02ğ›€ cm
2023-03-29 17:59:37,034 INFO Measurement at current 0.0034673366834170856
2023-03-29 17:59:37,631 INFO T:148.34Â°K V:3.3173e+00V I:3.4673e-03A R:9.5672e+02ğ›€ E:1.0239e+02V/cm J:1.5174e-01A/cm2 ğ›’:6.7472e+02ğ›€ cm
2023-03-29 17:59:37,660 INFO Measurement at current 0.0035175879396984926
2023-03-29 17:59:38,244 INFO T:148.33Â°K V:3.3297e+00V I:3.5176e-03A R:9.4660e+02ğ›€ E:1.0277e+02V/cm J:1.5394e-01A/cm2 ğ›’:6.6758e+02ğ›€ cm
2023-03-29 17:59:38,259 INFO Measurement at current 0.0035678391959798996
2023-03-29 17:59:38,848 INFO T:148.32Â°K V:3.3510e+00V I:3.5678e-03A R:9.3924e+02ğ›€ E:1.0343e+02V/cm J:1.5614e-01A/cm2 ğ›’:6.6239e+02ğ›€ cm
2023-03-29 17:59:38,869 INFO Measurement at current 0.0036180904522613066
2023-03-29 17:59:39,482 INFO T:148.31Â°K V:3.3640e+00V I:3.6181e-03A R:9.2978e+02ğ›€ E:1.0383e+02V/cm J:1.5834e-01A/cm2 ğ›’:6.5572e+02ğ›€ cm
2023-03-29 17:59:39,503 INFO Measurement at current 0.0036683417085427135
2023-03-29 17:59:40,098 INFO T:148.30Â°K V:3.3650e+00V I:3.6683e-03A R:9.1731e+02ğ›€ E:1.0386e+02V/cm J:1.6054e-01A/cm2 ğ›’:6.4693e+02ğ›€ cm
2023-03-29 17:59:40,124 INFO Measurement at current 0.0037185929648241205
2023-03-29 17:59:40,725 INFO T:148.30Â°K V:3.3549e+00V I:3.7186e-03A R:9.0221e+02ğ›€ E:1.0355e+02V/cm J:1.6274e-01A/cm2 ğ›’:6.3628e+02ğ›€ cm
2023-03-29 17:59:40,747 INFO Measurement at current 0.003768844221105528
2023-03-29 17:59:41,342 INFO T:148.29Â°K V:3.3491e+00V I:3.7688e-03A R:8.8863e+02ğ›€ E:1.0337e+02V/cm J:1.6494e-01A/cm2 ğ›’:6.2670e+02ğ›€ cm
2023-03-29 17:59:41,367 INFO Measurement at current 0.003819095477386935
2023-03-29 17:59:41,965 INFO T:148.28Â°K V:3.3401e+00V I:3.8191e-03A R:8.7457e+02ğ›€ E:1.0309e+02V/cm J:1.6714e-01A/cm2 ğ›’:6.1679e+02ğ›€ cm
2023-03-29 17:59:41,992 INFO Measurement at current 0.003869346733668342
2023-03-29 17:59:42,578 INFO T:148.27Â°K V:3.3392e+00V I:3.8693e-03A R:8.6298e+02ğ›€ E:1.0306e+02V/cm J:1.6934e-01A/cm2 ğ›’:6.0861e+02ğ›€ cm
2023-03-29 17:59:42,611 INFO Measurement at current 0.003919597989949748
2023-03-29 17:59:43,205 INFO T:148.26Â°K V:3.3487e+00V I:3.9196e-03A R:8.5434e+02ğ›€ E:1.0335e+02V/cm J:1.7154e-01A/cm2 ğ›’:6.0252e+02ğ›€ cm
2023-03-29 17:59:43,228 INFO Measurement at current 0.003969849246231156
2023-03-29 17:59:43,830 INFO T:148.26Â°K V:3.3427e+00V I:3.9698e-03A R:8.4202e+02ğ›€ E:1.0317e+02V/cm J:1.7374e-01A/cm2 ğ›’:5.9383e+02ğ›€ cm
2023-03-29 17:59:43,849 INFO Measurement at current 0.004020100502512563
2023-03-29 17:59:44,446 INFO T:148.25Â°K V:3.3344e+00V I:4.0201e-03A R:8.2943e+02ğ›€ E:1.0291e+02V/cm J:1.7593e-01A/cm2 ğ›’:5.8496e+02ğ›€ cm
2023-03-29 17:59:44,468 INFO Measurement at current 0.00407035175879397
2023-03-29 17:59:45,068 INFO T:148.24Â°K V:3.3385e+00V I:4.0704e-03A R:8.2020e+02ğ›€ E:1.0304e+02V/cm J:1.7813e-01A/cm2 ğ›’:5.7844e+02ğ›€ cm
2023-03-29 17:59:45,099 INFO Measurement at current 0.004120603015075377
2023-03-29 17:59:45,696 INFO T:148.23Â°K V:3.3392e+00V I:4.1206e-03A R:8.1038e+02ğ›€ E:1.0306e+02V/cm J:1.8033e-01A/cm2 ğ›’:5.7152e+02ğ›€ cm
2023-03-29 17:59:45,721 INFO Measurement at current 0.004170854271356784
2023-03-29 17:59:46,320 INFO T:148.22Â°K V:3.3374e+00V I:4.1709e-03A R:8.0017e+02ğ›€ E:1.0301e+02V/cm J:1.8253e-01A/cm2 ğ›’:5.6431e+02ğ›€ cm
2023-03-29 17:59:46,338 INFO Measurement at current 0.004221105527638191
2023-03-29 17:59:46,926 INFO T:148.22Â°K V:3.3347e+00V I:4.2211e-03A R:7.9000e+02ğ›€ E:1.0292e+02V/cm J:1.8473e-01A/cm2 ğ›’:5.5714e+02ğ›€ cm
2023-03-29 17:59:46,947 INFO Measurement at current 0.004271356783919598
2023-03-29 17:59:47,538 INFO T:148.21Â°K V:3.3360e+00V I:4.2714e-03A R:7.8102e+02ğ›€ E:1.0296e+02V/cm J:1.8693e-01A/cm2 ğ›’:5.5081e+02ğ›€ cm
2023-03-29 17:59:47,556 INFO Measurement at current 0.004321608040201005
2023-03-29 17:59:48,150 INFO T:148.20Â°K V:3.3355e+00V I:4.3216e-03A R:7.7181e+02ğ›€ E:1.0295e+02V/cm J:1.8913e-01A/cm2 ğ›’:5.4432e+02ğ›€ cm
2023-03-29 17:59:48,167 INFO Measurement at current 0.004371859296482412
2023-03-29 17:59:48,763 INFO T:148.19Â°K V:3.3457e+00V I:4.3719e-03A R:7.6529e+02ğ›€ E:1.0326e+02V/cm J:1.9133e-01A/cm2 ğ›’:5.3972e+02ğ›€ cm
2023-03-29 17:59:48,785 INFO Measurement at current 0.004422110552763819
2023-03-29 17:59:49,385 INFO T:148.18Â°K V:3.3529e+00V I:4.4221e-03A R:7.5822e+02ğ›€ E:1.0349e+02V/cm J:1.9353e-01A/cm2 ğ›’:5.3473e+02ğ›€ cm
2023-03-29 17:59:49,412 INFO Measurement at current 0.004472361809045226
2023-03-29 17:59:49,998 INFO T:148.18Â°K V:3.3547e+00V I:4.4724e-03A R:7.5009e+02ğ›€ E:1.0354e+02V/cm J:1.9573e-01A/cm2 ğ›’:5.2900e+02ğ›€ cm
2023-03-29 17:59:50,017 INFO Measurement at current 0.004522613065326633
2023-03-29 17:59:50,606 INFO T:148.17Â°K V:3.3569e+00V I:4.5226e-03A R:7.4224e+02ğ›€ E:1.0361e+02V/cm J:1.9793e-01A/cm2 ğ›’:5.2346e+02ğ›€ cm
2023-03-29 17:59:50,625 INFO Measurement at current 0.00457286432160804
2023-03-29 17:59:51,218 INFO T:148.16Â°K V:3.3636e+00V I:4.5729e-03A R:7.3556e+02ğ›€ E:1.0382e+02V/cm J:2.0013e-01A/cm2 ğ›’:5.1875e+02ğ›€ cm
2023-03-29 17:59:51,237 INFO Measurement at current 0.004623115577889447
2023-03-29 17:59:51,833 INFO T:148.15Â°K V:3.3669e+00V I:4.6231e-03A R:7.2828e+02ğ›€ E:1.0392e+02V/cm J:2.0232e-01A/cm2 ğ›’:5.1362e+02ğ›€ cm
2023-03-29 17:59:51,859 INFO Measurement at current 0.004673366834170855
2023-03-29 17:59:52,478 INFO T:148.14Â°K V:3.3665e+00V I:4.6734e-03A R:7.2035e+02ğ›€ E:1.0390e+02V/cm J:2.0452e-01A/cm2 ğ›’:5.0803e+02ğ›€ cm
2023-03-29 17:59:52,495 INFO Measurement at current 0.004723618090452262
2023-03-29 17:59:53,078 INFO T:148.14Â°K V:3.3735e+00V I:4.7236e-03A R:7.1418e+02ğ›€ E:1.0412e+02V/cm J:2.0672e-01A/cm2 ğ›’:5.0367e+02ğ›€ cm
2023-03-29 17:59:53,100 INFO Measurement at current 0.004773869346733669
2023-03-29 17:59:53,693 INFO T:148.13Â°K V:3.3751e+00V I:4.7739e-03A R:7.0699e+02ğ›€ E:1.0417e+02V/cm J:2.0892e-01A/cm2 ğ›’:4.9861e+02ğ›€ cm
2023-03-29 17:59:53,725 INFO Measurement at current 0.004824120603015076
2023-03-29 17:59:54,320 INFO T:148.12Â°K V:3.3818e+00V I:4.8241e-03A R:7.0101e+02ğ›€ E:1.0438e+02V/cm J:2.1112e-01A/cm2 ğ›’:4.9439e+02ğ›€ cm
2023-03-29 17:59:54,339 INFO Measurement at current 0.004874371859296483
2023-03-29 17:59:54,936 INFO T:148.11Â°K V:3.3914e+00V I:4.8744e-03A R:6.9576e+02ğ›€ E:1.0467e+02V/cm J:2.1332e-01A/cm2 ğ›’:4.9069e+02ğ›€ cm
2023-03-29 17:59:54,963 INFO Measurement at current 0.00492462311557789
2023-03-29 17:59:55,555 INFO T:148.10Â°K V:3.3918e+00V I:4.9246e-03A R:6.8875e+02ğ›€ E:1.0469e+02V/cm J:2.1552e-01A/cm2 ğ›’:4.8574e+02ğ›€ cm
2023-03-29 17:59:55,571 INFO Measurement at current 0.004974874371859297
2023-03-29 17:59:56,158 INFO T:148.10Â°K V:3.3978e+00V I:4.9749e-03A R:6.8299e+02ğ›€ E:1.0487e+02V/cm J:2.1772e-01A/cm2 ğ›’:4.8168e+02ğ›€ cm
2023-03-29 17:59:56,173 INFO Measurement at current 0.005025125628140704
2023-03-29 17:59:56,761 INFO T:148.09Â°K V:3.3991e+00V I:5.0251e-03A R:6.7643e+02ğ›€ E:1.0491e+02V/cm J:2.1992e-01A/cm2 ğ›’:4.7705e+02ğ›€ cm
2023-03-29 17:59:56,795 INFO Measurement at current 0.005075376884422111
2023-03-29 17:59:57,380 INFO T:148.08Â°K V:3.3951e+00V I:5.0754e-03A R:6.6894e+02ğ›€ E:1.0479e+02V/cm J:2.2212e-01A/cm2 ğ›’:4.7177e+02ğ›€ cm
2023-03-29 17:59:57,412 INFO Measurement at current 0.0051256281407035175
2023-03-29 17:59:58,005 INFO T:148.07Â°K V:3.4049e+00V I:5.1256e-03A R:6.6429e+02ğ›€ E:1.0509e+02V/cm J:2.2432e-01A/cm2 ğ›’:4.6849e+02ğ›€ cm
2023-03-29 17:59:58,025 INFO Measurement at current 0.0051758793969849245
2023-03-29 17:59:58,614 INFO T:148.06Â°K V:3.4119e+00V I:5.1759e-03A R:6.5918e+02ğ›€ E:1.0530e+02V/cm J:2.2652e-01A/cm2 ğ›’:4.6489e+02ğ›€ cm
2023-03-29 17:59:58,635 INFO Measurement at current 0.0052261306532663315
2023-03-29 17:59:59,223 INFO T:148.06Â°K V:3.4141e+00V I:5.2261e-03A R:6.5327e+02ğ›€ E:1.0537e+02V/cm J:2.2871e-01A/cm2 ğ›’:4.6072e+02ğ›€ cm
2023-03-29 17:59:59,240 INFO Measurement at current 0.0052763819095477385
2023-03-29 17:59:59,834 INFO T:148.05Â°K V:3.4236e+00V I:5.2764e-03A R:6.4885e+02ğ›€ E:1.0567e+02V/cm J:2.3091e-01A/cm2 ğ›’:4.5760e+02ğ›€ cm
2023-03-29 17:59:59,856 INFO Measurement at current 0.0053266331658291454
2023-03-29 18:00:00,443 INFO T:148.04Â°K V:3.4323e+00V I:5.3266e-03A R:6.4437e+02ğ›€ E:1.0594e+02V/cm J:2.3311e-01A/cm2 ğ›’:4.5444e+02ğ›€ cm
2023-03-29 18:00:00,466 INFO Measurement at current 0.005376884422110553
2023-03-29 18:00:01,056 INFO T:148.03Â°K V:3.4512e+00V I:5.3769e-03A R:6.4185e+02ğ›€ E:1.0652e+02V/cm J:2.3531e-01A/cm2 ğ›’:4.5266e+02ğ›€ cm
2023-03-29 18:00:01,074 INFO Measurement at current 0.00542713567839196
2023-03-29 18:00:01,662 INFO T:148.02Â°K V:3.4658e+00V I:5.4271e-03A R:6.3860e+02ğ›€ E:1.0697e+02V/cm J:2.3751e-01A/cm2 ğ›’:4.5037e+02ğ›€ cm
2023-03-29 18:00:01,680 INFO Measurement at current 0.005477386934673367
2023-03-29 18:00:02,287 INFO T:148.02Â°K V:3.4804e+00V I:5.4774e-03A R:6.3542e+02ğ›€ E:1.0742e+02V/cm J:2.3971e-01A/cm2 ğ›’:4.4813e+02ğ›€ cm
2023-03-29 18:00:02,303 INFO Measurement at current 0.005527638190954774
2023-03-29 18:00:02,886 INFO T:148.01Â°K V:3.5006e+00V I:5.5276e-03A R:6.3329e+02ğ›€ E:1.0804e+02V/cm J:2.4191e-01A/cm2 ğ›’:4.4662e+02ğ›€ cm
2023-03-29 18:00:02,902 INFO Measurement at current 0.005577889447236181
2023-03-29 18:00:03,493 INFO T:148.00Â°K V:3.5122e+00V I:5.5779e-03A R:6.2967e+02ğ›€ E:1.0840e+02V/cm J:2.4411e-01A/cm2 ğ›’:4.4407e+02ğ›€ cm
2023-03-29 18:00:03,510 INFO Measurement at current 0.005628140703517588
2023-03-29 18:00:04,097 INFO T:147.99Â°K V:3.5238e+00V I:5.6281e-03A R:6.2610e+02ğ›€ E:1.0876e+02V/cm J:2.4631e-01A/cm2 ğ›’:4.4156e+02ğ›€ cm
2023-03-29 18:00:04,117 INFO Measurement at current 0.005678391959798995
2023-03-29 18:00:04,718 INFO T:147.99Â°K V:3.5252e+00V I:5.6784e-03A R:6.2080e+02ğ›€ E:1.0880e+02V/cm J:2.4851e-01A/cm2 ğ›’:4.3782e+02ğ›€ cm
2023-03-29 18:00:04,737 INFO Measurement at current 0.005728643216080402
2023-03-29 18:00:05,328 INFO T:147.98Â°K V:3.5334e+00V I:5.7286e-03A R:6.1679e+02ğ›€ E:1.0905e+02V/cm J:2.5071e-01A/cm2 ğ›’:4.3499e+02ğ›€ cm
2023-03-29 18:00:05,344 INFO Measurement at current 0.005778894472361809
2023-03-29 18:00:05,938 INFO T:147.97Â°K V:3.5333e+00V I:5.7789e-03A R:6.1141e+02ğ›€ E:1.0905e+02V/cm J:2.5291e-01A/cm2 ğ›’:4.3119e+02ğ›€ cm
2023-03-29 18:00:05,957 INFO Measurement at current 0.005829145728643216
2023-03-29 18:00:06,546 INFO T:147.96Â°K V:3.5584e+00V I:5.8291e-03A R:6.1044e+02ğ›€ E:1.0983e+02V/cm J:2.5510e-01A/cm2 ğ›’:4.3051e+02ğ›€ cm
2023-03-29 18:00:06,565 INFO Measurement at current 0.005879396984924623
2023-03-29 18:00:07,157 INFO T:147.95Â°K V:3.6955e+00V I:5.8794e-03A R:6.2856e+02ğ›€ E:1.1406e+02V/cm J:2.5730e-01A/cm2 ğ›’:4.4329e+02ğ›€ cm
2023-03-29 18:00:07,177 INFO Measurement at current 0.00592964824120603
2023-03-29 18:00:07,762 INFO T:147.95Â°K V:3.7893e+00V I:5.9296e-03A R:6.3904e+02ğ›€ E:1.1695e+02V/cm J:2.5950e-01A/cm2 ğ›’:4.5068e+02ğ›€ cm
2023-03-29 18:00:07,782 INFO Measurement at current 0.005979899497487437
2023-03-29 18:00:08,372 INFO T:147.94Â°K V:3.7864e+00V I:5.9799e-03A R:6.3319e+02ğ›€ E:1.1686e+02V/cm J:2.6170e-01A/cm2 ğ›’:4.4656e+02ğ›€ cm
2023-03-29 18:00:08,400 INFO Measurement at current 0.006030150753768844
2023-03-29 18:00:08,994 INFO T:147.93Â°K V:3.7729e+00V I:6.0302e-03A R:6.2567e+02ğ›€ E:1.1645e+02V/cm J:2.6390e-01A/cm2 ğ›’:4.4125e+02ğ›€ cm
2023-03-29 18:00:09,020 INFO Measurement at current 0.006080402010050252
2023-03-29 18:00:09,629 INFO T:147.92Â°K V:3.7577e+00V I:6.0804e-03A R:6.1800e+02ğ›€ E:1.1598e+02V/cm J:2.6610e-01A/cm2 ğ›’:4.3584e+02ğ›€ cm
2023-03-29 18:00:09,646 INFO Measurement at current 0.006130653266331659
2023-03-29 18:00:10,240 INFO T:147.92Â°K V:3.7603e+00V I:6.1307e-03A R:6.1336e+02ğ›€ E:1.1606e+02V/cm J:2.6830e-01A/cm2 ğ›’:4.3257e+02ğ›€ cm
2023-03-29 18:00:10,261 INFO Measurement at current 0.006180904522613066
2023-03-29 18:00:10,854 INFO T:147.91Â°K V:3.7748e+00V I:6.1809e-03A R:6.1072e+02ğ›€ E:1.1651e+02V/cm J:2.7050e-01A/cm2 ğ›’:4.3071e+02ğ›€ cm
2023-03-29 18:00:10,872 INFO Measurement at current 0.006231155778894473
2023-03-29 18:00:11,465 INFO T:147.90Â°K V:3.7773e+00V I:6.2312e-03A R:6.0620e+02ğ›€ E:1.1658e+02V/cm J:2.7270e-01A/cm2 ğ›’:4.2752e+02ğ›€ cm
2023-03-29 18:00:11,487 INFO Measurement at current 0.00628140703517588
2023-03-29 18:00:12,087 INFO T:147.89Â°K V:3.7893e+00V I:6.2814e-03A R:6.0325e+02ğ›€ E:1.1695e+02V/cm J:2.7490e-01A/cm2 ğ›’:4.2544e+02ğ›€ cm
2023-03-29 18:00:12,110 INFO Measurement at current 0.006331658291457287
2023-03-29 18:00:12,702 INFO T:147.88Â°K V:3.7360e+00V I:6.3317e-03A R:5.9005e+02ğ›€ E:1.1531e+02V/cm J:2.7710e-01A/cm2 ğ›’:4.1613e+02ğ›€ cm
2023-03-29 18:00:12,720 INFO Measurement at current 0.006381909547738694
2023-03-29 18:00:13,308 INFO T:147.88Â°K V:3.7120e+00V I:6.3819e-03A R:5.8164e+02ğ›€ E:1.1457e+02V/cm J:2.7930e-01A/cm2 ğ›’:4.1020e+02ğ›€ cm
2023-03-29 18:00:13,325 INFO Measurement at current 0.006432160804020101
2023-03-29 18:00:13,937 INFO T:147.87Â°K V:3.7157e+00V I:6.4322e-03A R:5.7767e+02ğ›€ E:1.1468e+02V/cm J:2.8150e-01A/cm2 ğ›’:4.0740e+02ğ›€ cm
2023-03-29 18:00:13,969 INFO Measurement at current 0.006482412060301508
2023-03-29 18:00:14,554 INFO T:147.86Â°K V:3.7296e+00V I:6.4824e-03A R:5.7534e+02ğ›€ E:1.1511e+02V/cm J:2.8369e-01A/cm2 ğ›’:4.0575e+02ğ›€ cm
2023-03-29 18:00:14,571 INFO Measurement at current 0.006532663316582915
2023-03-29 18:00:15,158 INFO T:147.85Â°K V:3.7972e+00V I:6.5327e-03A R:5.8127e+02ğ›€ E:1.1720e+02V/cm J:2.8589e-01A/cm2 ğ›’:4.0994e+02ğ›€ cm
2023-03-29 18:00:15,177 INFO Measurement at current 0.0065829145728643216
2023-03-29 18:00:15,768 INFO T:147.85Â°K V:3.7953e+00V I:6.5829e-03A R:5.7653e+02ğ›€ E:1.1714e+02V/cm J:2.8809e-01A/cm2 ğ›’:4.0660e+02ğ›€ cm
2023-03-29 18:00:15,789 INFO Measurement at current 0.0066331658291457285
2023-03-29 18:00:16,383 INFO T:147.84Â°K V:3.8079e+00V I:6.6332e-03A R:5.7406e+02ğ›€ E:1.1753e+02V/cm J:2.9029e-01A/cm2 ğ›’:4.0486e+02ğ›€ cm
2023-03-29 18:00:16,400 INFO Measurement at current 0.0066834170854271355
2023-03-29 18:00:17,003 INFO T:147.83Â°K V:3.8249e+00V I:6.6834e-03A R:5.7230e+02ğ›€ E:1.1805e+02V/cm J:2.9249e-01A/cm2 ğ›’:4.0362e+02ğ›€ cm
2023-03-29 18:00:17,024 INFO Measurement at current 0.0067336683417085425
2023-03-29 18:00:17,611 INFO T:147.82Â°K V:3.8631e+00V I:6.7337e-03A R:5.7370e+02ğ›€ E:1.1923e+02V/cm J:2.9469e-01A/cm2 ğ›’:4.0460e+02ğ›€ cm
2023-03-29 18:00:17,626 INFO Measurement at current 0.0067839195979899495
2023-03-29 18:00:18,218 INFO T:147.81Â°K V:3.9109e+00V I:6.7839e-03A R:5.7649e+02ğ›€ E:1.2071e+02V/cm J:2.9689e-01A/cm2 ğ›’:4.0657e+02ğ›€ cm
2023-03-29 18:00:18,236 INFO Measurement at current 0.006834170854271357
2023-03-29 18:00:18,825 INFO T:147.81Â°K V:3.8844e+00V I:6.8342e-03A R:5.6838e+02ğ›€ E:1.1989e+02V/cm J:2.9909e-01A/cm2 ğ›’:4.0085e+02ğ›€ cm
2023-03-29 18:00:18,851 INFO Measurement at current 0.006884422110552764
2023-03-29 18:00:19,449 INFO T:147.80Â°K V:3.9122e+00V I:6.8844e-03A R:5.6826e+02ğ›€ E:1.2075e+02V/cm J:3.0129e-01A/cm2 ğ›’:4.0076e+02ğ›€ cm
2023-03-29 18:00:19,475 INFO Measurement at current 0.006934673366834171
2023-03-29 18:00:20,061 INFO T:147.79Â°K V:3.9211e+00V I:6.9347e-03A R:5.6543e+02ğ›€ E:1.2102e+02V/cm J:3.0349e-01A/cm2 ğ›’:3.9877e+02ğ›€ cm
2023-03-29 18:00:20,079 INFO Measurement at current 0.006984924623115578
2023-03-29 18:00:20,669 INFO T:147.78Â°K V:3.8980e+00V I:6.9849e-03A R:5.5805e+02ğ›€ E:1.2031e+02V/cm J:3.0569e-01A/cm2 ğ›’:3.9356e+02ğ›€ cm
2023-03-29 18:00:20,693 INFO Measurement at current 0.007035175879396985
2023-03-29 18:00:21,293 INFO T:147.78Â°K V:3.9054e+00V I:7.0352e-03A R:5.5513e+02ğ›€ E:1.2054e+02V/cm J:3.0789e-01A/cm2 ğ›’:3.9150e+02ğ›€ cm
2023-03-29 18:00:21,310 INFO Measurement at current 0.007085427135678392
2023-03-29 18:00:21,899 INFO T:147.77Â°K V:3.9115e+00V I:7.0854e-03A R:5.5205e+02ğ›€ E:1.2073e+02V/cm J:3.1008e-01A/cm2 ğ›’:3.8933e+02ğ›€ cm
2023-03-29 18:00:21,930 INFO Measurement at current 0.007135678391959799
2023-03-29 18:00:22,522 INFO T:147.76Â°K V:3.8898e+00V I:7.1357e-03A R:5.4512e+02ğ›€ E:1.2006e+02V/cm J:3.1228e-01A/cm2 ğ›’:3.8445e+02ğ›€ cm
2023-03-29 18:00:22,539 INFO Measurement at current 0.007185929648241206
2023-03-29 18:00:23,123 INFO T:147.75Â°K V:3.8904e+00V I:7.1859e-03A R:5.4139e+02ğ›€ E:1.2007e+02V/cm J:3.1448e-01A/cm2 ğ›’:3.8182e+02ğ›€ cm
2023-03-29 18:00:23,139 INFO Measurement at current 0.007236180904522613
2023-03-29 18:00:23,728 INFO T:147.74Â°K V:3.9037e+00V I:7.2362e-03A R:5.3947e+02ğ›€ E:1.2048e+02V/cm J:3.1668e-01A/cm2 ğ›’:3.8046e+02ğ›€ cm
2023-03-29 18:00:23,750 INFO Measurement at current 0.00728643216080402
2023-03-29 18:00:24,351 INFO T:147.74Â°K V:3.8111e+00V I:7.2864e-03A R:5.2304e+02ğ›€ E:1.1763e+02V/cm J:3.1888e-01A/cm2 ğ›’:3.6887e+02ğ›€ cm
2023-03-29 18:00:24,367 INFO Measurement at current 0.007336683417085427
2023-03-29 18:00:24,965 INFO T:147.73Â°K V:3.7784e+00V I:7.3367e-03A R:5.1501e+02ğ›€ E:1.1662e+02V/cm J:3.2108e-01A/cm2 ğ›’:3.6321e+02ğ›€ cm
2023-03-29 18:00:24,984 INFO Measurement at current 0.007386934673366834
2023-03-29 18:00:25,581 INFO T:147.72Â°K V:3.7719e+00V I:7.3869e-03A R:5.1062e+02ğ›€ E:1.1642e+02V/cm J:3.2328e-01A/cm2 ğ›’:3.6011e+02ğ›€ cm
2023-03-29 18:00:25,610 INFO Measurement at current 0.007437185929648241
2023-03-29 18:00:26,208 INFO T:147.71Â°K V:3.7858e+00V I:7.4372e-03A R:5.0904e+02ğ›€ E:1.1685e+02V/cm J:3.2548e-01A/cm2 ğ›’:3.5900e+02ğ›€ cm
2023-03-29 18:00:26,243 INFO Measurement at current 0.007487437185929648
2023-03-29 18:00:26,844 INFO T:147.71Â°K V:3.7961e+00V I:7.4874e-03A R:5.0700e+02ğ›€ E:1.1716e+02V/cm J:3.2768e-01A/cm2 ğ›’:3.5756e+02ğ›€ cm
2023-03-29 18:00:26,872 INFO Measurement at current 0.007537688442211056
2023-03-29 18:00:27,467 INFO T:147.70Â°K V:3.7806e+00V I:7.5377e-03A R:5.0155e+02ğ›€ E:1.1668e+02V/cm J:3.2988e-01A/cm2 ğ›’:3.5372e+02ğ›€ cm
2023-03-29 18:00:27,483 INFO Measurement at current 0.007587939698492463
2023-03-29 18:00:28,069 INFO T:147.69Â°K V:3.7372e+00V I:7.5879e-03A R:4.9252e+02ğ›€ E:1.1535e+02V/cm J:3.3208e-01A/cm2 ğ›’:3.4735e+02ğ›€ cm
2023-03-29 18:00:28,084 INFO Measurement at current 0.00763819095477387
2023-03-29 18:00:28,683 INFO T:147.68Â°K V:3.7191e+00V I:7.6382e-03A R:4.8691e+02ğ›€ E:1.1479e+02V/cm J:3.3428e-01A/cm2 ğ›’:3.4339e+02ğ›€ cm
2023-03-29 18:00:28,700 INFO Measurement at current 0.007688442211055277
2023-03-29 18:00:29,288 INFO T:147.68Â°K V:3.7042e+00V I:7.6884e-03A R:4.8179e+02ğ›€ E:1.1433e+02V/cm J:3.3647e-01A/cm2 ğ›’:3.3978e+02ğ›€ cm
2023-03-29 18:00:29,310 INFO Measurement at current 0.007738693467336684
2023-03-29 18:00:29,898 INFO T:147.67Â°K V:3.6814e+00V I:7.7387e-03A R:4.7571e+02ğ›€ E:1.1362e+02V/cm J:3.3867e-01A/cm2 ğ›’:3.3549e+02ğ›€ cm
2023-03-29 18:00:29,913 INFO Measurement at current 0.007788944723618091
2023-03-29 18:00:30,506 INFO T:147.66Â°K V:3.6773e+00V I:7.7889e-03A R:4.7212e+02ğ›€ E:1.1350e+02V/cm J:3.4087e-01A/cm2 ğ›’:3.3296e+02ğ›€ cm
2023-03-29 18:00:30,523 INFO Measurement at current 0.007839195979899497
2023-03-29 18:00:31,111 INFO T:147.65Â°K V:3.6294e+00V I:7.8392e-03A R:4.6298e+02ğ›€ E:1.1202e+02V/cm J:3.4307e-01A/cm2 ğ›’:3.2651e+02ğ›€ cm
2023-03-29 18:00:31,130 INFO Measurement at current 0.007889447236180906
2023-03-29 18:00:31,714 INFO T:147.64Â°K V:3.6468e+00V I:7.8894e-03A R:4.6224e+02ğ›€ E:1.1256e+02V/cm J:3.4527e-01A/cm2 ğ›’:3.2599e+02ğ›€ cm
2023-03-29 18:00:31,731 INFO Measurement at current 0.007939698492462312
2023-03-29 18:00:32,318 INFO T:147.64Â°K V:3.8745e+00V I:7.9397e-03A R:4.8799e+02ğ›€ E:1.1958e+02V/cm J:3.4747e-01A/cm2 ğ›’:3.4416e+02ğ›€ cm
2023-03-29 18:00:32,337 INFO Measurement at current 0.00798994974874372
2023-03-29 18:00:32,932 INFO T:147.63Â°K V:3.8857e+00V I:7.9899e-03A R:4.8633e+02ğ›€ E:1.1993e+02V/cm J:3.4967e-01A/cm2 ğ›’:3.4298e+02ğ›€ cm
2023-03-29 18:00:32,948 INFO Measurement at current 0.008040201005025126
2023-03-29 18:00:33,545 INFO T:147.62Â°K V:3.8879e+00V I:8.0402e-03A R:4.8356e+02ğ›€ E:1.2000e+02V/cm J:3.5187e-01A/cm2 ğ›’:3.4103e+02ğ›€ cm
2023-03-29 18:00:33,570 INFO Measurement at current 0.008090452261306533
2023-03-29 18:00:34,178 INFO T:147.61Â°K V:3.8367e+00V I:8.0905e-03A R:4.7423e+02ğ›€ E:1.1842e+02V/cm J:3.5407e-01A/cm2 ğ›’:3.3445e+02ğ›€ cm
2023-03-29 18:00:34,195 INFO Measurement at current 0.00814070351758794
2023-03-29 18:00:34,791 INFO T:147.61Â°K V:3.8044e+00V I:8.1407e-03A R:4.6734e+02ğ›€ E:1.1742e+02V/cm J:3.5627e-01A/cm2 ğ›’:3.2959e+02ğ›€ cm
2023-03-29 18:00:34,807 INFO Measurement at current 0.008190954773869347
2023-03-29 18:00:35,397 INFO T:147.60Â°K V:3.7929e+00V I:8.1910e-03A R:4.6305e+02ğ›€ E:1.1706e+02V/cm J:3.5847e-01A/cm2 ğ›’:3.2657e+02ğ›€ cm
2023-03-29 18:00:35,419 INFO Measurement at current 0.008241206030150754
2023-03-29 18:00:36,007 INFO T:147.59Â°K V:3.7810e+00V I:8.2412e-03A R:4.5879e+02ğ›€ E:1.1670e+02V/cm J:3.6067e-01A/cm2 ğ›’:3.2356e+02ğ›€ cm
2023-03-29 18:00:36,030 INFO Measurement at current 0.008291457286432161
2023-03-29 18:00:36,617 INFO T:147.58Â°K V:3.7868e+00V I:8.2915e-03A R:4.5671e+02ğ›€ E:1.1688e+02V/cm J:3.6286e-01A/cm2 ğ›’:3.2209e+02ğ›€ cm
2023-03-29 18:00:36,638 INFO Measurement at current 0.008341708542713568
2023-03-29 18:00:37,233 INFO T:147.58Â°K V:3.7775e+00V I:8.3417e-03A R:4.5285e+02ğ›€ E:1.1659e+02V/cm J:3.6506e-01A/cm2 ğ›’:3.1937e+02ğ›€ cm
2023-03-29 18:00:37,261 INFO Measurement at current 0.008391959798994975
2023-03-29 18:00:37,859 INFO T:147.57Â°K V:3.7705e+00V I:8.3920e-03A R:4.4930e+02ğ›€ E:1.1637e+02V/cm J:3.6726e-01A/cm2 ğ›’:3.1687e+02ğ›€ cm
2023-03-29 18:00:37,879 INFO Measurement at current 0.008442211055276382
2023-03-29 18:00:38,467 INFO T:147.56Â°K V:3.7509e+00V I:8.4422e-03A R:4.4430e+02ğ›€ E:1.1577e+02V/cm J:3.6946e-01A/cm2 ğ›’:3.1334e+02ğ›€ cm
2023-03-29 18:00:38,487 INFO Measurement at current 0.00849246231155779
2023-03-29 18:00:39,079 INFO T:147.55Â°K V:3.7374e+00V I:8.4925e-03A R:4.4008e+02ğ›€ E:1.1535e+02V/cm J:3.7166e-01A/cm2 ğ›’:3.1037e+02ğ›€ cm
2023-03-29 18:00:39,099 INFO Measurement at current 0.008542713567839196
2023-03-29 18:00:39,689 INFO T:147.55Â°K V:3.7417e+00V I:8.5427e-03A R:4.3799e+02ğ›€ E:1.1548e+02V/cm J:3.7386e-01A/cm2 ğ›’:3.0889e+02ğ›€ cm
2023-03-29 18:00:39,708 INFO Measurement at current 0.008592964824120603
2023-03-29 18:00:40,304 INFO T:147.54Â°K V:3.7475e+00V I:8.5930e-03A R:4.3611e+02ğ›€ E:1.1566e+02V/cm J:3.7606e-01A/cm2 ğ›’:3.0757e+02ğ›€ cm
2023-03-29 18:00:40,321 INFO Measurement at current 0.00864321608040201
2023-03-29 18:00:40,910 INFO T:147.53Â°K V:3.7180e+00V I:8.6432e-03A R:4.3016e+02ğ›€ E:1.1475e+02V/cm J:3.7826e-01A/cm2 ğ›’:3.0337e+02ğ›€ cm
2023-03-29 18:00:40,926 INFO Measurement at current 0.008693467336683417
2023-03-29 18:00:41,527 INFO T:147.52Â°K V:3.7262e+00V I:8.6935e-03A R:4.2862e+02ğ›€ E:1.1501e+02V/cm J:3.8046e-01A/cm2 ğ›’:3.0228e+02ğ›€ cm
2023-03-29 18:00:41,562 INFO Measurement at current 0.008743718592964824
2023-03-29 18:00:42,164 INFO T:147.52Â°K V:3.7173e+00V I:8.7437e-03A R:4.2514e+02ğ›€ E:1.1473e+02V/cm J:3.8266e-01A/cm2 ğ›’:2.9983e+02ğ›€ cm
2023-03-29 18:00:42,191 INFO Measurement at current 0.008793969849246231
2023-03-29 18:00:42,789 INFO T:147.51Â°K V:3.6929e+00V I:8.7940e-03A R:4.1993e+02ğ›€ E:1.1398e+02V/cm J:3.8486e-01A/cm2 ğ›’:2.9616e+02ğ›€ cm
2023-03-29 18:00:42,811 INFO Measurement at current 0.008844221105527638
2023-03-29 18:00:43,407 INFO T:147.50Â°K V:3.6912e+00V I:8.8442e-03A R:4.1736e+02ğ›€ E:1.1393e+02V/cm J:3.8706e-01A/cm2 ğ›’:2.9434e+02ğ›€ cm
2023-03-29 18:00:43,426 INFO Measurement at current 0.008894472361809045
2023-03-29 18:00:44,010 INFO T:147.49Â°K V:3.6933e+00V I:8.8945e-03A R:4.1523e+02ğ›€ E:1.1399e+02V/cm J:3.8925e-01A/cm2 ğ›’:2.9284e+02ğ›€ cm
2023-03-29 18:00:44,025 INFO Measurement at current 0.008944723618090452
2023-03-29 18:00:44,623 INFO T:147.49Â°K V:3.8381e+00V I:8.9447e-03A R:4.2909e+02ğ›€ E:1.1846e+02V/cm J:3.9145e-01A/cm2 ğ›’:3.0262e+02ğ›€ cm
2023-03-29 18:00:44,665 INFO Measurement at current 0.008994974874371859
2023-03-29 18:00:45,256 INFO T:147.48Â°K V:3.8238e+00V I:8.9950e-03A R:4.2511e+02ğ›€ E:1.1802e+02V/cm J:3.9365e-01A/cm2 ğ›’:2.9981e+02ğ›€ cm
2023-03-29 18:00:45,282 INFO Measurement at current 0.009045226130653266
2023-03-29 18:00:45,879 INFO T:147.47Â°K V:3.8083e+00V I:9.0452e-03A R:4.2103e+02ğ›€ E:1.1754e+02V/cm J:3.9585e-01A/cm2 ğ›’:2.9693e+02ğ›€ cm
2023-03-29 18:00:45,895 INFO Measurement at current 0.009095477386934673
2023-03-29 18:00:46,482 INFO T:147.46Â°K V:3.7959e+00V I:9.0955e-03A R:4.1734e+02ğ›€ E:1.1716e+02V/cm J:3.9805e-01A/cm2 ğ›’:2.9433e+02ğ›€ cm
2023-03-29 18:00:46,502 INFO Measurement at current 0.00914572864321608
2023-03-29 18:00:47,095 INFO T:147.46Â°K V:3.7659e+00V I:9.1457e-03A R:4.1177e+02ğ›€ E:1.1623e+02V/cm J:4.0025e-01A/cm2 ğ›’:2.9040e+02ğ›€ cm
2023-03-29 18:00:47,111 INFO Measurement at current 0.009195979899497487
2023-03-29 18:00:47,722 INFO T:147.45Â°K V:3.7785e+00V I:9.1960e-03A R:4.1089e+02ğ›€ E:1.1662e+02V/cm J:4.0245e-01A/cm2 ğ›’:2.8978e+02ğ›€ cm
2023-03-29 18:00:47,746 INFO Measurement at current 0.009246231155778894
2023-03-29 18:00:48,348 INFO T:147.44Â°K V:3.7514e+00V I:9.2462e-03A R:4.0573e+02ğ›€ E:1.1579e+02V/cm J:4.0465e-01A/cm2 ğ›’:2.8614e+02ğ›€ cm
2023-03-29 18:00:48,363 INFO Measurement at current 0.009296482412060303
2023-03-29 18:00:48,951 INFO T:147.43Â°K V:3.6931e+00V I:9.2965e-03A R:3.9725e+02ğ›€ E:1.1398e+02V/cm J:4.0685e-01A/cm2 ğ›’:2.8016e+02ğ›€ cm
2023-03-29 18:00:48,976 INFO Measurement at current 0.00934673366834171
2023-03-29 18:00:49,571 INFO T:147.43Â°K V:3.6609e+00V I:9.3467e-03A R:3.9168e+02ğ›€ E:1.1299e+02V/cm J:4.0905e-01A/cm2 ğ›’:2.7623e+02ğ›€ cm
2023-03-29 18:00:49,588 INFO Measurement at current 0.009396984924623117
2023-03-29 18:00:50,173 INFO T:147.42Â°K V:3.6402e+00V I:9.3970e-03A R:3.8737e+02ğ›€ E:1.1235e+02V/cm J:4.1125e-01A/cm2 ğ›’:2.7319e+02ğ›€ cm
2023-03-29 18:00:50,191 INFO Measurement at current 0.009447236180904523
2023-03-29 18:00:50,786 INFO T:147.41Â°K V:3.6197e+00V I:9.4472e-03A R:3.8315e+02ğ›€ E:1.1172e+02V/cm J:4.1345e-01A/cm2 ğ›’:2.7022e+02ğ›€ cm
2023-03-29 18:00:50,810 INFO Measurement at current 0.00949748743718593
2023-03-29 18:00:51,408 INFO T:147.40Â°K V:3.6073e+00V I:9.4975e-03A R:3.7981e+02ğ›€ E:1.1133e+02V/cm J:4.1564e-01A/cm2 ğ›’:2.6786e+02ğ›€ cm
2023-03-29 18:00:51,427 INFO Measurement at current 0.009547738693467337
2023-03-29 18:00:52,027 INFO T:147.40Â°K V:3.5879e+00V I:9.5477e-03A R:3.7579e+02ğ›€ E:1.1074e+02V/cm J:4.1784e-01A/cm2 ğ›’:2.6502e+02ğ›€ cm
2023-03-29 18:00:52,046 INFO Measurement at current 0.009597989949748744
2023-03-29 18:00:52,648 INFO T:147.39Â°K V:3.5766e+00V I:9.5980e-03A R:3.7264e+02ğ›€ E:1.1039e+02V/cm J:4.2004e-01A/cm2 ğ›’:2.6281e+02ğ›€ cm
2023-03-29 18:00:52,668 INFO Measurement at current 0.009648241206030151
2023-03-29 18:00:53,271 INFO T:147.38Â°K V:3.5660e+00V I:9.6482e-03A R:3.6960e+02ğ›€ E:1.1006e+02V/cm J:4.2224e-01A/cm2 ğ›’:2.6066e+02ğ›€ cm
2023-03-29 18:00:53,287 INFO Measurement at current 0.009698492462311558
2023-03-29 18:00:53,879 INFO T:147.37Â°K V:3.5533e+00V I:9.6985e-03A R:3.6638e+02ğ›€ E:1.0967e+02V/cm J:4.2444e-01A/cm2 ğ›’:2.5839e+02ğ›€ cm
2023-03-29 18:00:53,909 INFO Measurement at current 0.009748743718592965
2023-03-29 18:00:54,511 INFO T:147.37Â°K V:3.5390e+00V I:9.7487e-03A R:3.6302e+02ğ›€ E:1.0923e+02V/cm J:4.2664e-01A/cm2 ğ›’:2.5602e+02ğ›€ cm
2023-03-29 18:00:54,530 INFO Measurement at current 0.009798994974874372
2023-03-29 18:00:55,121 INFO T:147.36Â°K V:3.5331e+00V I:9.7990e-03A R:3.6056e+02ğ›€ E:1.0905e+02V/cm J:4.2884e-01A/cm2 ğ›’:2.5428e+02ğ›€ cm
2023-03-29 18:00:55,140 INFO Measurement at current 0.00984924623115578
2023-03-29 18:00:55,739 INFO T:147.35Â°K V:3.5328e+00V I:9.8492e-03A R:3.5869e+02ğ›€ E:1.0904e+02V/cm J:4.3104e-01A/cm2 ğ›’:2.5297e+02ğ›€ cm
2023-03-29 18:00:55,755 INFO Measurement at current 0.009899497487437186
2023-03-29 18:00:56,350 INFO T:147.34Â°K V:3.5167e+00V I:9.8995e-03A R:3.5524e+02ğ›€ E:1.0854e+02V/cm J:4.3324e-01A/cm2 ğ›’:2.5053e+02ğ›€ cm
2023-03-29 18:00:56,385 INFO Measurement at current 0.009949748743718593
2023-03-29 18:00:56,996 INFO T:147.34Â°K V:3.5119e+00V I:9.9497e-03A R:3.5296e+02ğ›€ E:1.0839e+02V/cm J:4.3544e-01A/cm2 ğ›’:2.4893e+02ğ›€ cm
2023-03-29 18:00:57,012 INFO Measurement at current 0.01
2023-03-29 18:00:57,701 INFO T:147.33Â°K V:3.5427e+00V I:1.0000e-02A R:3.5427e+02ğ›€ E:1.0934e+02V/cm J:4.3764e-01A/cm2 ğ›’:2.4985e+02ğ›€ cm
2023-03-29 18:01:24,268 INFO Save the description file
2023-03-29 18:01:24,280 INFO Save data in numpy format Esperimenti/CPRO_MUSA_290323_I_V/CPRO_MUSA_290323_I_V_current_from_0_to_100e-4A/CPRO_MUSA_290323_I_V_current_from_0_to_100e-4A-20230329180122
2023-03-29 18:01:24,327 INFO Save data in CSV format Esperimenti/CPRO_MUSA_290323_I_V/CPRO_MUSA_290323_I_V_current_from_0_to_100e-4A/CPRO_MUSA_290323_I_V_current_from_0_to_100e-4A-20230329180122.csv
2023-03-29 18:01:24,341 INFO Save plot as image Esperimenti/CPRO_MUSA_290323_I_V/CPRO_MUSA_290323_I_V_current_from_0_to_100e-4A/CPRO_MUSA_290323_I_V_current_from_0_to_100e-4A-20230329180122.png
