2022-04-22 09:32:09,994 INFO ### Start experiment: CA8_01_A at fixed current -3e-8A ###
2022-04-22 09:32:11,345 INFO Found Multimeter KEITHLEY INSTRUMENTS INC.,MODEL 2700,0884890,B03  /A02  

2022-04-22 09:32:12,374 INFO Found Nanovolt Meter KEITHLEY INSTRUMENTS INC.,MODEL 2182A,4056474,C03  /A02  

2022-04-22 09:32:12,472 INFO Found Source Meter KEITHLEY INSTRUMENTS INC.,MODEL 6220,1315485,A05  /700x 

2022-04-22 09:32:12,559 INFO Start the measurement loop
2022-04-22 09:32:17,004 INFO Measurement at current -3e-08
2022-04-22 09:32:18,558 INFO T:103.53Â°K V:-1.6892e+00V I:-3.0000e-08A R:5.6306e+07ğ›€ E:-1.0422e+02V/cm J:-1.2632e-06A/cm2 ğ›’:8.2504e+07ğ›€ cm
2022-04-22 09:32:18,577 INFO Measurement at current -3e-08
2022-04-22 09:32:19,184 INFO T:103.53Â°K V:-8.3524e+00V I:-3.0000e-08A R:2.7841e+08ğ›€ E:-5.1531e+02V/cm J:-1.2632e-06A/cm2 ğ›’:4.0796e+08ğ›€ cm
2022-04-22 09:32:19,198 INFO Measurement at current -3e-08
2022-04-22 09:32:20,430 INFO T:103.53Â°K V:-2.9713e-01V I:-3.0000e-08A R:9.9042e+06ğ›€ E:-1.8332e+01V/cm J:-1.2632e-06A/cm2 ğ›’:1.4513e+07ğ›€ cm
2022-04-22 09:32:20,453 INFO Measurement at current -3e-08
2022-04-22 09:32:22,005 INFO T:103.53Â°K V:-1.6865e+00V I:-3.0000e-08A R:5.6217e+07ğ›€ E:-1.0405e+02V/cm J:-1.2632e-06A/cm2 ğ›’:8.2374e+07ğ›€ cm
2022-04-22 09:32:22,027 INFO Measurement at current -3e-08
2022-04-22 09:32:22,622 INFO T:103.53Â°K V:-8.3061e+00V I:-3.0000e-08A R:2.7687e+08ğ›€ E:-5.1246e+02V/cm J:-1.2632e-06A/cm2 ğ›’:4.0570e+08ğ›€ cm
2022-04-22 09:32:22,640 INFO Measurement at current -3e-08
2022-04-22 09:32:23,867 INFO T:103.53Â°K V:-2.9741e-01V I:-3.0000e-08A R:9.9138e+06ğ›€ E:-1.8349e+01V/cm J:-1.2632e-06A/cm2 ğ›’:1.4527e+07ğ›€ cm
2022-04-22 09:32:23,886 INFO Measurement at current -3e-08
2022-04-22 09:32:25,429 INFO T:103.53Â°K V:-1.6904e+00V I:-3.0000e-08A R:5.6345e+07ğ›€ E:-1.0429e+02V/cm J:-1.2632e-06A/cm2 ğ›’:8.2562e+07ğ›€ cm
2022-04-22 09:32:25,449 INFO Measurement at current -3e-08
2022-04-22 09:32:26,045 INFO T:103.53Â°K V:-8.3132e+00V I:-3.0000e-08A R:2.7711e+08ğ›€ E:-5.1290e+02V/cm J:-1.2632e-06A/cm2 ğ›’:4.0604e+08ğ›€ cm
2022-04-22 09:32:26,070 INFO Measurement at current -3e-08
2022-04-22 09:32:27,298 INFO T:103.53Â°K V:-2.9744e-01V I:-3.0000e-08A R:9.9148e+06ğ›€ E:-1.8351e+01V/cm J:-1.2632e-06A/cm2 ğ›’:1.4528e+07ğ›€ cm
2022-04-22 09:32:27,319 INFO Measurement at current -3e-08
2022-04-22 09:32:28,860 INFO T:103.53Â°K V:-1.6885e+00V I:-3.0000e-08A R:5.6283e+07ğ›€ E:-1.0417e+02V/cm J:-1.2632e-06A/cm2 ğ›’:8.2472e+07ğ›€ cm
2022-04-22 09:32:28,874 INFO Measurement at current -3e-08
2022-04-22 09:32:29,478 INFO T:103.53Â°K V:-8.3181e+00V I:-3.0000e-08A R:2.7727e+08ğ›€ E:-5.1320e+02V/cm J:-1.2632e-06A/cm2 ğ›’:4.0628e+08ğ›€ cm
2022-04-22 09:32:29,497 INFO Measurement at current -3e-08
2022-04-22 09:32:30,736 INFO T:103.53Â°K V:-2.9747e-01V I:-3.0000e-08A R:9.9157e+06ğ›€ E:-1.8353e+01V/cm J:-1.2632e-06A/cm2 ğ›’:1.4529e+07ğ›€ cm
2022-04-22 09:32:30,754 INFO Measurement at current -3e-08
2022-04-22 09:32:32,287 INFO T:103.53Â°K V:-1.6984e+00V I:-3.0000e-08A R:5.6615e+07ğ›€ E:-1.0479e+02V/cm J:-1.2632e-06A/cm2 ğ›’:8.2958e+07ğ›€ cm
2022-04-22 09:32:32,304 INFO Measurement at current -3e-08
2022-04-22 09:32:32,895 INFO T:103.53Â°K V:-8.1984e+00V I:-3.0000e-08A R:2.7328e+08ğ›€ E:-5.0581e+02V/cm J:-1.2632e-06A/cm2 ğ›’:4.0044e+08ğ›€ cm
2022-04-22 09:32:32,911 INFO Measurement at current -3e-08
2022-04-22 09:32:33,497 INFO T:103.53Â°K V:-1.1923e+01V I:-3.0000e-08A R:3.9744e+08ğ›€ E:-7.3563e+02V/cm J:-1.2632e-06A/cm2 ğ›’:5.8237e+08ğ›€ cm
2022-04-22 09:32:33,513 INFO Measurement at current -3e-08
2022-04-22 09:32:34,738 INFO T:103.53Â°K V:-2.9749e-01V I:-3.0000e-08A R:9.9162e+06ğ›€ E:-1.8354e+01V/cm J:-1.2632e-06A/cm2 ğ›’:1.4530e+07ğ›€ cm
2022-04-22 09:32:34,763 INFO Measurement at current -3e-08
2022-04-22 09:32:36,310 INFO T:103.53Â°K V:-1.6883e+00V I:-3.0000e-08A R:5.6277e+07ğ›€ E:-1.0416e+02V/cm J:-1.2632e-06A/cm2 ğ›’:8.2463e+07ğ›€ cm
2022-04-22 09:32:36,333 INFO Measurement at current -3e-08
2022-04-22 09:32:36,938 INFO T:103.53Â°K V:-8.3703e+00V I:-3.0000e-08A R:2.7901e+08ğ›€ E:-5.1642e+02V/cm J:-1.2632e-06A/cm2 ğ›’:4.0883e+08ğ›€ cm
2022-04-22 09:32:36,969 INFO Measurement at current -3e-08
2022-04-22 09:32:38,203 INFO T:103.53Â°K V:-2.9767e-01V I:-3.0000e-08A R:9.9223e+06ğ›€ E:-1.8365e+01V/cm J:-1.2632e-06A/cm2 ğ›’:1.4539e+07ğ›€ cm
2022-04-22 09:32:38,222 INFO Measurement at current -3e-08
2022-04-22 09:32:39,760 INFO T:103.53Â°K V:-1.6917e+00V I:-3.0000e-08A R:5.6389e+07ğ›€ E:-1.0437e+02V/cm J:-1.2632e-06A/cm2 ğ›’:8.2627e+07ğ›€ cm
2022-04-22 09:32:39,781 INFO Measurement at current -3e-08
2022-04-22 09:32:40,373 INFO T:103.53Â°K V:-8.2923e+00V I:-3.0000e-08A R:2.7641e+08ğ›€ E:-5.1161e+02V/cm J:-1.2632e-06A/cm2 ğ›’:4.0503e+08ğ›€ cm
2022-04-22 09:32:40,388 INFO Measurement at current -3e-08
2022-04-22 09:32:40,986 INFO T:103.53Â°K V:-1.1962e+01V I:-3.0000e-08A R:3.9872e+08ğ›€ E:-7.3800e+02V/cm J:-1.2632e-06A/cm2 ğ›’:5.8425e+08ğ›€ cm
2022-04-22 09:32:41,004 INFO Measurement at current -3e-08
2022-04-22 09:32:42,227 INFO T:103.53Â°K V:-2.9788e-01V I:-3.0000e-08A R:9.9292e+06ğ›€ E:-1.8378e+01V/cm J:-1.2632e-06A/cm2 ğ›’:1.4549e+07ğ›€ cm
2022-04-22 09:32:42,243 INFO Measurement at current -3e-08
2022-04-22 09:32:43,790 INFO T:103.53Â°K V:-1.6803e+00V I:-3.0000e-08A R:5.6011e+07ğ›€ E:-1.0367e+02V/cm J:-1.2632e-06A/cm2 ğ›’:8.2073e+07ğ›€ cm
2022-04-22 09:32:43,806 INFO Measurement at current -3e-08
2022-04-22 09:32:44,417 INFO T:103.53Â°K V:-8.4235e+00V I:-3.0000e-08A R:2.8078e+08ğ›€ E:-5.1971e+02V/cm J:-1.2632e-06A/cm2 ğ›’:4.1143e+08ğ›€ cm
2022-04-22 09:32:44,432 INFO Measurement at current -3e-08
2022-04-22 09:32:45,652 INFO T:103.53Â°K V:-2.9752e-01V I:-3.0000e-08A R:9.9174e+06ğ›€ E:-1.8356e+01V/cm J:-1.2632e-06A/cm2 ğ›’:1.4532e+07ğ›€ cm
2022-04-22 09:32:45,665 INFO Measurement at current -3e-08
2022-04-22 09:32:47,189 INFO T:103.53Â°K V:-1.6829e+00V I:-3.0000e-08A R:5.6096e+07ğ›€ E:-1.0383e+02V/cm J:-1.2632e-06A/cm2 ğ›’:8.2197e+07ğ›€ cm
2022-04-22 09:32:47,202 INFO Measurement at current -3e-08
2022-04-22 09:32:47,808 INFO T:103.53Â°K V:-8.0904e+00V I:-3.0000e-08A R:2.6968e+08ğ›€ E:-4.9915e+02V/cm J:-1.2632e-06A/cm2 ğ›’:3.9516e+08ğ›€ cm
2022-04-22 09:32:47,833 INFO Measurement at current -3e-08
2022-04-22 09:32:49,125 INFO T:103.53Â°K V:-2.9768e-01V I:-3.0000e-08A R:9.9228e+06ğ›€ E:-1.8366e+01V/cm J:-1.2632e-06A/cm2 ğ›’:1.4540e+07ğ›€ cm
2022-04-22 09:32:49,138 INFO Measurement at current -3e-08
2022-04-22 09:32:50,662 INFO T:103.53Â°K V:-1.6799e+00V I:-3.0000e-08A R:5.5995e+07ğ›€ E:-1.0364e+02V/cm J:-1.2632e-06A/cm2 ğ›’:8.2050e+07ğ›€ cm
2022-04-22 09:32:50,679 INFO Measurement at current -3e-08
2022-04-22 09:32:51,264 INFO T:103.53Â°K V:-8.1397e+00V I:-3.0000e-08A R:2.7132e+08ğ›€ E:-5.0219e+02V/cm J:-1.2632e-06A/cm2 ğ›’:3.9757e+08ğ›€ cm
2022-04-22 09:32:51,279 INFO Measurement at current -3e-08
2022-04-22 09:32:51,871 INFO T:103.53Â°K V:-1.1878e+01V I:-3.0000e-08A R:3.9594e+08ğ›€ E:-7.3284e+02V/cm J:-1.2632e-06A/cm2 ğ›’:5.8016e+08ğ›€ cm
2022-04-22 09:32:51,885 INFO Measurement at current -3e-08
2022-04-22 09:32:53,103 INFO T:103.53Â°K V:-2.9795e-01V I:-3.0000e-08A R:9.9317e+06ğ›€ E:-1.8383e+01V/cm J:-1.2632e-06A/cm2 ğ›’:1.4553e+07ğ›€ cm
2022-04-22 09:32:53,125 INFO Measurement at current -3e-08
2022-04-22 09:32:54,678 INFO T:103.53Â°K V:-1.6957e+00V I:-3.0000e-08A R:5.6523e+07ğ›€ E:-1.0462e+02V/cm J:-1.2632e-06A/cm2 ğ›’:8.2823e+07ğ›€ cm
2022-04-22 09:32:54,698 INFO Measurement at current -3e-08
2022-04-22 09:32:55,308 INFO T:103.53Â°K V:-8.2702e+00V I:-3.0000e-08A R:2.7567e+08ğ›€ E:-5.1025e+02V/cm J:-1.2632e-06A/cm2 ğ›’:4.0394e+08ğ›€ cm
2022-04-22 09:32:55,355 INFO Measurement at current -3e-08
2022-04-22 09:32:56,582 INFO T:103.53Â°K V:-2.9772e-01V I:-3.0000e-08A R:9.9241e+06ğ›€ E:-1.8369e+01V/cm J:-1.2632e-06A/cm2 ğ›’:1.4542e+07ğ›€ cm
2022-04-22 09:32:56,605 INFO Measurement at current -3e-08
2022-04-22 09:32:58,157 INFO T:103.53Â°K V:-1.6921e+00V I:-3.0000e-08A R:5.6403e+07ğ›€ E:-1.0440e+02V/cm J:-1.2632e-06A/cm2 ğ›’:8.2647e+07ğ›€ cm
2022-04-22 09:32:58,180 INFO Measurement at current -3e-08
2022-04-22 09:32:58,803 INFO T:103.53Â°K V:-8.4425e+00V I:-3.0000e-08A R:2.8142e+08ğ›€ E:-5.2087e+02V/cm J:-1.2632e-06A/cm2 ğ›’:4.1236e+08ğ›€ cm
2022-04-22 09:32:58,823 INFO Measurement at current -3e-08
2022-04-22 09:33:00,049 INFO T:103.53Â°K V:-2.9771e-01V I:-3.0000e-08A R:9.9237e+06ğ›€ E:-1.8368e+01V/cm J:-1.2632e-06A/cm2 ğ›’:1.4541e+07ğ›€ cm
2022-04-22 09:33:00,098 INFO Measurement at current -3e-08
2022-04-22 09:33:01,623 INFO T:103.53Â°K V:-1.6914e+00V I:-3.0000e-08A R:5.6379e+07ğ›€ E:-1.0435e+02V/cm J:-1.2632e-06A/cm2 ğ›’:8.2612e+07ğ›€ cm
2022-04-22 09:33:01,645 INFO Measurement at current -3e-08
2022-04-22 09:33:02,236 INFO T:103.53Â°K V:-8.1724e+00V I:-3.0000e-08A R:2.7241e+08ğ›€ E:-5.0421e+02V/cm J:-1.2632e-06A/cm2 ğ›’:3.9916e+08ğ›€ cm
2022-04-22 09:33:02,261 INFO Measurement at current -3e-08
2022-04-22 09:33:02,856 INFO T:103.53Â°K V:-1.1981e+01V I:-3.0000e-08A R:3.9936e+08ğ›€ E:-7.3918e+02V/cm J:-1.2632e-06A/cm2 ğ›’:5.8518e+08ğ›€ cm
2022-04-22 09:33:02,878 INFO Measurement at current -3e-08
2022-04-22 09:33:04,101 INFO T:103.53Â°K V:-2.9792e-01V I:-3.0000e-08A R:9.9307e+06ğ›€ E:-1.8381e+01V/cm J:-1.2632e-06A/cm2 ğ›’:1.4551e+07ğ›€ cm
2022-04-22 09:33:04,116 INFO Measurement at current -3e-08
2022-04-22 09:33:05,648 INFO T:103.53Â°K V:-1.6880e+00V I:-3.0000e-08A R:5.6268e+07ğ›€ E:-1.0415e+02V/cm J:-1.2632e-06A/cm2 ğ›’:8.2449e+07ğ›€ cm
2022-04-22 09:33:05,665 INFO Measurement at current -3e-08
2022-04-22 09:33:06,250 INFO T:103.53Â°K V:-8.1731e+00V I:-3.0000e-08A R:2.7244e+08ğ›€ E:-5.0425e+02V/cm J:-1.2632e-06A/cm2 ğ›’:3.9920e+08ğ›€ cm
2022-04-22 09:33:06,264 INFO Measurement at current -3e-08
2022-04-22 09:33:06,848 INFO T:103.53Â°K V:-1.1883e+01V I:-3.0000e-08A R:3.9611e+08ğ›€ E:-7.3316e+02V/cm J:-1.2632e-06A/cm2 ğ›’:5.8042e+08ğ›€ cm
2022-04-22 09:33:06,861 INFO Measurement at current -3e-08
2022-04-22 09:33:08,077 INFO T:103.53Â°K V:-2.9800e-01V I:-3.0000e-08A R:9.9332e+06ğ›€ E:-1.8385e+01V/cm J:-1.2632e-06A/cm2 ğ›’:1.4555e+07ğ›€ cm
2022-04-22 09:33:08,105 INFO Measurement at current -3e-08
2022-04-22 09:33:09,645 INFO T:103.53Â°K V:-1.6991e+00V I:-3.0000e-08A R:5.6636e+07ğ›€ E:-1.0483e+02V/cm J:-1.2632e-06A/cm2 ğ›’:8.2989e+07ğ›€ cm
2022-04-22 09:33:09,659 INFO Measurement at current -3e-08
2022-04-22 09:33:10,243 INFO T:103.53Â°K V:-8.1889e+00V I:-3.0000e-08A R:2.7296e+08ğ›€ E:-5.0523e+02V/cm J:-1.2632e-06A/cm2 ğ›’:3.9997e+08ğ›€ cm
2022-04-22 09:33:10,256 INFO Measurement at current -3e-08
2022-04-22 09:33:10,844 INFO T:103.53Â°K V:-1.1906e+01V I:-3.0000e-08A R:3.9687e+08ğ›€ E:-7.3457e+02V/cm J:-1.2632e-06A/cm2 ğ›’:5.8154e+08ğ›€ cm
2022-04-22 09:33:10,858 INFO Measurement at current -3e-08
2022-04-22 09:33:12,089 INFO T:103.53Â°K V:-2.9818e-01V I:-3.0000e-08A R:9.9393e+06ğ›€ E:-1.8397e+01V/cm J:-1.2632e-06A/cm2 ğ›’:1.4564e+07ğ›€ cm
2022-04-22 09:33:12,105 INFO Measurement at current -3e-08
2022-04-22 09:33:13,636 INFO T:103.53Â°K V:-1.6988e+00V I:-3.0000e-08A R:5.6627e+07ğ›€ E:-1.0481e+02V/cm J:-1.2632e-06A/cm2 ğ›’:8.2975e+07ğ›€ cm
2022-04-22 09:33:13,685 INFO Measurement at current -3e-08
2022-04-22 09:33:14,280 INFO T:103.53Â°K V:-8.4183e+00V I:-3.0000e-08A R:2.8061e+08ğ›€ E:-5.1938e+02V/cm J:-1.2632e-06A/cm2 ğ›’:4.1118e+08ğ›€ cm
2022-04-22 09:33:14,300 INFO Measurement at current -3e-08
2022-04-22 09:33:15,538 INFO T:103.53Â°K V:-2.9779e-01V I:-3.0000e-08A R:9.9262e+06ğ›€ E:-1.8372e+01V/cm J:-1.2632e-06A/cm2 ğ›’:1.4545e+07ğ›€ cm
2022-04-22 09:33:15,555 INFO Measurement at current -3e-08
2022-04-22 09:33:17,089 INFO T:103.53Â°K V:-1.6816e+00V I:-3.0000e-08A R:5.6052e+07ğ›€ E:-1.0375e+02V/cm J:-1.2632e-06A/cm2 ğ›’:8.2133e+07ğ›€ cm
2022-04-22 09:33:17,109 INFO Measurement at current -3e-08
2022-04-22 09:33:17,706 INFO T:103.53Â°K V:-8.1846e+00V I:-3.0000e-08A R:2.7282e+08ğ›€ E:-5.0497e+02V/cm J:-1.2632e-06A/cm2 ğ›’:3.9976e+08ğ›€ cm
2022-04-22 09:33:17,727 INFO Measurement at current -3e-08
2022-04-22 09:33:18,965 INFO T:103.53Â°K V:-2.9745e-01V I:-3.0000e-08A R:9.9149e+06ğ›€ E:-1.8351e+01V/cm J:-1.2632e-06A/cm2 ğ›’:1.4528e+07ğ›€ cm
2022-04-22 09:33:18,989 INFO Measurement at current -3e-08
2022-04-22 09:33:20,517 INFO T:103.53Â°K V:-1.6810e+00V I:-3.0000e-08A R:5.6035e+07ğ›€ E:-1.0372e+02V/cm J:-1.2632e-06A/cm2 ğ›’:8.2108e+07ğ›€ cm
2022-04-22 09:33:20,553 INFO Measurement at current -3e-08
2022-04-22 09:33:21,141 INFO T:103.53Â°K V:-8.3198e+00V I:-3.0000e-08A R:2.7733e+08ğ›€ E:-5.1331e+02V/cm J:-1.2632e-06A/cm2 ğ›’:4.0637e+08ğ›€ cm
2022-04-22 09:33:21,159 INFO Measurement at current -3e-08
2022-04-22 09:33:21,750 INFO T:103.53Â°K V:-1.1999e+01V I:-3.0000e-08A R:3.9995e+08ğ›€ E:-7.4027e+02V/cm J:-1.2632e-06A/cm2 ğ›’:5.8605e+08ğ›€ cm
2022-04-22 09:33:21,787 INFO Measurement at current -3e-08
2022-04-22 09:33:23,006 INFO T:103.53Â°K V:-2.9807e-01V I:-3.0000e-08A R:9.9356e+06ğ›€ E:-1.8390e+01V/cm J:-1.2632e-06A/cm2 ğ›’:1.4559e+07ğ›€ cm
2022-04-22 09:33:23,034 INFO Measurement at current -3e-08
2022-04-22 09:33:24,591 INFO T:103.53Â°K V:-1.6936e+00V I:-3.0000e-08A R:5.6455e+07ğ›€ E:-1.0449e+02V/cm J:-1.2632e-06A/cm2 ğ›’:8.2723e+07ğ›€ cm
2022-04-22 09:33:24,625 INFO Measurement at current -3e-08
2022-04-22 09:33:25,210 INFO T:103.53Â°K V:-8.5017e+00V I:-3.0000e-08A R:2.8339e+08ğ›€ E:-5.2453e+02V/cm J:-1.2632e-06A/cm2 ğ›’:4.1525e+08ğ›€ cm
2022-04-22 09:33:25,226 INFO Measurement at current -3e-08
2022-04-22 09:33:26,440 INFO T:103.53Â°K V:-2.9779e-01V I:-3.0000e-08A R:9.9265e+06ğ›€ E:-1.8373e+01V/cm J:-1.2632e-06A/cm2 ğ›’:1.4545e+07ğ›€ cm
2022-04-22 09:33:26,457 INFO Measurement at current -3e-08
2022-04-22 09:33:27,980 INFO T:103.53Â°K V:-1.6987e+00V I:-3.0000e-08A R:5.6622e+07ğ›€ E:-1.0480e+02V/cm J:-1.2632e-06A/cm2 ğ›’:8.2968e+07ğ›€ cm
2022-04-22 09:33:27,997 INFO Measurement at current -3e-08
2022-04-22 09:33:28,607 INFO T:103.53Â°K V:-8.1650e+00V I:-3.0000e-08A R:2.7217e+08ğ›€ E:-5.0375e+02V/cm J:-1.2632e-06A/cm2 ğ›’:3.9880e+08ğ›€ cm
2022-04-22 09:33:28,623 INFO Measurement at current -3e-08
2022-04-22 09:33:29,230 INFO T:103.53Â°K V:-1.1993e+01V I:-3.0000e-08A R:3.9975e+08ğ›€ E:-7.3991e+02V/cm J:-1.2632e-06A/cm2 ğ›’:5.8576e+08ğ›€ cm
2022-04-22 09:33:29,255 INFO Measurement at current -3e-08
2022-04-22 09:33:30,488 INFO T:103.53Â°K V:-2.9808e-01V I:-3.0000e-08A R:9.9360e+06ğ›€ E:-1.8391e+01V/cm J:-1.2632e-06A/cm2 ğ›’:1.4559e+07ğ›€ cm
2022-04-22 09:33:30,508 INFO Measurement at current -3e-08
2022-04-22 09:33:32,035 INFO T:103.53Â°K V:-1.6934e+00V I:-3.0000e-08A R:5.6446e+07ğ›€ E:-1.0448e+02V/cm J:-1.2632e-06A/cm2 ğ›’:8.2710e+07ğ›€ cm
2022-04-22 09:33:32,047 INFO Measurement at current -3e-08
2022-04-22 09:33:32,635 INFO T:103.53Â°K V:-8.1141e+00V I:-3.0000e-08A R:2.7047e+08ğ›€ E:-5.0061e+02V/cm J:-1.2632e-06A/cm2 ğ›’:3.9632e+08ğ›€ cm
2022-04-22 09:33:32,653 INFO Measurement at current -3e-08
2022-04-22 09:33:33,237 INFO T:103.53Â°K V:-1.1886e+01V I:-3.0000e-08A R:3.9621e+08ğ›€ E:-7.3334e+02V/cm J:-1.2632e-06A/cm2 ğ›’:5.8056e+08ğ›€ cm
2022-04-22 09:33:33,251 INFO Measurement at current -3e-08
2022-04-22 09:33:34,471 INFO T:103.53Â°K V:-2.9802e-01V I:-3.0000e-08A R:9.9339e+06ğ›€ E:-1.8387e+01V/cm J:-1.2632e-06A/cm2 ğ›’:1.4556e+07ğ›€ cm
2022-04-22 09:33:34,485 INFO Measurement at current -3e-08
2022-04-22 09:33:36,009 INFO T:103.53Â°K V:-1.6892e+00V I:-3.0000e-08A R:5.6305e+07ğ›€ E:-1.0422e+02V/cm J:-1.2632e-06A/cm2 ğ›’:8.2504e+07ğ›€ cm
2022-04-22 09:33:36,024 INFO Measurement at current -3e-08
2022-04-22 09:33:36,610 INFO T:103.53Â°K V:-8.1260e+00V I:-3.0000e-08A R:2.7087e+08ğ›€ E:-5.0135e+02V/cm J:-1.2632e-06A/cm2 ğ›’:3.9690e+08ğ›€ cm
2022-04-22 09:33:36,625 INFO Measurement at current -3e-08
2022-04-22 09:33:37,208 INFO T:103.53Â°K V:-1.1871e+01V I:-3.0000e-08A R:3.9569e+08ğ›€ E:-7.3239e+02V/cm J:-1.2632e-06A/cm2 ğ›’:5.7981e+08ğ›€ cm
2022-04-22 09:33:37,221 INFO Measurement at current -3e-08
2022-04-22 09:33:38,450 INFO T:103.53Â°K V:-2.9812e-01V I:-3.0000e-08A R:9.9372e+06ğ›€ E:-1.8393e+01V/cm J:-1.2632e-06A/cm2 ğ›’:1.4561e+07ğ›€ cm
2022-04-22 09:33:38,484 INFO Measurement at current -3e-08
2022-04-22 09:33:40,014 INFO T:103.53Â°K V:-1.6853e+00V I:-3.0000e-08A R:5.6178e+07ğ›€ E:-1.0398e+02V/cm J:-1.2632e-06A/cm2 ğ›’:8.2318e+07ğ›€ cm
2022-04-22 09:33:40,030 INFO Measurement at current -3e-08
2022-04-22 09:33:40,637 INFO T:103.53Â°K V:-8.1369e+00V I:-3.0000e-08A R:2.7123e+08ğ›€ E:-5.0202e+02V/cm J:-1.2632e-06A/cm2 ğ›’:3.9743e+08ğ›€ cm
2022-04-22 09:33:40,655 INFO Measurement at current -3e-08
2022-04-22 09:33:41,262 INFO T:103.53Â°K V:-1.1996e+01V I:-3.0000e-08A R:3.9985e+08ğ›€ E:-7.4009e+02V/cm J:-1.2632e-06A/cm2 ğ›’:5.8590e+08ğ›€ cm
2022-04-22 09:33:41,288 INFO Measurement at current -3e-08
2022-04-22 09:33:42,516 INFO T:103.53Â°K V:-2.9810e-01V I:-3.0000e-08A R:9.9368e+06ğ›€ E:-1.8392e+01V/cm J:-1.2632e-06A/cm2 ğ›’:1.4560e+07ğ›€ cm
2022-04-22 09:33:42,535 INFO Measurement at current -3e-08
2022-04-22 09:33:44,080 INFO T:103.53Â°K V:-1.6936e+00V I:-3.0000e-08A R:5.6453e+07ğ›€ E:-1.0449e+02V/cm J:-1.2632e-06A/cm2 ğ›’:8.2720e+07ğ›€ cm
2022-04-22 09:33:44,115 INFO Measurement at current -3e-08
2022-04-22 09:33:44,706 INFO T:103.53Â°K V:-8.4663e+00V I:-3.0000e-08A R:2.8221e+08ğ›€ E:-5.2234e+02V/cm J:-1.2632e-06A/cm2 ğ›’:4.1352e+08ğ›€ cm
2022-04-22 09:33:44,725 INFO Measurement at current -3e-08
2022-04-22 09:33:45,953 INFO T:103.53Â°K V:-2.9777e-01V I:-3.0000e-08A R:9.9257e+06ğ›€ E:-1.8371e+01V/cm J:-1.2632e-06A/cm2 ğ›’:1.4544e+07ğ›€ cm
2022-04-22 09:33:45,978 INFO Measurement at current -3e-08
2022-04-22 09:33:47,549 INFO T:103.53Â°K V:-1.6865e+00V I:-3.0000e-08A R:5.6216e+07ğ›€ E:-1.0405e+02V/cm J:-1.2632e-06A/cm2 ğ›’:8.2373e+07ğ›€ cm
2022-04-22 09:33:47,566 INFO Measurement at current -3e-08
2022-04-22 09:33:48,188 INFO T:103.53Â°K V:-8.5143e+00V I:-3.0000e-08A R:2.8381e+08ğ›€ E:-5.2530e+02V/cm J:-1.2632e-06A/cm2 ğ›’:4.1587e+08ğ›€ cm
2022-04-22 09:33:48,237 INFO Measurement at current -3e-08
2022-04-22 09:33:49,477 INFO T:103.53Â°K V:-2.9776e-01V I:-3.0000e-08A R:9.9253e+06ğ›€ E:-1.8371e+01V/cm J:-1.2632e-06A/cm2 ğ›’:1.4544e+07ğ›€ cm
2022-04-22 09:33:49,505 INFO Measurement at current -3e-08
2022-04-22 09:33:51,053 INFO T:103.53Â°K V:-1.6814e+00V I:-3.0000e-08A R:5.6047e+07ğ›€ E:-1.0374e+02V/cm J:-1.2632e-06A/cm2 ğ›’:8.2126e+07ğ›€ cm
2022-04-22 09:33:51,067 INFO Measurement at current -3e-08
2022-04-22 09:33:51,652 INFO T:103.53Â°K V:-8.1166e+00V I:-3.0000e-08A R:2.7055e+08ğ›€ E:-5.0077e+02V/cm J:-1.2632e-06A/cm2 ğ›’:3.9644e+08ğ›€ cm
2022-04-22 09:33:51,675 INFO Measurement at current -3e-08
2022-04-22 09:33:52,319 INFO T:103.53Â°K V:-1.1956e+01V I:-3.0000e-08A R:3.9854e+08ğ›€ E:-7.3766e+02V/cm J:-1.2632e-06A/cm2 ğ›’:5.8398e+08ğ›€ cm
2022-04-22 09:33:52,345 INFO Measurement at current -3e-08
2022-04-22 09:33:53,605 INFO T:103.53Â°K V:-2.9804e-01V I:-3.0000e-08A R:9.9347e+06ğ›€ E:-1.8388e+01V/cm J:-1.2632e-06A/cm2 ğ›’:1.4557e+07ğ›€ cm
2022-04-22 09:33:53,630 INFO Measurement at current -3e-08
2022-04-22 09:33:55,174 INFO T:103.53Â°K V:-1.6911e+00V I:-3.0000e-08A R:5.6370e+07ğ›€ E:-1.0433e+02V/cm J:-1.2632e-06A/cm2 ğ›’:8.2598e+07ğ›€ cm
2022-04-22 09:33:55,198 INFO Measurement at current -3e-08
2022-04-22 09:33:55,811 INFO T:103.53Â°K V:-8.3859e+00V I:-3.0000e-08A R:2.7953e+08ğ›€ E:-5.1738e+02V/cm J:-1.2632e-06A/cm2 ğ›’:4.0959e+08ğ›€ cm
2022-04-22 09:33:55,836 INFO Measurement at current -3e-08
2022-04-22 09:33:57,067 INFO T:103.53Â°K V:-2.9782e-01V I:-3.0000e-08A R:9.9274e+06ğ›€ E:-1.8375e+01V/cm J:-1.2632e-06A/cm2 ğ›’:1.4547e+07ğ›€ cm
2022-04-22 09:33:57,095 INFO Measurement at current -3e-08
2022-04-22 09:33:58,648 INFO T:103.53Â°K V:-1.6964e+00V I:-3.0000e-08A R:5.6545e+07ğ›€ E:-1.0466e+02V/cm J:-1.2632e-06A/cm2 ğ›’:8.2855e+07ğ›€ cm
2022-04-22 09:33:58,679 INFO Measurement at current -3e-08
2022-04-22 09:33:59,274 INFO T:103.53Â°K V:-8.3779e+00V I:-3.0000e-08A R:2.7926e+08ğ›€ E:-5.1689e+02V/cm J:-1.2632e-06A/cm2 ğ›’:4.0920e+08ğ›€ cm
2022-04-22 09:33:59,302 INFO Measurement at current -3e-08
2022-04-22 09:34:00,523 INFO T:103.53Â°K V:-2.9770e-01V I:-3.0000e-08A R:9.9235e+06ğ›€ E:-1.8367e+01V/cm J:-1.2632e-06A/cm2 ğ›’:1.4541e+07ğ›€ cm
2022-04-22 09:34:00,548 INFO Measurement at current -3e-08
2022-04-22 09:34:02,081 INFO T:103.53Â°K V:-1.6781e+00V I:-3.0000e-08A R:5.5938e+07ğ›€ E:-1.0354e+02V/cm J:-1.2632e-06A/cm2 ğ›’:8.1966e+07ğ›€ cm
2022-04-22 09:34:02,153 INFO Measurement at current -3e-08
2022-04-22 09:34:02,742 INFO T:103.53Â°K V:-8.6302e+00V I:-3.0000e-08A R:2.8767e+08ğ›€ E:-5.3245e+02V/cm J:-1.2632e-06A/cm2 ğ›’:4.2153e+08ğ›€ cm
2022-04-22 09:34:02,769 INFO Measurement at current -3e-08
2022-04-22 09:34:04,001 INFO T:103.53Â°K V:-2.9773e-01V I:-3.0000e-08A R:9.9244e+06ğ›€ E:-1.8369e+01V/cm J:-1.2632e-06A/cm2 ğ›’:1.4542e+07ğ›€ cm
2022-04-22 09:34:04,017 INFO Measurement at current -3e-08
2022-04-22 09:34:05,574 INFO T:103.53Â°K V:-1.6977e+00V I:-3.0000e-08A R:5.6589e+07ğ›€ E:-1.0474e+02V/cm J:-1.2632e-06A/cm2 ğ›’:8.2920e+07ğ›€ cm
2022-04-22 09:34:22,488 INFO Save the description file
2022-04-22 09:34:22,490 INFO Save data in numpy format CA8_01_A/CA8_01_A_at_fixed_current_-3e-8A/CA8_01_A_at_fixed_current_-3e-8A-20220422093420
2022-04-22 09:34:22,498 INFO Save data in CSV format CA8_01_A/CA8_01_A_at_fixed_current_-3e-8A/CA8_01_A_at_fixed_current_-3e-8A-20220422093420.csv
2022-04-22 09:34:22,511 INFO Save plot as image CA8_01_A/CA8_01_A_at_fixed_current_-3e-8A/CA8_01_A_at_fixed_current_-3e-8A-20220422093420.png
