2022-04-13 14:46:12,151 INFO ### Start experiment: CA12X_C5 at fixed current 4.5e-7A ###
2022-04-13 14:46:13,499 INFO Found Multimeter KEITHLEY INSTRUMENTS INC.,MODEL 2700,0884890,B03  /A02  

2022-04-13 14:46:14,540 INFO Found Nanovolt Meter KEITHLEY INSTRUMENTS INC.,MODEL 2182A,4056474,C03  /A02  

2022-04-13 14:46:14,638 INFO Found Source Meter KEITHLEY INSTRUMENTS INC.,MODEL 6220,1315485,A05  /700x 

2022-04-13 14:46:14,725 INFO Start the measurement loop
2022-04-13 14:46:19,698 INFO Measurement at current 4.5e-07
2022-04-13 14:46:20,807 INFO T:113.07Â°K V:1.0916e+01V I:4.5000e-07A R:2.4259e+07ğ›€ E:7.1349e+02V/cm J:1.7388e-05A/cm2 ğ›’:4.1034e+07ğ›€ cm
2022-04-13 14:46:20,836 INFO Measurement at current 4.5e-07
2022-04-13 14:46:22,273 INFO T:113.07Â°K V:3.8962e+00V I:4.5000e-07A R:8.6583e+06ğ›€ E:2.5466e+02V/cm J:1.7388e-05A/cm2 ğ›’:1.4646e+07ğ›€ cm
2022-04-13 14:46:22,307 INFO Measurement at current 4.5e-07
2022-04-13 14:46:23,421 INFO T:113.07Â°K V:1.0951e+01V I:4.5000e-07A R:2.4335e+07ğ›€ E:7.1573e+02V/cm J:1.7388e-05A/cm2 ğ›’:4.1162e+07ğ›€ cm
2022-04-13 14:46:23,440 INFO Measurement at current 4.5e-07
2022-04-13 14:46:24,859 INFO T:113.07Â°K V:3.8964e+00V I:4.5000e-07A R:8.6586e+06ğ›€ E:2.5467e+02V/cm J:1.7388e-05A/cm2 ğ›’:1.4646e+07ğ›€ cm
2022-04-13 14:46:24,882 INFO Measurement at current 4.5e-07
2022-04-13 14:46:25,993 INFO T:113.07Â°K V:1.0970e+01V I:4.5000e-07A R:2.4377e+07ğ›€ E:7.1697e+02V/cm J:1.7388e-05A/cm2 ğ›’:4.1234e+07ğ›€ cm
2022-04-13 14:46:26,007 INFO Measurement at current 4.5e-07
2022-04-13 14:46:27,371 INFO T:113.07Â°K V:3.8964e+00V I:4.5000e-07A R:8.6588e+06ğ›€ E:2.5467e+02V/cm J:1.7388e-05A/cm2 ğ›’:1.4646e+07ğ›€ cm
2022-04-13 14:46:27,392 INFO Measurement at current 4.5e-07
2022-04-13 14:46:28,501 INFO T:113.07Â°K V:1.0939e+01V I:4.5000e-07A R:2.4308e+07ğ›€ E:7.1494e+02V/cm J:1.7388e-05A/cm2 ğ›’:4.1117e+07ğ›€ cm
2022-04-13 14:46:28,521 INFO Measurement at current 4.5e-07
2022-04-13 14:46:29,823 INFO T:113.07Â°K V:3.8965e+00V I:4.5000e-07A R:8.6589e+06ğ›€ E:2.5467e+02V/cm J:1.7388e-05A/cm2 ğ›’:1.4647e+07ğ›€ cm
2022-04-13 14:46:29,838 INFO Measurement at current 4.5e-07
2022-04-13 14:46:30,953 INFO T:113.07Â°K V:1.0958e+01V I:4.5000e-07A R:2.4351e+07ğ›€ E:7.1622e+02V/cm J:1.7388e-05A/cm2 ğ›’:4.1190e+07ğ›€ cm
2022-04-13 14:46:30,974 INFO Measurement at current 4.5e-07
2022-04-13 14:46:32,260 INFO T:113.07Â°K V:3.8966e+00V I:4.5000e-07A R:8.6591e+06ğ›€ E:2.5468e+02V/cm J:1.7388e-05A/cm2 ğ›’:1.4647e+07ğ›€ cm
2022-04-13 14:46:32,277 INFO Measurement at current 4.5e-07
2022-04-13 14:46:33,387 INFO T:113.07Â°K V:1.0898e+01V I:4.5000e-07A R:2.4219e+07ğ›€ E:7.1232e+02V/cm J:1.7388e-05A/cm2 ğ›’:4.0966e+07ğ›€ cm
2022-04-13 14:46:33,415 INFO Measurement at current 4.5e-07
2022-04-13 14:46:34,768 INFO T:113.07Â°K V:3.8966e+00V I:4.5000e-07A R:8.6592e+06ğ›€ E:2.5468e+02V/cm J:1.7388e-05A/cm2 ğ›’:1.4647e+07ğ›€ cm
2022-04-13 14:46:34,790 INFO Measurement at current 4.5e-07
2022-04-13 14:46:35,899 INFO T:113.07Â°K V:1.0944e+01V I:4.5000e-07A R:2.4320e+07ğ›€ E:7.1529e+02V/cm J:1.7388e-05A/cm2 ğ›’:4.1137e+07ğ›€ cm
2022-04-13 14:46:35,916 INFO Measurement at current 4.5e-07
2022-04-13 14:46:37,324 INFO T:113.07Â°K V:3.8968e+00V I:4.5000e-07A R:8.6595e+06ğ›€ E:2.5469e+02V/cm J:1.7388e-05A/cm2 ğ›’:1.4648e+07ğ›€ cm
2022-04-13 14:46:37,349 INFO Measurement at current 4.5e-07
2022-04-13 14:46:38,477 INFO T:113.07Â°K V:1.0958e+01V I:4.5000e-07A R:2.4351e+07ğ›€ E:7.1620e+02V/cm J:1.7388e-05A/cm2 ğ›’:4.1189e+07ğ›€ cm
2022-04-13 14:46:38,514 INFO Measurement at current 4.5e-07
2022-04-13 14:46:39,784 INFO T:113.07Â°K V:3.8967e+00V I:4.5000e-07A R:8.6594e+06ğ›€ E:2.5469e+02V/cm J:1.7388e-05A/cm2 ğ›’:1.4647e+07ğ›€ cm
2022-04-13 14:46:39,804 INFO Measurement at current 4.5e-07
2022-04-13 14:46:40,926 INFO T:113.07Â°K V:1.0920e+01V I:4.5000e-07A R:2.4266e+07ğ›€ E:7.1370e+02V/cm J:1.7388e-05A/cm2 ğ›’:4.1046e+07ğ›€ cm
2022-04-13 14:46:40,944 INFO Measurement at current 4.5e-07
2022-04-13 14:46:42,206 INFO T:113.07Â°K V:3.8967e+00V I:4.5000e-07A R:8.6594e+06ğ›€ E:2.5469e+02V/cm J:1.7388e-05A/cm2 ğ›’:1.4647e+07ğ›€ cm
2022-04-13 14:46:42,223 INFO Measurement at current 4.5e-07
2022-04-13 14:46:43,332 INFO T:113.07Â°K V:1.0934e+01V I:4.5000e-07A R:2.4297e+07ğ›€ E:7.1463e+02V/cm J:1.7388e-05A/cm2 ğ›’:4.1099e+07ğ›€ cm
2022-04-13 14:46:43,354 INFO Measurement at current 4.5e-07
2022-04-13 14:46:44,610 INFO T:113.07Â°K V:3.8967e+00V I:4.5000e-07A R:8.6593e+06ğ›€ E:2.5469e+02V/cm J:1.7388e-05A/cm2 ğ›’:1.4647e+07ğ›€ cm
2022-04-13 14:46:51,306 INFO Save the description file
2022-04-13 14:46:51,311 INFO Save data in numpy format CA12X_C5/CA12X_C5_at_fixed_current_4.5e-7A/CA12X_C5_at_fixed_current_4.5e-7A-20220413144649
2022-04-13 14:46:51,330 INFO Save data in CSV format CA12X_C5/CA12X_C5_at_fixed_current_4.5e-7A/CA12X_C5_at_fixed_current_4.5e-7A-20220413144649.csv
2022-04-13 14:46:51,361 INFO Save plot as image CA12X_C5/CA12X_C5_at_fixed_current_4.5e-7A/CA12X_C5_at_fixed_current_4.5e-7A-20220413144649.png
