2023-05-22 13:31:46,033 INFO ### Start experiment: CPROpuro_MUSA_220523_I_V current from 0 to 5e-4A ###
2023-05-22 13:31:47,378 INFO Found Multimeter KEITHLEY INSTRUMENTS INC.,MODEL 2700,0884890,B03  /A02  

2023-05-22 13:31:48,415 INFO Found Nanovolt Meter KEITHLEY INSTRUMENTS INC.,MODEL 2182A,4056474,C03  /A02  

2023-05-22 13:31:48,531 INFO Found Source Meter KEITHLEY INSTRUMENTS INC.,MODEL 2400,0945684,C24   Feb 14 2002 11:59:45/A02  /K/H

2023-05-22 13:31:48,652 INFO Start the measurement loop
2023-05-22 13:31:52,625 INFO Measurement at current 0.0
2023-05-22 13:31:54,703 INFO T:199.13Â°K V:-5.1504e-02V I:0.0000e+00A R:-infğ›€ E:-8.0476e-01V/cm J:0.0000e+00A/cm2 ğ›’:-infğ›€ cm
2023-05-22 13:31:54,719 INFO Measurement at current 2.512562814070352e-06
2023-05-22 13:31:55,431 INFO T:199.11Â°K V:2.0587e+01V I:2.5126e-06A R:8.1936e+06ğ›€ E:3.2167e+02V/cm J:2.3051e-05A/cm2 ğ›’:1.3955e+07ğ›€ cm
2023-05-22 13:31:55,450 INFO Measurement at current 5.025125628140704e-06
2023-05-22 13:31:55,931 INFO T:199.09Â°K V:2.0995e+01V I:5.0251e-06A R:4.1780e+06ğ›€ E:3.2805e+02V/cm J:4.6102e-05A/cm2 ğ›’:7.1157e+06ğ›€ cm
2023-05-22 13:31:55,951 INFO Measurement at current 7.537688442211056e-06
2023-05-22 13:31:56,433 INFO T:199.08Â°K V:2.0995e+01V I:7.5377e-06A R:2.7853e+06ğ›€ E:3.2805e+02V/cm J:6.9153e-05A/cm2 ğ›’:4.7438e+06ğ›€ cm
2023-05-22 13:31:56,450 INFO Measurement at current 1.0050251256281408e-05
2023-05-22 13:31:56,943 INFO T:199.07Â°K V:2.0995e+01V I:1.0050e-05A R:2.0890e+06ğ›€ E:3.2805e+02V/cm J:9.2204e-05A/cm2 ğ›’:3.5578e+06ğ›€ cm
2023-05-22 13:31:56,962 INFO Measurement at current 1.2562814070351759e-05
2023-05-22 13:31:57,445 INFO T:199.05Â°K V:2.0995e+01V I:1.2563e-05A R:1.6712e+06ğ›€ E:3.2805e+02V/cm J:1.1526e-04A/cm2 ğ›’:2.8463e+06ğ›€ cm
2023-05-22 13:31:57,463 INFO Measurement at current 1.5075376884422112e-05
2023-05-22 13:31:57,949 INFO T:199.04Â°K V:2.0995e+01V I:1.5075e-05A R:1.3927e+06ğ›€ E:3.2805e+02V/cm J:1.3831e-04A/cm2 ğ›’:2.3719e+06ğ›€ cm
2023-05-22 13:31:57,973 INFO Measurement at current 1.7587939698492464e-05
2023-05-22 13:31:58,460 INFO T:199.03Â°K V:2.0995e+01V I:1.7588e-05A R:1.1937e+06ğ›€ E:3.2805e+02V/cm J:1.6136e-04A/cm2 ğ›’:2.0331e+06ğ›€ cm
2023-05-22 13:31:58,475 INFO Measurement at current 2.0100502512562815e-05
2023-05-22 13:31:58,970 INFO T:199.02Â°K V:2.0995e+01V I:2.0101e-05A R:1.0445e+06ğ›€ E:3.2805e+02V/cm J:1.8441e-04A/cm2 ğ›’:1.7789e+06ğ›€ cm
2023-05-22 13:31:58,987 INFO Measurement at current 2.2613065326633167e-05
2023-05-22 13:31:59,491 INFO T:199.00Â°K V:2.0995e+01V I:2.2613e-05A R:9.2845e+05ğ›€ E:3.2805e+02V/cm J:2.0746e-04A/cm2 ğ›’:1.5813e+06ğ›€ cm
2023-05-22 13:31:59,508 INFO Measurement at current 2.5125628140703518e-05
2023-05-22 13:31:59,992 INFO T:198.99Â°K V:2.0995e+01V I:2.5126e-05A R:8.3560e+05ğ›€ E:3.2805e+02V/cm J:2.3051e-04A/cm2 ğ›’:1.4231e+06ğ›€ cm
2023-05-22 13:32:00,049 INFO Measurement at current 2.763819095477387e-05
2023-05-22 13:32:00,544 INFO T:198.97Â°K V:2.0995e+01V I:2.7638e-05A R:7.5964e+05ğ›€ E:3.2805e+02V/cm J:2.5356e-04A/cm2 ğ›’:1.2938e+06ğ›€ cm
2023-05-22 13:32:00,565 INFO Measurement at current 3.0150753768844224e-05
2023-05-22 13:32:01,059 INFO T:198.96Â°K V:2.0995e+01V I:3.0151e-05A R:6.9634e+05ğ›€ E:3.2805e+02V/cm J:2.7661e-04A/cm2 ğ›’:1.1859e+06ğ›€ cm
2023-05-22 13:32:01,097 INFO Measurement at current 3.2663316582914576e-05
2023-05-22 13:32:01,605 INFO T:198.95Â°K V:2.0995e+01V I:3.2663e-05A R:6.4277e+05ğ›€ E:3.2805e+02V/cm J:2.9966e-04A/cm2 ğ›’:1.0947e+06ğ›€ cm
2023-05-22 13:32:01,624 INFO Measurement at current 3.517587939698493e-05
2023-05-22 13:32:02,128 INFO T:198.93Â°K V:2.0995e+01V I:3.5176e-05A R:5.9686e+05ğ›€ E:3.2805e+02V/cm J:3.2271e-04A/cm2 ğ›’:1.0165e+06ğ›€ cm
2023-05-22 13:32:02,153 INFO Measurement at current 3.768844221105528e-05
2023-05-22 13:32:02,637 INFO T:198.92Â°K V:2.0995e+01V I:3.7688e-05A R:5.5707e+05ğ›€ E:3.2805e+02V/cm J:3.4577e-04A/cm2 ğ›’:9.4876e+05ğ›€ cm
2023-05-22 13:32:02,664 INFO Measurement at current 4.020100502512563e-05
2023-05-22 13:32:03,147 INFO T:198.91Â°K V:2.0995e+01V I:4.0201e-05A R:5.2225e+05ğ›€ E:3.2805e+02V/cm J:3.6882e-04A/cm2 ğ›’:8.8946e+05ğ›€ cm
2023-05-22 13:32:03,179 INFO Measurement at current 4.271356783919598e-05
2023-05-22 13:32:03,676 INFO T:198.89Â°K V:2.0995e+01V I:4.2714e-05A R:4.9153e+05ğ›€ E:3.2805e+02V/cm J:3.9187e-04A/cm2 ğ›’:8.3714e+05ğ›€ cm
2023-05-22 13:32:03,703 INFO Measurement at current 4.522613065326633e-05
2023-05-22 13:32:04,199 INFO T:198.88Â°K V:2.0995e+01V I:4.5226e-05A R:4.6422e+05ğ›€ E:3.2805e+02V/cm J:4.1492e-04A/cm2 ğ›’:7.9063e+05ğ›€ cm
2023-05-22 13:32:04,225 INFO Measurement at current 4.7738693467336685e-05
2023-05-22 13:32:04,714 INFO T:198.87Â°K V:2.0995e+01V I:4.7739e-05A R:4.3979e+05ğ›€ E:3.2805e+02V/cm J:4.3797e-04A/cm2 ğ›’:7.4902e+05ğ›€ cm
2023-05-22 13:32:04,739 INFO Measurement at current 5.0251256281407036e-05
2023-05-22 13:32:05,228 INFO T:198.85Â°K V:2.0995e+01V I:5.0251e-05A R:4.1780e+05ğ›€ E:3.2805e+02V/cm J:4.6102e-04A/cm2 ğ›’:7.1157e+05ğ›€ cm
2023-05-22 13:32:05,243 INFO Measurement at current 5.276381909547739e-05
2023-05-22 13:32:05,724 INFO T:198.84Â°K V:2.0995e+01V I:5.2764e-05A R:3.9791e+05ğ›€ E:3.2805e+02V/cm J:4.8407e-04A/cm2 ğ›’:6.7768e+05ğ›€ cm
2023-05-22 13:32:05,749 INFO Measurement at current 5.527638190954774e-05
2023-05-22 13:32:06,239 INFO T:198.83Â°K V:2.0995e+01V I:5.5276e-05A R:3.7982e+05ğ›€ E:3.2805e+02V/cm J:5.0712e-04A/cm2 ğ›’:6.4688e+05ğ›€ cm
2023-05-22 13:32:06,263 INFO Measurement at current 5.778894472361809e-05
2023-05-22 13:32:06,765 INFO T:198.81Â°K V:2.0995e+01V I:5.7789e-05A R:3.6330e+05ğ›€ E:3.2805e+02V/cm J:5.3017e-04A/cm2 ğ›’:6.1875e+05ğ›€ cm
2023-05-22 13:32:06,787 INFO Measurement at current 6.030150753768845e-05
2023-05-22 13:32:07,292 INFO T:198.80Â°K V:2.0995e+01V I:6.0302e-05A R:3.4817e+05ğ›€ E:3.2805e+02V/cm J:5.5322e-04A/cm2 ğ›’:5.9297e+05ğ›€ cm
2023-05-22 13:32:07,319 INFO Measurement at current 6.28140703517588e-05
2023-05-22 13:32:07,816 INFO T:198.78Â°K V:2.0995e+01V I:6.2814e-05A R:3.3424e+05ğ›€ E:3.2805e+02V/cm J:5.7628e-04A/cm2 ğ›’:5.6925e+05ğ›€ cm
2023-05-22 13:32:07,839 INFO Measurement at current 6.532663316582915e-05
2023-05-22 13:32:08,338 INFO T:198.77Â°K V:2.0995e+01V I:6.5327e-05A R:3.2138e+05ğ›€ E:3.2805e+02V/cm J:5.9933e-04A/cm2 ğ›’:5.4736e+05ğ›€ cm
2023-05-22 13:32:08,361 INFO Measurement at current 6.78391959798995e-05
2023-05-22 13:32:08,861 INFO T:198.76Â°K V:2.0995e+01V I:6.7839e-05A R:3.0948e+05ğ›€ E:3.2805e+02V/cm J:6.2238e-04A/cm2 ğ›’:5.2709e+05ğ›€ cm
2023-05-22 13:32:08,884 INFO Measurement at current 7.035175879396985e-05
2023-05-22 13:32:09,373 INFO T:198.74Â°K V:2.0995e+01V I:7.0352e-05A R:2.9843e+05ğ›€ E:3.2805e+02V/cm J:6.4543e-04A/cm2 ğ›’:5.0826e+05ğ›€ cm
2023-05-22 13:32:09,395 INFO Measurement at current 7.28643216080402e-05
2023-05-22 13:32:09,894 INFO T:198.73Â°K V:2.0995e+01V I:7.2864e-05A R:2.8814e+05ğ›€ E:3.2805e+02V/cm J:6.6848e-04A/cm2 ğ›’:4.9074e+05ğ›€ cm
2023-05-22 13:32:09,918 INFO Measurement at current 7.537688442211056e-05
2023-05-22 13:32:10,408 INFO T:198.72Â°K V:2.0995e+01V I:7.5377e-05A R:2.7853e+05ğ›€ E:3.2805e+02V/cm J:6.9153e-04A/cm2 ğ›’:4.7438e+05ğ›€ cm
2023-05-22 13:32:10,431 INFO Measurement at current 7.788944723618091e-05
2023-05-22 13:32:10,919 INFO T:198.70Â°K V:2.0995e+01V I:7.7889e-05A R:2.6955e+05ğ›€ E:3.2805e+02V/cm J:7.1458e-04A/cm2 ğ›’:4.5907e+05ğ›€ cm
2023-05-22 13:32:10,942 INFO Measurement at current 8.040201005025126e-05
2023-05-22 13:32:11,432 INFO T:198.69Â°K V:2.0995e+01V I:8.0402e-05A R:2.6112e+05ğ›€ E:3.2805e+02V/cm J:7.3763e-04A/cm2 ğ›’:4.4473e+05ğ›€ cm
2023-05-22 13:32:11,455 INFO Measurement at current 8.291457286432161e-05
2023-05-22 13:32:11,944 INFO T:198.68Â°K V:2.0995e+01V I:8.2915e-05A R:2.5321e+05ğ›€ E:3.2805e+02V/cm J:7.6068e-04A/cm2 ğ›’:4.3125e+05ğ›€ cm
2023-05-22 13:32:11,966 INFO Measurement at current 8.542713567839196e-05
2023-05-22 13:32:12,455 INFO T:198.66Â°K V:2.0995e+01V I:8.5427e-05A R:2.4576e+05ğ›€ E:3.2805e+02V/cm J:7.8374e-04A/cm2 ğ›’:4.1857e+05ğ›€ cm
2023-05-22 13:32:12,479 INFO Measurement at current 8.793969849246232e-05
2023-05-22 13:32:12,967 INFO T:198.65Â°K V:2.0995e+01V I:8.7940e-05A R:2.3874e+05ğ›€ E:3.2805e+02V/cm J:8.0679e-04A/cm2 ğ›’:4.0661e+05ğ›€ cm
2023-05-22 13:32:12,990 INFO Measurement at current 9.045226130653267e-05
2023-05-22 13:32:13,479 INFO T:198.64Â°K V:2.0995e+01V I:9.0452e-05A R:2.3211e+05ğ›€ E:3.2805e+02V/cm J:8.2984e-04A/cm2 ğ›’:3.9531e+05ğ›€ cm
2023-05-22 13:32:13,502 INFO Measurement at current 9.296482412060302e-05
2023-05-22 13:32:13,990 INFO T:198.63Â°K V:2.0995e+01V I:9.2965e-05A R:2.2584e+05ğ›€ E:3.2805e+02V/cm J:8.5289e-04A/cm2 ğ›’:3.8463e+05ğ›€ cm
2023-05-22 13:32:14,014 INFO Measurement at current 9.547738693467337e-05
2023-05-22 13:32:14,502 INFO T:198.61Â°K V:2.0995e+01V I:9.5477e-05A R:2.1989e+05ğ›€ E:3.2805e+02V/cm J:8.7594e-04A/cm2 ğ›’:3.7451e+05ğ›€ cm
2023-05-22 13:32:14,526 INFO Measurement at current 9.798994974874372e-05
2023-05-22 13:32:15,024 INFO T:198.60Â°K V:2.0995e+01V I:9.7990e-05A R:2.1426e+05ğ›€ E:3.2805e+02V/cm J:8.9899e-04A/cm2 ğ›’:3.6490e+05ğ›€ cm
2023-05-22 13:32:15,049 INFO Measurement at current 0.00010050251256281407
2023-05-22 13:32:15,547 INFO T:198.59Â°K V:2.0995e+01V I:1.0050e-04A R:2.0890e+05ğ›€ E:3.2805e+02V/cm J:9.2204e-04A/cm2 ğ›’:3.5578e+05ğ›€ cm
2023-05-22 13:32:15,565 INFO Measurement at current 0.00010301507537688442
2023-05-22 13:32:16,058 INFO T:198.57Â°K V:2.0995e+01V I:1.0302e-04A R:2.0380e+05ğ›€ E:3.2805e+02V/cm J:9.4509e-04A/cm2 ğ›’:3.4710e+05ğ›€ cm
2023-05-22 13:32:16,081 INFO Measurement at current 0.00010552763819095478
2023-05-22 13:32:16,580 INFO T:198.56Â°K V:2.0995e+01V I:1.0553e-04A R:1.9895e+05ğ›€ E:3.2805e+02V/cm J:9.6814e-04A/cm2 ğ›’:3.3884e+05ğ›€ cm
2023-05-22 13:32:16,609 INFO Measurement at current 0.00010804020100502513
2023-05-22 13:32:17,101 INFO T:198.54Â°K V:2.0995e+01V I:1.0804e-04A R:1.9433e+05ğ›€ E:3.2805e+02V/cm J:9.9119e-04A/cm2 ğ›’:3.3096e+05ğ›€ cm
2023-05-22 13:32:17,127 INFO Measurement at current 0.00011055276381909548
2023-05-22 13:32:17,617 INFO T:198.53Â°K V:2.0995e+01V I:1.1055e-04A R:1.8991e+05ğ›€ E:3.2805e+02V/cm J:1.0142e-03A/cm2 ğ›’:3.2344e+05ğ›€ cm
2023-05-22 13:32:17,647 INFO Measurement at current 0.00011306532663316583
2023-05-22 13:32:18,150 INFO T:198.52Â°K V:2.0995e+01V I:1.1307e-04A R:1.8569e+05ğ›€ E:3.2805e+02V/cm J:1.0373e-03A/cm2 ğ›’:3.1625e+05ğ›€ cm
2023-05-22 13:32:18,170 INFO Measurement at current 0.00011557788944723618
2023-05-22 13:32:18,662 INFO T:198.50Â°K V:2.0995e+01V I:1.1558e-04A R:1.8165e+05ğ›€ E:3.2805e+02V/cm J:1.0603e-03A/cm2 ğ›’:3.0938e+05ğ›€ cm
2023-05-22 13:32:18,678 INFO Measurement at current 0.00011809045226130653
2023-05-22 13:32:19,166 INFO T:198.49Â°K V:2.0995e+01V I:1.1809e-04A R:1.7779e+05ğ›€ E:3.2805e+02V/cm J:1.0834e-03A/cm2 ğ›’:3.0280e+05ğ›€ cm
2023-05-22 13:32:19,181 INFO Measurement at current 0.0001206030150753769
2023-05-22 13:32:19,675 INFO T:198.48Â°K V:2.0995e+01V I:1.2060e-04A R:1.7408e+05ğ›€ E:3.2805e+02V/cm J:1.1064e-03A/cm2 ğ›’:2.9649e+05ğ›€ cm
2023-05-22 13:32:19,694 INFO Measurement at current 0.00012311557788944724
2023-05-22 13:32:20,184 INFO T:198.47Â°K V:2.0995e+01V I:1.2312e-04A R:1.7053e+05ğ›€ E:3.2805e+02V/cm J:1.1295e-03A/cm2 ğ›’:2.9044e+05ğ›€ cm
2023-05-22 13:32:20,201 INFO Measurement at current 0.0001256281407035176
2023-05-22 13:32:20,686 INFO T:198.45Â°K V:2.0995e+01V I:1.2563e-04A R:1.6712e+05ğ›€ E:3.2805e+02V/cm J:1.1526e-03A/cm2 ğ›’:2.8463e+05ğ›€ cm
2023-05-22 13:32:20,702 INFO Measurement at current 0.00012814070351758794
2023-05-22 13:32:21,192 INFO T:198.44Â°K V:2.0995e+01V I:1.2814e-04A R:1.6384e+05ğ›€ E:3.2805e+02V/cm J:1.1756e-03A/cm2 ğ›’:2.7905e+05ğ›€ cm
2023-05-22 13:32:21,210 INFO Measurement at current 0.0001306532663316583
2023-05-22 13:32:21,701 INFO T:198.43Â°K V:2.0995e+01V I:1.3065e-04A R:1.6069e+05ğ›€ E:3.2805e+02V/cm J:1.1987e-03A/cm2 ğ›’:2.7368e+05ğ›€ cm
2023-05-22 13:32:21,717 INFO Measurement at current 0.00013316582914572864
2023-05-22 13:32:22,206 INFO T:198.41Â°K V:2.0995e+01V I:1.3317e-04A R:1.5766e+05ğ›€ E:3.2805e+02V/cm J:1.2217e-03A/cm2 ğ›’:2.6852e+05ğ›€ cm
2023-05-22 13:32:22,222 INFO Measurement at current 0.000135678391959799
2023-05-22 13:32:22,710 INFO T:198.40Â°K V:2.0995e+01V I:1.3568e-04A R:1.5474e+05ğ›€ E:3.2805e+02V/cm J:1.2448e-03A/cm2 ğ›’:2.6354e+05ğ›€ cm
2023-05-22 13:32:22,725 INFO Measurement at current 0.00013819095477386934
2023-05-22 13:32:23,219 INFO T:198.39Â°K V:2.0995e+01V I:1.3819e-04A R:1.5193e+05ğ›€ E:3.2805e+02V/cm J:1.2678e-03A/cm2 ğ›’:2.5875e+05ğ›€ cm
2023-05-22 13:32:23,238 INFO Measurement at current 0.0001407035175879397
2023-05-22 13:32:23,736 INFO T:198.37Â°K V:2.0995e+01V I:1.4070e-04A R:1.4922e+05ğ›€ E:3.2805e+02V/cm J:1.2909e-03A/cm2 ğ›’:2.5413e+05ğ›€ cm
2023-05-22 13:32:23,753 INFO Measurement at current 0.00014321608040201005
2023-05-22 13:32:24,244 INFO T:198.36Â°K V:2.0995e+01V I:1.4322e-04A R:1.4660e+05ğ›€ E:3.2805e+02V/cm J:1.3139e-03A/cm2 ğ›’:2.4967e+05ğ›€ cm
2023-05-22 13:32:24,264 INFO Measurement at current 0.0001457286432160804
2023-05-22 13:32:24,752 INFO T:198.35Â°K V:2.0995e+01V I:1.4573e-04A R:1.4407e+05ğ›€ E:3.2805e+02V/cm J:1.3370e-03A/cm2 ğ›’:2.4537e+05ğ›€ cm
2023-05-22 13:32:24,775 INFO Measurement at current 0.00014824120603015075
2023-05-22 13:32:25,270 INFO T:198.34Â°K V:2.0995e+01V I:1.4824e-04A R:1.4163e+05ğ›€ E:3.2805e+02V/cm J:1.3600e-03A/cm2 ğ›’:2.4121e+05ğ›€ cm
2023-05-22 13:32:25,296 INFO Measurement at current 0.00015075376884422112
2023-05-22 13:32:25,798 INFO T:198.32Â°K V:2.0995e+01V I:1.5075e-04A R:1.3927e+05ğ›€ E:3.2805e+02V/cm J:1.3831e-03A/cm2 ğ›’:2.3719e+05ğ›€ cm
2023-05-22 13:32:25,820 INFO Measurement at current 0.00015326633165829145
2023-05-22 13:32:26,312 INFO T:198.31Â°K V:2.0995e+01V I:1.5327e-04A R:1.3698e+05ğ›€ E:3.2805e+02V/cm J:1.4061e-03A/cm2 ğ›’:2.3330e+05ğ›€ cm
2023-05-22 13:32:26,329 INFO Measurement at current 0.00015577889447236182
2023-05-22 13:32:26,818 INFO T:198.30Â°K V:2.0995e+01V I:1.5578e-04A R:1.3478e+05ğ›€ E:3.2805e+02V/cm J:1.4292e-03A/cm2 ğ›’:2.2954e+05ğ›€ cm
2023-05-22 13:32:26,835 INFO Measurement at current 0.00015829145728643216
2023-05-22 13:32:27,327 INFO T:198.28Â°K V:2.0995e+01V I:1.5829e-04A R:1.3264e+05ğ›€ E:3.2805e+02V/cm J:1.4522e-03A/cm2 ğ›’:2.2590e+05ğ›€ cm
2023-05-22 13:32:27,344 INFO Measurement at current 0.00016080402010050252
2023-05-22 13:32:27,833 INFO T:198.27Â°K V:2.0995e+01V I:1.6080e-04A R:1.3056e+05ğ›€ E:3.2805e+02V/cm J:1.4753e-03A/cm2 ğ›’:2.2237e+05ğ›€ cm
2023-05-22 13:32:27,848 INFO Measurement at current 0.00016331658291457289
2023-05-22 13:32:28,343 INFO T:198.26Â°K V:2.0995e+01V I:1.6332e-04A R:1.2855e+05ğ›€ E:3.2805e+02V/cm J:1.4983e-03A/cm2 ğ›’:2.1894e+05ğ›€ cm
2023-05-22 13:32:28,363 INFO Measurement at current 0.00016582914572864322
2023-05-22 13:32:28,851 INFO T:198.24Â°K V:2.0995e+01V I:1.6583e-04A R:1.2661e+05ğ›€ E:3.2805e+02V/cm J:1.5214e-03A/cm2 ğ›’:2.1563e+05ğ›€ cm
2023-05-22 13:32:28,867 INFO Measurement at current 0.0001683417085427136
2023-05-22 13:32:29,348 INFO T:198.23Â°K V:2.0995e+01V I:1.6834e-04A R:1.2472e+05ğ›€ E:3.2805e+02V/cm J:1.5444e-03A/cm2 ğ›’:2.1241e+05ğ›€ cm
2023-05-22 13:32:29,366 INFO Measurement at current 0.00017085427135678393
2023-05-22 13:32:29,851 INFO T:198.22Â°K V:2.0995e+01V I:1.7085e-04A R:1.2288e+05ğ›€ E:3.2805e+02V/cm J:1.5675e-03A/cm2 ğ›’:2.0929e+05ğ›€ cm
2023-05-22 13:32:29,889 INFO Measurement at current 0.0001733668341708543
2023-05-22 13:32:30,382 INFO T:198.21Â°K V:2.0995e+01V I:1.7337e-04A R:1.2110e+05ğ›€ E:3.2805e+02V/cm J:1.5905e-03A/cm2 ğ›’:2.0625e+05ğ›€ cm
2023-05-22 13:32:30,397 INFO Measurement at current 0.00017587939698492463
2023-05-22 13:32:30,888 INFO T:198.19Â°K V:2.0995e+01V I:1.7588e-04A R:1.1937e+05ğ›€ E:3.2805e+02V/cm J:1.6136e-03A/cm2 ğ›’:2.0331e+05ğ›€ cm
2023-05-22 13:32:30,913 INFO Measurement at current 0.000178391959798995
2023-05-22 13:32:31,404 INFO T:198.18Â°K V:2.0995e+01V I:1.7839e-04A R:1.1769e+05ğ›€ E:3.2805e+02V/cm J:1.6366e-03A/cm2 ğ›’:2.0044e+05ğ›€ cm
2023-05-22 13:32:31,423 INFO Measurement at current 0.00018090452261306533
2023-05-22 13:32:31,909 INFO T:198.17Â°K V:2.0995e+01V I:1.8090e-04A R:1.1606e+05ğ›€ E:3.2805e+02V/cm J:1.6597e-03A/cm2 ğ›’:1.9766e+05ğ›€ cm
2023-05-22 13:32:31,929 INFO Measurement at current 0.0001834170854271357
2023-05-22 13:32:32,419 INFO T:198.15Â°K V:2.0995e+01V I:1.8342e-04A R:1.1447e+05ğ›€ E:3.2805e+02V/cm J:1.6827e-03A/cm2 ğ›’:1.9495e+05ğ›€ cm
2023-05-22 13:32:32,438 INFO Measurement at current 0.00018592964824120604
2023-05-22 13:32:32,919 INFO T:198.14Â°K V:2.0995e+01V I:1.8593e-04A R:1.1292e+05ğ›€ E:3.2805e+02V/cm J:1.7058e-03A/cm2 ğ›’:1.9232e+05ğ›€ cm
2023-05-22 13:32:32,943 INFO Measurement at current 0.0001884422110552764
2023-05-22 13:32:33,423 INFO T:198.13Â°K V:2.0995e+01V I:1.8844e-04A R:1.1141e+05ğ›€ E:3.2805e+02V/cm J:1.7288e-03A/cm2 ğ›’:1.8975e+05ğ›€ cm
2023-05-22 13:32:33,440 INFO Measurement at current 0.00019095477386934674
2023-05-22 13:32:33,921 INFO T:198.12Â°K V:2.0995e+01V I:1.9095e-04A R:1.0995e+05ğ›€ E:3.2805e+02V/cm J:1.7519e-03A/cm2 ğ›’:1.8726e+05ğ›€ cm
2023-05-22 13:32:33,938 INFO Measurement at current 0.0001934673366834171
2023-05-22 13:32:34,442 INFO T:198.10Â°K V:2.0995e+01V I:1.9347e-04A R:1.0852e+05ğ›€ E:3.2805e+02V/cm J:1.7749e-03A/cm2 ğ›’:1.8482e+05ğ›€ cm
2023-05-22 13:32:34,457 INFO Measurement at current 0.00019597989949748744
2023-05-22 13:32:34,948 INFO T:198.09Â°K V:2.0995e+01V I:1.9598e-04A R:1.0713e+05ğ›€ E:3.2805e+02V/cm J:1.7980e-03A/cm2 ğ›’:1.8245e+05ğ›€ cm
2023-05-22 13:32:34,971 INFO Measurement at current 0.0001984924623115578
2023-05-22 13:32:35,459 INFO T:198.08Â°K V:2.0995e+01V I:1.9849e-04A R:1.0577e+05ğ›€ E:3.2805e+02V/cm J:1.8210e-03A/cm2 ğ›’:1.8014e+05ğ›€ cm
2023-05-22 13:32:35,480 INFO Measurement at current 0.00020100502512562814
2023-05-22 13:32:35,995 INFO T:198.06Â°K V:2.0995e+01V I:2.0101e-04A R:1.0445e+05ğ›€ E:3.2805e+02V/cm J:1.8441e-03A/cm2 ğ›’:1.7789e+05ğ›€ cm
2023-05-22 13:32:36,012 INFO Measurement at current 0.0002035175879396985
2023-05-22 13:32:36,510 INFO T:198.05Â°K V:2.0995e+01V I:2.0352e-04A R:1.0316e+05ğ›€ E:3.2805e+02V/cm J:1.8671e-03A/cm2 ğ›’:1.7570e+05ğ›€ cm
2023-05-22 13:32:36,541 INFO Measurement at current 0.00020603015075376885
2023-05-22 13:32:37,042 INFO T:198.04Â°K V:2.0995e+01V I:2.0603e-04A R:1.0190e+05ğ›€ E:3.2805e+02V/cm J:1.8902e-03A/cm2 ğ›’:1.7355e+05ğ›€ cm
2023-05-22 13:32:37,061 INFO Measurement at current 0.0002085427135678392
2023-05-22 13:32:37,543 INFO T:198.02Â°K V:2.0995e+01V I:2.0854e-04A R:1.0068e+05ğ›€ E:3.2805e+02V/cm J:1.9132e-03A/cm2 ğ›’:1.7146e+05ğ›€ cm
2023-05-22 13:32:37,560 INFO Measurement at current 0.00021105527638190955
2023-05-22 13:32:38,059 INFO T:198.01Â°K V:2.0995e+01V I:2.1106e-04A R:9.9477e+04ğ›€ E:3.2805e+02V/cm J:1.9363e-03A/cm2 ğ›’:1.6942e+05ğ›€ cm
2023-05-22 13:32:38,075 INFO Measurement at current 0.00021356783919597992
2023-05-22 13:32:38,577 INFO T:198.00Â°K V:2.0995e+01V I:2.1357e-04A R:9.8307e+04ğ›€ E:3.2805e+02V/cm J:1.9593e-03A/cm2 ğ›’:1.6743e+05ğ›€ cm
2023-05-22 13:32:38,593 INFO Measurement at current 0.00021608040201005025
2023-05-22 13:32:39,098 INFO T:197.98Â°K V:2.0995e+01V I:2.1608e-04A R:9.7164e+04ğ›€ E:3.2805e+02V/cm J:1.9824e-03A/cm2 ğ›’:1.6548e+05ğ›€ cm
2023-05-22 13:32:39,116 INFO Measurement at current 0.00021859296482412062
2023-05-22 13:32:39,619 INFO T:197.97Â°K V:2.0995e+01V I:2.1859e-04A R:9.6047e+04ğ›€ E:3.2805e+02V/cm J:2.0054e-03A/cm2 ğ›’:1.6358e+05ğ›€ cm
2023-05-22 13:32:39,636 INFO Measurement at current 0.00022110552763819096
2023-05-22 13:32:40,122 INFO T:197.96Â°K V:2.0995e+01V I:2.2111e-04A R:9.4955e+04ğ›€ E:3.2805e+02V/cm J:2.0285e-03A/cm2 ğ›’:1.6172e+05ğ›€ cm
2023-05-22 13:32:40,144 INFO Measurement at current 0.00022361809045226132
2023-05-22 13:32:40,626 INFO T:197.95Â°K V:2.0995e+01V I:2.2362e-04A R:9.3888e+04ğ›€ E:3.2805e+02V/cm J:2.0515e-03A/cm2 ğ›’:1.5990e+05ğ›€ cm
2023-05-22 13:32:40,641 INFO Measurement at current 0.00022613065326633166
2023-05-22 13:32:41,131 INFO T:197.93Â°K V:2.0995e+01V I:2.2613e-04A R:9.2845e+04ğ›€ E:3.2805e+02V/cm J:2.0746e-03A/cm2 ğ›’:1.5813e+05ğ›€ cm
2023-05-22 13:32:41,151 INFO Measurement at current 0.00022864321608040202
2023-05-22 13:32:41,639 INFO T:197.92Â°K V:2.0995e+01V I:2.2864e-04A R:9.1825e+04ğ›€ E:3.2805e+02V/cm J:2.0976e-03A/cm2 ğ›’:1.5639e+05ğ›€ cm
2023-05-22 13:32:41,679 INFO Measurement at current 0.00023115577889447236
2023-05-22 13:32:42,172 INFO T:197.91Â°K V:2.0995e+01V I:2.3116e-04A R:9.0827e+04ğ›€ E:3.2805e+02V/cm J:2.1207e-03A/cm2 ğ›’:1.5469e+05ğ›€ cm
2023-05-22 13:32:42,192 INFO Measurement at current 0.00023366834170854273
2023-05-22 13:32:42,679 INFO T:197.89Â°K V:2.0995e+01V I:2.3367e-04A R:8.9850e+04ğ›€ E:3.2805e+02V/cm J:2.1437e-03A/cm2 ğ›’:1.5303e+05ğ›€ cm
2023-05-22 13:32:42,696 INFO Measurement at current 0.00023618090452261307
2023-05-22 13:32:43,183 INFO T:197.88Â°K V:2.0995e+01V I:2.3618e-04A R:8.8894e+04ğ›€ E:3.2805e+02V/cm J:2.1668e-03A/cm2 ğ›’:1.5140e+05ğ›€ cm
2023-05-22 13:32:43,200 INFO Measurement at current 0.00023869346733668343
2023-05-22 13:32:43,688 INFO T:197.87Â°K V:2.0995e+01V I:2.3869e-04A R:8.7959e+04ğ›€ E:3.2805e+02V/cm J:2.1898e-03A/cm2 ğ›’:1.4980e+05ğ›€ cm
2023-05-22 13:32:43,705 INFO Measurement at current 0.0002412060301507538
2023-05-22 13:32:44,199 INFO T:197.86Â°K V:2.0995e+01V I:2.4121e-04A R:8.7042e+04ğ›€ E:3.2805e+02V/cm J:2.2129e-03A/cm2 ğ›’:1.4824e+05ğ›€ cm
2023-05-22 13:32:44,219 INFO Measurement at current 0.00024371859296482413
2023-05-22 13:32:44,705 INFO T:197.84Â°K V:2.0995e+01V I:2.4372e-04A R:8.6145e+04ğ›€ E:3.2805e+02V/cm J:2.2360e-03A/cm2 ğ›’:1.4672e+05ğ›€ cm
2023-05-22 13:32:44,722 INFO Measurement at current 0.00024623115577889447
2023-05-22 13:32:45,209 INFO T:197.83Â°K V:2.0995e+01V I:2.4623e-04A R:8.5266e+04ğ›€ E:3.2805e+02V/cm J:2.2590e-03A/cm2 ğ›’:1.4522e+05ğ›€ cm
2023-05-22 13:32:45,226 INFO Measurement at current 0.00024874371859296486
2023-05-22 13:32:45,712 INFO T:197.82Â°K V:2.0995e+01V I:2.4874e-04A R:8.4405e+04ğ›€ E:3.2805e+02V/cm J:2.2821e-03A/cm2 ğ›’:1.4375e+05ğ›€ cm
2023-05-22 13:32:45,749 INFO Measurement at current 0.0002512562814070352
2023-05-22 13:32:46,234 INFO T:197.80Â°K V:2.0995e+01V I:2.5126e-04A R:8.3561e+04ğ›€ E:3.2805e+02V/cm J:2.3051e-03A/cm2 ğ›’:1.4231e+05ğ›€ cm
2023-05-22 13:32:46,255 INFO Measurement at current 0.00025376884422110554
2023-05-22 13:32:46,743 INFO T:197.79Â°K V:2.0995e+01V I:2.5377e-04A R:8.2733e+04ğ›€ E:3.2805e+02V/cm J:2.3282e-03A/cm2 ğ›’:1.4091e+05ğ›€ cm
2023-05-22 13:32:46,766 INFO Measurement at current 0.0002562814070351759
2023-05-22 13:32:47,251 INFO T:197.78Â°K V:2.0995e+01V I:2.5628e-04A R:8.1922e+04ğ›€ E:3.2805e+02V/cm J:2.3512e-03A/cm2 ğ›’:1.3952e+05ğ›€ cm
2023-05-22 13:32:47,277 INFO Measurement at current 0.00025879396984924627
2023-05-22 13:32:47,772 INFO T:197.77Â°K V:2.0995e+01V I:2.5879e-04A R:8.1127e+04ğ›€ E:3.2805e+02V/cm J:2.3743e-03A/cm2 ğ›’:1.3817e+05ğ›€ cm
2023-05-22 13:32:47,803 INFO Measurement at current 0.0002613065326633166
2023-05-22 13:32:48,292 INFO T:197.75Â°K V:2.0995e+01V I:2.6131e-04A R:8.0347e+04ğ›€ E:3.2805e+02V/cm J:2.3973e-03A/cm2 ğ›’:1.3684e+05ğ›€ cm
2023-05-22 13:32:48,310 INFO Measurement at current 0.00026381909547738695
2023-05-22 13:32:48,799 INFO T:197.74Â°K V:2.0995e+01V I:2.6382e-04A R:7.9582e+04ğ›€ E:3.2805e+02V/cm J:2.4204e-03A/cm2 ğ›’:1.3554e+05ğ›€ cm
2023-05-22 13:32:48,819 INFO Measurement at current 0.0002663316582914573
2023-05-22 13:32:49,302 INFO T:197.73Â°K V:2.0995e+01V I:2.6633e-04A R:7.8831e+04ğ›€ E:3.2805e+02V/cm J:2.4434e-03A/cm2 ğ›’:1.3426e+05ğ›€ cm
2023-05-22 13:32:49,326 INFO Measurement at current 0.0002688442211055277
2023-05-22 13:32:49,821 INFO T:197.72Â°K V:2.0995e+01V I:2.6884e-04A R:7.8094e+04ğ›€ E:3.2805e+02V/cm J:2.4665e-03A/cm2 ğ›’:1.3300e+05ğ›€ cm
2023-05-22 13:32:49,852 INFO Measurement at current 0.000271356783919598
2023-05-22 13:32:50,356 INFO T:197.70Â°K V:2.0995e+01V I:2.7136e-04A R:7.7371e+04ğ›€ E:3.2805e+02V/cm J:2.4895e-03A/cm2 ğ›’:1.3177e+05ğ›€ cm
2023-05-22 13:32:50,376 INFO Measurement at current 0.00027386934673366835
2023-05-22 13:32:50,865 INFO T:197.69Â°K V:2.0995e+01V I:2.7387e-04A R:7.6661e+04ğ›€ E:3.2805e+02V/cm J:2.5126e-03A/cm2 ğ›’:1.3056e+05ğ›€ cm
2023-05-22 13:32:50,883 INFO Measurement at current 0.0002763819095477387
2023-05-22 13:32:51,364 INFO T:197.68Â°K V:2.0995e+01V I:2.7638e-04A R:7.5964e+04ğ›€ E:3.2805e+02V/cm J:2.5356e-03A/cm2 ğ›’:1.2938e+05ğ›€ cm
2023-05-22 13:32:51,388 INFO Measurement at current 0.0002788944723618091
2023-05-22 13:32:51,890 INFO T:197.66Â°K V:2.0995e+01V I:2.7889e-04A R:7.5280e+04ğ›€ E:3.2805e+02V/cm J:2.5587e-03A/cm2 ğ›’:1.2821e+05ğ›€ cm
2023-05-22 13:32:51,908 INFO Measurement at current 0.0002814070351758794
2023-05-22 13:32:52,394 INFO T:197.65Â°K V:2.0995e+01V I:2.8141e-04A R:7.4608e+04ğ›€ E:3.2805e+02V/cm J:2.5817e-03A/cm2 ğ›’:1.2707e+05ğ›€ cm
2023-05-22 13:32:52,416 INFO Measurement at current 0.00028391959798994976
2023-05-22 13:32:52,897 INFO T:197.64Â°K V:2.0995e+01V I:2.8392e-04A R:7.3947e+04ğ›€ E:3.2805e+02V/cm J:2.6048e-03A/cm2 ğ›’:1.2594e+05ğ›€ cm
2023-05-22 13:32:52,921 INFO Measurement at current 0.0002864321608040201
2023-05-22 13:32:53,406 INFO T:197.63Â°K V:2.0995e+01V I:2.8643e-04A R:7.3299e+04ğ›€ E:3.2805e+02V/cm J:2.6278e-03A/cm2 ğ›’:1.2484e+05ğ›€ cm
2023-05-22 13:32:53,430 INFO Measurement at current 0.0002889447236180905
2023-05-22 13:32:53,916 INFO T:197.61Â°K V:2.0995e+01V I:2.8894e-04A R:7.2661e+04ğ›€ E:3.2805e+02V/cm J:2.6509e-03A/cm2 ğ›’:1.2375e+05ğ›€ cm
2023-05-22 13:32:53,940 INFO Measurement at current 0.0002914572864321608
2023-05-22 13:32:54,449 INFO T:197.60Â°K V:2.0995e+01V I:2.9146e-04A R:7.2035e+04ğ›€ E:3.2805e+02V/cm J:2.6739e-03A/cm2 ğ›’:1.2268e+05ğ›€ cm
2023-05-22 13:32:54,470 INFO Measurement at current 0.00029396984924623116
2023-05-22 13:32:54,961 INFO T:197.59Â°K V:2.0995e+01V I:2.9397e-04A R:7.1419e+04ğ›€ E:3.2805e+02V/cm J:2.6970e-03A/cm2 ğ›’:1.2164e+05ğ›€ cm
2023-05-22 13:32:54,987 INFO Measurement at current 0.0002964824120603015
2023-05-22 13:32:55,483 INFO T:197.57Â°K V:2.0995e+01V I:2.9648e-04A R:7.0814e+04ğ›€ E:3.2805e+02V/cm J:2.7200e-03A/cm2 ğ›’:1.2061e+05ğ›€ cm
2023-05-22 13:32:55,506 INFO Measurement at current 0.0002989949748743719
2023-05-22 13:32:55,997 INFO T:197.56Â°K V:2.0995e+01V I:2.9899e-04A R:7.0219e+04ğ›€ E:3.2805e+02V/cm J:2.7431e-03A/cm2 ğ›’:1.1959e+05ğ›€ cm
2023-05-22 13:32:56,019 INFO Measurement at current 0.00030150753768844223
2023-05-22 13:32:56,521 INFO T:197.55Â°K V:2.0995e+01V I:3.0151e-04A R:6.9634e+04ğ›€ E:3.2805e+02V/cm J:2.7661e-03A/cm2 ğ›’:1.1860e+05ğ›€ cm
2023-05-22 13:32:56,551 INFO Measurement at current 0.00030402010050251257
2023-05-22 13:32:57,050 INFO T:197.53Â°K V:2.0995e+01V I:3.0402e-04A R:6.9058e+04ğ›€ E:3.2805e+02V/cm J:2.7892e-03A/cm2 ğ›’:1.1762e+05ğ›€ cm
2023-05-22 13:32:57,068 INFO Measurement at current 0.0003065326633165829
2023-05-22 13:32:57,549 INFO T:197.52Â°K V:2.0995e+01V I:3.0653e-04A R:6.8492e+04ğ›€ E:3.2805e+02V/cm J:2.8122e-03A/cm2 ğ›’:1.1665e+05ğ›€ cm
2023-05-22 13:32:57,577 INFO Measurement at current 0.0003090452261306533
2023-05-22 13:32:58,080 INFO T:197.51Â°K V:2.0995e+01V I:3.0905e-04A R:6.7936e+04ğ›€ E:3.2805e+02V/cm J:2.8353e-03A/cm2 ğ›’:1.1570e+05ğ›€ cm
2023-05-22 13:32:58,101 INFO Measurement at current 0.00031155778894472364
2023-05-22 13:32:58,598 INFO T:197.50Â°K V:2.0995e+01V I:3.1156e-04A R:6.7388e+04ğ›€ E:3.2805e+02V/cm J:2.8583e-03A/cm2 ğ›’:1.1477e+05ğ›€ cm
2023-05-22 13:32:58,618 INFO Measurement at current 0.000314070351758794
2023-05-22 13:32:59,104 INFO T:197.48Â°K V:2.0995e+01V I:3.1407e-04A R:6.6849e+04ğ›€ E:3.2805e+02V/cm J:2.8814e-03A/cm2 ğ›’:1.1385e+05ğ›€ cm
2023-05-22 13:32:59,127 INFO Measurement at current 0.0003165829145728643
2023-05-22 13:32:59,617 INFO T:197.47Â°K V:2.0995e+01V I:3.1658e-04A R:6.6318e+04ğ›€ E:3.2805e+02V/cm J:2.9044e-03A/cm2 ğ›’:1.1295e+05ğ›€ cm
2023-05-22 13:32:59,636 INFO Measurement at current 0.0003190954773869347
2023-05-22 13:33:00,140 INFO T:197.46Â°K V:2.0995e+01V I:3.1910e-04A R:6.5796e+04ğ›€ E:3.2805e+02V/cm J:2.9275e-03A/cm2 ğ›’:1.1206e+05ğ›€ cm
2023-05-22 13:33:00,156 INFO Measurement at current 0.00032160804020100504
2023-05-22 13:33:00,648 INFO T:197.44Â°K V:2.0995e+01V I:3.2161e-04A R:6.5282e+04ğ›€ E:3.2805e+02V/cm J:2.9505e-03A/cm2 ğ›’:1.1118e+05ğ›€ cm
2023-05-22 13:33:00,667 INFO Measurement at current 0.0003241206030150754
2023-05-22 13:33:01,161 INFO T:197.43Â°K V:2.0995e+01V I:3.2412e-04A R:6.4776e+04ğ›€ E:3.2805e+02V/cm J:2.9736e-03A/cm2 ğ›’:1.1032e+05ğ›€ cm
2023-05-22 13:33:01,179 INFO Measurement at current 0.00032663316582914577
2023-05-22 13:33:01,689 INFO T:197.42Â°K V:2.0995e+01V I:3.2663e-04A R:6.4277e+04ğ›€ E:3.2805e+02V/cm J:2.9966e-03A/cm2 ğ›’:1.0947e+05ğ›€ cm
2023-05-22 13:33:01,711 INFO Measurement at current 0.0003291457286432161
2023-05-22 13:33:02,202 INFO T:197.41Â°K V:2.0995e+01V I:3.2915e-04A R:6.3787e+04ğ›€ E:3.2805e+02V/cm J:3.0197e-03A/cm2 ğ›’:1.0864e+05ğ›€ cm
2023-05-22 13:33:02,219 INFO Measurement at current 0.00033165829145728645
2023-05-22 13:33:02,707 INFO T:197.39Â°K V:2.0995e+01V I:3.3166e-04A R:6.3304e+04ğ›€ E:3.2805e+02V/cm J:3.0427e-03A/cm2 ğ›’:1.0781e+05ğ›€ cm
2023-05-22 13:33:02,724 INFO Measurement at current 0.0003341708542713568
2023-05-22 13:33:03,217 INFO T:197.38Â°K V:2.0995e+01V I:3.3417e-04A R:6.2828e+04ğ›€ E:3.2805e+02V/cm J:3.0658e-03A/cm2 ğ›’:1.0700e+05ğ›€ cm
2023-05-22 13:33:03,245 INFO Measurement at current 0.0003366834170854272
2023-05-22 13:33:03,759 INFO T:197.37Â°K V:2.0995e+01V I:3.3668e-04A R:6.2359e+04ğ›€ E:3.2805e+02V/cm J:3.0888e-03A/cm2 ğ›’:1.0620e+05ğ›€ cm
2023-05-22 13:33:03,785 INFO Measurement at current 0.0003391959798994975
2023-05-22 13:33:04,272 INFO T:197.35Â°K V:2.0995e+01V I:3.3920e-04A R:6.1897e+04ğ›€ E:3.2805e+02V/cm J:3.1119e-03A/cm2 ğ›’:1.0542e+05ğ›€ cm
2023-05-22 13:33:04,290 INFO Measurement at current 0.00034170854271356785
2023-05-22 13:33:04,797 INFO T:197.34Â°K V:2.0995e+01V I:3.4171e-04A R:6.1442e+04ğ›€ E:3.2805e+02V/cm J:3.1349e-03A/cm2 ğ›’:1.0464e+05ğ›€ cm
2023-05-22 13:33:04,842 INFO Measurement at current 0.0003442211055276382
2023-05-22 13:33:05,358 INFO T:197.33Â°K V:2.0995e+01V I:3.4422e-04A R:6.0993e+04ğ›€ E:3.2805e+02V/cm J:3.1580e-03A/cm2 ğ›’:1.0388e+05ğ›€ cm
2023-05-22 13:33:05,381 INFO Measurement at current 0.0003467336683417086
2023-05-22 13:33:05,889 INFO T:197.31Â°K V:2.0995e+01V I:3.4673e-04A R:6.0551e+04ğ›€ E:3.2805e+02V/cm J:3.1810e-03A/cm2 ğ›’:1.0313e+05ğ›€ cm
2023-05-22 13:33:05,921 INFO Measurement at current 0.0003492462311557789
2023-05-22 13:33:06,417 INFO T:197.30Â°K V:2.0995e+01V I:3.4925e-04A R:6.0115e+04ğ›€ E:3.2805e+02V/cm J:3.2041e-03A/cm2 ğ›’:1.0238e+05ğ›€ cm
2023-05-22 13:33:06,448 INFO Measurement at current 0.00035175879396984926
2023-05-22 13:33:06,944 INFO T:197.29Â°K V:2.0995e+01V I:3.5176e-04A R:5.9686e+04ğ›€ E:3.2805e+02V/cm J:3.2271e-03A/cm2 ğ›’:1.0165e+05ğ›€ cm
2023-05-22 13:33:06,976 INFO Measurement at current 0.0003542713567839196
2023-05-22 13:33:07,461 INFO T:197.28Â°K V:2.0995e+01V I:3.5427e-04A R:5.9263e+04ğ›€ E:3.2805e+02V/cm J:3.2502e-03A/cm2 ğ›’:1.0093e+05ğ›€ cm
2023-05-22 13:33:07,476 INFO Measurement at current 0.00035678391959799
2023-05-22 13:33:07,964 INFO T:197.26Â°K V:2.0995e+01V I:3.5678e-04A R:5.8846e+04ğ›€ E:3.2805e+02V/cm J:3.2732e-03A/cm2 ğ›’:1.0022e+05ğ›€ cm
2023-05-22 13:33:07,979 INFO Measurement at current 0.00035929648241206033
2023-05-22 13:33:08,469 INFO T:197.25Â°K V:2.0995e+01V I:3.5930e-04A R:5.8434e+04ğ›€ E:3.2805e+02V/cm J:3.2963e-03A/cm2 ğ›’:9.9520e+04ğ›€ cm
2023-05-22 13:33:08,484 INFO Measurement at current 0.00036180904522613067
2023-05-22 13:33:08,979 INFO T:197.24Â°K V:2.0995e+01V I:3.6181e-04A R:5.8028e+04ğ›€ E:3.2805e+02V/cm J:3.3193e-03A/cm2 ğ›’:9.8829e+04ğ›€ cm
2023-05-22 13:33:08,995 INFO Measurement at current 0.000364321608040201
2023-05-22 13:33:09,490 INFO T:197.23Â°K V:2.0995e+01V I:3.6432e-04A R:5.7628e+04ğ›€ E:3.2805e+02V/cm J:3.3424e-03A/cm2 ğ›’:9.8148e+04ğ›€ cm
2023-05-22 13:33:09,529 INFO Measurement at current 0.0003668341708542714
2023-05-22 13:33:10,053 INFO T:197.21Â°K V:2.0995e+01V I:3.6683e-04A R:5.7233e+04ğ›€ E:3.2805e+02V/cm J:3.3655e-03A/cm2 ğ›’:9.7475e+04ğ›€ cm
2023-05-22 13:33:10,088 INFO Measurement at current 0.00036934673366834173
2023-05-22 13:33:10,581 INFO T:197.20Â°K V:2.0995e+01V I:3.6935e-04A R:5.6844e+04ğ›€ E:3.2805e+02V/cm J:3.3885e-03A/cm2 ğ›’:9.6812e+04ğ›€ cm
2023-05-22 13:33:10,645 INFO Measurement at current 0.00037185929648241207
2023-05-22 13:33:11,162 INFO T:197.18Â°K V:2.0995e+01V I:3.7186e-04A R:5.6460e+04ğ›€ E:3.2805e+02V/cm J:3.4116e-03A/cm2 ğ›’:9.6158e+04ğ›€ cm
2023-05-22 13:33:11,177 INFO Measurement at current 0.0003743718592964824
2023-05-22 13:33:11,673 INFO T:197.17Â°K V:2.0995e+01V I:3.7437e-04A R:5.6081e+04ğ›€ E:3.2805e+02V/cm J:3.4346e-03A/cm2 ğ›’:9.5513e+04ğ›€ cm
2023-05-22 13:33:11,714 INFO Measurement at current 0.0003768844221105528
2023-05-22 13:33:12,207 INFO T:197.16Â°K V:2.0995e+01V I:3.7688e-04A R:5.5707e+04ğ›€ E:3.2805e+02V/cm J:3.4577e-03A/cm2 ğ›’:9.4876e+04ğ›€ cm
2023-05-22 13:33:12,233 INFO Measurement at current 0.00037939698492462314
2023-05-22 13:33:12,719 INFO T:197.15Â°K V:2.0995e+01V I:3.7940e-04A R:5.5338e+04ğ›€ E:3.2805e+02V/cm J:3.4807e-03A/cm2 ğ›’:9.4248e+04ğ›€ cm
2023-05-22 13:33:12,736 INFO Measurement at current 0.0003819095477386935
2023-05-22 13:33:13,235 INFO T:197.13Â°K V:2.0995e+01V I:3.8191e-04A R:5.4974e+04ğ›€ E:3.2805e+02V/cm J:3.5038e-03A/cm2 ğ›’:9.3628e+04ğ›€ cm
2023-05-22 13:33:13,251 INFO Measurement at current 0.0003844221105527638
2023-05-22 13:33:13,751 INFO T:197.12Â°K V:2.0995e+01V I:3.8442e-04A R:5.4615e+04ğ›€ E:3.2805e+02V/cm J:3.5268e-03A/cm2 ğ›’:9.3016e+04ğ›€ cm
2023-05-22 13:33:13,773 INFO Measurement at current 0.0003869346733668342
2023-05-22 13:33:14,255 INFO T:197.11Â°K V:2.0995e+01V I:3.8693e-04A R:5.4260e+04ğ›€ E:3.2805e+02V/cm J:3.5499e-03A/cm2 ğ›’:9.2412e+04ğ›€ cm
2023-05-22 13:33:14,287 INFO Measurement at current 0.00038944723618090455
2023-05-22 13:33:14,778 INFO T:197.09Â°K V:2.0995e+01V I:3.8945e-04A R:5.3910e+04ğ›€ E:3.2805e+02V/cm J:3.5729e-03A/cm2 ğ›’:9.1816e+04ğ›€ cm
2023-05-22 13:33:14,803 INFO Measurement at current 0.0003919597989949749
2023-05-22 13:33:15,286 INFO T:197.08Â°K V:2.0995e+01V I:3.9196e-04A R:5.3565e+04ğ›€ E:3.2805e+02V/cm J:3.5960e-03A/cm2 ğ›’:9.1227e+04ğ›€ cm
2023-05-22 13:33:15,328 INFO Measurement at current 0.0003944723618090452
2023-05-22 13:33:15,862 INFO T:197.07Â°K V:2.0995e+01V I:3.9447e-04A R:5.3223e+04ğ›€ E:3.2805e+02V/cm J:3.6190e-03A/cm2 ğ›’:9.0646e+04ğ›€ cm
2023-05-22 13:33:15,897 INFO Measurement at current 0.0003969849246231156
2023-05-22 13:33:16,415 INFO T:197.05Â°K V:2.0995e+01V I:3.9698e-04A R:5.2886e+04ğ›€ E:3.2805e+02V/cm J:3.6421e-03A/cm2 ğ›’:9.0072e+04ğ›€ cm
2023-05-22 13:33:16,439 INFO Measurement at current 0.00039949748743718595
2023-05-22 13:33:16,938 INFO T:197.04Â°K V:2.0995e+01V I:3.9950e-04A R:5.2554e+04ğ›€ E:3.2805e+02V/cm J:3.6651e-03A/cm2 ğ›’:8.9506e+04ğ›€ cm
2023-05-22 13:33:16,964 INFO Measurement at current 0.0004020100502512563
2023-05-22 13:33:17,469 INFO T:197.03Â°K V:2.0995e+01V I:4.0201e-04A R:5.2225e+04ğ›€ E:3.2805e+02V/cm J:3.6882e-03A/cm2 ğ›’:8.8946e+04ğ›€ cm
2023-05-22 13:33:17,488 INFO Measurement at current 0.0004045226130653267
2023-05-22 13:33:17,986 INFO T:197.02Â°K V:2.0995e+01V I:4.0452e-04A R:5.1901e+04ğ›€ E:3.2805e+02V/cm J:3.7112e-03A/cm2 ğ›’:8.8394e+04ğ›€ cm
2023-05-22 13:33:18,005 INFO Measurement at current 0.000407035175879397
2023-05-22 13:33:18,500 INFO T:197.00Â°K V:2.0995e+01V I:4.0704e-04A R:5.1581e+04ğ›€ E:3.2805e+02V/cm J:3.7343e-03A/cm2 ğ›’:8.7848e+04ğ›€ cm
2023-05-22 13:33:18,518 INFO Measurement at current 0.00040954773869346736
2023-05-22 13:33:19,009 INFO T:196.99Â°K V:2.0995e+01V I:4.0955e-04A R:5.1264e+04ğ›€ E:3.2805e+02V/cm J:3.7573e-03A/cm2 ğ›’:8.7309e+04ğ›€ cm
2023-05-22 13:33:19,072 INFO Measurement at current 0.0004120603015075377
2023-05-22 13:33:19,572 INFO T:196.98Â°K V:2.0995e+01V I:4.1206e-04A R:5.0952e+04ğ›€ E:3.2805e+02V/cm J:3.7804e-03A/cm2 ğ›’:8.6777e+04ğ›€ cm
2023-05-22 13:33:19,596 INFO Measurement at current 0.0004145728643216081
2023-05-22 13:33:20,118 INFO T:196.96Â°K V:2.0995e+01V I:4.1457e-04A R:5.0643e+04ğ›€ E:3.2805e+02V/cm J:3.8034e-03A/cm2 ğ›’:8.6251e+04ğ›€ cm
2023-05-22 13:33:20,165 INFO Measurement at current 0.0004170854271356784
2023-05-22 13:33:20,692 INFO T:196.95Â°K V:2.0995e+01V I:4.1709e-04A R:5.0338e+04ğ›€ E:3.2805e+02V/cm J:3.8265e-03A/cm2 ğ›’:8.5732e+04ğ›€ cm
2023-05-22 13:33:20,707 INFO Measurement at current 0.00041959798994974876
2023-05-22 13:33:21,210 INFO T:196.94Â°K V:2.0995e+01V I:4.1960e-04A R:5.0036e+04ğ›€ E:3.2805e+02V/cm J:3.8495e-03A/cm2 ğ›’:8.5218e+04ğ›€ cm
2023-05-22 13:33:21,238 INFO Measurement at current 0.0004221105527638191
2023-05-22 13:33:21,719 INFO T:196.92Â°K V:2.0995e+01V I:4.2211e-04A R:4.9738e+04ğ›€ E:3.2805e+02V/cm J:3.8726e-03A/cm2 ğ›’:8.4711e+04ğ›€ cm
2023-05-22 13:33:21,735 INFO Measurement at current 0.0004246231155778895
2023-05-22 13:33:22,218 INFO T:196.91Â°K V:2.0995e+01V I:4.2462e-04A R:4.9444e+04ğ›€ E:3.2805e+02V/cm J:3.8956e-03A/cm2 ğ›’:8.4210e+04ğ›€ cm
2023-05-22 13:33:22,239 INFO Measurement at current 0.00042713567839195983
2023-05-22 13:33:22,720 INFO T:196.90Â°K V:2.0995e+01V I:4.2714e-04A R:4.9153e+04ğ›€ E:3.2805e+02V/cm J:3.9187e-03A/cm2 ğ›’:8.3714e+04ğ›€ cm
2023-05-22 13:33:22,746 INFO Measurement at current 0.00042964824120603017
2023-05-22 13:33:23,233 INFO T:196.89Â°K V:2.0995e+01V I:4.2965e-04A R:4.8866e+04ğ›€ E:3.2805e+02V/cm J:3.9417e-03A/cm2 ğ›’:8.3225e+04ğ›€ cm
2023-05-22 13:33:23,249 INFO Measurement at current 0.0004321608040201005
2023-05-22 13:33:23,729 INFO T:196.88Â°K V:2.0995e+01V I:4.3216e-04A R:4.8582e+04ğ›€ E:3.2805e+02V/cm J:3.9648e-03A/cm2 ğ›’:8.2741e+04ğ›€ cm
2023-05-22 13:33:23,746 INFO Measurement at current 0.0004346733668341709
2023-05-22 13:33:24,230 INFO T:196.86Â°K V:2.0995e+01V I:4.3467e-04A R:4.8301e+04ğ›€ E:3.2805e+02V/cm J:3.9878e-03A/cm2 ğ›’:8.2263e+04ğ›€ cm
2023-05-22 13:33:24,244 INFO Measurement at current 0.00043718592964824124
2023-05-22 13:33:24,730 INFO T:196.85Â°K V:2.0995e+01V I:4.3719e-04A R:4.8023e+04ğ›€ E:3.2805e+02V/cm J:4.0109e-03A/cm2 ğ›’:8.1790e+04ğ›€ cm
2023-05-22 13:33:24,749 INFO Measurement at current 0.0004396984924623116
2023-05-22 13:33:25,237 INFO T:196.84Â°K V:2.0995e+01V I:4.3970e-04A R:4.7749e+04ğ›€ E:3.2805e+02V/cm J:4.0339e-03A/cm2 ğ›’:8.1322e+04ğ›€ cm
2023-05-22 13:33:25,284 INFO Measurement at current 0.0004422110552763819
2023-05-22 13:33:25,807 INFO T:196.82Â°K V:2.0995e+01V I:4.4221e-04A R:4.7478e+04ğ›€ E:3.2805e+02V/cm J:4.0570e-03A/cm2 ğ›’:8.0861e+04ğ›€ cm
2023-05-22 13:33:25,825 INFO Measurement at current 0.0004447236180904523
2023-05-22 13:33:26,340 INFO T:196.81Â°K V:2.0995e+01V I:4.4472e-04A R:4.7209e+04ğ›€ E:3.2805e+02V/cm J:4.0800e-03A/cm2 ğ›’:8.0404e+04ğ›€ cm
2023-05-22 13:33:26,362 INFO Measurement at current 0.00044723618090452264
2023-05-22 13:33:26,854 INFO T:196.80Â°K V:2.0995e+01V I:4.4724e-04A R:4.6944e+04ğ›€ E:3.2805e+02V/cm J:4.1031e-03A/cm2 ğ›’:7.9952e+04ğ›€ cm
2023-05-22 13:33:26,883 INFO Measurement at current 0.000449748743718593
2023-05-22 13:33:27,381 INFO T:196.79Â°K V:2.0995e+01V I:4.4975e-04A R:4.6682e+04ğ›€ E:3.2805e+02V/cm J:4.1261e-03A/cm2 ğ›’:7.9505e+04ğ›€ cm
2023-05-22 13:33:27,398 INFO Measurement at current 0.0004522613065326633
2023-05-22 13:33:27,896 INFO T:196.77Â°K V:2.0995e+01V I:4.5226e-04A R:4.6423e+04ğ›€ E:3.2805e+02V/cm J:4.1492e-03A/cm2 ğ›’:7.9063e+04ğ›€ cm
2023-05-22 13:33:27,915 INFO Measurement at current 0.0004547738693467337
2023-05-22 13:33:28,396 INFO T:196.76Â°K V:2.0995e+01V I:4.5477e-04A R:4.6166e+04ğ›€ E:3.2805e+02V/cm J:4.1722e-03A/cm2 ğ›’:7.8627e+04ğ›€ cm
2023-05-22 13:33:28,410 INFO Measurement at current 0.00045728643216080405
2023-05-22 13:33:28,895 INFO T:196.75Â°K V:2.0995e+01V I:4.5729e-04A R:4.5912e+04ğ›€ E:3.2805e+02V/cm J:4.1953e-03A/cm2 ğ›’:7.8195e+04ğ›€ cm
2023-05-22 13:33:28,916 INFO Measurement at current 0.0004597989949748744
2023-05-22 13:33:29,412 INFO T:196.74Â°K V:2.0995e+01V I:4.5980e-04A R:4.5662e+04ğ›€ E:3.2805e+02V/cm J:4.2183e-03A/cm2 ğ›’:7.7767e+04ğ›€ cm
2023-05-22 13:33:29,440 INFO Measurement at current 0.0004623115577889447
2023-05-22 13:33:29,942 INFO T:196.72Â°K V:2.0995e+01V I:4.6231e-04A R:4.5413e+04ğ›€ E:3.2805e+02V/cm J:4.2414e-03A/cm2 ğ›’:7.7345e+04ğ›€ cm
2023-05-22 13:33:29,979 INFO Measurement at current 0.0004648241206030151
2023-05-22 13:33:30,498 INFO T:196.71Â°K V:2.0995e+01V I:4.6482e-04A R:4.5168e+04ğ›€ E:3.2805e+02V/cm J:4.2644e-03A/cm2 ğ›’:7.6927e+04ğ›€ cm
2023-05-22 13:33:30,519 INFO Measurement at current 0.00046733668341708545
2023-05-22 13:33:31,025 INFO T:196.70Â°K V:2.0995e+01V I:4.6734e-04A R:4.4925e+04ğ›€ E:3.2805e+02V/cm J:4.2875e-03A/cm2 ğ›’:7.6513e+04ğ›€ cm
2023-05-22 13:33:31,046 INFO Measurement at current 0.0004698492462311558
2023-05-22 13:33:31,553 INFO T:196.68Â°K V:2.0995e+01V I:4.6985e-04A R:4.4685e+04ğ›€ E:3.2805e+02V/cm J:4.3105e-03A/cm2 ğ›’:7.6104e+04ğ›€ cm
2023-05-22 13:33:31,581 INFO Measurement at current 0.00047236180904522613
2023-05-22 13:33:32,085 INFO T:196.67Â°K V:2.0995e+01V I:4.7236e-04A R:4.4447e+04ğ›€ E:3.2805e+02V/cm J:4.3336e-03A/cm2 ğ›’:7.5699e+04ğ›€ cm
2023-05-22 13:33:32,138 INFO Measurement at current 0.0004748743718592965
2023-05-22 13:33:32,620 INFO T:196.66Â°K V:2.0995e+01V I:4.7487e-04A R:4.4212e+04ğ›€ E:3.2805e+02V/cm J:4.3566e-03A/cm2 ğ›’:7.5299e+04ğ›€ cm
2023-05-22 13:33:32,656 INFO Measurement at current 0.00047738693467336686
2023-05-22 13:33:33,153 INFO T:196.65Â°K V:2.0995e+01V I:4.7739e-04A R:4.3979e+04ğ›€ E:3.2805e+02V/cm J:4.3797e-03A/cm2 ğ›’:7.4902e+04ğ›€ cm
2023-05-22 13:33:33,209 INFO Measurement at current 0.0004798994974874372
2023-05-22 13:33:33,734 INFO T:196.63Â°K V:2.0995e+01V I:4.7990e-04A R:4.3749e+04ğ›€ E:3.2805e+02V/cm J:4.4027e-03A/cm2 ğ›’:7.4510e+04ğ›€ cm
2023-05-22 13:33:33,786 INFO Measurement at current 0.0004824120603015076
2023-05-22 13:33:34,295 INFO T:196.62Â°K V:2.0995e+01V I:4.8241e-04A R:4.3521e+04ğ›€ E:3.2805e+02V/cm J:4.4258e-03A/cm2 ğ›’:7.4122e+04ğ›€ cm
2023-05-22 13:33:34,325 INFO Measurement at current 0.00048492462311557793
2023-05-22 13:33:34,829 INFO T:196.60Â°K V:2.0995e+01V I:4.8492e-04A R:4.3296e+04ğ›€ E:3.2805e+02V/cm J:4.4488e-03A/cm2 ğ›’:7.3738e+04ğ›€ cm
2023-05-22 13:33:34,847 INFO Measurement at current 0.00048743718592964827
2023-05-22 13:33:35,331 INFO T:196.59Â°K V:2.0995e+01V I:4.8744e-04A R:4.3073e+04ğ›€ E:3.2805e+02V/cm J:4.4719e-03A/cm2 ğ›’:7.3358e+04ğ›€ cm
2023-05-22 13:33:35,362 INFO Measurement at current 0.0004899497487437187
2023-05-22 13:33:35,858 INFO T:196.58Â°K V:2.0995e+01V I:4.8995e-04A R:4.2852e+04ğ›€ E:3.2805e+02V/cm J:4.4950e-03A/cm2 ğ›’:7.2982e+04ğ›€ cm
2023-05-22 13:33:35,874 INFO Measurement at current 0.0004924623115577889
2023-05-22 13:33:36,361 INFO T:196.57Â°K V:2.0995e+01V I:4.9246e-04A R:4.2633e+04ğ›€ E:3.2805e+02V/cm J:4.5180e-03A/cm2 ğ›’:7.2610e+04ğ›€ cm
2023-05-22 13:33:36,417 INFO Measurement at current 0.0004949748743718593
2023-05-22 13:33:36,950 INFO T:196.55Â°K V:2.0995e+01V I:4.9497e-04A R:4.2417e+04ğ›€ E:3.2805e+02V/cm J:4.5411e-03A/cm2 ğ›’:7.2241e+04ğ›€ cm
2023-05-22 13:33:36,968 INFO Measurement at current 0.0004974874371859297
2023-05-22 13:33:37,457 INFO T:196.54Â°K V:2.0995e+01V I:4.9749e-04A R:4.2202e+04ğ›€ E:3.2805e+02V/cm J:4.5641e-03A/cm2 ğ›’:7.1876e+04ğ›€ cm
2023-05-22 13:33:37,476 INFO Measurement at current 0.0005
2023-05-22 13:33:38,003 INFO T:196.53Â°K V:2.0995e+01V I:5.0000e-04A R:4.1990e+04ğ›€ E:3.2805e+02V/cm J:4.5872e-03A/cm2 ğ›’:7.1515e+04ğ›€ cm
2023-05-22 13:34:02,835 INFO Save the description file
2023-05-22 13:34:02,839 INFO Save data in numpy format Esperimenti/CPROpuro_MUSA_220523_I_V/CPROpuro_MUSA_220523_I_V_current_from_0_to_5e-4A/CPROpuro_MUSA_220523_I_V_current_from_0_to_5e-4A-20230522133401
2023-05-22 13:34:02,857 INFO Save data in CSV format Esperimenti/CPROpuro_MUSA_220523_I_V/CPROpuro_MUSA_220523_I_V_current_from_0_to_5e-4A/CPROpuro_MUSA_220523_I_V_current_from_0_to_5e-4A-20230522133401.csv
2023-05-22 13:34:02,871 INFO Save plot as image Esperimenti/CPROpuro_MUSA_220523_I_V/CPROpuro_MUSA_220523_I_V_current_from_0_to_5e-4A/CPROpuro_MUSA_220523_I_V_current_from_0_to_5e-4A-20230522133401.png
