2023-05-22 13:26:33,976 INFO ### Start experiment: CPROpuro_MUSA_220523_I_V current from 0 to 5e-4A ###
2023-05-22 13:26:35,320 INFO Found Multimeter KEITHLEY INSTRUMENTS INC.,MODEL 2700,0884890,B03  /A02  

2023-05-22 13:26:36,357 INFO Found Nanovolt Meter KEITHLEY INSTRUMENTS INC.,MODEL 2182A,4056474,C03  /A02  

2023-05-22 13:26:36,468 INFO Found Source Meter KEITHLEY INSTRUMENTS INC.,MODEL 2400,0945684,C24   Feb 14 2002 11:59:45/A02  /K/H

2023-05-22 13:26:36,588 INFO Start the measurement loop
2023-05-22 13:26:42,282 INFO Measurement at current 0.0
2023-05-22 13:26:44,266 INFO T:208.71Â°K V:-8.8518e-02V I:0.0000e+00A R:-infğ›€ E:-1.3831e+00V/cm J:0.0000e+00A/cm2 ğ›’:-infğ›€ cm
2023-05-22 13:26:44,293 INFO Measurement at current 2.512562814070352e-06
2023-05-22 13:26:45,011 INFO T:208.68Â°K V:2.0628e+01V I:2.5126e-06A R:8.2101e+06ğ›€ E:3.2232e+02V/cm J:2.3051e-05A/cm2 ğ›’:1.3983e+07ğ›€ cm
2023-05-22 13:26:45,033 INFO Measurement at current 5.025125628140704e-06
2023-05-22 13:26:45,524 INFO T:208.66Â°K V:2.0994e+01V I:5.0251e-06A R:4.1779e+06ğ›€ E:3.2804e+02V/cm J:4.6102e-05A/cm2 ğ›’:7.1154e+06ğ›€ cm
2023-05-22 13:26:45,554 INFO Measurement at current 7.537688442211056e-06
2023-05-22 13:26:46,040 INFO T:208.64Â°K V:2.0994e+01V I:7.5377e-06A R:2.7852e+06ğ›€ E:3.2804e+02V/cm J:6.9153e-05A/cm2 ğ›’:4.7436e+06ğ›€ cm
2023-05-22 13:26:46,058 INFO Measurement at current 1.0050251256281408e-05
2023-05-22 13:26:46,543 INFO T:208.62Â°K V:2.0994e+01V I:1.0050e-05A R:2.0889e+06ğ›€ E:3.2803e+02V/cm J:9.2204e-05A/cm2 ğ›’:3.5577e+06ğ›€ cm
2023-05-22 13:26:46,560 INFO Measurement at current 1.2562814070351759e-05
2023-05-22 13:26:47,049 INFO T:208.60Â°K V:2.0994e+01V I:1.2563e-05A R:1.6711e+06ğ›€ E:3.2804e+02V/cm J:1.1526e-04A/cm2 ğ›’:2.8462e+06ğ›€ cm
2023-05-22 13:26:47,066 INFO Measurement at current 1.5075376884422112e-05
2023-05-22 13:26:47,549 INFO T:208.58Â°K V:2.0994e+01V I:1.5075e-05A R:1.3926e+06ğ›€ E:3.2804e+02V/cm J:1.3831e-04A/cm2 ğ›’:2.3718e+06ğ›€ cm
2023-05-22 13:26:47,568 INFO Measurement at current 1.7587939698492464e-05
2023-05-22 13:26:48,055 INFO T:208.56Â°K V:2.0994e+01V I:1.7588e-05A R:1.1937e+06ğ›€ E:3.2804e+02V/cm J:1.6136e-04A/cm2 ğ›’:2.0330e+06ğ›€ cm
2023-05-22 13:26:48,078 INFO Measurement at current 2.0100502512562815e-05
2023-05-22 13:26:48,573 INFO T:208.54Â°K V:2.0994e+01V I:2.0101e-05A R:1.0445e+06ğ›€ E:3.2804e+02V/cm J:1.8441e-04A/cm2 ğ›’:1.7789e+06ğ›€ cm
2023-05-22 13:26:48,591 INFO Measurement at current 2.2613065326633167e-05
2023-05-22 13:26:49,077 INFO T:208.53Â°K V:2.0994e+01V I:2.2613e-05A R:9.2842e+05ğ›€ E:3.2804e+02V/cm J:2.0746e-04A/cm2 ğ›’:1.5812e+06ğ›€ cm
2023-05-22 13:26:49,094 INFO Measurement at current 2.5125628140703518e-05
2023-05-22 13:26:49,588 INFO T:208.51Â°K V:2.0994e+01V I:2.5126e-05A R:8.3557e+05ğ›€ E:3.2804e+02V/cm J:2.3051e-04A/cm2 ğ›’:1.4231e+06ğ›€ cm
2023-05-22 13:26:49,604 INFO Measurement at current 2.763819095477387e-05
2023-05-22 13:26:50,094 INFO T:208.49Â°K V:2.0994e+01V I:2.7638e-05A R:7.5961e+05ğ›€ E:3.2804e+02V/cm J:2.5356e-04A/cm2 ğ›’:1.2937e+06ğ›€ cm
2023-05-22 13:26:50,118 INFO Measurement at current 3.0150753768844224e-05
2023-05-22 13:26:50,606 INFO T:208.47Â°K V:2.0994e+01V I:3.0151e-05A R:6.9631e+05ğ›€ E:3.2804e+02V/cm J:2.7661e-04A/cm2 ğ›’:1.1859e+06ğ›€ cm
2023-05-22 13:26:50,624 INFO Measurement at current 3.2663316582914576e-05
2023-05-22 13:26:51,108 INFO T:208.45Â°K V:2.0994e+01V I:3.2663e-05A R:6.4275e+05ğ›€ E:3.2804e+02V/cm J:2.9966e-04A/cm2 ğ›’:1.0947e+06ğ›€ cm
2023-05-22 13:26:51,125 INFO Measurement at current 3.517587939698493e-05
2023-05-22 13:26:51,612 INFO T:208.43Â°K V:2.0994e+01V I:3.5176e-05A R:5.9684e+05ğ›€ E:3.2804e+02V/cm J:3.2271e-04A/cm2 ğ›’:1.0165e+06ğ›€ cm
2023-05-22 13:26:51,632 INFO Measurement at current 3.768844221105528e-05
2023-05-22 13:26:52,127 INFO T:208.41Â°K V:2.0994e+01V I:3.7688e-05A R:5.5705e+05ğ›€ E:3.2804e+02V/cm J:3.4577e-04A/cm2 ğ›’:9.4872e+05ğ›€ cm
2023-05-22 13:26:52,150 INFO Measurement at current 4.020100502512563e-05
2023-05-22 13:26:52,648 INFO T:208.39Â°K V:2.0994e+01V I:4.0201e-05A R:5.2223e+05ğ›€ E:3.2804e+02V/cm J:3.6882e-04A/cm2 ğ›’:8.8943e+05ğ›€ cm
2023-05-22 13:26:52,665 INFO Measurement at current 4.271356783919598e-05
2023-05-22 13:26:53,161 INFO T:208.37Â°K V:2.0994e+01V I:4.2714e-05A R:4.9151e+05ğ›€ E:3.2804e+02V/cm J:3.9187e-04A/cm2 ğ›’:8.3711e+05ğ›€ cm
2023-05-22 13:26:53,183 INFO Measurement at current 4.522613065326633e-05
2023-05-22 13:26:53,677 INFO T:208.35Â°K V:2.0994e+01V I:4.5226e-05A R:4.6421e+05ğ›€ E:3.2804e+02V/cm J:4.1492e-04A/cm2 ğ›’:7.9060e+05ğ›€ cm
2023-05-22 13:26:53,694 INFO Measurement at current 4.7738693467336685e-05
2023-05-22 13:26:54,191 INFO T:208.33Â°K V:2.0994e+01V I:4.7739e-05A R:4.3978e+05ğ›€ E:3.2804e+02V/cm J:4.3797e-04A/cm2 ğ›’:7.4899e+05ğ›€ cm
2023-05-22 13:26:54,208 INFO Measurement at current 5.0251256281407036e-05
2023-05-22 13:26:54,696 INFO T:208.32Â°K V:2.0994e+01V I:5.0251e-05A R:4.1779e+05ğ›€ E:3.2804e+02V/cm J:4.6102e-04A/cm2 ğ›’:7.1154e+05ğ›€ cm
2023-05-22 13:26:54,715 INFO Measurement at current 5.276381909547739e-05
2023-05-22 13:26:55,199 INFO T:208.30Â°K V:2.0994e+01V I:5.2764e-05A R:3.9789e+05ğ›€ E:3.2804e+02V/cm J:4.8407e-04A/cm2 ğ›’:6.7766e+05ğ›€ cm
2023-05-22 13:26:55,216 INFO Measurement at current 5.527638190954774e-05
2023-05-22 13:26:55,705 INFO T:208.28Â°K V:2.0994e+01V I:5.5276e-05A R:3.7981e+05ğ›€ E:3.2804e+02V/cm J:5.0712e-04A/cm2 ğ›’:6.4686e+05ğ›€ cm
2023-05-22 13:26:55,728 INFO Measurement at current 5.778894472361809e-05
2023-05-22 13:26:56,235 INFO T:208.26Â°K V:2.0994e+01V I:5.7789e-05A R:3.6329e+05ğ›€ E:3.2804e+02V/cm J:5.3017e-04A/cm2 ğ›’:6.1873e+05ğ›€ cm
2023-05-22 13:26:56,258 INFO Measurement at current 6.030150753768845e-05
2023-05-22 13:26:56,762 INFO T:208.24Â°K V:2.0994e+01V I:6.0302e-05A R:3.4815e+05ğ›€ E:3.2804e+02V/cm J:5.5322e-04A/cm2 ğ›’:5.9295e+05ğ›€ cm
2023-05-22 13:26:56,785 INFO Measurement at current 6.28140703517588e-05
2023-05-22 13:26:57,283 INFO T:208.22Â°K V:2.0994e+01V I:6.2814e-05A R:3.3423e+05ğ›€ E:3.2804e+02V/cm J:5.7628e-04A/cm2 ğ›’:5.6923e+05ğ›€ cm
2023-05-22 13:26:57,306 INFO Measurement at current 6.532663316582915e-05
2023-05-22 13:26:57,796 INFO T:208.20Â°K V:2.0994e+01V I:6.5327e-05A R:3.2137e+05ğ›€ E:3.2803e+02V/cm J:5.9933e-04A/cm2 ğ›’:5.4734e+05ğ›€ cm
2023-05-22 13:26:57,818 INFO Measurement at current 6.78391959798995e-05
2023-05-22 13:26:58,307 INFO T:208.18Â°K V:2.0994e+01V I:6.7839e-05A R:3.0947e+05ğ›€ E:3.2804e+02V/cm J:6.2238e-04A/cm2 ğ›’:5.2707e+05ğ›€ cm
2023-05-22 13:26:58,329 INFO Measurement at current 7.035175879396985e-05
2023-05-22 13:26:58,816 INFO T:208.16Â°K V:2.0994e+01V I:7.0352e-05A R:2.9842e+05ğ›€ E:3.2803e+02V/cm J:6.4543e-04A/cm2 ğ›’:5.0824e+05ğ›€ cm
2023-05-22 13:26:58,838 INFO Measurement at current 7.28643216080402e-05
2023-05-22 13:26:59,326 INFO T:208.14Â°K V:2.0994e+01V I:7.2864e-05A R:2.8813e+05ğ›€ E:3.2804e+02V/cm J:6.6848e-04A/cm2 ğ›’:4.9072e+05ğ›€ cm
2023-05-22 13:26:59,349 INFO Measurement at current 7.537688442211056e-05
2023-05-22 13:26:59,859 INFO T:208.12Â°K V:2.0994e+01V I:7.5377e-05A R:2.7852e+05ğ›€ E:3.2804e+02V/cm J:6.9153e-04A/cm2 ğ›’:4.7436e+05ğ›€ cm
2023-05-22 13:26:59,883 INFO Measurement at current 7.788944723618091e-05
2023-05-22 13:27:00,368 INFO T:208.11Â°K V:2.0994e+01V I:7.7889e-05A R:2.6954e+05ğ›€ E:3.2804e+02V/cm J:7.1458e-04A/cm2 ğ›’:4.5906e+05ğ›€ cm
2023-05-22 13:27:00,391 INFO Measurement at current 8.040201005025126e-05
2023-05-22 13:27:00,891 INFO T:208.09Â°K V:2.0994e+01V I:8.0402e-05A R:2.6112e+05ğ›€ E:3.2803e+02V/cm J:7.3763e-04A/cm2 ğ›’:4.4471e+05ğ›€ cm
2023-05-22 13:27:00,913 INFO Measurement at current 8.291457286432161e-05
2023-05-22 13:27:01,413 INFO T:208.07Â°K V:2.0994e+01V I:8.2915e-05A R:2.5320e+05ğ›€ E:3.2804e+02V/cm J:7.6068e-04A/cm2 ğ›’:4.3124e+05ğ›€ cm
2023-05-22 13:27:01,436 INFO Measurement at current 8.542713567839196e-05
2023-05-22 13:27:01,925 INFO T:208.05Â°K V:2.0994e+01V I:8.5427e-05A R:2.4576e+05ğ›€ E:3.2803e+02V/cm J:7.8374e-04A/cm2 ğ›’:4.1855e+05ğ›€ cm
2023-05-22 13:27:01,947 INFO Measurement at current 8.793969849246232e-05
2023-05-22 13:27:02,434 INFO T:208.03Â°K V:2.0994e+01V I:8.7940e-05A R:2.3873e+05ğ›€ E:3.2803e+02V/cm J:8.0679e-04A/cm2 ğ›’:4.0659e+05ğ›€ cm
2023-05-22 13:27:02,457 INFO Measurement at current 9.045226130653267e-05
2023-05-22 13:27:02,947 INFO T:208.01Â°K V:2.0994e+01V I:9.0452e-05A R:2.3210e+05ğ›€ E:3.2803e+02V/cm J:8.2984e-04A/cm2 ğ›’:3.9530e+05ğ›€ cm
2023-05-22 13:27:02,969 INFO Measurement at current 9.296482412060302e-05
2023-05-22 13:27:03,470 INFO T:207.99Â°K V:2.0994e+01V I:9.2965e-05A R:2.2583e+05ğ›€ E:3.2803e+02V/cm J:8.5289e-04A/cm2 ğ›’:3.8462e+05ğ›€ cm
2023-05-22 13:27:03,493 INFO Measurement at current 9.547738693467337e-05
2023-05-22 13:27:03,980 INFO T:207.97Â°K V:2.0994e+01V I:9.5477e-05A R:2.1989e+05ğ›€ E:3.2803e+02V/cm J:8.7594e-04A/cm2 ğ›’:3.7449e+05ğ›€ cm
2023-05-22 13:27:04,003 INFO Measurement at current 9.798994974874372e-05
2023-05-22 13:27:04,490 INFO T:207.95Â°K V:2.0994e+01V I:9.7990e-05A R:2.1425e+05ğ›€ E:3.2803e+02V/cm J:8.9899e-04A/cm2 ğ›’:3.6489e+05ğ›€ cm
2023-05-22 13:27:04,506 INFO Measurement at current 0.00010050251256281407
2023-05-22 13:27:04,999 INFO T:207.94Â°K V:2.0994e+01V I:1.0050e-04A R:2.0889e+05ğ›€ E:3.2803e+02V/cm J:9.2204e-04A/cm2 ğ›’:3.5577e+05ğ›€ cm
2023-05-22 13:27:05,016 INFO Measurement at current 0.00010301507537688442
2023-05-22 13:27:05,510 INFO T:207.92Â°K V:2.0994e+01V I:1.0302e-04A R:2.0380e+05ğ›€ E:3.2803e+02V/cm J:9.4509e-04A/cm2 ğ›’:3.4709e+05ğ›€ cm
2023-05-22 13:27:05,532 INFO Measurement at current 0.00010552763819095478
2023-05-22 13:27:06,037 INFO T:207.90Â°K V:2.0994e+01V I:1.0553e-04A R:1.9895e+05ğ›€ E:3.2804e+02V/cm J:9.6814e-04A/cm2 ğ›’:3.3883e+05ğ›€ cm
2023-05-22 13:27:06,068 INFO Measurement at current 0.00010804020100502513
2023-05-22 13:27:06,561 INFO T:207.88Â°K V:2.0994e+01V I:1.0804e-04A R:1.9432e+05ğ›€ E:3.2804e+02V/cm J:9.9119e-04A/cm2 ğ›’:3.3095e+05ğ›€ cm
2023-05-22 13:27:06,580 INFO Measurement at current 0.00011055276381909548
2023-05-22 13:27:07,061 INFO T:207.86Â°K V:2.0994e+01V I:1.1055e-04A R:1.8990e+05ğ›€ E:3.2804e+02V/cm J:1.0142e-03A/cm2 ğ›’:3.2343e+05ğ›€ cm
2023-05-22 13:27:07,079 INFO Measurement at current 0.00011306532663316583
2023-05-22 13:27:07,576 INFO T:207.84Â°K V:2.0994e+01V I:1.1307e-04A R:1.8568e+05ğ›€ E:3.2804e+02V/cm J:1.0373e-03A/cm2 ğ›’:3.1624e+05ğ›€ cm
2023-05-22 13:27:07,599 INFO Measurement at current 0.00011557788944723618
2023-05-22 13:27:08,089 INFO T:207.82Â°K V:2.0994e+01V I:1.1558e-04A R:1.8165e+05ğ›€ E:3.2804e+02V/cm J:1.0603e-03A/cm2 ğ›’:3.0937e+05ğ›€ cm
2023-05-22 13:27:08,117 INFO Measurement at current 0.00011809045226130653
2023-05-22 13:27:08,599 INFO T:207.80Â°K V:2.0994e+01V I:1.1809e-04A R:1.7778e+05ğ›€ E:3.2804e+02V/cm J:1.0834e-03A/cm2 ğ›’:3.0279e+05ğ›€ cm
2023-05-22 13:27:08,619 INFO Measurement at current 0.0001206030150753769
2023-05-22 13:27:09,119 INFO T:207.79Â°K V:2.0994e+01V I:1.2060e-04A R:1.7408e+05ğ›€ E:3.2804e+02V/cm J:1.1064e-03A/cm2 ğ›’:2.9648e+05ğ›€ cm
2023-05-22 13:27:09,160 INFO Measurement at current 0.00012311557788944724
2023-05-22 13:27:09,643 INFO T:207.77Â°K V:2.0994e+01V I:1.2312e-04A R:1.7053e+05ğ›€ E:3.2804e+02V/cm J:1.1295e-03A/cm2 ğ›’:2.9043e+05ğ›€ cm
2023-05-22 13:27:09,660 INFO Measurement at current 0.0001256281407035176
2023-05-22 13:27:10,154 INFO T:207.75Â°K V:2.0994e+01V I:1.2563e-04A R:1.6712e+05ğ›€ E:3.2804e+02V/cm J:1.1526e-03A/cm2 ğ›’:2.8462e+05ğ›€ cm
2023-05-22 13:27:10,175 INFO Measurement at current 0.00012814070351758794
2023-05-22 13:27:10,677 INFO T:207.73Â°K V:2.0994e+01V I:1.2814e-04A R:1.6384e+05ğ›€ E:3.2804e+02V/cm J:1.1756e-03A/cm2 ğ›’:2.7904e+05ğ›€ cm
2023-05-22 13:27:10,696 INFO Measurement at current 0.0001306532663316583
2023-05-22 13:27:11,182 INFO T:207.71Â°K V:2.0994e+01V I:1.3065e-04A R:1.6069e+05ğ›€ E:3.2804e+02V/cm J:1.1987e-03A/cm2 ğ›’:2.7367e+05ğ›€ cm
2023-05-22 13:27:11,210 INFO Measurement at current 0.00013316582914572864
2023-05-22 13:27:11,696 INFO T:207.69Â°K V:2.0994e+01V I:1.3317e-04A R:1.5766e+05ğ›€ E:3.2804e+02V/cm J:1.2217e-03A/cm2 ğ›’:2.6851e+05ğ›€ cm
2023-05-22 13:27:11,711 INFO Measurement at current 0.000135678391959799
2023-05-22 13:27:12,197 INFO T:207.67Â°K V:2.0994e+01V I:1.3568e-04A R:1.5474e+05ğ›€ E:3.2804e+02V/cm J:1.2448e-03A/cm2 ğ›’:2.6354e+05ğ›€ cm
2023-05-22 13:27:12,222 INFO Measurement at current 0.00013819095477386934
2023-05-22 13:27:12,710 INFO T:207.66Â°K V:2.0994e+01V I:1.3819e-04A R:1.5192e+05ğ›€ E:3.2804e+02V/cm J:1.2678e-03A/cm2 ğ›’:2.5874e+05ğ›€ cm
2023-05-22 13:27:12,725 INFO Measurement at current 0.0001407035175879397
2023-05-22 13:27:13,211 INFO T:207.64Â°K V:2.0994e+01V I:1.4070e-04A R:1.4921e+05ğ›€ E:3.2804e+02V/cm J:1.2909e-03A/cm2 ğ›’:2.5412e+05ğ›€ cm
2023-05-22 13:27:13,239 INFO Measurement at current 0.00014321608040201005
2023-05-22 13:27:13,743 INFO T:207.62Â°K V:2.0994e+01V I:1.4322e-04A R:1.4659e+05ğ›€ E:3.2804e+02V/cm J:1.3139e-03A/cm2 ğ›’:2.4967e+05ğ›€ cm
2023-05-22 13:27:13,762 INFO Measurement at current 0.0001457286432160804
2023-05-22 13:27:14,241 INFO T:207.60Â°K V:2.0994e+01V I:1.4573e-04A R:1.4407e+05ğ›€ E:3.2804e+02V/cm J:1.3370e-03A/cm2 ğ›’:2.4536e+05ğ›€ cm
2023-05-22 13:27:14,271 INFO Measurement at current 0.00014824120603015075
2023-05-22 13:27:14,766 INFO T:207.58Â°K V:2.0994e+01V I:1.4824e-04A R:1.4162e+05ğ›€ E:3.2804e+02V/cm J:1.3600e-03A/cm2 ğ›’:2.4120e+05ğ›€ cm
2023-05-22 13:27:14,787 INFO Measurement at current 0.00015075376884422112
2023-05-22 13:27:15,297 INFO T:207.56Â°K V:2.0994e+01V I:1.5075e-04A R:1.3926e+05ğ›€ E:3.2804e+02V/cm J:1.3831e-03A/cm2 ğ›’:2.3718e+05ğ›€ cm
2023-05-22 13:27:15,325 INFO Measurement at current 0.00015326633165829145
2023-05-22 13:27:15,814 INFO T:207.54Â°K V:2.0994e+01V I:1.5327e-04A R:1.3698e+05ğ›€ E:3.2804e+02V/cm J:1.4061e-03A/cm2 ğ›’:2.3329e+05ğ›€ cm
2023-05-22 13:27:15,839 INFO Measurement at current 0.00015577889447236182
2023-05-22 13:27:16,330 INFO T:207.53Â°K V:2.0994e+01V I:1.5578e-04A R:1.3477e+05ğ›€ E:3.2804e+02V/cm J:1.4292e-03A/cm2 ğ›’:2.2953e+05ğ›€ cm
2023-05-22 13:27:16,350 INFO Measurement at current 0.00015829145728643216
2023-05-22 13:27:16,832 INFO T:207.51Â°K V:2.0994e+01V I:1.5829e-04A R:1.3263e+05ğ›€ E:3.2804e+02V/cm J:1.4522e-03A/cm2 ğ›’:2.2589e+05ğ›€ cm
2023-05-22 13:27:16,849 INFO Measurement at current 0.00016080402010050252
2023-05-22 13:27:17,336 INFO T:207.49Â°K V:2.0994e+01V I:1.6080e-04A R:1.3056e+05ğ›€ E:3.2804e+02V/cm J:1.4753e-03A/cm2 ğ›’:2.2236e+05ğ›€ cm
2023-05-22 13:27:17,354 INFO Measurement at current 0.00016331658291457289
2023-05-22 13:27:17,842 INFO T:207.47Â°K V:2.0994e+01V I:1.6332e-04A R:1.2855e+05ğ›€ E:3.2804e+02V/cm J:1.4983e-03A/cm2 ğ›’:2.1894e+05ğ›€ cm
2023-05-22 13:27:17,858 INFO Measurement at current 0.00016582914572864322
2023-05-22 13:27:18,348 INFO T:207.45Â°K V:2.0994e+01V I:1.6583e-04A R:1.2660e+05ğ›€ E:3.2804e+02V/cm J:1.5214e-03A/cm2 ğ›’:2.1562e+05ğ›€ cm
2023-05-22 13:27:18,369 INFO Measurement at current 0.0001683417085427136
2023-05-22 13:27:18,865 INFO T:207.44Â°K V:2.0994e+01V I:1.6834e-04A R:1.2471e+05ğ›€ E:3.2804e+02V/cm J:1.5444e-03A/cm2 ğ›’:2.1240e+05ğ›€ cm
2023-05-22 13:27:18,883 INFO Measurement at current 0.00017085427135678393
2023-05-22 13:27:19,370 INFO T:207.42Â°K V:2.0994e+01V I:1.7085e-04A R:1.2288e+05ğ›€ E:3.2804e+02V/cm J:1.5675e-03A/cm2 ğ›’:2.0928e+05ğ›€ cm
2023-05-22 13:27:19,391 INFO Measurement at current 0.0001733668341708543
2023-05-22 13:27:19,877 INFO T:207.40Â°K V:2.0994e+01V I:1.7337e-04A R:1.2110e+05ğ›€ E:3.2804e+02V/cm J:1.5905e-03A/cm2 ğ›’:2.0625e+05ğ›€ cm
2023-05-22 13:27:19,895 INFO Measurement at current 0.00017587939698492463
2023-05-22 13:27:20,383 INFO T:207.38Â°K V:2.0994e+01V I:1.7588e-04A R:1.1937e+05ğ›€ E:3.2804e+02V/cm J:1.6136e-03A/cm2 ğ›’:2.0330e+05ğ›€ cm
2023-05-22 13:27:20,398 INFO Measurement at current 0.000178391959798995
2023-05-22 13:27:20,901 INFO T:207.36Â°K V:2.0994e+01V I:1.7839e-04A R:1.1769e+05ğ›€ E:3.2804e+02V/cm J:1.6366e-03A/cm2 ğ›’:2.0044e+05ğ›€ cm
2023-05-22 13:27:20,917 INFO Measurement at current 0.00018090452261306533
2023-05-22 13:27:21,436 INFO T:207.34Â°K V:2.0994e+01V I:1.8090e-04A R:1.1605e+05ğ›€ E:3.2804e+02V/cm J:1.6597e-03A/cm2 ğ›’:1.9765e+05ğ›€ cm
2023-05-22 13:27:21,452 INFO Measurement at current 0.0001834170854271357
2023-05-22 13:27:21,941 INFO T:207.33Â°K V:2.0994e+01V I:1.8342e-04A R:1.1446e+05ğ›€ E:3.2804e+02V/cm J:1.6827e-03A/cm2 ğ›’:1.9494e+05ğ›€ cm
2023-05-22 13:27:21,968 INFO Measurement at current 0.00018592964824120604
2023-05-22 13:27:22,460 INFO T:207.31Â°K V:2.0994e+01V I:1.8593e-04A R:1.1292e+05ğ›€ E:3.2804e+02V/cm J:1.7058e-03A/cm2 ğ›’:1.9231e+05ğ›€ cm
2023-05-22 13:27:22,481 INFO Measurement at current 0.0001884422110552764
2023-05-22 13:27:22,974 INFO T:207.29Â°K V:2.0994e+01V I:1.8844e-04A R:1.1141e+05ğ›€ E:3.2804e+02V/cm J:1.7288e-03A/cm2 ğ›’:1.8975e+05ğ›€ cm
2023-05-22 13:27:22,992 INFO Measurement at current 0.00019095477386934674
2023-05-22 13:27:23,479 INFO T:207.27Â°K V:2.0994e+01V I:1.9095e-04A R:1.0994e+05ğ›€ E:3.2804e+02V/cm J:1.7519e-03A/cm2 ğ›’:1.8725e+05ğ›€ cm
2023-05-22 13:27:23,498 INFO Measurement at current 0.0001934673366834171
2023-05-22 13:27:23,987 INFO T:207.25Â°K V:2.0994e+01V I:1.9347e-04A R:1.0852e+05ğ›€ E:3.2804e+02V/cm J:1.7749e-03A/cm2 ğ›’:1.8482e+05ğ›€ cm
2023-05-22 13:27:24,013 INFO Measurement at current 0.00019597989949748744
2023-05-22 13:27:24,513 INFO T:207.23Â°K V:2.0994e+01V I:1.9598e-04A R:1.0713e+05ğ›€ E:3.2804e+02V/cm J:1.7980e-03A/cm2 ğ›’:1.8245e+05ğ›€ cm
2023-05-22 13:27:24,529 INFO Measurement at current 0.0001984924623115578
2023-05-22 13:27:25,022 INFO T:207.22Â°K V:2.0994e+01V I:1.9849e-04A R:1.0577e+05ğ›€ E:3.2804e+02V/cm J:1.8210e-03A/cm2 ğ›’:1.8014e+05ğ›€ cm
2023-05-22 13:27:25,043 INFO Measurement at current 0.00020100502512562814
2023-05-22 13:27:25,533 INFO T:207.20Â°K V:2.0994e+01V I:2.0101e-04A R:1.0445e+05ğ›€ E:3.2804e+02V/cm J:1.8441e-03A/cm2 ğ›’:1.7789e+05ğ›€ cm
2023-05-22 13:27:25,556 INFO Measurement at current 0.0002035175879396985
2023-05-22 13:27:26,051 INFO T:207.18Â°K V:2.0994e+01V I:2.0352e-04A R:1.0316e+05ğ›€ E:3.2804e+02V/cm J:1.8671e-03A/cm2 ğ›’:1.7569e+05ğ›€ cm
2023-05-22 13:27:26,069 INFO Measurement at current 0.00020603015075376885
2023-05-22 13:27:26,568 INFO T:207.16Â°K V:2.0994e+01V I:2.0603e-04A R:1.0190e+05ğ›€ E:3.2804e+02V/cm J:1.8902e-03A/cm2 ğ›’:1.7355e+05ğ›€ cm
2023-05-22 13:27:26,585 INFO Measurement at current 0.0002085427135678392
2023-05-22 13:27:27,084 INFO T:207.14Â°K V:2.0994e+01V I:2.0854e-04A R:1.0067e+05ğ›€ E:3.2804e+02V/cm J:1.9132e-03A/cm2 ğ›’:1.7146e+05ğ›€ cm
2023-05-22 13:27:27,101 INFO Measurement at current 0.00021105527638190955
2023-05-22 13:27:27,588 INFO T:207.13Â°K V:2.0994e+01V I:2.1106e-04A R:9.9474e+04ğ›€ E:3.2804e+02V/cm J:1.9363e-03A/cm2 ğ›’:1.6942e+05ğ›€ cm
2023-05-22 13:27:27,609 INFO Measurement at current 0.00021356783919597992
2023-05-22 13:27:28,103 INFO T:207.11Â°K V:2.0995e+01V I:2.1357e-04A R:9.8304e+04ğ›€ E:3.2804e+02V/cm J:1.9593e-03A/cm2 ğ›’:1.6742e+05ğ›€ cm
2023-05-22 13:27:28,119 INFO Measurement at current 0.00021608040201005025
2023-05-22 13:27:28,607 INFO T:207.09Â°K V:2.0994e+01V I:2.1608e-04A R:9.7161e+04ğ›€ E:3.2804e+02V/cm J:1.9824e-03A/cm2 ğ›’:1.6548e+05ğ›€ cm
2023-05-22 13:27:28,632 INFO Measurement at current 0.00021859296482412062
2023-05-22 13:27:29,131 INFO T:207.07Â°K V:2.0994e+01V I:2.1859e-04A R:9.6044e+04ğ›€ E:3.2804e+02V/cm J:2.0054e-03A/cm2 ğ›’:1.6357e+05ğ›€ cm
2023-05-22 13:27:29,154 INFO Measurement at current 0.00022110552763819096
2023-05-22 13:27:29,639 INFO T:207.05Â°K V:2.0994e+01V I:2.2111e-04A R:9.4952e+04ğ›€ E:3.2804e+02V/cm J:2.0285e-03A/cm2 ğ›’:1.6172e+05ğ›€ cm
2023-05-22 13:27:29,655 INFO Measurement at current 0.00022361809045226132
2023-05-22 13:27:30,150 INFO T:207.04Â°K V:2.0994e+01V I:2.2362e-04A R:9.3885e+04ğ›€ E:3.2804e+02V/cm J:2.0515e-03A/cm2 ğ›’:1.5990e+05ğ›€ cm
2023-05-22 13:27:30,167 INFO Measurement at current 0.00022613065326633166
2023-05-22 13:27:30,663 INFO T:207.02Â°K V:2.0994e+01V I:2.2613e-04A R:9.2842e+04ğ›€ E:3.2804e+02V/cm J:2.0746e-03A/cm2 ğ›’:1.5812e+05ğ›€ cm
2023-05-22 13:27:30,682 INFO Measurement at current 0.00022864321608040202
2023-05-22 13:27:31,182 INFO T:207.00Â°K V:2.0994e+01V I:2.2864e-04A R:9.1822e+04ğ›€ E:3.2804e+02V/cm J:2.0976e-03A/cm2 ğ›’:1.5638e+05ğ›€ cm
2023-05-22 13:27:31,199 INFO Measurement at current 0.00023115577889447236
2023-05-22 13:27:31,688 INFO T:206.98Â°K V:2.0994e+01V I:2.3116e-04A R:9.0824e+04ğ›€ E:3.2804e+02V/cm J:2.1207e-03A/cm2 ğ›’:1.5468e+05ğ›€ cm
2023-05-22 13:27:31,710 INFO Measurement at current 0.00023366834170854273
2023-05-22 13:27:32,198 INFO T:206.96Â°K V:2.0994e+01V I:2.3367e-04A R:8.9847e+04ğ›€ E:3.2804e+02V/cm J:2.1437e-03A/cm2 ğ›’:1.5302e+05ğ›€ cm
2023-05-22 13:27:32,216 INFO Measurement at current 0.00023618090452261307
2023-05-22 13:27:32,701 INFO T:206.95Â°K V:2.0994e+01V I:2.3618e-04A R:8.8891e+04ğ›€ E:3.2804e+02V/cm J:2.1668e-03A/cm2 ğ›’:1.5139e+05ğ›€ cm
2023-05-22 13:27:32,720 INFO Measurement at current 0.00023869346733668343
2023-05-22 13:27:33,219 INFO T:206.93Â°K V:2.0994e+01V I:2.3869e-04A R:8.7956e+04ğ›€ E:3.2804e+02V/cm J:2.1898e-03A/cm2 ğ›’:1.4980e+05ğ›€ cm
2023-05-22 13:27:33,237 INFO Measurement at current 0.0002412060301507538
2023-05-22 13:27:33,728 INFO T:206.91Â°K V:2.0995e+01V I:2.4121e-04A R:8.7040e+04ğ›€ E:3.2804e+02V/cm J:2.2129e-03A/cm2 ğ›’:1.4824e+05ğ›€ cm
2023-05-22 13:27:33,752 INFO Measurement at current 0.00024371859296482413
2023-05-22 13:27:34,240 INFO T:206.89Â°K V:2.0994e+01V I:2.4372e-04A R:8.6142e+04ğ›€ E:3.2804e+02V/cm J:2.2360e-03A/cm2 ğ›’:1.4671e+05ğ›€ cm
2023-05-22 13:27:34,259 INFO Measurement at current 0.00024623115577889447
2023-05-22 13:27:34,743 INFO T:206.88Â°K V:2.0995e+01V I:2.4623e-04A R:8.5263e+04ğ›€ E:3.2804e+02V/cm J:2.2590e-03A/cm2 ğ›’:1.4521e+05ğ›€ cm
2023-05-22 13:27:34,763 INFO Measurement at current 0.00024874371859296486
2023-05-22 13:27:35,250 INFO T:206.86Â°K V:2.0994e+01V I:2.4874e-04A R:8.4402e+04ğ›€ E:3.2804e+02V/cm J:2.2821e-03A/cm2 ğ›’:1.4375e+05ğ›€ cm
2023-05-22 13:27:35,276 INFO Measurement at current 0.0002512562814070352
2023-05-22 13:27:35,760 INFO T:206.84Â°K V:2.0994e+01V I:2.5126e-04A R:8.3558e+04ğ›€ E:3.2804e+02V/cm J:2.3051e-03A/cm2 ğ›’:1.4231e+05ğ›€ cm
2023-05-22 13:27:35,776 INFO Measurement at current 0.00025376884422110554
2023-05-22 13:27:36,279 INFO T:206.82Â°K V:2.0994e+01V I:2.5377e-04A R:8.2731e+04ğ›€ E:3.2804e+02V/cm J:2.3282e-03A/cm2 ğ›’:1.4090e+05ğ›€ cm
2023-05-22 13:27:36,300 INFO Measurement at current 0.0002562814070351759
2023-05-22 13:27:36,800 INFO T:206.81Â°K V:2.0994e+01V I:2.5628e-04A R:8.1920e+04ğ›€ E:3.2804e+02V/cm J:2.3512e-03A/cm2 ğ›’:1.3952e+05ğ›€ cm
2023-05-22 13:27:36,824 INFO Measurement at current 0.00025879396984924627
2023-05-22 13:27:37,320 INFO T:206.79Â°K V:2.0994e+01V I:2.5879e-04A R:8.1124e+04ğ›€ E:3.2804e+02V/cm J:2.3743e-03A/cm2 ğ›’:1.3816e+05ğ›€ cm
2023-05-22 13:27:37,341 INFO Measurement at current 0.0002613065326633166
2023-05-22 13:27:37,827 INFO T:206.77Â°K V:2.0994e+01V I:2.6131e-04A R:8.0344e+04ğ›€ E:3.2804e+02V/cm J:2.3973e-03A/cm2 ğ›’:1.3684e+05ğ›€ cm
2023-05-22 13:27:37,846 INFO Measurement at current 0.00026381909547738695
2023-05-22 13:27:38,331 INFO T:206.75Â°K V:2.0995e+01V I:2.6382e-04A R:7.9579e+04ğ›€ E:3.2804e+02V/cm J:2.4204e-03A/cm2 ğ›’:1.3553e+05ğ›€ cm
2023-05-22 13:27:38,357 INFO Measurement at current 0.0002663316582914573
2023-05-22 13:27:38,856 INFO T:206.73Â°K V:2.0994e+01V I:2.6633e-04A R:7.8828e+04ğ›€ E:3.2804e+02V/cm J:2.4434e-03A/cm2 ğ›’:1.3425e+05ğ›€ cm
2023-05-22 13:27:38,881 INFO Measurement at current 0.0002688442211055277
2023-05-22 13:27:39,386 INFO T:206.72Â°K V:2.0994e+01V I:2.6884e-04A R:7.8092e+04ğ›€ E:3.2804e+02V/cm J:2.4665e-03A/cm2 ğ›’:1.3300e+05ğ›€ cm
2023-05-22 13:27:39,409 INFO Measurement at current 0.000271356783919598
2023-05-22 13:27:39,899 INFO T:206.70Â°K V:2.0994e+01V I:2.7136e-04A R:7.7369e+04ğ›€ E:3.2804e+02V/cm J:2.4895e-03A/cm2 ğ›’:1.3177e+05ğ›€ cm
2023-05-22 13:27:39,914 INFO Measurement at current 0.00027386934673366835
2023-05-22 13:27:40,401 INFO T:206.68Â°K V:2.0994e+01V I:2.7387e-04A R:7.6659e+04ğ›€ E:3.2804e+02V/cm J:2.5126e-03A/cm2 ğ›’:1.3056e+05ğ›€ cm
2023-05-22 13:27:40,419 INFO Measurement at current 0.0002763819095477387
2023-05-22 13:27:40,905 INFO T:206.66Â°K V:2.0995e+01V I:2.7638e-04A R:7.5962e+04ğ›€ E:3.2804e+02V/cm J:2.5356e-03A/cm2 ğ›’:1.2937e+05ğ›€ cm
2023-05-22 13:27:40,921 INFO Measurement at current 0.0002788944723618091
2023-05-22 13:27:41,419 INFO T:206.65Â°K V:2.0994e+01V I:2.7889e-04A R:7.5277e+04ğ›€ E:3.2804e+02V/cm J:2.5587e-03A/cm2 ğ›’:1.2821e+05ğ›€ cm
2023-05-22 13:27:41,443 INFO Measurement at current 0.0002814070351758794
2023-05-22 13:27:41,934 INFO T:206.63Â°K V:2.0994e+01V I:2.8141e-04A R:7.4605e+04ğ›€ E:3.2804e+02V/cm J:2.5817e-03A/cm2 ğ›’:1.2706e+05ğ›€ cm
2023-05-22 13:27:41,961 INFO Measurement at current 0.00028391959798994976
2023-05-22 13:27:42,450 INFO T:206.61Â°K V:2.0994e+01V I:2.8392e-04A R:7.3945e+04ğ›€ E:3.2804e+02V/cm J:2.6048e-03A/cm2 ğ›’:1.2594e+05ğ›€ cm
2023-05-22 13:27:42,477 INFO Measurement at current 0.0002864321608040201
2023-05-22 13:27:42,972 INFO T:206.59Â°K V:2.0994e+01V I:2.8643e-04A R:7.3297e+04ğ›€ E:3.2804e+02V/cm J:2.6278e-03A/cm2 ğ›’:1.2483e+05ğ›€ cm
2023-05-22 13:27:42,996 INFO Measurement at current 0.0002889447236180905
2023-05-22 13:27:43,496 INFO T:206.57Â°K V:2.0995e+01V I:2.8894e-04A R:7.2659e+04ğ›€ E:3.2804e+02V/cm J:2.6509e-03A/cm2 ğ›’:1.2375e+05ğ›€ cm
2023-05-22 13:27:43,517 INFO Measurement at current 0.0002914572864321608
2023-05-22 13:27:44,013 INFO T:206.56Â°K V:2.0995e+01V I:2.9146e-04A R:7.2033e+04ğ›€ E:3.2804e+02V/cm J:2.6739e-03A/cm2 ğ›’:1.2268e+05ğ›€ cm
2023-05-22 13:27:44,035 INFO Measurement at current 0.00029396984924623116
2023-05-22 13:27:44,523 INFO T:206.54Â°K V:2.0994e+01V I:2.9397e-04A R:7.1417e+04ğ›€ E:3.2804e+02V/cm J:2.6970e-03A/cm2 ğ›’:1.2163e+05ğ›€ cm
2023-05-22 13:27:44,559 INFO Measurement at current 0.0002964824120603015
2023-05-22 13:27:45,050 INFO T:206.52Â°K V:2.0995e+01V I:2.9648e-04A R:7.0812e+04ğ›€ E:3.2804e+02V/cm J:2.7200e-03A/cm2 ğ›’:1.2060e+05ğ›€ cm
2023-05-22 13:27:45,066 INFO Measurement at current 0.0002989949748743719
2023-05-22 13:27:45,558 INFO T:206.50Â°K V:2.0994e+01V I:2.9899e-04A R:7.0217e+04ğ›€ E:3.2804e+02V/cm J:2.7431e-03A/cm2 ğ›’:1.1959e+05ğ›€ cm
2023-05-22 13:27:45,585 INFO Measurement at current 0.00030150753768844223
2023-05-22 13:27:46,078 INFO T:206.49Â°K V:2.0994e+01V I:3.0151e-04A R:6.9632e+04ğ›€ E:3.2804e+02V/cm J:2.7661e-03A/cm2 ğ›’:1.1859e+05ğ›€ cm
2023-05-22 13:27:46,108 INFO Measurement at current 0.00030402010050251257
2023-05-22 13:27:46,598 INFO T:206.47Â°K V:2.0994e+01V I:3.0402e-04A R:6.9056e+04ğ›€ E:3.2804e+02V/cm J:2.7892e-03A/cm2 ğ›’:1.1761e+05ğ›€ cm
2023-05-22 13:27:46,618 INFO Measurement at current 0.0003065326633165829
2023-05-22 13:27:47,105 INFO T:206.45Â°K V:2.0995e+01V I:3.0653e-04A R:6.8490e+04ğ›€ E:3.2804e+02V/cm J:2.8122e-03A/cm2 ğ›’:1.1665e+05ğ›€ cm
2023-05-22 13:27:47,128 INFO Measurement at current 0.0003090452261306533
2023-05-22 13:27:47,609 INFO T:206.43Â°K V:2.0994e+01V I:3.0905e-04A R:6.7933e+04ğ›€ E:3.2804e+02V/cm J:2.8353e-03A/cm2 ğ›’:1.1570e+05ğ›€ cm
2023-05-22 13:27:47,625 INFO Measurement at current 0.00031155778894472364
2023-05-22 13:27:48,156 INFO T:206.42Â°K V:2.0994e+01V I:3.1156e-04A R:6.7386e+04ğ›€ E:3.2804e+02V/cm J:2.8583e-03A/cm2 ğ›’:1.1477e+05ğ›€ cm
2023-05-22 13:27:48,178 INFO Measurement at current 0.000314070351758794
2023-05-22 13:27:48,671 INFO T:206.40Â°K V:2.0994e+01V I:3.1407e-04A R:6.6846e+04ğ›€ E:3.2804e+02V/cm J:2.8814e-03A/cm2 ğ›’:1.1385e+05ğ›€ cm
2023-05-22 13:27:48,689 INFO Measurement at current 0.0003165829145728643
2023-05-22 13:27:49,185 INFO T:206.38Â°K V:2.0994e+01V I:3.1658e-04A R:6.6316e+04ğ›€ E:3.2804e+02V/cm J:2.9044e-03A/cm2 ğ›’:1.1294e+05ğ›€ cm
2023-05-22 13:27:49,208 INFO Measurement at current 0.0003190954773869347
2023-05-22 13:27:49,690 INFO T:206.36Â°K V:2.0994e+01V I:3.1910e-04A R:6.5794e+04ğ›€ E:3.2804e+02V/cm J:2.9275e-03A/cm2 ğ›’:1.1205e+05ğ›€ cm
2023-05-22 13:27:49,706 INFO Measurement at current 0.00032160804020100504
2023-05-22 13:27:50,188 INFO T:206.35Â°K V:2.0994e+01V I:3.2161e-04A R:6.5280e+04ğ›€ E:3.2804e+02V/cm J:2.9505e-03A/cm2 ğ›’:1.1118e+05ğ›€ cm
2023-05-22 13:27:50,204 INFO Measurement at current 0.0003241206030150754
2023-05-22 13:27:50,692 INFO T:206.33Â°K V:2.0994e+01V I:3.2412e-04A R:6.4774e+04ğ›€ E:3.2804e+02V/cm J:2.9736e-03A/cm2 ğ›’:1.1032e+05ğ›€ cm
2023-05-22 13:27:50,709 INFO Measurement at current 0.00032663316582914577
2023-05-22 13:27:51,226 INFO T:206.31Â°K V:2.0994e+01V I:3.2663e-04A R:6.4275e+04ğ›€ E:3.2804e+02V/cm J:2.9966e-03A/cm2 ğ›’:1.0947e+05ğ›€ cm
2023-05-22 13:27:51,247 INFO Measurement at current 0.0003291457286432161
2023-05-22 13:27:51,729 INFO T:206.29Â°K V:2.0994e+01V I:3.2915e-04A R:6.3785e+04ğ›€ E:3.2804e+02V/cm J:3.0197e-03A/cm2 ğ›’:1.0863e+05ğ›€ cm
2023-05-22 13:27:51,743 INFO Measurement at current 0.00033165829145728645
2023-05-22 13:27:52,259 INFO T:206.28Â°K V:2.0995e+01V I:3.3166e-04A R:6.3302e+04ğ›€ E:3.2804e+02V/cm J:3.0427e-03A/cm2 ğ›’:1.0781e+05ğ›€ cm
2023-05-22 13:27:52,286 INFO Measurement at current 0.0003341708542713568
2023-05-22 13:27:52,772 INFO T:206.26Â°K V:2.0994e+01V I:3.3417e-04A R:6.2826e+04ğ›€ E:3.2804e+02V/cm J:3.0658e-03A/cm2 ğ›’:1.0700e+05ğ›€ cm
2023-05-22 13:27:52,789 INFO Measurement at current 0.0003366834170854272
2023-05-22 13:27:53,286 INFO T:206.24Â°K V:2.0994e+01V I:3.3668e-04A R:6.2357e+04ğ›€ E:3.2804e+02V/cm J:3.0888e-03A/cm2 ğ›’:1.0620e+05ğ›€ cm
2023-05-22 13:27:53,319 INFO Measurement at current 0.0003391959798994975
2023-05-22 13:27:53,808 INFO T:206.22Â°K V:2.0995e+01V I:3.3920e-04A R:6.1895e+04ğ›€ E:3.2804e+02V/cm J:3.1119e-03A/cm2 ğ›’:1.0541e+05ğ›€ cm
2023-05-22 13:27:53,824 INFO Measurement at current 0.00034170854271356785
2023-05-22 13:27:54,304 INFO T:206.21Â°K V:2.0994e+01V I:3.4171e-04A R:6.1440e+04ğ›€ E:3.2804e+02V/cm J:3.1349e-03A/cm2 ğ›’:1.0464e+05ğ›€ cm
2023-05-22 13:27:54,318 INFO Measurement at current 0.0003442211055276382
2023-05-22 13:27:54,802 INFO T:206.19Â°K V:2.0995e+01V I:3.4422e-04A R:6.0991e+04ğ›€ E:3.2804e+02V/cm J:3.1580e-03A/cm2 ğ›’:1.0388e+05ğ›€ cm
2023-05-22 13:27:54,818 INFO Measurement at current 0.0003467336683417086
2023-05-22 13:27:55,303 INFO T:206.17Â°K V:2.0994e+01V I:3.4673e-04A R:6.0549e+04ğ›€ E:3.2804e+02V/cm J:3.1810e-03A/cm2 ğ›’:1.0312e+05ğ›€ cm
2023-05-22 13:27:55,317 INFO Measurement at current 0.0003492462311557789
2023-05-22 13:27:55,836 INFO T:206.16Â°K V:2.0994e+01V I:3.4925e-04A R:6.0114e+04ğ›€ E:3.2804e+02V/cm J:3.2041e-03A/cm2 ğ›’:1.0238e+05ğ›€ cm
2023-05-22 13:27:55,860 INFO Measurement at current 0.00035175879396984926
2023-05-22 13:27:56,377 INFO T:206.14Â°K V:2.0994e+01V I:3.5176e-04A R:5.9684e+04ğ›€ E:3.2804e+02V/cm J:3.2271e-03A/cm2 ğ›’:1.0165e+05ğ›€ cm
2023-05-22 13:27:56,398 INFO Measurement at current 0.0003542713567839196
2023-05-22 13:27:56,880 INFO T:206.12Â°K V:2.0995e+01V I:3.5427e-04A R:5.9261e+04ğ›€ E:3.2804e+02V/cm J:3.2502e-03A/cm2 ğ›’:1.0093e+05ğ›€ cm
2023-05-22 13:27:56,911 INFO Measurement at current 0.00035678391959799
2023-05-22 13:27:57,439 INFO T:206.10Â°K V:2.0994e+01V I:3.5678e-04A R:5.8844e+04ğ›€ E:3.2804e+02V/cm J:3.2732e-03A/cm2 ğ›’:1.0022e+05ğ›€ cm
2023-05-22 13:27:57,462 INFO Measurement at current 0.00035929648241206033
2023-05-22 13:27:57,958 INFO T:206.08Â°K V:2.0995e+01V I:3.5930e-04A R:5.8432e+04ğ›€ E:3.2804e+02V/cm J:3.2963e-03A/cm2 ğ›’:9.9517e+04ğ›€ cm
2023-05-22 13:27:57,982 INFO Measurement at current 0.00036180904522613067
2023-05-22 13:27:58,485 INFO T:206.07Â°K V:2.0994e+01V I:3.6181e-04A R:5.8026e+04ğ›€ E:3.2804e+02V/cm J:3.3193e-03A/cm2 ğ›’:9.8826e+04ğ›€ cm
2023-05-22 13:27:58,509 INFO Measurement at current 0.000364321608040201
2023-05-22 13:27:58,990 INFO T:206.05Â°K V:2.0995e+01V I:3.6432e-04A R:5.7626e+04ğ›€ E:3.2804e+02V/cm J:3.3424e-03A/cm2 ğ›’:9.8145e+04ğ›€ cm
2023-05-22 13:27:59,027 INFO Measurement at current 0.0003668341708542714
2023-05-22 13:27:59,515 INFO T:206.03Â°K V:2.0995e+01V I:3.6683e-04A R:5.7232e+04ğ›€ E:3.2804e+02V/cm J:3.3655e-03A/cm2 ğ›’:9.7473e+04ğ›€ cm
2023-05-22 13:27:59,532 INFO Measurement at current 0.00036934673366834173
2023-05-22 13:28:00,019 INFO T:206.01Â°K V:2.0995e+01V I:3.6935e-04A R:5.6842e+04ğ›€ E:3.2804e+02V/cm J:3.3885e-03A/cm2 ğ›’:9.6809e+04ğ›€ cm
2023-05-22 13:28:00,037 INFO Measurement at current 0.00037185929648241207
2023-05-22 13:28:00,516 INFO T:206.00Â°K V:2.0994e+01V I:3.7186e-04A R:5.6458e+04ğ›€ E:3.2804e+02V/cm J:3.4116e-03A/cm2 ğ›’:9.6155e+04ğ›€ cm
2023-05-22 13:28:00,536 INFO Measurement at current 0.0003743718592964824
2023-05-22 13:28:01,019 INFO T:205.98Â°K V:2.0995e+01V I:3.7437e-04A R:5.6079e+04ğ›€ E:3.2804e+02V/cm J:3.4346e-03A/cm2 ğ›’:9.5510e+04ğ›€ cm
2023-05-22 13:28:01,036 INFO Measurement at current 0.0003768844221105528
2023-05-22 13:28:01,537 INFO T:205.96Â°K V:2.0994e+01V I:3.7688e-04A R:5.5705e+04ğ›€ E:3.2804e+02V/cm J:3.4577e-03A/cm2 ğ›’:9.4873e+04ğ›€ cm
2023-05-22 13:28:01,571 INFO Measurement at current 0.00037939698492462314
2023-05-22 13:28:02,062 INFO T:205.95Â°K V:2.0994e+01V I:3.7940e-04A R:5.5336e+04ğ›€ E:3.2804e+02V/cm J:3.4807e-03A/cm2 ğ›’:9.4245e+04ğ›€ cm
2023-05-22 13:28:02,092 INFO Measurement at current 0.0003819095477386935
2023-05-22 13:28:02,610 INFO T:205.93Â°K V:2.0994e+01V I:3.8191e-04A R:5.4972e+04ğ›€ E:3.2804e+02V/cm J:3.5038e-03A/cm2 ğ›’:9.3625e+04ğ›€ cm
2023-05-22 13:28:02,635 INFO Measurement at current 0.0003844221105527638
2023-05-22 13:28:03,134 INFO T:205.91Â°K V:2.0994e+01V I:3.8442e-04A R:5.4613e+04ğ›€ E:3.2804e+02V/cm J:3.5268e-03A/cm2 ğ›’:9.3013e+04ğ›€ cm
2023-05-22 13:28:03,170 INFO Measurement at current 0.0003869346733668342
2023-05-22 13:28:03,661 INFO T:205.89Â°K V:2.0995e+01V I:3.8693e-04A R:5.4259e+04ğ›€ E:3.2804e+02V/cm J:3.5499e-03A/cm2 ğ›’:9.2409e+04ğ›€ cm
2023-05-22 13:28:03,710 INFO Measurement at current 0.00038944723618090455
2023-05-22 13:28:04,202 INFO T:205.87Â°K V:2.0994e+01V I:3.8945e-04A R:5.3908e+04ğ›€ E:3.2804e+02V/cm J:3.5729e-03A/cm2 ğ›’:9.1813e+04ğ›€ cm
2023-05-22 13:28:04,237 INFO Measurement at current 0.0003919597989949749
2023-05-22 13:28:04,730 INFO T:205.86Â°K V:2.0995e+01V I:3.9196e-04A R:5.3563e+04ğ›€ E:3.2804e+02V/cm J:3.5960e-03A/cm2 ğ›’:9.1225e+04ğ›€ cm
2023-05-22 13:28:04,756 INFO Measurement at current 0.0003944723618090452
2023-05-22 13:28:05,254 INFO T:205.84Â°K V:2.0995e+01V I:3.9447e-04A R:5.3222e+04ğ›€ E:3.2804e+02V/cm J:3.6190e-03A/cm2 ğ›’:9.0643e+04ğ›€ cm
2023-05-22 13:28:05,281 INFO Measurement at current 0.0003969849246231156
2023-05-22 13:28:05,774 INFO T:205.82Â°K V:2.0995e+01V I:3.9698e-04A R:5.2885e+04ğ›€ E:3.2804e+02V/cm J:3.6421e-03A/cm2 ğ›’:9.0070e+04ğ›€ cm
2023-05-22 13:28:05,812 INFO Measurement at current 0.00039949748743718595
2023-05-22 13:28:06,315 INFO T:205.80Â°K V:2.0995e+01V I:3.9950e-04A R:5.2552e+04ğ›€ E:3.2804e+02V/cm J:3.6651e-03A/cm2 ğ›’:8.9503e+04ğ›€ cm
2023-05-22 13:28:06,337 INFO Measurement at current 0.0004020100502512563
2023-05-22 13:28:06,836 INFO T:205.79Â°K V:2.0995e+01V I:4.0201e-04A R:5.2224e+04ğ›€ E:3.2804e+02V/cm J:3.6882e-03A/cm2 ğ›’:8.8944e+04ğ›€ cm
2023-05-22 13:28:06,864 INFO Measurement at current 0.0004045226130653267
2023-05-22 13:28:07,352 INFO T:205.77Â°K V:2.0995e+01V I:4.0452e-04A R:5.1899e+04ğ›€ E:3.2804e+02V/cm J:3.7112e-03A/cm2 ğ›’:8.8391e+04ğ›€ cm
2023-05-22 13:28:07,377 INFO Measurement at current 0.000407035175879397
2023-05-22 13:28:07,864 INFO T:205.75Â°K V:2.0995e+01V I:4.0704e-04A R:5.1579e+04ğ›€ E:3.2804e+02V/cm J:3.7343e-03A/cm2 ğ›’:8.7846e+04ğ›€ cm
2023-05-22 13:28:07,893 INFO Measurement at current 0.00040954773869346736
2023-05-22 13:28:08,382 INFO T:205.74Â°K V:2.0995e+01V I:4.0955e-04A R:5.1263e+04ğ›€ E:3.2804e+02V/cm J:3.7573e-03A/cm2 ğ›’:8.7307e+04ğ›€ cm
2023-05-22 13:28:08,405 INFO Measurement at current 0.0004120603015075377
2023-05-22 13:28:08,920 INFO T:205.72Â°K V:2.0995e+01V I:4.1206e-04A R:5.0950e+04ğ›€ E:3.2804e+02V/cm J:3.7804e-03A/cm2 ğ›’:8.6774e+04ğ›€ cm
2023-05-22 13:28:08,938 INFO Measurement at current 0.0004145728643216081
2023-05-22 13:28:09,456 INFO T:205.70Â°K V:2.0995e+01V I:4.1457e-04A R:5.0641e+04ğ›€ E:3.2804e+02V/cm J:3.8034e-03A/cm2 ğ›’:8.6248e+04ğ›€ cm
2023-05-22 13:28:09,478 INFO Measurement at current 0.0004170854271356784
2023-05-22 13:28:09,970 INFO T:205.68Â°K V:2.0995e+01V I:4.1709e-04A R:5.0336e+04ğ›€ E:3.2804e+02V/cm J:3.8265e-03A/cm2 ğ›’:8.5729e+04ğ›€ cm
2023-05-22 13:28:09,986 INFO Measurement at current 0.00041959798994974876
2023-05-22 13:28:10,480 INFO T:205.67Â°K V:2.0994e+01V I:4.1960e-04A R:5.0035e+04ğ›€ E:3.2804e+02V/cm J:3.8495e-03A/cm2 ğ›’:8.5215e+04ğ›€ cm
2023-05-22 13:28:10,508 INFO Measurement at current 0.0004221105527638191
2023-05-22 13:28:11,003 INFO T:205.65Â°K V:2.0995e+01V I:4.2211e-04A R:4.9737e+04ğ›€ E:3.2804e+02V/cm J:3.8726e-03A/cm2 ğ›’:8.4708e+04ğ›€ cm
2023-05-22 13:28:11,026 INFO Measurement at current 0.0004246231155778895
2023-05-22 13:28:11,521 INFO T:205.63Â°K V:2.0994e+01V I:4.2462e-04A R:4.9443e+04ğ›€ E:3.2804e+02V/cm J:3.8956e-03A/cm2 ğ›’:8.4207e+04ğ›€ cm
2023-05-22 13:28:11,545 INFO Measurement at current 0.00042713567839195983
2023-05-22 13:28:12,031 INFO T:205.62Â°K V:2.0994e+01V I:4.2714e-04A R:4.9152e+04ğ›€ E:3.2804e+02V/cm J:3.9187e-03A/cm2 ğ›’:8.3712e+04ğ›€ cm
2023-05-22 13:28:12,046 INFO Measurement at current 0.00042964824120603017
2023-05-22 13:28:12,534 INFO T:205.60Â°K V:2.0994e+01V I:4.2965e-04A R:4.8864e+04ğ›€ E:3.2804e+02V/cm J:3.9417e-03A/cm2 ğ›’:8.3222e+04ğ›€ cm
2023-05-22 13:28:12,558 INFO Measurement at current 0.0004321608040201005
2023-05-22 13:28:13,047 INFO T:205.58Â°K V:2.0995e+01V I:4.3216e-04A R:4.8580e+04ğ›€ E:3.2804e+02V/cm J:3.9648e-03A/cm2 ğ›’:8.2738e+04ğ›€ cm
2023-05-22 13:28:13,069 INFO Measurement at current 0.0004346733668341709
2023-05-22 13:28:13,565 INFO T:205.57Â°K V:2.0995e+01V I:4.3467e-04A R:4.8300e+04ğ›€ E:3.2804e+02V/cm J:3.9878e-03A/cm2 ğ›’:8.2260e+04ğ›€ cm
2023-05-22 13:28:13,588 INFO Measurement at current 0.00043718592964824124
2023-05-22 13:28:14,088 INFO T:205.55Â°K V:2.0995e+01V I:4.3719e-04A R:4.8022e+04ğ›€ E:3.2804e+02V/cm J:4.0109e-03A/cm2 ğ›’:8.1787e+04ğ›€ cm
2023-05-22 13:28:14,119 INFO Measurement at current 0.0004396984924623116
2023-05-22 13:28:14,613 INFO T:205.53Â°K V:2.0995e+01V I:4.3970e-04A R:4.7748e+04ğ›€ E:3.2804e+02V/cm J:4.0339e-03A/cm2 ğ›’:8.1320e+04ğ›€ cm
2023-05-22 13:28:14,635 INFO Measurement at current 0.0004422110552763819
2023-05-22 13:28:15,132 INFO T:205.51Â°K V:2.0994e+01V I:4.4221e-04A R:4.7476e+04ğ›€ E:3.2804e+02V/cm J:4.0570e-03A/cm2 ğ›’:8.0858e+04ğ›€ cm
2023-05-22 13:28:15,152 INFO Measurement at current 0.0004447236180904523
2023-05-22 13:28:15,654 INFO T:205.50Â°K V:2.0995e+01V I:4.4472e-04A R:4.7208e+04ğ›€ E:3.2804e+02V/cm J:4.0800e-03A/cm2 ğ›’:8.0401e+04ğ›€ cm
2023-05-22 13:28:15,674 INFO Measurement at current 0.00044723618090452264
2023-05-22 13:28:16,160 INFO T:205.48Â°K V:2.0995e+01V I:4.4724e-04A R:4.6943e+04ğ›€ E:3.2804e+02V/cm J:4.1031e-03A/cm2 ğ›’:7.9950e+04ğ›€ cm
2023-05-22 13:28:16,217 INFO Measurement at current 0.000449748743718593
2023-05-22 13:28:16,704 INFO T:205.46Â°K V:2.0994e+01V I:4.4975e-04A R:4.6680e+04ğ›€ E:3.2804e+02V/cm J:4.1261e-03A/cm2 ğ›’:7.9503e+04ğ›€ cm
2023-05-22 13:28:16,730 INFO Measurement at current 0.0004522613065326633
2023-05-22 13:28:17,239 INFO T:205.44Â°K V:2.0995e+01V I:4.5226e-04A R:4.6421e+04ğ›€ E:3.2804e+02V/cm J:4.1492e-03A/cm2 ğ›’:7.9061e+04ğ›€ cm
2023-05-22 13:28:17,264 INFO Measurement at current 0.0004547738693467337
2023-05-22 13:28:17,775 INFO T:205.43Â°K V:2.0994e+01V I:4.5477e-04A R:4.6165e+04ğ›€ E:3.2804e+02V/cm J:4.1722e-03A/cm2 ğ›’:7.8624e+04ğ›€ cm
2023-05-22 13:28:17,803 INFO Measurement at current 0.00045728643216080405
2023-05-22 13:28:18,333 INFO T:205.41Â°K V:2.0995e+01V I:4.5729e-04A R:4.5911e+04ğ›€ E:3.2804e+02V/cm J:4.1953e-03A/cm2 ğ›’:7.8192e+04ğ›€ cm
2023-05-22 13:28:18,377 INFO Measurement at current 0.0004597989949748744
2023-05-22 13:28:18,861 INFO T:205.39Â°K V:2.0995e+01V I:4.5980e-04A R:4.5660e+04ğ›€ E:3.2804e+02V/cm J:4.2183e-03A/cm2 ğ›’:7.7765e+04ğ›€ cm
2023-05-22 13:28:18,903 INFO Measurement at current 0.0004623115577889447
2023-05-22 13:28:19,418 INFO T:205.37Â°K V:2.0995e+01V I:4.6231e-04A R:4.5412e+04ğ›€ E:3.2804e+02V/cm J:4.2414e-03A/cm2 ğ›’:7.7343e+04ğ›€ cm
2023-05-22 13:28:19,444 INFO Measurement at current 0.0004648241206030151
2023-05-22 13:28:19,941 INFO T:205.36Â°K V:2.0995e+01V I:4.6482e-04A R:4.5167e+04ğ›€ E:3.2804e+02V/cm J:4.2644e-03A/cm2 ğ›’:7.6924e+04ğ›€ cm
2023-05-22 13:28:19,969 INFO Measurement at current 0.00046733668341708545
2023-05-22 13:28:20,473 INFO T:205.34Â°K V:2.0995e+01V I:4.6734e-04A R:4.4924e+04ğ›€ E:3.2804e+02V/cm J:4.2875e-03A/cm2 ğ›’:7.6511e+04ğ›€ cm
2023-05-22 13:28:20,517 INFO Measurement at current 0.0004698492462311558
2023-05-22 13:28:21,036 INFO T:205.32Â°K V:2.0995e+01V I:4.6985e-04A R:4.4684e+04ğ›€ E:3.2804e+02V/cm J:4.3105e-03A/cm2 ğ›’:7.6102e+04ğ›€ cm
2023-05-22 13:28:21,061 INFO Measurement at current 0.00047236180904522613
2023-05-22 13:28:21,558 INFO T:205.30Â°K V:2.0995e+01V I:4.7236e-04A R:4.4446e+04ğ›€ E:3.2804e+02V/cm J:4.3336e-03A/cm2 ğ›’:7.5697e+04ğ›€ cm
2023-05-22 13:28:21,576 INFO Measurement at current 0.0004748743718592965
2023-05-22 13:28:22,064 INFO T:205.29Â°K V:2.0995e+01V I:4.7487e-04A R:4.4211e+04ğ›€ E:3.2804e+02V/cm J:4.3566e-03A/cm2 ğ›’:7.5296e+04ğ›€ cm
2023-05-22 13:28:22,091 INFO Measurement at current 0.00047738693467336686
2023-05-22 13:28:22,595 INFO T:205.27Â°K V:2.0995e+01V I:4.7739e-04A R:4.3978e+04ğ›€ E:3.2804e+02V/cm J:4.3797e-03A/cm2 ğ›’:7.4900e+04ğ›€ cm
2023-05-22 13:28:22,617 INFO Measurement at current 0.0004798994974874372
2023-05-22 13:28:23,120 INFO T:205.25Â°K V:2.0995e+01V I:4.7990e-04A R:4.3748e+04ğ›€ E:3.2804e+02V/cm J:4.4027e-03A/cm2 ğ›’:7.4508e+04ğ›€ cm
2023-05-22 13:28:23,146 INFO Measurement at current 0.0004824120603015076
2023-05-22 13:28:23,628 INFO T:205.24Â°K V:2.0995e+01V I:4.8241e-04A R:4.3520e+04ğ›€ E:3.2804e+02V/cm J:4.4258e-03A/cm2 ğ›’:7.4120e+04ğ›€ cm
2023-05-22 13:28:23,672 INFO Measurement at current 0.00048492462311557793
2023-05-22 13:28:24,177 INFO T:205.22Â°K V:2.0995e+01V I:4.8492e-04A R:4.3294e+04ğ›€ E:3.2804e+02V/cm J:4.4488e-03A/cm2 ğ›’:7.3736e+04ğ›€ cm
2023-05-22 13:28:24,193 INFO Measurement at current 0.00048743718592964827
2023-05-22 13:28:24,689 INFO T:205.20Â°K V:2.0995e+01V I:4.8744e-04A R:4.3071e+04ğ›€ E:3.2804e+02V/cm J:4.4719e-03A/cm2 ğ›’:7.3356e+04ğ›€ cm
2023-05-22 13:28:24,713 INFO Measurement at current 0.0004899497487437187
2023-05-22 13:28:25,210 INFO T:205.19Â°K V:2.0995e+01V I:4.8995e-04A R:4.2850e+04ğ›€ E:3.2804e+02V/cm J:4.4950e-03A/cm2 ğ›’:7.2980e+04ğ›€ cm
2023-05-22 13:28:25,234 INFO Measurement at current 0.0004924623115577889
2023-05-22 13:28:25,726 INFO T:205.17Â°K V:2.0995e+01V I:4.9246e-04A R:4.2632e+04ğ›€ E:3.2804e+02V/cm J:4.5180e-03A/cm2 ğ›’:7.2607e+04ğ›€ cm
2023-05-22 13:28:25,747 INFO Measurement at current 0.0004949748743718593
2023-05-22 13:28:26,232 INFO T:205.15Â°K V:2.0995e+01V I:4.9497e-04A R:4.2415e+04ğ›€ E:3.2804e+02V/cm J:4.5411e-03A/cm2 ğ›’:7.2239e+04ğ›€ cm
2023-05-22 13:28:26,251 INFO Measurement at current 0.0004974874371859297
2023-05-22 13:28:26,760 INFO T:205.14Â°K V:2.0995e+01V I:4.9749e-04A R:4.2201e+04ğ›€ E:3.2804e+02V/cm J:4.5641e-03A/cm2 ğ›’:7.1874e+04ğ›€ cm
2023-05-22 13:28:26,792 INFO Measurement at current 0.0005
2023-05-22 13:28:27,287 INFO T:205.12Â°K V:2.0995e+01V I:5.0000e-04A R:4.1989e+04ğ›€ E:3.2804e+02V/cm J:4.5872e-03A/cm2 ğ›’:7.1513e+04ğ›€ cm
2023-05-22 13:28:36,406 INFO Measurement at current 0.0
2023-05-22 13:28:38,493 INFO T:204.76Â°K V:-5.6240e-02V I:0.0000e+00A R:-infğ›€ E:-8.7875e-01V/cm J:0.0000e+00A/cm2 ğ›’:-infğ›€ cm
2023-05-22 13:28:38,507 INFO Measurement at current 2.512562814070352e-06
2023-05-22 13:28:39,219 INFO T:204.74Â°K V:2.0671e+01V I:2.5126e-06A R:8.2269e+06ğ›€ E:3.2298e+02V/cm J:2.3051e-05A/cm2 ğ›’:1.4011e+07ğ›€ cm
2023-05-22 13:28:39,236 INFO Measurement at current 5.025125628140704e-06
2023-05-22 13:28:39,713 INFO T:204.72Â°K V:2.0995e+01V I:5.0251e-06A R:4.1779e+06ğ›€ E:3.2804e+02V/cm J:4.6102e-05A/cm2 ğ›’:7.1155e+06ğ›€ cm
2023-05-22 13:28:39,735 INFO Measurement at current 7.537688442211056e-06
2023-05-22 13:28:40,214 INFO T:204.70Â°K V:2.0995e+01V I:7.5377e-06A R:2.7853e+06ğ›€ E:3.2804e+02V/cm J:6.9153e-05A/cm2 ğ›’:4.7437e+06ğ›€ cm
2023-05-22 13:28:40,241 INFO Measurement at current 1.0050251256281408e-05
2023-05-22 13:28:40,727 INFO T:204.69Â°K V:2.0995e+01V I:1.0050e-05A R:2.0890e+06ğ›€ E:3.2804e+02V/cm J:9.2204e-05A/cm2 ğ›’:3.5578e+06ğ›€ cm
2023-05-22 13:28:40,740 INFO Measurement at current 1.2562814070351759e-05
2023-05-22 13:28:41,218 INFO T:204.67Â°K V:2.0995e+01V I:1.2563e-05A R:1.6712e+06ğ›€ E:3.2804e+02V/cm J:1.1526e-04A/cm2 ğ›’:2.8462e+06ğ›€ cm
2023-05-22 13:28:41,248 INFO Measurement at current 1.5075376884422112e-05
2023-05-22 13:28:41,743 INFO T:204.66Â°K V:2.0995e+01V I:1.5075e-05A R:1.3926e+06ğ›€ E:3.2804e+02V/cm J:1.3831e-04A/cm2 ğ›’:2.3719e+06ğ›€ cm
2023-05-22 13:28:41,744 INFO Leaving the current loop
2023-05-22 13:28:41,765 INFO End of the measurement loop
2023-05-22 13:28:44,562 INFO Save the description file
2023-05-22 13:28:44,566 INFO Save data in numpy format Esperimenti/CPROpuro_MUSA_220523_I_V/CPROpuro_MUSA_220523_I_V_current_from_0_to_5e-4A/CPROpuro_MUSA_220523_I_V_current_from_0_to_5e-4A-20230522132841
2023-05-22 13:28:44,574 INFO Save data in CSV format Esperimenti/CPROpuro_MUSA_220523_I_V/CPROpuro_MUSA_220523_I_V_current_from_0_to_5e-4A/CPROpuro_MUSA_220523_I_V_current_from_0_to_5e-4A-20230522132841.csv
2023-05-22 13:28:44,597 INFO Save plot as image Esperimenti/CPROpuro_MUSA_220523_I_V/CPROpuro_MUSA_220523_I_V_current_from_0_to_5e-4A/CPROpuro_MUSA_220523_I_V_current_from_0_to_5e-4A-20230522132841.png
