2023-05-22 13:47:00,153 INFO ### Start experiment: CPROpuro_MUSA_220523_I_V current from 0 to 5e-4A ###
2023-05-22 13:47:01,505 INFO Found Multimeter KEITHLEY INSTRUMENTS INC.,MODEL 2700,0884890,B03  /A02  

2023-05-22 13:47:02,537 INFO Found Nanovolt Meter KEITHLEY INSTRUMENTS INC.,MODEL 2182A,4056474,C03  /A02  

2023-05-22 13:47:02,640 INFO Found Source Meter KEITHLEY INSTRUMENTS INC.,MODEL 2400,0945684,C24   Feb 14 2002 11:59:45/A02  /K/H

2023-05-22 13:47:02,765 INFO Start the measurement loop
2023-05-22 13:47:07,558 INFO Measurement at current 0.0
2023-05-22 13:47:08,489 INFO T:181.02Â°K V:-4.7219e-04V I:0.0000e+00A R:-infğ›€ E:-7.3780e-03V/cm J:0.0000e+00A/cm2 ğ›’:-infğ›€ cm
2023-05-22 13:47:08,512 INFO Measurement at current 2.512562814070352e-06
2023-05-22 13:47:09,447 INFO T:181.01Â°K V:2.0585e+01V I:2.5126e-06A R:8.1929e+06ğ›€ E:3.2164e+02V/cm J:2.3051e-05A/cm2 ğ›’:1.3954e+07ğ›€ cm
2023-05-22 13:47:09,470 INFO Measurement at current 5.025125628140704e-06
2023-05-22 13:47:09,957 INFO T:181.00Â°K V:2.0996e+01V I:5.0251e-06A R:4.1783e+06ğ›€ E:3.2807e+02V/cm J:4.6102e-05A/cm2 ğ›’:7.1161e+06ğ›€ cm
2023-05-22 13:47:09,981 INFO Measurement at current 7.537688442211056e-06
2023-05-22 13:47:10,479 INFO T:180.99Â°K V:2.0996e+01V I:7.5377e-06A R:2.7855e+06ğ›€ E:3.2807e+02V/cm J:6.9153e-05A/cm2 ğ›’:4.7441e+06ğ›€ cm
2023-05-22 13:47:10,500 INFO Measurement at current 1.0050251256281408e-05
2023-05-22 13:47:10,993 INFO T:180.98Â°K V:2.0996e+01V I:1.0050e-05A R:2.0891e+06ğ›€ E:3.2807e+02V/cm J:9.2204e-05A/cm2 ğ›’:3.5580e+06ğ›€ cm
2023-05-22 13:47:11,015 INFO Measurement at current 1.2562814070351759e-05
2023-05-22 13:47:11,507 INFO T:180.98Â°K V:2.0996e+01V I:1.2563e-05A R:1.6713e+06ğ›€ E:3.2807e+02V/cm J:1.1526e-04A/cm2 ğ›’:2.8464e+06ğ›€ cm
2023-05-22 13:47:11,532 INFO Measurement at current 1.5075376884422112e-05
2023-05-22 13:47:12,028 INFO T:180.97Â°K V:2.0996e+01V I:1.5075e-05A R:1.3928e+06ğ›€ E:3.2807e+02V/cm J:1.3831e-04A/cm2 ğ›’:2.3720e+06ğ›€ cm
2023-05-22 13:47:12,053 INFO Measurement at current 1.7587939698492464e-05
2023-05-22 13:47:12,550 INFO T:180.96Â°K V:2.0996e+01V I:1.7588e-05A R:1.1938e+06ğ›€ E:3.2807e+02V/cm J:1.6136e-04A/cm2 ğ›’:2.0332e+06ğ›€ cm
2023-05-22 13:47:12,572 INFO Measurement at current 2.0100502512562815e-05
2023-05-22 13:47:13,066 INFO T:180.95Â°K V:2.0996e+01V I:2.0101e-05A R:1.0446e+06ğ›€ E:3.2807e+02V/cm J:1.8441e-04A/cm2 ğ›’:1.7790e+06ğ›€ cm
2023-05-22 13:47:13,089 INFO Measurement at current 2.2613065326633167e-05
2023-05-22 13:47:13,589 INFO T:180.94Â°K V:2.0996e+01V I:2.2613e-05A R:9.2850e+05ğ›€ E:3.2807e+02V/cm J:2.0746e-04A/cm2 ğ›’:1.5813e+06ğ›€ cm
2023-05-22 13:47:13,611 INFO Measurement at current 2.5125628140703518e-05
2023-05-22 13:47:14,101 INFO T:180.94Â°K V:2.0996e+01V I:2.5126e-05A R:8.3565e+05ğ›€ E:3.2807e+02V/cm J:2.3051e-04A/cm2 ğ›’:1.4232e+06ğ›€ cm
2023-05-22 13:47:14,124 INFO Measurement at current 2.763819095477387e-05
2023-05-22 13:47:14,611 INFO T:180.93Â°K V:2.0996e+01V I:2.7638e-05A R:7.5968e+05ğ›€ E:3.2807e+02V/cm J:2.5356e-04A/cm2 ğ›’:1.2938e+06ğ›€ cm
2023-05-22 13:47:14,633 INFO Measurement at current 3.0150753768844224e-05
2023-05-22 13:47:15,123 INFO T:180.92Â°K V:2.0996e+01V I:3.0151e-05A R:6.9637e+05ğ›€ E:3.2807e+02V/cm J:2.7661e-04A/cm2 ğ›’:1.1860e+06ğ›€ cm
2023-05-22 13:47:15,145 INFO Measurement at current 3.2663316582914576e-05
2023-05-22 13:47:15,668 INFO T:180.91Â°K V:2.0996e+01V I:3.2663e-05A R:6.4281e+05ğ›€ E:3.2807e+02V/cm J:2.9966e-04A/cm2 ğ›’:1.0948e+06ğ›€ cm
2023-05-22 13:47:15,690 INFO Measurement at current 3.517587939698493e-05
2023-05-22 13:47:16,189 INFO T:180.90Â°K V:2.0996e+01V I:3.5176e-05A R:5.9689e+05ğ›€ E:3.2807e+02V/cm J:3.2271e-04A/cm2 ğ›’:1.0166e+06ğ›€ cm
2023-05-22 13:47:16,213 INFO Measurement at current 3.768844221105528e-05
2023-05-22 13:47:16,700 INFO T:180.90Â°K V:2.0996e+01V I:3.7688e-05A R:5.5710e+05ğ›€ E:3.2807e+02V/cm J:3.4577e-04A/cm2 ğ›’:9.4881e+05ğ›€ cm
2023-05-22 13:47:16,723 INFO Measurement at current 4.020100502512563e-05
2023-05-22 13:47:17,212 INFO T:180.89Â°K V:2.0996e+01V I:4.0201e-05A R:5.2228e+05ğ›€ E:3.2807e+02V/cm J:3.6882e-04A/cm2 ğ›’:8.8951e+05ğ›€ cm
2023-05-22 13:47:17,235 INFO Measurement at current 4.271356783919598e-05
2023-05-22 13:47:17,734 INFO T:180.88Â°K V:2.0996e+01V I:4.2714e-05A R:4.9156e+05ğ›€ E:3.2807e+02V/cm J:3.9187e-04A/cm2 ğ›’:8.3718e+05ğ›€ cm
2023-05-22 13:47:17,757 INFO Measurement at current 4.522613065326633e-05
2023-05-22 13:47:18,247 INFO T:180.87Â°K V:2.0996e+01V I:4.5226e-05A R:4.6425e+05ğ›€ E:3.2807e+02V/cm J:4.1492e-04A/cm2 ğ›’:7.9067e+05ğ›€ cm
2023-05-22 13:47:18,270 INFO Measurement at current 4.7738693467336685e-05
2023-05-22 13:47:18,766 INFO T:180.87Â°K V:2.0996e+01V I:4.7739e-05A R:4.3982e+05ğ›€ E:3.2807e+02V/cm J:4.3797e-04A/cm2 ğ›’:7.4906e+05ğ›€ cm
2023-05-22 13:47:18,796 INFO Measurement at current 5.0251256281407036e-05
2023-05-22 13:47:19,314 INFO T:180.86Â°K V:2.0996e+01V I:5.0251e-05A R:4.1782e+05ğ›€ E:3.2807e+02V/cm J:4.6102e-04A/cm2 ğ›’:7.1161e+05ğ›€ cm
2023-05-22 13:47:19,336 INFO Measurement at current 5.276381909547739e-05
2023-05-22 13:47:19,830 INFO T:180.85Â°K V:2.0996e+01V I:5.2764e-05A R:3.9793e+05ğ›€ E:3.2807e+02V/cm J:4.8407e-04A/cm2 ğ›’:6.7772e+05ğ›€ cm
2023-05-22 13:47:19,856 INFO Measurement at current 5.527638190954774e-05
2023-05-22 13:47:20,343 INFO T:180.84Â°K V:2.0996e+01V I:5.5276e-05A R:3.7984e+05ğ›€ E:3.2806e+02V/cm J:5.0712e-04A/cm2 ğ›’:6.4691e+05ğ›€ cm
2023-05-22 13:47:20,360 INFO Measurement at current 5.778894472361809e-05
2023-05-22 13:47:20,844 INFO T:180.83Â°K V:2.0996e+01V I:5.7789e-05A R:3.6332e+05ğ›€ E:3.2806e+02V/cm J:5.3017e-04A/cm2 ğ›’:6.1879e+05ğ›€ cm
2023-05-22 13:47:20,865 INFO Measurement at current 6.030150753768845e-05
2023-05-22 13:47:21,370 INFO T:180.83Â°K V:2.0996e+01V I:6.0302e-05A R:3.4819e+05ğ›€ E:3.2806e+02V/cm J:5.5322e-04A/cm2 ğ›’:5.9300e+05ğ›€ cm
2023-05-22 13:47:21,393 INFO Measurement at current 6.28140703517588e-05
2023-05-22 13:47:21,892 INFO T:180.82Â°K V:2.0996e+01V I:6.2814e-05A R:3.3426e+05ğ›€ E:3.2806e+02V/cm J:5.7628e-04A/cm2 ğ›’:5.6928e+05ğ›€ cm
2023-05-22 13:47:21,912 INFO Measurement at current 6.532663316582915e-05
2023-05-22 13:47:22,403 INFO T:180.81Â°K V:2.0996e+01V I:6.5327e-05A R:3.2140e+05ğ›€ E:3.2806e+02V/cm J:5.9933e-04A/cm2 ğ›’:5.4739e+05ğ›€ cm
2023-05-22 13:47:22,420 INFO Measurement at current 6.78391959798995e-05
2023-05-22 13:47:22,913 INFO T:180.80Â°K V:2.0996e+01V I:6.7839e-05A R:3.0950e+05ğ›€ E:3.2807e+02V/cm J:6.2238e-04A/cm2 ğ›’:5.2712e+05ğ›€ cm
2023-05-22 13:47:22,939 INFO Measurement at current 7.035175879396985e-05
2023-05-22 13:47:23,434 INFO T:180.80Â°K V:2.0996e+01V I:7.0352e-05A R:2.9845e+05ğ›€ E:3.2806e+02V/cm J:6.4543e-04A/cm2 ğ›’:5.0829e+05ğ›€ cm
2023-05-22 13:47:23,454 INFO Measurement at current 7.28643216080402e-05
2023-05-22 13:47:23,945 INFO T:180.79Â°K V:2.0996e+01V I:7.2864e-05A R:2.8815e+05ğ›€ E:3.2806e+02V/cm J:6.6848e-04A/cm2 ğ›’:4.9076e+05ğ›€ cm
2023-05-22 13:47:23,961 INFO Measurement at current 7.537688442211056e-05
2023-05-22 13:47:24,457 INFO T:180.78Â°K V:2.0996e+01V I:7.5377e-05A R:2.7855e+05ğ›€ E:3.2806e+02V/cm J:6.9153e-04A/cm2 ğ›’:4.7440e+05ğ›€ cm
2023-05-22 13:47:24,475 INFO Measurement at current 7.788944723618091e-05
2023-05-22 13:47:24,966 INFO T:180.77Â°K V:2.0996e+01V I:7.7889e-05A R:2.6956e+05ğ›€ E:3.2806e+02V/cm J:7.1458e-04A/cm2 ğ›’:4.5910e+05ğ›€ cm
2023-05-22 13:47:24,987 INFO Measurement at current 8.040201005025126e-05
2023-05-22 13:47:25,477 INFO T:180.76Â°K V:2.0996e+01V I:8.0402e-05A R:2.6114e+05ğ›€ E:3.2806e+02V/cm J:7.3763e-04A/cm2 ğ›’:4.4475e+05ğ›€ cm
2023-05-22 13:47:25,496 INFO Measurement at current 8.291457286432161e-05
2023-05-22 13:47:25,985 INFO T:180.76Â°K V:2.0996e+01V I:8.2915e-05A R:2.5323e+05ğ›€ E:3.2806e+02V/cm J:7.6068e-04A/cm2 ğ›’:4.3127e+05ğ›€ cm
2023-05-22 13:47:26,006 INFO Measurement at current 8.542713567839196e-05
2023-05-22 13:47:26,500 INFO T:180.75Â°K V:2.0996e+01V I:8.5427e-05A R:2.4578e+05ğ›€ E:3.2806e+02V/cm J:7.8374e-04A/cm2 ğ›’:4.1859e+05ğ›€ cm
2023-05-22 13:47:26,516 INFO Measurement at current 8.793969849246232e-05
2023-05-22 13:47:27,012 INFO T:180.74Â°K V:2.0996e+01V I:8.7940e-05A R:2.3876e+05ğ›€ E:3.2806e+02V/cm J:8.0679e-04A/cm2 ğ›’:4.0663e+05ğ›€ cm
2023-05-22 13:47:27,032 INFO Measurement at current 9.045226130653267e-05
2023-05-22 13:47:27,533 INFO T:180.73Â°K V:2.0996e+01V I:9.0452e-05A R:2.3212e+05ğ›€ E:3.2806e+02V/cm J:8.2984e-04A/cm2 ğ›’:3.9534e+05ğ›€ cm
2023-05-22 13:47:27,562 INFO Measurement at current 9.296482412060302e-05
2023-05-22 13:47:28,054 INFO T:180.73Â°K V:2.0996e+01V I:9.2965e-05A R:2.2585e+05ğ›€ E:3.2806e+02V/cm J:8.5289e-04A/cm2 ğ›’:3.8465e+05ğ›€ cm
2023-05-22 13:47:28,072 INFO Measurement at current 9.547738693467337e-05
2023-05-22 13:47:28,570 INFO T:180.72Â°K V:2.0996e+01V I:9.5477e-05A R:2.1991e+05ğ›€ E:3.2806e+02V/cm J:8.7594e-04A/cm2 ğ›’:3.7453e+05ğ›€ cm
2023-05-22 13:47:28,588 INFO Measurement at current 9.798994974874372e-05
2023-05-22 13:47:29,081 INFO T:180.71Â°K V:2.0996e+01V I:9.7990e-05A R:2.1427e+05ğ›€ E:3.2806e+02V/cm J:8.9899e-04A/cm2 ğ›’:3.6492e+05ğ›€ cm
2023-05-22 13:47:29,099 INFO Measurement at current 0.00010050251256281407
2023-05-22 13:47:29,593 INFO T:180.70Â°K V:2.0996e+01V I:1.0050e-04A R:2.0891e+05ğ›€ E:3.2806e+02V/cm J:9.2204e-04A/cm2 ğ›’:3.5580e+05ğ›€ cm
2023-05-22 13:47:29,610 INFO Measurement at current 0.00010301507537688442
2023-05-22 13:47:30,101 INFO T:180.70Â°K V:2.0996e+01V I:1.0302e-04A R:2.0382e+05ğ›€ E:3.2806e+02V/cm J:9.4509e-04A/cm2 ğ›’:3.4712e+05ğ›€ cm
2023-05-22 13:47:30,117 INFO Measurement at current 0.00010552763819095478
2023-05-22 13:47:30,606 INFO T:180.69Â°K V:2.0996e+01V I:1.0553e-04A R:1.9896e+05ğ›€ E:3.2807e+02V/cm J:9.6814e-04A/cm2 ğ›’:3.3886e+05ğ›€ cm
2023-05-22 13:47:30,622 INFO Measurement at current 0.00010804020100502513
2023-05-22 13:47:31,111 INFO T:180.68Â°K V:2.0996e+01V I:1.0804e-04A R:1.9434e+05ğ›€ E:3.2807e+02V/cm J:9.9119e-04A/cm2 ğ›’:3.3098e+05ğ›€ cm
2023-05-22 13:47:31,125 INFO Measurement at current 0.00011055276381909548
2023-05-22 13:47:31,612 INFO T:180.67Â°K V:2.0996e+01V I:1.1055e-04A R:1.8992e+05ğ›€ E:3.2807e+02V/cm J:1.0142e-03A/cm2 ğ›’:3.2346e+05ğ›€ cm
2023-05-22 13:47:31,628 INFO Measurement at current 0.00011306532663316583
2023-05-22 13:47:32,121 INFO T:180.66Â°K V:2.0996e+01V I:1.1307e-04A R:1.8570e+05ğ›€ E:3.2807e+02V/cm J:1.0373e-03A/cm2 ğ›’:3.1627e+05ğ›€ cm
2023-05-22 13:47:32,138 INFO Measurement at current 0.00011557788944723618
2023-05-22 13:47:32,626 INFO T:180.66Â°K V:2.0996e+01V I:1.1558e-04A R:1.8166e+05ğ›€ E:3.2807e+02V/cm J:1.0603e-03A/cm2 ğ›’:3.0940e+05ğ›€ cm
2023-05-22 13:47:32,642 INFO Measurement at current 0.00011809045226130653
2023-05-22 13:47:33,141 INFO T:180.65Â°K V:2.0996e+01V I:1.1809e-04A R:1.7780e+05ğ›€ E:3.2807e+02V/cm J:1.0834e-03A/cm2 ğ›’:3.0281e+05ğ›€ cm
2023-05-22 13:47:33,159 INFO Measurement at current 0.0001206030150753769
2023-05-22 13:47:33,654 INFO T:180.64Â°K V:2.0996e+01V I:1.2060e-04A R:1.7409e+05ğ›€ E:3.2807e+02V/cm J:1.1064e-03A/cm2 ğ›’:2.9650e+05ğ›€ cm
2023-05-22 13:47:33,670 INFO Measurement at current 0.00012311557788944724
2023-05-22 13:47:34,164 INFO T:180.63Â°K V:2.0996e+01V I:1.2312e-04A R:1.7054e+05ğ›€ E:3.2807e+02V/cm J:1.1295e-03A/cm2 ğ›’:2.9045e+05ğ›€ cm
2023-05-22 13:47:34,182 INFO Measurement at current 0.0001256281407035176
2023-05-22 13:47:34,676 INFO T:180.63Â°K V:2.0996e+01V I:1.2563e-04A R:1.6713e+05ğ›€ E:3.2807e+02V/cm J:1.1526e-03A/cm2 ğ›’:2.8464e+05ğ›€ cm
2023-05-22 13:47:34,702 INFO Measurement at current 0.00012814070351758794
2023-05-22 13:47:35,208 INFO T:180.62Â°K V:2.0996e+01V I:1.2814e-04A R:1.6385e+05ğ›€ E:3.2807e+02V/cm J:1.1756e-03A/cm2 ğ›’:2.7906e+05ğ›€ cm
2023-05-22 13:47:35,231 INFO Measurement at current 0.0001306532663316583
2023-05-22 13:47:35,716 INFO T:180.61Â°K V:2.0996e+01V I:1.3065e-04A R:1.6070e+05ğ›€ E:3.2807e+02V/cm J:1.1987e-03A/cm2 ğ›’:2.7370e+05ğ›€ cm
2023-05-22 13:47:35,737 INFO Measurement at current 0.00013316582914572864
2023-05-22 13:47:36,223 INFO T:180.60Â°K V:2.0996e+01V I:1.3317e-04A R:1.5767e+05ğ›€ E:3.2807e+02V/cm J:1.2217e-03A/cm2 ğ›’:2.6853e+05ğ›€ cm
2023-05-22 13:47:36,247 INFO Measurement at current 0.000135678391959799
2023-05-22 13:47:36,745 INFO T:180.60Â°K V:2.0996e+01V I:1.3568e-04A R:1.5475e+05ğ›€ E:3.2807e+02V/cm J:1.2448e-03A/cm2 ğ›’:2.6356e+05ğ›€ cm
2023-05-22 13:47:36,784 INFO Measurement at current 0.00013819095477386934
2023-05-22 13:47:37,287 INFO T:180.59Â°K V:2.0996e+01V I:1.3819e-04A R:1.5194e+05ğ›€ E:3.2807e+02V/cm J:1.2678e-03A/cm2 ğ›’:2.5877e+05ğ›€ cm
2023-05-22 13:47:37,306 INFO Measurement at current 0.0001407035175879397
2023-05-22 13:47:37,791 INFO T:180.58Â°K V:2.0996e+01V I:1.4070e-04A R:1.4922e+05ğ›€ E:3.2807e+02V/cm J:1.2909e-03A/cm2 ğ›’:2.5415e+05ğ›€ cm
2023-05-22 13:47:37,807 INFO Measurement at current 0.00014321608040201005
2023-05-22 13:47:38,304 INFO T:180.57Â°K V:2.0996e+01V I:1.4322e-04A R:1.4661e+05ğ›€ E:3.2807e+02V/cm J:1.3139e-03A/cm2 ğ›’:2.4969e+05ğ›€ cm
2023-05-22 13:47:38,324 INFO Measurement at current 0.0001457286432160804
2023-05-22 13:47:38,811 INFO T:180.56Â°K V:2.0996e+01V I:1.4573e-04A R:1.4408e+05ğ›€ E:3.2807e+02V/cm J:1.3370e-03A/cm2 ğ›’:2.4538e+05ğ›€ cm
2023-05-22 13:47:38,831 INFO Measurement at current 0.00014824120603015075
2023-05-22 13:47:39,313 INFO T:180.56Â°K V:2.0996e+01V I:1.4824e-04A R:1.4164e+05ğ›€ E:3.2807e+02V/cm J:1.3600e-03A/cm2 ğ›’:2.4122e+05ğ›€ cm
2023-05-22 13:47:39,328 INFO Measurement at current 0.00015075376884422112
2023-05-22 13:47:39,815 INFO T:180.55Â°K V:2.0996e+01V I:1.5075e-04A R:1.3928e+05ğ›€ E:3.2807e+02V/cm J:1.3831e-03A/cm2 ğ›’:2.3720e+05ğ›€ cm
2023-05-22 13:47:39,842 INFO Measurement at current 0.00015326633165829145
2023-05-22 13:47:40,334 INFO T:180.54Â°K V:2.0996e+01V I:1.5327e-04A R:1.3699e+05ğ›€ E:3.2807e+02V/cm J:1.4061e-03A/cm2 ğ›’:2.3331e+05ğ›€ cm
2023-05-22 13:47:40,351 INFO Measurement at current 0.00015577889447236182
2023-05-22 13:47:40,837 INFO T:180.53Â°K V:2.0996e+01V I:1.5578e-04A R:1.3478e+05ğ›€ E:3.2807e+02V/cm J:1.4292e-03A/cm2 ğ›’:2.2955e+05ğ›€ cm
2023-05-22 13:47:40,854 INFO Measurement at current 0.00015829145728643216
2023-05-22 13:47:41,344 INFO T:180.53Â°K V:2.0996e+01V I:1.5829e-04A R:1.3264e+05ğ›€ E:3.2807e+02V/cm J:1.4522e-03A/cm2 ğ›’:2.2591e+05ğ›€ cm
2023-05-22 13:47:41,363 INFO Measurement at current 0.00016080402010050252
2023-05-22 13:47:41,846 INFO T:180.52Â°K V:2.0996e+01V I:1.6080e-04A R:1.3057e+05ğ›€ E:3.2807e+02V/cm J:1.4753e-03A/cm2 ğ›’:2.2238e+05ğ›€ cm
2023-05-22 13:47:41,865 INFO Measurement at current 0.00016331658291457289
2023-05-22 13:47:42,354 INFO T:180.51Â°K V:2.0996e+01V I:1.6332e-04A R:1.2856e+05ğ›€ E:3.2807e+02V/cm J:1.4983e-03A/cm2 ğ›’:2.1896e+05ğ›€ cm
2023-05-22 13:47:42,375 INFO Measurement at current 0.00016582914572864322
2023-05-22 13:47:42,867 INFO T:180.50Â°K V:2.0996e+01V I:1.6583e-04A R:1.2661e+05ğ›€ E:3.2807e+02V/cm J:1.5214e-03A/cm2 ğ›’:2.1564e+05ğ›€ cm
2023-05-22 13:47:42,889 INFO Measurement at current 0.0001683417085427136
2023-05-22 13:47:43,384 INFO T:180.50Â°K V:2.0996e+01V I:1.6834e-04A R:1.2472e+05ğ›€ E:3.2807e+02V/cm J:1.5444e-03A/cm2 ğ›’:2.1242e+05ğ›€ cm
2023-05-22 13:47:43,415 INFO Measurement at current 0.00017085427135678393
2023-05-22 13:47:43,911 INFO T:180.49Â°K V:2.0996e+01V I:1.7085e-04A R:1.2289e+05ğ›€ E:3.2807e+02V/cm J:1.5675e-03A/cm2 ğ›’:2.0930e+05ğ›€ cm
2023-05-22 13:47:43,927 INFO Measurement at current 0.0001733668341708543
2023-05-22 13:47:44,411 INFO T:180.48Â°K V:2.0996e+01V I:1.7337e-04A R:1.2111e+05ğ›€ E:3.2807e+02V/cm J:1.5905e-03A/cm2 ğ›’:2.0626e+05ğ›€ cm
2023-05-22 13:47:44,429 INFO Measurement at current 0.00017587939698492463
2023-05-22 13:47:44,930 INFO T:180.47Â°K V:2.0996e+01V I:1.7588e-04A R:1.1938e+05ğ›€ E:3.2807e+02V/cm J:1.6136e-03A/cm2 ğ›’:2.0332e+05ğ›€ cm
2023-05-22 13:47:44,966 INFO Measurement at current 0.000178391959798995
2023-05-22 13:47:45,449 INFO T:180.47Â°K V:2.0996e+01V I:1.7839e-04A R:1.1770e+05ğ›€ E:3.2807e+02V/cm J:1.6366e-03A/cm2 ğ›’:2.0045e+05ğ›€ cm
2023-05-22 13:47:45,470 INFO Measurement at current 0.00018090452261306533
2023-05-22 13:47:45,960 INFO T:180.46Â°K V:2.0996e+01V I:1.8090e-04A R:1.1606e+05ğ›€ E:3.2807e+02V/cm J:1.6597e-03A/cm2 ğ›’:1.9767e+05ğ›€ cm
2023-05-22 13:47:45,996 INFO Measurement at current 0.0001834170854271357
2023-05-22 13:47:46,485 INFO T:180.45Â°K V:2.0996e+01V I:1.8342e-04A R:1.1447e+05ğ›€ E:3.2807e+02V/cm J:1.6827e-03A/cm2 ğ›’:1.9496e+05ğ›€ cm
2023-05-22 13:47:46,505 INFO Measurement at current 0.00018592964824120604
2023-05-22 13:47:46,991 INFO T:180.44Â°K V:2.0996e+01V I:1.8593e-04A R:1.1293e+05ğ›€ E:3.2807e+02V/cm J:1.7058e-03A/cm2 ğ›’:1.9233e+05ğ›€ cm
2023-05-22 13:47:47,011 INFO Measurement at current 0.0001884422110552764
2023-05-22 13:47:47,500 INFO T:180.44Â°K V:2.0996e+01V I:1.8844e-04A R:1.1142e+05ğ›€ E:3.2807e+02V/cm J:1.7288e-03A/cm2 ğ›’:1.8976e+05ğ›€ cm
2023-05-22 13:47:47,516 INFO Measurement at current 0.00019095477386934674
2023-05-22 13:47:48,005 INFO T:180.43Â°K V:2.0996e+01V I:1.9095e-04A R:1.0995e+05ğ›€ E:3.2807e+02V/cm J:1.7519e-03A/cm2 ğ›’:1.8727e+05ğ›€ cm
2023-05-22 13:47:48,021 INFO Measurement at current 0.0001934673366834171
2023-05-22 13:47:48,503 INFO T:180.42Â°K V:2.0996e+01V I:1.9347e-04A R:1.0853e+05ğ›€ E:3.2807e+02V/cm J:1.7749e-03A/cm2 ğ›’:1.8483e+05ğ›€ cm
2023-05-22 13:47:48,532 INFO Measurement at current 0.00019597989949748744
2023-05-22 13:47:49,021 INFO T:180.41Â°K V:2.0996e+01V I:1.9598e-04A R:1.0713e+05ğ›€ E:3.2807e+02V/cm J:1.7980e-03A/cm2 ğ›’:1.8246e+05ğ›€ cm
2023-05-22 13:47:49,038 INFO Measurement at current 0.0001984924623115578
2023-05-22 13:47:49,521 INFO T:180.41Â°K V:2.0996e+01V I:1.9849e-04A R:1.0578e+05ğ›€ E:3.2807e+02V/cm J:1.8210e-03A/cm2 ğ›’:1.8015e+05ğ›€ cm
2023-05-22 13:47:49,549 INFO Measurement at current 0.00020100502512562814
2023-05-22 13:47:50,043 INFO T:180.40Â°K V:2.0996e+01V I:2.0101e-04A R:1.0446e+05ğ›€ E:3.2807e+02V/cm J:1.8441e-03A/cm2 ğ›’:1.7790e+05ğ›€ cm
2023-05-22 13:47:50,061 INFO Measurement at current 0.0002035175879396985
2023-05-22 13:47:50,540 INFO T:180.39Â°K V:2.0996e+01V I:2.0352e-04A R:1.0317e+05ğ›€ E:3.2807e+02V/cm J:1.8671e-03A/cm2 ğ›’:1.7571e+05ğ›€ cm
2023-05-22 13:47:50,561 INFO Measurement at current 0.00020603015075376885
2023-05-22 13:47:51,062 INFO T:180.38Â°K V:2.0996e+01V I:2.0603e-04A R:1.0191e+05ğ›€ E:3.2807e+02V/cm J:1.8902e-03A/cm2 ğ›’:1.7356e+05ğ›€ cm
2023-05-22 13:47:51,079 INFO Measurement at current 0.0002085427135678392
2023-05-22 13:47:51,572 INFO T:180.38Â°K V:2.0996e+01V I:2.0854e-04A R:1.0068e+05ğ›€ E:3.2807e+02V/cm J:1.9132e-03A/cm2 ğ›’:1.7147e+05ğ›€ cm
2023-05-22 13:47:51,593 INFO Measurement at current 0.00021105527638190955
2023-05-22 13:47:52,083 INFO T:180.37Â°K V:2.0996e+01V I:2.1106e-04A R:9.9482e+04ğ›€ E:3.2807e+02V/cm J:1.9363e-03A/cm2 ğ›’:1.6943e+05ğ›€ cm
2023-05-22 13:47:52,101 INFO Measurement at current 0.00021356783919597992
2023-05-22 13:47:52,597 INFO T:180.36Â°K V:2.0996e+01V I:2.1357e-04A R:9.8312e+04ğ›€ E:3.2807e+02V/cm J:1.9593e-03A/cm2 ğ›’:1.6744e+05ğ›€ cm
2023-05-22 13:47:52,615 INFO Measurement at current 0.00021608040201005025
2023-05-22 13:47:53,117 INFO T:180.35Â°K V:2.0996e+01V I:2.1608e-04A R:9.7169e+04ğ›€ E:3.2807e+02V/cm J:1.9824e-03A/cm2 ğ›’:1.6549e+05ğ›€ cm
2023-05-22 13:47:53,132 INFO Measurement at current 0.00021859296482412062
2023-05-22 13:47:53,618 INFO T:180.34Â°K V:2.0996e+01V I:2.1859e-04A R:9.6052e+04ğ›€ E:3.2807e+02V/cm J:2.0054e-03A/cm2 ğ›’:1.6359e+05ğ›€ cm
2023-05-22 13:47:53,643 INFO Measurement at current 0.00022110552763819096
2023-05-22 13:47:54,132 INFO T:180.34Â°K V:2.0996e+01V I:2.2111e-04A R:9.4960e+04ğ›€ E:3.2807e+02V/cm J:2.0285e-03A/cm2 ğ›’:1.6173e+05ğ›€ cm
2023-05-22 13:47:54,164 INFO Measurement at current 0.00022361809045226132
2023-05-22 13:47:54,674 INFO T:180.33Â°K V:2.0996e+01V I:2.2362e-04A R:9.3893e+04ğ›€ E:3.2807e+02V/cm J:2.0515e-03A/cm2 ğ›’:1.5991e+05ğ›€ cm
2023-05-22 13:47:54,697 INFO Measurement at current 0.00022613065326633166
2023-05-22 13:47:55,183 INFO T:180.32Â°K V:2.0996e+01V I:2.2613e-04A R:9.2850e+04ğ›€ E:3.2807e+02V/cm J:2.0746e-03A/cm2 ğ›’:1.5813e+05ğ›€ cm
2023-05-22 13:47:55,210 INFO Measurement at current 0.00022864321608040202
2023-05-22 13:47:55,707 INFO T:180.31Â°K V:2.0996e+01V I:2.2864e-04A R:9.1830e+04ğ›€ E:3.2807e+02V/cm J:2.0976e-03A/cm2 ğ›’:1.5640e+05ğ›€ cm
2023-05-22 13:47:55,734 INFO Measurement at current 0.00023115577889447236
2023-05-22 13:47:56,223 INFO T:180.31Â°K V:2.0996e+01V I:2.3116e-04A R:9.0832e+04ğ›€ E:3.2807e+02V/cm J:2.1207e-03A/cm2 ğ›’:1.5470e+05ğ›€ cm
2023-05-22 13:47:56,240 INFO Measurement at current 0.00023366834170854273
2023-05-22 13:47:56,729 INFO T:180.30Â°K V:2.0996e+01V I:2.3367e-04A R:8.9855e+04ğ›€ E:3.2807e+02V/cm J:2.1437e-03A/cm2 ğ›’:1.5303e+05ğ›€ cm
2023-05-22 13:47:56,758 INFO Measurement at current 0.00023618090452261307
2023-05-22 13:47:57,248 INFO T:180.29Â°K V:2.0996e+01V I:2.3618e-04A R:8.8899e+04ğ›€ E:3.2807e+02V/cm J:2.1668e-03A/cm2 ğ›’:1.5141e+05ğ›€ cm
2023-05-22 13:47:57,279 INFO Measurement at current 0.00023869346733668343
2023-05-22 13:47:57,778 INFO T:180.28Â°K V:2.0996e+01V I:2.3869e-04A R:8.7963e+04ğ›€ E:3.2807e+02V/cm J:2.1898e-03A/cm2 ğ›’:1.4981e+05ğ›€ cm
2023-05-22 13:47:57,798 INFO Measurement at current 0.0002412060301507538
2023-05-22 13:47:58,286 INFO T:180.28Â°K V:2.0996e+01V I:2.4121e-04A R:8.7047e+04ğ›€ E:3.2807e+02V/cm J:2.2129e-03A/cm2 ğ›’:1.4825e+05ğ›€ cm
2023-05-22 13:47:58,308 INFO Measurement at current 0.00024371859296482413
2023-05-22 13:47:58,801 INFO T:180.27Â°K V:2.0996e+01V I:2.4372e-04A R:8.6149e+04ğ›€ E:3.2807e+02V/cm J:2.2360e-03A/cm2 ğ›’:1.4672e+05ğ›€ cm
2023-05-22 13:47:58,821 INFO Measurement at current 0.00024623115577889447
2023-05-22 13:47:59,301 INFO T:180.26Â°K V:2.0996e+01V I:2.4623e-04A R:8.5270e+04ğ›€ E:3.2807e+02V/cm J:2.2590e-03A/cm2 ğ›’:1.4523e+05ğ›€ cm
2023-05-22 13:47:59,317 INFO Measurement at current 0.00024874371859296486
2023-05-22 13:47:59,813 INFO T:180.25Â°K V:2.0996e+01V I:2.4874e-04A R:8.4409e+04ğ›€ E:3.2807e+02V/cm J:2.2821e-03A/cm2 ğ›’:1.4376e+05ğ›€ cm
2023-05-22 13:47:59,832 INFO Measurement at current 0.0002512562814070352
2023-05-22 13:48:00,319 INFO T:180.25Â°K V:2.0996e+01V I:2.5126e-04A R:8.3565e+04ğ›€ E:3.2807e+02V/cm J:2.3051e-03A/cm2 ğ›’:1.4232e+05ğ›€ cm
2023-05-22 13:48:00,338 INFO Measurement at current 0.00025376884422110554
2023-05-22 13:48:00,829 INFO T:180.24Â°K V:2.0996e+01V I:2.5377e-04A R:8.2738e+04ğ›€ E:3.2807e+02V/cm J:2.3282e-03A/cm2 ğ›’:1.4091e+05ğ›€ cm
2023-05-22 13:48:00,847 INFO Measurement at current 0.0002562814070351759
2023-05-22 13:48:01,334 INFO T:180.23Â°K V:2.0996e+01V I:2.5628e-04A R:8.1927e+04ğ›€ E:3.2807e+02V/cm J:2.3512e-03A/cm2 ğ›’:1.3953e+05ğ›€ cm
2023-05-22 13:48:01,358 INFO Measurement at current 0.00025879396984924627
2023-05-22 13:48:01,843 INFO T:180.22Â°K V:2.0996e+01V I:2.5879e-04A R:8.1131e+04ğ›€ E:3.2807e+02V/cm J:2.3743e-03A/cm2 ğ›’:1.3818e+05ğ›€ cm
2023-05-22 13:48:01,870 INFO Measurement at current 0.0002613065326633166
2023-05-22 13:48:02,366 INFO T:180.22Â°K V:2.0996e+01V I:2.6131e-04A R:8.0351e+04ğ›€ E:3.2807e+02V/cm J:2.3973e-03A/cm2 ğ›’:1.3685e+05ğ›€ cm
2023-05-22 13:48:02,382 INFO Measurement at current 0.00026381909547738695
2023-05-22 13:48:02,868 INFO T:180.21Â°K V:2.0996e+01V I:2.6382e-04A R:7.9586e+04ğ›€ E:3.2807e+02V/cm J:2.4204e-03A/cm2 ğ›’:1.3554e+05ğ›€ cm
2023-05-22 13:48:02,884 INFO Measurement at current 0.0002663316582914573
2023-05-22 13:48:03,391 INFO T:180.20Â°K V:2.0996e+01V I:2.6633e-04A R:7.8835e+04ğ›€ E:3.2807e+02V/cm J:2.4434e-03A/cm2 ğ›’:1.3427e+05ğ›€ cm
2023-05-22 13:48:03,409 INFO Measurement at current 0.0002688442211055277
2023-05-22 13:48:03,891 INFO T:180.19Â°K V:2.0996e+01V I:2.6884e-04A R:7.8098e+04ğ›€ E:3.2807e+02V/cm J:2.4665e-03A/cm2 ğ›’:1.3301e+05ğ›€ cm
2023-05-22 13:48:03,910 INFO Measurement at current 0.000271356783919598
2023-05-22 13:48:04,393 INFO T:180.19Â°K V:2.0996e+01V I:2.7136e-04A R:7.7375e+04ğ›€ E:3.2807e+02V/cm J:2.4895e-03A/cm2 ğ›’:1.3178e+05ğ›€ cm
2023-05-22 13:48:04,409 INFO Measurement at current 0.00027386934673366835
2023-05-22 13:48:04,896 INFO T:180.18Â°K V:2.0996e+01V I:2.7387e-04A R:7.6665e+04ğ›€ E:3.2807e+02V/cm J:2.5126e-03A/cm2 ğ›’:1.3057e+05ğ›€ cm
2023-05-22 13:48:04,917 INFO Measurement at current 0.0002763819095477387
2023-05-22 13:48:05,408 INFO T:180.17Â°K V:2.0996e+01V I:2.7638e-04A R:7.5968e+04ğ›€ E:3.2807e+02V/cm J:2.5356e-03A/cm2 ğ›’:1.2938e+05ğ›€ cm
2023-05-22 13:48:05,428 INFO Measurement at current 0.0002788944723618091
2023-05-22 13:48:05,915 INFO T:180.16Â°K V:2.0996e+01V I:2.7889e-04A R:7.5284e+04ğ›€ E:3.2807e+02V/cm J:2.5587e-03A/cm2 ğ›’:1.2822e+05ğ›€ cm
2023-05-22 13:48:05,939 INFO Measurement at current 0.0002814070351758794
2023-05-22 13:48:06,427 INFO T:180.16Â°K V:2.0996e+01V I:2.8141e-04A R:7.4612e+04ğ›€ E:3.2807e+02V/cm J:2.5817e-03A/cm2 ğ›’:1.2707e+05ğ›€ cm
2023-05-22 13:48:06,448 INFO Measurement at current 0.00028391959798994976
2023-05-22 13:48:06,937 INFO T:180.15Â°K V:2.0996e+01V I:2.8392e-04A R:7.3951e+04ğ›€ E:3.2807e+02V/cm J:2.6048e-03A/cm2 ğ›’:1.2595e+05ğ›€ cm
2023-05-22 13:48:06,955 INFO Measurement at current 0.0002864321608040201
2023-05-22 13:48:07,442 INFO T:180.14Â°K V:2.0996e+01V I:2.8643e-04A R:7.3303e+04ğ›€ E:3.2807e+02V/cm J:2.6278e-03A/cm2 ğ›’:1.2484e+05ğ›€ cm
2023-05-22 13:48:07,464 INFO Measurement at current 0.0002889447236180905
2023-05-22 13:48:07,958 INFO T:180.13Â°K V:2.0996e+01V I:2.8894e-04A R:7.2665e+04ğ›€ E:3.2807e+02V/cm J:2.6509e-03A/cm2 ğ›’:1.2376e+05ğ›€ cm
2023-05-22 13:48:07,982 INFO Measurement at current 0.0002914572864321608
2023-05-22 13:48:08,466 INFO T:180.13Â°K V:2.0996e+01V I:2.9146e-04A R:7.2039e+04ğ›€ E:3.2807e+02V/cm J:2.6739e-03A/cm2 ğ›’:1.2269e+05ğ›€ cm
2023-05-22 13:48:08,490 INFO Measurement at current 0.00029396984924623116
2023-05-22 13:48:08,972 INFO T:180.12Â°K V:2.0996e+01V I:2.9397e-04A R:7.1423e+04ğ›€ E:3.2807e+02V/cm J:2.6970e-03A/cm2 ğ›’:1.2164e+05ğ›€ cm
2023-05-22 13:48:08,994 INFO Measurement at current 0.0002964824120603015
2023-05-22 13:48:09,482 INFO T:180.11Â°K V:2.0996e+01V I:2.9648e-04A R:7.0818e+04ğ›€ E:3.2807e+02V/cm J:2.7200e-03A/cm2 ğ›’:1.2061e+05ğ›€ cm
2023-05-22 13:48:09,503 INFO Measurement at current 0.0002989949748743719
2023-05-22 13:48:10,007 INFO T:180.10Â°K V:2.0996e+01V I:2.9899e-04A R:7.0223e+04ğ›€ E:3.2807e+02V/cm J:2.7431e-03A/cm2 ğ›’:1.1960e+05ğ›€ cm
2023-05-22 13:48:10,035 INFO Measurement at current 0.00030150753768844223
2023-05-22 13:48:10,515 INFO T:180.10Â°K V:2.0996e+01V I:3.0151e-04A R:6.9637e+04ğ›€ E:3.2807e+02V/cm J:2.7661e-03A/cm2 ğ›’:1.1860e+05ğ›€ cm
2023-05-22 13:48:10,533 INFO Measurement at current 0.00030402010050251257
2023-05-22 13:48:11,014 INFO T:180.09Â°K V:2.0996e+01V I:3.0402e-04A R:6.9062e+04ğ›€ E:3.2807e+02V/cm J:2.7892e-03A/cm2 ğ›’:1.1762e+05ğ›€ cm
2023-05-22 13:48:11,031 INFO Measurement at current 0.0003065326633165829
2023-05-22 13:48:11,524 INFO T:180.08Â°K V:2.0996e+01V I:3.0653e-04A R:6.8496e+04ğ›€ E:3.2807e+02V/cm J:2.8122e-03A/cm2 ğ›’:1.1666e+05ğ›€ cm
2023-05-22 13:48:11,566 INFO Measurement at current 0.0003090452261306533
2023-05-22 13:48:12,058 INFO T:180.07Â°K V:2.0996e+01V I:3.0905e-04A R:6.7939e+04ğ›€ E:3.2807e+02V/cm J:2.8353e-03A/cm2 ğ›’:1.1571e+05ğ›€ cm
2023-05-22 13:48:12,080 INFO Measurement at current 0.00031155778894472364
2023-05-22 13:48:12,567 INFO T:180.07Â°K V:2.0996e+01V I:3.1156e-04A R:6.7391e+04ğ›€ E:3.2807e+02V/cm J:2.8583e-03A/cm2 ğ›’:1.1478e+05ğ›€ cm
2023-05-22 13:48:12,595 INFO Measurement at current 0.000314070351758794
2023-05-22 13:48:13,095 INFO T:180.06Â°K V:2.0996e+01V I:3.1407e-04A R:6.6852e+04ğ›€ E:3.2807e+02V/cm J:2.8814e-03A/cm2 ğ›’:1.1386e+05ğ›€ cm
2023-05-22 13:48:13,124 INFO Measurement at current 0.0003165829145728643
2023-05-22 13:48:13,619 INFO T:180.05Â°K V:2.0996e+01V I:3.1658e-04A R:6.6322e+04ğ›€ E:3.2807e+02V/cm J:2.9044e-03A/cm2 ğ›’:1.1295e+05ğ›€ cm
2023-05-22 13:48:13,644 INFO Measurement at current 0.0003190954773869347
2023-05-22 13:48:14,142 INFO T:180.04Â°K V:2.0996e+01V I:3.1910e-04A R:6.5799e+04ğ›€ E:3.2807e+02V/cm J:2.9275e-03A/cm2 ğ›’:1.1206e+05ğ›€ cm
2023-05-22 13:48:14,160 INFO Measurement at current 0.00032160804020100504
2023-05-22 13:48:14,648 INFO T:180.04Â°K V:2.0996e+01V I:3.2161e-04A R:6.5285e+04ğ›€ E:3.2807e+02V/cm J:2.9505e-03A/cm2 ğ›’:1.1119e+05ğ›€ cm
2023-05-22 13:48:14,671 INFO Measurement at current 0.0003241206030150754
2023-05-22 13:48:15,164 INFO T:180.03Â°K V:2.0996e+01V I:3.2412e-04A R:6.4779e+04ğ›€ E:3.2807e+02V/cm J:2.9736e-03A/cm2 ğ›’:1.1033e+05ğ›€ cm
2023-05-22 13:48:15,183 INFO Measurement at current 0.00032663316582914577
2023-05-22 13:48:15,669 INFO T:180.02Â°K V:2.0996e+01V I:3.2663e-04A R:6.4281e+04ğ›€ E:3.2807e+02V/cm J:2.9966e-03A/cm2 ğ›’:1.0948e+05ğ›€ cm
2023-05-22 13:48:15,695 INFO Measurement at current 0.0003291457286432161
2023-05-22 13:48:16,197 INFO T:180.01Â°K V:2.0996e+01V I:3.2915e-04A R:6.3790e+04ğ›€ E:3.2807e+02V/cm J:3.0197e-03A/cm2 ğ›’:1.0864e+05ğ›€ cm
2023-05-22 13:48:16,222 INFO Measurement at current 0.00033165829145728645
2023-05-22 13:48:16,716 INFO T:180.01Â°K V:2.0996e+01V I:3.3166e-04A R:6.3307e+04ğ›€ E:3.2807e+02V/cm J:3.0427e-03A/cm2 ğ›’:1.0782e+05ğ›€ cm
2023-05-22 13:48:16,741 INFO Measurement at current 0.0003341708542713568
2023-05-22 13:48:17,223 INFO T:180.00Â°K V:2.0996e+01V I:3.3417e-04A R:6.2831e+04ğ›€ E:3.2807e+02V/cm J:3.0658e-03A/cm2 ğ›’:1.0701e+05ğ›€ cm
2023-05-22 13:48:17,238 INFO Measurement at current 0.0003366834170854272
2023-05-22 13:48:17,721 INFO T:179.99Â°K V:2.0996e+01V I:3.3668e-04A R:6.2362e+04ğ›€ E:3.2807e+02V/cm J:3.0888e-03A/cm2 ğ›’:1.0621e+05ğ›€ cm
2023-05-22 13:48:17,736 INFO Measurement at current 0.0003391959798994975
2023-05-22 13:48:18,224 INFO T:179.98Â°K V:2.0996e+01V I:3.3920e-04A R:6.1900e+04ğ›€ E:3.2807e+02V/cm J:3.1119e-03A/cm2 ğ›’:1.0542e+05ğ›€ cm
2023-05-22 13:48:18,258 INFO Measurement at current 0.00034170854271356785
2023-05-22 13:48:18,749 INFO T:179.98Â°K V:2.0996e+01V I:3.4171e-04A R:6.1445e+04ğ›€ E:3.2807e+02V/cm J:3.1349e-03A/cm2 ğ›’:1.0465e+05ğ›€ cm
2023-05-22 13:48:18,774 INFO Measurement at current 0.0003442211055276382
2023-05-22 13:48:19,263 INFO T:179.97Â°K V:2.0996e+01V I:3.4422e-04A R:6.0996e+04ğ›€ E:3.2807e+02V/cm J:3.1580e-03A/cm2 ğ›’:1.0388e+05ğ›€ cm
2023-05-22 13:48:19,283 INFO Measurement at current 0.0003467336683417086
2023-05-22 13:48:19,767 INFO T:179.96Â°K V:2.0996e+01V I:3.4673e-04A R:6.0554e+04ğ›€ E:3.2807e+02V/cm J:3.1810e-03A/cm2 ğ›’:1.0313e+05ğ›€ cm
2023-05-22 13:48:19,799 INFO Measurement at current 0.0003492462311557789
2023-05-22 13:48:20,288 INFO T:179.95Â°K V:2.0996e+01V I:3.4925e-04A R:6.0119e+04ğ›€ E:3.2807e+02V/cm J:3.2041e-03A/cm2 ğ›’:1.0239e+05ğ›€ cm
2023-05-22 13:48:20,312 INFO Measurement at current 0.00035175879396984926
2023-05-22 13:48:20,793 INFO T:179.95Â°K V:2.0996e+01V I:3.5176e-04A R:5.9689e+04ğ›€ E:3.2807e+02V/cm J:3.2271e-03A/cm2 ğ›’:1.0166e+05ğ›€ cm
2023-05-22 13:48:20,810 INFO Measurement at current 0.0003542713567839196
2023-05-22 13:48:21,292 INFO T:179.94Â°K V:2.0996e+01V I:3.5427e-04A R:5.9266e+04ğ›€ E:3.2807e+02V/cm J:3.2502e-03A/cm2 ğ›’:1.0094e+05ğ›€ cm
2023-05-22 13:48:21,306 INFO Measurement at current 0.00035678391959799
2023-05-22 13:48:21,788 INFO T:179.93Â°K V:2.0996e+01V I:3.5678e-04A R:5.8849e+04ğ›€ E:3.2807e+02V/cm J:3.2732e-03A/cm2 ğ›’:1.0023e+05ğ›€ cm
2023-05-22 13:48:21,805 INFO Measurement at current 0.00035929648241206033
2023-05-22 13:48:22,286 INFO T:179.92Â°K V:2.0996e+01V I:3.5930e-04A R:5.8437e+04ğ›€ E:3.2807e+02V/cm J:3.2963e-03A/cm2 ğ›’:9.9526e+04ğ›€ cm
2023-05-22 13:48:22,300 INFO Measurement at current 0.00036180904522613067
2023-05-22 13:48:22,793 INFO T:179.92Â°K V:2.0996e+01V I:3.6181e-04A R:5.8031e+04ğ›€ E:3.2807e+02V/cm J:3.3193e-03A/cm2 ğ›’:9.8834e+04ğ›€ cm
2023-05-22 13:48:22,812 INFO Measurement at current 0.000364321608040201
2023-05-22 13:48:23,316 INFO T:179.91Â°K V:2.0996e+01V I:3.6432e-04A R:5.7631e+04ğ›€ E:3.2807e+02V/cm J:3.3424e-03A/cm2 ğ›’:9.8153e+04ğ›€ cm
2023-05-22 13:48:23,336 INFO Measurement at current 0.0003668341708542714
2023-05-22 13:48:23,820 INFO T:179.90Â°K V:2.0996e+01V I:3.6683e-04A R:5.7236e+04ğ›€ E:3.2807e+02V/cm J:3.3655e-03A/cm2 ğ›’:9.7481e+04ğ›€ cm
2023-05-22 13:48:23,840 INFO Measurement at current 0.00036934673366834173
2023-05-22 13:48:24,340 INFO T:179.89Â°K V:2.0996e+01V I:3.6935e-04A R:5.6847e+04ğ›€ E:3.2807e+02V/cm J:3.3885e-03A/cm2 ğ›’:9.6817e+04ğ›€ cm
2023-05-22 13:48:24,363 INFO Measurement at current 0.00037185929648241207
2023-05-22 13:48:24,849 INFO T:179.89Â°K V:2.0996e+01V I:3.7186e-04A R:5.6463e+04ğ›€ E:3.2807e+02V/cm J:3.4116e-03A/cm2 ğ›’:9.6163e+04ğ›€ cm
2023-05-22 13:48:24,868 INFO Measurement at current 0.0003743718592964824
2023-05-22 13:48:25,356 INFO T:179.88Â°K V:2.0996e+01V I:3.7437e-04A R:5.6084e+04ğ›€ E:3.2807e+02V/cm J:3.4346e-03A/cm2 ğ›’:9.5518e+04ğ›€ cm
2023-05-22 13:48:25,373 INFO Measurement at current 0.0003768844221105528
2023-05-22 13:48:25,860 INFO T:179.87Â°K V:2.0996e+01V I:3.7688e-04A R:5.5710e+04ğ›€ E:3.2807e+02V/cm J:3.4577e-03A/cm2 ğ›’:9.4881e+04ğ›€ cm
2023-05-22 13:48:25,878 INFO Measurement at current 0.00037939698492462314
2023-05-22 13:48:26,365 INFO T:179.86Â°K V:2.0996e+01V I:3.7940e-04A R:5.5341e+04ğ›€ E:3.2807e+02V/cm J:3.4807e-03A/cm2 ğ›’:9.4252e+04ğ›€ cm
2023-05-22 13:48:26,390 INFO Measurement at current 0.0003819095477386935
2023-05-22 13:48:26,901 INFO T:179.86Â°K V:2.0996e+01V I:3.8191e-04A R:5.4977e+04ğ›€ E:3.2807e+02V/cm J:3.5038e-03A/cm2 ğ›’:9.3633e+04ğ›€ cm
2023-05-22 13:48:26,934 INFO Measurement at current 0.0003844221105527638
2023-05-22 13:48:27,425 INFO T:179.85Â°K V:2.0996e+01V I:3.8442e-04A R:5.4618e+04ğ›€ E:3.2807e+02V/cm J:3.5268e-03A/cm2 ğ›’:9.3021e+04ğ›€ cm
2023-05-22 13:48:27,445 INFO Measurement at current 0.0003869346733668342
2023-05-22 13:48:27,931 INFO T:179.84Â°K V:2.0996e+01V I:3.8693e-04A R:5.4263e+04ğ›€ E:3.2807e+02V/cm J:3.5499e-03A/cm2 ğ›’:9.2417e+04ğ›€ cm
2023-05-22 13:48:27,962 INFO Measurement at current 0.00038944723618090455
2023-05-22 13:48:28,452 INFO T:179.84Â°K V:2.0996e+01V I:3.8945e-04A R:5.3913e+04ğ›€ E:3.2807e+02V/cm J:3.5729e-03A/cm2 ğ›’:9.1820e+04ğ›€ cm
2023-05-22 13:48:28,474 INFO Measurement at current 0.0003919597989949749
2023-05-22 13:48:28,961 INFO T:179.83Â°K V:2.0996e+01V I:3.9196e-04A R:5.3567e+04ğ›€ E:3.2807e+02V/cm J:3.5960e-03A/cm2 ğ›’:9.1232e+04ğ›€ cm
2023-05-22 13:48:28,981 INFO Measurement at current 0.0003944723618090452
2023-05-22 13:48:29,463 INFO T:179.82Â°K V:2.0996e+01V I:3.9447e-04A R:5.3226e+04ğ›€ E:3.2807e+02V/cm J:3.6190e-03A/cm2 ğ›’:9.0651e+04ğ›€ cm
2023-05-22 13:48:29,487 INFO Measurement at current 0.0003969849246231156
2023-05-22 13:48:29,975 INFO T:179.81Â°K V:2.0996e+01V I:3.9698e-04A R:5.2889e+04ğ›€ E:3.2807e+02V/cm J:3.6421e-03A/cm2 ğ›’:9.0077e+04ğ›€ cm
2023-05-22 13:48:29,994 INFO Measurement at current 0.00039949748743718595
2023-05-22 13:48:30,492 INFO T:179.81Â°K V:2.0996e+01V I:3.9950e-04A R:5.2557e+04ğ›€ E:3.2807e+02V/cm J:3.6651e-03A/cm2 ğ›’:8.9510e+04ğ›€ cm
2023-05-22 13:48:30,508 INFO Measurement at current 0.0004020100502512563
2023-05-22 13:48:30,992 INFO T:179.80Â°K V:2.0996e+01V I:4.0201e-04A R:5.2228e+04ğ›€ E:3.2807e+02V/cm J:3.6882e-03A/cm2 ğ›’:8.8951e+04ğ›€ cm
2023-05-22 13:48:31,015 INFO Measurement at current 0.0004045226130653267
2023-05-22 13:48:31,514 INFO T:179.79Â°K V:2.0996e+01V I:4.0452e-04A R:5.1904e+04ğ›€ E:3.2807e+02V/cm J:3.7112e-03A/cm2 ğ›’:8.8398e+04ğ›€ cm
2023-05-22 13:48:31,535 INFO Measurement at current 0.000407035175879397
2023-05-22 13:48:32,021 INFO T:179.78Â°K V:2.0996e+01V I:4.0704e-04A R:5.1583e+04ğ›€ E:3.2807e+02V/cm J:3.7343e-03A/cm2 ğ›’:8.7853e+04ğ›€ cm
2023-05-22 13:48:32,037 INFO Measurement at current 0.00040954773869346736
2023-05-22 13:48:32,518 INFO T:179.78Â°K V:2.0996e+01V I:4.0955e-04A R:5.1267e+04ğ›€ E:3.2807e+02V/cm J:3.7573e-03A/cm2 ğ›’:8.7314e+04ğ›€ cm
2023-05-22 13:48:32,559 INFO Measurement at current 0.0004120603015075377
2023-05-22 13:48:33,051 INFO T:179.77Â°K V:2.0996e+01V I:4.1206e-04A R:5.0954e+04ğ›€ E:3.2807e+02V/cm J:3.7804e-03A/cm2 ğ›’:8.6781e+04ğ›€ cm
2023-05-22 13:48:33,068 INFO Measurement at current 0.0004145728643216081
2023-05-22 13:48:33,552 INFO T:179.76Â°K V:2.0996e+01V I:4.1457e-04A R:5.0645e+04ğ›€ E:3.2807e+02V/cm J:3.8034e-03A/cm2 ğ›’:8.6256e+04ğ›€ cm
2023-05-22 13:48:33,584 INFO Measurement at current 0.0004170854271356784
2023-05-22 13:48:34,070 INFO T:179.75Â°K V:2.0996e+01V I:4.1709e-04A R:5.0340e+04ğ›€ E:3.2807e+02V/cm J:3.8265e-03A/cm2 ğ›’:8.5736e+04ğ›€ cm
2023-05-22 13:48:34,087 INFO Measurement at current 0.00041959798994974876
2023-05-22 13:48:34,568 INFO T:179.75Â°K V:2.0996e+01V I:4.1960e-04A R:5.0039e+04ğ›€ E:3.2807e+02V/cm J:3.8495e-03A/cm2 ğ›’:8.5223e+04ğ›€ cm
2023-05-22 13:48:34,590 INFO Measurement at current 0.0004221105527638191
2023-05-22 13:48:35,079 INFO T:179.74Â°K V:2.0996e+01V I:4.2211e-04A R:4.9741e+04ğ›€ E:3.2807e+02V/cm J:3.8726e-03A/cm2 ğ›’:8.4715e+04ğ›€ cm
2023-05-22 13:48:35,106 INFO Measurement at current 0.0004246231155778895
2023-05-22 13:48:35,595 INFO T:179.73Â°K V:2.0996e+01V I:4.2462e-04A R:4.9447e+04ğ›€ E:3.2807e+02V/cm J:3.8956e-03A/cm2 ğ›’:8.4214e+04ğ›€ cm
2023-05-22 13:48:35,612 INFO Measurement at current 0.00042713567839195983
2023-05-22 13:48:36,104 INFO T:179.72Â°K V:2.0996e+01V I:4.2714e-04A R:4.9156e+04ğ›€ E:3.2807e+02V/cm J:3.9187e-03A/cm2 ğ›’:8.3719e+04ğ›€ cm
2023-05-22 13:48:36,137 INFO Measurement at current 0.00042964824120603017
2023-05-22 13:48:36,638 INFO T:179.72Â°K V:2.0996e+01V I:4.2965e-04A R:4.8868e+04ğ›€ E:3.2807e+02V/cm J:3.9417e-03A/cm2 ğ›’:8.3229e+04ğ›€ cm
2023-05-22 13:48:36,660 INFO Measurement at current 0.0004321608040201005
2023-05-22 13:48:37,140 INFO T:179.71Â°K V:2.0996e+01V I:4.3216e-04A R:4.8584e+04ğ›€ E:3.2807e+02V/cm J:3.9648e-03A/cm2 ğ›’:8.2745e+04ğ›€ cm
2023-05-22 13:48:37,159 INFO Measurement at current 0.0004346733668341709
2023-05-22 13:48:37,642 INFO T:179.70Â°K V:2.0996e+01V I:4.3467e-04A R:4.8303e+04ğ›€ E:3.2807e+02V/cm J:3.9878e-03A/cm2 ğ›’:8.2267e+04ğ›€ cm
2023-05-22 13:48:37,665 INFO Measurement at current 0.00043718592964824124
2023-05-22 13:48:38,146 INFO T:179.69Â°K V:2.0996e+01V I:4.3719e-04A R:4.8026e+04ğ›€ E:3.2807e+02V/cm J:4.0109e-03A/cm2 ğ›’:8.1794e+04ğ›€ cm
2023-05-22 13:48:38,172 INFO Measurement at current 0.0004396984924623116
2023-05-22 13:48:38,668 INFO T:179.69Â°K V:2.0996e+01V I:4.3970e-04A R:4.7751e+04ğ›€ E:3.2807e+02V/cm J:4.0339e-03A/cm2 ğ›’:8.1327e+04ğ›€ cm
2023-05-22 13:48:38,686 INFO Measurement at current 0.0004422110552763819
2023-05-22 13:48:39,170 INFO T:179.68Â°K V:2.0996e+01V I:4.4221e-04A R:4.7480e+04ğ›€ E:3.2807e+02V/cm J:4.0570e-03A/cm2 ğ›’:8.0865e+04ğ›€ cm
2023-05-22 13:48:39,187 INFO Measurement at current 0.0004447236180904523
2023-05-22 13:48:39,671 INFO T:179.67Â°K V:2.0996e+01V I:4.4472e-04A R:4.7212e+04ğ›€ E:3.2807e+02V/cm J:4.0800e-03A/cm2 ğ›’:8.0408e+04ğ›€ cm
2023-05-22 13:48:39,709 INFO Measurement at current 0.00044723618090452264
2023-05-22 13:48:40,199 INFO T:179.67Â°K V:2.0996e+01V I:4.4724e-04A R:4.6947e+04ğ›€ E:3.2807e+02V/cm J:4.1031e-03A/cm2 ğ›’:7.9956e+04ğ›€ cm
2023-05-22 13:48:40,218 INFO Measurement at current 0.000449748743718593
2023-05-22 13:48:40,703 INFO T:179.66Â°K V:2.0996e+01V I:4.4975e-04A R:4.6684e+04ğ›€ E:3.2807e+02V/cm J:4.1261e-03A/cm2 ğ›’:7.9509e+04ğ›€ cm
2023-05-22 13:48:40,722 INFO Measurement at current 0.0004522613065326633
2023-05-22 13:48:41,204 INFO T:179.65Â°K V:2.0996e+01V I:4.5226e-04A R:4.6425e+04ğ›€ E:3.2807e+02V/cm J:4.1492e-03A/cm2 ğ›’:7.9067e+04ğ›€ cm
2023-05-22 13:48:41,220 INFO Measurement at current 0.0004547738693467337
2023-05-22 13:48:41,704 INFO T:179.64Â°K V:2.0996e+01V I:4.5477e-04A R:4.6168e+04ğ›€ E:3.2807e+02V/cm J:4.1722e-03A/cm2 ğ›’:7.8631e+04ğ›€ cm
2023-05-22 13:48:41,724 INFO Measurement at current 0.00045728643216080405
2023-05-22 13:48:42,215 INFO T:179.64Â°K V:2.0996e+01V I:4.5729e-04A R:4.5915e+04ğ›€ E:3.2807e+02V/cm J:4.1953e-03A/cm2 ğ›’:7.8199e+04ğ›€ cm
2023-05-22 13:48:42,237 INFO Measurement at current 0.0004597989949748744
2023-05-22 13:48:42,722 INFO T:179.63Â°K V:2.0996e+01V I:4.5980e-04A R:4.5664e+04ğ›€ E:3.2807e+02V/cm J:4.2183e-03A/cm2 ğ›’:7.7771e+04ğ›€ cm
2023-05-22 13:48:42,739 INFO Measurement at current 0.0004623115577889447
2023-05-22 13:48:43,222 INFO T:179.62Â°K V:2.0996e+01V I:4.6231e-04A R:4.5416e+04ğ›€ E:3.2807e+02V/cm J:4.2414e-03A/cm2 ğ›’:7.7349e+04ğ›€ cm
2023-05-22 13:48:43,238 INFO Measurement at current 0.0004648241206030151
2023-05-22 13:48:43,723 INFO T:179.61Â°K V:2.0996e+01V I:4.6482e-04A R:4.5170e+04ğ›€ E:3.2807e+02V/cm J:4.2644e-03A/cm2 ğ›’:7.6931e+04ğ›€ cm
2023-05-22 13:48:43,746 INFO Measurement at current 0.00046733668341708545
2023-05-22 13:48:44,232 INFO T:179.61Â°K V:2.0996e+01V I:4.6734e-04A R:4.4927e+04ğ›€ E:3.2807e+02V/cm J:4.2875e-03A/cm2 ğ›’:7.6517e+04ğ›€ cm
2023-05-22 13:48:44,253 INFO Measurement at current 0.0004698492462311558
2023-05-22 13:48:44,741 INFO T:179.60Â°K V:2.0996e+01V I:4.6985e-04A R:4.4687e+04ğ›€ E:3.2807e+02V/cm J:4.3105e-03A/cm2 ğ›’:7.6108e+04ğ›€ cm
2023-05-22 13:48:44,759 INFO Measurement at current 0.00047236180904522613
2023-05-22 13:48:45,258 INFO T:179.59Â°K V:2.0996e+01V I:4.7236e-04A R:4.4449e+04ğ›€ E:3.2807e+02V/cm J:4.3336e-03A/cm2 ğ›’:7.5703e+04ğ›€ cm
2023-05-22 13:48:45,283 INFO Measurement at current 0.0004748743718592965
2023-05-22 13:48:45,773 INFO T:179.58Â°K V:2.0996e+01V I:4.7487e-04A R:4.4214e+04ğ›€ E:3.2807e+02V/cm J:4.3566e-03A/cm2 ğ›’:7.5302e+04ğ›€ cm
2023-05-22 13:48:45,795 INFO Measurement at current 0.00047738693467336686
2023-05-22 13:48:46,295 INFO T:179.58Â°K V:2.0996e+01V I:4.7739e-04A R:4.3981e+04ğ›€ E:3.2807e+02V/cm J:4.3797e-03A/cm2 ğ›’:7.4906e+04ğ›€ cm
2023-05-22 13:48:46,312 INFO Measurement at current 0.0004798994974874372
2023-05-22 13:48:46,804 INFO T:179.57Â°K V:2.0996e+01V I:4.7990e-04A R:4.3751e+04ğ›€ E:3.2807e+02V/cm J:4.4027e-03A/cm2 ğ›’:7.4514e+04ğ›€ cm
2023-05-22 13:48:46,826 INFO Measurement at current 0.0004824120603015076
2023-05-22 13:48:47,315 INFO T:179.56Â°K V:2.0996e+01V I:4.8241e-04A R:4.3523e+04ğ›€ E:3.2807e+02V/cm J:4.4258e-03A/cm2 ğ›’:7.4126e+04ğ›€ cm
2023-05-22 13:48:47,346 INFO Measurement at current 0.00048492462311557793
2023-05-22 13:48:47,853 INFO T:179.56Â°K V:2.0996e+01V I:4.8492e-04A R:4.3298e+04ğ›€ E:3.2807e+02V/cm J:4.4488e-03A/cm2 ğ›’:7.3742e+04ğ›€ cm
2023-05-22 13:48:47,905 INFO Measurement at current 0.00048743718592964827
2023-05-22 13:48:48,383 INFO T:179.55Â°K V:2.0996e+01V I:4.8744e-04A R:4.3075e+04ğ›€ E:3.2807e+02V/cm J:4.4719e-03A/cm2 ğ›’:7.3362e+04ğ›€ cm
2023-05-22 13:48:48,402 INFO Measurement at current 0.0004899497487437187
2023-05-22 13:48:48,881 INFO T:179.54Â°K V:2.0996e+01V I:4.8995e-04A R:4.2854e+04ğ›€ E:3.2807e+02V/cm J:4.4950e-03A/cm2 ğ›’:7.2985e+04ğ›€ cm
2023-05-22 13:48:48,900 INFO Measurement at current 0.0004924623115577889
2023-05-22 13:48:49,382 INFO T:179.53Â°K V:2.0996e+01V I:4.9246e-04A R:4.2635e+04ğ›€ E:3.2807e+02V/cm J:4.5180e-03A/cm2 ğ›’:7.2613e+04ğ›€ cm
2023-05-22 13:48:49,404 INFO Measurement at current 0.0004949748743718593
2023-05-22 13:48:49,895 INFO T:179.53Â°K V:2.0996e+01V I:4.9497e-04A R:4.2419e+04ğ›€ E:3.2807e+02V/cm J:4.5411e-03A/cm2 ğ›’:7.2244e+04ğ›€ cm
2023-05-22 13:48:49,914 INFO Measurement at current 0.0004974874371859297
2023-05-22 13:48:50,399 INFO T:179.52Â°K V:2.0996e+01V I:4.9749e-04A R:4.2204e+04ğ›€ E:3.2807e+02V/cm J:4.5641e-03A/cm2 ğ›’:7.1879e+04ğ›€ cm
2023-05-22 13:48:50,425 INFO Measurement at current 0.0005
2023-05-22 13:48:50,912 INFO T:179.51Â°K V:2.0996e+01V I:5.0000e-04A R:4.1992e+04ğ›€ E:3.2807e+02V/cm J:4.5872e-03A/cm2 ğ›’:7.1518e+04ğ›€ cm
2023-05-22 13:49:26,605 INFO Save the description file
2023-05-22 13:49:26,612 INFO Save data in numpy format Esperimenti/CPROpuro_MUSA_220523_I_V/CPROpuro_MUSA_220523_I_V_current_from_0_to_5e-4A/CPROpuro_MUSA_220523_I_V_current_from_0_to_5e-4A-20230522134925
2023-05-22 13:49:26,642 INFO Save data in CSV format Esperimenti/CPROpuro_MUSA_220523_I_V/CPROpuro_MUSA_220523_I_V_current_from_0_to_5e-4A/CPROpuro_MUSA_220523_I_V_current_from_0_to_5e-4A-20230522134925.csv
2023-05-22 13:49:26,655 INFO Save plot as image Esperimenti/CPROpuro_MUSA_220523_I_V/CPROpuro_MUSA_220523_I_V_current_from_0_to_5e-4A/CPROpuro_MUSA_220523_I_V_current_from_0_to_5e-4A-20230522134925.png
