2023-06-21 16:33:42,167 INFO ### Start experiment: BT_3_1b_210623_I-V current from -500e-4 to 500e-4A ###
2023-06-21 16:33:43,512 INFO Found Multimeter KEITHLEY INSTRUMENTS INC.,MODEL 2700,0884890,B03  /A02  

2023-06-21 16:33:44,543 INFO Found Nanovolt Meter KEITHLEY INSTRUMENTS INC.,MODEL 2182A,4056474,C03  /A02  

2023-06-21 16:33:44,656 INFO Found Source Meter KEITHLEY INSTRUMENTS INC.,MODEL 2400,0945684,C24   Feb 14 2002 11:59:45/A02  /K/H

2023-06-21 16:33:44,777 INFO Start the measurement loop
2023-06-21 16:33:52,643 INFO Measurement at current -0.05
2023-06-21 16:33:55,960 INFO T:293.52Â°K V:-2.5720e-03V I:-5.0000e-02A R:5.1439e-02ğ›€ E:-4.9461e-02V/cm J:-5.6180e-01A/cm2 ğ›’:8.8040e-02ğ›€ cm
2023-06-21 16:33:55,983 INFO Measurement at current -0.04949748743718593
2023-06-21 16:33:58,955 INFO T:293.53Â°K V:-2.5460e-03V I:-4.9497e-02A R:5.1437e-02ğ›€ E:-4.8962e-02V/cm J:-5.5615e-01A/cm2 ğ›’:8.8037e-02ğ›€ cm
2023-06-21 16:33:58,968 INFO Measurement at current -0.04899497487437186
2023-06-21 16:34:01,951 INFO T:293.54Â°K V:-2.5204e-03V I:-4.8995e-02A R:5.1442e-02ğ›€ E:-4.8469e-02V/cm J:-5.5051e-01A/cm2 ğ›’:8.8045e-02ğ›€ cm
2023-06-21 16:34:01,970 INFO Measurement at current -0.048492462311557794
2023-06-21 16:34:04,979 INFO T:293.54Â°K V:-2.4945e-03V I:-4.8492e-02A R:5.1440e-02ğ›€ E:-4.7971e-02V/cm J:-5.4486e-01A/cm2 ğ›’:8.8042e-02ğ›€ cm
2023-06-21 16:34:04,995 INFO Measurement at current -0.047989949748743724
2023-06-21 16:34:08,006 INFO T:293.55Â°K V:-2.4688e-03V I:-4.7990e-02A R:5.1444e-02ğ›€ E:-4.7477e-02V/cm J:-5.3921e-01A/cm2 ğ›’:8.8049e-02ğ›€ cm
2023-06-21 16:34:08,023 INFO Measurement at current -0.047487437185929654
2023-06-21 16:34:11,021 INFO T:293.56Â°K V:-2.4429e-03V I:-4.7487e-02A R:5.1443e-02ğ›€ E:-4.6979e-02V/cm J:-5.3357e-01A/cm2 ğ›’:8.8047e-02ğ›€ cm
2023-06-21 16:34:11,036 INFO Measurement at current -0.04698492462311558
2023-06-21 16:34:14,010 INFO T:293.56Â°K V:-2.4172e-03V I:-4.6985e-02A R:5.1446e-02ğ›€ E:-4.6485e-02V/cm J:-5.2792e-01A/cm2 ğ›’:8.8052e-02ğ›€ cm
2023-06-21 16:34:14,034 INFO Measurement at current -0.04648241206030151
2023-06-21 16:34:17,017 INFO T:293.57Â°K V:-2.3912e-03V I:-4.6482e-02A R:5.1443e-02ğ›€ E:-4.5984e-02V/cm J:-5.2227e-01A/cm2 ğ›’:8.8046e-02ğ›€ cm
2023-06-21 16:34:17,045 INFO Measurement at current -0.04597989949748744
2023-06-21 16:34:20,057 INFO T:293.58Â°K V:-2.3655e-03V I:-4.5980e-02A R:5.1446e-02ğ›€ E:-4.5490e-02V/cm J:-5.1663e-01A/cm2 ğ›’:8.8052e-02ğ›€ cm
2023-06-21 16:34:20,079 INFO Measurement at current -0.04547738693467337
2023-06-21 16:34:23,070 INFO T:293.58Â°K V:-2.3396e-03V I:-4.5477e-02A R:5.1445e-02ğ›€ E:-4.4992e-02V/cm J:-5.1098e-01A/cm2 ğ›’:8.8049e-02ğ›€ cm
2023-06-21 16:34:23,086 INFO Measurement at current -0.0449748743718593
2023-06-21 16:34:26,087 INFO T:293.59Â°K V:-2.3139e-03V I:-4.4975e-02A R:5.1449e-02ğ›€ E:-4.4498e-02V/cm J:-5.0534e-01A/cm2 ğ›’:8.8057e-02ğ›€ cm
2023-06-21 16:34:26,102 INFO Measurement at current -0.04447236180904523
2023-06-21 16:34:29,103 INFO T:293.60Â°K V:-2.2879e-03V I:-4.4472e-02A R:5.1446e-02ğ›€ E:-4.3999e-02V/cm J:-4.9969e-01A/cm2 ğ›’:8.8052e-02ğ›€ cm
2023-06-21 16:34:29,126 INFO Measurement at current -0.04396984924623116
2023-06-21 16:34:32,091 INFO T:293.61Â°K V:-2.2623e-03V I:-4.3970e-02A R:5.1451e-02ğ›€ E:-4.3505e-02V/cm J:-4.9404e-01A/cm2 ğ›’:8.8060e-02ğ›€ cm
2023-06-21 16:34:32,122 INFO Measurement at current -0.04346733668341709
2023-06-21 16:34:35,092 INFO T:293.61Â°K V:-2.2362e-03V I:-4.3467e-02A R:5.1446e-02ğ›€ E:-4.3004e-02V/cm J:-4.8840e-01A/cm2 ğ›’:8.8051e-02ğ›€ cm
2023-06-21 16:34:35,108 INFO Measurement at current -0.04296482412060302
2023-06-21 16:34:38,093 INFO T:293.62Â°K V:-2.2105e-03V I:-4.2965e-02A R:5.1449e-02ğ›€ E:-4.2510e-02V/cm J:-4.8275e-01A/cm2 ğ›’:8.8057e-02ğ›€ cm
2023-06-21 16:34:38,137 INFO Measurement at current -0.04246231155778895
2023-06-21 16:34:41,136 INFO T:293.63Â°K V:-2.1845e-03V I:-4.2462e-02A R:5.1446e-02ğ›€ E:-4.2010e-02V/cm J:-4.7710e-01A/cm2 ğ›’:8.8051e-02ğ›€ cm
2023-06-21 16:34:41,150 INFO Measurement at current -0.04195979899497487
2023-06-21 16:34:44,134 INFO T:293.63Â°K V:-2.1588e-03V I:-4.1960e-02A R:5.1448e-02ğ›€ E:-4.1515e-02V/cm J:-4.7146e-01A/cm2 ğ›’:8.8056e-02ğ›€ cm
2023-06-21 16:34:44,155 INFO Measurement at current -0.0414572864321608
2023-06-21 16:34:47,121 INFO T:293.64Â°K V:-2.1328e-03V I:-4.1457e-02A R:5.1446e-02ğ›€ E:-4.1016e-02V/cm J:-4.6581e-01A/cm2 ğ›’:8.8052e-02ğ›€ cm
2023-06-21 16:34:47,138 INFO Measurement at current -0.04095477386934673
2023-06-21 16:34:50,120 INFO T:293.65Â°K V:-2.1071e-03V I:-4.0955e-02A R:5.1448e-02ğ›€ E:-4.0520e-02V/cm J:-4.6017e-01A/cm2 ğ›’:8.8056e-02ğ›€ cm
2023-06-21 16:34:50,136 INFO Measurement at current -0.040452261306532664
2023-06-21 16:34:53,127 INFO T:293.65Â°K V:-2.0810e-03V I:-4.0452e-02A R:5.1444e-02ğ›€ E:-4.0020e-02V/cm J:-4.5452e-01A/cm2 ğ›’:8.8048e-02ğ›€ cm
2023-06-21 16:34:53,144 INFO Measurement at current -0.039949748743718594
2023-06-21 16:34:56,147 INFO T:293.66Â°K V:-2.0553e-03V I:-3.9950e-02A R:5.1448e-02ğ›€ E:-3.9526e-02V/cm J:-4.4887e-01A/cm2 ğ›’:8.8055e-02ğ›€ cm
2023-06-21 16:34:56,178 INFO Measurement at current -0.039447236180904524
2023-06-21 16:34:59,152 INFO T:293.67Â°K V:-2.0294e-03V I:-3.9447e-02A R:5.1445e-02ğ›€ E:-3.9026e-02V/cm J:-4.4323e-01A/cm2 ğ›’:8.8050e-02ğ›€ cm
2023-06-21 16:34:59,180 INFO Measurement at current -0.038944723618090454
2023-06-21 16:35:02,179 INFO T:293.67Â°K V:-2.0036e-03V I:-3.8945e-02A R:5.1448e-02ğ›€ E:-3.8531e-02V/cm J:-4.3758e-01A/cm2 ğ›’:8.8056e-02ğ›€ cm
2023-06-21 16:35:02,203 INFO Measurement at current -0.038442211055276385
2023-06-21 16:35:05,210 INFO T:293.68Â°K V:-1.9777e-03V I:-3.8442e-02A R:5.1446e-02ğ›€ E:-3.8032e-02V/cm J:-4.3193e-01A/cm2 ğ›’:8.8051e-02ğ›€ cm
2023-06-21 16:35:05,230 INFO Measurement at current -0.037939698492462315
2023-06-21 16:35:08,225 INFO T:293.69Â°K V:-1.9520e-03V I:-3.7940e-02A R:5.1449e-02ğ›€ E:-3.7538e-02V/cm J:-4.2629e-01A/cm2 ğ›’:8.8058e-02ğ›€ cm
2023-06-21 16:35:08,241 INFO Measurement at current -0.037437185929648245
2023-06-21 16:35:11,205 INFO T:293.69Â°K V:-1.9261e-03V I:-3.7437e-02A R:5.1448e-02ğ›€ E:-3.7040e-02V/cm J:-4.2064e-01A/cm2 ğ›’:8.8055e-02ğ›€ cm
2023-06-21 16:35:11,222 INFO Measurement at current -0.036934673366834175
2023-06-21 16:35:14,190 INFO T:293.70Â°K V:-1.9004e-03V I:-3.6935e-02A R:5.1452e-02ğ›€ E:-3.6546e-02V/cm J:-4.1500e-01A/cm2 ğ›’:8.8062e-02ğ›€ cm
2023-06-21 16:35:14,213 INFO Measurement at current -0.036432160804020106
2023-06-21 16:35:17,190 INFO T:293.70Â°K V:-1.8744e-03V I:-3.6432e-02A R:5.1448e-02ğ›€ E:-3.6046e-02V/cm J:-4.0935e-01A/cm2 ğ›’:8.8056e-02ğ›€ cm
2023-06-21 16:35:17,216 INFO Measurement at current -0.035929648241206036
2023-06-21 16:35:20,218 INFO T:293.71Â°K V:-1.8487e-03V I:-3.5930e-02A R:5.1454e-02ğ›€ E:-3.5552e-02V/cm J:-4.0370e-01A/cm2 ğ›’:8.8065e-02ğ›€ cm
2023-06-21 16:35:20,236 INFO Measurement at current -0.03542713567839196
2023-06-21 16:35:23,243 INFO T:293.72Â°K V:-1.8228e-03V I:-3.5427e-02A R:5.1451e-02ğ›€ E:-3.5053e-02V/cm J:-3.9806e-01A/cm2 ğ›’:8.8060e-02ğ›€ cm
2023-06-21 16:35:23,263 INFO Measurement at current -0.03492462311557789
2023-06-21 16:35:26,237 INFO T:293.72Â°K V:-1.7970e-03V I:-3.4925e-02A R:5.1453e-02ğ›€ E:-3.4557e-02V/cm J:-3.9241e-01A/cm2 ğ›’:8.8064e-02ğ›€ cm
2023-06-21 16:35:26,266 INFO Measurement at current -0.03442211055276382
2023-06-21 16:35:29,263 INFO T:293.73Â°K V:-1.7710e-03V I:-3.4422e-02A R:5.1450e-02ğ›€ E:-3.4058e-02V/cm J:-3.8677e-01A/cm2 ğ›’:8.8058e-02ğ›€ cm
2023-06-21 16:35:29,287 INFO Measurement at current -0.03391959798994975
2023-06-21 16:35:32,233 INFO T:293.74Â°K V:-1.7453e-03V I:-3.3920e-02A R:5.1454e-02ğ›€ E:-3.3563e-02V/cm J:-3.8112e-01A/cm2 ğ›’:8.8065e-02ğ›€ cm
2023-06-21 16:35:32,248 INFO Measurement at current -0.03341708542713568
2023-06-21 16:35:35,189 INFO T:293.74Â°K V:-1.7193e-03V I:-3.3417e-02A R:5.1451e-02ğ›€ E:-3.3064e-02V/cm J:-3.7547e-01A/cm2 ğ›’:8.8060e-02ğ›€ cm
2023-06-21 16:35:35,203 INFO Measurement at current -0.03291457286432161
2023-06-21 16:35:38,177 INFO T:293.75Â°K V:-1.6936e-03V I:-3.2915e-02A R:5.1454e-02ğ›€ E:-3.2569e-02V/cm J:-3.6983e-01A/cm2 ğ›’:8.8065e-02ğ›€ cm
2023-06-21 16:35:38,201 INFO Measurement at current -0.032412060301507534
2023-06-21 16:35:41,228 INFO T:293.76Â°K V:-1.6676e-03V I:-3.2412e-02A R:5.1450e-02ğ›€ E:-3.2069e-02V/cm J:-3.6418e-01A/cm2 ğ›’:8.8059e-02ğ›€ cm
2023-06-21 16:35:41,242 INFO Measurement at current -0.031909547738693464
2023-06-21 16:35:44,269 INFO T:293.76Â°K V:-1.6418e-03V I:-3.1910e-02A R:5.1451e-02ğ›€ E:-3.1573e-02V/cm J:-3.5853e-01A/cm2 ğ›’:8.8061e-02ğ›€ cm
2023-06-21 16:35:44,291 INFO Measurement at current -0.031407035175879394
2023-06-21 16:35:47,310 INFO T:293.77Â°K V:-1.6158e-03V I:-3.1407e-02A R:5.1447e-02ğ›€ E:-3.1073e-02V/cm J:-3.5289e-01A/cm2 ğ›’:8.8053e-02ğ›€ cm
2023-06-21 16:35:47,329 INFO Measurement at current -0.030904522613065328
2023-06-21 16:35:50,310 INFO T:293.77Â°K V:-1.5900e-03V I:-3.0905e-02A R:5.1450e-02ğ›€ E:-3.0578e-02V/cm J:-3.4724e-01A/cm2 ğ›’:8.8058e-02ğ›€ cm
2023-06-21 16:35:50,334 INFO Measurement at current -0.030402010050251258
2023-06-21 16:35:53,390 INFO T:293.78Â°K V:-1.5641e-03V I:-3.0402e-02A R:5.1446e-02ğ›€ E:-3.0078e-02V/cm J:-3.4160e-01A/cm2 ğ›’:8.8051e-02ğ›€ cm
2023-06-21 16:35:53,417 INFO Measurement at current -0.029899497487437185
2023-06-21 16:35:56,410 INFO T:293.79Â°K V:-1.5383e-03V I:-2.9899e-02A R:5.1450e-02ğ›€ E:-2.9583e-02V/cm J:-3.3595e-01A/cm2 ğ›’:8.8059e-02ğ›€ cm
2023-06-21 16:35:56,438 INFO Measurement at current -0.029396984924623115
2023-06-21 16:35:59,458 INFO T:293.79Â°K V:-1.5122e-03V I:-2.9397e-02A R:5.1441e-02ğ›€ E:-2.9081e-02V/cm J:-3.3030e-01A/cm2 ğ›’:8.8043e-02ğ›€ cm
2023-06-21 16:35:59,480 INFO Measurement at current -0.028894472361809045
2023-06-21 16:36:02,504 INFO T:293.80Â°K V:-1.4865e-03V I:-2.8894e-02A R:5.1445e-02ğ›€ E:-2.8586e-02V/cm J:-3.2466e-01A/cm2 ğ›’:8.8051e-02ğ›€ cm
2023-06-21 16:36:02,529 INFO Measurement at current -0.028391959798994976
2023-06-21 16:36:05,603 INFO T:293.81Â°K V:-1.4605e-03V I:-2.8392e-02A R:5.1441e-02ğ›€ E:-2.8087e-02V/cm J:-3.1901e-01A/cm2 ğ›’:8.8044e-02ğ›€ cm
2023-06-21 16:36:05,640 INFO Measurement at current -0.027889447236180906
2023-06-21 16:36:08,617 INFO T:293.81Â°K V:-1.4347e-03V I:-2.7889e-02A R:5.1444e-02ğ›€ E:-2.7591e-02V/cm J:-3.1336e-01A/cm2 ğ›’:8.8048e-02ğ›€ cm
2023-06-21 16:36:08,633 INFO Measurement at current -0.027386934673366836
2023-06-21 16:36:11,632 INFO T:293.82Â°K V:-1.4087e-03V I:-2.7387e-02A R:5.1437e-02ğ›€ E:-2.7091e-02V/cm J:-3.0772e-01A/cm2 ğ›’:8.8037e-02ğ›€ cm
2023-06-21 16:36:11,708 INFO Measurement at current -0.026884422110552763
2023-06-21 16:36:14,398 WARNING Reading gpib error, check the instruments: read() failed: A read or write of data bytes has been aborted, possibly due to a timeout or reception of a device clear command.
2023-06-21 16:36:14,419 INFO Measurement at current -0.026381909547738693
2023-06-21 16:36:15,006 WARNING Temperature out of range!
2023-06-21 16:36:15,031 INFO Measurement at current -0.025879396984924623
2023-06-21 16:36:18,072 INFO T:293.83Â°K V:-1.3311e-03V I:-2.5879e-02A R:5.1436e-02ğ›€ E:-2.5599e-02V/cm J:-2.9078e-01A/cm2 ğ›’:8.8035e-02ğ›€ cm
2023-06-21 16:36:18,086 INFO Measurement at current -0.025376884422110554
2023-06-21 16:36:21,083 INFO T:293.84Â°K V:-1.3052e-03V I:-2.5377e-02A R:5.1432e-02ğ›€ E:-2.5100e-02V/cm J:-2.8513e-01A/cm2 ğ›’:8.8028e-02ğ›€ cm
2023-06-21 16:36:21,105 INFO Measurement at current -0.024874371859296484
2023-06-21 16:36:24,069 INFO T:293.84Â°K V:-1.2795e-03V I:-2.4874e-02A R:5.1437e-02ğ›€ E:-2.4605e-02V/cm J:-2.7949e-01A/cm2 ğ›’:8.8036e-02ğ›€ cm
2023-06-21 16:36:24,086 INFO Measurement at current -0.02437185929648241
2023-06-21 16:36:27,094 INFO T:293.85Â°K V:-1.2535e-03V I:-2.4372e-02A R:5.1430e-02ğ›€ E:-2.4105e-02V/cm J:-2.7384e-01A/cm2 ğ›’:8.8025e-02ğ›€ cm
2023-06-21 16:36:27,118 INFO Measurement at current -0.02386934673366834
2023-06-21 16:36:30,105 INFO T:293.86Â°K V:-1.2277e-03V I:-2.3869e-02A R:5.1436e-02ğ›€ E:-2.3610e-02V/cm J:-2.6819e-01A/cm2 ğ›’:8.8034e-02ğ›€ cm
2023-06-21 16:36:30,122 INFO Measurement at current -0.02336683417085427
2023-06-21 16:36:33,108 INFO T:293.86Â°K V:-1.2017e-03V I:-2.3367e-02A R:5.1428e-02ğ›€ E:-2.3110e-02V/cm J:-2.6255e-01A/cm2 ğ›’:8.8022e-02ğ›€ cm
2023-06-21 16:36:33,127 INFO Measurement at current -0.0228643216080402
2023-06-21 16:36:36,108 INFO T:293.87Â°K V:-1.1761e-03V I:-2.2864e-02A R:5.1436e-02ğ›€ E:-2.2616e-02V/cm J:-2.5690e-01A/cm2 ğ›’:8.8035e-02ğ›€ cm
2023-06-21 16:36:36,133 INFO Measurement at current -0.02236180904522613
2023-06-21 16:36:39,131 INFO T:293.87Â°K V:-1.1501e-03V I:-2.2362e-02A R:5.1432e-02ğ›€ E:-2.2117e-02V/cm J:-2.5126e-01A/cm2 ğ›’:8.8028e-02ğ›€ cm
2023-06-21 16:36:39,148 INFO Measurement at current -0.021859296482412062
2023-06-21 16:36:42,145 INFO T:293.88Â°K V:-1.1244e-03V I:-2.1859e-02A R:5.1439e-02ğ›€ E:-2.1623e-02V/cm J:-2.4561e-01A/cm2 ğ›’:8.8039e-02ğ›€ cm
2023-06-21 16:36:42,169 INFO Measurement at current -0.02135678391959799
2023-06-21 16:36:45,150 INFO T:293.89Â°K V:-1.0984e-03V I:-2.1357e-02A R:5.1433e-02ğ›€ E:-2.1124e-02V/cm J:-2.3996e-01A/cm2 ğ›’:8.8029e-02ğ›€ cm
2023-06-21 16:36:45,171 INFO Measurement at current -0.02085427135678392
2023-06-21 16:36:48,202 INFO T:293.89Â°K V:-1.0727e-03V I:-2.0854e-02A R:5.1440e-02ğ›€ E:-2.0630e-02V/cm J:-2.3432e-01A/cm2 ğ›’:8.8041e-02ğ›€ cm
2023-06-21 16:36:48,225 INFO Measurement at current -0.02035175879396985
2023-06-21 16:36:51,223 INFO T:293.90Â°K V:-1.0467e-03V I:-2.0352e-02A R:5.1430e-02ğ›€ E:-2.0129e-02V/cm J:-2.2867e-01A/cm2 ğ›’:8.8025e-02ğ›€ cm
2023-06-21 16:36:51,244 INFO Measurement at current -0.01984924623115578
2023-06-21 16:36:54,235 INFO T:293.90Â°K V:-1.0210e-03V I:-1.9849e-02A R:5.1437e-02ğ›€ E:-1.9635e-02V/cm J:-2.2303e-01A/cm2 ğ›’:8.8037e-02ğ›€ cm
2023-06-21 16:36:54,252 INFO Measurement at current -0.01934673366834171
2023-06-21 16:36:57,236 INFO T:293.91Â°K V:-9.9498e-04V I:-1.9347e-02A R:5.1429e-02ğ›€ E:-1.9134e-02V/cm J:-2.1738e-01A/cm2 ğ›’:8.8022e-02ğ›€ cm
2023-06-21 16:36:57,263 INFO Measurement at current -0.018844221105527637
2023-06-21 16:37:00,280 INFO T:293.92Â°K V:-9.6919e-04V I:-1.8844e-02A R:5.1432e-02ğ›€ E:-1.8638e-02V/cm J:-2.1173e-01A/cm2 ğ›’:8.8027e-02ğ›€ cm
2023-06-21 16:37:00,305 INFO Measurement at current -0.018341708542713567
2023-06-21 16:37:03,305 INFO T:293.92Â°K V:-9.4318e-04V I:-1.8342e-02A R:5.1422e-02ğ›€ E:-1.8138e-02V/cm J:-2.0609e-01A/cm2 ğ›’:8.8012e-02ğ›€ cm
2023-06-21 16:37:03,327 INFO Measurement at current -0.017839195979899497
2023-06-21 16:37:06,333 INFO T:293.93Â°K V:-9.1744e-04V I:-1.7839e-02A R:5.1429e-02ğ›€ E:-1.7643e-02V/cm J:-2.0044e-01A/cm2 ğ›’:8.8022e-02ğ›€ cm
2023-06-21 16:37:06,353 INFO Measurement at current -0.017336683417085427
2023-06-21 16:37:09,344 INFO T:293.93Â°K V:-8.9137e-04V I:-1.7337e-02A R:5.1415e-02ğ›€ E:-1.7142e-02V/cm J:-1.9479e-01A/cm2 ğ›’:8.7999e-02ğ›€ cm
2023-06-21 16:37:09,362 INFO Measurement at current -0.016834170854271358
2023-06-21 16:37:12,347 INFO T:293.94Â°K V:-8.6560e-04V I:-1.6834e-02A R:5.1419e-02ğ›€ E:-1.6646e-02V/cm J:-1.8915e-01A/cm2 ğ›’:8.8006e-02ğ›€ cm
2023-06-21 16:37:12,366 INFO Measurement at current -0.016331658291457288
2023-06-21 16:37:15,352 INFO T:293.94Â°K V:-8.3959e-04V I:-1.6332e-02A R:5.1409e-02ğ›€ E:-1.6146e-02V/cm J:-1.8350e-01A/cm2 ğ›’:8.7989e-02ğ›€ cm
2023-06-21 16:37:15,370 INFO Measurement at current -0.015829145728643218
2023-06-21 16:37:18,366 INFO T:293.95Â°K V:-8.1384e-04V I:-1.5829e-02A R:5.1414e-02ğ›€ E:-1.5651e-02V/cm J:-1.7786e-01A/cm2 ğ›’:8.7998e-02ğ›€ cm
2023-06-21 16:37:18,392 INFO Measurement at current -0.015326633165829148
2023-06-21 16:37:21,387 INFO T:293.96Â°K V:-7.8783e-04V I:-1.5327e-02A R:5.1403e-02ğ›€ E:-1.5151e-02V/cm J:-1.7221e-01A/cm2 ğ›’:8.7978e-02ğ›€ cm
2023-06-21 16:37:21,407 INFO Measurement at current -0.014824120603015072
2023-06-21 16:37:24,395 INFO T:293.96Â°K V:-7.6200e-04V I:-1.4824e-02A R:5.1403e-02ğ›€ E:-1.4654e-02V/cm J:-1.6656e-01A/cm2 ğ›’:8.7978e-02ğ›€ cm
2023-06-21 16:37:24,418 INFO Measurement at current -0.014321608040201002
2023-06-21 16:37:27,488 INFO T:293.97Â°K V:-7.3600e-04V I:-1.4322e-02A R:5.1391e-02ğ›€ E:-1.4154e-02V/cm J:-1.6092e-01A/cm2 ğ›’:8.7957e-02ğ›€ cm
2023-06-21 16:37:27,517 INFO Measurement at current -0.013819095477386932
2023-06-21 16:37:30,504 INFO T:293.97Â°K V:-7.1025e-04V I:-1.3819e-02A R:5.1396e-02ğ›€ E:-1.3659e-02V/cm J:-1.5527e-01A/cm2 ğ›’:8.7966e-02ğ›€ cm
2023-06-21 16:37:30,524 INFO Measurement at current -0.013316582914572862
2023-06-21 16:37:33,520 INFO T:293.98Â°K V:-6.8424e-04V I:-1.3317e-02A R:5.1382e-02ğ›€ E:-1.3158e-02V/cm J:-1.4962e-01A/cm2 ğ›’:8.7943e-02ğ›€ cm
2023-06-21 16:37:33,539 INFO Measurement at current -0.012814070351758793
2023-06-21 16:37:36,508 INFO T:293.98Â°K V:-6.5852e-04V I:-1.2814e-02A R:5.1390e-02ğ›€ E:-1.2664e-02V/cm J:-1.4398e-01A/cm2 ğ›’:8.7956e-02ğ›€ cm
2023-06-21 16:37:36,524 INFO Measurement at current -0.012311557788944723
2023-06-21 16:37:39,541 INFO T:293.99Â°K V:-6.3252e-04V I:-1.2312e-02A R:5.1376e-02ğ›€ E:-1.2164e-02V/cm J:-1.3833e-01A/cm2 ğ›’:8.7933e-02ğ›€ cm
2023-06-21 16:37:39,563 INFO Measurement at current -0.011809045226130653
2023-06-21 16:37:42,553 INFO T:294.00Â°K V:-6.0670e-04V I:-1.1809e-02A R:5.1376e-02ğ›€ E:-1.1667e-02V/cm J:-1.3269e-01A/cm2 ğ›’:8.7932e-02ğ›€ cm
2023-06-21 16:37:42,572 INFO Measurement at current -0.011306532663316583
2023-06-21 16:37:45,577 INFO T:294.00Â°K V:-5.8070e-04V I:-1.1307e-02A R:5.1360e-02ğ›€ E:-1.1167e-02V/cm J:-1.2704e-01A/cm2 ğ›’:8.7904e-02ğ›€ cm
2023-06-21 16:37:45,598 INFO Measurement at current -0.010804020100502514
2023-06-21 16:37:48,601 INFO T:294.01Â°K V:-5.5496e-04V I:-1.0804e-02A R:5.1366e-02ğ›€ E:-1.0672e-02V/cm J:-1.2139e-01A/cm2 ğ›’:8.7914e-02ğ›€ cm
2023-06-21 16:37:48,617 INFO Measurement at current -0.010301507537688444
2023-06-21 16:37:51,604 INFO T:294.01Â°K V:-5.2897e-04V I:-1.0302e-02A R:5.1348e-02ğ›€ E:-1.0172e-02V/cm J:-1.1575e-01A/cm2 ğ›’:8.7885e-02ğ›€ cm
2023-06-21 16:37:51,626 INFO Measurement at current -0.009798994974874367
2023-06-21 16:37:54,622 INFO T:294.02Â°K V:-5.0307e-04V I:-9.7990e-03A R:5.1339e-02ğ›€ E:-9.6745e-03V/cm J:-1.1010e-01A/cm2 ğ›’:8.7869e-02ğ›€ cm
2023-06-21 16:37:54,651 INFO Measurement at current -0.009296482412060297
2023-06-21 16:37:57,665 INFO T:294.02Â°K V:-4.7719e-04V I:-9.2965e-03A R:5.1330e-02ğ›€ E:-9.1767e-03V/cm J:-1.0445e-01A/cm2 ğ›’:8.7853e-02ğ›€ cm
2023-06-21 16:37:57,712 INFO Measurement at current -0.008793969849246228
2023-06-21 16:38:00,730 INFO T:294.03Â°K V:-4.5134e-04V I:-8.7940e-03A R:5.1324e-02ğ›€ E:-8.6796e-03V/cm J:-9.8809e-02A/cm2 ğ›’:8.7843e-02ğ›€ cm
2023-06-21 16:38:00,748 INFO Measurement at current -0.008291457286432158
2023-06-21 16:38:03,741 INFO T:294.04Â°K V:-4.2543e-04V I:-8.2915e-03A R:5.1309e-02ğ›€ E:-8.1813e-03V/cm J:-9.3162e-02A/cm2 ğ›’:8.7818e-02ğ›€ cm
2023-06-21 16:38:03,760 INFO Measurement at current -0.007788944723618088
2023-06-21 16:38:06,723 INFO T:294.04Â°K V:-3.9955e-04V I:-7.7889e-03A R:5.1297e-02ğ›€ E:-7.6836e-03V/cm J:-8.7516e-02A/cm2 ğ›’:8.7796e-02ğ›€ cm
2023-06-21 16:38:06,740 INFO Measurement at current -0.007286432160804018
2023-06-21 16:38:09,735 INFO T:294.05Â°K V:-3.7367e-04V I:-7.2864e-03A R:5.1283e-02ğ›€ E:-7.1860e-03V/cm J:-8.1870e-02A/cm2 ğ›’:8.7773e-02ğ›€ cm
2023-06-21 16:38:09,782 INFO Measurement at current -0.006783919597989949
2023-06-21 16:38:12,754 INFO T:294.05Â°K V:-3.4777e-04V I:-6.7839e-03A R:5.1264e-02ğ›€ E:-6.6878e-03V/cm J:-7.6224e-02A/cm2 ğ›’:8.7740e-02ğ›€ cm
2023-06-21 16:38:12,770 INFO Measurement at current -0.006281407035175879
2023-06-21 16:38:15,811 INFO T:294.06Â°K V:-3.2187e-04V I:-6.2814e-03A R:5.1242e-02ğ›€ E:-6.1899e-03V/cm J:-7.0578e-02A/cm2 ğ›’:8.7703e-02ğ›€ cm
2023-06-21 16:38:15,836 INFO Measurement at current -0.005778894472361809
2023-06-21 16:38:18,842 INFO T:294.06Â°K V:-2.9595e-04V I:-5.7789e-03A R:5.1212e-02ğ›€ E:-5.6913e-03V/cm J:-6.4931e-02A/cm2 ğ›’:8.7651e-02ğ›€ cm
2023-06-21 16:38:18,862 INFO Measurement at current -0.005276381909547739
2023-06-21 16:38:21,858 INFO T:294.07Â°K V:-2.7002e-04V I:-5.2764e-03A R:5.1175e-02ğ›€ E:-5.1926e-03V/cm J:-5.9285e-02A/cm2 ğ›’:8.7588e-02ğ›€ cm
2023-06-21 16:38:21,886 INFO Measurement at current -0.00477386934673367
2023-06-21 16:38:24,884 INFO T:294.07Â°K V:-2.4409e-04V I:-4.7739e-03A R:5.1131e-02ğ›€ E:-4.6941e-03V/cm J:-5.3639e-02A/cm2 ğ›’:8.7512e-02ğ›€ cm
2023-06-21 16:38:24,907 INFO Measurement at current -0.004271356783919593
2023-06-21 16:38:27,919 INFO T:294.08Â°K V:-2.1814e-04V I:-4.2714e-03A R:5.1070e-02ğ›€ E:-4.1950e-03V/cm J:-4.7993e-02A/cm2 ğ›’:8.7408e-02ğ›€ cm
2023-06-21 16:38:27,970 INFO Measurement at current -0.003768844221105523
2023-06-21 16:38:30,968 INFO T:294.08Â°K V:-1.9225e-04V I:-3.7688e-03A R:5.1011e-02ğ›€ E:-3.6972e-03V/cm J:-4.2347e-02A/cm2 ğ›’:8.7307e-02ğ›€ cm
2023-06-21 16:38:30,988 INFO Measurement at current -0.0032663316582914534
2023-06-21 16:38:33,958 INFO T:294.09Â°K V:-1.6638e-04V I:-3.2663e-03A R:5.0937e-02ğ›€ E:-3.1996e-03V/cm J:-3.6700e-02A/cm2 ğ›’:8.7181e-02ğ›€ cm
2023-06-21 16:38:33,979 INFO Measurement at current -0.0027638190954773836
2023-06-21 16:38:36,983 INFO T:294.09Â°K V:-1.4045e-04V I:-2.7638e-03A R:5.0819e-02ğ›€ E:-2.7011e-03V/cm J:-3.1054e-02A/cm2 ğ›’:8.6979e-02ğ›€ cm
2023-06-21 16:38:37,001 INFO Measurement at current -0.002261306532663314
2023-06-21 16:38:40,005 INFO T:294.10Â°K V:-1.1460e-04V I:-2.2613e-03A R:5.0677e-02ğ›€ E:-2.2038e-03V/cm J:-2.5408e-02A/cm2 ğ›’:8.6736e-02ğ›€ cm
2023-06-21 16:38:40,026 INFO Measurement at current -0.0017587939698492441
2023-06-21 16:38:43,048 INFO T:294.11Â°K V:-8.8719e-05V I:-1.7588e-03A R:5.0443e-02ğ›€ E:-1.7061e-03V/cm J:-1.9762e-02A/cm2 ğ›’:8.6335e-02ğ›€ cm
2023-06-21 16:38:43,071 INFO Measurement at current -0.0012562814070351744
2023-06-21 16:38:46,035 INFO T:294.11Â°K V:-6.2826e-05V I:-1.2563e-03A R:5.0009e-02ğ›€ E:-1.2082e-03V/cm J:-1.4116e-02A/cm2 ğ›’:8.5593e-02ğ›€ cm
2023-06-21 16:38:46,050 INFO Measurement at current -0.0007537688442211046
2023-06-21 16:38:49,055 INFO T:294.12Â°K V:-3.6897e-05V I:-7.5377e-04A R:4.8950e-02ğ›€ E:-7.0956e-04V/cm J:-8.4693e-03A/cm2 ğ›’:8.3781e-02ğ›€ cm
2023-06-21 16:38:49,082 INFO Measurement at current -0.0002512562814070349
2023-06-21 16:38:52,062 INFO T:294.12Â°K V:-1.1004e-05V I:-2.5126e-04A R:4.3794e-02ğ›€ E:-2.1161e-04V/cm J:-2.8231e-03A/cm2 ğ›’:7.4956e-02ğ›€ cm
2023-06-21 16:38:52,077 INFO Measurement at current 0.0002512562814070349
2023-06-21 16:38:55,043 INFO T:294.13Â°K V:1.4887e-05V I:2.5126e-04A R:5.9252e-02ğ›€ E:2.8630e-04V/cm J:2.8231e-03A/cm2 ğ›’:1.0141e-01ğ›€ cm
2023-06-21 16:38:55,070 INFO Measurement at current 0.0007537688442211046
2023-06-21 16:38:58,103 INFO T:294.13Â°K V:4.0785e-05V I:7.5377e-04A R:5.4107e-02ğ›€ E:7.8432e-04V/cm J:8.4693e-03A/cm2 ğ›’:9.2607e-02ğ›€ cm
2023-06-21 16:38:58,128 INFO Measurement at current 0.0012562814070351813
2023-06-21 16:39:01,126 INFO T:294.14Â°K V:6.6689e-05V I:1.2563e-03A R:5.3084e-02ğ›€ E:1.2825e-03V/cm J:1.4116e-02A/cm2 ğ›’:9.0856e-02ğ›€ cm
2023-06-21 16:39:01,153 INFO Measurement at current 0.001758793969849251
2023-06-21 16:39:04,158 INFO T:294.14Â°K V:9.2602e-05V I:1.7588e-03A R:5.2651e-02ğ›€ E:1.7808e-03V/cm J:1.9762e-02A/cm2 ğ›’:9.0114e-02ğ›€ cm
2023-06-21 16:39:04,179 INFO Measurement at current 0.002261306532663321
2023-06-21 16:39:07,156 INFO T:294.15Â°K V:1.1850e-04V I:2.2613e-03A R:5.2402e-02ğ›€ E:2.2788e-03V/cm J:2.5408e-02A/cm2 ğ›’:8.9688e-02ğ›€ cm
2023-06-21 16:39:07,174 INFO Measurement at current 0.0027638190954773906
2023-06-21 16:39:10,162 INFO T:294.15Â°K V:1.4438e-04V I:2.7638e-03A R:5.2240e-02ğ›€ E:2.7766e-03V/cm J:3.1054e-02A/cm2 ğ›’:8.9411e-02ğ›€ cm
2023-06-21 16:39:10,185 INFO Measurement at current 0.0032663316582914603
2023-06-21 16:39:13,190 INFO T:294.16Â°K V:1.7029e-04V I:3.2663e-03A R:5.2135e-02ğ›€ E:3.2748e-03V/cm J:3.6700e-02A/cm2 ğ›’:8.9231e-02ğ›€ cm
2023-06-21 16:39:13,216 INFO Measurement at current 0.00376884422110553
2023-06-21 16:39:16,208 INFO T:294.16Â°K V:1.9618e-04V I:3.7688e-03A R:5.2053e-02ğ›€ E:3.7727e-03V/cm J:4.2347e-02A/cm2 ğ›’:8.9090e-02ğ›€ cm
2023-06-21 16:39:16,224 INFO Measurement at current 0.0042713567839196
2023-06-21 16:39:19,185 INFO T:294.17Â°K V:2.2208e-04V I:4.2714e-03A R:5.1992e-02ğ›€ E:4.2707e-03V/cm J:4.7993e-02A/cm2 ğ›’:8.8986e-02ğ›€ cm
2023-06-21 16:39:19,227 INFO Measurement at current 0.00477386934673367
2023-06-21 16:39:22,226 INFO T:294.17Â°K V:2.4800e-04V I:4.7739e-03A R:5.1950e-02ğ›€ E:4.7693e-03V/cm J:5.3639e-02A/cm2 ğ›’:8.8915e-02ğ›€ cm
2023-06-21 16:39:22,247 INFO Measurement at current 0.005276381909547739
2023-06-21 16:39:25,275 INFO T:294.18Â°K V:2.7390e-04V I:5.2764e-03A R:5.1910e-02ğ›€ E:5.2673e-03V/cm J:5.9285e-02A/cm2 ğ›’:8.8846e-02ğ›€ cm
2023-06-21 16:39:25,292 INFO Measurement at current 0.005778894472361809
2023-06-21 16:39:28,287 INFO T:294.18Â°K V:2.9982e-04V I:5.7789e-03A R:5.1883e-02ğ›€ E:5.7658e-03V/cm J:6.4931e-02A/cm2 ğ›’:8.8799e-02ğ›€ cm
2023-06-21 16:39:28,309 INFO Measurement at current 0.006281407035175879
2023-06-21 16:39:31,293 INFO T:294.19Â°K V:3.2573e-04V I:6.2814e-03A R:5.1857e-02ğ›€ E:6.2641e-03V/cm J:7.0578e-02A/cm2 ğ›’:8.8755e-02ğ›€ cm
2023-06-21 16:39:31,349 INFO Measurement at current 0.0067839195979899555
2023-06-21 16:39:34,328 INFO T:294.19Â°K V:3.5161e-04V I:6.7839e-03A R:5.1830e-02ğ›€ E:6.7617e-03V/cm J:7.6224e-02A/cm2 ğ›’:8.8709e-02ğ›€ cm
2023-06-21 16:39:34,363 INFO Measurement at current 0.007286432160804025
2023-06-21 16:39:37,350 INFO T:294.20Â°K V:3.7751e-04V I:7.2864e-03A R:5.1810e-02ğ›€ E:7.2597e-03V/cm J:8.1870e-02A/cm2 ğ›’:8.8674e-02ğ›€ cm
2023-06-21 16:39:37,377 INFO Measurement at current 0.007788944723618095
2023-06-21 16:39:40,363 INFO T:294.20Â°K V:4.0339e-04V I:7.7889e-03A R:5.1790e-02ğ›€ E:7.7576e-03V/cm J:8.7516e-02A/cm2 ğ›’:8.8641e-02ğ›€ cm
2023-06-21 16:39:40,397 INFO Measurement at current 0.008291457286432165
2023-06-21 16:39:43,397 INFO T:294.21Â°K V:4.2930e-04V I:8.2915e-03A R:5.1776e-02ğ›€ E:8.2557e-03V/cm J:9.3162e-02A/cm2 ğ›’:8.8616e-02ğ›€ cm
2023-06-21 16:39:43,424 INFO Measurement at current 0.008793969849246235
2023-06-21 16:39:46,428 INFO T:294.21Â°K V:4.5521e-04V I:8.7940e-03A R:5.1764e-02ğ›€ E:8.7541e-03V/cm J:9.8809e-02A/cm2 ğ›’:8.8597e-02ğ›€ cm
2023-06-21 16:39:46,448 INFO Measurement at current 0.009296482412060304
2023-06-21 16:39:49,504 INFO T:294.22Â°K V:4.8108e-04V I:9.2965e-03A R:5.1748e-02ğ›€ E:9.2514e-03V/cm J:1.0445e-01A/cm2 ğ›’:8.8569e-02ğ›€ cm
2023-06-21 16:39:49,561 INFO Measurement at current 0.009798994974874374
2023-06-21 16:39:52,610 INFO T:294.22Â°K V:5.0698e-04V I:9.7990e-03A R:5.1738e-02ğ›€ E:9.7497e-03V/cm J:1.1010e-01A/cm2 ğ›’:8.8552e-02ğ›€ cm
2023-06-21 16:39:52,639 INFO Measurement at current 0.010301507537688444
2023-06-21 16:39:55,602 INFO T:294.23Â°K V:5.3290e-04V I:1.0302e-02A R:5.1730e-02ğ›€ E:1.0248e-02V/cm J:1.1575e-01A/cm2 ğ›’:8.8538e-02ğ›€ cm
2023-06-21 16:39:55,637 INFO Measurement at current 0.010804020100502514
2023-06-21 16:39:58,658 INFO T:294.23Â°K V:5.5893e-04V I:1.0804e-02A R:5.1733e-02ğ›€ E:1.0749e-02V/cm J:1.2139e-01A/cm2 ğ›’:8.8544e-02ğ›€ cm
2023-06-21 16:39:58,694 INFO Measurement at current 0.011306532663316583
2023-06-21 16:40:01,656 INFO T:294.24Â°K V:5.8470e-04V I:1.1307e-02A R:5.1714e-02ğ›€ E:1.1244e-02V/cm J:1.2704e-01A/cm2 ğ›’:8.8510e-02ğ›€ cm
2023-06-21 16:40:01,672 INFO Measurement at current 0.01180904522613066
2023-06-21 16:40:04,676 INFO T:294.24Â°K V:6.1074e-04V I:1.1809e-02A R:5.1718e-02ğ›€ E:1.1745e-02V/cm J:1.3269e-01A/cm2 ğ›’:8.8517e-02ğ›€ cm
2023-06-21 16:40:04,700 INFO Measurement at current 0.01231155778894473
2023-06-21 16:40:07,691 INFO T:294.25Â°K V:6.3656e-04V I:1.2312e-02A R:5.1705e-02ğ›€ E:1.2242e-02V/cm J:1.3833e-01A/cm2 ğ›’:8.8494e-02ğ›€ cm
2023-06-21 16:40:07,721 INFO Measurement at current 0.0128140703517588
2023-06-21 16:40:10,763 INFO T:294.25Â°K V:6.6256e-04V I:1.2814e-02A R:5.1706e-02ğ›€ E:1.2742e-02V/cm J:1.4398e-01A/cm2 ğ›’:8.8496e-02ğ›€ cm
2023-06-21 16:40:10,806 INFO Measurement at current 0.01331658291457287
2023-06-21 16:40:13,853 INFO T:294.26Â°K V:6.8834e-04V I:1.3317e-02A R:5.1690e-02ğ›€ E:1.3237e-02V/cm J:1.4962e-01A/cm2 ğ›’:8.8470e-02ğ›€ cm
2023-06-21 16:40:13,877 INFO Measurement at current 0.013819095477386939
2023-06-21 16:40:16,921 INFO T:294.26Â°K V:7.1435e-04V I:1.3819e-02A R:5.1693e-02ğ›€ E:1.3738e-02V/cm J:1.5527e-01A/cm2 ğ›’:8.8475e-02ğ›€ cm
2023-06-21 16:40:16,964 INFO Measurement at current 0.014321608040201009
2023-06-21 16:40:19,993 INFO T:294.27Â°K V:7.4015e-04V I:1.4322e-02A R:5.1681e-02ğ›€ E:1.4234e-02V/cm J:1.6092e-01A/cm2 ğ›’:8.8454e-02ğ›€ cm
2023-06-21 16:40:20,027 INFO Measurement at current 0.014824120603015079
2023-06-21 16:40:23,005 INFO T:294.27Â°K V:7.6620e-04V I:1.4824e-02A R:5.1686e-02ğ›€ E:1.4735e-02V/cm J:1.6656e-01A/cm2 ğ›’:8.8463e-02ğ›€ cm
2023-06-21 16:40:23,019 INFO Measurement at current 0.015326633165829148
2023-06-21 16:40:26,002 INFO T:294.28Â°K V:7.9211e-04V I:1.5327e-02A R:5.1682e-02ğ›€ E:1.5233e-02V/cm J:1.7221e-01A/cm2 ğ›’:8.8456e-02ğ›€ cm
2023-06-21 16:40:26,042 INFO Measurement at current 0.015829145728643218
2023-06-21 16:40:29,054 INFO T:294.28Â°K V:8.1818e-04V I:1.5829e-02A R:5.1689e-02ğ›€ E:1.5734e-02V/cm J:1.7786e-01A/cm2 ğ›’:8.8467e-02ğ›€ cm
2023-06-21 16:40:29,078 INFO Measurement at current 0.016331658291457288
2023-06-21 16:40:32,111 INFO T:294.29Â°K V:8.4400e-04V I:1.6332e-02A R:5.1679e-02ğ›€ E:1.6231e-02V/cm J:1.8350e-01A/cm2 ğ›’:8.8451e-02ğ›€ cm
2023-06-21 16:40:32,150 INFO Measurement at current 0.016834170854271358
2023-06-21 16:40:35,165 INFO T:294.29Â°K V:8.7004e-04V I:1.6834e-02A R:5.1683e-02ğ›€ E:1.6732e-02V/cm J:1.8915e-01A/cm2 ğ›’:8.8457e-02ğ›€ cm
2023-06-21 16:40:35,188 INFO Measurement at current 0.017336683417085427
2023-06-21 16:40:38,192 INFO T:294.30Â°K V:8.9583e-04V I:1.7337e-02A R:5.1672e-02ğ›€ E:1.7227e-02V/cm J:1.9479e-01A/cm2 ğ›’:8.8439e-02ğ›€ cm
2023-06-21 16:40:38,224 INFO Measurement at current 0.017839195979899497
2023-06-21 16:40:41,211 INFO T:294.30Â°K V:9.2185e-04V I:1.7839e-02A R:5.1676e-02ğ›€ E:1.7728e-02V/cm J:2.0044e-01A/cm2 ğ›’:8.8445e-02ğ›€ cm
2023-06-21 16:40:41,230 INFO Measurement at current 0.018341708542713567
2023-06-21 16:40:44,221 INFO T:294.31Â°K V:9.4770e-04V I:1.8342e-02A R:5.1669e-02ğ›€ E:1.8225e-02V/cm J:2.0609e-01A/cm2 ğ›’:8.8434e-02ğ›€ cm
2023-06-21 16:40:44,239 INFO Measurement at current 0.018844221105527637
2023-06-21 16:40:47,267 INFO T:294.31Â°K V:9.7371e-04V I:1.8844e-02A R:5.1672e-02ğ›€ E:1.8725e-02V/cm J:2.1173e-01A/cm2 ğ›’:8.8438e-02ğ›€ cm
2023-06-21 16:40:47,305 INFO Measurement at current 0.019346733668341706
2023-06-21 16:40:50,327 INFO T:294.32Â°K V:9.9949e-04V I:1.9347e-02A R:5.1662e-02ğ›€ E:1.9221e-02V/cm J:2.1738e-01A/cm2 ğ›’:8.8421e-02ğ›€ cm
2023-06-21 16:40:50,351 INFO Measurement at current 0.01984924623115579
2023-06-21 16:40:53,414 INFO T:294.32Â°K V:1.0255e-03V I:1.9849e-02A R:5.1665e-02ğ›€ E:1.9721e-02V/cm J:2.2303e-01A/cm2 ğ›’:8.8427e-02ğ›€ cm
2023-06-21 16:40:53,439 INFO Measurement at current 0.02035175879396986
2023-06-21 16:40:56,485 INFO T:294.33Â°K V:1.0513e-03V I:2.0352e-02A R:5.1655e-02ğ›€ E:2.0217e-02V/cm J:2.2867e-01A/cm2 ğ›’:8.8410e-02ğ›€ cm
2023-06-21 16:40:56,514 INFO Measurement at current 0.02085427135678393
2023-06-21 16:40:59,544 INFO T:294.33Â°K V:1.0773e-03V I:2.0854e-02A R:5.1658e-02ğ›€ E:2.0717e-02V/cm J:2.3432e-01A/cm2 ğ›’:8.8414e-02ğ›€ cm
2023-06-21 16:40:59,563 INFO Measurement at current 0.021356783919598
2023-06-21 16:41:02,570 INFO T:294.34Â°K V:1.1031e-03V I:2.1357e-02A R:5.1652e-02ğ›€ E:2.1214e-02V/cm J:2.3996e-01A/cm2 ğ›’:8.8405e-02ğ›€ cm
2023-06-21 16:41:02,600 INFO Measurement at current 0.02185929648241207
2023-06-21 16:41:05,642 INFO T:294.34Â°K V:1.1291e-03V I:2.1859e-02A R:5.1654e-02ğ›€ E:2.1714e-02V/cm J:2.4561e-01A/cm2 ğ›’:8.8407e-02ğ›€ cm
2023-06-21 16:41:05,667 INFO Measurement at current 0.02236180904522614
2023-06-21 16:41:08,710 INFO T:294.35Â°K V:1.1548e-03V I:2.2362e-02A R:5.1644e-02ğ›€ E:2.2209e-02V/cm J:2.5126e-01A/cm2 ğ›’:8.8390e-02ğ›€ cm
2023-06-21 16:41:08,733 INFO Measurement at current 0.02286432160804021
2023-06-21 16:41:11,722 INFO T:294.35Â°K V:1.1809e-03V I:2.2864e-02A R:5.1646e-02ğ›€ E:2.2709e-02V/cm J:2.5690e-01A/cm2 ğ›’:8.8394e-02ğ›€ cm
2023-06-21 16:41:11,773 INFO Measurement at current 0.023366834170854278
2023-06-21 16:41:14,815 INFO T:294.35Â°K V:1.2066e-03V I:2.3367e-02A R:5.1637e-02ğ›€ E:2.3204e-02V/cm J:2.6255e-01A/cm2 ğ›’:8.8379e-02ğ›€ cm
2023-06-21 16:41:14,845 INFO Measurement at current 0.023869346733668348
2023-06-21 16:41:17,838 INFO T:294.36Â°K V:1.2326e-03V I:2.3869e-02A R:5.1639e-02ğ›€ E:2.3704e-02V/cm J:2.6819e-01A/cm2 ğ›’:8.8382e-02ğ›€ cm
2023-06-21 16:41:17,866 INFO Measurement at current 0.024371859296482418
2023-06-21 16:41:20,847 INFO T:294.36Â°K V:1.2585e-03V I:2.4372e-02A R:5.1635e-02ğ›€ E:2.4201e-02V/cm J:2.7384e-01A/cm2 ğ›’:8.8376e-02ğ›€ cm
2023-06-21 16:41:20,860 INFO Measurement at current 0.024874371859296487
2023-06-21 16:41:23,862 INFO T:294.37Â°K V:1.2845e-03V I:2.4874e-02A R:5.1639e-02ğ›€ E:2.4702e-02V/cm J:2.7949e-01A/cm2 ğ›’:8.8382e-02ğ›€ cm
2023-06-21 16:41:23,902 INFO Measurement at current 0.025376884422110557
2023-06-21 16:41:26,915 INFO T:294.37Â°K V:1.3102e-03V I:2.5377e-02A R:5.1631e-02ğ›€ E:2.5197e-02V/cm J:2.8513e-01A/cm2 ğ›’:8.8369e-02ğ›€ cm
2023-06-21 16:41:26,935 INFO Measurement at current 0.025879396984924627
2023-06-21 16:41:30,000 INFO T:294.38Â°K V:1.3362e-03V I:2.5879e-02A R:5.1634e-02ğ›€ E:2.5697e-02V/cm J:2.9078e-01A/cm2 ğ›’:8.8373e-02ğ›€ cm
2023-06-21 16:41:30,019 INFO Measurement at current 0.026381909547738697
2023-06-21 16:41:33,027 INFO T:294.38Â°K V:1.3620e-03V I:2.6382e-02A R:5.1628e-02ğ›€ E:2.6193e-02V/cm J:2.9643e-01A/cm2 ğ›’:8.8363e-02ğ›€ cm
2023-06-21 16:41:33,045 INFO Measurement at current 0.026884422110552766
2023-06-21 16:41:36,122 INFO T:294.39Â°K V:1.3880e-03V I:2.6884e-02A R:5.1629e-02ğ›€ E:2.6692e-02V/cm J:3.0207e-01A/cm2 ğ›’:8.8365e-02ğ›€ cm
2023-06-21 16:41:36,150 INFO Measurement at current 0.027386934673366836
2023-06-21 16:41:39,143 INFO T:294.39Â°K V:1.4139e-03V I:2.7387e-02A R:5.1628e-02ğ›€ E:2.7191e-02V/cm J:3.0772e-01A/cm2 ğ›’:8.8364e-02ğ›€ cm
2023-06-21 16:41:39,165 INFO Measurement at current 0.027889447236180906
2023-06-21 16:41:42,199 INFO T:294.40Â°K V:1.4400e-03V I:2.7889e-02A R:5.1632e-02ğ›€ E:2.7692e-02V/cm J:3.1336e-01A/cm2 ğ›’:8.8370e-02ğ›€ cm
2023-06-21 16:41:42,225 INFO Measurement at current 0.028391959798994976
2023-06-21 16:41:45,189 INFO T:294.40Â°K V:1.4658e-03V I:2.8392e-02A R:5.1628e-02ğ›€ E:2.8189e-02V/cm J:3.1901e-01A/cm2 ğ›’:8.8363e-02ğ›€ cm
2023-06-21 16:41:45,211 INFO Measurement at current 0.028894472361809045
2023-06-21 16:41:48,219 INFO T:294.41Â°K V:1.4918e-03V I:2.8894e-02A R:5.1631e-02ğ›€ E:2.8689e-02V/cm J:3.2466e-01A/cm2 ğ›’:8.8368e-02ğ›€ cm
2023-06-21 16:41:48,246 INFO Measurement at current 0.029396984924623115
2023-06-21 16:41:51,325 INFO T:294.41Â°K V:1.5176e-03V I:2.9397e-02A R:5.1626e-02ğ›€ E:2.9185e-02V/cm J:3.3030e-01A/cm2 ğ›’:8.8359e-02ğ›€ cm
2023-06-21 16:41:51,352 INFO Measurement at current 0.029899497487437185
2023-06-21 16:41:54,402 INFO T:294.42Â°K V:1.5437e-03V I:2.9899e-02A R:5.1629e-02ğ›€ E:2.9686e-02V/cm J:3.3595e-01A/cm2 ğ›’:8.8365e-02ğ›€ cm
2023-06-21 16:41:54,427 INFO Measurement at current 0.03040201005025127
2023-06-21 16:41:57,458 INFO T:294.42Â°K V:1.5695e-03V I:3.0402e-02A R:5.1626e-02ğ›€ E:3.0184e-02V/cm J:3.4160e-01A/cm2 ğ›’:8.8361e-02ğ›€ cm
2023-06-21 16:41:57,482 INFO Measurement at current 0.03090452261306534
2023-06-21 16:42:00,487 INFO T:294.42Â°K V:1.5956e-03V I:3.0905e-02A R:5.1628e-02ğ›€ E:3.0684e-02V/cm J:3.4724e-01A/cm2 ğ›’:8.8364e-02ğ›€ cm
2023-06-21 16:42:00,507 INFO Measurement at current 0.03140703517587941
2023-06-21 16:42:03,492 INFO T:294.43Â°K V:1.6213e-03V I:3.1407e-02A R:5.1622e-02ğ›€ E:3.1179e-02V/cm J:3.5289e-01A/cm2 ğ›’:8.8354e-02ğ›€ cm
2023-06-21 16:42:03,512 INFO Measurement at current 0.03190954773869348
2023-06-21 16:42:06,498 INFO T:294.43Â°K V:1.6474e-03V I:3.1910e-02A R:5.1627e-02ğ›€ E:3.1681e-02V/cm J:3.5853e-01A/cm2 ğ›’:8.8362e-02ğ›€ cm
2023-06-21 16:42:06,516 INFO Measurement at current 0.03241206030150755
2023-06-21 16:42:09,515 INFO T:294.44Â°K V:1.6731e-03V I:3.2412e-02A R:5.1621e-02ğ›€ E:3.2176e-02V/cm J:3.6418e-01A/cm2 ğ›’:8.8351e-02ğ›€ cm
2023-06-21 16:42:09,539 INFO Measurement at current 0.03291457286432162
2023-06-21 16:42:12,586 INFO T:294.44Â°K V:1.6992e-03V I:3.2915e-02A R:5.1625e-02ğ›€ E:3.2677e-02V/cm J:3.6983e-01A/cm2 ğ›’:8.8359e-02ğ›€ cm
2023-06-21 16:42:12,606 INFO Measurement at current 0.03341708542713569
2023-06-21 16:42:15,619 INFO T:294.45Â°K V:1.7251e-03V I:3.3417e-02A R:5.1623e-02ğ›€ E:3.3175e-02V/cm J:3.7547e-01A/cm2 ğ›’:8.8355e-02ğ›€ cm
2023-06-21 16:42:15,634 INFO Measurement at current 0.03391959798994976
2023-06-21 16:42:18,733 INFO T:294.45Â°K V:1.7512e-03V I:3.3920e-02A R:5.1627e-02ğ›€ E:3.3676e-02V/cm J:3.8112e-01A/cm2 ğ›’:8.8361e-02ğ›€ cm
2023-06-21 16:42:18,767 INFO Measurement at current 0.03442211055276383
2023-06-21 16:42:21,773 INFO T:294.46Â°K V:1.7769e-03V I:3.4422e-02A R:5.1622e-02ğ›€ E:3.4172e-02V/cm J:3.8677e-01A/cm2 ğ›’:8.8353e-02ğ›€ cm
2023-06-21 16:42:21,787 INFO Measurement at current 0.034924623115577896
2023-06-21 16:42:24,820 INFO T:294.46Â°K V:1.8029e-03V I:3.4925e-02A R:5.1623e-02ğ›€ E:3.4671e-02V/cm J:3.9241e-01A/cm2 ğ›’:8.8355e-02ğ›€ cm
2023-06-21 16:42:24,839 INFO Measurement at current 0.035427135678391966
2023-06-21 16:42:27,850 INFO T:294.46Â°K V:1.8287e-03V I:3.5427e-02A R:5.1618e-02ğ›€ E:3.5167e-02V/cm J:3.9806e-01A/cm2 ğ›’:8.8346e-02ğ›€ cm
2023-06-21 16:42:27,866 INFO Measurement at current 0.035929648241206036
2023-06-21 16:42:30,865 INFO T:294.47Â°K V:1.8547e-03V I:3.5930e-02A R:5.1621e-02ğ›€ E:3.5668e-02V/cm J:4.0370e-01A/cm2 ğ›’:8.8352e-02ğ›€ cm
2023-06-21 16:42:30,911 INFO Measurement at current 0.036432160804020106
2023-06-21 16:42:33,939 INFO T:294.47Â°K V:1.8806e-03V I:3.6432e-02A R:5.1620e-02ğ›€ E:3.6166e-02V/cm J:4.0935e-01A/cm2 ğ›’:8.8349e-02ğ›€ cm
2023-06-21 16:42:33,966 INFO Measurement at current 0.036934673366834175
2023-06-21 16:42:36,957 INFO T:294.48Â°K V:1.9066e-03V I:3.6935e-02A R:5.1621e-02ğ›€ E:3.6665e-02V/cm J:4.1500e-01A/cm2 ğ›’:8.8351e-02ğ›€ cm
2023-06-21 16:42:36,982 INFO Measurement at current 0.037437185929648245
2023-06-21 16:42:39,986 INFO T:294.48Â°K V:1.9324e-03V I:3.7437e-02A R:5.1618e-02ğ›€ E:3.7162e-02V/cm J:4.2064e-01A/cm2 ğ›’:8.8345e-02ğ›€ cm
2023-06-21 16:42:40,021 INFO Measurement at current 0.037939698492462315
2023-06-21 16:42:43,028 INFO T:294.49Â°K V:1.9584e-03V I:3.7940e-02A R:5.1620e-02ğ›€ E:3.7662e-02V/cm J:4.2629e-01A/cm2 ğ›’:8.8349e-02ğ›€ cm
2023-06-21 16:42:43,062 INFO Measurement at current 0.038442211055276385
2023-06-21 16:42:46,106 INFO T:294.49Â°K V:1.9842e-03V I:3.8442e-02A R:5.1615e-02ğ›€ E:3.8157e-02V/cm J:4.3193e-01A/cm2 ğ›’:8.8341e-02ğ›€ cm
2023-06-21 16:42:46,127 INFO Measurement at current 0.038944723618090454
2023-06-21 16:42:49,117 INFO T:294.50Â°K V:2.0102e-03V I:3.8945e-02A R:5.1616e-02ğ›€ E:3.8657e-02V/cm J:4.3758e-01A/cm2 ğ›’:8.8343e-02ğ›€ cm
2023-06-21 16:42:49,162 INFO Measurement at current 0.039447236180904524
2023-06-21 16:42:52,202 INFO T:294.50Â°K V:2.0360e-03V I:3.9447e-02A R:5.1614e-02ğ›€ E:3.9155e-02V/cm J:4.4323e-01A/cm2 ğ›’:8.8340e-02ğ›€ cm
2023-06-21 16:42:52,222 INFO Measurement at current 0.039949748743718594
2023-06-21 16:42:55,230 INFO T:294.50Â°K V:2.0621e-03V I:3.9950e-02A R:5.1617e-02ğ›€ E:3.9655e-02V/cm J:4.4887e-01A/cm2 ğ›’:8.8344e-02ğ›€ cm
2023-06-21 16:42:55,255 INFO Measurement at current 0.040452261306532664
2023-06-21 16:42:58,270 INFO T:294.51Â°K V:2.0878e-03V I:4.0452e-02A R:5.1612e-02ğ›€ E:4.0151e-02V/cm J:4.5452e-01A/cm2 ğ›’:8.8336e-02ğ›€ cm
2023-06-21 16:42:58,295 INFO Measurement at current 0.04095477386934673
2023-06-21 16:43:01,329 INFO T:294.51Â°K V:2.1138e-03V I:4.0955e-02A R:5.1614e-02ğ›€ E:4.0651e-02V/cm J:4.6017e-01A/cm2 ğ›’:8.8339e-02ğ›€ cm
2023-06-21 16:43:01,368 INFO Measurement at current 0.04145728643216082
2023-06-21 16:43:04,382 INFO T:294.52Â°K V:2.1396e-03V I:4.1457e-02A R:5.1610e-02ğ›€ E:4.1146e-02V/cm J:4.6581e-01A/cm2 ğ›’:8.8333e-02ğ›€ cm
2023-06-21 16:43:04,416 INFO Measurement at current 0.04195979899497489
2023-06-21 16:43:07,430 INFO T:294.52Â°K V:2.1657e-03V I:4.1960e-02A R:5.1614e-02ğ›€ E:4.1648e-02V/cm J:4.7146e-01A/cm2 ğ›’:8.8340e-02ğ›€ cm
2023-06-21 16:43:07,450 INFO Measurement at current 0.042462311557788956
2023-06-21 16:43:10,456 INFO T:294.53Â°K V:2.1915e-03V I:4.2462e-02A R:5.1611e-02ğ›€ E:4.2145e-02V/cm J:4.7710e-01A/cm2 ğ›’:8.8335e-02ğ›€ cm
2023-06-21 16:43:10,521 INFO Measurement at current 0.042964824120603026
2023-06-21 16:43:13,531 INFO T:294.53Â°K V:2.2176e-03V I:4.2965e-02A R:5.1615e-02ğ›€ E:4.2647e-02V/cm J:4.8275e-01A/cm2 ğ›’:8.8342e-02ğ›€ cm
2023-06-21 16:43:13,549 INFO Measurement at current 0.043467336683417096
2023-06-21 16:43:16,539 INFO T:294.53Â°K V:2.2434e-03V I:4.3467e-02A R:5.1612e-02ğ›€ E:4.3143e-02V/cm J:4.8840e-01A/cm2 ğ›’:8.8336e-02ğ›€ cm
2023-06-21 16:43:16,559 INFO Measurement at current 0.043969849246231166
2023-06-21 16:43:19,570 INFO T:294.54Â°K V:2.2695e-03V I:4.3970e-02A R:5.1615e-02ğ›€ E:4.3644e-02V/cm J:4.9404e-01A/cm2 ğ›’:8.8341e-02ğ›€ cm
2023-06-21 16:43:19,638 INFO Measurement at current 0.044472361809045236
2023-06-21 16:43:22,628 INFO T:294.54Â°K V:2.2953e-03V I:4.4472e-02A R:5.1612e-02ğ›€ E:4.4141e-02V/cm J:4.9969e-01A/cm2 ğ›’:8.8336e-02ğ›€ cm
2023-06-21 16:43:22,644 INFO Measurement at current 0.044974874371859305
2023-06-21 16:43:25,685 INFO T:294.55Â°K V:2.3214e-03V I:4.4975e-02A R:5.1616e-02ğ›€ E:4.4643e-02V/cm J:5.0534e-01A/cm2 ğ›’:8.8343e-02ğ›€ cm
2023-06-21 16:43:25,704 INFO Measurement at current 0.045477386934673375
2023-06-21 16:43:28,740 INFO T:294.55Â°K V:2.3472e-03V I:4.5477e-02A R:5.1613e-02ğ›€ E:4.5139e-02V/cm J:5.1098e-01A/cm2 ğ›’:8.8337e-02ğ›€ cm
2023-06-21 16:43:28,758 INFO Measurement at current 0.045979899497487445
2023-06-21 16:43:31,785 INFO T:294.56Â°K V:2.3733e-03V I:4.5980e-02A R:5.1616e-02ğ›€ E:4.5641e-02V/cm J:5.1663e-01A/cm2 ğ›’:8.8343e-02ğ›€ cm
2023-06-21 16:43:31,823 INFO Measurement at current 0.046482412060301515
2023-06-21 16:43:34,851 INFO T:294.56Â°K V:2.3991e-03V I:4.6482e-02A R:5.1613e-02ğ›€ E:4.6136e-02V/cm J:5.2227e-01A/cm2 ğ›’:8.8337e-02ğ›€ cm
2023-06-21 16:43:34,874 INFO Measurement at current 0.046984924623115584
2023-06-21 16:43:37,908 INFO T:294.56Â°K V:2.4251e-03V I:4.6985e-02A R:5.1615e-02ğ›€ E:4.6637e-02V/cm J:5.2792e-01A/cm2 ğ›’:8.8342e-02ğ›€ cm
2023-06-21 16:43:37,930 INFO Measurement at current 0.047487437185929654
2023-06-21 16:43:40,956 INFO T:294.57Â°K V:2.4510e-03V I:4.7487e-02A R:5.1613e-02ğ›€ E:4.7134e-02V/cm J:5.3357e-01A/cm2 ğ›’:8.8338e-02ğ›€ cm
2023-06-21 16:43:40,994 INFO Measurement at current 0.047989949748743724
2023-06-21 16:43:43,987 INFO T:294.57Â°K V:2.4770e-03V I:4.7990e-02A R:5.1615e-02ğ›€ E:4.7635e-02V/cm J:5.3921e-01A/cm2 ğ›’:8.8342e-02ğ›€ cm
2023-06-21 16:43:44,015 INFO Measurement at current 0.048492462311557794
2023-06-21 16:43:47,022 INFO T:294.58Â°K V:2.5028e-03V I:4.8492e-02A R:5.1611e-02ğ›€ E:4.8130e-02V/cm J:5.4486e-01A/cm2 ğ›’:8.8335e-02ğ›€ cm
2023-06-21 16:43:47,038 INFO Measurement at current 0.04899497487437186
2023-06-21 16:43:50,086 INFO T:294.58Â°K V:2.5290e-03V I:4.8995e-02A R:5.1617e-02ğ›€ E:4.8634e-02V/cm J:5.5051e-01A/cm2 ğ›’:8.8344e-02ğ›€ cm
2023-06-21 16:43:50,137 INFO Measurement at current 0.04949748743718593
2023-06-21 16:43:53,202 INFO T:294.59Â°K V:2.5547e-03V I:4.9497e-02A R:5.1613e-02ğ›€ E:4.9129e-02V/cm J:5.5615e-01A/cm2 ğ›’:8.8338e-02ğ›€ cm
2023-06-21 16:43:53,231 INFO Measurement at current 0.05
2023-06-21 16:43:56,264 INFO T:294.59Â°K V:2.5807e-03V I:5.0000e-02A R:5.1614e-02ğ›€ E:4.9629e-02V/cm J:5.6180e-01A/cm2 ğ›’:8.8340e-02ğ›€ cm
2023-06-21 16:44:09,192 INFO Save the description file
2023-06-21 16:44:09,202 INFO Save data in numpy format Esperimenti/BT_3_1b_210623_I-V/BT_3_1b_210623_I-V_current_from_-500e-4_to_500e-4A/BT_3_1b_210623_I-V_current_from_-500e-4_to_500e-4A-20230621164407
2023-06-21 16:44:09,224 INFO Save data in CSV format Esperimenti/BT_3_1b_210623_I-V/BT_3_1b_210623_I-V_current_from_-500e-4_to_500e-4A/BT_3_1b_210623_I-V_current_from_-500e-4_to_500e-4A-20230621164407.csv
2023-06-21 16:44:09,245 INFO Save plot as image Esperimenti/BT_3_1b_210623_I-V/BT_3_1b_210623_I-V_current_from_-500e-4_to_500e-4A/BT_3_1b_210623_I-V_current_from_-500e-4_to_500e-4A-20230621164407.png
