2023-03-23 11:55:12,845 INFO ### Start experiment: CPRO_MUSA_230323 current from 0 to 8e-4A ###
2023-03-23 11:55:14,192 INFO Found Multimeter KEITHLEY INSTRUMENTS INC.,MODEL 2700,0884890,B03  /A02  

2023-03-23 11:55:15,218 INFO Found Nanovolt Meter KEITHLEY INSTRUMENTS INC.,MODEL 2182A,4056474,C03  /A02  

2023-03-23 11:55:15,333 INFO Found Source Meter KEITHLEY INSTRUMENTS INC.,MODEL 2400,0945684,C24   Feb 14 2002 11:59:45/A02  /K/H

2023-03-23 11:55:15,459 INFO Start the measurement loop
2023-03-23 11:55:25,290 INFO Measurement at current 0.0
2023-03-23 11:55:26,205 INFO T:295.34Â°K V:5.6746e-07V I:0.0000e+00A R:infğ›€ E:1.7514e-05V/cm J:0.0000e+00A/cm2 ğ›’:infğ›€ cm
2023-03-23 11:55:26,223 INFO Measurement at current 8.08080808080808e-06
2023-03-23 11:55:26,820 INFO T:295.34Â°K V:1.2076e-04V I:8.0808e-06A R:1.4944e+01ğ›€ E:3.7272e-03V/cm J:3.5365e-04A/cm2 ğ›’:1.0539e+01ğ›€ cm
2023-03-23 11:55:26,837 INFO Measurement at current 1.616161616161616e-05
2023-03-23 11:55:27,435 INFO T:295.34Â°K V:2.4096e-04V I:1.6162e-05A R:1.4909e+01ğ›€ E:7.4370e-03V/cm J:7.0729e-04A/cm2 ğ›’:1.0515e+01ğ›€ cm
2023-03-23 11:55:27,458 INFO Measurement at current 2.424242424242424e-05
2023-03-23 11:55:28,058 INFO T:295.34Â°K V:3.6115e-04V I:2.4242e-05A R:1.4897e+01ğ›€ E:1.1147e-02V/cm J:1.0609e-03A/cm2 ğ›’:1.0506e+01ğ›€ cm
2023-03-23 11:55:28,088 INFO Measurement at current 3.232323232323232e-05
2023-03-23 11:55:28,683 INFO T:295.34Â°K V:4.8144e-04V I:3.2323e-05A R:1.4894e+01ğ›€ E:1.4859e-02V/cm J:1.4146e-03A/cm2 ğ›’:1.0504e+01ğ›€ cm
2023-03-23 11:55:28,698 INFO Measurement at current 4.0404040404040405e-05
2023-03-23 11:55:29,291 INFO T:295.34Â°K V:6.0163e-04V I:4.0404e-05A R:1.4890e+01ğ›€ E:1.8569e-02V/cm J:1.7682e-03A/cm2 ğ›’:1.0501e+01ğ›€ cm
2023-03-23 11:55:29,314 INFO Measurement at current 4.848484848484848e-05
2023-03-23 11:55:29,925 INFO T:295.34Â°K V:7.2187e-04V I:4.8485e-05A R:1.4888e+01ğ›€ E:2.2280e-02V/cm J:2.1219e-03A/cm2 ğ›’:1.0500e+01ğ›€ cm
2023-03-23 11:55:29,950 INFO Measurement at current 5.6565656565656563e-05
2023-03-23 11:55:30,558 INFO T:295.33Â°K V:8.4204e-04V I:5.6566e-05A R:1.4886e+01ğ›€ E:2.5989e-02V/cm J:2.4755e-03A/cm2 ğ›’:1.0498e+01ğ›€ cm
2023-03-23 11:55:30,574 INFO Measurement at current 6.464646464646465e-05
2023-03-23 11:55:31,168 INFO T:295.33Â°K V:9.6222e-04V I:6.4646e-05A R:1.4884e+01ğ›€ E:2.9698e-02V/cm J:2.8292e-03A/cm2 ğ›’:1.0497e+01ğ›€ cm
2023-03-23 11:55:31,190 INFO Measurement at current 7.272727272727273e-05
2023-03-23 11:55:31,783 INFO T:295.33Â°K V:1.0824e-03V I:7.2727e-05A R:1.4883e+01ğ›€ E:3.3407e-02V/cm J:3.1828e-03A/cm2 ğ›’:1.0496e+01ğ›€ cm
2023-03-23 11:55:31,806 INFO Measurement at current 8.080808080808081e-05
2023-03-23 11:55:32,398 INFO T:295.33Â°K V:1.2026e-03V I:8.0808e-05A R:1.4882e+01ğ›€ E:3.7117e-02V/cm J:3.5365e-03A/cm2 ğ›’:1.0495e+01ğ›€ cm
2023-03-23 11:55:32,423 INFO Measurement at current 8.888888888888889e-05
2023-03-23 11:55:33,028 INFO T:295.33Â°K V:1.3228e-03V I:8.8889e-05A R:1.4881e+01ğ›€ E:4.0826e-02V/cm J:3.8901e-03A/cm2 ğ›’:1.0495e+01ğ›€ cm
2023-03-23 11:55:33,052 INFO Measurement at current 9.696969696969696e-05
2023-03-23 11:55:33,657 INFO T:295.33Â°K V:1.4430e-03V I:9.6970e-05A R:1.4881e+01ğ›€ E:4.4536e-02V/cm J:4.2438e-03A/cm2 ğ›’:1.0494e+01ğ›€ cm
2023-03-23 11:55:33,677 INFO Measurement at current 0.00010505050505050504
2023-03-23 11:55:34,266 INFO T:295.33Â°K V:1.5635e-03V I:1.0505e-04A R:1.4883e+01ğ›€ E:4.8255e-02V/cm J:4.5974e-03A/cm2 ğ›’:1.0496e+01ğ›€ cm
2023-03-23 11:55:34,281 INFO Measurement at current 0.00011313131313131313
2023-03-23 11:55:34,890 INFO T:295.33Â°K V:1.6837e-03V I:1.1313e-04A R:1.4883e+01ğ›€ E:5.1966e-02V/cm J:4.9510e-03A/cm2 ğ›’:1.0496e+01ğ›€ cm
2023-03-23 11:55:34,920 INFO Measurement at current 0.00012121212121212121
2023-03-23 11:55:35,514 INFO T:295.33Â°K V:1.8035e-03V I:1.2121e-04A R:1.4879e+01ğ›€ E:5.5663e-02V/cm J:5.3047e-03A/cm2 ğ›’:1.0493e+01ğ›€ cm
2023-03-23 11:55:35,538 INFO Measurement at current 0.0001292929292929293
2023-03-23 11:55:36,145 INFO T:295.33Â°K V:1.9240e-03V I:1.2929e-04A R:1.4881e+01ğ›€ E:5.9382e-02V/cm J:5.6583e-03A/cm2 ğ›’:1.0495e+01ğ›€ cm
2023-03-23 11:55:36,163 INFO Measurement at current 0.00013737373737373736
2023-03-23 11:55:36,755 INFO T:295.33Â°K V:2.0436e-03V I:1.3737e-04A R:1.4876e+01ğ›€ E:6.3075e-02V/cm J:6.0120e-03A/cm2 ğ›’:1.0492e+01ğ›€ cm
2023-03-23 11:55:36,769 INFO Measurement at current 0.00014545454545454546
2023-03-23 11:55:37,365 INFO T:295.33Â°K V:2.1643e-03V I:1.4545e-04A R:1.4879e+01ğ›€ E:6.6799e-02V/cm J:6.3656e-03A/cm2 ğ›’:1.0494e+01ğ›€ cm
2023-03-23 11:55:37,386 INFO Measurement at current 0.00015353535353535353
2023-03-23 11:55:37,988 INFO T:295.33Â°K V:2.2847e-03V I:1.5354e-04A R:1.4881e+01ğ›€ E:7.0515e-02V/cm J:6.7193e-03A/cm2 ğ›’:1.0494e+01ğ›€ cm
2023-03-23 11:55:38,011 INFO Measurement at current 0.00016161616161616162
2023-03-23 11:55:38,614 INFO T:295.33Â°K V:2.4046e-03V I:1.6162e-04A R:1.4878e+01ğ›€ E:7.4215e-02V/cm J:7.0729e-03A/cm2 ğ›’:1.0493e+01ğ›€ cm
2023-03-23 11:55:38,638 INFO Measurement at current 0.0001696969696969697
2023-03-23 11:55:39,245 INFO T:295.33Â°K V:2.5251e-03V I:1.6970e-04A R:1.4880e+01ğ›€ E:7.7936e-02V/cm J:7.4266e-03A/cm2 ğ›’:1.0494e+01ğ›€ cm
2023-03-23 11:55:39,261 INFO Measurement at current 0.00017777777777777779
2023-03-23 11:55:39,850 INFO T:295.33Â°K V:2.6456e-03V I:1.7778e-04A R:1.4881e+01ğ›€ E:8.1653e-02V/cm J:7.7802e-03A/cm2 ğ›’:1.0495e+01ğ›€ cm
2023-03-23 11:55:39,868 INFO Measurement at current 0.00018585858585858586
2023-03-23 11:55:40,458 INFO T:295.32Â°K V:2.7654e-03V I:1.8586e-04A R:1.4879e+01ğ›€ E:8.5353e-02V/cm J:8.1339e-03A/cm2 ğ›’:1.0493e+01ğ›€ cm
2023-03-23 11:55:40,473 INFO Measurement at current 0.00019393939393939392
2023-03-23 11:55:41,066 INFO T:295.32Â°K V:2.8861e-03V I:1.9394e-04A R:1.4881e+01ğ›€ E:8.9077e-02V/cm J:8.4875e-03A/cm2 ğ›’:1.0495e+01ğ›€ cm
2023-03-23 11:55:41,092 INFO Measurement at current 0.00020202020202020202
2023-03-23 11:55:41,698 INFO T:295.32Â°K V:3.0057e-03V I:2.0202e-04A R:1.4878e+01ğ›€ E:9.2769e-02V/cm J:8.8411e-03A/cm2 ğ›’:1.0493e+01ğ›€ cm
2023-03-23 11:55:41,734 INFO Measurement at current 0.0002101010101010101
2023-03-23 11:55:42,337 INFO T:295.32Â°K V:3.1263e-03V I:2.1010e-04A R:1.4880e+01ğ›€ E:9.6492e-02V/cm J:9.1948e-03A/cm2 ğ›’:1.0494e+01ğ›€ cm
2023-03-23 11:55:42,364 INFO Measurement at current 0.00021818181818181818
2023-03-23 11:55:42,963 INFO T:295.32Â°K V:3.2466e-03V I:2.1818e-04A R:1.4880e+01ğ›€ E:1.0020e-01V/cm J:9.5484e-03A/cm2 ğ›’:1.0494e+01ğ›€ cm
2023-03-23 11:55:42,979 INFO Measurement at current 0.00022626262626262625
2023-03-23 11:55:43,594 INFO T:295.32Â°K V:3.3663e-03V I:2.2626e-04A R:1.4878e+01ğ›€ E:1.0390e-01V/cm J:9.9021e-03A/cm2 ğ›’:1.0493e+01ğ›€ cm
2023-03-23 11:55:43,620 INFO Measurement at current 0.00023434343434343435
2023-03-23 11:55:44,227 INFO T:295.32Â°K V:3.4868e-03V I:2.3434e-04A R:1.4879e+01ğ›€ E:1.0762e-01V/cm J:1.0256e-02A/cm2 ğ›’:1.0493e+01ğ›€ cm
2023-03-23 11:55:44,250 INFO Measurement at current 0.00024242424242424242
2023-03-23 11:55:44,857 INFO T:295.32Â°K V:3.6062e-03V I:2.4242e-04A R:1.4876e+01ğ›€ E:1.1130e-01V/cm J:1.0609e-02A/cm2 ğ›’:1.0491e+01ğ›€ cm
2023-03-23 11:55:44,873 INFO Measurement at current 0.0002505050505050505
2023-03-23 11:55:45,469 INFO T:295.32Â°K V:3.7267e-03V I:2.5051e-04A R:1.4877e+01ğ›€ E:1.1502e-01V/cm J:1.0963e-02A/cm2 ğ›’:1.0492e+01ğ›€ cm
2023-03-23 11:55:45,485 INFO Measurement at current 0.0002585858585858586
2023-03-23 11:55:46,072 INFO T:295.32Â°K V:3.8471e-03V I:2.5859e-04A R:1.4878e+01ğ›€ E:1.1874e-01V/cm J:1.1317e-02A/cm2 ğ›’:1.0492e+01ğ›€ cm
2023-03-23 11:55:46,089 INFO Measurement at current 0.0002666666666666667
2023-03-23 11:55:46,687 INFO T:295.32Â°K V:3.9668e-03V I:2.6667e-04A R:1.4875e+01ğ›€ E:1.2243e-01V/cm J:1.1670e-02A/cm2 ğ›’:1.0491e+01ğ›€ cm
2023-03-23 11:55:46,706 INFO Measurement at current 0.0002747474747474747
2023-03-23 11:55:47,312 INFO T:295.32Â°K V:4.0874e-03V I:2.7475e-04A R:1.4877e+01ğ›€ E:1.2616e-01V/cm J:1.2024e-02A/cm2 ğ›’:1.0492e+01ğ›€ cm
2023-03-23 11:55:47,334 INFO Measurement at current 0.0002828282828282828
2023-03-23 11:55:47,927 INFO T:295.32Â°K V:4.2079e-03V I:2.8283e-04A R:1.4878e+01ğ›€ E:1.2987e-01V/cm J:1.2378e-02A/cm2 ğ›’:1.0493e+01ğ›€ cm
2023-03-23 11:55:47,948 INFO Measurement at current 0.0002909090909090909
2023-03-23 11:55:48,544 INFO T:295.32Â°K V:4.3277e-03V I:2.9091e-04A R:1.4877e+01ğ›€ E:1.3357e-01V/cm J:1.2731e-02A/cm2 ğ›’:1.0492e+01ğ›€ cm
2023-03-23 11:55:48,562 INFO Measurement at current 0.000298989898989899
2023-03-23 11:55:49,166 INFO T:295.32Â°K V:4.4484e-03V I:2.9899e-04A R:1.4878e+01ğ›€ E:1.3729e-01V/cm J:1.3085e-02A/cm2 ğ›’:1.0493e+01ğ›€ cm
2023-03-23 11:55:49,183 INFO Measurement at current 0.00030707070707070705
2023-03-23 11:55:49,777 INFO T:295.31Â°K V:4.5680e-03V I:3.0707e-04A R:1.4876e+01ğ›€ E:1.4099e-01V/cm J:1.3439e-02A/cm2 ğ›’:1.0491e+01ğ›€ cm
2023-03-23 11:55:49,801 INFO Measurement at current 0.00031515151515151515
2023-03-23 11:55:50,403 INFO T:295.31Â°K V:4.6886e-03V I:3.1515e-04A R:1.4877e+01ğ›€ E:1.4471e-01V/cm J:1.3792e-02A/cm2 ğ›’:1.0492e+01ğ›€ cm
2023-03-23 11:55:50,419 INFO Measurement at current 0.00032323232323232324
2023-03-23 11:55:51,015 INFO T:295.31Â°K V:4.8092e-03V I:3.2323e-04A R:1.4878e+01ğ›€ E:1.4843e-01V/cm J:1.4146e-02A/cm2 ğ›’:1.0493e+01ğ›€ cm
2023-03-23 11:55:51,035 INFO Measurement at current 0.0003313131313131313
2023-03-23 11:55:51,663 INFO T:295.31Â°K V:4.9288e-03V I:3.3131e-04A R:1.4877e+01ğ›€ E:1.5212e-01V/cm J:1.4499e-02A/cm2 ğ›’:1.0492e+01ğ›€ cm
2023-03-23 11:55:51,686 INFO Measurement at current 0.0003393939393939394
2023-03-23 11:55:52,284 INFO T:295.31Â°K V:5.0494e-03V I:3.3939e-04A R:1.4878e+01ğ›€ E:1.5584e-01V/cm J:1.4853e-02A/cm2 ğ›’:1.0492e+01ğ›€ cm
2023-03-23 11:55:52,309 INFO Measurement at current 0.0003474747474747475
2023-03-23 11:55:52,912 INFO T:295.31Â°K V:5.1689e-03V I:3.4747e-04A R:1.4876e+01ğ›€ E:1.5954e-01V/cm J:1.5207e-02A/cm2 ğ›’:1.0491e+01ğ›€ cm
2023-03-23 11:55:52,949 INFO Measurement at current 0.00035555555555555557
2023-03-23 11:55:53,555 INFO T:295.31Â°K V:5.2893e-03V I:3.5556e-04A R:1.4876e+01ğ›€ E:1.6325e-01V/cm J:1.5560e-02A/cm2 ğ›’:1.0491e+01ğ›€ cm
2023-03-23 11:55:53,570 INFO Measurement at current 0.0003636363636363636
2023-03-23 11:55:54,163 INFO T:295.31Â°K V:5.4098e-03V I:3.6364e-04A R:1.4877e+01ğ›€ E:1.6697e-01V/cm J:1.5914e-02A/cm2 ğ›’:1.0492e+01ğ›€ cm
2023-03-23 11:55:54,178 INFO Measurement at current 0.0003717171717171717
2023-03-23 11:55:54,769 INFO T:295.31Â°K V:5.5293e-03V I:3.7172e-04A R:1.4875e+01ğ›€ E:1.7066e-01V/cm J:1.6268e-02A/cm2 ğ›’:1.0491e+01ğ›€ cm
2023-03-23 11:55:54,791 INFO Measurement at current 0.0003797979797979798
2023-03-23 11:55:55,397 INFO T:295.31Â°K V:5.6497e-03V I:3.7980e-04A R:1.4876e+01ğ›€ E:1.7437e-01V/cm J:1.6621e-02A/cm2 ğ›’:1.0491e+01ğ›€ cm
2023-03-23 11:55:55,420 INFO Measurement at current 0.00038787878787878785
2023-03-23 11:55:56,023 INFO T:295.31Â°K V:5.7702e-03V I:3.8788e-04A R:1.4876e+01ğ›€ E:1.7809e-01V/cm J:1.6975e-02A/cm2 ğ›’:1.0492e+01ğ›€ cm
2023-03-23 11:55:56,037 INFO Measurement at current 0.00039595959595959594
2023-03-23 11:55:56,630 INFO T:295.31Â°K V:5.8897e-03V I:3.9596e-04A R:1.4875e+01ğ›€ E:1.8178e-01V/cm J:1.7329e-02A/cm2 ğ›’:1.0490e+01ğ›€ cm
2023-03-23 11:55:56,649 INFO Measurement at current 0.00040404040404040404
2023-03-23 11:55:57,241 INFO T:295.31Â°K V:6.0103e-03V I:4.0404e-04A R:1.4875e+01ğ›€ E:1.8550e-01V/cm J:1.7682e-02A/cm2 ğ›’:1.0491e+01ğ›€ cm
2023-03-23 11:55:57,259 INFO Measurement at current 0.00041212121212121214
2023-03-23 11:55:57,851 INFO T:295.31Â°K V:6.1299e-03V I:4.1212e-04A R:1.4874e+01ğ›€ E:1.8919e-01V/cm J:1.8036e-02A/cm2 ğ›’:1.0490e+01ğ›€ cm
2023-03-23 11:55:57,877 INFO Measurement at current 0.0004202020202020202
2023-03-23 11:55:58,477 INFO T:295.31Â°K V:6.2505e-03V I:4.2020e-04A R:1.4875e+01ğ›€ E:1.9292e-01V/cm J:1.8390e-02A/cm2 ğ›’:1.0491e+01ğ›€ cm
2023-03-23 11:55:58,500 INFO Measurement at current 0.0004282828282828283
2023-03-23 11:55:59,101 INFO T:295.30Â°K V:6.3711e-03V I:4.2828e-04A R:1.4876e+01ğ›€ E:1.9664e-01V/cm J:1.8743e-02A/cm2 ğ›’:1.0491e+01ğ›€ cm
2023-03-23 11:55:59,120 INFO Measurement at current 0.00043636363636363637
2023-03-23 11:55:59,720 INFO T:295.30Â°K V:6.4907e-03V I:4.3636e-04A R:1.4874e+01ğ›€ E:2.0033e-01V/cm J:1.9097e-02A/cm2 ğ›’:1.0490e+01ğ›€ cm
2023-03-23 11:55:59,738 INFO Measurement at current 0.00044444444444444447
2023-03-23 11:56:00,330 INFO T:295.30Â°K V:6.6114e-03V I:4.4444e-04A R:1.4876e+01ğ›€ E:2.0406e-01V/cm J:1.9451e-02A/cm2 ğ›’:1.0491e+01ğ›€ cm
2023-03-23 11:56:00,347 INFO Measurement at current 0.0004525252525252525
2023-03-23 11:56:00,937 INFO T:295.30Â°K V:6.7319e-03V I:4.5253e-04A R:1.4876e+01ğ›€ E:2.0778e-01V/cm J:1.9804e-02A/cm2 ğ›’:1.0491e+01ğ›€ cm
2023-03-23 11:56:00,961 INFO Measurement at current 0.0004606060606060606
2023-03-23 11:56:01,550 INFO T:295.30Â°K V:6.8516e-03V I:4.6061e-04A R:1.4875e+01ğ›€ E:2.1147e-01V/cm J:2.0158e-02A/cm2 ğ›’:1.0491e+01ğ›€ cm
2023-03-23 11:56:01,569 INFO Measurement at current 0.0004686868686868687
2023-03-23 11:56:02,167 INFO T:295.30Â°K V:6.9723e-03V I:4.6869e-04A R:1.4876e+01ğ›€ E:2.1519e-01V/cm J:2.0511e-02A/cm2 ğ›’:1.0491e+01ğ›€ cm
2023-03-23 11:56:02,193 INFO Measurement at current 0.00047676767676767674
2023-03-23 11:56:02,790 INFO T:295.30Â°K V:7.0917e-03V I:4.7677e-04A R:1.4875e+01ğ›€ E:2.1888e-01V/cm J:2.0865e-02A/cm2 ğ›’:1.0490e+01ğ›€ cm
2023-03-23 11:56:02,808 INFO Measurement at current 0.00048484848484848484
2023-03-23 11:56:03,402 INFO T:295.30Â°K V:7.2122e-03V I:4.8485e-04A R:1.4875e+01ğ›€ E:2.2260e-01V/cm J:2.1219e-02A/cm2 ğ›’:1.0491e+01ğ›€ cm
2023-03-23 11:56:03,419 INFO Measurement at current 0.0004929292929292929
2023-03-23 11:56:04,011 INFO T:295.30Â°K V:7.3327e-03V I:4.9293e-04A R:1.4876e+01ğ›€ E:2.2632e-01V/cm J:2.1572e-02A/cm2 ğ›’:1.0491e+01ğ›€ cm
2023-03-23 11:56:04,027 INFO Measurement at current 0.000501010101010101
2023-03-23 11:56:04,628 INFO T:295.30Â°K V:7.4521e-03V I:5.0101e-04A R:1.4874e+01ğ›€ E:2.3000e-01V/cm J:2.1926e-02A/cm2 ğ›’:1.0490e+01ğ›€ cm
2023-03-23 11:56:04,644 INFO Measurement at current 0.0005090909090909091
2023-03-23 11:56:05,232 INFO T:295.30Â°K V:7.5725e-03V I:5.0909e-04A R:1.4875e+01ğ›€ E:2.3372e-01V/cm J:2.2280e-02A/cm2 ğ›’:1.0490e+01ğ›€ cm
2023-03-23 11:56:05,249 INFO Measurement at current 0.0005171717171717172
2023-03-23 11:56:05,844 INFO T:295.30Â°K V:7.6923e-03V I:5.1717e-04A R:1.4874e+01ğ›€ E:2.3742e-01V/cm J:2.2633e-02A/cm2 ğ›’:1.0490e+01ğ›€ cm
2023-03-23 11:56:05,866 INFO Measurement at current 0.0005252525252525252
2023-03-23 11:56:06,470 INFO T:295.30Â°K V:7.8126e-03V I:5.2525e-04A R:1.4874e+01ğ›€ E:2.4113e-01V/cm J:2.2987e-02A/cm2 ğ›’:1.0490e+01ğ›€ cm
2023-03-23 11:56:06,487 INFO Measurement at current 0.0005333333333333334
2023-03-23 11:56:07,074 INFO T:295.30Â°K V:7.9331e-03V I:5.3333e-04A R:1.4875e+01ğ›€ E:2.4485e-01V/cm J:2.3341e-02A/cm2 ğ›’:1.0490e+01ğ›€ cm
2023-03-23 11:56:07,089 INFO Measurement at current 0.0005414141414141414
2023-03-23 11:56:07,687 INFO T:295.30Â°K V:8.0526e-03V I:5.4141e-04A R:1.4873e+01ğ›€ E:2.4854e-01V/cm J:2.3694e-02A/cm2 ğ›’:1.0489e+01ğ›€ cm
2023-03-23 11:56:07,713 INFO Measurement at current 0.0005494949494949494
2023-03-23 11:56:08,312 INFO T:295.30Â°K V:8.1732e-03V I:5.4949e-04A R:1.4874e+01ğ›€ E:2.5226e-01V/cm J:2.4048e-02A/cm2 ğ›’:1.0490e+01ğ›€ cm
2023-03-23 11:56:08,331 INFO Measurement at current 0.0005575757575757576
2023-03-23 11:56:08,923 INFO T:295.29Â°K V:8.2938e-03V I:5.5758e-04A R:1.4875e+01ğ›€ E:2.5598e-01V/cm J:2.4402e-02A/cm2 ğ›’:1.0490e+01ğ›€ cm
2023-03-23 11:56:08,941 INFO Measurement at current 0.0005656565656565656
2023-03-23 11:56:09,537 INFO T:295.29Â°K V:8.4135e-03V I:5.6566e-04A R:1.4874e+01ğ›€ E:2.5968e-01V/cm J:2.4755e-02A/cm2 ğ›’:1.0490e+01ğ›€ cm
2023-03-23 11:56:09,557 INFO Measurement at current 0.0005737373737373738
2023-03-23 11:56:10,167 INFO T:295.29Â°K V:8.5341e-03V I:5.7374e-04A R:1.4875e+01ğ›€ E:2.6340e-01V/cm J:2.5109e-02A/cm2 ğ›’:1.0490e+01ğ›€ cm
2023-03-23 11:56:10,184 INFO Measurement at current 0.0005818181818181818
2023-03-23 11:56:10,786 INFO T:295.29Â°K V:8.6539e-03V I:5.8182e-04A R:1.4874e+01ğ›€ E:2.6710e-01V/cm J:2.5463e-02A/cm2 ğ›’:1.0490e+01ğ›€ cm
2023-03-23 11:56:10,808 INFO Measurement at current 0.0005898989898989899
2023-03-23 11:56:11,406 INFO T:295.29Â°K V:8.7743e-03V I:5.8990e-04A R:1.4874e+01ğ›€ E:2.7081e-01V/cm J:2.5816e-02A/cm2 ğ›’:1.0490e+01ğ›€ cm
2023-03-23 11:56:11,438 INFO Measurement at current 0.000597979797979798
2023-03-23 11:56:12,046 INFO T:295.29Â°K V:8.8952e-03V I:5.9798e-04A R:1.4875e+01ğ›€ E:2.7454e-01V/cm J:2.6170e-02A/cm2 ğ›’:1.0491e+01ğ›€ cm
2023-03-23 11:56:12,071 INFO Measurement at current 0.0006060606060606061
2023-03-23 11:56:12,683 INFO T:295.29Â°K V:9.0144e-03V I:6.0606e-04A R:1.4874e+01ğ›€ E:2.7822e-01V/cm J:2.6523e-02A/cm2 ğ›’:1.0490e+01ğ›€ cm
2023-03-23 11:56:12,702 INFO Measurement at current 0.0006141414141414141
2023-03-23 11:56:13,316 INFO T:295.29Â°K V:9.1351e-03V I:6.1414e-04A R:1.4875e+01ğ›€ E:2.8195e-01V/cm J:2.6877e-02A/cm2 ğ›’:1.0490e+01ğ›€ cm
2023-03-23 11:56:13,338 INFO Measurement at current 0.0006222222222222223
2023-03-23 11:56:13,942 INFO T:295.29Â°K V:9.2549e-03V I:6.2222e-04A R:1.4874e+01ğ›€ E:2.8564e-01V/cm J:2.7231e-02A/cm2 ğ›’:1.0490e+01ğ›€ cm
2023-03-23 11:56:13,976 INFO Measurement at current 0.0006303030303030303
2023-03-23 11:56:14,578 INFO T:295.29Â°K V:9.3752e-03V I:6.3030e-04A R:1.4874e+01ğ›€ E:2.8936e-01V/cm J:2.7584e-02A/cm2 ğ›’:1.0490e+01ğ›€ cm
2023-03-23 11:56:14,595 INFO Measurement at current 0.0006383838383838383
2023-03-23 11:56:15,188 INFO T:295.29Â°K V:9.4955e-03V I:6.3838e-04A R:1.4874e+01ğ›€ E:2.9307e-01V/cm J:2.7938e-02A/cm2 ğ›’:1.0490e+01ğ›€ cm
2023-03-23 11:56:15,205 INFO Measurement at current 0.0006464646464646465
2023-03-23 11:56:15,816 INFO T:295.29Â°K V:9.6152e-03V I:6.4646e-04A R:1.4874e+01ğ›€ E:2.9677e-01V/cm J:2.8292e-02A/cm2 ğ›’:1.0490e+01ğ›€ cm
2023-03-23 11:56:15,855 INFO Measurement at current 0.0006545454545454545
2023-03-23 11:56:16,467 INFO T:295.29Â°K V:9.7357e-03V I:6.5455e-04A R:1.4874e+01ğ›€ E:3.0048e-01V/cm J:2.8645e-02A/cm2 ğ›’:1.0490e+01ğ›€ cm
2023-03-23 11:56:16,500 INFO Measurement at current 0.0006626262626262626
2023-03-23 11:56:17,100 INFO T:295.29Â°K V:9.8559e-03V I:6.6263e-04A R:1.4874e+01ğ›€ E:3.0420e-01V/cm J:2.8999e-02A/cm2 ğ›’:1.0490e+01ğ›€ cm
2023-03-23 11:56:17,124 INFO Measurement at current 0.0006707070707070707
2023-03-23 11:56:17,738 INFO T:295.29Â°K V:9.9753e-03V I:6.7071e-04A R:1.4873e+01ğ›€ E:3.0788e-01V/cm J:2.9353e-02A/cm2 ğ›’:1.0489e+01ğ›€ cm
2023-03-23 11:56:17,758 INFO Measurement at current 0.0006787878787878788
2023-03-23 11:56:18,374 INFO T:295.28Â°K V:1.0096e-02V I:6.7879e-04A R:1.4873e+01ğ›€ E:3.1160e-01V/cm J:2.9706e-02A/cm2 ğ›’:1.0489e+01ğ›€ cm
2023-03-23 11:56:18,397 INFO Measurement at current 0.0006868686868686869
2023-03-23 11:56:19,000 INFO T:295.28Â°K V:1.0215e-02V I:6.8687e-04A R:1.4873e+01ğ›€ E:3.1529e-01V/cm J:3.0060e-02A/cm2 ğ›’:1.0489e+01ğ›€ cm
2023-03-23 11:56:19,023 INFO Measurement at current 0.000694949494949495
2023-03-23 11:56:19,625 INFO T:295.28Â°K V:1.0336e-02V I:6.9495e-04A R:1.4873e+01ğ›€ E:3.1901e-01V/cm J:3.0414e-02A/cm2 ğ›’:1.0489e+01ğ›€ cm
2023-03-23 11:56:19,643 INFO Measurement at current 0.000703030303030303
2023-03-23 11:56:20,251 INFO T:295.28Â°K V:1.0456e-02V I:7.0303e-04A R:1.4873e+01ğ›€ E:3.2272e-01V/cm J:3.0767e-02A/cm2 ğ›’:1.0489e+01ğ›€ cm
2023-03-23 11:56:20,272 INFO Measurement at current 0.0007111111111111111
2023-03-23 11:56:20,868 INFO T:295.28Â°K V:1.0576e-02V I:7.1111e-04A R:1.4873e+01ğ›€ E:3.2642e-01V/cm J:3.1121e-02A/cm2 ğ›’:1.0489e+01ğ›€ cm
2023-03-23 11:56:20,887 INFO Measurement at current 0.0007191919191919192
2023-03-23 11:56:21,475 INFO T:295.28Â°K V:1.0696e-02V I:7.1919e-04A R:1.4873e+01ğ›€ E:3.3013e-01V/cm J:3.1474e-02A/cm2 ğ›’:1.0489e+01ğ›€ cm
2023-03-23 11:56:21,491 INFO Measurement at current 0.0007272727272727272
2023-03-23 11:56:22,085 INFO T:295.28Â°K V:1.0816e-02V I:7.2727e-04A R:1.4872e+01ğ›€ E:3.3383e-01V/cm J:3.1828e-02A/cm2 ğ›’:1.0489e+01ğ›€ cm
2023-03-23 11:56:22,103 INFO Measurement at current 0.0007353535353535354
2023-03-23 11:56:22,694 INFO T:295.28Â°K V:1.0937e-02V I:7.3535e-04A R:1.4873e+01ğ›€ E:3.3755e-01V/cm J:3.2182e-02A/cm2 ğ›’:1.0489e+01ğ›€ cm
2023-03-23 11:56:22,718 INFO Measurement at current 0.0007434343434343434
2023-03-23 11:56:23,321 INFO T:295.28Â°K V:1.1057e-02V I:7.4343e-04A R:1.4873e+01ğ›€ E:3.4127e-01V/cm J:3.2535e-02A/cm2 ğ›’:1.0489e+01ğ›€ cm
2023-03-23 11:56:23,343 INFO Measurement at current 0.0007515151515151515
2023-03-23 11:56:23,944 INFO T:295.28Â°K V:1.1177e-02V I:7.5152e-04A R:1.4872e+01ğ›€ E:3.4496e-01V/cm J:3.2889e-02A/cm2 ğ›’:1.0489e+01ğ›€ cm
2023-03-23 11:56:23,966 INFO Measurement at current 0.0007595959595959596
2023-03-23 11:56:24,562 INFO T:295.28Â°K V:1.1297e-02V I:7.5960e-04A R:1.4872e+01ğ›€ E:3.4867e-01V/cm J:3.3243e-02A/cm2 ğ›’:1.0489e+01ğ›€ cm
2023-03-23 11:56:24,585 INFO Measurement at current 0.0007676767676767677
2023-03-23 11:56:25,175 INFO T:295.28Â°K V:1.1417e-02V I:7.6768e-04A R:1.4872e+01ğ›€ E:3.5238e-01V/cm J:3.3596e-02A/cm2 ğ›’:1.0489e+01ğ›€ cm
2023-03-23 11:56:25,196 INFO Measurement at current 0.0007757575757575757
2023-03-23 11:56:25,789 INFO T:295.28Â°K V:1.1537e-02V I:7.7576e-04A R:1.4872e+01ğ›€ E:3.5608e-01V/cm J:3.3950e-02A/cm2 ğ›’:1.0488e+01ğ›€ cm
2023-03-23 11:56:25,811 INFO Measurement at current 0.0007838383838383838
2023-03-23 11:56:26,405 INFO T:295.28Â°K V:1.1657e-02V I:7.8384e-04A R:1.4872e+01ğ›€ E:3.5979e-01V/cm J:3.4304e-02A/cm2 ğ›’:1.0488e+01ğ›€ cm
2023-03-23 11:56:26,423 INFO Measurement at current 0.0007919191919191919
2023-03-23 11:56:27,023 INFO T:295.28Â°K V:1.1777e-02V I:7.9192e-04A R:1.4871e+01ğ›€ E:3.6349e-01V/cm J:3.4657e-02A/cm2 ğ›’:1.0488e+01ğ›€ cm
2023-03-23 11:56:27,045 INFO Measurement at current 0.0008
2023-03-23 11:56:27,641 INFO T:295.28Â°K V:1.1897e-02V I:8.0000e-04A R:1.4871e+01ğ›€ E:3.6719e-01V/cm J:3.5011e-02A/cm2 ğ›’:1.0488e+01ğ›€ cm
2023-03-23 11:56:40,648 INFO Save the description file
2023-03-23 11:56:40,651 INFO Save data in numpy format Esperimenti/CPRO_MUSA_230323/CPRO_MUSA_230323_current_from_0_to_8e-4A/CPRO_MUSA_230323_current_from_0_to_8e-4A-20230323115636
2023-03-23 11:56:40,664 INFO Save data in CSV format Esperimenti/CPRO_MUSA_230323/CPRO_MUSA_230323_current_from_0_to_8e-4A/CPRO_MUSA_230323_current_from_0_to_8e-4A-20230323115636.csv
2023-03-23 11:56:40,687 INFO Save plot as image Esperimenti/CPRO_MUSA_230323/CPRO_MUSA_230323_current_from_0_to_8e-4A/CPRO_MUSA_230323_current_from_0_to_8e-4A-20230323115636.png
