2023-06-09 10:55:49,530 INFO ### Start experiment: BS_1_4a_090623_I_V current from 0 to 100e-4A ###
2023-06-09 10:55:50,875 INFO Found Multimeter KEITHLEY INSTRUMENTS INC.,MODEL 2700,0884890,B03  /A02  

2023-06-09 10:55:51,905 INFO Found Nanovolt Meter KEITHLEY INSTRUMENTS INC.,MODEL 2182A,4056474,C03  /A02  

2023-06-09 10:55:52,022 INFO Found Source Meter KEITHLEY INSTRUMENTS INC.,MODEL 2400,0945684,C24   Feb 14 2002 11:59:45/A02  /K/H

2023-06-09 10:55:52,159 INFO Start the measurement loop
2023-06-09 10:55:57,832 INFO Measurement at current 0.0
2023-06-09 10:55:58,771 INFO T:150.55Â°K V:-2.9775e-05V I:0.0000e+00A R:-infğ›€ E:-5.7260e-04V/cm J:0.0000e+00A/cm2 ğ›’:-infğ›€ cm
2023-06-09 10:55:58,793 INFO Measurement at current 5.0251256281407036e-05
2023-06-09 10:55:59,394 INFO T:150.55Â°K V:-2.9282e-05V I:5.0251e-05A R:-5.8271e-01ğ›€ E:-5.6311e-04V/cm J:5.6462e-04A/cm2 ğ›’:-9.9732e-01ğ›€ cm
2023-06-09 10:55:59,411 INFO Measurement at current 0.00010050251256281407
2023-06-09 10:56:00,008 INFO T:150.54Â°K V:-2.8798e-05V I:1.0050e-04A R:-2.8654e-01ğ›€ E:-5.5381e-04V/cm J:1.1292e-03A/cm2 ğ›’:-4.9043e-01ğ›€ cm
2023-06-09 10:56:00,036 INFO Measurement at current 0.00015075376884422112
2023-06-09 10:56:00,626 INFO T:150.53Â°K V:-2.8314e-05V I:1.5075e-04A R:-1.8782e-01ğ›€ E:-5.4450e-04V/cm J:1.6939e-03A/cm2 ğ›’:-3.2145e-01ğ›€ cm
2023-06-09 10:56:00,642 INFO Measurement at current 0.00020100502512562814
2023-06-09 10:56:01,243 INFO T:150.53Â°K V:-2.7842e-05V I:2.0101e-04A R:-1.3851e-01ğ›€ E:-5.3542e-04V/cm J:2.2585e-03A/cm2 ğ›’:-2.3707e-01ğ›€ cm
2023-06-09 10:56:01,266 INFO Measurement at current 0.0002512562814070352
2023-06-09 10:56:01,872 INFO T:150.52Â°K V:-2.7334e-05V I:2.5126e-04A R:-1.0879e-01ğ›€ E:-5.2565e-04V/cm J:2.8231e-03A/cm2 ğ›’:-1.8619e-01ğ›€ cm
2023-06-09 10:56:01,892 INFO Measurement at current 0.00030150753768844223
2023-06-09 10:56:02,491 INFO T:150.52Â°K V:-2.6869e-05V I:3.0151e-04A R:-8.9116e-02ğ›€ E:-5.1671e-04V/cm J:3.3877e-03A/cm2 ğ›’:-1.5253e-01ğ›€ cm
2023-06-09 10:56:02,512 INFO Measurement at current 0.00035175879396984926
2023-06-09 10:56:03,115 INFO T:150.51Â°K V:-2.6365e-05V I:3.5176e-04A R:-7.4952e-02ğ›€ E:-5.0702e-04V/cm J:3.9523e-03A/cm2 ğ›’:-1.2828e-01ğ›€ cm
2023-06-09 10:56:03,132 INFO Measurement at current 0.0004020100502512563
2023-06-09 10:56:03,733 INFO T:150.50Â°K V:-2.5896e-05V I:4.0201e-04A R:-6.4417e-02ğ›€ E:-4.9801e-04V/cm J:4.5170e-03A/cm2 ğ›’:-1.1025e-01ğ›€ cm
2023-06-09 10:56:03,757 INFO Measurement at current 0.0004522613065326633
2023-06-09 10:56:04,360 INFO T:150.50Â°K V:-2.5398e-05V I:4.5226e-04A R:-5.6158e-02ğ›€ E:-4.8842e-04V/cm J:5.0816e-03A/cm2 ğ›’:-9.6116e-02ğ›€ cm
2023-06-09 10:56:04,375 INFO Measurement at current 0.0005025125628140704
2023-06-09 10:56:04,977 INFO T:150.49Â°K V:-2.4913e-05V I:5.0251e-04A R:-4.9578e-02ğ›€ E:-4.7910e-04V/cm J:5.6462e-03A/cm2 ğ›’:-8.4854e-02ğ›€ cm
2023-06-09 10:56:05,000 INFO Measurement at current 0.0005527638190954774
2023-06-09 10:56:05,606 INFO T:150.48Â°K V:-2.4447e-05V I:5.5276e-04A R:-4.4228e-02ğ›€ E:-4.7014e-04V/cm J:6.2108e-03A/cm2 ğ›’:-7.5697e-02ğ›€ cm
2023-06-09 10:56:05,626 INFO Measurement at current 0.0006030150753768845
2023-06-09 10:56:06,218 INFO T:150.48Â°K V:-2.3953e-05V I:6.0302e-04A R:-3.9722e-02ğ›€ E:-4.6063e-04V/cm J:6.7755e-03A/cm2 ğ›’:-6.7986e-02ğ›€ cm
2023-06-09 10:56:06,241 INFO Measurement at current 0.0006532663316582914
2023-06-09 10:56:06,846 INFO T:150.47Â°K V:-2.3497e-05V I:6.5327e-04A R:-3.5969e-02ğ›€ E:-4.5187e-04V/cm J:7.3401e-03A/cm2 ğ›’:-6.1563e-02ğ›€ cm
2023-06-09 10:56:06,882 INFO Measurement at current 0.0007035175879396985
2023-06-09 10:56:07,485 INFO T:150.47Â°K V:-2.3005e-05V I:7.0352e-04A R:-3.2700e-02ğ›€ E:-4.4241e-04V/cm J:7.9047e-03A/cm2 ğ›’:-5.5968e-02ğ›€ cm
2023-06-09 10:56:07,513 INFO Measurement at current 0.0007537688442211055
2023-06-09 10:56:08,114 INFO T:150.46Â°K V:-2.2512e-05V I:7.5377e-04A R:-2.9866e-02ğ›€ E:-4.3293e-04V/cm J:8.4693e-03A/cm2 ğ›’:-5.1117e-02ğ›€ cm
2023-06-09 10:56:08,130 INFO Measurement at current 0.0008040201005025126
2023-06-09 10:56:08,730 INFO T:150.45Â°K V:-2.2057e-05V I:8.0402e-04A R:-2.7434e-02ğ›€ E:-4.2418e-04V/cm J:9.0339e-03A/cm2 ğ›’:-4.6954e-02ğ›€ cm
2023-06-09 10:56:08,745 INFO Measurement at current 0.0008542713567839197
2023-06-09 10:56:09,367 INFO T:150.45Â°K V:-2.1580e-05V I:8.5427e-04A R:-2.5261e-02ğ›€ E:-4.1500e-04V/cm J:9.5986e-03A/cm2 ğ›’:-4.3235e-02ğ›€ cm
2023-06-09 10:56:09,391 INFO Measurement at current 0.0009045226130653266
2023-06-09 10:56:09,998 INFO T:150.44Â°K V:-2.1099e-05V I:9.0452e-04A R:-2.3326e-02ğ›€ E:-4.0575e-04V/cm J:1.0163e-02A/cm2 ğ›’:-3.9923e-02ğ›€ cm
2023-06-09 10:56:10,020 INFO Measurement at current 0.0009547738693467337
2023-06-09 10:56:10,620 INFO T:150.44Â°K V:-2.0655e-05V I:9.5477e-04A R:-2.1633e-02ğ›€ E:-3.9721e-04V/cm J:1.0728e-02A/cm2 ğ›’:-3.7026e-02ğ›€ cm
2023-06-09 10:56:10,642 INFO Measurement at current 0.0010050251256281408
2023-06-09 10:56:11,236 INFO T:150.43Â°K V:-2.0152e-05V I:1.0050e-03A R:-2.0051e-02ğ›€ E:-3.8754e-04V/cm J:1.1292e-02A/cm2 ğ›’:-3.4319e-02ğ›€ cm
2023-06-09 10:56:11,253 INFO Measurement at current 0.0010552763819095478
2023-06-09 10:56:11,847 INFO T:150.42Â°K V:-1.9695e-05V I:1.0553e-03A R:-1.8663e-02ğ›€ E:-3.7875e-04V/cm J:1.1857e-02A/cm2 ğ›’:-3.1943e-02ğ›€ cm
2023-06-09 10:56:11,870 INFO Measurement at current 0.0011055276381909548
2023-06-09 10:56:12,479 INFO T:150.42Â°K V:-1.9221e-05V I:1.1055e-03A R:-1.7386e-02ğ›€ E:-3.6963e-04V/cm J:1.2422e-02A/cm2 ğ›’:-2.9757e-02ğ›€ cm
2023-06-09 10:56:12,497 INFO Measurement at current 0.0011557788944723617
2023-06-09 10:56:13,103 INFO T:150.41Â°K V:-1.8737e-05V I:1.1558e-03A R:-1.6212e-02ğ›€ E:-3.6033e-04V/cm J:1.2986e-02A/cm2 ğ›’:-2.7747e-02ğ›€ cm
2023-06-09 10:56:13,121 INFO Measurement at current 0.001206030150753769
2023-06-09 10:56:13,738 INFO T:150.41Â°K V:-1.8283e-05V I:1.2060e-03A R:-1.5160e-02ğ›€ E:-3.5160e-04V/cm J:1.3551e-02A/cm2 ğ›’:-2.5947e-02ğ›€ cm
2023-06-09 10:56:13,760 INFO Measurement at current 0.001256281407035176
2023-06-09 10:56:14,368 INFO T:150.40Â°K V:-1.7793e-05V I:1.2563e-03A R:-1.4163e-02ğ›€ E:-3.4217e-04V/cm J:1.4116e-02A/cm2 ğ›’:-2.4241e-02ğ›€ cm
2023-06-09 10:56:14,390 INFO Measurement at current 0.0013065326633165829
2023-06-09 10:56:14,986 INFO T:150.39Â°K V:-1.7331e-05V I:1.3065e-03A R:-1.3265e-02ğ›€ E:-3.3328e-04V/cm J:1.4680e-02A/cm2 ğ›’:-2.2703e-02ğ›€ cm
2023-06-09 10:56:15,008 INFO Measurement at current 0.00135678391959799
2023-06-09 10:56:15,610 INFO T:150.39Â°K V:-1.6872e-05V I:1.3568e-03A R:-1.2435e-02ğ›€ E:-3.2445e-04V/cm J:1.5245e-02A/cm2 ğ›’:-2.1283e-02ğ›€ cm
2023-06-09 10:56:15,628 INFO Measurement at current 0.001407035175879397
2023-06-09 10:56:16,219 INFO T:150.38Â°K V:-1.6397e-05V I:1.4070e-03A R:-1.1653e-02ğ›€ E:-3.1532e-04V/cm J:1.5809e-02A/cm2 ğ›’:-1.9945e-02ğ›€ cm
2023-06-09 10:56:16,233 INFO Measurement at current 0.001457286432160804
2023-06-09 10:56:16,821 INFO T:150.38Â°K V:-1.5945e-05V I:1.4573e-03A R:-1.0942e-02ğ›€ E:-3.0664e-04V/cm J:1.6374e-02A/cm2 ğ›’:-1.8727e-02ğ›€ cm
2023-06-09 10:56:16,836 INFO Measurement at current 0.001507537688442211
2023-06-09 10:56:17,432 INFO T:150.37Â°K V:-1.5489e-05V I:1.5075e-03A R:-1.0274e-02ğ›€ E:-2.9787e-04V/cm J:1.6939e-02A/cm2 ğ›’:-1.7585e-02ğ›€ cm
2023-06-09 10:56:17,455 INFO Measurement at current 0.0015577889447236182
2023-06-09 10:56:18,060 INFO T:150.36Â°K V:-1.4994e-05V I:1.5578e-03A R:-9.6251e-03ğ›€ E:-2.8835e-04V/cm J:1.7503e-02A/cm2 ğ›’:-1.6474e-02ğ›€ cm
2023-06-09 10:56:18,084 INFO Measurement at current 0.0016080402010050252
2023-06-09 10:56:18,682 INFO T:150.36Â°K V:-1.4539e-05V I:1.6080e-03A R:-9.0416e-03ğ›€ E:-2.7960e-04V/cm J:1.8068e-02A/cm2 ğ›’:-1.5475e-02ğ›€ cm
2023-06-09 10:56:18,702 INFO Measurement at current 0.0016582914572864321
2023-06-09 10:56:19,296 INFO T:150.35Â°K V:-1.4077e-05V I:1.6583e-03A R:-8.4890e-03ğ›€ E:-2.7072e-04V/cm J:1.8632e-02A/cm2 ğ›’:-1.4529e-02ğ›€ cm
2023-06-09 10:56:19,316 INFO Measurement at current 0.0017085427135678393
2023-06-09 10:56:19,922 INFO T:150.35Â°K V:-1.3624e-05V I:1.7085e-03A R:-7.9743e-03ğ›€ E:-2.6201e-04V/cm J:1.9197e-02A/cm2 ğ›’:-1.3648e-02ğ›€ cm
2023-06-09 10:56:19,940 INFO Measurement at current 0.0017587939698492463
2023-06-09 10:56:20,555 INFO T:150.34Â°K V:-1.3164e-05V I:1.7588e-03A R:-7.4844e-03ğ›€ E:-2.5315e-04V/cm J:1.9762e-02A/cm2 ğ›’:-1.2810e-02ğ›€ cm
2023-06-09 10:56:20,579 INFO Measurement at current 0.0018090452261306533
2023-06-09 10:56:21,182 INFO T:150.33Â°K V:-1.2712e-05V I:1.8090e-03A R:-7.0269e-03ğ›€ E:-2.4446e-04V/cm J:2.0326e-02A/cm2 ğ›’:-1.2027e-02ğ›€ cm
2023-06-09 10:56:21,197 INFO Measurement at current 0.0018592964824120603
2023-06-09 10:56:21,791 INFO T:150.33Â°K V:-1.2252e-05V I:1.8593e-03A R:-6.5898e-03ğ›€ E:-2.3562e-04V/cm J:2.0891e-02A/cm2 ğ›’:-1.1279e-02ğ›€ cm
2023-06-09 10:56:21,811 INFO Measurement at current 0.0019095477386934674
2023-06-09 10:56:22,407 INFO T:150.32Â°K V:-1.1796e-05V I:1.9095e-03A R:-6.1776e-03ğ›€ E:-2.2685e-04V/cm J:2.1456e-02A/cm2 ğ›’:-1.0573e-02ğ›€ cm
2023-06-09 10:56:22,430 INFO Measurement at current 0.001959798994974874
2023-06-09 10:56:23,036 INFO T:150.32Â°K V:-1.1334e-05V I:1.9598e-03A R:-5.7831e-03ğ›€ E:-2.1796e-04V/cm J:2.2020e-02A/cm2 ğ›’:-9.8980e-03ğ›€ cm
2023-06-09 10:56:23,061 INFO Measurement at current 0.0020100502512562816
2023-06-09 10:56:23,665 INFO T:150.31Â°K V:-1.0878e-05V I:2.0101e-03A R:-5.4118e-03ğ›€ E:-2.0919e-04V/cm J:2.2585e-02A/cm2 ğ›’:-9.2625e-03ğ›€ cm
2023-06-09 10:56:23,685 INFO Measurement at current 0.0020603015075376886
2023-06-09 10:56:24,295 INFO T:150.30Â°K V:-1.0418e-05V I:2.0603e-03A R:-5.0568e-03ğ›€ E:-2.0036e-04V/cm J:2.3149e-02A/cm2 ğ›’:-8.6549e-03ğ›€ cm
2023-06-09 10:56:24,313 INFO Measurement at current 0.0021105527638190956
2023-06-09 10:56:24,916 INFO T:150.30Â°K V:-9.9759e-06V I:2.1106e-03A R:-4.7267e-03ğ›€ E:-1.9185e-04V/cm J:2.3714e-02A/cm2 ğ›’:-8.0899e-03ğ›€ cm
2023-06-09 10:56:24,956 INFO Measurement at current 0.0021608040201005025
2023-06-09 10:56:25,546 INFO T:150.29Â°K V:-9.5127e-06V I:2.1608e-03A R:-4.4024e-03ğ›€ E:-1.8294e-04V/cm J:2.4279e-02A/cm2 ğ›’:-7.5349e-03ğ›€ cm
2023-06-09 10:56:25,565 INFO Measurement at current 0.0022110552763819095
2023-06-09 10:56:26,156 INFO T:150.29Â°K V:-9.0635e-06V I:2.2111e-03A R:-4.0992e-03ğ›€ E:-1.7430e-04V/cm J:2.4843e-02A/cm2 ğ›’:-7.0159e-03ğ›€ cm
2023-06-09 10:56:26,180 INFO Measurement at current 0.0022613065326633165
2023-06-09 10:56:27,816 INFO T:150.27Â°K V:-8.6086e-06V I:2.2613e-03A R:-3.8069e-03ğ›€ E:-1.6555e-04V/cm J:2.5408e-02A/cm2 ğ›’:-6.5157e-03ğ›€ cm
2023-06-09 10:56:27,840 INFO Measurement at current 0.0023115577889447235
2023-06-09 10:56:28,440 INFO T:150.26Â°K V:-8.1833e-06V I:2.3116e-03A R:-3.5401e-03ğ›€ E:-1.5737e-04V/cm J:2.5973e-02A/cm2 ğ›’:-6.0591e-03ğ›€ cm
2023-06-09 10:56:28,463 INFO Measurement at current 0.002361809045226131
2023-06-09 10:56:29,062 INFO T:150.26Â°K V:-7.7130e-06V I:2.3618e-03A R:-3.2657e-03ğ›€ E:-1.4833e-04V/cm J:2.6537e-02A/cm2 ğ›’:-5.5894e-03ğ›€ cm
2023-06-09 10:56:29,082 INFO Measurement at current 0.002412060301507538
2023-06-09 10:56:29,693 INFO T:150.25Â°K V:-7.2782e-06V I:2.4121e-03A R:-3.0174e-03ğ›€ E:-1.3997e-04V/cm J:2.7102e-02A/cm2 ğ›’:-5.1645e-03ğ›€ cm
2023-06-09 10:56:29,723 INFO Measurement at current 0.002462311557788945
2023-06-09 10:56:30,343 INFO T:150.25Â°K V:-6.8311e-06V I:2.4623e-03A R:-2.7743e-03ğ›€ E:-1.3137e-04V/cm J:2.7666e-02A/cm2 ğ›’:-4.7482e-03ğ›€ cm
2023-06-09 10:56:30,362 INFO Measurement at current 0.002512562814070352
2023-06-09 10:56:30,965 INFO T:150.24Â°K V:-6.3597e-06V I:2.5126e-03A R:-2.5312e-03ğ›€ E:-1.2230e-04V/cm J:2.8231e-02A/cm2 ğ›’:-4.3322e-03ğ›€ cm
2023-06-09 10:56:30,985 INFO Measurement at current 0.0025628140703517588
2023-06-09 10:56:31,587 INFO T:150.23Â°K V:-5.9261e-06V I:2.5628e-03A R:-2.3123e-03ğ›€ E:-1.1396e-04V/cm J:2.8796e-02A/cm2 ğ›’:-3.9576e-03ğ›€ cm
2023-06-09 10:56:31,606 INFO Measurement at current 0.0026130653266331657
2023-06-09 10:56:32,214 INFO T:150.23Â°K V:-5.4743e-06V I:2.6131e-03A R:-2.0950e-03ğ›€ E:-1.0527e-04V/cm J:2.9360e-02A/cm2 ğ›’:-3.5856e-03ğ›€ cm
2023-06-09 10:56:32,235 INFO Measurement at current 0.0026633165829145727
2023-06-09 10:56:32,855 INFO T:150.22Â°K V:-5.0123e-06V I:2.6633e-03A R:-1.8820e-03ğ›€ E:-9.6390e-05V/cm J:2.9925e-02A/cm2 ğ›’:-3.2211e-03ğ›€ cm
2023-06-09 10:56:32,878 INFO Measurement at current 0.00271356783919598
2023-06-09 10:56:33,482 INFO T:150.22Â°K V:-4.5675e-06V I:2.7136e-03A R:-1.6832e-03ğ›€ E:-8.7836e-05V/cm J:3.0490e-02A/cm2 ğ›’:-2.8808e-03ğ›€ cm
2023-06-09 10:56:33,501 INFO Measurement at current 0.002763819095477387
2023-06-09 10:56:34,102 INFO T:150.21Â°K V:-4.1031e-06V I:2.7638e-03A R:-1.4846e-03ğ›€ E:-7.8907e-05V/cm J:3.1054e-02A/cm2 ğ›’:-2.5409e-03ğ›€ cm
2023-06-09 10:56:34,122 INFO Measurement at current 0.002814070351758794
2023-06-09 10:56:34,716 INFO T:150.20Â°K V:-3.6645e-06V I:2.8141e-03A R:-1.3022e-03ğ›€ E:-7.0470e-05V/cm J:3.1619e-02A/cm2 ğ›’:-2.2287e-03ğ›€ cm
2023-06-09 10:56:34,730 INFO Measurement at current 0.002864321608040201
2023-06-09 10:56:35,318 INFO T:150.20Â°K V:-3.2039e-06V I:2.8643e-03A R:-1.1185e-03ğ›€ E:-6.1613e-05V/cm J:3.2183e-02A/cm2 ğ›’:-1.9144e-03ğ›€ cm
2023-06-09 10:56:35,344 INFO Measurement at current 0.002914572864321608
2023-06-09 10:56:35,943 INFO T:150.19Â°K V:-2.7582e-06V I:2.9146e-03A R:-9.4636e-04ğ›€ E:-5.3043e-05V/cm J:3.2748e-02A/cm2 ğ›’:-1.6197e-03ğ›€ cm
2023-06-09 10:56:35,965 INFO Measurement at current 0.002964824120603015
2023-06-09 10:56:36,570 INFO T:150.19Â°K V:-2.3007e-06V I:2.9648e-03A R:-7.7599e-04ğ›€ E:-4.4244e-05V/cm J:3.3313e-02A/cm2 ğ›’:-1.3281e-03ğ›€ cm
2023-06-09 10:56:36,588 INFO Measurement at current 0.003015075376884422
2023-06-09 10:56:37,189 INFO T:150.18Â°K V:-1.8654e-06V I:3.0151e-03A R:-6.1870e-04ğ›€ E:-3.5874e-05V/cm J:3.3877e-02A/cm2 ğ›’:-1.0589e-03ğ›€ cm
2023-06-09 10:56:37,204 INFO Measurement at current 0.0030653266331658294
2023-06-09 10:56:37,800 INFO T:150.17Â°K V:-1.4041e-06V I:3.0653e-03A R:-4.5807e-04ğ›€ E:-2.7003e-05V/cm J:3.4442e-02A/cm2 ğ›’:-7.8401e-04ğ›€ cm
2023-06-09 10:56:37,818 INFO Measurement at current 0.0031155778894472364
2023-06-09 10:56:38,423 INFO T:150.17Â°K V:-9.6697e-07V I:3.1156e-03A R:-3.1037e-04ğ›€ E:-1.8596e-05V/cm J:3.5006e-02A/cm2 ğ›’:-5.3120e-04ğ›€ cm
2023-06-09 10:56:38,443 INFO Measurement at current 0.0031658291457286433
2023-06-09 10:56:39,054 INFO T:150.16Â°K V:-5.3453e-07V I:3.1658e-03A R:-1.6884e-04ğ›€ E:-1.0279e-05V/cm J:3.5571e-02A/cm2 ğ›’:-2.8898e-04ğ›€ cm
2023-06-09 10:56:39,073 INFO Measurement at current 0.0032160804020100503
2023-06-09 10:56:39,672 INFO T:150.16Â°K V:-7.8293e-08V I:3.2161e-03A R:-2.4344e-05ğ›€ E:-1.5056e-06V/cm J:3.6136e-02A/cm2 ğ›’:-4.1666e-05ğ›€ cm
2023-06-09 10:56:39,710 INFO Measurement at current 0.0032663316582914573
2023-06-09 10:56:40,326 INFO T:150.15Â°K V:3.5415e-07V I:3.2663e-03A R:1.0842e-04ğ›€ E:6.8105e-06V/cm J:3.6700e-02A/cm2 ğ›’:1.8557e-04ğ›€ cm
2023-06-09 10:56:40,363 INFO Measurement at current 0.0033165829145728643
2023-06-09 10:56:40,958 INFO T:150.14Â°K V:8.0383e-07V I:3.3166e-03A R:2.4237e-04ğ›€ E:1.5458e-05V/cm J:3.7265e-02A/cm2 ğ›’:4.1482e-04ğ›€ cm
2023-06-09 10:56:40,992 INFO Measurement at current 0.0033668341708542712
2023-06-09 10:56:41,595 INFO T:150.14Â°K V:1.2569e-06V I:3.3668e-03A R:3.7333e-04ğ›€ E:2.4172e-05V/cm J:3.7830e-02A/cm2 ğ›’:6.3897e-04ğ›€ cm
2023-06-09 10:56:41,619 INFO Measurement at current 0.0034170854271356787
2023-06-09 10:56:42,218 INFO T:150.13Â°K V:1.7120e-06V I:3.4171e-03A R:5.0100e-04ğ›€ E:3.2923e-05V/cm J:3.8394e-02A/cm2 ğ›’:8.5749e-04ğ›€ cm
2023-06-09 10:56:42,252 INFO Measurement at current 0.0034673366834170856
2023-06-09 10:56:42,867 INFO T:150.13Â°K V:2.1493e-06V I:3.4673e-03A R:6.1986e-04ğ›€ E:4.1332e-05V/cm J:3.8959e-02A/cm2 ğ›’:1.0609e-03ğ›€ cm
2023-06-09 10:56:42,884 INFO Measurement at current 0.0035175879396984926
2023-06-09 10:56:43,489 INFO T:150.12Â°K V:2.5833e-06V I:3.5176e-03A R:7.3440e-04ğ›€ E:4.9679e-05V/cm J:3.9523e-02A/cm2 ğ›’:1.2569e-03ğ›€ cm
2023-06-09 10:56:43,509 INFO Measurement at current 0.0035678391959798996
2023-06-09 10:56:44,112 INFO T:150.11Â°K V:3.0172e-06V I:3.5678e-03A R:8.4565e-04ğ›€ E:5.8022e-05V/cm J:4.0088e-02A/cm2 ğ›’:1.4474e-03ğ›€ cm
2023-06-09 10:56:44,127 INFO Measurement at current 0.0036180904522613066
2023-06-09 10:56:44,730 INFO T:150.11Â°K V:3.4623e-06V I:3.6181e-03A R:9.5694e-04ğ›€ E:6.6583e-05V/cm J:4.0653e-02A/cm2 ğ›’:1.6378e-03ğ›€ cm
2023-06-09 10:56:44,749 INFO Measurement at current 0.0036683417085427135
2023-06-09 10:56:45,353 INFO T:150.10Â°K V:3.8954e-06V I:3.6683e-03A R:1.0619e-03ğ›€ E:7.4912e-05V/cm J:4.1217e-02A/cm2 ğ›’:1.8175e-03ğ›€ cm
2023-06-09 10:56:45,377 INFO Measurement at current 0.0037185929648241205
2023-06-09 10:56:45,977 INFO T:150.10Â°K V:4.3355e-06V I:3.7186e-03A R:1.1659e-03ğ›€ E:8.3376e-05V/cm J:4.1782e-02A/cm2 ğ›’:1.9955e-03ğ›€ cm
2023-06-09 10:56:46,005 INFO Measurement at current 0.003768844221105528
2023-06-09 10:56:46,612 INFO T:150.09Â°K V:4.7942e-06V I:3.7688e-03A R:1.2721e-03ğ›€ E:9.2196e-05V/cm J:4.2347e-02A/cm2 ğ›’:2.1772e-03ğ›€ cm
2023-06-09 10:56:46,634 INFO Measurement at current 0.003819095477386935
2023-06-09 10:56:47,229 INFO T:150.09Â°K V:5.2137e-06V I:3.8191e-03A R:1.3652e-03ğ›€ E:1.0026e-04V/cm J:4.2911e-02A/cm2 ğ›’:2.3366e-03ğ›€ cm
2023-06-09 10:56:47,261 INFO Measurement at current 0.003869346733668342
2023-06-09 10:56:47,858 INFO T:150.08Â°K V:5.6652e-06V I:3.8693e-03A R:1.4641e-03ğ›€ E:1.0895e-04V/cm J:4.3476e-02A/cm2 ğ›’:2.5059e-03ğ›€ cm
2023-06-09 10:56:47,879 INFO Measurement at current 0.003919597989949748
2023-06-09 10:56:48,488 INFO T:150.07Â°K V:6.0925e-06V I:3.9196e-03A R:1.5544e-03ğ›€ E:1.1716e-04V/cm J:4.4040e-02A/cm2 ğ›’:2.6604e-03ğ›€ cm
2023-06-09 10:56:48,502 INFO Measurement at current 0.003969849246231156
2023-06-09 10:56:49,089 INFO T:150.07Â°K V:6.5506e-06V I:3.9698e-03A R:1.6501e-03ğ›€ E:1.2597e-04V/cm J:4.4605e-02A/cm2 ğ›’:2.8242e-03ğ›€ cm
2023-06-09 10:56:49,106 INFO Measurement at current 0.004020100502512563
2023-06-09 10:56:49,696 INFO T:150.06Â°K V:6.9866e-06V I:4.0201e-03A R:1.7379e-03ğ›€ E:1.3436e-04V/cm J:4.5170e-02A/cm2 ğ›’:2.9745e-03ğ›€ cm
2023-06-09 10:56:49,711 INFO Measurement at current 0.00407035175879397
2023-06-09 10:56:50,312 INFO T:150.06Â°K V:7.4206e-06V I:4.0704e-03A R:1.8231e-03ğ›€ E:1.4270e-04V/cm J:4.5734e-02A/cm2 ğ›’:3.1203e-03ğ›€ cm
2023-06-09 10:56:50,334 INFO Measurement at current 0.004120603015075377
2023-06-09 10:56:50,931 INFO T:150.05Â°K V:7.8614e-06V I:4.1206e-03A R:1.9078e-03ğ›€ E:1.5118e-04V/cm J:4.6299e-02A/cm2 ğ›’:3.2653e-03ğ›€ cm
2023-06-09 10:56:50,947 INFO Measurement at current 0.004170854271356784
2023-06-09 10:56:51,571 INFO T:150.04Â°K V:8.3089e-06V I:4.1709e-03A R:1.9921e-03ğ›€ E:1.5979e-04V/cm J:4.6864e-02A/cm2 ğ›’:3.4096e-03ğ›€ cm
2023-06-09 10:56:51,584 INFO Measurement at current 0.004221105527638191
2023-06-09 10:56:52,175 INFO T:150.04Â°K V:8.7255e-06V I:4.2211e-03A R:2.0671e-03ğ›€ E:1.6780e-04V/cm J:4.7428e-02A/cm2 ğ›’:3.5379e-03ğ›€ cm
2023-06-09 10:56:52,191 INFO Measurement at current 0.004271356783919598
2023-06-09 10:56:52,798 INFO T:150.03Â°K V:9.1451e-06V I:4.2714e-03A R:2.1410e-03ğ›€ E:1.7587e-04V/cm J:4.7993e-02A/cm2 ğ›’:3.6645e-03ğ›€ cm
2023-06-09 10:56:52,819 INFO Measurement at current 0.004321608040201005
2023-06-09 10:56:53,418 INFO T:150.03Â°K V:9.5871e-06V I:4.3216e-03A R:2.2184e-03ğ›€ E:1.8437e-04V/cm J:4.8557e-02A/cm2 ğ›’:3.7969e-03ğ›€ cm
2023-06-09 10:56:53,439 INFO Measurement at current 0.004371859296482412
2023-06-09 10:56:54,052 INFO T:150.02Â°K V:1.0016e-05V I:4.3719e-03A R:2.2910e-03ğ›€ E:1.9261e-04V/cm J:4.9122e-02A/cm2 ğ›’:3.9211e-03ğ›€ cm
2023-06-09 10:56:54,072 INFO Measurement at current 0.004422110552763819
2023-06-09 10:56:54,688 INFO T:150.01Â°K V:1.0433e-05V I:4.4221e-03A R:2.3593e-03ğ›€ E:2.0064e-04V/cm J:4.9687e-02A/cm2 ğ›’:4.0380e-03ğ›€ cm
2023-06-09 10:56:54,706 INFO Measurement at current 0.004472361809045226
2023-06-09 10:56:55,307 INFO T:150.01Â°K V:1.0876e-05V I:4.4724e-03A R:2.4318e-03ğ›€ E:2.0915e-04V/cm J:5.0251e-02A/cm2 ğ›’:4.1620e-03ğ›€ cm
2023-06-09 10:56:55,328 INFO Measurement at current 0.004522613065326633
2023-06-09 10:56:55,930 INFO T:150.00Â°K V:1.1323e-05V I:4.5226e-03A R:2.5036e-03ğ›€ E:2.1775e-04V/cm J:5.0816e-02A/cm2 ğ›’:4.2850e-03ğ›€ cm
2023-06-09 10:56:55,953 INFO Measurement at current 0.00457286432160804
2023-06-09 10:56:56,550 INFO T:150.00Â°K V:1.1767e-05V I:4.5729e-03A R:2.5732e-03ğ›€ E:2.2629e-04V/cm J:5.1380e-02A/cm2 ğ›’:4.4042e-03ğ›€ cm
2023-06-09 10:56:56,569 INFO Measurement at current 0.004623115577889447
2023-06-09 10:56:57,167 INFO T:149.99Â°K V:1.2217e-05V I:4.6231e-03A R:2.6425e-03ğ›€ E:2.3494e-04V/cm J:5.1945e-02A/cm2 ğ›’:4.5228e-03ğ›€ cm
2023-06-09 10:56:57,188 INFO Measurement at current 0.004673366834170855
2023-06-09 10:56:57,795 INFO T:149.99Â°K V:1.2634e-05V I:4.6734e-03A R:2.7035e-03ğ›€ E:2.4297e-04V/cm J:5.2510e-02A/cm2 ğ›’:4.6271e-03ğ›€ cm
2023-06-09 10:56:57,830 INFO Measurement at current 0.004723618090452262
2023-06-09 10:56:58,427 INFO T:149.98Â°K V:1.3050e-05V I:4.7236e-03A R:2.7628e-03ğ›€ E:2.5097e-04V/cm J:5.3074e-02A/cm2 ğ›’:4.7287e-03ğ›€ cm
2023-06-09 10:56:58,459 INFO Measurement at current 0.004773869346733669
2023-06-09 10:56:59,060 INFO T:149.97Â°K V:1.3483e-05V I:4.7739e-03A R:2.8243e-03ğ›€ E:2.5928e-04V/cm J:5.3639e-02A/cm2 ğ›’:4.8339e-03ğ›€ cm
2023-06-09 10:56:59,080 INFO Measurement at current 0.004824120603015076
2023-06-09 10:56:59,701 INFO T:149.97Â°K V:1.3935e-05V I:4.8241e-03A R:2.8887e-03ğ›€ E:2.6799e-04V/cm J:5.4204e-02A/cm2 ğ›’:4.9441e-03ğ›€ cm
2023-06-09 10:56:59,725 INFO Measurement at current 0.004874371859296483
2023-06-09 10:57:00,352 INFO T:149.96Â°K V:1.4340e-05V I:4.8744e-03A R:2.9418e-03ğ›€ E:2.7576e-04V/cm J:5.4768e-02A/cm2 ğ›’:5.0351e-03ğ›€ cm
2023-06-09 10:57:00,371 INFO Measurement at current 0.00492462311557789
2023-06-09 10:57:00,975 INFO T:149.96Â°K V:1.4773e-05V I:4.9246e-03A R:2.9998e-03ğ›€ E:2.8409e-04V/cm J:5.5333e-02A/cm2 ğ›’:5.1343e-03ğ›€ cm
2023-06-09 10:57:01,005 INFO Measurement at current 0.004974874371859297
2023-06-09 10:57:01,609 INFO T:149.95Â°K V:1.5225e-05V I:4.9749e-03A R:3.0604e-03ğ›€ E:2.9279e-04V/cm J:5.5897e-02A/cm2 ğ›’:5.2380e-03ğ›€ cm
2023-06-09 10:57:01,625 INFO Measurement at current 0.005025125628140704
2023-06-09 10:57:02,238 INFO T:149.94Â°K V:1.5638e-05V I:5.0251e-03A R:3.1120e-03ğ›€ E:3.0074e-04V/cm J:5.6462e-02A/cm2 ğ›’:5.3263e-03ğ›€ cm
2023-06-09 10:57:02,283 INFO Measurement at current 0.005075376884422111
2023-06-09 10:57:02,882 INFO T:149.94Â°K V:1.6081e-05V I:5.0754e-03A R:3.1684e-03ğ›€ E:3.0924e-04V/cm J:5.7027e-02A/cm2 ğ›’:5.4228e-03ğ›€ cm
2023-06-09 10:57:02,903 INFO Measurement at current 0.0051256281407035175
2023-06-09 10:57:03,514 INFO T:149.93Â°K V:1.6501e-05V I:5.1256e-03A R:3.2192e-03ğ›€ E:3.1732e-04V/cm J:5.7591e-02A/cm2 ğ›’:5.5098e-03ğ›€ cm
2023-06-09 10:57:03,539 INFO Measurement at current 0.0051758793969849245
2023-06-09 10:57:04,165 INFO T:149.93Â°K V:1.6922e-05V I:5.1759e-03A R:3.2694e-03ğ›€ E:3.2542e-04V/cm J:5.8156e-02A/cm2 ğ›’:5.5957e-03ğ›€ cm
2023-06-09 10:57:04,192 INFO Measurement at current 0.0052261306532663315
2023-06-09 10:57:04,803 INFO T:149.92Â°K V:1.7354e-05V I:5.2261e-03A R:3.3207e-03ğ›€ E:3.3374e-04V/cm J:5.8721e-02A/cm2 ğ›’:5.6835e-03ğ›€ cm
2023-06-09 10:57:04,840 INFO Measurement at current 0.0052763819095477385
2023-06-09 10:57:05,435 INFO T:149.92Â°K V:1.7804e-05V I:5.2764e-03A R:3.3742e-03ğ›€ E:3.4238e-04V/cm J:5.9285e-02A/cm2 ğ›’:5.7751e-03ğ›€ cm
2023-06-09 10:57:05,490 INFO Measurement at current 0.0053266331658291454
2023-06-09 10:57:06,083 INFO T:149.91Â°K V:1.8236e-05V I:5.3266e-03A R:3.4236e-03ğ›€ E:3.5070e-04V/cm J:5.9850e-02A/cm2 ğ›’:5.8597e-03ğ›€ cm
2023-06-09 10:57:06,097 INFO Measurement at current 0.005376884422110553
2023-06-09 10:57:06,683 INFO T:149.90Â°K V:1.8662e-05V I:5.3769e-03A R:3.4708e-03ğ›€ E:3.5889e-04V/cm J:6.0414e-02A/cm2 ğ›’:5.9404e-03ğ›€ cm
2023-06-09 10:57:06,698 INFO Measurement at current 0.00542713567839196
2023-06-09 10:57:07,289 INFO T:149.90Â°K V:1.9095e-05V I:5.4271e-03A R:3.5184e-03ğ›€ E:3.6721e-04V/cm J:6.0979e-02A/cm2 ğ›’:6.0218e-03ğ›€ cm
2023-06-09 10:57:07,308 INFO Measurement at current 0.005477386934673367
2023-06-09 10:57:07,921 INFO T:149.89Â°K V:1.9526e-05V I:5.4774e-03A R:3.5649e-03ğ›€ E:3.7551e-04V/cm J:6.1544e-02A/cm2 ğ›’:6.1015e-03ğ›€ cm
2023-06-09 10:57:07,951 INFO Measurement at current 0.005527638190954774
2023-06-09 10:57:08,561 INFO T:149.89Â°K V:1.9961e-05V I:5.5276e-03A R:3.6111e-03ğ›€ E:3.8386e-04V/cm J:6.2108e-02A/cm2 ğ›’:6.1805e-03ğ›€ cm
2023-06-09 10:57:08,579 INFO Measurement at current 0.005577889447236181
2023-06-09 10:57:09,179 INFO T:149.88Â°K V:2.0406e-05V I:5.5779e-03A R:3.6584e-03ğ›€ E:3.9242e-04V/cm J:6.2673e-02A/cm2 ğ›’:6.2614e-03ğ›€ cm
2023-06-09 10:57:09,203 INFO Measurement at current 0.005628140703517588
2023-06-09 10:57:09,802 INFO T:149.87Â°K V:2.0808e-05V I:5.6281e-03A R:3.6972e-03ğ›€ E:4.0016e-04V/cm J:6.3238e-02A/cm2 ğ›’:6.3279e-03ğ›€ cm
2023-06-09 10:57:09,850 INFO Measurement at current 0.005678391959798995
2023-06-09 10:57:10,444 INFO T:149.87Â°K V:2.1232e-05V I:5.6784e-03A R:3.7391e-03ğ›€ E:4.0831e-04V/cm J:6.3802e-02A/cm2 ğ›’:6.3996e-03ğ›€ cm
2023-06-09 10:57:10,469 INFO Measurement at current 0.005728643216080402
2023-06-09 10:57:11,079 INFO T:149.86Â°K V:2.1674e-05V I:5.7286e-03A R:3.7834e-03ğ›€ E:4.1680e-04V/cm J:6.4367e-02A/cm2 ğ›’:6.4755e-03ğ›€ cm
2023-06-09 10:57:11,099 INFO Measurement at current 0.005778894472361809
2023-06-09 10:57:11,707 INFO T:149.86Â°K V:2.2089e-05V I:5.7789e-03A R:3.8224e-03ğ›€ E:4.2480e-04V/cm J:6.4931e-02A/cm2 ğ›’:6.5422e-03ğ›€ cm
2023-06-09 10:57:11,723 INFO Measurement at current 0.005829145728643216
2023-06-09 10:57:12,341 INFO T:149.85Â°K V:2.2528e-05V I:5.8291e-03A R:3.8648e-03ğ›€ E:4.3324e-04V/cm J:6.5496e-02A/cm2 ğ›’:6.6147e-03ğ›€ cm
2023-06-09 10:57:12,370 INFO Measurement at current 0.005879396984924623
2023-06-09 10:57:12,965 INFO T:149.85Â°K V:2.2969e-05V I:5.8794e-03A R:3.9068e-03ğ›€ E:4.4172e-04V/cm J:6.6061e-02A/cm2 ğ›’:6.6866e-03ğ›€ cm
2023-06-09 10:57:12,982 INFO Measurement at current 0.00592964824120603
2023-06-09 10:57:13,573 INFO T:149.84Â°K V:2.3387e-05V I:5.9296e-03A R:3.9440e-03ğ›€ E:4.4975e-04V/cm J:6.6625e-02A/cm2 ğ›’:6.7504e-03ğ›€ cm
2023-06-09 10:57:13,626 INFO Measurement at current 0.005979899497487437
2023-06-09 10:57:14,228 INFO T:149.83Â°K V:2.3815e-05V I:5.9799e-03A R:3.9826e-03ğ›€ E:4.5799e-04V/cm J:6.7190e-02A/cm2 ğ›’:6.8163e-03ğ›€ cm
2023-06-09 10:57:14,264 INFO Measurement at current 0.006030150753768844
2023-06-09 10:57:14,866 INFO T:149.83Â°K V:2.4220e-05V I:6.0302e-03A R:4.0164e-03ğ›€ E:4.6576e-04V/cm J:6.7755e-02A/cm2 ğ›’:6.8742e-03ğ›€ cm
2023-06-09 10:57:14,919 INFO Measurement at current 0.006080402010050252
2023-06-09 10:57:15,519 INFO T:149.82Â°K V:2.4591e-05V I:6.0804e-03A R:4.0443e-03ğ›€ E:4.7291e-04V/cm J:6.8319e-02A/cm2 ğ›’:6.9220e-03ğ›€ cm
2023-06-09 10:57:15,549 INFO Measurement at current 0.006130653266331659
2023-06-09 10:57:16,159 INFO T:149.82Â°K V:2.5028e-05V I:6.1307e-03A R:4.0824e-03ğ›€ E:4.8131e-04V/cm J:6.8884e-02A/cm2 ğ›’:6.9873e-03ğ›€ cm
2023-06-09 10:57:16,176 INFO Measurement at current 0.006180904522613066
2023-06-09 10:57:16,766 INFO T:149.81Â°K V:2.5438e-05V I:6.1809e-03A R:4.1155e-03ğ›€ E:4.8919e-04V/cm J:6.9448e-02A/cm2 ğ›’:7.0439e-03ğ›€ cm
2023-06-09 10:57:16,788 INFO Measurement at current 0.006231155778894473
2023-06-09 10:57:17,444 INFO T:149.80Â°K V:2.5828e-05V I:6.2312e-03A R:4.1450e-03ğ›€ E:4.9670e-04V/cm J:7.0013e-02A/cm2 ğ›’:7.0944e-03ğ›€ cm
2023-06-09 10:57:17,470 INFO Measurement at current 0.00628140703517588
2023-06-09 10:57:18,111 INFO T:149.80Â°K V:2.6264e-05V I:6.2814e-03A R:4.1812e-03ğ›€ E:5.0507e-04V/cm J:7.0578e-02A/cm2 ğ›’:7.1562e-03ğ›€ cm
2023-06-09 10:57:18,130 INFO Measurement at current 0.006331658291457287
2023-06-09 10:57:18,733 INFO T:149.79Â°K V:2.6679e-05V I:6.3317e-03A R:4.2135e-03ğ›€ E:5.1305e-04V/cm J:7.1142e-02A/cm2 ğ›’:7.2116e-03ğ›€ cm
2023-06-09 10:57:18,765 INFO Measurement at current 0.006381909547738694
2023-06-09 10:57:19,367 INFO T:149.79Â°K V:2.7105e-05V I:6.3819e-03A R:4.2472e-03ğ›€ E:5.2126e-04V/cm J:7.1707e-02A/cm2 ğ›’:7.2693e-03ğ›€ cm
2023-06-09 10:57:19,385 INFO Measurement at current 0.006432160804020101
2023-06-09 10:57:20,008 INFO T:149.78Â°K V:2.7520e-05V I:6.4322e-03A R:4.2784e-03ğ›€ E:5.2922e-04V/cm J:7.2271e-02A/cm2 ğ›’:7.3227e-03ğ›€ cm
2023-06-09 10:57:20,026 INFO Measurement at current 0.006482412060301508
2023-06-09 10:57:20,621 INFO T:149.78Â°K V:2.7956e-05V I:6.4824e-03A R:4.3126e-03ğ›€ E:5.3761e-04V/cm J:7.2836e-02A/cm2 ğ›’:7.3811e-03ğ›€ cm
2023-06-09 10:57:20,638 INFO Measurement at current 0.006532663316582915
2023-06-09 10:57:21,242 INFO T:149.77Â°K V:2.8371e-05V I:6.5327e-03A R:4.3430e-03ğ›€ E:5.4560e-04V/cm J:7.3401e-02A/cm2 ğ›’:7.4331e-03ğ›€ cm
2023-06-09 10:57:21,334 INFO Measurement at current 0.0065829145728643216
2023-06-09 10:57:21,934 INFO T:149.76Â°K V:2.8789e-05V I:6.5829e-03A R:4.3732e-03ğ›€ E:5.5363e-04V/cm J:7.3965e-02A/cm2 ğ›’:7.4850e-03ğ›€ cm
2023-06-09 10:57:21,949 INFO Measurement at current 0.0066331658291457285
2023-06-09 10:57:22,563 INFO T:149.76Â°K V:2.9235e-05V I:6.6332e-03A R:4.4074e-03ğ›€ E:5.6221e-04V/cm J:7.4530e-02A/cm2 ğ›’:7.5435e-03ğ›€ cm
2023-06-09 10:57:22,582 INFO Measurement at current 0.0066834170854271355
2023-06-09 10:57:23,186 INFO T:149.75Â°K V:2.9639e-05V I:6.6834e-03A R:4.4347e-03ğ›€ E:5.6998e-04V/cm J:7.5095e-02A/cm2 ğ›’:7.5902e-03ğ›€ cm
2023-06-09 10:57:23,221 INFO Measurement at current 0.0067336683417085425
2023-06-09 10:57:23,824 INFO T:149.75Â°K V:3.0095e-05V I:6.7337e-03A R:4.4693e-03ğ›€ E:5.7874e-04V/cm J:7.5659e-02A/cm2 ğ›’:7.6493e-03ğ›€ cm
2023-06-09 10:57:23,842 INFO Measurement at current 0.0067839195979899495
2023-06-09 10:57:24,440 INFO T:149.74Â°K V:3.0484e-05V I:6.7839e-03A R:4.4936e-03ğ›€ E:5.8624e-04V/cm J:7.6224e-02A/cm2 ğ›’:7.6910e-03ğ›€ cm
2023-06-09 10:57:24,458 INFO Measurement at current 0.006834170854271357
2023-06-09 10:57:25,054 INFO T:149.74Â°K V:3.0913e-05V I:6.8342e-03A R:4.5233e-03ğ›€ E:5.9447e-04V/cm J:7.6788e-02A/cm2 ğ›’:7.7417e-03ğ›€ cm
2023-06-09 10:57:25,079 INFO Measurement at current 0.006884422110552764
2023-06-09 10:57:25,677 INFO T:149.73Â°K V:3.1348e-05V I:6.8844e-03A R:4.5535e-03ğ›€ E:6.0285e-04V/cm J:7.7353e-02A/cm2 ğ›’:7.7935e-03ğ›€ cm
2023-06-09 10:57:25,697 INFO Measurement at current 0.006934673366834171
2023-06-09 10:57:26,294 INFO T:149.72Â°K V:3.1753e-05V I:6.9347e-03A R:4.5789e-03ğ›€ E:6.1063e-04V/cm J:7.7918e-02A/cm2 ğ›’:7.8369e-03ğ›€ cm
2023-06-09 10:57:26,313 INFO Measurement at current 0.006984924623115578
2023-06-09 10:57:26,919 INFO T:149.72Â°K V:3.2181e-05V I:6.9849e-03A R:4.6072e-03ğ›€ E:6.1886e-04V/cm J:7.8482e-02A/cm2 ğ›’:7.8854e-03ğ›€ cm
2023-06-09 10:57:26,939 INFO Measurement at current 0.007035175879396985
2023-06-09 10:57:27,550 INFO T:149.71Â°K V:3.2605e-05V I:7.0352e-03A R:4.6346e-03ğ›€ E:6.2702e-04V/cm J:7.9047e-02A/cm2 ğ›’:7.9322e-03ğ›€ cm
2023-06-09 10:57:27,568 INFO Measurement at current 0.007085427135678392
2023-06-09 10:57:28,173 INFO T:149.71Â°K V:3.3017e-05V I:7.0854e-03A R:4.6599e-03ğ›€ E:6.3495e-04V/cm J:7.9612e-02A/cm2 ğ›’:7.9756e-03ğ›€ cm
2023-06-09 10:57:28,196 INFO Measurement at current 0.007135678391959799
2023-06-09 10:57:28,799 INFO T:149.70Â°K V:3.3435e-05V I:7.1357e-03A R:4.6857e-03ğ›€ E:6.4299e-04V/cm J:8.0176e-02A/cm2 ğ›’:8.0197e-03ğ›€ cm
2023-06-09 10:57:28,819 INFO Measurement at current 0.007185929648241206
2023-06-09 10:57:29,420 INFO T:149.70Â°K V:3.3894e-05V I:7.1859e-03A R:4.7167e-03ğ›€ E:6.5180e-04V/cm J:8.0741e-02A/cm2 ğ›’:8.0728e-03ğ›€ cm
2023-06-09 10:57:29,450 INFO Measurement at current 0.007236180904522613
2023-06-09 10:57:30,105 INFO T:149.69Â°K V:3.4284e-05V I:7.2362e-03A R:4.7379e-03ğ›€ E:6.5931e-04V/cm J:8.1305e-02A/cm2 ğ›’:8.1091e-03ğ›€ cm
2023-06-09 10:57:30,137 INFO Measurement at current 0.00728643216080402
2023-06-09 10:57:30,749 INFO T:149.68Â°K V:3.4675e-05V I:7.2864e-03A R:4.7588e-03ğ›€ E:6.6683e-04V/cm J:8.1870e-02A/cm2 ğ›’:8.1449e-03ğ›€ cm
2023-06-09 10:57:30,779 INFO Measurement at current 0.007336683417085427
2023-06-09 10:57:31,395 INFO T:149.68Â°K V:3.5113e-05V I:7.3367e-03A R:4.7859e-03ğ›€ E:6.7524e-04V/cm J:8.2435e-02A/cm2 ğ›’:8.1913e-03ğ›€ cm
2023-06-09 10:57:31,430 INFO Measurement at current 0.007386934673366834
2023-06-09 10:57:32,028 INFO T:149.67Â°K V:3.5512e-05V I:7.3869e-03A R:4.8074e-03ğ›€ E:6.8292e-04V/cm J:8.2999e-02A/cm2 ğ›’:8.2281e-03ğ›€ cm
2023-06-09 10:57:32,046 INFO Measurement at current 0.007437185929648241
2023-06-09 10:57:32,662 INFO T:149.67Â°K V:3.5959e-05V I:7.4372e-03A R:4.8351e-03ğ›€ E:6.9153e-04V/cm J:8.3564e-02A/cm2 ğ›’:8.2754e-03ğ›€ cm
2023-06-09 10:57:32,677 INFO Measurement at current 0.007487437185929648
2023-06-09 10:57:33,285 INFO T:149.66Â°K V:3.6330e-05V I:7.4874e-03A R:4.8522e-03ğ›€ E:6.9866e-04V/cm J:8.4129e-02A/cm2 ğ›’:8.3047e-03ğ›€ cm
2023-06-09 10:57:33,298 INFO Measurement at current 0.007537688442211056
2023-06-09 10:57:33,887 INFO T:149.66Â°K V:3.6708e-05V I:7.5377e-03A R:4.8699e-03ğ›€ E:7.0591e-04V/cm J:8.4693e-02A/cm2 ğ›’:8.3350e-03ğ›€ cm
2023-06-09 10:57:33,900 INFO Measurement at current 0.007587939698492463
2023-06-09 10:57:34,487 INFO T:149.65Â°K V:3.7158e-05V I:7.5879e-03A R:4.8970e-03ğ›€ E:7.1458e-04V/cm J:8.5258e-02A/cm2 ğ›’:8.3814e-03ğ›€ cm
2023-06-09 10:57:34,501 INFO Measurement at current 0.00763819095477387
2023-06-09 10:57:35,091 INFO T:149.64Â°K V:3.7574e-05V I:7.6382e-03A R:4.9192e-03ğ›€ E:7.2257e-04V/cm J:8.5822e-02A/cm2 ğ›’:8.4194e-03ğ›€ cm
2023-06-09 10:57:35,104 INFO Measurement at current 0.007688442211055277
2023-06-09 10:57:35,692 INFO T:149.64Â°K V:3.7988e-05V I:7.6884e-03A R:4.9409e-03ğ›€ E:7.3053e-04V/cm J:8.6387e-02A/cm2 ğ›’:8.4565e-03ğ›€ cm
2023-06-09 10:57:35,706 INFO Measurement at current 0.007738693467336684
2023-06-09 10:57:36,290 INFO T:149.63Â°K V:3.8392e-05V I:7.7387e-03A R:4.9611e-03ğ›€ E:7.3831e-04V/cm J:8.6952e-02A/cm2 ğ›’:8.4910e-03ğ›€ cm
2023-06-09 10:57:36,305 INFO Measurement at current 0.007788944723618091
2023-06-09 10:57:36,892 INFO T:149.63Â°K V:3.8805e-05V I:7.7889e-03A R:4.9820e-03ğ›€ E:7.4624e-04V/cm J:8.7516e-02A/cm2 ğ›’:8.5269e-03ğ›€ cm
2023-06-09 10:57:36,908 INFO Measurement at current 0.007839195979899497
2023-06-09 10:57:37,507 INFO T:149.62Â°K V:3.9192e-05V I:7.8392e-03A R:4.9995e-03ğ›€ E:7.5370e-04V/cm J:8.8081e-02A/cm2 ğ›’:8.5569e-03ğ›€ cm
2023-06-09 10:57:37,534 INFO Measurement at current 0.007889447236180906
2023-06-09 10:57:38,131 INFO T:149.62Â°K V:3.9592e-05V I:7.8894e-03A R:5.0184e-03ğ›€ E:7.6139e-04V/cm J:8.8645e-02A/cm2 ğ›’:8.5892e-03ğ›€ cm
2023-06-09 10:57:38,159 INFO Measurement at current 0.007939698492462312
2023-06-09 10:57:38,760 INFO T:149.61Â°K V:4.0017e-05V I:7.9397e-03A R:5.0402e-03ğ›€ E:7.6957e-04V/cm J:8.9210e-02A/cm2 ğ›’:8.6265e-03ğ›€ cm
2023-06-09 10:57:38,778 INFO Measurement at current 0.00798994974874372
2023-06-09 10:57:39,376 INFO T:149.61Â°K V:4.0420e-05V I:7.9899e-03A R:5.0588e-03ğ›€ E:7.7730e-04V/cm J:8.9775e-02A/cm2 ğ›’:8.6584e-03ğ›€ cm
2023-06-09 10:57:39,449 INFO Measurement at current 0.008040201005025126
2023-06-09 10:57:40,092 INFO T:149.60Â°K V:4.0853e-05V I:8.0402e-03A R:5.0811e-03ğ›€ E:7.8563e-04V/cm J:9.0339e-02A/cm2 ğ›’:8.6965e-03ğ›€ cm
2023-06-09 10:57:40,113 INFO Measurement at current 0.008090452261306533
2023-06-09 10:57:40,721 INFO T:149.59Â°K V:4.1262e-05V I:8.0905e-03A R:5.1001e-03ğ›€ E:7.9350e-04V/cm J:9.0904e-02A/cm2 ğ›’:8.7290e-03ğ›€ cm
2023-06-09 10:57:40,747 INFO Measurement at current 0.00814070351758794
2023-06-09 10:57:41,359 INFO T:149.59Â°K V:4.1687e-05V I:8.1407e-03A R:5.1209e-03ğ›€ E:8.0168e-04V/cm J:9.1469e-02A/cm2 ğ›’:8.7646e-03ğ›€ cm
2023-06-09 10:57:41,383 INFO Measurement at current 0.008190954773869347
2023-06-09 10:57:42,001 INFO T:149.58Â°K V:4.2106e-05V I:8.1910e-03A R:5.1406e-03ğ›€ E:8.0973e-04V/cm J:9.2033e-02A/cm2 ğ›’:8.7983e-03ğ›€ cm
2023-06-09 10:57:42,024 INFO Measurement at current 0.008241206030150754
2023-06-09 10:57:42,629 INFO T:149.58Â°K V:4.2495e-05V I:8.2412e-03A R:5.1564e-03ğ›€ E:8.1721e-04V/cm J:9.2598e-02A/cm2 ğ›’:8.8254e-03ğ›€ cm
2023-06-09 10:57:42,648 INFO Measurement at current 0.008291457286432161
2023-06-09 10:57:43,253 INFO T:149.57Â°K V:4.2938e-05V I:8.2915e-03A R:5.1786e-03ğ›€ E:8.2573e-04V/cm J:9.3162e-02A/cm2 ğ›’:8.8633e-03ğ›€ cm
2023-06-09 10:57:43,268 INFO Measurement at current 0.008341708542713568
2023-06-09 10:57:43,862 INFO T:149.57Â°K V:4.3343e-05V I:8.3417e-03A R:5.1960e-03ğ›€ E:8.3353e-04V/cm J:9.3727e-02A/cm2 ğ›’:8.8931e-03ğ›€ cm
2023-06-09 10:57:43,894 INFO Measurement at current 0.008391959798994975
2023-06-09 10:57:44,497 INFO T:149.56Â°K V:4.3779e-05V I:8.3920e-03A R:5.2168e-03ğ›€ E:8.4190e-04V/cm J:9.4292e-02A/cm2 ğ›’:8.9287e-03ğ›€ cm
2023-06-09 10:57:44,513 INFO Measurement at current 0.008442211055276382
2023-06-09 10:57:45,110 INFO T:149.55Â°K V:4.4192e-05V I:8.4422e-03A R:5.2347e-03ğ›€ E:8.4985e-04V/cm J:9.4856e-02A/cm2 ğ›’:8.9594e-03ğ›€ cm
2023-06-09 10:57:45,127 INFO Measurement at current 0.00849246231155779
2023-06-09 10:57:45,722 INFO T:149.55Â°K V:4.4576e-05V I:8.4925e-03A R:5.2488e-03ğ›€ E:8.5722e-04V/cm J:9.5421e-02A/cm2 ğ›’:8.9836e-03ğ›€ cm
2023-06-09 10:57:45,767 INFO Measurement at current 0.008542713567839196
2023-06-09 10:57:46,368 INFO T:149.54Â°K V:4.4977e-05V I:8.5427e-03A R:5.2649e-03ğ›€ E:8.6494e-04V/cm J:9.5986e-02A/cm2 ğ›’:9.0112e-03ğ›€ cm
2023-06-09 10:57:46,402 INFO Measurement at current 0.008592964824120603
2023-06-09 10:57:47,050 INFO T:149.54Â°K V:4.5375e-05V I:8.5930e-03A R:5.2805e-03ğ›€ E:8.7260e-04V/cm J:9.6550e-02A/cm2 ğ›’:9.0377e-03ğ›€ cm
2023-06-09 10:57:47,074 INFO Measurement at current 0.00864321608040201
2023-06-09 10:57:47,668 INFO T:149.53Â°K V:4.5838e-05V I:8.6432e-03A R:5.3033e-03ğ›€ E:8.8150e-04V/cm J:9.7115e-02A/cm2 ğ›’:9.0769e-03ğ›€ cm
2023-06-09 10:57:47,689 INFO Measurement at current 0.008693467336683417
2023-06-09 10:57:48,310 INFO T:149.53Â°K V:4.6237e-05V I:8.6935e-03A R:5.3186e-03ğ›€ E:8.8918e-04V/cm J:9.7679e-02A/cm2 ğ›’:9.1030e-03ğ›€ cm
2023-06-09 10:57:48,324 INFO Measurement at current 0.008743718592964824
2023-06-09 10:57:48,920 INFO T:149.52Â°K V:4.6679e-05V I:8.7437e-03A R:5.3386e-03ğ›€ E:8.9768e-04V/cm J:9.8244e-02A/cm2 ğ›’:9.1373e-03ğ›€ cm
2023-06-09 10:57:48,943 INFO Measurement at current 0.008793969849246231
2023-06-09 10:57:49,537 INFO T:149.52Â°K V:4.7078e-05V I:8.7940e-03A R:5.3535e-03ğ›€ E:9.0535e-04V/cm J:9.8809e-02A/cm2 ğ›’:9.1627e-03ğ›€ cm
2023-06-09 10:57:49,557 INFO Measurement at current 0.008844221105527638
2023-06-09 10:57:50,160 INFO T:149.51Â°K V:4.7465e-05V I:8.8442e-03A R:5.3668e-03ğ›€ E:9.1278e-04V/cm J:9.9373e-02A/cm2 ğ›’:9.1854e-03ğ›€ cm
2023-06-09 10:57:50,189 INFO Measurement at current 0.008894472361809045
2023-06-09 10:57:50,785 INFO T:149.50Â°K V:4.7869e-05V I:8.8945e-03A R:5.3819e-03ğ›€ E:9.2056e-04V/cm J:9.9938e-02A/cm2 ğ›’:9.2113e-03ğ›€ cm
2023-06-09 10:57:50,808 INFO Measurement at current 0.008944723618090452
2023-06-09 10:57:51,413 INFO T:149.50Â°K V:4.8280e-05V I:8.9447e-03A R:5.3976e-03ğ›€ E:9.2846e-04V/cm J:1.0050e-01A/cm2 ğ›’:9.2381e-03ğ›€ cm
2023-06-09 10:57:51,433 INFO Measurement at current 0.008994974874371859
2023-06-09 10:57:52,034 INFO T:149.49Â°K V:4.8680e-05V I:8.9950e-03A R:5.4119e-03ğ›€ E:9.3615e-04V/cm J:1.0107e-01A/cm2 ğ›’:9.2627e-03ğ›€ cm
2023-06-09 10:57:52,055 INFO Measurement at current 0.009045226130653266
2023-06-09 10:57:52,717 INFO T:149.49Â°K V:4.9053e-05V I:9.0452e-03A R:5.4230e-03ğ›€ E:9.4332e-04V/cm J:1.0163e-01A/cm2 ğ›’:9.2817e-03ğ›€ cm
2023-06-09 10:57:52,734 INFO Measurement at current 0.009095477386934673
2023-06-09 10:57:53,330 INFO T:149.48Â°K V:4.9474e-05V I:9.0955e-03A R:5.4394e-03ğ›€ E:9.5143e-04V/cm J:1.0220e-01A/cm2 ğ›’:9.3098e-03ğ›€ cm
2023-06-09 10:57:53,361 INFO Measurement at current 0.00914572864321608
2023-06-09 10:57:53,958 INFO T:149.48Â°K V:4.9917e-05V I:9.1457e-03A R:5.4580e-03ğ›€ E:9.5995e-04V/cm J:1.0276e-01A/cm2 ğ›’:9.3415e-03ğ›€ cm
2023-06-09 10:57:53,987 INFO Measurement at current 0.009195979899497487
2023-06-09 10:57:54,627 INFO T:149.47Â°K V:5.0315e-05V I:9.1960e-03A R:5.4714e-03ğ›€ E:9.6760e-04V/cm J:1.0333e-01A/cm2 ğ›’:9.3645e-03ğ›€ cm
2023-06-09 10:57:54,659 INFO Measurement at current 0.009246231155778894
2023-06-09 10:57:55,301 INFO T:149.46Â°K V:5.0767e-05V I:9.2462e-03A R:5.4906e-03ğ›€ E:9.7629e-04V/cm J:1.0389e-01A/cm2 ğ›’:9.3973e-03ğ›€ cm
2023-06-09 10:57:55,323 INFO Measurement at current 0.009296482412060303
2023-06-09 10:57:55,934 INFO T:149.46Â°K V:5.1136e-05V I:9.2965e-03A R:5.5006e-03ğ›€ E:9.8339e-04V/cm J:1.0445e-01A/cm2 ğ›’:9.4145e-03ğ›€ cm
2023-06-09 10:57:55,953 INFO Measurement at current 0.00934673366834171
2023-06-09 10:57:56,557 INFO T:149.45Â°K V:5.1593e-05V I:9.3467e-03A R:5.5199e-03ğ›€ E:9.9217e-04V/cm J:1.0502e-01A/cm2 ğ›’:9.4475e-03ğ›€ cm
2023-06-09 10:57:56,579 INFO Measurement at current 0.009396984924623117
2023-06-09 10:57:57,182 INFO T:149.45Â°K V:5.1959e-05V I:9.3970e-03A R:5.5294e-03ğ›€ E:9.9922e-04V/cm J:1.0558e-01A/cm2 ğ›’:9.4637e-03ğ›€ cm
2023-06-09 10:57:57,219 INFO Measurement at current 0.009447236180904523
2023-06-09 10:57:57,818 INFO T:149.44Â°K V:5.2385e-05V I:9.4472e-03A R:5.5450e-03ğ›€ E:1.0074e-03V/cm J:1.0615e-01A/cm2 ğ›’:9.4906e-03ğ›€ cm
2023-06-09 10:57:57,850 INFO Measurement at current 0.00949748743718593
2023-06-09 10:57:58,462 INFO T:149.44Â°K V:5.2756e-05V I:9.4975e-03A R:5.5548e-03ğ›€ E:1.0145e-03V/cm J:1.0671e-01A/cm2 ğ›’:9.5072e-03ğ›€ cm
2023-06-09 10:57:58,495 INFO Measurement at current 0.009547738693467337
2023-06-09 10:57:59,107 INFO T:149.43Â°K V:5.3187e-05V I:9.5477e-03A R:5.5707e-03ğ›€ E:1.0228e-03V/cm J:1.0728e-01A/cm2 ğ›’:9.5344e-03ğ›€ cm
2023-06-09 10:57:59,138 INFO Measurement at current 0.009597989949748744
2023-06-09 10:57:59,735 INFO T:149.43Â°K V:5.3583e-05V I:9.5980e-03A R:5.5827e-03ğ›€ E:1.0304e-03V/cm J:1.0784e-01A/cm2 ğ›’:9.5550e-03ğ›€ cm
2023-06-09 10:57:59,751 INFO Measurement at current 0.009648241206030151
2023-06-09 10:58:00,341 INFO T:149.42Â°K V:5.4024e-05V I:9.6482e-03A R:5.5993e-03ğ›€ E:1.0389e-03V/cm J:1.0841e-01A/cm2 ğ›’:9.5835e-03ğ›€ cm
2023-06-09 10:58:00,356 INFO Measurement at current 0.009698492462311558
2023-06-09 10:58:00,946 INFO T:149.41Â°K V:5.4466e-05V I:9.6985e-03A R:5.6159e-03ğ›€ E:1.0474e-03V/cm J:1.0897e-01A/cm2 ğ›’:9.6119e-03ğ›€ cm
2023-06-09 10:58:00,961 INFO Measurement at current 0.009748743718592965
2023-06-09 10:58:01,548 INFO T:149.41Â°K V:5.4888e-05V I:9.7487e-03A R:5.6303e-03ğ›€ E:1.0555e-03V/cm J:1.0954e-01A/cm2 ğ›’:9.6365e-03ğ›€ cm
2023-06-09 10:58:01,562 INFO Measurement at current 0.009798994974874372
2023-06-09 10:58:02,150 INFO T:149.40Â°K V:5.5255e-05V I:9.7990e-03A R:5.6388e-03ğ›€ E:1.0626e-03V/cm J:1.1010e-01A/cm2 ğ›’:9.6511e-03ğ›€ cm
2023-06-09 10:58:02,166 INFO Measurement at current 0.00984924623115578
2023-06-09 10:58:02,755 INFO T:149.40Â°K V:5.5668e-05V I:9.8492e-03A R:5.6520e-03ğ›€ E:1.0705e-03V/cm J:1.1067e-01A/cm2 ğ›’:9.6736e-03ğ›€ cm
2023-06-09 10:58:02,772 INFO Measurement at current 0.009899497487437186
2023-06-09 10:58:03,367 INFO T:149.39Â°K V:5.6095e-05V I:9.8995e-03A R:5.6665e-03ğ›€ E:1.0788e-03V/cm J:1.1123e-01A/cm2 ğ›’:9.6984e-03ğ›€ cm
2023-06-09 10:58:03,384 INFO Measurement at current 0.009949748743718593
2023-06-09 10:58:03,974 INFO T:149.39Â°K V:5.6475e-05V I:9.9497e-03A R:5.6760e-03ğ›€ E:1.0861e-03V/cm J:1.1179e-01A/cm2 ğ›’:9.7147e-03ğ›€ cm
2023-06-09 10:58:03,988 INFO Measurement at current 0.01
2023-06-09 10:58:04,574 INFO T:149.38Â°K V:5.6946e-05V I:1.0000e-02A R:5.6946e-03ğ›€ E:1.0951e-03V/cm J:1.1236e-01A/cm2 ğ›’:9.7465e-03ğ›€ cm
2023-06-09 10:58:24,773 INFO Save the description file
2023-06-09 10:58:24,779 INFO Save data in numpy format Esperimenti/BS_1_4a_090623_I_V/BS_1_4a_090623_I_V_current_from_0_to_100e-4A/BS_1_4a_090623_I_V_current_from_0_to_100e-4A-20230609105822
2023-06-09 10:58:24,793 INFO Save data in CSV format Esperimenti/BS_1_4a_090623_I_V/BS_1_4a_090623_I_V_current_from_0_to_100e-4A/BS_1_4a_090623_I_V_current_from_0_to_100e-4A-20230609105822.csv
2023-06-09 10:58:24,837 INFO Save plot as image Esperimenti/BS_1_4a_090623_I_V/BS_1_4a_090623_I_V_current_from_0_to_100e-4A/BS_1_4a_090623_I_V_current_from_0_to_100e-4A-20230609105822.png
