2023-06-09 13:06:46,352 INFO ### Start experiment: BS_1_4a_090623_I_V current from 0 to 100e-4A ###
2023-06-09 13:06:47,694 INFO Found Multimeter KEITHLEY INSTRUMENTS INC.,MODEL 2700,0884890,B03  /A02  

2023-06-09 13:06:48,723 INFO Found Nanovolt Meter KEITHLEY INSTRUMENTS INC.,MODEL 2182A,4056474,C03  /A02  

2023-06-09 13:06:48,831 INFO Found Source Meter KEITHLEY INSTRUMENTS INC.,MODEL 2400,0945684,C24   Feb 14 2002 11:59:45/A02  /K/H

2023-06-09 13:06:48,957 INFO Start the measurement loop
2023-06-09 13:06:53,855 INFO Measurement at current 0.0
2023-06-09 13:06:54,772 INFO T:76.85Â°K V:4.0189e-06V I:0.0000e+00A R:infğ›€ E:7.7286e-05V/cm J:0.0000e+00A/cm2 ğ›’:infğ›€ cm
2023-06-09 13:06:54,795 INFO Measurement at current 5.0251256281407036e-05
2023-06-09 13:06:55,404 INFO T:76.85Â°K V:4.3792e-06V I:5.0251e-05A R:8.7146e-02ğ›€ E:8.4216e-05V/cm J:5.6462e-04A/cm2 ğ›’:1.4915e-01ğ›€ cm
2023-06-09 13:06:55,427 INFO Measurement at current 0.00010050251256281407
2023-06-09 13:06:56,042 INFO T:76.85Â°K V:4.7635e-06V I:1.0050e-04A R:4.7397e-02ğ›€ E:9.1607e-05V/cm J:1.1292e-03A/cm2 ğ›’:8.1122e-02ğ›€ cm
2023-06-09 13:06:56,063 INFO Measurement at current 0.00015075376884422112
2023-06-09 13:06:56,673 INFO T:76.84Â°K V:5.1543e-06V I:1.5075e-04A R:3.4190e-02ğ›€ E:9.9122e-05V/cm J:1.6939e-03A/cm2 ğ›’:5.8518e-02ğ›€ cm
2023-06-09 13:06:56,694 INFO Measurement at current 0.00020100502512562814
2023-06-09 13:06:57,310 INFO T:76.85Â°K V:5.5160e-06V I:2.0101e-04A R:2.7442e-02ğ›€ E:1.0608e-04V/cm J:2.2585e-03A/cm2 ğ›’:4.6968e-02ğ›€ cm
2023-06-09 13:06:57,325 INFO Measurement at current 0.0002512562814070352
2023-06-09 13:06:57,922 INFO T:76.84Â°K V:5.8997e-06V I:2.5126e-04A R:2.3481e-02ğ›€ E:1.1346e-04V/cm J:2.8231e-03A/cm2 ğ›’:4.0188e-02ğ›€ cm
2023-06-09 13:06:57,947 INFO Measurement at current 0.00030150753768844223
2023-06-09 13:06:58,560 INFO T:76.85Â°K V:6.2637e-06V I:3.0151e-04A R:2.0774e-02ğ›€ E:1.2045e-04V/cm J:3.3877e-03A/cm2 ğ›’:3.5556e-02ğ›€ cm
2023-06-09 13:06:58,580 INFO Measurement at current 0.00035175879396984926
2023-06-09 13:06:59,171 INFO T:76.85Â°K V:6.6537e-06V I:3.5176e-04A R:1.8916e-02ğ›€ E:1.2796e-04V/cm J:3.9523e-03A/cm2 ğ›’:3.2375e-02ğ›€ cm
2023-06-09 13:06:59,201 INFO Measurement at current 0.0004020100502512563
2023-06-09 13:06:59,795 INFO T:76.85Â°K V:7.0330e-06V I:4.0201e-04A R:1.7495e-02ğ›€ E:1.3525e-04V/cm J:4.5170e-03A/cm2 ğ›’:2.9943e-02ğ›€ cm
2023-06-09 13:06:59,812 INFO Measurement at current 0.0004522613065326633
2023-06-09 13:07:00,423 INFO T:76.85Â°K V:7.4110e-06V I:4.5226e-04A R:1.6387e-02ğ›€ E:1.4252e-04V/cm J:5.0816e-03A/cm2 ğ›’:2.8046e-02ğ›€ cm
2023-06-09 13:07:00,448 INFO Measurement at current 0.0005025125628140704
2023-06-09 13:07:01,057 INFO T:76.85Â°K V:7.8188e-06V I:5.0251e-04A R:1.5559e-02ğ›€ E:1.5036e-04V/cm J:5.6462e-03A/cm2 ğ›’:2.6631e-02ğ›€ cm
2023-06-09 13:07:01,073 INFO Measurement at current 0.0005527638190954774
2023-06-09 13:07:01,674 INFO T:76.85Â°K V:8.1744e-06V I:5.5276e-04A R:1.4788e-02ğ›€ E:1.5720e-04V/cm J:6.2108e-03A/cm2 ğ›’:2.5311e-02ğ›€ cm
2023-06-09 13:07:01,692 INFO Measurement at current 0.0006030150753768845
2023-06-09 13:07:02,290 INFO T:76.85Â°K V:8.5528e-06V I:6.0302e-04A R:1.4183e-02ğ›€ E:1.6448e-04V/cm J:6.7755e-03A/cm2 ğ›’:2.4275e-02ğ›€ cm
2023-06-09 13:07:02,307 INFO Measurement at current 0.0006532663316582914
2023-06-09 13:07:02,901 INFO T:76.85Â°K V:8.9247e-06V I:6.5327e-04A R:1.3662e-02ğ›€ E:1.7163e-04V/cm J:7.3401e-03A/cm2 ğ›’:2.3383e-02ğ›€ cm
2023-06-09 13:07:02,930 INFO Measurement at current 0.0007035175879396985
2023-06-09 13:07:03,525 INFO T:76.85Â°K V:9.3246e-06V I:7.0352e-04A R:1.3254e-02ğ›€ E:1.7932e-04V/cm J:7.9047e-03A/cm2 ğ›’:2.2685e-02ğ›€ cm
2023-06-09 13:07:03,548 INFO Measurement at current 0.0007537688442211055
2023-06-09 13:07:04,150 INFO T:76.85Â°K V:9.6862e-06V I:7.5377e-04A R:1.2850e-02ğ›€ E:1.8627e-04V/cm J:8.4693e-03A/cm2 ğ›’:2.1994e-02ğ›€ cm
2023-06-09 13:07:04,173 INFO Measurement at current 0.0008040201005025126
2023-06-09 13:07:04,776 INFO T:76.84Â°K V:1.0048e-05V I:8.0402e-04A R:1.2497e-02ğ›€ E:1.9322e-04V/cm J:9.0339e-03A/cm2 ğ›’:2.1389e-02ğ›€ cm
2023-06-09 13:07:04,797 INFO Measurement at current 0.0008542713567839197
2023-06-09 13:07:05,418 INFO T:76.85Â°K V:1.0440e-05V I:8.5427e-04A R:1.2222e-02ğ›€ E:2.0078e-04V/cm J:9.5986e-03A/cm2 ğ›’:2.0918e-02ğ›€ cm
2023-06-09 13:07:05,436 INFO Measurement at current 0.0009045226130653266
2023-06-09 13:07:06,026 INFO T:76.85Â°K V:1.0816e-05V I:9.0452e-04A R:1.1957e-02ğ›€ E:2.0799e-04V/cm J:1.0163e-02A/cm2 ğ›’:2.0465e-02ğ›€ cm
2023-06-09 13:07:06,046 INFO Measurement at current 0.0009547738693467337
2023-06-09 13:07:06,658 INFO T:76.85Â°K V:1.1181e-05V I:9.5477e-04A R:1.1710e-02ğ›€ E:2.1501e-04V/cm J:1.0728e-02A/cm2 ğ›’:2.0043e-02ğ›€ cm
2023-06-09 13:07:06,681 INFO Measurement at current 0.0010050251256281408
2023-06-09 13:07:07,284 INFO T:76.84Â°K V:1.1548e-05V I:1.0050e-03A R:1.1490e-02ğ›€ E:2.2208e-04V/cm J:1.1292e-02A/cm2 ğ›’:1.9666e-02ğ›€ cm
2023-06-09 13:07:07,307 INFO Measurement at current 0.0010552763819095478
2023-06-09 13:07:07,910 INFO T:76.84Â°K V:1.1935e-05V I:1.0553e-03A R:1.1310e-02ğ›€ E:2.2953e-04V/cm J:1.1857e-02A/cm2 ğ›’:1.9358e-02ğ›€ cm
2023-06-09 13:07:07,931 INFO Measurement at current 0.0011055276381909548
2023-06-09 13:07:08,524 INFO T:76.84Â°K V:1.2292e-05V I:1.1055e-03A R:1.1118e-02ğ›€ E:2.3638e-04V/cm J:1.2422e-02A/cm2 ğ›’:1.9030e-02ğ›€ cm
2023-06-09 13:07:08,540 INFO Measurement at current 0.0011557788944723617
2023-06-09 13:07:09,131 INFO T:76.84Â°K V:1.2702e-05V I:1.1558e-03A R:1.0990e-02ğ›€ E:2.4426e-04V/cm J:1.2986e-02A/cm2 ğ›’:1.8809e-02ğ›€ cm
2023-06-09 13:07:09,155 INFO Measurement at current 0.001206030150753769
2023-06-09 13:07:09,785 INFO T:76.84Â°K V:1.3083e-05V I:1.2060e-03A R:1.0848e-02ğ›€ E:2.5160e-04V/cm J:1.3551e-02A/cm2 ğ›’:1.8567e-02ğ›€ cm
2023-06-09 13:07:09,810 INFO Measurement at current 0.001256281407035176
2023-06-09 13:07:10,419 INFO T:76.85Â°K V:1.3463e-05V I:1.2563e-03A R:1.0716e-02ğ›€ E:2.5890e-04V/cm J:1.4116e-02A/cm2 ğ›’:1.8341e-02ğ›€ cm
2023-06-09 13:07:10,444 INFO Measurement at current 0.0013065326633165829
2023-06-09 13:07:11,042 INFO T:76.85Â°K V:1.3840e-05V I:1.3065e-03A R:1.0593e-02ğ›€ E:2.6616e-04V/cm J:1.4680e-02A/cm2 ğ›’:1.8131e-02ğ›€ cm
2023-06-09 13:07:11,064 INFO Measurement at current 0.00135678391959799
2023-06-09 13:07:11,657 INFO T:76.84Â°K V:1.4218e-05V I:1.3568e-03A R:1.0479e-02ğ›€ E:2.7342e-04V/cm J:1.5245e-02A/cm2 ğ›’:1.7936e-02ğ›€ cm
2023-06-09 13:07:11,685 INFO Measurement at current 0.001407035175879397
2023-06-09 13:07:12,305 INFO T:76.84Â°K V:1.4585e-05V I:1.4070e-03A R:1.0366e-02ğ›€ E:2.8048e-04V/cm J:1.5809e-02A/cm2 ğ›’:1.7741e-02ğ›€ cm
2023-06-09 13:07:12,328 INFO Measurement at current 0.001457286432160804
2023-06-09 13:07:12,932 INFO T:76.84Â°K V:1.4956e-05V I:1.4573e-03A R:1.0263e-02ğ›€ E:2.8762e-04V/cm J:1.6374e-02A/cm2 ğ›’:1.7565e-02ğ›€ cm
2023-06-09 13:07:12,957 INFO Measurement at current 0.001507537688442211
2023-06-09 13:07:13,566 INFO T:76.84Â°K V:1.5325e-05V I:1.5075e-03A R:1.0165e-02ğ›€ E:2.9470e-04V/cm J:1.6939e-02A/cm2 ğ›’:1.7398e-02ğ›€ cm
2023-06-09 13:07:13,584 INFO Measurement at current 0.0015577889447236182
2023-06-09 13:07:14,188 INFO T:76.84Â°K V:1.5691e-05V I:1.5578e-03A R:1.0072e-02ğ›€ E:3.0174e-04V/cm J:1.7503e-02A/cm2 ğ›’:1.7239e-02ğ›€ cm
2023-06-09 13:07:14,211 INFO Measurement at current 0.0016080402010050252
2023-06-09 13:07:14,813 INFO T:76.84Â°K V:1.6055e-05V I:1.6080e-03A R:9.9839e-03ğ›€ E:3.0874e-04V/cm J:1.8068e-02A/cm2 ğ›’:1.7088e-02ğ›€ cm
2023-06-09 13:07:14,829 INFO Measurement at current 0.0016582914572864321
2023-06-09 13:07:15,419 INFO T:76.84Â°K V:1.6439e-05V I:1.6583e-03A R:9.9130e-03ğ›€ E:3.1613e-04V/cm J:1.8632e-02A/cm2 ğ›’:1.6967e-02ğ›€ cm
2023-06-09 13:07:15,445 INFO Measurement at current 0.0017085427135678393
2023-06-09 13:07:16,052 INFO T:76.84Â°K V:1.6814e-05V I:1.7085e-03A R:9.8414e-03ğ›€ E:3.2335e-04V/cm J:1.9197e-02A/cm2 ğ›’:1.6844e-02ğ›€ cm
2023-06-09 13:07:16,077 INFO Measurement at current 0.0017587939698492463
2023-06-09 13:07:16,679 INFO T:76.84Â°K V:1.7180e-05V I:1.7588e-03A R:9.7682e-03ğ›€ E:3.3039e-04V/cm J:1.9762e-02A/cm2 ğ›’:1.6719e-02ğ›€ cm
2023-06-09 13:07:16,698 INFO Measurement at current 0.0018090452261306533
2023-06-09 13:07:17,306 INFO T:76.84Â°K V:1.7535e-05V I:1.8090e-03A R:9.6930e-03ğ›€ E:3.3721e-04V/cm J:2.0326e-02A/cm2 ğ›’:1.6590e-02ğ›€ cm
2023-06-09 13:07:17,331 INFO Measurement at current 0.0018592964824120603
2023-06-09 13:07:17,936 INFO T:76.84Â°K V:1.7904e-05V I:1.8593e-03A R:9.6295e-03ğ›€ E:3.4431e-04V/cm J:2.0891e-02A/cm2 ğ›’:1.6481e-02ğ›€ cm
2023-06-09 13:07:17,960 INFO Measurement at current 0.0019095477386934674
2023-06-09 13:07:18,569 INFO T:76.84Â°K V:1.8246e-05V I:1.9095e-03A R:9.5552e-03ğ›€ E:3.5089e-04V/cm J:2.1456e-02A/cm2 ğ›’:1.6354e-02ğ›€ cm
2023-06-09 13:07:18,589 INFO Measurement at current 0.001959798994974874
2023-06-09 13:07:19,190 INFO T:76.84Â°K V:1.8605e-05V I:1.9598e-03A R:9.4931e-03ğ›€ E:3.5778e-04V/cm J:2.2020e-02A/cm2 ğ›’:1.6248e-02ğ›€ cm
2023-06-09 13:07:19,217 INFO Measurement at current 0.0020100502512562816
2023-06-09 13:07:19,828 INFO T:76.84Â°K V:1.8956e-05V I:2.0101e-03A R:9.4305e-03ğ›€ E:3.6453e-04V/cm J:2.2585e-02A/cm2 ğ›’:1.6141e-02ğ›€ cm
2023-06-09 13:07:19,852 INFO Measurement at current 0.0020603015075376886
2023-06-09 13:07:20,442 INFO T:76.84Â°K V:1.9351e-05V I:2.0603e-03A R:9.3921e-03ğ›€ E:3.7213e-04V/cm J:2.3149e-02A/cm2 ğ›’:1.6075e-02ğ›€ cm
2023-06-09 13:07:20,457 INFO Measurement at current 0.0021105527638190956
2023-06-09 13:07:21,053 INFO T:76.84Â°K V:1.9715e-05V I:2.1106e-03A R:9.3412e-03ğ›€ E:3.7914e-04V/cm J:2.3714e-02A/cm2 ğ›’:1.5988e-02ğ›€ cm
2023-06-09 13:07:21,078 INFO Measurement at current 0.0021608040201005025
2023-06-09 13:07:21,683 INFO T:76.84Â°K V:2.0157e-05V I:2.1608e-03A R:9.3283e-03ğ›€ E:3.8763e-04V/cm J:2.4279e-02A/cm2 ğ›’:1.5966e-02ğ›€ cm
2023-06-09 13:07:21,708 INFO Measurement at current 0.0022110552763819095
2023-06-09 13:07:22,303 INFO T:76.84Â°K V:2.0480e-05V I:2.2111e-03A R:9.2626e-03ğ›€ E:3.9385e-04V/cm J:2.4843e-02A/cm2 ğ›’:1.5853e-02ğ›€ cm
2023-06-09 13:07:22,325 INFO Measurement at current 0.0022613065326633165
2023-06-09 13:07:22,941 INFO T:76.84Â°K V:2.0846e-05V I:2.2613e-03A R:9.2184e-03ğ›€ E:4.0088e-04V/cm J:2.5408e-02A/cm2 ğ›’:1.5778e-02ğ›€ cm
2023-06-09 13:07:22,959 INFO Measurement at current 0.0023115577889447235
2023-06-09 13:07:23,549 INFO T:76.84Â°K V:2.1188e-05V I:2.3116e-03A R:9.1662e-03ğ›€ E:4.0747e-04V/cm J:2.5973e-02A/cm2 ğ›’:1.5688e-02ğ›€ cm
2023-06-09 13:07:23,568 INFO Measurement at current 0.002361809045226131
2023-06-09 13:07:24,170 INFO T:76.84Â°K V:2.1563e-05V I:2.3618e-03A R:9.1298e-03ğ›€ E:4.1467e-04V/cm J:2.6537e-02A/cm2 ğ›’:1.5626e-02ğ›€ cm
2023-06-09 13:07:24,188 INFO Measurement at current 0.002412060301507538
2023-06-09 13:07:24,795 INFO T:76.84Â°K V:2.1967e-05V I:2.4121e-03A R:9.1072e-03ğ›€ E:4.2244e-04V/cm J:2.7102e-02A/cm2 ğ›’:1.5587e-02ğ›€ cm
2023-06-09 13:07:24,814 INFO Measurement at current 0.002462311557788945
2023-06-09 13:07:25,408 INFO T:76.84Â°K V:2.2321e-05V I:2.4623e-03A R:9.0652e-03ğ›€ E:4.2926e-04V/cm J:2.7666e-02A/cm2 ğ›’:1.5516e-02ğ›€ cm
2023-06-09 13:07:25,425 INFO Measurement at current 0.002512562814070352
2023-06-09 13:07:26,019 INFO T:76.84Â°K V:2.2695e-05V I:2.5126e-03A R:9.0328e-03ğ›€ E:4.3645e-04V/cm J:2.8231e-02A/cm2 ğ›’:1.5460e-02ğ›€ cm
2023-06-09 13:07:26,044 INFO Measurement at current 0.0025628140703517588
2023-06-09 13:07:26,643 INFO T:76.84Â°K V:2.3078e-05V I:2.5628e-03A R:9.0051e-03ğ›€ E:4.4381e-04V/cm J:2.8796e-02A/cm2 ğ›’:1.5413e-02ğ›€ cm
2023-06-09 13:07:26,660 INFO Measurement at current 0.0026130653266331657
2023-06-09 13:07:27,255 INFO T:76.84Â°K V:2.3441e-05V I:2.6131e-03A R:8.9709e-03ğ›€ E:4.5080e-04V/cm J:2.9360e-02A/cm2 ğ›’:1.5354e-02ğ›€ cm
2023-06-09 13:07:27,277 INFO Measurement at current 0.0026633165829145727
2023-06-09 13:07:27,887 INFO T:76.84Â°K V:2.3825e-05V I:2.6633e-03A R:8.9455e-03ğ›€ E:4.5817e-04V/cm J:2.9925e-02A/cm2 ğ›’:1.5311e-02ğ›€ cm
2023-06-09 13:07:27,907 INFO Measurement at current 0.00271356783919598
2023-06-09 13:07:28,503 INFO T:76.84Â°K V:2.4219e-05V I:2.7136e-03A R:8.9253e-03ğ›€ E:4.6576e-04V/cm J:3.0490e-02A/cm2 ğ›’:1.5276e-02ğ›€ cm
2023-06-09 13:07:28,520 INFO Measurement at current 0.002763819095477387
2023-06-09 13:07:29,123 INFO T:76.84Â°K V:2.4593e-05V I:2.7638e-03A R:8.8984e-03ğ›€ E:4.7295e-04V/cm J:3.1054e-02A/cm2 ğ›’:1.5230e-02ğ›€ cm
2023-06-09 13:07:29,143 INFO Measurement at current 0.002814070351758794
2023-06-09 13:07:29,745 INFO T:76.84Â°K V:2.4936e-05V I:2.8141e-03A R:8.8613e-03ğ›€ E:4.7955e-04V/cm J:3.1619e-02A/cm2 ğ›’:1.5167e-02ğ›€ cm
2023-06-09 13:07:29,762 INFO Measurement at current 0.002864321608040201
2023-06-09 13:07:30,353 INFO T:76.84Â°K V:2.5312e-05V I:2.8643e-03A R:8.8369e-03ğ›€ E:4.8676e-04V/cm J:3.2183e-02A/cm2 ğ›’:1.5125e-02ğ›€ cm
2023-06-09 13:07:30,374 INFO Measurement at current 0.002914572864321608
2023-06-09 13:07:30,979 INFO T:76.84Â°K V:2.5681e-05V I:2.9146e-03A R:8.8111e-03ğ›€ E:4.9386e-04V/cm J:3.2748e-02A/cm2 ğ›’:1.5081e-02ğ›€ cm
2023-06-09 13:07:30,997 INFO Measurement at current 0.002964824120603015
2023-06-09 13:07:31,590 INFO T:76.84Â°K V:2.6136e-05V I:2.9648e-03A R:8.8154e-03ğ›€ E:5.0262e-04V/cm J:3.3313e-02A/cm2 ğ›’:1.5088e-02ğ›€ cm
2023-06-09 13:07:31,615 INFO Measurement at current 0.003015075376884422
2023-06-09 13:07:32,210 INFO T:76.84Â°K V:2.6532e-05V I:3.0151e-03A R:8.7997e-03ğ›€ E:5.1022e-04V/cm J:3.3877e-02A/cm2 ğ›’:1.5061e-02ğ›€ cm
2023-06-09 13:07:32,240 INFO Measurement at current 0.0030653266331658294
2023-06-09 13:07:32,831 INFO T:76.84Â°K V:2.6894e-05V I:3.0653e-03A R:8.7737e-03ğ›€ E:5.1719e-04V/cm J:3.4442e-02A/cm2 ğ›’:1.5016e-02ğ›€ cm
2023-06-09 13:07:32,847 INFO Measurement at current 0.0031155778894472364
2023-06-09 13:07:33,453 INFO T:76.84Â°K V:2.7242e-05V I:3.1156e-03A R:8.7438e-03ğ›€ E:5.2388e-04V/cm J:3.5006e-02A/cm2 ğ›’:1.4965e-02ğ›€ cm
2023-06-09 13:07:33,492 INFO Measurement at current 0.0031658291457286433
2023-06-09 13:07:34,089 INFO T:76.84Â°K V:2.7637e-05V I:3.1658e-03A R:8.7297e-03ğ›€ E:5.3148e-04V/cm J:3.5571e-02A/cm2 ğ›’:1.4941e-02ğ›€ cm
2023-06-09 13:07:34,110 INFO Measurement at current 0.0032160804020100503
2023-06-09 13:07:34,717 INFO T:76.84Â°K V:2.7998e-05V I:3.2161e-03A R:8.7057e-03ğ›€ E:5.3843e-04V/cm J:3.6136e-02A/cm2 ğ›’:1.4900e-02ğ›€ cm
2023-06-09 13:07:34,746 INFO Measurement at current 0.0032663316582914573
2023-06-09 13:07:35,343 INFO T:76.83Â°K V:2.8371e-05V I:3.2663e-03A R:8.6860e-03ğ›€ E:5.4560e-04V/cm J:3.6700e-02A/cm2 ğ›’:1.4866e-02ğ›€ cm
2023-06-09 13:07:35,363 INFO Measurement at current 0.0033165829145728643
2023-06-09 13:07:35,974 INFO T:76.83Â°K V:2.8761e-05V I:3.3166e-03A R:8.6718e-03ğ›€ E:5.5309e-04V/cm J:3.7265e-02A/cm2 ğ›’:1.4842e-02ğ›€ cm
2023-06-09 13:07:35,992 INFO Measurement at current 0.0033668341708542712
2023-06-09 13:07:36,596 INFO T:76.83Â°K V:2.9137e-05V I:3.3668e-03A R:8.6541e-03ğ›€ E:5.6032e-04V/cm J:3.7830e-02A/cm2 ğ›’:1.4812e-02ğ›€ cm
2023-06-09 13:07:36,613 INFO Measurement at current 0.0034170854271356787
2023-06-09 13:07:37,213 INFO T:76.83Â°K V:2.9503e-05V I:3.4171e-03A R:8.6338e-03ğ›€ E:5.6736e-04V/cm J:3.8394e-02A/cm2 ğ›’:1.4777e-02ğ›€ cm
2023-06-09 13:07:37,246 INFO Measurement at current 0.0034673366834170856
2023-06-09 13:07:37,855 INFO T:76.83Â°K V:2.9848e-05V I:3.4673e-03A R:8.6085e-03ğ›€ E:5.7401e-04V/cm J:3.8959e-02A/cm2 ğ›’:1.4734e-02ğ›€ cm
2023-06-09 13:07:37,877 INFO Measurement at current 0.0035175879396984926
2023-06-09 13:07:38,463 INFO T:76.83Â°K V:3.0242e-05V I:3.5176e-03A R:8.5973e-03ğ›€ E:5.8157e-04V/cm J:3.9523e-02A/cm2 ğ›’:1.4715e-02ğ›€ cm
2023-06-09 13:07:38,477 INFO Measurement at current 0.0035678391959798996
2023-06-09 13:07:39,067 INFO T:76.83Â°K V:3.0639e-05V I:3.5678e-03A R:8.5874e-03ğ›€ E:5.8920e-04V/cm J:4.0088e-02A/cm2 ğ›’:1.4698e-02ğ›€ cm
2023-06-09 13:07:39,083 INFO Measurement at current 0.0036180904522613066
2023-06-09 13:07:39,675 INFO T:76.83Â°K V:3.1029e-05V I:3.6181e-03A R:8.5762e-03ğ›€ E:5.9672e-04V/cm J:4.0653e-02A/cm2 ğ›’:1.4678e-02ğ›€ cm
2023-06-09 13:07:39,692 INFO Measurement at current 0.0036683417085427135
2023-06-09 13:07:40,299 INFO T:76.83Â°K V:3.1373e-05V I:3.6683e-03A R:8.5525e-03ğ›€ E:6.0334e-04V/cm J:4.1217e-02A/cm2 ğ›’:1.4638e-02ğ›€ cm
2023-06-09 13:07:40,321 INFO Measurement at current 0.0037185929648241205
2023-06-09 13:07:40,922 INFO T:76.83Â°K V:3.1737e-05V I:3.7186e-03A R:8.5347e-03ğ›€ E:6.1033e-04V/cm J:4.1782e-02A/cm2 ğ›’:1.4607e-02ğ›€ cm
2023-06-09 13:07:40,939 INFO Measurement at current 0.003768844221105528
2023-06-09 13:07:41,534 INFO T:76.83Â°K V:3.2145e-05V I:3.7688e-03A R:8.5292e-03ğ›€ E:6.1817e-04V/cm J:4.2347e-02A/cm2 ğ›’:1.4598e-02ğ›€ cm
2023-06-09 13:07:41,571 INFO Measurement at current 0.003819095477386935
2023-06-09 13:07:42,178 INFO T:76.83Â°K V:3.2461e-05V I:3.8191e-03A R:8.4997e-03ğ›€ E:6.2425e-04V/cm J:4.2911e-02A/cm2 ğ›’:1.4548e-02ğ›€ cm
2023-06-09 13:07:42,197 INFO Measurement at current 0.003869346733668342
2023-06-09 13:07:42,807 INFO T:76.83Â°K V:3.2815e-05V I:3.8693e-03A R:8.4807e-03ğ›€ E:6.3105e-04V/cm J:4.3476e-02A/cm2 ğ›’:1.4515e-02ğ›€ cm
2023-06-09 13:07:42,827 INFO Measurement at current 0.003919597989949748
2023-06-09 13:07:43,424 INFO T:76.83Â°K V:3.3190e-05V I:3.9196e-03A R:8.4677e-03ğ›€ E:6.3827e-04V/cm J:4.4040e-02A/cm2 ğ›’:1.4493e-02ğ›€ cm
2023-06-09 13:07:43,449 INFO Measurement at current 0.003969849246231156
2023-06-09 13:07:44,064 INFO T:76.83Â°K V:3.3541e-05V I:3.9698e-03A R:8.4490e-03ğ›€ E:6.4503e-04V/cm J:4.4605e-02A/cm2 ğ›’:1.4461e-02ğ›€ cm
2023-06-09 13:07:44,088 INFO Measurement at current 0.004020100502512563
2023-06-09 13:07:44,685 INFO T:76.83Â°K V:3.3907e-05V I:4.0201e-03A R:8.4344e-03ğ›€ E:6.5206e-04V/cm J:4.5170e-02A/cm2 ğ›’:1.4436e-02ğ›€ cm
2023-06-09 13:07:44,709 INFO Measurement at current 0.00407035175879397
2023-06-09 13:07:45,332 INFO T:76.83Â°K V:3.4275e-05V I:4.0704e-03A R:8.4206e-03ğ›€ E:6.5913e-04V/cm J:4.5734e-02A/cm2 ğ›’:1.4412e-02ğ›€ cm
2023-06-09 13:07:45,363 INFO Measurement at current 0.004120603015075377
2023-06-09 13:07:45,956 INFO T:76.83Â°K V:3.4657e-05V I:4.1206e-03A R:8.4106e-03ğ›€ E:6.6648e-04V/cm J:4.6299e-02A/cm2 ğ›’:1.4395e-02ğ›€ cm
2023-06-09 13:07:45,978 INFO Measurement at current 0.004170854271356784
2023-06-09 13:07:46,564 INFO T:76.83Â°K V:3.5007e-05V I:4.1709e-03A R:8.3931e-03ğ›€ E:6.7320e-04V/cm J:4.6864e-02A/cm2 ğ›’:1.4365e-02ğ›€ cm
2023-06-09 13:07:46,579 INFO Measurement at current 0.004221105527638191
2023-06-09 13:07:47,174 INFO T:76.83Â°K V:3.5403e-05V I:4.2211e-03A R:8.3872e-03ğ›€ E:6.8083e-04V/cm J:4.7428e-02A/cm2 ğ›’:1.4355e-02ğ›€ cm
2023-06-09 13:07:47,190 INFO Measurement at current 0.004271356783919598
2023-06-09 13:07:47,795 INFO T:76.83Â°K V:3.5788e-05V I:4.2714e-03A R:8.3787e-03ğ›€ E:6.8824e-04V/cm J:4.7993e-02A/cm2 ğ›’:1.4340e-02ğ›€ cm
2023-06-09 13:07:47,812 INFO Measurement at current 0.004321608040201005
2023-06-09 13:07:48,413 INFO T:76.83Â°K V:3.6187e-05V I:4.3216e-03A R:8.3736e-03ğ›€ E:6.9591e-04V/cm J:4.8557e-02A/cm2 ğ›’:1.4332e-02ğ›€ cm
2023-06-09 13:07:48,435 INFO Measurement at current 0.004371859296482412
2023-06-09 13:07:49,043 INFO T:76.83Â°K V:3.6535e-05V I:4.3719e-03A R:8.3569e-03ğ›€ E:7.0260e-04V/cm J:4.9122e-02A/cm2 ğ›’:1.4303e-02ğ›€ cm
2023-06-09 13:07:49,066 INFO Measurement at current 0.004422110552763819
2023-06-09 13:07:49,670 INFO T:76.83Â°K V:3.6910e-05V I:4.4221e-03A R:8.3466e-03ğ›€ E:7.0980e-04V/cm J:4.9687e-02A/cm2 ğ›’:1.4286e-02ğ›€ cm
2023-06-09 13:07:50,701 INFO Measurement at current 0.004472361809045226
2023-06-09 13:07:51,294 INFO T:76.83Â°K V:3.7243e-05V I:4.4724e-03A R:8.3273e-03ğ›€ E:7.1620e-04V/cm J:5.0251e-02A/cm2 ğ›’:1.4252e-02ğ›€ cm
2023-06-09 13:07:51,320 INFO Measurement at current 0.004522613065326633
2023-06-09 13:07:51,921 INFO T:76.83Â°K V:3.7477e-05V I:4.5226e-03A R:8.2865e-03ğ›€ E:7.2070e-04V/cm J:5.0816e-02A/cm2 ğ›’:1.4183e-02ğ›€ cm
2023-06-09 13:07:51,938 INFO Measurement at current 0.00457286432160804
2023-06-09 13:07:52,527 INFO T:76.83Â°K V:3.7771e-05V I:4.5729e-03A R:8.2598e-03ğ›€ E:7.2637e-04V/cm J:5.1380e-02A/cm2 ğ›’:1.4137e-02ğ›€ cm
2023-06-09 13:07:52,542 INFO Measurement at current 0.004623115577889447
2023-06-09 13:07:53,132 INFO T:76.83Â°K V:3.8251e-05V I:4.6231e-03A R:8.2739e-03ğ›€ E:7.3560e-04V/cm J:5.1945e-02A/cm2 ğ›’:1.4161e-02ğ›€ cm
2023-06-09 13:07:53,150 INFO Measurement at current 0.004673366834170855
2023-06-09 13:07:53,741 INFO T:76.83Â°K V:3.8551e-05V I:4.6734e-03A R:8.2490e-03ğ›€ E:7.4136e-04V/cm J:5.2510e-02A/cm2 ğ›’:1.4118e-02ğ›€ cm
2023-06-09 13:07:53,758 INFO Measurement at current 0.004723618090452262
2023-06-09 13:07:54,356 INFO T:76.83Â°K V:3.8961e-05V I:4.7236e-03A R:8.2482e-03ğ›€ E:7.4926e-04V/cm J:5.3074e-02A/cm2 ğ›’:1.4117e-02ğ›€ cm
2023-06-09 13:07:54,372 INFO Measurement at current 0.004773869346733669
2023-06-09 13:07:54,966 INFO T:76.83Â°K V:3.9324e-05V I:4.7739e-03A R:8.2373e-03ğ›€ E:7.5622e-04V/cm J:5.3639e-02A/cm2 ğ›’:1.4098e-02ğ›€ cm
2023-06-09 13:07:54,995 INFO Measurement at current 0.004824120603015076
2023-06-09 13:07:55,591 INFO T:76.83Â°K V:3.9742e-05V I:4.8241e-03A R:8.2381e-03ğ›€ E:7.6427e-04V/cm J:5.4204e-02A/cm2 ğ›’:1.4100e-02ğ›€ cm
2023-06-09 13:07:55,611 INFO Measurement at current 0.004874371859296483
2023-06-09 13:07:56,202 INFO T:76.83Â°K V:4.0140e-05V I:4.8744e-03A R:8.2349e-03ğ›€ E:7.7192e-04V/cm J:5.4768e-02A/cm2 ğ›’:1.4094e-02ğ›€ cm
2023-06-09 13:07:56,231 INFO Measurement at current 0.00492462311557789
2023-06-09 13:07:56,826 INFO T:76.83Â°K V:4.0484e-05V I:4.9246e-03A R:8.2208e-03ğ›€ E:7.7854e-04V/cm J:5.5333e-02A/cm2 ğ›’:1.4070e-02ğ›€ cm
2023-06-09 13:07:56,866 INFO Measurement at current 0.004974874371859297
2023-06-09 13:07:57,465 INFO T:76.83Â°K V:4.0885e-05V I:4.9749e-03A R:8.2183e-03ğ›€ E:7.8625e-04V/cm J:5.5897e-02A/cm2 ğ›’:1.4066e-02ğ›€ cm
2023-06-09 13:07:57,492 INFO Measurement at current 0.005025125628140704
2023-06-09 13:07:58,095 INFO T:76.83Â°K V:4.1323e-05V I:5.0251e-03A R:8.2233e-03ğ›€ E:7.9467e-04V/cm J:5.6462e-02A/cm2 ğ›’:1.4074e-02ğ›€ cm
2023-06-09 13:07:58,119 INFO Measurement at current 0.005075376884422111
2023-06-09 13:07:58,730 INFO T:76.83Â°K V:4.1623e-05V I:5.0754e-03A R:8.2011e-03ğ›€ E:8.0045e-04V/cm J:5.7027e-02A/cm2 ğ›’:1.4036e-02ğ›€ cm
2023-06-09 13:07:58,750 INFO Measurement at current 0.0051256281407035175
2023-06-09 13:07:59,350 INFO T:76.83Â°K V:4.2017e-05V I:5.1256e-03A R:8.1974e-03ğ›€ E:8.0801e-04V/cm J:5.7591e-02A/cm2 ğ›’:1.4030e-02ğ›€ cm
2023-06-09 13:07:59,381 INFO Measurement at current 0.0051758793969849245
2023-06-09 13:07:59,985 INFO T:76.83Â°K V:4.2423e-05V I:5.1759e-03A R:8.1963e-03ğ›€ E:8.1582e-04V/cm J:5.8156e-02A/cm2 ğ›’:1.4028e-02ğ›€ cm
2023-06-09 13:08:00,021 INFO Measurement at current 0.0052261306532663315
2023-06-09 13:08:00,639 INFO T:76.83Â°K V:4.2831e-05V I:5.2261e-03A R:8.1955e-03ğ›€ E:8.2367e-04V/cm J:5.8721e-02A/cm2 ğ›’:1.4027e-02ğ›€ cm
2023-06-09 13:08:00,654 INFO Measurement at current 0.0052763819095477385
2023-06-09 13:08:01,258 INFO T:76.83Â°K V:4.3191e-05V I:5.2764e-03A R:8.1858e-03ğ›€ E:8.3060e-04V/cm J:5.9285e-02A/cm2 ğ›’:1.4010e-02ğ›€ cm
2023-06-09 13:08:01,279 INFO Measurement at current 0.0053266331658291454
2023-06-09 13:08:01,904 INFO T:76.83Â°K V:4.3568e-05V I:5.3266e-03A R:8.1793e-03ğ›€ E:8.3785e-04V/cm J:5.9850e-02A/cm2 ğ›’:1.3999e-02ğ›€ cm
2023-06-09 13:08:01,919 INFO Measurement at current 0.005376884422110553
2023-06-09 13:08:02,505 INFO T:76.83Â°K V:4.3880e-05V I:5.3769e-03A R:8.1608e-03ğ›€ E:8.4384e-04V/cm J:6.0414e-02A/cm2 ğ›’:1.3968e-02ğ›€ cm
2023-06-09 13:08:02,520 INFO Measurement at current 0.00542713567839196
2023-06-09 13:08:03,108 INFO T:76.83Â°K V:4.4383e-05V I:5.4271e-03A R:8.1779e-03ğ›€ E:8.5351e-04V/cm J:6.0979e-02A/cm2 ğ›’:1.3997e-02ğ›€ cm
2023-06-09 13:08:03,156 INFO Measurement at current 0.005477386934673367
2023-06-09 13:08:03,757 INFO T:76.83Â°K V:4.4711e-05V I:5.4774e-03A R:8.1629e-03ğ›€ E:8.5983e-04V/cm J:6.1544e-02A/cm2 ğ›’:1.3971e-02ğ›€ cm
2023-06-09 13:08:03,779 INFO Measurement at current 0.005527638190954774
2023-06-09 13:08:04,389 INFO T:76.83Â°K V:4.5031e-05V I:5.5276e-03A R:8.1466e-03ğ›€ E:8.6599e-04V/cm J:6.2108e-02A/cm2 ğ›’:1.3943e-02ğ›€ cm
2023-06-09 13:08:04,444 INFO Measurement at current 0.005577889447236181
2023-06-09 13:08:05,041 INFO T:76.83Â°K V:4.5428e-05V I:5.5779e-03A R:8.1443e-03ğ›€ E:8.7361e-04V/cm J:6.2673e-02A/cm2 ğ›’:1.3939e-02ğ›€ cm
2023-06-09 13:08:05,056 INFO Measurement at current 0.005628140703517588
2023-06-09 13:08:05,654 INFO T:76.83Â°K V:4.5851e-05V I:5.6281e-03A R:8.1468e-03ğ›€ E:8.8175e-04V/cm J:6.3238e-02A/cm2 ğ›’:1.3943e-02ğ›€ cm
2023-06-09 13:08:05,667 INFO Measurement at current 0.005678391959798995
2023-06-09 13:08:06,256 INFO T:76.83Â°K V:4.6225e-05V I:5.6784e-03A R:8.1405e-03ğ›€ E:8.8894e-04V/cm J:6.3802e-02A/cm2 ğ›’:1.3933e-02ğ›€ cm
2023-06-09 13:08:06,277 INFO Measurement at current 0.005728643216080402
2023-06-09 13:08:06,883 INFO T:76.83Â°K V:4.6606e-05V I:5.7286e-03A R:8.1357e-03ğ›€ E:8.9628e-04V/cm J:6.4367e-02A/cm2 ğ›’:1.3925e-02ğ›€ cm
2023-06-09 13:08:06,902 INFO Measurement at current 0.005778894472361809
2023-06-09 13:08:07,493 INFO T:76.83Â°K V:4.6930e-05V I:5.7789e-03A R:8.1210e-03ğ›€ E:9.0251e-04V/cm J:6.4931e-02A/cm2 ğ›’:1.3899e-02ğ›€ cm
2023-06-09 13:08:07,518 INFO Measurement at current 0.005829145728643216
2023-06-09 13:08:08,148 INFO T:76.83Â°K V:4.7350e-05V I:5.8291e-03A R:8.1230e-03ğ›€ E:9.1058e-04V/cm J:6.5496e-02A/cm2 ğ›’:1.3903e-02ğ›€ cm
2023-06-09 13:08:08,188 INFO Measurement at current 0.005879396984924623
2023-06-09 13:08:08,783 INFO T:76.83Â°K V:4.7819e-05V I:5.8794e-03A R:8.1333e-03ğ›€ E:9.1959e-04V/cm J:6.6061e-02A/cm2 ğ›’:1.3920e-02ğ›€ cm
2023-06-09 13:08:08,821 INFO Measurement at current 0.00592964824120603
2023-06-09 13:08:09,410 INFO T:76.83Â°K V:4.8192e-05V I:5.9296e-03A R:8.1273e-03ğ›€ E:9.2677e-04V/cm J:6.6625e-02A/cm2 ğ›’:1.3910e-02ğ›€ cm
2023-06-09 13:08:09,429 INFO Measurement at current 0.005979899497487437
2023-06-09 13:08:10,040 INFO T:76.83Â°K V:4.8599e-05V I:5.9799e-03A R:8.1270e-03ğ›€ E:9.3459e-04V/cm J:6.7190e-02A/cm2 ğ›’:1.3910e-02ğ›€ cm
2023-06-09 13:08:10,069 INFO Measurement at current 0.006030150753768844
2023-06-09 13:08:10,668 INFO T:76.83Â°K V:4.8964e-05V I:6.0302e-03A R:8.1199e-03ğ›€ E:9.4162e-04V/cm J:6.7755e-02A/cm2 ğ›’:1.3897e-02ğ›€ cm
2023-06-09 13:08:10,687 INFO Measurement at current 0.006080402010050252
2023-06-09 13:08:11,287 INFO T:76.83Â°K V:4.9309e-05V I:6.0804e-03A R:8.1095e-03ğ›€ E:9.4825e-04V/cm J:6.8319e-02A/cm2 ğ›’:1.3880e-02ğ›€ cm
2023-06-09 13:08:11,313 INFO Measurement at current 0.006130653266331659
2023-06-09 13:08:11,924 INFO T:76.83Â°K V:4.9708e-05V I:6.1307e-03A R:8.1081e-03ğ›€ E:9.5593e-04V/cm J:6.8884e-02A/cm2 ğ›’:1.3877e-02ğ›€ cm
2023-06-09 13:08:11,952 INFO Measurement at current 0.006180904522613066
2023-06-09 13:08:12,548 INFO T:76.82Â°K V:5.0141e-05V I:6.1809e-03A R:8.1123e-03ğ›€ E:9.6426e-04V/cm J:6.9448e-02A/cm2 ğ›’:1.3885e-02ğ›€ cm
2023-06-09 13:08:12,579 INFO Measurement at current 0.006231155778894473
2023-06-09 13:08:13,197 INFO T:76.82Â°K V:5.0405e-05V I:6.2312e-03A R:8.0892e-03ğ›€ E:9.6933e-04V/cm J:7.0013e-02A/cm2 ğ›’:1.3845e-02ğ›€ cm
2023-06-09 13:08:13,224 INFO Measurement at current 0.00628140703517588
2023-06-09 13:08:13,834 INFO T:76.82Â°K V:5.0849e-05V I:6.2814e-03A R:8.0951e-03ğ›€ E:9.7786e-04V/cm J:7.0578e-02A/cm2 ğ›’:1.3855e-02ğ›€ cm
2023-06-09 13:08:13,867 INFO Measurement at current 0.006331658291457287
2023-06-09 13:08:14,466 INFO T:76.82Â°K V:5.1269e-05V I:6.3317e-03A R:8.0972e-03ğ›€ E:9.8593e-04V/cm J:7.1142e-02A/cm2 ğ›’:1.3859e-02ğ›€ cm
2023-06-09 13:08:14,516 INFO Measurement at current 0.006381909547738694
2023-06-09 13:08:15,120 INFO T:76.82Â°K V:5.1620e-05V I:6.3819e-03A R:8.0885e-03ğ›€ E:9.9269e-04V/cm J:7.1707e-02A/cm2 ğ›’:1.3844e-02ğ›€ cm
2023-06-09 13:08:15,142 INFO Measurement at current 0.006432160804020101
2023-06-09 13:08:15,735 INFO T:76.82Â°K V:5.1884e-05V I:6.4322e-03A R:8.0663e-03ğ›€ E:9.9777e-04V/cm J:7.2271e-02A/cm2 ğ›’:1.3806e-02ğ›€ cm
2023-06-09 13:08:15,754 INFO Measurement at current 0.006482412060301508
2023-06-09 13:08:16,350 INFO T:76.82Â°K V:5.2204e-05V I:6.4824e-03A R:8.0532e-03ğ›€ E:1.0039e-03V/cm J:7.2836e-02A/cm2 ğ›’:1.3783e-02ğ›€ cm
2023-06-09 13:08:16,367 INFO Measurement at current 0.006532663316582915
2023-06-09 13:08:16,958 INFO T:76.82Â°K V:5.2515e-05V I:6.5327e-03A R:8.0388e-03ğ›€ E:1.0099e-03V/cm J:7.3401e-02A/cm2 ğ›’:1.3759e-02ğ›€ cm
2023-06-09 13:08:16,979 INFO Measurement at current 0.0065829145728643216
2023-06-09 13:08:17,574 INFO T:76.82Â°K V:5.2998e-05V I:6.5829e-03A R:8.0508e-03ğ›€ E:1.0192e-03V/cm J:7.3965e-02A/cm2 ğ›’:1.3779e-02ğ›€ cm
2023-06-09 13:08:17,591 INFO Measurement at current 0.0066331658291457285
2023-06-09 13:08:18,187 INFO T:76.82Â°K V:5.3307e-05V I:6.6332e-03A R:8.0365e-03ğ›€ E:1.0251e-03V/cm J:7.4530e-02A/cm2 ğ›’:1.3755e-02ğ›€ cm
2023-06-09 13:08:18,204 INFO Measurement at current 0.0066834170854271355
2023-06-09 13:08:18,821 INFO T:76.82Â°K V:5.3689e-05V I:6.6834e-03A R:8.0332e-03ğ›€ E:1.0325e-03V/cm J:7.5095e-02A/cm2 ğ›’:1.3749e-02ğ›€ cm
2023-06-09 13:08:18,936 INFO Measurement at current 0.0067336683417085425
2023-06-09 13:08:19,541 INFO T:76.82Â°K V:5.4079e-05V I:6.7337e-03A R:8.0311e-03ğ›€ E:1.0400e-03V/cm J:7.5659e-02A/cm2 ğ›’:1.3746e-02ğ›€ cm
2023-06-09 13:08:19,567 INFO Measurement at current 0.0067839195979899495
2023-06-09 13:08:20,172 INFO T:76.82Â°K V:5.4490e-05V I:6.7839e-03A R:8.0323e-03ğ›€ E:1.0479e-03V/cm J:7.6224e-02A/cm2 ğ›’:1.3748e-02ğ›€ cm
2023-06-09 13:08:20,203 INFO Measurement at current 0.006834170854271357
2023-06-09 13:08:20,795 INFO T:76.82Â°K V:5.4947e-05V I:6.8342e-03A R:8.0400e-03ğ›€ E:1.0567e-03V/cm J:7.6788e-02A/cm2 ğ›’:1.3761e-02ğ›€ cm
2023-06-09 13:08:20,819 INFO Measurement at current 0.006884422110552764
2023-06-09 13:08:21,415 INFO T:76.82Â°K V:5.5252e-05V I:6.8844e-03A R:8.0257e-03ğ›€ E:1.0625e-03V/cm J:7.7353e-02A/cm2 ğ›’:1.3736e-02ğ›€ cm
2023-06-09 13:08:21,433 INFO Measurement at current 0.006934673366834171
2023-06-09 13:08:22,058 INFO T:76.82Â°K V:5.5654e-05V I:6.9347e-03A R:8.0254e-03ğ›€ E:1.0703e-03V/cm J:7.7918e-02A/cm2 ğ›’:1.3736e-02ğ›€ cm
2023-06-09 13:08:22,080 INFO Measurement at current 0.006984924623115578
2023-06-09 13:08:22,681 INFO T:76.82Â°K V:5.6016e-05V I:6.9849e-03A R:8.0196e-03ğ›€ E:1.0772e-03V/cm J:7.8482e-02A/cm2 ğ›’:1.3726e-02ğ›€ cm
2023-06-09 13:08:22,722 INFO Measurement at current 0.007035175879396985
2023-06-09 13:08:23,374 INFO T:76.82Â°K V:5.6332e-05V I:7.0352e-03A R:8.0072e-03ğ›€ E:1.0833e-03V/cm J:7.9047e-02A/cm2 ğ›’:1.3705e-02ğ›€ cm
2023-06-09 13:08:23,396 INFO Measurement at current 0.007085427135678392
2023-06-09 13:08:23,984 INFO T:76.82Â°K V:5.6723e-05V I:7.0854e-03A R:8.0055e-03ğ›€ E:1.0908e-03V/cm J:7.9612e-02A/cm2 ğ›’:1.3702e-02ğ›€ cm
2023-06-09 13:08:24,001 INFO Measurement at current 0.007135678391959799
2023-06-09 13:08:24,613 INFO T:76.82Â°K V:5.7072e-05V I:7.1357e-03A R:7.9982e-03ğ›€ E:1.0975e-03V/cm J:8.0176e-02A/cm2 ğ›’:1.3689e-02ğ›€ cm
2023-06-09 13:08:24,635 INFO Measurement at current 0.007185929648241206
2023-06-09 13:08:25,248 INFO T:76.82Â°K V:5.7383e-05V I:7.1859e-03A R:7.9854e-03ğ›€ E:1.1035e-03V/cm J:8.0741e-02A/cm2 ğ›’:1.3667e-02ğ›€ cm
2023-06-09 13:08:25,269 INFO Measurement at current 0.007236180904522613
2023-06-09 13:08:25,870 INFO T:76.82Â°K V:5.7711e-05V I:7.2362e-03A R:7.9754e-03ğ›€ E:1.1098e-03V/cm J:8.1305e-02A/cm2 ğ›’:1.3650e-02ğ›€ cm
2023-06-09 13:08:25,894 INFO Measurement at current 0.00728643216080402
2023-06-09 13:08:26,487 INFO T:76.82Â°K V:5.8036e-05V I:7.2864e-03A R:7.9649e-03ğ›€ E:1.1161e-03V/cm J:8.1870e-02A/cm2 ğ›’:1.3632e-02ğ›€ cm
2023-06-09 13:08:26,505 INFO Measurement at current 0.007336683417085427
2023-06-09 13:08:27,100 INFO T:76.82Â°K V:5.8394e-05V I:7.3367e-03A R:7.9591e-03ğ›€ E:1.1230e-03V/cm J:8.2435e-02A/cm2 ğ›’:1.3622e-02ğ›€ cm
2023-06-09 13:08:27,131 INFO Measurement at current 0.007386934673366834
2023-06-09 13:08:27,728 INFO T:76.82Â°K V:5.8722e-05V I:7.3869e-03A R:7.9495e-03ğ›€ E:1.1293e-03V/cm J:8.2999e-02A/cm2 ğ›’:1.3606e-02ğ›€ cm
2023-06-09 13:08:27,761 INFO Measurement at current 0.007437185929648241
2023-06-09 13:08:28,379 INFO T:76.82Â°K V:5.9059e-05V I:7.4372e-03A R:7.9411e-03ğ›€ E:1.1358e-03V/cm J:8.3564e-02A/cm2 ğ›’:1.3591e-02ğ›€ cm
2023-06-09 13:08:28,397 INFO Measurement at current 0.007487437185929648
2023-06-09 13:08:28,990 INFO T:76.82Â°K V:5.9502e-05V I:7.4874e-03A R:7.9469e-03ğ›€ E:1.1443e-03V/cm J:8.4129e-02A/cm2 ğ›’:1.3601e-02ğ›€ cm
2023-06-09 13:08:29,011 INFO Measurement at current 0.007537688442211056
2023-06-09 13:08:29,626 INFO T:76.82Â°K V:5.9884e-05V I:7.5377e-03A R:7.9446e-03ğ›€ E:1.1516e-03V/cm J:8.4693e-02A/cm2 ğ›’:1.3597e-02ğ›€ cm
2023-06-09 13:08:29,658 INFO Measurement at current 0.007587939698492463
2023-06-09 13:08:30,256 INFO T:76.82Â°K V:6.0174e-05V I:7.5879e-03A R:7.9302e-03ğ›€ E:1.1572e-03V/cm J:8.5258e-02A/cm2 ğ›’:1.3573e-02ğ›€ cm
2023-06-09 13:08:30,276 INFO Measurement at current 0.00763819095477387
2023-06-09 13:08:30,864 INFO T:76.82Â°K V:6.0600e-05V I:7.6382e-03A R:7.9338e-03ğ›€ E:1.1654e-03V/cm J:8.5822e-02A/cm2 ğ›’:1.3579e-02ğ›€ cm
2023-06-09 13:08:30,880 INFO Measurement at current 0.007688442211055277
2023-06-09 13:08:31,465 INFO T:76.82Â°K V:6.0964e-05V I:7.6884e-03A R:7.9293e-03ğ›€ E:1.1724e-03V/cm J:8.6387e-02A/cm2 ğ›’:1.3571e-02ğ›€ cm
2023-06-09 13:08:31,480 INFO Measurement at current 0.007738693467336684
2023-06-09 13:08:32,069 INFO T:76.82Â°K V:6.1388e-05V I:7.7387e-03A R:7.9326e-03ğ›€ E:1.1805e-03V/cm J:8.6952e-02A/cm2 ğ›’:1.3577e-02ğ›€ cm
2023-06-09 13:08:32,085 INFO Measurement at current 0.007788944723618091
2023-06-09 13:08:32,673 INFO T:76.82Â°K V:6.1741e-05V I:7.7889e-03A R:7.9267e-03ğ›€ E:1.1873e-03V/cm J:8.7516e-02A/cm2 ğ›’:1.3567e-02ğ›€ cm
2023-06-09 13:08:32,689 INFO Measurement at current 0.007839195979899497
2023-06-09 13:08:33,278 INFO T:76.82Â°K V:6.2063e-05V I:7.8392e-03A R:7.9170e-03ğ›€ E:1.1935e-03V/cm J:8.8081e-02A/cm2 ğ›’:1.3550e-02ğ›€ cm
2023-06-09 13:08:33,294 INFO Measurement at current 0.007889447236180906
2023-06-09 13:08:33,881 INFO T:76.82Â°K V:6.2408e-05V I:7.8894e-03A R:7.9103e-03ğ›€ E:1.2002e-03V/cm J:8.8645e-02A/cm2 ğ›’:1.3539e-02ğ›€ cm
2023-06-09 13:08:33,897 INFO Measurement at current 0.007939698492462312
2023-06-09 13:08:34,487 INFO T:76.82Â°K V:6.2860e-05V I:7.9397e-03A R:7.9172e-03ğ›€ E:1.2088e-03V/cm J:8.9210e-02A/cm2 ğ›’:1.3551e-02ğ›€ cm
2023-06-09 13:08:34,502 INFO Measurement at current 0.00798994974874372
2023-06-09 13:08:35,105 INFO T:76.82Â°K V:6.3257e-05V I:7.9899e-03A R:7.9171e-03ğ›€ E:1.2165e-03V/cm J:8.9775e-02A/cm2 ğ›’:1.3550e-02ğ›€ cm
2023-06-09 13:08:35,130 INFO Measurement at current 0.008040201005025126
2023-06-09 13:08:35,738 INFO T:76.82Â°K V:6.3601e-05V I:8.0402e-03A R:7.9103e-03ğ›€ E:1.2231e-03V/cm J:9.0339e-02A/cm2 ğ›’:1.3539e-02ğ›€ cm
2023-06-09 13:08:35,760 INFO Measurement at current 0.008090452261306533
2023-06-09 13:08:36,360 INFO T:76.82Â°K V:6.3947e-05V I:8.0905e-03A R:7.9040e-03ğ›€ E:1.2297e-03V/cm J:9.0904e-02A/cm2 ğ›’:1.3528e-02ğ›€ cm
2023-06-09 13:08:36,378 INFO Measurement at current 0.00814070351758794
2023-06-09 13:08:36,978 INFO T:76.82Â°K V:6.4335e-05V I:8.1407e-03A R:7.9028e-03ğ›€ E:1.2372e-03V/cm J:9.1469e-02A/cm2 ğ›’:1.3526e-02ğ›€ cm
2023-06-09 13:08:36,997 INFO Measurement at current 0.008190954773869347
2023-06-09 13:08:37,606 INFO T:76.82Â°K V:6.4885e-05V I:8.1910e-03A R:7.9215e-03ğ›€ E:1.2478e-03V/cm J:9.2033e-02A/cm2 ğ›’:1.3558e-02ğ›€ cm
2023-06-09 13:08:37,635 INFO Measurement at current 0.008241206030150754
2023-06-09 13:08:38,231 INFO T:76.82Â°K V:6.5296e-05V I:8.2412e-03A R:7.9231e-03ğ›€ E:1.2557e-03V/cm J:9.2598e-02A/cm2 ğ›’:1.3561e-02ğ›€ cm
2023-06-09 13:08:38,257 INFO Measurement at current 0.008291457286432161
2023-06-09 13:08:38,872 INFO T:76.82Â°K V:6.6070e-05V I:8.2915e-03A R:7.9684e-03ğ›€ E:1.2706e-03V/cm J:9.3162e-02A/cm2 ğ›’:1.3638e-02ğ›€ cm
2023-06-09 13:08:38,899 INFO Measurement at current 0.008341708542713568
2023-06-09 13:08:39,507 INFO T:76.82Â°K V:6.6782e-05V I:8.3417e-03A R:8.0058e-03ğ›€ E:1.2843e-03V/cm J:9.3727e-02A/cm2 ğ›’:1.3702e-02ğ›€ cm
2023-06-09 13:08:39,549 INFO Measurement at current 0.008391959798994975
2023-06-09 13:08:40,158 INFO T:76.82Â°K V:6.6756e-05V I:8.3920e-03A R:7.9548e-03ğ›€ E:1.2838e-03V/cm J:9.4292e-02A/cm2 ğ›’:1.3615e-02ğ›€ cm
2023-06-09 13:08:40,180 INFO Measurement at current 0.008442211055276382
2023-06-09 13:08:40,804 INFO T:76.82Â°K V:6.7599e-05V I:8.4422e-03A R:8.0073e-03ğ›€ E:1.3000e-03V/cm J:9.4856e-02A/cm2 ğ›’:1.3705e-02ğ›€ cm
2023-06-09 13:08:40,834 INFO Measurement at current 0.00849246231155779
2023-06-09 13:08:41,440 INFO T:76.82Â°K V:6.7505e-05V I:8.4925e-03A R:7.9488e-03ğ›€ E:1.2982e-03V/cm J:9.5421e-02A/cm2 ğ›’:1.3605e-02ğ›€ cm
2023-06-09 13:08:41,477 INFO Measurement at current 0.008542713567839196
2023-06-09 13:08:42,077 INFO T:76.82Â°K V:6.8331e-05V I:8.5427e-03A R:7.9988e-03ğ›€ E:1.3141e-03V/cm J:9.5986e-02A/cm2 ğ›’:1.3690e-02ğ›€ cm
2023-06-09 13:08:42,100 INFO Measurement at current 0.008592964824120603
2023-06-09 13:08:42,696 INFO T:76.82Â°K V:6.8216e-05V I:8.5930e-03A R:7.9385e-03ğ›€ E:1.3118e-03V/cm J:9.6550e-02A/cm2 ğ›’:1.3587e-02ğ›€ cm
2023-06-09 13:08:42,721 INFO Measurement at current 0.00864321608040201
2023-06-09 13:08:43,319 INFO T:76.82Â°K V:6.8976e-05V I:8.6432e-03A R:7.9804e-03ğ›€ E:1.3265e-03V/cm J:9.7115e-02A/cm2 ğ›’:1.3659e-02ğ›€ cm
2023-06-09 13:08:43,334 INFO Measurement at current 0.008693467336683417
2023-06-09 13:08:43,919 INFO T:76.82Â°K V:6.9025e-05V I:8.6935e-03A R:7.9399e-03ğ›€ E:1.3274e-03V/cm J:9.7679e-02A/cm2 ğ›’:1.3589e-02ğ›€ cm
2023-06-09 13:08:43,933 INFO Measurement at current 0.008743718592964824
2023-06-09 13:08:44,521 INFO T:76.82Â°K V:6.9630e-05V I:8.7437e-03A R:7.9634e-03ğ›€ E:1.3390e-03V/cm J:9.8244e-02A/cm2 ğ›’:1.3630e-02ğ›€ cm
2023-06-09 13:08:44,547 INFO Measurement at current 0.008793969849246231
2023-06-09 13:08:45,138 INFO T:76.82Â°K V:6.9815e-05V I:8.7940e-03A R:7.9389e-03ğ›€ E:1.3426e-03V/cm J:9.8809e-02A/cm2 ğ›’:1.3588e-02ğ›€ cm
2023-06-09 13:08:45,154 INFO Measurement at current 0.008844221105527638
2023-06-09 13:08:45,742 INFO T:76.82Â°K V:7.0372e-05V I:8.8442e-03A R:7.9569e-03ğ›€ E:1.3533e-03V/cm J:9.9373e-02A/cm2 ğ›’:1.3618e-02ğ›€ cm
2023-06-09 13:08:45,755 INFO Measurement at current 0.008894472361809045
2023-06-09 13:08:46,344 INFO T:76.82Â°K V:7.0430e-05V I:8.8945e-03A R:7.9184e-03ğ›€ E:1.3544e-03V/cm J:9.9938e-02A/cm2 ğ›’:1.3553e-02ğ›€ cm
2023-06-09 13:08:46,360 INFO Measurement at current 0.008944723618090452
2023-06-09 13:08:46,959 INFO T:76.82Â°K V:7.0994e-05V I:8.9447e-03A R:7.9370e-03ğ›€ E:1.3653e-03V/cm J:1.0050e-01A/cm2 ğ›’:1.3584e-02ğ›€ cm
2023-06-09 13:08:46,981 INFO Measurement at current 0.008994974874371859
2023-06-09 13:08:47,571 INFO T:76.82Â°K V:7.1318e-05V I:8.9950e-03A R:7.9287e-03ğ›€ E:1.3715e-03V/cm J:1.0107e-01A/cm2 ğ›’:1.3570e-02ğ›€ cm
2023-06-09 13:08:47,615 INFO Measurement at current 0.009045226130653266
2023-06-09 13:08:48,218 INFO T:76.82Â°K V:7.1873e-05V I:9.0452e-03A R:7.9459e-03ğ›€ E:1.3822e-03V/cm J:1.0163e-01A/cm2 ğ›’:1.3600e-02ğ›€ cm
2023-06-09 13:08:48,241 INFO Measurement at current 0.009095477386934673
2023-06-09 13:08:48,835 INFO T:76.82Â°K V:7.2198e-05V I:9.0955e-03A R:7.9378e-03ğ›€ E:1.3884e-03V/cm J:1.0220e-01A/cm2 ğ›’:1.3586e-02ğ›€ cm
2023-06-09 13:08:48,859 INFO Measurement at current 0.00914572864321608
2023-06-09 13:08:49,459 INFO T:76.82Â°K V:7.2840e-05V I:9.1457e-03A R:7.9644e-03ğ›€ E:1.4008e-03V/cm J:1.0276e-01A/cm2 ğ›’:1.3631e-02ğ›€ cm
2023-06-09 13:08:49,483 INFO Measurement at current 0.009195979899497487
2023-06-09 13:08:50,096 INFO T:76.82Â°K V:7.2919e-05V I:9.1960e-03A R:7.9294e-03ğ›€ E:1.4023e-03V/cm J:1.0333e-01A/cm2 ğ›’:1.3572e-02ğ›€ cm
2023-06-09 13:08:50,126 INFO Measurement at current 0.009246231155778894
2023-06-09 13:08:50,721 INFO T:76.82Â°K V:7.3658e-05V I:9.2462e-03A R:7.9663e-03ğ›€ E:1.4165e-03V/cm J:1.0389e-01A/cm2 ğ›’:1.3635e-02ğ›€ cm
2023-06-09 13:08:50,750 INFO Measurement at current 0.009296482412060303
2023-06-09 13:08:51,351 INFO T:76.82Â°K V:7.3768e-05V I:9.2965e-03A R:7.9350e-03ğ›€ E:1.4186e-03V/cm J:1.0445e-01A/cm2 ğ›’:1.3581e-02ğ›€ cm
2023-06-09 13:08:51,370 INFO Measurement at current 0.00934673366834171
2023-06-09 13:08:51,965 INFO T:76.82Â°K V:7.4539e-05V I:9.3467e-03A R:7.9749e-03ğ›€ E:1.4334e-03V/cm J:1.0502e-01A/cm2 ğ›’:1.3649e-02ğ›€ cm
2023-06-09 13:08:51,981 INFO Measurement at current 0.009396984924623117
2023-06-09 13:08:52,573 INFO T:76.82Â°K V:7.4581e-05V I:9.3970e-03A R:7.9367e-03ğ›€ E:1.4342e-03V/cm J:1.0558e-01A/cm2 ğ›’:1.3584e-02ğ›€ cm
2023-06-09 13:08:52,602 INFO Measurement at current 0.009447236180904523
2023-06-09 13:08:53,249 INFO T:76.82Â°K V:7.5494e-05V I:9.4472e-03A R:7.9911e-03ğ›€ E:1.4518e-03V/cm J:1.0615e-01A/cm2 ğ›’:1.3677e-02ğ›€ cm
2023-06-09 13:08:53,272 INFO Measurement at current 0.00949748743718593
2023-06-09 13:08:53,904 INFO T:76.82Â°K V:7.5345e-05V I:9.4975e-03A R:7.9332e-03ğ›€ E:1.4489e-03V/cm J:1.0671e-01A/cm2 ğ›’:1.3578e-02ğ›€ cm
2023-06-09 13:08:53,923 INFO Measurement at current 0.009547738693467337
2023-06-09 13:08:54,536 INFO T:76.82Â°K V:7.6059e-05V I:9.5477e-03A R:7.9662e-03ğ›€ E:1.4627e-03V/cm J:1.0728e-01A/cm2 ğ›’:1.3634e-02ğ›€ cm
2023-06-09 13:08:54,558 INFO Measurement at current 0.009597989949748744
2023-06-09 13:08:55,170 INFO T:76.82Â°K V:7.6093e-05V I:9.5980e-03A R:7.9281e-03ğ›€ E:1.4633e-03V/cm J:1.0784e-01A/cm2 ğ›’:1.3569e-02ğ›€ cm
2023-06-09 13:08:55,205 INFO Measurement at current 0.009648241206030151
2023-06-09 13:08:55,805 INFO T:76.82Â°K V:7.6550e-05V I:9.6482e-03A R:7.9341e-03ğ›€ E:1.4721e-03V/cm J:1.0841e-01A/cm2 ğ›’:1.3580e-02ğ›€ cm
2023-06-09 13:08:55,831 INFO Measurement at current 0.009698492462311558
2023-06-09 13:08:56,435 INFO T:76.82Â°K V:7.7042e-05V I:9.6985e-03A R:7.9437e-03ğ›€ E:1.4816e-03V/cm J:1.0897e-01A/cm2 ğ›’:1.3596e-02ğ›€ cm
2023-06-09 13:08:56,456 INFO Measurement at current 0.009748743718592965
2023-06-09 13:08:57,059 INFO T:76.82Â°K V:7.7200e-05V I:9.7487e-03A R:7.9190e-03ğ›€ E:1.4846e-03V/cm J:1.0954e-01A/cm2 ğ›’:1.3554e-02ğ›€ cm
2023-06-09 13:08:57,080 INFO Measurement at current 0.009798994974874372
2023-06-09 13:08:57,674 INFO T:76.82Â°K V:7.8110e-05V I:9.7990e-03A R:7.9712e-03ğ›€ E:1.5021e-03V/cm J:1.1010e-01A/cm2 ğ›’:1.3643e-02ğ›€ cm
2023-06-09 13:08:57,693 INFO Measurement at current 0.00984924623115578
2023-06-09 13:08:58,306 INFO T:76.82Â°K V:7.8053e-05V I:9.8492e-03A R:7.9248e-03ğ›€ E:1.5010e-03V/cm J:1.1067e-01A/cm2 ğ›’:1.3564e-02ğ›€ cm
2023-06-09 13:08:58,332 INFO Measurement at current 0.009899497487437186
2023-06-09 13:08:58,925 INFO T:76.82Â°K V:7.8891e-05V I:9.8995e-03A R:7.9692e-03ğ›€ E:1.5171e-03V/cm J:1.1123e-01A/cm2 ğ›’:1.3640e-02ğ›€ cm
2023-06-09 13:08:58,940 INFO Measurement at current 0.009949748743718593
2023-06-09 13:08:59,532 INFO T:76.82Â°K V:7.8934e-05V I:9.9497e-03A R:7.9332e-03ğ›€ E:1.5180e-03V/cm J:1.1179e-01A/cm2 ğ›’:1.3578e-02ğ›€ cm
2023-06-09 13:08:59,546 INFO Measurement at current 0.01
2023-06-09 13:09:00,149 INFO T:76.82Â°K V:7.9134e-05V I:1.0000e-02A R:7.9134e-03ğ›€ E:1.5218e-03V/cm J:1.1236e-01A/cm2 ğ›’:1.3544e-02ğ›€ cm
2023-06-09 13:09:47,570 INFO Save the description file
2023-06-09 13:09:47,585 INFO Save data in numpy format Esperimenti/BS_1_4a_090623_I_V/BS_1_4a_090623_I_V_current_from_0_to_100e-4A/BS_1_4a_090623_I_V_current_from_0_to_100e-4A-20230609130943
2023-06-09 13:09:47,624 INFO Save data in CSV format Esperimenti/BS_1_4a_090623_I_V/BS_1_4a_090623_I_V_current_from_0_to_100e-4A/BS_1_4a_090623_I_V_current_from_0_to_100e-4A-20230609130943.csv
2023-06-09 13:09:47,663 INFO Save plot as image Esperimenti/BS_1_4a_090623_I_V/BS_1_4a_090623_I_V_current_from_0_to_100e-4A/BS_1_4a_090623_I_V_current_from_0_to_100e-4A-20230609130943.png
