2023-06-09 12:44:39,646 INFO ### Start experiment: BS_1_4a_090623_I_V current from 0 to 100e-4A ###
2023-06-09 12:44:40,992 INFO Found Multimeter KEITHLEY INSTRUMENTS INC.,MODEL 2700,0884890,B03  /A02  

2023-06-09 12:44:42,027 INFO Found Nanovolt Meter KEITHLEY INSTRUMENTS INC.,MODEL 2182A,4056474,C03  /A02  

2023-06-09 12:44:42,153 INFO Found Source Meter KEITHLEY INSTRUMENTS INC.,MODEL 2400,0945684,C24   Feb 14 2002 11:59:45/A02  /K/H

2023-06-09 12:44:42,290 INFO Start the measurement loop
2023-06-09 12:44:49,435 INFO Measurement at current 0.0
2023-06-09 12:44:50,376 INFO T:86.30Â°K V:3.0272e-06V I:0.0000e+00A R:infğ›€ E:5.8216e-05V/cm J:0.0000e+00A/cm2 ğ›’:infğ›€ cm
2023-06-09 12:44:50,397 INFO Measurement at current 5.0251256281407036e-05
2023-06-09 12:44:51,001 INFO T:86.29Â°K V:3.3374e-06V I:5.0251e-05A R:6.6415e-02ğ›€ E:6.4182e-05V/cm J:5.6462e-04A/cm2 ğ›’:1.1367e-01ğ›€ cm
2023-06-09 12:44:51,020 INFO Measurement at current 0.00010050251256281407
2023-06-09 12:44:51,629 INFO T:86.29Â°K V:3.7356e-06V I:1.0050e-04A R:3.7169e-02ğ›€ E:7.1838e-05V/cm J:1.1292e-03A/cm2 ğ›’:6.3616e-02ğ›€ cm
2023-06-09 12:44:51,655 INFO Measurement at current 0.00015075376884422112
2023-06-09 12:44:52,245 INFO T:86.29Â°K V:4.2197e-06V I:1.5075e-04A R:2.7990e-02ğ›€ E:8.1147e-05V/cm J:1.6939e-03A/cm2 ğ›’:4.7907e-02ğ›€ cm
2023-06-09 12:44:52,268 INFO Measurement at current 0.00020100502512562814
2023-06-09 12:44:52,858 INFO T:86.28Â°K V:4.5742e-06V I:2.0101e-04A R:2.2757e-02ğ›€ E:8.7966e-05V/cm J:2.2585e-03A/cm2 ğ›’:3.8949e-02ğ›€ cm
2023-06-09 12:44:52,881 INFO Measurement at current 0.0002512562814070352
2023-06-09 12:44:53,484 INFO T:86.28Â°K V:4.8978e-06V I:2.5126e-04A R:1.9493e-02ğ›€ E:9.4188e-05V/cm J:2.8231e-03A/cm2 ğ›’:3.3363e-02ğ›€ cm
2023-06-09 12:44:53,518 INFO Measurement at current 0.00030150753768844223
2023-06-09 12:44:54,116 INFO T:86.27Â°K V:5.3944e-06V I:3.0151e-04A R:1.7892e-02ğ›€ E:1.0374e-04V/cm J:3.3877e-03A/cm2 ğ›’:3.0622e-02ğ›€ cm
2023-06-09 12:44:54,138 INFO Measurement at current 0.00035175879396984926
2023-06-09 12:44:54,729 INFO T:86.27Â°K V:5.8737e-06V I:3.5176e-04A R:1.6698e-02ğ›€ E:1.1296e-04V/cm J:3.9523e-03A/cm2 ğ›’:2.8579e-02ğ›€ cm
2023-06-09 12:44:54,749 INFO Measurement at current 0.0004020100502512563
2023-06-09 12:44:55,355 INFO T:86.27Â°K V:6.1323e-06V I:4.0201e-04A R:1.5254e-02ğ›€ E:1.1793e-04V/cm J:4.5170e-03A/cm2 ğ›’:2.6108e-02ğ›€ cm
2023-06-09 12:44:55,380 INFO Measurement at current 0.0004522613065326633
2023-06-09 12:44:55,987 INFO T:86.26Â°K V:6.5971e-06V I:4.5226e-04A R:1.4587e-02ğ›€ E:1.2687e-04V/cm J:5.0816e-03A/cm2 ğ›’:2.4966e-02ğ›€ cm
2023-06-09 12:44:56,012 INFO Measurement at current 0.0005025125628140704
2023-06-09 12:44:56,618 INFO T:86.26Â°K V:6.9930e-06V I:5.0251e-04A R:1.3916e-02ğ›€ E:1.3448e-04V/cm J:5.6462e-03A/cm2 ğ›’:2.3818e-02ğ›€ cm
2023-06-09 12:44:56,641 INFO Measurement at current 0.0005527638190954774
2023-06-09 12:44:57,231 INFO T:86.25Â°K V:7.2987e-06V I:5.5276e-04A R:1.3204e-02ğ›€ E:1.4036e-04V/cm J:6.2108e-03A/cm2 ğ›’:2.2599e-02ğ›€ cm
2023-06-09 12:44:57,249 INFO Measurement at current 0.0006030150753768845
2023-06-09 12:44:57,860 INFO T:86.25Â°K V:7.7815e-06V I:6.0302e-04A R:1.2904e-02ğ›€ E:1.4964e-04V/cm J:6.7755e-03A/cm2 ğ›’:2.2086e-02ğ›€ cm
2023-06-09 12:44:57,882 INFO Measurement at current 0.0006532663316582914
2023-06-09 12:44:58,482 INFO T:86.25Â°K V:8.1223e-06V I:6.5327e-04A R:1.2433e-02ğ›€ E:1.5620e-04V/cm J:7.3401e-03A/cm2 ğ›’:2.1280e-02ğ›€ cm
2023-06-09 12:44:58,506 INFO Measurement at current 0.0007035175879396985
2023-06-09 12:44:59,109 INFO T:86.24Â°K V:8.4626e-06V I:7.0352e-04A R:1.2029e-02ğ›€ E:1.6274e-04V/cm J:7.9047e-03A/cm2 ğ›’:2.0588e-02ğ›€ cm
2023-06-09 12:44:59,129 INFO Measurement at current 0.0007537688442211055
2023-06-09 12:44:59,732 INFO T:86.24Â°K V:9.0120e-06V I:7.5377e-04A R:1.1956e-02ğ›€ E:1.7331e-04V/cm J:8.4693e-03A/cm2 ğ›’:2.0463e-02ğ›€ cm
2023-06-09 12:44:59,748 INFO Measurement at current 0.0008040201005025126
2023-06-09 12:45:00,344 INFO T:86.23Â°K V:9.1759e-06V I:8.0402e-04A R:1.1412e-02ğ›€ E:1.7646e-04V/cm J:9.0339e-03A/cm2 ğ›’:1.9533e-02ğ›€ cm
2023-06-09 12:45:00,363 INFO Measurement at current 0.0008542713567839197
2023-06-09 12:45:00,965 INFO T:86.23Â°K V:9.6233e-06V I:8.5427e-04A R:1.1265e-02ğ›€ E:1.8506e-04V/cm J:9.5986e-03A/cm2 ğ›’:1.9280e-02ğ›€ cm
2023-06-09 12:45:00,983 INFO Measurement at current 0.0009045226130653266
2023-06-09 12:45:01,577 INFO T:86.22Â°K V:1.0061e-05V I:9.0452e-04A R:1.1123e-02ğ›€ E:1.9349e-04V/cm J:1.0163e-02A/cm2 ğ›’:1.9038e-02ğ›€ cm
2023-06-09 12:45:01,602 INFO Measurement at current 0.0009547738693467337
2023-06-09 12:45:02,208 INFO T:86.22Â°K V:1.0311e-05V I:9.5477e-04A R:1.0799e-02ğ›€ E:1.9828e-04V/cm J:1.0728e-02A/cm2 ğ›’:1.8483e-02ğ›€ cm
2023-06-09 12:45:02,224 INFO Measurement at current 0.0010050251256281408
2023-06-09 12:45:02,814 INFO T:86.22Â°K V:1.0808e-05V I:1.0050e-03A R:1.0754e-02ğ›€ E:2.0784e-04V/cm J:1.1292e-02A/cm2 ğ›’:1.8405e-02ğ›€ cm
2023-06-09 12:45:02,831 INFO Measurement at current 0.0010552763819095478
2023-06-09 12:45:03,429 INFO T:86.21Â°K V:1.1219e-05V I:1.0553e-03A R:1.0632e-02ğ›€ E:2.1576e-04V/cm J:1.1857e-02A/cm2 ğ›’:1.8197e-02ğ›€ cm
2023-06-09 12:45:03,447 INFO Measurement at current 0.0011055276381909548
2023-06-09 12:45:04,039 INFO T:86.21Â°K V:1.1640e-05V I:1.1055e-03A R:1.0529e-02ğ›€ E:2.2385e-04V/cm J:1.2422e-02A/cm2 ğ›’:1.8021e-02ğ›€ cm
2023-06-09 12:45:04,062 INFO Measurement at current 0.0011557788944723617
2023-06-09 12:45:04,664 INFO T:86.20Â°K V:1.2078e-05V I:1.1558e-03A R:1.0450e-02ğ›€ E:2.3227e-04V/cm J:1.2986e-02A/cm2 ğ›’:1.7886e-02ğ›€ cm
2023-06-09 12:45:04,711 INFO Measurement at current 0.001206030150753769
2023-06-09 12:45:05,315 INFO T:86.20Â°K V:1.2346e-05V I:1.2060e-03A R:1.0237e-02ğ›€ E:2.3743e-04V/cm J:1.3551e-02A/cm2 ğ›’:1.7521e-02ğ›€ cm
2023-06-09 12:45:05,336 INFO Measurement at current 0.001256281407035176
2023-06-09 12:45:05,948 INFO T:86.20Â°K V:1.2563e-05V I:1.2563e-03A R:1.0000e-02ğ›€ E:2.4160e-04V/cm J:1.4116e-02A/cm2 ğ›’:1.7116e-02ğ›€ cm
2023-06-09 12:45:05,969 INFO Measurement at current 0.0013065326633165829
2023-06-09 12:45:06,586 INFO T:86.19Â°K V:1.3082e-05V I:1.3065e-03A R:1.0013e-02ğ›€ E:2.5158e-04V/cm J:1.4680e-02A/cm2 ğ›’:1.7137e-02ğ›€ cm
2023-06-09 12:45:06,609 INFO Measurement at current 0.00135678391959799
2023-06-09 12:45:07,223 INFO T:86.19Â°K V:1.3426e-05V I:1.3568e-03A R:9.8953e-03ğ›€ E:2.5819e-04V/cm J:1.5245e-02A/cm2 ğ›’:1.6936e-02ğ›€ cm
2023-06-09 12:45:07,248 INFO Measurement at current 0.001407035175879397
2023-06-09 12:45:07,846 INFO T:86.18Â°K V:1.3760e-05V I:1.4070e-03A R:9.7794e-03ğ›€ E:2.6462e-04V/cm J:1.5809e-02A/cm2 ğ›’:1.6738e-02ğ›€ cm
2023-06-09 12:45:07,868 INFO Measurement at current 0.001457286432160804
2023-06-09 12:45:08,469 INFO T:86.18Â°K V:1.4145e-05V I:1.4573e-03A R:9.7066e-03ğ›€ E:2.7202e-04V/cm J:1.6374e-02A/cm2 ğ›’:1.6613e-02ğ›€ cm
2023-06-09 12:45:08,486 INFO Measurement at current 0.001507537688442211
2023-06-09 12:45:09,092 INFO T:86.18Â°K V:1.4515e-05V I:1.5075e-03A R:9.6285e-03ğ›€ E:2.7914e-04V/cm J:1.6939e-02A/cm2 ğ›’:1.6479e-02ğ›€ cm
2023-06-09 12:45:09,108 INFO Measurement at current 0.0015577889447236182
2023-06-09 12:45:09,709 INFO T:86.17Â°K V:1.5063e-05V I:1.5578e-03A R:9.6695e-03ğ›€ E:2.8967e-04V/cm J:1.7503e-02A/cm2 ğ›’:1.6550e-02ğ›€ cm
2023-06-09 12:45:09,729 INFO Measurement at current 0.0016080402010050252
2023-06-09 12:45:10,336 INFO T:86.17Â°K V:1.5439e-05V I:1.6080e-03A R:9.6009e-03ğ›€ E:2.9690e-04V/cm J:1.8068e-02A/cm2 ğ›’:1.6432e-02ğ›€ cm
2023-06-09 12:45:10,373 INFO Measurement at current 0.0016582914572864321
2023-06-09 12:45:10,970 INFO T:86.16Â°K V:1.5696e-05V I:1.6583e-03A R:9.4654e-03ğ›€ E:3.0185e-04V/cm J:1.8632e-02A/cm2 ğ›’:1.6200e-02ğ›€ cm
2023-06-09 12:45:10,988 INFO Measurement at current 0.0017085427135678393
2023-06-09 12:45:11,586 INFO T:86.16Â°K V:1.6204e-05V I:1.7085e-03A R:9.4843e-03ğ›€ E:3.1162e-04V/cm J:1.9197e-02A/cm2 ğ›’:1.6233e-02ğ›€ cm
2023-06-09 12:45:11,608 INFO Measurement at current 0.0017587939698492463
2023-06-09 12:45:12,224 INFO T:86.16Â°K V:1.6554e-05V I:1.7588e-03A R:9.4123e-03ğ›€ E:3.1835e-04V/cm J:1.9762e-02A/cm2 ğ›’:1.6109e-02ğ›€ cm
2023-06-09 12:45:12,239 INFO Measurement at current 0.0018090452261306533
2023-06-09 12:45:12,843 INFO T:86.15Â°K V:1.6855e-05V I:1.8090e-03A R:9.3172e-03ğ›€ E:3.2414e-04V/cm J:2.0326e-02A/cm2 ğ›’:1.5947e-02ğ›€ cm
2023-06-09 12:45:12,868 INFO Measurement at current 0.0018592964824120603
2023-06-09 12:45:13,475 INFO T:86.15Â°K V:1.7196e-05V I:1.8593e-03A R:9.2484e-03ğ›€ E:3.3068e-04V/cm J:2.0891e-02A/cm2 ğ›’:1.5829e-02ğ›€ cm
2023-06-09 12:45:13,498 INFO Measurement at current 0.0019095477386934674
2023-06-09 12:45:14,097 INFO T:86.14Â°K V:1.7643e-05V I:1.9095e-03A R:9.2395e-03ğ›€ E:3.3929e-04V/cm J:2.1456e-02A/cm2 ğ›’:1.5814e-02ğ›€ cm
2023-06-09 12:45:14,117 INFO Measurement at current 0.001959798994974874
2023-06-09 12:45:14,713 INFO T:86.14Â°K V:1.7981e-05V I:1.9598e-03A R:9.1751e-03ğ›€ E:3.4580e-04V/cm J:2.2020e-02A/cm2 ğ›’:1.5704e-02ğ›€ cm
2023-06-09 12:45:14,735 INFO Measurement at current 0.0020100502512562816
2023-06-09 12:45:15,331 INFO T:86.14Â°K V:1.8351e-05V I:2.0101e-03A R:9.1298e-03ğ›€ E:3.5291e-04V/cm J:2.2585e-02A/cm2 ğ›’:1.5626e-02ğ›€ cm
2023-06-09 12:45:15,355 INFO Measurement at current 0.0020603015075376886
2023-06-09 12:45:15,957 INFO T:86.13Â°K V:1.8727e-05V I:2.0603e-03A R:9.0892e-03ğ›€ E:3.6013e-04V/cm J:2.3149e-02A/cm2 ğ›’:1.5557e-02ğ›€ cm
2023-06-09 12:45:15,975 INFO Measurement at current 0.0021105527638190956
2023-06-09 12:45:16,591 INFO T:86.13Â°K V:1.9186e-05V I:2.1106e-03A R:9.0905e-03ğ›€ E:3.6896e-04V/cm J:2.3714e-02A/cm2 ğ›’:1.5559e-02ğ›€ cm
2023-06-09 12:45:16,608 INFO Measurement at current 0.0021608040201005025
2023-06-09 12:45:17,207 INFO T:86.12Â°K V:1.9367e-05V I:2.1608e-03A R:8.9627e-03ğ›€ E:3.7243e-04V/cm J:2.4279e-02A/cm2 ğ›’:1.5340e-02ğ›€ cm
2023-06-09 12:45:17,223 INFO Measurement at current 0.0022110552763819095
2023-06-09 12:45:17,825 INFO T:86.12Â°K V:1.9700e-05V I:2.2111e-03A R:8.9097e-03ğ›€ E:3.7884e-04V/cm J:2.4843e-02A/cm2 ğ›’:1.5249e-02ğ›€ cm
2023-06-09 12:45:17,850 INFO Measurement at current 0.0022613065326633165
2023-06-09 12:45:18,455 INFO T:86.12Â°K V:2.0155e-05V I:2.2613e-03A R:8.9130e-03ğ›€ E:3.8760e-04V/cm J:2.5408e-02A/cm2 ğ›’:1.5255e-02ğ›€ cm
2023-06-09 12:45:18,480 INFO Measurement at current 0.0023115577889447235
2023-06-09 12:45:19,087 INFO T:86.11Â°K V:2.0624e-05V I:2.3116e-03A R:8.9220e-03ğ›€ E:3.9661e-04V/cm J:2.5973e-02A/cm2 ğ›’:1.5270e-02ğ›€ cm
2023-06-09 12:45:19,113 INFO Measurement at current 0.002361809045226131
2023-06-09 12:45:19,713 INFO T:86.11Â°K V:2.0943e-05V I:2.3618e-03A R:8.8672e-03ğ›€ E:4.0274e-04V/cm J:2.6537e-02A/cm2 ğ›’:1.5176e-02ğ›€ cm
2023-06-09 12:45:19,737 INFO Measurement at current 0.002412060301507538
2023-06-09 12:45:20,333 INFO T:86.10Â°K V:2.1241e-05V I:2.4121e-03A R:8.8061e-03ğ›€ E:4.0848e-04V/cm J:2.7102e-02A/cm2 ğ›’:1.5072e-02ğ›€ cm
2023-06-09 12:45:20,350 INFO Measurement at current 0.002462311557788945
2023-06-09 12:45:20,958 INFO T:86.10Â°K V:2.1555e-05V I:2.4623e-03A R:8.7541e-03ğ›€ E:4.1453e-04V/cm J:2.7666e-02A/cm2 ğ›’:1.4983e-02ğ›€ cm
2023-06-09 12:45:20,986 INFO Measurement at current 0.002512562814070352
2023-06-09 12:45:21,582 INFO T:86.10Â°K V:2.1928e-05V I:2.5126e-03A R:8.7275e-03ğ›€ E:4.2170e-04V/cm J:2.8231e-02A/cm2 ğ›’:1.4937e-02ğ›€ cm
2023-06-09 12:45:21,606 INFO Measurement at current 0.0025628140703517588
2023-06-09 12:45:22,209 INFO T:86.09Â°K V:2.2307e-05V I:2.5628e-03A R:8.7041e-03ğ›€ E:4.2898e-04V/cm J:2.8796e-02A/cm2 ğ›’:1.4897e-02ğ›€ cm
2023-06-09 12:45:22,231 INFO Measurement at current 0.0026130653266331657
2023-06-09 12:45:22,842 INFO T:86.09Â°K V:2.2747e-05V I:2.6131e-03A R:8.7051e-03ğ›€ E:4.3744e-04V/cm J:2.9360e-02A/cm2 ğ›’:1.4899e-02ğ›€ cm
2023-06-09 12:45:22,860 INFO Measurement at current 0.0026633165829145727
2023-06-09 12:45:23,453 INFO T:86.09Â°K V:2.3085e-05V I:2.6633e-03A R:8.6679e-03ğ›€ E:4.4395e-04V/cm J:2.9925e-02A/cm2 ğ›’:1.4835e-02ğ›€ cm
2023-06-09 12:45:23,473 INFO Measurement at current 0.00271356783919598
2023-06-09 12:45:24,062 INFO T:86.08Â°K V:2.3392e-05V I:2.7136e-03A R:8.6204e-03ğ›€ E:4.4985e-04V/cm J:3.0490e-02A/cm2 ğ›’:1.4754e-02ğ›€ cm
2023-06-09 12:45:24,083 INFO Measurement at current 0.002763819095477387
2023-06-09 12:45:24,695 INFO T:86.08Â°K V:2.3797e-05V I:2.7638e-03A R:8.6100e-03ğ›€ E:4.5763e-04V/cm J:3.1054e-02A/cm2 ğ›’:1.4736e-02ğ›€ cm
2023-06-09 12:45:24,720 INFO Measurement at current 0.002814070351758794
2023-06-09 12:45:25,319 INFO T:86.07Â°K V:2.4143e-05V I:2.8141e-03A R:8.5794e-03ğ›€ E:4.6429e-04V/cm J:3.1619e-02A/cm2 ğ›’:1.4684e-02ğ›€ cm
2023-06-09 12:45:25,338 INFO Measurement at current 0.002864321608040201
2023-06-09 12:45:25,943 INFO T:86.07Â°K V:2.4565e-05V I:2.8643e-03A R:8.5763e-03ğ›€ E:4.7241e-04V/cm J:3.2183e-02A/cm2 ğ›’:1.4679e-02ğ›€ cm
2023-06-09 12:45:25,961 INFO Measurement at current 0.002914572864321608
2023-06-09 12:45:26,566 INFO T:86.07Â°K V:2.4840e-05V I:2.9146e-03A R:8.5228e-03ğ›€ E:4.7770e-04V/cm J:3.2748e-02A/cm2 ğ›’:1.4587e-02ğ›€ cm
2023-06-09 12:45:26,590 INFO Measurement at current 0.002964824120603015
2023-06-09 12:45:27,180 INFO T:86.06Â°K V:2.5195e-05V I:2.9648e-03A R:8.4978e-03ğ›€ E:4.8451e-04V/cm J:3.3313e-02A/cm2 ğ›’:1.4544e-02ğ›€ cm
2023-06-09 12:45:27,198 INFO Measurement at current 0.003015075376884422
2023-06-09 12:45:27,794 INFO T:86.06Â°K V:2.5522e-05V I:3.0151e-03A R:8.4649e-03ğ›€ E:4.9081e-04V/cm J:3.3877e-02A/cm2 ğ›’:1.4488e-02ğ›€ cm
2023-06-09 12:45:27,826 INFO Measurement at current 0.0030653266331658294
2023-06-09 12:45:28,450 INFO T:86.05Â°K V:2.5898e-05V I:3.0653e-03A R:8.4487e-03ğ›€ E:4.9804e-04V/cm J:3.4442e-02A/cm2 ğ›’:1.4460e-02ğ›€ cm
2023-06-09 12:45:28,473 INFO Measurement at current 0.0031155778894472364
2023-06-09 12:45:29,066 INFO T:86.05Â°K V:2.6275e-05V I:3.1156e-03A R:8.4335e-03ğ›€ E:5.0529e-04V/cm J:3.5006e-02A/cm2 ğ›’:1.4434e-02ğ›€ cm
2023-06-09 12:45:29,085 INFO Measurement at current 0.0031658291457286433
2023-06-09 12:45:29,703 INFO T:86.05Â°K V:2.6663e-05V I:3.1658e-03A R:8.4221e-03ğ›€ E:5.1275e-04V/cm J:3.5571e-02A/cm2 ğ›’:1.4415e-02ğ›€ cm
2023-06-09 12:45:29,730 INFO Measurement at current 0.0032160804020100503
2023-06-09 12:45:30,331 INFO T:86.04Â°K V:2.6810e-05V I:3.2161e-03A R:8.3364e-03ğ›€ E:5.1559e-04V/cm J:3.6136e-02A/cm2 ğ›’:1.4268e-02ğ›€ cm
2023-06-09 12:45:30,354 INFO Measurement at current 0.0032663316582914573
2023-06-09 12:45:30,958 INFO T:86.04Â°K V:2.7354e-05V I:3.2663e-03A R:8.3745e-03ğ›€ E:5.2604e-04V/cm J:3.6700e-02A/cm2 ğ›’:1.4333e-02ğ›€ cm
2023-06-09 12:45:30,983 INFO Measurement at current 0.0033165829145728643
2023-06-09 12:45:31,586 INFO T:86.03Â°K V:2.7647e-05V I:3.3166e-03A R:8.3359e-03ğ›€ E:5.3167e-04V/cm J:3.7265e-02A/cm2 ğ›’:1.4267e-02ğ›€ cm
2023-06-09 12:45:31,603 INFO Measurement at current 0.0033668341708542712
2023-06-09 12:45:32,205 INFO T:86.03Â°K V:2.8062e-05V I:3.3668e-03A R:8.3347e-03ğ›€ E:5.3965e-04V/cm J:3.7830e-02A/cm2 ğ›’:1.4265e-02ğ›€ cm
2023-06-09 12:45:32,226 INFO Measurement at current 0.0034170854271356787
2023-06-09 12:45:32,826 INFO T:86.03Â°K V:2.8365e-05V I:3.4171e-03A R:8.3009e-03ğ›€ E:5.4548e-04V/cm J:3.8394e-02A/cm2 ğ›’:1.4207e-02ğ›€ cm
2023-06-09 12:45:32,859 INFO Measurement at current 0.0034673366834170856
2023-06-09 12:45:33,471 INFO T:86.02Â°K V:2.8711e-05V I:3.4673e-03A R:8.2805e-03ğ›€ E:5.5214e-04V/cm J:3.8959e-02A/cm2 ğ›’:1.4172e-02ğ›€ cm
2023-06-09 12:45:33,489 INFO Measurement at current 0.0035175879396984926
2023-06-09 12:45:34,093 INFO T:86.02Â°K V:2.9194e-05V I:3.5176e-03A R:8.2993e-03ğ›€ E:5.6142e-04V/cm J:3.9523e-02A/cm2 ğ›’:1.4205e-02ğ›€ cm
2023-06-09 12:45:34,118 INFO Measurement at current 0.0035678391959798996
2023-06-09 12:45:34,723 INFO T:86.02Â°K V:2.9543e-05V I:3.5678e-03A R:8.2804e-03ğ›€ E:5.6814e-04V/cm J:4.0088e-02A/cm2 ğ›’:1.4172e-02ğ›€ cm
2023-06-09 12:45:34,760 INFO Measurement at current 0.0036180904522613066
2023-06-09 12:45:35,366 INFO T:86.01Â°K V:2.9830e-05V I:3.6181e-03A R:8.2447e-03ğ›€ E:5.7366e-04V/cm J:4.0653e-02A/cm2 ğ›’:1.4111e-02ğ›€ cm
2023-06-09 12:45:35,399 INFO Measurement at current 0.0036683417085427135
2023-06-09 12:45:35,994 INFO T:86.01Â°K V:3.0200e-05V I:3.6683e-03A R:8.2327e-03ğ›€ E:5.8078e-04V/cm J:4.1217e-02A/cm2 ğ›’:1.4091e-02ğ›€ cm
2023-06-09 12:45:36,011 INFO Measurement at current 0.0037185929648241205
2023-06-09 12:45:36,601 INFO T:86.00Â°K V:3.0574e-05V I:3.7186e-03A R:8.2219e-03ğ›€ E:5.8796e-04V/cm J:4.1782e-02A/cm2 ğ›’:1.4072e-02ğ›€ cm
2023-06-09 12:45:36,618 INFO Measurement at current 0.003768844221105528
2023-06-09 12:45:37,205 INFO T:86.00Â°K V:3.0865e-05V I:3.7688e-03A R:8.1895e-03ğ›€ E:5.9356e-04V/cm J:4.2347e-02A/cm2 ğ›’:1.4017e-02ğ›€ cm
2023-06-09 12:45:37,221 INFO Measurement at current 0.003819095477386935
2023-06-09 12:45:37,823 INFO T:86.00Â°K V:3.1224e-05V I:3.8191e-03A R:8.1757e-03ğ›€ E:6.0046e-04V/cm J:4.2911e-02A/cm2 ğ›’:1.3993e-02ğ›€ cm
2023-06-09 12:45:37,840 INFO Measurement at current 0.003869346733668342
2023-06-09 12:45:38,442 INFO T:85.99Â°K V:3.1612e-05V I:3.8693e-03A R:8.1699e-03ğ›€ E:6.0792e-04V/cm J:4.3476e-02A/cm2 ğ›’:1.3983e-02ğ›€ cm
2023-06-09 12:45:38,461 INFO Measurement at current 0.003919597989949748
2023-06-09 12:45:39,059 INFO T:85.99Â°K V:3.2036e-05V I:3.9196e-03A R:8.1733e-03ğ›€ E:6.1608e-04V/cm J:4.4040e-02A/cm2 ğ›’:1.3989e-02ğ›€ cm
2023-06-09 12:45:39,082 INFO Measurement at current 0.003969849246231156
2023-06-09 12:45:39,676 INFO T:85.99Â°K V:3.2307e-05V I:3.9698e-03A R:8.1382e-03ğ›€ E:6.2130e-04V/cm J:4.4605e-02A/cm2 ğ›’:1.3929e-02ğ›€ cm
2023-06-09 12:45:39,703 INFO Measurement at current 0.004020100502512563
2023-06-09 12:45:40,301 INFO T:85.98Â°K V:3.2618e-05V I:4.0201e-03A R:8.1138e-03ğ›€ E:6.2728e-04V/cm J:4.5170e-02A/cm2 ğ›’:1.3887e-02ğ›€ cm
2023-06-09 12:45:40,316 INFO Measurement at current 0.00407035175879397
2023-06-09 12:45:40,906 INFO T:85.98Â°K V:3.3057e-05V I:4.0704e-03A R:8.1214e-03ğ›€ E:6.3571e-04V/cm J:4.5734e-02A/cm2 ğ›’:1.3900e-02ğ›€ cm
2023-06-09 12:45:40,920 INFO Measurement at current 0.004120603015075377
2023-06-09 12:45:41,513 INFO T:85.97Â°K V:3.3317e-05V I:4.1206e-03A R:8.0855e-03ğ›€ E:6.4071e-04V/cm J:4.6299e-02A/cm2 ğ›’:1.3839e-02ğ›€ cm
2023-06-09 12:45:41,540 INFO Measurement at current 0.004170854271356784
2023-06-09 12:45:42,140 INFO T:85.97Â°K V:3.3706e-05V I:4.1709e-03A R:8.0813e-03ğ›€ E:6.4819e-04V/cm J:4.6864e-02A/cm2 ğ›’:1.3831e-02ğ›€ cm
2023-06-09 12:45:42,160 INFO Measurement at current 0.004221105527638191
2023-06-09 12:45:42,750 INFO T:85.97Â°K V:3.4108e-05V I:4.2211e-03A R:8.0803e-03ğ›€ E:6.5592e-04V/cm J:4.7428e-02A/cm2 ğ›’:1.3830e-02ğ›€ cm
2023-06-09 12:45:42,764 INFO Measurement at current 0.004271356783919598
2023-06-09 12:45:43,353 INFO T:85.96Â°K V:3.4350e-05V I:4.2714e-03A R:8.0420e-03ğ›€ E:6.6058e-04V/cm J:4.7993e-02A/cm2 ğ›’:1.3764e-02ğ›€ cm
2023-06-09 12:45:43,367 INFO Measurement at current 0.004321608040201005
2023-06-09 12:46:05,573 WARNING Reading gpib error, check the instruments: write() failed: A read or write of data bytes has been aborted, possibly due to a timeout or reception of a device clear command.
2023-06-09 12:46:05,589 INFO Measurement at current 0.004371859296482412
2023-06-09 12:46:06,187 INFO T:85.83Â°K V:3.5172e-05V I:4.3719e-03A R:8.0450e-03ğ›€ E:6.7638e-04V/cm J:4.9122e-02A/cm2 ğ›’:1.3769e-02ğ›€ cm
2023-06-09 12:46:06,218 INFO Measurement at current 0.004422110552763819
2023-06-09 12:46:06,827 INFO T:85.83Â°K V:3.5497e-05V I:4.4221e-03A R:8.0273e-03ğ›€ E:6.8264e-04V/cm J:4.9687e-02A/cm2 ğ›’:1.3739e-02ğ›€ cm
2023-06-09 12:46:06,846 INFO Measurement at current 0.004472361809045226
2023-06-09 12:46:07,458 INFO T:85.82Â°K V:3.5922e-05V I:4.4724e-03A R:8.0320e-03ğ›€ E:6.9081e-04V/cm J:5.0251e-02A/cm2 ğ›’:1.3747e-02ğ›€ cm
2023-06-09 12:46:07,487 INFO Measurement at current 0.004522613065326633
2023-06-09 12:46:08,117 INFO T:85.82Â°K V:3.6230e-05V I:4.5226e-03A R:8.0109e-03ğ›€ E:6.9673e-04V/cm J:5.0816e-02A/cm2 ğ›’:1.3711e-02ğ›€ cm
2023-06-09 12:46:08,181 INFO Measurement at current 0.00457286432160804
2023-06-09 12:46:08,773 INFO T:85.81Â°K V:3.6602e-05V I:4.5729e-03A R:8.0042e-03ğ›€ E:7.0388e-04V/cm J:5.1380e-02A/cm2 ğ›’:1.3699e-02ğ›€ cm
2023-06-09 12:46:08,803 INFO Measurement at current 0.004623115577889447
2023-06-09 12:46:09,422 INFO T:85.81Â°K V:3.6809e-05V I:4.6231e-03A R:7.9619e-03ğ›€ E:7.0786e-04V/cm J:5.1945e-02A/cm2 ğ›’:1.3627e-02ğ›€ cm
2023-06-09 12:46:09,443 INFO Measurement at current 0.004673366834170855
2023-06-09 12:46:10,035 INFO T:85.81Â°K V:3.7380e-05V I:4.6734e-03A R:7.9986e-03ğ›€ E:7.1885e-04V/cm J:5.2510e-02A/cm2 ğ›’:1.3690e-02ğ›€ cm
2023-06-09 12:46:10,060 INFO Measurement at current 0.004723618090452262
2023-06-09 12:46:10,647 INFO T:85.80Â°K V:3.7616e-05V I:4.7236e-03A R:7.9633e-03ğ›€ E:7.2338e-04V/cm J:5.3074e-02A/cm2 ğ›’:1.3629e-02ğ›€ cm
2023-06-09 12:46:10,683 INFO Measurement at current 0.004773869346733669
2023-06-09 12:46:11,271 INFO T:85.80Â°K V:3.8064e-05V I:4.7739e-03A R:7.9733e-03ğ›€ E:7.3199e-04V/cm J:5.3639e-02A/cm2 ğ›’:1.3647e-02ğ›€ cm
2023-06-09 12:46:11,293 INFO Measurement at current 0.004824120603015076
2023-06-09 12:46:11,883 INFO T:85.80Â°K V:3.8438e-05V I:4.8241e-03A R:7.9678e-03ğ›€ E:7.3919e-04V/cm J:5.4204e-02A/cm2 ğ›’:1.3637e-02ğ›€ cm
2023-06-09 12:46:11,900 INFO Measurement at current 0.004874371859296483
2023-06-09 12:46:12,493 INFO T:85.79Â°K V:3.8622e-05V I:4.8744e-03A R:7.9234e-03ğ›€ E:7.4272e-04V/cm J:5.4768e-02A/cm2 ğ›’:1.3561e-02ğ›€ cm
2023-06-09 12:46:12,513 INFO Measurement at current 0.00492462311557789
2023-06-09 12:46:13,115 INFO T:85.79Â°K V:3.9049e-05V I:4.9246e-03A R:7.9293e-03ğ›€ E:7.5094e-04V/cm J:5.5333e-02A/cm2 ğ›’:1.3571e-02ğ›€ cm
2023-06-09 12:46:13,140 INFO Measurement at current 0.004974874371859297
2023-06-09 12:46:13,758 INFO T:85.79Â°K V:3.9366e-05V I:4.9749e-03A R:7.9130e-03ğ›€ E:7.5704e-04V/cm J:5.5897e-02A/cm2 ğ›’:1.3543e-02ğ›€ cm
2023-06-09 12:46:13,779 INFO Measurement at current 0.005025125628140704
2023-06-09 12:46:14,381 INFO T:85.78Â°K V:3.9798e-05V I:5.0251e-03A R:7.9198e-03ğ›€ E:7.6535e-04V/cm J:5.6462e-02A/cm2 ğ›’:1.3555e-02ğ›€ cm
2023-06-09 12:46:14,398 INFO Measurement at current 0.005075376884422111
2023-06-09 12:46:14,993 INFO T:85.78Â°K V:4.0105e-05V I:5.0754e-03A R:7.9019e-03ğ›€ E:7.7126e-04V/cm J:5.7027e-02A/cm2 ğ›’:1.3524e-02ğ›€ cm
2023-06-09 12:46:15,013 INFO Measurement at current 0.0051256281407035175
2023-06-09 12:46:15,613 INFO T:85.77Â°K V:4.0433e-05V I:5.1256e-03A R:7.8884e-03ğ›€ E:7.7756e-04V/cm J:5.7591e-02A/cm2 ğ›’:1.3501e-02ğ›€ cm
2023-06-09 12:46:15,641 INFO Measurement at current 0.0051758793969849245
2023-06-09 12:46:16,268 INFO T:85.77Â°K V:4.0667e-05V I:5.1759e-03A R:7.8571e-03ğ›€ E:7.8206e-04V/cm J:5.8156e-02A/cm2 ğ›’:1.3448e-02ğ›€ cm
2023-06-09 12:46:16,289 INFO Measurement at current 0.0052261306532663315
2023-06-09 12:46:16,884 INFO T:85.77Â°K V:4.1116e-05V I:5.2261e-03A R:7.8673e-03ğ›€ E:7.9069e-04V/cm J:5.8721e-02A/cm2 ğ›’:1.3465e-02ğ›€ cm
2023-06-09 12:46:16,908 INFO Measurement at current 0.0052763819095477385
2023-06-09 12:46:17,520 INFO T:85.76Â°K V:4.1487e-05V I:5.2764e-03A R:7.8627e-03ğ›€ E:7.9782e-04V/cm J:5.9285e-02A/cm2 ğ›’:1.3457e-02ğ›€ cm
2023-06-09 12:46:17,557 INFO Measurement at current 0.0053266331658291454
2023-06-09 12:46:18,148 INFO T:85.76Â°K V:4.1802e-05V I:5.3266e-03A R:7.8477e-03ğ›€ E:8.0388e-04V/cm J:5.9850e-02A/cm2 ğ›’:1.3432e-02ğ›€ cm
2023-06-09 12:46:18,164 INFO Measurement at current 0.005376884422110553
2023-06-09 12:46:18,756 INFO T:85.76Â°K V:4.2195e-05V I:5.3769e-03A R:7.8474e-03ğ›€ E:8.1144e-04V/cm J:6.0414e-02A/cm2 ğ›’:1.3431e-02ğ›€ cm
2023-06-09 12:46:18,774 INFO Measurement at current 0.00542713567839196
2023-06-09 12:46:19,363 INFO T:85.75Â°K V:4.2490e-05V I:5.4271e-03A R:7.8292e-03ğ›€ E:8.1712e-04V/cm J:6.0979e-02A/cm2 ğ›’:1.3400e-02ğ›€ cm
2023-06-09 12:46:19,380 INFO Measurement at current 0.005477386934673367
2023-06-09 12:46:19,969 INFO T:85.75Â°K V:4.2833e-05V I:5.4774e-03A R:7.8200e-03ğ›€ E:8.2371e-04V/cm J:6.1544e-02A/cm2 ğ›’:1.3384e-02ğ›€ cm
2023-06-09 12:46:19,985 INFO Measurement at current 0.005527638190954774
2023-06-09 12:46:20,591 INFO T:85.75Â°K V:4.3156e-05V I:5.5276e-03A R:7.8074e-03ğ›€ E:8.2993e-04V/cm J:6.2108e-02A/cm2 ğ›’:1.3363e-02ğ›€ cm
2023-06-09 12:46:20,606 INFO Measurement at current 0.005577889447236181
2023-06-09 12:46:21,206 INFO T:85.74Â°K V:4.3535e-05V I:5.5779e-03A R:7.8049e-03ğ›€ E:8.3721e-04V/cm J:6.2673e-02A/cm2 ğ›’:1.3358e-02ğ›€ cm
2023-06-09 12:46:21,222 INFO Measurement at current 0.005628140703517588
2023-06-09 12:46:21,827 INFO T:85.74Â°K V:4.3937e-05V I:5.6281e-03A R:7.8067e-03ğ›€ E:8.4494e-04V/cm J:6.3238e-02A/cm2 ğ›’:1.3361e-02ğ›€ cm
2023-06-09 12:46:21,842 INFO Measurement at current 0.005678391959798995
2023-06-09 12:46:22,430 INFO T:85.74Â°K V:4.4288e-05V I:5.6784e-03A R:7.7995e-03ğ›€ E:8.5170e-04V/cm J:6.3802e-02A/cm2 ğ›’:1.3349e-02ğ›€ cm
2023-06-09 12:46:22,445 INFO Measurement at current 0.005728643216080402
2023-06-09 12:46:23,046 INFO T:85.73Â°K V:4.4607e-05V I:5.7286e-03A R:7.7867e-03ğ›€ E:8.5783e-04V/cm J:6.4367e-02A/cm2 ğ›’:1.3327e-02ğ›€ cm
2023-06-09 12:46:23,087 INFO Measurement at current 0.005778894472361809
2023-06-09 12:46:23,684 INFO T:85.73Â°K V:4.5014e-05V I:5.7789e-03A R:7.7894e-03ğ›€ E:8.6565e-04V/cm J:6.4931e-02A/cm2 ğ›’:1.3332e-02ğ›€ cm
2023-06-09 12:46:23,699 INFO Measurement at current 0.005829145728643216
2023-06-09 12:46:24,296 INFO T:85.73Â°K V:4.5471e-05V I:5.8291e-03A R:7.8007e-03ğ›€ E:8.7445e-04V/cm J:6.5496e-02A/cm2 ğ›’:1.3351e-02ğ›€ cm
2023-06-09 12:46:24,317 INFO Measurement at current 0.005879396984924623
2023-06-09 12:46:24,958 INFO T:85.72Â°K V:4.5727e-05V I:5.8794e-03A R:7.7775e-03ğ›€ E:8.7937e-04V/cm J:6.6061e-02A/cm2 ğ›’:1.3312e-02ğ›€ cm
2023-06-09 12:46:24,977 INFO Measurement at current 0.00592964824120603
2023-06-09 12:46:25,584 INFO T:85.72Â°K V:4.6113e-05V I:5.9296e-03A R:7.7767e-03ğ›€ E:8.8679e-04V/cm J:6.6625e-02A/cm2 ğ›’:1.3310e-02ğ›€ cm
2023-06-09 12:46:25,607 INFO Measurement at current 0.005979899497487437
2023-06-09 12:46:26,214 INFO T:85.72Â°K V:4.6444e-05V I:5.9799e-03A R:7.7666e-03ğ›€ E:8.9315e-04V/cm J:6.7190e-02A/cm2 ğ›’:1.3293e-02ğ›€ cm
2023-06-09 12:46:26,231 INFO Measurement at current 0.006030150753768844
2023-06-09 12:46:26,839 INFO T:85.71Â°K V:4.6790e-05V I:6.0302e-03A R:7.7594e-03ğ›€ E:8.9982e-04V/cm J:6.7755e-02A/cm2 ğ›’:1.3281e-02ğ›€ cm
2023-06-09 12:46:26,858 INFO Measurement at current 0.006080402010050252
2023-06-09 12:46:27,466 INFO T:85.71Â°K V:4.7223e-05V I:6.0804e-03A R:7.7665e-03ğ›€ E:9.0814e-04V/cm J:6.8319e-02A/cm2 ğ›’:1.3293e-02ğ›€ cm
2023-06-09 12:46:27,516 INFO Measurement at current 0.006130653266331659
2023-06-09 12:46:28,174 INFO T:85.70Â°K V:4.7374e-05V I:6.1307e-03A R:7.7273e-03ğ›€ E:9.1103e-04V/cm J:6.8884e-02A/cm2 ğ›’:1.3226e-02ğ›€ cm
2023-06-09 12:46:28,198 INFO Measurement at current 0.006180904522613066
2023-06-09 12:46:28,789 INFO T:85.70Â°K V:4.7815e-05V I:6.1809e-03A R:7.7359e-03ğ›€ E:9.1951e-04V/cm J:6.9448e-02A/cm2 ğ›’:1.3240e-02ğ›€ cm
2023-06-09 12:46:28,808 INFO Measurement at current 0.006231155778894473
2023-06-09 12:46:29,411 INFO T:85.70Â°K V:4.8111e-05V I:6.2312e-03A R:7.7211e-03ğ›€ E:9.2522e-04V/cm J:7.0013e-02A/cm2 ğ›’:1.3215e-02ğ›€ cm
2023-06-09 12:46:29,433 INFO Measurement at current 0.00628140703517588
2023-06-09 12:46:30,030 INFO T:85.69Â°K V:4.8387e-05V I:6.2814e-03A R:7.7032e-03ğ›€ E:9.3051e-04V/cm J:7.0578e-02A/cm2 ğ›’:1.3184e-02ğ›€ cm
2023-06-09 12:46:30,059 INFO Measurement at current 0.006331658291457287
2023-06-09 12:46:30,651 INFO T:85.69Â°K V:4.8865e-05V I:6.3317e-03A R:7.7176e-03ğ›€ E:9.3972e-04V/cm J:7.1142e-02A/cm2 ğ›’:1.3209e-02ğ›€ cm
2023-06-09 12:46:30,668 INFO Measurement at current 0.006381909547738694
2023-06-09 12:46:31,256 INFO T:85.69Â°K V:4.9273e-05V I:6.3819e-03A R:7.7207e-03ğ›€ E:9.4755e-04V/cm J:7.1707e-02A/cm2 ğ›’:1.3214e-02ğ›€ cm
2023-06-09 12:46:31,278 INFO Measurement at current 0.006432160804020101
2023-06-09 12:46:31,867 INFO T:85.68Â°K V:4.9585e-05V I:6.4322e-03A R:7.7090e-03ğ›€ E:9.5357e-04V/cm J:7.2271e-02A/cm2 ğ›’:1.3194e-02ğ›€ cm
2023-06-09 12:46:31,885 INFO Measurement at current 0.006482412060301508
2023-06-09 12:46:32,487 INFO T:85.68Â°K V:4.9994e-05V I:6.4824e-03A R:7.7122e-03ğ›€ E:9.6142e-04V/cm J:7.2836e-02A/cm2 ğ›’:1.3200e-02ğ›€ cm
2023-06-09 12:46:32,512 INFO Measurement at current 0.006532663316582915
2023-06-09 12:46:33,108 INFO T:85.68Â°K V:5.0261e-05V I:6.5327e-03A R:7.6938e-03ğ›€ E:9.6656e-04V/cm J:7.3401e-02A/cm2 ğ›’:1.3168e-02ğ›€ cm
2023-06-09 12:46:33,141 INFO Measurement at current 0.0065829145728643216
2023-06-09 12:46:33,733 INFO T:85.67Â°K V:5.0487e-05V I:6.5829e-03A R:7.6694e-03ğ›€ E:9.7091e-04V/cm J:7.3965e-02A/cm2 ğ›’:1.3127e-02ğ›€ cm
2023-06-09 12:46:33,750 INFO Measurement at current 0.0066331658291457285
2023-06-09 12:46:34,340 INFO T:85.67Â°K V:5.0905e-05V I:6.6332e-03A R:7.6742e-03ğ›€ E:9.7893e-04V/cm J:7.4530e-02A/cm2 ğ›’:1.3135e-02ğ›€ cm
2023-06-09 12:46:34,359 INFO Measurement at current 0.0066834170854271355
2023-06-09 12:46:34,949 INFO T:85.67Â°K V:5.1362e-05V I:6.6834e-03A R:7.6850e-03ğ›€ E:9.8773e-04V/cm J:7.5095e-02A/cm2 ğ›’:1.3153e-02ğ›€ cm
2023-06-09 12:46:34,976 INFO Measurement at current 0.0067336683417085425
2023-06-09 12:46:35,572 INFO T:85.66Â°K V:5.1549e-05V I:6.7337e-03A R:7.6554e-03ğ›€ E:9.9133e-04V/cm J:7.5659e-02A/cm2 ğ›’:1.3103e-02ğ›€ cm
2023-06-09 12:46:35,592 INFO Measurement at current 0.0067839195979899495
2023-06-09 12:46:36,183 INFO T:85.66Â°K V:5.1801e-05V I:6.7839e-03A R:7.6359e-03ğ›€ E:9.9618e-04V/cm J:7.6224e-02A/cm2 ğ›’:1.3069e-02ğ›€ cm
2023-06-09 12:46:36,203 INFO Measurement at current 0.006834170854271357
2023-06-09 12:46:36,824 INFO T:85.66Â°K V:5.2224e-05V I:6.8342e-03A R:7.6416e-03ğ›€ E:1.0043e-03V/cm J:7.6788e-02A/cm2 ğ›’:1.3079e-02ğ›€ cm
2023-06-09 12:46:36,849 INFO Measurement at current 0.006884422110552764
2023-06-09 12:46:37,441 INFO T:85.65Â°K V:5.2589e-05V I:6.8844e-03A R:7.6389e-03ğ›€ E:1.0113e-03V/cm J:7.7353e-02A/cm2 ğ›’:1.3074e-02ğ›€ cm
2023-06-09 12:46:37,459 INFO Measurement at current 0.006934673366834171
2023-06-09 12:46:38,083 INFO T:85.65Â°K V:5.3022e-05V I:6.9347e-03A R:7.6460e-03ğ›€ E:1.0197e-03V/cm J:7.7918e-02A/cm2 ğ›’:1.3086e-02ğ›€ cm
2023-06-09 12:46:38,107 INFO Measurement at current 0.006984924623115578
2023-06-09 12:46:38,705 INFO T:85.65Â°K V:5.3482e-05V I:6.9849e-03A R:7.6568e-03ğ›€ E:1.0285e-03V/cm J:7.8482e-02A/cm2 ğ›’:1.3105e-02ğ›€ cm
2023-06-09 12:46:38,731 INFO Measurement at current 0.007035175879396985
2023-06-09 12:46:39,327 INFO T:85.64Â°K V:5.3717e-05V I:7.0352e-03A R:7.6354e-03ğ›€ E:1.0330e-03V/cm J:7.9047e-02A/cm2 ğ›’:1.3068e-02ğ›€ cm
2023-06-09 12:46:39,366 INFO Measurement at current 0.007085427135678392
2023-06-09 12:46:39,956 INFO T:85.64Â°K V:5.4155e-05V I:7.0854e-03A R:7.6432e-03ğ›€ E:1.0414e-03V/cm J:7.9612e-02A/cm2 ğ›’:1.3082e-02ğ›€ cm
2023-06-09 12:46:39,984 INFO Measurement at current 0.007135678391959799
2023-06-09 12:46:40,581 INFO T:85.64Â°K V:5.4617e-05V I:7.1357e-03A R:7.6541e-03ğ›€ E:1.0503e-03V/cm J:8.0176e-02A/cm2 ğ›’:1.3100e-02ğ›€ cm
2023-06-09 12:46:40,595 INFO Measurement at current 0.007185929648241206
2023-06-09 12:46:41,184 INFO T:85.63Â°K V:5.4883e-05V I:7.1859e-03A R:7.6376e-03ğ›€ E:1.0554e-03V/cm J:8.0741e-02A/cm2 ğ›’:1.3072e-02ğ›€ cm
2023-06-09 12:46:41,218 INFO Measurement at current 0.007236180904522613
2023-06-09 12:46:41,813 INFO T:85.63Â°K V:5.5108e-05V I:7.2362e-03A R:7.6156e-03ğ›€ E:1.0598e-03V/cm J:8.1305e-02A/cm2 ğ›’:1.3034e-02ğ›€ cm
2023-06-09 12:46:41,840 INFO Measurement at current 0.00728643216080402
2023-06-09 12:46:42,459 INFO T:85.63Â°K V:5.5496e-05V I:7.2864e-03A R:7.6163e-03ğ›€ E:1.0672e-03V/cm J:8.1870e-02A/cm2 ğ›’:1.3036e-02ğ›€ cm
2023-06-09 12:46:42,483 INFO Measurement at current 0.007336683417085427
2023-06-09 12:46:43,086 INFO T:85.62Â°K V:5.5858e-05V I:7.3367e-03A R:7.6136e-03ğ›€ E:1.0742e-03V/cm J:8.2435e-02A/cm2 ğ›’:1.3031e-02ğ›€ cm
2023-06-09 12:46:43,108 INFO Measurement at current 0.007386934673366834
2023-06-09 12:46:43,712 INFO T:85.62Â°K V:5.6263e-05V I:7.3869e-03A R:7.6165e-03ğ›€ E:1.0820e-03V/cm J:8.2999e-02A/cm2 ğ›’:1.3036e-02ğ›€ cm
2023-06-09 12:46:43,734 INFO Measurement at current 0.007437185929648241
2023-06-09 12:46:44,345 INFO T:85.62Â°K V:5.6675e-05V I:7.4372e-03A R:7.6205e-03ğ›€ E:1.0899e-03V/cm J:8.3564e-02A/cm2 ğ›’:1.3043e-02ğ›€ cm
2023-06-09 12:46:44,365 INFO Measurement at current 0.007487437185929648
2023-06-09 12:46:44,996 INFO T:85.61Â°K V:5.6981e-05V I:7.4874e-03A R:7.6102e-03ğ›€ E:1.0958e-03V/cm J:8.4129e-02A/cm2 ğ›’:1.3025e-02ğ›€ cm
2023-06-09 12:46:45,017 INFO Measurement at current 0.007537688442211056
2023-06-09 12:46:45,622 INFO T:85.61Â°K V:5.7249e-05V I:7.5377e-03A R:7.5950e-03ğ›€ E:1.1009e-03V/cm J:8.4693e-02A/cm2 ğ›’:1.2999e-02ğ›€ cm
2023-06-09 12:46:45,642 INFO Measurement at current 0.007587939698492463
2023-06-09 12:46:46,249 INFO T:85.61Â°K V:5.7678e-05V I:7.5879e-03A R:7.6012e-03ğ›€ E:1.1092e-03V/cm J:8.5258e-02A/cm2 ğ›’:1.3010e-02ğ›€ cm
2023-06-09 12:46:46,271 INFO Measurement at current 0.00763819095477387
2023-06-09 12:46:46,872 INFO T:85.60Â°K V:5.7887e-05V I:7.6382e-03A R:7.5786e-03ğ›€ E:1.1132e-03V/cm J:8.5822e-02A/cm2 ğ›’:1.2971e-02ğ›€ cm
2023-06-09 12:46:46,894 INFO Measurement at current 0.007688442211055277
2023-06-09 12:46:47,497 INFO T:85.60Â°K V:5.8334e-05V I:7.6884e-03A R:7.5872e-03ğ›€ E:1.1218e-03V/cm J:8.6387e-02A/cm2 ğ›’:1.2986e-02ğ›€ cm
2023-06-09 12:46:47,531 INFO Measurement at current 0.007738693467336684
2023-06-09 12:46:48,140 INFO T:85.60Â°K V:5.8648e-05V I:7.7387e-03A R:7.5785e-03ğ›€ E:1.1278e-03V/cm J:8.6952e-02A/cm2 ğ›’:1.2971e-02ğ›€ cm
2023-06-09 12:46:48,186 INFO Measurement at current 0.007788944723618091
2023-06-09 12:46:48,774 INFO T:85.59Â°K V:5.8842e-05V I:7.7889e-03A R:7.5545e-03ğ›€ E:1.1316e-03V/cm J:8.7516e-02A/cm2 ğ›’:1.2930e-02ğ›€ cm
2023-06-09 12:46:48,788 INFO Measurement at current 0.007839195979899497
2023-06-09 12:46:49,376 INFO T:85.59Â°K V:5.9377e-05V I:7.8392e-03A R:7.5744e-03ğ›€ E:1.1419e-03V/cm J:8.8081e-02A/cm2 ğ›’:1.2964e-02ğ›€ cm
2023-06-09 12:46:49,389 INFO Measurement at current 0.007889447236180906
2023-06-09 12:46:49,975 INFO T:85.59Â°K V:5.9691e-05V I:7.8894e-03A R:7.5659e-03ğ›€ E:1.1479e-03V/cm J:8.8645e-02A/cm2 ğ›’:1.2949e-02ğ›€ cm
2023-06-09 12:46:49,988 INFO Measurement at current 0.007939698492462312
2023-06-09 12:46:50,572 INFO T:85.58Â°K V:6.0158e-05V I:7.9397e-03A R:7.5769e-03ğ›€ E:1.1569e-03V/cm J:8.9210e-02A/cm2 ğ›’:1.2968e-02ğ›€ cm
2023-06-09 12:46:50,592 INFO Measurement at current 0.00798994974874372
2023-06-09 12:46:51,180 INFO T:85.58Â°K V:6.0465e-05V I:7.9899e-03A R:7.5676e-03ğ›€ E:1.1628e-03V/cm J:8.9775e-02A/cm2 ğ›’:1.2952e-02ğ›€ cm
2023-06-09 12:46:51,196 INFO Measurement at current 0.008040201005025126
2023-06-09 12:46:51,786 INFO T:85.58Â°K V:6.0774e-05V I:8.0402e-03A R:7.5588e-03ğ›€ E:1.1687e-03V/cm J:9.0339e-02A/cm2 ğ›’:1.2937e-02ğ›€ cm
2023-06-09 12:46:51,800 INFO Measurement at current 0.008090452261306533
2023-06-09 12:46:52,441 INFO T:85.57Â°K V:6.1227e-05V I:8.0905e-03A R:7.5678e-03ğ›€ E:1.1774e-03V/cm J:9.0904e-02A/cm2 ğ›’:1.2953e-02ğ›€ cm
2023-06-09 12:46:52,472 INFO Measurement at current 0.00814070351758794
2023-06-09 12:46:53,072 INFO T:85.57Â°K V:6.1487e-05V I:8.1407e-03A R:7.5530e-03ğ›€ E:1.1824e-03V/cm J:9.1469e-02A/cm2 ğ›’:1.2927e-02ğ›€ cm
2023-06-09 12:46:53,096 INFO Measurement at current 0.008190954773869347
2023-06-09 12:46:53,696 INFO T:85.57Â°K V:6.1870e-05V I:8.1910e-03A R:7.5535e-03ğ›€ E:1.1898e-03V/cm J:9.2033e-02A/cm2 ğ›’:1.2928e-02ğ›€ cm
2023-06-09 12:46:53,732 INFO Measurement at current 0.008241206030150754
2023-06-09 12:46:54,343 INFO T:85.56Â°K V:6.2199e-05V I:8.2412e-03A R:7.5473e-03ğ›€ E:1.1961e-03V/cm J:9.2598e-02A/cm2 ğ›’:1.2917e-02ğ›€ cm
2023-06-09 12:46:54,366 INFO Measurement at current 0.008291457286432161
2023-06-09 12:46:54,971 INFO T:85.56Â°K V:6.2522e-05V I:8.2915e-03A R:7.5406e-03ğ›€ E:1.2024e-03V/cm J:9.3162e-02A/cm2 ğ›’:1.2906e-02ğ›€ cm
2023-06-09 12:46:54,987 INFO Measurement at current 0.008341708542713568
2023-06-09 12:46:55,592 INFO T:85.56Â°K V:6.2941e-05V I:8.3417e-03A R:7.5453e-03ğ›€ E:1.2104e-03V/cm J:9.3727e-02A/cm2 ğ›’:1.2914e-02ğ›€ cm
2023-06-09 12:46:55,612 INFO Measurement at current 0.008391959798994975
2023-06-09 12:46:56,217 INFO T:85.55Â°K V:6.3244e-05V I:8.3920e-03A R:7.5362e-03ğ›€ E:1.2162e-03V/cm J:9.4292e-02A/cm2 ğ›’:1.2899e-02ğ›€ cm
2023-06-09 12:46:56,246 INFO Measurement at current 0.008442211055276382
2023-06-09 12:46:56,864 INFO T:85.55Â°K V:6.3541e-05V I:8.4422e-03A R:7.5266e-03ğ›€ E:1.2219e-03V/cm J:9.4856e-02A/cm2 ğ›’:1.2882e-02ğ›€ cm
2023-06-09 12:46:56,889 INFO Measurement at current 0.00849246231155779
2023-06-09 12:46:57,508 INFO T:85.55Â°K V:6.3969e-05V I:8.4925e-03A R:7.5324e-03ğ›€ E:1.2302e-03V/cm J:9.5421e-02A/cm2 ğ›’:1.2892e-02ğ›€ cm
2023-06-09 12:46:57,526 INFO Measurement at current 0.008542713567839196
2023-06-09 12:46:58,122 INFO T:85.54Â°K V:6.4439e-05V I:8.5427e-03A R:7.5431e-03ğ›€ E:1.2392e-03V/cm J:9.5986e-02A/cm2 ğ›’:1.2910e-02ğ›€ cm
2023-06-09 12:46:58,144 INFO Measurement at current 0.008592964824120603
2023-06-09 12:46:58,766 INFO T:85.54Â°K V:6.4706e-05V I:8.5930e-03A R:7.5301e-03ğ›€ E:1.2443e-03V/cm J:9.6550e-02A/cm2 ğ›’:1.2888e-02ğ›€ cm
2023-06-09 12:46:58,807 INFO Measurement at current 0.00864321608040201
2023-06-09 12:46:59,405 INFO T:85.54Â°K V:6.5073e-05V I:8.6432e-03A R:7.5288e-03ğ›€ E:1.2514e-03V/cm J:9.7115e-02A/cm2 ğ›’:1.2886e-02ğ›€ cm
2023-06-09 12:46:59,430 INFO Measurement at current 0.008693467336683417
2023-06-09 12:47:00,037 INFO T:85.53Â°K V:6.5366e-05V I:8.6935e-03A R:7.5189e-03ğ›€ E:1.2570e-03V/cm J:9.7679e-02A/cm2 ğ›’:1.2869e-02ğ›€ cm
2023-06-09 12:47:00,082 INFO Measurement at current 0.008743718592964824
2023-06-09 12:47:00,693 INFO T:85.53Â°K V:6.5714e-05V I:8.7437e-03A R:7.5156e-03ğ›€ E:1.2637e-03V/cm J:9.8244e-02A/cm2 ğ›’:1.2863e-02ğ›€ cm
2023-06-09 12:47:00,718 INFO Measurement at current 0.008793969849246231
2023-06-09 12:47:01,320 INFO T:85.53Â°K V:6.5928e-05V I:8.7940e-03A R:7.4969e-03ğ›€ E:1.2678e-03V/cm J:9.8809e-02A/cm2 ğ›’:1.2831e-02ğ›€ cm
2023-06-09 12:47:01,343 INFO Measurement at current 0.008844221105527638
2023-06-09 12:47:01,942 INFO T:85.52Â°K V:6.6169e-05V I:8.8442e-03A R:7.4816e-03ğ›€ E:1.2725e-03V/cm J:9.9373e-02A/cm2 ğ›’:1.2805e-02ğ›€ cm
2023-06-09 12:47:01,963 INFO Measurement at current 0.008894472361809045
2023-06-09 12:47:02,560 INFO T:85.52Â°K V:6.6588e-05V I:8.8945e-03A R:7.4865e-03ğ›€ E:1.2805e-03V/cm J:9.9938e-02A/cm2 ğ›’:1.2813e-02ğ›€ cm
2023-06-09 12:47:02,574 INFO Measurement at current 0.008944723618090452
2023-06-09 12:47:03,169 INFO T:85.52Â°K V:6.6941e-05V I:8.9447e-03A R:7.4838e-03ğ›€ E:1.2873e-03V/cm J:1.0050e-01A/cm2 ğ›’:1.2809e-02ğ›€ cm
2023-06-09 12:47:03,203 INFO Measurement at current 0.008994974874371859
2023-06-09 12:47:03,799 INFO T:85.51Â°K V:6.7153e-05V I:8.9950e-03A R:7.4656e-03ğ›€ E:1.2914e-03V/cm J:1.0107e-01A/cm2 ğ›’:1.2778e-02ğ›€ cm
2023-06-09 12:47:03,823 INFO Measurement at current 0.009045226130653266
2023-06-09 12:47:04,437 INFO T:85.51Â°K V:6.7490e-05V I:9.0452e-03A R:7.4614e-03ğ›€ E:1.2979e-03V/cm J:1.0163e-01A/cm2 ğ›’:1.2771e-02ğ›€ cm
2023-06-09 12:47:04,462 INFO Measurement at current 0.009095477386934673
2023-06-09 12:47:05,071 INFO T:85.51Â°K V:6.8041e-05V I:9.0955e-03A R:7.4807e-03ğ›€ E:1.3085e-03V/cm J:1.0220e-01A/cm2 ğ›’:1.2804e-02ğ›€ cm
2023-06-09 12:47:05,101 INFO Measurement at current 0.00914572864321608
2023-06-09 12:47:05,718 INFO T:85.50Â°K V:6.8256e-05V I:9.1457e-03A R:7.4631e-03ğ›€ E:1.3126e-03V/cm J:1.0276e-01A/cm2 ğ›’:1.2773e-02ğ›€ cm
2023-06-09 12:47:05,769 INFO Measurement at current 0.009195979899497487
2023-06-09 12:47:06,369 INFO T:85.50Â°K V:6.8554e-05V I:9.1960e-03A R:7.4548e-03ğ›€ E:1.3183e-03V/cm J:1.0333e-01A/cm2 ğ›’:1.2759e-02ğ›€ cm
2023-06-09 12:47:06,384 INFO Measurement at current 0.009246231155778894
2023-06-09 12:47:06,983 INFO T:85.50Â°K V:6.8897e-05V I:9.2462e-03A R:7.4513e-03ğ›€ E:1.3249e-03V/cm J:1.0389e-01A/cm2 ğ›’:1.2753e-02ğ›€ cm
2023-06-09 12:47:07,003 INFO Measurement at current 0.009296482412060303
2023-06-09 12:47:07,608 INFO T:85.49Â°K V:6.9117e-05V I:9.2965e-03A R:7.4348e-03ğ›€ E:1.3292e-03V/cm J:1.0445e-01A/cm2 ğ›’:1.2725e-02ğ›€ cm
2023-06-09 12:47:07,629 INFO Measurement at current 0.00934673366834171
2023-06-09 12:47:08,236 INFO T:85.49Â°K V:6.9506e-05V I:9.3467e-03A R:7.4364e-03ğ›€ E:1.3367e-03V/cm J:1.0502e-01A/cm2 ğ›’:1.2728e-02ğ›€ cm
2023-06-09 12:47:08,260 INFO Measurement at current 0.009396984924623117
2023-06-09 12:47:08,902 INFO T:85.49Â°K V:6.9700e-05V I:9.3970e-03A R:7.4173e-03ğ›€ E:1.3404e-03V/cm J:1.0558e-01A/cm2 ğ›’:1.2695e-02ğ›€ cm
2023-06-09 12:47:08,927 INFO Measurement at current 0.009447236180904523
2023-06-09 12:47:09,534 INFO T:85.48Â°K V:7.0131e-05V I:9.4472e-03A R:7.4235e-03ğ›€ E:1.3487e-03V/cm J:1.0615e-01A/cm2 ğ›’:1.2706e-02ğ›€ cm
2023-06-09 12:47:09,555 INFO Measurement at current 0.00949748743718593
2023-06-09 12:47:10,156 INFO T:85.48Â°K V:7.0456e-05V I:9.4975e-03A R:7.4184e-03ğ›€ E:1.3549e-03V/cm J:1.0671e-01A/cm2 ğ›’:1.2697e-02ğ›€ cm
2023-06-09 12:47:10,172 INFO Measurement at current 0.009547738693467337
2023-06-09 12:47:10,780 INFO T:85.48Â°K V:7.0782e-05V I:9.5477e-03A R:7.4135e-03ğ›€ E:1.3612e-03V/cm J:1.0728e-01A/cm2 ğ›’:1.2688e-02ğ›€ cm
2023-06-09 12:47:10,810 INFO Measurement at current 0.009597989949748744
2023-06-09 12:47:11,476 INFO T:85.47Â°K V:7.1128e-05V I:9.5980e-03A R:7.4107e-03ğ›€ E:1.3679e-03V/cm J:1.0784e-01A/cm2 ğ›’:1.2684e-02ğ›€ cm
2023-06-09 12:47:11,503 INFO Measurement at current 0.009648241206030151
2023-06-09 12:47:12,102 INFO T:85.47Â°K V:7.1496e-05V I:9.6482e-03A R:7.4103e-03ğ›€ E:1.3749e-03V/cm J:1.0841e-01A/cm2 ğ›’:1.2683e-02ğ›€ cm
2023-06-09 12:47:12,122 INFO Measurement at current 0.009698492462311558
2023-06-09 12:47:12,717 INFO T:85.47Â°K V:7.1877e-05V I:9.6985e-03A R:7.4112e-03ğ›€ E:1.3822e-03V/cm J:1.0897e-01A/cm2 ğ›’:1.2684e-02ğ›€ cm
2023-06-09 12:47:12,774 INFO Measurement at current 0.009748743718592965
2023-06-09 12:47:13,396 INFO T:85.46Â°K V:7.2273e-05V I:9.7487e-03A R:7.4135e-03ğ›€ E:1.3899e-03V/cm J:1.0954e-01A/cm2 ğ›’:1.2689e-02ğ›€ cm
2023-06-09 12:47:13,417 INFO Measurement at current 0.009798994974874372
2023-06-09 12:47:14,011 INFO T:85.46Â°K V:7.2455e-05V I:9.7990e-03A R:7.3942e-03ğ›€ E:1.3934e-03V/cm J:1.1010e-01A/cm2 ğ›’:1.2655e-02ğ›€ cm
2023-06-09 12:47:14,052 INFO Measurement at current 0.00984924623115578
2023-06-09 12:47:14,659 INFO T:85.46Â°K V:7.2819e-05V I:9.8492e-03A R:7.3933e-03ğ›€ E:1.4004e-03V/cm J:1.1067e-01A/cm2 ğ›’:1.2654e-02ğ›€ cm
2023-06-09 12:47:14,678 INFO Measurement at current 0.009899497487437186
2023-06-09 12:47:15,301 INFO T:85.45Â°K V:7.3239e-05V I:9.8995e-03A R:7.3982e-03ğ›€ E:1.4084e-03V/cm J:1.1123e-01A/cm2 ğ›’:1.2662e-02ğ›€ cm
2023-06-09 12:47:15,333 INFO Measurement at current 0.009949748743718593
2023-06-09 12:47:15,940 INFO T:85.45Â°K V:7.3494e-05V I:9.9497e-03A R:7.3865e-03ğ›€ E:1.4133e-03V/cm J:1.1179e-01A/cm2 ğ›’:1.2642e-02ğ›€ cm
2023-06-09 12:47:15,963 INFO Measurement at current 0.01
2023-06-09 12:47:16,573 INFO T:85.45Â°K V:7.3964e-05V I:1.0000e-02A R:7.3964e-03ğ›€ E:1.4224e-03V/cm J:1.1236e-01A/cm2 ğ›’:1.2659e-02ğ›€ cm
2023-06-09 12:47:33,015 INFO Save the description file
2023-06-09 12:47:33,025 INFO Save data in numpy format Esperimenti/BS_1_4a_090623_I_V/BS_1_4a_090623_I_V_current_from_0_to_100e-4A/BS_1_4a_090623_I_V_current_from_0_to_100e-4A-20230609124731
2023-06-09 12:47:33,035 INFO Save data in CSV format Esperimenti/BS_1_4a_090623_I_V/BS_1_4a_090623_I_V_current_from_0_to_100e-4A/BS_1_4a_090623_I_V_current_from_0_to_100e-4A-20230609124731.csv
2023-06-09 12:47:33,054 INFO Save plot as image Esperimenti/BS_1_4a_090623_I_V/BS_1_4a_090623_I_V_current_from_0_to_100e-4A/BS_1_4a_090623_I_V_current_from_0_to_100e-4A-20230609124731.png
