2023-03-23 12:01:03,429 INFO ### Start experiment: CPRO_MUSA_230323 current from 0 to 15e-4A ###
2023-03-23 12:01:04,777 INFO Found Multimeter KEITHLEY INSTRUMENTS INC.,MODEL 2700,0884890,B03  /A02  

2023-03-23 12:01:05,812 INFO Found Nanovolt Meter KEITHLEY INSTRUMENTS INC.,MODEL 2182A,4056474,C03  /A02  

2023-03-23 12:01:05,931 INFO Found Source Meter KEITHLEY INSTRUMENTS INC.,MODEL 2400,0945684,C24   Feb 14 2002 11:59:45/A02  /K/H

2023-03-23 12:01:06,073 INFO Start the measurement loop
2023-03-23 12:01:12,359 INFO Measurement at current 0.0
2023-03-23 12:01:13,291 INFO T:295.01Â°K V:1.3220e-06V I:0.0000e+00A R:infğ›€ E:4.0803e-05V/cm J:0.0000e+00A/cm2 ğ›’:infğ›€ cm
2023-03-23 12:01:13,307 INFO Measurement at current 1.5151515151515151e-05
2023-03-23 12:01:13,899 INFO T:295.01Â°K V:2.2615e-04V I:1.5152e-05A R:1.4926e+01ğ›€ E:6.9801e-03V/cm J:6.6309e-04A/cm2 ğ›’:1.0527e+01ğ›€ cm
2023-03-23 12:01:13,916 INFO Measurement at current 3.0303030303030302e-05
2023-03-23 12:01:14,524 INFO T:295.01Â°K V:4.5104e-04V I:3.0303e-05A R:1.4884e+01ğ›€ E:1.3921e-02V/cm J:1.3262e-03A/cm2 ğ›’:1.0497e+01ğ›€ cm
2023-03-23 12:01:14,545 INFO Measurement at current 4.545454545454545e-05
2023-03-23 12:01:15,156 INFO T:295.01Â°K V:6.7591e-04V I:4.5455e-05A R:1.4870e+01ğ›€ E:2.0861e-02V/cm J:1.9893e-03A/cm2 ğ›’:1.0487e+01ğ›€ cm
2023-03-23 12:01:15,179 INFO Measurement at current 6.0606060606060605e-05
2023-03-23 12:01:15,786 INFO T:295.01Â°K V:9.0076e-04V I:6.0606e-05A R:1.4863e+01ğ›€ E:2.7801e-02V/cm J:2.6523e-03A/cm2 ğ›’:1.0482e+01ğ›€ cm
2023-03-23 12:01:15,802 INFO Measurement at current 7.575757575757576e-05
2023-03-23 12:01:16,398 INFO T:295.01Â°K V:1.1256e-03V I:7.5758e-05A R:1.4858e+01ğ›€ E:3.4741e-02V/cm J:3.3154e-03A/cm2 ğ›’:1.0479e+01ğ›€ cm
2023-03-23 12:01:16,415 INFO Measurement at current 9.09090909090909e-05
2023-03-23 12:01:17,008 INFO T:295.01Â°K V:1.3503e-03V I:9.0909e-05A R:1.4854e+01ğ›€ E:4.1677e-02V/cm J:3.9785e-03A/cm2 ğ›’:1.0476e+01ğ›€ cm
2023-03-23 12:01:17,029 INFO Measurement at current 0.00010606060606060606
2023-03-23 12:01:17,626 INFO T:295.01Â°K V:1.5752e-03V I:1.0606e-04A R:1.4852e+01ğ›€ E:4.8619e-02V/cm J:4.6416e-03A/cm2 ğ›’:1.0475e+01ğ›€ cm
2023-03-23 12:01:17,649 INFO Measurement at current 0.00012121212121212121
2023-03-23 12:01:18,255 INFO T:295.01Â°K V:1.8001e-03V I:1.2121e-04A R:1.4851e+01ğ›€ E:5.5558e-02V/cm J:5.3047e-03A/cm2 ğ›’:1.0473e+01ğ›€ cm
2023-03-23 12:01:18,288 INFO Measurement at current 0.00013636363636363637
2023-03-23 12:01:18,888 INFO T:295.01Â°K V:2.0250e-03V I:1.3636e-04A R:1.4850e+01ğ›€ E:6.2499e-02V/cm J:5.9678e-03A/cm2 ğ›’:1.0473e+01ğ›€ cm
2023-03-23 12:01:18,904 INFO Measurement at current 0.00015151515151515152
2023-03-23 12:01:19,494 INFO T:295.01Â°K V:2.2497e-03V I:1.5152e-04A R:1.4848e+01ğ›€ E:6.9436e-02V/cm J:6.6309e-03A/cm2 ğ›’:1.0472e+01ğ›€ cm
2023-03-23 12:01:19,516 INFO Measurement at current 0.00016666666666666666
2023-03-23 12:01:20,106 INFO T:295.01Â°K V:2.4747e-03V I:1.6667e-04A R:1.4848e+01ğ›€ E:7.6379e-02V/cm J:7.2939e-03A/cm2 ğ›’:1.0472e+01ğ›€ cm
2023-03-23 12:01:20,122 INFO Measurement at current 0.0001818181818181818
2023-03-23 12:01:20,722 INFO T:295.00Â°K V:2.6997e-03V I:1.8182e-04A R:1.4849e+01ğ›€ E:8.3325e-02V/cm J:7.9570e-03A/cm2 ğ›’:1.0472e+01ğ›€ cm
2023-03-23 12:01:20,740 INFO Measurement at current 0.00019696969696969695
2023-03-23 12:01:21,347 INFO T:295.00Â°K V:2.9245e-03V I:1.9697e-04A R:1.4848e+01ğ›€ E:9.0263e-02V/cm J:8.6201e-03A/cm2 ğ›’:1.0471e+01ğ›€ cm
2023-03-23 12:01:21,385 INFO Measurement at current 0.00021212121212121213
2023-03-23 12:01:21,984 INFO T:295.00Â°K V:3.1494e-03V I:2.1212e-04A R:1.4847e+01ğ›€ E:9.7203e-02V/cm J:9.2832e-03A/cm2 ğ›’:1.0471e+01ğ›€ cm
2023-03-23 12:01:22,006 INFO Measurement at current 0.00022727272727272727
2023-03-23 12:01:22,605 INFO T:295.00Â°K V:3.3741e-03V I:2.2727e-04A R:1.4846e+01ğ›€ E:1.0414e-01V/cm J:9.9463e-03A/cm2 ğ›’:1.0470e+01ğ›€ cm
2023-03-23 12:01:22,629 INFO Measurement at current 0.00024242424242424242
2023-03-23 12:01:23,216 INFO T:295.00Â°K V:3.5986e-03V I:2.4242e-04A R:1.4844e+01ğ›€ E:1.1107e-01V/cm J:1.0609e-02A/cm2 ğ›’:1.0469e+01ğ›€ cm
2023-03-23 12:01:23,233 INFO Measurement at current 0.00025757575757575756
2023-03-23 12:01:23,846 INFO T:295.00Â°K V:3.8241e-03V I:2.5758e-04A R:1.4847e+01ğ›€ E:1.1803e-01V/cm J:1.1272e-02A/cm2 ğ›’:1.0471e+01ğ›€ cm
2023-03-23 12:01:23,872 INFO Measurement at current 0.00027272727272727274
2023-03-23 12:01:24,481 INFO T:295.00Â°K V:4.0490e-03V I:2.7273e-04A R:1.4846e+01ğ›€ E:1.2497e-01V/cm J:1.1936e-02A/cm2 ğ›’:1.0470e+01ğ›€ cm
2023-03-23 12:01:24,506 INFO Measurement at current 0.00028787878787878786
2023-03-23 12:01:25,096 INFO T:295.00Â°K V:4.2738e-03V I:2.8788e-04A R:1.4846e+01ğ›€ E:1.3191e-01V/cm J:1.2599e-02A/cm2 ğ›’:1.0470e+01ğ›€ cm
2023-03-23 12:01:25,112 INFO Measurement at current 0.00030303030303030303
2023-03-23 12:01:25,701 INFO T:295.00Â°K V:4.4987e-03V I:3.0303e-04A R:1.4846e+01ğ›€ E:1.3885e-01V/cm J:1.3262e-02A/cm2 ğ›’:1.0470e+01ğ›€ cm
2023-03-23 12:01:25,721 INFO Measurement at current 0.00031818181818181815
2023-03-23 12:01:26,314 INFO T:295.00Â°K V:4.7238e-03V I:3.1818e-04A R:1.4846e+01ğ›€ E:1.4580e-01V/cm J:1.3925e-02A/cm2 ğ›’:1.0470e+01ğ›€ cm
2023-03-23 12:01:26,337 INFO Measurement at current 0.0003333333333333333
2023-03-23 12:01:26,939 INFO T:295.00Â°K V:4.9486e-03V I:3.3333e-04A R:1.4846e+01ğ›€ E:1.5273e-01V/cm J:1.4588e-02A/cm2 ğ›’:1.0470e+01ğ›€ cm
2023-03-23 12:01:26,961 INFO Measurement at current 0.0003484848484848485
2023-03-23 12:01:27,566 INFO T:295.00Â°K V:5.1734e-03V I:3.4848e-04A R:1.4845e+01ğ›€ E:1.5967e-01V/cm J:1.5251e-02A/cm2 ğ›’:1.0470e+01ğ›€ cm
2023-03-23 12:01:27,587 INFO Measurement at current 0.0003636363636363636
2023-03-23 12:01:28,181 INFO T:295.00Â°K V:5.3981e-03V I:3.6364e-04A R:1.4845e+01ğ›€ E:1.6661e-01V/cm J:1.5914e-02A/cm2 ğ›’:1.0469e+01ğ›€ cm
2023-03-23 12:01:28,215 INFO Measurement at current 0.0003787878787878788
2023-03-23 12:01:28,804 INFO T:295.00Â°K V:5.6227e-03V I:3.7879e-04A R:1.4844e+01ğ›€ E:1.7354e-01V/cm J:1.6577e-02A/cm2 ğ›’:1.0469e+01ğ›€ cm
2023-03-23 12:01:28,819 INFO Measurement at current 0.0003939393939393939
2023-03-23 12:01:29,418 INFO T:295.00Â°K V:5.8475e-03V I:3.9394e-04A R:1.4844e+01ğ›€ E:1.8048e-01V/cm J:1.7240e-02A/cm2 ğ›’:1.0469e+01ğ›€ cm
2023-03-23 12:01:29,444 INFO Measurement at current 0.0004090909090909091
2023-03-23 12:01:30,050 INFO T:295.00Â°K V:6.0724e-03V I:4.0909e-04A R:1.4844e+01ğ›€ E:1.8742e-01V/cm J:1.7903e-02A/cm2 ğ›’:1.0468e+01ğ›€ cm
2023-03-23 12:01:30,067 INFO Measurement at current 0.00042424242424242425
2023-03-23 12:01:30,674 INFO T:295.00Â°K V:6.2971e-03V I:4.2424e-04A R:1.4843e+01ğ›€ E:1.9436e-01V/cm J:1.8566e-02A/cm2 ğ›’:1.0468e+01ğ›€ cm
2023-03-23 12:01:30,704 INFO Measurement at current 0.00043939393939393937
2023-03-23 12:01:31,298 INFO T:295.00Â°K V:6.5223e-03V I:4.3939e-04A R:1.4844e+01ğ›€ E:2.0130e-01V/cm J:1.9229e-02A/cm2 ğ›’:1.0469e+01ğ›€ cm
2023-03-23 12:01:31,315 INFO Measurement at current 0.00045454545454545455
2023-03-23 12:01:31,924 INFO T:295.00Â°K V:6.7473e-03V I:4.5455e-04A R:1.4844e+01ğ›€ E:2.0825e-01V/cm J:1.9893e-02A/cm2 ğ›’:1.0469e+01ğ›€ cm
2023-03-23 12:01:31,947 INFO Measurement at current 0.00046969696969696966
2023-03-23 12:01:32,555 INFO T:294.99Â°K V:6.9721e-03V I:4.6970e-04A R:1.4844e+01ğ›€ E:2.1519e-01V/cm J:2.0556e-02A/cm2 ğ›’:1.0469e+01ğ›€ cm
2023-03-23 12:01:32,585 INFO Measurement at current 0.00048484848484848484
2023-03-23 12:01:33,187 INFO T:294.99Â°K V:7.1970e-03V I:4.8485e-04A R:1.4844e+01ğ›€ E:2.2213e-01V/cm J:2.1219e-02A/cm2 ğ›’:1.0469e+01ğ›€ cm
2023-03-23 12:01:33,207 INFO Measurement at current 0.0005
2023-03-23 12:01:33,799 INFO T:294.99Â°K V:7.4218e-03V I:5.0000e-04A R:1.4844e+01ğ›€ E:2.2907e-01V/cm J:2.1882e-02A/cm2 ğ›’:1.0468e+01ğ›€ cm
2023-03-23 12:01:33,821 INFO Measurement at current 0.0005151515151515151
2023-03-23 12:01:34,419 INFO T:294.99Â°K V:7.6462e-03V I:5.1515e-04A R:1.4843e+01ğ›€ E:2.3599e-01V/cm J:2.2545e-02A/cm2 ğ›’:1.0468e+01ğ›€ cm
2023-03-23 12:01:34,441 INFO Measurement at current 0.0005303030303030302
2023-03-23 12:01:35,035 INFO T:294.99Â°K V:7.8711e-03V I:5.3030e-04A R:1.4843e+01ğ›€ E:2.4294e-01V/cm J:2.3208e-02A/cm2 ğ›’:1.0468e+01ğ›€ cm
2023-03-23 12:01:35,058 INFO Measurement at current 0.0005454545454545455
2023-03-23 12:01:35,662 INFO T:294.99Â°K V:8.0961e-03V I:5.4545e-04A R:1.4843e+01ğ›€ E:2.4988e-01V/cm J:2.3871e-02A/cm2 ğ›’:1.0468e+01ğ›€ cm
2023-03-23 12:01:35,678 INFO Measurement at current 0.0005606060606060606
2023-03-23 12:01:36,278 INFO T:294.99Â°K V:8.3209e-03V I:5.6061e-04A R:1.4843e+01ğ›€ E:2.5682e-01V/cm J:2.4534e-02A/cm2 ğ›’:1.0468e+01ğ›€ cm
2023-03-23 12:01:36,294 INFO Measurement at current 0.0005757575757575757
2023-03-23 12:01:36,883 INFO T:294.99Â°K V:8.5457e-03V I:5.7576e-04A R:1.4843e+01ğ›€ E:2.6376e-01V/cm J:2.5197e-02A/cm2 ğ›’:1.0468e+01ğ›€ cm
2023-03-23 12:01:36,898 INFO Measurement at current 0.0005909090909090909
2023-03-23 12:01:37,490 INFO T:294.99Â°K V:8.7707e-03V I:5.9091e-04A R:1.4843e+01ğ›€ E:2.7070e-01V/cm J:2.5860e-02A/cm2 ğ›’:1.0468e+01ğ›€ cm
2023-03-23 12:01:37,505 INFO Measurement at current 0.0006060606060606061
2023-03-23 12:01:38,101 INFO T:294.99Â°K V:8.9954e-03V I:6.0606e-04A R:1.4842e+01ğ›€ E:2.7764e-01V/cm J:2.6523e-02A/cm2 ğ›’:1.0468e+01ğ›€ cm
2023-03-23 12:01:38,124 INFO Measurement at current 0.0006212121212121212
2023-03-23 12:01:38,727 INFO T:294.99Â°K V:9.2203e-03V I:6.2121e-04A R:1.4842e+01ğ›€ E:2.8458e-01V/cm J:2.7187e-02A/cm2 ğ›’:1.0468e+01ğ›€ cm
2023-03-23 12:01:38,748 INFO Measurement at current 0.0006363636363636363
2023-03-23 12:01:39,349 INFO T:294.99Â°K V:9.4450e-03V I:6.3636e-04A R:1.4842e+01ğ›€ E:2.9151e-01V/cm J:2.7850e-02A/cm2 ğ›’:1.0467e+01ğ›€ cm
2023-03-23 12:01:39,374 INFO Measurement at current 0.0006515151515151515
2023-03-23 12:01:39,970 INFO T:294.99Â°K V:9.6695e-03V I:6.5152e-04A R:1.4842e+01ğ›€ E:2.9844e-01V/cm J:2.8513e-02A/cm2 ğ›’:1.0467e+01ğ›€ cm
2023-03-23 12:01:39,994 INFO Measurement at current 0.0006666666666666666
2023-03-23 12:01:40,595 INFO T:294.99Â°K V:9.8943e-03V I:6.6667e-04A R:1.4841e+01ğ›€ E:3.0538e-01V/cm J:2.9176e-02A/cm2 ğ›’:1.0467e+01ğ›€ cm
2023-03-23 12:01:40,611 INFO Measurement at current 0.0006818181818181818
2023-03-23 12:01:41,212 INFO T:294.99Â°K V:1.0119e-02V I:6.8182e-04A R:1.4841e+01ğ›€ E:3.1232e-01V/cm J:2.9839e-02A/cm2 ğ›’:1.0467e+01ğ›€ cm
2023-03-23 12:01:41,236 INFO Measurement at current 0.000696969696969697
2023-03-23 12:01:41,842 INFO T:294.99Â°K V:1.0344e-02V I:6.9697e-04A R:1.4841e+01ğ›€ E:3.1926e-01V/cm J:3.0502e-02A/cm2 ğ›’:1.0467e+01ğ›€ cm
2023-03-23 12:01:41,864 INFO Measurement at current 0.0007121212121212121
2023-03-23 12:01:42,465 INFO T:294.99Â°K V:1.0569e-02V I:7.1212e-04A R:1.4841e+01ğ›€ E:3.2620e-01V/cm J:3.1165e-02A/cm2 ğ›’:1.0467e+01ğ›€ cm
2023-03-23 12:01:42,483 INFO Measurement at current 0.0007272727272727272
2023-03-23 12:01:43,081 INFO T:294.99Â°K V:1.0794e-02V I:7.2727e-04A R:1.4842e+01ğ›€ E:3.3315e-01V/cm J:3.1828e-02A/cm2 ğ›’:1.0467e+01ğ›€ cm
2023-03-23 12:01:43,103 INFO Measurement at current 0.0007424242424242425
2023-03-23 12:01:43,706 INFO T:294.99Â°K V:1.1019e-02V I:7.4242e-04A R:1.4842e+01ğ›€ E:3.4009e-01V/cm J:3.2491e-02A/cm2 ğ›’:1.0467e+01ğ›€ cm
2023-03-23 12:01:43,729 INFO Measurement at current 0.0007575757575757576
2023-03-23 12:01:44,330 INFO T:294.98Â°K V:1.1244e-02V I:7.5758e-04A R:1.4843e+01ğ›€ E:3.4705e-01V/cm J:3.3154e-02A/cm2 ğ›’:1.0468e+01ğ›€ cm
2023-03-23 12:01:44,347 INFO Measurement at current 0.0007727272727272727
2023-03-23 12:01:44,948 INFO T:294.98Â°K V:1.1469e-02V I:7.7273e-04A R:1.4842e+01ğ›€ E:3.5398e-01V/cm J:3.3817e-02A/cm2 ğ›’:1.0467e+01ğ›€ cm
2023-03-23 12:01:44,965 INFO Measurement at current 0.0007878787878787878
2023-03-23 12:01:45,571 INFO T:294.98Â°K V:1.1694e-02V I:7.8788e-04A R:1.4842e+01ğ›€ E:3.6092e-01V/cm J:3.4480e-02A/cm2 ğ›’:1.0467e+01ğ›€ cm
2023-03-23 12:01:45,589 INFO Measurement at current 0.000803030303030303
2023-03-23 12:01:46,185 INFO T:294.98Â°K V:1.1918e-02V I:8.0303e-04A R:1.4842e+01ğ›€ E:3.6785e-01V/cm J:3.5144e-02A/cm2 ğ›’:1.0467e+01ğ›€ cm
2023-03-23 12:01:46,206 INFO Measurement at current 0.0008181818181818182
2023-03-23 12:01:47,647 INFO T:294.98Â°K V:1.2141e-02V I:8.1818e-04A R:1.4839e+01ğ›€ E:3.7471e-01V/cm J:3.5807e-02A/cm2 ğ›’:1.0465e+01ğ›€ cm
2023-03-23 12:01:47,665 INFO Measurement at current 0.0008333333333333333
2023-03-23 12:01:48,262 INFO T:294.98Â°K V:1.2366e-02V I:8.3333e-04A R:1.4839e+01ğ›€ E:3.8166e-01V/cm J:3.6470e-02A/cm2 ğ›’:1.0465e+01ğ›€ cm
2023-03-23 12:01:48,286 INFO Measurement at current 0.0008484848484848485
2023-03-23 12:01:48,879 INFO T:294.98Â°K V:1.2590e-02V I:8.4848e-04A R:1.4839e+01ğ›€ E:3.8859e-01V/cm J:3.7133e-02A/cm2 ğ›’:1.0465e+01ğ›€ cm
2023-03-23 12:01:48,897 INFO Measurement at current 0.0008636363636363636
2023-03-23 12:01:49,492 INFO T:294.98Â°K V:1.2816e-02V I:8.6364e-04A R:1.4839e+01ğ›€ E:3.9554e-01V/cm J:3.7796e-02A/cm2 ğ›’:1.0465e+01ğ›€ cm
2023-03-23 12:01:49,514 INFO Measurement at current 0.0008787878787878787
2023-03-23 12:01:50,114 INFO T:294.98Â°K V:1.3040e-02V I:8.7879e-04A R:1.4839e+01ğ›€ E:4.0247e-01V/cm J:3.8459e-02A/cm2 ğ›’:1.0465e+01ğ›€ cm
2023-03-23 12:01:50,136 INFO Measurement at current 0.000893939393939394
2023-03-23 12:01:50,723 INFO T:294.98Â°K V:1.3264e-02V I:8.9394e-04A R:1.4838e+01ğ›€ E:4.0939e-01V/cm J:3.9122e-02A/cm2 ğ›’:1.0464e+01ğ›€ cm
2023-03-23 12:01:50,747 INFO Measurement at current 0.0009090909090909091
2023-03-23 12:01:51,334 INFO T:294.98Â°K V:1.3489e-02V I:9.0909e-04A R:1.4838e+01ğ›€ E:4.1633e-01V/cm J:3.9785e-02A/cm2 ğ›’:1.0465e+01ğ›€ cm
2023-03-23 12:01:51,350 INFO Measurement at current 0.0009242424242424242
2023-03-23 12:01:51,936 INFO T:294.98Â°K V:1.3714e-02V I:9.2424e-04A R:1.4838e+01ğ›€ E:4.2327e-01V/cm J:4.0448e-02A/cm2 ğ›’:1.0464e+01ğ›€ cm
2023-03-23 12:01:51,956 INFO Measurement at current 0.0009393939393939393
2023-03-23 12:01:52,545 INFO T:294.98Â°K V:1.3938e-02V I:9.3939e-04A R:1.4837e+01ğ›€ E:4.3019e-01V/cm J:4.1111e-02A/cm2 ğ›’:1.0464e+01ğ›€ cm
2023-03-23 12:01:52,563 INFO Measurement at current 0.0009545454545454546
2023-03-23 12:01:53,150 INFO T:294.98Â°K V:1.4164e-02V I:9.5455e-04A R:1.4838e+01ğ›€ E:4.3715e-01V/cm J:4.1774e-02A/cm2 ğ›’:1.0465e+01ğ›€ cm
2023-03-23 12:01:53,167 INFO Measurement at current 0.0009696969696969697
2023-03-23 12:01:53,765 INFO T:294.98Â°K V:1.4389e-02V I:9.6970e-04A R:1.4838e+01ğ›€ E:4.4410e-01V/cm J:4.2438e-02A/cm2 ğ›’:1.0465e+01ğ›€ cm
2023-03-23 12:01:53,789 INFO Measurement at current 0.000984848484848485
2023-03-23 12:01:54,390 INFO T:294.98Â°K V:1.4613e-02V I:9.8485e-04A R:1.4838e+01ğ›€ E:4.5103e-01V/cm J:4.3101e-02A/cm2 ğ›’:1.0465e+01ğ›€ cm
2023-03-23 12:01:54,408 INFO Measurement at current 0.001
2023-03-23 12:01:55,003 INFO T:294.98Â°K V:1.4839e-02V I:1.0000e-03A R:1.4839e+01ğ›€ E:4.5798e-01V/cm J:4.3764e-02A/cm2 ğ›’:1.0465e+01ğ›€ cm
2023-03-23 12:01:55,024 INFO Measurement at current 0.0010151515151515151
2023-03-23 12:01:55,623 INFO T:294.97Â°K V:1.5063e-02V I:1.0152e-03A R:1.4839e+01ğ›€ E:4.6492e-01V/cm J:4.4427e-02A/cm2 ğ›’:1.0465e+01ğ›€ cm
2023-03-23 12:01:55,641 INFO Measurement at current 0.0010303030303030303
2023-03-23 12:01:56,233 INFO T:294.97Â°K V:1.5288e-02V I:1.0303e-03A R:1.4838e+01ğ›€ E:4.7184e-01V/cm J:4.5090e-02A/cm2 ğ›’:1.0464e+01ğ›€ cm
2023-03-23 12:01:56,251 INFO Measurement at current 0.0010454545454545454
2023-03-23 12:01:56,860 INFO T:294.97Â°K V:1.5512e-02V I:1.0455e-03A R:1.4838e+01ğ›€ E:4.7877e-01V/cm J:4.5753e-02A/cm2 ğ›’:1.0464e+01ğ›€ cm
2023-03-23 12:01:56,886 INFO Measurement at current 0.0010606060606060605
2023-03-23 12:01:57,490 INFO T:294.97Â°K V:1.5737e-02V I:1.0606e-03A R:1.4838e+01ğ›€ E:4.8572e-01V/cm J:4.6416e-02A/cm2 ğ›’:1.0464e+01ğ›€ cm
2023-03-23 12:01:57,505 INFO Measurement at current 0.0010757575757575758
2023-03-23 12:01:58,115 INFO T:294.97Â°K V:1.5968e-02V I:1.0758e-03A R:1.4843e+01ğ›€ E:4.9284e-01V/cm J:4.7079e-02A/cm2 ğ›’:1.0468e+01ğ›€ cm
2023-03-23 12:01:58,135 INFO Measurement at current 0.001090909090909091
2023-03-23 12:01:58,734 INFO T:294.97Â°K V:1.6192e-02V I:1.0909e-03A R:1.4842e+01ğ›€ E:4.9975e-01V/cm J:4.7742e-02A/cm2 ğ›’:1.0468e+01ğ›€ cm
2023-03-23 12:01:58,753 INFO Measurement at current 0.001106060606060606
2023-03-23 12:01:59,350 INFO T:294.97Â°K V:1.6413e-02V I:1.1061e-03A R:1.4839e+01ğ›€ E:5.0657e-01V/cm J:4.8405e-02A/cm2 ğ›’:1.0465e+01ğ›€ cm
2023-03-23 12:01:59,370 INFO Measurement at current 0.0011212121212121212
2023-03-23 12:01:59,958 INFO T:294.97Â°K V:1.6636e-02V I:1.1212e-03A R:1.4838e+01ğ›€ E:5.1346e-01V/cm J:4.9068e-02A/cm2 ğ›’:1.0464e+01ğ›€ cm
2023-03-23 12:01:59,978 INFO Measurement at current 0.0011363636363636363
2023-03-23 12:02:00,578 INFO T:294.97Â°K V:1.6867e-02V I:1.1364e-03A R:1.4843e+01ğ›€ E:5.2058e-01V/cm J:4.9731e-02A/cm2 ğ›’:1.0468e+01ğ›€ cm
2023-03-23 12:02:00,605 INFO Measurement at current 0.0011515151515151514
2023-03-23 12:02:01,201 INFO T:294.97Â°K V:1.7087e-02V I:1.1515e-03A R:1.4839e+01ğ›€ E:5.2738e-01V/cm J:5.0395e-02A/cm2 ğ›’:1.0465e+01ğ›€ cm
2023-03-23 12:02:01,223 INFO Measurement at current 0.0011666666666666665
2023-03-23 12:02:01,815 INFO T:294.97Â°K V:1.7310e-02V I:1.1667e-03A R:1.4838e+01ğ›€ E:5.3427e-01V/cm J:5.1058e-02A/cm2 ğ›’:1.0464e+01ğ›€ cm
2023-03-23 12:02:01,834 INFO Measurement at current 0.0011818181818181819
2023-03-23 12:02:02,421 INFO T:294.97Â°K V:1.7541e-02V I:1.1818e-03A R:1.4843e+01ğ›€ E:5.4140e-01V/cm J:5.1721e-02A/cm2 ğ›’:1.0468e+01ğ›€ cm
2023-03-23 12:02:02,440 INFO Measurement at current 0.001196969696969697
2023-03-23 12:02:03,029 INFO T:294.97Â°K V:1.7762e-02V I:1.1970e-03A R:1.4839e+01ğ›€ E:5.4822e-01V/cm J:5.2384e-02A/cm2 ğ›’:1.0465e+01ğ›€ cm
2023-03-23 12:02:03,051 INFO Measurement at current 0.0012121212121212121
2023-03-23 12:02:03,645 INFO T:294.97Â°K V:1.7986e-02V I:1.2121e-03A R:1.4838e+01ğ›€ E:5.5511e-01V/cm J:5.3047e-02A/cm2 ğ›’:1.0464e+01ğ›€ cm
2023-03-23 12:02:03,675 INFO Measurement at current 0.0012272727272727272
2023-03-23 12:02:04,269 INFO T:294.97Â°K V:1.8216e-02V I:1.2273e-03A R:1.4842e+01ğ›€ E:5.6221e-01V/cm J:5.3710e-02A/cm2 ğ›’:1.0468e+01ğ›€ cm
2023-03-23 12:02:04,286 INFO Measurement at current 0.0012424242424242424
2023-03-23 12:02:04,875 INFO T:294.97Â°K V:1.8437e-02V I:1.2424e-03A R:1.4839e+01ğ›€ E:5.6904e-01V/cm J:5.4373e-02A/cm2 ğ›’:1.0465e+01ğ›€ cm
2023-03-23 12:02:04,891 INFO Measurement at current 0.0012575757575757575
2023-03-23 12:02:05,478 INFO T:294.97Â°K V:1.8660e-02V I:1.2576e-03A R:1.4838e+01ğ›€ E:5.7593e-01V/cm J:5.5036e-02A/cm2 ğ›’:1.0465e+01ğ›€ cm
2023-03-23 12:02:05,498 INFO Measurement at current 0.0012727272727272726
2023-03-23 12:02:06,096 INFO T:294.97Â°K V:1.8884e-02V I:1.2727e-03A R:1.4837e+01ğ›€ E:5.8284e-01V/cm J:5.5699e-02A/cm2 ğ›’:1.0464e+01ğ›€ cm
2023-03-23 12:02:06,122 INFO Measurement at current 0.001287878787878788
2023-03-23 12:02:06,723 INFO T:294.97Â°K V:1.9112e-02V I:1.2879e-03A R:1.4840e+01ğ›€ E:5.8988e-01V/cm J:5.6362e-02A/cm2 ğ›’:1.0466e+01ğ›€ cm
2023-03-23 12:02:06,745 INFO Measurement at current 0.001303030303030303
2023-03-23 12:02:07,338 INFO T:294.96Â°K V:1.9335e-02V I:1.3030e-03A R:1.4839e+01ğ›€ E:5.9677e-01V/cm J:5.7025e-02A/cm2 ğ›’:1.0465e+01ğ›€ cm
2023-03-23 12:02:07,360 INFO Measurement at current 0.0013181818181818182
2023-03-23 12:02:07,967 INFO T:294.96Â°K V:1.9556e-02V I:1.3182e-03A R:1.4836e+01ğ›€ E:6.0359e-01V/cm J:5.7688e-02A/cm2 ğ›’:1.0463e+01ğ›€ cm
2023-03-23 12:02:07,992 INFO Measurement at current 0.0013333333333333333
2023-03-23 12:02:08,592 INFO T:294.96Â°K V:1.9787e-02V I:1.3333e-03A R:1.4840e+01ğ›€ E:6.1071e-01V/cm J:5.8352e-02A/cm2 ğ›’:1.0466e+01ğ›€ cm
2023-03-23 12:02:08,608 INFO Measurement at current 0.0013484848484848484
2023-03-23 12:02:09,196 INFO T:294.96Â°K V:2.0010e-02V I:1.3485e-03A R:1.4839e+01ğ›€ E:6.1761e-01V/cm J:5.9015e-02A/cm2 ğ›’:1.0465e+01ğ›€ cm
2023-03-23 12:02:09,220 INFO Measurement at current 0.0013636363636363635
2023-03-23 12:02:09,809 INFO T:294.96Â°K V:2.0232e-02V I:1.3636e-03A R:1.4837e+01ğ›€ E:6.2444e-01V/cm J:5.9678e-02A/cm2 ğ›’:1.0463e+01ğ›€ cm
2023-03-23 12:02:09,834 INFO Measurement at current 0.0013787878787878789
2023-03-23 12:02:10,436 INFO T:294.96Â°K V:2.0463e-02V I:1.3788e-03A R:1.4841e+01ğ›€ E:6.3157e-01V/cm J:6.0341e-02A/cm2 ğ›’:1.0467e+01ğ›€ cm
2023-03-23 12:02:10,461 INFO Measurement at current 0.001393939393939394
2023-03-23 12:02:11,058 INFO T:294.96Â°K V:2.0686e-02V I:1.3939e-03A R:1.4840e+01ğ›€ E:6.3847e-01V/cm J:6.1004e-02A/cm2 ğ›’:1.0466e+01ğ›€ cm
2023-03-23 12:02:11,077 INFO Measurement at current 0.001409090909090909
2023-03-23 12:02:11,688 INFO T:294.96Â°K V:2.0908e-02V I:1.4091e-03A R:1.4838e+01ğ›€ E:6.4529e-01V/cm J:6.1667e-02A/cm2 ğ›’:1.0464e+01ğ›€ cm
2023-03-23 12:02:11,715 INFO Measurement at current 0.0014242424242424242
2023-03-23 12:02:12,309 INFO T:294.96Â°K V:2.1131e-02V I:1.4242e-03A R:1.4837e+01ğ›€ E:6.5218e-01V/cm J:6.2330e-02A/cm2 ğ›’:1.0463e+01ğ›€ cm
2023-03-23 12:02:12,326 INFO Measurement at current 0.0014393939393939393
2023-03-23 12:02:12,910 INFO T:294.96Â°K V:2.1361e-02V I:1.4394e-03A R:1.4841e+01ğ›€ E:6.5930e-01V/cm J:6.2993e-02A/cm2 ğ›’:1.0466e+01ğ›€ cm
2023-03-23 12:02:12,929 INFO Measurement at current 0.0014545454545454545
2023-03-23 12:02:13,518 INFO T:294.96Â°K V:2.1583e-02V I:1.4545e-03A R:1.4838e+01ğ›€ E:6.6613e-01V/cm J:6.3656e-02A/cm2 ğ›’:1.0464e+01ğ›€ cm
2023-03-23 12:02:13,547 INFO Measurement at current 0.0014696969696969696
2023-03-23 12:02:14,135 INFO T:294.96Â°K V:2.1806e-02V I:1.4697e-03A R:1.4837e+01ğ›€ E:6.7304e-01V/cm J:6.4319e-02A/cm2 ğ›’:1.0464e+01ğ›€ cm
2023-03-23 12:02:14,154 INFO Measurement at current 0.001484848484848485
2023-03-23 12:02:14,746 INFO T:294.96Â°K V:2.2037e-02V I:1.4848e-03A R:1.4841e+01ğ›€ E:6.8016e-01V/cm J:6.4982e-02A/cm2 ğ›’:1.0467e+01ğ›€ cm
2023-03-23 12:02:14,763 INFO Measurement at current 0.0015
2023-03-23 12:02:15,370 INFO T:294.96Â°K V:2.2258e-02V I:1.5000e-03A R:1.4839e+01ğ›€ E:6.8698e-01V/cm J:6.5646e-02A/cm2 ğ›’:1.0465e+01ğ›€ cm
2023-03-23 12:02:23,502 INFO Save the description file
2023-03-23 12:02:23,506 INFO Save data in numpy format Esperimenti/CPRO_MUSA_230323/CPRO_MUSA_230323_current_from_0_to_15e-4A/CPRO_MUSA_230323_current_from_0_to_15e-4A-20230323120221
2023-03-23 12:02:23,520 INFO Save data in CSV format Esperimenti/CPRO_MUSA_230323/CPRO_MUSA_230323_current_from_0_to_15e-4A/CPRO_MUSA_230323_current_from_0_to_15e-4A-20230323120221.csv
2023-03-23 12:02:23,543 INFO Save plot as image Esperimenti/CPRO_MUSA_230323/CPRO_MUSA_230323_current_from_0_to_15e-4A/CPRO_MUSA_230323_current_from_0_to_15e-4A-20230323120221.png
