2023-03-29 09:31:05,116 INFO ### Start experiment: CPRO_MUSA_290323_I_V current from 0 to 60e-4A ###
2023-03-29 09:31:06,463 INFO Found Multimeter KEITHLEY INSTRUMENTS INC.,MODEL 2700,0884890,B03  /A02  

2023-03-29 09:31:07,493 INFO Found Nanovolt Meter KEITHLEY INSTRUMENTS INC.,MODEL 2182A,4056474,C03  /A02  

2023-03-29 09:31:07,608 INFO Found Source Meter KEITHLEY INSTRUMENTS INC.,MODEL 2400,0945684,C24   Feb 14 2002 11:59:45/A02  /K/H

2023-03-29 09:31:07,732 INFO Start the measurement loop
2023-03-29 09:31:26,163 INFO Measurement at current 0.0
2023-03-29 09:31:27,074 INFO T:293.67Â°K V:-7.6609e-07V I:0.0000e+00A R:-infğ›€ E:-2.3645e-05V/cm J:0.0000e+00A/cm2 ğ›’:-infğ›€ cm
2023-03-29 09:31:27,096 INFO Measurement at current 3.015075376884422e-05
2023-03-29 09:31:27,696 INFO T:293.67Â°K V:2.2667e-03V I:3.0151e-05A R:7.5179e+01ğ›€ E:6.9960e-02V/cm J:1.3195e-03A/cm2 ğ›’:5.3020e+01ğ›€ cm
2023-03-29 09:31:27,718 INFO Measurement at current 6.030150753768844e-05
2023-03-29 09:31:28,324 INFO T:293.67Â°K V:4.5346e-03V I:6.0302e-05A R:7.5199e+01ğ›€ E:1.3996e-01V/cm J:2.6390e-03A/cm2 ğ›’:5.3034e+01ğ›€ cm
2023-03-29 09:31:28,355 INFO Measurement at current 9.045226130653267e-05
2023-03-29 09:31:28,950 INFO T:293.67Â°K V:6.8013e-03V I:9.0452e-05A R:7.5193e+01ğ›€ E:2.0992e-01V/cm J:3.9585e-03A/cm2 ğ›’:5.3029e+01ğ›€ cm
2023-03-29 09:31:28,985 INFO Measurement at current 0.00012060301507537688
2023-03-29 09:31:29,581 INFO T:293.66Â°K V:9.0704e-03V I:1.2060e-04A R:7.5209e+01ğ›€ E:2.7995e-01V/cm J:5.2780e-03A/cm2 ğ›’:5.3041e+01ğ›€ cm
2023-03-29 09:31:29,608 INFO Measurement at current 0.00015075376884422112
2023-03-29 09:31:30,221 INFO T:293.66Â°K V:1.1337e-02V I:1.5075e-04A R:7.5202e+01ğ›€ E:3.4991e-01V/cm J:6.5975e-03A/cm2 ğ›’:5.3036e+01ğ›€ cm
2023-03-29 09:31:30,245 INFO Measurement at current 0.00018090452261306533
2023-03-29 09:31:31,685 INFO T:293.66Â°K V:1.3604e-02V I:1.8090e-04A R:7.5201e+01ğ›€ E:4.1988e-01V/cm J:7.9170e-03A/cm2 ğ›’:5.3036e+01ğ›€ cm
2023-03-29 09:31:31,711 INFO Measurement at current 0.00021105527638190955
2023-03-29 09:31:32,308 INFO T:293.66Â°K V:1.5870e-02V I:2.1106e-04A R:7.5195e+01ğ›€ E:4.8982e-01V/cm J:9.2366e-03A/cm2 ğ›’:5.3031e+01ğ›€ cm
2023-03-29 09:31:32,330 INFO Measurement at current 0.00024120603015075377
2023-03-29 09:31:32,931 INFO T:293.66Â°K V:1.8136e-02V I:2.4121e-04A R:7.5190e+01ğ›€ E:5.5976e-01V/cm J:1.0556e-02A/cm2 ğ›’:5.3027e+01ğ›€ cm
2023-03-29 09:31:32,946 INFO Measurement at current 0.000271356783919598
2023-03-29 09:31:33,536 INFO T:293.66Â°K V:2.0401e-02V I:2.7136e-04A R:7.5181e+01ğ›€ E:6.2965e-01V/cm J:1.1876e-02A/cm2 ğ›’:5.3021e+01ğ›€ cm
2023-03-29 09:31:33,551 INFO Measurement at current 0.00030150753768844223
2023-03-29 09:31:34,135 INFO T:293.66Â°K V:2.2668e-02V I:3.0151e-04A R:7.5181e+01ğ›€ E:6.9962e-01V/cm J:1.3195e-02A/cm2 ğ›’:5.3021e+01ğ›€ cm
2023-03-29 09:31:34,155 INFO Measurement at current 0.00033165829145728645
2023-03-29 09:31:34,743 INFO T:293.66Â°K V:2.4934e-02V I:3.3166e-04A R:7.5180e+01ğ›€ E:7.6957e-01V/cm J:1.4515e-02A/cm2 ğ›’:5.3020e+01ğ›€ cm
2023-03-29 09:31:34,760 INFO Measurement at current 0.00036180904522613067
2023-03-29 09:31:35,353 INFO T:293.66Â°K V:2.7200e-02V I:3.6181e-04A R:7.5177e+01ğ›€ E:8.3949e-01V/cm J:1.5834e-02A/cm2 ğ›’:5.3018e+01ğ›€ cm
2023-03-29 09:31:35,375 INFO Measurement at current 0.0003919597989949749
2023-03-29 09:31:35,978 INFO T:293.66Â°K V:2.9462e-02V I:3.9196e-04A R:7.5167e+01ğ›€ E:9.0933e-01V/cm J:1.7154e-02A/cm2 ğ›’:5.3011e+01ğ›€ cm
2023-03-29 09:31:35,995 INFO Measurement at current 0.0004221105527638191
2023-03-29 09:31:36,591 INFO T:293.66Â°K V:3.1726e-02V I:4.2211e-04A R:7.5161e+01ğ›€ E:9.7921e-01V/cm J:1.8473e-02A/cm2 ğ›’:5.3007e+01ğ›€ cm
2023-03-29 09:31:36,609 INFO Measurement at current 0.0004522613065326633
2023-03-29 09:31:37,195 INFO T:293.66Â°K V:3.3991e-02V I:4.5226e-04A R:7.5159e+01ğ›€ E:1.0491e+00V/cm J:1.9793e-02A/cm2 ğ›’:5.3005e+01ğ›€ cm
2023-03-29 09:31:37,213 INFO Measurement at current 0.00048241206030150754
2023-03-29 09:31:37,801 INFO T:293.66Â°K V:3.6257e-02V I:4.8241e-04A R:7.5158e+01ğ›€ E:1.1191e+00V/cm J:2.1112e-02A/cm2 ğ›’:5.3005e+01ğ›€ cm
2023-03-29 09:31:37,818 INFO Measurement at current 0.0005125628140703518
2023-03-29 09:31:38,418 INFO T:293.65Â°K V:3.8518e-02V I:5.1256e-04A R:7.5148e+01ğ›€ E:1.1888e+00V/cm J:2.2432e-02A/cm2 ğ›’:5.2998e+01ğ›€ cm
2023-03-29 09:31:38,441 INFO Measurement at current 0.000542713567839196
2023-03-29 09:31:39,044 INFO T:293.65Â°K V:4.0781e-02V I:5.4271e-04A R:7.5143e+01ğ›€ E:1.2587e+00V/cm J:2.3751e-02A/cm2 ğ›’:5.2994e+01ğ›€ cm
2023-03-29 09:31:39,062 INFO Measurement at current 0.0005728643216080402
2023-03-29 09:31:39,653 INFO T:293.65Â°K V:4.3043e-02V I:5.7286e-04A R:7.5137e+01ğ›€ E:1.3285e+00V/cm J:2.5071e-02A/cm2 ğ›’:5.2990e+01ğ›€ cm
2023-03-29 09:31:39,677 INFO Measurement at current 0.0006030150753768845
2023-03-29 09:31:40,273 INFO T:293.65Â°K V:4.5306e-02V I:6.0302e-04A R:7.5132e+01ğ›€ E:1.3983e+00V/cm J:2.6390e-02A/cm2 ğ›’:5.2987e+01ğ›€ cm
2023-03-29 09:31:40,292 INFO Measurement at current 0.0006331658291457286
2023-03-29 09:31:40,882 INFO T:293.65Â°K V:4.7566e-02V I:6.3317e-04A R:7.5125e+01ğ›€ E:1.4681e+00V/cm J:2.7710e-02A/cm2 ğ›’:5.2981e+01ğ›€ cm
2023-03-29 09:31:40,903 INFO Measurement at current 0.0006633165829145729
2023-03-29 09:31:41,498 INFO T:293.65Â°K V:4.9824e-02V I:6.6332e-04A R:7.5114e+01ğ›€ E:1.5378e+00V/cm J:2.9029e-02A/cm2 ğ›’:5.2974e+01ğ›€ cm
2023-03-29 09:31:41,520 INFO Measurement at current 0.0006934673366834171
2023-03-29 09:31:42,121 INFO T:293.65Â°K V:5.2082e-02V I:6.9347e-04A R:7.5103e+01ğ›€ E:1.6075e+00V/cm J:3.0349e-02A/cm2 ğ›’:5.2966e+01ğ›€ cm
2023-03-29 09:31:42,137 INFO Measurement at current 0.0007236180904522613
2023-03-29 09:31:42,736 INFO T:293.65Â°K V:5.4341e-02V I:7.2362e-04A R:7.5097e+01ğ›€ E:1.6772e+00V/cm J:3.1668e-02A/cm2 ğ›’:5.2962e+01ğ›€ cm
2023-03-29 09:31:42,755 INFO Measurement at current 0.0007537688442211055
2023-03-29 09:31:43,346 INFO T:293.65Â°K V:5.6597e-02V I:7.5377e-04A R:7.5085e+01ğ›€ E:1.7468e+00V/cm J:3.2988e-02A/cm2 ğ›’:5.2953e+01ğ›€ cm
2023-03-29 09:31:43,370 INFO Measurement at current 0.0007839195979899498
2023-03-29 09:31:43,970 INFO T:293.65Â°K V:5.8849e-02V I:7.8392e-04A R:7.5071e+01ğ›€ E:1.8163e+00V/cm J:3.4307e-02A/cm2 ğ›’:5.2943e+01ğ›€ cm
2023-03-29 09:31:43,992 INFO Measurement at current 0.0008140703517587939
2023-03-29 09:31:44,595 INFO T:293.65Â°K V:6.1106e-02V I:8.1407e-04A R:7.5063e+01ğ›€ E:1.8860e+00V/cm J:3.5627e-02A/cm2 ğ›’:5.2938e+01ğ›€ cm
2023-03-29 09:31:44,622 INFO Measurement at current 0.0008442211055276382
2023-03-29 09:31:45,220 INFO T:293.65Â°K V:6.3359e-02V I:8.4422e-04A R:7.5050e+01ğ›€ E:1.9555e+00V/cm J:3.6946e-02A/cm2 ğ›’:5.2929e+01ğ›€ cm
2023-03-29 09:31:45,237 INFO Measurement at current 0.0008743718592964824
2023-03-29 09:31:45,830 INFO T:293.65Â°K V:6.5613e-02V I:8.7437e-04A R:7.5041e+01ğ›€ E:2.0251e+00V/cm J:3.8266e-02A/cm2 ğ›’:5.2922e+01ğ›€ cm
2023-03-29 09:31:45,849 INFO Measurement at current 0.0009045226130653266
2023-03-29 09:31:46,436 INFO T:293.65Â°K V:6.7866e-02V I:9.0452e-04A R:7.5030e+01ğ›€ E:2.0946e+00V/cm J:3.9585e-02A/cm2 ğ›’:5.2914e+01ğ›€ cm
2023-03-29 09:31:46,451 INFO Measurement at current 0.0009346733668341708
2023-03-29 09:31:47,048 INFO T:293.64Â°K V:7.0116e-02V I:9.3467e-04A R:7.5017e+01ğ›€ E:2.1641e+00V/cm J:4.0905e-02A/cm2 ğ›’:5.2906e+01ğ›€ cm
2023-03-29 09:31:47,071 INFO Measurement at current 0.0009648241206030151
2023-03-29 09:31:47,675 INFO T:293.64Â°K V:7.2365e-02V I:9.6482e-04A R:7.5004e+01ğ›€ E:2.2335e+00V/cm J:4.2224e-02A/cm2 ğ›’:5.2896e+01ğ›€ cm
2023-03-29 09:31:47,698 INFO Measurement at current 0.0009949748743718592
2023-03-29 09:31:48,289 INFO T:293.64Â°K V:7.4617e-02V I:9.9497e-04A R:7.4993e+01ğ›€ E:2.3030e+00V/cm J:4.3544e-02A/cm2 ğ›’:5.2889e+01ğ›€ cm
2023-03-29 09:31:48,308 INFO Measurement at current 0.0010251256281407035
2023-03-29 09:31:48,896 INFO T:293.64Â°K V:7.6875e-02V I:1.0251e-03A R:7.4990e+01ğ›€ E:2.3727e+00V/cm J:4.4863e-02A/cm2 ğ›’:5.2887e+01ğ›€ cm
2023-03-29 09:31:48,935 INFO Measurement at current 0.0010552763819095478
2023-03-29 09:31:49,534 INFO T:293.64Â°K V:7.9151e-02V I:1.0553e-03A R:7.5005e+01ğ›€ E:2.4429e+00V/cm J:4.6183e-02A/cm2 ğ›’:5.2897e+01ğ›€ cm
2023-03-29 09:31:49,556 INFO Measurement at current 0.001085427135678392
2023-03-29 09:31:50,177 INFO T:293.64Â°K V:8.1382e-02V I:1.0854e-03A R:7.4977e+01ğ›€ E:2.5118e+00V/cm J:4.7502e-02A/cm2 ğ›’:5.2877e+01ğ›€ cm
2023-03-29 09:31:50,198 INFO Measurement at current 0.001115577889447236
2023-03-29 09:31:50,800 INFO T:293.64Â°K V:8.3627e-02V I:1.1156e-03A R:7.4963e+01ğ›€ E:2.5811e+00V/cm J:4.8822e-02A/cm2 ğ›’:5.2867e+01ğ›€ cm
2023-03-29 09:31:50,819 INFO Measurement at current 0.0011457286432160804
2023-03-29 09:31:51,405 INFO T:293.64Â°K V:8.5853e-02V I:1.1457e-03A R:7.4933e+01ğ›€ E:2.6498e+00V/cm J:5.0141e-02A/cm2 ğ›’:5.2846e+01ğ›€ cm
2023-03-29 09:31:51,425 INFO Measurement at current 0.0011758793969849247
2023-03-29 09:31:52,010 INFO T:293.64Â°K V:8.8116e-02V I:1.1759e-03A R:7.4936e+01ğ›€ E:2.7196e+00V/cm J:5.1461e-02A/cm2 ğ›’:5.2849e+01ğ›€ cm
2023-03-29 09:31:52,031 INFO Measurement at current 0.001206030150753769
2023-03-29 09:31:52,620 INFO T:293.64Â°K V:9.0350e-02V I:1.2060e-03A R:7.4915e+01ğ›€ E:2.7886e+00V/cm J:5.2780e-02A/cm2 ğ›’:5.2834e+01ğ›€ cm
2023-03-29 09:31:52,636 INFO Measurement at current 0.001236180904522613
2023-03-29 09:31:53,232 INFO T:293.64Â°K V:9.2574e-02V I:1.2362e-03A R:7.4887e+01ğ›€ E:2.8572e+00V/cm J:5.4100e-02A/cm2 ğ›’:5.2814e+01ğ›€ cm
2023-03-29 09:31:53,254 INFO Measurement at current 0.0012663316582914572
2023-03-29 09:31:53,871 INFO T:293.64Â°K V:9.4830e-02V I:1.2663e-03A R:7.4886e+01ğ›€ E:2.9268e+00V/cm J:5.5419e-02A/cm2 ğ›’:5.2813e+01ğ›€ cm
2023-03-29 09:31:53,894 INFO Measurement at current 0.0012964824120603015
2023-03-29 09:31:54,485 INFO T:293.64Â°K V:9.7064e-02V I:1.2965e-03A R:7.4867e+01ğ›€ E:2.9958e+00V/cm J:5.6739e-02A/cm2 ğ›’:5.2800e+01ğ›€ cm
2023-03-29 09:31:54,503 INFO Measurement at current 0.0013266331658291458
2023-03-29 09:31:55,095 INFO T:293.64Â°K V:9.9285e-02V I:1.3266e-03A R:7.4840e+01ğ›€ E:3.0644e+00V/cm J:5.8058e-02A/cm2 ğ›’:5.2781e+01ğ›€ cm
2023-03-29 09:31:55,113 INFO Measurement at current 0.0013567839195979898
2023-03-29 09:31:55,709 INFO T:293.63Â°K V:1.0154e-01V I:1.3568e-03A R:7.4840e+01ğ›€ E:3.1340e+00V/cm J:5.9378e-02A/cm2 ğ›’:5.2780e+01ğ›€ cm
2023-03-29 09:31:55,726 INFO Measurement at current 0.0013869346733668341
2023-03-29 09:31:56,337 INFO T:293.63Â°K V:1.0376e-01V I:1.3869e-03A R:7.4812e+01ğ›€ E:3.2024e+00V/cm J:6.0697e-02A/cm2 ğ›’:5.2761e+01ğ›€ cm
2023-03-29 09:31:56,366 INFO Measurement at current 0.0014170854271356784
2023-03-29 09:31:56,964 INFO T:293.63Â°K V:1.0599e-01V I:1.4171e-03A R:7.4796e+01ğ›€ E:3.2714e+00V/cm J:6.2017e-02A/cm2 ğ›’:5.2749e+01ğ›€ cm
2023-03-29 09:31:56,983 INFO Measurement at current 0.0014472361809045227
2023-03-29 09:31:57,568 INFO T:293.63Â°K V:1.0820e-01V I:1.4472e-03A R:7.4764e+01ğ›€ E:3.3396e+00V/cm J:6.3336e-02A/cm2 ğ›’:5.2727e+01ğ›€ cm
2023-03-29 09:31:57,590 INFO Measurement at current 0.001477386934673367
2023-03-29 09:31:58,191 INFO T:293.63Â°K V:1.1045e-01V I:1.4774e-03A R:7.4763e+01ğ›€ E:3.4091e+00V/cm J:6.4656e-02A/cm2 ğ›’:5.2726e+01ğ›€ cm
2023-03-29 09:31:58,221 INFO Measurement at current 0.001507537688442211
2023-03-29 09:31:58,820 INFO T:293.63Â°K V:1.1268e-01V I:1.5075e-03A R:7.4744e+01ğ›€ E:3.4777e+00V/cm J:6.5975e-02A/cm2 ğ›’:5.2713e+01ğ›€ cm
2023-03-29 09:31:58,842 INFO Measurement at current 0.0015376884422110553
2023-03-29 09:31:59,448 INFO T:293.63Â°K V:1.1489e-01V I:1.5377e-03A R:7.4715e+01ğ›€ E:3.5459e+00V/cm J:6.7295e-02A/cm2 ğ›’:5.2693e+01ğ›€ cm
2023-03-29 09:31:59,469 INFO Measurement at current 0.0015678391959798995
2023-03-29 09:32:00,070 INFO T:293.63Â°K V:1.1713e-01V I:1.5678e-03A R:7.4709e+01ğ›€ E:3.6152e+00V/cm J:6.8614e-02A/cm2 ğ›’:5.2688e+01ğ›€ cm
2023-03-29 09:32:00,084 INFO Measurement at current 0.0015979899497487438
2023-03-29 09:32:00,681 INFO T:293.63Â°K V:1.1935e-01V I:1.5980e-03A R:7.4691e+01ğ›€ E:3.6838e+00V/cm J:6.9934e-02A/cm2 ğ›’:5.2675e+01ğ›€ cm
2023-03-29 09:32:00,701 INFO Measurement at current 0.0016281407035175879
2023-03-29 09:32:02,035 INFO T:293.63Â°K V:1.2156e-01V I:1.6281e-03A R:7.4660e+01ğ›€ E:3.7517e+00V/cm J:7.1253e-02A/cm2 ğ›’:5.2654e+01ğ›€ cm
2023-03-29 09:32:02,056 INFO Measurement at current 0.0016582914572864321
2023-03-29 09:32:02,650 INFO T:293.63Â°K V:1.2380e-01V I:1.6583e-03A R:7.4653e+01ğ›€ E:3.8209e+00V/cm J:7.2573e-02A/cm2 ğ›’:5.2649e+01ğ›€ cm
2023-03-29 09:32:02,678 INFO Measurement at current 0.0016884422110552764
2023-03-29 09:32:03,261 INFO T:293.63Â°K V:1.2600e-01V I:1.6884e-03A R:7.4625e+01ğ›€ E:3.8889e+00V/cm J:7.3892e-02A/cm2 ğ›’:5.2629e+01ğ›€ cm
2023-03-29 09:32:03,280 INFO Measurement at current 0.0017185929648241207
2023-03-29 09:32:03,875 INFO T:293.63Â°K V:1.2821e-01V I:1.7186e-03A R:7.4603e+01ğ›€ E:3.9572e+00V/cm J:7.5212e-02A/cm2 ğ›’:5.2613e+01ğ›€ cm
2023-03-29 09:32:03,901 INFO Measurement at current 0.0017487437185929647
2023-03-29 09:32:04,505 INFO T:293.62Â°K V:1.3041e-01V I:1.7487e-03A R:7.4574e+01ğ›€ E:4.0250e+00V/cm J:7.6531e-02A/cm2 ğ›’:5.2593e+01ğ›€ cm
2023-03-29 09:32:04,536 INFO Measurement at current 0.001778894472361809
2023-03-29 09:32:05,140 INFO T:293.62Â°K V:1.3264e-01V I:1.7789e-03A R:7.4561e+01ğ›€ E:4.0937e+00V/cm J:7.7851e-02A/cm2 ğ›’:5.2584e+01ğ›€ cm
2023-03-29 09:32:05,155 INFO Measurement at current 0.0018090452261306533
2023-03-29 09:32:05,745 INFO T:293.62Â°K V:1.3484e-01V I:1.8090e-03A R:7.4539e+01ğ›€ E:4.1619e+00V/cm J:7.9170e-02A/cm2 ğ›’:5.2569e+01ğ›€ cm
2023-03-29 09:32:05,765 INFO Measurement at current 0.0018391959798994975
2023-03-29 09:32:06,372 INFO T:293.62Â°K V:1.3703e-01V I:1.8392e-03A R:7.4507e+01ğ›€ E:4.2294e+00V/cm J:8.0490e-02A/cm2 ğ›’:5.2546e+01ğ›€ cm
2023-03-29 09:32:06,398 INFO Measurement at current 0.0018693467336683416
2023-03-29 09:32:07,018 INFO T:293.62Â°K V:1.3926e-01V I:1.8693e-03A R:7.4496e+01ğ›€ E:4.2981e+00V/cm J:8.1809e-02A/cm2 ğ›’:5.2538e+01ğ›€ cm
2023-03-29 09:32:07,054 INFO Measurement at current 0.0018994974874371859
2023-03-29 09:32:07,653 INFO T:293.62Â°K V:1.4146e-01V I:1.8995e-03A R:7.4472e+01ğ›€ E:4.3660e+00V/cm J:8.3129e-02A/cm2 ğ›’:5.2521e+01ğ›€ cm
2023-03-29 09:32:07,679 INFO Measurement at current 0.0019296482412060301
2023-03-29 09:32:08,287 INFO T:293.62Â°K V:1.4365e-01V I:1.9296e-03A R:7.4442e+01ğ›€ E:4.4336e+00V/cm J:8.4449e-02A/cm2 ğ›’:5.2500e+01ğ›€ cm
2023-03-29 09:32:08,309 INFO Measurement at current 0.001959798994974874
2023-03-29 09:32:08,915 INFO T:293.62Â°K V:1.4587e-01V I:1.9598e-03A R:7.4431e+01ğ›€ E:4.5021e+00V/cm J:8.5768e-02A/cm2 ğ›’:5.2492e+01ğ›€ cm
2023-03-29 09:32:08,953 INFO Measurement at current 0.0019899497487437185
2023-03-29 09:32:09,541 INFO T:293.62Â°K V:1.4804e-01V I:1.9899e-03A R:7.4396e+01ğ›€ E:4.5693e+00V/cm J:8.7088e-02A/cm2 ğ›’:5.2468e+01ğ›€ cm
2023-03-29 09:32:09,558 INFO Measurement at current 0.0020201005025125627
2023-03-29 09:32:10,156 INFO T:293.62Â°K V:1.5024e-01V I:2.0201e-03A R:7.4374e+01ğ›€ E:4.6372e+00V/cm J:8.8407e-02A/cm2 ğ›’:5.2452e+01ğ›€ cm
2023-03-29 09:32:10,172 INFO Measurement at current 0.002050251256281407
2023-03-29 09:32:10,759 INFO T:293.62Â°K V:1.5245e-01V I:2.0503e-03A R:7.4357e+01ğ›€ E:4.7053e+00V/cm J:8.9727e-02A/cm2 ğ›’:5.2440e+01ğ›€ cm
2023-03-29 09:32:10,777 INFO Measurement at current 0.0020804020100502513
2023-03-29 09:32:11,361 INFO T:293.62Â°K V:1.5461e-01V I:2.0804e-03A R:7.4319e+01ğ›€ E:4.7720e+00V/cm J:9.1046e-02A/cm2 ğ›’:5.2413e+01ğ›€ cm
2023-03-29 09:32:11,376 INFO Measurement at current 0.0021105527638190956
2023-03-29 09:32:11,962 INFO T:293.62Â°K V:1.5681e-01V I:2.1106e-03A R:7.4296e+01ğ›€ E:4.8397e+00V/cm J:9.2366e-02A/cm2 ğ›’:5.2397e+01ğ›€ cm
2023-03-29 09:32:11,990 INFO Measurement at current 0.00214070351758794
2023-03-29 09:32:12,576 INFO T:293.62Â°K V:1.5898e-01V I:2.1407e-03A R:7.4264e+01ğ›€ E:4.9067e+00V/cm J:9.3685e-02A/cm2 ğ›’:5.2374e+01ğ›€ cm
2023-03-29 09:32:12,593 INFO Measurement at current 0.002170854271356784
2023-03-29 09:32:13,192 INFO T:293.61Â°K V:1.6117e-01V I:2.1709e-03A R:7.4244e+01ğ›€ E:4.9745e+00V/cm J:9.5005e-02A/cm2 ğ›’:5.2360e+01ğ›€ cm
2023-03-29 09:32:13,208 INFO Measurement at current 0.002201005025125628
2023-03-29 09:32:13,797 INFO T:293.61Â°K V:1.6335e-01V I:2.2010e-03A R:7.4215e+01ğ›€ E:5.0416e+00V/cm J:9.6324e-02A/cm2 ğ›’:5.2340e+01ğ›€ cm
2023-03-29 09:32:13,818 INFO Measurement at current 0.002231155778894472
2023-03-29 09:32:14,408 INFO T:293.61Â°K V:1.6550e-01V I:2.2312e-03A R:7.4179e+01ğ›€ E:5.1082e+00V/cm J:9.7644e-02A/cm2 ğ›’:5.2314e+01ğ›€ cm
2023-03-29 09:32:14,428 INFO Measurement at current 0.0022613065326633165
2023-03-29 09:32:15,017 INFO T:293.61Â°K V:1.6771e-01V I:2.2613e-03A R:7.4164e+01ğ›€ E:5.1761e+00V/cm J:9.8963e-02A/cm2 ğ›’:5.2304e+01ğ›€ cm
2023-03-29 09:32:15,032 INFO Measurement at current 0.0022914572864321608
2023-03-29 09:32:15,619 INFO T:293.61Â°K V:1.6987e-01V I:2.2915e-03A R:7.4131e+01ğ›€ E:5.2428e+00V/cm J:1.0028e-01A/cm2 ğ›’:5.2280e+01ğ›€ cm
2023-03-29 09:32:15,636 INFO Measurement at current 0.002321608040201005
2023-03-29 09:32:16,220 INFO T:293.61Â°K V:1.7203e-01V I:2.3216e-03A R:7.4099e+01ğ›€ E:5.3095e+00V/cm J:1.0160e-01A/cm2 ğ›’:5.2258e+01ğ›€ cm
2023-03-29 09:32:16,241 INFO Measurement at current 0.0023517587939698493
2023-03-29 09:32:16,833 INFO T:293.61Â°K V:1.7420e-01V I:2.3518e-03A R:7.4074e+01ğ›€ E:5.3767e+00V/cm J:1.0292e-01A/cm2 ğ›’:5.2241e+01ğ›€ cm
2023-03-29 09:32:16,849 INFO Measurement at current 0.0023819095477386936
2023-03-29 09:32:17,438 INFO T:293.61Â°K V:1.7636e-01V I:2.3819e-03A R:7.4041e+01ğ›€ E:5.4432e+00V/cm J:1.0424e-01A/cm2 ğ›’:5.2217e+01ğ›€ cm
2023-03-29 09:32:17,459 INFO Measurement at current 0.002412060301507538
2023-03-29 09:32:18,051 INFO T:293.61Â°K V:1.7852e-01V I:2.4121e-03A R:7.4012e+01ğ›€ E:5.5099e+00V/cm J:1.0556e-01A/cm2 ğ›’:5.2197e+01ğ›€ cm
2023-03-29 09:32:18,069 INFO Measurement at current 0.002442211055276382
2023-03-29 09:32:18,664 INFO T:293.61Â°K V:1.8067e-01V I:2.4422e-03A R:7.3977e+01ğ›€ E:5.5762e+00V/cm J:1.0688e-01A/cm2 ğ›’:5.2172e+01ğ›€ cm
2023-03-29 09:32:18,707 INFO Measurement at current 0.002472361809045226
2023-03-29 09:32:19,300 INFO T:293.61Â°K V:1.8284e-01V I:2.4724e-03A R:7.3953e+01ğ›€ E:5.6432e+00V/cm J:1.0820e-01A/cm2 ğ›’:5.2155e+01ğ›€ cm
2023-03-29 09:32:19,324 INFO Measurement at current 0.0025025125628140702
2023-03-29 09:32:19,930 INFO T:293.61Â°K V:1.8499e-01V I:2.5025e-03A R:7.3922e+01ğ›€ E:5.7096e+00V/cm J:1.0952e-01A/cm2 ğ›’:5.2133e+01ğ›€ cm
2023-03-29 09:32:19,950 INFO Measurement at current 0.0025326633165829145
2023-03-29 09:32:20,545 INFO T:293.61Â°K V:1.8713e-01V I:2.5327e-03A R:7.3886e+01ğ›€ E:5.7755e+00V/cm J:1.1084e-01A/cm2 ğ›’:5.2108e+01ğ›€ cm
2023-03-29 09:32:20,561 INFO Measurement at current 0.0025628140703517588
2023-03-29 09:32:21,161 INFO T:293.61Â°K V:1.8930e-01V I:2.5628e-03A R:7.3866e+01ğ›€ E:5.8427e+00V/cm J:1.1216e-01A/cm2 ğ›’:5.2094e+01ğ›€ cm
2023-03-29 09:32:21,178 INFO Measurement at current 0.002592964824120603
2023-03-29 09:32:21,774 INFO T:293.60Â°K V:1.9144e-01V I:2.5930e-03A R:7.3831e+01ğ›€ E:5.9087e+00V/cm J:1.1348e-01A/cm2 ğ›’:5.2069e+01ğ›€ cm
2023-03-29 09:32:21,806 INFO Measurement at current 0.0026231155778894473
2023-03-29 09:32:22,402 INFO T:293.60Â°K V:1.9358e-01V I:2.6231e-03A R:7.3798e+01ğ›€ E:5.9747e+00V/cm J:1.1480e-01A/cm2 ğ›’:5.2046e+01ğ›€ cm
2023-03-29 09:32:22,443 INFO Measurement at current 0.0026532663316582916
2023-03-29 09:32:23,037 INFO T:293.60Â°K V:1.9574e-01V I:2.6533e-03A R:7.3772e+01ğ›€ E:6.0413e+00V/cm J:1.1612e-01A/cm2 ğ›’:5.2028e+01ğ›€ cm
2023-03-29 09:32:23,060 INFO Measurement at current 0.002683417085427136
2023-03-29 09:32:23,651 INFO T:293.60Â°K V:1.9786e-01V I:2.6834e-03A R:7.3736e+01ğ›€ E:6.1069e+00V/cm J:1.1744e-01A/cm2 ğ›’:5.2002e+01ğ›€ cm
2023-03-29 09:32:23,669 INFO Measurement at current 0.0027135678391959797
2023-03-29 09:32:24,260 INFO T:293.60Â°K V:2.0000e-01V I:2.7136e-03A R:7.3705e+01ğ›€ E:6.1729e+00V/cm J:1.1876e-01A/cm2 ğ›’:5.1980e+01ğ›€ cm
2023-03-29 09:32:24,280 INFO Measurement at current 0.002743718592964824
2023-03-29 09:32:24,881 INFO T:293.60Â°K V:2.0212e-01V I:2.7437e-03A R:7.3668e+01ğ›€ E:6.2384e+00V/cm J:1.2008e-01A/cm2 ğ›’:5.1954e+01ğ›€ cm
2023-03-29 09:32:24,902 INFO Measurement at current 0.0027738693467336682
2023-03-29 09:32:25,488 INFO T:293.60Â°K V:2.0427e-01V I:2.7739e-03A R:7.3642e+01ğ›€ E:6.3048e+00V/cm J:1.2139e-01A/cm2 ğ›’:5.1936e+01ğ›€ cm
2023-03-29 09:32:25,505 INFO Measurement at current 0.0028040201005025125
2023-03-29 09:32:26,092 INFO T:293.60Â°K V:2.0640e-01V I:2.8040e-03A R:7.3609e+01ğ›€ E:6.3704e+00V/cm J:1.2271e-01A/cm2 ğ›’:5.1913e+01ğ›€ cm
2023-03-29 09:32:26,107 INFO Measurement at current 0.002834170854271357
2023-03-29 09:32:26,702 INFO T:293.60Â°K V:2.0851e-01V I:2.8342e-03A R:7.3571e+01ğ›€ E:6.4356e+00V/cm J:1.2403e-01A/cm2 ğ›’:5.1886e+01ğ›€ cm
2023-03-29 09:32:26,719 INFO Measurement at current 0.002864321608040201
2023-03-29 09:32:27,306 INFO T:293.60Â°K V:2.1066e-01V I:2.8643e-03A R:7.3545e+01ğ›€ E:6.5017e+00V/cm J:1.2535e-01A/cm2 ğ›’:5.1867e+01ğ›€ cm
2023-03-29 09:32:27,333 INFO Measurement at current 0.0028944723618090453
2023-03-29 09:32:27,925 INFO T:293.60Â°K V:2.1277e-01V I:2.8945e-03A R:7.3508e+01ğ›€ E:6.5669e+00V/cm J:1.2667e-01A/cm2 ğ›’:5.1841e+01ğ›€ cm
2023-03-29 09:32:27,943 INFO Measurement at current 0.0029246231155778896
2023-03-29 09:32:28,537 INFO T:293.60Â°K V:2.1487e-01V I:2.9246e-03A R:7.3470e+01ğ›€ E:6.6319e+00V/cm J:1.2799e-01A/cm2 ğ›’:5.1815e+01ğ›€ cm
2023-03-29 09:32:28,566 INFO Measurement at current 0.002954773869346734
2023-03-29 09:32:29,154 INFO T:293.60Â°K V:2.1701e-01V I:2.9548e-03A R:7.3445e+01ğ›€ E:6.6980e+00V/cm J:1.2931e-01A/cm2 ğ›’:5.1797e+01ğ›€ cm
2023-03-29 09:32:29,175 INFO Measurement at current 0.0029849246231155777
2023-03-29 09:32:29,767 INFO T:293.60Â°K V:2.1911e-01V I:2.9849e-03A R:7.3407e+01ğ›€ E:6.7628e+00V/cm J:1.3063e-01A/cm2 ğ›’:5.1770e+01ğ›€ cm
2023-03-29 09:32:29,786 INFO Measurement at current 0.003015075376884422
2023-03-29 09:32:30,374 INFO T:293.60Â°K V:2.2122e-01V I:3.0151e-03A R:7.3371e+01ğ›€ E:6.8278e+00V/cm J:1.3195e-01A/cm2 ğ›’:5.1745e+01ğ›€ cm
2023-03-29 09:32:30,394 INFO Measurement at current 0.0030452261306532663
2023-03-29 09:32:30,988 INFO T:293.59Â°K V:2.2332e-01V I:3.0452e-03A R:7.3333e+01ğ›€ E:6.8925e+00V/cm J:1.3327e-01A/cm2 ğ›’:5.1718e+01ğ›€ cm
2023-03-29 09:32:31,005 INFO Measurement at current 0.0030753768844221105
2023-03-29 09:32:31,597 INFO T:293.59Â°K V:2.2544e-01V I:3.0754e-03A R:7.3306e+01ğ›€ E:6.9581e+00V/cm J:1.3459e-01A/cm2 ğ›’:5.1699e+01ğ›€ cm
2023-03-29 09:32:31,621 INFO Measurement at current 0.003105527638190955
2023-03-29 09:32:32,206 INFO T:293.59Â°K V:2.2754e-01V I:3.1055e-03A R:7.3270e+01ğ›€ E:7.0229e+00V/cm J:1.3591e-01A/cm2 ğ›’:5.1673e+01ğ›€ cm
2023-03-29 09:32:32,226 INFO Measurement at current 0.003135678391959799
2023-03-29 09:32:32,839 INFO T:293.59Â°K V:2.2962e-01V I:3.1357e-03A R:7.3229e+01ğ›€ E:7.0871e+00V/cm J:1.3723e-01A/cm2 ğ›’:5.1645e+01ğ›€ cm
2023-03-29 09:32:32,871 INFO Measurement at current 0.0031658291457286433
2023-03-29 09:32:33,456 INFO T:293.59Â°K V:2.3174e-01V I:3.1658e-03A R:7.3200e+01ğ›€ E:7.1525e+00V/cm J:1.3855e-01A/cm2 ğ›’:5.1624e+01ğ›€ cm
2023-03-29 09:32:33,472 INFO Measurement at current 0.0031959798994974876
2023-03-29 09:32:34,061 INFO T:293.59Â°K V:2.3381e-01V I:3.1960e-03A R:7.3157e+01ğ›€ E:7.2163e+00V/cm J:1.3987e-01A/cm2 ğ›’:5.1594e+01ğ›€ cm
2023-03-29 09:32:34,080 INFO Measurement at current 0.0032261306532663315
2023-03-29 09:32:34,665 INFO T:293.59Â°K V:2.3589e-01V I:3.2261e-03A R:7.3120e+01ğ›€ E:7.2807e+00V/cm J:1.4119e-01A/cm2 ğ›’:5.1567e+01ğ›€ cm
2023-03-29 09:32:34,685 INFO Measurement at current 0.0032562814070351757
2023-03-29 09:32:35,283 INFO T:293.59Â°K V:2.3800e-01V I:3.2563e-03A R:7.3090e+01ğ›€ E:7.3457e+00V/cm J:1.4251e-01A/cm2 ğ›’:5.1547e+01ğ›€ cm
2023-03-29 09:32:35,322 INFO Measurement at current 0.00328643216080402
2023-03-29 09:32:35,934 INFO T:293.59Â°K V:2.4007e-01V I:3.2864e-03A R:7.3049e+01ğ›€ E:7.4095e+00V/cm J:1.4383e-01A/cm2 ğ›’:5.1517e+01ğ›€ cm
2023-03-29 09:32:35,951 INFO Measurement at current 0.0033165829145728643
2023-03-29 09:32:36,534 INFO T:293.59Â°K V:2.4214e-01V I:3.3166e-03A R:7.3010e+01ğ›€ E:7.4735e+00V/cm J:1.4515e-01A/cm2 ğ›’:5.1490e+01ğ›€ cm
2023-03-29 09:32:36,556 INFO Measurement at current 0.0033467336683417085
2023-03-29 09:32:37,157 INFO T:293.59Â°K V:2.4421e-01V I:3.3467e-03A R:7.2969e+01ğ›€ E:7.5373e+00V/cm J:1.4647e-01A/cm2 ğ›’:5.1461e+01ğ›€ cm
2023-03-29 09:32:37,178 INFO Measurement at current 0.003376884422110553
2023-03-29 09:32:37,770 INFO T:293.59Â°K V:2.4630e-01V I:3.3769e-03A R:7.2937e+01ğ›€ E:7.6018e+00V/cm J:1.4778e-01A/cm2 ğ›’:5.1438e+01ğ›€ cm
2023-03-29 09:32:37,791 INFO Measurement at current 0.003407035175879397
2023-03-29 09:32:38,391 INFO T:293.59Â°K V:2.4837e-01V I:3.4070e-03A R:7.2898e+01ğ›€ E:7.6657e+00V/cm J:1.4910e-01A/cm2 ğ›’:5.1411e+01ğ›€ cm
2023-03-29 09:32:38,430 INFO Measurement at current 0.0034371859296482414
2023-03-29 09:32:39,020 INFO T:293.59Â°K V:2.5042e-01V I:3.4372e-03A R:7.2855e+01ğ›€ E:7.7289e+00V/cm J:1.5042e-01A/cm2 ğ›’:5.1381e+01ğ›€ cm
2023-03-29 09:32:39,057 INFO Measurement at current 0.0034673366834170856
2023-03-29 09:32:39,643 INFO T:293.59Â°K V:2.5250e-01V I:3.4673e-03A R:7.2821e+01ğ›€ E:7.7931e+00V/cm J:1.5174e-01A/cm2 ğ›’:5.1357e+01ğ›€ cm
2023-03-29 09:32:39,658 INFO Measurement at current 0.0034974874371859295
2023-03-29 09:32:40,249 INFO T:293.58Â°K V:2.5454e-01V I:3.4975e-03A R:7.2777e+01ğ›€ E:7.8561e+00V/cm J:1.5306e-01A/cm2 ğ›’:5.1326e+01ğ›€ cm
2023-03-29 09:32:40,264 INFO Measurement at current 0.0035276381909547737
2023-03-29 09:32:40,851 INFO T:293.58Â°K V:2.5659e-01V I:3.5276e-03A R:7.2738e+01ğ›€ E:7.9195e+00V/cm J:1.5438e-01A/cm2 ğ›’:5.1298e+01ğ›€ cm
2023-03-29 09:32:40,868 INFO Measurement at current 0.003557788944723618
2023-03-29 09:32:41,460 INFO T:293.58Â°K V:2.5866e-01V I:3.5578e-03A R:7.2702e+01ğ›€ E:7.9833e+00V/cm J:1.5570e-01A/cm2 ğ›’:5.1273e+01ğ›€ cm
2023-03-29 09:32:41,482 INFO Measurement at current 0.0035879396984924623
2023-03-29 09:32:42,074 INFO T:293.58Â°K V:2.6069e-01V I:3.5879e-03A R:7.2658e+01ğ›€ E:8.0461e+00V/cm J:1.5702e-01A/cm2 ğ›’:5.1242e+01ğ›€ cm
2023-03-29 09:32:42,096 INFO Measurement at current 0.0036180904522613066
2023-03-29 09:32:42,691 INFO T:293.58Â°K V:2.6274e-01V I:3.6181e-03A R:7.2617e+01ğ›€ E:8.1091e+00V/cm J:1.5834e-01A/cm2 ğ›’:5.1213e+01ğ›€ cm
2023-03-29 09:32:42,710 INFO Measurement at current 0.003648241206030151
2023-03-29 09:32:43,300 INFO T:293.58Â°K V:2.6476e-01V I:3.6482e-03A R:7.2572e+01ğ›€ E:8.1716e+00V/cm J:1.5966e-01A/cm2 ğ›’:5.1181e+01ğ›€ cm
2023-03-29 09:32:43,332 INFO Measurement at current 0.003678391959798995
2023-03-29 09:32:43,960 INFO T:293.58Â°K V:2.6681e-01V I:3.6784e-03A R:7.2535e+01ğ›€ E:8.2349e+00V/cm J:1.6098e-01A/cm2 ğ›’:5.1155e+01ğ›€ cm
2023-03-29 09:32:43,978 INFO Measurement at current 0.0037085427135678394
2023-03-29 09:32:44,585 INFO T:293.58Â°K V:2.6884e-01V I:3.7085e-03A R:7.2491e+01ğ›€ E:8.2974e+00V/cm J:1.6230e-01A/cm2 ğ›’:5.1124e+01ğ›€ cm
2023-03-29 09:32:44,606 INFO Measurement at current 0.003738693467336683
2023-03-29 09:32:45,198 INFO T:293.58Â°K V:2.7086e-01V I:3.7387e-03A R:7.2447e+01ğ›€ E:8.3598e+00V/cm J:1.6362e-01A/cm2 ğ›’:5.1093e+01ğ›€ cm
2023-03-29 09:32:45,221 INFO Measurement at current 0.0037688442211055275
2023-03-29 09:32:45,812 INFO T:293.58Â°K V:2.7291e-01V I:3.7688e-03A R:7.2411e+01ğ›€ E:8.4231e+00V/cm J:1.6494e-01A/cm2 ğ›’:5.1068e+01ğ›€ cm
2023-03-29 09:32:45,829 INFO Measurement at current 0.0037989949748743717
2023-03-29 09:32:46,418 INFO T:293.58Â°K V:2.7492e-01V I:3.7990e-03A R:7.2367e+01ğ›€ E:8.4852e+00V/cm J:1.6626e-01A/cm2 ğ›’:5.1036e+01ğ›€ cm
2023-03-29 09:32:46,434 INFO Measurement at current 0.003829145728643216
2023-03-29 09:32:47,024 INFO T:293.58Â°K V:2.7695e-01V I:3.8291e-03A R:7.2326e+01ğ›€ E:8.5477e+00V/cm J:1.6758e-01A/cm2 ğ›’:5.1008e+01ğ›€ cm
2023-03-29 09:32:47,049 INFO Measurement at current 0.0038592964824120603
2023-03-29 09:32:47,633 INFO T:293.58Â°K V:2.7898e-01V I:3.8593e-03A R:7.2288e+01ğ›€ E:8.6105e+00V/cm J:1.6890e-01A/cm2 ğ›’:5.0981e+01ğ›€ cm
2023-03-29 09:32:47,652 INFO Measurement at current 0.0038894472361809046
2023-03-29 09:32:48,241 INFO T:293.58Â°K V:2.8098e-01V I:3.8894e-03A R:7.2242e+01ğ›€ E:8.6723e+00V/cm J:1.7022e-01A/cm2 ğ›’:5.0949e+01ğ›€ cm
2023-03-29 09:32:48,261 INFO Measurement at current 0.003919597989949748
2023-03-29 09:32:48,852 INFO T:293.57Â°K V:2.8298e-01V I:3.9196e-03A R:7.2197e+01ğ›€ E:8.7340e+00V/cm J:1.7154e-01A/cm2 ğ›’:5.0916e+01ğ›€ cm
2023-03-29 09:32:48,868 INFO Measurement at current 0.003949748743718593
2023-03-29 09:32:49,455 INFO T:293.57Â°K V:2.8498e-01V I:3.9497e-03A R:7.2150e+01ğ›€ E:8.7955e+00V/cm J:1.7286e-01A/cm2 ğ›’:5.0884e+01ğ›€ cm
2023-03-29 09:32:49,493 INFO Measurement at current 0.003979899497487437
2023-03-29 09:32:50,095 INFO T:293.57Â°K V:2.8700e-01V I:3.9799e-03A R:7.2112e+01ğ›€ E:8.8579e+00V/cm J:1.7418e-01A/cm2 ğ›’:5.0857e+01ğ›€ cm
2023-03-29 09:32:50,117 INFO Measurement at current 0.004010050251256282
2023-03-29 09:32:50,721 INFO T:293.57Â°K V:2.8899e-01V I:4.0101e-03A R:7.2067e+01ğ›€ E:8.9196e+00V/cm J:1.7549e-01A/cm2 ğ›’:5.0825e+01ğ›€ cm
2023-03-29 09:32:50,751 INFO Measurement at current 0.0040402010050251255
2023-03-29 09:32:51,338 INFO T:293.57Â°K V:2.9098e-01V I:4.0402e-03A R:7.2022e+01ğ›€ E:8.9810e+00V/cm J:1.7681e-01A/cm2 ğ›’:5.0793e+01ğ›€ cm
2023-03-29 09:32:51,354 INFO Measurement at current 0.00407035175879397
2023-03-29 09:32:51,954 INFO T:293.57Â°K V:2.9300e-01V I:4.0704e-03A R:7.1984e+01ğ›€ E:9.0433e+00V/cm J:1.7813e-01A/cm2 ğ›’:5.0767e+01ğ›€ cm
2023-03-29 09:32:51,978 INFO Measurement at current 0.004100502512562814
2023-03-29 09:32:52,572 INFO T:293.57Â°K V:2.9498e-01V I:4.1005e-03A R:7.1937e+01ğ›€ E:9.1042e+00V/cm J:1.7945e-01A/cm2 ğ›’:5.0733e+01ğ›€ cm
2023-03-29 09:32:52,610 INFO Measurement at current 0.004130653266331658
2023-03-29 09:32:53,201 INFO T:293.57Â°K V:2.9697e-01V I:4.1307e-03A R:7.1893e+01ğ›€ E:9.1656e+00V/cm J:1.8077e-01A/cm2 ğ›’:5.0703e+01ğ›€ cm
2023-03-29 09:32:53,218 INFO Measurement at current 0.004160804020100503
2023-03-29 09:32:53,824 INFO T:293.57Â°K V:2.9898e-01V I:4.1608e-03A R:7.1855e+01ğ›€ E:9.2277e+00V/cm J:1.8209e-01A/cm2 ğ›’:5.0676e+01ğ›€ cm
2023-03-29 09:32:53,840 INFO Measurement at current 0.004190954773869346
2023-03-29 09:32:54,432 INFO T:293.57Â°K V:3.0095e-01V I:4.1910e-03A R:7.1809e+01ğ›€ E:9.2885e+00V/cm J:1.8341e-01A/cm2 ğ›’:5.0643e+01ğ›€ cm
2023-03-29 09:32:54,449 INFO Measurement at current 0.004221105527638191
2023-03-29 09:32:55,065 INFO T:293.57Â°K V:3.0292e-01V I:4.2211e-03A R:7.1764e+01ğ›€ E:9.3495e+00V/cm J:1.8473e-01A/cm2 ğ›’:5.0611e+01ğ›€ cm
2023-03-29 09:32:55,089 INFO Measurement at current 0.004251256281407035
2023-03-29 09:32:55,686 INFO T:293.57Â°K V:3.0491e-01V I:4.2513e-03A R:7.1722e+01ğ›€ E:9.4107e+00V/cm J:1.8605e-01A/cm2 ğ›’:5.0582e+01ğ›€ cm
2023-03-29 09:32:55,727 INFO Measurement at current 0.00428140703517588
2023-03-29 09:32:56,327 INFO T:293.57Â°K V:3.0687e-01V I:4.2814e-03A R:7.1676e+01ğ›€ E:9.4714e+00V/cm J:1.8737e-01A/cm2 ğ›’:5.0549e+01ğ›€ cm
2023-03-29 09:32:56,344 INFO Measurement at current 0.0043115577889447235
2023-03-29 09:32:56,943 INFO T:293.57Â°K V:3.0884e-01V I:4.3116e-03A R:7.1631e+01ğ›€ E:9.5321e+00V/cm J:1.8869e-01A/cm2 ğ›’:5.0517e+01ğ›€ cm
2023-03-29 09:32:56,962 INFO Measurement at current 0.004341708542713568
2023-03-29 09:32:57,560 INFO T:293.57Â°K V:3.1079e-01V I:4.3417e-03A R:7.1581e+01ğ›€ E:9.5921e+00V/cm J:1.9001e-01A/cm2 ğ›’:5.0482e+01ğ›€ cm
2023-03-29 09:32:57,577 INFO Measurement at current 0.004371859296482412
2023-03-29 09:32:58,166 INFO T:293.56Â°K V:3.1276e-01V I:4.3719e-03A R:7.1540e+01ğ›€ E:9.6532e+00V/cm J:1.9133e-01A/cm2 ğ›’:5.0453e+01ğ›€ cm
2023-03-29 09:32:58,182 INFO Measurement at current 0.004402010050251256
2023-03-29 09:32:58,771 INFO T:293.56Â°K V:3.1471e-01V I:4.4020e-03A R:7.1493e+01ğ›€ E:9.7133e+00V/cm J:1.9265e-01A/cm2 ğ›’:5.0420e+01ğ›€ cm
2023-03-29 09:32:58,803 INFO Measurement at current 0.004432160804020101
2023-03-29 09:32:59,400 INFO T:293.56Â°K V:3.1667e-01V I:4.4322e-03A R:7.1448e+01ğ›€ E:9.7738e+00V/cm J:1.9397e-01A/cm2 ğ›’:5.0389e+01ğ›€ cm
2023-03-29 09:32:59,423 INFO Measurement at current 0.004462311557788944
2023-03-29 09:33:00,017 INFO T:293.56Â°K V:3.1864e-01V I:4.4623e-03A R:7.1407e+01ğ›€ E:9.8346e+00V/cm J:1.9529e-01A/cm2 ğ›’:5.0359e+01ğ›€ cm
2023-03-29 09:33:00,064 INFO Measurement at current 0.004492462311557789
2023-03-29 09:33:00,668 INFO T:293.56Â°K V:3.2058e-01V I:4.4925e-03A R:7.1359e+01ğ›€ E:9.8944e+00V/cm J:1.9661e-01A/cm2 ğ›’:5.0326e+01ğ›€ cm
2023-03-29 09:33:00,700 INFO Measurement at current 0.004522613065326633
2023-03-29 09:33:01,300 INFO T:293.56Â°K V:3.2251e-01V I:4.5226e-03A R:7.1312e+01ğ›€ E:9.9542e+00V/cm J:1.9793e-01A/cm2 ğ›’:5.0292e+01ğ›€ cm
2023-03-29 09:33:01,315 INFO Measurement at current 0.004552763819095478
2023-03-29 09:33:01,914 INFO T:293.56Â°K V:3.2447e-01V I:4.5528e-03A R:7.1270e+01ğ›€ E:1.0015e+01V/cm J:1.9925e-01A/cm2 ğ›’:5.0263e+01ğ›€ cm
2023-03-29 09:33:01,934 INFO Measurement at current 0.0045829145728643215
2023-03-29 09:33:02,519 INFO T:293.56Â°K V:3.2640e-01V I:4.5829e-03A R:7.1220e+01ğ›€ E:1.0074e+01V/cm J:2.0057e-01A/cm2 ğ›’:5.0228e+01ğ›€ cm
2023-03-29 09:33:02,540 INFO Measurement at current 0.004613065326633166
2023-03-29 09:33:03,126 INFO T:293.56Â°K V:3.2832e-01V I:4.6131e-03A R:7.1171e+01ğ›€ E:1.0133e+01V/cm J:2.0188e-01A/cm2 ğ›’:5.0193e+01ğ›€ cm
2023-03-29 09:33:03,142 INFO Measurement at current 0.00464321608040201
2023-03-29 09:33:03,727 INFO T:293.56Â°K V:3.3024e-01V I:4.6432e-03A R:7.1122e+01ğ›€ E:1.0192e+01V/cm J:2.0320e-01A/cm2 ğ›’:5.0159e+01ğ›€ cm
2023-03-29 09:33:03,743 INFO Measurement at current 0.004673366834170854
2023-03-29 09:33:04,327 INFO T:293.56Â°K V:3.3218e-01V I:4.6734e-03A R:7.1079e+01ğ›€ E:1.0252e+01V/cm J:2.0452e-01A/cm2 ğ›’:5.0128e+01ğ›€ cm
2023-03-29 09:33:04,343 INFO Measurement at current 0.004703517587939699
2023-03-29 09:33:04,945 INFO T:293.56Â°K V:3.3409e-01V I:4.7035e-03A R:7.1030e+01ğ›€ E:1.0311e+01V/cm J:2.0584e-01A/cm2 ğ›’:5.0093e+01ğ›€ cm
2023-03-29 09:33:04,972 INFO Measurement at current 0.0047336683417085424
2023-03-29 09:33:05,563 INFO T:293.56Â°K V:3.3600e-01V I:4.7337e-03A R:7.0980e+01ğ›€ E:1.0370e+01V/cm J:2.0716e-01A/cm2 ğ›’:5.0058e+01ğ›€ cm
2023-03-29 09:33:05,582 INFO Measurement at current 0.004763819095477387
2023-03-29 09:33:06,170 INFO T:293.56Â°K V:3.3793e-01V I:4.7638e-03A R:7.0936e+01ğ›€ E:1.0430e+01V/cm J:2.0848e-01A/cm2 ğ›’:5.0027e+01ğ›€ cm
2023-03-29 09:33:06,190 INFO Measurement at current 0.004793969849246231
2023-03-29 09:33:06,782 INFO T:293.55Â°K V:3.3982e-01V I:4.7940e-03A R:7.0885e+01ğ›€ E:1.0488e+01V/cm J:2.0980e-01A/cm2 ğ›’:4.9992e+01ğ›€ cm
2023-03-29 09:33:06,799 INFO Measurement at current 0.004824120603015076
2023-03-29 09:33:07,393 INFO T:293.55Â°K V:3.4172e-01V I:4.8241e-03A R:7.0836e+01ğ›€ E:1.0547e+01V/cm J:2.1112e-01A/cm2 ğ›’:4.9957e+01ğ›€ cm
2023-03-29 09:33:07,420 INFO Measurement at current 0.0048542713567839195
2023-03-29 09:33:08,017 INFO T:293.55Â°K V:3.4365e-01V I:4.8543e-03A R:7.0792e+01ğ›€ E:1.0606e+01V/cm J:2.1244e-01A/cm2 ğ›’:4.9926e+01ğ›€ cm
2023-03-29 09:33:08,047 INFO Measurement at current 0.004884422110552764
2023-03-29 09:33:08,640 INFO T:293.55Â°K V:3.4554e-01V I:4.8844e-03A R:7.0743e+01ğ›€ E:1.0665e+01V/cm J:2.1376e-01A/cm2 ğ›’:4.9892e+01ğ›€ cm
2023-03-29 09:33:08,666 INFO Measurement at current 0.004914572864321608
2023-03-29 09:33:09,270 INFO T:293.55Â°K V:3.4742e-01V I:4.9146e-03A R:7.0692e+01ğ›€ E:1.0723e+01V/cm J:2.1508e-01A/cm2 ğ›’:4.9855e+01ğ›€ cm
2023-03-29 09:33:09,293 INFO Measurement at current 0.004944723618090452
2023-03-29 09:33:09,897 INFO T:293.55Â°K V:3.4929e-01V I:4.9447e-03A R:7.0639e+01ğ›€ E:1.0781e+01V/cm J:2.1640e-01A/cm2 ğ›’:4.9818e+01ğ›€ cm
2023-03-29 09:33:09,920 INFO Measurement at current 0.004974874371859297
2023-03-29 09:33:10,509 INFO T:293.55Â°K V:3.5120e-01V I:4.9749e-03A R:7.0594e+01ğ›€ E:1.0839e+01V/cm J:2.1772e-01A/cm2 ğ›’:4.9786e+01ğ›€ cm
2023-03-29 09:33:10,545 INFO Measurement at current 0.0050050251256281405
2023-03-29 09:33:11,143 INFO T:293.55Â°K V:3.5306e-01V I:5.0050e-03A R:7.0542e+01ğ›€ E:1.0897e+01V/cm J:2.1904e-01A/cm2 ğ›’:4.9750e+01ğ›€ cm
2023-03-29 09:33:11,177 INFO Measurement at current 0.005035175879396985
2023-03-29 09:33:11,773 INFO T:293.55Â°K V:3.5495e-01V I:5.0352e-03A R:7.0493e+01ğ›€ E:1.0955e+01V/cm J:2.2036e-01A/cm2 ğ›’:4.9715e+01ğ›€ cm
2023-03-29 09:33:11,797 INFO Measurement at current 0.005065326633165829
2023-03-29 09:33:12,393 INFO T:293.55Â°K V:3.5684e-01V I:5.0653e-03A R:7.0447e+01ğ›€ E:1.1014e+01V/cm J:2.2168e-01A/cm2 ğ›’:4.9683e+01ğ›€ cm
2023-03-29 09:33:12,421 INFO Measurement at current 0.005095477386934674
2023-03-29 09:33:13,021 INFO T:293.55Â°K V:3.5869e-01V I:5.0955e-03A R:7.0393e+01ğ›€ E:1.1071e+01V/cm J:2.2300e-01A/cm2 ğ›’:4.9644e+01ğ›€ cm
2023-03-29 09:33:13,050 INFO Measurement at current 0.0051256281407035175
2023-03-29 09:33:13,640 INFO T:293.55Â°K V:3.6056e-01V I:5.1256e-03A R:7.0345e+01ğ›€ E:1.1128e+01V/cm J:2.2432e-01A/cm2 ğ›’:4.9610e+01ğ›€ cm
2023-03-29 09:33:13,657 INFO Measurement at current 0.005155778894472361
2023-03-29 09:33:14,245 INFO T:293.55Â°K V:3.6244e-01V I:5.1558e-03A R:7.0297e+01ğ›€ E:1.1186e+01V/cm J:2.2564e-01A/cm2 ğ›’:4.9577e+01ğ›€ cm
2023-03-29 09:33:14,262 INFO Measurement at current 0.005185929648241206
2023-03-29 09:33:14,849 INFO T:293.55Â°K V:3.6427e-01V I:5.1859e-03A R:7.0241e+01ğ›€ E:1.1243e+01V/cm J:2.2696e-01A/cm2 ğ›’:4.9537e+01ğ›€ cm
2023-03-29 09:33:14,868 INFO Measurement at current 0.00521608040201005
2023-03-29 09:33:15,459 INFO T:293.55Â°K V:3.6613e-01V I:5.2161e-03A R:7.0193e+01ğ›€ E:1.1300e+01V/cm J:2.2827e-01A/cm2 ğ›’:4.9503e+01ğ›€ cm
2023-03-29 09:33:15,476 INFO Measurement at current 0.005246231155778895
2023-03-29 09:33:16,065 INFO T:293.54Â°K V:3.6797e-01V I:5.2462e-03A R:7.0140e+01ğ›€ E:1.1357e+01V/cm J:2.2959e-01A/cm2 ğ›’:4.9466e+01ğ›€ cm
2023-03-29 09:33:16,082 INFO Measurement at current 0.0052763819095477385
2023-03-29 09:33:16,677 INFO T:293.54Â°K V:3.6985e-01V I:5.2764e-03A R:7.0095e+01ğ›€ E:1.1415e+01V/cm J:2.3091e-01A/cm2 ğ›’:4.9434e+01ğ›€ cm
2023-03-29 09:33:16,696 INFO Measurement at current 0.005306532663316583
2023-03-29 09:33:17,291 INFO T:293.54Â°K V:3.7168e-01V I:5.3065e-03A R:7.0042e+01ğ›€ E:1.1472e+01V/cm J:2.3223e-01A/cm2 ğ›’:4.9397e+01ğ›€ cm
2023-03-29 09:33:17,322 INFO Measurement at current 0.005336683417085427
2023-03-29 09:33:17,930 INFO T:293.54Â°K V:3.7352e-01V I:5.3367e-03A R:6.9990e+01ğ›€ E:1.1528e+01V/cm J:2.3355e-01A/cm2 ğ›’:4.9360e+01ğ›€ cm
2023-03-29 09:33:17,955 INFO Measurement at current 0.005366834170854272
2023-03-29 09:33:18,553 INFO T:293.54Â°K V:3.7537e-01V I:5.3668e-03A R:6.9942e+01ğ›€ E:1.1585e+01V/cm J:2.3487e-01A/cm2 ğ›’:4.9326e+01ğ›€ cm
2023-03-29 09:33:18,568 INFO Measurement at current 0.0053969849246231156
2023-03-29 09:33:19,156 INFO T:293.54Â°K V:3.7721e-01V I:5.3970e-03A R:6.9892e+01ğ›€ E:1.1642e+01V/cm J:2.3619e-01A/cm2 ğ›’:4.9291e+01ğ›€ cm
2023-03-29 09:33:19,171 INFO Measurement at current 0.005427135678391959
2023-03-29 09:33:19,759 INFO T:293.54Â°K V:3.7902e-01V I:5.4271e-03A R:6.9838e+01ğ›€ E:1.1698e+01V/cm J:2.3751e-01A/cm2 ğ›’:4.9253e+01ğ›€ cm
2023-03-29 09:33:19,791 INFO Measurement at current 0.005457286432160804
2023-03-29 09:33:20,388 INFO T:293.54Â°K V:3.8086e-01V I:5.4573e-03A R:6.9790e+01ğ›€ E:1.1755e+01V/cm J:2.3883e-01A/cm2 ğ›’:4.9219e+01ğ›€ cm
2023-03-29 09:33:20,416 INFO Measurement at current 0.005487437185929648
2023-03-29 09:33:21,009 INFO T:293.54Â°K V:3.8267e-01V I:5.4874e-03A R:6.9736e+01ğ›€ E:1.1811e+01V/cm J:2.4015e-01A/cm2 ğ›’:4.9181e+01ğ›€ cm
2023-03-29 09:33:21,028 INFO Measurement at current 0.005517587939698493
2023-03-29 09:33:21,617 INFO T:293.54Â°K V:3.8450e-01V I:5.5176e-03A R:6.9686e+01ğ›€ E:1.1867e+01V/cm J:2.4147e-01A/cm2 ğ›’:4.9146e+01ğ›€ cm
2023-03-29 09:33:21,644 INFO Measurement at current 0.0055477386934673365
2023-03-29 09:33:22,241 INFO T:293.54Â°K V:3.8630e-01V I:5.5477e-03A R:6.9632e+01ğ›€ E:1.1923e+01V/cm J:2.4279e-01A/cm2 ğ›’:4.9107e+01ğ›€ cm
2023-03-29 09:33:22,260 INFO Measurement at current 0.005577889447236181
2023-03-29 09:33:22,849 INFO T:293.54Â°K V:3.8813e-01V I:5.5779e-03A R:6.9584e+01ğ›€ E:1.1979e+01V/cm J:2.4411e-01A/cm2 ğ›’:4.9074e+01ğ›€ cm
2023-03-29 09:33:22,867 INFO Measurement at current 0.005608040201005025
2023-03-29 09:33:23,455 INFO T:293.54Â°K V:3.8993e-01V I:5.6080e-03A R:6.9530e+01ğ›€ E:1.2035e+01V/cm J:2.4543e-01A/cm2 ğ›’:4.9036e+01ğ›€ cm
2023-03-29 09:33:23,473 INFO Measurement at current 0.00563819095477387
2023-03-29 09:33:24,067 INFO T:293.54Â°K V:3.9173e-01V I:5.6382e-03A R:6.9477e+01ğ›€ E:1.2090e+01V/cm J:2.4675e-01A/cm2 ğ›’:4.8999e+01ğ›€ cm
2023-03-29 09:33:24,099 INFO Measurement at current 0.005668341708542714
2023-03-29 09:33:24,691 INFO T:293.54Â°K V:3.9351e-01V I:5.6683e-03A R:6.9423e+01ğ›€ E:1.2145e+01V/cm J:2.4807e-01A/cm2 ğ›’:4.8960e+01ğ›€ cm
2023-03-29 09:33:24,712 INFO Measurement at current 0.005698492462311557
2023-03-29 09:33:25,299 INFO T:293.53Â°K V:3.9529e-01V I:5.6985e-03A R:6.9367e+01ğ›€ E:1.2200e+01V/cm J:2.4939e-01A/cm2 ğ›’:4.8921e+01ğ›€ cm
2023-03-29 09:33:25,327 INFO Measurement at current 0.005728643216080402
2023-03-29 09:33:25,916 INFO T:293.53Â°K V:3.9708e-01V I:5.7286e-03A R:6.9315e+01ğ›€ E:1.2256e+01V/cm J:2.5071e-01A/cm2 ğ›’:4.8884e+01ğ›€ cm
2023-03-29 09:33:25,940 INFO Measurement at current 0.005758793969849246
2023-03-29 09:33:26,539 INFO T:293.53Â°K V:3.9888e-01V I:5.7588e-03A R:6.9265e+01ğ›€ E:1.2311e+01V/cm J:2.5203e-01A/cm2 ğ›’:4.8849e+01ğ›€ cm
2023-03-29 09:33:26,569 INFO Measurement at current 0.005788944723618091
2023-03-29 09:33:27,155 INFO T:293.53Â°K V:4.0066e-01V I:5.7889e-03A R:6.9211e+01ğ›€ E:1.2366e+01V/cm J:2.5335e-01A/cm2 ğ›’:4.8811e+01ğ›€ cm
2023-03-29 09:33:27,172 INFO Measurement at current 0.0058190954773869345
2023-03-29 09:33:27,762 INFO T:293.53Â°K V:4.0245e-01V I:5.8191e-03A R:6.9160e+01ğ›€ E:1.2421e+01V/cm J:2.5467e-01A/cm2 ğ›’:4.8775e+01ğ›€ cm
2023-03-29 09:33:27,776 INFO Measurement at current 0.005849246231155779
2023-03-29 09:33:28,361 INFO T:293.53Â°K V:4.0421e-01V I:5.8492e-03A R:6.9105e+01ğ›€ E:1.2476e+01V/cm J:2.5598e-01A/cm2 ğ›’:4.8736e+01ğ›€ cm
2023-03-29 09:33:28,379 INFO Measurement at current 0.005879396984924623
2023-03-29 09:33:28,968 INFO T:293.53Â°K V:4.0600e-01V I:5.8794e-03A R:6.9055e+01ğ›€ E:1.2531e+01V/cm J:2.5730e-01A/cm2 ğ›’:4.8701e+01ğ›€ cm
2023-03-29 09:33:28,994 INFO Measurement at current 0.005909547738693468
2023-03-29 09:33:29,650 INFO T:293.53Â°K V:4.0775e-01V I:5.9095e-03A R:6.8999e+01ğ›€ E:1.2585e+01V/cm J:2.5862e-01A/cm2 ğ›’:4.8661e+01ğ›€ cm
2023-03-29 09:33:29,677 INFO Measurement at current 0.005939698492462312
2023-03-29 09:33:30,280 INFO T:293.53Â°K V:4.0952e-01V I:5.9397e-03A R:6.8946e+01ğ›€ E:1.2640e+01V/cm J:2.5994e-01A/cm2 ğ›’:4.8624e+01ğ›€ cm
2023-03-29 09:33:30,301 INFO Measurement at current 0.005969849246231155
2023-03-29 09:33:30,894 INFO T:293.53Â°K V:4.1130e-01V I:5.9698e-03A R:6.8897e+01ğ›€ E:1.2695e+01V/cm J:2.6126e-01A/cm2 ğ›’:4.8589e+01ğ›€ cm
2023-03-29 09:33:30,911 INFO Measurement at current 0.006
2023-03-29 09:33:31,503 INFO T:293.53Â°K V:4.1303e-01V I:6.0000e-03A R:6.8838e+01ğ›€ E:1.2748e+01V/cm J:2.6258e-01A/cm2 ğ›’:4.8548e+01ğ›€ cm
2023-03-29 09:33:39,270 INFO Save the description file
2023-03-29 09:33:39,280 INFO Save data in numpy format Esperimenti/CPRO_MUSA_290323_I_V/CPRO_MUSA_290323_I_V_current_from_0_to_60e-4A/CPRO_MUSA_290323_I_V_current_from_0_to_60e-4A-20230329093337
2023-03-29 09:33:39,299 INFO Save data in CSV format Esperimenti/CPRO_MUSA_290323_I_V/CPRO_MUSA_290323_I_V_current_from_0_to_60e-4A/CPRO_MUSA_290323_I_V_current_from_0_to_60e-4A-20230329093337.csv
2023-03-29 09:33:39,332 INFO Save plot as image Esperimenti/CPRO_MUSA_290323_I_V/CPRO_MUSA_290323_I_V_current_from_0_to_60e-4A/CPRO_MUSA_290323_I_V_current_from_0_to_60e-4A-20230329093337.png
