2023-05-18 12:18:55,429 INFO ### Start experiment: CPRO_MUSA_180523_I_V current from 0 to 250e-4A ###
2023-05-18 12:18:56,777 INFO Found Multimeter KEITHLEY INSTRUMENTS INC.,MODEL 2700,0884890,B03  /A02  

2023-05-18 12:18:57,806 INFO Found Nanovolt Meter KEITHLEY INSTRUMENTS INC.,MODEL 2182A,4056474,C03  /A02  

2023-05-18 12:18:57,919 INFO Found Source Meter KEITHLEY INSTRUMENTS INC.,MODEL 2400,0945684,C24   Feb 14 2002 11:59:45/A02  /K/H

2023-05-18 12:18:58,041 INFO Start the measurement loop
2023-05-18 12:19:07,319 INFO Measurement at current 0.0
2023-05-18 12:19:08,239 INFO T:80.63Â°K V:-4.7039e-07V I:0.0000e+00A R:-infğ›€ E:-7.3499e-06V/cm J:0.0000e+00A/cm2 ğ›’:-infğ›€ cm
2023-05-18 12:19:08,254 INFO Measurement at current 0.0001256281407035176
2023-05-18 12:19:09,488 INFO T:80.63Â°K V:6.3670e-01V I:1.2563e-04A R:5.0681e+03ğ›€ E:9.9484e+00V/cm J:1.1526e-03A/cm2 ğ›’:8.6316e+03ğ›€ cm
2023-05-18 12:19:09,511 INFO Measurement at current 0.0002512562814070352
2023-05-18 12:19:10,840 INFO T:80.63Â°K V:1.2652e+00V I:2.5126e-04A R:5.0355e+03ğ›€ E:1.9769e+01V/cm J:2.3051e-03A/cm2 ğ›’:8.5760e+03ğ›€ cm
2023-05-18 12:19:10,859 INFO Measurement at current 0.0003768844221105528
2023-05-18 12:19:11,462 INFO T:80.64Â°K V:1.8889e+00V I:3.7688e-04A R:5.0119e+03ğ›€ E:2.9514e+01V/cm J:3.4577e-03A/cm2 ğ›’:8.5360e+03ğ›€ cm
2023-05-18 12:19:11,485 INFO Measurement at current 0.0005025125628140704
2023-05-18 12:19:12,086 INFO T:80.63Â°K V:2.5034e+00V I:5.0251e-04A R:4.9818e+03ğ›€ E:3.9116e+01V/cm J:4.6102e-03A/cm2 ğ›’:8.4846e+03ğ›€ cm
2023-05-18 12:19:12,102 INFO Measurement at current 0.0006281407035175881
2023-05-18 12:19:12,704 INFO T:80.64Â°K V:3.1060e+00V I:6.2814e-04A R:4.9448e+03ğ›€ E:4.8531e+01V/cm J:5.7628e-03A/cm2 ğ›’:8.4216e+03ğ›€ cm
2023-05-18 12:19:12,722 INFO Measurement at current 0.0007537688442211056
2023-05-18 12:19:13,314 INFO T:80.64Â°K V:3.6930e+00V I:7.5377e-04A R:4.8994e+03ğ›€ E:5.7703e+01V/cm J:6.9153e-03A/cm2 ğ›’:8.3442e+03ğ›€ cm
2023-05-18 12:19:13,334 INFO Measurement at current 0.0008793969849246232
2023-05-18 12:19:13,931 INFO T:80.64Â°K V:4.2616e+00V I:8.7940e-04A R:4.8461e+03ğ›€ E:6.6588e+01V/cm J:8.0679e-03A/cm2 ğ›’:8.2534e+03ğ›€ cm
2023-05-18 12:19:13,946 INFO Measurement at current 0.0010050251256281408
2023-05-18 12:19:14,554 INFO T:80.65Â°K V:4.8073e+00V I:1.0050e-03A R:4.7833e+03ğ›€ E:7.5114e+01V/cm J:9.2204e-03A/cm2 ğ›’:8.1465e+03ğ›€ cm
2023-05-18 12:19:14,577 INFO Measurement at current 0.0011306532663316585
2023-05-18 12:19:15,180 INFO T:80.65Â°K V:5.3225e+00V I:1.1307e-03A R:4.7075e+03ğ›€ E:8.3164e+01V/cm J:1.0373e-02A/cm2 ğ›’:8.0174e+03ğ›€ cm
2023-05-18 12:19:15,216 INFO Measurement at current 0.0012562814070351761
2023-05-18 12:19:15,816 INFO T:80.65Â°K V:5.8085e+00V I:1.2563e-03A R:4.6236e+03ğ›€ E:9.0758e+01V/cm J:1.1526e-02A/cm2 ğ›’:7.8746e+03ğ›€ cm
2023-05-18 12:19:15,834 INFO Measurement at current 0.0013819095477386936
2023-05-18 12:19:16,420 INFO T:80.65Â°K V:6.2638e+00V I:1.3819e-03A R:4.5327e+03ğ›€ E:9.7871e+01V/cm J:1.2678e-02A/cm2 ğ›’:7.7197e+03ğ›€ cm
2023-05-18 12:19:16,434 INFO Measurement at current 0.0015075376884422112
2023-05-18 12:19:17,019 INFO T:80.66Â°K V:6.6887e+00V I:1.5075e-03A R:4.4368e+03ğ›€ E:1.0451e+02V/cm J:1.3831e-02A/cm2 ğ›’:7.5565e+03ğ›€ cm
2023-05-18 12:19:17,035 INFO Measurement at current 0.0016331658291457289
2023-05-18 12:19:17,626 INFO T:80.65Â°K V:7.0752e+00V I:1.6332e-03A R:4.3322e+03ğ›€ E:1.1055e+02V/cm J:1.4983e-02A/cm2 ğ›’:7.3783e+03ğ›€ cm
2023-05-18 12:19:17,650 INFO Measurement at current 0.0017587939698492463
2023-05-18 12:19:18,257 INFO T:80.66Â°K V:7.4261e+00V I:1.7588e-03A R:4.2223e+03ğ›€ E:1.1603e+02V/cm J:1.6136e-02A/cm2 ğ›’:7.1910e+03ğ›€ cm
2023-05-18 12:19:18,278 INFO Measurement at current 0.001884422110552764
2023-05-18 12:19:18,883 INFO T:80.66Â°K V:7.7353e+00V I:1.8844e-03A R:4.1048e+03ğ›€ E:1.2086e+02V/cm J:1.7288e-02A/cm2 ğ›’:6.9911e+03ğ›€ cm
2023-05-18 12:19:18,899 INFO Measurement at current 0.0020100502512562816
2023-05-18 12:19:19,485 INFO T:80.67Â°K V:8.0146e+00V I:2.0101e-03A R:3.9872e+03ğ›€ E:1.2523e+02V/cm J:1.8441e-02A/cm2 ğ›’:6.7908e+03ğ›€ cm
2023-05-18 12:19:19,507 INFO Measurement at current 0.002135678391959799
2023-05-18 12:19:20,121 INFO T:80.67Â°K V:8.2645e+00V I:2.1357e-03A R:3.8697e+03ğ›€ E:1.2913e+02V/cm J:1.9593e-02A/cm2 ğ›’:6.5906e+03ğ›€ cm
2023-05-18 12:19:20,147 INFO Measurement at current 0.002261306532663317
2023-05-18 12:19:20,752 INFO T:80.67Â°K V:8.4710e+00V I:2.2613e-03A R:3.7461e+03ğ›€ E:1.3236e+02V/cm J:2.0746e-02A/cm2 ğ›’:6.3800e+03ğ›€ cm
2023-05-18 12:19:20,782 INFO Measurement at current 0.0023869346733668344
2023-05-18 12:19:21,384 INFO T:80.67Â°K V:8.6471e+00V I:2.3869e-03A R:3.6227e+03ğ›€ E:1.3511e+02V/cm J:2.1898e-02A/cm2 ğ›’:6.1698e+03ğ›€ cm
2023-05-18 12:19:21,401 INFO Measurement at current 0.0025125628140703522
2023-05-18 12:19:21,987 INFO T:80.68Â°K V:8.8007e+00V I:2.5126e-03A R:3.5027e+03ğ›€ E:1.3751e+02V/cm J:2.3051e-02A/cm2 ğ›’:5.9655e+03ğ›€ cm
2023-05-18 12:19:22,011 INFO Measurement at current 0.0026381909547738697
2023-05-18 12:19:22,602 INFO T:80.68Â°K V:8.9317e+00V I:2.6382e-03A R:3.3855e+03ğ›€ E:1.3956e+02V/cm J:2.4204e-02A/cm2 ğ›’:5.7660e+03ğ›€ cm
2023-05-18 12:19:22,623 INFO Measurement at current 0.002763819095477387
2023-05-18 12:19:23,212 INFO T:80.68Â°K V:9.0457e+00V I:2.7638e-03A R:3.2729e+03ğ›€ E:1.4134e+02V/cm J:2.5356e-02A/cm2 ğ›’:5.5741e+03ğ›€ cm
2023-05-18 12:19:23,235 INFO Measurement at current 0.002889447236180905
2023-05-18 12:19:23,838 INFO T:80.67Â°K V:9.1334e+00V I:2.8894e-03A R:3.1610e+03ğ›€ E:1.4271e+02V/cm J:2.6509e-02A/cm2 ğ›’:5.3835e+03ğ›€ cm
2023-05-18 12:19:23,856 INFO Measurement at current 0.0030150753768844224
2023-05-18 12:19:24,464 INFO T:80.68Â°K V:9.2051e+00V I:3.0151e-03A R:3.0530e+03ğ›€ E:1.4383e+02V/cm J:2.7661e-02A/cm2 ğ›’:5.1997e+03ğ›€ cm
2023-05-18 12:19:24,486 INFO Measurement at current 0.00314070351758794
2023-05-18 12:19:25,091 INFO T:80.69Â°K V:9.2537e+00V I:3.1407e-03A R:2.9464e+03ğ›€ E:1.4459e+02V/cm J:2.8814e-02A/cm2 ğ›’:5.0181e+03ğ›€ cm
2023-05-18 12:19:25,110 INFO Measurement at current 0.0032663316582914577
2023-05-18 12:19:25,718 INFO T:80.70Â°K V:9.2948e+00V I:3.2663e-03A R:2.8456e+03ğ›€ E:1.4523e+02V/cm J:2.9966e-02A/cm2 ğ›’:4.8465e+03ğ›€ cm
2023-05-18 12:19:25,741 INFO Measurement at current 0.003391959798994975
2023-05-18 12:19:26,342 INFO T:80.69Â°K V:9.3152e+00V I:3.3920e-03A R:2.7463e+03ğ›€ E:1.4555e+02V/cm J:3.1119e-02A/cm2 ğ›’:4.6772e+03ğ›€ cm
2023-05-18 12:19:26,364 INFO Measurement at current 0.0035175879396984926
2023-05-18 12:19:26,961 INFO T:80.70Â°K V:9.3317e+00V I:3.5176e-03A R:2.6529e+03ğ›€ E:1.4581e+02V/cm J:3.2271e-02A/cm2 ğ›’:4.5182e+03ğ›€ cm
2023-05-18 12:19:26,996 INFO Measurement at current 0.0036432160804020105
2023-05-18 12:19:27,600 INFO T:80.69Â°K V:9.3354e+00V I:3.6432e-03A R:2.5624e+03ğ›€ E:1.4587e+02V/cm J:3.3424e-02A/cm2 ğ›’:4.3641e+03ğ›€ cm
2023-05-18 12:19:27,620 INFO Measurement at current 0.003768844221105528
2023-05-18 12:19:28,214 INFO T:80.71Â°K V:9.3344e+00V I:3.7688e-03A R:2.4767e+03ğ›€ E:1.4585e+02V/cm J:3.4577e-02A/cm2 ğ›’:4.2182e+03ğ›€ cm
2023-05-18 12:19:28,229 INFO Measurement at current 0.0038944723618090458
2023-05-18 12:19:28,828 INFO T:80.69Â°K V:9.3262e+00V I:3.8945e-03A R:2.3947e+03ğ›€ E:1.4572e+02V/cm J:3.5729e-02A/cm2 ğ›’:4.0785e+03ğ›€ cm
2023-05-18 12:19:28,851 INFO Measurement at current 0.004020100502512563
2023-05-18 12:19:29,453 INFO T:80.71Â°K V:9.3138e+00V I:4.0201e-03A R:2.3168e+03ğ›€ E:1.4553e+02V/cm J:3.6882e-02A/cm2 ğ›’:3.9458e+03ğ›€ cm
2023-05-18 12:19:29,476 INFO Measurement at current 0.004145728643216081
2023-05-18 12:19:30,076 INFO T:80.71Â°K V:9.2941e+00V I:4.1457e-03A R:2.2419e+03ğ›€ E:1.4522e+02V/cm J:3.8034e-02A/cm2 ğ›’:3.8182e+03ğ›€ cm
2023-05-18 12:19:30,093 INFO Measurement at current 0.004271356783919598
2023-05-18 12:19:30,688 INFO T:80.71Â°K V:9.2790e+00V I:4.2714e-03A R:2.1724e+03ğ›€ E:1.4498e+02V/cm J:3.9187e-02A/cm2 ğ›’:3.6998e+03ğ›€ cm
2023-05-18 12:19:30,713 INFO Measurement at current 0.004396984924623116
2023-05-18 12:19:31,322 INFO T:80.72Â°K V:9.2532e+00V I:4.3970e-03A R:2.1044e+03ğ›€ E:1.4458e+02V/cm J:4.0339e-02A/cm2 ğ›’:3.5841e+03ğ›€ cm
2023-05-18 12:19:31,352 INFO Measurement at current 0.004522613065326634
2023-05-18 12:19:31,949 INFO T:80.71Â°K V:9.2148e+00V I:4.5226e-03A R:2.0375e+03ğ›€ E:1.4398e+02V/cm J:4.1492e-02A/cm2 ğ›’:3.4701e+03ğ›€ cm
2023-05-18 12:19:31,971 INFO Measurement at current 0.004648241206030151
2023-05-18 12:19:32,562 INFO T:80.72Â°K V:9.1887e+00V I:4.6482e-03A R:1.9768e+03ğ›€ E:1.4357e+02V/cm J:4.2644e-02A/cm2 ğ›’:3.3668e+03ğ›€ cm
2023-05-18 12:19:32,585 INFO Measurement at current 0.004773869346733669
2023-05-18 12:19:33,186 INFO T:80.72Â°K V:9.1608e+00V I:4.7739e-03A R:1.9190e+03ğ›€ E:1.4314e+02V/cm J:4.3797e-02A/cm2 ğ›’:3.2682e+03ğ›€ cm
2023-05-18 12:19:33,204 INFO Measurement at current 0.004899497487437186
2023-05-18 12:19:33,797 INFO T:80.73Â°K V:9.1290e+00V I:4.8995e-03A R:1.8633e+03ğ›€ E:1.4264e+02V/cm J:4.4950e-02A/cm2 ğ›’:3.1734e+03ğ›€ cm
2023-05-18 12:19:33,827 INFO Measurement at current 0.0050251256281407045
2023-05-18 12:19:34,417 INFO T:80.73Â°K V:9.0915e+00V I:5.0251e-03A R:1.8092e+03ğ›€ E:1.4205e+02V/cm J:4.6102e-02A/cm2 ğ›’:3.0813e+03ğ›€ cm
2023-05-18 12:19:34,433 INFO Measurement at current 0.005150753768844222
2023-05-18 12:19:35,023 INFO T:80.73Â°K V:9.0553e+00V I:5.1508e-03A R:1.7580e+03ğ›€ E:1.4149e+02V/cm J:4.7255e-02A/cm2 ğ›’:2.9942e+03ğ›€ cm
2023-05-18 12:19:35,054 INFO Measurement at current 0.005276381909547739
2023-05-18 12:19:35,642 INFO T:80.73Â°K V:9.0213e+00V I:5.2764e-03A R:1.7097e+03ğ›€ E:1.4096e+02V/cm J:4.8407e-02A/cm2 ğ›’:2.9119e+03ğ›€ cm
2023-05-18 12:19:35,668 INFO Measurement at current 0.005402010050251257
2023-05-18 12:19:36,273 INFO T:80.74Â°K V:8.9823e+00V I:5.4020e-03A R:1.6628e+03ğ›€ E:1.4035e+02V/cm J:4.9560e-02A/cm2 ğ›’:2.8319e+03ğ›€ cm
2023-05-18 12:19:36,300 INFO Measurement at current 0.005527638190954774
2023-05-18 12:19:36,904 INFO T:80.74Â°K V:8.9414e+00V I:5.5276e-03A R:1.6176e+03ğ›€ E:1.3971e+02V/cm J:5.0712e-02A/cm2 ğ›’:2.7550e+03ğ›€ cm
2023-05-18 12:19:36,924 INFO Measurement at current 0.005653266331658292
2023-05-18 12:19:37,514 INFO T:80.75Â°K V:8.9020e+00V I:5.6533e-03A R:1.5747e+03ğ›€ E:1.3909e+02V/cm J:5.1865e-02A/cm2 ğ›’:2.6819e+03ğ›€ cm
2023-05-18 12:19:37,532 INFO Measurement at current 0.00577889447236181
2023-05-18 12:19:38,137 INFO T:80.76Â°K V:8.8668e+00V I:5.7789e-03A R:1.5343e+03ğ›€ E:1.3854e+02V/cm J:5.3017e-02A/cm2 ğ›’:2.6132e+03ğ›€ cm
2023-05-18 12:19:38,154 INFO Measurement at current 0.005904522613065327
2023-05-18 12:19:38,742 INFO T:80.76Â°K V:8.8276e+00V I:5.9045e-03A R:1.4951e+03ğ›€ E:1.3793e+02V/cm J:5.4170e-02A/cm2 ğ›’:2.5463e+03ğ›€ cm
2023-05-18 12:19:38,764 INFO Measurement at current 0.006030150753768845
2023-05-18 12:19:39,366 INFO T:80.76Â°K V:8.7853e+00V I:6.0302e-03A R:1.4569e+03ğ›€ E:1.3727e+02V/cm J:5.5322e-02A/cm2 ğ›’:2.4813e+03ğ›€ cm
2023-05-18 12:19:39,385 INFO Measurement at current 0.006155778894472362
2023-05-18 12:19:39,990 INFO T:80.76Â°K V:8.7463e+00V I:6.1558e-03A R:1.4208e+03ğ›€ E:1.3666e+02V/cm J:5.6475e-02A/cm2 ğ›’:2.4199e+03ğ›€ cm
2023-05-18 12:19:40,013 INFO Measurement at current 0.00628140703517588
2023-05-18 12:19:40,608 INFO T:80.77Â°K V:8.7048e+00V I:6.2814e-03A R:1.3858e+03ğ›€ E:1.3601e+02V/cm J:5.7628e-02A/cm2 ğ›’:2.3602e+03ğ›€ cm
2023-05-18 12:19:40,627 INFO Measurement at current 0.006407035175879398
2023-05-18 12:19:41,214 INFO T:80.76Â°K V:8.6642e+00V I:6.4070e-03A R:1.3523e+03ğ›€ E:1.3538e+02V/cm J:5.8780e-02A/cm2 ğ›’:2.3031e+03ğ›€ cm
2023-05-18 12:19:41,231 INFO Measurement at current 0.0065326633165829154
2023-05-18 12:19:41,820 INFO T:80.77Â°K V:8.6271e+00V I:6.5327e-03A R:1.3206e+03ğ›€ E:1.3480e+02V/cm J:5.9933e-02A/cm2 ğ›’:2.2492e+03ğ›€ cm
2023-05-18 12:19:41,843 INFO Measurement at current 0.006658291457286433
2023-05-18 12:19:42,444 INFO T:80.77Â°K V:8.5842e+00V I:6.6583e-03A R:1.2892e+03ğ›€ E:1.3413e+02V/cm J:6.1085e-02A/cm2 ğ›’:2.1957e+03ğ›€ cm
2023-05-18 12:19:42,471 INFO Measurement at current 0.00678391959798995
2023-05-18 12:19:43,070 INFO T:80.78Â°K V:8.5435e+00V I:6.7839e-03A R:1.2594e+03ğ›€ E:1.3349e+02V/cm J:6.2238e-02A/cm2 ğ›’:2.1449e+03ğ›€ cm
2023-05-18 12:19:43,095 INFO Measurement at current 0.006909547738693468
2023-05-18 12:19:43,694 INFO T:80.78Â°K V:8.5045e+00V I:6.9095e-03A R:1.2308e+03ğ›€ E:1.3288e+02V/cm J:6.3390e-02A/cm2 ğ›’:2.0963e+03ğ›€ cm
2023-05-18 12:19:43,714 INFO Measurement at current 0.007035175879396985
2023-05-18 12:19:44,312 INFO T:80.79Â°K V:8.4672e+00V I:7.0352e-03A R:1.2036e+03ğ›€ E:1.3230e+02V/cm J:6.4543e-02A/cm2 ğ›’:2.0498e+03ğ›€ cm
2023-05-18 12:19:44,331 INFO Measurement at current 0.0071608040201005035
2023-05-18 12:19:44,928 INFO T:80.80Â°K V:8.4316e+00V I:7.1608e-03A R:1.1775e+03ğ›€ E:1.3174e+02V/cm J:6.5695e-02A/cm2 ğ›’:2.0054e+03ğ›€ cm
2023-05-18 12:19:44,952 INFO Measurement at current 0.007286432160804021
2023-05-18 12:19:45,544 INFO T:80.79Â°K V:8.3923e+00V I:7.2864e-03A R:1.1518e+03ğ›€ E:1.3113e+02V/cm J:6.6848e-02A/cm2 ğ›’:1.9616e+03ğ›€ cm
2023-05-18 12:19:45,567 INFO Measurement at current 0.007412060301507538
2023-05-18 12:19:46,156 INFO T:80.79Â°K V:8.3566e+00V I:7.4121e-03A R:1.1274e+03ğ›€ E:1.3057e+02V/cm J:6.8001e-02A/cm2 ğ›’:1.9202e+03ğ›€ cm
2023-05-18 12:19:46,192 INFO Measurement at current 0.007537688442211056
2023-05-18 12:19:46,790 INFO T:80.80Â°K V:8.3149e+00V I:7.5377e-03A R:1.1031e+03ğ›€ E:1.2992e+02V/cm J:6.9153e-02A/cm2 ğ›’:1.8787e+03ğ›€ cm
2023-05-18 12:19:46,811 INFO Measurement at current 0.007663316582914573
2023-05-18 12:19:47,405 INFO T:80.80Â°K V:8.2805e+00V I:7.6633e-03A R:1.0805e+03ğ›€ E:1.2938e+02V/cm J:7.0306e-02A/cm2 ğ›’:1.8403e+03ğ›€ cm
2023-05-18 12:19:47,428 INFO Measurement at current 0.0077889447236180916
2023-05-18 12:19:48,018 INFO T:80.81Â°K V:8.2415e+00V I:7.7889e-03A R:1.0581e+03ğ›€ E:1.2877e+02V/cm J:7.1458e-02A/cm2 ğ›’:1.8021e+03ğ›€ cm
2023-05-18 12:19:48,048 INFO Measurement at current 0.007914572864321609
2023-05-18 12:19:48,652 INFO T:80.81Â°K V:8.2031e+00V I:7.9146e-03A R:1.0365e+03ğ›€ E:1.2817e+02V/cm J:7.2611e-02A/cm2 ğ›’:1.7652e+03ğ›€ cm
2023-05-18 12:19:48,673 INFO Measurement at current 0.008040201005025126
2023-05-18 12:19:49,264 INFO T:80.81Â°K V:8.1665e+00V I:8.0402e-03A R:1.0157e+03ğ›€ E:1.2760e+02V/cm J:7.3763e-02A/cm2 ğ›’:1.7299e+03ğ›€ cm
2023-05-18 12:19:49,280 INFO Measurement at current 0.008165829145728644
2023-05-18 12:19:49,865 INFO T:80.82Â°K V:8.1339e+00V I:8.1658e-03A R:9.9609e+02ğ›€ E:1.2709e+02V/cm J:7.4916e-02A/cm2 ğ›’:1.6965e+03ğ›€ cm
2023-05-18 12:19:49,886 INFO Measurement at current 0.008291457286432161
2023-05-18 12:19:50,475 INFO T:80.82Â°K V:8.0965e+00V I:8.2915e-03A R:9.7649e+02ğ›€ E:1.2651e+02V/cm J:7.6068e-02A/cm2 ğ›’:1.6631e+03ğ›€ cm
2023-05-18 12:19:50,508 INFO Measurement at current 0.008417085427135679
2023-05-18 12:19:51,106 INFO T:80.82Â°K V:8.0586e+00V I:8.4171e-03A R:9.5741e+02ğ›€ E:1.2592e+02V/cm J:7.7221e-02A/cm2 ğ›’:1.6306e+03ğ›€ cm
2023-05-18 12:19:51,133 INFO Measurement at current 0.008542713567839196
2023-05-18 12:19:51,733 INFO T:80.83Â°K V:8.0257e+00V I:8.5427e-03A R:9.3947e+02ğ›€ E:1.2540e+02V/cm J:7.8374e-02A/cm2 ğ›’:1.6000e+03ğ›€ cm
2023-05-18 12:19:51,757 INFO Measurement at current 0.008668341708542714
2023-05-18 12:19:52,341 INFO T:80.83Â°K V:7.9906e+00V I:8.6683e-03A R:9.2181e+02ğ›€ E:1.2485e+02V/cm J:7.9526e-02A/cm2 ğ›’:1.5700e+03ğ›€ cm
2023-05-18 12:19:52,359 INFO Measurement at current 0.008793969849246233
2023-05-18 12:19:52,947 INFO T:80.83Â°K V:7.9563e+00V I:8.7940e-03A R:9.0475e+02ğ›€ E:1.2432e+02V/cm J:8.0679e-02A/cm2 ğ›’:1.5409e+03ğ›€ cm
2023-05-18 12:19:52,963 INFO Measurement at current 0.00891959798994975
2023-05-18 12:19:53,560 INFO T:80.84Â°K V:7.9207e+00V I:8.9196e-03A R:8.8801e+02ğ›€ E:1.2376e+02V/cm J:8.1831e-02A/cm2 ğ›’:1.5124e+03ğ›€ cm
2023-05-18 12:19:53,582 INFO Measurement at current 0.009045226130653268
2023-05-18 12:19:54,191 INFO T:80.84Â°K V:7.8844e+00V I:9.0452e-03A R:8.7167e+02ğ›€ E:1.2319e+02V/cm J:8.2984e-02A/cm2 ğ›’:1.4846e+03ğ›€ cm
2023-05-18 12:19:54,213 INFO Measurement at current 0.009170854271356785
2023-05-18 12:19:54,795 INFO T:80.84Â°K V:7.8505e+00V I:9.1709e-03A R:8.5603e+02ğ›€ E:1.2266e+02V/cm J:8.4136e-02A/cm2 ğ›’:1.4579e+03ğ›€ cm
2023-05-18 12:19:54,813 INFO Measurement at current 0.009296482412060303
2023-05-18 12:19:55,399 INFO T:80.85Â°K V:7.8179e+00V I:9.2965e-03A R:8.4096e+02ğ›€ E:1.2216e+02V/cm J:8.5289e-02A/cm2 ğ›’:1.4323e+03ğ›€ cm
2023-05-18 12:19:55,415 INFO Measurement at current 0.00942211055276382
2023-05-18 12:19:56,002 INFO T:80.85Â°K V:7.7845e+00V I:9.4221e-03A R:8.2620e+02ğ›€ E:1.2163e+02V/cm J:8.6441e-02A/cm2 ğ›’:1.4071e+03ğ›€ cm
2023-05-18 12:19:56,017 INFO Measurement at current 0.009547738693467337
2023-05-18 12:19:56,600 INFO T:80.86Â°K V:7.7545e+00V I:9.5477e-03A R:8.1218e+02ğ›€ E:1.2116e+02V/cm J:8.7594e-02A/cm2 ğ›’:1.3832e+03ğ›€ cm
2023-05-18 12:19:56,660 INFO Measurement at current 0.009673366834170855
2023-05-18 12:19:57,258 INFO T:80.86Â°K V:7.7117e+00V I:9.6734e-03A R:7.9721e+02ğ›€ E:1.2049e+02V/cm J:8.8746e-02A/cm2 ğ›’:1.3577e+03ğ›€ cm
2023-05-18 12:19:57,285 INFO Measurement at current 0.009798994974874372
2023-05-18 12:19:57,880 INFO T:80.87Â°K V:7.6814e+00V I:9.7990e-03A R:7.8390e+02ğ›€ E:1.2002e+02V/cm J:8.9899e-02A/cm2 ğ›’:1.3351e+03ğ›€ cm
2023-05-18 12:19:57,898 INFO Measurement at current 0.00992462311557789
2023-05-18 12:19:58,489 INFO T:80.87Â°K V:7.6503e+00V I:9.9246e-03A R:7.7084e+02ğ›€ E:1.1954e+02V/cm J:9.1052e-02A/cm2 ğ›’:1.3128e+03ğ›€ cm
2023-05-18 12:19:58,508 INFO Measurement at current 0.010050251256281409
2023-05-18 12:19:59,104 INFO T:80.88Â°K V:7.6177e+00V I:1.0050e-02A R:7.5796e+02ğ›€ E:1.1903e+02V/cm J:9.2204e-02A/cm2 ğ›’:1.2909e+03ğ›€ cm
2023-05-18 12:19:59,120 INFO Measurement at current 0.010175879396984926
2023-05-18 12:19:59,706 INFO T:80.88Â°K V:7.5874e+00V I:1.0176e-02A R:7.4562e+02ğ›€ E:1.1855e+02V/cm J:9.3357e-02A/cm2 ğ›’:1.2699e+03ğ›€ cm
2023-05-18 12:19:59,723 INFO Measurement at current 0.010301507537688444
2023-05-18 12:20:00,313 INFO T:80.88Â°K V:7.5559e+00V I:1.0302e-02A R:7.3348e+02ğ›€ E:1.1806e+02V/cm J:9.4509e-02A/cm2 ğ›’:1.2492e+03ğ›€ cm
2023-05-18 12:20:00,337 INFO Measurement at current 0.010427135678391961
2023-05-18 12:20:00,939 INFO T:80.89Â°K V:7.5240e+00V I:1.0427e-02A R:7.2158e+02ğ›€ E:1.1756e+02V/cm J:9.5662e-02A/cm2 ğ›’:1.2289e+03ğ›€ cm
2023-05-18 12:20:00,958 INFO Measurement at current 0.010552763819095479
2023-05-18 12:20:01,548 INFO T:80.89Â°K V:7.4956e+00V I:1.0553e-02A R:7.1029e+02ğ›€ E:1.1712e+02V/cm J:9.6814e-02A/cm2 ğ›’:1.2097e+03ğ›€ cm
2023-05-18 12:20:01,570 INFO Measurement at current 0.010678391959798996
2023-05-18 12:20:02,169 INFO T:80.89Â°K V:7.4644e+00V I:1.0678e-02A R:6.9902e+02ğ›€ E:1.1663e+02V/cm J:9.7967e-02A/cm2 ğ›’:1.1905e+03ğ›€ cm
2023-05-18 12:20:02,185 INFO Measurement at current 0.010804020100502514
2023-05-18 12:20:02,775 INFO T:80.89Â°K V:7.4379e+00V I:1.0804e-02A R:6.8844e+02ğ›€ E:1.1622e+02V/cm J:9.9119e-02A/cm2 ğ›’:1.1725e+03ğ›€ cm
2023-05-18 12:20:02,792 INFO Measurement at current 0.010929648241206031
2023-05-18 12:20:03,384 INFO T:80.90Â°K V:7.4081e+00V I:1.0930e-02A R:6.7780e+02ğ›€ E:1.1575e+02V/cm J:1.0027e-01A/cm2 ğ›’:1.1544e+03ğ›€ cm
2023-05-18 12:20:03,406 INFO Measurement at current 0.011055276381909548
2023-05-18 12:20:03,994 INFO T:80.90Â°K V:7.3760e+00V I:1.1055e-02A R:6.6719e+02ğ›€ E:1.1525e+02V/cm J:1.0142e-01A/cm2 ğ›’:1.1363e+03ğ›€ cm
2023-05-18 12:20:04,015 INFO Measurement at current 0.011180904522613066
2023-05-18 12:20:04,601 INFO T:80.91Â°K V:7.3490e+00V I:1.1181e-02A R:6.5728e+02ğ›€ E:1.1483e+02V/cm J:1.0258e-01A/cm2 ğ›’:1.1194e+03ğ›€ cm
2023-05-18 12:20:04,623 INFO Measurement at current 0.011306532663316583
2023-05-18 12:20:05,213 INFO T:80.91Â°K V:7.3195e+00V I:1.1307e-02A R:6.4737e+02ğ›€ E:1.1437e+02V/cm J:1.0373e-01A/cm2 ğ›’:1.1026e+03ğ›€ cm
2023-05-18 12:20:05,228 INFO Measurement at current 0.011432160804020102
2023-05-18 12:20:05,816 INFO T:80.91Â°K V:7.2846e+00V I:1.1432e-02A R:6.3720e+02ğ›€ E:1.1382e+02V/cm J:1.0488e-01A/cm2 ğ›’:1.0852e+03ğ›€ cm
2023-05-18 12:20:05,834 INFO Measurement at current 0.01155778894472362
2023-05-18 12:20:06,421 INFO T:80.92Â°K V:7.2580e+00V I:1.1558e-02A R:6.2797e+02ğ›€ E:1.1341e+02V/cm J:1.0603e-01A/cm2 ğ›’:1.0695e+03ğ›€ cm
2023-05-18 12:20:06,443 INFO Measurement at current 0.011683417085427137
2023-05-18 12:20:07,031 INFO T:80.92Â°K V:7.2270e+00V I:1.1683e-02A R:6.1857e+02ğ›€ E:1.1292e+02V/cm J:1.0719e-01A/cm2 ğ›’:1.0535e+03ğ›€ cm
2023-05-18 12:20:07,057 INFO Measurement at current 0.011809045226130655
2023-05-18 12:20:07,655 INFO T:80.92Â°K V:7.1988e+00V I:1.1809e-02A R:6.0960e+02ğ›€ E:1.1248e+02V/cm J:1.0834e-01A/cm2 ğ›’:1.0382e+03ğ›€ cm
2023-05-18 12:20:07,677 INFO Measurement at current 0.011934673366834172
2023-05-18 12:20:08,263 INFO T:80.93Â°K V:7.1715e+00V I:1.1935e-02A R:6.0089e+02ğ›€ E:1.1205e+02V/cm J:1.0949e-01A/cm2 ğ›’:1.0234e+03ğ›€ cm
2023-05-18 12:20:08,279 INFO Measurement at current 0.01206030150753769
2023-05-18 12:20:08,876 INFO T:80.93Â°K V:7.1453e+00V I:1.2060e-02A R:5.9246e+02ğ›€ E:1.1165e+02V/cm J:1.1064e-01A/cm2 ğ›’:1.0090e+03ğ›€ cm
2023-05-18 12:20:08,898 INFO Measurement at current 0.012185929648241207
2023-05-18 12:20:09,493 INFO T:80.93Â°K V:7.1155e+00V I:1.2186e-02A R:5.8391e+02ğ›€ E:1.1118e+02V/cm J:1.1180e-01A/cm2 ğ›’:9.9447e+02ğ›€ cm
2023-05-18 12:20:09,533 INFO Measurement at current 0.012311557788944725
2023-05-18 12:20:10,123 INFO T:80.94Â°K V:7.0854e+00V I:1.2312e-02A R:5.7551e+02ğ›€ E:1.1071e+02V/cm J:1.1295e-01A/cm2 ğ›’:9.8016e+02ğ›€ cm
2023-05-18 12:20:10,141 INFO Measurement at current 0.012437185929648242
2023-05-18 12:20:10,731 INFO T:80.94Â°K V:7.0584e+00V I:1.2437e-02A R:5.6752e+02ğ›€ E:1.1029e+02V/cm J:1.1410e-01A/cm2 ğ›’:9.6656e+02ğ›€ cm
2023-05-18 12:20:10,748 INFO Measurement at current 0.01256281407035176
2023-05-18 12:20:11,330 INFO T:80.94Â°K V:7.0334e+00V I:1.2563e-02A R:5.5986e+02ğ›€ E:1.0990e+02V/cm J:1.1526e-01A/cm2 ğ›’:9.5351e+02ğ›€ cm
2023-05-18 12:20:11,350 INFO Measurement at current 0.012688442211055277
2023-05-18 12:20:11,958 INFO T:80.95Â°K V:7.0047e+00V I:1.2688e-02A R:5.5205e+02ğ›€ E:1.0945e+02V/cm J:1.1641e-01A/cm2 ğ›’:9.4022e+02ğ›€ cm
2023-05-18 12:20:11,983 INFO Measurement at current 0.012814070351758796
2023-05-18 12:20:12,585 INFO T:80.95Â°K V:6.9757e+00V I:1.2814e-02A R:5.4438e+02ğ›€ E:1.0900e+02V/cm J:1.1756e-01A/cm2 ğ›’:9.2715e+02ğ›€ cm
2023-05-18 12:20:12,614 INFO Measurement at current 0.012939698492462313
2023-05-18 12:20:13,215 INFO T:80.96Â°K V:6.9485e+00V I:1.2940e-02A R:5.3699e+02ğ›€ E:1.0857e+02V/cm J:1.1871e-01A/cm2 ğ›’:9.1456e+02ğ›€ cm
2023-05-18 12:20:13,245 INFO Measurement at current 0.013065326633165831
2023-05-18 12:20:13,841 INFO T:80.96Â°K V:6.9226e+00V I:1.3065e-02A R:5.2985e+02ğ›€ E:1.0817e+02V/cm J:1.1987e-01A/cm2 ğ›’:9.0240e+02ğ›€ cm
2023-05-18 12:20:13,859 INFO Measurement at current 0.013190954773869348
2023-05-18 12:20:14,449 INFO T:80.96Â°K V:6.8965e+00V I:1.3191e-02A R:5.2282e+02ğ›€ E:1.0776e+02V/cm J:1.2102e-01A/cm2 ğ›’:8.9043e+02ğ›€ cm
2023-05-18 12:20:14,464 INFO Measurement at current 0.013316582914572866
2023-05-18 12:20:15,059 INFO T:80.97Â°K V:6.8729e+00V I:1.3317e-02A R:5.1612e+02ğ›€ E:1.0739e+02V/cm J:1.2217e-01A/cm2 ğ›’:8.7901e+02ğ›€ cm
2023-05-18 12:20:15,083 INFO Measurement at current 0.013442211055276383
2023-05-18 12:20:15,672 INFO T:80.97Â°K V:6.8468e+00V I:1.3442e-02A R:5.0935e+02ğ›€ E:1.0698e+02V/cm J:1.2332e-01A/cm2 ğ›’:8.6749e+02ğ›€ cm
2023-05-18 12:20:15,692 INFO Measurement at current 0.0135678391959799
2023-05-18 12:20:16,294 INFO T:80.98Â°K V:6.8238e+00V I:1.3568e-02A R:5.0294e+02ğ›€ E:1.0662e+02V/cm J:1.2448e-01A/cm2 ğ›’:8.5657e+02ğ›€ cm
2023-05-18 12:20:16,311 INFO Measurement at current 0.013693467336683418
2023-05-18 12:20:16,904 INFO T:80.98Â°K V:6.7982e+00V I:1.3693e-02A R:4.9646e+02ğ›€ E:1.0622e+02V/cm J:1.2563e-01A/cm2 ğ›’:8.4553e+02ğ›€ cm
2023-05-18 12:20:16,926 INFO Measurement at current 0.013819095477386936
2023-05-18 12:20:17,512 INFO T:80.99Â°K V:6.7701e+00V I:1.3819e-02A R:4.8991e+02ğ›€ E:1.0578e+02V/cm J:1.2678e-01A/cm2 ğ›’:8.3438e+02ğ›€ cm
2023-05-18 12:20:17,527 INFO Measurement at current 0.013944723618090453
2023-05-18 12:20:18,112 INFO T:80.99Â°K V:6.7478e+00V I:1.3945e-02A R:4.8390e+02ğ›€ E:1.0543e+02V/cm J:1.2793e-01A/cm2 ğ›’:8.2414e+02ğ›€ cm
2023-05-18 12:20:18,129 INFO Measurement at current 0.01407035175879397
2023-05-18 12:20:18,720 INFO T:80.99Â°K V:6.7242e+00V I:1.4070e-02A R:4.7790e+02ğ›€ E:1.0507e+02V/cm J:1.2909e-01A/cm2 ğ›’:8.1393e+02ğ›€ cm
2023-05-18 12:20:18,739 INFO Measurement at current 0.01419597989949749
2023-05-18 12:20:19,324 INFO T:81.00Â°K V:6.7027e+00V I:1.4196e-02A R:4.7215e+02ğ›€ E:1.0473e+02V/cm J:1.3024e-01A/cm2 ğ›’:8.0414e+02ğ›€ cm
2023-05-18 12:20:19,339 INFO Measurement at current 0.014321608040201007
2023-05-18 12:20:19,930 INFO T:81.00Â°K V:6.6790e+00V I:1.4322e-02A R:4.6636e+02ğ›€ E:1.0436e+02V/cm J:1.3139e-01A/cm2 ğ›’:7.9427e+02ğ›€ cm
2023-05-18 12:20:19,957 INFO Measurement at current 0.014447236180904524
2023-05-18 12:20:20,554 INFO T:81.00Â°K V:6.6526e+00V I:1.4447e-02A R:4.6048e+02ğ›€ E:1.0395e+02V/cm J:1.3254e-01A/cm2 ğ›’:7.8425e+02ğ›€ cm
2023-05-18 12:20:20,570 INFO Measurement at current 0.014572864321608042
2023-05-18 12:20:21,156 INFO T:81.01Â°K V:6.6320e+00V I:1.4573e-02A R:4.5509e+02ğ›€ E:1.0363e+02V/cm J:1.3370e-01A/cm2 ğ›’:7.7508e+02ğ›€ cm
2023-05-18 12:20:21,175 INFO Measurement at current 0.01469849246231156
2023-05-18 12:20:21,771 INFO T:81.01Â°K V:6.6089e+00V I:1.4698e-02A R:4.4963e+02ğ›€ E:1.0326e+02V/cm J:1.3485e-01A/cm2 ğ›’:7.6577e+02ğ›€ cm
2023-05-18 12:20:21,787 INFO Measurement at current 0.014824120603015077
2023-05-18 12:20:22,370 INFO T:81.02Â°K V:6.5898e+00V I:1.4824e-02A R:4.4453e+02ğ›€ E:1.0297e+02V/cm J:1.3600e-01A/cm2 ğ›’:7.5709e+02ğ›€ cm
2023-05-18 12:20:22,387 INFO Measurement at current 0.014949748743718594
2023-05-18 12:20:22,978 INFO T:81.02Â°K V:6.5669e+00V I:1.4950e-02A R:4.3926e+02ğ›€ E:1.0261e+02V/cm J:1.3715e-01A/cm2 ğ›’:7.4812e+02ğ›€ cm
2023-05-18 12:20:23,020 INFO Measurement at current 0.015075376884422112
2023-05-18 12:20:23,610 INFO T:81.00Â°K V:6.5392e+00V I:1.5075e-02A R:4.3377e+02ğ›€ E:1.0217e+02V/cm J:1.3831e-01A/cm2 ğ›’:7.3876e+02ğ›€ cm
2023-05-18 12:20:23,641 INFO Measurement at current 0.015201005025125629
2023-05-18 12:20:24,240 INFO T:81.02Â°K V:6.5153e+00V I:1.5201e-02A R:4.2861e+02ğ›€ E:1.0180e+02V/cm J:1.3946e-01A/cm2 ğ›’:7.2997e+02ğ›€ cm
2023-05-18 12:20:24,260 INFO Measurement at current 0.015326633165829147
2023-05-18 12:20:24,864 INFO T:81.03Â°K V:6.4932e+00V I:1.5327e-02A R:4.2365e+02ğ›€ E:1.0146e+02V/cm J:1.4061e-01A/cm2 ğ›’:7.2153e+02ğ›€ cm
2023-05-18 12:20:24,882 INFO Measurement at current 0.015452261306532666
2023-05-18 12:20:25,479 INFO T:81.03Â°K V:6.4714e+00V I:1.5452e-02A R:4.1880e+02ğ›€ E:1.0111e+02V/cm J:1.4176e-01A/cm2 ğ›’:7.1326e+02ğ›€ cm
2023-05-18 12:20:25,494 INFO Measurement at current 0.015577889447236183
2023-05-18 12:20:26,081 INFO T:81.04Â°K V:6.4511e+00V I:1.5578e-02A R:4.1412e+02ğ›€ E:1.0080e+02V/cm J:1.4292e-01A/cm2 ğ›’:7.0530e+02ğ›€ cm
2023-05-18 12:20:26,099 INFO Measurement at current 0.0157035175879397
2023-05-18 12:20:26,683 INFO T:81.04Â°K V:6.4291e+00V I:1.5704e-02A R:4.0941e+02ğ›€ E:1.0045e+02V/cm J:1.4407e-01A/cm2 ğ›’:6.9727e+02ğ›€ cm
2023-05-18 12:20:26,698 INFO Measurement at current 0.015829145728643218
2023-05-18 12:20:27,289 INFO T:81.04Â°K V:6.4100e+00V I:1.5829e-02A R:4.0495e+02ğ›€ E:1.0016e+02V/cm J:1.4522e-01A/cm2 ğ›’:6.8968e+02ğ›€ cm
2023-05-18 12:20:27,310 INFO Measurement at current 0.015954773869346735
2023-05-18 12:20:27,951 INFO T:81.05Â°K V:6.3882e+00V I:1.5955e-02A R:4.0039e+02ğ›€ E:9.9815e+01V/cm J:1.4637e-01A/cm2 ğ›’:6.8192e+02ğ›€ cm
2023-05-18 12:20:27,971 INFO Measurement at current 0.016080402010050253
2023-05-18 12:20:28,577 INFO T:81.05Â°K V:6.3642e+00V I:1.6080e-02A R:3.9577e+02ğ›€ E:9.9441e+01V/cm J:1.4753e-01A/cm2 ğ›’:6.7405e+02ğ›€ cm
2023-05-18 12:20:28,607 INFO Measurement at current 0.01620603015075377
2023-05-18 12:20:29,200 INFO T:81.05Â°K V:6.3412e+00V I:1.6206e-02A R:3.9129e+02ğ›€ E:9.9081e+01V/cm J:1.4868e-01A/cm2 ğ›’:6.6641e+02ğ›€ cm
2023-05-18 12:20:29,221 INFO Measurement at current 0.016331658291457288
2023-05-18 12:20:29,823 INFO T:81.06Â°K V:6.3196e+00V I:1.6332e-02A R:3.8695e+02ğ›€ E:9.8744e+01V/cm J:1.4983e-01A/cm2 ğ›’:6.5903e+02ğ›€ cm
2023-05-18 12:20:29,855 INFO Measurement at current 0.016457286432160805
2023-05-18 12:20:30,447 INFO T:81.06Â°K V:6.2971e+00V I:1.6457e-02A R:3.8263e+02ğ›€ E:9.8393e+01V/cm J:1.5098e-01A/cm2 ğ›’:6.5168e+02ğ›€ cm
2023-05-18 12:20:30,461 INFO Measurement at current 0.016582914572864323
2023-05-18 12:20:31,045 INFO T:81.07Â°K V:6.2819e+00V I:1.6583e-02A R:3.7882e+02ğ›€ E:9.8155e+01V/cm J:1.5214e-01A/cm2 ğ›’:6.4517e+02ğ›€ cm
2023-05-18 12:20:31,061 INFO Measurement at current 0.01670854271356784
2023-05-18 12:20:31,642 INFO T:81.07Â°K V:6.2626e+00V I:1.6709e-02A R:3.7482e+02ğ›€ E:9.7854e+01V/cm J:1.5329e-01A/cm2 ğ›’:6.3836e+02ğ›€ cm
2023-05-18 12:20:31,659 INFO Measurement at current 0.016834170854271358
2023-05-18 12:20:32,240 INFO T:81.08Â°K V:6.2432e+00V I:1.6834e-02A R:3.7086e+02ğ›€ E:9.7550e+01V/cm J:1.5444e-01A/cm2 ğ›’:6.3163e+02ğ›€ cm
2023-05-18 12:20:32,255 INFO Measurement at current 0.016959798994974875
2023-05-18 12:20:32,839 INFO T:81.08Â°K V:6.2222e+00V I:1.6960e-02A R:3.6688e+02ğ›€ E:9.7221e+01V/cm J:1.5559e-01A/cm2 ğ›’:6.2484e+02ğ›€ cm
2023-05-18 12:20:32,855 INFO Measurement at current 0.017085427135678392
2023-05-18 12:20:33,455 INFO T:81.09Â°K V:6.2016e+00V I:1.7085e-02A R:3.6297e+02ğ›€ E:9.6899e+01V/cm J:1.5675e-01A/cm2 ğ›’:6.1819e+02ğ›€ cm
2023-05-18 12:20:33,470 INFO Measurement at current 0.01721105527638191
2023-05-18 12:20:34,053 INFO T:81.09Â°K V:6.1836e+00V I:1.7211e-02A R:3.5928e+02ğ›€ E:9.6619e+01V/cm J:1.5790e-01A/cm2 ğ›’:6.1190e+02ğ›€ cm
2023-05-18 12:20:34,071 INFO Measurement at current 0.017336683417085427
2023-05-18 12:20:34,667 INFO T:81.09Â°K V:6.1643e+00V I:1.7337e-02A R:3.5557e+02ğ›€ E:9.6318e+01V/cm J:1.5905e-01A/cm2 ğ›’:6.0557e+02ğ›€ cm
2023-05-18 12:20:34,682 INFO Measurement at current 0.017462311557788948
2023-05-18 12:20:35,273 INFO T:81.09Â°K V:6.1448e+00V I:1.7462e-02A R:3.5189e+02ğ›€ E:9.6013e+01V/cm J:1.6020e-01A/cm2 ğ›’:5.9931e+02ğ›€ cm
2023-05-18 12:20:35,287 INFO Measurement at current 0.017587939698492466
2023-05-18 12:20:35,881 INFO T:81.10Â°K V:6.1253e+00V I:1.7588e-02A R:3.4827e+02ğ›€ E:9.5708e+01V/cm J:1.6136e-01A/cm2 ğ›’:5.9315e+02ğ›€ cm
2023-05-18 12:20:35,913 INFO Measurement at current 0.017713567839195983
2023-05-18 12:20:36,518 INFO T:81.10Â°K V:6.1038e+00V I:1.7714e-02A R:3.4458e+02ğ›€ E:9.5371e+01V/cm J:1.6251e-01A/cm2 ğ›’:5.8686e+02ğ›€ cm
2023-05-18 12:20:36,551 INFO Measurement at current 0.0178391959798995
2023-05-18 12:20:37,173 INFO T:81.11Â°K V:6.0822e+00V I:1.7839e-02A R:3.4095e+02ğ›€ E:9.5034e+01V/cm J:1.6366e-01A/cm2 ğ›’:5.8067e+02ğ›€ cm
2023-05-18 12:20:37,200 INFO Measurement at current 0.017964824120603018
2023-05-18 12:20:37,792 INFO T:81.11Â°K V:6.0650e+00V I:1.7965e-02A R:3.3761e+02ğ›€ E:9.4766e+01V/cm J:1.6481e-01A/cm2 ğ›’:5.7499e+02ğ›€ cm
2023-05-18 12:20:37,805 INFO Measurement at current 0.018090452261306535
2023-05-18 12:20:38,388 INFO T:81.12Â°K V:6.0474e+00V I:1.8090e-02A R:3.3429e+02ğ›€ E:9.4490e+01V/cm J:1.6597e-01A/cm2 ğ›’:5.6933e+02ğ›€ cm
2023-05-18 12:20:38,404 INFO Measurement at current 0.018216080402010053
2023-05-18 12:20:38,987 INFO T:81.12Â°K V:6.0303e+00V I:1.8216e-02A R:3.3104e+02ğ›€ E:9.4223e+01V/cm J:1.6712e-01A/cm2 ğ›’:5.6380e+02ğ›€ cm
2023-05-18 12:20:39,002 INFO Measurement at current 0.01834170854271357
2023-05-18 12:20:39,602 INFO T:81.12Â°K V:6.0127e+00V I:1.8342e-02A R:3.2782e+02ğ›€ E:9.3949e+01V/cm J:1.6827e-01A/cm2 ğ›’:5.5832e+02ğ›€ cm
2023-05-18 12:20:39,617 INFO Measurement at current 0.018467336683417088
2023-05-18 12:20:40,238 INFO T:81.13Â°K V:5.9929e+00V I:1.8467e-02A R:3.2451e+02ğ›€ E:9.3638e+01V/cm J:1.6943e-01A/cm2 ğ›’:5.5268e+02ğ›€ cm
2023-05-18 12:20:40,259 INFO Measurement at current 0.018592964824120605
2023-05-18 12:20:40,857 INFO T:81.13Â°K V:5.9750e+00V I:1.8593e-02A R:3.2136e+02ğ›€ E:9.3359e+01V/cm J:1.7058e-01A/cm2 ğ›’:5.4731e+02ğ›€ cm
2023-05-18 12:20:40,890 INFO Measurement at current 0.018718592964824123
2023-05-18 12:20:41,472 INFO T:81.14Â°K V:5.9552e+00V I:1.8719e-02A R:3.1815e+02ğ›€ E:9.3050e+01V/cm J:1.7173e-01A/cm2 ğ›’:5.4184e+02ğ›€ cm
2023-05-18 12:20:41,490 INFO Measurement at current 0.01884422110552764
2023-05-18 12:20:42,083 INFO T:81.14Â°K V:5.9382e+00V I:1.8844e-02A R:3.1512e+02ğ›€ E:9.2784e+01V/cm J:1.7288e-01A/cm2 ğ›’:5.3669e+02ğ›€ cm
2023-05-18 12:20:42,102 INFO Measurement at current 0.018969849246231157
2023-05-18 12:20:42,685 INFO T:81.14Â°K V:5.9201e+00V I:1.8970e-02A R:3.1208e+02ğ›€ E:9.2501e+01V/cm J:1.7404e-01A/cm2 ğ›’:5.3151e+02ğ›€ cm
2023-05-18 12:20:42,701 INFO Measurement at current 0.019095477386934675
2023-05-18 12:20:43,286 INFO T:81.14Â°K V:5.9022e+00V I:1.9095e-02A R:3.0909e+02ğ›€ E:9.2221e+01V/cm J:1.7519e-01A/cm2 ğ›’:5.2641e+02ğ›€ cm
2023-05-18 12:20:43,314 INFO Measurement at current 0.019221105527638192
2023-05-18 12:20:43,898 INFO T:81.15Â°K V:5.8849e+00V I:1.9221e-02A R:3.0617e+02ğ›€ E:9.1951e+01V/cm J:1.7634e-01A/cm2 ğ›’:5.2144e+02ğ›€ cm
2023-05-18 12:20:43,915 INFO Measurement at current 0.01934673366834171
2023-05-18 12:20:44,498 INFO T:81.15Â°K V:5.8665e+00V I:1.9347e-02A R:3.0323e+02ğ›€ E:9.1664e+01V/cm J:1.7749e-01A/cm2 ğ›’:5.1644e+02ğ›€ cm
2023-05-18 12:20:44,515 INFO Measurement at current 0.019472361809045227
2023-05-18 12:20:45,101 INFO T:81.16Â°K V:5.8487e+00V I:1.9472e-02A R:3.0036e+02ğ›€ E:9.1386e+01V/cm J:1.7865e-01A/cm2 ğ›’:5.1155e+02ğ›€ cm
2023-05-18 12:20:45,120 INFO Measurement at current 0.019597989949748745
2023-05-18 12:20:45,706 INFO T:81.16Â°K V:5.8317e+00V I:1.9598e-02A R:2.9757e+02ğ›€ E:9.1121e+01V/cm J:1.7980e-01A/cm2 ğ›’:5.0680e+02ğ›€ cm
2023-05-18 12:20:45,723 INFO Measurement at current 0.019723618090452262
2023-05-18 12:20:46,345 INFO T:81.17Â°K V:5.8104e+00V I:1.9724e-02A R:2.9459e+02ğ›€ E:9.0787e+01V/cm J:1.8095e-01A/cm2 ğ›’:5.0172e+02ğ›€ cm
2023-05-18 12:20:46,374 INFO Measurement at current 0.01984924623115578
2023-05-18 12:20:46,971 INFO T:81.17Â°K V:5.7926e+00V I:1.9849e-02A R:2.9183e+02ğ›€ E:9.0509e+01V/cm J:1.8210e-01A/cm2 ğ›’:4.9702e+02ğ›€ cm
2023-05-18 12:20:46,993 INFO Measurement at current 0.019974874371859297
2023-05-18 12:20:47,584 INFO T:81.18Â°K V:5.7782e+00V I:1.9975e-02A R:2.8927e+02ğ›€ E:9.0285e+01V/cm J:1.8326e-01A/cm2 ğ›’:4.9267e+02ğ›€ cm
2023-05-18 12:20:47,608 INFO Measurement at current 0.020100502512562818
2023-05-18 12:20:48,205 INFO T:81.18Â°K V:5.7625e+00V I:2.0101e-02A R:2.8669e+02ğ›€ E:9.0040e+01V/cm J:1.8441e-01A/cm2 ğ›’:4.8826e+02ğ›€ cm
2023-05-18 12:20:48,248 INFO Measurement at current 0.020226130653266335
2023-05-18 12:20:48,841 INFO T:81.18Â°K V:5.7441e+00V I:2.0226e-02A R:2.8399e+02ğ›€ E:8.9751e+01V/cm J:1.8556e-01A/cm2 ğ›’:4.8367e+02ğ›€ cm
2023-05-18 12:20:48,863 INFO Measurement at current 0.020351758793969853
2023-05-18 12:20:49,448 INFO T:81.19Â°K V:5.7277e+00V I:2.0352e-02A R:2.8143e+02ğ›€ E:8.9495e+01V/cm J:1.8671e-01A/cm2 ğ›’:4.7932e+02ğ›€ cm
2023-05-18 12:20:49,470 INFO Measurement at current 0.02047738693467337
2023-05-18 12:20:50,062 INFO T:81.19Â°K V:5.7112e+00V I:2.0477e-02A R:2.7891e+02ğ›€ E:8.9238e+01V/cm J:1.8787e-01A/cm2 ğ›’:4.7501e+02ğ›€ cm
2023-05-18 12:20:50,096 INFO Measurement at current 0.020603015075376888
2023-05-18 12:20:50,714 INFO T:81.19Â°K V:5.6948e+00V I:2.0603e-02A R:2.7641e+02ğ›€ E:8.8982e+01V/cm J:1.8902e-01A/cm2 ğ›’:4.7076e+02ğ›€ cm
2023-05-18 12:20:50,737 INFO Measurement at current 0.020728643216080405
2023-05-18 12:20:51,328 INFO T:81.20Â°K V:5.6781e+00V I:2.0729e-02A R:2.7392e+02ğ›€ E:8.8720e+01V/cm J:1.9017e-01A/cm2 ğ›’:4.6653e+02ğ›€ cm
2023-05-18 12:20:51,352 INFO Measurement at current 0.020854271356783922
2023-05-18 12:20:51,951 INFO T:81.21Â°K V:5.6614e+00V I:2.0854e-02A R:2.7148e+02ğ›€ E:8.8460e+01V/cm J:1.9132e-01A/cm2 ğ›’:4.6236e+02ğ›€ cm
2023-05-18 12:20:51,972 INFO Measurement at current 0.02097989949748744
2023-05-18 12:20:52,568 INFO T:81.21Â°K V:5.6475e+00V I:2.0980e-02A R:2.6919e+02ğ›€ E:8.8242e+01V/cm J:1.9248e-01A/cm2 ğ›’:4.5846e+02ğ›€ cm
2023-05-18 12:20:52,587 INFO Measurement at current 0.021105527638190957
2023-05-18 12:20:53,179 INFO T:81.21Â°K V:5.6316e+00V I:2.1106e-02A R:2.6683e+02ğ›€ E:8.7994e+01V/cm J:1.9363e-01A/cm2 ğ›’:4.5445e+02ğ›€ cm
2023-05-18 12:20:53,227 INFO Measurement at current 0.021231155778894475
2023-05-18 12:20:53,815 INFO T:81.22Â°K V:5.6162e+00V I:2.1231e-02A R:2.6453e+02ğ›€ E:8.7753e+01V/cm J:1.9478e-01A/cm2 ğ›’:4.5052e+02ğ›€ cm
2023-05-18 12:20:53,833 INFO Measurement at current 0.021356783919597992
2023-05-18 12:20:54,443 INFO T:81.21Â°K V:5.6035e+00V I:2.1357e-02A R:2.6237e+02ğ›€ E:8.7554e+01V/cm J:1.9593e-01A/cm2 ğ›’:4.4686e+02ğ›€ cm
2023-05-18 12:20:54,464 INFO Measurement at current 0.02148241206030151
2023-05-18 12:20:55,096 INFO T:81.22Â°K V:5.5858e+00V I:2.1482e-02A R:2.6002e+02ğ›€ E:8.7279e+01V/cm J:1.9709e-01A/cm2 ğ›’:4.4285e+02ğ›€ cm
2023-05-18 12:20:55,138 INFO Measurement at current 0.021608040201005027
2023-05-18 12:20:55,759 INFO T:81.23Â°K V:5.5668e+00V I:2.1608e-02A R:2.5763e+02ğ›€ E:8.6982e+01V/cm J:1.9824e-01A/cm2 ğ›’:4.3877e+02ğ›€ cm
2023-05-18 12:20:55,777 INFO Measurement at current 0.021733668341708545
2023-05-18 12:20:56,389 INFO T:81.23Â°K V:5.5529e+00V I:2.1734e-02A R:2.5550e+02ğ›€ E:8.6764e+01V/cm J:1.9939e-01A/cm2 ğ›’:4.3514e+02ğ›€ cm
2023-05-18 12:20:56,411 INFO Measurement at current 0.021859296482412062
2023-05-18 12:20:56,993 INFO T:81.23Â°K V:5.5389e+00V I:2.1859e-02A R:2.5339e+02ğ›€ E:8.6545e+01V/cm J:2.0054e-01A/cm2 ğ›’:4.3155e+02ğ›€ cm
2023-05-18 12:20:57,019 INFO Measurement at current 0.02198492462311558
2023-05-18 12:20:57,607 INFO T:81.24Â°K V:5.5241e+00V I:2.1985e-02A R:2.5127e+02ğ›€ E:8.6314e+01V/cm J:2.0170e-01A/cm2 ğ›’:4.2794e+02ğ›€ cm
2023-05-18 12:20:57,631 INFO Measurement at current 0.022110552763819097
2023-05-18 12:20:58,221 INFO T:81.24Â°K V:5.5093e+00V I:2.2111e-02A R:2.4917e+02ğ›€ E:8.6082e+01V/cm J:2.0285e-01A/cm2 ğ›’:4.2437e+02ğ›€ cm
2023-05-18 12:20:58,240 INFO Measurement at current 0.022236180904522614
2023-05-18 12:20:58,835 INFO T:81.25Â°K V:5.4947e+00V I:2.2236e-02A R:2.4710e+02ğ›€ E:8.5854e+01V/cm J:2.0400e-01A/cm2 ğ›’:4.2085e+02ğ›€ cm
2023-05-18 12:20:58,860 INFO Measurement at current 0.02236180904522613
2023-05-18 12:20:59,447 INFO T:81.25Â°K V:5.4797e+00V I:2.2362e-02A R:2.4505e+02ğ›€ E:8.5620e+01V/cm J:2.0515e-01A/cm2 ğ›’:4.1735e+02ğ›€ cm
2023-05-18 12:20:59,464 INFO Measurement at current 0.02248743718592965
2023-05-18 12:21:00,053 INFO T:81.26Â°K V:5.4657e+00V I:2.2487e-02A R:2.4305e+02ğ›€ E:8.5401e+01V/cm J:2.0631e-01A/cm2 ğ›’:4.1395e+02ğ›€ cm
2023-05-18 12:21:00,074 INFO Measurement at current 0.022613065326633167
2023-05-18 12:21:00,669 INFO T:81.26Â°K V:5.4515e+00V I:2.2613e-02A R:2.4108e+02ğ›€ E:8.5179e+01V/cm J:2.0746e-01A/cm2 ğ›’:4.1058e+02ğ›€ cm
2023-05-18 12:21:00,688 INFO Measurement at current 0.022738693467336684
2023-05-18 12:21:01,296 INFO T:81.26Â°K V:5.4358e+00V I:2.2739e-02A R:2.3905e+02ğ›€ E:8.4934e+01V/cm J:2.0861e-01A/cm2 ğ›’:4.0714e+02ğ›€ cm
2023-05-18 12:21:01,313 INFO Measurement at current 0.022864321608040205
2023-05-18 12:21:01,906 INFO T:81.26Â°K V:5.4205e+00V I:2.2864e-02A R:2.3707e+02ğ›€ E:8.4696e+01V/cm J:2.0976e-01A/cm2 ğ›’:4.0377e+02ğ›€ cm
2023-05-18 12:21:01,945 INFO Measurement at current 0.022989949748743722
2023-05-18 12:21:02,540 INFO T:81.27Â°K V:5.4041e+00V I:2.2990e-02A R:2.3506e+02ğ›€ E:8.4440e+01V/cm J:2.1092e-01A/cm2 ğ›’:4.0034e+02ğ›€ cm
2023-05-18 12:21:02,561 INFO Measurement at current 0.02311557788944724
2023-05-18 12:21:03,156 INFO T:81.28Â°K V:5.3899e+00V I:2.3116e-02A R:2.3317e+02ğ›€ E:8.4217e+01V/cm J:2.1207e-01A/cm2 ğ›’:3.9712e+02ğ›€ cm
2023-05-18 12:21:03,179 INFO Measurement at current 0.023241206030150757
2023-05-18 12:21:03,767 INFO T:81.28Â°K V:5.3773e+00V I:2.3241e-02A R:2.3137e+02ğ›€ E:8.4020e+01V/cm J:2.1322e-01A/cm2 ğ›’:3.9405e+02ğ›€ cm
2023-05-18 12:21:03,790 INFO Measurement at current 0.023366834170854275
2023-05-18 12:21:04,393 INFO T:81.29Â°K V:5.3661e+00V I:2.3367e-02A R:2.2964e+02ğ›€ E:8.3845e+01V/cm J:2.1437e-01A/cm2 ğ›’:3.9111e+02ğ›€ cm
2023-05-18 12:21:04,422 INFO Measurement at current 0.023492462311557792
2023-05-18 12:21:05,017 INFO T:81.29Â°K V:5.3512e+00V I:2.3492e-02A R:2.2779e+02ğ›€ E:8.3613e+01V/cm J:2.1553e-01A/cm2 ğ›’:3.8795e+02ğ›€ cm
2023-05-18 12:21:05,035 INFO Measurement at current 0.02361809045226131
2023-05-18 12:21:05,622 INFO T:81.29Â°K V:5.3396e+00V I:2.3618e-02A R:2.2608e+02ğ›€ E:8.3432e+01V/cm J:2.1668e-01A/cm2 ğ›’:3.8505e+02ğ›€ cm
2023-05-18 12:21:05,652 INFO Measurement at current 0.023743718592964827
2023-05-18 12:21:06,257 INFO T:81.29Â°K V:5.3247e+00V I:2.3744e-02A R:2.2426e+02ğ›€ E:8.3199e+01V/cm J:2.1783e-01A/cm2 ğ›’:3.8194e+02ğ›€ cm
2023-05-18 12:21:06,283 INFO Measurement at current 0.023869346733668344
2023-05-18 12:21:06,881 INFO T:81.30Â°K V:5.3102e+00V I:2.3869e-02A R:2.2247e+02ğ›€ E:8.2972e+01V/cm J:2.1898e-01A/cm2 ğ›’:3.7889e+02ğ›€ cm
2023-05-18 12:21:06,900 INFO Measurement at current 0.023994974874371862
2023-05-18 12:21:07,483 INFO T:81.30Â°K V:5.2970e+00V I:2.3995e-02A R:2.2075e+02ğ›€ E:8.2765e+01V/cm J:2.2014e-01A/cm2 ğ›’:3.7597e+02ğ›€ cm
2023-05-18 12:21:07,500 INFO Measurement at current 0.02412060301507538
2023-05-18 12:21:08,139 INFO T:81.31Â°K V:5.2810e+00V I:2.4121e-02A R:2.1894e+02ğ›€ E:8.2516e+01V/cm J:2.2129e-01A/cm2 ğ›’:3.7289e+02ğ›€ cm
2023-05-18 12:21:08,167 INFO Measurement at current 0.024246231155778897
2023-05-18 12:21:08,754 INFO T:81.31Â°K V:5.2685e+00V I:2.4246e-02A R:2.1729e+02ğ›€ E:8.2320e+01V/cm J:2.2244e-01A/cm2 ğ›’:3.7007e+02ğ›€ cm
2023-05-18 12:21:08,770 INFO Measurement at current 0.024371859296482414
2023-05-18 12:21:09,369 INFO T:81.32Â°K V:5.2585e+00V I:2.4372e-02A R:2.1576e+02ğ›€ E:8.2164e+01V/cm J:2.2360e-01A/cm2 ğ›’:3.6747e+02ğ›€ cm
2023-05-18 12:21:09,395 INFO Measurement at current 0.02449748743718593
2023-05-18 12:21:09,998 INFO T:81.32Â°K V:5.2459e+00V I:2.4497e-02A R:2.1414e+02ğ›€ E:8.1966e+01V/cm J:2.2475e-01A/cm2 ğ›’:3.6470e+02ğ›€ cm
2023-05-18 12:21:10,029 INFO Measurement at current 0.02462311557788945
2023-05-18 12:21:10,633 INFO T:81.33Â°K V:5.2315e+00V I:2.4623e-02A R:2.1246e+02ğ›€ E:8.1742e+01V/cm J:2.2590e-01A/cm2 ğ›’:3.6185e+02ğ›€ cm
2023-05-18 12:21:10,666 INFO Measurement at current 0.024748743718592967
2023-05-18 12:21:11,270 INFO T:81.32Â°K V:5.2163e+00V I:2.4749e-02A R:2.1077e+02ğ›€ E:8.1504e+01V/cm J:2.2705e-01A/cm2 ğ›’:3.5897e+02ğ›€ cm
2023-05-18 12:21:12,321 INFO Measurement at current 0.024874371859296484
2023-05-18 12:21:12,911 INFO T:81.34Â°K V:5.1852e+00V I:2.4874e-02A R:2.0846e+02ğ›€ E:8.1019e+01V/cm J:2.2821e-01A/cm2 ğ›’:3.5503e+02ğ›€ cm
2023-05-18 12:21:12,934 INFO Measurement at current 0.025
2023-05-18 12:21:13,524 INFO T:81.34Â°K V:5.1757e+00V I:2.5000e-02A R:2.0703e+02ğ›€ E:8.0871e+01V/cm J:2.2936e-01A/cm2 ğ›’:3.5260e+02ğ›€ cm
2023-05-18 12:21:58,499 INFO Save the description file
2023-05-18 12:21:58,520 INFO Save data in numpy format Esperimenti/CPRO_MUSA_180523_I_V/CPRO_MUSA_180523_I_V_current_from_0_to_250e-4A/CPRO_MUSA_180523_I_V_current_from_0_to_250e-4A-20230518122156
2023-05-18 12:21:58,540 INFO Save data in CSV format Esperimenti/CPRO_MUSA_180523_I_V/CPRO_MUSA_180523_I_V_current_from_0_to_250e-4A/CPRO_MUSA_180523_I_V_current_from_0_to_250e-4A-20230518122156.csv
2023-05-18 12:21:58,563 INFO Save plot as image Esperimenti/CPRO_MUSA_180523_I_V/CPRO_MUSA_180523_I_V_current_from_0_to_250e-4A/CPRO_MUSA_180523_I_V_current_from_0_to_250e-4A-20230518122156.png
