2023-05-18 14:30:47,697 INFO ### Start experiment: CPRO_MUSA_180523_I_V current from 0 to 250e-4A ###
2023-05-18 14:30:49,046 INFO Found Multimeter KEITHLEY INSTRUMENTS INC.,MODEL 2700,0884890,B03  /A02  

2023-05-18 14:30:50,086 INFO Found Nanovolt Meter KEITHLEY INSTRUMENTS INC.,MODEL 2182A,4056474,C03  /A02  

2023-05-18 14:30:50,212 INFO Found Source Meter KEITHLEY INSTRUMENTS INC.,MODEL 2400,0945684,C24   Feb 14 2002 11:59:45/A02  /K/H

2023-05-18 14:30:50,350 INFO Start the measurement loop
2023-05-18 14:31:01,637 INFO Measurement at current 0.0
2023-05-18 14:31:02,546 INFO T:101.73Â°K V:7.9230e-06V I:0.0000e+00A R:infğ›€ E:1.2380e-04V/cm J:0.0000e+00A/cm2 ğ›’:infğ›€ cm
2023-05-18 14:31:02,573 INFO Measurement at current 0.0001256281407035176
2023-05-18 14:31:03,822 INFO T:101.74Â°K V:6.2561e-02V I:1.2563e-04A R:4.9799e+02ğ›€ E:9.7752e-01V/cm J:1.1526e-03A/cm2 ğ›’:8.4814e+02ğ›€ cm
2023-05-18 14:31:03,847 INFO Measurement at current 0.0002512562814070352
2023-05-18 14:31:05,176 INFO T:101.74Â°K V:1.2501e-01V I:2.5126e-04A R:4.9755e+02ğ›€ E:1.9533e+00V/cm J:2.3051e-03A/cm2 ğ›’:8.4738e+02ğ›€ cm
2023-05-18 14:31:05,199 INFO Measurement at current 0.0003768844221105528
2023-05-18 14:31:05,791 INFO T:101.74Â°K V:1.8744e-01V I:3.7688e-04A R:4.9735e+02ğ›€ E:2.9288e+00V/cm J:3.4577e-03A/cm2 ğ›’:8.4705e+02ğ›€ cm
2023-05-18 14:31:05,814 INFO Measurement at current 0.0005025125628140704
2023-05-18 14:31:06,415 INFO T:101.74Â°K V:2.4976e-01V I:5.0251e-04A R:4.9702e+02ğ›€ E:3.9025e+00V/cm J:4.6102e-03A/cm2 ğ›’:8.4650e+02ğ›€ cm
2023-05-18 14:31:06,433 INFO Measurement at current 0.0006281407035175881
2023-05-18 14:31:07,019 INFO T:101.75Â°K V:3.1197e-01V I:6.2814e-04A R:4.9665e+02ğ›€ E:4.8745e+00V/cm J:5.7628e-03A/cm2 ğ›’:8.4586e+02ğ›€ cm
2023-05-18 14:31:07,038 INFO Measurement at current 0.0007537688442211056
2023-05-18 14:31:07,621 INFO T:101.75Â°K V:3.7399e-01V I:7.5377e-04A R:4.9616e+02ğ›€ E:5.8436e+00V/cm J:6.9153e-03A/cm2 ğ›’:8.4503e+02ğ›€ cm
2023-05-18 14:31:07,643 INFO Measurement at current 0.0008793969849246232
2023-05-18 14:31:08,232 INFO T:101.75Â°K V:4.3582e-01V I:8.7940e-04A R:4.9559e+02ğ›€ E:6.8097e+00V/cm J:8.0679e-03A/cm2 ğ›’:8.4405e+02ğ›€ cm
2023-05-18 14:31:08,255 INFO Measurement at current 0.0010050251256281408
2023-05-18 14:31:08,857 INFO T:101.75Â°K V:4.9747e-01V I:1.0050e-03A R:4.9499e+02ğ›€ E:7.7730e+00V/cm J:9.2204e-03A/cm2 ğ›’:8.4303e+02ğ›€ cm
2023-05-18 14:31:08,879 INFO Measurement at current 0.0011306532663316585
2023-05-18 14:31:09,473 INFO T:101.75Â°K V:5.5873e-01V I:1.1307e-03A R:4.9416e+02ğ›€ E:8.7301e+00V/cm J:1.0373e-02A/cm2 ğ›’:8.4162e+02ğ›€ cm
2023-05-18 14:31:09,488 INFO Measurement at current 0.0012562814070351761
2023-05-18 14:31:10,073 INFO T:101.76Â°K V:6.1998e-01V I:1.2563e-03A R:4.9350e+02ğ›€ E:9.6871e+00V/cm J:1.1526e-02A/cm2 ğ›’:8.4049e+02ğ›€ cm
2023-05-18 14:31:10,089 INFO Measurement at current 0.0013819095477386936
2023-05-18 14:31:10,708 INFO T:101.76Â°K V:6.8061e-01V I:1.3819e-03A R:4.9251e+02ğ›€ E:1.0634e+01V/cm J:1.2678e-02A/cm2 ğ›’:8.3881e+02ğ›€ cm
2023-05-18 14:31:10,726 INFO Measurement at current 0.0015075376884422112
2023-05-18 14:31:11,324 INFO T:101.76Â°K V:7.4097e-01V I:1.5075e-03A R:4.9151e+02ğ›€ E:1.1578e+01V/cm J:1.3831e-02A/cm2 ğ›’:8.3710e+02ğ›€ cm
2023-05-18 14:31:11,349 INFO Measurement at current 0.0016331658291457289
2023-05-18 14:31:11,947 INFO T:101.76Â°K V:8.0081e-01V I:1.6332e-03A R:4.9034e+02ğ›€ E:1.2513e+01V/cm J:1.4983e-02A/cm2 ğ›’:8.3511e+02ğ›€ cm
2023-05-18 14:31:11,973 INFO Measurement at current 0.0017587939698492463
2023-05-18 14:31:12,577 INFO T:101.76Â°K V:8.6053e-01V I:1.7588e-03A R:4.8927e+02ğ›€ E:1.3446e+01V/cm J:1.6136e-02A/cm2 ğ›’:8.3329e+02ğ›€ cm
2023-05-18 14:31:12,594 INFO Measurement at current 0.001884422110552764
2023-05-18 14:31:13,182 INFO T:101.77Â°K V:9.1951e-01V I:1.8844e-03A R:4.8795e+02ğ›€ E:1.4367e+01V/cm J:1.7288e-02A/cm2 ğ›’:8.3104e+02ğ›€ cm
2023-05-18 14:31:13,198 INFO Measurement at current 0.0020100502512562816
2023-05-18 14:31:13,784 INFO T:101.77Â°K V:9.7790e-01V I:2.0101e-03A R:4.8650e+02ğ›€ E:1.5280e+01V/cm J:1.8441e-02A/cm2 ğ›’:8.2858e+02ğ›€ cm
2023-05-18 14:31:13,819 INFO Measurement at current 0.002135678391959799
2023-05-18 14:31:14,421 INFO T:101.77Â°K V:1.0356e+00V I:2.1357e-03A R:4.8489e+02ğ›€ E:1.6181e+01V/cm J:1.9593e-02A/cm2 ğ›’:8.2583e+02ğ›€ cm
2023-05-18 14:31:14,443 INFO Measurement at current 0.002261306532663317
2023-05-18 14:31:15,048 INFO T:101.77Â°K V:1.0928e+00V I:2.2613e-03A R:4.8326e+02ğ›€ E:1.7075e+01V/cm J:2.0746e-02A/cm2 ğ›’:8.2305e+02ğ›€ cm
2023-05-18 14:31:15,066 INFO Measurement at current 0.0023869346733668344
2023-05-18 14:31:15,670 INFO T:101.77Â°K V:1.1493e+00V I:2.3869e-03A R:4.8148e+02ğ›€ E:1.7957e+01V/cm J:2.1898e-02A/cm2 ğ›’:8.2002e+02ğ›€ cm
2023-05-18 14:31:15,688 INFO Measurement at current 0.0025125628140703522
2023-05-18 14:31:17,028 INFO T:101.78Â°K V:1.1999e+00V I:2.5126e-03A R:4.7757e+02ğ›€ E:1.8749e+01V/cm J:2.3051e-02A/cm2 ğ›’:8.1337e+02ğ›€ cm
2023-05-18 14:31:17,051 INFO Measurement at current 0.0026381909547738697
2023-05-18 14:31:17,657 INFO T:101.78Â°K V:1.2553e+00V I:2.6382e-03A R:4.7583e+02ğ›€ E:1.9615e+01V/cm J:2.4204e-02A/cm2 ğ›’:8.1040e+02ğ›€ cm
2023-05-18 14:31:17,676 INFO Measurement at current 0.002763819095477387
2023-05-18 14:31:18,264 INFO T:101.78Â°K V:1.3101e+00V I:2.7638e-03A R:4.7403e+02ğ›€ E:2.0471e+01V/cm J:2.5356e-02A/cm2 ğ›’:8.0734e+02ğ›€ cm
2023-05-18 14:31:18,281 INFO Measurement at current 0.002889447236180905
2023-05-18 14:31:18,875 INFO T:101.78Â°K V:1.3639e+00V I:2.8894e-03A R:4.7202e+02ğ›€ E:2.1311e+01V/cm J:2.6509e-02A/cm2 ğ›’:8.0392e+02ğ›€ cm
2023-05-18 14:31:18,891 INFO Measurement at current 0.0030150753768844224
2023-05-18 14:31:19,477 INFO T:101.78Â°K V:1.4168e+00V I:3.0151e-03A R:4.6992e+02ğ›€ E:2.2138e+01V/cm J:2.7661e-02A/cm2 ğ›’:8.0033e+02ğ›€ cm
2023-05-18 14:31:19,499 INFO Measurement at current 0.00314070351758794
2023-05-18 14:31:20,095 INFO T:101.79Â°K V:1.4688e+00V I:3.1407e-03A R:4.6766e+02ğ›€ E:2.2950e+01V/cm J:2.8814e-02A/cm2 ğ›’:7.9648e+02ğ›€ cm
2023-05-18 14:31:20,128 INFO Measurement at current 0.0032663316582914577
2023-05-18 14:31:20,728 INFO T:101.79Â°K V:1.5198e+00V I:3.2663e-03A R:4.6529e+02ğ›€ E:2.3747e+01V/cm J:2.9966e-02A/cm2 ğ›’:7.9245e+02ğ›€ cm
2023-05-18 14:31:20,750 INFO Measurement at current 0.003391959798994975
2023-05-18 14:31:21,341 INFO T:101.79Â°K V:1.5699e+00V I:3.3920e-03A R:4.6282e+02ğ›€ E:2.4529e+01V/cm J:3.1119e-02A/cm2 ğ›’:7.8824e+02ğ›€ cm
2023-05-18 14:31:21,369 INFO Measurement at current 0.0035175879396984926
2023-05-18 14:31:21,966 INFO T:101.79Â°K V:1.6188e+00V I:3.5176e-03A R:4.6021e+02ğ›€ E:2.5294e+01V/cm J:3.2271e-02A/cm2 ğ›’:7.8379e+02ğ›€ cm
2023-05-18 14:31:21,990 INFO Measurement at current 0.0036432160804020105
2023-05-18 14:31:22,591 INFO T:101.79Â°K V:1.6667e+00V I:3.6432e-03A R:4.5747e+02ğ›€ E:2.6042e+01V/cm J:3.3424e-02A/cm2 ğ›’:7.7913e+02ğ›€ cm
2023-05-18 14:31:22,615 INFO Measurement at current 0.003768844221105528
2023-05-18 14:31:23,214 INFO T:101.80Â°K V:1.7138e+00V I:3.7688e-03A R:4.5474e+02ğ›€ E:2.6779e+01V/cm J:3.4577e-02A/cm2 ğ›’:7.7447e+02ğ›€ cm
2023-05-18 14:31:23,229 INFO Measurement at current 0.0038944723618090458
2023-05-18 14:31:23,825 INFO T:101.80Â°K V:1.7601e+00V I:3.8945e-03A R:4.5195e+02ğ›€ E:2.7502e+01V/cm J:3.5729e-02A/cm2 ğ›’:7.6973e+02ğ›€ cm
2023-05-18 14:31:23,840 INFO Measurement at current 0.004020100502512563
2023-05-18 14:31:24,437 INFO T:101.80Â°K V:1.8053e+00V I:4.0201e-03A R:4.4906e+02ğ›€ E:2.8207e+01V/cm J:3.6882e-02A/cm2 ğ›’:7.6480e+02ğ›€ cm
2023-05-18 14:31:24,453 INFO Measurement at current 0.004145728643216081
2023-05-18 14:31:25,058 INFO T:101.80Â°K V:1.8492e+00V I:4.1457e-03A R:4.4604e+02ğ›€ E:2.8893e+01V/cm J:3.8034e-02A/cm2 ğ›’:7.5967e+02ğ›€ cm
2023-05-18 14:31:25,083 INFO Measurement at current 0.004271356783919598
2023-05-18 14:31:25,685 INFO T:101.80Â°K V:1.8922e+00V I:4.2714e-03A R:4.4301e+02ğ›€ E:2.9566e+01V/cm J:3.9187e-02A/cm2 ğ›’:7.5449e+02ğ›€ cm
2023-05-18 14:31:25,706 INFO Measurement at current 0.004396984924623116
2023-05-18 14:31:26,298 INFO T:101.80Â°K V:1.9344e+00V I:4.3970e-03A R:4.3994e+02ğ›€ E:3.0225e+01V/cm J:4.0339e-02A/cm2 ğ›’:7.4927e+02ğ›€ cm
2023-05-18 14:31:26,315 INFO Measurement at current 0.004522613065326634
2023-05-18 14:31:26,909 INFO T:101.81Â°K V:1.9754e+00V I:4.5226e-03A R:4.3679e+02ğ›€ E:3.0866e+01V/cm J:4.1492e-02A/cm2 ğ›’:7.4391e+02ğ›€ cm
2023-05-18 14:31:26,936 INFO Measurement at current 0.004648241206030151
2023-05-18 14:31:27,535 INFO T:101.81Â°K V:2.0147e+00V I:4.6482e-03A R:4.3343e+02ğ›€ E:3.1479e+01V/cm J:4.2644e-02A/cm2 ğ›’:7.3818e+02ğ›€ cm
2023-05-18 14:31:27,551 INFO Measurement at current 0.004773869346733669
2023-05-18 14:31:28,142 INFO T:101.81Â°K V:2.0541e+00V I:4.7739e-03A R:4.3028e+02ğ›€ E:3.2095e+01V/cm J:4.3797e-02A/cm2 ğ›’:7.3281e+02ğ›€ cm
2023-05-18 14:31:28,167 INFO Measurement at current 0.004899497487437186
2023-05-18 14:31:28,768 INFO T:101.81Â°K V:2.0917e+00V I:4.8995e-03A R:4.2693e+02ğ›€ E:3.2683e+01V/cm J:4.4950e-02A/cm2 ğ›’:7.2711e+02ğ›€ cm
2023-05-18 14:31:28,794 INFO Measurement at current 0.0050251256281407045
2023-05-18 14:31:29,390 INFO T:101.81Â°K V:2.1283e+00V I:5.0251e-03A R:4.2353e+02ğ›€ E:3.3255e+01V/cm J:4.6102e-02A/cm2 ğ›’:7.2133e+02ğ›€ cm
2023-05-18 14:31:29,408 INFO Measurement at current 0.005150753768844222
2023-05-18 14:31:29,995 INFO T:101.82Â°K V:2.1644e+00V I:5.1508e-03A R:4.2022e+02ğ›€ E:3.3819e+01V/cm J:4.7255e-02A/cm2 ğ›’:7.1569e+02ğ›€ cm
2023-05-18 14:31:30,012 INFO Measurement at current 0.005276381909547739
2023-05-18 14:31:30,638 INFO T:101.82Â°K V:2.1992e+00V I:5.2764e-03A R:4.1680e+02ğ›€ E:3.4363e+01V/cm J:4.8407e-02A/cm2 ğ›’:7.0987e+02ğ›€ cm
2023-05-18 14:31:30,659 INFO Measurement at current 0.005402010050251257
2023-05-18 14:31:31,246 INFO T:101.82Â°K V:2.2320e+00V I:5.4020e-03A R:4.1318e+02ğ›€ E:3.4875e+01V/cm J:4.9560e-02A/cm2 ğ›’:7.0369e+02ğ›€ cm
2023-05-18 14:31:31,269 INFO Measurement at current 0.005527638190954774
2023-05-18 14:31:31,869 INFO T:101.82Â°K V:2.2649e+00V I:5.5276e-03A R:4.0974e+02ğ›€ E:3.5389e+01V/cm J:5.0712e-02A/cm2 ğ›’:6.9784e+02ğ›€ cm
2023-05-18 14:31:31,887 INFO Measurement at current 0.005653266331658292
2023-05-18 14:31:32,478 INFO T:101.82Â°K V:2.2970e+00V I:5.6533e-03A R:4.0632e+02ğ›€ E:3.5891e+01V/cm J:5.1865e-02A/cm2 ğ›’:6.9201e+02ğ›€ cm
2023-05-18 14:31:32,502 INFO Measurement at current 0.00577889447236181
2023-05-18 14:31:33,093 INFO T:101.83Â°K V:2.3279e+00V I:5.7789e-03A R:4.0283e+02ğ›€ E:3.6374e+01V/cm J:5.3017e-02A/cm2 ğ›’:6.8607e+02ğ›€ cm
2023-05-18 14:31:33,108 INFO Measurement at current 0.005904522613065327
2023-05-18 14:31:33,700 INFO T:101.83Â°K V:2.3581e+00V I:5.9045e-03A R:3.9938e+02ğ›€ E:3.6846e+01V/cm J:5.4170e-02A/cm2 ğ›’:6.8019e+02ğ›€ cm
2023-05-18 14:31:33,731 INFO Measurement at current 0.006030150753768845
2023-05-18 14:31:34,329 INFO T:101.83Â°K V:2.3864e+00V I:6.0302e-03A R:3.9574e+02ğ›€ E:3.7287e+01V/cm J:5.5322e-02A/cm2 ğ›’:6.7399e+02ğ›€ cm
2023-05-18 14:31:34,352 INFO Measurement at current 0.006155778894472362
2023-05-18 14:31:34,958 INFO T:101.83Â°K V:2.4148e+00V I:6.1558e-03A R:3.9228e+02ğ›€ E:3.7731e+01V/cm J:5.6475e-02A/cm2 ğ›’:6.6811e+02ğ›€ cm
2023-05-18 14:31:34,982 INFO Measurement at current 0.00628140703517588
2023-05-18 14:31:35,585 INFO T:101.83Â°K V:2.4415e+00V I:6.2814e-03A R:3.8868e+02ğ›€ E:3.8148e+01V/cm J:5.7628e-02A/cm2 ğ›’:6.6197e+02ğ›€ cm
2023-05-18 14:31:35,604 INFO Measurement at current 0.006407035175879398
2023-05-18 14:31:36,199 INFO T:101.84Â°K V:2.4679e+00V I:6.4070e-03A R:3.8518e+02ğ›€ E:3.8561e+01V/cm J:5.8780e-02A/cm2 ğ›’:6.5601e+02ğ›€ cm
2023-05-18 14:31:36,217 INFO Measurement at current 0.0065326633165829154
2023-05-18 14:31:36,806 INFO T:101.84Â°K V:2.4933e+00V I:6.5327e-03A R:3.8167e+02ğ›€ E:3.8959e+01V/cm J:5.9933e-02A/cm2 ğ›’:6.5004e+02ğ›€ cm
2023-05-18 14:31:36,822 INFO Measurement at current 0.006658291457286433
2023-05-18 14:31:37,415 INFO T:101.84Â°K V:2.5183e+00V I:6.6583e-03A R:3.7822e+02ğ›€ E:3.9349e+01V/cm J:6.1085e-02A/cm2 ğ›’:6.4416e+02ğ›€ cm
2023-05-18 14:31:37,441 INFO Measurement at current 0.00678391959798995
2023-05-18 14:31:38,043 INFO T:101.84Â°K V:2.5413e+00V I:6.7839e-03A R:3.7461e+02ğ›€ E:3.9708e+01V/cm J:6.2238e-02A/cm2 ğ›’:6.3800e+02ğ›€ cm
2023-05-18 14:31:38,066 INFO Measurement at current 0.006909547738693468
2023-05-18 14:31:38,671 INFO T:101.84Â°K V:2.5638e+00V I:6.9095e-03A R:3.7105e+02ğ›€ E:4.0059e+01V/cm J:6.3390e-02A/cm2 ğ›’:6.3195e+02ğ›€ cm
2023-05-18 14:31:38,691 INFO Measurement at current 0.007035175879396985
2023-05-18 14:31:39,296 INFO T:101.85Â°K V:2.5857e+00V I:7.0352e-03A R:3.6753e+02ğ›€ E:4.0401e+01V/cm J:6.4543e-02A/cm2 ğ›’:6.2596e+02ğ›€ cm
2023-05-18 14:31:39,325 INFO Measurement at current 0.0071608040201005035
2023-05-18 14:31:39,907 INFO T:101.85Â°K V:2.6067e+00V I:7.1608e-03A R:3.6402e+02ğ›€ E:4.0730e+01V/cm J:6.5695e-02A/cm2 ğ›’:6.1998e+02ğ›€ cm
2023-05-18 14:31:39,945 INFO Measurement at current 0.007286432160804021
2023-05-18 14:31:40,532 INFO T:101.85Â°K V:2.6274e+00V I:7.2864e-03A R:3.6059e+02ğ›€ E:4.1053e+01V/cm J:6.6848e-02A/cm2 ğ›’:6.1412e+02ğ›€ cm
2023-05-18 14:31:40,547 INFO Measurement at current 0.007412060301507538
2023-05-18 14:31:41,137 INFO T:101.85Â°K V:2.6479e+00V I:7.4121e-03A R:3.5724e+02ğ›€ E:4.1374e+01V/cm J:6.8001e-02A/cm2 ğ›’:6.0843e+02ğ›€ cm
2023-05-18 14:31:41,156 INFO Measurement at current 0.007537688442211056
2023-05-18 14:31:41,761 INFO T:101.85Â°K V:2.6678e+00V I:7.5377e-03A R:3.5393e+02ğ›€ E:4.1685e+01V/cm J:6.9153e-02A/cm2 ğ›’:6.0279e+02ğ›€ cm
2023-05-18 14:31:41,789 INFO Measurement at current 0.007663316582914573
2023-05-18 14:31:42,395 INFO T:101.86Â°K V:2.6862e+00V I:7.6633e-03A R:3.5053e+02ğ›€ E:4.1972e+01V/cm J:7.0306e-02A/cm2 ğ›’:5.9700e+02ğ›€ cm
2023-05-18 14:31:42,412 INFO Measurement at current 0.0077889447236180916
2023-05-18 14:31:43,014 INFO T:101.86Â°K V:2.7042e+00V I:7.7889e-03A R:3.4718e+02ğ›€ E:4.2252e+01V/cm J:7.1458e-02A/cm2 ğ›’:5.9129e+02ğ›€ cm
2023-05-18 14:31:43,040 INFO Measurement at current 0.007914572864321609
2023-05-18 14:31:43,627 INFO T:101.86Â°K V:2.7212e+00V I:7.9146e-03A R:3.4382e+02ğ›€ E:4.2519e+01V/cm J:7.2611e-02A/cm2 ğ›’:5.8557e+02ğ›€ cm
2023-05-18 14:31:43,650 INFO Measurement at current 0.008040201005025126
2023-05-18 14:31:44,244 INFO T:101.86Â°K V:2.7379e+00V I:8.0402e-03A R:3.4053e+02ğ›€ E:4.2780e+01V/cm J:7.3763e-02A/cm2 ğ›’:5.7997e+02ğ›€ cm
2023-05-18 14:31:44,263 INFO Measurement at current 0.008165829145728644
2023-05-18 14:31:44,847 INFO T:101.86Â°K V:2.7549e+00V I:8.1658e-03A R:3.3736e+02ğ›€ E:4.3045e+01V/cm J:7.4916e-02A/cm2 ğ›’:5.7457e+02ğ›€ cm
2023-05-18 14:31:44,864 INFO Measurement at current 0.008291457286432161
2023-05-18 14:31:45,458 INFO T:101.87Â°K V:2.7708e+00V I:8.2915e-03A R:3.3417e+02ğ›€ E:4.3294e+01V/cm J:7.6068e-02A/cm2 ğ›’:5.6914e+02ğ›€ cm
2023-05-18 14:31:45,478 INFO Measurement at current 0.008417085427135679
2023-05-18 14:31:46,090 INFO T:101.87Â°K V:2.7855e+00V I:8.4171e-03A R:3.3093e+02ğ›€ E:4.3523e+01V/cm J:7.7221e-02A/cm2 ğ›’:5.6362e+02ğ›€ cm
2023-05-18 14:31:46,112 INFO Measurement at current 0.008542713567839196
2023-05-18 14:31:46,711 INFO T:101.87Â°K V:2.7990e+00V I:8.5427e-03A R:3.2764e+02ğ›€ E:4.3734e+01V/cm J:7.8374e-02A/cm2 ğ›’:5.5802e+02ğ›€ cm
2023-05-18 14:31:46,734 INFO Measurement at current 0.008668341708542714
2023-05-18 14:31:47,331 INFO T:101.87Â°K V:2.8132e+00V I:8.6683e-03A R:3.2453e+02ğ›€ E:4.3955e+01V/cm J:7.9526e-02A/cm2 ğ›’:5.5272e+02ğ›€ cm
2023-05-18 14:31:47,357 INFO Measurement at current 0.008793969849246233
2023-05-18 14:31:47,950 INFO T:101.87Â°K V:2.8260e+00V I:8.7940e-03A R:3.2136e+02ğ›€ E:4.4156e+01V/cm J:8.0679e-02A/cm2 ğ›’:5.4731e+02ğ›€ cm
2023-05-18 14:31:47,969 INFO Measurement at current 0.00891959798994975
2023-05-18 14:31:48,560 INFO T:101.88Â°K V:2.8390e+00V I:8.9196e-03A R:3.1829e+02ğ›€ E:4.4360e+01V/cm J:8.1831e-02A/cm2 ğ›’:5.4209e+02ğ›€ cm
2023-05-18 14:31:48,595 INFO Measurement at current 0.009045226130653268
2023-05-18 14:31:49,207 INFO T:101.88Â°K V:2.8507e+00V I:9.0452e-03A R:3.1516e+02ğ›€ E:4.4542e+01V/cm J:8.2984e-02A/cm2 ğ›’:5.3675e+02ğ›€ cm
2023-05-18 14:31:49,225 INFO Measurement at current 0.009170854271356785
2023-05-18 14:31:49,824 INFO T:101.88Â°K V:2.8628e+00V I:9.1709e-03A R:3.1217e+02ğ›€ E:4.4732e+01V/cm J:8.4136e-02A/cm2 ğ›’:5.3166e+02ğ›€ cm
2023-05-18 14:31:49,847 INFO Measurement at current 0.009296482412060303
2023-05-18 14:31:50,438 INFO T:101.88Â°K V:2.8745e+00V I:9.2965e-03A R:3.0920e+02ğ›€ E:4.4914e+01V/cm J:8.5289e-02A/cm2 ğ›’:5.2661e+02ğ›€ cm
2023-05-18 14:31:50,454 INFO Measurement at current 0.00942211055276382
2023-05-18 14:31:51,046 INFO T:101.88Â°K V:2.8864e+00V I:9.4221e-03A R:3.0634e+02ğ›€ E:4.5099e+01V/cm J:8.6441e-02A/cm2 ğ›’:5.2173e+02ğ›€ cm
2023-05-18 14:31:51,070 INFO Measurement at current 0.009547738693467337
2023-05-18 14:31:51,670 INFO T:101.89Â°K V:2.8972e+00V I:9.5477e-03A R:3.0344e+02ğ›€ E:4.5268e+01V/cm J:8.7594e-02A/cm2 ğ›’:5.1680e+02ğ›€ cm
2023-05-18 14:31:51,693 INFO Measurement at current 0.009673366834170855
2023-05-18 14:31:52,304 INFO T:101.89Â°K V:2.9073e+00V I:9.6734e-03A R:3.0055e+02ğ›€ E:4.5426e+01V/cm J:8.8746e-02A/cm2 ğ›’:5.1187e+02ğ›€ cm
2023-05-18 14:31:52,350 INFO Measurement at current 0.009798994974874372
2023-05-18 14:31:52,940 INFO T:101.89Â°K V:2.9160e+00V I:9.7990e-03A R:2.9758e+02ğ›€ E:4.5562e+01V/cm J:8.9899e-02A/cm2 ğ›’:5.0681e+02ğ›€ cm
2023-05-18 14:31:52,955 INFO Measurement at current 0.00992462311557789
2023-05-18 14:31:53,546 INFO T:101.89Â°K V:2.9263e+00V I:9.9246e-03A R:2.9485e+02ğ›€ E:4.5724e+01V/cm J:9.1052e-02A/cm2 ğ›’:5.0217e+02ğ›€ cm
2023-05-18 14:31:53,584 INFO Measurement at current 0.010050251256281409
2023-05-18 14:31:54,191 INFO T:101.89Â°K V:2.9351e+00V I:1.0050e-02A R:2.9204e+02ğ›€ E:4.5861e+01V/cm J:9.2204e-02A/cm2 ğ›’:4.9738e+02ğ›€ cm
2023-05-18 14:31:54,220 INFO Measurement at current 0.010175879396984926
2023-05-18 14:31:54,808 INFO T:101.90Â°K V:2.9431e+00V I:1.0176e-02A R:2.8923e+02ğ›€ E:4.5986e+01V/cm J:9.3357e-02A/cm2 ğ›’:4.9259e+02ğ›€ cm
2023-05-18 14:31:54,829 INFO Measurement at current 0.010301507537688444
2023-05-18 14:31:55,414 INFO T:101.90Â°K V:2.9522e+00V I:1.0302e-02A R:2.8658e+02ğ›€ E:4.6129e+01V/cm J:9.4509e-02A/cm2 ğ›’:4.8809e+02ğ›€ cm
2023-05-18 14:31:55,438 INFO Measurement at current 0.010427135678391961
2023-05-18 14:31:56,022 INFO T:101.90Â°K V:2.9610e+00V I:1.0427e-02A R:2.8397e+02ğ›€ E:4.6266e+01V/cm J:9.5662e-02A/cm2 ğ›’:4.8364e+02ğ›€ cm
2023-05-18 14:31:56,047 INFO Measurement at current 0.010552763819095479
2023-05-18 14:31:56,655 INFO T:101.90Â°K V:2.9695e+00V I:1.0553e-02A R:2.8140e+02ğ›€ E:4.6399e+01V/cm J:9.6814e-02A/cm2 ğ›’:4.7926e+02ğ›€ cm
2023-05-18 14:31:56,687 INFO Measurement at current 0.010678391959798996
2023-05-18 14:31:57,303 INFO T:101.90Â°K V:2.9764e+00V I:1.0678e-02A R:2.7873e+02ğ›€ E:4.6507e+01V/cm J:9.7967e-02A/cm2 ğ›’:4.7472e+02ğ›€ cm
2023-05-18 14:31:57,332 INFO Measurement at current 0.010804020100502514
2023-05-18 14:31:57,917 INFO T:101.91Â°K V:2.9828e+00V I:1.0804e-02A R:2.7609e+02ğ›€ E:4.6607e+01V/cm J:9.9119e-02A/cm2 ğ›’:4.7021e+02ğ›€ cm
2023-05-18 14:31:57,935 INFO Measurement at current 0.010929648241206031
2023-05-18 14:31:58,547 INFO T:101.91Â°K V:2.9902e+00V I:1.0930e-02A R:2.7358e+02ğ›€ E:4.6722e+01V/cm J:1.0027e-01A/cm2 ğ›’:4.6595e+02ğ›€ cm
2023-05-18 14:31:58,570 INFO Measurement at current 0.011055276381909548
2023-05-18 14:31:59,170 INFO T:101.91Â°K V:2.9965e+00V I:1.1055e-02A R:2.7104e+02ğ›€ E:4.6820e+01V/cm J:1.0142e-01A/cm2 ğ›’:4.6162e+02ğ›€ cm
2023-05-18 14:31:59,194 INFO Measurement at current 0.011180904522613066
2023-05-18 14:31:59,783 INFO T:101.91Â°K V:3.0030e+00V I:1.1181e-02A R:2.6859e+02ğ›€ E:4.6923e+01V/cm J:1.0258e-01A/cm2 ğ›’:4.5744e+02ğ›€ cm
2023-05-18 14:31:59,800 INFO Measurement at current 0.011306532663316583
2023-05-18 14:32:00,391 INFO T:101.92Â°K V:3.0097e+00V I:1.1307e-02A R:2.6619e+02ğ›€ E:4.7026e+01V/cm J:1.0373e-01A/cm2 ğ›’:4.5335e+02ğ›€ cm
2023-05-18 14:32:00,420 INFO Measurement at current 0.011432160804020102
2023-05-18 14:32:01,007 INFO T:101.92Â°K V:3.0157e+00V I:1.1432e-02A R:2.6379e+02ğ›€ E:4.7120e+01V/cm J:1.0488e-01A/cm2 ğ›’:4.4927e+02ğ›€ cm
2023-05-18 14:32:01,044 INFO Measurement at current 0.01155778894472362
2023-05-18 14:32:01,636 INFO T:101.92Â°K V:3.0220e+00V I:1.1558e-02A R:2.6147e+02ğ›€ E:4.7219e+01V/cm J:1.0603e-01A/cm2 ğ›’:4.4532e+02ğ›€ cm
2023-05-18 14:32:01,653 INFO Measurement at current 0.011683417085427137
2023-05-18 14:32:02,242 INFO T:101.92Â°K V:3.0281e+00V I:1.1683e-02A R:2.5918e+02ğ›€ E:4.7314e+01V/cm J:1.0719e-01A/cm2 ğ›’:4.4141e+02ğ›€ cm
2023-05-18 14:32:02,265 INFO Measurement at current 0.011809045226130655
2023-05-18 14:32:02,869 INFO T:101.92Â°K V:3.0332e+00V I:1.1809e-02A R:2.5685e+02ğ›€ E:4.7393e+01V/cm J:1.0834e-01A/cm2 ğ›’:4.3745e+02ğ›€ cm
2023-05-18 14:32:02,891 INFO Measurement at current 0.011934673366834172
2023-05-18 14:32:03,489 INFO T:101.93Â°K V:3.0379e+00V I:1.1935e-02A R:2.5454e+02ğ›€ E:4.7467e+01V/cm J:1.0949e-01A/cm2 ğ›’:4.3352e+02ğ›€ cm
2023-05-18 14:32:03,511 INFO Measurement at current 0.01206030150753769
2023-05-18 14:32:04,100 INFO T:101.93Â°K V:3.0424e+00V I:1.2060e-02A R:2.5227e+02ğ›€ E:4.7538e+01V/cm J:1.1064e-01A/cm2 ğ›’:4.2964e+02ğ›€ cm
2023-05-18 14:32:04,120 INFO Measurement at current 0.012185929648241207
2023-05-18 14:32:04,710 INFO T:101.93Â°K V:3.0472e+00V I:1.2186e-02A R:2.5006e+02ğ›€ E:4.7612e+01V/cm J:1.1180e-01A/cm2 ğ›’:4.2588e+02ğ›€ cm
2023-05-18 14:32:04,729 INFO Measurement at current 0.012311557788944725
2023-05-18 14:32:05,317 INFO T:101.93Â°K V:3.0516e+00V I:1.2312e-02A R:2.4787e+02ğ›€ E:4.7682e+01V/cm J:1.1295e-01A/cm2 ğ›’:4.2215e+02ğ›€ cm
2023-05-18 14:32:05,338 INFO Measurement at current 0.012437185929648242
2023-05-18 14:32:05,947 INFO T:101.93Â°K V:3.0560e+00V I:1.2437e-02A R:2.4571e+02ğ›€ E:4.7749e+01V/cm J:1.1410e-01A/cm2 ğ›’:4.1848e+02ğ›€ cm
2023-05-18 14:32:05,970 INFO Measurement at current 0.01256281407035176
2023-05-18 14:32:06,570 INFO T:101.94Â°K V:3.0603e+00V I:1.2563e-02A R:2.4360e+02ğ›€ E:4.7817e+01V/cm J:1.1526e-01A/cm2 ğ›’:4.1488e+02ğ›€ cm
2023-05-18 14:32:06,590 INFO Measurement at current 0.012688442211055277
2023-05-18 14:32:07,182 INFO T:101.94Â°K V:3.0634e+00V I:1.2688e-02A R:2.4143e+02ğ›€ E:4.7865e+01V/cm J:1.1641e-01A/cm2 ğ›’:4.1119e+02ğ›€ cm
2023-05-18 14:32:07,213 INFO Measurement at current 0.012814070351758796
2023-05-18 14:32:08,725 INFO T:101.94Â°K V:3.0668e+00V I:1.2814e-02A R:2.3933e+02ğ›€ E:4.7919e+01V/cm J:1.1756e-01A/cm2 ğ›’:4.0761e+02ğ›€ cm
2023-05-18 14:32:08,742 INFO Measurement at current 0.012939698492462313
2023-05-18 14:32:09,323 INFO T:101.95Â°K V:3.0436e+00V I:1.2940e-02A R:2.3521e+02ğ›€ E:4.7556e+01V/cm J:1.1871e-01A/cm2 ğ›’:4.0060e+02ğ›€ cm
2023-05-18 14:32:09,342 INFO Measurement at current 0.013065326633165831
2023-05-18 14:32:09,927 INFO T:101.95Â°K V:3.0513e+00V I:1.3065e-02A R:2.3354e+02ğ›€ E:4.7676e+01V/cm J:1.1987e-01A/cm2 ğ›’:3.9775e+02ğ›€ cm
2023-05-18 14:32:09,950 INFO Measurement at current 0.013190954773869348
2023-05-18 14:32:10,560 INFO T:101.95Â°K V:3.0568e+00V I:1.3191e-02A R:2.3174e+02ğ›€ E:4.7763e+01V/cm J:1.2102e-01A/cm2 ğ›’:3.9468e+02ğ›€ cm
2023-05-18 14:32:10,585 INFO Measurement at current 0.013316582914572866
2023-05-18 14:32:11,178 INFO T:101.95Â°K V:3.0623e+00V I:1.3317e-02A R:2.2996e+02ğ›€ E:4.7849e+01V/cm J:1.2217e-01A/cm2 ğ›’:3.9166e+02ğ›€ cm
2023-05-18 14:32:11,197 INFO Measurement at current 0.013442211055276383
2023-05-18 14:32:11,785 INFO T:101.96Â°K V:3.0673e+00V I:1.3442e-02A R:2.2819e+02ğ›€ E:4.7927e+01V/cm J:1.2332e-01A/cm2 ğ›’:3.8863e+02ğ›€ cm
2023-05-18 14:32:11,809 INFO Measurement at current 0.0135678391959799
2023-05-18 14:32:12,409 INFO T:101.96Â°K V:3.0733e+00V I:1.3568e-02A R:2.2652e+02ğ›€ E:4.8021e+01V/cm J:1.2448e-01A/cm2 ğ›’:3.8579e+02ğ›€ cm
2023-05-18 14:32:12,428 INFO Measurement at current 0.013693467336683418
2023-05-18 14:32:13,047 INFO T:101.96Â°K V:3.0773e+00V I:1.3693e-02A R:2.2473e+02ğ›€ E:4.8083e+01V/cm J:1.2563e-01A/cm2 ğ›’:3.8274e+02ğ›€ cm
2023-05-18 14:32:13,084 INFO Measurement at current 0.013819095477386936
2023-05-18 14:32:13,676 INFO T:101.96Â°K V:3.0795e+00V I:1.3819e-02A R:2.2285e+02ğ›€ E:4.8118e+01V/cm J:1.2678e-01A/cm2 ğ›’:3.7954e+02ğ›€ cm
2023-05-18 14:32:13,697 INFO Measurement at current 0.013944723618090453
2023-05-18 14:32:14,305 INFO T:101.96Â°K V:3.0828e+00V I:1.3945e-02A R:2.2108e+02ğ›€ E:4.8170e+01V/cm J:1.2793e-01A/cm2 ğ›’:3.7652e+02ğ›€ cm
2023-05-18 14:32:14,343 INFO Measurement at current 0.01407035175879397
2023-05-18 14:32:14,977 INFO T:101.97Â°K V:3.0850e+00V I:1.4070e-02A R:2.1925e+02ğ›€ E:4.8202e+01V/cm J:1.2909e-01A/cm2 ğ›’:3.7341e+02ğ›€ cm
2023-05-18 14:32:14,999 INFO Measurement at current 0.01419597989949749
2023-05-18 14:32:15,604 INFO T:101.97Â°K V:3.0869e+00V I:1.4196e-02A R:2.1745e+02ğ›€ E:4.8232e+01V/cm J:1.3024e-01A/cm2 ğ›’:3.7034e+02ğ›€ cm
2023-05-18 14:32:15,645 INFO Measurement at current 0.014321608040201007
2023-05-18 14:32:16,256 INFO T:101.97Â°K V:3.0890e+00V I:1.4322e-02A R:2.1569e+02ğ›€ E:4.8266e+01V/cm J:1.3139e-01A/cm2 ğ›’:3.6734e+02ğ›€ cm
2023-05-18 14:32:16,288 INFO Measurement at current 0.014447236180904524
2023-05-18 14:32:16,889 INFO T:101.97Â°K V:3.0915e+00V I:1.4447e-02A R:2.1399e+02ğ›€ E:4.8305e+01V/cm J:1.3254e-01A/cm2 ğ›’:3.6445e+02ğ›€ cm
2023-05-18 14:32:16,914 INFO Measurement at current 0.014572864321608042
2023-05-18 14:32:17,523 INFO T:101.98Â°K V:3.0941e+00V I:1.4573e-02A R:2.1232e+02ğ›€ E:4.8345e+01V/cm J:1.3370e-01A/cm2 ğ›’:3.6160e+02ğ›€ cm
2023-05-18 14:32:17,539 INFO Measurement at current 0.01469849246231156
2023-05-18 14:32:18,152 INFO T:101.98Â°K V:3.0969e+00V I:1.4698e-02A R:2.1070e+02ğ›€ E:4.8390e+01V/cm J:1.3485e-01A/cm2 ğ›’:3.5884e+02ğ›€ cm
2023-05-18 14:32:18,169 INFO Measurement at current 0.014824120603015077
2023-05-18 14:32:18,774 INFO T:101.98Â°K V:3.0980e+00V I:1.4824e-02A R:2.0899e+02ğ›€ E:4.8407e+01V/cm J:1.3600e-01A/cm2 ğ›’:3.5593e+02ğ›€ cm
2023-05-18 14:32:18,800 INFO Measurement at current 0.014949748743718594
2023-05-18 14:32:19,403 INFO T:101.98Â°K V:3.0997e+00V I:1.4950e-02A R:2.0734e+02ğ›€ E:4.8432e+01V/cm J:1.3715e-01A/cm2 ğ›’:3.5313e+02ğ›€ cm
2023-05-18 14:32:19,423 INFO Measurement at current 0.015075376884422112
2023-05-18 14:32:20,036 INFO T:101.99Â°K V:3.1015e+00V I:1.5075e-02A R:2.0573e+02ğ›€ E:4.8460e+01V/cm J:1.3831e-01A/cm2 ğ›’:3.5038e+02ğ›€ cm
2023-05-18 14:32:20,054 INFO Measurement at current 0.015201005025125629
2023-05-18 14:32:20,644 INFO T:101.99Â°K V:3.1029e+00V I:1.5201e-02A R:2.0412e+02ğ›€ E:4.8483e+01V/cm J:1.3946e-01A/cm2 ğ›’:3.4765e+02ğ›€ cm
2023-05-18 14:32:20,660 INFO Measurement at current 0.015326633165829147
2023-05-18 14:32:21,249 INFO T:101.99Â°K V:3.1047e+00V I:1.5327e-02A R:2.0257e+02ğ›€ E:4.8512e+01V/cm J:1.4061e-01A/cm2 ğ›’:3.4500e+02ğ›€ cm
2023-05-18 14:32:21,266 INFO Measurement at current 0.015452261306532666
2023-05-18 14:32:21,856 INFO T:101.99Â°K V:3.1064e+00V I:1.5452e-02A R:2.0103e+02ğ›€ E:4.8537e+01V/cm J:1.4176e-01A/cm2 ğ›’:3.4238e+02ğ›€ cm
2023-05-18 14:32:21,871 INFO Measurement at current 0.015577889447236183
2023-05-18 14:32:22,454 INFO T:101.99Â°K V:3.1088e+00V I:1.5578e-02A R:1.9957e+02ğ›€ E:4.8575e+01V/cm J:1.4292e-01A/cm2 ğ›’:3.3989e+02ğ›€ cm
2023-05-18 14:32:22,470 INFO Measurement at current 0.0157035175879397
2023-05-18 14:32:23,049 INFO T:102.00Â°K V:3.1098e+00V I:1.5704e-02A R:1.9803e+02ğ›€ E:4.8591e+01V/cm J:1.4407e-01A/cm2 ğ›’:3.3728e+02ğ›€ cm
2023-05-18 14:32:23,063 INFO Measurement at current 0.015829145728643218
2023-05-18 14:32:23,648 INFO T:102.00Â°K V:3.1113e+00V I:1.5829e-02A R:1.9656e+02ğ›€ E:4.8615e+01V/cm J:1.4522e-01A/cm2 ğ›’:3.3476e+02ğ›€ cm
2023-05-18 14:32:23,665 INFO Measurement at current 0.015954773869346735
2023-05-18 14:32:24,250 INFO T:102.00Â°K V:3.1120e+00V I:1.5955e-02A R:1.9505e+02ğ›€ E:4.8625e+01V/cm J:1.4637e-01A/cm2 ğ›’:3.3219e+02ğ›€ cm
2023-05-18 14:32:24,266 INFO Measurement at current 0.016080402010050253
2023-05-18 14:32:24,853 INFO T:102.00Â°K V:3.1127e+00V I:1.6080e-02A R:1.9357e+02ğ›€ E:4.8636e+01V/cm J:1.4753e-01A/cm2 ğ›’:3.2967e+02ğ›€ cm
2023-05-18 14:32:24,869 INFO Measurement at current 0.01620603015075377
2023-05-18 14:32:25,457 INFO T:102.01Â°K V:3.1135e+00V I:1.6206e-02A R:1.9212e+02ğ›€ E:4.8648e+01V/cm J:1.4868e-01A/cm2 ğ›’:3.2720e+02ğ›€ cm
2023-05-18 14:32:25,481 INFO Measurement at current 0.016331658291457288
2023-05-18 14:32:26,070 INFO T:102.01Â°K V:3.1138e+00V I:1.6332e-02A R:1.9066e+02ğ›€ E:4.8653e+01V/cm J:1.4983e-01A/cm2 ğ›’:3.2472e+02ğ›€ cm
2023-05-18 14:32:26,115 INFO Measurement at current 0.016457286432160805
2023-05-18 14:32:26,709 INFO T:102.01Â°K V:3.1130e+00V I:1.6457e-02A R:1.8916e+02ğ›€ E:4.8641e+01V/cm J:1.5098e-01A/cm2 ğ›’:3.2216e+02ğ›€ cm
2023-05-18 14:32:26,726 INFO Measurement at current 0.016582914572864323
2023-05-18 14:32:27,313 INFO T:102.01Â°K V:3.1146e+00V I:1.6583e-02A R:1.8782e+02ğ›€ E:4.8665e+01V/cm J:1.5214e-01A/cm2 ğ›’:3.1988e+02ğ›€ cm
2023-05-18 14:32:27,326 INFO Measurement at current 0.01670854271356784
2023-05-18 14:32:27,912 INFO T:102.01Â°K V:3.1150e+00V I:1.6709e-02A R:1.8643e+02ğ›€ E:4.8672e+01V/cm J:1.5329e-01A/cm2 ğ›’:3.1752e+02ğ›€ cm
2023-05-18 14:32:27,928 INFO Measurement at current 0.016834170854271358
2023-05-18 14:32:28,525 INFO T:102.02Â°K V:3.1148e+00V I:1.6834e-02A R:1.8503e+02ğ›€ E:4.8668e+01V/cm J:1.5444e-01A/cm2 ğ›’:3.1512e+02ğ›€ cm
2023-05-18 14:32:28,544 INFO Measurement at current 0.016959798994974875
2023-05-18 14:32:29,144 INFO T:102.02Â°K V:3.1145e+00V I:1.6960e-02A R:1.8364e+02ğ›€ E:4.8664e+01V/cm J:1.5559e-01A/cm2 ğ›’:3.1276e+02ğ›€ cm
2023-05-18 14:32:29,168 INFO Measurement at current 0.017085427135678392
2023-05-18 14:32:29,771 INFO T:102.02Â°K V:3.1138e+00V I:1.7085e-02A R:1.8225e+02ğ›€ E:4.8653e+01V/cm J:1.5675e-01A/cm2 ğ›’:3.1039e+02ğ›€ cm
2023-05-18 14:32:29,801 INFO Measurement at current 0.01721105527638191
2023-05-18 14:32:30,394 INFO T:102.02Â°K V:3.1130e+00V I:1.7211e-02A R:1.8087e+02ğ›€ E:4.8641e+01V/cm J:1.5790e-01A/cm2 ğ›’:3.0805e+02ğ›€ cm
2023-05-18 14:32:30,415 INFO Measurement at current 0.017336683417085427
2023-05-18 14:32:31,005 INFO T:102.03Â°K V:3.1127e+00V I:1.7337e-02A R:1.7954e+02ğ›€ E:4.8636e+01V/cm J:1.5905e-01A/cm2 ğ›’:3.0578e+02ğ›€ cm
2023-05-18 14:32:31,022 INFO Measurement at current 0.017462311557788948
2023-05-18 14:32:31,611 INFO T:102.03Â°K V:3.1128e+00V I:1.7462e-02A R:1.7826e+02ğ›€ E:4.8637e+01V/cm J:1.6020e-01A/cm2 ğ›’:3.0359e+02ğ›€ cm
2023-05-18 14:32:31,630 INFO Measurement at current 0.017587939698492466
2023-05-18 14:32:32,219 INFO T:102.03Â°K V:3.1130e+00V I:1.7588e-02A R:1.7700e+02ğ›€ E:4.8640e+01V/cm J:1.6136e-01A/cm2 ğ›’:3.0145e+02ğ›€ cm
2023-05-18 14:32:32,237 INFO Measurement at current 0.017713567839195983
2023-05-18 14:32:32,855 INFO T:102.03Â°K V:3.1127e+00V I:1.7714e-02A R:1.7573e+02ğ›€ E:4.8637e+01V/cm J:1.6251e-01A/cm2 ğ›’:2.9928e+02ğ›€ cm
2023-05-18 14:32:32,886 INFO Measurement at current 0.0178391959798995
2023-05-18 14:32:33,485 INFO T:102.03Â°K V:3.1102e+00V I:1.7839e-02A R:1.7435e+02ğ›€ E:4.8597e+01V/cm J:1.6366e-01A/cm2 ğ›’:2.9693e+02ğ›€ cm
2023-05-18 14:32:33,515 INFO Measurement at current 0.017964824120603018
2023-05-18 14:32:34,108 INFO T:102.04Â°K V:3.1095e+00V I:1.7965e-02A R:1.7309e+02ğ›€ E:4.8587e+01V/cm J:1.6481e-01A/cm2 ğ›’:2.9479e+02ğ›€ cm
2023-05-18 14:32:34,134 INFO Measurement at current 0.018090452261306535
2023-05-18 14:32:34,732 INFO T:102.04Â°K V:3.1088e+00V I:1.8090e-02A R:1.7185e+02ğ›€ E:4.8576e+01V/cm J:1.6597e-01A/cm2 ğ›’:2.9268e+02ğ›€ cm
2023-05-18 14:32:34,750 INFO Measurement at current 0.018216080402010053
2023-05-18 14:32:35,347 INFO T:102.04Â°K V:3.1080e+00V I:1.8216e-02A R:1.7062e+02ğ›€ E:4.8563e+01V/cm J:1.6712e-01A/cm2 ğ›’:2.9058e+02ğ›€ cm
2023-05-18 14:32:35,377 INFO Measurement at current 0.01834170854271357
2023-05-18 14:32:35,986 INFO T:102.04Â°K V:3.1068e+00V I:1.8342e-02A R:1.6939e+02ğ›€ E:4.8544e+01V/cm J:1.6827e-01A/cm2 ğ›’:2.8848e+02ğ›€ cm
2023-05-18 14:32:36,013 INFO Measurement at current 0.018467336683417088
2023-05-18 14:32:36,609 INFO T:102.05Â°K V:3.1059e+00V I:1.8467e-02A R:1.6819e+02ğ›€ E:4.8530e+01V/cm J:1.6943e-01A/cm2 ğ›’:2.8644e+02ğ›€ cm
2023-05-18 14:32:36,630 INFO Measurement at current 0.018592964824120605
2023-05-18 14:32:37,228 INFO T:102.05Â°K V:3.1060e+00V I:1.8593e-02A R:1.6705e+02ğ›€ E:4.8532e+01V/cm J:1.7058e-01A/cm2 ğ›’:2.8451e+02ğ›€ cm
2023-05-18 14:32:37,247 INFO Measurement at current 0.018718592964824123
2023-05-18 14:32:37,844 INFO T:102.05Â°K V:3.1050e+00V I:1.8719e-02A R:1.6588e+02ğ›€ E:4.8516e+01V/cm J:1.7173e-01A/cm2 ğ›’:2.8251e+02ğ›€ cm
2023-05-18 14:32:37,864 INFO Measurement at current 0.01884422110552764
2023-05-18 14:32:38,454 INFO T:102.05Â°K V:3.1040e+00V I:1.8844e-02A R:1.6472e+02ğ›€ E:4.8500e+01V/cm J:1.7288e-01A/cm2 ğ›’:2.8054e+02ğ›€ cm
2023-05-18 14:32:38,475 INFO Measurement at current 0.018969849246231157
2023-05-18 14:32:39,087 INFO T:102.05Â°K V:3.1029e+00V I:1.8970e-02A R:1.6357e+02ğ›€ E:4.8483e+01V/cm J:1.7404e-01A/cm2 ğ›’:2.7858e+02ğ›€ cm
2023-05-18 14:32:39,110 INFO Measurement at current 0.019095477386934675
2023-05-18 14:32:39,704 INFO T:102.06Â°K V:3.1017e+00V I:1.9095e-02A R:1.6243e+02ğ›€ E:4.8464e+01V/cm J:1.7519e-01A/cm2 ğ›’:2.7664e+02ğ›€ cm
2023-05-18 14:32:39,723 INFO Measurement at current 0.019221105527638192
2023-05-18 14:32:40,327 INFO T:102.06Â°K V:3.1005e+00V I:1.9221e-02A R:1.6131e+02ğ›€ E:4.8445e+01V/cm J:1.7634e-01A/cm2 ğ›’:2.7472e+02ğ›€ cm
2023-05-18 14:32:40,348 INFO Measurement at current 0.01934673366834171
2023-05-18 14:32:40,951 INFO T:102.06Â°K V:3.0994e+00V I:1.9347e-02A R:1.6020e+02ğ›€ E:4.8428e+01V/cm J:1.7749e-01A/cm2 ğ›’:2.7285e+02ğ›€ cm
2023-05-18 14:32:40,985 INFO Measurement at current 0.019472361809045227
2023-05-18 14:32:41,585 INFO T:102.06Â°K V:3.0978e+00V I:1.9472e-02A R:1.5909e+02ğ›€ E:4.8403e+01V/cm J:1.7865e-01A/cm2 ğ›’:2.7094e+02ğ›€ cm
2023-05-18 14:32:41,608 INFO Measurement at current 0.019597989949748745
2023-05-18 14:32:42,205 INFO T:102.07Â°K V:3.0974e+00V I:1.9598e-02A R:1.5805e+02ğ›€ E:4.8396e+01V/cm J:1.7980e-01A/cm2 ğ›’:2.6917e+02ğ›€ cm
2023-05-18 14:32:42,226 INFO Measurement at current 0.019723618090452262
2023-05-18 14:32:42,815 INFO T:102.07Â°K V:3.0959e+00V I:1.9724e-02A R:1.5696e+02ğ›€ E:4.8373e+01V/cm J:1.8095e-01A/cm2 ğ›’:2.6733e+02ğ›€ cm
2023-05-18 14:32:42,837 INFO Measurement at current 0.01984924623115578
2023-05-18 14:32:43,430 INFO T:102.07Â°K V:3.0947e+00V I:1.9849e-02A R:1.5591e+02ğ›€ E:4.8355e+01V/cm J:1.8210e-01A/cm2 ğ›’:2.6554e+02ğ›€ cm
2023-05-18 14:32:43,454 INFO Measurement at current 0.019974874371859297
2023-05-18 14:32:44,055 INFO T:102.07Â°K V:3.0934e+00V I:1.9975e-02A R:1.5486e+02ğ›€ E:4.8334e+01V/cm J:1.8326e-01A/cm2 ğ›’:2.6375e+02ğ›€ cm
2023-05-18 14:32:44,079 INFO Measurement at current 0.020100502512562818
2023-05-18 14:32:44,671 INFO T:102.08Â°K V:3.0915e+00V I:2.0101e-02A R:1.5380e+02ğ›€ E:4.8305e+01V/cm J:1.8441e-01A/cm2 ğ›’:2.6194e+02ğ›€ cm
2023-05-18 14:32:44,687 INFO Measurement at current 0.020226130653266335
2023-05-18 14:32:45,282 INFO T:102.08Â°K V:3.0908e+00V I:2.0226e-02A R:1.5281e+02ğ›€ E:4.8294e+01V/cm J:1.8556e-01A/cm2 ğ›’:2.6026e+02ğ›€ cm
2023-05-18 14:32:45,303 INFO Measurement at current 0.020351758793969853
2023-05-18 14:32:45,896 INFO T:102.08Â°K V:3.0895e+00V I:2.0352e-02A R:1.5180e+02ğ›€ E:4.8273e+01V/cm J:1.8671e-01A/cm2 ğ›’:2.5854e+02ğ›€ cm
2023-05-18 14:32:45,915 INFO Measurement at current 0.02047738693467337
2023-05-18 14:32:46,514 INFO T:102.08Â°K V:3.0884e+00V I:2.0477e-02A R:1.5082e+02ğ›€ E:4.8256e+01V/cm J:1.8787e-01A/cm2 ğ›’:2.5687e+02ğ›€ cm
2023-05-18 14:32:46,552 INFO Measurement at current 0.020603015075376888
2023-05-18 14:32:47,143 INFO T:102.08Â°K V:3.0870e+00V I:2.0603e-02A R:1.4983e+02ğ›€ E:4.8235e+01V/cm J:1.8902e-01A/cm2 ğ›’:2.5519e+02ğ›€ cm
2023-05-18 14:32:47,186 INFO Measurement at current 0.020728643216080405
2023-05-18 14:32:47,788 INFO T:102.09Â°K V:3.0849e+00V I:2.0729e-02A R:1.4882e+02ğ›€ E:4.8201e+01V/cm J:1.9017e-01A/cm2 ğ›’:2.5346e+02ğ›€ cm
2023-05-18 14:32:47,818 INFO Measurement at current 0.020854271356783922
2023-05-18 14:32:48,415 INFO T:102.09Â°K V:3.0825e+00V I:2.0854e-02A R:1.4781e+02ğ›€ E:4.8164e+01V/cm J:1.9132e-01A/cm2 ğ›’:2.5174e+02ğ›€ cm
2023-05-18 14:32:48,436 INFO Measurement at current 0.02097989949748744
2023-05-18 14:32:49,041 INFO T:102.09Â°K V:3.0807e+00V I:2.0980e-02A R:1.4684e+02ğ›€ E:4.8136e+01V/cm J:1.9248e-01A/cm2 ğ›’:2.5009e+02ğ›€ cm
2023-05-18 14:32:49,068 INFO Measurement at current 0.021105527638190957
2023-05-18 14:32:49,657 INFO T:102.09Â°K V:3.0793e+00V I:2.1106e-02A R:1.4590e+02ğ›€ E:4.8114e+01V/cm J:1.9363e-01A/cm2 ğ›’:2.4849e+02ğ›€ cm
2023-05-18 14:32:49,676 INFO Measurement at current 0.021231155778894475
2023-05-18 14:32:50,267 INFO T:102.10Â°K V:3.0784e+00V I:2.1231e-02A R:1.4500e+02ğ›€ E:4.8100e+01V/cm J:1.9478e-01A/cm2 ğ›’:2.4694e+02ğ›€ cm
2023-05-18 14:32:50,283 INFO Measurement at current 0.021356783919597992
2023-05-18 14:32:50,867 INFO T:102.10Â°K V:3.0774e+00V I:2.1357e-02A R:1.4409e+02ğ›€ E:4.8084e+01V/cm J:1.9593e-01A/cm2 ğ›’:2.4541e+02ğ›€ cm
2023-05-18 14:32:50,888 INFO Measurement at current 0.02148241206030151
2023-05-18 14:32:51,493 INFO T:102.10Â°K V:3.0759e+00V I:2.1482e-02A R:1.4318e+02ğ›€ E:4.8061e+01V/cm J:1.9709e-01A/cm2 ğ›’:2.4386e+02ğ›€ cm
2023-05-18 14:32:51,513 INFO Measurement at current 0.021608040201005027
2023-05-18 14:32:52,109 INFO T:102.10Â°K V:3.0748e+00V I:2.1608e-02A R:1.4230e+02ğ›€ E:4.8044e+01V/cm J:1.9824e-01A/cm2 ğ›’:2.4235e+02ğ›€ cm
2023-05-18 14:32:52,138 INFO Measurement at current 0.021733668341708545
2023-05-18 14:32:52,767 INFO T:102.11Â°K V:3.0720e+00V I:2.1734e-02A R:1.4135e+02ğ›€ E:4.8000e+01V/cm J:1.9939e-01A/cm2 ğ›’:2.4073e+02ğ›€ cm
2023-05-18 14:32:52,795 INFO Measurement at current 0.021859296482412062
2023-05-18 14:32:53,390 INFO T:102.11Â°K V:3.0692e+00V I:2.1859e-02A R:1.4041e+02ğ›€ E:4.7957e+01V/cm J:2.0054e-01A/cm2 ğ›’:2.3913e+02ğ›€ cm
2023-05-18 14:32:53,409 INFO Measurement at current 0.02198492462311558
2023-05-18 14:32:54,002 INFO T:102.11Â°K V:3.0677e+00V I:2.1985e-02A R:1.3954e+02ğ›€ E:4.7933e+01V/cm J:2.0170e-01A/cm2 ğ›’:2.3765e+02ğ›€ cm
2023-05-18 14:32:54,022 INFO Measurement at current 0.022110552763819097
2023-05-18 14:32:54,616 INFO T:102.11Â°K V:3.0664e+00V I:2.2111e-02A R:1.3869e+02ğ›€ E:4.7913e+01V/cm J:2.0285e-01A/cm2 ğ›’:2.3620e+02ğ›€ cm
2023-05-18 14:32:54,640 INFO Measurement at current 0.022236180904522614
2023-05-18 14:32:55,233 INFO T:102.12Â°K V:3.0647e+00V I:2.2236e-02A R:1.3782e+02ğ›€ E:4.7886e+01V/cm J:2.0400e-01A/cm2 ğ›’:2.3473e+02ğ›€ cm
2023-05-18 14:32:55,256 INFO Measurement at current 0.02236180904522613
2023-05-18 14:32:55,871 INFO T:102.12Â°K V:3.0630e+00V I:2.2362e-02A R:1.3698e+02ğ›€ E:4.7860e+01V/cm J:2.0515e-01A/cm2 ğ›’:2.3329e+02ğ›€ cm
2023-05-18 14:32:55,904 INFO Measurement at current 0.02248743718592965
2023-05-18 14:32:56,498 INFO T:102.12Â°K V:3.0605e+00V I:2.2487e-02A R:1.3610e+02ğ›€ E:4.7821e+01V/cm J:2.0631e-01A/cm2 ğ›’:2.3179e+02ğ›€ cm
2023-05-18 14:32:56,522 INFO Measurement at current 0.022613065326633167
2023-05-18 14:32:57,109 INFO T:102.12Â°K V:3.0595e+00V I:2.2613e-02A R:1.3530e+02ğ›€ E:4.7805e+01V/cm J:2.0746e-01A/cm2 ğ›’:2.3043e+02ğ›€ cm
2023-05-18 14:32:57,143 INFO Measurement at current 0.022738693467336684
2023-05-18 14:32:57,739 INFO T:102.13Â°K V:3.0575e+00V I:2.2739e-02A R:1.3446e+02ğ›€ E:4.7773e+01V/cm J:2.0861e-01A/cm2 ğ›’:2.2900e+02ğ›€ cm
2023-05-18 14:32:57,778 INFO Measurement at current 0.022864321608040205
2023-05-18 14:32:58,371 INFO T:102.13Â°K V:3.0550e+00V I:2.2864e-02A R:1.3362e+02ğ›€ E:4.7735e+01V/cm J:2.0976e-01A/cm2 ğ›’:2.2756e+02ğ›€ cm
2023-05-18 14:32:58,386 INFO Measurement at current 0.022989949748743722
2023-05-18 14:32:58,969 INFO T:102.13Â°K V:3.0537e+00V I:2.2990e-02A R:1.3283e+02ğ›€ E:4.7715e+01V/cm J:2.1092e-01A/cm2 ğ›’:2.2622e+02ğ›€ cm
2023-05-18 14:32:58,987 INFO Measurement at current 0.02311557788944724
2023-05-18 14:32:59,574 INFO T:102.13Â°K V:3.0520e+00V I:2.3116e-02A R:1.3203e+02ğ›€ E:4.7687e+01V/cm J:2.1207e-01A/cm2 ğ›’:2.2486e+02ğ›€ cm
2023-05-18 14:32:59,600 INFO Measurement at current 0.023241206030150757
2023-05-18 14:33:00,227 INFO T:102.13Â°K V:3.0493e+00V I:2.3241e-02A R:1.3120e+02ğ›€ E:4.7645e+01V/cm J:2.1322e-01A/cm2 ğ›’:2.2345e+02ğ›€ cm
2023-05-18 14:33:00,248 INFO Measurement at current 0.023366834170854275
2023-05-18 14:33:00,854 INFO T:102.14Â°K V:3.0473e+00V I:2.3367e-02A R:1.3041e+02ğ›€ E:4.7614e+01V/cm J:2.1437e-01A/cm2 ğ›’:2.2211e+02ğ›€ cm
2023-05-18 14:33:00,886 INFO Measurement at current 0.023492462311557792
2023-05-18 14:33:01,546 INFO T:102.14Â°K V:3.0449e+00V I:2.3492e-02A R:1.2961e+02ğ›€ E:4.7576e+01V/cm J:2.1553e-01A/cm2 ğ›’:2.2074e+02ğ›€ cm
2023-05-18 14:33:01,618 INFO Measurement at current 0.02361809045226131
2023-05-18 14:33:02,224 INFO T:102.14Â°K V:3.0417e+00V I:2.3618e-02A R:1.2879e+02ğ›€ E:4.7526e+01V/cm J:2.1668e-01A/cm2 ğ›’:2.1934e+02ğ›€ cm
2023-05-18 14:33:02,258 INFO Measurement at current 0.023743718592964827
2023-05-18 14:33:02,846 INFO T:102.14Â°K V:3.0399e+00V I:2.3744e-02A R:1.2803e+02ğ›€ E:4.7499e+01V/cm J:2.1783e-01A/cm2 ğ›’:2.1805e+02ğ›€ cm
2023-05-18 14:33:02,864 INFO Measurement at current 0.023869346733668344
2023-05-18 14:33:03,452 INFO T:102.15Â°K V:3.0388e+00V I:2.3869e-02A R:1.2731e+02ğ›€ E:4.7482e+01V/cm J:2.1898e-01A/cm2 ğ›’:2.1683e+02ğ›€ cm
2023-05-18 14:33:03,476 INFO Measurement at current 0.023994974874371862
2023-05-18 14:33:04,083 INFO T:102.15Â°K V:3.0373e+00V I:2.3995e-02A R:1.2658e+02ğ›€ E:4.7457e+01V/cm J:2.2014e-01A/cm2 ğ›’:2.1558e+02ğ›€ cm
2023-05-18 14:33:04,180 INFO Measurement at current 0.02412060301507538
2023-05-18 14:33:04,774 INFO T:102.15Â°K V:3.0337e+00V I:2.4121e-02A R:1.2577e+02ğ›€ E:4.7401e+01V/cm J:2.2129e-01A/cm2 ğ›’:2.1420e+02ğ›€ cm
2023-05-18 14:33:04,792 INFO Measurement at current 0.024246231155778897
2023-05-18 14:33:05,383 INFO T:102.15Â°K V:3.0325e+00V I:2.4246e-02A R:1.2507e+02ğ›€ E:4.7383e+01V/cm J:2.2244e-01A/cm2 ğ›’:2.1301e+02ğ›€ cm
2023-05-18 14:33:05,419 INFO Measurement at current 0.024371859296482414
2023-05-18 14:33:06,007 INFO T:102.16Â°K V:3.0310e+00V I:2.4372e-02A R:1.2436e+02ğ›€ E:4.7359e+01V/cm J:2.2360e-01A/cm2 ğ›’:2.1181e+02ğ›€ cm
2023-05-18 14:33:06,022 INFO Measurement at current 0.02449748743718593
2023-05-18 14:33:06,626 INFO T:102.16Â°K V:3.0290e+00V I:2.4497e-02A R:1.2365e+02ğ›€ E:4.7328e+01V/cm J:2.2475e-01A/cm2 ğ›’:2.1058e+02ğ›€ cm
2023-05-18 14:33:06,651 INFO Measurement at current 0.02462311557788945
2023-05-18 14:33:07,252 INFO T:102.16Â°K V:3.0278e+00V I:2.4623e-02A R:1.2296e+02ğ›€ E:4.7309e+01V/cm J:2.2590e-01A/cm2 ğ›’:2.0942e+02ğ›€ cm
2023-05-18 14:33:07,284 INFO Measurement at current 0.024748743718592967
2023-05-18 14:33:07,874 INFO T:102.16Â°K V:3.0254e+00V I:2.4749e-02A R:1.2225e+02ğ›€ E:4.7272e+01V/cm J:2.2705e-01A/cm2 ğ›’:2.0820e+02ğ›€ cm
2023-05-18 14:33:07,889 INFO Measurement at current 0.024874371859296484
2023-05-18 14:33:08,478 INFO T:102.17Â°K V:3.0240e+00V I:2.4874e-02A R:1.2157e+02ğ›€ E:4.7251e+01V/cm J:2.2821e-01A/cm2 ğ›’:2.0705e+02ğ›€ cm
2023-05-18 14:33:08,505 INFO Measurement at current 0.025
2023-05-18 14:33:09,108 INFO T:102.17Â°K V:3.0215e+00V I:2.5000e-02A R:1.2086e+02ğ›€ E:4.7211e+01V/cm J:2.2936e-01A/cm2 ğ›’:2.0584e+02ğ›€ cm
2023-05-18 14:34:18,161 INFO Save the description file
2023-05-18 14:34:18,167 INFO Save data in numpy format Esperimenti/CPRO_MUSA_180523_I_V/CPRO_MUSA_180523_I_V_current_from_0_to_250e-4A/CPRO_MUSA_180523_I_V_current_from_0_to_250e-4A-20230518143416
2023-05-18 14:34:18,205 INFO Save data in CSV format Esperimenti/CPRO_MUSA_180523_I_V/CPRO_MUSA_180523_I_V_current_from_0_to_250e-4A/CPRO_MUSA_180523_I_V_current_from_0_to_250e-4A-20230518143416.csv
2023-05-18 14:34:18,230 INFO Save plot as image Esperimenti/CPRO_MUSA_180523_I_V/CPRO_MUSA_180523_I_V_current_from_0_to_250e-4A/CPRO_MUSA_180523_I_V_current_from_0_to_250e-4A-20230518143416.png
