2023-05-18 14:17:05,817 INFO ### Start experiment: CPRO_MUSA_180523_I_V current from 0 to 250e-4A ###
2023-05-18 14:17:07,165 INFO Found Multimeter KEITHLEY INSTRUMENTS INC.,MODEL 2700,0884890,B03  /A02  

2023-05-18 14:17:08,194 INFO Found Nanovolt Meter KEITHLEY INSTRUMENTS INC.,MODEL 2182A,4056474,C03  /A02  

2023-05-18 14:17:08,313 INFO Found Source Meter KEITHLEY INSTRUMENTS INC.,MODEL 2400,0945684,C24   Feb 14 2002 11:59:45/A02  /K/H

2023-05-18 14:17:08,442 INFO Start the measurement loop
2023-05-18 14:17:13,019 INFO Measurement at current 0.0
2023-05-18 14:17:13,927 INFO T:100.49Â°K V:9.3762e-06V I:0.0000e+00A R:infğ›€ E:1.4650e-04V/cm J:0.0000e+00A/cm2 ğ›’:infğ›€ cm
2023-05-18 14:17:13,943 INFO Measurement at current 0.0001256281407035176
2023-05-18 14:17:15,171 INFO T:100.49Â°K V:7.1758e-02V I:1.2563e-04A R:5.7119e+02ğ›€ E:1.1212e+00V/cm J:1.1526e-03A/cm2 ğ›’:9.7281e+02ğ›€ cm
2023-05-18 14:17:15,187 INFO Measurement at current 0.0002512562814070352
2023-05-18 14:17:16,314 INFO T:100.49Â°K V:1.4346e-01V I:2.5126e-04A R:5.7098e+02ğ›€ E:2.2416e+00V/cm J:2.3051e-03A/cm2 ğ›’:9.7246e+02ğ›€ cm
2023-05-18 14:17:16,338 INFO Measurement at current 0.0003768844221105528
2023-05-18 14:17:16,942 INFO T:100.49Â°K V:2.1515e-01V I:3.7688e-04A R:5.7087e+02ğ›€ E:3.3618e+00V/cm J:3.4577e-03A/cm2 ğ›’:9.7227e+02ğ›€ cm
2023-05-18 14:17:16,969 INFO Measurement at current 0.0005025125628140704
2023-05-18 14:17:17,561 INFO T:100.49Â°K V:2.8673e-01V I:5.0251e-04A R:5.7059e+02ğ›€ E:4.4801e+00V/cm J:4.6102e-03A/cm2 ğ›’:9.7179e+02ğ›€ cm
2023-05-18 14:17:17,580 INFO Measurement at current 0.0006281407035175881
2023-05-18 14:17:18,175 INFO T:100.49Â°K V:3.5820e-01V I:6.2814e-04A R:5.7026e+02ğ›€ E:5.5969e+00V/cm J:5.7628e-03A/cm2 ğ›’:9.7122e+02ğ›€ cm
2023-05-18 14:17:18,192 INFO Measurement at current 0.0007537688442211056
2023-05-18 14:17:18,776 INFO T:100.49Â°K V:4.2947e-01V I:7.5377e-04A R:5.6976e+02ğ›€ E:6.7105e+00V/cm J:6.9153e-03A/cm2 ğ›’:9.7038e+02ğ›€ cm
2023-05-18 14:17:18,798 INFO Measurement at current 0.0008793969849246232
2023-05-18 14:17:19,392 INFO T:100.49Â°K V:5.0053e-01V I:8.7940e-04A R:5.6918e+02ğ›€ E:7.8208e+00V/cm J:8.0679e-03A/cm2 ğ›’:9.6938e+02ğ›€ cm
2023-05-18 14:17:19,416 INFO Measurement at current 0.0010050251256281408
2023-05-18 14:17:20,015 INFO T:100.49Â°K V:5.7135e-01V I:1.0050e-03A R:5.6849e+02ğ›€ E:8.9274e+00V/cm J:9.2204e-03A/cm2 ğ›’:9.6822e+02ğ›€ cm
2023-05-18 14:17:20,031 INFO Measurement at current 0.0011306532663316585
2023-05-18 14:17:20,630 INFO T:100.49Â°K V:6.4176e-01V I:1.1307e-03A R:5.6760e+02ğ›€ E:1.0028e+01V/cm J:1.0373e-02A/cm2 ğ›’:9.6670e+02ğ›€ cm
2023-05-18 14:17:20,646 INFO Measurement at current 0.0012562814070351761
2023-05-18 14:17:21,232 INFO T:100.49Â°K V:7.1213e-01V I:1.2563e-03A R:5.6685e+02ğ›€ E:1.1127e+01V/cm J:1.1526e-02A/cm2 ğ›’:9.6542e+02ğ›€ cm
2023-05-18 14:17:21,259 INFO Measurement at current 0.0013819095477386936
2023-05-18 14:17:21,865 INFO T:100.49Â°K V:7.8175e-01V I:1.3819e-03A R:5.6570e+02ğ›€ E:1.2215e+01V/cm J:1.2678e-02A/cm2 ğ›’:9.6346e+02ğ›€ cm
2023-05-18 14:17:21,887 INFO Measurement at current 0.0015075376884422112
2023-05-18 14:17:22,478 INFO T:100.49Â°K V:8.5100e-01V I:1.5075e-03A R:5.6449e+02ğ›€ E:1.3297e+01V/cm J:1.3831e-02A/cm2 ğ›’:9.6140e+02ğ›€ cm
2023-05-18 14:17:22,504 INFO Measurement at current 0.0016331658291457289
2023-05-18 14:17:23,103 INFO T:100.50Â°K V:9.1966e-01V I:1.6332e-03A R:5.6311e+02ğ›€ E:1.4370e+01V/cm J:1.4983e-02A/cm2 ğ›’:9.5905e+02ğ›€ cm
2023-05-18 14:17:23,126 INFO Measurement at current 0.0017587939698492463
2023-05-18 14:17:23,718 INFO T:100.50Â°K V:9.8809e-01V I:1.7588e-03A R:5.6180e+02ğ›€ E:1.5439e+01V/cm J:1.6136e-02A/cm2 ğ›’:9.5682e+02ğ›€ cm
2023-05-18 14:17:23,742 INFO Measurement at current 0.001884422110552764
2023-05-18 14:17:24,336 INFO T:100.50Â°K V:1.0555e+00V I:1.8844e-03A R:5.6012e+02ğ›€ E:1.6492e+01V/cm J:1.7288e-02A/cm2 ğ›’:9.5395e+02ğ›€ cm
2023-05-18 14:17:24,359 INFO Measurement at current 0.0020100502512562816
2023-05-18 14:17:24,945 INFO T:100.50Â°K V:1.1222e+00V I:2.0101e-03A R:5.5830e+02ğ›€ E:1.7535e+01V/cm J:1.8441e-02A/cm2 ğ›’:9.5086e+02ğ›€ cm
2023-05-18 14:17:24,968 INFO Measurement at current 0.002135678391959799
2023-05-18 14:17:25,567 INFO T:100.50Â°K V:1.1882e+00V I:2.1357e-03A R:5.5634e+02ğ›€ E:1.8565e+01V/cm J:1.9593e-02A/cm2 ğ›’:9.4752e+02ğ›€ cm
2023-05-18 14:17:25,583 INFO Measurement at current 0.002261306532663317
2023-05-18 14:17:26,904 INFO T:100.50Â°K V:1.2486e+00V I:2.2613e-03A R:5.5216e+02ğ›€ E:1.9509e+01V/cm J:2.0746e-02A/cm2 ğ›’:9.4040e+02ğ›€ cm
2023-05-18 14:17:26,927 INFO Measurement at current 0.0023869346733668344
2023-05-18 14:17:27,529 INFO T:100.50Â°K V:1.3133e+00V I:2.3869e-03A R:5.5019e+02ğ›€ E:2.0520e+01V/cm J:2.1898e-02A/cm2 ğ›’:9.3704e+02ğ›€ cm
2023-05-18 14:17:27,553 INFO Measurement at current 0.0025125628140703522
2023-05-18 14:17:28,170 INFO T:100.50Â°K V:1.3767e+00V I:2.5126e-03A R:5.4793e+02ğ›€ E:2.1511e+01V/cm J:2.3051e-02A/cm2 ğ›’:9.3319e+02ğ›€ cm
2023-05-18 14:17:28,223 INFO Measurement at current 0.0026381909547738697
2023-05-18 14:17:28,820 INFO T:100.50Â°K V:1.4388e+00V I:2.6382e-03A R:5.4538e+02ğ›€ E:2.2481e+01V/cm J:2.4204e-02A/cm2 ğ›’:9.2885e+02ğ›€ cm
2023-05-18 14:17:28,843 INFO Measurement at current 0.002763819095477387
2023-05-18 14:17:29,439 INFO T:100.50Â°K V:1.5007e+00V I:2.7638e-03A R:5.4299e+02ğ›€ E:2.3449e+01V/cm J:2.5356e-02A/cm2 ğ›’:9.2478e+02ğ›€ cm
2023-05-18 14:17:29,461 INFO Measurement at current 0.002889447236180905
2023-05-18 14:17:30,054 INFO T:100.50Â°K V:1.5612e+00V I:2.8894e-03A R:5.4031e+02ğ›€ E:2.4394e+01V/cm J:2.6509e-02A/cm2 ğ›’:9.2022e+02ğ›€ cm
2023-05-18 14:17:30,077 INFO Measurement at current 0.0030150753768844224
2023-05-18 14:17:30,683 INFO T:100.50Â°K V:1.6206e+00V I:3.0151e-03A R:5.3750e+02ğ›€ E:2.5322e+01V/cm J:2.7661e-02A/cm2 ğ›’:9.1544e+02ğ›€ cm
2023-05-18 14:17:30,705 INFO Measurement at current 0.00314070351758794
2023-05-18 14:17:31,302 INFO T:100.50Â°K V:1.6788e+00V I:3.1407e-03A R:5.3454e+02ğ›€ E:2.6232e+01V/cm J:2.8814e-02A/cm2 ğ›’:9.1039e+02ğ›€ cm
2023-05-18 14:17:31,316 INFO Measurement at current 0.0032663316582914577
2023-05-18 14:17:31,902 INFO T:100.50Â°K V:1.7363e+00V I:3.2663e-03A R:5.3157e+02ğ›€ E:2.7129e+01V/cm J:2.9966e-02A/cm2 ğ›’:9.0533e+02ğ›€ cm
2023-05-18 14:17:31,927 INFO Measurement at current 0.003391959798994975
2023-05-18 14:17:32,517 INFO T:100.50Â°K V:1.7923e+00V I:3.3920e-03A R:5.2839e+02ğ›€ E:2.8004e+01V/cm J:3.1119e-02A/cm2 ğ›’:8.9992e+02ğ›€ cm
2023-05-18 14:17:32,539 INFO Measurement at current 0.0035175879396984926
2023-05-18 14:17:33,136 INFO T:100.50Â°K V:1.8470e+00V I:3.5176e-03A R:5.2508e+02ğ›€ E:2.8859e+01V/cm J:3.2271e-02A/cm2 ğ›’:8.9427e+02ğ›€ cm
2023-05-18 14:17:33,159 INFO Measurement at current 0.0036432160804020105
2023-05-18 14:17:33,761 INFO T:100.50Â°K V:1.9004e+00V I:3.6432e-03A R:5.2162e+02ğ›€ E:2.9693e+01V/cm J:3.3424e-02A/cm2 ğ›’:8.8838e+02ğ›€ cm
2023-05-18 14:17:33,780 INFO Measurement at current 0.003768844221105528
2023-05-18 14:17:34,374 INFO T:100.50Â°K V:1.9526e+00V I:3.7688e-03A R:5.1810e+02ğ›€ E:3.0510e+01V/cm J:3.4577e-02A/cm2 ğ›’:8.8239e+02ğ›€ cm
2023-05-18 14:17:34,391 INFO Measurement at current 0.0038944723618090458
2023-05-18 14:17:34,977 INFO T:100.51Â°K V:2.0039e+00V I:3.8945e-03A R:5.1455e+02ğ›€ E:3.1311e+01V/cm J:3.5729e-02A/cm2 ğ›’:8.7634e+02ğ›€ cm
2023-05-18 14:17:34,992 INFO Measurement at current 0.004020100502512563
2023-05-18 14:17:35,580 INFO T:100.51Â°K V:2.0537e+00V I:4.0201e-03A R:5.1087e+02ğ›€ E:3.2090e+01V/cm J:3.6882e-02A/cm2 ğ›’:8.7007e+02ğ›€ cm
2023-05-18 14:17:35,643 INFO Measurement at current 0.004145728643216081
2023-05-18 14:17:36,242 INFO T:100.51Â°K V:2.1011e+00V I:4.1457e-03A R:5.0680e+02ğ›€ E:3.2829e+01V/cm J:3.8034e-02A/cm2 ğ›’:8.6314e+02ğ›€ cm
2023-05-18 14:17:36,269 INFO Measurement at current 0.004271356783919598
2023-05-18 14:17:36,859 INFO T:100.51Â°K V:2.1483e+00V I:4.2714e-03A R:5.0296e+02ğ›€ E:3.3567e+01V/cm J:3.9187e-02A/cm2 ğ›’:8.5660e+02ğ›€ cm
2023-05-18 14:17:36,875 INFO Measurement at current 0.004396984924623116
2023-05-18 14:17:37,458 INFO T:100.51Â°K V:2.1944e+00V I:4.3970e-03A R:4.9906e+02ğ›€ E:3.4287e+01V/cm J:4.0339e-02A/cm2 ğ›’:8.4996e+02ğ›€ cm
2023-05-18 14:17:37,476 INFO Measurement at current 0.004522613065326634
2023-05-18 14:17:38,069 INFO T:100.51Â°K V:2.2390e+00V I:4.5226e-03A R:4.9506e+02ğ›€ E:3.4984e+01V/cm J:4.1492e-02A/cm2 ğ›’:8.4315e+02ğ›€ cm
2023-05-18 14:17:38,085 INFO Measurement at current 0.004648241206030151
2023-05-18 14:17:38,686 INFO T:100.51Â°K V:2.2820e+00V I:4.6482e-03A R:4.9093e+02ğ›€ E:3.5656e+01V/cm J:4.2644e-02A/cm2 ğ›’:8.3611e+02ğ›€ cm
2023-05-18 14:17:38,707 INFO Measurement at current 0.004773869346733669
2023-05-18 14:17:39,310 INFO T:100.51Â°K V:2.3236e+00V I:4.7739e-03A R:4.8672e+02ğ›€ E:3.6306e+01V/cm J:4.3797e-02A/cm2 ğ›’:8.2895e+02ğ›€ cm
2023-05-18 14:17:39,338 INFO Measurement at current 0.004899497487437186
2023-05-18 14:17:39,937 INFO T:100.51Â°K V:2.3638e+00V I:4.8995e-03A R:4.8246e+02ğ›€ E:3.6935e+01V/cm J:4.4950e-02A/cm2 ğ›’:8.2170e+02ğ›€ cm
2023-05-18 14:17:39,961 INFO Measurement at current 0.0050251256281407045
2023-05-18 14:17:40,542 INFO T:100.51Â°K V:2.4033e+00V I:5.0251e-03A R:4.7826e+02ğ›€ E:3.7552e+01V/cm J:4.6102e-02A/cm2 ğ›’:8.1454e+02ğ›€ cm
2023-05-18 14:17:40,562 INFO Measurement at current 0.005150753768844222
2023-05-18 14:17:41,144 INFO T:100.51Â°K V:2.4420e+00V I:5.1508e-03A R:4.7410e+02ğ›€ E:3.8156e+01V/cm J:4.7255e-02A/cm2 ğ›’:8.0746e+02ğ›€ cm
2023-05-18 14:17:41,159 INFO Measurement at current 0.005276381909547739
2023-05-18 14:17:41,753 INFO T:100.51Â°K V:2.4790e+00V I:5.2764e-03A R:4.6983e+02ğ›€ E:3.8735e+01V/cm J:4.8407e-02A/cm2 ğ›’:8.0018e+02ğ›€ cm
2023-05-18 14:17:41,772 INFO Measurement at current 0.005402010050251257
2023-05-18 14:17:42,365 INFO T:100.51Â°K V:2.5148e+00V I:5.4020e-03A R:4.6554e+02ğ›€ E:3.9295e+01V/cm J:4.9560e-02A/cm2 ğ›’:7.9287e+02ğ›€ cm
2023-05-18 14:17:42,389 INFO Measurement at current 0.005527638190954774
2023-05-18 14:17:42,999 INFO T:100.51Â°K V:2.5492e+00V I:5.5276e-03A R:4.6118e+02ğ›€ E:3.9832e+01V/cm J:5.0712e-02A/cm2 ğ›’:7.8545e+02ğ›€ cm
2023-05-18 14:17:43,022 INFO Measurement at current 0.005653266331658292
2023-05-18 14:17:43,619 INFO T:100.51Â°K V:2.5825e+00V I:5.6533e-03A R:4.5681e+02ğ›€ E:4.0351e+01V/cm J:5.1865e-02A/cm2 ğ›’:7.7801e+02ğ›€ cm
2023-05-18 14:17:43,635 INFO Measurement at current 0.00577889447236181
2023-05-18 14:17:44,224 INFO T:100.51Â°K V:2.6148e+00V I:5.7789e-03A R:4.5248e+02ğ›€ E:4.0857e+01V/cm J:5.3017e-02A/cm2 ğ›’:7.7063e+02ğ›€ cm
2023-05-18 14:17:44,241 INFO Measurement at current 0.005904522613065327
2023-05-18 14:17:44,845 INFO T:100.52Â°K V:2.6462e+00V I:5.9045e-03A R:4.4816e+02ğ›€ E:4.1347e+01V/cm J:5.4170e-02A/cm2 ğ›’:7.6328e+02ğ›€ cm
2023-05-18 14:17:44,865 INFO Measurement at current 0.006030150753768845
2023-05-18 14:17:45,457 INFO T:100.52Â°K V:2.6761e+00V I:6.0302e-03A R:4.4379e+02ğ›€ E:4.1814e+01V/cm J:5.5322e-02A/cm2 ğ›’:7.5583e+02ğ›€ cm
2023-05-18 14:17:45,479 INFO Measurement at current 0.006155778894472362
2023-05-18 14:17:46,101 INFO T:100.52Â°K V:2.7047e+00V I:6.1558e-03A R:4.3938e+02ğ›€ E:4.2262e+01V/cm J:5.6475e-02A/cm2 ğ›’:7.4832e+02ğ›€ cm
2023-05-18 14:17:46,119 INFO Measurement at current 0.00628140703517588
2023-05-18 14:17:46,711 INFO T:100.52Â°K V:2.7319e+00V I:6.2814e-03A R:4.3492e+02ğ›€ E:4.2686e+01V/cm J:5.7628e-02A/cm2 ğ›’:7.4072e+02ğ›€ cm
2023-05-18 14:17:46,726 INFO Measurement at current 0.006407035175879398
2023-05-18 14:17:47,316 INFO T:100.52Â°K V:2.7592e+00V I:6.4070e-03A R:4.3066e+02ğ›€ E:4.3113e+01V/cm J:5.8780e-02A/cm2 ğ›’:7.3346e+02ğ›€ cm
2023-05-18 14:17:47,332 INFO Measurement at current 0.0065326633165829154
2023-05-18 14:17:47,918 INFO T:100.52Â°K V:2.7854e+00V I:6.5327e-03A R:4.2639e+02ğ›€ E:4.3523e+01V/cm J:5.9933e-02A/cm2 ğ›’:7.2619e+02ğ›€ cm
2023-05-18 14:17:47,933 INFO Measurement at current 0.006658291457286433
2023-05-18 14:17:48,518 INFO T:100.52Â°K V:2.8114e+00V I:6.6583e-03A R:4.2224e+02ğ›€ E:4.3928e+01V/cm J:6.1085e-02A/cm2 ğ›’:7.1913e+02ğ›€ cm
2023-05-18 14:17:48,535 INFO Measurement at current 0.00678391959798995
2023-05-18 14:17:49,168 INFO T:100.52Â°K V:2.8352e+00V I:6.7839e-03A R:4.1793e+02ğ›€ E:4.4300e+01V/cm J:6.2238e-02A/cm2 ğ›’:7.1179e+02ğ›€ cm
2023-05-18 14:17:49,188 INFO Measurement at current 0.006909547738693468
2023-05-18 14:17:49,790 INFO T:100.52Â°K V:2.8569e+00V I:6.9095e-03A R:4.1348e+02ğ›€ E:4.4639e+01V/cm J:6.3390e-02A/cm2 ğ›’:7.0420e+02ğ›€ cm
2023-05-18 14:17:49,808 INFO Measurement at current 0.007035175879396985
2023-05-18 14:17:50,400 INFO T:100.52Â°K V:2.8788e+00V I:7.0352e-03A R:4.0920e+02ğ›€ E:4.4981e+01V/cm J:6.4543e-02A/cm2 ğ›’:6.9692e+02ğ›€ cm
2023-05-18 14:17:50,424 INFO Measurement at current 0.0071608040201005035
2023-05-18 14:17:51,014 INFO T:100.52Â°K V:2.9006e+00V I:7.1608e-03A R:4.0506e+02ğ›€ E:4.5321e+01V/cm J:6.5695e-02A/cm2 ğ›’:6.8987e+02ğ›€ cm
2023-05-18 14:17:51,049 INFO Measurement at current 0.007286432160804021
2023-05-18 14:17:51,645 INFO T:100.52Â°K V:2.9206e+00V I:7.2864e-03A R:4.0083e+02ğ›€ E:4.5635e+01V/cm J:6.6848e-02A/cm2 ğ›’:6.8267e+02ğ›€ cm
2023-05-18 14:17:51,670 INFO Measurement at current 0.007412060301507538
2023-05-18 14:17:52,267 INFO T:100.53Â°K V:2.9401e+00V I:7.4121e-03A R:3.9667e+02ğ›€ E:4.5939e+01V/cm J:6.8001e-02A/cm2 ğ›’:6.7557e+02ğ›€ cm
2023-05-18 14:17:52,288 INFO Measurement at current 0.007537688442211056
2023-05-18 14:17:52,877 INFO T:100.53Â°K V:2.9593e+00V I:7.5377e-03A R:3.9260e+02ğ›€ E:4.6239e+01V/cm J:6.9153e-02A/cm2 ğ›’:6.6864e+02ğ›€ cm
2023-05-18 14:17:52,894 INFO Measurement at current 0.007663316582914573
2023-05-18 14:17:53,483 INFO T:100.53Â°K V:2.9777e+00V I:7.6633e-03A R:3.8856e+02ğ›€ E:4.6526e+01V/cm J:7.0306e-02A/cm2 ğ›’:6.6177e+02ğ›€ cm
2023-05-18 14:17:53,500 INFO Measurement at current 0.0077889447236180916
2023-05-18 14:17:54,088 INFO T:100.53Â°K V:2.9954e+00V I:7.7889e-03A R:3.8457e+02ğ›€ E:4.6803e+01V/cm J:7.1458e-02A/cm2 ğ›’:6.5496e+02ğ›€ cm
2023-05-18 14:17:54,105 INFO Measurement at current 0.007914572864321609
2023-05-18 14:17:54,692 INFO T:100.53Â°K V:3.0123e+00V I:7.9146e-03A R:3.8061e+02ğ›€ E:4.7068e+01V/cm J:7.2611e-02A/cm2 ğ›’:6.4822e+02ğ›€ cm
2023-05-18 14:17:54,707 INFO Measurement at current 0.008040201005025126
2023-05-18 14:17:55,312 INFO T:100.53Â°K V:3.0284e+00V I:8.0402e-03A R:3.7666e+02ğ›€ E:4.7319e+01V/cm J:7.3763e-02A/cm2 ğ›’:6.4150e+02ğ›€ cm
2023-05-18 14:17:55,331 INFO Measurement at current 0.008165829145728644
2023-05-18 14:17:55,935 INFO T:100.53Â°K V:3.0439e+00V I:8.1658e-03A R:3.7276e+02ğ›€ E:4.7561e+01V/cm J:7.4916e-02A/cm2 ğ›’:6.3486e+02ğ›€ cm
2023-05-18 14:17:55,954 INFO Measurement at current 0.008291457286432161
2023-05-18 14:17:56,548 INFO T:100.53Â°K V:3.0584e+00V I:8.2915e-03A R:3.6887e+02ğ›€ E:4.7788e+01V/cm J:7.6068e-02A/cm2 ğ›’:6.2822e+02ğ›€ cm
2023-05-18 14:17:56,573 INFO Measurement at current 0.008417085427135679
2023-05-18 14:17:57,182 INFO T:100.53Â°K V:3.0725e+00V I:8.4171e-03A R:3.6503e+02ğ›€ E:4.8007e+01V/cm J:7.7221e-02A/cm2 ğ›’:6.2168e+02ğ›€ cm
2023-05-18 14:17:57,220 INFO Measurement at current 0.008542713567839196
2023-05-18 14:17:57,824 INFO T:100.53Â°K V:3.0851e+00V I:8.5427e-03A R:3.6114e+02ğ›€ E:4.8205e+01V/cm J:7.8374e-02A/cm2 ğ›’:6.1507e+02ğ›€ cm
2023-05-18 14:17:57,854 INFO Measurement at current 0.008668341708542714
2023-05-18 14:17:58,481 INFO T:100.53Â°K V:3.0971e+00V I:8.6683e-03A R:3.5729e+02ğ›€ E:4.8392e+01V/cm J:7.9526e-02A/cm2 ğ›’:6.0851e+02ğ›€ cm
2023-05-18 14:17:58,501 INFO Measurement at current 0.008793969849246233
2023-05-18 14:17:59,096 INFO T:100.54Â°K V:3.1102e+00V I:8.7940e-03A R:3.5368e+02ğ›€ E:4.8597e+01V/cm J:8.0679e-02A/cm2 ğ›’:6.0236e+02ğ›€ cm
2023-05-18 14:17:59,116 INFO Measurement at current 0.00891959798994975
2023-05-18 14:17:59,704 INFO T:100.54Â°K V:3.1233e+00V I:8.9196e-03A R:3.5016e+02ğ›€ E:4.8801e+01V/cm J:8.1831e-02A/cm2 ğ›’:5.9636e+02ğ›€ cm
2023-05-18 14:17:59,722 INFO Measurement at current 0.009045226130653268
2023-05-18 14:18:00,314 INFO T:100.54Â°K V:3.1357e+00V I:9.0452e-03A R:3.4667e+02ğ›€ E:4.8995e+01V/cm J:8.2984e-02A/cm2 ğ›’:5.9042e+02ğ›€ cm
2023-05-18 14:18:00,335 INFO Measurement at current 0.009170854271356785
2023-05-18 14:18:00,937 INFO T:100.54Â°K V:3.1476e+00V I:9.1709e-03A R:3.4322e+02ğ›€ E:4.9181e+01V/cm J:8.4136e-02A/cm2 ğ›’:5.8454e+02ğ›€ cm
2023-05-18 14:18:00,955 INFO Measurement at current 0.009296482412060303
2023-05-18 14:18:01,550 INFO T:100.54Â°K V:3.1583e+00V I:9.2965e-03A R:3.3973e+02ğ›€ E:4.9348e+01V/cm J:8.5289e-02A/cm2 ğ›’:5.7860e+02ğ›€ cm
2023-05-18 14:18:01,566 INFO Measurement at current 0.00942211055276382
2023-05-18 14:18:02,164 INFO T:100.54Â°K V:3.1685e+00V I:9.4221e-03A R:3.3628e+02ğ›€ E:4.9507e+01V/cm J:8.6441e-02A/cm2 ğ›’:5.7273e+02ğ›€ cm
2023-05-18 14:18:02,181 INFO Measurement at current 0.009547738693467337
2023-05-18 14:18:02,779 INFO T:100.54Â°K V:3.1778e+00V I:9.5477e-03A R:3.3283e+02ğ›€ E:4.9652e+01V/cm J:8.7594e-02A/cm2 ğ›’:5.6685e+02ğ›€ cm
2023-05-18 14:18:02,799 INFO Measurement at current 0.009673366834170855
2023-05-18 14:18:03,398 INFO T:100.54Â°K V:3.1861e+00V I:9.6734e-03A R:3.2937e+02ğ›€ E:4.9782e+01V/cm J:8.8746e-02A/cm2 ğ›’:5.6095e+02ğ›€ cm
2023-05-18 14:18:03,421 INFO Measurement at current 0.009798994974874372
2023-05-18 14:18:04,013 INFO T:100.54Â°K V:3.1939e+00V I:9.7990e-03A R:3.2595e+02ğ›€ E:4.9905e+01V/cm J:8.9899e-02A/cm2 ğ›’:5.5513e+02ğ›€ cm
2023-05-18 14:18:04,035 INFO Measurement at current 0.00992462311557789
2023-05-18 14:18:04,623 INFO T:100.54Â°K V:3.2024e+00V I:9.9246e-03A R:3.2267e+02ğ›€ E:5.0038e+01V/cm J:9.1052e-02A/cm2 ğ›’:5.4955e+02ğ›€ cm
2023-05-18 14:18:04,640 INFO Measurement at current 0.010050251256281409
2023-05-18 14:18:05,226 INFO T:100.54Â°K V:3.2115e+00V I:1.0050e-02A R:3.1955e+02ğ›€ E:5.0180e+01V/cm J:9.2204e-02A/cm2 ğ›’:5.4423e+02ğ›€ cm
2023-05-18 14:18:05,248 INFO Measurement at current 0.010175879396984926
2023-05-18 14:18:05,859 INFO T:100.55Â°K V:3.2200e+00V I:1.0176e-02A R:3.1643e+02ğ›€ E:5.0312e+01V/cm J:9.3357e-02A/cm2 ğ›’:5.3892e+02ğ›€ cm
2023-05-18 14:18:05,890 INFO Measurement at current 0.010301507537688444
2023-05-18 14:18:06,480 INFO T:100.55Â°K V:3.2271e+00V I:1.0302e-02A R:3.1326e+02ğ›€ E:5.0423e+01V/cm J:9.4509e-02A/cm2 ğ›’:5.3353e+02ğ›€ cm
2023-05-18 14:18:06,502 INFO Measurement at current 0.010427135678391961
2023-05-18 14:18:07,090 INFO T:100.55Â°K V:3.2346e+00V I:1.0427e-02A R:3.1021e+02ğ›€ E:5.0540e+01V/cm J:9.5662e-02A/cm2 ğ›’:5.2832e+02ğ›€ cm
2023-05-18 14:18:07,110 INFO Measurement at current 0.010552763819095479
2023-05-18 14:18:07,705 INFO T:100.55Â°K V:3.2433e+00V I:1.0553e-02A R:3.0734e+02ğ›€ E:5.0676e+01V/cm J:9.6814e-02A/cm2 ğ›’:5.2344e+02ğ›€ cm
2023-05-18 14:18:07,729 INFO Measurement at current 0.010678391959798996
2023-05-18 14:18:08,315 INFO T:100.55Â°K V:3.2495e+00V I:1.0678e-02A R:3.0431e+02ğ›€ E:5.0773e+01V/cm J:9.7967e-02A/cm2 ğ›’:5.1827e+02ğ›€ cm
2023-05-18 14:18:08,338 INFO Measurement at current 0.010804020100502514
2023-05-18 14:18:08,930 INFO T:100.55Â°K V:3.2548e+00V I:1.0804e-02A R:3.0125e+02ğ›€ E:5.0856e+01V/cm J:9.9119e-02A/cm2 ğ›’:5.1307e+02ğ›€ cm
2023-05-18 14:18:08,947 INFO Measurement at current 0.010929648241206031
2023-05-18 14:18:09,535 INFO T:100.55Â°K V:3.2612e+00V I:1.0930e-02A R:2.9838e+02ğ›€ E:5.0956e+01V/cm J:1.0027e-01A/cm2 ğ›’:5.0817e+02ğ›€ cm
2023-05-18 14:18:09,559 INFO Measurement at current 0.011055276381909548
2023-05-18 14:18:10,147 INFO T:100.55Â°K V:3.2662e+00V I:1.1055e-02A R:2.9545e+02ğ›€ E:5.1035e+01V/cm J:1.0142e-01A/cm2 ğ›’:5.0318e+02ğ›€ cm
2023-05-18 14:18:10,169 INFO Measurement at current 0.011180904522613066
2023-05-18 14:18:10,757 INFO T:100.55Â°K V:3.2715e+00V I:1.1181e-02A R:2.9260e+02ğ›€ E:5.1117e+01V/cm J:1.0258e-01A/cm2 ğ›’:4.9833e+02ğ›€ cm
2023-05-18 14:18:10,779 INFO Measurement at current 0.011306532663316583
2023-05-18 14:18:11,366 INFO T:100.55Â°K V:3.2765e+00V I:1.1307e-02A R:2.8979e+02ğ›€ E:5.1196e+01V/cm J:1.0373e-01A/cm2 ğ›’:4.9355e+02ğ›€ cm
2023-05-18 14:18:11,386 INFO Measurement at current 0.011432160804020102
2023-05-18 14:18:11,973 INFO T:100.56Â°K V:3.2816e+00V I:1.1432e-02A R:2.8705e+02ğ›€ E:5.1274e+01V/cm J:1.0488e-01A/cm2 ğ›’:4.8888e+02ğ›€ cm
2023-05-18 14:18:11,991 INFO Measurement at current 0.01155778894472362
2023-05-18 14:18:12,578 INFO T:100.56Â°K V:3.2877e+00V I:1.1558e-02A R:2.8445e+02ğ›€ E:5.1370e+01V/cm J:1.0603e-01A/cm2 ğ›’:4.8446e+02ğ›€ cm
2023-05-18 14:18:12,596 INFO Measurement at current 0.011683417085427137
2023-05-18 14:18:13,181 INFO T:100.56Â°K V:3.2923e+00V I:1.1683e-02A R:2.8179e+02ğ›€ E:5.1443e+01V/cm J:1.0719e-01A/cm2 ğ›’:4.7993e+02ğ›€ cm
2023-05-18 14:18:13,203 INFO Measurement at current 0.011809045226130655
2023-05-18 14:18:13,806 INFO T:100.56Â°K V:3.2960e+00V I:1.1809e-02A R:2.7911e+02ğ›€ E:5.1500e+01V/cm J:1.0834e-01A/cm2 ğ›’:4.7536e+02ğ›€ cm
2023-05-18 14:18:13,824 INFO Measurement at current 0.011934673366834172
2023-05-18 14:18:14,415 INFO T:100.56Â°K V:3.2997e+00V I:1.1935e-02A R:2.7648e+02ğ›€ E:5.1557e+01V/cm J:1.0949e-01A/cm2 ğ›’:4.7088e+02ğ›€ cm
2023-05-18 14:18:14,440 INFO Measurement at current 0.01206030150753769
2023-05-18 14:18:15,032 INFO T:100.56Â°K V:3.3028e+00V I:1.2060e-02A R:2.7386e+02ğ›€ E:5.1606e+01V/cm J:1.1064e-01A/cm2 ğ›’:4.6641e+02ğ›€ cm
2023-05-18 14:18:15,055 INFO Measurement at current 0.012185929648241207
2023-05-18 14:18:15,646 INFO T:100.56Â°K V:3.3059e+00V I:1.2186e-02A R:2.7129e+02ğ›€ E:5.1654e+01V/cm J:1.1180e-01A/cm2 ğ›’:4.6203e+02ğ›€ cm
2023-05-18 14:18:15,672 INFO Measurement at current 0.012311557788944725
2023-05-18 14:18:16,268 INFO T:100.56Â°K V:3.3087e+00V I:1.2312e-02A R:2.6874e+02ğ›€ E:5.1698e+01V/cm J:1.1295e-01A/cm2 ğ›’:4.5770e+02ğ›€ cm
2023-05-18 14:18:16,285 INFO Measurement at current 0.012437185929648242
2023-05-18 14:18:16,868 INFO T:100.56Â°K V:3.3124e+00V I:1.2437e-02A R:2.6633e+02ğ›€ E:5.1757e+01V/cm J:1.1410e-01A/cm2 ğ›’:4.5360e+02ğ›€ cm
2023-05-18 14:18:16,885 INFO Measurement at current 0.01256281407035176
2023-05-18 14:18:17,474 INFO T:100.57Â°K V:3.3169e+00V I:1.2563e-02A R:2.6402e+02ğ›€ E:5.1826e+01V/cm J:1.1526e-01A/cm2 ğ›’:4.4966e+02ğ›€ cm
2023-05-18 14:18:17,493 INFO Measurement at current 0.012688442211055277
2023-05-18 14:18:18,078 INFO T:100.57Â°K V:3.3195e+00V I:1.2688e-02A R:2.6161e+02ğ›€ E:5.1866e+01V/cm J:1.1641e-01A/cm2 ğ›’:4.4556e+02ğ›€ cm
2023-05-18 14:18:18,093 INFO Measurement at current 0.012814070351758796
2023-05-18 14:18:18,678 INFO T:100.57Â°K V:3.3221e+00V I:1.2814e-02A R:2.5926e+02ğ›€ E:5.1908e+01V/cm J:1.1756e-01A/cm2 ğ›’:4.4155e+02ğ›€ cm
2023-05-18 14:18:18,714 INFO Measurement at current 0.012939698492462313
2023-05-18 14:18:19,302 INFO T:100.57Â°K V:3.3234e+00V I:1.2940e-02A R:2.5684e+02ğ›€ E:5.1929e+01V/cm J:1.1871e-01A/cm2 ğ›’:4.3743e+02ğ›€ cm
2023-05-18 14:18:19,322 INFO Measurement at current 0.013065326633165831
2023-05-18 14:18:19,912 INFO T:100.57Â°K V:3.3260e+00V I:1.3065e-02A R:2.5457e+02ğ›€ E:5.1969e+01V/cm J:1.1987e-01A/cm2 ğ›’:4.3356e+02ğ›€ cm
2023-05-18 14:18:19,932 INFO Measurement at current 0.013190954773869348
2023-05-18 14:18:20,546 INFO T:100.57Â°K V:3.3277e+00V I:1.3191e-02A R:2.5227e+02ğ›€ E:5.1995e+01V/cm J:1.2102e-01A/cm2 ğ›’:4.2965e+02ğ›€ cm
2023-05-18 14:18:20,572 INFO Measurement at current 0.013316582914572866
2023-05-18 14:18:21,168 INFO T:100.57Â°K V:3.3285e+00V I:1.3317e-02A R:2.4995e+02ğ›€ E:5.2007e+01V/cm J:1.2217e-01A/cm2 ğ›’:4.2569e+02ğ›€ cm
2023-05-18 14:18:21,189 INFO Measurement at current 0.013442211055276383
2023-05-18 14:18:21,808 INFO T:100.57Â°K V:3.3301e+00V I:1.3442e-02A R:2.4773e+02ğ›€ E:5.2032e+01V/cm J:1.2332e-01A/cm2 ğ›’:4.2192e+02ğ›€ cm
2023-05-18 14:18:21,828 INFO Measurement at current 0.0135678391959799
2023-05-18 14:18:22,420 INFO T:100.58Â°K V:3.3321e+00V I:1.3568e-02A R:2.4558e+02ğ›€ E:5.2063e+01V/cm J:1.2448e-01A/cm2 ğ›’:4.1826e+02ğ›€ cm
2023-05-18 14:18:22,453 INFO Measurement at current 0.013693467336683418
2023-05-18 14:18:23,045 INFO T:100.58Â°K V:3.3330e+00V I:1.3693e-02A R:2.4340e+02ğ›€ E:5.2078e+01V/cm J:1.2563e-01A/cm2 ğ›’:4.1454e+02ğ›€ cm
2023-05-18 14:18:23,068 INFO Measurement at current 0.013819095477386936
2023-05-18 14:18:23,660 INFO T:100.58Â°K V:3.3341e+00V I:1.3819e-02A R:2.4127e+02ğ›€ E:5.2096e+01V/cm J:1.2678e-01A/cm2 ğ›’:4.1091e+02ğ›€ cm
2023-05-18 14:18:23,676 INFO Measurement at current 0.013944723618090453
2023-05-18 14:18:24,264 INFO T:100.58Â°K V:3.3359e+00V I:1.3945e-02A R:2.3922e+02ğ›€ E:5.2123e+01V/cm J:1.2793e-01A/cm2 ğ›’:4.0743e+02ğ›€ cm
2023-05-18 14:18:24,280 INFO Measurement at current 0.01407035175879397
2023-05-18 14:18:24,865 INFO T:100.58Â°K V:3.3373e+00V I:1.4070e-02A R:2.3719e+02ğ›€ E:5.2145e+01V/cm J:1.2909e-01A/cm2 ğ›’:4.0396e+02ğ›€ cm
2023-05-18 14:18:24,880 INFO Measurement at current 0.01419597989949749
2023-05-18 14:18:25,463 INFO T:100.58Â°K V:3.3397e+00V I:1.4196e-02A R:2.3525e+02ğ›€ E:5.2182e+01V/cm J:1.3024e-01A/cm2 ğ›’:4.0067e+02ğ›€ cm
2023-05-18 14:18:25,482 INFO Measurement at current 0.014321608040201007
2023-05-18 14:18:26,076 INFO T:100.58Â°K V:3.3388e+00V I:1.4322e-02A R:2.3313e+02ğ›€ E:5.2169e+01V/cm J:1.3139e-01A/cm2 ğ›’:3.9705e+02ğ›€ cm
2023-05-18 14:18:26,102 INFO Measurement at current 0.014447236180904524
2023-05-18 14:18:26,713 INFO T:100.58Â°K V:3.3392e+00V I:1.4447e-02A R:2.3113e+02ğ›€ E:5.2175e+01V/cm J:1.3254e-01A/cm2 ğ›’:3.9364e+02ğ›€ cm
2023-05-18 14:18:26,731 INFO Measurement at current 0.014572864321608042
2023-05-18 14:18:27,319 INFO T:100.59Â°K V:3.3402e+00V I:1.4573e-02A R:2.2921e+02ğ›€ E:5.2191e+01V/cm J:1.3370e-01A/cm2 ğ›’:3.9037e+02ğ›€ cm
2023-05-18 14:18:27,338 INFO Measurement at current 0.01469849246231156
2023-05-18 14:18:27,921 INFO T:100.59Â°K V:3.3412e+00V I:1.4698e-02A R:2.2732e+02ğ›€ E:5.2206e+01V/cm J:1.3485e-01A/cm2 ğ›’:3.8715e+02ğ›€ cm
2023-05-18 14:18:27,936 INFO Measurement at current 0.014824120603015077
2023-05-18 14:18:28,520 INFO T:100.59Â°K V:3.3419e+00V I:1.4824e-02A R:2.2544e+02ğ›€ E:5.2217e+01V/cm J:1.3600e-01A/cm2 ğ›’:3.8395e+02ğ›€ cm
2023-05-18 14:18:28,535 INFO Measurement at current 0.014949748743718594
2023-05-18 14:18:29,120 INFO T:100.59Â°K V:3.3428e+00V I:1.4950e-02A R:2.2360e+02ğ›€ E:5.2232e+01V/cm J:1.3715e-01A/cm2 ğ›’:3.8083e+02ğ›€ cm
2023-05-18 14:18:29,136 INFO Measurement at current 0.015075376884422112
2023-05-18 14:18:29,722 INFO T:100.59Â°K V:3.3431e+00V I:1.5075e-02A R:2.2176e+02ğ›€ E:5.2236e+01V/cm J:1.3831e-01A/cm2 ğ›’:3.7769e+02ğ›€ cm
2023-05-18 14:18:29,736 INFO Measurement at current 0.015201005025125629
2023-05-18 14:18:30,326 INFO T:100.59Â°K V:3.3432e+00V I:1.5201e-02A R:2.1993e+02ğ›€ E:5.2237e+01V/cm J:1.3946e-01A/cm2 ğ›’:3.7457e+02ğ›€ cm
2023-05-18 14:18:30,342 INFO Measurement at current 0.015326633165829147
2023-05-18 14:18:30,927 INFO T:100.59Â°K V:3.3434e+00V I:1.5327e-02A R:2.1814e+02ğ›€ E:5.2240e+01V/cm J:1.4061e-01A/cm2 ğ›’:3.7152e+02ğ›€ cm
2023-05-18 14:18:30,943 INFO Measurement at current 0.015452261306532666
2023-05-18 14:18:31,531 INFO T:100.59Â°K V:3.3434e+00V I:1.5452e-02A R:2.1637e+02ğ›€ E:5.2241e+01V/cm J:1.4176e-01A/cm2 ğ›’:3.6851e+02ğ›€ cm
2023-05-18 14:18:31,549 INFO Measurement at current 0.015577889447236183
2023-05-18 14:18:32,137 INFO T:100.59Â°K V:3.3441e+00V I:1.5578e-02A R:2.1467e+02ğ›€ E:5.2251e+01V/cm J:1.4292e-01A/cm2 ğ›’:3.6561e+02ğ›€ cm
2023-05-18 14:18:32,161 INFO Measurement at current 0.0157035175879397
2023-05-18 14:18:32,760 INFO T:100.60Â°K V:3.3432e+00V I:1.5704e-02A R:2.1290e+02ğ›€ E:5.2238e+01V/cm J:1.4407e-01A/cm2 ğ›’:3.6259e+02ğ›€ cm
2023-05-18 14:18:32,781 INFO Measurement at current 0.015829145728643218
2023-05-18 14:18:33,368 INFO T:100.60Â°K V:3.3427e+00V I:1.5829e-02A R:2.1117e+02ğ›€ E:5.2230e+01V/cm J:1.4522e-01A/cm2 ğ›’:3.5965e+02ğ›€ cm
2023-05-18 14:18:33,398 INFO Measurement at current 0.015954773869346735
2023-05-18 14:18:34,003 INFO T:100.60Â°K V:3.3415e+00V I:1.5955e-02A R:2.0944e+02ğ›€ E:5.2211e+01V/cm J:1.4637e-01A/cm2 ğ›’:3.5670e+02ğ›€ cm
2023-05-18 14:18:34,021 INFO Measurement at current 0.016080402010050253
2023-05-18 14:18:34,617 INFO T:100.60Â°K V:3.3407e+00V I:1.6080e-02A R:2.0775e+02ğ›€ E:5.2198e+01V/cm J:1.4753e-01A/cm2 ğ›’:3.5382e+02ğ›€ cm
2023-05-18 14:18:34,636 INFO Measurement at current 0.01620603015075377
2023-05-18 14:18:35,220 INFO T:100.60Â°K V:3.3396e+00V I:1.6206e-02A R:2.0607e+02ğ›€ E:5.2182e+01V/cm J:1.4868e-01A/cm2 ğ›’:3.5097e+02ğ›€ cm
2023-05-18 14:18:35,235 INFO Measurement at current 0.016331658291457288
2023-05-18 14:18:35,816 INFO T:100.60Â°K V:3.3396e+00V I:1.6332e-02A R:2.0449e+02ğ›€ E:5.2181e+01V/cm J:1.4983e-01A/cm2 ğ›’:3.4827e+02ğ›€ cm
2023-05-18 14:18:35,832 INFO Measurement at current 0.016457286432160805
2023-05-18 14:18:36,417 INFO T:100.60Â°K V:3.3390e+00V I:1.6457e-02A R:2.0289e+02ğ›€ E:5.2171e+01V/cm J:1.5098e-01A/cm2 ğ›’:3.4554e+02ğ›€ cm
2023-05-18 14:18:36,433 INFO Measurement at current 0.016582914572864323
2023-05-18 14:18:37,018 INFO T:100.60Â°K V:3.3393e+00V I:1.6583e-02A R:2.0137e+02ğ›€ E:5.2177e+01V/cm J:1.5214e-01A/cm2 ğ›’:3.4296e+02ğ›€ cm
2023-05-18 14:18:37,033 INFO Measurement at current 0.01670854271356784
2023-05-18 14:18:37,616 INFO T:100.61Â°K V:3.3386e+00V I:1.6709e-02A R:1.9982e+02ğ›€ E:5.2166e+01V/cm J:1.5329e-01A/cm2 ğ›’:3.4031e+02ğ›€ cm
2023-05-18 14:18:37,633 INFO Measurement at current 0.016834170854271358
2023-05-18 14:18:38,215 INFO T:100.61Â°K V:3.3376e+00V I:1.6834e-02A R:1.9826e+02ğ›€ E:5.2150e+01V/cm J:1.5444e-01A/cm2 ğ›’:3.3767e+02ğ›€ cm
2023-05-18 14:18:38,232 INFO Measurement at current 0.016959798994974875
2023-05-18 14:18:38,816 INFO T:100.61Â°K V:3.3368e+00V I:1.6960e-02A R:1.9675e+02ğ›€ E:5.2138e+01V/cm J:1.5559e-01A/cm2 ğ›’:3.3509e+02ğ›€ cm
2023-05-18 14:18:38,832 INFO Measurement at current 0.017085427135678392
2023-05-18 14:18:39,420 INFO T:100.61Â°K V:3.3356e+00V I:1.7085e-02A R:1.9523e+02ğ›€ E:5.2119e+01V/cm J:1.5675e-01A/cm2 ğ›’:3.3250e+02ğ›€ cm
2023-05-18 14:18:39,437 INFO Measurement at current 0.01721105527638191
2023-05-18 14:18:40,020 INFO T:100.61Â°K V:3.3347e+00V I:1.7211e-02A R:1.9375e+02ğ›€ E:5.2104e+01V/cm J:1.5790e-01A/cm2 ğ›’:3.2998e+02ğ›€ cm
2023-05-18 14:18:40,036 INFO Measurement at current 0.017336683417085427
2023-05-18 14:18:40,664 INFO T:100.61Â°K V:3.3335e+00V I:1.7337e-02A R:1.9228e+02ğ›€ E:5.2087e+01V/cm J:1.5905e-01A/cm2 ğ›’:3.2748e+02ğ›€ cm
2023-05-18 14:18:40,694 INFO Measurement at current 0.017462311557788948
2023-05-18 14:18:41,306 INFO T:100.61Â°K V:3.3304e+00V I:1.7462e-02A R:1.9072e+02ğ›€ E:5.2037e+01V/cm J:1.6020e-01A/cm2 ğ›’:3.2482e+02ğ›€ cm
2023-05-18 14:18:41,334 INFO Measurement at current 0.017587939698492466
2023-05-18 14:18:41,935 INFO T:100.62Â°K V:3.3293e+00V I:1.7588e-02A R:1.8929e+02ğ›€ E:5.2020e+01V/cm J:1.6136e-01A/cm2 ğ›’:3.2239e+02ğ›€ cm
2023-05-18 14:18:41,960 INFO Measurement at current 0.017713567839195983
2023-05-18 14:18:42,563 INFO T:100.62Â°K V:3.3278e+00V I:1.7714e-02A R:1.8787e+02ğ›€ E:5.1997e+01V/cm J:1.6251e-01A/cm2 ğ›’:3.1996e+02ğ›€ cm
2023-05-18 14:18:42,582 INFO Measurement at current 0.0178391959798995
2023-05-18 14:18:43,177 INFO T:100.62Â°K V:3.3259e+00V I:1.7839e-02A R:1.8644e+02ğ›€ E:5.1967e+01V/cm J:1.6366e-01A/cm2 ğ›’:3.1753e+02ğ›€ cm
2023-05-18 14:18:43,193 INFO Measurement at current 0.017964824120603018
2023-05-18 14:18:43,796 INFO T:100.62Â°K V:3.3246e+00V I:1.7965e-02A R:1.8506e+02ğ›€ E:5.1946e+01V/cm J:1.6481e-01A/cm2 ğ›’:3.1518e+02ğ›€ cm
2023-05-18 14:18:43,818 INFO Measurement at current 0.018090452261306535
2023-05-18 14:18:44,417 INFO T:100.62Â°K V:3.3230e+00V I:1.8090e-02A R:1.8369e+02ğ›€ E:5.1921e+01V/cm J:1.6597e-01A/cm2 ğ›’:3.1284e+02ğ›€ cm
2023-05-18 14:18:44,437 INFO Measurement at current 0.018216080402010053
2023-05-18 14:18:45,031 INFO T:100.62Â°K V:3.3212e+00V I:1.8216e-02A R:1.8232e+02ğ›€ E:5.1894e+01V/cm J:1.6712e-01A/cm2 ğ›’:3.1052e+02ğ›€ cm
2023-05-18 14:18:45,051 INFO Measurement at current 0.01834170854271357
2023-05-18 14:18:45,652 INFO T:100.62Â°K V:3.3197e+00V I:1.8342e-02A R:1.8099e+02ğ›€ E:5.1871e+01V/cm J:1.6827e-01A/cm2 ğ›’:3.0825e+02ğ›€ cm
2023-05-18 14:18:45,699 INFO Measurement at current 0.018467336683417088
2023-05-18 14:18:46,294 INFO T:100.63Â°K V:3.3168e+00V I:1.8467e-02A R:1.7960e+02ğ›€ E:5.1825e+01V/cm J:1.6943e-01A/cm2 ğ›’:3.0589e+02ğ›€ cm
2023-05-18 14:18:46,317 INFO Measurement at current 0.018592964824120605
2023-05-18 14:18:46,938 INFO T:100.63Â°K V:3.3158e+00V I:1.8593e-02A R:1.7834e+02ğ›€ E:5.1809e+01V/cm J:1.7058e-01A/cm2 ğ›’:3.0373e+02ğ›€ cm
2023-05-18 14:18:46,954 INFO Measurement at current 0.018718592964824123
2023-05-18 14:18:47,573 INFO T:100.63Â°K V:3.3125e+00V I:1.8719e-02A R:1.7696e+02ğ›€ E:5.1757e+01V/cm J:1.7173e-01A/cm2 ğ›’:3.0139e+02ğ›€ cm
2023-05-18 14:18:47,607 INFO Measurement at current 0.01884422110552764
2023-05-18 14:18:48,197 INFO T:100.63Â°K V:3.3110e+00V I:1.8844e-02A R:1.7570e+02ğ›€ E:5.1734e+01V/cm J:1.7288e-01A/cm2 ğ›’:2.9924e+02ğ›€ cm
2023-05-18 14:18:48,248 INFO Measurement at current 0.018969849246231157
2023-05-18 14:18:48,852 INFO T:100.63Â°K V:3.3080e+00V I:1.8970e-02A R:1.7438e+02ğ›€ E:5.1688e+01V/cm J:1.7404e-01A/cm2 ğ›’:2.9700e+02ğ›€ cm
2023-05-18 14:18:48,876 INFO Measurement at current 0.019095477386934675
2023-05-18 14:18:49,473 INFO T:100.63Â°K V:3.3066e+00V I:1.9095e-02A R:1.7316e+02ğ›€ E:5.1665e+01V/cm J:1.7519e-01A/cm2 ğ›’:2.9491e+02ğ›€ cm
2023-05-18 14:18:49,493 INFO Measurement at current 0.019221105527638192
2023-05-18 14:18:50,087 INFO T:100.63Â°K V:3.3048e+00V I:1.9221e-02A R:1.7194e+02ğ›€ E:5.1638e+01V/cm J:1.7634e-01A/cm2 ğ›’:2.9283e+02ğ›€ cm
2023-05-18 14:18:50,108 INFO Measurement at current 0.01934673366834171
2023-05-18 14:18:50,705 INFO T:100.63Â°K V:3.3034e+00V I:1.9347e-02A R:1.7075e+02ğ›€ E:5.1615e+01V/cm J:1.7749e-01A/cm2 ğ›’:2.9080e+02ğ›€ cm
2023-05-18 14:18:50,725 INFO Measurement at current 0.019472361809045227
2023-05-18 14:18:51,323 INFO T:100.64Â°K V:3.3022e+00V I:1.9472e-02A R:1.6958e+02ğ›€ E:5.1597e+01V/cm J:1.7865e-01A/cm2 ğ›’:2.8882e+02ğ›€ cm
2023-05-18 14:18:51,343 INFO Measurement at current 0.019597989949748745
2023-05-18 14:18:51,941 INFO T:100.64Â°K V:3.3008e+00V I:1.9598e-02A R:1.6843e+02ğ›€ E:5.1576e+01V/cm J:1.7980e-01A/cm2 ğ›’:2.8685e+02ğ›€ cm
2023-05-18 14:18:51,960 INFO Measurement at current 0.019723618090452262
2023-05-18 14:18:52,556 INFO T:100.64Â°K V:3.2986e+00V I:1.9724e-02A R:1.6724e+02ğ›€ E:5.1540e+01V/cm J:1.8095e-01A/cm2 ğ›’:2.8483e+02ğ›€ cm
2023-05-18 14:18:52,580 INFO Measurement at current 0.01984924623115578
2023-05-18 14:18:53,167 INFO T:100.64Â°K V:3.2966e+00V I:1.9849e-02A R:1.6608e+02ğ›€ E:5.1509e+01V/cm J:1.8210e-01A/cm2 ğ›’:2.8286e+02ğ›€ cm
2023-05-18 14:18:53,186 INFO Measurement at current 0.019974874371859297
2023-05-18 14:18:53,790 INFO T:100.64Â°K V:3.2950e+00V I:1.9975e-02A R:1.6496e+02ğ›€ E:5.1484e+01V/cm J:1.8326e-01A/cm2 ğ›’:2.8094e+02ğ›€ cm
2023-05-18 14:18:53,817 INFO Measurement at current 0.020100502512562818
2023-05-18 14:18:54,408 INFO T:100.64Â°K V:3.2924e+00V I:2.0101e-02A R:1.6380e+02ğ›€ E:5.1444e+01V/cm J:1.8441e-01A/cm2 ğ›’:2.7897e+02ğ›€ cm
2023-05-18 14:18:54,440 INFO Measurement at current 0.020226130653266335
2023-05-18 14:18:55,037 INFO T:100.64Â°K V:3.2902e+00V I:2.0226e-02A R:1.6267e+02ğ›€ E:5.1410e+01V/cm J:1.8556e-01A/cm2 ğ›’:2.7705e+02ğ›€ cm
2023-05-18 14:18:55,060 INFO Measurement at current 0.020351758793969853
2023-05-18 14:18:55,658 INFO T:100.65Â°K V:3.2883e+00V I:2.0352e-02A R:1.6157e+02ğ›€ E:5.1379e+01V/cm J:1.8671e-01A/cm2 ğ›’:2.7518e+02ğ›€ cm
2023-05-18 14:18:55,677 INFO Measurement at current 0.02047738693467337
2023-05-18 14:18:56,272 INFO T:100.65Â°K V:3.2862e+00V I:2.0477e-02A R:1.6048e+02ğ›€ E:5.1347e+01V/cm J:1.8787e-01A/cm2 ğ›’:2.7332e+02ğ›€ cm
2023-05-18 14:18:56,300 INFO Measurement at current 0.020603015075376888
2023-05-18 14:18:56,900 INFO T:100.65Â°K V:3.2843e+00V I:2.0603e-02A R:1.5941e+02ğ›€ E:5.1317e+01V/cm J:1.8902e-01A/cm2 ğ›’:2.7149e+02ğ›€ cm
2023-05-18 14:18:56,918 INFO Measurement at current 0.020728643216080405
2023-05-18 14:18:57,524 INFO T:100.65Â°K V:3.2815e+00V I:2.0729e-02A R:1.5831e+02ğ›€ E:5.1274e+01V/cm J:1.9017e-01A/cm2 ğ›’:2.6962e+02ğ›€ cm
2023-05-18 14:18:57,556 INFO Measurement at current 0.020854271356783922
2023-05-18 14:18:58,144 INFO T:100.65Â°K V:3.2785e+00V I:2.0854e-02A R:1.5721e+02ğ›€ E:5.1226e+01V/cm J:1.9132e-01A/cm2 ğ›’:2.6775e+02ğ›€ cm
2023-05-18 14:18:58,188 INFO Measurement at current 0.02097989949748744
2023-05-18 14:18:58,786 INFO T:100.65Â°K V:3.2749e+00V I:2.0980e-02A R:1.5610e+02ğ›€ E:5.1170e+01V/cm J:1.9248e-01A/cm2 ğ›’:2.6585e+02ğ›€ cm
2023-05-18 14:18:58,815 INFO Measurement at current 0.021105527638190957
2023-05-18 14:18:59,422 INFO T:100.65Â°K V:3.2717e+00V I:2.1106e-02A R:1.5501e+02ğ›€ E:5.1120e+01V/cm J:1.9363e-01A/cm2 ğ›’:2.6401e+02ğ›€ cm
2023-05-18 14:18:59,444 INFO Measurement at current 0.021231155778894475
2023-05-18 14:19:00,044 INFO T:100.66Â°K V:3.2697e+00V I:2.1231e-02A R:1.5400e+02ğ›€ E:5.1089e+01V/cm J:1.9478e-01A/cm2 ğ›’:2.6229e+02ğ›€ cm
2023-05-18 14:19:00,061 INFO Measurement at current 0.021356783919597992
2023-05-18 14:19:00,652 INFO T:100.66Â°K V:3.2676e+00V I:2.1357e-02A R:1.5300e+02ğ›€ E:5.1056e+01V/cm J:1.9593e-01A/cm2 ğ›’:2.6058e+02ğ›€ cm
2023-05-18 14:19:00,682 INFO Measurement at current 0.02148241206030151
2023-05-18 14:19:01,275 INFO T:100.66Â°K V:3.2652e+00V I:2.1482e-02A R:1.5199e+02ğ›€ E:5.1019e+01V/cm J:1.9709e-01A/cm2 ğ›’:2.5886e+02ğ›€ cm
2023-05-18 14:19:01,288 INFO Measurement at current 0.021608040201005027
2023-05-18 14:19:01,870 INFO T:100.66Â°K V:3.2642e+00V I:2.1608e-02A R:1.5107e+02ğ›€ E:5.1004e+01V/cm J:1.9824e-01A/cm2 ğ›’:2.5728e+02ğ›€ cm
2023-05-18 14:19:01,885 INFO Measurement at current 0.021733668341708545
2023-05-18 14:19:02,466 INFO T:100.66Â°K V:3.2623e+00V I:2.1734e-02A R:1.5010e+02ğ›€ E:5.0973e+01V/cm J:1.9939e-01A/cm2 ğ›’:2.5564e+02ğ›€ cm
2023-05-18 14:19:02,488 INFO Measurement at current 0.021859296482412062
2023-05-18 14:19:03,076 INFO T:100.66Â°K V:3.2604e+00V I:2.1859e-02A R:1.4915e+02ğ›€ E:5.0944e+01V/cm J:2.0054e-01A/cm2 ğ›’:2.5403e+02ğ›€ cm
2023-05-18 14:19:03,093 INFO Measurement at current 0.02198492462311558
2023-05-18 14:19:03,677 INFO T:100.66Â°K V:3.2582e+00V I:2.1985e-02A R:1.4820e+02ğ›€ E:5.0909e+01V/cm J:2.0170e-01A/cm2 ğ›’:2.5240e+02ğ›€ cm
2023-05-18 14:19:03,698 INFO Measurement at current 0.022110552763819097
2023-05-18 14:19:04,288 INFO T:100.67Â°K V:3.2559e+00V I:2.2111e-02A R:1.4726e+02ğ›€ E:5.0874e+01V/cm J:2.0285e-01A/cm2 ğ›’:2.5080e+02ğ›€ cm
2023-05-18 14:19:04,304 INFO Measurement at current 0.022236180904522614
2023-05-18 14:19:04,890 INFO T:100.67Â°K V:3.2537e+00V I:2.2236e-02A R:1.4632e+02ğ›€ E:5.0839e+01V/cm J:2.0400e-01A/cm2 ğ›’:2.4921e+02ğ›€ cm
2023-05-18 14:19:04,906 INFO Measurement at current 0.02236180904522613
2023-05-18 14:19:05,493 INFO T:100.67Â°K V:3.2515e+00V I:2.2362e-02A R:1.4541e+02ğ›€ E:5.0805e+01V/cm J:2.0515e-01A/cm2 ğ›’:2.4764e+02ğ›€ cm
2023-05-18 14:19:05,513 INFO Measurement at current 0.02248743718592965
2023-05-18 14:19:06,095 INFO T:100.67Â°K V:3.2491e+00V I:2.2487e-02A R:1.4448e+02ğ›€ E:5.0767e+01V/cm J:2.0631e-01A/cm2 ğ›’:2.4607e+02ğ›€ cm
2023-05-18 14:19:06,113 INFO Measurement at current 0.022613065326633167
2023-05-18 14:19:06,698 INFO T:100.67Â°K V:3.2472e+00V I:2.2613e-02A R:1.4360e+02ğ›€ E:5.0738e+01V/cm J:2.0746e-01A/cm2 ğ›’:2.4457e+02ğ›€ cm
2023-05-18 14:19:06,714 INFO Measurement at current 0.022738693467336684
2023-05-18 14:19:07,300 INFO T:100.67Â°K V:3.2449e+00V I:2.2739e-02A R:1.4270e+02ğ›€ E:5.0702e+01V/cm J:2.0861e-01A/cm2 ğ›’:2.4304e+02ğ›€ cm
2023-05-18 14:19:07,314 INFO Measurement at current 0.022864321608040205
2023-05-18 14:19:07,898 INFO T:100.67Â°K V:3.2415e+00V I:2.2864e-02A R:1.4177e+02ğ›€ E:5.0649e+01V/cm J:2.0976e-01A/cm2 ğ›’:2.4146e+02ğ›€ cm
2023-05-18 14:19:07,916 INFO Measurement at current 0.022989949748743722
2023-05-18 14:19:08,499 INFO T:100.68Â°K V:3.2391e+00V I:2.2990e-02A R:1.4089e+02ğ›€ E:5.0611e+01V/cm J:2.1092e-01A/cm2 ğ›’:2.3996e+02ğ›€ cm
2023-05-18 14:19:08,515 INFO Measurement at current 0.02311557788944724
2023-05-18 14:19:09,099 INFO T:100.68Â°K V:3.2367e+00V I:2.3116e-02A R:1.4002e+02ğ›€ E:5.0574e+01V/cm J:2.1207e-01A/cm2 ğ›’:2.3848e+02ğ›€ cm
2023-05-18 14:19:09,115 INFO Measurement at current 0.023241206030150757
2023-05-18 14:19:09,697 INFO T:100.68Â°K V:3.2347e+00V I:2.3241e-02A R:1.3918e+02ğ›€ E:5.0542e+01V/cm J:2.1322e-01A/cm2 ğ›’:2.3704e+02ğ›€ cm
2023-05-18 14:19:09,717 INFO Measurement at current 0.023366834170854275
2023-05-18 14:19:10,301 INFO T:100.68Â°K V:3.2321e+00V I:2.3367e-02A R:1.3832e+02ğ›€ E:5.0501e+01V/cm J:2.1437e-01A/cm2 ğ›’:2.3557e+02ğ›€ cm
2023-05-18 14:19:10,317 INFO Measurement at current 0.023492462311557792
2023-05-18 14:19:10,901 INFO T:100.68Â°K V:3.2298e+00V I:2.3492e-02A R:1.3748e+02ğ›€ E:5.0465e+01V/cm J:2.1553e-01A/cm2 ğ›’:2.3415e+02ğ›€ cm
2023-05-18 14:19:10,928 INFO Measurement at current 0.02361809045226131
2023-05-18 14:19:11,525 INFO T:100.68Â°K V:3.2273e+00V I:2.3618e-02A R:1.3665e+02ğ›€ E:5.0427e+01V/cm J:2.1668e-01A/cm2 ğ›’:2.3272e+02ğ›€ cm
2023-05-18 14:19:11,546 INFO Measurement at current 0.023743718592964827
2023-05-18 14:19:12,149 INFO T:100.69Â°K V:3.2244e+00V I:2.3744e-02A R:1.3580e+02ğ›€ E:5.0381e+01V/cm J:2.1783e-01A/cm2 ğ›’:2.3128e+02ğ›€ cm
2023-05-18 14:19:12,166 INFO Measurement at current 0.023869346733668344
2023-05-18 14:19:12,767 INFO T:100.69Â°K V:3.2216e+00V I:2.3869e-02A R:1.3497e+02ğ›€ E:5.0337e+01V/cm J:2.1898e-01A/cm2 ğ›’:2.2987e+02ğ›€ cm
2023-05-18 14:19:12,820 INFO Measurement at current 0.023994974874371862
2023-05-18 14:19:13,417 INFO T:100.69Â°K V:3.2175e+00V I:2.3995e-02A R:1.3409e+02ğ›€ E:5.0273e+01V/cm J:2.2014e-01A/cm2 ğ›’:2.2837e+02ğ›€ cm
2023-05-18 14:19:13,454 INFO Measurement at current 0.02412060301507538
2023-05-18 14:19:14,053 INFO T:100.69Â°K V:3.2146e+00V I:2.4121e-02A R:1.3327e+02ğ›€ E:5.0228e+01V/cm J:2.2129e-01A/cm2 ğ›’:2.2698e+02ğ›€ cm
2023-05-18 14:19:14,074 INFO Measurement at current 0.024246231155778897
2023-05-18 14:19:14,670 INFO T:100.69Â°K V:3.2120e+00V I:2.4246e-02A R:1.3247e+02ğ›€ E:5.0188e+01V/cm J:2.2244e-01A/cm2 ğ›’:2.2562e+02ğ›€ cm
2023-05-18 14:19:14,698 INFO Measurement at current 0.024371859296482414
2023-05-18 14:19:15,291 INFO T:100.69Â°K V:3.2090e+00V I:2.4372e-02A R:1.3167e+02ğ›€ E:5.0140e+01V/cm J:2.2360e-01A/cm2 ğ›’:2.2425e+02ğ›€ cm
2023-05-18 14:19:15,338 INFO Measurement at current 0.02449748743718593
2023-05-18 14:19:15,952 INFO T:100.69Â°K V:3.2050e+00V I:2.4497e-02A R:1.3083e+02ğ›€ E:5.0078e+01V/cm J:2.2475e-01A/cm2 ğ›’:2.2282e+02ğ›€ cm
2023-05-18 14:19:15,972 INFO Measurement at current 0.02462311557788945
2023-05-18 14:19:16,569 INFO T:100.70Â°K V:3.2031e+00V I:2.4623e-02A R:1.3009e+02ğ›€ E:5.0049e+01V/cm J:2.2590e-01A/cm2 ğ›’:2.2155e+02ğ›€ cm
2023-05-18 14:19:16,582 INFO Measurement at current 0.024748743718592967
2023-05-18 14:19:17,265 INFO T:100.70Â°K V:3.2005e+00V I:2.4749e-02A R:1.2932e+02ğ›€ E:5.0008e+01V/cm J:2.2705e-01A/cm2 ğ›’:2.2025e+02ğ›€ cm
2023-05-18 14:19:17,282 INFO Measurement at current 0.024874371859296484
2023-05-18 14:19:17,866 INFO T:100.70Â°K V:3.1959e+00V I:2.4874e-02A R:1.2848e+02ğ›€ E:4.9936e+01V/cm J:2.2821e-01A/cm2 ğ›’:2.1882e+02ğ›€ cm
2023-05-18 14:19:17,878 INFO Measurement at current 0.025
2023-05-18 14:19:18,462 INFO T:100.70Â°K V:3.1938e+00V I:2.5000e-02A R:1.2775e+02ğ›€ E:4.9904e+01V/cm J:2.2936e-01A/cm2 ğ›’:2.1758e+02ğ›€ cm
2023-05-18 14:19:54,893 INFO Save the description file
2023-05-18 14:19:54,905 INFO Save data in numpy format Esperimenti/CPRO_MUSA_180523_I_V/CPRO_MUSA_180523_I_V_current_from_0_to_250e-4A/CPRO_MUSA_180523_I_V_current_from_0_to_250e-4A-20230518141952
2023-05-18 14:19:54,920 INFO Save data in CSV format Esperimenti/CPRO_MUSA_180523_I_V/CPRO_MUSA_180523_I_V_current_from_0_to_250e-4A/CPRO_MUSA_180523_I_V_current_from_0_to_250e-4A-20230518141952.csv
2023-05-18 14:19:54,947 INFO Save plot as image Esperimenti/CPRO_MUSA_180523_I_V/CPRO_MUSA_180523_I_V_current_from_0_to_250e-4A/CPRO_MUSA_180523_I_V_current_from_0_to_250e-4A-20230518141952.png
