2023-05-30 15:53:52,648 INFO ### Start experiment: CPRO_MUSA_300523_I_V current from 0 to 1500e-4A ###
2023-05-30 15:53:53,992 INFO Found Multimeter KEITHLEY INSTRUMENTS INC.,MODEL 2700,0884890,B03  /A02  

2023-05-30 15:53:55,023 INFO Found Nanovolt Meter KEITHLEY INSTRUMENTS INC.,MODEL 2182A,4056474,C03  /A02  

2023-05-30 15:53:55,135 INFO Found Source Meter KEITHLEY INSTRUMENTS INC.,MODEL 2400,0945684,C24   Feb 14 2002 11:59:45/A02  /K/H

2023-05-30 15:53:55,258 INFO Start the measurement loop
2023-05-30 15:54:00,516 INFO Measurement at current 0.0
2023-05-30 15:54:01,429 INFO T:152.04Â°K V:2.6017e-06V I:0.0000e+00A R:infğ›€ E:5.0034e-05V/cm J:0.0000e+00A/cm2 ğ›’:infğ›€ cm
2023-05-30 15:54:01,453 INFO Measurement at current 0.0007537688442211055
2023-05-30 15:54:02,057 INFO T:152.06Â°K V:5.2916e-04V I:7.5377e-04A R:7.0202e-01ğ›€ E:1.0176e-02V/cm J:8.4693e-03A/cm2 ğ›’:1.2015e+00ğ›€ cm
2023-05-30 15:54:02,083 INFO Measurement at current 0.001507537688442211
2023-05-30 15:54:02,692 INFO T:152.08Â°K V:1.0557e-03V I:1.5075e-03A R:7.0031e-01ğ›€ E:2.0303e-02V/cm J:1.6939e-02A/cm2 ğ›’:1.1986e+00ğ›€ cm
2023-05-30 15:54:02,715 INFO Measurement at current 0.0022613065326633165
2023-05-30 15:54:03,320 INFO T:152.10Â°K V:1.5823e-03V I:2.2613e-03A R:6.9974e-01ğ›€ E:3.0429e-02V/cm J:2.5408e-02A/cm2 ğ›’:1.1976e+00ğ›€ cm
2023-05-30 15:54:03,339 INFO Measurement at current 0.003015075376884422
2023-05-30 15:54:03,929 INFO T:152.12Â°K V:2.1085e-03V I:3.0151e-03A R:6.9930e-01ğ›€ E:4.0547e-02V/cm J:3.3877e-02A/cm2 ğ›’:1.1969e+00ğ›€ cm
2023-05-30 15:54:03,951 INFO Measurement at current 0.0037688442211055275
2023-05-30 15:54:04,543 INFO T:152.14Â°K V:2.6348e-03V I:3.7688e-03A R:6.9909e-01ğ›€ E:5.0668e-02V/cm J:4.2347e-02A/cm2 ğ›’:1.1965e+00ğ›€ cm
2023-05-30 15:54:04,560 INFO Measurement at current 0.004522613065326633
2023-05-30 15:54:05,176 INFO T:152.16Â°K V:3.1609e-03V I:4.5226e-03A R:6.9892e-01ğ›€ E:6.0787e-02V/cm J:5.0816e-02A/cm2 ğ›’:1.1962e+00ğ›€ cm
2023-05-30 15:54:05,199 INFO Measurement at current 0.0052763819095477385
2023-05-30 15:54:05,801 INFO T:152.18Â°K V:3.6870e-03V I:5.2764e-03A R:6.9877e-01ğ›€ E:7.0903e-02V/cm J:5.9285e-02A/cm2 ğ›’:1.1960e+00ğ›€ cm
2023-05-30 15:54:05,826 INFO Measurement at current 0.006030150753768844
2023-05-30 15:54:06,426 INFO T:152.21Â°K V:4.2131e-03V I:6.0302e-03A R:6.9867e-01ğ›€ E:8.1021e-02V/cm J:6.7755e-02A/cm2 ğ›’:1.1958e+00ğ›€ cm
2023-05-30 15:54:06,444 INFO Measurement at current 0.0067839195979899495
2023-05-30 15:54:07,038 INFO T:152.23Â°K V:4.7387e-03V I:6.7839e-03A R:6.9853e-01ğ›€ E:9.1130e-02V/cm J:7.6224e-02A/cm2 ğ›’:1.1956e+00ğ›€ cm
2023-05-30 15:54:07,061 INFO Measurement at current 0.007537688442211055
2023-05-30 15:54:07,662 INFO T:152.25Â°K V:5.2645e-03V I:7.5377e-03A R:6.9842e-01ğ›€ E:1.0124e-01V/cm J:8.4693e-02A/cm2 ğ›’:1.1954e+00ğ›€ cm
2023-05-30 15:54:07,683 INFO Measurement at current 0.008291457286432161
2023-05-30 15:54:08,296 INFO T:152.27Â°K V:5.7899e-03V I:8.2915e-03A R:6.9830e-01ğ›€ E:1.1135e-01V/cm J:9.3162e-02A/cm2 ğ›’:1.1952e+00ğ›€ cm
2023-05-30 15:54:08,318 INFO Measurement at current 0.009045226130653266
2023-05-30 15:54:08,918 INFO T:152.29Â°K V:6.3154e-03V I:9.0452e-03A R:6.9820e-01ğ›€ E:1.2145e-01V/cm J:1.0163e-01A/cm2 ğ›’:1.1950e+00ğ›€ cm
2023-05-30 15:54:08,944 INFO Measurement at current 0.00979899497487437
2023-05-30 15:54:09,538 INFO T:152.31Â°K V:6.8409e-03V I:9.7990e-03A R:6.9812e-01ğ›€ E:1.3156e-01V/cm J:1.1010e-01A/cm2 ğ›’:1.1949e+00ğ›€ cm
2023-05-30 15:54:09,555 INFO Measurement at current 0.010552763819095477
2023-05-30 15:54:10,176 INFO T:152.33Â°K V:7.3692e-03V I:1.0553e-02A R:6.9832e-01ğ›€ E:1.4172e-01V/cm J:1.1857e-01A/cm2 ğ›’:1.1952e+00ğ›€ cm
2023-05-30 15:54:33,405 WARNING Writing gpib error, check the source meter: write() failed: A read or write of data bytes has been aborted, possibly due to a timeout or reception of a device clear command.
2023-05-30 15:54:33,999 INFO T:305.42Â°K V:1.4699e-02V I:1.1307e-02A R:1.3001e+00ğ›€ E:2.8268e-01V/cm J:1.2704e-01A/cm2 ğ›’:2.2251e+00ğ›€ cm
2023-05-30 15:54:34,016 INFO Measurement at current 0.012060301507537688
2023-05-30 15:54:34,610 INFO T:153.11Â°K V:8.3740e-03V I:1.2060e-02A R:6.9435e-01ğ›€ E:1.6104e-01V/cm J:1.3551e-01A/cm2 ğ›’:1.1884e+00ğ›€ cm
2023-05-30 15:54:34,641 INFO Measurement at current 0.012814070351758793
2023-05-30 15:54:35,246 INFO T:153.13Â°K V:8.8965e-03V I:1.2814e-02A R:6.9428e-01ğ›€ E:1.7109e-01V/cm J:1.4398e-01A/cm2 ğ›’:1.1883e+00ğ›€ cm
2023-05-30 15:54:35,262 INFO Measurement at current 0.013567839195979899
2023-05-30 15:54:35,861 INFO T:153.15Â°K V:9.4191e-03V I:1.3568e-02A R:6.9422e-01ğ›€ E:1.8114e-01V/cm J:1.5245e-01A/cm2 ğ›’:1.1882e+00ğ›€ cm
2023-05-30 15:54:35,882 INFO Measurement at current 0.014321608040201005
2023-05-30 15:54:36,482 INFO T:153.17Â°K V:9.9385e-03V I:1.4322e-02A R:6.9395e-01ğ›€ E:1.9113e-01V/cm J:1.6092e-01A/cm2 ğ›’:1.1877e+00ğ›€ cm
2023-05-30 15:54:36,506 INFO Measurement at current 0.01507537688442211
2023-05-30 15:54:37,095 INFO T:153.19Â°K V:1.0462e-02V I:1.5075e-02A R:6.9400e-01ğ›€ E:2.0120e-01V/cm J:1.6939e-01A/cm2 ğ›’:1.1878e+00ğ›€ cm
2023-05-30 15:54:37,118 INFO Measurement at current 0.015829145728643215
2023-05-30 15:54:37,718 INFO T:153.21Â°K V:1.0985e-02V I:1.5829e-02A R:6.9397e-01ğ›€ E:2.1125e-01V/cm J:1.7786e-01A/cm2 ğ›’:1.1878e+00ğ›€ cm
2023-05-30 15:54:37,732 INFO Measurement at current 0.016582914572864323
2023-05-30 15:54:38,322 INFO T:153.23Â°K V:1.1507e-02V I:1.6583e-02A R:6.9394e-01ğ›€ E:2.2130e-01V/cm J:1.8632e-01A/cm2 ğ›’:1.1877e+00ğ›€ cm
2023-05-30 15:54:38,337 INFO Measurement at current 0.017336683417085427
2023-05-30 15:54:39,767 INFO T:153.27Â°K V:1.2021e-02V I:1.7337e-02A R:6.9341e-01ğ›€ E:2.3118e-01V/cm J:1.9479e-01A/cm2 ğ›’:1.1868e+00ğ›€ cm
2023-05-30 15:54:39,781 INFO Measurement at current 0.018090452261306532
2023-05-30 15:54:40,364 INFO T:153.29Â°K V:1.2545e-02V I:1.8090e-02A R:6.9345e-01ğ›€ E:2.4125e-01V/cm J:2.0326e-01A/cm2 ğ›’:1.1869e+00ğ›€ cm
2023-05-30 15:54:40,379 INFO Measurement at current 0.018844221105527637
2023-05-30 15:54:40,964 INFO T:153.31Â°K V:1.3067e-02V I:1.8844e-02A R:6.9340e-01ğ›€ E:2.5128e-01V/cm J:2.1173e-01A/cm2 ğ›’:1.1868e+00ğ›€ cm
2023-05-30 15:54:40,981 INFO Measurement at current 0.01959798994974874
2023-05-30 15:54:41,578 INFO T:153.33Â°K V:1.3589e-02V I:1.9598e-02A R:6.9337e-01ğ›€ E:2.6132e-01V/cm J:2.2020e-01A/cm2 ğ›’:1.1867e+00ğ›€ cm
2023-05-30 15:54:41,597 INFO Measurement at current 0.02035175879396985
2023-05-30 15:54:42,198 INFO T:153.35Â°K V:1.4107e-02V I:2.0352e-02A R:6.9315e-01ğ›€ E:2.7128e-01V/cm J:2.2867e-01A/cm2 ğ›’:1.1863e+00ğ›€ cm
2023-05-30 15:54:42,223 INFO Measurement at current 0.021105527638190954
2023-05-30 15:54:42,820 INFO T:153.37Â°K V:1.4628e-02V I:2.1106e-02A R:6.9308e-01ğ›€ E:2.8130e-01V/cm J:2.3714e-01A/cm2 ğ›’:1.1862e+00ğ›€ cm
2023-05-30 15:54:42,835 INFO Measurement at current 0.02185929648241206
2023-05-30 15:54:43,419 INFO T:153.39Â°K V:1.5150e-02V I:2.1859e-02A R:6.9306e-01ğ›€ E:2.9134e-01V/cm J:2.4561e-01A/cm2 ğ›’:1.1862e+00ğ›€ cm
2023-05-30 15:54:43,434 INFO Measurement at current 0.022613065326633167
2023-05-30 15:54:44,018 INFO T:153.41Â°K V:1.5671e-02V I:2.2613e-02A R:6.9298e-01ğ›€ E:3.0136e-01V/cm J:2.5408e-01A/cm2 ğ›’:1.1861e+00ğ›€ cm
2023-05-30 15:54:44,032 INFO Measurement at current 0.02336683417085427
2023-05-30 15:54:44,640 INFO T:153.43Â°K V:1.6188e-02V I:2.3367e-02A R:6.9277e-01ğ›€ E:3.1130e-01V/cm J:2.6255e-01A/cm2 ğ›’:1.1857e+00ğ›€ cm
2023-05-30 15:54:44,658 INFO Measurement at current 0.024120603015075376
2023-05-30 15:54:45,250 INFO T:153.44Â°K V:1.6708e-02V I:2.4121e-02A R:6.9269e-01ğ›€ E:3.2131e-01V/cm J:2.7102e-01A/cm2 ğ›’:1.1856e+00ğ›€ cm
2023-05-30 15:54:45,281 INFO Measurement at current 0.02487437185929648
2023-05-30 15:54:45,872 INFO T:153.46Â°K V:1.7230e-02V I:2.4874e-02A R:6.9267e-01ğ›€ E:3.3134e-01V/cm J:2.7949e-01A/cm2 ğ›’:1.1855e+00ğ›€ cm
2023-05-30 15:54:45,905 INFO Measurement at current 0.025628140703517585
2023-05-30 15:54:46,500 INFO T:153.48Â°K V:1.7750e-02V I:2.5628e-02A R:6.9259e-01ğ›€ E:3.4134e-01V/cm J:2.8796e-01A/cm2 ğ›’:1.1854e+00ğ›€ cm
2023-05-30 15:54:46,533 INFO Measurement at current 0.026381909547738693
2023-05-30 15:54:47,767 INFO T:153.52Â°K V:1.8267e-02V I:2.6382e-02A R:6.9239e-01ğ›€ E:3.5128e-01V/cm J:2.9643e-01A/cm2 ğ›’:1.1850e+00ğ›€ cm
2023-05-30 15:54:47,785 INFO Measurement at current 0.027135678391959798
2023-05-30 15:54:48,379 INFO T:153.54Â°K V:1.8784e-02V I:2.7136e-02A R:6.9221e-01ğ›€ E:3.6122e-01V/cm J:3.0490e-01A/cm2 ğ›’:1.1847e+00ğ›€ cm
2023-05-30 15:54:48,396 INFO Measurement at current 0.027889447236180902
2023-05-30 15:54:48,984 INFO T:153.56Â°K V:1.9305e-02V I:2.7889e-02A R:6.9220e-01ğ›€ E:3.7125e-01V/cm J:3.1336e-01A/cm2 ğ›’:1.1847e+00ğ›€ cm
2023-05-30 15:54:49,008 INFO Measurement at current 0.02864321608040201
2023-05-30 15:54:49,597 INFO T:153.58Â°K V:1.9825e-02V I:2.8643e-02A R:6.9215e-01ğ›€ E:3.8126e-01V/cm J:3.2183e-01A/cm2 ğ›’:1.1846e+00ğ›€ cm
2023-05-30 15:54:49,628 INFO Measurement at current 0.029396984924623115
2023-05-30 15:54:50,249 INFO T:153.60Â°K V:2.0342e-02V I:2.9397e-02A R:6.9198e-01ğ›€ E:3.9119e-01V/cm J:3.3030e-01A/cm2 ğ›’:1.1843e+00ğ›€ cm
2023-05-30 15:54:50,271 INFO Measurement at current 0.03015075376884422
2023-05-30 15:54:50,856 INFO T:153.62Â°K V:2.0862e-02V I:3.0151e-02A R:6.9191e-01ğ›€ E:4.0119e-01V/cm J:3.3877e-01A/cm2 ğ›’:1.1842e+00ğ›€ cm
2023-05-30 15:54:50,874 INFO Measurement at current 0.030904522613065324
2023-05-30 15:54:51,479 INFO T:153.64Â°K V:2.1383e-02V I:3.0905e-02A R:6.9190e-01ğ›€ E:4.1121e-01V/cm J:3.4724e-01A/cm2 ğ›’:1.1842e+00ğ›€ cm
2023-05-30 15:54:51,509 INFO Measurement at current 0.03165829145728643
2023-05-30 15:54:52,107 INFO T:153.66Â°K V:2.1903e-02V I:3.1658e-02A R:6.9185e-01ğ›€ E:4.2121e-01V/cm J:3.5571e-01A/cm2 ğ›’:1.1841e+00ğ›€ cm
2023-05-30 15:54:52,130 INFO Measurement at current 0.032412060301507534
2023-05-30 15:54:52,721 INFO T:153.68Â°K V:2.2419e-02V I:3.2412e-02A R:6.9168e-01ğ›€ E:4.3113e-01V/cm J:3.6418e-01A/cm2 ğ›’:1.1838e+00ğ›€ cm
2023-05-30 15:54:52,738 INFO Measurement at current 0.033165829145728645
2023-05-30 15:54:53,329 INFO T:153.70Â°K V:2.2938e-02V I:3.3166e-02A R:6.9162e-01ğ›€ E:4.4112e-01V/cm J:3.7265e-01A/cm2 ğ›’:1.1837e+00ğ›€ cm
2023-05-30 15:54:53,351 INFO Measurement at current 0.03391959798994975
2023-05-30 15:54:53,946 INFO T:153.72Â°K V:2.3459e-02V I:3.3920e-02A R:6.9160e-01ğ›€ E:4.5113e-01V/cm J:3.8112e-01A/cm2 ğ›’:1.1837e+00ğ›€ cm
2023-05-30 15:54:53,962 INFO Measurement at current 0.034673366834170855
2023-05-30 15:54:54,550 INFO T:153.73Â°K V:2.3977e-02V I:3.4673e-02A R:6.9152e-01ğ›€ E:4.6110e-01V/cm J:3.8959e-01A/cm2 ğ›’:1.1836e+00ğ›€ cm
2023-05-30 15:54:54,581 INFO Measurement at current 0.03542713567839196
2023-05-30 15:54:55,176 INFO T:153.75Â°K V:2.4492e-02V I:3.5427e-02A R:6.9134e-01ğ›€ E:4.7101e-01V/cm J:3.9806e-01A/cm2 ğ›’:1.1833e+00ğ›€ cm
2023-05-30 15:54:55,201 INFO Measurement at current 0.036180904522613064
2023-05-30 15:54:55,805 INFO T:153.77Â°K V:2.5010e-02V I:3.6181e-02A R:6.9126e-01ğ›€ E:4.8097e-01V/cm J:4.0653e-01A/cm2 ğ›’:1.1831e+00ğ›€ cm
2023-05-30 15:54:55,832 INFO Measurement at current 0.03693467336683417
2023-05-30 15:54:56,432 INFO T:153.79Â°K V:2.5529e-02V I:3.6935e-02A R:6.9120e-01ğ›€ E:4.9095e-01V/cm J:4.1500e-01A/cm2 ğ›’:1.1830e+00ğ›€ cm
2023-05-30 15:54:56,459 INFO Measurement at current 0.03768844221105527
2023-05-30 15:54:57,088 INFO T:153.81Â°K V:2.6047e-02V I:3.7688e-02A R:6.9112e-01ğ›€ E:5.0091e-01V/cm J:4.2347e-01A/cm2 ğ›’:1.1829e+00ğ›€ cm
2023-05-30 15:54:57,111 INFO Measurement at current 0.03844221105527638
2023-05-30 15:54:57,704 INFO T:153.83Â°K V:2.6562e-02V I:3.8442e-02A R:6.9095e-01ğ›€ E:5.1080e-01V/cm J:4.3193e-01A/cm2 ğ›’:1.1826e+00ğ›€ cm
2023-05-30 15:54:57,718 INFO Measurement at current 0.03919597989949748
2023-05-30 15:54:58,308 INFO T:153.85Â°K V:2.7079e-02V I:3.9196e-02A R:6.9087e-01ğ›€ E:5.2076e-01V/cm J:4.4040e-01A/cm2 ğ›’:1.1825e+00ğ›€ cm
2023-05-30 15:54:58,334 INFO Measurement at current 0.039949748743718594
2023-05-30 15:54:58,923 INFO T:153.87Â°K V:2.7598e-02V I:3.9950e-02A R:6.9082e-01ğ›€ E:5.3073e-01V/cm J:4.4887e-01A/cm2 ğ›’:1.1824e+00ğ›€ cm
2023-05-30 15:54:58,943 INFO Measurement at current 0.0407035175879397
2023-05-30 15:54:59,537 INFO T:153.89Â°K V:2.8116e-02V I:4.0704e-02A R:6.9074e-01ğ›€ E:5.4069e-01V/cm J:4.5734e-01A/cm2 ğ›’:1.1822e+00ğ›€ cm
2023-05-30 15:54:59,566 INFO Measurement at current 0.0414572864321608
2023-05-30 15:55:00,160 INFO T:153.91Â°K V:2.8630e-02V I:4.1457e-02A R:6.9059e-01ğ›€ E:5.5058e-01V/cm J:4.6581e-01A/cm2 ğ›’:1.1820e+00ğ›€ cm
2023-05-30 15:55:00,176 INFO Measurement at current 0.04221105527638191
2023-05-30 15:55:00,768 INFO T:153.93Â°K V:2.9148e-02V I:4.2211e-02A R:6.9052e-01ğ›€ E:5.6053e-01V/cm J:4.7428e-01A/cm2 ğ›’:1.1818e+00ğ›€ cm
2023-05-30 15:55:00,783 INFO Measurement at current 0.04296482412060301
2023-05-30 15:55:01,375 INFO T:153.95Â°K V:2.9666e-02V I:4.2965e-02A R:6.9048e-01ğ›€ E:5.7051e-01V/cm J:4.8275e-01A/cm2 ğ›’:1.1818e+00ğ›€ cm
2023-05-30 15:55:01,398 INFO Measurement at current 0.04371859296482412
2023-05-30 15:55:02,010 INFO T:153.96Â°K V:3.0184e-02V I:4.3719e-02A R:6.9042e-01ğ›€ E:5.8046e-01V/cm J:4.9122e-01A/cm2 ğ›’:1.1817e+00ğ›€ cm
2023-05-30 15:55:02,036 INFO Measurement at current 0.04447236180904522
2023-05-30 15:55:02,624 INFO T:153.98Â°K V:3.0698e-02V I:4.4472e-02A R:6.9027e-01ğ›€ E:5.9034e-01V/cm J:4.9969e-01A/cm2 ğ›’:1.1814e+00ğ›€ cm
2023-05-30 15:55:02,641 INFO Measurement at current 0.04522613065326633
2023-05-30 15:55:03,230 INFO T:154.00Â°K V:3.1215e-02V I:4.5226e-02A R:6.9020e-01ğ›€ E:6.0029e-01V/cm J:5.0816e-01A/cm2 ğ›’:1.1813e+00ğ›€ cm
2023-05-30 15:55:03,264 INFO Measurement at current 0.04597989949748744
2023-05-30 15:55:03,851 INFO T:154.02Â°K V:3.1733e-02V I:4.5980e-02A R:6.9016e-01ğ›€ E:6.1026e-01V/cm J:5.1663e-01A/cm2 ğ›’:1.1812e+00ğ›€ cm
2023-05-30 15:55:03,867 INFO Measurement at current 0.04673366834170854
2023-05-30 15:55:04,455 INFO T:154.04Â°K V:3.2251e-02V I:4.6734e-02A R:6.9009e-01ğ›€ E:6.2020e-01V/cm J:5.2510e-01A/cm2 ğ›’:1.1811e+00ğ›€ cm
2023-05-30 15:55:04,473 INFO Measurement at current 0.04748743718592965
2023-05-30 15:55:05,079 INFO T:154.06Â°K V:3.2764e-02V I:4.7487e-02A R:6.8995e-01ğ›€ E:6.3008e-01V/cm J:5.3357e-01A/cm2 ğ›’:1.1809e+00ğ›€ cm
2023-05-30 15:55:05,098 INFO Measurement at current 0.04824120603015075
2023-05-30 15:55:05,683 INFO T:154.08Â°K V:3.3280e-02V I:4.8241e-02A R:6.8987e-01ğ›€ E:6.4000e-01V/cm J:5.4204e-01A/cm2 ğ›’:1.1807e+00ğ›€ cm
2023-05-30 15:55:05,701 INFO Measurement at current 0.048994974874371856
2023-05-30 15:55:06,300 INFO T:154.10Â°K V:3.3797e-02V I:4.8995e-02A R:6.8981e-01ğ›€ E:6.4995e-01V/cm J:5.5051e-01A/cm2 ğ›’:1.1806e+00ğ›€ cm
2023-05-30 15:55:06,321 INFO Measurement at current 0.04974874371859296
2023-05-30 15:55:06,918 INFO T:154.12Â°K V:3.4313e-02V I:4.9749e-02A R:6.8973e-01ğ›€ E:6.5987e-01V/cm J:5.5897e-01A/cm2 ğ›’:1.1805e+00ğ›€ cm
2023-05-30 15:55:06,934 INFO Measurement at current 0.050502512562814066
2023-05-30 15:55:07,542 INFO T:154.13Â°K V:3.4828e-02V I:5.0503e-02A R:6.8964e-01ğ›€ E:6.6978e-01V/cm J:5.6744e-01A/cm2 ğ›’:1.1803e+00ğ›€ cm
2023-05-30 15:55:07,569 INFO Measurement at current 0.05125628140703517
2023-05-30 15:55:08,197 INFO T:154.15Â°K V:3.5340e-02V I:5.1256e-02A R:6.8948e-01ğ›€ E:6.7962e-01V/cm J:5.7591e-01A/cm2 ğ›’:1.1801e+00ğ›€ cm
2023-05-30 15:55:08,214 INFO Measurement at current 0.05201005025125628
2023-05-30 15:55:08,799 INFO T:154.17Â°K V:3.5857e-02V I:5.2010e-02A R:6.8942e-01ğ›€ E:6.8956e-01V/cm J:5.8438e-01A/cm2 ğ›’:1.1800e+00ğ›€ cm
2023-05-30 15:55:08,816 INFO Measurement at current 0.052763819095477386
2023-05-30 15:55:09,422 INFO T:154.19Â°K V:3.6372e-02V I:5.2764e-02A R:6.8934e-01ğ›€ E:6.9946e-01V/cm J:5.9285e-01A/cm2 ğ›’:1.1798e+00ğ›€ cm
2023-05-30 15:55:09,449 INFO Measurement at current 0.05351758793969849
2023-05-30 15:55:10,043 INFO T:154.21Â°K V:3.6887e-02V I:5.3518e-02A R:6.8924e-01ğ›€ E:7.0936e-01V/cm J:6.0132e-01A/cm2 ğ›’:1.1797e+00ğ›€ cm
2023-05-30 15:55:10,064 INFO Measurement at current 0.054271356783919596
2023-05-30 15:55:10,648 INFO T:154.23Â°K V:3.7398e-02V I:5.4271e-02A R:6.8909e-01ğ›€ E:7.1919e-01V/cm J:6.0979e-01A/cm2 ğ›’:1.1794e+00ğ›€ cm
2023-05-30 15:55:10,666 INFO Measurement at current 0.0550251256281407
2023-05-30 15:55:11,257 INFO T:154.25Â°K V:3.7914e-02V I:5.5025e-02A R:6.8903e-01ğ›€ E:7.2912e-01V/cm J:6.1826e-01A/cm2 ğ›’:1.1793e+00ğ›€ cm
2023-05-30 15:55:11,272 INFO Measurement at current 0.055778894472361805
2023-05-30 15:55:11,860 INFO T:154.27Â°K V:3.8429e-02V I:5.5779e-02A R:6.8895e-01ğ›€ E:7.3902e-01V/cm J:6.2673e-01A/cm2 ğ›’:1.1792e+00ğ›€ cm
2023-05-30 15:55:11,890 INFO Measurement at current 0.05653266331658291
2023-05-30 15:55:12,475 INFO T:154.29Â°K V:3.8944e-02V I:5.6533e-02A R:6.8887e-01ğ›€ E:7.4892e-01V/cm J:6.3520e-01A/cm2 ğ›’:1.1790e+00ğ›€ cm
2023-05-30 15:55:12,495 INFO Measurement at current 0.05728643216080402
2023-05-30 15:55:13,083 INFO T:154.30Â°K V:3.9455e-02V I:5.7286e-02A R:6.8873e-01ğ›€ E:7.5875e-01V/cm J:6.4367e-01A/cm2 ğ›’:1.1788e+00ğ›€ cm
2023-05-30 15:55:13,102 INFO Measurement at current 0.058040201005025126
2023-05-30 15:55:13,706 INFO T:154.32Â°K V:3.9971e-02V I:5.8040e-02A R:6.8867e-01ğ›€ E:7.6867e-01V/cm J:6.5214e-01A/cm2 ğ›’:1.1787e+00ğ›€ cm
2023-05-30 15:55:13,721 INFO Measurement at current 0.05879396984924623
2023-05-30 15:55:14,306 INFO T:154.34Â°K V:4.0485e-02V I:5.8794e-02A R:6.8860e-01ğ›€ E:7.7856e-01V/cm J:6.6061e-01A/cm2 ğ›’:1.1786e+00ğ›€ cm
2023-05-30 15:55:14,323 INFO Measurement at current 0.059547738693467335
2023-05-30 15:55:14,908 INFO T:154.36Â°K V:4.1000e-02V I:5.9548e-02A R:6.8852e-01ğ›€ E:7.8846e-01V/cm J:6.6908e-01A/cm2 ğ›’:1.1784e+00ğ›€ cm
2023-05-30 15:55:14,951 INFO Measurement at current 0.06030150753768844
2023-05-30 15:55:15,536 INFO T:154.38Â°K V:4.1510e-02V I:6.0302e-02A R:6.8838e-01ğ›€ E:7.9827e-01V/cm J:6.7755e-01A/cm2 ğ›’:1.1782e+00ğ›€ cm
2023-05-30 15:55:15,551 INFO Measurement at current 0.061055276381909544
2023-05-30 15:55:16,137 INFO T:154.40Â°K V:4.2025e-02V I:6.1055e-02A R:6.8831e-01ğ›€ E:8.0817e-01V/cm J:6.8601e-01A/cm2 ğ›’:1.1781e+00ğ›€ cm
2023-05-30 15:55:16,158 INFO Measurement at current 0.06180904522613065
2023-05-30 15:55:16,752 INFO T:154.42Â°K V:4.2538e-02V I:6.1809e-02A R:6.8822e-01ğ›€ E:8.1804e-01V/cm J:6.9448e-01A/cm2 ğ›’:1.1779e+00ğ›€ cm
2023-05-30 15:55:16,772 INFO Measurement at current 0.06256281407035176
2023-05-30 15:55:17,364 INFO T:154.43Â°K V:4.3051e-02V I:6.2563e-02A R:6.8812e-01ğ›€ E:8.2790e-01V/cm J:7.0295e-01A/cm2 ğ›’:1.1777e+00ğ›€ cm
2023-05-30 15:55:17,389 INFO Measurement at current 0.06331658291457286
2023-05-30 15:55:17,995 INFO T:154.45Â°K V:4.3560e-02V I:6.3317e-02A R:6.8797e-01ğ›€ E:8.3769e-01V/cm J:7.1142e-01A/cm2 ğ›’:1.1775e+00ğ›€ cm
2023-05-30 15:55:18,013 INFO Measurement at current 0.06407035175879397
2023-05-30 15:55:18,636 INFO T:154.47Â°K V:4.4073e-02V I:6.4070e-02A R:6.8789e-01ğ›€ E:8.4756e-01V/cm J:7.1989e-01A/cm2 ğ›’:1.1774e+00ğ›€ cm
2023-05-30 15:55:18,655 INFO Measurement at current 0.06482412060301507
2023-05-30 15:55:19,248 INFO T:154.49Â°K V:4.4586e-02V I:6.4824e-02A R:6.8780e-01ğ›€ E:8.5742e-01V/cm J:7.2836e-01A/cm2 ğ›’:1.1772e+00ğ›€ cm
2023-05-30 15:55:19,262 INFO Measurement at current 0.06557788944723618
2023-05-30 15:55:19,853 INFO T:154.51Â°K V:4.5098e-02V I:6.5578e-02A R:6.8770e-01ğ›€ E:8.6726e-01V/cm J:7.3683e-01A/cm2 ğ›’:1.1770e+00ğ›€ cm
2023-05-30 15:55:19,894 INFO Measurement at current 0.06633165829145729
2023-05-30 15:55:20,491 INFO T:154.53Â°K V:4.5606e-02V I:6.6332e-02A R:6.8754e-01ğ›€ E:8.7703e-01V/cm J:7.4530e-01A/cm2 ğ›’:1.1768e+00ğ›€ cm
2023-05-30 15:55:20,515 INFO Measurement at current 0.06708542713567839
2023-05-30 15:55:21,119 INFO T:154.55Â°K V:4.6119e-02V I:6.7085e-02A R:6.8747e-01ğ›€ E:8.8690e-01V/cm J:7.5377e-01A/cm2 ğ›’:1.1766e+00ğ›€ cm
2023-05-30 15:55:21,163 INFO Measurement at current 0.0678391959798995
2023-05-30 15:55:21,756 INFO T:154.57Â°K V:4.6631e-02V I:6.7839e-02A R:6.8738e-01ğ›€ E:8.9675e-01V/cm J:7.6224e-01A/cm2 ğ›’:1.1765e+00ğ›€ cm
2023-05-30 15:55:21,779 INFO Measurement at current 0.0685929648241206
2023-05-30 15:55:22,363 INFO T:154.58Â°K V:4.7143e-02V I:6.8593e-02A R:6.8729e-01ğ›€ E:9.0660e-01V/cm J:7.7071e-01A/cm2 ğ›’:1.1763e+00ğ›€ cm
2023-05-30 15:55:22,397 INFO Measurement at current 0.06934673366834171
2023-05-30 15:55:22,997 INFO T:154.60Â°K V:4.7652e-02V I:6.9347e-02A R:6.8715e-01ğ›€ E:9.1638e-01V/cm J:7.7918e-01A/cm2 ğ›’:1.1761e+00ğ›€ cm
2023-05-30 15:55:23,025 INFO Measurement at current 0.0701005025125628
2023-05-30 15:55:23,617 INFO T:154.62Â°K V:4.8164e-02V I:7.0101e-02A R:6.8707e-01ğ›€ E:9.2623e-01V/cm J:7.8765e-01A/cm2 ğ›’:1.1759e+00ğ›€ cm
2023-05-30 15:55:23,637 INFO Measurement at current 0.07085427135678392
2023-05-30 15:55:24,239 INFO T:154.64Â°K V:4.8674e-02V I:7.0854e-02A R:6.8696e-01ğ›€ E:9.3604e-01V/cm J:7.9612e-01A/cm2 ğ›’:1.1758e+00ğ›€ cm
2023-05-30 15:55:24,266 INFO Measurement at current 0.07160804020100502
2023-05-30 15:55:24,856 INFO T:154.66Â°K V:4.9185e-02V I:7.1608e-02A R:6.8687e-01ğ›€ E:9.4587e-01V/cm J:8.0458e-01A/cm2 ğ›’:1.1756e+00ğ›€ cm
2023-05-30 15:55:24,891 INFO Measurement at current 0.07236180904522613
2023-05-30 15:55:25,497 INFO T:154.68Â°K V:4.9693e-02V I:7.2362e-02A R:6.8673e-01ğ›€ E:9.5563e-01V/cm J:8.1305e-01A/cm2 ğ›’:1.1754e+00ğ›€ cm
2023-05-30 15:55:25,519 INFO Measurement at current 0.07311557788944724
2023-05-30 15:55:26,111 INFO T:154.70Â°K V:5.0204e-02V I:7.3116e-02A R:6.8664e-01ğ›€ E:9.6547e-01V/cm J:8.2152e-01A/cm2 ğ›’:1.1752e+00ğ›€ cm
2023-05-30 15:55:27,163 INFO Measurement at current 0.07386934673366834
2023-05-30 15:55:27,771 INFO T:154.75Â°K V:5.0690e-02V I:7.3869e-02A R:6.8621e-01ğ›€ E:9.7481e-01V/cm J:8.2999e-01A/cm2 ğ›’:1.1745e+00ğ›€ cm
2023-05-30 15:55:27,793 INFO Measurement at current 0.07462311557788945
2023-05-30 15:55:28,398 INFO T:154.77Â°K V:5.1200e-02V I:7.4623e-02A R:6.8612e-01ğ›€ E:9.8462e-01V/cm J:8.3846e-01A/cm2 ğ›’:1.1743e+00ğ›€ cm
2023-05-30 15:55:28,415 INFO Measurement at current 0.07537688442211055
2023-05-30 15:55:29,013 INFO T:154.78Â°K V:5.1707e-02V I:7.5377e-02A R:6.8598e-01ğ›€ E:9.9437e-01V/cm J:8.4693e-01A/cm2 ğ›’:1.1741e+00ğ›€ cm
2023-05-30 15:55:29,031 INFO Measurement at current 0.07613065326633166
2023-05-30 15:55:29,637 INFO T:154.80Â°K V:5.2220e-02V I:7.6131e-02A R:6.8592e-01ğ›€ E:1.0042e+00V/cm J:8.5540e-01A/cm2 ğ›’:1.1740e+00ğ›€ cm
2023-05-30 15:55:29,651 INFO Measurement at current 0.07688442211055276
2023-05-30 15:55:30,244 INFO T:154.82Â°K V:5.2730e-02V I:7.6884e-02A R:6.8584e-01ğ›€ E:1.0140e+00V/cm J:8.6387e-01A/cm2 ğ›’:1.1738e+00ğ›€ cm
2023-05-30 15:55:30,266 INFO Measurement at current 0.07763819095477387
2023-05-30 15:55:30,858 INFO T:154.84Â°K V:5.3241e-02V I:7.7638e-02A R:6.8575e-01ğ›€ E:1.0239e+00V/cm J:8.7234e-01A/cm2 ğ›’:1.1737e+00ğ›€ cm
2023-05-30 15:55:30,875 INFO Measurement at current 0.07839195979899496
2023-05-30 15:55:31,497 INFO T:154.86Â°K V:5.3748e-02V I:7.8392e-02A R:6.8563e-01ğ›€ E:1.0336e+00V/cm J:8.8081e-01A/cm2 ğ›’:1.1735e+00ğ›€ cm
2023-05-30 15:55:31,527 INFO Measurement at current 0.07914572864321608
2023-05-30 15:55:32,120 INFO T:154.88Â°K V:5.4259e-02V I:7.9146e-02A R:6.8555e-01ğ›€ E:1.0434e+00V/cm J:8.8928e-01A/cm2 ğ›’:1.1733e+00ğ›€ cm
2023-05-30 15:55:32,144 INFO Measurement at current 0.07989949748743719
2023-05-30 15:55:32,728 INFO T:154.90Â°K V:5.4768e-02V I:7.9899e-02A R:6.8547e-01ğ›€ E:1.0532e+00V/cm J:8.9775e-01A/cm2 ğ›’:1.1732e+00ğ›€ cm
2023-05-30 15:55:32,756 INFO Measurement at current 0.08065326633165829
2023-05-30 15:55:33,340 INFO T:154.91Â°K V:5.5279e-02V I:8.0653e-02A R:6.8539e-01ğ›€ E:1.0630e+00V/cm J:9.0622e-01A/cm2 ğ›’:1.1731e+00ğ›€ cm
2023-05-30 15:55:33,355 INFO Measurement at current 0.0814070351758794
2023-05-30 15:55:33,945 INFO T:154.93Â°K V:5.5786e-02V I:8.1407e-02A R:6.8528e-01ğ›€ E:1.0728e+00V/cm J:9.1469e-01A/cm2 ğ›’:1.1729e+00ğ›€ cm
2023-05-30 15:55:33,962 INFO Measurement at current 0.0821608040201005
2023-05-30 15:55:34,552 INFO T:154.95Â°K V:5.6299e-02V I:8.2161e-02A R:6.8523e-01ğ›€ E:1.0827e+00V/cm J:9.2316e-01A/cm2 ğ›’:1.1728e+00ğ›€ cm
2023-05-30 15:55:34,578 INFO Measurement at current 0.0829145728643216
2023-05-30 15:55:35,210 INFO T:154.97Â°K V:5.6810e-02V I:8.2915e-02A R:6.8516e-01ğ›€ E:1.0925e+00V/cm J:9.3162e-01A/cm2 ğ›’:1.1727e+00ğ›€ cm
2023-05-30 15:55:35,239 INFO Measurement at current 0.0836683417085427
2023-05-30 15:55:35,855 INFO T:154.99Â°K V:5.7320e-02V I:8.3668e-02A R:6.8509e-01ğ›€ E:1.1023e+00V/cm J:9.4009e-01A/cm2 ğ›’:1.1725e+00ğ›€ cm
2023-05-30 15:55:35,876 INFO Measurement at current 0.08442211055276382
2023-05-30 15:55:36,464 INFO T:155.01Â°K V:5.7826e-02V I:8.4422e-02A R:6.8497e-01ğ›€ E:1.1120e+00V/cm J:9.4856e-01A/cm2 ğ›’:1.1723e+00ğ›€ cm
2023-05-30 15:55:36,483 INFO Measurement at current 0.08517587939698493
2023-05-30 15:55:37,081 INFO T:155.03Â°K V:5.8338e-02V I:8.5176e-02A R:6.8492e-01ğ›€ E:1.1219e+00V/cm J:9.5703e-01A/cm2 ğ›’:1.1723e+00ğ›€ cm
2023-05-30 15:55:37,111 INFO Measurement at current 0.08592964824120602
2023-05-30 15:55:37,711 INFO T:155.04Â°K V:5.8849e-02V I:8.5930e-02A R:6.8485e-01ğ›€ E:1.1317e+00V/cm J:9.6550e-01A/cm2 ğ›’:1.1721e+00ğ›€ cm
2023-05-30 15:55:37,730 INFO Measurement at current 0.08668341708542714
2023-05-30 15:55:38,333 INFO T:155.06Â°K V:5.9359e-02V I:8.6683e-02A R:6.8478e-01ğ›€ E:1.1415e+00V/cm J:9.7397e-01A/cm2 ğ›’:1.1720e+00ğ›€ cm
2023-05-30 15:55:38,387 INFO Measurement at current 0.08743718592964823
2023-05-30 15:55:38,983 INFO T:155.08Â°K V:5.9865e-02V I:8.7437e-02A R:6.8466e-01ğ›€ E:1.1512e+00V/cm J:9.8244e-01A/cm2 ğ›’:1.1718e+00ğ›€ cm
2023-05-30 15:55:39,013 INFO Measurement at current 0.08819095477386935
2023-05-30 15:55:39,621 INFO T:155.10Â°K V:6.0375e-02V I:8.8191e-02A R:6.8460e-01ğ›€ E:1.1611e+00V/cm J:9.9091e-01A/cm2 ğ›’:1.1717e+00ğ›€ cm
2023-05-30 15:55:39,648 INFO Measurement at current 0.08894472361809044
2023-05-30 15:55:40,245 INFO T:155.12Â°K V:6.0884e-02V I:8.8945e-02A R:6.8451e-01ğ›€ E:1.1708e+00V/cm J:9.9938e-01A/cm2 ğ›’:1.1716e+00ğ›€ cm
2023-05-30 15:55:40,263 INFO Measurement at current 0.08969849246231155
2023-05-30 15:55:40,857 INFO T:155.14Â°K V:6.1394e-02V I:8.9698e-02A R:6.8445e-01ğ›€ E:1.1807e+00V/cm J:1.0078e+00A/cm2 ğ›’:1.1715e+00ğ›€ cm
2023-05-30 15:55:40,889 INFO Measurement at current 0.09045226130653267
2023-05-30 15:55:41,479 INFO T:155.16Â°K V:6.1900e-02V I:9.0452e-02A R:6.8434e-01ğ›€ E:1.1904e+00V/cm J:1.0163e+00A/cm2 ğ›’:1.1713e+00ğ›€ cm
2023-05-30 15:55:41,502 INFO Measurement at current 0.09120603015075376
2023-05-30 15:55:42,089 INFO T:155.17Â°K V:6.2410e-02V I:9.1206e-02A R:6.8428e-01ğ›€ E:1.2002e+00V/cm J:1.0248e+00A/cm2 ğ›’:1.1712e+00ğ›€ cm
2023-05-30 15:55:42,112 INFO Measurement at current 0.09195979899497488
2023-05-30 15:55:42,712 INFO T:155.19Â°K V:6.2920e-02V I:9.1960e-02A R:6.8421e-01ğ›€ E:1.2100e+00V/cm J:1.0333e+00A/cm2 ğ›’:1.1711e+00ğ›€ cm
2023-05-30 15:55:42,729 INFO Measurement at current 0.09271356783919597
2023-05-30 15:55:43,332 INFO T:155.21Â°K V:6.3429e-02V I:9.2714e-02A R:6.8414e-01ğ›€ E:1.2198e+00V/cm J:1.0417e+00A/cm2 ğ›’:1.1709e+00ğ›€ cm
2023-05-30 15:55:43,349 INFO Measurement at current 0.09346733668341708
2023-05-30 15:55:43,934 INFO T:155.23Â°K V:6.3934e-02V I:9.3467e-02A R:6.8403e-01ğ›€ E:1.2295e+00V/cm J:1.0502e+00A/cm2 ğ›’:1.1707e+00ğ›€ cm
2023-05-30 15:55:43,950 INFO Measurement at current 0.09422110552763818
2023-05-30 15:55:44,538 INFO T:155.25Â°K V:6.4444e-02V I:9.4221e-02A R:6.8397e-01ğ›€ E:1.2393e+00V/cm J:1.0587e+00A/cm2 ğ›’:1.1706e+00ğ›€ cm
2023-05-30 15:55:44,554 INFO Measurement at current 0.0949748743718593
2023-05-30 15:55:45,164 INFO T:155.27Â°K V:6.4956e-02V I:9.4975e-02A R:6.8392e-01ğ›€ E:1.2491e+00V/cm J:1.0671e+00A/cm2 ğ›’:1.1706e+00ğ›€ cm
2023-05-30 15:55:45,182 INFO Measurement at current 0.09572864321608039
2023-05-30 15:55:45,780 INFO T:155.28Â°K V:6.5465e-02V I:9.5729e-02A R:6.8386e-01ğ›€ E:1.2589e+00V/cm J:1.0756e+00A/cm2 ğ›’:1.1704e+00ğ›€ cm
2023-05-30 15:55:45,795 INFO Measurement at current 0.0964824120603015
2023-05-30 15:55:46,395 INFO T:155.30Â°K V:6.5971e-02V I:9.6482e-02A R:6.8376e-01ğ›€ E:1.2687e+00V/cm J:1.0841e+00A/cm2 ğ›’:1.1703e+00ğ›€ cm
2023-05-30 15:55:46,415 INFO Measurement at current 0.09723618090452261
2023-05-30 15:55:47,007 INFO T:155.32Â°K V:6.6480e-02V I:9.7236e-02A R:6.8370e-01ğ›€ E:1.2785e+00V/cm J:1.0925e+00A/cm2 ğ›’:1.1702e+00ğ›€ cm
2023-05-30 15:55:47,043 INFO Measurement at current 0.09798994974874371
2023-05-30 15:55:47,634 INFO T:155.34Â°K V:6.6991e-02V I:9.7990e-02A R:6.8365e-01ğ›€ E:1.2883e+00V/cm J:1.1010e+00A/cm2 ğ›’:1.1701e+00ğ›€ cm
2023-05-30 15:55:47,667 INFO Measurement at current 0.09874371859296482
2023-05-30 15:55:48,265 INFO T:155.36Â°K V:6.7500e-02V I:9.8744e-02A R:6.8359e-01ğ›€ E:1.2981e+00V/cm J:1.1095e+00A/cm2 ğ›’:1.1700e+00ğ›€ cm
2023-05-30 15:55:48,289 INFO Measurement at current 0.09949748743718592
2023-05-30 15:55:48,887 INFO T:155.37Â°K V:6.8006e-02V I:9.9497e-02A R:6.8350e-01ğ›€ E:1.3078e+00V/cm J:1.1179e+00A/cm2 ğ›’:1.1698e+00ğ›€ cm
2023-05-30 15:55:48,910 INFO Measurement at current 0.10025125628140703
2023-05-30 15:55:49,515 INFO T:155.39Â°K V:6.8516e-02V I:1.0025e-01A R:6.8344e-01ğ›€ E:1.3176e+00V/cm J:1.1264e+00A/cm2 ğ›’:1.1697e+00ğ›€ cm
2023-05-30 15:55:49,555 INFO Measurement at current 0.10100502512562813
2023-05-30 15:55:50,157 INFO T:155.41Â°K V:6.9026e-02V I:1.0101e-01A R:6.8339e-01ğ›€ E:1.3274e+00V/cm J:1.1349e+00A/cm2 ğ›’:1.1696e+00ğ›€ cm
2023-05-30 15:55:50,180 INFO Measurement at current 0.10175879396984924
2023-05-30 15:55:50,780 INFO T:155.43Â°K V:6.9534e-02V I:1.0176e-01A R:6.8332e-01ğ›€ E:1.3372e+00V/cm J:1.1434e+00A/cm2 ğ›’:1.1695e+00ğ›€ cm
2023-05-30 15:55:50,818 INFO Measurement at current 0.10251256281407034
2023-05-30 15:55:51,413 INFO T:155.45Â°K V:7.0042e-02V I:1.0251e-01A R:6.8325e-01ğ›€ E:1.3470e+00V/cm J:1.1518e+00A/cm2 ğ›’:1.1694e+00ğ›€ cm
2023-05-30 15:55:51,439 INFO Measurement at current 0.10326633165829145
2023-05-30 15:55:52,129 INFO T:155.47Â°K V:7.0543e-02V I:1.0327e-01A R:6.8312e-01ğ›€ E:1.3566e+00V/cm J:1.1603e+00A/cm2 ğ›’:1.1692e+00ğ›€ cm
2023-05-30 15:55:52,167 INFO Measurement at current 0.10402010050251256
2023-05-30 15:55:52,763 INFO T:155.49Â°K V:7.1050e-02V I:1.0402e-01A R:6.8304e-01ğ›€ E:1.3664e+00V/cm J:1.1688e+00A/cm2 ğ›’:1.1691e+00ğ›€ cm
2023-05-30 15:55:52,792 INFO Measurement at current 0.10477386934673366
2023-05-30 15:55:53,396 INFO T:155.51Â°K V:7.1558e-02V I:1.0477e-01A R:6.8298e-01ğ›€ E:1.3761e+00V/cm J:1.1772e+00A/cm2 ğ›’:1.1689e+00ğ›€ cm
2023-05-30 15:55:53,450 INFO Measurement at current 0.10552763819095477
2023-05-30 15:55:54,054 INFO T:155.53Â°K V:7.2149e-02V I:1.0553e-01A R:6.8370e-01ğ›€ E:1.3875e+00V/cm J:1.1857e+00A/cm2 ğ›’:1.1702e+00ğ›€ cm
2023-05-30 15:55:54,076 INFO Measurement at current 0.10628140703517587
2023-05-30 15:55:54,671 INFO T:155.54Â°K V:7.2657e-02V I:1.0628e-01A R:6.8363e-01ğ›€ E:1.3973e+00V/cm J:1.1942e+00A/cm2 ğ›’:1.1701e+00ğ›€ cm
2023-05-30 15:55:54,698 INFO Measurement at current 0.10703517587939698
2023-05-30 15:55:55,298 INFO T:155.56Â°K V:7.3169e-02V I:1.0704e-01A R:6.8360e-01ğ›€ E:1.4071e+00V/cm J:1.2026e+00A/cm2 ğ›’:1.1700e+00ğ›€ cm
2023-05-30 15:55:55,315 INFO Measurement at current 0.10778894472361808
2023-05-30 15:55:55,917 INFO T:155.58Â°K V:7.3666e-02V I:1.0779e-01A R:6.8343e-01ğ›€ E:1.4166e+00V/cm J:1.2111e+00A/cm2 ğ›’:1.1697e+00ğ›€ cm
2023-05-30 15:55:55,940 INFO Measurement at current 0.10854271356783919
2023-05-30 15:55:56,559 INFO T:155.60Â°K V:7.4164e-02V I:1.0854e-01A R:6.8327e-01ğ›€ E:1.4262e+00V/cm J:1.2196e+00A/cm2 ğ›’:1.1694e+00ğ›€ cm
2023-05-30 15:55:56,597 INFO Measurement at current 0.1092964824120603
2023-05-30 15:55:57,259 INFO T:155.62Â°K V:7.4671e-02V I:1.0930e-01A R:6.8319e-01ğ›€ E:1.4360e+00V/cm J:1.2281e+00A/cm2 ğ›’:1.1693e+00ğ›€ cm
2023-05-30 15:55:57,307 INFO Measurement at current 0.1100502512562814
2023-05-30 15:55:57,909 INFO T:155.64Â°K V:7.5164e-02V I:1.1005e-01A R:6.8300e-01ğ›€ E:1.4455e+00V/cm J:1.2365e+00A/cm2 ğ›’:1.1690e+00ğ›€ cm
2023-05-30 15:55:57,946 INFO Measurement at current 0.11080402010050251
2023-05-30 15:55:58,544 INFO T:155.66Â°K V:7.5680e-02V I:1.1080e-01A R:6.8300e-01ğ›€ E:1.4554e+00V/cm J:1.2450e+00A/cm2 ğ›’:1.1690e+00ğ›€ cm
2023-05-30 15:55:58,563 INFO Measurement at current 0.11155778894472361
2023-05-30 15:55:59,155 INFO T:155.68Â°K V:7.6176e-02V I:1.1156e-01A R:6.8284e-01ğ›€ E:1.4649e+00V/cm J:1.2535e+00A/cm2 ğ›’:1.1687e+00ğ›€ cm
2023-05-30 15:55:59,185 INFO Measurement at current 0.11231155778894472
2023-05-30 15:55:59,782 INFO T:155.69Â°K V:7.6679e-02V I:1.1231e-01A R:6.8274e-01ğ›€ E:1.4746e+00V/cm J:1.2619e+00A/cm2 ğ›’:1.1685e+00ğ›€ cm
2023-05-30 15:55:59,798 INFO Measurement at current 0.11306532663316582
2023-05-30 15:56:00,381 INFO T:155.71Â°K V:7.7190e-02V I:1.1307e-01A R:6.8270e-01ğ›€ E:1.4844e+00V/cm J:1.2704e+00A/cm2 ğ›’:1.1685e+00ğ›€ cm
2023-05-30 15:56:00,398 INFO Measurement at current 0.11381909547738693
2023-05-30 15:56:00,987 INFO T:155.73Â°K V:7.7695e-02V I:1.1382e-01A R:6.8262e-01ğ›€ E:1.4941e+00V/cm J:1.2789e+00A/cm2 ğ›’:1.1683e+00ğ›€ cm
2023-05-30 15:56:01,004 INFO Measurement at current 0.11457286432160804
2023-05-30 15:56:01,589 INFO T:155.75Â°K V:7.8206e-02V I:1.1457e-01A R:6.8258e-01ğ›€ E:1.5040e+00V/cm J:1.2873e+00A/cm2 ğ›’:1.1683e+00ğ›€ cm
2023-05-30 15:56:01,605 INFO Measurement at current 0.11532663316582914
2023-05-30 15:56:02,199 INFO T:155.77Â°K V:7.8740e-02V I:1.1533e-01A R:6.8275e-01ğ›€ E:1.5142e+00V/cm J:1.2958e+00A/cm2 ğ›’:1.1686e+00ğ›€ cm
2023-05-30 15:56:02,221 INFO Measurement at current 0.11608040201005025
2023-05-30 15:56:03,255 WARNING Reading gpib error, check the instruments: read() failed: A read or write of data bytes has been aborted, possibly due to a timeout or reception of a device clear command.
2023-05-30 15:56:03,270 INFO Measurement at current 0.11683417085427135
2023-05-30 15:56:03,866 INFO T:155.81Â°K V:7.9738e-02V I:1.1683e-01A R:6.8249e-01ğ›€ E:1.5334e+00V/cm J:1.3127e+00A/cm2 ğ›’:1.1681e+00ğ›€ cm
2023-05-30 15:56:03,893 INFO Measurement at current 0.11758793969849246
2023-05-30 15:56:04,486 INFO T:155.83Â°K V:8.0247e-02V I:1.1759e-01A R:6.8244e-01ğ›€ E:1.5432e+00V/cm J:1.3212e+00A/cm2 ğ›’:1.1680e+00ğ›€ cm
2023-05-30 15:56:04,504 INFO Measurement at current 0.11834170854271356
2023-05-30 15:56:05,091 INFO T:155.85Â°K V:8.0763e-02V I:1.1834e-01A R:6.8246e-01ğ›€ E:1.5531e+00V/cm J:1.3297e+00A/cm2 ğ›’:1.1681e+00ğ›€ cm
2023-05-30 15:56:05,105 INFO Measurement at current 0.11909547738693467
2023-05-30 15:56:05,711 INFO T:155.87Â°K V:8.1259e-02V I:1.1910e-01A R:6.8230e-01ğ›€ E:1.5627e+00V/cm J:1.3382e+00A/cm2 ğ›’:1.1678e+00ğ›€ cm
2023-05-30 15:56:05,731 INFO Measurement at current 0.11984924623115577
2023-05-30 15:56:06,318 INFO T:155.88Â°K V:8.1763e-02V I:1.1985e-01A R:6.8222e-01ğ›€ E:1.5724e+00V/cm J:1.3466e+00A/cm2 ğ›’:1.1676e+00ğ›€ cm
2023-05-30 15:56:06,355 INFO Measurement at current 0.12060301507537688
2023-05-30 15:56:06,943 INFO T:155.90Â°K V:8.2274e-02V I:1.2060e-01A R:6.8219e-01ğ›€ E:1.5822e+00V/cm J:1.3551e+00A/cm2 ğ›’:1.1676e+00ğ›€ cm
2023-05-30 15:56:06,962 INFO Measurement at current 0.12135678391959799
2023-05-30 15:56:07,551 INFO T:155.92Â°K V:8.2776e-02V I:1.2136e-01A R:6.8209e-01ğ›€ E:1.5918e+00V/cm J:1.3636e+00A/cm2 ğ›’:1.1674e+00ğ›€ cm
2023-05-30 15:56:07,604 INFO Measurement at current 0.12211055276381909
2023-05-30 15:56:08,223 INFO T:155.94Â°K V:8.3300e-02V I:1.2211e-01A R:6.8217e-01ğ›€ E:1.6019e+00V/cm J:1.3720e+00A/cm2 ğ›’:1.1676e+00ğ›€ cm
2023-05-30 15:56:08,298 INFO Measurement at current 0.1228643216080402
2023-05-30 15:56:32,182 WARNING Reading gpib error, check the instruments: write() failed: A read or write of data bytes has been aborted, possibly due to a timeout or reception of a device clear command.
2023-05-30 15:56:32,199 INFO Measurement at current 0.1236180904522613
2023-05-30 15:56:32,813 INFO T:156.65Â°K V:8.3722e-02V I:1.2362e-01A R:6.7726e-01ğ›€ E:1.6100e+00V/cm J:1.3890e+00A/cm2 ğ›’:1.1592e+00ğ›€ cm
2023-05-30 15:56:32,843 INFO Measurement at current 0.12437185929648241
2023-05-30 15:56:33,452 INFO T:156.66Â°K V:8.4257e-02V I:1.2437e-01A R:6.7746e-01ğ›€ E:1.6203e+00V/cm J:1.3974e+00A/cm2 ğ›’:1.1595e+00ğ›€ cm
2023-05-30 15:56:33,485 INFO Measurement at current 0.12512562814070352
2023-05-30 15:56:34,077 INFO T:156.68Â°K V:8.4813e-02V I:1.2513e-01A R:6.7782e-01ğ›€ E:1.6310e+00V/cm J:1.4059e+00A/cm2 ğ›’:1.1601e+00ğ›€ cm
2023-05-30 15:56:34,097 INFO Measurement at current 0.12587939698492462
2023-05-30 15:56:34,722 INFO T:156.70Â°K V:8.5341e-02V I:1.2588e-01A R:6.7796e-01ğ›€ E:1.6412e+00V/cm J:1.4144e+00A/cm2 ğ›’:1.1604e+00ğ›€ cm
2023-05-30 15:56:34,738 INFO Measurement at current 0.12663316582914572
2023-05-30 15:56:35,328 INFO T:156.72Â°K V:8.5859e-02V I:1.2663e-01A R:6.7801e-01ğ›€ E:1.6511e+00V/cm J:1.4228e+00A/cm2 ğ›’:1.1604e+00ğ›€ cm
2023-05-30 15:56:35,346 INFO Measurement at current 0.12738693467336684
2023-05-30 15:56:35,946 INFO T:156.73Â°K V:8.6372e-02V I:1.2739e-01A R:6.7803e-01ğ›€ E:1.6610e+00V/cm J:1.4313e+00A/cm2 ğ›’:1.1605e+00ğ›€ cm
2023-05-30 15:56:35,984 INFO Measurement at current 0.12814070351758794
2023-05-30 15:56:36,579 INFO T:156.75Â°K V:8.6904e-02V I:1.2814e-01A R:6.7819e-01ğ›€ E:1.6712e+00V/cm J:1.4398e+00A/cm2 ğ›’:1.1608e+00ğ›€ cm
2023-05-30 15:56:36,606 INFO Measurement at current 0.12889447236180904
2023-05-30 15:56:37,208 INFO T:156.77Â°K V:8.7422e-02V I:1.2889e-01A R:6.7825e-01ğ›€ E:1.6812e+00V/cm J:1.4483e+00A/cm2 ğ›’:1.1608e+00ğ›€ cm
2023-05-30 15:56:37,237 INFO Measurement at current 0.12964824120603013
2023-05-30 15:56:37,834 INFO T:156.79Â°K V:8.7953e-02V I:1.2965e-01A R:6.7840e-01ğ›€ E:1.6914e+00V/cm J:1.4567e+00A/cm2 ğ›’:1.1611e+00ğ›€ cm
2023-05-30 15:56:37,868 INFO Measurement at current 0.13040201005025126
2023-05-30 15:56:38,461 INFO T:156.81Â°K V:8.8475e-02V I:1.3040e-01A R:6.7848e-01ğ›€ E:1.7014e+00V/cm J:1.4652e+00A/cm2 ğ›’:1.1612e+00ğ›€ cm
2023-05-30 15:56:38,481 INFO Measurement at current 0.13115577889447236
2023-05-30 15:56:39,082 INFO T:156.82Â°K V:8.8986e-02V I:1.3116e-01A R:6.7847e-01ğ›€ E:1.7113e+00V/cm J:1.4737e+00A/cm2 ğ›’:1.1612e+00ğ›€ cm
2023-05-30 15:56:39,104 INFO Measurement at current 0.13190954773869346
2023-05-30 15:56:39,714 INFO T:156.84Â°K V:8.9511e-02V I:1.3191e-01A R:6.7858e-01ğ›€ E:1.7214e+00V/cm J:1.4821e+00A/cm2 ğ›’:1.1614e+00ğ›€ cm
2023-05-30 15:56:39,746 INFO Measurement at current 0.13266331658291458
2023-05-30 15:56:40,344 INFO T:156.86Â°K V:9.0035e-02V I:1.3266e-01A R:6.7867e-01ğ›€ E:1.7314e+00V/cm J:1.4906e+00A/cm2 ğ›’:1.1616e+00ğ›€ cm
2023-05-30 15:56:40,362 INFO Measurement at current 0.13341708542713568
2023-05-30 15:56:40,976 INFO T:156.88Â°K V:9.0560e-02V I:1.3342e-01A R:6.7877e-01ğ›€ E:1.7415e+00V/cm J:1.4991e+00A/cm2 ğ›’:1.1617e+00ğ›€ cm
2023-05-30 15:56:41,002 INFO Measurement at current 0.13417085427135678
2023-05-30 15:56:41,616 INFO T:156.90Â°K V:9.1076e-02V I:1.3417e-01A R:6.7881e-01ğ›€ E:1.7515e+00V/cm J:1.5075e+00A/cm2 ğ›’:1.1618e+00ğ›€ cm
2023-05-30 15:56:41,643 INFO Measurement at current 0.13492462311557787
2023-05-30 15:56:42,262 INFO T:156.91Â°K V:9.1586e-02V I:1.3492e-01A R:6.7880e-01ğ›€ E:1.7613e+00V/cm J:1.5160e+00A/cm2 ğ›’:1.1618e+00ğ›€ cm
2023-05-30 15:56:42,283 INFO Measurement at current 0.135678391959799
2023-05-30 15:56:42,878 INFO T:156.93Â°K V:9.2144e-02V I:1.3568e-01A R:6.7913e-01ğ›€ E:1.7720e+00V/cm J:1.5245e+00A/cm2 ğ›’:1.1624e+00ğ›€ cm
2023-05-30 15:56:42,905 INFO Measurement at current 0.1364321608040201
2023-05-30 15:56:43,503 INFO T:156.95Â°K V:9.2658e-02V I:1.3643e-01A R:6.7915e-01ğ›€ E:1.7819e+00V/cm J:1.5329e+00A/cm2 ğ›’:1.1624e+00ğ›€ cm
2023-05-30 15:56:43,525 INFO Measurement at current 0.1371859296482412
2023-05-30 15:56:44,121 INFO T:156.97Â°K V:9.3188e-02V I:1.3719e-01A R:6.7928e-01ğ›€ E:1.7921e+00V/cm J:1.5414e+00A/cm2 ğ›’:1.1626e+00ğ›€ cm
2023-05-30 15:56:44,142 INFO Measurement at current 0.1379396984924623
2023-05-30 15:56:44,741 INFO T:156.98Â°K V:9.3695e-02V I:1.3794e-01A R:6.7925e-01ğ›€ E:1.8018e+00V/cm J:1.5499e+00A/cm2 ğ›’:1.1626e+00ğ›€ cm
2023-05-30 15:56:44,759 INFO Measurement at current 0.13869346733668342
2023-05-30 15:56:45,366 INFO T:157.00Â°K V:9.4208e-02V I:1.3869e-01A R:6.7925e-01ğ›€ E:1.8117e+00V/cm J:1.5584e+00A/cm2 ğ›’:1.1626e+00ğ›€ cm
2023-05-30 15:56:45,398 INFO Measurement at current 0.13944723618090452
2023-05-30 15:56:46,014 INFO T:157.02Â°K V:9.4723e-02V I:1.3945e-01A R:6.7928e-01ğ›€ E:1.8216e+00V/cm J:1.5668e+00A/cm2 ğ›’:1.1626e+00ğ›€ cm
2023-05-30 15:56:46,058 INFO Measurement at current 0.1402010050251256
2023-05-30 15:56:46,669 INFO T:157.04Â°K V:9.5238e-02V I:1.4020e-01A R:6.7929e-01ğ›€ E:1.8315e+00V/cm J:1.5753e+00A/cm2 ğ›’:1.1626e+00ğ›€ cm
2023-05-30 15:56:46,686 INFO Measurement at current 0.14095477386934674
2023-05-30 15:56:47,294 INFO T:157.06Â°K V:9.5757e-02V I:1.4095e-01A R:6.7934e-01ğ›€ E:1.8415e+00V/cm J:1.5838e+00A/cm2 ğ›’:1.1627e+00ğ›€ cm
2023-05-30 15:56:47,319 INFO Measurement at current 0.14170854271356784
2023-05-30 15:56:47,939 INFO T:157.07Â°K V:9.6269e-02V I:1.4171e-01A R:6.7934e-01ğ›€ E:1.8513e+00V/cm J:1.5922e+00A/cm2 ğ›’:1.1627e+00ğ›€ cm
2023-05-30 15:56:47,956 INFO Measurement at current 0.14246231155778893
2023-05-30 15:56:48,544 INFO T:157.09Â°K V:9.6788e-02V I:1.4246e-01A R:6.7939e-01ğ›€ E:1.8613e+00V/cm J:1.6007e+00A/cm2 ğ›’:1.1628e+00ğ›€ cm
2023-05-30 15:56:48,595 INFO Measurement at current 0.14321608040201003
2023-05-30 15:56:49,210 INFO T:157.11Â°K V:9.7319e-02V I:1.4322e-01A R:6.7952e-01ğ›€ E:1.8715e+00V/cm J:1.6092e+00A/cm2 ğ›’:1.1630e+00ğ›€ cm
2023-05-30 15:56:49,231 INFO Measurement at current 0.14396984924623116
2023-05-30 15:56:49,819 INFO T:157.13Â°K V:9.7823e-02V I:1.4397e-01A R:6.7947e-01ğ›€ E:1.8812e+00V/cm J:1.6176e+00A/cm2 ğ›’:1.1629e+00ğ›€ cm
2023-05-30 15:56:49,846 INFO Measurement at current 0.14472361809045226
2023-05-30 15:56:50,444 INFO T:157.14Â°K V:9.8346e-02V I:1.4472e-01A R:6.7955e-01ğ›€ E:1.8913e+00V/cm J:1.6261e+00A/cm2 ğ›’:1.1631e+00ğ›€ cm
2023-05-30 15:56:50,459 INFO Measurement at current 0.14547738693467335
2023-05-30 15:56:51,046 INFO T:157.16Â°K V:9.8899e-02V I:1.4548e-01A R:6.7983e-01ğ›€ E:1.9019e+00V/cm J:1.6346e+00A/cm2 ğ›’:1.1635e+00ğ›€ cm
2023-05-30 15:56:51,065 INFO Measurement at current 0.14623115577889448
2023-05-30 15:56:51,664 INFO T:157.18Â°K V:9.9415e-02V I:1.4623e-01A R:6.7985e-01ğ›€ E:1.9118e+00V/cm J:1.6430e+00A/cm2 ğ›’:1.1636e+00ğ›€ cm
2023-05-30 15:56:51,684 INFO Measurement at current 0.14698492462311558
2023-05-30 15:56:52,324 INFO T:157.20Â°K V:9.9936e-02V I:1.4698e-01A R:6.7991e-01ğ›€ E:1.9219e+00V/cm J:1.6515e+00A/cm2 ğ›’:1.1637e+00ğ›€ cm
2023-05-30 15:56:52,340 INFO Measurement at current 0.14773869346733667
2023-05-30 15:56:52,931 INFO T:157.21Â°K V:1.0045e-01V I:1.4774e-01A R:6.7994e-01ğ›€ E:1.9318e+00V/cm J:1.6600e+00A/cm2 ğ›’:1.1637e+00ğ›€ cm
2023-05-30 15:56:52,964 INFO Measurement at current 0.14849246231155777
2023-05-30 15:56:53,567 INFO T:157.23Â°K V:1.0098e-01V I:1.4849e-01A R:6.8002e-01ğ›€ E:1.9419e+00V/cm J:1.6685e+00A/cm2 ğ›’:1.1639e+00ğ›€ cm
2023-05-30 15:56:53,587 INFO Measurement at current 0.1492462311557789
2023-05-30 15:56:54,173 INFO T:157.25Â°K V:1.0149e-01V I:1.4925e-01A R:6.8005e-01ğ›€ E:1.9518e+00V/cm J:1.6769e+00A/cm2 ğ›’:1.1639e+00ğ›€ cm
2023-05-30 15:56:54,221 INFO Measurement at current 0.15
2023-05-30 15:56:54,817 INFO T:157.27Â°K V:1.0201e-01V I:1.5000e-01A R:6.8006e-01ğ›€ E:1.9617e+00V/cm J:1.6854e+00A/cm2 ğ›’:1.1640e+00ğ›€ cm
2023-05-30 15:57:46,687 INFO Save the description file
2023-05-30 15:57:46,693 INFO Save data in numpy format Esperimenti/CPRO_MUSA_300523_I_V/CPRO_MUSA_300523_I_V_current_from_0_to_1500e-4A/CPRO_MUSA_300523_I_V_current_from_0_to_1500e-4A-20230530155745
2023-05-30 15:57:46,725 INFO Save data in CSV format Esperimenti/CPRO_MUSA_300523_I_V/CPRO_MUSA_300523_I_V_current_from_0_to_1500e-4A/CPRO_MUSA_300523_I_V_current_from_0_to_1500e-4A-20230530155745.csv
2023-05-30 15:57:46,751 INFO Save plot as image Esperimenti/CPRO_MUSA_300523_I_V/CPRO_MUSA_300523_I_V_current_from_0_to_1500e-4A/CPRO_MUSA_300523_I_V_current_from_0_to_1500e-4A-20230530155745.png
