2023-05-24 17:49:35,504 INFO ### Start experiment: CPRO_MUSA_240523_I_V current from 0 to 2e-4A ###
2023-05-24 17:49:36,863 INFO Found Multimeter KEITHLEY INSTRUMENTS INC.,MODEL 2700,0884890,B03  /A02  

2023-05-24 17:49:37,902 INFO Found Nanovolt Meter KEITHLEY INSTRUMENTS INC.,MODEL 2182A,4056474,C03  /A02  

2023-05-24 17:49:38,065 INFO Found Source Meter KEITHLEY INSTRUMENTS INC.,MODEL 2400,0945684,C24   Feb 14 2002 11:59:45/A02  /K/H

2023-05-24 17:49:38,203 INFO Start the measurement loop
2023-05-24 17:49:42,593 INFO Measurement at current 0.0
2023-05-24 17:49:43,513 INFO T:297.72Â°K V:-2.3239e-07V I:0.0000e+00A R:-infğ›€ E:-4.0770e-06V/cm J:0.0000e+00A/cm2 ğ›’:-infğ›€ cm
2023-05-24 17:49:43,533 INFO Measurement at current 1.0050251256281407e-06
2023-05-24 17:49:44,128 INFO T:297.72Â°K V:4.5733e-07V I:1.0050e-06A R:4.5505e-01ğ›€ E:8.0234e-06V/cm J:1.5228e-05A/cm2 ğ›’:5.2690e-01ğ›€ cm
2023-05-24 17:49:44,149 INFO Measurement at current 2.0100502512562813e-06
2023-05-24 17:49:44,751 INFO T:297.72Â°K V:1.1394e-06V I:2.0101e-06A R:5.6685e-01ğ›€ E:1.9989e-05V/cm J:3.0455e-05A/cm2 ğ›’:6.5635e-01ğ›€ cm
2023-05-24 17:49:44,779 INFO Measurement at current 3.015075376884422e-06
2023-05-24 17:49:45,367 INFO T:297.72Â°K V:1.8272e-06V I:3.0151e-06A R:6.0602e-01ğ›€ E:3.2056e-05V/cm J:4.5683e-05A/cm2 ğ›’:7.0171e-01ğ›€ cm
2023-05-24 17:49:45,389 INFO Measurement at current 4.020100502512563e-06
2023-05-24 17:49:45,985 INFO T:297.72Â°K V:2.5122e-06V I:4.0201e-06A R:6.2491e-01ğ›€ E:4.4073e-05V/cm J:6.0911e-05A/cm2 ğ›’:7.2358e-01ğ›€ cm
2023-05-24 17:49:46,002 INFO Measurement at current 5.025125628140703e-06
2023-05-24 17:49:46,598 INFO T:297.72Â°K V:3.2123e-06V I:5.0251e-06A R:6.3925e-01ğ›€ E:5.6356e-05V/cm J:7.6138e-05A/cm2 ğ›’:7.4018e-01ğ›€ cm
2023-05-24 17:49:46,620 INFO Measurement at current 6.030150753768844e-06
2023-05-24 17:49:47,221 INFO T:297.72Â°K V:3.8982e-06V I:6.0302e-06A R:6.4645e-01ğ›€ E:6.8389e-05V/cm J:9.1366e-05A/cm2 ğ›’:7.4852e-01ğ›€ cm
2023-05-24 17:49:47,236 INFO Measurement at current 7.035175879396985e-06
2023-05-24 17:49:47,829 INFO T:297.72Â°K V:4.6124e-06V I:7.0352e-06A R:6.5562e-01ğ›€ E:8.0920e-05V/cm J:1.0659e-04A/cm2 ğ›’:7.5914e-01ğ›€ cm
2023-05-24 17:49:47,846 INFO Measurement at current 8.040201005025125e-06
2023-05-24 17:49:48,452 INFO T:297.72Â°K V:5.2797e-06V I:8.0402e-06A R:6.5666e-01ğ›€ E:9.2625e-05V/cm J:1.2182e-04A/cm2 ğ›’:7.6034e-01ğ›€ cm
2023-05-24 17:49:48,469 INFO Measurement at current 9.045226130653266e-06
2023-05-24 17:49:49,060 INFO T:297.72Â°K V:5.9861e-06V I:9.0452e-06A R:6.6180e-01ğ›€ E:1.0502e-04V/cm J:1.3705e-04A/cm2 ğ›’:7.6629e-01ğ›€ cm
2023-05-24 17:49:49,078 INFO Measurement at current 1.0050251256281406e-05
2023-05-24 17:49:49,673 INFO T:297.72Â°K V:6.6623e-06V I:1.0050e-05A R:6.6290e-01ğ›€ E:1.1688e-04V/cm J:1.5228e-04A/cm2 ğ›’:7.6757e-01ğ›€ cm
2023-05-24 17:49:49,697 INFO Measurement at current 1.1055276381909548e-05
2023-05-24 17:49:50,297 INFO T:297.72Â°K V:7.3469e-06V I:1.1055e-05A R:6.6456e-01ğ›€ E:1.2889e-04V/cm J:1.6750e-04A/cm2 ğ›’:7.6949e-01ğ›€ cm
2023-05-24 17:49:50,325 INFO Measurement at current 1.2060301507537688e-05
2023-05-24 17:49:50,921 INFO T:297.72Â°K V:8.0503e-06V I:1.2060e-05A R:6.6751e-01ğ›€ E:1.4123e-04V/cm J:1.8273e-04A/cm2 ğ›’:7.7290e-01ğ›€ cm
2023-05-24 17:49:50,935 INFO Measurement at current 1.3065326633165828e-05
2023-05-24 17:49:51,524 INFO T:297.72Â°K V:8.7282e-06V I:1.3065e-05A R:6.6804e-01ğ›€ E:1.5313e-04V/cm J:1.9796e-04A/cm2 ğ›’:7.7352e-01ğ›€ cm
2023-05-24 17:49:51,554 INFO Measurement at current 1.407035175879397e-05
2023-05-24 17:49:52,156 INFO T:297.72Â°K V:9.4348e-06V I:1.4070e-05A R:6.7055e-01ğ›€ E:1.6552e-04V/cm J:2.1319e-04A/cm2 ğ›’:7.7642e-01ğ›€ cm
2023-05-24 17:49:52,179 INFO Measurement at current 1.507537688442211e-05
2023-05-24 17:49:52,779 INFO T:297.72Â°K V:1.0114e-05V I:1.5075e-05A R:6.7089e-01ğ›€ E:1.7744e-04V/cm J:2.2841e-04A/cm2 ğ›’:7.7682e-01ğ›€ cm
2023-05-24 17:49:52,795 INFO Measurement at current 1.608040201005025e-05
2023-05-24 17:49:53,404 INFO T:297.72Â°K V:1.0822e-05V I:1.6080e-05A R:6.7298e-01ğ›€ E:1.8986e-04V/cm J:2.4364e-04A/cm2 ğ›’:7.7924e-01ğ›€ cm
2023-05-24 17:49:53,422 INFO Measurement at current 1.7085427135678393e-05
2023-05-24 17:49:54,030 INFO T:297.72Â°K V:1.1511e-05V I:1.7085e-05A R:6.7372e-01ğ›€ E:2.0194e-04V/cm J:2.5887e-04A/cm2 ğ›’:7.8010e-01ğ›€ cm
2023-05-24 17:49:54,071 INFO Measurement at current 1.809045226130653e-05
2023-05-24 17:49:54,680 INFO T:297.72Â°K V:1.2220e-05V I:1.8090e-05A R:6.7550e-01ğ›€ E:2.1439e-04V/cm J:2.7410e-04A/cm2 ğ›’:7.8216e-01ğ›€ cm
2023-05-24 17:49:54,703 INFO Measurement at current 1.9095477386934673e-05
2023-05-24 17:49:55,307 INFO T:297.72Â°K V:1.2905e-05V I:1.9095e-05A R:6.7583e-01ğ›€ E:2.2641e-04V/cm J:2.8933e-04A/cm2 ğ›’:7.8254e-01ğ›€ cm
2023-05-24 17:49:55,336 INFO Measurement at current 2.0100502512562812e-05
2023-05-24 17:49:55,936 INFO T:297.72Â°K V:1.3610e-05V I:2.0101e-05A R:6.7708e-01ğ›€ E:2.3876e-04V/cm J:3.0455e-04A/cm2 ğ›’:7.8398e-01ğ›€ cm
2023-05-24 17:49:55,967 INFO Measurement at current 2.1105527638190954e-05
2023-05-24 17:49:56,571 INFO T:297.72Â°K V:1.4295e-05V I:2.1106e-05A R:6.7731e-01ğ›€ E:2.5079e-04V/cm J:3.1978e-04A/cm2 ğ›’:7.8425e-01ğ›€ cm
2023-05-24 17:49:56,593 INFO Measurement at current 2.2110552763819096e-05
2023-05-24 17:49:57,200 INFO T:297.72Â°K V:1.5005e-05V I:2.2111e-05A R:6.7862e-01ğ›€ E:2.6324e-04V/cm J:3.3501e-04A/cm2 ğ›’:7.8577e-01ğ›€ cm
2023-05-24 17:49:57,222 INFO Measurement at current 2.3115577889447234e-05
2023-05-24 17:49:57,826 INFO T:297.72Â°K V:1.5688e-05V I:2.3116e-05A R:6.7867e-01ğ›€ E:2.7523e-04V/cm J:3.5024e-04A/cm2 ğ›’:7.8583e-01ğ›€ cm
2023-05-24 17:49:57,850 INFO Measurement at current 2.4120603015075376e-05
2023-05-24 17:49:58,461 INFO T:297.72Â°K V:1.6369e-05V I:2.4121e-05A R:6.7864e-01ğ›€ E:2.8718e-04V/cm J:3.6546e-04A/cm2 ğ›’:7.8579e-01ğ›€ cm
2023-05-24 17:49:58,494 INFO Measurement at current 2.5125628140703518e-05
2023-05-24 17:49:59,088 INFO T:297.72Â°K V:1.7080e-05V I:2.5126e-05A R:6.7980e-01ğ›€ E:2.9966e-04V/cm J:3.8069e-04A/cm2 ğ›’:7.8714e-01ğ›€ cm
2023-05-24 17:49:59,105 INFO Measurement at current 2.6130653266331657e-05
2023-05-24 17:49:59,693 INFO T:297.72Â°K V:1.7782e-05V I:2.6131e-05A R:6.8050e-01ğ›€ E:3.1196e-04V/cm J:3.9592e-04A/cm2 ğ›’:7.8795e-01ğ›€ cm
2023-05-24 17:49:59,714 INFO Measurement at current 2.71356783919598e-05
2023-05-24 17:50:00,304 INFO T:297.72Â°K V:1.8476e-05V I:2.7136e-05A R:6.8088e-01ğ›€ E:3.2414e-04V/cm J:4.1115e-04A/cm2 ğ›’:7.8838e-01ğ›€ cm
2023-05-24 17:50:00,330 INFO Measurement at current 2.814070351758794e-05
2023-05-24 17:50:00,930 INFO T:297.72Â°K V:1.9157e-05V I:2.8141e-05A R:6.8077e-01ğ›€ E:3.3609e-04V/cm J:4.2637e-04A/cm2 ğ›’:7.8826e-01ğ›€ cm
2023-05-24 17:50:00,953 INFO Measurement at current 2.914572864321608e-05
2023-05-24 17:50:01,566 INFO T:297.72Â°K V:1.9866e-05V I:2.9146e-05A R:6.8160e-01ğ›€ E:3.4852e-04V/cm J:4.4160e-04A/cm2 ğ›’:7.8922e-01ğ›€ cm
2023-05-24 17:50:01,585 INFO Measurement at current 3.015075376884422e-05
2023-05-24 17:50:02,182 INFO T:297.72Â°K V:2.0556e-05V I:3.0151e-05A R:6.8176e-01ğ›€ E:3.6062e-04V/cm J:4.5683e-04A/cm2 ğ›’:7.8940e-01ğ›€ cm
2023-05-24 17:50:02,206 INFO Measurement at current 3.115577889447236e-05
2023-05-24 17:50:02,796 INFO T:297.72Â°K V:2.1271e-05V I:3.1156e-05A R:6.8274e-01ğ›€ E:3.7318e-04V/cm J:4.7206e-04A/cm2 ğ›’:7.9054e-01ğ›€ cm
2023-05-24 17:50:02,823 INFO Measurement at current 3.21608040201005e-05
2023-05-24 17:50:03,421 INFO T:297.72Â°K V:2.1954e-05V I:3.2161e-05A R:6.8262e-01ğ›€ E:3.8515e-04V/cm J:4.8728e-04A/cm2 ğ›’:7.9040e-01ğ›€ cm
2023-05-24 17:50:03,440 INFO Measurement at current 3.3165829145728643e-05
2023-05-24 17:50:04,039 INFO T:297.72Â°K V:2.2678e-05V I:3.3166e-05A R:6.8379e-01ğ›€ E:3.9787e-04V/cm J:5.0251e-04A/cm2 ğ›’:7.9175e-01ğ›€ cm
2023-05-24 17:50:04,065 INFO Measurement at current 3.4170854271356785e-05
2023-05-24 17:50:04,674 INFO T:297.72Â°K V:2.3360e-05V I:3.4171e-05A R:6.8363e-01ğ›€ E:4.0983e-04V/cm J:5.1774e-04A/cm2 ğ›’:7.9157e-01ğ›€ cm
2023-05-24 17:50:04,702 INFO Measurement at current 3.517587939698492e-05
2023-05-24 17:50:05,301 INFO T:297.72Â°K V:2.4071e-05V I:3.5176e-05A R:6.8431e-01ğ›€ E:4.2230e-04V/cm J:5.3297e-04A/cm2 ğ›’:7.9236e-01ğ›€ cm
2023-05-24 17:50:05,325 INFO Measurement at current 3.618090452261306e-05
2023-05-24 17:50:05,916 INFO T:297.72Â°K V:2.4750e-05V I:3.6181e-05A R:6.8407e-01ğ›€ E:4.3422e-04V/cm J:5.4820e-04A/cm2 ğ›’:7.9208e-01ğ›€ cm
2023-05-24 17:50:05,932 INFO Measurement at current 3.7185929648241204e-05
2023-05-24 17:50:06,530 INFO T:297.72Â°K V:2.5451e-05V I:3.7186e-05A R:6.8442e-01ğ›€ E:4.4650e-04V/cm J:5.6342e-04A/cm2 ğ›’:7.9248e-01ğ›€ cm
2023-05-24 17:50:06,552 INFO Measurement at current 3.8190954773869346e-05
2023-05-24 17:50:07,157 INFO T:297.72Â°K V:2.6150e-05V I:3.8191e-05A R:6.8471e-01ğ›€ E:4.5876e-04V/cm J:5.7865e-04A/cm2 ğ›’:7.9282e-01ğ›€ cm
2023-05-24 17:50:07,192 INFO Measurement at current 3.919597989949749e-05
2023-05-24 17:50:07,800 INFO T:297.72Â°K V:2.6853e-05V I:3.9196e-05A R:6.8508e-01ğ›€ E:4.7110e-04V/cm J:5.9388e-04A/cm2 ğ›’:7.9325e-01ğ›€ cm
2023-05-24 17:50:07,819 INFO Measurement at current 4.0201005025125624e-05
2023-05-24 17:50:08,426 INFO T:297.72Â°K V:2.7541e-05V I:4.0201e-05A R:6.8508e-01ğ›€ E:4.8317e-04V/cm J:6.0911e-04A/cm2 ğ›’:7.9324e-01ğ›€ cm
2023-05-24 17:50:08,457 INFO Measurement at current 4.1206030150753765e-05
2023-05-24 17:50:09,064 INFO T:297.72Â°K V:2.8246e-05V I:4.1206e-05A R:6.8547e-01ğ›€ E:4.9554e-04V/cm J:6.2433e-04A/cm2 ğ›’:7.9371e-01ğ›€ cm
2023-05-24 17:50:09,087 INFO Measurement at current 4.221105527638191e-05
2023-05-24 17:50:09,720 INFO T:297.72Â°K V:2.8922e-05V I:4.2211e-05A R:6.8518e-01ğ›€ E:5.0741e-04V/cm J:6.3956e-04A/cm2 ğ›’:7.9337e-01ğ›€ cm
2023-05-24 17:50:09,746 INFO Measurement at current 4.321608040201005e-05
2023-05-24 17:50:10,344 INFO T:297.72Â°K V:2.9629e-05V I:4.3216e-05A R:6.8560e-01ğ›€ E:5.1981e-04V/cm J:6.5479e-04A/cm2 ğ›’:7.9385e-01ğ›€ cm
2023-05-24 17:50:10,365 INFO Measurement at current 4.422110552763819e-05
2023-05-24 17:50:10,954 INFO T:297.72Â°K V:3.0316e-05V I:4.4221e-05A R:6.8556e-01ğ›€ E:5.3186e-04V/cm J:6.7002e-04A/cm2 ğ›’:7.9381e-01ğ›€ cm
2023-05-24 17:50:10,970 INFO Measurement at current 4.522613065326633e-05
2023-05-24 17:50:11,570 INFO T:297.72Â°K V:3.1014e-05V I:4.5226e-05A R:6.8575e-01ğ›€ E:5.4410e-04V/cm J:6.8524e-04A/cm2 ğ›’:7.9402e-01ğ›€ cm
2023-05-24 17:50:11,585 INFO Measurement at current 4.623115577889447e-05
2023-05-24 17:50:12,185 INFO T:297.72Â°K V:3.1702e-05V I:4.6231e-05A R:6.8574e-01ğ›€ E:5.5618e-04V/cm J:7.0047e-04A/cm2 ğ›’:7.9401e-01ğ›€ cm
2023-05-24 17:50:12,200 INFO Measurement at current 4.723618090452261e-05
2023-05-24 17:50:12,795 INFO T:297.72Â°K V:3.2387e-05V I:4.7236e-05A R:6.8565e-01ğ›€ E:5.6820e-04V/cm J:7.1570e-04A/cm2 ğ›’:7.9391e-01ğ›€ cm
2023-05-24 17:50:12,822 INFO Measurement at current 4.824120603015075e-05
2023-05-24 17:50:13,428 INFO T:297.71Â°K V:3.3084e-05V I:4.8241e-05A R:6.8581e-01ğ›€ E:5.8043e-04V/cm J:7.3093e-04A/cm2 ğ›’:7.9410e-01ğ›€ cm
2023-05-24 17:50:13,452 INFO Measurement at current 4.9246231155778894e-05
2023-05-24 17:50:14,058 INFO T:297.71Â°K V:3.3762e-05V I:4.9246e-05A R:6.8558e-01ğ›€ E:5.9232e-04V/cm J:7.4616e-04A/cm2 ğ›’:7.9382e-01ğ›€ cm
2023-05-24 17:50:14,077 INFO Measurement at current 5.0251256281407036e-05
2023-05-24 17:50:14,676 INFO T:297.71Â°K V:3.4469e-05V I:5.0251e-05A R:6.8592e-01ğ›€ E:6.0471e-04V/cm J:7.6138e-04A/cm2 ğ›’:7.9423e-01ğ›€ cm
2023-05-24 17:50:14,696 INFO Measurement at current 5.125628140703517e-05
2023-05-24 17:50:15,303 INFO T:297.71Â°K V:3.5152e-05V I:5.1256e-05A R:6.8582e-01ğ›€ E:6.1671e-04V/cm J:7.7661e-04A/cm2 ğ›’:7.9410e-01ğ›€ cm
2023-05-24 17:50:15,329 INFO Measurement at current 5.226130653266331e-05
2023-05-24 17:50:15,937 INFO T:297.71Â°K V:3.5860e-05V I:5.2261e-05A R:6.8616e-01ğ›€ E:6.2912e-04V/cm J:7.9184e-04A/cm2 ğ›’:7.9451e-01ğ›€ cm
2023-05-24 17:50:15,966 INFO Measurement at current 5.3266331658291455e-05
2023-05-24 17:50:16,562 INFO T:297.71Â°K V:3.6540e-05V I:5.3266e-05A R:6.8598e-01ğ›€ E:6.4105e-04V/cm J:8.0707e-04A/cm2 ğ›’:7.9429e-01ğ›€ cm
2023-05-24 17:50:16,597 INFO Measurement at current 5.42713567839196e-05
2023-05-24 17:50:17,215 INFO T:297.71Â°K V:3.7245e-05V I:5.4271e-05A R:6.8627e-01ğ›€ E:6.5342e-04V/cm J:8.2229e-04A/cm2 ğ›’:7.9463e-01ğ›€ cm
2023-05-24 17:50:17,236 INFO Measurement at current 5.527638190954774e-05
2023-05-24 17:50:17,850 INFO T:297.71Â°K V:3.7926e-05V I:5.5276e-05A R:6.8611e-01ğ›€ E:6.6536e-04V/cm J:8.3752e-04A/cm2 ğ›’:7.9444e-01ğ›€ cm
2023-05-24 17:50:17,870 INFO Measurement at current 5.628140703517588e-05
2023-05-24 17:50:18,471 INFO T:297.71Â°K V:3.8625e-05V I:5.6281e-05A R:6.8628e-01ğ›€ E:6.7763e-04V/cm J:8.5275e-04A/cm2 ğ›’:7.9464e-01ğ›€ cm
2023-05-24 17:50:18,496 INFO Measurement at current 5.7286432160804016e-05
2023-05-24 17:50:19,102 INFO T:297.71Â°K V:3.9295e-05V I:5.7286e-05A R:6.8594e-01ğ›€ E:6.8939e-04V/cm J:8.6798e-04A/cm2 ğ›’:7.9424e-01ğ›€ cm
2023-05-24 17:50:19,122 INFO Measurement at current 5.829145728643216e-05
2023-05-24 17:50:19,734 INFO T:297.71Â°K V:3.9991e-05V I:5.8291e-05A R:6.8605e-01ğ›€ E:7.0160e-04V/cm J:8.8320e-04A/cm2 ğ›’:7.9438e-01ğ›€ cm
2023-05-24 17:50:19,753 INFO Measurement at current 5.92964824120603e-05
2023-05-24 17:50:20,346 INFO T:297.71Â°K V:4.0669e-05V I:5.9296e-05A R:6.8585e-01ğ›€ E:7.1348e-04V/cm J:8.9843e-04A/cm2 ğ›’:7.9415e-01ğ›€ cm
2023-05-24 17:50:20,367 INFO Measurement at current 6.030150753768844e-05
2023-05-24 17:50:20,958 INFO T:297.71Â°K V:4.1366e-05V I:6.0302e-05A R:6.8598e-01ğ›€ E:7.2571e-04V/cm J:9.1366e-04A/cm2 ğ›’:7.9429e-01ğ›€ cm
2023-05-24 17:50:20,983 INFO Measurement at current 6.130653266331658e-05
2023-05-24 17:50:21,599 INFO T:297.71Â°K V:4.2057e-05V I:6.1307e-05A R:6.8601e-01ğ›€ E:7.3784e-04V/cm J:9.2889e-04A/cm2 ğ›’:7.9432e-01ğ›€ cm
2023-05-24 17:50:21,623 INFO Measurement at current 6.231155778894472e-05
2023-05-24 17:50:22,222 INFO T:297.71Â°K V:4.2736e-05V I:6.2312e-05A R:6.8585e-01ğ›€ E:7.4976e-04V/cm J:9.4411e-04A/cm2 ğ›’:7.9414e-01ğ›€ cm
2023-05-24 17:50:22,247 INFO Measurement at current 6.331658291457287e-05
2023-05-24 17:50:22,838 INFO T:297.71Â°K V:4.3433e-05V I:6.3317e-05A R:6.8597e-01ğ›€ E:7.6199e-04V/cm J:9.5934e-04A/cm2 ğ›’:7.9428e-01ğ›€ cm
2023-05-24 17:50:22,852 INFO Measurement at current 6.4321608040201e-05
2023-05-24 17:50:23,455 INFO T:297.71Â°K V:4.4115e-05V I:6.4322e-05A R:6.8585e-01ğ›€ E:7.7395e-04V/cm J:9.7457e-04A/cm2 ğ›’:7.9414e-01ğ›€ cm
2023-05-24 17:50:23,481 INFO Measurement at current 6.532663316582914e-05
2023-05-24 17:50:24,081 INFO T:297.71Â°K V:4.4804e-05V I:6.5327e-05A R:6.8584e-01ğ›€ E:7.8603e-04V/cm J:9.8980e-04A/cm2 ğ›’:7.9413e-01ğ›€ cm
2023-05-24 17:50:24,100 INFO Measurement at current 6.633165829145729e-05
2023-05-24 17:50:24,707 INFO T:297.71Â°K V:4.5486e-05V I:6.6332e-05A R:6.8574e-01ğ›€ E:7.9800e-04V/cm J:1.0050e-03A/cm2 ğ›’:7.9401e-01ğ›€ cm
2023-05-24 17:50:24,729 INFO Measurement at current 6.733668341708542e-05
2023-05-24 17:50:25,319 INFO T:297.71Â°K V:4.6179e-05V I:6.7337e-05A R:6.8580e-01ğ›€ E:8.1017e-04V/cm J:1.0203e-03A/cm2 ğ›’:7.9408e-01ğ›€ cm
2023-05-24 17:50:25,335 INFO Measurement at current 6.834170854271357e-05
2023-05-24 17:50:25,948 INFO T:297.71Â°K V:4.6864e-05V I:6.8342e-05A R:6.8573e-01ğ›€ E:8.2218e-04V/cm J:1.0355e-03A/cm2 ğ›’:7.9400e-01ğ›€ cm
2023-05-24 17:50:25,967 INFO Measurement at current 6.93467336683417e-05
2023-05-24 17:50:26,570 INFO T:297.71Â°K V:4.7557e-05V I:6.9347e-05A R:6.8579e-01ğ›€ E:8.3434e-04V/cm J:1.0507e-03A/cm2 ğ›’:7.9408e-01ğ›€ cm
2023-05-24 17:50:26,588 INFO Measurement at current 7.035175879396984e-05
2023-05-24 17:50:27,176 INFO T:297.71Â°K V:4.8231e-05V I:7.0352e-05A R:6.8557e-01ğ›€ E:8.4616e-04V/cm J:1.0659e-03A/cm2 ğ›’:7.9382e-01ğ›€ cm
2023-05-24 17:50:27,206 INFO Measurement at current 7.135678391959799e-05
2023-05-24 17:50:27,810 INFO T:297.71Â°K V:4.8921e-05V I:7.1357e-05A R:6.8558e-01ğ›€ E:8.5826e-04V/cm J:1.0812e-03A/cm2 ğ›’:7.9383e-01ğ›€ cm
2023-05-24 17:50:27,829 INFO Measurement at current 7.236180904522613e-05
2023-05-24 17:50:28,439 INFO T:297.71Â°K V:4.9605e-05V I:7.2362e-05A R:6.8552e-01ğ›€ E:8.7027e-04V/cm J:1.0964e-03A/cm2 ğ›’:7.9376e-01ğ›€ cm
2023-05-24 17:50:28,453 INFO Measurement at current 7.336683417085427e-05
2023-05-24 17:50:29,048 INFO T:297.71Â°K V:5.0294e-05V I:7.3367e-05A R:6.8551e-01ğ›€ E:8.8235e-04V/cm J:1.1116e-03A/cm2 ğ›’:7.9375e-01ğ›€ cm
2023-05-24 17:50:29,071 INFO Measurement at current 7.437185929648241e-05
2023-05-24 17:50:29,676 INFO T:297.71Â°K V:5.0984e-05V I:7.4372e-05A R:6.8553e-01ğ›€ E:8.9446e-04V/cm J:1.1268e-03A/cm2 ğ›’:7.9377e-01ğ›€ cm
2023-05-24 17:50:29,698 INFO Measurement at current 7.537688442211054e-05
2023-05-24 17:50:30,297 INFO T:297.71Â°K V:5.1667e-05V I:7.5377e-05A R:6.8545e-01ğ›€ E:9.0643e-04V/cm J:1.1421e-03A/cm2 ğ›’:7.9367e-01ğ›€ cm
2023-05-24 17:50:30,318 INFO Measurement at current 7.638190954773869e-05
2023-05-24 17:50:30,926 INFO T:297.71Â°K V:5.2370e-05V I:7.6382e-05A R:6.8564e-01ğ›€ E:9.1878e-04V/cm J:1.1573e-03A/cm2 ğ›’:7.9390e-01ğ›€ cm
2023-05-24 17:50:30,955 INFO Measurement at current 7.738693467336683e-05
2023-05-24 17:50:31,562 INFO T:297.71Â°K V:5.3049e-05V I:7.7387e-05A R:6.8550e-01ğ›€ E:9.3069e-04V/cm J:1.1725e-03A/cm2 ğ›’:7.9374e-01ğ›€ cm
2023-05-24 17:50:31,585 INFO Measurement at current 7.839195979899498e-05
2023-05-24 17:50:32,186 INFO T:297.71Â°K V:5.3739e-05V I:7.8392e-05A R:6.8551e-01ğ›€ E:9.4278e-04V/cm J:1.1878e-03A/cm2 ğ›’:7.9375e-01ğ›€ cm
2023-05-24 17:50:32,205 INFO Measurement at current 7.939698492462311e-05
2023-05-24 17:50:32,792 INFO T:297.71Â°K V:5.4419e-05V I:7.9397e-05A R:6.8541e-01ğ›€ E:9.5472e-04V/cm J:1.2030e-03A/cm2 ğ›’:7.9363e-01ğ›€ cm
2023-05-24 17:50:32,823 INFO Measurement at current 8.040201005025125e-05
2023-05-24 17:50:33,417 INFO T:297.71Â°K V:5.5117e-05V I:8.0402e-05A R:6.8551e-01ğ›€ E:9.6696e-04V/cm J:1.2182e-03A/cm2 ğ›’:7.9375e-01ğ›€ cm
2023-05-24 17:50:33,437 INFO Measurement at current 8.14070351758794e-05
2023-05-24 17:50:34,044 INFO T:297.71Â°K V:5.5803e-05V I:8.1407e-05A R:6.8549e-01ğ›€ E:9.7901e-04V/cm J:1.2334e-03A/cm2 ğ›’:7.9372e-01ğ›€ cm
2023-05-24 17:50:34,063 INFO Measurement at current 8.241206030150753e-05
2023-05-24 17:50:34,661 INFO T:297.71Â°K V:5.6497e-05V I:8.2412e-05A R:6.8554e-01ğ›€ E:9.9117e-04V/cm J:1.2487e-03A/cm2 ğ›’:7.9378e-01ğ›€ cm
2023-05-24 17:50:34,680 INFO Measurement at current 8.341708542713568e-05
2023-05-24 17:50:35,277 INFO T:297.71Â°K V:5.7181e-05V I:8.3417e-05A R:6.8549e-01ğ›€ E:1.0032e-03V/cm J:1.2639e-03A/cm2 ğ›’:7.9372e-01ğ›€ cm
2023-05-24 17:50:35,297 INFO Measurement at current 8.442211055276381e-05
2023-05-24 17:50:35,903 INFO T:297.71Â°K V:5.7868e-05V I:8.4422e-05A R:6.8546e-01ğ›€ E:1.0152e-03V/cm J:1.2791e-03A/cm2 ğ›’:7.9369e-01ğ›€ cm
2023-05-24 17:50:35,921 INFO Measurement at current 8.542713567839196e-05
2023-05-24 17:50:36,526 INFO T:297.70Â°K V:5.8540e-05V I:8.5427e-05A R:6.8526e-01ğ›€ E:1.0270e-03V/cm J:1.2944e-03A/cm2 ğ›’:7.9346e-01ğ›€ cm
2023-05-24 17:50:36,560 INFO Measurement at current 8.64321608040201e-05
2023-05-24 17:50:37,171 INFO T:297.70Â°K V:5.9246e-05V I:8.6432e-05A R:6.8547e-01ğ›€ E:1.0394e-03V/cm J:1.3096e-03A/cm2 ğ›’:7.9370e-01ğ›€ cm
2023-05-24 17:50:37,195 INFO Measurement at current 8.743718592964823e-05
2023-05-24 17:50:37,790 INFO T:297.70Â°K V:5.9946e-05V I:8.7437e-05A R:6.8559e-01ğ›€ E:1.0517e-03V/cm J:1.3248e-03A/cm2 ğ›’:7.9384e-01ğ›€ cm
2023-05-24 17:50:37,814 INFO Measurement at current 8.844221105527638e-05
2023-05-24 17:50:38,400 INFO T:297.70Â°K V:6.0618e-05V I:8.8442e-05A R:6.8540e-01ğ›€ E:1.0635e-03V/cm J:1.3400e-03A/cm2 ğ›’:7.9362e-01ğ›€ cm
2023-05-24 17:50:38,414 INFO Measurement at current 8.944723618090452e-05
2023-05-24 17:50:39,004 INFO T:297.70Â°K V:6.1326e-05V I:8.9447e-05A R:6.8562e-01ğ›€ E:1.0759e-03V/cm J:1.3553e-03A/cm2 ğ›’:7.9387e-01ğ›€ cm
2023-05-24 17:50:39,019 INFO Measurement at current 9.045226130653267e-05
2023-05-24 17:50:39,614 INFO T:297.70Â°K V:6.2005e-05V I:9.0452e-05A R:6.8550e-01ğ›€ E:1.0878e-03V/cm J:1.3705e-03A/cm2 ğ›’:7.9374e-01ğ›€ cm
2023-05-24 17:50:39,639 INFO Measurement at current 9.14572864321608e-05
2023-05-24 17:50:40,244 INFO T:297.70Â°K V:6.2710e-05V I:9.1457e-05A R:6.8568e-01ğ›€ E:1.1002e-03V/cm J:1.3857e-03A/cm2 ğ›’:7.9394e-01ğ›€ cm
2023-05-24 17:50:40,266 INFO Measurement at current 9.246231155778894e-05
2023-05-24 17:50:40,859 INFO T:297.70Â°K V:6.3388e-05V I:9.2462e-05A R:6.8556e-01ğ›€ E:1.1121e-03V/cm J:1.4009e-03A/cm2 ğ›’:7.9380e-01ğ›€ cm
2023-05-24 17:50:40,877 INFO Measurement at current 9.346733668341709e-05
2023-05-24 17:50:41,471 INFO T:297.70Â°K V:6.4093e-05V I:9.3467e-05A R:6.8573e-01ğ›€ E:1.1244e-03V/cm J:1.4162e-03A/cm2 ğ›’:7.9400e-01ğ›€ cm
2023-05-24 17:50:41,489 INFO Measurement at current 9.447236180904522e-05
2023-05-24 17:50:42,086 INFO T:297.70Â°K V:6.4766e-05V I:9.4472e-05A R:6.8555e-01ğ›€ E:1.1362e-03V/cm J:1.4314e-03A/cm2 ğ›’:7.9380e-01ğ›€ cm
2023-05-24 17:50:42,106 INFO Measurement at current 9.547738693467337e-05
2023-05-24 17:50:42,716 INFO T:297.70Â°K V:6.5452e-05V I:9.5477e-05A R:6.8553e-01ğ›€ E:1.1483e-03V/cm J:1.4466e-03A/cm2 ğ›’:7.9377e-01ğ›€ cm
2023-05-24 17:50:42,741 INFO Measurement at current 9.64824120603015e-05
2023-05-24 17:50:43,347 INFO T:297.70Â°K V:6.6139e-05V I:9.6482e-05A R:6.8550e-01ğ›€ E:1.1603e-03V/cm J:1.4619e-03A/cm2 ğ›’:7.9374e-01ğ›€ cm
2023-05-24 17:50:43,368 INFO Measurement at current 9.748743718592964e-05
2023-05-24 17:50:43,961 INFO T:297.70Â°K V:6.6837e-05V I:9.7487e-05A R:6.8559e-01ğ›€ E:1.1726e-03V/cm J:1.4771e-03A/cm2 ğ›’:7.9384e-01ğ›€ cm
2023-05-24 17:50:43,979 INFO Measurement at current 9.849246231155779e-05
2023-05-24 17:50:44,574 INFO T:297.70Â°K V:6.7522e-05V I:9.8492e-05A R:6.8555e-01ğ›€ E:1.1846e-03V/cm J:1.4923e-03A/cm2 ğ›’:7.9380e-01ğ›€ cm
2023-05-24 17:50:44,593 INFO Measurement at current 9.949748743718592e-05
2023-05-24 17:50:45,187 INFO T:297.70Â°K V:6.8231e-05V I:9.9497e-05A R:6.8575e-01ğ›€ E:1.1970e-03V/cm J:1.5075e-03A/cm2 ğ›’:7.9403e-01ğ›€ cm
2023-05-24 17:50:45,209 INFO Measurement at current 0.00010050251256281407
2023-05-24 17:50:45,795 INFO T:297.70Â°K V:6.8929e-05V I:1.0050e-04A R:6.8584e-01ğ›€ E:1.2093e-03V/cm J:1.5228e-03A/cm2 ğ›’:7.9414e-01ğ›€ cm
2023-05-24 17:50:45,810 INFO Measurement at current 0.00010150753768844221
2023-05-24 17:50:46,403 INFO T:297.70Â°K V:6.9615e-05V I:1.0151e-04A R:6.8581e-01ğ›€ E:1.2213e-03V/cm J:1.5380e-03A/cm2 ğ›’:7.9409e-01ğ›€ cm
2023-05-24 17:50:46,437 INFO Measurement at current 0.00010251256281407034
2023-05-24 17:50:47,046 INFO T:297.70Â°K V:7.0317e-05V I:1.0251e-04A R:6.8594e-01ğ›€ E:1.2336e-03V/cm J:1.5532e-03A/cm2 ğ›’:7.9424e-01ğ›€ cm
2023-05-24 17:50:47,077 INFO Measurement at current 0.00010351758793969849
2023-05-24 17:50:47,680 INFO T:297.70Â°K V:7.1020e-05V I:1.0352e-04A R:6.8606e-01ğ›€ E:1.2460e-03V/cm J:1.5684e-03A/cm2 ğ›’:7.9439e-01ğ›€ cm
2023-05-24 17:50:47,695 INFO Measurement at current 0.00010452261306532663
2023-05-24 17:50:48,284 INFO T:297.70Â°K V:7.1721e-05V I:1.0452e-04A R:6.8618e-01ğ›€ E:1.2583e-03V/cm J:1.5837e-03A/cm2 ğ›’:7.9452e-01ğ›€ cm
2023-05-24 17:50:48,313 INFO Measurement at current 0.00010552763819095478
2023-05-24 17:50:48,910 INFO T:297.70Â°K V:7.2430e-05V I:1.0553e-04A R:6.8636e-01ğ›€ E:1.2707e-03V/cm J:1.5989e-03A/cm2 ğ›’:7.9473e-01ğ›€ cm
2023-05-24 17:50:48,925 INFO Measurement at current 0.00010653266331658291
2023-05-24 17:50:49,523 INFO T:297.70Â°K V:7.3141e-05V I:1.0653e-04A R:6.8656e-01ğ›€ E:1.2832e-03V/cm J:1.6141e-03A/cm2 ğ›’:7.9496e-01ğ›€ cm
2023-05-24 17:50:49,539 INFO Measurement at current 0.00010753768844221105
2023-05-24 17:50:50,148 INFO T:297.70Â°K V:7.3809e-05V I:1.0754e-04A R:6.8636e-01ğ›€ E:1.2949e-03V/cm J:1.6294e-03A/cm2 ğ›’:7.9473e-01ğ›€ cm
2023-05-24 17:50:50,169 INFO Measurement at current 0.0001085427135678392
2023-05-24 17:50:50,755 INFO T:297.70Â°K V:7.4509e-05V I:1.0854e-04A R:6.8645e-01ğ›€ E:1.3072e-03V/cm J:1.6446e-03A/cm2 ğ›’:7.9483e-01ğ›€ cm
2023-05-24 17:50:50,778 INFO Measurement at current 0.00010954773869346733
2023-05-24 17:50:51,399 INFO T:297.70Â°K V:7.5192e-05V I:1.0955e-04A R:6.8639e-01ğ›€ E:1.3192e-03V/cm J:1.6598e-03A/cm2 ğ›’:7.9476e-01ğ›€ cm
2023-05-24 17:50:51,423 INFO Measurement at current 0.00011055276381909548
2023-05-24 17:50:52,029 INFO T:297.70Â°K V:7.5901e-05V I:1.1055e-04A R:6.8656e-01ğ›€ E:1.3316e-03V/cm J:1.6750e-03A/cm2 ğ›’:7.9497e-01ğ›€ cm
2023-05-24 17:50:52,051 INFO Measurement at current 0.00011155778894472361
2023-05-24 17:50:52,654 INFO T:297.70Â°K V:7.6577e-05V I:1.1156e-04A R:6.8644e-01ğ›€ E:1.3435e-03V/cm J:1.6903e-03A/cm2 ğ›’:7.9482e-01ğ›€ cm
2023-05-24 17:50:52,671 INFO Measurement at current 0.00011256281407035176
2023-05-24 17:50:53,278 INFO T:297.70Â°K V:7.7270e-05V I:1.1256e-04A R:6.8646e-01ğ›€ E:1.3556e-03V/cm J:1.7055e-03A/cm2 ğ›’:7.9485e-01ğ›€ cm
2023-05-24 17:50:53,294 INFO Measurement at current 0.0001135678391959799
2023-05-24 17:50:53,898 INFO T:297.70Â°K V:7.7963e-05V I:1.1357e-04A R:6.8648e-01ğ›€ E:1.3678e-03V/cm J:1.7207e-03A/cm2 ğ›’:7.9488e-01ğ›€ cm
2023-05-24 17:50:53,930 INFO Measurement at current 0.00011457286432160803
2023-05-24 17:50:54,533 INFO T:297.70Â°K V:7.8649e-05V I:1.1457e-04A R:6.8646e-01ğ›€ E:1.3798e-03V/cm J:1.7360e-03A/cm2 ğ›’:7.9484e-01ğ›€ cm
2023-05-24 17:50:54,570 INFO Measurement at current 0.00011557788944723618
2023-05-24 17:50:55,179 INFO T:297.70Â°K V:7.9367e-05V I:1.1558e-04A R:6.8669e-01ğ›€ E:1.3924e-03V/cm J:1.7512e-03A/cm2 ğ›’:7.9512e-01ğ›€ cm
2023-05-24 17:50:55,205 INFO Measurement at current 0.00011658291457286432
2023-05-24 17:50:55,801 INFO T:297.70Â°K V:8.0040e-05V I:1.1658e-04A R:6.8655e-01ğ›€ E:1.4042e-03V/cm J:1.7664e-03A/cm2 ğ›’:7.9495e-01ğ›€ cm
2023-05-24 17:50:55,820 INFO Measurement at current 0.00011758793969849247
2023-05-24 17:50:56,424 INFO T:297.70Â°K V:8.0733e-05V I:1.1759e-04A R:6.8657e-01ğ›€ E:1.4164e-03V/cm J:1.7816e-03A/cm2 ğ›’:7.9498e-01ğ›€ cm
2023-05-24 17:50:56,441 INFO Measurement at current 0.0001185929648241206
2023-05-24 17:50:57,032 INFO T:297.70Â°K V:8.1402e-05V I:1.1859e-04A R:6.8640e-01ğ›€ E:1.4281e-03V/cm J:1.7969e-03A/cm2 ğ›’:7.9478e-01ğ›€ cm
2023-05-24 17:50:57,052 INFO Measurement at current 0.00011959798994974874
2023-05-24 17:50:57,655 INFO T:297.70Â°K V:8.2097e-05V I:1.1960e-04A R:6.8644e-01ğ›€ E:1.4403e-03V/cm J:1.8121e-03A/cm2 ğ›’:7.9482e-01ğ›€ cm
2023-05-24 17:50:57,672 INFO Measurement at current 0.00012060301507537688
2023-05-24 17:50:58,285 INFO T:297.70Â°K V:8.2782e-05V I:1.2060e-04A R:6.8640e-01ğ›€ E:1.4523e-03V/cm J:1.8273e-03A/cm2 ğ›’:7.9478e-01ğ›€ cm
2023-05-24 17:50:58,327 INFO Measurement at current 0.00012160804020100502
2023-05-24 17:50:58,915 INFO T:297.70Â°K V:8.3459e-05V I:1.2161e-04A R:6.8630e-01ğ›€ E:1.4642e-03V/cm J:1.8425e-03A/cm2 ğ›’:7.9466e-01ğ›€ cm
2023-05-24 17:50:58,930 INFO Measurement at current 0.00012261306532663317
2023-05-24 17:50:59,524 INFO T:297.70Â°K V:8.4151e-05V I:1.2261e-04A R:6.8631e-01ğ›€ E:1.4763e-03V/cm J:1.8578e-03A/cm2 ğ›’:7.9468e-01ğ›€ cm
2023-05-24 17:50:59,547 INFO Measurement at current 0.0001236180904522613
2023-05-24 17:51:00,148 INFO T:297.70Â°K V:8.4834e-05V I:1.2362e-04A R:6.8626e-01ğ›€ E:1.4883e-03V/cm J:1.8730e-03A/cm2 ğ›’:7.9461e-01ğ›€ cm
2023-05-24 17:51:00,165 INFO Measurement at current 0.00012462311557788944
2023-05-24 17:51:00,755 INFO T:297.70Â°K V:8.5524e-05V I:1.2462e-04A R:6.8626e-01ğ›€ E:1.5004e-03V/cm J:1.8882e-03A/cm2 ğ›’:7.9462e-01ğ›€ cm
2023-05-24 17:51:00,770 INFO Measurement at current 0.00012562814070351757
2023-05-24 17:51:01,360 INFO T:297.70Â°K V:8.6269e-05V I:1.2563e-04A R:6.8670e-01ğ›€ E:1.5135e-03V/cm J:1.9035e-03A/cm2 ğ›’:7.9513e-01ğ›€ cm
2023-05-24 17:51:01,376 INFO Measurement at current 0.00012663316582914574
2023-05-24 17:51:01,969 INFO T:297.69Â°K V:8.6947e-05V I:1.2663e-04A R:6.8660e-01ğ›€ E:1.5254e-03V/cm J:1.9187e-03A/cm2 ğ›’:7.9501e-01ğ›€ cm
2023-05-24 17:51:01,999 INFO Measurement at current 0.00012763819095477387
2023-05-24 17:51:02,611 INFO T:297.69Â°K V:8.7644e-05V I:1.2764e-04A R:6.8666e-01ğ›€ E:1.5376e-03V/cm J:1.9339e-03A/cm2 ğ›’:7.9508e-01ğ›€ cm
2023-05-24 17:51:02,627 INFO Measurement at current 0.000128643216080402
2023-05-24 17:51:03,234 INFO T:297.69Â°K V:8.8330e-05V I:1.2864e-04A R:6.8662e-01ğ›€ E:1.5496e-03V/cm J:1.9491e-03A/cm2 ğ›’:7.9504e-01ğ›€ cm
2023-05-24 17:51:03,301 INFO Measurement at current 0.00012964824120603014
2023-05-24 17:51:03,897 INFO T:297.69Â°K V:8.9023e-05V I:1.2965e-04A R:6.8665e-01ğ›€ E:1.5618e-03V/cm J:1.9644e-03A/cm2 ğ›’:7.9507e-01ğ›€ cm
2023-05-24 17:51:03,917 INFO Measurement at current 0.00013065326633165828
2023-05-24 17:51:04,513 INFO T:297.69Â°K V:8.9691e-05V I:1.3065e-04A R:6.8648e-01ğ›€ E:1.5735e-03V/cm J:1.9796e-03A/cm2 ğ›’:7.9488e-01ğ›€ cm
2023-05-24 17:51:04,532 INFO Measurement at current 0.00013165829145728644
2023-05-24 17:51:05,139 INFO T:297.69Â°K V:9.0391e-05V I:1.3166e-04A R:6.8656e-01ğ›€ E:1.5858e-03V/cm J:1.9948e-03A/cm2 ğ›’:7.9497e-01ğ›€ cm
2023-05-24 17:51:05,169 INFO Measurement at current 0.00013266331658291457
2023-05-24 17:51:05,769 INFO T:297.69Â°K V:9.1083e-05V I:1.3266e-04A R:6.8657e-01ğ›€ E:1.5979e-03V/cm J:2.0101e-03A/cm2 ğ›’:7.9498e-01ğ›€ cm
2023-05-24 17:51:05,810 INFO Measurement at current 0.0001336683417085427
2023-05-24 17:51:06,418 INFO T:297.69Â°K V:9.1765e-05V I:1.3367e-04A R:6.8651e-01ğ›€ E:1.6099e-03V/cm J:2.0253e-03A/cm2 ğ›’:7.9491e-01ğ›€ cm
2023-05-24 17:51:06,433 INFO Measurement at current 0.00013467336683417084
2023-05-24 17:51:07,033 INFO T:297.69Â°K V:9.2437e-05V I:1.3467e-04A R:6.8638e-01ğ›€ E:1.6217e-03V/cm J:2.0405e-03A/cm2 ğ›’:7.9476e-01ğ›€ cm
2023-05-24 17:51:07,051 INFO Measurement at current 0.00013567839195979898
2023-05-24 17:51:07,665 INFO T:297.69Â°K V:9.3155e-05V I:1.3568e-04A R:6.8659e-01ğ›€ E:1.6343e-03V/cm J:2.0557e-03A/cm2 ğ›’:7.9500e-01ğ›€ cm
2023-05-24 17:51:07,691 INFO Measurement at current 0.00013668341708542714
2023-05-24 17:51:08,290 INFO T:297.69Â°K V:9.3845e-05V I:1.3668e-04A R:6.8659e-01ğ›€ E:1.6464e-03V/cm J:2.0710e-03A/cm2 ğ›’:7.9500e-01ğ›€ cm
2023-05-24 17:51:08,306 INFO Measurement at current 0.00013768844221105528
2023-05-24 17:51:08,921 INFO T:297.69Â°K V:9.4512e-05V I:1.3769e-04A R:6.8642e-01ğ›€ E:1.6581e-03V/cm J:2.0862e-03A/cm2 ğ›’:7.9480e-01ğ›€ cm
2023-05-24 17:51:08,957 INFO Measurement at current 0.0001386934673366834
2023-05-24 17:51:09,561 INFO T:297.69Â°K V:9.5222e-05V I:1.3869e-04A R:6.8656e-01ğ›€ E:1.6706e-03V/cm J:2.1014e-03A/cm2 ğ›’:7.9497e-01ğ›€ cm
2023-05-24 17:51:09,577 INFO Measurement at current 0.00013969849246231155
2023-05-24 17:51:10,165 INFO T:297.69Â°K V:9.5914e-05V I:1.3970e-04A R:6.8658e-01ğ›€ E:1.6827e-03V/cm J:2.1166e-03A/cm2 ğ›’:7.9498e-01ğ›€ cm
2023-05-24 17:51:10,180 INFO Measurement at current 0.00014070351758793968
2023-05-24 17:51:10,785 INFO T:297.69Â°K V:9.6596e-05V I:1.4070e-04A R:6.8652e-01ğ›€ E:1.6947e-03V/cm J:2.1319e-03A/cm2 ğ›’:7.9492e-01ğ›€ cm
2023-05-24 17:51:10,815 INFO Measurement at current 0.00014170854271356784
2023-05-24 17:51:11,414 INFO T:297.69Â°K V:9.7288e-05V I:1.4171e-04A R:6.8653e-01ğ›€ E:1.7068e-03V/cm J:2.1471e-03A/cm2 ğ›’:7.9493e-01ğ›€ cm
2023-05-24 17:51:11,433 INFO Measurement at current 0.00014271356783919598
2023-05-24 17:51:12,028 INFO T:297.69Â°K V:9.7963e-05V I:1.4271e-04A R:6.8643e-01ğ›€ E:1.7186e-03V/cm J:2.1623e-03A/cm2 ğ›’:7.9481e-01ğ›€ cm
2023-05-24 17:51:12,048 INFO Measurement at current 0.00014371859296482411
2023-05-24 17:51:12,654 INFO T:297.69Â°K V:9.8645e-05V I:1.4372e-04A R:6.8638e-01ğ›€ E:1.7306e-03V/cm J:2.1776e-03A/cm2 ğ›’:7.9475e-01ğ›€ cm
2023-05-24 17:51:12,683 INFO Measurement at current 0.00014472361809045225
2023-05-24 17:51:13,291 INFO T:297.69Â°K V:9.9345e-05V I:1.4472e-04A R:6.8644e-01ğ›€ E:1.7429e-03V/cm J:2.1928e-03A/cm2 ğ›’:7.9483e-01ğ›€ cm
2023-05-24 17:51:13,325 INFO Measurement at current 0.00014572864321608039
2023-05-24 17:51:13,925 INFO T:297.69Â°K V:1.0006e-04V I:1.4573e-04A R:6.8660e-01ğ›€ E:1.7554e-03V/cm J:2.2080e-03A/cm2 ğ›’:7.9501e-01ğ›€ cm
2023-05-24 17:51:13,946 INFO Measurement at current 0.00014673366834170855
2023-05-24 17:51:14,539 INFO T:297.69Â°K V:1.0076e-04V I:1.4673e-04A R:6.8670e-01ğ›€ E:1.7677e-03V/cm J:2.2232e-03A/cm2 ğ›’:7.9512e-01ğ›€ cm
2023-05-24 17:51:14,558 INFO Measurement at current 0.00014773869346733668
2023-05-24 17:51:15,153 INFO T:297.69Â°K V:1.0145e-04V I:1.4774e-04A R:6.8669e-01ğ›€ E:1.7798e-03V/cm J:2.2385e-03A/cm2 ğ›’:7.9512e-01ğ›€ cm
2023-05-24 17:51:15,175 INFO Measurement at current 0.00014874371859296482
2023-05-24 17:51:15,775 INFO T:297.69Â°K V:1.0216e-04V I:1.4874e-04A R:6.8681e-01ğ›€ E:1.7923e-03V/cm J:2.2537e-03A/cm2 ğ›’:7.9525e-01ğ›€ cm
2023-05-24 17:51:15,817 INFO Measurement at current 0.00014974874371859295
2023-05-24 17:51:16,416 INFO T:297.69Â°K V:1.0284e-04V I:1.4975e-04A R:6.8675e-01ğ›€ E:1.8042e-03V/cm J:2.2689e-03A/cm2 ğ›’:7.9518e-01ğ›€ cm
2023-05-24 17:51:16,437 INFO Measurement at current 0.0001507537688442211
2023-05-24 17:51:17,038 INFO T:297.69Â°K V:1.0354e-04V I:1.5075e-04A R:6.8681e-01ğ›€ E:1.8165e-03V/cm J:2.2841e-03A/cm2 ğ›’:7.9525e-01ğ›€ cm
2023-05-24 17:51:17,061 INFO Measurement at current 0.00015175879396984925
2023-05-24 17:51:17,664 INFO T:297.69Â°K V:1.0422e-04V I:1.5176e-04A R:6.8676e-01ğ›€ E:1.8284e-03V/cm J:2.2994e-03A/cm2 ğ›’:7.9519e-01ğ›€ cm
2023-05-24 17:51:17,683 INFO Measurement at current 0.00015276381909547739
2023-05-24 17:51:18,275 INFO T:297.69Â°K V:1.0492e-04V I:1.5276e-04A R:6.8680e-01ğ›€ E:1.8407e-03V/cm J:2.3146e-03A/cm2 ğ›’:7.9525e-01ğ›€ cm
2023-05-24 17:51:18,308 INFO Measurement at current 0.00015376884422110552
2023-05-24 17:51:18,925 INFO T:297.69Â°K V:1.0559e-04V I:1.5377e-04A R:6.8670e-01ğ›€ E:1.8525e-03V/cm J:2.3298e-03A/cm2 ğ›’:7.9513e-01ğ›€ cm
2023-05-24 17:51:18,972 INFO Measurement at current 0.00015477386934673366
2023-05-24 17:51:19,590 INFO T:297.69Â°K V:1.0627e-04V I:1.5477e-04A R:6.8664e-01ğ›€ E:1.8645e-03V/cm J:2.3451e-03A/cm2 ğ›’:7.9506e-01ğ›€ cm
2023-05-24 17:51:19,618 INFO Measurement at current 0.0001557788944723618
2023-05-24 17:51:20,214 INFO T:297.69Â°K V:1.0699e-04V I:1.5578e-04A R:6.8682e-01ğ›€ E:1.8771e-03V/cm J:2.3603e-03A/cm2 ğ›’:7.9527e-01ğ›€ cm
2023-05-24 17:51:20,230 INFO Measurement at current 0.00015678391959798995
2023-05-24 17:51:20,819 INFO T:297.69Â°K V:1.0768e-04V I:1.5678e-04A R:6.8679e-01ğ›€ E:1.8891e-03V/cm J:2.3755e-03A/cm2 ğ›’:7.9523e-01ğ›€ cm
2023-05-24 17:51:20,845 INFO Measurement at current 0.0001577889447236181
2023-05-24 17:51:21,446 INFO T:297.69Â°K V:1.0836e-04V I:1.5779e-04A R:6.8672e-01ğ›€ E:1.9010e-03V/cm J:2.3907e-03A/cm2 ğ›’:7.9515e-01ğ›€ cm
2023-05-24 17:51:21,471 INFO Measurement at current 0.00015879396984924622
2023-05-24 17:51:22,079 INFO T:297.69Â°K V:1.0905e-04V I:1.5879e-04A R:6.8676e-01ğ›€ E:1.9132e-03V/cm J:2.4060e-03A/cm2 ğ›’:7.9519e-01ğ›€ cm
2023-05-24 17:51:22,113 INFO Measurement at current 0.00015979899497487436
2023-05-24 17:51:22,760 INFO T:297.69Â°K V:1.0973e-04V I:1.5980e-04A R:6.8669e-01ğ›€ E:1.9251e-03V/cm J:2.4212e-03A/cm2 ğ›’:7.9511e-01ğ›€ cm
2023-05-24 17:51:22,785 INFO Measurement at current 0.0001608040201005025
2023-05-24 17:51:23,382 INFO T:297.69Â°K V:1.1043e-04V I:1.6080e-04A R:6.8671e-01ğ›€ E:1.9373e-03V/cm J:2.4364e-03A/cm2 ğ›’:7.9514e-01ğ›€ cm
2023-05-24 17:51:23,402 INFO Measurement at current 0.00016180904522613066
2023-05-24 17:51:24,058 INFO T:297.69Â°K V:1.1110e-04V I:1.6181e-04A R:6.8659e-01ğ›€ E:1.9491e-03V/cm J:2.4517e-03A/cm2 ğ›’:7.9500e-01ğ›€ cm
2023-05-24 17:51:24,090 INFO Measurement at current 0.0001628140703517588
2023-05-24 17:51:24,729 INFO T:297.68Â°K V:1.1180e-04V I:1.6281e-04A R:6.8666e-01ğ›€ E:1.9614e-03V/cm J:2.4669e-03A/cm2 ğ›’:7.9508e-01ğ›€ cm
2023-05-24 17:51:24,760 INFO Measurement at current 0.00016381909547738693
2023-05-24 17:51:25,353 INFO T:297.68Â°K V:1.1247e-04V I:1.6382e-04A R:6.8655e-01ğ›€ E:1.9732e-03V/cm J:2.4821e-03A/cm2 ğ›’:7.9495e-01ğ›€ cm
2023-05-24 17:51:25,379 INFO Measurement at current 0.00016482412060301506
2023-05-24 17:51:25,973 INFO T:297.68Â°K V:1.1317e-04V I:1.6482e-04A R:6.8661e-01ğ›€ E:1.9854e-03V/cm J:2.4973e-03A/cm2 ğ›’:7.9502e-01ğ›€ cm
2023-05-24 17:51:26,015 INFO Measurement at current 0.00016582914572864322
2023-05-24 17:51:26,605 INFO T:297.68Â°K V:1.1389e-04V I:1.6583e-04A R:6.8679e-01ğ›€ E:1.9981e-03V/cm J:2.5126e-03A/cm2 ğ›’:7.9524e-01ğ›€ cm
2023-05-24 17:51:26,628 INFO Measurement at current 0.00016683417085427136
2023-05-24 17:51:27,227 INFO T:297.68Â°K V:1.1456e-04V I:1.6683e-04A R:6.8669e-01ğ›€ E:2.0099e-03V/cm J:2.5278e-03A/cm2 ğ›’:7.9512e-01ğ›€ cm
2023-05-24 17:51:27,248 INFO Measurement at current 0.0001678391959798995
2023-05-24 17:51:27,849 INFO T:297.68Â°K V:1.1525e-04V I:1.6784e-04A R:6.8665e-01ğ›€ E:2.0219e-03V/cm J:2.5430e-03A/cm2 ğ›’:7.9507e-01ğ›€ cm
2023-05-24 17:51:27,870 INFO Measurement at current 0.00016884422110552763
2023-05-24 17:51:28,467 INFO T:297.68Â°K V:1.1592e-04V I:1.6884e-04A R:6.8656e-01ğ›€ E:2.0337e-03V/cm J:2.5582e-03A/cm2 ğ›’:7.9497e-01ğ›€ cm
2023-05-24 17:51:28,498 INFO Measurement at current 0.00016984924623115576
2023-05-24 17:51:29,106 INFO T:297.68Â°K V:1.1661e-04V I:1.6985e-04A R:6.8658e-01ğ›€ E:2.0459e-03V/cm J:2.5735e-03A/cm2 ğ›’:7.9498e-01ğ›€ cm
2023-05-24 17:51:29,127 INFO Measurement at current 0.00017085427135678393
2023-05-24 17:51:29,724 INFO T:297.68Â°K V:1.1729e-04V I:1.7085e-04A R:6.8651e-01ğ›€ E:2.0578e-03V/cm J:2.5887e-03A/cm2 ğ›’:7.9490e-01ğ›€ cm
2023-05-24 17:51:29,769 INFO Measurement at current 0.00017185929648241206
2023-05-24 17:51:30,365 INFO T:297.68Â°K V:1.1798e-04V I:1.7186e-04A R:6.8650e-01ğ›€ E:2.0698e-03V/cm J:2.6039e-03A/cm2 ğ›’:7.9489e-01ğ›€ cm
2023-05-24 17:51:30,381 INFO Measurement at current 0.0001728643216080402
2023-05-24 17:51:30,977 INFO T:297.68Â°K V:1.1867e-04V I:1.7286e-04A R:6.8648e-01ğ›€ E:2.0819e-03V/cm J:2.6192e-03A/cm2 ğ›’:7.9488e-01ğ›€ cm
2023-05-24 17:51:31,010 INFO Measurement at current 0.00017386934673366833
2023-05-24 17:51:31,609 INFO T:297.68Â°K V:1.1934e-04V I:1.7387e-04A R:6.8640e-01ğ›€ E:2.0938e-03V/cm J:2.6344e-03A/cm2 ğ›’:7.9478e-01ğ›€ cm
2023-05-24 17:51:31,626 INFO Measurement at current 0.00017487437185929647
2023-05-24 17:51:32,245 INFO T:297.68Â°K V:1.2005e-04V I:1.7487e-04A R:6.8648e-01ğ›€ E:2.1061e-03V/cm J:2.6496e-03A/cm2 ğ›’:7.9487e-01ğ›€ cm
2023-05-24 17:51:32,273 INFO Measurement at current 0.00017587939698492463
2023-05-24 17:51:32,917 INFO T:297.68Â°K V:1.2075e-04V I:1.7588e-04A R:6.8653e-01ğ›€ E:2.1184e-03V/cm J:2.6648e-03A/cm2 ğ›’:7.9493e-01ğ›€ cm
2023-05-24 17:51:32,943 INFO Measurement at current 0.00017688442211055277
2023-05-24 17:51:33,572 INFO T:297.68Â°K V:1.2144e-04V I:1.7688e-04A R:6.8657e-01ğ›€ E:2.1306e-03V/cm J:2.6801e-03A/cm2 ğ›’:7.9497e-01ğ›€ cm
2023-05-24 17:51:33,592 INFO Measurement at current 0.0001778894472361809
2023-05-24 17:51:34,183 INFO T:297.68Â°K V:1.2211e-04V I:1.7789e-04A R:6.8643e-01ğ›€ E:2.1422e-03V/cm J:2.6953e-03A/cm2 ğ›’:7.9481e-01ğ›€ cm
2023-05-24 17:51:34,200 INFO Measurement at current 0.00017889447236180904
2023-05-24 17:51:34,793 INFO T:297.68Â°K V:1.2280e-04V I:1.7889e-04A R:6.8646e-01ğ›€ E:2.1545e-03V/cm J:2.7105e-03A/cm2 ğ›’:7.9485e-01ğ›€ cm
2023-05-24 17:51:34,811 INFO Measurement at current 0.00017989949748743717
2023-05-24 17:51:35,410 INFO T:297.68Â°K V:1.2347e-04V I:1.7990e-04A R:6.8635e-01ğ›€ E:2.1662e-03V/cm J:2.7257e-03A/cm2 ğ›’:7.9472e-01ğ›€ cm
2023-05-24 17:51:35,439 INFO Measurement at current 0.00018090452261306533
2023-05-24 17:51:36,049 INFO T:297.68Â°K V:1.2415e-04V I:1.8090e-04A R:6.8630e-01ğ›€ E:2.1781e-03V/cm J:2.7410e-03A/cm2 ğ›’:7.9466e-01ğ›€ cm
2023-05-24 17:51:36,076 INFO Measurement at current 0.00018190954773869347
2023-05-24 17:51:36,690 INFO T:297.68Â°K V:1.2483e-04V I:1.8191e-04A R:6.8623e-01ğ›€ E:2.1900e-03V/cm J:2.7562e-03A/cm2 ğ›’:7.9458e-01ğ›€ cm
2023-05-24 17:51:36,714 INFO Measurement at current 0.0001829145728643216
2023-05-24 17:51:37,318 INFO T:297.68Â°K V:1.2551e-04V I:1.8291e-04A R:6.8615e-01ğ›€ E:2.2019e-03V/cm J:2.7714e-03A/cm2 ğ›’:7.9448e-01ğ›€ cm
2023-05-24 17:51:37,351 INFO Measurement at current 0.00018391959798994974
2023-05-24 17:51:37,960 INFO T:297.68Â°K V:1.2620e-04V I:1.8392e-04A R:6.8617e-01ğ›€ E:2.2140e-03V/cm J:2.7867e-03A/cm2 ğ›’:7.9451e-01ğ›€ cm
2023-05-24 17:51:37,997 INFO Measurement at current 0.00018492462311557787
2023-05-24 17:51:38,623 INFO T:297.68Â°K V:1.2688e-04V I:1.8492e-04A R:6.8609e-01ğ›€ E:2.2259e-03V/cm J:2.8019e-03A/cm2 ğ›’:7.9442e-01ğ›€ cm
2023-05-24 17:51:38,645 INFO Measurement at current 0.00018592964824120604
2023-05-24 17:51:39,250 INFO T:297.68Â°K V:1.2761e-04V I:1.8593e-04A R:6.8633e-01ğ›€ E:2.2388e-03V/cm J:2.8171e-03A/cm2 ğ›’:7.9470e-01ğ›€ cm
2023-05-24 17:51:39,271 INFO Measurement at current 0.00018693467336683417
2023-05-24 17:51:39,882 INFO T:297.68Â°K V:1.2829e-04V I:1.8693e-04A R:6.8630e-01ğ›€ E:2.2508e-03V/cm J:2.8323e-03A/cm2 ğ›’:7.9466e-01ğ›€ cm
2023-05-24 17:51:39,905 INFO Measurement at current 0.0001879396984924623
2023-05-24 17:51:40,509 INFO T:297.68Â°K V:1.2897e-04V I:1.8794e-04A R:6.8621e-01ğ›€ E:2.2626e-03V/cm J:2.8476e-03A/cm2 ğ›’:7.9456e-01ğ›€ cm
2023-05-24 17:51:40,529 INFO Measurement at current 0.00018894472361809044
2023-05-24 17:51:41,155 INFO T:297.68Â°K V:1.2965e-04V I:1.8894e-04A R:6.8620e-01ğ›€ E:2.2746e-03V/cm J:2.8628e-03A/cm2 ğ›’:7.9455e-01ğ›€ cm
2023-05-24 17:51:41,198 INFO Measurement at current 0.00018994974874371858
2023-05-24 17:51:41,806 INFO T:297.68Â°K V:1.3034e-04V I:1.8995e-04A R:6.8616e-01ğ›€ E:2.2866e-03V/cm J:2.8780e-03A/cm2 ğ›’:7.9450e-01ğ›€ cm
2023-05-24 17:51:41,831 INFO Measurement at current 0.00019095477386934674
2023-05-24 17:51:42,439 INFO T:297.68Â°K V:1.3101e-04V I:1.9095e-04A R:6.8609e-01ğ›€ E:2.2985e-03V/cm J:2.8933e-03A/cm2 ğ›’:7.9442e-01ğ›€ cm
2023-05-24 17:51:42,462 INFO Measurement at current 0.00019195979899497487
2023-05-24 17:51:43,066 INFO T:297.68Â°K V:1.3168e-04V I:1.9196e-04A R:6.8600e-01ğ›€ E:2.3103e-03V/cm J:2.9085e-03A/cm2 ğ›’:7.9432e-01ğ›€ cm
2023-05-24 17:51:43,088 INFO Measurement at current 0.000192964824120603
2023-05-24 17:51:43,692 INFO T:297.68Â°K V:1.3238e-04V I:1.9296e-04A R:6.8603e-01ğ›€ E:2.3224e-03V/cm J:2.9237e-03A/cm2 ğ›’:7.9435e-01ğ›€ cm
2023-05-24 17:51:43,714 INFO Measurement at current 0.00019396984924623114
2023-05-24 17:51:44,325 INFO T:297.68Â°K V:1.3306e-04V I:1.9397e-04A R:6.8599e-01ğ›€ E:2.3344e-03V/cm J:2.9389e-03A/cm2 ğ›’:7.9431e-01ğ›€ cm
2023-05-24 17:51:44,354 INFO Measurement at current 0.00019497487437185928
2023-05-24 17:51:44,955 INFO T:297.68Â°K V:1.3374e-04V I:1.9497e-04A R:6.8595e-01ğ›€ E:2.3464e-03V/cm J:2.9542e-03A/cm2 ğ›’:7.9425e-01ğ›€ cm
2023-05-24 17:51:44,996 INFO Measurement at current 0.00019597989949748744
2023-05-24 17:51:45,587 INFO T:297.68Â°K V:1.3446e-04V I:1.9598e-04A R:6.8608e-01ğ›€ E:2.3589e-03V/cm J:2.9694e-03A/cm2 ğ›’:7.9441e-01ğ›€ cm
2023-05-24 17:51:45,608 INFO Measurement at current 0.00019698492462311558
2023-05-24 17:51:46,213 INFO T:297.68Â°K V:1.3514e-04V I:1.9698e-04A R:6.8603e-01ğ›€ E:2.3708e-03V/cm J:2.9846e-03A/cm2 ğ›’:7.9435e-01ğ›€ cm
2023-05-24 17:51:46,230 INFO Measurement at current 0.0001979899497487437
2023-05-24 17:51:46,828 INFO T:297.68Â°K V:1.3582e-04V I:1.9799e-04A R:6.8598e-01ğ›€ E:2.3828e-03V/cm J:2.9998e-03A/cm2 ğ›’:7.9430e-01ğ›€ cm
2023-05-24 17:51:46,845 INFO Measurement at current 0.00019899497487437185
2023-05-24 17:51:47,435 INFO T:297.67Â°K V:1.3650e-04V I:1.9899e-04A R:6.8596e-01ğ›€ E:2.3948e-03V/cm J:3.0151e-03A/cm2 ğ›’:7.9427e-01ğ›€ cm
2023-05-24 17:51:47,479 INFO Measurement at current 0.0002
2023-05-24 17:51:48,078 INFO T:297.67Â°K V:1.3720e-04V I:2.0000e-04A R:6.8598e-01ğ›€ E:2.4069e-03V/cm J:3.0303e-03A/cm2 ğ›’:7.9429e-01ğ›€ cm
2023-05-24 17:51:57,187 INFO Save the description file
2023-05-24 17:51:57,190 INFO Save data in numpy format Esperimenti/CPRO_MUSA_240523_I_V/CPRO_MUSA_240523_I_V_current_from_0_to_2e-4A/CPRO_MUSA_240523_I_V_current_from_0_to_2e-4A-20230524175155
2023-05-24 17:51:57,204 INFO Save data in CSV format Esperimenti/CPRO_MUSA_240523_I_V/CPRO_MUSA_240523_I_V_current_from_0_to_2e-4A/CPRO_MUSA_240523_I_V_current_from_0_to_2e-4A-20230524175155.csv
2023-05-24 17:51:57,245 INFO Save plot as image Esperimenti/CPRO_MUSA_240523_I_V/CPRO_MUSA_240523_I_V_current_from_0_to_2e-4A/CPRO_MUSA_240523_I_V_current_from_0_to_2e-4A-20230524175155.png
