2023-06-21 16:03:59,591 INFO ### Start experiment: BT_3_1b_210623_R-T at fixed current 1e-4A ###
2023-06-21 16:04:00,944 INFO Found Multimeter KEITHLEY INSTRUMENTS INC.,MODEL 2700,0884890,B03  /A02  

2023-06-21 16:04:01,976 INFO Found Nanovolt Meter KEITHLEY INSTRUMENTS INC.,MODEL 2182A,4056474,C03  /A02  

2023-06-21 16:04:02,104 INFO Found Source Meter KEITHLEY INSTRUMENTS INC.,MODEL 2400,0945684,C24   Feb 14 2002 11:59:45/A02  /K/H

2023-06-21 16:04:06,496 INFO Start the measurement loop in continuous mode
2023-06-21 16:04:06,662 INFO Measurement at current 0.0001
2023-06-21 16:04:11,072 INFO T:295.82Â°K V:4.4409e-06V I:1.0000e-04A R:4.4409e-02ğ›€ E:8.5403e-05V/cm J:1.1236e-03A/cm2 ğ›’:7.6009e-02ğ›€ cm
2023-06-21 16:04:11,094 INFO Measurement at current 0.0001
2023-06-21 16:04:15,122 INFO T:295.82Â°K V:4.4553e-06V I:1.0000e-04A R:4.4553e-02ğ›€ E:8.5679e-05V/cm J:1.1236e-03A/cm2 ğ›’:7.6254e-02ğ›€ cm
2023-06-21 16:04:15,141 INFO Measurement at current 0.0001
2023-06-21 16:04:19,158 INFO T:295.82Â°K V:4.4586e-06V I:1.0000e-04A R:4.4586e-02ğ›€ E:8.5742e-05V/cm J:1.1236e-03A/cm2 ğ›’:7.6311e-02ğ›€ cm
2023-06-21 16:04:19,178 INFO Measurement at current 0.0001
2023-06-21 16:04:23,190 INFO T:295.82Â°K V:4.4240e-06V I:1.0000e-04A R:4.4240e-02ğ›€ E:8.5076e-05V/cm J:1.1236e-03A/cm2 ğ›’:7.5718e-02ğ›€ cm
2023-06-21 16:04:23,207 INFO Measurement at current 0.0001
2023-06-21 16:04:27,243 INFO T:295.81Â°K V:4.2437e-06V I:1.0000e-04A R:4.2437e-02ğ›€ E:8.1611e-05V/cm J:1.1236e-03A/cm2 ğ›’:7.2633e-02ğ›€ cm
2023-06-21 16:04:27,259 INFO Measurement at current 0.0001
2023-06-21 16:04:31,290 INFO T:295.81Â°K V:3.6444e-06V I:1.0000e-04A R:3.6444e-02ğ›€ E:7.0084e-05V/cm J:1.1236e-03A/cm2 ğ›’:6.2375e-02ğ›€ cm
2023-06-21 16:04:31,306 INFO Measurement at current 0.0001
2023-06-21 16:04:35,296 INFO T:295.80Â°K V:3.5058e-06V I:1.0000e-04A R:3.5058e-02ğ›€ E:6.7419e-05V/cm J:1.1236e-03A/cm2 ğ›’:6.0003e-02ğ›€ cm
2023-06-21 16:04:35,315 INFO Measurement at current 0.0001
2023-06-21 16:04:39,371 INFO T:295.78Â°K V:3.5258e-06V I:1.0000e-04A R:3.5258e-02ğ›€ E:6.7805e-05V/cm J:1.1236e-03A/cm2 ğ›’:6.0346e-02ğ›€ cm
2023-06-21 16:04:39,396 INFO Measurement at current 0.0001
2023-06-21 16:04:43,388 INFO T:295.77Â°K V:3.5455e-06V I:1.0000e-04A R:3.5455e-02ğ›€ E:6.8182e-05V/cm J:1.1236e-03A/cm2 ğ›’:6.0682e-02ğ›€ cm
2023-06-21 16:04:43,404 INFO Measurement at current 0.0001
2023-06-21 16:04:47,481 INFO T:295.76Â°K V:3.5740e-06V I:1.0000e-04A R:3.5740e-02ğ›€ E:6.8730e-05V/cm J:1.1236e-03A/cm2 ğ›’:6.1170e-02ğ›€ cm
2023-06-21 16:04:47,499 INFO Measurement at current 0.0001
2023-06-21 16:04:51,533 INFO T:295.75Â°K V:3.5867e-06V I:1.0000e-04A R:3.5867e-02ğ›€ E:6.8976e-05V/cm J:1.1236e-03A/cm2 ğ›’:6.1389e-02ğ›€ cm
2023-06-21 16:04:51,550 INFO Measurement at current 0.0001
2023-06-21 16:04:55,577 INFO T:295.74Â°K V:3.5846e-06V I:1.0000e-04A R:3.5846e-02ğ›€ E:6.8934e-05V/cm J:1.1236e-03A/cm2 ğ›’:6.1351e-02ğ›€ cm
2023-06-21 16:04:55,595 INFO Measurement at current 0.0001
2023-06-21 16:04:59,594 INFO T:295.73Â°K V:3.5973e-06V I:1.0000e-04A R:3.5973e-02ğ›€ E:6.9179e-05V/cm J:1.1236e-03A/cm2 ğ›’:6.1569e-02ğ›€ cm
2023-06-21 16:04:59,622 INFO Measurement at current 0.0001
2023-06-21 16:05:03,623 INFO T:295.72Â°K V:3.6166e-06V I:1.0000e-04A R:3.6166e-02ğ›€ E:6.9550e-05V/cm J:1.1236e-03A/cm2 ğ›’:6.1900e-02ğ›€ cm
2023-06-21 16:05:03,640 INFO Measurement at current 0.0001
2023-06-21 16:05:07,633 INFO T:295.71Â°K V:3.6342e-06V I:1.0000e-04A R:3.6342e-02ğ›€ E:6.9889e-05V/cm J:1.1236e-03A/cm2 ğ›’:6.2202e-02ğ›€ cm
2023-06-21 16:05:07,648 INFO Measurement at current 0.0001
2023-06-21 16:05:11,645 INFO T:295.70Â°K V:3.6423e-06V I:1.0000e-04A R:3.6423e-02ğ›€ E:7.0045e-05V/cm J:1.1236e-03A/cm2 ğ›’:6.2340e-02ğ›€ cm
2023-06-21 16:05:11,679 INFO Measurement at current 0.0001
2023-06-21 16:05:15,670 INFO T:295.69Â°K V:3.6402e-06V I:1.0000e-04A R:3.6402e-02ğ›€ E:7.0004e-05V/cm J:1.1236e-03A/cm2 ğ›’:6.2303e-02ğ›€ cm
2023-06-21 16:05:15,702 INFO Measurement at current 0.0001
2023-06-21 16:05:19,742 INFO T:295.68Â°K V:3.6505e-06V I:1.0000e-04A R:3.6505e-02ğ›€ E:7.0202e-05V/cm J:1.1236e-03A/cm2 ğ›’:6.2479e-02ğ›€ cm
2023-06-21 16:05:19,759 INFO Measurement at current 0.0001
2023-06-21 16:05:23,736 INFO T:295.68Â°K V:3.6889e-06V I:1.0000e-04A R:3.6889e-02ğ›€ E:7.0940e-05V/cm J:1.1236e-03A/cm2 ğ›’:6.3136e-02ğ›€ cm
2023-06-21 16:05:23,763 INFO Measurement at current 0.0001
2023-06-21 16:05:27,830 INFO T:295.67Â°K V:3.6993e-06V I:1.0000e-04A R:3.6993e-02ğ›€ E:7.1141e-05V/cm J:1.1236e-03A/cm2 ğ›’:6.3315e-02ğ›€ cm
2023-06-21 16:05:27,859 INFO Measurement at current 0.0001
2023-06-21 16:05:31,848 INFO T:295.66Â°K V:3.7075e-06V I:1.0000e-04A R:3.7075e-02ğ›€ E:7.1299e-05V/cm J:1.1236e-03A/cm2 ğ›’:6.3456e-02ğ›€ cm
2023-06-21 16:05:31,866 INFO Measurement at current 0.0001
2023-06-21 16:05:35,865 INFO T:295.65Â°K V:3.7037e-06V I:1.0000e-04A R:3.7037e-02ğ›€ E:7.1224e-05V/cm J:1.1236e-03A/cm2 ğ›’:6.3390e-02ğ›€ cm
2023-06-21 16:05:35,881 INFO Measurement at current 0.0001
2023-06-21 16:05:39,864 INFO T:295.64Â°K V:3.7013e-06V I:1.0000e-04A R:3.7013e-02ğ›€ E:7.1178e-05V/cm J:1.1236e-03A/cm2 ğ›’:6.3349e-02ğ›€ cm
2023-06-21 16:05:39,891 INFO Measurement at current 0.0001
2023-06-21 16:05:43,938 INFO T:295.63Â°K V:3.7113e-06V I:1.0000e-04A R:3.7113e-02ğ›€ E:7.1370e-05V/cm J:1.1236e-03A/cm2 ğ›’:6.3520e-02ğ›€ cm
2023-06-21 16:05:43,960 INFO Measurement at current 0.0001
2023-06-21 16:05:47,965 INFO T:295.62Â°K V:3.7145e-06V I:1.0000e-04A R:3.7145e-02ğ›€ E:7.1433e-05V/cm J:1.1236e-03A/cm2 ğ›’:6.3575e-02ğ›€ cm
2023-06-21 16:05:47,987 INFO Measurement at current 0.0001
2023-06-21 16:05:52,014 INFO T:295.62Â°K V:3.7213e-06V I:1.0000e-04A R:3.7213e-02ğ›€ E:7.1564e-05V/cm J:1.1236e-03A/cm2 ğ›’:6.3692e-02ğ›€ cm
2023-06-21 16:05:52,056 INFO Measurement at current 0.0001
2023-06-21 16:05:56,072 INFO T:295.61Â°K V:3.7174e-06V I:1.0000e-04A R:3.7174e-02ğ›€ E:7.1489e-05V/cm J:1.1236e-03A/cm2 ğ›’:6.3626e-02ğ›€ cm
2023-06-21 16:05:56,100 INFO Measurement at current 0.0001
2023-06-21 16:06:00,051 INFO T:295.60Â°K V:3.7275e-06V I:1.0000e-04A R:3.7275e-02ğ›€ E:7.1683e-05V/cm J:1.1236e-03A/cm2 ğ›’:6.3798e-02ğ›€ cm
2023-06-21 16:06:00,067 INFO Measurement at current 0.0001
2023-06-21 16:06:04,050 INFO T:295.59Â°K V:3.7421e-06V I:1.0000e-04A R:3.7421e-02ğ›€ E:7.1964e-05V/cm J:1.1236e-03A/cm2 ğ›’:6.4048e-02ğ›€ cm
2023-06-21 16:06:04,075 INFO Measurement at current 0.0001
2023-06-21 16:06:08,107 INFO T:295.58Â°K V:3.7590e-06V I:1.0000e-04A R:3.7590e-02ğ›€ E:7.2288e-05V/cm J:1.1236e-03A/cm2 ğ›’:6.4337e-02ğ›€ cm
2023-06-21 16:06:08,123 INFO Measurement at current 0.0001
2023-06-21 16:06:12,132 INFO T:295.57Â°K V:3.7742e-06V I:1.0000e-04A R:3.7742e-02ğ›€ E:7.2581e-05V/cm J:1.1236e-03A/cm2 ğ›’:6.4597e-02ğ›€ cm
2023-06-21 16:06:12,162 INFO Measurement at current 0.0001
2023-06-21 16:06:16,154 INFO T:295.57Â°K V:3.7772e-06V I:1.0000e-04A R:3.7772e-02ğ›€ E:7.2638e-05V/cm J:1.1236e-03A/cm2 ğ›’:6.4648e-02ğ›€ cm
2023-06-21 16:06:16,178 INFO Measurement at current 0.0001
2023-06-21 16:06:20,241 INFO T:295.56Â°K V:3.7811e-06V I:1.0000e-04A R:3.7811e-02ğ›€ E:7.2713e-05V/cm J:1.1236e-03A/cm2 ğ›’:6.4715e-02ğ›€ cm
2023-06-21 16:06:20,281 INFO Measurement at current 0.0001
2023-06-21 16:06:24,344 INFO T:295.55Â°K V:3.7880e-06V I:1.0000e-04A R:3.7880e-02ğ›€ E:7.2845e-05V/cm J:1.1236e-03A/cm2 ğ›’:6.4832e-02ğ›€ cm
2023-06-21 16:06:24,380 INFO Measurement at current 0.0001
2023-06-21 16:06:28,380 INFO T:295.54Â°K V:3.8130e-06V I:1.0000e-04A R:3.8130e-02ğ›€ E:7.3327e-05V/cm J:1.1236e-03A/cm2 ğ›’:6.5261e-02ğ›€ cm
2023-06-21 16:06:28,401 INFO Measurement at current 0.0001
2023-06-21 16:06:32,387 INFO T:295.53Â°K V:3.8299e-06V I:1.0000e-04A R:3.8299e-02ğ›€ E:7.3651e-05V/cm J:1.1236e-03A/cm2 ğ›’:6.5550e-02ğ›€ cm
2023-06-21 16:06:32,417 INFO Measurement at current 0.0001
2023-06-21 16:06:36,430 INFO T:295.53Â°K V:3.8365e-06V I:1.0000e-04A R:3.8365e-02ğ›€ E:7.3779e-05V/cm J:1.1236e-03A/cm2 ğ›’:6.5664e-02ğ›€ cm
2023-06-21 16:06:36,445 INFO Measurement at current 0.0001
2023-06-21 16:06:40,511 INFO T:295.52Â°K V:3.8341e-06V I:1.0000e-04A R:3.8341e-02ğ›€ E:7.3734e-05V/cm J:1.1236e-03A/cm2 ğ›’:6.5623e-02ğ›€ cm
2023-06-21 16:06:40,525 INFO Measurement at current 0.0001
2023-06-21 16:06:44,513 INFO T:295.51Â°K V:3.8351e-06V I:1.0000e-04A R:3.8351e-02ğ›€ E:7.3751e-05V/cm J:1.1236e-03A/cm2 ğ›’:6.5638e-02ğ›€ cm
2023-06-21 16:06:44,529 INFO Measurement at current 0.0001
2023-06-21 16:06:48,552 INFO T:295.50Â°K V:3.8447e-06V I:1.0000e-04A R:3.8447e-02ğ›€ E:7.3937e-05V/cm J:1.1236e-03A/cm2 ğ›’:6.5804e-02ğ›€ cm
2023-06-21 16:06:48,574 INFO Measurement at current 0.0001
2023-06-21 16:06:52,616 INFO T:295.49Â°K V:3.8480e-06V I:1.0000e-04A R:3.8480e-02ğ›€ E:7.3999e-05V/cm J:1.1236e-03A/cm2 ğ›’:6.5859e-02ğ›€ cm
2023-06-21 16:06:52,635 INFO Measurement at current 0.0001
2023-06-21 16:06:56,694 INFO T:295.49Â°K V:3.8223e-06V I:1.0000e-04A R:3.8223e-02ğ›€ E:7.3506e-05V/cm J:1.1236e-03A/cm2 ğ›’:6.5420e-02ğ›€ cm
2023-06-21 16:06:56,717 INFO Measurement at current 0.0001
2023-06-21 16:07:00,845 INFO T:295.48Â°K V:3.8301e-06V I:1.0000e-04A R:3.8301e-02ğ›€ E:7.3656e-05V/cm J:1.1236e-03A/cm2 ğ›’:6.5554e-02ğ›€ cm
2023-06-21 16:07:00,883 INFO Measurement at current 0.0001
2023-06-21 16:07:04,889 INFO T:295.47Â°K V:3.8458e-06V I:1.0000e-04A R:3.8458e-02ğ›€ E:7.3958e-05V/cm J:1.1236e-03A/cm2 ğ›’:6.5823e-02ğ›€ cm
2023-06-21 16:07:04,909 INFO Measurement at current 0.0001
2023-06-21 16:07:08,871 INFO T:295.46Â°K V:3.8559e-06V I:1.0000e-04A R:3.8559e-02ğ›€ E:7.4152e-05V/cm J:1.1236e-03A/cm2 ğ›’:6.5995e-02ğ›€ cm
2023-06-21 16:07:08,887 INFO Measurement at current 0.0001
2023-06-21 16:07:12,931 INFO T:295.45Â°K V:3.8773e-06V I:1.0000e-04A R:3.8773e-02ğ›€ E:7.4563e-05V/cm J:1.1236e-03A/cm2 ğ›’:6.6361e-02ğ›€ cm
2023-06-21 16:07:12,945 INFO Measurement at current 0.0001
2023-06-21 16:07:17,008 INFO T:295.45Â°K V:3.8863e-06V I:1.0000e-04A R:3.8863e-02ğ›€ E:7.4736e-05V/cm J:1.1236e-03A/cm2 ğ›’:6.6515e-02ğ›€ cm
2023-06-21 16:07:17,026 INFO Measurement at current 0.0001
2023-06-21 16:07:21,113 INFO T:295.44Â°K V:3.8915e-06V I:1.0000e-04A R:3.8915e-02ğ›€ E:7.4836e-05V/cm J:1.1236e-03A/cm2 ğ›’:6.6604e-02ğ›€ cm
2023-06-21 16:07:21,141 INFO Measurement at current 0.0001
2023-06-21 16:07:25,212 INFO T:295.43Â°K V:3.8996e-06V I:1.0000e-04A R:3.8996e-02ğ›€ E:7.4992e-05V/cm J:1.1236e-03A/cm2 ğ›’:6.6743e-02ğ›€ cm
2023-06-21 16:07:25,226 INFO Measurement at current 0.0001
2023-06-21 16:07:29,234 INFO T:295.42Â°K V:3.8935e-06V I:1.0000e-04A R:3.8935e-02ğ›€ E:7.4875e-05V/cm J:1.1236e-03A/cm2 ğ›’:6.6639e-02ğ›€ cm
2023-06-21 16:07:29,250 INFO Measurement at current 0.0001
2023-06-21 16:07:33,271 INFO T:295.42Â°K V:3.8915e-06V I:1.0000e-04A R:3.8915e-02ğ›€ E:7.4837e-05V/cm J:1.1236e-03A/cm2 ğ›’:6.6605e-02ğ›€ cm
2023-06-21 16:07:33,296 INFO Measurement at current 0.0001
2023-06-21 16:07:37,335 INFO T:295.41Â°K V:3.8873e-06V I:1.0000e-04A R:3.8873e-02ğ›€ E:7.4756e-05V/cm J:1.1236e-03A/cm2 ğ›’:6.6533e-02ğ›€ cm
2023-06-21 16:07:37,359 INFO Measurement at current 0.0001
2023-06-21 16:07:41,369 INFO T:295.40Â°K V:3.8831e-06V I:1.0000e-04A R:3.8831e-02ğ›€ E:7.4675e-05V/cm J:1.1236e-03A/cm2 ğ›’:6.6461e-02ğ›€ cm
2023-06-21 16:07:41,384 INFO Measurement at current 0.0001
2023-06-21 16:07:45,386 INFO T:295.39Â°K V:3.9078e-06V I:1.0000e-04A R:3.9078e-02ğ›€ E:7.5151e-05V/cm J:1.1236e-03A/cm2 ğ›’:6.6884e-02ğ›€ cm
2023-06-21 16:07:45,413 INFO Measurement at current 0.0001
2023-06-21 16:07:49,423 INFO T:295.39Â°K V:3.9241e-06V I:1.0000e-04A R:3.9241e-02ğ›€ E:7.5464e-05V/cm J:1.1236e-03A/cm2 ğ›’:6.7163e-02ğ›€ cm
2023-06-21 16:07:49,453 INFO Measurement at current 0.0001
2023-06-21 16:07:53,482 INFO T:295.38Â°K V:3.9593e-06V I:1.0000e-04A R:3.9593e-02ğ›€ E:7.6140e-05V/cm J:1.1236e-03A/cm2 ğ›’:6.7765e-02ğ›€ cm
2023-06-21 16:07:53,508 INFO Measurement at current 0.0001
2023-06-21 16:07:57,485 INFO T:295.37Â°K V:3.9922e-06V I:1.0000e-04A R:3.9922e-02ğ›€ E:7.6773e-05V/cm J:1.1236e-03A/cm2 ğ›’:6.8328e-02ğ›€ cm
2023-06-21 16:07:57,502 INFO Measurement at current 0.0001
2023-06-21 16:08:01,534 INFO T:295.36Â°K V:3.9896e-06V I:1.0000e-04A R:3.9896e-02ğ›€ E:7.6722e-05V/cm J:1.1236e-03A/cm2 ğ›’:6.8283e-02ğ›€ cm
2023-06-21 16:08:01,564 INFO Measurement at current 0.0001
2023-06-21 16:08:05,580 INFO T:295.36Â°K V:3.9864e-06V I:1.0000e-04A R:3.9864e-02ğ›€ E:7.6662e-05V/cm J:1.1236e-03A/cm2 ğ›’:6.8230e-02ğ›€ cm
2023-06-21 16:08:05,602 INFO Measurement at current 0.0001
2023-06-21 16:08:09,635 INFO T:295.35Â°K V:3.9873e-06V I:1.0000e-04A R:3.9873e-02ğ›€ E:7.6679e-05V/cm J:1.1236e-03A/cm2 ğ›’:6.8244e-02ğ›€ cm
2023-06-21 16:08:09,673 INFO Measurement at current 0.0001
2023-06-21 16:08:13,691 INFO T:295.34Â°K V:3.9942e-06V I:1.0000e-04A R:3.9942e-02ğ›€ E:7.6812e-05V/cm J:1.1236e-03A/cm2 ğ›’:6.8362e-02ğ›€ cm
2023-06-21 16:08:13,738 INFO Measurement at current 0.0001
2023-06-21 16:08:17,889 INFO T:295.34Â°K V:3.9881e-06V I:1.0000e-04A R:3.9881e-02ğ›€ E:7.6695e-05V/cm J:1.1236e-03A/cm2 ğ›’:6.8259e-02ğ›€ cm
2023-06-21 16:08:17,911 INFO Measurement at current 0.0001
2023-06-21 16:08:21,946 INFO T:295.33Â°K V:3.9601e-06V I:1.0000e-04A R:3.9601e-02ğ›€ E:7.6156e-05V/cm J:1.1236e-03A/cm2 ğ›’:6.7779e-02ğ›€ cm
2023-06-21 16:08:21,993 INFO Measurement at current 0.0001
2023-06-21 16:08:26,065 INFO T:295.32Â°K V:3.6756e-06V I:1.0000e-04A R:3.6756e-02ğ›€ E:7.0684e-05V/cm J:1.1236e-03A/cm2 ğ›’:6.2909e-02ğ›€ cm
2023-06-21 16:08:26,086 INFO Measurement at current 0.0001
2023-06-21 16:08:30,145 INFO T:295.30Â°K V:3.5371e-06V I:1.0000e-04A R:3.5371e-02ğ›€ E:6.8021e-05V/cm J:1.1236e-03A/cm2 ğ›’:6.0539e-02ğ›€ cm
2023-06-21 16:08:30,164 INFO Measurement at current 0.0001
2023-06-21 16:08:34,161 INFO T:295.29Â°K V:3.4907e-06V I:1.0000e-04A R:3.4907e-02ğ›€ E:6.7129e-05V/cm J:1.1236e-03A/cm2 ğ›’:5.9745e-02ğ›€ cm
2023-06-21 16:08:34,209 INFO Measurement at current 0.0001
2023-06-21 16:08:38,225 INFO T:295.28Â°K V:3.5132e-06V I:1.0000e-04A R:3.5132e-02ğ›€ E:6.7562e-05V/cm J:1.1236e-03A/cm2 ğ›’:6.0130e-02ğ›€ cm
2023-06-21 16:08:38,244 INFO Measurement at current 0.0001
2023-06-21 16:08:42,260 INFO T:295.26Â°K V:3.5134e-06V I:1.0000e-04A R:3.5134e-02ğ›€ E:6.7564e-05V/cm J:1.1236e-03A/cm2 ğ›’:6.0132e-02ğ›€ cm
2023-06-21 16:08:42,277 INFO Measurement at current 0.0001
2023-06-21 16:08:46,334 INFO T:295.25Â°K V:3.3498e-06V I:1.0000e-04A R:3.3498e-02ğ›€ E:6.4419e-05V/cm J:1.1236e-03A/cm2 ğ›’:5.7333e-02ğ›€ cm
2023-06-21 16:08:46,359 INFO Measurement at current 0.0001
2023-06-21 16:08:50,415 INFO T:295.18Â°K V:-7.9449e-06V I:1.0000e-04A R:-7.9449e-02ğ›€ E:-1.5279e-04V/cm J:1.1236e-03A/cm2 ğ›’:-1.3598e-01ğ›€ cm
2023-06-21 16:08:50,438 INFO Measurement at current 0.0001
2023-06-21 16:08:54,451 INFO T:294.90Â°K V:-6.0389e-05V I:1.0000e-04A R:-6.0389e-01ğ›€ E:-1.1613e-03V/cm J:1.1236e-03A/cm2 ğ›’:-1.0336e+00ğ›€ cm
2023-06-21 16:08:54,476 INFO Measurement at current 0.0001
2023-06-21 16:08:58,502 INFO T:294.46Â°K V:-5.4736e-05V I:1.0000e-04A R:-5.4736e-01ğ›€ E:-1.0526e-03V/cm J:1.1236e-03A/cm2 ğ›’:-9.3683e-01ğ›€ cm
2023-06-21 16:08:58,518 INFO Measurement at current 0.0001
2023-06-21 16:09:02,517 INFO T:293.99Â°K V:-5.2455e-05V I:1.0000e-04A R:-5.2455e-01ğ›€ E:-1.0088e-03V/cm J:1.1236e-03A/cm2 ğ›’:-8.9779e-01ğ›€ cm
2023-06-21 16:09:02,537 INFO Measurement at current 0.0001
2023-06-21 16:09:06,532 INFO T:293.54Â°K V:-5.0885e-05V I:1.0000e-04A R:-5.0885e-01ğ›€ E:-9.7855e-04V/cm J:1.1236e-03A/cm2 ğ›’:-8.7091e-01ğ›€ cm
2023-06-21 16:09:06,547 INFO Measurement at current 0.0001
2023-06-21 16:09:10,545 INFO T:293.10Â°K V:-4.9416e-05V I:1.0000e-04A R:-4.9416e-01ğ›€ E:-9.5030e-04V/cm J:1.1236e-03A/cm2 ğ›’:-8.4577e-01ğ›€ cm
2023-06-21 16:09:10,564 INFO Measurement at current 0.0001
2023-06-21 16:09:14,564 INFO T:292.69Â°K V:-4.8050e-05V I:1.0000e-04A R:-4.8050e-01ğ›€ E:-9.2403e-04V/cm J:1.1236e-03A/cm2 ğ›’:-8.2239e-01ğ›€ cm
2023-06-21 16:09:14,584 INFO Measurement at current 0.0001
2023-06-21 16:09:18,603 INFO T:292.29Â°K V:-4.6664e-05V I:1.0000e-04A R:-4.6664e-01ğ›€ E:-8.9738e-04V/cm J:1.1236e-03A/cm2 ğ›’:-7.9867e-01ğ›€ cm
2023-06-21 16:09:18,623 INFO Measurement at current 0.0001
2023-06-21 16:09:22,719 INFO T:291.91Â°K V:-4.5288e-05V I:1.0000e-04A R:-4.5288e-01ğ›€ E:-8.7093e-04V/cm J:1.1236e-03A/cm2 ğ›’:-7.7513e-01ğ›€ cm
2023-06-21 16:09:22,739 INFO Measurement at current 0.0001
2023-06-21 16:09:26,777 INFO T:291.53Â°K V:-4.3978e-05V I:1.0000e-04A R:-4.3978e-01ğ›€ E:-8.4573e-04V/cm J:1.1236e-03A/cm2 ğ›’:-7.5270e-01ğ›€ cm
2023-06-21 16:09:26,798 INFO Measurement at current 0.0001
2023-06-21 16:09:30,850 INFO T:291.18Â°K V:-4.2689e-05V I:1.0000e-04A R:-4.2689e-01ğ›€ E:-8.2095e-04V/cm J:1.1236e-03A/cm2 ğ›’:-7.3064e-01ğ›€ cm
2023-06-21 16:09:30,907 INFO Measurement at current 0.0001
2023-06-21 16:09:34,943 INFO T:290.82Â°K V:-4.1543e-05V I:1.0000e-04A R:-4.1543e-01ğ›€ E:-7.9891e-04V/cm J:1.1236e-03A/cm2 ğ›’:-7.1103e-01ğ›€ cm
2023-06-21 16:09:34,957 INFO Measurement at current 0.0001
2023-06-21 16:09:39,083 INFO T:290.48Â°K V:-4.0452e-05V I:1.0000e-04A R:-4.0452e-01ğ›€ E:-7.7793e-04V/cm J:1.1236e-03A/cm2 ğ›’:-6.9235e-01ğ›€ cm
2023-06-21 16:09:39,100 INFO Measurement at current 0.0001
2023-06-21 16:09:43,129 INFO T:290.15Â°K V:-3.9504e-05V I:1.0000e-04A R:-3.9504e-01ğ›€ E:-7.5970e-04V/cm J:1.1236e-03A/cm2 ğ›’:-6.7613e-01ğ›€ cm
2023-06-21 16:09:43,146 INFO Measurement at current 0.0001
2023-06-21 16:09:47,183 INFO T:289.82Â°K V:-3.8795e-05V I:1.0000e-04A R:-3.8795e-01ğ›€ E:-7.4606e-04V/cm J:1.1236e-03A/cm2 ğ›’:-6.6399e-01ğ›€ cm
2023-06-21 16:09:47,199 INFO Measurement at current 0.0001
2023-06-21 16:09:51,253 INFO T:289.51Â°K V:-3.8158e-05V I:1.0000e-04A R:-3.8158e-01ğ›€ E:-7.3381e-04V/cm J:1.1236e-03A/cm2 ğ›’:-6.5309e-01ğ›€ cm
2023-06-21 16:09:51,281 INFO Measurement at current 0.0001
2023-06-21 16:09:55,324 INFO T:289.20Â°K V:-3.7665e-05V I:1.0000e-04A R:-3.7665e-01ğ›€ E:-7.2433e-04V/cm J:1.1236e-03A/cm2 ğ›’:-6.4466e-01ğ›€ cm
2023-06-21 16:09:55,344 INFO Measurement at current 0.0001
2023-06-21 16:09:59,411 INFO T:288.89Â°K V:-3.7187e-05V I:1.0000e-04A R:-3.7187e-01ğ›€ E:-7.1513e-04V/cm J:1.1236e-03A/cm2 ğ›’:-6.3647e-01ğ›€ cm
2023-06-21 16:09:59,447 INFO Measurement at current 0.0001
2023-06-21 16:10:03,446 INFO T:288.58Â°K V:-3.6758e-05V I:1.0000e-04A R:-3.6758e-01ğ›€ E:-7.0688e-04V/cm J:1.1236e-03A/cm2 ğ›’:-6.2912e-01ğ›€ cm
2023-06-21 16:10:03,464 INFO Measurement at current 0.0001
2023-06-21 16:10:07,577 INFO T:288.29Â°K V:-3.6360e-05V I:1.0000e-04A R:-3.6360e-01ğ›€ E:-6.9923e-04V/cm J:1.1236e-03A/cm2 ğ›’:-6.2232e-01ğ›€ cm
2023-06-21 16:10:07,606 INFO Measurement at current 0.0001
2023-06-21 16:10:11,615 INFO T:287.99Â°K V:-3.5955e-05V I:1.0000e-04A R:-3.5955e-01ğ›€ E:-6.9144e-04V/cm J:1.1236e-03A/cm2 ğ›’:-6.1538e-01ğ›€ cm
2023-06-21 16:10:11,665 INFO Measurement at current 0.0001
2023-06-21 16:10:15,676 INFO T:287.71Â°K V:-3.5662e-05V I:1.0000e-04A R:-3.5662e-01ğ›€ E:-6.8580e-04V/cm J:1.1236e-03A/cm2 ğ›’:-6.1036e-01ğ›€ cm
2023-06-21 16:10:15,700 INFO Measurement at current 0.0001
2023-06-21 16:10:19,740 INFO T:287.42Â°K V:-3.5368e-05V I:1.0000e-04A R:-3.5368e-01ğ›€ E:-6.8015e-04V/cm J:1.1236e-03A/cm2 ğ›’:-6.0533e-01ğ›€ cm
2023-06-21 16:10:19,782 INFO Measurement at current 0.0001
2023-06-21 16:10:23,792 INFO T:287.14Â°K V:-3.5076e-05V I:1.0000e-04A R:-3.5076e-01ğ›€ E:-6.7453e-04V/cm J:1.1236e-03A/cm2 ğ›’:-6.0034e-01ğ›€ cm
2023-06-21 16:10:23,811 INFO Measurement at current 0.0001
2023-06-21 16:10:27,812 INFO T:286.87Â°K V:-3.4787e-05V I:1.0000e-04A R:-3.4787e-01ğ›€ E:-6.6898e-04V/cm J:1.1236e-03A/cm2 ğ›’:-5.9539e-01ğ›€ cm
2023-06-21 16:10:27,838 INFO Measurement at current 0.0001
2023-06-21 16:10:31,900 INFO T:286.60Â°K V:-3.4484e-05V I:1.0000e-04A R:-3.4484e-01ğ›€ E:-6.6315e-04V/cm J:1.1236e-03A/cm2 ğ›’:-5.9020e-01ğ›€ cm
2023-06-21 16:10:31,918 INFO Measurement at current 0.0001
2023-06-21 16:10:35,956 INFO T:286.33Â°K V:-3.4218e-05V I:1.0000e-04A R:-3.4218e-01ğ›€ E:-6.5804e-04V/cm J:1.1236e-03A/cm2 ğ›’:-5.8566e-01ğ›€ cm
2023-06-21 16:10:35,974 INFO Measurement at current 0.0001
2023-06-21 16:10:39,993 INFO T:286.06Â°K V:-3.3941e-05V I:1.0000e-04A R:-3.3941e-01ğ›€ E:-6.5271e-04V/cm J:1.1236e-03A/cm2 ğ›’:-5.8091e-01ğ›€ cm
2023-06-21 16:10:40,016 INFO Measurement at current 0.0001
2023-06-21 16:10:44,038 INFO T:285.80Â°K V:-3.3657e-05V I:1.0000e-04A R:-3.3657e-01ğ›€ E:-6.4726e-04V/cm J:1.1236e-03A/cm2 ğ›’:-5.7606e-01ğ›€ cm
2023-06-21 16:10:44,051 INFO Measurement at current 0.0001
2023-06-21 16:10:48,076 INFO T:285.54Â°K V:-3.3386e-05V I:1.0000e-04A R:-3.3386e-01ğ›€ E:-6.4203e-04V/cm J:1.1236e-03A/cm2 ğ›’:-5.7141e-01ğ›€ cm
2023-06-21 16:10:48,113 INFO Measurement at current 0.0001
2023-06-21 16:10:53,146 INFO T:285.23Â°K V:-3.2479e-05V I:1.0000e-04A R:-3.2479e-01ğ›€ E:-6.2459e-04V/cm J:1.1236e-03A/cm2 ğ›’:-5.5588e-01ğ›€ cm
2023-06-21 16:10:53,190 INFO Measurement at current 0.0001
2023-06-21 16:10:57,228 INFO T:285.14Â°K V:6.3117e-06V I:1.0000e-04A R:6.3117e-02ğ›€ E:1.2138e-04V/cm J:1.1236e-03A/cm2 ğ›’:1.0803e-01ğ›€ cm
2023-06-21 16:10:57,260 INFO Measurement at current 0.0001
2023-06-21 16:11:01,313 INFO T:285.23Â°K V:1.3526e-05V I:1.0000e-04A R:1.3526e-01ğ›€ E:2.6011e-04V/cm J:1.1236e-03A/cm2 ğ›’:2.3150e-01ğ›€ cm
2023-06-21 16:11:01,336 INFO Measurement at current 0.0001
2023-06-21 16:11:05,391 INFO T:285.36Â°K V:1.3867e-05V I:1.0000e-04A R:1.3867e-01ğ›€ E:2.6668e-04V/cm J:1.1236e-03A/cm2 ğ›’:2.3734e-01ğ›€ cm
2023-06-21 16:11:05,421 INFO Measurement at current 0.0001
2023-06-21 16:11:09,472 INFO T:285.51Â°K V:1.3947e-05V I:1.0000e-04A R:1.3947e-01ğ›€ E:2.6821e-04V/cm J:1.1236e-03A/cm2 ğ›’:2.3870e-01ğ›€ cm
2023-06-21 16:11:09,493 INFO Measurement at current 0.0001
2023-06-21 16:11:13,531 INFO T:285.64Â°K V:1.3973e-05V I:1.0000e-04A R:1.3973e-01ğ›€ E:2.6871e-04V/cm J:1.1236e-03A/cm2 ğ›’:2.3915e-01ğ›€ cm
2023-06-21 16:11:13,552 INFO Measurement at current 0.0001
2023-06-21 16:11:17,589 INFO T:285.75Â°K V:1.3959e-05V I:1.0000e-04A R:1.3959e-01ğ›€ E:2.6845e-04V/cm J:1.1236e-03A/cm2 ğ›’:2.3892e-01ğ›€ cm
2023-06-21 16:11:17,614 INFO Measurement at current 0.0001
2023-06-21 16:11:21,633 INFO T:285.86Â°K V:1.3933e-05V I:1.0000e-04A R:1.3933e-01ğ›€ E:2.6795e-04V/cm J:1.1236e-03A/cm2 ğ›’:2.3847e-01ğ›€ cm
2023-06-21 16:11:21,646 INFO Measurement at current 0.0001
2023-06-21 16:11:25,655 INFO T:285.95Â°K V:1.3894e-05V I:1.0000e-04A R:1.3894e-01ğ›€ E:2.6719e-04V/cm J:1.1236e-03A/cm2 ğ›’:2.3780e-01ğ›€ cm
2023-06-21 16:11:25,688 INFO Measurement at current 0.0001
2023-06-21 16:11:29,745 INFO T:286.03Â°K V:1.3845e-05V I:1.0000e-04A R:1.3845e-01ğ›€ E:2.6625e-04V/cm J:1.1236e-03A/cm2 ğ›’:2.3697e-01ğ›€ cm
2023-06-21 16:11:29,773 INFO Measurement at current 0.0001
2023-06-21 16:11:33,860 INFO T:286.11Â°K V:1.3799e-05V I:1.0000e-04A R:1.3799e-01ğ›€ E:2.6537e-04V/cm J:1.1236e-03A/cm2 ğ›’:2.3618e-01ğ›€ cm
2023-06-21 16:11:33,879 INFO Measurement at current 0.0001
2023-06-21 16:11:37,965 INFO T:286.19Â°K V:1.3749e-05V I:1.0000e-04A R:1.3749e-01ğ›€ E:2.6440e-04V/cm J:1.1236e-03A/cm2 ğ›’:2.3532e-01ğ›€ cm
2023-06-21 16:11:37,988 INFO Measurement at current 0.0001
2023-06-21 16:11:42,075 INFO T:286.25Â°K V:1.3686e-05V I:1.0000e-04A R:1.3686e-01ğ›€ E:2.6320e-04V/cm J:1.1236e-03A/cm2 ğ›’:2.3425e-01ğ›€ cm
2023-06-21 16:11:42,096 INFO Measurement at current 0.0001
2023-06-21 16:11:46,122 INFO T:286.32Â°K V:1.3627e-05V I:1.0000e-04A R:1.3627e-01ğ›€ E:2.6205e-04V/cm J:1.1236e-03A/cm2 ğ›’:2.3322e-01ğ›€ cm
2023-06-21 16:11:46,149 INFO Measurement at current 0.0001
2023-06-21 16:11:50,231 INFO T:286.38Â°K V:1.3585e-05V I:1.0000e-04A R:1.3585e-01ğ›€ E:2.6126e-04V/cm J:1.1236e-03A/cm2 ğ›’:2.3252e-01ğ›€ cm
2023-06-21 16:11:50,260 INFO Measurement at current 0.0001
2023-06-21 16:11:54,299 INFO T:286.44Â°K V:1.3525e-05V I:1.0000e-04A R:1.3525e-01ğ›€ E:2.6009e-04V/cm J:1.1236e-03A/cm2 ğ›’:2.3148e-01ğ›€ cm
2023-06-21 16:11:54,317 INFO Measurement at current 0.0001
2023-06-21 16:11:58,359 INFO T:286.49Â°K V:1.3478e-05V I:1.0000e-04A R:1.3478e-01ğ›€ E:2.5920e-04V/cm J:1.1236e-03A/cm2 ğ›’:2.3069e-01ğ›€ cm
2023-06-21 16:11:58,381 INFO Measurement at current 0.0001
2023-06-21 16:12:02,432 INFO T:286.55Â°K V:1.3425e-05V I:1.0000e-04A R:1.3425e-01ğ›€ E:2.5818e-04V/cm J:1.1236e-03A/cm2 ğ›’:2.2978e-01ğ›€ cm
2023-06-21 16:12:02,466 INFO Measurement at current 0.0001
2023-06-21 16:12:06,464 INFO T:286.60Â°K V:1.3374e-05V I:1.0000e-04A R:1.3374e-01ğ›€ E:2.5720e-04V/cm J:1.1236e-03A/cm2 ğ›’:2.2891e-01ğ›€ cm
2023-06-21 16:12:06,487 INFO Measurement at current 0.0001
2023-06-21 16:12:10,521 INFO T:286.65Â°K V:1.3311e-05V I:1.0000e-04A R:1.3311e-01ğ›€ E:2.5598e-04V/cm J:1.1236e-03A/cm2 ğ›’:2.2782e-01ğ›€ cm
2023-06-21 16:12:10,538 INFO Measurement at current 0.0001
2023-06-21 16:12:14,539 INFO T:286.70Â°K V:1.3260e-05V I:1.0000e-04A R:1.3260e-01ğ›€ E:2.5501e-04V/cm J:1.1236e-03A/cm2 ğ›’:2.2696e-01ğ›€ cm
2023-06-21 16:12:14,562 INFO Measurement at current 0.0001
2023-06-21 16:12:18,560 INFO T:286.75Â°K V:1.3209e-05V I:1.0000e-04A R:1.3209e-01ğ›€ E:2.5402e-04V/cm J:1.1236e-03A/cm2 ğ›’:2.2608e-01ğ›€ cm
2023-06-21 16:12:18,575 INFO Measurement at current 0.0001
2023-06-21 16:12:22,595 INFO T:286.80Â°K V:1.3162e-05V I:1.0000e-04A R:1.3162e-01ğ›€ E:2.5311e-04V/cm J:1.1236e-03A/cm2 ğ›’:2.2527e-01ğ›€ cm
2023-06-21 16:12:22,624 INFO Measurement at current 0.0001
2023-06-21 16:12:26,596 INFO T:286.85Â°K V:1.3102e-05V I:1.0000e-04A R:1.3102e-01ğ›€ E:2.5196e-04V/cm J:1.1236e-03A/cm2 ğ›’:2.2425e-01ğ›€ cm
2023-06-21 16:12:26,610 INFO Measurement at current 0.0001
2023-06-21 16:12:30,630 INFO T:286.89Â°K V:1.3041e-05V I:1.0000e-04A R:1.3041e-01ğ›€ E:2.5079e-04V/cm J:1.1236e-03A/cm2 ğ›’:2.2320e-01ğ›€ cm
2023-06-21 16:12:30,655 INFO Measurement at current 0.0001
2023-06-21 16:12:34,688 INFO T:286.94Â°K V:1.2981e-05V I:1.0000e-04A R:1.2981e-01ğ›€ E:2.4963e-04V/cm J:1.1236e-03A/cm2 ğ›’:2.2217e-01ğ›€ cm
2023-06-21 16:12:34,715 INFO Measurement at current 0.0001
2023-06-21 16:12:38,741 INFO T:286.99Â°K V:1.2922e-05V I:1.0000e-04A R:1.2922e-01ğ›€ E:2.4850e-04V/cm J:1.1236e-03A/cm2 ğ›’:2.2117e-01ğ›€ cm
2023-06-21 16:12:38,759 INFO Measurement at current 0.0001
2023-06-21 16:12:42,801 INFO T:287.03Â°K V:1.2851e-05V I:1.0000e-04A R:1.2851e-01ğ›€ E:2.4713e-04V/cm J:1.1236e-03A/cm2 ğ›’:2.1994e-01ğ›€ cm
2023-06-21 16:12:42,824 INFO Measurement at current 0.0001
2023-06-21 16:12:46,824 INFO T:287.08Â°K V:1.2804e-05V I:1.0000e-04A R:1.2804e-01ğ›€ E:2.4622e-04V/cm J:1.1236e-03A/cm2 ğ›’:2.1914e-01ğ›€ cm
2023-06-21 16:12:46,843 INFO Measurement at current 0.0001
2023-06-21 16:12:50,887 INFO T:287.12Â°K V:1.2760e-05V I:1.0000e-04A R:1.2760e-01ğ›€ E:2.4538e-04V/cm J:1.1236e-03A/cm2 ğ›’:2.1839e-01ğ›€ cm
2023-06-21 16:12:50,949 INFO Measurement at current 0.0001
2023-06-21 16:12:54,984 INFO T:287.17Â°K V:1.2703e-05V I:1.0000e-04A R:1.2703e-01ğ›€ E:2.4429e-04V/cm J:1.1236e-03A/cm2 ğ›’:2.1742e-01ğ›€ cm
2023-06-21 16:12:55,011 INFO Measurement at current 0.0001
2023-06-21 16:12:59,041 INFO T:287.21Â°K V:1.2660e-05V I:1.0000e-04A R:1.2660e-01ğ›€ E:2.4346e-04V/cm J:1.1236e-03A/cm2 ğ›’:2.1668e-01ğ›€ cm
2023-06-21 16:12:59,082 INFO Measurement at current 0.0001
2023-06-21 16:13:03,151 INFO T:287.25Â°K V:1.2613e-05V I:1.0000e-04A R:1.2613e-01ğ›€ E:2.4256e-04V/cm J:1.1236e-03A/cm2 ğ›’:2.1588e-01ğ›€ cm
2023-06-21 16:13:03,178 INFO Measurement at current 0.0001
2023-06-21 16:13:07,269 INFO T:287.30Â°K V:1.2560e-05V I:1.0000e-04A R:1.2560e-01ğ›€ E:2.4153e-04V/cm J:1.1236e-03A/cm2 ğ›’:2.1496e-01ğ›€ cm
2023-06-21 16:13:07,322 INFO Measurement at current 0.0001
2023-06-21 16:13:11,365 INFO T:287.34Â°K V:1.2504e-05V I:1.0000e-04A R:1.2504e-01ğ›€ E:2.4046e-04V/cm J:1.1236e-03A/cm2 ğ›’:2.1401e-01ğ›€ cm
2023-06-21 16:13:11,389 INFO Measurement at current 0.0001
2023-06-21 16:13:15,409 INFO T:287.38Â°K V:1.2447e-05V I:1.0000e-04A R:1.2447e-01ğ›€ E:2.3937e-04V/cm J:1.1236e-03A/cm2 ğ›’:2.1304e-01ğ›€ cm
2023-06-21 16:13:15,425 INFO Measurement at current 0.0001
2023-06-21 16:13:19,434 INFO T:287.42Â°K V:1.2388e-05V I:1.0000e-04A R:1.2388e-01ğ›€ E:2.3823e-04V/cm J:1.1236e-03A/cm2 ğ›’:2.1202e-01ğ›€ cm
2023-06-21 16:13:19,449 INFO Measurement at current 0.0001
2023-06-21 16:13:23,435 INFO T:287.46Â°K V:1.2344e-05V I:1.0000e-04A R:1.2344e-01ğ›€ E:2.3738e-04V/cm J:1.1236e-03A/cm2 ğ›’:2.1127e-01ğ›€ cm
2023-06-21 16:13:23,456 INFO Measurement at current 0.0001
2023-06-21 16:13:27,494 INFO T:287.50Â°K V:1.2293e-05V I:1.0000e-04A R:1.2293e-01ğ›€ E:2.3640e-04V/cm J:1.1236e-03A/cm2 ğ›’:2.1039e-01ğ›€ cm
2023-06-21 16:13:27,494 INFO Leaving the current loop
2023-06-21 16:13:27,518 INFO End of the measurement loop
2023-06-21 16:13:37,640 INFO Save the description file
2023-06-21 16:13:37,650 INFO Save data in numpy format Esperimenti/BT_3_1b_210623_R-T/BT_3_1b_210623_R-T_at_fixed_current_1e-4A/BT_3_1b_210623_R-T_at_fixed_current_1e-4A-20230621161327
2023-06-21 16:13:37,661 INFO Save data in CSV format Esperimenti/BT_3_1b_210623_R-T/BT_3_1b_210623_R-T_at_fixed_current_1e-4A/BT_3_1b_210623_R-T_at_fixed_current_1e-4A-20230621161327.csv
2023-06-21 16:13:37,685 INFO Save plot as image Esperimenti/BT_3_1b_210623_R-T/BT_3_1b_210623_R-T_at_fixed_current_1e-4A/BT_3_1b_210623_R-T_at_fixed_current_1e-4A-20230621161327.png
