2022-04-14 18:52:13,425 INFO ### Start experiment: CPRO_03_CE2_A1 at fixed current 30e-6A ###
2022-04-14 18:52:14,777 INFO Found Multimeter KEITHLEY INSTRUMENTS INC.,MODEL 2700,0884890,B03  /A02  

2022-04-14 18:52:15,802 INFO Found Nanovolt Meter KEITHLEY INSTRUMENTS INC.,MODEL 2182A,4056474,C03  /A02  

2022-04-14 18:52:15,943 INFO Found Source Meter KEITHLEY INSTRUMENTS INC.,MODEL 6220,1315485,A05  /700x 

2022-04-14 18:52:16,025 INFO Start the measurement loop
2022-04-14 18:52:22,819 INFO Measurement at current 3e-05
2022-04-14 18:52:25,541 INFO T:249.11Â°K V:5.7062e-04V I:3.0000e-05A R:1.9021e+01ğ›€ E:3.3824e-02V/cm J:1.7493e-03A/cm2 ğ›’:1.9336e+01ğ›€ cm
2022-04-14 18:52:25,555 INFO Measurement at current 3e-05
2022-04-14 18:52:27,962 INFO T:249.22Â°K V:5.7077e-04V I:3.0000e-05A R:1.9026e+01ğ›€ E:3.3834e-02V/cm J:1.7493e-03A/cm2 ğ›’:1.9342e+01ğ›€ cm
2022-04-14 18:52:27,985 INFO Measurement at current 3e-05
2022-04-14 18:52:30,394 INFO T:249.33Â°K V:5.6874e-04V I:3.0000e-05A R:1.8958e+01ğ›€ E:3.3713e-02V/cm J:1.7493e-03A/cm2 ğ›’:1.9273e+01ğ›€ cm
2022-04-14 18:52:30,418 INFO Measurement at current 3e-05
2022-04-14 18:52:32,807 INFO T:249.45Â°K V:5.6777e-04V I:3.0000e-05A R:1.8926e+01ğ›€ E:3.3656e-02V/cm J:1.7493e-03A/cm2 ğ›’:1.9240e+01ğ›€ cm
2022-04-14 18:52:32,831 INFO Measurement at current 3e-05
2022-04-14 18:52:35,248 INFO T:249.56Â°K V:5.6763e-04V I:3.0000e-05A R:1.8921e+01ğ›€ E:3.3647e-02V/cm J:1.7493e-03A/cm2 ğ›’:1.9235e+01ğ›€ cm
2022-04-14 18:52:35,262 INFO Measurement at current 3e-05
2022-04-14 18:52:37,647 INFO T:249.67Â°K V:5.6796e-04V I:3.0000e-05A R:1.8932e+01ğ›€ E:3.3667e-02V/cm J:1.7493e-03A/cm2 ğ›’:1.9246e+01ğ›€ cm
2022-04-14 18:52:37,663 INFO Measurement at current 3e-05
2022-04-14 18:52:40,073 INFO T:249.79Â°K V:5.6754e-04V I:3.0000e-05A R:1.8918e+01ğ›€ E:3.3642e-02V/cm J:1.7493e-03A/cm2 ğ›’:1.9232e+01ğ›€ cm
2022-04-14 18:52:40,092 INFO Measurement at current 3e-05
2022-04-14 18:52:42,526 INFO T:249.90Â°K V:5.6735e-04V I:3.0000e-05A R:1.8912e+01ğ›€ E:3.3631e-02V/cm J:1.7493e-03A/cm2 ğ›’:1.9225e+01ğ›€ cm
2022-04-14 18:52:42,550 INFO Measurement at current 3e-05
2022-04-14 18:52:44,961 INFO T:250.01Â°K V:5.6727e-04V I:3.0000e-05A R:1.8909e+01ğ›€ E:3.3626e-02V/cm J:1.7493e-03A/cm2 ğ›’:1.9223e+01ğ›€ cm
2022-04-14 18:52:44,981 INFO Measurement at current 3e-05
2022-04-14 18:52:47,390 INFO T:250.13Â°K V:5.6724e-04V I:3.0000e-05A R:1.8908e+01ğ›€ E:3.3624e-02V/cm J:1.7493e-03A/cm2 ğ›’:1.9222e+01ğ›€ cm
2022-04-14 18:52:47,410 INFO Measurement at current 3e-05
2022-04-14 18:52:49,814 INFO T:250.24Â°K V:5.6679e-04V I:3.0000e-05A R:1.8893e+01ğ›€ E:3.3598e-02V/cm J:1.7493e-03A/cm2 ğ›’:1.9207e+01ğ›€ cm
2022-04-14 18:52:49,840 INFO Measurement at current 3e-05
2022-04-14 18:52:52,244 INFO T:250.35Â°K V:5.6590e-04V I:3.0000e-05A R:1.8863e+01ğ›€ E:3.3545e-02V/cm J:1.7493e-03A/cm2 ğ›’:1.9176e+01ğ›€ cm
2022-04-14 18:52:52,264 INFO Measurement at current 3e-05
2022-04-14 18:52:54,679 INFO T:250.46Â°K V:5.6415e-04V I:3.0000e-05A R:1.8805e+01ğ›€ E:3.3441e-02V/cm J:1.7493e-03A/cm2 ğ›’:1.9117e+01ğ›€ cm
2022-04-14 18:52:54,702 INFO Measurement at current 3e-05
2022-04-14 18:52:57,110 INFO T:250.57Â°K V:5.6349e-04V I:3.0000e-05A R:1.8783e+01ğ›€ E:3.3402e-02V/cm J:1.7493e-03A/cm2 ğ›’:1.9095e+01ğ›€ cm
2022-04-14 18:52:57,125 INFO Measurement at current 3e-05
2022-04-14 18:52:59,535 INFO T:250.68Â°K V:5.6292e-04V I:3.0000e-05A R:1.8764e+01ğ›€ E:3.3368e-02V/cm J:1.7493e-03A/cm2 ğ›’:1.9075e+01ğ›€ cm
2022-04-14 18:52:59,551 INFO Measurement at current 3e-05
2022-04-14 18:53:01,953 INFO T:250.79Â°K V:5.6313e-04V I:3.0000e-05A R:1.8771e+01ğ›€ E:3.3381e-02V/cm J:1.7493e-03A/cm2 ğ›’:1.9083e+01ğ›€ cm
2022-04-14 18:53:01,969 INFO Measurement at current 3e-05
2022-04-14 18:53:04,386 INFO T:250.91Â°K V:5.6414e-04V I:3.0000e-05A R:1.8805e+01ğ›€ E:3.3440e-02V/cm J:1.7493e-03A/cm2 ğ›’:1.9117e+01ğ›€ cm
2022-04-14 18:53:04,414 INFO Measurement at current 3e-05
2022-04-14 18:53:06,814 INFO T:251.02Â°K V:5.6528e-04V I:3.0000e-05A R:1.8843e+01ğ›€ E:3.3508e-02V/cm J:1.7493e-03A/cm2 ğ›’:1.9156e+01ğ›€ cm
2022-04-14 18:53:06,833 INFO Measurement at current 3e-05
2022-04-14 18:53:09,238 INFO T:251.12Â°K V:5.6640e-04V I:3.0000e-05A R:1.8880e+01ğ›€ E:3.3575e-02V/cm J:1.7493e-03A/cm2 ğ›’:1.9194e+01ğ›€ cm
2022-04-14 18:53:09,263 INFO Measurement at current 3e-05
2022-04-14 18:53:11,750 INFO T:251.23Â°K V:5.6692e-04V I:3.0000e-05A R:1.8897e+01ğ›€ E:3.3605e-02V/cm J:1.7493e-03A/cm2 ğ›’:1.9211e+01ğ›€ cm
2022-04-14 18:53:11,769 INFO Measurement at current 3e-05
2022-04-14 18:53:14,186 INFO T:251.34Â°K V:5.6572e-04V I:3.0000e-05A R:1.8857e+01ğ›€ E:3.3534e-02V/cm J:1.7493e-03A/cm2 ğ›’:1.9170e+01ğ›€ cm
2022-04-14 18:53:14,201 INFO Measurement at current 3e-05
2022-04-14 18:53:16,621 INFO T:251.45Â°K V:5.6293e-04V I:3.0000e-05A R:1.8764e+01ğ›€ E:3.3369e-02V/cm J:1.7493e-03A/cm2 ğ›’:1.9076e+01ğ›€ cm
2022-04-14 18:53:16,644 INFO Measurement at current 3e-05
2022-04-14 18:53:19,061 INFO T:251.56Â°K V:5.6111e-04V I:3.0000e-05A R:1.8704e+01ğ›€ E:3.3261e-02V/cm J:1.7493e-03A/cm2 ğ›’:1.9014e+01ğ›€ cm
2022-04-14 18:53:19,091 INFO Measurement at current 3e-05
2022-04-14 18:53:21,495 INFO T:251.67Â°K V:5.6008e-04V I:3.0000e-05A R:1.8669e+01ğ›€ E:3.3200e-02V/cm J:1.7493e-03A/cm2 ğ›’:1.8979e+01ğ›€ cm
2022-04-14 18:53:21,521 INFO Measurement at current 3e-05
2022-04-14 18:53:23,918 INFO T:251.78Â°K V:5.5958e-04V I:3.0000e-05A R:1.8653e+01ğ›€ E:3.3170e-02V/cm J:1.7493e-03A/cm2 ğ›’:1.8962e+01ğ›€ cm
2022-04-14 18:53:23,948 INFO Measurement at current 3e-05
2022-04-14 18:53:26,337 INFO T:251.89Â°K V:5.6056e-04V I:3.0000e-05A R:1.8685e+01ğ›€ E:3.3229e-02V/cm J:1.7493e-03A/cm2 ğ›’:1.8996e+01ğ›€ cm
2022-04-14 18:53:26,371 INFO Measurement at current 3e-05
2022-04-14 18:53:28,870 INFO T:251.99Â°K V:5.6127e-04V I:3.0000e-05A R:1.8709e+01ğ›€ E:3.3270e-02V/cm J:1.7493e-03A/cm2 ğ›’:1.9020e+01ğ›€ cm
2022-04-14 18:53:28,904 INFO Measurement at current 3e-05
2022-04-14 18:53:31,358 INFO T:252.10Â°K V:5.6081e-04V I:3.0000e-05A R:1.8694e+01ğ›€ E:3.3243e-02V/cm J:1.7493e-03A/cm2 ğ›’:1.9004e+01ğ›€ cm
2022-04-14 18:53:31,394 INFO Measurement at current 3e-05
2022-04-14 18:53:33,819 INFO T:252.21Â°K V:5.6005e-04V I:3.0000e-05A R:1.8668e+01ğ›€ E:3.3198e-02V/cm J:1.7493e-03A/cm2 ğ›’:1.8978e+01ğ›€ cm
2022-04-14 18:53:33,847 INFO Measurement at current 3e-05
2022-04-14 18:53:36,274 INFO T:252.32Â°K V:5.6011e-04V I:3.0000e-05A R:1.8670e+01ğ›€ E:3.3202e-02V/cm J:1.7493e-03A/cm2 ğ›’:1.8980e+01ğ›€ cm
2022-04-14 18:53:36,304 INFO Measurement at current 3e-05
2022-04-14 18:53:38,750 INFO T:252.43Â°K V:5.6139e-04V I:3.0000e-05A R:1.8713e+01ğ›€ E:3.3277e-02V/cm J:1.7493e-03A/cm2 ğ›’:1.9023e+01ğ›€ cm
2022-04-14 18:53:38,771 INFO Measurement at current 3e-05
2022-04-14 18:53:41,242 INFO T:252.54Â°K V:5.6234e-04V I:3.0000e-05A R:1.8745e+01ğ›€ E:3.3334e-02V/cm J:1.7493e-03A/cm2 ğ›’:1.9056e+01ğ›€ cm
2022-04-14 18:53:41,265 INFO Measurement at current 3e-05
2022-04-14 18:53:43,716 INFO T:252.65Â°K V:5.6174e-04V I:3.0000e-05A R:1.8725e+01ğ›€ E:3.3298e-02V/cm J:1.7493e-03A/cm2 ğ›’:1.9035e+01ğ›€ cm
2022-04-14 18:53:43,740 INFO Measurement at current 3e-05
2022-04-14 18:53:46,149 INFO T:252.75Â°K V:5.6076e-04V I:3.0000e-05A R:1.8692e+01ğ›€ E:3.3240e-02V/cm J:1.7493e-03A/cm2 ğ›’:1.9002e+01ğ›€ cm
2022-04-14 18:53:46,174 INFO Measurement at current 3e-05
2022-04-14 18:53:48,639 INFO T:252.86Â°K V:5.6044e-04V I:3.0000e-05A R:1.8681e+01ğ›€ E:3.3221e-02V/cm J:1.7493e-03A/cm2 ğ›’:1.8991e+01ğ›€ cm
2022-04-14 18:53:48,665 INFO Measurement at current 3e-05
2022-04-14 18:53:51,060 INFO T:252.96Â°K V:5.6179e-04V I:3.0000e-05A R:1.8726e+01ğ›€ E:3.3301e-02V/cm J:1.7493e-03A/cm2 ğ›’:1.9037e+01ğ›€ cm
2022-04-14 18:53:51,105 INFO Measurement at current 3e-05
2022-04-14 18:53:53,521 INFO T:253.06Â°K V:5.6435e-04V I:3.0000e-05A R:1.8812e+01ğ›€ E:3.3453e-02V/cm J:1.7493e-03A/cm2 ğ›’:1.9124e+01ğ›€ cm
2022-04-14 18:53:53,580 INFO Measurement at current 3e-05
2022-04-14 18:53:55,991 INFO T:253.17Â°K V:5.6772e-04V I:3.0000e-05A R:1.8924e+01ğ›€ E:3.3653e-02V/cm J:1.7493e-03A/cm2 ğ›’:1.9238e+01ğ›€ cm
2022-04-14 18:53:56,012 INFO Measurement at current 3e-05
2022-04-14 18:53:58,432 INFO T:253.27Â°K V:5.7002e-04V I:3.0000e-05A R:1.9001e+01ğ›€ E:3.3789e-02V/cm J:1.7493e-03A/cm2 ğ›’:1.9316e+01ğ›€ cm
2022-04-14 18:53:58,455 INFO Measurement at current 3e-05
2022-04-14 18:54:00,875 INFO T:253.37Â°K V:5.7008e-04V I:3.0000e-05A R:1.9003e+01ğ›€ E:3.3793e-02V/cm J:1.7493e-03A/cm2 ğ›’:1.9318e+01ğ›€ cm
2022-04-14 18:54:00,915 INFO Measurement at current 3e-05
2022-04-14 18:54:03,341 INFO T:253.48Â°K V:5.6961e-04V I:3.0000e-05A R:1.8987e+01ğ›€ E:3.3765e-02V/cm J:1.7493e-03A/cm2 ğ›’:1.9302e+01ğ›€ cm
2022-04-14 18:54:03,363 INFO Measurement at current 3e-05
2022-04-14 18:54:05,812 INFO T:253.58Â°K V:5.6902e-04V I:3.0000e-05A R:1.8967e+01ğ›€ E:3.3730e-02V/cm J:1.7493e-03A/cm2 ğ›’:1.9282e+01ğ›€ cm
2022-04-14 18:54:05,860 INFO Measurement at current 3e-05
2022-04-14 18:54:08,334 INFO T:253.69Â°K V:5.6914e-04V I:3.0000e-05A R:1.8971e+01ğ›€ E:3.3737e-02V/cm J:1.7493e-03A/cm2 ğ›’:1.9286e+01ğ›€ cm
2022-04-14 18:54:08,354 INFO Measurement at current 3e-05
2022-04-14 18:54:10,752 INFO T:253.79Â°K V:5.6895e-04V I:3.0000e-05A R:1.8965e+01ğ›€ E:3.3726e-02V/cm J:1.7493e-03A/cm2 ğ›’:1.9280e+01ğ›€ cm
2022-04-14 18:54:10,786 INFO Measurement at current 3e-05
2022-04-14 18:54:13,276 INFO T:253.89Â°K V:5.6950e-04V I:3.0000e-05A R:1.8983e+01ğ›€ E:3.3758e-02V/cm J:1.7493e-03A/cm2 ğ›’:1.9299e+01ğ›€ cm
2022-04-14 18:54:13,300 INFO Measurement at current 3e-05
2022-04-14 18:54:15,814 INFO T:254.00Â°K V:5.7005e-04V I:3.0000e-05A R:1.9002e+01ğ›€ E:3.3791e-02V/cm J:1.7493e-03A/cm2 ğ›’:1.9317e+01ğ›€ cm
2022-04-14 18:54:15,855 INFO Measurement at current 3e-05
2022-04-14 18:54:18,257 INFO T:254.10Â°K V:5.7124e-04V I:3.0000e-05A R:1.9041e+01ğ›€ E:3.3861e-02V/cm J:1.7493e-03A/cm2 ğ›’:1.9357e+01ğ›€ cm
2022-04-14 18:54:18,272 INFO Measurement at current 3e-05
2022-04-14 18:54:20,698 INFO T:254.20Â°K V:5.7174e-04V I:3.0000e-05A R:1.9058e+01ğ›€ E:3.3891e-02V/cm J:1.7493e-03A/cm2 ğ›’:1.9374e+01ğ›€ cm
2022-04-14 18:54:20,727 INFO Measurement at current 3e-05
2022-04-14 18:54:23,159 INFO T:254.30Â°K V:5.7237e-04V I:3.0000e-05A R:1.9079e+01ğ›€ E:3.3928e-02V/cm J:1.7493e-03A/cm2 ğ›’:1.9396e+01ğ›€ cm
2022-04-14 18:54:23,180 INFO Measurement at current 3e-05
2022-04-14 18:54:25,580 INFO T:254.41Â°K V:5.7283e-04V I:3.0000e-05A R:1.9094e+01ğ›€ E:3.3956e-02V/cm J:1.7493e-03A/cm2 ğ›’:1.9411e+01ğ›€ cm
2022-04-14 18:54:25,606 INFO Measurement at current 3e-05
2022-04-14 18:54:27,985 INFO T:254.50Â°K V:5.7067e-04V I:3.0000e-05A R:1.9022e+01ğ›€ E:3.3827e-02V/cm J:1.7493e-03A/cm2 ğ›’:1.9338e+01ğ›€ cm
2022-04-14 18:54:28,015 INFO Measurement at current 3e-05
2022-04-14 18:54:30,434 INFO T:254.60Â°K V:5.6840e-04V I:3.0000e-05A R:1.8947e+01ğ›€ E:3.3693e-02V/cm J:1.7493e-03A/cm2 ğ›’:1.9261e+01ğ›€ cm
2022-04-14 18:54:30,456 INFO Measurement at current 3e-05
2022-04-14 18:54:32,904 INFO T:254.70Â°K V:5.6644e-04V I:3.0000e-05A R:1.8881e+01ğ›€ E:3.3577e-02V/cm J:1.7493e-03A/cm2 ğ›’:1.9195e+01ğ›€ cm
2022-04-14 18:54:32,924 INFO Measurement at current 3e-05
2022-04-14 18:54:35,337 INFO T:254.80Â°K V:5.6427e-04V I:3.0000e-05A R:1.8809e+01ğ›€ E:3.3448e-02V/cm J:1.7493e-03A/cm2 ğ›’:1.9121e+01ğ›€ cm
2022-04-14 18:54:35,358 INFO Measurement at current 3e-05
2022-04-14 18:54:37,814 INFO T:254.90Â°K V:5.6231e-04V I:3.0000e-05A R:1.8744e+01ğ›€ E:3.3332e-02V/cm J:1.7493e-03A/cm2 ğ›’:1.9055e+01ğ›€ cm
2022-04-14 18:54:37,831 INFO Measurement at current 3e-05
2022-04-14 18:54:40,295 INFO T:255.00Â°K V:5.6035e-04V I:3.0000e-05A R:1.8678e+01ğ›€ E:3.3216e-02V/cm J:1.7493e-03A/cm2 ğ›’:1.8988e+01ğ›€ cm
2022-04-14 18:54:40,311 INFO Measurement at current 3e-05
2022-04-14 18:54:42,767 INFO T:255.11Â°K V:5.5838e-04V I:3.0000e-05A R:1.8613e+01ğ›€ E:3.3099e-02V/cm J:1.7493e-03A/cm2 ğ›’:1.8922e+01ğ›€ cm
2022-04-14 18:54:42,810 INFO Measurement at current 3e-05
2022-04-14 18:54:45,304 INFO T:255.21Â°K V:5.5776e-04V I:3.0000e-05A R:1.8592e+01ğ›€ E:3.3062e-02V/cm J:1.7493e-03A/cm2 ğ›’:1.8900e+01ğ›€ cm
2022-04-14 18:54:45,325 INFO Measurement at current 3e-05
2022-04-14 18:54:47,779 INFO T:255.31Â°K V:5.5854e-04V I:3.0000e-05A R:1.8618e+01ğ›€ E:3.3109e-02V/cm J:1.7493e-03A/cm2 ğ›’:1.8927e+01ğ›€ cm
2022-04-14 18:54:47,797 INFO Measurement at current 3e-05
2022-04-14 18:54:50,256 INFO T:255.40Â°K V:5.6123e-04V I:3.0000e-05A R:1.8708e+01ğ›€ E:3.3268e-02V/cm J:1.7493e-03A/cm2 ğ›’:1.9018e+01ğ›€ cm
2022-04-14 18:54:50,283 INFO Measurement at current 3e-05
2022-04-14 18:54:52,743 INFO T:255.50Â°K V:5.6449e-04V I:3.0000e-05A R:1.8816e+01ğ›€ E:3.3461e-02V/cm J:1.7493e-03A/cm2 ğ›’:1.9129e+01ğ›€ cm
2022-04-14 18:54:52,772 INFO Measurement at current 3e-05
2022-04-14 18:54:55,259 INFO T:255.60Â°K V:5.6674e-04V I:3.0000e-05A R:1.8891e+01ğ›€ E:3.3594e-02V/cm J:1.7493e-03A/cm2 ğ›’:1.9205e+01ğ›€ cm
2022-04-14 18:54:55,282 INFO Measurement at current 3e-05
2022-04-14 18:54:57,753 INFO T:255.70Â°K V:5.6490e-04V I:3.0000e-05A R:1.8830e+01ğ›€ E:3.3485e-02V/cm J:1.7493e-03A/cm2 ğ›’:1.9143e+01ğ›€ cm
2022-04-14 18:54:57,770 INFO Measurement at current 3e-05
2022-04-14 18:55:00,223 INFO T:255.80Â°K V:5.6178e-04V I:3.0000e-05A R:1.8726e+01ğ›€ E:3.3301e-02V/cm J:1.7493e-03A/cm2 ğ›’:1.9037e+01ğ›€ cm
2022-04-14 18:55:00,248 INFO Measurement at current 3e-05
2022-04-14 18:55:02,654 INFO T:255.90Â°K V:5.6070e-04V I:3.0000e-05A R:1.8690e+01ğ›€ E:3.3236e-02V/cm J:1.7493e-03A/cm2 ğ›’:1.9000e+01ğ›€ cm
2022-04-14 18:55:02,700 INFO Measurement at current 3e-05
2022-04-14 18:55:05,125 INFO T:255.99Â°K V:5.6127e-04V I:3.0000e-05A R:1.8709e+01ğ›€ E:3.3270e-02V/cm J:1.7493e-03A/cm2 ğ›’:1.9020e+01ğ›€ cm
2022-04-14 18:55:05,143 INFO Measurement at current 3e-05
2022-04-14 18:55:07,588 INFO T:256.09Â°K V:5.6146e-04V I:3.0000e-05A R:1.8715e+01ğ›€ E:3.3282e-02V/cm J:1.7493e-03A/cm2 ğ›’:1.9026e+01ğ›€ cm
2022-04-14 18:55:07,623 INFO Measurement at current 3e-05
2022-04-14 18:55:10,066 INFO T:256.19Â°K V:5.6012e-04V I:3.0000e-05A R:1.8671e+01ğ›€ E:3.3202e-02V/cm J:1.7493e-03A/cm2 ğ›’:1.8980e+01ğ›€ cm
2022-04-14 18:55:10,109 INFO Measurement at current 3e-05
2022-04-14 18:55:12,614 INFO T:256.28Â°K V:5.5788e-04V I:3.0000e-05A R:1.8596e+01ğ›€ E:3.3069e-02V/cm J:1.7493e-03A/cm2 ğ›’:1.8905e+01ğ›€ cm
2022-04-14 18:55:12,639 INFO Measurement at current 3e-05
2022-04-14 18:55:15,074 INFO T:256.38Â°K V:5.5715e-04V I:3.0000e-05A R:1.8572e+01ğ›€ E:3.3026e-02V/cm J:1.7493e-03A/cm2 ğ›’:1.8880e+01ğ›€ cm
2022-04-14 18:55:15,091 INFO Measurement at current 3e-05
2022-04-14 18:55:17,550 INFO T:256.48Â°K V:5.5804e-04V I:3.0000e-05A R:1.8601e+01ğ›€ E:3.3079e-02V/cm J:1.7493e-03A/cm2 ğ›’:1.8910e+01ğ›€ cm
2022-04-14 18:55:17,583 INFO Measurement at current 3e-05
2022-04-14 18:55:20,004 INFO T:256.57Â°K V:5.6044e-04V I:3.0000e-05A R:1.8681e+01ğ›€ E:3.3221e-02V/cm J:1.7493e-03A/cm2 ğ›’:1.8991e+01ğ›€ cm
2022-04-14 18:55:20,038 INFO Measurement at current 3e-05
2022-04-14 18:55:22,513 INFO T:256.66Â°K V:5.6200e-04V I:3.0000e-05A R:1.8733e+01ğ›€ E:3.3313e-02V/cm J:1.7493e-03A/cm2 ğ›’:1.9044e+01ğ›€ cm
2022-04-14 18:55:22,539 INFO Measurement at current 3e-05
2022-04-14 18:55:24,976 INFO T:256.76Â°K V:5.6244e-04V I:3.0000e-05A R:1.8748e+01ğ›€ E:3.3340e-02V/cm J:1.7493e-03A/cm2 ğ›’:1.9059e+01ğ›€ cm
2022-04-14 18:55:24,992 INFO Measurement at current 3e-05
2022-04-14 18:55:27,418 INFO T:256.85Â°K V:5.6075e-04V I:3.0000e-05A R:1.8692e+01ğ›€ E:3.3239e-02V/cm J:1.7493e-03A/cm2 ğ›’:1.9002e+01ğ›€ cm
2022-04-14 18:55:27,440 INFO Measurement at current 3e-05
2022-04-14 18:55:29,923 INFO T:256.95Â°K V:5.5736e-04V I:3.0000e-05A R:1.8579e+01ğ›€ E:3.3039e-02V/cm J:1.7493e-03A/cm2 ğ›’:1.8887e+01ğ›€ cm
2022-04-14 18:55:29,947 INFO Measurement at current 3e-05
2022-04-14 18:55:32,334 INFO T:257.04Â°K V:5.5304e-04V I:3.0000e-05A R:1.8435e+01ğ›€ E:3.2782e-02V/cm J:1.7493e-03A/cm2 ğ›’:1.8741e+01ğ›€ cm
2022-04-14 18:55:32,363 INFO Measurement at current 3e-05
2022-04-14 18:55:34,816 INFO T:257.13Â°K V:5.5020e-04V I:3.0000e-05A R:1.8340e+01ğ›€ E:3.2614e-02V/cm J:1.7493e-03A/cm2 ğ›’:1.8644e+01ğ›€ cm
2022-04-14 18:55:34,858 INFO Measurement at current 3e-05
2022-04-14 18:55:37,265 INFO T:257.22Â°K V:5.4907e-04V I:3.0000e-05A R:1.8302e+01ğ›€ E:3.2547e-02V/cm J:1.7493e-03A/cm2 ğ›’:1.8606e+01ğ›€ cm
2022-04-14 18:55:37,288 INFO Measurement at current 3e-05
2022-04-14 18:55:39,715 INFO T:257.32Â°K V:5.4945e-04V I:3.0000e-05A R:1.8315e+01ğ›€ E:3.2570e-02V/cm J:1.7493e-03A/cm2 ğ›’:1.8619e+01ğ›€ cm
2022-04-14 18:55:39,765 INFO Measurement at current 3e-05
2022-04-14 18:55:42,140 INFO T:257.41Â°K V:5.5027e-04V I:3.0000e-05A R:1.8342e+01ğ›€ E:3.2618e-02V/cm J:1.7493e-03A/cm2 ğ›’:1.8647e+01ğ›€ cm
2022-04-14 18:55:42,170 INFO Measurement at current 3e-05
2022-04-14 18:55:44,623 INFO T:257.50Â°K V:5.5146e-04V I:3.0000e-05A R:1.8382e+01ğ›€ E:3.2689e-02V/cm J:1.7493e-03A/cm2 ğ›’:1.8687e+01ğ›€ cm
2022-04-14 18:55:44,644 INFO Measurement at current 3e-05
2022-04-14 18:55:47,039 INFO T:257.59Â°K V:5.5384e-04V I:3.0000e-05A R:1.8461e+01ğ›€ E:3.2830e-02V/cm J:1.7493e-03A/cm2 ğ›’:1.8768e+01ğ›€ cm
2022-04-14 18:55:47,052 INFO Measurement at current 3e-05
2022-04-14 18:55:49,451 INFO T:257.68Â°K V:5.5624e-04V I:3.0000e-05A R:1.8541e+01ğ›€ E:3.2972e-02V/cm J:1.7493e-03A/cm2 ğ›’:1.8849e+01ğ›€ cm
2022-04-14 18:55:49,496 INFO Measurement at current 3e-05
2022-04-14 18:55:51,962 INFO T:257.77Â°K V:5.6043e-04V I:3.0000e-05A R:1.8681e+01ğ›€ E:3.3220e-02V/cm J:1.7493e-03A/cm2 ğ›’:1.8991e+01ğ›€ cm
2022-04-14 18:55:52,041 INFO Measurement at current 3e-05
2022-04-14 18:55:54,654 INFO T:257.87Â°K V:5.7007e-04V I:3.0000e-05A R:1.9002e+01ğ›€ E:3.3792e-02V/cm J:1.7493e-03A/cm2 ğ›’:1.9318e+01ğ›€ cm
2022-04-14 18:55:54,673 INFO Measurement at current 3e-05
2022-04-14 18:55:57,117 INFO T:257.96Â°K V:5.8611e-04V I:3.0000e-05A R:1.9537e+01ğ›€ E:3.4743e-02V/cm J:1.7493e-03A/cm2 ğ›’:1.9861e+01ğ›€ cm
2022-04-14 18:55:57,149 INFO Measurement at current 3e-05
2022-04-14 18:55:59,608 INFO T:258.05Â°K V:5.9409e-04V I:3.0000e-05A R:1.9803e+01ğ›€ E:3.5216e-02V/cm J:1.7493e-03A/cm2 ğ›’:2.0132e+01ğ›€ cm
2022-04-14 18:55:59,625 INFO Measurement at current 3e-05
2022-04-14 18:56:02,041 INFO T:258.14Â°K V:5.9146e-04V I:3.0000e-05A R:1.9715e+01ğ›€ E:3.5060e-02V/cm J:1.7493e-03A/cm2 ğ›’:2.0042e+01ğ›€ cm
2022-04-14 18:56:02,088 INFO Measurement at current 3e-05
2022-04-14 18:56:04,550 INFO T:258.23Â°K V:5.8737e-04V I:3.0000e-05A R:1.9579e+01ğ›€ E:3.4818e-02V/cm J:1.7493e-03A/cm2 ğ›’:1.9904e+01ğ›€ cm
2022-04-14 18:56:04,587 INFO Measurement at current 3e-05
2022-04-14 18:56:07,053 INFO T:258.32Â°K V:5.8452e-04V I:3.0000e-05A R:1.9484e+01ğ›€ E:3.4649e-02V/cm J:1.7493e-03A/cm2 ğ›’:1.9807e+01ğ›€ cm
2022-04-14 18:56:07,082 INFO Measurement at current 3e-05
2022-04-14 18:56:09,560 INFO T:258.41Â°K V:5.8258e-04V I:3.0000e-05A R:1.9419e+01ğ›€ E:3.4533e-02V/cm J:1.7493e-03A/cm2 ğ›’:1.9741e+01ğ›€ cm
2022-04-14 18:56:09,576 INFO Measurement at current 3e-05
2022-04-14 18:56:11,996 INFO T:258.50Â°K V:5.8341e-04V I:3.0000e-05A R:1.9447e+01ğ›€ E:3.4583e-02V/cm J:1.7493e-03A/cm2 ğ›’:1.9770e+01ğ›€ cm
2022-04-14 18:56:12,016 INFO Measurement at current 3e-05
2022-04-14 18:56:14,467 INFO T:258.59Â°K V:5.8706e-04V I:3.0000e-05A R:1.9569e+01ğ›€ E:3.4799e-02V/cm J:1.7493e-03A/cm2 ğ›’:1.9894e+01ğ›€ cm
2022-04-14 18:56:14,500 INFO Measurement at current 3e-05
2022-04-14 18:56:16,930 INFO T:258.68Â°K V:5.8867e-04V I:3.0000e-05A R:1.9622e+01ğ›€ E:3.4895e-02V/cm J:1.7493e-03A/cm2 ğ›’:1.9948e+01ğ›€ cm
2022-04-14 18:56:16,951 INFO Measurement at current 3e-05
2022-04-14 18:56:19,387 INFO T:258.77Â°K V:5.8774e-04V I:3.0000e-05A R:1.9591e+01ğ›€ E:3.4839e-02V/cm J:1.7493e-03A/cm2 ğ›’:1.9916e+01ğ›€ cm
2022-04-14 18:56:19,417 INFO Measurement at current 3e-05
2022-04-14 18:56:21,839 INFO T:258.86Â°K V:5.8742e-04V I:3.0000e-05A R:1.9581e+01ğ›€ E:3.4820e-02V/cm J:1.7493e-03A/cm2 ğ›’:1.9906e+01ğ›€ cm
2022-04-14 18:56:21,855 INFO Measurement at current 3e-05
2022-04-14 18:56:24,351 INFO T:258.95Â°K V:5.8795e-04V I:3.0000e-05A R:1.9598e+01ğ›€ E:3.4852e-02V/cm J:1.7493e-03A/cm2 ğ›’:1.9924e+01ğ›€ cm
2022-04-14 18:56:24,380 INFO Measurement at current 3e-05
2022-04-14 18:56:26,789 INFO T:259.03Â°K V:5.8912e-04V I:3.0000e-05A R:1.9637e+01ğ›€ E:3.4921e-02V/cm J:1.7493e-03A/cm2 ğ›’:1.9963e+01ğ›€ cm
2022-04-14 18:56:26,805 INFO Measurement at current 3e-05
2022-04-14 18:56:29,267 INFO T:259.12Â°K V:5.8808e-04V I:3.0000e-05A R:1.9603e+01ğ›€ E:3.4859e-02V/cm J:1.7493e-03A/cm2 ğ›’:1.9928e+01ğ›€ cm
2022-04-14 18:56:29,281 INFO Measurement at current 3e-05
2022-04-14 18:56:31,670 INFO T:259.21Â°K V:5.8703e-04V I:3.0000e-05A R:1.9568e+01ğ›€ E:3.4797e-02V/cm J:1.7493e-03A/cm2 ğ›’:1.9892e+01ğ›€ cm
2022-04-14 18:56:31,685 INFO Measurement at current 3e-05
2022-04-14 18:56:34,072 INFO T:259.29Â°K V:5.8762e-04V I:3.0000e-05A R:1.9587e+01ğ›€ E:3.4832e-02V/cm J:1.7493e-03A/cm2 ğ›’:1.9913e+01ğ›€ cm
2022-04-14 18:56:34,088 INFO Measurement at current 3e-05
2022-04-14 18:56:36,549 INFO T:259.38Â°K V:5.8721e-04V I:3.0000e-05A R:1.9574e+01ğ›€ E:3.4808e-02V/cm J:1.7493e-03A/cm2 ğ›’:1.9899e+01ğ›€ cm
2022-04-14 18:56:36,601 INFO Measurement at current 3e-05
2022-04-14 18:56:39,028 INFO T:259.46Â°K V:5.8350e-04V I:3.0000e-05A R:1.9450e+01ğ›€ E:3.4588e-02V/cm J:1.7493e-03A/cm2 ğ›’:1.9773e+01ğ›€ cm
2022-04-14 18:56:39,049 INFO Measurement at current 3e-05
2022-04-14 18:56:41,445 INFO T:259.55Â°K V:5.8137e-04V I:3.0000e-05A R:1.9379e+01ğ›€ E:3.4462e-02V/cm J:1.7493e-03A/cm2 ğ›’:1.9701e+01ğ›€ cm
2022-04-14 18:56:41,497 INFO Measurement at current 3e-05
2022-04-14 18:56:43,988 INFO T:259.64Â°K V:5.8016e-04V I:3.0000e-05A R:1.9339e+01ğ›€ E:3.4390e-02V/cm J:1.7493e-03A/cm2 ğ›’:1.9660e+01ğ›€ cm
2022-04-14 18:56:44,052 INFO Measurement at current 3e-05
2022-04-14 18:56:46,531 INFO T:259.73Â°K V:5.8152e-04V I:3.0000e-05A R:1.9384e+01ğ›€ E:3.4471e-02V/cm J:1.7493e-03A/cm2 ğ›’:1.9706e+01ğ›€ cm
2022-04-14 18:56:46,547 INFO Measurement at current 3e-05
2022-04-14 18:56:48,991 INFO T:259.81Â°K V:5.8596e-04V I:3.0000e-05A R:1.9532e+01ğ›€ E:3.4734e-02V/cm J:1.7493e-03A/cm2 ğ›’:1.9856e+01ğ›€ cm
2022-04-14 18:56:49,014 INFO Measurement at current 3e-05
2022-04-14 18:56:51,511 INFO T:259.90Â°K V:5.9267e-04V I:3.0000e-05A R:1.9756e+01ğ›€ E:3.5131e-02V/cm J:1.7493e-03A/cm2 ğ›’:2.0083e+01ğ›€ cm
2022-04-14 18:56:51,544 INFO Measurement at current 3e-05
2022-04-14 18:56:54,056 INFO T:259.99Â°K V:6.0091e-04V I:3.0000e-05A R:2.0030e+01ğ›€ E:3.5620e-02V/cm J:1.7493e-03A/cm2 ğ›’:2.0363e+01ğ›€ cm
2022-04-14 18:56:54,074 INFO Measurement at current 3e-05
2022-04-14 18:56:56,541 INFO T:260.08Â°K V:6.0852e-04V I:3.0000e-05A R:2.0284e+01ğ›€ E:3.6071e-02V/cm J:1.7493e-03A/cm2 ğ›’:2.0621e+01ğ›€ cm
2022-04-14 18:56:56,562 INFO Measurement at current 3e-05
2022-04-14 18:56:59,039 INFO T:260.16Â°K V:6.1426e-04V I:3.0000e-05A R:2.0475e+01ğ›€ E:3.6411e-02V/cm J:1.7493e-03A/cm2 ğ›’:2.0815e+01ğ›€ cm
2022-04-14 18:56:59,070 INFO Measurement at current 3e-05
2022-04-14 18:57:01,516 INFO T:260.25Â°K V:6.1806e-04V I:3.0000e-05A R:2.0602e+01ğ›€ E:3.6637e-02V/cm J:1.7493e-03A/cm2 ğ›’:2.0944e+01ğ›€ cm
2022-04-14 18:57:01,562 INFO Measurement at current 3e-05
2022-04-14 18:57:04,036 INFO T:260.34Â°K V:6.1959e-04V I:3.0000e-05A R:2.0653e+01ğ›€ E:3.6728e-02V/cm J:1.7493e-03A/cm2 ğ›’:2.0996e+01ğ›€ cm
2022-04-14 18:57:04,066 INFO Measurement at current 3e-05
2022-04-14 18:57:06,579 INFO T:260.42Â°K V:6.2519e-04V I:3.0000e-05A R:2.0840e+01ğ›€ E:3.7059e-02V/cm J:1.7493e-03A/cm2 ğ›’:2.1186e+01ğ›€ cm
2022-04-14 18:57:06,615 INFO Measurement at current 3e-05
2022-04-14 18:57:09,108 INFO T:260.51Â°K V:6.3748e-04V I:3.0000e-05A R:2.1249e+01ğ›€ E:3.7788e-02V/cm J:1.7493e-03A/cm2 ğ›’:2.1602e+01ğ›€ cm
2022-04-14 18:57:09,133 INFO Measurement at current 3e-05
2022-04-14 18:57:11,574 INFO T:260.60Â°K V:6.5223e-04V I:3.0000e-05A R:2.1741e+01ğ›€ E:3.8662e-02V/cm J:1.7493e-03A/cm2 ğ›’:2.2102e+01ğ›€ cm
2022-04-14 18:57:11,602 INFO Measurement at current 3e-05
2022-04-14 18:57:14,090 INFO T:260.68Â°K V:6.5771e-04V I:3.0000e-05A R:2.1924e+01ğ›€ E:3.8987e-02V/cm J:1.7493e-03A/cm2 ğ›’:2.2287e+01ğ›€ cm
2022-04-14 18:57:14,117 INFO Measurement at current 3e-05
2022-04-14 18:57:16,582 INFO T:260.77Â°K V:6.5707e-04V I:3.0000e-05A R:2.1902e+01ğ›€ E:3.8949e-02V/cm J:1.7493e-03A/cm2 ğ›’:2.2266e+01ğ›€ cm
2022-04-14 18:57:16,639 INFO Measurement at current 3e-05
2022-04-14 18:57:19,149 INFO T:260.85Â°K V:6.6035e-04V I:3.0000e-05A R:2.2012e+01ğ›€ E:3.9143e-02V/cm J:1.7493e-03A/cm2 ğ›’:2.2377e+01ğ›€ cm
2022-04-14 18:57:19,180 INFO Measurement at current 3e-05
2022-04-14 18:57:21,590 INFO T:260.93Â°K V:6.6276e-04V I:3.0000e-05A R:2.2092e+01ğ›€ E:3.9286e-02V/cm J:1.7493e-03A/cm2 ğ›’:2.2459e+01ğ›€ cm
2022-04-14 18:57:21,604 INFO Measurement at current 3e-05
2022-04-14 18:57:24,033 INFO T:261.01Â°K V:6.6382e-04V I:3.0000e-05A R:2.2127e+01ğ›€ E:3.9349e-02V/cm J:1.7493e-03A/cm2 ğ›’:2.2495e+01ğ›€ cm
2022-04-14 18:57:24,049 INFO Measurement at current 3e-05
2022-04-14 18:57:26,423 INFO T:261.09Â°K V:6.6254e-04V I:3.0000e-05A R:2.2085e+01ğ›€ E:3.9273e-02V/cm J:1.7493e-03A/cm2 ğ›’:2.2451e+01ğ›€ cm
2022-04-14 18:57:26,453 INFO Measurement at current 3e-05
2022-04-14 18:57:28,929 INFO T:261.17Â°K V:6.6099e-04V I:3.0000e-05A R:2.2033e+01ğ›€ E:3.9182e-02V/cm J:1.7493e-03A/cm2 ğ›’:2.2399e+01ğ›€ cm
2022-04-14 18:57:28,953 INFO Measurement at current 3e-05
2022-04-14 18:57:31,385 INFO T:261.26Â°K V:6.6021e-04V I:3.0000e-05A R:2.2007e+01ğ›€ E:3.9135e-02V/cm J:1.7493e-03A/cm2 ğ›’:2.2372e+01ğ›€ cm
2022-04-14 18:57:31,424 INFO Measurement at current 3e-05
2022-04-14 18:57:33,861 INFO T:261.34Â°K V:6.5994e-04V I:3.0000e-05A R:2.1998e+01ğ›€ E:3.9119e-02V/cm J:1.7493e-03A/cm2 ğ›’:2.2363e+01ğ›€ cm
2022-04-14 18:57:33,883 INFO Measurement at current 3e-05
2022-04-14 18:57:36,287 INFO T:261.42Â°K V:6.5929e-04V I:3.0000e-05A R:2.1976e+01ğ›€ E:3.9080e-02V/cm J:1.7493e-03A/cm2 ğ›’:2.2341e+01ğ›€ cm
2022-04-14 18:57:36,330 INFO Measurement at current 3e-05
2022-04-14 18:57:38,786 INFO T:261.49Â°K V:6.5893e-04V I:3.0000e-05A R:2.1964e+01ğ›€ E:3.9059e-02V/cm J:1.7493e-03A/cm2 ğ›’:2.2329e+01ğ›€ cm
2022-04-14 18:57:38,814 INFO Measurement at current 3e-05
2022-04-14 18:57:41,274 INFO T:261.57Â°K V:6.5832e-04V I:3.0000e-05A R:2.1944e+01ğ›€ E:3.9023e-02V/cm J:1.7493e-03A/cm2 ğ›’:2.2308e+01ğ›€ cm
2022-04-14 18:57:41,324 INFO Measurement at current 3e-05
2022-04-14 18:57:43,748 INFO T:261.65Â°K V:6.5769e-04V I:3.0000e-05A R:2.1923e+01ğ›€ E:3.8986e-02V/cm J:1.7493e-03A/cm2 ğ›’:2.2287e+01ğ›€ cm
2022-04-14 18:57:43,781 INFO Measurement at current 3e-05
2022-04-14 18:57:46,223 INFO T:261.73Â°K V:6.5718e-04V I:3.0000e-05A R:2.1906e+01ğ›€ E:3.8956e-02V/cm J:1.7493e-03A/cm2 ğ›’:2.2270e+01ğ›€ cm
2022-04-14 18:57:46,268 INFO Measurement at current 3e-05
2022-04-14 18:57:48,696 INFO T:261.82Â°K V:6.5683e-04V I:3.0000e-05A R:2.1894e+01ğ›€ E:3.8935e-02V/cm J:1.7493e-03A/cm2 ğ›’:2.2258e+01ğ›€ cm
2022-04-14 18:57:48,765 INFO Measurement at current 3e-05
2022-04-14 18:57:51,221 INFO T:261.90Â°K V:6.5661e-04V I:3.0000e-05A R:2.1887e+01ğ›€ E:3.8921e-02V/cm J:1.7493e-03A/cm2 ğ›’:2.2250e+01ğ›€ cm
2022-04-14 18:57:51,236 INFO Measurement at current 3e-05
2022-04-14 18:57:53,719 INFO T:261.98Â°K V:6.5610e-04V I:3.0000e-05A R:2.1870e+01ğ›€ E:3.8891e-02V/cm J:1.7493e-03A/cm2 ğ›’:2.2233e+01ğ›€ cm
2022-04-14 18:57:53,744 INFO Measurement at current 3e-05
2022-04-14 18:57:56,169 INFO T:262.06Â°K V:6.5575e-04V I:3.0000e-05A R:2.1858e+01ğ›€ E:3.8871e-02V/cm J:1.7493e-03A/cm2 ğ›’:2.2221e+01ğ›€ cm
2022-04-14 18:57:56,195 INFO Measurement at current 3e-05
2022-04-14 18:57:58,595 INFO T:262.14Â°K V:6.5558e-04V I:3.0000e-05A R:2.1853e+01ğ›€ E:3.8861e-02V/cm J:1.7493e-03A/cm2 ğ›’:2.2215e+01ğ›€ cm
2022-04-14 18:57:58,609 INFO Measurement at current 3e-05
2022-04-14 18:58:01,044 INFO T:262.24Â°K V:6.5564e-04V I:3.0000e-05A R:2.1855e+01ğ›€ E:3.8864e-02V/cm J:1.7493e-03A/cm2 ğ›’:2.2217e+01ğ›€ cm
2022-04-14 18:58:01,082 INFO Measurement at current 3e-05
2022-04-14 18:58:03,492 INFO T:262.31Â°K V:6.5612e-04V I:3.0000e-05A R:2.1871e+01ğ›€ E:3.8893e-02V/cm J:1.7493e-03A/cm2 ğ›’:2.2234e+01ğ›€ cm
2022-04-14 18:58:03,529 INFO Measurement at current 3e-05
2022-04-14 18:58:06,022 INFO T:262.38Â°K V:6.5625e-04V I:3.0000e-05A R:2.1875e+01ğ›€ E:3.8900e-02V/cm J:1.7493e-03A/cm2 ğ›’:2.2238e+01ğ›€ cm
2022-04-14 18:58:06,072 INFO Measurement at current 3e-05
2022-04-14 18:58:08,469 INFO T:262.46Â°K V:6.5277e-04V I:3.0000e-05A R:2.1759e+01ğ›€ E:3.8694e-02V/cm J:1.7493e-03A/cm2 ğ›’:2.2120e+01ğ›€ cm
2022-04-14 18:58:08,481 INFO Measurement at current 3e-05
2022-04-14 18:58:10,882 INFO T:262.54Â°K V:6.4921e-04V I:3.0000e-05A R:2.1640e+01ğ›€ E:3.8483e-02V/cm J:1.7493e-03A/cm2 ğ›’:2.1999e+01ğ›€ cm
2022-04-14 18:58:10,930 INFO Measurement at current 3e-05
2022-04-14 18:58:13,382 INFO T:262.61Â°K V:6.4711e-04V I:3.0000e-05A R:2.1570e+01ğ›€ E:3.8358e-02V/cm J:1.7493e-03A/cm2 ğ›’:2.1928e+01ğ›€ cm
2022-04-14 18:58:13,419 INFO Measurement at current 3e-05
2022-04-14 18:58:15,957 INFO T:262.69Â°K V:6.4802e-04V I:3.0000e-05A R:2.1601e+01ğ›€ E:3.8413e-02V/cm J:1.7493e-03A/cm2 ğ›’:2.1959e+01ğ›€ cm
2022-04-14 18:58:15,973 INFO Measurement at current 3e-05
2022-04-14 18:58:18,433 INFO T:262.77Â°K V:6.5211e-04V I:3.0000e-05A R:2.1737e+01ğ›€ E:3.8655e-02V/cm J:1.7493e-03A/cm2 ğ›’:2.2098e+01ğ›€ cm
2022-04-14 18:58:18,469 INFO Measurement at current 3e-05
2022-04-14 18:58:20,854 INFO T:262.84Â°K V:6.5518e-04V I:3.0000e-05A R:2.1839e+01ğ›€ E:3.8837e-02V/cm J:1.7493e-03A/cm2 ğ›’:2.2202e+01ğ›€ cm
2022-04-14 18:58:20,877 INFO Measurement at current 3e-05
2022-04-14 18:58:23,343 INFO T:262.92Â°K V:6.5188e-04V I:3.0000e-05A R:2.1729e+01ğ›€ E:3.8641e-02V/cm J:1.7493e-03A/cm2 ğ›’:2.2090e+01ğ›€ cm
2022-04-14 18:58:23,365 INFO Measurement at current 3e-05
2022-04-14 18:58:25,780 INFO T:262.99Â°K V:6.4622e-04V I:3.0000e-05A R:2.1541e+01ğ›€ E:3.8306e-02V/cm J:1.7493e-03A/cm2 ğ›’:2.1898e+01ğ›€ cm
2022-04-14 18:58:25,819 INFO Measurement at current 3e-05
2022-04-14 18:58:28,250 INFO T:263.07Â°K V:6.4270e-04V I:3.0000e-05A R:2.1423e+01ğ›€ E:3.8098e-02V/cm J:1.7493e-03A/cm2 ğ›’:2.1779e+01ğ›€ cm
2022-04-14 18:58:28,273 INFO Measurement at current 3e-05
2022-04-14 18:58:30,695 INFO T:263.15Â°K V:6.4434e-04V I:3.0000e-05A R:2.1478e+01ğ›€ E:3.8195e-02V/cm J:1.7493e-03A/cm2 ğ›’:2.1835e+01ğ›€ cm
2022-04-14 18:58:30,730 INFO Measurement at current 3e-05
2022-04-14 18:58:33,188 INFO T:263.22Â°K V:6.4062e-04V I:3.0000e-05A R:2.1354e+01ğ›€ E:3.7974e-02V/cm J:1.7493e-03A/cm2 ğ›’:2.1708e+01ğ›€ cm
2022-04-14 18:58:33,207 INFO Measurement at current 3e-05
2022-04-14 18:58:35,654 INFO T:263.30Â°K V:6.4081e-04V I:3.0000e-05A R:2.1360e+01ğ›€ E:3.7985e-02V/cm J:1.7493e-03A/cm2 ğ›’:2.1715e+01ğ›€ cm
2022-04-14 18:58:35,676 INFO Measurement at current 3e-05
2022-04-14 18:58:38,173 INFO T:263.38Â°K V:6.3813e-04V I:3.0000e-05A R:2.1271e+01ğ›€ E:3.7826e-02V/cm J:1.7493e-03A/cm2 ğ›’:2.1624e+01ğ›€ cm
2022-04-14 18:58:38,220 INFO Measurement at current 3e-05
2022-04-14 18:58:40,643 INFO T:263.45Â°K V:6.3550e-04V I:3.0000e-05A R:2.1183e+01ğ›€ E:3.7671e-02V/cm J:1.7493e-03A/cm2 ğ›’:2.1535e+01ğ›€ cm
2022-04-14 18:58:40,668 INFO Measurement at current 3e-05
2022-04-14 18:58:43,116 INFO T:263.53Â°K V:6.3050e-04V I:3.0000e-05A R:2.1017e+01ğ›€ E:3.7374e-02V/cm J:1.7493e-03A/cm2 ğ›’:2.1366e+01ğ›€ cm
2022-04-14 18:58:43,169 INFO Measurement at current 3e-05
2022-04-14 18:58:45,575 INFO T:263.61Â°K V:6.2671e-04V I:3.0000e-05A R:2.0890e+01ğ›€ E:3.7149e-02V/cm J:1.7493e-03A/cm2 ğ›’:2.1237e+01ğ›€ cm
2022-04-14 18:58:45,597 INFO Measurement at current 3e-05
2022-04-14 18:58:48,098 INFO T:263.68Â°K V:6.2541e-04V I:3.0000e-05A R:2.0847e+01ğ›€ E:3.7072e-02V/cm J:1.7493e-03A/cm2 ğ›’:2.1193e+01ğ›€ cm
2022-04-14 18:58:48,130 INFO Measurement at current 3e-05
2022-04-14 18:58:50,564 INFO T:263.76Â°K V:6.2455e-04V I:3.0000e-05A R:2.0818e+01ğ›€ E:3.7021e-02V/cm J:1.7493e-03A/cm2 ğ›’:2.1164e+01ğ›€ cm
2022-04-14 18:58:50,578 INFO Measurement at current 3e-05
2022-04-14 18:58:52,964 INFO T:263.83Â°K V:6.2387e-04V I:3.0000e-05A R:2.0796e+01ğ›€ E:3.6981e-02V/cm J:1.7493e-03A/cm2 ğ›’:2.1141e+01ğ›€ cm
2022-04-14 18:58:52,988 INFO Measurement at current 3e-05
2022-04-14 18:58:55,422 INFO T:263.91Â°K V:6.2359e-04V I:3.0000e-05A R:2.0786e+01ğ›€ E:3.6964e-02V/cm J:1.7493e-03A/cm2 ğ›’:2.1131e+01ğ›€ cm
2022-04-14 18:58:55,454 INFO Measurement at current 3e-05
2022-04-14 18:58:57,877 INFO T:263.98Â°K V:6.2312e-04V I:3.0000e-05A R:2.0771e+01ğ›€ E:3.6937e-02V/cm J:1.7493e-03A/cm2 ğ›’:2.1115e+01ğ›€ cm
2022-04-14 18:58:57,957 INFO Measurement at current 3e-05
2022-04-14 18:59:00,412 INFO T:264.05Â°K V:6.2226e-04V I:3.0000e-05A R:2.0742e+01ğ›€ E:3.6886e-02V/cm J:1.7493e-03A/cm2 ğ›’:2.1086e+01ğ›€ cm
2022-04-14 18:59:00,438 INFO Measurement at current 3e-05
2022-04-14 18:59:02,853 INFO T:264.12Â°K V:6.2066e-04V I:3.0000e-05A R:2.0689e+01ğ›€ E:3.6791e-02V/cm J:1.7493e-03A/cm2 ğ›’:2.1032e+01ğ›€ cm
2022-04-14 18:59:02,880 INFO Measurement at current 3e-05
2022-04-14 18:59:05,402 INFO T:264.20Â°K V:6.2070e-04V I:3.0000e-05A R:2.0690e+01ğ›€ E:3.6793e-02V/cm J:1.7493e-03A/cm2 ğ›’:2.1034e+01ğ›€ cm
2022-04-14 18:59:05,442 INFO Measurement at current 3e-05
2022-04-14 18:59:07,932 INFO T:264.27Â°K V:6.2212e-04V I:3.0000e-05A R:2.0737e+01ğ›€ E:3.6877e-02V/cm J:1.7493e-03A/cm2 ğ›’:2.1082e+01ğ›€ cm
2022-04-14 18:59:07,978 INFO Measurement at current 3e-05
2022-04-14 18:59:10,395 INFO T:264.34Â°K V:6.2597e-04V I:3.0000e-05A R:2.0866e+01ğ›€ E:3.7105e-02V/cm J:1.7493e-03A/cm2 ğ›’:2.1212e+01ğ›€ cm
2022-04-14 18:59:10,436 INFO Measurement at current 3e-05
2022-04-14 18:59:12,981 INFO T:264.42Â°K V:6.3413e-04V I:3.0000e-05A R:2.1138e+01ğ›€ E:3.7589e-02V/cm J:1.7493e-03A/cm2 ğ›’:2.1488e+01ğ›€ cm
2022-04-14 18:59:13,028 INFO Measurement at current 3e-05
2022-04-14 18:59:15,467 INFO T:264.50Â°K V:6.4127e-04V I:3.0000e-05A R:2.1376e+01ğ›€ E:3.8013e-02V/cm J:1.7493e-03A/cm2 ğ›’:2.1731e+01ğ›€ cm
2022-04-14 18:59:15,500 INFO Measurement at current 3e-05
2022-04-14 18:59:17,947 INFO T:264.58Â°K V:6.4522e-04V I:3.0000e-05A R:2.1507e+01ğ›€ E:3.8247e-02V/cm J:1.7493e-03A/cm2 ğ›’:2.1864e+01ğ›€ cm
2022-04-14 18:59:17,973 INFO Measurement at current 3e-05
2022-04-14 18:59:20,400 INFO T:264.65Â°K V:6.4644e-04V I:3.0000e-05A R:2.1548e+01ğ›€ E:3.8319e-02V/cm J:1.7493e-03A/cm2 ğ›’:2.1906e+01ğ›€ cm
2022-04-14 18:59:20,414 INFO Measurement at current 3e-05
2022-04-14 18:59:22,923 INFO T:264.72Â°K V:6.3947e-04V I:3.0000e-05A R:2.1316e+01ğ›€ E:3.7906e-02V/cm J:1.7493e-03A/cm2 ğ›’:2.1670e+01ğ›€ cm
2022-04-14 18:59:22,976 INFO Measurement at current 3e-05
2022-04-14 18:59:25,455 INFO T:264.79Â°K V:6.3170e-04V I:3.0000e-05A R:2.1057e+01ğ›€ E:3.7445e-02V/cm J:1.7493e-03A/cm2 ğ›’:2.1406e+01ğ›€ cm
2022-04-14 18:59:25,487 INFO Measurement at current 3e-05
2022-04-14 18:59:27,892 INFO T:264.85Â°K V:6.2436e-04V I:3.0000e-05A R:2.0812e+01ğ›€ E:3.7010e-02V/cm J:1.7493e-03A/cm2 ğ›’:2.1158e+01ğ›€ cm
2022-04-14 18:59:27,906 INFO Measurement at current 3e-05
2022-04-14 18:59:30,293 INFO T:264.92Â°K V:6.1905e-04V I:3.0000e-05A R:2.0635e+01ğ›€ E:3.6695e-02V/cm J:1.7493e-03A/cm2 ğ›’:2.0977e+01ğ›€ cm
2022-04-14 18:59:30,314 INFO Measurement at current 3e-05
2022-04-14 18:59:32,727 INFO T:264.99Â°K V:6.1438e-04V I:3.0000e-05A R:2.0479e+01ğ›€ E:3.6418e-02V/cm J:1.7493e-03A/cm2 ğ›’:2.0819e+01ğ›€ cm
2022-04-14 18:59:32,765 INFO Measurement at current 3e-05
2022-04-14 18:59:35,247 INFO T:265.06Â°K V:6.1083e-04V I:3.0000e-05A R:2.0361e+01ğ›€ E:3.6208e-02V/cm J:1.7493e-03A/cm2 ğ›’:2.0699e+01ğ›€ cm
2022-04-14 18:59:35,271 INFO Measurement at current 3e-05
2022-04-14 18:59:37,741 INFO T:265.14Â°K V:6.0692e-04V I:3.0000e-05A R:2.0231e+01ğ›€ E:3.5976e-02V/cm J:1.7493e-03A/cm2 ğ›’:2.0566e+01ğ›€ cm
2022-04-14 18:59:37,770 INFO Measurement at current 3e-05
2022-04-14 18:59:40,187 INFO T:265.20Â°K V:5.9829e-04V I:3.0000e-05A R:1.9943e+01ğ›€ E:3.5465e-02V/cm J:1.7493e-03A/cm2 ğ›’:2.0274e+01ğ›€ cm
2022-04-14 18:59:40,238 INFO Measurement at current 3e-05
2022-04-14 18:59:42,623 INFO T:265.27Â°K V:5.8875e-04V I:3.0000e-05A R:1.9625e+01ğ›€ E:3.4899e-02V/cm J:1.7493e-03A/cm2 ğ›’:1.9951e+01ğ›€ cm
2022-04-14 18:59:42,663 INFO Measurement at current 3e-05
2022-04-14 18:59:45,076 INFO T:265.33Â°K V:5.7928e-04V I:3.0000e-05A R:1.9309e+01ğ›€ E:3.4338e-02V/cm J:1.7493e-03A/cm2 ğ›’:1.9630e+01ğ›€ cm
2022-04-14 18:59:45,106 INFO Measurement at current 3e-05
2022-04-14 18:59:47,558 INFO T:265.40Â°K V:5.6811e-04V I:3.0000e-05A R:1.8937e+01ğ›€ E:3.3675e-02V/cm J:1.7493e-03A/cm2 ğ›’:1.9251e+01ğ›€ cm
2022-04-14 18:59:47,581 INFO Measurement at current 3e-05
2022-04-14 18:59:50,018 INFO T:265.47Â°K V:5.5982e-04V I:3.0000e-05A R:1.8661e+01ğ›€ E:3.3184e-02V/cm J:1.7493e-03A/cm2 ğ›’:1.8970e+01ğ›€ cm
2022-04-14 18:59:50,055 INFO Measurement at current 3e-05
2022-04-14 18:59:52,494 INFO T:265.54Â°K V:5.5559e-04V I:3.0000e-05A R:1.8520e+01ğ›€ E:3.2934e-02V/cm J:1.7493e-03A/cm2 ğ›’:1.8827e+01ğ›€ cm
2022-04-14 18:59:52,524 INFO Measurement at current 3e-05
2022-04-14 18:59:55,027 INFO T:265.61Â°K V:5.5303e-04V I:3.0000e-05A R:1.8434e+01ğ›€ E:3.2782e-02V/cm J:1.7493e-03A/cm2 ğ›’:1.8740e+01ğ›€ cm
2022-04-14 18:59:55,046 INFO Measurement at current 3e-05
2022-04-14 18:59:57,474 INFO T:265.68Â°K V:5.5022e-04V I:3.0000e-05A R:1.8341e+01ğ›€ E:3.2616e-02V/cm J:1.7493e-03A/cm2 ğ›’:1.8645e+01ğ›€ cm
2022-04-14 18:59:57,513 INFO Measurement at current 3e-05
2022-04-14 18:59:59,918 INFO T:265.74Â°K V:5.4791e-04V I:3.0000e-05A R:1.8264e+01ğ›€ E:3.2478e-02V/cm J:1.7493e-03A/cm2 ğ›’:1.8567e+01ğ›€ cm
2022-04-14 18:59:59,939 INFO Measurement at current 3e-05
2022-04-14 19:00:02,423 INFO T:265.81Â°K V:5.4733e-04V I:3.0000e-05A R:1.8244e+01ğ›€ E:3.2444e-02V/cm J:1.7493e-03A/cm2 ğ›’:1.8547e+01ğ›€ cm
2022-04-14 19:00:02,452 INFO Measurement at current 3e-05
2022-04-14 19:00:04,908 INFO T:265.88Â°K V:5.4826e-04V I:3.0000e-05A R:1.8275e+01ğ›€ E:3.2499e-02V/cm J:1.7493e-03A/cm2 ğ›’:1.8579e+01ğ›€ cm
2022-04-14 19:00:04,936 INFO Measurement at current 3e-05
2022-04-14 19:00:07,387 INFO T:265.95Â°K V:5.5150e-04V I:3.0000e-05A R:1.8383e+01ğ›€ E:3.2691e-02V/cm J:1.7493e-03A/cm2 ğ›’:1.8689e+01ğ›€ cm
2022-04-14 19:00:07,422 INFO Measurement at current 3e-05
2022-04-14 19:00:09,885 INFO T:266.02Â°K V:5.5635e-04V I:3.0000e-05A R:1.8545e+01ğ›€ E:3.2979e-02V/cm J:1.7493e-03A/cm2 ğ›’:1.8853e+01ğ›€ cm
2022-04-14 19:00:09,915 INFO Measurement at current 3e-05
2022-04-14 19:00:12,314 INFO T:266.09Â°K V:5.5711e-04V I:3.0000e-05A R:1.8570e+01ğ›€ E:3.3024e-02V/cm J:1.7493e-03A/cm2 ğ›’:1.8879e+01ğ›€ cm
2022-04-14 19:00:12,350 INFO Measurement at current 3e-05
2022-04-14 19:00:14,767 INFO T:266.15Â°K V:5.5568e-04V I:3.0000e-05A R:1.8523e+01ğ›€ E:3.2939e-02V/cm J:1.7493e-03A/cm2 ğ›’:1.8830e+01ğ›€ cm
2022-04-14 19:00:14,802 INFO Measurement at current 3e-05
2022-04-14 19:00:17,235 INFO T:266.22Â°K V:5.5303e-04V I:3.0000e-05A R:1.8434e+01ğ›€ E:3.2782e-02V/cm J:1.7493e-03A/cm2 ğ›’:1.8740e+01ğ›€ cm
2022-04-14 19:00:17,267 INFO Measurement at current 3e-05
2022-04-14 19:00:19,705 INFO T:266.29Â°K V:5.4868e-04V I:3.0000e-05A R:1.8289e+01ğ›€ E:3.2524e-02V/cm J:1.7493e-03A/cm2 ğ›’:1.8593e+01ğ›€ cm
2022-04-14 19:00:19,731 INFO Measurement at current 3e-05
2022-04-14 19:00:22,141 INFO T:266.35Â°K V:5.4607e-04V I:3.0000e-05A R:1.8202e+01ğ›€ E:3.2369e-02V/cm J:1.7493e-03A/cm2 ğ›’:1.8504e+01ğ›€ cm
2022-04-14 19:00:22,154 INFO Measurement at current 3e-05
2022-04-14 19:00:24,603 INFO T:266.42Â°K V:5.4456e-04V I:3.0000e-05A R:1.8152e+01ğ›€ E:3.2280e-02V/cm J:1.7493e-03A/cm2 ğ›’:1.8453e+01ğ›€ cm
2022-04-14 19:00:24,644 INFO Measurement at current 3e-05
2022-04-14 19:00:27,076 INFO T:266.48Â°K V:5.4408e-04V I:3.0000e-05A R:1.8136e+01ğ›€ E:3.2252e-02V/cm J:1.7493e-03A/cm2 ğ›’:1.8437e+01ğ›€ cm
2022-04-14 19:00:27,097 INFO Measurement at current 3e-05
2022-04-14 19:00:29,566 INFO T:266.55Â°K V:5.4419e-04V I:3.0000e-05A R:1.8140e+01ğ›€ E:3.2258e-02V/cm J:1.7493e-03A/cm2 ğ›’:1.8441e+01ğ›€ cm
2022-04-14 19:00:29,585 INFO Measurement at current 3e-05
2022-04-14 19:00:32,044 INFO T:266.62Â°K V:5.4379e-04V I:3.0000e-05A R:1.8126e+01ğ›€ E:3.2234e-02V/cm J:1.7493e-03A/cm2 ğ›’:1.8427e+01ğ›€ cm
2022-04-14 19:00:32,084 INFO Measurement at current 3e-05
2022-04-14 19:00:34,506 INFO T:266.68Â°K V:5.4413e-04V I:3.0000e-05A R:1.8138e+01ğ›€ E:3.2254e-02V/cm J:1.7493e-03A/cm2 ğ›’:1.8439e+01ğ›€ cm
2022-04-14 19:00:34,533 INFO Measurement at current 3e-05
2022-04-14 19:00:36,982 INFO T:266.74Â°K V:5.4458e-04V I:3.0000e-05A R:1.8153e+01ğ›€ E:3.2281e-02V/cm J:1.7493e-03A/cm2 ğ›’:1.8454e+01ğ›€ cm
2022-04-14 19:01:15,305 INFO Measurement at current 3e-05
2022-04-14 19:01:17,785 INFO T:268.89Â°K V:4.9906e-04V I:3.0000e-05A R:1.6635e+01ğ›€ E:2.9583e-02V/cm J:1.7493e-03A/cm2 ğ›’:1.6912e+01ğ›€ cm
2022-04-14 19:01:17,817 INFO Measurement at current 3e-05
2022-04-14 19:01:20,293 INFO T:268.98Â°K V:4.9855e-04V I:3.0000e-05A R:1.6618e+01ğ›€ E:2.9553e-02V/cm J:1.7493e-03A/cm2 ğ›’:1.6894e+01ğ›€ cm
2022-04-14 19:01:20,318 INFO Measurement at current 3e-05
2022-04-14 19:01:22,741 INFO T:269.08Â°K V:4.9801e-04V I:3.0000e-05A R:1.6600e+01ğ›€ E:2.9521e-02V/cm J:1.7493e-03A/cm2 ğ›’:1.6876e+01ğ›€ cm
2022-04-14 19:01:22,769 INFO Measurement at current 3e-05
2022-04-14 19:01:25,216 INFO T:269.16Â°K V:4.9728e-04V I:3.0000e-05A R:1.6576e+01ğ›€ E:2.9477e-02V/cm J:1.7493e-03A/cm2 ğ›’:1.6851e+01ğ›€ cm
2022-04-14 19:01:25,230 INFO Measurement at current 3e-05
2022-04-14 19:01:27,676 INFO T:269.25Â°K V:4.9691e-04V I:3.0000e-05A R:1.6564e+01ğ›€ E:2.9455e-02V/cm J:1.7493e-03A/cm2 ğ›’:1.6839e+01ğ›€ cm
2022-04-14 19:01:27,696 INFO Measurement at current 3e-05
2022-04-14 19:01:30,143 INFO T:269.33Â°K V:4.9677e-04V I:3.0000e-05A R:1.6559e+01ğ›€ E:2.9447e-02V/cm J:1.7493e-03A/cm2 ğ›’:1.6834e+01ğ›€ cm
2022-04-14 19:01:30,167 INFO Measurement at current 3e-05
2022-04-14 19:01:32,564 INFO T:269.41Â°K V:4.9643e-04V I:3.0000e-05A R:1.6548e+01ğ›€ E:2.9427e-02V/cm J:1.7493e-03A/cm2 ğ›’:1.6822e+01ğ›€ cm
2022-04-14 19:01:32,588 INFO Measurement at current 3e-05
2022-04-14 19:01:35,071 INFO T:269.48Â°K V:4.9610e-04V I:3.0000e-05A R:1.6537e+01ğ›€ E:2.9407e-02V/cm J:1.7493e-03A/cm2 ğ›’:1.6811e+01ğ›€ cm
2022-04-14 19:01:35,095 INFO Measurement at current 3e-05
2022-04-14 19:01:37,564 INFO T:269.56Â°K V:4.9594e-04V I:3.0000e-05A R:1.6531e+01ğ›€ E:2.9398e-02V/cm J:1.7493e-03A/cm2 ğ›’:1.6806e+01ğ›€ cm
2022-04-14 19:01:37,598 INFO Measurement at current 3e-05
2022-04-14 19:01:40,067 INFO T:269.63Â°K V:4.9563e-04V I:3.0000e-05A R:1.6521e+01ğ›€ E:2.9380e-02V/cm J:1.7493e-03A/cm2 ğ›’:1.6795e+01ğ›€ cm
2022-04-14 19:01:40,093 INFO Measurement at current 3e-05
2022-04-14 19:01:42,591 INFO T:269.70Â°K V:4.9503e-04V I:3.0000e-05A R:1.6501e+01ğ›€ E:2.9344e-02V/cm J:1.7493e-03A/cm2 ğ›’:1.6775e+01ğ›€ cm
2022-04-14 19:01:42,613 INFO Measurement at current 3e-05
2022-04-14 19:01:45,066 INFO T:269.77Â°K V:4.9443e-04V I:3.0000e-05A R:1.6481e+01ğ›€ E:2.9308e-02V/cm J:1.7493e-03A/cm2 ğ›’:1.6755e+01ğ›€ cm
2022-04-14 19:01:45,107 INFO Measurement at current 3e-05
2022-04-14 19:01:47,540 INFO T:269.83Â°K V:4.9446e-04V I:3.0000e-05A R:1.6482e+01ğ›€ E:2.9310e-02V/cm J:1.7493e-03A/cm2 ğ›’:1.6755e+01ğ›€ cm
2022-04-14 19:01:47,564 INFO Measurement at current 3e-05
2022-04-14 19:01:50,018 INFO T:269.90Â°K V:4.9426e-04V I:3.0000e-05A R:1.6475e+01ğ›€ E:2.9298e-02V/cm J:1.7493e-03A/cm2 ğ›’:1.6749e+01ğ›€ cm
2022-04-14 19:01:50,049 INFO Measurement at current 3e-05
2022-04-14 19:01:52,458 INFO T:269.96Â°K V:4.9427e-04V I:3.0000e-05A R:1.6476e+01ğ›€ E:2.9299e-02V/cm J:1.7493e-03A/cm2 ğ›’:1.6749e+01ğ›€ cm
2022-04-14 19:01:52,481 INFO Measurement at current 3e-05
2022-04-14 19:01:54,927 INFO T:270.02Â°K V:4.9489e-04V I:3.0000e-05A R:1.6496e+01ğ›€ E:2.9335e-02V/cm J:1.7493e-03A/cm2 ğ›’:1.6770e+01ğ›€ cm
2022-04-14 19:01:54,944 INFO Measurement at current 3e-05
2022-04-14 19:01:57,348 INFO T:270.09Â°K V:4.9527e-04V I:3.0000e-05A R:1.6509e+01ğ›€ E:2.9358e-02V/cm J:1.7493e-03A/cm2 ğ›’:1.6783e+01ğ›€ cm
2022-04-14 19:01:57,405 INFO Measurement at current 3e-05
2022-04-14 19:01:59,817 INFO T:270.15Â°K V:4.9516e-04V I:3.0000e-05A R:1.6505e+01ğ›€ E:2.9352e-02V/cm J:1.7493e-03A/cm2 ğ›’:1.6779e+01ğ›€ cm
2022-04-14 19:01:59,832 INFO Measurement at current 3e-05
2022-04-14 19:02:02,259 INFO T:270.21Â°K V:4.9473e-04V I:3.0000e-05A R:1.6491e+01ğ›€ E:2.9326e-02V/cm J:1.7493e-03A/cm2 ğ›’:1.6765e+01ğ›€ cm
2022-04-14 19:02:02,283 INFO Measurement at current 3e-05
2022-04-14 19:02:04,714 INFO T:270.26Â°K V:4.9356e-04V I:3.0000e-05A R:1.6452e+01ğ›€ E:2.9257e-02V/cm J:1.7493e-03A/cm2 ğ›’:1.6725e+01ğ›€ cm
2022-04-14 19:02:04,737 INFO Measurement at current 3e-05
2022-04-14 19:02:07,177 INFO T:270.32Â°K V:4.9230e-04V I:3.0000e-05A R:1.6410e+01ğ›€ E:2.9182e-02V/cm J:1.7493e-03A/cm2 ğ›’:1.6682e+01ğ›€ cm
2022-04-14 19:02:07,210 INFO Measurement at current 3e-05
2022-04-14 19:02:09,635 INFO T:270.38Â°K V:4.9136e-04V I:3.0000e-05A R:1.6379e+01ğ›€ E:2.9126e-02V/cm J:1.7493e-03A/cm2 ğ›’:1.6650e+01ğ›€ cm
2022-04-14 19:02:09,659 INFO Measurement at current 3e-05
2022-04-14 19:02:12,066 INFO T:270.43Â°K V:4.9093e-04V I:3.0000e-05A R:1.6364e+01ğ›€ E:2.9101e-02V/cm J:1.7493e-03A/cm2 ğ›’:1.6636e+01ğ›€ cm
2022-04-14 19:02:12,088 INFO Measurement at current 3e-05
2022-04-14 19:02:14,530 INFO T:270.49Â°K V:4.9081e-04V I:3.0000e-05A R:1.6360e+01ğ›€ E:2.9094e-02V/cm J:1.7493e-03A/cm2 ğ›’:1.6632e+01ğ›€ cm
2022-04-14 19:02:14,546 INFO Measurement at current 3e-05
2022-04-14 19:02:16,979 INFO T:270.55Â°K V:4.9081e-04V I:3.0000e-05A R:1.6360e+01ğ›€ E:2.9094e-02V/cm J:1.7493e-03A/cm2 ğ›’:1.6632e+01ğ›€ cm
2022-04-14 19:02:17,004 INFO Measurement at current 3e-05
2022-04-14 19:02:19,442 INFO T:270.60Â°K V:4.9083e-04V I:3.0000e-05A R:1.6361e+01ğ›€ E:2.9095e-02V/cm J:1.7493e-03A/cm2 ğ›’:1.6632e+01ğ›€ cm
2022-04-14 19:02:19,469 INFO Measurement at current 3e-05
2022-04-14 19:02:21,921 INFO T:270.65Â°K V:4.9069e-04V I:3.0000e-05A R:1.6356e+01ğ›€ E:2.9086e-02V/cm J:1.7493e-03A/cm2 ğ›’:1.6628e+01ğ›€ cm
2022-04-14 19:02:21,951 INFO Measurement at current 3e-05
2022-04-14 19:02:24,356 INFO T:270.70Â°K V:4.9077e-04V I:3.0000e-05A R:1.6359e+01ğ›€ E:2.9091e-02V/cm J:1.7493e-03A/cm2 ğ›’:1.6631e+01ğ›€ cm
2022-04-14 19:02:24,377 INFO Measurement at current 3e-05
2022-04-14 19:02:26,839 INFO T:270.76Â°K V:4.9057e-04V I:3.0000e-05A R:1.6352e+01ğ›€ E:2.9079e-02V/cm J:1.7493e-03A/cm2 ğ›’:1.6624e+01ğ›€ cm
2022-04-14 19:02:26,869 INFO Measurement at current 3e-05
2022-04-14 19:02:29,342 INFO T:270.81Â°K V:4.9007e-04V I:3.0000e-05A R:1.6336e+01ğ›€ E:2.9050e-02V/cm J:1.7493e-03A/cm2 ğ›’:1.6607e+01ğ›€ cm
2022-04-14 19:02:29,363 INFO Measurement at current 3e-05
2022-04-14 19:02:31,849 INFO T:270.86Â°K V:4.8941e-04V I:3.0000e-05A R:1.6314e+01ğ›€ E:2.9010e-02V/cm J:1.7493e-03A/cm2 ğ›’:1.6584e+01ğ›€ cm
2022-04-14 19:02:31,867 INFO Measurement at current 3e-05
2022-04-14 19:02:34,349 INFO T:270.90Â°K V:4.8883e-04V I:3.0000e-05A R:1.6294e+01ğ›€ E:2.8976e-02V/cm J:1.7493e-03A/cm2 ğ›’:1.6565e+01ğ›€ cm
2022-04-14 19:02:34,374 INFO Measurement at current 3e-05
2022-04-14 19:02:36,781 INFO T:270.95Â°K V:4.8856e-04V I:3.0000e-05A R:1.6285e+01ğ›€ E:2.8960e-02V/cm J:1.7493e-03A/cm2 ğ›’:1.6556e+01ğ›€ cm
2022-04-14 19:02:36,800 INFO Measurement at current 3e-05
2022-04-14 19:02:39,231 INFO T:271.00Â°K V:4.8847e-04V I:3.0000e-05A R:1.6282e+01ğ›€ E:2.8955e-02V/cm J:1.7493e-03A/cm2 ğ›’:1.6553e+01ğ›€ cm
2022-04-14 19:02:39,246 INFO Measurement at current 3e-05
2022-04-14 19:02:41,691 INFO T:271.04Â°K V:4.8843e-04V I:3.0000e-05A R:1.6281e+01ğ›€ E:2.8952e-02V/cm J:1.7493e-03A/cm2 ğ›’:1.6551e+01ğ›€ cm
2022-04-14 19:02:41,714 INFO Measurement at current 3e-05
2022-04-14 19:02:44,137 INFO T:271.08Â°K V:4.8868e-04V I:3.0000e-05A R:1.6289e+01ğ›€ E:2.8967e-02V/cm J:1.7493e-03A/cm2 ğ›’:1.6560e+01ğ›€ cm
2022-04-14 19:02:44,157 INFO Measurement at current 3e-05
2022-04-14 19:02:46,586 INFO T:271.12Â°K V:4.8909e-04V I:3.0000e-05A R:1.6303e+01ğ›€ E:2.8992e-02V/cm J:1.7493e-03A/cm2 ğ›’:1.6574e+01ğ›€ cm
2022-04-14 19:02:46,616 INFO Measurement at current 3e-05
2022-04-14 19:02:49,091 INFO T:271.16Â°K V:4.8946e-04V I:3.0000e-05A R:1.6315e+01ğ›€ E:2.9014e-02V/cm J:1.7493e-03A/cm2 ğ›’:1.6586e+01ğ›€ cm
2022-04-14 19:02:49,127 INFO Measurement at current 3e-05
2022-04-14 19:02:51,559 INFO T:271.20Â°K V:4.8967e-04V I:3.0000e-05A R:1.6322e+01ğ›€ E:2.9026e-02V/cm J:1.7493e-03A/cm2 ğ›’:1.6593e+01ğ›€ cm
2022-04-14 19:02:51,597 INFO Measurement at current 3e-05
2022-04-14 19:02:54,099 INFO T:271.24Â°K V:4.8984e-04V I:3.0000e-05A R:1.6328e+01ğ›€ E:2.9036e-02V/cm J:1.7493e-03A/cm2 ğ›’:1.6599e+01ğ›€ cm
2022-04-14 19:02:54,132 INFO Measurement at current 3e-05
2022-04-14 19:02:56,581 INFO T:271.28Â°K V:4.9043e-04V I:3.0000e-05A R:1.6348e+01ğ›€ E:2.9071e-02V/cm J:1.7493e-03A/cm2 ğ›’:1.6619e+01ğ›€ cm
2022-04-14 19:02:56,604 INFO Measurement at current 3e-05
2022-04-14 19:02:59,046 INFO T:271.31Â°K V:4.9077e-04V I:3.0000e-05A R:1.6359e+01ğ›€ E:2.9091e-02V/cm J:1.7493e-03A/cm2 ğ›’:1.6631e+01ğ›€ cm
2022-04-14 19:02:59,111 INFO Measurement at current 3e-05
2022-04-14 19:03:01,574 INFO T:271.35Â°K V:4.9084e-04V I:3.0000e-05A R:1.6361e+01ğ›€ E:2.9096e-02V/cm J:1.7493e-03A/cm2 ğ›’:1.6633e+01ğ›€ cm
2022-04-14 19:03:01,603 INFO Measurement at current 3e-05
2022-04-14 19:03:04,037 INFO T:271.38Â°K V:4.9078e-04V I:3.0000e-05A R:1.6359e+01ğ›€ E:2.9092e-02V/cm J:1.7493e-03A/cm2 ğ›’:1.6631e+01ğ›€ cm
2022-04-14 19:03:04,148 INFO Measurement at current 3e-05
2022-04-14 19:03:06,588 INFO T:271.41Â°K V:4.9079e-04V I:3.0000e-05A R:1.6360e+01ğ›€ E:2.9092e-02V/cm J:1.7493e-03A/cm2 ğ›’:1.6631e+01ğ›€ cm
2022-04-14 19:03:06,600 INFO Measurement at current 3e-05
2022-04-14 19:03:09,036 INFO T:271.44Â°K V:4.9084e-04V I:3.0000e-05A R:1.6361e+01ğ›€ E:2.9096e-02V/cm J:1.7493e-03A/cm2 ğ›’:1.6633e+01ğ›€ cm
2022-04-14 19:03:09,067 INFO Measurement at current 3e-05
2022-04-14 19:03:11,517 INFO T:271.48Â°K V:4.9068e-04V I:3.0000e-05A R:1.6356e+01ğ›€ E:2.9086e-02V/cm J:1.7493e-03A/cm2 ğ›’:1.6628e+01ğ›€ cm
2022-04-14 19:03:11,556 INFO Measurement at current 3e-05
2022-04-14 19:03:14,012 INFO T:271.51Â°K V:4.9055e-04V I:3.0000e-05A R:1.6352e+01ğ›€ E:2.9078e-02V/cm J:1.7493e-03A/cm2 ğ›’:1.6623e+01ğ›€ cm
2022-04-14 19:03:14,055 INFO Measurement at current 3e-05
2022-04-14 19:03:16,494 INFO T:271.54Â°K V:4.9030e-04V I:3.0000e-05A R:1.6343e+01ğ›€ E:2.9063e-02V/cm J:1.7493e-03A/cm2 ğ›’:1.6615e+01ğ›€ cm
2022-04-14 19:03:16,537 INFO Measurement at current 3e-05
2022-04-14 19:03:18,942 INFO T:271.57Â°K V:4.8988e-04V I:3.0000e-05A R:1.6329e+01ğ›€ E:2.9039e-02V/cm J:1.7493e-03A/cm2 ğ›’:1.6600e+01ğ›€ cm
2022-04-14 19:03:18,956 INFO Measurement at current 3e-05
2022-04-14 19:03:21,366 INFO T:271.61Â°K V:4.8928e-04V I:3.0000e-05A R:1.6309e+01ğ›€ E:2.9003e-02V/cm J:1.7493e-03A/cm2 ğ›’:1.6580e+01ğ›€ cm
2022-04-14 19:03:21,384 INFO Measurement at current 3e-05
2022-04-14 19:03:23,842 INFO T:271.64Â°K V:4.8880e-04V I:3.0000e-05A R:1.6293e+01ğ›€ E:2.8974e-02V/cm J:1.7493e-03A/cm2 ğ›’:1.6564e+01ğ›€ cm
2022-04-14 19:03:23,867 INFO Measurement at current 3e-05
2022-04-14 19:03:26,336 INFO T:271.68Â°K V:4.8848e-04V I:3.0000e-05A R:1.6283e+01ğ›€ E:2.8955e-02V/cm J:1.7493e-03A/cm2 ğ›’:1.6553e+01ğ›€ cm
2022-04-14 19:03:26,357 INFO Measurement at current 3e-05
2022-04-14 19:03:28,824 INFO T:271.72Â°K V:4.8790e-04V I:3.0000e-05A R:1.6263e+01ğ›€ E:2.8921e-02V/cm J:1.7493e-03A/cm2 ğ›’:1.6533e+01ğ›€ cm
2022-04-14 19:03:28,851 INFO Measurement at current 3e-05
2022-04-14 19:03:31,304 INFO T:271.77Â°K V:4.8764e-04V I:3.0000e-05A R:1.6255e+01ğ›€ E:2.8906e-02V/cm J:1.7493e-03A/cm2 ğ›’:1.6525e+01ğ›€ cm
2022-04-14 19:03:31,344 INFO Measurement at current 3e-05
2022-04-14 19:03:33,924 INFO T:271.81Â°K V:4.8737e-04V I:3.0000e-05A R:1.6246e+01ğ›€ E:2.8890e-02V/cm J:1.7493e-03A/cm2 ğ›’:1.6515e+01ğ›€ cm
2022-04-14 19:03:33,964 INFO Measurement at current 3e-05
2022-04-14 19:03:36,435 INFO T:271.86Â°K V:4.8723e-04V I:3.0000e-05A R:1.6241e+01ğ›€ E:2.8882e-02V/cm J:1.7493e-03A/cm2 ğ›’:1.6511e+01ğ›€ cm
2022-04-14 19:03:36,473 INFO Measurement at current 3e-05
2022-04-14 19:03:38,964 INFO T:271.90Â°K V:4.8722e-04V I:3.0000e-05A R:1.6241e+01ğ›€ E:2.8881e-02V/cm J:1.7493e-03A/cm2 ğ›’:1.6510e+01ğ›€ cm
2022-04-14 19:03:38,990 INFO Measurement at current 3e-05
2022-04-14 19:03:41,404 INFO T:271.95Â°K V:4.8705e-04V I:3.0000e-05A R:1.6235e+01ğ›€ E:2.8871e-02V/cm J:1.7493e-03A/cm2 ğ›’:1.6505e+01ğ›€ cm
2022-04-14 19:03:41,453 INFO Measurement at current 3e-05
2022-04-14 19:03:43,886 INFO T:271.99Â°K V:4.8695e-04V I:3.0000e-05A R:1.6232e+01ğ›€ E:2.8865e-02V/cm J:1.7493e-03A/cm2 ğ›’:1.6501e+01ğ›€ cm
2022-04-14 19:03:43,908 INFO Measurement at current 3e-05
2022-04-14 19:03:46,358 INFO T:272.04Â°K V:4.8679e-04V I:3.0000e-05A R:1.6226e+01ğ›€ E:2.8856e-02V/cm J:1.7493e-03A/cm2 ğ›’:1.6496e+01ğ›€ cm
2022-04-14 19:03:46,390 INFO Measurement at current 3e-05
2022-04-14 19:03:48,848 INFO T:272.09Â°K V:4.8668e-04V I:3.0000e-05A R:1.6223e+01ğ›€ E:2.8849e-02V/cm J:1.7493e-03A/cm2 ğ›’:1.6492e+01ğ›€ cm
2022-04-14 19:03:48,879 INFO Measurement at current 3e-05
2022-04-14 19:03:51,345 INFO T:272.13Â°K V:4.8648e-04V I:3.0000e-05A R:1.6216e+01ğ›€ E:2.8837e-02V/cm J:1.7493e-03A/cm2 ğ›’:1.6485e+01ğ›€ cm
2022-04-14 19:03:51,377 INFO Measurement at current 3e-05
2022-04-14 19:03:53,819 INFO T:272.18Â°K V:4.8609e-04V I:3.0000e-05A R:1.6203e+01ğ›€ E:2.8814e-02V/cm J:1.7493e-03A/cm2 ğ›’:1.6472e+01ğ›€ cm
2022-04-14 19:03:53,853 INFO Measurement at current 3e-05
2022-04-14 19:03:56,312 INFO T:272.23Â°K V:4.8561e-04V I:3.0000e-05A R:1.6187e+01ğ›€ E:2.8785e-02V/cm J:1.7493e-03A/cm2 ğ›’:1.6455e+01ğ›€ cm
2022-04-14 19:03:56,392 INFO Measurement at current 3e-05
2022-04-14 19:03:58,884 INFO T:272.28Â°K V:4.8529e-04V I:3.0000e-05A R:1.6176e+01ğ›€ E:2.8766e-02V/cm J:1.7493e-03A/cm2 ğ›’:1.6445e+01ğ›€ cm
2022-04-14 19:03:58,916 INFO Measurement at current 3e-05
2022-04-14 19:04:01,378 INFO T:272.33Â°K V:4.8491e-04V I:3.0000e-05A R:1.6164e+01ğ›€ E:2.8744e-02V/cm J:1.7493e-03A/cm2 ğ›’:1.6432e+01ğ›€ cm
2022-04-14 19:04:01,394 INFO Measurement at current 3e-05
2022-04-14 19:04:03,908 INFO T:272.37Â°K V:4.8469e-04V I:3.0000e-05A R:1.6156e+01ğ›€ E:2.8731e-02V/cm J:1.7493e-03A/cm2 ğ›’:1.6425e+01ğ›€ cm
2022-04-14 19:04:03,926 INFO Measurement at current 3e-05
2022-04-14 19:04:06,378 INFO T:272.42Â°K V:4.8446e-04V I:3.0000e-05A R:1.6149e+01ğ›€ E:2.8717e-02V/cm J:1.7493e-03A/cm2 ğ›’:1.6417e+01ğ›€ cm
2022-04-14 19:04:06,395 INFO Measurement at current 3e-05
2022-04-14 19:04:08,795 INFO T:272.47Â°K V:4.8427e-04V I:3.0000e-05A R:1.6142e+01ğ›€ E:2.8706e-02V/cm J:1.7493e-03A/cm2 ğ›’:1.6410e+01ğ›€ cm
2022-04-14 19:04:08,840 INFO Measurement at current 3e-05
2022-04-14 19:04:11,271 INFO T:272.52Â°K V:4.8392e-04V I:3.0000e-05A R:1.6131e+01ğ›€ E:2.8685e-02V/cm J:1.7493e-03A/cm2 ğ›’:1.6399e+01ğ›€ cm
2022-04-14 19:04:11,329 INFO Measurement at current 3e-05
2022-04-14 19:04:13,731 INFO T:272.56Â°K V:4.8343e-04V I:3.0000e-05A R:1.6114e+01ğ›€ E:2.8656e-02V/cm J:1.7493e-03A/cm2 ğ›’:1.6382e+01ğ›€ cm
2022-04-14 19:04:13,806 INFO Measurement at current 3e-05
2022-04-14 19:04:16,224 INFO T:272.61Â°K V:4.8311e-04V I:3.0000e-05A R:1.6104e+01ğ›€ E:2.8637e-02V/cm J:1.7493e-03A/cm2 ğ›’:1.6371e+01ğ›€ cm
2022-04-14 19:04:16,270 INFO Measurement at current 3e-05
2022-04-14 19:04:18,777 INFO T:272.66Â°K V:4.8269e-04V I:3.0000e-05A R:1.6090e+01ğ›€ E:2.8612e-02V/cm J:1.7493e-03A/cm2 ğ›’:1.6357e+01ğ›€ cm
2022-04-14 19:04:18,830 INFO Measurement at current 3e-05
2022-04-14 19:04:21,287 INFO T:272.71Â°K V:4.8259e-04V I:3.0000e-05A R:1.6086e+01ğ›€ E:2.8606e-02V/cm J:1.7493e-03A/cm2 ğ›’:1.6353e+01ğ›€ cm
2022-04-14 19:04:21,335 INFO Measurement at current 3e-05
2022-04-14 19:04:23,733 INFO T:272.75Â°K V:4.8250e-04V I:3.0000e-05A R:1.6083e+01ğ›€ E:2.8601e-02V/cm J:1.7493e-03A/cm2 ğ›’:1.6350e+01ğ›€ cm
2022-04-14 19:04:23,796 INFO Measurement at current 3e-05
2022-04-14 19:04:26,271 INFO T:272.80Â°K V:4.8237e-04V I:3.0000e-05A R:1.6079e+01ğ›€ E:2.8593e-02V/cm J:1.7493e-03A/cm2 ğ›’:1.6346e+01ğ›€ cm
2022-04-14 19:04:26,305 INFO Measurement at current 3e-05
2022-04-14 19:04:28,780 INFO T:272.85Â°K V:4.8227e-04V I:3.0000e-05A R:1.6076e+01ğ›€ E:2.8587e-02V/cm J:1.7493e-03A/cm2 ğ›’:1.6342e+01ğ›€ cm
2022-04-14 19:04:28,838 INFO Measurement at current 3e-05
2022-04-14 19:04:31,230 INFO T:272.90Â°K V:4.8226e-04V I:3.0000e-05A R:1.6075e+01ğ›€ E:2.8587e-02V/cm J:1.7493e-03A/cm2 ğ›’:1.6342e+01ğ›€ cm
2022-04-14 19:04:31,288 INFO Measurement at current 3e-05
2022-04-14 19:04:33,844 INFO T:272.94Â°K V:4.8207e-04V I:3.0000e-05A R:1.6069e+01ğ›€ E:2.8576e-02V/cm J:1.7493e-03A/cm2 ğ›’:1.6336e+01ğ›€ cm
2022-04-14 19:04:33,893 INFO Measurement at current 3e-05
2022-04-14 19:04:36,338 INFO T:272.99Â°K V:4.8190e-04V I:3.0000e-05A R:1.6063e+01ğ›€ E:2.8565e-02V/cm J:1.7493e-03A/cm2 ğ›’:1.6330e+01ğ›€ cm
2022-04-14 19:04:36,376 INFO Measurement at current 3e-05
2022-04-14 19:04:38,821 INFO T:273.04Â°K V:4.8199e-04V I:3.0000e-05A R:1.6066e+01ğ›€ E:2.8571e-02V/cm J:1.7493e-03A/cm2 ğ›’:1.6333e+01ğ›€ cm
2022-04-14 19:04:38,875 INFO Measurement at current 3e-05
2022-04-14 19:04:41,365 INFO T:273.09Â°K V:4.8229e-04V I:3.0000e-05A R:1.6076e+01ğ›€ E:2.8589e-02V/cm J:1.7493e-03A/cm2 ğ›’:1.6343e+01ğ›€ cm
2022-04-14 19:04:41,422 INFO Measurement at current 3e-05
2022-04-14 19:04:43,867 INFO T:273.13Â°K V:4.8263e-04V I:3.0000e-05A R:1.6088e+01ğ›€ E:2.8609e-02V/cm J:1.7493e-03A/cm2 ğ›’:1.6355e+01ğ›€ cm
2022-04-14 19:04:43,890 INFO Measurement at current 3e-05
2022-04-14 19:04:46,359 INFO T:273.18Â°K V:4.8300e-04V I:3.0000e-05A R:1.6100e+01ğ›€ E:2.8631e-02V/cm J:1.7493e-03A/cm2 ğ›’:1.6367e+01ğ›€ cm
2022-04-14 19:04:46,386 INFO Measurement at current 3e-05
2022-04-14 19:04:48,918 INFO T:273.23Â°K V:4.8339e-04V I:3.0000e-05A R:1.6113e+01ğ›€ E:2.8654e-02V/cm J:1.7493e-03A/cm2 ğ›’:1.6380e+01ğ›€ cm
2022-04-14 19:04:48,975 INFO Measurement at current 3e-05
2022-04-14 19:04:51,387 INFO T:273.27Â°K V:4.8365e-04V I:3.0000e-05A R:1.6122e+01ğ›€ E:2.8669e-02V/cm J:1.7493e-03A/cm2 ğ›’:1.6389e+01ğ›€ cm
2022-04-14 19:04:51,455 INFO Measurement at current 3e-05
2022-04-14 19:04:53,907 INFO T:273.32Â°K V:4.8388e-04V I:3.0000e-05A R:1.6129e+01ğ›€ E:2.8683e-02V/cm J:1.7493e-03A/cm2 ğ›’:1.6397e+01ğ›€ cm
2022-04-14 19:04:53,956 INFO Measurement at current 3e-05
2022-04-14 19:04:56,360 INFO T:273.36Â°K V:4.8456e-04V I:3.0000e-05A R:1.6152e+01ğ›€ E:2.8723e-02V/cm J:1.7493e-03A/cm2 ğ›’:1.6420e+01ğ›€ cm
2022-04-14 19:04:56,392 INFO Measurement at current 3e-05
2022-04-14 19:04:58,839 INFO T:273.41Â°K V:4.8496e-04V I:3.0000e-05A R:1.6165e+01ğ›€ E:2.8747e-02V/cm J:1.7493e-03A/cm2 ğ›’:1.6434e+01ğ›€ cm
2022-04-14 19:04:58,864 INFO Measurement at current 3e-05
2022-04-14 19:05:01,288 INFO T:273.45Â°K V:4.8563e-04V I:3.0000e-05A R:1.6188e+01ğ›€ E:2.8787e-02V/cm J:1.7493e-03A/cm2 ğ›’:1.6456e+01ğ›€ cm
2022-04-14 19:05:01,306 INFO Measurement at current 3e-05
2022-04-14 19:05:03,719 INFO T:273.49Â°K V:4.8619e-04V I:3.0000e-05A R:1.6206e+01ğ›€ E:2.8820e-02V/cm J:1.7493e-03A/cm2 ğ›’:1.6475e+01ğ›€ cm
2022-04-14 19:05:03,797 INFO Measurement at current 3e-05
2022-04-14 19:05:06,243 INFO T:273.54Â°K V:4.8722e-04V I:3.0000e-05A R:1.6241e+01ğ›€ E:2.8881e-02V/cm J:1.7493e-03A/cm2 ğ›’:1.6510e+01ğ›€ cm
2022-04-14 19:05:06,266 INFO Measurement at current 3e-05
2022-04-14 19:05:08,737 INFO T:273.59Â°K V:4.8860e-04V I:3.0000e-05A R:1.6287e+01ğ›€ E:2.8962e-02V/cm J:1.7493e-03A/cm2 ğ›’:1.6557e+01ğ›€ cm
2022-04-14 19:05:08,774 INFO Measurement at current 3e-05
2022-04-14 19:05:11,193 INFO T:273.63Â°K V:4.8995e-04V I:3.0000e-05A R:1.6332e+01ğ›€ E:2.9043e-02V/cm J:1.7493e-03A/cm2 ğ›’:1.6603e+01ğ›€ cm
2022-04-14 19:05:11,213 INFO Measurement at current 3e-05
2022-04-14 19:05:13,626 INFO T:273.67Â°K V:4.9105e-04V I:3.0000e-05A R:1.6368e+01ğ›€ E:2.9108e-02V/cm J:1.7493e-03A/cm2 ğ›’:1.6640e+01ğ›€ cm
2022-04-14 19:05:13,658 INFO Measurement at current 3e-05
2022-04-14 19:05:16,069 INFO T:273.72Â°K V:4.9164e-04V I:3.0000e-05A R:1.6388e+01ğ›€ E:2.9143e-02V/cm J:1.7493e-03A/cm2 ğ›’:1.6660e+01ğ›€ cm
2022-04-14 19:05:16,086 INFO Measurement at current 3e-05
2022-04-14 19:05:18,528 INFO T:273.76Â°K V:4.9251e-04V I:3.0000e-05A R:1.6417e+01ğ›€ E:2.9194e-02V/cm J:1.7493e-03A/cm2 ğ›’:1.6689e+01ğ›€ cm
2022-04-14 19:05:18,556 INFO Measurement at current 3e-05
2022-04-14 19:05:20,998 INFO T:273.80Â°K V:4.9337e-04V I:3.0000e-05A R:1.6446e+01ğ›€ E:2.9245e-02V/cm J:1.7493e-03A/cm2 ğ›’:1.6719e+01ğ›€ cm
2022-04-14 19:05:21,088 INFO Measurement at current 3e-05
2022-04-14 19:05:23,495 INFO T:273.85Â°K V:4.9428e-04V I:3.0000e-05A R:1.6476e+01ğ›€ E:2.9299e-02V/cm J:1.7493e-03A/cm2 ğ›’:1.6749e+01ğ›€ cm
2022-04-14 19:05:23,556 INFO Measurement at current 3e-05
2022-04-14 19:05:26,015 INFO T:273.89Â°K V:4.9553e-04V I:3.0000e-05A R:1.6518e+01ğ›€ E:2.9374e-02V/cm J:1.7493e-03A/cm2 ğ›’:1.6792e+01ğ›€ cm
2022-04-14 19:05:26,056 INFO Measurement at current 3e-05
2022-04-14 19:05:28,479 INFO T:273.94Â°K V:4.9577e-04V I:3.0000e-05A R:1.6526e+01ğ›€ E:2.9388e-02V/cm J:1.7493e-03A/cm2 ğ›’:1.6800e+01ğ›€ cm
2022-04-14 19:05:28,503 INFO Measurement at current 3e-05
2022-04-14 19:05:30,971 INFO T:273.98Â°K V:4.9606e-04V I:3.0000e-05A R:1.6535e+01ğ›€ E:2.9405e-02V/cm J:1.7493e-03A/cm2 ğ›’:1.6810e+01ğ›€ cm
2022-04-14 19:05:31,006 INFO Measurement at current 3e-05
2022-04-14 19:05:33,477 INFO T:274.03Â°K V:4.9652e-04V I:3.0000e-05A R:1.6551e+01ğ›€ E:2.9432e-02V/cm J:1.7493e-03A/cm2 ğ›’:1.6825e+01ğ›€ cm
2022-04-14 19:05:33,507 INFO Measurement at current 3e-05
2022-04-14 19:05:35,909 INFO T:274.07Â°K V:4.9718e-04V I:3.0000e-05A R:1.6573e+01ğ›€ E:2.9471e-02V/cm J:1.7493e-03A/cm2 ğ›’:1.6848e+01ğ›€ cm
2022-04-14 19:05:35,932 INFO Measurement at current 3e-05
2022-04-14 19:05:38,359 INFO T:274.11Â°K V:4.9752e-04V I:3.0000e-05A R:1.6584e+01ğ›€ E:2.9492e-02V/cm J:1.7493e-03A/cm2 ğ›’:1.6859e+01ğ›€ cm
2022-04-14 19:05:38,390 INFO Measurement at current 3e-05
2022-04-14 19:05:40,828 INFO T:274.16Â°K V:4.9758e-04V I:3.0000e-05A R:1.6586e+01ğ›€ E:2.9495e-02V/cm J:1.7493e-03A/cm2 ğ›’:1.6861e+01ğ›€ cm
2022-04-14 19:05:40,851 INFO Measurement at current 3e-05
2022-04-14 19:05:43,358 INFO T:274.20Â°K V:4.9755e-04V I:3.0000e-05A R:1.6585e+01ğ›€ E:2.9493e-02V/cm J:1.7493e-03A/cm2 ğ›’:1.6860e+01ğ›€ cm
2022-04-14 19:05:43,411 INFO Measurement at current 3e-05
2022-04-14 19:05:45,822 INFO T:274.24Â°K V:4.9754e-04V I:3.0000e-05A R:1.6585e+01ğ›€ E:2.9493e-02V/cm J:1.7493e-03A/cm2 ğ›’:1.6860e+01ğ›€ cm
2022-04-14 19:05:45,844 INFO Measurement at current 3e-05
2022-04-14 19:05:48,257 INFO T:274.29Â°K V:4.9751e-04V I:3.0000e-05A R:1.6584e+01ğ›€ E:2.9491e-02V/cm J:1.7493e-03A/cm2 ğ›’:1.6859e+01ğ›€ cm
2022-04-14 19:05:48,278 INFO Measurement at current 3e-05
2022-04-14 19:05:50,777 INFO T:274.33Â°K V:4.9742e-04V I:3.0000e-05A R:1.6581e+01ğ›€ E:2.9486e-02V/cm J:1.7493e-03A/cm2 ğ›’:1.6856e+01ğ›€ cm
2022-04-14 19:05:50,813 INFO Measurement at current 3e-05
2022-04-14 19:05:53,251 INFO T:274.37Â°K V:4.9731e-04V I:3.0000e-05A R:1.6577e+01ğ›€ E:2.9479e-02V/cm J:1.7493e-03A/cm2 ğ›’:1.6852e+01ğ›€ cm
2022-04-14 19:05:53,278 INFO Measurement at current 3e-05
2022-04-14 19:05:55,715 INFO T:274.41Â°K V:4.9732e-04V I:3.0000e-05A R:1.6577e+01ğ›€ E:2.9480e-02V/cm J:1.7493e-03A/cm2 ğ›’:1.6853e+01ğ›€ cm
2022-04-14 19:05:55,764 INFO Measurement at current 3e-05
2022-04-14 19:05:58,163 INFO T:274.46Â°K V:4.9733e-04V I:3.0000e-05A R:1.6578e+01ğ›€ E:2.9480e-02V/cm J:1.7493e-03A/cm2 ğ›’:1.6853e+01ğ›€ cm
2022-04-14 19:05:58,177 INFO Measurement at current 3e-05
2022-04-14 19:06:00,606 INFO T:274.50Â°K V:4.9734e-04V I:3.0000e-05A R:1.6578e+01ğ›€ E:2.9481e-02V/cm J:1.7493e-03A/cm2 ğ›’:1.6853e+01ğ›€ cm
2022-04-14 19:06:00,636 INFO Measurement at current 3e-05
2022-04-14 19:06:03,063 INFO T:274.54Â°K V:4.9731e-04V I:3.0000e-05A R:1.6577e+01ğ›€ E:2.9479e-02V/cm J:1.7493e-03A/cm2 ğ›’:1.6852e+01ğ›€ cm
2022-04-14 19:06:03,097 INFO Measurement at current 3e-05
2022-04-14 19:06:05,478 INFO T:274.58Â°K V:4.9717e-04V I:3.0000e-05A R:1.6572e+01ğ›€ E:2.9471e-02V/cm J:1.7493e-03A/cm2 ğ›’:1.6847e+01ğ›€ cm
2022-04-14 19:06:05,493 INFO Measurement at current 3e-05
2022-04-14 19:06:07,917 INFO T:274.62Â°K V:4.9700e-04V I:3.0000e-05A R:1.6567e+01ğ›€ E:2.9461e-02V/cm J:1.7493e-03A/cm2 ğ›’:1.6842e+01ğ›€ cm
2022-04-14 19:06:07,962 INFO Measurement at current 3e-05
2022-04-14 19:06:10,406 INFO T:274.67Â°K V:4.9692e-04V I:3.0000e-05A R:1.6564e+01ğ›€ E:2.9456e-02V/cm J:1.7493e-03A/cm2 ğ›’:1.6839e+01ğ›€ cm
2022-04-14 19:06:10,441 INFO Measurement at current 3e-05
2022-04-14 19:06:12,883 INFO T:274.71Â°K V:4.9669e-04V I:3.0000e-05A R:1.6556e+01ğ›€ E:2.9442e-02V/cm J:1.7493e-03A/cm2 ğ›’:1.6831e+01ğ›€ cm
2022-04-14 19:06:12,934 INFO Measurement at current 3e-05
2022-04-14 19:06:15,361 INFO T:274.75Â°K V:4.9641e-04V I:3.0000e-05A R:1.6547e+01ğ›€ E:2.9426e-02V/cm J:1.7493e-03A/cm2 ğ›’:1.6822e+01ğ›€ cm
2022-04-14 19:06:15,389 INFO Measurement at current 3e-05
2022-04-14 19:06:17,808 INFO T:274.79Â°K V:4.9610e-04V I:3.0000e-05A R:1.6537e+01ğ›€ E:2.9407e-02V/cm J:1.7493e-03A/cm2 ğ›’:1.6811e+01ğ›€ cm
2022-04-14 19:06:17,833 INFO Measurement at current 3e-05
2022-04-14 19:06:20,256 INFO T:274.83Â°K V:4.9567e-04V I:3.0000e-05A R:1.6522e+01ğ›€ E:2.9382e-02V/cm J:1.7493e-03A/cm2 ğ›’:1.6797e+01ğ›€ cm
2022-04-14 19:06:20,302 INFO Measurement at current 3e-05
2022-04-14 19:06:22,759 INFO T:274.87Â°K V:4.9505e-04V I:3.0000e-05A R:1.6502e+01ğ›€ E:2.9345e-02V/cm J:1.7493e-03A/cm2 ğ›’:1.6775e+01ğ›€ cm
2022-04-14 19:06:22,815 INFO Measurement at current 3e-05
2022-04-14 19:06:25,293 INFO T:274.91Â°K V:4.9454e-04V I:3.0000e-05A R:1.6485e+01ğ›€ E:2.9315e-02V/cm J:1.7493e-03A/cm2 ğ›’:1.6758e+01ğ›€ cm
2022-04-14 19:06:25,325 INFO Measurement at current 3e-05
2022-04-14 19:06:27,803 INFO T:274.96Â°K V:4.9399e-04V I:3.0000e-05A R:1.6466e+01ğ›€ E:2.9282e-02V/cm J:1.7493e-03A/cm2 ğ›’:1.6740e+01ğ›€ cm
2022-04-14 19:06:27,843 INFO Measurement at current 3e-05
2022-04-14 19:06:30,303 INFO T:275.00Â°K V:4.9348e-04V I:3.0000e-05A R:1.6449e+01ğ›€ E:2.9252e-02V/cm J:1.7493e-03A/cm2 ğ›’:1.6722e+01ğ›€ cm
2022-04-14 19:06:30,339 INFO Measurement at current 3e-05
2022-04-14 19:06:32,809 INFO T:275.04Â°K V:4.9278e-04V I:3.0000e-05A R:1.6426e+01ğ›€ E:2.9210e-02V/cm J:1.7493e-03A/cm2 ğ›’:1.6699e+01ğ›€ cm
2022-04-14 19:06:32,857 INFO Measurement at current 3e-05
2022-04-14 19:06:35,261 INFO T:275.08Â°K V:4.9224e-04V I:3.0000e-05A R:1.6408e+01ğ›€ E:2.9179e-02V/cm J:1.7493e-03A/cm2 ğ›’:1.6680e+01ğ›€ cm
2022-04-14 19:06:35,282 INFO Measurement at current 3e-05
2022-04-14 19:06:37,689 INFO T:275.14Â°K V:4.9169e-04V I:3.0000e-05A R:1.6390e+01ğ›€ E:2.9146e-02V/cm J:1.7493e-03A/cm2 ğ›’:1.6662e+01ğ›€ cm
2022-04-14 19:06:37,722 INFO Measurement at current 3e-05
2022-04-14 19:06:40,156 INFO T:275.18Â°K V:4.9104e-04V I:3.0000e-05A R:1.6368e+01ğ›€ E:2.9108e-02V/cm J:1.7493e-03A/cm2 ğ›’:1.6640e+01ğ›€ cm
2022-04-14 19:06:40,201 INFO Measurement at current 3e-05
2022-04-14 19:06:42,689 INFO T:275.23Â°K V:4.9036e-04V I:3.0000e-05A R:1.6345e+01ğ›€ E:2.9067e-02V/cm J:1.7493e-03A/cm2 ğ›’:1.6617e+01ğ›€ cm
2022-04-14 19:06:42,732 INFO Measurement at current 3e-05
2022-04-14 19:06:45,121 INFO T:275.28Â°K V:4.8972e-04V I:3.0000e-05A R:1.6324e+01ğ›€ E:2.9029e-02V/cm J:1.7493e-03A/cm2 ğ›’:1.6595e+01ğ›€ cm
2022-04-14 19:06:45,140 INFO Measurement at current 3e-05
2022-04-14 19:06:47,569 INFO T:275.31Â°K V:4.8916e-04V I:3.0000e-05A R:1.6305e+01ğ›€ E:2.8996e-02V/cm J:1.7493e-03A/cm2 ğ›’:1.6576e+01ğ›€ cm
2022-04-14 19:06:47,585 INFO Measurement at current 3e-05
2022-04-14 19:06:50,035 INFO T:275.35Â°K V:4.8876e-04V I:3.0000e-05A R:1.6292e+01ğ›€ E:2.8972e-02V/cm J:1.7493e-03A/cm2 ğ›’:1.6562e+01ğ›€ cm
2022-04-14 19:06:50,070 INFO Measurement at current 3e-05
2022-04-14 19:06:52,486 INFO T:275.39Â°K V:4.8825e-04V I:3.0000e-05A R:1.6275e+01ğ›€ E:2.8942e-02V/cm J:1.7493e-03A/cm2 ğ›’:1.6545e+01ğ›€ cm
2022-04-14 19:06:52,525 INFO Measurement at current 3e-05
2022-04-14 19:06:54,980 INFO T:275.43Â°K V:4.8783e-04V I:3.0000e-05A R:1.6261e+01ğ›€ E:2.8917e-02V/cm J:1.7493e-03A/cm2 ğ›’:1.6531e+01ğ›€ cm
2022-04-14 19:06:55,036 INFO Measurement at current 3e-05
2022-04-14 19:06:57,506 INFO T:275.47Â°K V:4.8728e-04V I:3.0000e-05A R:1.6243e+01ğ›€ E:2.8884e-02V/cm J:1.7493e-03A/cm2 ğ›’:1.6512e+01ğ›€ cm
2022-04-14 19:06:57,533 INFO Measurement at current 3e-05
2022-04-14 19:07:00,001 INFO T:275.51Â°K V:4.8690e-04V I:3.0000e-05A R:1.6230e+01ğ›€ E:2.8862e-02V/cm J:1.7493e-03A/cm2 ğ›’:1.6499e+01ğ›€ cm
2022-04-14 19:07:00,043 INFO Measurement at current 3e-05
2022-04-14 19:07:02,442 INFO T:275.55Â°K V:4.8660e-04V I:3.0000e-05A R:1.6220e+01ğ›€ E:2.8844e-02V/cm J:1.7493e-03A/cm2 ğ›’:1.6489e+01ğ›€ cm
2022-04-14 19:07:02,486 INFO Measurement at current 3e-05
2022-04-14 19:07:04,936 INFO T:275.59Â°K V:4.8622e-04V I:3.0000e-05A R:1.6207e+01ğ›€ E:2.8822e-02V/cm J:1.7493e-03A/cm2 ğ›’:1.6477e+01ğ›€ cm
2022-04-14 19:07:05,048 INFO Measurement at current 3e-05
2022-04-14 19:07:07,507 INFO T:275.63Â°K V:4.8590e-04V I:3.0000e-05A R:1.6197e+01ğ›€ E:2.8803e-02V/cm J:1.7493e-03A/cm2 ğ›’:1.6465e+01ğ›€ cm
2022-04-14 19:07:07,555 INFO Measurement at current 3e-05
2022-04-14 19:07:10,019 INFO T:275.67Â°K V:4.8564e-04V I:3.0000e-05A R:1.6188e+01ğ›€ E:2.8787e-02V/cm J:1.7493e-03A/cm2 ğ›’:1.6457e+01ğ›€ cm
2022-04-14 19:07:10,051 INFO Measurement at current 3e-05
2022-04-14 19:07:12,517 INFO T:275.70Â°K V:4.8552e-04V I:3.0000e-05A R:1.6184e+01ğ›€ E:2.8780e-02V/cm J:1.7493e-03A/cm2 ğ›’:1.6453e+01ğ›€ cm
2022-04-14 19:07:12,550 INFO Measurement at current 3e-05
2022-04-14 19:07:15,034 INFO T:275.74Â°K V:4.8537e-04V I:3.0000e-05A R:1.6179e+01ğ›€ E:2.8771e-02V/cm J:1.7493e-03A/cm2 ğ›’:1.6448e+01ğ›€ cm
2022-04-14 19:07:15,084 INFO Measurement at current 3e-05
2022-04-14 19:07:17,544 INFO T:275.79Â°K V:4.8516e-04V I:3.0000e-05A R:1.6172e+01ğ›€ E:2.8759e-02V/cm J:1.7493e-03A/cm2 ğ›’:1.6440e+01ğ›€ cm
2022-04-14 19:07:17,580 INFO Measurement at current 3e-05
2022-04-14 19:07:20,037 INFO T:275.83Â°K V:4.8488e-04V I:3.0000e-05A R:1.6163e+01ğ›€ E:2.8742e-02V/cm J:1.7493e-03A/cm2 ğ›’:1.6431e+01ğ›€ cm
2022-04-14 19:07:20,061 INFO Measurement at current 3e-05
2022-04-14 19:07:22,553 INFO T:275.86Â°K V:4.8452e-04V I:3.0000e-05A R:1.6151e+01ğ›€ E:2.8721e-02V/cm J:1.7493e-03A/cm2 ğ›’:1.6419e+01ğ›€ cm
2022-04-14 19:07:22,598 INFO Measurement at current 3e-05
2022-04-14 19:07:25,057 INFO T:275.91Â°K V:4.8430e-04V I:3.0000e-05A R:1.6143e+01ğ›€ E:2.8708e-02V/cm J:1.7493e-03A/cm2 ğ›’:1.6411e+01ğ›€ cm
2022-04-14 19:07:25,091 INFO Measurement at current 3e-05
2022-04-14 19:07:27,566 INFO T:275.93Â°K V:4.8432e-04V I:3.0000e-05A R:1.6144e+01ğ›€ E:2.8709e-02V/cm J:1.7493e-03A/cm2 ğ›’:1.6412e+01ğ›€ cm
2022-04-14 19:07:27,612 INFO Measurement at current 3e-05
2022-04-14 19:07:30,042 INFO T:275.98Â°K V:4.8442e-04V I:3.0000e-05A R:1.6147e+01ğ›€ E:2.8715e-02V/cm J:1.7493e-03A/cm2 ğ›’:1.6415e+01ğ›€ cm
2022-04-14 19:07:30,057 INFO Measurement at current 3e-05
2022-04-14 19:07:32,540 INFO T:276.02Â°K V:4.8435e-04V I:3.0000e-05A R:1.6145e+01ğ›€ E:2.8711e-02V/cm J:1.7493e-03A/cm2 ğ›’:1.6413e+01ğ›€ cm
2022-04-14 19:07:32,564 INFO Measurement at current 3e-05
2022-04-14 19:07:34,996 INFO T:276.06Â°K V:4.8429e-04V I:3.0000e-05A R:1.6143e+01ğ›€ E:2.8707e-02V/cm J:1.7493e-03A/cm2 ğ›’:1.6411e+01ğ›€ cm
2022-04-14 19:07:35,052 INFO Measurement at current 3e-05
2022-04-14 19:07:37,506 INFO T:276.10Â°K V:4.8428e-04V I:3.0000e-05A R:1.6143e+01ğ›€ E:2.8707e-02V/cm J:1.7493e-03A/cm2 ğ›’:1.6411e+01ğ›€ cm
2022-04-14 19:07:37,566 INFO Measurement at current 3e-05
2022-04-14 19:07:40,069 INFO T:276.14Â°K V:4.8371e-04V I:3.0000e-05A R:1.6124e+01ğ›€ E:2.8673e-02V/cm J:1.7493e-03A/cm2 ğ›’:1.6391e+01ğ›€ cm
2022-04-14 19:07:40,138 INFO Measurement at current 3e-05
2022-04-14 19:07:42,615 INFO T:276.18Â°K V:4.8328e-04V I:3.0000e-05A R:1.6109e+01ğ›€ E:2.8647e-02V/cm J:1.7493e-03A/cm2 ğ›’:1.6377e+01ğ›€ cm
2022-04-14 19:07:42,640 INFO Measurement at current 3e-05
2022-04-14 19:07:45,137 INFO T:276.21Â°K V:4.8307e-04V I:3.0000e-05A R:1.6102e+01ğ›€ E:2.8635e-02V/cm J:1.7493e-03A/cm2 ğ›’:1.6370e+01ğ›€ cm
2022-04-14 19:07:45,203 INFO Measurement at current 3e-05
2022-04-14 19:07:47,627 INFO T:276.25Â°K V:4.8299e-04V I:3.0000e-05A R:1.6100e+01ğ›€ E:2.8630e-02V/cm J:1.7493e-03A/cm2 ğ›’:1.6367e+01ğ›€ cm
2022-04-14 19:07:47,707 INFO Measurement at current 3e-05
2022-04-14 19:07:50,194 INFO T:276.29Â°K V:4.8300e-04V I:3.0000e-05A R:1.6100e+01ğ›€ E:2.8631e-02V/cm J:1.7493e-03A/cm2 ğ›’:1.6367e+01ğ›€ cm
2022-04-14 19:07:50,229 INFO Measurement at current 3e-05
2022-04-14 19:07:52,777 INFO T:276.33Â°K V:4.8313e-04V I:3.0000e-05A R:1.6104e+01ğ›€ E:2.8638e-02V/cm J:1.7493e-03A/cm2 ğ›’:1.6372e+01ğ›€ cm
2022-04-14 19:07:52,811 INFO Measurement at current 3e-05
2022-04-14 19:07:55,267 INFO T:276.37Â°K V:4.8339e-04V I:3.0000e-05A R:1.6113e+01ğ›€ E:2.8654e-02V/cm J:1.7493e-03A/cm2 ğ›’:1.6380e+01ğ›€ cm
2022-04-14 19:07:55,288 INFO Measurement at current 3e-05
2022-04-14 19:07:57,695 INFO T:276.40Â°K V:4.8347e-04V I:3.0000e-05A R:1.6116e+01ğ›€ E:2.8658e-02V/cm J:1.7493e-03A/cm2 ğ›’:1.6383e+01ğ›€ cm
2022-04-14 19:07:57,717 INFO Measurement at current 3e-05
2022-04-14 19:08:00,130 INFO T:276.44Â°K V:4.8370e-04V I:3.0000e-05A R:1.6123e+01ğ›€ E:2.8672e-02V/cm J:1.7493e-03A/cm2 ğ›’:1.6391e+01ğ›€ cm
2022-04-14 19:08:00,149 INFO Measurement at current 3e-05
2022-04-14 19:08:02,639 INFO T:276.48Â°K V:4.8343e-04V I:3.0000e-05A R:1.6114e+01ğ›€ E:2.8656e-02V/cm J:1.7493e-03A/cm2 ğ›’:1.6382e+01ğ›€ cm
2022-04-14 19:08:02,664 INFO Measurement at current 3e-05
2022-04-14 19:08:05,123 INFO T:276.52Â°K V:5.4357e-04V I:3.0000e-05A R:1.8119e+01ğ›€ E:3.2221e-02V/cm J:1.7493e-03A/cm2 ğ›’:1.8420e+01ğ›€ cm
2022-04-14 19:08:05,150 INFO Measurement at current 3e-05
2022-04-14 19:08:07,611 INFO T:276.55Â°K V:5.2383e-04V I:3.0000e-05A R:1.7461e+01ğ›€ E:3.1051e-02V/cm J:1.7493e-03A/cm2 ğ›’:1.7751e+01ğ›€ cm
2022-04-14 19:08:07,679 INFO Measurement at current 3e-05
2022-04-14 19:08:10,167 INFO T:276.59Â°K V:5.1729e-04V I:3.0000e-05A R:1.7243e+01ğ›€ E:3.0664e-02V/cm J:1.7493e-03A/cm2 ğ›’:1.7529e+01ğ›€ cm
2022-04-14 19:08:10,182 INFO Measurement at current 3e-05
2022-04-14 19:08:12,608 INFO T:276.63Â°K V:5.1356e-04V I:3.0000e-05A R:1.7119e+01ğ›€ E:3.0442e-02V/cm J:1.7493e-03A/cm2 ğ›’:1.7403e+01ğ›€ cm
2022-04-14 19:08:12,660 INFO Measurement at current 3e-05
2022-04-14 19:08:15,134 INFO T:276.64Â°K V:5.1121e-04V I:3.0000e-05A R:1.7040e+01ğ›€ E:3.0303e-02V/cm J:1.7493e-03A/cm2 ğ›’:1.7323e+01ğ›€ cm
2022-04-14 19:08:15,182 INFO Measurement at current 3e-05
2022-04-14 19:08:17,629 INFO T:276.69Â°K V:5.0942e-04V I:3.0000e-05A R:1.6981e+01ğ›€ E:3.0197e-02V/cm J:1.7493e-03A/cm2 ğ›’:1.7263e+01ğ›€ cm
2022-04-14 19:08:17,648 INFO Measurement at current 3e-05
2022-04-14 19:08:20,088 INFO T:276.74Â°K V:5.0803e-04V I:3.0000e-05A R:1.6934e+01ğ›€ E:3.0115e-02V/cm J:1.7493e-03A/cm2 ğ›’:1.7215e+01ğ›€ cm
2022-04-14 19:08:20,107 INFO Measurement at current 3e-05
2022-04-14 19:08:22,503 INFO T:276.77Â°K V:5.0693e-04V I:3.0000e-05A R:1.6898e+01ğ›€ E:3.0049e-02V/cm J:1.7493e-03A/cm2 ğ›’:1.7178e+01ğ›€ cm
2022-04-14 19:08:22,560 INFO Measurement at current 3e-05
2022-04-14 19:08:25,036 INFO T:276.80Â°K V:5.0600e-04V I:3.0000e-05A R:1.6867e+01ğ›€ E:2.9994e-02V/cm J:1.7493e-03A/cm2 ğ›’:1.7147e+01ğ›€ cm
2022-04-14 19:08:25,057 INFO Measurement at current 3e-05
2022-04-14 19:08:27,467 INFO T:276.84Â°K V:5.0511e-04V I:3.0000e-05A R:1.6837e+01ğ›€ E:2.9941e-02V/cm J:1.7493e-03A/cm2 ğ›’:1.7116e+01ğ›€ cm
2022-04-14 19:08:27,489 INFO Measurement at current 3e-05
2022-04-14 19:08:29,922 INFO T:276.88Â°K V:5.0430e-04V I:3.0000e-05A R:1.6810e+01ğ›€ E:2.9894e-02V/cm J:1.7493e-03A/cm2 ğ›’:1.7089e+01ğ›€ cm
2022-04-14 19:08:29,991 INFO Measurement at current 3e-05
2022-04-14 19:08:32,440 INFO T:276.91Â°K V:5.0347e-04V I:3.0000e-05A R:1.6782e+01ğ›€ E:2.9844e-02V/cm J:1.7493e-03A/cm2 ğ›’:1.7061e+01ğ›€ cm
2022-04-14 19:08:32,473 INFO Measurement at current 3e-05
2022-04-14 19:08:34,975 INFO T:276.94Â°K V:5.0260e-04V I:3.0000e-05A R:1.6753e+01ğ›€ E:2.9793e-02V/cm J:1.7493e-03A/cm2 ğ›’:1.7031e+01ğ›€ cm
2022-04-14 19:08:35,019 INFO Measurement at current 3e-05
2022-04-14 19:08:37,446 INFO T:276.99Â°K V:5.0186e-04V I:3.0000e-05A R:1.6729e+01ğ›€ E:2.9749e-02V/cm J:1.7493e-03A/cm2 ğ›’:1.7006e+01ğ›€ cm
2022-04-14 19:08:37,496 INFO Measurement at current 3e-05
2022-04-14 19:08:39,951 INFO T:277.02Â°K V:5.0109e-04V I:3.0000e-05A R:1.6703e+01ğ›€ E:2.9703e-02V/cm J:1.7493e-03A/cm2 ğ›’:1.6980e+01ğ›€ cm
2022-04-14 19:08:40,000 INFO Measurement at current 3e-05
2022-04-14 19:08:42,509 INFO T:277.06Â°K V:5.0002e-04V I:3.0000e-05A R:1.6667e+01ğ›€ E:2.9640e-02V/cm J:1.7493e-03A/cm2 ğ›’:1.6944e+01ğ›€ cm
2022-04-14 19:08:42,533 INFO Measurement at current 3e-05
2022-04-14 19:08:44,972 INFO T:277.10Â°K V:4.9917e-04V I:3.0000e-05A R:1.6639e+01ğ›€ E:2.9589e-02V/cm J:1.7493e-03A/cm2 ğ›’:1.6915e+01ğ›€ cm
2022-04-14 19:08:45,027 INFO Measurement at current 3e-05
2022-04-14 19:08:47,520 INFO T:277.13Â°K V:4.9836e-04V I:3.0000e-05A R:1.6612e+01ğ›€ E:2.9541e-02V/cm J:1.7493e-03A/cm2 ğ›’:1.6888e+01ğ›€ cm
2022-04-14 19:08:47,565 INFO Measurement at current 3e-05
2022-04-14 19:08:50,006 INFO T:277.16Â°K V:4.9746e-04V I:3.0000e-05A R:1.6582e+01ğ›€ E:2.9488e-02V/cm J:1.7493e-03A/cm2 ğ›’:1.6857e+01ğ›€ cm
2022-04-14 19:08:50,053 INFO Measurement at current 3e-05
2022-04-14 19:08:52,497 INFO T:277.19Â°K V:4.9662e-04V I:3.0000e-05A R:1.6554e+01ğ›€ E:2.9438e-02V/cm J:1.7493e-03A/cm2 ğ›’:1.6829e+01ğ›€ cm
2022-04-14 19:08:52,544 INFO Measurement at current 3e-05
2022-04-14 19:08:55,080 INFO T:277.23Â°K V:4.9575e-04V I:3.0000e-05A R:1.6525e+01ğ›€ E:2.9386e-02V/cm J:1.7493e-03A/cm2 ğ›’:1.6799e+01ğ›€ cm
2022-04-14 19:08:55,136 INFO Measurement at current 3e-05
2022-04-14 19:08:57,607 INFO T:277.26Â°K V:4.9488e-04V I:3.0000e-05A R:1.6496e+01ğ›€ E:2.9335e-02V/cm J:1.7493e-03A/cm2 ğ›’:1.6770e+01ğ›€ cm
2022-04-14 19:08:57,662 INFO Measurement at current 3e-05
2022-04-14 19:09:00,121 INFO T:277.30Â°K V:4.9421e-04V I:3.0000e-05A R:1.6474e+01ğ›€ E:2.9295e-02V/cm J:1.7493e-03A/cm2 ğ›’:1.6747e+01ğ›€ cm
2022-04-14 19:09:00,169 INFO Measurement at current 3e-05
2022-04-14 19:09:02,588 INFO T:277.34Â°K V:4.9359e-04V I:3.0000e-05A R:1.6453e+01ğ›€ E:2.9258e-02V/cm J:1.7493e-03A/cm2 ğ›’:1.6726e+01ğ›€ cm
2022-04-14 19:09:02,609 INFO Measurement at current 3e-05
2022-04-14 19:09:05,082 INFO T:277.37Â°K V:4.9293e-04V I:3.0000e-05A R:1.6431e+01ğ›€ E:2.9219e-02V/cm J:1.7493e-03A/cm2 ğ›’:1.6704e+01ğ›€ cm
2022-04-14 19:09:05,142 INFO Measurement at current 3e-05
2022-04-14 19:09:07,583 INFO T:277.41Â°K V:4.9233e-04V I:3.0000e-05A R:1.6411e+01ğ›€ E:2.9184e-02V/cm J:1.7493e-03A/cm2 ğ›’:1.6684e+01ğ›€ cm
2022-04-14 19:09:07,614 INFO Measurement at current 3e-05
2022-04-14 19:09:10,036 INFO T:277.44Â°K V:4.9197e-04V I:3.0000e-05A R:1.6399e+01ğ›€ E:2.9162e-02V/cm J:1.7493e-03A/cm2 ğ›’:1.6671e+01ğ›€ cm
2022-04-14 19:09:10,083 INFO Measurement at current 3e-05
2022-04-14 19:09:12,496 INFO T:277.47Â°K V:4.9168e-04V I:3.0000e-05A R:1.6389e+01ğ›€ E:2.9145e-02V/cm J:1.7493e-03A/cm2 ğ›’:1.6661e+01ğ›€ cm
2022-04-14 19:09:12,547 INFO Measurement at current 3e-05
2022-04-14 19:09:15,008 INFO T:277.51Â°K V:4.9133e-04V I:3.0000e-05A R:1.6378e+01ğ›€ E:2.9124e-02V/cm J:1.7493e-03A/cm2 ğ›’:1.6649e+01ğ›€ cm
2022-04-14 19:09:15,079 INFO Measurement at current 3e-05
2022-04-14 19:09:17,519 INFO T:277.53Â°K V:4.9071e-04V I:3.0000e-05A R:1.6357e+01ğ›€ E:2.9088e-02V/cm J:1.7493e-03A/cm2 ğ›’:1.6629e+01ğ›€ cm
2022-04-14 19:09:17,573 INFO Measurement at current 3e-05
2022-04-14 19:09:20,028 INFO T:277.58Â°K V:4.9020e-04V I:3.0000e-05A R:1.6340e+01ğ›€ E:2.9057e-02V/cm J:1.7493e-03A/cm2 ğ›’:1.6611e+01ğ›€ cm
2022-04-14 19:09:20,118 INFO Measurement at current 3e-05
2022-04-14 19:09:22,591 INFO T:277.61Â°K V:4.8972e-04V I:3.0000e-05A R:1.6324e+01ğ›€ E:2.9029e-02V/cm J:1.7493e-03A/cm2 ğ›’:1.6595e+01ğ›€ cm
2022-04-14 19:09:22,616 INFO Measurement at current 3e-05
2022-04-14 19:09:25,082 INFO T:277.65Â°K V:4.8932e-04V I:3.0000e-05A R:1.6311e+01ğ›€ E:2.9005e-02V/cm J:1.7493e-03A/cm2 ğ›’:1.6581e+01ğ›€ cm
2022-04-14 19:09:25,110 INFO Measurement at current 3e-05
2022-04-14 19:09:27,680 INFO T:277.68Â°K V:4.8886e-04V I:3.0000e-05A R:1.6295e+01ğ›€ E:2.8978e-02V/cm J:1.7493e-03A/cm2 ğ›’:1.6566e+01ğ›€ cm
2022-04-14 19:09:27,704 INFO Measurement at current 3e-05
2022-04-14 19:09:30,158 INFO T:277.72Â°K V:4.8850e-04V I:3.0000e-05A R:1.6283e+01ğ›€ E:2.8957e-02V/cm J:1.7493e-03A/cm2 ğ›’:1.6553e+01ğ›€ cm
2022-04-14 19:09:30,201 INFO Measurement at current 3e-05
2022-04-14 19:09:32,619 INFO T:277.75Â°K V:4.8818e-04V I:3.0000e-05A R:1.6273e+01ğ›€ E:2.8938e-02V/cm J:1.7493e-03A/cm2 ğ›’:1.6543e+01ğ›€ cm
2022-04-14 19:10:03,106 INFO Save the description file
2022-04-14 19:10:03,113 INFO Save data in numpy format CPRO_03_CE2_A1/CPRO_03_CE2_A1_at_fixed_current_30e-6A/CPRO_03_CE2_A1_at_fixed_current_30e-6A-20220414191000
2022-04-14 19:10:03,149 INFO Save data in CSV format CPRO_03_CE2_A1/CPRO_03_CE2_A1_at_fixed_current_30e-6A/CPRO_03_CE2_A1_at_fixed_current_30e-6A-20220414191000.csv
2022-04-14 19:10:03,176 INFO Save plot as image CPRO_03_CE2_A1/CPRO_03_CE2_A1_at_fixed_current_30e-6A/CPRO_03_CE2_A1_at_fixed_current_30e-6A-20220414191000.png
