2023-06-16 12:02:22,114 INFO ### Start experiment: BT_3_1b_160623_R-T at fixed current 1e-4A ###
2023-06-16 12:02:23,459 INFO Found Multimeter KEITHLEY INSTRUMENTS INC.,MODEL 2700,0884890,B03  /A02  

2023-06-16 12:02:24,487 INFO Found Nanovolt Meter KEITHLEY INSTRUMENTS INC.,MODEL 2182A,4056474,C03  /A02  

2023-06-16 12:02:24,598 INFO Found Source Meter KEITHLEY INSTRUMENTS INC.,MODEL 2400,0945684,C24   Feb 14 2002 11:59:45/A02  /K/H

2023-06-16 12:02:30,728 INFO Start the measurement loop in continuous mode
2023-06-16 12:02:30,787 INFO Measurement at current 0.0001
2023-06-16 12:02:35,169 INFO T:295.72Â°K V:2.4993e-06V I:1.0000e-04A R:2.4993e-02ğ›€ E:4.8063e-05V/cm J:1.1236e-03A/cm2 ğ›’:4.2776e-02ğ›€ cm
2023-06-16 12:02:35,184 INFO Measurement at current 0.0001
2023-06-16 12:02:39,262 INFO T:295.72Â°K V:2.7271e-06V I:1.0000e-04A R:2.7271e-02ğ›€ E:5.2445e-05V/cm J:1.1236e-03A/cm2 ğ›’:4.6676e-02ğ›€ cm
2023-06-16 12:02:39,292 INFO Measurement at current 0.0001
2023-06-16 12:02:43,302 INFO T:295.73Â°K V:3.8088e-06V I:1.0000e-04A R:3.8088e-02ğ›€ E:7.3246e-05V/cm J:1.1236e-03A/cm2 ğ›’:6.5189e-02ğ›€ cm
2023-06-16 12:02:43,323 INFO Measurement at current 0.0001
2023-06-16 12:02:47,349 INFO T:295.66Â°K V:3.9735e-06V I:1.0000e-04A R:3.9735e-02ğ›€ E:7.6413e-05V/cm J:1.1236e-03A/cm2 ğ›’:6.8007e-02ğ›€ cm
2023-06-16 12:02:47,373 INFO Measurement at current 0.0001
2023-06-16 12:02:51,436 INFO T:295.66Â°K V:4.4675e-06V I:1.0000e-04A R:4.4675e-02ğ›€ E:8.5914e-05V/cm J:1.1236e-03A/cm2 ğ›’:7.6464e-02ğ›€ cm
2023-06-16 12:02:51,457 INFO Measurement at current 0.0001
2023-06-16 12:02:55,513 INFO T:295.65Â°K V:3.2889e-06V I:1.0000e-04A R:3.2889e-02ğ›€ E:6.3248e-05V/cm J:1.1236e-03A/cm2 ğ›’:5.6290e-02ğ›€ cm
2023-06-16 12:02:55,535 INFO Measurement at current 0.0001
2023-06-16 12:02:59,563 INFO T:295.65Â°K V:2.7418e-06V I:1.0000e-04A R:2.7418e-02ğ›€ E:5.2726e-05V/cm J:1.1236e-03A/cm2 ğ›’:4.6926e-02ğ›€ cm
2023-06-16 12:02:59,586 INFO Measurement at current 0.0001
2023-06-16 12:03:03,590 INFO T:295.65Â°K V:2.7674e-06V I:1.0000e-04A R:2.7674e-02ğ›€ E:5.3219e-05V/cm J:1.1236e-03A/cm2 ğ›’:4.7365e-02ğ›€ cm
2023-06-16 12:03:03,633 INFO Measurement at current 0.0001
2023-06-16 12:03:07,640 INFO T:295.65Â°K V:2.7183e-06V I:1.0000e-04A R:2.7183e-02ğ›€ E:5.2275e-05V/cm J:1.1236e-03A/cm2 ğ›’:4.6524e-02ğ›€ cm
2023-06-16 12:03:07,664 INFO Measurement at current 0.0001
2023-06-16 12:03:11,644 INFO T:295.64Â°K V:3.2251e-06V I:1.0000e-04A R:3.2251e-02ğ›€ E:6.2021e-05V/cm J:1.1236e-03A/cm2 ğ›’:5.5198e-02ğ›€ cm
2023-06-16 12:03:11,670 INFO Measurement at current 0.0001
2023-06-16 12:03:15,660 INFO T:295.64Â°K V:2.9340e-06V I:1.0000e-04A R:2.9340e-02ğ›€ E:5.6422e-05V/cm J:1.1236e-03A/cm2 ğ›’:5.0216e-02ğ›€ cm
2023-06-16 12:03:15,679 INFO Measurement at current 0.0001
2023-06-16 12:03:19,661 INFO T:295.64Â°K V:2.7340e-06V I:1.0000e-04A R:2.7340e-02ğ›€ E:5.2577e-05V/cm J:1.1236e-03A/cm2 ğ›’:4.6793e-02ğ›€ cm
2023-06-16 12:03:19,682 INFO Measurement at current 0.0001
2023-06-16 12:03:23,774 INFO T:295.63Â°K V:2.9047e-06V I:1.0000e-04A R:2.9047e-02ğ›€ E:5.5860e-05V/cm J:1.1236e-03A/cm2 ğ›’:4.9715e-02ğ›€ cm
2023-06-16 12:03:23,810 INFO Measurement at current 0.0001
2023-06-16 12:03:27,918 INFO T:295.63Â°K V:2.7206e-06V I:1.0000e-04A R:2.7206e-02ğ›€ E:5.2319e-05V/cm J:1.1236e-03A/cm2 ğ›’:4.6564e-02ğ›€ cm
2023-06-16 12:03:27,939 INFO Measurement at current 0.0001
2023-06-16 12:03:31,954 INFO T:295.63Â°K V:2.7742e-06V I:1.0000e-04A R:2.7742e-02ğ›€ E:5.3351e-05V/cm J:1.1236e-03A/cm2 ğ›’:4.7482e-02ğ›€ cm
2023-06-16 12:03:31,999 INFO Measurement at current 0.0001
2023-06-16 12:03:36,031 INFO T:295.62Â°K V:2.5747e-06V I:1.0000e-04A R:2.5747e-02ğ›€ E:4.9514e-05V/cm J:1.1236e-03A/cm2 ğ›’:4.4068e-02ğ›€ cm
2023-06-16 12:03:36,047 INFO Measurement at current 0.0001
2023-06-16 12:03:40,022 INFO T:295.62Â°K V:2.6461e-06V I:1.0000e-04A R:2.6461e-02ğ›€ E:5.0887e-05V/cm J:1.1236e-03A/cm2 ğ›’:4.5289e-02ğ›€ cm
2023-06-16 12:03:40,046 INFO Measurement at current 0.0001
2023-06-16 12:03:44,096 INFO T:295.62Â°K V:2.4887e-06V I:1.0000e-04A R:2.4887e-02ğ›€ E:4.7859e-05V/cm J:1.1236e-03A/cm2 ğ›’:4.2595e-02ğ›€ cm
2023-06-16 12:03:44,122 INFO Measurement at current 0.0001
2023-06-16 12:03:48,194 INFO T:295.61Â°K V:2.5980e-06V I:1.0000e-04A R:2.5980e-02ğ›€ E:4.9962e-05V/cm J:1.1236e-03A/cm2 ğ›’:4.4467e-02ğ›€ cm
2023-06-16 12:03:48,208 INFO Measurement at current 0.0001
2023-06-16 12:03:52,272 INFO T:295.61Â°K V:2.4822e-06V I:1.0000e-04A R:2.4822e-02ğ›€ E:4.7734e-05V/cm J:1.1236e-03A/cm2 ğ›’:4.2483e-02ğ›€ cm
2023-06-16 12:03:52,288 INFO Measurement at current 0.0001
2023-06-16 12:03:56,314 INFO T:295.61Â°K V:2.6107e-06V I:1.0000e-04A R:2.6107e-02ğ›€ E:5.0205e-05V/cm J:1.1236e-03A/cm2 ğ›’:4.4683e-02ğ›€ cm
2023-06-16 12:03:56,370 INFO Measurement at current 0.0001
2023-06-16 12:04:00,479 INFO T:295.60Â°K V:2.6453e-06V I:1.0000e-04A R:2.6453e-02ğ›€ E:5.0871e-05V/cm J:1.1236e-03A/cm2 ğ›’:4.5275e-02ğ›€ cm
2023-06-16 12:04:00,496 INFO Measurement at current 0.0001
2023-06-16 12:04:04,525 INFO T:295.60Â°K V:2.6731e-06V I:1.0000e-04A R:2.6731e-02ğ›€ E:5.1405e-05V/cm J:1.1236e-03A/cm2 ğ›’:4.5751e-02ğ›€ cm
2023-06-16 12:04:04,562 INFO Measurement at current 0.0001
2023-06-16 12:04:08,650 INFO T:295.60Â°K V:3.0040e-06V I:1.0000e-04A R:3.0040e-02ğ›€ E:5.7770e-05V/cm J:1.1236e-03A/cm2 ğ›’:5.1415e-02ğ›€ cm
2023-06-16 12:04:08,677 INFO Measurement at current 0.0001
2023-06-16 12:04:12,672 INFO T:295.59Â°K V:2.6600e-06V I:1.0000e-04A R:2.6600e-02ğ›€ E:5.1154e-05V/cm J:1.1236e-03A/cm2 ğ›’:4.5527e-02ğ›€ cm
2023-06-16 12:04:12,701 INFO Measurement at current 0.0001
2023-06-16 12:04:16,743 INFO T:295.59Â°K V:2.7116e-06V I:1.0000e-04A R:2.7116e-02ğ›€ E:5.2147e-05V/cm J:1.1236e-03A/cm2 ğ›’:4.6411e-02ğ›€ cm
2023-06-16 12:04:16,792 INFO Measurement at current 0.0001
2023-06-16 12:04:20,786 INFO T:295.59Â°K V:2.8391e-06V I:1.0000e-04A R:2.8391e-02ğ›€ E:5.4598e-05V/cm J:1.1236e-03A/cm2 ğ›’:4.8592e-02ğ›€ cm
2023-06-16 12:04:20,816 INFO Measurement at current 0.0001
2023-06-16 12:04:24,890 INFO T:295.58Â°K V:2.8949e-06V I:1.0000e-04A R:2.8949e-02ğ›€ E:5.5671e-05V/cm J:1.1236e-03A/cm2 ğ›’:4.9547e-02ğ›€ cm
2023-06-16 12:04:24,909 INFO Measurement at current 0.0001
2023-06-16 12:04:28,932 INFO T:295.58Â°K V:3.2207e-06V I:1.0000e-04A R:3.2207e-02ğ›€ E:6.1937e-05V/cm J:1.1236e-03A/cm2 ğ›’:5.5124e-02ğ›€ cm
2023-06-16 12:04:28,954 INFO Measurement at current 0.0001
2023-06-16 12:04:32,999 INFO T:295.58Â°K V:2.1252e-06V I:1.0000e-04A R:2.1252e-02ğ›€ E:4.0868e-05V/cm J:1.1236e-03A/cm2 ğ›’:3.6373e-02ğ›€ cm
2023-06-16 12:04:33,018 INFO Measurement at current 0.0001
2023-06-16 12:04:37,048 INFO T:295.58Â°K V:2.5479e-06V I:1.0000e-04A R:2.5479e-02ğ›€ E:4.8997e-05V/cm J:1.1236e-03A/cm2 ğ›’:4.3608e-02ğ›€ cm
2023-06-16 12:04:37,094 INFO Measurement at current 0.0001
2023-06-16 12:04:41,110 INFO T:295.58Â°K V:2.8845e-06V I:1.0000e-04A R:2.8845e-02ğ›€ E:5.5472e-05V/cm J:1.1236e-03A/cm2 ğ›’:4.9370e-02ğ›€ cm
2023-06-16 12:04:41,139 INFO Measurement at current 0.0001
2023-06-16 12:04:45,181 INFO T:295.57Â°K V:2.5309e-06V I:1.0000e-04A R:2.5309e-02ğ›€ E:4.8671e-05V/cm J:1.1236e-03A/cm2 ğ›’:4.3317e-02ğ›€ cm
2023-06-16 12:04:45,204 INFO Measurement at current 0.0001
2023-06-16 12:04:49,270 INFO T:295.62Â°K V:2.7467e-06V I:1.0000e-04A R:2.7467e-02ğ›€ E:5.2821e-05V/cm J:1.1236e-03A/cm2 ğ›’:4.7010e-02ğ›€ cm
2023-06-16 12:04:49,294 INFO Measurement at current 0.0001
2023-06-16 12:04:53,286 INFO T:295.58Â°K V:4.8509e-06V I:1.0000e-04A R:4.8509e-02ğ›€ E:9.3287e-05V/cm J:1.1236e-03A/cm2 ğ›’:8.3025e-02ğ›€ cm
2023-06-16 12:04:53,300 INFO Measurement at current 0.0001
2023-06-16 12:04:57,289 INFO T:295.57Â°K V:4.5487e-06V I:1.0000e-04A R:4.5487e-02ğ›€ E:8.7474e-05V/cm J:1.1236e-03A/cm2 ğ›’:7.7852e-02ğ›€ cm
2023-06-16 12:04:57,325 INFO Measurement at current 0.0001
2023-06-16 12:05:01,376 INFO T:295.56Â°K V:4.2985e-06V I:1.0000e-04A R:4.2985e-02ğ›€ E:8.2664e-05V/cm J:1.1236e-03A/cm2 ğ›’:7.3571e-02ğ›€ cm
2023-06-16 12:05:01,413 INFO Measurement at current 0.0001
2023-06-16 12:05:05,443 INFO T:295.56Â°K V:3.4887e-06V I:1.0000e-04A R:3.4887e-02ğ›€ E:6.7091e-05V/cm J:1.1236e-03A/cm2 ğ›’:5.9711e-02ğ›€ cm
2023-06-16 12:05:05,468 INFO Measurement at current 0.0001
2023-06-16 12:05:09,571 INFO T:295.55Â°K V:3.5910e-06V I:1.0000e-04A R:3.5910e-02ğ›€ E:6.9058e-05V/cm J:1.1236e-03A/cm2 ğ›’:6.1462e-02ğ›€ cm
2023-06-16 12:05:09,589 INFO Measurement at current 0.0001
2023-06-16 12:05:13,666 INFO T:295.54Â°K V:3.6963e-06V I:1.0000e-04A R:3.6963e-02ğ›€ E:7.1083e-05V/cm J:1.1236e-03A/cm2 ğ›’:6.3264e-02ğ›€ cm
2023-06-16 12:05:13,682 INFO Measurement at current 0.0001
2023-06-16 12:05:17,756 INFO T:295.53Â°K V:3.7247e-06V I:1.0000e-04A R:3.7247e-02ğ›€ E:7.1628e-05V/cm J:1.1236e-03A/cm2 ğ›’:6.3749e-02ğ›€ cm
2023-06-16 12:05:17,780 INFO Measurement at current 0.0001
2023-06-16 12:05:21,824 INFO T:295.52Â°K V:3.7269e-06V I:1.0000e-04A R:3.7269e-02ğ›€ E:7.1671e-05V/cm J:1.1236e-03A/cm2 ğ›’:6.3787e-02ğ›€ cm
2023-06-16 12:05:21,844 INFO Measurement at current 0.0001
2023-06-16 12:05:25,921 INFO T:295.52Â°K V:3.7268e-06V I:1.0000e-04A R:3.7268e-02ğ›€ E:7.1670e-05V/cm J:1.1236e-03A/cm2 ğ›’:6.3786e-02ğ›€ cm
2023-06-16 12:05:25,942 INFO Measurement at current 0.0001
2023-06-16 12:05:30,012 INFO T:295.51Â°K V:3.7291e-06V I:1.0000e-04A R:3.7291e-02ğ›€ E:7.1714e-05V/cm J:1.1236e-03A/cm2 ğ›’:6.3825e-02ğ›€ cm
2023-06-16 12:05:30,042 INFO Measurement at current 0.0001
2023-06-16 12:05:34,210 INFO T:295.50Â°K V:3.7290e-06V I:1.0000e-04A R:3.7290e-02ğ›€ E:7.1712e-05V/cm J:1.1236e-03A/cm2 ğ›’:6.3823e-02ğ›€ cm
2023-06-16 12:05:34,257 INFO Measurement at current 0.0001
2023-06-16 12:05:38,322 INFO T:295.50Â°K V:3.7267e-06V I:1.0000e-04A R:3.7267e-02ğ›€ E:7.1667e-05V/cm J:1.1236e-03A/cm2 ğ›’:6.3784e-02ğ›€ cm
2023-06-16 12:05:38,343 INFO Measurement at current 0.0001
2023-06-16 12:05:42,421 INFO T:295.49Â°K V:3.7469e-06V I:1.0000e-04A R:3.7469e-02ğ›€ E:7.2055e-05V/cm J:1.1236e-03A/cm2 ğ›’:6.4129e-02ğ›€ cm
2023-06-16 12:05:42,446 INFO Measurement at current 0.0001
2023-06-16 12:05:46,499 INFO T:295.48Â°K V:3.7786e-06V I:1.0000e-04A R:3.7786e-02ğ›€ E:7.2666e-05V/cm J:1.1236e-03A/cm2 ğ›’:6.4673e-02ğ›€ cm
2023-06-16 12:05:46,530 INFO Measurement at current 0.0001
2023-06-16 12:05:50,565 INFO T:295.48Â°K V:3.8989e-06V I:1.0000e-04A R:3.8989e-02ğ›€ E:7.4978e-05V/cm J:1.1236e-03A/cm2 ğ›’:6.6730e-02ğ›€ cm
2023-06-16 12:05:50,588 INFO Measurement at current 0.0001
2023-06-16 12:05:54,633 INFO T:295.47Â°K V:4.1214e-06V I:1.0000e-04A R:4.1214e-02ğ›€ E:7.9257e-05V/cm J:1.1236e-03A/cm2 ğ›’:7.0539e-02ğ›€ cm
2023-06-16 12:05:54,655 INFO Measurement at current 0.0001
2023-06-16 12:05:58,716 INFO T:295.46Â°K V:4.4463e-06V I:1.0000e-04A R:4.4463e-02ğ›€ E:8.5506e-05V/cm J:1.1236e-03A/cm2 ğ›’:7.6100e-02ğ›€ cm
2023-06-16 12:05:58,793 INFO Measurement at current 0.0001
2023-06-16 12:06:02,831 INFO T:295.45Â°K V:4.4731e-06V I:1.0000e-04A R:4.4731e-02ğ›€ E:8.6020e-05V/cm J:1.1236e-03A/cm2 ğ›’:7.6558e-02ğ›€ cm
2023-06-16 12:06:02,845 INFO Measurement at current 0.0001
2023-06-16 12:06:06,868 INFO T:295.44Â°K V:4.4947e-06V I:1.0000e-04A R:4.4947e-02ğ›€ E:8.6436e-05V/cm J:1.1236e-03A/cm2 ğ›’:7.6928e-02ğ›€ cm
2023-06-16 12:06:06,889 INFO Measurement at current 0.0001
2023-06-16 12:06:10,910 INFO T:295.44Â°K V:4.5093e-06V I:1.0000e-04A R:4.5093e-02ğ›€ E:8.6718e-05V/cm J:1.1236e-03A/cm2 ğ›’:7.7179e-02ğ›€ cm
2023-06-16 12:06:10,929 INFO Measurement at current 0.0001
2023-06-16 12:06:14,980 INFO T:295.43Â°K V:4.5177e-06V I:1.0000e-04A R:4.5177e-02ğ›€ E:8.6879e-05V/cm J:1.1236e-03A/cm2 ğ›’:7.7322e-02ğ›€ cm
2023-06-16 12:06:15,021 INFO Measurement at current 0.0001
2023-06-16 12:06:19,063 INFO T:295.42Â°K V:4.5364e-06V I:1.0000e-04A R:4.5364e-02ğ›€ E:8.7238e-05V/cm J:1.1236e-03A/cm2 ğ›’:7.7641e-02ğ›€ cm
2023-06-16 12:06:19,080 INFO Measurement at current 0.0001
2023-06-16 12:06:23,096 INFO T:295.42Â°K V:4.5547e-06V I:1.0000e-04A R:4.5547e-02ğ›€ E:8.7590e-05V/cm J:1.1236e-03A/cm2 ğ›’:7.7955e-02ğ›€ cm
2023-06-16 12:06:23,114 INFO Measurement at current 0.0001
2023-06-16 12:06:27,111 INFO T:295.41Â°K V:4.5804e-06V I:1.0000e-04A R:4.5804e-02ğ›€ E:8.8084e-05V/cm J:1.1236e-03A/cm2 ğ›’:7.8395e-02ğ›€ cm
2023-06-16 12:06:27,125 INFO Measurement at current 0.0001
2023-06-16 12:06:31,179 INFO T:295.40Â°K V:4.6020e-06V I:1.0000e-04A R:4.6020e-02ğ›€ E:8.8500e-05V/cm J:1.1236e-03A/cm2 ğ›’:7.8765e-02ğ›€ cm
2023-06-16 12:06:31,198 INFO Measurement at current 0.0001
2023-06-16 12:06:35,267 INFO T:295.40Â°K V:4.6161e-06V I:1.0000e-04A R:4.6161e-02ğ›€ E:8.8771e-05V/cm J:1.1236e-03A/cm2 ğ›’:7.9006e-02ğ›€ cm
2023-06-16 12:06:35,306 INFO Measurement at current 0.0001
2023-06-16 12:06:39,338 INFO T:295.39Â°K V:4.6390e-06V I:1.0000e-04A R:4.6390e-02ğ›€ E:8.9211e-05V/cm J:1.1236e-03A/cm2 ğ›’:7.9398e-02ğ›€ cm
2023-06-16 12:06:39,359 INFO Measurement at current 0.0001
2023-06-16 12:06:43,383 INFO T:295.38Â°K V:4.6525e-06V I:1.0000e-04A R:4.6525e-02ğ›€ E:8.9471e-05V/cm J:1.1236e-03A/cm2 ğ›’:7.9629e-02ğ›€ cm
2023-06-16 12:06:43,403 INFO Measurement at current 0.0001
2023-06-16 12:06:47,445 INFO T:295.37Â°K V:4.6685e-06V I:1.0000e-04A R:4.6685e-02ğ›€ E:8.9779e-05V/cm J:1.1236e-03A/cm2 ğ›’:7.9903e-02ğ›€ cm
2023-06-16 12:06:47,465 INFO Measurement at current 0.0001
2023-06-16 12:06:51,568 INFO T:295.37Â°K V:4.7018e-06V I:1.0000e-04A R:4.7018e-02ğ›€ E:9.0419e-05V/cm J:1.1236e-03A/cm2 ğ›’:8.0473e-02ğ›€ cm
2023-06-16 12:06:51,589 INFO Measurement at current 0.0001
2023-06-16 12:06:55,618 INFO T:295.36Â°K V:4.7070e-06V I:1.0000e-04A R:4.7070e-02ğ›€ E:9.0519e-05V/cm J:1.1236e-03A/cm2 ğ›’:8.0562e-02ğ›€ cm
2023-06-16 12:06:55,659 INFO Measurement at current 0.0001
2023-06-16 12:06:59,627 INFO T:295.35Â°K V:4.7209e-06V I:1.0000e-04A R:4.7209e-02ğ›€ E:9.0787e-05V/cm J:1.1236e-03A/cm2 ğ›’:8.0800e-02ğ›€ cm
2023-06-16 12:06:59,658 INFO Measurement at current 0.0001
2023-06-16 12:07:03,722 INFO T:295.34Â°K V:4.7461e-06V I:1.0000e-04A R:4.7461e-02ğ›€ E:9.1270e-05V/cm J:1.1236e-03A/cm2 ğ›’:8.1231e-02ğ›€ cm
2023-06-16 12:07:03,753 INFO Measurement at current 0.0001
2023-06-16 12:07:07,786 INFO T:295.33Â°K V:4.7537e-06V I:1.0000e-04A R:4.7537e-02ğ›€ E:9.1417e-05V/cm J:1.1236e-03A/cm2 ğ›’:8.1361e-02ğ›€ cm
2023-06-16 12:07:07,800 INFO Measurement at current 0.0001
2023-06-16 12:07:11,869 INFO T:295.33Â°K V:4.7474e-06V I:1.0000e-04A R:4.7474e-02ğ›€ E:9.1296e-05V/cm J:1.1236e-03A/cm2 ğ›’:8.1254e-02ğ›€ cm
2023-06-16 12:07:11,888 INFO Measurement at current 0.0001
2023-06-16 12:07:15,924 INFO T:295.32Â°K V:4.7487e-06V I:1.0000e-04A R:4.7487e-02ğ›€ E:9.1321e-05V/cm J:1.1236e-03A/cm2 ğ›’:8.1275e-02ğ›€ cm
2023-06-16 12:07:15,943 INFO Measurement at current 0.0001
2023-06-16 12:07:19,983 INFO T:295.31Â°K V:4.7373e-06V I:1.0000e-04A R:4.7373e-02ğ›€ E:9.1101e-05V/cm J:1.1236e-03A/cm2 ğ›’:8.1080e-02ğ›€ cm
2023-06-16 12:07:20,016 INFO Measurement at current 0.0001
2023-06-16 12:07:23,992 INFO T:295.30Â°K V:4.7265e-06V I:1.0000e-04A R:4.7265e-02ğ›€ E:9.0894e-05V/cm J:1.1236e-03A/cm2 ğ›’:8.0896e-02ğ›€ cm
2023-06-16 12:07:24,006 INFO Measurement at current 0.0001
2023-06-16 12:07:28,001 INFO T:295.30Â°K V:4.7143e-06V I:1.0000e-04A R:4.7143e-02ğ›€ E:9.0659e-05V/cm J:1.1236e-03A/cm2 ğ›’:8.0687e-02ğ›€ cm
2023-06-16 12:07:28,022 INFO Measurement at current 0.0001
2023-06-16 12:07:32,090 INFO T:295.29Â°K V:4.6955e-06V I:1.0000e-04A R:4.6955e-02ğ›€ E:9.0298e-05V/cm J:1.1236e-03A/cm2 ğ›’:8.0365e-02ğ›€ cm
2023-06-16 12:07:32,116 INFO Measurement at current 0.0001
2023-06-16 12:07:36,116 INFO T:295.28Â°K V:4.6814e-06V I:1.0000e-04A R:4.6814e-02ğ›€ E:9.0028e-05V/cm J:1.1236e-03A/cm2 ğ›’:8.0124e-02ğ›€ cm
2023-06-16 12:07:36,131 INFO Measurement at current 0.0001
2023-06-16 12:07:40,164 INFO T:295.27Â°K V:4.6647e-06V I:1.0000e-04A R:4.6647e-02ğ›€ E:8.9707e-05V/cm J:1.1236e-03A/cm2 ğ›’:7.9839e-02ğ›€ cm
2023-06-16 12:07:40,183 INFO Measurement at current 0.0001
2023-06-16 12:07:44,284 INFO T:295.27Â°K V:4.6605e-06V I:1.0000e-04A R:4.6605e-02ğ›€ E:8.9625e-05V/cm J:1.1236e-03A/cm2 ğ›’:7.9766e-02ğ›€ cm
2023-06-16 12:07:44,315 INFO Measurement at current 0.0001
2023-06-16 12:07:48,345 INFO T:295.26Â°K V:4.6690e-06V I:1.0000e-04A R:4.6690e-02ğ›€ E:8.9788e-05V/cm J:1.1236e-03A/cm2 ğ›’:7.9911e-02ğ›€ cm
2023-06-16 12:07:48,365 INFO Measurement at current 0.0001
2023-06-16 12:07:52,467 INFO T:295.25Â°K V:4.6707e-06V I:1.0000e-04A R:4.6707e-02ğ›€ E:8.9820e-05V/cm J:1.1236e-03A/cm2 ğ›’:7.9940e-02ğ›€ cm
2023-06-16 12:07:52,498 INFO Measurement at current 0.0001
2023-06-16 12:07:56,510 INFO T:295.24Â°K V:4.6624e-06V I:1.0000e-04A R:4.6624e-02ğ›€ E:8.9661e-05V/cm J:1.1236e-03A/cm2 ğ›’:7.9799e-02ğ›€ cm
2023-06-16 12:07:56,539 INFO Measurement at current 0.0001
2023-06-16 12:08:00,581 INFO T:295.24Â°K V:4.6629e-06V I:1.0000e-04A R:4.6629e-02ğ›€ E:8.9670e-05V/cm J:1.1236e-03A/cm2 ğ›’:7.9807e-02ğ›€ cm
2023-06-16 12:08:00,601 INFO Measurement at current 0.0001
2023-06-16 12:08:04,623 INFO T:295.23Â°K V:4.6510e-06V I:1.0000e-04A R:4.6510e-02ğ›€ E:8.9442e-05V/cm J:1.1236e-03A/cm2 ğ›’:7.9603e-02ğ›€ cm
2023-06-16 12:08:04,648 INFO Measurement at current 0.0001
2023-06-16 12:08:08,710 INFO T:295.22Â°K V:4.6450e-06V I:1.0000e-04A R:4.6450e-02ğ›€ E:8.9326e-05V/cm J:1.1236e-03A/cm2 ğ›’:7.9500e-02ğ›€ cm
2023-06-16 12:08:08,754 INFO Measurement at current 0.0001
2023-06-16 12:08:12,808 INFO T:295.22Â°K V:4.6483e-06V I:1.0000e-04A R:4.6483e-02ğ›€ E:8.9391e-05V/cm J:1.1236e-03A/cm2 ğ›’:7.9558e-02ğ›€ cm
2023-06-16 12:08:12,824 INFO Measurement at current 0.0001
2023-06-16 12:08:16,870 INFO T:295.21Â°K V:4.6441e-06V I:1.0000e-04A R:4.6441e-02ğ›€ E:8.9310e-05V/cm J:1.1236e-03A/cm2 ğ›’:7.9486e-02ğ›€ cm
2023-06-16 12:08:16,885 INFO Measurement at current 0.0001
2023-06-16 12:08:20,872 INFO T:295.20Â°K V:4.6314e-06V I:1.0000e-04A R:4.6314e-02ğ›€ E:8.9065e-05V/cm J:1.1236e-03A/cm2 ğ›’:7.9268e-02ğ›€ cm
2023-06-16 12:08:20,893 INFO Measurement at current 0.0001
2023-06-16 12:08:24,998 INFO T:295.19Â°K V:4.6370e-06V I:1.0000e-04A R:4.6370e-02ğ›€ E:8.9173e-05V/cm J:1.1236e-03A/cm2 ğ›’:7.9364e-02ğ›€ cm
2023-06-16 12:08:25,021 INFO Measurement at current 0.0001
2023-06-16 12:08:29,026 INFO T:295.19Â°K V:4.6368e-06V I:1.0000e-04A R:4.6368e-02ğ›€ E:8.9169e-05V/cm J:1.1236e-03A/cm2 ğ›’:7.9361e-02ğ›€ cm
2023-06-16 12:08:29,047 INFO Measurement at current 0.0001
2023-06-16 12:08:33,109 INFO T:295.18Â°K V:4.6238e-06V I:1.0000e-04A R:4.6238e-02ğ›€ E:8.8920e-05V/cm J:1.1236e-03A/cm2 ğ›’:7.9139e-02ğ›€ cm
2023-06-16 12:08:33,148 INFO Measurement at current 0.0001
2023-06-16 12:08:37,162 INFO T:295.17Â°K V:4.6145e-06V I:1.0000e-04A R:4.6145e-02ğ›€ E:8.8740e-05V/cm J:1.1236e-03A/cm2 ğ›’:7.8979e-02ğ›€ cm
2023-06-16 12:08:37,184 INFO Measurement at current 0.0001
2023-06-16 12:08:41,212 INFO T:295.17Â°K V:4.6101e-06V I:1.0000e-04A R:4.6101e-02ğ›€ E:8.8657e-05V/cm J:1.1236e-03A/cm2 ğ›’:7.8904e-02ğ›€ cm
2023-06-16 12:08:41,234 INFO Measurement at current 0.0001
2023-06-16 12:08:45,305 INFO T:295.16Â°K V:4.5998e-06V I:1.0000e-04A R:4.5998e-02ğ›€ E:8.8458e-05V/cm J:1.1236e-03A/cm2 ğ›’:7.8728e-02ğ›€ cm
2023-06-16 12:08:45,328 INFO Measurement at current 0.0001
2023-06-16 12:08:49,359 INFO T:295.15Â°K V:4.6642e-06V I:1.0000e-04A R:4.6642e-02ğ›€ E:8.9696e-05V/cm J:1.1236e-03A/cm2 ğ›’:7.9830e-02ğ›€ cm
2023-06-16 12:08:49,382 INFO Measurement at current 0.0001
2023-06-16 12:08:53,435 INFO T:296.50Â°K V:4.9674e-06V I:1.0000e-04A R:4.9674e-02ğ›€ E:9.5528e-05V/cm J:1.1236e-03A/cm2 ğ›’:8.5020e-02ğ›€ cm
2023-06-16 12:08:53,470 INFO Measurement at current 0.0001
2023-06-16 12:08:57,517 INFO T:295.14Â°K V:5.2199e-06V I:1.0000e-04A R:5.2199e-02ğ›€ E:1.0038e-04V/cm J:1.1236e-03A/cm2 ğ›’:8.9340e-02ğ›€ cm
2023-06-16 12:08:57,548 INFO Measurement at current 0.0001
2023-06-16 12:09:01,607 INFO T:295.13Â°K V:5.2791e-06V I:1.0000e-04A R:5.2791e-02ğ›€ E:1.0152e-04V/cm J:1.1236e-03A/cm2 ğ›’:9.0354e-02ğ›€ cm
2023-06-16 12:09:01,631 INFO Measurement at current 0.0001
2023-06-16 12:09:05,662 INFO T:295.12Â°K V:5.2890e-06V I:1.0000e-04A R:5.2890e-02ğ›€ E:1.0171e-04V/cm J:1.1236e-03A/cm2 ğ›’:9.0524e-02ğ›€ cm
2023-06-16 12:09:05,712 INFO Measurement at current 0.0001
2023-06-16 12:09:09,749 INFO T:295.11Â°K V:5.3506e-06V I:1.0000e-04A R:5.3506e-02ğ›€ E:1.0290e-04V/cm J:1.1236e-03A/cm2 ğ›’:9.1577e-02ğ›€ cm
2023-06-16 12:09:09,769 INFO Measurement at current 0.0001
2023-06-16 12:09:13,788 INFO T:295.09Â°K V:5.9004e-06V I:1.0000e-04A R:5.9004e-02ğ›€ E:1.1347e-04V/cm J:1.1236e-03A/cm2 ğ›’:1.0099e-01ğ›€ cm
2023-06-16 12:09:13,815 INFO Measurement at current 0.0001
2023-06-16 12:09:17,800 INFO T:295.07Â°K V:6.2300e-06V I:1.0000e-04A R:6.2300e-02ğ›€ E:1.1981e-04V/cm J:1.1236e-03A/cm2 ğ›’:1.0663e-01ğ›€ cm
2023-06-16 12:09:17,831 INFO Measurement at current 0.0001
2023-06-16 12:09:21,801 INFO T:295.03Â°K V:7.9747e-06V I:1.0000e-04A R:7.9747e-02ğ›€ E:1.5336e-04V/cm J:1.1236e-03A/cm2 ğ›’:1.3649e-01ğ›€ cm
2023-06-16 12:09:21,816 INFO Measurement at current 0.0001
2023-06-16 12:09:25,888 INFO T:294.97Â°K V:8.2849e-06V I:1.0000e-04A R:8.2849e-02ğ›€ E:1.5932e-04V/cm J:1.1236e-03A/cm2 ğ›’:1.4180e-01ğ›€ cm
2023-06-16 12:09:25,906 INFO Measurement at current 0.0001
2023-06-16 12:09:29,932 INFO T:294.91Â°K V:8.0958e-06V I:1.0000e-04A R:8.0958e-02ğ›€ E:1.5569e-04V/cm J:1.1236e-03A/cm2 ğ›’:1.3856e-01ğ›€ cm
2023-06-16 12:09:29,964 INFO Measurement at current 0.0001
2023-06-16 12:09:34,016 INFO T:294.84Â°K V:7.9600e-06V I:1.0000e-04A R:7.9600e-02ğ›€ E:1.5308e-04V/cm J:1.1236e-03A/cm2 ğ›’:1.3624e-01ğ›€ cm
2023-06-16 12:09:34,040 INFO Measurement at current 0.0001
2023-06-16 12:09:38,085 INFO T:294.78Â°K V:7.8381e-06V I:1.0000e-04A R:7.8381e-02ğ›€ E:1.5073e-04V/cm J:1.1236e-03A/cm2 ğ›’:1.3415e-01ğ›€ cm
2023-06-16 12:09:38,103 INFO Measurement at current 0.0001
2023-06-16 12:09:42,115 INFO T:294.72Â°K V:7.7316e-06V I:1.0000e-04A R:7.7316e-02ğ›€ E:1.4868e-04V/cm J:1.1236e-03A/cm2 ğ›’:1.3233e-01ğ›€ cm
2023-06-16 12:09:42,136 INFO Measurement at current 0.0001
2023-06-16 12:09:46,130 INFO T:294.66Â°K V:7.6284e-06V I:1.0000e-04A R:7.6284e-02ğ›€ E:1.4670e-04V/cm J:1.1236e-03A/cm2 ğ›’:1.3056e-01ğ›€ cm
2023-06-16 12:09:46,152 INFO Measurement at current 0.0001
2023-06-16 12:09:50,254 INFO T:294.61Â°K V:7.5285e-06V I:1.0000e-04A R:7.5285e-02ğ›€ E:1.4478e-04V/cm J:1.1236e-03A/cm2 ğ›’:1.2885e-01ğ›€ cm
2023-06-16 12:09:50,290 INFO Measurement at current 0.0001
2023-06-16 12:09:54,325 INFO T:294.56Â°K V:7.4024e-06V I:1.0000e-04A R:7.4024e-02ğ›€ E:1.4235e-04V/cm J:1.1236e-03A/cm2 ğ›’:1.2669e-01ğ›€ cm
2023-06-16 12:09:54,349 INFO Measurement at current 0.0001
2023-06-16 12:09:58,456 INFO T:294.51Â°K V:7.3207e-06V I:1.0000e-04A R:7.3207e-02ğ›€ E:1.4078e-04V/cm J:1.1236e-03A/cm2 ğ›’:1.2530e-01ğ›€ cm
2023-06-16 12:09:58,478 INFO Measurement at current 0.0001
2023-06-16 12:10:02,483 INFO T:294.46Â°K V:7.2446e-06V I:1.0000e-04A R:7.2446e-02ğ›€ E:1.3932e-04V/cm J:1.1236e-03A/cm2 ğ›’:1.2399e-01ğ›€ cm
2023-06-16 12:10:02,502 INFO Measurement at current 0.0001
2023-06-16 12:10:06,518 INFO T:294.41Â°K V:7.1669e-06V I:1.0000e-04A R:7.1669e-02ğ›€ E:1.3783e-04V/cm J:1.1236e-03A/cm2 ğ›’:1.2267e-01ğ›€ cm
2023-06-16 12:10:06,549 INFO Measurement at current 0.0001
2023-06-16 12:10:10,614 INFO T:294.37Â°K V:7.0948e-06V I:1.0000e-04A R:7.0948e-02ğ›€ E:1.3644e-04V/cm J:1.1236e-03A/cm2 ğ›’:1.2143e-01ğ›€ cm
2023-06-16 12:10:10,644 INFO Measurement at current 0.0001
2023-06-16 12:10:14,654 INFO T:294.32Â°K V:7.0129e-06V I:1.0000e-04A R:7.0129e-02ğ›€ E:1.3486e-04V/cm J:1.1236e-03A/cm2 ğ›’:1.2003e-01ğ›€ cm
2023-06-16 12:10:14,669 INFO Measurement at current 0.0001
2023-06-16 12:10:18,729 INFO T:294.27Â°K V:6.9238e-06V I:1.0000e-04A R:6.9238e-02ğ›€ E:1.3315e-04V/cm J:1.1236e-03A/cm2 ğ›’:1.1850e-01ğ›€ cm
2023-06-16 12:10:18,760 INFO Measurement at current 0.0001
2023-06-16 12:10:22,756 INFO T:294.23Â°K V:6.8551e-06V I:1.0000e-04A R:6.8551e-02ğ›€ E:1.3183e-04V/cm J:1.1236e-03A/cm2 ğ›’:1.1733e-01ğ›€ cm
2023-06-16 12:10:22,787 INFO Measurement at current 0.0001
2023-06-16 12:10:26,809 INFO T:294.19Â°K V:6.7808e-06V I:1.0000e-04A R:6.7808e-02ğ›€ E:1.3040e-04V/cm J:1.1236e-03A/cm2 ğ›’:1.1606e-01ğ›€ cm
2023-06-16 12:10:26,831 INFO Measurement at current 0.0001
2023-06-16 12:10:30,864 INFO T:294.14Â°K V:6.7127e-06V I:1.0000e-04A R:6.7127e-02ğ›€ E:1.2909e-04V/cm J:1.1236e-03A/cm2 ğ›’:1.1489e-01ğ›€ cm
2023-06-16 12:10:30,898 INFO Measurement at current 0.0001
2023-06-16 12:10:34,929 INFO T:294.10Â°K V:6.6488e-06V I:1.0000e-04A R:6.6488e-02ğ›€ E:1.2786e-04V/cm J:1.1236e-03A/cm2 ğ›’:1.1380e-01ğ›€ cm
2023-06-16 12:10:34,944 INFO Measurement at current 0.0001
2023-06-16 12:10:38,942 INFO T:294.06Â°K V:6.5944e-06V I:1.0000e-04A R:6.5944e-02ğ›€ E:1.2681e-04V/cm J:1.1236e-03A/cm2 ğ›’:1.1287e-01ğ›€ cm
2023-06-16 12:10:38,977 INFO Measurement at current 0.0001
2023-06-16 12:10:43,036 INFO T:294.02Â°K V:6.5449e-06V I:1.0000e-04A R:6.5449e-02ğ›€ E:1.2586e-04V/cm J:1.1236e-03A/cm2 ğ›’:1.1202e-01ğ›€ cm
2023-06-16 12:10:43,055 INFO Measurement at current 0.0001
2023-06-16 12:10:47,053 INFO T:293.97Â°K V:6.4902e-06V I:1.0000e-04A R:6.4902e-02ğ›€ E:1.2481e-04V/cm J:1.1236e-03A/cm2 ğ›’:1.1108e-01ğ›€ cm
2023-06-16 12:10:47,081 INFO Measurement at current 0.0001
2023-06-16 12:10:51,109 INFO T:293.93Â°K V:6.4378e-06V I:1.0000e-04A R:6.4378e-02ğ›€ E:1.2380e-04V/cm J:1.1236e-03A/cm2 ğ›’:1.1018e-01ğ›€ cm
2023-06-16 12:10:51,129 INFO Measurement at current 0.0001
2023-06-16 12:10:55,173 INFO T:293.89Â°K V:6.3837e-06V I:1.0000e-04A R:6.3837e-02ğ›€ E:1.2276e-04V/cm J:1.1236e-03A/cm2 ğ›’:1.0926e-01ğ›€ cm
2023-06-16 12:10:55,194 INFO Measurement at current 0.0001
2023-06-16 12:10:59,212 INFO T:293.85Â°K V:6.3159e-06V I:1.0000e-04A R:6.3159e-02ğ›€ E:1.2146e-04V/cm J:1.1236e-03A/cm2 ğ›’:1.0810e-01ğ›€ cm
2023-06-16 12:10:59,232 INFO Measurement at current 0.0001
2023-06-16 12:11:03,242 INFO T:293.81Â°K V:6.2489e-06V I:1.0000e-04A R:6.2489e-02ğ›€ E:1.2017e-04V/cm J:1.1236e-03A/cm2 ğ›’:1.0695e-01ğ›€ cm
2023-06-16 12:11:03,257 INFO Measurement at current 0.0001
2023-06-16 12:11:07,296 INFO T:293.77Â°K V:6.1743e-06V I:1.0000e-04A R:6.1743e-02ğ›€ E:1.1874e-04V/cm J:1.1236e-03A/cm2 ğ›’:1.0568e-01ğ›€ cm
2023-06-16 12:11:07,316 INFO Measurement at current 0.0001
2023-06-16 12:11:11,379 INFO T:293.73Â°K V:6.1297e-06V I:1.0000e-04A R:6.1297e-02ğ›€ E:1.1788e-04V/cm J:1.1236e-03A/cm2 ğ›’:1.0491e-01ğ›€ cm
2023-06-16 12:11:11,399 INFO Measurement at current 0.0001
2023-06-16 12:11:15,453 INFO T:293.69Â°K V:6.0696e-06V I:1.0000e-04A R:6.0696e-02ğ›€ E:1.1672e-04V/cm J:1.1236e-03A/cm2 ğ›’:1.0388e-01ğ›€ cm
2023-06-16 12:11:15,471 INFO Measurement at current 0.0001
2023-06-16 12:11:19,465 INFO T:293.65Â°K V:6.0086e-06V I:1.0000e-04A R:6.0086e-02ğ›€ E:1.1555e-04V/cm J:1.1236e-03A/cm2 ğ›’:1.0284e-01ğ›€ cm
2023-06-16 12:11:19,477 INFO Measurement at current 0.0001
2023-06-16 12:11:23,541 INFO T:293.61Â°K V:5.9720e-06V I:1.0000e-04A R:5.9720e-02ğ›€ E:1.1485e-04V/cm J:1.1236e-03A/cm2 ğ›’:1.0221e-01ğ›€ cm
2023-06-16 12:11:23,591 INFO Measurement at current 0.0001
2023-06-16 12:11:27,600 INFO T:293.57Â°K V:5.9263e-06V I:1.0000e-04A R:5.9263e-02ğ›€ E:1.1397e-04V/cm J:1.1236e-03A/cm2 ğ›’:1.0143e-01ğ›€ cm
2023-06-16 12:11:27,629 INFO Measurement at current 0.0001
2023-06-16 12:11:31,688 INFO T:293.53Â°K V:5.8680e-06V I:1.0000e-04A R:5.8680e-02ğ›€ E:1.1285e-04V/cm J:1.1236e-03A/cm2 ğ›’:1.0043e-01ğ›€ cm
2023-06-16 12:11:31,706 INFO Measurement at current 0.0001
2023-06-16 12:11:35,679 INFO T:293.50Â°K V:5.8142e-06V I:1.0000e-04A R:5.8142e-02ğ›€ E:1.1181e-04V/cm J:1.1236e-03A/cm2 ğ›’:9.9513e-02ğ›€ cm
2023-06-16 12:11:35,717 INFO Measurement at current 0.0001
2023-06-16 12:11:39,766 INFO T:293.46Â°K V:5.7628e-06V I:1.0000e-04A R:5.7628e-02ğ›€ E:1.1082e-04V/cm J:1.1236e-03A/cm2 ğ›’:9.8633e-02ğ›€ cm
2023-06-16 12:11:39,785 INFO Measurement at current 0.0001
2023-06-16 12:11:43,797 INFO T:293.42Â°K V:5.7205e-06V I:1.0000e-04A R:5.7205e-02ğ›€ E:1.1001e-04V/cm J:1.1236e-03A/cm2 ğ›’:9.7909e-02ğ›€ cm
2023-06-16 12:11:43,817 INFO Measurement at current 0.0001
2023-06-16 12:11:47,881 INFO T:293.38Â°K V:5.6678e-06V I:1.0000e-04A R:5.6678e-02ğ›€ E:1.0900e-04V/cm J:1.1236e-03A/cm2 ğ›’:9.7007e-02ğ›€ cm
2023-06-16 12:11:47,903 INFO Measurement at current 0.0001
2023-06-16 12:11:51,924 INFO T:293.34Â°K V:5.6153e-06V I:1.0000e-04A R:5.6153e-02ğ›€ E:1.0799e-04V/cm J:1.1236e-03A/cm2 ğ›’:9.6107e-02ğ›€ cm
2023-06-16 12:11:51,957 INFO Measurement at current 0.0001
2023-06-16 12:11:55,998 INFO T:293.31Â°K V:5.5593e-06V I:1.0000e-04A R:5.5593e-02ğ›€ E:1.0691e-04V/cm J:1.1236e-03A/cm2 ğ›’:9.5150e-02ğ›€ cm
2023-06-16 12:11:56,036 INFO Measurement at current 0.0001
2023-06-16 12:12:00,091 INFO T:293.27Â°K V:5.4991e-06V I:1.0000e-04A R:5.4991e-02ğ›€ E:1.0575e-04V/cm J:1.1236e-03A/cm2 ğ›’:9.4118e-02ğ›€ cm
2023-06-16 12:12:00,129 INFO Measurement at current 0.0001
2023-06-16 12:12:04,188 INFO T:293.23Â°K V:5.4496e-06V I:1.0000e-04A R:5.4496e-02ğ›€ E:1.0480e-04V/cm J:1.1236e-03A/cm2 ğ›’:9.3272e-02ğ›€ cm
2023-06-16 12:12:04,218 INFO Measurement at current 0.0001
2023-06-16 12:12:08,255 INFO T:293.20Â°K V:5.4067e-06V I:1.0000e-04A R:5.4067e-02ğ›€ E:1.0397e-04V/cm J:1.1236e-03A/cm2 ğ›’:9.2537e-02ğ›€ cm
2023-06-16 12:12:08,293 INFO Measurement at current 0.0001
2023-06-16 12:12:12,350 INFO T:293.16Â°K V:5.3752e-06V I:1.0000e-04A R:5.3752e-02ğ›€ E:1.0337e-04V/cm J:1.1236e-03A/cm2 ğ›’:9.1998e-02ğ›€ cm
2023-06-16 12:12:12,382 INFO Measurement at current 0.0001
2023-06-16 12:12:16,421 INFO T:293.12Â°K V:5.3345e-06V I:1.0000e-04A R:5.3345e-02ğ›€ E:1.0259e-04V/cm J:1.1236e-03A/cm2 ğ›’:9.1303e-02ğ›€ cm
2023-06-16 12:12:16,458 INFO Measurement at current 0.0001
2023-06-16 12:12:20,536 INFO T:293.09Â°K V:5.2943e-06V I:1.0000e-04A R:5.2943e-02ğ›€ E:1.0181e-04V/cm J:1.1236e-03A/cm2 ğ›’:9.0614e-02ğ›€ cm
2023-06-16 12:12:20,563 INFO Measurement at current 0.0001
2023-06-16 12:12:24,596 INFO T:293.05Â°K V:5.2481e-06V I:1.0000e-04A R:5.2481e-02ğ›€ E:1.0092e-04V/cm J:1.1236e-03A/cm2 ğ›’:8.9823e-02ğ›€ cm
2023-06-16 12:12:24,626 INFO Measurement at current 0.0001
2023-06-16 12:12:28,668 INFO T:293.01Â°K V:5.1841e-06V I:1.0000e-04A R:5.1841e-02ğ›€ E:9.9695e-05V/cm J:1.1236e-03A/cm2 ğ›’:8.8728e-02ğ›€ cm
2023-06-16 12:12:28,699 INFO Measurement at current 0.0001
2023-06-16 12:12:32,736 INFO T:292.98Â°K V:5.1240e-06V I:1.0000e-04A R:5.1240e-02ğ›€ E:9.8539e-05V/cm J:1.1236e-03A/cm2 ğ›’:8.7699e-02ğ›€ cm
2023-06-16 12:12:32,752 INFO Measurement at current 0.0001
2023-06-16 12:12:36,748 INFO T:292.94Â°K V:5.0863e-06V I:1.0000e-04A R:5.0863e-02ğ›€ E:9.7814e-05V/cm J:1.1236e-03A/cm2 ğ›’:8.7054e-02ğ›€ cm
2023-06-16 12:12:36,775 INFO Measurement at current 0.0001
2023-06-16 12:12:40,824 INFO T:292.91Â°K V:5.0518e-06V I:1.0000e-04A R:5.0518e-02ğ›€ E:9.7151e-05V/cm J:1.1236e-03A/cm2 ğ›’:8.6464e-02ğ›€ cm
2023-06-16 12:12:40,851 INFO Measurement at current 0.0001
2023-06-16 12:12:44,878 INFO T:292.87Â°K V:5.0234e-06V I:1.0000e-04A R:5.0234e-02ğ›€ E:9.6604e-05V/cm J:1.1236e-03A/cm2 ğ›’:8.5977e-02ğ›€ cm
2023-06-16 12:12:44,908 INFO Measurement at current 0.0001
2023-06-16 12:12:48,970 INFO T:292.84Â°K V:4.9988e-06V I:1.0000e-04A R:4.9988e-02ğ›€ E:9.6131e-05V/cm J:1.1236e-03A/cm2 ğ›’:8.5556e-02ğ›€ cm
2023-06-16 12:12:48,999 INFO Measurement at current 0.0001
2023-06-16 12:12:53,034 INFO T:292.80Â°K V:4.9482e-06V I:1.0000e-04A R:4.9482e-02ğ›€ E:9.5157e-05V/cm J:1.1236e-03A/cm2 ğ›’:8.4690e-02ğ›€ cm
2023-06-16 12:12:53,061 INFO Measurement at current 0.0001
2023-06-16 12:12:57,083 INFO T:292.77Â°K V:4.9134e-06V I:1.0000e-04A R:4.9134e-02ğ›€ E:9.4488e-05V/cm J:1.1236e-03A/cm2 ğ›’:8.4095e-02ğ›€ cm
2023-06-16 12:12:57,100 INFO Measurement at current 0.0001
2023-06-16 12:13:01,092 INFO T:292.73Â°K V:4.8607e-06V I:1.0000e-04A R:4.8607e-02ğ›€ E:9.3475e-05V/cm J:1.1236e-03A/cm2 ğ›’:8.3193e-02ğ›€ cm
2023-06-16 12:13:01,108 INFO Measurement at current 0.0001
2023-06-16 12:13:05,180 INFO T:292.70Â°K V:4.8133e-06V I:1.0000e-04A R:4.8133e-02ğ›€ E:9.2564e-05V/cm J:1.1236e-03A/cm2 ğ›’:8.2382e-02ğ›€ cm
2023-06-16 12:13:05,209 INFO Measurement at current 0.0001
2023-06-16 12:13:09,265 INFO T:292.67Â°K V:4.7702e-06V I:1.0000e-04A R:4.7702e-02ğ›€ E:9.1734e-05V/cm J:1.1236e-03A/cm2 ğ›’:8.1644e-02ğ›€ cm
2023-06-16 12:13:09,299 INFO Measurement at current 0.0001
2023-06-16 12:13:13,387 INFO T:292.63Â°K V:4.7383e-06V I:1.0000e-04A R:4.7383e-02ğ›€ E:9.1122e-05V/cm J:1.1236e-03A/cm2 ğ›’:8.1098e-02ğ›€ cm
2023-06-16 12:13:13,403 INFO Measurement at current 0.0001
2023-06-16 12:13:17,467 INFO T:292.60Â°K V:4.7022e-06V I:1.0000e-04A R:4.7022e-02ğ›€ E:9.0426e-05V/cm J:1.1236e-03A/cm2 ğ›’:8.0479e-02ğ›€ cm
2023-06-16 12:13:17,489 INFO Measurement at current 0.0001
2023-06-16 12:13:21,558 INFO T:292.56Â°K V:4.6555e-06V I:1.0000e-04A R:4.6555e-02ğ›€ E:8.9528e-05V/cm J:1.1236e-03A/cm2 ğ›’:7.9680e-02ğ›€ cm
2023-06-16 12:13:21,587 INFO Measurement at current 0.0001
2023-06-16 12:13:25,622 INFO T:292.53Â°K V:4.6138e-06V I:1.0000e-04A R:4.6138e-02ğ›€ E:8.8727e-05V/cm J:1.1236e-03A/cm2 ğ›’:7.8967e-02ğ›€ cm
2023-06-16 12:13:25,648 INFO Measurement at current 0.0001
2023-06-16 12:13:29,678 INFO T:292.50Â°K V:4.5768e-06V I:1.0000e-04A R:4.5768e-02ğ›€ E:8.8015e-05V/cm J:1.1236e-03A/cm2 ğ›’:7.8334e-02ğ›€ cm
2023-06-16 12:13:29,695 INFO Measurement at current 0.0001
2023-06-16 12:13:33,738 INFO T:292.46Â°K V:4.5444e-06V I:1.0000e-04A R:4.5444e-02ğ›€ E:8.7392e-05V/cm J:1.1236e-03A/cm2 ğ›’:7.7779e-02ğ›€ cm
2023-06-16 12:13:33,760 INFO Measurement at current 0.0001
2023-06-16 12:13:37,925 INFO T:292.43Â°K V:4.5029e-06V I:1.0000e-04A R:4.5029e-02ğ›€ E:8.6595e-05V/cm J:1.1236e-03A/cm2 ğ›’:7.7069e-02ğ›€ cm
2023-06-16 12:13:37,944 INFO Measurement at current 0.0001
2023-06-16 12:13:42,018 INFO T:292.40Â°K V:4.4538e-06V I:1.0000e-04A R:4.4538e-02ğ›€ E:8.5651e-05V/cm J:1.1236e-03A/cm2 ğ›’:7.6229e-02ğ›€ cm
2023-06-16 12:13:42,045 INFO Measurement at current 0.0001
2023-06-16 12:13:46,062 INFO T:292.36Â°K V:4.4111e-06V I:1.0000e-04A R:4.4111e-02ğ›€ E:8.4829e-05V/cm J:1.1236e-03A/cm2 ğ›’:7.5498e-02ğ›€ cm
2023-06-16 12:13:46,082 INFO Measurement at current 0.0001
2023-06-16 12:13:50,133 INFO T:292.33Â°K V:4.3661e-06V I:1.0000e-04A R:4.3661e-02ğ›€ E:8.3964e-05V/cm J:1.1236e-03A/cm2 ğ›’:7.4728e-02ğ›€ cm
2023-06-16 12:13:50,161 INFO Measurement at current 0.0001
2023-06-16 12:13:54,166 INFO T:292.30Â°K V:4.3304e-06V I:1.0000e-04A R:4.3304e-02ğ›€ E:8.3277e-05V/cm J:1.1236e-03A/cm2 ğ›’:7.4117e-02ğ›€ cm
2023-06-16 12:13:54,201 INFO Measurement at current 0.0001
2023-06-16 12:13:58,219 INFO T:292.26Â°K V:4.2901e-06V I:1.0000e-04A R:4.2901e-02ğ›€ E:8.2503e-05V/cm J:1.1236e-03A/cm2 ğ›’:7.3427e-02ğ›€ cm
2023-06-16 12:13:58,243 INFO Measurement at current 0.0001
2023-06-16 12:14:02,293 INFO T:292.23Â°K V:4.2559e-06V I:1.0000e-04A R:4.2559e-02ğ›€ E:8.1844e-05V/cm J:1.1236e-03A/cm2 ğ›’:7.2841e-02ğ›€ cm
2023-06-16 12:14:02,321 INFO Measurement at current 0.0001
2023-06-16 12:14:06,371 INFO T:292.20Â°K V:4.2246e-06V I:1.0000e-04A R:4.2246e-02ğ›€ E:8.1243e-05V/cm J:1.1236e-03A/cm2 ğ›’:7.2306e-02ğ›€ cm
2023-06-16 12:14:06,403 INFO Measurement at current 0.0001
2023-06-16 12:14:10,428 INFO T:292.17Â°K V:4.1985e-06V I:1.0000e-04A R:4.1985e-02ğ›€ E:8.0741e-05V/cm J:1.1236e-03A/cm2 ğ›’:7.1860e-02ğ›€ cm
2023-06-16 12:14:10,474 INFO Measurement at current 0.0001
2023-06-16 12:14:14,549 INFO T:292.14Â°K V:4.1610e-06V I:1.0000e-04A R:4.1610e-02ğ›€ E:8.0019e-05V/cm J:1.1236e-03A/cm2 ğ›’:7.1217e-02ğ›€ cm
2023-06-16 12:14:14,582 INFO Measurement at current 0.0001
2023-06-16 12:14:18,636 INFO T:292.10Â°K V:4.1276e-06V I:1.0000e-04A R:4.1276e-02ğ›€ E:7.9377e-05V/cm J:1.1236e-03A/cm2 ğ›’:7.0646e-02ğ›€ cm
2023-06-16 12:14:18,663 INFO Measurement at current 0.0001
2023-06-16 12:14:22,797 INFO T:292.07Â°K V:4.0966e-06V I:1.0000e-04A R:4.0966e-02ğ›€ E:7.8781e-05V/cm J:1.1236e-03A/cm2 ğ›’:7.0115e-02ğ›€ cm
2023-06-16 12:14:22,821 INFO Measurement at current 0.0001
2023-06-16 12:14:26,862 INFO T:292.04Â°K V:4.0794e-06V I:1.0000e-04A R:4.0794e-02ğ›€ E:7.8450e-05V/cm J:1.1236e-03A/cm2 ğ›’:6.9821e-02ğ›€ cm
2023-06-16 12:14:26,892 INFO Measurement at current 0.0001
2023-06-16 12:14:30,933 INFO T:292.01Â°K V:4.0473e-06V I:1.0000e-04A R:4.0473e-02ğ›€ E:7.7833e-05V/cm J:1.1236e-03A/cm2 ğ›’:6.9271e-02ğ›€ cm
2023-06-16 12:14:30,969 INFO Measurement at current 0.0001
2023-06-16 12:14:35,010 INFO T:291.98Â°K V:3.9813e-06V I:1.0000e-04A R:3.9813e-02ğ›€ E:7.6563e-05V/cm J:1.1236e-03A/cm2 ğ›’:6.8141e-02ğ›€ cm
2023-06-16 12:14:35,033 INFO Measurement at current 0.0001
2023-06-16 12:14:39,111 INFO T:291.95Â°K V:3.9456e-06V I:1.0000e-04A R:3.9456e-02ğ›€ E:7.5878e-05V/cm J:1.1236e-03A/cm2 ğ›’:6.7531e-02ğ›€ cm
2023-06-16 12:14:39,159 INFO Measurement at current 0.0001
2023-06-16 12:14:43,218 INFO T:291.92Â°K V:3.9145e-06V I:1.0000e-04A R:3.9145e-02ğ›€ E:7.5279e-05V/cm J:1.1236e-03A/cm2 ğ›’:6.6998e-02ğ›€ cm
2023-06-16 12:14:43,257 INFO Measurement at current 0.0001
2023-06-16 12:14:47,326 INFO T:291.89Â°K V:3.8846e-06V I:1.0000e-04A R:3.8846e-02ğ›€ E:7.4704e-05V/cm J:1.1236e-03A/cm2 ğ›’:6.6487e-02ğ›€ cm
2023-06-16 12:14:47,344 INFO Measurement at current 0.0001
2023-06-16 12:14:51,427 INFO T:291.85Â°K V:3.8476e-06V I:1.0000e-04A R:3.8476e-02ğ›€ E:7.3992e-05V/cm J:1.1236e-03A/cm2 ğ›’:6.5853e-02ğ›€ cm
2023-06-16 12:14:51,451 INFO Measurement at current 0.0001
2023-06-16 12:14:55,561 INFO T:291.82Â°K V:3.8118e-06V I:1.0000e-04A R:3.8118e-02ğ›€ E:7.3304e-05V/cm J:1.1236e-03A/cm2 ğ›’:6.5240e-02ğ›€ cm
2023-06-16 12:14:55,598 INFO Measurement at current 0.0001
2023-06-16 12:14:59,591 INFO T:291.79Â°K V:3.8000e-06V I:1.0000e-04A R:3.8000e-02ğ›€ E:7.3077e-05V/cm J:1.1236e-03A/cm2 ğ›’:6.5038e-02ğ›€ cm
2023-06-16 12:14:59,606 INFO Measurement at current 0.0001
2023-06-16 12:15:03,642 INFO T:291.76Â°K V:3.7670e-06V I:1.0000e-04A R:3.7670e-02ğ›€ E:7.2442e-05V/cm J:1.1236e-03A/cm2 ğ›’:6.4474e-02ğ›€ cm
2023-06-16 12:15:03,661 INFO Measurement at current 0.0001
2023-06-16 12:15:07,724 INFO T:291.73Â°K V:3.7278e-06V I:1.0000e-04A R:3.7278e-02ğ›€ E:7.1689e-05V/cm J:1.1236e-03A/cm2 ğ›’:6.3803e-02ğ›€ cm
2023-06-16 12:15:07,747 INFO Measurement at current 0.0001
2023-06-16 12:15:11,802 INFO T:291.70Â°K V:3.6946e-06V I:1.0000e-04A R:3.6946e-02ğ›€ E:7.1050e-05V/cm J:1.1236e-03A/cm2 ğ›’:6.3234e-02ğ›€ cm
2023-06-16 12:15:11,834 INFO Measurement at current 0.0001
2023-06-16 12:15:15,826 INFO T:291.67Â°K V:3.6609e-06V I:1.0000e-04A R:3.6609e-02ğ›€ E:7.0403e-05V/cm J:1.1236e-03A/cm2 ğ›’:6.2658e-02ğ›€ cm
2023-06-16 12:15:15,856 INFO Measurement at current 0.0001
2023-06-16 12:15:19,930 INFO T:291.64Â°K V:3.6273e-06V I:1.0000e-04A R:3.6273e-02ğ›€ E:6.9757e-05V/cm J:1.1236e-03A/cm2 ğ›’:6.2083e-02ğ›€ cm
2023-06-16 12:15:19,972 INFO Measurement at current 0.0001
2023-06-16 12:15:24,038 INFO T:292.86Â°K V:3.6773e-06V I:1.0000e-04A R:3.6773e-02ğ›€ E:7.0716e-05V/cm J:1.1236e-03A/cm2 ğ›’:6.2938e-02ğ›€ cm
2023-06-16 12:15:24,064 INFO Measurement at current 0.0001
2023-06-16 12:15:28,131 INFO T:291.58Â°K V:4.2318e-06V I:1.0000e-04A R:4.2318e-02ğ›€ E:8.1380e-05V/cm J:1.1236e-03A/cm2 ğ›’:7.2428e-02ğ›€ cm
2023-06-16 12:15:28,149 INFO Measurement at current 0.0001
2023-06-16 12:15:32,194 INFO T:291.54Â°K V:4.2651e-06V I:1.0000e-04A R:4.2651e-02ğ›€ E:8.2021e-05V/cm J:1.1236e-03A/cm2 ğ›’:7.2999e-02ğ›€ cm
2023-06-16 12:15:32,226 INFO Measurement at current 0.0001
2023-06-16 12:15:36,261 INFO T:291.49Â°K V:6.3462e-06V I:1.0000e-04A R:6.3462e-02ğ›€ E:1.2204e-04V/cm J:1.1236e-03A/cm2 ğ›’:1.0862e-01ğ›€ cm
2023-06-16 12:15:36,312 INFO Measurement at current 0.0001
2023-06-16 12:15:40,400 INFO T:291.43Â°K V:7.6767e-06V I:1.0000e-04A R:7.6767e-02ğ›€ E:1.4763e-04V/cm J:1.1236e-03A/cm2 ğ›’:1.3139e-01ğ›€ cm
2023-06-16 12:15:40,421 INFO Measurement at current 0.0001
2023-06-16 12:15:44,501 INFO T:291.36Â°K V:7.5392e-06V I:1.0000e-04A R:7.5392e-02ğ›€ E:1.4499e-04V/cm J:1.1236e-03A/cm2 ğ›’:1.2904e-01ğ›€ cm
2023-06-16 12:15:44,521 INFO Measurement at current 0.0001
2023-06-16 12:15:48,539 INFO T:291.29Â°K V:7.4294e-06V I:1.0000e-04A R:7.4294e-02ğ›€ E:1.4287e-04V/cm J:1.1236e-03A/cm2 ğ›’:1.2716e-01ğ›€ cm
2023-06-16 12:15:48,567 INFO Measurement at current 0.0001
2023-06-16 12:15:52,634 INFO T:291.22Â°K V:7.3263e-06V I:1.0000e-04A R:7.3263e-02ğ›€ E:1.4089e-04V/cm J:1.1236e-03A/cm2 ğ›’:1.2539e-01ğ›€ cm
2023-06-16 12:15:52,649 INFO Measurement at current 0.0001
2023-06-16 12:15:56,687 INFO T:291.15Â°K V:7.2340e-06V I:1.0000e-04A R:7.2340e-02ğ›€ E:1.3912e-04V/cm J:1.1236e-03A/cm2 ğ›’:1.2381e-01ğ›€ cm
2023-06-16 12:15:56,705 INFO Measurement at current 0.0001
2023-06-16 12:16:00,757 INFO T:291.09Â°K V:7.1241e-06V I:1.0000e-04A R:7.1241e-02ğ›€ E:1.3700e-04V/cm J:1.1236e-03A/cm2 ğ›’:1.2193e-01ğ›€ cm
2023-06-16 12:16:00,784 INFO Measurement at current 0.0001
2023-06-16 12:16:04,829 INFO T:291.03Â°K V:7.0508e-06V I:1.0000e-04A R:7.0508e-02ğ›€ E:1.3559e-04V/cm J:1.1236e-03A/cm2 ğ›’:1.2068e-01ğ›€ cm
2023-06-16 12:16:04,875 INFO Measurement at current 0.0001
2023-06-16 12:16:08,955 INFO T:290.97Â°K V:6.9370e-06V I:1.0000e-04A R:6.9370e-02ğ›€ E:1.3340e-04V/cm J:1.1236e-03A/cm2 ğ›’:1.1873e-01ğ›€ cm
2023-06-16 12:16:08,979 INFO Measurement at current 0.0001
2023-06-16 12:16:13,027 INFO T:290.91Â°K V:6.8824e-06V I:1.0000e-04A R:6.8824e-02ğ›€ E:1.3235e-04V/cm J:1.1236e-03A/cm2 ğ›’:1.1779e-01ğ›€ cm
2023-06-16 12:16:13,056 INFO Measurement at current 0.0001
2023-06-16 12:16:17,128 INFO T:290.85Â°K V:6.7429e-06V I:1.0000e-04A R:6.7429e-02ğ›€ E:1.2967e-04V/cm J:1.1236e-03A/cm2 ğ›’:1.1541e-01ğ›€ cm
2023-06-16 12:16:17,155 INFO Measurement at current 0.0001
2023-06-16 12:16:21,178 INFO T:290.80Â°K V:6.6129e-06V I:1.0000e-04A R:6.6129e-02ğ›€ E:1.2717e-04V/cm J:1.1236e-03A/cm2 ğ›’:1.1318e-01ğ›€ cm
2023-06-16 12:16:21,201 INFO Measurement at current 0.0001
2023-06-16 12:16:25,247 INFO T:290.74Â°K V:6.4674e-06V I:1.0000e-04A R:6.4674e-02ğ›€ E:1.2437e-04V/cm J:1.1236e-03A/cm2 ğ›’:1.1069e-01ğ›€ cm
2023-06-16 12:16:25,299 INFO Measurement at current 0.0001
2023-06-16 12:16:29,328 INFO T:290.69Â°K V:6.3997e-06V I:1.0000e-04A R:6.3997e-02ğ›€ E:1.2307e-04V/cm J:1.1236e-03A/cm2 ğ›’:1.0953e-01ğ›€ cm
2023-06-16 12:16:29,343 INFO Measurement at current 0.0001
2023-06-16 12:16:33,325 INFO T:290.64Â°K V:6.3506e-06V I:1.0000e-04A R:6.3506e-02ğ›€ E:1.2213e-04V/cm J:1.1236e-03A/cm2 ğ›’:1.0869e-01ğ›€ cm
2023-06-16 12:16:33,344 INFO Measurement at current 0.0001
2023-06-16 12:16:37,485 INFO T:290.58Â°K V:6.3008e-06V I:1.0000e-04A R:6.3008e-02ğ›€ E:1.2117e-04V/cm J:1.1236e-03A/cm2 ğ›’:1.0784e-01ğ›€ cm
2023-06-16 12:16:37,507 INFO Measurement at current 0.0001
2023-06-16 12:16:41,515 INFO T:290.53Â°K V:6.2865e-06V I:1.0000e-04A R:6.2865e-02ğ›€ E:1.2089e-04V/cm J:1.1236e-03A/cm2 ğ›’:1.0760e-01ğ›€ cm
2023-06-16 12:16:41,528 INFO Measurement at current 0.0001
2023-06-16 12:16:45,513 INFO T:290.48Â°K V:6.1885e-06V I:1.0000e-04A R:6.1885e-02ğ›€ E:1.1901e-04V/cm J:1.1236e-03A/cm2 ğ›’:1.0592e-01ğ›€ cm
2023-06-16 12:16:45,537 INFO Measurement at current 0.0001
2023-06-16 12:16:49,582 INFO T:290.43Â°K V:6.1170e-06V I:1.0000e-04A R:6.1170e-02ğ›€ E:1.1764e-04V/cm J:1.1236e-03A/cm2 ğ›’:1.0470e-01ğ›€ cm
2023-06-16 12:16:49,611 INFO Measurement at current 0.0001
2023-06-16 12:16:53,695 INFO T:290.37Â°K V:6.0207e-06V I:1.0000e-04A R:6.0207e-02ğ›€ E:1.1578e-04V/cm J:1.1236e-03A/cm2 ğ›’:1.0305e-01ğ›€ cm
2023-06-16 12:16:53,767 INFO Measurement at current 0.0001
2023-06-16 12:16:57,831 INFO T:290.32Â°K V:5.9485e-06V I:1.0000e-04A R:5.9485e-02ğ›€ E:1.1439e-04V/cm J:1.1236e-03A/cm2 ğ›’:1.0181e-01ğ›€ cm
2023-06-16 12:16:57,862 INFO Measurement at current 0.0001
2023-06-16 12:17:01,897 INFO T:290.27Â°K V:5.8755e-06V I:1.0000e-04A R:5.8755e-02ğ›€ E:1.1299e-04V/cm J:1.1236e-03A/cm2 ğ›’:1.0056e-01ğ›€ cm
2023-06-16 12:17:01,920 INFO Measurement at current 0.0001
2023-06-16 12:17:05,991 INFO T:290.22Â°K V:5.8055e-06V I:1.0000e-04A R:5.8055e-02ğ›€ E:1.1165e-04V/cm J:1.1236e-03A/cm2 ğ›’:9.9364e-02ğ›€ cm
2023-06-16 12:17:06,013 INFO Measurement at current 0.0001
2023-06-16 12:17:10,071 INFO T:290.17Â°K V:5.7493e-06V I:1.0000e-04A R:5.7493e-02ğ›€ E:1.1056e-04V/cm J:1.1236e-03A/cm2 ğ›’:9.8402e-02ğ›€ cm
2023-06-16 12:17:10,106 INFO Measurement at current 0.0001
2023-06-16 12:17:14,165 INFO T:290.12Â°K V:5.6383e-06V I:1.0000e-04A R:5.6383e-02ğ›€ E:1.0843e-04V/cm J:1.1236e-03A/cm2 ğ›’:9.6501e-02ğ›€ cm
2023-06-16 12:17:14,198 INFO Measurement at current 0.0001
2023-06-16 12:17:18,248 INFO T:290.07Â°K V:5.5699e-06V I:1.0000e-04A R:5.5699e-02ğ›€ E:1.0711e-04V/cm J:1.1236e-03A/cm2 ğ›’:9.5331e-02ğ›€ cm
2023-06-16 12:17:18,278 INFO Measurement at current 0.0001
2023-06-16 12:17:22,349 INFO T:290.02Â°K V:5.5391e-06V I:1.0000e-04A R:5.5391e-02ğ›€ E:1.0652e-04V/cm J:1.1236e-03A/cm2 ğ›’:9.4803e-02ğ›€ cm
2023-06-16 12:17:22,377 INFO Measurement at current 0.0001
2023-06-16 12:17:26,431 INFO T:289.97Â°K V:5.4474e-06V I:1.0000e-04A R:5.4474e-02ğ›€ E:1.0476e-04V/cm J:1.1236e-03A/cm2 ğ›’:9.3234e-02ğ›€ cm
2023-06-16 12:17:26,476 INFO Measurement at current 0.0001
2023-06-16 12:17:30,511 INFO T:289.92Â°K V:5.3569e-06V I:1.0000e-04A R:5.3569e-02ğ›€ E:1.0302e-04V/cm J:1.1236e-03A/cm2 ğ›’:9.1686e-02ğ›€ cm
2023-06-16 12:17:30,542 INFO Measurement at current 0.0001
2023-06-16 12:17:34,628 INFO T:289.88Â°K V:5.3065e-06V I:1.0000e-04A R:5.3065e-02ğ›€ E:1.0205e-04V/cm J:1.1236e-03A/cm2 ğ›’:9.0823e-02ğ›€ cm
2023-06-16 12:17:34,668 INFO Measurement at current 0.0001
2023-06-16 12:17:38,771 INFO T:289.83Â°K V:5.2028e-06V I:1.0000e-04A R:5.2028e-02ğ›€ E:1.0005e-04V/cm J:1.1236e-03A/cm2 ğ›’:8.9049e-02ğ›€ cm
2023-06-16 12:17:38,804 INFO Measurement at current 0.0001
2023-06-16 12:17:42,924 INFO T:289.78Â°K V:5.1181e-06V I:1.0000e-04A R:5.1181e-02ğ›€ E:9.8425e-05V/cm J:1.1236e-03A/cm2 ğ›’:8.7598e-02ğ›€ cm
2023-06-16 12:17:42,965 INFO Measurement at current 0.0001
2023-06-16 12:17:47,011 INFO T:289.73Â°K V:5.0586e-06V I:1.0000e-04A R:5.0586e-02ğ›€ E:9.7281e-05V/cm J:1.1236e-03A/cm2 ğ›’:8.6580e-02ğ›€ cm
2023-06-16 12:17:47,039 INFO Measurement at current 0.0001
2023-06-16 12:17:51,089 INFO T:289.69Â°K V:4.9939e-06V I:1.0000e-04A R:4.9939e-02ğ›€ E:9.6037e-05V/cm J:1.1236e-03A/cm2 ğ›’:8.5473e-02ğ›€ cm
2023-06-16 12:17:51,105 INFO Measurement at current 0.0001
2023-06-16 12:17:55,103 INFO T:289.64Â°K V:4.9256e-06V I:1.0000e-04A R:4.9256e-02ğ›€ E:9.4724e-05V/cm J:1.1236e-03A/cm2 ğ›’:8.4304e-02ğ›€ cm
2023-06-16 12:17:55,166 INFO Measurement at current 0.0001
2023-06-16 12:17:59,242 INFO T:289.59Â°K V:4.8862e-06V I:1.0000e-04A R:4.8862e-02ğ›€ E:9.3965e-05V/cm J:1.1236e-03A/cm2 ğ›’:8.3629e-02ğ›€ cm
2023-06-16 12:17:59,275 INFO Measurement at current 0.0001
2023-06-16 12:18:03,341 INFO T:289.55Â°K V:4.8602e-06V I:1.0000e-04A R:4.8602e-02ğ›€ E:9.3465e-05V/cm J:1.1236e-03A/cm2 ğ›’:8.3183e-02ğ›€ cm
2023-06-16 12:18:03,365 INFO Measurement at current 0.0001
2023-06-16 12:18:07,409 INFO T:289.50Â°K V:4.8027e-06V I:1.0000e-04A R:4.8027e-02ğ›€ E:9.2359e-05V/cm J:1.1236e-03A/cm2 ğ›’:8.2200e-02ğ›€ cm
2023-06-16 12:18:07,435 INFO Measurement at current 0.0001
2023-06-16 12:18:11,665 INFO T:289.45Â°K V:4.7462e-06V I:1.0000e-04A R:4.7462e-02ğ›€ E:9.1273e-05V/cm J:1.1236e-03A/cm2 ğ›’:8.1233e-02ğ›€ cm
2023-06-16 12:18:11,693 INFO Measurement at current 0.0001
2023-06-16 12:18:15,895 INFO T:289.41Â°K V:4.6681e-06V I:1.0000e-04A R:4.6681e-02ğ›€ E:8.9771e-05V/cm J:1.1236e-03A/cm2 ğ›’:7.9896e-02ğ›€ cm
2023-06-16 12:18:15,927 INFO Measurement at current 0.0001
2023-06-16 12:18:19,971 INFO T:289.36Â°K V:4.5962e-06V I:1.0000e-04A R:4.5962e-02ğ›€ E:8.8388e-05V/cm J:1.1236e-03A/cm2 ğ›’:7.8665e-02ğ›€ cm
2023-06-16 12:18:19,989 INFO Measurement at current 0.0001
2023-06-16 12:18:24,051 INFO T:289.32Â°K V:4.5243e-06V I:1.0000e-04A R:4.5243e-02ğ›€ E:8.7006e-05V/cm J:1.1236e-03A/cm2 ğ›’:7.7435e-02ğ›€ cm
2023-06-16 12:18:24,068 INFO Measurement at current 0.0001
2023-06-16 12:18:28,200 INFO T:289.27Â°K V:4.4796e-06V I:1.0000e-04A R:4.4796e-02ğ›€ E:8.6146e-05V/cm J:1.1236e-03A/cm2 ğ›’:7.6670e-02ğ›€ cm
2023-06-16 12:18:28,224 INFO Measurement at current 0.0001
2023-06-16 12:18:32,238 INFO T:289.23Â°K V:4.4433e-06V I:1.0000e-04A R:4.4433e-02ğ›€ E:8.5448e-05V/cm J:1.1236e-03A/cm2 ğ›’:7.6049e-02ğ›€ cm
2023-06-16 12:18:32,253 INFO Measurement at current 0.0001
2023-06-16 12:18:36,346 INFO T:289.18Â°K V:4.4076e-06V I:1.0000e-04A R:4.4076e-02ğ›€ E:8.4762e-05V/cm J:1.1236e-03A/cm2 ğ›’:7.5438e-02ğ›€ cm
2023-06-16 12:18:36,375 INFO Measurement at current 0.0001
2023-06-16 12:18:40,478 INFO T:289.14Â°K V:4.3480e-06V I:1.0000e-04A R:4.3480e-02ğ›€ E:8.3615e-05V/cm J:1.1236e-03A/cm2 ğ›’:7.4418e-02ğ›€ cm
2023-06-16 12:18:40,497 INFO Measurement at current 0.0001
2023-06-16 12:18:44,579 INFO T:289.10Â°K V:4.2734e-06V I:1.0000e-04A R:4.2734e-02ğ›€ E:8.2181e-05V/cm J:1.1236e-03A/cm2 ğ›’:7.3141e-02ğ›€ cm
2023-06-16 12:18:44,603 INFO Measurement at current 0.0001
2023-06-16 12:18:48,753 INFO T:289.05Â°K V:4.2235e-06V I:1.0000e-04A R:4.2235e-02ğ›€ E:8.1221e-05V/cm J:1.1236e-03A/cm2 ğ›’:7.2287e-02ğ›€ cm
2023-06-16 12:18:48,779 INFO Measurement at current 0.0001
2023-06-16 12:18:52,899 INFO T:289.01Â°K V:4.1872e-06V I:1.0000e-04A R:4.1872e-02ğ›€ E:8.0523e-05V/cm J:1.1236e-03A/cm2 ğ›’:7.1666e-02ğ›€ cm
2023-06-16 12:18:52,925 INFO Measurement at current 0.0001
2023-06-16 12:18:57,095 INFO T:288.96Â°K V:4.1428e-06V I:1.0000e-04A R:4.1428e-02ğ›€ E:7.9669e-05V/cm J:1.1236e-03A/cm2 ğ›’:7.0905e-02ğ›€ cm
2023-06-16 12:18:57,110 INFO Measurement at current 0.0001
2023-06-16 12:19:01,210 INFO T:288.92Â°K V:4.0965e-06V I:1.0000e-04A R:4.0965e-02ğ›€ E:7.8778e-05V/cm J:1.1236e-03A/cm2 ğ›’:7.0112e-02ğ›€ cm
2023-06-16 12:19:01,249 INFO Measurement at current 0.0001
2023-06-16 12:19:05,503 INFO T:288.88Â°K V:4.0463e-06V I:1.0000e-04A R:4.0463e-02ğ›€ E:7.7813e-05V/cm J:1.1236e-03A/cm2 ğ›’:6.9254e-02ğ›€ cm
2023-06-16 12:19:05,522 INFO Measurement at current 0.0001
2023-06-16 12:19:09,697 INFO T:288.83Â°K V:3.9757e-06V I:1.0000e-04A R:3.9757e-02ğ›€ E:7.6456e-05V/cm J:1.1236e-03A/cm2 ğ›’:6.8046e-02ğ›€ cm
2023-06-16 12:19:09,714 INFO Measurement at current 0.0001
2023-06-16 12:19:13,854 INFO T:288.79Â°K V:3.9560e-06V I:1.0000e-04A R:3.9560e-02ğ›€ E:7.6078e-05V/cm J:1.1236e-03A/cm2 ğ›’:6.7709e-02ğ›€ cm
2023-06-16 12:19:13,884 INFO Measurement at current 0.0001
2023-06-16 12:19:17,992 INFO T:288.75Â°K V:3.9318e-06V I:1.0000e-04A R:3.9318e-02ğ›€ E:7.5611e-05V/cm J:1.1236e-03A/cm2 ğ›’:6.7294e-02ğ›€ cm
2023-06-16 12:19:18,031 INFO Measurement at current 0.0001
2023-06-16 12:19:22,094 INFO T:288.70Â°K V:3.8445e-06V I:1.0000e-04A R:3.8445e-02ğ›€ E:7.3933e-05V/cm J:1.1236e-03A/cm2 ğ›’:6.5801e-02ğ›€ cm
2023-06-16 12:19:22,112 INFO Measurement at current 0.0001
2023-06-16 12:19:26,268 INFO T:288.66Â°K V:3.8027e-06V I:1.0000e-04A R:3.8027e-02ğ›€ E:7.3128e-05V/cm J:1.1236e-03A/cm2 ğ›’:6.5084e-02ğ›€ cm
2023-06-16 12:19:26,303 INFO Measurement at current 0.0001
2023-06-16 12:19:30,445 INFO T:288.62Â°K V:3.7259e-06V I:1.0000e-04A R:3.7259e-02ğ›€ E:7.1652e-05V/cm J:1.1236e-03A/cm2 ğ›’:6.3770e-02ğ›€ cm
2023-06-16 12:19:30,479 INFO Measurement at current 0.0001
2023-06-16 12:19:34,531 INFO T:288.58Â°K V:3.6824e-06V I:1.0000e-04A R:3.6824e-02ğ›€ E:7.0815e-05V/cm J:1.1236e-03A/cm2 ğ›’:6.3026e-02ğ›€ cm
2023-06-16 12:19:34,553 INFO Measurement at current 0.0001
2023-06-16 12:19:38,704 INFO T:288.53Â°K V:4.4124e-06V I:1.0000e-04A R:4.4124e-02ğ›€ E:8.4854e-05V/cm J:1.1236e-03A/cm2 ğ›’:7.5520e-02ğ›€ cm
2023-06-16 12:19:38,726 INFO Measurement at current 0.0001
2023-06-16 12:19:42,981 INFO T:288.49Â°K V:4.4751e-06V I:1.0000e-04A R:4.4751e-02ğ›€ E:8.6061e-05V/cm J:1.1236e-03A/cm2 ğ›’:7.6594e-02ğ›€ cm
2023-06-16 12:19:43,060 INFO Measurement at current 0.0001
2023-06-16 12:19:47,184 INFO T:288.44Â°K V:4.4089e-06V I:1.0000e-04A R:4.4089e-02ğ›€ E:8.4786e-05V/cm J:1.1236e-03A/cm2 ğ›’:7.5460e-02ğ›€ cm
2023-06-16 12:19:47,211 INFO Measurement at current 0.0001
2023-06-16 12:19:51,287 INFO T:288.39Â°K V:4.3710e-06V I:1.0000e-04A R:4.3710e-02ğ›€ E:8.4057e-05V/cm J:1.1236e-03A/cm2 ğ›’:7.4811e-02ğ›€ cm
2023-06-16 12:19:51,322 INFO Measurement at current 0.0001
2023-06-16 12:19:55,470 INFO T:288.34Â°K V:4.2957e-06V I:1.0000e-04A R:4.2957e-02ğ›€ E:8.2609e-05V/cm J:1.1236e-03A/cm2 ğ›’:7.3522e-02ğ›€ cm
2023-06-16 12:19:55,508 INFO Measurement at current 0.0001
2023-06-16 12:19:59,713 INFO T:288.29Â°K V:4.2355e-06V I:1.0000e-04A R:4.2355e-02ğ›€ E:8.1452e-05V/cm J:1.1236e-03A/cm2 ğ›’:7.2492e-02ğ›€ cm
2023-06-16 12:19:59,733 INFO Measurement at current 0.0001
2023-06-16 12:20:03,860 INFO T:288.24Â°K V:4.1700e-06V I:1.0000e-04A R:4.1700e-02ğ›€ E:8.0192e-05V/cm J:1.1236e-03A/cm2 ğ›’:7.1371e-02ğ›€ cm
2023-06-16 12:20:03,881 INFO Measurement at current 0.0001
2023-06-16 12:20:08,381 WARNING Reading gpib error, check the instruments: read() failed: A read or write of data bytes has been aborted, possibly due to a timeout or reception of a device clear command.
2023-06-16 12:20:08,404 INFO Measurement at current 0.0001
2023-06-16 12:20:12,533 INFO T:288.15Â°K V:4.0282e-06V I:1.0000e-04A R:4.0282e-02ğ›€ E:7.7465e-05V/cm J:1.1236e-03A/cm2 ğ›’:6.8944e-02ğ›€ cm
2023-06-16 12:20:12,554 INFO Measurement at current 0.0001
2023-06-16 12:20:16,743 INFO T:288.11Â°K V:3.9765e-06V I:1.0000e-04A R:3.9765e-02ğ›€ E:7.6472e-05V/cm J:1.1236e-03A/cm2 ğ›’:6.8060e-02ğ›€ cm
2023-06-16 12:20:16,834 INFO Measurement at current 0.0001
2023-06-16 12:20:21,047 INFO T:288.06Â°K V:3.9161e-06V I:1.0000e-04A R:3.9161e-02ğ›€ E:7.5310e-05V/cm J:1.1236e-03A/cm2 ğ›’:6.7026e-02ğ›€ cm
2023-06-16 12:20:21,079 INFO Measurement at current 0.0001
2023-06-16 12:20:25,280 INFO T:288.02Â°K V:3.8495e-06V I:1.0000e-04A R:3.8495e-02ğ›€ E:7.4028e-05V/cm J:1.1236e-03A/cm2 ğ›’:6.5885e-02ğ›€ cm
2023-06-16 12:20:25,295 INFO Measurement at current 0.0001
2023-06-16 12:20:29,332 INFO T:287.97Â°K V:3.7921e-06V I:1.0000e-04A R:3.7921e-02ğ›€ E:7.2926e-05V/cm J:1.1236e-03A/cm2 ğ›’:6.4904e-02ğ›€ cm
2023-06-16 12:20:29,346 INFO Measurement at current 0.0001
2023-06-16 12:20:33,379 INFO T:287.93Â°K V:3.7330e-06V I:1.0000e-04A R:3.7330e-02ğ›€ E:7.1789e-05V/cm J:1.1236e-03A/cm2 ğ›’:6.3892e-02ğ›€ cm
2023-06-16 12:20:33,431 INFO Measurement at current 0.0001
2023-06-16 12:20:37,609 INFO T:287.89Â°K V:3.6810e-06V I:1.0000e-04A R:3.6810e-02ğ›€ E:7.0788e-05V/cm J:1.1236e-03A/cm2 ğ›’:6.3002e-02ğ›€ cm
2023-06-16 12:20:37,632 INFO Measurement at current 0.0001
2023-06-16 12:20:41,700 INFO T:287.84Â°K V:3.6342e-06V I:1.0000e-04A R:3.6342e-02ğ›€ E:6.9888e-05V/cm J:1.1236e-03A/cm2 ğ›’:6.2200e-02ğ›€ cm
2023-06-16 12:20:41,722 INFO Measurement at current 0.0001
2023-06-16 12:20:45,922 INFO T:287.80Â°K V:3.5732e-06V I:1.0000e-04A R:3.5732e-02ğ›€ E:6.8715e-05V/cm J:1.1236e-03A/cm2 ğ›’:6.1157e-02ğ›€ cm
2023-06-16 12:20:45,980 INFO Measurement at current 0.0001
2023-06-16 12:20:50,109 INFO T:287.76Â°K V:3.5253e-06V I:1.0000e-04A R:3.5253e-02ğ›€ E:6.7795e-05V/cm J:1.1236e-03A/cm2 ğ›’:6.0338e-02ğ›€ cm
2023-06-16 12:20:50,184 INFO Measurement at current 0.0001
2023-06-16 12:20:54,338 INFO T:287.71Â°K V:3.5001e-06V I:1.0000e-04A R:3.5001e-02ğ›€ E:6.7311e-05V/cm J:1.1236e-03A/cm2 ğ›’:5.9906e-02ğ›€ cm
2023-06-16 12:20:54,402 INFO Measurement at current 0.0001
2023-06-16 12:20:58,485 INFO T:287.67Â°K V:3.4354e-06V I:1.0000e-04A R:3.4354e-02ğ›€ E:6.6066e-05V/cm J:1.1236e-03A/cm2 ğ›’:5.8799e-02ğ›€ cm
2023-06-16 12:20:58,509 INFO Measurement at current 0.0001
2023-06-16 12:21:02,660 INFO T:287.63Â°K V:3.3982e-06V I:1.0000e-04A R:3.3982e-02ğ›€ E:6.5351e-05V/cm J:1.1236e-03A/cm2 ğ›’:5.8162e-02ğ›€ cm
2023-06-16 12:21:02,738 INFO Measurement at current 0.0001
2023-06-16 12:21:06,959 INFO T:287.59Â°K V:3.3473e-06V I:1.0000e-04A R:3.3473e-02ğ›€ E:6.4371e-05V/cm J:1.1236e-03A/cm2 ğ›’:5.7290e-02ğ›€ cm
2023-06-16 12:21:07,011 INFO Measurement at current 0.0001
2023-06-16 12:21:11,145 INFO T:287.55Â°K V:3.2878e-06V I:1.0000e-04A R:3.2878e-02ğ›€ E:6.3227e-05V/cm J:1.1236e-03A/cm2 ğ›’:5.6272e-02ğ›€ cm
2023-06-16 12:21:11,215 INFO Measurement at current 0.0001
2023-06-16 12:21:15,278 INFO T:287.50Â°K V:3.2524e-06V I:1.0000e-04A R:3.2524e-02ğ›€ E:6.2546e-05V/cm J:1.1236e-03A/cm2 ğ›’:5.5666e-02ğ›€ cm
2023-06-16 12:21:15,412 INFO Measurement at current 0.0001
2023-06-16 12:21:19,586 INFO T:287.46Â°K V:3.2196e-06V I:1.0000e-04A R:3.2196e-02ğ›€ E:6.1916e-05V/cm J:1.1236e-03A/cm2 ğ›’:5.5105e-02ğ›€ cm
2023-06-16 12:21:19,632 INFO Measurement at current 0.0001
2023-06-16 12:21:23,761 INFO T:287.42Â°K V:3.1847e-06V I:1.0000e-04A R:3.1847e-02ğ›€ E:6.1244e-05V/cm J:1.1236e-03A/cm2 ğ›’:5.4507e-02ğ›€ cm
2023-06-16 12:21:23,926 INFO Measurement at current 0.0001
2023-06-16 12:21:47,815 WARNING Reading gpib error, check the instruments: write() failed: A read or write of data bytes has been aborted, possibly due to a timeout or reception of a device clear command.
2023-06-16 12:21:47,839 INFO Measurement at current 0.0001
2023-06-16 12:21:51,984 INFO T:287.17Â°K V:2.8080e-06V I:1.0000e-04A R:2.8080e-02ğ›€ E:5.3999e-05V/cm J:1.1236e-03A/cm2 ğ›’:4.8060e-02ğ›€ cm
2023-06-16 12:21:52,034 INFO Measurement at current 0.0001
2023-06-16 12:21:56,403 INFO T:287.13Â°K V:2.7564e-06V I:1.0000e-04A R:2.7564e-02ğ›€ E:5.3007e-05V/cm J:1.1236e-03A/cm2 ğ›’:4.7176e-02ğ›€ cm
2023-06-16 12:21:56,425 INFO Measurement at current 0.0001
2023-06-16 12:22:00,612 INFO T:287.09Â°K V:2.7175e-06V I:1.0000e-04A R:2.7175e-02ğ›€ E:5.2260e-05V/cm J:1.1236e-03A/cm2 ğ›’:4.6511e-02ğ›€ cm
2023-06-16 12:22:00,639 INFO Measurement at current 0.0001
2023-06-16 12:22:04,738 INFO T:287.05Â°K V:2.6900e-06V I:1.0000e-04A R:2.6900e-02ğ›€ E:5.1732e-05V/cm J:1.1236e-03A/cm2 ğ›’:4.6041e-02ğ›€ cm
2023-06-16 12:22:04,769 INFO Measurement at current 0.0001
2023-06-16 12:22:08,837 INFO T:287.01Â°K V:2.6499e-06V I:1.0000e-04A R:2.6499e-02ğ›€ E:5.0960e-05V/cm J:1.1236e-03A/cm2 ğ›’:4.5354e-02ğ›€ cm
2023-06-16 12:22:08,859 INFO Measurement at current 0.0001
2023-06-16 12:22:13,065 INFO T:286.97Â°K V:2.5985e-06V I:1.0000e-04A R:2.5985e-02ğ›€ E:4.9971e-05V/cm J:1.1236e-03A/cm2 ğ›’:4.4474e-02ğ›€ cm
2023-06-16 12:22:13,096 INFO Measurement at current 0.0001
2023-06-16 12:22:17,271 INFO T:286.93Â°K V:2.5430e-06V I:1.0000e-04A R:2.5430e-02ğ›€ E:4.8904e-05V/cm J:1.1236e-03A/cm2 ğ›’:4.3524e-02ğ›€ cm
2023-06-16 12:22:17,302 INFO Measurement at current 0.0001
2023-06-16 12:22:21,610 INFO T:286.89Â°K V:2.5060e-06V I:1.0000e-04A R:2.5060e-02ğ›€ E:4.8192e-05V/cm J:1.1236e-03A/cm2 ğ›’:4.2891e-02ğ›€ cm
2023-06-16 12:22:21,645 INFO Measurement at current 0.0001
2023-06-16 12:22:25,832 INFO T:286.85Â°K V:2.4406e-06V I:1.0000e-04A R:2.4406e-02ğ›€ E:4.6935e-05V/cm J:1.1236e-03A/cm2 ğ›’:4.1772e-02ğ›€ cm
2023-06-16 12:22:25,930 INFO Measurement at current 0.0001
2023-06-16 12:22:30,149 INFO T:286.82Â°K V:2.3887e-06V I:1.0000e-04A R:2.3887e-02ğ›€ E:4.5936e-05V/cm J:1.1236e-03A/cm2 ğ›’:4.0883e-02ğ›€ cm
2023-06-16 12:22:30,169 INFO Measurement at current 0.0001
2023-06-16 12:22:34,370 INFO T:286.78Â°K V:2.3608e-06V I:1.0000e-04A R:2.3608e-02ğ›€ E:4.5400e-05V/cm J:1.1236e-03A/cm2 ğ›’:4.0406e-02ğ›€ cm
2023-06-16 12:22:34,440 INFO Measurement at current 0.0001
2023-06-16 12:22:38,551 INFO T:286.74Â°K V:2.3101e-06V I:1.0000e-04A R:2.3101e-02ğ›€ E:4.4424e-05V/cm J:1.1236e-03A/cm2 ğ›’:3.9537e-02ğ›€ cm
2023-06-16 12:22:38,569 INFO Measurement at current 0.0001
2023-06-16 12:22:42,628 INFO T:286.70Â°K V:2.2469e-06V I:1.0000e-04A R:2.2469e-02ğ›€ E:4.3210e-05V/cm J:1.1236e-03A/cm2 ğ›’:3.8457e-02ğ›€ cm
2023-06-16 12:22:42,646 INFO Measurement at current 0.0001
2023-06-16 12:22:46,784 INFO T:286.67Â°K V:2.2180e-06V I:1.0000e-04A R:2.2180e-02ğ›€ E:4.2654e-05V/cm J:1.1236e-03A/cm2 ğ›’:3.7962e-02ğ›€ cm
2023-06-16 12:22:46,807 INFO Measurement at current 0.0001
2023-06-16 12:22:50,950 INFO T:286.63Â°K V:2.2005e-06V I:1.0000e-04A R:2.2005e-02ğ›€ E:4.2318e-05V/cm J:1.1236e-03A/cm2 ğ›’:3.7663e-02ğ›€ cm
2023-06-16 12:22:50,994 INFO Measurement at current 0.0001
2023-06-16 12:22:55,201 INFO T:286.59Â°K V:2.1814e-06V I:1.0000e-04A R:2.1814e-02ğ›€ E:4.1949e-05V/cm J:1.1236e-03A/cm2 ğ›’:3.7335e-02ğ›€ cm
2023-06-16 12:22:55,238 INFO Measurement at current 0.0001
2023-06-16 12:22:59,438 INFO T:286.55Â°K V:2.1348e-06V I:1.0000e-04A R:2.1348e-02ğ›€ E:4.1054e-05V/cm J:1.1236e-03A/cm2 ğ›’:3.6538e-02ğ›€ cm
2023-06-16 12:22:59,468 INFO Measurement at current 0.0001
2023-06-16 12:23:03,610 INFO T:286.52Â°K V:2.0676e-06V I:1.0000e-04A R:2.0676e-02ğ›€ E:3.9762e-05V/cm J:1.1236e-03A/cm2 ğ›’:3.5388e-02ğ›€ cm
2023-06-16 12:23:03,628 INFO Measurement at current 0.0001
2023-06-16 12:23:07,748 INFO T:286.48Â°K V:2.0045e-06V I:1.0000e-04A R:2.0045e-02ğ›€ E:3.8549e-05V/cm J:1.1236e-03A/cm2 ğ›’:3.4308e-02ğ›€ cm
2023-06-16 12:23:07,787 INFO Measurement at current 0.0001
2023-06-16 12:23:11,991 INFO T:286.45Â°K V:1.9582e-06V I:1.0000e-04A R:1.9582e-02ğ›€ E:3.7657e-05V/cm J:1.1236e-03A/cm2 ğ›’:3.3515e-02ğ›€ cm
2023-06-16 12:23:12,009 INFO Measurement at current 0.0001
2023-06-16 12:23:16,180 INFO T:286.41Â°K V:1.9212e-06V I:1.0000e-04A R:1.9212e-02ğ›€ E:3.6947e-05V/cm J:1.1236e-03A/cm2 ğ›’:3.2883e-02ğ›€ cm
2023-06-16 12:23:16,207 INFO Measurement at current 0.0001
2023-06-16 12:23:20,356 INFO T:286.37Â°K V:1.9048e-06V I:1.0000e-04A R:1.9048e-02ğ›€ E:3.6631e-05V/cm J:1.1236e-03A/cm2 ğ›’:3.2602e-02ğ›€ cm
2023-06-16 12:23:20,374 INFO Measurement at current 0.0001
2023-06-16 12:23:24,695 INFO T:286.34Â°K V:1.8600e-06V I:1.0000e-04A R:1.8600e-02ğ›€ E:3.5770e-05V/cm J:1.1236e-03A/cm2 ğ›’:3.1835e-02ğ›€ cm
2023-06-16 12:23:24,720 INFO Measurement at current 0.0001
2023-06-16 12:23:28,988 INFO T:286.30Â°K V:1.8147e-06V I:1.0000e-04A R:1.8147e-02ğ›€ E:3.4897e-05V/cm J:1.1236e-03A/cm2 ğ›’:3.1059e-02ğ›€ cm
2023-06-16 12:23:29,003 INFO Measurement at current 0.0001
2023-06-16 12:23:33,094 INFO T:286.27Â°K V:1.7933e-06V I:1.0000e-04A R:1.7933e-02ğ›€ E:3.4487e-05V/cm J:1.1236e-03A/cm2 ğ›’:3.0693e-02ğ›€ cm
2023-06-16 12:23:33,110 INFO Measurement at current 0.0001
2023-06-16 12:23:37,174 INFO T:286.23Â°K V:1.7721e-06V I:1.0000e-04A R:1.7721e-02ğ›€ E:3.4079e-05V/cm J:1.1236e-03A/cm2 ğ›’:3.0331e-02ğ›€ cm
2023-06-16 12:23:37,223 INFO Measurement at current 0.0001
2023-06-16 12:23:41,324 INFO T:286.20Â°K V:1.7286e-06V I:1.0000e-04A R:1.7286e-02ğ›€ E:3.3242e-05V/cm J:1.1236e-03A/cm2 ğ›’:2.9586e-02ğ›€ cm
2023-06-16 12:23:41,367 INFO Measurement at current 0.0001
2023-06-16 12:23:45,427 INFO T:286.16Â°K V:1.6979e-06V I:1.0000e-04A R:1.6979e-02ğ›€ E:3.2652e-05V/cm J:1.1236e-03A/cm2 ğ›’:2.9060e-02ğ›€ cm
2023-06-16 12:23:45,443 INFO Measurement at current 0.0001
2023-06-16 12:23:49,589 INFO T:286.13Â°K V:1.6583e-06V I:1.0000e-04A R:1.6583e-02ğ›€ E:3.1891e-05V/cm J:1.1236e-03A/cm2 ğ›’:2.8383e-02ğ›€ cm
2023-06-16 12:23:49,615 INFO Measurement at current 0.0001
2023-06-16 12:23:53,807 INFO T:286.09Â°K V:1.5732e-06V I:1.0000e-04A R:1.5732e-02ğ›€ E:3.0254e-05V/cm J:1.1236e-03A/cm2 ğ›’:2.6926e-02ğ›€ cm
2023-06-16 12:23:53,835 INFO Measurement at current 0.0001
2023-06-16 12:23:57,914 INFO T:286.06Â°K V:1.5621e-06V I:1.0000e-04A R:1.5621e-02ğ›€ E:3.0040e-05V/cm J:1.1236e-03A/cm2 ğ›’:2.6736e-02ğ›€ cm
2023-06-16 12:23:57,942 INFO Measurement at current 0.0001
2023-06-16 12:24:02,150 INFO T:286.03Â°K V:1.5094e-06V I:1.0000e-04A R:1.5094e-02ğ›€ E:2.9027e-05V/cm J:1.1236e-03A/cm2 ğ›’:2.5834e-02ğ›€ cm
2023-06-16 12:24:02,180 INFO Measurement at current 0.0001
2023-06-16 12:24:06,280 INFO T:285.99Â°K V:1.4923e-06V I:1.0000e-04A R:1.4923e-02ğ›€ E:2.8698e-05V/cm J:1.1236e-03A/cm2 ğ›’:2.5541e-02ğ›€ cm
2023-06-16 12:24:06,310 INFO Measurement at current 0.0001
2023-06-16 12:24:10,358 INFO T:285.96Â°K V:1.4400e-06V I:1.0000e-04A R:1.4400e-02ğ›€ E:2.7692e-05V/cm J:1.1236e-03A/cm2 ğ›’:2.4646e-02ğ›€ cm
2023-06-16 12:24:10,374 INFO Measurement at current 0.0001
2023-06-16 12:24:14,466 INFO T:285.93Â°K V:1.4197e-06V I:1.0000e-04A R:1.4197e-02ğ›€ E:2.7301e-05V/cm J:1.1236e-03A/cm2 ğ›’:2.4298e-02ğ›€ cm
2023-06-16 12:24:14,560 INFO Measurement at current 0.0001
2023-06-16 12:24:18,595 INFO T:285.89Â°K V:1.3544e-06V I:1.0000e-04A R:1.3544e-02ğ›€ E:2.6045e-05V/cm J:1.1236e-03A/cm2 ğ›’:2.3180e-02ğ›€ cm
2023-06-16 12:24:18,609 INFO Measurement at current 0.0001
2023-06-16 12:24:22,561 INFO T:285.86Â°K V:1.3063e-06V I:1.0000e-04A R:1.3063e-02ğ›€ E:2.5121e-05V/cm J:1.1236e-03A/cm2 ğ›’:2.2357e-02ğ›€ cm
2023-06-16 12:24:22,624 INFO Measurement at current 0.0001
2023-06-16 12:24:26,834 INFO T:285.83Â°K V:1.2971e-06V I:1.0000e-04A R:1.2971e-02ğ›€ E:2.4943e-05V/cm J:1.1236e-03A/cm2 ğ›’:2.2200e-02ğ›€ cm
2023-06-16 12:24:26,871 INFO Measurement at current 0.0001
2023-06-16 12:24:31,010 INFO T:285.79Â°K V:1.2482e-06V I:1.0000e-04A R:1.2482e-02ğ›€ E:2.4004e-05V/cm J:1.1236e-03A/cm2 ğ›’:2.1363e-02ğ›€ cm
2023-06-16 12:24:31,044 INFO Measurement at current 0.0001
2023-06-16 12:24:35,126 INFO T:285.76Â°K V:1.1982e-06V I:1.0000e-04A R:1.1982e-02ğ›€ E:2.3043e-05V/cm J:1.1236e-03A/cm2 ğ›’:2.0508e-02ğ›€ cm
2023-06-16 12:24:35,142 INFO Measurement at current 0.0001
2023-06-16 12:24:39,280 INFO T:285.73Â°K V:1.1625e-06V I:1.0000e-04A R:1.1625e-02ğ›€ E:2.2357e-05V/cm J:1.1236e-03A/cm2 ğ›’:1.9897e-02ğ›€ cm
2023-06-16 12:24:39,296 INFO Measurement at current 0.0001
2023-06-16 12:24:43,378 INFO T:285.70Â°K V:1.1143e-06V I:1.0000e-04A R:1.1143e-02ğ›€ E:2.1429e-05V/cm J:1.1236e-03A/cm2 ğ›’:1.9072e-02ğ›€ cm
2023-06-16 12:24:43,402 INFO Measurement at current 0.0001
2023-06-16 12:24:47,495 INFO T:285.67Â°K V:1.0846e-06V I:1.0000e-04A R:1.0846e-02ğ›€ E:2.0858e-05V/cm J:1.1236e-03A/cm2 ğ›’:1.8563e-02ğ›€ cm
2023-06-16 12:24:47,510 INFO Measurement at current 0.0001
2023-06-16 12:24:51,529 INFO T:285.63Â°K V:1.0663e-06V I:1.0000e-04A R:1.0663e-02ğ›€ E:2.0505e-05V/cm J:1.1236e-03A/cm2 ğ›’:1.8250e-02ğ›€ cm
2023-06-16 12:24:51,545 INFO Measurement at current 0.0001
2023-06-16 12:24:55,708 INFO T:285.60Â°K V:1.0254e-06V I:1.0000e-04A R:1.0254e-02ğ›€ E:1.9720e-05V/cm J:1.1236e-03A/cm2 ğ›’:1.7551e-02ğ›€ cm
2023-06-16 12:24:55,726 INFO Measurement at current 0.0001
2023-06-16 12:25:00,423 INFO T:285.57Â°K V:9.7579e-07V I:1.0000e-04A R:9.7579e-03ğ›€ E:1.8765e-05V/cm J:1.1236e-03A/cm2 ğ›’:1.6701e-02ğ›€ cm
2023-06-16 12:25:00,448 INFO Measurement at current 0.0001
2023-06-16 12:25:04,526 INFO T:285.53Â°K V:9.5239e-07V I:1.0000e-04A R:9.5239e-03ğ›€ E:1.8315e-05V/cm J:1.1236e-03A/cm2 ğ›’:1.6301e-02ğ›€ cm
2023-06-16 12:25:04,574 INFO Measurement at current 0.0001
2023-06-16 12:25:08,634 INFO T:285.50Â°K V:9.0746e-07V I:1.0000e-04A R:9.0746e-03ğ›€ E:1.7451e-05V/cm J:1.1236e-03A/cm2 ğ›’:1.5531e-02ğ›€ cm
2023-06-16 12:25:08,652 INFO Measurement at current 0.0001
2023-06-16 12:25:12,737 INFO T:285.47Â°K V:8.7776e-07V I:1.0000e-04A R:8.7776e-03ğ›€ E:1.6880e-05V/cm J:1.1236e-03A/cm2 ğ›’:1.5023e-02ğ›€ cm
2023-06-16 12:25:12,833 INFO Measurement at current 0.0001
2023-06-16 12:25:16,876 INFO T:285.44Â°K V:8.4444e-07V I:1.0000e-04A R:8.4444e-03ğ›€ E:1.6239e-05V/cm J:1.1236e-03A/cm2 ğ›’:1.4453e-02ğ›€ cm
2023-06-16 12:25:16,895 INFO Measurement at current 0.0001
2023-06-16 12:25:21,102 INFO T:285.41Â°K V:8.1727e-07V I:1.0000e-04A R:8.1727e-03ğ›€ E:1.5717e-05V/cm J:1.1236e-03A/cm2 ğ›’:1.3988e-02ğ›€ cm
2023-06-16 12:25:21,159 INFO Measurement at current 0.0001
2023-06-16 12:25:25,266 INFO T:285.38Â°K V:7.9537e-07V I:1.0000e-04A R:7.9537e-03ğ›€ E:1.5296e-05V/cm J:1.1236e-03A/cm2 ğ›’:1.3613e-02ğ›€ cm
2023-06-16 12:25:25,281 INFO Measurement at current 0.0001
2023-06-16 12:25:29,343 INFO T:285.35Â°K V:7.6126e-07V I:1.0000e-04A R:7.6126e-03ğ›€ E:1.4640e-05V/cm J:1.1236e-03A/cm2 ğ›’:1.3029e-02ğ›€ cm
2023-06-16 12:25:29,359 INFO Measurement at current 0.0001
2023-06-16 12:25:33,389 INFO T:285.32Â°K V:7.2310e-07V I:1.0000e-04A R:7.2310e-03ğ›€ E:1.3906e-05V/cm J:1.1236e-03A/cm2 ğ›’:1.2376e-02ğ›€ cm
2023-06-16 12:25:33,419 INFO Measurement at current 0.0001
2023-06-16 12:25:37,554 INFO T:285.29Â°K V:7.0634e-07V I:1.0000e-04A R:7.0634e-03ğ›€ E:1.3583e-05V/cm J:1.1236e-03A/cm2 ğ›’:1.2089e-02ğ›€ cm
2023-06-16 12:25:37,582 INFO Measurement at current 0.0001
2023-06-16 12:25:41,582 INFO T:285.26Â°K V:6.7104e-07V I:1.0000e-04A R:6.7104e-03ğ›€ E:1.2905e-05V/cm J:1.1236e-03A/cm2 ğ›’:1.1485e-02ğ›€ cm
2023-06-16 12:25:41,602 INFO Measurement at current 0.0001
2023-06-16 12:25:45,668 INFO T:285.23Â°K V:6.3841e-07V I:1.0000e-04A R:6.3841e-03ğ›€ E:1.2277e-05V/cm J:1.1236e-03A/cm2 ğ›’:1.0927e-02ğ›€ cm
2023-06-16 12:25:45,748 INFO Measurement at current 0.0001
2023-06-16 12:25:49,883 INFO T:285.20Â°K V:6.0331e-07V I:1.0000e-04A R:6.0331e-03ğ›€ E:1.1602e-05V/cm J:1.1236e-03A/cm2 ğ›’:1.0326e-02ğ›€ cm
2023-06-16 12:25:49,904 INFO Measurement at current 0.0001
2023-06-16 12:25:54,034 INFO T:285.17Â°K V:5.7235e-07V I:1.0000e-04A R:5.7235e-03ğ›€ E:1.1007e-05V/cm J:1.1236e-03A/cm2 ğ›’:9.7960e-03ğ›€ cm
2023-06-16 12:25:54,054 INFO Measurement at current 0.0001
2023-06-16 12:25:58,155 INFO T:285.14Â°K V:5.3649e-07V I:1.0000e-04A R:5.3649e-03ğ›€ E:1.0317e-05V/cm J:1.1236e-03A/cm2 ğ›’:9.1822e-03ğ›€ cm
2023-06-16 12:25:58,170 INFO Measurement at current 0.0001
2023-06-16 12:26:02,316 INFO T:285.11Â°K V:5.0329e-07V I:1.0000e-04A R:5.0329e-03ğ›€ E:9.6786e-06V/cm J:1.1236e-03A/cm2 ğ›’:8.6140e-03ğ›€ cm
2023-06-16 12:26:02,338 INFO Measurement at current 0.0001
2023-06-16 12:26:06,419 INFO T:285.08Â°K V:4.5292e-07V I:1.0000e-04A R:4.5292e-03ğ›€ E:8.7101e-06V/cm J:1.1236e-03A/cm2 ğ›’:7.7520e-03ğ›€ cm
2023-06-16 12:26:06,452 INFO Measurement at current 0.0001
2023-06-16 12:26:10,544 INFO T:285.05Â°K V:4.2602e-07V I:1.0000e-04A R:4.2602e-03ğ›€ E:8.1927e-06V/cm J:1.1236e-03A/cm2 ğ›’:7.2915e-03ğ›€ cm
2023-06-16 12:26:10,559 INFO Measurement at current 0.0001
2023-06-16 12:26:14,599 INFO T:285.02Â°K V:4.0099e-07V I:1.0000e-04A R:4.0099e-03ğ›€ E:7.7113e-06V/cm J:1.1236e-03A/cm2 ğ›’:6.8631e-03ğ›€ cm
2023-06-16 12:26:14,616 INFO Measurement at current 0.0001
2023-06-16 12:26:18,769 INFO T:284.99Â°K V:3.7120e-07V I:1.0000e-04A R:3.7120e-03ğ›€ E:7.1384e-06V/cm J:1.1236e-03A/cm2 ğ›’:6.3532e-03ğ›€ cm
2023-06-16 12:26:18,904 INFO Measurement at current 0.0001
2023-06-16 12:26:22,974 INFO T:284.96Â°K V:3.3554e-07V I:1.0000e-04A R:3.3554e-03ğ›€ E:6.4526e-06V/cm J:1.1236e-03A/cm2 ğ›’:5.7428e-03ğ›€ cm
2023-06-16 12:26:22,988 INFO Measurement at current 0.0001
2023-06-16 12:26:27,397 INFO T:284.93Â°K V:2.9943e-07V I:1.0000e-04A R:2.9943e-03ğ›€ E:5.7583e-06V/cm J:1.1236e-03A/cm2 ğ›’:5.1249e-03ğ›€ cm
2023-06-16 12:26:27,549 INFO Measurement at current 0.0001
2023-06-16 12:26:31,895 INFO T:284.90Â°K V:2.6545e-07V I:1.0000e-04A R:2.6545e-03ğ›€ E:5.1047e-06V/cm J:1.1236e-03A/cm2 ğ›’:4.5432e-03ğ›€ cm
2023-06-16 12:26:31,908 INFO Measurement at current 0.0001
2023-06-16 12:26:36,060 INFO T:284.87Â°K V:2.2730e-07V I:1.0000e-04A R:2.2730e-03ğ›€ E:4.3712e-06V/cm J:1.1236e-03A/cm2 ğ›’:3.8904e-03ğ›€ cm
2023-06-16 12:26:36,083 INFO Measurement at current 0.0001
2023-06-16 12:26:40,176 INFO T:284.85Â°K V:2.1452e-07V I:1.0000e-04A R:2.1452e-03ğ›€ E:4.1253e-06V/cm J:1.1236e-03A/cm2 ğ›’:3.6715e-03ğ›€ cm
2023-06-16 12:26:40,195 INFO Measurement at current 0.0001
2023-06-16 12:26:44,304 INFO T:284.82Â°K V:1.9247e-07V I:1.0000e-04A R:1.9247e-03ğ›€ E:3.7014e-06V/cm J:1.1236e-03A/cm2 ğ›’:3.2942e-03ğ›€ cm
2023-06-16 12:26:44,362 INFO Measurement at current 0.0001
2023-06-16 12:26:48,530 INFO T:284.79Â°K V:1.4951e-07V I:1.0000e-04A R:1.4951e-03ğ›€ E:2.8752e-06V/cm J:1.1236e-03A/cm2 ğ›’:2.5589e-03ğ›€ cm
2023-06-16 12:26:48,578 INFO Measurement at current 0.0001
2023-06-16 12:26:52,689 INFO T:284.76Â°K V:1.2232e-07V I:1.0000e-04A R:1.2232e-03ğ›€ E:2.3523e-06V/cm J:1.1236e-03A/cm2 ğ›’:2.0935e-03ğ›€ cm
2023-06-16 12:26:52,711 INFO Measurement at current 0.0001
2023-06-16 12:26:56,796 INFO T:284.73Â°K V:1.0697e-07V I:1.0000e-04A R:1.0697e-03ğ›€ E:2.0571e-06V/cm J:1.1236e-03A/cm2 ğ›’:1.8308e-03ğ›€ cm
2023-06-16 12:26:56,814 INFO Measurement at current 0.0001
2023-06-16 12:27:00,977 INFO T:284.70Â°K V:1.0110e-07V I:1.0000e-04A R:1.0110e-03ğ›€ E:1.9442e-06V/cm J:1.1236e-03A/cm2 ğ›’:1.7304e-03ğ›€ cm
2023-06-16 12:27:01,000 INFO Measurement at current 0.0001
2023-06-16 12:27:05,062 INFO T:284.68Â°K V:8.0951e-08V I:1.0000e-04A R:8.0951e-04ğ›€ E:1.5567e-06V/cm J:1.1236e-03A/cm2 ğ›’:1.3855e-03ğ›€ cm
2023-06-16 12:27:05,083 INFO Measurement at current 0.0001
2023-06-16 12:27:09,205 INFO T:284.65Â°K V:4.8517e-08V I:1.0000e-04A R:4.8517e-04ğ›€ E:9.3302e-07V/cm J:1.1236e-03A/cm2 ğ›’:8.3039e-04ğ›€ cm
2023-06-16 12:27:09,222 INFO Measurement at current 0.0001
2023-06-16 12:27:13,330 INFO T:284.62Â°K V:2.3688e-08V I:1.0000e-04A R:2.3688e-04ğ›€ E:4.5554e-07V/cm J:1.1236e-03A/cm2 ğ›’:4.0543e-04ğ›€ cm
2023-06-16 12:27:13,352 INFO Measurement at current 0.0001
2023-06-16 12:27:18,440 INFO T:284.59Â°K V:-2.1936e-08V I:1.0000e-04A R:-2.1936e-04ğ›€ E:-4.2185e-07V/cm J:1.1236e-03A/cm2 ğ›’:-3.7545e-04ğ›€ cm
2023-06-16 12:27:18,457 INFO Measurement at current 0.0001
2023-06-16 12:27:22,525 INFO T:284.56Â°K V:-6.7762e-08V I:1.0000e-04A R:-6.7762e-04ğ›€ E:-1.3031e-06V/cm J:1.1236e-03A/cm2 ğ›’:-1.1598e-03ğ›€ cm
2023-06-16 12:27:22,547 INFO Measurement at current 0.0001
2023-06-16 12:27:26,591 INFO T:284.53Â°K V:-1.0643e-07V I:1.0000e-04A R:-1.0643e-03ğ›€ E:-2.0467e-06V/cm J:1.1236e-03A/cm2 ğ›’:-1.8216e-03ğ›€ cm
2023-06-16 12:27:26,614 INFO Measurement at current 0.0001
2023-06-16 12:27:30,736 INFO T:284.51Â°K V:-1.4528e-07V I:1.0000e-04A R:-1.4528e-03ğ›€ E:-2.7938e-06V/cm J:1.1236e-03A/cm2 ğ›’:-2.4864e-03ğ›€ cm
2023-06-16 12:27:30,773 INFO Measurement at current 0.0001
2023-06-16 12:27:34,865 INFO T:284.48Â°K V:-1.6785e-07V I:1.0000e-04A R:-1.6785e-03ğ›€ E:-3.2278e-06V/cm J:1.1236e-03A/cm2 ğ›’:-2.8727e-03ğ›€ cm
2023-06-16 12:27:34,890 INFO Measurement at current 0.0001
2023-06-16 12:27:38,926 INFO T:284.45Â°K V:-2.0710e-07V I:1.0000e-04A R:-2.0710e-03ğ›€ E:-3.9826e-06V/cm J:1.1236e-03A/cm2 ğ›’:-3.5445e-03ğ›€ cm
2023-06-16 12:27:38,948 INFO Measurement at current 0.0001
2023-06-16 12:27:43,030 INFO T:284.43Â°K V:-2.3505e-07V I:1.0000e-04A R:-2.3505e-03ğ›€ E:-4.5202e-06V/cm J:1.1236e-03A/cm2 ğ›’:-4.0230e-03ğ›€ cm
2023-06-16 12:27:43,047 INFO Measurement at current 0.0001
2023-06-16 12:27:47,076 INFO T:284.40Â°K V:-2.5922e-07V I:1.0000e-04A R:-2.5922e-03ğ›€ E:-4.9849e-06V/cm J:1.1236e-03A/cm2 ğ›’:-4.4366e-03ğ›€ cm
2023-06-16 12:27:47,096 INFO Measurement at current 0.0001
2023-06-16 12:27:51,257 INFO T:284.37Â°K V:-2.4756e-07V I:1.0000e-04A R:-2.4756e-03ğ›€ E:-4.7607e-06V/cm J:1.1236e-03A/cm2 ğ›’:-4.2370e-03ğ›€ cm
2023-06-16 12:27:51,273 INFO Measurement at current 0.0001
2023-06-16 12:27:55,316 INFO T:284.35Â°K V:-2.7198e-07V I:1.0000e-04A R:-2.7198e-03ğ›€ E:-5.2304e-06V/cm J:1.1236e-03A/cm2 ğ›’:-4.6551e-03ğ›€ cm
2023-06-16 12:27:55,338 INFO Measurement at current 0.0001
2023-06-16 12:27:59,490 INFO T:284.32Â°K V:-3.0115e-07V I:1.0000e-04A R:-3.0115e-03ğ›€ E:-5.7913e-06V/cm J:1.1236e-03A/cm2 ğ›’:-5.1543e-03ğ›€ cm
2023-06-16 12:27:59,574 INFO Measurement at current 0.0001
2023-06-16 12:28:03,648 INFO T:284.30Â°K V:-3.4169e-07V I:1.0000e-04A R:-3.4169e-03ğ›€ E:-6.5710e-06V/cm J:1.1236e-03A/cm2 ğ›’:-5.8482e-03ğ›€ cm
2023-06-16 12:28:03,673 INFO Measurement at current 0.0001
2023-06-16 12:28:07,772 INFO T:284.27Â°K V:-3.7166e-07V I:1.0000e-04A R:-3.7166e-03ğ›€ E:-7.1474e-06V/cm J:1.1236e-03A/cm2 ğ›’:-6.3611e-03ğ›€ cm
2023-06-16 12:28:07,898 INFO Measurement at current 0.0001
2023-06-16 12:28:12,138 INFO T:284.24Â°K V:-4.4032e-07V I:1.0000e-04A R:-4.4032e-03ğ›€ E:-8.4677e-06V/cm J:1.1236e-03A/cm2 ğ›’:-7.5363e-03ğ›€ cm
2023-06-16 12:28:12,186 INFO Measurement at current 0.0001
2023-06-16 12:28:16,397 INFO T:284.22Â°K V:-4.3659e-07V I:1.0000e-04A R:-4.3659e-03ğ›€ E:-8.3959e-06V/cm J:1.1236e-03A/cm2 ğ›’:-7.4724e-03ğ›€ cm
2023-06-16 12:28:16,417 INFO Measurement at current 0.0001
2023-06-16 12:28:20,478 INFO T:284.19Â°K V:-4.3721e-07V I:1.0000e-04A R:-4.3721e-03ğ›€ E:-8.4080e-06V/cm J:1.1236e-03A/cm2 ğ›’:-7.4831e-03ğ›€ cm
2023-06-16 12:28:20,503 INFO Measurement at current 0.0001
2023-06-16 12:28:24,772 INFO T:284.17Â°K V:-4.9976e-07V I:1.0000e-04A R:-4.9976e-03ğ›€ E:-9.6108e-06V/cm J:1.1236e-03A/cm2 ğ›’:-8.5536e-03ğ›€ cm
2023-06-16 12:28:24,791 INFO Measurement at current 0.0001
2023-06-16 12:28:28,891 INFO T:284.14Â°K V:-5.2766e-07V I:1.0000e-04A R:-5.2766e-03ğ›€ E:-1.0147e-05V/cm J:1.1236e-03A/cm2 ğ›’:-9.0310e-03ğ›€ cm
2023-06-16 12:28:28,915 INFO Measurement at current 0.0001
2023-06-16 12:28:32,964 INFO T:284.11Â°K V:-5.3532e-07V I:1.0000e-04A R:-5.3532e-03ğ›€ E:-1.0295e-05V/cm J:1.1236e-03A/cm2 ğ›’:-9.1622e-03ğ›€ cm
2023-06-16 12:28:32,981 INFO Measurement at current 0.0001
2023-06-16 12:28:37,136 INFO T:284.09Â°K V:-5.5565e-07V I:1.0000e-04A R:-5.5565e-03ğ›€ E:-1.0686e-05V/cm J:1.1236e-03A/cm2 ğ›’:-9.5102e-03ğ›€ cm
2023-06-16 12:28:37,150 INFO Measurement at current 0.0001
2023-06-16 12:28:41,155 INFO T:284.06Â°K V:-5.7760e-07V I:1.0000e-04A R:-5.7760e-03ğ›€ E:-1.1108e-05V/cm J:1.1236e-03A/cm2 ğ›’:-9.8858e-03ğ›€ cm
2023-06-16 12:28:41,190 INFO Measurement at current 0.0001
2023-06-16 12:28:45,331 INFO T:284.04Â°K V:-6.0521e-07V I:1.0000e-04A R:-6.0521e-03ğ›€ E:-1.1639e-05V/cm J:1.1236e-03A/cm2 ğ›’:-1.0358e-02ğ›€ cm
2023-06-16 12:28:45,350 INFO Measurement at current 0.0001
2023-06-16 12:28:49,453 INFO T:284.01Â°K V:-6.0725e-07V I:1.0000e-04A R:-6.0725e-03ğ›€ E:-1.1678e-05V/cm J:1.1236e-03A/cm2 ğ›’:-1.0393e-02ğ›€ cm
2023-06-16 12:28:49,477 INFO Measurement at current 0.0001
2023-06-16 12:28:53,502 INFO T:283.99Â°K V:-6.4682e-07V I:1.0000e-04A R:-6.4682e-03ğ›€ E:-1.2439e-05V/cm J:1.1236e-03A/cm2 ğ›’:-1.1071e-02ğ›€ cm
2023-06-16 12:28:53,516 INFO Measurement at current 0.0001
2023-06-16 12:28:57,717 INFO T:283.97Â°K V:-6.8500e-07V I:1.0000e-04A R:-6.8500e-03ğ›€ E:-1.3173e-05V/cm J:1.1236e-03A/cm2 ğ›’:-1.1724e-02ğ›€ cm
2023-06-16 12:28:57,731 INFO Measurement at current 0.0001
2023-06-16 12:29:01,765 INFO T:283.94Â°K V:-7.2213e-07V I:1.0000e-04A R:-7.2213e-03ğ›€ E:-1.3887e-05V/cm J:1.1236e-03A/cm2 ğ›’:-1.2360e-02ğ›€ cm
2023-06-16 12:29:01,779 INFO Measurement at current 0.0001
2023-06-16 12:29:06,032 INFO T:283.92Â°K V:-7.6681e-07V I:1.0000e-04A R:-7.6681e-03ğ›€ E:-1.4746e-05V/cm J:1.1236e-03A/cm2 ğ›’:-1.3124e-02ğ›€ cm
2023-06-16 12:29:06,048 INFO Measurement at current 0.0001
2023-06-16 12:29:10,139 INFO T:283.89Â°K V:-8.0205e-07V I:1.0000e-04A R:-8.0205e-03ğ›€ E:-1.5424e-05V/cm J:1.1236e-03A/cm2 ğ›’:-1.3727e-02ğ›€ cm
2023-06-16 12:29:10,162 INFO Measurement at current 0.0001
2023-06-16 12:29:14,274 INFO T:283.87Â°K V:-8.2625e-07V I:1.0000e-04A R:-8.2625e-03ğ›€ E:-1.5889e-05V/cm J:1.1236e-03A/cm2 ğ›’:-1.4142e-02ğ›€ cm
2023-06-16 12:29:14,303 INFO Measurement at current 0.0001
2023-06-16 12:29:18,442 INFO T:283.84Â°K V:-8.5584e-07V I:1.0000e-04A R:-8.5584e-03ğ›€ E:-1.6458e-05V/cm J:1.1236e-03A/cm2 ğ›’:-1.4648e-02ğ›€ cm
2023-06-16 12:29:18,499 INFO Measurement at current 0.0001
2023-06-16 12:29:22,587 INFO T:283.82Â°K V:-8.4184e-07V I:1.0000e-04A R:-8.4184e-03ğ›€ E:-1.6189e-05V/cm J:1.1236e-03A/cm2 ğ›’:-1.4408e-02ğ›€ cm
2023-06-16 12:29:22,608 INFO Measurement at current 0.0001
2023-06-16 12:29:26,759 INFO T:283.80Â°K V:-8.9541e-07V I:1.0000e-04A R:-8.9541e-03ğ›€ E:-1.7219e-05V/cm J:1.1236e-03A/cm2 ğ›’:-1.5325e-02ğ›€ cm
2023-06-16 12:29:26,807 INFO Measurement at current 0.0001
2023-06-16 12:29:31,275 INFO T:283.77Â°K V:-9.1744e-07V I:1.0000e-04A R:-9.1744e-03ğ›€ E:-1.7643e-05V/cm J:1.1236e-03A/cm2 ğ›’:-1.5702e-02ğ›€ cm
2023-06-16 12:29:31,298 INFO Measurement at current 0.0001
2023-06-16 12:29:35,385 INFO T:283.75Â°K V:-9.2454e-07V I:1.0000e-04A R:-9.2454e-03ğ›€ E:-1.7780e-05V/cm J:1.1236e-03A/cm2 ğ›’:-1.5824e-02ğ›€ cm
2023-06-16 12:29:35,408 INFO Measurement at current 0.0001
2023-06-16 12:29:39,432 INFO T:283.72Â°K V:-9.5009e-07V I:1.0000e-04A R:-9.5009e-03ğ›€ E:-1.8271e-05V/cm J:1.1236e-03A/cm2 ğ›’:-1.6261e-02ğ›€ cm
2023-06-16 12:29:39,447 INFO Measurement at current 0.0001
2023-06-16 12:29:43,503 INFO T:283.70Â°K V:-9.8156e-07V I:1.0000e-04A R:-9.8156e-03ğ›€ E:-1.8876e-05V/cm J:1.1236e-03A/cm2 ğ›’:-1.6800e-02ğ›€ cm
2023-06-16 12:29:43,504 INFO Leaving the current loop
2023-06-16 12:29:43,526 INFO End of the measurement loop
2023-06-16 12:29:46,172 INFO Save the description file
2023-06-16 12:29:46,177 INFO Save data in numpy format Esperimenti/BT_3_1b_160623_R-T/BT_3_1b_160623_R-T_at_fixed_current_1e-4A/BT_3_1b_160623_R-T_at_fixed_current_1e-4A-20230616122943
2023-06-16 12:29:46,212 INFO Save data in CSV format Esperimenti/BT_3_1b_160623_R-T/BT_3_1b_160623_R-T_at_fixed_current_1e-4A/BT_3_1b_160623_R-T_at_fixed_current_1e-4A-20230616122943.csv
2023-06-16 12:29:46,235 INFO Save plot as image Esperimenti/BT_3_1b_160623_R-T/BT_3_1b_160623_R-T_at_fixed_current_1e-4A/BT_3_1b_160623_R-T_at_fixed_current_1e-4A-20230616122943.png
