2023-03-23 14:30:30,379 INFO ### Start experiment: CPRO_MUSA_230323_bis current from 0 to 35e-4A ###
2023-03-23 14:30:31,726 INFO Found Multimeter KEITHLEY INSTRUMENTS INC.,MODEL 2700,0884890,B03  /A02  

2023-03-23 14:30:32,755 INFO Found Nanovolt Meter KEITHLEY INSTRUMENTS INC.,MODEL 2182A,4056474,C03  /A02  

2023-03-23 14:30:32,864 INFO Found Source Meter KEITHLEY INSTRUMENTS INC.,MODEL 2400,0945684,C24   Feb 14 2002 11:59:45/A02  /K/H

2023-03-23 14:30:32,988 INFO Start the measurement loop
2023-03-23 14:30:42,290 INFO Measurement at current 0.0
2023-03-23 14:30:43,203 INFO T:272.83Â°K V:1.7928e-05V I:0.0000e+00A R:infğ›€ E:5.5335e-04V/cm J:0.0000e+00A/cm2 ğ›’:infğ›€ cm
2023-03-23 14:30:43,228 INFO Measurement at current 1.7587939698492464e-05
2023-03-23 14:30:43,839 INFO T:272.83Â°K V:2.9358e-04V I:1.7588e-05A R:1.6692e+01ğ›€ E:9.0610e-03V/cm J:7.6971e-04A/cm2 ğ›’:1.1772e+01ğ›€ cm
2023-03-23 14:30:43,855 INFO Measurement at current 3.517587939698493e-05
2023-03-23 14:30:44,444 INFO T:272.83Â°K V:5.6915e-04V I:3.5176e-05A R:1.6180e+01ğ›€ E:1.7566e-02V/cm J:1.5394e-03A/cm2 ğ›’:1.1411e+01ğ›€ cm
2023-03-23 14:30:44,460 INFO Measurement at current 5.2763819095477394e-05
2023-03-23 14:30:45,057 INFO T:272.83Â°K V:8.4479e-04V I:5.2764e-05A R:1.6011e+01ğ›€ E:2.6074e-02V/cm J:2.3091e-03A/cm2 ğ›’:1.1292e+01ğ›€ cm
2023-03-23 14:30:45,073 INFO Measurement at current 7.035175879396985e-05
2023-03-23 14:30:45,665 INFO T:272.83Â°K V:1.1204e-03V I:7.0352e-05A R:1.5925e+01ğ›€ E:3.4579e-02V/cm J:3.0789e-03A/cm2 ğ›’:1.1231e+01ğ›€ cm
2023-03-23 14:30:45,689 INFO Measurement at current 8.793969849246232e-05
2023-03-23 14:30:46,287 INFO T:272.83Â°K V:1.3960e-03V I:8.7940e-05A R:1.5875e+01ğ›€ E:4.3087e-02V/cm J:3.8486e-03A/cm2 ğ›’:1.1195e+01ğ›€ cm
2023-03-23 14:30:46,310 INFO Measurement at current 0.00010552763819095479
2023-03-23 14:30:46,911 INFO T:272.83Â°K V:1.6722e-03V I:1.0553e-04A R:1.5846e+01ğ›€ E:5.1610e-02V/cm J:4.6183e-03A/cm2 ğ›’:1.1175e+01ğ›€ cm
2023-03-23 14:30:46,932 INFO Measurement at current 0.00012311557788944724
2023-03-23 14:30:47,525 INFO T:272.83Â°K V:1.9470e-03V I:1.2312e-04A R:1.5814e+01ğ›€ E:6.0093e-02V/cm J:5.3880e-03A/cm2 ğ›’:1.1153e+01ğ›€ cm
2023-03-23 14:30:47,542 INFO Measurement at current 0.0001407035175879397
2023-03-23 14:30:48,145 INFO T:272.83Â°K V:2.2228e-03V I:1.4070e-04A R:1.5798e+01ğ›€ E:6.8605e-02V/cm J:6.1577e-03A/cm2 ğ›’:1.1141e+01ğ›€ cm
2023-03-23 14:30:48,161 INFO Measurement at current 0.00015829145728643218
2023-03-23 14:30:48,750 INFO T:272.83Â°K V:2.4988e-03V I:1.5829e-04A R:1.5786e+01ğ›€ E:7.7123e-02V/cm J:6.9274e-03A/cm2 ğ›’:1.1133e+01ğ›€ cm
2023-03-23 14:30:48,773 INFO Measurement at current 0.00017587939698492463
2023-03-23 14:30:49,383 INFO T:272.83Â°K V:2.7747e-03V I:1.7588e-04A R:1.5776e+01ğ›€ E:8.5638e-02V/cm J:7.6971e-03A/cm2 ğ›’:1.1126e+01ğ›€ cm
2023-03-23 14:30:49,408 INFO Measurement at current 0.0001934673366834171
2023-03-23 14:30:50,025 INFO T:272.83Â°K V:3.0499e-03V I:1.9347e-04A R:1.5765e+01ğ›€ E:9.4134e-02V/cm J:8.4668e-03A/cm2 ğ›’:1.1118e+01ğ›€ cm
2023-03-23 14:30:50,051 INFO Measurement at current 0.00021105527638190958
2023-03-23 14:30:50,651 INFO T:272.83Â°K V:3.3257e-03V I:2.1106e-04A R:1.5757e+01ğ›€ E:1.0264e-01V/cm J:9.2366e-03A/cm2 ğ›’:1.1113e+01ğ›€ cm
2023-03-23 14:30:50,675 INFO Measurement at current 0.00022864321608040202
2023-03-23 14:30:51,270 INFO T:272.83Â°K V:3.6013e-03V I:2.2864e-04A R:1.5751e+01ğ›€ E:1.1115e-01V/cm J:1.0006e-02A/cm2 ğ›’:1.1108e+01ğ›€ cm
2023-03-23 14:30:51,293 INFO Measurement at current 0.00024623115577889447
2023-03-23 14:30:51,895 INFO T:272.83Â°K V:3.8771e-03V I:2.4623e-04A R:1.5746e+01ğ›€ E:1.1966e-01V/cm J:1.0776e-02A/cm2 ğ›’:1.1105e+01ğ›€ cm
2023-03-23 14:30:51,918 INFO Measurement at current 0.00026381909547738695
2023-03-23 14:30:52,536 INFO T:272.83Â°K V:4.1519e-03V I:2.6382e-04A R:1.5738e+01ğ›€ E:1.2814e-01V/cm J:1.1546e-02A/cm2 ğ›’:1.1099e+01ğ›€ cm
2023-03-23 14:30:52,553 INFO Measurement at current 0.0002814070351758794
2023-03-23 14:30:53,152 INFO T:272.83Â°K V:4.4279e-03V I:2.8141e-04A R:1.5735e+01ğ›€ E:1.3666e-01V/cm J:1.2315e-02A/cm2 ğ›’:1.1097e+01ğ›€ cm
2023-03-23 14:30:53,177 INFO Measurement at current 0.0002989949748743719
2023-03-23 14:30:53,792 INFO T:272.83Â°K V:4.7040e-03V I:2.9899e-04A R:1.5733e+01ğ›€ E:1.4518e-01V/cm J:1.3085e-02A/cm2 ğ›’:1.1095e+01ğ›€ cm
2023-03-23 14:30:53,812 INFO Measurement at current 0.00031658291457286437
2023-03-23 14:30:54,404 INFO T:272.83Â°K V:4.9798e-03V I:3.1658e-04A R:1.5730e+01ğ›€ E:1.5370e-01V/cm J:1.3855e-02A/cm2 ğ›’:1.1093e+01ğ›€ cm
2023-03-23 14:30:54,420 INFO Measurement at current 0.0003341708542713568
2023-03-23 14:30:55,020 INFO T:272.83Â°K V:5.2551e-03V I:3.3417e-04A R:1.5726e+01ğ›€ E:1.6219e-01V/cm J:1.4625e-02A/cm2 ğ›’:1.1091e+01ğ›€ cm
2023-03-23 14:30:55,044 INFO Measurement at current 0.00035175879396984926
2023-03-23 14:30:55,649 INFO T:272.83Â°K V:5.5310e-03V I:3.5176e-04A R:1.5724e+01ğ›€ E:1.7071e-01V/cm J:1.5394e-02A/cm2 ğ›’:1.1089e+01ğ›€ cm
2023-03-23 14:30:55,667 INFO Measurement at current 0.00036934673366834173
2023-03-23 14:30:56,267 INFO T:272.83Â°K V:5.8066e-03V I:3.6935e-04A R:1.5721e+01ğ›€ E:1.7922e-01V/cm J:1.6164e-02A/cm2 ğ›’:1.1087e+01ğ›€ cm
2023-03-23 14:30:56,285 INFO Measurement at current 0.0003869346733668342
2023-03-23 14:30:56,890 INFO T:272.83Â°K V:6.0823e-03V I:3.8693e-04A R:1.5719e+01ğ›€ E:1.8773e-01V/cm J:1.6934e-02A/cm2 ğ›’:1.1086e+01ğ›€ cm
2023-03-23 14:30:56,906 INFO Measurement at current 0.0004045226130653267
2023-03-23 14:30:57,505 INFO T:272.83Â°K V:6.3569e-03V I:4.0452e-04A R:1.5715e+01ğ›€ E:1.9620e-01V/cm J:1.7703e-02A/cm2 ğ›’:1.1083e+01ğ›€ cm
2023-03-23 14:30:57,528 INFO Measurement at current 0.00042211055276381916
2023-03-23 14:30:58,135 INFO T:272.83Â°K V:6.6329e-03V I:4.2211e-04A R:1.5714e+01ğ›€ E:2.0472e-01V/cm J:1.8473e-02A/cm2 ğ›’:1.1082e+01ğ›€ cm
2023-03-23 14:30:58,154 INFO Measurement at current 0.0004396984924623116
2023-03-23 14:30:58,756 INFO T:272.83Â°K V:6.9090e-03V I:4.3970e-04A R:1.5713e+01ğ›€ E:2.1324e-01V/cm J:1.9243e-02A/cm2 ğ›’:1.1082e+01ğ›€ cm
2023-03-23 14:30:58,772 INFO Measurement at current 0.00045728643216080405
2023-03-23 14:30:59,365 INFO T:272.83Â°K V:7.1848e-03V I:4.5729e-04A R:1.5712e+01ğ›€ E:2.2175e-01V/cm J:2.0013e-02A/cm2 ğ›’:1.1081e+01ğ›€ cm
2023-03-23 14:30:59,388 INFO Measurement at current 0.0004748743718592965
2023-03-23 14:30:59,983 INFO T:272.83Â°K V:7.4600e-03V I:4.7487e-04A R:1.5709e+01ğ›€ E:2.3025e-01V/cm J:2.0782e-02A/cm2 ğ›’:1.1079e+01ğ›€ cm
2023-03-23 14:31:00,003 INFO Measurement at current 0.0004924623115577889
2023-03-23 14:31:00,609 INFO T:272.83Â°K V:7.7355e-03V I:4.9246e-04A R:1.5708e+01ğ›€ E:2.3875e-01V/cm J:2.1552e-02A/cm2 ğ›’:1.1078e+01ğ›€ cm
2023-03-23 14:31:00,634 INFO Measurement at current 0.0005100502512562815
2023-03-23 14:31:01,239 INFO T:272.83Â°K V:8.0114e-03V I:5.1005e-04A R:1.5707e+01ğ›€ E:2.4727e-01V/cm J:2.2322e-02A/cm2 ğ›’:1.1077e+01ğ›€ cm
2023-03-23 14:31:01,265 INFO Measurement at current 0.0005276381909547739
2023-03-23 14:31:01,860 INFO T:272.83Â°K V:8.2872e-03V I:5.2764e-04A R:1.5706e+01ğ›€ E:2.5578e-01V/cm J:2.3091e-02A/cm2 ğ›’:1.1077e+01ğ›€ cm
2023-03-23 14:31:01,877 INFO Measurement at current 0.0005452261306532664
2023-03-23 14:31:02,468 INFO T:272.83Â°K V:8.5628e-03V I:5.4523e-04A R:1.5705e+01ğ›€ E:2.6428e-01V/cm J:2.3861e-02A/cm2 ğ›’:1.1076e+01ğ›€ cm
2023-03-23 14:31:02,488 INFO Measurement at current 0.0005628140703517588
2023-03-23 14:31:03,079 INFO T:272.83Â°K V:8.8380e-03V I:5.6281e-04A R:1.5703e+01ğ›€ E:2.7278e-01V/cm J:2.4631e-02A/cm2 ğ›’:1.1075e+01ğ›€ cm
2023-03-23 14:31:03,100 INFO Measurement at current 0.0005804020100502513
2023-03-23 14:31:03,706 INFO T:272.83Â°K V:9.1143e-03V I:5.8040e-04A R:1.5703e+01ğ›€ E:2.8131e-01V/cm J:2.5401e-02A/cm2 ğ›’:1.1075e+01ğ›€ cm
2023-03-23 14:31:03,733 INFO Measurement at current 0.0005979899497487438
2023-03-23 14:31:04,331 INFO T:272.83Â°K V:9.3903e-03V I:5.9799e-04A R:1.5703e+01ğ›€ E:2.8983e-01V/cm J:2.6170e-02A/cm2 ğ›’:1.1075e+01ğ›€ cm
2023-03-23 14:31:04,349 INFO Measurement at current 0.0006155778894472362
2023-03-23 14:31:04,945 INFO T:272.83Â°K V:9.6663e-03V I:6.1558e-04A R:1.5703e+01ğ›€ E:2.9834e-01V/cm J:2.6940e-02A/cm2 ğ›’:1.1074e+01ğ›€ cm
2023-03-23 14:31:04,961 INFO Measurement at current 0.0006331658291457287
2023-03-23 14:31:05,552 INFO T:272.83Â°K V:9.9413e-03V I:6.3317e-04A R:1.5701e+01ğ›€ E:3.0683e-01V/cm J:2.7710e-02A/cm2 ğ›’:1.1073e+01ğ›€ cm
2023-03-23 14:31:05,567 INFO Measurement at current 0.0006507537688442212
2023-03-23 14:31:06,155 INFO T:272.83Â°K V:1.0217e-02V I:6.5075e-04A R:1.5700e+01ğ›€ E:3.1534e-01V/cm J:2.8479e-02A/cm2 ğ›’:1.1073e+01ğ›€ cm
2023-03-23 14:31:06,170 INFO Measurement at current 0.0006683417085427136
2023-03-23 14:31:06,771 INFO T:272.83Â°K V:1.0493e-02V I:6.6834e-04A R:1.5699e+01ğ›€ E:3.2384e-01V/cm J:2.9249e-02A/cm2 ğ›’:1.1072e+01ğ›€ cm
2023-03-23 14:31:06,795 INFO Measurement at current 0.0006859296482412061
2023-03-23 14:31:07,414 INFO T:272.83Â°K V:1.0768e-02V I:6.8593e-04A R:1.5699e+01ğ›€ E:3.3236e-01V/cm J:3.0019e-02A/cm2 ğ›’:1.1072e+01ğ›€ cm
2023-03-23 14:31:07,440 INFO Measurement at current 0.0007035175879396985
2023-03-23 14:31:08,038 INFO T:272.83Â°K V:1.1043e-02V I:7.0352e-04A R:1.5697e+01ğ›€ E:3.4085e-01V/cm J:3.0789e-02A/cm2 ğ›’:1.1071e+01ğ›€ cm
2023-03-23 14:31:08,053 INFO Measurement at current 0.000721105527638191
2023-03-23 14:31:08,640 INFO T:272.83Â°K V:1.1320e-02V I:7.2111e-04A R:1.5698e+01ğ›€ E:3.4937e-01V/cm J:3.1558e-02A/cm2 ğ›’:1.1071e+01ğ›€ cm
2023-03-23 14:31:08,656 INFO Measurement at current 0.0007386934673366835
2023-03-23 14:31:09,250 INFO T:272.83Â°K V:1.1595e-02V I:7.3869e-04A R:1.5697e+01ğ›€ E:3.5788e-01V/cm J:3.2328e-02A/cm2 ğ›’:1.1070e+01ğ›€ cm
2023-03-23 14:31:09,267 INFO Measurement at current 0.0007562814070351759
2023-03-23 14:31:09,865 INFO T:272.82Â°K V:1.1871e-02V I:7.5628e-04A R:1.5697e+01ğ›€ E:3.6639e-01V/cm J:3.3098e-02A/cm2 ğ›’:1.1070e+01ğ›€ cm
2023-03-23 14:31:09,888 INFO Measurement at current 0.0007738693467336684
2023-03-23 14:31:11,323 INFO T:272.83Â°K V:1.2144e-02V I:7.7387e-04A R:1.5692e+01ğ›€ E:3.7480e-01V/cm J:3.3867e-02A/cm2 ğ›’:1.1067e+01ğ›€ cm
2023-03-23 14:31:11,344 INFO Measurement at current 0.0007914572864321608
2023-03-23 14:31:11,941 INFO T:272.83Â°K V:1.2419e-02V I:7.9146e-04A R:1.5692e+01ğ›€ E:3.8331e-01V/cm J:3.4637e-02A/cm2 ğ›’:1.1067e+01ğ›€ cm
2023-03-23 14:31:11,964 INFO Measurement at current 0.0008090452261306534
2023-03-23 14:31:12,569 INFO T:272.83Â°K V:1.2695e-02V I:8.0905e-04A R:1.5691e+01ğ›€ E:3.9181e-01V/cm J:3.5407e-02A/cm2 ğ›’:1.1066e+01ğ›€ cm
2023-03-23 14:31:12,586 INFO Measurement at current 0.0008266331658291458
2023-03-23 14:31:13,181 INFO T:272.82Â°K V:1.2971e-02V I:8.2663e-04A R:1.5691e+01ğ›€ E:4.0033e-01V/cm J:3.6177e-02A/cm2 ğ›’:1.1066e+01ğ›€ cm
2023-03-23 14:31:13,200 INFO Measurement at current 0.0008442211055276383
2023-03-23 14:31:13,801 INFO T:272.82Â°K V:1.3246e-02V I:8.4422e-04A R:1.5690e+01ğ›€ E:4.0883e-01V/cm J:3.6946e-02A/cm2 ğ›’:1.1066e+01ğ›€ cm
2023-03-23 14:31:13,818 INFO Measurement at current 0.0008618090452261307
2023-03-23 14:31:14,416 INFO T:272.82Â°K V:1.3522e-02V I:8.6181e-04A R:1.5690e+01ğ›€ E:4.1734e-01V/cm J:3.7716e-02A/cm2 ğ›’:1.1065e+01ğ›€ cm
2023-03-23 14:31:14,434 INFO Measurement at current 0.0008793969849246232
2023-03-23 14:31:15,034 INFO T:272.82Â°K V:1.3798e-02V I:8.7940e-04A R:1.5690e+01ğ›€ E:4.2585e-01V/cm J:3.8486e-02A/cm2 ğ›’:1.1065e+01ğ›€ cm
2023-03-23 14:31:15,058 INFO Measurement at current 0.0008969849246231157
2023-03-23 14:31:15,657 INFO T:272.82Â°K V:1.4073e-02V I:8.9698e-04A R:1.5690e+01ğ›€ E:4.3436e-01V/cm J:3.9255e-02A/cm2 ğ›’:1.1065e+01ğ›€ cm
2023-03-23 14:31:15,673 INFO Measurement at current 0.0009145728643216081
2023-03-23 14:31:16,264 INFO T:272.82Â°K V:1.4348e-02V I:9.1457e-04A R:1.5688e+01ğ›€ E:4.4284e-01V/cm J:4.0025e-02A/cm2 ğ›’:1.1064e+01ğ›€ cm
2023-03-23 14:31:16,294 INFO Measurement at current 0.0009321608040201006
2023-03-23 14:31:16,886 INFO T:272.82Â°K V:1.4624e-02V I:9.3216e-04A R:1.5688e+01ğ›€ E:4.5135e-01V/cm J:4.0795e-02A/cm2 ğ›’:1.1064e+01ğ›€ cm
2023-03-23 14:31:16,901 INFO Measurement at current 0.000949748743718593
2023-03-23 14:31:17,491 INFO T:272.82Â°K V:1.4900e-02V I:9.4975e-04A R:1.5688e+01ğ›€ E:4.5986e-01V/cm J:4.1564e-02A/cm2 ğ›’:1.1064e+01ğ›€ cm
2023-03-23 14:31:17,505 INFO Measurement at current 0.0009673366834170855
2023-03-23 14:31:18,095 INFO T:272.82Â°K V:1.5176e-02V I:9.6734e-04A R:1.5688e+01ğ›€ E:4.6838e-01V/cm J:4.2334e-02A/cm2 ğ›’:1.1064e+01ğ›€ cm
2023-03-23 14:31:18,118 INFO Measurement at current 0.0009849246231155779
2023-03-23 14:31:18,736 INFO T:272.82Â°K V:1.5451e-02V I:9.8492e-04A R:1.5687e+01ğ›€ E:4.7688e-01V/cm J:4.3104e-02A/cm2 ğ›’:1.1063e+01ğ›€ cm
2023-03-23 14:31:18,759 INFO Measurement at current 0.0010025125628140704
2023-03-23 14:31:19,347 INFO T:272.82Â°K V:1.5727e-02V I:1.0025e-03A R:1.5687e+01ğ›€ E:4.8540e-01V/cm J:4.3874e-02A/cm2 ğ›’:1.1064e+01ğ›€ cm
2023-03-23 14:31:19,376 INFO Measurement at current 0.001020100502512563
2023-03-23 14:31:19,965 INFO T:272.82Â°K V:1.6002e-02V I:1.0201e-03A R:1.5687e+01ğ›€ E:4.9390e-01V/cm J:4.4643e-02A/cm2 ğ›’:1.1063e+01ğ›€ cm
2023-03-23 14:31:19,986 INFO Measurement at current 0.0010376884422110553
2023-03-23 14:31:20,599 INFO T:272.82Â°K V:1.6278e-02V I:1.0377e-03A R:1.5687e+01ğ›€ E:5.0242e-01V/cm J:4.5413e-02A/cm2 ğ›’:1.1063e+01ğ›€ cm
2023-03-23 14:31:20,617 INFO Measurement at current 0.0010552763819095478
2023-03-23 14:31:21,211 INFO T:272.82Â°K V:1.6560e-02V I:1.0553e-03A R:1.5692e+01ğ›€ E:5.1110e-01V/cm J:4.6183e-02A/cm2 ğ›’:1.1067e+01ğ›€ cm
2023-03-23 14:31:21,231 INFO Measurement at current 0.0010728643216080403
2023-03-23 14:31:21,835 INFO T:272.82Â°K V:1.6834e-02V I:1.0729e-03A R:1.5690e+01ğ›€ E:5.1956e-01V/cm J:4.6952e-02A/cm2 ğ›’:1.1066e+01ğ›€ cm
2023-03-23 14:31:21,884 INFO Measurement at current 0.0010904522613065328
2023-03-23 14:31:22,473 INFO T:272.82Â°K V:1.7109e-02V I:1.0905e-03A R:1.5690e+01ğ›€ E:5.2806e-01V/cm J:4.7722e-02A/cm2 ğ›’:1.1065e+01ğ›€ cm
2023-03-23 14:31:22,497 INFO Measurement at current 0.0011080402010050251
2023-03-23 14:31:23,086 INFO T:272.82Â°K V:1.7381e-02V I:1.1080e-03A R:1.5686e+01ğ›€ E:5.3645e-01V/cm J:4.8492e-02A/cm2 ğ›’:1.1063e+01ğ›€ cm
2023-03-23 14:31:23,114 INFO Measurement at current 0.0011256281407035177
2023-03-23 14:31:23,707 INFO T:272.82Â°K V:1.7657e-02V I:1.1256e-03A R:1.5686e+01ğ›€ E:5.4496e-01V/cm J:4.9262e-02A/cm2 ğ›’:1.1062e+01ğ›€ cm
2023-03-23 14:31:23,724 INFO Measurement at current 0.0011432160804020102
2023-03-23 14:31:24,333 INFO T:272.82Â°K V:1.7931e-02V I:1.1432e-03A R:1.5685e+01ğ›€ E:5.5344e-01V/cm J:5.0031e-02A/cm2 ğ›’:1.1062e+01ğ›€ cm
2023-03-23 14:31:24,371 INFO Measurement at current 0.0011608040201005025
2023-03-23 14:31:24,972 INFO T:272.82Â°K V:1.8214e-02V I:1.1608e-03A R:1.5691e+01ğ›€ E:5.6215e-01V/cm J:5.0801e-02A/cm2 ğ›’:1.1066e+01ğ›€ cm
2023-03-23 14:31:25,005 INFO Measurement at current 0.001178391959798995
2023-03-23 14:31:25,593 INFO T:272.82Â°K V:1.8486e-02V I:1.1784e-03A R:1.5687e+01ğ›€ E:5.7055e-01V/cm J:5.1571e-02A/cm2 ğ›’:1.1063e+01ğ›€ cm
2023-03-23 14:31:25,609 INFO Measurement at current 0.0011959798994974876
2023-03-23 14:31:26,196 INFO T:272.82Â°K V:1.8761e-02V I:1.1960e-03A R:1.5687e+01ğ›€ E:5.7905e-01V/cm J:5.2340e-02A/cm2 ğ›’:1.1063e+01ğ›€ cm
2023-03-23 14:31:26,215 INFO Measurement at current 0.00121356783919598
2023-03-23 14:31:26,817 INFO T:272.82Â°K V:1.9036e-02V I:1.2136e-03A R:1.5686e+01ğ›€ E:5.8754e-01V/cm J:5.3110e-02A/cm2 ğ›’:1.1063e+01ğ›€ cm
2023-03-23 14:31:26,833 INFO Measurement at current 0.0012311557788944724
2023-03-23 14:31:27,429 INFO T:272.82Â°K V:1.9311e-02V I:1.2312e-03A R:1.5685e+01ğ›€ E:5.9602e-01V/cm J:5.3880e-02A/cm2 ğ›’:1.1062e+01ğ›€ cm
2023-03-23 14:31:27,462 INFO Measurement at current 0.001248743718592965
2023-03-23 14:31:28,062 INFO T:272.82Â°K V:1.9586e-02V I:1.2487e-03A R:1.5684e+01ğ›€ E:6.0450e-01V/cm J:5.4650e-02A/cm2 ğ›’:1.1061e+01ğ›€ cm
2023-03-23 14:31:28,079 INFO Measurement at current 0.0012663316582914575
2023-03-23 14:31:28,676 INFO T:272.82Â°K V:1.9866e-02V I:1.2663e-03A R:1.5688e+01ğ›€ E:6.1314e-01V/cm J:5.5419e-02A/cm2 ğ›’:1.1064e+01ğ›€ cm
2023-03-23 14:31:28,699 INFO Measurement at current 0.0012839195979899498
2023-03-23 14:31:29,286 INFO T:272.82Â°K V:2.0140e-02V I:1.2839e-03A R:1.5687e+01ğ›€ E:6.2162e-01V/cm J:5.6189e-02A/cm2 ğ›’:1.1063e+01ğ›€ cm
2023-03-23 14:31:29,304 INFO Measurement at current 0.0013015075376884423
2023-03-23 14:31:29,898 INFO T:272.82Â°K V:2.0415e-02V I:1.3015e-03A R:1.5686e+01ğ›€ E:6.3010e-01V/cm J:5.6959e-02A/cm2 ğ›’:1.1062e+01ğ›€ cm
2023-03-23 14:31:29,913 INFO Measurement at current 0.0013190954773869348
2023-03-23 14:31:30,510 INFO T:272.82Â°K V:2.0690e-02V I:1.3191e-03A R:1.5685e+01ğ›€ E:6.3857e-01V/cm J:5.7728e-02A/cm2 ğ›’:1.1062e+01ğ›€ cm
2023-03-23 14:31:30,525 INFO Measurement at current 0.0013366834170854271
2023-03-23 14:31:31,125 INFO T:272.82Â°K V:2.0963e-02V I:1.3367e-03A R:1.5683e+01ğ›€ E:6.4700e-01V/cm J:5.8498e-02A/cm2 ğ›’:1.1060e+01ğ›€ cm
2023-03-23 14:31:31,141 INFO Measurement at current 0.0013542713567839197
2023-03-23 14:31:31,731 INFO T:272.82Â°K V:2.1246e-02V I:1.3543e-03A R:1.5688e+01ğ›€ E:6.5573e-01V/cm J:5.9268e-02A/cm2 ğ›’:1.1064e+01ğ›€ cm
2023-03-23 14:31:31,748 INFO Measurement at current 0.0013718592964824122
2023-03-23 14:31:32,345 INFO T:272.82Â°K V:2.1521e-02V I:1.3719e-03A R:1.5688e+01ğ›€ E:6.6424e-01V/cm J:6.0038e-02A/cm2 ğ›’:1.1064e+01ğ›€ cm
2023-03-23 14:31:32,371 INFO Measurement at current 0.0013894472361809047
2023-03-23 14:31:32,965 INFO T:272.82Â°K V:2.1797e-02V I:1.3894e-03A R:1.5687e+01ğ›€ E:6.7274e-01V/cm J:6.0807e-02A/cm2 ğ›’:1.1063e+01ğ›€ cm
2023-03-23 14:31:32,985 INFO Measurement at current 0.001407035175879397
2023-03-23 14:31:33,576 INFO T:272.82Â°K V:2.2069e-02V I:1.4070e-03A R:1.5685e+01ğ›€ E:6.8114e-01V/cm J:6.1577e-02A/cm2 ğ›’:1.1062e+01ğ›€ cm
2023-03-23 14:31:33,600 INFO Measurement at current 0.0014246231155778896
2023-03-23 14:31:34,209 INFO T:272.82Â°K V:2.2344e-02V I:1.4246e-03A R:1.5684e+01ğ›€ E:6.8962e-01V/cm J:6.2347e-02A/cm2 ğ›’:1.1061e+01ğ›€ cm
2023-03-23 14:31:34,225 INFO Measurement at current 0.001442211055276382
2023-03-23 14:31:34,825 INFO T:272.82Â°K V:2.2620e-02V I:1.4422e-03A R:1.5684e+01ğ›€ E:6.9813e-01V/cm J:6.3116e-02A/cm2 ğ›’:1.1061e+01ğ›€ cm
2023-03-23 14:31:34,841 INFO Measurement at current 0.0014597989949748744
2023-03-23 14:31:35,445 INFO T:272.82Â°K V:2.2903e-02V I:1.4598e-03A R:1.5689e+01ğ›€ E:7.0687e-01V/cm J:6.3886e-02A/cm2 ğ›’:1.1065e+01ğ›€ cm
2023-03-23 14:31:35,467 INFO Measurement at current 0.001477386934673367
2023-03-23 14:31:36,058 INFO T:272.82Â°K V:2.3175e-02V I:1.4774e-03A R:1.5686e+01ğ›€ E:7.1528e-01V/cm J:6.4656e-02A/cm2 ğ›’:1.1063e+01ğ›€ cm
2023-03-23 14:31:36,099 INFO Measurement at current 0.0014949748743718595
2023-03-23 14:31:36,715 INFO T:272.82Â°K V:2.3450e-02V I:1.4950e-03A R:1.5686e+01ğ›€ E:7.2375e-01V/cm J:6.5426e-02A/cm2 ğ›’:1.1062e+01ğ›€ cm
2023-03-23 14:31:36,735 INFO Measurement at current 0.0015125628140703518
2023-03-23 14:31:37,331 INFO T:272.82Â°K V:2.3725e-02V I:1.5126e-03A R:1.5685e+01ğ›€ E:7.3226e-01V/cm J:6.6195e-02A/cm2 ğ›’:1.1062e+01ğ›€ cm
2023-03-23 14:31:37,348 INFO Measurement at current 0.0015301507537688443
2023-03-23 14:31:37,933 INFO T:272.82Â°K V:2.4000e-02V I:1.5302e-03A R:1.5685e+01ğ›€ E:7.4075e-01V/cm J:6.6965e-02A/cm2 ğ›’:1.1062e+01ğ›€ cm
2023-03-23 14:31:37,956 INFO Measurement at current 0.0015477386934673368
2023-03-23 14:31:38,549 INFO T:272.82Â°K V:2.4273e-02V I:1.5477e-03A R:1.5683e+01ğ›€ E:7.4917e-01V/cm J:6.7735e-02A/cm2 ğ›’:1.1060e+01ğ›€ cm
2023-03-23 14:31:38,568 INFO Measurement at current 0.0015653266331658294
2023-03-23 14:31:39,179 INFO T:272.82Â°K V:2.4557e-02V I:1.5653e-03A R:1.5688e+01ğ›€ E:7.5793e-01V/cm J:6.8504e-02A/cm2 ğ›’:1.1064e+01ğ›€ cm
2023-03-23 14:31:39,194 INFO Measurement at current 0.0015829145728643217
2023-03-23 14:31:39,792 INFO T:272.82Â°K V:2.4832e-02V I:1.5829e-03A R:1.5688e+01ğ›€ E:7.6643e-01V/cm J:6.9274e-02A/cm2 ğ›’:1.1064e+01ğ›€ cm
2023-03-23 14:31:39,811 INFO Measurement at current 0.0016005025125628142
2023-03-23 14:31:40,402 INFO T:272.82Â°K V:2.5108e-02V I:1.6005e-03A R:1.5688e+01ğ›€ E:7.7495e-01V/cm J:7.0044e-02A/cm2 ğ›’:1.1064e+01ğ›€ cm
2023-03-23 14:31:40,425 INFO Measurement at current 0.0016180904522613067
2023-03-23 14:31:41,016 INFO T:272.82Â°K V:2.5381e-02V I:1.6181e-03A R:1.5686e+01ğ›€ E:7.8337e-01V/cm J:7.0814e-02A/cm2 ğ›’:1.1062e+01ğ›€ cm
2023-03-23 14:31:41,040 INFO Measurement at current 0.001635678391959799
2023-03-23 14:31:41,636 INFO T:272.82Â°K V:2.5657e-02V I:1.6357e-03A R:1.5686e+01ğ›€ E:7.9188e-01V/cm J:7.1583e-02A/cm2 ğ›’:1.1062e+01ğ›€ cm
2023-03-23 14:31:41,658 INFO Measurement at current 0.0016532663316582916
2023-03-23 14:31:42,249 INFO T:272.82Â°K V:2.5939e-02V I:1.6533e-03A R:1.5690e+01ğ›€ E:8.0060e-01V/cm J:7.2353e-02A/cm2 ğ›’:1.1065e+01ğ›€ cm
2023-03-23 14:31:42,267 INFO Measurement at current 0.001670854271356784
2023-03-23 14:31:42,881 INFO T:272.82Â°K V:2.6214e-02V I:1.6709e-03A R:1.5689e+01ğ›€ E:8.0908e-01V/cm J:7.3123e-02A/cm2 ğ›’:1.1065e+01ğ›€ cm
2023-03-23 14:31:42,897 INFO Measurement at current 0.0016884422110552766
2023-03-23 14:31:43,503 INFO T:272.82Â°K V:2.6488e-02V I:1.6884e-03A R:1.5688e+01ğ›€ E:8.1752e-01V/cm J:7.3892e-02A/cm2 ğ›’:1.1064e+01ğ›€ cm
2023-03-23 14:31:43,535 INFO Measurement at current 0.001706030150753769
2023-03-23 14:31:44,126 INFO T:272.82Â°K V:2.6763e-02V I:1.7060e-03A R:1.5687e+01ğ›€ E:8.2602e-01V/cm J:7.4662e-02A/cm2 ğ›’:1.1063e+01ğ›€ cm
2023-03-23 14:31:44,147 INFO Measurement at current 0.0017236180904522615
2023-03-23 14:31:44,755 INFO T:272.82Â°K V:2.7038e-02V I:1.7236e-03A R:1.5687e+01ğ›€ E:8.3449e-01V/cm J:7.5432e-02A/cm2 ğ›’:1.1063e+01ğ›€ cm
2023-03-23 14:31:44,771 INFO Measurement at current 0.001741206030150754
2023-03-23 14:31:45,356 INFO T:272.82Â°K V:2.7313e-02V I:1.7412e-03A R:1.5686e+01ğ›€ E:8.4298e-01V/cm J:7.6202e-02A/cm2 ğ›’:1.1063e+01ğ›€ cm
2023-03-23 14:31:45,374 INFO Measurement at current 0.0017587939698492463
2023-03-23 14:31:45,969 INFO T:272.82Â°K V:2.7596e-02V I:1.7588e-03A R:1.5690e+01ğ›€ E:8.5172e-01V/cm J:7.6971e-02A/cm2 ğ›’:1.1065e+01ğ›€ cm
2023-03-23 14:31:45,993 INFO Measurement at current 0.0017763819095477388
2023-03-23 14:31:46,615 INFO T:272.82Â°K V:2.7868e-02V I:1.7764e-03A R:1.5688e+01ğ›€ E:8.6014e-01V/cm J:7.7741e-02A/cm2 ğ›’:1.1064e+01ğ›€ cm
2023-03-23 14:31:46,644 INFO Measurement at current 0.0017939698492462314
2023-03-23 14:31:47,237 INFO T:272.82Â°K V:2.8145e-02V I:1.7940e-03A R:1.5689e+01ğ›€ E:8.6867e-01V/cm J:7.8511e-02A/cm2 ğ›’:1.1064e+01ğ›€ cm
2023-03-23 14:31:47,262 INFO Measurement at current 0.0018115577889447237
2023-03-23 14:31:47,882 INFO T:272.82Â°K V:2.8420e-02V I:1.8116e-03A R:1.5688e+01ğ›€ E:8.7716e-01V/cm J:7.9280e-02A/cm2 ğ›’:1.1064e+01ğ›€ cm
2023-03-23 14:31:47,907 INFO Measurement at current 0.0018291457286432162
2023-03-23 14:31:48,496 INFO T:272.82Â°K V:2.8695e-02V I:1.8291e-03A R:1.5688e+01ğ›€ E:8.8565e-01V/cm J:8.0050e-02A/cm2 ğ›’:1.1064e+01ğ›€ cm
2023-03-23 14:31:48,523 INFO Measurement at current 0.0018467336683417087
2023-03-23 14:31:49,130 INFO T:272.82Â°K V:2.8968e-02V I:1.8467e-03A R:1.5686e+01ğ›€ E:8.9407e-01V/cm J:8.0820e-02A/cm2 ğ›’:1.1063e+01ğ›€ cm
2023-03-23 14:31:49,149 INFO Measurement at current 0.0018643216080402013
2023-03-23 14:31:49,741 INFO T:272.82Â°K V:2.9251e-02V I:1.8643e-03A R:1.5690e+01ğ›€ E:9.0280e-01V/cm J:8.1590e-02A/cm2 ğ›’:1.1065e+01ğ›€ cm
2023-03-23 14:31:49,759 INFO Measurement at current 0.0018819095477386936
2023-03-23 14:31:50,372 INFO T:272.82Â°K V:2.9527e-02V I:1.8819e-03A R:1.5690e+01ğ›€ E:9.1132e-01V/cm J:8.2359e-02A/cm2 ğ›’:1.1065e+01ğ›€ cm
2023-03-23 14:31:50,440 INFO Measurement at current 0.001899497487437186
2023-03-23 14:31:51,043 INFO T:272.82Â°K V:2.9802e-02V I:1.8995e-03A R:1.5690e+01ğ›€ E:9.1982e-01V/cm J:8.3129e-02A/cm2 ğ›’:1.1065e+01ğ›€ cm
2023-03-23 14:31:51,088 INFO Measurement at current 0.0019170854271356786
2023-03-23 14:31:51,681 INFO T:272.82Â°K V:3.0075e-02V I:1.9171e-03A R:1.5688e+01ğ›€ E:9.2825e-01V/cm J:8.3899e-02A/cm2 ğ›’:1.1064e+01ğ›€ cm
2023-03-23 14:31:51,697 INFO Measurement at current 0.001934673366834171
2023-03-23 14:31:52,291 INFO T:272.82Â°K V:3.0350e-02V I:1.9347e-03A R:1.5688e+01ğ›€ E:9.3674e-01V/cm J:8.4668e-02A/cm2 ğ›’:1.1064e+01ğ›€ cm
2023-03-23 14:31:52,365 INFO Measurement at current 0.0019522613065326635
2023-03-23 14:31:52,968 INFO T:272.82Â°K V:3.0632e-02V I:1.9523e-03A R:1.5691e+01ğ›€ E:9.4544e-01V/cm J:8.5438e-02A/cm2 ğ›’:1.1066e+01ğ›€ cm
2023-03-23 14:31:53,002 INFO Measurement at current 0.0019698492462311558
2023-03-23 14:31:53,625 INFO T:272.81Â°K V:3.0906e-02V I:1.9698e-03A R:1.5690e+01ğ›€ E:9.5390e-01V/cm J:8.6208e-02A/cm2 ğ›’:1.1065e+01ğ›€ cm
2023-03-23 14:31:53,658 INFO Measurement at current 0.0019874371859296483
2023-03-23 14:31:54,244 INFO T:272.81Â°K V:3.1179e-02V I:1.9874e-03A R:1.5688e+01ğ›€ E:9.6231e-01V/cm J:8.6978e-02A/cm2 ğ›’:1.1064e+01ğ›€ cm
2023-03-23 14:31:54,265 INFO Measurement at current 0.002005025125628141
2023-03-23 14:31:54,852 INFO T:272.81Â°K V:3.1455e-02V I:2.0050e-03A R:1.5688e+01ğ›€ E:9.7082e-01V/cm J:8.7747e-02A/cm2 ğ›’:1.1064e+01ğ›€ cm
2023-03-23 14:31:54,871 INFO Measurement at current 0.0020226130653266334
2023-03-23 14:31:55,487 INFO T:272.81Â°K V:3.1730e-02V I:2.0226e-03A R:1.5688e+01ğ›€ E:9.7931e-01V/cm J:8.8517e-02A/cm2 ğ›’:1.1064e+01ğ›€ cm
2023-03-23 14:31:55,510 INFO Measurement at current 0.002040201005025126
2023-03-23 14:31:56,113 INFO T:272.81Â°K V:3.2005e-02V I:2.0402e-03A R:1.5687e+01ğ›€ E:9.8781e-01V/cm J:8.9287e-02A/cm2 ğ›’:1.1063e+01ğ›€ cm
2023-03-23 14:31:56,137 INFO Measurement at current 0.0020577889447236184
2023-03-23 14:31:56,730 INFO T:272.81Â°K V:3.2285e-02V I:2.0578e-03A R:1.5689e+01ğ›€ E:9.9645e-01V/cm J:9.0056e-02A/cm2 ğ›’:1.1065e+01ğ›€ cm
2023-03-23 14:31:56,765 INFO Measurement at current 0.0020753768844221105
2023-03-23 14:31:57,362 INFO T:272.81Â°K V:3.2560e-02V I:2.0754e-03A R:1.5689e+01ğ›€ E:1.0049e+00V/cm J:9.0826e-02A/cm2 ğ›’:1.1064e+01ğ›€ cm
2023-03-23 14:31:57,379 INFO Measurement at current 0.002092964824120603
2023-03-23 14:31:57,971 INFO T:272.81Â°K V:3.2835e-02V I:2.0930e-03A R:1.5688e+01ğ›€ E:1.0134e+00V/cm J:9.1596e-02A/cm2 ğ›’:1.1064e+01ğ›€ cm
2023-03-23 14:31:57,989 INFO Measurement at current 0.0021105527638190956
2023-03-23 14:31:58,583 INFO T:272.81Â°K V:3.3109e-02V I:2.1106e-03A R:1.5687e+01ğ›€ E:1.0219e+00V/cm J:9.2366e-02A/cm2 ğ›’:1.1063e+01ğ›€ cm
2023-03-23 14:31:58,604 INFO Measurement at current 0.002128140703517588
2023-03-23 14:31:59,196 INFO T:272.81Â°K V:3.3382e-02V I:2.1281e-03A R:1.5686e+01ğ›€ E:1.0303e+00V/cm J:9.3135e-02A/cm2 ğ›’:1.1062e+01ğ›€ cm
2023-03-23 14:31:59,219 INFO Measurement at current 0.0021457286432160806
2023-03-23 14:31:59,827 INFO T:272.81Â°K V:3.3655e-02V I:2.1457e-03A R:1.5685e+01ğ›€ E:1.0387e+00V/cm J:9.3905e-02A/cm2 ğ›’:1.1062e+01ğ›€ cm
2023-03-23 14:31:59,862 INFO Measurement at current 0.002163316582914573
2023-03-23 14:32:00,450 INFO T:272.81Â°K V:3.3938e-02V I:2.1633e-03A R:1.5688e+01ğ›€ E:1.0475e+00V/cm J:9.4675e-02A/cm2 ğ›’:1.1064e+01ğ›€ cm
2023-03-23 14:32:00,482 INFO Measurement at current 0.0021809045226130657
2023-03-23 14:32:01,112 INFO T:272.81Â°K V:3.4213e-02V I:2.1809e-03A R:1.5687e+01ğ›€ E:1.0559e+00V/cm J:9.5444e-02A/cm2 ğ›’:1.1064e+01ğ›€ cm
2023-03-23 14:32:01,140 INFO Measurement at current 0.0021984924623115578
2023-03-23 14:32:01,739 INFO T:272.81Â°K V:3.4484e-02V I:2.1985e-03A R:1.5685e+01ğ›€ E:1.0643e+00V/cm J:9.6214e-02A/cm2 ğ›’:1.1062e+01ğ›€ cm
2023-03-23 14:32:01,759 INFO Measurement at current 0.0022160804020100503
2023-03-23 14:32:02,409 INFO T:272.81Â°K V:3.4758e-02V I:2.2161e-03A R:1.5684e+01ğ›€ E:1.0728e+00V/cm J:9.6984e-02A/cm2 ğ›’:1.1061e+01ğ›€ cm
2023-03-23 14:32:02,429 INFO Measurement at current 0.002233668341708543
2023-03-23 14:32:03,019 INFO T:272.81Â°K V:3.5032e-02V I:2.2337e-03A R:1.5684e+01ğ›€ E:1.0812e+00V/cm J:9.7754e-02A/cm2 ğ›’:1.1061e+01ğ›€ cm
2023-03-23 14:32:03,035 INFO Measurement at current 0.0022512562814070354
2023-03-23 14:32:03,632 INFO T:272.81Â°K V:3.5316e-02V I:2.2513e-03A R:1.5687e+01ğ›€ E:1.0900e+00V/cm J:9.8523e-02A/cm2 ğ›’:1.1063e+01ğ›€ cm
2023-03-23 14:32:03,654 INFO Measurement at current 0.002268844221105528
2023-03-23 14:32:04,263 INFO T:272.81Â°K V:3.5588e-02V I:2.2688e-03A R:1.5686e+01ğ›€ E:1.0984e+00V/cm J:9.9293e-02A/cm2 ğ›’:1.1062e+01ğ›€ cm
2023-03-23 14:32:04,283 INFO Measurement at current 0.0022864321608040204
2023-03-23 14:32:04,887 INFO T:272.81Â°K V:3.5864e-02V I:2.2864e-03A R:1.5685e+01ğ›€ E:1.1069e+00V/cm J:1.0006e-01A/cm2 ğ›’:1.1062e+01ğ›€ cm
2023-03-23 14:32:04,910 INFO Measurement at current 0.002304020100502513
2023-03-23 14:32:05,498 INFO T:272.81Â°K V:3.6139e-02V I:2.3040e-03A R:1.5685e+01ğ›€ E:1.1154e+00V/cm J:1.0083e-01A/cm2 ğ›’:1.1062e+01ğ›€ cm
2023-03-23 14:32:05,515 INFO Measurement at current 0.002321608040201005
2023-03-23 14:32:06,122 INFO T:272.81Â°K V:3.6413e-02V I:2.3216e-03A R:1.5685e+01ğ›€ E:1.1239e+00V/cm J:1.0160e-01A/cm2 ğ›’:1.1061e+01ğ›€ cm
2023-03-23 14:32:06,183 INFO Measurement at current 0.0023391959798994976
2023-03-23 14:32:06,803 INFO T:272.81Â°K V:3.6687e-02V I:2.3392e-03A R:1.5684e+01ğ›€ E:1.1323e+00V/cm J:1.0237e-01A/cm2 ğ›’:1.1061e+01ğ›€ cm
2023-03-23 14:32:06,850 INFO Measurement at current 0.00235678391959799
2023-03-23 14:32:07,441 INFO T:272.81Â°K V:3.6968e-02V I:2.3568e-03A R:1.5686e+01ğ›€ E:1.1410e+00V/cm J:1.0314e-01A/cm2 ğ›’:1.1062e+01ğ›€ cm
2023-03-23 14:32:07,457 INFO Measurement at current 0.0023743718592964826
2023-03-23 14:32:08,042 INFO T:272.81Â°K V:3.7243e-02V I:2.3744e-03A R:1.5685e+01ğ›€ E:1.1495e+00V/cm J:1.0391e-01A/cm2 ğ›’:1.1062e+01ğ›€ cm
2023-03-23 14:32:08,057 INFO Measurement at current 0.002391959798994975
2023-03-23 14:32:08,654 INFO T:272.81Â°K V:3.7517e-02V I:2.3920e-03A R:1.5685e+01ğ›€ E:1.1579e+00V/cm J:1.0468e-01A/cm2 ğ›’:1.1062e+01ğ›€ cm
2023-03-23 14:32:08,691 INFO Measurement at current 0.0024095477386934677
2023-03-23 14:32:09,284 INFO T:272.81Â°K V:3.7793e-02V I:2.4095e-03A R:1.5685e+01ğ›€ E:1.1665e+00V/cm J:1.0545e-01A/cm2 ğ›’:1.1062e+01ğ›€ cm
2023-03-23 14:32:09,327 INFO Measurement at current 0.00242713567839196
2023-03-23 14:32:09,952 INFO T:272.81Â°K V:3.8067e-02V I:2.4271e-03A R:1.5684e+01ğ›€ E:1.1749e+00V/cm J:1.0622e-01A/cm2 ğ›’:1.1061e+01ğ›€ cm
2023-03-23 14:32:09,998 INFO Measurement at current 0.0024447236180904523
2023-03-23 14:32:10,589 INFO T:272.81Â°K V:3.8342e-02V I:2.4447e-03A R:1.5683e+01ğ›€ E:1.1834e+00V/cm J:1.0699e-01A/cm2 ğ›’:1.1061e+01ğ›€ cm
2023-03-23 14:32:10,609 INFO Measurement at current 0.002462311557788945
2023-03-23 14:32:11,197 INFO T:272.81Â°K V:3.8624e-02V I:2.4623e-03A R:1.5686e+01ğ›€ E:1.1921e+00V/cm J:1.0776e-01A/cm2 ğ›’:1.1062e+01ğ›€ cm
2023-03-23 14:32:11,214 INFO Measurement at current 0.0024798994974874373
2023-03-23 14:32:11,805 INFO T:272.81Â°K V:3.8899e-02V I:2.4799e-03A R:1.5686e+01ğ›€ E:1.2006e+00V/cm J:1.0853e-01A/cm2 ğ›’:1.1062e+01ğ›€ cm
2023-03-23 14:32:11,821 INFO Measurement at current 0.00249748743718593
2023-03-23 14:32:12,406 INFO T:272.81Â°K V:3.9171e-02V I:2.4975e-03A R:1.5684e+01ğ›€ E:1.2090e+00V/cm J:1.0930e-01A/cm2 ğ›’:1.1061e+01ğ›€ cm
2023-03-23 14:32:12,433 INFO Measurement at current 0.0025150753768844224
2023-03-23 14:32:13,018 INFO T:272.81Â°K V:3.9446e-02V I:2.5151e-03A R:1.5684e+01ğ›€ E:1.2175e+00V/cm J:1.1007e-01A/cm2 ğ›’:1.1061e+01ğ›€ cm
2023-03-23 14:32:13,034 INFO Measurement at current 0.002532663316582915
2023-03-23 14:32:13,634 INFO T:272.81Â°K V:3.9721e-02V I:2.5327e-03A R:1.5684e+01ğ›€ E:1.2260e+00V/cm J:1.1084e-01A/cm2 ğ›’:1.1061e+01ğ›€ cm
2023-03-23 14:32:13,652 INFO Measurement at current 0.002550251256281407
2023-03-23 14:32:14,251 INFO T:272.81Â°K V:4.0003e-02V I:2.5503e-03A R:1.5686e+01ğ›€ E:1.2347e+00V/cm J:1.1161e-01A/cm2 ğ›’:1.1062e+01ğ›€ cm
2023-03-23 14:32:14,268 INFO Measurement at current 0.0025678391959798996
2023-03-23 14:32:14,864 INFO T:272.81Â°K V:4.0277e-02V I:2.5678e-03A R:1.5685e+01ğ›€ E:1.2431e+00V/cm J:1.1238e-01A/cm2 ğ›’:1.1062e+01ğ›€ cm
2023-03-23 14:32:14,882 INFO Measurement at current 0.002585427135678392
2023-03-23 14:32:15,469 INFO T:272.81Â°K V:4.0552e-02V I:2.5854e-03A R:1.5685e+01ğ›€ E:1.2516e+00V/cm J:1.1315e-01A/cm2 ğ›’:1.1062e+01ğ›€ cm
2023-03-23 14:32:15,488 INFO Measurement at current 0.0026030150753768846
2023-03-23 14:32:16,089 INFO T:272.81Â°K V:4.0827e-02V I:2.6030e-03A R:1.5685e+01ğ›€ E:1.2601e+00V/cm J:1.1392e-01A/cm2 ğ›’:1.1062e+01ğ›€ cm
2023-03-23 14:32:16,111 INFO Measurement at current 0.002620603015075377
2023-03-23 14:32:16,716 INFO T:272.81Â°K V:4.1104e-02V I:2.6206e-03A R:1.5685e+01ğ›€ E:1.2686e+00V/cm J:1.1469e-01A/cm2 ğ›’:1.1062e+01ğ›€ cm
2023-03-23 14:32:16,740 INFO Measurement at current 0.0026381909547738697
2023-03-23 14:32:17,329 INFO T:272.81Â°K V:4.1377e-02V I:2.6382e-03A R:1.5684e+01ğ›€ E:1.2771e+00V/cm J:1.1546e-01A/cm2 ğ›’:1.1061e+01ğ›€ cm
2023-03-23 14:32:17,347 INFO Measurement at current 0.002655778894472362
2023-03-23 14:32:17,933 INFO T:272.81Â°K V:4.1660e-02V I:2.6558e-03A R:1.5687e+01ğ›€ E:1.2858e+00V/cm J:1.1623e-01A/cm2 ğ›’:1.1063e+01ğ›€ cm
2023-03-23 14:32:17,953 INFO Measurement at current 0.0026733668341708543
2023-03-23 14:32:18,541 INFO T:272.81Â°K V:4.1935e-02V I:2.6734e-03A R:1.5686e+01ğ›€ E:1.2943e+00V/cm J:1.1700e-01A/cm2 ğ›’:1.1063e+01ğ›€ cm
2023-03-23 14:32:18,557 INFO Measurement at current 0.002690954773869347
2023-03-23 14:32:19,153 INFO T:272.81Â°K V:4.2210e-02V I:2.6910e-03A R:1.5686e+01ğ›€ E:1.3028e+00V/cm J:1.1777e-01A/cm2 ğ›’:1.1062e+01ğ›€ cm
2023-03-23 14:32:19,172 INFO Measurement at current 0.0027085427135678393
2023-03-23 14:32:19,769 INFO T:272.81Â°K V:4.2483e-02V I:2.7085e-03A R:1.5685e+01ğ›€ E:1.3112e+00V/cm J:1.1854e-01A/cm2 ğ›’:1.1062e+01ğ›€ cm
2023-03-23 14:32:19,792 INFO Measurement at current 0.002726130653266332
2023-03-23 14:32:20,384 INFO T:272.81Â°K V:4.2759e-02V I:2.7261e-03A R:1.5685e+01ğ›€ E:1.3197e+00V/cm J:1.1931e-01A/cm2 ğ›’:1.1062e+01ğ›€ cm
2023-03-23 14:32:20,399 INFO Measurement at current 0.0027437185929648244
2023-03-23 14:32:20,991 INFO T:272.81Â°K V:4.3035e-02V I:2.7437e-03A R:1.5685e+01ğ›€ E:1.3282e+00V/cm J:1.2008e-01A/cm2 ğ›’:1.1062e+01ğ›€ cm
2023-03-23 14:32:21,008 INFO Measurement at current 0.002761306532663317
2023-03-23 14:32:21,598 INFO T:272.81Â°K V:4.3318e-02V I:2.7613e-03A R:1.5688e+01ğ›€ E:1.3370e+00V/cm J:1.2084e-01A/cm2 ğ›’:1.1064e+01ğ›€ cm
2023-03-23 14:32:21,616 INFO Measurement at current 0.0027788944723618095
2023-03-23 14:32:22,205 INFO T:272.81Â°K V:4.3591e-02V I:2.7789e-03A R:1.5686e+01ğ›€ E:1.3454e+00V/cm J:1.2161e-01A/cm2 ğ›’:1.1063e+01ğ›€ cm
2023-03-23 14:32:22,221 INFO Measurement at current 0.0027964824120603016
2023-03-23 14:32:22,814 INFO T:272.81Â°K V:4.3866e-02V I:2.7965e-03A R:1.5686e+01ğ›€ E:1.3539e+00V/cm J:1.2238e-01A/cm2 ğ›’:1.1063e+01ğ›€ cm
2023-03-23 14:32:22,835 INFO Measurement at current 0.002814070351758794
2023-03-23 14:32:23,458 INFO T:272.81Â°K V:4.4142e-02V I:2.8141e-03A R:1.5686e+01ğ›€ E:1.3624e+00V/cm J:1.2315e-01A/cm2 ğ›’:1.1063e+01ğ›€ cm
2023-03-23 14:32:23,490 INFO Measurement at current 0.0028316582914572866
2023-03-23 14:32:24,111 INFO T:272.81Â°K V:4.4418e-02V I:2.8317e-03A R:1.5686e+01ğ›€ E:1.3709e+00V/cm J:1.2392e-01A/cm2 ğ›’:1.1063e+01ğ›€ cm
2023-03-23 14:32:24,131 INFO Measurement at current 0.002849246231155779
2023-03-23 14:32:24,737 INFO T:272.81Â°K V:4.4690e-02V I:2.8492e-03A R:1.5685e+01ğ›€ E:1.3793e+00V/cm J:1.2469e-01A/cm2 ğ›’:1.1062e+01ğ›€ cm
2023-03-23 14:32:24,775 INFO Measurement at current 0.0028668341708542717
2023-03-23 14:32:25,381 INFO T:272.81Â°K V:4.4975e-02V I:2.8668e-03A R:1.5688e+01ğ›€ E:1.3881e+00V/cm J:1.2546e-01A/cm2 ğ›’:1.1064e+01ğ›€ cm
2023-03-23 14:32:25,401 INFO Measurement at current 0.002884422110552764
2023-03-23 14:32:25,989 INFO T:272.81Â°K V:4.5251e-02V I:2.8844e-03A R:1.5688e+01ğ›€ E:1.3967e+00V/cm J:1.2623e-01A/cm2 ğ›’:1.1064e+01ğ›€ cm
2023-03-23 14:32:26,075 INFO Measurement at current 0.0029020100502512567
2023-03-23 14:32:26,688 INFO T:272.81Â°K V:4.5528e-02V I:2.9020e-03A R:1.5688e+01ğ›€ E:1.4052e+00V/cm J:1.2700e-01A/cm2 ğ›’:1.1064e+01ğ›€ cm
2023-03-23 14:32:26,707 INFO Measurement at current 0.002919597989949749
2023-03-23 14:32:27,330 INFO T:272.81Â°K V:4.5804e-02V I:2.9196e-03A R:1.5688e+01ğ›€ E:1.4137e+00V/cm J:1.2777e-01A/cm2 ğ›’:1.1064e+01ğ›€ cm
2023-03-23 14:32:27,346 INFO Measurement at current 0.0029371859296482413
2023-03-23 14:32:27,940 INFO T:272.81Â°K V:4.6077e-02V I:2.9372e-03A R:1.5687e+01ğ›€ E:1.4221e+00V/cm J:1.2854e-01A/cm2 ğ›’:1.1064e+01ğ›€ cm
2023-03-23 14:32:27,956 INFO Measurement at current 0.002954773869346734
2023-03-23 14:32:28,544 INFO T:272.81Â°K V:4.6361e-02V I:2.9548e-03A R:1.5690e+01ğ›€ E:1.4309e+00V/cm J:1.2931e-01A/cm2 ğ›’:1.1066e+01ğ›€ cm
2023-03-23 14:32:28,560 INFO Measurement at current 0.0029723618090452264
2023-03-23 14:32:29,151 INFO T:272.81Â°K V:4.6637e-02V I:2.9724e-03A R:1.5690e+01ğ›€ E:1.4394e+00V/cm J:1.3008e-01A/cm2 ğ›’:1.1065e+01ğ›€ cm
2023-03-23 14:32:29,176 INFO Measurement at current 0.002989949748743719
2023-03-23 14:32:29,781 INFO T:272.81Â°K V:4.6911e-02V I:2.9899e-03A R:1.5690e+01ğ›€ E:1.4479e+00V/cm J:1.3085e-01A/cm2 ğ›’:1.1065e+01ğ›€ cm
2023-03-23 14:32:29,816 INFO Measurement at current 0.0030075376884422115
2023-03-23 14:32:30,418 INFO T:272.81Â°K V:4.7186e-02V I:3.0075e-03A R:1.5689e+01ğ›€ E:1.4563e+00V/cm J:1.3162e-01A/cm2 ğ›’:1.1065e+01ğ›€ cm
2023-03-23 14:32:30,440 INFO Measurement at current 0.0030251256281407036
2023-03-23 14:32:31,028 INFO T:272.81Â°K V:4.7461e-02V I:3.0251e-03A R:1.5689e+01ğ›€ E:1.4649e+00V/cm J:1.3239e-01A/cm2 ğ›’:1.1065e+01ğ›€ cm
2023-03-23 14:32:31,051 INFO Measurement at current 0.003042713567839196
2023-03-23 14:32:31,656 INFO T:272.81Â°K V:4.7736e-02V I:3.0427e-03A R:1.5689e+01ğ›€ E:1.4733e+00V/cm J:1.3316e-01A/cm2 ğ›’:1.1064e+01ğ›€ cm
2023-03-23 14:32:31,674 INFO Measurement at current 0.0030603015075376886
2023-03-23 14:32:32,281 INFO T:272.81Â°K V:4.8019e-02V I:3.0603e-03A R:1.5691e+01ğ›€ E:1.4821e+00V/cm J:1.3393e-01A/cm2 ğ›’:1.1066e+01ğ›€ cm
2023-03-23 14:32:32,301 INFO Measurement at current 0.003077889447236181
2023-03-23 14:32:32,899 INFO T:272.81Â°K V:4.8293e-02V I:3.0779e-03A R:1.5690e+01ğ›€ E:1.4905e+00V/cm J:1.3470e-01A/cm2 ğ›’:1.1065e+01ğ›€ cm
2023-03-23 14:32:32,923 INFO Measurement at current 0.0030954773869346737
2023-03-23 14:32:33,534 INFO T:272.80Â°K V:4.8569e-02V I:3.0955e-03A R:1.5690e+01ğ›€ E:1.4990e+00V/cm J:1.3547e-01A/cm2 ğ›’:1.1065e+01ğ›€ cm
2023-03-23 14:32:33,561 INFO Measurement at current 0.003113065326633166
2023-03-23 14:32:34,147 INFO T:272.80Â°K V:4.8843e-02V I:3.1131e-03A R:1.5690e+01ğ›€ E:1.5075e+00V/cm J:1.3624e-01A/cm2 ğ›’:1.1065e+01ğ›€ cm
2023-03-23 14:32:34,163 INFO Measurement at current 0.0031306532663316587
2023-03-23 14:32:34,757 INFO T:272.81Â°K V:4.9118e-02V I:3.1307e-03A R:1.5689e+01ğ›€ E:1.5160e+00V/cm J:1.3701e-01A/cm2 ğ›’:1.1065e+01ğ›€ cm
2023-03-23 14:32:34,775 INFO Measurement at current 0.003148241206030151
2023-03-23 14:32:35,371 INFO T:272.80Â°K V:4.9390e-02V I:3.1482e-03A R:1.5688e+01ğ›€ E:1.5244e+00V/cm J:1.3778e-01A/cm2 ğ›’:1.1064e+01ğ›€ cm
2023-03-23 14:32:35,386 INFO Measurement at current 0.0031658291457286433
2023-03-23 14:32:35,979 INFO T:272.80Â°K V:4.9673e-02V I:3.1658e-03A R:1.5690e+01ğ›€ E:1.5331e+00V/cm J:1.3855e-01A/cm2 ğ›’:1.1066e+01ğ›€ cm
2023-03-23 14:32:36,010 INFO Measurement at current 0.003183417085427136
2023-03-23 14:32:36,596 INFO T:272.80Â°K V:4.9948e-02V I:3.1834e-03A R:1.5690e+01ğ›€ E:1.5416e+00V/cm J:1.3932e-01A/cm2 ğ›’:1.1065e+01ğ›€ cm
2023-03-23 14:32:36,621 INFO Measurement at current 0.0032010050251256284
2023-03-23 14:32:37,211 INFO T:272.80Â°K V:5.0223e-02V I:3.2010e-03A R:1.5690e+01ğ›€ E:1.5501e+00V/cm J:1.4009e-01A/cm2 ğ›’:1.1065e+01ğ›€ cm
2023-03-23 14:32:37,232 INFO Measurement at current 0.003218592964824121
2023-03-23 14:32:37,825 INFO T:272.80Â°K V:5.0496e-02V I:3.2186e-03A R:1.5689e+01ğ›€ E:1.5585e+00V/cm J:1.4086e-01A/cm2 ğ›’:1.1064e+01ğ›€ cm
2023-03-23 14:32:37,844 INFO Measurement at current 0.0032361809045226135
2023-03-23 14:32:38,461 INFO T:272.80Â°K V:5.0772e-02V I:3.2362e-03A R:1.5689e+01ğ›€ E:1.5670e+00V/cm J:1.4163e-01A/cm2 ğ›’:1.1065e+01ğ›€ cm
2023-03-23 14:32:38,508 INFO Measurement at current 0.003253768844221106
2023-03-23 14:32:39,098 INFO T:272.80Â°K V:5.1058e-02V I:3.2538e-03A R:1.5692e+01ğ›€ E:1.5759e+00V/cm J:1.4240e-01A/cm2 ğ›’:1.1067e+01ğ›€ cm
2023-03-23 14:32:39,141 INFO Measurement at current 0.003271356783919598
2023-03-23 14:32:39,739 INFO T:272.80Â°K V:5.1333e-02V I:3.2714e-03A R:1.5692e+01ğ›€ E:1.5844e+00V/cm J:1.4317e-01A/cm2 ğ›’:1.1066e+01ğ›€ cm
2023-03-23 14:32:39,758 INFO Measurement at current 0.0032889447236180906
2023-03-23 14:32:40,358 INFO T:272.80Â°K V:5.1606e-02V I:3.2889e-03A R:1.5691e+01ğ›€ E:1.5928e+00V/cm J:1.4394e-01A/cm2 ğ›’:1.1066e+01ğ›€ cm
2023-03-23 14:32:40,372 INFO Measurement at current 0.003306532663316583
2023-03-23 14:32:40,972 INFO T:272.80Â°K V:5.1881e-02V I:3.3065e-03A R:1.5690e+01ğ›€ E:1.6013e+00V/cm J:1.4471e-01A/cm2 ğ›’:1.1066e+01ğ›€ cm
2023-03-23 14:32:40,994 INFO Measurement at current 0.0033241206030150757
2023-03-23 14:32:41,582 INFO T:272.80Â°K V:5.2157e-02V I:3.3241e-03A R:1.5690e+01ğ›€ E:1.6098e+00V/cm J:1.4548e-01A/cm2 ğ›’:1.1066e+01ğ›€ cm
2023-03-23 14:32:41,620 INFO Measurement at current 0.003341708542713568
2023-03-23 14:32:42,221 INFO T:272.80Â°K V:5.2432e-02V I:3.3417e-03A R:1.5690e+01ğ›€ E:1.6183e+00V/cm J:1.4625e-01A/cm2 ğ›’:1.1065e+01ğ›€ cm
2023-03-23 14:32:42,250 INFO Measurement at current 0.0033592964824120607
2023-03-23 14:32:42,879 INFO T:272.80Â°K V:5.2713e-02V I:3.3593e-03A R:1.5692e+01ğ›€ E:1.6270e+00V/cm J:1.4702e-01A/cm2 ğ›’:1.1067e+01ğ›€ cm
2023-03-23 14:32:42,920 INFO Measurement at current 0.0033768844221105532
2023-03-23 14:32:43,532 INFO T:272.80Â°K V:5.2988e-02V I:3.3769e-03A R:1.5691e+01ğ›€ E:1.6354e+00V/cm J:1.4778e-01A/cm2 ğ›’:1.1066e+01ğ›€ cm
2023-03-23 14:32:43,557 INFO Measurement at current 0.0033944723618090453
2023-03-23 14:32:44,168 INFO T:272.80Â°K V:5.3264e-02V I:3.3945e-03A R:1.5691e+01ğ›€ E:1.6440e+00V/cm J:1.4855e-01A/cm2 ğ›’:1.1066e+01ğ›€ cm
2023-03-23 14:32:44,183 INFO Measurement at current 0.003412060301507538
2023-03-23 14:32:44,816 INFO T:272.80Â°K V:5.3539e-02V I:3.4121e-03A R:1.5691e+01ğ›€ E:1.6524e+00V/cm J:1.4932e-01A/cm2 ğ›’:1.1066e+01ğ›€ cm
2023-03-23 14:32:44,842 INFO Measurement at current 0.0034296482412060304
2023-03-23 14:32:45,444 INFO T:272.80Â°K V:5.3815e-02V I:3.4296e-03A R:1.5691e+01ğ›€ E:1.6610e+00V/cm J:1.5009e-01A/cm2 ğ›’:1.1066e+01ğ›€ cm
2023-03-23 14:32:45,464 INFO Measurement at current 0.003447236180904523
2023-03-23 14:32:46,060 INFO T:272.80Â°K V:5.4087e-02V I:3.4472e-03A R:1.5690e+01ğ›€ E:1.6694e+00V/cm J:1.5086e-01A/cm2 ğ›’:1.1065e+01ğ›€ cm
2023-03-23 14:32:46,089 INFO Measurement at current 0.0034648241206030155
2023-03-23 14:32:46,694 INFO T:272.80Â°K V:5.4372e-02V I:3.4648e-03A R:1.5693e+01ğ›€ E:1.6781e+00V/cm J:1.5163e-01A/cm2 ğ›’:1.1067e+01ğ›€ cm
2023-03-23 14:32:46,715 INFO Measurement at current 0.003482412060301508
2023-03-23 14:32:47,317 INFO T:272.80Â°K V:5.4646e-02V I:3.4824e-03A R:1.5692e+01ğ›€ E:1.6866e+00V/cm J:1.5240e-01A/cm2 ğ›’:1.1067e+01ğ›€ cm
2023-03-23 14:32:47,349 INFO Measurement at current 0.0035
2023-03-23 14:32:47,941 INFO T:272.80Â°K V:5.4922e-02V I:3.5000e-03A R:1.5692e+01ğ›€ E:1.6951e+00V/cm J:1.5317e-01A/cm2 ğ›’:1.1067e+01ğ›€ cm
2023-03-23 14:32:58,007 INFO Save the description file
2023-03-23 14:32:58,012 INFO Save data in numpy format Esperimenti/CPRO_MUSA_230323_bis/CPRO_MUSA_230323_bis_current_from_0_to_35e-4A/CPRO_MUSA_230323_bis_current_from_0_to_35e-4A-20230323143256
2023-03-23 14:32:58,039 INFO Save data in CSV format Esperimenti/CPRO_MUSA_230323_bis/CPRO_MUSA_230323_bis_current_from_0_to_35e-4A/CPRO_MUSA_230323_bis_current_from_0_to_35e-4A-20230323143256.csv
2023-03-23 14:32:58,058 INFO Save plot as image Esperimenti/CPRO_MUSA_230323_bis/CPRO_MUSA_230323_bis_current_from_0_to_35e-4A/CPRO_MUSA_230323_bis_current_from_0_to_35e-4A-20230323143256.png
