2023-03-23 15:31:30,815 INFO ### Start experiment: CPRO_MUSA_230323_bis current from 0 to 35e-4A ###
2023-03-23 15:31:32,162 INFO Found Multimeter KEITHLEY INSTRUMENTS INC.,MODEL 2700,0884890,B03  /A02  

2023-03-23 15:31:33,186 INFO Found Nanovolt Meter KEITHLEY INSTRUMENTS INC.,MODEL 2182A,4056474,C03  /A02  

2023-03-23 15:31:33,297 INFO Found Source Meter KEITHLEY INSTRUMENTS INC.,MODEL 2400,0945684,C24   Feb 14 2002 11:59:45/A02  /K/H

2023-03-23 15:31:33,416 INFO Start the measurement loop
2023-03-23 15:31:43,785 INFO Measurement at current 0.0
2023-03-23 15:31:44,719 INFO T:251.25Â°K V:2.7609e-05V I:0.0000e+00A R:infğ›€ E:8.5213e-04V/cm J:0.0000e+00A/cm2 ğ›’:infğ›€ cm
2023-03-23 15:31:44,740 INFO Measurement at current 1.7587939698492464e-05
2023-03-23 15:31:45,338 INFO T:251.24Â°K V:4.4765e-04V I:1.7588e-05A R:2.5452e+01ğ›€ E:1.3816e-02V/cm J:7.6971e-04A/cm2 ğ›’:1.7950e+01ğ›€ cm
2023-03-23 15:31:45,357 INFO Measurement at current 3.517587939698493e-05
2023-03-23 15:31:45,952 INFO T:251.24Â°K V:8.6752e-04V I:3.5176e-05A R:2.4662e+01ğ›€ E:2.6775e-02V/cm J:1.5394e-03A/cm2 ğ›’:1.7393e+01ğ›€ cm
2023-03-23 15:31:45,974 INFO Measurement at current 5.2763819095477394e-05
2023-03-23 15:31:46,577 INFO T:251.24Â°K V:1.2877e-03V I:5.2764e-05A R:2.4404e+01ğ›€ E:3.9743e-02V/cm J:2.3091e-03A/cm2 ğ›’:1.7211e+01ğ›€ cm
2023-03-23 15:31:46,599 INFO Measurement at current 7.035175879396985e-05
2023-03-23 15:31:47,203 INFO T:251.23Â°K V:1.7079e-03V I:7.0352e-05A R:2.4277e+01ğ›€ E:5.2714e-02V/cm J:3.0789e-03A/cm2 ğ›’:1.7121e+01ğ›€ cm
2023-03-23 15:31:47,222 INFO Measurement at current 8.793969849246232e-05
2023-03-23 15:31:47,826 INFO T:251.23Â°K V:2.1286e-03V I:8.7940e-05A R:2.4205e+01ğ›€ E:6.5696e-02V/cm J:3.8486e-03A/cm2 ğ›’:1.7070e+01ğ›€ cm
2023-03-23 15:31:47,846 INFO Measurement at current 0.00010552763819095479
2023-03-23 15:31:48,438 INFO T:251.22Â°K V:2.5497e-03V I:1.0553e-04A R:2.4162e+01ğ›€ E:7.8696e-02V/cm J:4.6183e-03A/cm2 ğ›’:1.7040e+01ğ›€ cm
2023-03-23 15:31:48,461 INFO Measurement at current 0.00012311557788944724
2023-03-23 15:31:49,055 INFO T:251.22Â°K V:2.9689e-03V I:1.2312e-04A R:2.4115e+01ğ›€ E:9.1634e-02V/cm J:5.3880e-03A/cm2 ğ›’:1.7007e+01ğ›€ cm
2023-03-23 15:31:49,080 INFO Measurement at current 0.0001407035175879397
2023-03-23 15:31:49,680 INFO T:251.22Â°K V:3.3889e-03V I:1.4070e-04A R:2.4086e+01ğ›€ E:1.0460e-01V/cm J:6.1577e-03A/cm2 ğ›’:1.6986e+01ğ›€ cm
2023-03-23 15:31:49,698 INFO Measurement at current 0.00015829145728643218
2023-03-23 15:31:50,296 INFO T:251.21Â°K V:3.8107e-03V I:1.5829e-04A R:2.4074e+01ğ›€ E:1.1761e-01V/cm J:6.9274e-03A/cm2 ğ›’:1.6978e+01ğ›€ cm
2023-03-23 15:31:50,316 INFO Measurement at current 0.00017587939698492463
2023-03-23 15:31:50,913 INFO T:251.21Â°K V:4.2317e-03V I:1.7588e-04A R:2.4060e+01ğ›€ E:1.3061e-01V/cm J:7.6971e-03A/cm2 ğ›’:1.6969e+01ğ›€ cm
2023-03-23 15:31:50,931 INFO Measurement at current 0.0001934673366834171
2023-03-23 15:31:51,538 INFO T:251.21Â°K V:4.6520e-03V I:1.9347e-04A R:2.4045e+01ğ›€ E:1.4358e-01V/cm J:8.4668e-03A/cm2 ğ›’:1.6958e+01ğ›€ cm
2023-03-23 15:31:51,556 INFO Measurement at current 0.00021105527638190958
2023-03-23 15:31:52,157 INFO T:251.20Â°K V:5.0728e-03V I:2.1106e-04A R:2.4035e+01ğ›€ E:1.5657e-01V/cm J:9.2366e-03A/cm2 ğ›’:1.6951e+01ğ›€ cm
2023-03-23 15:31:52,179 INFO Measurement at current 0.00022864321608040202
2023-03-23 15:31:52,780 INFO T:251.20Â°K V:5.4938e-03V I:2.2864e-04A R:2.4028e+01ğ›€ E:1.6956e-01V/cm J:1.0006e-02A/cm2 ğ›’:1.6945e+01ğ›€ cm
2023-03-23 15:31:52,797 INFO Measurement at current 0.00024623115577889447
2023-03-23 15:31:53,396 INFO T:251.20Â°K V:5.9156e-03V I:2.4623e-04A R:2.4025e+01ğ›€ E:1.8258e-01V/cm J:1.0776e-02A/cm2 ğ›’:1.6943e+01ğ›€ cm
2023-03-23 15:31:53,418 INFO Measurement at current 0.00026381909547738695
2023-03-23 15:31:54,009 INFO T:251.19Â°K V:6.3361e-03V I:2.6382e-04A R:2.4017e+01ğ›€ E:1.9556e-01V/cm J:1.1546e-02A/cm2 ğ›’:1.6938e+01ğ›€ cm
2023-03-23 15:31:54,022 INFO Measurement at current 0.0002814070351758794
2023-03-23 15:31:54,609 INFO T:251.19Â°K V:6.7579e-03V I:2.8141e-04A R:2.4015e+01ğ›€ E:2.0858e-01V/cm J:1.2315e-02A/cm2 ğ›’:1.6936e+01ğ›€ cm
2023-03-23 15:31:54,626 INFO Measurement at current 0.0002989949748743719
2023-03-23 15:31:55,217 INFO T:251.19Â°K V:7.1792e-03V I:2.9899e-04A R:2.4011e+01ğ›€ E:2.2158e-01V/cm J:1.3085e-02A/cm2 ğ›’:1.6934e+01ğ›€ cm
2023-03-23 15:31:55,240 INFO Measurement at current 0.00031658291457286437
2023-03-23 15:31:55,843 INFO T:251.18Â°K V:7.6014e-03V I:3.1658e-04A R:2.4011e+01ğ›€ E:2.3461e-01V/cm J:1.3855e-02A/cm2 ğ›’:1.6934e+01ğ›€ cm
2023-03-23 15:31:55,858 INFO Measurement at current 0.0003341708542713568
2023-03-23 15:31:56,454 INFO T:251.18Â°K V:8.0212e-03V I:3.3417e-04A R:2.4003e+01ğ›€ E:2.4757e-01V/cm J:1.4625e-02A/cm2 ğ›’:1.6928e+01ğ›€ cm
2023-03-23 15:31:56,482 INFO Measurement at current 0.00035175879396984926
2023-03-23 15:31:57,083 INFO T:251.18Â°K V:8.4426e-03V I:3.5176e-04A R:2.4001e+01ğ›€ E:2.6057e-01V/cm J:1.5394e-02A/cm2 ğ›’:1.6927e+01ğ›€ cm
2023-03-23 15:31:57,108 INFO Measurement at current 0.00036934673366834173
2023-03-23 15:31:57,699 INFO T:251.17Â°K V:8.8640e-03V I:3.6935e-04A R:2.3999e+01ğ›€ E:2.7358e-01V/cm J:1.6164e-02A/cm2 ğ›’:1.6925e+01ğ›€ cm
2023-03-23 15:31:57,721 INFO Measurement at current 0.0003869346733668342
2023-03-23 15:31:58,324 INFO T:251.17Â°K V:9.2873e-03V I:3.8693e-04A R:2.4002e+01ğ›€ E:2.8665e-01V/cm J:1.6934e-02A/cm2 ğ›’:1.6928e+01ğ›€ cm
2023-03-23 15:31:58,363 INFO Measurement at current 0.0004045226130653267
2023-03-23 15:31:58,961 INFO T:251.17Â°K V:9.7073e-03V I:4.0452e-04A R:2.3997e+01ğ›€ E:2.9961e-01V/cm J:1.7703e-02A/cm2 ğ›’:1.6924e+01ğ›€ cm
2023-03-23 15:31:58,991 INFO Measurement at current 0.00042211055276381916
2023-03-23 15:31:59,592 INFO T:251.16Â°K V:1.0130e-02V I:4.2211e-04A R:2.3999e+01ğ›€ E:3.1267e-01V/cm J:1.8473e-02A/cm2 ğ›’:1.6925e+01ğ›€ cm
2023-03-23 15:31:59,622 INFO Measurement at current 0.0004396984924623116
2023-03-23 15:32:00,247 INFO T:251.16Â°K V:1.0553e-02V I:4.3970e-04A R:2.4000e+01ğ›€ E:3.2570e-01V/cm J:1.9243e-02A/cm2 ğ›’:1.6926e+01ğ›€ cm
2023-03-23 15:32:00,266 INFO Measurement at current 0.00045728643216080405
2023-03-23 15:32:00,864 INFO T:251.16Â°K V:1.0975e-02V I:4.5729e-04A R:2.4000e+01ğ›€ E:3.3872e-01V/cm J:2.0013e-02A/cm2 ğ›’:1.6926e+01ğ›€ cm
2023-03-23 15:32:00,890 INFO Measurement at current 0.0004748743718592965
2023-03-23 15:32:01,494 INFO T:251.15Â°K V:1.1395e-02V I:4.7487e-04A R:2.3996e+01ğ›€ E:3.5170e-01V/cm J:2.0782e-02A/cm2 ğ›’:1.6923e+01ğ›€ cm
2023-03-23 15:32:01,510 INFO Measurement at current 0.0004924623115577889
2023-03-23 15:32:02,102 INFO T:251.15Â°K V:1.1818e-02V I:4.9246e-04A R:2.3998e+01ğ›€ E:3.6476e-01V/cm J:2.1552e-02A/cm2 ğ›’:1.6925e+01ğ›€ cm
2023-03-23 15:32:02,123 INFO Measurement at current 0.0005100502512562815
2023-03-23 15:32:03,554 INFO T:251.14Â°K V:1.2239e-02V I:5.1005e-04A R:2.3995e+01ğ›€ E:3.7773e-01V/cm J:2.2322e-02A/cm2 ğ›’:1.6922e+01ğ›€ cm
2023-03-23 15:32:03,574 INFO Measurement at current 0.0005276381909547739
2023-03-23 15:32:04,159 INFO T:251.14Â°K V:1.2658e-02V I:5.2764e-04A R:2.3990e+01ğ›€ E:3.9068e-01V/cm J:2.3091e-02A/cm2 ğ›’:1.6919e+01ğ›€ cm
2023-03-23 15:32:04,181 INFO Measurement at current 0.0005452261306532664
2023-03-23 15:32:04,777 INFO T:251.14Â°K V:1.3081e-02V I:5.4523e-04A R:2.3993e+01ğ›€ E:4.0375e-01V/cm J:2.3861e-02A/cm2 ğ›’:1.6921e+01ğ›€ cm
2023-03-23 15:32:04,792 INFO Measurement at current 0.0005628140703517588
2023-03-23 15:32:05,380 INFO T:251.13Â°K V:1.3501e-02V I:5.6281e-04A R:2.3989e+01ğ›€ E:4.1670e-01V/cm J:2.4631e-02A/cm2 ğ›’:1.6918e+01ğ›€ cm
2023-03-23 15:32:05,408 INFO Measurement at current 0.0005804020100502513
2023-03-23 15:32:06,012 INFO T:251.13Â°K V:1.3925e-02V I:5.8040e-04A R:2.3992e+01ğ›€ E:4.2979e-01V/cm J:2.5401e-02A/cm2 ğ›’:1.6920e+01ğ›€ cm
2023-03-23 15:32:06,049 INFO Measurement at current 0.0005979899497487438
2023-03-23 15:32:06,647 INFO T:251.13Â°K V:1.4348e-02V I:5.9799e-04A R:2.3993e+01ğ›€ E:4.4283e-01V/cm J:2.6170e-02A/cm2 ğ›’:1.6921e+01ğ›€ cm
2023-03-23 15:32:06,665 INFO Measurement at current 0.0006155778894472362
2023-03-23 15:32:07,289 INFO T:251.12Â°K V:1.4769e-02V I:6.1558e-04A R:2.3992e+01ğ›€ E:4.5582e-01V/cm J:2.6940e-02A/cm2 ğ›’:1.6920e+01ğ›€ cm
2023-03-23 15:32:07,315 INFO Measurement at current 0.0006331658291457287
2023-03-23 15:32:07,905 INFO T:251.12Â°K V:1.5192e-02V I:6.3317e-04A R:2.3994e+01ğ›€ E:4.6889e-01V/cm J:2.7710e-02A/cm2 ğ›’:1.6921e+01ğ›€ cm
2023-03-23 15:32:07,928 INFO Measurement at current 0.0006507537688442212
2023-03-23 15:32:08,520 INFO T:251.12Â°K V:1.5613e-02V I:6.5075e-04A R:2.3992e+01ğ›€ E:4.8189e-01V/cm J:2.8479e-02A/cm2 ğ›’:1.6921e+01ğ›€ cm
2023-03-23 15:32:08,544 INFO Measurement at current 0.0006683417085427136
2023-03-23 15:32:09,152 INFO T:251.11Â°K V:1.6036e-02V I:6.6834e-04A R:2.3994e+01ğ›€ E:4.9494e-01V/cm J:2.9249e-02A/cm2 ğ›’:1.6922e+01ğ›€ cm
2023-03-23 15:32:09,188 INFO Measurement at current 0.0006859296482412061
2023-03-23 15:32:09,790 INFO T:251.11Â°K V:1.6456e-02V I:6.8593e-04A R:2.3991e+01ğ›€ E:5.0790e-01V/cm J:3.0019e-02A/cm2 ğ›’:1.6919e+01ğ›€ cm
2023-03-23 15:32:09,808 INFO Measurement at current 0.0007035175879396985
2023-03-23 15:32:10,394 INFO T:251.11Â°K V:1.6879e-02V I:7.0352e-04A R:2.3992e+01ğ›€ E:5.2095e-01V/cm J:3.0789e-02A/cm2 ğ›’:1.6920e+01ğ›€ cm
2023-03-23 15:32:10,421 INFO Measurement at current 0.000721105527638191
2023-03-23 15:32:11,011 INFO T:251.10Â°K V:1.7304e-02V I:7.2111e-04A R:2.3996e+01ğ›€ E:5.3407e-01V/cm J:3.1558e-02A/cm2 ğ›’:1.6923e+01ğ›€ cm
2023-03-23 15:32:11,028 INFO Measurement at current 0.0007386934673366835
2023-03-23 15:32:11,630 INFO T:251.10Â°K V:1.7728e-02V I:7.3869e-04A R:2.3999e+01ğ›€ E:5.4715e-01V/cm J:3.2328e-02A/cm2 ğ›’:1.6925e+01ğ›€ cm
2023-03-23 15:32:11,677 INFO Measurement at current 0.0007562814070351759
2023-03-23 15:32:12,266 INFO T:251.10Â°K V:1.8151e-02V I:7.5628e-04A R:2.4000e+01ğ›€ E:5.6021e-01V/cm J:3.3098e-02A/cm2 ğ›’:1.6926e+01ğ›€ cm
2023-03-23 15:32:12,280 INFO Measurement at current 0.0007738693467336684
2023-03-23 15:32:12,873 INFO T:251.09Â°K V:1.8573e-02V I:7.7387e-04A R:2.4000e+01ğ›€ E:5.7324e-01V/cm J:3.3867e-02A/cm2 ğ›’:1.6926e+01ğ›€ cm
2023-03-23 15:32:12,896 INFO Measurement at current 0.0007914572864321608
2023-03-23 15:32:13,498 INFO T:251.09Â°K V:1.8994e-02V I:7.9146e-04A R:2.3999e+01ğ›€ E:5.8624e-01V/cm J:3.4637e-02A/cm2 ğ›’:1.6925e+01ğ›€ cm
2023-03-23 15:32:13,513 INFO Measurement at current 0.0008090452261306534
2023-03-23 15:32:14,099 INFO T:251.09Â°K V:1.9415e-02V I:8.0905e-04A R:2.3998e+01ğ›€ E:5.9923e-01V/cm J:3.5407e-02A/cm2 ğ›’:1.6924e+01ğ›€ cm
2023-03-23 15:32:14,115 INFO Measurement at current 0.0008266331658291458
2023-03-23 15:32:14,716 INFO T:251.08Â°K V:1.9840e-02V I:8.2663e-04A R:2.4001e+01ğ›€ E:6.1234e-01V/cm J:3.6177e-02A/cm2 ğ›’:1.6927e+01ğ›€ cm
2023-03-23 15:32:14,735 INFO Measurement at current 0.0008442211055276383
2023-03-23 15:32:15,320 INFO T:251.08Â°K V:2.0263e-02V I:8.4422e-04A R:2.4001e+01ğ›€ E:6.2539e-01V/cm J:3.6946e-02A/cm2 ğ›’:1.6927e+01ğ›€ cm
2023-03-23 15:32:15,336 INFO Measurement at current 0.0008618090452261307
2023-03-23 15:32:15,946 INFO T:251.08Â°K V:2.0687e-02V I:8.6181e-04A R:2.4004e+01ğ›€ E:6.3848e-01V/cm J:3.7716e-02A/cm2 ğ›’:1.6929e+01ğ›€ cm
2023-03-23 15:32:15,973 INFO Measurement at current 0.0008793969849246232
2023-03-23 15:32:16,576 INFO T:251.07Â°K V:2.1107e-02V I:8.7940e-04A R:2.4001e+01ğ›€ E:6.5144e-01V/cm J:3.8486e-02A/cm2 ğ›’:1.6927e+01ğ›€ cm
2023-03-23 15:32:16,623 INFO Measurement at current 0.0008969849246231157
2023-03-23 15:32:17,209 INFO T:251.07Â°K V:2.1535e-02V I:8.9698e-04A R:2.4008e+01ğ›€ E:6.6465e-01V/cm J:3.9255e-02A/cm2 ğ›’:1.6931e+01ğ›€ cm
2023-03-23 15:32:17,225 INFO Measurement at current 0.0009145728643216081
2023-03-23 15:32:17,813 INFO T:251.07Â°K V:2.1958e-02V I:9.1457e-04A R:2.4009e+01ğ›€ E:6.7771e-01V/cm J:4.0025e-02A/cm2 ğ›’:1.6932e+01ğ›€ cm
2023-03-23 15:32:17,828 INFO Measurement at current 0.0009321608040201006
2023-03-23 15:32:18,416 INFO T:251.06Â°K V:2.2381e-02V I:9.3216e-04A R:2.4010e+01ğ›€ E:6.9078e-01V/cm J:4.0795e-02A/cm2 ğ›’:1.6933e+01ğ›€ cm
2023-03-23 15:32:18,435 INFO Measurement at current 0.000949748743718593
2023-03-23 15:32:19,024 INFO T:251.06Â°K V:2.2807e-02V I:9.4975e-04A R:2.4013e+01ğ›€ E:7.0390e-01V/cm J:4.1564e-02A/cm2 ğ›’:1.6935e+01ğ›€ cm
2023-03-23 15:32:19,039 INFO Measurement at current 0.0009673366834170855
2023-03-23 15:32:19,631 INFO T:251.06Â°K V:2.3232e-02V I:9.6734e-04A R:2.4016e+01ğ›€ E:7.1702e-01V/cm J:4.2334e-02A/cm2 ğ›’:1.6937e+01ğ›€ cm
2023-03-23 15:32:19,665 INFO Measurement at current 0.0009849246231155779
2023-03-23 15:32:20,258 INFO T:251.05Â°K V:2.3654e-02V I:9.8492e-04A R:2.4016e+01ğ›€ E:7.3006e-01V/cm J:4.3104e-02A/cm2 ğ›’:1.6937e+01ğ›€ cm
2023-03-23 15:32:20,285 INFO Measurement at current 0.0010025125628140704
2023-03-23 15:32:20,881 INFO T:251.05Â°K V:2.4079e-02V I:1.0025e-03A R:2.4019e+01ğ›€ E:7.4319e-01V/cm J:4.3874e-02A/cm2 ğ›’:1.6939e+01ğ›€ cm
2023-03-23 15:32:20,897 INFO Measurement at current 0.001020100502512563
2023-03-23 15:32:21,484 INFO T:251.05Â°K V:2.4499e-02V I:1.0201e-03A R:2.4016e+01ğ›€ E:7.5614e-01V/cm J:4.4643e-02A/cm2 ğ›’:1.6937e+01ğ›€ cm
2023-03-23 15:32:21,503 INFO Measurement at current 0.0010376884422110553
2023-03-23 15:32:22,109 INFO T:251.04Â°K V:2.4925e-02V I:1.0377e-03A R:2.4019e+01ğ›€ E:7.6928e-01V/cm J:4.5413e-02A/cm2 ğ›’:1.6940e+01ğ›€ cm
2023-03-23 15:32:22,124 INFO Measurement at current 0.0010552763819095478
2023-03-23 15:32:22,711 INFO T:251.04Â°K V:2.5359e-02V I:1.0553e-03A R:2.4031e+01ğ›€ E:7.8270e-01V/cm J:4.6183e-02A/cm2 ğ›’:1.6948e+01ğ›€ cm
2023-03-23 15:32:22,727 INFO Measurement at current 0.0010728643216080403
2023-03-23 15:32:23,321 INFO T:251.04Â°K V:2.5779e-02V I:1.0729e-03A R:2.4028e+01ğ›€ E:7.9565e-01V/cm J:4.6952e-02A/cm2 ğ›’:1.6946e+01ğ›€ cm
2023-03-23 15:32:23,344 INFO Measurement at current 0.0010904522613065328
2023-03-23 15:32:23,931 INFO T:251.03Â°K V:2.6203e-02V I:1.0905e-03A R:2.4030e+01ğ›€ E:8.0875e-01V/cm J:4.7722e-02A/cm2 ğ›’:1.6947e+01ğ›€ cm
2023-03-23 15:32:23,953 INFO Measurement at current 0.0011080402010050251
2023-03-23 15:32:24,556 INFO T:251.03Â°K V:2.6623e-02V I:1.1080e-03A R:2.4027e+01ğ›€ E:8.2169e-01V/cm J:4.8492e-02A/cm2 ğ›’:1.6945e+01ğ›€ cm
2023-03-23 15:32:24,576 INFO Measurement at current 0.0011256281407035177
2023-03-23 15:32:25,642 WARNING Reading gpib error, check the instruments: read() failed: A read or write of data bytes has been aborted, possibly due to a timeout or reception of a device clear command.
2023-03-23 15:32:25,668 INFO Measurement at current 0.0011432160804020102
2023-03-23 15:32:26,252 INFO T:251.02Â°K V:2.7467e-02V I:1.1432e-03A R:2.4026e+01ğ›€ E:8.4774e-01V/cm J:5.0031e-02A/cm2 ğ›’:1.6944e+01ğ›€ cm
2023-03-23 15:32:26,268 INFO Measurement at current 0.0011608040201005025
2023-03-23 15:32:26,862 INFO T:251.02Â°K V:2.7901e-02V I:1.1608e-03A R:2.4036e+01ğ›€ E:8.6113e-01V/cm J:5.0801e-02A/cm2 ğ›’:1.6951e+01ğ›€ cm
2023-03-23 15:32:26,877 INFO Measurement at current 0.001178391959798995
2023-03-23 15:32:27,470 INFO T:251.02Â°K V:2.8323e-02V I:1.1784e-03A R:2.4035e+01ğ›€ E:8.7415e-01V/cm J:5.1571e-02A/cm2 ğ›’:1.6951e+01ğ›€ cm
2023-03-23 15:32:27,488 INFO Measurement at current 0.0011959798994974876
2023-03-23 15:32:28,082 INFO T:251.01Â°K V:2.8748e-02V I:1.1960e-03A R:2.4037e+01ğ›€ E:8.8728e-01V/cm J:5.2340e-02A/cm2 ğ›’:1.6952e+01ğ›€ cm
2023-03-23 15:32:28,106 INFO Measurement at current 0.00121356783919598
2023-03-23 15:32:28,697 INFO T:251.01Â°K V:2.9168e-02V I:1.2136e-03A R:2.4035e+01ğ›€ E:9.0026e-01V/cm J:5.3110e-02A/cm2 ğ›’:1.6951e+01ğ›€ cm
2023-03-23 15:32:28,714 INFO Measurement at current 0.0012311557788944724
2023-03-23 15:32:29,302 INFO T:251.01Â°K V:2.9594e-02V I:1.2312e-03A R:2.4038e+01ğ›€ E:9.1340e-01V/cm J:5.3880e-02A/cm2 ğ›’:1.6952e+01ğ›€ cm
2023-03-23 15:32:29,319 INFO Measurement at current 0.001248743718592965
2023-03-23 15:32:29,911 INFO T:251.00Â°K V:3.0019e-02V I:1.2487e-03A R:2.4039e+01ğ›€ E:9.2650e-01V/cm J:5.4650e-02A/cm2 ğ›’:1.6953e+01ğ›€ cm
2023-03-23 15:32:29,930 INFO Measurement at current 0.0012663316582914575
2023-03-23 15:32:30,541 INFO T:251.00Â°K V:3.0450e-02V I:1.2663e-03A R:2.4046e+01ğ›€ E:9.3981e-01V/cm J:5.5419e-02A/cm2 ğ›’:1.6958e+01ğ›€ cm
2023-03-23 15:32:30,559 INFO Measurement at current 0.0012839195979899498
2023-03-23 15:32:31,160 INFO T:251.00Â°K V:3.0874e-02V I:1.2839e-03A R:2.4047e+01ğ›€ E:9.5290e-01V/cm J:5.6189e-02A/cm2 ğ›’:1.6959e+01ğ›€ cm
2023-03-23 15:32:31,182 INFO Measurement at current 0.0013015075376884423
2023-03-23 15:32:31,769 INFO T:250.99Â°K V:3.1300e-02V I:1.3015e-03A R:2.4049e+01ğ›€ E:9.6604e-01V/cm J:5.6959e-02A/cm2 ğ›’:1.6960e+01ğ›€ cm
2023-03-23 15:32:31,788 INFO Measurement at current 0.0013190954773869348
2023-03-23 15:32:32,384 INFO T:250.99Â°K V:3.1726e-02V I:1.3191e-03A R:2.4051e+01ğ›€ E:9.7919e-01V/cm J:5.7728e-02A/cm2 ğ›’:1.6962e+01ğ›€ cm
2023-03-23 15:32:32,408 INFO Measurement at current 0.0013366834170854271
2023-03-23 15:32:33,001 INFO T:250.99Â°K V:3.2149e-02V I:1.3367e-03A R:2.4052e+01ğ›€ E:9.9227e-01V/cm J:5.8498e-02A/cm2 ğ›’:1.6962e+01ğ›€ cm
2023-03-23 15:32:33,025 INFO Measurement at current 0.0013542713567839197
2023-03-23 15:32:33,643 INFO T:250.98Â°K V:3.2588e-02V I:1.3543e-03A R:2.4063e+01ğ›€ E:1.0058e+00V/cm J:5.9268e-02A/cm2 ğ›’:1.6970e+01ğ›€ cm
2023-03-23 15:32:33,664 INFO Measurement at current 0.0013718592964824122
2023-03-23 15:32:34,265 INFO T:250.98Â°K V:3.3012e-02V I:1.3719e-03A R:2.4064e+01ğ›€ E:1.0189e+00V/cm J:6.0038e-02A/cm2 ğ›’:1.6971e+01ğ›€ cm
2023-03-23 15:32:34,286 INFO Measurement at current 0.0013894472361809047
2023-03-23 15:32:34,882 INFO T:250.98Â°K V:3.3437e-02V I:1.3894e-03A R:2.4065e+01ğ›€ E:1.0320e+00V/cm J:6.0807e-02A/cm2 ğ›’:1.6972e+01ğ›€ cm
2023-03-23 15:32:34,907 INFO Measurement at current 0.001407035175879397
2023-03-23 15:32:35,514 INFO T:250.97Â°K V:3.3864e-02V I:1.4070e-03A R:2.4067e+01ğ›€ E:1.0452e+00V/cm J:6.1577e-02A/cm2 ğ›’:1.6973e+01ğ›€ cm
2023-03-23 15:32:35,535 INFO Measurement at current 0.0014246231155778896
2023-03-23 15:32:36,130 INFO T:250.97Â°K V:3.4287e-02V I:1.4246e-03A R:2.4067e+01ğ›€ E:1.0582e+00V/cm J:6.2347e-02A/cm2 ğ›’:1.6973e+01ğ›€ cm
2023-03-23 15:32:36,159 INFO Measurement at current 0.001442211055276382
2023-03-23 15:32:36,771 INFO T:250.97Â°K V:3.4709e-02V I:1.4422e-03A R:2.4066e+01ğ›€ E:1.0713e+00V/cm J:6.3116e-02A/cm2 ğ›’:1.6973e+01ğ›€ cm
2023-03-23 15:32:36,795 INFO Measurement at current 0.0014597989949748744
2023-03-23 15:32:37,399 INFO T:250.96Â°K V:3.5144e-02V I:1.4598e-03A R:2.4074e+01ğ›€ E:1.0847e+00V/cm J:6.3886e-02A/cm2 ğ›’:1.6978e+01ğ›€ cm
2023-03-23 15:32:37,428 INFO Measurement at current 0.001477386934673367
2023-03-23 15:32:38,032 INFO T:250.96Â°K V:3.5562e-02V I:1.4774e-03A R:2.4071e+01ğ›€ E:1.0976e+00V/cm J:6.4656e-02A/cm2 ğ›’:1.6976e+01ğ›€ cm
2023-03-23 15:32:38,050 INFO Measurement at current 0.0014949748743718595
2023-03-23 15:32:38,651 INFO T:250.96Â°K V:3.5987e-02V I:1.4950e-03A R:2.4072e+01ğ›€ E:1.1107e+00V/cm J:6.5426e-02A/cm2 ğ›’:1.6977e+01ğ›€ cm
2023-03-23 15:32:38,667 INFO Measurement at current 0.0015125628140703518
2023-03-23 15:32:39,253 INFO T:250.95Â°K V:3.6415e-02V I:1.5126e-03A R:2.4075e+01ğ›€ E:1.1239e+00V/cm J:6.6195e-02A/cm2 ğ›’:1.6979e+01ğ›€ cm
2023-03-23 15:32:39,279 INFO Measurement at current 0.0015301507537688443
2023-03-23 15:32:39,882 INFO T:250.95Â°K V:3.6838e-02V I:1.5302e-03A R:2.4075e+01ğ›€ E:1.1370e+00V/cm J:6.6965e-02A/cm2 ğ›’:1.6979e+01ğ›€ cm
2023-03-23 15:32:39,901 INFO Measurement at current 0.0015477386934673368
2023-03-23 15:32:40,505 INFO T:250.95Â°K V:3.7257e-02V I:1.5477e-03A R:2.4072e+01ğ›€ E:1.1499e+00V/cm J:6.7735e-02A/cm2 ğ›’:1.6977e+01ğ›€ cm
2023-03-23 15:32:40,529 INFO Measurement at current 0.0015653266331658294
2023-03-23 15:32:41,121 INFO T:250.94Â°K V:3.7691e-02V I:1.5653e-03A R:2.4079e+01ğ›€ E:1.1633e+00V/cm J:6.8504e-02A/cm2 ğ›’:1.6981e+01ğ›€ cm
2023-03-23 15:32:41,149 INFO Measurement at current 0.0015829145728643217
2023-03-23 15:32:41,739 INFO T:250.94Â°K V:3.8117e-02V I:1.5829e-03A R:2.4080e+01ğ›€ E:1.1765e+00V/cm J:6.9274e-02A/cm2 ğ›’:1.6983e+01ğ›€ cm
2023-03-23 15:32:41,755 INFO Measurement at current 0.0016005025125628142
2023-03-23 15:32:42,351 INFO T:250.94Â°K V:3.8546e-02V I:1.6005e-03A R:2.4084e+01ğ›€ E:1.1897e+00V/cm J:7.0044e-02A/cm2 ğ›’:1.6985e+01ğ›€ cm
2023-03-23 15:32:42,368 INFO Measurement at current 0.0016180904522613067
2023-03-23 15:32:42,954 INFO T:250.93Â°K V:3.8969e-02V I:1.6181e-03A R:2.4084e+01ğ›€ E:1.2028e+00V/cm J:7.0814e-02A/cm2 ğ›’:1.6985e+01ğ›€ cm
2023-03-23 15:32:42,973 INFO Measurement at current 0.001635678391959799
2023-03-23 15:32:43,572 INFO T:250.93Â°K V:3.9391e-02V I:1.6357e-03A R:2.4083e+01ğ›€ E:1.2158e+00V/cm J:7.1583e-02A/cm2 ğ›’:1.6984e+01ğ›€ cm
2023-03-23 15:32:43,601 INFO Measurement at current 0.0016532663316582916
2023-03-23 15:32:44,210 INFO T:250.93Â°K V:3.9828e-02V I:1.6533e-03A R:2.4090e+01ğ›€ E:1.2292e+00V/cm J:7.2353e-02A/cm2 ğ›’:1.6990e+01ğ›€ cm
2023-03-23 15:32:44,235 INFO Measurement at current 0.001670854271356784
2023-03-23 15:32:44,833 INFO T:250.92Â°K V:4.0249e-02V I:1.6709e-03A R:2.4089e+01ğ›€ E:1.2423e+00V/cm J:7.3123e-02A/cm2 ğ›’:1.6989e+01ğ›€ cm
2023-03-23 15:32:44,868 INFO Measurement at current 0.0016884422110552766
2023-03-23 15:32:45,463 INFO T:250.92Â°K V:4.0673e-02V I:1.6884e-03A R:2.4089e+01ğ›€ E:1.2553e+00V/cm J:7.3892e-02A/cm2 ğ›’:1.6989e+01ğ›€ cm
2023-03-23 15:32:45,481 INFO Measurement at current 0.001706030150753769
2023-03-23 15:32:46,076 INFO T:250.92Â°K V:4.1095e-02V I:1.7060e-03A R:2.4088e+01ğ›€ E:1.2684e+00V/cm J:7.4662e-02A/cm2 ğ›’:1.6988e+01ğ›€ cm
2023-03-23 15:32:46,107 INFO Measurement at current 0.0017236180904522615
2023-03-23 15:32:46,703 INFO T:250.91Â°K V:4.1522e-02V I:1.7236e-03A R:2.4090e+01ğ›€ E:1.2816e+00V/cm J:7.5432e-02A/cm2 ğ›’:1.6990e+01ğ›€ cm
2023-03-23 15:32:46,735 INFO Measurement at current 0.001741206030150754
2023-03-23 15:32:47,335 INFO T:250.91Â°K V:4.1944e-02V I:1.7412e-03A R:2.4089e+01ğ›€ E:1.2946e+00V/cm J:7.6202e-02A/cm2 ğ›’:1.6989e+01ğ›€ cm
2023-03-23 15:32:47,355 INFO Measurement at current 0.0017587939698492463
2023-03-23 15:32:47,954 INFO T:250.91Â°K V:4.2380e-02V I:1.7588e-03A R:2.4096e+01ğ›€ E:1.3080e+00V/cm J:7.6971e-02A/cm2 ğ›’:1.6994e+01ğ›€ cm
2023-03-23 15:32:47,973 INFO Measurement at current 0.0017763819095477388
2023-03-23 15:32:48,567 INFO T:250.90Â°K V:4.2807e-02V I:1.7764e-03A R:2.4098e+01ğ›€ E:1.3212e+00V/cm J:7.7741e-02A/cm2 ğ›’:1.6995e+01ğ›€ cm
2023-03-23 15:32:48,586 INFO Measurement at current 0.0017939698492462314
2023-03-23 15:32:49,191 INFO T:250.90Â°K V:4.3231e-02V I:1.7940e-03A R:2.4098e+01ğ›€ E:1.3343e+00V/cm J:7.8511e-02A/cm2 ğ›’:1.6995e+01ğ›€ cm
2023-03-23 15:32:49,230 INFO Measurement at current 0.0018115577889447237
2023-03-23 15:32:49,820 INFO T:250.90Â°K V:4.3658e-02V I:1.8116e-03A R:2.4100e+01ğ›€ E:1.3475e+00V/cm J:7.9280e-02A/cm2 ğ›’:1.6996e+01ğ›€ cm
2023-03-23 15:32:49,846 INFO Measurement at current 0.0018291457286432162
2023-03-23 15:32:50,445 INFO T:250.89Â°K V:4.4082e-02V I:1.8291e-03A R:2.4100e+01ğ›€ E:1.3606e+00V/cm J:8.0050e-02A/cm2 ğ›’:1.6996e+01ğ›€ cm
2023-03-23 15:32:50,465 INFO Measurement at current 0.0018467336683417087
2023-03-23 15:32:51,075 INFO T:250.89Â°K V:4.4507e-02V I:1.8467e-03A R:2.4101e+01ğ›€ E:1.3737e+00V/cm J:8.0820e-02A/cm2 ğ›’:1.6997e+01ğ›€ cm
2023-03-23 15:32:51,115 INFO Measurement at current 0.0018643216080402013
2023-03-23 15:32:51,709 INFO T:250.89Â°K V:4.4945e-02V I:1.8643e-03A R:2.4108e+01ğ›€ E:1.3872e+00V/cm J:8.1590e-02A/cm2 ğ›’:1.7002e+01ğ›€ cm
2023-03-23 15:32:51,723 INFO Measurement at current 0.0018819095477386936
2023-03-23 15:32:52,313 INFO T:250.89Â°K V:4.5371e-02V I:1.8819e-03A R:2.4109e+01ğ›€ E:1.4003e+00V/cm J:8.2359e-02A/cm2 ğ›’:1.7003e+01ğ›€ cm
2023-03-23 15:32:52,326 INFO Measurement at current 0.001899497487437186
2023-03-23 15:32:52,918 INFO T:250.88Â°K V:4.5795e-02V I:1.8995e-03A R:2.4109e+01ğ›€ E:1.4134e+00V/cm J:8.3129e-02A/cm2 ğ›’:1.7003e+01ğ›€ cm
2023-03-23 15:32:52,934 INFO Measurement at current 0.0019170854271356786
2023-03-23 15:32:53,530 INFO T:250.88Â°K V:4.6220e-02V I:1.9171e-03A R:2.4110e+01ğ›€ E:1.4266e+00V/cm J:8.3899e-02A/cm2 ğ›’:1.7003e+01ğ›€ cm
2023-03-23 15:32:53,551 INFO Measurement at current 0.001934673366834171
2023-03-23 15:32:54,145 INFO T:250.88Â°K V:4.6648e-02V I:1.9347e-03A R:2.4111e+01ğ›€ E:1.4397e+00V/cm J:8.4668e-02A/cm2 ğ›’:1.7005e+01ğ›€ cm
2023-03-23 15:32:54,171 INFO Measurement at current 0.0019522613065326635
2023-03-23 15:32:54,770 INFO T:250.87Â°K V:4.7083e-02V I:1.9523e-03A R:2.4117e+01ğ›€ E:1.4532e+00V/cm J:8.5438e-02A/cm2 ğ›’:1.7009e+01ğ›€ cm
2023-03-23 15:32:54,803 INFO Measurement at current 0.0019698492462311558
2023-03-23 15:32:55,399 INFO T:250.87Â°K V:4.7505e-02V I:1.9698e-03A R:2.4116e+01ğ›€ E:1.4662e+00V/cm J:8.6208e-02A/cm2 ğ›’:1.7008e+01ğ›€ cm
2023-03-23 15:32:55,438 INFO Measurement at current 0.0019874371859296483
2023-03-23 15:32:56,033 INFO T:250.87Â°K V:4.7934e-02V I:1.9874e-03A R:2.4118e+01ğ›€ E:1.4794e+00V/cm J:8.6978e-02A/cm2 ğ›’:1.7009e+01ğ›€ cm
2023-03-23 15:32:56,051 INFO Measurement at current 0.002005025125628141
2023-03-23 15:32:56,639 INFO T:250.86Â°K V:4.8352e-02V I:2.0050e-03A R:2.4115e+01ğ›€ E:1.4923e+00V/cm J:8.7747e-02A/cm2 ğ›’:1.7007e+01ğ›€ cm
2023-03-23 15:32:56,667 INFO Measurement at current 0.0020226130653266334
2023-03-23 15:32:57,257 INFO T:250.86Â°K V:4.8782e-02V I:2.0226e-03A R:2.4118e+01ğ›€ E:1.5056e+00V/cm J:8.8517e-02A/cm2 ğ›’:1.7009e+01ğ›€ cm
2023-03-23 15:32:57,275 INFO Measurement at current 0.002040201005025126
2023-03-23 15:32:57,860 INFO T:250.86Â°K V:4.9214e-02V I:2.0402e-03A R:2.4122e+01ğ›€ E:1.5189e+00V/cm J:8.9287e-02A/cm2 ğ›’:1.7012e+01ğ›€ cm
2023-03-23 15:32:57,881 INFO Measurement at current 0.0020577889447236184
2023-03-23 15:32:58,488 INFO T:250.85Â°K V:4.9649e-02V I:2.0578e-03A R:2.4127e+01ğ›€ E:1.5324e+00V/cm J:9.0056e-02A/cm2 ğ›’:1.7016e+01ğ›€ cm
2023-03-23 15:32:58,505 INFO Measurement at current 0.0020753768844221105
2023-03-23 15:32:59,098 INFO T:250.85Â°K V:5.0073e-02V I:2.0754e-03A R:2.4127e+01ğ›€ E:1.5454e+00V/cm J:9.0826e-02A/cm2 ğ›’:1.7015e+01ğ›€ cm
2023-03-23 15:32:59,120 INFO Measurement at current 0.002092964824120603
2023-03-23 15:32:59,741 INFO T:250.85Â°K V:5.0501e-02V I:2.0930e-03A R:2.4129e+01ğ›€ E:1.5587e+00V/cm J:9.1596e-02A/cm2 ğ›’:1.7017e+01ğ›€ cm
2023-03-23 15:32:59,762 INFO Measurement at current 0.0021105527638190956
2023-03-23 15:33:00,365 INFO T:250.84Â°K V:5.0929e-02V I:2.1106e-03A R:2.4131e+01ğ›€ E:1.5719e+00V/cm J:9.2366e-02A/cm2 ğ›’:1.7018e+01ğ›€ cm
2023-03-23 15:33:00,387 INFO Measurement at current 0.002128140703517588
2023-03-23 15:33:00,992 INFO T:250.84Â°K V:5.1350e-02V I:2.1281e-03A R:2.4129e+01ğ›€ E:1.5849e+00V/cm J:9.3135e-02A/cm2 ğ›’:1.7017e+01ğ›€ cm
2023-03-23 15:33:01,014 INFO Measurement at current 0.0021457286432160806
2023-03-23 15:33:01,603 INFO T:250.84Â°K V:5.1775e-02V I:2.1457e-03A R:2.4129e+01ğ›€ E:1.5980e+00V/cm J:9.3905e-02A/cm2 ğ›’:1.7017e+01ğ›€ cm
2023-03-23 15:33:01,625 INFO Measurement at current 0.002163316582914573
2023-03-23 15:33:02,254 INFO T:250.83Â°K V:5.2216e-02V I:2.1633e-03A R:2.4137e+01ğ›€ E:1.6116e+00V/cm J:9.4675e-02A/cm2 ğ›’:1.7022e+01ğ›€ cm
2023-03-23 15:33:02,274 INFO Measurement at current 0.0021809045226130657
2023-03-23 15:33:02,869 INFO T:250.83Â°K V:5.2636e-02V I:2.1809e-03A R:2.4135e+01ğ›€ E:1.6246e+00V/cm J:9.5444e-02A/cm2 ğ›’:1.7021e+01ğ›€ cm
2023-03-23 15:33:02,913 INFO Measurement at current 0.0021984924623115578
2023-03-23 15:33:03,520 INFO T:250.83Â°K V:5.3073e-02V I:2.1985e-03A R:2.4141e+01ğ›€ E:1.6380e+00V/cm J:9.6214e-02A/cm2 ğ›’:1.7025e+01ğ›€ cm
2023-03-23 15:33:03,544 INFO Measurement at current 0.0022160804020100503
2023-03-23 15:33:04,136 INFO T:250.82Â°K V:5.3497e-02V I:2.2161e-03A R:2.4140e+01ğ›€ E:1.6511e+00V/cm J:9.6984e-02A/cm2 ğ›’:1.7025e+01ğ›€ cm
2023-03-23 15:33:04,155 INFO Measurement at current 0.002233668341708543
2023-03-23 15:33:04,766 INFO T:250.82Â°K V:5.3924e-02V I:2.2337e-03A R:2.4142e+01ğ›€ E:1.6643e+00V/cm J:9.7754e-02A/cm2 ğ›’:1.7026e+01ğ›€ cm
2023-03-23 15:33:04,802 INFO Measurement at current 0.0022512562814070354
2023-03-23 15:33:05,394 INFO T:250.82Â°K V:5.4360e-02V I:2.2513e-03A R:2.4146e+01ğ›€ E:1.6778e+00V/cm J:9.8523e-02A/cm2 ğ›’:1.7029e+01ğ›€ cm
2023-03-23 15:33:05,415 INFO Measurement at current 0.002268844221105528
2023-03-23 15:33:06,037 INFO T:250.81Â°K V:5.4785e-02V I:2.2688e-03A R:2.4147e+01ğ›€ E:1.6909e+00V/cm J:9.9293e-02A/cm2 ğ›’:1.7029e+01ğ›€ cm
2023-03-23 15:33:06,066 INFO Measurement at current 0.0022864321608040204
2023-03-23 15:33:06,690 INFO T:250.81Â°K V:5.5210e-02V I:2.2864e-03A R:2.4147e+01ğ›€ E:1.7040e+00V/cm J:1.0006e-01A/cm2 ğ›’:1.7029e+01ğ›€ cm
2023-03-23 15:33:06,719 INFO Measurement at current 0.002304020100502513
2023-03-23 15:33:07,313 INFO T:250.81Â°K V:5.5644e-02V I:2.3040e-03A R:2.4151e+01ğ›€ E:1.7174e+00V/cm J:1.0083e-01A/cm2 ğ›’:1.7032e+01ğ›€ cm
2023-03-23 15:33:07,330 INFO Measurement at current 0.002321608040201005
2023-03-23 15:33:07,920 INFO T:250.80Â°K V:5.6063e-02V I:2.3216e-03A R:2.4148e+01ğ›€ E:1.7303e+00V/cm J:1.0160e-01A/cm2 ğ›’:1.7031e+01ğ›€ cm
2023-03-23 15:33:07,936 INFO Measurement at current 0.0023391959798994976
2023-03-23 15:33:08,525 INFO T:250.80Â°K V:5.6483e-02V I:2.3392e-03A R:2.4146e+01ğ›€ E:1.7433e+00V/cm J:1.0237e-01A/cm2 ğ›’:1.7029e+01ğ›€ cm
2023-03-23 15:33:08,540 INFO Measurement at current 0.00235678391959799
2023-03-23 15:33:09,171 INFO T:250.80Â°K V:5.6916e-02V I:2.3568e-03A R:2.4150e+01ğ›€ E:1.7567e+00V/cm J:1.0314e-01A/cm2 ğ›’:1.7032e+01ğ›€ cm
2023-03-23 15:33:09,197 INFO Measurement at current 0.0023743718592964826
2023-03-23 15:33:09,815 INFO T:250.79Â°K V:5.7347e-02V I:2.3744e-03A R:2.4153e+01ğ›€ E:1.7700e+00V/cm J:1.0391e-01A/cm2 ğ›’:1.7034e+01ğ›€ cm
2023-03-23 15:33:09,837 INFO Measurement at current 0.002391959798994975
2023-03-23 15:33:10,437 INFO T:250.79Â°K V:5.7772e-02V I:2.3920e-03A R:2.4153e+01ğ›€ E:1.7831e+00V/cm J:1.0468e-01A/cm2 ğ›’:1.7034e+01ğ›€ cm
2023-03-23 15:33:10,455 INFO Measurement at current 0.0024095477386934677
2023-03-23 15:33:11,040 INFO T:250.79Â°K V:5.8202e-02V I:2.4095e-03A R:2.4155e+01ğ›€ E:1.7964e+00V/cm J:1.0545e-01A/cm2 ğ›’:1.7035e+01ğ›€ cm
2023-03-23 15:33:11,058 INFO Measurement at current 0.00242713567839196
2023-03-23 15:33:11,659 INFO T:250.78Â°K V:5.8606e-02V I:2.4271e-03A R:2.4146e+01ğ›€ E:1.8088e+00V/cm J:1.0622e-01A/cm2 ğ›’:1.7029e+01ğ›€ cm
2023-03-23 15:33:11,675 INFO Measurement at current 0.0024447236180904523
2023-03-23 15:33:12,264 INFO T:250.78Â°K V:5.9036e-02V I:2.4447e-03A R:2.4148e+01ğ›€ E:1.8221e+00V/cm J:1.0699e-01A/cm2 ğ›’:1.7030e+01ğ›€ cm
2023-03-23 15:33:12,283 INFO Measurement at current 0.002462311557788945
2023-03-23 15:33:12,872 INFO T:250.78Â°K V:5.9473e-02V I:2.4623e-03A R:2.4153e+01ğ›€ E:1.8356e+00V/cm J:1.0776e-01A/cm2 ğ›’:1.7034e+01ğ›€ cm
2023-03-23 15:33:12,889 INFO Measurement at current 0.0024798994974874373
2023-03-23 15:33:13,479 INFO T:250.77Â°K V:5.9911e-02V I:2.4799e-03A R:2.4159e+01ğ›€ E:1.8491e+00V/cm J:1.0853e-01A/cm2 ğ›’:1.7038e+01ğ›€ cm
2023-03-23 15:33:13,503 INFO Measurement at current 0.00249748743718593
2023-03-23 15:33:14,093 INFO T:250.77Â°K V:6.0335e-02V I:2.4975e-03A R:2.4158e+01ğ›€ E:1.8622e+00V/cm J:1.0930e-01A/cm2 ğ›’:1.7038e+01ğ›€ cm
2023-03-23 15:33:14,127 INFO Measurement at current 0.0025150753768844224
2023-03-23 15:33:14,755 INFO T:250.77Â°K V:6.0764e-02V I:2.5151e-03A R:2.4160e+01ğ›€ E:1.8754e+00V/cm J:1.1007e-01A/cm2 ğ›’:1.7039e+01ğ›€ cm
2023-03-23 15:33:14,783 INFO Measurement at current 0.002532663316582915
2023-03-23 15:33:15,395 INFO T:250.77Â°K V:6.1194e-02V I:2.5327e-03A R:2.4162e+01ğ›€ E:1.8887e+00V/cm J:1.1084e-01A/cm2 ğ›’:1.7040e+01ğ›€ cm
2023-03-23 15:33:15,436 INFO Measurement at current 0.002550251256281407
2023-03-23 15:33:16,028 INFO T:250.76Â°K V:6.1635e-02V I:2.5503e-03A R:2.4168e+01ğ›€ E:1.9023e+00V/cm J:1.1161e-01A/cm2 ğ›’:1.7044e+01ğ›€ cm
2023-03-23 15:33:16,052 INFO Measurement at current 0.0025678391959798996
2023-03-23 15:33:16,665 INFO T:250.76Â°K V:6.2057e-02V I:2.5678e-03A R:2.4167e+01ğ›€ E:1.9153e+00V/cm J:1.1238e-01A/cm2 ğ›’:1.7044e+01ğ›€ cm
2023-03-23 15:33:16,684 INFO Measurement at current 0.002585427135678392
2023-03-23 15:33:17,284 INFO T:250.76Â°K V:6.2480e-02V I:2.5854e-03A R:2.4166e+01ğ›€ E:1.9284e+00V/cm J:1.1315e-01A/cm2 ğ›’:1.7043e+01ğ›€ cm
2023-03-23 15:33:17,302 INFO Measurement at current 0.0026030150753768846
2023-03-23 15:33:17,886 INFO T:250.75Â°K V:6.2904e-02V I:2.6030e-03A R:2.4166e+01ğ›€ E:1.9415e+00V/cm J:1.1392e-01A/cm2 ğ›’:1.7043e+01ğ›€ cm
2023-03-23 15:33:17,900 INFO Measurement at current 0.002620603015075377
2023-03-23 15:33:18,483 INFO T:250.75Â°K V:6.3337e-02V I:2.6206e-03A R:2.4169e+01ğ›€ E:1.9549e+00V/cm J:1.1469e-01A/cm2 ğ›’:1.7045e+01ğ›€ cm
2023-03-23 15:33:18,520 INFO Measurement at current 0.0026381909547738697
2023-03-23 15:33:19,115 INFO T:250.75Â°K V:6.3760e-02V I:2.6382e-03A R:2.4168e+01ğ›€ E:1.9679e+00V/cm J:1.1546e-01A/cm2 ğ›’:1.7044e+01ğ›€ cm
2023-03-23 15:33:19,162 INFO Measurement at current 0.002655778894472362
2023-03-23 15:33:19,761 INFO T:250.74Â°K V:6.4196e-02V I:2.6558e-03A R:2.4172e+01ğ›€ E:1.9813e+00V/cm J:1.1623e-01A/cm2 ğ›’:1.7047e+01ğ›€ cm
2023-03-23 15:33:19,777 INFO Measurement at current 0.0026733668341708543
2023-03-23 15:33:20,369 INFO T:250.74Â°K V:6.4629e-02V I:2.6734e-03A R:2.4175e+01ğ›€ E:1.9947e+00V/cm J:1.1700e-01A/cm2 ğ›’:1.7049e+01ğ›€ cm
2023-03-23 15:33:20,401 INFO Measurement at current 0.002690954773869347
2023-03-23 15:33:20,996 INFO T:250.74Â°K V:6.5052e-02V I:2.6910e-03A R:2.4174e+01ğ›€ E:2.0078e+00V/cm J:1.1777e-01A/cm2 ğ›’:1.7049e+01ğ›€ cm
2023-03-23 15:33:21,017 INFO Measurement at current 0.0027085427135678393
2023-03-23 15:33:21,616 INFO T:250.73Â°K V:6.5476e-02V I:2.7085e-03A R:2.4174e+01ğ›€ E:2.0209e+00V/cm J:1.1854e-01A/cm2 ğ›’:1.7049e+01ğ›€ cm
2023-03-23 15:33:21,648 INFO Measurement at current 0.002726130653266332
2023-03-23 15:33:22,253 INFO T:250.73Â°K V:6.5919e-02V I:2.7261e-03A R:2.4180e+01ğ›€ E:2.0345e+00V/cm J:1.1931e-01A/cm2 ğ›’:1.7053e+01ğ›€ cm
2023-03-23 15:33:22,284 INFO Measurement at current 0.0027437185929648244
2023-03-23 15:33:22,902 INFO T:250.73Â°K V:6.6343e-02V I:2.7437e-03A R:2.4180e+01ğ›€ E:2.0476e+00V/cm J:1.2008e-01A/cm2 ğ›’:1.7053e+01ğ›€ cm
2023-03-23 15:33:22,918 INFO Measurement at current 0.002761306532663317
2023-03-23 15:33:23,527 INFO T:250.72Â°K V:6.6781e-02V I:2.7613e-03A R:2.4185e+01ğ›€ E:2.0611e+00V/cm J:1.2084e-01A/cm2 ğ›’:1.7056e+01ğ›€ cm
2023-03-23 15:33:23,546 INFO Measurement at current 0.0027788944723618095
2023-03-23 15:33:24,137 INFO T:250.72Â°K V:6.7205e-02V I:2.7789e-03A R:2.4184e+01ğ›€ E:2.0742e+00V/cm J:1.2161e-01A/cm2 ğ›’:1.7056e+01ğ›€ cm
2023-03-23 15:33:24,161 INFO Measurement at current 0.0027964824120603016
2023-03-23 15:33:24,758 INFO T:250.72Â°K V:6.7634e-02V I:2.7965e-03A R:2.4185e+01ğ›€ E:2.0875e+00V/cm J:1.2238e-01A/cm2 ğ›’:1.7057e+01ğ›€ cm
2023-03-23 15:33:24,776 INFO Measurement at current 0.002814070351758794
2023-03-23 15:33:25,378 INFO T:250.71Â°K V:6.8065e-02V I:2.8141e-03A R:2.4187e+01ğ›€ E:2.1008e+00V/cm J:1.2315e-01A/cm2 ğ›’:1.7058e+01ğ›€ cm
2023-03-23 15:33:25,393 INFO Measurement at current 0.0028316582914572866
2023-03-23 15:33:25,997 INFO T:250.71Â°K V:6.8480e-02V I:2.8317e-03A R:2.4184e+01ğ›€ E:2.1136e+00V/cm J:1.2392e-01A/cm2 ğ›’:1.7055e+01ğ›€ cm
2023-03-23 15:33:26,013 INFO Measurement at current 0.002849246231155779
2023-03-23 15:33:26,610 INFO T:250.71Â°K V:6.8901e-02V I:2.8492e-03A R:2.4182e+01ğ›€ E:2.1266e+00V/cm J:1.2469e-01A/cm2 ğ›’:1.7054e+01ğ›€ cm
2023-03-23 15:33:26,628 INFO Measurement at current 0.0028668341708542717
2023-03-23 15:33:27,227 INFO T:250.70Â°K V:6.9345e-02V I:2.8668e-03A R:2.4189e+01ğ›€ E:2.1403e+00V/cm J:1.2546e-01A/cm2 ğ›’:1.7059e+01ğ›€ cm
2023-03-23 15:33:27,247 INFO Measurement at current 0.002884422110552764
2023-03-23 15:33:27,834 INFO T:250.70Â°K V:6.9772e-02V I:2.8844e-03A R:2.4189e+01ğ›€ E:2.1535e+00V/cm J:1.2623e-01A/cm2 ğ›’:1.7059e+01ğ›€ cm
2023-03-23 15:33:27,856 INFO Measurement at current 0.0029020100502512567
2023-03-23 15:33:28,448 INFO T:250.70Â°K V:7.0209e-02V I:2.9020e-03A R:2.4193e+01ğ›€ E:2.1670e+00V/cm J:1.2700e-01A/cm2 ğ›’:1.7062e+01ğ›€ cm
2023-03-23 15:33:28,471 INFO Measurement at current 0.002919597989949749
2023-03-23 15:33:29,069 INFO T:250.69Â°K V:7.0639e-02V I:2.9196e-03A R:2.4195e+01ğ›€ E:2.1802e+00V/cm J:1.2777e-01A/cm2 ğ›’:1.7063e+01ğ›€ cm
2023-03-23 15:33:29,093 INFO Measurement at current 0.0029371859296482413
2023-03-23 15:33:29,687 INFO T:250.69Â°K V:7.1068e-02V I:2.9372e-03A R:2.4196e+01ğ›€ E:2.1935e+00V/cm J:1.2854e-01A/cm2 ğ›’:1.7064e+01ğ›€ cm
2023-03-23 15:33:29,717 INFO Measurement at current 0.002954773869346734
2023-03-23 15:33:30,315 INFO T:250.69Â°K V:7.1509e-02V I:2.9548e-03A R:2.4201e+01ğ›€ E:2.2071e+00V/cm J:1.2931e-01A/cm2 ğ›’:1.7068e+01ğ›€ cm
2023-03-23 15:33:30,335 INFO Measurement at current 0.0029723618090452264
2023-03-23 15:33:30,929 INFO T:250.69Â°K V:7.1929e-02V I:2.9724e-03A R:2.4199e+01ğ›€ E:2.2200e+00V/cm J:1.3008e-01A/cm2 ğ›’:1.7066e+01ğ›€ cm
2023-03-23 15:33:30,950 INFO Measurement at current 0.002989949748743719
2023-03-23 15:33:31,536 INFO T:250.68Â°K V:7.2355e-02V I:2.9899e-03A R:2.4199e+01ğ›€ E:2.2332e+00V/cm J:1.3085e-01A/cm2 ğ›’:1.7067e+01ğ›€ cm
2023-03-23 15:33:31,574 INFO Measurement at current 0.0030075376884422115
2023-03-23 15:33:32,190 INFO T:250.68Â°K V:7.2778e-02V I:3.0075e-03A R:2.4199e+01ğ›€ E:2.2462e+00V/cm J:1.3162e-01A/cm2 ğ›’:1.7066e+01ğ›€ cm
2023-03-23 15:33:32,253 INFO Measurement at current 0.0030251256281407036
2023-03-23 15:33:32,843 INFO T:250.68Â°K V:7.3212e-02V I:3.0251e-03A R:2.4201e+01ğ›€ E:2.2596e+00V/cm J:1.3239e-01A/cm2 ğ›’:1.7068e+01ğ›€ cm
2023-03-23 15:33:32,867 INFO Measurement at current 0.003042713567839196
2023-03-23 15:33:33,466 INFO T:250.67Â°K V:7.3676e-02V I:3.0427e-03A R:2.4214e+01ğ›€ E:2.2740e+00V/cm J:1.3316e-01A/cm2 ğ›’:1.7077e+01ğ›€ cm
2023-03-23 15:33:33,484 INFO Measurement at current 0.0030603015075376886
2023-03-23 15:33:34,071 INFO T:250.67Â°K V:7.4109e-02V I:3.0603e-03A R:2.4216e+01ğ›€ E:2.2873e+00V/cm J:1.3393e-01A/cm2 ğ›’:1.7078e+01ğ›€ cm
2023-03-23 15:33:34,093 INFO Measurement at current 0.003077889447236181
2023-03-23 15:33:34,689 INFO T:250.67Â°K V:7.4532e-02V I:3.0779e-03A R:2.4215e+01ğ›€ E:2.3004e+00V/cm J:1.3470e-01A/cm2 ğ›’:1.7078e+01ğ›€ cm
2023-03-23 15:33:34,708 INFO Measurement at current 0.0030954773869346737
2023-03-23 15:33:35,309 INFO T:250.66Â°K V:7.4973e-02V I:3.0955e-03A R:2.4220e+01ğ›€ E:2.3140e+00V/cm J:1.3547e-01A/cm2 ğ›’:1.7081e+01ğ›€ cm
2023-03-23 15:33:35,330 INFO Measurement at current 0.003113065326633166
2023-03-23 15:33:35,940 INFO T:250.66Â°K V:7.5401e-02V I:3.1131e-03A R:2.4221e+01ğ›€ E:2.3272e+00V/cm J:1.3624e-01A/cm2 ğ›’:1.7082e+01ğ›€ cm
2023-03-23 15:33:35,962 INFO Measurement at current 0.0031306532663316587
2023-03-23 15:33:36,559 INFO T:250.66Â°K V:7.5828e-02V I:3.1307e-03A R:2.4221e+01ğ›€ E:2.3404e+00V/cm J:1.3701e-01A/cm2 ğ›’:1.7082e+01ğ›€ cm
2023-03-23 15:33:36,575 INFO Measurement at current 0.003148241206030151
2023-03-23 15:33:37,181 INFO T:250.65Â°K V:7.6255e-02V I:3.1482e-03A R:2.4222e+01ğ›€ E:2.3536e+00V/cm J:1.3778e-01A/cm2 ğ›’:1.7082e+01ğ›€ cm
2023-03-23 15:33:37,211 INFO Measurement at current 0.0031658291457286433
2023-03-23 15:33:37,819 INFO T:250.65Â°K V:7.6692e-02V I:3.1658e-03A R:2.4225e+01ğ›€ E:2.3670e+00V/cm J:1.3855e-01A/cm2 ğ›’:1.7085e+01ğ›€ cm
2023-03-23 15:33:37,867 INFO Measurement at current 0.003183417085427136
2023-03-23 15:33:38,479 INFO T:250.65Â°K V:7.7110e-02V I:3.1834e-03A R:2.4222e+01ğ›€ E:2.3799e+00V/cm J:1.3932e-01A/cm2 ğ›’:1.7083e+01ğ›€ cm
2023-03-23 15:33:38,499 INFO Measurement at current 0.0032010050251256284
2023-03-23 15:33:39,129 INFO T:250.64Â°K V:7.7532e-02V I:3.2010e-03A R:2.4221e+01ğ›€ E:2.3930e+00V/cm J:1.4009e-01A/cm2 ğ›’:1.7082e+01ğ›€ cm
2023-03-23 15:33:39,163 INFO Measurement at current 0.003218592964824121
2023-03-23 15:33:39,753 INFO T:250.64Â°K V:7.7962e-02V I:3.2186e-03A R:2.4222e+01ğ›€ E:2.4062e+00V/cm J:1.4086e-01A/cm2 ğ›’:1.7083e+01ğ›€ cm
2023-03-23 15:33:39,770 INFO Measurement at current 0.0032361809045226135
2023-03-23 15:33:40,370 INFO T:250.64Â°K V:7.8396e-02V I:3.2362e-03A R:2.4225e+01ğ›€ E:2.4196e+00V/cm J:1.4163e-01A/cm2 ğ›’:1.7084e+01ğ›€ cm
2023-03-23 15:33:40,398 INFO Measurement at current 0.003253768844221106
2023-03-23 15:33:40,988 INFO T:250.63Â°K V:7.8838e-02V I:3.2538e-03A R:2.4230e+01ğ›€ E:2.4333e+00V/cm J:1.4240e-01A/cm2 ğ›’:1.7088e+01ğ›€ cm
2023-03-23 15:33:41,012 INFO Measurement at current 0.003271356783919598
2023-03-23 15:33:41,602 INFO T:250.63Â°K V:7.9268e-02V I:3.2714e-03A R:2.4231e+01ğ›€ E:2.4466e+00V/cm J:1.4317e-01A/cm2 ğ›’:1.7089e+01ğ›€ cm
2023-03-23 15:33:41,623 INFO Measurement at current 0.0032889447236180906
2023-03-23 15:33:42,228 INFO T:250.63Â°K V:7.9676e-02V I:3.2889e-03A R:2.4226e+01ğ›€ E:2.4591e+00V/cm J:1.4394e-01A/cm2 ğ›’:1.7085e+01ğ›€ cm
2023-03-23 15:33:42,273 INFO Measurement at current 0.003306532663316583
2023-03-23 15:33:42,875 INFO T:250.62Â°K V:8.0112e-02V I:3.3065e-03A R:2.4228e+01ğ›€ E:2.4726e+00V/cm J:1.4471e-01A/cm2 ğ›’:1.7087e+01ğ›€ cm
2023-03-23 15:33:42,892 INFO Measurement at current 0.0033241206030150757
2023-03-23 15:33:43,476 INFO T:250.62Â°K V:8.0523e-02V I:3.3241e-03A R:2.4224e+01ğ›€ E:2.4853e+00V/cm J:1.4548e-01A/cm2 ğ›’:1.7084e+01ğ›€ cm
2023-03-23 15:33:43,492 INFO Measurement at current 0.003341708542713568
2023-03-23 15:33:44,100 INFO T:250.62Â°K V:8.0961e-02V I:3.3417e-03A R:2.4228e+01ğ›€ E:2.4988e+00V/cm J:1.4625e-01A/cm2 ğ›’:1.7086e+01ğ›€ cm
2023-03-23 15:33:44,121 INFO Measurement at current 0.0033592964824120607
2023-03-23 15:33:44,750 INFO T:250.62Â°K V:8.1395e-02V I:3.3593e-03A R:2.4230e+01ğ›€ E:2.5122e+00V/cm J:1.4702e-01A/cm2 ğ›’:1.7088e+01ğ›€ cm
2023-03-23 15:33:44,768 INFO Measurement at current 0.0033768844221105532
2023-03-23 15:33:45,388 INFO T:250.61Â°K V:8.1825e-02V I:3.3769e-03A R:2.4231e+01ğ›€ E:2.5255e+00V/cm J:1.4778e-01A/cm2 ğ›’:1.7089e+01ğ›€ cm
2023-03-23 15:33:45,404 INFO Measurement at current 0.0033944723618090453
2023-03-23 15:33:45,998 INFO T:250.61Â°K V:8.2249e-02V I:3.3945e-03A R:2.4230e+01ğ›€ E:2.5385e+00V/cm J:1.4855e-01A/cm2 ğ›’:1.7088e+01ğ›€ cm
2023-03-23 15:33:46,030 INFO Measurement at current 0.003412060301507538
2023-03-23 15:33:46,624 INFO T:250.61Â°K V:8.2665e-02V I:3.4121e-03A R:2.4227e+01ğ›€ E:2.5514e+00V/cm J:1.4932e-01A/cm2 ğ›’:1.7086e+01ğ›€ cm
2023-03-23 15:33:46,661 INFO Measurement at current 0.0034296482412060304
2023-03-23 15:33:47,278 INFO T:250.60Â°K V:8.3103e-02V I:3.4296e-03A R:2.4231e+01ğ›€ E:2.5649e+00V/cm J:1.5009e-01A/cm2 ğ›’:1.7089e+01ğ›€ cm
2023-03-23 15:33:47,297 INFO Measurement at current 0.003447236180904523
2023-03-23 15:33:47,929 INFO T:250.60Â°K V:8.3526e-02V I:3.4472e-03A R:2.4230e+01ğ›€ E:2.5780e+00V/cm J:1.5086e-01A/cm2 ğ›’:1.7088e+01ğ›€ cm
2023-03-23 15:33:47,957 INFO Measurement at current 0.0034648241206030155
2023-03-23 15:33:48,551 INFO T:250.60Â°K V:8.3964e-02V I:3.4648e-03A R:2.4233e+01ğ›€ E:2.5915e+00V/cm J:1.5163e-01A/cm2 ğ›’:1.7090e+01ğ›€ cm
2023-03-23 15:33:48,571 INFO Measurement at current 0.003482412060301508
2023-03-23 15:33:49,161 INFO T:250.59Â°K V:8.4401e-02V I:3.4824e-03A R:2.4236e+01ğ›€ E:2.6050e+00V/cm J:1.5240e-01A/cm2 ğ›’:1.7093e+01ğ›€ cm
2023-03-23 15:33:49,196 INFO Measurement at current 0.0035
2023-03-23 15:33:49,783 INFO T:250.59Â°K V:8.4825e-02V I:3.5000e-03A R:2.4236e+01ğ›€ E:2.6181e+00V/cm J:1.5317e-01A/cm2 ğ›’:1.7092e+01ğ›€ cm
2023-03-23 15:34:07,009 INFO Save the description file
2023-03-23 15:34:07,013 INFO Save data in numpy format Esperimenti/CPRO_MUSA_230323_bis/CPRO_MUSA_230323_bis_current_from_0_to_35e-4A/CPRO_MUSA_230323_bis_current_from_0_to_35e-4A-20230323153403
2023-03-23 15:34:07,021 INFO Save data in CSV format Esperimenti/CPRO_MUSA_230323_bis/CPRO_MUSA_230323_bis_current_from_0_to_35e-4A/CPRO_MUSA_230323_bis_current_from_0_to_35e-4A-20230323153403.csv
2023-03-23 15:34:07,035 INFO Save plot as image Esperimenti/CPRO_MUSA_230323_bis/CPRO_MUSA_230323_bis_current_from_0_to_35e-4A/CPRO_MUSA_230323_bis_current_from_0_to_35e-4A-20230323153403.png
