2023-03-23 16:28:29,813 INFO ### Start experiment: CPRO_MUSA_230323_bis current from 0 to 35e-4A ###
2023-03-23 16:28:31,159 INFO Found Multimeter KEITHLEY INSTRUMENTS INC.,MODEL 2700,0884890,B03  /A02  

2023-03-23 16:28:32,195 INFO Found Nanovolt Meter KEITHLEY INSTRUMENTS INC.,MODEL 2182A,4056474,C03  /A02  

2023-03-23 16:28:32,317 INFO Found Source Meter KEITHLEY INSTRUMENTS INC.,MODEL 2400,0945684,C24   Feb 14 2002 11:59:45/A02  /K/H

2023-03-23 16:28:32,446 INFO Start the measurement loop
2023-03-23 16:28:36,340 INFO Measurement at current 0.0
2023-03-23 16:28:37,265 INFO T:192.25Â°K V:9.4907e-05V I:0.0000e+00A R:infğ›€ E:2.9292e-03V/cm J:0.0000e+00A/cm2 ğ›’:infğ›€ cm
2023-03-23 16:28:37,305 INFO Measurement at current 1.7587939698492464e-05
2023-03-23 16:28:37,902 INFO T:192.24Â°K V:7.7135e-03V I:1.7588e-05A R:4.3857e+02ğ›€ E:2.3807e-01V/cm J:7.6971e-04A/cm2 ğ›’:3.0930e+02ğ›€ cm
2023-03-23 16:28:37,932 INFO Measurement at current 3.517587939698493e-05
2023-03-23 16:28:39,185 INFO T:192.22Â°K V:1.5500e-02V I:3.5176e-05A R:4.4065e+02ğ›€ E:4.7841e-01V/cm J:1.5394e-03A/cm2 ğ›’:3.1077e+02ğ›€ cm
2023-03-23 16:28:39,202 INFO Measurement at current 5.2763819095477394e-05
2023-03-23 16:28:39,809 INFO T:192.22Â°K V:2.3174e-02V I:5.2764e-05A R:4.3920e+02ğ›€ E:7.1524e-01V/cm J:2.3091e-03A/cm2 ğ›’:3.0974e+02ğ›€ cm
2023-03-23 16:28:39,828 INFO Measurement at current 7.035175879396985e-05
2023-03-23 16:28:40,422 INFO T:192.21Â°K V:3.0900e-02V I:7.0352e-05A R:4.3922e+02ğ›€ E:9.5370e-01V/cm J:3.0789e-03A/cm2 ğ›’:3.0976e+02ğ›€ cm
2023-03-23 16:28:40,443 INFO Measurement at current 8.793969849246232e-05
2023-03-23 16:28:41,037 INFO T:192.20Â°K V:3.8709e-02V I:8.7940e-05A R:4.4018e+02ğ›€ E:1.1947e+00V/cm J:3.8486e-03A/cm2 ğ›’:3.1043e+02ğ›€ cm
2023-03-23 16:28:41,059 INFO Measurement at current 0.00010552763819095479
2023-03-23 16:28:41,651 INFO T:192.19Â°K V:4.6274e-02V I:1.0553e-04A R:4.3850e+02ğ›€ E:1.4282e+00V/cm J:4.6183e-03A/cm2 ğ›’:3.0925e+02ğ›€ cm
2023-03-23 16:28:41,675 INFO Measurement at current 0.00012311557788944724
2023-03-23 16:28:42,278 INFO T:192.18Â°K V:5.3959e-02V I:1.2312e-04A R:4.3828e+02ğ›€ E:1.6654e+00V/cm J:5.3880e-03A/cm2 ğ›’:3.0910e+02ğ›€ cm
2023-03-23 16:28:42,298 INFO Measurement at current 0.0001407035175879397
2023-03-23 16:28:42,882 INFO T:192.18Â°K V:6.2555e-02V I:1.4070e-04A R:4.4459e+02ğ›€ E:1.9307e+00V/cm J:6.1577e-03A/cm2 ğ›’:3.1354e+02ğ›€ cm
2023-03-23 16:28:42,898 INFO Measurement at current 0.00015829145728643218
2023-03-23 16:28:43,487 INFO T:192.17Â°K V:6.9935e-02V I:1.5829e-04A R:4.4181e+02ğ›€ E:2.1585e+00V/cm J:6.9274e-03A/cm2 ğ›’:3.1159e+02ğ›€ cm
2023-03-23 16:28:43,505 INFO Measurement at current 0.00017587939698492463
2023-03-23 16:28:44,102 INFO T:192.16Â°K V:7.7209e-02V I:1.7588e-04A R:4.3899e+02ğ›€ E:2.3830e+00V/cm J:7.6971e-03A/cm2 ğ›’:3.0960e+02ğ›€ cm
2023-03-23 16:28:44,124 INFO Measurement at current 0.0001934673366834171
2023-03-23 16:28:44,724 INFO T:192.15Â°K V:8.5375e-02V I:1.9347e-04A R:4.4129e+02ğ›€ E:2.6350e+00V/cm J:8.4668e-03A/cm2 ğ›’:3.1122e+02ğ›€ cm
2023-03-23 16:28:44,757 INFO Measurement at current 0.00021105527638190958
2023-03-23 16:28:45,358 INFO T:192.14Â°K V:9.3006e-02V I:2.1106e-04A R:4.4067e+02ğ›€ E:2.8705e+00V/cm J:9.2366e-03A/cm2 ğ›’:3.1078e+02ğ›€ cm
2023-03-23 16:28:45,374 INFO Measurement at current 0.00022864321608040202
2023-03-23 16:28:45,959 INFO T:192.14Â°K V:1.0136e-01V I:2.2864e-04A R:4.4333e+02ğ›€ E:3.1285e+00V/cm J:1.0006e-02A/cm2 ğ›’:3.1265e+02ğ›€ cm
2023-03-23 16:28:45,978 INFO Measurement at current 0.00024623115577889447
2023-03-23 16:28:46,575 INFO T:192.13Â°K V:1.0969e-01V I:2.4623e-04A R:4.4548e+02ğ›€ E:3.3855e+00V/cm J:1.0776e-02A/cm2 ğ›’:3.1417e+02ğ›€ cm
2023-03-23 16:28:46,596 INFO Measurement at current 0.00026381909547738695
2023-03-23 16:28:47,185 INFO T:192.12Â°K V:1.1766e-01V I:2.6382e-04A R:4.4601e+02ğ›€ E:3.6316e+00V/cm J:1.1546e-02A/cm2 ğ›’:3.1454e+02ğ›€ cm
2023-03-23 16:28:47,209 INFO Measurement at current 0.0002814070351758794
2023-03-23 16:28:48,536 INFO T:192.10Â°K V:1.2518e-01V I:2.8141e-04A R:4.4485e+02ğ›€ E:3.8637e+00V/cm J:1.2315e-02A/cm2 ğ›’:3.1373e+02ğ›€ cm
2023-03-23 16:28:48,553 INFO Measurement at current 0.0002989949748743719
2023-03-23 16:28:49,153 INFO T:192.09Â°K V:1.3216e-01V I:2.9899e-04A R:4.4200e+02ğ›€ E:4.0789e+00V/cm J:1.3085e-02A/cm2 ğ›’:3.1172e+02ğ›€ cm
2023-03-23 16:28:49,178 INFO Measurement at current 0.00031658291457286437
2023-03-23 16:28:49,770 INFO T:192.09Â°K V:1.4066e-01V I:3.1658e-04A R:4.4432e+02ğ›€ E:4.3415e+00V/cm J:1.3855e-02A/cm2 ğ›’:3.1335e+02ğ›€ cm
2023-03-23 16:28:49,794 INFO Measurement at current 0.0003341708542713568
2023-03-23 16:28:50,398 INFO T:192.08Â°K V:1.4805e-01V I:3.3417e-04A R:4.4303e+02ğ›€ E:4.5693e+00V/cm J:1.4625e-02A/cm2 ğ›’:3.1244e+02ğ›€ cm
2023-03-23 16:28:50,426 INFO Measurement at current 0.00035175879396984926
2023-03-23 16:28:51,017 INFO T:192.07Â°K V:1.5741e-01V I:3.5176e-04A R:4.4751e+02ğ›€ E:4.8585e+00V/cm J:1.5394e-02A/cm2 ğ›’:3.1560e+02ğ›€ cm
2023-03-23 16:28:51,035 INFO Measurement at current 0.00036934673366834173
2023-03-23 16:28:51,624 INFO T:192.06Â°K V:1.6528e-01V I:3.6935e-04A R:4.4750e+02ğ›€ E:5.1013e+00V/cm J:1.6164e-02A/cm2 ğ›’:3.1560e+02ğ›€ cm
2023-03-23 16:28:51,652 INFO Measurement at current 0.0003869346733668342
2023-03-23 16:28:52,240 INFO T:192.05Â°K V:1.7431e-01V I:3.8693e-04A R:4.5049e+02ğ›€ E:5.3800e+00V/cm J:1.6934e-02A/cm2 ğ›’:3.1771e+02ğ›€ cm
2023-03-23 16:28:52,263 INFO Measurement at current 0.0004045226130653267
2023-03-23 16:28:52,864 INFO T:192.05Â°K V:1.8131e-01V I:4.0452e-04A R:4.4820e+02ğ›€ E:5.5959e+00V/cm J:1.7703e-02A/cm2 ğ›’:3.1609e+02ğ›€ cm
2023-03-23 16:28:52,893 INFO Measurement at current 0.00042211055276381916
2023-03-23 16:28:53,487 INFO T:192.04Â°K V:1.8949e-01V I:4.2211e-04A R:4.4891e+02ğ›€ E:5.8485e+00V/cm J:1.8473e-02A/cm2 ğ›’:3.1659e+02ğ›€ cm
2023-03-23 16:28:53,504 INFO Measurement at current 0.0004396984924623116
2023-03-23 16:28:54,092 INFO T:192.03Â°K V:1.9693e-01V I:4.3970e-04A R:4.4787e+02ğ›€ E:6.0780e+00V/cm J:1.9243e-02A/cm2 ğ›’:3.1586e+02ğ›€ cm
2023-03-23 16:28:54,111 INFO Measurement at current 0.00045728643216080405
2023-03-23 16:28:54,708 INFO T:192.02Â°K V:2.0464e-01V I:4.5729e-04A R:4.4750e+02ğ›€ E:6.3159e+00V/cm J:2.0013e-02A/cm2 ğ›’:3.1560e+02ğ›€ cm
2023-03-23 16:28:54,725 INFO Measurement at current 0.0004748743718592965
2023-03-23 16:28:55,314 INFO T:192.01Â°K V:2.1334e-01V I:4.7487e-04A R:4.4926e+02ğ›€ E:6.5847e+00V/cm J:2.0782e-02A/cm2 ğ›’:3.1684e+02ğ›€ cm
2023-03-23 16:28:55,337 INFO Measurement at current 0.0004924623115577889
2023-03-23 16:28:55,939 INFO T:192.01Â°K V:2.2148e-01V I:4.9246e-04A R:4.4974e+02ğ›€ E:6.8359e+00V/cm J:2.1552e-02A/cm2 ğ›’:3.1718e+02ğ›€ cm
2023-03-23 16:28:55,956 INFO Measurement at current 0.0005100502512562815
2023-03-23 16:28:56,548 INFO T:192.00Â°K V:2.2968e-01V I:5.1005e-04A R:4.5032e+02ğ›€ E:7.0890e+00V/cm J:2.2322e-02A/cm2 ğ›’:3.1758e+02ğ›€ cm
2023-03-23 16:28:56,565 INFO Measurement at current 0.0005276381909547739
2023-03-23 16:28:57,157 INFO T:191.99Â°K V:2.3770e-01V I:5.2764e-04A R:4.5051e+02ğ›€ E:7.3365e+00V/cm J:2.3091e-02A/cm2 ğ›’:3.1772e+02ğ›€ cm
2023-03-23 16:28:57,173 INFO Measurement at current 0.0005452261306532664
2023-03-23 16:28:57,761 INFO T:191.98Â°K V:2.4617e-01V I:5.4523e-04A R:4.5150e+02ğ›€ E:7.5978e+00V/cm J:2.3861e-02A/cm2 ğ›’:3.1842e+02ğ›€ cm
2023-03-23 16:28:57,777 INFO Measurement at current 0.0005628140703517588
2023-03-23 16:28:58,365 INFO T:191.97Â°K V:2.5362e-01V I:5.6281e-04A R:4.5063e+02ğ›€ E:7.8279e+00V/cm J:2.4631e-02A/cm2 ğ›’:3.1781e+02ğ›€ cm
2023-03-23 16:28:58,389 INFO Measurement at current 0.0005804020100502513
2023-03-23 16:28:58,975 INFO T:191.97Â°K V:2.6204e-01V I:5.8040e-04A R:4.5147e+02ğ›€ E:8.0876e+00V/cm J:2.5401e-02A/cm2 ğ›’:3.1840e+02ğ›€ cm
2023-03-23 16:28:58,991 INFO Measurement at current 0.0005979899497487438
2023-03-23 16:28:59,589 INFO T:191.96Â°K V:2.7002e-01V I:5.9799e-04A R:4.5154e+02ğ›€ E:8.3339e+00V/cm J:2.6170e-02A/cm2 ğ›’:3.1845e+02ğ›€ cm
2023-03-23 16:28:59,608 INFO Measurement at current 0.0006155778894472362
2023-03-23 16:29:00,199 INFO T:191.95Â°K V:2.7750e-01V I:6.1558e-04A R:4.5080e+02ğ›€ E:8.5649e+00V/cm J:2.6940e-02A/cm2 ğ›’:3.1793e+02ğ›€ cm
2023-03-23 16:29:00,222 INFO Measurement at current 0.0006331658291457287
2023-03-23 16:29:00,815 INFO T:191.94Â°K V:2.8438e-01V I:6.3317e-04A R:4.4913e+02ğ›€ E:8.7770e+00V/cm J:2.7710e-02A/cm2 ğ›’:3.1675e+02ğ›€ cm
2023-03-23 16:29:00,832 INFO Measurement at current 0.0006507537688442212
2023-03-23 16:29:01,426 INFO T:191.93Â°K V:2.9331e-01V I:6.5075e-04A R:4.5073e+02ğ›€ E:9.0528e+00V/cm J:2.8479e-02A/cm2 ğ›’:3.1787e+02ğ›€ cm
2023-03-23 16:29:01,456 INFO Measurement at current 0.0006683417085427136
2023-03-23 16:29:02,060 INFO T:191.93Â°K V:3.0163e-01V I:6.6834e-04A R:4.5131e+02ğ›€ E:9.3096e+00V/cm J:2.9249e-02A/cm2 ğ›’:3.1829e+02ğ›€ cm
2023-03-23 16:29:02,078 INFO Measurement at current 0.0006859296482412061
2023-03-23 16:29:02,675 INFO T:191.92Â°K V:3.0980e-01V I:6.8593e-04A R:4.5165e+02ğ›€ E:9.5617e+00V/cm J:3.0019e-02A/cm2 ğ›’:3.1852e+02ğ›€ cm
2023-03-23 16:29:02,696 INFO Measurement at current 0.0007035175879396985
2023-03-23 16:29:03,302 INFO T:191.91Â°K V:3.1675e-01V I:7.0352e-04A R:4.5023e+02ğ›€ E:9.7762e+00V/cm J:3.0789e-02A/cm2 ğ›’:3.1753e+02ğ›€ cm
2023-03-23 16:29:03,325 INFO Measurement at current 0.000721105527638191
2023-03-23 16:29:03,912 INFO T:191.90Â°K V:3.2507e-01V I:7.2111e-04A R:4.5079e+02ğ›€ E:1.0033e+01V/cm J:3.1558e-02A/cm2 ğ›’:3.1792e+02ğ›€ cm
2023-03-23 16:29:03,928 INFO Measurement at current 0.0007386934673366835
2023-03-23 16:29:04,528 INFO T:191.89Â°K V:3.3347e-01V I:7.3869e-04A R:4.5143e+02ğ›€ E:1.0292e+01V/cm J:3.2328e-02A/cm2 ğ›’:3.1837e+02ğ›€ cm
2023-03-23 16:29:04,554 INFO Measurement at current 0.0007562814070351759
2023-03-23 16:29:05,158 INFO T:191.89Â°K V:3.4320e-01V I:7.5628e-04A R:4.5380e+02ğ›€ E:1.0593e+01V/cm J:3.3098e-02A/cm2 ğ›’:3.2004e+02ğ›€ cm
2023-03-23 16:29:05,181 INFO Measurement at current 0.0007738693467336684
2023-03-23 16:29:05,776 INFO T:191.88Â°K V:3.5127e-01V I:7.7387e-04A R:4.5392e+02ğ›€ E:1.0842e+01V/cm J:3.3867e-02A/cm2 ğ›’:3.2013e+02ğ›€ cm
2023-03-23 16:29:05,807 INFO Measurement at current 0.0007914572864321608
2023-03-23 16:29:06,408 INFO T:191.87Â°K V:3.5957e-01V I:7.9146e-04A R:4.5431e+02ğ›€ E:1.1098e+01V/cm J:3.4637e-02A/cm2 ğ›’:3.2040e+02ğ›€ cm
2023-03-23 16:29:06,430 INFO Measurement at current 0.0008090452261306534
2023-03-23 16:29:07,019 INFO T:191.86Â°K V:3.6969e-01V I:8.0905e-04A R:4.5695e+02ğ›€ E:1.1410e+01V/cm J:3.5407e-02A/cm2 ğ›’:3.2226e+02ğ›€ cm
2023-03-23 16:29:07,042 INFO Measurement at current 0.0008266331658291458
2023-03-23 16:29:07,637 INFO T:191.85Â°K V:3.7605e-01V I:8.2663e-04A R:4.5492e+02ğ›€ E:1.1607e+01V/cm J:3.6177e-02A/cm2 ğ›’:3.2083e+02ğ›€ cm
2023-03-23 16:29:07,658 INFO Measurement at current 0.0008442211055276383
2023-03-23 16:29:08,256 INFO T:191.85Â°K V:3.8602e-01V I:8.4422e-04A R:4.5724e+02ğ›€ E:1.1914e+01V/cm J:3.6946e-02A/cm2 ğ›’:3.2247e+02ğ›€ cm
2023-03-23 16:29:08,276 INFO Measurement at current 0.0008618090452261307
2023-03-23 16:29:08,880 INFO T:191.84Â°K V:3.9498e-01V I:8.6181e-04A R:4.5831e+02ğ›€ E:1.2191e+01V/cm J:3.7716e-02A/cm2 ğ›’:3.2322e+02ğ›€ cm
2023-03-23 16:29:08,906 INFO Measurement at current 0.0008793969849246232
2023-03-23 16:29:09,504 INFO T:191.83Â°K V:4.0241e-01V I:8.7940e-04A R:4.5759e+02ğ›€ E:1.2420e+01V/cm J:3.8486e-02A/cm2 ğ›’:3.2272e+02ğ›€ cm
2023-03-23 16:29:09,523 INFO Measurement at current 0.0008969849246231157
2023-03-23 16:29:10,108 INFO T:191.82Â°K V:4.0851e-01V I:8.9698e-04A R:4.5542e+02ğ›€ E:1.2608e+01V/cm J:3.9255e-02A/cm2 ğ›’:3.2118e+02ğ›€ cm
2023-03-23 16:29:10,125 INFO Measurement at current 0.0009145728643216081
2023-03-23 16:29:10,710 INFO T:191.81Â°K V:4.1778e-01V I:9.1457e-04A R:4.5681e+02ğ›€ E:1.2895e+01V/cm J:4.0025e-02A/cm2 ğ›’:3.2216e+02ğ›€ cm
2023-03-23 16:29:10,726 INFO Measurement at current 0.0009321608040201006
2023-03-23 16:29:11,311 INFO T:191.81Â°K V:4.2892e-01V I:9.3216e-04A R:4.6013e+02ğ›€ E:1.3238e+01V/cm J:4.0795e-02A/cm2 ğ›’:3.2451e+02ğ›€ cm
2023-03-23 16:29:11,328 INFO Measurement at current 0.000949748743718593
2023-03-23 16:29:11,918 INFO T:191.80Â°K V:4.3728e-01V I:9.4975e-04A R:4.6042e+02ğ›€ E:1.3496e+01V/cm J:4.1564e-02A/cm2 ğ›’:3.2471e+02ğ›€ cm
2023-03-23 16:29:11,963 INFO Measurement at current 0.0009673366834170855
2023-03-23 16:29:12,558 INFO T:191.79Â°K V:4.4525e-01V I:9.6734e-04A R:4.6029e+02ğ›€ E:1.3742e+01V/cm J:4.2334e-02A/cm2 ğ›’:3.2462e+02ğ›€ cm
2023-03-23 16:29:12,583 INFO Measurement at current 0.0009849246231155779
2023-03-23 16:29:13,182 INFO T:191.78Â°K V:4.5362e-01V I:9.8492e-04A R:4.6056e+02ğ›€ E:1.4001e+01V/cm J:4.3104e-02A/cm2 ğ›’:3.2481e+02ğ›€ cm
2023-03-23 16:29:13,205 INFO Measurement at current 0.0010025125628140704
2023-03-23 16:29:13,796 INFO T:191.77Â°K V:4.6100e-01V I:1.0025e-03A R:4.5984e+02ğ›€ E:1.4228e+01V/cm J:4.3874e-02A/cm2 ğ›’:3.2430e+02ğ›€ cm
2023-03-23 16:29:13,816 INFO Measurement at current 0.001020100502512563
2023-03-23 16:29:14,407 INFO T:191.77Â°K V:4.6930e-01V I:1.0201e-03A R:4.6006e+02ğ›€ E:1.4485e+01V/cm J:4.4643e-02A/cm2 ğ›’:3.2445e+02ğ›€ cm
2023-03-23 16:29:14,424 INFO Measurement at current 0.0010376884422110553
2023-03-23 16:29:15,016 INFO T:191.76Â°K V:4.7883e-01V I:1.0377e-03A R:4.6143e+02ğ›€ E:1.4779e+01V/cm J:4.5413e-02A/cm2 ğ›’:3.2543e+02ğ›€ cm
2023-03-23 16:29:15,034 INFO Measurement at current 0.0010552763819095478
2023-03-23 16:29:15,627 INFO T:191.75Â°K V:4.7129e-01V I:1.0553e-03A R:4.4661e+02ğ›€ E:1.4546e+01V/cm J:4.6183e-02A/cm2 ğ›’:3.1497e+02ğ›€ cm
2023-03-23 16:29:15,642 INFO Measurement at current 0.0010728643216080403
2023-03-23 16:29:16,252 INFO T:191.74Â°K V:4.8072e-01V I:1.0729e-03A R:4.4807e+02ğ›€ E:1.4837e+01V/cm J:4.6952e-02A/cm2 ğ›’:3.1600e+02ğ›€ cm
2023-03-23 16:29:16,270 INFO Measurement at current 0.0010904522613065328
2023-03-23 16:29:16,865 INFO T:191.74Â°K V:4.8879e-01V I:1.0905e-03A R:4.4824e+02ğ›€ E:1.5086e+01V/cm J:4.7722e-02A/cm2 ğ›’:3.1612e+02ğ›€ cm
2023-03-23 16:29:16,886 INFO Measurement at current 0.0011080402010050251
2023-03-23 16:29:17,484 INFO T:191.73Â°K V:4.9627e-01V I:1.1080e-03A R:4.4788e+02ğ›€ E:1.5317e+01V/cm J:4.8492e-02A/cm2 ğ›’:3.1587e+02ğ›€ cm
2023-03-23 16:29:17,509 INFO Measurement at current 0.0011256281407035177
2023-03-23 16:29:18,112 INFO T:191.72Â°K V:5.0480e-01V I:1.1256e-03A R:4.4846e+02ğ›€ E:1.5580e+01V/cm J:4.9262e-02A/cm2 ğ›’:3.1628e+02ğ›€ cm
2023-03-23 16:29:18,145 INFO Measurement at current 0.0011432160804020102
2023-03-23 16:29:18,736 INFO T:191.71Â°K V:5.1204e-01V I:1.1432e-03A R:4.4789e+02ğ›€ E:1.5804e+01V/cm J:5.0031e-02A/cm2 ğ›’:3.1587e+02ğ›€ cm
2023-03-23 16:29:18,760 INFO Measurement at current 0.0011608040201005025
2023-03-23 16:29:19,345 INFO T:191.70Â°K V:5.2015e-01V I:1.1608e-03A R:4.4809e+02ğ›€ E:1.6054e+01V/cm J:5.0801e-02A/cm2 ğ›’:3.1602e+02ğ›€ cm
2023-03-23 16:29:19,364 INFO Measurement at current 0.001178391959798995
2023-03-23 16:29:19,949 INFO T:191.70Â°K V:5.2810e-01V I:1.1784e-03A R:4.4815e+02ğ›€ E:1.6299e+01V/cm J:5.1571e-02A/cm2 ğ›’:3.1606e+02ğ›€ cm
2023-03-23 16:29:19,973 INFO Measurement at current 0.0011959798994974876
2023-03-23 16:29:20,583 INFO T:191.69Â°K V:5.3534e-01V I:1.1960e-03A R:4.4762e+02ğ›€ E:1.6523e+01V/cm J:5.2340e-02A/cm2 ğ›’:3.1568e+02ğ›€ cm
2023-03-23 16:29:20,613 INFO Measurement at current 0.00121356783919598
2023-03-23 16:29:21,215 INFO T:191.68Â°K V:5.4145e-01V I:1.2136e-03A R:4.4617e+02ğ›€ E:1.6712e+01V/cm J:5.3110e-02A/cm2 ğ›’:3.1466e+02ğ›€ cm
2023-03-23 16:29:21,251 INFO Measurement at current 0.0012311557788944724
2023-03-23 16:29:21,843 INFO T:191.67Â°K V:5.4679e-01V I:1.2312e-03A R:4.4413e+02ğ›€ E:1.6876e+01V/cm J:5.3880e-02A/cm2 ğ›’:3.1322e+02ğ›€ cm
2023-03-23 16:29:21,865 INFO Measurement at current 0.001248743718592965
2023-03-23 16:29:22,464 INFO T:191.66Â°K V:5.5106e-01V I:1.2487e-03A R:4.4129e+02ğ›€ E:1.7008e+01V/cm J:5.4650e-02A/cm2 ğ›’:3.1122e+02ğ›€ cm
2023-03-23 16:29:22,483 INFO Measurement at current 0.0012663316582914575
2023-03-23 16:29:23,068 INFO T:191.66Â°K V:5.5511e-01V I:1.2663e-03A R:4.3836e+02ğ›€ E:1.7133e+01V/cm J:5.5419e-02A/cm2 ğ›’:3.0915e+02ğ›€ cm
2023-03-23 16:29:23,088 INFO Measurement at current 0.0012839195979899498
2023-03-23 16:29:23,683 INFO T:191.65Â°K V:5.6175e-01V I:1.2839e-03A R:4.3753e+02ğ›€ E:1.7338e+01V/cm J:5.6189e-02A/cm2 ğ›’:3.0856e+02ğ›€ cm
2023-03-23 16:29:23,711 INFO Measurement at current 0.0013015075376884423
2023-03-23 16:29:24,305 INFO T:191.64Â°K V:5.6771e-01V I:1.3015e-03A R:4.3620e+02ğ›€ E:1.7522e+01V/cm J:5.6959e-02A/cm2 ğ›’:3.0763e+02ğ›€ cm
2023-03-23 16:29:24,325 INFO Measurement at current 0.0013190954773869348
2023-03-23 16:29:24,916 INFO T:191.63Â°K V:5.7565e-01V I:1.3191e-03A R:4.3640e+02ğ›€ E:1.7767e+01V/cm J:5.7728e-02A/cm2 ğ›’:3.0777e+02ğ›€ cm
2023-03-23 16:29:24,938 INFO Measurement at current 0.0013366834170854271
2023-03-23 16:29:25,537 INFO T:191.62Â°K V:5.8405e-01V I:1.3367e-03A R:4.3694e+02ğ›€ E:1.8026e+01V/cm J:5.8498e-02A/cm2 ğ›’:3.0815e+02ğ›€ cm
2023-03-23 16:29:25,553 INFO Measurement at current 0.0013542713567839197
2023-03-23 16:29:26,141 INFO T:191.62Â°K V:5.9148e-01V I:1.3543e-03A R:4.3675e+02ğ›€ E:1.8255e+01V/cm J:5.9268e-02A/cm2 ğ›’:3.0802e+02ğ›€ cm
2023-03-23 16:29:26,163 INFO Measurement at current 0.0013718592964824122
2023-03-23 16:29:26,751 INFO T:191.61Â°K V:6.0137e-01V I:1.3719e-03A R:4.3836e+02ğ›€ E:1.8561e+01V/cm J:6.0038e-02A/cm2 ğ›’:3.0915e+02ğ›€ cm
2023-03-23 16:29:26,768 INFO Measurement at current 0.0013894472361809047
2023-03-23 16:29:27,353 INFO T:191.60Â°K V:6.0907e-01V I:1.3894e-03A R:4.3835e+02ğ›€ E:1.8798e+01V/cm J:6.0807e-02A/cm2 ğ›’:3.0915e+02ğ›€ cm
2023-03-23 16:29:27,369 INFO Measurement at current 0.001407035175879397
2023-03-23 16:29:27,963 INFO T:191.59Â°K V:6.1694e-01V I:1.4070e-03A R:4.3847e+02ğ›€ E:1.9041e+01V/cm J:6.1577e-02A/cm2 ğ›’:3.0923e+02ğ›€ cm
2023-03-23 16:29:27,979 INFO Measurement at current 0.0014246231155778896
2023-03-23 16:29:28,598 INFO T:191.59Â°K V:6.2461e-01V I:1.4246e-03A R:4.3844e+02ğ›€ E:1.9278e+01V/cm J:6.2347e-02A/cm2 ğ›’:3.0921e+02ğ›€ cm
2023-03-23 16:29:28,618 INFO Measurement at current 0.001442211055276382
2023-03-23 16:29:29,218 INFO T:191.58Â°K V:6.2972e-01V I:1.4422e-03A R:4.3664e+02ğ›€ E:1.9436e+01V/cm J:6.3116e-02A/cm2 ğ›’:3.0794e+02ğ›€ cm
2023-03-23 16:29:29,239 INFO Measurement at current 0.0014597989949748744
2023-03-23 16:29:29,828 INFO T:191.57Â°K V:6.3746e-01V I:1.4598e-03A R:4.3667e+02ğ›€ E:1.9675e+01V/cm J:6.3886e-02A/cm2 ğ›’:3.0796e+02ğ›€ cm
2023-03-23 16:29:29,844 INFO Measurement at current 0.001477386934673367
2023-03-23 16:29:30,460 INFO T:191.56Â°K V:6.4447e-01V I:1.4774e-03A R:4.3622e+02ğ›€ E:1.9891e+01V/cm J:6.4656e-02A/cm2 ğ›’:3.0764e+02ğ›€ cm
2023-03-23 16:29:30,479 INFO Measurement at current 0.0014949748743718595
2023-03-23 16:29:31,068 INFO T:191.55Â°K V:6.5224e-01V I:1.4950e-03A R:4.3629e+02ğ›€ E:2.0131e+01V/cm J:6.5426e-02A/cm2 ğ›’:3.0769e+02ğ›€ cm
2023-03-23 16:29:31,093 INFO Measurement at current 0.0015125628140703518
2023-03-23 16:29:31,704 INFO T:191.55Â°K V:6.5821e-01V I:1.5126e-03A R:4.3517e+02ğ›€ E:2.0315e+01V/cm J:6.6195e-02A/cm2 ğ›’:3.0690e+02ğ›€ cm
2023-03-23 16:29:31,728 INFO Measurement at current 0.0015301507537688443
2023-03-23 16:29:32,324 INFO T:191.54Â°K V:6.6791e-01V I:1.5302e-03A R:4.3650e+02ğ›€ E:2.0614e+01V/cm J:6.6965e-02A/cm2 ğ›’:3.0784e+02ğ›€ cm
2023-03-23 16:29:32,357 INFO Measurement at current 0.0015477386934673368
2023-03-23 16:29:32,949 INFO T:191.53Â°K V:6.7423e-01V I:1.5477e-03A R:4.3563e+02ğ›€ E:2.0810e+01V/cm J:6.7735e-02A/cm2 ğ›’:3.0722e+02ğ›€ cm
2023-03-23 16:29:32,978 INFO Measurement at current 0.0015653266331658294
2023-03-23 16:29:33,567 INFO T:191.52Â°K V:6.8184e-01V I:1.5653e-03A R:4.3559e+02ğ›€ E:2.1044e+01V/cm J:6.8504e-02A/cm2 ğ›’:3.0720e+02ğ›€ cm
2023-03-23 16:29:33,586 INFO Measurement at current 0.0015829145728643217
2023-03-23 16:29:34,174 INFO T:191.51Â°K V:6.8872e-01V I:1.5829e-03A R:4.3510e+02ğ›€ E:2.1257e+01V/cm J:6.9274e-02A/cm2 ğ›’:3.0685e+02ğ›€ cm
2023-03-23 16:29:34,199 INFO Measurement at current 0.0016005025125628142
2023-03-23 16:29:34,786 INFO T:191.51Â°K V:6.9627e-01V I:1.6005e-03A R:4.3503e+02ğ›€ E:2.1490e+01V/cm J:7.0044e-02A/cm2 ğ›’:3.0681e+02ğ›€ cm
2023-03-23 16:29:34,802 INFO Measurement at current 0.0016180904522613067
2023-03-23 16:29:35,387 INFO T:191.50Â°K V:7.0387e-01V I:1.6181e-03A R:4.3500e+02ğ›€ E:2.1725e+01V/cm J:7.0814e-02A/cm2 ğ›’:3.0678e+02ğ›€ cm
2023-03-23 16:29:35,412 INFO Measurement at current 0.001635678391959799
2023-03-23 16:29:36,001 INFO T:191.49Â°K V:7.1111e-01V I:1.6357e-03A R:4.3475e+02ğ›€ E:2.1948e+01V/cm J:7.1583e-02A/cm2 ğ›’:3.0661e+02ğ›€ cm
2023-03-23 16:29:36,031 INFO Measurement at current 0.0016532663316582916
2023-03-23 16:29:36,636 INFO T:191.48Â°K V:7.1822e-01V I:1.6533e-03A R:4.3442e+02ğ›€ E:2.2167e+01V/cm J:7.2353e-02A/cm2 ğ›’:3.0638e+02ğ›€ cm
2023-03-23 16:29:36,658 INFO Measurement at current 0.001670854271356784
2023-03-23 16:29:37,262 INFO T:191.47Â°K V:7.2483e-01V I:1.6709e-03A R:4.3381e+02ğ›€ E:2.2371e+01V/cm J:7.3123e-02A/cm2 ğ›’:3.0594e+02ğ›€ cm
2023-03-23 16:29:37,283 INFO Measurement at current 0.0016884422110552766
2023-03-23 16:29:37,874 INFO T:191.47Â°K V:7.3078e-01V I:1.6884e-03A R:4.3281e+02ğ›€ E:2.2555e+01V/cm J:7.3892e-02A/cm2 ğ›’:3.0524e+02ğ›€ cm
2023-03-23 16:29:37,897 INFO Measurement at current 0.001706030150753769
2023-03-23 16:29:38,485 INFO T:191.46Â°K V:7.3593e-01V I:1.7060e-03A R:4.3137e+02ğ›€ E:2.2714e+01V/cm J:7.4662e-02A/cm2 ğ›’:3.0422e+02ğ›€ cm
2023-03-23 16:29:38,524 INFO Measurement at current 0.0017236180904522615
2023-03-23 16:29:39,123 INFO T:191.45Â°K V:7.4231e-01V I:1.7236e-03A R:4.3067e+02ğ›€ E:2.2911e+01V/cm J:7.5432e-02A/cm2 ğ›’:3.0373e+02ğ›€ cm
2023-03-23 16:29:39,148 INFO Measurement at current 0.001741206030150754
2023-03-23 16:29:39,761 INFO T:191.44Â°K V:7.4947e-01V I:1.7412e-03A R:4.3043e+02ğ›€ E:2.3132e+01V/cm J:7.6202e-02A/cm2 ğ›’:3.0356e+02ğ›€ cm
2023-03-23 16:29:39,784 INFO Measurement at current 0.0017587939698492463
2023-03-23 16:29:40,386 INFO T:191.44Â°K V:7.5543e-01V I:1.7588e-03A R:4.2952e+02ğ›€ E:2.3316e+01V/cm J:7.6971e-02A/cm2 ğ›’:3.0292e+02ğ›€ cm
2023-03-23 16:29:40,426 INFO Measurement at current 0.0017763819095477388
2023-03-23 16:29:41,045 INFO T:191.43Â°K V:7.6110e-01V I:1.7764e-03A R:4.2846e+02ğ›€ E:2.3491e+01V/cm J:7.7741e-02A/cm2 ğ›’:3.0217e+02ğ›€ cm
2023-03-23 16:29:41,073 INFO Measurement at current 0.0017939698492462314
2023-03-23 16:29:41,673 INFO T:191.42Â°K V:7.6622e-01V I:1.7940e-03A R:4.2711e+02ğ›€ E:2.3649e+01V/cm J:7.8511e-02A/cm2 ğ›’:3.0122e+02ğ›€ cm
2023-03-23 16:29:41,694 INFO Measurement at current 0.0018115577889447237
2023-03-23 16:29:42,306 INFO T:191.41Â°K V:7.7308e-01V I:1.8116e-03A R:4.2675e+02ğ›€ E:2.3860e+01V/cm J:7.9280e-02A/cm2 ğ›’:3.0096e+02ğ›€ cm
2023-03-23 16:29:42,333 INFO Measurement at current 0.0018291457286432162
2023-03-23 16:29:42,923 INFO T:191.40Â°K V:7.7922e-01V I:1.8291e-03A R:4.2600e+02ğ›€ E:2.4050e+01V/cm J:8.0050e-02A/cm2 ğ›’:3.0044e+02ğ›€ cm
2023-03-23 16:29:42,943 INFO Measurement at current 0.0018467336683417087
2023-03-23 16:29:43,527 INFO T:191.40Â°K V:7.8478e-01V I:1.8467e-03A R:4.2496e+02ğ›€ E:2.4222e+01V/cm J:8.0820e-02A/cm2 ğ›’:2.9970e+02ğ›€ cm
2023-03-23 16:29:43,543 INFO Measurement at current 0.0018643216080402013
2023-03-23 16:29:44,150 INFO T:191.39Â°K V:7.9059e-01V I:1.8643e-03A R:4.2406e+02ğ›€ E:2.4401e+01V/cm J:8.1590e-02A/cm2 ğ›’:2.9907e+02ğ›€ cm
2023-03-23 16:29:44,184 INFO Measurement at current 0.0018819095477386936
2023-03-23 16:29:44,791 INFO T:191.38Â°K V:7.9883e-01V I:1.8819e-03A R:4.2448e+02ğ›€ E:2.4655e+01V/cm J:8.2359e-02A/cm2 ğ›’:2.9936e+02ğ›€ cm
2023-03-23 16:29:44,822 INFO Measurement at current 0.001899497487437186
2023-03-23 16:29:45,408 INFO T:191.37Â°K V:8.0649e-01V I:1.8995e-03A R:4.2458e+02ğ›€ E:2.4892e+01V/cm J:8.3129e-02A/cm2 ğ›’:2.9944e+02ğ›€ cm
2023-03-23 16:29:45,425 INFO Measurement at current 0.0019170854271356786
2023-03-23 16:29:46,013 INFO T:191.36Â°K V:8.1279e-01V I:1.9171e-03A R:4.2397e+02ğ›€ E:2.5086e+01V/cm J:8.3899e-02A/cm2 ğ›’:2.9900e+02ğ›€ cm
2023-03-23 16:29:46,036 INFO Measurement at current 0.001934673366834171
2023-03-23 16:29:46,642 INFO T:191.36Â°K V:8.2359e-01V I:1.9347e-03A R:4.2570e+02ğ›€ E:2.5419e+01V/cm J:8.4668e-02A/cm2 ğ›’:3.0022e+02ğ›€ cm
2023-03-23 16:29:46,660 INFO Measurement at current 0.0019522613065326635
2023-03-23 16:29:47,248 INFO T:191.35Â°K V:8.3133e-01V I:1.9523e-03A R:4.2583e+02ğ›€ E:2.5658e+01V/cm J:8.5438e-02A/cm2 ğ›’:3.0032e+02ğ›€ cm
2023-03-23 16:29:47,263 INFO Measurement at current 0.0019698492462311558
2023-03-23 16:29:47,853 INFO T:191.34Â°K V:8.3602e-01V I:1.9698e-03A R:4.2441e+02ğ›€ E:2.5803e+01V/cm J:8.6208e-02A/cm2 ğ›’:2.9931e+02ğ›€ cm
2023-03-23 16:29:47,893 INFO Measurement at current 0.0019874371859296483
2023-03-23 16:29:48,493 INFO T:191.33Â°K V:8.4343e-01V I:1.9874e-03A R:4.2438e+02ğ›€ E:2.6032e+01V/cm J:8.6978e-02A/cm2 ğ›’:2.9929e+02ğ›€ cm
2023-03-23 16:29:48,516 INFO Measurement at current 0.002005025125628141
2023-03-23 16:29:49,103 INFO T:191.32Â°K V:8.4962e-01V I:2.0050e-03A R:4.2375e+02ğ›€ E:2.6223e+01V/cm J:8.7747e-02A/cm2 ğ›’:2.9885e+02ğ›€ cm
2023-03-23 16:29:49,127 INFO Measurement at current 0.0020226130653266334
2023-03-23 16:29:49,741 INFO T:191.32Â°K V:8.5562e-01V I:2.0226e-03A R:4.2303e+02ğ›€ E:2.6408e+01V/cm J:8.8517e-02A/cm2 ğ›’:2.9834e+02ğ›€ cm
2023-03-23 16:29:49,779 INFO Measurement at current 0.002040201005025126
2023-03-23 16:29:50,370 INFO T:191.31Â°K V:8.6374e-01V I:2.0402e-03A R:4.2336e+02ğ›€ E:2.6659e+01V/cm J:8.9287e-02A/cm2 ğ›’:2.9857e+02ğ›€ cm
2023-03-23 16:29:50,424 INFO Measurement at current 0.0020577889447236184
2023-03-23 16:29:51,010 INFO T:191.30Â°K V:8.7149e-01V I:2.0578e-03A R:4.2351e+02ğ›€ E:2.6898e+01V/cm J:9.0056e-02A/cm2 ğ›’:2.9868e+02ğ›€ cm
2023-03-23 16:29:51,043 INFO Measurement at current 0.0020753768844221105
2023-03-23 16:29:51,634 INFO T:191.29Â°K V:8.7786e-01V I:2.0754e-03A R:4.2299e+02ğ›€ E:2.7094e+01V/cm J:9.0826e-02A/cm2 ğ›’:2.9831e+02ğ›€ cm
2023-03-23 16:29:51,649 INFO Measurement at current 0.002092964824120603
2023-03-23 16:29:52,261 INFO T:191.28Â°K V:8.8459e-01V I:2.0930e-03A R:4.2265e+02ğ›€ E:2.7302e+01V/cm J:9.1596e-02A/cm2 ğ›’:2.9807e+02ğ›€ cm
2023-03-23 16:29:52,287 INFO Measurement at current 0.0021105527638190956
2023-03-23 16:29:52,884 INFO T:191.28Â°K V:8.9129e-01V I:2.1106e-03A R:4.2230e+02ğ›€ E:2.7509e+01V/cm J:9.2366e-02A/cm2 ğ›’:2.9783e+02ğ›€ cm
2023-03-23 16:29:52,902 INFO Measurement at current 0.002128140703517588
2023-03-23 16:29:53,518 INFO T:191.27Â°K V:8.9568e-01V I:2.1281e-03A R:4.2087e+02ğ›€ E:2.7644e+01V/cm J:9.3135e-02A/cm2 ğ›’:2.9682e+02ğ›€ cm
2023-03-23 16:29:53,556 INFO Measurement at current 0.0021457286432160806
2023-03-23 16:29:54,145 INFO T:191.26Â°K V:9.0318e-01V I:2.1457e-03A R:4.2092e+02ğ›€ E:2.7876e+01V/cm J:9.3905e-02A/cm2 ğ›’:2.9685e+02ğ›€ cm
2023-03-23 16:29:54,160 INFO Measurement at current 0.002163316582914573
2023-03-23 16:29:54,753 INFO T:191.25Â°K V:9.0908e-01V I:2.1633e-03A R:4.2023e+02ğ›€ E:2.8058e+01V/cm J:9.4675e-02A/cm2 ğ›’:2.9636e+02ğ›€ cm
2023-03-23 16:29:54,775 INFO Measurement at current 0.0021809045226130657
2023-03-23 16:29:55,369 INFO T:191.25Â°K V:9.1578e-01V I:2.1809e-03A R:4.1991e+02ğ›€ E:2.8265e+01V/cm J:9.5444e-02A/cm2 ğ›’:2.9614e+02ğ›€ cm
2023-03-23 16:29:55,401 INFO Measurement at current 0.0021984924623115578
2023-03-23 16:29:56,009 INFO T:191.24Â°K V:9.2150e-01V I:2.1985e-03A R:4.1915e+02ğ›€ E:2.8441e+01V/cm J:9.6214e-02A/cm2 ğ›’:2.9560e+02ğ›€ cm
2023-03-23 16:29:56,041 INFO Measurement at current 0.0022160804020100503
2023-03-23 16:29:56,638 INFO T:191.23Â°K V:9.2802e-01V I:2.2161e-03A R:4.1877e+02ğ›€ E:2.8643e+01V/cm J:9.6984e-02A/cm2 ğ›’:2.9533e+02ğ›€ cm
2023-03-23 16:29:56,667 INFO Measurement at current 0.002233668341708543
2023-03-23 16:29:57,296 INFO T:191.22Â°K V:9.3767e-01V I:2.2337e-03A R:4.1979e+02ğ›€ E:2.8940e+01V/cm J:9.7754e-02A/cm2 ğ›’:2.9606e+02ğ›€ cm
2023-03-23 16:29:57,316 INFO Measurement at current 0.0022512562814070354
2023-03-23 16:29:57,910 INFO T:191.21Â°K V:9.4632e-01V I:2.2513e-03A R:4.2035e+02ğ›€ E:2.9208e+01V/cm J:9.8523e-02A/cm2 ğ›’:2.9645e+02ğ›€ cm
2023-03-23 16:29:57,926 INFO Measurement at current 0.002268844221105528
2023-03-23 16:29:58,520 INFO T:191.21Â°K V:9.5290e-01V I:2.2688e-03A R:4.1999e+02ğ›€ E:2.9410e+01V/cm J:9.9293e-02A/cm2 ğ›’:2.9620e+02ğ›€ cm
2023-03-23 16:29:58,539 INFO Measurement at current 0.0022864321608040204
2023-03-23 16:29:59,160 INFO T:191.20Â°K V:9.6008e-01V I:2.2864e-03A R:4.1990e+02ğ›€ E:2.9632e+01V/cm J:1.0006e-01A/cm2 ğ›’:2.9613e+02ğ›€ cm
2023-03-23 16:29:59,182 INFO Measurement at current 0.002304020100502513
2023-03-23 16:29:59,790 INFO T:191.19Â°K V:9.6617e-01V I:2.3040e-03A R:4.1934e+02ğ›€ E:2.9820e+01V/cm J:1.0083e-01A/cm2 ğ›’:2.9574e+02ğ›€ cm
2023-03-23 16:29:59,818 INFO Measurement at current 0.002321608040201005
2023-03-23 16:30:00,408 INFO T:191.18Â°K V:9.7076e-01V I:2.3216e-03A R:4.1814e+02ğ›€ E:2.9962e+01V/cm J:1.0160e-01A/cm2 ğ›’:2.9489e+02ğ›€ cm
2023-03-23 16:30:00,425 INFO Measurement at current 0.0023391959798994976
2023-03-23 16:30:01,015 INFO T:191.17Â°K V:9.7603e-01V I:2.3392e-03A R:4.1725e+02ğ›€ E:3.0125e+01V/cm J:1.0237e-01A/cm2 ğ›’:2.9427e+02ğ›€ cm
2023-03-23 16:30:01,033 INFO Measurement at current 0.00235678391959799
2023-03-23 16:30:01,620 INFO T:191.17Â°K V:9.8157e-01V I:2.3568e-03A R:4.1649e+02ğ›€ E:3.0295e+01V/cm J:1.0314e-01A/cm2 ğ›’:2.9373e+02ğ›€ cm
2023-03-23 16:30:01,637 INFO Measurement at current 0.0023743718592964826
2023-03-23 16:30:02,226 INFO T:191.16Â°K V:9.8757e-01V I:2.3744e-03A R:4.1593e+02ğ›€ E:3.0480e+01V/cm J:1.0391e-01A/cm2 ğ›’:2.9333e+02ğ›€ cm
2023-03-23 16:30:02,247 INFO Measurement at current 0.002391959798994975
2023-03-23 16:30:02,839 INFO T:191.15Â°K V:9.9387e-01V I:2.3920e-03A R:4.1551e+02ğ›€ E:3.0675e+01V/cm J:1.0468e-01A/cm2 ğ›’:2.9303e+02ğ›€ cm
2023-03-23 16:30:02,860 INFO Measurement at current 0.0024095477386934677
2023-03-23 16:30:03,465 INFO T:191.14Â°K V:1.0021e+00V I:2.4095e-03A R:4.1590e+02ğ›€ E:3.0930e+01V/cm J:1.0545e-01A/cm2 ğ›’:2.9331e+02ğ›€ cm
2023-03-23 16:30:03,484 INFO Measurement at current 0.00242713567839196
2023-03-23 16:30:04,084 INFO T:191.14Â°K V:1.0076e+00V I:2.4271e-03A R:4.1515e+02ğ›€ E:3.1100e+01V/cm J:1.0622e-01A/cm2 ğ›’:2.9278e+02ğ›€ cm
2023-03-23 16:30:04,121 INFO Measurement at current 0.0024447236180904523
2023-03-23 16:30:04,733 INFO T:191.13Â°K V:1.0108e+00V I:2.4447e-03A R:4.1348e+02ğ›€ E:3.1199e+01V/cm J:1.0699e-01A/cm2 ğ›’:2.9160e+02ğ›€ cm
2023-03-23 16:30:04,763 INFO Measurement at current 0.002462311557788945
2023-03-23 16:30:05,400 INFO T:191.12Â°K V:1.0185e+00V I:2.4623e-03A R:4.1364e+02ğ›€ E:3.1435e+01V/cm J:1.0776e-01A/cm2 ğ›’:2.9172e+02ğ›€ cm
2023-03-23 16:30:05,443 INFO Measurement at current 0.0024798994974874373
2023-03-23 16:30:06,050 INFO T:191.11Â°K V:1.0212e+00V I:2.4799e-03A R:4.1178e+02ğ›€ E:3.1518e+01V/cm J:1.0853e-01A/cm2 ğ›’:2.9041e+02ğ›€ cm
2023-03-23 16:30:06,087 INFO Measurement at current 0.00249748743718593
2023-03-23 16:30:06,686 INFO T:191.10Â°K V:1.0274e+00V I:2.4975e-03A R:4.1136e+02ğ›€ E:3.1709e+01V/cm J:1.0930e-01A/cm2 ğ›’:2.9011e+02ğ›€ cm
2023-03-23 16:30:06,706 INFO Measurement at current 0.0025150753768844224
2023-03-23 16:30:07,324 INFO T:191.10Â°K V:1.0365e+00V I:2.5151e-03A R:4.1212e+02ğ›€ E:3.1991e+01V/cm J:1.1007e-01A/cm2 ğ›’:2.9065e+02ğ›€ cm
2023-03-23 16:30:07,368 INFO Measurement at current 0.002532663316582915
2023-03-23 16:30:07,972 INFO T:191.09Â°K V:1.0427e+00V I:2.5327e-03A R:4.1171e+02ğ›€ E:3.2183e+01V/cm J:1.1084e-01A/cm2 ğ›’:2.9036e+02ğ›€ cm
2023-03-23 16:30:07,990 INFO Measurement at current 0.002550251256281407
2023-03-23 16:30:08,584 INFO T:191.08Â°K V:1.0463e+00V I:2.5503e-03A R:4.1027e+02ğ›€ E:3.2293e+01V/cm J:1.1161e-01A/cm2 ğ›’:2.8934e+02ğ›€ cm
2023-03-23 16:30:08,617 INFO Measurement at current 0.0025678391959798996
2023-03-23 16:30:09,208 INFO T:191.07Â°K V:1.0512e+00V I:2.5678e-03A R:4.0938e+02ğ›€ E:3.2445e+01V/cm J:1.1238e-01A/cm2 ğ›’:2.8871e+02ğ›€ cm
2023-03-23 16:30:09,239 INFO Measurement at current 0.002585427135678392
2023-03-23 16:30:09,831 INFO T:191.06Â°K V:1.0557e+00V I:2.5854e-03A R:4.0832e+02ğ›€ E:3.2583e+01V/cm J:1.1315e-01A/cm2 ğ›’:2.8797e+02ğ›€ cm
2023-03-23 16:30:09,868 INFO Measurement at current 0.0026030150753768846
2023-03-23 16:30:10,472 INFO T:191.06Â°K V:1.0612e+00V I:2.6030e-03A R:4.0768e+02ğ›€ E:3.2753e+01V/cm J:1.1392e-01A/cm2 ğ›’:2.8751e+02ğ›€ cm
2023-03-23 16:30:10,495 INFO Measurement at current 0.002620603015075377
2023-03-23 16:30:11,118 INFO T:191.05Â°K V:1.0655e+00V I:2.6206e-03A R:4.0657e+02ğ›€ E:3.2885e+01V/cm J:1.1469e-01A/cm2 ğ›’:2.8673e+02ğ›€ cm
2023-03-23 16:30:11,134 INFO Measurement at current 0.0026381909547738697
2023-03-23 16:30:11,728 INFO T:191.04Â°K V:1.0703e+00V I:2.6382e-03A R:4.0571e+02ğ›€ E:3.3035e+01V/cm J:1.1546e-01A/cm2 ğ›’:2.8613e+02ğ›€ cm
2023-03-23 16:30:11,745 INFO Measurement at current 0.002655778894472362
2023-03-23 16:30:12,342 INFO T:191.03Â°K V:1.0771e+00V I:2.6558e-03A R:4.0555e+02ğ›€ E:3.3242e+01V/cm J:1.1623e-01A/cm2 ğ›’:2.8601e+02ğ›€ cm
2023-03-23 16:30:12,360 INFO Measurement at current 0.0026733668341708543
2023-03-23 16:30:12,978 INFO T:191.02Â°K V:1.0832e+00V I:2.6734e-03A R:4.0517e+02ğ›€ E:3.3431e+01V/cm J:1.1700e-01A/cm2 ğ›’:2.8575e+02ğ›€ cm
2023-03-23 16:30:12,993 INFO Measurement at current 0.002690954773869347
2023-03-23 16:30:13,596 INFO T:191.02Â°K V:1.0884e+00V I:2.6910e-03A R:4.0447e+02ğ›€ E:3.3593e+01V/cm J:1.1777e-01A/cm2 ğ›’:2.8525e+02ğ›€ cm
2023-03-23 16:30:13,612 INFO Measurement at current 0.0027085427135678393
2023-03-23 16:30:14,204 INFO T:191.01Â°K V:1.0942e+00V I:2.7085e-03A R:4.0398e+02ğ›€ E:3.3772e+01V/cm J:1.1854e-01A/cm2 ğ›’:2.8491e+02ğ›€ cm
2023-03-23 16:30:14,225 INFO Measurement at current 0.002726130653266332
2023-03-23 16:30:14,810 INFO T:191.00Â°K V:1.1042e+00V I:2.7261e-03A R:4.0503e+02ğ›€ E:3.4079e+01V/cm J:1.1931e-01A/cm2 ğ›’:2.8564e+02ğ›€ cm
2023-03-23 16:30:14,825 INFO Measurement at current 0.0027437185929648244
2023-03-23 16:30:15,435 INFO T:190.99Â°K V:1.1069e+00V I:2.7437e-03A R:4.0343e+02ğ›€ E:3.4164e+01V/cm J:1.2008e-01A/cm2 ğ›’:2.8452e+02ğ›€ cm
2023-03-23 16:30:15,451 INFO Measurement at current 0.002761306532663317
2023-03-23 16:30:16,077 INFO T:190.99Â°K V:1.1137e+00V I:2.7613e-03A R:4.0333e+02ğ›€ E:3.4374e+01V/cm J:1.2084e-01A/cm2 ğ›’:2.8445e+02ğ›€ cm
2023-03-23 16:30:16,092 INFO Measurement at current 0.0027788944723618095
2023-03-23 16:30:16,700 INFO T:190.98Â°K V:1.1171e+00V I:2.7789e-03A R:4.0199e+02ğ›€ E:3.4478e+01V/cm J:1.2161e-01A/cm2 ğ›’:2.8350e+02ğ›€ cm
2023-03-23 16:30:16,716 INFO Measurement at current 0.0027964824120603016
2023-03-23 16:30:17,306 INFO T:190.97Â°K V:1.1226e+00V I:2.7965e-03A R:4.0144e+02ğ›€ E:3.4649e+01V/cm J:1.2238e-01A/cm2 ğ›’:2.8312e+02ğ›€ cm
2023-03-23 16:30:17,333 INFO Measurement at current 0.002814070351758794
2023-03-23 16:30:17,920 INFO T:190.96Â°K V:1.1270e+00V I:2.8141e-03A R:4.0047e+02ğ›€ E:3.4782e+01V/cm J:1.2315e-01A/cm2 ğ›’:2.8243e+02ğ›€ cm
2023-03-23 16:30:17,944 INFO Measurement at current 0.0028316582914572866
2023-03-23 16:30:18,545 INFO T:190.96Â°K V:1.1340e+00V I:2.8317e-03A R:4.0047e+02ğ›€ E:3.5000e+01V/cm J:1.2392e-01A/cm2 ğ›’:2.8243e+02ğ›€ cm
2023-03-23 16:30:18,568 INFO Measurement at current 0.002849246231155779
2023-03-23 16:30:19,168 INFO T:190.95Â°K V:1.1372e+00V I:2.8492e-03A R:3.9912e+02ğ›€ E:3.5099e+01V/cm J:1.2469e-01A/cm2 ğ›’:2.8148e+02ğ›€ cm
2023-03-23 16:30:19,190 INFO Measurement at current 0.0028668341708542717
2023-03-23 16:30:19,781 INFO T:190.94Â°K V:1.1420e+00V I:2.8668e-03A R:3.9833e+02ğ›€ E:3.5246e+01V/cm J:1.2546e-01A/cm2 ğ›’:2.8092e+02ğ›€ cm
2023-03-23 16:30:19,811 INFO Measurement at current 0.002884422110552764
2023-03-23 16:30:20,402 INFO T:190.93Â°K V:1.1500e+00V I:2.8844e-03A R:3.9870e+02ğ›€ E:3.5494e+01V/cm J:1.2623e-01A/cm2 ğ›’:2.8118e+02ğ›€ cm
2023-03-23 16:30:20,446 INFO Measurement at current 0.0029020100502512567
2023-03-23 16:30:21,052 INFO T:190.92Â°K V:1.1569e+00V I:2.9020e-03A R:3.9867e+02ğ›€ E:3.5708e+01V/cm J:1.2700e-01A/cm2 ğ›’:2.8116e+02ğ›€ cm
2023-03-23 16:30:21,068 INFO Measurement at current 0.002919597989949749
2023-03-23 16:30:21,658 INFO T:190.92Â°K V:1.1614e+00V I:2.9196e-03A R:3.9779e+02ğ›€ E:3.5845e+01V/cm J:1.2777e-01A/cm2 ğ›’:2.8054e+02ğ›€ cm
2023-03-23 16:30:21,685 INFO Measurement at current 0.0029371859296482413
2023-03-23 16:30:22,269 INFO T:190.91Â°K V:1.1672e+00V I:2.9372e-03A R:3.9740e+02ğ›€ E:3.6026e+01V/cm J:1.2854e-01A/cm2 ğ›’:2.8026e+02ğ›€ cm
2023-03-23 16:30:22,286 INFO Measurement at current 0.002954773869346734
2023-03-23 16:30:22,885 INFO T:190.90Â°K V:1.1740e+00V I:2.9548e-03A R:3.9733e+02ğ›€ E:3.6235e+01V/cm J:1.2931e-01A/cm2 ğ›’:2.8022e+02ğ›€ cm
2023-03-23 16:30:22,936 INFO Measurement at current 0.0029723618090452264
2023-03-23 16:30:23,540 INFO T:190.89Â°K V:1.1774e+00V I:2.9724e-03A R:3.9612e+02ğ›€ E:3.6340e+01V/cm J:1.3008e-01A/cm2 ğ›’:2.7936e+02ğ›€ cm
2023-03-23 16:30:23,564 INFO Measurement at current 0.002989949748743719
2023-03-23 16:30:24,181 INFO T:190.89Â°K V:1.1798e+00V I:2.9899e-03A R:3.9458e+02ğ›€ E:3.6413e+01V/cm J:1.3085e-01A/cm2 ğ›’:2.7828e+02ğ›€ cm
2023-03-23 16:30:24,202 INFO Measurement at current 0.0030075376884422115
2023-03-23 16:30:24,795 INFO T:190.88Â°K V:1.1860e+00V I:3.0075e-03A R:3.9435e+02ğ›€ E:3.6606e+01V/cm J:1.3162e-01A/cm2 ğ›’:2.7811e+02ğ›€ cm
2023-03-23 16:30:24,820 INFO Measurement at current 0.0030251256281407036
2023-03-23 16:30:25,408 INFO T:190.87Â°K V:1.1910e+00V I:3.0251e-03A R:3.9372e+02ğ›€ E:3.6760e+01V/cm J:1.3239e-01A/cm2 ğ›’:2.7767e+02ğ›€ cm
2023-03-23 16:30:25,431 INFO Measurement at current 0.003042713567839196
2023-03-23 16:30:26,035 INFO T:190.86Â°K V:1.1953e+00V I:3.0427e-03A R:3.9284e+02ğ›€ E:3.6892e+01V/cm J:1.3316e-01A/cm2 ğ›’:2.7705e+02ğ›€ cm
2023-03-23 16:30:26,056 INFO Measurement at current 0.0030603015075376886
2023-03-23 16:30:27,398 INFO T:190.85Â°K V:1.2083e+00V I:3.0603e-03A R:3.9483e+02ğ›€ E:3.7293e+01V/cm J:1.3393e-01A/cm2 ğ›’:2.7845e+02ğ›€ cm
2023-03-23 16:30:27,423 INFO Measurement at current 0.003077889447236181
2023-03-23 16:30:28,029 INFO T:190.84Â°K V:1.2095e+00V I:3.0779e-03A R:3.9296e+02ğ›€ E:3.7330e+01V/cm J:1.3470e-01A/cm2 ğ›’:2.7713e+02ğ›€ cm
2023-03-23 16:30:28,051 INFO Measurement at current 0.0030954773869346737
2023-03-23 16:30:28,660 INFO T:190.83Â°K V:1.2171e+00V I:3.0955e-03A R:3.9318e+02ğ›€ E:3.7564e+01V/cm J:1.3547e-01A/cm2 ğ›’:2.7729e+02ğ›€ cm
2023-03-23 16:30:28,678 INFO Measurement at current 0.003113065326633166
2023-03-23 16:30:29,269 INFO T:190.82Â°K V:1.2214e+00V I:3.1131e-03A R:3.9234e+02ğ›€ E:3.7697e+01V/cm J:1.3624e-01A/cm2 ğ›’:2.7669e+02ğ›€ cm
2023-03-23 16:30:29,285 INFO Measurement at current 0.0031306532663316587
2023-03-23 16:30:29,872 INFO T:190.82Â°K V:1.2252e+00V I:3.1307e-03A R:3.9134e+02ğ›€ E:3.7813e+01V/cm J:1.3701e-01A/cm2 ğ›’:2.7599e+02ğ›€ cm
2023-03-23 16:30:29,895 INFO Measurement at current 0.003148241206030151
2023-03-23 16:30:30,500 INFO T:190.81Â°K V:1.2309e+00V I:3.1482e-03A R:3.9097e+02ğ›€ E:3.7989e+01V/cm J:1.3778e-01A/cm2 ğ›’:2.7573e+02ğ›€ cm
2023-03-23 16:30:30,521 INFO Measurement at current 0.0031658291457286433
2023-03-23 16:30:31,110 INFO T:190.80Â°K V:1.2355e+00V I:3.1658e-03A R:3.9027e+02ğ›€ E:3.8134e+01V/cm J:1.3855e-01A/cm2 ğ›’:2.7524e+02ğ›€ cm
2023-03-23 16:30:31,134 INFO Measurement at current 0.003183417085427136
2023-03-23 16:30:31,722 INFO T:190.79Â°K V:1.2442e+00V I:3.1834e-03A R:3.9084e+02ğ›€ E:3.8401e+01V/cm J:1.3932e-01A/cm2 ğ›’:2.7564e+02ğ›€ cm
2023-03-23 16:30:31,738 INFO Measurement at current 0.0032010050251256284
2023-03-23 16:30:32,323 INFO T:190.79Â°K V:1.2500e+00V I:3.2010e-03A R:3.9051e+02ğ›€ E:3.8581e+01V/cm J:1.4009e-01A/cm2 ğ›’:2.7540e+02ğ›€ cm
2023-03-23 16:30:32,340 INFO Measurement at current 0.003218592964824121
2023-03-23 16:30:32,933 INFO T:190.78Â°K V:1.2553e+00V I:3.2186e-03A R:3.9001e+02ğ›€ E:3.8743e+01V/cm J:1.4086e-01A/cm2 ğ›’:2.7505e+02ğ›€ cm
2023-03-23 16:30:32,962 INFO Measurement at current 0.0032361809045226135
2023-03-23 16:30:33,566 INFO T:190.77Â°K V:1.2604e+00V I:3.2362e-03A R:3.8946e+02ğ›€ E:3.8901e+01V/cm J:1.4163e-01A/cm2 ğ›’:2.7467e+02ğ›€ cm
2023-03-23 16:30:33,583 INFO Measurement at current 0.003253768844221106
2023-03-23 16:30:34,171 INFO T:190.76Â°K V:1.2632e+00V I:3.2538e-03A R:3.8823e+02ğ›€ E:3.8988e+01V/cm J:1.4240e-01A/cm2 ğ›’:2.7380e+02ğ›€ cm
2023-03-23 16:30:34,190 INFO Measurement at current 0.003271356783919598
2023-03-23 16:30:34,793 INFO T:190.76Â°K V:1.2699e+00V I:3.2714e-03A R:3.8818e+02ğ›€ E:3.9193e+01V/cm J:1.4317e-01A/cm2 ğ›’:2.7376e+02ğ›€ cm
2023-03-23 16:30:34,830 INFO Measurement at current 0.0032889447236180906
2023-03-23 16:30:35,420 INFO T:190.75Â°K V:1.2737e+00V I:3.2889e-03A R:3.8728e+02ğ›€ E:3.9313e+01V/cm J:1.4394e-01A/cm2 ğ›’:2.7313e+02ğ›€ cm
2023-03-23 16:30:35,435 INFO Measurement at current 0.003306532663316583
2023-03-23 16:30:36,038 INFO T:190.74Â°K V:1.2785e+00V I:3.3065e-03A R:3.8666e+02ğ›€ E:3.9460e+01V/cm J:1.4471e-01A/cm2 ğ›’:2.7269e+02ğ›€ cm
2023-03-23 16:30:36,054 INFO Measurement at current 0.0033241206030150757
2023-03-23 16:30:36,644 INFO T:190.73Â°K V:1.2875e+00V I:3.3241e-03A R:3.8731e+02ğ›€ E:3.9736e+01V/cm J:1.4548e-01A/cm2 ğ›’:2.7315e+02ğ›€ cm
2023-03-23 16:30:36,659 INFO Measurement at current 0.003341708542713568
2023-03-23 16:30:37,244 INFO T:190.73Â°K V:1.2904e+00V I:3.3417e-03A R:3.8615e+02ğ›€ E:3.9828e+01V/cm J:1.4625e-01A/cm2 ğ›’:2.7233e+02ğ›€ cm
2023-03-23 16:30:37,272 INFO Measurement at current 0.0033592964824120607
2023-03-23 16:30:37,873 INFO T:190.72Â°K V:1.2943e+00V I:3.3593e-03A R:3.8529e+02ğ›€ E:3.9948e+01V/cm J:1.4702e-01A/cm2 ğ›’:2.7173e+02ğ›€ cm
2023-03-23 16:30:37,898 INFO Measurement at current 0.0033768844221105532
2023-03-23 16:30:38,501 INFO T:190.71Â°K V:1.3009e+00V I:3.3769e-03A R:3.8525e+02ğ›€ E:4.0153e+01V/cm J:1.4778e-01A/cm2 ğ›’:2.7170e+02ğ›€ cm
2023-03-23 16:30:38,542 INFO Measurement at current 0.0033944723618090453
2023-03-23 16:30:39,132 INFO T:190.70Â°K V:1.3088e+00V I:3.3945e-03A R:3.8557e+02ğ›€ E:4.0396e+01V/cm J:1.4855e-01A/cm2 ğ›’:2.7192e+02ğ›€ cm
2023-03-23 16:30:39,159 INFO Measurement at current 0.003412060301507538
2023-03-23 16:30:39,767 INFO T:190.69Â°K V:1.3115e+00V I:3.4121e-03A R:3.8437e+02ğ›€ E:4.0478e+01V/cm J:1.4932e-01A/cm2 ğ›’:2.7107e+02ğ›€ cm
2023-03-23 16:30:39,783 INFO Measurement at current 0.0034296482412060304
2023-03-23 16:30:40,368 INFO T:190.69Â°K V:1.3192e+00V I:3.4296e-03A R:3.8464e+02ğ›€ E:4.0716e+01V/cm J:1.5009e-01A/cm2 ğ›’:2.7127e+02ğ›€ cm
2023-03-23 16:30:40,411 INFO Measurement at current 0.003447236180904523
2023-03-23 16:30:41,028 INFO T:190.68Â°K V:1.3155e+00V I:3.4472e-03A R:3.8161e+02ğ›€ E:4.0602e+01V/cm J:1.5086e-01A/cm2 ğ›’:2.6913e+02ğ›€ cm
2023-03-23 16:30:41,048 INFO Measurement at current 0.0034648241206030155
2023-03-23 16:30:41,648 INFO T:190.67Â°K V:1.3248e+00V I:3.4648e-03A R:3.8236e+02ğ›€ E:4.0890e+01V/cm J:1.5163e-01A/cm2 ğ›’:2.6966e+02ğ›€ cm
2023-03-23 16:30:41,666 INFO Measurement at current 0.003482412060301508
2023-03-23 16:30:42,264 INFO T:190.66Â°K V:1.3334e+00V I:3.4824e-03A R:3.8289e+02ğ›€ E:4.1154e+01V/cm J:1.5240e-01A/cm2 ğ›’:2.7003e+02ğ›€ cm
2023-03-23 16:30:42,301 INFO Measurement at current 0.0035
2023-03-23 16:30:42,890 INFO T:190.66Â°K V:1.3383e+00V I:3.5000e-03A R:3.8237e+02ğ›€ E:4.1306e+01V/cm J:1.5317e-01A/cm2 ğ›’:2.6967e+02ğ›€ cm
2023-03-23 16:30:53,594 INFO Save the description file
2023-03-23 16:30:53,600 INFO Save data in numpy format Esperimenti/CPRO_MUSA_230323_bis/CPRO_MUSA_230323_bis_current_from_0_to_35e-4A/CPRO_MUSA_230323_bis_current_from_0_to_35e-4A-20230323163051
2023-03-23 16:30:53,648 INFO Save data in CSV format Esperimenti/CPRO_MUSA_230323_bis/CPRO_MUSA_230323_bis_current_from_0_to_35e-4A/CPRO_MUSA_230323_bis_current_from_0_to_35e-4A-20230323163051.csv
2023-03-23 16:30:53,665 INFO Save plot as image Esperimenti/CPRO_MUSA_230323_bis/CPRO_MUSA_230323_bis_current_from_0_to_35e-4A/CPRO_MUSA_230323_bis_current_from_0_to_35e-4A-20230323163051.png
