2023-03-23 13:30:53,890 INFO ### Start experiment: CPRO_MUSA_230323_bis current from 0 to 35e-4A ###
2023-03-23 13:30:55,238 INFO Found Multimeter KEITHLEY INSTRUMENTS INC.,MODEL 2700,0884890,B03  /A02  

2023-03-23 13:30:56,275 INFO Found Nanovolt Meter KEITHLEY INSTRUMENTS INC.,MODEL 2182A,4056474,C03  /A02  

2023-03-23 13:30:56,401 INFO Found Source Meter KEITHLEY INSTRUMENTS INC.,MODEL 2400,0945684,C24   Feb 14 2002 11:59:45/A02  /K/H

2023-03-23 13:30:56,542 INFO Start the measurement loop
2023-03-23 13:31:11,588 INFO Measurement at current 0.0
2023-03-23 13:31:12,500 INFO T:279.56Â°K V:1.3499e-05V I:0.0000e+00A R:infğ›€ E:4.1663e-04V/cm J:0.0000e+00A/cm2 ğ›’:infğ›€ cm
2023-03-23 13:31:12,527 INFO Measurement at current 1.7587939698492464e-05
2023-03-23 13:31:13,124 INFO T:279.56Â°K V:2.8651e-04V I:1.7588e-05A R:1.6290e+01ğ›€ E:8.8429e-03V/cm J:7.6971e-04A/cm2 ğ›’:1.1489e+01ğ›€ cm
2023-03-23 13:31:13,139 INFO Measurement at current 3.517587939698493e-05
2023-03-23 13:31:13,731 INFO T:279.55Â°K V:5.5953e-04V I:3.5176e-05A R:1.5907e+01ğ›€ E:1.7269e-02V/cm J:1.5394e-03A/cm2 ğ›’:1.1218e+01ğ›€ cm
2023-03-23 13:31:13,746 INFO Measurement at current 5.2763819095477394e-05
2023-03-23 13:31:14,358 INFO T:279.55Â°K V:8.3241e-04V I:5.2764e-05A R:1.5776e+01ğ›€ E:2.5692e-02V/cm J:2.3091e-03A/cm2 ğ›’:1.1126e+01ğ›€ cm
2023-03-23 13:31:14,383 INFO Measurement at current 7.035175879396985e-05
2023-03-23 13:31:14,991 INFO T:279.55Â°K V:1.1053e-03V I:7.0352e-05A R:1.5711e+01ğ›€ E:3.4115e-02V/cm J:3.0789e-03A/cm2 ğ›’:1.1080e+01ğ›€ cm
2023-03-23 13:31:15,007 INFO Measurement at current 8.793969849246232e-05
2023-03-23 13:31:15,606 INFO T:279.54Â°K V:1.3785e-03V I:8.7940e-05A R:1.5676e+01ğ›€ E:4.2547e-02V/cm J:3.8486e-03A/cm2 ğ›’:1.1055e+01ğ›€ cm
2023-03-23 13:31:15,624 INFO Measurement at current 0.00010552763819095479
2023-03-23 13:31:16,214 INFO T:279.54Â°K V:1.6519e-03V I:1.0553e-04A R:1.5653e+01ğ›€ E:5.0983e-02V/cm J:4.6183e-03A/cm2 ğ›’:1.1039e+01ğ›€ cm
2023-03-23 13:31:16,241 INFO Measurement at current 0.00012311557788944724
2023-03-23 13:31:16,841 INFO T:279.54Â°K V:1.9241e-03V I:1.2312e-04A R:1.5629e+01ğ›€ E:5.9386e-02V/cm J:5.3880e-03A/cm2 ğ›’:1.1022e+01ğ›€ cm
2023-03-23 13:31:16,867 INFO Measurement at current 0.0001407035175879397
2023-03-23 13:31:17,469 INFO T:279.53Â°K V:2.1973e-03V I:1.4070e-04A R:1.5616e+01ğ›€ E:6.7818e-02V/cm J:6.1577e-03A/cm2 ğ›’:1.1013e+01ğ›€ cm
2023-03-23 13:31:17,489 INFO Measurement at current 0.00015829145728643218
2023-03-23 13:31:18,102 INFO T:279.53Â°K V:2.4705e-03V I:1.5829e-04A R:1.5607e+01ğ›€ E:7.6248e-02V/cm J:6.9274e-03A/cm2 ğ›’:1.1007e+01ğ›€ cm
2023-03-23 13:31:18,123 INFO Measurement at current 0.00017587939698492463
2023-03-23 13:31:18,719 INFO T:279.53Â°K V:2.7437e-03V I:1.7588e-04A R:1.5600e+01ğ›€ E:8.4681e-02V/cm J:7.6971e-03A/cm2 ğ›’:1.1002e+01ğ›€ cm
2023-03-23 13:31:18,751 INFO Measurement at current 0.0001934673366834171
2023-03-23 13:31:19,778 WARNING Reading gpib error, check the instruments: read() failed: A read or write of data bytes has been aborted, possibly due to a timeout or reception of a device clear command.
2023-03-23 13:31:19,794 INFO Measurement at current 0.00021105527638190958
2023-03-23 13:31:20,387 INFO T:279.52Â°K V:3.2891e-03V I:2.1106e-04A R:1.5584e+01ğ›€ E:1.0152e-01V/cm J:9.2366e-03A/cm2 ğ›’:1.0991e+01ğ›€ cm
2023-03-23 13:31:20,410 INFO Measurement at current 0.00022864321608040202
2023-03-23 13:31:21,011 INFO T:279.51Â°K V:3.5621e-03V I:2.2864e-04A R:1.5579e+01ğ›€ E:1.0994e-01V/cm J:1.0006e-02A/cm2 ğ›’:1.0987e+01ğ›€ cm
2023-03-23 13:31:21,035 INFO Measurement at current 0.00024623115577889447
2023-03-23 13:31:21,635 INFO T:279.51Â°K V:3.8352e-03V I:2.4623e-04A R:1.5576e+01ğ›€ E:1.1837e-01V/cm J:1.0776e-02A/cm2 ğ›’:1.0985e+01ğ›€ cm
2023-03-23 13:31:21,653 INFO Measurement at current 0.00026381909547738695
2023-03-23 13:31:22,256 INFO T:279.51Â°K V:4.1070e-03V I:2.6382e-04A R:1.5568e+01ğ›€ E:1.2676e-01V/cm J:1.1546e-02A/cm2 ğ›’:1.0979e+01ğ›€ cm
2023-03-23 13:31:22,274 INFO Measurement at current 0.0002814070351758794
2023-03-23 13:31:22,877 INFO T:279.50Â°K V:4.3803e-03V I:2.8141e-04A R:1.5566e+01ğ›€ E:1.3519e-01V/cm J:1.2315e-02A/cm2 ğ›’:1.0978e+01ğ›€ cm
2023-03-23 13:31:22,902 INFO Measurement at current 0.0002989949748743719
2023-03-23 13:31:23,500 INFO T:279.50Â°K V:4.6534e-03V I:2.9899e-04A R:1.5564e+01ğ›€ E:1.4362e-01V/cm J:1.3085e-02A/cm2 ğ›’:1.0976e+01ğ›€ cm
2023-03-23 13:31:23,525 INFO Measurement at current 0.00031658291457286437
2023-03-23 13:31:24,130 INFO T:279.50Â°K V:4.9265e-03V I:3.1658e-04A R:1.5561e+01ğ›€ E:1.5205e-01V/cm J:1.3855e-02A/cm2 ğ›’:1.0975e+01ğ›€ cm
2023-03-23 13:31:24,150 INFO Measurement at current 0.0003341708542713568
2023-03-23 13:31:24,760 INFO T:279.49Â°K V:5.1989e-03V I:3.3417e-04A R:1.5558e+01ğ›€ E:1.6046e-01V/cm J:1.4625e-02A/cm2 ğ›’:1.0972e+01ğ›€ cm
2023-03-23 13:31:24,788 INFO Measurement at current 0.00035175879396984926
2023-03-23 13:31:25,383 INFO T:279.49Â°K V:5.4718e-03V I:3.5176e-04A R:1.5556e+01ğ›€ E:1.6888e-01V/cm J:1.5394e-02A/cm2 ğ›’:1.0970e+01ğ›€ cm
2023-03-23 13:31:25,408 INFO Measurement at current 0.00036934673366834173
2023-03-23 13:31:26,008 INFO T:279.49Â°K V:5.7449e-03V I:3.6935e-04A R:1.5554e+01ğ›€ E:1.7731e-01V/cm J:1.6164e-02A/cm2 ğ›’:1.0970e+01ğ›€ cm
2023-03-23 13:31:26,030 INFO Measurement at current 0.0003869346733668342
2023-03-23 13:31:26,635 INFO T:279.48Â°K V:6.0179e-03V I:3.8693e-04A R:1.5553e+01ğ›€ E:1.8574e-01V/cm J:1.6934e-02A/cm2 ğ›’:1.0968e+01ğ›€ cm
2023-03-23 13:31:26,658 INFO Measurement at current 0.0004045226130653267
2023-03-23 13:31:27,260 INFO T:279.48Â°K V:6.2901e-03V I:4.0452e-04A R:1.5549e+01ğ›€ E:1.9414e-01V/cm J:1.7703e-02A/cm2 ğ›’:1.0966e+01ğ›€ cm
2023-03-23 13:31:27,276 INFO Measurement at current 0.00042211055276381916
2023-03-23 13:31:27,868 INFO T:279.48Â°K V:6.5631e-03V I:4.2211e-04A R:1.5548e+01ğ›€ E:2.0256e-01V/cm J:1.8473e-02A/cm2 ğ›’:1.0965e+01ğ›€ cm
2023-03-23 13:31:27,886 INFO Measurement at current 0.0004396984924623116
2023-03-23 13:31:28,480 INFO T:279.48Â°K V:6.8360e-03V I:4.3970e-04A R:1.5547e+01ğ›€ E:2.1099e-01V/cm J:1.9243e-02A/cm2 ğ›’:1.0964e+01ğ›€ cm
2023-03-23 13:31:28,497 INFO Measurement at current 0.00045728643216080405
2023-03-23 13:31:29,097 INFO T:279.47Â°K V:7.1094e-03V I:4.5729e-04A R:1.5547e+01ğ›€ E:2.1943e-01V/cm J:2.0013e-02A/cm2 ğ›’:1.0964e+01ğ›€ cm
2023-03-23 13:31:29,123 INFO Measurement at current 0.0004748743718592965
2023-03-23 13:31:29,728 INFO T:279.47Â°K V:7.3825e-03V I:4.7487e-04A R:1.5546e+01ğ›€ E:2.2785e-01V/cm J:2.0782e-02A/cm2 ğ›’:1.0964e+01ğ›€ cm
2023-03-23 13:31:29,754 INFO Measurement at current 0.0004924623115577889
2023-03-23 13:31:30,356 INFO T:279.46Â°K V:7.6555e-03V I:4.9246e-04A R:1.5545e+01ğ›€ E:2.3628e-01V/cm J:2.1552e-02A/cm2 ğ›’:1.0963e+01ğ›€ cm
2023-03-23 13:31:30,375 INFO Measurement at current 0.0005100502512562815
2023-03-23 13:31:30,976 INFO T:279.46Â°K V:7.9285e-03V I:5.1005e-04A R:1.5544e+01ğ›€ E:2.4471e-01V/cm J:2.2322e-02A/cm2 ğ›’:1.0963e+01ğ›€ cm
2023-03-23 13:31:31,007 INFO Measurement at current 0.0005276381909547739
2023-03-23 13:31:31,605 INFO T:279.46Â°K V:8.2012e-03V I:5.2764e-04A R:1.5543e+01ğ›€ E:2.5312e-01V/cm J:2.3091e-02A/cm2 ğ›’:1.0962e+01ğ›€ cm
2023-03-23 13:31:31,621 INFO Measurement at current 0.0005452261306532664
2023-03-23 13:31:32,214 INFO T:279.46Â°K V:8.4723e-03V I:5.4523e-04A R:1.5539e+01ğ›€ E:2.6149e-01V/cm J:2.3861e-02A/cm2 ğ›’:1.0959e+01ğ›€ cm
2023-03-23 13:31:32,237 INFO Measurement at current 0.0005628140703517588
2023-03-23 13:31:32,847 INFO T:279.45Â°K V:8.7443e-03V I:5.6281e-04A R:1.5537e+01ğ›€ E:2.6989e-01V/cm J:2.4631e-02A/cm2 ğ›’:1.0957e+01ğ›€ cm
2023-03-23 13:31:32,869 INFO Measurement at current 0.0005804020100502513
2023-03-23 13:31:33,469 INFO T:279.45Â°K V:9.0177e-03V I:5.8040e-04A R:1.5537e+01ğ›€ E:2.7832e-01V/cm J:2.5401e-02A/cm2 ğ›’:1.0957e+01ğ›€ cm
2023-03-23 13:31:33,485 INFO Measurement at current 0.0005979899497487438
2023-03-23 13:31:34,077 INFO T:279.45Â°K V:9.2904e-03V I:5.9799e-04A R:1.5536e+01ğ›€ E:2.8674e-01V/cm J:2.6170e-02A/cm2 ğ›’:1.0957e+01ğ›€ cm
2023-03-23 13:31:34,099 INFO Measurement at current 0.0006155778894472362
2023-03-23 13:31:34,701 INFO T:279.44Â°K V:9.5626e-03V I:6.1558e-04A R:1.5534e+01ğ›€ E:2.9514e-01V/cm J:2.6940e-02A/cm2 ğ›’:1.0956e+01ğ›€ cm
2023-03-23 13:31:34,724 INFO Measurement at current 0.0006331658291457287
2023-03-23 13:31:35,358 INFO T:279.44Â°K V:9.8340e-03V I:6.3317e-04A R:1.5531e+01ğ›€ E:3.0352e-01V/cm J:2.7710e-02A/cm2 ğ›’:1.0954e+01ğ›€ cm
2023-03-23 13:31:35,374 INFO Measurement at current 0.0006507537688442212
2023-03-23 13:31:35,979 INFO T:279.44Â°K V:1.0107e-02V I:6.5075e-04A R:1.5531e+01ğ›€ E:3.1195e-01V/cm J:2.8479e-02A/cm2 ğ›’:1.0953e+01ğ›€ cm
2023-03-23 13:31:35,999 INFO Measurement at current 0.0006683417085427136
2023-03-23 13:31:36,609 INFO T:279.43Â°K V:1.0381e-02V I:6.6834e-04A R:1.5533e+01ğ›€ E:3.2041e-01V/cm J:2.9249e-02A/cm2 ğ›’:1.0955e+01ğ›€ cm
2023-03-23 13:31:36,637 INFO Measurement at current 0.0006859296482412061
2023-03-23 13:31:37,231 INFO T:279.43Â°K V:1.0654e-02V I:6.8593e-04A R:1.5532e+01ğ›€ E:3.2883e-01V/cm J:3.0019e-02A/cm2 ğ›’:1.0954e+01ğ›€ cm
2023-03-23 13:31:37,266 INFO Measurement at current 0.0007035175879396985
2023-03-23 13:31:37,857 INFO T:279.43Â°K V:1.0926e-02V I:7.0352e-04A R:1.5531e+01ğ›€ E:3.3724e-01V/cm J:3.0789e-02A/cm2 ğ›’:1.0953e+01ğ›€ cm
2023-03-23 13:31:37,880 INFO Measurement at current 0.000721105527638191
2023-03-23 13:31:38,482 INFO T:279.42Â°K V:1.1200e-02V I:7.2111e-04A R:1.5532e+01ğ›€ E:3.4568e-01V/cm J:3.1558e-02A/cm2 ğ›’:1.0954e+01ğ›€ cm
2023-03-23 13:31:38,500 INFO Measurement at current 0.0007386934673366835
2023-03-23 13:31:39,116 INFO T:279.42Â°K V:1.1474e-02V I:7.3869e-04A R:1.5533e+01ğ›€ E:3.5414e-01V/cm J:3.2328e-02A/cm2 ğ›’:1.0955e+01ğ›€ cm
2023-03-23 13:31:39,137 INFO Measurement at current 0.0007562814070351759
2023-03-23 13:31:39,732 INFO T:279.42Â°K V:1.1747e-02V I:7.5628e-04A R:1.5532e+01ğ›€ E:3.6255e-01V/cm J:3.3098e-02A/cm2 ğ›’:1.0954e+01ğ›€ cm
2023-03-23 13:31:39,748 INFO Measurement at current 0.0007738693467336684
2023-03-23 13:31:41,186 INFO T:279.41Â°K V:1.2016e-02V I:7.7387e-04A R:1.5527e+01ğ›€ E:3.7087e-01V/cm J:3.3867e-02A/cm2 ğ›’:1.0951e+01ğ›€ cm
2023-03-23 13:31:41,211 INFO Measurement at current 0.0007914572864321608
2023-03-23 13:31:41,820 INFO T:279.40Â°K V:1.2289e-02V I:7.9146e-04A R:1.5527e+01ğ›€ E:3.7930e-01V/cm J:3.4637e-02A/cm2 ğ›’:1.0951e+01ğ›€ cm
2023-03-23 13:31:41,843 INFO Measurement at current 0.0008090452261306534
2023-03-23 13:31:42,430 INFO T:279.40Â°K V:1.2563e-02V I:8.0905e-04A R:1.5528e+01ğ›€ E:3.8774e-01V/cm J:3.5407e-02A/cm2 ğ›’:1.0951e+01ğ›€ cm
2023-03-23 13:31:42,452 INFO Measurement at current 0.0008266331658291458
2023-03-23 13:31:43,056 INFO T:279.40Â°K V:1.2836e-02V I:8.2663e-04A R:1.5528e+01ğ›€ E:3.9616e-01V/cm J:3.6177e-02A/cm2 ğ›’:1.0951e+01ğ›€ cm
2023-03-23 13:31:43,079 INFO Measurement at current 0.0008442211055276383
2023-03-23 13:31:43,666 INFO T:279.39Â°K V:1.3107e-02V I:8.4422e-04A R:1.5525e+01ğ›€ E:4.0453e-01V/cm J:3.6946e-02A/cm2 ğ›’:1.0949e+01ğ›€ cm
2023-03-23 13:31:43,687 INFO Measurement at current 0.0008618090452261307
2023-03-23 13:31:44,275 INFO T:279.39Â°K V:1.3380e-02V I:8.6181e-04A R:1.5525e+01ğ›€ E:4.1295e-01V/cm J:3.7716e-02A/cm2 ğ›’:1.0949e+01ğ›€ cm
2023-03-23 13:31:44,291 INFO Measurement at current 0.0008793969849246232
2023-03-23 13:31:44,874 INFO T:279.39Â°K V:1.3654e-02V I:8.7940e-04A R:1.5527e+01ğ›€ E:4.2143e-01V/cm J:3.8486e-02A/cm2 ğ›’:1.0950e+01ğ›€ cm
2023-03-23 13:31:44,890 INFO Measurement at current 0.0008969849246231157
2023-03-23 13:31:45,479 INFO T:279.39Â°K V:1.3926e-02V I:8.9698e-04A R:1.5525e+01ğ›€ E:4.2981e-01V/cm J:3.9255e-02A/cm2 ğ›’:1.0949e+01ğ›€ cm
2023-03-23 13:31:45,503 INFO Measurement at current 0.0009145728643216081
2023-03-23 13:31:46,103 INFO T:279.38Â°K V:1.4198e-02V I:9.1457e-04A R:1.5524e+01ğ›€ E:4.3821e-01V/cm J:4.0025e-02A/cm2 ğ›’:1.0948e+01ğ›€ cm
2023-03-23 13:31:46,122 INFO Measurement at current 0.0009321608040201006
2023-03-23 13:31:46,715 INFO T:279.38Â°K V:1.4473e-02V I:9.3216e-04A R:1.5526e+01ğ›€ E:4.4668e-01V/cm J:4.0795e-02A/cm2 ğ›’:1.0950e+01ğ›€ cm
2023-03-23 13:31:46,732 INFO Measurement at current 0.000949748743718593
2023-03-23 13:31:47,319 INFO T:279.38Â°K V:1.4745e-02V I:9.4975e-04A R:1.5525e+01ğ›€ E:4.5508e-01V/cm J:4.1564e-02A/cm2 ğ›’:1.0949e+01ğ›€ cm
2023-03-23 13:31:47,334 INFO Measurement at current 0.0009673366834170855
2023-03-23 13:31:47,921 INFO T:279.37Â°K V:1.5018e-02V I:9.6734e-04A R:1.5525e+01ğ›€ E:4.6351e-01V/cm J:4.2334e-02A/cm2 ğ›’:1.0949e+01ğ›€ cm
2023-03-23 13:31:47,943 INFO Measurement at current 0.0009849246231155779
2023-03-23 13:31:48,550 INFO T:279.37Â°K V:1.5284e-02V I:9.8492e-04A R:1.5518e+01ğ›€ E:4.7172e-01V/cm J:4.3104e-02A/cm2 ğ›’:1.0944e+01ğ›€ cm
2023-03-23 13:31:48,575 INFO Measurement at current 0.0010025125628140704
2023-03-23 13:31:49,174 INFO T:279.37Â°K V:1.5555e-02V I:1.0025e-03A R:1.5516e+01ğ›€ E:4.8009e-01V/cm J:4.3874e-02A/cm2 ğ›’:1.0942e+01ğ›€ cm
2023-03-23 13:31:49,192 INFO Measurement at current 0.001020100502512563
2023-03-23 13:31:49,782 INFO T:279.36Â°K V:1.5828e-02V I:1.0201e-03A R:1.5516e+01ğ›€ E:4.8852e-01V/cm J:4.4643e-02A/cm2 ğ›’:1.0943e+01ğ›€ cm
2023-03-23 13:31:49,805 INFO Measurement at current 0.0010376884422110553
2023-03-23 13:31:50,393 INFO T:279.36Â°K V:1.6103e-02V I:1.0377e-03A R:1.5518e+01ğ›€ E:4.9700e-01V/cm J:4.5413e-02A/cm2 ğ›’:1.0944e+01ğ›€ cm
2023-03-23 13:31:50,410 INFO Measurement at current 0.0010552763819095478
2023-03-23 13:31:51,003 INFO T:279.36Â°K V:1.6380e-02V I:1.0553e-03A R:1.5522e+01ğ›€ E:5.0556e-01V/cm J:4.6183e-02A/cm2 ğ›’:1.0947e+01ğ›€ cm
2023-03-23 13:31:51,019 INFO Measurement at current 0.0010728643216080403
2023-03-23 13:31:51,607 INFO T:279.35Â°K V:1.6651e-02V I:1.0729e-03A R:1.5520e+01ğ›€ E:5.1392e-01V/cm J:4.6952e-02A/cm2 ğ›’:1.0945e+01ğ›€ cm
2023-03-23 13:31:51,624 INFO Measurement at current 0.0010904522613065328
2023-03-23 13:31:52,225 INFO T:279.35Â°K V:1.6924e-02V I:1.0905e-03A R:1.5521e+01ğ›€ E:5.2236e-01V/cm J:4.7722e-02A/cm2 ğ›’:1.0946e+01ğ›€ cm
2023-03-23 13:31:52,265 INFO Measurement at current 0.0011080402010050251
2023-03-23 13:31:52,874 INFO T:279.35Â°K V:1.7192e-02V I:1.1080e-03A R:1.5516e+01ğ›€ E:5.3062e-01V/cm J:4.8492e-02A/cm2 ğ›’:1.0942e+01ğ›€ cm
2023-03-23 13:31:52,893 INFO Measurement at current 0.0011256281407035177
2023-03-23 13:31:53,494 INFO T:279.34Â°K V:1.7464e-02V I:1.1256e-03A R:1.5515e+01ğ›€ E:5.3902e-01V/cm J:4.9262e-02A/cm2 ğ›’:1.0942e+01ğ›€ cm
2023-03-23 13:31:53,513 INFO Measurement at current 0.0011432160804020102
2023-03-23 13:31:54,118 INFO T:279.34Â°K V:1.7737e-02V I:1.1432e-03A R:1.5515e+01ğ›€ E:5.4744e-01V/cm J:5.0031e-02A/cm2 ğ›’:1.0942e+01ğ›€ cm
2023-03-23 13:31:54,135 INFO Measurement at current 0.0011608040201005025
2023-03-23 13:31:54,727 INFO T:279.34Â°K V:1.8016e-02V I:1.1608e-03A R:1.5520e+01ğ›€ E:5.5603e-01V/cm J:5.0801e-02A/cm2 ğ›’:1.0945e+01ğ›€ cm
2023-03-23 13:31:54,745 INFO Measurement at current 0.001178391959798995
2023-03-23 13:31:55,340 INFO T:279.33Â°K V:1.8285e-02V I:1.1784e-03A R:1.5517e+01ğ›€ E:5.6436e-01V/cm J:5.1571e-02A/cm2 ğ›’:1.0943e+01ğ›€ cm
2023-03-23 13:31:55,358 INFO Measurement at current 0.0011959798994974876
2023-03-23 13:31:55,951 INFO T:279.33Â°K V:1.8560e-02V I:1.1960e-03A R:1.5518e+01ğ›€ E:5.7283e-01V/cm J:5.2340e-02A/cm2 ğ›’:1.0944e+01ğ›€ cm
2023-03-23 13:31:55,968 INFO Measurement at current 0.00121356783919598
2023-03-23 13:31:56,560 INFO T:279.33Â°K V:1.8832e-02V I:1.2136e-03A R:1.5518e+01ğ›€ E:5.8123e-01V/cm J:5.3110e-02A/cm2 ğ›’:1.0944e+01ğ›€ cm
2023-03-23 13:31:56,578 INFO Measurement at current 0.0012311557788944724
2023-03-23 13:31:57,192 INFO T:279.32Â°K V:1.9105e-02V I:1.2312e-03A R:1.5518e+01ğ›€ E:5.8967e-01V/cm J:5.3880e-02A/cm2 ğ›’:1.0944e+01ğ›€ cm
2023-03-23 13:31:57,232 INFO Measurement at current 0.001248743718592965
2023-03-23 13:31:57,858 INFO T:279.32Â°K V:1.9379e-02V I:1.2487e-03A R:1.5519e+01ğ›€ E:5.9812e-01V/cm J:5.4650e-02A/cm2 ğ›’:1.0945e+01ğ›€ cm
2023-03-23 13:31:57,876 INFO Measurement at current 0.0012663316582914575
2023-03-23 13:31:58,477 INFO T:279.32Â°K V:1.9659e-02V I:1.2663e-03A R:1.5525e+01ğ›€ E:6.0677e-01V/cm J:5.5419e-02A/cm2 ğ›’:1.0949e+01ğ›€ cm
2023-03-23 13:31:58,503 INFO Measurement at current 0.0012839195979899498
2023-03-23 13:31:59,112 INFO T:279.31Â°K V:1.9932e-02V I:1.2839e-03A R:1.5524e+01ğ›€ E:6.1517e-01V/cm J:5.6189e-02A/cm2 ğ›’:1.0948e+01ğ›€ cm
2023-03-23 13:31:59,133 INFO Measurement at current 0.0013015075376884423
2023-03-23 13:31:59,736 INFO T:279.31Â°K V:2.0202e-02V I:1.3015e-03A R:1.5522e+01ğ›€ E:6.2351e-01V/cm J:5.6959e-02A/cm2 ğ›’:1.0947e+01ğ›€ cm
2023-03-23 13:31:59,759 INFO Measurement at current 0.0013190954773869348
2023-03-23 13:32:00,345 INFO T:279.31Â°K V:2.0475e-02V I:1.3191e-03A R:1.5522e+01ğ›€ E:6.3194e-01V/cm J:5.7728e-02A/cm2 ğ›’:1.0947e+01ğ›€ cm
2023-03-23 13:32:00,365 INFO Measurement at current 0.0013366834170854271
2023-03-23 13:32:00,951 INFO T:279.31Â°K V:2.0744e-02V I:1.3367e-03A R:1.5519e+01ğ›€ E:6.4025e-01V/cm J:5.8498e-02A/cm2 ğ›’:1.0945e+01ğ›€ cm
2023-03-23 13:32:00,977 INFO Measurement at current 0.0013542713567839197
2023-03-23 13:32:01,579 INFO T:279.30Â°K V:2.1026e-02V I:1.3543e-03A R:1.5526e+01ğ›€ E:6.4895e-01V/cm J:5.9268e-02A/cm2 ğ›’:1.0949e+01ğ›€ cm
2023-03-23 13:32:01,602 INFO Measurement at current 0.0013718592964824122
2023-03-23 13:32:02,195 INFO T:279.30Â°K V:2.1297e-02V I:1.3719e-03A R:1.5524e+01ğ›€ E:6.5733e-01V/cm J:6.0038e-02A/cm2 ğ›’:1.0949e+01ğ›€ cm
2023-03-23 13:32:02,214 INFO Measurement at current 0.0013894472361809047
2023-03-23 13:32:02,815 INFO T:279.30Â°K V:2.1570e-02V I:1.3894e-03A R:1.5524e+01ğ›€ E:6.6575e-01V/cm J:6.0807e-02A/cm2 ğ›’:1.0949e+01ğ›€ cm
2023-03-23 13:32:02,835 INFO Measurement at current 0.001407035175879397
2023-03-23 13:32:04,323 WARNING Reading gpib error, check the instruments: read() failed: A read or write of data bytes has been aborted, possibly due to a timeout or reception of a device clear command.
2023-03-23 13:32:04,338 INFO Measurement at current 0.0014246231155778896
2023-03-23 13:32:04,945 WARNING Temperature out of range!
2023-03-23 13:32:04,965 INFO Measurement at current 0.001442211055276382
2023-03-23 13:32:05,545 INFO T:279.28Â°K V:2.2385e-02V I:1.4422e-03A R:1.5522e+01ğ›€ E:6.9091e-01V/cm J:6.3116e-02A/cm2 ğ›’:1.0947e+01ğ›€ cm
2023-03-23 13:32:05,565 INFO Measurement at current 0.0014597989949748744
2023-03-23 13:32:06,157 INFO T:279.28Â°K V:2.2669e-02V I:1.4598e-03A R:1.5529e+01ğ›€ E:6.9965e-01V/cm J:6.3886e-02A/cm2 ğ›’:1.0952e+01ğ›€ cm
2023-03-23 13:32:06,174 INFO Measurement at current 0.001477386934673367
2023-03-23 13:32:06,762 INFO T:279.28Â°K V:2.2940e-02V I:1.4774e-03A R:1.5527e+01ğ›€ E:7.0802e-01V/cm J:6.4656e-02A/cm2 ğ›’:1.0951e+01ğ›€ cm
2023-03-23 13:32:06,779 INFO Measurement at current 0.0014949748743718595
2023-03-23 13:32:07,367 INFO T:279.27Â°K V:2.3211e-02V I:1.4950e-03A R:1.5526e+01ğ›€ E:7.1640e-01V/cm J:6.5426e-02A/cm2 ğ›’:1.0950e+01ğ›€ cm
2023-03-23 13:32:07,385 INFO Measurement at current 0.0015125628140703518
2023-03-23 13:32:07,988 INFO T:279.27Â°K V:2.3488e-02V I:1.5126e-03A R:1.5528e+01ğ›€ E:7.2492e-01V/cm J:6.6195e-02A/cm2 ğ›’:1.0951e+01ğ›€ cm
2023-03-23 13:32:08,006 INFO Measurement at current 0.0015301507537688443
2023-03-23 13:32:08,608 INFO T:279.27Â°K V:2.3761e-02V I:1.5302e-03A R:1.5529e+01ğ›€ E:7.3336e-01V/cm J:6.6965e-02A/cm2 ğ›’:1.0951e+01ğ›€ cm
2023-03-23 13:32:08,628 INFO Measurement at current 0.0015477386934673368
2023-03-23 13:32:09,220 INFO T:279.26Â°K V:2.4021e-02V I:1.5477e-03A R:1.5520e+01ğ›€ E:7.4138e-01V/cm J:6.7735e-02A/cm2 ğ›’:1.0945e+01ğ›€ cm
2023-03-23 13:32:09,240 INFO Measurement at current 0.0015653266331658294
2023-03-23 13:32:09,825 INFO T:279.26Â°K V:2.4300e-02V I:1.5653e-03A R:1.5524e+01ğ›€ E:7.4999e-01V/cm J:6.8504e-02A/cm2 ğ›’:1.0948e+01ğ›€ cm
2023-03-23 13:32:09,842 INFO Measurement at current 0.0015829145728643217
2023-03-23 13:32:10,427 INFO T:279.26Â°K V:2.4576e-02V I:1.5829e-03A R:1.5526e+01ğ›€ E:7.5851e-01V/cm J:6.9274e-02A/cm2 ğ›’:1.0949e+01ğ›€ cm
2023-03-23 13:32:10,443 INFO Measurement at current 0.0016005025125628142
2023-03-23 13:32:11,025 INFO T:279.25Â°K V:2.4845e-02V I:1.6005e-03A R:1.5523e+01ğ›€ E:7.6681e-01V/cm J:7.0044e-02A/cm2 ğ›’:1.0948e+01ğ›€ cm
2023-03-23 13:32:11,043 INFO Measurement at current 0.0016180904522613067
2023-03-23 13:32:11,630 INFO T:279.25Â°K V:2.5113e-02V I:1.6181e-03A R:1.5520e+01ğ›€ E:7.7509e-01V/cm J:7.0814e-02A/cm2 ğ›’:1.0946e+01ğ›€ cm
2023-03-23 13:32:11,647 INFO Measurement at current 0.001635678391959799
2023-03-23 13:32:12,247 INFO T:279.25Â°K V:2.5388e-02V I:1.6357e-03A R:1.5521e+01ğ›€ E:7.8358e-01V/cm J:7.1583e-02A/cm2 ğ›’:1.0946e+01ğ›€ cm
2023-03-23 13:32:12,265 INFO Measurement at current 0.0016532663316582916
2023-03-23 13:32:12,850 INFO T:279.24Â°K V:2.5670e-02V I:1.6533e-03A R:1.5527e+01ğ›€ E:7.9228e-01V/cm J:7.2353e-02A/cm2 ğ›’:1.0950e+01ğ›€ cm
2023-03-23 13:32:12,865 INFO Measurement at current 0.001670854271356784
2023-03-23 13:32:13,452 INFO T:279.24Â°K V:2.5932e-02V I:1.6709e-03A R:1.5520e+01ğ›€ E:8.0037e-01V/cm J:7.3123e-02A/cm2 ğ›’:1.0946e+01ğ›€ cm
2023-03-23 13:32:13,476 INFO Measurement at current 0.0016884422110552766
2023-03-23 13:32:14,069 INFO T:279.24Â°K V:2.6200e-02V I:1.6884e-03A R:1.5517e+01ğ›€ E:8.0864e-01V/cm J:7.3892e-02A/cm2 ğ›’:1.0944e+01ğ›€ cm
2023-03-23 13:32:14,090 INFO Measurement at current 0.001706030150753769
2023-03-23 13:32:14,680 INFO T:279.23Â°K V:2.6477e-02V I:1.7060e-03A R:1.5519e+01ğ›€ E:8.1718e-01V/cm J:7.4662e-02A/cm2 ğ›’:1.0945e+01ğ›€ cm
2023-03-23 13:32:14,695 INFO Measurement at current 0.0017236180904522615
2023-03-23 13:32:15,310 INFO T:279.23Â°K V:2.6750e-02V I:1.7236e-03A R:1.5519e+01ğ›€ E:8.2560e-01V/cm J:7.5432e-02A/cm2 ğ›’:1.0945e+01ğ›€ cm
2023-03-23 13:32:15,325 INFO Measurement at current 0.001741206030150754
2023-03-23 13:32:15,911 INFO T:279.23Â°K V:2.7029e-02V I:1.7412e-03A R:1.5523e+01ğ›€ E:8.3423e-01V/cm J:7.6202e-02A/cm2 ğ›’:1.0948e+01ğ›€ cm
2023-03-23 13:32:15,928 INFO Measurement at current 0.0017587939698492463
2023-03-23 13:32:16,514 INFO T:279.23Â°K V:2.7309e-02V I:1.7588e-03A R:1.5527e+01ğ›€ E:8.4287e-01V/cm J:7.6971e-02A/cm2 ğ›’:1.0950e+01ğ›€ cm
2023-03-23 13:32:16,539 INFO Measurement at current 0.0017763819095477388
2023-03-23 13:32:17,127 INFO T:279.22Â°K V:2.7580e-02V I:1.7764e-03A R:1.5526e+01ğ›€ E:8.5125e-01V/cm J:7.7741e-02A/cm2 ğ›’:1.0950e+01ğ›€ cm
2023-03-23 13:32:17,144 INFO Measurement at current 0.0017939698492462314
2023-03-23 13:32:17,741 INFO T:279.22Â°K V:2.7852e-02V I:1.7940e-03A R:1.5525e+01ğ›€ E:8.5963e-01V/cm J:7.8511e-02A/cm2 ğ›’:1.0949e+01ğ›€ cm
2023-03-23 13:32:17,763 INFO Measurement at current 0.0018115577889447237
2023-03-23 13:32:18,363 INFO T:279.22Â°K V:2.8123e-02V I:1.8116e-03A R:1.5524e+01ğ›€ E:8.6801e-01V/cm J:7.9280e-02A/cm2 ğ›’:1.0949e+01ğ›€ cm
2023-03-23 13:32:18,391 INFO Measurement at current 0.0018291457286432162
2023-03-23 13:32:19,009 INFO T:279.21Â°K V:2.8395e-02V I:1.8291e-03A R:1.5524e+01ğ›€ E:8.7640e-01V/cm J:8.0050e-02A/cm2 ğ›’:1.0948e+01ğ›€ cm
2023-03-23 13:32:19,026 INFO Measurement at current 0.0018467336683417087
2023-03-23 13:32:19,636 INFO T:279.21Â°K V:2.8665e-02V I:1.8467e-03A R:1.5522e+01ğ›€ E:8.8473e-01V/cm J:8.0820e-02A/cm2 ğ›’:1.0947e+01ğ›€ cm
2023-03-23 13:32:19,656 INFO Measurement at current 0.0018643216080402013
2023-03-23 13:32:20,242 INFO T:279.21Â°K V:2.8944e-02V I:1.8643e-03A R:1.5525e+01ğ›€ E:8.9333e-01V/cm J:8.1590e-02A/cm2 ğ›’:1.0949e+01ğ›€ cm
2023-03-23 13:32:20,262 INFO Measurement at current 0.0018819095477386936
2023-03-23 13:32:20,854 INFO T:279.20Â°K V:2.9219e-02V I:1.8819e-03A R:1.5526e+01ğ›€ E:9.0183e-01V/cm J:8.2359e-02A/cm2 ğ›’:1.0950e+01ğ›€ cm
2023-03-23 13:32:20,881 INFO Measurement at current 0.001899497487437186
2023-03-23 13:32:21,473 INFO T:279.20Â°K V:2.9491e-02V I:1.8995e-03A R:1.5526e+01ğ›€ E:9.1022e-01V/cm J:8.3129e-02A/cm2 ğ›’:1.0950e+01ğ›€ cm
2023-03-23 13:32:21,492 INFO Measurement at current 0.0019170854271356786
2023-03-23 13:32:22,079 INFO T:279.20Â°K V:2.9763e-02V I:1.9171e-03A R:1.5525e+01ğ›€ E:9.1862e-01V/cm J:8.3899e-02A/cm2 ğ›’:1.0949e+01ğ›€ cm
2023-03-23 13:32:22,125 INFO Measurement at current 0.001934673366834171
2023-03-23 13:32:22,714 INFO T:279.19Â°K V:3.0038e-02V I:1.9347e-03A R:1.5526e+01ğ›€ E:9.2710e-01V/cm J:8.4668e-02A/cm2 ğ›’:1.0950e+01ğ›€ cm
2023-03-23 13:32:22,736 INFO Measurement at current 0.0019522613065326635
2023-03-23 13:32:23,342 INFO T:279.19Â°K V:3.0316e-02V I:1.9523e-03A R:1.5529e+01ğ›€ E:9.3567e-01V/cm J:8.5438e-02A/cm2 ğ›’:1.0951e+01ğ›€ cm
2023-03-23 13:32:23,358 INFO Measurement at current 0.0019698492462311558
2023-03-23 13:32:23,943 INFO T:279.19Â°K V:3.0585e-02V I:1.9698e-03A R:1.5527e+01ğ›€ E:9.4399e-01V/cm J:8.6208e-02A/cm2 ğ›’:1.0950e+01ğ›€ cm
2023-03-23 13:32:23,959 INFO Measurement at current 0.0019874371859296483
2023-03-23 13:32:24,548 INFO T:279.18Â°K V:3.0852e-02V I:1.9874e-03A R:1.5524e+01ğ›€ E:9.5223e-01V/cm J:8.6978e-02A/cm2 ğ›’:1.0948e+01ğ›€ cm
2023-03-23 13:32:24,564 INFO Measurement at current 0.002005025125628141
2023-03-23 13:32:25,158 INFO T:279.18Â°K V:3.1124e-02V I:2.0050e-03A R:1.5523e+01ğ›€ E:9.6061e-01V/cm J:8.7747e-02A/cm2 ğ›’:1.0947e+01ğ›€ cm
2023-03-23 13:32:25,176 INFO Measurement at current 0.0020226130653266334
2023-03-23 13:32:25,774 INFO T:279.18Â°K V:3.1398e-02V I:2.0226e-03A R:1.5523e+01ğ›€ E:9.6907e-01V/cm J:8.8517e-02A/cm2 ğ›’:1.0948e+01ğ›€ cm
2023-03-23 13:32:25,803 INFO Measurement at current 0.002040201005025126
2023-03-23 13:32:26,393 INFO T:279.18Â°K V:3.1670e-02V I:2.0402e-03A R:1.5523e+01ğ›€ E:9.7747e-01V/cm J:8.9287e-02A/cm2 ğ›’:1.0948e+01ğ›€ cm
2023-03-23 13:32:26,409 INFO Measurement at current 0.0020577889447236184
2023-03-23 13:32:27,006 INFO T:279.17Â°K V:3.1947e-02V I:2.0578e-03A R:1.5525e+01ğ›€ E:9.8602e-01V/cm J:9.0056e-02A/cm2 ğ›’:1.0949e+01ğ›€ cm
2023-03-23 13:32:27,030 INFO Measurement at current 0.0020753768844221105
2023-03-23 13:32:27,617 INFO T:279.17Â°K V:3.2221e-02V I:2.0754e-03A R:1.5526e+01ğ›€ E:9.9449e-01V/cm J:9.0826e-02A/cm2 ğ›’:1.0949e+01ğ›€ cm
2023-03-23 13:32:27,635 INFO Measurement at current 0.002092964824120603
2023-03-23 13:32:28,225 INFO T:279.17Â°K V:3.2494e-02V I:2.0930e-03A R:1.5525e+01ğ›€ E:1.0029e+00V/cm J:9.1596e-02A/cm2 ğ›’:1.0949e+01ğ›€ cm
2023-03-23 13:32:28,243 INFO Measurement at current 0.0021105527638190956
2023-03-23 13:32:28,830 INFO T:279.16Â°K V:3.2768e-02V I:2.1106e-03A R:1.5526e+01ğ›€ E:1.0114e+00V/cm J:9.2366e-02A/cm2 ğ›’:1.0950e+01ğ›€ cm
2023-03-23 13:32:28,846 INFO Measurement at current 0.002128140703517588
2023-03-23 13:32:29,437 INFO T:279.16Â°K V:3.3034e-02V I:2.1281e-03A R:1.5523e+01ğ›€ E:1.0196e+00V/cm J:9.3135e-02A/cm2 ğ›’:1.0947e+01ğ›€ cm
2023-03-23 13:32:29,453 INFO Measurement at current 0.0021457286432160806
2023-03-23 13:32:30,041 INFO T:279.16Â°K V:3.3308e-02V I:2.1457e-03A R:1.5523e+01ğ›€ E:1.0280e+00V/cm J:9.3905e-02A/cm2 ğ›’:1.0947e+01ğ›€ cm
2023-03-23 13:32:30,063 INFO Measurement at current 0.002163316582914573
2023-03-23 13:32:30,652 INFO T:279.15Â°K V:3.3586e-02V I:2.1633e-03A R:1.5525e+01ğ›€ E:1.0366e+00V/cm J:9.4675e-02A/cm2 ğ›’:1.0949e+01ğ›€ cm
2023-03-23 13:32:30,669 INFO Measurement at current 0.0021809045226130657
2023-03-23 13:32:31,254 INFO T:279.15Â°K V:3.3858e-02V I:2.1809e-03A R:1.5525e+01ğ›€ E:1.0450e+00V/cm J:9.5444e-02A/cm2 ğ›’:1.0949e+01ğ›€ cm
2023-03-23 13:32:31,271 INFO Measurement at current 0.0021984924623115578
2023-03-23 13:32:31,863 INFO T:279.15Â°K V:3.4130e-02V I:2.1985e-03A R:1.5524e+01ğ›€ E:1.0534e+00V/cm J:9.6214e-02A/cm2 ğ›’:1.0948e+01ğ›€ cm
2023-03-23 13:32:31,879 INFO Measurement at current 0.0022160804020100503
2023-03-23 13:32:32,470 INFO T:279.14Â°K V:3.4405e-02V I:2.2161e-03A R:1.5525e+01ğ›€ E:1.0619e+00V/cm J:9.6984e-02A/cm2 ğ›’:1.0949e+01ğ›€ cm
2023-03-23 13:32:32,492 INFO Measurement at current 0.002233668341708543
2023-03-23 13:32:33,093 INFO T:279.14Â°K V:3.4677e-02V I:2.2337e-03A R:1.5525e+01ğ›€ E:1.0703e+00V/cm J:9.7754e-02A/cm2 ğ›’:1.0949e+01ğ›€ cm
2023-03-23 13:32:33,110 INFO Measurement at current 0.0022512562814070354
2023-03-23 13:32:33,697 INFO T:279.14Â°K V:3.4937e-02V I:2.2513e-03A R:1.5519e+01ğ›€ E:1.0783e+00V/cm J:9.8523e-02A/cm2 ğ›’:1.0945e+01ğ›€ cm
2023-03-23 13:32:33,718 INFO Measurement at current 0.002268844221105528
2023-03-23 13:32:34,314 INFO T:279.14Â°K V:3.5208e-02V I:2.2688e-03A R:1.5518e+01ğ›€ E:1.0867e+00V/cm J:9.9293e-02A/cm2 ğ›’:1.0944e+01ğ›€ cm
2023-03-23 13:32:34,332 INFO Measurement at current 0.0022864321608040204
2023-03-23 13:32:34,926 INFO T:279.13Â°K V:3.5480e-02V I:2.2864e-03A R:1.5518e+01ğ›€ E:1.0951e+00V/cm J:1.0006e-01A/cm2 ğ›’:1.0944e+01ğ›€ cm
2023-03-23 13:32:34,959 INFO Measurement at current 0.002304020100502513
2023-03-23 13:32:35,575 INFO T:279.13Â°K V:3.5753e-02V I:2.3040e-03A R:1.5518e+01ğ›€ E:1.1035e+00V/cm J:1.0083e-01A/cm2 ğ›’:1.0944e+01ğ›€ cm
2023-03-23 13:32:35,609 INFO Measurement at current 0.002321608040201005
2023-03-23 13:32:36,201 INFO T:279.13Â°K V:3.6024e-02V I:2.3216e-03A R:1.5517e+01ğ›€ E:1.1118e+00V/cm J:1.0160e-01A/cm2 ğ›’:1.0943e+01ğ›€ cm
2023-03-23 13:32:36,222 INFO Measurement at current 0.0023391959798994976
2023-03-23 13:32:36,820 INFO T:279.12Â°K V:3.6293e-02V I:2.3392e-03A R:1.5515e+01ğ›€ E:1.1202e+00V/cm J:1.0237e-01A/cm2 ğ›’:1.0942e+01ğ›€ cm
2023-03-23 13:32:36,837 INFO Measurement at current 0.00235678391959799
2023-03-23 13:32:37,457 INFO T:279.12Â°K V:3.6571e-02V I:2.3568e-03A R:1.5517e+01ğ›€ E:1.1287e+00V/cm J:1.0314e-01A/cm2 ğ›’:1.0943e+01ğ›€ cm
2023-03-23 13:32:37,477 INFO Measurement at current 0.0023743718592964826
2023-03-23 13:32:38,062 INFO T:279.12Â°K V:3.6842e-02V I:2.3744e-03A R:1.5516e+01ğ›€ E:1.1371e+00V/cm J:1.0391e-01A/cm2 ğ›’:1.0943e+01ğ›€ cm
2023-03-23 13:32:38,080 INFO Measurement at current 0.002391959798994975
2023-03-23 13:32:38,680 INFO T:279.11Â°K V:3.7116e-02V I:2.3920e-03A R:1.5517e+01ğ›€ E:1.1456e+00V/cm J:1.0468e-01A/cm2 ğ›’:1.0943e+01ğ›€ cm
2023-03-23 13:32:38,697 INFO Measurement at current 0.0024095477386934677
2023-03-23 13:32:39,285 INFO T:279.11Â°K V:3.7389e-02V I:2.4095e-03A R:1.5517e+01ğ›€ E:1.1540e+00V/cm J:1.0545e-01A/cm2 ğ›’:1.0943e+01ğ›€ cm
2023-03-23 13:32:39,309 INFO Measurement at current 0.00242713567839196
2023-03-23 13:32:39,914 INFO T:279.11Â°K V:3.7664e-02V I:2.4271e-03A R:1.5518e+01ğ›€ E:1.1625e+00V/cm J:1.0622e-01A/cm2 ğ›’:1.0944e+01ğ›€ cm
2023-03-23 13:32:39,934 INFO Measurement at current 0.0024447236180904523
2023-03-23 13:32:40,522 INFO T:279.10Â°K V:3.7938e-02V I:2.4447e-03A R:1.5518e+01ğ›€ E:1.1709e+00V/cm J:1.0699e-01A/cm2 ğ›’:1.0944e+01ğ›€ cm
2023-03-23 13:32:40,539 INFO Measurement at current 0.002462311557788945
2023-03-23 13:32:41,132 INFO T:279.10Â°K V:3.8219e-02V I:2.4623e-03A R:1.5522e+01ğ›€ E:1.1796e+00V/cm J:1.0776e-01A/cm2 ğ›’:1.0947e+01ğ›€ cm
2023-03-23 13:32:41,155 INFO Measurement at current 0.0024798994974874373
2023-03-23 13:32:41,754 INFO T:279.10Â°K V:3.8494e-02V I:2.4799e-03A R:1.5523e+01ğ›€ E:1.1881e+00V/cm J:1.0853e-01A/cm2 ğ›’:1.0947e+01ğ›€ cm
2023-03-23 13:32:41,771 INFO Measurement at current 0.00249748743718593
2023-03-23 13:32:42,371 INFO T:279.10Â°K V:3.8765e-02V I:2.4975e-03A R:1.5522e+01ğ›€ E:1.1965e+00V/cm J:1.0930e-01A/cm2 ğ›’:1.0947e+01ğ›€ cm
2023-03-23 13:32:42,388 INFO Measurement at current 0.0025150753768844224
2023-03-23 13:32:42,981 INFO T:279.09Â°K V:3.9043e-02V I:2.5151e-03A R:1.5524e+01ğ›€ E:1.2050e+00V/cm J:1.1007e-01A/cm2 ğ›’:1.0948e+01ğ›€ cm
2023-03-23 13:32:43,010 INFO Measurement at current 0.002532663316582915
2023-03-23 13:32:43,604 INFO T:279.09Â°K V:3.9319e-02V I:2.5327e-03A R:1.5525e+01ğ›€ E:1.2135e+00V/cm J:1.1084e-01A/cm2 ğ›’:1.0949e+01ğ›€ cm
2023-03-23 13:32:43,621 INFO Measurement at current 0.002550251256281407
2023-03-23 13:32:44,211 INFO T:279.09Â°K V:3.9599e-02V I:2.5503e-03A R:1.5527e+01ğ›€ E:1.2222e+00V/cm J:1.1161e-01A/cm2 ğ›’:1.0951e+01ğ›€ cm
2023-03-23 13:32:44,228 INFO Measurement at current 0.0025678391959798996
2023-03-23 13:32:44,816 INFO T:279.08Â°K V:3.9867e-02V I:2.5678e-03A R:1.5525e+01ğ›€ E:1.2305e+00V/cm J:1.1238e-01A/cm2 ğ›’:1.0949e+01ğ›€ cm
2023-03-23 13:32:44,833 INFO Measurement at current 0.002585427135678392
2023-03-23 13:32:45,421 INFO T:279.08Â°K V:4.0140e-02V I:2.5854e-03A R:1.5526e+01ğ›€ E:1.2389e+00V/cm J:1.1315e-01A/cm2 ğ›’:1.0949e+01ğ›€ cm
2023-03-23 13:32:45,439 INFO Measurement at current 0.0026030150753768846
2023-03-23 13:32:46,033 INFO T:279.08Â°K V:4.0416e-02V I:2.6030e-03A R:1.5527e+01ğ›€ E:1.2474e+00V/cm J:1.1392e-01A/cm2 ğ›’:1.0950e+01ğ›€ cm
2023-03-23 13:32:46,051 INFO Measurement at current 0.002620603015075377
2023-03-23 13:32:46,639 INFO T:279.07Â°K V:4.0689e-02V I:2.6206e-03A R:1.5526e+01ğ›€ E:1.2558e+00V/cm J:1.1469e-01A/cm2 ğ›’:1.0950e+01ğ›€ cm
2023-03-23 13:32:46,656 INFO Measurement at current 0.0026381909547738697
2023-03-23 13:32:47,249 INFO T:279.07Â°K V:4.0959e-02V I:2.6382e-03A R:1.5526e+01ğ›€ E:1.2642e+00V/cm J:1.1546e-01A/cm2 ğ›’:1.0949e+01ğ›€ cm
2023-03-23 13:32:47,269 INFO Measurement at current 0.002655778894472362
2023-03-23 13:32:47,860 INFO T:279.07Â°K V:4.1242e-02V I:2.6558e-03A R:1.5529e+01ğ›€ E:1.2729e+00V/cm J:1.1623e-01A/cm2 ğ›’:1.0952e+01ğ›€ cm
2023-03-23 13:32:47,878 INFO Measurement at current 0.0026733668341708543
2023-03-23 13:32:48,478 INFO T:279.06Â°K V:4.1512e-02V I:2.6734e-03A R:1.5528e+01ğ›€ E:1.2812e+00V/cm J:1.1700e-01A/cm2 ğ›’:1.0951e+01ğ›€ cm
2023-03-23 13:32:48,508 INFO Measurement at current 0.002690954773869347
2023-03-23 13:32:49,107 INFO T:279.06Â°K V:4.1784e-02V I:2.6910e-03A R:1.5528e+01ğ›€ E:1.2896e+00V/cm J:1.1777e-01A/cm2 ğ›’:1.0951e+01ğ›€ cm
2023-03-23 13:32:49,125 INFO Measurement at current 0.0027085427135678393
2023-03-23 13:32:49,719 INFO T:279.06Â°K V:4.2060e-02V I:2.7085e-03A R:1.5529e+01ğ›€ E:1.2981e+00V/cm J:1.1854e-01A/cm2 ğ›’:1.0951e+01ğ›€ cm
2023-03-23 13:32:49,738 INFO Measurement at current 0.002726130653266332
2023-03-23 13:32:50,344 INFO T:279.06Â°K V:4.2336e-02V I:2.7261e-03A R:1.5530e+01ğ›€ E:1.3067e+00V/cm J:1.1931e-01A/cm2 ğ›’:1.0952e+01ğ›€ cm
2023-03-23 13:32:50,374 INFO Measurement at current 0.0027437185929648244
2023-03-23 13:32:50,969 INFO T:279.05Â°K V:4.2610e-02V I:2.7437e-03A R:1.5530e+01ğ›€ E:1.3151e+00V/cm J:1.2008e-01A/cm2 ğ›’:1.0952e+01ğ›€ cm
2023-03-23 13:32:50,991 INFO Measurement at current 0.002761306532663317
2023-03-23 13:32:51,580 INFO T:279.05Â°K V:4.2889e-02V I:2.7613e-03A R:1.5532e+01ğ›€ E:1.3237e+00V/cm J:1.2084e-01A/cm2 ğ›’:1.0954e+01ğ›€ cm
2023-03-23 13:32:51,602 INFO Measurement at current 0.0027788944723618095
2023-03-23 13:32:52,189 INFO T:279.05Â°K V:4.3158e-02V I:2.7789e-03A R:1.5531e+01ğ›€ E:1.3320e+00V/cm J:1.2161e-01A/cm2 ğ›’:1.0953e+01ğ›€ cm
2023-03-23 13:32:52,230 INFO Measurement at current 0.0027964824120603016
2023-03-23 13:32:52,837 INFO T:279.04Â°K V:4.3428e-02V I:2.7965e-03A R:1.5529e+01ğ›€ E:1.3404e+00V/cm J:1.2238e-01A/cm2 ğ›’:1.0952e+01ğ›€ cm
2023-03-23 13:32:52,876 INFO Measurement at current 0.002814070351758794
2023-03-23 13:32:53,469 INFO T:279.04Â°K V:4.3704e-02V I:2.8141e-03A R:1.5531e+01ğ›€ E:1.3489e+00V/cm J:1.2315e-01A/cm2 ğ›’:1.0953e+01ğ›€ cm
2023-03-23 13:32:53,499 INFO Measurement at current 0.0028316582914572866
2023-03-23 13:32:54,124 INFO T:279.04Â°K V:4.3978e-02V I:2.8317e-03A R:1.5531e+01ğ›€ E:1.3573e+00V/cm J:1.2392e-01A/cm2 ğ›’:1.0953e+01ğ›€ cm
2023-03-23 13:32:54,147 INFO Measurement at current 0.002849246231155779
2023-03-23 13:32:54,744 INFO T:279.03Â°K V:4.4246e-02V I:2.8492e-03A R:1.5529e+01ğ›€ E:1.3656e+00V/cm J:1.2469e-01A/cm2 ğ›’:1.0952e+01ğ›€ cm
2023-03-23 13:32:54,765 INFO Measurement at current 0.0028668341708542717
2023-03-23 13:32:55,369 INFO T:279.03Â°K V:4.4525e-02V I:2.8668e-03A R:1.5531e+01ğ›€ E:1.3742e+00V/cm J:1.2546e-01A/cm2 ğ›’:1.0953e+01ğ›€ cm
2023-03-23 13:32:55,400 INFO Measurement at current 0.002884422110552764
2023-03-23 13:32:56,033 INFO T:279.03Â°K V:4.4802e-02V I:2.8844e-03A R:1.5532e+01ğ›€ E:1.3828e+00V/cm J:1.2623e-01A/cm2 ğ›’:1.0954e+01ğ›€ cm
2023-03-23 13:32:56,052 INFO Measurement at current 0.0029020100502512567
2023-03-23 13:32:56,641 INFO T:279.02Â°K V:4.5079e-02V I:2.9020e-03A R:1.5534e+01ğ›€ E:1.3913e+00V/cm J:1.2700e-01A/cm2 ğ›’:1.0955e+01ğ›€ cm
2023-03-23 13:32:56,663 INFO Measurement at current 0.002919597989949749
2023-03-23 13:32:57,259 INFO T:279.02Â°K V:4.5351e-02V I:2.9196e-03A R:1.5533e+01ğ›€ E:1.3997e+00V/cm J:1.2777e-01A/cm2 ğ›’:1.0955e+01ğ›€ cm
2023-03-23 13:32:57,276 INFO Measurement at current 0.0029371859296482413
2023-03-23 13:32:57,875 INFO T:279.02Â°K V:4.5621e-02V I:2.9372e-03A R:1.5532e+01ğ›€ E:1.4080e+00V/cm J:1.2854e-01A/cm2 ğ›’:1.0954e+01ğ›€ cm
2023-03-23 13:32:57,893 INFO Measurement at current 0.002954773869346734
2023-03-23 13:32:58,483 INFO T:279.02Â°K V:4.5897e-02V I:2.9548e-03A R:1.5533e+01ğ›€ E:1.4166e+00V/cm J:1.2931e-01A/cm2 ğ›’:1.0955e+01ğ›€ cm
2023-03-23 13:32:58,502 INFO Measurement at current 0.0029723618090452264
2023-03-23 13:32:59,103 INFO T:279.01Â°K V:4.6171e-02V I:2.9724e-03A R:1.5533e+01ğ›€ E:1.4250e+00V/cm J:1.3008e-01A/cm2 ğ›’:1.0955e+01ğ›€ cm
2023-03-23 13:32:59,129 INFO Measurement at current 0.002989949748743719
2023-03-23 13:32:59,716 INFO T:279.01Â°K V:4.6444e-02V I:2.9899e-03A R:1.5533e+01ğ›€ E:1.4335e+00V/cm J:1.3085e-01A/cm2 ğ›’:1.0955e+01ğ›€ cm
2023-03-23 13:32:59,736 INFO Measurement at current 0.0030075376884422115
2023-03-23 13:33:00,324 INFO T:279.01Â°K V:4.6714e-02V I:3.0075e-03A R:1.5532e+01ğ›€ E:1.4418e+00V/cm J:1.3162e-01A/cm2 ğ›’:1.0954e+01ğ›€ cm
2023-03-23 13:33:00,342 INFO Measurement at current 0.0030251256281407036
2023-03-23 13:33:00,940 INFO T:279.00Â°K V:4.6976e-02V I:3.0251e-03A R:1.5529e+01ğ›€ E:1.4499e+00V/cm J:1.3239e-01A/cm2 ğ›’:1.0952e+01ğ›€ cm
2023-03-23 13:33:00,977 INFO Measurement at current 0.003042713567839196
2023-03-23 13:33:01,600 INFO T:279.00Â°K V:4.7254e-02V I:3.0427e-03A R:1.5530e+01ğ›€ E:1.4585e+00V/cm J:1.3316e-01A/cm2 ğ›’:1.0953e+01ğ›€ cm
2023-03-23 13:33:01,621 INFO Measurement at current 0.0030603015075376886
2023-03-23 13:33:02,217 INFO T:279.00Â°K V:4.7537e-02V I:3.0603e-03A R:1.5533e+01ğ›€ E:1.4672e+00V/cm J:1.3393e-01A/cm2 ğ›’:1.0955e+01ğ›€ cm
2023-03-23 13:33:02,236 INFO Measurement at current 0.003077889447236181
2023-03-23 13:33:02,828 INFO T:278.99Â°K V:4.7808e-02V I:3.0779e-03A R:1.5533e+01ğ›€ E:1.4756e+00V/cm J:1.3470e-01A/cm2 ğ›’:1.0954e+01ğ›€ cm
2023-03-23 13:33:02,847 INFO Measurement at current 0.0030954773869346737
2023-03-23 13:33:03,441 INFO T:278.99Â°K V:4.8076e-02V I:3.0955e-03A R:1.5531e+01ğ›€ E:1.4838e+00V/cm J:1.3547e-01A/cm2 ğ›’:1.0953e+01ğ›€ cm
2023-03-23 13:33:03,475 INFO Measurement at current 0.003113065326633166
2023-03-23 13:33:04,076 INFO T:278.99Â°K V:4.8351e-02V I:3.1131e-03A R:1.5532e+01ğ›€ E:1.4923e+00V/cm J:1.3624e-01A/cm2 ğ›’:1.0954e+01ğ›€ cm
2023-03-23 13:33:04,095 INFO Measurement at current 0.0031306532663316587
2023-03-23 13:33:04,697 INFO T:278.98Â°K V:4.8623e-02V I:3.1307e-03A R:1.5531e+01ğ›€ E:1.5007e+00V/cm J:1.3701e-01A/cm2 ğ›’:1.0953e+01ğ›€ cm
2023-03-23 13:33:04,714 INFO Measurement at current 0.003148241206030151
2023-03-23 13:33:05,323 INFO T:278.98Â°K V:4.8899e-02V I:3.1482e-03A R:1.5532e+01ğ›€ E:1.5092e+00V/cm J:1.3778e-01A/cm2 ğ›’:1.0954e+01ğ›€ cm
2023-03-23 13:33:05,348 INFO Measurement at current 0.0031658291457286433
2023-03-23 13:33:05,951 INFO T:278.98Â°K V:4.9184e-02V I:3.1658e-03A R:1.5536e+01ğ›€ E:1.5180e+00V/cm J:1.3855e-01A/cm2 ğ›’:1.0957e+01ğ›€ cm
2023-03-23 13:33:05,972 INFO Measurement at current 0.003183417085427136
2023-03-23 13:33:06,565 INFO T:278.98Â°K V:4.9457e-02V I:3.1834e-03A R:1.5536e+01ğ›€ E:1.5264e+00V/cm J:1.3932e-01A/cm2 ğ›’:1.0957e+01ğ›€ cm
2023-03-23 13:33:06,594 INFO Measurement at current 0.0032010050251256284
2023-03-23 13:33:07,205 INFO T:278.97Â°K V:4.9732e-02V I:3.2010e-03A R:1.5536e+01ğ›€ E:1.5349e+00V/cm J:1.4009e-01A/cm2 ğ›’:1.0957e+01ğ›€ cm
2023-03-23 13:33:07,230 INFO Measurement at current 0.003218592964824121
2023-03-23 13:33:07,831 INFO T:278.97Â°K V:4.9998e-02V I:3.2186e-03A R:1.5534e+01ğ›€ E:1.5431e+00V/cm J:1.4086e-01A/cm2 ğ›’:1.0955e+01ğ›€ cm
2023-03-23 13:33:07,850 INFO Measurement at current 0.0032361809045226135
2023-03-23 13:33:08,440 INFO T:278.97Â°K V:5.0275e-02V I:3.2362e-03A R:1.5535e+01ğ›€ E:1.5517e+00V/cm J:1.4163e-01A/cm2 ğ›’:1.0956e+01ğ›€ cm
2023-03-23 13:33:08,464 INFO Measurement at current 0.003253768844221106
2023-03-23 13:33:09,053 INFO T:278.96Â°K V:5.0557e-02V I:3.2538e-03A R:1.5538e+01ğ›€ E:1.5604e+00V/cm J:1.4240e-01A/cm2 ğ›’:1.0958e+01ğ›€ cm
2023-03-23 13:33:09,068 INFO Measurement at current 0.003271356783919598
2023-03-23 13:33:09,695 INFO T:278.96Â°K V:5.0832e-02V I:3.2714e-03A R:1.5539e+01ğ›€ E:1.5689e+00V/cm J:1.4317e-01A/cm2 ğ›’:1.0959e+01ğ›€ cm
2023-03-23 13:33:09,713 INFO Measurement at current 0.0032889447236180906
2023-03-23 13:33:10,303 INFO T:278.96Â°K V:5.1103e-02V I:3.2889e-03A R:1.5538e+01ğ›€ E:1.5773e+00V/cm J:1.4394e-01A/cm2 ğ›’:1.0958e+01ğ›€ cm
2023-03-23 13:33:10,320 INFO Measurement at current 0.003306532663316583
2023-03-23 13:33:10,907 INFO T:278.95Â°K V:5.1380e-02V I:3.3065e-03A R:1.5539e+01ğ›€ E:1.5858e+00V/cm J:1.4471e-01A/cm2 ğ›’:1.0959e+01ğ›€ cm
2023-03-23 13:33:10,930 INFO Measurement at current 0.0033241206030150757
2023-03-23 13:33:11,545 INFO T:278.95Â°K V:5.1648e-02V I:3.3241e-03A R:1.5537e+01ğ›€ E:1.5941e+00V/cm J:1.4548e-01A/cm2 ğ›’:1.0958e+01ğ›€ cm
2023-03-23 13:33:11,563 INFO Measurement at current 0.003341708542713568
2023-03-23 13:33:12,162 INFO T:278.95Â°K V:5.1923e-02V I:3.3417e-03A R:1.5538e+01ğ›€ E:1.6026e+00V/cm J:1.4625e-01A/cm2 ğ›’:1.0958e+01ğ›€ cm
2023-03-23 13:33:12,181 INFO Measurement at current 0.0033592964824120607
2023-03-23 13:33:12,774 INFO T:278.94Â°K V:5.2203e-02V I:3.3593e-03A R:1.5540e+01ğ›€ E:1.6112e+00V/cm J:1.4702e-01A/cm2 ğ›’:1.0959e+01ğ›€ cm
2023-03-23 13:33:12,790 INFO Measurement at current 0.0033768844221105532
2023-03-23 13:33:13,384 INFO T:278.94Â°K V:5.2476e-02V I:3.3769e-03A R:1.5540e+01ğ›€ E:1.6196e+00V/cm J:1.4778e-01A/cm2 ğ›’:1.0959e+01ğ›€ cm
2023-03-23 13:33:13,402 INFO Measurement at current 0.0033944723618090453
2023-03-23 13:33:13,996 INFO T:278.94Â°K V:5.2753e-02V I:3.3945e-03A R:1.5541e+01ğ›€ E:1.6282e+00V/cm J:1.4855e-01A/cm2 ğ›’:1.0960e+01ğ›€ cm
2023-03-23 13:33:14,023 INFO Measurement at current 0.003412060301507538
2023-03-23 13:33:14,618 INFO T:278.94Â°K V:5.3025e-02V I:3.4121e-03A R:1.5540e+01ğ›€ E:1.6366e+00V/cm J:1.4932e-01A/cm2 ğ›’:1.0960e+01ğ›€ cm
2023-03-23 13:33:14,754 INFO Measurement at current 0.0034296482412060304
2023-03-23 13:33:15,343 INFO T:278.93Â°K V:5.3298e-02V I:3.4296e-03A R:1.5540e+01ğ›€ E:1.6450e+00V/cm J:1.5009e-01A/cm2 ğ›’:1.0960e+01ğ›€ cm
2023-03-23 13:33:15,364 INFO Measurement at current 0.003447236180904523
2023-03-23 13:33:15,958 INFO T:278.93Â°K V:5.3570e-02V I:3.4472e-03A R:1.5540e+01ğ›€ E:1.6534e+00V/cm J:1.5086e-01A/cm2 ğ›’:1.0960e+01ğ›€ cm
2023-03-23 13:33:15,976 INFO Measurement at current 0.0034648241206030155
2023-03-23 13:33:16,573 INFO T:278.93Â°K V:5.3857e-02V I:3.4648e-03A R:1.5544e+01ğ›€ E:1.6623e+00V/cm J:1.5163e-01A/cm2 ğ›’:1.0962e+01ğ›€ cm
2023-03-23 13:33:16,599 INFO Measurement at current 0.003482412060301508
2023-03-23 13:33:17,220 INFO T:278.92Â°K V:5.4133e-02V I:3.4824e-03A R:1.5545e+01ğ›€ E:1.6708e+00V/cm J:1.5240e-01A/cm2 ğ›’:1.0963e+01ğ›€ cm
2023-03-23 13:33:17,253 INFO Measurement at current 0.0035
2023-03-23 13:33:17,863 INFO T:278.92Â°K V:5.4403e-02V I:3.5000e-03A R:1.5544e+01ğ›€ E:1.6791e+00V/cm J:1.5317e-01A/cm2 ğ›’:1.0962e+01ğ›€ cm
2023-03-23 13:33:51,682 INFO Save the description file
2023-03-23 13:33:51,690 INFO Save data in numpy format Esperimenti/CPRO_MUSA_230323_bis/CPRO_MUSA_230323_bis_current_from_0_to_35e-4A/CPRO_MUSA_230323_bis_current_from_0_to_35e-4A-20230323133340
2023-03-23 13:33:51,700 INFO Save data in CSV format Esperimenti/CPRO_MUSA_230323_bis/CPRO_MUSA_230323_bis_current_from_0_to_35e-4A/CPRO_MUSA_230323_bis_current_from_0_to_35e-4A-20230323133340.csv
2023-03-23 13:33:51,720 INFO Save plot as image Esperimenti/CPRO_MUSA_230323_bis/CPRO_MUSA_230323_bis_current_from_0_to_35e-4A/CPRO_MUSA_230323_bis_current_from_0_to_35e-4A-20230323133340.png
