2023-03-23 18:33:34,705 INFO ### Start experiment: CPRO_MUSA_230323_bis current from 0 to 35e-4A ###
2023-03-23 18:33:36,053 INFO Found Multimeter KEITHLEY INSTRUMENTS INC.,MODEL 2700,0884890,B03  /A02  

2023-03-23 18:33:37,085 INFO Found Nanovolt Meter KEITHLEY INSTRUMENTS INC.,MODEL 2182A,4056474,C03  /A02  

2023-03-23 18:33:37,200 INFO Found Source Meter KEITHLEY INSTRUMENTS INC.,MODEL 2400,0945684,C24   Feb 14 2002 11:59:45/A02  /K/H

2023-03-23 18:33:37,336 INFO Start the measurement loop
2023-03-23 18:33:50,161 INFO Measurement at current 0.0
2023-03-23 18:33:51,078 INFO T:102.89Â°K V:3.0568e-04V I:0.0000e+00A R:infğ›€ E:9.4347e-03V/cm J:0.0000e+00A/cm2 ğ›’:infğ›€ cm
2023-03-23 18:33:51,101 INFO Measurement at current 1.7587939698492464e-05
2023-03-23 18:33:51,919 INFO T:102.88Â°K V:1.1860e+00V I:1.7588e-05A R:6.7431e+04ğ›€ E:3.6604e+01V/cm J:7.6971e-04A/cm2 ğ›’:4.7556e+04ğ›€ cm
2023-03-23 18:33:51,940 INFO Measurement at current 3.517587939698493e-05
2023-03-23 18:33:52,530 INFO T:102.87Â°K V:2.3241e+00V I:3.5176e-05A R:6.6072e+04ğ›€ E:7.1733e+01V/cm J:1.5394e-03A/cm2 ğ›’:4.6597e+04ğ›€ cm
2023-03-23 18:33:52,547 INFO Measurement at current 5.2763819095477394e-05
2023-03-23 18:33:53,139 INFO T:102.86Â°K V:3.3999e+00V I:5.2764e-05A R:6.4436e+04ğ›€ E:1.0494e+02V/cm J:2.3091e-03A/cm2 ğ›’:4.5444e+04ğ›€ cm
2023-03-23 18:33:53,162 INFO Measurement at current 7.035175879396985e-05
2023-03-23 18:33:53,761 INFO T:102.86Â°K V:4.3904e+00V I:7.0352e-05A R:6.2407e+04ğ›€ E:1.3551e+02V/cm J:3.0789e-03A/cm2 ğ›’:4.4012e+04ğ›€ cm
2023-03-23 18:33:53,778 INFO Measurement at current 8.793969849246232e-05
2023-03-23 18:33:54,376 INFO T:102.85Â°K V:5.2974e+00V I:8.7940e-05A R:6.0239e+04ğ›€ E:1.6350e+02V/cm J:3.8486e-03A/cm2 ğ›’:4.2484e+04ğ›€ cm
2023-03-23 18:33:54,394 INFO Measurement at current 0.00010552763819095479
2023-03-23 18:33:54,992 INFO T:102.84Â°K V:6.0972e+00V I:1.0553e-04A R:5.7778e+04ğ›€ E:1.8818e+02V/cm J:4.6183e-03A/cm2 ğ›’:4.0748e+04ğ›€ cm
2023-03-23 18:33:55,018 INFO Measurement at current 0.00012311557788944724
2023-03-23 18:33:55,607 INFO T:102.84Â°K V:6.7969e+00V I:1.2312e-04A R:5.5208e+04ğ›€ E:2.0978e+02V/cm J:5.3880e-03A/cm2 ğ›’:3.8935e+04ğ›€ cm
2023-03-23 18:33:55,630 INFO Measurement at current 0.0001407035175879397
2023-03-23 18:33:56,232 INFO T:102.83Â°K V:7.4107e+00V I:1.4070e-04A R:5.2669e+04ğ›€ E:2.2872e+02V/cm J:6.1577e-03A/cm2 ğ›’:3.7144e+04ğ›€ cm
2023-03-23 18:33:56,256 INFO Measurement at current 0.00015829145728643218
2023-03-23 18:33:56,855 INFO T:102.82Â°K V:7.9418e+00V I:1.5829e-04A R:5.0172e+04ğ›€ E:2.4512e+02V/cm J:6.9274e-03A/cm2 ğ›’:3.5384e+04ğ›€ cm
2023-03-23 18:33:56,871 INFO Measurement at current 0.00017587939698492463
2023-03-23 18:33:57,457 INFO T:102.82Â°K V:8.3944e+00V I:1.7588e-04A R:4.7728e+04ğ›€ E:2.5909e+02V/cm J:7.6971e-03A/cm2 ğ›’:3.3660e+04ğ›€ cm
2023-03-23 18:33:57,472 INFO Measurement at current 0.0001934673366834171
2023-03-23 18:33:58,068 INFO T:102.81Â°K V:8.7514e+00V I:1.9347e-04A R:4.5234e+04ğ›€ E:2.7010e+02V/cm J:8.4668e-03A/cm2 ğ›’:3.1901e+04ğ›€ cm
2023-03-23 18:33:58,087 INFO Measurement at current 0.00021105527638190958
2023-03-23 18:33:58,683 INFO T:102.80Â°K V:9.0385e+00V I:2.1106e-04A R:4.2825e+04ğ›€ E:2.7897e+02V/cm J:9.2366e-03A/cm2 ğ›’:3.0202e+04ğ›€ cm
2023-03-23 18:33:58,703 INFO Measurement at current 0.00022864321608040202
2023-03-23 18:33:59,300 INFO T:102.80Â°K V:9.2839e+00V I:2.2864e-04A R:4.0604e+04ğ›€ E:2.8654e+02V/cm J:1.0006e-02A/cm2 ğ›’:2.8636e+04ğ›€ cm
2023-03-23 18:33:59,322 INFO Measurement at current 0.00024623115577889447
2023-03-23 18:33:59,928 INFO T:102.79Â°K V:9.4790e+00V I:2.4623e-04A R:3.8496e+04ğ›€ E:2.9256e+02V/cm J:1.0776e-02A/cm2 ğ›’:2.7149e+04ğ›€ cm
2023-03-23 18:33:59,955 INFO Measurement at current 0.00026381909547738695
2023-03-23 18:34:00,539 INFO T:102.78Â°K V:9.6295e+00V I:2.6382e-04A R:3.6500e+04ğ›€ E:2.9721e+02V/cm J:1.1546e-02A/cm2 ğ›’:2.5742e+04ğ›€ cm
2023-03-23 18:34:00,566 INFO Measurement at current 0.0002814070351758794
2023-03-23 18:34:01,162 INFO T:102.78Â°K V:9.7486e+00V I:2.8141e-04A R:3.4642e+04ğ›€ E:3.0088e+02V/cm J:1.2315e-02A/cm2 ğ›’:2.4431e+04ğ›€ cm
2023-03-23 18:34:01,178 INFO Measurement at current 0.0002989949748743719
2023-03-23 18:34:01,773 INFO T:102.77Â°K V:9.8284e+00V I:2.9899e-04A R:3.2871e+04ğ›€ E:3.0334e+02V/cm J:1.3085e-02A/cm2 ğ›’:2.3182e+04ğ›€ cm
2023-03-23 18:34:01,796 INFO Measurement at current 0.00031658291457286437
2023-03-23 18:34:02,406 INFO T:102.76Â°K V:1.0014e+01V I:3.1658e-04A R:3.1632e+04ğ›€ E:3.0908e+02V/cm J:1.3855e-02A/cm2 ğ›’:2.2309e+04ğ›€ cm
2023-03-23 18:34:02,421 INFO Measurement at current 0.0003341708542713568
2023-03-23 18:34:03,022 INFO T:102.76Â°K V:1.0103e+01V I:3.3417e-04A R:3.0234e+04ğ›€ E:3.1184e+02V/cm J:1.4625e-02A/cm2 ğ›’:2.1323e+04ğ›€ cm
2023-03-23 18:34:03,041 INFO Measurement at current 0.00035175879396984926
2023-03-23 18:34:03,642 INFO T:102.75Â°K V:1.1652e+01V I:3.5176e-04A R:3.3125e+04ğ›€ E:3.5963e+02V/cm J:1.5394e-02A/cm2 ğ›’:2.3361e+04ğ›€ cm
2023-03-23 18:34:03,659 INFO Measurement at current 0.00036934673366834173
2023-03-23 18:34:04,256 INFO T:102.74Â°K V:1.1620e+01V I:3.6935e-04A R:3.1462e+04ğ›€ E:3.5865e+02V/cm J:1.6164e-02A/cm2 ğ›’:2.2188e+04ğ›€ cm
2023-03-23 18:34:04,278 INFO Measurement at current 0.0003869346733668342
2023-03-23 18:34:04,879 INFO T:102.74Â°K V:1.1623e+01V I:3.8693e-04A R:3.0038e+04ğ›€ E:3.5873e+02V/cm J:1.6934e-02A/cm2 ğ›’:2.1184e+04ğ›€ cm
2023-03-23 18:34:04,902 INFO Measurement at current 0.0004045226130653267
2023-03-23 18:34:05,503 INFO T:102.73Â°K V:1.1602e+01V I:4.0452e-04A R:2.8681e+04ğ›€ E:3.5809e+02V/cm J:1.7703e-02A/cm2 ğ›’:2.0227e+04ğ›€ cm
2023-03-23 18:34:05,518 INFO Measurement at current 0.00042211055276381916
2023-03-23 18:34:06,100 INFO T:102.72Â°K V:1.1581e+01V I:4.2211e-04A R:2.7436e+04ğ›€ E:3.5743e+02V/cm J:1.8473e-02A/cm2 ğ›’:1.9349e+04ğ›€ cm
2023-03-23 18:34:06,115 INFO Measurement at current 0.0004396984924623116
2023-03-23 18:34:06,703 INFO T:102.72Â°K V:1.1550e+01V I:4.3970e-04A R:2.6267e+04ğ›€ E:3.5647e+02V/cm J:1.9243e-02A/cm2 ğ›’:1.8525e+04ğ›€ cm
2023-03-23 18:34:06,722 INFO Measurement at current 0.00045728643216080405
2023-03-23 18:34:07,317 INFO T:102.71Â°K V:1.1508e+01V I:4.5729e-04A R:2.5165e+04ğ›€ E:3.5518e+02V/cm J:2.0013e-02A/cm2 ğ›’:1.7748e+04ğ›€ cm
2023-03-23 18:34:07,340 INFO Measurement at current 0.0004748743718592965
2023-03-23 18:34:07,934 INFO T:102.70Â°K V:1.1471e+01V I:4.7487e-04A R:2.4155e+04ğ›€ E:3.5403e+02V/cm J:2.0782e-02A/cm2 ğ›’:1.7035e+04ğ›€ cm
2023-03-23 18:34:07,952 INFO Measurement at current 0.0004924623115577889
2023-03-23 18:34:08,561 INFO T:102.70Â°K V:1.1428e+01V I:4.9246e-04A R:2.3205e+04ğ›€ E:3.5271e+02V/cm J:2.1552e-02A/cm2 ğ›’:1.6365e+04ğ›€ cm
2023-03-23 18:34:08,584 INFO Measurement at current 0.0005100502512562815
2023-03-23 18:34:09,182 INFO T:102.69Â°K V:1.1378e+01V I:5.1005e-04A R:2.2307e+04ğ›€ E:3.5116e+02V/cm J:2.2322e-02A/cm2 ğ›’:1.5732e+04ğ›€ cm
2023-03-23 18:34:09,210 INFO Measurement at current 0.0005276381909547739
2023-03-23 18:34:09,795 INFO T:102.68Â°K V:1.1319e+01V I:5.2764e-04A R:2.1452e+04ğ›€ E:3.4934e+02V/cm J:2.3091e-02A/cm2 ğ›’:1.5129e+04ğ›€ cm
2023-03-23 18:34:09,811 INFO Measurement at current 0.0005452261306532664
2023-03-23 18:34:10,401 INFO T:102.68Â°K V:1.1276e+01V I:5.4523e-04A R:2.0681e+04ğ›€ E:3.4801e+02V/cm J:2.3861e-02A/cm2 ğ›’:1.4585e+04ğ›€ cm
2023-03-23 18:34:10,423 INFO Measurement at current 0.0005628140703517588
2023-03-23 18:34:11,028 INFO T:102.67Â°K V:1.1232e+01V I:5.6281e-04A R:1.9956e+04ğ›€ E:3.4665e+02V/cm J:2.4631e-02A/cm2 ğ›’:1.4074e+04ğ›€ cm
2023-03-23 18:34:11,049 INFO Measurement at current 0.0005804020100502513
2023-03-23 18:34:11,648 INFO T:102.66Â°K V:1.1177e+01V I:5.8040e-04A R:1.9258e+04ğ›€ E:3.4498e+02V/cm J:2.5401e-02A/cm2 ğ›’:1.3581e+04ğ›€ cm
2023-03-23 18:34:11,677 INFO Measurement at current 0.0005979899497487438
2023-03-23 18:34:12,274 INFO T:102.66Â°K V:1.1126e+01V I:5.9799e-04A R:1.8606e+04ğ›€ E:3.4339e+02V/cm J:2.6170e-02A/cm2 ğ›’:1.3122e+04ğ›€ cm
2023-03-23 18:34:12,296 INFO Measurement at current 0.0006155778894472362
2023-03-23 18:34:12,898 INFO T:102.65Â°K V:1.1071e+01V I:6.1558e-04A R:1.7984e+04ğ›€ E:3.4169e+02V/cm J:2.6940e-02A/cm2 ğ›’:1.2683e+04ğ›€ cm
2023-03-23 18:34:12,919 INFO Measurement at current 0.0006331658291457287
2023-03-23 18:34:13,513 INFO T:102.64Â°K V:1.1022e+01V I:6.3317e-04A R:1.7408e+04ğ›€ E:3.4020e+02V/cm J:2.7710e-02A/cm2 ğ›’:1.2277e+04ğ›€ cm
2023-03-23 18:34:13,536 INFO Measurement at current 0.0006507537688442212
2023-03-23 18:34:14,136 INFO T:102.64Â°K V:1.0974e+01V I:6.5075e-04A R:1.6863e+04ğ›€ E:3.3869e+02V/cm J:2.8479e-02A/cm2 ğ›’:1.1893e+04ğ›€ cm
2023-03-23 18:34:14,159 INFO Measurement at current 0.0006683417085427136
2023-03-23 18:34:14,751 INFO T:102.63Â°K V:1.0916e+01V I:6.6834e-04A R:1.6333e+04ğ›€ E:3.3691e+02V/cm J:2.9249e-02A/cm2 ğ›’:1.1519e+04ğ›€ cm
2023-03-23 18:34:14,768 INFO Measurement at current 0.0006859296482412061
2023-03-23 18:34:15,379 INFO T:102.62Â°K V:1.0868e+01V I:6.8593e-04A R:1.5845e+04ğ›€ E:3.3544e+02V/cm J:3.0019e-02A/cm2 ğ›’:1.1174e+04ğ›€ cm
2023-03-23 18:34:15,411 INFO Measurement at current 0.0007035175879396985
2023-03-23 18:34:16,013 INFO T:102.62Â°K V:1.0820e+01V I:7.0352e-04A R:1.5380e+04ğ›€ E:3.3396e+02V/cm J:3.0789e-02A/cm2 ğ›’:1.0847e+04ğ›€ cm
2023-03-23 18:34:16,035 INFO Measurement at current 0.000721105527638191
2023-03-23 18:34:16,642 INFO T:102.61Â°K V:1.0780e+01V I:7.2111e-04A R:1.4949e+04ğ›€ E:3.3272e+02V/cm J:3.1558e-02A/cm2 ğ›’:1.0543e+04ğ›€ cm
2023-03-23 18:34:16,681 INFO Measurement at current 0.0007386934673366835
2023-03-23 18:34:17,278 INFO T:102.60Â°K V:1.0737e+01V I:7.3869e-04A R:1.4535e+04ğ›€ E:3.3139e+02V/cm J:3.2328e-02A/cm2 ğ›’:1.0251e+04ğ›€ cm
2023-03-23 18:34:17,300 INFO Measurement at current 0.0007562814070351759
2023-03-23 18:34:17,889 INFO T:102.60Â°K V:1.0685e+01V I:7.5628e-04A R:1.4128e+04ğ›€ E:3.2978e+02V/cm J:3.3098e-02A/cm2 ğ›’:9.9637e+03ğ›€ cm
2023-03-23 18:34:17,909 INFO Measurement at current 0.0007738693467336684
2023-03-23 18:34:18,512 INFO T:102.59Â°K V:1.0639e+01V I:7.7387e-04A R:1.3747e+04ğ›€ E:3.2835e+02V/cm J:3.3867e-02A/cm2 ğ›’:9.6953e+03ğ›€ cm
2023-03-23 18:34:18,550 INFO Measurement at current 0.0007914572864321608
2023-03-23 18:34:19,150 INFO T:102.58Â°K V:1.0582e+01V I:7.9146e-04A R:1.3371e+04ğ›€ E:3.2661e+02V/cm J:3.4637e-02A/cm2 ğ›’:9.4295e+03ğ›€ cm
2023-03-23 18:34:19,172 INFO Measurement at current 0.0008090452261306534
2023-03-23 18:34:19,760 INFO T:102.58Â°K V:1.0533e+01V I:8.0905e-04A R:1.3019e+04ğ›€ E:3.2510e+02V/cm J:3.5407e-02A/cm2 ğ›’:9.1818e+03ğ›€ cm
2023-03-23 18:34:19,778 INFO Measurement at current 0.0008266331658291458
2023-03-23 18:34:20,374 INFO T:102.57Â°K V:1.0474e+01V I:8.2663e-04A R:1.2671e+04ğ›€ E:3.2328e+02V/cm J:3.6177e-02A/cm2 ğ›’:8.9362e+03ğ›€ cm
2023-03-23 18:34:20,393 INFO Measurement at current 0.0008442211055276383
2023-03-23 18:34:20,984 INFO T:102.57Â°K V:1.0430e+01V I:8.4422e-04A R:1.2354e+04ğ›€ E:3.2190e+02V/cm J:3.6946e-02A/cm2 ğ›’:8.7127e+03ğ›€ cm
2023-03-23 18:34:21,005 INFO Measurement at current 0.0008618090452261307
2023-03-23 18:34:21,593 INFO T:102.56Â°K V:1.0382e+01V I:8.6181e-04A R:1.2047e+04ğ›€ E:3.2044e+02V/cm J:3.7716e-02A/cm2 ğ›’:8.4962e+03ğ›€ cm
2023-03-23 18:34:21,613 INFO Measurement at current 0.0008793969849246232
2023-03-23 18:34:22,207 INFO T:102.55Â°K V:1.0338e+01V I:8.7940e-04A R:1.1756e+04ğ›€ E:3.1907e+02V/cm J:3.8486e-02A/cm2 ğ›’:8.2907e+03ğ›€ cm
2023-03-23 18:34:22,226 INFO Measurement at current 0.0008969849246231157
2023-03-23 18:34:22,822 INFO T:102.55Â°K V:1.0296e+01V I:8.9698e-04A R:1.1479e+04ğ›€ E:3.1778e+02V/cm J:3.9255e-02A/cm2 ğ›’:8.0953e+03ğ›€ cm
2023-03-23 18:34:22,843 INFO Measurement at current 0.0009145728643216081
2023-03-23 18:34:23,443 INFO T:102.54Â°K V:1.0257e+01V I:9.1457e-04A R:1.1215e+04ğ›€ E:3.1658e+02V/cm J:4.0025e-02A/cm2 ğ›’:7.9095e+03ğ›€ cm
2023-03-23 18:34:23,460 INFO Measurement at current 0.0009321608040201006
2023-03-23 18:34:24,044 INFO T:102.53Â°K V:1.0210e+01V I:9.3216e-04A R:1.0953e+04ğ›€ E:3.1512e+02V/cm J:4.0795e-02A/cm2 ğ›’:7.7246e+03ğ›€ cm
2023-03-23 18:34:24,068 INFO Measurement at current 0.000949748743718593
2023-03-23 18:34:24,666 INFO T:102.53Â°K V:1.0149e+01V I:9.4975e-04A R:1.0686e+04ğ›€ E:3.1325e+02V/cm J:4.1564e-02A/cm2 ğ›’:7.5364e+03ğ›€ cm
2023-03-23 18:34:24,684 INFO Measurement at current 0.0009673366834170855
2023-03-23 18:34:25,276 INFO T:102.52Â°K V:1.0103e+01V I:9.6734e-04A R:1.0445e+04ğ›€ E:3.1183e+02V/cm J:4.2334e-02A/cm2 ğ›’:7.3660e+03ğ›€ cm
2023-03-23 18:34:25,297 INFO Measurement at current 0.0009849246231155779
2023-03-23 18:34:25,887 INFO T:102.51Â°K V:1.0053e+01V I:9.8492e-04A R:1.0206e+04ğ›€ E:3.1026e+02V/cm J:4.3104e-02A/cm2 ğ›’:7.1980e+03ğ›€ cm
2023-03-23 18:34:25,904 INFO Measurement at current 0.0010025125628140704
2023-03-23 18:34:26,495 INFO T:102.51Â°K V:1.0014e+01V I:1.0025e-03A R:9.9891e+03ğ›€ E:3.0908e+02V/cm J:4.3874e-02A/cm2 ğ›’:7.0448e+03ğ›€ cm
2023-03-23 18:34:26,527 INFO Measurement at current 0.001020100502512563
2023-03-23 18:34:27,126 INFO T:102.50Â°K V:9.9723e+00V I:1.0201e-03A R:9.7758e+03ğ›€ E:3.0779e+02V/cm J:4.4643e-02A/cm2 ğ›’:6.8944e+03ğ›€ cm
2023-03-23 18:34:27,143 INFO Measurement at current 0.0010376884422110553
2023-03-23 18:34:27,734 INFO T:102.50Â°K V:9.9309e+00V I:1.0377e-03A R:9.5702e+03ğ›€ E:3.0651e+02V/cm J:4.5413e-02A/cm2 ğ›’:6.7494e+03ğ›€ cm
2023-03-23 18:34:27,749 INFO Measurement at current 0.0010552763819095478
2023-03-23 18:34:28,341 INFO T:102.49Â°K V:9.8935e+00V I:1.0553e-03A R:9.3752e+03ğ›€ E:3.0535e+02V/cm J:4.6183e-02A/cm2 ğ›’:6.6119e+03ğ›€ cm
2023-03-23 18:34:28,356 INFO Measurement at current 0.0010728643216080403
2023-03-23 18:34:28,947 INFO T:102.48Â°K V:9.8678e+00V I:1.0729e-03A R:9.1976e+03ğ›€ E:3.0456e+02V/cm J:4.6952e-02A/cm2 ğ›’:6.4866e+03ğ›€ cm
2023-03-23 18:34:28,991 INFO Measurement at current 0.0010904522613065328
2023-03-23 18:34:29,600 INFO T:102.48Â°K V:9.8448e+00V I:1.0905e-03A R:9.0281e+03ğ›€ E:3.0385e+02V/cm J:4.7722e-02A/cm2 ğ›’:6.3671e+03ğ›€ cm
2023-03-23 18:34:29,630 INFO Measurement at current 0.0011080402010050251
2023-03-23 18:34:30,225 INFO T:102.47Â°K V:9.8109e+00V I:1.1080e-03A R:8.8543e+03ğ›€ E:3.0281e+02V/cm J:4.8492e-02A/cm2 ğ›’:6.2445e+03ğ›€ cm
2023-03-23 18:34:30,239 INFO Measurement at current 0.0011256281407035177
2023-03-23 18:34:30,823 INFO T:102.46Â°K V:9.7686e+00V I:1.1256e-03A R:8.6784e+03ğ›€ E:3.0150e+02V/cm J:4.9262e-02A/cm2 ğ›’:6.1204e+03ğ›€ cm
2023-03-23 18:34:30,839 INFO Measurement at current 0.0011432160804020102
2023-03-23 18:34:31,424 INFO T:102.46Â°K V:9.7267e+00V I:1.1432e-03A R:8.5081e+03ğ›€ E:3.0021e+02V/cm J:5.0031e-02A/cm2 ğ›’:6.0003e+03ğ›€ cm
2023-03-23 18:34:31,441 INFO Measurement at current 0.0011608040201005025
2023-03-23 18:34:32,033 INFO T:102.45Â°K V:9.6886e+00V I:1.1608e-03A R:8.3464e+03ğ›€ E:2.9903e+02V/cm J:5.0801e-02A/cm2 ğ›’:5.8863e+03ğ›€ cm
2023-03-23 18:34:32,056 INFO Measurement at current 0.001178391959798995
2023-03-23 18:34:32,669 INFO T:102.44Â°K V:9.6536e+00V I:1.1784e-03A R:8.1922e+03ğ›€ E:2.9795e+02V/cm J:5.1571e-02A/cm2 ğ›’:5.7775e+03ğ›€ cm
2023-03-23 18:34:32,689 INFO Measurement at current 0.0011959798994974876
2023-03-23 18:34:33,300 INFO T:102.44Â°K V:9.6173e+00V I:1.1960e-03A R:8.0413e+03ğ›€ E:2.9683e+02V/cm J:5.2340e-02A/cm2 ğ›’:5.6711e+03ğ›€ cm
2023-03-23 18:34:33,327 INFO Measurement at current 0.00121356783919598
2023-03-23 18:34:33,928 INFO T:102.43Â°K V:9.5769e+00V I:1.2136e-03A R:7.8915e+03ğ›€ E:2.9558e+02V/cm J:5.3110e-02A/cm2 ğ›’:5.5655e+03ğ›€ cm
2023-03-23 18:34:33,956 INFO Measurement at current 0.0012311557788944724
2023-03-23 18:34:34,564 INFO T:102.43Â°K V:9.5366e+00V I:1.2312e-03A R:7.7461e+03ğ›€ E:2.9434e+02V/cm J:5.3880e-02A/cm2 ğ›’:5.4629e+03ğ›€ cm
2023-03-23 18:34:34,592 INFO Measurement at current 0.001248743718592965
2023-03-23 18:34:35,184 INFO T:102.42Â°K V:9.5006e+00V I:1.2487e-03A R:7.6081e+03ğ›€ E:2.9323e+02V/cm J:5.4650e-02A/cm2 ğ›’:5.3656e+03ğ›€ cm
2023-03-23 18:34:35,201 INFO Measurement at current 0.0012663316582914575
2023-03-23 18:34:35,785 INFO T:102.41Â°K V:9.4720e+00V I:1.2663e-03A R:7.4798e+03ğ›€ E:2.9234e+02V/cm J:5.5419e-02A/cm2 ğ›’:5.2751e+03ğ›€ cm
2023-03-23 18:34:35,805 INFO Measurement at current 0.0012839195979899498
2023-03-23 18:34:36,398 INFO T:102.41Â°K V:9.4319e+00V I:1.2839e-03A R:7.3462e+03ğ›€ E:2.9111e+02V/cm J:5.6189e-02A/cm2 ğ›’:5.1809e+03ğ›€ cm
2023-03-23 18:34:36,418 INFO Measurement at current 0.0013015075376884423
2023-03-23 18:34:37,007 INFO T:102.40Â°K V:9.3977e+00V I:1.3015e-03A R:7.2207e+03ğ›€ E:2.9005e+02V/cm J:5.6959e-02A/cm2 ğ›’:5.0923e+03ğ›€ cm
2023-03-23 18:34:37,030 INFO Measurement at current 0.0013190954773869348
2023-03-23 18:34:37,632 INFO T:102.39Â°K V:9.3627e+00V I:1.3191e-03A R:7.0978e+03ğ›€ E:2.8897e+02V/cm J:5.7728e-02A/cm2 ğ›’:5.0057e+03ğ›€ cm
2023-03-23 18:34:37,648 INFO Measurement at current 0.0013366834170854271
2023-03-23 18:34:38,238 INFO T:102.39Â°K V:9.3324e+00V I:1.3367e-03A R:6.9818e+03ğ›€ E:2.8804e+02V/cm J:5.8498e-02A/cm2 ğ›’:4.9239e+03ğ›€ cm
2023-03-23 18:34:38,259 INFO Measurement at current 0.0013542713567839197
2023-03-23 18:34:38,846 INFO T:102.38Â°K V:9.3000e+00V I:1.3543e-03A R:6.8671e+03ğ›€ E:2.8704e+02V/cm J:5.9268e-02A/cm2 ğ›’:4.8430e+03ğ›€ cm
2023-03-23 18:34:38,875 INFO Measurement at current 0.0013718592964824122
2023-03-23 18:34:39,462 INFO T:102.38Â°K V:9.2711e+00V I:1.3719e-03A R:6.7580e+03ğ›€ E:2.8614e+02V/cm J:6.0038e-02A/cm2 ğ›’:4.7661e+03ğ›€ cm
2023-03-23 18:34:39,478 INFO Measurement at current 0.0013894472361809047
2023-03-23 18:34:40,068 INFO T:102.37Â°K V:9.2414e+00V I:1.3894e-03A R:6.6511e+03ğ›€ E:2.8523e+02V/cm J:6.0807e-02A/cm2 ğ›’:4.6907e+03ğ›€ cm
2023-03-23 18:34:40,084 INFO Measurement at current 0.001407035175879397
2023-03-23 18:34:40,667 INFO T:102.36Â°K V:9.2142e+00V I:1.4070e-03A R:6.5487e+03ğ›€ E:2.8439e+02V/cm J:6.1577e-02A/cm2 ğ›’:4.6184e+03ğ›€ cm
2023-03-23 18:34:40,684 INFO Measurement at current 0.0014246231155778896
2023-03-23 18:34:41,273 INFO T:102.36Â°K V:9.1896e+00V I:1.4246e-03A R:6.4505e+03ğ›€ E:2.8363e+02V/cm J:6.2347e-02A/cm2 ğ›’:4.5492e+03ğ›€ cm
2023-03-23 18:34:41,290 INFO Measurement at current 0.001442211055276382
2023-03-23 18:34:41,877 INFO T:102.35Â°K V:9.1708e+00V I:1.4422e-03A R:6.3589e+03ğ›€ E:2.8305e+02V/cm J:6.3116e-02A/cm2 ğ›’:4.4846e+03ğ›€ cm
2023-03-23 18:34:41,895 INFO Measurement at current 0.0014597989949748744
2023-03-23 18:34:42,489 INFO T:102.35Â°K V:9.1431e+00V I:1.4598e-03A R:6.2633e+03ğ›€ E:2.8220e+02V/cm J:6.3886e-02A/cm2 ğ›’:4.4172e+03ğ›€ cm
2023-03-23 18:34:42,505 INFO Measurement at current 0.001477386934673367
2023-03-23 18:34:43,093 INFO T:102.34Â°K V:9.1152e+00V I:1.4774e-03A R:6.1698e+03ğ›€ E:2.8133e+02V/cm J:6.4656e-02A/cm2 ğ›’:4.3513e+03ğ›€ cm
2023-03-23 18:34:43,112 INFO Measurement at current 0.0014949748743718595
2023-03-23 18:34:43,698 INFO T:102.33Â°K V:9.0806e+00V I:1.4950e-03A R:6.0741e+03ğ›€ E:2.8027e+02V/cm J:6.5426e-02A/cm2 ğ›’:4.2837e+03ğ›€ cm
2023-03-23 18:34:43,712 INFO Measurement at current 0.0015125628140703518
2023-03-23 18:34:44,326 INFO T:102.33Â°K V:9.0511e+00V I:1.5126e-03A R:5.9840e+03ğ›€ E:2.7936e+02V/cm J:6.6195e-02A/cm2 ğ›’:4.2202e+03ğ›€ cm
2023-03-23 18:34:44,349 INFO Measurement at current 0.0015301507537688443
2023-03-23 18:34:44,947 INFO T:102.32Â°K V:9.0221e+00V I:1.5302e-03A R:5.8962e+03ğ›€ E:2.7846e+02V/cm J:6.6965e-02A/cm2 ğ›’:4.1583e+03ğ›€ cm
2023-03-23 18:34:44,969 INFO Measurement at current 0.0015477386934673368
2023-03-23 18:34:45,561 INFO T:102.32Â°K V:9.0083e+00V I:1.5477e-03A R:5.8203e+03ğ›€ E:2.7803e+02V/cm J:6.7735e-02A/cm2 ğ›’:4.1047e+03ğ›€ cm
2023-03-23 18:34:45,579 INFO Measurement at current 0.0015653266331658294
2023-03-23 18:34:46,169 INFO T:102.31Â°K V:8.9740e+00V I:1.5653e-03A R:5.7330e+03ğ›€ E:2.7698e+02V/cm J:6.8504e-02A/cm2 ğ›’:4.0432e+03ğ›€ cm
2023-03-23 18:34:46,195 INFO Measurement at current 0.0015829145728643217
2023-03-23 18:34:46,784 INFO T:102.30Â°K V:8.9486e+00V I:1.5829e-03A R:5.6532e+03ğ›€ E:2.7619e+02V/cm J:6.9274e-02A/cm2 ğ›’:3.9869e+03ğ›€ cm
2023-03-23 18:34:46,799 INFO Measurement at current 0.0016005025125628142
2023-03-23 18:34:47,385 INFO T:102.30Â°K V:8.9150e+00V I:1.6005e-03A R:5.5701e+03ğ›€ E:2.7515e+02V/cm J:7.0044e-02A/cm2 ğ›’:3.9283e+03ğ›€ cm
2023-03-23 18:34:47,402 INFO Measurement at current 0.0016180904522613067
2023-03-23 18:34:47,991 INFO T:102.29Â°K V:8.9138e+00V I:1.6181e-03A R:5.5088e+03ğ›€ E:2.7512e+02V/cm J:7.0814e-02A/cm2 ğ›’:3.8851e+03ğ›€ cm
2023-03-23 18:34:48,008 INFO Measurement at current 0.001635678391959799
2023-03-23 18:34:48,600 INFO T:102.28Â°K V:8.8847e+00V I:1.6357e-03A R:5.4318e+03ğ›€ E:2.7422e+02V/cm J:7.1583e-02A/cm2 ğ›’:3.8308e+03ğ›€ cm
2023-03-23 18:34:48,626 INFO Measurement at current 0.0016532663316582916
2023-03-23 18:34:49,219 INFO T:102.28Â°K V:8.8540e+00V I:1.6533e-03A R:5.3555e+03ğ›€ E:2.7327e+02V/cm J:7.2353e-02A/cm2 ğ›’:3.7769e+03ğ›€ cm
2023-03-23 18:34:49,236 INFO Measurement at current 0.001670854271356784
2023-03-23 18:34:49,830 INFO T:102.27Â°K V:8.8240e+00V I:1.6709e-03A R:5.2811e+03ğ›€ E:2.7235e+02V/cm J:7.3123e-02A/cm2 ğ›’:3.7245e+03ğ›€ cm
2023-03-23 18:34:49,900 INFO Measurement at current 0.0016884422110552766
2023-03-23 18:34:50,526 INFO T:102.27Â°K V:8.7883e+00V I:1.6884e-03A R:5.2050e+03ğ›€ E:2.7124e+02V/cm J:7.3892e-02A/cm2 ğ›’:3.6708e+03ğ›€ cm
2023-03-23 18:34:50,570 INFO Measurement at current 0.001706030150753769
2023-03-23 18:34:51,164 INFO T:102.26Â°K V:8.7615e+00V I:1.7060e-03A R:5.1356e+03ğ›€ E:2.7042e+02V/cm J:7.4662e-02A/cm2 ğ›’:3.6219e+03ğ›€ cm
2023-03-23 18:34:51,184 INFO Measurement at current 0.0017236180904522615
2023-03-23 18:34:51,788 INFO T:102.25Â°K V:8.7413e+00V I:1.7236e-03A R:5.0715e+03ğ›€ E:2.6979e+02V/cm J:7.5432e-02A/cm2 ğ›’:3.5767e+03ğ›€ cm
2023-03-23 18:34:51,806 INFO Measurement at current 0.001741206030150754
2023-03-23 18:34:52,395 INFO T:102.25Â°K V:8.7105e+00V I:1.7412e-03A R:5.0025e+03ğ›€ E:2.6884e+02V/cm J:7.6202e-02A/cm2 ğ›’:3.5280e+03ğ›€ cm
2023-03-23 18:34:52,409 INFO Measurement at current 0.0017587939698492463
2023-03-23 18:34:52,994 INFO T:102.24Â°K V:8.6833e+00V I:1.7588e-03A R:4.9371e+03ğ›€ E:2.6800e+02V/cm J:7.6971e-02A/cm2 ğ›’:3.4818e+03ğ›€ cm
2023-03-23 18:34:53,017 INFO Measurement at current 0.0017763819095477388
2023-03-23 18:34:53,620 INFO T:102.23Â°K V:8.6531e+00V I:1.7764e-03A R:4.8712e+03ğ›€ E:2.6707e+02V/cm J:7.7741e-02A/cm2 ğ›’:3.4354e+03ğ›€ cm
2023-03-23 18:34:53,651 INFO Measurement at current 0.0017939698492462314
2023-03-23 18:34:54,248 INFO T:102.23Â°K V:8.6192e+00V I:1.7940e-03A R:4.8046e+03ğ›€ E:2.6603e+02V/cm J:7.8511e-02A/cm2 ğ›’:3.3884e+03ğ›€ cm
2023-03-23 18:34:54,269 INFO Measurement at current 0.0018115577889447237
2023-03-23 18:34:54,867 INFO T:102.22Â°K V:8.5937e+00V I:1.8116e-03A R:4.7438e+03ğ›€ E:2.6524e+02V/cm J:7.9280e-02A/cm2 ğ›’:3.3456e+03ğ›€ cm
2023-03-23 18:34:54,889 INFO Measurement at current 0.0018291457286432162
2023-03-23 18:34:55,476 INFO T:102.22Â°K V:8.5624e+00V I:1.8291e-03A R:4.6811e+03ğ›€ E:2.6427e+02V/cm J:8.0050e-02A/cm2 ğ›’:3.3013e+03ğ›€ cm
2023-03-23 18:34:55,491 INFO Measurement at current 0.0018467336683417087
2023-03-23 18:34:56,081 INFO T:102.21Â°K V:8.5366e+00V I:1.8467e-03A R:4.6226e+03ğ›€ E:2.6348e+02V/cm J:8.0820e-02A/cm2 ğ›’:3.2601e+03ğ›€ cm
2023-03-23 18:34:56,126 INFO Measurement at current 0.0018643216080402013
2023-03-23 18:34:56,746 INFO T:102.20Â°K V:8.5104e+00V I:1.8643e-03A R:4.5649e+03ğ›€ E:2.6267e+02V/cm J:8.1590e-02A/cm2 ğ›’:3.2194e+03ğ›€ cm
2023-03-23 18:34:56,781 INFO Measurement at current 0.0018819095477386936
2023-03-23 18:34:57,373 INFO T:102.20Â°K V:8.4792e+00V I:1.8819e-03A R:4.5056e+03ğ›€ E:2.6170e+02V/cm J:8.2359e-02A/cm2 ğ›’:3.1776e+03ğ›€ cm
2023-03-23 18:34:57,395 INFO Measurement at current 0.001899497487437186
2023-03-23 18:34:57,984 INFO T:102.19Â°K V:8.4557e+00V I:1.8995e-03A R:4.4515e+03ğ›€ E:2.6098e+02V/cm J:8.3129e-02A/cm2 ğ›’:3.1394e+03ğ›€ cm
2023-03-23 18:34:58,004 INFO Measurement at current 0.0019170854271356786
2023-03-23 18:34:58,596 INFO T:102.19Â°K V:8.4386e+00V I:1.9171e-03A R:4.4018e+03ğ›€ E:2.6045e+02V/cm J:8.3899e-02A/cm2 ğ›’:3.1043e+03ğ›€ cm
2023-03-23 18:34:58,613 INFO Measurement at current 0.001934673366834171
2023-03-23 18:34:59,208 INFO T:102.18Â°K V:8.4138e+00V I:1.9347e-03A R:4.3490e+03ğ›€ E:2.5969e+02V/cm J:8.4668e-02A/cm2 ğ›’:3.0671e+03ğ›€ cm
2023-03-23 18:34:59,225 INFO Measurement at current 0.0019522613065326635
2023-03-23 18:34:59,812 INFO T:102.17Â°K V:8.3929e+00V I:1.9523e-03A R:4.2991e+03ğ›€ E:2.5904e+02V/cm J:8.5438e-02A/cm2 ğ›’:3.0319e+03ğ›€ cm
2023-03-23 18:34:59,844 INFO Measurement at current 0.0019698492462311558
2023-03-23 18:35:00,430 INFO T:102.17Â°K V:8.3751e+00V I:1.9698e-03A R:4.2517e+03ğ›€ E:2.5849e+02V/cm J:8.6208e-02A/cm2 ğ›’:2.9985e+03ğ›€ cm
2023-03-23 18:35:00,448 INFO Measurement at current 0.0019874371859296483
2023-03-23 18:35:01,039 INFO T:102.16Â°K V:8.3444e+00V I:1.9874e-03A R:4.1986e+03ğ›€ E:2.5754e+02V/cm J:8.6978e-02A/cm2 ğ›’:2.9610e+03ğ›€ cm
2023-03-23 18:35:01,061 INFO Measurement at current 0.002005025125628141
2023-03-23 18:35:01,664 INFO T:102.16Â°K V:8.3191e+00V I:2.0050e-03A R:4.1491e+03ğ›€ E:2.5676e+02V/cm J:8.7747e-02A/cm2 ğ›’:2.9262e+03ğ›€ cm
2023-03-23 18:35:01,711 INFO Measurement at current 0.0020226130653266334
2023-03-23 18:35:02,305 INFO T:102.15Â°K V:8.3031e+00V I:2.0226e-03A R:4.1051e+03ğ›€ E:2.5627e+02V/cm J:8.8517e-02A/cm2 ğ›’:2.8951e+03ğ›€ cm
2023-03-23 18:35:02,324 INFO Measurement at current 0.002040201005025126
2023-03-23 18:35:02,951 INFO T:102.14Â°K V:8.2809e+00V I:2.0402e-03A R:4.0589e+03ğ›€ E:2.5558e+02V/cm J:8.9287e-02A/cm2 ğ›’:2.8625e+03ğ›€ cm
2023-03-23 18:35:02,981 INFO Measurement at current 0.0020577889447236184
2023-03-23 18:35:03,574 INFO T:102.14Â°K V:8.2581e+00V I:2.0578e-03A R:4.0131e+03ğ›€ E:2.5488e+02V/cm J:9.0056e-02A/cm2 ğ›’:2.8302e+03ğ›€ cm
2023-03-23 18:35:03,593 INFO Measurement at current 0.0020753768844221105
2023-03-23 18:35:04,187 INFO T:102.13Â°K V:8.2347e+00V I:2.0754e-03A R:3.9678e+03ğ›€ E:2.5416e+02V/cm J:9.0826e-02A/cm2 ğ›’:2.7983e+03ğ›€ cm
2023-03-23 18:35:04,206 INFO Measurement at current 0.002092964824120603
2023-03-23 18:35:04,795 INFO T:102.13Â°K V:8.2123e+00V I:2.0930e-03A R:3.9238e+03ğ›€ E:2.5347e+02V/cm J:9.1596e-02A/cm2 ğ›’:2.7672e+03ğ›€ cm
2023-03-23 18:35:04,816 INFO Measurement at current 0.0021105527638190956
2023-03-23 18:35:05,405 INFO T:102.12Â°K V:8.1943e+00V I:2.1106e-03A R:3.8825e+03ğ›€ E:2.5291e+02V/cm J:9.2366e-02A/cm2 ğ›’:2.7381e+03ğ›€ cm
2023-03-23 18:35:05,427 INFO Measurement at current 0.002128140703517588
2023-03-23 18:35:06,029 INFO T:102.11Â°K V:8.1679e+00V I:2.1281e-03A R:3.8381e+03ğ›€ E:2.5210e+02V/cm J:9.3135e-02A/cm2 ğ›’:2.7068e+03ğ›€ cm
2023-03-23 18:35:06,054 INFO Measurement at current 0.0021457286432160806
2023-03-23 18:35:06,651 INFO T:102.11Â°K V:8.1480e+00V I:2.1457e-03A R:3.7973e+03ğ›€ E:2.5148e+02V/cm J:9.3905e-02A/cm2 ğ›’:2.6780e+03ğ›€ cm
2023-03-23 18:35:06,671 INFO Measurement at current 0.002163316582914573
2023-03-23 18:35:07,260 INFO T:102.10Â°K V:8.1304e+00V I:2.1633e-03A R:3.7583e+03ğ›€ E:2.5094e+02V/cm J:9.4675e-02A/cm2 ğ›’:2.6505e+03ğ›€ cm
2023-03-23 18:35:07,284 INFO Measurement at current 0.0021809045226130657
2023-03-23 18:35:07,891 INFO T:102.10Â°K V:8.1095e+00V I:2.1809e-03A R:3.7184e+03ğ›€ E:2.5029e+02V/cm J:9.5444e-02A/cm2 ğ›’:2.6224e+03ğ›€ cm
2023-03-23 18:35:07,910 INFO Measurement at current 0.0021984924623115578
2023-03-23 18:35:08,492 INFO T:102.09Â°K V:8.0909e+00V I:2.1985e-03A R:3.6802e+03ğ›€ E:2.4972e+02V/cm J:9.6214e-02A/cm2 ğ›’:2.5955e+03ğ›€ cm
2023-03-23 18:35:08,506 INFO Measurement at current 0.0022160804020100503
2023-03-23 18:35:09,090 INFO T:102.08Â°K V:8.0711e+00V I:2.2161e-03A R:3.6420e+03ğ›€ E:2.4911e+02V/cm J:9.6984e-02A/cm2 ğ›’:2.5685e+03ğ›€ cm
2023-03-23 18:35:09,109 INFO Measurement at current 0.002233668341708543
2023-03-23 18:35:09,716 INFO T:102.08Â°K V:8.0514e+00V I:2.2337e-03A R:3.6046e+03ğ›€ E:2.4850e+02V/cm J:9.7754e-02A/cm2 ğ›’:2.5421e+03ğ›€ cm
2023-03-23 18:35:09,746 INFO Measurement at current 0.0022512562814070354
2023-03-23 18:35:10,348 INFO T:102.07Â°K V:8.0306e+00V I:2.2513e-03A R:3.5672e+03ğ›€ E:2.4786e+02V/cm J:9.8523e-02A/cm2 ğ›’:2.5157e+03ğ›€ cm
2023-03-23 18:35:10,366 INFO Measurement at current 0.002268844221105528
2023-03-23 18:35:10,951 INFO T:102.07Â°K V:8.0125e+00V I:2.2688e-03A R:3.5315e+03ğ›€ E:2.4730e+02V/cm J:9.9293e-02A/cm2 ğ›’:2.4906e+03ğ›€ cm
2023-03-23 18:35:10,969 INFO Measurement at current 0.0022864321608040204
2023-03-23 18:35:11,557 INFO T:102.06Â°K V:7.9934e+00V I:2.2864e-03A R:3.4960e+03ğ›€ E:2.4671e+02V/cm J:1.0006e-01A/cm2 ğ›’:2.4656e+03ğ›€ cm
2023-03-23 18:35:11,573 INFO Measurement at current 0.002304020100502513
2023-03-23 18:35:12,161 INFO T:102.05Â°K V:7.9728e+00V I:2.3040e-03A R:3.4604e+03ğ›€ E:2.4608e+02V/cm J:1.0083e-01A/cm2 ğ›’:2.4404e+03ğ›€ cm
2023-03-23 18:35:12,179 INFO Measurement at current 0.002321608040201005
2023-03-23 18:35:12,763 INFO T:102.05Â°K V:7.9533e+00V I:2.3216e-03A R:3.4258e+03ğ›€ E:2.4547e+02V/cm J:1.0160e-01A/cm2 ğ›’:2.4160e+03ğ›€ cm
2023-03-23 18:35:12,777 INFO Measurement at current 0.0023391959798994976
2023-03-23 18:35:13,363 INFO T:102.04Â°K V:7.9374e+00V I:2.3392e-03A R:3.3932e+03ğ›€ E:2.4498e+02V/cm J:1.0237e-01A/cm2 ğ›’:2.3931e+03ğ›€ cm
2023-03-23 18:35:13,380 INFO Measurement at current 0.00235678391959799
2023-03-23 18:35:13,987 INFO T:102.04Â°K V:7.9181e+00V I:2.3568e-03A R:3.3597e+03ğ›€ E:2.4439e+02V/cm J:1.0314e-01A/cm2 ğ›’:2.3694e+03ğ›€ cm
2023-03-23 18:35:14,021 INFO Measurement at current 0.0023743718592964826
2023-03-23 18:35:14,616 INFO T:102.03Â°K V:7.8986e+00V I:2.3744e-03A R:3.3266e+03ğ›€ E:2.4378e+02V/cm J:1.0391e-01A/cm2 ğ›’:2.3461e+03ğ›€ cm
2023-03-23 18:35:14,640 INFO Measurement at current 0.002391959798994975
2023-03-23 18:35:15,249 INFO T:102.03Â°K V:7.8802e+00V I:2.3920e-03A R:3.2945e+03ğ›€ E:2.4322e+02V/cm J:1.0468e-01A/cm2 ğ›’:2.3234e+03ğ›€ cm
2023-03-23 18:35:15,278 INFO Measurement at current 0.0024095477386934677
2023-03-23 18:35:15,882 INFO T:102.02Â°K V:7.8646e+00V I:2.4095e-03A R:3.2640e+03ğ›€ E:2.4274e+02V/cm J:1.0545e-01A/cm2 ğ›’:2.3019e+03ğ›€ cm
2023-03-23 18:35:15,900 INFO Measurement at current 0.00242713567839196
2023-03-23 18:35:16,492 INFO T:102.01Â°K V:7.8470e+00V I:2.4271e-03A R:3.2330e+03ğ›€ E:2.4219e+02V/cm J:1.0622e-01A/cm2 ğ›’:2.2801e+03ğ›€ cm
2023-03-23 18:35:16,510 INFO Measurement at current 0.0024447236180904523
2023-03-23 18:35:17,098 INFO T:102.01Â°K V:7.8285e+00V I:2.4447e-03A R:3.2022e+03ğ›€ E:2.4162e+02V/cm J:1.0699e-01A/cm2 ğ›’:2.2583e+03ğ›€ cm
2023-03-23 18:35:17,134 INFO Measurement at current 0.002462311557788945
2023-03-23 18:35:17,729 INFO T:102.00Â°K V:7.8111e+00V I:2.4623e-03A R:3.1723e+03ğ›€ E:2.4108e+02V/cm J:1.0776e-01A/cm2 ğ›’:2.2372e+03ğ›€ cm
2023-03-23 18:35:17,754 INFO Measurement at current 0.0024798994974874373
2023-03-23 18:35:18,358 INFO T:102.00Â°K V:7.7903e+00V I:2.4799e-03A R:3.1414e+03ğ›€ E:2.4044e+02V/cm J:1.0853e-01A/cm2 ğ›’:2.2155e+03ğ›€ cm
2023-03-23 18:35:18,387 INFO Measurement at current 0.00249748743718593
2023-03-23 18:35:18,999 INFO T:101.99Â°K V:7.7685e+00V I:2.4975e-03A R:3.1105e+03ğ›€ E:2.3977e+02V/cm J:1.0930e-01A/cm2 ğ›’:2.1937e+03ğ›€ cm
2023-03-23 18:35:19,025 INFO Measurement at current 0.0025150753768844224
2023-03-23 18:35:19,623 INFO T:101.98Â°K V:7.7500e+00V I:2.5151e-03A R:3.0814e+03ğ›€ E:2.3920e+02V/cm J:1.1007e-01A/cm2 ğ›’:2.1732e+03ğ›€ cm
2023-03-23 18:35:19,652 INFO Measurement at current 0.002532663316582915
2023-03-23 18:35:20,245 INFO T:101.98Â°K V:7.7276e+00V I:2.5327e-03A R:3.0512e+03ğ›€ E:2.3851e+02V/cm J:1.1084e-01A/cm2 ğ›’:2.1518e+03ğ›€ cm
2023-03-23 18:35:20,274 INFO Measurement at current 0.002550251256281407
2023-03-23 18:35:20,871 INFO T:101.97Â°K V:7.7079e+00V I:2.5503e-03A R:3.0224e+03ğ›€ E:2.3790e+02V/cm J:1.1161e-01A/cm2 ğ›’:2.1316e+03ğ›€ cm
2023-03-23 18:35:20,908 INFO Measurement at current 0.0025678391959798996
2023-03-23 18:35:21,504 INFO T:101.97Â°K V:7.6899e+00V I:2.5678e-03A R:2.9947e+03ğ›€ E:2.3734e+02V/cm J:1.1238e-01A/cm2 ğ›’:2.1120e+03ğ›€ cm
2023-03-23 18:35:21,529 INFO Measurement at current 0.002585427135678392
2023-03-23 18:35:22,122 INFO T:101.96Â°K V:7.6760e+00V I:2.5854e-03A R:2.9690e+03ğ›€ E:2.3691e+02V/cm J:1.1315e-01A/cm2 ğ›’:2.0938e+03ğ›€ cm
2023-03-23 18:35:22,148 INFO Measurement at current 0.0026030150753768846
2023-03-23 18:35:22,741 INFO T:101.96Â°K V:7.6583e+00V I:2.6030e-03A R:2.9421e+03ğ›€ E:2.3637e+02V/cm J:1.1392e-01A/cm2 ğ›’:2.0749e+03ğ›€ cm
2023-03-23 18:35:22,782 INFO Measurement at current 0.002620603015075377
2023-03-23 18:35:23,388 INFO T:101.95Â°K V:7.6399e+00V I:2.6206e-03A R:2.9153e+03ğ›€ E:2.3580e+02V/cm J:1.1469e-01A/cm2 ğ›’:2.0560e+03ğ›€ cm
2023-03-23 18:35:23,406 INFO Measurement at current 0.0026381909547738697
2023-03-23 18:35:24,021 INFO T:101.94Â°K V:7.6222e+00V I:2.6382e-03A R:2.8892e+03ğ›€ E:2.3525e+02V/cm J:1.1546e-01A/cm2 ğ›’:2.0376e+03ğ›€ cm
2023-03-23 18:35:24,057 INFO Measurement at current 0.002655778894472362
2023-03-23 18:35:24,657 INFO T:101.94Â°K V:7.6040e+00V I:2.6558e-03A R:2.8632e+03ğ›€ E:2.3469e+02V/cm J:1.1623e-01A/cm2 ğ›’:2.0193e+03ğ›€ cm
2023-03-23 18:35:24,681 INFO Measurement at current 0.0026733668341708543
2023-03-23 18:35:25,294 INFO T:101.93Â°K V:7.5882e+00V I:2.6734e-03A R:2.8384e+03ğ›€ E:2.3420e+02V/cm J:1.1700e-01A/cm2 ğ›’:2.0018e+03ğ›€ cm
2023-03-23 18:35:25,320 INFO Measurement at current 0.002690954773869347
2023-03-23 18:35:25,942 INFO T:101.92Â°K V:7.5658e+00V I:2.6910e-03A R:2.8116e+03ğ›€ E:2.3351e+02V/cm J:1.1777e-01A/cm2 ğ›’:1.9828e+03ğ›€ cm
2023-03-23 18:35:25,966 INFO Measurement at current 0.0027085427135678393
2023-03-23 18:35:26,555 INFO T:101.92Â°K V:7.5496e+00V I:2.7085e-03A R:2.7873e+03ğ›€ E:2.3301e+02V/cm J:1.1854e-01A/cm2 ğ›’:1.9657e+03ğ›€ cm
2023-03-23 18:35:26,576 INFO Measurement at current 0.002726130653266332
2023-03-23 18:35:27,162 INFO T:101.91Â°K V:7.5307e+00V I:2.7261e-03A R:2.7624e+03ğ›€ E:2.3243e+02V/cm J:1.1931e-01A/cm2 ğ›’:1.9482e+03ğ›€ cm
2023-03-23 18:35:27,190 INFO Measurement at current 0.0027437185929648244
2023-03-23 18:35:27,793 INFO T:101.91Â°K V:7.5086e+00V I:2.7437e-03A R:2.7366e+03ğ›€ E:2.3175e+02V/cm J:1.2008e-01A/cm2 ğ›’:1.9300e+03ğ›€ cm
2023-03-23 18:35:27,827 INFO Measurement at current 0.002761306532663317
2023-03-23 18:35:28,417 INFO T:101.90Â°K V:7.4897e+00V I:2.7613e-03A R:2.7124e+03ğ›€ E:2.3116e+02V/cm J:1.2084e-01A/cm2 ğ›’:1.9129e+03ğ›€ cm
2023-03-23 18:35:28,437 INFO Measurement at current 0.0027788944723618095
2023-03-23 18:35:29,030 INFO T:101.89Â°K V:7.4713e+00V I:2.7789e-03A R:2.6886e+03ğ›€ E:2.3060e+02V/cm J:1.2161e-01A/cm2 ğ›’:1.8961e+03ğ›€ cm
2023-03-23 18:35:29,051 INFO Measurement at current 0.0027964824120603016
2023-03-23 18:35:29,642 INFO T:101.89Â°K V:7.4464e+00V I:2.7965e-03A R:2.6628e+03ğ›€ E:2.2983e+02V/cm J:1.2238e-01A/cm2 ğ›’:1.8779e+03ğ›€ cm
2023-03-23 18:35:29,686 INFO Measurement at current 0.002814070351758794
2023-03-23 18:35:30,277 INFO T:101.88Â°K V:7.4268e+00V I:2.8141e-03A R:2.6392e+03ğ›€ E:2.2922e+02V/cm J:1.2315e-01A/cm2 ğ›’:1.8613e+03ğ›€ cm
2023-03-23 18:35:30,306 INFO Measurement at current 0.0028316582914572866
2023-03-23 18:35:30,903 INFO T:101.88Â°K V:7.4086e+00V I:2.8317e-03A R:2.6164e+03ğ›€ E:2.2866e+02V/cm J:1.2392e-01A/cm2 ğ›’:1.8452e+03ğ›€ cm
2023-03-23 18:35:30,941 INFO Measurement at current 0.002849246231155779
2023-03-23 18:35:31,528 INFO T:101.87Â°K V:7.3925e+00V I:2.8492e-03A R:2.5946e+03ğ›€ E:2.2816e+02V/cm J:1.2469e-01A/cm2 ğ›’:1.8298e+03ğ›€ cm
2023-03-23 18:35:31,553 INFO Measurement at current 0.0028668341708542717
2023-03-23 18:35:32,165 INFO T:101.87Â°K V:7.3788e+00V I:2.8668e-03A R:2.5738e+03ğ›€ E:2.2774e+02V/cm J:1.2546e-01A/cm2 ğ›’:1.8152e+03ğ›€ cm
2023-03-23 18:35:32,194 INFO Measurement at current 0.002884422110552764
2023-03-23 18:35:32,809 INFO T:101.86Â°K V:7.3637e+00V I:2.8844e-03A R:2.5529e+03ğ›€ E:2.2728e+02V/cm J:1.2623e-01A/cm2 ğ›’:1.8004e+03ğ›€ cm
2023-03-23 18:35:32,831 INFO Measurement at current 0.0029020100502512567
2023-03-23 18:35:33,424 INFO T:101.85Â°K V:7.3515e+00V I:2.9020e-03A R:2.5333e+03ğ›€ E:2.2690e+02V/cm J:1.2700e-01A/cm2 ğ›’:1.7866e+03ğ›€ cm
2023-03-23 18:35:33,453 INFO Measurement at current 0.002919597989949749
2023-03-23 18:35:34,061 INFO T:101.85Â°K V:7.3346e+00V I:2.9196e-03A R:2.5122e+03ğ›€ E:2.2638e+02V/cm J:1.2777e-01A/cm2 ğ›’:1.7717e+03ğ›€ cm
2023-03-23 18:35:34,084 INFO Measurement at current 0.0029371859296482413
2023-03-23 18:35:34,691 INFO T:101.84Â°K V:7.3198e+00V I:2.9372e-03A R:2.4921e+03ğ›€ E:2.2592e+02V/cm J:1.2854e-01A/cm2 ğ›’:1.7576e+03ğ›€ cm
2023-03-23 18:35:34,708 INFO Measurement at current 0.002954773869346734
2023-03-23 18:35:35,315 INFO T:101.84Â°K V:7.3037e+00V I:2.9548e-03A R:2.4718e+03ğ›€ E:2.2542e+02V/cm J:1.2931e-01A/cm2 ğ›’:1.7433e+03ğ›€ cm
2023-03-23 18:35:35,337 INFO Measurement at current 0.0029723618090452264
2023-03-23 18:35:35,925 INFO T:101.83Â°K V:7.2894e+00V I:2.9724e-03A R:2.4524e+03ğ›€ E:2.2498e+02V/cm J:1.3008e-01A/cm2 ğ›’:1.7295e+03ğ›€ cm
2023-03-23 18:35:35,953 INFO Measurement at current 0.002989949748743719
2023-03-23 18:35:36,551 INFO T:101.83Â°K V:7.2752e+00V I:2.9899e-03A R:2.4332e+03ğ›€ E:2.2454e+02V/cm J:1.3085e-01A/cm2 ğ›’:1.7160e+03ğ›€ cm
2023-03-23 18:35:36,572 INFO Measurement at current 0.0030075376884422115
2023-03-23 18:35:37,155 INFO T:101.82Â°K V:7.2663e+00V I:3.0075e-03A R:2.4160e+03ğ›€ E:2.2427e+02V/cm J:1.3162e-01A/cm2 ğ›’:1.7039e+03ğ›€ cm
2023-03-23 18:35:37,176 INFO Measurement at current 0.0030251256281407036
2023-03-23 18:35:37,770 INFO T:101.81Â°K V:7.2615e+00V I:3.0251e-03A R:2.4004e+03ğ›€ E:2.2412e+02V/cm J:1.3239e-01A/cm2 ğ›’:1.6929e+03ğ›€ cm
2023-03-23 18:35:37,787 INFO Measurement at current 0.003042713567839196
2023-03-23 18:35:38,380 INFO T:101.81Â°K V:7.2508e+00V I:3.0427e-03A R:2.3830e+03ğ›€ E:2.2379e+02V/cm J:1.3316e-01A/cm2 ğ›’:1.6806e+03ğ›€ cm
2023-03-23 18:35:38,399 INFO Measurement at current 0.0030603015075376886
2023-03-23 18:35:38,986 INFO T:101.80Â°K V:7.2307e+00V I:3.0603e-03A R:2.3627e+03ğ›€ E:2.2317e+02V/cm J:1.3393e-01A/cm2 ğ›’:1.6663e+03ğ›€ cm
2023-03-23 18:35:39,011 INFO Measurement at current 0.003077889447236181
2023-03-23 18:35:39,612 INFO T:101.80Â°K V:7.2167e+00V I:3.0779e-03A R:2.3447e+03ğ›€ E:2.2274e+02V/cm J:1.3470e-01A/cm2 ğ›’:1.6536e+03ğ›€ cm
2023-03-23 18:35:39,636 INFO Measurement at current 0.0030954773869346737
2023-03-23 18:35:40,253 INFO T:101.79Â°K V:7.1982e+00V I:3.0955e-03A R:2.3254e+03ğ›€ E:2.2217e+02V/cm J:1.3547e-01A/cm2 ğ›’:1.6400e+03ğ›€ cm
2023-03-23 18:35:40,276 INFO Measurement at current 0.003113065326633166
2023-03-23 18:35:40,867 INFO T:101.79Â°K V:7.1868e+00V I:3.1131e-03A R:2.3086e+03ğ›€ E:2.2181e+02V/cm J:1.3624e-01A/cm2 ğ›’:1.6281e+03ğ›€ cm
2023-03-23 18:35:40,884 INFO Measurement at current 0.0031306532663316587
2023-03-23 18:35:41,492 INFO T:101.78Â°K V:7.1724e+00V I:3.1307e-03A R:2.2910e+03ğ›€ E:2.2137e+02V/cm J:1.3701e-01A/cm2 ğ›’:1.6157e+03ğ›€ cm
2023-03-23 18:35:41,513 INFO Measurement at current 0.003148241206030151
2023-03-23 18:35:42,111 INFO T:101.78Â°K V:7.1605e+00V I:3.1482e-03A R:2.2745e+03ğ›€ E:2.2100e+02V/cm J:1.3778e-01A/cm2 ğ›’:1.6041e+03ğ›€ cm
2023-03-23 18:35:42,142 INFO Measurement at current 0.0031658291457286433
2023-03-23 18:35:42,736 INFO T:101.77Â°K V:7.1438e+00V I:3.1658e-03A R:2.2565e+03ğ›€ E:2.2049e+02V/cm J:1.3855e-01A/cm2 ğ›’:1.5914e+03ğ›€ cm
2023-03-23 18:35:42,755 INFO Measurement at current 0.003183417085427136
2023-03-23 18:35:43,342 INFO T:101.76Â°K V:7.1292e+00V I:3.1834e-03A R:2.2395e+03ğ›€ E:2.2004e+02V/cm J:1.3932e-01A/cm2 ğ›’:1.5794e+03ğ›€ cm
2023-03-23 18:35:43,361 INFO Measurement at current 0.0032010050251256284
2023-03-23 18:35:43,957 INFO T:101.76Â°K V:7.1203e+00V I:3.2010e-03A R:2.2244e+03ğ›€ E:2.1976e+02V/cm J:1.4009e-01A/cm2 ğ›’:1.5687e+03ğ›€ cm
2023-03-23 18:35:43,993 INFO Measurement at current 0.003218592964824121
2023-03-23 18:35:44,581 INFO T:101.75Â°K V:7.1098e+00V I:3.2186e-03A R:2.2090e+03ğ›€ E:2.1944e+02V/cm J:1.4086e-01A/cm2 ğ›’:1.5579e+03ğ›€ cm
2023-03-23 18:35:44,606 INFO Measurement at current 0.0032361809045226135
2023-03-23 18:35:45,195 INFO T:101.75Â°K V:7.0945e+00V I:3.2362e-03A R:2.1922e+03ğ›€ E:2.1897e+02V/cm J:1.4163e-01A/cm2 ğ›’:1.5461e+03ğ›€ cm
2023-03-23 18:35:45,218 INFO Measurement at current 0.003253768844221106
2023-03-23 18:35:45,807 INFO T:101.74Â°K V:7.0822e+00V I:3.2538e-03A R:2.1766e+03ğ›€ E:2.1859e+02V/cm J:1.4240e-01A/cm2 ğ›’:1.5351e+03ğ›€ cm
2023-03-23 18:35:45,828 INFO Measurement at current 0.003271356783919598
2023-03-23 18:35:46,427 INFO T:101.74Â°K V:7.0706e+00V I:3.2714e-03A R:2.1614e+03ğ›€ E:2.1823e+02V/cm J:1.4317e-01A/cm2 ğ›’:1.5243e+03ğ›€ cm
2023-03-23 18:35:46,461 INFO Measurement at current 0.0032889447236180906
2023-03-23 18:35:47,065 INFO T:101.73Â°K V:7.0592e+00V I:3.2889e-03A R:2.1463e+03ğ›€ E:2.1788e+02V/cm J:1.4394e-01A/cm2 ğ›’:1.5137e+03ğ›€ cm
2023-03-23 18:35:47,081 INFO Measurement at current 0.003306532663316583
2023-03-23 18:35:47,670 INFO T:101.72Â°K V:7.0445e+00V I:3.3065e-03A R:2.1305e+03ğ›€ E:2.1742e+02V/cm J:1.4471e-01A/cm2 ğ›’:1.5025e+03ğ›€ cm
2023-03-23 18:35:47,700 INFO Measurement at current 0.0033241206030150757
2023-03-23 18:35:48,305 INFO T:101.72Â°K V:7.0315e+00V I:3.3241e-03A R:2.1153e+03ğ›€ E:2.1702e+02V/cm J:1.4548e-01A/cm2 ğ›’:1.4918e+03ğ›€ cm
2023-03-23 18:35:48,323 INFO Measurement at current 0.003341708542713568
2023-03-23 18:35:48,924 INFO T:101.71Â°K V:7.0230e+00V I:3.3417e-03A R:2.1016e+03ğ›€ E:2.1676e+02V/cm J:1.4625e-01A/cm2 ğ›’:1.4822e+03ğ›€ cm
2023-03-23 18:35:48,939 INFO Measurement at current 0.0033592964824120607
2023-03-23 18:35:49,539 INFO T:101.71Â°K V:7.0132e+00V I:3.3593e-03A R:2.0877e+03ğ›€ E:2.1646e+02V/cm J:1.4702e-01A/cm2 ğ›’:1.4723e+03ğ›€ cm
2023-03-23 18:35:49,563 INFO Measurement at current 0.0033768844221105532
2023-03-23 18:35:50,155 INFO T:101.70Â°K V:7.0032e+00V I:3.3769e-03A R:2.0739e+03ğ›€ E:2.1615e+02V/cm J:1.4778e-01A/cm2 ğ›’:1.4626e+03ğ›€ cm
2023-03-23 18:35:50,194 INFO Measurement at current 0.0033944723618090453
2023-03-23 18:35:50,786 INFO T:101.70Â°K V:6.9935e+00V I:3.3945e-03A R:2.0603e+03ğ›€ E:2.1585e+02V/cm J:1.4855e-01A/cm2 ğ›’:1.4530e+03ğ›€ cm
2023-03-23 18:35:50,804 INFO Measurement at current 0.003412060301507538
2023-03-23 18:35:51,400 INFO T:101.69Â°K V:6.9885e+00V I:3.4121e-03A R:2.0482e+03ğ›€ E:2.1570e+02V/cm J:1.4932e-01A/cm2 ğ›’:1.4445e+03ğ›€ cm
2023-03-23 18:35:51,481 INFO Measurement at current 0.0034296482412060304
2023-03-23 18:35:52,090 INFO T:101.68Â°K V:6.9434e+00V I:3.4296e-03A R:2.0245e+03ğ›€ E:2.1430e+02V/cm J:1.5009e-01A/cm2 ğ›’:1.4278e+03ğ›€ cm
2023-03-23 18:35:52,106 INFO Measurement at current 0.003447236180904523
2023-03-23 18:35:52,692 INFO T:101.68Â°K V:6.9342e+00V I:3.4472e-03A R:2.0115e+03ğ›€ E:2.1402e+02V/cm J:1.5086e-01A/cm2 ğ›’:1.4186e+03ğ›€ cm
2023-03-23 18:35:52,718 INFO Measurement at current 0.0034648241206030155
2023-03-23 18:35:53,318 INFO T:101.67Â°K V:6.9225e+00V I:3.4648e-03A R:1.9979e+03ğ›€ E:2.1366e+02V/cm J:1.5163e-01A/cm2 ğ›’:1.4090e+03ğ›€ cm
2023-03-23 18:35:53,342 INFO Measurement at current 0.003482412060301508
2023-03-23 18:35:53,935 INFO T:101.67Â°K V:6.9136e+00V I:3.4824e-03A R:1.9853e+03ğ›€ E:2.1338e+02V/cm J:1.5240e-01A/cm2 ğ›’:1.4001e+03ğ›€ cm
2023-03-23 18:35:53,956 INFO Measurement at current 0.0035
2023-03-23 18:35:54,551 INFO T:101.66Â°K V:6.8999e+00V I:3.5000e-03A R:1.9714e+03ğ›€ E:2.1296e+02V/cm J:1.5317e-01A/cm2 ğ›’:1.3903e+03ğ›€ cm
2023-03-23 18:36:11,905 INFO Save the description file
2023-03-23 18:36:11,912 INFO Save data in numpy format Esperimenti/CPRO_MUSA_230323_bis/CPRO_MUSA_230323_bis_current_from_0_to_35e-4A/CPRO_MUSA_230323_bis_current_from_0_to_35e-4A-20230323183610
2023-03-23 18:36:11,929 INFO Save data in CSV format Esperimenti/CPRO_MUSA_230323_bis/CPRO_MUSA_230323_bis_current_from_0_to_35e-4A/CPRO_MUSA_230323_bis_current_from_0_to_35e-4A-20230323183610.csv
2023-03-23 18:36:11,949 INFO Save plot as image Esperimenti/CPRO_MUSA_230323_bis/CPRO_MUSA_230323_bis_current_from_0_to_35e-4A/CPRO_MUSA_230323_bis_current_from_0_to_35e-4A-20230323183610.png
