2023-03-23 15:40:18,086 INFO ### Start experiment: CPRO_MUSA_230323_bis current from 0 to 35e-4A ###
2023-03-23 15:40:19,428 INFO Found Multimeter KEITHLEY INSTRUMENTS INC.,MODEL 2700,0884890,B03  /A02  

2023-03-23 15:40:20,456 INFO Found Nanovolt Meter KEITHLEY INSTRUMENTS INC.,MODEL 2182A,4056474,C03  /A02  

2023-03-23 15:40:20,561 INFO Found Source Meter KEITHLEY INSTRUMENTS INC.,MODEL 2400,0945684,C24   Feb 14 2002 11:59:45/A02  /K/H

2023-03-23 15:40:20,681 INFO Start the measurement loop
2023-03-23 15:40:31,596 INFO Measurement at current 0.0
2023-03-23 15:40:32,518 INFO T:245.67Â°K V:3.4042e-05V I:0.0000e+00A R:infğ›€ E:1.0507e-03V/cm J:0.0000e+00A/cm2 ğ›’:infğ›€ cm
2023-03-23 15:40:32,552 INFO Measurement at current 1.7587939698492464e-05
2023-03-23 15:40:33,162 INFO T:245.66Â°K V:5.4604e-04V I:1.7588e-05A R:3.1046e+01ğ›€ E:1.6853e-02V/cm J:7.6971e-04A/cm2 ğ›’:2.1895e+01ğ›€ cm
2023-03-23 15:40:33,184 INFO Measurement at current 3.517587939698493e-05
2023-03-23 15:40:33,773 INFO T:245.66Â°K V:1.0581e-03V I:3.5176e-05A R:3.0080e+01ğ›€ E:3.2658e-02V/cm J:1.5394e-03A/cm2 ğ›’:2.1214e+01ğ›€ cm
2023-03-23 15:40:33,789 INFO Measurement at current 5.2763819095477394e-05
2023-03-23 15:40:34,384 INFO T:245.65Â°K V:1.5704e-03V I:5.2764e-05A R:2.9763e+01ğ›€ E:4.8469e-02V/cm J:2.3091e-03A/cm2 ğ›’:2.0990e+01ğ›€ cm
2023-03-23 15:40:34,407 INFO Measurement at current 7.035175879396985e-05
2023-03-23 15:40:35,008 INFO T:245.64Â°K V:2.0829e-03V I:7.0352e-05A R:2.9607e+01ğ›€ E:6.4286e-02V/cm J:3.0789e-03A/cm2 ğ›’:2.0880e+01ğ›€ cm
2023-03-23 15:40:35,028 INFO Measurement at current 8.793969849246232e-05
2023-03-23 15:40:35,620 INFO T:245.64Â°K V:2.5952e-03V I:8.7940e-05A R:2.9511e+01ğ›€ E:8.0099e-02V/cm J:3.8486e-03A/cm2 ğ›’:2.0813e+01ğ›€ cm
2023-03-23 15:40:35,638 INFO Measurement at current 0.00010552763819095479
2023-03-23 15:40:36,227 INFO T:245.63Â°K V:3.1092e-03V I:1.0553e-04A R:2.9464e+01ğ›€ E:9.5963e-02V/cm J:4.6183e-03A/cm2 ğ›’:2.0779e+01ğ›€ cm
2023-03-23 15:40:36,256 INFO Measurement at current 0.00012311557788944724
2023-03-23 15:40:36,854 INFO T:245.62Â°K V:3.6207e-03V I:1.2312e-04A R:2.9409e+01ğ›€ E:1.1175e-01V/cm J:5.3880e-03A/cm2 ğ›’:2.0741e+01ğ›€ cm
2023-03-23 15:40:36,878 INFO Measurement at current 0.0001407035175879397
2023-03-23 15:40:37,485 INFO T:245.62Â°K V:4.1347e-03V I:1.4070e-04A R:2.9386e+01ğ›€ E:1.2762e-01V/cm J:6.1577e-03A/cm2 ğ›’:2.0725e+01ğ›€ cm
2023-03-23 15:40:37,516 INFO Measurement at current 0.00015829145728643218
2023-03-23 15:40:38,118 INFO T:245.61Â°K V:4.6496e-03V I:1.5829e-04A R:2.9374e+01ğ›€ E:1.4351e-01V/cm J:6.9274e-03A/cm2 ğ›’:2.0716e+01ğ›€ cm
2023-03-23 15:40:38,140 INFO Measurement at current 0.00017587939698492463
2023-03-23 15:40:38,739 INFO T:245.60Â°K V:5.1634e-03V I:1.7588e-04A R:2.9358e+01ğ›€ E:1.5936e-01V/cm J:7.6971e-03A/cm2 ğ›’:2.0704e+01ğ›€ cm
2023-03-23 15:40:38,756 INFO Measurement at current 0.0001934673366834171
2023-03-23 15:40:39,355 INFO T:245.60Â°K V:5.6764e-03V I:1.9347e-04A R:2.9340e+01ğ›€ E:1.7520e-01V/cm J:8.4668e-03A/cm2 ğ›’:2.0692e+01ğ›€ cm
2023-03-23 15:40:39,374 INFO Measurement at current 0.00021105527638190958
2023-03-23 15:40:39,979 INFO T:245.59Â°K V:6.1906e-03V I:2.1106e-04A R:2.9332e+01ğ›€ E:1.9107e-01V/cm J:9.2366e-03A/cm2 ğ›’:2.0686e+01ğ›€ cm
2023-03-23 15:40:40,002 INFO Measurement at current 0.00022864321608040202
2023-03-23 15:40:40,610 INFO T:245.58Â°K V:6.7046e-03V I:2.2864e-04A R:2.9324e+01ğ›€ E:2.0693e-01V/cm J:1.0006e-02A/cm2 ğ›’:2.0680e+01ğ›€ cm
2023-03-23 15:40:40,624 INFO Measurement at current 0.00024623115577889447
2023-03-23 15:40:41,213 INFO T:245.58Â°K V:7.2204e-03V I:2.4623e-04A R:2.9324e+01ğ›€ E:2.2285e-01V/cm J:1.0776e-02A/cm2 ğ›’:2.0680e+01ğ›€ cm
2023-03-23 15:40:41,228 INFO Measurement at current 0.00026381909547738695
2023-03-23 15:40:41,836 INFO T:245.57Â°K V:7.7323e-03V I:2.6382e-04A R:2.9309e+01ğ›€ E:2.3865e-01V/cm J:1.1546e-02A/cm2 ğ›’:2.0670e+01ğ›€ cm
2023-03-23 15:40:41,854 INFO Measurement at current 0.0002814070351758794
2023-03-23 15:40:42,444 INFO T:245.57Â°K V:8.2474e-03V I:2.8141e-04A R:2.9308e+01ğ›€ E:2.5455e-01V/cm J:1.2315e-02A/cm2 ğ›’:2.0669e+01ğ›€ cm
2023-03-23 15:40:42,464 INFO Measurement at current 0.0002989949748743719
2023-03-23 15:40:43,070 INFO T:245.56Â°K V:8.7618e-03V I:2.9899e-04A R:2.9304e+01ğ›€ E:2.7043e-01V/cm J:1.3085e-02A/cm2 ğ›’:2.0667e+01ğ›€ cm
2023-03-23 15:40:43,100 INFO Measurement at current 0.00031658291457286437
2023-03-23 15:40:43,699 INFO T:245.55Â°K V:9.2774e-03V I:3.1658e-04A R:2.9305e+01ğ›€ E:2.8634e-01V/cm J:1.3855e-02A/cm2 ğ›’:2.0667e+01ğ›€ cm
2023-03-23 15:40:43,727 INFO Measurement at current 0.0003341708542713568
2023-03-23 15:40:44,320 INFO T:245.55Â°K V:9.7914e-03V I:3.3417e-04A R:2.9300e+01ğ›€ E:3.0220e-01V/cm J:1.4625e-02A/cm2 ğ›’:2.0664e+01ğ›€ cm
2023-03-23 15:40:44,344 INFO Measurement at current 0.00035175879396984926
2023-03-23 15:40:44,945 INFO T:245.54Â°K V:1.0305e-02V I:3.5176e-04A R:2.9297e+01ğ›€ E:3.1807e-01V/cm J:1.5394e-02A/cm2 ğ›’:2.0662e+01ğ›€ cm
2023-03-23 15:40:44,962 INFO Measurement at current 0.00036934673366834173
2023-03-23 15:40:45,560 INFO T:245.53Â°K V:1.0821e-02V I:3.6935e-04A R:2.9297e+01ğ›€ E:3.3397e-01V/cm J:1.6164e-02A/cm2 ğ›’:2.0661e+01ğ›€ cm
2023-03-23 15:40:45,581 INFO Measurement at current 0.0003869346733668342
2023-03-23 15:40:46,188 INFO T:245.53Â°K V:1.1336e-02V I:3.8693e-04A R:2.9297e+01ğ›€ E:3.4987e-01V/cm J:1.6934e-02A/cm2 ğ›’:2.0661e+01ğ›€ cm
2023-03-23 15:40:46,225 INFO Measurement at current 0.0004045226130653267
2023-03-23 15:40:46,825 INFO T:245.52Â°K V:1.1850e-02V I:4.0452e-04A R:2.9293e+01ğ›€ E:3.6573e-01V/cm J:1.7703e-02A/cm2 ğ›’:2.0659e+01ğ›€ cm
2023-03-23 15:40:46,847 INFO Measurement at current 0.00042211055276381916
2023-03-23 15:40:48,298 INFO T:245.50Â°K V:1.2368e-02V I:4.2211e-04A R:2.9299e+01ğ›€ E:3.8171e-01V/cm J:1.8473e-02A/cm2 ğ›’:2.0663e+01ğ›€ cm
2023-03-23 15:40:48,316 INFO Measurement at current 0.0004396984924623116
2023-03-23 15:40:48,912 INFO T:245.50Â°K V:1.2885e-02V I:4.3970e-04A R:2.9305e+01ğ›€ E:3.9769e-01V/cm J:1.9243e-02A/cm2 ğ›’:2.0667e+01ğ›€ cm
2023-03-23 15:40:48,935 INFO Measurement at current 0.00045728643216080405
2023-03-23 15:40:49,537 INFO T:245.49Â°K V:1.3399e-02V I:4.5729e-04A R:2.9300e+01ğ›€ E:4.1354e-01V/cm J:2.0013e-02A/cm2 ğ›’:2.0664e+01ğ›€ cm
2023-03-23 15:40:49,553 INFO Measurement at current 0.0004748743718592965
2023-03-23 15:40:50,144 INFO T:245.48Â°K V:1.3914e-02V I:4.7487e-04A R:2.9300e+01ğ›€ E:4.2944e-01V/cm J:2.0782e-02A/cm2 ğ›’:2.0664e+01ğ›€ cm
2023-03-23 15:40:50,166 INFO Measurement at current 0.0004924623115577889
2023-03-23 15:40:50,771 INFO T:245.48Â°K V:1.4426e-02V I:4.9246e-04A R:2.9294e+01ğ›€ E:4.4525e-01V/cm J:2.1552e-02A/cm2 ğ›’:2.0659e+01ğ›€ cm
2023-03-23 15:40:50,809 INFO Measurement at current 0.0005100502512562815
2023-03-23 15:40:51,409 INFO T:245.47Â°K V:1.4941e-02V I:5.1005e-04A R:2.9293e+01ğ›€ E:4.6114e-01V/cm J:2.2322e-02A/cm2 ğ›’:2.0659e+01ğ›€ cm
2023-03-23 15:40:51,431 INFO Measurement at current 0.0005276381909547739
2023-03-23 15:40:52,024 INFO T:245.46Â°K V:1.5456e-02V I:5.2764e-04A R:2.9292e+01ğ›€ E:4.7703e-01V/cm J:2.3091e-02A/cm2 ğ›’:2.0658e+01ğ›€ cm
2023-03-23 15:40:52,046 INFO Measurement at current 0.0005452261306532664
2023-03-23 15:40:52,645 INFO T:245.46Â°K V:1.5971e-02V I:5.4523e-04A R:2.9293e+01ğ›€ E:4.9294e-01V/cm J:2.3861e-02A/cm2 ğ›’:2.0659e+01ğ›€ cm
2023-03-23 15:40:52,667 INFO Measurement at current 0.0005628140703517588
2023-03-23 15:40:53,271 INFO T:245.45Â°K V:1.6488e-02V I:5.6281e-04A R:2.9296e+01ğ›€ E:5.0889e-01V/cm J:2.4631e-02A/cm2 ğ›’:2.0661e+01ğ›€ cm
2023-03-23 15:40:53,294 INFO Measurement at current 0.0005804020100502513
2023-03-23 15:40:53,894 INFO T:245.44Â°K V:1.7001e-02V I:5.8040e-04A R:2.9292e+01ğ›€ E:5.2473e-01V/cm J:2.5401e-02A/cm2 ğ›’:2.0658e+01ğ›€ cm
2023-03-23 15:40:53,910 INFO Measurement at current 0.0005979899497487438
2023-03-23 15:40:54,510 INFO T:245.44Â°K V:1.7518e-02V I:5.9799e-04A R:2.9295e+01ğ›€ E:5.4068e-01V/cm J:2.6170e-02A/cm2 ğ›’:2.0660e+01ğ›€ cm
2023-03-23 15:40:54,528 INFO Measurement at current 0.0006155778894472362
2023-03-23 15:40:55,134 INFO T:245.43Â°K V:1.8035e-02V I:6.1558e-04A R:2.9298e+01ğ›€ E:5.5663e-01V/cm J:2.6940e-02A/cm2 ğ›’:2.0662e+01ğ›€ cm
2023-03-23 15:40:55,152 INFO Measurement at current 0.0006331658291457287
2023-03-23 15:40:55,745 INFO T:245.43Â°K V:1.8547e-02V I:6.3317e-04A R:2.9293e+01ğ›€ E:5.7245e-01V/cm J:2.7710e-02A/cm2 ğ›’:2.0659e+01ğ›€ cm
2023-03-23 15:40:55,760 INFO Measurement at current 0.0006507537688442212
2023-03-23 15:40:56,349 INFO T:245.42Â°K V:1.9062e-02V I:6.5075e-04A R:2.9292e+01ğ›€ E:5.8832e-01V/cm J:2.8479e-02A/cm2 ğ›’:2.0658e+01ğ›€ cm
2023-03-23 15:40:56,371 INFO Measurement at current 0.0006683417085427136
2023-03-23 15:40:56,971 INFO T:245.41Â°K V:1.9585e-02V I:6.6834e-04A R:2.9304e+01ğ›€ E:6.0448e-01V/cm J:2.9249e-02A/cm2 ğ›’:2.0667e+01ğ›€ cm
2023-03-23 15:40:56,990 INFO Measurement at current 0.0006859296482412061
2023-03-23 15:40:57,582 INFO T:245.41Â°K V:2.0107e-02V I:6.8593e-04A R:2.9313e+01ğ›€ E:6.2058e-01V/cm J:3.0019e-02A/cm2 ğ›’:2.0673e+01ğ›€ cm
2023-03-23 15:40:57,602 INFO Measurement at current 0.0007035175879396985
2023-03-23 15:40:58,193 INFO T:245.40Â°K V:2.0630e-02V I:7.0352e-04A R:2.9324e+01ğ›€ E:6.3674e-01V/cm J:3.0789e-02A/cm2 ğ›’:2.0681e+01ğ›€ cm
2023-03-23 15:40:58,211 INFO Measurement at current 0.000721105527638191
2023-03-23 15:40:58,800 INFO T:245.39Â°K V:2.1151e-02V I:7.2111e-04A R:2.9332e+01ğ›€ E:6.5282e-01V/cm J:3.1558e-02A/cm2 ğ›’:2.0686e+01ğ›€ cm
2023-03-23 15:40:58,823 INFO Measurement at current 0.0007386934673366835
2023-03-23 15:40:59,424 INFO T:245.39Â°K V:2.1671e-02V I:7.3869e-04A R:2.9337e+01ğ›€ E:6.6885e-01V/cm J:3.2328e-02A/cm2 ğ›’:2.0689e+01ğ›€ cm
2023-03-23 15:40:59,446 INFO Measurement at current 0.0007562814070351759
2023-03-23 15:41:00,068 INFO T:245.38Â°K V:2.2192e-02V I:7.5628e-04A R:2.9344e+01ğ›€ E:6.8495e-01V/cm J:3.3098e-02A/cm2 ğ›’:2.0695e+01ğ›€ cm
2023-03-23 15:41:00,089 INFO Measurement at current 0.0007738693467336684
2023-03-23 15:41:00,693 INFO T:245.37Â°K V:2.2715e-02V I:7.7387e-04A R:2.9353e+01ğ›€ E:7.0108e-01V/cm J:3.3867e-02A/cm2 ğ›’:2.0701e+01ğ›€ cm
2023-03-23 15:41:00,710 INFO Measurement at current 0.0007914572864321608
2023-03-23 15:41:01,297 INFO T:245.37Â°K V:2.3236e-02V I:7.9146e-04A R:2.9358e+01ğ›€ E:7.1715e-01V/cm J:3.4637e-02A/cm2 ğ›’:2.0705e+01ğ›€ cm
2023-03-23 15:41:01,340 INFO Measurement at current 0.0008090452261306534
2023-03-23 15:41:01,933 INFO T:245.36Â°K V:2.3756e-02V I:8.0905e-04A R:2.9364e+01ğ›€ E:7.3322e-01V/cm J:3.5407e-02A/cm2 ğ›’:2.0709e+01ğ›€ cm
2023-03-23 15:41:01,949 INFO Measurement at current 0.0008266331658291458
2023-03-23 15:41:02,544 INFO T:245.35Â°K V:2.4280e-02V I:8.2663e-04A R:2.9372e+01ğ›€ E:7.4937e-01V/cm J:3.6177e-02A/cm2 ğ›’:2.0714e+01ğ›€ cm
2023-03-23 15:41:02,560 INFO Measurement at current 0.0008442211055276383
2023-03-23 15:41:03,160 INFO T:245.35Â°K V:2.4799e-02V I:8.4422e-04A R:2.9375e+01ğ›€ E:7.6540e-01V/cm J:3.6946e-02A/cm2 ğ›’:2.0717e+01ğ›€ cm
2023-03-23 15:41:03,184 INFO Measurement at current 0.0008618090452261307
2023-03-23 15:41:03,772 INFO T:245.34Â°K V:2.5320e-02V I:8.6181e-04A R:2.9380e+01ğ›€ E:7.8149e-01V/cm J:3.7716e-02A/cm2 ğ›’:2.0720e+01ğ›€ cm
2023-03-23 15:41:03,789 INFO Measurement at current 0.0008793969849246232
2023-03-23 15:41:04,376 INFO T:245.33Â°K V:2.5838e-02V I:8.7940e-04A R:2.9381e+01ğ›€ E:7.9746e-01V/cm J:3.8486e-02A/cm2 ğ›’:2.0721e+01ğ›€ cm
2023-03-23 15:41:04,393 INFO Measurement at current 0.0008969849246231157
2023-03-23 15:41:04,995 INFO T:245.33Â°K V:2.6360e-02V I:8.9698e-04A R:2.9387e+01ğ›€ E:8.1358e-01V/cm J:3.9255e-02A/cm2 ğ›’:2.0725e+01ğ›€ cm
2023-03-23 15:41:05,018 INFO Measurement at current 0.0009145728643216081
2023-03-23 15:41:05,616 INFO T:245.32Â°K V:2.6872e-02V I:9.1457e-04A R:2.9382e+01ğ›€ E:8.2939e-01V/cm J:4.0025e-02A/cm2 ğ›’:2.0722e+01ğ›€ cm
2023-03-23 15:41:05,639 INFO Measurement at current 0.0009321608040201006
2023-03-23 15:41:06,240 INFO T:245.32Â°K V:2.7394e-02V I:9.3216e-04A R:2.9387e+01ğ›€ E:8.4549e-01V/cm J:4.0795e-02A/cm2 ğ›’:2.0725e+01ğ›€ cm
2023-03-23 15:41:06,257 INFO Measurement at current 0.000949748743718593
2023-03-23 15:41:06,891 INFO T:245.31Â°K V:2.7921e-02V I:9.4975e-04A R:2.9399e+01ğ›€ E:8.6177e-01V/cm J:4.1564e-02A/cm2 ğ›’:2.0733e+01ğ›€ cm
2023-03-23 15:41:06,918 INFO Measurement at current 0.0009673366834170855
2023-03-23 15:41:07,507 INFO T:245.30Â°K V:2.8439e-02V I:9.6734e-04A R:2.9399e+01ğ›€ E:8.7774e-01V/cm J:4.2334e-02A/cm2 ğ›’:2.0734e+01ğ›€ cm
2023-03-23 15:41:07,536 INFO Measurement at current 0.0009849246231155779
2023-03-23 15:41:08,152 INFO T:245.30Â°K V:2.8961e-02V I:9.8492e-04A R:2.9404e+01ğ›€ E:8.9385e-01V/cm J:4.3104e-02A/cm2 ğ›’:2.0737e+01ğ›€ cm
2023-03-23 15:41:08,175 INFO Measurement at current 0.0010025125628140704
2023-03-23 15:41:08,775 INFO T:245.29Â°K V:2.9484e-02V I:1.0025e-03A R:2.9410e+01ğ›€ E:9.0999e-01V/cm J:4.3874e-02A/cm2 ğ›’:2.0741e+01ğ›€ cm
2023-03-23 15:41:08,811 INFO Measurement at current 0.001020100502512563
2023-03-23 15:41:09,410 INFO T:245.28Â°K V:3.0003e-02V I:1.0201e-03A R:2.9412e+01ğ›€ E:9.2603e-01V/cm J:4.4643e-02A/cm2 ğ›’:2.0743e+01ğ›€ cm
2023-03-23 15:41:09,425 INFO Measurement at current 0.0010376884422110553
2023-03-23 15:41:10,017 INFO T:245.28Â°K V:3.0528e-02V I:1.0377e-03A R:2.9419e+01ğ›€ E:9.4222e-01V/cm J:4.5413e-02A/cm2 ğ›’:2.0748e+01ğ›€ cm
2023-03-23 15:41:10,046 INFO Measurement at current 0.0010552763819095478
2023-03-23 15:41:10,652 INFO T:245.27Â°K V:3.1059e-02V I:1.0553e-03A R:2.9432e+01ğ›€ E:9.5860e-01V/cm J:4.6183e-02A/cm2 ğ›’:2.0757e+01ğ›€ cm
2023-03-23 15:41:10,688 INFO Measurement at current 0.0010728643216080403
2023-03-23 15:41:11,277 INFO T:245.26Â°K V:3.1572e-02V I:1.0729e-03A R:2.9428e+01ğ›€ E:9.7445e-01V/cm J:4.6952e-02A/cm2 ğ›’:2.0754e+01ğ›€ cm
2023-03-23 15:41:11,300 INFO Measurement at current 0.0010904522613065328
2023-03-23 15:41:11,900 INFO T:245.26Â°K V:3.2093e-02V I:1.0905e-03A R:2.9431e+01ğ›€ E:9.9053e-01V/cm J:4.7722e-02A/cm2 ğ›’:2.0756e+01ğ›€ cm
2023-03-23 15:41:11,919 INFO Measurement at current 0.0011080402010050251
2023-03-23 15:41:12,509 INFO T:245.25Â°K V:3.2606e-02V I:1.1080e-03A R:2.9427e+01ğ›€ E:1.0064e+00V/cm J:4.8492e-02A/cm2 ğ›’:2.0753e+01ğ›€ cm
2023-03-23 15:41:12,556 INFO Measurement at current 0.0011256281407035177
2023-03-23 15:41:13,147 INFO T:245.24Â°K V:3.3131e-02V I:1.1256e-03A R:2.9434e+01ğ›€ E:1.0226e+00V/cm J:4.9262e-02A/cm2 ğ›’:2.0758e+01ğ›€ cm
2023-03-23 15:41:13,180 INFO Measurement at current 0.0011432160804020102
2023-03-23 15:41:13,772 INFO T:245.24Â°K V:3.3653e-02V I:1.1432e-03A R:2.9437e+01ğ›€ E:1.0387e+00V/cm J:5.0031e-02A/cm2 ğ›’:2.0760e+01ğ›€ cm
2023-03-23 15:41:13,787 INFO Measurement at current 0.0011608040201005025
2023-03-23 15:41:14,375 INFO T:245.23Â°K V:3.4184e-02V I:1.1608e-03A R:2.9449e+01ğ›€ E:1.0551e+00V/cm J:5.0801e-02A/cm2 ğ›’:2.0769e+01ğ›€ cm
2023-03-23 15:41:14,406 INFO Measurement at current 0.001178391959798995
2023-03-23 15:41:15,005 INFO T:245.23Â°K V:3.4705e-02V I:1.1784e-03A R:2.9451e+01ğ›€ E:1.0711e+00V/cm J:5.1571e-02A/cm2 ğ›’:2.0770e+01ğ›€ cm
2023-03-23 15:41:15,020 INFO Measurement at current 0.0011959798994974876
2023-03-23 15:41:15,616 INFO T:245.22Â°K V:3.5222e-02V I:1.1960e-03A R:2.9450e+01ğ›€ E:1.0871e+00V/cm J:5.2340e-02A/cm2 ğ›’:2.0770e+01ğ›€ cm
2023-03-23 15:41:15,635 INFO Measurement at current 0.00121356783919598
2023-03-23 15:41:16,233 INFO T:245.21Â°K V:3.5741e-02V I:1.2136e-03A R:2.9451e+01ğ›€ E:1.1031e+00V/cm J:5.3110e-02A/cm2 ğ›’:2.0770e+01ğ›€ cm
2023-03-23 15:41:16,250 INFO Measurement at current 0.0012311557788944724
2023-03-23 15:41:16,840 INFO T:245.21Â°K V:3.6264e-02V I:1.2312e-03A R:2.9455e+01ğ›€ E:1.1193e+00V/cm J:5.3880e-02A/cm2 ğ›’:2.0773e+01ğ›€ cm
2023-03-23 15:41:16,872 INFO Measurement at current 0.001248743718592965
2023-03-23 15:41:17,465 INFO T:245.20Â°K V:3.6785e-02V I:1.2487e-03A R:2.9457e+01ğ›€ E:1.1353e+00V/cm J:5.4650e-02A/cm2 ğ›’:2.0775e+01ğ›€ cm
2023-03-23 15:41:17,490 INFO Measurement at current 0.0012663316582914575
2023-03-23 15:41:18,092 INFO T:245.19Â°K V:3.7321e-02V I:1.2663e-03A R:2.9472e+01ğ›€ E:1.1519e+00V/cm J:5.5419e-02A/cm2 ğ›’:2.0785e+01ğ›€ cm
2023-03-23 15:41:18,107 INFO Measurement at current 0.0012839195979899498
2023-03-23 15:41:18,717 INFO T:245.19Â°K V:3.7849e-02V I:1.2839e-03A R:2.9479e+01ğ›€ E:1.1682e+00V/cm J:5.6189e-02A/cm2 ğ›’:2.0790e+01ğ›€ cm
2023-03-23 15:41:18,755 INFO Measurement at current 0.0013015075376884423
2023-03-23 15:41:19,353 INFO T:245.18Â°K V:3.8363e-02V I:1.3015e-03A R:2.9476e+01ğ›€ E:1.1840e+00V/cm J:5.6959e-02A/cm2 ğ›’:2.0788e+01ğ›€ cm
2023-03-23 15:41:19,372 INFO Measurement at current 0.0013190954773869348
2023-03-23 15:41:19,963 INFO T:245.17Â°K V:3.8886e-02V I:1.3191e-03A R:2.9480e+01ğ›€ E:1.2002e+00V/cm J:5.7728e-02A/cm2 ğ›’:2.0790e+01ğ›€ cm
2023-03-23 15:41:20,031 INFO Measurement at current 0.0013366834170854271
2023-03-23 15:41:20,620 INFO T:245.17Â°K V:3.9405e-02V I:1.3367e-03A R:2.9479e+01ğ›€ E:1.2162e+00V/cm J:5.8498e-02A/cm2 ğ›’:2.0790e+01ğ›€ cm
2023-03-23 15:41:20,636 INFO Measurement at current 0.0013542713567839197
2023-03-23 15:41:21,222 INFO T:245.16Â°K V:3.9934e-02V I:1.3543e-03A R:2.9488e+01ğ›€ E:1.2325e+00V/cm J:5.9268e-02A/cm2 ğ›’:2.0796e+01ğ›€ cm
2023-03-23 15:41:21,239 INFO Measurement at current 0.0013718592964824122
2023-03-23 15:41:21,830 INFO T:245.16Â°K V:4.0453e-02V I:1.3719e-03A R:2.9488e+01ğ›€ E:1.2485e+00V/cm J:6.0038e-02A/cm2 ğ›’:2.0796e+01ğ›€ cm
2023-03-23 15:41:21,857 INFO Measurement at current 0.0013894472361809047
2023-03-23 15:41:22,445 INFO T:245.15Â°K V:4.0980e-02V I:1.3894e-03A R:2.9494e+01ğ›€ E:1.2648e+00V/cm J:6.0807e-02A/cm2 ğ›’:2.0801e+01ğ›€ cm
2023-03-23 15:41:22,468 INFO Measurement at current 0.001407035175879397
2023-03-23 15:41:23,086 INFO T:245.14Â°K V:4.1489e-02V I:1.4070e-03A R:2.9487e+01ğ›€ E:1.2805e+00V/cm J:6.1577e-02A/cm2 ğ›’:2.0795e+01ğ›€ cm
2023-03-23 15:41:23,104 INFO Measurement at current 0.0014246231155778896
2023-03-23 15:41:23,703 INFO T:245.14Â°K V:4.2009e-02V I:1.4246e-03A R:2.9488e+01ğ›€ E:1.2966e+00V/cm J:6.2347e-02A/cm2 ğ›’:2.0796e+01ğ›€ cm
2023-03-23 15:41:23,721 INFO Measurement at current 0.001442211055276382
2023-03-23 15:41:24,316 INFO T:245.13Â°K V:4.2530e-02V I:1.4422e-03A R:2.9490e+01ğ›€ E:1.3127e+00V/cm J:6.3116e-02A/cm2 ğ›’:2.0797e+01ğ›€ cm
2023-03-23 15:41:24,337 INFO Measurement at current 0.0014597989949748744
2023-03-23 15:41:24,928 INFO T:245.12Â°K V:4.3063e-02V I:1.4598e-03A R:2.9499e+01ğ›€ E:1.3291e+00V/cm J:6.3886e-02A/cm2 ğ›’:2.0804e+01ğ›€ cm
2023-03-23 15:41:24,944 INFO Measurement at current 0.001477386934673367
2023-03-23 15:41:25,532 INFO T:245.12Â°K V:4.3577e-02V I:1.4774e-03A R:2.9496e+01ğ›€ E:1.3450e+00V/cm J:6.4656e-02A/cm2 ğ›’:2.0802e+01ğ›€ cm
2023-03-23 15:41:25,546 INFO Measurement at current 0.0014949748743718595
2023-03-23 15:41:26,139 INFO T:245.11Â°K V:4.4103e-02V I:1.4950e-03A R:2.9501e+01ğ›€ E:1.3612e+00V/cm J:6.5426e-02A/cm2 ğ›’:2.0805e+01ğ›€ cm
2023-03-23 15:41:26,158 INFO Measurement at current 0.0015125628140703518
2023-03-23 15:41:26,777 INFO T:245.10Â°K V:4.4624e-02V I:1.5126e-03A R:2.9502e+01ğ›€ E:1.3773e+00V/cm J:6.6195e-02A/cm2 ğ›’:2.0806e+01ğ›€ cm
2023-03-23 15:41:26,794 INFO Measurement at current 0.0015301507537688443
2023-03-23 15:41:27,384 INFO T:245.10Â°K V:4.5146e-02V I:1.5302e-03A R:2.9504e+01ğ›€ E:1.3934e+00V/cm J:6.6965e-02A/cm2 ğ›’:2.0808e+01ğ›€ cm
2023-03-23 15:41:27,400 INFO Measurement at current 0.0015477386934673368
2023-03-23 15:41:27,987 INFO T:245.09Â°K V:4.5659e-02V I:1.5477e-03A R:2.9501e+01ğ›€ E:1.4092e+00V/cm J:6.7735e-02A/cm2 ğ›’:2.0805e+01ğ›€ cm
2023-03-23 15:41:28,004 INFO Measurement at current 0.0015653266331658294
2023-03-23 15:41:28,596 INFO T:245.09Â°K V:4.6199e-02V I:1.5653e-03A R:2.9514e+01ğ›€ E:1.4259e+00V/cm J:6.8504e-02A/cm2 ğ›’:2.0815e+01ğ›€ cm
2023-03-23 15:41:28,613 INFO Measurement at current 0.0015829145728643217
2023-03-23 15:41:29,209 INFO T:245.08Â°K V:4.6720e-02V I:1.5829e-03A R:2.9515e+01ğ›€ E:1.4420e+00V/cm J:6.9274e-02A/cm2 ğ›’:2.0815e+01ğ›€ cm
2023-03-23 15:41:29,243 INFO Measurement at current 0.0016005025125628142
2023-03-23 15:41:29,830 INFO T:245.07Â°K V:4.7247e-02V I:1.6005e-03A R:2.9520e+01ğ›€ E:1.4582e+00V/cm J:7.0044e-02A/cm2 ğ›’:2.0819e+01ğ›€ cm
2023-03-23 15:41:29,845 INFO Measurement at current 0.0016180904522613067
2023-03-23 15:41:30,449 INFO T:245.07Â°K V:4.7769e-02V I:1.6181e-03A R:2.9522e+01ğ›€ E:1.4744e+00V/cm J:7.0814e-02A/cm2 ğ›’:2.0820e+01ğ›€ cm
2023-03-23 15:41:30,466 INFO Measurement at current 0.001635678391959799
2023-03-23 15:41:31,054 INFO T:245.06Â°K V:4.8294e-02V I:1.6357e-03A R:2.9526e+01ğ›€ E:1.4906e+00V/cm J:7.1583e-02A/cm2 ğ›’:2.0823e+01ğ›€ cm
2023-03-23 15:41:31,082 INFO Measurement at current 0.0016532663316582916
2023-03-23 15:41:31,684 INFO T:245.06Â°K V:4.8838e-02V I:1.6533e-03A R:2.9540e+01ğ›€ E:1.5074e+00V/cm J:7.2353e-02A/cm2 ğ›’:2.0833e+01ğ›€ cm
2023-03-23 15:41:31,719 INFO Measurement at current 0.001670854271356784
2023-03-23 15:41:32,320 INFO T:245.05Â°K V:4.9370e-02V I:1.6709e-03A R:2.9548e+01ğ›€ E:1.5238e+00V/cm J:7.3123e-02A/cm2 ğ›’:2.0839e+01ğ›€ cm
2023-03-23 15:41:32,347 INFO Measurement at current 0.0016884422110552766
2023-03-23 15:41:32,951 INFO T:245.04Â°K V:4.9883e-02V I:1.6884e-03A R:2.9544e+01ğ›€ E:1.5396e+00V/cm J:7.3892e-02A/cm2 ğ›’:2.0836e+01ğ›€ cm
2023-03-23 15:41:32,975 INFO Measurement at current 0.001706030150753769
2023-03-23 15:41:33,588 INFO T:245.04Â°K V:5.0407e-02V I:1.7060e-03A R:2.9546e+01ğ›€ E:1.5558e+00V/cm J:7.4662e-02A/cm2 ğ›’:2.0837e+01ğ›€ cm
2023-03-23 15:41:33,617 INFO Measurement at current 0.0017236180904522615
2023-03-23 15:41:34,214 INFO T:245.03Â°K V:5.0928e-02V I:1.7236e-03A R:2.9547e+01ğ›€ E:1.5718e+00V/cm J:7.5432e-02A/cm2 ğ›’:2.0838e+01ğ›€ cm
2023-03-23 15:41:34,247 INFO Measurement at current 0.001741206030150754
2023-03-23 15:41:34,838 INFO T:245.02Â°K V:5.1451e-02V I:1.7412e-03A R:2.9549e+01ğ›€ E:1.5880e+00V/cm J:7.6202e-02A/cm2 ğ›’:2.0839e+01ğ›€ cm
2023-03-23 15:41:34,862 INFO Measurement at current 0.0017587939698492463
2023-03-23 15:41:35,452 INFO T:245.02Â°K V:5.1992e-02V I:1.7588e-03A R:2.9561e+01ğ›€ E:1.6047e+00V/cm J:7.6971e-02A/cm2 ğ›’:2.0848e+01ğ›€ cm
2023-03-23 15:41:35,470 INFO Measurement at current 0.0017763819095477388
2023-03-23 15:41:36,065 INFO T:245.01Â°K V:5.2517e-02V I:1.7764e-03A R:2.9564e+01ğ›€ E:1.6209e+00V/cm J:7.7741e-02A/cm2 ğ›’:2.0850e+01ğ›€ cm
2023-03-23 15:41:36,085 INFO Measurement at current 0.0017939698492462314
2023-03-23 15:41:36,684 INFO T:245.00Â°K V:5.3039e-02V I:1.7940e-03A R:2.9565e+01ğ›€ E:1.6370e+00V/cm J:7.8511e-02A/cm2 ğ›’:2.0851e+01ğ›€ cm
2023-03-23 15:41:36,703 INFO Measurement at current 0.0018115577889447237
2023-03-23 15:41:37,299 INFO T:245.00Â°K V:5.3561e-02V I:1.8116e-03A R:2.9566e+01ğ›€ E:1.6531e+00V/cm J:7.9280e-02A/cm2 ğ›’:2.0852e+01ğ›€ cm
2023-03-23 15:41:37,355 INFO Measurement at current 0.0018291457286432162
2023-03-23 15:41:37,951 INFO T:244.99Â°K V:5.4094e-02V I:1.8291e-03A R:2.9573e+01ğ›€ E:1.6696e+00V/cm J:8.0050e-02A/cm2 ğ›’:2.0856e+01ğ›€ cm
2023-03-23 15:41:37,976 INFO Measurement at current 0.0018467336683417087
2023-03-23 15:41:38,561 INFO T:244.99Â°K V:5.4609e-02V I:1.8467e-03A R:2.9571e+01ğ›€ E:1.6855e+00V/cm J:8.0820e-02A/cm2 ğ›’:2.0855e+01ğ›€ cm
2023-03-23 15:41:38,587 INFO Measurement at current 0.0018643216080402013
2023-03-23 15:41:39,187 INFO T:244.98Â°K V:5.5150e-02V I:1.8643e-03A R:2.9582e+01ğ›€ E:1.7022e+00V/cm J:8.1590e-02A/cm2 ğ›’:2.0862e+01ğ›€ cm
2023-03-23 15:41:39,204 INFO Measurement at current 0.0018819095477386936
2023-03-23 15:41:39,790 INFO T:244.97Â°K V:5.5667e-02V I:1.8819e-03A R:2.9580e+01ğ›€ E:1.7181e+00V/cm J:8.2359e-02A/cm2 ğ›’:2.0861e+01ğ›€ cm
2023-03-23 15:41:39,806 INFO Measurement at current 0.001899497487437186
2023-03-23 15:41:40,393 INFO T:244.97Â°K V:5.6190e-02V I:1.8995e-03A R:2.9582e+01ğ›€ E:1.7343e+00V/cm J:8.3129e-02A/cm2 ğ›’:2.0862e+01ğ›€ cm
2023-03-23 15:41:40,410 INFO Measurement at current 0.0019170854271356786
2023-03-23 15:41:40,994 INFO T:244.96Â°K V:5.6708e-02V I:1.9171e-03A R:2.9580e+01ğ›€ E:1.7502e+00V/cm J:8.3899e-02A/cm2 ğ›’:2.0861e+01ğ›€ cm
2023-03-23 15:41:41,007 INFO Measurement at current 0.001934673366834171
2023-03-23 15:41:41,593 INFO T:244.96Â°K V:5.7232e-02V I:1.9347e-03A R:2.9582e+01ğ›€ E:1.7664e+00V/cm J:8.4668e-02A/cm2 ğ›’:2.0863e+01ğ›€ cm
2023-03-23 15:41:41,607 INFO Measurement at current 0.0019522613065326635
2023-03-23 15:41:42,192 INFO T:244.95Â°K V:5.7774e-02V I:1.9523e-03A R:2.9593e+01ğ›€ E:1.7831e+00V/cm J:8.5438e-02A/cm2 ğ›’:2.0871e+01ğ›€ cm
2023-03-23 15:41:42,232 INFO Measurement at current 0.0019698492462311558
2023-03-23 15:41:42,842 INFO T:244.94Â°K V:5.8294e-02V I:1.9698e-03A R:2.9593e+01ğ›€ E:1.7992e+00V/cm J:8.6208e-02A/cm2 ğ›’:2.0870e+01ğ›€ cm
2023-03-23 15:41:42,871 INFO Measurement at current 0.0019874371859296483
2023-03-23 15:41:43,464 INFO T:244.94Â°K V:5.8812e-02V I:1.9874e-03A R:2.9592e+01ğ›€ E:1.8152e+00V/cm J:8.6978e-02A/cm2 ğ›’:2.0870e+01ğ›€ cm
2023-03-23 15:41:43,481 INFO Measurement at current 0.002005025125628141
2023-03-23 15:41:44,070 INFO T:244.93Â°K V:5.9343e-02V I:2.0050e-03A R:2.9597e+01ğ›€ E:1.8316e+00V/cm J:8.7747e-02A/cm2 ğ›’:2.0873e+01ğ›€ cm
2023-03-23 15:41:44,086 INFO Measurement at current 0.0020226130653266334
2023-03-23 15:41:44,677 INFO T:244.93Â°K V:5.9857e-02V I:2.0226e-03A R:2.9594e+01ğ›€ E:1.8474e+00V/cm J:8.8517e-02A/cm2 ğ›’:2.0871e+01ğ›€ cm
2023-03-23 15:41:44,694 INFO Measurement at current 0.002040201005025126
2023-03-23 15:41:45,287 INFO T:244.92Â°K V:6.0388e-02V I:2.0402e-03A R:2.9599e+01ğ›€ E:1.8638e+00V/cm J:8.9287e-02A/cm2 ğ›’:2.0875e+01ğ›€ cm
2023-03-23 15:41:45,309 INFO Measurement at current 0.0020577889447236184
2023-03-23 15:41:45,934 INFO T:244.91Â°K V:6.0924e-02V I:2.0578e-03A R:2.9607e+01ğ›€ E:1.8804e+00V/cm J:9.0056e-02A/cm2 ğ›’:2.0880e+01ğ›€ cm
2023-03-23 15:41:45,956 INFO Measurement at current 0.0020753768844221105
2023-03-23 15:41:46,546 INFO T:244.91Â°K V:6.1450e-02V I:2.0754e-03A R:2.9609e+01ğ›€ E:1.8966e+00V/cm J:9.0826e-02A/cm2 ğ›’:2.0882e+01ğ›€ cm
2023-03-23 15:41:46,568 INFO Measurement at current 0.002092964824120603
2023-03-23 15:41:47,164 INFO T:244.90Â°K V:6.1962e-02V I:2.0930e-03A R:2.9605e+01ğ›€ E:1.9124e+00V/cm J:9.1596e-02A/cm2 ğ›’:2.0879e+01ğ›€ cm
2023-03-23 15:41:47,188 INFO Measurement at current 0.0021105527638190956
2023-03-23 15:41:47,777 INFO T:244.89Â°K V:6.2490e-02V I:2.1106e-03A R:2.9609e+01ğ›€ E:1.9287e+00V/cm J:9.2366e-02A/cm2 ğ›’:2.0881e+01ğ›€ cm
2023-03-23 15:41:47,793 INFO Measurement at current 0.002128140703517588
2023-03-23 15:41:48,410 INFO T:244.89Â°K V:6.3005e-02V I:2.1281e-03A R:2.9606e+01ğ›€ E:1.9446e+00V/cm J:9.3135e-02A/cm2 ğ›’:2.0879e+01ğ›€ cm
2023-03-23 15:41:48,441 INFO Measurement at current 0.0021457286432160806
2023-03-23 15:41:49,033 INFO T:244.88Â°K V:6.3537e-02V I:2.1457e-03A R:2.9611e+01ğ›€ E:1.9610e+00V/cm J:9.3905e-02A/cm2 ğ›’:2.0883e+01ğ›€ cm
2023-03-23 15:41:49,072 INFO Measurement at current 0.002163316582914573
2023-03-23 15:41:49,665 INFO T:244.88Â°K V:6.4073e-02V I:2.1633e-03A R:2.9618e+01ğ›€ E:1.9776e+00V/cm J:9.4675e-02A/cm2 ğ›’:2.0888e+01ğ›€ cm
2023-03-23 15:41:49,685 INFO Measurement at current 0.0021809045226130657
2023-03-23 15:41:50,272 INFO T:244.87Â°K V:6.4598e-02V I:2.1809e-03A R:2.9620e+01ğ›€ E:1.9938e+00V/cm J:9.5444e-02A/cm2 ğ›’:2.0889e+01ğ›€ cm
2023-03-23 15:41:50,287 INFO Measurement at current 0.0021984924623115578
2023-03-23 15:41:50,874 INFO T:244.86Â°K V:6.5126e-02V I:2.1985e-03A R:2.9623e+01ğ›€ E:2.0101e+00V/cm J:9.6214e-02A/cm2 ğ›’:2.0892e+01ğ›€ cm
2023-03-23 15:41:50,895 INFO Measurement at current 0.0022160804020100503
2023-03-23 15:41:51,478 INFO T:244.86Â°K V:6.5648e-02V I:2.2161e-03A R:2.9624e+01ğ›€ E:2.0262e+00V/cm J:9.6984e-02A/cm2 ğ›’:2.0892e+01ğ›€ cm
2023-03-23 15:41:51,518 INFO Measurement at current 0.002233668341708543
2023-03-23 15:41:52,110 INFO T:244.85Â°K V:6.6182e-02V I:2.2337e-03A R:2.9629e+01ğ›€ E:2.0426e+00V/cm J:9.7754e-02A/cm2 ğ›’:2.0896e+01ğ›€ cm
2023-03-23 15:41:52,128 INFO Measurement at current 0.0022512562814070354
2023-03-23 15:41:52,729 INFO T:244.85Â°K V:6.6711e-02V I:2.2513e-03A R:2.9633e+01ğ›€ E:2.0590e+00V/cm J:9.8523e-02A/cm2 ğ›’:2.0898e+01ğ›€ cm
2023-03-23 15:41:52,747 INFO Measurement at current 0.002268844221105528
2023-03-23 15:41:53,345 INFO T:244.84Â°K V:6.7238e-02V I:2.2688e-03A R:2.9635e+01ğ›€ E:2.0752e+00V/cm J:9.9293e-02A/cm2 ğ›’:2.0900e+01ğ›€ cm
2023-03-23 15:41:53,362 INFO Measurement at current 0.0022864321608040204
2023-03-23 15:41:53,954 INFO T:244.83Â°K V:6.7757e-02V I:2.2864e-03A R:2.9634e+01ğ›€ E:2.0913e+00V/cm J:1.0006e-01A/cm2 ğ›’:2.0899e+01ğ›€ cm
2023-03-23 15:41:53,973 INFO Measurement at current 0.002304020100502513
2023-03-23 15:41:54,579 INFO T:244.83Â°K V:6.8294e-02V I:2.3040e-03A R:2.9641e+01ğ›€ E:2.1079e+00V/cm J:1.0083e-01A/cm2 ğ›’:2.0905e+01ğ›€ cm
2023-03-23 15:41:54,598 INFO Measurement at current 0.002321608040201005
2023-03-23 15:41:55,188 INFO T:244.82Â°K V:6.8826e-02V I:2.3216e-03A R:2.9646e+01ğ›€ E:2.1242e+00V/cm J:1.0160e-01A/cm2 ğ›’:2.0908e+01ğ›€ cm
2023-03-23 15:41:55,207 INFO Measurement at current 0.0023391959798994976
2023-03-23 15:41:55,796 INFO T:244.82Â°K V:6.9340e-02V I:2.3392e-03A R:2.9643e+01ğ›€ E:2.1401e+00V/cm J:1.0237e-01A/cm2 ğ›’:2.0905e+01ğ›€ cm
2023-03-23 15:41:55,811 INFO Measurement at current 0.00235678391959799
2023-03-23 15:41:56,397 INFO T:244.81Â°K V:6.9861e-02V I:2.3568e-03A R:2.9643e+01ğ›€ E:2.1562e+00V/cm J:1.0314e-01A/cm2 ğ›’:2.0905e+01ğ›€ cm
2023-03-23 15:41:56,467 INFO Measurement at current 0.0023743718592964826
2023-03-23 15:41:57,061 INFO T:244.80Â°K V:7.0389e-02V I:2.3744e-03A R:2.9646e+01ğ›€ E:2.1725e+00V/cm J:1.0391e-01A/cm2 ğ›’:2.0907e+01ğ›€ cm
2023-03-23 15:41:57,076 INFO Measurement at current 0.002391959798994975
2023-03-23 15:41:57,662 INFO T:244.80Â°K V:7.0910e-02V I:2.3920e-03A R:2.9645e+01ğ›€ E:2.1886e+00V/cm J:1.0468e-01A/cm2 ğ›’:2.0907e+01ğ›€ cm
2023-03-23 15:41:57,681 INFO Measurement at current 0.0024095477386934677
2023-03-23 15:41:58,282 INFO T:244.79Â°K V:7.1424e-02V I:2.4095e-03A R:2.9642e+01ğ›€ E:2.2045e+00V/cm J:1.0545e-01A/cm2 ğ›’:2.0905e+01ğ›€ cm
2023-03-23 15:41:58,301 INFO Measurement at current 0.00242713567839196
2023-03-23 15:41:58,895 INFO T:244.78Â°K V:7.1966e-02V I:2.4271e-03A R:2.9651e+01ğ›€ E:2.2212e+00V/cm J:1.0622e-01A/cm2 ğ›’:2.0911e+01ğ›€ cm
2023-03-23 15:41:58,914 INFO Measurement at current 0.0024447236180904523
2023-03-23 15:41:59,526 INFO T:244.78Â°K V:7.2496e-02V I:2.4447e-03A R:2.9654e+01ğ›€ E:2.2375e+00V/cm J:1.0699e-01A/cm2 ğ›’:2.0913e+01ğ›€ cm
2023-03-23 15:41:59,550 INFO Measurement at current 0.002462311557788945
2023-03-23 15:42:00,155 INFO T:244.77Â°K V:7.3038e-02V I:2.4623e-03A R:2.9662e+01ğ›€ E:2.2543e+00V/cm J:1.0776e-01A/cm2 ğ›’:2.0919e+01ğ›€ cm
2023-03-23 15:42:00,186 INFO Measurement at current 0.0024798994974874373
2023-03-23 15:42:00,789 INFO T:244.77Â°K V:7.3564e-02V I:2.4799e-03A R:2.9664e+01ğ›€ E:2.2705e+00V/cm J:1.0853e-01A/cm2 ğ›’:2.0920e+01ğ›€ cm
2023-03-23 15:42:00,804 INFO Measurement at current 0.00249748743718593
2023-03-23 15:42:01,422 INFO T:244.76Â°K V:7.4092e-02V I:2.4975e-03A R:2.9667e+01ğ›€ E:2.2868e+00V/cm J:1.0930e-01A/cm2 ğ›’:2.0922e+01ğ›€ cm
2023-03-23 15:42:01,441 INFO Measurement at current 0.0025150753768844224
2023-03-23 15:42:02,040 INFO T:244.75Â°K V:7.4626e-02V I:2.5151e-03A R:2.9671e+01ğ›€ E:2.3033e+00V/cm J:1.1007e-01A/cm2 ğ›’:2.0926e+01ğ›€ cm
2023-03-23 15:42:02,056 INFO Measurement at current 0.002532663316582915
2023-03-23 15:42:02,642 INFO T:244.75Â°K V:7.5160e-02V I:2.5327e-03A R:2.9676e+01ğ›€ E:2.3198e+00V/cm J:1.1084e-01A/cm2 ğ›’:2.0929e+01ğ›€ cm
2023-03-23 15:42:02,660 INFO Measurement at current 0.002550251256281407
2023-03-23 15:42:03,270 INFO T:244.74Â°K V:7.5703e-02V I:2.5503e-03A R:2.9684e+01ğ›€ E:2.3365e+00V/cm J:1.1161e-01A/cm2 ğ›’:2.0935e+01ğ›€ cm
2023-03-23 15:42:03,292 INFO Measurement at current 0.0025678391959798996
2023-03-23 15:42:03,887 INFO T:244.74Â°K V:7.6211e-02V I:2.5678e-03A R:2.9679e+01ğ›€ E:2.3522e+00V/cm J:1.1238e-01A/cm2 ğ›’:2.0931e+01ğ›€ cm
2023-03-23 15:42:03,915 INFO Measurement at current 0.002585427135678392
2023-03-23 15:42:04,522 INFO T:244.73Â°K V:7.6748e-02V I:2.5854e-03A R:2.9685e+01ğ›€ E:2.3688e+00V/cm J:1.1315e-01A/cm2 ğ›’:2.0935e+01ğ›€ cm
2023-03-23 15:42:04,541 INFO Measurement at current 0.0026030150753768846
2023-03-23 15:42:05,145 INFO T:244.72Â°K V:7.7266e-02V I:2.6030e-03A R:2.9683e+01ğ›€ E:2.3848e+00V/cm J:1.1392e-01A/cm2 ğ›’:2.0934e+01ğ›€ cm
2023-03-23 15:42:05,159 INFO Measurement at current 0.002620603015075377
2023-03-23 15:42:05,801 INFO T:244.72Â°K V:7.7802e-02V I:2.6206e-03A R:2.9689e+01ğ›€ E:2.4013e+00V/cm J:1.1469e-01A/cm2 ğ›’:2.0938e+01ğ›€ cm
2023-03-23 15:42:05,817 INFO Measurement at current 0.0026381909547738697
2023-03-23 15:42:06,428 INFO T:244.71Â°K V:7.8328e-02V I:2.6382e-03A R:2.9690e+01ğ›€ E:2.4175e+00V/cm J:1.1546e-01A/cm2 ğ›’:2.0939e+01ğ›€ cm
2023-03-23 15:42:06,451 INFO Measurement at current 0.002655778894472362
2023-03-23 15:42:07,081 INFO T:244.71Â°K V:7.8880e-02V I:2.6558e-03A R:2.9701e+01ğ›€ E:2.4346e+00V/cm J:1.1623e-01A/cm2 ğ›’:2.0947e+01ğ›€ cm
2023-03-23 15:42:07,126 INFO Measurement at current 0.0026733668341708543
2023-03-23 15:42:07,716 INFO T:244.70Â°K V:7.9400e-02V I:2.6734e-03A R:2.9700e+01ğ›€ E:2.4506e+00V/cm J:1.1700e-01A/cm2 ğ›’:2.0946e+01ğ›€ cm
2023-03-23 15:42:07,733 INFO Measurement at current 0.002690954773869347
2023-03-23 15:42:08,319 INFO T:244.69Â°K V:7.9930e-02V I:2.6910e-03A R:2.9703e+01ğ›€ E:2.4670e+00V/cm J:1.1777e-01A/cm2 ğ›’:2.0948e+01ğ›€ cm
2023-03-23 15:42:08,337 INFO Measurement at current 0.0027085427135678393
2023-03-23 15:42:08,933 INFO T:244.69Â°K V:8.0441e-02V I:2.7085e-03A R:2.9699e+01ğ›€ E:2.4827e+00V/cm J:1.1854e-01A/cm2 ğ›’:2.0945e+01ğ›€ cm
2023-03-23 15:42:08,954 INFO Measurement at current 0.002726130653266332
2023-03-23 15:42:09,540 INFO T:244.68Â°K V:8.0961e-02V I:2.7261e-03A R:2.9698e+01ğ›€ E:2.4988e+00V/cm J:1.1931e-01A/cm2 ğ›’:2.0944e+01ğ›€ cm
2023-03-23 15:42:09,558 INFO Measurement at current 0.0027437185929648244
2023-03-23 15:42:10,180 INFO T:244.68Â°K V:8.1479e-02V I:2.7437e-03A R:2.9696e+01ğ›€ E:2.5148e+00V/cm J:1.2008e-01A/cm2 ğ›’:2.0943e+01ğ›€ cm
2023-03-23 15:42:10,209 INFO Measurement at current 0.002761306532663317
2023-03-23 15:42:10,832 INFO T:244.67Â°K V:8.2023e-02V I:2.7613e-03A R:2.9704e+01ğ›€ E:2.5316e+00V/cm J:1.2084e-01A/cm2 ğ›’:2.0949e+01ğ›€ cm
2023-03-23 15:42:10,872 INFO Measurement at current 0.0027788944723618095
2023-03-23 15:42:11,482 INFO T:244.66Â°K V:8.2541e-02V I:2.7789e-03A R:2.9703e+01ğ›€ E:2.5476e+00V/cm J:1.2161e-01A/cm2 ğ›’:2.0948e+01ğ›€ cm
2023-03-23 15:42:11,504 INFO Measurement at current 0.0027964824120603016
2023-03-23 15:42:12,103 INFO T:244.66Â°K V:8.3075e-02V I:2.7965e-03A R:2.9707e+01ğ›€ E:2.5640e+00V/cm J:1.2238e-01A/cm2 ğ›’:2.0951e+01ğ›€ cm
2023-03-23 15:42:12,126 INFO Measurement at current 0.002814070351758794
2023-03-23 15:42:12,755 INFO T:244.65Â°K V:8.3611e-02V I:2.8141e-03A R:2.9712e+01ğ›€ E:2.5806e+00V/cm J:1.2315e-01A/cm2 ğ›’:2.0954e+01ğ›€ cm
2023-03-23 15:42:12,782 INFO Measurement at current 0.0028316582914572866
2023-03-23 15:42:13,374 INFO T:244.64Â°K V:8.4135e-02V I:2.8317e-03A R:2.9712e+01ğ›€ E:2.5968e+00V/cm J:1.2392e-01A/cm2 ğ›’:2.0955e+01ğ›€ cm
2023-03-23 15:42:13,410 INFO Measurement at current 0.002849246231155779
2023-03-23 15:42:14,013 INFO T:244.64Â°K V:8.4666e-02V I:2.8492e-03A R:2.9715e+01ğ›€ E:2.6132e+00V/cm J:1.2469e-01A/cm2 ğ›’:2.0957e+01ğ›€ cm
2023-03-23 15:42:14,035 INFO Measurement at current 0.0028668341708542717
2023-03-23 15:42:14,642 INFO T:244.63Â°K V:8.5220e-02V I:2.8668e-03A R:2.9726e+01ğ›€ E:2.6302e+00V/cm J:1.2546e-01A/cm2 ğ›’:2.0964e+01ğ›€ cm
2023-03-23 15:42:14,669 INFO Measurement at current 0.002884422110552764
2023-03-23 15:42:15,267 INFO T:244.63Â°K V:8.5744e-02V I:2.8844e-03A R:2.9726e+01ğ›€ E:2.6464e+00V/cm J:1.2623e-01A/cm2 ğ›’:2.0965e+01ğ›€ cm
2023-03-23 15:42:15,295 INFO Measurement at current 0.0029020100502512567
2023-03-23 15:42:15,890 INFO T:244.62Â°K V:8.6282e-02V I:2.9020e-03A R:2.9732e+01ğ›€ E:2.6630e+00V/cm J:1.2700e-01A/cm2 ğ›’:2.0968e+01ğ›€ cm
2023-03-23 15:42:15,907 INFO Measurement at current 0.002919597989949749
2023-03-23 15:42:16,497 INFO T:244.61Â°K V:8.6809e-02V I:2.9196e-03A R:2.9733e+01ğ›€ E:2.6793e+00V/cm J:1.2777e-01A/cm2 ğ›’:2.0969e+01ğ›€ cm
2023-03-23 15:42:16,515 INFO Measurement at current 0.0029371859296482413
2023-03-23 15:42:17,108 INFO T:244.61Â°K V:8.7315e-02V I:2.9372e-03A R:2.9727e+01ğ›€ E:2.6949e+00V/cm J:1.2854e-01A/cm2 ğ›’:2.0965e+01ğ›€ cm
2023-03-23 15:42:17,126 INFO Measurement at current 0.002954773869346734
2023-03-23 15:42:17,734 INFO T:244.60Â°K V:8.7862e-02V I:2.9548e-03A R:2.9736e+01ğ›€ E:2.7118e+00V/cm J:1.2931e-01A/cm2 ğ›’:2.0971e+01ğ›€ cm
2023-03-23 15:42:17,765 INFO Measurement at current 0.0029723618090452264
2023-03-23 15:42:18,367 INFO T:244.60Â°K V:8.8374e-02V I:2.9724e-03A R:2.9732e+01ğ›€ E:2.7276e+00V/cm J:1.3008e-01A/cm2 ğ›’:2.0968e+01ğ›€ cm
2023-03-23 15:42:18,386 INFO Measurement at current 0.002989949748743719
2023-03-23 15:42:18,973 INFO T:244.59Â°K V:8.8919e-02V I:2.9899e-03A R:2.9739e+01ğ›€ E:2.7444e+00V/cm J:1.3085e-01A/cm2 ğ›’:2.0974e+01ğ›€ cm
2023-03-23 15:42:18,997 INFO Measurement at current 0.0030075376884422115
2023-03-23 15:42:19,596 INFO T:244.58Â°K V:8.9456e-02V I:3.0075e-03A R:2.9744e+01ğ›€ E:2.7610e+00V/cm J:1.3162e-01A/cm2 ğ›’:2.0977e+01ğ›€ cm
2023-03-23 15:42:19,612 INFO Measurement at current 0.0030251256281407036
2023-03-23 15:42:20,197 INFO T:244.58Â°K V:8.9985e-02V I:3.0251e-03A R:2.9746e+01ğ›€ E:2.7773e+00V/cm J:1.3239e-01A/cm2 ğ›’:2.0978e+01ğ›€ cm
2023-03-23 15:42:20,212 INFO Measurement at current 0.003042713567839196
2023-03-23 15:42:20,797 INFO T:244.57Â°K V:9.0495e-02V I:3.0427e-03A R:2.9742e+01ğ›€ E:2.7931e+00V/cm J:1.3316e-01A/cm2 ğ›’:2.0975e+01ğ›€ cm
2023-03-23 15:42:20,813 INFO Measurement at current 0.0030603015075376886
2023-03-23 15:42:21,398 INFO T:244.57Â°K V:9.1033e-02V I:3.0603e-03A R:2.9746e+01ğ›€ E:2.8097e+00V/cm J:1.3393e-01A/cm2 ğ›’:2.0978e+01ğ›€ cm
2023-03-23 15:42:21,413 INFO Measurement at current 0.003077889447236181
2023-03-23 15:42:21,997 INFO T:244.56Â°K V:9.1559e-02V I:3.0779e-03A R:2.9747e+01ğ›€ E:2.8259e+00V/cm J:1.3470e-01A/cm2 ğ›’:2.0979e+01ğ›€ cm
2023-03-23 15:42:22,014 INFO Measurement at current 0.0030954773869346737
2023-03-23 15:42:22,601 INFO T:244.55Â°K V:9.2079e-02V I:3.0955e-03A R:2.9746e+01ğ›€ E:2.8419e+00V/cm J:1.3547e-01A/cm2 ğ›’:2.0978e+01ğ›€ cm
2023-03-23 15:42:22,615 INFO Measurement at current 0.003113065326633166
2023-03-23 15:42:23,210 INFO T:244.55Â°K V:9.2614e-02V I:3.1131e-03A R:2.9750e+01ğ›€ E:2.8585e+00V/cm J:1.3624e-01A/cm2 ğ›’:2.0981e+01ğ›€ cm
2023-03-23 15:42:23,233 INFO Measurement at current 0.0031306532663316587
2023-03-23 15:42:23,830 INFO T:244.54Â°K V:9.3135e-02V I:3.1307e-03A R:2.9749e+01ğ›€ E:2.8745e+00V/cm J:1.3701e-01A/cm2 ğ›’:2.0981e+01ğ›€ cm
2023-03-23 15:42:23,850 INFO Measurement at current 0.003148241206030151
2023-03-23 15:42:24,461 INFO T:244.54Â°K V:9.3679e-02V I:3.1482e-03A R:2.9756e+01ğ›€ E:2.8913e+00V/cm J:1.3778e-01A/cm2 ğ›’:2.0985e+01ğ›€ cm
2023-03-23 15:42:24,486 INFO Measurement at current 0.0031658291457286433
2023-03-23 15:42:25,088 INFO T:244.53Â°K V:9.4212e-02V I:3.1658e-03A R:2.9759e+01ğ›€ E:2.9078e+00V/cm J:1.3855e-01A/cm2 ğ›’:2.0988e+01ğ›€ cm
2023-03-23 15:42:25,102 INFO Measurement at current 0.003183417085427136
2023-03-23 15:42:25,687 INFO T:244.53Â°K V:9.4729e-02V I:3.1834e-03A R:2.9757e+01ğ›€ E:2.9237e+00V/cm J:1.3932e-01A/cm2 ğ›’:2.0986e+01ğ›€ cm
2023-03-23 15:42:25,700 INFO Measurement at current 0.0032010050251256284
2023-03-23 15:42:26,285 INFO T:244.52Â°K V:9.5260e-02V I:3.2010e-03A R:2.9759e+01ğ›€ E:2.9401e+00V/cm J:1.4009e-01A/cm2 ğ›’:2.0988e+01ğ›€ cm
2023-03-23 15:42:26,313 INFO Measurement at current 0.003218592964824121
2023-03-23 15:42:26,921 INFO T:244.51Â°K V:9.5787e-02V I:3.2186e-03A R:2.9761e+01ğ›€ E:2.9564e+00V/cm J:1.4086e-01A/cm2 ğ›’:2.0989e+01ğ›€ cm
2023-03-23 15:42:26,952 INFO Measurement at current 0.0032361809045226135
2023-03-23 15:42:27,555 INFO T:244.51Â°K V:9.6333e-02V I:3.2362e-03A R:2.9768e+01ğ›€ E:2.9732e+00V/cm J:1.4163e-01A/cm2 ğ›’:2.0993e+01ğ›€ cm
2023-03-23 15:42:27,593 INFO Measurement at current 0.003253768844221106
2023-03-23 15:42:28,200 INFO T:244.50Â°K V:9.6867e-02V I:3.2538e-03A R:2.9771e+01ğ›€ E:2.9897e+00V/cm J:1.4240e-01A/cm2 ğ›’:2.0996e+01ğ›€ cm
2023-03-23 15:42:28,220 INFO Measurement at current 0.003271356783919598
2023-03-23 15:42:28,806 INFO T:244.50Â°K V:9.7393e-02V I:3.2714e-03A R:2.9771e+01ğ›€ E:3.0060e+00V/cm J:1.4317e-01A/cm2 ğ›’:2.0996e+01ğ›€ cm
2023-03-23 15:42:28,827 INFO Measurement at current 0.0032889447236180906
2023-03-23 15:42:29,426 INFO T:244.49Â°K V:9.7900e-02V I:3.2889e-03A R:2.9766e+01ğ›€ E:3.0216e+00V/cm J:1.4394e-01A/cm2 ğ›’:2.0993e+01ğ›€ cm
2023-03-23 15:42:29,443 INFO Measurement at current 0.003306532663316583
2023-03-23 15:42:30,038 INFO T:244.48Â°K V:9.8423e-02V I:3.3065e-03A R:2.9766e+01ğ›€ E:3.0377e+00V/cm J:1.4471e-01A/cm2 ğ›’:2.0992e+01ğ›€ cm
2023-03-23 15:42:30,066 INFO Measurement at current 0.0033241206030150757
2023-03-23 15:42:30,669 INFO T:244.48Â°K V:9.8958e-02V I:3.3241e-03A R:2.9770e+01ğ›€ E:3.0542e+00V/cm J:1.4548e-01A/cm2 ğ›’:2.0995e+01ğ›€ cm
2023-03-23 15:42:30,692 INFO Measurement at current 0.003341708542713568
2023-03-23 15:42:31,298 INFO T:244.47Â°K V:9.9485e-02V I:3.3417e-03A R:2.9771e+01ğ›€ E:3.0705e+00V/cm J:1.4625e-01A/cm2 ğ›’:2.0996e+01ğ›€ cm
2023-03-23 15:42:31,324 INFO Measurement at current 0.0033592964824120607
2023-03-23 15:42:31,936 INFO T:244.47Â°K V:1.0004e-01V I:3.3593e-03A R:2.9781e+01ğ›€ E:3.0877e+00V/cm J:1.4702e-01A/cm2 ğ›’:2.1003e+01ğ›€ cm
2023-03-23 15:42:31,961 INFO Measurement at current 0.0033768844221105532
2023-03-23 15:42:32,560 INFO T:244.46Â°K V:1.0057e-01V I:3.3769e-03A R:2.9783e+01ğ›€ E:3.1041e+00V/cm J:1.4778e-01A/cm2 ğ›’:2.1004e+01ğ›€ cm
2023-03-23 15:42:32,583 INFO Measurement at current 0.0033944723618090453
2023-03-23 15:42:33,170 INFO T:244.45Â°K V:1.0111e-01V I:3.3945e-03A R:2.9787e+01ğ›€ E:3.1207e+00V/cm J:1.4855e-01A/cm2 ğ›’:2.1007e+01ğ›€ cm
2023-03-23 15:42:33,210 INFO Measurement at current 0.003412060301507538
2023-03-23 15:42:33,837 INFO T:244.45Â°K V:1.0166e-01V I:3.4121e-03A R:2.9795e+01ğ›€ E:3.1377e+00V/cm J:1.4932e-01A/cm2 ğ›’:2.1013e+01ğ›€ cm
2023-03-23 15:42:33,854 INFO Measurement at current 0.0034296482412060304
2023-03-23 15:42:34,460 INFO T:244.44Â°K V:1.0217e-01V I:3.4296e-03A R:2.9791e+01ğ›€ E:3.1535e+00V/cm J:1.5009e-01A/cm2 ğ›’:2.1010e+01ğ›€ cm
2023-03-23 15:42:34,476 INFO Measurement at current 0.003447236180904523
2023-03-23 15:42:35,152 INFO T:244.44Â°K V:1.0269e-01V I:3.4472e-03A R:2.9790e+01ğ›€ E:3.1696e+00V/cm J:1.5086e-01A/cm2 ğ›’:2.1010e+01ğ›€ cm
2023-03-23 15:42:35,167 INFO Measurement at current 0.0034648241206030155
2023-03-23 15:42:35,750 INFO T:244.43Â°K V:1.0324e-01V I:3.4648e-03A R:2.9798e+01ğ›€ E:3.1865e+00V/cm J:1.5163e-01A/cm2 ğ›’:2.1015e+01ğ›€ cm
2023-03-23 15:42:35,766 INFO Measurement at current 0.003482412060301508
2023-03-23 15:42:36,353 INFO T:244.42Â°K V:1.0377e-01V I:3.4824e-03A R:2.9798e+01ğ›€ E:3.2028e+00V/cm J:1.5240e-01A/cm2 ğ›’:2.1015e+01ğ›€ cm
2023-03-23 15:42:36,367 INFO Measurement at current 0.0035
2023-03-23 15:42:36,949 INFO T:244.42Â°K V:1.0429e-01V I:3.5000e-03A R:2.9798e+01ğ›€ E:3.2189e+00V/cm J:1.5317e-01A/cm2 ğ›’:2.1015e+01ğ›€ cm
2023-03-23 15:42:51,235 INFO Save the description file
2023-03-23 15:42:51,241 INFO Save data in numpy format Esperimenti/CPRO_MUSA_230323_bis/CPRO_MUSA_230323_bis_current_from_0_to_35e-4A/CPRO_MUSA_230323_bis_current_from_0_to_35e-4A-20230323154249
2023-03-23 15:42:51,262 INFO Save data in CSV format Esperimenti/CPRO_MUSA_230323_bis/CPRO_MUSA_230323_bis_current_from_0_to_35e-4A/CPRO_MUSA_230323_bis_current_from_0_to_35e-4A-20230323154249.csv
2023-03-23 15:42:51,281 INFO Save plot as image Esperimenti/CPRO_MUSA_230323_bis/CPRO_MUSA_230323_bis_current_from_0_to_35e-4A/CPRO_MUSA_230323_bis_current_from_0_to_35e-4A-20230323154249.png
