2023-05-24 18:38:57,195 INFO ### Start experiment: CPRO_MUSA_240523_I_V current from 0 to 50e-4A ###
2023-05-24 18:38:58,539 INFO Found Multimeter KEITHLEY INSTRUMENTS INC.,MODEL 2700,0884890,B03  /A02  

2023-05-24 18:38:59,571 INFO Found Nanovolt Meter KEITHLEY INSTRUMENTS INC.,MODEL 2182A,4056474,C03  /A02  

2023-05-24 18:38:59,682 INFO Found Source Meter KEITHLEY INSTRUMENTS INC.,MODEL 2400,0945684,C24   Feb 14 2002 11:59:45/A02  /K/H

2023-05-24 18:38:59,802 INFO Start the measurement loop
2023-05-24 18:39:10,799 INFO Measurement at current 0.0
2023-05-24 18:39:11,723 INFO T:213.64Â°K V:-3.5817e-06V I:0.0000e+00A R:-infğ›€ E:-6.2836e-05V/cm J:0.0000e+00A/cm2 ğ›’:-infğ›€ cm
2023-05-24 18:39:11,741 INFO Measurement at current 2.5125628140703518e-05
2023-05-24 18:39:12,340 INFO T:213.61Â°K V:9.7066e-06V I:2.5126e-05A R:3.8632e-01ğ›€ E:1.7029e-04V/cm J:3.8069e-04A/cm2 ğ›’:4.4732e-01ğ›€ cm
2023-05-24 18:39:12,355 INFO Measurement at current 5.0251256281407036e-05
2023-05-24 18:39:12,962 INFO T:213.58Â°K V:2.2872e-05V I:5.0251e-05A R:4.5515e-01ğ›€ E:4.0126e-04V/cm J:7.6138e-04A/cm2 ğ›’:5.2701e-01ğ›€ cm
2023-05-24 18:39:12,979 INFO Measurement at current 7.537688442211056e-05
2023-05-24 18:39:13,577 INFO T:213.56Â°K V:3.6183e-05V I:7.5377e-05A R:4.8003e-01ğ›€ E:6.3479e-04V/cm J:1.1421e-03A/cm2 ğ›’:5.5583e-01ğ›€ cm
2023-05-24 18:39:13,599 INFO Measurement at current 0.00010050251256281407
2023-05-24 18:39:14,206 INFO T:213.53Â°K V:4.9463e-05V I:1.0050e-04A R:4.9215e-01ğ›€ E:8.6776e-04V/cm J:1.5228e-03A/cm2 ğ›’:5.6986e-01ğ›€ cm
2023-05-24 18:39:14,222 INFO Measurement at current 0.0001256281407035176
2023-05-24 18:39:14,817 INFO T:213.50Â°K V:6.2639e-05V I:1.2563e-04A R:4.9861e-01ğ›€ E:1.0989e-03V/cm J:1.9035e-03A/cm2 ğ›’:5.7734e-01ğ›€ cm
2023-05-24 18:39:14,834 INFO Measurement at current 0.00015075376884422112
2023-05-24 18:39:15,423 INFO T:213.48Â°K V:7.5937e-05V I:1.5075e-04A R:5.0371e-01ğ›€ E:1.3322e-03V/cm J:2.2841e-03A/cm2 ğ›’:5.8325e-01ğ›€ cm
2023-05-24 18:39:15,442 INFO Measurement at current 0.00017587939698492463
2023-05-24 18:39:16,039 INFO T:213.45Â°K V:8.9228e-05V I:1.7588e-04A R:5.0732e-01ğ›€ E:1.5654e-03V/cm J:2.6648e-03A/cm2 ğ›’:5.8743e-01ğ›€ cm
2023-05-24 18:39:16,066 INFO Measurement at current 0.00020100502512562814
2023-05-24 18:39:16,670 INFO T:213.42Â°K V:1.0237e-04V I:2.0101e-04A R:5.0929e-01ğ›€ E:1.7960e-03V/cm J:3.0455e-03A/cm2 ğ›’:5.8970e-01ğ›€ cm
2023-05-24 18:39:16,706 INFO Measurement at current 0.00022613065326633166
2023-05-24 18:39:17,321 INFO T:213.39Â°K V:1.1573e-04V I:2.2613e-04A R:5.1179e-01ğ›€ E:2.0304e-03V/cm J:3.4262e-03A/cm2 ğ›’:5.9260e-01ğ›€ cm
2023-05-24 18:39:17,349 INFO Measurement at current 0.0002512562814070352
2023-05-24 18:39:17,944 INFO T:213.36Â°K V:1.2895e-04V I:2.5126e-04A R:5.1324e-01ğ›€ E:2.2624e-03V/cm J:3.8069e-03A/cm2 ğ›’:5.9427e-01ğ›€ cm
2023-05-24 18:39:17,961 INFO Measurement at current 0.0002763819095477387
2023-05-24 18:39:18,570 INFO T:213.34Â°K V:1.4211e-04V I:2.7638e-04A R:5.1419e-01ğ›€ E:2.4932e-03V/cm J:4.1876e-03A/cm2 ğ›’:5.9538e-01ğ›€ cm
2023-05-24 18:39:18,589 INFO Measurement at current 0.00030150753768844223
2023-05-24 18:39:19,181 INFO T:213.31Â°K V:1.5546e-04V I:3.0151e-04A R:5.1560e-01ğ›€ E:2.7273e-03V/cm J:4.5683e-03A/cm2 ğ›’:5.9701e-01ğ›€ cm
2023-05-24 18:39:19,207 INFO Measurement at current 0.0003266331658291457
2023-05-24 18:39:19,810 INFO T:213.28Â°K V:1.6873e-04V I:3.2663e-04A R:5.1659e-01ğ›€ E:2.9602e-03V/cm J:4.9490e-03A/cm2 ğ›’:5.9815e-01ğ›€ cm
2023-05-24 18:39:19,825 INFO Measurement at current 0.00035175879396984926
2023-05-24 18:39:20,416 INFO T:213.26Â°K V:1.8183e-04V I:3.5176e-04A R:5.1692e-01ğ›€ E:3.1900e-03V/cm J:5.3297e-03A/cm2 ğ›’:5.9854e-01ğ›€ cm
2023-05-24 18:39:20,437 INFO Measurement at current 0.00037688442211055275
2023-05-24 18:39:21,042 INFO T:213.23Â°K V:1.9521e-04V I:3.7688e-04A R:5.1796e-01ğ›€ E:3.4247e-03V/cm J:5.7104e-03A/cm2 ğ›’:5.9974e-01ğ›€ cm
2023-05-24 18:39:21,064 INFO Measurement at current 0.0004020100502512563
2023-05-24 18:39:21,654 INFO T:213.20Â°K V:2.0842e-04V I:4.0201e-04A R:5.1844e-01ğ›€ E:3.6564e-03V/cm J:6.0911e-03A/cm2 ğ›’:6.0029e-01ğ›€ cm
2023-05-24 18:39:21,677 INFO Measurement at current 0.00042713567839195983
2023-05-24 18:39:22,275 INFO T:213.17Â°K V:2.2156e-04V I:4.2714e-04A R:5.1872e-01ğ›€ E:3.8871e-03V/cm J:6.4718e-03A/cm2 ğ›’:6.0062e-01ğ›€ cm
2023-05-24 18:39:22,304 INFO Measurement at current 0.0004522613065326633
2023-05-24 18:39:22,904 INFO T:213.15Â°K V:2.3493e-04V I:4.5226e-04A R:5.1945e-01ğ›€ E:4.1215e-03V/cm J:6.8524e-03A/cm2 ğ›’:6.0147e-01ğ›€ cm
2023-05-24 18:39:22,924 INFO Measurement at current 0.00047738693467336686
2023-05-24 18:39:23,518 INFO T:213.12Â°K V:2.4817e-04V I:4.7739e-04A R:5.1985e-01ğ›€ E:4.3538e-03V/cm J:7.2331e-03A/cm2 ğ›’:6.0193e-01ğ›€ cm
2023-05-24 18:39:23,542 INFO Measurement at current 0.0005025125628140704
2023-05-24 18:39:24,146 INFO T:213.09Â°K V:2.6128e-04V I:5.0251e-04A R:5.1995e-01ğ›€ E:4.5839e-03V/cm J:7.6138e-03A/cm2 ğ›’:6.0204e-01ğ›€ cm
2023-05-24 18:39:24,171 INFO Measurement at current 0.0005276381909547739
2023-05-24 18:39:24,777 INFO T:213.06Â°K V:2.7469e-04V I:5.2764e-04A R:5.2060e-01ğ›€ E:4.8191e-03V/cm J:7.9945e-03A/cm2 ğ›’:6.0280e-01ğ›€ cm
2023-05-24 18:39:24,802 INFO Measurement at current 0.0005527638190954774
2023-05-24 18:39:25,406 INFO T:213.04Â°K V:2.8785e-04V I:5.5276e-04A R:5.2074e-01ğ›€ E:5.0500e-03V/cm J:8.3752e-03A/cm2 ğ›’:6.0296e-01ğ›€ cm
2023-05-24 18:39:25,422 INFO Measurement at current 0.0005778894472361809
2023-05-24 18:39:26,012 INFO T:213.01Â°K V:3.0101e-04V I:5.7789e-04A R:5.2087e-01ğ›€ E:5.2808e-03V/cm J:8.7559e-03A/cm2 ğ›’:6.0312e-01ğ›€ cm
2023-05-24 18:39:26,027 INFO Measurement at current 0.0006030150753768845
2023-05-24 18:39:26,618 INFO T:212.98Â°K V:3.1439e-04V I:6.0302e-04A R:5.2137e-01ğ›€ E:5.5157e-03V/cm J:9.1366e-03A/cm2 ğ›’:6.0369e-01ğ›€ cm
2023-05-24 18:39:26,645 INFO Measurement at current 0.000628140703517588
2023-05-24 18:39:27,238 INFO T:212.96Â°K V:3.2758e-04V I:6.2814e-04A R:5.2151e-01ğ›€ E:5.7470e-03V/cm J:9.5173e-03A/cm2 ğ›’:6.0385e-01ğ›€ cm
2023-05-24 18:39:27,261 INFO Measurement at current 0.0006532663316582914
2023-05-24 18:39:27,866 INFO T:212.93Â°K V:3.4069e-04V I:6.5327e-04A R:5.2152e-01ğ›€ E:5.9770e-03V/cm J:9.8980e-03A/cm2 ğ›’:6.0386e-01ğ›€ cm
2023-05-24 18:39:27,891 INFO Measurement at current 0.000678391959798995
2023-05-24 18:39:28,495 INFO T:212.90Â°K V:3.5407e-04V I:6.7839e-04A R:5.2193e-01ğ›€ E:6.2118e-03V/cm J:1.0279e-02A/cm2 ğ›’:6.0434e-01ğ›€ cm
2023-05-24 18:39:28,513 INFO Measurement at current 0.0007035175879396985
2023-05-24 18:39:29,106 INFO T:212.88Â°K V:3.6723e-04V I:7.0352e-04A R:5.2199e-01ğ›€ E:6.4426e-03V/cm J:1.0659e-02A/cm2 ğ›’:6.0441e-01ğ›€ cm
2023-05-24 18:39:29,124 INFO Measurement at current 0.000728643216080402
2023-05-24 18:39:29,715 INFO T:212.85Â°K V:3.8040e-04V I:7.2864e-04A R:5.2207e-01ğ›€ E:6.6737e-03V/cm J:1.1040e-02A/cm2 ğ›’:6.0450e-01ğ›€ cm
2023-05-24 18:39:29,740 INFO Measurement at current 0.0007537688442211055
2023-05-24 18:39:30,342 INFO T:212.82Â°K V:3.9375e-04V I:7.5377e-04A R:5.2238e-01ğ›€ E:6.9079e-03V/cm J:1.1421e-02A/cm2 ğ›’:6.0486e-01ğ›€ cm
2023-05-24 18:39:30,367 INFO Measurement at current 0.0007788944723618091
2023-05-24 18:39:30,973 INFO T:212.79Â°K V:4.0690e-04V I:7.7889e-04A R:5.2241e-01ğ›€ E:7.1386e-03V/cm J:1.1801e-02A/cm2 ğ›’:6.0489e-01ğ›€ cm
2023-05-24 18:39:30,995 INFO Measurement at current 0.0008040201005025126
2023-05-24 18:39:31,597 INFO T:212.77Â°K V:4.2004e-04V I:8.0402e-04A R:5.2242e-01ğ›€ E:7.3691e-03V/cm J:1.2182e-02A/cm2 ğ›’:6.0491e-01ğ›€ cm
2023-05-24 18:39:31,610 INFO Measurement at current 0.0008291457286432161
2023-05-24 18:39:32,205 INFO T:212.74Â°K V:4.3343e-04V I:8.2915e-04A R:5.2274e-01ğ›€ E:7.6040e-03V/cm J:1.2563e-02A/cm2 ğ›’:6.0528e-01ğ›€ cm
2023-05-24 18:39:32,232 INFO Measurement at current 0.0008542713567839197
2023-05-24 18:39:32,830 INFO T:212.71Â°K V:4.4654e-04V I:8.5427e-04A R:5.2272e-01ğ›€ E:7.8341e-03V/cm J:1.2944e-02A/cm2 ğ›’:6.0525e-01ğ›€ cm
2023-05-24 18:39:32,850 INFO Measurement at current 0.0008793969849246232
2023-05-24 18:39:33,441 INFO T:212.69Â°K V:4.5976e-04V I:8.7940e-04A R:5.2282e-01ğ›€ E:8.0660e-03V/cm J:1.3324e-02A/cm2 ğ›’:6.0537e-01ğ›€ cm
2023-05-24 18:39:33,467 INFO Measurement at current 0.0009045226130653266
2023-05-24 18:39:34,071 INFO T:212.66Â°K V:4.7310e-04V I:9.0452e-04A R:5.2304e-01ğ›€ E:8.3000e-03V/cm J:1.3705e-02A/cm2 ğ›’:6.0562e-01ğ›€ cm
2023-05-24 18:39:34,098 INFO Measurement at current 0.0009296482412060301
2023-05-24 18:39:34,702 INFO T:212.63Â°K V:4.8618e-04V I:9.2965e-04A R:5.2297e-01ğ›€ E:8.5295e-03V/cm J:1.4086e-02A/cm2 ğ›’:6.0555e-01ğ›€ cm
2023-05-24 18:39:34,727 INFO Measurement at current 0.0009547738693467337
2023-05-24 18:39:35,344 INFO T:212.60Â°K V:4.9943e-04V I:9.5477e-04A R:5.2308e-01ğ›€ E:8.7619e-03V/cm J:1.4466e-02A/cm2 ğ›’:6.0568e-01ğ›€ cm
2023-05-24 18:39:35,369 INFO Measurement at current 0.000979899497487437
2023-05-24 18:39:35,973 INFO T:212.58Â°K V:5.1276e-04V I:9.7990e-04A R:5.2328e-01ğ›€ E:8.9959e-03V/cm J:1.4847e-02A/cm2 ğ›’:6.0591e-01ğ›€ cm
2023-05-24 18:39:35,991 INFO Measurement at current 0.0010050251256281408
2023-05-24 18:39:36,584 INFO T:212.55Â°K V:5.2585e-04V I:1.0050e-03A R:5.2322e-01ğ›€ E:9.2255e-03V/cm J:1.5228e-02A/cm2 ğ›’:6.0584e-01ğ›€ cm
2023-05-24 18:39:36,610 INFO Measurement at current 0.0010301507537688443
2023-05-24 18:39:37,216 INFO T:212.52Â°K V:5.3912e-04V I:1.0302e-03A R:5.2334e-01ğ›€ E:9.4583e-03V/cm J:1.5608e-02A/cm2 ğ›’:6.0598e-01ğ›€ cm
2023-05-24 18:39:37,255 INFO Measurement at current 0.0010552763819095478
2023-05-24 18:39:37,854 INFO T:212.49Â°K V:5.5262e-04V I:1.0553e-03A R:5.2368e-01ğ›€ E:9.6952e-03V/cm J:1.5989e-02A/cm2 ğ›’:6.0636e-01ğ›€ cm
2023-05-24 18:39:37,872 INFO Measurement at current 0.0010804020100502513
2023-05-24 18:39:38,467 INFO T:212.47Â°K V:5.6556e-04V I:1.0804e-03A R:5.2348e-01ğ›€ E:9.9222e-03V/cm J:1.6370e-02A/cm2 ğ›’:6.0613e-01ğ›€ cm
2023-05-24 18:39:38,487 INFO Measurement at current 0.0011055276381909548
2023-05-24 18:39:39,090 INFO T:212.44Â°K V:5.7884e-04V I:1.1055e-03A R:5.2359e-01ğ›€ E:1.0155e-02V/cm J:1.6750e-02A/cm2 ğ›’:6.0626e-01ğ›€ cm
2023-05-24 18:39:39,106 INFO Measurement at current 0.0011306532663316582
2023-05-24 18:39:39,705 INFO T:212.41Â°K V:5.9203e-04V I:1.1307e-03A R:5.2362e-01ğ›€ E:1.0387e-02V/cm J:1.7131e-02A/cm2 ğ›’:6.0630e-01ğ›€ cm
2023-05-24 18:39:39,729 INFO Measurement at current 0.0011557788944723617
2023-05-24 18:39:40,341 INFO T:212.39Â°K V:6.0529e-04V I:1.1558e-03A R:5.2371e-01ğ›€ E:1.0619e-02V/cm J:1.7512e-02A/cm2 ğ›’:6.0640e-01ğ›€ cm
2023-05-24 18:39:40,382 INFO Measurement at current 0.0011809045226130654
2023-05-24 18:39:40,981 INFO T:212.36Â°K V:6.1861e-04V I:1.1809e-03A R:5.2384e-01ğ›€ E:1.0853e-02V/cm J:1.7892e-02A/cm2 ğ›’:6.0656e-01ğ›€ cm
2023-05-24 18:39:41,006 INFO Measurement at current 0.001206030150753769
2023-05-24 18:39:41,607 INFO T:212.33Â°K V:6.3179e-04V I:1.2060e-03A R:5.2386e-01ğ›€ E:1.1084e-02V/cm J:1.8273e-02A/cm2 ğ›’:6.0657e-01ğ›€ cm
2023-05-24 18:39:41,623 INFO Measurement at current 0.0012311557788944724
2023-05-24 18:39:42,218 INFO T:212.31Â°K V:6.4465e-04V I:1.2312e-03A R:5.2361e-01ğ›€ E:1.1310e-02V/cm J:1.8654e-02A/cm2 ğ›’:6.0629e-01ğ›€ cm
2023-05-24 18:39:42,236 INFO Measurement at current 0.001256281407035176
2023-05-24 18:39:42,847 INFO T:212.28Â°K V:6.5827e-04V I:1.2563e-03A R:5.2398e-01ğ›€ E:1.1549e-02V/cm J:1.9035e-02A/cm2 ğ›’:6.0672e-01ğ›€ cm
2023-05-24 18:39:42,894 INFO Measurement at current 0.0012814070351758794
2023-05-24 18:39:43,509 INFO T:212.25Â°K V:6.7143e-04V I:1.2814e-03A R:5.2398e-01ğ›€ E:1.1779e-02V/cm J:1.9415e-02A/cm2 ğ›’:6.0671e-01ğ›€ cm
2023-05-24 18:39:43,529 INFO Measurement at current 0.0013065326633165829
2023-05-24 18:39:44,144 INFO T:212.22Â°K V:6.8429e-04V I:1.3065e-03A R:5.2375e-01ğ›€ E:1.2005e-02V/cm J:1.9796e-02A/cm2 ğ›’:6.0644e-01ğ›€ cm
2023-05-24 18:39:44,173 INFO Measurement at current 0.0013316582914572864
2023-05-24 18:39:44,775 INFO T:212.19Â°K V:6.9771e-04V I:1.3317e-03A R:5.2394e-01ğ›€ E:1.2240e-02V/cm J:2.0177e-02A/cm2 ğ›’:6.0667e-01ğ›€ cm
2023-05-24 18:39:44,793 INFO Measurement at current 0.00135678391959799
2023-05-24 18:39:45,402 INFO T:212.17Â°K V:7.1110e-04V I:1.3568e-03A R:5.2411e-01ğ›€ E:1.2475e-02V/cm J:2.0557e-02A/cm2 ğ›’:6.0686e-01ğ›€ cm
2023-05-24 18:39:45,439 INFO Measurement at current 0.0013819095477386936
2023-05-24 18:39:46,040 INFO T:212.14Â°K V:7.2400e-04V I:1.3819e-03A R:5.2391e-01ğ›€ E:1.2702e-02V/cm J:2.0938e-02A/cm2 ğ›’:6.0663e-01ğ›€ cm
2023-05-24 18:39:46,057 INFO Measurement at current 0.001407035175879397
2023-05-24 18:39:46,660 INFO T:212.11Â°K V:7.3742e-04V I:1.4070e-03A R:5.2409e-01ğ›€ E:1.2937e-02V/cm J:2.1319e-02A/cm2 ğ›’:6.0685e-01ğ›€ cm
2023-05-24 18:39:46,678 INFO Measurement at current 0.0014321608040201005
2023-05-24 18:39:47,276 INFO T:212.09Â°K V:7.5050e-04V I:1.4322e-03A R:5.2403e-01ğ›€ E:1.3167e-02V/cm J:2.1699e-02A/cm2 ğ›’:6.0678e-01ğ›€ cm
2023-05-24 18:39:47,295 INFO Measurement at current 0.001457286432160804
2023-05-24 18:39:47,911 INFO T:212.06Â°K V:7.6378e-04V I:1.4573e-03A R:5.2411e-01ğ›€ E:1.3400e-02V/cm J:2.2080e-02A/cm2 ğ›’:6.0687e-01ğ›€ cm
2023-05-24 18:39:47,930 INFO Measurement at current 0.0014824120603015075
2023-05-24 18:39:48,539 INFO T:212.03Â°K V:7.7718e-04V I:1.4824e-03A R:5.2427e-01ğ›€ E:1.3635e-02V/cm J:2.2461e-02A/cm2 ğ›’:6.0705e-01ğ›€ cm
2023-05-24 18:39:48,557 INFO Measurement at current 0.001507537688442211
2023-05-24 18:39:49,167 INFO T:212.01Â°K V:7.9022e-04V I:1.5075e-03A R:5.2418e-01ğ›€ E:1.3863e-02V/cm J:2.2841e-02A/cm2 ğ›’:6.0694e-01ğ›€ cm
2023-05-24 18:39:49,208 INFO Measurement at current 0.0015326633165829147
2023-05-24 18:39:49,801 INFO T:211.98Â°K V:8.0323e-04V I:1.5327e-03A R:5.2408e-01ğ›€ E:1.4092e-02V/cm J:2.3222e-02A/cm2 ğ›’:6.0683e-01ğ›€ cm
2023-05-24 18:39:49,846 INFO Measurement at current 0.0015577889447236182
2023-05-24 18:39:50,447 INFO T:211.95Â°K V:8.1685e-04V I:1.5578e-03A R:5.2436e-01ğ›€ E:1.4331e-02V/cm J:2.3603e-02A/cm2 ğ›’:6.0716e-01ğ›€ cm
2023-05-24 18:39:50,472 INFO Measurement at current 0.0015829145728643217
2023-05-24 18:39:51,074 INFO T:211.92Â°K V:8.2983e-04V I:1.5829e-03A R:5.2424e-01ğ›€ E:1.4558e-02V/cm J:2.3984e-02A/cm2 ğ›’:6.0702e-01ğ›€ cm
2023-05-24 18:39:51,095 INFO Measurement at current 0.0016080402010050252
2023-05-24 18:39:51,698 INFO T:211.90Â°K V:8.4293e-04V I:1.6080e-03A R:5.2420e-01ğ›€ E:1.4788e-02V/cm J:2.4364e-02A/cm2 ğ›’:6.0697e-01ğ›€ cm
2023-05-24 18:39:51,714 INFO Measurement at current 0.0016331658291457286
2023-05-24 18:39:52,309 INFO T:211.87Â°K V:8.5623e-04V I:1.6332e-03A R:5.2428e-01ğ›€ E:1.5022e-02V/cm J:2.4745e-02A/cm2 ğ›’:6.0706e-01ğ›€ cm
2023-05-24 18:39:52,328 INFO Measurement at current 0.0016582914572864321
2023-05-24 18:39:52,923 INFO T:211.84Â°K V:8.6947e-04V I:1.6583e-03A R:5.2432e-01ğ›€ E:1.5254e-02V/cm J:2.5126e-02A/cm2 ğ›’:6.0711e-01ğ›€ cm
2023-05-24 18:39:52,956 INFO Measurement at current 0.0016834170854271356
2023-05-24 18:39:53,565 INFO T:211.82Â°K V:8.8260e-04V I:1.6834e-03A R:5.2429e-01ğ›€ E:1.5484e-02V/cm J:2.5506e-02A/cm2 ğ›’:6.0707e-01ğ›€ cm
2023-05-24 18:39:53,585 INFO Measurement at current 0.0017085427135678393
2023-05-24 18:39:54,204 INFO T:211.79Â°K V:8.9590e-04V I:1.7085e-03A R:5.2436e-01ğ›€ E:1.5717e-02V/cm J:2.5887e-02A/cm2 ğ›’:6.0716e-01ğ›€ cm
2023-05-24 18:39:54,224 INFO Measurement at current 0.0017336683417085428
2023-05-24 18:39:54,824 INFO T:211.76Â°K V:9.0879e-04V I:1.7337e-03A R:5.2420e-01ğ›€ E:1.5944e-02V/cm J:2.6268e-02A/cm2 ğ›’:6.0697e-01ğ›€ cm
2023-05-24 18:39:54,852 INFO Measurement at current 0.0017587939698492463
2023-05-24 18:39:55,458 INFO T:211.74Â°K V:9.2237e-04V I:1.7588e-03A R:5.2443e-01ğ›€ E:1.6182e-02V/cm J:2.6648e-02A/cm2 ğ›’:6.0724e-01ğ›€ cm
2023-05-24 18:39:55,476 INFO Measurement at current 0.0017839195979899498
2023-05-24 18:39:56,071 INFO T:211.71Â°K V:9.3563e-04V I:1.7839e-03A R:5.2448e-01ğ›€ E:1.6414e-02V/cm J:2.7029e-02A/cm2 ğ›’:6.0729e-01ğ›€ cm
2023-05-24 18:39:56,105 INFO Measurement at current 0.0018090452261306533
2023-05-24 18:39:56,695 INFO T:211.68Â°K V:9.4846e-04V I:1.8090e-03A R:5.2429e-01ğ›€ E:1.6640e-02V/cm J:2.7410e-02A/cm2 ğ›’:6.0707e-01ğ›€ cm
2023-05-24 18:39:56,718 INFO Measurement at current 0.0018341708542713568
2023-05-24 18:39:57,313 INFO T:211.66Â°K V:9.6176e-04V I:1.8342e-03A R:5.2436e-01ğ›€ E:1.6873e-02V/cm J:2.7790e-02A/cm2 ğ›’:6.0715e-01ğ›€ cm
2023-05-24 18:39:57,330 INFO Measurement at current 0.0018592964824120603
2023-05-24 18:39:57,925 INFO T:211.63Â°K V:9.7527e-04V I:1.8593e-03A R:5.2454e-01ğ›€ E:1.7110e-02V/cm J:2.8171e-02A/cm2 ğ›’:6.0736e-01ğ›€ cm
2023-05-24 18:39:57,941 INFO Measurement at current 0.001884422110552764
2023-05-24 18:39:58,530 INFO T:211.60Â°K V:9.8809e-04V I:1.8844e-03A R:5.2435e-01ğ›€ E:1.7335e-02V/cm J:2.8552e-02A/cm2 ğ›’:6.0714e-01ğ›€ cm
2023-05-24 18:39:58,547 INFO Measurement at current 0.0019095477386934674
2023-05-24 18:39:59,139 INFO T:211.58Â°K V:1.0014e-03V I:1.9095e-03A R:5.2444e-01ğ›€ E:1.7569e-02V/cm J:2.8933e-02A/cm2 ğ›’:6.0724e-01ğ›€ cm
2023-05-24 18:39:59,155 INFO Measurement at current 0.001934673366834171
2023-05-24 18:39:59,742 INFO T:211.55Â°K V:1.0147e-03V I:1.9347e-03A R:5.2447e-01ğ›€ E:1.7801e-02V/cm J:2.9313e-02A/cm2 ğ›’:6.0728e-01ğ›€ cm
2023-05-24 18:39:59,760 INFO Measurement at current 0.001959798994974874
2023-05-24 18:40:00,359 INFO T:211.52Â°K V:1.0277e-03V I:1.9598e-03A R:5.2441e-01ğ›€ E:1.8030e-02V/cm J:2.9694e-02A/cm2 ğ›’:6.0721e-01ğ›€ cm
2023-05-24 18:40:00,375 INFO Measurement at current 0.001984924623115578
2023-05-24 18:40:00,965 INFO T:211.50Â°K V:1.0411e-03V I:1.9849e-03A R:5.2449e-01ğ›€ E:1.8264e-02V/cm J:3.0075e-02A/cm2 ğ›’:6.0730e-01ğ›€ cm
2023-05-24 18:40:00,978 INFO Measurement at current 0.0020100502512562816
2023-05-24 18:40:01,568 INFO T:211.47Â°K V:1.0543e-03V I:2.0101e-03A R:5.2451e-01ğ›€ E:1.8496e-02V/cm J:3.0455e-02A/cm2 ğ›’:6.0733e-01ğ›€ cm
2023-05-24 18:40:01,587 INFO Measurement at current 0.002035175879396985
2023-05-24 18:40:02,177 INFO T:211.45Â°K V:1.0671e-03V I:2.0352e-03A R:5.2431e-01ğ›€ E:1.8720e-02V/cm J:3.0836e-02A/cm2 ğ›’:6.0709e-01ğ›€ cm
2023-05-24 18:40:02,202 INFO Measurement at current 0.0020603015075376886
2023-05-24 18:40:02,805 INFO T:211.42Â°K V:1.0808e-03V I:2.0603e-03A R:5.2457e-01ğ›€ E:1.8961e-02V/cm J:3.1217e-02A/cm2 ğ›’:6.0739e-01ğ›€ cm
2023-05-24 18:40:02,820 INFO Measurement at current 0.002085427135678392
2023-05-24 18:40:03,418 INFO T:211.39Â°K V:1.0940e-03V I:2.0854e-03A R:5.2458e-01ğ›€ E:1.9193e-02V/cm J:3.1597e-02A/cm2 ğ›’:6.0741e-01ğ›€ cm
2023-05-24 18:40:03,438 INFO Measurement at current 0.0021105527638190956
2023-05-24 18:40:04,031 INFO T:211.37Â°K V:1.1067e-03V I:2.1106e-03A R:5.2437e-01ğ›€ E:1.9416e-02V/cm J:3.1978e-02A/cm2 ğ›’:6.0716e-01ğ›€ cm
2023-05-24 18:40:04,046 INFO Measurement at current 0.002135678391959799
2023-05-24 18:40:04,633 INFO T:211.34Â°K V:1.1201e-03V I:2.1357e-03A R:5.2447e-01ğ›€ E:1.9651e-02V/cm J:3.2359e-02A/cm2 ğ›’:6.0728e-01ğ›€ cm
2023-05-24 18:40:04,650 INFO Measurement at current 0.0021608040201005025
2023-05-24 18:40:05,243 INFO T:211.32Â°K V:1.1336e-03V I:2.1608e-03A R:5.2460e-01ğ›€ E:1.9887e-02V/cm J:3.2739e-02A/cm2 ğ›’:6.0743e-01ğ›€ cm
2023-05-24 18:40:05,261 INFO Measurement at current 0.002185929648241206
2023-05-24 18:40:05,872 INFO T:211.29Â°K V:1.1463e-03V I:2.1859e-03A R:5.2439e-01ğ›€ E:2.0110e-02V/cm J:3.3120e-02A/cm2 ğ›’:6.0719e-01ğ›€ cm
2023-05-24 18:40:05,894 INFO Measurement at current 0.0022110552763819095
2023-05-24 18:40:06,503 INFO T:211.26Â°K V:1.1597e-03V I:2.2111e-03A R:5.2449e-01ğ›€ E:2.0345e-02V/cm J:3.3501e-02A/cm2 ğ›’:6.0730e-01ğ›€ cm
2023-05-24 18:40:06,526 INFO Measurement at current 0.002236180904522613
2023-05-24 18:40:07,128 INFO T:211.23Â°K V:1.1729e-03V I:2.2362e-03A R:5.2450e-01ğ›€ E:2.0577e-02V/cm J:3.3882e-02A/cm2 ğ›’:6.0731e-01ğ›€ cm
2023-05-24 18:40:07,147 INFO Measurement at current 0.0022613065326633165
2023-05-24 18:40:07,752 INFO T:211.21Â°K V:1.1858e-03V I:2.2613e-03A R:5.2439e-01ğ›€ E:2.0804e-02V/cm J:3.4262e-02A/cm2 ğ›’:6.0719e-01ğ›€ cm
2023-05-24 18:40:07,767 INFO Measurement at current 0.00228643216080402
2023-05-24 18:40:08,359 INFO T:211.18Â°K V:1.1993e-03V I:2.2864e-03A R:5.2452e-01ğ›€ E:2.1040e-02V/cm J:3.4643e-02A/cm2 ğ›’:6.0734e-01ğ›€ cm
2023-05-24 18:40:08,399 INFO Measurement at current 0.0023115577889447235
2023-05-24 18:40:09,048 INFO T:211.15Â°K V:1.2124e-03V I:2.3116e-03A R:5.2450e-01ğ›€ E:2.1271e-02V/cm J:3.5024e-02A/cm2 ğ›’:6.0732e-01ğ›€ cm
2023-05-24 18:40:09,066 INFO Measurement at current 0.0023366834170854274
2023-05-24 18:40:09,683 INFO T:211.13Â°K V:1.2251e-03V I:2.3367e-03A R:5.2428e-01ğ›€ E:2.1492e-02V/cm J:3.5404e-02A/cm2 ğ›’:6.0706e-01ğ›€ cm
2023-05-24 18:40:09,709 INFO Measurement at current 0.002361809045226131
2023-05-24 18:40:10,324 INFO T:211.10Â°K V:1.2388e-03V I:2.3618e-03A R:5.2453e-01ğ›€ E:2.1734e-02V/cm J:3.5785e-02A/cm2 ğ›’:6.0735e-01ğ›€ cm
2023-05-24 18:40:10,348 INFO Measurement at current 0.0023869346733668344
2023-05-24 18:40:10,950 INFO T:211.07Â°K V:1.2520e-03V I:2.3869e-03A R:5.2452e-01ğ›€ E:2.1965e-02V/cm J:3.6166e-02A/cm2 ğ›’:6.0734e-01ğ›€ cm
2023-05-24 18:40:10,973 INFO Measurement at current 0.002412060301507538
2023-05-24 18:40:11,595 INFO T:211.04Â°K V:1.2647e-03V I:2.4121e-03A R:5.2433e-01ğ›€ E:2.2188e-02V/cm J:3.6546e-02A/cm2 ğ›’:6.0712e-01ğ›€ cm
2023-05-24 18:40:11,621 INFO Measurement at current 0.0024371859296482413
2023-05-24 18:40:12,225 INFO T:211.02Â°K V:1.2782e-03V I:2.4372e-03A R:5.2447e-01ğ›€ E:2.2425e-02V/cm J:3.6927e-02A/cm2 ğ›’:6.0728e-01ğ›€ cm
2023-05-24 18:40:12,245 INFO Measurement at current 0.002462311557788945
2023-05-24 18:40:12,852 INFO T:210.99Â°K V:1.2915e-03V I:2.4623e-03A R:5.2451e-01ğ›€ E:2.2658e-02V/cm J:3.7308e-02A/cm2 ğ›’:6.0733e-01ğ›€ cm
2023-05-24 18:40:12,874 INFO Measurement at current 0.0024874371859296483
2023-05-24 18:40:13,470 INFO T:210.97Â°K V:1.3043e-03V I:2.4874e-03A R:5.2437e-01ğ›€ E:2.2883e-02V/cm J:3.7688e-02A/cm2 ğ›’:6.0717e-01ğ›€ cm
2023-05-24 18:40:13,486 INFO Measurement at current 0.002512562814070352
2023-05-24 18:40:14,073 INFO T:210.94Â°K V:1.3178e-03V I:2.5126e-03A R:5.2447e-01ğ›€ E:2.3119e-02V/cm J:3.8069e-02A/cm2 ğ›’:6.0728e-01ğ›€ cm
2023-05-24 18:40:14,096 INFO Measurement at current 0.0025376884422110553
2023-05-24 18:40:14,688 INFO T:210.91Â°K V:1.3308e-03V I:2.5377e-03A R:5.2441e-01ğ›€ E:2.3347e-02V/cm J:3.8450e-02A/cm2 ğ›’:6.0721e-01ğ›€ cm
2023-05-24 18:40:14,705 INFO Measurement at current 0.0025628140703517588
2023-05-24 18:40:15,317 INFO T:210.89Â°K V:1.3439e-03V I:2.5628e-03A R:5.2438e-01ğ›€ E:2.3577e-02V/cm J:3.8831e-02A/cm2 ğ›’:6.0717e-01ğ›€ cm
2023-05-24 18:40:15,354 INFO Measurement at current 0.0025879396984924623
2023-05-24 18:40:15,949 INFO T:210.86Â°K V:1.3573e-03V I:2.5879e-03A R:5.2448e-01ğ›€ E:2.3813e-02V/cm J:3.9211e-02A/cm2 ğ›’:6.0729e-01ğ›€ cm
2023-05-24 18:40:15,970 INFO Measurement at current 0.0026130653266331657
2023-05-24 18:40:16,561 INFO T:210.83Â°K V:1.3703e-03V I:2.6131e-03A R:5.2439e-01ğ›€ E:2.4040e-02V/cm J:3.9592e-02A/cm2 ğ›’:6.0719e-01ğ›€ cm
2023-05-24 18:40:16,596 INFO Measurement at current 0.0026381909547738692
2023-05-24 18:40:17,192 INFO T:210.81Â°K V:1.3832e-03V I:2.6382e-03A R:5.2431e-01ğ›€ E:2.4267e-02V/cm J:3.9973e-02A/cm2 ğ›’:6.0709e-01ğ›€ cm
2023-05-24 18:40:17,206 INFO Measurement at current 0.0026633165829145727
2023-05-24 18:40:17,810 INFO T:210.78Â°K V:1.3969e-03V I:2.6633e-03A R:5.2448e-01ğ›€ E:2.4506e-02V/cm J:4.0353e-02A/cm2 ğ›’:6.0729e-01ğ›€ cm
2023-05-24 18:40:17,850 INFO Measurement at current 0.0026884422110552766
2023-05-24 18:40:18,455 INFO T:210.75Â°K V:1.4098e-03V I:2.6884e-03A R:5.2439e-01ğ›€ E:2.4733e-02V/cm J:4.0734e-02A/cm2 ğ›’:6.0719e-01ğ›€ cm
2023-05-24 18:40:18,477 INFO Measurement at current 0.00271356783919598
2023-05-24 18:40:19,072 INFO T:210.73Â°K V:1.4229e-03V I:2.7136e-03A R:5.2437e-01ğ›€ E:2.4963e-02V/cm J:4.1115e-02A/cm2 ğ›’:6.0717e-01ğ›€ cm
2023-05-24 18:40:19,112 INFO Measurement at current 0.0027386934673366836
2023-05-24 18:40:19,718 INFO T:210.70Â°K V:1.4363e-03V I:2.7387e-03A R:5.2444e-01ğ›€ E:2.5198e-02V/cm J:4.1495e-02A/cm2 ğ›’:6.0725e-01ğ›€ cm
2023-05-24 18:40:19,761 INFO Measurement at current 0.002763819095477387
2023-05-24 18:40:20,372 INFO T:210.67Â°K V:1.4493e-03V I:2.7638e-03A R:5.2437e-01ğ›€ E:2.5426e-02V/cm J:4.1876e-02A/cm2 ğ›’:6.0717e-01ğ›€ cm
2023-05-24 18:40:20,395 INFO Measurement at current 0.0027889447236180906
2023-05-24 18:40:20,989 INFO T:210.65Â°K V:1.4626e-03V I:2.7889e-03A R:5.2443e-01ğ›€ E:2.5660e-02V/cm J:4.2257e-02A/cm2 ğ›’:6.0724e-01ğ›€ cm
2023-05-24 18:40:21,045 INFO Measurement at current 0.002814070351758794
2023-05-24 18:40:21,666 INFO T:210.62Â°K V:1.4759e-03V I:2.8141e-03A R:5.2446e-01ğ›€ E:2.5892e-02V/cm J:4.2637e-02A/cm2 ğ›’:6.0727e-01ğ›€ cm
2023-05-24 18:40:21,775 INFO Measurement at current 0.0028391959798994976
2023-05-24 18:40:22,403 INFO T:210.59Â°K V:1.4884e-03V I:2.8392e-03A R:5.2423e-01ğ›€ E:2.6112e-02V/cm J:4.3018e-02A/cm2 ğ›’:6.0701e-01ğ›€ cm
2023-05-24 18:40:22,453 INFO Measurement at current 0.002864321608040201
2023-05-24 18:40:23,046 INFO T:210.56Â°K V:1.5023e-03V I:2.8643e-03A R:5.2447e-01ğ›€ E:2.6355e-02V/cm J:4.3399e-02A/cm2 ğ›’:6.0728e-01ğ›€ cm
2023-05-24 18:40:23,080 INFO Measurement at current 0.0028894472361809045
2023-05-24 18:40:23,682 INFO T:210.53Â°K V:1.5154e-03V I:2.8894e-03A R:5.2446e-01ğ›€ E:2.6586e-02V/cm J:4.3780e-02A/cm2 ğ›’:6.0727e-01ğ›€ cm
2023-05-24 18:40:23,712 INFO Measurement at current 0.002914572864321608
2023-05-24 18:40:24,305 INFO T:210.51Â°K V:1.5280e-03V I:2.9146e-03A R:5.2426e-01ğ›€ E:2.6807e-02V/cm J:4.4160e-02A/cm2 ğ›’:6.0704e-01ğ›€ cm
2023-05-24 18:40:24,324 INFO Measurement at current 0.0029396984924623115
2023-05-24 18:40:24,919 INFO T:210.48Â°K V:1.5416e-03V I:2.9397e-03A R:5.2440e-01ğ›€ E:2.7045e-02V/cm J:4.4541e-02A/cm2 ğ›’:6.0720e-01ğ›€ cm
2023-05-24 18:40:24,937 INFO Measurement at current 0.002964824120603015
2023-05-24 18:40:25,529 INFO T:210.45Â°K V:1.5549e-03V I:2.9648e-03A R:5.2445e-01ğ›€ E:2.7279e-02V/cm J:4.4922e-02A/cm2 ğ›’:6.0726e-01ğ›€ cm
2023-05-24 18:40:25,553 INFO Measurement at current 0.0029899497487437185
2023-05-24 18:40:26,165 INFO T:210.43Â°K V:1.5676e-03V I:2.9899e-03A R:5.2430e-01ğ›€ E:2.7502e-02V/cm J:4.5302e-02A/cm2 ğ›’:6.0708e-01ğ›€ cm
2023-05-24 18:40:26,217 INFO Measurement at current 0.003015075376884422
2023-05-24 18:40:27,263 WARNING Reading gpib error, check the instruments: read() failed: A read or write of data bytes has been aborted, possibly due to a timeout or reception of a device clear command.
2023-05-24 18:40:27,298 INFO Measurement at current 0.003040201005025126
2023-05-24 18:40:27,886 INFO T:210.36Â°K V:1.5937e-03V I:3.0402e-03A R:5.2422e-01ğ›€ E:2.7960e-02V/cm J:4.6064e-02A/cm2 ğ›’:6.0699e-01ğ›€ cm
2023-05-24 18:40:27,901 INFO Measurement at current 0.0030653266331658294
2023-05-24 18:40:28,494 INFO T:210.33Â°K V:1.6076e-03V I:3.0653e-03A R:5.2444e-01ğ›€ E:2.8203e-02V/cm J:4.6444e-02A/cm2 ğ›’:6.0725e-01ğ›€ cm
2023-05-24 18:40:28,523 INFO Measurement at current 0.003090452261306533
2023-05-24 18:40:29,132 INFO T:210.30Â°K V:1.6207e-03V I:3.0905e-03A R:5.2443e-01ğ›€ E:2.8434e-02V/cm J:4.6825e-02A/cm2 ğ›’:6.0723e-01ğ›€ cm
2023-05-24 18:40:29,150 INFO Measurement at current 0.0031155778894472364
2023-05-24 18:40:29,742 INFO T:210.28Â°K V:1.6332e-03V I:3.1156e-03A R:5.2422e-01ğ›€ E:2.8653e-02V/cm J:4.7206e-02A/cm2 ğ›’:6.0699e-01ğ›€ cm
2023-05-24 18:40:29,761 INFO Measurement at current 0.00314070351758794
2023-05-24 18:40:30,357 INFO T:210.25Â°K V:1.6469e-03V I:3.1407e-03A R:5.2436e-01ğ›€ E:2.8892e-02V/cm J:4.7586e-02A/cm2 ğ›’:6.0715e-01ğ›€ cm
2023-05-24 18:40:30,374 INFO Measurement at current 0.0031658291457286433
2023-05-24 18:40:31,000 INFO T:210.22Â°K V:1.6602e-03V I:3.1658e-03A R:5.2442e-01ğ›€ E:2.9127e-02V/cm J:4.7967e-02A/cm2 ğ›’:6.0723e-01ğ›€ cm
2023-05-24 18:40:31,032 INFO Measurement at current 0.003190954773869347
2023-05-24 18:40:31,664 INFO T:210.20Â°K V:1.6728e-03V I:3.1910e-03A R:5.2423e-01ğ›€ E:2.9347e-02V/cm J:4.8348e-02A/cm2 ğ›’:6.0701e-01ğ›€ cm
2023-05-24 18:40:31,679 INFO Measurement at current 0.0032160804020100503
2023-05-24 18:40:32,309 INFO T:210.17Â°K V:1.6864e-03V I:3.2161e-03A R:5.2436e-01ğ›€ E:2.9586e-02V/cm J:4.8728e-02A/cm2 ğ›’:6.0716e-01ğ›€ cm
2023-05-24 18:40:32,348 INFO Measurement at current 0.003241206030150754
2023-05-24 18:40:32,945 INFO T:210.14Â°K V:1.6994e-03V I:3.2412e-03A R:5.2430e-01ğ›€ E:2.9813e-02V/cm J:4.9109e-02A/cm2 ğ›’:6.0708e-01ğ›€ cm
2023-05-24 18:40:32,983 INFO Measurement at current 0.0032663316582914573
2023-05-24 18:40:33,579 INFO T:210.12Â°K V:1.7125e-03V I:3.2663e-03A R:5.2428e-01ğ›€ E:3.0043e-02V/cm J:4.9490e-02A/cm2 ğ›’:6.0706e-01ğ›€ cm
2023-05-24 18:40:33,595 INFO Measurement at current 0.0032914572864321608
2023-05-24 18:40:34,226 INFO T:210.09Â°K V:1.7260e-03V I:3.2915e-03A R:5.2439e-01ğ›€ E:3.0281e-02V/cm J:4.9871e-02A/cm2 ğ›’:6.0718e-01ğ›€ cm
2023-05-24 18:40:34,249 INFO Measurement at current 0.0033165829145728643
2023-05-24 18:40:34,861 INFO T:210.06Â°K V:1.7388e-03V I:3.3166e-03A R:5.2428e-01ğ›€ E:3.0506e-02V/cm J:5.0251e-02A/cm2 ğ›’:6.0706e-01ğ›€ cm
2023-05-24 18:40:34,877 INFO Measurement at current 0.0033417085427135678
2023-05-24 18:40:35,475 INFO T:210.04Â°K V:1.7519e-03V I:3.3417e-03A R:5.2425e-01ğ›€ E:3.0735e-02V/cm J:5.0632e-02A/cm2 ğ›’:6.0703e-01ğ›€ cm
2023-05-24 18:40:35,504 INFO Measurement at current 0.0033668341708542712
2023-05-24 18:40:36,121 INFO T:210.01Â°K V:1.7655e-03V I:3.3668e-03A R:5.2439e-01ğ›€ E:3.0974e-02V/cm J:5.1013e-02A/cm2 ğ›’:6.0718e-01ğ›€ cm
2023-05-24 18:40:36,141 INFO Measurement at current 0.0033919597989949747
2023-05-24 18:40:36,746 INFO T:209.98Â°K V:1.7782e-03V I:3.3920e-03A R:5.2424e-01ğ›€ E:3.1197e-02V/cm J:5.1393e-02A/cm2 ğ›’:6.0702e-01ğ›€ cm
2023-05-24 18:40:36,777 INFO Measurement at current 0.0034170854271356787
2023-05-24 18:40:37,383 INFO T:209.96Â°K V:1.7915e-03V I:3.4171e-03A R:5.2427e-01ğ›€ E:3.1429e-02V/cm J:5.1774e-02A/cm2 ğ›’:6.0705e-01ğ›€ cm
2023-05-24 18:40:37,415 INFO Measurement at current 0.003442211055276382
2023-05-24 18:40:38,012 INFO T:209.93Â°K V:1.8047e-03V I:3.4422e-03A R:5.2430e-01ğ›€ E:3.1662e-02V/cm J:5.2155e-02A/cm2 ğ›’:6.0708e-01ğ›€ cm
2023-05-24 18:40:38,036 INFO Measurement at current 0.0034673366834170856
2023-05-24 18:40:38,655 INFO T:209.90Â°K V:1.8176e-03V I:3.4673e-03A R:5.2420e-01ğ›€ E:3.1887e-02V/cm J:5.2535e-02A/cm2 ğ›’:6.0697e-01ğ›€ cm
2023-05-24 18:40:38,692 INFO Measurement at current 0.003492462311557789
2023-05-24 18:40:39,293 INFO T:209.88Â°K V:1.8310e-03V I:3.4925e-03A R:5.2428e-01ğ›€ E:3.2123e-02V/cm J:5.2916e-02A/cm2 ğ›’:6.0706e-01ğ›€ cm
2023-05-24 18:40:39,329 INFO Measurement at current 0.0035175879396984926
2023-05-24 18:40:39,921 INFO T:209.85Â°K V:1.8442e-03V I:3.5176e-03A R:5.2428e-01ğ›€ E:3.2355e-02V/cm J:5.3297e-02A/cm2 ğ›’:6.0706e-01ğ›€ cm
2023-05-24 18:40:39,940 INFO Measurement at current 0.003542713567839196
2023-05-24 18:40:40,547 INFO T:209.82Â°K V:1.8567e-03V I:3.5427e-03A R:5.2408e-01ğ›€ E:3.2573e-02V/cm J:5.3677e-02A/cm2 ğ›’:6.0683e-01ğ›€ cm
2023-05-24 18:40:40,565 INFO Measurement at current 0.0035678391959798996
2023-05-24 18:40:41,156 INFO T:209.80Â°K V:1.8705e-03V I:3.5678e-03A R:5.2427e-01ğ›€ E:3.2816e-02V/cm J:5.4058e-02A/cm2 ğ›’:6.0705e-01ğ›€ cm
2023-05-24 18:40:41,171 INFO Measurement at current 0.003592964824120603
2023-05-24 18:40:41,757 INFO T:209.77Â°K V:1.8838e-03V I:3.5930e-03A R:5.2429e-01ğ›€ E:3.3049e-02V/cm J:5.4439e-02A/cm2 ğ›’:6.0708e-01ğ›€ cm
2023-05-24 18:40:41,772 INFO Measurement at current 0.0036180904522613066
2023-05-24 18:40:42,361 INFO T:209.75Â°K V:1.8962e-03V I:3.6181e-03A R:5.2410e-01ğ›€ E:3.3267e-02V/cm J:5.4820e-02A/cm2 ğ›’:6.0685e-01ğ›€ cm
2023-05-24 18:40:42,375 INFO Measurement at current 0.00364321608040201
2023-05-24 18:40:42,966 INFO T:209.72Â°K V:1.9098e-03V I:3.6432e-03A R:5.2420e-01ğ›€ E:3.3505e-02V/cm J:5.5200e-02A/cm2 ğ›’:6.0697e-01ğ›€ cm
2023-05-24 18:40:42,980 INFO Measurement at current 0.0036683417085427135
2023-05-24 18:40:43,570 INFO T:209.70Â°K V:1.9232e-03V I:3.6683e-03A R:5.2428e-01ğ›€ E:3.3741e-02V/cm J:5.5581e-02A/cm2 ğ›’:6.0706e-01ğ›€ cm
2023-05-24 18:40:43,592 INFO Measurement at current 0.003693467336683417
2023-05-24 18:40:44,207 INFO T:209.67Â°K V:1.9357e-03V I:3.6935e-03A R:5.2408e-01ğ›€ E:3.3959e-02V/cm J:5.5962e-02A/cm2 ğ›’:6.0683e-01ğ›€ cm
2023-05-24 18:40:44,236 INFO Measurement at current 0.0037185929648241205
2023-05-24 18:40:44,834 INFO T:209.64Â°K V:1.9492e-03V I:3.7186e-03A R:5.2419e-01ğ›€ E:3.4197e-02V/cm J:5.6342e-02A/cm2 ğ›’:6.0695e-01ğ›€ cm
2023-05-24 18:40:44,850 INFO Measurement at current 0.003743718592964824
2023-05-24 18:40:45,444 INFO T:209.62Â°K V:1.9624e-03V I:3.7437e-03A R:5.2419e-01ğ›€ E:3.4428e-02V/cm J:5.6723e-02A/cm2 ğ›’:6.0695e-01ğ›€ cm
2023-05-24 18:40:45,474 INFO Measurement at current 0.003768844221105528
2023-05-24 18:40:46,074 INFO T:209.59Â°K V:1.9750e-03V I:3.7688e-03A R:5.2404e-01ğ›€ E:3.4650e-02V/cm J:5.7104e-02A/cm2 ğ›’:6.0679e-01ğ›€ cm
2023-05-24 18:40:46,122 INFO Measurement at current 0.0037939698492462314
2023-05-24 18:40:46,740 INFO T:209.57Â°K V:1.9887e-03V I:3.7940e-03A R:5.2417e-01ğ›€ E:3.4889e-02V/cm J:5.7484e-02A/cm2 ğ›’:6.0694e-01ğ›€ cm
2023-05-24 18:40:46,804 INFO Measurement at current 0.003819095477386935
2023-05-24 18:40:47,419 INFO T:209.54Â°K V:2.0018e-03V I:3.8191e-03A R:5.2416e-01ğ›€ E:3.5120e-02V/cm J:5.7865e-02A/cm2 ğ›’:6.0693e-01ğ›€ cm
2023-05-24 18:40:47,443 INFO Measurement at current 0.0038442211055276384
2023-05-24 18:40:48,045 INFO T:209.51Â°K V:2.0143e-03V I:3.8442e-03A R:5.2397e-01ğ›€ E:3.5338e-02V/cm J:5.8246e-02A/cm2 ğ›’:6.0671e-01ğ›€ cm
2023-05-24 18:40:48,064 INFO Measurement at current 0.003869346733668342
2023-05-24 18:40:48,666 INFO T:209.49Â°K V:2.0281e-03V I:3.8693e-03A R:5.2416e-01ğ›€ E:3.5581e-02V/cm J:5.8626e-02A/cm2 ğ›’:6.0692e-01ğ›€ cm
2023-05-24 18:40:48,681 INFO Measurement at current 0.0038944723618090453
2023-05-24 18:40:49,275 INFO T:209.46Â°K V:2.0413e-03V I:3.8945e-03A R:5.2415e-01ğ›€ E:3.5812e-02V/cm J:5.9007e-02A/cm2 ğ›’:6.0691e-01ğ›€ cm
2023-05-24 18:40:49,297 INFO Measurement at current 0.003919597989949748
2023-05-24 18:40:49,896 INFO T:209.43Â°K V:2.0538e-03V I:3.9196e-03A R:5.2398e-01ğ›€ E:3.6032e-02V/cm J:5.9388e-02A/cm2 ğ›’:6.0672e-01ğ›€ cm
2023-05-24 18:40:49,918 INFO Measurement at current 0.003944723618090453
2023-05-24 18:40:50,510 INFO T:209.41Â°K V:2.0674e-03V I:3.9447e-03A R:5.2410e-01ğ›€ E:3.6271e-02V/cm J:5.9769e-02A/cm2 ğ›’:6.0685e-01ğ›€ cm
2023-05-24 18:40:50,537 INFO Measurement at current 0.003969849246231156
2023-05-24 18:40:51,146 INFO T:209.38Â°K V:2.0807e-03V I:3.9698e-03A R:5.2413e-01ğ›€ E:3.6504e-02V/cm J:6.0149e-02A/cm2 ğ›’:6.0689e-01ğ›€ cm
2023-05-24 18:40:51,166 INFO Measurement at current 0.00399497487437186
2023-05-24 18:40:51,765 INFO T:209.36Â°K V:2.0933e-03V I:3.9950e-03A R:5.2399e-01ğ›€ E:3.6725e-02V/cm J:6.0530e-02A/cm2 ğ›’:6.0673e-01ğ›€ cm
2023-05-24 18:40:51,783 INFO Measurement at current 0.004020100502512563
2023-05-24 18:40:52,393 INFO T:209.33Â°K V:2.1069e-03V I:4.0201e-03A R:5.2409e-01ğ›€ E:3.6963e-02V/cm J:6.0911e-02A/cm2 ğ›’:6.0684e-01ğ›€ cm
2023-05-24 18:40:52,423 INFO Measurement at current 0.004045226130653267
2023-05-24 18:40:53,021 INFO T:209.30Â°K V:2.1198e-03V I:4.0452e-03A R:5.2404e-01ğ›€ E:3.7190e-02V/cm J:6.1291e-02A/cm2 ğ›’:6.0678e-01ğ›€ cm
2023-05-24 18:40:53,039 INFO Measurement at current 0.00407035175879397
2023-05-24 18:40:53,634 INFO T:209.28Â°K V:2.1329e-03V I:4.0704e-03A R:5.2400e-01ğ›€ E:3.7419e-02V/cm J:6.1672e-02A/cm2 ğ›’:6.0674e-01ğ›€ cm
2023-05-24 18:40:53,661 INFO Measurement at current 0.004095477386934674
2023-05-24 18:40:54,261 INFO T:209.25Â°K V:2.1464e-03V I:4.0955e-03A R:5.2409e-01ğ›€ E:3.7656e-02V/cm J:6.2053e-02A/cm2 ğ›’:6.0684e-01ğ›€ cm
2023-05-24 18:40:54,282 INFO Measurement at current 0.004120603015075377
2023-05-24 18:40:54,883 INFO T:209.23Â°K V:2.1593e-03V I:4.1206e-03A R:5.2403e-01ğ›€ E:3.7883e-02V/cm J:6.2433e-02A/cm2 ğ›’:6.0677e-01ğ›€ cm
2023-05-24 18:40:54,903 INFO Measurement at current 0.004145728643216081
2023-05-24 18:40:55,497 INFO T:209.20Â°K V:2.1722e-03V I:4.1457e-03A R:5.2396e-01ğ›€ E:3.8109e-02V/cm J:6.2814e-02A/cm2 ğ›’:6.0669e-01ğ›€ cm
2023-05-24 18:40:55,523 INFO Measurement at current 0.004170854271356784
2023-05-24 18:40:56,152 INFO T:209.18Â°K V:2.1859e-03V I:4.1709e-03A R:5.2409e-01ğ›€ E:3.8349e-02V/cm J:6.3195e-02A/cm2 ğ›’:6.0684e-01ğ›€ cm
2023-05-24 18:40:56,171 INFO Measurement at current 0.004195979899497488
2023-05-24 18:40:56,831 INFO T:209.15Â°K V:2.1987e-03V I:4.1960e-03A R:5.2400e-01ğ›€ E:3.8573e-02V/cm J:6.3575e-02A/cm2 ğ›’:6.0674e-01ğ›€ cm
2023-05-24 18:40:56,866 INFO Measurement at current 0.004221105527638191
2023-05-24 18:40:57,472 INFO T:209.12Â°K V:2.2120e-03V I:4.2211e-03A R:5.2403e-01ğ›€ E:3.8807e-02V/cm J:6.3956e-02A/cm2 ğ›’:6.0677e-01ğ›€ cm
2023-05-24 18:40:57,556 INFO Measurement at current 0.004246231155778895
2023-05-24 18:40:58,161 INFO T:209.09Â°K V:2.2253e-03V I:4.2462e-03A R:5.2405e-01ğ›€ E:3.9040e-02V/cm J:6.4337e-02A/cm2 ğ›’:6.0680e-01ğ›€ cm
2023-05-24 18:40:58,202 INFO Measurement at current 0.004271356783919598
2023-05-24 18:40:58,817 INFO T:209.07Â°K V:2.2378e-03V I:4.2714e-03A R:5.2392e-01ğ›€ E:3.9260e-02V/cm J:6.4718e-02A/cm2 ğ›’:6.0664e-01ğ›€ cm
2023-05-24 18:40:58,833 INFO Measurement at current 0.004296482412060302
2023-05-24 18:40:59,444 INFO T:209.04Â°K V:2.2515e-03V I:4.2965e-03A R:5.2404e-01ğ›€ E:3.9501e-02V/cm J:6.5098e-02A/cm2 ğ›’:6.0679e-01ğ›€ cm
2023-05-24 18:40:59,485 INFO Measurement at current 0.004321608040201005
2023-05-24 18:41:00,082 INFO T:209.01Â°K V:2.2647e-03V I:4.3216e-03A R:5.2405e-01ğ›€ E:3.9732e-02V/cm J:6.5479e-02A/cm2 ğ›’:6.0679e-01ğ›€ cm
2023-05-24 18:41:00,100 INFO Measurement at current 0.0043467336683417086
2023-05-24 18:41:00,704 INFO T:208.99Â°K V:2.2770e-03V I:4.3467e-03A R:5.2384e-01ğ›€ E:3.9948e-02V/cm J:6.5860e-02A/cm2 ğ›’:6.0656e-01ğ›€ cm
2023-05-24 18:41:00,727 INFO Measurement at current 0.004371859296482412
2023-05-24 18:41:01,320 INFO T:208.96Â°K V:2.2910e-03V I:4.3719e-03A R:5.2404e-01ğ›€ E:4.0193e-02V/cm J:6.6240e-02A/cm2 ğ›’:6.0678e-01ğ›€ cm
2023-05-24 18:41:01,335 INFO Measurement at current 0.0043969849246231155
2023-05-24 18:41:01,935 INFO T:208.94Â°K V:2.3042e-03V I:4.3970e-03A R:5.2404e-01ğ›€ E:4.0425e-02V/cm J:6.6621e-02A/cm2 ğ›’:6.0679e-01ğ›€ cm
2023-05-24 18:41:01,959 INFO Measurement at current 0.004422110552763819
2023-05-24 18:41:02,560 INFO T:208.91Â°K V:2.3165e-03V I:4.4221e-03A R:5.2384e-01ğ›€ E:4.0640e-02V/cm J:6.7002e-02A/cm2 ğ›’:6.0655e-01ğ›€ cm
2023-05-24 18:41:02,587 INFO Measurement at current 0.0044472361809045225
2023-05-24 18:41:03,249 INFO T:208.88Â°K V:2.3303e-03V I:4.4472e-03A R:5.2398e-01ğ›€ E:4.0882e-02V/cm J:6.7382e-02A/cm2 ğ›’:6.0672e-01ğ›€ cm
2023-05-24 18:41:03,293 INFO Measurement at current 0.004472361809045226
2023-05-24 18:41:03,900 INFO T:208.86Â°K V:2.3436e-03V I:4.4724e-03A R:5.2402e-01ğ›€ E:4.1116e-02V/cm J:6.7763e-02A/cm2 ğ›’:6.0676e-01ğ›€ cm
2023-05-24 18:41:03,914 INFO Measurement at current 0.0044974874371859295
2023-05-24 18:41:04,503 INFO T:208.83Â°K V:2.3562e-03V I:4.4975e-03A R:5.2389e-01ğ›€ E:4.1337e-02V/cm J:6.8144e-02A/cm2 ğ›’:6.0661e-01ğ›€ cm
2023-05-24 18:41:04,524 INFO Measurement at current 0.004522613065326633
2023-05-24 18:41:05,114 INFO T:208.81Â°K V:2.3698e-03V I:4.5226e-03A R:5.2400e-01ğ›€ E:4.1576e-02V/cm J:6.8524e-02A/cm2 ğ›’:6.0673e-01ğ›€ cm
2023-05-24 18:41:05,141 INFO Measurement at current 0.0045477386934673365
2023-05-24 18:41:05,827 INFO T:208.78Â°K V:2.3829e-03V I:4.5477e-03A R:5.2397e-01ğ›€ E:4.1805e-02V/cm J:6.8905e-02A/cm2 ğ›’:6.0670e-01ğ›€ cm
2023-05-24 18:41:05,901 INFO Measurement at current 0.00457286432160804
2023-05-24 18:41:06,520 INFO T:208.75Â°K V:2.3959e-03V I:4.5729e-03A R:5.2395e-01ğ›€ E:4.2034e-02V/cm J:6.9286e-02A/cm2 ğ›’:6.0668e-01ğ›€ cm
2023-05-24 18:41:06,584 INFO Measurement at current 0.0045979899497487434
2023-05-24 18:41:07,186 INFO T:208.72Â°K V:2.4093e-03V I:4.5980e-03A R:5.2400e-01ğ›€ E:4.2269e-02V/cm J:6.9667e-02A/cm2 ğ›’:6.0673e-01ğ›€ cm
2023-05-24 18:41:07,208 INFO Measurement at current 0.004623115577889447
2023-05-24 18:41:07,809 INFO T:208.70Â°K V:2.4218e-03V I:4.6231e-03A R:5.2385e-01ğ›€ E:4.2488e-02V/cm J:7.0047e-02A/cm2 ğ›’:6.0657e-01ğ›€ cm
2023-05-24 18:41:07,833 INFO Measurement at current 0.004648241206030151
2023-05-24 18:41:08,485 INFO T:208.67Â°K V:2.4353e-03V I:4.6482e-03A R:5.2391e-01ğ›€ E:4.2724e-02V/cm J:7.0428e-02A/cm2 ğ›’:6.0664e-01ğ›€ cm
2023-05-24 18:41:08,533 INFO Measurement at current 0.004673366834170855
2023-05-24 18:41:09,163 INFO T:208.64Â°K V:2.4488e-03V I:4.6734e-03A R:5.2398e-01ğ›€ E:4.2961e-02V/cm J:7.0809e-02A/cm2 ğ›’:6.0672e-01ğ›€ cm
2023-05-24 18:41:09,187 INFO Measurement at current 0.004698492462311558
2023-05-24 18:41:09,800 INFO T:208.61Â°K V:2.4610e-03V I:4.6985e-03A R:5.2379e-01ğ›€ E:4.3175e-02V/cm J:7.1189e-02A/cm2 ğ›’:6.0649e-01ğ›€ cm
2023-05-24 18:41:09,869 INFO Measurement at current 0.004723618090452262
2023-05-24 18:41:10,475 INFO T:208.59Â°K V:2.4748e-03V I:4.7236e-03A R:5.2392e-01ğ›€ E:4.3417e-02V/cm J:7.1570e-02A/cm2 ğ›’:6.0664e-01ğ›€ cm
2023-05-24 18:41:10,499 INFO Measurement at current 0.004748743718592965
2023-05-24 18:41:11,088 INFO T:208.56Â°K V:2.4879e-03V I:4.7487e-03A R:5.2391e-01ğ›€ E:4.3648e-02V/cm J:7.1951e-02A/cm2 ğ›’:6.0663e-01ğ›€ cm
2023-05-24 18:41:11,105 INFO Measurement at current 0.004773869346733669
2023-05-24 18:41:11,696 INFO T:208.54Â°K V:2.5004e-03V I:4.7739e-03A R:5.2377e-01ğ›€ E:4.3867e-02V/cm J:7.2331e-02A/cm2 ğ›’:6.0647e-01ğ›€ cm
2023-05-24 18:41:11,712 INFO Measurement at current 0.004798994974874372
2023-05-24 18:41:12,312 INFO T:208.51Â°K V:2.5143e-03V I:4.7990e-03A R:5.2392e-01ğ›€ E:4.4110e-02V/cm J:7.2712e-02A/cm2 ğ›’:6.0664e-01ğ›€ cm
2023-05-24 18:41:12,348 INFO Measurement at current 0.004824120603015076
2023-05-24 18:41:12,950 INFO T:208.48Â°K V:2.5274e-03V I:4.8241e-03A R:5.2391e-01ğ›€ E:4.4340e-02V/cm J:7.3093e-02A/cm2 ğ›’:6.0663e-01ğ›€ cm
2023-05-24 18:41:12,973 INFO Measurement at current 0.004849246231155779
2023-05-24 18:41:13,575 INFO T:208.46Â°K V:2.5397e-03V I:4.8492e-03A R:5.2373e-01ğ›€ E:4.4556e-02V/cm J:7.3473e-02A/cm2 ğ›’:6.0642e-01ğ›€ cm
2023-05-24 18:41:13,613 INFO Measurement at current 0.004874371859296483
2023-05-24 18:41:14,217 INFO T:208.43Â°K V:2.5537e-03V I:4.8744e-03A R:5.2390e-01ğ›€ E:4.4801e-02V/cm J:7.3854e-02A/cm2 ğ›’:6.0662e-01ğ›€ cm
2023-05-24 18:41:14,235 INFO Measurement at current 0.004899497487437186
2023-05-24 18:41:14,828 INFO T:208.41Â°K V:2.5668e-03V I:4.8995e-03A R:5.2389e-01ğ›€ E:4.5031e-02V/cm J:7.4235e-02A/cm2 ğ›’:6.0661e-01ğ›€ cm
2023-05-24 18:41:14,846 INFO Measurement at current 0.00492462311557789
2023-05-24 18:41:15,446 INFO T:208.38Â°K V:2.5792e-03V I:4.9246e-03A R:5.2373e-01ğ›€ E:4.5248e-02V/cm J:7.4616e-02A/cm2 ğ›’:6.0642e-01ğ›€ cm
2023-05-24 18:41:15,477 INFO Measurement at current 0.004949748743718593
2023-05-24 18:41:16,082 INFO T:208.36Â°K V:2.5929e-03V I:4.9497e-03A R:5.2384e-01ğ›€ E:4.5489e-02V/cm J:7.4996e-02A/cm2 ğ›’:6.0655e-01ğ›€ cm
2023-05-24 18:41:16,141 INFO Measurement at current 0.004974874371859297
2023-05-24 18:41:16,811 INFO T:208.33Â°K V:2.6061e-03V I:4.9749e-03A R:5.2385e-01ğ›€ E:4.5720e-02V/cm J:7.5377e-02A/cm2 ğ›’:6.0656e-01ğ›€ cm
2023-05-24 18:41:16,832 INFO Measurement at current 0.005
2023-05-24 18:41:17,443 INFO T:208.30Â°K V:2.6189e-03V I:5.0000e-03A R:5.2378e-01ğ›€ E:4.5945e-02V/cm J:7.5758e-02A/cm2 ğ›’:6.0648e-01ğ›€ cm
2023-05-24 18:41:23,859 INFO Save the description file
2023-05-24 18:41:23,866 INFO Save data in numpy format Esperimenti/CPRO_MUSA_240523_I_V/CPRO_MUSA_240523_I_V_current_from_0_to_50e-4A/CPRO_MUSA_240523_I_V_current_from_0_to_50e-4A-20230524184122
2023-05-24 18:41:23,877 INFO Save data in CSV format Esperimenti/CPRO_MUSA_240523_I_V/CPRO_MUSA_240523_I_V_current_from_0_to_50e-4A/CPRO_MUSA_240523_I_V_current_from_0_to_50e-4A-20230524184122.csv
2023-05-24 18:41:23,888 INFO Save plot as image Esperimenti/CPRO_MUSA_240523_I_V/CPRO_MUSA_240523_I_V_current_from_0_to_50e-4A/CPRO_MUSA_240523_I_V_current_from_0_to_50e-4A-20230524184122.png
