2023-05-19 16:44:34,890 INFO ### Start experiment: CPRO_MUSA_190523_I_V current from 0 to 1300e-4A ###
2023-05-19 16:44:36,237 INFO Found Multimeter KEITHLEY INSTRUMENTS INC.,MODEL 2700,0884890,B03  /A02  

2023-05-19 16:44:37,276 INFO Found Nanovolt Meter KEITHLEY INSTRUMENTS INC.,MODEL 2182A,4056474,C03  /A02  

2023-05-19 16:44:37,403 INFO Found Source Meter KEITHLEY INSTRUMENTS INC.,MODEL 2400,0945684,C24   Feb 14 2002 11:59:45/A02  /K/H

2023-05-19 16:44:37,536 INFO Start the measurement loop
2023-05-19 16:44:44,226 INFO Measurement at current 0.0
2023-05-19 16:44:45,142 INFO T:133.70Â°K V:5.1133e-06V I:0.0000e+00A R:infğ›€ E:7.9895e-05V/cm J:0.0000e+00A/cm2 ğ›’:infğ›€ cm
2023-05-19 16:44:45,177 INFO Measurement at current 0.0006532663316582914
2023-05-19 16:44:46,425 INFO T:133.73Â°K V:2.6681e-02V I:6.5327e-04A R:4.0842e+01ğ›€ E:4.1688e-01V/cm J:5.9933e-03A/cm2 ğ›’:6.9559e+01ğ›€ cm
2023-05-19 16:44:46,450 INFO Measurement at current 0.0013065326633165829
2023-05-19 16:44:47,045 INFO T:133.75Â°K V:5.3294e-02V I:1.3065e-03A R:4.0790e+01ğ›€ E:8.3272e-01V/cm J:1.1987e-02A/cm2 ğ›’:6.9471e+01ğ›€ cm
2023-05-19 16:44:47,071 INFO Measurement at current 0.001959798994974874
2023-05-19 16:44:47,671 INFO T:133.76Â°K V:7.9858e-02V I:1.9598e-03A R:4.0748e+01ğ›€ E:1.2478e+00V/cm J:1.7980e-02A/cm2 ğ›’:6.9399e+01ğ›€ cm
2023-05-19 16:44:47,696 INFO Measurement at current 0.0026130653266331657
2023-05-19 16:44:48,301 INFO T:133.77Â°K V:1.0628e-01V I:2.6131e-03A R:4.0674e+01ğ›€ E:1.6607e+00V/cm J:2.3973e-02A/cm2 ğ›’:6.9273e+01ğ›€ cm
2023-05-19 16:44:48,323 INFO Measurement at current 0.0032663316582914573
2023-05-19 16:44:49,456 INFO T:133.80Â°K V:1.3248e-01V I:3.2663e-03A R:4.0559e+01ğ›€ E:2.0700e+00V/cm J:2.9966e-02A/cm2 ğ›’:6.9076e+01ğ›€ cm
2023-05-19 16:44:49,472 INFO Measurement at current 0.003919597989949748
2023-05-19 16:44:50,056 INFO T:133.82Â°K V:1.5868e-01V I:3.9196e-03A R:4.0483e+01ğ›€ E:2.4793e+00V/cm J:3.5960e-02A/cm2 ğ›’:6.8947e+01ğ›€ cm
2023-05-19 16:44:50,072 INFO Measurement at current 0.00457286432160804
2023-05-19 16:44:50,666 INFO T:133.83Â°K V:1.8480e-01V I:4.5729e-03A R:4.0412e+01ğ›€ E:2.8874e+00V/cm J:4.1953e-02A/cm2 ğ›’:6.8826e+01ğ›€ cm
2023-05-19 16:44:50,691 INFO Measurement at current 0.0052261306532663315
2023-05-19 16:44:51,294 INFO T:133.84Â°K V:2.1072e-01V I:5.2261e-03A R:4.0320e+01ğ›€ E:3.2925e+00V/cm J:4.7946e-02A/cm2 ğ›’:6.8670e+01ğ›€ cm
2023-05-19 16:44:51,317 INFO Measurement at current 0.005879396984924623
2023-05-19 16:44:51,932 INFO T:133.86Â°K V:2.3649e-01V I:5.8794e-03A R:4.0224e+01ğ›€ E:3.6952e+00V/cm J:5.3939e-02A/cm2 ğ›’:6.8506e+01ğ›€ cm
2023-05-19 16:44:51,954 INFO Measurement at current 0.006532663316582915
2023-05-19 16:44:52,548 INFO T:133.87Â°K V:2.6204e-01V I:6.5327e-03A R:4.0113e+01ğ›€ E:4.0944e+00V/cm J:5.9933e-02A/cm2 ğ›’:6.8317e+01ğ›€ cm
2023-05-19 16:44:52,563 INFO Measurement at current 0.007185929648241206
2023-05-19 16:44:53,150 INFO T:133.89Â°K V:2.8742e-01V I:7.1859e-03A R:3.9998e+01ğ›€ E:4.4910e+00V/cm J:6.5926e-02A/cm2 ğ›’:6.8121e+01ğ›€ cm
2023-05-19 16:44:53,172 INFO Measurement at current 0.007839195979899497
2023-05-19 16:44:53,759 INFO T:133.90Â°K V:3.1255e-01V I:7.8392e-03A R:3.9871e+01ğ›€ E:4.8837e+00V/cm J:7.1919e-02A/cm2 ğ›’:6.7905e+01ğ›€ cm
2023-05-19 16:44:53,782 INFO Measurement at current 0.00849246231155779
2023-05-19 16:44:54,376 INFO T:133.92Â°K V:3.3746e-01V I:8.4925e-03A R:3.9737e+01ğ›€ E:5.2729e+00V/cm J:7.7912e-02A/cm2 ğ›’:6.7677e+01ğ›€ cm
2023-05-19 16:44:54,398 INFO Measurement at current 0.00914572864321608
2023-05-19 16:44:55,000 INFO T:133.93Â°K V:3.6200e-01V I:9.1457e-03A R:3.9581e+01ğ›€ E:5.6563e+00V/cm J:8.3906e-02A/cm2 ğ›’:6.7412e+01ğ›€ cm
2023-05-19 16:44:55,017 INFO Measurement at current 0.009798994974874372
2023-05-19 16:44:55,629 INFO T:133.94Â°K V:3.8628e-01V I:9.7990e-03A R:3.9420e+01ğ›€ E:6.0356e+00V/cm J:8.9899e-02A/cm2 ğ›’:6.7138e+01ğ›€ cm
2023-05-19 16:44:55,650 INFO Measurement at current 0.010452261306532663
2023-05-19 16:44:56,248 INFO T:133.96Â°K V:4.1010e-01V I:1.0452e-02A R:3.9235e+01ğ›€ E:6.4078e+00V/cm J:9.5892e-02A/cm2 ğ›’:6.6823e+01ğ›€ cm
2023-05-19 16:44:56,272 INFO Measurement at current 0.011105527638190954
2023-05-19 16:44:56,860 INFO T:133.97Â°K V:4.3368e-01V I:1.1106e-02A R:3.9051e+01ğ›€ E:6.7762e+00V/cm J:1.0189e-01A/cm2 ğ›’:6.6508e+01ğ›€ cm
2023-05-19 16:44:56,884 INFO Measurement at current 0.011758793969849246
2023-05-19 16:44:57,485 INFO T:133.99Â°K V:4.5690e-01V I:1.1759e-02A R:3.8856e+01ğ›€ E:7.1390e+00V/cm J:1.0788e-01A/cm2 ğ›’:6.6176e+01ğ›€ cm
2023-05-19 16:44:57,507 INFO Measurement at current 0.012412060301507537
2023-05-19 16:44:58,108 INFO T:134.00Â°K V:4.7953e-01V I:1.2412e-02A R:3.8634e+01ğ›€ E:7.4927e+00V/cm J:1.1387e-01A/cm2 ğ›’:6.5799e+01ğ›€ cm
2023-05-19 16:44:58,134 INFO Measurement at current 0.01306532663316583
2023-05-19 16:44:58,720 INFO T:134.02Â°K V:5.0189e-01V I:1.3065e-02A R:3.8414e+01ğ›€ E:7.8421e+00V/cm J:1.1987e-01A/cm2 ğ›’:6.5424e+01ğ›€ cm
2023-05-19 16:44:58,744 INFO Measurement at current 0.01371859296482412
2023-05-19 16:44:59,353 INFO T:134.03Â°K V:5.2393e-01V I:1.3719e-02A R:3.8191e+01ğ›€ E:8.1863e+00V/cm J:1.2586e-01A/cm2 ğ›’:6.5044e+01ğ›€ cm
2023-05-19 16:44:59,371 INFO Measurement at current 0.014371859296482412
2023-05-19 16:44:59,972 INFO T:134.04Â°K V:5.4506e-01V I:1.4372e-02A R:3.7925e+01ğ›€ E:8.5165e+00V/cm J:1.3185e-01A/cm2 ğ›’:6.4592e+01ğ›€ cm
2023-05-19 16:44:59,998 INFO Measurement at current 0.015025125628140703
2023-05-19 16:45:00,621 INFO T:134.06Â°K V:5.6592e-01V I:1.5025e-02A R:3.7665e+01ğ›€ E:8.8424e+00V/cm J:1.3785e-01A/cm2 ğ›’:6.4148e+01ğ›€ cm
2023-05-19 16:45:00,640 INFO Measurement at current 0.015678391959798994
2023-05-19 16:45:01,228 INFO T:134.07Â°K V:5.8636e-01V I:1.5678e-02A R:3.7399e+01ğ›€ E:9.1618e+00V/cm J:1.4384e-01A/cm2 ğ›’:6.3695e+01ğ›€ cm
2023-05-19 16:45:01,253 INFO Measurement at current 0.016331658291457284
2023-05-19 16:45:01,843 INFO T:134.09Â°K V:6.0623e-01V I:1.6332e-02A R:3.7120e+01ğ›€ E:9.4723e+00V/cm J:1.4983e-01A/cm2 ğ›’:6.3220e+01ğ›€ cm
2023-05-19 16:45:01,875 INFO Measurement at current 0.01698492462311558
2023-05-19 16:45:02,471 INFO T:134.10Â°K V:6.2572e-01V I:1.6985e-02A R:3.6840e+01ğ›€ E:9.7769e+00V/cm J:1.5582e-01A/cm2 ğ›’:6.2743e+01ğ›€ cm
2023-05-19 16:45:02,491 INFO Measurement at current 0.01763819095477387
2023-05-19 16:45:03,094 INFO T:134.12Â°K V:6.4465e-01V I:1.7638e-02A R:3.6548e+01ğ›€ E:1.0073e+01V/cm J:1.6182e-01A/cm2 ğ›’:6.2247e+01ğ›€ cm
2023-05-19 16:45:03,112 INFO Measurement at current 0.01829145728643216
2023-05-19 16:45:03,703 INFO T:134.13Â°K V:6.6286e-01V I:1.8291e-02A R:3.6239e+01ğ›€ E:1.0357e+01V/cm J:1.6781e-01A/cm2 ğ›’:6.1719e+01ğ›€ cm
2023-05-19 16:45:03,718 INFO Measurement at current 0.01894472361809045
2023-05-19 16:45:04,309 INFO T:134.14Â°K V:6.8094e-01V I:1.8945e-02A R:3.5943e+01ğ›€ E:1.0640e+01V/cm J:1.7380e-01A/cm2 ğ›’:6.1216e+01ğ›€ cm
2023-05-19 16:45:04,340 INFO Measurement at current 0.019597989949748745
2023-05-19 16:45:04,940 INFO T:134.16Â°K V:6.9835e-01V I:1.9598e-02A R:3.5634e+01ğ›€ E:1.0912e+01V/cm J:1.7980e-01A/cm2 ğ›’:6.0689e+01ğ›€ cm
2023-05-19 16:45:04,956 INFO Measurement at current 0.020251256281407035
2023-05-19 16:45:05,563 INFO T:134.17Â°K V:7.1495e-01V I:2.0251e-02A R:3.5304e+01ğ›€ E:1.1171e+01V/cm J:1.8579e-01A/cm2 ğ›’:6.0127e+01ğ›€ cm
2023-05-19 16:45:05,586 INFO Measurement at current 0.020904522613065326
2023-05-19 16:45:06,184 INFO T:134.19Â°K V:7.3128e-01V I:2.0905e-02A R:3.4982e+01ğ›€ E:1.1426e+01V/cm J:1.9178e-01A/cm2 ğ›’:5.9579e+01ğ›€ cm
2023-05-19 16:45:06,227 INFO Measurement at current 0.021557788944723617
2023-05-19 16:45:06,816 INFO T:134.20Â°K V:7.4686e-01V I:2.1558e-02A R:3.4645e+01ğ›€ E:1.1670e+01V/cm J:1.9778e-01A/cm2 ğ›’:5.9004e+01ğ›€ cm
2023-05-19 16:45:06,832 INFO Measurement at current 0.022211055276381907
2023-05-19 16:45:07,418 INFO T:134.22Â°K V:7.6211e-01V I:2.2211e-02A R:3.4312e+01ğ›€ E:1.1908e+01V/cm J:2.0377e-01A/cm2 ğ›’:5.8438e+01ğ›€ cm
2023-05-19 16:45:07,435 INFO Measurement at current 0.0228643216080402
2023-05-19 16:45:08,023 INFO T:134.23Â°K V:7.7716e-01V I:2.2864e-02A R:3.3990e+01ğ›€ E:1.2143e+01V/cm J:2.0976e-01A/cm2 ğ›’:5.7890e+01ğ›€ cm
2023-05-19 16:45:08,046 INFO Measurement at current 0.023517587939698492
2023-05-19 16:45:08,675 INFO T:134.25Â°K V:7.9147e-01V I:2.3518e-02A R:3.3654e+01ğ›€ E:1.2367e+01V/cm J:2.1576e-01A/cm2 ğ›’:5.7318e+01ğ›€ cm
2023-05-19 16:45:08,700 INFO Measurement at current 0.024170854271356783
2023-05-19 16:45:09,306 INFO T:134.26Â°K V:8.0467e-01V I:2.4171e-02A R:3.3291e+01ğ›€ E:1.2573e+01V/cm J:2.2175e-01A/cm2 ğ›’:5.6699e+01ğ›€ cm
2023-05-19 16:45:09,330 INFO Measurement at current 0.024824120603015074
2023-05-19 16:45:09,933 INFO T:134.27Â°K V:8.1790e-01V I:2.4824e-02A R:3.2948e+01ğ›€ E:1.2780e+01V/cm J:2.2774e-01A/cm2 ğ›’:5.6114e+01ğ›€ cm
2023-05-19 16:45:09,949 INFO Measurement at current 0.025477386934673368
2023-05-19 16:45:10,541 INFO T:134.29Â°K V:8.3054e-01V I:2.5477e-02A R:3.2599e+01ğ›€ E:1.2977e+01V/cm J:2.3374e-01A/cm2 ğ›’:5.5520e+01ğ›€ cm
2023-05-19 16:45:10,577 INFO Measurement at current 0.02613065326633166
2023-05-19 16:45:11,229 INFO T:134.30Â°K V:8.4256e-01V I:2.6131e-02A R:3.2244e+01ğ›€ E:1.3165e+01V/cm J:2.3973e-01A/cm2 ğ›’:5.4916e+01ğ›€ cm
2023-05-19 16:45:11,250 INFO Measurement at current 0.02678391959798995
2023-05-19 16:45:11,839 INFO T:134.32Â°K V:8.5360e-01V I:2.6784e-02A R:3.1870e+01ğ›€ E:1.3338e+01V/cm J:2.4572e-01A/cm2 ğ›’:5.4279e+01ğ›€ cm
2023-05-19 16:45:11,865 INFO Measurement at current 0.02743718592964824
2023-05-19 16:45:12,479 INFO T:134.33Â°K V:8.6458e-01V I:2.7437e-02A R:3.1511e+01ğ›€ E:1.3509e+01V/cm J:2.5172e-01A/cm2 ğ›’:5.3668e+01ğ›€ cm
2023-05-19 16:45:12,521 INFO Measurement at current 0.02809045226130653
2023-05-19 16:45:13,129 INFO T:134.35Â°K V:8.7514e-01V I:2.8090e-02A R:3.1154e+01ğ›€ E:1.3674e+01V/cm J:2.5771e-01A/cm2 ğ›’:5.3060e+01ğ›€ cm
2023-05-19 16:45:13,153 INFO Measurement at current 0.028743718592964825
2023-05-19 16:45:13,743 INFO T:134.36Â°K V:8.8591e-01V I:2.8744e-02A R:3.0821e+01ğ›€ E:1.3842e+01V/cm J:2.6370e-01A/cm2 ğ›’:5.2492e+01ğ›€ cm
2023-05-19 16:45:13,758 INFO Measurement at current 0.029396984924623115
2023-05-19 16:45:14,356 INFO T:134.38Â°K V:8.9658e-01V I:2.9397e-02A R:3.0499e+01ğ›€ E:1.4009e+01V/cm J:2.6970e-01A/cm2 ğ›’:5.1944e+01ğ›€ cm
2023-05-19 16:45:14,378 INFO Measurement at current 0.030050251256281406
2023-05-19 16:45:14,983 INFO T:134.39Â°K V:9.0672e-01V I:3.0050e-02A R:3.0173e+01ğ›€ E:1.4167e+01V/cm J:2.7569e-01A/cm2 ğ›’:5.1389e+01ğ›€ cm
2023-05-19 16:45:15,004 INFO Measurement at current 0.030703517587939697
2023-05-19 16:45:15,598 INFO T:134.41Â°K V:9.1616e-01V I:3.0704e-02A R:2.9839e+01ğ›€ E:1.4315e+01V/cm J:2.8168e-01A/cm2 ğ›’:5.0820e+01ğ›€ cm
2023-05-19 16:45:15,622 INFO Measurement at current 0.03135678391959799
2023-05-19 16:45:16,210 INFO T:134.42Â°K V:9.2524e-01V I:3.1357e-02A R:2.9507e+01ğ›€ E:1.4457e+01V/cm J:2.8768e-01A/cm2 ğ›’:5.0254e+01ğ›€ cm
2023-05-19 16:45:16,228 INFO Measurement at current 0.03201005025125628
2023-05-19 16:45:16,827 INFO T:134.44Â°K V:9.3407e-01V I:3.2010e-02A R:2.9181e+01ğ›€ E:1.4595e+01V/cm J:2.9367e-01A/cm2 ğ›’:4.9698e+01ğ›€ cm
2023-05-19 16:45:16,847 INFO Measurement at current 0.03266331658291457
2023-05-19 16:45:17,445 INFO T:134.45Â°K V:9.4255e-01V I:3.2663e-02A R:2.8857e+01ğ›€ E:1.4727e+01V/cm J:2.9966e-01A/cm2 ğ›’:4.9146e+01ğ›€ cm
2023-05-19 16:45:17,486 INFO Measurement at current 0.033316582914572866
2023-05-19 16:45:18,127 INFO T:134.47Â°K V:9.4940e-01V I:3.3317e-02A R:2.8496e+01ğ›€ E:1.4834e+01V/cm J:3.0566e-01A/cm2 ğ›’:4.8533e+01ğ›€ cm
2023-05-19 16:45:18,146 INFO Measurement at current 0.03396984924623116
2023-05-19 16:45:18,747 INFO T:134.48Â°K V:9.5717e-01V I:3.3970e-02A R:2.8177e+01ğ›€ E:1.4956e+01V/cm J:3.1165e-01A/cm2 ğ›’:4.7989e+01ğ›€ cm
2023-05-19 16:45:18,770 INFO Measurement at current 0.03462311557788945
2023-05-19 16:45:19,357 INFO T:134.49Â°K V:9.6458e-01V I:3.4623e-02A R:2.7859e+01ğ›€ E:1.5072e+01V/cm J:3.1764e-01A/cm2 ğ›’:4.7448e+01ğ›€ cm
2023-05-19 16:45:19,375 INFO Measurement at current 0.03527638190954774
2023-05-19 16:45:19,973 INFO T:134.51Â°K V:9.7184e-01V I:3.5276e-02A R:2.7549e+01ğ›€ E:1.5185e+01V/cm J:3.2364e-01A/cm2 ğ›’:4.6920e+01ğ›€ cm
2023-05-19 16:45:19,998 INFO Measurement at current 0.03592964824120603
2023-05-19 16:45:20,647 INFO T:134.52Â°K V:9.7850e-01V I:3.5930e-02A R:2.7234e+01ğ›€ E:1.5289e+01V/cm J:3.2963e-01A/cm2 ğ›’:4.6382e+01ğ›€ cm
2023-05-19 16:45:20,705 INFO Measurement at current 0.03658291457286432
2023-05-19 16:45:21,325 INFO T:134.54Â°K V:9.8271e-01V I:3.6583e-02A R:2.6863e+01ğ›€ E:1.5355e+01V/cm J:3.3562e-01A/cm2 ğ›’:4.5750e+01ğ›€ cm
2023-05-19 16:45:21,344 INFO Measurement at current 0.03723618090452261
2023-05-19 16:45:21,928 INFO T:134.56Â°K V:9.8905e-01V I:3.7236e-02A R:2.6561e+01ğ›€ E:1.5454e+01V/cm J:3.4162e-01A/cm2 ğ›’:4.5237e+01ğ›€ cm
2023-05-19 16:45:21,949 INFO Measurement at current 0.0378894472361809
2023-05-19 16:45:22,538 INFO T:134.57Â°K V:9.9532e-01V I:3.7889e-02A R:2.6269e+01ğ›€ E:1.5552e+01V/cm J:3.4761e-01A/cm2 ğ›’:4.4739e+01ğ›€ cm
2023-05-19 16:45:22,566 INFO Measurement at current 0.03854271356783919
2023-05-19 16:45:23,165 INFO T:134.58Â°K V:1.0010e+00V I:3.8543e-02A R:2.5972e+01ğ›€ E:1.5641e+01V/cm J:3.5360e-01A/cm2 ğ›’:4.4234e+01ğ›€ cm
2023-05-19 16:45:23,179 INFO Measurement at current 0.03919597989949749
2023-05-19 16:45:23,760 INFO T:134.60Â°K V:1.0066e+00V I:3.9196e-02A R:2.5681e+01ğ›€ E:1.5728e+01V/cm J:3.5960e-01A/cm2 ğ›’:4.3737e+01ğ›€ cm
2023-05-19 16:45:23,774 INFO Measurement at current 0.03984924623115578
2023-05-19 16:45:24,359 INFO T:134.61Â°K V:1.0124e+00V I:3.9849e-02A R:2.5406e+01ğ›€ E:1.5819e+01V/cm J:3.6559e-01A/cm2 ğ›’:4.3270e+01ğ›€ cm
2023-05-19 16:45:24,373 INFO Measurement at current 0.04050251256281407
2023-05-19 16:45:24,954 INFO T:134.63Â°K V:1.0173e+00V I:4.0503e-02A R:2.5116e+01ğ›€ E:1.5895e+01V/cm J:3.7158e-01A/cm2 ğ›’:4.2776e+01ğ›€ cm
2023-05-19 16:45:24,970 INFO Measurement at current 0.04115577889447236
2023-05-19 16:45:25,551 INFO T:134.64Â°K V:1.0218e+00V I:4.1156e-02A R:2.4827e+01ğ›€ E:1.5965e+01V/cm J:3.7758e-01A/cm2 ğ›’:4.2283e+01ğ›€ cm
2023-05-19 16:45:25,565 INFO Measurement at current 0.04180904522613065
2023-05-19 16:45:26,147 INFO T:134.65Â°K V:1.0268e+00V I:4.1809e-02A R:2.4560e+01ğ›€ E:1.6044e+01V/cm J:3.8357e-01A/cm2 ğ›’:4.1829e+01ğ›€ cm
2023-05-19 16:45:26,164 INFO Measurement at current 0.04246231155778894
2023-05-19 16:45:26,771 INFO T:134.67Â°K V:1.0312e+00V I:4.2462e-02A R:2.4285e+01ğ›€ E:1.6113e+01V/cm J:3.8956e-01A/cm2 ğ›’:4.1361e+01ğ›€ cm
2023-05-19 16:45:26,800 INFO Measurement at current 0.04311557788944723
2023-05-19 16:45:27,405 INFO T:134.68Â°K V:1.0352e+00V I:4.3116e-02A R:2.4009e+01ğ›€ E:1.6175e+01V/cm J:3.9556e-01A/cm2 ğ›’:4.0891e+01ğ›€ cm
2023-05-19 16:45:27,429 INFO Measurement at current 0.043768844221105524
2023-05-19 16:45:28,020 INFO T:134.70Â°K V:1.0391e+00V I:4.3769e-02A R:2.3742e+01ğ›€ E:1.6237e+01V/cm J:4.0155e-01A/cm2 ğ›’:4.0435e+01ğ›€ cm
2023-05-19 16:45:28,036 INFO Measurement at current 0.044422110552763815
2023-05-19 16:45:28,620 INFO T:134.71Â°K V:1.0432e+00V I:4.4422e-02A R:2.3483e+01ğ›€ E:1.6300e+01V/cm J:4.0754e-01A/cm2 ğ›’:3.9995e+01ğ›€ cm
2023-05-19 16:45:28,634 INFO Measurement at current 0.04507537688442211
2023-05-19 16:45:29,221 INFO T:134.73Â°K V:1.0472e+00V I:4.5075e-02A R:2.3233e+01ğ›€ E:1.6363e+01V/cm J:4.1354e-01A/cm2 ğ›’:3.9568e+01ğ›€ cm
2023-05-19 16:45:29,248 INFO Measurement at current 0.0457286432160804
2023-05-19 16:45:29,858 INFO T:134.74Â°K V:1.0504e+00V I:4.5729e-02A R:2.2971e+01ğ›€ E:1.6413e+01V/cm J:4.1953e-01A/cm2 ğ›’:3.9123e+01ğ›€ cm
2023-05-19 16:45:29,891 INFO Measurement at current 0.046381909547738694
2023-05-19 16:45:30,492 INFO T:134.76Â°K V:1.0535e+00V I:4.6382e-02A R:2.2714e+01ğ›€ E:1.6461e+01V/cm J:4.2552e-01A/cm2 ğ›’:3.8684e+01ğ›€ cm
2023-05-19 16:45:30,515 INFO Measurement at current 0.047035175879396984
2023-05-19 16:45:31,113 INFO T:134.77Â°K V:1.0571e+00V I:4.7035e-02A R:2.2474e+01ğ›€ E:1.6516e+01V/cm J:4.3152e-01A/cm2 ğ›’:3.8276e+01ğ›€ cm
2023-05-19 16:45:31,130 INFO Measurement at current 0.047688442211055275
2023-05-19 16:45:31,728 INFO T:134.79Â°K V:1.0605e+00V I:4.7688e-02A R:2.2238e+01ğ›€ E:1.6570e+01V/cm J:4.3751e-01A/cm2 ğ›’:3.7875e+01ğ›€ cm
2023-05-19 16:45:31,745 INFO Measurement at current 0.048341708542713566
2023-05-19 16:45:32,332 INFO T:134.80Â°K V:1.0633e+00V I:4.8342e-02A R:2.1996e+01ğ›€ E:1.6614e+01V/cm J:4.4350e-01A/cm2 ğ›’:3.7462e+01ğ›€ cm
2023-05-19 16:45:32,354 INFO Measurement at current 0.048994974874371856
2023-05-19 16:45:32,950 INFO T:134.82Â°K V:1.0658e+00V I:4.8995e-02A R:2.1754e+01ğ›€ E:1.6654e+01V/cm J:4.4950e-01A/cm2 ğ›’:3.7050e+01ğ›€ cm
2023-05-19 16:45:32,974 INFO Measurement at current 0.04964824120603015
2023-05-19 16:45:33,572 INFO T:134.83Â°K V:1.0684e+00V I:4.9648e-02A R:2.1520e+01ğ›€ E:1.6694e+01V/cm J:4.5549e-01A/cm2 ğ›’:3.6651e+01ğ›€ cm
2023-05-19 16:45:33,586 INFO Measurement at current 0.05030150753768844
2023-05-19 16:45:34,186 INFO T:134.84Â°K V:1.0710e+00V I:5.0302e-02A R:2.1292e+01ğ›€ E:1.6734e+01V/cm J:4.6148e-01A/cm2 ğ›’:3.6262e+01ğ›€ cm
2023-05-19 16:45:34,204 INFO Measurement at current 0.050954773869346735
2023-05-19 16:45:34,792 INFO T:134.86Â°K V:1.0733e+00V I:5.0955e-02A R:2.1064e+01ğ›€ E:1.6770e+01V/cm J:4.6747e-01A/cm2 ğ›’:3.5874e+01ğ›€ cm
2023-05-19 16:45:34,813 INFO Measurement at current 0.051608040201005026
2023-05-19 16:45:35,405 INFO T:134.87Â°K V:1.0759e+00V I:5.1608e-02A R:2.0848e+01ğ›€ E:1.6812e+01V/cm J:4.7347e-01A/cm2 ğ›’:3.5508e+01ğ›€ cm
2023-05-19 16:45:35,453 INFO Measurement at current 0.05226130653266332
2023-05-19 16:45:36,048 INFO T:134.89Â°K V:1.0778e+00V I:5.2261e-02A R:2.0623e+01ğ›€ E:1.6840e+01V/cm J:4.7946e-01A/cm2 ğ›’:3.5124e+01ğ›€ cm
2023-05-19 16:45:36,073 INFO Measurement at current 0.05291457286432161
2023-05-19 16:45:36,674 INFO T:134.90Â°K V:1.0801e+00V I:5.2915e-02A R:2.0412e+01ğ›€ E:1.6876e+01V/cm J:4.8545e-01A/cm2 ğ›’:3.4763e+01ğ›€ cm
2023-05-19 16:45:36,705 INFO Measurement at current 0.0535678391959799
2023-05-19 16:45:37,304 INFO T:134.92Â°K V:1.0819e+00V I:5.3568e-02A R:2.0196e+01ğ›€ E:1.6904e+01V/cm J:4.9145e-01A/cm2 ğ›’:3.4397e+01ğ›€ cm
2023-05-19 16:45:37,327 INFO Measurement at current 0.05422110552763819
2023-05-19 16:45:37,925 INFO T:134.93Â°K V:1.0839e+00V I:5.4221e-02A R:1.9991e+01ğ›€ E:1.6936e+01V/cm J:4.9744e-01A/cm2 ğ›’:3.4046e+01ğ›€ cm
2023-05-19 16:45:37,959 INFO Measurement at current 0.05487437185929648
2023-05-19 16:45:38,550 INFO T:134.95Â°K V:1.0858e+00V I:5.4874e-02A R:1.9788e+01ğ›€ E:1.6966e+01V/cm J:5.0343e-01A/cm2 ğ›’:3.3701e+01ğ›€ cm
2023-05-19 16:45:38,568 INFO Measurement at current 0.05552763819095477
2023-05-19 16:45:39,158 INFO T:134.96Â°K V:1.0881e+00V I:5.5528e-02A R:1.9596e+01ğ›€ E:1.7002e+01V/cm J:5.0943e-01A/cm2 ğ›’:3.3374e+01ğ›€ cm
2023-05-19 16:45:39,179 INFO Measurement at current 0.05618090452261306
2023-05-19 16:45:39,771 INFO T:134.98Â°K V:1.0901e+00V I:5.6181e-02A R:1.9403e+01ğ›€ E:1.7032e+01V/cm J:5.1542e-01A/cm2 ğ›’:3.3045e+01ğ›€ cm
2023-05-19 16:45:39,793 INFO Measurement at current 0.05683417085427136
2023-05-19 16:45:40,391 INFO T:134.99Â°K V:1.0918e+00V I:5.6834e-02A R:1.9211e+01ğ›€ E:1.7060e+01V/cm J:5.2141e-01A/cm2 ğ›’:3.2718e+01ğ›€ cm
2023-05-19 16:45:40,407 INFO Measurement at current 0.05748743718592965
2023-05-19 16:45:41,026 INFO T:135.01Â°K V:1.0933e+00V I:5.7487e-02A R:1.9018e+01ğ›€ E:1.7083e+01V/cm J:5.2741e-01A/cm2 ğ›’:3.2390e+01ğ›€ cm
2023-05-19 16:45:41,045 INFO Measurement at current 0.05814070351758794
2023-05-19 16:45:41,632 INFO T:135.02Â°K V:1.0953e+00V I:5.8141e-02A R:1.8838e+01ğ›€ E:1.7114e+01V/cm J:5.3340e-01A/cm2 ğ›’:3.2084e+01ğ›€ cm
2023-05-19 16:45:41,648 INFO Measurement at current 0.05879396984924623
2023-05-19 16:45:42,232 INFO T:135.04Â°K V:1.0974e+00V I:5.8794e-02A R:1.8665e+01ğ›€ E:1.7147e+01V/cm J:5.3939e-01A/cm2 ğ›’:3.1790e+01ğ›€ cm
2023-05-19 16:45:42,246 INFO Measurement at current 0.05944723618090452
2023-05-19 16:45:42,833 INFO T:135.05Â°K V:1.0992e+00V I:5.9447e-02A R:1.8490e+01ğ›€ E:1.7175e+01V/cm J:5.4539e-01A/cm2 ğ›’:3.1491e+01ğ›€ cm
2023-05-19 16:45:42,857 INFO Measurement at current 0.06010050251256281
2023-05-19 16:45:43,448 INFO T:135.07Â°K V:1.1007e+00V I:6.0101e-02A R:1.8315e+01ğ›€ E:1.7199e+01V/cm J:5.5138e-01A/cm2 ğ›’:3.1192e+01ğ›€ cm
2023-05-19 16:45:43,482 INFO Measurement at current 0.0607537688442211
2023-05-19 16:45:44,078 INFO T:135.08Â°K V:1.1019e+00V I:6.0754e-02A R:1.8138e+01ğ›€ E:1.7218e+01V/cm J:5.5737e-01A/cm2 ğ›’:3.0891e+01ğ›€ cm
2023-05-19 16:45:44,100 INFO Measurement at current 0.06140703517587939
2023-05-19 16:45:44,697 INFO T:135.09Â°K V:1.1033e+00V I:6.1407e-02A R:1.7967e+01ğ›€ E:1.7239e+01V/cm J:5.6337e-01A/cm2 ğ›’:3.0599e+01ğ›€ cm
2023-05-19 16:45:44,721 INFO Measurement at current 0.062060301507537684
2023-05-19 16:45:45,327 INFO T:135.11Â°K V:1.1043e+00V I:6.2060e-02A R:1.7795e+01ğ›€ E:1.7255e+01V/cm J:5.6936e-01A/cm2 ğ›’:3.0307e+01ğ›€ cm
2023-05-19 16:45:45,343 INFO Measurement at current 0.06271356783919597
2023-05-19 16:45:45,935 INFO T:135.12Â°K V:1.1054e+00V I:6.2714e-02A R:1.7626e+01ğ›€ E:1.7272e+01V/cm J:5.7535e-01A/cm2 ğ›’:3.0019e+01ğ›€ cm
2023-05-19 16:45:45,950 INFO Measurement at current 0.06336683417085427
2023-05-19 16:45:46,541 INFO T:135.14Â°K V:1.1066e+00V I:6.3367e-02A R:1.7464e+01ğ›€ E:1.7291e+01V/cm J:5.8135e-01A/cm2 ğ›’:2.9744e+01ğ›€ cm
2023-05-19 16:45:46,566 INFO Measurement at current 0.06402010050251256
2023-05-19 16:45:47,170 INFO T:135.15Â°K V:1.1074e+00V I:6.4020e-02A R:1.7298e+01ğ›€ E:1.7304e+01V/cm J:5.8734e-01A/cm2 ğ›’:2.9461e+01ğ›€ cm
2023-05-19 16:45:47,192 INFO Measurement at current 0.06467336683417085
2023-05-19 16:45:47,785 INFO T:135.17Â°K V:1.1085e+00V I:6.4673e-02A R:1.7140e+01ğ›€ E:1.7320e+01V/cm J:5.9333e-01A/cm2 ğ›’:2.9191e+01ğ›€ cm
2023-05-19 16:45:47,816 INFO Measurement at current 0.06532663316582914
2023-05-19 16:45:48,420 INFO T:135.18Â°K V:1.1092e+00V I:6.5327e-02A R:1.6980e+01ğ›€ E:1.7332e+01V/cm J:5.9933e-01A/cm2 ğ›’:2.8919e+01ğ›€ cm
2023-05-19 16:45:48,444 INFO Measurement at current 0.06597989949748743
2023-05-19 16:45:49,038 INFO T:135.20Â°K V:1.1100e+00V I:6.5980e-02A R:1.6823e+01ğ›€ E:1.7343e+01V/cm J:6.0532e-01A/cm2 ğ›’:2.8651e+01ğ›€ cm
2023-05-19 16:45:49,054 INFO Measurement at current 0.06663316582914573
2023-05-19 16:45:49,669 INFO T:135.21Â°K V:1.1111e+00V I:6.6633e-02A R:1.6674e+01ğ›€ E:1.7360e+01V/cm J:6.1131e-01A/cm2 ğ›’:2.8398e+01ğ›€ cm
2023-05-19 16:45:49,699 INFO Measurement at current 0.06728643216080402
2023-05-19 16:45:50,288 INFO T:135.23Â°K V:1.1117e+00V I:6.7286e-02A R:1.6523e+01ğ›€ E:1.7371e+01V/cm J:6.1731e-01A/cm2 ğ›’:2.8140e+01ğ›€ cm
2023-05-19 16:45:50,307 INFO Measurement at current 0.06793969849246231
2023-05-19 16:45:50,896 INFO T:135.24Â°K V:1.1127e+00V I:6.7940e-02A R:1.6378e+01ğ›€ E:1.7386e+01V/cm J:6.2330e-01A/cm2 ğ›’:2.7893e+01ğ›€ cm
2023-05-19 16:45:50,911 INFO Measurement at current 0.0685929648241206
2023-05-19 16:45:51,506 INFO T:135.26Â°K V:1.1137e+00V I:6.8593e-02A R:1.6237e+01ğ›€ E:1.7402e+01V/cm J:6.2929e-01A/cm2 ğ›’:2.7653e+01ğ›€ cm
2023-05-19 16:45:51,538 INFO Measurement at current 0.0692462311557789
2023-05-19 16:45:52,135 INFO T:135.27Â°K V:1.1143e+00V I:6.9246e-02A R:1.6092e+01ğ›€ E:1.7412e+01V/cm J:6.3529e-01A/cm2 ğ›’:2.7407e+01ğ›€ cm
2023-05-19 16:45:52,152 INFO Measurement at current 0.06989949748743718
2023-05-19 16:45:52,740 INFO T:135.29Â°K V:1.1154e+00V I:6.9899e-02A R:1.5957e+01ğ›€ E:1.7428e+01V/cm J:6.4128e-01A/cm2 ğ›’:2.7177e+01ğ›€ cm
2023-05-19 16:45:52,758 INFO Measurement at current 0.07055276381909548
2023-05-19 16:45:53,343 INFO T:135.30Â°K V:1.1164e+00V I:7.0553e-02A R:1.5824e+01ğ›€ E:1.7444e+01V/cm J:6.4727e-01A/cm2 ğ›’:2.6950e+01ğ›€ cm
2023-05-19 16:45:53,357 INFO Measurement at current 0.07120603015075376
2023-05-19 16:45:53,937 INFO T:135.31Â°K V:1.1173e+00V I:7.1206e-02A R:1.5692e+01ğ›€ E:1.7458e+01V/cm J:6.5327e-01A/cm2 ğ›’:2.6725e+01ğ›€ cm
2023-05-19 16:45:53,956 INFO Measurement at current 0.07185929648241206
2023-05-19 16:45:54,552 INFO T:135.33Â°K V:1.1181e+00V I:7.1859e-02A R:1.5559e+01ğ›€ E:1.7470e+01V/cm J:6.5926e-01A/cm2 ğ›’:2.6500e+01ğ›€ cm
2023-05-19 16:45:54,590 INFO Measurement at current 0.07251256281407036
2023-05-19 16:45:55,196 INFO T:135.34Â°K V:1.1182e+00V I:7.2513e-02A R:1.5420e+01ğ›€ E:1.7471e+01V/cm J:6.6525e-01A/cm2 ğ›’:2.6263e+01ğ›€ cm
2023-05-19 16:45:55,216 INFO Measurement at current 0.07316582914572864
2023-05-19 16:45:55,804 INFO T:135.36Â°K V:1.1191e+00V I:7.3166e-02A R:1.5295e+01ğ›€ E:1.7486e+01V/cm J:6.7125e-01A/cm2 ğ›’:2.6050e+01ğ›€ cm
2023-05-19 16:45:55,820 INFO Measurement at current 0.07381909547738694
2023-05-19 16:45:56,412 INFO T:135.37Â°K V:1.1199e+00V I:7.3819e-02A R:1.5171e+01ğ›€ E:1.7498e+01V/cm J:6.7724e-01A/cm2 ğ›’:2.5838e+01ğ›€ cm
2023-05-19 16:45:56,439 INFO Measurement at current 0.07447236180904522
2023-05-19 16:45:57,029 INFO T:135.39Â°K V:1.1205e+00V I:7.4472e-02A R:1.5045e+01ğ›€ E:1.7507e+01V/cm J:6.8323e-01A/cm2 ğ›’:2.5624e+01ğ›€ cm
2023-05-19 16:45:57,052 INFO Measurement at current 0.07512562814070352
2023-05-19 16:45:57,652 INFO T:135.40Â°K V:1.1211e+00V I:7.5126e-02A R:1.4923e+01ğ›€ E:1.7518e+01V/cm J:6.8923e-01A/cm2 ğ›’:2.5416e+01ğ›€ cm
2023-05-19 16:45:57,681 INFO Measurement at current 0.0757788944723618
2023-05-19 16:45:58,270 INFO T:135.42Â°K V:1.1216e+00V I:7.5779e-02A R:1.4801e+01ğ›€ E:1.7525e+01V/cm J:6.9522e-01A/cm2 ğ›’:2.5208e+01ğ›€ cm
2023-05-19 16:45:58,290 INFO Measurement at current 0.0764321608040201
2023-05-19 16:45:58,878 INFO T:135.43Â°K V:1.1222e+00V I:7.6432e-02A R:1.4683e+01ğ›€ E:1.7535e+01V/cm J:7.0121e-01A/cm2 ğ›’:2.5007e+01ğ›€ cm
2023-05-19 16:45:58,894 INFO Measurement at current 0.07708542713567838
2023-05-19 16:45:59,479 INFO T:135.45Â°K V:1.1231e+00V I:7.7085e-02A R:1.4569e+01ğ›€ E:1.7548e+01V/cm J:7.0721e-01A/cm2 ğ›’:2.4813e+01ğ›€ cm
2023-05-19 16:45:59,496 INFO Measurement at current 0.07773869346733668
2023-05-19 16:46:00,093 INFO T:135.46Â°K V:1.1238e+00V I:7.7739e-02A R:1.4456e+01ğ›€ E:1.7560e+01V/cm J:7.1320e-01A/cm2 ğ›’:2.4621e+01ğ›€ cm
2023-05-19 16:46:00,114 INFO Measurement at current 0.07839195979899498
2023-05-19 16:46:00,715 INFO T:135.48Â°K V:1.1245e+00V I:7.8392e-02A R:1.4345e+01ğ›€ E:1.7571e+01V/cm J:7.1919e-01A/cm2 ğ›’:2.4431e+01ğ›€ cm
2023-05-19 16:46:00,760 INFO Measurement at current 0.07904522613065326
2023-05-19 16:46:01,369 INFO T:135.49Â°K V:1.1248e+00V I:7.9045e-02A R:1.4230e+01ğ›€ E:1.7575e+01V/cm J:7.2519e-01A/cm2 ğ›’:2.4235e+01ğ›€ cm
2023-05-19 16:46:01,390 INFO Measurement at current 0.07969849246231156
2023-05-19 16:46:01,990 INFO T:135.51Â°K V:1.1250e+00V I:7.9698e-02A R:1.4116e+01ğ›€ E:1.7578e+01V/cm J:7.3118e-01A/cm2 ğ›’:2.4041e+01ğ›€ cm
2023-05-19 16:46:02,009 INFO Measurement at current 0.08035175879396984
2023-05-19 16:46:02,609 INFO T:135.52Â°K V:1.1255e+00V I:8.0352e-02A R:1.4007e+01ğ›€ E:1.7586e+01V/cm J:7.3717e-01A/cm2 ğ›’:2.3856e+01ğ›€ cm
2023-05-19 16:46:02,630 INFO Measurement at current 0.08100502512562814
2023-05-19 16:46:03,237 INFO T:135.54Â°K V:1.1259e+00V I:8.1005e-02A R:1.3899e+01ğ›€ E:1.7592e+01V/cm J:7.4317e-01A/cm2 ğ›’:2.3672e+01ğ›€ cm
2023-05-19 16:46:03,266 INFO Measurement at current 0.08165829145728642
2023-05-19 16:46:03,851 INFO T:135.55Â°K V:1.1262e+00V I:8.1658e-02A R:1.3791e+01ğ›€ E:1.7596e+01V/cm J:7.4916e-01A/cm2 ğ›’:2.3488e+01ğ›€ cm
2023-05-19 16:46:03,867 INFO Measurement at current 0.08231155778894472
2023-05-19 16:46:04,463 INFO T:135.56Â°K V:1.1269e+00V I:8.2312e-02A R:1.3691e+01ğ›€ E:1.7608e+01V/cm J:7.5515e-01A/cm2 ğ›’:2.3317e+01ğ›€ cm
2023-05-19 16:46:04,491 INFO Measurement at current 0.082964824120603
2023-05-19 16:46:05,079 INFO T:135.58Â°K V:1.1274e+00V I:8.2965e-02A R:1.3588e+01ğ›€ E:1.7615e+01V/cm J:7.6115e-01A/cm2 ğ›’:2.3143e+01ğ›€ cm
2023-05-19 16:46:05,111 INFO Measurement at current 0.0836180904522613
2023-05-19 16:46:05,703 INFO T:135.59Â°K V:1.1279e+00V I:8.3618e-02A R:1.3489e+01ğ›€ E:1.7624e+01V/cm J:7.6714e-01A/cm2 ğ›’:2.2973e+01ğ›€ cm
2023-05-19 16:46:05,722 INFO Measurement at current 0.0842713567839196
2023-05-19 16:46:06,314 INFO T:135.61Â°K V:1.1285e+00V I:8.4271e-02A R:1.3392e+01ğ›€ E:1.7633e+01V/cm J:7.7313e-01A/cm2 ğ›’:2.2808e+01ğ›€ cm
2023-05-19 16:46:06,338 INFO Measurement at current 0.08492462311557789
2023-05-19 16:46:06,936 INFO T:135.62Â°K V:1.1290e+00V I:8.4925e-02A R:1.3294e+01ğ›€ E:1.7640e+01V/cm J:7.7912e-01A/cm2 ğ›’:2.2641e+01ğ›€ cm
2023-05-19 16:46:06,952 INFO Measurement at current 0.08557788944723618
2023-05-19 16:46:07,547 INFO T:135.64Â°K V:1.1294e+00V I:8.5578e-02A R:1.3198e+01ğ›€ E:1.7647e+01V/cm J:7.8512e-01A/cm2 ğ›’:2.2477e+01ğ›€ cm
2023-05-19 16:46:07,574 INFO Measurement at current 0.08623115577889447
2023-05-19 16:46:08,166 INFO T:135.65Â°K V:1.1296e+00V I:8.6231e-02A R:1.3100e+01ğ›€ E:1.7650e+01V/cm J:7.9111e-01A/cm2 ğ›’:2.2311e+01ğ›€ cm
2023-05-19 16:46:08,182 INFO Measurement at current 0.08688442211055276
2023-05-19 16:46:08,781 INFO T:135.67Â°K V:1.1302e+00V I:8.6884e-02A R:1.3008e+01ğ›€ E:1.7659e+01V/cm J:7.9710e-01A/cm2 ğ›’:2.2155e+01ğ›€ cm
2023-05-19 16:46:08,801 INFO Measurement at current 0.08753768844221105
2023-05-19 16:46:09,396 INFO T:135.68Â°K V:1.1305e+00V I:8.7538e-02A R:1.2915e+01ğ›€ E:1.7664e+01V/cm J:8.0310e-01A/cm2 ğ›’:2.1995e+01ğ›€ cm
2023-05-19 16:46:09,420 INFO Measurement at current 0.08819095477386935
2023-05-19 16:46:10,015 INFO T:135.70Â°K V:1.1307e+00V I:8.8191e-02A R:1.2821e+01ğ›€ E:1.7667e+01V/cm J:8.0909e-01A/cm2 ğ›’:2.1836e+01ğ›€ cm
2023-05-19 16:46:10,043 INFO Measurement at current 0.08884422110552763
2023-05-19 16:46:10,652 INFO T:135.71Â°K V:1.1311e+00V I:8.8844e-02A R:1.2731e+01ğ›€ E:1.7673e+01V/cm J:8.1508e-01A/cm2 ğ›’:2.1682e+01ğ›€ cm
2023-05-19 16:46:10,670 INFO Measurement at current 0.08949748743718593
2023-05-19 16:46:11,266 INFO T:135.73Â°K V:1.1313e+00V I:8.9497e-02A R:1.2640e+01ğ›€ E:1.7676e+01V/cm J:8.2108e-01A/cm2 ğ›’:2.1528e+01ğ›€ cm
2023-05-19 16:46:11,280 INFO Measurement at current 0.09015075376884422
2023-05-19 16:46:11,863 INFO T:135.74Â°K V:1.1317e+00V I:9.0151e-02A R:1.2554e+01ğ›€ E:1.7683e+01V/cm J:8.2707e-01A/cm2 ğ›’:2.1380e+01ğ›€ cm
2023-05-19 16:46:11,877 INFO Measurement at current 0.09080402010050251
2023-05-19 16:46:12,464 INFO T:135.76Â°K V:1.1322e+00V I:9.0804e-02A R:1.2468e+01ğ›€ E:1.7690e+01V/cm J:8.3306e-01A/cm2 ğ›’:2.1235e+01ğ›€ cm
2023-05-19 16:46:12,492 INFO Measurement at current 0.0914572864321608
2023-05-19 16:46:13,097 INFO T:135.77Â°K V:1.1323e+00V I:9.1457e-02A R:1.2381e+01ğ›€ E:1.7692e+01V/cm J:8.3906e-01A/cm2 ğ›’:2.1086e+01ğ›€ cm
2023-05-19 16:46:13,114 INFO Measurement at current 0.09211055276381909
2023-05-19 16:46:13,705 INFO T:135.78Â°K V:1.1325e+00V I:9.2111e-02A R:1.2295e+01ğ›€ E:1.7695e+01V/cm J:8.4505e-01A/cm2 ğ›’:2.0940e+01ğ›€ cm
2023-05-19 16:46:13,735 INFO Measurement at current 0.09276381909547739
2023-05-19 16:46:14,329 INFO T:135.80Â°K V:1.1327e+00V I:9.2764e-02A R:1.2210e+01ğ›€ E:1.7698e+01V/cm J:8.5104e-01A/cm2 ğ›’:2.0795e+01ğ›€ cm
2023-05-19 16:46:14,353 INFO Measurement at current 0.09341708542713567
2023-05-19 16:46:14,953 INFO T:135.81Â°K V:1.1328e+00V I:9.3417e-02A R:1.2126e+01ğ›€ E:1.7699e+01V/cm J:8.5704e-01A/cm2 ğ›’:2.0652e+01ğ›€ cm
2023-05-19 16:46:14,967 INFO Measurement at current 0.09407035175879397
2023-05-19 16:46:15,553 INFO T:135.83Â°K V:1.1333e+00V I:9.4070e-02A R:1.2047e+01ğ›€ E:1.7708e+01V/cm J:8.6303e-01A/cm2 ğ›’:2.0518e+01ğ›€ cm
2023-05-19 16:46:15,569 INFO Measurement at current 0.09472361809045225
2023-05-19 16:46:16,151 INFO T:135.84Â°K V:1.1337e+00V I:9.4724e-02A R:1.1969e+01ğ›€ E:1.7714e+01V/cm J:8.6902e-01A/cm2 ğ›’:2.0384e+01ğ›€ cm
2023-05-19 16:46:16,167 INFO Measurement at current 0.09537688442211055
2023-05-19 16:46:16,753 INFO T:135.86Â°K V:1.1340e+00V I:9.5377e-02A R:1.1890e+01ğ›€ E:1.7719e+01V/cm J:8.7502e-01A/cm2 ğ›’:2.0250e+01ğ›€ cm
2023-05-19 16:46:16,775 INFO Measurement at current 0.09603015075376885
2023-05-19 16:46:17,388 INFO T:135.87Â°K V:1.1342e+00V I:9.6030e-02A R:1.1811e+01ğ›€ E:1.7722e+01V/cm J:8.8101e-01A/cm2 ğ›’:2.0116e+01ğ›€ cm
2023-05-19 16:46:17,413 INFO Measurement at current 0.09668341708542713
2023-05-19 16:46:18,007 INFO T:135.89Â°K V:1.1344e+00V I:9.6683e-02A R:1.1733e+01ğ›€ E:1.7724e+01V/cm J:8.8700e-01A/cm2 ğ›’:1.9982e+01ğ›€ cm
2023-05-19 16:46:18,034 INFO Measurement at current 0.09733668341708543
2023-05-19 16:46:18,620 INFO T:135.90Â°K V:1.1348e+00V I:9.7337e-02A R:1.1659e+01ğ›€ E:1.7732e+01V/cm J:8.9300e-01A/cm2 ğ›’:1.9856e+01ğ›€ cm
2023-05-19 16:46:18,638 INFO Measurement at current 0.09798994974874371
2023-05-19 16:46:19,224 INFO T:135.92Â°K V:1.1354e+00V I:9.7990e-02A R:1.1587e+01ğ›€ E:1.7741e+01V/cm J:8.9899e-01A/cm2 ğ›’:1.9734e+01ğ›€ cm
2023-05-19 16:46:19,255 INFO Measurement at current 0.09864321608040201
2023-05-19 16:46:19,854 INFO T:135.93Â°K V:1.1359e+00V I:9.8643e-02A R:1.1515e+01ğ›€ E:1.7749e+01V/cm J:9.0498e-01A/cm2 ğ›’:1.9612e+01ğ›€ cm
2023-05-19 16:46:19,897 INFO Measurement at current 0.0992964824120603
2023-05-19 16:46:20,487 INFO T:135.95Â°K V:1.1358e+00V I:9.9296e-02A R:1.1438e+01ğ›€ E:1.7747e+01V/cm J:9.1098e-01A/cm2 ğ›’:1.9481e+01ğ›€ cm
2023-05-19 16:46:20,502 INFO Measurement at current 0.09994974874371859
2023-05-19 16:46:21,089 INFO T:135.96Â°K V:1.1361e+00V I:9.9950e-02A R:1.1367e+01ğ›€ E:1.7751e+01V/cm J:9.1697e-01A/cm2 ğ›’:1.9359e+01ğ›€ cm
2023-05-19 16:46:21,103 INFO Measurement at current 0.10060301507537688
2023-05-19 16:46:21,715 INFO T:135.97Â°K V:1.1361e+00V I:1.0060e-01A R:1.1293e+01ğ›€ E:1.7752e+01V/cm J:9.2296e-01A/cm2 ğ›’:1.9234e+01ğ›€ cm
2023-05-19 16:46:21,730 INFO Measurement at current 0.10125628140703517
2023-05-19 16:46:22,323 INFO T:135.99Â°K V:1.1365e+00V I:1.0126e-01A R:1.1224e+01ğ›€ E:1.7757e+01V/cm J:9.2896e-01A/cm2 ğ›’:1.9115e+01ğ›€ cm
2023-05-19 16:46:22,338 INFO Measurement at current 0.10190954773869347
2023-05-19 16:46:22,923 INFO T:136.00Â°K V:1.1369e+00V I:1.0191e-01A R:1.1156e+01ğ›€ E:1.7763e+01V/cm J:9.3495e-01A/cm2 ğ›’:1.8999e+01ğ›€ cm
2023-05-19 16:46:22,951 INFO Measurement at current 0.10256281407035175
2023-05-19 16:46:23,540 INFO T:136.02Â°K V:1.1371e+00V I:1.0256e-01A R:1.1086e+01ğ›€ E:1.7766e+01V/cm J:9.4094e-01A/cm2 ğ›’:1.8882e+01ğ›€ cm
2023-05-19 16:46:23,562 INFO Measurement at current 0.10321608040201005
2023-05-19 16:46:24,147 INFO T:136.03Â°K V:1.1373e+00V I:1.0322e-01A R:1.1019e+01ğ›€ E:1.7771e+01V/cm J:9.4694e-01A/cm2 ğ›’:1.8767e+01ğ›€ cm
2023-05-19 16:46:24,165 INFO Measurement at current 0.10386934673366834
2023-05-19 16:46:24,754 INFO T:136.05Â°K V:1.1377e+00V I:1.0387e-01A R:1.0953e+01ğ›€ E:1.7776e+01V/cm J:9.5293e-01A/cm2 ğ›’:1.8654e+01ğ›€ cm
2023-05-19 16:46:24,770 INFO Measurement at current 0.10452261306532663
2023-05-19 16:46:25,363 INFO T:136.06Â°K V:1.1377e+00V I:1.0452e-01A R:1.0885e+01ğ›€ E:1.7777e+01V/cm J:9.5892e-01A/cm2 ğ›’:1.8539e+01ğ›€ cm
2023-05-19 16:46:25,393 INFO Measurement at current 0.10517587939698492
2023-05-19 16:46:25,976 INFO T:136.08Â°K V:1.1384e+00V I:1.0518e-01A R:1.0823e+01ğ›€ E:1.7787e+01V/cm J:9.6492e-01A/cm2 ğ›’:1.8434e+01ğ›€ cm
2023-05-19 16:46:25,997 INFO Measurement at current 0.10582914572864321
2023-05-19 16:46:26,594 INFO T:136.09Â°K V:1.1383e+00V I:1.0583e-01A R:1.0756e+01ğ›€ E:1.7786e+01V/cm J:9.7091e-01A/cm2 ğ›’:1.8319e+01ğ›€ cm
2023-05-19 16:46:26,614 INFO Measurement at current 0.1064824120603015
2023-05-19 16:46:27,212 INFO T:136.11Â°K V:1.1383e+00V I:1.0648e-01A R:1.0690e+01ğ›€ E:1.7786e+01V/cm J:9.7690e-01A/cm2 ğ›’:1.8207e+01ğ›€ cm
2023-05-19 16:46:27,233 INFO Measurement at current 0.1071356783919598
2023-05-19 16:46:27,827 INFO T:136.12Â°K V:1.1387e+00V I:1.0714e-01A R:1.0629e+01ğ›€ E:1.7792e+01V/cm J:9.8290e-01A/cm2 ğ›’:1.8102e+01ğ›€ cm
2023-05-19 16:46:27,848 INFO Measurement at current 0.1077889447236181
2023-05-19 16:46:28,433 INFO T:136.13Â°K V:1.1388e+00V I:1.0779e-01A R:1.0565e+01ğ›€ E:1.7793e+01V/cm J:9.8889e-01A/cm2 ğ›’:1.7993e+01ğ›€ cm
2023-05-19 16:46:28,458 INFO Measurement at current 0.10844221105527638
2023-05-19 16:46:29,056 INFO T:136.15Â°K V:1.1391e+00V I:1.0844e-01A R:1.0504e+01ğ›€ E:1.7799e+01V/cm J:9.9488e-01A/cm2 ğ›’:1.7890e+01ğ›€ cm
2023-05-19 16:46:29,072 INFO Measurement at current 0.10909547738693468
2023-05-19 16:46:29,676 INFO T:136.16Â°K V:1.1394e+00V I:1.0910e-01A R:1.0444e+01ğ›€ E:1.7803e+01V/cm J:1.0009e+00A/cm2 ğ›’:1.7788e+01ğ›€ cm
2023-05-19 16:46:29,692 INFO Measurement at current 0.10974874371859296
2023-05-19 16:46:30,282 INFO T:136.18Â°K V:1.1396e+00V I:1.0975e-01A R:1.0383e+01ğ›€ E:1.7806e+01V/cm J:1.0069e+00A/cm2 ğ›’:1.7684e+01ğ›€ cm
2023-05-19 16:46:30,299 INFO Measurement at current 0.11040201005025126
2023-05-19 16:46:30,900 INFO T:136.19Â°K V:1.1400e+00V I:1.1040e-01A R:1.0326e+01ğ›€ E:1.7812e+01V/cm J:1.0129e+00A/cm2 ğ›’:1.7586e+01ğ›€ cm
2023-05-19 16:46:30,922 INFO Measurement at current 0.11105527638190954
2023-05-19 16:46:31,514 INFO T:136.21Â°K V:1.1401e+00V I:1.1106e-01A R:1.0266e+01ğ›€ E:1.7814e+01V/cm J:1.0189e+00A/cm2 ğ›’:1.7484e+01ğ›€ cm
2023-05-19 16:46:31,536 INFO Measurement at current 0.11170854271356784
2023-05-19 16:46:32,136 INFO T:136.22Â°K V:1.1403e+00V I:1.1171e-01A R:1.0208e+01ğ›€ E:1.7817e+01V/cm J:1.0248e+00A/cm2 ğ›’:1.7385e+01ğ›€ cm
2023-05-19 16:46:32,154 INFO Measurement at current 0.11236180904522612
2023-05-19 16:46:32,770 INFO T:136.24Â°K V:1.1404e+00V I:1.1236e-01A R:1.0149e+01ğ›€ E:1.7819e+01V/cm J:1.0308e+00A/cm2 ğ›’:1.7286e+01ğ›€ cm
2023-05-19 16:46:32,829 INFO Measurement at current 0.11301507537688442
2023-05-19 16:46:33,459 INFO T:136.25Â°K V:1.1399e+00V I:1.1302e-01A R:1.0086e+01ğ›€ E:1.7811e+01V/cm J:1.0368e+00A/cm2 ğ›’:1.7178e+01ğ›€ cm
2023-05-19 16:46:33,479 INFO Measurement at current 0.11366834170854272
2023-05-19 16:46:34,071 INFO T:136.27Â°K V:1.1401e+00V I:1.1367e-01A R:1.0030e+01ğ›€ E:1.7814e+01V/cm J:1.0428e+00A/cm2 ğ›’:1.7083e+01ğ›€ cm
2023-05-19 16:46:34,112 INFO Measurement at current 0.114321608040201
2023-05-19 16:46:34,709 INFO T:136.28Â°K V:1.1401e+00V I:1.1432e-01A R:9.9731e+00ğ›€ E:1.7815e+01V/cm J:1.0488e+00A/cm2 ğ›’:1.6985e+01ğ›€ cm
2023-05-19 16:46:34,735 INFO Measurement at current 0.1149748743718593
2023-05-19 16:46:35,343 INFO T:136.30Â°K V:1.1404e+00V I:1.1497e-01A R:9.9186e+00ğ›€ E:1.7819e+01V/cm J:1.0548e+00A/cm2 ğ›’:1.6893e+01ğ›€ cm
2023-05-19 16:46:35,364 INFO Measurement at current 0.11562814070351758
2023-05-19 16:46:35,958 INFO T:136.31Â°K V:1.1411e+00V I:1.1563e-01A R:9.8686e+00ğ›€ E:1.7830e+01V/cm J:1.0608e+00A/cm2 ğ›’:1.6808e+01ğ›€ cm
2023-05-19 16:46:35,974 INFO Measurement at current 0.11628140703517588
2023-05-19 16:46:36,563 INFO T:136.33Â°K V:1.1414e+00V I:1.1628e-01A R:9.8159e+00ğ›€ E:1.7834e+01V/cm J:1.0668e+00A/cm2 ğ›’:1.6718e+01ğ›€ cm
2023-05-19 16:46:36,596 INFO Measurement at current 0.11693467336683416
2023-05-19 16:46:37,189 INFO T:136.34Â°K V:1.1414e+00V I:1.1693e-01A R:9.7613e+00ğ›€ E:1.7835e+01V/cm J:1.0728e+00A/cm2 ğ›’:1.6625e+01ğ›€ cm
2023-05-19 16:46:37,209 INFO Measurement at current 0.11758793969849246
2023-05-19 16:46:37,793 INFO T:136.36Â°K V:1.1417e+00V I:1.1759e-01A R:9.7091e+00ğ›€ E:1.7839e+01V/cm J:1.0788e+00A/cm2 ğ›’:1.6536e+01ğ›€ cm
2023-05-19 16:46:37,816 INFO Measurement at current 0.11824120603015074
2023-05-19 16:46:38,410 INFO T:136.37Â°K V:1.1422e+00V I:1.1824e-01A R:9.6595e+00ğ›€ E:1.7846e+01V/cm J:1.0848e+00A/cm2 ğ›’:1.6451e+01ğ›€ cm
2023-05-19 16:46:38,450 INFO Measurement at current 0.11889447236180904
2023-05-19 16:46:39,051 INFO T:136.39Â°K V:1.1420e+00V I:1.1889e-01A R:9.6055e+00ğ›€ E:1.7844e+01V/cm J:1.0908e+00A/cm2 ğ›’:1.6359e+01ğ›€ cm
2023-05-19 16:46:39,075 INFO Measurement at current 0.11954773869346734
2023-05-19 16:46:39,675 INFO T:136.40Â°K V:1.1422e+00V I:1.1955e-01A R:9.5544e+00ğ›€ E:1.7847e+01V/cm J:1.0968e+00A/cm2 ğ›’:1.6272e+01ğ›€ cm
2023-05-19 16:46:39,701 INFO Measurement at current 0.12020100502512562
2023-05-19 16:46:40,318 INFO T:136.42Â°K V:1.1425e+00V I:1.2020e-01A R:9.5050e+00ğ›€ E:1.7852e+01V/cm J:1.1028e+00A/cm2 ğ›’:1.6188e+01ğ›€ cm
2023-05-19 16:46:40,336 INFO Measurement at current 0.12085427135678392
2023-05-19 16:46:40,941 INFO T:136.43Â°K V:1.1426e+00V I:1.2085e-01A R:9.4547e+00ğ›€ E:1.7854e+01V/cm J:1.1088e+00A/cm2 ğ›’:1.6103e+01ğ›€ cm
2023-05-19 16:46:40,968 INFO Measurement at current 0.1215075376884422
2023-05-19 16:46:41,570 INFO T:136.45Â°K V:1.1424e+00V I:1.2151e-01A R:9.4021e+00ğ›€ E:1.7850e+01V/cm J:1.1147e+00A/cm2 ğ›’:1.6013e+01ğ›€ cm
2023-05-19 16:46:41,587 INFO Measurement at current 0.1221608040201005
2023-05-19 16:46:42,176 INFO T:136.46Â°K V:1.1428e+00V I:1.2216e-01A R:9.3549e+00ğ›€ E:1.7856e+01V/cm J:1.1207e+00A/cm2 ğ›’:1.5932e+01ğ›€ cm
2023-05-19 16:46:42,207 INFO Measurement at current 0.12281407035175879
2023-05-19 16:46:42,798 INFO T:136.48Â°K V:1.1430e+00V I:1.2281e-01A R:9.3069e+00ğ›€ E:1.7860e+01V/cm J:1.1267e+00A/cm2 ğ›’:1.5851e+01ğ›€ cm
2023-05-19 16:46:42,821 INFO Measurement at current 0.12346733668341708
2023-05-19 16:46:43,411 INFO T:136.49Â°K V:1.1433e+00V I:1.2347e-01A R:9.2595e+00ğ›€ E:1.7863e+01V/cm J:1.1327e+00A/cm2 ğ›’:1.5770e+01ğ›€ cm
2023-05-19 16:46:43,430 INFO Measurement at current 0.12412060301507537
2023-05-19 16:46:44,032 INFO T:136.51Â°K V:1.1437e+00V I:1.2412e-01A R:9.2141e+00ğ›€ E:1.7870e+01V/cm J:1.1387e+00A/cm2 ğ›’:1.5693e+01ğ›€ cm
2023-05-19 16:46:44,051 INFO Measurement at current 0.12477386934673367
2023-05-19 16:46:44,645 INFO T:136.52Â°K V:1.1438e+00V I:1.2477e-01A R:9.1672e+00ğ›€ E:1.7872e+01V/cm J:1.1447e+00A/cm2 ğ›’:1.5613e+01ğ›€ cm
2023-05-19 16:46:44,661 INFO Measurement at current 0.12542713567839195
2023-05-19 16:46:45,248 INFO T:136.53Â°K V:1.1445e+00V I:1.2543e-01A R:9.1250e+00ğ›€ E:1.7883e+01V/cm J:1.1507e+00A/cm2 ğ›’:1.5541e+01ğ›€ cm
2023-05-19 16:46:45,270 INFO Measurement at current 0.12608040201005025
2023-05-19 16:46:45,875 INFO T:136.55Â°K V:1.1448e+00V I:1.2608e-01A R:9.0801e+00ğ›€ E:1.7888e+01V/cm J:1.1567e+00A/cm2 ğ›’:1.5464e+01ğ›€ cm
2023-05-19 16:46:45,902 INFO Measurement at current 0.12673366834170854
2023-05-19 16:46:46,579 INFO T:136.56Â°K V:1.1448e+00V I:1.2673e-01A R:9.0334e+00ğ›€ E:1.7888e+01V/cm J:1.1627e+00A/cm2 ğ›’:1.5385e+01ğ›€ cm
2023-05-19 16:46:46,609 INFO Measurement at current 0.12738693467336684
2023-05-19 16:46:47,196 INFO T:136.58Â°K V:1.1446e+00V I:1.2739e-01A R:8.9854e+00ğ›€ E:1.7885e+01V/cm J:1.1687e+00A/cm2 ğ›’:1.5303e+01ğ›€ cm
2023-05-19 16:46:47,220 INFO Measurement at current 0.1280402010050251
2023-05-19 16:46:47,806 INFO T:136.60Â°K V:1.1452e+00V I:1.2804e-01A R:8.9438e+00ğ›€ E:1.7893e+01V/cm J:1.1747e+00A/cm2 ğ›’:1.5232e+01ğ›€ cm
2023-05-19 16:46:47,827 INFO Measurement at current 0.1286934673366834
2023-05-19 16:46:48,416 INFO T:136.61Â°K V:1.1454e+00V I:1.2869e-01A R:8.9004e+00ğ›€ E:1.7897e+01V/cm J:1.1807e+00A/cm2 ğ›’:1.5158e+01ğ›€ cm
2023-05-19 16:46:48,439 INFO Measurement at current 0.1293467336683417
2023-05-19 16:46:49,047 INFO T:136.62Â°K V:1.1458e+00V I:1.2935e-01A R:8.8582e+00ğ›€ E:1.7903e+01V/cm J:1.1867e+00A/cm2 ğ›’:1.5087e+01ğ›€ cm
2023-05-19 16:46:49,075 INFO Measurement at current 0.13
2023-05-19 16:46:49,665 INFO T:136.64Â°K V:1.1460e+00V I:1.3000e-01A R:8.8152e+00ğ›€ E:1.7906e+01V/cm J:1.1927e+00A/cm2 ğ›’:1.5013e+01ğ›€ cm
2023-05-19 16:47:20,680 INFO Save the description file
2023-05-19 16:47:20,689 INFO Save data in numpy format Esperimenti/CPRO_MUSA_190523_I_V/CPRO_MUSA_190523_I_V_current_from_0_to_1300e-4A/CPRO_MUSA_190523_I_V_current_from_0_to_1300e-4A-20230519164719
2023-05-19 16:47:20,700 INFO Save data in CSV format Esperimenti/CPRO_MUSA_190523_I_V/CPRO_MUSA_190523_I_V_current_from_0_to_1300e-4A/CPRO_MUSA_190523_I_V_current_from_0_to_1300e-4A-20230519164719.csv
2023-05-19 16:47:20,714 INFO Save plot as image Esperimenti/CPRO_MUSA_190523_I_V/CPRO_MUSA_190523_I_V_current_from_0_to_1300e-4A/CPRO_MUSA_190523_I_V_current_from_0_to_1300e-4A-20230519164719.png
