2023-05-19 16:48:06,335 INFO ### Start experiment: CPRO_MUSA_190523_I_V current from 0 to 1300e-4A ###
2023-05-19 16:48:07,683 INFO Found Multimeter KEITHLEY INSTRUMENTS INC.,MODEL 2700,0884890,B03  /A02  

2023-05-19 16:48:08,713 INFO Found Nanovolt Meter KEITHLEY INSTRUMENTS INC.,MODEL 2182A,4056474,C03  /A02  

2023-05-19 16:48:08,826 INFO Found Source Meter KEITHLEY INSTRUMENTS INC.,MODEL 2400,0945684,C24   Feb 14 2002 11:59:45/A02  /K/H

2023-05-19 16:48:08,955 INFO Start the measurement loop
2023-05-19 16:48:14,544 INFO Measurement at current 0.0
2023-05-19 16:48:15,469 INFO T:138.43Â°K V:4.7731e-06V I:0.0000e+00A R:infğ›€ E:7.4580e-05V/cm J:0.0000e+00A/cm2 ğ›’:infğ›€ cm
2023-05-19 16:48:15,487 INFO Measurement at current 0.0006532663316582914
2023-05-19 16:48:16,724 INFO T:138.46Â°K V:1.9328e-02V I:6.5327e-04A R:2.9587e+01ğ›€ E:3.0200e-01V/cm J:5.9933e-03A/cm2 ğ›’:5.0390e+01ğ›€ cm
2023-05-19 16:48:16,742 INFO Measurement at current 0.0013065326633165829
2023-05-19 16:48:17,339 INFO T:138.47Â°K V:3.8618e-02V I:1.3065e-03A R:2.9558e+01ğ›€ E:6.0341e-01V/cm J:1.1987e-02A/cm2 ğ›’:5.0341e+01ğ›€ cm
2023-05-19 16:48:17,362 INFO Measurement at current 0.001959798994974874
2023-05-19 16:48:17,964 INFO T:138.49Â°K V:5.7885e-02V I:1.9598e-03A R:2.9536e+01ğ›€ E:9.0446e-01V/cm J:1.7980e-02A/cm2 ğ›’:5.0304e+01ğ›€ cm
2023-05-19 16:48:17,981 INFO Measurement at current 0.0026130653266331657
2023-05-19 16:48:18,574 INFO T:138.50Â°K V:7.7072e-02V I:2.6131e-03A R:2.9495e+01ğ›€ E:1.2042e+00V/cm J:2.3973e-02A/cm2 ğ›’:5.0233e+01ğ›€ cm
2023-05-19 16:48:18,589 INFO Measurement at current 0.0032663316582914573
2023-05-19 16:48:19,188 INFO T:138.51Â°K V:9.6245e-02V I:3.2663e-03A R:2.9466e+01ğ›€ E:1.5038e+00V/cm J:2.9966e-02A/cm2 ğ›’:5.0184e+01ğ›€ cm
2023-05-19 16:48:19,206 INFO Measurement at current 0.003919597989949748
2023-05-19 16:48:19,807 INFO T:138.52Â°K V:1.1534e-01V I:3.9196e-03A R:2.9425e+01ğ›€ E:1.8021e+00V/cm J:3.5960e-02A/cm2 ğ›’:5.0115e+01ğ›€ cm
2023-05-19 16:48:19,830 INFO Measurement at current 0.00457286432160804
2023-05-19 16:48:20,967 INFO T:138.55Â°K V:1.3422e-01V I:4.5729e-03A R:2.9350e+01ğ›€ E:2.0971e+00V/cm J:4.1953e-02A/cm2 ğ›’:4.9988e+01ğ›€ cm
2023-05-19 16:48:20,990 INFO Measurement at current 0.0052261306532663315
2023-05-19 16:48:21,597 INFO T:138.56Â°K V:1.5314e-01V I:5.2261e-03A R:2.9304e+01ğ›€ E:2.3929e+00V/cm J:4.7946e-02A/cm2 ğ›’:4.9908e+01ğ›€ cm
2023-05-19 16:48:21,617 INFO Measurement at current 0.005879396984924623
2023-05-19 16:48:22,217 INFO T:138.57Â°K V:1.7200e-01V I:5.8794e-03A R:2.9255e+01ğ›€ E:2.6876e+00V/cm J:5.3939e-02A/cm2 ğ›’:4.9826e+01ğ›€ cm
2023-05-19 16:48:22,237 INFO Measurement at current 0.006532663316582915
2023-05-19 16:48:22,824 INFO T:138.59Â°K V:1.9073e-01V I:6.5327e-03A R:2.9196e+01ğ›€ E:2.9802e+00V/cm J:5.9933e-02A/cm2 ğ›’:4.9725e+01ğ›€ cm
2023-05-19 16:48:22,838 INFO Measurement at current 0.007185929648241206
2023-05-19 16:48:23,433 INFO T:138.60Â°K V:2.0939e-01V I:7.1859e-03A R:2.9140e+01ğ›€ E:3.2718e+00V/cm J:6.5926e-02A/cm2 ğ›’:4.9628e+01ğ›€ cm
2023-05-19 16:48:23,455 INFO Measurement at current 0.007839195979899497
2023-05-19 16:48:24,046 INFO T:138.61Â°K V:2.2788e-01V I:7.8392e-03A R:2.9069e+01ğ›€ E:3.5606e+00V/cm J:7.1919e-02A/cm2 ğ›’:4.9509e+01ğ›€ cm
2023-05-19 16:48:24,071 INFO Measurement at current 0.00849246231155779
2023-05-19 16:48:24,677 INFO T:138.62Â°K V:2.4626e-01V I:8.4925e-03A R:2.8997e+01ğ›€ E:3.8478e+00V/cm J:7.7912e-02A/cm2 ğ›’:4.9386e+01ğ›€ cm
2023-05-19 16:48:24,702 INFO Measurement at current 0.00914572864321608
2023-05-19 16:48:25,298 INFO T:138.64Â°K V:2.6446e-01V I:9.1457e-03A R:2.8916e+01ğ›€ E:4.1322e+00V/cm J:8.3906e-02A/cm2 ğ›’:4.9248e+01ğ›€ cm
2023-05-19 16:48:25,314 INFO Measurement at current 0.009798994974874372
2023-05-19 16:48:25,917 INFO T:138.65Â°K V:2.8251e-01V I:9.7990e-03A R:2.8831e+01ğ›€ E:4.4143e+00V/cm J:8.9899e-02A/cm2 ğ›’:4.9103e+01ğ›€ cm
2023-05-19 16:48:25,936 INFO Measurement at current 0.010452261306532663
2023-05-19 16:48:26,520 INFO T:138.66Â°K V:3.0042e-01V I:1.0452e-02A R:2.8742e+01ğ›€ E:4.6941e+00V/cm J:9.5892e-02A/cm2 ğ›’:4.8952e+01ğ›€ cm
2023-05-19 16:48:26,536 INFO Measurement at current 0.011105527638190954
2023-05-19 16:48:27,131 INFO T:138.68Â°K V:3.1816e-01V I:1.1106e-02A R:2.8649e+01ğ›€ E:4.9712e+00V/cm J:1.0189e-01A/cm2 ğ›’:4.8792e+01ğ›€ cm
2023-05-19 16:48:27,154 INFO Measurement at current 0.011758793969849246
2023-05-19 16:48:27,755 INFO T:138.69Â°K V:3.3572e-01V I:1.1759e-02A R:2.8550e+01ğ›€ E:5.2456e+00V/cm J:1.0788e-01A/cm2 ğ›’:4.8625e+01ğ›€ cm
2023-05-19 16:48:27,785 INFO Measurement at current 0.012412060301507537
2023-05-19 16:48:28,380 INFO T:138.70Â°K V:3.5289e-01V I:1.2412e-02A R:2.8432e+01ğ›€ E:5.5140e+00V/cm J:1.1387e-01A/cm2 ğ›’:4.8422e+01ğ›€ cm
2023-05-19 16:48:28,405 INFO Measurement at current 0.01306532663316583
2023-05-19 16:48:28,993 INFO T:138.71Â°K V:3.7003e-01V I:1.3065e-02A R:2.8321e+01ğ›€ E:5.7817e+00V/cm J:1.1987e-01A/cm2 ğ›’:4.8235e+01ğ›€ cm
2023-05-19 16:48:29,013 INFO Measurement at current 0.01371859296482412
2023-05-19 16:48:29,601 INFO T:138.73Â°K V:3.8693e-01V I:1.3719e-02A R:2.8205e+01ğ›€ E:6.0458e+00V/cm J:1.2586e-01A/cm2 ğ›’:4.8037e+01ğ›€ cm
2023-05-19 16:48:29,618 INFO Measurement at current 0.014371859296482412
2023-05-19 16:48:30,216 INFO T:138.74Â°K V:4.0338e-01V I:1.4372e-02A R:2.8067e+01ğ›€ E:6.3027e+00V/cm J:1.3185e-01A/cm2 ğ›’:4.7802e+01ğ›€ cm
2023-05-19 16:48:30,239 INFO Measurement at current 0.015025125628140703
2023-05-19 16:48:30,841 INFO T:138.75Â°K V:4.1968e-01V I:1.5025e-02A R:2.7932e+01ğ›€ E:6.5575e+00V/cm J:1.3785e-01A/cm2 ğ›’:4.7571e+01ğ›€ cm
2023-05-19 16:48:30,859 INFO Measurement at current 0.015678391959798994
2023-05-19 16:48:31,447 INFO T:138.76Â°K V:4.3585e-01V I:1.5678e-02A R:2.7800e+01ğ›€ E:6.8102e+00V/cm J:1.4384e-01A/cm2 ğ›’:4.7346e+01ğ›€ cm
2023-05-19 16:48:31,476 INFO Measurement at current 0.016331658291457284
2023-05-19 16:48:32,077 INFO T:138.78Â°K V:4.5150e-01V I:1.6332e-02A R:2.7646e+01ğ›€ E:7.0547e+00V/cm J:1.4983e-01A/cm2 ğ›’:4.7084e+01ğ›€ cm
2023-05-19 16:48:32,093 INFO Measurement at current 0.01698492462311558
2023-05-19 16:48:32,702 INFO T:138.79Â°K V:4.6716e-01V I:1.6985e-02A R:2.7504e+01ğ›€ E:7.2994e+00V/cm J:1.5582e-01A/cm2 ğ›’:4.6843e+01ğ›€ cm
2023-05-19 16:48:32,725 INFO Measurement at current 0.01763819095477387
2023-05-19 16:48:33,332 INFO T:138.80Â°K V:4.8241e-01V I:1.7638e-02A R:2.7350e+01ğ›€ E:7.5376e+00V/cm J:1.6182e-01A/cm2 ğ›’:4.6581e+01ğ›€ cm
2023-05-19 16:48:33,353 INFO Measurement at current 0.01829145728643216
2023-05-19 16:48:33,952 INFO T:138.82Â°K V:4.9709e-01V I:1.8291e-02A R:2.7176e+01ğ›€ E:7.7671e+00V/cm J:1.6781e-01A/cm2 ğ›’:4.6284e+01ğ›€ cm
2023-05-19 16:48:33,977 INFO Measurement at current 0.01894472361809045
2023-05-19 16:48:34,570 INFO T:138.83Â°K V:5.1170e-01V I:1.8945e-02A R:2.7010e+01ğ›€ E:7.9953e+00V/cm J:1.7380e-01A/cm2 ğ›’:4.6002e+01ğ›€ cm
2023-05-19 16:48:34,585 INFO Measurement at current 0.019597989949748745
2023-05-19 16:48:35,172 INFO T:138.84Â°K V:5.2603e-01V I:1.9598e-02A R:2.6841e+01ğ›€ E:8.2192e+00V/cm J:1.7980e-01A/cm2 ğ›’:4.5713e+01ğ›€ cm
2023-05-19 16:48:35,193 INFO Measurement at current 0.020251256281407035
2023-05-19 16:48:35,798 INFO T:138.85Â°K V:5.3983e-01V I:2.0251e-02A R:2.6657e+01ğ›€ E:8.4349e+00V/cm J:1.8579e-01A/cm2 ğ›’:4.5400e+01ğ›€ cm
2023-05-19 16:48:35,821 INFO Measurement at current 0.020904522613065326
2023-05-19 16:48:36,422 INFO T:138.87Â°K V:5.5346e-01V I:2.0905e-02A R:2.6476e+01ğ›€ E:8.6478e+00V/cm J:1.9178e-01A/cm2 ğ›’:4.5091e+01ğ›€ cm
2023-05-19 16:48:36,437 INFO Measurement at current 0.021557788944723617
2023-05-19 16:48:37,036 INFO T:138.88Â°K V:5.6688e-01V I:2.1558e-02A R:2.6296e+01ğ›€ E:8.8576e+00V/cm J:1.9778e-01A/cm2 ğ›’:4.4785e+01ğ›€ cm
2023-05-19 16:48:37,054 INFO Measurement at current 0.022211055276381907
2023-05-19 16:48:37,640 INFO T:138.89Â°K V:5.7981e-01V I:2.2211e-02A R:2.6105e+01ğ›€ E:9.0596e+00V/cm J:2.0377e-01A/cm2 ğ›’:4.4460e+01ğ›€ cm
2023-05-19 16:48:37,667 INFO Measurement at current 0.0228643216080402
2023-05-19 16:48:38,253 INFO T:138.90Â°K V:5.9263e-01V I:2.2864e-02A R:2.5919e+01ğ›€ E:9.2598e+00V/cm J:2.0976e-01A/cm2 ğ›’:4.4144e+01ğ›€ cm
2023-05-19 16:48:38,277 INFO Measurement at current 0.023517587939698492
2023-05-19 16:48:38,877 INFO T:138.92Â°K V:6.0529e-01V I:2.3518e-02A R:2.5738e+01ğ›€ E:9.4576e+00V/cm J:2.1576e-01A/cm2 ğ›’:4.3834e+01ğ›€ cm
2023-05-19 16:48:38,900 INFO Measurement at current 0.024170854271356783
2023-05-19 16:48:39,501 INFO T:138.93Â°K V:6.1736e-01V I:2.4171e-02A R:2.5542e+01ğ›€ E:9.6463e+00V/cm J:2.2175e-01A/cm2 ğ›’:4.3501e+01ğ›€ cm
2023-05-19 16:48:39,523 INFO Measurement at current 0.024824120603015074
2023-05-19 16:48:40,127 INFO T:138.94Â°K V:6.2942e-01V I:2.4824e-02A R:2.5355e+01ğ›€ E:9.8348e+00V/cm J:2.2774e-01A/cm2 ğ›’:4.3183e+01ğ›€ cm
2023-05-19 16:48:40,149 INFO Measurement at current 0.025477386934673368
2023-05-19 16:48:40,767 INFO T:138.96Â°K V:6.4072e-01V I:2.5477e-02A R:2.5149e+01ğ›€ E:1.0011e+01V/cm J:2.3374e-01A/cm2 ğ›’:4.2831e+01ğ›€ cm
2023-05-19 16:48:40,792 INFO Measurement at current 0.02613065326633166
2023-05-19 16:48:41,392 INFO T:138.97Â°K V:6.5202e-01V I:2.6131e-02A R:2.4952e+01ğ›€ E:1.0188e+01V/cm J:2.3973e-01A/cm2 ğ›’:4.2497e+01ğ›€ cm
2023-05-19 16:48:41,409 INFO Measurement at current 0.02678391959798995
2023-05-19 16:48:41,994 INFO T:138.98Â°K V:6.6319e-01V I:2.6784e-02A R:2.4761e+01ğ›€ E:1.0362e+01V/cm J:2.4572e-01A/cm2 ğ›’:4.2170e+01ğ›€ cm
2023-05-19 16:48:42,020 INFO Measurement at current 0.02743718592964824
2023-05-19 16:48:42,617 INFO T:138.99Â°K V:6.7382e-01V I:2.7437e-02A R:2.4558e+01ğ›€ E:1.0528e+01V/cm J:2.5172e-01A/cm2 ğ›’:4.1826e+01ğ›€ cm
2023-05-19 16:48:42,646 INFO Measurement at current 0.02809045226130653
2023-05-19 16:48:43,234 INFO T:139.01Â°K V:6.8428e-01V I:2.8090e-02A R:2.4360e+01ğ›€ E:1.0692e+01V/cm J:2.5771e-01A/cm2 ğ›’:4.1488e+01ğ›€ cm
2023-05-19 16:48:43,254 INFO Measurement at current 0.028743718592964825
2023-05-19 16:48:43,837 INFO T:139.02Â°K V:6.9454e-01V I:2.8744e-02A R:2.4163e+01ğ›€ E:1.0852e+01V/cm J:2.6370e-01A/cm2 ğ›’:4.1153e+01ğ›€ cm
2023-05-19 16:48:43,863 INFO Measurement at current 0.029396984924623115
2023-05-19 16:48:44,452 INFO T:139.03Â°K V:7.0458e-01V I:2.9397e-02A R:2.3968e+01ğ›€ E:1.1009e+01V/cm J:2.6970e-01A/cm2 ğ›’:4.0820e+01ğ›€ cm
2023-05-19 16:48:44,475 INFO Measurement at current 0.030050251256281406
2023-05-19 16:48:45,070 INFO T:139.05Â°K V:7.1435e-01V I:3.0050e-02A R:2.3772e+01ğ›€ E:1.1162e+01V/cm J:2.7569e-01A/cm2 ğ›’:4.0486e+01ğ›€ cm
2023-05-19 16:48:45,090 INFO Measurement at current 0.030703517587939697
2023-05-19 16:48:45,691 INFO T:139.06Â°K V:7.2369e-01V I:3.0704e-02A R:2.3570e+01ğ›€ E:1.1308e+01V/cm J:2.8168e-01A/cm2 ğ›’:4.0143e+01ğ›€ cm
2023-05-19 16:48:45,709 INFO Measurement at current 0.03135678391959799
2023-05-19 16:48:46,297 INFO T:139.07Â°K V:7.3253e-01V I:3.1357e-02A R:2.3361e+01ğ›€ E:1.1446e+01V/cm J:2.8768e-01A/cm2 ğ›’:3.9787e+01ğ›€ cm
2023-05-19 16:48:46,313 INFO Measurement at current 0.03201005025125628
2023-05-19 16:48:46,905 INFO T:139.08Â°K V:7.4105e-01V I:3.2010e-02A R:2.3150e+01ğ›€ E:1.1579e+01V/cm J:2.9367e-01A/cm2 ğ›’:3.9428e+01ğ›€ cm
2023-05-19 16:48:46,924 INFO Measurement at current 0.03266331658291457
2023-05-19 16:48:47,526 INFO T:139.10Â°K V:7.4969e-01V I:3.2663e-02A R:2.2952e+01ğ›€ E:1.1714e+01V/cm J:2.9966e-01A/cm2 ğ›’:3.9090e+01ğ›€ cm
2023-05-19 16:48:47,545 INFO Measurement at current 0.033316582914572866
2023-05-19 16:48:48,148 INFO T:139.11Â°K V:7.5779e-01V I:3.3317e-02A R:2.2745e+01ğ›€ E:1.1840e+01V/cm J:3.0566e-01A/cm2 ğ›’:3.8738e+01ğ›€ cm
2023-05-19 16:48:48,165 INFO Measurement at current 0.03396984924623116
2023-05-19 16:48:48,753 INFO T:139.12Â°K V:7.6593e-01V I:3.3970e-02A R:2.2547e+01ğ›€ E:1.1968e+01V/cm J:3.1165e-01A/cm2 ğ›’:3.8401e+01ğ›€ cm
2023-05-19 16:48:48,772 INFO Measurement at current 0.03462311557788945
2023-05-19 16:48:49,356 INFO T:139.13Â°K V:7.7374e-01V I:3.4623e-02A R:2.2348e+01ğ›€ E:1.2090e+01V/cm J:3.1764e-01A/cm2 ğ›’:3.8061e+01ğ›€ cm
2023-05-19 16:48:49,374 INFO Measurement at current 0.03527638190954774
2023-05-19 16:48:49,976 INFO T:139.15Â°K V:7.8125e-01V I:3.5276e-02A R:2.2147e+01ğ›€ E:1.2207e+01V/cm J:3.2364e-01A/cm2 ğ›’:3.7718e+01ğ›€ cm
2023-05-19 16:48:50,010 INFO Measurement at current 0.03592964824120603
2023-05-19 16:48:50,607 INFO T:139.16Â°K V:7.8821e-01V I:3.5930e-02A R:2.1937e+01ğ›€ E:1.2316e+01V/cm J:3.2963e-01A/cm2 ğ›’:3.7362e+01ğ›€ cm
2023-05-19 16:48:50,625 INFO Measurement at current 0.03658291457286432
2023-05-19 16:48:51,219 INFO T:139.17Â°K V:7.9543e-01V I:3.6583e-02A R:2.1743e+01ğ›€ E:1.2429e+01V/cm J:3.3562e-01A/cm2 ğ›’:3.7031e+01ğ›€ cm
2023-05-19 16:48:51,234 INFO Measurement at current 0.03723618090452261
2023-05-19 16:48:51,827 INFO T:139.19Â°K V:8.0233e-01V I:3.7236e-02A R:2.1547e+01ğ›€ E:1.2536e+01V/cm J:3.4162e-01A/cm2 ğ›’:3.6697e+01ğ›€ cm
2023-05-19 16:48:51,844 INFO Measurement at current 0.0378894472361809
2023-05-19 16:48:52,434 INFO T:139.20Â°K V:8.0934e-01V I:3.7889e-02A R:2.1360e+01ğ›€ E:1.2646e+01V/cm J:3.4761e-01A/cm2 ğ›’:3.6380e+01ğ›€ cm
2023-05-19 16:48:52,451 INFO Measurement at current 0.03854271356783919
2023-05-19 16:48:53,036 INFO T:139.21Â°K V:8.1618e-01V I:3.8543e-02A R:2.1176e+01ğ›€ E:1.2753e+01V/cm J:3.5360e-01A/cm2 ğ›’:3.6065e+01ğ›€ cm
2023-05-19 16:48:53,050 INFO Measurement at current 0.03919597989949749
2023-05-19 16:48:53,654 INFO T:139.22Â°K V:8.2253e-01V I:3.9196e-02A R:2.0985e+01ğ›€ E:1.2852e+01V/cm J:3.5960e-01A/cm2 ğ›’:3.5740e+01ğ›€ cm
2023-05-19 16:48:53,676 INFO Measurement at current 0.03984924623115578
2023-05-19 16:48:54,275 INFO T:139.24Â°K V:8.2835e-01V I:3.9849e-02A R:2.0787e+01ğ›€ E:1.2943e+01V/cm J:3.6559e-01A/cm2 ğ›’:3.5403e+01ğ›€ cm
2023-05-19 16:48:54,299 INFO Measurement at current 0.04050251256281407
2023-05-19 16:48:54,888 INFO T:139.25Â°K V:8.3437e-01V I:4.0503e-02A R:2.0601e+01ğ›€ E:1.3037e+01V/cm J:3.7158e-01A/cm2 ğ›’:3.5085e+01ğ›€ cm
2023-05-19 16:48:54,906 INFO Measurement at current 0.04115577889447236
2023-05-19 16:48:55,501 INFO T:139.26Â°K V:8.4009e-01V I:4.1156e-02A R:2.0412e+01ğ›€ E:1.3126e+01V/cm J:3.7758e-01A/cm2 ğ›’:3.4765e+01ğ›€ cm
2023-05-19 16:48:55,517 INFO Measurement at current 0.04180904522613065
2023-05-19 16:48:56,121 INFO T:139.28Â°K V:8.4568e-01V I:4.1809e-02A R:2.0227e+01ğ›€ E:1.3214e+01V/cm J:3.8357e-01A/cm2 ğ›’:3.4450e+01ğ›€ cm
2023-05-19 16:48:56,145 INFO Measurement at current 0.04246231155778894
2023-05-19 16:48:56,733 INFO T:139.29Â°K V:8.5092e-01V I:4.2462e-02A R:2.0039e+01ğ›€ E:1.3296e+01V/cm J:3.8956e-01A/cm2 ğ›’:3.4130e+01ğ›€ cm
2023-05-19 16:48:56,766 INFO Measurement at current 0.04311557788944723
2023-05-19 16:48:57,377 INFO T:139.30Â°K V:8.5599e-01V I:4.3116e-02A R:1.9853e+01ğ›€ E:1.3375e+01V/cm J:3.9556e-01A/cm2 ğ›’:3.3813e+01ğ›€ cm
2023-05-19 16:48:57,399 INFO Measurement at current 0.043768844221105524
2023-05-19 16:48:58,004 INFO T:139.31Â°K V:8.6077e-01V I:4.3769e-02A R:1.9666e+01ğ›€ E:1.3450e+01V/cm J:4.0155e-01A/cm2 ğ›’:3.3494e+01ğ›€ cm
2023-05-19 16:48:58,039 INFO Measurement at current 0.044422110552763815
2023-05-19 16:48:58,639 INFO T:139.33Â°K V:8.6536e-01V I:4.4422e-02A R:1.9480e+01ğ›€ E:1.3521e+01V/cm J:4.0754e-01A/cm2 ğ›’:3.3178e+01ğ›€ cm
2023-05-19 16:48:58,680 INFO Measurement at current 0.04507537688442211
2023-05-19 16:48:59,286 INFO T:139.34Â°K V:8.6978e-01V I:4.5075e-02A R:1.9296e+01ğ›€ E:1.3590e+01V/cm J:4.1354e-01A/cm2 ğ›’:3.2864e+01ğ›€ cm
2023-05-19 16:48:59,315 INFO Measurement at current 0.0457286432160804
2023-05-19 16:48:59,921 INFO T:139.36Â°K V:8.7428e-01V I:4.5729e-02A R:1.9119e+01ğ›€ E:1.3661e+01V/cm J:4.1953e-01A/cm2 ğ›’:3.2562e+01ğ›€ cm
2023-05-19 16:48:59,944 INFO Measurement at current 0.046381909547738694
2023-05-19 16:49:00,582 INFO T:139.37Â°K V:8.7813e-01V I:4.6382e-02A R:1.8933e+01ğ›€ E:1.3721e+01V/cm J:4.2552e-01A/cm2 ğ›’:3.2245e+01ğ›€ cm
2023-05-19 16:49:00,599 INFO Measurement at current 0.047035175879396984
2023-05-19 16:49:01,194 INFO T:139.38Â°K V:8.8207e-01V I:4.7035e-02A R:1.8753e+01ğ›€ E:1.3782e+01V/cm J:4.3152e-01A/cm2 ğ›’:3.1939e+01ğ›€ cm
2023-05-19 16:49:01,212 INFO Measurement at current 0.047688442211055275
2023-05-19 16:49:01,832 INFO T:139.40Â°K V:8.8630e-01V I:4.7688e-02A R:1.8585e+01ğ›€ E:1.3848e+01V/cm J:4.3751e-01A/cm2 ğ›’:3.1653e+01ğ›€ cm
2023-05-19 16:49:01,851 INFO Measurement at current 0.048341708542713566
2023-05-19 16:49:02,440 INFO T:139.41Â°K V:8.9020e-01V I:4.8342e-02A R:1.8415e+01ğ›€ E:1.3909e+01V/cm J:4.4350e-01A/cm2 ğ›’:3.1363e+01ğ›€ cm
2023-05-19 16:49:02,461 INFO Measurement at current 0.048994974874371856
2023-05-19 16:49:03,046 INFO T:139.42Â°K V:8.9431e-01V I:4.8995e-02A R:1.8253e+01ğ›€ E:1.3974e+01V/cm J:4.4950e-01A/cm2 ğ›’:3.1087e+01ğ›€ cm
2023-05-19 16:49:03,061 INFO Measurement at current 0.04964824120603015
2023-05-19 16:49:03,666 INFO T:139.43Â°K V:8.9840e-01V I:4.9648e-02A R:1.8095e+01ğ›€ E:1.4037e+01V/cm J:4.5549e-01A/cm2 ğ›’:3.0818e+01ğ›€ cm
2023-05-19 16:49:03,682 INFO Measurement at current 0.05030150753768844
2023-05-19 16:49:04,278 INFO T:139.45Â°K V:9.0237e-01V I:5.0302e-02A R:1.7939e+01ğ›€ E:1.4100e+01V/cm J:4.6148e-01A/cm2 ğ›’:3.0553e+01ğ›€ cm
2023-05-19 16:49:04,297 INFO Measurement at current 0.050954773869346735
2023-05-19 16:49:04,880 INFO T:139.46Â°K V:9.0628e-01V I:5.0955e-02A R:1.7786e+01ğ›€ E:1.4161e+01V/cm J:4.6747e-01A/cm2 ğ›’:3.0292e+01ğ›€ cm
2023-05-19 16:49:04,897 INFO Measurement at current 0.051608040201005026
2023-05-19 16:49:05,509 INFO T:139.47Â°K V:9.1011e-01V I:5.1608e-02A R:1.7635e+01ğ›€ E:1.4220e+01V/cm J:4.7347e-01A/cm2 ğ›’:3.0035e+01ğ›€ cm
2023-05-19 16:49:05,536 INFO Measurement at current 0.05226130653266332
2023-05-19 16:49:06,142 INFO T:139.49Â°K V:9.1328e-01V I:5.2261e-02A R:1.7475e+01ğ›€ E:1.4270e+01V/cm J:4.7946e-01A/cm2 ğ›’:2.9763e+01ğ›€ cm
2023-05-19 16:49:06,159 INFO Measurement at current 0.05291457286432161
2023-05-19 16:49:06,757 INFO T:139.50Â°K V:9.1659e-01V I:5.2915e-02A R:1.7322e+01ğ›€ E:1.4322e+01V/cm J:4.8545e-01A/cm2 ğ›’:2.9502e+01ğ›€ cm
2023-05-19 16:49:06,783 INFO Measurement at current 0.0535678391959799
2023-05-19 16:49:07,383 INFO T:139.51Â°K V:9.1962e-01V I:5.3568e-02A R:1.7167e+01ğ›€ E:1.4369e+01V/cm J:4.9145e-01A/cm2 ğ›’:2.9238e+01ğ›€ cm
2023-05-19 16:49:07,405 INFO Measurement at current 0.05422110552763819
2023-05-19 16:49:07,988 INFO T:139.53Â°K V:9.2251e-01V I:5.4221e-02A R:1.7014e+01ğ›€ E:1.4414e+01V/cm J:4.9744e-01A/cm2 ğ›’:2.8977e+01ğ›€ cm
2023-05-19 16:49:08,028 INFO Measurement at current 0.05487437185929648
2023-05-19 16:49:08,621 INFO T:139.54Â°K V:9.2555e-01V I:5.4874e-02A R:1.6867e+01ğ›€ E:1.4462e+01V/cm J:5.0343e-01A/cm2 ğ›’:2.8726e+01ğ›€ cm
2023-05-19 16:49:08,665 INFO Measurement at current 0.05552763819095477
2023-05-19 16:49:09,266 INFO T:139.55Â°K V:9.2824e-01V I:5.5528e-02A R:1.6717e+01ğ›€ E:1.4504e+01V/cm J:5.0943e-01A/cm2 ğ›’:2.8471e+01ğ›€ cm
2023-05-19 16:49:09,288 INFO Measurement at current 0.05618090452261306
2023-05-19 16:49:09,881 INFO T:139.57Â°K V:9.3119e-01V I:5.6181e-02A R:1.6575e+01ğ›€ E:1.4550e+01V/cm J:5.1542e-01A/cm2 ğ›’:2.8229e+01ğ›€ cm
2023-05-19 16:49:09,916 INFO Measurement at current 0.05683417085427136
2023-05-19 16:49:10,516 INFO T:139.58Â°K V:9.3383e-01V I:5.6834e-02A R:1.6431e+01ğ›€ E:1.4591e+01V/cm J:5.2141e-01A/cm2 ğ›’:2.7984e+01ğ›€ cm
2023-05-19 16:49:10,546 INFO Measurement at current 0.05748743718592965
2023-05-19 16:49:11,139 INFO T:139.59Â°K V:9.3659e-01V I:5.7487e-02A R:1.6292e+01ğ›€ E:1.4634e+01V/cm J:5.2741e-01A/cm2 ğ›’:2.7747e+01ğ›€ cm
2023-05-19 16:49:11,156 INFO Measurement at current 0.05814070351758794
2023-05-19 16:49:11,751 INFO T:139.61Â°K V:9.3928e-01V I:5.8141e-02A R:1.6155e+01ğ›€ E:1.4676e+01V/cm J:5.3340e-01A/cm2 ğ›’:2.7514e+01ğ›€ cm
2023-05-19 16:49:11,773 INFO Measurement at current 0.05879396984924623
2023-05-19 16:49:12,370 INFO T:139.62Â°K V:9.4165e-01V I:5.8794e-02A R:1.6016e+01ğ›€ E:1.4713e+01V/cm J:5.3939e-01A/cm2 ğ›’:2.7277e+01ğ›€ cm
2023-05-19 16:49:12,399 INFO Measurement at current 0.05944723618090452
2023-05-19 16:49:13,013 INFO T:139.63Â°K V:9.4403e-01V I:5.9447e-02A R:1.5880e+01ğ›€ E:1.4750e+01V/cm J:5.4539e-01A/cm2 ğ›’:2.7046e+01ğ›€ cm
2023-05-19 16:49:13,036 INFO Measurement at current 0.06010050251256281
2023-05-19 16:49:13,630 INFO T:139.65Â°K V:9.4638e-01V I:6.0101e-02A R:1.5747e+01ğ›€ E:1.4787e+01V/cm J:5.5138e-01A/cm2 ğ›’:2.6819e+01ğ›€ cm
2023-05-19 16:49:13,645 INFO Measurement at current 0.0607537688442211
2023-05-19 16:49:14,243 INFO T:139.66Â°K V:9.4890e-01V I:6.0754e-02A R:1.5619e+01ğ›€ E:1.4827e+01V/cm J:5.5737e-01A/cm2 ğ›’:2.6601e+01ğ›€ cm
2023-05-19 16:49:14,266 INFO Measurement at current 0.06140703517587939
2023-05-19 16:49:14,859 INFO T:139.67Â°K V:9.5129e-01V I:6.1407e-02A R:1.5491e+01ğ›€ E:1.4864e+01V/cm J:5.6337e-01A/cm2 ğ›’:2.6384e+01ğ›€ cm
2023-05-19 16:49:14,881 INFO Measurement at current 0.062060301507537684
2023-05-19 16:49:15,471 INFO T:139.68Â°K V:9.5369e-01V I:6.2060e-02A R:1.5367e+01ğ›€ E:1.4901e+01V/cm J:5.6936e-01A/cm2 ğ›’:2.6172e+01ğ›€ cm
2023-05-19 16:49:15,500 INFO Measurement at current 0.06271356783919597
2023-05-19 16:49:16,118 INFO T:139.70Â°K V:9.5562e-01V I:6.2714e-02A R:1.5238e+01ğ›€ E:1.4932e+01V/cm J:5.7535e-01A/cm2 ğ›’:2.5952e+01ğ›€ cm
2023-05-19 16:49:16,134 INFO Measurement at current 0.06336683417085427
2023-05-19 16:49:16,731 INFO T:139.71Â°K V:9.5786e-01V I:6.3367e-02A R:1.5116e+01ğ›€ E:1.4967e+01V/cm J:5.8135e-01A/cm2 ğ›’:2.5745e+01ğ›€ cm
2023-05-19 16:49:16,754 INFO Measurement at current 0.06402010050251256
2023-05-19 16:49:17,343 INFO T:139.72Â°K V:9.6021e-01V I:6.4020e-02A R:1.4999e+01ğ›€ E:1.5003e+01V/cm J:5.8734e-01A/cm2 ğ›’:2.5545e+01ğ›€ cm
2023-05-19 16:49:17,360 INFO Measurement at current 0.06467336683417085
2023-05-19 16:49:17,974 INFO T:139.74Â°K V:9.6247e-01V I:6.4673e-02A R:1.4882e+01ğ›€ E:1.5039e+01V/cm J:5.9333e-01A/cm2 ğ›’:2.5346e+01ğ›€ cm
2023-05-19 16:49:17,989 INFO Measurement at current 0.06532663316582914
2023-05-19 16:49:18,584 INFO T:139.75Â°K V:9.6447e-01V I:6.5327e-02A R:1.4764e+01ğ›€ E:1.5070e+01V/cm J:5.9933e-01A/cm2 ğ›’:2.5145e+01ğ›€ cm
2023-05-19 16:49:18,607 INFO Measurement at current 0.06597989949748743
2023-05-19 16:49:19,207 INFO T:139.76Â°K V:9.6681e-01V I:6.5980e-02A R:1.4653e+01ğ›€ E:1.5106e+01V/cm J:6.0532e-01A/cm2 ğ›’:2.4956e+01ğ›€ cm
2023-05-19 16:49:19,228 INFO Measurement at current 0.06663316582914573
2023-05-19 16:49:19,828 INFO T:139.78Â°K V:9.6878e-01V I:6.6633e-02A R:1.4539e+01ğ›€ E:1.5137e+01V/cm J:6.1131e-01A/cm2 ğ›’:2.4762e+01ğ›€ cm
2023-05-19 16:49:19,896 INFO Measurement at current 0.06728643216080402
2023-05-19 16:49:20,492 INFO T:139.79Â°K V:9.7002e-01V I:6.7286e-02A R:1.4416e+01ğ›€ E:1.5156e+01V/cm J:6.1731e-01A/cm2 ğ›’:2.4553e+01ğ›€ cm
2023-05-19 16:49:20,549 INFO Measurement at current 0.06793969849246231
2023-05-19 16:49:21,145 INFO T:139.81Â°K V:9.7137e-01V I:6.7940e-02A R:1.4298e+01ğ›€ E:1.5178e+01V/cm J:6.2330e-01A/cm2 ğ›’:2.4350e+01ğ›€ cm
2023-05-19 16:49:21,167 INFO Measurement at current 0.0685929648241206
2023-05-19 16:49:21,751 INFO T:139.82Â°K V:9.7321e-01V I:6.8593e-02A R:1.4188e+01ğ›€ E:1.5206e+01V/cm J:6.2929e-01A/cm2 ğ›’:2.4164e+01ğ›€ cm
2023-05-19 16:49:21,771 INFO Measurement at current 0.0692462311557789
2023-05-19 16:49:22,415 INFO T:139.83Â°K V:9.7470e-01V I:6.9246e-02A R:1.4076e+01ğ›€ E:1.5230e+01V/cm J:6.3529e-01A/cm2 ğ›’:2.3973e+01ğ›€ cm
2023-05-19 16:49:22,438 INFO Measurement at current 0.06989949748743718
2023-05-19 16:49:23,024 INFO T:139.85Â°K V:9.7620e-01V I:6.9899e-02A R:1.3966e+01ğ›€ E:1.5253e+01V/cm J:6.4128e-01A/cm2 ğ›’:2.3786e+01ğ›€ cm
2023-05-19 16:49:23,038 INFO Measurement at current 0.07055276381909548
2023-05-19 16:49:23,626 INFO T:139.86Â°K V:9.7831e-01V I:7.0553e-02A R:1.3866e+01ğ›€ E:1.5286e+01V/cm J:6.4727e-01A/cm2 ğ›’:2.3616e+01ğ›€ cm
2023-05-19 16:49:23,645 INFO Measurement at current 0.07120603015075376
2023-05-19 16:49:24,240 INFO T:139.87Â°K V:9.8009e-01V I:7.1206e-02A R:1.3764e+01ğ›€ E:1.5314e+01V/cm J:6.5327e-01A/cm2 ğ›’:2.3442e+01ğ›€ cm
2023-05-19 16:49:24,266 INFO Measurement at current 0.07185929648241206
2023-05-19 16:49:24,864 INFO T:139.89Â°K V:9.8171e-01V I:7.1859e-02A R:1.3662e+01ğ›€ E:1.5339e+01V/cm J:6.5926e-01A/cm2 ğ›’:2.3267e+01ğ›€ cm
2023-05-19 16:49:24,886 INFO Measurement at current 0.07251256281407036
2023-05-19 16:49:25,488 INFO T:139.90Â°K V:9.8327e-01V I:7.2513e-02A R:1.3560e+01ğ›€ E:1.5364e+01V/cm J:6.6525e-01A/cm2 ğ›’:2.3094e+01ğ›€ cm
2023-05-19 16:49:25,529 INFO Measurement at current 0.07316582914572864
2023-05-19 16:49:26,126 INFO T:139.91Â°K V:9.8454e-01V I:7.3166e-02A R:1.3456e+01ğ›€ E:1.5383e+01V/cm J:6.7125e-01A/cm2 ğ›’:2.2918e+01ğ›€ cm
2023-05-19 16:49:26,144 INFO Measurement at current 0.07381909547738694
2023-05-19 16:49:26,741 INFO T:139.93Â°K V:9.8619e-01V I:7.3819e-02A R:1.3360e+01ğ›€ E:1.5409e+01V/cm J:6.7724e-01A/cm2 ğ›’:2.2753e+01ğ›€ cm
2023-05-19 16:49:26,757 INFO Measurement at current 0.07447236180904522
2023-05-19 16:49:27,354 INFO T:139.94Â°K V:9.8761e-01V I:7.4472e-02A R:1.3261e+01ğ›€ E:1.5431e+01V/cm J:6.8323e-01A/cm2 ğ›’:2.2586e+01ğ›€ cm
2023-05-19 16:49:27,371 INFO Measurement at current 0.07512562814070352
2023-05-19 16:49:27,958 INFO T:139.95Â°K V:9.8919e-01V I:7.5126e-02A R:1.3167e+01ğ›€ E:1.5456e+01V/cm J:6.8923e-01A/cm2 ğ›’:2.2425e+01ğ›€ cm
2023-05-19 16:49:27,974 INFO Measurement at current 0.0757788944723618
2023-05-19 16:49:28,556 INFO T:139.96Â°K V:9.9083e-01V I:7.5779e-02A R:1.3075e+01ğ›€ E:1.5482e+01V/cm J:6.9522e-01A/cm2 ğ›’:2.2269e+01ğ›€ cm
2023-05-19 16:49:28,572 INFO Measurement at current 0.0764321608040201
2023-05-19 16:49:29,154 INFO T:139.98Â°K V:9.9233e-01V I:7.6432e-02A R:1.2983e+01ğ›€ E:1.5505e+01V/cm J:7.0121e-01A/cm2 ğ›’:2.2112e+01ğ›€ cm
2023-05-19 16:49:29,177 INFO Measurement at current 0.07708542713567838
2023-05-19 16:49:29,799 INFO T:139.99Â°K V:9.9361e-01V I:7.7085e-02A R:1.2890e+01ğ›€ E:1.5525e+01V/cm J:7.0721e-01A/cm2 ğ›’:2.1953e+01ğ›€ cm
2023-05-19 16:49:29,821 INFO Measurement at current 0.07773869346733668
2023-05-19 16:49:30,409 INFO T:140.00Â°K V:9.9463e-01V I:7.7739e-02A R:1.2795e+01ğ›€ E:1.5541e+01V/cm J:7.1320e-01A/cm2 ğ›’:2.1791e+01ğ›€ cm
2023-05-19 16:49:30,425 INFO Measurement at current 0.07839195979899498
2023-05-19 16:49:31,013 INFO T:140.02Â°K V:9.9603e-01V I:7.8392e-02A R:1.2706e+01ğ›€ E:1.5563e+01V/cm J:7.1919e-01A/cm2 ğ›’:2.1640e+01ğ›€ cm
2023-05-19 16:49:31,034 INFO Measurement at current 0.07904522613065326
2023-05-19 16:49:31,644 INFO T:140.03Â°K V:9.9738e-01V I:7.9045e-02A R:1.2618e+01ğ›€ E:1.5584e+01V/cm J:7.2519e-01A/cm2 ğ›’:2.1490e+01ğ›€ cm
2023-05-19 16:49:31,673 INFO Measurement at current 0.07969849246231156
2023-05-19 16:49:32,272 INFO T:140.04Â°K V:9.9844e-01V I:7.9698e-02A R:1.2528e+01ğ›€ E:1.5601e+01V/cm J:7.3118e-01A/cm2 ğ›’:2.1336e+01ğ›€ cm
2023-05-19 16:49:32,295 INFO Measurement at current 0.08035175879396984
2023-05-19 16:49:32,881 INFO T:140.06Â°K V:9.9973e-01V I:8.0352e-02A R:1.2442e+01ğ›€ E:1.5621e+01V/cm J:7.3717e-01A/cm2 ğ›’:2.1190e+01ğ›€ cm
2023-05-19 16:49:32,901 INFO Measurement at current 0.08100502512562814
2023-05-19 16:49:33,532 INFO T:140.07Â°K V:1.0011e+00V I:8.1005e-02A R:1.2359e+01ğ›€ E:1.5642e+01V/cm J:7.4317e-01A/cm2 ğ›’:2.1048e+01ğ›€ cm
2023-05-19 16:49:33,553 INFO Measurement at current 0.08165829145728642
2023-05-19 16:49:34,138 INFO T:140.08Â°K V:1.0021e+00V I:8.1658e-02A R:1.2272e+01ğ›€ E:1.5658e+01V/cm J:7.4916e-01A/cm2 ğ›’:2.0901e+01ğ›€ cm
2023-05-19 16:49:34,170 INFO Measurement at current 0.08231155778894472
2023-05-19 16:49:34,766 INFO T:140.10Â°K V:1.0032e+00V I:8.2312e-02A R:1.2188e+01ğ›€ E:1.5676e+01V/cm J:7.5515e-01A/cm2 ğ›’:2.0758e+01ğ›€ cm
2023-05-19 16:49:34,785 INFO Measurement at current 0.082964824120603
2023-05-19 16:49:35,369 INFO T:140.11Â°K V:1.0046e+00V I:8.2965e-02A R:1.2109e+01ğ›€ E:1.5697e+01V/cm J:7.6115e-01A/cm2 ğ›’:2.0623e+01ğ›€ cm
2023-05-19 16:49:35,394 INFO Measurement at current 0.0836180904522613
2023-05-19 16:49:35,977 INFO T:140.12Â°K V:1.0060e+00V I:8.3618e-02A R:1.2031e+01ğ›€ E:1.5719e+01V/cm J:7.6714e-01A/cm2 ğ›’:2.0490e+01ğ›€ cm
2023-05-19 16:49:35,996 INFO Measurement at current 0.0842713567839196
2023-05-19 16:49:36,598 INFO T:140.14Â°K V:1.0072e+00V I:8.4271e-02A R:1.1952e+01ğ›€ E:1.5738e+01V/cm J:7.7313e-01A/cm2 ğ›’:2.0356e+01ğ›€ cm
2023-05-19 16:49:36,632 INFO Measurement at current 0.08492462311557789
2023-05-19 16:49:37,228 INFO T:140.15Â°K V:1.0081e+00V I:8.4925e-02A R:1.1870e+01ğ›€ E:1.5751e+01V/cm J:7.7912e-01A/cm2 ğ›’:2.0217e+01ğ›€ cm
2023-05-19 16:49:37,266 INFO Measurement at current 0.08557788944723618
2023-05-19 16:49:37,854 INFO T:140.16Â°K V:1.0092e+00V I:8.5578e-02A R:1.1793e+01ğ›€ E:1.5769e+01V/cm J:7.8512e-01A/cm2 ğ›’:2.0085e+01ğ›€ cm
2023-05-19 16:49:37,868 INFO Measurement at current 0.08623115577889447
2023-05-19 16:49:38,482 INFO T:140.18Â°K V:1.0104e+00V I:8.6231e-02A R:1.1718e+01ğ›€ E:1.5788e+01V/cm J:7.9111e-01A/cm2 ğ›’:1.9957e+01ğ›€ cm
2023-05-19 16:49:38,517 INFO Measurement at current 0.08688442211055276
2023-05-19 16:49:39,104 INFO T:140.19Â°K V:1.0111e+00V I:8.6884e-02A R:1.1637e+01ğ›€ E:1.5799e+01V/cm J:7.9710e-01A/cm2 ğ›’:1.9820e+01ğ›€ cm
2023-05-19 16:49:39,120 INFO Measurement at current 0.08753768844221105
2023-05-19 16:49:39,703 INFO T:140.20Â°K V:1.0122e+00V I:8.7538e-02A R:1.1563e+01ğ›€ E:1.5816e+01V/cm J:8.0310e-01A/cm2 ğ›’:1.9694e+01ğ›€ cm
2023-05-19 16:49:39,717 INFO Measurement at current 0.08819095477386935
2023-05-19 16:49:40,299 INFO T:140.21Â°K V:1.0133e+00V I:8.8191e-02A R:1.1490e+01ğ›€ E:1.5834e+01V/cm J:8.0909e-01A/cm2 ğ›’:1.9570e+01ğ›€ cm
2023-05-19 16:49:40,322 INFO Measurement at current 0.08884422110552763
2023-05-19 16:49:40,904 INFO T:140.23Â°K V:1.0144e+00V I:8.8844e-02A R:1.1417e+01ğ›€ E:1.5850e+01V/cm J:8.1508e-01A/cm2 ğ›’:1.9445e+01ğ›€ cm
2023-05-19 16:49:40,921 INFO Measurement at current 0.08949748743718593
2023-05-19 16:49:41,511 INFO T:140.24Â°K V:1.0154e+00V I:8.9497e-02A R:1.1345e+01ğ›€ E:1.5865e+01V/cm J:8.2108e-01A/cm2 ğ›’:1.9323e+01ğ›€ cm
2023-05-19 16:49:41,536 INFO Measurement at current 0.09015075376884422
2023-05-19 16:49:42,119 INFO T:140.25Â°K V:1.0165e+00V I:9.0151e-02A R:1.1275e+01ğ›€ E:1.5882e+01V/cm J:8.2707e-01A/cm2 ğ›’:1.9203e+01ğ›€ cm
2023-05-19 16:49:42,137 INFO Measurement at current 0.09080402010050251
2023-05-19 16:49:42,724 INFO T:140.27Â°K V:1.0177e+00V I:9.0804e-02A R:1.1207e+01ğ›€ E:1.5901e+01V/cm J:8.3306e-01A/cm2 ğ›’:1.9087e+01ğ›€ cm
2023-05-19 16:49:42,741 INFO Measurement at current 0.0914572864321608
2023-05-19 16:49:43,337 INFO T:140.28Â°K V:1.0189e+00V I:9.1457e-02A R:1.1140e+01ğ›€ E:1.5920e+01V/cm J:8.3906e-01A/cm2 ğ›’:1.8973e+01ğ›€ cm
2023-05-19 16:49:43,357 INFO Measurement at current 0.09211055276381909
2023-05-19 16:49:43,960 INFO T:140.29Â°K V:1.0196e+00V I:9.2111e-02A R:1.1070e+01ğ›€ E:1.5932e+01V/cm J:8.4505e-01A/cm2 ğ›’:1.8853e+01ğ›€ cm
2023-05-19 16:49:43,995 INFO Measurement at current 0.09276381909547739
2023-05-19 16:49:44,588 INFO T:140.31Â°K V:1.0205e+00V I:9.2764e-02A R:1.1001e+01ğ›€ E:1.5945e+01V/cm J:8.5104e-01A/cm2 ğ›’:1.8736e+01ğ›€ cm
2023-05-19 16:49:44,604 INFO Measurement at current 0.09341708542713567
2023-05-19 16:49:45,188 INFO T:140.32Â°K V:1.0213e+00V I:9.3417e-02A R:1.0933e+01ğ›€ E:1.5958e+01V/cm J:8.5704e-01A/cm2 ğ›’:1.8620e+01ğ›€ cm
2023-05-19 16:49:45,219 INFO Measurement at current 0.09407035175879397
2023-05-19 16:49:45,815 INFO T:140.33Â°K V:1.0220e+00V I:9.4070e-02A R:1.0864e+01ğ›€ E:1.5969e+01V/cm J:8.6303e-01A/cm2 ğ›’:1.8503e+01ğ›€ cm
2023-05-19 16:49:45,835 INFO Measurement at current 0.09472361809045225
2023-05-19 16:49:46,425 INFO T:140.35Â°K V:1.0229e+00V I:9.4724e-02A R:1.0799e+01ğ›€ E:1.5983e+01V/cm J:8.6902e-01A/cm2 ğ›’:1.8392e+01ğ›€ cm
2023-05-19 16:49:46,450 INFO Measurement at current 0.09537688442211055
2023-05-19 16:49:47,052 INFO T:140.36Â°K V:1.0236e+00V I:9.5377e-02A R:1.0733e+01ğ›€ E:1.5994e+01V/cm J:8.7502e-01A/cm2 ğ›’:1.8279e+01ğ›€ cm
2023-05-19 16:49:47,085 INFO Measurement at current 0.09603015075376885
2023-05-19 16:49:47,679 INFO T:140.37Â°K V:1.0245e+00V I:9.6030e-02A R:1.0668e+01ğ›€ E:1.6008e+01V/cm J:8.8101e-01A/cm2 ğ›’:1.8169e+01ğ›€ cm
2023-05-19 16:49:47,706 INFO Measurement at current 0.09668341708542713
2023-05-19 16:49:48,294 INFO T:140.39Â°K V:1.0255e+00V I:9.6683e-02A R:1.0607e+01ğ›€ E:1.6023e+01V/cm J:8.8700e-01A/cm2 ğ›’:1.8064e+01ğ›€ cm
2023-05-19 16:49:48,316 INFO Measurement at current 0.09733668341708543
2023-05-19 16:49:48,917 INFO T:140.40Â°K V:1.0264e+00V I:9.7337e-02A R:1.0545e+01ğ›€ E:1.6038e+01V/cm J:8.9300e-01A/cm2 ğ›’:1.7959e+01ğ›€ cm
2023-05-19 16:49:48,950 INFO Measurement at current 0.09798994974874371
2023-05-19 16:49:49,549 INFO T:140.41Â°K V:1.0272e+00V I:9.7990e-02A R:1.0482e+01ğ›€ E:1.6050e+01V/cm J:8.9899e-01A/cm2 ğ›’:1.7853e+01ğ›€ cm
2023-05-19 16:49:49,567 INFO Measurement at current 0.09864321608040201
2023-05-19 16:49:50,169 INFO T:140.43Â°K V:1.0281e+00V I:9.8643e-02A R:1.0423e+01ğ›€ E:1.6064e+01V/cm J:9.0498e-01A/cm2 ğ›’:1.7751e+01ğ›€ cm
2023-05-19 16:49:50,188 INFO Measurement at current 0.0992964824120603
2023-05-19 16:49:50,779 INFO T:140.44Â°K V:1.0289e+00V I:9.9296e-02A R:1.0362e+01ğ›€ E:1.6076e+01V/cm J:9.1098e-01A/cm2 ğ›’:1.7647e+01ğ›€ cm
2023-05-19 16:49:50,797 INFO Measurement at current 0.09994974874371859
2023-05-19 16:49:51,392 INFO T:140.45Â°K V:1.0299e+00V I:9.9950e-02A R:1.0304e+01ğ›€ E:1.6091e+01V/cm J:9.1697e-01A/cm2 ğ›’:1.7548e+01ğ›€ cm
2023-05-19 16:49:51,409 INFO Measurement at current 0.10060301507537688
2023-05-19 16:49:52,025 INFO T:140.47Â°K V:1.0307e+00V I:1.0060e-01A R:1.0245e+01ğ›€ E:1.6104e+01V/cm J:9.2296e-01A/cm2 ğ›’:1.7449e+01ğ›€ cm
2023-05-19 16:49:52,074 INFO Measurement at current 0.10125628140703517
2023-05-19 16:49:52,685 INFO T:140.48Â°K V:1.0311e+00V I:1.0126e-01A R:1.0183e+01ğ›€ E:1.6110e+01V/cm J:9.2896e-01A/cm2 ğ›’:1.7342e+01ğ›€ cm
2023-05-19 16:49:52,719 INFO Measurement at current 0.10190954773869347
2023-05-19 16:49:53,310 INFO T:140.49Â°K V:1.0322e+00V I:1.0191e-01A R:1.0128e+01ğ›€ E:1.6128e+01V/cm J:9.3495e-01A/cm2 ğ›’:1.7250e+01ğ›€ cm
2023-05-19 16:49:53,334 INFO Measurement at current 0.10256281407035175
2023-05-19 16:49:53,941 INFO T:140.51Â°K V:1.0330e+00V I:1.0256e-01A R:1.0072e+01ğ›€ E:1.6141e+01V/cm J:9.4094e-01A/cm2 ğ›’:1.7154e+01ğ›€ cm
2023-05-19 16:49:53,964 INFO Measurement at current 0.10321608040201005
2023-05-19 16:49:54,565 INFO T:140.52Â°K V:1.0338e+00V I:1.0322e-01A R:1.0016e+01ğ›€ E:1.6153e+01V/cm J:9.4694e-01A/cm2 ğ›’:1.7058e+01ğ›€ cm
2023-05-19 16:49:54,590 INFO Measurement at current 0.10386934673366834
2023-05-19 16:49:55,200 INFO T:140.53Â°K V:1.0345e+00V I:1.0387e-01A R:9.9597e+00ğ›€ E:1.6164e+01V/cm J:9.5293e-01A/cm2 ğ›’:1.6963e+01ğ›€ cm
2023-05-19 16:49:55,216 INFO Measurement at current 0.10452261306532663
2023-05-19 16:49:55,823 INFO T:140.55Â°K V:1.0352e+00V I:1.0452e-01A R:9.9045e+00ğ›€ E:1.6176e+01V/cm J:9.5892e-01A/cm2 ğ›’:1.6869e+01ğ›€ cm
2023-05-19 16:49:55,848 INFO Measurement at current 0.10517587939698492
2023-05-19 16:49:56,446 INFO T:140.56Â°K V:1.0371e+00V I:1.0518e-01A R:9.8602e+00ğ›€ E:1.6204e+01V/cm J:9.6492e-01A/cm2 ğ›’:1.6793e+01ğ›€ cm
2023-05-19 16:49:56,471 INFO Measurement at current 0.10582914572864321
2023-05-19 16:49:57,072 INFO T:140.57Â°K V:1.0378e+00V I:1.0583e-01A R:9.8063e+00ğ›€ E:1.6216e+01V/cm J:9.7091e-01A/cm2 ğ›’:1.6701e+01ğ›€ cm
2023-05-19 16:49:57,103 INFO Measurement at current 0.1064824120603015
2023-05-19 16:49:57,756 INFO T:140.59Â°K V:1.0384e+00V I:1.0648e-01A R:9.7515e+00ğ›€ E:1.6224e+01V/cm J:9.7690e-01A/cm2 ğ›’:1.6608e+01ğ›€ cm
2023-05-19 16:49:57,788 INFO Measurement at current 0.1071356783919598
2023-05-19 16:49:58,381 INFO T:140.60Â°K V:1.0389e+00V I:1.0714e-01A R:9.6971e+00ğ›€ E:1.6233e+01V/cm J:9.8290e-01A/cm2 ğ›’:1.6515e+01ğ›€ cm
2023-05-19 16:49:58,412 INFO Measurement at current 0.1077889447236181
2023-05-19 16:49:59,004 INFO T:140.62Â°K V:1.0395e+00V I:1.0779e-01A R:9.6441e+00ğ›€ E:1.6243e+01V/cm J:9.8889e-01A/cm2 ğ›’:1.6425e+01ğ›€ cm
2023-05-19 16:49:59,022 INFO Measurement at current 0.10844221105527638
2023-05-19 16:49:59,642 INFO T:140.63Â°K V:1.0403e+00V I:1.0844e-01A R:9.5927e+00ğ›€ E:1.6254e+01V/cm J:9.9488e-01A/cm2 ğ›’:1.6338e+01ğ›€ cm
2023-05-19 16:49:59,666 INFO Measurement at current 0.10909547738693468
2023-05-19 16:50:00,257 INFO T:140.64Â°K V:1.0408e+00V I:1.0910e-01A R:9.5404e+00ğ›€ E:1.6263e+01V/cm J:1.0009e+00A/cm2 ğ›’:1.6248e+01ğ›€ cm
2023-05-19 16:50:00,281 INFO Measurement at current 0.10974874371859296
2023-05-19 16:50:00,872 INFO T:140.66Â°K V:1.0415e+00V I:1.0975e-01A R:9.4895e+00ğ›€ E:1.6273e+01V/cm J:1.0069e+00A/cm2 ğ›’:1.6162e+01ğ›€ cm
2023-05-19 16:50:00,889 INFO Measurement at current 0.11040201005025126
2023-05-19 16:50:01,478 INFO T:140.67Â°K V:1.0423e+00V I:1.1040e-01A R:9.4406e+00ğ›€ E:1.6285e+01V/cm J:1.0129e+00A/cm2 ğ›’:1.6079e+01ğ›€ cm
2023-05-19 16:50:01,495 INFO Measurement at current 0.11105527638190954
2023-05-19 16:50:02,078 INFO T:140.68Â°K V:1.0431e+00V I:1.1106e-01A R:9.3929e+00ğ›€ E:1.6299e+01V/cm J:1.0189e+00A/cm2 ğ›’:1.5997e+01ğ›€ cm
2023-05-19 16:50:02,095 INFO Measurement at current 0.11170854271356784
2023-05-19 16:50:02,685 INFO T:140.69Â°K V:1.0439e+00V I:1.1171e-01A R:9.3445e+00ğ›€ E:1.6310e+01V/cm J:1.0248e+00A/cm2 ğ›’:1.5915e+01ğ›€ cm
2023-05-19 16:50:02,706 INFO Measurement at current 0.11236180904522612
2023-05-19 16:50:03,297 INFO T:140.71Â°K V:1.0446e+00V I:1.1236e-01A R:9.2969e+00ğ›€ E:1.6322e+01V/cm J:1.0308e+00A/cm2 ğ›’:1.5834e+01ğ›€ cm
2023-05-19 16:50:03,323 INFO Measurement at current 0.11301507537688442
2023-05-19 16:50:03,934 INFO T:140.72Â°K V:1.0453e+00V I:1.1302e-01A R:9.2495e+00ğ›€ E:1.6333e+01V/cm J:1.0368e+00A/cm2 ğ›’:1.5753e+01ğ›€ cm
2023-05-19 16:50:03,964 INFO Measurement at current 0.11366834170854272
2023-05-19 16:50:04,560 INFO T:140.73Â°K V:1.0457e+00V I:1.1367e-01A R:9.1999e+00ğ›€ E:1.6340e+01V/cm J:1.0428e+00A/cm2 ğ›’:1.5669e+01ğ›€ cm
2023-05-19 16:50:04,596 INFO Measurement at current 0.114321608040201
2023-05-19 16:50:05,213 INFO T:140.75Â°K V:1.0461e+00V I:1.1432e-01A R:9.1509e+00ğ›€ E:1.6346e+01V/cm J:1.0488e+00A/cm2 ğ›’:1.5585e+01ğ›€ cm
2023-05-19 16:50:05,230 INFO Measurement at current 0.1149748743718593
2023-05-19 16:50:05,816 INFO T:140.76Â°K V:1.0470e+00V I:1.1497e-01A R:9.1060e+00ğ›€ E:1.6359e+01V/cm J:1.0548e+00A/cm2 ğ›’:1.5509e+01ğ›€ cm
2023-05-19 16:50:05,831 INFO Measurement at current 0.11562814070351758
2023-05-19 16:50:06,422 INFO T:140.77Â°K V:1.0480e+00V I:1.1563e-01A R:9.0636e+00ğ›€ E:1.6375e+01V/cm J:1.0608e+00A/cm2 ğ›’:1.5436e+01ğ›€ cm
2023-05-19 16:50:06,446 INFO Measurement at current 0.11628140703517588
2023-05-19 16:50:07,052 INFO T:140.79Â°K V:1.0487e+00V I:1.1628e-01A R:9.0191e+00ğ›€ E:1.6387e+01V/cm J:1.0668e+00A/cm2 ğ›’:1.5361e+01ğ›€ cm
2023-05-19 16:50:07,073 INFO Measurement at current 0.11693467336683416
2023-05-19 16:50:07,668 INFO T:140.80Â°K V:1.0492e+00V I:1.1693e-01A R:8.9723e+00ğ›€ E:1.6393e+01V/cm J:1.0728e+00A/cm2 ğ›’:1.5281e+01ğ›€ cm
2023-05-19 16:50:07,687 INFO Measurement at current 0.11758793969849246
2023-05-19 16:50:08,279 INFO T:140.81Â°K V:1.0498e+00V I:1.1759e-01A R:8.9282e+00ğ›€ E:1.6404e+01V/cm J:1.0788e+00A/cm2 ğ›’:1.5206e+01ğ›€ cm
2023-05-19 16:50:08,300 INFO Measurement at current 0.11824120603015074
2023-05-19 16:50:08,889 INFO T:140.83Â°K V:1.0506e+00V I:1.1824e-01A R:8.8851e+00ğ›€ E:1.6415e+01V/cm J:1.0848e+00A/cm2 ğ›’:1.5132e+01ğ›€ cm
2023-05-19 16:50:08,917 INFO Measurement at current 0.11889447236180904
2023-05-19 16:50:09,523 INFO T:140.84Â°K V:1.0511e+00V I:1.1889e-01A R:8.8404e+00ğ›€ E:1.6423e+01V/cm J:1.0908e+00A/cm2 ğ›’:1.5056e+01ğ›€ cm
2023-05-19 16:50:09,543 INFO Measurement at current 0.11954773869346734
2023-05-19 16:50:10,143 INFO T:140.85Â°K V:1.0517e+00V I:1.1955e-01A R:8.7974e+00ğ›€ E:1.6433e+01V/cm J:1.0968e+00A/cm2 ğ›’:1.4983e+01ğ›€ cm
2023-05-19 16:50:10,164 INFO Measurement at current 0.12020100502512562
2023-05-19 16:50:10,765 INFO T:140.87Â°K V:1.0525e+00V I:1.2020e-01A R:8.7561e+00ğ›€ E:1.6445e+01V/cm J:1.1028e+00A/cm2 ğ›’:1.4913e+01ğ›€ cm
2023-05-19 16:50:10,786 INFO Measurement at current 0.12085427135678392
2023-05-19 16:50:11,377 INFO T:140.88Â°K V:1.0530e+00V I:1.2085e-01A R:8.7132e+00ğ›€ E:1.6454e+01V/cm J:1.1088e+00A/cm2 ğ›’:1.4840e+01ğ›€ cm
2023-05-19 16:50:11,400 INFO Measurement at current 0.1215075376884422
2023-05-19 16:50:11,993 INFO T:140.89Â°K V:1.0537e+00V I:1.2151e-01A R:8.6723e+00ğ›€ E:1.6465e+01V/cm J:1.1147e+00A/cm2 ğ›’:1.4770e+01ğ›€ cm
2023-05-19 16:50:12,019 INFO Measurement at current 0.1221608040201005
2023-05-19 16:50:12,613 INFO T:140.91Â°K V:1.0545e+00V I:1.2216e-01A R:8.6319e+00ğ›€ E:1.6476e+01V/cm J:1.1207e+00A/cm2 ğ›’:1.4701e+01ğ›€ cm
2023-05-19 16:50:12,631 INFO Measurement at current 0.12281407035175879
2023-05-19 16:50:13,235 INFO T:140.92Â°K V:1.0551e+00V I:1.2281e-01A R:8.5907e+00ğ›€ E:1.6485e+01V/cm J:1.1267e+00A/cm2 ğ›’:1.4631e+01ğ›€ cm
2023-05-19 16:50:13,255 INFO Measurement at current 0.12346733668341708
2023-05-19 16:50:13,867 INFO T:140.93Â°K V:1.0557e+00V I:1.2347e-01A R:8.5504e+00ğ›€ E:1.6495e+01V/cm J:1.1327e+00A/cm2 ğ›’:1.4562e+01ğ›€ cm
2023-05-19 16:50:13,890 INFO Measurement at current 0.12412060301507537
2023-05-19 16:50:14,502 INFO T:140.95Â°K V:1.0562e+00V I:1.2412e-01A R:8.5098e+00ğ›€ E:1.6504e+01V/cm J:1.1387e+00A/cm2 ğ›’:1.4493e+01ğ›€ cm
2023-05-19 16:50:14,532 INFO Measurement at current 0.12477386934673367
2023-05-19 16:50:15,123 INFO T:140.96Â°K V:1.0569e+00V I:1.2477e-01A R:8.4702e+00ğ›€ E:1.6513e+01V/cm J:1.1447e+00A/cm2 ğ›’:1.4426e+01ğ›€ cm
2023-05-19 16:50:15,149 INFO Measurement at current 0.12542713567839195
2023-05-19 16:50:15,754 INFO T:140.98Â°K V:1.0578e+00V I:1.2543e-01A R:8.4335e+00ğ›€ E:1.6528e+01V/cm J:1.1507e+00A/cm2 ğ›’:1.4363e+01ğ›€ cm
2023-05-19 16:50:15,769 INFO Measurement at current 0.12608040201005025
2023-05-19 16:50:16,354 INFO T:140.99Â°K V:1.0586e+00V I:1.2608e-01A R:8.3963e+00ğ›€ E:1.6541e+01V/cm J:1.1567e+00A/cm2 ğ›’:1.4300e+01ğ›€ cm
2023-05-19 16:50:16,370 INFO Measurement at current 0.12673366834170854
2023-05-19 16:50:16,953 INFO T:141.00Â°K V:1.0593e+00V I:1.2673e-01A R:8.3583e+00ğ›€ E:1.6551e+01V/cm J:1.1627e+00A/cm2 ğ›’:1.4235e+01ğ›€ cm
2023-05-19 16:50:16,969 INFO Measurement at current 0.12738693467336684
2023-05-19 16:50:17,554 INFO T:141.01Â°K V:1.0600e+00V I:1.2739e-01A R:8.3211e+00ğ›€ E:1.6562e+01V/cm J:1.1687e+00A/cm2 ğ›’:1.4172e+01ğ›€ cm
2023-05-19 16:50:17,573 INFO Measurement at current 0.1280402010050251
2023-05-19 16:50:18,156 INFO T:141.03Â°K V:1.0607e+00V I:1.2804e-01A R:8.2840e+00ğ›€ E:1.6573e+01V/cm J:1.1747e+00A/cm2 ğ›’:1.4109e+01ğ›€ cm
2023-05-19 16:50:18,173 INFO Measurement at current 0.1286934673366834
2023-05-19 16:50:18,763 INFO T:141.04Â°K V:1.0614e+00V I:1.2869e-01A R:8.2472e+00ğ›€ E:1.6584e+01V/cm J:1.1807e+00A/cm2 ğ›’:1.4046e+01ğ›€ cm
2023-05-19 16:50:18,791 INFO Measurement at current 0.1293467336683417
2023-05-19 16:50:19,392 INFO T:141.05Â°K V:1.0619e+00V I:1.2935e-01A R:8.2097e+00ğ›€ E:1.6592e+01V/cm J:1.1867e+00A/cm2 ğ›’:1.3982e+01ğ›€ cm
2023-05-19 16:50:19,410 INFO Measurement at current 0.13
2023-05-19 16:50:20,007 INFO T:141.07Â°K V:1.0627e+00V I:1.3000e-01A R:8.1746e+00ğ›€ E:1.6605e+01V/cm J:1.1927e+00A/cm2 ğ›’:1.3922e+01ğ›€ cm
2023-05-19 16:51:20,139 INFO Save the description file
2023-05-19 16:51:20,151 INFO Save data in numpy format Esperimenti/CPRO_MUSA_190523_I_V/CPRO_MUSA_190523_I_V_current_from_0_to_1300e-4A/CPRO_MUSA_190523_I_V_current_from_0_to_1300e-4A-20230519165118
2023-05-19 16:51:20,166 INFO Save data in CSV format Esperimenti/CPRO_MUSA_190523_I_V/CPRO_MUSA_190523_I_V_current_from_0_to_1300e-4A/CPRO_MUSA_190523_I_V_current_from_0_to_1300e-4A-20230519165118.csv
2023-05-19 16:51:20,197 INFO Save plot as image Esperimenti/CPRO_MUSA_190523_I_V/CPRO_MUSA_190523_I_V_current_from_0_to_1300e-4A/CPRO_MUSA_190523_I_V_current_from_0_to_1300e-4A-20230519165118.png
