2023-05-19 16:52:06,603 INFO ### Start experiment: CPRO_MUSA_190523_I_V current from 0 to 1300e-4A ###
2023-05-19 16:52:07,947 INFO Found Multimeter KEITHLEY INSTRUMENTS INC.,MODEL 2700,0884890,B03  /A02  

2023-05-19 16:52:08,961 INFO Found Nanovolt Meter KEITHLEY INSTRUMENTS INC.,MODEL 2182A,4056474,C03  /A02  

2023-05-19 16:52:09,044 INFO Found Source Meter KEITHLEY INSTRUMENTS INC.,MODEL 2400,0945684,C24   Feb 14 2002 11:59:45/A02  /K/H

2023-05-19 16:52:09,130 INFO Start the measurement loop
2023-05-19 16:52:37,504 INFO Measurement at current 0.0
2023-05-19 16:52:38,415 INFO T:143.65Â°K V:4.2671e-06V I:0.0000e+00A R:infğ›€ E:6.6673e-05V/cm J:0.0000e+00A/cm2 ğ›’:infğ›€ cm
2023-05-19 16:52:38,442 INFO Measurement at current 0.0006532663316582914
2023-05-19 16:52:39,681 INFO T:143.67Â°K V:1.3842e-02V I:6.5327e-04A R:2.1189e+01ğ›€ E:2.1628e-01V/cm J:5.9933e-03A/cm2 ğ›’:3.6087e+01ğ›€ cm
2023-05-19 16:52:39,703 INFO Measurement at current 0.0013065326633165829
2023-05-19 16:52:40,308 INFO T:143.68Â°K V:2.7660e-02V I:1.3065e-03A R:2.1170e+01ğ›€ E:4.3219e-01V/cm J:1.1987e-02A/cm2 ğ›’:3.6056e+01ğ›€ cm
2023-05-19 16:52:40,339 INFO Measurement at current 0.001959798994974874
2023-05-19 16:52:40,952 INFO T:143.69Â°K V:4.1466e-02V I:1.9598e-03A R:2.1158e+01ğ›€ E:6.4791e-01V/cm J:1.7980e-02A/cm2 ğ›’:3.6035e+01ğ›€ cm
2023-05-19 16:52:40,972 INFO Measurement at current 0.0026130653266331657
2023-05-19 16:52:41,576 INFO T:143.71Â°K V:5.5225e-02V I:2.6131e-03A R:2.1134e+01ğ›€ E:8.6288e-01V/cm J:2.3973e-02A/cm2 ğ›’:3.5994e+01ğ›€ cm
2023-05-19 16:52:41,601 INFO Measurement at current 0.0032663316582914573
2023-05-19 16:52:42,188 INFO T:143.72Â°K V:6.8980e-02V I:3.2663e-03A R:2.1118e+01ğ›€ E:1.0778e+00V/cm J:2.9966e-02A/cm2 ğ›’:3.5967e+01ğ›€ cm
2023-05-19 16:52:42,203 INFO Measurement at current 0.003919597989949748
2023-05-19 16:52:42,790 INFO T:143.73Â°K V:8.2687e-02V I:3.9196e-03A R:2.1096e+01ğ›€ E:1.2920e+00V/cm J:3.5960e-02A/cm2 ğ›’:3.5929e+01ğ›€ cm
2023-05-19 16:52:42,805 INFO Measurement at current 0.00457286432160804
2023-05-19 16:52:43,423 INFO T:143.74Â°K V:9.6379e-02V I:4.5729e-03A R:2.1076e+01ğ›€ E:1.5059e+00V/cm J:4.1953e-02A/cm2 ğ›’:3.5895e+01ğ›€ cm
2023-05-19 16:52:43,446 INFO Measurement at current 0.0052261306532663315
2023-05-19 16:52:44,043 INFO T:143.75Â°K V:1.1001e-01V I:5.2261e-03A R:2.1049e+01ğ›€ E:1.7188e+00V/cm J:4.7946e-02A/cm2 ğ›’:3.5849e+01ğ›€ cm
2023-05-19 16:52:44,060 INFO Measurement at current 0.005879396984924623
2023-05-19 16:52:45,391 INFO T:143.77Â°K V:1.2344e-01V I:5.8794e-03A R:2.0995e+01ğ›€ E:1.9287e+00V/cm J:5.3939e-02A/cm2 ğ›’:3.5757e+01ğ›€ cm
2023-05-19 16:52:45,414 INFO Measurement at current 0.006532663316582915
2023-05-19 16:52:46,032 INFO T:143.78Â°K V:1.3695e-01V I:6.5327e-03A R:2.0964e+01ğ›€ E:2.1399e+00V/cm J:5.9933e-02A/cm2 ğ›’:3.5705e+01ğ›€ cm
2023-05-19 16:52:46,070 INFO Measurement at current 0.007185929648241206
2023-05-19 16:52:46,668 INFO T:143.80Â°K V:1.5043e-01V I:7.1859e-03A R:2.0934e+01ğ›€ E:2.3505e+00V/cm J:6.5926e-02A/cm2 ğ›’:3.5653e+01ğ›€ cm
2023-05-19 16:52:46,684 INFO Measurement at current 0.007839195979899497
2023-05-19 16:52:47,267 INFO T:143.81Â°K V:1.6385e-01V I:7.8392e-03A R:2.0901e+01ğ›€ E:2.5601e+00V/cm J:7.1919e-02A/cm2 ğ›’:3.5598e+01ğ›€ cm
2023-05-19 16:52:47,288 INFO Measurement at current 0.00849246231155779
2023-05-19 16:52:47,874 INFO T:143.82Â°K V:1.7721e-01V I:8.4925e-03A R:2.0867e+01ğ›€ E:2.7689e+00V/cm J:7.7912e-02A/cm2 ğ›’:3.5539e+01ğ›€ cm
2023-05-19 16:52:47,894 INFO Measurement at current 0.00914572864321608
2023-05-19 16:52:48,480 INFO T:143.83Â°K V:1.9049e-01V I:9.1457e-03A R:2.0828e+01ğ›€ E:2.9764e+00V/cm J:8.3906e-02A/cm2 ğ›’:3.5473e+01ğ›€ cm
2023-05-19 16:52:48,503 INFO Measurement at current 0.009798994974874372
2023-05-19 16:52:49,108 INFO T:143.84Â°K V:2.0369e-01V I:9.7990e-03A R:2.0787e+01ğ›€ E:3.1827e+00V/cm J:8.9899e-02A/cm2 ğ›’:3.5403e+01ğ›€ cm
2023-05-19 16:52:49,125 INFO Measurement at current 0.010452261306532663
2023-05-19 16:52:49,733 INFO T:143.85Â°K V:2.1681e-01V I:1.0452e-02A R:2.0743e+01ğ›€ E:3.3877e+00V/cm J:9.5892e-02A/cm2 ğ›’:3.5328e+01ğ›€ cm
2023-05-19 16:52:49,749 INFO Measurement at current 0.011105527638190954
2023-05-19 16:52:50,333 INFO T:143.86Â°K V:2.2986e-01V I:1.1106e-02A R:2.0698e+01ğ›€ E:3.5916e+00V/cm J:1.0189e-01A/cm2 ğ›’:3.5251e+01ğ›€ cm
2023-05-19 16:52:50,351 INFO Measurement at current 0.011758793969849246
2023-05-19 16:52:50,944 INFO T:143.87Â°K V:2.4285e-01V I:1.1759e-02A R:2.0653e+01ğ›€ E:3.7945e+00V/cm J:1.0788e-01A/cm2 ğ›’:3.5174e+01ğ›€ cm
2023-05-19 16:52:50,967 INFO Measurement at current 0.012412060301507537
2023-05-19 16:52:51,566 INFO T:143.88Â°K V:2.5559e-01V I:1.2412e-02A R:2.0592e+01ğ›€ E:3.9936e+00V/cm J:1.1387e-01A/cm2 ğ›’:3.5071e+01ğ›€ cm
2023-05-19 16:52:51,590 INFO Measurement at current 0.01306532663316583
2023-05-19 16:52:52,190 INFO T:143.90Â°K V:2.6835e-01V I:1.3065e-02A R:2.0539e+01ğ›€ E:4.1929e+00V/cm J:1.1987e-01A/cm2 ğ›’:3.4980e+01ğ›€ cm
2023-05-19 16:52:52,238 INFO Measurement at current 0.01371859296482412
2023-05-19 16:52:52,849 INFO T:143.91Â°K V:2.8100e-01V I:1.3719e-02A R:2.0483e+01ğ›€ E:4.3905e+00V/cm J:1.2586e-01A/cm2 ğ›’:3.4885e+01ğ›€ cm
2023-05-19 16:52:52,873 INFO Measurement at current 0.014371859296482412
2023-05-19 16:52:53,460 INFO T:143.92Â°K V:2.9339e-01V I:1.4372e-02A R:2.0414e+01ğ›€ E:4.5842e+00V/cm J:1.3185e-01A/cm2 ğ›’:3.4768e+01ğ›€ cm
2023-05-19 16:52:53,481 INFO Measurement at current 0.015025125628140703
2023-05-19 16:52:54,085 INFO T:143.93Â°K V:3.0582e-01V I:1.5025e-02A R:2.0354e+01ğ›€ E:4.7784e+00V/cm J:1.3785e-01A/cm2 ğ›’:3.4665e+01ğ›€ cm
2023-05-19 16:52:54,109 INFO Measurement at current 0.015678391959798994
2023-05-19 16:52:54,753 INFO T:143.94Â°K V:3.1798e-01V I:1.5678e-02A R:2.0282e+01ğ›€ E:4.9685e+00V/cm J:1.4384e-01A/cm2 ğ›’:3.4542e+01ğ›€ cm
2023-05-19 16:52:54,776 INFO Measurement at current 0.016331658291457284
2023-05-19 16:52:55,374 INFO T:143.95Â°K V:3.3004e-01V I:1.6332e-02A R:2.0208e+01ğ›€ E:5.1568e+00V/cm J:1.4983e-01A/cm2 ğ›’:3.4417e+01ğ›€ cm
2023-05-19 16:52:55,396 INFO Measurement at current 0.01698492462311558
2023-05-19 16:52:55,986 INFO T:143.96Â°K V:3.4203e-01V I:1.6985e-02A R:2.0137e+01ğ›€ E:5.3442e+00V/cm J:1.5582e-01A/cm2 ğ›’:3.4296e+01ğ›€ cm
2023-05-19 16:52:56,003 INFO Measurement at current 0.01763819095477387
2023-05-19 16:52:56,592 INFO T:143.98Â°K V:3.5385e-01V I:1.7638e-02A R:2.0062e+01ğ›€ E:5.5289e+00V/cm J:1.6182e-01A/cm2 ğ›’:3.4167e+01ğ›€ cm
2023-05-19 16:52:56,609 INFO Measurement at current 0.01829145728643216
2023-05-19 16:52:57,196 INFO T:143.99Â°K V:3.6547e-01V I:1.8291e-02A R:1.9981e+01ğ›€ E:5.7105e+00V/cm J:1.6781e-01A/cm2 ğ›’:3.4029e+01ğ›€ cm
2023-05-19 16:52:57,218 INFO Measurement at current 0.01894472361809045
2023-05-19 16:52:57,827 INFO T:144.00Â°K V:3.7709e-01V I:1.8945e-02A R:1.9905e+01ğ›€ E:5.8921e+00V/cm J:1.7380e-01A/cm2 ğ›’:3.3901e+01ğ›€ cm
2023-05-19 16:52:57,854 INFO Measurement at current 0.019597989949748745
2023-05-19 16:52:58,446 INFO T:144.01Â°K V:3.8852e-01V I:1.9598e-02A R:1.9825e+01ğ›€ E:6.0707e+00V/cm J:1.7980e-01A/cm2 ğ›’:3.3764e+01ğ›€ cm
2023-05-19 16:52:58,462 INFO Measurement at current 0.020251256281407035
2023-05-19 16:52:59,049 INFO T:144.02Â°K V:3.9970e-01V I:2.0251e-02A R:1.9737e+01ğ›€ E:6.2453e+00V/cm J:1.8579e-01A/cm2 ğ›’:3.3615e+01ğ›€ cm
2023-05-19 16:52:59,067 INFO Measurement at current 0.020904522613065326
2023-05-19 16:52:59,654 INFO T:144.03Â°K V:4.1083e-01V I:2.0905e-02A R:1.9653e+01ğ›€ E:6.4192e+00V/cm J:1.9178e-01A/cm2 ğ›’:3.3471e+01ğ›€ cm
2023-05-19 16:52:59,671 INFO Measurement at current 0.021557788944723617
2023-05-19 16:53:00,257 INFO T:144.04Â°K V:4.2171e-01V I:2.1558e-02A R:1.9562e+01ğ›€ E:6.5892e+00V/cm J:1.9778e-01A/cm2 ğ›’:3.3316e+01ğ›€ cm
2023-05-19 16:53:00,287 INFO Measurement at current 0.022211055276381907
2023-05-19 16:53:00,881 INFO T:144.05Â°K V:4.3240e-01V I:2.2211e-02A R:1.9468e+01ğ›€ E:6.7563e+00V/cm J:2.0377e-01A/cm2 ğ›’:3.3156e+01ğ›€ cm
2023-05-19 16:53:00,905 INFO Measurement at current 0.0228643216080402
2023-05-19 16:53:01,511 INFO T:144.06Â°K V:4.4297e-01V I:2.2864e-02A R:1.9374e+01ğ›€ E:6.9214e+00V/cm J:2.0976e-01A/cm2 ğ›’:3.2996e+01ğ›€ cm
2023-05-19 16:53:01,533 INFO Measurement at current 0.023517587939698492
2023-05-19 16:53:02,131 INFO T:144.07Â°K V:4.5333e-01V I:2.3518e-02A R:1.9276e+01ğ›€ E:7.0833e+00V/cm J:2.1576e-01A/cm2 ğ›’:3.2830e+01ğ›€ cm
2023-05-19 16:53:02,150 INFO Measurement at current 0.024170854271356783
2023-05-19 16:53:02,741 INFO T:144.09Â°K V:4.6346e-01V I:2.4171e-02A R:1.9174e+01ğ›€ E:7.2416e+00V/cm J:2.2175e-01A/cm2 ğ›’:3.2656e+01ğ›€ cm
2023-05-19 16:53:02,763 INFO Measurement at current 0.024824120603015074
2023-05-19 16:53:03,353 INFO T:144.10Â°K V:4.7352e-01V I:2.4824e-02A R:1.9075e+01ğ›€ E:7.3988e+00V/cm J:2.2774e-01A/cm2 ğ›’:3.2487e+01ğ›€ cm
2023-05-19 16:53:03,369 INFO Measurement at current 0.025477386934673368
2023-05-19 16:53:03,958 INFO T:144.11Â°K V:4.8333e-01V I:2.5477e-02A R:1.8971e+01ğ›€ E:7.5520e+00V/cm J:2.3374e-01A/cm2 ğ›’:3.2310e+01ğ›€ cm
2023-05-19 16:53:03,981 INFO Measurement at current 0.02613065326633166
2023-05-19 16:53:04,583 INFO T:144.12Â°K V:4.9285e-01V I:2.6131e-02A R:1.8861e+01ğ›€ E:7.7007e+00V/cm J:2.3973e-01A/cm2 ğ›’:3.2122e+01ğ›€ cm
2023-05-19 16:53:04,599 INFO Measurement at current 0.02678391959798995
2023-05-19 16:53:05,190 INFO T:144.13Â°K V:5.0239e-01V I:2.6784e-02A R:1.8757e+01ğ›€ E:7.8499e+00V/cm J:2.4572e-01A/cm2 ğ›’:3.1946e+01ğ›€ cm
2023-05-19 16:53:05,209 INFO Measurement at current 0.02743718592964824
2023-05-19 16:53:05,819 INFO T:144.14Â°K V:5.1173e-01V I:2.7437e-02A R:1.8651e+01ğ›€ E:7.9957e+00V/cm J:2.5172e-01A/cm2 ğ›’:3.1765e+01ğ›€ cm
2023-05-19 16:53:05,837 INFO Measurement at current 0.02809045226130653
2023-05-19 16:53:06,432 INFO T:144.15Â°K V:5.2096e-01V I:2.8090e-02A R:1.8546e+01ğ›€ E:8.1400e+00V/cm J:2.5771e-01A/cm2 ğ›’:3.1586e+01ğ›€ cm
2023-05-19 16:53:06,451 INFO Measurement at current 0.028743718592964825
2023-05-19 16:53:07,037 INFO T:144.16Â°K V:5.3003e-01V I:2.8744e-02A R:1.8440e+01ğ›€ E:8.2817e+00V/cm J:2.6370e-01A/cm2 ğ›’:3.1405e+01ğ›€ cm
2023-05-19 16:53:07,063 INFO Measurement at current 0.029396984924623115
2023-05-19 16:53:07,665 INFO T:144.17Â°K V:5.3873e-01V I:2.9397e-02A R:1.8326e+01ğ›€ E:8.4177e+00V/cm J:2.6970e-01A/cm2 ğ›’:3.1212e+01ğ›€ cm
2023-05-19 16:53:07,683 INFO Measurement at current 0.030050251256281406
2023-05-19 16:53:08,287 INFO T:144.19Â°K V:5.4740e-01V I:3.0050e-02A R:1.8216e+01ğ›€ E:8.5532e+00V/cm J:2.7569e-01A/cm2 ğ›’:3.1025e+01ğ›€ cm
2023-05-19 16:53:08,306 INFO Measurement at current 0.030703517587939697
2023-05-19 16:53:08,910 INFO T:144.20Â°K V:5.5586e-01V I:3.0704e-02A R:1.8104e+01ğ›€ E:8.6853e+00V/cm J:2.8168e-01A/cm2 ğ›’:3.0833e+01ğ›€ cm
2023-05-19 16:53:08,951 INFO Measurement at current 0.03135678391959799
2023-05-19 16:53:09,539 INFO T:144.21Â°K V:5.6393e-01V I:3.1357e-02A R:1.7984e+01ğ›€ E:8.8114e+00V/cm J:2.8768e-01A/cm2 ğ›’:3.0629e+01ğ›€ cm
2023-05-19 16:53:09,554 INFO Measurement at current 0.03201005025125628
2023-05-19 16:53:10,144 INFO T:144.22Â°K V:5.7210e-01V I:3.2010e-02A R:1.7872e+01ğ›€ E:8.9390e+00V/cm J:2.9367e-01A/cm2 ğ›’:3.0439e+01ğ›€ cm
2023-05-19 16:53:10,167 INFO Measurement at current 0.03266331658291457
2023-05-19 16:53:10,764 INFO T:144.23Â°K V:5.8016e-01V I:3.2663e-02A R:1.7762e+01ğ›€ E:9.0649e+00V/cm J:2.9966e-01A/cm2 ğ›’:3.0250e+01ğ›€ cm
2023-05-19 16:53:10,791 INFO Measurement at current 0.033316582914572866
2023-05-19 16:53:11,377 INFO T:144.24Â°K V:5.8787e-01V I:3.3317e-02A R:1.7645e+01ğ›€ E:9.1855e+00V/cm J:3.0566e-01A/cm2 ğ›’:3.0052e+01ğ›€ cm
2023-05-19 16:53:11,393 INFO Measurement at current 0.03396984924623116
2023-05-19 16:53:11,980 INFO T:144.25Â°K V:5.9563e-01V I:3.3970e-02A R:1.7534e+01ğ›€ E:9.3067e+00V/cm J:3.1165e-01A/cm2 ğ›’:2.9863e+01ğ›€ cm
2023-05-19 16:53:11,997 INFO Measurement at current 0.03462311557788945
2023-05-19 16:53:12,585 INFO T:144.26Â°K V:6.0318e-01V I:3.4623e-02A R:1.7421e+01ğ›€ E:9.4247e+00V/cm J:3.1764e-01A/cm2 ğ›’:2.9671e+01ğ›€ cm
2023-05-19 16:53:12,602 INFO Measurement at current 0.03527638190954774
2023-05-19 16:53:13,191 INFO T:144.28Â°K V:6.1048e-01V I:3.5276e-02A R:1.7306e+01ğ›€ E:9.5388e+00V/cm J:3.2364e-01A/cm2 ğ›’:2.9474e+01ğ›€ cm
2023-05-19 16:53:13,214 INFO Measurement at current 0.03592964824120603
2023-05-19 16:53:13,816 INFO T:144.29Â°K V:6.1767e-01V I:3.5930e-02A R:1.7191e+01ğ›€ E:9.6511e+00V/cm J:3.2963e-01A/cm2 ğ›’:2.9279e+01ğ›€ cm
2023-05-19 16:53:13,839 INFO Measurement at current 0.03658291457286432
2023-05-19 16:53:14,429 INFO T:144.30Â°K V:6.2489e-01V I:3.6583e-02A R:1.7082e+01ğ›€ E:9.7639e+00V/cm J:3.3562e-01A/cm2 ğ›’:2.9092e+01ğ›€ cm
2023-05-19 16:53:14,445 INFO Measurement at current 0.03723618090452261
2023-05-19 16:53:15,031 INFO T:144.31Â°K V:6.3178e-01V I:3.7236e-02A R:1.6967e+01ğ›€ E:9.8715e+00V/cm J:3.4162e-01A/cm2 ğ›’:2.8897e+01ğ›€ cm
2023-05-19 16:53:15,046 INFO Measurement at current 0.0378894472361809
2023-05-19 16:53:15,637 INFO T:144.32Â°K V:6.3858e-01V I:3.7889e-02A R:1.6854e+01ğ›€ E:9.9779e+00V/cm J:3.4761e-01A/cm2 ğ›’:2.8704e+01ğ›€ cm
2023-05-19 16:53:15,658 INFO Measurement at current 0.03854271356783919
2023-05-19 16:53:16,244 INFO T:144.33Â°K V:6.4514e-01V I:3.8543e-02A R:1.6738e+01ğ›€ E:1.0080e+01V/cm J:3.5360e-01A/cm2 ğ›’:2.8507e+01ğ›€ cm
2023-05-19 16:53:16,261 INFO Measurement at current 0.03919597989949749
2023-05-19 16:53:16,856 INFO T:144.34Â°K V:6.5153e-01V I:3.9196e-02A R:1.6622e+01ğ›€ E:1.0180e+01V/cm J:3.5960e-01A/cm2 ğ›’:2.8310e+01ğ›€ cm
2023-05-19 16:53:16,877 INFO Measurement at current 0.03984924623115578
2023-05-19 16:53:17,469 INFO T:144.35Â°K V:6.5779e-01V I:3.9849e-02A R:1.6507e+01ğ›€ E:1.0278e+01V/cm J:3.6559e-01A/cm2 ğ›’:2.8114e+01ğ›€ cm
2023-05-19 16:53:17,486 INFO Measurement at current 0.04050251256281407
2023-05-19 16:53:18,079 INFO T:144.36Â°K V:6.6405e-01V I:4.0503e-02A R:1.6395e+01ğ›€ E:1.0376e+01V/cm J:3.7158e-01A/cm2 ğ›’:2.7923e+01ğ›€ cm
2023-05-19 16:53:18,096 INFO Measurement at current 0.04115577889447236
2023-05-19 16:53:18,697 INFO T:144.37Â°K V:6.7008e-01V I:4.1156e-02A R:1.6282e+01ğ›€ E:1.0470e+01V/cm J:3.7758e-01A/cm2 ğ›’:2.7730e+01ğ›€ cm
2023-05-19 16:53:18,719 INFO Measurement at current 0.04180904522613065
2023-05-19 16:53:19,308 INFO T:144.39Â°K V:6.7591e-01V I:4.1809e-02A R:1.6167e+01ğ›€ E:1.0561e+01V/cm J:3.8357e-01A/cm2 ğ›’:2.7534e+01ğ›€ cm
2023-05-19 16:53:19,330 INFO Measurement at current 0.04246231155778894
2023-05-19 16:53:19,925 INFO T:144.40Â°K V:6.8154e-01V I:4.2462e-02A R:1.6050e+01ğ›€ E:1.0649e+01V/cm J:3.8956e-01A/cm2 ğ›’:2.7336e+01ğ›€ cm
2023-05-19 16:53:19,942 INFO Measurement at current 0.04311557788944723
2023-05-19 16:53:20,534 INFO T:144.41Â°K V:6.8716e-01V I:4.3116e-02A R:1.5938e+01ğ›€ E:1.0737e+01V/cm J:3.9556e-01A/cm2 ğ›’:2.7144e+01ğ›€ cm
2023-05-19 16:53:20,551 INFO Measurement at current 0.043768844221105524
2023-05-19 16:53:21,138 INFO T:144.42Â°K V:6.9267e-01V I:4.3769e-02A R:1.5826e+01ğ›€ E:1.0823e+01V/cm J:4.0155e-01A/cm2 ğ›’:2.6953e+01ğ›€ cm
2023-05-19 16:53:21,154 INFO Measurement at current 0.044422110552763815
2023-05-19 16:53:21,755 INFO T:144.43Â°K V:6.9792e-01V I:4.4422e-02A R:1.5711e+01ğ›€ E:1.0905e+01V/cm J:4.0754e-01A/cm2 ğ›’:2.6758e+01ğ›€ cm
2023-05-19 16:53:21,777 INFO Measurement at current 0.04507537688442211
2023-05-19 16:53:22,367 INFO T:144.44Â°K V:7.0296e-01V I:4.5075e-02A R:1.5595e+01ğ›€ E:1.0984e+01V/cm J:4.1354e-01A/cm2 ğ›’:2.6561e+01ğ›€ cm
2023-05-19 16:53:22,388 INFO Measurement at current 0.0457286432160804
2023-05-19 16:53:22,992 INFO T:144.45Â°K V:7.0807e-01V I:4.5729e-02A R:1.5484e+01ğ›€ E:1.1064e+01V/cm J:4.1953e-01A/cm2 ğ›’:2.6371e+01ğ›€ cm
2023-05-19 16:53:23,026 INFO Measurement at current 0.046381909547738694
2023-05-19 16:53:23,615 INFO T:144.46Â°K V:7.1261e-01V I:4.6382e-02A R:1.5364e+01ğ›€ E:1.1134e+01V/cm J:4.2552e-01A/cm2 ğ›’:2.6167e+01ğ›€ cm
2023-05-19 16:53:23,633 INFO Measurement at current 0.047035175879396984
2023-05-19 16:53:24,222 INFO T:144.48Â°K V:7.1747e-01V I:4.7035e-02A R:1.5254e+01ğ›€ E:1.1211e+01V/cm J:4.3152e-01A/cm2 ğ›’:2.5979e+01ğ›€ cm
2023-05-19 16:53:24,239 INFO Measurement at current 0.047688442211055275
2023-05-19 16:53:24,826 INFO T:144.49Â°K V:7.2230e-01V I:4.7688e-02A R:1.5146e+01ğ›€ E:1.1286e+01V/cm J:4.3751e-01A/cm2 ğ›’:2.5796e+01ğ›€ cm
2023-05-19 16:53:24,844 INFO Measurement at current 0.048341708542713566
2023-05-19 16:53:25,429 INFO T:144.50Â°K V:7.2698e-01V I:4.8342e-02A R:1.5038e+01ğ›€ E:1.1359e+01V/cm J:4.4350e-01A/cm2 ğ›’:2.5612e+01ğ›€ cm
2023-05-19 16:53:25,448 INFO Measurement at current 0.048994974874371856
2023-05-19 16:53:26,042 INFO T:144.51Â°K V:7.3162e-01V I:4.8995e-02A R:1.4933e+01ğ›€ E:1.1432e+01V/cm J:4.4950e-01A/cm2 ğ›’:2.5432e+01ğ›€ cm
2023-05-19 16:53:26,077 INFO Measurement at current 0.04964824120603015
2023-05-19 16:53:26,678 INFO T:144.52Â°K V:7.3596e-01V I:4.9648e-02A R:1.4824e+01ğ›€ E:1.1499e+01V/cm J:4.5549e-01A/cm2 ğ›’:2.5246e+01ğ›€ cm
2023-05-19 16:53:26,699 INFO Measurement at current 0.05030150753768844
2023-05-19 16:53:27,290 INFO T:144.53Â°K V:7.4018e-01V I:5.0302e-02A R:1.4715e+01ğ›€ E:1.1565e+01V/cm J:4.6148e-01A/cm2 ğ›’:2.5061e+01ğ›€ cm
2023-05-19 16:53:27,314 INFO Measurement at current 0.050954773869346735
2023-05-19 16:53:27,904 INFO T:144.54Â°K V:7.4463e-01V I:5.0955e-02A R:1.4614e+01ğ›€ E:1.1635e+01V/cm J:4.6747e-01A/cm2 ğ›’:2.4889e+01ğ›€ cm
2023-05-19 16:53:27,927 INFO Measurement at current 0.051608040201005026
2023-05-19 16:53:28,525 INFO T:144.55Â°K V:7.4900e-01V I:5.1608e-02A R:1.4513e+01ğ›€ E:1.1703e+01V/cm J:4.7347e-01A/cm2 ğ›’:2.4718e+01ğ›€ cm
2023-05-19 16:53:28,548 INFO Measurement at current 0.05226130653266332
2023-05-19 16:53:29,141 INFO T:144.57Â°K V:7.5312e-01V I:5.2261e-02A R:1.4411e+01ğ›€ E:1.1767e+01V/cm J:4.7946e-01A/cm2 ğ›’:2.4543e+01ğ›€ cm
2023-05-19 16:53:29,164 INFO Measurement at current 0.05291457286432161
2023-05-19 16:53:29,754 INFO T:144.58Â°K V:7.5720e-01V I:5.2915e-02A R:1.4310e+01ğ›€ E:1.1831e+01V/cm J:4.8545e-01A/cm2 ğ›’:2.4372e+01ğ›€ cm
2023-05-19 16:53:29,796 INFO Measurement at current 0.0535678391959799
2023-05-19 16:53:30,404 INFO T:144.59Â°K V:7.6081e-01V I:5.3568e-02A R:1.4203e+01ğ›€ E:1.1888e+01V/cm J:4.9145e-01A/cm2 ğ›’:2.4189e+01ğ›€ cm
2023-05-19 16:53:30,422 INFO Measurement at current 0.05422110552763819
2023-05-19 16:53:31,008 INFO T:144.60Â°K V:7.6473e-01V I:5.4221e-02A R:1.4104e+01ğ›€ E:1.1949e+01V/cm J:4.9744e-01A/cm2 ğ›’:2.4021e+01ğ›€ cm
2023-05-19 16:53:31,030 INFO Measurement at current 0.05487437185929648
2023-05-19 16:53:31,632 INFO T:144.61Â°K V:7.6866e-01V I:5.4874e-02A R:1.4008e+01ğ›€ E:1.2010e+01V/cm J:5.0343e-01A/cm2 ğ›’:2.3857e+01ğ›€ cm
2023-05-19 16:53:31,651 INFO Measurement at current 0.05552763819095477
2023-05-19 16:53:32,255 INFO T:144.62Â°K V:7.7224e-01V I:5.5528e-02A R:1.3907e+01ğ›€ E:1.2066e+01V/cm J:5.0943e-01A/cm2 ğ›’:2.3686e+01ğ›€ cm
2023-05-19 16:53:32,283 INFO Measurement at current 0.05618090452261306
2023-05-19 16:53:32,897 INFO T:144.63Â°K V:7.7574e-01V I:5.6181e-02A R:1.3808e+01ğ›€ E:1.2121e+01V/cm J:5.1542e-01A/cm2 ğ›’:2.3517e+01ğ›€ cm
2023-05-19 16:53:32,924 INFO Measurement at current 0.05683417085427136
2023-05-19 16:53:33,513 INFO T:144.65Â°K V:7.7916e-01V I:5.6834e-02A R:1.3709e+01ğ›€ E:1.2174e+01V/cm J:5.2141e-01A/cm2 ğ›’:2.3349e+01ğ›€ cm
2023-05-19 16:53:33,545 INFO Measurement at current 0.05748743718592965
2023-05-19 16:53:34,133 INFO T:144.66Â°K V:7.8252e-01V I:5.7487e-02A R:1.3612e+01ğ›€ E:1.2227e+01V/cm J:5.2741e-01A/cm2 ğ›’:2.3183e+01ğ›€ cm
2023-05-19 16:53:34,150 INFO Measurement at current 0.05814070351758794
2023-05-19 16:53:34,756 INFO T:144.67Â°K V:7.8582e-01V I:5.8141e-02A R:1.3516e+01ğ›€ E:1.2278e+01V/cm J:5.3340e-01A/cm2 ğ›’:2.3019e+01ğ›€ cm
2023-05-19 16:53:34,783 INFO Measurement at current 0.05879396984924623
2023-05-19 16:53:35,375 INFO T:144.68Â°K V:7.8892e-01V I:5.8794e-02A R:1.3418e+01ğ›€ E:1.2327e+01V/cm J:5.3939e-01A/cm2 ğ›’:2.2853e+01ğ›€ cm
2023-05-19 16:53:35,390 INFO Measurement at current 0.05944723618090452
2023-05-19 16:53:35,980 INFO T:144.69Â°K V:7.9221e-01V I:5.9447e-02A R:1.3326e+01ğ›€ E:1.2378e+01V/cm J:5.4539e-01A/cm2 ğ›’:2.2696e+01ğ›€ cm
2023-05-19 16:53:36,000 INFO Measurement at current 0.06010050251256281
2023-05-19 16:53:36,593 INFO T:144.70Â°K V:7.9550e-01V I:6.0101e-02A R:1.3236e+01ğ›€ E:1.2430e+01V/cm J:5.5138e-01A/cm2 ğ›’:2.2543e+01ğ›€ cm
2023-05-19 16:53:36,634 INFO Measurement at current 0.0607537688442211
2023-05-19 16:53:37,232 INFO T:144.71Â°K V:7.9858e-01V I:6.0754e-02A R:1.3145e+01ğ›€ E:1.2478e+01V/cm J:5.5737e-01A/cm2 ğ›’:2.2387e+01ğ›€ cm
2023-05-19 16:53:37,264 INFO Measurement at current 0.06140703517587939
2023-05-19 16:53:37,860 INFO T:144.73Â°K V:8.0154e-01V I:6.1407e-02A R:1.3053e+01ğ›€ E:1.2524e+01V/cm J:5.6337e-01A/cm2 ğ›’:2.2231e+01ğ›€ cm
2023-05-19 16:53:37,883 INFO Measurement at current 0.062060301507537684
2023-05-19 16:53:38,479 INFO T:144.74Â°K V:8.0462e-01V I:6.2060e-02A R:1.2965e+01ğ›€ E:1.2572e+01V/cm J:5.6936e-01A/cm2 ğ›’:2.2081e+01ğ›€ cm
2023-05-19 16:53:38,496 INFO Measurement at current 0.06271356783919597
2023-05-19 16:53:39,088 INFO T:144.75Â°K V:8.0776e-01V I:6.2714e-02A R:1.2880e+01ğ›€ E:1.2621e+01V/cm J:5.7535e-01A/cm2 ğ›’:2.1937e+01ğ›€ cm
2023-05-19 16:53:39,122 INFO Measurement at current 0.06336683417085427
2023-05-19 16:53:39,723 INFO T:144.76Â°K V:8.1084e-01V I:6.3367e-02A R:1.2796e+01ğ›€ E:1.2669e+01V/cm J:5.8135e-01A/cm2 ğ›’:2.1793e+01ğ›€ cm
2023-05-19 16:53:39,749 INFO Measurement at current 0.06402010050251256
2023-05-19 16:53:40,359 INFO T:144.77Â°K V:8.1357e-01V I:6.4020e-02A R:1.2708e+01ğ›€ E:1.2712e+01V/cm J:5.8734e-01A/cm2 ğ›’:2.1643e+01ğ›€ cm
2023-05-19 16:53:40,412 INFO Measurement at current 0.06467336683417085
2023-05-19 16:53:41,000 INFO T:144.78Â°K V:8.1626e-01V I:6.4673e-02A R:1.2621e+01ğ›€ E:1.2754e+01V/cm J:5.9333e-01A/cm2 ğ›’:2.1496e+01ğ›€ cm
2023-05-19 16:53:41,034 INFO Measurement at current 0.06532663316582914
2023-05-19 16:53:41,629 INFO T:144.80Â°K V:8.1882e-01V I:6.5327e-02A R:1.2534e+01ğ›€ E:1.2794e+01V/cm J:5.9933e-01A/cm2 ğ›’:2.1347e+01ğ›€ cm
2023-05-19 16:53:41,648 INFO Measurement at current 0.06597989949748743
2023-05-19 16:53:42,240 INFO T:144.81Â°K V:8.2164e-01V I:6.5980e-02A R:1.2453e+01ğ›€ E:1.2838e+01V/cm J:6.0532e-01A/cm2 ğ›’:2.1209e+01ğ›€ cm
2023-05-19 16:53:42,260 INFO Measurement at current 0.06663316582914573
2023-05-19 16:53:42,870 INFO T:144.82Â°K V:8.2434e-01V I:6.6633e-02A R:1.2371e+01ğ›€ E:1.2880e+01V/cm J:6.1131e-01A/cm2 ğ›’:2.1070e+01ğ›€ cm
2023-05-19 16:53:42,892 INFO Measurement at current 0.06728643216080402
2023-05-19 16:53:43,492 INFO T:144.83Â°K V:8.2721e-01V I:6.7286e-02A R:1.2294e+01ğ›€ E:1.2925e+01V/cm J:6.1731e-01A/cm2 ğ›’:2.0938e+01ğ›€ cm
2023-05-19 16:53:43,516 INFO Measurement at current 0.06793969849246231
2023-05-19 16:53:44,115 INFO T:144.84Â°K V:8.2985e-01V I:6.7940e-02A R:1.2214e+01ğ›€ E:1.2966e+01V/cm J:6.2330e-01A/cm2 ğ›’:2.0803e+01ğ›€ cm
2023-05-19 16:53:44,141 INFO Measurement at current 0.0685929648241206
2023-05-19 16:53:44,733 INFO T:144.85Â°K V:8.3245e-01V I:6.8593e-02A R:1.2136e+01ğ›€ E:1.3007e+01V/cm J:6.2929e-01A/cm2 ğ›’:2.0669e+01ğ›€ cm
2023-05-19 16:53:44,753 INFO Measurement at current 0.0692462311557789
2023-05-19 16:53:45,353 INFO T:144.86Â°K V:8.3493e-01V I:6.9246e-02A R:1.2057e+01ğ›€ E:1.3046e+01V/cm J:6.3529e-01A/cm2 ğ›’:2.0535e+01ğ›€ cm
2023-05-19 16:53:45,373 INFO Measurement at current 0.06989949748743718
2023-05-19 16:53:45,965 INFO T:144.88Â°K V:8.3739e-01V I:6.9899e-02A R:1.1980e+01ğ›€ E:1.3084e+01V/cm J:6.4128e-01A/cm2 ğ›’:2.0403e+01ğ›€ cm
2023-05-19 16:53:45,982 INFO Measurement at current 0.07055276381909548
2023-05-19 16:53:46,584 INFO T:144.89Â°K V:8.3978e-01V I:7.0553e-02A R:1.1903e+01ğ›€ E:1.3122e+01V/cm J:6.4727e-01A/cm2 ğ›’:2.0272e+01ğ›€ cm
2023-05-19 16:53:46,605 INFO Measurement at current 0.07120603015075376
2023-05-19 16:53:47,196 INFO T:144.90Â°K V:8.4221e-01V I:7.1206e-02A R:1.1828e+01ğ›€ E:1.3159e+01V/cm J:6.5327e-01A/cm2 ğ›’:2.0144e+01ğ›€ cm
2023-05-19 16:53:47,212 INFO Measurement at current 0.07185929648241206
2023-05-19 16:53:47,819 INFO T:144.91Â°K V:8.4474e-01V I:7.1859e-02A R:1.1755e+01ğ›€ E:1.3199e+01V/cm J:6.5926e-01A/cm2 ğ›’:2.0021e+01ğ›€ cm
2023-05-19 16:53:47,856 INFO Measurement at current 0.07251256281407036
2023-05-19 16:53:48,450 INFO T:144.92Â°K V:8.4693e-01V I:7.2513e-02A R:1.1680e+01ğ›€ E:1.3233e+01V/cm J:6.6525e-01A/cm2 ğ›’:1.9892e+01ğ›€ cm
2023-05-19 16:53:48,472 INFO Measurement at current 0.07316582914572864
2023-05-19 16:53:49,071 INFO T:144.93Â°K V:8.4918e-01V I:7.3166e-02A R:1.1606e+01ğ›€ E:1.3268e+01V/cm J:6.7125e-01A/cm2 ğ›’:1.9767e+01ğ›€ cm
2023-05-19 16:53:49,087 INFO Measurement at current 0.07381909547738694
2023-05-19 16:53:49,699 INFO T:144.94Â°K V:8.5154e-01V I:7.3819e-02A R:1.1536e+01ğ›€ E:1.3305e+01V/cm J:6.7724e-01A/cm2 ğ›’:1.9646e+01ğ›€ cm
2023-05-19 16:53:49,725 INFO Measurement at current 0.07447236180904522
2023-05-19 16:53:50,321 INFO T:144.96Â°K V:8.5343e-01V I:7.4472e-02A R:1.1460e+01ğ›€ E:1.3335e+01V/cm J:6.8323e-01A/cm2 ğ›’:1.9517e+01ğ›€ cm
2023-05-19 16:53:50,337 INFO Measurement at current 0.07512562814070352
2023-05-19 16:53:50,938 INFO T:144.97Â°K V:8.5570e-01V I:7.5126e-02A R:1.1390e+01ğ›€ E:1.3370e+01V/cm J:6.8923e-01A/cm2 ğ›’:1.9399e+01ğ›€ cm
2023-05-19 16:53:50,961 INFO Measurement at current 0.0757788944723618
2023-05-19 16:53:51,558 INFO T:144.98Â°K V:8.5766e-01V I:7.5779e-02A R:1.1318e+01ğ›€ E:1.3401e+01V/cm J:6.9522e-01A/cm2 ğ›’:1.9276e+01ğ›€ cm
2023-05-19 16:53:51,580 INFO Measurement at current 0.0764321608040201
2023-05-19 16:53:52,166 INFO T:144.99Â°K V:8.5967e-01V I:7.6432e-02A R:1.1247e+01ğ›€ E:1.3432e+01V/cm J:7.0121e-01A/cm2 ğ›’:1.9156e+01ğ›€ cm
2023-05-19 16:53:52,181 INFO Measurement at current 0.07708542713567838
2023-05-19 16:53:52,770 INFO T:145.00Â°K V:8.6196e-01V I:7.7085e-02A R:1.1182e+01ğ›€ E:1.3468e+01V/cm J:7.0721e-01A/cm2 ğ›’:1.9044e+01ğ›€ cm
2023-05-19 16:53:52,793 INFO Measurement at current 0.07773869346733668
2023-05-19 16:53:53,407 INFO T:145.01Â°K V:8.6419e-01V I:7.7739e-02A R:1.1117e+01ğ›€ E:1.3503e+01V/cm J:7.1320e-01A/cm2 ğ›’:1.8933e+01ğ›€ cm
2023-05-19 16:53:53,429 INFO Measurement at current 0.07839195979899498
2023-05-19 16:53:54,028 INFO T:145.02Â°K V:8.6619e-01V I:7.8392e-02A R:1.1049e+01ğ›€ E:1.3534e+01V/cm J:7.1919e-01A/cm2 ğ›’:1.8819e+01ğ›€ cm
2023-05-19 16:53:54,045 INFO Measurement at current 0.07904522613065326
2023-05-19 16:53:54,648 INFO T:145.04Â°K V:8.6833e-01V I:7.9045e-02A R:1.0985e+01ğ›€ E:1.3568e+01V/cm J:7.2519e-01A/cm2 ğ›’:1.8709e+01ğ›€ cm
2023-05-19 16:53:54,662 INFO Measurement at current 0.07969849246231156
2023-05-19 16:53:55,249 INFO T:145.05Â°K V:8.7055e-01V I:7.9698e-02A R:1.0923e+01ğ›€ E:1.3602e+01V/cm J:7.3118e-01A/cm2 ğ›’:1.8603e+01ğ›€ cm
2023-05-19 16:53:55,270 INFO Measurement at current 0.08035175879396984
2023-05-19 16:53:55,877 INFO T:145.06Â°K V:8.7226e-01V I:8.0352e-02A R:1.0855e+01ğ›€ E:1.3629e+01V/cm J:7.3717e-01A/cm2 ğ›’:1.8488e+01ğ›€ cm
2023-05-19 16:53:55,897 INFO Measurement at current 0.08100502512562814
2023-05-19 16:53:56,493 INFO T:145.07Â°K V:8.7402e-01V I:8.1005e-02A R:1.0790e+01ğ›€ E:1.3657e+01V/cm J:7.4317e-01A/cm2 ğ›’:1.8376e+01ğ›€ cm
2023-05-19 16:53:56,511 INFO Measurement at current 0.08165829145728642
2023-05-19 16:53:57,108 INFO T:145.08Â°K V:8.7588e-01V I:8.1658e-02A R:1.0726e+01ğ›€ E:1.3686e+01V/cm J:7.4916e-01A/cm2 ğ›’:1.8268e+01ğ›€ cm
2023-05-19 16:53:57,123 INFO Measurement at current 0.08231155778894472
2023-05-19 16:53:57,729 INFO T:145.09Â°K V:8.7779e-01V I:8.2312e-02A R:1.0664e+01ğ›€ E:1.3715e+01V/cm J:7.5515e-01A/cm2 ğ›’:1.8163e+01ğ›€ cm
2023-05-19 16:53:57,768 INFO Measurement at current 0.082964824120603
2023-05-19 16:53:58,351 INFO T:145.11Â°K V:8.7932e-01V I:8.2965e-02A R:1.0599e+01ğ›€ E:1.3739e+01V/cm J:7.6115e-01A/cm2 ğ›’:1.8051e+01ğ›€ cm
2023-05-19 16:53:58,368 INFO Measurement at current 0.0836180904522613
2023-05-19 16:53:58,964 INFO T:145.12Â°K V:8.8118e-01V I:8.3618e-02A R:1.0538e+01ğ›€ E:1.3768e+01V/cm J:7.6714e-01A/cm2 ğ›’:1.7948e+01ğ›€ cm
2023-05-19 16:53:58,990 INFO Measurement at current 0.0842713567839196
2023-05-19 16:53:59,589 INFO T:145.13Â°K V:8.8287e-01V I:8.4271e-02A R:1.0477e+01ğ›€ E:1.3795e+01V/cm J:7.7313e-01A/cm2 ğ›’:1.7843e+01ğ›€ cm
2023-05-19 16:53:59,612 INFO Measurement at current 0.08492462311557789
2023-05-19 16:54:00,216 INFO T:145.14Â°K V:8.8460e-01V I:8.4925e-02A R:1.0416e+01ğ›€ E:1.3822e+01V/cm J:7.7912e-01A/cm2 ğ›’:1.7740e+01ğ›€ cm
2023-05-19 16:54:00,246 INFO Measurement at current 0.08557788944723618
2023-05-19 16:54:00,859 INFO T:145.15Â°K V:8.8604e-01V I:8.5578e-02A R:1.0354e+01ğ›€ E:1.3844e+01V/cm J:7.8512e-01A/cm2 ğ›’:1.7634e+01ğ›€ cm
2023-05-19 16:54:00,895 INFO Measurement at current 0.08623115577889447
2023-05-19 16:54:01,483 INFO T:145.16Â°K V:8.8770e-01V I:8.6231e-02A R:1.0294e+01ğ›€ E:1.3870e+01V/cm J:7.9111e-01A/cm2 ğ›’:1.7533e+01ğ›€ cm
2023-05-19 16:54:01,500 INFO Measurement at current 0.08688442211055276
2023-05-19 16:54:02,089 INFO T:145.17Â°K V:8.8959e-01V I:8.6884e-02A R:1.0239e+01ğ›€ E:1.3900e+01V/cm J:7.9710e-01A/cm2 ğ›’:1.7438e+01ğ›€ cm
2023-05-19 16:54:02,110 INFO Measurement at current 0.08753768844221105
2023-05-19 16:54:02,706 INFO T:145.19Â°K V:8.9127e-01V I:8.7538e-02A R:1.0182e+01ğ›€ E:1.3926e+01V/cm J:8.0310e-01A/cm2 ğ›’:1.7340e+01ğ›€ cm
2023-05-19 16:54:02,723 INFO Measurement at current 0.08819095477386935
2023-05-19 16:54:03,314 INFO T:145.20Â°K V:8.9294e-01V I:8.8191e-02A R:1.0125e+01ğ›€ E:1.3952e+01V/cm J:8.0909e-01A/cm2 ğ›’:1.7244e+01ğ›€ cm
2023-05-19 16:54:03,335 INFO Measurement at current 0.08884422110552763
2023-05-19 16:54:03,937 INFO T:145.21Â°K V:8.9444e-01V I:8.8844e-02A R:1.0068e+01ğ›€ E:1.3976e+01V/cm J:8.1508e-01A/cm2 ğ›’:1.7146e+01ğ›€ cm
2023-05-19 16:54:03,964 INFO Measurement at current 0.08949748743718593
2023-05-19 16:54:04,560 INFO T:145.22Â°K V:8.9583e-01V I:8.9497e-02A R:1.0010e+01ğ›€ E:1.3997e+01V/cm J:8.2108e-01A/cm2 ğ›’:1.7048e+01ğ›€ cm
2023-05-19 16:54:04,586 INFO Measurement at current 0.09015075376884422
2023-05-19 16:54:05,177 INFO T:145.23Â°K V:8.9745e-01V I:9.0151e-02A R:9.9550e+00ğ›€ E:1.4023e+01V/cm J:8.2707e-01A/cm2 ğ›’:1.6955e+01ğ›€ cm
2023-05-19 16:54:05,194 INFO Measurement at current 0.09080402010050251
2023-05-19 16:54:05,789 INFO T:145.24Â°K V:8.9908e-01V I:9.0804e-02A R:9.9013e+00ğ›€ E:1.4048e+01V/cm J:8.3306e-01A/cm2 ğ›’:1.6863e+01ğ›€ cm
2023-05-19 16:54:05,817 INFO Measurement at current 0.0914572864321608
2023-05-19 16:54:06,428 INFO T:145.25Â°K V:9.0049e-01V I:9.1457e-02A R:9.8460e+00ğ›€ E:1.4070e+01V/cm J:8.3906e-01A/cm2 ğ›’:1.6769e+01ğ›€ cm
2023-05-19 16:54:06,446 INFO Measurement at current 0.09211055276381909
2023-05-19 16:54:07,048 INFO T:145.27Â°K V:9.0234e-01V I:9.2111e-02A R:9.7962e+00ğ›€ E:1.4099e+01V/cm J:8.4505e-01A/cm2 ğ›’:1.6684e+01ğ›€ cm
2023-05-19 16:54:07,074 INFO Measurement at current 0.09276381909547739
2023-05-19 16:54:07,673 INFO T:145.28Â°K V:9.0383e-01V I:9.2764e-02A R:9.7433e+00ğ›€ E:1.4122e+01V/cm J:8.5104e-01A/cm2 ğ›’:1.6594e+01ğ›€ cm
2023-05-19 16:54:07,698 INFO Measurement at current 0.09341708542713567
2023-05-19 16:54:08,295 INFO T:145.29Â°K V:9.0516e-01V I:9.3417e-02A R:9.6895e+00ğ›€ E:1.4143e+01V/cm J:8.5704e-01A/cm2 ğ›’:1.6502e+01ğ›€ cm
2023-05-19 16:54:08,309 INFO Measurement at current 0.09407035175879397
2023-05-19 16:54:08,903 INFO T:145.30Â°K V:9.0681e-01V I:9.4070e-02A R:9.6397e+00ğ›€ E:1.4169e+01V/cm J:8.6303e-01A/cm2 ğ›’:1.6418e+01ğ›€ cm
2023-05-19 16:54:08,922 INFO Measurement at current 0.09472361809045225
2023-05-19 16:54:09,512 INFO T:145.31Â°K V:9.0833e-01V I:9.4724e-02A R:9.5892e+00ğ›€ E:1.4193e+01V/cm J:8.6902e-01A/cm2 ğ›’:1.6332e+01ğ›€ cm
2023-05-19 16:54:09,539 INFO Measurement at current 0.09537688442211055
2023-05-19 16:54:10,132 INFO T:145.32Â°K V:9.0979e-01V I:9.5377e-02A R:9.5389e+00ğ›€ E:1.4215e+01V/cm J:8.7502e-01A/cm2 ğ›’:1.6246e+01ğ›€ cm
2023-05-19 16:54:10,151 INFO Measurement at current 0.09603015075376885
2023-05-19 16:54:10,751 INFO T:145.34Â°K V:9.1126e-01V I:9.6030e-02A R:9.4894e+00ğ›€ E:1.4239e+01V/cm J:8.8101e-01A/cm2 ğ›’:1.6162e+01ğ›€ cm
2023-05-19 16:54:10,767 INFO Measurement at current 0.09668341708542713
2023-05-19 16:54:11,354 INFO T:145.35Â°K V:9.1273e-01V I:9.6683e-02A R:9.4404e+00ğ›€ E:1.4261e+01V/cm J:8.8700e-01A/cm2 ğ›’:1.6078e+01ğ›€ cm
2023-05-19 16:54:11,370 INFO Measurement at current 0.09733668341708543
2023-05-19 16:54:11,965 INFO T:145.36Â°K V:9.1423e-01V I:9.7337e-02A R:9.3924e+00ğ›€ E:1.4285e+01V/cm J:8.9300e-01A/cm2 ğ›’:1.5996e+01ğ›€ cm
2023-05-19 16:54:11,981 INFO Measurement at current 0.09798994974874371
2023-05-19 16:54:12,569 INFO T:145.37Â°K V:9.1574e-01V I:9.7990e-02A R:9.3453e+00ğ›€ E:1.4308e+01V/cm J:8.9899e-01A/cm2 ğ›’:1.5916e+01ğ›€ cm
2023-05-19 16:54:12,584 INFO Measurement at current 0.09864321608040201
2023-05-19 16:54:13,169 INFO T:145.38Â°K V:9.1729e-01V I:9.8643e-02A R:9.2991e+00ğ›€ E:1.4333e+01V/cm J:9.0498e-01A/cm2 ğ›’:1.5837e+01ğ›€ cm
2023-05-19 16:54:13,186 INFO Measurement at current 0.0992964824120603
2023-05-19 16:54:13,806 INFO T:145.39Â°K V:9.1867e-01V I:9.9296e-02A R:9.2518e+00ğ›€ E:1.4354e+01V/cm J:9.1098e-01A/cm2 ğ›’:1.5757e+01ğ›€ cm
2023-05-19 16:54:13,831 INFO Measurement at current 0.09994974874371859
2023-05-19 16:54:14,444 INFO T:145.40Â°K V:9.1986e-01V I:9.9950e-02A R:9.2032e+00ğ›€ E:1.4373e+01V/cm J:9.1697e-01A/cm2 ğ›’:1.5674e+01ğ›€ cm
2023-05-19 16:54:14,463 INFO Measurement at current 0.10060301507537688
2023-05-19 16:54:15,089 INFO T:145.42Â°K V:9.2097e-01V I:1.0060e-01A R:9.1545e+00ğ›€ E:1.4390e+01V/cm J:9.2296e-01A/cm2 ğ›’:1.5591e+01ğ›€ cm
2023-05-19 16:54:15,108 INFO Measurement at current 0.10125628140703517
2023-05-19 16:54:15,697 INFO T:145.43Â°K V:9.2227e-01V I:1.0126e-01A R:9.1083e+00ğ›€ E:1.4410e+01V/cm J:9.2896e-01A/cm2 ğ›’:1.5513e+01ğ›€ cm
2023-05-19 16:54:15,716 INFO Measurement at current 0.10190954773869347
2023-05-19 16:54:16,324 INFO T:145.44Â°K V:9.2369e-01V I:1.0191e-01A R:9.0638e+00ğ›€ E:1.4433e+01V/cm J:9.3495e-01A/cm2 ğ›’:1.5437e+01ğ›€ cm
2023-05-19 16:54:16,354 INFO Measurement at current 0.10256281407035175
2023-05-19 16:54:16,959 INFO T:145.45Â°K V:9.2491e-01V I:1.0256e-01A R:9.0180e+00ğ›€ E:1.4452e+01V/cm J:9.4094e-01A/cm2 ğ›’:1.5359e+01ğ›€ cm
2023-05-19 16:54:16,974 INFO Measurement at current 0.10321608040201005
2023-05-19 16:54:17,559 INFO T:145.46Â°K V:9.2622e-01V I:1.0322e-01A R:8.9736e+00ğ›€ E:1.4472e+01V/cm J:9.4694e-01A/cm2 ğ›’:1.5283e+01ğ›€ cm
2023-05-19 16:54:17,576 INFO Measurement at current 0.10386934673366834
2023-05-19 16:54:18,167 INFO T:145.47Â°K V:9.2762e-01V I:1.0387e-01A R:8.9306e+00ğ›€ E:1.4494e+01V/cm J:9.5293e-01A/cm2 ğ›’:1.5210e+01ğ›€ cm
2023-05-19 16:54:18,188 INFO Measurement at current 0.10452261306532663
2023-05-19 16:54:18,791 INFO T:145.49Â°K V:9.2894e-01V I:1.0452e-01A R:8.8874e+00ğ›€ E:1.4515e+01V/cm J:9.5892e-01A/cm2 ğ›’:1.5136e+01ğ›€ cm
2023-05-19 16:54:18,814 INFO Measurement at current 0.10517587939698492
2023-05-19 16:54:19,420 INFO T:145.50Â°K V:9.3114e-01V I:1.0518e-01A R:8.8532e+00ğ›€ E:1.4549e+01V/cm J:9.6492e-01A/cm2 ğ›’:1.5078e+01ğ›€ cm
2023-05-19 16:54:19,456 INFO Measurement at current 0.10582914572864321
2023-05-19 16:54:20,047 INFO T:145.51Â°K V:9.3210e-01V I:1.0583e-01A R:8.8076e+00ğ›€ E:1.4564e+01V/cm J:9.7091e-01A/cm2 ğ›’:1.5000e+01ğ›€ cm
2023-05-19 16:54:20,084 INFO Measurement at current 0.1064824120603015
2023-05-19 16:54:20,691 INFO T:145.52Â°K V:9.3311e-01V I:1.0648e-01A R:8.7631e+00ğ›€ E:1.4580e+01V/cm J:9.7690e-01A/cm2 ğ›’:1.4925e+01ğ›€ cm
2023-05-19 16:54:20,730 INFO Measurement at current 0.1071356783919598
2023-05-19 16:54:21,323 INFO T:145.53Â°K V:9.3428e-01V I:1.0714e-01A R:8.7205e+00ğ›€ E:1.4598e+01V/cm J:9.8290e-01A/cm2 ğ›’:1.4852e+01ğ›€ cm
2023-05-19 16:54:21,340 INFO Measurement at current 0.1077889447236181
2023-05-19 16:54:21,931 INFO T:145.54Â°K V:9.3556e-01V I:1.0779e-01A R:8.6796e+00ğ›€ E:1.4618e+01V/cm J:9.8889e-01A/cm2 ğ›’:1.4782e+01ğ›€ cm
2023-05-19 16:54:21,950 INFO Measurement at current 0.10844221105527638
2023-05-19 16:54:22,549 INFO T:145.56Â°K V:9.3679e-01V I:1.0844e-01A R:8.6386e+00ğ›€ E:1.4637e+01V/cm J:9.9488e-01A/cm2 ğ›’:1.4713e+01ğ›€ cm
2023-05-19 16:54:22,577 INFO Measurement at current 0.10909547738693468
2023-05-19 16:54:23,169 INFO T:145.57Â°K V:9.3843e-01V I:1.0910e-01A R:8.6019e+00ğ›€ E:1.4663e+01V/cm J:1.0009e+00A/cm2 ğ›’:1.4650e+01ğ›€ cm
2023-05-19 16:54:23,197 INFO Measurement at current 0.10974874371859296
2023-05-19 16:54:23,779 INFO T:145.58Â°K V:9.3956e-01V I:1.0975e-01A R:8.5610e+00ğ›€ E:1.4681e+01V/cm J:1.0069e+00A/cm2 ğ›’:1.4580e+01ğ›€ cm
2023-05-19 16:54:23,799 INFO Measurement at current 0.11040201005025126
2023-05-19 16:54:24,403 INFO T:145.59Â°K V:9.4064e-01V I:1.1040e-01A R:8.5201e+00ğ›€ E:1.4697e+01V/cm J:1.0129e+00A/cm2 ğ›’:1.4511e+01ğ›€ cm
2023-05-19 16:54:24,466 INFO Measurement at current 0.11105527638190954
2023-05-19 16:54:25,066 INFO T:145.60Â°K V:9.4165e-01V I:1.1106e-01A R:8.4791e+00ğ›€ E:1.4713e+01V/cm J:1.0189e+00A/cm2 ğ›’:1.4441e+01ğ›€ cm
2023-05-19 16:54:25,092 INFO Measurement at current 0.11170854271356784
2023-05-19 16:54:25,690 INFO T:145.62Â°K V:9.4271e-01V I:1.1171e-01A R:8.4390e+00ğ›€ E:1.4730e+01V/cm J:1.0248e+00A/cm2 ğ›’:1.4373e+01ğ›€ cm
2023-05-19 16:54:25,709 INFO Measurement at current 0.11236180904522612
2023-05-19 16:54:26,299 INFO T:145.63Â°K V:9.4385e-01V I:1.1236e-01A R:8.4001e+00ğ›€ E:1.4748e+01V/cm J:1.0308e+00A/cm2 ğ›’:1.4306e+01ğ›€ cm
2023-05-19 16:54:26,325 INFO Measurement at current 0.11301507537688442
2023-05-19 16:54:26,921 INFO T:145.64Â°K V:9.4512e-01V I:1.1302e-01A R:8.3628e+00ğ›€ E:1.4768e+01V/cm J:1.0368e+00A/cm2 ğ›’:1.4243e+01ğ›€ cm
2023-05-19 16:54:26,955 INFO Measurement at current 0.11366834170854272
2023-05-19 16:54:27,550 INFO T:145.65Â°K V:9.4612e-01V I:1.1367e-01A R:8.3235e+00ğ›€ E:1.4783e+01V/cm J:1.0428e+00A/cm2 ğ›’:1.4176e+01ğ›€ cm
2023-05-19 16:54:27,573 INFO Measurement at current 0.114321608040201
2023-05-19 16:54:28,165 INFO T:145.66Â°K V:9.4727e-01V I:1.1432e-01A R:8.2860e+00ğ›€ E:1.4801e+01V/cm J:1.0488e+00A/cm2 ğ›’:1.4112e+01ğ›€ cm
2023-05-19 16:54:28,184 INFO Measurement at current 0.1149748743718593
2023-05-19 16:54:28,790 INFO T:145.67Â°K V:9.4853e-01V I:1.1497e-01A R:8.2499e+00ğ›€ E:1.4821e+01V/cm J:1.0548e+00A/cm2 ğ›’:1.4051e+01ğ›€ cm
2023-05-19 16:54:28,816 INFO Measurement at current 0.11562814070351758
2023-05-19 16:54:29,415 INFO T:145.69Â°K V:9.4981e-01V I:1.1563e-01A R:8.2144e+00ğ›€ E:1.4841e+01V/cm J:1.0608e+00A/cm2 ğ›’:1.3990e+01ğ›€ cm
2023-05-19 16:54:29,432 INFO Measurement at current 0.11628140703517588
2023-05-19 16:54:30,038 INFO T:145.70Â°K V:9.5098e-01V I:1.1628e-01A R:8.1782e+00ğ›€ E:1.4859e+01V/cm J:1.0668e+00A/cm2 ğ›’:1.3929e+01ğ›€ cm
2023-05-19 16:54:30,054 INFO Measurement at current 0.11693467336683416
2023-05-19 16:54:30,642 INFO T:145.71Â°K V:9.5197e-01V I:1.1693e-01A R:8.1410e+00ğ›€ E:1.4874e+01V/cm J:1.0728e+00A/cm2 ğ›’:1.3865e+01ğ›€ cm
2023-05-19 16:54:30,662 INFO Measurement at current 0.11758793969849246
2023-05-19 16:54:31,264 INFO T:145.72Â°K V:9.5304e-01V I:1.1759e-01A R:8.1049e+00ğ›€ E:1.4891e+01V/cm J:1.0788e+00A/cm2 ğ›’:1.3804e+01ğ›€ cm
2023-05-19 16:54:31,292 INFO Measurement at current 0.11824120603015074
2023-05-19 16:54:31,885 INFO T:145.73Â°K V:9.5414e-01V I:1.1824e-01A R:8.0695e+00ğ›€ E:1.4908e+01V/cm J:1.0848e+00A/cm2 ğ›’:1.3743e+01ğ›€ cm
2023-05-19 16:54:31,906 INFO Measurement at current 0.11889447236180904
2023-05-19 16:54:32,493 INFO T:145.74Â°K V:9.5520e-01V I:1.1889e-01A R:8.0340e+00ğ›€ E:1.4925e+01V/cm J:1.0908e+00A/cm2 ğ›’:1.3683e+01ğ›€ cm
2023-05-19 16:54:32,508 INFO Measurement at current 0.11954773869346734
2023-05-19 16:54:33,105 INFO T:145.75Â°K V:9.5628e-01V I:1.1955e-01A R:7.9992e+00ğ›€ E:1.4942e+01V/cm J:1.0968e+00A/cm2 ğ›’:1.3624e+01ğ›€ cm
2023-05-19 16:54:33,139 INFO Measurement at current 0.12020100502512562
2023-05-19 16:54:33,735 INFO T:145.77Â°K V:9.5727e-01V I:1.2020e-01A R:7.9639e+00ğ›€ E:1.4957e+01V/cm J:1.1028e+00A/cm2 ğ›’:1.3564e+01ğ›€ cm
2023-05-19 16:54:33,767 INFO Measurement at current 0.12085427135678392
2023-05-19 16:54:34,357 INFO T:145.78Â°K V:9.5827e-01V I:1.2085e-01A R:7.9292e+00ğ›€ E:1.4973e+01V/cm J:1.1088e+00A/cm2 ğ›’:1.3504e+01ğ›€ cm
2023-05-19 16:54:34,391 INFO Measurement at current 0.1215075376884422
2023-05-19 16:54:34,980 INFO T:145.79Â°K V:9.5923e-01V I:1.2151e-01A R:7.8944e+00ğ›€ E:1.4988e+01V/cm J:1.1147e+00A/cm2 ğ›’:1.3445e+01ğ›€ cm
2023-05-19 16:54:34,999 INFO Measurement at current 0.1221608040201005
2023-05-19 16:54:35,595 INFO T:145.80Â°K V:9.6046e-01V I:1.2216e-01A R:7.8622e+00ğ›€ E:1.5007e+01V/cm J:1.1207e+00A/cm2 ğ›’:1.3390e+01ğ›€ cm
2023-05-19 16:54:35,612 INFO Measurement at current 0.12281407035175879
2023-05-19 16:54:36,211 INFO T:145.81Â°K V:9.6148e-01V I:1.2281e-01A R:7.8288e+00ğ›€ E:1.5023e+01V/cm J:1.1267e+00A/cm2 ğ›’:1.3333e+01ğ›€ cm
2023-05-19 16:54:36,232 INFO Measurement at current 0.12346733668341708
2023-05-19 16:54:36,824 INFO T:145.82Â°K V:9.6251e-01V I:1.2347e-01A R:7.7956e+00ğ›€ E:1.5039e+01V/cm J:1.1327e+00A/cm2 ğ›’:1.3277e+01ğ›€ cm
2023-05-19 16:54:36,847 INFO Measurement at current 0.12412060301507537
2023-05-19 16:54:37,452 INFO T:145.84Â°K V:9.6358e-01V I:1.2412e-01A R:7.7632e+00ğ›€ E:1.5056e+01V/cm J:1.1387e+00A/cm2 ğ›’:1.3222e+01ğ›€ cm
2023-05-19 16:54:37,468 INFO Measurement at current 0.12477386934673367
2023-05-19 16:54:38,058 INFO T:145.85Â°K V:9.6458e-01V I:1.2477e-01A R:7.7306e+00ğ›€ E:1.5072e+01V/cm J:1.1447e+00A/cm2 ğ›’:1.3166e+01ğ›€ cm
2023-05-19 16:54:38,077 INFO Measurement at current 0.12542713567839195
2023-05-19 16:54:38,701 INFO T:145.86Â°K V:9.6586e-01V I:1.2543e-01A R:7.7006e+00ğ›€ E:1.5092e+01V/cm J:1.1507e+00A/cm2 ğ›’:1.3115e+01ğ›€ cm
2023-05-19 16:54:38,734 INFO Measurement at current 0.12608040201005025
2023-05-19 16:54:39,337 INFO T:145.87Â°K V:9.6674e-01V I:1.2608e-01A R:7.6676e+00ğ›€ E:1.5105e+01V/cm J:1.1567e+00A/cm2 ğ›’:1.3059e+01ğ›€ cm
2023-05-19 16:54:39,356 INFO Measurement at current 0.12673366834170854
2023-05-19 16:54:39,947 INFO T:145.88Â°K V:9.6775e-01V I:1.2673e-01A R:7.6361e+00ğ›€ E:1.5121e+01V/cm J:1.1627e+00A/cm2 ğ›’:1.3005e+01ğ›€ cm
2023-05-19 16:54:40,086 INFO Measurement at current 0.12738693467336684
2023-05-19 16:54:40,692 INFO T:145.90Â°K V:9.6796e-01V I:1.2739e-01A R:7.5986e+00ğ›€ E:1.5124e+01V/cm J:1.1687e+00A/cm2 ğ›’:1.2941e+01ğ›€ cm
2023-05-19 16:54:40,710 INFO Measurement at current 0.1280402010050251
2023-05-19 16:54:41,317 INFO T:145.91Â°K V:9.6930e-01V I:1.2804e-01A R:7.5703e+00ğ›€ E:1.5145e+01V/cm J:1.1747e+00A/cm2 ğ›’:1.2893e+01ğ›€ cm
2023-05-19 16:54:41,338 INFO Measurement at current 0.1286934673366834
2023-05-19 16:54:41,940 INFO T:145.92Â°K V:9.7022e-01V I:1.2869e-01A R:7.5390e+00ğ›€ E:1.5160e+01V/cm J:1.1807e+00A/cm2 ğ›’:1.2840e+01ğ›€ cm
2023-05-19 16:54:41,963 INFO Measurement at current 0.1293467336683417
2023-05-19 16:54:42,569 INFO T:145.93Â°K V:9.7128e-01V I:1.2935e-01A R:7.5091e+00ğ›€ E:1.5176e+01V/cm J:1.1867e+00A/cm2 ğ›’:1.2789e+01ğ›€ cm
2023-05-19 16:54:42,598 INFO Measurement at current 0.13
2023-05-19 16:54:43,189 INFO T:145.94Â°K V:9.7235e-01V I:1.3000e-01A R:7.4796e+00ğ›€ E:1.5193e+01V/cm J:1.1927e+00A/cm2 ğ›’:1.2739e+01ğ›€ cm
2023-05-19 16:56:43,226 INFO Save the description file
2023-05-19 16:56:43,233 INFO Save data in numpy format Esperimenti/CPRO_MUSA_190523_I_V/CPRO_MUSA_190523_I_V_current_from_0_to_1300e-4A/CPRO_MUSA_190523_I_V_current_from_0_to_1300e-4A-20230519165641
2023-05-19 16:56:43,247 INFO Save data in CSV format Esperimenti/CPRO_MUSA_190523_I_V/CPRO_MUSA_190523_I_V_current_from_0_to_1300e-4A/CPRO_MUSA_190523_I_V_current_from_0_to_1300e-4A-20230519165641.csv
2023-05-19 16:56:43,278 INFO Save plot as image Esperimenti/CPRO_MUSA_190523_I_V/CPRO_MUSA_190523_I_V_current_from_0_to_1300e-4A/CPRO_MUSA_190523_I_V_current_from_0_to_1300e-4A-20230519165641.png
