2023-05-19 15:25:51,565 INFO ### Start experiment: CPRO_MUSA_190523_I_V current from 0 to 1300e-4A ###
2023-05-19 15:25:52,912 INFO Found Multimeter KEITHLEY INSTRUMENTS INC.,MODEL 2700,0884890,B03  /A02  

2023-05-19 15:25:53,941 INFO Found Nanovolt Meter KEITHLEY INSTRUMENTS INC.,MODEL 2182A,4056474,C03  /A02  

2023-05-19 15:25:54,054 INFO Found Source Meter KEITHLEY INSTRUMENTS INC.,MODEL 2400,0945684,C24   Feb 14 2002 11:59:45/A02  /K/H

2023-05-19 15:25:54,181 INFO Start the measurement loop
2023-05-19 15:26:01,555 INFO Measurement at current 0.0
2023-05-19 15:26:02,475 INFO T:91.65Â°K V:4.1620e-06V I:0.0000e+00A R:infğ›€ E:6.5031e-05V/cm J:0.0000e+00A/cm2 ğ›’:infğ›€ cm
2023-05-19 15:26:02,496 INFO Measurement at current 0.0006532663316582914
2023-05-19 15:26:03,312 INFO T:91.65Â°K V:1.0574e+00V I:6.5327e-04A R:1.6187e+03ğ›€ E:1.6522e+01V/cm J:5.9933e-03A/cm2 ğ›’:2.7568e+03ğ›€ cm
2023-05-19 15:26:03,328 INFO Measurement at current 0.0013065326633165829
2023-05-19 15:26:03,914 INFO T:91.66Â°K V:2.0905e+00V I:1.3065e-03A R:1.6001e+03ğ›€ E:3.2665e+01V/cm J:1.1987e-02A/cm2 ğ›’:2.7251e+03ğ›€ cm
2023-05-19 15:26:03,933 INFO Measurement at current 0.001959798994974874
2023-05-19 15:26:04,537 INFO T:91.66Â°K V:3.0791e+00V I:1.9598e-03A R:1.5711e+03ğ›€ E:4.8111e+01V/cm J:1.7980e-02A/cm2 ğ›’:2.6758e+03ğ›€ cm
2023-05-19 15:26:04,560 INFO Measurement at current 0.0026130653266331657
2023-05-19 15:26:05,170 INFO T:91.66Â°K V:3.9938e+00V I:2.6131e-03A R:1.5284e+03ğ›€ E:6.2403e+01V/cm J:2.3973e-02A/cm2 ğ›’:2.6031e+03ğ›€ cm
2023-05-19 15:26:05,186 INFO Measurement at current 0.0032663316582914573
2023-05-19 15:26:05,772 INFO T:91.67Â°K V:4.8071e+00V I:3.2663e-03A R:1.4717e+03ğ›€ E:7.5110e+01V/cm J:2.9966e-02A/cm2 ğ›’:2.5065e+03ğ›€ cm
2023-05-19 15:26:05,789 INFO Measurement at current 0.003919597989949748
2023-05-19 15:26:06,373 INFO T:91.67Â°K V:5.4995e+00V I:3.9196e-03A R:1.4031e+03ğ›€ E:8.5929e+01V/cm J:3.5960e-02A/cm2 ğ›’:2.3896e+03ğ›€ cm
2023-05-19 15:26:06,394 INFO Measurement at current 0.00457286432160804
2023-05-19 15:26:06,998 INFO T:91.67Â°K V:6.0502e+00V I:4.5729e-03A R:1.3231e+03ğ›€ E:9.4534e+01V/cm J:4.1953e-02A/cm2 ğ›’:2.2533e+03ğ›€ cm
2023-05-19 15:26:07,024 INFO Measurement at current 0.0052261306532663315
2023-05-19 15:26:07,625 INFO T:91.67Â°K V:6.4569e+00V I:5.2261e-03A R:1.2355e+03ğ›€ E:1.0089e+02V/cm J:4.7946e-02A/cm2 ğ›’:2.1042e+03ğ›€ cm
2023-05-19 15:26:07,652 INFO Measurement at current 0.005879396984924623
2023-05-19 15:26:08,249 INFO T:91.68Â°K V:6.7395e+00V I:5.8794e-03A R:1.1463e+03ğ›€ E:1.0530e+02V/cm J:5.3939e-02A/cm2 ğ›’:1.9523e+03ğ›€ cm
2023-05-19 15:26:08,268 INFO Measurement at current 0.006532663316582915
2023-05-19 15:26:08,855 INFO T:91.68Â°K V:6.9171e+00V I:6.5327e-03A R:1.0589e+03ğ›€ E:1.0808e+02V/cm J:5.9933e-02A/cm2 ğ›’:1.8034e+03ğ›€ cm
2023-05-19 15:26:08,872 INFO Measurement at current 0.007185929648241206
2023-05-19 15:26:09,464 INFO T:91.69Â°K V:7.0000e+00V I:7.1859e-03A R:9.7413e+02ğ›€ E:1.0938e+02V/cm J:6.5926e-02A/cm2 ğ›’:1.6591e+03ğ›€ cm
2023-05-19 15:26:09,487 INFO Measurement at current 0.007839195979899497
2023-05-19 15:26:10,089 INFO T:91.69Â°K V:7.0117e+00V I:7.8392e-03A R:8.9445e+02ğ›€ E:1.0956e+02V/cm J:7.1919e-02A/cm2 ğ›’:1.5234e+03ğ›€ cm
2023-05-19 15:26:10,112 INFO Measurement at current 0.00849246231155779
2023-05-19 15:26:10,712 INFO T:91.69Â°K V:6.9620e+00V I:8.4925e-03A R:8.1979e+02ğ›€ E:1.0878e+02V/cm J:7.7912e-02A/cm2 ğ›’:1.3962e+03ğ›€ cm
2023-05-19 15:26:10,730 INFO Measurement at current 0.00914572864321608
2023-05-19 15:26:11,328 INFO T:91.70Â°K V:6.8857e+00V I:9.1457e-03A R:7.5289e+02ğ›€ E:1.0759e+02V/cm J:8.3906e-02A/cm2 ğ›’:1.2823e+03ğ›€ cm
2023-05-19 15:26:11,351 INFO Measurement at current 0.009798994974874372
2023-05-19 15:26:11,942 INFO T:91.70Â°K V:6.7798e+00V I:9.7990e-03A R:6.9188e+02ğ›€ E:1.0593e+02V/cm J:8.9899e-02A/cm2 ğ›’:1.1784e+03ğ›€ cm
2023-05-19 15:26:11,963 INFO Measurement at current 0.010452261306532663
2023-05-19 15:26:12,548 INFO T:91.70Â°K V:6.6595e+00V I:1.0452e-02A R:6.3713e+02ğ›€ E:1.0405e+02V/cm J:9.5892e-02A/cm2 ğ›’:1.0851e+03ğ›€ cm
2023-05-19 15:26:12,565 INFO Measurement at current 0.011105527638190954
2023-05-19 15:26:13,150 INFO T:91.71Â°K V:6.5359e+00V I:1.1106e-02A R:5.8853e+02ğ›€ E:1.0212e+02V/cm J:1.0189e-01A/cm2 ğ›’:1.0023e+03ğ›€ cm
2023-05-19 15:26:13,173 INFO Measurement at current 0.011758793969849246
2023-05-19 15:26:13,773 INFO T:91.71Â°K V:6.3951e+00V I:1.1759e-02A R:5.4386e+02ğ›€ E:9.9924e+01V/cm J:1.0788e-01A/cm2 ğ›’:9.2626e+02ğ›€ cm
2023-05-19 15:26:13,792 INFO Measurement at current 0.012412060301507537
2023-05-19 15:26:14,380 INFO T:91.72Â°K V:6.2540e+00V I:1.2412e-02A R:5.0386e+02ğ›€ E:9.7718e+01V/cm J:1.1387e-01A/cm2 ğ›’:8.5814e+02ğ›€ cm
2023-05-19 15:26:14,406 INFO Measurement at current 0.01306532663316583
2023-05-19 15:26:15,003 INFO T:91.72Â°K V:6.1091e+00V I:1.3065e-02A R:4.6758e+02ğ›€ E:9.5455e+01V/cm J:1.1987e-01A/cm2 ğ›’:7.9635e+02ğ›€ cm
2023-05-19 15:26:15,019 INFO Measurement at current 0.01371859296482412
2023-05-19 15:26:15,606 INFO T:91.72Â°K V:5.9812e+00V I:1.3719e-02A R:4.3600e+02ğ›€ E:9.3457e+01V/cm J:1.2586e-01A/cm2 ğ›’:7.4256e+02ğ›€ cm
2023-05-19 15:26:15,630 INFO Measurement at current 0.014371859296482412
2023-05-19 15:26:16,232 INFO T:91.73Â°K V:5.8457e+00V I:1.4372e-02A R:4.0675e+02ğ›€ E:9.1339e+01V/cm J:1.3185e-01A/cm2 ğ›’:6.9274e+02ğ›€ cm
2023-05-19 15:26:16,256 INFO Measurement at current 0.015025125628140703
2023-05-19 15:26:16,856 INFO T:91.73Â°K V:5.7181e+00V I:1.5025e-02A R:3.8057e+02ğ›€ E:8.9346e+01V/cm J:1.3785e-01A/cm2 ğ›’:6.4816e+02ğ›€ cm
2023-05-19 15:26:16,873 INFO Measurement at current 0.015678391959798994
2023-05-19 15:26:17,467 INFO T:91.74Â°K V:5.6002e+00V I:1.5678e-02A R:3.5719e+02ğ›€ E:8.7502e+01V/cm J:1.4384e-01A/cm2 ğ›’:6.0834e+02ğ›€ cm
2023-05-19 15:26:17,488 INFO Measurement at current 0.016331658291457284
2023-05-19 15:26:18,074 INFO T:91.74Â°K V:5.4836e+00V I:1.6332e-02A R:3.3576e+02ğ›€ E:8.5681e+01V/cm J:1.4983e-01A/cm2 ğ›’:5.7184e+02ğ›€ cm
2023-05-19 15:26:18,089 INFO Measurement at current 0.01698492462311558
2023-05-19 15:26:18,687 INFO T:91.75Â°K V:5.3801e+00V I:1.6985e-02A R:3.1675e+02ğ›€ E:8.4063e+01V/cm J:1.5582e-01A/cm2 ğ›’:5.3947e+02ğ›€ cm
2023-05-19 15:26:18,710 INFO Measurement at current 0.01763819095477387
2023-05-19 15:26:19,310 INFO T:91.75Â°K V:5.2724e+00V I:1.7638e-02A R:2.9892e+02ğ›€ E:8.2381e+01V/cm J:1.6182e-01A/cm2 ğ›’:5.0910e+02ğ›€ cm
2023-05-19 15:26:19,330 INFO Measurement at current 0.01829145728643216
2023-05-19 15:26:19,924 INFO T:91.75Â°K V:5.1738e+00V I:1.8291e-02A R:2.8285e+02ğ›€ E:8.0841e+01V/cm J:1.6781e-01A/cm2 ğ›’:4.8174e+02ğ›€ cm
2023-05-19 15:26:19,944 INFO Measurement at current 0.01894472361809045
2023-05-19 15:26:20,537 INFO T:91.76Â°K V:5.0809e+00V I:1.8945e-02A R:2.6820e+02ğ›€ E:7.9389e+01V/cm J:1.7380e-01A/cm2 ğ›’:4.5677e+02ğ›€ cm
2023-05-19 15:26:20,566 INFO Measurement at current 0.019597989949748745
2023-05-19 15:26:21,159 INFO T:91.76Â°K V:4.9911e+00V I:1.9598e-02A R:2.5467e+02ğ›€ E:7.7986e+01V/cm J:1.7980e-01A/cm2 ğ›’:4.3374e+02ğ›€ cm
2023-05-19 15:26:21,187 INFO Measurement at current 0.020251256281407035
2023-05-19 15:26:21,786 INFO T:91.77Â°K V:4.9027e+00V I:2.0251e-02A R:2.4209e+02ğ›€ E:7.6605e+01V/cm J:1.8579e-01A/cm2 ğ›’:4.1232e+02ğ›€ cm
2023-05-19 15:26:21,808 INFO Measurement at current 0.020904522613065326
2023-05-19 15:26:22,411 INFO T:91.77Â°K V:4.8217e+00V I:2.0905e-02A R:2.3065e+02ğ›€ E:7.5339e+01V/cm J:1.9178e-01A/cm2 ğ›’:3.9283e+02ğ›€ cm
2023-05-19 15:26:22,441 INFO Measurement at current 0.021557788944723617
2023-05-19 15:26:23,038 INFO T:91.78Â°K V:4.7406e+00V I:2.1558e-02A R:2.1990e+02ğ›€ E:7.4071e+01V/cm J:1.9778e-01A/cm2 ğ›’:3.7452e+02ğ›€ cm
2023-05-19 15:26:23,060 INFO Measurement at current 0.022211055276381907
2023-05-19 15:26:23,651 INFO T:91.78Â°K V:4.6681e+00V I:2.2211e-02A R:2.1017e+02ğ›€ E:7.2939e+01V/cm J:2.0377e-01A/cm2 ğ›’:3.5795e+02ğ›€ cm
2023-05-19 15:26:23,676 INFO Measurement at current 0.0228643216080402
2023-05-19 15:26:24,264 INFO T:91.79Â°K V:4.5972e+00V I:2.2864e-02A R:2.0106e+02ğ›€ E:7.1831e+01V/cm J:2.0976e-01A/cm2 ğ›’:3.4244e+02ğ›€ cm
2023-05-19 15:26:24,282 INFO Measurement at current 0.023517587939698492
2023-05-19 15:26:24,891 INFO T:91.79Â°K V:4.5314e+00V I:2.3518e-02A R:1.9268e+02ğ›€ E:7.0803e+01V/cm J:2.1576e-01A/cm2 ğ›’:3.2816e+02ğ›€ cm
2023-05-19 15:26:24,914 INFO Measurement at current 0.024170854271356783
2023-05-19 15:26:25,513 INFO T:91.80Â°K V:4.4627e+00V I:2.4171e-02A R:1.8463e+02ğ›€ E:6.9730e+01V/cm J:2.2175e-01A/cm2 ğ›’:3.1445e+02ğ›€ cm
2023-05-19 15:26:25,540 INFO Measurement at current 0.024824120603015074
2023-05-19 15:26:26,129 INFO T:91.80Â°K V:4.3993e+00V I:2.4824e-02A R:1.7722e+02ğ›€ E:6.8740e+01V/cm J:2.2774e-01A/cm2 ğ›’:3.0183e+02ğ›€ cm
2023-05-19 15:26:26,152 INFO Measurement at current 0.025477386934673368
2023-05-19 15:26:26,743 INFO T:91.81Â°K V:4.3406e+00V I:2.5477e-02A R:1.7037e+02ğ›€ E:6.7821e+01V/cm J:2.3374e-01A/cm2 ğ›’:2.9016e+02ğ›€ cm
2023-05-19 15:26:26,776 INFO Measurement at current 0.02613065326633166
2023-05-19 15:26:27,370 INFO T:91.81Â°K V:4.2796e+00V I:2.6131e-02A R:1.6378e+02ğ›€ E:6.6868e+01V/cm J:2.3973e-01A/cm2 ğ›’:2.7893e+02ğ›€ cm
2023-05-19 15:26:27,395 INFO Measurement at current 0.02678391959798995
2023-05-19 15:26:27,986 INFO T:91.82Â°K V:4.2232e+00V I:2.6784e-02A R:1.5768e+02ğ›€ E:6.5988e+01V/cm J:2.4572e-01A/cm2 ğ›’:2.6855e+02ğ›€ cm
2023-05-19 15:26:28,008 INFO Measurement at current 0.02743718592964824
2023-05-19 15:26:28,608 INFO T:91.82Â°K V:4.1701e+00V I:2.7437e-02A R:1.5199e+02ğ›€ E:6.5158e+01V/cm J:2.5172e-01A/cm2 ğ›’:2.5885e+02ğ›€ cm
2023-05-19 15:26:28,624 INFO Measurement at current 0.02809045226130653
2023-05-19 15:26:29,210 INFO T:91.83Â°K V:4.1208e+00V I:2.8090e-02A R:1.4670e+02ğ›€ E:6.4388e+01V/cm J:2.5771e-01A/cm2 ğ›’:2.4984e+02ğ›€ cm
2023-05-19 15:26:29,224 INFO Measurement at current 0.028743718592964825
2023-05-19 15:26:29,808 INFO T:91.83Â°K V:4.0720e+00V I:2.8744e-02A R:1.4167e+02ğ›€ E:6.3625e+01V/cm J:2.6370e-01A/cm2 ğ›’:2.4127e+02ğ›€ cm
2023-05-19 15:26:29,825 INFO Measurement at current 0.029396984924623115
2023-05-19 15:26:30,412 INFO T:91.84Â°K V:4.0242e+00V I:2.9397e-02A R:1.3689e+02ğ›€ E:6.2878e+01V/cm J:2.6970e-01A/cm2 ğ›’:2.3314e+02ğ›€ cm
2023-05-19 15:26:30,428 INFO Measurement at current 0.030050251256281406
2023-05-19 15:26:31,019 INFO T:91.84Â°K V:3.9765e+00V I:3.0050e-02A R:1.3233e+02ğ›€ E:6.2133e+01V/cm J:2.7569e-01A/cm2 ğ›’:2.2537e+02ğ›€ cm
2023-05-19 15:26:31,042 INFO Measurement at current 0.030703517587939697
2023-05-19 15:26:31,641 INFO T:91.85Â°K V:3.9291e+00V I:3.0704e-02A R:1.2797e+02ğ›€ E:6.1392e+01V/cm J:2.8168e-01A/cm2 ğ›’:2.1795e+02ğ›€ cm
2023-05-19 15:26:31,662 INFO Measurement at current 0.03135678391959799
2023-05-19 15:26:32,252 INFO T:91.85Â°K V:3.8837e+00V I:3.1357e-02A R:1.2385e+02ğ›€ E:6.0683e+01V/cm J:2.8768e-01A/cm2 ğ›’:2.1094e+02ğ›€ cm
2023-05-19 15:26:32,306 INFO Measurement at current 0.03201005025125628
2023-05-19 15:26:32,891 INFO T:91.86Â°K V:3.8337e+00V I:3.2010e-02A R:1.1976e+02ğ›€ E:5.9901e+01V/cm J:2.9367e-01A/cm2 ğ›’:2.0397e+02ğ›€ cm
2023-05-19 15:26:32,915 INFO Measurement at current 0.03266331658291457
2023-05-19 15:26:33,522 INFO T:91.86Â°K V:3.7944e+00V I:3.2663e-02A R:1.1617e+02ğ›€ E:5.9288e+01V/cm J:2.9966e-01A/cm2 ğ›’:1.9785e+02ğ›€ cm
2023-05-19 15:26:33,539 INFO Measurement at current 0.033316582914572866
2023-05-19 15:26:34,130 INFO T:91.87Â°K V:3.7538e+00V I:3.3317e-02A R:1.1267e+02ğ›€ E:5.8653e+01V/cm J:3.0566e-01A/cm2 ğ›’:1.9189e+02ğ›€ cm
2023-05-19 15:26:34,151 INFO Measurement at current 0.03396984924623116
2023-05-19 15:26:34,764 INFO T:91.88Â°K V:3.7109e+00V I:3.3970e-02A R:1.0924e+02ğ›€ E:5.7983e+01V/cm J:3.1165e-01A/cm2 ğ›’:1.8605e+02ğ›€ cm
2023-05-19 15:26:34,779 INFO Measurement at current 0.03462311557788945
2023-05-19 15:26:35,378 INFO T:91.88Â°K V:3.6733e+00V I:3.4623e-02A R:1.0609e+02ğ›€ E:5.7395e+01V/cm J:3.1764e-01A/cm2 ğ›’:1.8069e+02ğ›€ cm
2023-05-19 15:26:35,394 INFO Measurement at current 0.03527638190954774
2023-05-19 15:26:35,977 INFO T:91.89Â°K V:3.6368e+00V I:3.5276e-02A R:1.0310e+02ğ›€ E:5.6826e+01V/cm J:3.2364e-01A/cm2 ğ›’:1.7558e+02ğ›€ cm
2023-05-19 15:26:35,997 INFO Measurement at current 0.03592964824120603
2023-05-19 15:26:36,589 INFO T:91.89Â°K V:3.5982e+00V I:3.5930e-02A R:1.0015e+02ğ›€ E:5.6223e+01V/cm J:3.2963e-01A/cm2 ğ›’:1.7056e+02ğ›€ cm
2023-05-19 15:26:36,612 INFO Measurement at current 0.03658291457286432
2023-05-19 15:26:37,210 INFO T:91.90Â°K V:3.5614e+00V I:3.6583e-02A R:9.7352e+01ğ›€ E:5.5647e+01V/cm J:3.3562e-01A/cm2 ğ›’:1.6580e+02ğ›€ cm
2023-05-19 15:26:37,242 INFO Measurement at current 0.03723618090452261
2023-05-19 15:26:37,838 INFO T:91.90Â°K V:3.5247e+00V I:3.7236e-02A R:9.4658e+01ğ›€ E:5.5074e+01V/cm J:3.4162e-01A/cm2 ğ›’:1.6121e+02ğ›€ cm
2023-05-19 15:26:37,862 INFO Measurement at current 0.0378894472361809
2023-05-19 15:26:38,452 INFO T:91.91Â°K V:3.4911e+00V I:3.7889e-02A R:9.2139e+01ğ›€ E:5.4549e+01V/cm J:3.4761e-01A/cm2 ğ›’:1.5692e+02ğ›€ cm
2023-05-19 15:26:38,474 INFO Measurement at current 0.03854271356783919
2023-05-19 15:26:39,065 INFO T:91.91Â°K V:3.4594e+00V I:3.8543e-02A R:8.9755e+01ğ›€ E:5.4053e+01V/cm J:3.5360e-01A/cm2 ğ›’:1.5286e+02ğ›€ cm
2023-05-19 15:26:39,088 INFO Measurement at current 0.03919597989949749
2023-05-19 15:26:39,675 INFO T:91.92Â°K V:3.4254e+00V I:3.9196e-02A R:8.7392e+01ğ›€ E:5.3522e+01V/cm J:3.5960e-01A/cm2 ğ›’:1.4884e+02ğ›€ cm
2023-05-19 15:26:39,693 INFO Measurement at current 0.03984924623115578
2023-05-19 15:26:40,290 INFO T:91.92Â°K V:3.3940e+00V I:3.9849e-02A R:8.5170e+01ğ›€ E:5.3030e+01V/cm J:3.6559e-01A/cm2 ğ›’:1.4505e+02ğ›€ cm
2023-05-19 15:26:40,310 INFO Measurement at current 0.04050251256281407
2023-05-19 15:26:40,912 INFO T:91.93Â°K V:3.3618e+00V I:4.0503e-02A R:8.3002e+01ğ›€ E:5.2528e+01V/cm J:3.7158e-01A/cm2 ğ›’:1.4136e+02ğ›€ cm
2023-05-19 15:26:40,929 INFO Measurement at current 0.04115577889447236
2023-05-19 15:26:41,517 INFO T:91.93Â°K V:3.3343e+00V I:4.1156e-02A R:8.1016e+01ğ›€ E:5.2098e+01V/cm J:3.7758e-01A/cm2 ğ›’:1.3798e+02ğ›€ cm
2023-05-19 15:26:41,543 INFO Measurement at current 0.04180904522613065
2023-05-19 15:26:42,132 INFO T:91.94Â°K V:3.3054e+00V I:4.1809e-02A R:7.9060e+01ğ›€ E:5.1647e+01V/cm J:3.8357e-01A/cm2 ğ›’:1.3465e+02ğ›€ cm
2023-05-19 15:26:42,151 INFO Measurement at current 0.04246231155778894
2023-05-19 15:26:42,749 INFO T:91.94Â°K V:3.2787e+00V I:4.2462e-02A R:7.7215e+01ğ›€ E:5.1230e+01V/cm J:3.8956e-01A/cm2 ğ›’:1.3151e+02ğ›€ cm
2023-05-19 15:26:42,766 INFO Measurement at current 0.04311557788944723
2023-05-19 15:26:43,374 INFO T:91.95Â°K V:3.2514e+00V I:4.3116e-02A R:7.5412e+01ğ›€ E:5.0803e+01V/cm J:3.9556e-01A/cm2 ğ›’:1.2844e+02ğ›€ cm
2023-05-19 15:26:43,391 INFO Measurement at current 0.043768844221105524
2023-05-19 15:26:44,002 INFO T:91.96Â°K V:3.2217e+00V I:4.3769e-02A R:7.3608e+01ğ›€ E:5.0340e+01V/cm J:4.0155e-01A/cm2 ğ›’:1.2536e+02ğ›€ cm
2023-05-19 15:26:44,029 INFO Measurement at current 0.044422110552763815
2023-05-19 15:26:44,621 INFO T:91.96Â°K V:3.1954e+00V I:4.4422e-02A R:7.1933e+01ğ›€ E:4.9928e+01V/cm J:4.0754e-01A/cm2 ğ›’:1.2251e+02ğ›€ cm
2023-05-19 15:26:44,639 INFO Measurement at current 0.04507537688442211
2023-05-19 15:26:45,239 INFO T:91.97Â°K V:3.1721e+00V I:4.5075e-02A R:7.0373e+01ğ›€ E:4.9564e+01V/cm J:4.1354e-01A/cm2 ğ›’:1.1985e+02ğ›€ cm
2023-05-19 15:26:45,256 INFO Measurement at current 0.0457286432160804
2023-05-19 15:26:45,850 INFO T:91.97Â°K V:3.1476e+00V I:4.5729e-02A R:6.8833e+01ğ›€ E:4.9182e+01V/cm J:4.1953e-01A/cm2 ğ›’:1.1723e+02ğ›€ cm
2023-05-19 15:26:45,867 INFO Measurement at current 0.046381909547738694
2023-05-19 15:26:46,454 INFO T:91.98Â°K V:3.1237e+00V I:4.6382e-02A R:6.7347e+01ğ›€ E:4.8807e+01V/cm J:4.2552e-01A/cm2 ğ›’:1.1470e+02ğ›€ cm
2023-05-19 15:26:46,475 INFO Measurement at current 0.047035175879396984
2023-05-19 15:26:47,077 INFO T:91.98Â°K V:3.1004e+00V I:4.7035e-02A R:6.5917e+01ğ›€ E:4.8444e+01V/cm J:4.3152e-01A/cm2 ğ›’:1.1227e+02ğ›€ cm
2023-05-19 15:26:47,095 INFO Measurement at current 0.047688442211055275
2023-05-19 15:26:47,691 INFO T:91.99Â°K V:3.0775e+00V I:4.7688e-02A R:6.4534e+01ğ›€ E:4.8086e+01V/cm J:4.3751e-01A/cm2 ğ›’:1.0991e+02ğ›€ cm
2023-05-19 15:26:47,707 INFO Measurement at current 0.048341708542713566
2023-05-19 15:26:48,305 INFO T:91.99Â°K V:3.0555e+00V I:4.8342e-02A R:6.3207e+01ğ›€ E:4.7743e+01V/cm J:4.4350e-01A/cm2 ğ›’:1.0765e+02ğ›€ cm
2023-05-19 15:26:48,333 INFO Measurement at current 0.048994974874371856
2023-05-19 15:26:48,923 INFO T:92.00Â°K V:3.0329e+00V I:4.8995e-02A R:6.1901e+01ğ›€ E:4.7388e+01V/cm J:4.4950e-01A/cm2 ğ›’:1.0543e+02ğ›€ cm
2023-05-19 15:26:48,942 INFO Measurement at current 0.04964824120603015
2023-05-19 15:26:49,546 INFO T:92.00Â°K V:3.0116e+00V I:4.9648e-02A R:6.0659e+01ğ›€ E:4.7056e+01V/cm J:4.5549e-01A/cm2 ğ›’:1.0331e+02ğ›€ cm
2023-05-19 15:26:49,565 INFO Measurement at current 0.05030150753768844
2023-05-19 15:26:50,175 INFO T:92.01Â°K V:2.9889e+00V I:5.0302e-02A R:5.9419e+01ğ›€ E:4.6701e+01V/cm J:4.6148e-01A/cm2 ğ›’:1.0120e+02ğ›€ cm
2023-05-19 15:26:50,192 INFO Measurement at current 0.050954773869346735
2023-05-19 15:26:50,794 INFO T:92.01Â°K V:2.9678e+00V I:5.0955e-02A R:5.8243e+01ğ›€ E:4.6371e+01V/cm J:4.6747e-01A/cm2 ğ›’:9.9195e+01ğ›€ cm
2023-05-19 15:26:50,813 INFO Measurement at current 0.051608040201005026
2023-05-19 15:26:51,409 INFO T:92.02Â°K V:2.9478e+00V I:5.1608e-02A R:5.7119e+01ğ›€ E:4.6060e+01V/cm J:4.7347e-01A/cm2 ğ›’:9.7281e+01ğ›€ cm
2023-05-19 15:26:51,428 INFO Measurement at current 0.05226130653266332
2023-05-19 15:26:52,014 INFO T:92.02Â°K V:2.9282e+00V I:5.2261e-02A R:5.6030e+01ğ›€ E:4.5753e+01V/cm J:4.7946e-01A/cm2 ğ›’:9.5425e+01ğ›€ cm
2023-05-19 15:26:52,030 INFO Measurement at current 0.05291457286432161
2023-05-19 15:26:52,631 INFO T:92.03Â°K V:2.9101e+00V I:5.2915e-02A R:5.4996e+01ğ›€ E:4.5470e+01V/cm J:4.8545e-01A/cm2 ğ›’:9.3666e+01ğ›€ cm
2023-05-19 15:26:52,666 INFO Measurement at current 0.0535678391959799
2023-05-19 15:26:53,262 INFO T:92.03Â°K V:2.8903e+00V I:5.3568e-02A R:5.3955e+01ğ›€ E:4.5160e+01V/cm J:4.9145e-01A/cm2 ğ›’:9.1892e+01ğ›€ cm
2023-05-19 15:26:53,286 INFO Measurement at current 0.05422110552763819
2023-05-19 15:26:53,878 INFO T:92.04Â°K V:2.8724e+00V I:5.4221e-02A R:5.2976e+01ğ›€ E:4.4882e+01V/cm J:4.9744e-01A/cm2 ğ›’:9.0225e+01ğ›€ cm
2023-05-19 15:26:53,898 INFO Measurement at current 0.05487437185929648
2023-05-19 15:26:54,492 INFO T:92.05Â°K V:2.8550e+00V I:5.4874e-02A R:5.2028e+01ğ›€ E:4.4610e+01V/cm J:5.0343e-01A/cm2 ğ›’:8.8611e+01ğ›€ cm
2023-05-19 15:26:54,511 INFO Measurement at current 0.05552763819095477
2023-05-19 15:26:55,105 INFO T:92.05Â°K V:2.8379e+00V I:5.5528e-02A R:5.1108e+01ğ›€ E:4.4343e+01V/cm J:5.0943e-01A/cm2 ğ›’:8.7044e+01ğ›€ cm
2023-05-19 15:26:55,135 INFO Measurement at current 0.05618090452261306
2023-05-19 15:26:55,729 INFO T:92.06Â°K V:2.8207e+00V I:5.6181e-02A R:5.0207e+01ğ›€ E:4.4073e+01V/cm J:5.1542e-01A/cm2 ğ›’:8.5509e+01ğ›€ cm
2023-05-19 15:26:55,754 INFO Measurement at current 0.05683417085427136
2023-05-19 15:26:56,340 INFO T:92.06Â°K V:2.8035e+00V I:5.6834e-02A R:4.9328e+01ğ›€ E:4.3805e+01V/cm J:5.2141e-01A/cm2 ğ›’:8.4012e+01ğ›€ cm
2023-05-19 15:26:56,357 INFO Measurement at current 0.05748743718592965
2023-05-19 15:26:56,953 INFO T:92.07Â°K V:2.7877e+00V I:5.7487e-02A R:4.8493e+01ğ›€ E:4.3558e+01V/cm J:5.2741e-01A/cm2 ğ›’:8.2590e+01ğ›€ cm
2023-05-19 15:26:56,972 INFO Measurement at current 0.05814070351758794
2023-05-19 15:26:57,594 INFO T:92.07Â°K V:2.7704e+00V I:5.8141e-02A R:4.7650e+01ğ›€ E:4.3288e+01V/cm J:5.3340e-01A/cm2 ğ›’:8.1155e+01ğ›€ cm
2023-05-19 15:26:57,616 INFO Measurement at current 0.05879396984924623
2023-05-19 15:26:58,208 INFO T:92.08Â°K V:2.7538e+00V I:5.8794e-02A R:4.6838e+01ğ›€ E:4.3028e+01V/cm J:5.3939e-01A/cm2 ğ›’:7.9771e+01ğ›€ cm
2023-05-19 15:26:58,225 INFO Measurement at current 0.05944723618090452
2023-05-19 15:26:58,815 INFO T:92.08Â°K V:2.7381e+00V I:5.9447e-02A R:4.6059e+01ğ›€ E:4.2782e+01V/cm J:5.4539e-01A/cm2 ğ›’:7.8444e+01ğ›€ cm
2023-05-19 15:26:58,837 INFO Measurement at current 0.06010050251256281
2023-05-19 15:26:59,428 INFO T:92.09Â°K V:2.7238e+00V I:6.0101e-02A R:4.5321e+01ğ›€ E:4.2560e+01V/cm J:5.5138e-01A/cm2 ğ›’:7.7187e+01ğ›€ cm
2023-05-19 15:26:59,457 INFO Measurement at current 0.0607537688442211
2023-05-19 15:27:00,052 INFO T:92.09Â°K V:2.7084e+00V I:6.0754e-02A R:4.4580e+01ğ›€ E:4.2319e+01V/cm J:5.5737e-01A/cm2 ğ›’:7.5926e+01ğ›€ cm
2023-05-19 15:27:00,095 INFO Measurement at current 0.06140703517587939
2023-05-19 15:27:00,712 INFO T:92.10Â°K V:2.6939e+00V I:6.1407e-02A R:4.3870e+01ğ›€ E:4.2093e+01V/cm J:5.6337e-01A/cm2 ğ›’:7.4716e+01ğ›€ cm
2023-05-19 15:27:00,734 INFO Measurement at current 0.062060301507537684
2023-05-19 15:27:01,333 INFO T:92.11Â°K V:2.6804e+00V I:6.2060e-02A R:4.3190e+01ğ›€ E:4.1881e+01V/cm J:5.6936e-01A/cm2 ğ›’:7.3558e+01ğ›€ cm
2023-05-19 15:27:01,355 INFO Measurement at current 0.06271356783919597
2023-05-19 15:27:01,943 INFO T:92.11Â°K V:2.6664e+00V I:6.2714e-02A R:4.2517e+01ğ›€ E:4.1662e+01V/cm J:5.7535e-01A/cm2 ğ›’:7.2412e+01ğ›€ cm
2023-05-19 15:27:01,960 INFO Measurement at current 0.06336683417085427
2023-05-19 15:27:02,549 INFO T:92.12Â°K V:2.6541e+00V I:6.3367e-02A R:4.1885e+01ğ›€ E:4.1470e+01V/cm J:5.8135e-01A/cm2 ğ›’:7.1335e+01ğ›€ cm
2023-05-19 15:27:02,566 INFO Measurement at current 0.06402010050251256
2023-05-19 15:27:03,154 INFO T:92.12Â°K V:2.6406e+00V I:6.4020e-02A R:4.1247e+01ğ›€ E:4.1260e+01V/cm J:5.8734e-01A/cm2 ğ›’:7.0249e+01ğ›€ cm
2023-05-19 15:27:03,175 INFO Measurement at current 0.06467336683417085
2023-05-19 15:27:03,758 INFO T:92.13Â°K V:2.6278e+00V I:6.4673e-02A R:4.0632e+01ğ›€ E:4.1060e+01V/cm J:5.9333e-01A/cm2 ğ›’:6.9202e+01ğ›€ cm
2023-05-19 15:27:03,781 INFO Measurement at current 0.06532663316582914
2023-05-19 15:27:04,372 INFO T:92.13Â°K V:2.6146e+00V I:6.5327e-02A R:4.0024e+01ğ›€ E:4.0853e+01V/cm J:5.9933e-01A/cm2 ğ›’:6.8165e+01ğ›€ cm
2023-05-19 15:27:04,403 INFO Measurement at current 0.06597989949748743
2023-05-19 15:27:05,039 INFO T:92.14Â°K V:2.6004e+00V I:6.5980e-02A R:3.9411e+01ğ›€ E:4.0631e+01V/cm J:6.0532e-01A/cm2 ğ›’:6.7122e+01ğ›€ cm
2023-05-19 15:27:05,060 INFO Measurement at current 0.06663316582914573
2023-05-19 15:27:05,645 INFO T:92.14Â°K V:2.5882e+00V I:6.6633e-02A R:3.8842e+01ğ›€ E:4.0440e+01V/cm J:6.1131e-01A/cm2 ğ›’:6.6153e+01ğ›€ cm
2023-05-19 15:27:05,662 INFO Measurement at current 0.06728643216080402
2023-05-19 15:27:06,251 INFO T:92.15Â°K V:2.5760e+00V I:6.7286e-02A R:3.8284e+01ğ›€ E:4.0250e+01V/cm J:6.1731e-01A/cm2 ğ›’:6.5203e+01ğ›€ cm
2023-05-19 15:27:06,270 INFO Measurement at current 0.06793969849246231
2023-05-19 15:27:06,867 INFO T:92.15Â°K V:2.5642e+00V I:6.7940e-02A R:3.7742e+01ğ›€ E:4.0066e+01V/cm J:6.2330e-01A/cm2 ğ›’:6.4280e+01ğ›€ cm
2023-05-19 15:27:06,891 INFO Measurement at current 0.0685929648241206
2023-05-19 15:27:07,488 INFO T:92.16Â°K V:2.5520e+00V I:6.8593e-02A R:3.7204e+01ğ›€ E:3.9874e+01V/cm J:6.2929e-01A/cm2 ğ›’:6.3364e+01ğ›€ cm
2023-05-19 15:27:07,506 INFO Measurement at current 0.0692462311557789
2023-05-19 15:27:08,115 INFO T:92.16Â°K V:2.5414e+00V I:6.9246e-02A R:3.6701e+01ğ›€ E:3.9710e+01V/cm J:6.3529e-01A/cm2 ğ›’:6.2507e+01ğ›€ cm
2023-05-19 15:27:08,139 INFO Measurement at current 0.06989949748743718
2023-05-19 15:27:08,725 INFO T:92.17Â°K V:2.5291e+00V I:6.9899e-02A R:3.6183e+01ğ›€ E:3.9518e+01V/cm J:6.4128e-01A/cm2 ğ›’:6.1623e+01ğ›€ cm
2023-05-19 15:27:08,747 INFO Measurement at current 0.07055276381909548
2023-05-19 15:27:09,355 INFO T:92.18Â°K V:2.5176e+00V I:7.0553e-02A R:3.5683e+01ğ›€ E:3.9337e+01V/cm J:6.4727e-01A/cm2 ğ›’:6.0773e+01ğ›€ cm
2023-05-19 15:27:09,380 INFO Measurement at current 0.07120603015075376
2023-05-19 15:27:09,967 INFO T:92.18Â°K V:2.5071e+00V I:7.1206e-02A R:3.5209e+01ğ›€ E:3.9174e+01V/cm J:6.5327e-01A/cm2 ğ›’:5.9966e+01ğ›€ cm
2023-05-19 15:27:10,010 INFO Measurement at current 0.07185929648241206
2023-05-19 15:27:10,598 INFO T:92.19Â°K V:2.4957e+00V I:7.1859e-02A R:3.4730e+01ğ›€ E:3.8995e+01V/cm J:6.5926e-01A/cm2 ğ›’:5.9149e+01ğ›€ cm
2023-05-19 15:27:10,615 INFO Measurement at current 0.07251256281407036
2023-05-19 15:27:11,212 INFO T:92.19Â°K V:2.4857e+00V I:7.2513e-02A R:3.4279e+01ğ›€ E:3.8838e+01V/cm J:6.6525e-01A/cm2 ğ›’:5.8381e+01ğ›€ cm
2023-05-19 15:27:11,226 INFO Measurement at current 0.07316582914572864
2023-05-19 15:27:11,809 INFO T:92.20Â°K V:2.4761e+00V I:7.3166e-02A R:3.3843e+01ğ›€ E:3.8689e+01V/cm J:6.7125e-01A/cm2 ğ›’:5.7638e+01ğ›€ cm
2023-05-19 15:27:11,829 INFO Measurement at current 0.07381909547738694
2023-05-19 15:27:12,413 INFO T:92.20Â°K V:2.4658e+00V I:7.3819e-02A R:3.3404e+01ğ›€ E:3.8529e+01V/cm J:6.7724e-01A/cm2 ğ›’:5.6891e+01ğ›€ cm
2023-05-19 15:27:12,432 INFO Measurement at current 0.07447236180904522
2023-05-19 15:27:13,037 INFO T:92.21Â°K V:2.4559e+00V I:7.4472e-02A R:3.2977e+01ğ›€ E:3.8373e+01V/cm J:6.8323e-01A/cm2 ğ›’:5.6163e+01ğ›€ cm
2023-05-19 15:27:13,065 INFO Measurement at current 0.07512562814070352
2023-05-19 15:27:13,666 INFO T:92.21Â°K V:2.4455e+00V I:7.5126e-02A R:3.2553e+01ğ›€ E:3.8211e+01V/cm J:6.8923e-01A/cm2 ğ›’:5.5441e+01ğ›€ cm
2023-05-19 15:27:13,685 INFO Measurement at current 0.0757788944723618
2023-05-19 15:27:14,294 INFO T:92.22Â°K V:2.4364e+00V I:7.5779e-02A R:3.2152e+01ğ›€ E:3.8069e+01V/cm J:6.9522e-01A/cm2 ğ›’:5.4758e+01ğ›€ cm
2023-05-19 15:27:14,314 INFO Measurement at current 0.0764321608040201
2023-05-19 15:27:14,910 INFO T:92.23Â°K V:2.4267e+00V I:7.6432e-02A R:3.1750e+01ğ›€ E:3.7917e+01V/cm J:7.0121e-01A/cm2 ğ›’:5.4074e+01ğ›€ cm
2023-05-19 15:27:14,952 INFO Measurement at current 0.07708542713567838
2023-05-19 15:27:15,561 INFO T:92.23Â°K V:2.4165e+00V I:7.7085e-02A R:3.1349e+01ğ›€ E:3.7758e+01V/cm J:7.0721e-01A/cm2 ğ›’:5.3390e+01ğ›€ cm
2023-05-19 15:27:15,585 INFO Measurement at current 0.07773869346733668
2023-05-19 15:27:16,176 INFO T:92.24Â°K V:2.4086e+00V I:7.7739e-02A R:3.0984e+01ğ›€ E:3.7635e+01V/cm J:7.1320e-01A/cm2 ğ›’:5.2769e+01ğ›€ cm
2023-05-19 15:27:16,197 INFO Measurement at current 0.07839195979899498
2023-05-19 15:27:16,803 INFO T:92.24Â°K V:2.3998e+00V I:7.8392e-02A R:3.0613e+01ğ›€ E:3.7497e+01V/cm J:7.1919e-01A/cm2 ğ›’:5.2138e+01ğ›€ cm
2023-05-19 15:27:16,827 INFO Measurement at current 0.07904522613065326
2023-05-19 15:27:17,439 INFO T:92.25Â°K V:2.3912e+00V I:7.9045e-02A R:3.0251e+01ğ›€ E:3.7362e+01V/cm J:7.2519e-01A/cm2 ğ›’:5.1521e+01ğ›€ cm
2023-05-19 15:27:17,454 INFO Measurement at current 0.07969849246231156
2023-05-19 15:27:18,066 INFO T:92.25Â°K V:2.3824e+00V I:7.9698e-02A R:2.9892e+01ğ›€ E:3.7224e+01V/cm J:7.3118e-01A/cm2 ğ›’:5.0910e+01ğ›€ cm
2023-05-19 15:27:18,082 INFO Measurement at current 0.08035175879396984
2023-05-19 15:27:18,669 INFO T:92.26Â°K V:2.3745e+00V I:8.0352e-02A R:2.9551e+01ğ›€ E:3.7102e+01V/cm J:7.3717e-01A/cm2 ğ›’:5.0330e+01ğ›€ cm
2023-05-19 15:27:18,714 INFO Measurement at current 0.08100502512562814
2023-05-19 15:27:19,336 INFO T:92.26Â°K V:2.3650e+00V I:8.1005e-02A R:2.9196e+01ğ›€ E:3.6953e+01V/cm J:7.4317e-01A/cm2 ğ›’:4.9724e+01ğ›€ cm
2023-05-19 15:27:19,352 INFO Measurement at current 0.08165829145728642
2023-05-19 15:27:19,942 INFO T:92.27Â°K V:2.3568e+00V I:8.1658e-02A R:2.8862e+01ğ›€ E:3.6825e+01V/cm J:7.4916e-01A/cm2 ğ›’:4.9155e+01ğ›€ cm
2023-05-19 15:27:19,961 INFO Measurement at current 0.08231155778894472
2023-05-19 15:27:20,547 INFO T:92.28Â°K V:2.3483e+00V I:8.2312e-02A R:2.8530e+01ğ›€ E:3.6693e+01V/cm J:7.5515e-01A/cm2 ğ›’:4.8590e+01ğ›€ cm
2023-05-19 15:27:20,605 INFO Measurement at current 0.082964824120603
2023-05-19 15:27:21,213 INFO T:92.28Â°K V:2.3395e+00V I:8.2965e-02A R:2.8199e+01ğ›€ E:3.6555e+01V/cm J:7.6115e-01A/cm2 ğ›’:4.8026e+01ğ›€ cm
2023-05-19 15:27:21,228 INFO Measurement at current 0.0836180904522613
2023-05-19 15:27:21,837 INFO T:92.29Â°K V:2.3321e+00V I:8.3618e-02A R:2.7890e+01ğ›€ E:3.6439e+01V/cm J:7.6714e-01A/cm2 ğ›’:4.7499e+01ğ›€ cm
2023-05-19 15:27:21,887 INFO Measurement at current 0.0842713567839196
2023-05-19 15:27:22,497 INFO T:92.29Â°K V:2.3232e+00V I:8.4271e-02A R:2.7568e+01ğ›€ E:3.6300e+01V/cm J:7.7313e-01A/cm2 ğ›’:4.6952e+01ğ›€ cm
2023-05-19 15:27:22,513 INFO Measurement at current 0.08492462311557789
2023-05-19 15:27:23,105 INFO T:92.30Â°K V:2.3161e+00V I:8.4925e-02A R:2.7272e+01ğ›€ E:3.6189e+01V/cm J:7.7912e-01A/cm2 ğ›’:4.6448e+01ğ›€ cm
2023-05-19 15:27:23,175 INFO Measurement at current 0.08557788944723618
2023-05-19 15:27:23,767 INFO T:92.30Â°K V:2.3074e+00V I:8.5578e-02A R:2.6962e+01ğ›€ E:3.6053e+01V/cm J:7.8512e-01A/cm2 ğ›’:4.5920e+01ğ›€ cm
2023-05-19 15:27:23,791 INFO Measurement at current 0.08623115577889447
2023-05-19 15:27:24,401 INFO T:92.31Â°K V:2.3004e+00V I:8.6231e-02A R:2.6678e+01ğ›€ E:3.5944e+01V/cm J:7.9111e-01A/cm2 ğ›’:4.5435e+01ğ›€ cm
2023-05-19 15:27:24,427 INFO Measurement at current 0.08688442211055276
2023-05-19 15:27:25,011 INFO T:92.32Â°K V:2.2938e+00V I:8.6884e-02A R:2.6401e+01ğ›€ E:3.5841e+01V/cm J:7.9710e-01A/cm2 ğ›’:4.4964e+01ğ›€ cm
2023-05-19 15:27:25,056 INFO Measurement at current 0.08753768844221105
2023-05-19 15:27:25,653 INFO T:92.32Â°K V:2.2866e+00V I:8.7538e-02A R:2.6121e+01ğ›€ E:3.5727e+01V/cm J:8.0310e-01A/cm2 ğ›’:4.4487e+01ğ›€ cm
2023-05-19 15:27:25,670 INFO Measurement at current 0.08819095477386935
2023-05-19 15:27:26,270 INFO T:92.33Â°K V:2.2807e+00V I:8.8191e-02A R:2.5861e+01ğ›€ E:3.5636e+01V/cm J:8.0909e-01A/cm2 ğ›’:4.4045e+01ğ›€ cm
2023-05-19 15:27:26,302 INFO Measurement at current 0.08884422110552763
2023-05-19 15:27:26,890 INFO T:92.33Â°K V:2.2733e+00V I:8.8844e-02A R:2.5587e+01ğ›€ E:3.5520e+01V/cm J:8.1508e-01A/cm2 ğ›’:4.3579e+01ğ›€ cm
2023-05-19 15:27:26,907 INFO Measurement at current 0.08949748743718593
2023-05-19 15:27:27,518 INFO T:92.34Â°K V:2.2674e+00V I:8.9497e-02A R:2.5335e+01ğ›€ E:3.5429e+01V/cm J:8.2108e-01A/cm2 ğ›’:4.3149e+01ğ›€ cm
2023-05-19 15:27:27,540 INFO Measurement at current 0.09015075376884422
2023-05-19 15:27:28,141 INFO T:92.34Â°K V:2.2602e+00V I:9.0151e-02A R:2.5072e+01ğ›€ E:3.5316e+01V/cm J:8.2707e-01A/cm2 ğ›’:4.2700e+01ğ›€ cm
2023-05-19 15:27:28,166 INFO Measurement at current 0.09080402010050251
2023-05-19 15:27:28,755 INFO T:92.35Â°K V:2.2536e+00V I:9.0804e-02A R:2.4818e+01ğ›€ E:3.5212e+01V/cm J:8.3306e-01A/cm2 ğ›’:4.2268e+01ğ›€ cm
2023-05-19 15:27:28,782 INFO Measurement at current 0.0914572864321608
2023-05-19 15:27:29,387 INFO T:92.36Â°K V:2.2469e+00V I:9.1457e-02A R:2.4568e+01ğ›€ E:3.5108e+01V/cm J:8.3906e-01A/cm2 ğ›’:4.1842e+01ğ›€ cm
2023-05-19 15:27:29,403 INFO Measurement at current 0.09211055276381909
2023-05-19 15:27:29,986 INFO T:92.36Â°K V:2.2413e+00V I:9.2111e-02A R:2.4332e+01ğ›€ E:3.5020e+01V/cm J:8.4505e-01A/cm2 ğ›’:4.1441e+01ğ›€ cm
2023-05-19 15:27:30,006 INFO Measurement at current 0.09276381909547739
2023-05-19 15:27:30,618 INFO T:92.37Â°K V:2.2351e+00V I:9.2764e-02A R:2.4094e+01ğ›€ E:3.4923e+01V/cm J:8.5104e-01A/cm2 ğ›’:4.1035e+01ğ›€ cm
2023-05-19 15:27:30,641 INFO Measurement at current 0.09341708542713567
2023-05-19 15:27:31,268 INFO T:92.37Â°K V:2.2287e+00V I:9.3417e-02A R:2.3858e+01ğ›€ E:3.4824e+01V/cm J:8.5704e-01A/cm2 ğ›’:4.0633e+01ğ›€ cm
2023-05-19 15:27:31,298 INFO Measurement at current 0.09407035175879397
2023-05-19 15:27:31,923 INFO T:92.38Â°K V:2.2222e+00V I:9.4070e-02A R:2.3623e+01ğ›€ E:3.4722e+01V/cm J:8.6303e-01A/cm2 ğ›’:4.0232e+01ğ›€ cm
2023-05-19 15:27:31,940 INFO Measurement at current 0.09472361809045225
2023-05-19 15:27:32,553 INFO T:92.38Â°K V:2.2166e+00V I:9.4724e-02A R:2.3401e+01ğ›€ E:3.4634e+01V/cm J:8.6902e-01A/cm2 ğ›’:3.9854e+01ğ›€ cm
2023-05-19 15:27:32,576 INFO Measurement at current 0.09537688442211055
2023-05-19 15:27:33,165 INFO T:92.39Â°K V:2.2105e+00V I:9.5377e-02A R:2.3177e+01ğ›€ E:3.4539e+01V/cm J:8.7502e-01A/cm2 ğ›’:3.9473e+01ğ›€ cm
2023-05-19 15:27:33,185 INFO Measurement at current 0.09603015075376885
2023-05-19 15:27:33,790 INFO T:92.40Â°K V:2.2051e+00V I:9.6030e-02A R:2.2963e+01ğ›€ E:3.4455e+01V/cm J:8.8101e-01A/cm2 ğ›’:3.9109e+01ğ›€ cm
2023-05-19 15:27:33,807 INFO Measurement at current 0.09668341708542713
2023-05-19 15:27:34,393 INFO T:92.40Â°K V:2.1996e+00V I:9.6683e-02A R:2.2751e+01ğ›€ E:3.4369e+01V/cm J:8.8700e-01A/cm2 ğ›’:3.8747e+01ğ›€ cm
2023-05-19 15:27:34,426 INFO Measurement at current 0.09733668341708543
2023-05-19 15:27:35,017 INFO T:92.41Â°K V:2.1940e+00V I:9.7337e-02A R:2.2541e+01ğ›€ E:3.4282e+01V/cm J:8.9300e-01A/cm2 ğ›’:3.8389e+01ğ›€ cm
2023-05-19 15:27:35,034 INFO Measurement at current 0.09798994974874371
2023-05-19 15:27:35,619 INFO T:92.41Â°K V:2.1887e+00V I:9.7990e-02A R:2.2336e+01ğ›€ E:3.4199e+01V/cm J:8.9899e-01A/cm2 ğ›’:3.8041e+01ğ›€ cm
2023-05-19 15:27:35,645 INFO Measurement at current 0.09864321608040201
2023-05-19 15:27:36,271 INFO T:92.42Â°K V:2.1831e+00V I:9.8643e-02A R:2.2131e+01ğ›€ E:3.4111e+01V/cm J:9.0498e-01A/cm2 ğ›’:3.7692e+01ğ›€ cm
2023-05-19 15:27:36,314 INFO Measurement at current 0.0992964824120603
2023-05-19 15:27:36,921 INFO T:92.43Â°K V:2.1774e+00V I:9.9296e-02A R:2.1928e+01ğ›€ E:3.4022e+01V/cm J:9.1098e-01A/cm2 ğ›’:3.7347e+01ğ›€ cm
2023-05-19 15:27:36,944 INFO Measurement at current 0.09994974874371859
2023-05-19 15:27:37,534 INFO T:92.43Â°K V:2.1723e+00V I:9.9950e-02A R:2.1734e+01ğ›€ E:3.3942e+01V/cm J:9.1697e-01A/cm2 ğ›’:3.7015e+01ğ›€ cm
2023-05-19 15:27:37,578 INFO Measurement at current 0.10060301507537688
2023-05-19 15:27:38,165 INFO T:92.44Â°K V:2.1672e+00V I:1.0060e-01A R:2.1543e+01ğ›€ E:3.3863e+01V/cm J:9.2296e-01A/cm2 ğ›’:3.6690e+01ğ›€ cm
2023-05-19 15:27:38,194 INFO Measurement at current 0.10125628140703517
2023-05-19 15:27:38,780 INFO T:92.44Â°K V:2.1622e+00V I:1.0126e-01A R:2.1354e+01ğ›€ E:3.3785e+01V/cm J:9.2896e-01A/cm2 ğ›’:3.6369e+01ğ›€ cm
2023-05-19 15:27:38,798 INFO Measurement at current 0.10190954773869347
2023-05-19 15:27:39,396 INFO T:92.45Â°K V:2.1574e+00V I:1.0191e-01A R:2.1170e+01ğ›€ E:3.3710e+01V/cm J:9.3495e-01A/cm2 ğ›’:3.6055e+01ğ›€ cm
2023-05-19 15:27:39,487 INFO Measurement at current 0.10256281407035175
2023-05-19 15:27:40,119 INFO T:92.45Â°K V:2.1498e+00V I:1.0256e-01A R:2.0961e+01ğ›€ E:3.3591e+01V/cm J:9.4094e-01A/cm2 ğ›’:3.5699e+01ğ›€ cm
2023-05-19 15:27:40,142 INFO Measurement at current 0.10321608040201005
2023-05-19 15:27:40,741 INFO T:92.46Â°K V:2.1468e+00V I:1.0322e-01A R:2.0799e+01ğ›€ E:3.3544e+01V/cm J:9.4694e-01A/cm2 ğ›’:3.5424e+01ğ›€ cm
2023-05-19 15:27:40,758 INFO Measurement at current 0.10386934673366834
2023-05-19 15:27:41,348 INFO T:92.47Â°K V:2.1422e+00V I:1.0387e-01A R:2.0624e+01ğ›€ E:3.3472e+01V/cm J:9.5293e-01A/cm2 ğ›’:3.5125e+01ğ›€ cm
2023-05-19 15:27:41,368 INFO Measurement at current 0.10452261306532663
2023-05-19 15:27:41,953 INFO T:92.47Â°K V:2.1377e+00V I:1.0452e-01A R:2.0452e+01ğ›€ E:3.3401e+01V/cm J:9.5892e-01A/cm2 ğ›’:3.4832e+01ğ›€ cm
2023-05-19 15:27:41,970 INFO Measurement at current 0.10517587939698492
2023-05-19 15:27:42,567 INFO T:92.48Â°K V:2.1333e+00V I:1.0518e-01A R:2.0283e+01ğ›€ E:3.3333e+01V/cm J:9.6492e-01A/cm2 ğ›’:3.4545e+01ğ›€ cm
2023-05-19 15:27:42,588 INFO Measurement at current 0.10582914572864321
2023-05-19 15:27:43,193 INFO T:92.48Â°K V:2.1281e+00V I:1.0583e-01A R:2.0109e+01ğ›€ E:3.3252e+01V/cm J:9.7091e-01A/cm2 ğ›’:3.4248e+01ğ›€ cm
2023-05-19 15:27:43,208 INFO Measurement at current 0.1064824120603015
2023-05-19 15:27:43,801 INFO T:92.49Â°K V:2.1234e+00V I:1.0648e-01A R:1.9941e+01ğ›€ E:3.3177e+01V/cm J:9.7690e-01A/cm2 ğ›’:3.3962e+01ğ›€ cm
2023-05-19 15:27:43,817 INFO Measurement at current 0.1071356783919598
2023-05-19 15:27:44,407 INFO T:92.49Â°K V:2.1188e+00V I:1.0714e-01A R:1.9777e+01ğ›€ E:3.3107e+01V/cm J:9.8290e-01A/cm2 ğ›’:3.3683e+01ğ›€ cm
2023-05-19 15:27:44,432 INFO Measurement at current 0.1077889447236181
2023-05-19 15:27:45,027 INFO T:92.50Â°K V:2.1138e+00V I:1.0779e-01A R:1.9610e+01ğ›€ E:3.3028e+01V/cm J:9.8889e-01A/cm2 ğ›’:3.3399e+01ğ›€ cm
2023-05-19 15:27:45,042 INFO Measurement at current 0.10844221105527638
2023-05-19 15:27:45,628 INFO T:92.51Â°K V:2.1096e+00V I:1.0844e-01A R:1.9454e+01ğ›€ E:3.2963e+01V/cm J:9.9488e-01A/cm2 ğ›’:3.3132e+01ğ›€ cm
2023-05-19 15:27:45,646 INFO Measurement at current 0.10909547738693468
2023-05-19 15:27:46,235 INFO T:92.51Â°K V:2.1055e+00V I:1.0910e-01A R:1.9300e+01ğ›€ E:3.2899e+01V/cm J:1.0009e+00A/cm2 ğ›’:3.2870e+01ğ›€ cm
2023-05-19 15:27:46,261 INFO Measurement at current 0.10974874371859296
2023-05-19 15:27:46,852 INFO T:92.52Â°K V:2.1007e+00V I:1.0975e-01A R:1.9141e+01ğ›€ E:3.2823e+01V/cm J:1.0069e+00A/cm2 ğ›’:3.2600e+01ğ›€ cm
2023-05-19 15:27:46,868 INFO Measurement at current 0.11040201005025126
2023-05-19 15:27:47,480 INFO T:92.52Â°K V:2.0956e+00V I:1.1040e-01A R:1.8981e+01ğ›€ E:3.2743e+01V/cm J:1.0129e+00A/cm2 ğ›’:3.2327e+01ğ›€ cm
2023-05-19 15:27:47,496 INFO Measurement at current 0.11105527638190954
2023-05-19 15:27:48,083 INFO T:92.53Â°K V:2.0920e+00V I:1.1106e-01A R:1.8837e+01ğ›€ E:3.2687e+01V/cm J:1.0189e+00A/cm2 ğ›’:3.2082e+01ğ›€ cm
2023-05-19 15:27:48,120 INFO Measurement at current 0.11170854271356784
2023-05-19 15:27:48,720 INFO T:92.54Â°K V:2.0875e+00V I:1.1171e-01A R:1.8687e+01ğ›€ E:3.2618e+01V/cm J:1.0248e+00A/cm2 ğ›’:3.1827e+01ğ›€ cm
2023-05-19 15:27:48,754 INFO Measurement at current 0.11236180904522612
2023-05-19 15:27:49,344 INFO T:92.54Â°K V:2.0832e+00V I:1.1236e-01A R:1.8540e+01ğ›€ E:3.2550e+01V/cm J:1.0308e+00A/cm2 ğ›’:3.1576e+01ğ›€ cm
2023-05-19 15:27:49,384 INFO Measurement at current 0.11301507537688442
2023-05-19 15:27:49,985 INFO T:92.55Â°K V:2.0790e+00V I:1.1302e-01A R:1.8396e+01ğ›€ E:3.2485e+01V/cm J:1.0368e+00A/cm2 ğ›’:3.1331e+01ğ›€ cm
2023-05-19 15:27:50,007 INFO Measurement at current 0.11366834170854272
2023-05-19 15:27:50,626 INFO T:92.55Â°K V:2.0753e+00V I:1.1367e-01A R:1.8257e+01ğ›€ E:3.2426e+01V/cm J:1.0428e+00A/cm2 ğ›’:3.1094e+01ğ›€ cm
2023-05-19 15:27:50,659 INFO Measurement at current 0.114321608040201
2023-05-19 15:27:51,281 INFO T:92.56Â°K V:2.0705e+00V I:1.1432e-01A R:1.8111e+01ğ›€ E:3.2351e+01V/cm J:1.0488e+00A/cm2 ğ›’:3.0845e+01ğ›€ cm
2023-05-19 15:27:51,308 INFO Measurement at current 0.1149748743718593
2023-05-19 15:27:51,923 INFO T:92.57Â°K V:2.0664e+00V I:1.1497e-01A R:1.7973e+01ğ›€ E:3.2288e+01V/cm J:1.0548e+00A/cm2 ğ›’:3.0610e+01ğ›€ cm
2023-05-19 15:27:51,942 INFO Measurement at current 0.11562814070351758
2023-05-19 15:27:52,553 INFO T:92.57Â°K V:2.0634e+00V I:1.1563e-01A R:1.7845e+01ğ›€ E:3.2241e+01V/cm J:1.0608e+00A/cm2 ğ›’:3.0393e+01ğ›€ cm
2023-05-19 15:27:52,588 INFO Measurement at current 0.11628140703517588
2023-05-19 15:27:53,194 INFO T:92.58Â°K V:2.0594e+00V I:1.1628e-01A R:1.7710e+01ğ›€ E:3.2178e+01V/cm J:1.0668e+00A/cm2 ğ›’:3.0163e+01ğ›€ cm
2023-05-19 15:27:53,224 INFO Measurement at current 0.11693467336683416
2023-05-19 15:27:53,821 INFO T:92.58Â°K V:2.0547e+00V I:1.1693e-01A R:1.7571e+01ğ›€ E:3.2105e+01V/cm J:1.0728e+00A/cm2 ğ›’:2.9926e+01ğ›€ cm
2023-05-19 15:27:53,847 INFO Measurement at current 0.11758793969849246
2023-05-19 15:27:54,433 INFO T:92.59Â°K V:2.0514e+00V I:1.1759e-01A R:1.7446e+01ğ›€ E:3.2054e+01V/cm J:1.0788e+00A/cm2 ğ›’:2.9713e+01ğ›€ cm
2023-05-19 15:27:54,464 INFO Measurement at current 0.11824120603015074
2023-05-19 15:27:55,066 INFO T:92.60Â°K V:2.0476e+00V I:1.1824e-01A R:1.7317e+01ğ›€ E:3.1993e+01V/cm J:1.0848e+00A/cm2 ğ›’:2.9493e+01ğ›€ cm
2023-05-19 15:27:55,089 INFO Measurement at current 0.11889447236180904
2023-05-19 15:27:55,727 INFO T:92.60Â°K V:2.0436e+00V I:1.1889e-01A R:1.7188e+01ğ›€ E:3.1931e+01V/cm J:1.0908e+00A/cm2 ğ›’:2.9274e+01ğ›€ cm
2023-05-19 15:27:55,747 INFO Measurement at current 0.11954773869346734
2023-05-19 15:27:56,342 INFO T:92.61Â°K V:2.0397e+00V I:1.1955e-01A R:1.7061e+01ğ›€ E:3.1870e+01V/cm J:1.0968e+00A/cm2 ğ›’:2.9058e+01ğ›€ cm
2023-05-19 15:27:56,360 INFO Measurement at current 0.12020100502512562
2023-05-19 15:27:56,972 INFO T:92.61Â°K V:2.0369e+00V I:1.2020e-01A R:1.6946e+01ğ›€ E:3.1827e+01V/cm J:1.1028e+00A/cm2 ğ›’:2.8861e+01ğ›€ cm
2023-05-19 15:27:56,989 INFO Measurement at current 0.12085427135678392
2023-05-19 15:27:57,584 INFO T:92.62Â°K V:2.0326e+00V I:1.2085e-01A R:1.6819e+01ğ›€ E:3.1760e+01V/cm J:1.1088e+00A/cm2 ğ›’:2.8644e+01ğ›€ cm
2023-05-19 15:27:57,614 INFO Measurement at current 0.1215075376884422
2023-05-19 15:27:58,234 INFO T:92.63Â°K V:2.0274e+00V I:1.2151e-01A R:1.6686e+01ğ›€ E:3.1679e+01V/cm J:1.1147e+00A/cm2 ğ›’:2.8418e+01ğ›€ cm
2023-05-19 15:27:58,252 INFO Measurement at current 0.1221608040201005
2023-05-19 15:27:58,861 INFO T:92.63Â°K V:2.0248e+00V I:1.2216e-01A R:1.6575e+01ğ›€ E:3.1638e+01V/cm J:1.1207e+00A/cm2 ğ›’:2.8230e+01ğ›€ cm
2023-05-19 15:27:58,877 INFO Measurement at current 0.12281407035175879
2023-05-19 15:27:59,467 INFO T:92.64Â°K V:2.0212e+00V I:1.2281e-01A R:1.6457e+01ğ›€ E:3.1581e+01V/cm J:1.1267e+00A/cm2 ğ›’:2.8029e+01ğ›€ cm
2023-05-19 15:27:59,496 INFO Measurement at current 0.12346733668341708
2023-05-19 15:28:00,102 INFO T:92.64Â°K V:2.0174e+00V I:1.2347e-01A R:1.6339e+01ğ›€ E:3.1521e+01V/cm J:1.1327e+00A/cm2 ğ›’:2.7828e+01ğ›€ cm
2023-05-19 15:28:00,124 INFO Measurement at current 0.12412060301507537
2023-05-19 15:28:00,709 INFO T:92.65Â°K V:2.0135e+00V I:1.2412e-01A R:1.6222e+01ğ›€ E:3.1462e+01V/cm J:1.1387e+00A/cm2 ğ›’:2.7629e+01ğ›€ cm
2023-05-19 15:28:00,727 INFO Measurement at current 0.12477386934673367
2023-05-19 15:28:01,336 INFO T:92.66Â°K V:2.0101e+00V I:1.2477e-01A R:1.6110e+01ğ›€ E:3.1409e+01V/cm J:1.1447e+00A/cm2 ğ›’:2.7438e+01ğ›€ cm
2023-05-19 15:28:01,396 INFO Measurement at current 0.12542713567839195
2023-05-19 15:28:01,982 INFO T:92.66Â°K V:2.0060e+00V I:1.2543e-01A R:1.5994e+01ğ›€ E:3.1344e+01V/cm J:1.1507e+00A/cm2 ğ›’:2.7239e+01ğ›€ cm
2023-05-19 15:28:02,058 INFO Measurement at current 0.12608040201005025
2023-05-19 15:28:02,672 INFO T:92.67Â°K V:2.0023e+00V I:1.2608e-01A R:1.5881e+01ğ›€ E:3.1286e+01V/cm J:1.1567e+00A/cm2 ğ›’:2.7047e+01ğ›€ cm
2023-05-19 15:28:02,691 INFO Measurement at current 0.12673366834170854
2023-05-19 15:28:03,285 INFO T:92.67Â°K V:1.9991e+00V I:1.2673e-01A R:1.5774e+01ğ›€ E:3.1237e+01V/cm J:1.1627e+00A/cm2 ğ›’:2.6866e+01ğ›€ cm
2023-05-19 15:28:03,315 INFO Measurement at current 0.12738693467336684
2023-05-19 15:28:03,944 INFO T:92.68Â°K V:1.9962e+00V I:1.2739e-01A R:1.5671e+01ğ›€ E:3.1191e+01V/cm J:1.1687e+00A/cm2 ğ›’:2.6689e+01ğ›€ cm
2023-05-19 15:28:03,968 INFO Measurement at current 0.1280402010050251
2023-05-19 15:28:04,595 INFO T:92.69Â°K V:1.9916e+00V I:1.2804e-01A R:1.5554e+01ğ›€ E:3.1119e+01V/cm J:1.1747e+00A/cm2 ğ›’:2.6491e+01ğ›€ cm
2023-05-19 15:28:04,616 INFO Measurement at current 0.1286934673366834
2023-05-19 15:28:05,225 INFO T:92.69Â°K V:1.9892e+00V I:1.2869e-01A R:1.5457e+01ğ›€ E:3.1081e+01V/cm J:1.1807e+00A/cm2 ğ›’:2.6325e+01ğ›€ cm
2023-05-19 15:28:05,262 INFO Measurement at current 0.1293467336683417
2023-05-19 15:28:05,849 INFO T:92.70Â°K V:1.9855e+00V I:1.2935e-01A R:1.5350e+01ğ›€ E:3.1024e+01V/cm J:1.1867e+00A/cm2 ğ›’:2.6143e+01ğ›€ cm
2023-05-19 15:28:05,864 INFO Measurement at current 0.13
2023-05-19 15:28:06,457 INFO T:92.70Â°K V:1.9836e+00V I:1.3000e-01A R:1.5258e+01ğ›€ E:3.0993e+01V/cm J:1.1927e+00A/cm2 ğ›’:2.5987e+01ğ›€ cm
2023-05-19 15:28:25,308 INFO Save the description file
2023-05-19 15:28:25,313 INFO Save data in numpy format Esperimenti/CPRO_MUSA_190523_I_V/CPRO_MUSA_190523_I_V_current_from_0_to_1300e-4A/CPRO_MUSA_190523_I_V_current_from_0_to_1300e-4A-20230519152824
2023-05-19 15:28:25,325 INFO Save data in CSV format Esperimenti/CPRO_MUSA_190523_I_V/CPRO_MUSA_190523_I_V_current_from_0_to_1300e-4A/CPRO_MUSA_190523_I_V_current_from_0_to_1300e-4A-20230519152824.csv
2023-05-19 15:28:25,354 INFO Save plot as image Esperimenti/CPRO_MUSA_190523_I_V/CPRO_MUSA_190523_I_V_current_from_0_to_1300e-4A/CPRO_MUSA_190523_I_V_current_from_0_to_1300e-4A-20230519152824.png
