2023-05-19 17:39:50,786 INFO ### Start experiment: CPRO_MUSA_190523_I_V current from 0 to 1300e-4A ###
2023-05-19 17:39:52,133 INFO Found Multimeter KEITHLEY INSTRUMENTS INC.,MODEL 2700,0884890,B03  /A02  

2023-05-19 17:39:53,167 INFO Found Nanovolt Meter KEITHLEY INSTRUMENTS INC.,MODEL 2182A,4056474,C03  /A02  

2023-05-19 17:39:53,291 INFO Found Source Meter KEITHLEY INSTRUMENTS INC.,MODEL 2400,0945684,C24   Feb 14 2002 11:59:45/A02  /K/H

2023-05-19 17:39:53,434 INFO Start the measurement loop
2023-05-19 17:40:04,906 INFO Measurement at current 0.0
2023-05-19 17:40:05,832 INFO T:254.21Â°K V:1.9368e-06V I:0.0000e+00A R:infğ›€ E:3.0262e-05V/cm J:0.0000e+00A/cm2 ğ›’:infğ›€ cm
2023-05-19 17:40:05,859 INFO Measurement at current 0.0006532663316582914
2023-05-19 17:40:06,466 INFO T:254.24Â°K V:1.7808e-03V I:6.5327e-04A R:2.7260e+00ğ›€ E:2.7825e-02V/cm J:5.9933e-03A/cm2 ğ›’:4.6428e+00ğ›€ cm
2023-05-19 17:40:06,487 INFO Measurement at current 0.0013065326633165829
2023-05-19 17:40:07,095 INFO T:254.26Â°K V:3.5596e-03V I:1.3065e-03A R:2.7245e+00ğ›€ E:5.5619e-02V/cm J:1.1987e-02A/cm2 ğ›’:4.6402e+00ğ›€ cm
2023-05-19 17:40:07,110 INFO Measurement at current 0.001959798994974874
2023-05-19 17:40:07,700 INFO T:254.28Â°K V:5.3400e-03V I:1.9598e-03A R:2.7247e+00ğ›€ E:8.3437e-02V/cm J:1.7980e-02A/cm2 ğ›’:4.6406e+00ğ›€ cm
2023-05-19 17:40:07,715 INFO Measurement at current 0.0026130653266331657
2023-05-19 17:40:08,314 INFO T:254.31Â°K V:7.1169e-03V I:2.6131e-03A R:2.7236e+00ğ›€ E:1.1120e-01V/cm J:2.3973e-02A/cm2 ğ›’:4.6386e+00ğ›€ cm
2023-05-19 17:40:08,338 INFO Measurement at current 0.0032663316582914573
2023-05-19 17:40:08,945 INFO T:254.33Â°K V:8.8969e-03V I:3.2663e-03A R:2.7238e+00ğ›€ E:1.3901e-01V/cm J:2.9966e-02A/cm2 ğ›’:4.6390e+00ğ›€ cm
2023-05-19 17:40:08,974 INFO Measurement at current 0.003919597989949748
2023-05-19 17:40:09,574 INFO T:254.36Â°K V:1.0675e-02V I:3.9196e-03A R:2.7234e+00ğ›€ E:1.6679e-01V/cm J:3.5960e-02A/cm2 ğ›’:4.6383e+00ğ›€ cm
2023-05-19 17:40:09,590 INFO Measurement at current 0.00457286432160804
2023-05-19 17:40:11,032 INFO T:254.41Â°K V:1.2452e-02V I:4.5729e-03A R:2.7230e+00ğ›€ E:1.9456e-01V/cm J:4.1953e-02A/cm2 ğ›’:4.6376e+00ğ›€ cm
2023-05-19 17:40:11,051 INFO Measurement at current 0.0052261306532663315
2023-05-19 17:40:11,640 INFO T:254.44Â°K V:1.4229e-02V I:5.2261e-03A R:2.7227e+00ğ›€ E:2.2233e-01V/cm J:4.7946e-02A/cm2 ğ›’:4.6371e+00ğ›€ cm
2023-05-19 17:40:11,657 INFO Measurement at current 0.005879396984924623
2023-05-19 17:40:12,249 INFO T:254.46Â°K V:1.6009e-02V I:5.8794e-03A R:2.7228e+00ğ›€ E:2.5013e-01V/cm J:5.3939e-02A/cm2 ğ›’:4.6373e+00ğ›€ cm
2023-05-19 17:40:12,273 INFO Measurement at current 0.006532663316582915
2023-05-19 17:40:12,868 INFO T:254.49Â°K V:1.7785e-02V I:6.5327e-03A R:2.7225e+00ğ›€ E:2.7790e-01V/cm J:5.9933e-02A/cm2 ğ›’:4.6368e+00ğ›€ cm
2023-05-19 17:40:12,892 INFO Measurement at current 0.007185929648241206
2023-05-19 17:40:13,484 INFO T:254.51Â°K V:1.9564e-02V I:7.1859e-03A R:2.7226e+00ğ›€ E:3.0569e-01V/cm J:6.5926e-02A/cm2 ğ›’:4.6368e+00ğ›€ cm
2023-05-19 17:40:13,506 INFO Measurement at current 0.007839195979899497
2023-05-19 17:40:14,111 INFO T:254.53Â°K V:2.1341e-02V I:7.8392e-03A R:2.7223e+00ğ›€ E:3.3345e-01V/cm J:7.1919e-02A/cm2 ğ›’:4.6365e+00ğ›€ cm
2023-05-19 17:40:14,128 INFO Measurement at current 0.00849246231155779
2023-05-19 17:40:14,742 INFO T:254.56Â°K V:2.3119e-02V I:8.4925e-03A R:2.7223e+00ğ›€ E:3.6124e-01V/cm J:7.7912e-02A/cm2 ğ›’:4.6365e+00ğ›€ cm
2023-05-19 17:40:14,759 INFO Measurement at current 0.00914572864321608
2023-05-19 17:40:15,349 INFO T:254.58Â°K V:2.4896e-02V I:9.1457e-03A R:2.7222e+00ğ›€ E:3.8900e-01V/cm J:8.3906e-02A/cm2 ğ›’:4.6362e+00ğ›€ cm
2023-05-19 17:40:15,365 INFO Measurement at current 0.009798994974874372
2023-05-19 17:40:15,952 INFO T:254.61Â°K V:2.6675e-02V I:9.7990e-03A R:2.7222e+00ğ›€ E:4.1679e-01V/cm J:8.9899e-02A/cm2 ğ›’:4.6362e+00ğ›€ cm
2023-05-19 17:40:15,976 INFO Measurement at current 0.010452261306532663
2023-05-19 17:40:16,578 INFO T:254.63Â°K V:2.8454e-02V I:1.0452e-02A R:2.7222e+00ğ›€ E:4.4459e-01V/cm J:9.5892e-02A/cm2 ğ›’:4.6363e+00ğ›€ cm
2023-05-19 17:40:16,602 INFO Measurement at current 0.011105527638190954
2023-05-19 17:40:17,203 INFO T:254.66Â°K V:3.0233e-02V I:1.1106e-02A R:2.7224e+00ğ›€ E:4.7240e-01V/cm J:1.0189e-01A/cm2 ğ›’:4.6366e+00ğ›€ cm
2023-05-19 17:40:17,219 INFO Measurement at current 0.011758793969849246
2023-05-19 17:40:17,805 INFO T:254.68Â°K V:3.2016e-02V I:1.1759e-02A R:2.7227e+00ğ›€ E:5.0025e-01V/cm J:1.0788e-01A/cm2 ğ›’:4.6371e+00ğ›€ cm
2023-05-19 17:40:17,823 INFO Measurement at current 0.012412060301507537
2023-05-19 17:40:18,418 INFO T:254.70Â°K V:3.3784e-02V I:1.2412e-02A R:2.7219e+00ğ›€ E:5.2788e-01V/cm J:1.1387e-01A/cm2 ğ›’:4.6357e+00ğ›€ cm
2023-05-19 17:40:18,435 INFO Measurement at current 0.01306532663316583
2023-05-19 17:40:19,030 INFO T:254.73Â°K V:3.5567e-02V I:1.3065e-02A R:2.7223e+00ğ›€ E:5.5574e-01V/cm J:1.1987e-01A/cm2 ğ›’:4.6363e+00ğ›€ cm
2023-05-19 17:40:19,054 INFO Measurement at current 0.01371859296482412
2023-05-19 17:40:19,656 INFO T:254.75Â°K V:3.7352e-02V I:1.3719e-02A R:2.7227e+00ğ›€ E:5.8362e-01V/cm J:1.2586e-01A/cm2 ğ›’:4.6371e+00ğ›€ cm
2023-05-19 17:40:19,673 INFO Measurement at current 0.014371859296482412
2023-05-19 17:40:20,281 INFO T:254.77Â°K V:3.9118e-02V I:1.4372e-02A R:2.7219e+00ğ›€ E:6.1122e-01V/cm J:1.3185e-01A/cm2 ğ›’:4.6357e+00ğ›€ cm
2023-05-19 17:40:20,317 INFO Measurement at current 0.015025125628140703
2023-05-19 17:40:20,907 INFO T:254.80Â°K V:4.0902e-02V I:1.5025e-02A R:2.7223e+00ğ›€ E:6.3910e-01V/cm J:1.3785e-01A/cm2 ğ›’:4.6364e+00ğ›€ cm
2023-05-19 17:40:20,946 INFO Measurement at current 0.015678391959798994
2023-05-19 17:40:21,532 INFO T:254.82Â°K V:4.2687e-02V I:1.5678e-02A R:2.7227e+00ğ›€ E:6.6699e-01V/cm J:1.4384e-01A/cm2 ğ›’:4.6370e+00ğ›€ cm
2023-05-19 17:40:21,553 INFO Measurement at current 0.016331658291457284
2023-05-19 17:40:22,157 INFO T:254.85Â°K V:4.4458e-02V I:1.6332e-02A R:2.7222e+00ğ›€ E:6.9466e-01V/cm J:1.4983e-01A/cm2 ğ›’:4.6362e+00ğ›€ cm
2023-05-19 17:40:22,180 INFO Measurement at current 0.01698492462311558
2023-05-19 17:40:22,780 INFO T:254.87Â°K V:4.6241e-02V I:1.6985e-02A R:2.7225e+00ğ›€ E:7.2252e-01V/cm J:1.5582e-01A/cm2 ğ›’:4.6367e+00ğ›€ cm
2023-05-19 17:40:22,804 INFO Measurement at current 0.01763819095477387
2023-05-19 17:40:23,390 INFO T:254.90Â°K V:4.8026e-02V I:1.7638e-02A R:2.7228e+00ğ›€ E:7.5040e-01V/cm J:1.6182e-01A/cm2 ğ›’:4.6373e+00ğ›€ cm
2023-05-19 17:40:23,406 INFO Measurement at current 0.01829145728643216
2023-05-19 17:40:23,993 INFO T:254.92Â°K V:4.9792e-02V I:1.8291e-02A R:2.7221e+00ğ›€ E:7.7800e-01V/cm J:1.6781e-01A/cm2 ğ›’:4.6362e+00ğ›€ cm
2023-05-19 17:40:24,010 INFO Measurement at current 0.01894472361809045
2023-05-19 17:40:24,594 INFO T:254.94Â°K V:5.1577e-02V I:1.8945e-02A R:2.7225e+00ğ›€ E:8.0589e-01V/cm J:1.7380e-01A/cm2 ğ›’:4.6368e+00ğ›€ cm
2023-05-19 17:40:24,612 INFO Measurement at current 0.019597989949748745
2023-05-19 17:40:25,205 INFO T:254.96Â°K V:5.3361e-02V I:1.9598e-02A R:2.7228e+00ğ›€ E:8.3377e-01V/cm J:1.7980e-01A/cm2 ğ›’:4.6373e+00ğ›€ cm
2023-05-19 17:40:25,229 INFO Measurement at current 0.020251256281407035
2023-05-19 17:40:25,840 INFO T:254.99Â°K V:5.5131e-02V I:2.0251e-02A R:2.7224e+00ğ›€ E:8.6143e-01V/cm J:1.8579e-01A/cm2 ğ›’:4.6365e+00ğ›€ cm
2023-05-19 17:40:25,858 INFO Measurement at current 0.020904522613065326
2023-05-19 17:40:26,454 INFO T:255.01Â°K V:5.6914e-02V I:2.0905e-02A R:2.7226e+00ğ›€ E:8.8928e-01V/cm J:1.9178e-01A/cm2 ğ›’:4.6369e+00ğ›€ cm
2023-05-19 17:40:26,471 INFO Measurement at current 0.021557788944723617
2023-05-19 17:40:27,056 INFO T:255.04Â°K V:5.8692e-02V I:2.1558e-02A R:2.7225e+00ğ›€ E:9.1706e-01V/cm J:1.9778e-01A/cm2 ğ›’:4.6368e+00ğ›€ cm
2023-05-19 17:40:27,075 INFO Measurement at current 0.022211055276381907
2023-05-19 17:40:27,671 INFO T:255.06Â°K V:6.0460e-02V I:2.2211e-02A R:2.7221e+00ğ›€ E:9.4469e-01V/cm J:2.0377e-01A/cm2 ğ›’:4.6361e+00ğ›€ cm
2023-05-19 17:40:27,693 INFO Measurement at current 0.0228643216080402
2023-05-19 17:40:28,296 INFO T:255.08Â°K V:6.2243e-02V I:2.2864e-02A R:2.7223e+00ğ›€ E:9.7254e-01V/cm J:2.0976e-01A/cm2 ğ›’:4.6364e+00ğ›€ cm
2023-05-19 17:40:28,316 INFO Measurement at current 0.023517587939698492
2023-05-19 17:40:28,932 INFO T:255.11Â°K V:6.4024e-02V I:2.3518e-02A R:2.7224e+00ğ›€ E:1.0004e+00V/cm J:2.1576e-01A/cm2 ğ›’:4.6365e+00ğ›€ cm
2023-05-19 17:40:28,957 INFO Measurement at current 0.024170854271356783
2023-05-19 17:40:29,569 INFO T:255.13Â°K V:6.5792e-02V I:2.4171e-02A R:2.7220e+00ğ›€ E:1.0280e+00V/cm J:2.2175e-01A/cm2 ğ›’:4.6359e+00ğ›€ cm
2023-05-19 17:40:29,592 INFO Measurement at current 0.024824120603015074
2023-05-19 17:40:30,190 INFO T:255.16Â°K V:6.7575e-02V I:2.4824e-02A R:2.7222e+00ğ›€ E:1.0559e+00V/cm J:2.2774e-01A/cm2 ğ›’:4.6362e+00ğ›€ cm
2023-05-19 17:40:30,215 INFO Measurement at current 0.025477386934673368
2023-05-19 17:40:30,815 INFO T:255.18Â°K V:6.9339e-02V I:2.5477e-02A R:2.7216e+00ğ›€ E:1.0834e+00V/cm J:2.3374e-01A/cm2 ğ›’:4.6352e+00ğ›€ cm
2023-05-19 17:40:30,837 INFO Measurement at current 0.02613065326633166
2023-05-19 17:40:31,438 INFO T:255.20Â°K V:7.1121e-02V I:2.6131e-02A R:2.7218e+00ğ›€ E:1.1113e+00V/cm J:2.3973e-01A/cm2 ğ›’:4.6355e+00ğ›€ cm
2023-05-19 17:40:31,453 INFO Measurement at current 0.02678391959798995
2023-05-19 17:40:32,047 INFO T:255.23Â°K V:7.2904e-02V I:2.6784e-02A R:2.7219e+00ğ›€ E:1.1391e+00V/cm J:2.4572e-01A/cm2 ğ›’:4.6358e+00ğ›€ cm
2023-05-19 17:40:32,066 INFO Measurement at current 0.02743718592964824
2023-05-19 17:40:32,654 INFO T:255.25Â°K V:7.4675e-02V I:2.7437e-02A R:2.7217e+00ğ›€ E:1.1668e+00V/cm J:2.5172e-01A/cm2 ğ›’:4.6353e+00ğ›€ cm
2023-05-19 17:40:32,673 INFO Measurement at current 0.02809045226130653
2023-05-19 17:40:33,288 INFO T:255.28Â°K V:7.6459e-02V I:2.8090e-02A R:2.7219e+00ğ›€ E:1.1947e+00V/cm J:2.5771e-01A/cm2 ğ›’:4.6357e+00ğ›€ cm
2023-05-19 17:40:33,305 INFO Measurement at current 0.028743718592964825
2023-05-19 17:40:33,898 INFO T:255.30Â°K V:7.8239e-02V I:2.8744e-02A R:2.7219e+00ğ›€ E:1.2225e+00V/cm J:2.6370e-01A/cm2 ğ›’:4.6358e+00ğ›€ cm
2023-05-19 17:40:33,922 INFO Measurement at current 0.029396984924623115
2023-05-19 17:40:34,522 INFO T:255.32Â°K V:8.0010e-02V I:2.9397e-02A R:2.7217e+00ğ›€ E:1.2502e+00V/cm J:2.6970e-01A/cm2 ğ›’:4.6354e+00ğ›€ cm
2023-05-19 17:40:34,548 INFO Measurement at current 0.030050251256281406
2023-05-19 17:40:35,134 INFO T:255.35Â°K V:8.1795e-02V I:3.0050e-02A R:2.7219e+00ğ›€ E:1.2780e+00V/cm J:2.7569e-01A/cm2 ğ›’:4.6358e+00ğ›€ cm
2023-05-19 17:40:35,150 INFO Measurement at current 0.030703517587939697
2023-05-19 17:40:35,738 INFO T:255.37Â°K V:8.3579e-02V I:3.0704e-02A R:2.7221e+00ğ›€ E:1.3059e+00V/cm J:2.8168e-01A/cm2 ğ›’:4.6361e+00ğ›€ cm
2023-05-19 17:40:35,754 INFO Measurement at current 0.03135678391959799
2023-05-19 17:40:36,342 INFO T:255.39Â°K V:8.5349e-02V I:3.1357e-02A R:2.7219e+00ğ›€ E:1.3336e+00V/cm J:2.8768e-01A/cm2 ğ›’:4.6357e+00ğ›€ cm
2023-05-19 17:40:36,360 INFO Measurement at current 0.03201005025125628
2023-05-19 17:40:36,957 INFO T:255.42Â°K V:8.7129e-02V I:3.2010e-02A R:2.7219e+00ğ›€ E:1.3614e+00V/cm J:2.9367e-01A/cm2 ğ›’:4.6358e+00ğ›€ cm
2023-05-19 17:40:36,982 INFO Measurement at current 0.03266331658291457
2023-05-19 17:40:37,588 INFO T:255.44Â°K V:8.8913e-02V I:3.2663e-02A R:2.7221e+00ğ›€ E:1.3893e+00V/cm J:2.9966e-01A/cm2 ğ›’:4.6361e+00ğ›€ cm
2023-05-19 17:40:37,609 INFO Measurement at current 0.033316582914572866
2023-05-19 17:40:38,203 INFO T:255.46Â°K V:9.0684e-02V I:3.3317e-02A R:2.7219e+00ğ›€ E:1.4169e+00V/cm J:3.0566e-01A/cm2 ğ›’:4.6357e+00ğ›€ cm
2023-05-19 17:40:38,220 INFO Measurement at current 0.03396984924623116
2023-05-19 17:40:38,808 INFO T:255.49Â°K V:9.2468e-02V I:3.3970e-02A R:2.7221e+00ğ›€ E:1.4448e+00V/cm J:3.1165e-01A/cm2 ğ›’:4.6360e+00ğ›€ cm
2023-05-19 17:40:38,842 INFO Measurement at current 0.03462311557788945
2023-05-19 17:40:39,441 INFO T:255.51Â°K V:9.4251e-02V I:3.4623e-02A R:2.7222e+00ğ›€ E:1.4727e+00V/cm J:3.1764e-01A/cm2 ğ›’:4.6362e+00ğ›€ cm
2023-05-19 17:40:39,458 INFO Measurement at current 0.03527638190954774
2023-05-19 17:40:40,069 INFO T:255.53Â°K V:9.6019e-02V I:3.5276e-02A R:2.7219e+00ğ›€ E:1.5003e+00V/cm J:3.2364e-01A/cm2 ğ›’:4.6358e+00ğ›€ cm
2023-05-19 17:40:40,102 INFO Measurement at current 0.03592964824120603
2023-05-19 17:40:40,703 INFO T:255.56Â°K V:9.7797e-02V I:3.5930e-02A R:2.7219e+00ğ›€ E:1.5281e+00V/cm J:3.2963e-01A/cm2 ğ›’:4.6358e+00ğ›€ cm
2023-05-19 17:40:40,735 INFO Measurement at current 0.03658291457286432
2023-05-19 17:40:41,326 INFO T:255.58Â°K V:9.9580e-02V I:3.6583e-02A R:2.7220e+00ğ›€ E:1.5559e+00V/cm J:3.3562e-01A/cm2 ğ›’:4.6360e+00ğ›€ cm
2023-05-19 17:40:41,342 INFO Measurement at current 0.03723618090452261
2023-05-19 17:40:41,960 INFO T:255.60Â°K V:1.0135e-01V I:3.7236e-02A R:2.7218e+00ğ›€ E:1.5836e+00V/cm J:3.4162e-01A/cm2 ğ›’:4.6355e+00ğ›€ cm
2023-05-19 17:40:41,993 INFO Measurement at current 0.0378894472361809
2023-05-19 17:40:42,597 INFO T:255.63Â°K V:1.0313e-01V I:3.7889e-02A R:2.7219e+00ğ›€ E:1.6114e+00V/cm J:3.4761e-01A/cm2 ğ›’:4.6357e+00ğ›€ cm
2023-05-19 17:40:42,620 INFO Measurement at current 0.03854271356783919
2023-05-19 17:40:43,218 INFO T:255.65Â°K V:1.0491e-01V I:3.8543e-02A R:2.7220e+00ğ›€ E:1.6393e+00V/cm J:3.5360e-01A/cm2 ğ›’:4.6359e+00ğ›€ cm
2023-05-19 17:40:43,235 INFO Measurement at current 0.03919597989949749
2023-05-19 17:40:43,835 INFO T:255.68Â°K V:1.0668e-01V I:3.9196e-02A R:2.7216e+00ğ›€ E:1.6668e+00V/cm J:3.5960e-01A/cm2 ğ›’:4.6353e+00ğ›€ cm
2023-05-19 17:40:43,857 INFO Measurement at current 0.03984924623115578
2023-05-19 17:40:44,468 INFO T:255.70Â°K V:1.0846e-01V I:3.9849e-02A R:2.7218e+00ğ›€ E:1.6947e+00V/cm J:3.6559e-01A/cm2 ğ›’:4.6355e+00ğ›€ cm
2023-05-19 17:40:44,487 INFO Measurement at current 0.04050251256281407
2023-05-19 17:40:45,084 INFO T:255.72Â°K V:1.1024e-01V I:4.0503e-02A R:2.7219e+00ğ›€ E:1.7225e+00V/cm J:3.7158e-01A/cm2 ğ›’:4.6357e+00ğ›€ cm
2023-05-19 17:40:45,108 INFO Measurement at current 0.04115577889447236
2023-05-19 17:40:45,699 INFO T:255.75Â°K V:1.1201e-01V I:4.1156e-02A R:2.7217e+00ğ›€ E:1.7502e+00V/cm J:3.7758e-01A/cm2 ğ›’:4.6354e+00ğ›€ cm
2023-05-19 17:40:45,722 INFO Measurement at current 0.04180904522613065
2023-05-19 17:40:46,356 INFO T:255.77Â°K V:1.1380e-01V I:4.1809e-02A R:2.7219e+00ğ›€ E:1.7781e+00V/cm J:3.8357e-01A/cm2 ğ›’:4.6357e+00ğ›€ cm
2023-05-19 17:40:46,397 INFO Measurement at current 0.04246231155778894
2023-05-19 17:40:46,983 INFO T:255.79Â°K V:1.1557e-01V I:4.2462e-02A R:2.7216e+00ğ›€ E:1.8057e+00V/cm J:3.8956e-01A/cm2 ğ›’:4.6353e+00ğ›€ cm
2023-05-19 17:40:47,000 INFO Measurement at current 0.04311557788944723
2023-05-19 17:40:47,589 INFO T:255.82Â°K V:1.1735e-01V I:4.3116e-02A R:2.7218e+00ğ›€ E:1.8336e+00V/cm J:3.9556e-01A/cm2 ğ›’:4.6356e+00ğ›€ cm
2023-05-19 17:40:47,624 INFO Measurement at current 0.043768844221105524
2023-05-19 17:40:48,214 INFO T:255.84Â°K V:1.1914e-01V I:4.3769e-02A R:2.7219e+00ğ›€ E:1.8615e+00V/cm J:4.0155e-01A/cm2 ğ›’:4.6358e+00ğ›€ cm
2023-05-19 17:40:48,231 INFO Measurement at current 0.044422110552763815
2023-05-19 17:40:49,555 INFO T:255.89Â°K V:1.2091e-01V I:4.4422e-02A R:2.7218e+00ğ›€ E:1.8892e+00V/cm J:4.0754e-01A/cm2 ğ›’:4.6356e+00ğ›€ cm
2023-05-19 17:40:49,571 INFO Measurement at current 0.04507537688442211
2023-05-19 17:40:50,157 INFO T:255.91Â°K V:1.2269e-01V I:4.5075e-02A R:2.7220e+00ğ›€ E:1.9171e+00V/cm J:4.1354e-01A/cm2 ğ›’:4.6358e+00ğ›€ cm
2023-05-19 17:40:50,177 INFO Measurement at current 0.0457286432160804
2023-05-19 17:40:50,761 INFO T:255.94Â°K V:1.2448e-01V I:4.5729e-02A R:2.7221e+00ğ›€ E:1.9450e+00V/cm J:4.1953e-01A/cm2 ğ›’:4.6361e+00ğ›€ cm
2023-05-19 17:40:50,781 INFO Measurement at current 0.046381909547738694
2023-05-19 17:40:51,372 INFO T:255.96Â°K V:1.2624e-01V I:4.6382e-02A R:2.7218e+00ğ›€ E:1.9726e+00V/cm J:4.2552e-01A/cm2 ğ›’:4.6356e+00ğ›€ cm
2023-05-19 17:40:51,395 INFO Measurement at current 0.047035175879396984
2023-05-19 17:40:51,996 INFO T:255.98Â°K V:1.2803e-01V I:4.7035e-02A R:2.7220e+00ğ›€ E:2.0005e+00V/cm J:4.3152e-01A/cm2 ğ›’:4.6359e+00ğ›€ cm
2023-05-19 17:40:52,026 INFO Measurement at current 0.047688442211055275
2023-05-19 17:40:52,624 INFO T:256.01Â°K V:1.2981e-01V I:4.7688e-02A R:2.7221e+00ğ›€ E:2.0283e+00V/cm J:4.3751e-01A/cm2 ğ›’:4.6361e+00ğ›€ cm
2023-05-19 17:40:52,652 INFO Measurement at current 0.048341708542713566
2023-05-19 17:40:53,268 INFO T:256.03Â°K V:1.3158e-01V I:4.8342e-02A R:2.7219e+00ğ›€ E:2.0560e+00V/cm J:4.4350e-01A/cm2 ğ›’:4.6358e+00ğ›€ cm
2023-05-19 17:40:53,296 INFO Measurement at current 0.048994974874371856
2023-05-19 17:40:53,881 INFO T:256.05Â°K V:1.3337e-01V I:4.8995e-02A R:2.7220e+00ğ›€ E:2.0838e+00V/cm J:4.4950e-01A/cm2 ğ›’:4.6360e+00ğ›€ cm
2023-05-19 17:40:53,897 INFO Measurement at current 0.04964824120603015
2023-05-19 17:40:54,490 INFO T:256.08Â°K V:1.3515e-01V I:4.9648e-02A R:2.7221e+00ğ›€ E:2.1116e+00V/cm J:4.5549e-01A/cm2 ğ›’:4.6360e+00ğ›€ cm
2023-05-19 17:40:54,513 INFO Measurement at current 0.05030150753768844
2023-05-19 17:40:55,128 INFO T:256.10Â°K V:1.3692e-01V I:5.0302e-02A R:2.7219e+00ğ›€ E:2.1393e+00V/cm J:4.6148e-01A/cm2 ğ›’:4.6357e+00ğ›€ cm
2023-05-19 17:40:55,169 INFO Measurement at current 0.050954773869346735
2023-05-19 17:40:55,773 INFO T:256.12Â°K V:1.3870e-01V I:5.0955e-02A R:2.7220e+00ğ›€ E:2.1671e+00V/cm J:4.6747e-01A/cm2 ğ›’:4.6359e+00ğ›€ cm
2023-05-19 17:40:55,838 INFO Measurement at current 0.051608040201005026
2023-05-19 17:40:56,449 INFO T:256.15Â°K V:1.4048e-01V I:5.1608e-02A R:2.7221e+00ğ›€ E:2.1950e+00V/cm J:4.7347e-01A/cm2 ğ›’:4.6360e+00ğ›€ cm
2023-05-19 17:40:56,470 INFO Measurement at current 0.05226130653266332
2023-05-19 17:40:57,054 INFO T:256.17Â°K V:1.4225e-01V I:5.2261e-02A R:2.7219e+00ğ›€ E:2.2227e+00V/cm J:4.7946e-01A/cm2 ğ›’:4.6357e+00ğ›€ cm
2023-05-19 17:40:57,077 INFO Measurement at current 0.05291457286432161
2023-05-19 17:40:57,671 INFO T:256.19Â°K V:1.4403e-01V I:5.2915e-02A R:2.7220e+00ğ›€ E:2.2505e+00V/cm J:4.8545e-01A/cm2 ğ›’:4.6359e+00ğ›€ cm
2023-05-19 17:40:57,696 INFO Measurement at current 0.0535678391959799
2023-05-19 17:40:58,324 INFO T:256.22Â°K V:1.4581e-01V I:5.3568e-02A R:2.7220e+00ğ›€ E:2.2783e+00V/cm J:4.9145e-01A/cm2 ğ›’:4.6359e+00ğ›€ cm
2023-05-19 17:40:58,347 INFO Measurement at current 0.05422110552763819
2023-05-19 17:40:58,953 INFO T:256.24Â°K V:1.4758e-01V I:5.4221e-02A R:2.7219e+00ğ›€ E:2.3060e+00V/cm J:4.9744e-01A/cm2 ğ›’:4.6357e+00ğ›€ cm
2023-05-19 17:40:58,969 INFO Measurement at current 0.05487437185929648
2023-05-19 17:40:59,560 INFO T:256.26Â°K V:1.4937e-01V I:5.4874e-02A R:2.7220e+00ğ›€ E:2.3339e+00V/cm J:5.0343e-01A/cm2 ğ›’:4.6359e+00ğ›€ cm
2023-05-19 17:40:59,582 INFO Measurement at current 0.05552763819095477
2023-05-19 17:41:00,185 INFO T:256.29Â°K V:1.5116e-01V I:5.5528e-02A R:2.7222e+00ğ›€ E:2.3618e+00V/cm J:5.0943e-01A/cm2 ğ›’:4.6362e+00ğ›€ cm
2023-05-19 17:41:00,207 INFO Measurement at current 0.05618090452261306
2023-05-19 17:41:00,814 INFO T:256.31Â°K V:1.5293e-01V I:5.6181e-02A R:2.7220e+00ğ›€ E:2.3895e+00V/cm J:5.1542e-01A/cm2 ğ›’:4.6360e+00ğ›€ cm
2023-05-19 17:41:00,842 INFO Measurement at current 0.05683417085427136
2023-05-19 17:41:01,460 INFO T:256.33Â°K V:1.5471e-01V I:5.6834e-02A R:2.7221e+00ğ›€ E:2.4173e+00V/cm J:5.2141e-01A/cm2 ğ›’:4.6361e+00ğ›€ cm
2023-05-19 17:41:01,485 INFO Measurement at current 0.05748743718592965
2023-05-19 17:41:02,077 INFO T:256.36Â°K V:1.5648e-01V I:5.7487e-02A R:2.7220e+00ğ›€ E:2.4450e+00V/cm J:5.2741e-01A/cm2 ğ›’:4.6359e+00ğ›€ cm
2023-05-19 17:41:02,099 INFO Measurement at current 0.05814070351758794
2023-05-19 17:41:02,688 INFO T:256.38Â°K V:1.5827e-01V I:5.8141e-02A R:2.7221e+00ğ›€ E:2.4729e+00V/cm J:5.3340e-01A/cm2 ğ›’:4.6361e+00ğ›€ cm
2023-05-19 17:41:02,703 INFO Measurement at current 0.05879396984924623
2023-05-19 17:41:03,286 INFO T:256.40Â°K V:1.6005e-01V I:5.8794e-02A R:2.7222e+00ğ›€ E:2.5008e+00V/cm J:5.3939e-01A/cm2 ğ›’:4.6363e+00ğ›€ cm
2023-05-19 17:41:03,304 INFO Measurement at current 0.05944723618090452
2023-05-19 17:41:03,905 INFO T:256.43Â°K V:1.6182e-01V I:5.9447e-02A R:2.7221e+00ğ›€ E:2.5285e+00V/cm J:5.4539e-01A/cm2 ğ›’:4.6361e+00ğ›€ cm
2023-05-19 17:41:03,932 INFO Measurement at current 0.06010050251256281
2023-05-19 17:41:04,533 INFO T:256.45Â°K V:1.6360e-01V I:6.0101e-02A R:2.7222e+00ğ›€ E:2.5563e+00V/cm J:5.5138e-01A/cm2 ğ›’:4.6362e+00ğ›€ cm
2023-05-19 17:41:04,570 INFO Measurement at current 0.0607537688442211
2023-05-19 17:41:05,161 INFO T:256.47Â°K V:1.6539e-01V I:6.0754e-02A R:2.7223e+00ğ›€ E:2.5842e+00V/cm J:5.5737e-01A/cm2 ğ›’:4.6364e+00ğ›€ cm
2023-05-19 17:41:05,184 INFO Measurement at current 0.06140703517587939
2023-05-19 17:41:05,768 INFO T:256.49Â°K V:1.6716e-01V I:6.1407e-02A R:2.7222e+00ğ›€ E:2.6119e+00V/cm J:5.6337e-01A/cm2 ğ›’:4.6362e+00ğ›€ cm
2023-05-19 17:41:05,784 INFO Measurement at current 0.062060301507537684
2023-05-19 17:41:06,373 INFO T:256.52Â°K V:1.6894e-01V I:6.2060e-02A R:2.7223e+00ğ›€ E:2.6397e+00V/cm J:5.6936e-01A/cm2 ğ›’:4.6363e+00ğ›€ cm
2023-05-19 17:41:06,394 INFO Measurement at current 0.06271356783919597
2023-05-19 17:41:06,979 INFO T:256.54Â°K V:1.7073e-01V I:6.2714e-02A R:2.7223e+00ğ›€ E:2.6676e+00V/cm J:5.7535e-01A/cm2 ğ›’:4.6365e+00ğ›€ cm
2023-05-19 17:41:07,012 INFO Measurement at current 0.06336683417085427
2023-05-19 17:41:07,623 INFO T:256.56Â°K V:1.7250e-01V I:6.3367e-02A R:2.7222e+00ğ›€ E:2.6953e+00V/cm J:5.8135e-01A/cm2 ğ›’:4.6363e+00ğ›€ cm
2023-05-19 17:41:07,647 INFO Measurement at current 0.06402010050251256
2023-05-19 17:41:08,239 INFO T:256.59Â°K V:1.7428e-01V I:6.4020e-02A R:2.7222e+00ğ›€ E:2.7231e+00V/cm J:5.8734e-01A/cm2 ğ›’:4.6363e+00ğ›€ cm
2023-05-19 17:41:08,256 INFO Measurement at current 0.06467336683417085
2023-05-19 17:41:08,843 INFO T:256.61Â°K V:1.7606e-01V I:6.4673e-02A R:2.7223e+00ğ›€ E:2.7509e+00V/cm J:5.9333e-01A/cm2 ğ›’:4.6364e+00ğ›€ cm
2023-05-19 17:41:08,865 INFO Measurement at current 0.06532663316582914
2023-05-19 17:41:09,457 INFO T:256.63Â°K V:1.7783e-01V I:6.5327e-02A R:2.7222e+00ğ›€ E:2.7786e+00V/cm J:5.9933e-01A/cm2 ğ›’:4.6362e+00ğ›€ cm
2023-05-19 17:41:09,476 INFO Measurement at current 0.06597989949748743
2023-05-19 17:41:10,079 INFO T:256.65Â°K V:1.7961e-01V I:6.5980e-02A R:2.7223e+00ğ›€ E:2.8065e+00V/cm J:6.0532e-01A/cm2 ğ›’:4.6363e+00ğ›€ cm
2023-05-19 17:41:10,100 INFO Measurement at current 0.06663316582914573
2023-05-19 17:41:10,687 INFO T:256.68Â°K V:1.8140e-01V I:6.6633e-02A R:2.7223e+00ğ›€ E:2.8343e+00V/cm J:6.1131e-01A/cm2 ğ›’:4.6365e+00ğ›€ cm
2023-05-19 17:41:10,733 INFO Measurement at current 0.06728643216080402
2023-05-19 17:41:11,330 INFO T:256.70Â°K V:1.8316e-01V I:6.7286e-02A R:2.7222e+00ğ›€ E:2.8619e+00V/cm J:6.1731e-01A/cm2 ğ›’:4.6362e+00ğ›€ cm
2023-05-19 17:41:11,357 INFO Measurement at current 0.06793969849246231
2023-05-19 17:41:11,969 INFO T:256.72Â°K V:1.8495e-01V I:6.7940e-02A R:2.7223e+00ğ›€ E:2.8898e+00V/cm J:6.2330e-01A/cm2 ğ›’:4.6364e+00ğ›€ cm
2023-05-19 17:41:11,987 INFO Measurement at current 0.0685929648241206
2023-05-19 17:41:12,603 INFO T:256.75Â°K V:1.8674e-01V I:6.8593e-02A R:2.7224e+00ğ›€ E:2.9177e+00V/cm J:6.2929e-01A/cm2 ğ›’:4.6365e+00ğ›€ cm
2023-05-19 17:41:12,640 INFO Measurement at current 0.0692462311557789
2023-05-19 17:41:13,227 INFO T:256.77Â°K V:1.8851e-01V I:6.9246e-02A R:2.7223e+00ğ›€ E:2.9454e+00V/cm J:6.3529e-01A/cm2 ğ›’:4.6364e+00ğ›€ cm
2023-05-19 17:41:13,242 INFO Measurement at current 0.06989949748743718
2023-05-19 17:41:13,846 INFO T:256.79Â°K V:1.9029e-01V I:6.9899e-02A R:2.7224e+00ğ›€ E:2.9734e+00V/cm J:6.4128e-01A/cm2 ğ›’:4.6366e+00ğ›€ cm
2023-05-19 17:41:13,868 INFO Measurement at current 0.07055276381909548
2023-05-19 17:41:14,478 INFO T:256.81Â°K V:1.9208e-01V I:7.0553e-02A R:2.7225e+00ğ›€ E:3.0013e+00V/cm J:6.4727e-01A/cm2 ğ›’:4.6368e+00ğ›€ cm
2023-05-19 17:41:14,497 INFO Measurement at current 0.07120603015075376
2023-05-19 17:41:15,099 INFO T:256.84Â°K V:1.9385e-01V I:7.1206e-02A R:2.7224e+00ğ›€ E:3.0289e+00V/cm J:6.5327e-01A/cm2 ğ›’:4.6365e+00ğ›€ cm
2023-05-19 17:41:15,115 INFO Measurement at current 0.07185929648241206
2023-05-19 17:41:15,720 INFO T:256.86Â°K V:1.9564e-01V I:7.1859e-02A R:2.7225e+00ğ›€ E:3.0568e+00V/cm J:6.5926e-01A/cm2 ğ›’:4.6367e+00ğ›€ cm
2023-05-19 17:41:15,747 INFO Measurement at current 0.07251256281407036
2023-05-19 17:41:16,336 INFO T:256.88Â°K V:1.9742e-01V I:7.2513e-02A R:2.7226e+00ğ›€ E:3.0847e+00V/cm J:6.6525e-01A/cm2 ğ›’:4.6369e+00ğ›€ cm
2023-05-19 17:41:16,351 INFO Measurement at current 0.07316582914572864
2023-05-19 17:41:16,935 INFO T:256.90Â°K V:1.9920e-01V I:7.3166e-02A R:2.7225e+00ğ›€ E:3.1124e+00V/cm J:6.7125e-01A/cm2 ğ›’:4.6368e+00ğ›€ cm
2023-05-19 17:41:16,950 INFO Measurement at current 0.07381909547738694
2023-05-19 17:41:17,539 INFO T:256.93Â°K V:2.0098e-01V I:7.3819e-02A R:2.7226e+00ğ›€ E:3.1403e+00V/cm J:6.7724e-01A/cm2 ğ›’:4.6370e+00ğ›€ cm
2023-05-19 17:41:17,558 INFO Measurement at current 0.07447236180904522
2023-05-19 17:41:18,161 INFO T:256.95Â°K V:2.0275e-01V I:7.4472e-02A R:2.7225e+00ğ›€ E:3.1680e+00V/cm J:6.8323e-01A/cm2 ğ›’:4.6367e+00ğ›€ cm
2023-05-19 17:41:18,196 INFO Measurement at current 0.07512562814070352
2023-05-19 17:41:18,802 INFO T:256.97Â°K V:2.0453e-01V I:7.5126e-02A R:2.7226e+00ğ›€ E:3.1958e+00V/cm J:6.8923e-01A/cm2 ğ›’:4.6369e+00ğ›€ cm
2023-05-19 17:41:18,848 INFO Measurement at current 0.0757788944723618
2023-05-19 17:41:19,484 INFO T:257.00Â°K V:2.0632e-01V I:7.5779e-02A R:2.7226e+00ğ›€ E:3.2237e+00V/cm J:6.9522e-01A/cm2 ğ›’:4.6370e+00ğ›€ cm
2023-05-19 17:41:19,501 INFO Measurement at current 0.0764321608040201
2023-05-19 17:41:20,100 INFO T:257.02Â°K V:2.0809e-01V I:7.6432e-02A R:2.7225e+00ğ›€ E:3.2514e+00V/cm J:7.0121e-01A/cm2 ğ›’:4.6368e+00ğ›€ cm
2023-05-19 17:41:20,126 INFO Measurement at current 0.07708542713567838
2023-05-19 17:41:20,741 INFO T:257.04Â°K V:2.0988e-01V I:7.7085e-02A R:2.7226e+00ğ›€ E:3.2793e+00V/cm J:7.0721e-01A/cm2 ğ›’:4.6370e+00ğ›€ cm
2023-05-19 17:41:20,769 INFO Measurement at current 0.07773869346733668
2023-05-19 17:41:21,367 INFO T:257.07Â°K V:2.1165e-01V I:7.7739e-02A R:2.7226e+00ğ›€ E:3.3071e+00V/cm J:7.1320e-01A/cm2 ğ›’:4.6370e+00ğ›€ cm
2023-05-19 17:41:21,386 INFO Measurement at current 0.07839195979899498
2023-05-19 17:41:21,986 INFO T:257.09Â°K V:2.1343e-01V I:7.8392e-02A R:2.7225e+00ğ›€ E:3.3348e+00V/cm J:7.1919e-01A/cm2 ğ›’:4.6368e+00ğ›€ cm
2023-05-19 17:41:22,013 INFO Measurement at current 0.07904522613065326
2023-05-19 17:41:22,607 INFO T:257.11Â°K V:2.1521e-01V I:7.9045e-02A R:2.7226e+00ğ›€ E:3.3627e+00V/cm J:7.2519e-01A/cm2 ğ›’:4.6370e+00ğ›€ cm
2023-05-19 17:41:22,622 INFO Measurement at current 0.07969849246231156
2023-05-19 17:41:23,202 INFO T:257.13Â°K V:2.1700e-01V I:7.9698e-02A R:2.7227e+00ğ›€ E:3.3906e+00V/cm J:7.3118e-01A/cm2 ğ›’:4.6371e+00ğ›€ cm
2023-05-19 17:41:23,220 INFO Measurement at current 0.08035175879396984
2023-05-19 17:41:23,807 INFO T:257.15Â°K V:2.1877e-01V I:8.0352e-02A R:2.7226e+00ğ›€ E:3.4182e+00V/cm J:7.3717e-01A/cm2 ğ›’:4.6370e+00ğ›€ cm
2023-05-19 17:41:23,822 INFO Measurement at current 0.08100502512562814
2023-05-19 17:41:24,403 INFO T:257.18Â°K V:2.2055e-01V I:8.1005e-02A R:2.7227e+00ğ›€ E:3.4461e+00V/cm J:7.4317e-01A/cm2 ğ›’:4.6371e+00ğ›€ cm
2023-05-19 17:41:24,419 INFO Measurement at current 0.08165829145728642
2023-05-19 17:41:25,005 INFO T:257.20Â°K V:2.2234e-01V I:8.1658e-02A R:2.7228e+00ğ›€ E:3.4740e+00V/cm J:7.4916e-01A/cm2 ğ›’:4.6372e+00ğ›€ cm
2023-05-19 17:41:25,021 INFO Measurement at current 0.08231155778894472
2023-05-19 17:41:25,608 INFO T:257.22Â°K V:2.2411e-01V I:8.2312e-02A R:2.7227e+00ğ›€ E:3.5017e+00V/cm J:7.5515e-01A/cm2 ğ›’:4.6371e+00ğ›€ cm
2023-05-19 17:41:25,626 INFO Measurement at current 0.082964824120603
2023-05-19 17:41:26,213 INFO T:257.24Â°K V:2.2590e-01V I:8.2965e-02A R:2.7228e+00ğ›€ E:3.5297e+00V/cm J:7.6115e-01A/cm2 ğ›’:4.6373e+00ğ›€ cm
2023-05-19 17:41:26,226 INFO Measurement at current 0.0836180904522613
2023-05-19 17:41:26,806 INFO T:257.26Â°K V:2.2769e-01V I:8.3618e-02A R:2.7229e+00ğ›€ E:3.5576e+00V/cm J:7.6714e-01A/cm2 ğ›’:4.6375e+00ğ›€ cm
2023-05-19 17:41:26,823 INFO Measurement at current 0.0842713567839196
2023-05-19 17:41:27,411 INFO T:257.28Â°K V:2.2946e-01V I:8.4271e-02A R:2.7229e+00ğ›€ E:3.5853e+00V/cm J:7.7313e-01A/cm2 ğ›’:4.6374e+00ğ›€ cm
2023-05-19 17:41:27,439 INFO Measurement at current 0.08492462311557789
2023-05-19 17:41:28,050 INFO T:257.31Â°K V:2.3124e-01V I:8.4925e-02A R:2.7229e+00ğ›€ E:3.6132e+00V/cm J:7.7912e-01A/cm2 ğ›’:4.6375e+00ğ›€ cm
2023-05-19 17:41:28,075 INFO Measurement at current 0.08557788944723618
2023-05-19 17:41:28,679 INFO T:257.33Â°K V:2.3303e-01V I:8.5578e-02A R:2.7230e+00ğ›€ E:3.6411e+00V/cm J:7.8512e-01A/cm2 ğ›’:4.6377e+00ğ›€ cm
2023-05-19 17:41:28,717 INFO Measurement at current 0.08623115577889447
2023-05-19 17:41:29,315 INFO T:257.35Â°K V:2.3481e-01V I:8.6231e-02A R:2.7230e+00ğ›€ E:3.6689e+00V/cm J:7.9111e-01A/cm2 ğ›’:4.6376e+00ğ›€ cm
2023-05-19 17:41:29,331 INFO Measurement at current 0.08688442211055276
2023-05-19 17:41:29,916 INFO T:257.37Â°K V:2.3660e-01V I:8.6884e-02A R:2.7231e+00ğ›€ E:3.6968e+00V/cm J:7.9710e-01A/cm2 ğ›’:4.6378e+00ğ›€ cm
2023-05-19 17:41:29,933 INFO Measurement at current 0.08753768844221105
2023-05-19 17:41:30,518 INFO T:257.40Â°K V:2.3838e-01V I:8.7538e-02A R:2.7232e+00ğ›€ E:3.7248e+00V/cm J:8.0310e-01A/cm2 ğ›’:4.6380e+00ğ›€ cm
2023-05-19 17:41:30,541 INFO Measurement at current 0.08819095477386935
2023-05-19 17:41:31,126 INFO T:257.42Â°K V:2.4016e-01V I:8.8191e-02A R:2.7232e+00ğ›€ E:3.7525e+00V/cm J:8.0909e-01A/cm2 ğ›’:4.6379e+00ğ›€ cm
2023-05-19 17:41:31,146 INFO Measurement at current 0.08884422110552763
2023-05-19 17:41:31,729 INFO T:257.44Â°K V:2.4194e-01V I:8.8844e-02A R:2.7232e+00ğ›€ E:3.7803e+00V/cm J:8.1508e-01A/cm2 ğ›’:4.6380e+00ğ›€ cm
2023-05-19 17:41:31,748 INFO Measurement at current 0.08949748743718593
2023-05-19 17:41:32,333 INFO T:257.46Â°K V:2.4371e-01V I:8.9497e-02A R:2.7231e+00ğ›€ E:3.8080e+00V/cm J:8.2108e-01A/cm2 ğ›’:4.6378e+00ğ›€ cm
2023-05-19 17:41:32,350 INFO Measurement at current 0.09015075376884422
2023-05-19 17:41:32,933 INFO T:257.48Â°K V:2.4550e-01V I:9.0151e-02A R:2.7232e+00ğ›€ E:3.8360e+00V/cm J:8.2707e-01A/cm2 ğ›’:4.6380e+00ğ›€ cm
2023-05-19 17:41:32,960 INFO Measurement at current 0.09080402010050251
2023-05-19 17:41:33,556 INFO T:257.51Â°K V:2.4729e-01V I:9.0804e-02A R:2.7233e+00ğ›€ E:3.8639e+00V/cm J:8.3306e-01A/cm2 ğ›’:4.6381e+00ğ›€ cm
2023-05-19 17:41:33,583 INFO Measurement at current 0.0914572864321608
2023-05-19 17:41:34,177 INFO T:257.53Â°K V:2.4906e-01V I:9.1457e-02A R:2.7232e+00ğ›€ E:3.8916e+00V/cm J:8.3906e-01A/cm2 ğ›’:4.6380e+00ğ›€ cm
2023-05-19 17:41:34,207 INFO Measurement at current 0.09211055276381909
2023-05-19 17:41:34,800 INFO T:257.55Â°K V:2.5084e-01V I:9.2111e-02A R:2.7233e+00ğ›€ E:3.9194e+00V/cm J:8.4505e-01A/cm2 ğ›’:4.6381e+00ğ›€ cm
2023-05-19 17:41:34,817 INFO Measurement at current 0.09276381909547739
2023-05-19 17:41:35,422 INFO T:257.57Â°K V:2.5263e-01V I:9.2764e-02A R:2.7234e+00ğ›€ E:3.9474e+00V/cm J:8.5104e-01A/cm2 ğ›’:4.6383e+00ğ›€ cm
2023-05-19 17:41:35,454 INFO Measurement at current 0.09341708542713567
2023-05-19 17:41:36,035 INFO T:257.60Â°K V:2.5440e-01V I:9.3417e-02A R:2.7233e+00ğ›€ E:3.9751e+00V/cm J:8.5704e-01A/cm2 ğ›’:4.6382e+00ğ›€ cm
2023-05-19 17:41:36,054 INFO Measurement at current 0.09407035175879397
2023-05-19 17:41:36,639 INFO T:257.62Â°K V:2.5619e-01V I:9.4070e-02A R:2.7234e+00ğ›€ E:4.0030e+00V/cm J:8.6303e-01A/cm2 ğ›’:4.6383e+00ğ›€ cm
2023-05-19 17:41:36,656 INFO Measurement at current 0.09472361809045225
2023-05-19 17:41:37,242 INFO T:257.64Â°K V:2.5798e-01V I:9.4724e-02A R:2.7235e+00ğ›€ E:4.0310e+00V/cm J:8.6902e-01A/cm2 ğ›’:4.6385e+00ğ›€ cm
2023-05-19 17:41:37,258 INFO Measurement at current 0.09537688442211055
2023-05-19 17:41:37,846 INFO T:257.66Â°K V:2.5975e-01V I:9.5377e-02A R:2.7234e+00ğ›€ E:4.0586e+00V/cm J:8.7502e-01A/cm2 ğ›’:4.6384e+00ğ›€ cm
2023-05-19 17:41:37,861 INFO Measurement at current 0.09603015075376885
2023-05-19 17:41:38,475 INFO T:257.68Â°K V:2.6154e-01V I:9.6030e-02A R:2.7236e+00ğ›€ E:4.0866e+00V/cm J:8.8101e-01A/cm2 ğ›’:4.6386e+00ğ›€ cm
2023-05-19 17:41:38,495 INFO Measurement at current 0.09668341708542713
2023-05-19 17:41:39,116 INFO T:257.70Â°K V:2.6334e-01V I:9.6683e-02A R:2.7237e+00ğ›€ E:4.1146e+00V/cm J:8.8700e-01A/cm2 ğ›’:4.6388e+00ğ›€ cm
2023-05-19 17:41:39,135 INFO Measurement at current 0.09733668341708543
2023-05-19 17:41:39,730 INFO T:257.73Â°K V:2.6511e-01V I:9.7337e-02A R:2.7237e+00ğ›€ E:4.1424e+00V/cm J:8.9300e-01A/cm2 ğ›’:4.6387e+00ğ›€ cm
2023-05-19 17:41:39,771 INFO Measurement at current 0.09798994974874371
2023-05-19 17:41:40,361 INFO T:257.75Â°K V:2.6690e-01V I:9.7990e-02A R:2.7238e+00ğ›€ E:4.1703e+00V/cm J:8.9899e-01A/cm2 ğ›’:4.6389e+00ğ›€ cm
2023-05-19 17:41:40,379 INFO Measurement at current 0.09864321608040201
2023-05-19 17:41:40,967 INFO T:257.77Â°K V:2.6869e-01V I:9.8643e-02A R:2.7239e+00ğ›€ E:4.1983e+00V/cm J:9.0498e-01A/cm2 ğ›’:4.6391e+00ğ›€ cm
2023-05-19 17:41:40,982 INFO Measurement at current 0.0992964824120603
2023-05-19 17:41:41,570 INFO T:257.79Â°K V:2.7047e-01V I:9.9296e-02A R:2.7238e+00ğ›€ E:4.2260e+00V/cm J:9.1098e-01A/cm2 ğ›’:4.6390e+00ğ›€ cm
2023-05-19 17:41:41,594 INFO Measurement at current 0.09994974874371859
2023-05-19 17:41:42,198 INFO T:257.81Â°K V:2.7226e-01V I:9.9950e-02A R:2.7239e+00ğ›€ E:4.2540e+00V/cm J:9.1697e-01A/cm2 ğ›’:4.6392e+00ğ›€ cm
2023-05-19 17:41:42,232 INFO Measurement at current 0.10060301507537688
2023-05-19 17:41:42,853 INFO T:257.84Â°K V:2.7405e-01V I:1.0060e-01A R:2.7241e+00ğ›€ E:4.2820e+00V/cm J:9.2296e-01A/cm2 ğ›’:4.6394e+00ğ›€ cm
2023-05-19 17:41:42,872 INFO Measurement at current 0.10125628140703517
2023-05-19 17:41:43,479 INFO T:257.86Â°K V:2.7583e-01V I:1.0126e-01A R:2.7240e+00ğ›€ E:4.3098e+00V/cm J:9.2896e-01A/cm2 ğ›’:4.6394e+00ğ›€ cm
2023-05-19 17:41:43,509 INFO Measurement at current 0.10190954773869347
2023-05-19 17:41:44,112 INFO T:257.88Â°K V:2.7762e-01V I:1.0191e-01A R:2.7241e+00ğ›€ E:4.3377e+00V/cm J:9.3495e-01A/cm2 ğ›’:4.6395e+00ğ›€ cm
2023-05-19 17:41:44,133 INFO Measurement at current 0.10256281407035175
2023-05-19 17:41:44,723 INFO T:257.90Â°K V:2.7940e-01V I:1.0256e-01A R:2.7242e+00ğ›€ E:4.3656e+00V/cm J:9.4094e-01A/cm2 ğ›’:4.6396e+00ğ›€ cm
2023-05-19 17:41:44,756 INFO Measurement at current 0.10321608040201005
2023-05-19 17:41:45,359 INFO T:257.93Â°K V:2.8118e-01V I:1.0322e-01A R:2.7242e+00ğ›€ E:4.3934e+00V/cm J:9.4694e-01A/cm2 ğ›’:4.6396e+00ğ›€ cm
2023-05-19 17:41:45,380 INFO Measurement at current 0.10386934673366834
2023-05-19 17:41:45,980 INFO T:257.95Â°K V:2.8297e-01V I:1.0387e-01A R:2.7243e+00ğ›€ E:4.4213e+00V/cm J:9.5293e-01A/cm2 ğ›’:4.6397e+00ğ›€ cm
2023-05-19 17:41:46,038 INFO Measurement at current 0.10452261306532663
2023-05-19 17:41:46,636 INFO T:257.97Â°K V:2.8476e-01V I:1.0452e-01A R:2.7244e+00ğ›€ E:4.4493e+00V/cm J:9.5892e-01A/cm2 ğ›’:4.6399e+00ğ›€ cm
2023-05-19 17:41:46,655 INFO Measurement at current 0.10517587939698492
2023-05-19 17:41:47,302 INFO T:258.00Â°K V:2.8692e-01V I:1.0518e-01A R:2.7280e+00ğ›€ E:4.4831e+00V/cm J:9.6492e-01A/cm2 ğ›’:4.6461e+00ğ›€ cm
2023-05-19 17:41:47,317 INFO Measurement at current 0.10582914572864321
2023-05-19 17:41:47,903 INFO T:258.02Â°K V:2.8866e-01V I:1.0583e-01A R:2.7276e+00ğ›€ E:4.5103e+00V/cm J:9.7091e-01A/cm2 ğ›’:4.6454e+00ğ›€ cm
2023-05-19 17:41:47,946 INFO Measurement at current 0.1064824120603015
2023-05-19 17:41:48,542 INFO T:258.04Â°K V:2.9043e-01V I:1.0648e-01A R:2.7275e+00ğ›€ E:4.5380e+00V/cm J:9.7690e-01A/cm2 ğ›’:4.6453e+00ğ›€ cm
2023-05-19 17:41:48,572 INFO Measurement at current 0.1071356783919598
2023-05-19 17:41:49,167 INFO T:258.06Â°K V:2.9225e-01V I:1.0714e-01A R:2.7278e+00ğ›€ E:4.5664e+00V/cm J:9.8290e-01A/cm2 ğ›’:4.6459e+00ğ›€ cm
2023-05-19 17:41:49,201 INFO Measurement at current 0.1077889447236181
2023-05-19 17:41:49,797 INFO T:258.08Â°K V:2.9400e-01V I:1.0779e-01A R:2.7275e+00ğ›€ E:4.5937e+00V/cm J:9.8889e-01A/cm2 ğ›’:4.6453e+00ğ›€ cm
2023-05-19 17:41:49,831 INFO Measurement at current 0.10844221105527638
2023-05-19 17:41:50,420 INFO T:258.11Â°K V:2.9575e-01V I:1.0844e-01A R:2.7273e+00ğ›€ E:4.6212e+00V/cm J:9.9488e-01A/cm2 ğ›’:4.6449e+00ğ›€ cm
2023-05-19 17:41:50,444 INFO Measurement at current 0.10909547738693468
2023-05-19 17:41:51,044 INFO T:258.13Â°K V:2.9758e-01V I:1.0910e-01A R:2.7277e+00ğ›€ E:4.6497e+00V/cm J:1.0009e+00A/cm2 ğ›’:4.6456e+00ğ›€ cm
2023-05-19 17:41:51,065 INFO Measurement at current 0.10974874371859296
2023-05-19 17:41:51,659 INFO T:258.15Â°K V:2.9934e-01V I:1.0975e-01A R:2.7275e+00ğ›€ E:4.6772e+00V/cm J:1.0069e+00A/cm2 ğ›’:4.6453e+00ğ›€ cm
2023-05-19 17:41:51,678 INFO Measurement at current 0.11040201005025126
2023-05-19 17:41:52,278 INFO T:258.17Â°K V:3.0109e-01V I:1.1040e-01A R:2.7272e+00ğ›€ E:4.7045e+00V/cm J:1.0129e+00A/cm2 ğ›’:4.6448e+00ğ›€ cm
2023-05-19 17:41:52,301 INFO Measurement at current 0.11105527638190954
2023-05-19 17:41:52,912 INFO T:258.19Â°K V:3.0291e-01V I:1.1106e-01A R:2.7275e+00ğ›€ E:4.7329e+00V/cm J:1.0189e+00A/cm2 ğ›’:4.6454e+00ğ›€ cm
2023-05-19 17:41:52,934 INFO Measurement at current 0.11170854271356784
2023-05-19 17:41:53,534 INFO T:258.22Â°K V:3.0466e-01V I:1.1171e-01A R:2.7273e+00ğ›€ E:4.7603e+00V/cm J:1.0248e+00A/cm2 ğ›’:4.6449e+00ğ›€ cm
2023-05-19 17:41:53,565 INFO Measurement at current 0.11236180904522612
2023-05-19 17:41:54,164 INFO T:258.24Â°K V:3.0644e-01V I:1.1236e-01A R:2.7272e+00ğ›€ E:4.7881e+00V/cm J:1.0308e+00A/cm2 ğ›’:4.6448e+00ğ›€ cm
2023-05-19 17:41:54,186 INFO Measurement at current 0.11301507537688442
2023-05-19 17:41:54,791 INFO T:258.26Â°K V:3.0822e-01V I:1.1302e-01A R:2.7272e+00ğ›€ E:4.8159e+00V/cm J:1.0368e+00A/cm2 ğ›’:4.6448e+00ğ›€ cm
2023-05-19 17:41:54,812 INFO Measurement at current 0.11366834170854272
2023-05-19 17:41:55,436 INFO T:258.28Â°K V:3.0998e-01V I:1.1367e-01A R:2.7271e+00ğ›€ E:4.8435e+00V/cm J:1.0428e+00A/cm2 ğ›’:4.6446e+00ğ›€ cm
2023-05-19 17:41:55,472 INFO Measurement at current 0.114321608040201
2023-05-19 17:41:56,071 INFO T:258.31Â°K V:3.1172e-01V I:1.1432e-01A R:2.7267e+00ğ›€ E:4.8707e+00V/cm J:1.0488e+00A/cm2 ğ›’:4.6440e+00ğ›€ cm
2023-05-19 17:41:56,109 INFO Measurement at current 0.1149748743718593
2023-05-19 17:41:56,704 INFO T:258.33Â°K V:3.1356e-01V I:1.1497e-01A R:2.7272e+00ğ›€ E:4.8994e+00V/cm J:1.0548e+00A/cm2 ğ›’:4.6448e+00ğ›€ cm
2023-05-19 17:41:56,733 INFO Measurement at current 0.11562814070351758
2023-05-19 17:41:57,333 INFO T:258.35Â°K V:3.1543e-01V I:1.1563e-01A R:2.7280e+00ğ›€ E:4.9286e+00V/cm J:1.0608e+00A/cm2 ğ›’:4.6461e+00ğ›€ cm
2023-05-19 17:41:57,351 INFO Measurement at current 0.11628140703517588
2023-05-19 17:41:57,958 INFO T:258.37Â°K V:3.1723e-01V I:1.1628e-01A R:2.7281e+00ğ›€ E:4.9568e+00V/cm J:1.0668e+00A/cm2 ğ›’:4.6464e+00ğ›€ cm
2023-05-19 17:41:57,984 INFO Measurement at current 0.11693467336683416
2023-05-19 17:41:58,586 INFO T:258.39Â°K V:3.1899e-01V I:1.1693e-01A R:2.7280e+00ğ›€ E:4.9843e+00V/cm J:1.0728e+00A/cm2 ğ›’:4.6461e+00ğ›€ cm
2023-05-19 17:41:58,619 INFO Measurement at current 0.11758793969849246
2023-05-19 17:41:59,229 INFO T:258.42Â°K V:3.2077e-01V I:1.1759e-01A R:2.7279e+00ğ›€ E:5.0120e+00V/cm J:1.0788e+00A/cm2 ğ›’:4.6459e+00ğ›€ cm
2023-05-19 17:41:59,248 INFO Measurement at current 0.11824120603015074
2023-05-19 17:41:59,837 INFO T:258.44Â°K V:3.2260e-01V I:1.1824e-01A R:2.7283e+00ğ›€ E:5.0406e+00V/cm J:1.0848e+00A/cm2 ğ›’:4.6466e+00ğ›€ cm
2023-05-19 17:41:59,874 INFO Measurement at current 0.11889447236180904
2023-05-19 17:42:00,463 INFO T:258.46Â°K V:3.2436e-01V I:1.1889e-01A R:2.7281e+00ğ›€ E:5.0681e+00V/cm J:1.0908e+00A/cm2 ğ›’:4.6463e+00ğ›€ cm
2023-05-19 17:42:00,495 INFO Measurement at current 0.11954773869346734
2023-05-19 17:42:01,116 INFO T:258.48Â°K V:3.2611e-01V I:1.1955e-01A R:2.7279e+00ğ›€ E:5.0955e+00V/cm J:1.0968e+00A/cm2 ğ›’:4.6459e+00ğ›€ cm
2023-05-19 17:42:01,139 INFO Measurement at current 0.12020100502512562
2023-05-19 17:42:01,748 INFO T:258.51Â°K V:3.2792e-01V I:1.2020e-01A R:2.7281e+00ğ›€ E:5.1238e+00V/cm J:1.1028e+00A/cm2 ğ›’:4.6463e+00ğ›€ cm
2023-05-19 17:42:01,776 INFO Measurement at current 0.12085427135678392
2023-05-19 17:42:02,375 INFO T:258.53Â°K V:3.2970e-01V I:1.2085e-01A R:2.7280e+00ğ›€ E:5.1515e+00V/cm J:1.1088e+00A/cm2 ğ›’:4.6462e+00ğ›€ cm
2023-05-19 17:42:02,390 INFO Measurement at current 0.1215075376884422
2023-05-19 17:42:02,975 INFO T:258.55Â°K V:3.3146e-01V I:1.2151e-01A R:2.7279e+00ğ›€ E:5.1791e+00V/cm J:1.1147e+00A/cm2 ğ›’:4.6460e+00ğ›€ cm
2023-05-19 17:42:02,988 INFO Measurement at current 0.1221608040201005
2023-05-19 17:42:03,572 INFO T:258.57Â°K V:3.3329e-01V I:1.2216e-01A R:2.7283e+00ğ›€ E:5.2076e+00V/cm J:1.1207e+00A/cm2 ğ›’:4.6466e+00ğ›€ cm
2023-05-19 17:42:03,587 INFO Measurement at current 0.12281407035175879
2023-05-19 17:42:04,172 INFO T:258.59Â°K V:3.3505e-01V I:1.2281e-01A R:2.7281e+00ğ›€ E:5.2351e+00V/cm J:1.1267e+00A/cm2 ğ›’:4.6462e+00ğ›€ cm
2023-05-19 17:42:04,188 INFO Measurement at current 0.12346733668341708
2023-05-19 17:42:04,776 INFO T:258.61Â°K V:3.3678e-01V I:1.2347e-01A R:2.7277e+00ğ›€ E:5.2622e+00V/cm J:1.1327e+00A/cm2 ğ›’:4.6456e+00ğ›€ cm
2023-05-19 17:42:04,797 INFO Measurement at current 0.12412060301507537
2023-05-19 17:42:05,395 INFO T:258.63Â°K V:3.3860e-01V I:1.2412e-01A R:2.7280e+00ğ›€ E:5.2906e+00V/cm J:1.1387e+00A/cm2 ğ›’:4.6461e+00ğ›€ cm
2023-05-19 17:42:05,415 INFO Measurement at current 0.12477386934673367
2023-05-19 17:42:06,020 INFO T:258.65Â°K V:3.4039e-01V I:1.2477e-01A R:2.7281e+00ğ›€ E:5.3186e+00V/cm J:1.1447e+00A/cm2 ğ›’:4.6462e+00ğ›€ cm
2023-05-19 17:42:06,049 INFO Measurement at current 0.12542713567839195
2023-05-19 17:42:06,652 INFO T:258.68Â°K V:3.4230e-01V I:1.2543e-01A R:2.7291e+00ğ›€ E:5.3484e+00V/cm J:1.1507e+00A/cm2 ğ›’:4.6479e+00ğ›€ cm
2023-05-19 17:42:06,668 INFO Measurement at current 0.12608040201005025
2023-05-19 17:42:07,249 INFO T:258.70Â°K V:3.4408e-01V I:1.2608e-01A R:2.7290e+00ğ›€ E:5.3762e+00V/cm J:1.1567e+00A/cm2 ğ›’:4.6479e+00ğ›€ cm
2023-05-19 17:42:07,268 INFO Measurement at current 0.12673366834170854
2023-05-19 17:42:07,852 INFO T:258.72Â°K V:3.4585e-01V I:1.2673e-01A R:2.7290e+00ğ›€ E:5.4040e+00V/cm J:1.1627e+00A/cm2 ğ›’:4.6478e+00ğ›€ cm
2023-05-19 17:42:07,877 INFO Measurement at current 0.12738693467336684
2023-05-19 17:42:08,462 INFO T:258.74Â°K V:3.4762e-01V I:1.2739e-01A R:2.7289e+00ğ›€ E:5.4316e+00V/cm J:1.1687e+00A/cm2 ğ›’:4.6476e+00ğ›€ cm
2023-05-19 17:42:08,476 INFO Measurement at current 0.1280402010050251
2023-05-19 17:42:09,079 INFO T:258.76Â°K V:3.4943e-01V I:1.2804e-01A R:2.7291e+00ğ›€ E:5.4598e+00V/cm J:1.1747e+00A/cm2 ğ›’:4.6479e+00ğ›€ cm
2023-05-19 17:42:09,099 INFO Measurement at current 0.1286934673366834
2023-05-19 17:42:09,716 INFO T:258.78Â°K V:3.5121e-01V I:1.2869e-01A R:2.7290e+00ğ›€ E:5.4876e+00V/cm J:1.1807e+00A/cm2 ğ›’:4.6479e+00ğ›€ cm
2023-05-19 17:42:09,748 INFO Measurement at current 0.1293467336683417
2023-05-19 17:42:10,357 INFO T:258.81Â°K V:3.5297e-01V I:1.2935e-01A R:2.7288e+00ğ›€ E:5.5151e+00V/cm J:1.1867e+00A/cm2 ğ›’:4.6476e+00ğ›€ cm
2023-05-19 17:42:10,388 INFO Measurement at current 0.13
2023-05-19 17:42:11,002 INFO T:258.83Â°K V:3.5476e-01V I:1.3000e-01A R:2.7289e+00ğ›€ E:5.5431e+00V/cm J:1.1927e+00A/cm2 ğ›’:4.6477e+00ğ›€ cm
2023-05-19 17:43:40,402 INFO Save the description file
2023-05-19 17:43:40,406 INFO Save data in numpy format Esperimenti/CPRO_MUSA_190523_I_V/CPRO_MUSA_190523_I_V_current_from_0_to_1300e-4A/CPRO_MUSA_190523_I_V_current_from_0_to_1300e-4A-20230519174338
2023-05-19 17:43:40,422 INFO Save data in CSV format Esperimenti/CPRO_MUSA_190523_I_V/CPRO_MUSA_190523_I_V_current_from_0_to_1300e-4A/CPRO_MUSA_190523_I_V_current_from_0_to_1300e-4A-20230519174338.csv
2023-05-19 17:43:40,442 INFO Save plot as image Esperimenti/CPRO_MUSA_190523_I_V/CPRO_MUSA_190523_I_V_current_from_0_to_1300e-4A/CPRO_MUSA_190523_I_V_current_from_0_to_1300e-4A-20230519174338.png
