2023-06-08 15:46:10,458 INFO ### Start experiment: BS_1_4a_080623_I_V current from 0 to 100e-4A ###
2023-06-08 15:46:11,806 INFO Found Multimeter KEITHLEY INSTRUMENTS INC.,MODEL 2700,0884890,B03  /A02  

2023-06-08 15:46:12,835 INFO Found Nanovolt Meter KEITHLEY INSTRUMENTS INC.,MODEL 2182A,4056474,C03  /A02  

2023-06-08 15:46:12,960 INFO Found Source Meter KEITHLEY INSTRUMENTS INC.,MODEL 2400,0945684,C24   Feb 14 2002 11:59:45/A02  /K/H

2023-06-08 15:46:13,093 INFO Start the measurement loop
2023-06-08 15:46:19,480 INFO Measurement at current 0.0
2023-06-08 15:46:20,394 INFO T:296.32Â°K V:2.9948e-07V I:0.0000e+00A R:infğ›€ E:5.7593e-06V/cm J:0.0000e+00A/cm2 ğ›’:infğ›€ cm
2023-06-08 15:46:20,412 INFO Measurement at current 5.0251256281407036e-05
2023-06-08 15:46:21,004 INFO T:296.32Â°K V:8.0312e-07V I:5.0251e-05A R:1.5982e-02ğ›€ E:1.5445e-05V/cm J:5.6462e-04A/cm2 ğ›’:2.7354e-02ğ›€ cm
2023-06-08 15:46:21,022 INFO Measurement at current 0.00010050251256281407
2023-06-08 15:46:21,612 INFO T:296.33Â°K V:1.3152e-06V I:1.0050e-04A R:1.3087e-02ğ›€ E:2.5293e-05V/cm J:1.1292e-03A/cm2 ğ›’:2.2398e-02ğ›€ cm
2023-06-08 15:46:21,631 INFO Measurement at current 0.00015075376884422112
2023-06-08 15:46:22,219 INFO T:296.32Â°K V:1.8600e-06V I:1.5075e-04A R:1.2338e-02ğ›€ E:3.5769e-05V/cm J:1.6939e-03A/cm2 ğ›’:2.1117e-02ğ›€ cm
2023-06-08 15:46:22,244 INFO Measurement at current 0.00020100502512562814
2023-06-08 15:46:22,853 INFO T:296.32Â°K V:2.3643e-06V I:2.0101e-04A R:1.1762e-02ğ›€ E:4.5466e-05V/cm J:2.2585e-03A/cm2 ğ›’:2.0131e-02ğ›€ cm
2023-06-08 15:46:22,873 INFO Measurement at current 0.0002512562814070352
2023-06-08 15:46:23,474 INFO T:296.32Â°K V:2.8808e-06V I:2.5126e-04A R:1.1466e-02ğ›€ E:5.5400e-05V/cm J:2.8231e-03A/cm2 ğ›’:1.9624e-02ğ›€ cm
2023-06-08 15:46:23,498 INFO Measurement at current 0.00030150753768844223
2023-06-08 15:46:24,092 INFO T:296.32Â°K V:3.3729e-06V I:3.0151e-04A R:1.1187e-02ğ›€ E:6.4864e-05V/cm J:3.3877e-03A/cm2 ğ›’:1.9147e-02ğ›€ cm
2023-06-08 15:46:24,114 INFO Measurement at current 0.00035175879396984926
2023-06-08 15:46:24,719 INFO T:296.32Â°K V:3.8818e-06V I:3.5176e-04A R:1.1035e-02ğ›€ E:7.4650e-05V/cm J:3.9523e-03A/cm2 ğ›’:1.8888e-02ğ›€ cm
2023-06-08 15:46:24,741 INFO Measurement at current 0.0004020100502512563
2023-06-08 15:46:25,345 INFO T:296.31Â°K V:4.3869e-06V I:4.0201e-04A R:1.0912e-02ğ›€ E:8.4363e-05V/cm J:4.5170e-03A/cm2 ğ›’:1.8677e-02ğ›€ cm
2023-06-08 15:46:25,381 INFO Measurement at current 0.0004522613065326633
2023-06-08 15:46:25,978 INFO T:296.31Â°K V:4.8909e-06V I:4.5226e-04A R:1.0814e-02ğ›€ E:9.4056e-05V/cm J:5.0816e-03A/cm2 ğ›’:1.8509e-02ğ›€ cm
2023-06-08 15:46:26,006 INFO Measurement at current 0.0005025125628140704
2023-06-08 15:46:26,620 INFO T:296.31Â°K V:5.3951e-06V I:5.0251e-04A R:1.0736e-02ğ›€ E:1.0375e-04V/cm J:5.6462e-03A/cm2 ğ›’:1.8375e-02ğ›€ cm
2023-06-08 15:46:26,639 INFO Measurement at current 0.0005527638190954774
2023-06-08 15:46:27,242 INFO T:296.31Â°K V:5.8928e-06V I:5.5276e-04A R:1.0661e-02ğ›€ E:1.1332e-04V/cm J:6.2108e-03A/cm2 ğ›’:1.8246e-02ğ›€ cm
2023-06-08 15:46:27,265 INFO Measurement at current 0.0006030150753768845
2023-06-08 15:46:27,866 INFO T:296.31Â°K V:6.3905e-06V I:6.0302e-04A R:1.0598e-02ğ›€ E:1.2289e-04V/cm J:6.7755e-03A/cm2 ğ›’:1.8138e-02ğ›€ cm
2023-06-08 15:46:27,890 INFO Measurement at current 0.0006532663316582914
2023-06-08 15:46:28,491 INFO T:296.31Â°K V:6.8827e-06V I:6.5327e-04A R:1.0536e-02ğ›€ E:1.3236e-04V/cm J:7.3401e-03A/cm2 ğ›’:1.8032e-02ğ›€ cm
2023-06-08 15:46:28,506 INFO Measurement at current 0.0007035175879396985
2023-06-08 15:46:29,098 INFO T:296.31Â°K V:7.3695e-06V I:7.0352e-04A R:1.0475e-02ğ›€ E:1.4172e-04V/cm J:7.9047e-03A/cm2 ğ›’:1.7929e-02ğ›€ cm
2023-06-08 15:46:29,115 INFO Measurement at current 0.0007537688442211055
2023-06-08 15:46:29,707 INFO T:296.30Â°K V:7.8565e-06V I:7.5377e-04A R:1.0423e-02ğ›€ E:1.5109e-04V/cm J:8.4693e-03A/cm2 ğ›’:1.7839e-02ğ›€ cm
2023-06-08 15:46:29,742 INFO Measurement at current 0.0008040201005025126
2023-06-08 15:46:30,335 INFO T:296.30Â°K V:8.3351e-06V I:8.0402e-04A R:1.0367e-02ğ›€ E:1.6029e-04V/cm J:9.0339e-03A/cm2 ğ›’:1.7743e-02ğ›€ cm
2023-06-08 15:46:30,358 INFO Measurement at current 0.0008542713567839197
2023-06-08 15:46:30,961 INFO T:296.31Â°K V:8.8237e-06V I:8.5427e-04A R:1.0329e-02ğ›€ E:1.6969e-04V/cm J:9.5986e-03A/cm2 ğ›’:1.7678e-02ğ›€ cm
2023-06-08 15:46:30,977 INFO Measurement at current 0.0009045226130653266
2023-06-08 15:46:31,569 INFO T:296.31Â°K V:9.3200e-06V I:9.0452e-04A R:1.0304e-02ğ›€ E:1.7923e-04V/cm J:1.0163e-02A/cm2 ğ›’:1.7635e-02ğ›€ cm
2023-06-08 15:46:31,585 INFO Measurement at current 0.0009547738693467337
2023-06-08 15:46:32,184 INFO T:296.31Â°K V:9.7935e-06V I:9.5477e-04A R:1.0257e-02ğ›€ E:1.8834e-04V/cm J:1.0728e-02A/cm2 ğ›’:1.7556e-02ğ›€ cm
2023-06-08 15:46:32,201 INFO Measurement at current 0.0010050251256281408
2023-06-08 15:46:32,795 INFO T:296.30Â°K V:1.0266e-05V I:1.0050e-03A R:1.0214e-02ğ›€ E:1.9742e-04V/cm J:1.1292e-02A/cm2 ğ›’:1.7482e-02ğ›€ cm
2023-06-08 15:46:32,816 INFO Measurement at current 0.0010552763819095478
2023-06-08 15:46:33,419 INFO T:296.30Â°K V:1.0947e-05V I:1.0553e-03A R:1.0373e-02ğ›€ E:2.1051e-04V/cm J:1.1857e-02A/cm2 ğ›’:1.7754e-02ğ›€ cm
2023-06-08 15:46:33,443 INFO Measurement at current 0.0011055276381909548
2023-06-08 15:46:34,049 INFO T:296.30Â°K V:1.1415e-05V I:1.1055e-03A R:1.0325e-02ğ›€ E:2.1952e-04V/cm J:1.2422e-02A/cm2 ğ›’:1.7672e-02ğ›€ cm
2023-06-08 15:46:34,066 INFO Measurement at current 0.0011557788944723617
2023-06-08 15:46:34,664 INFO T:296.29Â°K V:1.1884e-05V I:1.1558e-03A R:1.0283e-02ğ›€ E:2.2855e-04V/cm J:1.2986e-02A/cm2 ğ›’:1.7599e-02ğ›€ cm
2023-06-08 15:46:34,684 INFO Measurement at current 0.001206030150753769
2023-06-08 15:46:35,289 INFO T:296.29Â°K V:1.2356e-05V I:1.2060e-03A R:1.0245e-02ğ›€ E:2.3761e-04V/cm J:1.3551e-02A/cm2 ğ›’:1.7534e-02ğ›€ cm
2023-06-08 15:46:35,310 INFO Measurement at current 0.001256281407035176
2023-06-08 15:46:35,944 INFO T:296.29Â°K V:1.2823e-05V I:1.2563e-03A R:1.0207e-02ğ›€ E:2.4659e-04V/cm J:1.4116e-02A/cm2 ğ›’:1.7470e-02ğ›€ cm
2023-06-08 15:46:35,970 INFO Measurement at current 0.0013065326633165829
2023-06-08 15:46:36,575 INFO T:296.30Â°K V:1.3291e-05V I:1.3065e-03A R:1.0173e-02ğ›€ E:2.5559e-04V/cm J:1.4680e-02A/cm2 ğ›’:1.7411e-02ğ›€ cm
2023-06-08 15:46:36,597 INFO Measurement at current 0.00135678391959799
2023-06-08 15:46:37,202 INFO T:296.29Â°K V:1.3763e-05V I:1.3568e-03A R:1.0144e-02ğ›€ E:2.6467e-04V/cm J:1.5245e-02A/cm2 ğ›’:1.7361e-02ğ›€ cm
2023-06-08 15:46:37,230 INFO Measurement at current 0.001407035175879397
2023-06-08 15:46:37,836 INFO T:296.29Â°K V:1.4220e-05V I:1.4070e-03A R:1.0106e-02ğ›€ E:2.7346e-04V/cm J:1.5809e-02A/cm2 ğ›’:1.7297e-02ğ›€ cm
2023-06-08 15:46:37,855 INFO Measurement at current 0.001457286432160804
2023-06-08 15:46:38,454 INFO T:296.29Â°K V:1.4694e-05V I:1.4573e-03A R:1.0083e-02ğ›€ E:2.8259e-04V/cm J:1.6374e-02A/cm2 ğ›’:1.7258e-02ğ›€ cm
2023-06-08 15:46:38,476 INFO Measurement at current 0.001507537688442211
2023-06-08 15:46:39,084 INFO T:296.29Â°K V:1.5140e-05V I:1.5075e-03A R:1.0043e-02ğ›€ E:2.9115e-04V/cm J:1.6939e-02A/cm2 ğ›’:1.7188e-02ğ›€ cm
2023-06-08 15:46:39,109 INFO Measurement at current 0.0015577889447236182
2023-06-08 15:46:39,709 INFO T:296.29Â°K V:1.5611e-05V I:1.5578e-03A R:1.0021e-02ğ›€ E:3.0021e-04V/cm J:1.7503e-02A/cm2 ğ›’:1.7152e-02ğ›€ cm
2023-06-08 15:46:39,724 INFO Measurement at current 0.0016080402010050252
2023-06-08 15:46:40,315 INFO T:296.29Â°K V:1.6053e-05V I:1.6080e-03A R:9.9828e-03ğ›€ E:3.0871e-04V/cm J:1.8068e-02A/cm2 ğ›’:1.7086e-02ğ›€ cm
2023-06-08 15:46:40,331 INFO Measurement at current 0.0016582914572864321
2023-06-08 15:46:40,930 INFO T:296.28Â°K V:1.6505e-05V I:1.6583e-03A R:9.9533e-03ğ›€ E:3.1741e-04V/cm J:1.8632e-02A/cm2 ğ›’:1.7035e-02ğ›€ cm
2023-06-08 15:46:40,947 INFO Measurement at current 0.0017085427135678393
2023-06-08 15:46:41,538 INFO T:296.29Â°K V:1.6942e-05V I:1.7085e-03A R:9.9158e-03ğ›€ E:3.2580e-04V/cm J:1.9197e-02A/cm2 ğ›’:1.6971e-02ğ›€ cm
2023-06-08 15:46:41,560 INFO Measurement at current 0.0017587939698492463
2023-06-08 15:46:42,172 INFO T:296.28Â°K V:1.7406e-05V I:1.7588e-03A R:9.8968e-03ğ›€ E:3.3474e-04V/cm J:1.9762e-02A/cm2 ğ›’:1.6939e-02ğ›€ cm
2023-06-08 15:46:42,190 INFO Measurement at current 0.0018090452261306533
2023-06-08 15:46:42,787 INFO T:296.28Â°K V:1.7834e-05V I:1.8090e-03A R:9.8583e-03ğ›€ E:3.4296e-04V/cm J:2.0326e-02A/cm2 ğ›’:1.6873e-02ğ›€ cm
2023-06-08 15:46:42,803 INFO Measurement at current 0.0018592964824120603
2023-06-08 15:46:43,392 INFO T:296.28Â°K V:1.8263e-05V I:1.8593e-03A R:9.8227e-03ğ›€ E:3.5122e-04V/cm J:2.0891e-02A/cm2 ğ›’:1.6812e-02ğ›€ cm
2023-06-08 15:46:43,407 INFO Measurement at current 0.0019095477386934674
2023-06-08 15:46:43,994 INFO T:296.28Â°K V:1.8710e-05V I:1.9095e-03A R:9.7981e-03ğ›€ E:3.5981e-04V/cm J:2.1456e-02A/cm2 ğ›’:1.6770e-02ğ›€ cm
2023-06-08 15:46:44,010 INFO Measurement at current 0.001959798994974874
2023-06-08 15:46:44,623 INFO T:296.28Â°K V:1.9140e-05V I:1.9598e-03A R:9.7665e-03ğ›€ E:3.6808e-04V/cm J:2.2020e-02A/cm2 ğ›’:1.6716e-02ğ›€ cm
2023-06-08 15:46:44,648 INFO Measurement at current 0.0020100502512562816
2023-06-08 15:46:45,248 INFO T:296.28Â°K V:1.9583e-05V I:2.0101e-03A R:9.7425e-03ğ›€ E:3.7660e-04V/cm J:2.2585e-02A/cm2 ğ›’:1.6675e-02ğ›€ cm
2023-06-08 15:46:45,269 INFO Measurement at current 0.0020603015075376886
2023-06-08 15:46:45,859 INFO T:296.28Â°K V:2.0022e-05V I:2.0603e-03A R:9.7181e-03ğ›€ E:3.8504e-04V/cm J:2.3149e-02A/cm2 ğ›’:1.6633e-02ğ›€ cm
2023-06-08 15:46:45,875 INFO Measurement at current 0.0021105527638190956
2023-06-08 15:46:46,469 INFO T:296.28Â°K V:2.0440e-05V I:2.1106e-03A R:9.6845e-03ğ›€ E:3.9307e-04V/cm J:2.3714e-02A/cm2 ğ›’:1.6575e-02ğ›€ cm
2023-06-08 15:46:46,490 INFO Measurement at current 0.0021608040201005025
2023-06-08 15:46:47,084 INFO T:296.27Â°K V:2.0874e-05V I:2.1608e-03A R:9.6605e-03ğ›€ E:4.0143e-04V/cm J:2.4279e-02A/cm2 ğ›’:1.6534e-02ğ›€ cm
2023-06-08 15:46:47,099 INFO Measurement at current 0.0022110552763819095
2023-06-08 15:46:47,702 INFO T:296.28Â°K V:2.1301e-05V I:2.2111e-03A R:9.6338e-03ğ›€ E:4.0963e-04V/cm J:2.4843e-02A/cm2 ğ›’:1.6489e-02ğ›€ cm
2023-06-08 15:46:47,727 INFO Measurement at current 0.0022613065326633165
2023-06-08 15:46:48,338 INFO T:296.27Â°K V:2.1739e-05V I:2.2613e-03A R:9.6134e-03ğ›€ E:4.1806e-04V/cm J:2.5408e-02A/cm2 ğ›’:1.6454e-02ğ›€ cm
2023-06-08 15:46:48,364 INFO Measurement at current 0.0023115577889447235
2023-06-08 15:46:48,958 INFO T:296.28Â°K V:2.2169e-05V I:2.3116e-03A R:9.5904e-03ğ›€ E:4.2632e-04V/cm J:2.5973e-02A/cm2 ğ›’:1.6414e-02ğ›€ cm
2023-06-08 15:46:48,982 INFO Measurement at current 0.002361809045226131
2023-06-08 15:46:49,576 INFO T:296.28Â°K V:2.2582e-05V I:2.3618e-03A R:9.5613e-03ğ›€ E:4.3427e-04V/cm J:2.6537e-02A/cm2 ğ›’:1.6365e-02ğ›€ cm
2023-06-08 15:46:49,596 INFO Measurement at current 0.002412060301507538
2023-06-08 15:46:50,210 INFO T:296.27Â°K V:2.2995e-05V I:2.4121e-03A R:9.5333e-03ğ›€ E:4.4221e-04V/cm J:2.7102e-02A/cm2 ğ›’:1.6317e-02ğ›€ cm
2023-06-08 15:46:50,233 INFO Measurement at current 0.002462311557788945
2023-06-08 15:46:50,838 INFO T:296.27Â°K V:2.3401e-05V I:2.4623e-03A R:9.5038e-03ğ›€ E:4.5002e-04V/cm J:2.7666e-02A/cm2 ğ›’:1.6266e-02ğ›€ cm
2023-06-08 15:46:50,855 INFO Measurement at current 0.002512562814070352
2023-06-08 15:46:51,458 INFO T:296.27Â°K V:2.3838e-05V I:2.5126e-03A R:9.4876e-03ğ›€ E:4.5842e-04V/cm J:2.8231e-02A/cm2 ğ›’:1.6238e-02ğ›€ cm
2023-06-08 15:46:51,476 INFO Measurement at current 0.0025628140703517588
2023-06-08 15:46:52,084 INFO T:296.27Â°K V:2.4175e-05V I:2.5628e-03A R:9.4330e-03ğ›€ E:4.6491e-04V/cm J:2.8796e-02A/cm2 ğ›’:1.6145e-02ğ›€ cm
2023-06-08 15:46:52,120 INFO Measurement at current 0.0026130653266331657
2023-06-08 15:46:52,718 INFO T:296.27Â°K V:2.4571e-05V I:2.6131e-03A R:9.4033e-03ğ›€ E:4.7253e-04V/cm J:2.9360e-02A/cm2 ğ›’:1.6094e-02ğ›€ cm
2023-06-08 15:46:52,734 INFO Measurement at current 0.0026633165829145727
2023-06-08 15:46:53,332 INFO T:296.26Â°K V:2.4981e-05V I:2.6633e-03A R:9.3797e-03ğ›€ E:4.8040e-04V/cm J:2.9925e-02A/cm2 ğ›’:1.6054e-02ğ›€ cm
2023-06-08 15:46:53,359 INFO Measurement at current 0.00271356783919598
2023-06-08 15:46:53,958 INFO T:296.26Â°K V:2.5390e-05V I:2.7136e-03A R:9.3565e-03ğ›€ E:4.8826e-04V/cm J:3.0490e-02A/cm2 ğ›’:1.6014e-02ğ›€ cm
2023-06-08 15:46:53,985 INFO Measurement at current 0.002763819095477387
2023-06-08 15:46:54,580 INFO T:296.26Â°K V:2.5763e-05V I:2.7638e-03A R:9.3216e-03ğ›€ E:4.9544e-04V/cm J:3.1054e-02A/cm2 ğ›’:1.5954e-02ğ›€ cm
2023-06-08 15:46:54,600 INFO Measurement at current 0.002814070351758794
2023-06-08 15:46:55,198 INFO T:296.26Â°K V:2.6157e-05V I:2.8141e-03A R:9.2949e-03ğ›€ E:5.0301e-04V/cm J:3.1619e-02A/cm2 ğ›’:1.5909e-02ğ›€ cm
2023-06-08 15:46:55,222 INFO Measurement at current 0.002864321608040201
2023-06-08 15:46:55,818 INFO T:296.26Â°K V:2.6542e-05V I:2.8643e-03A R:9.2663e-03ğ›€ E:5.1042e-04V/cm J:3.2183e-02A/cm2 ğ›’:1.5860e-02ğ›€ cm
2023-06-08 15:46:55,834 INFO Measurement at current 0.002914572864321608
2023-06-08 15:46:56,429 INFO T:296.26Â°K V:2.6908e-05V I:2.9146e-03A R:9.2323e-03ğ›€ E:5.1747e-04V/cm J:3.2748e-02A/cm2 ğ›’:1.5801e-02ğ›€ cm
2023-06-08 15:46:56,454 INFO Measurement at current 0.002964824120603015
2023-06-08 15:46:57,054 INFO T:296.26Â°K V:2.7305e-05V I:2.9648e-03A R:9.2097e-03ğ›€ E:5.2510e-04V/cm J:3.3313e-02A/cm2 ğ›’:1.5763e-02ğ›€ cm
2023-06-08 15:46:57,071 INFO Measurement at current 0.003015075376884422
2023-06-08 15:46:57,679 INFO T:296.26Â°K V:2.7630e-05V I:3.0151e-03A R:9.1641e-03ğ›€ E:5.3135e-04V/cm J:3.3877e-02A/cm2 ğ›’:1.5685e-02ğ›€ cm
2023-06-08 15:46:57,696 INFO Measurement at current 0.0030653266331658294
2023-06-08 15:46:58,297 INFO T:296.26Â°K V:2.8002e-05V I:3.0653e-03A R:9.1350e-03ğ›€ E:5.3850e-04V/cm J:3.4442e-02A/cm2 ğ›’:1.5635e-02ğ›€ cm
2023-06-08 15:46:58,312 INFO Measurement at current 0.0031155778894472364
2023-06-08 15:46:58,904 INFO T:296.26Â°K V:2.8253e-05V I:3.1156e-03A R:9.0681e-03ğ›€ E:5.4332e-04V/cm J:3.5006e-02A/cm2 ğ›’:1.5520e-02ğ›€ cm
2023-06-08 15:46:58,925 INFO Measurement at current 0.0031658291457286433
2023-06-08 15:46:59,532 INFO T:296.25Â°K V:2.8557e-05V I:3.1658e-03A R:9.0203e-03ğ›€ E:5.4917e-04V/cm J:3.5571e-02A/cm2 ğ›’:1.5439e-02ğ›€ cm
2023-06-08 15:46:59,572 INFO Measurement at current 0.0032160804020100503
2023-06-08 15:47:00,170 INFO T:296.25Â°K V:2.8846e-05V I:3.2161e-03A R:8.9694e-03ğ›€ E:5.5474e-04V/cm J:3.6136e-02A/cm2 ğ›’:1.5351e-02ğ›€ cm
2023-06-08 15:47:00,186 INFO Measurement at current 0.0032663316582914573
2023-06-08 15:47:00,780 INFO T:296.25Â°K V:2.9156e-05V I:3.2663e-03A R:8.9263e-03ğ›€ E:5.6070e-04V/cm J:3.6700e-02A/cm2 ğ›’:1.5278e-02ğ›€ cm
2023-06-08 15:47:00,794 INFO Measurement at current 0.0033165829145728643
2023-06-08 15:47:01,382 INFO T:296.25Â°K V:2.9424e-05V I:3.3166e-03A R:8.8717e-03ğ›€ E:5.6584e-04V/cm J:3.7265e-02A/cm2 ğ›’:1.5184e-02ğ›€ cm
2023-06-08 15:47:01,411 INFO Measurement at current 0.0033668341708542712
2023-06-08 15:47:02,008 INFO T:296.25Â°K V:2.9717e-05V I:3.3668e-03A R:8.8263e-03ğ›€ E:5.7147e-04V/cm J:3.7830e-02A/cm2 ğ›’:1.5107e-02ğ›€ cm
2023-06-08 15:47:02,024 INFO Measurement at current 0.0034170854271356787
2023-06-08 15:47:02,618 INFO T:296.25Â°K V:3.0028e-05V I:3.4171e-03A R:8.7875e-03ğ›€ E:5.7746e-04V/cm J:3.8394e-02A/cm2 ğ›’:1.5040e-02ğ›€ cm
2023-06-08 15:47:02,644 INFO Measurement at current 0.0034673366834170856
2023-06-08 15:47:03,248 INFO T:296.25Â°K V:3.0388e-05V I:3.4673e-03A R:8.7640e-03ğ›€ E:5.8438e-04V/cm J:3.8959e-02A/cm2 ğ›’:1.5000e-02ğ›€ cm
2023-06-08 15:47:03,269 INFO Measurement at current 0.0035175879396984926
2023-06-08 15:47:03,875 INFO T:296.25Â°K V:3.0690e-05V I:3.5176e-03A R:8.7246e-03ğ›€ E:5.9019e-04V/cm J:3.9523e-02A/cm2 ğ›’:1.4933e-02ğ›€ cm
2023-06-08 15:47:03,898 INFO Measurement at current 0.0035678391959798996
2023-06-08 15:47:04,502 INFO T:296.25Â°K V:3.1046e-05V I:3.5678e-03A R:8.7016e-03ğ›€ E:5.9703e-04V/cm J:4.0088e-02A/cm2 ğ›’:1.4893e-02ğ›€ cm
2023-06-08 15:47:04,524 INFO Measurement at current 0.0036180904522613066
2023-06-08 15:47:05,127 INFO T:296.24Â°K V:3.1349e-05V I:3.6181e-03A R:8.6644e-03ğ›€ E:6.0286e-04V/cm J:4.0653e-02A/cm2 ğ›’:1.4829e-02ğ›€ cm
2023-06-08 15:47:05,145 INFO Measurement at current 0.0036683417085427135
2023-06-08 15:47:05,743 INFO T:296.24Â°K V:3.1699e-05V I:3.6683e-03A R:8.6412e-03ğ›€ E:6.0959e-04V/cm J:4.1217e-02A/cm2 ğ›’:1.4790e-02ğ›€ cm
2023-06-08 15:47:05,768 INFO Measurement at current 0.0037185929648241205
2023-06-08 15:47:06,360 INFO T:296.24Â°K V:3.1986e-05V I:3.7186e-03A R:8.6018e-03ğ›€ E:6.1512e-04V/cm J:4.1782e-02A/cm2 ğ›’:1.4722e-02ğ›€ cm
2023-06-08 15:47:06,378 INFO Measurement at current 0.003768844221105528
2023-06-08 15:47:06,967 INFO T:296.24Â°K V:3.2207e-05V I:3.7688e-03A R:8.5457e-03ğ›€ E:6.1937e-04V/cm J:4.2347e-02A/cm2 ğ›’:1.4626e-02ğ›€ cm
2023-06-08 15:47:06,984 INFO Measurement at current 0.003819095477386935
2023-06-08 15:47:07,573 INFO T:296.24Â°K V:3.2505e-05V I:3.8191e-03A R:8.5111e-03ğ›€ E:6.2509e-04V/cm J:4.2911e-02A/cm2 ğ›’:1.4567e-02ğ›€ cm
2023-06-08 15:47:07,589 INFO Measurement at current 0.003869346733668342
2023-06-08 15:47:08,179 INFO T:296.24Â°K V:3.2818e-05V I:3.8693e-03A R:8.4814e-03ğ›€ E:6.3111e-04V/cm J:4.3476e-02A/cm2 ğ›’:1.4516e-02ğ›€ cm
2023-06-08 15:47:08,202 INFO Measurement at current 0.003919597989949748
2023-06-08 15:47:08,805 INFO T:296.24Â°K V:3.3096e-05V I:3.9196e-03A R:8.4438e-03ğ›€ E:6.3647e-04V/cm J:4.4040e-02A/cm2 ğ›’:1.4452e-02ğ›€ cm
2023-06-08 15:47:08,848 INFO Measurement at current 0.003969849246231156
2023-06-08 15:47:09,453 INFO T:296.24Â°K V:3.3437e-05V I:3.9698e-03A R:8.4227e-03ğ›€ E:6.4302e-04V/cm J:4.4605e-02A/cm2 ğ›’:1.4416e-02ğ›€ cm
2023-06-08 15:47:09,489 INFO Measurement at current 0.004020100502512563
2023-06-08 15:47:10,089 INFO T:296.24Â°K V:3.3745e-05V I:4.0201e-03A R:8.3940e-03ğ›€ E:6.4893e-04V/cm J:4.5170e-02A/cm2 ğ›’:1.4367e-02ğ›€ cm
2023-06-08 15:47:10,112 INFO Measurement at current 0.00407035175879397
2023-06-08 15:47:10,710 INFO T:296.23Â°K V:3.4074e-05V I:4.0704e-03A R:8.3713e-03ğ›€ E:6.5527e-04V/cm J:4.5734e-02A/cm2 ğ›’:1.4328e-02ğ›€ cm
2023-06-08 15:47:10,736 INFO Measurement at current 0.004120603015075377
2023-06-08 15:47:11,343 INFO T:296.23Â°K V:3.4425e-05V I:4.1206e-03A R:8.3545e-03ğ›€ E:6.6203e-04V/cm J:4.6299e-02A/cm2 ğ›’:1.4299e-02ğ›€ cm
2023-06-08 15:47:11,364 INFO Measurement at current 0.004170854271356784
2023-06-08 15:47:11,966 INFO T:296.23Â°K V:3.4776e-05V I:4.1709e-03A R:8.3378e-03ğ›€ E:6.6877e-04V/cm J:4.6864e-02A/cm2 ğ›’:1.4271e-02ğ›€ cm
2023-06-08 15:47:11,984 INFO Measurement at current 0.004221105527638191
2023-06-08 15:47:12,571 INFO T:296.23Â°K V:3.5101e-05V I:4.2211e-03A R:8.3155e-03ğ›€ E:6.7501e-04V/cm J:4.7428e-02A/cm2 ğ›’:1.4232e-02ğ›€ cm
2023-06-08 15:47:12,587 INFO Measurement at current 0.004271356783919598
2023-06-08 15:47:13,188 INFO T:296.23Â°K V:3.5432e-05V I:4.2714e-03A R:8.2953e-03ğ›€ E:6.8139e-04V/cm J:4.7993e-02A/cm2 ğ›’:1.4198e-02ğ›€ cm
2023-06-08 15:47:13,211 INFO Measurement at current 0.004321608040201005
2023-06-08 15:47:13,808 INFO T:296.23Â°K V:3.5735e-05V I:4.3216e-03A R:8.2688e-03ğ›€ E:6.8721e-04V/cm J:4.8557e-02A/cm2 ğ›’:1.4152e-02ğ›€ cm
2023-06-08 15:47:13,828 INFO Measurement at current 0.004371859296482412
2023-06-08 15:47:14,415 INFO T:296.23Â°K V:3.6073e-05V I:4.3719e-03A R:8.2511e-03ğ›€ E:6.9371e-04V/cm J:4.9122e-02A/cm2 ğ›’:1.4122e-02ğ›€ cm
2023-06-08 15:47:14,432 INFO Measurement at current 0.004422110552763819
2023-06-08 15:47:38,076 WARNING Reading gpib error, check the instruments: write() failed: A read or write of data bytes has been aborted, possibly due to a timeout or reception of a device clear command.
2023-06-08 15:47:38,099 INFO Measurement at current 0.004472361809045226
2023-06-08 15:47:38,700 INFO T:296.19Â°K V:3.6272e-05V I:4.4724e-03A R:8.1103e-03ğ›€ E:6.9754e-04V/cm J:5.0251e-02A/cm2 ğ›’:1.3881e-02ğ›€ cm
2023-06-08 15:47:38,721 INFO Measurement at current 0.004522613065326633
2023-06-08 15:47:39,333 INFO T:296.19Â°K V:3.6624e-05V I:4.5226e-03A R:8.0981e-03ğ›€ E:7.0432e-04V/cm J:5.0816e-02A/cm2 ğ›’:1.3860e-02ğ›€ cm
2023-06-08 15:47:39,350 INFO Measurement at current 0.00457286432160804
2023-06-08 15:47:39,954 INFO T:296.19Â°K V:3.6994e-05V I:4.5729e-03A R:8.0898e-03ğ›€ E:7.1141e-04V/cm J:5.1380e-02A/cm2 ğ›’:1.3846e-02ğ›€ cm
2023-06-08 15:47:39,978 INFO Measurement at current 0.004623115577889447
2023-06-08 15:47:40,576 INFO T:296.19Â°K V:3.7306e-05V I:4.6231e-03A R:8.0695e-03ğ›€ E:7.1743e-04V/cm J:5.1945e-02A/cm2 ğ›’:1.3811e-02ğ›€ cm
2023-06-08 15:47:40,598 INFO Measurement at current 0.004673366834170855
2023-06-08 15:47:41,189 INFO T:296.19Â°K V:3.7738e-05V I:4.6734e-03A R:8.0752e-03ğ›€ E:7.2574e-04V/cm J:5.2510e-02A/cm2 ğ›’:1.3821e-02ğ›€ cm
2023-06-08 15:47:41,214 INFO Measurement at current 0.004723618090452262
2023-06-08 15:47:41,820 INFO T:296.19Â°K V:3.8096e-05V I:4.7236e-03A R:8.0650e-03ğ›€ E:7.3261e-04V/cm J:5.3074e-02A/cm2 ğ›’:1.3804e-02ğ›€ cm
2023-06-08 15:47:41,844 INFO Measurement at current 0.004773869346733669
2023-06-08 15:47:42,442 INFO T:296.19Â°K V:3.8439e-05V I:4.7739e-03A R:8.0519e-03ğ›€ E:7.3921e-04V/cm J:5.3639e-02A/cm2 ğ›’:1.3781e-02ğ›€ cm
2023-06-08 15:47:42,464 INFO Measurement at current 0.004824120603015076
2023-06-08 15:47:43,060 INFO T:296.19Â°K V:3.8777e-05V I:4.8241e-03A R:8.0382e-03ğ›€ E:7.4572e-04V/cm J:5.4204e-02A/cm2 ğ›’:1.3758e-02ğ›€ cm
2023-06-08 15:47:43,079 INFO Measurement at current 0.004874371859296483
2023-06-08 15:47:43,687 INFO T:296.18Â°K V:3.9135e-05V I:4.8744e-03A R:8.0287e-03ğ›€ E:7.5260e-04V/cm J:5.4768e-02A/cm2 ğ›’:1.3741e-02ğ›€ cm
2023-06-08 15:47:43,709 INFO Measurement at current 0.00492462311557789
2023-06-08 15:47:44,309 INFO T:296.18Â°K V:3.9526e-05V I:4.9246e-03A R:8.0263e-03ğ›€ E:7.6012e-04V/cm J:5.5333e-02A/cm2 ğ›’:1.3737e-02ğ›€ cm
2023-06-08 15:47:44,326 INFO Measurement at current 0.004974874371859297
2023-06-08 15:47:44,913 INFO T:296.19Â°K V:3.9870e-05V I:4.9749e-03A R:8.0142e-03ğ›€ E:7.6672e-04V/cm J:5.5897e-02A/cm2 ğ›’:1.3717e-02ğ›€ cm
2023-06-08 15:47:44,929 INFO Measurement at current 0.005025125628140704
2023-06-08 15:47:45,518 INFO T:296.18Â°K V:4.0253e-05V I:5.0251e-03A R:8.0103e-03ğ›€ E:7.7409e-04V/cm J:5.6462e-02A/cm2 ğ›’:1.3710e-02ğ›€ cm
2023-06-08 15:47:45,556 INFO Measurement at current 0.005075376884422111
2023-06-08 15:47:46,154 INFO T:296.18Â°K V:4.0629e-05V I:5.0754e-03A R:8.0051e-03ğ›€ E:7.8133e-04V/cm J:5.7027e-02A/cm2 ğ›’:1.3701e-02ğ›€ cm
2023-06-08 15:47:46,176 INFO Measurement at current 0.0051256281407035175
2023-06-08 15:47:46,781 INFO T:296.18Â°K V:4.0981e-05V I:5.1256e-03A R:7.9953e-03ğ›€ E:7.8809e-04V/cm J:5.7591e-02A/cm2 ğ›’:1.3684e-02ğ›€ cm
2023-06-08 15:47:46,808 INFO Measurement at current 0.0051758793969849245
2023-06-08 15:47:47,406 INFO T:296.17Â°K V:4.1330e-05V I:5.1759e-03A R:7.9851e-03ğ›€ E:7.9480e-04V/cm J:5.8156e-02A/cm2 ğ›’:1.3667e-02ğ›€ cm
2023-06-08 15:47:47,433 INFO Measurement at current 0.0052261306532663315
2023-06-08 15:47:48,037 INFO T:296.19Â°K V:4.1688e-05V I:5.2261e-03A R:7.9769e-03ğ›€ E:8.0170e-04V/cm J:5.8721e-02A/cm2 ğ›’:1.3653e-02ğ›€ cm
2023-06-08 15:47:48,060 INFO Measurement at current 0.0052763819095477385
2023-06-08 15:47:48,658 INFO T:296.17Â°K V:4.2072e-05V I:5.2764e-03A R:7.9736e-03ğ›€ E:8.0907e-04V/cm J:5.9285e-02A/cm2 ğ›’:1.3647e-02ğ›€ cm
2023-06-08 15:47:48,692 INFO Measurement at current 0.0053266331658291454
2023-06-08 15:47:49,290 INFO T:296.17Â°K V:4.2411e-05V I:5.3266e-03A R:7.9621e-03ğ›€ E:8.1560e-04V/cm J:5.9850e-02A/cm2 ğ›’:1.3627e-02ğ›€ cm
2023-06-08 15:47:49,310 INFO Measurement at current 0.005376884422110553
2023-06-08 15:47:49,912 INFO T:296.17Â°K V:4.2811e-05V I:5.3769e-03A R:7.9620e-03ğ›€ E:8.2329e-04V/cm J:6.0414e-02A/cm2 ğ›’:1.3627e-02ğ›€ cm
2023-06-08 15:47:49,937 INFO Measurement at current 0.00542713567839196
2023-06-08 15:47:50,546 INFO T:296.17Â°K V:4.3153e-05V I:5.4271e-03A R:7.9513e-03ğ›€ E:8.2986e-04V/cm J:6.0979e-02A/cm2 ğ›’:1.3609e-02ğ›€ cm
2023-06-08 15:47:50,582 INFO Measurement at current 0.005477386934673367
2023-06-08 15:47:51,193 INFO T:296.17Â°K V:4.3580e-05V I:5.4774e-03A R:7.9563e-03ğ›€ E:8.3807e-04V/cm J:6.1544e-02A/cm2 ğ›’:1.3617e-02ğ›€ cm
2023-06-08 15:47:51,208 INFO Measurement at current 0.005527638190954774
2023-06-08 15:47:51,805 INFO T:296.16Â°K V:4.3929e-05V I:5.5276e-03A R:7.9472e-03ğ›€ E:8.4479e-04V/cm J:6.2108e-02A/cm2 ğ›’:1.3602e-02ğ›€ cm
2023-06-08 15:47:51,840 INFO Measurement at current 0.005577889447236181
2023-06-08 15:47:52,434 INFO T:296.17Â°K V:4.4331e-05V I:5.5779e-03A R:7.9476e-03ğ›€ E:8.5252e-04V/cm J:6.2673e-02A/cm2 ğ›’:1.3603e-02ğ›€ cm
2023-06-08 15:47:52,450 INFO Measurement at current 0.005628140703517588
2023-06-08 15:47:53,051 INFO T:296.17Â°K V:4.4675e-05V I:5.6281e-03A R:7.9378e-03ğ›€ E:8.5914e-04V/cm J:6.3238e-02A/cm2 ğ›’:1.3586e-02ğ›€ cm
2023-06-08 15:47:53,074 INFO Measurement at current 0.005678391959798995
2023-06-08 15:47:53,673 INFO T:296.17Â°K V:4.5009e-05V I:5.6784e-03A R:7.9263e-03ğ›€ E:8.6556e-04V/cm J:6.3802e-02A/cm2 ğ›’:1.3566e-02ğ›€ cm
2023-06-08 15:47:53,696 INFO Measurement at current 0.005728643216080402
2023-06-08 15:47:54,290 INFO T:296.17Â°K V:4.5390e-05V I:5.7286e-03A R:7.9234e-03ğ›€ E:8.7289e-04V/cm J:6.4367e-02A/cm2 ğ›’:1.3561e-02ğ›€ cm
2023-06-08 15:47:54,332 INFO Measurement at current 0.005778894472361809
2023-06-08 15:47:54,947 INFO T:296.16Â°K V:4.5686e-05V I:5.7789e-03A R:7.9056e-03ğ›€ E:8.7857e-04V/cm J:6.4931e-02A/cm2 ğ›’:1.3531e-02ğ›€ cm
2023-06-08 15:47:54,967 INFO Measurement at current 0.005829145728643216
2023-06-08 15:47:55,558 INFO T:296.16Â°K V:4.6109e-05V I:5.8291e-03A R:7.9102e-03ğ›€ E:8.8672e-04V/cm J:6.5496e-02A/cm2 ğ›’:1.3539e-02ğ›€ cm
2023-06-08 15:47:55,575 INFO Measurement at current 0.005879396984924623
2023-06-08 15:47:56,194 INFO T:296.16Â°K V:4.6489e-05V I:5.8794e-03A R:7.9071e-03ğ›€ E:8.9402e-04V/cm J:6.6061e-02A/cm2 ğ›’:1.3533e-02ğ›€ cm
2023-06-08 15:47:56,234 INFO Measurement at current 0.00592964824120603
2023-06-08 15:47:56,838 INFO T:296.17Â°K V:4.6840e-05V I:5.9296e-03A R:7.8992e-03ğ›€ E:9.0076e-04V/cm J:6.6625e-02A/cm2 ğ›’:1.3520e-02ğ›€ cm
2023-06-08 15:47:56,859 INFO Measurement at current 0.005979899497487437
2023-06-08 15:47:57,451 INFO T:296.16Â°K V:4.7227e-05V I:5.9799e-03A R:7.8976e-03ğ›€ E:9.0821e-04V/cm J:6.7190e-02A/cm2 ğ›’:1.3517e-02ğ›€ cm
2023-06-08 15:47:57,468 INFO Measurement at current 0.006030150753768844
2023-06-08 15:47:58,077 INFO T:296.16Â°K V:4.7574e-05V I:6.0302e-03A R:7.8893e-03ğ›€ E:9.1488e-04V/cm J:6.7755e-02A/cm2 ğ›’:1.3503e-02ğ›€ cm
2023-06-08 15:47:58,099 INFO Measurement at current 0.006080402010050252
2023-06-08 15:47:58,701 INFO T:296.16Â°K V:4.7923e-05V I:6.0804e-03A R:7.8815e-03ğ›€ E:9.2159e-04V/cm J:6.8319e-02A/cm2 ğ›’:1.3489e-02ğ›€ cm
2023-06-08 15:47:58,729 INFO Measurement at current 0.006130653266331659
2023-06-08 15:47:59,324 INFO T:296.16Â°K V:4.8276e-05V I:6.1307e-03A R:7.8745e-03ğ›€ E:9.2839e-04V/cm J:6.8884e-02A/cm2 ğ›’:1.3478e-02ğ›€ cm
2023-06-08 15:47:59,347 INFO Measurement at current 0.006180904522613066
2023-06-08 15:47:59,943 INFO T:296.16Â°K V:4.8632e-05V I:6.1809e-03A R:7.8681e-03ğ›€ E:9.3523e-04V/cm J:6.9448e-02A/cm2 ğ›’:1.3467e-02ğ›€ cm
2023-06-08 15:47:59,965 INFO Measurement at current 0.006231155778894473
2023-06-08 15:48:00,562 INFO T:296.16Â°K V:4.8944e-05V I:6.2312e-03A R:7.8547e-03ğ›€ E:9.4122e-04V/cm J:7.0013e-02A/cm2 ğ›’:1.3444e-02ğ›€ cm
2023-06-08 15:48:00,586 INFO Measurement at current 0.00628140703517588
2023-06-08 15:48:01,183 INFO T:296.16Â°K V:4.9264e-05V I:6.2814e-03A R:7.8428e-03ğ›€ E:9.4738e-04V/cm J:7.0578e-02A/cm2 ğ›’:1.3423e-02ğ›€ cm
2023-06-08 15:48:01,202 INFO Measurement at current 0.006331658291457287
2023-06-08 15:48:01,818 INFO T:296.15Â°K V:4.9632e-05V I:6.3317e-03A R:7.8387e-03ğ›€ E:9.5446e-04V/cm J:7.1142e-02A/cm2 ğ›’:1.3416e-02ğ›€ cm
2023-06-08 15:48:01,839 INFO Measurement at current 0.006381909547738694
2023-06-08 15:48:02,431 INFO T:296.15Â°K V:4.9991e-05V I:6.3819e-03A R:7.8332e-03ğ›€ E:9.6137e-04V/cm J:7.1707e-02A/cm2 ğ›’:1.3407e-02ğ›€ cm
2023-06-08 15:48:02,454 INFO Measurement at current 0.006432160804020101
2023-06-08 15:48:03,050 INFO T:296.15Â°K V:5.0340e-05V I:6.4322e-03A R:7.8263e-03ğ›€ E:9.6807e-04V/cm J:7.2271e-02A/cm2 ğ›’:1.3395e-02ğ›€ cm
2023-06-08 15:48:03,075 INFO Measurement at current 0.006482412060301508
2023-06-08 15:48:03,689 INFO T:296.15Â°K V:5.0677e-05V I:6.4824e-03A R:7.8175e-03ğ›€ E:9.7455e-04V/cm J:7.2836e-02A/cm2 ğ›’:1.3380e-02ğ›€ cm
2023-06-08 15:48:03,711 INFO Measurement at current 0.006532663316582915
2023-06-08 15:48:04,309 INFO T:296.15Â°K V:5.1017e-05V I:6.5327e-03A R:7.8095e-03ğ›€ E:9.8110e-04V/cm J:7.3401e-02A/cm2 ğ›’:1.3366e-02ğ›€ cm
2023-06-08 15:48:04,334 INFO Measurement at current 0.0065829145728643216
2023-06-08 15:48:04,933 INFO T:296.15Â°K V:5.1385e-05V I:6.5829e-03A R:7.8058e-03ğ›€ E:9.8817e-04V/cm J:7.3965e-02A/cm2 ğ›’:1.3360e-02ğ›€ cm
2023-06-08 15:48:04,962 INFO Measurement at current 0.0066331658291457285
2023-06-08 15:48:05,558 INFO T:296.15Â°K V:5.1754e-05V I:6.6332e-03A R:7.8023e-03ğ›€ E:9.9527e-04V/cm J:7.4530e-02A/cm2 ğ›’:1.3354e-02ğ›€ cm
2023-06-08 15:48:05,576 INFO Measurement at current 0.0066834170854271355
2023-06-08 15:48:06,185 INFO T:296.14Â°K V:5.2110e-05V I:6.6834e-03A R:7.7968e-03ğ›€ E:1.0021e-03V/cm J:7.5095e-02A/cm2 ğ›’:1.3345e-02ğ›€ cm
2023-06-08 15:48:06,203 INFO Measurement at current 0.0067336683417085425
2023-06-08 15:48:06,813 INFO T:296.14Â°K V:5.2473e-05V I:6.7337e-03A R:7.7926e-03ğ›€ E:1.0091e-03V/cm J:7.5659e-02A/cm2 ğ›’:1.3337e-02ğ›€ cm
2023-06-08 15:48:06,828 INFO Measurement at current 0.0067839195979899495
2023-06-08 15:48:07,422 INFO T:296.14Â°K V:5.2801e-05V I:6.7839e-03A R:7.7833e-03ğ›€ E:1.0154e-03V/cm J:7.6224e-02A/cm2 ğ›’:1.3321e-02ğ›€ cm
2023-06-08 15:48:07,442 INFO Measurement at current 0.006834170854271357
2023-06-08 15:48:08,037 INFO T:296.14Â°K V:5.3166e-05V I:6.8342e-03A R:7.7795e-03ğ›€ E:1.0224e-03V/cm J:7.6788e-02A/cm2 ğ›’:1.3315e-02ğ›€ cm
2023-06-08 15:48:08,060 INFO Measurement at current 0.006884422110552764
2023-06-08 15:48:08,650 INFO T:296.14Â°K V:5.3552e-05V I:6.8844e-03A R:7.7788e-03ğ›€ E:1.0299e-03V/cm J:7.7353e-02A/cm2 ğ›’:1.3314e-02ğ›€ cm
2023-06-08 15:48:08,668 INFO Measurement at current 0.006934673366834171
2023-06-08 15:48:09,268 INFO T:296.14Â°K V:5.3884e-05V I:6.9347e-03A R:7.7702e-03ğ›€ E:1.0362e-03V/cm J:7.7918e-02A/cm2 ğ›’:1.3299e-02ğ›€ cm
2023-06-08 15:48:09,299 INFO Measurement at current 0.006984924623115578
2023-06-08 15:48:09,897 INFO T:296.14Â°K V:5.4275e-05V I:6.9849e-03A R:7.7703e-03ğ›€ E:1.0438e-03V/cm J:7.8482e-02A/cm2 ğ›’:1.3299e-02ğ›€ cm
2023-06-08 15:48:09,925 INFO Measurement at current 0.007035175879396985
2023-06-08 15:48:10,524 INFO T:296.14Â°K V:5.4608e-05V I:7.0352e-03A R:7.7621e-03ğ›€ E:1.0501e-03V/cm J:7.9047e-02A/cm2 ğ›’:1.3285e-02ğ›€ cm
2023-06-08 15:48:10,559 INFO Measurement at current 0.007085427135678392
2023-06-08 15:48:11,163 INFO T:296.14Â°K V:5.4990e-05V I:7.0854e-03A R:7.7610e-03ğ›€ E:1.0575e-03V/cm J:7.9612e-02A/cm2 ğ›’:1.3283e-02ğ›€ cm
2023-06-08 15:48:11,184 INFO Measurement at current 0.007135678391959799
2023-06-08 15:48:11,785 INFO T:296.14Â°K V:5.5375e-05V I:7.1357e-03A R:7.7603e-03ğ›€ E:1.0649e-03V/cm J:8.0176e-02A/cm2 ğ›’:1.3282e-02ğ›€ cm
2023-06-08 15:48:11,807 INFO Measurement at current 0.007185929648241206
2023-06-08 15:48:12,415 INFO T:296.14Â°K V:5.5638e-05V I:7.1859e-03A R:7.7426e-03ğ›€ E:1.0700e-03V/cm J:8.0741e-02A/cm2 ğ›’:1.3252e-02ğ›€ cm
2023-06-08 15:48:12,473 INFO Measurement at current 0.007236180904522613
2023-06-08 15:48:13,072 INFO T:296.13Â°K V:5.5996e-05V I:7.2362e-03A R:7.7383e-03ğ›€ E:1.0768e-03V/cm J:8.1305e-02A/cm2 ğ›’:1.3244e-02ğ›€ cm
2023-06-08 15:48:13,097 INFO Measurement at current 0.00728643216080402
2023-06-08 15:48:13,700 INFO T:296.13Â°K V:5.6349e-05V I:7.2864e-03A R:7.7334e-03ğ›€ E:1.0836e-03V/cm J:8.1870e-02A/cm2 ğ›’:1.3236e-02ğ›€ cm
2023-06-08 15:48:13,728 INFO Measurement at current 0.007336683417085427
2023-06-08 15:48:14,335 INFO T:296.13Â°K V:5.6717e-05V I:7.3367e-03A R:7.7306e-03ğ›€ E:1.0907e-03V/cm J:8.2435e-02A/cm2 ğ›’:1.3231e-02ğ›€ cm
2023-06-08 15:48:14,356 INFO Measurement at current 0.007386934673366834
2023-06-08 15:48:14,951 INFO T:296.13Â°K V:5.7040e-05V I:7.3869e-03A R:7.7217e-03ğ›€ E:1.0969e-03V/cm J:8.2999e-02A/cm2 ğ›’:1.3216e-02ğ›€ cm
2023-06-08 15:48:14,978 INFO Measurement at current 0.007437185929648241
2023-06-08 15:48:15,586 INFO T:296.13Â°K V:5.7376e-05V I:7.4372e-03A R:7.7147e-03ğ›€ E:1.1034e-03V/cm J:8.3564e-02A/cm2 ğ›’:1.3204e-02ğ›€ cm
2023-06-08 15:48:15,606 INFO Measurement at current 0.007487437185929648
2023-06-08 15:48:16,204 INFO T:296.13Â°K V:5.7696e-05V I:7.4874e-03A R:7.7057e-03ğ›€ E:1.1095e-03V/cm J:8.4129e-02A/cm2 ğ›’:1.3189e-02ğ›€ cm
2023-06-08 15:48:16,225 INFO Measurement at current 0.007537688442211056
2023-06-08 15:48:16,828 INFO T:296.13Â°K V:5.8046e-05V I:7.5377e-03A R:7.7008e-03ğ›€ E:1.1163e-03V/cm J:8.4693e-02A/cm2 ğ›’:1.3180e-02ğ›€ cm
2023-06-08 15:48:16,843 INFO Measurement at current 0.007587939698492463
2023-06-08 15:48:17,437 INFO T:296.12Â°K V:5.8436e-05V I:7.5879e-03A R:7.7012e-03ğ›€ E:1.1238e-03V/cm J:8.5258e-02A/cm2 ğ›’:1.3181e-02ğ›€ cm
2023-06-08 15:48:17,463 INFO Measurement at current 0.00763819095477387
2023-06-08 15:48:18,065 INFO T:296.12Â°K V:5.8787e-05V I:7.6382e-03A R:7.6964e-03ğ›€ E:1.1305e-03V/cm J:8.5822e-02A/cm2 ğ›’:1.3173e-02ğ›€ cm
2023-06-08 15:48:18,080 INFO Measurement at current 0.007688442211055277
2023-06-08 15:48:18,695 INFO T:296.13Â°K V:5.9105e-05V I:7.6884e-03A R:7.6875e-03ğ›€ E:1.1366e-03V/cm J:8.6387e-02A/cm2 ğ›’:1.3157e-02ğ›€ cm
2023-06-08 15:48:18,712 INFO Measurement at current 0.007738693467336684
2023-06-08 15:48:19,332 INFO T:296.12Â°K V:5.9521e-05V I:7.7387e-03A R:7.6913e-03ğ›€ E:1.1446e-03V/cm J:8.6952e-02A/cm2 ğ›’:1.3164e-02ğ›€ cm
2023-06-08 15:48:19,348 INFO Measurement at current 0.007788944723618091
2023-06-08 15:48:19,942 INFO T:296.12Â°K V:5.9796e-05V I:7.7889e-03A R:7.6771e-03ğ›€ E:1.1499e-03V/cm J:8.7516e-02A/cm2 ğ›’:1.3140e-02ğ›€ cm
2023-06-08 15:48:19,958 INFO Measurement at current 0.007839195979899497
2023-06-08 15:48:20,577 INFO T:296.12Â°K V:6.0150e-05V I:7.8392e-03A R:7.6730e-03ğ›€ E:1.1567e-03V/cm J:8.8081e-02A/cm2 ğ›’:1.3133e-02ğ›€ cm
2023-06-08 15:48:20,603 INFO Measurement at current 0.007889447236180906
2023-06-08 15:48:21,205 INFO T:296.12Â°K V:6.0509e-05V I:7.8894e-03A R:7.6696e-03ğ›€ E:1.1636e-03V/cm J:8.8645e-02A/cm2 ğ›’:1.3127e-02ğ›€ cm
2023-06-08 15:48:21,224 INFO Measurement at current 0.007939698492462312
2023-06-08 15:48:21,817 INFO T:296.12Â°K V:6.0855e-05V I:7.9397e-03A R:7.6647e-03ğ›€ E:1.1703e-03V/cm J:8.9210e-02A/cm2 ğ›’:1.3118e-02ğ›€ cm
2023-06-08 15:48:21,837 INFO Measurement at current 0.00798994974874372
2023-06-08 15:48:22,432 INFO T:296.12Â°K V:6.1258e-05V I:7.9899e-03A R:7.6669e-03ğ›€ E:1.1780e-03V/cm J:8.9775e-02A/cm2 ğ›’:1.3122e-02ğ›€ cm
2023-06-08 15:48:22,448 INFO Measurement at current 0.008040201005025126
2023-06-08 15:48:23,045 INFO T:296.12Â°K V:6.1662e-05V I:8.0402e-03A R:7.6692e-03ğ›€ E:1.1858e-03V/cm J:9.0339e-02A/cm2 ğ›’:1.3126e-02ğ›€ cm
2023-06-08 15:48:23,064 INFO Measurement at current 0.008090452261306533
2023-06-08 15:48:23,655 INFO T:296.12Â°K V:6.1898e-05V I:8.0905e-03A R:7.6507e-03ğ›€ E:1.1903e-03V/cm J:9.0904e-02A/cm2 ğ›’:1.3094e-02ğ›€ cm
2023-06-08 15:48:23,678 INFO Measurement at current 0.00814070351758794
2023-06-08 15:48:24,285 INFO T:296.11Â°K V:6.2454e-05V I:8.1407e-03A R:7.6718e-03ğ›€ E:1.2010e-03V/cm J:9.1469e-02A/cm2 ğ›’:1.3131e-02ğ›€ cm
2023-06-08 15:48:24,304 INFO Measurement at current 0.008190954773869347
2023-06-08 15:48:24,902 INFO T:296.12Â°K V:6.2659e-05V I:8.1910e-03A R:7.6498e-03ğ›€ E:1.2050e-03V/cm J:9.2033e-02A/cm2 ğ›’:1.3093e-02ğ›€ cm
2023-06-08 15:48:24,933 INFO Measurement at current 0.008241206030150754
2023-06-08 15:48:25,532 INFO T:296.12Â°K V:6.3054e-05V I:8.2412e-03A R:7.6511e-03ğ›€ E:1.2126e-03V/cm J:9.2598e-02A/cm2 ğ›’:1.3095e-02ğ›€ cm
2023-06-08 15:48:25,553 INFO Measurement at current 0.008291457286432161
2023-06-08 15:48:26,159 INFO T:296.11Â°K V:6.3430e-05V I:8.2915e-03A R:7.6501e-03ğ›€ E:1.2198e-03V/cm J:9.3162e-02A/cm2 ğ›’:1.3093e-02ğ›€ cm
2023-06-08 15:48:26,177 INFO Measurement at current 0.008341708542713568
2023-06-08 15:48:26,781 INFO T:296.11Â°K V:6.3696e-05V I:8.3417e-03A R:7.6359e-03ğ›€ E:1.2249e-03V/cm J:9.3727e-02A/cm2 ğ›’:1.3069e-02ğ›€ cm
2023-06-08 15:48:26,818 INFO Measurement at current 0.008391959798994975
2023-06-08 15:48:27,411 INFO T:296.11Â°K V:6.4155e-05V I:8.3920e-03A R:7.6449e-03ğ›€ E:1.2338e-03V/cm J:9.4292e-02A/cm2 ğ›’:1.3085e-02ğ›€ cm
2023-06-08 15:48:27,431 INFO Measurement at current 0.008442211055276382
2023-06-08 15:48:28,023 INFO T:296.11Â°K V:6.4457e-05V I:8.4422e-03A R:7.6351e-03ğ›€ E:1.2396e-03V/cm J:9.4856e-02A/cm2 ğ›’:1.3068e-02ğ›€ cm
2023-06-08 15:48:28,052 INFO Measurement at current 0.00849246231155779
2023-06-08 15:48:28,649 INFO T:296.11Â°K V:6.4737e-05V I:8.4925e-03A R:7.6228e-03ğ›€ E:1.2449e-03V/cm J:9.5421e-02A/cm2 ğ›’:1.3047e-02ğ›€ cm
2023-06-08 15:48:28,670 INFO Measurement at current 0.008542713567839196
2023-06-08 15:48:29,271 INFO T:296.11Â°K V:6.5075e-05V I:8.5427e-03A R:7.6176e-03ğ›€ E:1.2514e-03V/cm J:9.5986e-02A/cm2 ğ›’:1.3038e-02ğ›€ cm
2023-06-08 15:48:29,295 INFO Measurement at current 0.008592964824120603
2023-06-08 15:48:29,895 INFO T:296.11Â°K V:6.5503e-05V I:8.5930e-03A R:7.6228e-03ğ›€ E:1.2597e-03V/cm J:9.6550e-02A/cm2 ğ›’:1.3047e-02ğ›€ cm
2023-06-08 15:48:29,914 INFO Measurement at current 0.00864321608040201
2023-06-08 15:48:30,518 INFO T:296.11Â°K V:6.5880e-05V I:8.6432e-03A R:7.6222e-03ğ›€ E:1.2669e-03V/cm J:9.7115e-02A/cm2 ğ›’:1.3046e-02ğ›€ cm
2023-06-08 15:48:30,547 INFO Measurement at current 0.008693467336683417
2023-06-08 15:48:31,156 INFO T:296.11Â°K V:6.6141e-05V I:8.6935e-03A R:7.6082e-03ğ›€ E:1.2720e-03V/cm J:9.7679e-02A/cm2 ğ›’:1.3022e-02ğ›€ cm
2023-06-08 15:48:31,187 INFO Measurement at current 0.008743718592964824
2023-06-08 15:48:31,799 INFO T:296.11Â°K V:6.6492e-05V I:8.7437e-03A R:7.6045e-03ğ›€ E:1.2787e-03V/cm J:9.8244e-02A/cm2 ğ›’:1.3015e-02ğ›€ cm
2023-06-08 15:48:31,815 INFO Measurement at current 0.008793969849246231
2023-06-08 15:48:32,410 INFO T:296.10Â°K V:6.6964e-05V I:8.7940e-03A R:7.6148e-03ğ›€ E:1.2878e-03V/cm J:9.8809e-02A/cm2 ğ›’:1.3033e-02ğ›€ cm
2023-06-08 15:48:32,429 INFO Measurement at current 0.008844221105527638
2023-06-08 15:48:33,024 INFO T:296.10Â°K V:6.7332e-05V I:8.8442e-03A R:7.6131e-03ğ›€ E:1.2948e-03V/cm J:9.9373e-02A/cm2 ğ›’:1.3030e-02ğ›€ cm
2023-06-08 15:48:33,044 INFO Measurement at current 0.008894472361809045
2023-06-08 15:48:33,652 INFO T:296.10Â°K V:6.7630e-05V I:8.8945e-03A R:7.6036e-03ğ›€ E:1.3006e-03V/cm J:9.9938e-02A/cm2 ğ›’:1.3014e-02ğ›€ cm
2023-06-08 15:48:33,669 INFO Measurement at current 0.008944723618090452
2023-06-08 15:48:34,273 INFO T:296.11Â°K V:6.7840e-05V I:8.9447e-03A R:7.5843e-03ğ›€ E:1.3046e-03V/cm J:1.0050e-01A/cm2 ğ›’:1.2981e-02ğ›€ cm
2023-06-08 15:48:34,316 INFO Measurement at current 0.008994974874371859
2023-06-08 15:48:34,913 INFO T:296.10Â°K V:6.8227e-05V I:8.9950e-03A R:7.5850e-03ğ›€ E:1.3121e-03V/cm J:1.0107e-01A/cm2 ğ›’:1.2982e-02ğ›€ cm
2023-06-08 15:48:34,933 INFO Measurement at current 0.009045226130653266
2023-06-08 15:48:35,536 INFO T:296.10Â°K V:6.8560e-05V I:9.0452e-03A R:7.5797e-03ğ›€ E:1.3185e-03V/cm J:1.0163e-01A/cm2 ğ›’:1.2973e-02ğ›€ cm
2023-06-08 15:48:35,559 INFO Measurement at current 0.009095477386934673
2023-06-08 15:48:36,167 INFO T:296.09Â°K V:6.8951e-05V I:9.0955e-03A R:7.5808e-03ğ›€ E:1.3260e-03V/cm J:1.0220e-01A/cm2 ğ›’:1.2975e-02ğ›€ cm
2023-06-08 15:48:36,184 INFO Measurement at current 0.00914572864321608
2023-06-08 15:48:36,780 INFO T:296.10Â°K V:6.9306e-05V I:9.1457e-03A R:7.5779e-03ğ›€ E:1.3328e-03V/cm J:1.0276e-01A/cm2 ğ›’:1.2970e-02ğ›€ cm
2023-06-08 15:48:36,801 INFO Measurement at current 0.009195979899497487
2023-06-08 15:48:37,400 INFO T:296.10Â°K V:6.9734e-05V I:9.1960e-03A R:7.5831e-03ğ›€ E:1.3410e-03V/cm J:1.0333e-01A/cm2 ğ›’:1.2979e-02ğ›€ cm
2023-06-08 15:48:37,417 INFO Measurement at current 0.009246231155778894
2023-06-08 15:48:38,025 INFO T:296.09Â°K V:7.0034e-05V I:9.2462e-03A R:7.5743e-03ğ›€ E:1.3468e-03V/cm J:1.0389e-01A/cm2 ğ›’:1.2964e-02ğ›€ cm
2023-06-08 15:48:38,063 INFO Measurement at current 0.009296482412060303
2023-06-08 15:48:38,666 INFO T:296.09Â°K V:7.0410e-05V I:9.2965e-03A R:7.5739e-03ğ›€ E:1.3540e-03V/cm J:1.0445e-01A/cm2 ğ›’:1.2963e-02ğ›€ cm
2023-06-08 15:48:38,686 INFO Measurement at current 0.00934673366834171
2023-06-08 15:48:39,286 INFO T:296.09Â°K V:7.0777e-05V I:9.3467e-03A R:7.5723e-03ğ›€ E:1.3611e-03V/cm J:1.0502e-01A/cm2 ğ›’:1.2960e-02ğ›€ cm
2023-06-08 15:48:39,307 INFO Measurement at current 0.009396984924623117
2023-06-08 15:48:39,923 INFO T:296.09Â°K V:7.1167e-05V I:9.3970e-03A R:7.5734e-03ğ›€ E:1.3686e-03V/cm J:1.0558e-01A/cm2 ğ›’:1.2962e-02ğ›€ cm
2023-06-08 15:48:39,941 INFO Measurement at current 0.009447236180904523
2023-06-08 15:48:40,547 INFO T:296.09Â°K V:7.1520e-05V I:9.4472e-03A R:7.5705e-03ğ›€ E:1.3754e-03V/cm J:1.0615e-01A/cm2 ğ›’:1.2957e-02ğ›€ cm
2023-06-08 15:48:40,568 INFO Measurement at current 0.00949748743718593
2023-06-08 15:48:41,158 INFO T:296.09Â°K V:7.1926e-05V I:9.4975e-03A R:7.5731e-03ğ›€ E:1.3832e-03V/cm J:1.0671e-01A/cm2 ğ›’:1.2962e-02ğ›€ cm
2023-06-08 15:48:41,193 INFO Measurement at current 0.009547738693467337
2023-06-08 15:48:41,795 INFO T:296.09Â°K V:7.2361e-05V I:9.5477e-03A R:7.5788e-03ğ›€ E:1.3915e-03V/cm J:1.0728e-01A/cm2 ğ›’:1.2971e-02ğ›€ cm
2023-06-08 15:48:41,831 INFO Measurement at current 0.009597989949748744
2023-06-08 15:48:42,441 INFO T:296.09Â°K V:7.2720e-05V I:9.5980e-03A R:7.5766e-03ğ›€ E:1.3985e-03V/cm J:1.0784e-01A/cm2 ğ›’:1.2968e-02ğ›€ cm
2023-06-08 15:48:42,467 INFO Measurement at current 0.009648241206030151
2023-06-08 15:48:43,059 INFO T:296.09Â°K V:7.3132e-05V I:9.6482e-03A R:7.5798e-03ğ›€ E:1.4064e-03V/cm J:1.0841e-01A/cm2 ğ›’:1.2973e-02ğ›€ cm
2023-06-08 15:48:43,079 INFO Measurement at current 0.009698492462311558
2023-06-08 15:48:43,687 INFO T:296.09Â°K V:7.3573e-05V I:9.6985e-03A R:7.5861e-03ğ›€ E:1.4149e-03V/cm J:1.0897e-01A/cm2 ğ›’:1.2984e-02ğ›€ cm
2023-06-08 15:48:43,728 INFO Measurement at current 0.009748743718592965
2023-06-08 15:48:44,321 INFO T:296.09Â°K V:7.3806e-05V I:9.7487e-03A R:7.5708e-03ğ›€ E:1.4193e-03V/cm J:1.0954e-01A/cm2 ğ›’:1.2958e-02ğ›€ cm
2023-06-08 15:48:44,336 INFO Measurement at current 0.009798994974874372
2023-06-08 15:48:44,933 INFO T:296.08Â°K V:7.4159e-05V I:9.7990e-03A R:7.5681e-03ğ›€ E:1.4261e-03V/cm J:1.1010e-01A/cm2 ğ›’:1.2953e-02ğ›€ cm
2023-06-08 15:48:44,954 INFO Measurement at current 0.00984924623115578
2023-06-08 15:48:45,552 INFO T:296.08Â°K V:7.4601e-05V I:9.8492e-03A R:7.5742e-03ğ›€ E:1.4346e-03V/cm J:1.1067e-01A/cm2 ğ›’:1.2964e-02ğ›€ cm
2023-06-08 15:48:45,569 INFO Measurement at current 0.009899497487437186
2023-06-08 15:48:46,178 INFO T:296.09Â°K V:7.4855e-05V I:9.8995e-03A R:7.5615e-03ğ›€ E:1.4395e-03V/cm J:1.1123e-01A/cm2 ğ›’:1.2942e-02ğ›€ cm
2023-06-08 15:48:46,199 INFO Measurement at current 0.009949748743718593
2023-06-08 15:48:46,792 INFO T:296.08Â°K V:7.5107e-05V I:9.9497e-03A R:7.5486e-03ğ›€ E:1.4444e-03V/cm J:1.1179e-01A/cm2 ğ›’:1.2920e-02ğ›€ cm
2023-06-08 15:48:46,819 INFO Measurement at current 0.01
2023-06-08 15:48:47,433 INFO T:296.07Â°K V:7.5582e-05V I:1.0000e-02A R:7.5582e-03ğ›€ E:1.4535e-03V/cm J:1.1236e-01A/cm2 ğ›’:1.2936e-02ğ›€ cm
2023-06-08 15:49:06,156 INFO Save the description file
2023-06-08 15:49:06,167 INFO Save data in numpy format Esperimenti/BS_1_4a_080623_I_V/BS_1_4a_080623_I_V_current_from_0_to_100e-4A/BS_1_4a_080623_I_V_current_from_0_to_100e-4A-20230608154904
2023-06-08 15:49:06,193 INFO Save data in CSV format Esperimenti/BS_1_4a_080623_I_V/BS_1_4a_080623_I_V_current_from_0_to_100e-4A/BS_1_4a_080623_I_V_current_from_0_to_100e-4A-20230608154904.csv
2023-06-08 15:49:06,224 INFO Save plot as image Esperimenti/BS_1_4a_080623_I_V/BS_1_4a_080623_I_V_current_from_0_to_100e-4A/BS_1_4a_080623_I_V_current_from_0_to_100e-4A-20230608154904.png
