2023-06-08 16:01:43,624 INFO ### Start experiment: BS_1_4a_080623_I_V current from 0 to 100e-4A ###
2023-06-08 16:01:44,973 INFO Found Multimeter KEITHLEY INSTRUMENTS INC.,MODEL 2700,0884890,B03  /A02  

2023-06-08 16:01:46,003 INFO Found Nanovolt Meter KEITHLEY INSTRUMENTS INC.,MODEL 2182A,4056474,C03  /A02  

2023-06-08 16:01:46,121 INFO Found Source Meter KEITHLEY INSTRUMENTS INC.,MODEL 2400,0945684,C24   Feb 14 2002 11:59:45/A02  /K/H

2023-06-08 16:01:46,258 INFO Start the measurement loop
2023-06-08 16:01:52,213 INFO Measurement at current 0.0
2023-06-08 16:01:53,127 INFO T:289.64Â°K V:-1.0696e-05V I:0.0000e+00A R:-infğ›€ E:-2.0569e-04V/cm J:0.0000e+00A/cm2 ğ›’:-infğ›€ cm
2023-06-08 16:01:53,151 INFO Measurement at current 5.0251256281407036e-05
2023-06-08 16:01:53,770 INFO T:289.64Â°K V:-1.0211e-05V I:5.0251e-05A R:-2.0320e-01ğ›€ E:-1.9636e-04V/cm J:5.6462e-04A/cm2 ğ›’:-3.4778e-01ğ›€ cm
2023-06-08 16:01:53,795 INFO Measurement at current 0.00010050251256281407
2023-06-08 16:01:54,404 INFO T:289.63Â°K V:-9.7086e-06V I:1.0050e-04A R:-9.6600e-02ğ›€ E:-1.8670e-04V/cm J:1.1292e-03A/cm2 ğ›’:-1.6533e-01ğ›€ cm
2023-06-08 16:01:54,423 INFO Measurement at current 0.00015075376884422112
2023-06-08 16:01:55,017 INFO T:289.62Â°K V:-9.2059e-06V I:1.5075e-04A R:-6.1066e-02ğ›€ E:-1.7704e-04V/cm J:1.6939e-03A/cm2 ğ›’:-1.0452e-01ğ›€ cm
2023-06-08 16:01:55,034 INFO Measurement at current 0.00020100502512562814
2023-06-08 16:01:55,624 INFO T:289.62Â°K V:-8.7307e-06V I:2.0101e-04A R:-4.3435e-02ğ›€ E:-1.6790e-04V/cm J:2.2585e-03A/cm2 ğ›’:-7.4341e-02ğ›€ cm
2023-06-08 16:01:55,642 INFO Measurement at current 0.0002512562814070352
2023-06-08 16:01:56,245 INFO T:289.61Â°K V:-8.2372e-06V I:2.5126e-04A R:-3.2784e-02ğ›€ E:-1.5841e-04V/cm J:2.8231e-03A/cm2 ğ›’:-5.6111e-02ğ›€ cm
2023-06-08 16:01:56,267 INFO Measurement at current 0.00030150753768844223
2023-06-08 16:01:56,869 INFO T:289.61Â°K V:-7.7558e-06V I:3.0151e-04A R:-2.5724e-02ğ›€ E:-1.4915e-04V/cm J:3.3877e-03A/cm2 ğ›’:-4.4027e-02ğ›€ cm
2023-06-08 16:01:56,891 INFO Measurement at current 0.00035175879396984926
2023-06-08 16:01:57,493 INFO T:289.60Â°K V:-7.2597e-06V I:3.5176e-04A R:-2.0638e-02ğ›€ E:-1.3961e-04V/cm J:3.9523e-03A/cm2 ğ›’:-3.5323e-02ğ›€ cm
2023-06-08 16:01:57,508 INFO Measurement at current 0.0004020100502512563
2023-06-08 16:01:58,105 INFO T:289.59Â°K V:-6.7896e-06V I:4.0201e-04A R:-1.6889e-02ğ›€ E:-1.3057e-04V/cm J:4.5170e-03A/cm2 ğ›’:-2.8906e-02ğ›€ cm
2023-06-08 16:01:58,137 INFO Measurement at current 0.0004522613065326633
2023-06-08 16:01:58,730 INFO T:289.59Â°K V:-6.3111e-06V I:4.5226e-04A R:-1.3955e-02ğ›€ E:-1.2137e-04V/cm J:5.0816e-03A/cm2 ğ›’:-2.3884e-02ğ›€ cm
2023-06-08 16:01:58,748 INFO Measurement at current 0.0005025125628140704
2023-06-08 16:01:59,345 INFO T:289.58Â°K V:-5.8399e-06V I:5.0251e-04A R:-1.1621e-02ğ›€ E:-1.1231e-04V/cm J:5.6462e-03A/cm2 ğ›’:-1.9891e-02ğ›€ cm
2023-06-08 16:01:59,369 INFO Measurement at current 0.0005527638190954774
2023-06-08 16:01:59,968 INFO T:289.58Â°K V:-5.3670e-06V I:5.5276e-04A R:-9.7093e-03ğ›€ E:-1.0321e-04V/cm J:6.2108e-03A/cm2 ğ›’:-1.6618e-02ğ›€ cm
2023-06-08 16:01:59,993 INFO Measurement at current 0.0006030150753768845
2023-06-08 16:02:00,585 INFO T:289.58Â°K V:-4.9012e-06V I:6.0302e-04A R:-8.1279e-03ğ›€ E:-9.4255e-05V/cm J:6.7755e-03A/cm2 ğ›’:-1.3911e-02ğ›€ cm
2023-06-08 16:02:00,600 INFO Measurement at current 0.0006532663316582914
2023-06-08 16:02:01,191 INFO T:289.56Â°K V:-4.4270e-06V I:6.5327e-04A R:-6.7766e-03ğ›€ E:-8.5134e-05V/cm J:7.3401e-03A/cm2 ğ›’:-1.1598e-02ğ›€ cm
2023-06-08 16:02:01,223 INFO Measurement at current 0.0007035175879396985
2023-06-08 16:02:01,818 INFO T:289.56Â°K V:-3.9568e-06V I:7.0352e-04A R:-5.6243e-03ğ›€ E:-7.6092e-05V/cm J:7.9047e-03A/cm2 ğ›’:-9.6262e-03ğ›€ cm
2023-06-08 16:02:01,840 INFO Measurement at current 0.0007537688442211055
2023-06-08 16:02:02,443 INFO T:289.56Â°K V:-3.4900e-06V I:7.5377e-04A R:-4.6300e-03ğ›€ E:-6.7115e-05V/cm J:8.4693e-03A/cm2 ğ›’:-7.9245e-03ğ›€ cm
2023-06-08 16:02:02,485 INFO Measurement at current 0.0008040201005025126
2023-06-08 16:02:03,093 INFO T:289.55Â°K V:-3.0421e-06V I:8.0402e-04A R:-3.7836e-03ğ›€ E:-5.8502e-05V/cm J:9.0339e-03A/cm2 ğ›’:-6.4758e-03ğ›€ cm
2023-06-08 16:02:03,110 INFO Measurement at current 0.0008542713567839197
2023-06-08 16:02:03,708 INFO T:289.54Â°K V:-2.5766e-06V I:8.5427e-04A R:-3.0161e-03ğ›€ E:-4.9550e-05V/cm J:9.5986e-03A/cm2 ğ›’:-5.1622e-03ğ›€ cm
2023-06-08 16:02:03,725 INFO Measurement at current 0.0009045226130653266
2023-06-08 16:02:04,330 INFO T:289.53Â°K V:-2.1190e-06V I:9.0452e-04A R:-2.3426e-03ğ›€ E:-4.0749e-05V/cm J:1.0163e-02A/cm2 ğ›’:-4.0095e-03ğ›€ cm
2023-06-08 16:02:04,347 INFO Measurement at current 0.0009547738693467337
2023-06-08 16:02:04,952 INFO T:289.53Â°K V:-1.6659e-06V I:9.5477e-04A R:-1.7449e-03ğ›€ E:-3.2037e-05V/cm J:1.0728e-02A/cm2 ğ›’:-2.9864e-03ğ›€ cm
2023-06-08 16:02:04,977 INFO Measurement at current 0.0010050251256281408
2023-06-08 16:02:05,585 INFO T:289.52Â°K V:-1.2139e-06V I:1.0050e-03A R:-1.2079e-03ğ›€ E:-2.3345e-05V/cm J:1.1292e-02A/cm2 ğ›’:-2.0673e-03ğ›€ cm
2023-06-08 16:02:05,608 INFO Measurement at current 0.0010552763819095478
2023-06-08 16:02:06,197 INFO T:289.51Â°K V:-4.8653e-07V I:1.0553e-03A R:-4.6104e-04ğ›€ E:-9.3563e-06V/cm J:1.1857e-02A/cm2 ğ›’:-7.8909e-04ğ›€ cm
2023-06-08 16:02:06,226 INFO Measurement at current 0.0011055276381909548
2023-06-08 16:02:06,826 INFO T:289.51Â°K V:-5.6308e-08V I:1.1055e-03A R:-5.0933e-05ğ›€ E:-1.0829e-06V/cm J:1.2422e-02A/cm2 ğ›’:-8.7175e-05ğ›€ cm
2023-06-08 16:02:06,843 INFO Measurement at current 0.0011557788944723617
2023-06-08 16:02:07,434 INFO T:289.51Â°K V:3.9045e-07V I:1.1558e-03A R:3.3782e-04ğ›€ E:7.5086e-06V/cm J:1.2986e-02A/cm2 ğ›’:5.7820e-04ğ›€ cm
2023-06-08 16:02:07,458 INFO Measurement at current 0.001206030150753769
2023-06-08 16:02:08,063 INFO T:289.50Â°K V:8.4104e-07V I:1.2060e-03A R:6.9736e-04ğ›€ E:1.6174e-05V/cm J:1.3551e-02A/cm2 ğ›’:1.1936e-03ğ›€ cm
2023-06-08 16:02:08,084 INFO Measurement at current 0.001256281407035176
2023-06-08 16:02:08,683 INFO T:289.49Â°K V:1.2801e-06V I:1.2563e-03A R:1.0190e-03ğ›€ E:2.4618e-05V/cm J:1.4116e-02A/cm2 ğ›’:1.7440e-03ğ›€ cm
2023-06-08 16:02:08,704 INFO Measurement at current 0.0013065326633165829
2023-06-08 16:02:09,297 INFO T:289.49Â°K V:1.7174e-06V I:1.3065e-03A R:1.3145e-03ğ›€ E:3.3027e-05V/cm J:1.4680e-02A/cm2 ğ›’:2.2498e-03ğ›€ cm
2023-06-08 16:02:09,314 INFO Measurement at current 0.00135678391959799
2023-06-08 16:02:09,910 INFO T:289.48Â°K V:2.1520e-06V I:1.3568e-03A R:1.5861e-03ğ›€ E:4.1384e-05V/cm J:1.5245e-02A/cm2 ğ›’:2.7146e-03ğ›€ cm
2023-06-08 16:02:09,934 INFO Measurement at current 0.001407035175879397
2023-06-08 16:02:10,535 INFO T:289.48Â°K V:2.5816e-06V I:1.4070e-03A R:1.8348e-03ğ›€ E:4.9646e-05V/cm J:1.5809e-02A/cm2 ğ›’:3.1403e-03ğ›€ cm
2023-06-08 16:02:10,558 INFO Measurement at current 0.001457286432160804
2023-06-08 16:02:11,158 INFO T:289.47Â°K V:3.0290e-06V I:1.4573e-03A R:2.0786e-03ğ›€ E:5.8251e-05V/cm J:1.6374e-02A/cm2 ğ›’:3.5575e-03ğ›€ cm
2023-06-08 16:02:11,179 INFO Measurement at current 0.001507537688442211
2023-06-08 16:02:11,769 INFO T:289.47Â°K V:3.4582e-06V I:1.5075e-03A R:2.2939e-03ğ›€ E:6.6503e-05V/cm J:1.6939e-02A/cm2 ğ›’:3.9261e-03ğ›€ cm
2023-06-08 16:02:11,786 INFO Measurement at current 0.0015577889447236182
2023-06-08 16:02:12,389 INFO T:289.46Â°K V:3.8860e-06V I:1.5578e-03A R:2.4945e-03ğ›€ E:7.4730e-05V/cm J:1.7503e-02A/cm2 ğ›’:4.2695e-03ğ›€ cm
2023-06-08 16:02:12,408 INFO Measurement at current 0.0016080402010050252
2023-06-08 16:02:13,009 INFO T:289.45Â°K V:4.2994e-06V I:1.6080e-03A R:2.6737e-03ğ›€ E:8.2681e-05V/cm J:1.8068e-02A/cm2 ğ›’:4.5762e-03ğ›€ cm
2023-06-08 16:02:13,032 INFO Measurement at current 0.0016582914572864321
2023-06-08 16:02:13,645 INFO T:289.44Â°K V:4.7262e-06V I:1.6583e-03A R:2.8501e-03ğ›€ E:9.0889e-05V/cm J:1.8632e-02A/cm2 ğ›’:4.8780e-03ğ›€ cm
2023-06-08 16:02:13,689 INFO Measurement at current 0.0017085427135678393
2023-06-08 16:02:14,283 INFO T:289.44Â°K V:5.1239e-06V I:1.7085e-03A R:2.9990e-03ğ›€ E:9.8536e-05V/cm J:1.9197e-02A/cm2 ğ›’:5.1328e-03ğ›€ cm
2023-06-08 16:02:14,305 INFO Measurement at current 0.0017587939698492463
2023-06-08 16:02:14,897 INFO T:289.43Â°K V:5.5612e-06V I:1.7588e-03A R:3.1620e-03ğ›€ E:1.0695e-04V/cm J:1.9762e-02A/cm2 ğ›’:5.4118e-03ğ›€ cm
2023-06-08 16:02:14,935 INFO Measurement at current 0.0018090452261306533
2023-06-08 16:02:15,535 INFO T:289.43Â°K V:5.9714e-06V I:1.8090e-03A R:3.3009e-03ğ›€ E:1.1483e-04V/cm J:2.0326e-02A/cm2 ğ›’:5.6495e-03ğ›€ cm
2023-06-08 16:02:15,551 INFO Measurement at current 0.0018592964824120603
2023-06-08 16:02:16,153 INFO T:289.42Â°K V:6.3761e-06V I:1.8593e-03A R:3.4293e-03ğ›€ E:1.2262e-04V/cm J:2.0891e-02A/cm2 ğ›’:5.8694e-03ğ›€ cm
2023-06-08 16:02:16,178 INFO Measurement at current 0.0019095477386934674
2023-06-08 16:02:16,780 INFO T:289.41Â°K V:6.7661e-06V I:1.9095e-03A R:3.5433e-03ğ›€ E:1.3012e-04V/cm J:2.1456e-02A/cm2 ğ›’:6.0645e-03ğ›€ cm
2023-06-08 16:02:16,801 INFO Measurement at current 0.001959798994974874
2023-06-08 16:02:17,387 INFO T:289.41Â°K V:7.1887e-06V I:1.9598e-03A R:3.6681e-03ğ›€ E:1.3824e-04V/cm J:2.2020e-02A/cm2 ğ›’:6.2781e-03ğ›€ cm
2023-06-08 16:02:17,403 INFO Measurement at current 0.0020100502512562816
2023-06-08 16:02:17,999 INFO T:289.40Â°K V:7.5637e-06V I:2.0101e-03A R:3.7629e-03ğ›€ E:1.4546e-04V/cm J:2.2585e-02A/cm2 ğ›’:6.4404e-03ğ›€ cm
2023-06-08 16:02:18,032 INFO Measurement at current 0.0020603015075376886
2023-06-08 16:02:18,628 INFO T:289.40Â°K V:7.9614e-06V I:2.0603e-03A R:3.8642e-03ğ›€ E:1.5310e-04V/cm J:2.3149e-02A/cm2 ğ›’:6.6137e-03ğ›€ cm
2023-06-08 16:02:18,651 INFO Measurement at current 0.0021105527638190956
2023-06-08 16:02:19,252 INFO T:289.39Â°K V:8.3455e-06V I:2.1106e-03A R:3.9542e-03ğ›€ E:1.6049e-04V/cm J:2.3714e-02A/cm2 ğ›’:6.7677e-03ğ›€ cm
2023-06-08 16:02:19,289 INFO Measurement at current 0.0021608040201005025
2023-06-08 16:02:19,886 INFO T:289.39Â°K V:8.7426e-06V I:2.1608e-03A R:4.0460e-03ğ›€ E:1.6813e-04V/cm J:2.4279e-02A/cm2 ğ›’:6.9249e-03ğ›€ cm
2023-06-08 16:02:19,902 INFO Measurement at current 0.0022110552763819095
2023-06-08 16:02:20,502 INFO T:289.38Â°K V:9.1057e-06V I:2.2111e-03A R:4.1182e-03ğ›€ E:1.7511e-04V/cm J:2.4843e-02A/cm2 ğ›’:7.0485e-03ğ›€ cm
2023-06-08 16:02:20,524 INFO Measurement at current 0.0022613065326633165
2023-06-08 16:02:21,122 INFO T:289.38Â°K V:9.4650e-06V I:2.2613e-03A R:4.1856e-03ğ›€ E:1.8202e-04V/cm J:2.5408e-02A/cm2 ğ›’:7.1639e-03ğ›€ cm
2023-06-08 16:02:21,136 INFO Measurement at current 0.0023115577889447235
2023-06-08 16:02:21,747 INFO T:289.37Â°K V:9.8378e-06V I:2.3116e-03A R:4.2559e-03ğ›€ E:1.8919e-04V/cm J:2.5973e-02A/cm2 ğ›’:7.2842e-03ğ›€ cm
2023-06-08 16:02:21,769 INFO Measurement at current 0.002361809045226131
2023-06-08 16:02:22,373 INFO T:289.37Â°K V:1.0208e-05V I:2.3618e-03A R:4.3220e-03ğ›€ E:1.9630e-04V/cm J:2.6537e-02A/cm2 ğ›’:7.3973e-03ğ›€ cm
2023-06-08 16:02:22,393 INFO Measurement at current 0.002412060301507538
2023-06-08 16:02:22,994 INFO T:289.36Â°K V:1.0550e-05V I:2.4121e-03A R:4.3736e-03ğ›€ E:2.0288e-04V/cm J:2.7102e-02A/cm2 ğ›’:7.4857e-03ğ›€ cm
2023-06-08 16:02:23,010 INFO Measurement at current 0.002462311557788945
2023-06-08 16:02:23,605 INFO T:289.35Â°K V:1.0901e-05V I:2.4623e-03A R:4.4273e-03ğ›€ E:2.0964e-04V/cm J:2.7666e-02A/cm2 ğ›’:7.5775e-03ğ›€ cm
2023-06-08 16:02:23,619 INFO Measurement at current 0.002512562814070352
2023-06-08 16:02:24,218 INFO T:289.35Â°K V:1.1266e-05V I:2.5126e-03A R:4.4837e-03ğ›€ E:2.1664e-04V/cm J:2.8231e-02A/cm2 ğ›’:7.6740e-03ğ›€ cm
2023-06-08 16:02:24,241 INFO Measurement at current 0.0025628140703517588
2023-06-08 16:02:24,837 INFO T:289.34Â°K V:1.1639e-05V I:2.5628e-03A R:4.5414e-03ğ›€ E:2.2382e-04V/cm J:2.8796e-02A/cm2 ğ›’:7.7728e-03ğ›€ cm
2023-06-08 16:02:24,862 INFO Measurement at current 0.0026130653266331657
2023-06-08 16:02:25,462 INFO T:289.34Â°K V:1.1919e-05V I:2.6131e-03A R:4.5613e-03ğ›€ E:2.2921e-04V/cm J:2.9360e-02A/cm2 ğ›’:7.8069e-03ğ›€ cm
2023-06-08 16:02:25,482 INFO Measurement at current 0.0026633165829145727
2023-06-08 16:02:26,088 INFO T:289.33Â°K V:1.2185e-05V I:2.6633e-03A R:4.5751e-03ğ›€ E:2.3433e-04V/cm J:2.9925e-02A/cm2 ğ›’:7.8305e-03ğ›€ cm
2023-06-08 16:02:26,109 INFO Measurement at current 0.00271356783919598
2023-06-08 16:02:26,699 INFO T:289.32Â°K V:1.2509e-05V I:2.7136e-03A R:4.6098e-03ğ›€ E:2.4056e-04V/cm J:3.0490e-02A/cm2 ğ›’:7.8898e-03ğ›€ cm
2023-06-08 16:02:26,717 INFO Measurement at current 0.002763819095477387
2023-06-08 16:02:27,313 INFO T:289.32Â°K V:1.2863e-05V I:2.7638e-03A R:4.6541e-03ğ›€ E:2.4737e-04V/cm J:3.1054e-02A/cm2 ğ›’:7.9657e-03ğ›€ cm
2023-06-08 16:02:27,328 INFO Measurement at current 0.002814070351758794
2023-06-08 16:02:27,940 INFO T:289.31Â°K V:1.3151e-05V I:2.8141e-03A R:4.6732e-03ğ›€ E:2.5290e-04V/cm J:3.1619e-02A/cm2 ğ›’:7.9983e-03ğ›€ cm
2023-06-08 16:02:27,969 INFO Measurement at current 0.002864321608040201
2023-06-08 16:02:28,577 INFO T:289.30Â°K V:1.3393e-05V I:2.8643e-03A R:4.6758e-03ğ›€ E:2.5756e-04V/cm J:3.2183e-02A/cm2 ğ›’:8.0028e-03ğ›€ cm
2023-06-08 16:02:28,596 INFO Measurement at current 0.002914572864321608
2023-06-08 16:02:29,196 INFO T:289.30Â°K V:1.3618e-05V I:2.9146e-03A R:4.6723e-03ğ›€ E:2.6188e-04V/cm J:3.2748e-02A/cm2 ğ›’:7.9968e-03ğ›€ cm
2023-06-08 16:02:29,213 INFO Measurement at current 0.002964824120603015
2023-06-08 16:02:29,815 INFO T:289.30Â°K V:1.3987e-05V I:2.9648e-03A R:4.7177e-03ğ›€ E:2.6898e-04V/cm J:3.3313e-02A/cm2 ğ›’:8.0745e-03ğ›€ cm
2023-06-08 16:02:29,836 INFO Measurement at current 0.003015075376884422
2023-06-08 16:02:30,438 INFO T:289.29Â°K V:1.4253e-05V I:3.0151e-03A R:4.7273e-03ğ›€ E:2.7410e-04V/cm J:3.3877e-02A/cm2 ğ›’:8.0909e-03ğ›€ cm
2023-06-08 16:02:30,454 INFO Measurement at current 0.0030653266331658294
2023-06-08 16:02:31,059 INFO T:289.29Â°K V:1.4558e-05V I:3.0653e-03A R:4.7492e-03ğ›€ E:2.7996e-04V/cm J:3.4442e-02A/cm2 ğ›’:8.1284e-03ğ›€ cm
2023-06-08 16:02:31,080 INFO Measurement at current 0.0031155778894472364
2023-06-08 16:02:31,669 INFO T:289.28Â°K V:1.4893e-05V I:3.1156e-03A R:4.7803e-03ğ›€ E:2.8641e-04V/cm J:3.5006e-02A/cm2 ğ›’:8.1817e-03ğ›€ cm
2023-06-08 16:02:31,687 INFO Measurement at current 0.0031658291457286433
2023-06-08 16:02:32,286 INFO T:289.28Â°K V:1.5195e-05V I:3.1658e-03A R:4.7996e-03ğ›€ E:2.9221e-04V/cm J:3.5571e-02A/cm2 ğ›’:8.2147e-03ğ›€ cm
2023-06-08 16:02:32,302 INFO Measurement at current 0.0032160804020100503
2023-06-08 16:02:32,896 INFO T:289.27Â°K V:1.5531e-05V I:3.2161e-03A R:4.8292e-03ğ›€ E:2.9867e-04V/cm J:3.6136e-02A/cm2 ğ›’:8.2653e-03ğ›€ cm
2023-06-08 16:02:32,912 INFO Measurement at current 0.0032663316582914573
2023-06-08 16:02:33,510 INFO T:289.26Â°K V:1.5847e-05V I:3.2663e-03A R:4.8515e-03ğ›€ E:3.0474e-04V/cm J:3.6700e-02A/cm2 ğ›’:8.3036e-03ğ›€ cm
2023-06-08 16:02:33,532 INFO Measurement at current 0.0033165829145728643
2023-06-08 16:02:34,121 INFO T:289.26Â°K V:1.6188e-05V I:3.3166e-03A R:4.8811e-03ğ›€ E:3.1132e-04V/cm J:3.7265e-02A/cm2 ğ›’:8.3541e-03ğ›€ cm
2023-06-08 16:02:34,141 INFO Measurement at current 0.0033668341708542712
2023-06-08 16:02:34,736 INFO T:289.25Â°K V:1.6511e-05V I:3.3668e-03A R:4.9041e-03ğ›€ E:3.1753e-04V/cm J:3.7830e-02A/cm2 ğ›’:8.3936e-03ğ›€ cm
2023-06-08 16:02:34,768 INFO Measurement at current 0.0034170854271356787
2023-06-08 16:02:35,378 INFO T:289.25Â°K V:1.6795e-05V I:3.4171e-03A R:4.9149e-03ğ›€ E:3.2298e-04V/cm J:3.8394e-02A/cm2 ğ›’:8.4121e-03ğ›€ cm
2023-06-08 16:02:35,412 INFO Measurement at current 0.0034673366834170856
2023-06-08 16:02:36,016 INFO T:289.24Â°K V:1.7087e-05V I:3.4673e-03A R:4.9280e-03ğ›€ E:3.2860e-04V/cm J:3.8959e-02A/cm2 ğ›’:8.4345e-03ğ›€ cm
2023-06-08 16:02:36,032 INFO Measurement at current 0.0035175879396984926
2023-06-08 16:02:36,622 INFO T:289.24Â°K V:1.7406e-05V I:3.5176e-03A R:4.9482e-03ğ›€ E:3.3472e-04V/cm J:3.9523e-02A/cm2 ğ›’:8.4690e-03ğ›€ cm
2023-06-08 16:02:36,638 INFO Measurement at current 0.0035678391959798996
2023-06-08 16:02:37,248 INFO T:289.22Â°K V:1.7727e-05V I:3.5678e-03A R:4.9687e-03ğ›€ E:3.4091e-04V/cm J:4.0088e-02A/cm2 ğ›’:8.5041e-03ğ›€ cm
2023-06-08 16:02:37,266 INFO Measurement at current 0.0036180904522613066
2023-06-08 16:02:37,865 INFO T:289.22Â°K V:1.8041e-05V I:3.6181e-03A R:4.9863e-03ğ›€ E:3.4694e-04V/cm J:4.0653e-02A/cm2 ğ›’:8.5342e-03ğ›€ cm
2023-06-08 16:02:37,885 INFO Measurement at current 0.0036683417085427135
2023-06-08 16:02:38,475 INFO T:289.21Â°K V:1.8361e-05V I:3.6683e-03A R:5.0053e-03ğ›€ E:3.5310e-04V/cm J:4.1217e-02A/cm2 ğ›’:8.5667e-03ğ›€ cm
2023-06-08 16:02:38,492 INFO Measurement at current 0.0037185929648241205
2023-06-08 16:02:39,096 INFO T:289.21Â°K V:1.8686e-05V I:3.7186e-03A R:5.0249e-03ğ›€ E:3.5934e-04V/cm J:4.1782e-02A/cm2 ğ›’:8.6004e-03ğ›€ cm
2023-06-08 16:02:39,118 INFO Measurement at current 0.003768844221105528
2023-06-08 16:02:39,716 INFO T:289.20Â°K V:1.8958e-05V I:3.7688e-03A R:5.0301e-03ğ›€ E:3.6457e-04V/cm J:4.2347e-02A/cm2 ğ›’:8.6093e-03ğ›€ cm
2023-06-08 16:02:39,747 INFO Measurement at current 0.003819095477386935
2023-06-08 16:02:40,343 INFO T:289.20Â°K V:1.9281e-05V I:3.8191e-03A R:5.0487e-03ğ›€ E:3.7080e-04V/cm J:4.2911e-02A/cm2 ğ›’:8.6410e-03ğ›€ cm
2023-06-08 16:02:40,363 INFO Measurement at current 0.003869346733668342
2023-06-08 16:02:40,958 INFO T:289.19Â°K V:1.9636e-05V I:3.8693e-03A R:5.0746e-03ğ›€ E:3.7761e-04V/cm J:4.3476e-02A/cm2 ğ›’:8.6854e-03ğ›€ cm
2023-06-08 16:02:40,989 INFO Measurement at current 0.003919597989949748
2023-06-08 16:02:41,582 INFO T:289.18Â°K V:1.9911e-05V I:3.9196e-03A R:5.0799e-03ğ›€ E:3.8291e-04V/cm J:4.4040e-02A/cm2 ğ›’:8.6945e-03ğ›€ cm
2023-06-08 16:02:41,607 INFO Measurement at current 0.003969849246231156
2023-06-08 16:02:42,209 INFO T:289.19Â°K V:2.0220e-05V I:3.9698e-03A R:5.0933e-03ğ›€ E:3.8884e-04V/cm J:4.4605e-02A/cm2 ğ›’:8.7174e-03ğ›€ cm
2023-06-08 16:02:42,227 INFO Measurement at current 0.004020100502512563
2023-06-08 16:02:42,835 INFO T:289.17Â°K V:2.0486e-05V I:4.0201e-03A R:5.0959e-03ğ›€ E:3.9396e-04V/cm J:4.5170e-02A/cm2 ğ›’:8.7219e-03ğ›€ cm
2023-06-08 16:02:42,855 INFO Measurement at current 0.00407035175879397
2023-06-08 16:02:43,444 INFO T:289.17Â°K V:2.0756e-05V I:4.0704e-03A R:5.0994e-03ğ›€ E:3.9916e-04V/cm J:4.5734e-02A/cm2 ğ›’:8.7278e-03ğ›€ cm
2023-06-08 16:02:43,458 INFO Measurement at current 0.004120603015075377
2023-06-08 16:02:44,045 INFO T:289.16Â°K V:2.1064e-05V I:4.1206e-03A R:5.1118e-03ğ›€ E:4.0507e-04V/cm J:4.6299e-02A/cm2 ğ›’:8.7490e-03ğ›€ cm
2023-06-08 16:02:44,064 INFO Measurement at current 0.004170854271356784
2023-06-08 16:02:44,661 INFO T:289.16Â°K V:2.1342e-05V I:4.1709e-03A R:5.1170e-03ğ›€ E:4.1043e-04V/cm J:4.6864e-02A/cm2 ğ›’:8.7579e-03ğ›€ cm
2023-06-08 16:02:44,681 INFO Measurement at current 0.004221105527638191
2023-06-08 16:02:45,280 INFO T:289.15Â°K V:2.1655e-05V I:4.2211e-03A R:5.1301e-03ğ›€ E:4.1643e-04V/cm J:4.7428e-02A/cm2 ğ›’:8.7803e-03ğ›€ cm
2023-06-08 16:02:45,297 INFO Measurement at current 0.004271356783919598
2023-06-08 16:02:45,896 INFO T:289.15Â°K V:2.1996e-05V I:4.2714e-03A R:5.1497e-03ğ›€ E:4.2301e-04V/cm J:4.7993e-02A/cm2 ğ›’:8.8140e-03ğ›€ cm
2023-06-08 16:02:45,913 INFO Measurement at current 0.004321608040201005
2023-06-08 16:02:46,505 INFO T:289.14Â°K V:2.2292e-05V I:4.3216e-03A R:5.1583e-03ğ›€ E:4.2870e-04V/cm J:4.8557e-02A/cm2 ğ›’:8.8287e-03ğ›€ cm
2023-06-08 16:02:46,525 INFO Measurement at current 0.004371859296482412
2023-06-08 16:02:47,114 INFO T:289.14Â°K V:2.2621e-05V I:4.3719e-03A R:5.1743e-03ğ›€ E:4.3503e-04V/cm J:4.9122e-02A/cm2 ğ›’:8.8560e-03ğ›€ cm
2023-06-08 16:02:47,142 INFO Measurement at current 0.004422110552763819
2023-06-08 16:02:47,738 INFO T:289.13Â°K V:2.2960e-05V I:4.4221e-03A R:5.1920e-03ğ›€ E:4.4153e-04V/cm J:4.9687e-02A/cm2 ğ›’:8.8863e-03ğ›€ cm
2023-06-08 16:02:47,753 INFO Measurement at current 0.004472361809045226
2023-06-08 16:02:48,354 INFO T:289.12Â°K V:2.3293e-05V I:4.4724e-03A R:5.2083e-03ğ›€ E:4.4795e-04V/cm J:5.0251e-02A/cm2 ğ›’:8.9142e-03ğ›€ cm
2023-06-08 16:02:48,380 INFO Measurement at current 0.004522613065326633
2023-06-08 16:02:48,985 INFO T:289.12Â°K V:2.3616e-05V I:4.5226e-03A R:5.2218e-03ğ›€ E:4.5416e-04V/cm J:5.0816e-02A/cm2 ğ›’:8.9373e-03ğ›€ cm
2023-06-08 16:02:49,007 INFO Measurement at current 0.00457286432160804
2023-06-08 16:02:49,601 INFO T:289.12Â°K V:2.3978e-05V I:4.5729e-03A R:5.2436e-03ğ›€ E:4.6112e-04V/cm J:5.1380e-02A/cm2 ğ›’:8.9746e-03ğ›€ cm
2023-06-08 16:02:49,623 INFO Measurement at current 0.004623115577889447
2023-06-08 16:02:50,223 INFO T:289.11Â°K V:2.4333e-05V I:4.6231e-03A R:5.2633e-03ğ›€ E:4.6794e-04V/cm J:5.1945e-02A/cm2 ğ›’:9.0084e-03ğ›€ cm
2023-06-08 16:02:50,260 INFO Measurement at current 0.004673366834170855
2023-06-08 16:02:50,857 INFO T:289.10Â°K V:2.4710e-05V I:4.6734e-03A R:5.2873e-03ğ›€ E:4.7519e-04V/cm J:5.2510e-02A/cm2 ğ›’:9.0495e-03ğ›€ cm
2023-06-08 16:02:50,872 INFO Measurement at current 0.004723618090452262
2023-06-08 16:02:51,465 INFO T:289.10Â°K V:2.5030e-05V I:4.7236e-03A R:5.2989e-03ğ›€ E:4.8135e-04V/cm J:5.3074e-02A/cm2 ğ›’:9.0693e-03ğ›€ cm
2023-06-08 16:02:51,488 INFO Measurement at current 0.004773869346733669
2023-06-08 16:02:52,089 INFO T:289.09Â°K V:2.5375e-05V I:4.7739e-03A R:5.3154e-03ğ›€ E:4.8798e-04V/cm J:5.3639e-02A/cm2 ğ›’:9.0976e-03ğ›€ cm
2023-06-08 16:02:52,110 INFO Measurement at current 0.004824120603015076
2023-06-08 16:02:52,723 INFO T:289.09Â°K V:2.5720e-05V I:4.8241e-03A R:5.3316e-03ğ›€ E:4.9462e-04V/cm J:5.4204e-02A/cm2 ğ›’:9.1252e-03ğ›€ cm
2023-06-08 16:02:52,745 INFO Measurement at current 0.004874371859296483
2023-06-08 16:02:53,361 INFO T:289.08Â°K V:2.6051e-05V I:4.8744e-03A R:5.3444e-03ğ›€ E:5.0098e-04V/cm J:5.4768e-02A/cm2 ğ›’:9.1472e-03ğ›€ cm
2023-06-08 16:02:53,413 INFO Measurement at current 0.00492462311557789
2023-06-08 16:02:54,017 INFO T:289.08Â°K V:2.6412e-05V I:4.9246e-03A R:5.3633e-03ğ›€ E:5.0793e-04V/cm J:5.5333e-02A/cm2 ğ›’:9.1795e-03ğ›€ cm
2023-06-08 16:02:54,042 INFO Measurement at current 0.004974874371859297
2023-06-08 16:02:54,641 INFO T:289.07Â°K V:2.6733e-05V I:4.9749e-03A R:5.3735e-03ğ›€ E:5.1409e-04V/cm J:5.5897e-02A/cm2 ğ›’:9.1970e-03ğ›€ cm
2023-06-08 16:02:54,662 INFO Measurement at current 0.005025125628140704
2023-06-08 16:02:55,266 INFO T:289.06Â°K V:2.7045e-05V I:5.0251e-03A R:5.3820e-03ğ›€ E:5.2010e-04V/cm J:5.6462e-02A/cm2 ğ›’:9.2115e-03ğ›€ cm
2023-06-08 16:02:55,286 INFO Measurement at current 0.005075376884422111
2023-06-08 16:02:55,882 INFO T:289.06Â°K V:2.7404e-05V I:5.0754e-03A R:5.3994e-03ğ›€ E:5.2700e-04V/cm J:5.7027e-02A/cm2 ğ›’:9.2413e-03ğ›€ cm
2023-06-08 16:02:55,910 INFO Measurement at current 0.0051256281407035175
2023-06-08 16:02:56,531 INFO T:289.05Â°K V:2.7728e-05V I:5.1256e-03A R:5.4096e-03ğ›€ E:5.3323e-04V/cm J:5.7591e-02A/cm2 ğ›’:9.2588e-03ğ›€ cm
2023-06-08 16:02:56,559 INFO Measurement at current 0.0051758793969849245
2023-06-08 16:02:57,199 INFO T:289.05Â°K V:2.8061e-05V I:5.1759e-03A R:5.4215e-03ğ›€ E:5.3964e-04V/cm J:5.8156e-02A/cm2 ğ›’:9.2791e-03ğ›€ cm
2023-06-08 16:02:57,224 INFO Measurement at current 0.0052261306532663315
2023-06-08 16:02:57,827 INFO T:289.04Â°K V:2.8410e-05V I:5.2261e-03A R:5.4361e-03ğ›€ E:5.4635e-04V/cm J:5.8721e-02A/cm2 ğ›’:9.3042e-03ğ›€ cm
2023-06-08 16:02:57,863 INFO Measurement at current 0.0052763819095477385
2023-06-08 16:02:58,464 INFO T:289.03Â°K V:2.8723e-05V I:5.2764e-03A R:5.4437e-03ğ›€ E:5.5236e-04V/cm J:5.9285e-02A/cm2 ğ›’:9.3171e-03ğ›€ cm
2023-06-08 16:02:58,493 INFO Measurement at current 0.0053266331658291454
2023-06-08 16:02:59,116 INFO T:289.03Â°K V:2.9055e-05V I:5.3266e-03A R:5.4546e-03ğ›€ E:5.5875e-04V/cm J:5.9850e-02A/cm2 ğ›’:9.3358e-03ğ›€ cm
2023-06-08 16:02:59,153 INFO Measurement at current 0.005376884422110553
2023-06-08 16:02:59,753 INFO T:289.02Â°K V:2.9391e-05V I:5.3769e-03A R:5.4661e-03ğ›€ E:5.6521e-04V/cm J:6.0414e-02A/cm2 ğ›’:9.3555e-03ğ›€ cm
2023-06-08 16:02:59,779 INFO Measurement at current 0.00542713567839196
2023-06-08 16:03:00,380 INFO T:289.02Â°K V:2.9705e-05V I:5.4271e-03A R:5.4733e-03ğ›€ E:5.7124e-04V/cm J:6.0979e-02A/cm2 ğ›’:9.3678e-03ğ›€ cm
2023-06-08 16:03:00,396 INFO Measurement at current 0.005477386934673367
2023-06-08 16:03:00,986 INFO T:289.01Â°K V:3.0021e-05V I:5.4774e-03A R:5.4809e-03ğ›€ E:5.7733e-04V/cm J:6.1544e-02A/cm2 ğ›’:9.3808e-03ğ›€ cm
2023-06-08 16:03:01,004 INFO Measurement at current 0.005527638190954774
2023-06-08 16:03:01,595 INFO T:289.01Â°K V:3.0393e-05V I:5.5276e-03A R:5.4983e-03ğ›€ E:5.8448e-04V/cm J:6.2108e-02A/cm2 ğ›’:9.4106e-03ğ›€ cm
2023-06-08 16:03:01,618 INFO Measurement at current 0.005577889447236181
2023-06-08 16:03:02,218 INFO T:289.00Â°K V:3.0800e-05V I:5.5779e-03A R:5.5219e-03ğ›€ E:5.9231e-04V/cm J:6.2673e-02A/cm2 ğ›’:9.4509e-03ğ›€ cm
2023-06-08 16:03:02,237 INFO Measurement at current 0.005628140703517588
2023-06-08 16:03:02,857 INFO T:288.99Â°K V:3.1061e-05V I:5.6281e-03A R:5.5189e-03ğ›€ E:5.9733e-04V/cm J:6.3238e-02A/cm2 ğ›’:9.4458e-03ğ›€ cm
2023-06-08 16:03:02,879 INFO Measurement at current 0.005678391959798995
2023-06-08 16:03:03,470 INFO T:288.99Â°K V:3.1425e-05V I:5.6784e-03A R:5.5341e-03ğ›€ E:6.0433e-04V/cm J:6.3802e-02A/cm2 ğ›’:9.4719e-03ğ›€ cm
2023-06-08 16:03:03,492 INFO Measurement at current 0.005728643216080402
2023-06-08 16:03:04,094 INFO T:288.98Â°K V:3.1756e-05V I:5.7286e-03A R:5.5433e-03ğ›€ E:6.1069e-04V/cm J:6.4367e-02A/cm2 ğ›’:9.4876e-03ğ›€ cm
2023-06-08 16:03:04,118 INFO Measurement at current 0.005778894472361809
2023-06-08 16:03:04,736 INFO T:288.97Â°K V:3.2131e-05V I:5.7789e-03A R:5.5601e-03ğ›€ E:6.1791e-04V/cm J:6.4931e-02A/cm2 ğ›’:9.5163e-03ğ›€ cm
2023-06-08 16:03:04,774 INFO Measurement at current 0.005829145728643216
2023-06-08 16:03:05,370 INFO T:288.97Â°K V:3.2447e-05V I:5.8291e-03A R:5.5664e-03ğ›€ E:6.2399e-04V/cm J:6.5496e-02A/cm2 ğ›’:9.5271e-03ğ›€ cm
2023-06-08 16:03:05,388 INFO Measurement at current 0.005879396984924623
2023-06-08 16:03:05,998 INFO T:288.97Â°K V:3.2805e-05V I:5.8794e-03A R:5.5797e-03ğ›€ E:6.3087e-04V/cm J:6.6061e-02A/cm2 ğ›’:9.5498e-03ğ›€ cm
2023-06-08 16:03:06,030 INFO Measurement at current 0.00592964824120603
2023-06-08 16:03:06,631 INFO T:288.96Â°K V:3.3113e-05V I:5.9296e-03A R:5.5844e-03ğ›€ E:6.3680e-04V/cm J:6.6625e-02A/cm2 ğ›’:9.5579e-03ğ›€ cm
2023-06-08 16:03:06,650 INFO Measurement at current 0.005979899497487437
2023-06-08 16:03:07,241 INFO T:288.96Â°K V:3.3485e-05V I:5.9799e-03A R:5.5996e-03ğ›€ E:6.4394e-04V/cm J:6.7190e-02A/cm2 ğ›’:9.5839e-03ğ›€ cm
2023-06-08 16:03:07,259 INFO Measurement at current 0.006030150753768844
2023-06-08 16:03:07,861 INFO T:288.95Â°K V:3.3832e-05V I:6.0302e-03A R:5.6105e-03ğ›€ E:6.5061e-04V/cm J:6.7755e-02A/cm2 ğ›’:9.6025e-03ğ›€ cm
2023-06-08 16:03:07,886 INFO Measurement at current 0.006080402010050252
2023-06-08 16:03:08,497 INFO T:288.95Â°K V:3.4201e-05V I:6.0804e-03A R:5.6248e-03ğ›€ E:6.5771e-04V/cm J:6.8319e-02A/cm2 ğ›’:9.6270e-03ğ›€ cm
2023-06-08 16:03:08,512 INFO Measurement at current 0.006130653266331659
2023-06-08 16:03:09,129 INFO T:288.94Â°K V:3.4497e-05V I:6.1307e-03A R:5.6269e-03ğ›€ E:6.6340e-04V/cm J:6.8884e-02A/cm2 ğ›’:9.6307e-03ğ›€ cm
2023-06-08 16:03:09,148 INFO Measurement at current 0.006180904522613066
2023-06-08 16:03:09,743 INFO T:288.94Â°K V:3.4816e-05V I:6.1809e-03A R:5.6329e-03ğ›€ E:6.6955e-04V/cm J:6.9448e-02A/cm2 ğ›’:9.6409e-03ğ›€ cm
2023-06-08 16:03:09,762 INFO Measurement at current 0.006231155778894473
2023-06-08 16:03:10,376 INFO T:288.93Â°K V:3.5170e-05V I:6.2312e-03A R:5.6442e-03ğ›€ E:6.7634e-04V/cm J:7.0013e-02A/cm2 ğ›’:9.6602e-03ğ›€ cm
2023-06-08 16:03:10,417 INFO Measurement at current 0.00628140703517588
2023-06-08 16:03:11,026 INFO T:288.92Â°K V:3.5541e-05V I:6.2814e-03A R:5.6581e-03ğ›€ E:6.8348e-04V/cm J:7.0578e-02A/cm2 ğ›’:9.6841e-03ğ›€ cm
2023-06-08 16:03:11,050 INFO Measurement at current 0.006331658291457287
2023-06-08 16:03:11,649 INFO T:288.92Â°K V:3.5927e-05V I:6.3317e-03A R:5.6742e-03ğ›€ E:6.9090e-04V/cm J:7.1142e-02A/cm2 ğ›’:9.7115e-03ğ›€ cm
2023-06-08 16:03:11,668 INFO Measurement at current 0.006381909547738694
2023-06-08 16:03:12,261 INFO T:288.91Â°K V:3.6257e-05V I:6.3819e-03A R:5.6812e-03ğ›€ E:6.9725e-04V/cm J:7.1707e-02A/cm2 ğ›’:9.7236e-03ğ›€ cm
2023-06-08 16:03:12,279 INFO Measurement at current 0.006432160804020101
2023-06-08 16:03:12,892 INFO T:288.91Â°K V:3.6644e-05V I:6.4322e-03A R:5.6969e-03ğ›€ E:7.0469e-04V/cm J:7.2271e-02A/cm2 ğ›’:9.7505e-03ğ›€ cm
2023-06-08 16:03:12,910 INFO Measurement at current 0.006482412060301508
2023-06-08 16:03:13,522 INFO T:288.90Â°K V:3.7017e-05V I:6.4824e-03A R:5.7104e-03ğ›€ E:7.1187e-04V/cm J:7.2836e-02A/cm2 ğ›’:9.7736e-03ğ›€ cm
2023-06-08 16:03:13,553 INFO Measurement at current 0.006532663316582915
2023-06-08 16:03:14,165 INFO T:288.90Â°K V:3.7383e-05V I:6.5327e-03A R:5.7225e-03ğ›€ E:7.1890e-04V/cm J:7.3401e-02A/cm2 ğ›’:9.7942e-03ğ›€ cm
2023-06-08 16:03:14,186 INFO Measurement at current 0.0065829145728643216
2023-06-08 16:03:14,776 INFO T:288.89Â°K V:3.7748e-05V I:6.5829e-03A R:5.7343e-03ğ›€ E:7.2593e-04V/cm J:7.3965e-02A/cm2 ğ›’:9.8144e-03ğ›€ cm
2023-06-08 16:03:14,797 INFO Measurement at current 0.0066331658291457285
2023-06-08 16:03:15,389 INFO T:288.88Â°K V:3.8132e-05V I:6.6332e-03A R:5.7486e-03ğ›€ E:7.3330e-04V/cm J:7.4530e-02A/cm2 ğ›’:9.8390e-03ğ›€ cm
2023-06-08 16:03:15,404 INFO Measurement at current 0.0066834170854271355
2023-06-08 16:03:15,993 INFO T:288.88Â°K V:3.8514e-05V I:6.6834e-03A R:5.7627e-03ğ›€ E:7.4066e-04V/cm J:7.5095e-02A/cm2 ğ›’:9.8630e-03ğ›€ cm
2023-06-08 16:03:16,012 INFO Measurement at current 0.0067336683417085425
2023-06-08 16:03:16,609 INFO T:288.87Â°K V:3.8828e-05V I:6.7337e-03A R:5.7663e-03ğ›€ E:7.4669e-04V/cm J:7.5659e-02A/cm2 ğ›’:9.8692e-03ğ›€ cm
2023-06-08 16:03:16,625 INFO Measurement at current 0.0067839195979899495
2023-06-08 16:03:17,220 INFO T:288.87Â°K V:3.9172e-05V I:6.7839e-03A R:5.7742e-03ğ›€ E:7.5331e-04V/cm J:7.6224e-02A/cm2 ğ›’:9.8828e-03ğ›€ cm
2023-06-08 16:03:17,238 INFO Measurement at current 0.006834170854271357
2023-06-08 16:03:17,831 INFO T:288.86Â°K V:3.9482e-05V I:6.8342e-03A R:5.7772e-03ğ›€ E:7.5927e-04V/cm J:7.6788e-02A/cm2 ğ›’:9.8878e-03ğ›€ cm
2023-06-08 16:03:17,852 INFO Measurement at current 0.006884422110552764
2023-06-08 16:03:18,465 INFO T:288.86Â°K V:3.9832e-05V I:6.8844e-03A R:5.7858e-03ğ›€ E:7.6600e-04V/cm J:7.7353e-02A/cm2 ğ›’:9.9027e-03ğ›€ cm
2023-06-08 16:03:18,482 INFO Measurement at current 0.006934673366834171
2023-06-08 16:03:19,094 INFO T:288.85Â°K V:4.0165e-05V I:6.9347e-03A R:5.7918e-03ğ›€ E:7.7239e-04V/cm J:7.7918e-02A/cm2 ğ›’:9.9130e-03ğ›€ cm
2023-06-08 16:03:19,118 INFO Measurement at current 0.006984924623115578
2023-06-08 16:03:19,729 INFO T:288.85Â°K V:4.0488e-05V I:6.9849e-03A R:5.7965e-03ğ›€ E:7.7862e-04V/cm J:7.8482e-02A/cm2 ğ›’:9.9210e-03ğ›€ cm
2023-06-08 16:03:19,751 INFO Measurement at current 0.007035175879396985
2023-06-08 16:03:20,353 INFO T:288.84Â°K V:4.0801e-05V I:7.0352e-03A R:5.7996e-03ğ›€ E:7.8464e-04V/cm J:7.9047e-02A/cm2 ğ›’:9.9263e-03ğ›€ cm
2023-06-08 16:03:20,390 INFO Measurement at current 0.007085427135678392
2023-06-08 16:03:21,008 INFO T:288.84Â°K V:4.1192e-05V I:7.0854e-03A R:5.8136e-03ğ›€ E:7.9215e-04V/cm J:7.9612e-02A/cm2 ğ›’:9.9502e-03ğ›€ cm
2023-06-08 16:03:21,022 INFO Measurement at current 0.007135678391959799
2023-06-08 16:03:21,634 INFO T:288.83Â°K V:4.1546e-05V I:7.1357e-03A R:5.8224e-03ğ›€ E:7.9897e-04V/cm J:8.0176e-02A/cm2 ğ›’:9.9652e-03ğ›€ cm
2023-06-08 16:03:21,661 INFO Measurement at current 0.007185929648241206
2023-06-08 16:03:22,275 INFO T:288.82Â°K V:4.1883e-05V I:7.1859e-03A R:5.8285e-03ğ›€ E:8.0545e-04V/cm J:8.0741e-02A/cm2 ğ›’:9.9758e-03ğ›€ cm
2023-06-08 16:03:22,300 INFO Measurement at current 0.007236180904522613
2023-06-08 16:03:22,892 INFO T:288.82Â°K V:4.2240e-05V I:7.2362e-03A R:5.8373e-03ğ›€ E:8.1230e-04V/cm J:8.1305e-02A/cm2 ğ›’:9.9907e-03ğ›€ cm
2023-06-08 16:03:22,924 INFO Measurement at current 0.00728643216080402
2023-06-08 16:03:23,533 INFO T:288.81Â°K V:4.2570e-05V I:7.2864e-03A R:5.8424e-03ğ›€ E:8.1866e-04V/cm J:8.1870e-02A/cm2 ğ›’:9.9995e-03ğ›€ cm
2023-06-08 16:03:23,548 INFO Measurement at current 0.007336683417085427
2023-06-08 16:03:24,169 INFO T:288.81Â°K V:4.2878e-05V I:7.3367e-03A R:5.8443e-03ğ›€ E:8.2457e-04V/cm J:8.2435e-02A/cm2 ğ›’:1.0003e-02ğ›€ cm
2023-06-08 16:03:24,192 INFO Measurement at current 0.007386934673366834
2023-06-08 16:03:24,829 INFO T:288.80Â°K V:4.3195e-05V I:7.3869e-03A R:5.8474e-03ğ›€ E:8.3067e-04V/cm J:8.2999e-02A/cm2 ğ›’:1.0008e-02ğ›€ cm
2023-06-08 16:03:24,853 INFO Measurement at current 0.007437185929648241
2023-06-08 16:03:25,454 INFO T:288.80Â°K V:4.3549e-05V I:7.4372e-03A R:5.8556e-03ğ›€ E:8.3748e-04V/cm J:8.3564e-02A/cm2 ğ›’:1.0022e-02ğ›€ cm
2023-06-08 16:03:25,486 INFO Measurement at current 0.007487437185929648
2023-06-08 16:03:26,085 INFO T:288.79Â°K V:4.3953e-05V I:7.4874e-03A R:5.8702e-03ğ›€ E:8.4525e-04V/cm J:8.4129e-02A/cm2 ğ›’:1.0047e-02ğ›€ cm
2023-06-08 16:03:26,106 INFO Measurement at current 0.007537688442211056
2023-06-08 16:03:26,706 INFO T:288.79Â°K V:4.4280e-05V I:7.5377e-03A R:5.8745e-03ğ›€ E:8.5154e-04V/cm J:8.4693e-02A/cm2 ğ›’:1.0054e-02ğ›€ cm
2023-06-08 16:03:26,729 INFO Measurement at current 0.007587939698492463
2023-06-08 16:03:27,350 INFO T:288.78Â°K V:4.4618e-05V I:7.5879e-03A R:5.8802e-03ğ›€ E:8.5805e-04V/cm J:8.5258e-02A/cm2 ğ›’:1.0064e-02ğ›€ cm
2023-06-08 16:03:27,370 INFO Measurement at current 0.00763819095477387
2023-06-08 16:03:27,986 INFO T:288.77Â°K V:4.4971e-05V I:7.6382e-03A R:5.8877e-03ğ›€ E:8.6484e-04V/cm J:8.5822e-02A/cm2 ğ›’:1.0077e-02ğ›€ cm
2023-06-08 16:03:28,011 INFO Measurement at current 0.007688442211055277
2023-06-08 16:03:28,609 INFO T:288.77Â°K V:4.5253e-05V I:7.6884e-03A R:5.8858e-03ğ›€ E:8.7025e-04V/cm J:8.6387e-02A/cm2 ğ›’:1.0074e-02ğ›€ cm
2023-06-08 16:03:28,625 INFO Measurement at current 0.007738693467336684
2023-06-08 16:03:29,224 INFO T:288.77Â°K V:4.5614e-05V I:7.7387e-03A R:5.8942e-03ğ›€ E:8.7719e-04V/cm J:8.6952e-02A/cm2 ğ›’:1.0088e-02ğ›€ cm
2023-06-08 16:03:29,258 INFO Measurement at current 0.007788944723618091
2023-06-08 16:03:29,850 INFO T:288.76Â°K V:4.5930e-05V I:7.7889e-03A R:5.8968e-03ğ›€ E:8.8327e-04V/cm J:8.7516e-02A/cm2 ğ›’:1.0093e-02ğ›€ cm
2023-06-08 16:03:29,871 INFO Measurement at current 0.007839195979899497
2023-06-08 16:03:30,461 INFO T:288.76Â°K V:4.6308e-05V I:7.8392e-03A R:5.9073e-03ğ›€ E:8.9055e-04V/cm J:8.8081e-02A/cm2 ğ›’:1.0111e-02ğ›€ cm
2023-06-08 16:03:30,483 INFO Measurement at current 0.007889447236180906
2023-06-08 16:03:31,074 INFO T:288.75Â°K V:4.6696e-05V I:7.8894e-03A R:5.9188e-03ğ›€ E:8.9800e-04V/cm J:8.8645e-02A/cm2 ğ›’:1.0130e-02ğ›€ cm
2023-06-08 16:03:31,094 INFO Measurement at current 0.007939698492462312
2023-06-08 16:03:31,689 INFO T:288.74Â°K V:4.7036e-05V I:7.9397e-03A R:5.9242e-03ğ›€ E:9.0454e-04V/cm J:8.9210e-02A/cm2 ğ›’:1.0139e-02ğ›€ cm
2023-06-08 16:03:31,707 INFO Measurement at current 0.00798994974874372
2023-06-08 16:03:32,311 INFO T:288.74Â°K V:4.7411e-05V I:7.9899e-03A R:5.9338e-03ğ›€ E:9.1175e-04V/cm J:8.9775e-02A/cm2 ğ›’:1.0156e-02ğ›€ cm
2023-06-08 16:03:32,336 INFO Measurement at current 0.008040201005025126
2023-06-08 16:03:32,928 INFO T:288.73Â°K V:4.7739e-05V I:8.0402e-03A R:5.9375e-03ğ›€ E:9.1805e-04V/cm J:9.0339e-02A/cm2 ğ›’:1.0162e-02ğ›€ cm
2023-06-08 16:03:32,945 INFO Measurement at current 0.008090452261306533
2023-06-08 16:03:33,550 INFO T:288.72Â°K V:4.8118e-05V I:8.0905e-03A R:5.9475e-03ğ›€ E:9.2535e-04V/cm J:9.0904e-02A/cm2 ğ›’:1.0179e-02ğ›€ cm
2023-06-08 16:03:33,565 INFO Measurement at current 0.00814070351758794
2023-06-08 16:03:34,176 INFO T:288.72Â°K V:4.8486e-05V I:8.1407e-03A R:5.9560e-03ğ›€ E:9.3242e-04V/cm J:9.1469e-02A/cm2 ğ›’:1.0194e-02ğ›€ cm
2023-06-08 16:03:34,203 INFO Measurement at current 0.008190954773869347
2023-06-08 16:03:34,800 INFO T:288.72Â°K V:4.8865e-05V I:8.1910e-03A R:5.9657e-03ğ›€ E:9.3971e-04V/cm J:9.2033e-02A/cm2 ğ›’:1.0211e-02ğ›€ cm
2023-06-08 16:03:34,825 INFO Measurement at current 0.008241206030150754
2023-06-08 16:03:35,423 INFO T:288.71Â°K V:4.9190e-05V I:8.2412e-03A R:5.9688e-03ğ›€ E:9.4597e-04V/cm J:9.2598e-02A/cm2 ğ›’:1.0216e-02ğ›€ cm
2023-06-08 16:03:35,447 INFO Measurement at current 0.008291457286432161
2023-06-08 16:03:36,052 INFO T:288.71Â°K V:4.9548e-05V I:8.2915e-03A R:5.9758e-03ğ›€ E:9.5284e-04V/cm J:9.3162e-02A/cm2 ğ›’:1.0228e-02ğ›€ cm
2023-06-08 16:03:36,079 INFO Measurement at current 0.008341708542713568
2023-06-08 16:03:36,672 INFO T:288.70Â°K V:4.9898e-05V I:8.3417e-03A R:5.9818e-03ğ›€ E:9.5958e-04V/cm J:9.3727e-02A/cm2 ğ›’:1.0238e-02ğ›€ cm
2023-06-08 16:03:36,699 INFO Measurement at current 0.008391959798994975
2023-06-08 16:03:37,297 INFO T:288.70Â°K V:5.0315e-05V I:8.3920e-03A R:5.9956e-03ğ›€ E:9.6759e-04V/cm J:9.4292e-02A/cm2 ğ›’:1.0262e-02ğ›€ cm
2023-06-08 16:03:37,322 INFO Measurement at current 0.008442211055276382
2023-06-08 16:03:37,924 INFO T:288.69Â°K V:5.0596e-05V I:8.4422e-03A R:5.9932e-03ğ›€ E:9.7301e-04V/cm J:9.4856e-02A/cm2 ğ›’:1.0258e-02ğ›€ cm
2023-06-08 16:03:37,950 INFO Measurement at current 0.00849246231155779
2023-06-08 16:03:38,548 INFO T:288.68Â°K V:5.0940e-05V I:8.4925e-03A R:5.9983e-03ğ›€ E:9.7962e-04V/cm J:9.5421e-02A/cm2 ğ›’:1.0266e-02ğ›€ cm
2023-06-08 16:03:38,577 INFO Measurement at current 0.008542713567839196
2023-06-08 16:03:39,188 INFO T:288.68Â°K V:5.1274e-05V I:8.5427e-03A R:6.0021e-03ğ›€ E:9.8605e-04V/cm J:9.5986e-02A/cm2 ğ›’:1.0273e-02ğ›€ cm
2023-06-08 16:03:39,214 INFO Measurement at current 0.008592964824120603
2023-06-08 16:03:39,813 INFO T:288.67Â°K V:5.1611e-05V I:8.5930e-03A R:6.0062e-03ğ›€ E:9.9252e-04V/cm J:9.6550e-02A/cm2 ğ›’:1.0280e-02ğ›€ cm
2023-06-08 16:03:39,845 INFO Measurement at current 0.00864321608040201
2023-06-08 16:03:40,449 INFO T:288.67Â°K V:5.1958e-05V I:8.6432e-03A R:6.0115e-03ğ›€ E:9.9920e-04V/cm J:9.7115e-02A/cm2 ğ›’:1.0289e-02ğ›€ cm
2023-06-08 16:03:40,468 INFO Measurement at current 0.008693467336683417
2023-06-08 16:03:41,070 INFO T:288.66Â°K V:5.2278e-05V I:8.6935e-03A R:6.0135e-03ğ›€ E:1.0054e-03V/cm J:9.7679e-02A/cm2 ğ›’:1.0292e-02ğ›€ cm
2023-06-08 16:03:41,090 INFO Measurement at current 0.008743718592964824
2023-06-08 16:03:41,691 INFO T:288.66Â°K V:5.2598e-05V I:8.7437e-03A R:6.0155e-03ğ›€ E:1.0115e-03V/cm J:9.8244e-02A/cm2 ğ›’:1.0296e-02ğ›€ cm
2023-06-08 16:03:41,712 INFO Measurement at current 0.008793969849246231
2023-06-08 16:03:42,312 INFO T:288.65Â°K V:5.2893e-05V I:8.7940e-03A R:6.0147e-03ğ›€ E:1.0172e-03V/cm J:9.8809e-02A/cm2 ğ›’:1.0294e-02ğ›€ cm
2023-06-08 16:03:42,342 INFO Measurement at current 0.008844221105527638
2023-06-08 16:03:42,936 INFO T:288.65Â°K V:5.3254e-05V I:8.8442e-03A R:6.0213e-03ğ›€ E:1.0241e-03V/cm J:9.9373e-02A/cm2 ğ›’:1.0306e-02ğ›€ cm
2023-06-08 16:03:42,961 INFO Measurement at current 0.008894472361809045
2023-06-08 16:03:43,570 INFO T:288.64Â°K V:5.3653e-05V I:8.8945e-03A R:6.0322e-03ğ›€ E:1.0318e-03V/cm J:9.9938e-02A/cm2 ğ›’:1.0324e-02ğ›€ cm
2023-06-08 16:03:43,593 INFO Measurement at current 0.008944723618090452
2023-06-08 16:03:44,186 INFO T:288.63Â°K V:5.3920e-05V I:8.9447e-03A R:6.0282e-03ğ›€ E:1.0369e-03V/cm J:1.0050e-01A/cm2 ğ›’:1.0317e-02ğ›€ cm
2023-06-08 16:03:44,208 INFO Measurement at current 0.008994974874371859
2023-06-08 16:03:44,804 INFO T:288.63Â°K V:5.4316e-05V I:8.9950e-03A R:6.0385e-03ğ›€ E:1.0445e-03V/cm J:1.0107e-01A/cm2 ğ›’:1.0335e-02ğ›€ cm
2023-06-08 16:03:44,823 INFO Measurement at current 0.009045226130653266
2023-06-08 16:03:45,430 INFO T:288.62Â°K V:5.4653e-05V I:9.0452e-03A R:6.0422e-03ğ›€ E:1.0510e-03V/cm J:1.0163e-01A/cm2 ğ›’:1.0341e-02ğ›€ cm
2023-06-08 16:03:45,461 INFO Measurement at current 0.009095477386934673
2023-06-08 16:03:46,055 INFO T:288.62Â°K V:5.4991e-05V I:9.0955e-03A R:6.0459e-03ğ›€ E:1.0575e-03V/cm J:1.0220e-01A/cm2 ğ›’:1.0348e-02ğ›€ cm
2023-06-08 16:03:46,076 INFO Measurement at current 0.00914572864321608
2023-06-08 16:03:46,675 INFO T:288.61Â°K V:5.5286e-05V I:9.1457e-03A R:6.0450e-03ğ›€ E:1.0632e-03V/cm J:1.0276e-01A/cm2 ğ›’:1.0346e-02ğ›€ cm
2023-06-08 16:03:46,693 INFO Measurement at current 0.009195979899497487
2023-06-08 16:03:47,295 INFO T:288.61Â°K V:5.5677e-05V I:9.1960e-03A R:6.0545e-03ğ›€ E:1.0707e-03V/cm J:1.0333e-01A/cm2 ğ›’:1.0363e-02ğ›€ cm
2023-06-08 16:03:47,318 INFO Measurement at current 0.009246231155778894
2023-06-08 16:03:47,930 INFO T:288.60Â°K V:5.6011e-05V I:9.2462e-03A R:6.0577e-03ğ›€ E:1.0771e-03V/cm J:1.0389e-01A/cm2 ğ›’:1.0368e-02ğ›€ cm
2023-06-08 16:03:47,951 INFO Measurement at current 0.009296482412060303
2023-06-08 16:03:48,549 INFO T:288.60Â°K V:5.6387e-05V I:9.2965e-03A R:6.0655e-03ğ›€ E:1.0844e-03V/cm J:1.0445e-01A/cm2 ğ›’:1.0381e-02ğ›€ cm
2023-06-08 16:03:48,567 INFO Measurement at current 0.00934673366834171
2023-06-08 16:03:49,170 INFO T:288.59Â°K V:5.6665e-05V I:9.3467e-03A R:6.0625e-03ğ›€ E:1.0897e-03V/cm J:1.0502e-01A/cm2 ğ›’:1.0376e-02ğ›€ cm
2023-06-08 16:03:49,187 INFO Measurement at current 0.009396984924623117
2023-06-08 16:03:49,787 INFO T:288.59Â°K V:5.7047e-05V I:9.3970e-03A R:6.0707e-03ğ›€ E:1.0971e-03V/cm J:1.0558e-01A/cm2 ğ›’:1.0390e-02ğ›€ cm
2023-06-08 16:03:49,809 INFO Measurement at current 0.009447236180904523
2023-06-08 16:03:50,412 INFO T:288.58Â°K V:5.7427e-05V I:9.4472e-03A R:6.0787e-03ğ›€ E:1.1044e-03V/cm J:1.0615e-01A/cm2 ğ›’:1.0404e-02ğ›€ cm
2023-06-08 16:03:50,431 INFO Measurement at current 0.00949748743718593
2023-06-08 16:03:51,041 INFO T:288.58Â°K V:5.7883e-05V I:9.4975e-03A R:6.0945e-03ğ›€ E:1.1131e-03V/cm J:1.0671e-01A/cm2 ğ›’:1.0431e-02ğ›€ cm
2023-06-08 16:03:51,064 INFO Measurement at current 0.009547738693467337
2023-06-08 16:03:51,666 INFO T:288.56Â°K V:5.8274e-05V I:9.5477e-03A R:6.1035e-03ğ›€ E:1.1207e-03V/cm J:1.0728e-01A/cm2 ğ›’:1.0446e-02ğ›€ cm
2023-06-08 16:03:51,690 INFO Measurement at current 0.009597989949748744
2023-06-08 16:03:52,293 INFO T:288.57Â°K V:5.8640e-05V I:9.5980e-03A R:6.1096e-03ğ›€ E:1.1277e-03V/cm J:1.0784e-01A/cm2 ğ›’:1.0457e-02ğ›€ cm
2023-06-08 16:03:52,314 INFO Measurement at current 0.009648241206030151
2023-06-08 16:03:52,904 INFO T:288.56Â°K V:5.9000e-05V I:9.6482e-03A R:6.1151e-03ğ›€ E:1.1346e-03V/cm J:1.0841e-01A/cm2 ğ›’:1.0466e-02ğ›€ cm
2023-06-08 16:03:52,923 INFO Measurement at current 0.009698492462311558
2023-06-08 16:03:53,531 INFO T:288.55Â°K V:5.9329e-05V I:9.6985e-03A R:6.1173e-03ğ›€ E:1.1409e-03V/cm J:1.0897e-01A/cm2 ğ›’:1.0470e-02ğ›€ cm
2023-06-08 16:03:53,568 INFO Measurement at current 0.009748743718592965
2023-06-08 16:03:54,181 INFO T:288.54Â°K V:5.9753e-05V I:9.7487e-03A R:6.1293e-03ğ›€ E:1.1491e-03V/cm J:1.0954e-01A/cm2 ğ›’:1.0490e-02ğ›€ cm
2023-06-08 16:03:54,202 INFO Measurement at current 0.009798994974874372
2023-06-08 16:03:54,826 INFO T:288.54Â°K V:6.0130e-05V I:9.7990e-03A R:6.1363e-03ğ›€ E:1.1563e-03V/cm J:1.1010e-01A/cm2 ğ›’:1.0503e-02ğ›€ cm
2023-06-08 16:03:54,842 INFO Measurement at current 0.00984924623115578
2023-06-08 16:03:55,435 INFO T:288.54Â°K V:6.0370e-05V I:9.8492e-03A R:6.1294e-03ğ›€ E:1.1610e-03V/cm J:1.1067e-01A/cm2 ğ›’:1.0491e-02ğ›€ cm
2023-06-08 16:03:55,451 INFO Measurement at current 0.009899497487437186
2023-06-08 16:03:56,049 INFO T:288.54Â°K V:6.0769e-05V I:9.8995e-03A R:6.1386e-03ğ›€ E:1.1686e-03V/cm J:1.1123e-01A/cm2 ğ›’:1.0507e-02ğ›€ cm
2023-06-08 16:03:56,096 INFO Measurement at current 0.009949748743718593
2023-06-08 16:03:56,716 INFO T:288.53Â°K V:6.1215e-05V I:9.9497e-03A R:6.1524e-03ğ›€ E:1.1772e-03V/cm J:1.1179e-01A/cm2 ğ›’:1.0530e-02ğ›€ cm
2023-06-08 16:03:56,742 INFO Measurement at current 0.01
2023-06-08 16:03:57,366 INFO T:288.52Â°K V:6.1729e-05V I:1.0000e-02A R:6.1729e-03ğ›€ E:1.1871e-03V/cm J:1.1236e-01A/cm2 ğ›’:1.0565e-02ğ›€ cm
2023-06-08 16:04:44,465 INFO Save the description file
2023-06-08 16:04:44,475 INFO Save data in numpy format Esperimenti/BS_1_4a_080623_I_V/BS_1_4a_080623_I_V_current_from_0_to_100e-4A/BS_1_4a_080623_I_V_current_from_0_to_100e-4A-20230608160442
2023-06-08 16:04:44,498 INFO Save data in CSV format Esperimenti/BS_1_4a_080623_I_V/BS_1_4a_080623_I_V_current_from_0_to_100e-4A/BS_1_4a_080623_I_V_current_from_0_to_100e-4A-20230608160442.csv
2023-06-08 16:04:44,527 INFO Save plot as image Esperimenti/BS_1_4a_080623_I_V/BS_1_4a_080623_I_V_current_from_0_to_100e-4A/BS_1_4a_080623_I_V_current_from_0_to_100e-4A-20230608160442.png
