2023-06-08 17:12:06,750 INFO ### Start experiment: BS_1_4a_080623_I_V current from 0 to 100e-4A ###
2023-06-08 17:12:08,096 INFO Found Multimeter KEITHLEY INSTRUMENTS INC.,MODEL 2700,0884890,B03  /A02  

2023-06-08 17:12:09,131 INFO Found Nanovolt Meter KEITHLEY INSTRUMENTS INC.,MODEL 2182A,4056474,C03  /A02  

2023-06-08 17:12:09,256 INFO Found Source Meter KEITHLEY INSTRUMENTS INC.,MODEL 2400,0945684,C24   Feb 14 2002 11:59:45/A02  /K/H

2023-06-08 17:12:09,385 INFO Start the measurement loop
2023-06-08 17:12:15,036 INFO Measurement at current 0.0
2023-06-08 17:12:15,955 INFO T:240.08Â°K V:-1.4658e-05V I:0.0000e+00A R:-infğ›€ E:-2.8189e-04V/cm J:0.0000e+00A/cm2 ğ›’:-infğ›€ cm
2023-06-08 17:12:15,977 INFO Measurement at current 5.0251256281407036e-05
2023-06-08 17:12:16,577 INFO T:240.08Â°K V:-1.4282e-05V I:5.0251e-05A R:-2.8421e-01ğ›€ E:-2.7465e-04V/cm J:5.6462e-04A/cm2 ğ›’:-4.8643e-01ğ›€ cm
2023-06-08 17:12:16,600 INFO Measurement at current 0.00010050251256281407
2023-06-08 17:12:17,203 INFO T:240.07Â°K V:-1.3903e-05V I:1.0050e-04A R:-1.3833e-01ğ›€ E:-2.6736e-04V/cm J:1.1292e-03A/cm2 ğ›’:-2.3676e-01ğ›€ cm
2023-06-08 17:12:17,219 INFO Measurement at current 0.00015075376884422112
2023-06-08 17:12:17,825 INFO T:240.07Â°K V:-1.3486e-05V I:1.5075e-04A R:-8.9456e-02ğ›€ E:-2.5934e-04V/cm J:1.6939e-03A/cm2 ğ›’:-1.5311e-01ğ›€ cm
2023-06-08 17:12:17,841 INFO Measurement at current 0.00020100502512562814
2023-06-08 17:12:18,431 INFO T:240.06Â°K V:-1.3123e-05V I:2.0101e-04A R:-6.5288e-02ğ›€ E:-2.5237e-04V/cm J:2.2585e-03A/cm2 ğ›’:-1.1174e-01ğ›€ cm
2023-06-08 17:12:18,453 INFO Measurement at current 0.0002512562814070352
2023-06-08 17:12:19,062 INFO T:240.06Â°K V:-1.2751e-05V I:2.5126e-04A R:-5.0749e-02ğ›€ E:-2.4521e-04V/cm J:2.8231e-03A/cm2 ğ›’:-8.6860e-02ğ›€ cm
2023-06-08 17:12:19,086 INFO Measurement at current 0.00030150753768844223
2023-06-08 17:12:19,683 INFO T:240.05Â°K V:-1.2366e-05V I:3.0151e-04A R:-4.1015e-02ğ›€ E:-2.3781e-04V/cm J:3.3877e-03A/cm2 ğ›’:-7.0198e-02ğ›€ cm
2023-06-08 17:12:19,703 INFO Measurement at current 0.00035175879396984926
2023-06-08 17:12:20,295 INFO T:240.05Â°K V:-1.1992e-05V I:3.5176e-04A R:-3.4092e-02ğ›€ E:-2.3062e-04V/cm J:3.9523e-03A/cm2 ğ›’:-5.8350e-02ğ›€ cm
2023-06-08 17:12:20,310 INFO Measurement at current 0.0004020100502512563
2023-06-08 17:12:20,943 INFO T:240.08Â°K V:-1.1644e-05V I:4.0201e-04A R:-2.8963e-02ğ›€ E:-2.2391e-04V/cm J:4.5170e-03A/cm2 ğ›’:-4.9572e-02ğ›€ cm
2023-06-08 17:12:20,961 INFO Measurement at current 0.0004522613065326633
2023-06-08 17:12:21,551 INFO T:240.04Â°K V:-1.1268e-05V I:4.5226e-04A R:-2.4915e-02ğ›€ E:-2.1670e-04V/cm J:5.0816e-03A/cm2 ğ›’:-4.2644e-02ğ›€ cm
2023-06-08 17:12:21,572 INFO Measurement at current 0.0005025125628140704
2023-06-08 17:12:22,175 INFO T:240.04Â°K V:-1.0917e-05V I:5.0251e-04A R:-2.1725e-02ğ›€ E:-2.0994e-04V/cm J:5.6462e-03A/cm2 ğ›’:-3.7183e-02ğ›€ cm
2023-06-08 17:12:22,195 INFO Measurement at current 0.0005527638190954774
2023-06-08 17:12:22,796 INFO T:240.03Â°K V:-1.0559e-05V I:5.5276e-04A R:-1.9102e-02ğ›€ E:-2.0305e-04V/cm J:6.2108e-03A/cm2 ğ›’:-3.2693e-02ğ›€ cm
2023-06-08 17:12:22,814 INFO Measurement at current 0.0006030150753768845
2023-06-08 17:12:23,403 INFO T:240.03Â°K V:-1.0205e-05V I:6.0302e-04A R:-1.6923e-02ğ›€ E:-1.9624e-04V/cm J:6.7755e-03A/cm2 ğ›’:-2.8964e-02ğ›€ cm
2023-06-08 17:12:23,421 INFO Measurement at current 0.0006532663316582914
2023-06-08 17:12:24,026 INFO T:240.03Â°K V:-9.8501e-06V I:6.5327e-04A R:-1.5078e-02ğ›€ E:-1.8943e-04V/cm J:7.3401e-03A/cm2 ğ›’:-2.5807e-02ğ›€ cm
2023-06-08 17:12:24,048 INFO Measurement at current 0.0007035175879396985
2023-06-08 17:12:24,652 INFO T:240.02Â°K V:-9.4937e-06V I:7.0352e-04A R:-1.3495e-02ğ›€ E:-1.8257e-04V/cm J:7.9047e-03A/cm2 ğ›’:-2.3097e-02ğ›€ cm
2023-06-08 17:12:24,674 INFO Measurement at current 0.0007537688442211055
2023-06-08 17:12:25,274 INFO T:240.01Â°K V:-9.1522e-06V I:7.5377e-04A R:-1.2142e-02ğ›€ E:-1.7600e-04V/cm J:8.4693e-03A/cm2 ğ›’:-2.0781e-02ğ›€ cm
2023-06-08 17:12:25,300 INFO Measurement at current 0.0008040201005025126
2023-06-08 17:12:25,909 INFO T:240.01Â°K V:-8.7999e-06V I:8.0402e-04A R:-1.0945e-02ğ›€ E:-1.6923e-04V/cm J:9.0339e-03A/cm2 ğ›’:-1.8733e-02ğ›€ cm
2023-06-08 17:12:25,928 INFO Measurement at current 0.0008542713567839197
2023-06-08 17:12:26,518 INFO T:240.01Â°K V:-8.4606e-06V I:8.5427e-04A R:-9.9038e-03ğ›€ E:-1.6270e-04V/cm J:9.5986e-03A/cm2 ğ›’:-1.6951e-02ğ›€ cm
2023-06-08 17:12:26,542 INFO Measurement at current 0.0009045226130653266
2023-06-08 17:12:27,130 INFO T:240.00Â°K V:-8.1105e-06V I:9.0452e-04A R:-8.9666e-03ğ›€ E:-1.5597e-04V/cm J:1.0163e-02A/cm2 ğ›’:-1.5347e-02ğ›€ cm
2023-06-08 17:12:27,146 INFO Measurement at current 0.0009547738693467337
2023-06-08 17:12:27,742 INFO T:240.00Â°K V:-7.7582e-06V I:9.5477e-04A R:-8.1256e-03ğ›€ E:-1.4920e-04V/cm J:1.0728e-02A/cm2 ğ›’:-1.3907e-02ğ›€ cm
2023-06-08 17:12:27,764 INFO Measurement at current 0.0010050251256281408
2023-06-08 17:12:28,368 INFO T:240.00Â°K V:-7.4262e-06V I:1.0050e-03A R:-7.3890e-03ğ›€ E:-1.4281e-04V/cm J:1.1292e-02A/cm2 ğ›’:-1.2647e-02ğ›€ cm
2023-06-08 17:12:28,395 INFO Measurement at current 0.0010552763819095478
2023-06-08 17:12:29,004 INFO T:239.99Â°K V:-7.0439e-06V I:1.0553e-03A R:-6.6750e-03ğ›€ E:-1.3546e-04V/cm J:1.1857e-02A/cm2 ğ›’:-1.1424e-02ğ›€ cm
2023-06-08 17:12:29,021 INFO Measurement at current 0.0011055276381909548
2023-06-08 17:12:29,621 INFO T:239.99Â°K V:-6.7179e-06V I:1.1055e-03A R:-6.0767e-03ğ›€ E:-1.2919e-04V/cm J:1.2422e-02A/cm2 ğ›’:-1.0400e-02ğ›€ cm
2023-06-08 17:12:29,637 INFO Measurement at current 0.0011557788944723617
2023-06-08 17:12:30,243 INFO T:239.98Â°K V:-6.3793e-06V I:1.1558e-03A R:-5.5194e-03ğ›€ E:-1.2268e-04V/cm J:1.2986e-02A/cm2 ğ›’:-9.4467e-03ğ›€ cm
2023-06-08 17:12:30,269 INFO Measurement at current 0.001206030150753769
2023-06-08 17:12:30,866 INFO T:239.98Â°K V:-6.0443e-06V I:1.2060e-03A R:-5.0118e-03ğ›€ E:-1.1624e-04V/cm J:1.3551e-02A/cm2 ğ›’:-8.5778e-03ğ›€ cm
2023-06-08 17:12:30,890 INFO Measurement at current 0.001256281407035176
2023-06-08 17:12:31,501 INFO T:239.98Â°K V:-5.7170e-06V I:1.2563e-03A R:-4.5507e-03ğ›€ E:-1.0994e-04V/cm J:1.4116e-02A/cm2 ğ›’:-7.7887e-03ğ›€ cm
2023-06-08 17:12:31,518 INFO Measurement at current 0.0013065326633165829
2023-06-08 17:12:32,120 INFO T:239.97Â°K V:-5.3902e-06V I:1.3065e-03A R:-4.1256e-03ğ›€ E:-1.0366e-04V/cm J:1.4680e-02A/cm2 ğ›’:-7.0611e-03ğ›€ cm
2023-06-08 17:12:32,157 INFO Measurement at current 0.00135678391959799
2023-06-08 17:12:32,785 INFO T:239.97Â°K V:-5.0611e-06V I:1.3568e-03A R:-3.7302e-03ğ›€ E:-9.7328e-05V/cm J:1.5245e-02A/cm2 ğ›’:-6.3844e-03ğ›€ cm
2023-06-08 17:12:32,808 INFO Measurement at current 0.001407035175879397
2023-06-08 17:12:33,409 INFO T:239.96Â°K V:-4.7330e-06V I:1.4070e-03A R:-3.3638e-03ğ›€ E:-9.1020e-05V/cm J:1.5809e-02A/cm2 ğ›’:-5.7573e-03ğ›€ cm
2023-06-08 17:12:33,441 INFO Measurement at current 0.001457286432160804
2023-06-08 17:12:34,039 INFO T:239.96Â°K V:-4.4122e-06V I:1.4573e-03A R:-3.0277e-03ğ›€ E:-8.4851e-05V/cm J:1.6374e-02A/cm2 ğ›’:-5.1820e-03ğ›€ cm
2023-06-08 17:12:34,061 INFO Measurement at current 0.001507537688442211
2023-06-08 17:12:34,651 INFO T:239.96Â°K V:-4.0903e-06V I:1.5075e-03A R:-2.7132e-03ğ›€ E:-7.8660e-05V/cm J:1.6939e-02A/cm2 ğ›’:-4.6438e-03ğ›€ cm
2023-06-08 17:12:34,670 INFO Measurement at current 0.0015577889447236182
2023-06-08 17:12:35,278 INFO T:239.95Â°K V:-3.7410e-06V I:1.5578e-03A R:-2.4015e-03ğ›€ E:-7.1942e-05V/cm J:1.7503e-02A/cm2 ğ›’:-4.1102e-03ğ›€ cm
2023-06-08 17:12:35,295 INFO Measurement at current 0.0016080402010050252
2023-06-08 17:12:35,892 INFO T:239.95Â°K V:-3.4335e-06V I:1.6080e-03A R:-2.1352e-03ğ›€ E:-6.6029e-05V/cm J:1.8068e-02A/cm2 ğ›’:-3.6545e-03ğ›€ cm
2023-06-08 17:12:35,916 INFO Measurement at current 0.0016582914572864321
2023-06-08 17:12:36,517 INFO T:239.94Â°K V:-3.1042e-06V I:1.6583e-03A R:-1.8719e-03ğ›€ E:-5.9697e-05V/cm J:1.8632e-02A/cm2 ğ›’:-3.2039e-03ğ›€ cm
2023-06-08 17:12:36,534 INFO Measurement at current 0.0017085427135678393
2023-06-08 17:12:37,127 INFO T:239.94Â°K V:-2.7863e-06V I:1.7085e-03A R:-1.6308e-03ğ›€ E:-5.3582e-05V/cm J:1.9197e-02A/cm2 ğ›’:-2.7911e-03ğ›€ cm
2023-06-08 17:12:37,149 INFO Measurement at current 0.0017587939698492463
2023-06-08 17:12:37,755 INFO T:239.94Â°K V:-2.4620e-06V I:1.7588e-03A R:-1.3998e-03ğ›€ E:-4.7347e-05V/cm J:1.9762e-02A/cm2 ğ›’:-2.3959e-03ğ›€ cm
2023-06-08 17:12:37,781 INFO Measurement at current 0.0018090452261306533
2023-06-08 17:12:38,379 INFO T:239.93Â°K V:-2.1560e-06V I:1.8090e-03A R:-1.1918e-03ğ›€ E:-4.1461e-05V/cm J:2.0326e-02A/cm2 ğ›’:-2.0398e-03ğ›€ cm
2023-06-08 17:12:38,402 INFO Measurement at current 0.0018592964824120603
2023-06-08 17:12:39,005 INFO T:239.93Â°K V:-1.8265e-06V I:1.8593e-03A R:-9.8236e-04ğ›€ E:-3.5125e-05V/cm J:2.0891e-02A/cm2 ğ›’:-1.6813e-03ğ›€ cm
2023-06-08 17:12:39,032 INFO Measurement at current 0.0019095477386934674
2023-06-08 17:12:39,634 INFO T:239.92Â°K V:-1.5213e-06V I:1.9095e-03A R:-7.9669e-04ğ›€ E:-2.9256e-05V/cm J:2.1456e-02A/cm2 ğ›’:-1.3636e-03ğ›€ cm
2023-06-08 17:12:39,656 INFO Measurement at current 0.001959798994974874
2023-06-08 17:12:40,259 INFO T:239.92Â°K V:-1.2061e-06V I:1.9598e-03A R:-6.1541e-04ğ›€ E:-2.3194e-05V/cm J:2.2020e-02A/cm2 ğ›’:-1.0533e-03ğ›€ cm
2023-06-08 17:12:40,279 INFO Measurement at current 0.0020100502512562816
2023-06-08 17:12:40,877 INFO T:239.92Â°K V:-9.0787e-07V I:2.0101e-03A R:-4.5166e-04ğ›€ E:-1.7459e-05V/cm J:2.2585e-02A/cm2 ğ›’:-7.7304e-04ğ›€ cm
2023-06-08 17:12:40,894 INFO Measurement at current 0.0020603015075376886
2023-06-08 17:12:41,497 INFO T:239.91Â°K V:-5.8828e-07V I:2.0603e-03A R:-2.8553e-04ğ›€ E:-1.1313e-05V/cm J:2.3149e-02A/cm2 ğ›’:-4.8870e-04ğ›€ cm
2023-06-08 17:12:41,520 INFO Measurement at current 0.0021105527638190956
2023-06-08 17:12:42,120 INFO T:239.91Â°K V:-2.8513e-07V I:2.1106e-03A R:-1.3510e-04ğ›€ E:-5.4833e-06V/cm J:2.3714e-02A/cm2 ğ›’:-2.3123e-04ğ›€ cm
2023-06-08 17:12:42,145 INFO Measurement at current 0.0021608040201005025
2023-06-08 17:12:42,742 INFO T:239.90Â°K V:3.2438e-08V I:2.1608e-03A R:1.5012e-05ğ›€ E:6.2380e-07V/cm J:2.4279e-02A/cm2 ğ›’:2.5693e-05ğ›€ cm
2023-06-08 17:12:42,757 INFO Measurement at current 0.0022110552763819095
2023-06-08 17:12:43,358 INFO T:239.90Â°K V:3.2984e-07V I:2.2111e-03A R:1.4918e-04ğ›€ E:6.3431e-06V/cm J:2.4843e-02A/cm2 ğ›’:2.5532e-04ğ›€ cm
2023-06-08 17:12:43,378 INFO Measurement at current 0.0022613065326633165
2023-06-08 17:12:43,994 INFO T:239.89Â°K V:6.0525e-07V I:2.2613e-03A R:2.6766e-04ğ›€ E:1.1640e-05V/cm J:2.5408e-02A/cm2 ğ›’:4.5811e-04ğ›€ cm
2023-06-08 17:12:44,011 INFO Measurement at current 0.0023115577889447235
2023-06-08 17:12:44,602 INFO T:239.89Â°K V:9.0104e-07V I:2.3116e-03A R:3.8980e-04ğ›€ E:1.7328e-05V/cm J:2.5973e-02A/cm2 ğ›’:6.6716e-04ğ›€ cm
2023-06-08 17:12:44,619 INFO Measurement at current 0.002361809045226131
2023-06-08 17:12:45,213 INFO T:239.89Â°K V:1.2081e-06V I:2.3618e-03A R:5.1153e-04ğ›€ E:2.3233e-05V/cm J:2.6537e-02A/cm2 ğ›’:8.7549e-04ğ›€ cm
2023-06-08 17:12:45,237 INFO Measurement at current 0.002412060301507538
2023-06-08 17:12:45,837 INFO T:239.88Â°K V:1.4969e-06V I:2.4121e-03A R:6.2057e-04ğ›€ E:2.8786e-05V/cm J:2.7102e-02A/cm2 ğ›’:1.0621e-03ğ›€ cm
2023-06-08 17:12:45,852 INFO Measurement at current 0.002462311557788945
2023-06-08 17:12:46,446 INFO T:239.88Â°K V:1.8033e-06V I:2.4623e-03A R:7.3237e-04ğ›€ E:3.4679e-05V/cm J:2.7666e-02A/cm2 ğ›’:1.2535e-03ğ›€ cm
2023-06-08 17:12:46,460 INFO Measurement at current 0.002512562814070352
2023-06-08 17:12:47,060 INFO T:239.87Â°K V:2.0961e-06V I:2.5126e-03A R:8.3424e-04ğ›€ E:4.0309e-05V/cm J:2.8231e-02A/cm2 ğ›’:1.4278e-03ğ›€ cm
2023-06-08 17:12:47,093 INFO Measurement at current 0.0025628140703517588
2023-06-08 17:12:47,701 INFO T:239.87Â°K V:2.3782e-06V I:2.5628e-03A R:9.2795e-04ğ›€ E:4.5734e-05V/cm J:2.8796e-02A/cm2 ğ›’:1.5882e-03ğ›€ cm
2023-06-08 17:12:47,725 INFO Measurement at current 0.0026130653266331657
2023-06-08 17:12:48,324 INFO T:239.87Â°K V:2.6747e-06V I:2.6131e-03A R:1.0236e-03ğ›€ E:5.1436e-05V/cm J:2.9360e-02A/cm2 ğ›’:1.7519e-03ğ›€ cm
2023-06-08 17:12:48,360 INFO Measurement at current 0.0026633165829145727
2023-06-08 17:12:48,960 INFO T:239.86Â°K V:2.9610e-06V I:2.6633e-03A R:1.1118e-03ğ›€ E:5.6942e-05V/cm J:2.9925e-02A/cm2 ğ›’:1.9028e-03ğ›€ cm
2023-06-08 17:12:48,975 INFO Measurement at current 0.00271356783919598
2023-06-08 17:12:49,564 INFO T:239.86Â°K V:3.2576e-06V I:2.7136e-03A R:1.2005e-03ğ›€ E:6.2645e-05V/cm J:3.0490e-02A/cm2 ğ›’:2.0547e-03ğ›€ cm
2023-06-08 17:12:49,578 INFO Measurement at current 0.002763819095477387
2023-06-08 17:12:50,171 INFO T:239.85Â°K V:3.5291e-06V I:2.7638e-03A R:1.2769e-03ğ›€ E:6.7868e-05V/cm J:3.1054e-02A/cm2 ğ›’:2.1855e-03ğ›€ cm
2023-06-08 17:12:50,192 INFO Measurement at current 0.002814070351758794
2023-06-08 17:12:50,790 INFO T:239.85Â°K V:3.8196e-06V I:2.8141e-03A R:1.3573e-03ğ›€ E:7.3454e-05V/cm J:3.1619e-02A/cm2 ğ›’:2.3231e-03ğ›€ cm
2023-06-08 17:12:50,813 INFO Measurement at current 0.002864321608040201
2023-06-08 17:12:51,431 INFO T:239.85Â°K V:4.1187e-06V I:2.8643e-03A R:1.4379e-03ğ›€ E:7.9206e-05V/cm J:3.2183e-02A/cm2 ğ›’:2.4611e-03ğ›€ cm
2023-06-08 17:12:51,456 INFO Measurement at current 0.002914572864321608
2023-06-08 17:12:52,056 INFO T:239.84Â°K V:4.3719e-06V I:2.9146e-03A R:1.5000e-03ğ›€ E:8.4076e-05V/cm J:3.2748e-02A/cm2 ğ›’:2.5674e-03ğ›€ cm
2023-06-08 17:12:52,074 INFO Measurement at current 0.002964824120603015
2023-06-08 17:12:52,661 INFO T:239.84Â°K V:4.6710e-06V I:2.9648e-03A R:1.5755e-03ğ›€ E:8.9828e-05V/cm J:3.3313e-02A/cm2 ğ›’:2.6965e-03ğ›€ cm
2023-06-08 17:12:52,681 INFO Measurement at current 0.003015075376884422
2023-06-08 17:12:53,276 INFO T:239.83Â°K V:4.9422e-06V I:3.0151e-03A R:1.6392e-03ğ›€ E:9.5043e-05V/cm J:3.3877e-02A/cm2 ğ›’:2.8055e-03ğ›€ cm
2023-06-08 17:12:53,293 INFO Measurement at current 0.0030653266331658294
2023-06-08 17:12:53,900 INFO T:239.83Â°K V:5.2142e-06V I:3.0653e-03A R:1.7010e-03ğ›€ E:1.0027e-04V/cm J:3.4442e-02A/cm2 ğ›’:2.9114e-03ğ›€ cm
2023-06-08 17:12:53,921 INFO Measurement at current 0.0031155778894472364
2023-06-08 17:12:54,517 INFO T:239.83Â°K V:5.4798e-06V I:3.1156e-03A R:1.7589e-03ğ›€ E:1.0538e-04V/cm J:3.5006e-02A/cm2 ğ›’:3.0103e-03ğ›€ cm
2023-06-08 17:12:54,546 INFO Measurement at current 0.0031658291457286433
2023-06-08 17:12:55,149 INFO T:239.82Â°K V:5.7249e-06V I:3.1658e-03A R:1.8083e-03ğ›€ E:1.1009e-04V/cm J:3.5571e-02A/cm2 ğ›’:3.0951e-03ğ›€ cm
2023-06-08 17:12:55,189 INFO Measurement at current 0.0032160804020100503
2023-06-08 17:12:55,780 INFO T:239.82Â°K V:5.9769e-06V I:3.2161e-03A R:1.8585e-03ğ›€ E:1.1494e-04V/cm J:3.6136e-02A/cm2 ğ›’:3.1808e-03ğ›€ cm
2023-06-08 17:12:55,804 INFO Measurement at current 0.0032663316582914573
2023-06-08 17:12:56,407 INFO T:239.81Â°K V:6.2414e-06V I:3.2663e-03A R:1.9108e-03ğ›€ E:1.2003e-04V/cm J:3.6700e-02A/cm2 ğ›’:3.2704e-03ğ›€ cm
2023-06-08 17:12:56,427 INFO Measurement at current 0.0033165829145728643
2023-06-08 17:12:57,028 INFO T:239.81Â°K V:6.5056e-06V I:3.3166e-03A R:1.9615e-03ğ›€ E:1.2511e-04V/cm J:3.7265e-02A/cm2 ğ›’:3.3572e-03ğ›€ cm
2023-06-08 17:12:57,044 INFO Measurement at current 0.0033668341708542712
2023-06-08 17:12:57,636 INFO T:239.81Â°K V:6.7884e-06V I:3.3668e-03A R:2.0162e-03ğ›€ E:1.3055e-04V/cm J:3.7830e-02A/cm2 ğ›’:3.4509e-03ğ›€ cm
2023-06-08 17:12:57,651 INFO Measurement at current 0.0034170854271356787
2023-06-08 17:12:58,259 INFO T:239.81Â°K V:7.0571e-06V I:3.4171e-03A R:2.0652e-03ğ›€ E:1.3571e-04V/cm J:3.8394e-02A/cm2 ğ›’:3.5347e-03ğ›€ cm
2023-06-08 17:12:58,294 INFO Measurement at current 0.0034673366834170856
2023-06-08 17:12:58,888 INFO T:239.80Â°K V:7.3185e-06V I:3.4673e-03A R:2.1107e-03ğ›€ E:1.4074e-04V/cm J:3.8959e-02A/cm2 ğ›’:3.6125e-03ğ›€ cm
2023-06-08 17:12:58,909 INFO Measurement at current 0.0035175879396984926
2023-06-08 17:12:59,523 INFO T:239.80Â°K V:7.5581e-06V I:3.5176e-03A R:2.1487e-03ğ›€ E:1.4535e-04V/cm J:3.9523e-02A/cm2 ğ›’:3.6775e-03ğ›€ cm
2023-06-08 17:12:59,548 INFO Measurement at current 0.0035678391959798996
2023-06-08 17:13:00,163 INFO T:239.79Â°K V:7.8251e-06V I:3.5678e-03A R:2.1932e-03ğ›€ E:1.5048e-04V/cm J:4.0088e-02A/cm2 ğ›’:3.7538e-03ğ›€ cm
2023-06-08 17:13:00,183 INFO Measurement at current 0.0036180904522613066
2023-06-08 17:13:00,787 INFO T:239.78Â°K V:8.0815e-06V I:3.6181e-03A R:2.2336e-03ğ›€ E:1.5541e-04V/cm J:4.0653e-02A/cm2 ğ›’:3.8230e-03ğ›€ cm
2023-06-08 17:13:00,806 INFO Measurement at current 0.0036683417085427135
2023-06-08 17:13:01,411 INFO T:239.78Â°K V:8.3453e-06V I:3.6683e-03A R:2.2750e-03ğ›€ E:1.6049e-04V/cm J:4.1217e-02A/cm2 ğ›’:3.8937e-03ğ›€ cm
2023-06-08 17:13:01,430 INFO Measurement at current 0.0037185929648241205
2023-06-08 17:13:02,029 INFO T:239.78Â°K V:8.5823e-06V I:3.7186e-03A R:2.3080e-03ğ›€ E:1.6504e-04V/cm J:4.1782e-02A/cm2 ğ›’:3.9501e-03ğ›€ cm
2023-06-08 17:13:02,060 INFO Measurement at current 0.003768844221105528
2023-06-08 17:13:02,653 INFO T:239.78Â°K V:8.8357e-06V I:3.7688e-03A R:2.3444e-03ğ›€ E:1.6992e-04V/cm J:4.2347e-02A/cm2 ğ›’:4.0125e-03ğ›€ cm
2023-06-08 17:13:02,674 INFO Measurement at current 0.003819095477386935
2023-06-08 17:13:03,278 INFO T:239.77Â°K V:9.0784e-06V I:3.8191e-03A R:2.3771e-03ğ›€ E:1.7458e-04V/cm J:4.2911e-02A/cm2 ğ›’:4.0685e-03ğ›€ cm
2023-06-08 17:13:03,296 INFO Measurement at current 0.003869346733668342
2023-06-08 17:13:03,890 INFO T:239.77Â°K V:9.3325e-06V I:3.8693e-03A R:2.4119e-03ğ›€ E:1.7947e-04V/cm J:4.3476e-02A/cm2 ğ›’:4.1281e-03ğ›€ cm
2023-06-08 17:13:03,908 INFO Measurement at current 0.003919597989949748
2023-06-08 17:13:04,498 INFO T:239.76Â°K V:9.5780e-06V I:3.9196e-03A R:2.4436e-03ğ›€ E:1.8419e-04V/cm J:4.4040e-02A/cm2 ğ›’:4.1823e-03ğ›€ cm
2023-06-08 17:13:04,514 INFO Measurement at current 0.003969849246231156
2023-06-08 17:13:05,110 INFO T:239.76Â°K V:9.8379e-06V I:3.9698e-03A R:2.4782e-03ğ›€ E:1.8919e-04V/cm J:4.4605e-02A/cm2 ğ›’:4.2415e-03ğ›€ cm
2023-06-08 17:13:05,132 INFO Measurement at current 0.004020100502512563
2023-06-08 17:13:05,735 INFO T:239.75Â°K V:1.0047e-05V I:4.0201e-03A R:2.4992e-03ğ›€ E:1.9321e-04V/cm J:4.5170e-02A/cm2 ğ›’:4.2774e-03ğ›€ cm
2023-06-08 17:13:05,751 INFO Measurement at current 0.00407035175879397
2023-06-08 17:13:06,344 INFO T:239.75Â°K V:1.0307e-05V I:4.0704e-03A R:2.5323e-03ğ›€ E:1.9822e-04V/cm J:4.5734e-02A/cm2 ğ›’:4.3341e-03ğ›€ cm
2023-06-08 17:13:06,360 INFO Measurement at current 0.004120603015075377
2023-06-08 17:13:06,959 INFO T:239.75Â°K V:1.0559e-05V I:4.1206e-03A R:2.5626e-03ğ›€ E:2.0307e-04V/cm J:4.6299e-02A/cm2 ğ›’:4.3860e-03ğ›€ cm
2023-06-08 17:13:06,980 INFO Measurement at current 0.004170854271356784
2023-06-08 17:13:07,570 INFO T:239.74Â°K V:1.0776e-05V I:4.1709e-03A R:2.5837e-03ğ›€ E:2.0723e-04V/cm J:4.6864e-02A/cm2 ğ›’:4.4221e-03ğ›€ cm
2023-06-08 17:13:07,585 INFO Measurement at current 0.004221105527638191
2023-06-08 17:13:08,177 INFO T:239.74Â°K V:1.1028e-05V I:4.2211e-03A R:2.6126e-03ğ›€ E:2.1208e-04V/cm J:4.7428e-02A/cm2 ğ›’:4.4716e-03ğ›€ cm
2023-06-08 17:13:08,196 INFO Measurement at current 0.004271356783919598
2023-06-08 17:13:08,791 INFO T:239.73Â°K V:1.1278e-05V I:4.2714e-03A R:2.6405e-03ğ›€ E:2.1689e-04V/cm J:4.7993e-02A/cm2 ğ›’:4.5193e-03ğ›€ cm
2023-06-08 17:13:08,811 INFO Measurement at current 0.004321608040201005
2023-06-08 17:13:09,414 INFO T:239.73Â°K V:1.1505e-05V I:4.3216e-03A R:2.6622e-03ğ›€ E:2.2125e-04V/cm J:4.8557e-02A/cm2 ğ›’:4.5564e-03ğ›€ cm
2023-06-08 17:13:09,449 INFO Measurement at current 0.004371859296482412
2023-06-08 17:13:10,049 INFO T:239.73Â°K V:1.1765e-05V I:4.3719e-03A R:2.6910e-03ğ›€ E:2.2625e-04V/cm J:4.9122e-02A/cm2 ğ›’:4.6058e-03ğ›€ cm
2023-06-08 17:13:10,084 INFO Measurement at current 0.004422110552763819
2023-06-08 17:13:10,674 INFO T:239.72Â°K V:1.1993e-05V I:4.4221e-03A R:2.7121e-03ğ›€ E:2.3064e-04V/cm J:4.9687e-02A/cm2 ğ›’:4.6419e-03ğ›€ cm
2023-06-08 17:13:10,692 INFO Measurement at current 0.004472361809045226
2023-06-08 17:13:11,308 INFO T:239.72Â°K V:1.2252e-05V I:4.4724e-03A R:2.7396e-03ğ›€ E:2.3562e-04V/cm J:5.0251e-02A/cm2 ğ›’:4.6889e-03ğ›€ cm
2023-06-08 17:13:11,323 INFO Measurement at current 0.004522613065326633
2023-06-08 17:13:11,922 INFO T:239.71Â°K V:1.2459e-05V I:4.5226e-03A R:2.7549e-03ğ›€ E:2.3960e-04V/cm J:5.0816e-02A/cm2 ğ›’:4.7151e-03ğ›€ cm
2023-06-08 17:13:11,940 INFO Measurement at current 0.00457286432160804
2023-06-08 17:13:12,545 INFO T:239.71Â°K V:1.2711e-05V I:4.5729e-03A R:2.7797e-03ğ›€ E:2.4445e-04V/cm J:5.1380e-02A/cm2 ğ›’:4.7575e-03ğ›€ cm
2023-06-08 17:13:12,580 INFO Measurement at current 0.004623115577889447
2023-06-08 17:13:13,182 INFO T:239.71Â°K V:1.2961e-05V I:4.6231e-03A R:2.8034e-03ğ›€ E:2.4924e-04V/cm J:5.1945e-02A/cm2 ğ›’:4.7982e-03ğ›€ cm
2023-06-08 17:13:13,200 INFO Measurement at current 0.004673366834170855
2023-06-08 17:13:13,806 INFO T:239.70Â°K V:1.3225e-05V I:4.6734e-03A R:2.8299e-03ğ›€ E:2.5433e-04V/cm J:5.2510e-02A/cm2 ğ›’:4.8435e-03ğ›€ cm
2023-06-08 17:13:13,834 INFO Measurement at current 0.004723618090452262
2023-06-08 17:13:14,433 INFO T:239.70Â°K V:1.3467e-05V I:4.7236e-03A R:2.8511e-03ğ›€ E:2.5899e-04V/cm J:5.3074e-02A/cm2 ğ›’:4.8797e-03ğ›€ cm
2023-06-08 17:13:14,466 INFO Measurement at current 0.004773869346733669
2023-06-08 17:13:15,060 INFO T:239.70Â°K V:1.3698e-05V I:4.7739e-03A R:2.8695e-03ğ›€ E:2.6343e-04V/cm J:5.3639e-02A/cm2 ğ›’:4.9112e-03ğ›€ cm
2023-06-08 17:13:15,075 INFO Measurement at current 0.004824120603015076
2023-06-08 17:13:15,666 INFO T:239.69Â°K V:1.3953e-05V I:4.8241e-03A R:2.8923e-03ğ›€ E:2.6832e-04V/cm J:5.4204e-02A/cm2 ğ›’:4.9502e-03ğ›€ cm
2023-06-08 17:13:15,695 INFO Measurement at current 0.004874371859296483
2023-06-08 17:13:16,292 INFO T:239.69Â°K V:1.4205e-05V I:4.8744e-03A R:2.9141e-03ğ›€ E:2.7317e-04V/cm J:5.4768e-02A/cm2 ğ›’:4.9877e-03ğ›€ cm
2023-06-08 17:13:16,320 INFO Measurement at current 0.00492462311557789
2023-06-08 17:13:16,914 INFO T:239.69Â°K V:1.4445e-05V I:4.9246e-03A R:2.9333e-03ğ›€ E:2.7780e-04V/cm J:5.5333e-02A/cm2 ğ›’:5.0205e-03ğ›€ cm
2023-06-08 17:13:16,935 INFO Measurement at current 0.004974874371859297
2023-06-08 17:13:17,529 INFO T:239.68Â°K V:1.4657e-05V I:4.9749e-03A R:2.9462e-03ğ›€ E:2.8187e-04V/cm J:5.5897e-02A/cm2 ğ›’:5.0426e-03ğ›€ cm
2023-06-08 17:13:17,546 INFO Measurement at current 0.005025125628140704
2023-06-08 17:13:18,141 INFO T:239.68Â°K V:1.4905e-05V I:5.0251e-03A R:2.9661e-03ğ›€ E:2.8663e-04V/cm J:5.6462e-02A/cm2 ğ›’:5.0766e-03ğ›€ cm
2023-06-08 17:13:18,159 INFO Measurement at current 0.005075376884422111
2023-06-08 17:13:18,765 INFO T:239.67Â°K V:1.5162e-05V I:5.0754e-03A R:2.9874e-03ğ›€ E:2.9158e-04V/cm J:5.7027e-02A/cm2 ğ›’:5.1131e-03ğ›€ cm
2023-06-08 17:13:18,790 INFO Measurement at current 0.0051256281407035175
2023-06-08 17:13:19,389 INFO T:239.67Â°K V:1.5378e-05V I:5.1256e-03A R:3.0003e-03ğ›€ E:2.9573e-04V/cm J:5.7591e-02A/cm2 ğ›’:5.1351e-03ğ›€ cm
2023-06-08 17:13:19,416 INFO Measurement at current 0.0051758793969849245
2023-06-08 17:13:20,009 INFO T:239.67Â°K V:1.5607e-05V I:5.1759e-03A R:3.0153e-03ğ›€ E:3.0013e-04V/cm J:5.8156e-02A/cm2 ğ›’:5.1607e-03ğ›€ cm
2023-06-08 17:13:20,025 INFO Measurement at current 0.0052261306532663315
2023-06-08 17:13:20,614 INFO T:239.66Â°K V:1.5809e-05V I:5.2261e-03A R:3.0249e-03ğ›€ E:3.0401e-04V/cm J:5.8721e-02A/cm2 ğ›’:5.1773e-03ğ›€ cm
2023-06-08 17:13:20,639 INFO Measurement at current 0.0052763819095477385
2023-06-08 17:13:21,244 INFO T:239.66Â°K V:1.6020e-05V I:5.2764e-03A R:3.0362e-03ğ›€ E:3.0808e-04V/cm J:5.9285e-02A/cm2 ğ›’:5.1966e-03ğ›€ cm
2023-06-08 17:13:21,264 INFO Measurement at current 0.0053266331658291454
2023-06-08 17:13:21,861 INFO T:239.65Â°K V:1.6265e-05V I:5.3266e-03A R:3.0535e-03ğ›€ E:3.1278e-04V/cm J:5.9850e-02A/cm2 ğ›’:5.2261e-03ğ›€ cm
2023-06-08 17:13:21,876 INFO Measurement at current 0.005376884422110553
2023-06-08 17:13:22,465 INFO T:239.65Â°K V:1.6473e-05V I:5.3769e-03A R:3.0637e-03ğ›€ E:3.1679e-04V/cm J:6.0414e-02A/cm2 ğ›’:5.2437e-03ğ›€ cm
2023-06-08 17:13:22,488 INFO Measurement at current 0.00542713567839196
2023-06-08 17:13:23,077 INFO T:239.65Â°K V:1.6757e-05V I:5.4271e-03A R:3.0877e-03ğ›€ E:3.2226e-04V/cm J:6.0979e-02A/cm2 ğ›’:5.2847e-03ğ›€ cm
2023-06-08 17:13:23,093 INFO Measurement at current 0.005477386934673367
2023-06-08 17:13:23,700 INFO T:239.64Â°K V:1.6984e-05V I:5.4774e-03A R:3.1007e-03ğ›€ E:3.2661e-04V/cm J:6.1544e-02A/cm2 ğ›’:5.3069e-03ğ›€ cm
2023-06-08 17:13:23,732 INFO Measurement at current 0.005527638190954774
2023-06-08 17:13:24,329 INFO T:239.64Â°K V:1.7150e-05V I:5.5276e-03A R:3.1025e-03ğ›€ E:3.2980e-04V/cm J:6.2108e-02A/cm2 ğ›’:5.3101e-03ğ›€ cm
2023-06-08 17:13:24,351 INFO Measurement at current 0.005577889447236181
2023-06-08 17:13:24,949 INFO T:239.63Â°K V:1.7375e-05V I:5.5779e-03A R:3.1150e-03ğ›€ E:3.3413e-04V/cm J:6.2673e-02A/cm2 ğ›’:5.3314e-03ğ›€ cm
2023-06-08 17:13:24,968 INFO Measurement at current 0.005628140703517588
2023-06-08 17:13:25,558 INFO T:239.63Â°K V:1.7647e-05V I:5.6281e-03A R:3.1355e-03ğ›€ E:3.3937e-04V/cm J:6.3238e-02A/cm2 ğ›’:5.3665e-03ğ›€ cm
2023-06-08 17:13:25,582 INFO Measurement at current 0.005678391959798995
2023-06-08 17:13:26,189 INFO T:239.63Â°K V:1.7850e-05V I:5.6784e-03A R:3.1435e-03ğ›€ E:3.4327e-04V/cm J:6.3802e-02A/cm2 ğ›’:5.3803e-03ğ›€ cm
2023-06-08 17:13:26,227 INFO Measurement at current 0.005728643216080402
2023-06-08 17:13:26,825 INFO T:239.62Â°K V:1.8098e-05V I:5.7286e-03A R:3.1592e-03ğ›€ E:3.4804e-04V/cm J:6.4367e-02A/cm2 ğ›’:5.4071e-03ğ›€ cm
2023-06-08 17:13:26,859 INFO Measurement at current 0.005778894472361809
2023-06-08 17:13:27,454 INFO T:239.62Â°K V:1.8311e-05V I:5.7789e-03A R:3.1685e-03ğ›€ E:3.5213e-04V/cm J:6.4931e-02A/cm2 ğ›’:5.4231e-03ğ›€ cm
2023-06-08 17:13:27,473 INFO Measurement at current 0.005829145728643216
2023-06-08 17:13:28,072 INFO T:239.62Â°K V:1.8568e-05V I:5.8291e-03A R:3.1854e-03ğ›€ E:3.5708e-04V/cm J:6.5496e-02A/cm2 ğ›’:5.4519e-03ğ›€ cm
2023-06-08 17:13:28,092 INFO Measurement at current 0.005879396984924623
2023-06-08 17:13:28,680 INFO T:239.61Â°K V:1.8831e-05V I:5.8794e-03A R:3.2029e-03ğ›€ E:3.6214e-04V/cm J:6.6061e-02A/cm2 ğ›’:5.4820e-03ğ›€ cm
2023-06-08 17:13:28,696 INFO Measurement at current 0.00592964824120603
2023-06-08 17:13:29,283 INFO T:239.61Â°K V:1.9030e-05V I:5.9296e-03A R:3.2093e-03ğ›€ E:3.6596e-04V/cm J:6.6625e-02A/cm2 ğ›’:5.4929e-03ğ›€ cm
2023-06-08 17:13:29,298 INFO Measurement at current 0.005979899497487437
2023-06-08 17:13:29,885 INFO T:239.61Â°K V:1.9262e-05V I:5.9799e-03A R:3.2212e-03ğ›€ E:3.7043e-04V/cm J:6.7190e-02A/cm2 ğ›’:5.5132e-03ğ›€ cm
2023-06-08 17:13:29,901 INFO Measurement at current 0.006030150753768844
2023-06-08 17:13:30,493 INFO T:239.60Â°K V:1.9531e-05V I:6.0302e-03A R:3.2390e-03ğ›€ E:3.7560e-04V/cm J:6.7755e-02A/cm2 ğ›’:5.5436e-03ğ›€ cm
2023-06-08 17:13:30,510 INFO Measurement at current 0.006080402010050252
2023-06-08 17:13:31,112 INFO T:239.60Â°K V:1.9799e-05V I:6.0804e-03A R:3.2562e-03ğ›€ E:3.8075e-04V/cm J:6.8319e-02A/cm2 ğ›’:5.5731e-03ğ›€ cm
2023-06-08 17:13:31,141 INFO Measurement at current 0.006130653266331659
2023-06-08 17:13:31,733 INFO T:239.59Â°K V:2.0033e-05V I:6.1307e-03A R:3.2676e-03ğ›€ E:3.8525e-04V/cm J:6.8884e-02A/cm2 ğ›’:5.5927e-03ğ›€ cm
2023-06-08 17:13:31,752 INFO Measurement at current 0.006180904522613066
2023-06-08 17:13:32,344 INFO T:239.59Â°K V:2.0262e-05V I:6.1809e-03A R:3.2781e-03ğ›€ E:3.8965e-04V/cm J:6.9448e-02A/cm2 ğ›’:5.6106e-03ğ›€ cm
2023-06-08 17:13:32,358 INFO Measurement at current 0.006231155778894473
2023-06-08 17:13:32,944 INFO T:239.58Â°K V:2.0470e-05V I:6.2312e-03A R:3.2851e-03ğ›€ E:3.9365e-04V/cm J:7.0013e-02A/cm2 ğ›’:5.6226e-03ğ›€ cm
2023-06-08 17:13:32,961 INFO Measurement at current 0.00628140703517588
2023-06-08 17:13:33,551 INFO T:239.58Â°K V:2.0717e-05V I:6.2814e-03A R:3.2981e-03ğ›€ E:3.9840e-04V/cm J:7.0578e-02A/cm2 ğ›’:5.6449e-03ğ›€ cm
2023-06-08 17:13:33,566 INFO Measurement at current 0.006331658291457287
2023-06-08 17:13:34,159 INFO T:239.58Â°K V:2.0948e-05V I:6.3317e-03A R:3.3085e-03ğ›€ E:4.0285e-04V/cm J:7.1142e-02A/cm2 ğ›’:5.6626e-03ğ›€ cm
2023-06-08 17:13:34,173 INFO Measurement at current 0.006381909547738694
2023-06-08 17:13:34,761 INFO T:239.57Â°K V:2.1167e-05V I:6.3819e-03A R:3.3168e-03ğ›€ E:4.0706e-04V/cm J:7.1707e-02A/cm2 ğ›’:5.6768e-03ğ›€ cm
2023-06-08 17:13:34,776 INFO Measurement at current 0.006432160804020101
2023-06-08 17:13:35,364 INFO T:239.57Â°K V:2.1391e-05V I:6.4322e-03A R:3.3256e-03ğ›€ E:4.1136e-04V/cm J:7.2271e-02A/cm2 ğ›’:5.6918e-03ğ›€ cm
2023-06-08 17:13:35,383 INFO Measurement at current 0.006482412060301508
2023-06-08 17:13:35,972 INFO T:239.56Â°K V:2.1683e-05V I:6.4824e-03A R:3.3448e-03ğ›€ E:4.1697e-04V/cm J:7.2836e-02A/cm2 ğ›’:5.7248e-03ğ›€ cm
2023-06-08 17:13:35,987 INFO Measurement at current 0.006532663316582915
2023-06-08 17:13:36,578 INFO T:239.56Â°K V:2.1895e-05V I:6.5327e-03A R:3.3516e-03ğ›€ E:4.2105e-04V/cm J:7.3401e-02A/cm2 ğ›’:5.7364e-03ğ›€ cm
2023-06-08 17:13:36,592 INFO Measurement at current 0.0065829145728643216
2023-06-08 17:13:37,188 INFO T:239.56Â°K V:2.2175e-05V I:6.5829e-03A R:3.3685e-03ğ›€ E:4.2644e-04V/cm J:7.3965e-02A/cm2 ğ›’:5.7654e-03ğ›€ cm
2023-06-08 17:13:37,207 INFO Measurement at current 0.0066331658291457285
2023-06-08 17:13:37,810 INFO T:239.55Â°K V:2.2400e-05V I:6.6332e-03A R:3.3769e-03ğ›€ E:4.3076e-04V/cm J:7.4530e-02A/cm2 ğ›’:5.7797e-03ğ›€ cm
2023-06-08 17:13:37,832 INFO Measurement at current 0.0066834170854271355
2023-06-08 17:13:38,435 INFO T:239.55Â°K V:2.2644e-05V I:6.6834e-03A R:3.3880e-03ğ›€ E:4.3545e-04V/cm J:7.5095e-02A/cm2 ğ›’:5.7987e-03ğ›€ cm
2023-06-08 17:13:38,452 INFO Measurement at current 0.0067336683417085425
2023-06-08 17:13:39,042 INFO T:239.54Â°K V:2.2887e-05V I:6.7337e-03A R:3.3988e-03ğ›€ E:4.4013e-04V/cm J:7.5659e-02A/cm2 ğ›’:5.8172e-03ğ›€ cm
2023-06-08 17:13:39,057 INFO Measurement at current 0.0067839195979899495
2023-06-08 17:13:39,658 INFO T:239.54Â°K V:2.3163e-05V I:6.7839e-03A R:3.4145e-03ğ›€ E:4.4545e-04V/cm J:7.6224e-02A/cm2 ğ›’:5.8440e-03ğ›€ cm
2023-06-08 17:13:39,675 INFO Measurement at current 0.006834170854271357
2023-06-08 17:13:40,272 INFO T:239.54Â°K V:2.3383e-05V I:6.8342e-03A R:3.4215e-03ğ›€ E:4.4968e-04V/cm J:7.6788e-02A/cm2 ğ›’:5.8560e-03ğ›€ cm
2023-06-08 17:13:40,294 INFO Measurement at current 0.006884422110552764
2023-06-08 17:13:40,896 INFO T:239.53Â°K V:2.3584e-05V I:6.8844e-03A R:3.4257e-03ğ›€ E:4.5353e-04V/cm J:7.7353e-02A/cm2 ğ›’:5.8631e-03ğ›€ cm
2023-06-08 17:13:40,913 INFO Measurement at current 0.006934673366834171
2023-06-08 17:13:41,543 INFO T:239.53Â°K V:2.3842e-05V I:6.9347e-03A R:3.4381e-03ğ›€ E:4.5850e-04V/cm J:7.7918e-02A/cm2 ğ›’:5.8844e-03ğ›€ cm
2023-06-08 17:13:41,572 INFO Measurement at current 0.006984924623115578
2023-06-08 17:13:42,173 INFO T:239.53Â°K V:2.4093e-05V I:6.9849e-03A R:3.4493e-03ğ›€ E:4.6333e-04V/cm J:7.8482e-02A/cm2 ğ›’:5.9036e-03ğ›€ cm
2023-06-08 17:13:42,197 INFO Measurement at current 0.007035175879396985
2023-06-08 17:13:42,806 INFO T:239.52Â°K V:2.4331e-05V I:7.0352e-03A R:3.4585e-03ğ›€ E:4.6790e-04V/cm J:7.9047e-02A/cm2 ğ›’:5.9193e-03ğ›€ cm
2023-06-08 17:13:42,824 INFO Measurement at current 0.007085427135678392
2023-06-08 17:13:43,421 INFO T:239.52Â°K V:2.4631e-05V I:7.0854e-03A R:3.4763e-03ğ›€ E:4.7367e-04V/cm J:7.9612e-02A/cm2 ğ›’:5.9498e-03ğ›€ cm
2023-06-08 17:13:43,442 INFO Measurement at current 0.007135678391959799
2023-06-08 17:13:44,043 INFO T:239.51Â°K V:2.4835e-05V I:7.1357e-03A R:3.4804e-03ğ›€ E:4.7760e-04V/cm J:8.0176e-02A/cm2 ğ›’:5.9569e-03ğ›€ cm
2023-06-08 17:13:44,064 INFO Measurement at current 0.007185929648241206
2023-06-08 17:13:44,663 INFO T:239.51Â°K V:2.5085e-05V I:7.1859e-03A R:3.4908e-03ğ›€ E:4.8240e-04V/cm J:8.0741e-02A/cm2 ğ›’:5.9746e-03ğ›€ cm
2023-06-08 17:13:44,683 INFO Measurement at current 0.007236180904522613
2023-06-08 17:13:45,282 INFO T:239.51Â°K V:2.5314e-05V I:7.2362e-03A R:3.4983e-03ğ›€ E:4.8681e-04V/cm J:8.1305e-02A/cm2 ğ›’:5.9874e-03ğ›€ cm
2023-06-08 17:13:45,303 INFO Measurement at current 0.00728643216080402
2023-06-08 17:13:45,905 INFO T:239.50Â°K V:2.5515e-05V I:7.2864e-03A R:3.5017e-03ğ›€ E:4.9068e-04V/cm J:8.1870e-02A/cm2 ğ›’:5.9933e-03ğ›€ cm
2023-06-08 17:13:45,923 INFO Measurement at current 0.007336683417085427
2023-06-08 17:13:46,543 INFO T:239.50Â°K V:2.5802e-05V I:7.3367e-03A R:3.5169e-03ğ›€ E:4.9620e-04V/cm J:8.2435e-02A/cm2 ğ›’:6.0193e-03ğ›€ cm
2023-06-08 17:13:46,563 INFO Measurement at current 0.007386934673366834
2023-06-08 17:13:47,171 INFO T:239.50Â°K V:2.6050e-05V I:7.3869e-03A R:3.5264e-03ğ›€ E:5.0095e-04V/cm J:8.2999e-02A/cm2 ğ›’:6.0356e-03ğ›€ cm
2023-06-08 17:13:47,192 INFO Measurement at current 0.007437185929648241
2023-06-08 17:13:47,799 INFO T:239.49Â°K V:2.6352e-05V I:7.4372e-03A R:3.5433e-03ğ›€ E:5.0677e-04V/cm J:8.3564e-02A/cm2 ğ›’:6.0645e-03ğ›€ cm
2023-06-08 17:13:47,826 INFO Measurement at current 0.007487437185929648
2023-06-08 17:13:48,441 INFO T:239.49Â°K V:2.6574e-05V I:7.4874e-03A R:3.5492e-03ğ›€ E:5.1104e-04V/cm J:8.4129e-02A/cm2 ğ›’:6.0745e-03ğ›€ cm
2023-06-08 17:13:48,472 INFO Measurement at current 0.007537688442211056
2023-06-08 17:13:49,085 INFO T:239.48Â°K V:2.6823e-05V I:7.5377e-03A R:3.5585e-03ğ›€ E:5.1582e-04V/cm J:8.4693e-02A/cm2 ğ›’:6.0905e-03ğ›€ cm
2023-06-08 17:13:49,100 INFO Measurement at current 0.007587939698492463
2023-06-08 17:13:49,710 INFO T:239.48Â°K V:2.7085e-05V I:7.5879e-03A R:3.5694e-03ğ›€ E:5.2086e-04V/cm J:8.5258e-02A/cm2 ğ›’:6.1092e-03ğ›€ cm
2023-06-08 17:13:49,765 INFO Measurement at current 0.00763819095477387
2023-06-08 17:13:50,360 INFO T:239.48Â°K V:2.7409e-05V I:7.6382e-03A R:3.5884e-03ğ›€ E:5.2709e-04V/cm J:8.5822e-02A/cm2 ğ›’:6.1416e-03ğ›€ cm
2023-06-08 17:13:50,382 INFO Measurement at current 0.007688442211055277
2023-06-08 17:13:50,977 INFO T:239.47Â°K V:2.7682e-05V I:7.6884e-03A R:3.6004e-03ğ›€ E:5.3234e-04V/cm J:8.6387e-02A/cm2 ğ›’:6.1623e-03ğ›€ cm
2023-06-08 17:13:50,999 INFO Measurement at current 0.007738693467336684
2023-06-08 17:13:51,601 INFO T:239.47Â°K V:2.7928e-05V I:7.7387e-03A R:3.6089e-03ğ›€ E:5.3707e-04V/cm J:8.6952e-02A/cm2 ğ›’:6.1767e-03ğ›€ cm
2023-06-08 17:13:51,620 INFO Measurement at current 0.007788944723618091
2023-06-08 17:13:52,215 INFO T:239.46Â°K V:2.8103e-05V I:7.7889e-03A R:3.6081e-03ğ›€ E:5.4044e-04V/cm J:8.7516e-02A/cm2 ğ›’:6.1754e-03ğ›€ cm
2023-06-08 17:13:52,235 INFO Measurement at current 0.007839195979899497
2023-06-08 17:13:52,843 INFO T:239.46Â°K V:2.8347e-05V I:7.8392e-03A R:3.6161e-03ğ›€ E:5.4514e-04V/cm J:8.8081e-02A/cm2 ğ›’:6.1891e-03ğ›€ cm
2023-06-08 17:13:52,861 INFO Measurement at current 0.007889447236180906
2023-06-08 17:13:53,467 INFO T:239.46Â°K V:2.8583e-05V I:7.8894e-03A R:3.6230e-03ğ›€ E:5.4968e-04V/cm J:8.8645e-02A/cm2 ğ›’:6.2009e-03ğ›€ cm
2023-06-08 17:13:53,483 INFO Measurement at current 0.007939698492462312
2023-06-08 17:13:54,076 INFO T:239.45Â°K V:2.8788e-05V I:7.9397e-03A R:3.6258e-03ğ›€ E:5.5361e-04V/cm J:8.9210e-02A/cm2 ğ›’:6.2057e-03ğ›€ cm
2023-06-08 17:13:54,095 INFO Measurement at current 0.00798994974874372
2023-06-08 17:13:54,691 INFO T:239.45Â°K V:2.9083e-05V I:7.9899e-03A R:3.6399e-03ğ›€ E:5.5928e-04V/cm J:8.9775e-02A/cm2 ğ›’:6.2298e-03ğ›€ cm
2023-06-08 17:13:54,709 INFO Measurement at current 0.008040201005025126
2023-06-08 17:13:55,305 INFO T:239.45Â°K V:2.9266e-05V I:8.0402e-03A R:3.6400e-03ğ›€ E:5.6282e-04V/cm J:9.0339e-02A/cm2 ğ›’:6.2300e-03ğ›€ cm
2023-06-08 17:13:55,321 INFO Measurement at current 0.008090452261306533
2023-06-08 17:13:55,930 INFO T:239.44Â°K V:2.9537e-05V I:8.0905e-03A R:3.6509e-03ğ›€ E:5.6802e-04V/cm J:9.0904e-02A/cm2 ğ›’:6.2486e-03ğ›€ cm
2023-06-08 17:13:55,956 INFO Measurement at current 0.00814070351758794
2023-06-08 17:13:56,589 INFO T:239.44Â°K V:2.9757e-05V I:8.1407e-03A R:3.6554e-03ğ›€ E:5.7226e-04V/cm J:9.1469e-02A/cm2 ğ›’:6.2563e-03ğ›€ cm
2023-06-08 17:13:56,641 INFO Measurement at current 0.008190954773869347
2023-06-08 17:13:57,243 INFO T:239.44Â°K V:3.0064e-05V I:8.1910e-03A R:3.6704e-03ğ›€ E:5.7816e-04V/cm J:9.2033e-02A/cm2 ğ›’:6.2821e-03ğ›€ cm
2023-06-08 17:13:57,264 INFO Measurement at current 0.008241206030150754
2023-06-08 17:13:57,870 INFO T:239.43Â°K V:3.0336e-05V I:8.2412e-03A R:3.6810e-03ğ›€ E:5.8338e-04V/cm J:9.2598e-02A/cm2 ğ›’:6.3002e-03ğ›€ cm
2023-06-08 17:13:57,887 INFO Measurement at current 0.008291457286432161
2023-06-08 17:13:58,482 INFO T:239.43Â°K V:3.0537e-05V I:8.2915e-03A R:3.6830e-03ğ›€ E:5.8726e-04V/cm J:9.3162e-02A/cm2 ğ›’:6.3036e-03ğ›€ cm
2023-06-08 17:13:58,525 INFO Measurement at current 0.008341708542713568
2023-06-08 17:13:59,122 INFO T:239.42Â°K V:3.0749e-05V I:8.3417e-03A R:3.6861e-03ğ›€ E:5.9132e-04V/cm J:9.3727e-02A/cm2 ğ›’:6.3090e-03ğ›€ cm
2023-06-08 17:13:59,156 INFO Measurement at current 0.008391959798994975
2023-06-08 17:13:59,754 INFO T:239.42Â°K V:3.0981e-05V I:8.3920e-03A R:3.6917e-03ğ›€ E:5.9578e-04V/cm J:9.4292e-02A/cm2 ğ›’:6.3185e-03ğ›€ cm
2023-06-08 17:13:59,770 INFO Measurement at current 0.008442211055276382
2023-06-08 17:14:00,380 INFO T:239.42Â°K V:3.1296e-05V I:8.4422e-03A R:3.7071e-03ğ›€ E:6.0185e-04V/cm J:9.4856e-02A/cm2 ğ›’:6.3449e-03ğ›€ cm
2023-06-08 17:14:00,397 INFO Measurement at current 0.00849246231155779
2023-06-08 17:14:00,991 INFO T:239.41Â°K V:3.1542e-05V I:8.4925e-03A R:3.7141e-03ğ›€ E:6.0657e-04V/cm J:9.5421e-02A/cm2 ğ›’:6.3568e-03ğ›€ cm
2023-06-08 17:14:01,015 INFO Measurement at current 0.008542713567839196
2023-06-08 17:14:01,629 INFO T:239.41Â°K V:3.1743e-05V I:8.5427e-03A R:3.7158e-03ğ›€ E:6.1044e-04V/cm J:9.5986e-02A/cm2 ğ›’:6.3597e-03ğ›€ cm
2023-06-08 17:14:01,671 INFO Measurement at current 0.008592964824120603
2023-06-08 17:14:02,273 INFO T:239.41Â°K V:3.1961e-05V I:8.5930e-03A R:3.7195e-03ğ›€ E:6.1464e-04V/cm J:9.6550e-02A/cm2 ğ›’:6.3660e-03ğ›€ cm
2023-06-08 17:14:02,299 INFO Measurement at current 0.00864321608040201
2023-06-08 17:14:02,914 INFO T:239.40Â°K V:3.2195e-05V I:8.6432e-03A R:3.7249e-03ğ›€ E:6.1913e-04V/cm J:9.7115e-02A/cm2 ğ›’:6.3752e-03ğ›€ cm
2023-06-08 17:14:02,943 INFO Measurement at current 0.008693467336683417
2023-06-08 17:14:03,553 INFO T:239.40Â°K V:3.2532e-05V I:8.6935e-03A R:3.7422e-03ğ›€ E:6.2562e-04V/cm J:9.7679e-02A/cm2 ğ›’:6.4049e-03ğ›€ cm
2023-06-08 17:14:03,575 INFO Measurement at current 0.008743718592964824
2023-06-08 17:14:04,180 INFO T:239.39Â°K V:3.2772e-05V I:8.7437e-03A R:3.7480e-03ğ›€ E:6.3022e-04V/cm J:9.8244e-02A/cm2 ğ›’:6.4149e-03ğ›€ cm
2023-06-08 17:14:04,196 INFO Measurement at current 0.008793969849246231
2023-06-08 17:14:04,806 INFO T:239.39Â°K V:3.2999e-05V I:8.7940e-03A R:3.7524e-03ğ›€ E:6.3459e-04V/cm J:9.8809e-02A/cm2 ğ›’:6.4224e-03ğ›€ cm
2023-06-08 17:14:04,824 INFO Measurement at current 0.008844221105527638
2023-06-08 17:14:05,420 INFO T:239.39Â°K V:3.3348e-05V I:8.8442e-03A R:3.7706e-03ğ›€ E:6.4131e-04V/cm J:9.9373e-02A/cm2 ğ›’:6.4535e-03ğ›€ cm
2023-06-08 17:14:05,443 INFO Measurement at current 0.008894472361809045
2023-06-08 17:14:06,047 INFO T:239.38Â°K V:3.3853e-05V I:8.8945e-03A R:3.8061e-03ğ›€ E:6.5102e-04V/cm J:9.9938e-02A/cm2 ğ›’:6.5143e-03ğ›€ cm
2023-06-08 17:14:06,060 INFO Measurement at current 0.008944723618090452
2023-06-08 17:14:06,648 INFO T:239.38Â°K V:3.4030e-05V I:8.9447e-03A R:3.8044e-03ğ›€ E:6.5441e-04V/cm J:1.0050e-01A/cm2 ğ›’:6.5114e-03ğ›€ cm
2023-06-08 17:14:06,662 INFO Measurement at current 0.008994974874371859
2023-06-08 17:14:07,248 INFO T:239.37Â°K V:3.4250e-05V I:8.9950e-03A R:3.8077e-03ğ›€ E:6.5866e-04V/cm J:1.0107e-01A/cm2 ğ›’:6.5170e-03ğ›€ cm
2023-06-08 17:14:07,263 INFO Measurement at current 0.009045226130653266
2023-06-08 17:14:07,855 INFO T:239.37Â°K V:3.4549e-05V I:9.0452e-03A R:3.8196e-03ğ›€ E:6.6441e-04V/cm J:1.0163e-01A/cm2 ğ›’:6.5374e-03ğ›€ cm
2023-06-08 17:14:07,868 INFO Measurement at current 0.009095477386934673
2023-06-08 17:14:08,454 INFO T:239.37Â°K V:3.4882e-05V I:9.0955e-03A R:3.8351e-03ğ›€ E:6.7081e-04V/cm J:1.0220e-01A/cm2 ğ›’:6.5639e-03ğ›€ cm
2023-06-08 17:14:08,467 INFO Measurement at current 0.00914572864321608
2023-06-08 17:14:09,054 INFO T:239.37Â°K V:3.5089e-05V I:9.1457e-03A R:3.8366e-03ğ›€ E:6.7478e-04V/cm J:1.0276e-01A/cm2 ğ›’:6.5665e-03ğ›€ cm
2023-06-08 17:14:09,069 INFO Measurement at current 0.009195979899497487
2023-06-08 17:14:09,663 INFO T:239.36Â°K V:3.5338e-05V I:9.1960e-03A R:3.8428e-03ğ›€ E:6.7958e-04V/cm J:1.0333e-01A/cm2 ğ›’:6.5771e-03ğ›€ cm
2023-06-08 17:14:09,691 INFO Measurement at current 0.009246231155778894
2023-06-08 17:14:10,300 INFO T:239.36Â°K V:3.5604e-05V I:9.2462e-03A R:3.8506e-03ğ›€ E:6.8468e-04V/cm J:1.0389e-01A/cm2 ğ›’:6.5905e-03ğ›€ cm
2023-06-08 17:14:10,334 INFO Measurement at current 0.009296482412060303
2023-06-08 17:14:10,942 INFO T:239.35Â°K V:3.6019e-05V I:9.2965e-03A R:3.8745e-03ğ›€ E:6.9268e-04V/cm J:1.0445e-01A/cm2 ğ›’:6.6314e-03ğ›€ cm
2023-06-08 17:14:10,958 INFO Measurement at current 0.00934673366834171
2023-06-08 17:14:11,557 INFO T:239.35Â°K V:3.6385e-05V I:9.3467e-03A R:3.8928e-03ğ›€ E:6.9971e-04V/cm J:1.0502e-01A/cm2 ğ›’:6.6627e-03ğ›€ cm
2023-06-08 17:14:11,587 INFO Measurement at current 0.009396984924623117
2023-06-08 17:14:12,202 INFO T:239.35Â°K V:3.6831e-05V I:9.3970e-03A R:3.9195e-03ğ›€ E:7.0829e-04V/cm J:1.0558e-01A/cm2 ğ›’:6.7083e-03ğ›€ cm
2023-06-08 17:14:12,227 INFO Measurement at current 0.009447236180904523
2023-06-08 17:14:12,836 INFO T:239.34Â°K V:3.7087e-05V I:9.4472e-03A R:3.9257e-03ğ›€ E:7.1321e-04V/cm J:1.0615e-01A/cm2 ğ›’:6.7190e-03ğ›€ cm
2023-06-08 17:14:12,852 INFO Measurement at current 0.00949748743718593
2023-06-08 17:14:13,453 INFO T:239.34Â°K V:3.7402e-05V I:9.4975e-03A R:3.9381e-03ğ›€ E:7.1927e-04V/cm J:1.0671e-01A/cm2 ğ›’:6.7402e-03ğ›€ cm
2023-06-08 17:14:13,473 INFO Measurement at current 0.009547738693467337
2023-06-08 17:14:14,069 INFO T:239.33Â°K V:3.7761e-05V I:9.5477e-03A R:3.9550e-03ğ›€ E:7.2618e-04V/cm J:1.0728e-01A/cm2 ğ›’:6.7691e-03ğ›€ cm
2023-06-08 17:14:14,089 INFO Measurement at current 0.009597989949748744
2023-06-08 17:14:14,689 INFO T:239.33Â°K V:3.8088e-05V I:9.5980e-03A R:3.9684e-03ğ›€ E:7.3247e-04V/cm J:1.0784e-01A/cm2 ğ›’:6.7920e-03ğ›€ cm
2023-06-08 17:14:14,715 INFO Measurement at current 0.009648241206030151
2023-06-08 17:14:15,314 INFO T:239.33Â°K V:3.8305e-05V I:9.6482e-03A R:3.9702e-03ğ›€ E:7.3664e-04V/cm J:1.0841e-01A/cm2 ğ›’:6.7951e-03ğ›€ cm
2023-06-08 17:14:15,339 INFO Measurement at current 0.009698492462311558
2023-06-08 17:14:15,938 INFO T:239.32Â°K V:3.8615e-05V I:9.6985e-03A R:3.9815e-03ğ›€ E:7.4259e-04V/cm J:1.0897e-01A/cm2 ğ›’:6.8145e-03ğ›€ cm
2023-06-08 17:14:15,955 INFO Measurement at current 0.009748743718592965
2023-06-08 17:14:16,550 INFO T:239.32Â°K V:3.8902e-05V I:9.7487e-03A R:3.9905e-03ğ›€ E:7.4812e-04V/cm J:1.0954e-01A/cm2 ğ›’:6.8299e-03ğ›€ cm
2023-06-08 17:14:16,564 INFO Measurement at current 0.009798994974874372
2023-06-08 17:14:17,151 INFO T:239.31Â°K V:3.9232e-05V I:9.7990e-03A R:4.0037e-03ğ›€ E:7.5446e-04V/cm J:1.1010e-01A/cm2 ğ›’:6.8524e-03ğ›€ cm
2023-06-08 17:14:17,167 INFO Measurement at current 0.00984924623115578
2023-06-08 17:14:17,762 INFO T:239.31Â°K V:3.9494e-05V I:9.8492e-03A R:4.0099e-03ğ›€ E:7.5950e-04V/cm J:1.1067e-01A/cm2 ğ›’:6.8630e-03ğ›€ cm
2023-06-08 17:14:17,788 INFO Measurement at current 0.009899497487437186
2023-06-08 17:14:18,423 INFO T:239.31Â°K V:3.9800e-05V I:9.8995e-03A R:4.0205e-03ğ›€ E:7.6539e-04V/cm J:1.1123e-01A/cm2 ğ›’:6.8812e-03ğ›€ cm
2023-06-08 17:14:18,461 INFO Measurement at current 0.009949748743718593
2023-06-08 17:14:19,064 INFO T:239.30Â°K V:4.0078e-05V I:9.9497e-03A R:4.0281e-03ğ›€ E:7.7073e-04V/cm J:1.1179e-01A/cm2 ğ›’:6.8942e-03ğ›€ cm
2023-06-08 17:14:19,082 INFO Measurement at current 0.01
2023-06-08 17:14:19,697 INFO T:239.30Â°K V:4.0368e-05V I:1.0000e-02A R:4.0368e-03ğ›€ E:7.7631e-04V/cm J:1.1236e-01A/cm2 ğ›’:6.9092e-03ğ›€ cm
2023-06-08 17:14:27,625 INFO Save the description file
2023-06-08 17:14:27,630 INFO Save data in numpy format Esperimenti/BS_1_4a_080623_I_V/BS_1_4a_080623_I_V_current_from_0_to_100e-4A/BS_1_4a_080623_I_V_current_from_0_to_100e-4A-20230608171425
2023-06-08 17:14:27,644 INFO Save data in CSV format Esperimenti/BS_1_4a_080623_I_V/BS_1_4a_080623_I_V_current_from_0_to_100e-4A/BS_1_4a_080623_I_V_current_from_0_to_100e-4A-20230608171425.csv
2023-06-08 17:14:27,659 INFO Save plot as image Esperimenti/BS_1_4a_080623_I_V/BS_1_4a_080623_I_V_current_from_0_to_100e-4A/BS_1_4a_080623_I_V_current_from_0_to_100e-4A-20230608171425.png
