2023-06-08 16:35:41,923 INFO ### Start experiment: BS_1_4a_080623_I_V current from 0 to 100e-4A ###
2023-06-08 16:35:43,269 INFO Found Multimeter KEITHLEY INSTRUMENTS INC.,MODEL 2700,0884890,B03  /A02  

2023-06-08 16:35:44,308 INFO Found Nanovolt Meter KEITHLEY INSTRUMENTS INC.,MODEL 2182A,4056474,C03  /A02  

2023-06-08 16:35:44,430 INFO Found Source Meter KEITHLEY INSTRUMENTS INC.,MODEL 2400,0945684,C24   Feb 14 2002 11:59:45/A02  /K/H

2023-06-08 16:35:44,566 INFO Start the measurement loop
2023-06-08 16:35:49,796 INFO Measurement at current 0.0
2023-06-08 16:35:50,707 INFO T:269.72Â°K V:-3.5064e-05V I:0.0000e+00A R:-infğ›€ E:-6.7430e-04V/cm J:0.0000e+00A/cm2 ğ›’:-infğ›€ cm
2023-06-08 16:35:50,724 INFO Measurement at current 5.0251256281407036e-05
2023-06-08 16:35:51,320 INFO T:269.69Â°K V:-3.4623e-05V I:5.0251e-05A R:-6.8900e-01ğ›€ E:-6.6583e-04V/cm J:5.6462e-04A/cm2 ğ›’:-1.1792e+00ğ›€ cm
2023-06-08 16:35:51,340 INFO Measurement at current 0.00010050251256281407
2023-06-08 16:35:51,944 INFO T:269.67Â°K V:-3.4132e-05V I:1.0050e-04A R:-3.3961e-01ğ›€ E:-6.5639e-04V/cm J:1.1292e-03A/cm2 ğ›’:-5.8126e-01ğ›€ cm
2023-06-08 16:35:51,970 INFO Measurement at current 0.00015075376884422112
2023-06-08 16:35:52,576 INFO T:269.65Â°K V:-3.3605e-05V I:1.5075e-04A R:-2.2292e-01ğ›€ E:-6.4626e-04V/cm J:1.6939e-03A/cm2 ğ›’:-3.8153e-01ğ›€ cm
2023-06-08 16:35:52,600 INFO Measurement at current 0.00020100502512562814
2023-06-08 16:35:53,206 INFO T:269.63Â°K V:-3.3162e-05V I:2.0101e-04A R:-1.6498e-01ğ›€ E:-6.3773e-04V/cm J:2.2585e-03A/cm2 ğ›’:-2.8237e-01ğ›€ cm
2023-06-08 16:35:53,224 INFO Measurement at current 0.0002512562814070352
2023-06-08 16:35:53,815 INFO T:269.61Â°K V:-3.2699e-05V I:2.5126e-04A R:-1.3014e-01ğ›€ E:-6.2883e-04V/cm J:2.8231e-03A/cm2 ğ›’:-2.2274e-01ğ›€ cm
2023-06-08 16:35:53,838 INFO Measurement at current 0.00030150753768844223
2023-06-08 16:35:54,442 INFO T:269.59Â°K V:-3.2231e-05V I:3.0151e-04A R:-1.0690e-01ğ›€ E:-6.1983e-04V/cm J:3.3877e-03A/cm2 ğ›’:-1.8296e-01ğ›€ cm
2023-06-08 16:35:54,465 INFO Measurement at current 0.00035175879396984926
2023-06-08 16:35:55,067 INFO T:269.57Â°K V:-3.1766e-05V I:3.5176e-04A R:-9.0306e-02ğ›€ E:-6.1088e-04V/cm J:3.9523e-03A/cm2 ğ›’:-1.5456e-01ğ›€ cm
2023-06-08 16:35:55,097 INFO Measurement at current 0.0004020100502512563
2023-06-08 16:35:55,695 INFO T:269.55Â°K V:-3.1295e-05V I:4.0201e-04A R:-7.7846e-02ğ›€ E:-6.0182e-04V/cm J:4.5170e-03A/cm2 ğ›’:-1.3324e-01ğ›€ cm
2023-06-08 16:35:55,714 INFO Measurement at current 0.0004522613065326633
2023-06-08 16:35:56,319 INFO T:269.53Â°K V:-3.0844e-05V I:4.5226e-04A R:-6.8200e-02ğ›€ E:-5.9316e-04V/cm J:5.0816e-03A/cm2 ğ›’:-1.1673e-01ğ›€ cm
2023-06-08 16:35:56,338 INFO Measurement at current 0.0005025125628140704
2023-06-08 16:35:56,929 INFO T:269.51Â°K V:-3.0371e-05V I:5.0251e-04A R:-6.0439e-02ğ›€ E:-5.8406e-04V/cm J:5.6462e-03A/cm2 ğ›’:-1.0344e-01ğ›€ cm
2023-06-08 16:35:56,944 INFO Measurement at current 0.0005527638190954774
2023-06-08 16:35:57,536 INFO T:269.49Â°K V:-2.9954e-05V I:5.5276e-04A R:-5.4190e-02ğ›€ E:-5.7604e-04V/cm J:6.2108e-03A/cm2 ğ›’:-9.2748e-02ğ›€ cm
2023-06-08 16:35:57,555 INFO Measurement at current 0.0006030150753768845
2023-06-08 16:35:58,163 INFO T:269.47Â°K V:-2.9531e-05V I:6.0302e-04A R:-4.8973e-02ğ›€ E:-5.6791e-04V/cm J:6.7755e-03A/cm2 ğ›’:-8.3819e-02ğ›€ cm
2023-06-08 16:35:58,185 INFO Measurement at current 0.0006532663316582914
2023-06-08 16:35:58,782 INFO T:269.44Â°K V:-2.9096e-05V I:6.5327e-04A R:-4.4539e-02ğ›€ E:-5.5953e-04V/cm J:7.3401e-03A/cm2 ğ›’:-7.6230e-02ğ›€ cm
2023-06-08 16:35:58,806 INFO Measurement at current 0.0007035175879396985
2023-06-08 16:35:59,416 INFO T:269.43Â°K V:-2.8649e-05V I:7.0352e-04A R:-4.0723e-02ğ›€ E:-5.5095e-04V/cm J:7.9047e-03A/cm2 ğ›’:-6.9699e-02ğ›€ cm
2023-06-08 16:35:59,442 INFO Measurement at current 0.0007537688442211055
2023-06-08 16:36:00,043 INFO T:269.40Â°K V:-2.8233e-05V I:7.5377e-04A R:-3.7455e-02ğ›€ E:-5.4294e-04V/cm J:8.4693e-03A/cm2 ğ›’:-6.4106e-02ğ›€ cm
2023-06-08 16:36:00,071 INFO Measurement at current 0.0008040201005025126
2023-06-08 16:36:00,675 INFO T:269.38Â°K V:-2.7799e-05V I:8.0402e-04A R:-3.4574e-02ğ›€ E:-5.3459e-04V/cm J:9.0339e-03A/cm2 ğ›’:-5.9175e-02ğ›€ cm
2023-06-08 16:36:00,715 INFO Measurement at current 0.0008542713567839197
2023-06-08 16:36:01,316 INFO T:269.36Â°K V:-2.7379e-05V I:8.5427e-04A R:-3.2049e-02ğ›€ E:-5.2651e-04V/cm J:9.5986e-03A/cm2 ğ›’:-5.4854e-02ğ›€ cm
2023-06-08 16:36:01,342 INFO Measurement at current 0.0009045226130653266
2023-06-08 16:36:01,940 INFO T:269.35Â°K V:-2.6939e-05V I:9.0452e-04A R:-2.9783e-02ğ›€ E:-5.1806e-04V/cm J:1.0163e-02A/cm2 ğ›’:-5.0974e-02ğ›€ cm
2023-06-08 16:36:01,963 INFO Measurement at current 0.0009547738693467337
2023-06-08 16:36:02,551 INFO T:269.32Â°K V:-2.6536e-05V I:9.5477e-04A R:-2.7793e-02ğ›€ E:-5.1031e-04V/cm J:1.0728e-02A/cm2 ğ›’:-4.7569e-02ğ›€ cm
2023-06-08 16:36:02,574 INFO Measurement at current 0.0010050251256281408
2023-06-08 16:36:03,180 INFO T:269.30Â°K V:-2.6054e-05V I:1.0050e-03A R:-2.5924e-02ğ›€ E:-5.0104e-04V/cm J:1.1292e-02A/cm2 ğ›’:-4.4369e-02ğ›€ cm
2023-06-08 16:36:03,204 INFO Measurement at current 0.0010552763819095478
2023-06-08 16:36:03,803 INFO T:269.28Â°K V:-2.5555e-05V I:1.0553e-03A R:-2.4216e-02ğ›€ E:-4.9144e-04V/cm J:1.1857e-02A/cm2 ğ›’:-4.1447e-02ğ›€ cm
2023-06-08 16:36:03,819 INFO Measurement at current 0.0011055276381909548
2023-06-08 16:36:04,413 INFO T:269.26Â°K V:-2.5207e-05V I:1.1055e-03A R:-2.2801e-02ğ›€ E:-4.8474e-04V/cm J:1.2422e-02A/cm2 ğ›’:-3.9024e-02ğ›€ cm
2023-06-08 16:36:04,435 INFO Measurement at current 0.0011557788944723617
2023-06-08 16:36:05,026 INFO T:269.24Â°K V:-2.4767e-05V I:1.1558e-03A R:-2.1429e-02ğ›€ E:-4.7629e-04V/cm J:1.2986e-02A/cm2 ğ›’:-3.6676e-02ğ›€ cm
2023-06-08 16:36:05,042 INFO Measurement at current 0.001206030150753769
2023-06-08 16:36:05,634 INFO T:269.22Â°K V:-2.4417e-05V I:1.2060e-03A R:-2.0246e-02ğ›€ E:-4.6956e-04V/cm J:1.3551e-02A/cm2 ğ›’:-3.4651e-02ğ›€ cm
2023-06-08 16:36:05,652 INFO Measurement at current 0.001256281407035176
2023-06-08 16:36:06,259 INFO T:269.20Â°K V:-2.4028e-05V I:1.2563e-03A R:-1.9126e-02ğ›€ E:-4.6208e-04V/cm J:1.4116e-02A/cm2 ğ›’:-3.2735e-02ğ›€ cm
2023-06-08 16:36:06,299 INFO Measurement at current 0.0013065326633165829
2023-06-08 16:36:06,902 INFO T:269.18Â°K V:-2.3632e-05V I:1.3065e-03A R:-1.8087e-02ğ›€ E:-4.5445e-04V/cm J:1.4680e-02A/cm2 ğ›’:-3.0957e-02ğ›€ cm
2023-06-08 16:36:06,923 INFO Measurement at current 0.00135678391959799
2023-06-08 16:36:07,520 INFO T:269.16Â°K V:-2.3222e-05V I:1.3568e-03A R:-1.7115e-02ğ›€ E:-4.4658e-04V/cm J:1.5245e-02A/cm2 ğ›’:-2.9294e-02ğ›€ cm
2023-06-08 16:36:07,548 INFO Measurement at current 0.001407035175879397
2023-06-08 16:36:08,142 INFO T:269.14Â°K V:-2.2813e-05V I:1.4070e-03A R:-1.6214e-02ğ›€ E:-4.3872e-04V/cm J:1.5809e-02A/cm2 ğ›’:-2.7750e-02ğ›€ cm
2023-06-08 16:36:08,166 INFO Measurement at current 0.001457286432160804
2023-06-08 16:36:08,767 INFO T:269.12Â°K V:-2.2420e-05V I:1.4573e-03A R:-1.5385e-02ğ›€ E:-4.3116e-04V/cm J:1.6374e-02A/cm2 ğ›’:-2.6332e-02ğ›€ cm
2023-06-08 16:36:08,790 INFO Measurement at current 0.001507537688442211
2023-06-08 16:36:09,400 INFO T:269.10Â°K V:-2.2047e-05V I:1.5075e-03A R:-1.4624e-02ğ›€ E:-4.2398e-04V/cm J:1.6939e-02A/cm2 ğ›’:-2.5030e-02ğ›€ cm
2023-06-08 16:36:09,418 INFO Measurement at current 0.0015577889447236182
2023-06-08 16:36:10,006 INFO T:269.08Â°K V:-2.1632e-05V I:1.5578e-03A R:-1.3886e-02ğ›€ E:-4.1599e-04V/cm J:1.7503e-02A/cm2 ğ›’:-2.3767e-02ğ›€ cm
2023-06-08 16:36:10,029 INFO Measurement at current 0.0016080402010050252
2023-06-08 16:36:10,621 INFO T:269.06Â°K V:-2.1270e-05V I:1.6080e-03A R:-1.3227e-02ğ›€ E:-4.0904e-04V/cm J:1.8068e-02A/cm2 ğ›’:-2.2639e-02ğ›€ cm
2023-06-08 16:36:10,644 INFO Measurement at current 0.0016582914572864321
2023-06-08 16:36:11,266 INFO T:269.04Â°K V:-2.0885e-05V I:1.6583e-03A R:-1.2594e-02ğ›€ E:-4.0164e-04V/cm J:1.8632e-02A/cm2 ğ›’:-2.1556e-02ğ›€ cm
2023-06-08 16:36:11,289 INFO Measurement at current 0.0017085427135678393
2023-06-08 16:36:11,894 INFO T:269.02Â°K V:-2.0497e-05V I:1.7085e-03A R:-1.1997e-02ğ›€ E:-3.9417e-04V/cm J:1.9197e-02A/cm2 ğ›’:-2.0533e-02ğ›€ cm
2023-06-08 16:36:11,916 INFO Measurement at current 0.0017587939698492463
2023-06-08 16:36:12,520 INFO T:269.00Â°K V:-2.0115e-05V I:1.7588e-03A R:-1.1437e-02ğ›€ E:-3.8682e-04V/cm J:1.9762e-02A/cm2 ğ›’:-1.9574e-02ğ›€ cm
2023-06-08 16:36:12,535 INFO Measurement at current 0.0018090452261306533
2023-06-08 16:36:13,125 INFO T:268.98Â°K V:-1.9733e-05V I:1.8090e-03A R:-1.0908e-02ğ›€ E:-3.7948e-04V/cm J:2.0326e-02A/cm2 ğ›’:-1.8669e-02ğ›€ cm
2023-06-08 16:36:13,140 INFO Measurement at current 0.0018592964824120603
2023-06-08 16:36:13,750 INFO T:268.96Â°K V:-1.9382e-05V I:1.8593e-03A R:-1.0424e-02ğ›€ E:-3.7272e-04V/cm J:2.0891e-02A/cm2 ğ›’:-1.7841e-02ğ›€ cm
2023-06-08 16:36:13,798 INFO Measurement at current 0.0019095477386934674
2023-06-08 16:36:14,390 INFO T:268.94Â°K V:-1.9017e-05V I:1.9095e-03A R:-9.9587e-03ğ›€ E:-3.6571e-04V/cm J:2.1456e-02A/cm2 ğ›’:-1.7045e-02ğ›€ cm
2023-06-08 16:36:14,414 INFO Measurement at current 0.001959798994974874
2023-06-08 16:36:15,023 INFO T:268.92Â°K V:-1.8645e-05V I:1.9598e-03A R:-9.5136e-03ğ›€ E:-3.5855e-04V/cm J:2.2020e-02A/cm2 ğ›’:-1.6283e-02ğ›€ cm
2023-06-08 16:36:15,047 INFO Measurement at current 0.0020100502512562816
2023-06-08 16:36:15,646 INFO T:268.90Â°K V:-1.8255e-05V I:2.0101e-03A R:-9.0817e-03ğ›€ E:-3.5105e-04V/cm J:2.2585e-02A/cm2 ğ›’:-1.5544e-02ğ›€ cm
2023-06-08 16:36:15,667 INFO Measurement at current 0.0020603015075376886
2023-06-08 16:36:16,256 INFO T:268.88Â°K V:-1.7896e-05V I:2.0603e-03A R:-8.6861e-03ğ›€ E:-3.4416e-04V/cm J:2.3149e-02A/cm2 ğ›’:-1.4867e-02ğ›€ cm
2023-06-08 16:36:16,271 INFO Measurement at current 0.0021105527638190956
2023-06-08 16:36:16,869 INFO T:268.86Â°K V:-1.7544e-05V I:2.1106e-03A R:-8.3123e-03ğ›€ E:-3.3738e-04V/cm J:2.3714e-02A/cm2 ğ›’:-1.4227e-02ğ›€ cm
2023-06-08 16:36:16,893 INFO Measurement at current 0.0021608040201005025
2023-06-08 16:36:17,495 INFO T:268.84Â°K V:-1.7202e-05V I:2.1608e-03A R:-7.9611e-03ğ›€ E:-3.3081e-04V/cm J:2.4279e-02A/cm2 ğ›’:-1.3626e-02ğ›€ cm
2023-06-08 16:36:17,518 INFO Measurement at current 0.0022110552763819095
2023-06-08 16:36:18,134 INFO T:268.82Â°K V:-1.6856e-05V I:2.2111e-03A R:-7.6234e-03ğ›€ E:-3.2415e-04V/cm J:2.4843e-02A/cm2 ğ›’:-1.3048e-02ğ›€ cm
2023-06-08 16:36:18,151 INFO Measurement at current 0.0022613065326633165
2023-06-08 16:36:18,742 INFO T:268.80Â°K V:-1.6502e-05V I:2.2613e-03A R:-7.2977e-03ğ›€ E:-3.1735e-04V/cm J:2.5408e-02A/cm2 ğ›’:-1.2490e-02ğ›€ cm
2023-06-08 16:36:18,758 INFO Measurement at current 0.0023115577889447235
2023-06-08 16:36:19,349 INFO T:268.78Â°K V:-1.6164e-05V I:2.3116e-03A R:-6.9926e-03ğ›€ E:-3.1084e-04V/cm J:2.5973e-02A/cm2 ğ›’:-1.1968e-02ğ›€ cm
2023-06-08 16:36:19,380 INFO Measurement at current 0.002361809045226131
2023-06-08 16:36:19,985 INFO T:268.77Â°K V:-1.5815e-05V I:2.3618e-03A R:-6.6963e-03ğ›€ E:-3.0414e-04V/cm J:2.6537e-02A/cm2 ğ›’:-1.1461e-02ğ›€ cm
2023-06-08 16:36:20,008 INFO Measurement at current 0.002412060301507538
2023-06-08 16:36:20,609 INFO T:268.75Â°K V:-1.5479e-05V I:2.4121e-03A R:-6.4172e-03ğ›€ E:-2.9767e-04V/cm J:2.7102e-02A/cm2 ğ›’:-1.0983e-02ğ›€ cm
2023-06-08 16:36:20,635 INFO Measurement at current 0.002462311557788945
2023-06-08 16:36:21,234 INFO T:268.73Â°K V:-1.5132e-05V I:2.4623e-03A R:-6.1454e-03ğ›€ E:-2.9100e-04V/cm J:2.7666e-02A/cm2 ğ›’:-1.0518e-02ğ›€ cm
2023-06-08 16:36:21,253 INFO Measurement at current 0.002512562814070352
2023-06-08 16:36:21,845 INFO T:268.70Â°K V:-1.4798e-05V I:2.5126e-03A R:-5.8898e-03ğ›€ E:-2.8459e-04V/cm J:2.8231e-02A/cm2 ğ›’:-1.0081e-02ğ›€ cm
2023-06-08 16:36:21,860 INFO Measurement at current 0.0025628140703517588
2023-06-08 16:36:22,454 INFO T:268.69Â°K V:-1.4463e-05V I:2.5628e-03A R:-5.6433e-03ğ›€ E:-2.7813e-04V/cm J:2.8796e-02A/cm2 ğ›’:-9.6588e-03ğ›€ cm
2023-06-08 16:36:22,474 INFO Measurement at current 0.0026130653266331657
2023-06-08 16:36:23,076 INFO T:268.67Â°K V:-1.4116e-05V I:2.6131e-03A R:-5.4022e-03ğ›€ E:-2.7147e-04V/cm J:2.9360e-02A/cm2 ğ›’:-9.2460e-03ğ›€ cm
2023-06-08 16:36:23,100 INFO Measurement at current 0.0026633165829145727
2023-06-08 16:36:23,703 INFO T:268.65Â°K V:-1.3751e-05V I:2.6633e-03A R:-5.1631e-03ğ›€ E:-2.6444e-04V/cm J:2.9925e-02A/cm2 ğ›’:-8.8368e-03ğ›€ cm
2023-06-08 16:36:23,732 INFO Measurement at current 0.00271356783919598
2023-06-08 16:36:24,330 INFO T:268.63Â°K V:-1.3407e-05V I:2.7136e-03A R:-4.9409e-03ğ›€ E:-2.5784e-04V/cm J:3.0490e-02A/cm2 ğ›’:-8.4565e-03ğ›€ cm
2023-06-08 16:36:24,350 INFO Measurement at current 0.002763819095477387
2023-06-08 16:36:24,952 INFO T:268.61Â°K V:-1.3066e-05V I:2.7638e-03A R:-4.7274e-03ğ›€ E:-2.5126e-04V/cm J:3.1054e-02A/cm2 ğ›’:-8.0911e-03ğ›€ cm
2023-06-08 16:36:24,967 INFO Measurement at current 0.002814070351758794
2023-06-08 16:36:25,556 INFO T:268.59Â°K V:-1.2730e-05V I:2.8141e-03A R:-4.5237e-03ğ›€ E:-2.4481e-04V/cm J:3.1619e-02A/cm2 ğ›’:-7.7426e-03ğ›€ cm
2023-06-08 16:36:25,573 INFO Measurement at current 0.002864321608040201
2023-06-08 16:36:26,164 INFO T:268.57Â°K V:-1.2421e-05V I:2.8643e-03A R:-4.3365e-03ğ›€ E:-2.3887e-04V/cm J:3.2183e-02A/cm2 ğ›’:-7.4220e-03ğ›€ cm
2023-06-08 16:36:26,180 INFO Measurement at current 0.002914572864321608
2023-06-08 16:36:26,782 INFO T:268.56Â°K V:-1.2106e-05V I:2.9146e-03A R:-4.1536e-03ğ›€ E:-2.3281e-04V/cm J:3.2748e-02A/cm2 ğ›’:-7.1091e-03ğ›€ cm
2023-06-08 16:36:26,800 INFO Measurement at current 0.002964824120603015
2023-06-08 16:36:27,391 INFO T:268.54Â°K V:-1.1782e-05V I:2.9648e-03A R:-3.9740e-03ğ›€ E:-2.2658e-04V/cm J:3.3313e-02A/cm2 ğ›’:-6.8016e-03ğ›€ cm
2023-06-08 16:36:27,403 INFO Measurement at current 0.003015075376884422
2023-06-08 16:36:27,993 INFO T:268.52Â°K V:-1.1498e-05V I:3.0151e-03A R:-3.8135e-03ğ›€ E:-2.2112e-04V/cm J:3.3877e-02A/cm2 ğ›’:-6.5270e-03ğ›€ cm
2023-06-08 16:36:28,011 INFO Measurement at current 0.0030653266331658294
2023-06-08 16:36:28,612 INFO T:268.50Â°K V:-1.1154e-05V I:3.0653e-03A R:-3.6387e-03ğ›€ E:-2.1450e-04V/cm J:3.4442e-02A/cm2 ğ›’:-6.2278e-03ğ›€ cm
2023-06-08 16:36:28,631 INFO Measurement at current 0.0031155778894472364
2023-06-08 16:36:29,244 INFO T:268.48Â°K V:-1.0846e-05V I:3.1156e-03A R:-3.4811e-03ğ›€ E:-2.0857e-04V/cm J:3.5006e-02A/cm2 ğ›’:-5.9581e-03ğ›€ cm
2023-06-08 16:36:29,272 INFO Measurement at current 0.0031658291457286433
2023-06-08 16:36:29,871 INFO T:268.46Â°K V:-1.0544e-05V I:3.1658e-03A R:-3.3305e-03ğ›€ E:-2.0276e-04V/cm J:3.5571e-02A/cm2 ğ›’:-5.7002e-03ğ›€ cm
2023-06-08 16:36:29,886 INFO Measurement at current 0.0032160804020100503
2023-06-08 16:36:30,490 INFO T:268.44Â°K V:-1.0242e-05V I:3.2161e-03A R:-3.1847e-03ğ›€ E:-1.9696e-04V/cm J:3.6136e-02A/cm2 ğ›’:-5.4507e-03ğ›€ cm
2023-06-08 16:36:30,517 INFO Measurement at current 0.0032663316582914573
2023-06-08 16:36:31,123 INFO T:268.42Â°K V:-9.9180e-06V I:3.2663e-03A R:-3.0364e-03ğ›€ E:-1.9073e-04V/cm J:3.6700e-02A/cm2 ğ›’:-5.1970e-03ğ›€ cm
2023-06-08 16:36:31,139 INFO Measurement at current 0.0033165829145728643
2023-06-08 16:36:31,748 INFO T:268.41Â°K V:-9.6229e-06V I:3.3166e-03A R:-2.9015e-03ğ›€ E:-1.8506e-04V/cm J:3.7265e-02A/cm2 ğ›’:-4.9660e-03ğ›€ cm
2023-06-08 16:36:31,763 INFO Measurement at current 0.0033668341708542712
2023-06-08 16:36:32,373 INFO T:268.38Â°K V:-9.3375e-06V I:3.3668e-03A R:-2.7734e-03ğ›€ E:-1.7957e-04V/cm J:3.7830e-02A/cm2 ğ›’:-4.7468e-03ğ›€ cm
2023-06-08 16:36:32,393 INFO Measurement at current 0.0034170854271356787
2023-06-08 16:36:33,009 INFO T:268.36Â°K V:-9.0682e-06V I:3.4171e-03A R:-2.6538e-03ğ›€ E:-1.7439e-04V/cm J:3.8394e-02A/cm2 ğ›’:-4.5420e-03ğ›€ cm
2023-06-08 16:36:33,033 INFO Measurement at current 0.0034673366834170856
2023-06-08 16:36:33,634 INFO T:268.35Â°K V:-8.7651e-06V I:3.4673e-03A R:-2.5279e-03ğ›€ E:-1.6856e-04V/cm J:3.8959e-02A/cm2 ğ›’:-4.3266e-03ğ›€ cm
2023-06-08 16:36:33,658 INFO Measurement at current 0.0035175879396984926
2023-06-08 16:36:34,252 INFO T:268.33Â°K V:-8.4305e-06V I:3.5176e-03A R:-2.3967e-03ğ›€ E:-1.6213e-04V/cm J:3.9523e-02A/cm2 ğ›’:-4.1020e-03ğ›€ cm
2023-06-08 16:36:34,268 INFO Measurement at current 0.0035678391959798996
2023-06-08 16:36:34,858 INFO T:268.31Â°K V:-8.1154e-06V I:3.5678e-03A R:-2.2746e-03ğ›€ E:-1.5606e-04V/cm J:4.0088e-02A/cm2 ğ›’:-3.8930e-03ğ›€ cm
2023-06-08 16:36:34,872 INFO Measurement at current 0.0036180904522613066
2023-06-08 16:36:35,474 INFO T:268.29Â°K V:-7.8222e-06V I:3.6181e-03A R:-2.1620e-03ğ›€ E:-1.5043e-04V/cm J:4.0653e-02A/cm2 ğ›’:-3.7003e-03ğ›€ cm
2023-06-08 16:36:35,502 INFO Measurement at current 0.0036683417085427135
2023-06-08 16:36:36,105 INFO T:268.27Â°K V:-7.5426e-06V I:3.6683e-03A R:-2.0561e-03ğ›€ E:-1.4505e-04V/cm J:4.1217e-02A/cm2 ğ›’:-3.5192e-03ğ›€ cm
2023-06-08 16:36:36,126 INFO Measurement at current 0.0037185929648241205
2023-06-08 16:36:36,720 INFO T:268.26Â°K V:-7.2401e-06V I:3.7186e-03A R:-1.9470e-03ğ›€ E:-1.3923e-04V/cm J:4.1782e-02A/cm2 ğ›’:-3.3324e-03ğ›€ cm
2023-06-08 16:36:36,747 INFO Measurement at current 0.003768844221105528
2023-06-08 16:36:37,345 INFO T:268.24Â°K V:-6.9685e-06V I:3.7688e-03A R:-1.8490e-03ğ›€ E:-1.3401e-04V/cm J:4.2347e-02A/cm2 ğ›’:-3.1646e-03ğ›€ cm
2023-06-08 16:36:37,363 INFO Measurement at current 0.003819095477386935
2023-06-08 16:36:37,963 INFO T:268.22Â°K V:-6.6835e-06V I:3.8191e-03A R:-1.7500e-03ğ›€ E:-1.2853e-04V/cm J:4.2911e-02A/cm2 ğ›’:-2.9952e-03ğ›€ cm
2023-06-08 16:36:37,980 INFO Measurement at current 0.003869346733668342
2023-06-08 16:36:38,580 INFO T:268.20Â°K V:-6.4095e-06V I:3.8693e-03A R:-1.6565e-03ğ›€ E:-1.2326e-04V/cm J:4.3476e-02A/cm2 ğ›’:-2.8351e-03ğ›€ cm
2023-06-08 16:36:38,605 INFO Measurement at current 0.003919597989949748
2023-06-08 16:36:39,200 INFO T:268.18Â°K V:-6.0930e-06V I:3.9196e-03A R:-1.5545e-03ğ›€ E:-1.1717e-04V/cm J:4.4040e-02A/cm2 ğ›’:-2.6606e-03ğ›€ cm
2023-06-08 16:36:39,225 INFO Measurement at current 0.003969849246231156
2023-06-08 16:36:39,820 INFO T:268.16Â°K V:-5.7394e-06V I:3.9698e-03A R:-1.4457e-03ğ›€ E:-1.1037e-04V/cm J:4.4605e-02A/cm2 ğ›’:-2.4744e-03ğ›€ cm
2023-06-08 16:36:39,836 INFO Measurement at current 0.004020100502512563
2023-06-08 16:36:40,432 INFO T:268.14Â°K V:-5.4670e-06V I:4.0201e-03A R:-1.3599e-03ğ›€ E:-1.0513e-04V/cm J:4.5170e-02A/cm2 ğ›’:-2.3275e-03ğ›€ cm
2023-06-08 16:36:40,448 INFO Measurement at current 0.00407035175879397
2023-06-08 16:36:41,044 INFO T:268.12Â°K V:-5.1328e-06V I:4.0704e-03A R:-1.2610e-03ğ›€ E:-9.8707e-05V/cm J:4.5734e-02A/cm2 ğ›’:-2.1583e-03ğ›€ cm
2023-06-08 16:36:41,063 INFO Measurement at current 0.004120603015075377
2023-06-08 16:36:41,680 INFO T:268.10Â°K V:-4.8183e-06V I:4.1206e-03A R:-1.1693e-03ğ›€ E:-9.2660e-05V/cm J:4.6299e-02A/cm2 ğ›’:-2.0014e-03ğ›€ cm
2023-06-08 16:36:41,704 INFO Measurement at current 0.004170854271356784
2023-06-08 16:36:42,307 INFO T:268.08Â°K V:-4.5026e-06V I:4.1709e-03A R:-1.0795e-03ğ›€ E:-8.6588e-05V/cm J:4.6864e-02A/cm2 ğ›’:-1.8477e-03ğ›€ cm
2023-06-08 16:36:42,328 INFO Measurement at current 0.004221105527638191
2023-06-08 16:36:42,937 INFO T:268.07Â°K V:-4.2097e-06V I:4.2211e-03A R:-9.9730e-04ğ›€ E:-8.0956e-05V/cm J:4.7428e-02A/cm2 ğ›’:-1.7069e-03ğ›€ cm
2023-06-08 16:36:42,955 INFO Measurement at current 0.004271356783919598
2023-06-08 16:36:43,557 INFO T:268.04Â°K V:-3.9219e-06V I:4.2714e-03A R:-9.1819e-04ğ›€ E:-7.5421e-05V/cm J:4.7993e-02A/cm2 ğ›’:-1.5715e-03ğ›€ cm
2023-06-08 16:36:43,579 INFO Measurement at current 0.004321608040201005
2023-06-08 16:36:44,181 INFO T:268.03Â°K V:-3.6024e-06V I:4.3216e-03A R:-8.3358e-04ğ›€ E:-6.9277e-05V/cm J:4.8557e-02A/cm2 ğ›’:-1.4267e-03ğ›€ cm
2023-06-08 16:36:44,199 INFO Measurement at current 0.004371859296482412
2023-06-08 16:36:44,808 INFO T:268.01Â°K V:-3.2910e-06V I:4.3719e-03A R:-7.5277e-04ğ›€ E:-6.3288e-05V/cm J:4.9122e-02A/cm2 ğ›’:-1.2884e-03ğ›€ cm
2023-06-08 16:36:44,825 INFO Measurement at current 0.004422110552763819
2023-06-08 16:36:45,420 INFO T:267.99Â°K V:-2.9302e-06V I:4.4221e-03A R:-6.6262e-04ğ›€ E:-5.6349e-05V/cm J:4.9687e-02A/cm2 ğ›’:-1.1341e-03ğ›€ cm
2023-06-08 16:36:45,438 INFO Measurement at current 0.004472361809045226
2023-06-08 16:36:46,036 INFO T:267.97Â°K V:-2.6243e-06V I:4.4724e-03A R:-5.8678e-04ğ›€ E:-5.0467e-05V/cm J:5.0251e-02A/cm2 ğ›’:-1.0043e-03ğ›€ cm
2023-06-08 16:36:46,060 INFO Measurement at current 0.004522613065326633
2023-06-08 16:36:46,662 INFO T:267.96Â°K V:-2.2492e-06V I:4.5226e-03A R:-4.9733e-04ğ›€ E:-4.3255e-05V/cm J:5.0816e-02A/cm2 ğ›’:-8.5120e-04ğ›€ cm
2023-06-08 16:36:46,685 INFO Measurement at current 0.00457286432160804
2023-06-08 16:36:47,279 INFO T:267.94Â°K V:-1.9670e-06V I:4.5729e-03A R:-4.3014e-04ğ›€ E:-3.7826e-05V/cm J:5.1380e-02A/cm2 ğ›’:-7.3620e-04ğ›€ cm
2023-06-08 16:36:47,314 INFO Measurement at current 0.004623115577889447
2023-06-08 16:36:47,908 INFO T:267.92Â°K V:-1.5921e-06V I:4.6231e-03A R:-3.4438e-04ğ›€ E:-3.0618e-05V/cm J:5.1945e-02A/cm2 ğ›’:-5.8942e-04ğ›€ cm
2023-06-08 16:36:47,944 INFO Measurement at current 0.004673366834170855
2023-06-08 16:36:48,544 INFO T:267.90Â°K V:-1.3419e-06V I:4.6734e-03A R:-2.8714e-04ğ›€ E:-2.5806e-05V/cm J:5.2510e-02A/cm2 ğ›’:-4.9145e-04ğ›€ cm
2023-06-08 16:36:48,568 INFO Measurement at current 0.004723618090452262
2023-06-08 16:36:49,163 INFO T:267.88Â°K V:-1.0317e-06V I:4.7236e-03A R:-2.1841e-04ğ›€ E:-1.9841e-05V/cm J:5.3074e-02A/cm2 ğ›’:-3.7383e-04ğ›€ cm
2023-06-08 16:36:49,183 INFO Measurement at current 0.004773869346733669
2023-06-08 16:36:49,775 INFO T:267.86Â°K V:-7.3925e-07V I:4.7739e-03A R:-1.5485e-04ğ›€ E:-1.4216e-05V/cm J:5.3639e-02A/cm2 ğ›’:-2.6504e-04ğ›€ cm
2023-06-08 16:36:49,793 INFO Measurement at current 0.004824120603015076
2023-06-08 16:36:50,403 INFO T:267.85Â°K V:-4.3953e-07V I:4.8241e-03A R:-9.1111e-05ğ›€ E:-8.4525e-06V/cm J:5.4204e-02A/cm2 ğ›’:-1.5594e-04ğ›€ cm
2023-06-08 16:36:50,424 INFO Measurement at current 0.004874371859296483
2023-06-08 16:36:51,025 INFO T:267.83Â°K V:-1.8267e-07V I:4.8744e-03A R:-3.7476e-05ğ›€ E:-3.5129e-06V/cm J:5.4768e-02A/cm2 ğ›’:-6.4141e-05ğ›€ cm
2023-06-08 16:36:51,049 INFO Measurement at current 0.00492462311557789
2023-06-08 16:36:51,651 INFO T:267.81Â°K V:1.4801e-07V I:4.9246e-03A R:3.0055e-05ğ›€ E:2.8463e-06V/cm J:5.5333e-02A/cm2 ğ›’:5.1440e-05ğ›€ cm
2023-06-08 16:36:51,672 INFO Measurement at current 0.004974874371859297
2023-06-08 16:36:52,266 INFO T:267.79Â°K V:4.6084e-07V I:4.9749e-03A R:9.2634e-05ğ›€ E:8.8623e-06V/cm J:5.5897e-02A/cm2 ğ›’:1.5855e-04ğ›€ cm
2023-06-08 16:36:52,288 INFO Measurement at current 0.005025125628140704
2023-06-08 16:36:52,908 INFO T:267.77Â°K V:7.9515e-07V I:5.0251e-03A R:1.5824e-04ğ›€ E:1.5291e-05V/cm J:5.6462e-02A/cm2 ğ›’:2.7083e-04ğ›€ cm
2023-06-08 16:36:52,937 INFO Measurement at current 0.005075376884422111
2023-06-08 16:36:53,539 INFO T:267.75Â°K V:1.0908e-06V I:5.0754e-03A R:2.1493e-04ğ›€ E:2.0978e-05V/cm J:5.7027e-02A/cm2 ğ›’:3.6786e-04ğ›€ cm
2023-06-08 16:36:53,559 INFO Measurement at current 0.0051256281407035175
2023-06-08 16:36:54,163 INFO T:267.74Â°K V:1.4188e-06V I:5.1256e-03A R:2.7680e-04ğ›€ E:2.7285e-05V/cm J:5.7591e-02A/cm2 ğ›’:4.7376e-04ğ›€ cm
2023-06-08 16:36:54,192 INFO Measurement at current 0.0051758793969849245
2023-06-08 16:36:54,789 INFO T:267.72Â°K V:1.7296e-06V I:5.1759e-03A R:3.3417e-04ğ›€ E:3.3262e-05V/cm J:5.8156e-02A/cm2 ğ›’:5.7194e-04ğ›€ cm
2023-06-08 16:36:54,807 INFO Measurement at current 0.0052261306532663315
2023-06-08 16:36:55,397 INFO T:267.70Â°K V:2.0515e-06V I:5.2261e-03A R:3.9255e-04ğ›€ E:3.9452e-05V/cm J:5.8721e-02A/cm2 ğ›’:6.7186e-04ğ›€ cm
2023-06-08 16:36:55,417 INFO Measurement at current 0.0052763819095477385
2023-06-08 16:36:56,026 INFO T:267.68Â°K V:2.3857e-06V I:5.2764e-03A R:4.5215e-04ğ›€ E:4.5879e-05V/cm J:5.9285e-02A/cm2 ğ›’:7.7388e-04ğ›€ cm
2023-06-08 16:36:56,050 INFO Measurement at current 0.0053266331658291454
2023-06-08 16:36:56,657 INFO T:267.66Â°K V:2.6772e-06V I:5.3266e-03A R:5.0260e-04ğ›€ E:5.1484e-05V/cm J:5.9850e-02A/cm2 ğ›’:8.6022e-04ğ›€ cm
2023-06-08 16:36:56,682 INFO Measurement at current 0.005376884422110553
2023-06-08 16:36:57,293 INFO T:267.65Â°K V:2.9727e-06V I:5.3769e-03A R:5.5286e-04ğ›€ E:5.7167e-05V/cm J:6.0414e-02A/cm2 ğ›’:9.4624e-04ğ›€ cm
2023-06-08 16:36:57,311 INFO Measurement at current 0.00542713567839196
2023-06-08 16:36:57,913 INFO T:267.63Â°K V:3.2031e-06V I:5.4271e-03A R:5.9020e-04ğ›€ E:6.1598e-05V/cm J:6.0979e-02A/cm2 ğ›’:1.0102e-03ğ›€ cm
2023-06-08 16:36:57,934 INFO Measurement at current 0.005477386934673367
2023-06-08 16:36:58,524 INFO T:267.61Â°K V:3.5927e-06V I:5.4774e-03A R:6.5591e-04ğ›€ E:6.9090e-05V/cm J:6.1544e-02A/cm2 ğ›’:1.1226e-03ğ›€ cm
2023-06-08 16:36:58,539 INFO Measurement at current 0.005527638190954774
2023-06-08 16:36:59,131 INFO T:267.59Â°K V:3.9156e-06V I:5.5276e-03A R:7.0837e-04ğ›€ E:7.5300e-05V/cm J:6.2108e-02A/cm2 ğ›’:1.2124e-03ğ›€ cm
2023-06-08 16:36:59,148 INFO Measurement at current 0.005577889447236181
2023-06-08 16:36:59,740 INFO T:267.57Â°K V:4.2409e-06V I:5.5779e-03A R:7.6031e-04ğ›€ E:8.1556e-05V/cm J:6.2673e-02A/cm2 ğ›’:1.3013e-03ğ›€ cm
2023-06-08 16:36:59,755 INFO Measurement at current 0.005628140703517588
2023-06-08 16:37:00,370 INFO T:267.56Â°K V:4.5230e-06V I:5.6281e-03A R:8.0364e-04ğ›€ E:8.6981e-05V/cm J:6.3238e-02A/cm2 ğ›’:1.3755e-03ğ›€ cm
2023-06-08 16:37:00,391 INFO Measurement at current 0.005678391959798995
2023-06-08 16:37:00,992 INFO T:267.54Â°K V:4.7995e-06V I:5.6784e-03A R:8.4523e-04ğ›€ E:9.2299e-05V/cm J:6.3802e-02A/cm2 ğ›’:1.4466e-03ğ›€ cm
2023-06-08 16:37:01,017 INFO Measurement at current 0.005728643216080402
2023-06-08 16:37:01,626 INFO T:267.53Â°K V:5.1066e-06V I:5.7286e-03A R:8.9142e-04ğ›€ E:9.8204e-05V/cm J:6.4367e-02A/cm2 ğ›’:1.5257e-03ğ›€ cm
2023-06-08 16:37:01,645 INFO Measurement at current 0.005778894472361809
2023-06-08 16:37:02,248 INFO T:267.51Â°K V:5.4418e-06V I:5.7789e-03A R:9.4167e-04ğ›€ E:1.0465e-04V/cm J:6.4931e-02A/cm2 ğ›’:1.6117e-03ğ›€ cm
2023-06-08 16:37:02,284 INFO Measurement at current 0.005829145728643216
2023-06-08 16:37:02,881 INFO T:267.49Â°K V:5.7989e-06V I:5.8291e-03A R:9.9482e-04ğ›€ E:1.1152e-04V/cm J:6.5496e-02A/cm2 ğ›’:1.7027e-03ğ›€ cm
2023-06-08 16:37:02,899 INFO Measurement at current 0.005879396984924623
2023-06-08 16:37:03,494 INFO T:267.47Â°K V:6.0857e-06V I:5.8794e-03A R:1.0351e-03ğ›€ E:1.1703e-04V/cm J:6.6061e-02A/cm2 ğ›’:1.7716e-03ğ›€ cm
2023-06-08 16:37:03,518 INFO Measurement at current 0.00592964824120603
2023-06-08 16:37:04,121 INFO T:267.45Â°K V:6.3930e-06V I:5.9296e-03A R:1.0781e-03ğ›€ E:1.2294e-04V/cm J:6.6625e-02A/cm2 ğ›’:1.8453e-03ğ›€ cm
2023-06-08 16:37:04,146 INFO Measurement at current 0.005979899497487437
2023-06-08 16:37:04,746 INFO T:267.43Â°K V:6.7077e-06V I:5.9799e-03A R:1.1217e-03ğ›€ E:1.2899e-04V/cm J:6.7190e-02A/cm2 ğ›’:1.9198e-03ğ›€ cm
2023-06-08 16:37:04,765 INFO Measurement at current 0.006030150753768844
2023-06-08 16:37:05,356 INFO T:267.42Â°K V:7.0224e-06V I:6.0302e-03A R:1.1646e-03ğ›€ E:1.3505e-04V/cm J:6.7755e-02A/cm2 ğ›’:1.9932e-03ğ›€ cm
2023-06-08 16:37:05,383 INFO Measurement at current 0.006080402010050252
2023-06-08 16:37:05,984 INFO T:267.40Â°K V:7.3113e-06V I:6.0804e-03A R:1.2024e-03ğ›€ E:1.4060e-04V/cm J:6.8319e-02A/cm2 ğ›’:2.0580e-03ğ›€ cm
2023-06-08 16:37:06,010 INFO Measurement at current 0.006130653266331659
2023-06-08 16:37:06,615 INFO T:267.38Â°K V:7.5437e-06V I:6.1307e-03A R:1.2305e-03ğ›€ E:1.4507e-04V/cm J:6.8884e-02A/cm2 ğ›’:2.1060e-03ğ›€ cm
2023-06-08 16:37:06,646 INFO Measurement at current 0.006180904522613066
2023-06-08 16:37:07,247 INFO T:267.36Â°K V:7.8450e-06V I:6.1809e-03A R:1.2692e-03ğ›€ E:1.5087e-04V/cm J:6.9448e-02A/cm2 ğ›’:2.1723e-03ğ›€ cm
2023-06-08 16:37:07,265 INFO Measurement at current 0.006231155778894473
2023-06-08 16:37:07,877 INFO T:267.35Â°K V:8.1209e-06V I:6.2312e-03A R:1.3033e-03ğ›€ E:1.5617e-04V/cm J:7.0013e-02A/cm2 ğ›’:2.2306e-03ğ›€ cm
2023-06-08 16:37:07,900 INFO Measurement at current 0.00628140703517588
2023-06-08 16:37:08,491 INFO T:267.33Â°K V:8.4220e-06V I:6.2814e-03A R:1.3408e-03ğ›€ E:1.6196e-04V/cm J:7.0578e-02A/cm2 ğ›’:2.2948e-03ğ›€ cm
2023-06-08 16:37:08,518 INFO Measurement at current 0.006331658291457287
2023-06-08 16:37:09,119 INFO T:267.31Â°K V:8.7276e-06V I:6.3317e-03A R:1.3784e-03ğ›€ E:1.6784e-04V/cm J:7.1142e-02A/cm2 ğ›’:2.3592e-03ğ›€ cm
2023-06-08 16:37:09,142 INFO Measurement at current 0.006381909547738694
2023-06-08 16:37:09,740 INFO T:267.29Â°K V:9.0304e-06V I:6.3819e-03A R:1.4150e-03ğ›€ E:1.7366e-04V/cm J:7.1707e-02A/cm2 ğ›’:2.4218e-03ğ›€ cm
2023-06-08 16:37:09,761 INFO Measurement at current 0.006432160804020101
2023-06-08 16:37:10,365 INFO T:267.28Â°K V:9.3283e-06V I:6.4322e-03A R:1.4503e-03ğ›€ E:1.7939e-04V/cm J:7.2271e-02A/cm2 ğ›’:2.4822e-03ğ›€ cm
2023-06-08 16:37:10,384 INFO Measurement at current 0.006482412060301508
2023-06-08 16:37:10,999 INFO T:267.26Â°K V:9.6633e-06V I:6.4824e-03A R:1.4907e-03ğ›€ E:1.8583e-04V/cm J:7.2836e-02A/cm2 ğ›’:2.5514e-03ğ›€ cm
2023-06-08 16:37:11,026 INFO Measurement at current 0.006532663316582915
2023-06-08 16:37:11,631 INFO T:267.24Â°K V:9.9500e-06V I:6.5327e-03A R:1.5231e-03ğ›€ E:1.9135e-04V/cm J:7.3401e-02A/cm2 ğ›’:2.6069e-03ğ›€ cm
2023-06-08 16:37:11,647 INFO Measurement at current 0.0065829145728643216
2023-06-08 16:37:12,251 INFO T:267.22Â°K V:1.0323e-05V I:6.5829e-03A R:1.5681e-03ğ›€ E:1.9851e-04V/cm J:7.3965e-02A/cm2 ğ›’:2.6839e-03ğ›€ cm
2023-06-08 16:37:12,270 INFO Measurement at current 0.0066331658291457285
2023-06-08 16:37:12,868 INFO T:267.21Â°K V:1.0670e-05V I:6.6332e-03A R:1.6086e-03ğ›€ E:2.0520e-04V/cm J:7.4530e-02A/cm2 ğ›’:2.7532e-03ğ›€ cm
2023-06-08 16:37:12,892 INFO Measurement at current 0.0066834170854271355
2023-06-08 16:37:13,482 INFO T:267.19Â°K V:1.1011e-05V I:6.6834e-03A R:1.6475e-03ğ›€ E:2.1174e-04V/cm J:7.5095e-02A/cm2 ğ›’:2.8197e-03ğ›€ cm
2023-06-08 16:37:13,500 INFO Measurement at current 0.0067336683417085425
2023-06-08 16:37:14,110 INFO T:267.17Â°K V:1.1299e-05V I:6.7337e-03A R:1.6780e-03ğ›€ E:2.1729e-04V/cm J:7.5659e-02A/cm2 ğ›’:2.8720e-03ğ›€ cm
2023-06-08 16:37:14,129 INFO Measurement at current 0.0067839195979899495
2023-06-08 16:37:14,721 INFO T:267.16Â°K V:1.1632e-05V I:6.7839e-03A R:1.7146e-03ğ›€ E:2.2369e-04V/cm J:7.6224e-02A/cm2 ğ›’:2.9346e-03ğ›€ cm
2023-06-08 16:37:14,742 INFO Measurement at current 0.006834170854271357
2023-06-08 16:37:15,335 INFO T:267.14Â°K V:1.1954e-05V I:6.8342e-03A R:1.7492e-03ğ›€ E:2.2989e-04V/cm J:7.6788e-02A/cm2 ğ›’:2.9938e-03ğ›€ cm
2023-06-08 16:37:15,350 INFO Measurement at current 0.006884422110552764
2023-06-08 16:37:15,942 INFO T:267.12Â°K V:1.2272e-05V I:6.8844e-03A R:1.7825e-03ğ›€ E:2.3599e-04V/cm J:7.7353e-02A/cm2 ğ›’:3.0508e-03ğ›€ cm
2023-06-08 16:37:15,960 INFO Measurement at current 0.006934673366834171
2023-06-08 16:37:16,566 INFO T:267.10Â°K V:1.2558e-05V I:6.9347e-03A R:1.8109e-03ğ›€ E:2.4150e-04V/cm J:7.7918e-02A/cm2 ğ›’:3.0995e-03ğ›€ cm
2023-06-08 16:37:16,597 INFO Measurement at current 0.006984924623115578
2023-06-08 16:37:17,189 INFO T:267.08Â°K V:1.2847e-05V I:6.9849e-03A R:1.8392e-03ğ›€ E:2.4706e-04V/cm J:7.8482e-02A/cm2 ğ›’:3.1479e-03ğ›€ cm
2023-06-08 16:37:17,215 INFO Measurement at current 0.007035175879396985
2023-06-08 16:37:17,819 INFO T:267.07Â°K V:1.3216e-05V I:7.0352e-03A R:1.8785e-03ğ›€ E:2.5415e-04V/cm J:7.9047e-02A/cm2 ğ›’:3.2152e-03ğ›€ cm
2023-06-08 16:37:17,843 INFO Measurement at current 0.007085427135678392
2023-06-08 16:37:18,444 INFO T:267.05Â°K V:1.3534e-05V I:7.0854e-03A R:1.9101e-03ğ›€ E:2.6027e-04V/cm J:7.9612e-02A/cm2 ğ›’:3.2692e-03ğ›€ cm
2023-06-08 16:37:18,470 INFO Measurement at current 0.007135678391959799
2023-06-08 16:37:19,081 INFO T:267.04Â°K V:1.3877e-05V I:7.1357e-03A R:1.9447e-03ğ›€ E:2.6686e-04V/cm J:8.0176e-02A/cm2 ğ›’:3.3284e-03ğ›€ cm
2023-06-08 16:37:19,095 INFO Measurement at current 0.007185929648241206
2023-06-08 16:37:19,699 INFO T:267.02Â°K V:1.4178e-05V I:7.1859e-03A R:1.9730e-03ğ›€ E:2.7265e-04V/cm J:8.0741e-02A/cm2 ğ›’:3.3769e-03ğ›€ cm
2023-06-08 16:37:19,716 INFO Measurement at current 0.007236180904522613
2023-06-08 16:37:20,334 INFO T:267.00Â°K V:1.4474e-05V I:7.2362e-03A R:2.0002e-03ğ›€ E:2.7834e-04V/cm J:8.1305e-02A/cm2 ğ›’:3.4234e-03ğ›€ cm
2023-06-08 16:37:20,352 INFO Measurement at current 0.00728643216080402
2023-06-08 16:37:20,954 INFO T:266.99Â°K V:1.4775e-05V I:7.2864e-03A R:2.0277e-03ğ›€ E:2.8413e-04V/cm J:8.1870e-02A/cm2 ğ›’:3.4705e-03ğ›€ cm
2023-06-08 16:37:20,970 INFO Measurement at current 0.007336683417085427
2023-06-08 16:37:21,568 INFO T:266.97Â°K V:1.5101e-05V I:7.3367e-03A R:2.0582e-03ğ›€ E:2.9040e-04V/cm J:8.2435e-02A/cm2 ğ›’:3.5227e-03ğ›€ cm
2023-06-08 16:37:21,599 INFO Measurement at current 0.007386934673366834
2023-06-08 16:37:22,245 INFO T:266.95Â°K V:1.5435e-05V I:7.3869e-03A R:2.0895e-03ğ›€ E:2.9682e-04V/cm J:8.2999e-02A/cm2 ğ›’:3.5762e-03ğ›€ cm
2023-06-08 16:37:22,262 INFO Measurement at current 0.007437185929648241
2023-06-08 16:37:22,857 INFO T:266.93Â°K V:1.5742e-05V I:7.4372e-03A R:2.1167e-03ğ›€ E:3.0274e-04V/cm J:8.3564e-02A/cm2 ğ›’:3.6228e-03ğ›€ cm
2023-06-08 16:37:22,877 INFO Measurement at current 0.007487437185929648
2023-06-08 16:37:23,471 INFO T:266.91Â°K V:1.6049e-05V I:7.4874e-03A R:2.1435e-03ğ›€ E:3.0864e-04V/cm J:8.4129e-02A/cm2 ğ›’:3.6686e-03ğ›€ cm
2023-06-08 16:37:23,499 INFO Measurement at current 0.007537688442211056
2023-06-08 16:37:24,102 INFO T:266.90Â°K V:1.6280e-05V I:7.5377e-03A R:2.1598e-03ğ›€ E:3.1308e-04V/cm J:8.4693e-02A/cm2 ğ›’:3.6966e-03ğ›€ cm
2023-06-08 16:37:24,119 INFO Measurement at current 0.007587939698492463
2023-06-08 16:37:24,741 INFO T:266.88Â°K V:1.6626e-05V I:7.5879e-03A R:2.1911e-03ğ›€ E:3.1973e-04V/cm J:8.5258e-02A/cm2 ğ›’:3.7501e-03ğ›€ cm
2023-06-08 16:37:24,762 INFO Measurement at current 0.00763819095477387
2023-06-08 16:37:25,374 INFO T:266.86Â°K V:1.6902e-05V I:7.6382e-03A R:2.2129e-03ğ›€ E:3.2505e-04V/cm J:8.5822e-02A/cm2 ğ›’:3.7874e-03ğ›€ cm
2023-06-08 16:37:25,391 INFO Measurement at current 0.007688442211055277
2023-06-08 16:37:25,994 INFO T:266.85Â°K V:1.7228e-05V I:7.6884e-03A R:2.2407e-03ğ›€ E:3.3130e-04V/cm J:8.6387e-02A/cm2 ğ›’:3.8351e-03ğ›€ cm
2023-06-08 16:37:26,011 INFO Measurement at current 0.007738693467336684
2023-06-08 16:37:26,612 INFO T:266.83Â°K V:1.7536e-05V I:7.7387e-03A R:2.2661e-03ğ›€ E:3.3724e-04V/cm J:8.6952e-02A/cm2 ğ›’:3.8784e-03ğ›€ cm
2023-06-08 16:37:26,629 INFO Measurement at current 0.007788944723618091
2023-06-08 16:37:27,221 INFO T:266.81Â°K V:1.7796e-05V I:7.7889e-03A R:2.2848e-03ğ›€ E:3.4224e-04V/cm J:8.7516e-02A/cm2 ğ›’:3.9106e-03ğ›€ cm
2023-06-08 16:37:27,236 INFO Measurement at current 0.007839195979899497
2023-06-08 16:37:27,836 INFO T:266.80Â°K V:1.8090e-05V I:7.8392e-03A R:2.3076e-03ğ›€ E:3.4788e-04V/cm J:8.8081e-02A/cm2 ğ›’:3.9496e-03ğ›€ cm
2023-06-08 16:37:27,858 INFO Measurement at current 0.007889447236180906
2023-06-08 16:37:28,449 INFO T:266.78Â°K V:1.8435e-05V I:7.8894e-03A R:2.3367e-03ğ›€ E:3.5452e-04V/cm J:8.8645e-02A/cm2 ğ›’:3.9993e-03ğ›€ cm
2023-06-08 16:37:28,468 INFO Measurement at current 0.007939698492462312
2023-06-08 16:37:29,056 INFO T:266.76Â°K V:1.8731e-05V I:7.9397e-03A R:2.3591e-03ğ›€ E:3.6020e-04V/cm J:8.9210e-02A/cm2 ğ›’:4.0377e-03ğ›€ cm
2023-06-08 16:37:29,073 INFO Measurement at current 0.00798994974874372
2023-06-08 16:37:29,665 INFO T:266.75Â°K V:1.9030e-05V I:7.9899e-03A R:2.3818e-03ğ›€ E:3.6596e-04V/cm J:8.9775e-02A/cm2 ğ›’:4.0765e-03ğ›€ cm
2023-06-08 16:37:29,685 INFO Measurement at current 0.008040201005025126
2023-06-08 16:37:30,298 INFO T:266.73Â°K V:1.9368e-05V I:8.0402e-03A R:2.4089e-03ğ›€ E:3.7246e-04V/cm J:9.0339e-02A/cm2 ğ›’:4.1229e-03ğ›€ cm
2023-06-08 16:37:30,317 INFO Measurement at current 0.008090452261306533
2023-06-08 16:37:30,916 INFO T:266.72Â°K V:1.9650e-05V I:8.0905e-03A R:2.4288e-03ğ›€ E:3.7788e-04V/cm J:9.0904e-02A/cm2 ğ›’:4.1569e-03ğ›€ cm
2023-06-08 16:37:30,937 INFO Measurement at current 0.00814070351758794
2023-06-08 16:37:31,546 INFO T:266.69Â°K V:1.9951e-05V I:8.1407e-03A R:2.4507e-03ğ›€ E:3.8367e-04V/cm J:9.1469e-02A/cm2 ğ›’:4.1945e-03ğ›€ cm
2023-06-08 16:37:31,567 INFO Measurement at current 0.008190954773869347
2023-06-08 16:37:32,160 INFO T:266.68Â°K V:2.0213e-05V I:8.1910e-03A R:2.4678e-03ğ›€ E:3.8872e-04V/cm J:9.2033e-02A/cm2 ğ›’:4.2237e-03ğ›€ cm
2023-06-08 16:37:32,180 INFO Measurement at current 0.008241206030150754
2023-06-08 16:37:32,774 INFO T:266.66Â°K V:2.0520e-05V I:8.2412e-03A R:2.4899e-03ğ›€ E:3.9461e-04V/cm J:9.2598e-02A/cm2 ğ›’:4.2615e-03ğ›€ cm
2023-06-08 16:37:32,797 INFO Measurement at current 0.008291457286432161
2023-06-08 16:37:33,403 INFO T:266.65Â°K V:2.0829e-05V I:8.2915e-03A R:2.5121e-03ğ›€ E:4.0056e-04V/cm J:9.3162e-02A/cm2 ğ›’:4.2996e-03ğ›€ cm
2023-06-08 16:37:33,429 INFO Measurement at current 0.008341708542713568
2023-06-08 16:37:34,031 INFO T:266.63Â°K V:2.1094e-05V I:8.3417e-03A R:2.5287e-03ğ›€ E:4.0565e-04V/cm J:9.3727e-02A/cm2 ğ›’:4.3280e-03ğ›€ cm
2023-06-08 16:37:34,051 INFO Measurement at current 0.008391959798994975
2023-06-08 16:37:34,643 INFO T:266.61Â°K V:2.1377e-05V I:8.3920e-03A R:2.5473e-03ğ›€ E:4.1109e-04V/cm J:9.4292e-02A/cm2 ğ›’:4.3598e-03ğ›€ cm
2023-06-08 16:37:34,665 INFO Measurement at current 0.008442211055276382
2023-06-08 16:37:35,277 INFO T:266.60Â°K V:2.1693e-05V I:8.4422e-03A R:2.5696e-03ğ›€ E:4.1717e-04V/cm J:9.4856e-02A/cm2 ğ›’:4.3979e-03ğ›€ cm
2023-06-08 16:37:35,305 INFO Measurement at current 0.00849246231155779
2023-06-08 16:37:35,905 INFO T:266.58Â°K V:2.2040e-05V I:8.4925e-03A R:2.5952e-03ğ›€ E:4.2384e-04V/cm J:9.5421e-02A/cm2 ğ›’:4.4418e-03ğ›€ cm
2023-06-08 16:37:35,932 INFO Measurement at current 0.008542713567839196
2023-06-08 16:37:36,529 INFO T:266.56Â°K V:2.2371e-05V I:8.5427e-03A R:2.6187e-03ğ›€ E:4.3020e-04V/cm J:9.5986e-02A/cm2 ğ›’:4.4820e-03ğ›€ cm
2023-06-08 16:37:36,549 INFO Measurement at current 0.008592964824120603
2023-06-08 16:37:37,151 INFO T:266.55Â°K V:2.2666e-05V I:8.5930e-03A R:2.6377e-03ğ›€ E:4.3588e-04V/cm J:9.6550e-02A/cm2 ğ›’:4.5145e-03ğ›€ cm
2023-06-08 16:37:37,171 INFO Measurement at current 0.00864321608040201
2023-06-08 16:37:37,764 INFO T:266.53Â°K V:2.2969e-05V I:8.6432e-03A R:2.6575e-03ğ›€ E:4.4171e-04V/cm J:9.7115e-02A/cm2 ğ›’:4.5483e-03ğ›€ cm
2023-06-08 16:37:37,780 INFO Measurement at current 0.008693467336683417
2023-06-08 16:37:38,381 INFO T:266.52Â°K V:2.3283e-05V I:8.6935e-03A R:2.6782e-03ğ›€ E:4.4775e-04V/cm J:9.7679e-02A/cm2 ğ›’:4.5839e-03ğ›€ cm
2023-06-08 16:37:38,400 INFO Measurement at current 0.008743718592964824
2023-06-08 16:37:38,990 INFO T:266.50Â°K V:2.3619e-05V I:8.7437e-03A R:2.7013e-03ğ›€ E:4.5422e-04V/cm J:9.8244e-02A/cm2 ğ›’:4.6234e-03ğ›€ cm
2023-06-08 16:37:39,009 INFO Measurement at current 0.008793969849246231
2023-06-08 16:37:39,603 INFO T:266.48Â°K V:2.3937e-05V I:8.7940e-03A R:2.7220e-03ğ›€ E:4.6033e-04V/cm J:9.8809e-02A/cm2 ğ›’:4.6588e-03ğ›€ cm
2023-06-08 16:37:39,621 INFO Measurement at current 0.008844221105527638
2023-06-08 16:37:40,230 INFO T:266.47Â°K V:2.4276e-05V I:8.8442e-03A R:2.7449e-03ğ›€ E:4.6685e-04V/cm J:9.9373e-02A/cm2 ğ›’:4.6980e-03ğ›€ cm
2023-06-08 16:37:40,250 INFO Measurement at current 0.008894472361809045
2023-06-08 16:37:40,851 INFO T:266.45Â°K V:2.4580e-05V I:8.8945e-03A R:2.7635e-03ğ›€ E:4.7269e-04V/cm J:9.9938e-02A/cm2 ğ›’:4.7298e-03ğ›€ cm
2023-06-08 16:37:40,867 INFO Measurement at current 0.008944723618090452
2023-06-08 16:37:41,459 INFO T:266.43Â°K V:2.4857e-05V I:8.9447e-03A R:2.7789e-03ğ›€ E:4.7801e-04V/cm J:1.0050e-01A/cm2 ğ›’:4.7562e-03ğ›€ cm
2023-06-08 16:37:41,484 INFO Measurement at current 0.008994974874371859
2023-06-08 16:37:42,072 INFO T:266.42Â°K V:2.5239e-05V I:8.9950e-03A R:2.8059e-03ğ›€ E:4.8537e-04V/cm J:1.0107e-01A/cm2 ğ›’:4.8025e-03ğ›€ cm
2023-06-08 16:37:42,098 INFO Measurement at current 0.009045226130653266
2023-06-08 16:37:42,699 INFO T:266.40Â°K V:2.5535e-05V I:9.0452e-03A R:2.8231e-03ğ›€ E:4.9107e-04V/cm J:1.0163e-01A/cm2 ğ›’:4.8318e-03ğ›€ cm
2023-06-08 16:37:42,717 INFO Measurement at current 0.009095477386934673
2023-06-08 16:37:43,328 INFO T:266.39Â°K V:2.5823e-05V I:9.0955e-03A R:2.8391e-03ğ›€ E:4.9660e-04V/cm J:1.0220e-01A/cm2 ğ›’:4.8593e-03ğ›€ cm
2023-06-08 16:37:43,350 INFO Measurement at current 0.00914572864321608
2023-06-08 16:37:43,947 INFO T:266.37Â°K V:2.6093e-05V I:9.1457e-03A R:2.8530e-03ğ›€ E:5.0178e-04V/cm J:1.0276e-01A/cm2 ğ›’:4.8830e-03ğ›€ cm
2023-06-08 16:37:43,974 INFO Measurement at current 0.009195979899497487
2023-06-08 16:37:44,587 INFO T:266.35Â°K V:2.6407e-05V I:9.1960e-03A R:2.8715e-03ğ›€ E:5.0782e-04V/cm J:1.0333e-01A/cm2 ğ›’:4.9148e-03ğ›€ cm
2023-06-08 16:37:44,607 INFO Measurement at current 0.009246231155778894
2023-06-08 16:37:45,198 INFO T:266.34Â°K V:2.6713e-05V I:9.2462e-03A R:2.8891e-03ğ›€ E:5.1372e-04V/cm J:1.0389e-01A/cm2 ğ›’:4.9448e-03ğ›€ cm
2023-06-08 16:37:45,219 INFO Measurement at current 0.009296482412060303
2023-06-08 16:37:45,820 INFO T:266.32Â°K V:2.7020e-05V I:9.2965e-03A R:2.9065e-03ğ›€ E:5.1962e-04V/cm J:1.0445e-01A/cm2 ğ›’:4.9746e-03ğ›€ cm
2023-06-08 16:37:45,834 INFO Measurement at current 0.00934673366834171
2023-06-08 16:37:46,424 INFO T:266.30Â°K V:2.7296e-05V I:9.3467e-03A R:2.9204e-03ğ›€ E:5.2493e-04V/cm J:1.0502e-01A/cm2 ğ›’:4.9984e-03ğ›€ cm
2023-06-08 16:37:46,455 INFO Measurement at current 0.009396984924623117
2023-06-08 16:37:47,088 INFO T:266.29Â°K V:2.7546e-05V I:9.3970e-03A R:2.9313e-03ğ›€ E:5.2973e-04V/cm J:1.0558e-01A/cm2 ğ›’:5.0171e-03ğ›€ cm
2023-06-08 16:37:47,108 INFO Measurement at current 0.009447236180904523
2023-06-08 16:37:47,699 INFO T:266.27Â°K V:2.7863e-05V I:9.4472e-03A R:2.9494e-03ğ›€ E:5.3583e-04V/cm J:1.0615e-01A/cm2 ğ›’:5.0479e-03ğ›€ cm
2023-06-08 16:37:47,720 INFO Measurement at current 0.00949748743718593
2023-06-08 16:37:48,321 INFO T:266.25Â°K V:2.8177e-05V I:9.4975e-03A R:2.9667e-03ğ›€ E:5.4186e-04V/cm J:1.0671e-01A/cm2 ğ›’:5.0777e-03ğ›€ cm
2023-06-08 16:37:48,346 INFO Measurement at current 0.009547738693467337
2023-06-08 16:37:48,940 INFO T:266.24Â°K V:2.8504e-05V I:9.5477e-03A R:2.9854e-03ğ›€ E:5.4816e-04V/cm J:1.0728e-01A/cm2 ğ›’:5.1097e-03ğ›€ cm
2023-06-08 16:37:48,961 INFO Measurement at current 0.009597989949748744
2023-06-08 16:37:49,561 INFO T:266.22Â°K V:2.8855e-05V I:9.5980e-03A R:3.0064e-03ğ›€ E:5.5491e-04V/cm J:1.0784e-01A/cm2 ğ›’:5.1456e-03ğ›€ cm
2023-06-08 16:37:49,581 INFO Measurement at current 0.009648241206030151
2023-06-08 16:37:50,176 INFO T:266.21Â°K V:2.9135e-05V I:9.6482e-03A R:3.0197e-03ğ›€ E:5.6028e-04V/cm J:1.0841e-01A/cm2 ğ›’:5.1683e-03ğ›€ cm
2023-06-08 16:37:50,197 INFO Measurement at current 0.009698492462311558
2023-06-08 16:37:50,801 INFO T:266.19Â°K V:2.9467e-05V I:9.6985e-03A R:3.0383e-03ğ›€ E:5.6667e-04V/cm J:1.0897e-01A/cm2 ğ›’:5.2002e-03ğ›€ cm
2023-06-08 16:37:50,818 INFO Measurement at current 0.009748743718592965
2023-06-08 16:37:51,412 INFO T:266.18Â°K V:2.9715e-05V I:9.7487e-03A R:3.0481e-03ğ›€ E:5.7145e-04V/cm J:1.0954e-01A/cm2 ğ›’:5.2170e-03ğ›€ cm
2023-06-08 16:37:51,434 INFO Measurement at current 0.009798994974874372
2023-06-08 16:37:52,023 INFO T:266.16Â°K V:3.0009e-05V I:9.7990e-03A R:3.0624e-03ğ›€ E:5.7709e-04V/cm J:1.1010e-01A/cm2 ğ›’:5.2415e-03ğ›€ cm
2023-06-08 16:37:52,059 INFO Measurement at current 0.00984924623115578
2023-06-08 16:37:52,646 INFO T:266.14Â°K V:3.0338e-05V I:9.8492e-03A R:3.0802e-03ğ›€ E:5.8342e-04V/cm J:1.1067e-01A/cm2 ğ›’:5.2720e-03ğ›€ cm
2023-06-08 16:37:52,667 INFO Measurement at current 0.009899497487437186
2023-06-08 16:37:53,273 INFO T:266.13Â°K V:3.0643e-05V I:9.8995e-03A R:3.0954e-03ğ›€ E:5.8929e-04V/cm J:1.1123e-01A/cm2 ğ›’:5.2979e-03ğ›€ cm
2023-06-08 16:37:53,296 INFO Measurement at current 0.009949748743718593
2023-06-08 16:37:53,903 INFO T:266.11Â°K V:3.0944e-05V I:9.9497e-03A R:3.1100e-03ğ›€ E:5.9508e-04V/cm J:1.1179e-01A/cm2 ğ›’:5.3229e-03ğ›€ cm
2023-06-08 16:37:53,917 INFO Measurement at current 0.01
2023-06-08 16:37:54,533 INFO T:266.10Â°K V:3.1284e-05V I:1.0000e-02A R:3.1284e-03ğ›€ E:6.0162e-04V/cm J:1.1236e-01A/cm2 ğ›’:5.3545e-03ğ›€ cm
2023-06-08 16:38:33,248 INFO Save the description file
2023-06-08 16:38:33,253 INFO Save data in numpy format Esperimenti/BS_1_4a_080623_I_V/BS_1_4a_080623_I_V_current_from_0_to_100e-4A/BS_1_4a_080623_I_V_current_from_0_to_100e-4A-20230608163831
2023-06-08 16:38:33,263 INFO Save data in CSV format Esperimenti/BS_1_4a_080623_I_V/BS_1_4a_080623_I_V_current_from_0_to_100e-4A/BS_1_4a_080623_I_V_current_from_0_to_100e-4A-20230608163831.csv
2023-06-08 16:38:33,291 INFO Save plot as image Esperimenti/BS_1_4a_080623_I_V/BS_1_4a_080623_I_V_current_from_0_to_100e-4A/BS_1_4a_080623_I_V_current_from_0_to_100e-4A-20230608163831.png
