2023-04-13 16:48:20,193 INFO ### Start experiment: CPRO_MUSA_130423_I_V current from 0 to 35e-4A ###
2023-04-13 16:48:21,538 INFO Found Multimeter KEITHLEY INSTRUMENTS INC.,MODEL 2700,0884890,B03  /A02  

2023-04-13 16:48:22,566 INFO Found Nanovolt Meter KEITHLEY INSTRUMENTS INC.,MODEL 2182A,4056474,C03  /A02  

2023-04-13 16:48:22,670 INFO Found Source Meter KEITHLEY INSTRUMENTS INC.,MODEL 2400,0945684,C24   Feb 14 2002 11:59:45/A02  /K/H

2023-04-13 16:48:22,793 INFO Start the measurement loop
2023-04-13 16:48:27,288 INFO Measurement at current 0.0
2023-04-13 16:48:28,212 INFO T:139.97Â°K V:-1.5181e-05V I:0.0000e+00A R:-infğ›€ E:-4.6856e-04V/cm J:0.0000e+00A/cm2 ğ›’:-infğ›€ cm
2023-04-13 16:48:28,230 INFO Measurement at current 1.7587939698492464e-05
2023-04-13 16:48:28,821 INFO T:139.97Â°K V:3.5091e-04V I:1.7588e-05A R:1.9952e+01ğ›€ E:1.0831e-02V/cm J:7.6971e-04A/cm2 ğ›’:1.4071e+01ğ›€ cm
2023-04-13 16:48:28,842 INFO Measurement at current 3.517587939698493e-05
2023-04-13 16:48:29,440 INFO T:139.96Â°K V:7.1707e-04V I:3.5176e-05A R:2.0385e+01ğ›€ E:2.2132e-02V/cm J:1.5394e-03A/cm2 ğ›’:1.4377e+01ğ›€ cm
2023-04-13 16:48:29,458 INFO Measurement at current 5.2763819095477394e-05
2023-04-13 16:48:30,060 INFO T:139.96Â°K V:1.0835e-03V I:5.2764e-05A R:2.0534e+01ğ›€ E:3.3441e-02V/cm J:2.3091e-03A/cm2 ğ›’:1.4482e+01ğ›€ cm
2023-04-13 16:48:30,083 INFO Measurement at current 7.035175879396985e-05
2023-04-13 16:48:30,694 INFO T:139.95Â°K V:1.4500e-03V I:7.0352e-05A R:2.0611e+01ğ›€ E:4.4753e-02V/cm J:3.0789e-03A/cm2 ğ›’:1.4536e+01ğ›€ cm
2023-04-13 16:48:30,712 INFO Measurement at current 8.793969849246232e-05
2023-04-13 16:48:31,316 INFO T:139.95Â°K V:1.8167e-03V I:8.7940e-05A R:2.0659e+01ğ›€ E:5.6072e-02V/cm J:3.8486e-03A/cm2 ğ›’:1.4569e+01ğ›€ cm
2023-04-13 16:48:31,336 INFO Measurement at current 0.00010552763819095479
2023-04-13 16:48:31,928 INFO T:139.95Â°K V:2.1844e-03V I:1.0553e-04A R:2.0700e+01ğ›€ E:6.7421e-02V/cm J:4.6183e-03A/cm2 ğ›’:1.4599e+01ğ›€ cm
2023-04-13 16:48:31,946 INFO Measurement at current 0.00012311557788944724
2023-04-13 16:48:32,542 INFO T:139.94Â°K V:2.5505e-03V I:1.2312e-04A R:2.0717e+01ğ›€ E:7.8720e-02V/cm J:5.3880e-03A/cm2 ğ›’:1.4610e+01ğ›€ cm
2023-04-13 16:48:32,565 INFO Measurement at current 0.0001407035175879397
2023-04-13 16:48:33,169 INFO T:139.94Â°K V:2.9181e-03V I:1.4070e-04A R:2.0739e+01ğ›€ E:9.0064e-02V/cm J:6.1577e-03A/cm2 ğ›’:1.4626e+01ğ›€ cm
2023-04-13 16:48:33,204 INFO Measurement at current 0.00015829145728643218
2023-04-13 16:48:33,807 INFO T:139.94Â°K V:3.2860e-03V I:1.5829e-04A R:2.0759e+01ğ›€ E:1.0142e-01V/cm J:6.9274e-03A/cm2 ğ›’:1.4640e+01ğ›€ cm
2023-04-13 16:48:33,826 INFO Measurement at current 0.00017587939698492463
2023-04-13 16:48:34,436 INFO T:139.93Â°K V:3.6540e-03V I:1.7588e-04A R:2.0776e+01ğ›€ E:1.1278e-01V/cm J:7.6971e-03A/cm2 ğ›’:1.4652e+01ğ›€ cm
2023-04-13 16:48:34,459 INFO Measurement at current 0.0001934673366834171
2023-04-13 16:48:35,058 INFO T:139.93Â°K V:4.0214e-03V I:1.9347e-04A R:2.0786e+01ğ›€ E:1.2412e-01V/cm J:8.4668e-03A/cm2 ğ›’:1.4659e+01ğ›€ cm
2023-04-13 16:48:35,081 INFO Measurement at current 0.00021105527638190958
2023-04-13 16:48:35,683 INFO T:139.92Â°K V:4.3897e-03V I:2.1106e-04A R:2.0799e+01ğ›€ E:1.3548e-01V/cm J:9.2366e-03A/cm2 ğ›’:1.4668e+01ğ›€ cm
2023-04-13 16:48:35,706 INFO Measurement at current 0.00022864321608040202
2023-04-13 16:48:36,307 INFO T:139.92Â°K V:4.7579e-03V I:2.2864e-04A R:2.0809e+01ğ›€ E:1.4685e-01V/cm J:1.0006e-02A/cm2 ğ›’:1.4676e+01ğ›€ cm
2023-04-13 16:48:36,323 INFO Measurement at current 0.00024623115577889447
2023-04-13 16:48:36,912 INFO T:139.92Â°K V:5.1266e-03V I:2.4623e-04A R:2.0820e+01ğ›€ E:1.5823e-01V/cm J:1.0776e-02A/cm2 ğ›’:1.4683e+01ğ›€ cm
2023-04-13 16:48:36,937 INFO Measurement at current 0.00026381909547738695
2023-04-13 16:48:37,537 INFO T:139.91Â°K V:5.4943e-03V I:2.6382e-04A R:2.0826e+01ğ›€ E:1.6958e-01V/cm J:1.1546e-02A/cm2 ğ›’:1.4687e+01ğ›€ cm
2023-04-13 16:48:37,555 INFO Measurement at current 0.0002814070351758794
2023-04-13 16:48:38,154 INFO T:139.91Â°K V:5.8635e-03V I:2.8141e-04A R:2.0836e+01ğ›€ E:1.8097e-01V/cm J:1.2315e-02A/cm2 ğ›’:1.4695e+01ğ›€ cm
2023-04-13 16:48:38,178 INFO Measurement at current 0.0002989949748743719
2023-04-13 16:48:38,781 INFO T:139.90Â°K V:6.2329e-03V I:2.9899e-04A R:2.0846e+01ğ›€ E:1.9237e-01V/cm J:1.3085e-02A/cm2 ğ›’:1.4702e+01ğ›€ cm
2023-04-13 16:48:38,809 INFO Measurement at current 0.00031658291457286437
2023-04-13 16:48:39,406 INFO T:139.90Â°K V:6.6025e-03V I:3.1658e-04A R:2.0856e+01ğ›€ E:2.0378e-01V/cm J:1.3855e-02A/cm2 ğ›’:1.4708e+01ğ›€ cm
2023-04-13 16:48:39,425 INFO Measurement at current 0.0003341708542713568
2023-04-13 16:48:40,014 INFO T:139.90Â°K V:6.9712e-03V I:3.3417e-04A R:2.0861e+01ğ›€ E:2.1516e-01V/cm J:1.4625e-02A/cm2 ğ›’:1.4712e+01ğ›€ cm
2023-04-13 16:48:40,038 INFO Measurement at current 0.00035175879396984926
2023-04-13 16:48:40,641 INFO T:139.89Â°K V:7.3408e-03V I:3.5176e-04A R:2.0869e+01ğ›€ E:2.2657e-01V/cm J:1.5394e-02A/cm2 ğ›’:1.4718e+01ğ›€ cm
2023-04-13 16:48:40,657 INFO Measurement at current 0.00036934673366834173
2023-04-13 16:48:41,259 INFO T:139.89Â°K V:7.7103e-03V I:3.6935e-04A R:2.0876e+01ğ›€ E:2.3797e-01V/cm J:1.6164e-02A/cm2 ğ›’:1.4722e+01ğ›€ cm
2023-04-13 16:48:41,281 INFO Measurement at current 0.0003869346733668342
2023-04-13 16:48:41,885 INFO T:139.88Â°K V:8.0801e-03V I:3.8693e-04A R:2.0882e+01ğ›€ E:2.4938e-01V/cm J:1.6934e-02A/cm2 ğ›’:1.4727e+01ğ›€ cm
2023-04-13 16:48:41,901 INFO Measurement at current 0.0004045226130653267
2023-04-13 16:48:42,493 INFO T:139.88Â°K V:8.4492e-03V I:4.0452e-04A R:2.0887e+01ğ›€ E:2.6078e-01V/cm J:1.7703e-02A/cm2 ğ›’:1.4730e+01ğ›€ cm
2023-04-13 16:48:42,508 INFO Measurement at current 0.00042211055276381916
2023-04-13 16:48:43,096 INFO T:139.88Â°K V:8.8196e-03V I:4.2211e-04A R:2.0894e+01ğ›€ E:2.7221e-01V/cm J:1.8473e-02A/cm2 ğ›’:1.4735e+01ğ›€ cm
2023-04-13 16:48:43,113 INFO Measurement at current 0.0004396984924623116
2023-04-13 16:48:43,703 INFO T:139.87Â°K V:9.1904e-03V I:4.3970e-04A R:2.0902e+01ğ›€ E:2.8365e-01V/cm J:1.9243e-02A/cm2 ğ›’:1.4741e+01ğ›€ cm
2023-04-13 16:48:43,724 INFO Measurement at current 0.00045728643216080405
2023-04-13 16:48:44,333 INFO T:139.87Â°K V:9.5616e-03V I:4.5729e-04A R:2.0910e+01ğ›€ E:2.9511e-01V/cm J:2.0013e-02A/cm2 ğ›’:1.4746e+01ğ›€ cm
2023-04-13 16:48:44,363 INFO Measurement at current 0.0004748743718592965
2023-04-13 16:48:44,977 INFO T:139.86Â°K V:9.9320e-03V I:4.7487e-04A R:2.0915e+01ğ›€ E:3.0654e-01V/cm J:2.0782e-02A/cm2 ğ›’:1.4750e+01ğ›€ cm
2023-04-13 16:48:44,995 INFO Measurement at current 0.0004924623115577889
2023-04-13 16:48:45,606 INFO T:139.86Â°K V:1.0303e-02V I:4.9246e-04A R:2.0921e+01ğ›€ E:3.1799e-01V/cm J:2.1552e-02A/cm2 ğ›’:1.4755e+01ğ›€ cm
2023-04-13 16:48:45,626 INFO Measurement at current 0.0005100502512562815
2023-04-13 16:48:46,246 INFO T:139.86Â°K V:1.0675e-02V I:5.1005e-04A R:2.0928e+01ğ›€ E:3.2946e-01V/cm J:2.2322e-02A/cm2 ğ›’:1.4760e+01ğ›€ cm
2023-04-13 16:48:46,267 INFO Measurement at current 0.0005276381909547739
2023-04-13 16:48:46,866 INFO T:139.85Â°K V:1.1046e-02V I:5.2764e-04A R:2.0935e+01ğ›€ E:3.4093e-01V/cm J:2.3091e-02A/cm2 ğ›’:1.4764e+01ğ›€ cm
2023-04-13 16:48:46,891 INFO Measurement at current 0.0005452261306532664
2023-04-13 16:48:47,500 INFO T:139.85Â°K V:1.1418e-02V I:5.4523e-04A R:2.0942e+01ğ›€ E:3.5240e-01V/cm J:2.3861e-02A/cm2 ğ›’:1.4769e+01ğ›€ cm
2023-04-13 16:48:47,523 INFO Measurement at current 0.0005628140703517588
2023-04-13 16:48:48,124 INFO T:139.84Â°K V:1.1789e-02V I:5.6281e-04A R:2.0947e+01ğ›€ E:3.6386e-01V/cm J:2.4631e-02A/cm2 ğ›’:1.4773e+01ğ›€ cm
2023-04-13 16:48:48,139 INFO Measurement at current 0.0005804020100502513
2023-04-13 16:48:49,568 INFO T:139.83Â°K V:1.2163e-02V I:5.8040e-04A R:2.0956e+01ğ›€ E:3.7540e-01V/cm J:2.5401e-02A/cm2 ğ›’:1.4779e+01ğ›€ cm
2023-04-13 16:48:49,590 INFO Measurement at current 0.0005979899497487438
2023-04-13 16:48:50,195 INFO T:139.83Â°K V:1.2536e-02V I:5.9799e-04A R:2.0963e+01ğ›€ E:3.8690e-01V/cm J:2.6170e-02A/cm2 ğ›’:1.4784e+01ğ›€ cm
2023-04-13 16:48:50,215 INFO Measurement at current 0.0006155778894472362
2023-04-13 16:48:50,805 INFO T:139.83Â°K V:1.2908e-02V I:6.1558e-04A R:2.0969e+01ğ›€ E:3.9839e-01V/cm J:2.6940e-02A/cm2 ğ›’:1.4788e+01ğ›€ cm
2023-04-13 16:48:50,846 INFO Measurement at current 0.0006331658291457287
2023-04-13 16:48:51,447 INFO T:139.82Â°K V:1.3279e-02V I:6.3317e-04A R:2.0973e+01ğ›€ E:4.0986e-01V/cm J:2.7710e-02A/cm2 ğ›’:1.4791e+01ğ›€ cm
2023-04-13 16:48:51,466 INFO Measurement at current 0.0006507537688442212
2023-04-13 16:48:52,089 INFO T:139.82Â°K V:1.3652e-02V I:6.5075e-04A R:2.0979e+01ğ›€ E:4.2135e-01V/cm J:2.8479e-02A/cm2 ğ›’:1.4795e+01ğ›€ cm
2023-04-13 16:48:52,108 INFO Measurement at current 0.0006683417085427136
2023-04-13 16:48:52,704 INFO T:139.82Â°K V:1.4025e-02V I:6.6834e-04A R:2.0985e+01ğ›€ E:4.3287e-01V/cm J:2.9249e-02A/cm2 ğ›’:1.4799e+01ğ›€ cm
2023-04-13 16:48:52,723 INFO Measurement at current 0.0006859296482412061
2023-04-13 16:48:53,312 INFO T:139.81Â°K V:1.4398e-02V I:6.8593e-04A R:2.0991e+01ğ›€ E:4.4439e-01V/cm J:3.0019e-02A/cm2 ğ›’:1.4804e+01ğ›€ cm
2023-04-13 16:48:53,330 INFO Measurement at current 0.0007035175879396985
2023-04-13 16:48:53,918 INFO T:139.81Â°K V:1.4771e-02V I:7.0352e-04A R:2.0995e+01ğ›€ E:4.5588e-01V/cm J:3.0789e-02A/cm2 ğ›’:1.4807e+01ğ›€ cm
2023-04-13 16:48:53,934 INFO Measurement at current 0.000721105527638191
2023-04-13 16:48:54,521 INFO T:139.80Â°K V:1.5144e-02V I:7.2111e-04A R:2.1001e+01ğ›€ E:4.6742e-01V/cm J:3.1558e-02A/cm2 ğ›’:1.4811e+01ğ›€ cm
2023-04-13 16:48:54,538 INFO Measurement at current 0.0007386934673366835
2023-04-13 16:48:55,125 INFO T:139.80Â°K V:1.5518e-02V I:7.3869e-04A R:2.1008e+01ğ›€ E:4.7896e-01V/cm J:3.2328e-02A/cm2 ğ›’:1.4816e+01ğ›€ cm
2023-04-13 16:48:55,142 INFO Measurement at current 0.0007562814070351759
2023-04-13 16:48:55,733 INFO T:139.80Â°K V:1.5892e-02V I:7.5628e-04A R:2.1013e+01ğ›€ E:4.9048e-01V/cm J:3.3098e-02A/cm2 ğ›’:1.4819e+01ğ›€ cm
2023-04-13 16:48:55,757 INFO Measurement at current 0.0007738693467336684
2023-04-13 16:48:56,356 INFO T:139.79Â°K V:1.6265e-02V I:7.7387e-04A R:2.1018e+01ğ›€ E:5.0200e-01V/cm J:3.3867e-02A/cm2 ğ›’:1.4823e+01ğ›€ cm
2023-04-13 16:48:56,373 INFO Measurement at current 0.0007914572864321608
2023-04-13 16:48:56,962 INFO T:139.79Â°K V:1.6639e-02V I:7.9146e-04A R:2.1023e+01ğ›€ E:5.1354e-01V/cm J:3.4637e-02A/cm2 ğ›’:1.4826e+01ğ›€ cm
2023-04-13 16:48:56,982 INFO Measurement at current 0.0008090452261306534
2023-04-13 16:48:57,577 INFO T:139.78Â°K V:1.7013e-02V I:8.0905e-04A R:2.1028e+01ğ›€ E:5.2508e-01V/cm J:3.5407e-02A/cm2 ğ›’:1.4830e+01ğ›€ cm
2023-04-13 16:48:57,601 INFO Measurement at current 0.0008266331658291458
2023-04-13 16:48:58,197 INFO T:139.78Â°K V:1.7387e-02V I:8.2663e-04A R:2.1034e+01ğ›€ E:5.3664e-01V/cm J:3.6177e-02A/cm2 ğ›’:1.4834e+01ğ›€ cm
2023-04-13 16:48:58,211 INFO Measurement at current 0.0008442211055276383
2023-04-13 16:48:58,806 INFO T:139.78Â°K V:1.7761e-02V I:8.4422e-04A R:2.1038e+01ğ›€ E:5.4818e-01V/cm J:3.6946e-02A/cm2 ğ›’:1.4837e+01ğ›€ cm
2023-04-13 16:48:58,829 INFO Measurement at current 0.0008618090452261307
2023-04-13 16:48:59,429 INFO T:139.77Â°K V:1.8136e-02V I:8.6181e-04A R:2.1044e+01ğ›€ E:5.5976e-01V/cm J:3.7716e-02A/cm2 ğ›’:1.4841e+01ğ›€ cm
2023-04-13 16:48:59,447 INFO Measurement at current 0.0008793969849246232
2023-04-13 16:49:00,039 INFO T:139.77Â°K V:1.8511e-02V I:8.7940e-04A R:2.1050e+01ğ›€ E:5.7134e-01V/cm J:3.8486e-02A/cm2 ğ›’:1.4846e+01ğ›€ cm
2023-04-13 16:49:00,055 INFO Measurement at current 0.0008969849246231157
2023-04-13 16:49:00,644 INFO T:139.77Â°K V:1.8886e-02V I:8.9698e-04A R:2.1055e+01ğ›€ E:5.8291e-01V/cm J:3.9255e-02A/cm2 ğ›’:1.4849e+01ğ›€ cm
2023-04-13 16:49:00,659 INFO Measurement at current 0.0009145728643216081
2023-04-13 16:49:01,259 INFO T:139.76Â°K V:1.9260e-02V I:9.1457e-04A R:2.1059e+01ğ›€ E:5.9444e-01V/cm J:4.0025e-02A/cm2 ğ›’:1.4852e+01ğ›€ cm
2023-04-13 16:49:01,280 INFO Measurement at current 0.0009321608040201006
2023-04-13 16:49:01,883 INFO T:139.76Â°K V:1.9635e-02V I:9.3216e-04A R:2.1064e+01ğ›€ E:6.0603e-01V/cm J:4.0795e-02A/cm2 ğ›’:1.4856e+01ğ›€ cm
2023-04-13 16:49:01,910 INFO Measurement at current 0.000949748743718593
2023-04-13 16:49:02,511 INFO T:139.75Â°K V:2.0011e-02V I:9.4975e-04A R:2.1070e+01ğ›€ E:6.1762e-01V/cm J:4.1564e-02A/cm2 ğ›’:1.4859e+01ğ›€ cm
2023-04-13 16:49:02,528 INFO Measurement at current 0.0009673366834170855
2023-04-13 16:49:03,115 INFO T:139.75Â°K V:2.0387e-02V I:9.6734e-04A R:2.1076e+01ğ›€ E:6.2923e-01V/cm J:4.2334e-02A/cm2 ğ›’:1.4863e+01ğ›€ cm
2023-04-13 16:49:03,131 INFO Measurement at current 0.0009849246231155779
2023-04-13 16:49:03,718 INFO T:139.75Â°K V:2.0762e-02V I:9.8492e-04A R:2.1080e+01ğ›€ E:6.4081e-01V/cm J:4.3104e-02A/cm2 ğ›’:1.4867e+01ğ›€ cm
2023-04-13 16:49:03,736 INFO Measurement at current 0.0010025125628140704
2023-04-13 16:49:04,342 INFO T:139.74Â°K V:2.1139e-02V I:1.0025e-03A R:2.1086e+01ğ›€ E:6.5244e-01V/cm J:4.3874e-02A/cm2 ğ›’:1.4871e+01ğ›€ cm
2023-04-13 16:49:04,372 INFO Measurement at current 0.001020100502512563
2023-04-13 16:49:04,977 INFO T:139.74Â°K V:2.1516e-02V I:1.0201e-03A R:2.1092e+01ğ›€ E:6.6407e-01V/cm J:4.4643e-02A/cm2 ğ›’:1.4875e+01ğ›€ cm
2023-04-13 16:49:04,996 INFO Measurement at current 0.0010376884422110553
2023-04-13 16:49:05,594 INFO T:139.73Â°K V:2.1893e-02V I:1.0377e-03A R:2.1097e+01ğ›€ E:6.7570e-01V/cm J:4.5413e-02A/cm2 ğ›’:1.4879e+01ğ›€ cm
2023-04-13 16:49:05,618 INFO Measurement at current 0.0010552763819095478
2023-04-13 16:49:06,209 INFO T:139.73Â°K V:2.2277e-02V I:1.0553e-03A R:2.1110e+01ğ›€ E:6.8757e-01V/cm J:4.6183e-02A/cm2 ğ›’:1.4888e+01ğ›€ cm
2023-04-13 16:49:06,235 INFO Measurement at current 0.0010728643216080403
2023-04-13 16:49:06,826 INFO T:139.73Â°K V:2.2652e-02V I:1.0729e-03A R:2.1114e+01ğ›€ E:6.9915e-01V/cm J:4.6952e-02A/cm2 ğ›’:1.4891e+01ğ›€ cm
2023-04-13 16:49:06,880 INFO Measurement at current 0.0010904522613065328
2023-04-13 16:49:07,474 INFO T:139.72Â°K V:2.3028e-02V I:1.0905e-03A R:2.1118e+01ğ›€ E:7.1074e-01V/cm J:4.7722e-02A/cm2 ğ›’:1.4893e+01ğ›€ cm
2023-04-13 16:49:07,498 INFO Measurement at current 0.0011080402010050251
2023-04-13 16:49:08,098 INFO T:139.72Â°K V:2.3399e-02V I:1.1080e-03A R:2.1117e+01ğ›€ E:7.2219e-01V/cm J:4.8492e-02A/cm2 ğ›’:1.4893e+01ğ›€ cm
2023-04-13 16:49:08,117 INFO Measurement at current 0.0011256281407035177
2023-04-13 16:49:08,711 INFO T:139.71Â°K V:2.3775e-02V I:1.1256e-03A R:2.1121e+01ğ›€ E:7.3379e-01V/cm J:4.9262e-02A/cm2 ğ›’:1.4896e+01ğ›€ cm
2023-04-13 16:49:08,732 INFO Measurement at current 0.0011432160804020102
2023-04-13 16:49:09,327 INFO T:139.71Â°K V:2.4151e-02V I:1.1432e-03A R:2.1125e+01ğ›€ E:7.4540e-01V/cm J:5.0031e-02A/cm2 ğ›’:1.4899e+01ğ›€ cm
2023-04-13 16:49:09,353 INFO Measurement at current 0.0011608040201005025
2023-04-13 16:49:09,955 INFO T:139.71Â°K V:2.4538e-02V I:1.1608e-03A R:2.1138e+01ğ›€ E:7.5733e-01V/cm J:5.0801e-02A/cm2 ğ›’:1.4908e+01ğ›€ cm
2023-04-13 16:49:09,979 INFO Measurement at current 0.001178391959798995
2023-04-13 16:49:10,578 INFO T:139.70Â°K V:2.4910e-02V I:1.1784e-03A R:2.1139e+01ğ›€ E:7.6883e-01V/cm J:5.1571e-02A/cm2 ğ›’:1.4908e+01ğ›€ cm
2023-04-13 16:49:10,603 INFO Measurement at current 0.0011959798994974876
2023-04-13 16:49:11,201 INFO T:139.70Â°K V:2.5287e-02V I:1.1960e-03A R:2.1143e+01ğ›€ E:7.8047e-01V/cm J:5.2340e-02A/cm2 ğ›’:1.4911e+01ğ›€ cm
2023-04-13 16:49:11,225 INFO Measurement at current 0.00121356783919598
2023-04-13 16:49:11,817 INFO T:139.69Â°K V:2.5664e-02V I:1.2136e-03A R:2.1148e+01ğ›€ E:7.9210e-01V/cm J:5.3110e-02A/cm2 ğ›’:1.4914e+01ğ›€ cm
2023-04-13 16:49:11,837 INFO Measurement at current 0.0012311557788944724
2023-04-13 16:49:12,423 INFO T:139.69Â°K V:2.6041e-02V I:1.2312e-03A R:2.1152e+01ğ›€ E:8.0374e-01V/cm J:5.3880e-02A/cm2 ğ›’:1.4917e+01ğ›€ cm
2023-04-13 16:49:12,441 INFO Measurement at current 0.001248743718592965
2023-04-13 16:49:13,029 INFO T:139.69Â°K V:2.6419e-02V I:1.2487e-03A R:2.1156e+01ğ›€ E:8.1539e-01V/cm J:5.4650e-02A/cm2 ğ›’:1.4920e+01ğ›€ cm
2023-04-13 16:49:13,053 INFO Measurement at current 0.0012663316582914575
2023-04-13 16:49:13,641 INFO T:139.68Â°K V:2.6803e-02V I:1.2663e-03A R:2.1166e+01ğ›€ E:8.2726e-01V/cm J:5.5419e-02A/cm2 ğ›’:1.4927e+01ğ›€ cm
2023-04-13 16:49:13,694 INFO Measurement at current 0.0012839195979899498
2023-04-13 16:49:14,288 INFO T:139.68Â°K V:2.7181e-02V I:1.2839e-03A R:2.1170e+01ğ›€ E:8.3892e-01V/cm J:5.6189e-02A/cm2 ğ›’:1.4930e+01ğ›€ cm
2023-04-13 16:49:14,315 INFO Measurement at current 0.0013015075376884423
2023-04-13 16:49:14,914 INFO T:139.68Â°K V:2.7559e-02V I:1.3015e-03A R:2.1175e+01ğ›€ E:8.5058e-01V/cm J:5.6959e-02A/cm2 ğ›’:1.4933e+01ğ›€ cm
2023-04-13 16:49:14,938 INFO Measurement at current 0.0013190954773869348
2023-04-13 16:49:15,525 INFO T:139.67Â°K V:2.7937e-02V I:1.3191e-03A R:2.1179e+01ğ›€ E:8.6224e-01V/cm J:5.7728e-02A/cm2 ğ›’:1.4936e+01ğ›€ cm
2023-04-13 16:49:15,542 INFO Measurement at current 0.0013366834170854271
2023-04-13 16:49:16,129 INFO T:139.67Â°K V:2.8312e-02V I:1.3367e-03A R:2.1181e+01ğ›€ E:8.7382e-01V/cm J:5.8498e-02A/cm2 ğ›’:1.4938e+01ğ›€ cm
2023-04-13 16:49:16,145 INFO Measurement at current 0.0013542713567839197
2023-04-13 16:49:16,736 INFO T:139.66Â°K V:2.8700e-02V I:1.3543e-03A R:2.1192e+01ğ›€ E:8.8581e-01V/cm J:5.9268e-02A/cm2 ğ›’:1.4946e+01ğ›€ cm
2023-04-13 16:49:16,752 INFO Measurement at current 0.0013718592964824122
2023-04-13 16:49:17,368 INFO T:139.66Â°K V:2.9080e-02V I:1.3719e-03A R:2.1197e+01ğ›€ E:8.9753e-01V/cm J:6.0038e-02A/cm2 ğ›’:1.4949e+01ğ›€ cm
2023-04-13 16:49:17,387 INFO Measurement at current 0.0013894472361809047
2023-04-13 16:49:17,982 INFO T:139.66Â°K V:2.9459e-02V I:1.3894e-03A R:2.1202e+01ğ›€ E:9.0924e-01V/cm J:6.0807e-02A/cm2 ğ›’:1.4953e+01ğ›€ cm
2023-04-13 16:49:18,008 INFO Measurement at current 0.001407035175879397
2023-04-13 16:49:18,606 INFO T:139.65Â°K V:2.9835e-02V I:1.4070e-03A R:2.1204e+01ğ›€ E:9.2085e-01V/cm J:6.1577e-02A/cm2 ğ›’:1.4954e+01ğ›€ cm
2023-04-13 16:49:18,630 INFO Measurement at current 0.0014246231155778896
2023-04-13 16:49:19,219 INFO T:139.65Â°K V:3.0215e-02V I:1.4246e-03A R:2.1209e+01ğ›€ E:9.3256e-01V/cm J:6.2347e-02A/cm2 ğ›’:1.4958e+01ğ›€ cm
2023-04-13 16:49:19,246 INFO Measurement at current 0.001442211055276382
2023-04-13 16:49:19,843 INFO T:139.65Â°K V:3.0595e-02V I:1.4422e-03A R:2.1214e+01ğ›€ E:9.4430e-01V/cm J:6.3116e-02A/cm2 ğ›’:1.4961e+01ğ›€ cm
2023-04-13 16:49:19,860 INFO Measurement at current 0.0014597989949748744
2023-04-13 16:49:20,451 INFO T:139.64Â°K V:3.0986e-02V I:1.4598e-03A R:2.1226e+01ğ›€ E:9.5637e-01V/cm J:6.3886e-02A/cm2 ğ›’:1.4970e+01ğ›€ cm
2023-04-13 16:49:20,474 INFO Measurement at current 0.001477386934673367
2023-04-13 16:49:21,080 INFO T:139.64Â°K V:3.1363e-02V I:1.4774e-03A R:2.1229e+01ğ›€ E:9.6800e-01V/cm J:6.4656e-02A/cm2 ğ›’:1.4972e+01ğ›€ cm
2023-04-13 16:49:21,108 INFO Measurement at current 0.0014949748743718595
2023-04-13 16:49:21,708 INFO T:139.63Â°K V:3.1744e-02V I:1.4950e-03A R:2.1234e+01ğ›€ E:9.7975e-01V/cm J:6.5426e-02A/cm2 ğ›’:1.4975e+01ğ›€ cm
2023-04-13 16:49:21,735 INFO Measurement at current 0.0015125628140703518
2023-04-13 16:49:22,348 INFO T:139.63Â°K V:3.2125e-02V I:1.5126e-03A R:2.1239e+01ğ›€ E:9.9151e-01V/cm J:6.6195e-02A/cm2 ğ›’:1.4979e+01ğ›€ cm
2023-04-13 16:49:22,379 INFO Measurement at current 0.0015301507537688443
2023-04-13 16:49:22,969 INFO T:139.63Â°K V:3.2505e-02V I:1.5302e-03A R:2.1243e+01ğ›€ E:1.0032e+00V/cm J:6.6965e-02A/cm2 ğ›’:1.4982e+01ğ›€ cm
2023-04-13 16:49:22,993 INFO Measurement at current 0.0015477386934673368
2023-04-13 16:49:23,596 INFO T:139.62Â°K V:3.2882e-02V I:1.5477e-03A R:2.1245e+01ğ›€ E:1.0149e+00V/cm J:6.7735e-02A/cm2 ğ›’:1.4983e+01ğ›€ cm
2023-04-13 16:49:23,626 INFO Measurement at current 0.0015653266331658294
2023-04-13 16:49:24,222 INFO T:139.62Â°K V:3.3274e-02V I:1.5653e-03A R:2.1257e+01ğ›€ E:1.0270e+00V/cm J:6.8504e-02A/cm2 ğ›’:1.4991e+01ğ›€ cm
2023-04-13 16:49:24,237 INFO Measurement at current 0.0015829145728643217
2023-04-13 16:49:24,822 INFO T:139.61Â°K V:3.3655e-02V I:1.5829e-03A R:2.1261e+01ğ›€ E:1.0387e+00V/cm J:6.9274e-02A/cm2 ğ›’:1.4994e+01ğ›€ cm
2023-04-13 16:49:24,837 INFO Measurement at current 0.0016005025125628142
2023-04-13 16:49:25,420 INFO T:139.61Â°K V:3.4036e-02V I:1.6005e-03A R:2.1266e+01ğ›€ E:1.0505e+00V/cm J:7.0044e-02A/cm2 ğ›’:1.4998e+01ğ›€ cm
2023-04-13 16:49:25,435 INFO Measurement at current 0.0016180904522613067
2023-04-13 16:49:26,024 INFO T:139.61Â°K V:3.4413e-02V I:1.6181e-03A R:2.1268e+01ğ›€ E:1.0621e+00V/cm J:7.0814e-02A/cm2 ğ›’:1.4999e+01ğ›€ cm
2023-04-13 16:49:26,046 INFO Measurement at current 0.001635678391959799
2023-04-13 16:49:26,653 INFO T:139.60Â°K V:3.4795e-02V I:1.6357e-03A R:2.1272e+01ğ›€ E:1.0739e+00V/cm J:7.1583e-02A/cm2 ğ›’:1.5002e+01ğ›€ cm
2023-04-13 16:49:26,681 INFO Measurement at current 0.0016532663316582916
2023-04-13 16:49:27,275 INFO T:139.60Â°K V:3.5186e-02V I:1.6533e-03A R:2.1283e+01ğ›€ E:1.0860e+00V/cm J:7.2353e-02A/cm2 ğ›’:1.5010e+01ğ›€ cm
2023-04-13 16:49:27,295 INFO Measurement at current 0.001670854271356784
2023-04-13 16:49:27,887 INFO T:139.60Â°K V:3.5567e-02V I:1.6709e-03A R:2.1287e+01ğ›€ E:1.0978e+00V/cm J:7.3123e-02A/cm2 ğ›’:1.5012e+01ğ›€ cm
2023-04-13 16:49:27,906 INFO Measurement at current 0.0016884422110552766
2023-04-13 16:49:28,502 INFO T:139.59Â°K V:3.5946e-02V I:1.6884e-03A R:2.1289e+01ğ›€ E:1.1094e+00V/cm J:7.3892e-02A/cm2 ğ›’:1.5014e+01ğ›€ cm
2023-04-13 16:49:28,528 INFO Measurement at current 0.001706030150753769
2023-04-13 16:49:29,133 INFO T:139.59Â°K V:3.6328e-02V I:1.7060e-03A R:2.1294e+01ğ›€ E:1.1212e+00V/cm J:7.4662e-02A/cm2 ğ›’:1.5017e+01ğ›€ cm
2023-04-13 16:49:29,152 INFO Measurement at current 0.0017236180904522615
2023-04-13 16:49:29,747 INFO T:139.58Â°K V:3.6710e-02V I:1.7236e-03A R:2.1298e+01ğ›€ E:1.1330e+00V/cm J:7.5432e-02A/cm2 ğ›’:1.5021e+01ğ›€ cm
2023-04-13 16:49:29,767 INFO Measurement at current 0.001741206030150754
2023-04-13 16:49:30,370 INFO T:139.58Â°K V:3.7092e-02V I:1.7412e-03A R:2.1303e+01ğ›€ E:1.1448e+00V/cm J:7.6202e-02A/cm2 ğ›’:1.5024e+01ğ›€ cm
2023-04-13 16:49:30,390 INFO Measurement at current 0.0017587939698492463
2023-04-13 16:49:30,993 INFO T:139.58Â°K V:3.7485e-02V I:1.7588e-03A R:2.1313e+01ğ›€ E:1.1569e+00V/cm J:7.6971e-02A/cm2 ğ›’:1.5031e+01ğ›€ cm
2023-04-13 16:49:31,015 INFO Measurement at current 0.0017763819095477388
2023-04-13 16:49:31,608 INFO T:139.57Â°K V:3.7865e-02V I:1.7764e-03A R:2.1316e+01ğ›€ E:1.1687e+00V/cm J:7.7741e-02A/cm2 ğ›’:1.5033e+01ğ›€ cm
2023-04-13 16:49:31,626 INFO Measurement at current 0.0017939698492462314
2023-04-13 16:49:32,231 INFO T:139.57Â°K V:3.8248e-02V I:1.7940e-03A R:2.1320e+01ğ›€ E:1.1805e+00V/cm J:7.8511e-02A/cm2 ğ›’:1.5036e+01ğ›€ cm
2023-04-13 16:49:32,247 INFO Measurement at current 0.0018115577889447237
2023-04-13 16:49:32,847 INFO T:139.56Â°K V:3.8631e-02V I:1.8116e-03A R:2.1325e+01ğ›€ E:1.1923e+00V/cm J:7.9280e-02A/cm2 ğ›’:1.5039e+01ğ›€ cm
2023-04-13 16:49:32,883 INFO Measurement at current 0.0018291457286432162
2023-04-13 16:49:33,479 INFO T:139.56Â°K V:3.9014e-02V I:1.8291e-03A R:2.1329e+01ğ›€ E:1.2041e+00V/cm J:8.0050e-02A/cm2 ğ›’:1.5042e+01ğ›€ cm
2023-04-13 16:49:33,503 INFO Measurement at current 0.0018467336683417087
2023-04-13 16:49:34,099 INFO T:139.56Â°K V:3.9393e-02V I:1.8467e-03A R:2.1331e+01ğ›€ E:1.2158e+00V/cm J:8.0820e-02A/cm2 ğ›’:1.5044e+01ğ›€ cm
2023-04-13 16:49:34,119 INFO Measurement at current 0.0018643216080402013
2023-04-13 16:49:34,720 INFO T:139.55Â°K V:3.9787e-02V I:1.8643e-03A R:2.1341e+01ğ›€ E:1.2280e+00V/cm J:8.1590e-02A/cm2 ğ›’:1.5051e+01ğ›€ cm
2023-04-13 16:49:34,755 INFO Measurement at current 0.0018819095477386936
2023-04-13 16:49:35,343 INFO T:139.55Â°K V:4.0170e-02V I:1.8819e-03A R:2.1346e+01ğ›€ E:1.2398e+00V/cm J:8.2359e-02A/cm2 ğ›’:1.5054e+01ğ›€ cm
2023-04-13 16:49:35,369 INFO Measurement at current 0.001899497487437186
2023-04-13 16:49:35,954 INFO T:139.55Â°K V:4.0554e-02V I:1.8995e-03A R:2.1350e+01ğ›€ E:1.2517e+00V/cm J:8.3129e-02A/cm2 ğ›’:1.5057e+01ğ›€ cm
2023-04-13 16:49:35,971 INFO Measurement at current 0.0019170854271356786
2023-04-13 16:49:36,555 INFO T:139.54Â°K V:4.0933e-02V I:1.9171e-03A R:2.1352e+01ğ›€ E:1.2634e+00V/cm J:8.3899e-02A/cm2 ğ›’:1.5058e+01ğ›€ cm
2023-04-13 16:49:36,572 INFO Measurement at current 0.001934673366834171
2023-04-13 16:49:37,156 INFO T:139.54Â°K V:4.1316e-02V I:1.9347e-03A R:2.1356e+01ğ›€ E:1.2752e+00V/cm J:8.4668e-02A/cm2 ğ›’:1.5061e+01ğ›€ cm
2023-04-13 16:49:37,171 INFO Measurement at current 0.0019522613065326635
2023-04-13 16:49:37,759 INFO T:139.53Â°K V:4.1711e-02V I:1.9523e-03A R:2.1365e+01ğ›€ E:1.2874e+00V/cm J:8.5438e-02A/cm2 ğ›’:1.5068e+01ğ›€ cm
2023-04-13 16:49:37,779 INFO Measurement at current 0.0019698492462311558
2023-04-13 16:49:38,383 INFO T:139.53Â°K V:4.2094e-02V I:1.9698e-03A R:2.1369e+01ğ›€ E:1.2992e+00V/cm J:8.6208e-02A/cm2 ğ›’:1.5071e+01ğ›€ cm
2023-04-13 16:49:38,400 INFO Measurement at current 0.0019874371859296483
2023-04-13 16:49:38,991 INFO T:139.53Â°K V:4.2475e-02V I:1.9874e-03A R:2.1372e+01ğ›€ E:1.3109e+00V/cm J:8.6978e-02A/cm2 ğ›’:1.5072e+01ğ›€ cm
2023-04-13 16:49:39,009 INFO Measurement at current 0.002005025125628141
2023-04-13 16:49:39,596 INFO T:139.52Â°K V:4.2859e-02V I:2.0050e-03A R:2.1376e+01ğ›€ E:1.3228e+00V/cm J:8.7747e-02A/cm2 ğ›’:1.5075e+01ğ›€ cm
2023-04-13 16:49:39,614 INFO Measurement at current 0.0020226130653266334
2023-04-13 16:49:40,198 INFO T:139.52Â°K V:4.3242e-02V I:2.0226e-03A R:2.1380e+01ğ›€ E:1.3346e+00V/cm J:8.8517e-02A/cm2 ğ›’:1.5078e+01ğ›€ cm
2023-04-13 16:49:40,212 INFO Measurement at current 0.002040201005025126
2023-04-13 16:49:40,799 INFO T:139.52Â°K V:4.3626e-02V I:2.0402e-03A R:2.1383e+01ğ›€ E:1.3465e+00V/cm J:8.9287e-02A/cm2 ğ›’:1.5080e+01ğ›€ cm
2023-04-13 16:49:40,818 INFO Measurement at current 0.0020577889447236184
2023-04-13 16:49:41,405 INFO T:139.51Â°K V:4.4016e-02V I:2.0578e-03A R:2.1390e+01ğ›€ E:1.3585e+00V/cm J:9.0056e-02A/cm2 ğ›’:1.5085e+01ğ›€ cm
2023-04-13 16:49:41,420 INFO Measurement at current 0.0020753768844221105
2023-04-13 16:49:42,006 INFO T:139.51Â°K V:4.4400e-02V I:2.0754e-03A R:2.1394e+01ğ›€ E:1.3704e+00V/cm J:9.0826e-02A/cm2 ğ›’:1.5088e+01ğ›€ cm
2023-04-13 16:49:42,023 INFO Measurement at current 0.002092964824120603
2023-04-13 16:49:42,618 INFO T:139.51Â°K V:4.4783e-02V I:2.0930e-03A R:2.1397e+01ğ›€ E:1.3822e+00V/cm J:9.1596e-02A/cm2 ğ›’:1.5090e+01ğ›€ cm
2023-04-13 16:49:42,638 INFO Measurement at current 0.0021105527638190956
2023-04-13 16:49:43,240 INFO T:139.50Â°K V:4.5167e-02V I:2.1106e-03A R:2.1400e+01ğ›€ E:1.3940e+00V/cm J:9.2366e-02A/cm2 ğ›’:1.5093e+01ğ›€ cm
2023-04-13 16:49:43,257 INFO Measurement at current 0.002128140703517588
2023-04-13 16:49:43,867 INFO T:139.50Â°K V:4.5547e-02V I:2.1281e-03A R:2.1402e+01ğ›€ E:1.4058e+00V/cm J:9.3135e-02A/cm2 ğ›’:1.5094e+01ğ›€ cm
2023-04-13 16:49:43,889 INFO Measurement at current 0.0021457286432160806
2023-04-13 16:49:44,483 INFO T:139.49Â°K V:4.5931e-02V I:2.1457e-03A R:2.1406e+01ğ›€ E:1.4176e+00V/cm J:9.3905e-02A/cm2 ğ›’:1.5097e+01ğ›€ cm
2023-04-13 16:49:44,500 INFO Measurement at current 0.002163316582914573
2023-04-13 16:49:45,095 INFO T:139.49Â°K V:4.6326e-02V I:2.1633e-03A R:2.1414e+01ğ›€ E:1.4298e+00V/cm J:9.4675e-02A/cm2 ğ›’:1.5102e+01ğ›€ cm
2023-04-13 16:49:45,130 INFO Measurement at current 0.0021809045226130657
2023-04-13 16:49:45,726 INFO T:139.49Â°K V:4.6710e-02V I:2.1809e-03A R:2.1418e+01ğ›€ E:1.4417e+00V/cm J:9.5444e-02A/cm2 ğ›’:1.5105e+01ğ›€ cm
2023-04-13 16:49:45,747 INFO Measurement at current 0.0021984924623115578
2023-04-13 16:49:46,342 INFO T:139.48Â°K V:4.7091e-02V I:2.1985e-03A R:2.1420e+01ğ›€ E:1.4534e+00V/cm J:9.6214e-02A/cm2 ğ›’:1.5106e+01ğ›€ cm
2023-04-13 16:49:46,371 INFO Measurement at current 0.0022160804020100503
2023-04-13 16:49:46,965 INFO T:139.48Â°K V:4.7475e-02V I:2.2161e-03A R:2.1423e+01ğ›€ E:1.4653e+00V/cm J:9.6984e-02A/cm2 ğ›’:1.5109e+01ğ›€ cm
2023-04-13 16:49:46,983 INFO Measurement at current 0.002233668341708543
2023-04-13 16:49:47,586 INFO T:139.47Â°K V:4.7860e-02V I:2.2337e-03A R:2.1427e+01ğ›€ E:1.4772e+00V/cm J:9.7754e-02A/cm2 ğ›’:1.5111e+01ğ›€ cm
2023-04-13 16:49:47,615 INFO Measurement at current 0.0022512562814070354
2023-04-13 16:49:48,211 INFO T:139.47Â°K V:4.8256e-02V I:2.2513e-03A R:2.1435e+01ğ›€ E:1.4894e+00V/cm J:9.8523e-02A/cm2 ğ›’:1.5117e+01ğ›€ cm
2023-04-13 16:49:48,233 INFO Measurement at current 0.002268844221105528
2023-04-13 16:49:48,836 INFO T:139.47Â°K V:4.8638e-02V I:2.2688e-03A R:2.1438e+01ğ›€ E:1.5012e+00V/cm J:9.9293e-02A/cm2 ğ›’:1.5119e+01ğ›€ cm
2023-04-13 16:49:48,861 INFO Measurement at current 0.0022864321608040204
2023-04-13 16:49:49,463 INFO T:139.46Â°K V:4.9025e-02V I:2.2864e-03A R:2.1442e+01ğ›€ E:1.5131e+00V/cm J:1.0006e-01A/cm2 ğ›’:1.5122e+01ğ›€ cm
2023-04-13 16:49:49,489 INFO Measurement at current 0.002304020100502513
2023-04-13 16:49:50,086 INFO T:139.46Â°K V:4.9412e-02V I:2.3040e-03A R:2.1446e+01ğ›€ E:1.5251e+00V/cm J:1.0083e-01A/cm2 ğ›’:1.5125e+01ğ›€ cm
2023-04-13 16:49:50,122 INFO Measurement at current 0.002321608040201005
2023-04-13 16:49:50,729 INFO T:139.46Â°K V:4.9800e-02V I:2.3216e-03A R:2.1450e+01ğ›€ E:1.5370e+00V/cm J:1.0160e-01A/cm2 ğ›’:1.5128e+01ğ›€ cm
2023-04-13 16:49:50,767 INFO Measurement at current 0.0023391959798994976
2023-04-13 16:49:51,359 INFO T:139.45Â°K V:5.0187e-02V I:2.3392e-03A R:2.1455e+01ğ›€ E:1.5490e+00V/cm J:1.0237e-01A/cm2 ğ›’:1.5131e+01ğ›€ cm
2023-04-13 16:49:51,373 INFO Measurement at current 0.00235678391959799
2023-04-13 16:49:51,956 INFO T:139.45Â°K V:5.0582e-02V I:2.3568e-03A R:2.1462e+01ğ›€ E:1.5612e+00V/cm J:1.0314e-01A/cm2 ğ›’:1.5136e+01ğ›€ cm
2023-04-13 16:49:51,983 INFO Measurement at current 0.0023743718592964826
2023-04-13 16:49:52,567 INFO T:139.45Â°K V:5.0970e-02V I:2.3744e-03A R:2.1467e+01ğ›€ E:1.5731e+00V/cm J:1.0391e-01A/cm2 ğ›’:1.5139e+01ğ›€ cm
2023-04-13 16:49:52,581 INFO Measurement at current 0.002391959798994975
2023-04-13 16:49:53,168 INFO T:139.44Â°K V:5.1358e-02V I:2.3920e-03A R:2.1471e+01ğ›€ E:1.5851e+00V/cm J:1.0468e-01A/cm2 ğ›’:1.5142e+01ğ›€ cm
2023-04-13 16:49:53,181 INFO Measurement at current 0.0024095477386934677
2023-04-13 16:49:53,764 INFO T:139.44Â°K V:5.1746e-02V I:2.4095e-03A R:2.1475e+01ğ›€ E:1.5971e+00V/cm J:1.0545e-01A/cm2 ğ›’:1.5145e+01ğ›€ cm
2023-04-13 16:49:53,779 INFO Measurement at current 0.00242713567839196
2023-04-13 16:49:54,365 INFO T:139.44Â°K V:5.2130e-02V I:2.4271e-03A R:2.1478e+01ğ›€ E:1.6090e+00V/cm J:1.0622e-01A/cm2 ğ›’:1.5147e+01ğ›€ cm
2023-04-13 16:49:54,392 INFO Measurement at current 0.0024447236180904523
2023-04-13 16:49:54,986 INFO T:139.43Â°K V:5.2518e-02V I:2.4447e-03A R:2.1482e+01ğ›€ E:1.6209e+00V/cm J:1.0699e-01A/cm2 ğ›’:1.5150e+01ğ›€ cm
2023-04-13 16:49:55,012 INFO Measurement at current 0.002462311557788945
2023-04-13 16:49:55,598 INFO T:139.43Â°K V:5.2917e-02V I:2.4623e-03A R:2.1491e+01ğ›€ E:1.6333e+00V/cm J:1.0776e-01A/cm2 ğ›’:1.5156e+01ğ›€ cm
2023-04-13 16:49:55,616 INFO Measurement at current 0.0024798994974874373
2023-04-13 16:49:56,202 INFO T:139.42Â°K V:5.3305e-02V I:2.4799e-03A R:2.1495e+01ğ›€ E:1.6452e+00V/cm J:1.0853e-01A/cm2 ğ›’:1.5159e+01ğ›€ cm
2023-04-13 16:49:56,219 INFO Measurement at current 0.00249748743718593
2023-04-13 16:49:56,807 INFO T:139.42Â°K V:5.3691e-02V I:2.4975e-03A R:2.1498e+01ğ›€ E:1.6571e+00V/cm J:1.0930e-01A/cm2 ğ›’:1.5161e+01ğ›€ cm
2023-04-13 16:49:56,831 INFO Measurement at current 0.0025150753768844224
2023-04-13 16:49:57,422 INFO T:139.42Â°K V:5.4078e-02V I:2.5151e-03A R:2.1502e+01ğ›€ E:1.6691e+00V/cm J:1.1007e-01A/cm2 ğ›’:1.5164e+01ğ›€ cm
2023-04-13 16:49:57,445 INFO Measurement at current 0.002532663316582915
2023-04-13 16:49:58,054 INFO T:139.41Â°K V:5.4467e-02V I:2.5327e-03A R:2.1506e+01ğ›€ E:1.6811e+00V/cm J:1.1084e-01A/cm2 ğ›’:1.5167e+01ğ›€ cm
2023-04-13 16:49:58,075 INFO Measurement at current 0.002550251256281407
2023-04-13 16:49:58,664 INFO T:139.41Â°K V:5.4867e-02V I:2.5503e-03A R:2.1514e+01ğ›€ E:1.6934e+00V/cm J:1.1161e-01A/cm2 ğ›’:1.5173e+01ğ›€ cm
2023-04-13 16:49:58,701 INFO Measurement at current 0.0025678391959798996
2023-04-13 16:49:59,290 INFO T:139.41Â°K V:5.5253e-02V I:2.5678e-03A R:2.1518e+01ğ›€ E:1.7054e+00V/cm J:1.1238e-01A/cm2 ğ›’:1.5175e+01ğ›€ cm
2023-04-13 16:49:59,315 INFO Measurement at current 0.002585427135678392
2023-04-13 16:49:59,916 INFO T:139.40Â°K V:5.5643e-02V I:2.5854e-03A R:2.1522e+01ğ›€ E:1.7174e+00V/cm J:1.1315e-01A/cm2 ğ›’:1.5178e+01ğ›€ cm
2023-04-13 16:49:59,961 INFO Measurement at current 0.0026030150753768846
2023-04-13 16:50:00,547 INFO T:139.40Â°K V:5.6033e-02V I:2.6030e-03A R:2.1526e+01ğ›€ E:1.7294e+00V/cm J:1.1392e-01A/cm2 ğ›’:1.5181e+01ğ›€ cm
2023-04-13 16:50:00,566 INFO Measurement at current 0.002620603015075377
2023-04-13 16:50:01,174 INFO T:139.39Â°K V:5.6424e-02V I:2.6206e-03A R:2.1531e+01ğ›€ E:1.7415e+00V/cm J:1.1469e-01A/cm2 ğ›’:1.5185e+01ğ›€ cm
2023-04-13 16:50:01,214 INFO Measurement at current 0.0026381909547738697
2023-04-13 16:50:01,820 INFO T:139.39Â°K V:5.6812e-02V I:2.6382e-03A R:2.1535e+01ğ›€ E:1.7535e+00V/cm J:1.1546e-01A/cm2 ğ›’:1.5187e+01ğ›€ cm
2023-04-13 16:50:01,851 INFO Measurement at current 0.002655778894472362
2023-04-13 16:50:02,446 INFO T:139.39Â°K V:5.7214e-02V I:2.6558e-03A R:2.1543e+01ğ›€ E:1.7659e+00V/cm J:1.1623e-01A/cm2 ğ›’:1.5193e+01ğ›€ cm
2023-04-13 16:50:02,475 INFO Measurement at current 0.0026733668341708543
2023-04-13 16:50:03,059 INFO T:139.38Â°K V:5.7605e-02V I:2.6734e-03A R:2.1548e+01ğ›€ E:1.7779e+00V/cm J:1.1700e-01A/cm2 ğ›’:1.5196e+01ğ›€ cm
2023-04-13 16:50:03,083 INFO Measurement at current 0.002690954773869347
2023-04-13 16:50:03,697 INFO T:139.38Â°K V:5.7997e-02V I:2.6910e-03A R:2.1552e+01ğ›€ E:1.7900e+00V/cm J:1.1777e-01A/cm2 ğ›’:1.5200e+01ğ›€ cm
2023-04-13 16:50:03,715 INFO Measurement at current 0.0027085427135678393
2023-04-13 16:50:04,330 INFO T:139.38Â°K V:5.8384e-02V I:2.7085e-03A R:2.1555e+01ğ›€ E:1.8020e+00V/cm J:1.1854e-01A/cm2 ğ›’:1.5202e+01ğ›€ cm
2023-04-13 16:50:04,348 INFO Measurement at current 0.002726130653266332
2023-04-13 16:50:04,942 INFO T:139.37Â°K V:5.8775e-02V I:2.7261e-03A R:2.1560e+01ğ›€ E:1.8140e+00V/cm J:1.1931e-01A/cm2 ğ›’:1.5205e+01ğ›€ cm
2023-04-13 16:50:04,958 INFO Measurement at current 0.0027437185929648244
2023-04-13 16:50:05,545 INFO T:139.37Â°K V:5.9166e-02V I:2.7437e-03A R:2.1564e+01ğ›€ E:1.8261e+00V/cm J:1.2008e-01A/cm2 ğ›’:1.5208e+01ğ›€ cm
2023-04-13 16:50:05,566 INFO Measurement at current 0.002761306532663317
2023-04-13 16:50:06,151 INFO T:139.36Â°K V:5.9568e-02V I:2.7613e-03A R:2.1572e+01ğ›€ E:1.8385e+00V/cm J:1.2084e-01A/cm2 ğ›’:1.5214e+01ğ›€ cm
2023-04-13 16:50:06,173 INFO Measurement at current 0.0027788944723618095
2023-04-13 16:50:06,759 INFO T:139.36Â°K V:5.9956e-02V I:2.7789e-03A R:2.1575e+01ğ›€ E:1.8505e+00V/cm J:1.2161e-01A/cm2 ğ›’:1.5216e+01ğ›€ cm
2023-04-13 16:50:06,797 INFO Measurement at current 0.0027964824120603016
2023-04-13 16:50:07,386 INFO T:139.36Â°K V:6.0348e-02V I:2.7965e-03A R:2.1580e+01ğ›€ E:1.8626e+00V/cm J:1.2238e-01A/cm2 ğ›’:1.5219e+01ğ›€ cm
2023-04-13 16:50:07,415 INFO Measurement at current 0.002814070351758794
2023-04-13 16:50:08,006 INFO T:139.35Â°K V:6.0739e-02V I:2.8141e-03A R:2.1584e+01ğ›€ E:1.8747e+00V/cm J:1.2315e-01A/cm2 ğ›’:1.5222e+01ğ›€ cm
2023-04-13 16:50:08,022 INFO Measurement at current 0.0028316582914572866
2023-04-13 16:50:08,607 INFO T:139.35Â°K V:6.1130e-02V I:2.8317e-03A R:2.1588e+01ğ›€ E:1.8867e+00V/cm J:1.2392e-01A/cm2 ğ›’:1.5225e+01ğ›€ cm
2023-04-13 16:50:08,622 INFO Measurement at current 0.002849246231155779
2023-04-13 16:50:09,218 INFO T:139.35Â°K V:6.1518e-02V I:2.8492e-03A R:2.1591e+01ğ›€ E:1.8987e+00V/cm J:1.2469e-01A/cm2 ğ›’:1.5227e+01ğ›€ cm
2023-04-13 16:50:09,233 INFO Measurement at current 0.0028668341708542717
2023-04-13 16:50:09,830 INFO T:139.34Â°K V:6.1920e-02V I:2.8668e-03A R:2.1599e+01ğ›€ E:1.9111e+00V/cm J:1.2546e-01A/cm2 ğ›’:1.5232e+01ğ›€ cm
2023-04-13 16:50:09,861 INFO Measurement at current 0.002884422110552764
2023-04-13 16:50:10,454 INFO T:139.34Â°K V:6.2312e-02V I:2.8844e-03A R:2.1603e+01ğ›€ E:1.9232e+00V/cm J:1.2623e-01A/cm2 ğ›’:1.5235e+01ğ›€ cm
2023-04-13 16:50:10,480 INFO Measurement at current 0.0029020100502512567
2023-04-13 16:50:11,069 INFO T:139.34Â°K V:6.2705e-02V I:2.9020e-03A R:2.1608e+01ğ›€ E:1.9353e+00V/cm J:1.2700e-01A/cm2 ğ›’:1.5239e+01ğ›€ cm
2023-04-13 16:50:11,101 INFO Measurement at current 0.002919597989949749
2023-04-13 16:50:11,725 INFO T:139.33Â°K V:6.3098e-02V I:2.9196e-03A R:2.1612e+01ğ›€ E:1.9475e+00V/cm J:1.2777e-01A/cm2 ğ›’:1.5242e+01ğ›€ cm
2023-04-13 16:50:11,757 INFO Measurement at current 0.0029371859296482413
2023-04-13 16:50:12,362 INFO T:139.33Â°K V:6.3487e-02V I:2.9372e-03A R:2.1615e+01ğ›€ E:1.9595e+00V/cm J:1.2854e-01A/cm2 ğ›’:1.5244e+01ğ›€ cm
2023-04-13 16:50:12,394 INFO Measurement at current 0.002954773869346734
2023-04-13 16:50:12,999 INFO T:139.32Â°K V:6.3891e-02V I:2.9548e-03A R:2.1623e+01ğ›€ E:1.9720e+00V/cm J:1.2931e-01A/cm2 ğ›’:1.5250e+01ğ›€ cm
2023-04-13 16:50:13,022 INFO Measurement at current 0.0029723618090452264
2023-04-13 16:50:13,619 INFO T:139.32Â°K V:6.4284e-02V I:2.9724e-03A R:2.1627e+01ğ›€ E:1.9841e+00V/cm J:1.3008e-01A/cm2 ğ›’:1.5253e+01ğ›€ cm
2023-04-13 16:50:13,636 INFO Measurement at current 0.002989949748743719
2023-04-13 16:50:14,229 INFO T:139.32Â°K V:6.4676e-02V I:2.9899e-03A R:2.1631e+01ğ›€ E:1.9962e+00V/cm J:1.3085e-01A/cm2 ğ›’:1.5255e+01ğ›€ cm
2023-04-13 16:50:14,253 INFO Measurement at current 0.0030075376884422115
2023-04-13 16:50:14,842 INFO T:139.31Â°K V:6.5065e-02V I:3.0075e-03A R:2.1634e+01ğ›€ E:2.0082e+00V/cm J:1.3162e-01A/cm2 ğ›’:1.5257e+01ğ›€ cm
2023-04-13 16:50:14,859 INFO Measurement at current 0.0030251256281407036
2023-04-13 16:50:15,464 INFO T:139.31Â°K V:6.5457e-02V I:3.0251e-03A R:2.1638e+01ğ›€ E:2.0203e+00V/cm J:1.3239e-01A/cm2 ğ›’:1.5260e+01ğ›€ cm
2023-04-13 16:50:15,482 INFO Measurement at current 0.003042713567839196
2023-04-13 16:50:16,080 INFO T:139.31Â°K V:6.5852e-02V I:3.0427e-03A R:2.1642e+01ğ›€ E:2.0325e+00V/cm J:1.3316e-01A/cm2 ğ›’:1.5263e+01ğ›€ cm
2023-04-13 16:50:16,113 INFO Measurement at current 0.0030603015075376886
2023-04-13 16:50:16,704 INFO T:139.30Â°K V:6.6256e-02V I:3.0603e-03A R:2.1650e+01ğ›€ E:2.0449e+00V/cm J:1.3393e-01A/cm2 ğ›’:1.5269e+01ğ›€ cm
2023-04-13 16:50:16,732 INFO Measurement at current 0.003077889447236181
2023-04-13 16:50:17,330 INFO T:139.30Â°K V:6.6646e-02V I:3.0779e-03A R:2.1653e+01ğ›€ E:2.0570e+00V/cm J:1.3470e-01A/cm2 ğ›’:1.5271e+01ğ›€ cm
2023-04-13 16:50:17,346 INFO Measurement at current 0.0030954773869346737
2023-04-13 16:50:17,936 INFO T:139.30Â°K V:6.7040e-02V I:3.0955e-03A R:2.1657e+01ğ›€ E:2.0691e+00V/cm J:1.3547e-01A/cm2 ğ›’:1.5274e+01ğ›€ cm
2023-04-13 16:50:17,958 INFO Measurement at current 0.003113065326633166
2023-04-13 16:50:18,570 INFO T:139.29Â°K V:6.7434e-02V I:3.1131e-03A R:2.1662e+01ğ›€ E:2.0813e+00V/cm J:1.3624e-01A/cm2 ğ›’:1.5277e+01ğ›€ cm
2023-04-13 16:50:18,592 INFO Measurement at current 0.0031306532663316587
2023-04-13 16:50:19,182 INFO T:139.29Â°K V:6.7829e-02V I:3.1307e-03A R:2.1666e+01ğ›€ E:2.0935e+00V/cm J:1.3701e-01A/cm2 ğ›’:1.5280e+01ğ›€ cm
2023-04-13 16:50:19,205 INFO Measurement at current 0.003148241206030151
2023-04-13 16:50:19,790 INFO T:139.28Â°K V:6.8221e-02V I:3.1482e-03A R:2.1670e+01ğ›€ E:2.1056e+00V/cm J:1.3778e-01A/cm2 ğ›’:1.5282e+01ğ›€ cm
2023-04-13 16:50:19,809 INFO Measurement at current 0.0031658291457286433
2023-04-13 16:50:20,400 INFO T:139.28Â°K V:6.8628e-02V I:3.1658e-03A R:2.1678e+01ğ›€ E:2.1181e+00V/cm J:1.3855e-01A/cm2 ğ›’:1.5288e+01ğ›€ cm
2023-04-13 16:50:20,428 INFO Measurement at current 0.003183417085427136
2023-04-13 16:50:21,038 INFO T:139.28Â°K V:6.9022e-02V I:3.1834e-03A R:2.1682e+01ğ›€ E:2.1303e+00V/cm J:1.3932e-01A/cm2 ğ›’:1.5291e+01ğ›€ cm
2023-04-13 16:50:21,054 INFO Measurement at current 0.0032010050251256284
2023-04-13 16:50:21,656 INFO T:139.27Â°K V:6.9418e-02V I:3.2010e-03A R:2.1686e+01ğ›€ E:2.1425e+00V/cm J:1.4009e-01A/cm2 ğ›’:1.5294e+01ğ›€ cm
2023-04-13 16:50:21,688 INFO Measurement at current 0.003218592964824121
2023-04-13 16:50:22,284 INFO T:139.27Â°K V:6.9811e-02V I:3.2186e-03A R:2.1690e+01ğ›€ E:2.1547e+00V/cm J:1.4086e-01A/cm2 ğ›’:1.5297e+01ğ›€ cm
2023-04-13 16:50:22,304 INFO Measurement at current 0.0032361809045226135
2023-04-13 16:50:22,907 INFO T:139.27Â°K V:7.0207e-02V I:3.2362e-03A R:2.1695e+01ğ›€ E:2.1669e+00V/cm J:1.4163e-01A/cm2 ğ›’:1.5300e+01ğ›€ cm
2023-04-13 16:50:22,927 INFO Measurement at current 0.003253768844221106
2023-04-13 16:50:23,532 INFO T:139.26Â°K V:7.0615e-02V I:3.2538e-03A R:2.1702e+01ğ›€ E:2.1795e+00V/cm J:1.4240e-01A/cm2 ğ›’:1.5306e+01ğ›€ cm
2023-04-13 16:50:23,559 INFO Measurement at current 0.003271356783919598
2023-04-13 16:50:24,150 INFO T:139.26Â°K V:7.1010e-02V I:3.2714e-03A R:2.1707e+01ğ›€ E:2.1917e+00V/cm J:1.4317e-01A/cm2 ğ›’:1.5309e+01ğ›€ cm
2023-04-13 16:50:24,181 INFO Measurement at current 0.0032889447236180906
2023-04-13 16:50:24,779 INFO T:139.25Â°K V:7.1404e-02V I:3.2889e-03A R:2.1710e+01ğ›€ E:2.2038e+00V/cm J:1.4394e-01A/cm2 ğ›’:1.5311e+01ğ›€ cm
2023-04-13 16:50:24,801 INFO Measurement at current 0.003306532663316583
2023-04-13 16:50:25,405 INFO T:139.25Â°K V:7.1799e-02V I:3.3065e-03A R:2.1714e+01ğ›€ E:2.2160e+00V/cm J:1.4471e-01A/cm2 ğ›’:1.5314e+01ğ›€ cm
2023-04-13 16:50:25,424 INFO Measurement at current 0.0033241206030150757
2023-04-13 16:50:26,015 INFO T:139.25Â°K V:7.2195e-02V I:3.3241e-03A R:2.1718e+01ğ›€ E:2.2282e+00V/cm J:1.4548e-01A/cm2 ğ›’:1.5317e+01ğ›€ cm
2023-04-13 16:50:26,034 INFO Measurement at current 0.003341708542713568
2023-04-13 16:50:26,626 INFO T:139.24Â°K V:7.2588e-02V I:3.3417e-03A R:2.1722e+01ğ›€ E:2.2404e+00V/cm J:1.4625e-01A/cm2 ğ›’:1.5319e+01ğ›€ cm
2023-04-13 16:50:26,646 INFO Measurement at current 0.0033592964824120607
2023-04-13 16:50:27,237 INFO T:139.24Â°K V:7.2989e-02V I:3.3593e-03A R:2.1728e+01ğ›€ E:2.2528e+00V/cm J:1.4702e-01A/cm2 ğ›’:1.5323e+01ğ›€ cm
2023-04-13 16:50:27,266 INFO Measurement at current 0.0033768844221105532
2023-04-13 16:50:27,872 INFO T:139.24Â°K V:7.3386e-02V I:3.3769e-03A R:2.1732e+01ğ›€ E:2.2650e+00V/cm J:1.4778e-01A/cm2 ğ›’:1.5326e+01ğ›€ cm
2023-04-13 16:50:27,897 INFO Measurement at current 0.0033944723618090453
2023-04-13 16:50:28,495 INFO T:139.23Â°K V:7.3781e-02V I:3.3945e-03A R:2.1736e+01ğ›€ E:2.2772e+00V/cm J:1.4855e-01A/cm2 ğ›’:1.5329e+01ğ›€ cm
2023-04-13 16:50:28,520 INFO Measurement at current 0.003412060301507538
2023-04-13 16:50:29,144 INFO T:139.23Â°K V:7.4176e-02V I:3.4121e-03A R:2.1739e+01ğ›€ E:2.2894e+00V/cm J:1.4932e-01A/cm2 ğ›’:1.5332e+01ğ›€ cm
2023-04-13 16:50:29,173 INFO Measurement at current 0.0034296482412060304
2023-04-13 16:50:29,772 INFO T:139.23Â°K V:7.4573e-02V I:3.4296e-03A R:2.1744e+01ğ›€ E:2.3016e+00V/cm J:1.5009e-01A/cm2 ğ›’:1.5335e+01ğ›€ cm
2023-04-13 16:50:29,792 INFO Measurement at current 0.003447236180904523
2023-04-13 16:50:30,380 INFO T:139.22Â°K V:7.4965e-02V I:3.4472e-03A R:2.1746e+01ğ›€ E:2.3137e+00V/cm J:1.5086e-01A/cm2 ğ›’:1.5337e+01ğ›€ cm
2023-04-13 16:50:30,403 INFO Measurement at current 0.0034648241206030155
2023-04-13 16:50:30,994 INFO T:139.22Â°K V:7.5370e-02V I:3.4648e-03A R:2.1753e+01ğ›€ E:2.3262e+00V/cm J:1.5163e-01A/cm2 ğ›’:1.5341e+01ğ›€ cm
2023-04-13 16:50:31,020 INFO Measurement at current 0.003482412060301508
2023-04-13 16:50:31,607 INFO T:139.21Â°K V:7.5765e-02V I:3.4824e-03A R:2.1756e+01ğ›€ E:2.3384e+00V/cm J:1.5240e-01A/cm2 ğ›’:1.5344e+01ğ›€ cm
2023-04-13 16:50:31,623 INFO Measurement at current 0.0035
2023-04-13 16:50:32,215 INFO T:139.21Â°K V:7.6160e-02V I:3.5000e-03A R:2.1760e+01ğ›€ E:2.3506e+00V/cm J:1.5317e-01A/cm2 ğ›’:1.5346e+01ğ›€ cm
2023-04-13 16:50:42,871 INFO Save the description file
2023-04-13 16:50:42,881 INFO Save data in numpy format Esperimenti/CPRO_MUSA_130423_I_V/CPRO_MUSA_130423_I_V_current_from_0_to_35e-4A/CPRO_MUSA_130423_I_V_current_from_0_to_35e-4A-20230413165039
2023-04-13 16:50:42,911 INFO Save data in CSV format Esperimenti/CPRO_MUSA_130423_I_V/CPRO_MUSA_130423_I_V_current_from_0_to_35e-4A/CPRO_MUSA_130423_I_V_current_from_0_to_35e-4A-20230413165039.csv
2023-04-13 16:50:42,939 INFO Save plot as image Esperimenti/CPRO_MUSA_130423_I_V/CPRO_MUSA_130423_I_V_current_from_0_to_35e-4A/CPRO_MUSA_130423_I_V_current_from_0_to_35e-4A-20230413165039.png
