2023-04-13 15:19:06,817 INFO ### Start experiment: CPRO_MUSA_130423_I_V current from 0 to 35e-4A ###
2023-04-13 15:19:08,171 INFO Found Multimeter KEITHLEY INSTRUMENTS INC.,MODEL 2700,0884890,B03  /A02  

2023-04-13 15:19:09,201 INFO Found Nanovolt Meter KEITHLEY INSTRUMENTS INC.,MODEL 2182A,4056474,C03  /A02  

2023-04-13 15:19:09,313 INFO Found Source Meter KEITHLEY INSTRUMENTS INC.,MODEL 2400,0945684,C24   Feb 14 2002 11:59:45/A02  /K/H

2023-04-13 15:19:09,436 INFO Start the measurement loop
2023-04-13 15:19:14,792 INFO Measurement at current 0.0
2023-04-13 15:19:15,700 INFO T:203.93Â°K V:-5.2026e-06V I:0.0000e+00A R:-infğ›€ E:-1.6057e-04V/cm J:0.0000e+00A/cm2 ğ›’:-infğ›€ cm
2023-04-13 15:19:15,724 INFO Measurement at current 1.7587939698492464e-05
2023-04-13 15:19:16,323 INFO T:203.92Â°K V:4.5633e-05V I:1.7588e-05A R:2.5945e+00ğ›€ E:1.4084e-03V/cm J:7.6971e-04A/cm2 ğ›’:1.8298e+00ğ›€ cm
2023-04-13 15:19:16,349 INFO Measurement at current 3.517587939698493e-05
2023-04-13 15:19:16,956 INFO T:203.91Â°K V:9.6468e-05V I:3.5176e-05A R:2.7424e+00ğ›€ E:2.9774e-03V/cm J:1.5394e-03A/cm2 ğ›’:1.9341e+00ğ›€ cm
2023-04-13 15:19:16,978 INFO Measurement at current 5.2763819095477394e-05
2023-04-13 15:19:17,574 INFO T:203.90Â°K V:1.4730e-04V I:5.2764e-05A R:2.7917e+00ğ›€ E:4.5463e-03V/cm J:2.3091e-03A/cm2 ğ›’:1.9688e+00ğ›€ cm
2023-04-13 15:19:17,596 INFO Measurement at current 7.035175879396985e-05
2023-04-13 15:19:18,194 INFO T:203.89Â°K V:1.9814e-04V I:7.0352e-05A R:2.8165e+00ğ›€ E:6.1155e-03V/cm J:3.0789e-03A/cm2 ğ›’:1.9863e+00ğ›€ cm
2023-04-13 15:19:18,217 INFO Measurement at current 8.793969849246232e-05
2023-04-13 15:19:18,822 INFO T:203.88Â°K V:2.4899e-04V I:8.7940e-05A R:2.8314e+00ğ›€ E:7.6848e-03V/cm J:3.8486e-03A/cm2 ğ›’:1.9968e+00ğ›€ cm
2023-04-13 15:19:18,847 INFO Measurement at current 0.00010552763819095479
2023-04-13 15:19:19,475 INFO T:203.87Â°K V:2.9995e-04V I:1.0553e-04A R:2.8423e+00ğ›€ E:9.2576e-03V/cm J:4.6183e-03A/cm2 ğ›’:2.0045e+00ğ›€ cm
2023-04-13 15:19:19,493 INFO Measurement at current 0.00012311557788944724
2023-04-13 15:19:20,091 INFO T:203.86Â°K V:3.5066e-04V I:1.2312e-04A R:2.8482e+00ğ›€ E:1.0823e-02V/cm J:5.3880e-03A/cm2 ğ›’:2.0087e+00ğ›€ cm
2023-04-13 15:19:20,108 INFO Measurement at current 0.0001407035175879397
2023-04-13 15:19:20,699 INFO T:203.85Â°K V:4.0157e-04V I:1.4070e-04A R:2.8540e+00ğ›€ E:1.2394e-02V/cm J:6.1577e-03A/cm2 ğ›’:2.0128e+00ğ›€ cm
2023-04-13 15:19:20,719 INFO Measurement at current 0.00015829145728643218
2023-04-13 15:19:21,309 INFO T:203.84Â°K V:4.5249e-04V I:1.5829e-04A R:2.8586e+00ğ›€ E:1.3966e-02V/cm J:6.9274e-03A/cm2 ğ›’:2.0160e+00ğ›€ cm
2023-04-13 15:19:21,332 INFO Measurement at current 0.00017587939698492463
2023-04-13 15:19:21,935 INFO T:203.83Â°K V:5.0342e-04V I:1.7588e-04A R:2.8623e+00ğ›€ E:1.5538e-02V/cm J:7.6971e-03A/cm2 ğ›’:2.0186e+00ğ›€ cm
2023-04-13 15:19:21,958 INFO Measurement at current 0.0001934673366834171
2023-04-13 15:19:22,558 INFO T:203.82Â°K V:5.5421e-04V I:1.9347e-04A R:2.8646e+00ğ›€ E:1.7105e-02V/cm J:8.4668e-03A/cm2 ğ›’:2.0203e+00ğ›€ cm
2023-04-13 15:19:22,575 INFO Measurement at current 0.00021105527638190958
2023-04-13 15:19:23,167 INFO T:203.81Â°K V:6.0512e-04V I:2.1106e-04A R:2.8671e+00ğ›€ E:1.8677e-02V/cm J:9.2366e-03A/cm2 ğ›’:2.0220e+00ğ›€ cm
2023-04-13 15:19:23,188 INFO Measurement at current 0.00022864321608040202
2023-04-13 15:19:23,791 INFO T:203.80Â°K V:6.5601e-04V I:2.2864e-04A R:2.8691e+00ğ›€ E:2.0247e-02V/cm J:1.0006e-02A/cm2 ğ›’:2.0235e+00ğ›€ cm
2023-04-13 15:19:23,811 INFO Measurement at current 0.00024623115577889447
2023-04-13 15:19:24,401 INFO T:203.79Â°K V:7.0694e-04V I:2.4623e-04A R:2.8710e+00ğ›€ E:2.1819e-02V/cm J:1.0776e-02A/cm2 ğ›’:2.0248e+00ğ›€ cm
2023-04-13 15:19:24,416 INFO Measurement at current 0.00026381909547738695
2023-04-13 15:19:25,005 INFO T:203.78Â°K V:7.5770e-04V I:2.6382e-04A R:2.8720e+00ğ›€ E:2.3386e-02V/cm J:1.1546e-02A/cm2 ğ›’:2.0255e+00ğ›€ cm
2023-04-13 15:19:25,021 INFO Measurement at current 0.0002814070351758794
2023-04-13 15:19:25,621 INFO T:203.77Â°K V:8.0866e-04V I:2.8141e-04A R:2.8736e+00ğ›€ E:2.4959e-02V/cm J:1.2315e-02A/cm2 ğ›’:2.0266e+00ğ›€ cm
2023-04-13 15:19:25,644 INFO Measurement at current 0.0002989949748743719
2023-04-13 15:19:26,245 INFO T:203.76Â°K V:8.5964e-04V I:2.9899e-04A R:2.8751e+00ğ›€ E:2.6532e-02V/cm J:1.3085e-02A/cm2 ğ›’:2.0277e+00ğ›€ cm
2023-04-13 15:19:26,262 INFO Measurement at current 0.00031658291457286437
2023-04-13 15:19:26,897 INFO T:203.75Â°K V:9.1062e-04V I:3.1658e-04A R:2.8764e+00ğ›€ E:2.8105e-02V/cm J:1.3855e-02A/cm2 ğ›’:2.0286e+00ğ›€ cm
2023-04-13 15:19:26,922 INFO Measurement at current 0.0003341708542713568
2023-04-13 15:19:27,520 INFO T:203.74Â°K V:9.6146e-04V I:3.3417e-04A R:2.8772e+00ğ›€ E:2.9675e-02V/cm J:1.4625e-02A/cm2 ğ›’:2.0291e+00ğ›€ cm
2023-04-13 15:19:27,539 INFO Measurement at current 0.00035175879396984926
2023-04-13 15:19:28,146 INFO T:203.73Â°K V:1.0124e-03V I:3.5176e-04A R:2.8781e+00ğ›€ E:3.1246e-02V/cm J:1.5394e-02A/cm2 ğ›’:2.0297e+00ğ›€ cm
2023-04-13 15:19:28,170 INFO Measurement at current 0.00036934673366834173
2023-04-13 15:19:28,779 INFO T:203.71Â°K V:1.0633e-03V I:3.6935e-04A R:2.8790e+00ğ›€ E:3.2819e-02V/cm J:1.6164e-02A/cm2 ğ›’:2.0304e+00ğ›€ cm
2023-04-13 15:19:28,800 INFO Measurement at current 0.0003869346733668342
2023-04-13 15:19:29,414 INFO T:203.70Â°K V:1.1143e-03V I:3.8693e-04A R:2.8797e+00ğ›€ E:3.4391e-02V/cm J:1.6934e-02A/cm2 ğ›’:2.0309e+00ğ›€ cm
2023-04-13 15:19:29,434 INFO Measurement at current 0.0004045226130653267
2023-04-13 15:19:30,026 INFO T:203.69Â°K V:1.1651e-03V I:4.0452e-04A R:2.8802e+00ğ›€ E:3.5959e-02V/cm J:1.7703e-02A/cm2 ğ›’:2.0312e+00ğ›€ cm
2023-04-13 15:19:30,043 INFO Measurement at current 0.00042211055276381916
2023-04-13 15:19:30,641 INFO T:203.68Â°K V:1.2161e-03V I:4.2211e-04A R:2.8810e+00ğ›€ E:3.7534e-02V/cm J:1.8473e-02A/cm2 ğ›’:2.0318e+00ğ›€ cm
2023-04-13 15:19:30,662 INFO Measurement at current 0.0004396984924623116
2023-04-13 15:19:31,265 INFO T:203.67Â°K V:1.2671e-03V I:4.3970e-04A R:2.8818e+00ğ›€ E:3.9109e-02V/cm J:1.9243e-02A/cm2 ğ›’:2.0324e+00ğ›€ cm
2023-04-13 15:19:31,294 INFO Measurement at current 0.00045728643216080405
2023-04-13 15:19:31,904 INFO T:203.66Â°K V:1.3181e-03V I:4.5729e-04A R:2.8825e+00ğ›€ E:4.0683e-02V/cm J:2.0013e-02A/cm2 ğ›’:2.0329e+00ğ›€ cm
2023-04-13 15:19:31,920 INFO Measurement at current 0.0004748743718592965
2023-04-13 15:19:32,530 INFO T:203.65Â°K V:1.3690e-03V I:4.7487e-04A R:2.8829e+00ğ›€ E:4.2254e-02V/cm J:2.0782e-02A/cm2 ğ›’:2.0332e+00ğ›€ cm
2023-04-13 15:19:32,549 INFO Measurement at current 0.0004924623115577889
2023-04-13 15:19:33,148 INFO T:203.64Â°K V:1.4200e-03V I:4.9246e-04A R:2.8835e+00ğ›€ E:4.3827e-02V/cm J:2.1552e-02A/cm2 ğ›’:2.0336e+00ğ›€ cm
2023-04-13 15:19:33,167 INFO Measurement at current 0.0005100502512562815
2023-04-13 15:19:33,765 INFO T:203.63Â°K V:1.4710e-03V I:5.1005e-04A R:2.8841e+00ğ›€ E:4.5402e-02V/cm J:2.2322e-02A/cm2 ğ›’:2.0340e+00ğ›€ cm
2023-04-13 15:19:33,793 INFO Measurement at current 0.0005276381909547739
2023-04-13 15:19:34,405 INFO T:203.62Â°K V:1.5220e-03V I:5.2764e-04A R:2.8846e+00ğ›€ E:4.6976e-02V/cm J:2.3091e-02A/cm2 ğ›’:2.0344e+00ğ›€ cm
2023-04-13 15:19:34,422 INFO Measurement at current 0.0005452261306532664
2023-04-13 15:19:35,023 INFO T:203.61Â°K V:1.5731e-03V I:5.4523e-04A R:2.8852e+00ğ›€ E:4.8552e-02V/cm J:2.3861e-02A/cm2 ğ›’:2.0348e+00ğ›€ cm
2023-04-13 15:19:35,041 INFO Measurement at current 0.0005628140703517588
2023-04-13 15:19:35,631 INFO T:203.60Â°K V:1.6240e-03V I:5.6281e-04A R:2.8855e+00ğ›€ E:5.0123e-02V/cm J:2.4631e-02A/cm2 ğ›’:2.0350e+00ğ›€ cm
2023-04-13 15:19:35,661 INFO Measurement at current 0.0005804020100502513
2023-04-13 15:19:36,257 INFO T:203.59Â°K V:1.6751e-03V I:5.8040e-04A R:2.8860e+00ğ›€ E:5.1699e-02V/cm J:2.5401e-02A/cm2 ğ›’:2.0354e+00ğ›€ cm
2023-04-13 15:19:36,272 INFO Measurement at current 0.0005979899497487438
2023-04-13 15:19:36,866 INFO T:203.58Â°K V:1.7262e-03V I:5.9799e-04A R:2.8866e+00ğ›€ E:5.3276e-02V/cm J:2.6170e-02A/cm2 ğ›’:2.0358e+00ğ›€ cm
2023-04-13 15:19:36,892 INFO Measurement at current 0.0006155778894472362
2023-04-13 15:19:37,495 INFO T:203.57Â°K V:1.7772e-03V I:6.1558e-04A R:2.8871e+00ğ›€ E:5.4852e-02V/cm J:2.6940e-02A/cm2 ğ›’:2.0361e+00ğ›€ cm
2023-04-13 15:19:37,511 INFO Measurement at current 0.0006331658291457287
2023-04-13 15:19:38,103 INFO T:203.56Â°K V:1.8281e-03V I:6.3317e-04A R:2.8872e+00ğ›€ E:5.6422e-02V/cm J:2.7710e-02A/cm2 ğ›’:2.0362e+00ğ›€ cm
2023-04-13 15:19:38,118 INFO Measurement at current 0.0006507537688442212
2023-04-13 15:19:38,717 INFO T:203.55Â°K V:1.8791e-03V I:6.5075e-04A R:2.8875e+00ğ›€ E:5.7996e-02V/cm J:2.8479e-02A/cm2 ğ›’:2.0364e+00ğ›€ cm
2023-04-13 15:19:38,732 INFO Measurement at current 0.0006683417085427136
2023-04-13 15:19:39,325 INFO T:203.54Â°K V:1.9301e-03V I:6.6834e-04A R:2.8879e+00ğ›€ E:5.9571e-02V/cm J:2.9249e-02A/cm2 ğ›’:2.0367e+00ğ›€ cm
2023-04-13 15:19:39,346 INFO Measurement at current 0.0006859296482412061
2023-04-13 15:19:39,959 INFO T:203.53Â°K V:1.9812e-03V I:6.8593e-04A R:2.8883e+00ğ›€ E:6.1147e-02V/cm J:3.0019e-02A/cm2 ğ›’:2.0370e+00ğ›€ cm
2023-04-13 15:19:39,987 INFO Measurement at current 0.0007035175879396985
2023-04-13 15:19:40,581 INFO T:203.52Â°K V:2.0321e-03V I:7.0352e-04A R:2.8885e+00ğ›€ E:6.2719e-02V/cm J:3.0789e-02A/cm2 ğ›’:2.0371e+00ğ›€ cm
2023-04-13 15:19:40,596 INFO Measurement at current 0.000721105527638191
2023-04-13 15:19:41,190 INFO T:203.51Â°K V:2.0832e-03V I:7.2111e-04A R:2.8889e+00ğ›€ E:6.4296e-02V/cm J:3.1558e-02A/cm2 ğ›’:2.0374e+00ğ›€ cm
2023-04-13 15:19:41,208 INFO Measurement at current 0.0007386934673366835
2023-04-13 15:19:41,800 INFO T:203.51Â°K V:2.1342e-03V I:7.3869e-04A R:2.8892e+00ğ›€ E:6.5872e-02V/cm J:3.2328e-02A/cm2 ğ›’:2.0376e+00ğ›€ cm
2023-04-13 15:19:41,815 INFO Measurement at current 0.0007562814070351759
2023-04-13 15:19:42,408 INFO T:203.50Â°K V:2.1853e-03V I:7.5628e-04A R:2.8895e+00ğ›€ E:6.7447e-02V/cm J:3.3098e-02A/cm2 ğ›’:2.0378e+00ğ›€ cm
2023-04-13 15:19:42,431 INFO Measurement at current 0.0007738693467336684
2023-04-13 15:19:43,036 INFO T:203.49Â°K V:2.2362e-03V I:7.7387e-04A R:2.8897e+00ğ›€ E:6.9019e-02V/cm J:3.3867e-02A/cm2 ğ›’:2.0379e+00ğ›€ cm
2023-04-13 15:19:43,052 INFO Measurement at current 0.0007914572864321608
2023-04-13 15:19:43,644 INFO T:203.48Â°K V:2.2872e-03V I:7.9146e-04A R:2.8899e+00ğ›€ E:7.0594e-02V/cm J:3.4637e-02A/cm2 ğ›’:2.0381e+00ğ›€ cm
2023-04-13 15:19:43,659 INFO Measurement at current 0.0008090452261306534
2023-04-13 15:19:44,251 INFO T:203.47Â°K V:2.3383e-03V I:8.0905e-04A R:2.8902e+00ğ›€ E:7.2170e-02V/cm J:3.5407e-02A/cm2 ğ›’:2.0383e+00ğ›€ cm
2023-04-13 15:19:44,268 INFO Measurement at current 0.0008266331658291458
2023-04-13 15:19:44,858 INFO T:203.46Â°K V:2.3894e-03V I:8.2663e-04A R:2.8905e+00ğ›€ E:7.3747e-02V/cm J:3.6177e-02A/cm2 ğ›’:2.0385e+00ğ›€ cm
2023-04-13 15:19:44,875 INFO Measurement at current 0.0008442211055276383
2023-04-13 15:19:45,466 INFO T:203.45Â°K V:2.4404e-03V I:8.4422e-04A R:2.8907e+00ğ›€ E:7.5321e-02V/cm J:3.6946e-02A/cm2 ğ›’:2.0387e+00ğ›€ cm
2023-04-13 15:19:45,486 INFO Measurement at current 0.0008618090452261307
2023-04-13 15:19:46,102 INFO T:203.44Â°K V:2.4915e-03V I:8.6181e-04A R:2.8910e+00ğ›€ E:7.6899e-02V/cm J:3.7716e-02A/cm2 ğ›’:2.0389e+00ğ›€ cm
2023-04-13 15:19:46,124 INFO Measurement at current 0.0008793969849246232
2023-04-13 15:19:46,726 INFO T:203.43Â°K V:2.5426e-03V I:8.7940e-04A R:2.8913e+00ğ›€ E:7.8477e-02V/cm J:3.8486e-02A/cm2 ğ›’:2.0391e+00ğ›€ cm
2023-04-13 15:19:46,742 INFO Measurement at current 0.0008969849246231157
2023-04-13 15:19:47,332 INFO T:203.42Â°K V:2.5937e-03V I:8.9698e-04A R:2.8916e+00ğ›€ E:8.0053e-02V/cm J:3.9255e-02A/cm2 ğ›’:2.0393e+00ğ›€ cm
2023-04-13 15:19:47,348 INFO Measurement at current 0.0009145728643216081
2023-04-13 15:19:47,937 INFO T:203.41Â°K V:2.6447e-03V I:9.1457e-04A R:2.8917e+00ğ›€ E:8.1626e-02V/cm J:4.0025e-02A/cm2 ğ›’:2.0394e+00ğ›€ cm
2023-04-13 15:19:47,954 INFO Measurement at current 0.0009321608040201006
2023-04-13 15:19:48,545 INFO T:203.40Â°K V:2.6958e-03V I:9.3216e-04A R:2.8919e+00ğ›€ E:8.3202e-02V/cm J:4.0795e-02A/cm2 ğ›’:2.0395e+00ğ›€ cm
2023-04-13 15:19:48,566 INFO Measurement at current 0.000949748743718593
2023-04-13 15:19:49,184 INFO T:203.39Â°K V:2.7469e-03V I:9.4975e-04A R:2.8922e+00ğ›€ E:8.4781e-02V/cm J:4.1564e-02A/cm2 ğ›’:2.0397e+00ğ›€ cm
2023-04-13 15:19:49,209 INFO Measurement at current 0.0009673366834170855
2023-04-13 15:19:49,819 INFO T:203.38Â°K V:2.7981e-03V I:9.6734e-04A R:2.8926e+00ğ›€ E:8.6361e-02V/cm J:4.2334e-02A/cm2 ğ›’:2.0400e+00ğ›€ cm
2023-04-13 15:19:49,840 INFO Measurement at current 0.0009849246231155779
2023-04-13 15:19:50,433 INFO T:203.37Â°K V:2.8491e-03V I:9.8492e-04A R:2.8927e+00ğ›€ E:8.7936e-02V/cm J:4.3104e-02A/cm2 ğ›’:2.0401e+00ğ›€ cm
2023-04-13 15:19:50,451 INFO Measurement at current 0.0010025125628140704
2023-04-13 15:19:51,041 INFO T:203.36Â°K V:2.9003e-03V I:1.0025e-03A R:2.8930e+00ğ›€ E:8.9516e-02V/cm J:4.3874e-02A/cm2 ğ›’:2.0403e+00ğ›€ cm
2023-04-13 15:19:51,057 INFO Measurement at current 0.001020100502512563
2023-04-13 15:19:51,650 INFO T:203.35Â°K V:2.9515e-03V I:1.0201e-03A R:2.8933e+00ğ›€ E:9.1095e-02V/cm J:4.4643e-02A/cm2 ğ›’:2.0405e+00ğ›€ cm
2023-04-13 15:19:51,672 INFO Measurement at current 0.0010376884422110553
2023-04-13 15:19:52,273 INFO T:203.34Â°K V:3.0026e-03V I:1.0377e-03A R:2.8936e+00ğ›€ E:9.2674e-02V/cm J:4.5413e-02A/cm2 ğ›’:2.0407e+00ğ›€ cm
2023-04-13 15:19:52,301 INFO Measurement at current 0.0010552763819095478
2023-04-13 15:19:52,904 INFO T:203.33Â°K V:3.0549e-03V I:1.0553e-03A R:2.8949e+00ğ›€ E:9.4287e-02V/cm J:4.6183e-02A/cm2 ğ›’:2.0416e+00ğ›€ cm
2023-04-13 15:19:52,927 INFO Measurement at current 0.0010728643216080403
2023-04-13 15:19:53,528 INFO T:203.32Â°K V:3.1059e-03V I:1.0729e-03A R:2.8949e+00ğ›€ E:9.5861e-02V/cm J:4.6952e-02A/cm2 ğ›’:2.0417e+00ğ›€ cm
2023-04-13 15:19:53,554 INFO Measurement at current 0.0010904522613065328
2023-04-13 15:19:54,158 INFO T:203.31Â°K V:3.1569e-03V I:1.0905e-03A R:2.8950e+00ğ›€ E:9.7434e-02V/cm J:4.7722e-02A/cm2 ğ›’:2.0417e+00ğ›€ cm
2023-04-13 15:19:54,175 INFO Measurement at current 0.0011080402010050251
2023-04-13 15:19:54,767 INFO T:203.30Â°K V:3.2073e-03V I:1.1080e-03A R:2.8946e+00ğ›€ E:9.8992e-02V/cm J:4.8492e-02A/cm2 ğ›’:2.0414e+00ğ›€ cm
2023-04-13 15:19:54,792 INFO Measurement at current 0.0011256281407035177
2023-04-13 15:19:55,391 INFO T:203.29Â°K V:3.2583e-03V I:1.1256e-03A R:2.8947e+00ğ›€ E:1.0057e-01V/cm J:4.9262e-02A/cm2 ğ›’:2.0415e+00ğ›€ cm
2023-04-13 15:19:55,408 INFO Measurement at current 0.0011432160804020102
2023-04-13 15:19:56,019 INFO T:203.28Â°K V:3.3094e-03V I:1.1432e-03A R:2.8948e+00ğ›€ E:1.0214e-01V/cm J:5.0031e-02A/cm2 ğ›’:2.0415e+00ğ›€ cm
2023-04-13 15:19:56,036 INFO Measurement at current 0.0011608040201005025
2023-04-13 15:19:56,641 INFO T:203.27Â°K V:3.3617e-03V I:1.1608e-03A R:2.8960e+00ğ›€ E:1.0376e-01V/cm J:5.0801e-02A/cm2 ğ›’:2.0424e+00ğ›€ cm
2023-04-13 15:19:56,662 INFO Measurement at current 0.001178391959798995
2023-04-13 15:19:57,255 INFO T:203.26Â°K V:3.4123e-03V I:1.1784e-03A R:2.8957e+00ğ›€ E:1.0532e-01V/cm J:5.1571e-02A/cm2 ğ›’:2.0422e+00ğ›€ cm
2023-04-13 15:19:57,275 INFO Measurement at current 0.0011959798994974876
2023-04-13 15:19:57,864 INFO T:203.25Â°K V:3.4633e-03V I:1.1960e-03A R:2.8958e+00ğ›€ E:1.0689e-01V/cm J:5.2340e-02A/cm2 ğ›’:2.0422e+00ğ›€ cm
2023-04-13 15:19:57,887 INFO Measurement at current 0.00121356783919598
2023-04-13 15:19:58,490 INFO T:203.24Â°K V:3.5143e-03V I:1.2136e-03A R:2.8958e+00ğ›€ E:1.0847e-01V/cm J:5.3110e-02A/cm2 ğ›’:2.0423e+00ğ›€ cm
2023-04-13 15:19:58,514 INFO Measurement at current 0.0012311557788944724
2023-04-13 15:19:59,111 INFO T:203.23Â°K V:3.5653e-03V I:1.2312e-03A R:2.8959e+00ğ›€ E:1.1004e-01V/cm J:5.3880e-02A/cm2 ğ›’:2.0423e+00ğ›€ cm
2023-04-13 15:19:59,133 INFO Measurement at current 0.001248743718592965
2023-04-13 15:19:59,728 INFO T:203.22Â°K V:3.6164e-03V I:1.2487e-03A R:2.8960e+00ğ›€ E:1.1162e-01V/cm J:5.4650e-02A/cm2 ğ›’:2.0424e+00ğ›€ cm
2023-04-13 15:19:59,743 INFO Measurement at current 0.0012663316582914575
2023-04-13 15:20:00,335 INFO T:203.21Â°K V:3.6684e-03V I:1.2663e-03A R:2.8969e+00ğ›€ E:1.1322e-01V/cm J:5.5419e-02A/cm2 ğ›’:2.0430e+00ğ›€ cm
2023-04-13 15:20:00,372 INFO Measurement at current 0.0012839195979899498
2023-04-13 15:20:00,962 INFO T:203.20Â°K V:3.7195e-03V I:1.2839e-03A R:2.8970e+00ğ›€ E:1.1480e-01V/cm J:5.6189e-02A/cm2 ğ›’:2.0431e+00ğ›€ cm
2023-04-13 15:20:00,982 INFO Measurement at current 0.0013015075376884423
2023-04-13 15:20:01,571 INFO T:203.19Â°K V:3.7705e-03V I:1.3015e-03A R:2.8970e+00ğ›€ E:1.1637e-01V/cm J:5.6959e-02A/cm2 ğ›’:2.0431e+00ğ›€ cm
2023-04-13 15:20:01,587 INFO Measurement at current 0.0013190954773869348
2023-04-13 15:20:02,188 INFO T:203.18Â°K V:3.8215e-03V I:1.3191e-03A R:2.8971e+00ğ›€ E:1.1795e-01V/cm J:5.7728e-02A/cm2 ğ›’:2.0432e+00ğ›€ cm
2023-04-13 15:20:02,207 INFO Measurement at current 0.0013366834170854271
2023-04-13 15:20:02,799 INFO T:203.17Â°K V:3.8722e-03V I:1.3367e-03A R:2.8968e+00ğ›€ E:1.1951e-01V/cm J:5.8498e-02A/cm2 ğ›’:2.0430e+00ğ›€ cm
2023-04-13 15:20:02,820 INFO Measurement at current 0.0013542713567839197
2023-04-13 15:20:03,413 INFO T:203.17Â°K V:3.9247e-03V I:1.3543e-03A R:2.8981e+00ğ›€ E:1.2113e-01V/cm J:5.9268e-02A/cm2 ğ›’:2.0438e+00ğ›€ cm
2023-04-13 15:20:03,427 INFO Measurement at current 0.0013718592964824122
2023-04-13 15:20:04,024 INFO T:203.16Â°K V:3.9759e-03V I:1.3719e-03A R:2.8982e+00ğ›€ E:1.2271e-01V/cm J:6.0038e-02A/cm2 ğ›’:2.0439e+00ğ›€ cm
2023-04-13 15:20:04,049 INFO Measurement at current 0.0013894472361809047
2023-04-13 15:20:04,650 INFO T:203.15Â°K V:4.0271e-03V I:1.3894e-03A R:2.8983e+00ğ›€ E:1.2429e-01V/cm J:6.0807e-02A/cm2 ğ›’:2.0440e+00ğ›€ cm
2023-04-13 15:20:04,668 INFO Measurement at current 0.001407035175879397
2023-04-13 15:20:05,268 INFO T:203.14Â°K V:4.0777e-03V I:1.4070e-03A R:2.8981e+00ğ›€ E:1.2586e-01V/cm J:6.1577e-02A/cm2 ğ›’:2.0439e+00ğ›€ cm
2023-04-13 15:20:05,288 INFO Measurement at current 0.0014246231155778896
2023-04-13 15:20:05,912 INFO T:203.13Â°K V:4.1289e-03V I:1.4246e-03A R:2.8982e+00ğ›€ E:1.2743e-01V/cm J:6.2347e-02A/cm2 ğ›’:2.0440e+00ğ›€ cm
2023-04-13 15:20:05,936 INFO Measurement at current 0.001442211055276382
2023-04-13 15:20:06,529 INFO T:203.12Â°K V:4.1800e-03V I:1.4422e-03A R:2.8984e+00ğ›€ E:1.2901e-01V/cm J:6.3116e-02A/cm2 ğ›’:2.0441e+00ğ›€ cm
2023-04-13 15:20:06,547 INFO Measurement at current 0.0014597989949748744
2023-04-13 15:20:07,154 INFO T:203.11Â°K V:4.2326e-03V I:1.4598e-03A R:2.8995e+00ğ›€ E:1.3064e-01V/cm J:6.3886e-02A/cm2 ğ›’:2.0448e+00ğ›€ cm
2023-04-13 15:20:07,180 INFO Measurement at current 0.001477386934673367
2023-04-13 15:20:07,781 INFO T:203.10Â°K V:4.2833e-03V I:1.4774e-03A R:2.8993e+00ğ›€ E:1.3220e-01V/cm J:6.4656e-02A/cm2 ğ›’:2.0447e+00ğ›€ cm
2023-04-13 15:20:07,801 INFO Measurement at current 0.0014949748743718595
2023-04-13 15:20:08,406 INFO T:203.09Â°K V:4.3345e-03V I:1.4950e-03A R:2.8993e+00ğ›€ E:1.3378e-01V/cm J:6.5426e-02A/cm2 ğ›’:2.0448e+00ğ›€ cm
2023-04-13 15:20:08,440 INFO Measurement at current 0.0015125628140703518
2023-04-13 15:20:09,038 INFO T:203.08Â°K V:4.3856e-03V I:1.5126e-03A R:2.8995e+00ğ›€ E:1.3536e-01V/cm J:6.6195e-02A/cm2 ğ›’:2.0448e+00ğ›€ cm
2023-04-13 15:20:09,060 INFO Measurement at current 0.0015301507537688443
2023-04-13 15:20:09,656 INFO T:203.07Â°K V:4.4368e-03V I:1.5302e-03A R:2.8996e+00ğ›€ E:1.3694e-01V/cm J:6.6965e-02A/cm2 ğ›’:2.0449e+00ğ›€ cm
2023-04-13 15:20:09,672 INFO Measurement at current 0.0015477386934673368
2023-04-13 15:20:10,270 INFO T:203.06Â°K V:4.4875e-03V I:1.5477e-03A R:2.8994e+00ğ›€ E:1.3850e-01V/cm J:6.7735e-02A/cm2 ğ›’:2.0448e+00ğ›€ cm
2023-04-13 15:20:10,299 INFO Measurement at current 0.0015653266331658294
2023-04-13 15:20:10,894 INFO T:203.05Â°K V:4.5402e-03V I:1.5653e-03A R:2.9005e+00ğ›€ E:1.4013e-01V/cm J:6.8504e-02A/cm2 ğ›’:2.0455e+00ğ›€ cm
2023-04-13 15:20:10,912 INFO Measurement at current 0.0015829145728643217
2023-04-13 15:20:11,501 INFO T:203.04Â°K V:4.5914e-03V I:1.5829e-03A R:2.9006e+00ğ›€ E:1.4171e-01V/cm J:6.9274e-02A/cm2 ğ›’:2.0456e+00ğ›€ cm
2023-04-13 15:20:11,516 INFO Measurement at current 0.0016005025125628142
2023-04-13 15:20:12,113 INFO T:203.03Â°K V:4.6426e-03V I:1.6005e-03A R:2.9007e+00ğ›€ E:1.4329e-01V/cm J:7.0044e-02A/cm2 ğ›’:2.0457e+00ğ›€ cm
2023-04-13 15:20:12,138 INFO Measurement at current 0.0016180904522613067
2023-04-13 15:20:12,754 INFO T:203.02Â°K V:4.6933e-03V I:1.6181e-03A R:2.9005e+00ğ›€ E:1.4486e-01V/cm J:7.0814e-02A/cm2 ğ›’:2.0456e+00ğ›€ cm
2023-04-13 15:20:12,784 INFO Measurement at current 0.001635678391959799
2023-04-13 15:20:13,389 INFO T:203.01Â°K V:4.7445e-03V I:1.6357e-03A R:2.9006e+00ğ›€ E:1.4644e-01V/cm J:7.1583e-02A/cm2 ğ›’:2.0457e+00ğ›€ cm
2023-04-13 15:20:13,411 INFO Measurement at current 0.0016532663316582916
2023-04-13 15:20:14,018 INFO T:203.00Â°K V:4.7972e-03V I:1.6533e-03A R:2.9016e+00ğ›€ E:1.4806e-01V/cm J:7.2353e-02A/cm2 ğ›’:2.0464e+00ğ›€ cm
2023-04-13 15:20:14,044 INFO Measurement at current 0.001670854271356784
2023-04-13 15:20:14,650 INFO T:202.99Â°K V:4.8483e-03V I:1.6709e-03A R:2.9017e+00ğ›€ E:1.4964e-01V/cm J:7.3123e-02A/cm2 ğ›’:2.0464e+00ğ›€ cm
2023-04-13 15:20:14,677 INFO Measurement at current 0.0016884422110552766
2023-04-13 15:20:15,282 INFO T:202.98Â°K V:4.8991e-03V I:1.6884e-03A R:2.9015e+00ğ›€ E:1.5121e-01V/cm J:7.3892e-02A/cm2 ğ›’:2.0463e+00ğ›€ cm
2023-04-13 15:20:15,304 INFO Measurement at current 0.001706030150753769
2023-04-13 15:20:15,900 INFO T:202.97Â°K V:4.9503e-03V I:1.7060e-03A R:2.9017e+00ğ›€ E:1.5279e-01V/cm J:7.4662e-02A/cm2 ğ›’:2.0464e+00ğ›€ cm
2023-04-13 15:20:15,919 INFO Measurement at current 0.0017236180904522615
2023-04-13 15:20:16,513 INFO T:202.96Â°K V:5.0016e-03V I:1.7236e-03A R:2.9018e+00ğ›€ E:1.5437e-01V/cm J:7.5432e-02A/cm2 ğ›’:2.0465e+00ğ›€ cm
2023-04-13 15:20:16,530 INFO Measurement at current 0.001741206030150754
2023-04-13 15:20:17,121 INFO T:202.95Â°K V:5.0528e-03V I:1.7412e-03A R:2.9019e+00ğ›€ E:1.5595e-01V/cm J:7.6202e-02A/cm2 ğ›’:2.0466e+00ğ›€ cm
2023-04-13 15:20:17,146 INFO Measurement at current 0.0017587939698492463
2023-04-13 15:20:17,747 INFO T:202.94Â°K V:5.1055e-03V I:1.7588e-03A R:2.9028e+00ğ›€ E:1.5758e-01V/cm J:7.6971e-02A/cm2 ğ›’:2.0472e+00ğ›€ cm
2023-04-13 15:20:17,779 INFO Measurement at current 0.0017763819095477388
2023-04-13 15:20:18,385 INFO T:202.93Â°K V:5.1563e-03V I:1.7764e-03A R:2.9027e+00ğ›€ E:1.5915e-01V/cm J:7.7741e-02A/cm2 ğ›’:2.0471e+00ğ›€ cm
2023-04-13 15:20:18,407 INFO Measurement at current 0.0017939698492462314
2023-04-13 15:20:19,002 INFO T:202.92Â°K V:5.2076e-03V I:1.7940e-03A R:2.9028e+00ğ›€ E:1.6073e-01V/cm J:7.8511e-02A/cm2 ğ›’:2.0472e+00ğ›€ cm
2023-04-13 15:20:19,045 INFO Measurement at current 0.0018115577889447237
2023-04-13 15:20:19,636 INFO T:202.91Â°K V:5.2588e-03V I:1.8116e-03A R:2.9029e+00ğ›€ E:1.6231e-01V/cm J:7.9280e-02A/cm2 ğ›’:2.0473e+00ğ›€ cm
2023-04-13 15:20:19,660 INFO Measurement at current 0.0018291457286432162
2023-04-13 15:20:20,251 INFO T:202.90Â°K V:5.3100e-03V I:1.8291e-03A R:2.9030e+00ğ›€ E:1.6389e-01V/cm J:8.0050e-02A/cm2 ğ›’:2.0473e+00ğ›€ cm
2023-04-13 15:20:20,267 INFO Measurement at current 0.0018467336683417087
2023-04-13 15:20:20,857 INFO T:202.89Â°K V:5.3608e-03V I:1.8467e-03A R:2.9029e+00ğ›€ E:1.6546e-01V/cm J:8.0820e-02A/cm2 ğ›’:2.0472e+00ğ›€ cm
2023-04-13 15:20:20,890 INFO Measurement at current 0.0018643216080402013
2023-04-13 15:20:21,486 INFO T:202.88Â°K V:5.4135e-03V I:1.8643e-03A R:2.9038e+00ğ›€ E:1.6708e-01V/cm J:8.1590e-02A/cm2 ğ›’:2.0479e+00ğ›€ cm
2023-04-13 15:20:21,501 INFO Measurement at current 0.0018819095477386936
2023-04-13 15:20:22,115 INFO T:202.88Â°K V:5.4649e-03V I:1.8819e-03A R:2.9039e+00ğ›€ E:1.6867e-01V/cm J:8.2359e-02A/cm2 ğ›’:2.0480e+00ğ›€ cm
2023-04-13 15:20:22,134 INFO Measurement at current 0.001899497487437186
2023-04-13 15:20:22,720 INFO T:202.87Â°K V:5.5161e-03V I:1.8995e-03A R:2.9040e+00ğ›€ E:1.7025e-01V/cm J:8.3129e-02A/cm2 ğ›’:2.0480e+00ğ›€ cm
2023-04-13 15:20:22,737 INFO Measurement at current 0.0019170854271356786
2023-04-13 15:20:23,336 INFO T:202.86Â°K V:5.5670e-03V I:1.9171e-03A R:2.9039e+00ğ›€ E:1.7182e-01V/cm J:8.3899e-02A/cm2 ğ›’:2.0479e+00ğ›€ cm
2023-04-13 15:20:23,354 INFO Measurement at current 0.001934673366834171
2023-04-13 15:20:23,953 INFO T:202.85Â°K V:5.6183e-03V I:1.9347e-03A R:2.9040e+00ğ›€ E:1.7340e-01V/cm J:8.4668e-02A/cm2 ğ›’:2.0480e+00ğ›€ cm
2023-04-13 15:20:23,972 INFO Measurement at current 0.0019522613065326635
2023-04-13 15:20:24,580 INFO T:202.84Â°K V:5.6710e-03V I:1.9523e-03A R:2.9049e+00ğ›€ E:1.7503e-01V/cm J:8.5438e-02A/cm2 ğ›’:2.0486e+00ğ›€ cm
2023-04-13 15:20:24,596 INFO Measurement at current 0.0019698492462311558
2023-04-13 15:20:25,194 INFO T:202.83Â°K V:5.7224e-03V I:1.9698e-03A R:2.9050e+00ğ›€ E:1.7662e-01V/cm J:8.6208e-02A/cm2 ğ›’:2.0487e+00ğ›€ cm
2023-04-13 15:20:25,210 INFO Measurement at current 0.0019874371859296483
2023-04-13 15:20:25,800 INFO T:202.82Â°K V:5.7732e-03V I:1.9874e-03A R:2.9049e+00ğ›€ E:1.7819e-01V/cm J:8.6978e-02A/cm2 ğ›’:2.0486e+00ğ›€ cm
2023-04-13 15:20:25,816 INFO Measurement at current 0.002005025125628141
2023-04-13 15:20:26,406 INFO T:202.81Â°K V:5.8245e-03V I:2.0050e-03A R:2.9050e+00ğ›€ E:1.7977e-01V/cm J:8.7747e-02A/cm2 ğ›’:2.0487e+00ğ›€ cm
2023-04-13 15:20:26,422 INFO Measurement at current 0.0020226130653266334
2023-04-13 15:20:27,013 INFO T:202.80Â°K V:5.8758e-03V I:2.0226e-03A R:2.9051e+00ğ›€ E:1.8135e-01V/cm J:8.8517e-02A/cm2 ğ›’:2.0488e+00ğ›€ cm
2023-04-13 15:20:27,029 INFO Measurement at current 0.002040201005025126
2023-04-13 15:20:27,620 INFO T:202.79Â°K V:5.9271e-03V I:2.0402e-03A R:2.9051e+00ğ›€ E:1.8293e-01V/cm J:8.9287e-02A/cm2 ğ›’:2.0488e+00ğ›€ cm
2023-04-13 15:20:27,636 INFO Measurement at current 0.0020577889447236184
2023-04-13 15:20:28,226 INFO T:202.78Â°K V:5.9793e-03V I:2.0578e-03A R:2.9057e+00ğ›€ E:1.8455e-01V/cm J:9.0056e-02A/cm2 ğ›’:2.0492e+00ğ›€ cm
2023-04-13 15:20:28,241 INFO Measurement at current 0.0020753768844221105
2023-04-13 15:20:28,829 INFO T:202.77Â°K V:6.0306e-03V I:2.0754e-03A R:2.9058e+00ğ›€ E:1.8613e-01V/cm J:9.0826e-02A/cm2 ğ›’:2.0493e+00ğ›€ cm
2023-04-13 15:20:28,843 INFO Measurement at current 0.002092964824120603
2023-04-13 15:20:29,432 INFO T:202.76Â°K V:6.0819e-03V I:2.0930e-03A R:2.9059e+00ğ›€ E:1.8771e-01V/cm J:9.1596e-02A/cm2 ğ›’:2.0494e+00ğ›€ cm
2023-04-13 15:20:29,449 INFO Measurement at current 0.0021105527638190956
2023-04-13 15:20:30,037 INFO T:202.75Â°K V:6.1332e-03V I:2.1106e-03A R:2.9060e+00ğ›€ E:1.8930e-01V/cm J:9.2366e-02A/cm2 ğ›’:2.0494e+00ğ›€ cm
2023-04-13 15:20:30,058 INFO Measurement at current 0.002128140703517588
2023-04-13 15:20:30,653 INFO T:202.74Â°K V:6.1840e-03V I:2.1281e-03A R:2.9058e+00ğ›€ E:1.9086e-01V/cm J:9.3135e-02A/cm2 ğ›’:2.0493e+00ğ›€ cm
2023-04-13 15:20:30,670 INFO Measurement at current 0.0021457286432160806
2023-04-13 15:20:31,294 INFO T:202.74Â°K V:6.2353e-03V I:2.1457e-03A R:2.9059e+00ğ›€ E:1.9245e-01V/cm J:9.3905e-02A/cm2 ğ›’:2.0494e+00ğ›€ cm
2023-04-13 15:20:31,314 INFO Measurement at current 0.002163316582914573
2023-04-13 15:20:31,912 INFO T:202.73Â°K V:6.2881e-03V I:2.1633e-03A R:2.9067e+00ğ›€ E:1.9408e-01V/cm J:9.4675e-02A/cm2 ğ›’:2.0499e+00ğ›€ cm
2023-04-13 15:20:31,929 INFO Measurement at current 0.0021809045226130657
2023-04-13 15:20:32,523 INFO T:202.72Â°K V:6.3393e-03V I:2.1809e-03A R:2.9067e+00ğ›€ E:1.9566e-01V/cm J:9.5444e-02A/cm2 ğ›’:2.0500e+00ğ›€ cm
2023-04-13 15:20:32,542 INFO Measurement at current 0.0021984924623115578
2023-04-13 15:20:33,167 INFO T:202.71Â°K V:6.3901e-03V I:2.1985e-03A R:2.9066e+00ğ›€ E:1.9723e-01V/cm J:9.6214e-02A/cm2 ğ›’:2.0499e+00ğ›€ cm
2023-04-13 15:20:33,191 INFO Measurement at current 0.0022160804020100503
2023-04-13 15:20:33,803 INFO T:202.70Â°K V:6.4415e-03V I:2.2161e-03A R:2.9067e+00ğ›€ E:1.9881e-01V/cm J:9.6984e-02A/cm2 ğ›’:2.0499e+00ğ›€ cm
2023-04-13 15:20:33,819 INFO Measurement at current 0.002233668341708543
2023-04-13 15:20:34,412 INFO T:202.69Â°K V:6.4929e-03V I:2.2337e-03A R:2.9068e+00ğ›€ E:2.0040e-01V/cm J:9.7754e-02A/cm2 ğ›’:2.0500e+00ğ›€ cm
2023-04-13 15:20:34,428 INFO Measurement at current 0.0022512562814070354
2023-04-13 15:20:35,018 INFO T:202.68Â°K V:6.5456e-03V I:2.2513e-03A R:2.9075e+00ğ›€ E:2.0202e-01V/cm J:9.8523e-02A/cm2 ğ›’:2.0505e+00ğ›€ cm
2023-04-13 15:20:35,050 INFO Measurement at current 0.002268844221105528
2023-04-13 15:20:35,642 INFO T:202.67Â°K V:6.5965e-03V I:2.2688e-03A R:2.9074e+00ğ›€ E:2.0359e-01V/cm J:9.9293e-02A/cm2 ğ›’:2.0504e+00ğ›€ cm
2023-04-13 15:20:35,658 INFO Measurement at current 0.0022864321608040204
2023-04-13 15:20:36,246 INFO T:202.66Â°K V:6.6478e-03V I:2.2864e-03A R:2.9075e+00ğ›€ E:2.0518e-01V/cm J:1.0006e-01A/cm2 ğ›’:2.0505e+00ğ›€ cm
2023-04-13 15:20:36,262 INFO Measurement at current 0.002304020100502513
2023-04-13 15:20:36,852 INFO T:202.65Â°K V:6.6992e-03V I:2.3040e-03A R:2.9076e+00ğ›€ E:2.0676e-01V/cm J:1.0083e-01A/cm2 ğ›’:2.0506e+00ğ›€ cm
2023-04-13 15:20:36,868 INFO Measurement at current 0.002321608040201005
2023-04-13 15:20:37,461 INFO T:202.64Â°K V:6.7505e-03V I:2.3216e-03A R:2.9077e+00ğ›€ E:2.0835e-01V/cm J:1.0160e-01A/cm2 ğ›’:2.0506e+00ğ›€ cm
2023-04-13 15:20:37,477 INFO Measurement at current 0.0023391959798994976
2023-04-13 15:20:38,073 INFO T:202.63Â°K V:6.8018e-03V I:2.3392e-03A R:2.9077e+00ğ›€ E:2.0993e-01V/cm J:1.0237e-01A/cm2 ğ›’:2.0507e+00ğ›€ cm
2023-04-13 15:20:38,088 INFO Measurement at current 0.00235678391959799
2023-04-13 15:20:38,675 INFO T:202.62Â°K V:6.8541e-03V I:2.3568e-03A R:2.9082e+00ğ›€ E:2.1155e-01V/cm J:1.0314e-01A/cm2 ğ›’:2.0510e+00ğ›€ cm
2023-04-13 15:20:38,694 INFO Measurement at current 0.0023743718592964826
2023-04-13 15:20:39,290 INFO T:202.61Â°K V:6.9055e-03V I:2.3744e-03A R:2.9083e+00ğ›€ E:2.1313e-01V/cm J:1.0391e-01A/cm2 ğ›’:2.0511e+00ğ›€ cm
2023-04-13 15:20:39,308 INFO Measurement at current 0.002391959798994975
2023-04-13 15:20:39,914 INFO T:202.60Â°K V:6.9569e-03V I:2.3920e-03A R:2.9085e+00ğ›€ E:2.1472e-01V/cm J:1.0468e-01A/cm2 ğ›’:2.0512e+00ğ›€ cm
2023-04-13 15:20:39,933 INFO Measurement at current 0.0024095477386934677
2023-04-13 15:20:40,524 INFO T:202.60Â°K V:7.0083e-03V I:2.4095e-03A R:2.9086e+00ğ›€ E:2.1631e-01V/cm J:1.0545e-01A/cm2 ğ›’:2.0512e+00ğ›€ cm
2023-04-13 15:20:40,541 INFO Measurement at current 0.00242713567839196
2023-04-13 15:20:41,135 INFO T:202.59Â°K V:7.0592e-03V I:2.4271e-03A R:2.9084e+00ğ›€ E:2.1788e-01V/cm J:1.0622e-01A/cm2 ğ›’:2.0512e+00ğ›€ cm
2023-04-13 15:20:41,155 INFO Measurement at current 0.0024447236180904523
2023-04-13 15:20:41,748 INFO T:202.58Â°K V:7.1106e-03V I:2.4447e-03A R:2.9086e+00ğ›€ E:2.1946e-01V/cm J:1.0699e-01A/cm2 ğ›’:2.0513e+00ğ›€ cm
2023-04-13 15:20:41,770 INFO Measurement at current 0.002462311557788945
2023-04-13 15:20:42,363 INFO T:202.57Â°K V:7.1634e-03V I:2.4623e-03A R:2.9092e+00ğ›€ E:2.2109e-01V/cm J:1.0776e-01A/cm2 ğ›’:2.0517e+00ğ›€ cm
2023-04-13 15:20:42,392 INFO Measurement at current 0.0024798994974874373
2023-04-13 15:20:42,998 INFO T:202.56Â°K V:7.2149e-03V I:2.4799e-03A R:2.9093e+00ğ›€ E:2.2268e-01V/cm J:1.0853e-01A/cm2 ğ›’:2.0518e+00ğ›€ cm
2023-04-13 15:20:43,058 INFO Measurement at current 0.00249748743718593
2023-04-13 15:20:43,649 INFO T:202.55Â°K V:7.2658e-03V I:2.4975e-03A R:2.9093e+00ğ›€ E:2.2425e-01V/cm J:1.0930e-01A/cm2 ğ›’:2.0517e+00ğ›€ cm
2023-04-13 15:20:43,665 INFO Measurement at current 0.0025150753768844224
2023-04-13 15:20:44,261 INFO T:202.54Â°K V:7.3172e-03V I:2.5151e-03A R:2.9093e+00ğ›€ E:2.2584e-01V/cm J:1.1007e-01A/cm2 ğ›’:2.0518e+00ğ›€ cm
2023-04-13 15:20:44,276 INFO Measurement at current 0.002532663316582915
2023-04-13 15:20:44,880 INFO T:202.53Â°K V:7.3686e-03V I:2.5327e-03A R:2.9094e+00ğ›€ E:2.2743e-01V/cm J:1.1084e-01A/cm2 ğ›’:2.0519e+00ğ›€ cm
2023-04-13 15:20:44,898 INFO Measurement at current 0.002550251256281407
2023-04-13 15:20:45,497 INFO T:202.52Â°K V:7.4215e-03V I:2.5503e-03A R:2.9101e+00ğ›€ E:2.2906e-01V/cm J:1.1161e-01A/cm2 ğ›’:2.0523e+00ğ›€ cm
2023-04-13 15:20:45,513 INFO Measurement at current 0.0025678391959798996
2023-04-13 15:20:46,107 INFO T:202.51Â°K V:7.4724e-03V I:2.5678e-03A R:2.9100e+00ğ›€ E:2.3063e-01V/cm J:1.1238e-01A/cm2 ğ›’:2.0523e+00ğ›€ cm
2023-04-13 15:20:46,125 INFO Measurement at current 0.002585427135678392
2023-04-13 15:20:46,716 INFO T:202.50Â°K V:7.5238e-03V I:2.5854e-03A R:2.9101e+00ğ›€ E:2.3222e-01V/cm J:1.1315e-01A/cm2 ğ›’:2.0523e+00ğ›€ cm
2023-04-13 15:20:46,733 INFO Measurement at current 0.0026030150753768846
2023-04-13 15:20:47,328 INFO T:202.49Â°K V:7.5752e-03V I:2.6030e-03A R:2.9102e+00ğ›€ E:2.3380e-01V/cm J:1.1392e-01A/cm2 ğ›’:2.0524e+00ğ›€ cm
2023-04-13 15:20:47,354 INFO Measurement at current 0.002620603015075377
2023-04-13 15:20:47,947 INFO T:202.48Â°K V:7.6267e-03V I:2.6206e-03A R:2.9103e+00ğ›€ E:2.3539e-01V/cm J:1.1469e-01A/cm2 ğ›’:2.0525e+00ğ›€ cm
2023-04-13 15:20:47,964 INFO Measurement at current 0.0026381909547738697
2023-04-13 15:20:48,551 INFO T:202.47Â°K V:7.6777e-03V I:2.6382e-03A R:2.9102e+00ğ›€ E:2.3696e-01V/cm J:1.1546e-01A/cm2 ğ›’:2.0524e+00ğ›€ cm
2023-04-13 15:20:48,570 INFO Measurement at current 0.002655778894472362
2023-04-13 15:20:49,167 INFO T:202.47Â°K V:7.7305e-03V I:2.6558e-03A R:2.9108e+00ğ›€ E:2.3860e-01V/cm J:1.1623e-01A/cm2 ğ›’:2.0529e+00ğ›€ cm
2023-04-13 15:20:49,188 INFO Measurement at current 0.0026733668341708543
2023-04-13 15:20:49,785 INFO T:202.46Â°K V:7.7820e-03V I:2.6734e-03A R:2.9109e+00ğ›€ E:2.4018e-01V/cm J:1.1700e-01A/cm2 ğ›’:2.0529e+00ğ›€ cm
2023-04-13 15:20:49,801 INFO Measurement at current 0.002690954773869347
2023-04-13 15:20:50,399 INFO T:202.45Â°K V:7.8335e-03V I:2.6910e-03A R:2.9111e+00ğ›€ E:2.4178e-01V/cm J:1.1777e-01A/cm2 ğ›’:2.0530e+00ğ›€ cm
2023-04-13 15:20:50,416 INFO Measurement at current 0.0027085427135678393
2023-04-13 15:20:51,026 INFO T:202.44Â°K V:7.8846e-03V I:2.7085e-03A R:2.9110e+00ğ›€ E:2.4335e-01V/cm J:1.1854e-01A/cm2 ğ›’:2.0530e+00ğ›€ cm
2023-04-13 15:20:51,052 INFO Measurement at current 0.002726130653266332
2023-04-13 15:20:51,670 INFO T:202.43Â°K V:7.9362e-03V I:2.7261e-03A R:2.9112e+00ğ›€ E:2.4495e-01V/cm J:1.1931e-01A/cm2 ğ›’:2.0531e+00ğ›€ cm
2023-04-13 15:20:51,706 INFO Measurement at current 0.0027437185929648244
2023-04-13 15:20:52,311 INFO T:202.42Â°K V:7.9879e-03V I:2.7437e-03A R:2.9113e+00ğ›€ E:2.4654e-01V/cm J:1.2008e-01A/cm2 ğ›’:2.0532e+00ğ›€ cm
2023-04-13 15:20:52,334 INFO Measurement at current 0.002761306532663317
2023-04-13 15:20:52,927 INFO T:202.41Â°K V:8.0409e-03V I:2.7613e-03A R:2.9120e+00ğ›€ E:2.4818e-01V/cm J:1.2084e-01A/cm2 ğ›’:2.0537e+00ğ›€ cm
2023-04-13 15:20:52,946 INFO Measurement at current 0.0027788944723618095
2023-04-13 15:20:53,539 INFO T:202.40Â°K V:8.0920e-03V I:2.7789e-03A R:2.9119e+00ğ›€ E:2.4975e-01V/cm J:1.2161e-01A/cm2 ğ›’:2.0536e+00ğ›€ cm
2023-04-13 15:20:53,563 INFO Measurement at current 0.0027964824120603016
2023-04-13 15:20:54,173 INFO T:202.39Â°K V:8.1435e-03V I:2.7965e-03A R:2.9121e+00ğ›€ E:2.5134e-01V/cm J:1.2238e-01A/cm2 ğ›’:2.0537e+00ğ›€ cm
2023-04-13 15:20:54,193 INFO Measurement at current 0.002814070351758794
2023-04-13 15:20:54,787 INFO T:202.38Â°K V:8.1952e-03V I:2.8141e-03A R:2.9122e+00ğ›€ E:2.5294e-01V/cm J:1.2315e-01A/cm2 ğ›’:2.0538e+00ğ›€ cm
2023-04-13 15:20:54,810 INFO Measurement at current 0.0028316582914572866
2023-04-13 15:20:55,411 INFO T:202.38Â°K V:8.2468e-03V I:2.8317e-03A R:2.9124e+00ğ›€ E:2.5453e-01V/cm J:1.2392e-01A/cm2 ğ›’:2.0539e+00ğ›€ cm
2023-04-13 15:20:55,430 INFO Measurement at current 0.002849246231155779
2023-04-13 15:20:56,024 INFO T:202.36Â°K V:8.2978e-03V I:2.8492e-03A R:2.9123e+00ğ›€ E:2.5611e-01V/cm J:1.2469e-01A/cm2 ğ›’:2.0539e+00ğ›€ cm
2023-04-13 15:20:56,046 INFO Measurement at current 0.0028668341708542717
2023-04-13 15:20:56,647 INFO T:202.35Â°K V:8.3509e-03V I:2.8668e-03A R:2.9129e+00ğ›€ E:2.5774e-01V/cm J:1.2546e-01A/cm2 ğ›’:2.0543e+00ğ›€ cm
2023-04-13 15:20:56,665 INFO Measurement at current 0.002884422110552764
2023-04-13 15:20:57,258 INFO T:202.35Â°K V:8.4025e-03V I:2.8844e-03A R:2.9131e+00ğ›€ E:2.5934e-01V/cm J:1.2623e-01A/cm2 ğ›’:2.0544e+00ğ›€ cm
2023-04-13 15:20:57,275 INFO Measurement at current 0.0029020100502512567
2023-04-13 15:20:57,868 INFO T:202.34Â°K V:8.4541e-03V I:2.9020e-03A R:2.9132e+00ğ›€ E:2.6093e-01V/cm J:1.2700e-01A/cm2 ğ›’:2.0545e+00ğ›€ cm
2023-04-13 15:20:57,891 INFO Measurement at current 0.002919597989949749
2023-04-13 15:20:58,501 INFO T:202.33Â°K V:8.5058e-03V I:2.9196e-03A R:2.9133e+00ğ›€ E:2.6252e-01V/cm J:1.2777e-01A/cm2 ğ›’:2.0546e+00ğ›€ cm
2023-04-13 15:20:58,528 INFO Measurement at current 0.0029371859296482413
2023-04-13 15:20:59,127 INFO T:202.32Â°K V:8.5569e-03V I:2.9372e-03A R:2.9133e+00ğ›€ E:2.6410e-01V/cm J:1.2854e-01A/cm2 ğ›’:2.0546e+00ğ›€ cm
2023-04-13 15:20:59,155 INFO Measurement at current 0.002954773869346734
2023-04-13 15:20:59,758 INFO T:202.31Â°K V:8.6100e-03V I:2.9548e-03A R:2.9139e+00ğ›€ E:2.6574e-01V/cm J:1.2931e-01A/cm2 ğ›’:2.0550e+00ğ›€ cm
2023-04-13 15:20:59,795 INFO Measurement at current 0.0029723618090452264
2023-04-13 15:21:00,400 INFO T:202.30Â°K V:8.6616e-03V I:2.9724e-03A R:2.9141e+00ğ›€ E:2.6733e-01V/cm J:1.3008e-01A/cm2 ğ›’:2.0551e+00ğ›€ cm
2023-04-13 15:21:00,424 INFO Measurement at current 0.002989949748743719
2023-04-13 15:21:01,024 INFO T:202.29Â°K V:8.7132e-03V I:2.9899e-03A R:2.9142e+00ğ›€ E:2.6893e-01V/cm J:1.3085e-01A/cm2 ğ›’:2.0552e+00ğ›€ cm
2023-04-13 15:21:01,059 INFO Measurement at current 0.0030075376884422115
2023-04-13 15:21:01,668 INFO T:202.28Â°K V:8.7644e-03V I:3.0075e-03A R:2.9142e+00ğ›€ E:2.7051e-01V/cm J:1.3162e-01A/cm2 ğ›’:2.0552e+00ğ›€ cm
2023-04-13 15:21:01,688 INFO Measurement at current 0.0030251256281407036
2023-04-13 15:21:02,289 INFO T:202.27Â°K V:8.8160e-03V I:3.0251e-03A R:2.9143e+00ğ›€ E:2.7210e-01V/cm J:1.3239e-01A/cm2 ğ›’:2.0553e+00ğ›€ cm
2023-04-13 15:21:02,327 INFO Measurement at current 0.003042713567839196
2023-04-13 15:21:02,939 INFO T:202.26Â°K V:8.8677e-03V I:3.0427e-03A R:2.9144e+00ğ›€ E:2.7369e-01V/cm J:1.3316e-01A/cm2 ğ›’:2.0554e+00ğ›€ cm
2023-04-13 15:21:02,970 INFO Measurement at current 0.0030603015075376886
2023-04-13 15:21:03,570 INFO T:202.25Â°K V:8.9208e-03V I:3.0603e-03A R:2.9150e+00ğ›€ E:2.7533e-01V/cm J:1.3393e-01A/cm2 ğ›’:2.0558e+00ğ›€ cm
2023-04-13 15:21:03,599 INFO Measurement at current 0.003077889447236181
2023-04-13 15:21:04,193 INFO T:202.24Â°K V:8.9720e-03V I:3.0779e-03A R:2.9150e+00ğ›€ E:2.7691e-01V/cm J:1.3470e-01A/cm2 ğ›’:2.0558e+00ğ›€ cm
2023-04-13 15:21:04,209 INFO Measurement at current 0.0030954773869346737
2023-04-13 15:21:04,826 INFO T:202.23Â°K V:9.0236e-03V I:3.0955e-03A R:2.9151e+00ğ›€ E:2.7851e-01V/cm J:1.3547e-01A/cm2 ğ›’:2.0559e+00ğ›€ cm
2023-04-13 15:21:04,842 INFO Measurement at current 0.003113065326633166
2023-04-13 15:21:05,431 INFO T:202.22Â°K V:9.0753e-03V I:3.1131e-03A R:2.9152e+00ğ›€ E:2.8010e-01V/cm J:1.3624e-01A/cm2 ğ›’:2.0560e+00ğ›€ cm
2023-04-13 15:21:05,447 INFO Measurement at current 0.0031306532663316587
2023-04-13 15:21:06,072 INFO T:202.22Â°K V:9.1270e-03V I:3.1307e-03A R:2.9154e+00ğ›€ E:2.8170e-01V/cm J:1.3701e-01A/cm2 ğ›’:2.0561e+00ğ›€ cm
2023-04-13 15:21:06,109 INFO Measurement at current 0.003148241206030151
2023-04-13 15:21:06,711 INFO T:202.21Â°K V:9.1782e-03V I:3.1482e-03A R:2.9153e+00ğ›€ E:2.8328e-01V/cm J:1.3778e-01A/cm2 ğ›’:2.0560e+00ğ›€ cm
2023-04-13 15:21:06,726 INFO Measurement at current 0.0031658291457286433
2023-04-13 15:21:07,315 INFO T:202.20Â°K V:9.2314e-03V I:3.1658e-03A R:2.9159e+00ğ›€ E:2.8492e-01V/cm J:1.3855e-01A/cm2 ğ›’:2.0565e+00ğ›€ cm
2023-04-13 15:21:07,339 INFO Measurement at current 0.003183417085427136
2023-04-13 15:21:07,927 INFO T:202.19Â°K V:9.2830e-03V I:3.1834e-03A R:2.9161e+00ğ›€ E:2.8651e-01V/cm J:1.3932e-01A/cm2 ğ›’:2.0565e+00ğ›€ cm
2023-04-13 15:21:07,943 INFO Measurement at current 0.0032010050251256284
2023-04-13 15:21:08,534 INFO T:202.18Â°K V:9.3347e-03V I:3.2010e-03A R:2.9162e+00ğ›€ E:2.8811e-01V/cm J:1.4009e-01A/cm2 ğ›’:2.0566e+00ğ›€ cm
2023-04-13 15:21:08,551 INFO Measurement at current 0.003218592964824121
2023-04-13 15:21:09,140 INFO T:202.17Â°K V:9.3858e-03V I:3.2186e-03A R:2.9161e+00ğ›€ E:2.8969e-01V/cm J:1.4086e-01A/cm2 ğ›’:2.0566e+00ğ›€ cm
2023-04-13 15:21:09,156 INFO Measurement at current 0.0032361809045226135
2023-04-13 15:21:09,761 INFO T:202.16Â°K V:9.4375e-03V I:3.2362e-03A R:2.9163e+00ğ›€ E:2.9128e-01V/cm J:1.4163e-01A/cm2 ğ›’:2.0567e+00ğ›€ cm
2023-04-13 15:21:09,801 INFO Measurement at current 0.003253768844221106
2023-04-13 15:21:10,405 INFO T:202.15Â°K V:9.4908e-03V I:3.2538e-03A R:2.9169e+00ğ›€ E:2.9292e-01V/cm J:1.4240e-01A/cm2 ğ›’:2.0571e+00ğ›€ cm
2023-04-13 15:21:10,428 INFO Measurement at current 0.003271356783919598
2023-04-13 15:21:11,029 INFO T:202.14Â°K V:9.5425e-03V I:3.2714e-03A R:2.9170e+00ğ›€ E:2.9452e-01V/cm J:1.4317e-01A/cm2 ğ›’:2.0572e+00ğ›€ cm
2023-04-13 15:21:11,083 INFO Measurement at current 0.0032889447236180906
2023-04-13 15:21:11,676 INFO T:202.13Â°K V:9.5937e-03V I:3.2889e-03A R:2.9170e+00ğ›€ E:2.9610e-01V/cm J:1.4394e-01A/cm2 ğ›’:2.0572e+00ğ›€ cm
2023-04-13 15:21:11,691 INFO Measurement at current 0.003306532663316583
2023-04-13 15:21:12,283 INFO T:202.12Â°K V:9.6454e-03V I:3.3065e-03A R:2.9171e+00ğ›€ E:2.9770e-01V/cm J:1.4471e-01A/cm2 ğ›’:2.0573e+00ğ›€ cm
2023-04-13 15:21:12,299 INFO Measurement at current 0.0033241206030150757
2023-04-13 15:21:12,894 INFO T:202.11Â°K V:9.6971e-03V I:3.3241e-03A R:2.9172e+00ğ›€ E:2.9929e-01V/cm J:1.4548e-01A/cm2 ğ›’:2.0574e+00ğ›€ cm
2023-04-13 15:21:12,910 INFO Measurement at current 0.003341708542713568
2023-04-13 15:21:13,503 INFO T:202.11Â°K V:9.7489e-03V I:3.3417e-03A R:2.9173e+00ğ›€ E:3.0089e-01V/cm J:1.4625e-01A/cm2 ğ›’:2.0574e+00ğ›€ cm
2023-04-13 15:21:13,516 INFO Measurement at current 0.0033592964824120607
2023-04-13 15:21:14,113 INFO T:202.10Â°K V:9.8016e-03V I:3.3593e-03A R:2.9178e+00ğ›€ E:3.0252e-01V/cm J:1.4702e-01A/cm2 ğ›’:2.0577e+00ğ›€ cm
2023-04-13 15:21:14,148 INFO Measurement at current 0.0033768844221105532
2023-04-13 15:21:14,757 INFO T:202.09Â°K V:9.8533e-03V I:3.3769e-03A R:2.9179e+00ğ›€ E:3.0412e-01V/cm J:1.4778e-01A/cm2 ğ›’:2.0578e+00ğ›€ cm
2023-04-13 15:21:14,782 INFO Measurement at current 0.0033944723618090453
2023-04-13 15:21:15,379 INFO T:202.08Â°K V:9.9050e-03V I:3.3945e-03A R:2.9180e+00ğ›€ E:3.0571e-01V/cm J:1.4855e-01A/cm2 ğ›’:2.0579e+00ğ›€ cm
2023-04-13 15:21:15,401 INFO Measurement at current 0.003412060301507538
2023-04-13 15:21:15,995 INFO T:202.07Â°K V:9.9567e-03V I:3.4121e-03A R:2.9181e+00ğ›€ E:3.0731e-01V/cm J:1.4932e-01A/cm2 ğ›’:2.0580e+00ğ›€ cm
2023-04-13 15:21:16,016 INFO Measurement at current 0.0034296482412060304
2023-04-13 15:21:16,632 INFO T:202.06Â°K V:1.0008e-02V I:3.4296e-03A R:2.9182e+00ğ›€ E:3.0890e-01V/cm J:1.5009e-01A/cm2 ğ›’:2.0581e+00ğ›€ cm
2023-04-13 15:21:16,656 INFO Measurement at current 0.003447236180904523
2023-04-13 15:21:17,264 INFO T:202.05Â°K V:1.0060e-02V I:3.4472e-03A R:2.9182e+00ğ›€ E:3.1048e-01V/cm J:1.5086e-01A/cm2 ğ›’:2.0580e+00ğ›€ cm
2023-04-13 15:21:17,289 INFO Measurement at current 0.0034648241206030155
2023-04-13 15:21:17,891 INFO T:202.04Â°K V:1.0113e-02V I:3.4648e-03A R:2.9187e+00ğ›€ E:3.1212e-01V/cm J:1.5163e-01A/cm2 ğ›’:2.0584e+00ğ›€ cm
2023-04-13 15:21:17,906 INFO Measurement at current 0.003482412060301508
2023-04-13 15:21:18,573 INFO T:202.03Â°K V:1.0165e-02V I:3.4824e-03A R:2.9188e+00ğ›€ E:3.1372e-01V/cm J:1.5240e-01A/cm2 ğ›’:2.0585e+00ğ›€ cm
2023-04-13 15:21:18,605 INFO Measurement at current 0.0035
2023-04-13 15:21:19,201 INFO T:202.02Â°K V:1.0216e-02V I:3.5000e-03A R:2.9189e+00ğ›€ E:3.1532e-01V/cm J:1.5317e-01A/cm2 ğ›’:2.0586e+00ğ›€ cm
2023-04-13 15:21:35,355 INFO Save the description file
2023-04-13 15:21:35,361 INFO Save data in numpy format Esperimenti/CPRO_MUSA_130423_I_V/CPRO_MUSA_130423_I_V_current_from_0_to_35e-4A/CPRO_MUSA_130423_I_V_current_from_0_to_35e-4A-20230413152133
2023-04-13 15:21:35,374 INFO Save data in CSV format Esperimenti/CPRO_MUSA_130423_I_V/CPRO_MUSA_130423_I_V_current_from_0_to_35e-4A/CPRO_MUSA_130423_I_V_current_from_0_to_35e-4A-20230413152133.csv
2023-04-13 15:21:35,405 INFO Save plot as image Esperimenti/CPRO_MUSA_130423_I_V/CPRO_MUSA_130423_I_V_current_from_0_to_35e-4A/CPRO_MUSA_130423_I_V_current_from_0_to_35e-4A-20230413152133.png
