2023-04-13 16:26:49,523 INFO ### Start experiment: CPRO_MUSA_130423_I_V current from 0 to 35e-4A ###
2023-04-13 16:26:50,871 INFO Found Multimeter KEITHLEY INSTRUMENTS INC.,MODEL 2700,0884890,B03  /A02  

2023-04-13 16:26:51,910 INFO Found Nanovolt Meter KEITHLEY INSTRUMENTS INC.,MODEL 2182A,4056474,C03  /A02  

2023-04-13 16:26:52,025 INFO Found Source Meter KEITHLEY INSTRUMENTS INC.,MODEL 2400,0945684,C24   Feb 14 2002 11:59:45/A02  /K/H

2023-04-13 16:26:52,151 INFO Start the measurement loop
2023-04-13 16:27:23,317 INFO Measurement at current 0.0
2023-04-13 16:27:24,241 INFO T:154.16Â°K V:-1.6580e-05V I:0.0000e+00A R:-infğ›€ E:-5.1173e-04V/cm J:0.0000e+00A/cm2 ğ›’:-infğ›€ cm
2023-04-13 16:27:24,262 INFO Measurement at current 1.7587939698492464e-05
2023-04-13 16:27:24,871 INFO T:154.15Â°K V:1.4980e-04V I:1.7588e-05A R:8.5174e+00ğ›€ E:4.6236e-03V/cm J:7.6971e-04A/cm2 ğ›’:6.0069e+00ğ›€ cm
2023-04-13 16:27:24,891 INFO Measurement at current 3.517587939698493e-05
2023-04-13 16:27:25,486 INFO T:154.13Â°K V:3.1635e-04V I:3.5176e-05A R:8.9935e+00ğ›€ E:9.7640e-03V/cm J:1.5394e-03A/cm2 ğ›’:6.3426e+00ğ›€ cm
2023-04-13 16:27:25,509 INFO Measurement at current 5.2763819095477394e-05
2023-04-13 16:27:26,101 INFO T:154.12Â°K V:4.8311e-04V I:5.2764e-05A R:9.1561e+00ğ›€ E:1.4911e-02V/cm J:2.3091e-03A/cm2 ğ›’:6.4573e+00ğ›€ cm
2023-04-13 16:27:26,124 INFO Measurement at current 7.035175879396985e-05
2023-04-13 16:27:26,726 INFO T:154.11Â°K V:6.5003e-04V I:7.0352e-05A R:9.2397e+00ğ›€ E:2.0063e-02V/cm J:3.0789e-03A/cm2 ğ›’:6.5163e+00ğ›€ cm
2023-04-13 16:27:26,765 INFO Measurement at current 8.793969849246232e-05
2023-04-13 16:27:27,368 INFO T:154.10Â°K V:8.1716e-04V I:8.7940e-05A R:9.2923e+00ğ›€ E:2.5221e-02V/cm J:3.8486e-03A/cm2 ğ›’:6.5534e+00ğ›€ cm
2023-04-13 16:27:27,389 INFO Measurement at current 0.00010552763819095479
2023-04-13 16:27:27,980 INFO T:154.09Â°K V:9.8483e-04V I:1.0553e-04A R:9.3324e+00ğ›€ E:3.0396e-02V/cm J:4.6183e-03A/cm2 ğ›’:6.5817e+00ğ›€ cm
2023-04-13 16:27:28,006 INFO Measurement at current 0.00012311557788944724
2023-04-13 16:27:28,608 INFO T:154.08Â°K V:1.1517e-03V I:1.2312e-04A R:9.3547e+00ğ›€ E:3.5546e-02V/cm J:5.3880e-03A/cm2 ğ›’:6.5973e+00ğ›€ cm
2023-04-13 16:27:28,633 INFO Measurement at current 0.0001407035175879397
2023-04-13 16:27:29,245 INFO T:154.06Â°K V:1.3195e-03V I:1.4070e-04A R:9.3776e+00ğ›€ E:4.0724e-02V/cm J:6.1577e-03A/cm2 ğ›’:6.6135e+00ğ›€ cm
2023-04-13 16:27:29,272 INFO Measurement at current 0.00015829145728643218
2023-04-13 16:27:29,873 INFO T:154.05Â°K V:1.4875e-03V I:1.5829e-04A R:9.3973e+00ğ›€ E:4.5911e-02V/cm J:6.9274e-03A/cm2 ğ›’:6.6274e+00ğ›€ cm
2023-04-13 16:27:29,898 INFO Measurement at current 0.00017587939698492463
2023-04-13 16:27:30,488 INFO T:154.04Â°K V:1.6557e-03V I:1.7588e-04A R:9.4140e+00ğ›€ E:5.1103e-02V/cm J:7.6971e-03A/cm2 ğ›’:6.6392e+00ğ›€ cm
2023-04-13 16:27:30,503 INFO Measurement at current 0.0001934673366834171
2023-04-13 16:27:31,096 INFO T:154.03Â°K V:1.8237e-03V I:1.9347e-04A R:9.4263e+00ğ›€ E:5.6286e-02V/cm J:8.4668e-03A/cm2 ğ›’:6.6479e+00ğ›€ cm
2023-04-13 16:27:31,119 INFO Measurement at current 0.00021105527638190958
2023-04-13 16:27:31,722 INFO T:154.02Â°K V:1.9921e-03V I:2.1106e-04A R:9.4388e+00ğ›€ E:6.1485e-02V/cm J:9.2366e-03A/cm2 ğ›’:6.6567e+00ğ›€ cm
2023-04-13 16:27:31,750 INFO Measurement at current 0.00022864321608040202
2023-04-13 16:27:32,353 INFO T:154.01Â°K V:2.1607e-03V I:2.2864e-04A R:9.4502e+00ğ›€ E:6.6689e-02V/cm J:1.0006e-02A/cm2 ğ›’:6.6647e+00ğ›€ cm
2023-04-13 16:27:32,372 INFO Measurement at current 0.00024623115577889447
2023-04-13 16:27:32,968 INFO T:154.00Â°K V:2.3296e-03V I:2.4623e-04A R:9.4612e+00ğ›€ E:7.1902e-02V/cm J:1.0776e-02A/cm2 ğ›’:6.6724e+00ğ›€ cm
2023-04-13 16:27:32,995 INFO Measurement at current 0.00026381909547738695
2023-04-13 16:27:33,586 INFO T:153.98Â°K V:2.4981e-03V I:2.6382e-04A R:9.4688e+00ğ›€ E:7.7100e-02V/cm J:1.1546e-02A/cm2 ğ›’:6.6778e+00ğ›€ cm
2023-04-13 16:27:33,611 INFO Measurement at current 0.0002814070351758794
2023-04-13 16:27:34,209 INFO T:153.97Â°K V:2.6674e-03V I:2.8141e-04A R:9.4788e+00ğ›€ E:8.2327e-02V/cm J:1.2315e-02A/cm2 ğ›’:6.6849e+00ğ›€ cm
2023-04-13 16:27:34,226 INFO Measurement at current 0.0002989949748743719
2023-04-13 16:27:34,822 INFO T:153.96Â°K V:2.8369e-03V I:2.9899e-04A R:9.4880e+00ğ›€ E:8.7558e-02V/cm J:1.3085e-02A/cm2 ğ›’:6.6914e+00ğ›€ cm
2023-04-13 16:27:34,844 INFO Measurement at current 0.00031658291457286437
2023-04-13 16:27:35,447 INFO T:153.95Â°K V:3.0065e-03V I:3.1658e-04A R:9.4968e+00ğ›€ E:9.2794e-02V/cm J:1.3855e-02A/cm2 ğ›’:6.6976e+00ğ›€ cm
2023-04-13 16:27:35,466 INFO Measurement at current 0.0003341708542713568
2023-04-13 16:27:36,072 INFO T:153.94Â°K V:3.1759e-03V I:3.3417e-04A R:9.5038e+00ğ›€ E:9.8022e-02V/cm J:1.4625e-02A/cm2 ğ›’:6.7025e+00ğ›€ cm
2023-04-13 16:27:36,098 INFO Measurement at current 0.00035175879396984926
2023-04-13 16:27:36,698 INFO T:153.93Â°K V:3.3458e-03V I:3.5176e-04A R:9.5117e+00ğ›€ E:1.0327e-01V/cm J:1.5394e-02A/cm2 ğ›’:6.7081e+00ğ›€ cm
2023-04-13 16:27:36,716 INFO Measurement at current 0.00036934673366834173
2023-04-13 16:27:37,314 INFO T:153.91Â°K V:3.5159e-03V I:3.6935e-04A R:9.5192e+00ğ›€ E:1.0851e-01V/cm J:1.6164e-02A/cm2 ğ›’:6.7134e+00ğ›€ cm
2023-04-13 16:27:37,339 INFO Measurement at current 0.0003869346733668342
2023-04-13 16:27:37,951 INFO T:153.90Â°K V:3.6862e-03V I:3.8693e-04A R:9.5266e+00ğ›€ E:1.1377e-01V/cm J:1.6934e-02A/cm2 ğ›’:6.7186e+00ğ›€ cm
2023-04-13 16:27:37,974 INFO Measurement at current 0.0004045226130653267
2023-04-13 16:27:38,572 INFO T:153.89Â°K V:3.8562e-03V I:4.0452e-04A R:9.5327e+00ğ›€ E:1.1902e-01V/cm J:1.7703e-02A/cm2 ğ›’:6.7229e+00ğ›€ cm
2023-04-13 16:27:38,591 INFO Measurement at current 0.00042211055276381916
2023-04-13 16:27:39,195 INFO T:153.88Â°K V:4.0270e-03V I:4.2211e-04A R:9.5402e+00ğ›€ E:1.2429e-01V/cm J:1.8473e-02A/cm2 ğ›’:6.7282e+00ğ›€ cm
2023-04-13 16:27:39,210 INFO Measurement at current 0.0004396984924623116
2023-04-13 16:27:39,806 INFO T:153.87Â°K V:4.1980e-03V I:4.3970e-04A R:9.5475e+00ğ›€ E:1.2957e-01V/cm J:1.9243e-02A/cm2 ğ›’:6.7334e+00ğ›€ cm
2023-04-13 16:27:39,828 INFO Measurement at current 0.00045728643216080405
2023-04-13 16:27:40,430 INFO T:153.86Â°K V:4.3692e-03V I:4.5729e-04A R:9.5547e+00ğ›€ E:1.3485e-01V/cm J:2.0013e-02A/cm2 ğ›’:6.7384e+00ğ›€ cm
2023-04-13 16:27:40,467 INFO Measurement at current 0.0004748743718592965
2023-04-13 16:27:41,072 INFO T:153.85Â°K V:4.5403e-03V I:4.7487e-04A R:9.5610e+00ğ›€ E:1.4013e-01V/cm J:2.0782e-02A/cm2 ğ›’:6.7429e+00ğ›€ cm
2023-04-13 16:27:41,092 INFO Measurement at current 0.0004924623115577889
2023-04-13 16:27:41,714 INFO T:153.83Â°K V:4.7116e-03V I:4.9246e-04A R:9.5674e+00ğ›€ E:1.4542e-01V/cm J:2.1552e-02A/cm2 ğ›’:6.7474e+00ğ›€ cm
2023-04-13 16:27:41,733 INFO Measurement at current 0.0005100502512562815
2023-04-13 16:27:42,325 INFO T:153.82Â°K V:4.8833e-03V I:5.1005e-04A R:9.5742e+00ğ›€ E:1.5072e-01V/cm J:2.2322e-02A/cm2 ğ›’:6.7522e+00ğ›€ cm
2023-04-13 16:27:42,342 INFO Measurement at current 0.0005276381909547739
2023-04-13 16:27:42,949 INFO T:153.81Â°K V:5.0550e-03V I:5.2764e-04A R:9.5805e+00ğ›€ E:1.5602e-01V/cm J:2.3091e-02A/cm2 ğ›’:6.7566e+00ğ›€ cm
2023-04-13 16:27:42,971 INFO Measurement at current 0.0005452261306532664
2023-04-13 16:27:43,574 INFO T:153.80Â°K V:5.2271e-03V I:5.4523e-04A R:9.5870e+00ğ›€ E:1.6133e-01V/cm J:2.3861e-02A/cm2 ğ›’:6.7612e+00ğ›€ cm
2023-04-13 16:27:43,597 INFO Measurement at current 0.0005628140703517588
2023-04-13 16:27:44,197 INFO T:153.79Â°K V:5.3989e-03V I:5.6281e-04A R:9.5926e+00ğ›€ E:1.6663e-01V/cm J:2.4631e-02A/cm2 ğ›’:6.7652e+00ğ›€ cm
2023-04-13 16:27:44,213 INFO Measurement at current 0.0005804020100502513
2023-04-13 16:27:44,807 INFO T:153.78Â°K V:5.5715e-03V I:5.8040e-04A R:9.5994e+00ğ›€ E:1.7196e-01V/cm J:2.5401e-02A/cm2 ğ›’:6.7699e+00ğ›€ cm
2023-04-13 16:27:44,822 INFO Measurement at current 0.0005979899497487438
2023-04-13 16:27:45,412 INFO T:153.77Â°K V:5.7442e-03V I:5.9799e-04A R:9.6059e+00ğ›€ E:1.7729e-01V/cm J:2.6170e-02A/cm2 ğ›’:6.7745e+00ğ›€ cm
2023-04-13 16:27:45,436 INFO Measurement at current 0.0006155778894472362
2023-04-13 16:27:46,047 INFO T:153.76Â°K V:5.9171e-03V I:6.1558e-04A R:9.6122e+00ğ›€ E:1.8263e-01V/cm J:2.6940e-02A/cm2 ğ›’:6.7790e+00ğ›€ cm
2023-04-13 16:27:46,069 INFO Measurement at current 0.0006331658291457287
2023-04-13 16:27:46,675 INFO T:153.74Â°K V:6.0894e-03V I:6.3317e-04A R:9.6174e+00ğ›€ E:1.8795e-01V/cm J:2.7710e-02A/cm2 ğ›’:6.7827e+00ğ›€ cm
2023-04-13 16:27:46,701 INFO Measurement at current 0.0006507537688442212
2023-04-13 16:27:47,305 INFO T:153.73Â°K V:6.2625e-03V I:6.5075e-04A R:9.6235e+00ğ›€ E:1.9329e-01V/cm J:2.8479e-02A/cm2 ğ›’:6.7870e+00ğ›€ cm
2023-04-13 16:27:47,326 INFO Measurement at current 0.0006683417085427136
2023-04-13 16:27:47,919 INFO T:153.72Â°K V:6.4359e-03V I:6.6834e-04A R:9.6297e+00ğ›€ E:1.9864e-01V/cm J:2.9249e-02A/cm2 ğ›’:6.7913e+00ğ›€ cm
2023-04-13 16:27:47,941 INFO Measurement at current 0.0006859296482412061
2023-04-13 16:27:48,551 INFO T:153.71Â°K V:6.6096e-03V I:6.8593e-04A R:9.6359e+00ğ›€ E:2.0400e-01V/cm J:3.0019e-02A/cm2 ğ›’:6.7957e+00ğ›€ cm
2023-04-13 16:27:48,585 INFO Measurement at current 0.0007035175879396985
2023-04-13 16:27:49,179 INFO T:153.70Â°K V:6.7831e-03V I:7.0352e-04A R:9.6417e+00ğ›€ E:2.0936e-01V/cm J:3.0789e-02A/cm2 ğ›’:6.7998e+00ğ›€ cm
2023-04-13 16:27:49,201 INFO Measurement at current 0.000721105527638191
2023-04-13 16:27:49,804 INFO T:153.69Â°K V:6.9571e-03V I:7.2111e-04A R:9.6479e+00ğ›€ E:2.1473e-01V/cm J:3.1558e-02A/cm2 ğ›’:6.8041e+00ğ›€ cm
2023-04-13 16:27:49,821 INFO Measurement at current 0.0007386934673366835
2023-04-13 16:27:50,413 INFO T:153.68Â°K V:7.1315e-03V I:7.3869e-04A R:9.6541e+00ğ›€ E:2.2011e-01V/cm J:3.2328e-02A/cm2 ğ›’:6.8086e+00ğ›€ cm
2023-04-13 16:27:50,429 INFO Measurement at current 0.0007562814070351759
2023-04-13 16:27:51,019 INFO T:153.67Â°K V:7.3057e-03V I:7.5628e-04A R:9.6601e+00ğ›€ E:2.2549e-01V/cm J:3.3098e-02A/cm2 ğ›’:6.8127e+00ğ›€ cm
2023-04-13 16:27:51,036 INFO Measurement at current 0.0007738693467336684
2023-04-13 16:27:51,627 INFO T:153.65Â°K V:7.4797e-03V I:7.7387e-04A R:9.6654e+00ğ›€ E:2.3086e-01V/cm J:3.3867e-02A/cm2 ğ›’:6.8165e+00ğ›€ cm
2023-04-13 16:27:51,641 INFO Measurement at current 0.0007914572864321608
2023-04-13 16:27:52,229 INFO T:153.64Â°K V:7.6542e-03V I:7.9146e-04A R:9.6710e+00ğ›€ E:2.3624e-01V/cm J:3.4637e-02A/cm2 ğ›’:6.8204e+00ğ›€ cm
2023-04-13 16:27:52,246 INFO Measurement at current 0.0008090452261306534
2023-04-13 16:27:52,851 INFO T:153.63Â°K V:7.8289e-03V I:8.0905e-04A R:9.6767e+00ğ›€ E:2.4163e-01V/cm J:3.5407e-02A/cm2 ğ›’:6.8245e+00ğ›€ cm
2023-04-13 16:27:52,867 INFO Measurement at current 0.0008266331658291458
2023-04-13 16:27:53,463 INFO T:153.62Â°K V:8.0041e-03V I:8.2663e-04A R:9.6827e+00ğ›€ E:2.4704e-01V/cm J:3.6177e-02A/cm2 ğ›’:6.8287e+00ğ›€ cm
2023-04-13 16:27:53,483 INFO Measurement at current 0.0008442211055276383
2023-04-13 16:27:54,076 INFO T:153.61Â°K V:8.1789e-03V I:8.4422e-04A R:9.6881e+00ğ›€ E:2.5243e-01V/cm J:3.6946e-02A/cm2 ğ›’:6.8325e+00ğ›€ cm
2023-04-13 16:27:54,102 INFO Measurement at current 0.0008618090452261307
2023-04-13 16:27:54,698 INFO T:153.60Â°K V:8.3544e-03V I:8.6181e-04A R:9.6940e+00ğ›€ E:2.5785e-01V/cm J:3.7716e-02A/cm2 ğ›’:6.8367e+00ğ›€ cm
2023-04-13 16:27:54,718 INFO Measurement at current 0.0008793969849246232
2023-04-13 16:27:55,324 INFO T:153.59Â°K V:8.5302e-03V I:8.7940e-04A R:9.7001e+00ğ›€ E:2.6328e-01V/cm J:3.8486e-02A/cm2 ğ›’:6.8410e+00ğ›€ cm
2023-04-13 16:27:55,346 INFO Measurement at current 0.0008969849246231157
2023-04-13 16:27:55,952 INFO T:153.57Â°K V:8.7059e-03V I:8.9698e-04A R:9.7058e+00ğ›€ E:2.6870e-01V/cm J:3.9255e-02A/cm2 ğ›’:6.8450e+00ğ›€ cm
2023-04-13 16:27:55,970 INFO Measurement at current 0.0009145728643216081
2023-04-13 16:27:56,587 INFO T:153.56Â°K V:8.8814e-03V I:9.1457e-04A R:9.7110e+00ğ›€ E:2.7412e-01V/cm J:4.0025e-02A/cm2 ğ›’:6.8486e+00ğ›€ cm
2023-04-13 16:27:56,607 INFO Measurement at current 0.0009321608040201006
2023-04-13 16:27:57,213 INFO T:153.55Â°K V:9.0578e-03V I:9.3216e-04A R:9.7170e+00ğ›€ E:2.7956e-01V/cm J:4.0795e-02A/cm2 ğ›’:6.8529e+00ğ›€ cm
2023-04-13 16:27:57,242 INFO Measurement at current 0.000949748743718593
2023-04-13 16:27:57,859 INFO T:153.54Â°K V:9.2348e-03V I:9.4975e-04A R:9.7234e+00ğ›€ E:2.8503e-01V/cm J:4.1564e-02A/cm2 ğ›’:6.8574e+00ğ›€ cm
2023-04-13 16:27:57,903 INFO Measurement at current 0.0009673366834170855
2023-04-13 16:27:58,503 INFO T:153.53Â°K V:9.4117e-03V I:9.6734e-04A R:9.7295e+00ğ›€ E:2.9048e-01V/cm J:4.2334e-02A/cm2 ğ›’:6.8617e+00ğ›€ cm
2023-04-13 16:27:58,542 INFO Measurement at current 0.0009849246231155779
2023-04-13 16:27:59,148 INFO T:153.52Â°K V:9.5882e-03V I:9.8492e-04A R:9.7350e+00ğ›€ E:2.9593e-01V/cm J:4.3104e-02A/cm2 ğ›’:6.8656e+00ğ›€ cm
2023-04-13 16:27:59,164 INFO Measurement at current 0.0010025125628140704
2023-04-13 16:27:59,753 INFO T:153.51Â°K V:9.7653e-03V I:1.0025e-03A R:9.7408e+00ğ›€ E:3.0140e-01V/cm J:4.3874e-02A/cm2 ğ›’:6.8697e+00ğ›€ cm
2023-04-13 16:27:59,768 INFO Measurement at current 0.001020100502512563
2023-04-13 16:28:00,360 INFO T:153.50Â°K V:9.9421e-03V I:1.0201e-03A R:9.7462e+00ğ›€ E:3.0685e-01V/cm J:4.4643e-02A/cm2 ğ›’:6.8734e+00ğ›€ cm
2023-04-13 16:28:00,387 INFO Measurement at current 0.0010376884422110553
2023-04-13 16:28:00,983 INFO T:153.48Â°K V:1.0119e-02V I:1.0377e-03A R:9.7519e+00ğ›€ E:3.1233e-01V/cm J:4.5413e-02A/cm2 ğ›’:6.8775e+00ğ›€ cm
2023-04-13 16:28:00,999 INFO Measurement at current 0.0010552763819095478
2023-04-13 16:28:01,595 INFO T:153.47Â°K V:1.0301e-02V I:1.0553e-03A R:9.7610e+00ğ›€ E:3.1792e-01V/cm J:4.6183e-02A/cm2 ğ›’:6.8839e+00ğ›€ cm
2023-04-13 16:28:01,618 INFO Measurement at current 0.0010728643216080403
2023-04-13 16:28:02,219 INFO T:153.46Â°K V:1.0478e-02V I:1.0729e-03A R:9.7659e+00ğ›€ E:3.2338e-01V/cm J:4.6952e-02A/cm2 ğ›’:6.8874e+00ğ›€ cm
2023-04-13 16:28:02,247 INFO Measurement at current 0.0010904522613065328
2023-04-13 16:28:02,853 INFO T:153.45Â°K V:1.0655e-02V I:1.0905e-03A R:9.7710e+00ğ›€ E:3.2885e-01V/cm J:4.7722e-02A/cm2 ğ›’:6.8910e+00ğ›€ cm
2023-04-13 16:28:02,880 INFO Measurement at current 0.0011080402010050251
2023-04-13 16:28:03,480 INFO T:153.44Â°K V:1.0831e-02V I:1.1080e-03A R:9.7747e+00ğ›€ E:3.3428e-01V/cm J:4.8492e-02A/cm2 ğ›’:6.8936e+00ğ›€ cm
2023-04-13 16:28:03,497 INFO Measurement at current 0.0011256281407035177
2023-04-13 16:28:04,114 INFO T:153.43Â°K V:1.1008e-02V I:1.1256e-03A R:9.7795e+00ğ›€ E:3.3975e-01V/cm J:4.9262e-02A/cm2 ğ›’:6.8969e+00ğ›€ cm
2023-04-13 16:28:04,136 INFO Measurement at current 0.0011432160804020102
2023-04-13 16:28:04,736 INFO T:153.42Â°K V:1.1186e-02V I:1.1432e-03A R:9.7846e+00ğ›€ E:3.4524e-01V/cm J:5.0031e-02A/cm2 ğ›’:6.9005e+00ğ›€ cm
2023-04-13 16:28:04,757 INFO Measurement at current 0.0011608040201005025
2023-04-13 16:28:05,362 INFO T:153.41Â°K V:1.1369e-02V I:1.1608e-03A R:9.7937e+00ğ›€ E:3.5088e-01V/cm J:5.0801e-02A/cm2 ğ›’:6.9070e+00ğ›€ cm
2023-04-13 16:28:05,378 INFO Measurement at current 0.001178391959798995
2023-04-13 16:28:05,967 INFO T:153.39Â°K V:1.1545e-02V I:1.1784e-03A R:9.7970e+00ğ›€ E:3.5632e-01V/cm J:5.1571e-02A/cm2 ğ›’:6.9093e+00ğ›€ cm
2023-04-13 16:28:05,989 INFO Measurement at current 0.0011959798994974876
2023-04-13 16:28:06,594 INFO T:153.38Â°K V:1.1723e-02V I:1.1960e-03A R:9.8017e+00ğ›€ E:3.6181e-01V/cm J:5.2340e-02A/cm2 ğ›’:6.9126e+00ğ›€ cm
2023-04-13 16:28:06,638 INFO Measurement at current 0.00121356783919598
2023-04-13 16:28:07,237 INFO T:153.37Â°K V:1.1901e-02V I:1.2136e-03A R:9.8069e+00ğ›€ E:3.6733e-01V/cm J:5.3110e-02A/cm2 ğ›’:6.9163e+00ğ›€ cm
2023-04-13 16:28:07,254 INFO Measurement at current 0.0012311557788944724
2023-04-13 16:28:08,685 INFO T:153.35Â°K V:1.2086e-02V I:1.2312e-03A R:9.8170e+00ğ›€ E:3.7303e-01V/cm J:5.3880e-02A/cm2 ğ›’:6.9234e+00ğ›€ cm
2023-04-13 16:28:08,702 INFO Measurement at current 0.001248743718592965
2023-04-13 16:28:09,293 INFO T:153.34Â°K V:1.2265e-02V I:1.2487e-03A R:9.8218e+00ğ›€ E:3.7855e-01V/cm J:5.4650e-02A/cm2 ğ›’:6.9268e+00ğ›€ cm
2023-04-13 16:28:09,321 INFO Measurement at current 0.0012663316582914575
2023-04-13 16:28:09,926 INFO T:153.32Â°K V:1.2449e-02V I:1.2663e-03A R:9.8308e+00ğ›€ E:3.8423e-01V/cm J:5.5419e-02A/cm2 ğ›’:6.9332e+00ğ›€ cm
2023-04-13 16:28:09,946 INFO Measurement at current 0.0012839195979899498
2023-04-13 16:28:10,533 INFO T:153.31Â°K V:1.2629e-02V I:1.2839e-03A R:9.8359e+00ğ›€ E:3.8977e-01V/cm J:5.6189e-02A/cm2 ğ›’:6.9367e+00ğ›€ cm
2023-04-13 16:28:10,558 INFO Measurement at current 0.0013015075376884423
2023-04-13 16:28:11,164 INFO T:153.30Â°K V:1.2808e-02V I:1.3015e-03A R:9.8409e+00ğ›€ E:3.9531e-01V/cm J:5.6959e-02A/cm2 ğ›’:6.9403e+00ğ›€ cm
2023-04-13 16:28:11,184 INFO Measurement at current 0.0013190954773869348
2023-04-13 16:28:11,777 INFO T:153.29Â°K V:1.2988e-02V I:1.3191e-03A R:9.8460e+00ğ›€ E:4.0086e-01V/cm J:5.7728e-02A/cm2 ğ›’:6.9438e+00ğ›€ cm
2023-04-13 16:28:11,803 INFO Measurement at current 0.0013366834170854271
2023-04-13 16:28:12,411 INFO T:153.28Â°K V:1.3166e-02V I:1.3367e-03A R:9.8500e+00ğ›€ E:4.0637e-01V/cm J:5.8498e-02A/cm2 ğ›’:6.9467e+00ğ›€ cm
2023-04-13 16:28:12,438 INFO Measurement at current 0.0013542713567839197
2023-04-13 16:28:13,036 INFO T:153.27Â°K V:1.3352e-02V I:1.3543e-03A R:9.8590e+00ğ›€ E:4.1209e-01V/cm J:5.9268e-02A/cm2 ğ›’:6.9530e+00ğ›€ cm
2023-04-13 16:28:13,055 INFO Measurement at current 0.0013718592964824122
2023-04-13 16:28:13,651 INFO T:153.26Â°K V:1.3532e-02V I:1.3719e-03A R:9.8641e+00ğ›€ E:4.1766e-01V/cm J:6.0038e-02A/cm2 ğ›’:6.9566e+00ğ›€ cm
2023-04-13 16:28:13,677 INFO Measurement at current 0.0013894472361809047
2023-04-13 16:28:14,273 INFO T:153.25Â°K V:1.3713e-02V I:1.3894e-03A R:9.8695e+00ğ›€ E:4.2325e-01V/cm J:6.0807e-02A/cm2 ğ›’:6.9604e+00ğ›€ cm
2023-04-13 16:28:14,291 INFO Measurement at current 0.001407035175879397
2023-04-13 16:28:14,889 INFO T:153.23Â°K V:1.3892e-02V I:1.4070e-03A R:9.8735e+00ğ›€ E:4.2878e-01V/cm J:6.1577e-02A/cm2 ğ›’:6.9633e+00ğ›€ cm
2023-04-13 16:28:14,906 INFO Measurement at current 0.0014246231155778896
2023-04-13 16:28:15,498 INFO T:153.22Â°K V:1.4073e-02V I:1.4246e-03A R:9.8784e+00ğ›€ E:4.3435e-01V/cm J:6.2347e-02A/cm2 ğ›’:6.9667e+00ğ›€ cm
2023-04-13 16:28:15,522 INFO Measurement at current 0.001442211055276382
2023-04-13 16:28:16,108 INFO T:153.21Â°K V:1.4254e-02V I:1.4422e-03A R:9.8835e+00ğ›€ E:4.3994e-01V/cm J:6.3116e-02A/cm2 ğ›’:6.9703e+00ğ›€ cm
2023-04-13 16:28:16,128 INFO Measurement at current 0.0014597989949748744
2023-04-13 16:28:16,716 INFO T:153.20Â°K V:1.4440e-02V I:1.4598e-03A R:9.8920e+00ğ›€ E:4.4569e-01V/cm J:6.3886e-02A/cm2 ğ›’:6.9763e+00ğ›€ cm
2023-04-13 16:28:16,735 INFO Measurement at current 0.001477386934673367
2023-04-13 16:28:17,322 INFO T:153.19Â°K V:1.4620e-02V I:1.4774e-03A R:9.8960e+00ğ›€ E:4.5124e-01V/cm J:6.4656e-02A/cm2 ğ›’:6.9791e+00ğ›€ cm
2023-04-13 16:28:17,339 INFO Measurement at current 0.0014949748743718595
2023-04-13 16:28:17,930 INFO T:153.18Â°K V:1.4802e-02V I:1.4950e-03A R:9.9008e+00ğ›€ E:4.5684e-01V/cm J:6.5426e-02A/cm2 ğ›’:6.9825e+00ğ›€ cm
2023-04-13 16:28:17,959 INFO Measurement at current 0.0015125628140703518
2023-04-13 16:28:18,547 INFO T:153.17Â°K V:1.4983e-02V I:1.5126e-03A R:9.9060e+00ğ›€ E:4.6245e-01V/cm J:6.6195e-02A/cm2 ğ›’:6.9861e+00ğ›€ cm
2023-04-13 16:28:18,562 INFO Measurement at current 0.0015301507537688443
2023-04-13 16:28:19,148 INFO T:153.16Â°K V:1.5165e-02V I:1.5302e-03A R:9.9109e+00ğ›€ E:4.6806e-01V/cm J:6.6965e-02A/cm2 ğ›’:6.9896e+00ğ›€ cm
2023-04-13 16:28:19,164 INFO Measurement at current 0.0015477386934673368
2023-04-13 16:28:19,758 INFO T:153.15Â°K V:1.5346e-02V I:1.5477e-03A R:9.9149e+00ğ›€ E:4.7363e-01V/cm J:6.7735e-02A/cm2 ğ›’:6.9925e+00ğ›€ cm
2023-04-13 16:28:19,786 INFO Measurement at current 0.0015653266331658294
2023-04-13 16:28:20,374 INFO T:153.14Â°K V:1.5533e-02V I:1.5653e-03A R:9.9233e+00ğ›€ E:4.7942e-01V/cm J:6.8504e-02A/cm2 ğ›’:6.9984e+00ğ›€ cm
2023-04-13 16:28:20,394 INFO Measurement at current 0.0015829145728643217
2023-04-13 16:28:20,979 INFO T:153.13Â°K V:1.5716e-02V I:1.5829e-03A R:9.9283e+00ğ›€ E:4.8505e-01V/cm J:6.9274e-02A/cm2 ğ›’:7.0019e+00ğ›€ cm
2023-04-13 16:28:20,998 INFO Measurement at current 0.0016005025125628142
2023-04-13 16:28:21,600 INFO T:153.12Â°K V:1.5898e-02V I:1.6005e-03A R:9.9334e+00ğ›€ E:4.9069e-01V/cm J:7.0044e-02A/cm2 ğ›’:7.0055e+00ğ›€ cm
2023-04-13 16:28:21,618 INFO Measurement at current 0.0016180904522613067
2023-04-13 16:28:22,218 INFO T:153.11Â°K V:1.6080e-02V I:1.6181e-03A R:9.9377e+00ğ›€ E:4.9630e-01V/cm J:7.0814e-02A/cm2 ğ›’:7.0085e+00ğ›€ cm
2023-04-13 16:28:22,238 INFO Measurement at current 0.001635678391959799
2023-04-13 16:28:22,841 INFO T:153.10Â°K V:1.6263e-02V I:1.6357e-03A R:9.9429e+00ğ›€ E:5.0196e-01V/cm J:7.1583e-02A/cm2 ğ›’:7.0122e+00ğ›€ cm
2023-04-13 16:28:22,859 INFO Measurement at current 0.0016532663316582916
2023-04-13 16:28:23,453 INFO T:153.08Â°K V:1.6452e-02V I:1.6533e-03A R:9.9510e+00ğ›€ E:5.0777e-01V/cm J:7.2353e-02A/cm2 ğ›’:7.0179e+00ğ›€ cm
2023-04-13 16:28:23,473 INFO Measurement at current 0.001670854271356784
2023-04-13 16:28:24,060 INFO T:153.07Â°K V:1.6635e-02V I:1.6709e-03A R:9.9559e+00ğ›€ E:5.1342e-01V/cm J:7.3123e-02A/cm2 ğ›’:7.0214e+00ğ›€ cm
2023-04-13 16:28:24,086 INFO Measurement at current 0.0016884422110552766
2023-04-13 16:28:24,675 INFO T:153.06Â°K V:1.6817e-02V I:1.6884e-03A R:9.9601e+00ğ›€ E:5.1904e-01V/cm J:7.3892e-02A/cm2 ğ›’:7.0243e+00ğ›€ cm
2023-04-13 16:28:24,697 INFO Measurement at current 0.001706030150753769
2023-04-13 16:28:25,329 INFO T:153.05Â°K V:1.7003e-02V I:1.7060e-03A R:9.9663e+00ğ›€ E:5.2478e-01V/cm J:7.4662e-02A/cm2 ğ›’:7.0287e+00ğ›€ cm
2023-04-13 16:28:25,354 INFO Measurement at current 0.0017236180904522615
2023-04-13 16:28:25,941 INFO T:153.04Â°K V:1.7188e-02V I:1.7236e-03A R:9.9720e+00ğ›€ E:5.3049e-01V/cm J:7.5432e-02A/cm2 ğ›’:7.0327e+00ğ›€ cm
2023-04-13 16:28:25,965 INFO Measurement at current 0.001741206030150754
2023-04-13 16:28:26,551 INFO T:153.03Â°K V:1.7372e-02V I:1.7412e-03A R:9.9770e+00ğ›€ E:5.3618e-01V/cm J:7.6202e-02A/cm2 ğ›’:7.0363e+00ğ›€ cm
2023-04-13 16:28:26,565 INFO Measurement at current 0.0017587939698492463
2023-04-13 16:28:27,151 INFO T:153.02Â°K V:1.7562e-02V I:1.7588e-03A R:9.9851e+00ğ›€ E:5.4203e-01V/cm J:7.6971e-02A/cm2 ğ›’:7.0419e+00ğ›€ cm
2023-04-13 16:28:27,182 INFO Measurement at current 0.0017763819095477388
2023-04-13 16:28:27,784 INFO T:153.01Â°K V:1.7746e-02V I:1.7764e-03A R:9.9900e+00ğ›€ E:5.4772e-01V/cm J:7.7741e-02A/cm2 ğ›’:7.0454e+00ğ›€ cm
2023-04-13 16:28:27,798 INFO Measurement at current 0.0017939698492462314
2023-04-13 16:28:28,412 INFO T:153.00Â°K V:1.7931e-02V I:1.7940e-03A R:9.9953e+00ğ›€ E:5.5343e-01V/cm J:7.8511e-02A/cm2 ğ›’:7.0491e+00ğ›€ cm
2023-04-13 16:28:28,437 INFO Measurement at current 0.0018115577889447237
2023-04-13 16:28:29,025 INFO T:152.99Â°K V:1.8117e-02V I:1.8116e-03A R:1.0001e+01ğ›€ E:5.5917e-01V/cm J:7.9280e-02A/cm2 ğ›’:7.0530e+00ğ›€ cm
2023-04-13 16:28:29,042 INFO Measurement at current 0.0018291457286432162
2023-04-13 16:28:29,631 INFO T:152.98Â°K V:1.8302e-02V I:1.8291e-03A R:1.0006e+01ğ›€ E:5.6487e-01V/cm J:8.0050e-02A/cm2 ğ›’:7.0565e+00ğ›€ cm
2023-04-13 16:28:29,645 INFO Measurement at current 0.0018467336683417087
2023-04-13 16:28:30,230 INFO T:152.97Â°K V:1.8486e-02V I:1.8467e-03A R:1.0010e+01ğ›€ E:5.7054e-01V/cm J:8.0820e-02A/cm2 ğ›’:7.0594e+00ğ›€ cm
2023-04-13 16:28:30,270 INFO Measurement at current 0.0018643216080402013
2023-04-13 16:28:30,862 INFO T:152.95Â°K V:1.8677e-02V I:1.8643e-03A R:1.0018e+01ğ›€ E:5.7644e-01V/cm J:8.1590e-02A/cm2 ğ›’:7.0651e+00ğ›€ cm
2023-04-13 16:28:30,880 INFO Measurement at current 0.0018819095477386936
2023-04-13 16:28:31,500 INFO T:152.94Â°K V:1.8861e-02V I:1.8819e-03A R:1.0022e+01ğ›€ E:5.8213e-01V/cm J:8.2359e-02A/cm2 ğ›’:7.0682e+00ğ›€ cm
2023-04-13 16:28:31,515 INFO Measurement at current 0.001899497487437186
2023-04-13 16:28:32,113 INFO T:152.93Â°K V:1.9047e-02V I:1.8995e-03A R:1.0028e+01ğ›€ E:5.8788e-01V/cm J:8.3129e-02A/cm2 ğ›’:7.0719e+00ğ›€ cm
2023-04-13 16:28:32,134 INFO Measurement at current 0.0019170854271356786
2023-04-13 16:28:32,746 INFO T:152.92Â°K V:1.9232e-02V I:1.9171e-03A R:1.0032e+01ğ›€ E:5.9358e-01V/cm J:8.3899e-02A/cm2 ğ›’:7.0750e+00ğ›€ cm
2023-04-13 16:28:32,764 INFO Measurement at current 0.001934673366834171
2023-04-13 16:28:33,355 INFO T:152.91Â°K V:1.9418e-02V I:1.9347e-03A R:1.0037e+01ğ›€ E:5.9934e-01V/cm J:8.4668e-02A/cm2 ğ›’:7.0786e+00ğ›€ cm
2023-04-13 16:28:33,402 INFO Measurement at current 0.0019522613065326635
2023-04-13 16:28:33,995 INFO T:152.90Â°K V:1.9611e-02V I:1.9523e-03A R:1.0045e+01ğ›€ E:6.0526e-01V/cm J:8.5438e-02A/cm2 ğ›’:7.0842e+00ğ›€ cm
2023-04-13 16:28:34,016 INFO Measurement at current 0.0019698492462311558
2023-04-13 16:28:34,627 INFO T:152.89Â°K V:1.9797e-02V I:1.9698e-03A R:1.0050e+01ğ›€ E:6.1103e-01V/cm J:8.6208e-02A/cm2 ğ›’:7.0879e+00ğ›€ cm
2023-04-13 16:28:34,648 INFO Measurement at current 0.0019874371859296483
2023-04-13 16:28:35,251 INFO T:152.88Â°K V:1.9983e-02V I:1.9874e-03A R:1.0055e+01ğ›€ E:6.1677e-01V/cm J:8.6978e-02A/cm2 ğ›’:7.0911e+00ğ›€ cm
2023-04-13 16:28:35,272 INFO Measurement at current 0.002005025125628141
2023-04-13 16:28:35,866 INFO T:152.87Â°K V:2.0170e-02V I:2.0050e-03A R:1.0060e+01ğ›€ E:6.2254e-01V/cm J:8.7747e-02A/cm2 ğ›’:7.0947e+00ğ›€ cm
2023-04-13 16:28:35,884 INFO Measurement at current 0.0020226130653266334
2023-04-13 16:28:36,476 INFO T:152.86Â°K V:2.0358e-02V I:2.0226e-03A R:1.0065e+01ğ›€ E:6.2833e-01V/cm J:8.8517e-02A/cm2 ğ›’:7.0984e+00ğ›€ cm
2023-04-13 16:28:36,496 INFO Measurement at current 0.002040201005025126
2023-04-13 16:28:37,088 INFO T:152.85Â°K V:2.0545e-02V I:2.0402e-03A R:1.0070e+01ğ›€ E:6.3412e-01V/cm J:8.9287e-02A/cm2 ğ›’:7.1020e+00ğ›€ cm
2023-04-13 16:28:37,115 INFO Measurement at current 0.0020577889447236184
2023-04-13 16:28:37,713 INFO T:152.83Â°K V:2.0737e-02V I:2.0578e-03A R:1.0077e+01ğ›€ E:6.4002e-01V/cm J:9.0056e-02A/cm2 ğ›’:7.1069e+00ğ›€ cm
2023-04-13 16:28:37,732 INFO Measurement at current 0.0020753768844221105
2023-04-13 16:28:38,331 INFO T:152.82Â°K V:2.0925e-02V I:2.0754e-03A R:1.0083e+01ğ›€ E:6.4584e-01V/cm J:9.0826e-02A/cm2 ğ›’:7.1107e+00ğ›€ cm
2023-04-13 16:28:38,357 INFO Measurement at current 0.002092964824120603
2023-04-13 16:28:38,951 INFO T:152.81Â°K V:2.1114e-02V I:2.0930e-03A R:1.0088e+01ğ›€ E:6.5166e-01V/cm J:9.1596e-02A/cm2 ğ›’:7.1145e+00ğ›€ cm
2023-04-13 16:28:38,968 INFO Measurement at current 0.0021105527638190956
2023-04-13 16:28:39,578 INFO T:152.80Â°K V:2.1303e-02V I:2.1106e-03A R:1.0093e+01ğ›€ E:6.5750e-01V/cm J:9.2366e-02A/cm2 ğ›’:7.1184e+00ğ›€ cm
2023-04-13 16:28:39,593 INFO Measurement at current 0.002128140703517588
2023-04-13 16:28:40,205 INFO T:152.79Â°K V:2.1490e-02V I:2.1281e-03A R:1.0098e+01ğ›€ E:6.6327e-01V/cm J:9.3135e-02A/cm2 ğ›’:7.1216e+00ğ›€ cm
2023-04-13 16:28:40,227 INFO Measurement at current 0.0021457286432160806
2023-04-13 16:28:40,817 INFO T:152.78Â°K V:2.1679e-02V I:2.1457e-03A R:1.0103e+01ğ›€ E:6.6911e-01V/cm J:9.3905e-02A/cm2 ğ›’:7.1254e+00ğ›€ cm
2023-04-13 16:28:40,837 INFO Measurement at current 0.002163316582914573
2023-04-13 16:28:41,429 INFO T:152.77Â°K V:2.1873e-02V I:2.1633e-03A R:1.0111e+01ğ›€ E:6.7509e-01V/cm J:9.4675e-02A/cm2 ğ›’:7.1307e+00ğ›€ cm
2023-04-13 16:28:41,447 INFO Measurement at current 0.0021809045226130657
2023-04-13 16:28:42,042 INFO T:152.76Â°K V:2.2062e-02V I:2.1809e-03A R:1.0116e+01ğ›€ E:6.8092e-01V/cm J:9.5444e-02A/cm2 ğ›’:7.1343e+00ğ›€ cm
2023-04-13 16:28:42,060 INFO Measurement at current 0.0021984924623115578
2023-04-13 16:28:42,652 INFO T:152.75Â°K V:2.2250e-02V I:2.1985e-03A R:1.0120e+01ğ›€ E:6.8672e-01V/cm J:9.6214e-02A/cm2 ğ›’:7.1374e+00ğ›€ cm
2023-04-13 16:28:42,678 INFO Measurement at current 0.0022160804020100503
2023-04-13 16:28:43,282 INFO T:152.74Â°K V:2.2439e-02V I:2.2161e-03A R:1.0126e+01ğ›€ E:6.9256e-01V/cm J:9.6984e-02A/cm2 ğ›’:7.1410e+00ğ›€ cm
2023-04-13 16:28:43,304 INFO Measurement at current 0.002233668341708543
2023-04-13 16:28:43,900 INFO T:152.73Â°K V:2.2629e-02V I:2.2337e-03A R:1.0131e+01ğ›€ E:6.9842e-01V/cm J:9.7754e-02A/cm2 ğ›’:7.1447e+00ğ›€ cm
2023-04-13 16:28:43,949 INFO Measurement at current 0.0022512562814070354
2023-04-13 16:28:44,540 INFO T:152.72Â°K V:2.2824e-02V I:2.2513e-03A R:1.0138e+01ğ›€ E:7.0445e-01V/cm J:9.8523e-02A/cm2 ğ›’:7.1501e+00ğ›€ cm
2023-04-13 16:28:44,558 INFO Measurement at current 0.002268844221105528
2023-04-13 16:28:45,165 INFO T:152.71Â°K V:2.3013e-02V I:2.2688e-03A R:1.0143e+01ğ›€ E:7.1027e-01V/cm J:9.9293e-02A/cm2 ğ›’:7.1533e+00ğ›€ cm
2023-04-13 16:28:45,182 INFO Measurement at current 0.0022864321608040204
2023-04-13 16:28:45,768 INFO T:152.69Â°K V:2.3203e-02V I:2.2864e-03A R:1.0148e+01ğ›€ E:7.1613e-01V/cm J:1.0006e-01A/cm2 ğ›’:7.1568e+00ğ›€ cm
2023-04-13 16:28:45,790 INFO Measurement at current 0.002304020100502513
2023-04-13 16:28:46,382 INFO T:152.68Â°K V:2.3393e-02V I:2.3040e-03A R:1.0153e+01ğ›€ E:7.2200e-01V/cm J:1.0083e-01A/cm2 ğ›’:7.1604e+00ğ›€ cm
2023-04-13 16:28:46,399 INFO Measurement at current 0.002321608040201005
2023-04-13 16:28:46,986 INFO T:152.67Â°K V:2.3582e-02V I:2.3216e-03A R:1.0158e+01ğ›€ E:7.2785e-01V/cm J:1.0160e-01A/cm2 ğ›’:7.1638e+00ğ›€ cm
2023-04-13 16:28:47,002 INFO Measurement at current 0.0023391959798994976
2023-04-13 16:28:47,588 INFO T:152.66Â°K V:2.3772e-02V I:2.3392e-03A R:1.0163e+01ğ›€ E:7.3371e-01V/cm J:1.0237e-01A/cm2 ğ›’:7.1671e+00ğ›€ cm
2023-04-13 16:28:47,620 INFO Measurement at current 0.00235678391959799
2023-04-13 16:28:48,228 INFO T:152.65Â°K V:2.3967e-02V I:2.3568e-03A R:1.0169e+01ğ›€ E:7.3971e-01V/cm J:1.0314e-01A/cm2 ğ›’:7.1718e+00ğ›€ cm
2023-04-13 16:28:48,248 INFO Measurement at current 0.0023743718592964826
2023-04-13 16:28:48,845 INFO T:152.64Â°K V:2.4158e-02V I:2.3744e-03A R:1.0174e+01ğ›€ E:7.4561e-01V/cm J:1.0391e-01A/cm2 ğ›’:7.1755e+00ğ›€ cm
2023-04-13 16:28:48,870 INFO Measurement at current 0.002391959798994975
2023-04-13 16:28:49,466 INFO T:152.63Â°K V:2.4349e-02V I:2.3920e-03A R:1.0180e+01ğ›€ E:7.5152e-01V/cm J:1.0468e-01A/cm2 ğ›’:7.1791e+00ğ›€ cm
2023-04-13 16:28:49,486 INFO Measurement at current 0.0024095477386934677
2023-04-13 16:28:50,084 INFO T:152.62Â°K V:2.4541e-02V I:2.4095e-03A R:1.0185e+01ğ›€ E:7.5743e-01V/cm J:1.0545e-01A/cm2 ğ›’:7.1828e+00ğ›€ cm
2023-04-13 16:28:50,099 INFO Measurement at current 0.00242713567839196
2023-04-13 16:28:50,695 INFO T:152.61Â°K V:2.4731e-02V I:2.4271e-03A R:1.0189e+01ğ›€ E:7.6329e-01V/cm J:1.0622e-01A/cm2 ğ›’:7.1859e+00ğ›€ cm
2023-04-13 16:28:50,715 INFO Measurement at current 0.0024447236180904523
2023-04-13 16:28:51,323 INFO T:152.60Â°K V:2.4923e-02V I:2.4447e-03A R:1.0194e+01ğ›€ E:7.6922e-01V/cm J:1.0699e-01A/cm2 ğ›’:7.1896e+00ğ›€ cm
2023-04-13 16:28:51,348 INFO Measurement at current 0.002462311557788945
2023-04-13 16:28:51,941 INFO T:152.59Â°K V:2.5120e-02V I:2.4623e-03A R:1.0202e+01ğ›€ E:7.7532e-01V/cm J:1.0776e-01A/cm2 ğ›’:7.1949e+00ğ›€ cm
2023-04-13 16:28:51,971 INFO Measurement at current 0.0024798994974874373
2023-04-13 16:28:52,589 INFO T:152.58Â°K V:2.5313e-02V I:2.4799e-03A R:1.0207e+01ğ›€ E:7.8126e-01V/cm J:1.0853e-01A/cm2 ğ›’:7.1986e+00ğ›€ cm
2023-04-13 16:28:52,611 INFO Measurement at current 0.00249748743718593
2023-04-13 16:28:53,202 INFO T:152.57Â°K V:2.5504e-02V I:2.4975e-03A R:1.0212e+01ğ›€ E:7.8716e-01V/cm J:1.0930e-01A/cm2 ğ›’:7.2019e+00ğ›€ cm
2023-04-13 16:28:53,223 INFO Measurement at current 0.0025150753768844224
2023-04-13 16:28:53,814 INFO T:152.56Â°K V:2.5696e-02V I:2.5151e-03A R:1.0217e+01ğ›€ E:7.9310e-01V/cm J:1.1007e-01A/cm2 ğ›’:7.2055e+00ğ›€ cm
2023-04-13 16:28:53,835 INFO Measurement at current 0.002532663316582915
2023-04-13 16:28:54,423 INFO T:152.55Â°K V:2.5889e-02V I:2.5327e-03A R:1.0222e+01ğ›€ E:7.9905e-01V/cm J:1.1084e-01A/cm2 ğ›’:7.2091e+00ğ›€ cm
2023-04-13 16:28:54,450 INFO Measurement at current 0.002550251256281407
2023-04-13 16:28:55,047 INFO T:152.54Â°K V:2.6088e-02V I:2.5503e-03A R:1.0230e+01ğ›€ E:8.0518e-01V/cm J:1.1161e-01A/cm2 ğ›’:7.2144e+00ğ›€ cm
2023-04-13 16:28:55,083 INFO Measurement at current 0.0025678391959798996
2023-04-13 16:28:55,672 INFO T:152.52Â°K V:2.6280e-02V I:2.5678e-03A R:1.0234e+01ğ›€ E:8.1110e-01V/cm J:1.1238e-01A/cm2 ğ›’:7.2176e+00ğ›€ cm
2023-04-13 16:28:55,711 INFO Measurement at current 0.002585427135678392
2023-04-13 16:28:56,296 INFO T:152.51Â°K V:2.6474e-02V I:2.5854e-03A R:1.0240e+01ğ›€ E:8.1710e-01V/cm J:1.1315e-01A/cm2 ğ›’:7.2215e+00ğ›€ cm
2023-04-13 16:28:56,320 INFO Measurement at current 0.0026030150753768846
2023-04-13 16:28:56,931 INFO T:152.50Â°K V:2.6668e-02V I:2.6030e-03A R:1.0245e+01ğ›€ E:8.2308e-01V/cm J:1.1392e-01A/cm2 ğ›’:7.2252e+00ğ›€ cm
2023-04-13 16:28:56,949 INFO Measurement at current 0.002620603015075377
2023-04-13 16:28:57,536 INFO T:152.49Â°K V:2.6862e-02V I:2.6206e-03A R:1.0250e+01ğ›€ E:8.2907e-01V/cm J:1.1469e-01A/cm2 ğ›’:7.2290e+00ğ›€ cm
2023-04-13 16:28:57,572 INFO Measurement at current 0.0026381909547738697
2023-04-13 16:28:58,173 INFO T:152.48Â°K V:2.7055e-02V I:2.6382e-03A R:1.0255e+01ğ›€ E:8.3502e-01V/cm J:1.1546e-01A/cm2 ğ›’:7.2323e+00ğ›€ cm
2023-04-13 16:28:58,203 INFO Measurement at current 0.002655778894472362
2023-04-13 16:28:58,815 INFO T:152.47Â°K V:2.7255e-02V I:2.6558e-03A R:1.0262e+01ğ›€ E:8.4119e-01V/cm J:1.1623e-01A/cm2 ğ›’:7.2375e+00ğ›€ cm
2023-04-13 16:28:58,845 INFO Measurement at current 0.0026733668341708543
2023-04-13 16:28:59,454 INFO T:152.46Â°K V:2.7450e-02V I:2.6734e-03A R:1.0268e+01ğ›€ E:8.4721e-01V/cm J:1.1700e-01A/cm2 ğ›’:7.2414e+00ğ›€ cm
2023-04-13 16:28:59,472 INFO Measurement at current 0.002690954773869347
2023-04-13 16:29:00,079 INFO T:152.45Â°K V:2.7644e-02V I:2.6910e-03A R:1.0273e+01ğ›€ E:8.5323e-01V/cm J:1.1777e-01A/cm2 ğ›’:7.2451e+00ğ›€ cm
2023-04-13 16:29:00,100 INFO Measurement at current 0.0027085427135678393
2023-04-13 16:29:00,692 INFO T:152.44Â°K V:2.7837e-02V I:2.7085e-03A R:1.0278e+01ğ›€ E:8.5918e-01V/cm J:1.1854e-01A/cm2 ğ›’:7.2483e+00ğ›€ cm
2023-04-13 16:29:00,730 INFO Measurement at current 0.002726130653266332
2023-04-13 16:29:01,339 INFO T:152.43Â°K V:2.8033e-02V I:2.7261e-03A R:1.0283e+01ğ›€ E:8.6520e-01V/cm J:1.1931e-01A/cm2 ğ›’:7.2520e+00ğ›€ cm
2023-04-13 16:29:01,361 INFO Measurement at current 0.0027437185929648244
2023-04-13 16:29:01,964 INFO T:152.42Â°K V:2.8228e-02V I:2.7437e-03A R:1.0288e+01ğ›€ E:8.7124e-01V/cm J:1.2008e-01A/cm2 ğ›’:7.2557e+00ğ›€ cm
2023-04-13 16:29:01,982 INFO Measurement at current 0.002761306532663317
2023-04-13 16:29:02,568 INFO T:152.41Â°K V:2.8429e-02V I:2.7613e-03A R:1.0295e+01ğ›€ E:8.7742e-01V/cm J:1.2084e-01A/cm2 ğ›’:7.2607e+00ğ›€ cm
2023-04-13 16:29:02,589 INFO Measurement at current 0.0027788944723618095
2023-04-13 16:29:03,177 INFO T:152.40Â°K V:2.8622e-02V I:2.7789e-03A R:1.0300e+01ğ›€ E:8.8339e-01V/cm J:1.2161e-01A/cm2 ğ›’:7.2638e+00ğ›€ cm
2023-04-13 16:29:03,196 INFO Measurement at current 0.0027964824120603016
2023-04-13 16:29:03,788 INFO T:152.39Â°K V:2.8818e-02V I:2.7965e-03A R:1.0305e+01ğ›€ E:8.8943e-01V/cm J:1.2238e-01A/cm2 ğ›’:7.2675e+00ğ›€ cm
2023-04-13 16:29:03,810 INFO Measurement at current 0.002814070351758794
2023-04-13 16:29:04,422 INFO T:152.37Â°K V:2.9013e-02V I:2.8141e-03A R:1.0310e+01ğ›€ E:8.9547e-01V/cm J:1.2315e-01A/cm2 ğ›’:7.2712e+00ğ›€ cm
2023-04-13 16:29:04,440 INFO Measurement at current 0.0028316582914572866
2023-04-13 16:29:05,043 INFO T:152.36Â°K V:2.9209e-02V I:2.8317e-03A R:1.0315e+01ğ›€ E:9.0153e-01V/cm J:1.2392e-01A/cm2 ğ›’:7.2748e+00ğ›€ cm
2023-04-13 16:29:05,061 INFO Measurement at current 0.002849246231155779
2023-04-13 16:29:05,648 INFO T:152.35Â°K V:2.9404e-02V I:2.8492e-03A R:1.0320e+01ğ›€ E:9.0753e-01V/cm J:1.2469e-01A/cm2 ğ›’:7.2781e+00ğ›€ cm
2023-04-13 16:29:05,671 INFO Measurement at current 0.0028668341708542717
2023-04-13 16:29:06,265 INFO T:152.34Â°K V:2.9605e-02V I:2.8668e-03A R:1.0327e+01ğ›€ E:9.1374e-01V/cm J:1.2546e-01A/cm2 ğ›’:7.2829e+00ğ›€ cm
2023-04-13 16:29:06,281 INFO Measurement at current 0.002884422110552764
2023-04-13 16:29:06,877 INFO T:152.33Â°K V:2.9801e-02V I:2.8844e-03A R:1.0332e+01ğ›€ E:9.1979e-01V/cm J:1.2623e-01A/cm2 ğ›’:7.2865e+00ğ›€ cm
2023-04-13 16:29:06,902 INFO Measurement at current 0.0029020100502512567
2023-04-13 16:29:07,501 INFO T:152.32Â°K V:2.9998e-02V I:2.9020e-03A R:1.0337e+01ğ›€ E:9.2587e-01V/cm J:1.2700e-01A/cm2 ğ›’:7.2902e+00ğ›€ cm
2023-04-13 16:29:07,525 INFO Measurement at current 0.002919597989949749
2023-04-13 16:29:08,120 INFO T:152.31Â°K V:3.0196e-02V I:2.9196e-03A R:1.0342e+01ğ›€ E:9.3196e-01V/cm J:1.2777e-01A/cm2 ğ›’:7.2939e+00ğ›€ cm
2023-04-13 16:29:08,149 INFO Measurement at current 0.0029371859296482413
2023-04-13 16:29:08,739 INFO T:152.30Â°K V:3.0391e-02V I:2.9372e-03A R:1.0347e+01ğ›€ E:9.3798e-01V/cm J:1.2854e-01A/cm2 ğ›’:7.2971e+00ğ›€ cm
2023-04-13 16:29:08,753 INFO Measurement at current 0.002954773869346734
2023-04-13 16:29:09,339 INFO T:152.29Â°K V:3.0593e-02V I:2.9548e-03A R:1.0354e+01ğ›€ E:9.4424e-01V/cm J:1.2931e-01A/cm2 ğ›’:7.3020e+00ğ›€ cm
2023-04-13 16:29:09,356 INFO Measurement at current 0.0029723618090452264
2023-04-13 16:29:09,943 INFO T:152.28Â°K V:3.0791e-02V I:2.9724e-03A R:1.0359e+01ğ›€ E:9.5033e-01V/cm J:1.3008e-01A/cm2 ğ›’:7.3057e+00ğ›€ cm
2023-04-13 16:29:09,956 INFO Measurement at current 0.002989949748743719
2023-04-13 16:29:10,540 INFO T:152.27Â°K V:3.0988e-02V I:2.9899e-03A R:1.0364e+01ğ›€ E:9.5641e-01V/cm J:1.3085e-01A/cm2 ğ›’:7.3091e+00ğ›€ cm
2023-04-13 16:29:10,563 INFO Measurement at current 0.0030075376884422115
2023-04-13 16:29:11,148 INFO T:152.26Â°K V:3.1184e-02V I:3.0075e-03A R:1.0369e+01ğ›€ E:9.6247e-01V/cm J:1.3162e-01A/cm2 ğ›’:7.3124e+00ğ›€ cm
2023-04-13 16:29:11,165 INFO Measurement at current 0.0030251256281407036
2023-04-13 16:29:11,759 INFO T:152.25Â°K V:3.1381e-02V I:3.0251e-03A R:1.0374e+01ğ›€ E:9.6856e-01V/cm J:1.3239e-01A/cm2 ğ›’:7.3159e+00ğ›€ cm
2023-04-13 16:29:11,776 INFO Measurement at current 0.003042713567839196
2023-04-13 16:29:12,368 INFO T:152.24Â°K V:3.1580e-02V I:3.0427e-03A R:1.0379e+01ğ›€ E:9.7468e-01V/cm J:1.3316e-01A/cm2 ğ›’:7.3196e+00ğ›€ cm
2023-04-13 16:29:12,386 INFO Measurement at current 0.0030603015075376886
2023-04-13 16:29:12,975 INFO T:152.23Â°K V:3.1783e-02V I:3.0603e-03A R:1.0386e+01ğ›€ E:9.8096e-01V/cm J:1.3393e-01A/cm2 ğ›’:7.3244e+00ğ›€ cm
2023-04-13 16:29:12,995 INFO Measurement at current 0.003077889447236181
2023-04-13 16:29:13,584 INFO T:152.22Â°K V:3.1979e-02V I:3.0779e-03A R:1.0390e+01ğ›€ E:9.8702e-01V/cm J:1.3470e-01A/cm2 ğ›’:7.3276e+00ğ›€ cm
2023-04-13 16:29:13,603 INFO Measurement at current 0.0030954773869346737
2023-04-13 16:29:14,199 INFO T:152.21Â°K V:3.2178e-02V I:3.0955e-03A R:1.0395e+01ğ›€ E:9.9314e-01V/cm J:1.3547e-01A/cm2 ğ›’:7.3311e+00ğ›€ cm
2023-04-13 16:29:14,221 INFO Measurement at current 0.003113065326633166
2023-04-13 16:29:14,818 INFO T:152.20Â°K V:3.2376e-02V I:3.1131e-03A R:1.0400e+01ğ›€ E:9.9925e-01V/cm J:1.3624e-01A/cm2 ğ›’:7.3345e+00ğ›€ cm
2023-04-13 16:29:14,835 INFO Measurement at current 0.0031306532663316587
2023-04-13 16:29:15,422 INFO T:152.19Â°K V:3.2574e-02V I:3.1307e-03A R:1.0405e+01ğ›€ E:1.0054e+00V/cm J:1.3701e-01A/cm2 ğ›’:7.3380e+00ğ›€ cm
2023-04-13 16:29:15,440 INFO Measurement at current 0.003148241206030151
2023-04-13 16:29:16,025 INFO T:152.18Â°K V:3.2771e-02V I:3.1482e-03A R:1.0409e+01ğ›€ E:1.0115e+00V/cm J:1.3778e-01A/cm2 ğ›’:7.3412e+00ğ›€ cm
2023-04-13 16:29:16,049 INFO Measurement at current 0.0031658291457286433
2023-04-13 16:29:16,639 INFO T:152.17Â°K V:3.2976e-02V I:3.1658e-03A R:1.0416e+01ğ›€ E:1.0178e+00V/cm J:1.3855e-01A/cm2 ğ›’:7.3459e+00ğ›€ cm
2023-04-13 16:29:16,656 INFO Measurement at current 0.003183417085427136
2023-04-13 16:29:17,249 INFO T:152.16Â°K V:3.3175e-02V I:3.1834e-03A R:1.0421e+01ğ›€ E:1.0239e+00V/cm J:1.3932e-01A/cm2 ğ›’:7.3495e+00ğ›€ cm
2023-04-13 16:29:17,272 INFO Measurement at current 0.0032010050251256284
2023-04-13 16:29:17,871 INFO T:152.15Â°K V:3.3375e-02V I:3.2010e-03A R:1.0426e+01ğ›€ E:1.0301e+00V/cm J:1.4009e-01A/cm2 ğ›’:7.3531e+00ğ›€ cm
2023-04-13 16:29:17,885 INFO Measurement at current 0.003218592964824121
2023-04-13 16:29:18,469 INFO T:152.14Â°K V:3.3573e-02V I:3.2186e-03A R:1.0431e+01ğ›€ E:1.0362e+00V/cm J:1.4086e-01A/cm2 ğ›’:7.3565e+00ğ›€ cm
2023-04-13 16:29:18,493 INFO Measurement at current 0.0032361809045226135
2023-04-13 16:29:19,087 INFO T:152.13Â°K V:3.3774e-02V I:3.2362e-03A R:1.0436e+01ğ›€ E:1.0424e+00V/cm J:1.4163e-01A/cm2 ğ›’:7.3602e+00ğ›€ cm
2023-04-13 16:29:19,106 INFO Measurement at current 0.003253768844221106
2023-04-13 16:29:19,695 INFO T:152.12Â°K V:3.3979e-02V I:3.2538e-03A R:1.0443e+01ğ›€ E:1.0487e+00V/cm J:1.4240e-01A/cm2 ğ›’:7.3649e+00ğ›€ cm
2023-04-13 16:29:19,712 INFO Measurement at current 0.003271356783919598
2023-04-13 16:29:20,303 INFO T:152.11Â°K V:3.4180e-02V I:3.2714e-03A R:1.0448e+01ğ›€ E:1.0549e+00V/cm J:1.4317e-01A/cm2 ğ›’:7.3686e+00ğ›€ cm
2023-04-13 16:29:20,324 INFO Measurement at current 0.0032889447236180906
2023-04-13 16:29:20,914 INFO T:152.10Â°K V:3.4379e-02V I:3.2889e-03A R:1.0453e+01ğ›€ E:1.0611e+00V/cm J:1.4394e-01A/cm2 ğ›’:7.3719e+00ğ›€ cm
2023-04-13 16:29:20,954 INFO Measurement at current 0.003306532663316583
2023-04-13 16:29:21,550 INFO T:152.08Â°K V:3.4581e-02V I:3.3065e-03A R:1.0458e+01ğ›€ E:1.0673e+00V/cm J:1.4471e-01A/cm2 ğ›’:7.3757e+00ğ›€ cm
2023-04-13 16:29:21,580 INFO Measurement at current 0.0033241206030150757
2023-04-13 16:29:22,174 INFO T:152.07Â°K V:3.4784e-02V I:3.3241e-03A R:1.0464e+01ğ›€ E:1.0736e+00V/cm J:1.4548e-01A/cm2 ğ›’:7.3797e+00ğ›€ cm
2023-04-13 16:29:22,202 INFO Measurement at current 0.003341708542713568
2023-04-13 16:29:22,813 INFO T:152.06Â°K V:3.4986e-02V I:3.3417e-03A R:1.0470e+01ğ›€ E:1.0798e+00V/cm J:1.4625e-01A/cm2 ğ›’:7.3837e+00ğ›€ cm
2023-04-13 16:29:22,838 INFO Measurement at current 0.0033592964824120607
2023-04-13 16:29:23,444 INFO T:152.05Â°K V:3.5193e-02V I:3.3593e-03A R:1.0476e+01ğ›€ E:1.0862e+00V/cm J:1.4702e-01A/cm2 ğ›’:7.3883e+00ğ›€ cm
2023-04-13 16:29:23,478 INFO Measurement at current 0.0033768844221105532
2023-04-13 16:29:24,073 INFO T:152.04Â°K V:3.5396e-02V I:3.3769e-03A R:1.0482e+01ğ›€ E:1.0925e+00V/cm J:1.4778e-01A/cm2 ğ›’:7.3923e+00ğ›€ cm
2023-04-13 16:29:24,094 INFO Measurement at current 0.0033944723618090453
2023-04-13 16:29:24,682 INFO T:152.03Â°K V:3.5599e-02V I:3.3945e-03A R:1.0487e+01ğ›€ E:1.0987e+00V/cm J:1.4855e-01A/cm2 ğ›’:7.3961e+00ğ›€ cm
2023-04-13 16:29:24,710 INFO Measurement at current 0.003412060301507538
2023-04-13 16:29:25,309 INFO T:152.02Â°K V:3.5802e-02V I:3.4121e-03A R:1.0493e+01ğ›€ E:1.1050e+00V/cm J:1.4932e-01A/cm2 ğ›’:7.4001e+00ğ›€ cm
2023-04-13 16:29:25,329 INFO Measurement at current 0.0034296482412060304
2023-04-13 16:29:25,917 INFO T:152.01Â°K V:3.6006e-02V I:3.4296e-03A R:1.0498e+01ğ›€ E:1.1113e+00V/cm J:1.5009e-01A/cm2 ğ›’:7.4039e+00ğ›€ cm
2023-04-13 16:29:25,937 INFO Measurement at current 0.003447236180904523
2023-04-13 16:29:26,528 INFO T:152.00Â°K V:3.6207e-02V I:3.4472e-03A R:1.0503e+01ğ›€ E:1.1175e+00V/cm J:1.5086e-01A/cm2 ğ›’:7.4074e+00ğ›€ cm
2023-04-13 16:29:26,548 INFO Measurement at current 0.0034648241206030155
2023-04-13 16:29:27,138 INFO T:151.99Â°K V:3.6416e-02V I:3.4648e-03A R:1.0510e+01ğ›€ E:1.1240e+00V/cm J:1.5163e-01A/cm2 ğ›’:7.4123e+00ğ›€ cm
2023-04-13 16:29:27,166 INFO Measurement at current 0.003482412060301508
2023-04-13 16:29:27,762 INFO T:151.98Â°K V:3.6620e-02V I:3.4824e-03A R:1.0516e+01ğ›€ E:1.1303e+00V/cm J:1.5240e-01A/cm2 ğ›’:7.4162e+00ğ›€ cm
2023-04-13 16:29:27,779 INFO Measurement at current 0.0035
2023-04-13 16:29:28,377 INFO T:151.97Â°K V:3.6824e-02V I:3.5000e-03A R:1.0521e+01ğ›€ E:1.1365e+00V/cm J:1.5317e-01A/cm2 ğ›’:7.4200e+00ğ›€ cm
2023-04-13 16:29:45,662 INFO Save the description file
2023-04-13 16:29:45,679 INFO Save data in numpy format Esperimenti/CPRO_MUSA_130423_I_V/CPRO_MUSA_130423_I_V_current_from_0_to_35e-4A/CPRO_MUSA_130423_I_V_current_from_0_to_35e-4A-20230413162938
2023-04-13 16:29:45,711 INFO Save data in CSV format Esperimenti/CPRO_MUSA_130423_I_V/CPRO_MUSA_130423_I_V_current_from_0_to_35e-4A/CPRO_MUSA_130423_I_V_current_from_0_to_35e-4A-20230413162938.csv
2023-04-13 16:29:45,727 INFO Save plot as image Esperimenti/CPRO_MUSA_130423_I_V/CPRO_MUSA_130423_I_V_current_from_0_to_35e-4A/CPRO_MUSA_130423_I_V_current_from_0_to_35e-4A-20230413162938.png
