2023-04-13 13:44:08,632 INFO ### Start experiment: CPRO_MUSA_130423_I_V current from 0 to 35e-4A ###
2023-04-13 13:44:09,979 INFO Found Multimeter KEITHLEY INSTRUMENTS INC.,MODEL 2700,0884890,B03  /A02  

2023-04-13 13:44:11,015 INFO Found Nanovolt Meter KEITHLEY INSTRUMENTS INC.,MODEL 2182A,4056474,C03  /A02  

2023-04-13 13:44:11,120 INFO Found Source Meter KEITHLEY INSTRUMENTS INC.,MODEL 2400,0945684,C24   Feb 14 2002 11:59:45/A02  /K/H

2023-04-13 13:44:11,248 INFO Start the measurement loop
2023-04-13 13:44:17,917 INFO Measurement at current 0.0
2023-04-13 13:44:18,827 INFO T:246.64Â°K V:-1.1263e-06V I:0.0000e+00A R:-infğ›€ E:-3.4763e-05V/cm J:0.0000e+00A/cm2 ğ›’:-infğ›€ cm
2023-04-13 13:44:18,850 INFO Measurement at current 1.7587939698492464e-05
2023-04-13 13:44:19,467 INFO T:246.64Â°K V:4.5845e-05V I:1.7588e-05A R:2.6066e+00ğ›€ E:1.4150e-03V/cm J:7.6971e-04A/cm2 ğ›’:1.8383e+00ğ›€ cm
2023-04-13 13:44:19,493 INFO Measurement at current 3.517587939698493e-05
2023-04-13 13:44:20,098 INFO T:246.63Â°K V:9.2795e-05V I:3.5176e-05A R:2.6380e+00ğ›€ E:2.8641e-03V/cm J:1.5394e-03A/cm2 ğ›’:1.8605e+00ğ›€ cm
2023-04-13 13:44:20,123 INFO Measurement at current 5.2763819095477394e-05
2023-04-13 13:44:20,730 INFO T:246.63Â°K V:1.3975e-04V I:5.2764e-05A R:2.6486e+00ğ›€ E:4.3132e-03V/cm J:2.3091e-03A/cm2 ğ›’:1.8679e+00ğ›€ cm
2023-04-13 13:44:20,750 INFO Measurement at current 7.035175879396985e-05
2023-04-13 13:44:21,343 INFO T:246.63Â°K V:1.8670e-04V I:7.0352e-05A R:2.6538e+00ğ›€ E:5.7623e-03V/cm J:3.0789e-03A/cm2 ğ›’:1.8716e+00ğ›€ cm
2023-04-13 13:44:21,370 INFO Measurement at current 8.793969849246232e-05
2023-04-13 13:44:21,971 INFO T:246.63Â°K V:2.3365e-04V I:8.7940e-05A R:2.6569e+00ğ›€ E:7.2115e-03V/cm J:3.8486e-03A/cm2 ğ›’:1.8738e+00ğ›€ cm
2023-04-13 13:44:21,996 INFO Measurement at current 0.00010552763819095479
2023-04-13 13:44:22,614 INFO T:246.63Â°K V:2.8071e-04V I:1.0553e-04A R:2.6601e+00ğ›€ E:8.6639e-03V/cm J:4.6183e-03A/cm2 ğ›’:1.8760e+00ğ›€ cm
2023-04-13 13:44:22,639 INFO Measurement at current 0.00012311557788944724
2023-04-13 13:44:23,241 INFO T:246.63Â°K V:3.2752e-04V I:1.2312e-04A R:2.6603e+00ğ›€ E:1.0109e-02V/cm J:5.3880e-03A/cm2 ğ›’:1.8762e+00ğ›€ cm
2023-04-13 13:44:23,263 INFO Measurement at current 0.0001407035175879397
2023-04-13 13:44:23,861 INFO T:246.62Â°K V:3.7452e-04V I:1.4070e-04A R:2.6617e+00ğ›€ E:1.1559e-02V/cm J:6.1577e-03A/cm2 ğ›’:1.8772e+00ğ›€ cm
2023-04-13 13:44:23,880 INFO Measurement at current 0.00015829145728643218
2023-04-13 13:44:24,478 INFO T:246.62Â°K V:4.2153e-04V I:1.5829e-04A R:2.6630e+00ğ›€ E:1.3010e-02V/cm J:6.9274e-03A/cm2 ğ›’:1.8781e+00ğ›€ cm
2023-04-13 13:44:24,505 INFO Measurement at current 0.00017587939698492463
2023-04-13 13:44:25,116 INFO T:246.62Â°K V:4.6853e-04V I:1.7588e-04A R:2.6639e+00ğ›€ E:1.4461e-02V/cm J:7.6971e-03A/cm2 ğ›’:1.8787e+00ğ›€ cm
2023-04-13 13:44:25,142 INFO Measurement at current 0.0001934673366834171
2023-04-13 13:44:25,752 INFO T:246.62Â°K V:5.1542e-04V I:1.9347e-04A R:2.6641e+00ğ›€ E:1.5908e-02V/cm J:8.4668e-03A/cm2 ğ›’:1.8789e+00ğ›€ cm
2023-04-13 13:44:25,774 INFO Measurement at current 0.00021105527638190958
2023-04-13 13:44:26,369 INFO T:246.62Â°K V:5.6239e-04V I:2.1106e-04A R:2.6647e+00ğ›€ E:1.7358e-02V/cm J:9.2366e-03A/cm2 ğ›’:1.8793e+00ğ›€ cm
2023-04-13 13:44:26,396 INFO Measurement at current 0.00022864321608040202
2023-04-13 13:44:26,995 INFO T:246.62Â°K V:6.0936e-04V I:2.2864e-04A R:2.6651e+00ğ›€ E:1.8807e-02V/cm J:1.0006e-02A/cm2 ğ›’:1.8796e+00ğ›€ cm
2023-04-13 13:44:27,020 INFO Measurement at current 0.00024623115577889447
2023-04-13 13:44:27,620 INFO T:246.61Â°K V:6.5635e-04V I:2.4623e-04A R:2.6656e+00ğ›€ E:2.0258e-02V/cm J:1.0776e-02A/cm2 ğ›’:1.8799e+00ğ›€ cm
2023-04-13 13:44:27,643 INFO Measurement at current 0.00026381909547738695
2023-04-13 13:44:28,244 INFO T:246.61Â°K V:7.0317e-04V I:2.6382e-04A R:2.6653e+00ğ›€ E:2.1703e-02V/cm J:1.1546e-02A/cm2 ğ›’:1.8797e+00ğ›€ cm
2023-04-13 13:44:28,261 INFO Measurement at current 0.0002814070351758794
2023-04-13 13:44:28,851 INFO T:246.61Â°K V:7.5017e-04V I:2.8141e-04A R:2.6658e+00ğ›€ E:2.3153e-02V/cm J:1.2315e-02A/cm2 ğ›’:1.8800e+00ğ›€ cm
2023-04-13 13:44:28,868 INFO Measurement at current 0.0002989949748743719
2023-04-13 13:44:29,460 INFO T:246.61Â°K V:7.9717e-04V I:2.9899e-04A R:2.6662e+00ğ›€ E:2.4604e-02V/cm J:1.3085e-02A/cm2 ğ›’:1.8803e+00ğ›€ cm
2023-04-13 13:44:29,480 INFO Measurement at current 0.00031658291457286437
2023-04-13 13:44:30,089 INFO T:246.61Â°K V:8.4420e-04V I:3.1658e-04A R:2.6666e+00ğ›€ E:2.6056e-02V/cm J:1.3855e-02A/cm2 ğ›’:1.8806e+00ğ›€ cm
2023-04-13 13:44:30,114 INFO Measurement at current 0.0003341708542713568
2023-04-13 13:44:30,717 INFO T:246.61Â°K V:8.9106e-04V I:3.3417e-04A R:2.6665e+00ğ›€ E:2.7502e-02V/cm J:1.4625e-02A/cm2 ğ›’:1.8805e+00ğ›€ cm
2023-04-13 13:44:30,750 INFO Measurement at current 0.00035175879396984926
2023-04-13 13:44:31,361 INFO T:246.60Â°K V:9.3804e-04V I:3.5176e-04A R:2.6667e+00ğ›€ E:2.8952e-02V/cm J:1.5394e-02A/cm2 ğ›’:1.8807e+00ğ›€ cm
2023-04-13 13:44:31,380 INFO Measurement at current 0.00036934673366834173
2023-04-13 13:44:31,980 INFO T:246.60Â°K V:9.8498e-04V I:3.6935e-04A R:2.6668e+00ğ›€ E:3.0401e-02V/cm J:1.6164e-02A/cm2 ğ›’:1.8808e+00ğ›€ cm
2023-04-13 13:44:31,999 INFO Measurement at current 0.0003869346733668342
2023-04-13 13:44:32,607 INFO T:246.60Â°K V:1.0319e-03V I:3.8693e-04A R:2.6670e+00ğ›€ E:3.1850e-02V/cm J:1.6934e-02A/cm2 ğ›’:1.8809e+00ğ›€ cm
2023-04-13 13:44:32,630 INFO Measurement at current 0.0004045226130653267
2023-04-13 13:44:33,232 INFO T:246.60Â°K V:1.0788e-03V I:4.0452e-04A R:2.6668e+00ğ›€ E:3.3296e-02V/cm J:1.7703e-02A/cm2 ğ›’:1.8808e+00ğ›€ cm
2023-04-13 13:44:33,255 INFO Measurement at current 0.00042211055276381916
2023-04-13 13:44:33,859 INFO T:246.60Â°K V:1.1258e-03V I:4.2211e-04A R:2.6671e+00ğ›€ E:3.4747e-02V/cm J:1.8473e-02A/cm2 ğ›’:1.8809e+00ğ›€ cm
2023-04-13 13:44:33,878 INFO Measurement at current 0.0004396984924623116
2023-04-13 13:44:34,497 INFO T:246.60Â°K V:1.1728e-03V I:4.3970e-04A R:2.6673e+00ğ›€ E:3.6198e-02V/cm J:1.9243e-02A/cm2 ğ›’:1.8811e+00ğ›€ cm
2023-04-13 13:44:34,518 INFO Measurement at current 0.00045728643216080405
2023-04-13 13:44:35,112 INFO T:246.59Â°K V:1.2199e-03V I:4.5729e-04A R:2.6676e+00ğ›€ E:3.7650e-02V/cm J:2.0013e-02A/cm2 ğ›’:1.8813e+00ğ›€ cm
2023-04-13 13:44:35,130 INFO Measurement at current 0.0004748743718592965
2023-04-13 13:44:35,738 INFO T:246.59Â°K V:1.2667e-03V I:4.7487e-04A R:2.6675e+00ğ›€ E:3.9097e-02V/cm J:2.0782e-02A/cm2 ğ›’:1.8813e+00ğ›€ cm
2023-04-13 13:44:35,764 INFO Measurement at current 0.0004924623115577889
2023-04-13 13:44:36,376 INFO T:246.59Â°K V:1.3137e-03V I:4.9246e-04A R:2.6676e+00ğ›€ E:4.0546e-02V/cm J:2.1552e-02A/cm2 ğ›’:1.8813e+00ğ›€ cm
2023-04-13 13:44:36,403 INFO Measurement at current 0.0005100502512562815
2023-04-13 13:44:37,000 INFO T:246.59Â°K V:1.3607e-03V I:5.1005e-04A R:2.6678e+00ğ›€ E:4.1997e-02V/cm J:2.2322e-02A/cm2 ğ›’:1.8814e+00ğ›€ cm
2023-04-13 13:44:37,022 INFO Measurement at current 0.0005276381909547739
2023-04-13 13:44:37,619 INFO T:246.59Â°K V:1.4077e-03V I:5.2764e-04A R:2.6679e+00ğ›€ E:4.3446e-02V/cm J:2.3091e-02A/cm2 ğ›’:1.8815e+00ğ›€ cm
2023-04-13 13:44:37,658 INFO Measurement at current 0.0005452261306532664
2023-04-13 13:44:38,258 INFO T:246.59Â°K V:1.4547e-03V I:5.4523e-04A R:2.6680e+00ğ›€ E:4.4897e-02V/cm J:2.3861e-02A/cm2 ğ›’:1.8816e+00ğ›€ cm
2023-04-13 13:44:38,283 INFO Measurement at current 0.0005628140703517588
2023-04-13 13:44:38,884 INFO T:246.58Â°K V:1.5015e-03V I:5.6281e-04A R:2.6679e+00ğ›€ E:4.6344e-02V/cm J:2.4631e-02A/cm2 ğ›’:1.8815e+00ğ›€ cm
2023-04-13 13:44:38,910 INFO Measurement at current 0.0005804020100502513
2023-04-13 13:44:39,514 INFO T:246.58Â°K V:1.5486e-03V I:5.8040e-04A R:2.6681e+00ğ›€ E:4.7795e-02V/cm J:2.5401e-02A/cm2 ğ›’:1.8817e+00ğ›€ cm
2023-04-13 13:44:39,535 INFO Measurement at current 0.0005979899497487438
2023-04-13 13:44:40,142 INFO T:246.58Â°K V:1.5956e-03V I:5.9799e-04A R:2.6682e+00ğ›€ E:4.9246e-02V/cm J:2.6170e-02A/cm2 ğ›’:1.8818e+00ğ›€ cm
2023-04-13 13:44:40,166 INFO Measurement at current 0.0006155778894472362
2023-04-13 13:44:40,770 INFO T:246.58Â°K V:1.6426e-03V I:6.1558e-04A R:2.6683e+00ğ›€ E:5.0696e-02V/cm J:2.6940e-02A/cm2 ğ›’:1.8818e+00ğ›€ cm
2023-04-13 13:44:40,803 INFO Measurement at current 0.0006331658291457287
2023-04-13 13:44:41,398 INFO T:246.58Â°K V:1.6894e-03V I:6.3317e-04A R:2.6681e+00ğ›€ E:5.2141e-02V/cm J:2.7710e-02A/cm2 ğ›’:1.8817e+00ğ›€ cm
2023-04-13 13:44:41,421 INFO Measurement at current 0.0006507537688442212
2023-04-13 13:44:42,021 INFO T:246.58Â°K V:1.7363e-03V I:6.5075e-04A R:2.6682e+00ğ›€ E:5.3591e-02V/cm J:2.8479e-02A/cm2 ğ›’:1.8817e+00ğ›€ cm
2023-04-13 13:44:42,047 INFO Measurement at current 0.0006683417085427136
2023-04-13 13:44:42,654 INFO T:246.57Â°K V:1.7833e-03V I:6.6834e-04A R:2.6682e+00ğ›€ E:5.5039e-02V/cm J:2.9249e-02A/cm2 ğ›’:1.8817e+00ğ›€ cm
2023-04-13 13:44:42,683 INFO Measurement at current 0.0006859296482412061
2023-04-13 13:44:43,281 INFO T:246.57Â°K V:1.8303e-03V I:6.8593e-04A R:2.6684e+00ğ›€ E:5.6491e-02V/cm J:3.0019e-02A/cm2 ğ›’:1.8818e+00ğ›€ cm
2023-04-13 13:44:43,303 INFO Measurement at current 0.0007035175879396985
2023-04-13 13:44:43,906 INFO T:246.57Â°K V:1.8771e-03V I:7.0352e-04A R:2.6682e+00ğ›€ E:5.7937e-02V/cm J:3.0789e-02A/cm2 ğ›’:1.8818e+00ğ›€ cm
2023-04-13 13:44:43,938 INFO Measurement at current 0.000721105527638191
2023-04-13 13:44:44,529 INFO T:246.57Â°K V:1.9242e-03V I:7.2111e-04A R:2.6683e+00ğ›€ E:5.9387e-02V/cm J:3.1558e-02A/cm2 ğ›’:1.8818e+00ğ›€ cm
2023-04-13 13:44:44,549 INFO Measurement at current 0.0007386934673366835
2023-04-13 13:44:45,145 INFO T:246.57Â°K V:1.9712e-03V I:7.3869e-04A R:2.6684e+00ğ›€ E:6.0838e-02V/cm J:3.2328e-02A/cm2 ğ›’:1.8819e+00ğ›€ cm
2023-04-13 13:44:45,185 INFO Measurement at current 0.0007562814070351759
2023-04-13 13:44:45,795 INFO T:246.57Â°K V:2.0181e-03V I:7.5628e-04A R:2.6685e+00ğ›€ E:6.2288e-02V/cm J:3.3098e-02A/cm2 ğ›’:1.8819e+00ğ›€ cm
2023-04-13 13:44:45,814 INFO Measurement at current 0.0007738693467336684
2023-04-13 13:44:46,415 INFO T:246.56Â°K V:2.0650e-03V I:7.7387e-04A R:2.6684e+00ğ›€ E:6.3734e-02V/cm J:3.3867e-02A/cm2 ğ›’:1.8819e+00ğ›€ cm
2023-04-13 13:44:46,434 INFO Measurement at current 0.0007914572864321608
2023-04-13 13:44:47,028 INFO T:246.56Â°K V:2.1119e-03V I:7.9146e-04A R:2.6684e+00ğ›€ E:6.5183e-02V/cm J:3.4637e-02A/cm2 ğ›’:1.8819e+00ğ›€ cm
2023-04-13 13:44:47,051 INFO Measurement at current 0.0008090452261306534
2023-04-13 13:44:47,664 INFO T:246.56Â°K V:2.1589e-03V I:8.0905e-04A R:2.6684e+00ğ›€ E:6.6631e-02V/cm J:3.5407e-02A/cm2 ğ›’:1.8819e+00ğ›€ cm
2023-04-13 13:44:47,690 INFO Measurement at current 0.0008266331658291458
2023-04-13 13:44:48,297 INFO T:246.56Â°K V:2.2059e-03V I:8.2663e-04A R:2.6685e+00ğ›€ E:6.8082e-02V/cm J:3.6177e-02A/cm2 ğ›’:1.8820e+00ğ›€ cm
2023-04-13 13:44:48,338 INFO Measurement at current 0.0008442211055276383
2023-04-13 13:44:48,935 INFO T:246.56Â°K V:2.2527e-03V I:8.4422e-04A R:2.6684e+00ğ›€ E:6.9529e-02V/cm J:3.6946e-02A/cm2 ğ›’:1.8819e+00ğ›€ cm
2023-04-13 13:44:48,955 INFO Measurement at current 0.0008618090452261307
2023-04-13 13:44:49,563 INFO T:246.56Â°K V:2.2997e-03V I:8.6181e-04A R:2.6685e+00ğ›€ E:7.0979e-02V/cm J:3.7716e-02A/cm2 ğ›’:1.8819e+00ğ›€ cm
2023-04-13 13:44:49,583 INFO Measurement at current 0.0008793969849246232
2023-04-13 13:44:50,203 INFO T:246.55Â°K V:2.3467e-03V I:8.7940e-04A R:2.6686e+00ğ›€ E:7.2430e-02V/cm J:3.8486e-02A/cm2 ğ›’:1.8820e+00ğ›€ cm
2023-04-13 13:44:50,228 INFO Measurement at current 0.0008969849246231157
2023-04-13 13:44:50,848 INFO T:246.55Â°K V:2.3937e-03V I:8.9698e-04A R:2.6686e+00ğ›€ E:7.3879e-02V/cm J:3.9255e-02A/cm2 ğ›’:1.8820e+00ğ›€ cm
2023-04-13 13:44:50,867 INFO Measurement at current 0.0009145728643216081
2023-04-13 13:44:51,464 INFO T:246.55Â°K V:2.4405e-03V I:9.1457e-04A R:2.6685e+00ğ›€ E:7.5324e-02V/cm J:4.0025e-02A/cm2 ğ›’:1.8819e+00ğ›€ cm
2023-04-13 13:44:51,488 INFO Measurement at current 0.0009321608040201006
2023-04-13 13:44:52,083 INFO T:246.55Â°K V:2.4874e-03V I:9.3216e-04A R:2.6685e+00ğ›€ E:7.6773e-02V/cm J:4.0795e-02A/cm2 ğ›’:1.8819e+00ğ›€ cm
2023-04-13 13:44:52,108 INFO Measurement at current 0.000949748743718593
2023-04-13 13:44:52,710 INFO T:246.55Â°K V:2.5344e-03V I:9.4975e-04A R:2.6685e+00ğ›€ E:7.8223e-02V/cm J:4.1564e-02A/cm2 ğ›’:1.8820e+00ğ›€ cm
2023-04-13 13:44:52,733 INFO Measurement at current 0.0009673366834170855
2023-04-13 13:44:53,333 INFO T:246.55Â°K V:2.5814e-03V I:9.6734e-04A R:2.6686e+00ğ›€ E:7.9674e-02V/cm J:4.2334e-02A/cm2 ğ›’:1.8820e+00ğ›€ cm
2023-04-13 13:44:53,349 INFO Measurement at current 0.0009849246231155779
2023-04-13 13:44:53,950 INFO T:246.54Â°K V:2.6283e-03V I:9.8492e-04A R:2.6686e+00ğ›€ E:8.1121e-02V/cm J:4.3104e-02A/cm2 ğ›’:1.8820e+00ğ›€ cm
2023-04-13 13:44:53,969 INFO Measurement at current 0.0010025125628140704
2023-04-13 13:44:54,572 INFO T:246.54Â°K V:2.6753e-03V I:1.0025e-03A R:2.6686e+00ğ›€ E:8.2572e-02V/cm J:4.3874e-02A/cm2 ğ›’:1.8820e+00ğ›€ cm
2023-04-13 13:44:54,588 INFO Measurement at current 0.001020100502512563
2023-04-13 13:44:55,184 INFO T:246.54Â°K V:2.7223e-03V I:1.0201e-03A R:2.6687e+00ğ›€ E:8.4023e-02V/cm J:4.4643e-02A/cm2 ğ›’:1.8821e+00ğ›€ cm
2023-04-13 13:44:55,200 INFO Measurement at current 0.0010376884422110553
2023-04-13 13:44:55,794 INFO T:246.54Â°K V:2.7693e-03V I:1.0377e-03A R:2.6688e+00ğ›€ E:8.5473e-02V/cm J:4.5413e-02A/cm2 ğ›’:1.8821e+00ğ›€ cm
2023-04-13 13:44:55,812 INFO Measurement at current 0.0010552763819095478
2023-04-13 13:44:56,411 INFO T:246.54Â°K V:2.8172e-03V I:1.0553e-03A R:2.6696e+00ğ›€ E:8.6951e-02V/cm J:4.6183e-02A/cm2 ğ›’:1.8828e+00ğ›€ cm
2023-04-13 13:44:56,428 INFO Measurement at current 0.0010728643216080403
2023-04-13 13:44:58,076 INFO T:246.53Â°K V:2.8640e-03V I:1.0729e-03A R:2.6695e+00ğ›€ E:8.8396e-02V/cm J:4.6952e-02A/cm2 ğ›’:1.8827e+00ğ›€ cm
2023-04-13 13:44:58,096 INFO Measurement at current 0.0010904522613065328
2023-04-13 13:44:58,697 INFO T:246.53Â°K V:2.9108e-03V I:1.0905e-03A R:2.6694e+00ğ›€ E:8.9841e-02V/cm J:4.7722e-02A/cm2 ğ›’:1.8826e+00ğ›€ cm
2023-04-13 13:44:58,732 INFO Measurement at current 0.0011080402010050251
2023-04-13 13:44:59,341 INFO T:246.53Â°K V:2.9572e-03V I:1.1080e-03A R:2.6688e+00ğ›€ E:9.1271e-02V/cm J:4.8492e-02A/cm2 ğ›’:1.8822e+00ğ›€ cm
2023-04-13 13:44:59,374 INFO Measurement at current 0.0011256281407035177
2023-04-13 13:44:59,990 INFO T:246.53Â°K V:3.0040e-03V I:1.1256e-03A R:2.6687e+00ğ›€ E:9.2717e-02V/cm J:4.9262e-02A/cm2 ğ›’:1.8821e+00ğ›€ cm
2023-04-13 13:45:00,033 INFO Measurement at current 0.0011432160804020102
2023-04-13 13:45:00,638 INFO T:246.53Â°K V:3.0508e-03V I:1.1432e-03A R:2.6686e+00ğ›€ E:9.4161e-02V/cm J:5.0031e-02A/cm2 ğ›’:1.8820e+00ğ›€ cm
2023-04-13 13:45:00,664 INFO Measurement at current 0.0011608040201005025
2023-04-13 13:45:01,275 INFO T:246.53Â°K V:3.0989e-03V I:1.1608e-03A R:2.6696e+00ğ›€ E:9.5645e-02V/cm J:5.0801e-02A/cm2 ğ›’:1.8827e+00ğ›€ cm
2023-04-13 13:45:01,305 INFO Measurement at current 0.001178391959798995
2023-04-13 13:45:01,920 INFO T:246.52Â°K V:3.1453e-03V I:1.1784e-03A R:2.6691e+00ğ›€ E:9.7076e-02V/cm J:5.1571e-02A/cm2 ğ›’:1.8824e+00ğ›€ cm
2023-04-13 13:45:01,940 INFO Measurement at current 0.0011959798994974876
2023-04-13 13:45:02,546 INFO T:246.52Â°K V:3.1921e-03V I:1.1960e-03A R:2.6690e+00ğ›€ E:9.8521e-02V/cm J:5.2340e-02A/cm2 ğ›’:1.8823e+00ğ›€ cm
2023-04-13 13:45:02,568 INFO Measurement at current 0.00121356783919598
2023-04-13 13:45:03,173 INFO T:246.52Â°K V:3.2389e-03V I:1.2136e-03A R:2.6689e+00ğ›€ E:9.9965e-02V/cm J:5.3110e-02A/cm2 ğ›’:1.8822e+00ğ›€ cm
2023-04-13 13:45:03,201 INFO Measurement at current 0.0012311557788944724
2023-04-13 13:45:03,812 INFO T:246.52Â°K V:3.2857e-03V I:1.2312e-03A R:2.6688e+00ğ›€ E:1.0141e-01V/cm J:5.3880e-02A/cm2 ğ›’:1.8822e+00ğ›€ cm
2023-04-13 13:45:03,835 INFO Measurement at current 0.001248743718592965
2023-04-13 13:45:04,456 INFO T:246.52Â°K V:3.3325e-03V I:1.2487e-03A R:2.6687e+00ğ›€ E:1.0285e-01V/cm J:5.4650e-02A/cm2 ğ›’:1.8821e+00ğ›€ cm
2023-04-13 13:45:04,505 INFO Measurement at current 0.0012663316582914575
2023-04-13 13:45:05,119 INFO T:246.52Â°K V:3.3802e-03V I:1.2663e-03A R:2.6693e+00ğ›€ E:1.0433e-01V/cm J:5.5419e-02A/cm2 ğ›’:1.8825e+00ğ›€ cm
2023-04-13 13:45:05,136 INFO Measurement at current 0.0012839195979899498
2023-04-13 13:45:05,738 INFO T:246.51Â°K V:3.4270e-03V I:1.2839e-03A R:2.6692e+00ğ›€ E:1.0577e-01V/cm J:5.6189e-02A/cm2 ğ›’:1.8824e+00ğ›€ cm
2023-04-13 13:45:05,773 INFO Measurement at current 0.0013015075376884423
2023-04-13 13:45:06,377 INFO T:246.51Â°K V:3.4738e-03V I:1.3015e-03A R:2.6691e+00ğ›€ E:1.0722e-01V/cm J:5.6959e-02A/cm2 ğ›’:1.8824e+00ğ›€ cm
2023-04-13 13:45:06,398 INFO Measurement at current 0.0013190954773869348
2023-04-13 13:45:06,992 INFO T:246.51Â°K V:3.5206e-03V I:1.3191e-03A R:2.6689e+00ğ›€ E:1.0866e-01V/cm J:5.7728e-02A/cm2 ğ›’:1.8823e+00ğ›€ cm
2023-04-13 13:45:07,011 INFO Measurement at current 0.0013366834170854271
2023-04-13 13:45:07,623 INFO T:246.51Â°K V:3.5670e-03V I:1.3367e-03A R:2.6686e+00ğ›€ E:1.1009e-01V/cm J:5.8498e-02A/cm2 ğ›’:1.8820e+00ğ›€ cm
2023-04-13 13:45:07,653 INFO Measurement at current 0.0013542713567839197
2023-04-13 13:45:08,263 INFO T:246.51Â°K V:3.6152e-03V I:1.3543e-03A R:2.6695e+00ğ›€ E:1.1158e-01V/cm J:5.9268e-02A/cm2 ğ›’:1.8827e+00ğ›€ cm
2023-04-13 13:45:08,298 INFO Measurement at current 0.0013718592964824122
2023-04-13 13:45:08,920 INFO T:246.51Â°K V:3.6621e-03V I:1.3719e-03A R:2.6695e+00ğ›€ E:1.1303e-01V/cm J:6.0038e-02A/cm2 ğ›’:1.8826e+00ğ›€ cm
2023-04-13 13:45:08,941 INFO Measurement at current 0.0013894472361809047
2023-04-13 13:45:09,547 INFO T:246.50Â°K V:3.7090e-03V I:1.3894e-03A R:2.6694e+00ğ›€ E:1.1447e-01V/cm J:6.0807e-02A/cm2 ğ›’:1.8826e+00ğ›€ cm
2023-04-13 13:45:09,567 INFO Measurement at current 0.001407035175879397
2023-04-13 13:45:10,163 INFO T:246.50Â°K V:3.7554e-03V I:1.4070e-03A R:2.6690e+00ğ›€ E:1.1591e-01V/cm J:6.1577e-02A/cm2 ğ›’:1.8823e+00ğ›€ cm
2023-04-13 13:45:10,182 INFO Measurement at current 0.0014246231155778896
2023-04-13 13:45:10,772 INFO T:246.50Â°K V:3.8023e-03V I:1.4246e-03A R:2.6690e+00ğ›€ E:1.1735e-01V/cm J:6.2347e-02A/cm2 ğ›’:1.8823e+00ğ›€ cm
2023-04-13 13:45:10,791 INFO Measurement at current 0.001442211055276382
2023-04-13 13:45:11,385 INFO T:246.50Â°K V:3.8491e-03V I:1.4422e-03A R:2.6689e+00ğ›€ E:1.1880e-01V/cm J:6.3116e-02A/cm2 ğ›’:1.8822e+00ğ›€ cm
2023-04-13 13:45:11,409 INFO Measurement at current 0.0014597989949748744
2023-04-13 13:45:12,024 INFO T:246.50Â°K V:3.8973e-03V I:1.4598e-03A R:2.6698e+00ğ›€ E:1.2029e-01V/cm J:6.3886e-02A/cm2 ğ›’:1.8828e+00ğ›€ cm
2023-04-13 13:45:12,057 INFO Measurement at current 0.001477386934673367
2023-04-13 13:45:12,668 INFO T:246.50Â°K V:3.9438e-03V I:1.4774e-03A R:2.6694e+00ğ›€ E:1.2172e-01V/cm J:6.4656e-02A/cm2 ğ›’:1.8826e+00ğ›€ cm
2023-04-13 13:45:12,692 INFO Measurement at current 0.0014949748743718595
2023-04-13 13:45:13,297 INFO T:246.49Â°K V:3.9906e-03V I:1.4950e-03A R:2.6693e+00ğ›€ E:1.2317e-01V/cm J:6.5426e-02A/cm2 ğ›’:1.8825e+00ğ›€ cm
2023-04-13 13:45:13,331 INFO Measurement at current 0.0015125628140703518
2023-04-13 13:45:13,935 INFO T:246.49Â°K V:4.0374e-03V I:1.5126e-03A R:2.6693e+00ğ›€ E:1.2461e-01V/cm J:6.6195e-02A/cm2 ğ›’:1.8825e+00ğ›€ cm
2023-04-13 13:45:13,983 INFO Measurement at current 0.0015301507537688443
2023-04-13 13:45:14,584 INFO T:246.49Â°K V:4.0843e-03V I:1.5302e-03A R:2.6692e+00ğ›€ E:1.2606e-01V/cm J:6.6965e-02A/cm2 ğ›’:1.8824e+00ğ›€ cm
2023-04-13 13:45:14,611 INFO Measurement at current 0.0015477386934673368
2023-04-13 13:45:15,247 INFO T:246.49Â°K V:4.1307e-03V I:1.5477e-03A R:2.6689e+00ğ›€ E:1.2749e-01V/cm J:6.7735e-02A/cm2 ğ›’:1.8822e+00ğ›€ cm
2023-04-13 13:45:15,290 INFO Measurement at current 0.0015653266331658294
2023-04-13 13:45:15,899 INFO T:246.49Â°K V:4.1789e-03V I:1.5653e-03A R:2.6697e+00ğ›€ E:1.2898e-01V/cm J:6.8504e-02A/cm2 ğ›’:1.8828e+00ğ›€ cm
2023-04-13 13:45:15,928 INFO Measurement at current 0.0015829145728643217
2023-04-13 13:45:16,524 INFO T:246.49Â°K V:4.2257e-03V I:1.5829e-03A R:2.6696e+00ğ›€ E:1.3042e-01V/cm J:6.9274e-02A/cm2 ğ›’:1.8827e+00ğ›€ cm
2023-04-13 13:45:16,578 INFO Measurement at current 0.0016005025125628142
2023-04-13 13:45:17,215 INFO T:246.48Â°K V:4.2726e-03V I:1.6005e-03A R:2.6696e+00ğ›€ E:1.3187e-01V/cm J:7.0044e-02A/cm2 ğ›’:1.8827e+00ğ›€ cm
2023-04-13 13:45:17,238 INFO Measurement at current 0.0016180904522613067
2023-04-13 13:45:17,837 INFO T:246.48Â°K V:4.3191e-03V I:1.6181e-03A R:2.6692e+00ğ›€ E:1.3330e-01V/cm J:7.0814e-02A/cm2 ğ›’:1.8825e+00ğ›€ cm
2023-04-13 13:45:17,863 INFO Measurement at current 0.001635678391959799
2023-04-13 13:45:18,476 INFO T:246.48Â°K V:4.3659e-03V I:1.6357e-03A R:2.6692e+00ğ›€ E:1.3475e-01V/cm J:7.1583e-02A/cm2 ğ›’:1.8824e+00ğ›€ cm
2023-04-13 13:45:18,492 INFO Measurement at current 0.0016532663316582916
2023-04-13 13:45:19,093 INFO T:246.48Â°K V:4.4141e-03V I:1.6533e-03A R:2.6699e+00ğ›€ E:1.3624e-01V/cm J:7.2353e-02A/cm2 ğ›’:1.8830e+00ğ›€ cm
2023-04-13 13:45:19,109 INFO Measurement at current 0.001670854271356784
2023-04-13 13:45:19,700 INFO T:246.48Â°K V:4.4609e-03V I:1.6709e-03A R:2.6698e+00ğ›€ E:1.3768e-01V/cm J:7.3123e-02A/cm2 ğ›’:1.8829e+00ğ›€ cm
2023-04-13 13:45:19,721 INFO Measurement at current 0.0016884422110552766
2023-04-13 13:45:20,315 INFO T:246.48Â°K V:4.5073e-03V I:1.6884e-03A R:2.6695e+00ğ›€ E:1.3911e-01V/cm J:7.3892e-02A/cm2 ğ›’:1.8827e+00ğ›€ cm
2023-04-13 13:45:20,334 INFO Measurement at current 0.001706030150753769
2023-04-13 13:45:20,929 INFO T:246.47Â°K V:4.5542e-03V I:1.7060e-03A R:2.6695e+00ğ›€ E:1.4056e-01V/cm J:7.4662e-02A/cm2 ğ›’:1.8826e+00ğ›€ cm
2023-04-13 13:45:20,959 INFO Measurement at current 0.0017236180904522615
2023-04-13 13:45:21,559 INFO T:246.47Â°K V:4.6011e-03V I:1.7236e-03A R:2.6694e+00ğ›€ E:1.4201e-01V/cm J:7.5432e-02A/cm2 ğ›’:1.8826e+00ğ›€ cm
2023-04-13 13:45:21,577 INFO Measurement at current 0.001741206030150754
2023-04-13 13:45:22,192 INFO T:246.47Â°K V:4.6479e-03V I:1.7412e-03A R:2.6694e+00ğ›€ E:1.4345e-01V/cm J:7.6202e-02A/cm2 ğ›’:1.8826e+00ğ›€ cm
2023-04-13 13:45:22,217 INFO Measurement at current 0.0017587939698492463
2023-04-13 13:45:22,812 INFO T:246.47Â°K V:4.6961e-03V I:1.7588e-03A R:2.6701e+00ğ›€ E:1.4494e-01V/cm J:7.6971e-02A/cm2 ğ›’:1.8831e+00ğ›€ cm
2023-04-13 13:45:22,834 INFO Measurement at current 0.0017763819095477388
2023-04-13 13:45:23,435 INFO T:246.47Â°K V:4.7426e-03V I:1.7764e-03A R:2.6698e+00ğ›€ E:1.4638e-01V/cm J:7.7741e-02A/cm2 ğ›’:1.8829e+00ğ›€ cm
2023-04-13 13:45:23,462 INFO Measurement at current 0.0017939698492462314
2023-04-13 13:45:24,077 INFO T:246.47Â°K V:4.7894e-03V I:1.7940e-03A R:2.6697e+00ğ›€ E:1.4782e-01V/cm J:7.8511e-02A/cm2 ğ›’:1.8828e+00ğ›€ cm
2023-04-13 13:45:24,108 INFO Measurement at current 0.0018115577889447237
2023-04-13 13:45:24,704 INFO T:246.47Â°K V:4.8363e-03V I:1.8116e-03A R:2.6697e+00ğ›€ E:1.4927e-01V/cm J:7.9280e-02A/cm2 ğ›’:1.8828e+00ğ›€ cm
2023-04-13 13:45:24,756 INFO Measurement at current 0.0018291457286432162
2023-04-13 13:45:25,357 INFO T:246.46Â°K V:4.8831e-03V I:1.8291e-03A R:2.6696e+00ğ›€ E:1.5071e-01V/cm J:8.0050e-02A/cm2 ğ›’:1.8827e+00ğ›€ cm
2023-04-13 13:45:25,379 INFO Measurement at current 0.0018467336683417087
2023-04-13 13:45:25,970 INFO T:246.46Â°K V:4.9295e-03V I:1.8467e-03A R:2.6693e+00ğ›€ E:1.5215e-01V/cm J:8.0820e-02A/cm2 ğ›’:1.8825e+00ğ›€ cm
2023-04-13 13:45:26,008 INFO Measurement at current 0.0018643216080402013
2023-04-13 13:45:26,618 INFO T:246.46Â°K V:4.9777e-03V I:1.8643e-03A R:2.6700e+00ğ›€ E:1.5363e-01V/cm J:8.1590e-02A/cm2 ğ›’:1.8830e+00ğ›€ cm
2023-04-13 13:45:26,647 INFO Measurement at current 0.0018819095477386936
2023-04-13 13:45:27,265 INFO T:246.46Â°K V:5.0246e-03V I:1.8819e-03A R:2.6699e+00ğ›€ E:1.5508e-01V/cm J:8.2359e-02A/cm2 ğ›’:1.8830e+00ğ›€ cm
2023-04-13 13:45:27,340 INFO Measurement at current 0.001899497487437186
2023-04-13 13:45:27,939 INFO T:246.46Â°K V:5.0714e-03V I:1.8995e-03A R:2.6699e+00ğ›€ E:1.5653e-01V/cm J:8.3129e-02A/cm2 ğ›’:1.8829e+00ğ›€ cm
2023-04-13 13:45:27,964 INFO Measurement at current 0.0019170854271356786
2023-04-13 13:45:28,597 INFO T:246.46Â°K V:5.1179e-03V I:1.9171e-03A R:2.6696e+00ğ›€ E:1.5796e-01V/cm J:8.3899e-02A/cm2 ğ›’:1.8827e+00ğ›€ cm
2023-04-13 13:45:28,617 INFO Measurement at current 0.001934673366834171
2023-04-13 13:45:29,224 INFO T:246.45Â°K V:5.1647e-03V I:1.9347e-03A R:2.6695e+00ğ›€ E:1.5940e-01V/cm J:8.4668e-02A/cm2 ğ›’:1.8827e+00ğ›€ cm
2023-04-13 13:45:29,295 INFO Measurement at current 0.0019522613065326635
2023-04-13 13:45:29,928 INFO T:246.45Â°K V:5.2129e-03V I:1.9523e-03A R:2.6702e+00ğ›€ E:1.6089e-01V/cm J:8.5438e-02A/cm2 ğ›’:1.8831e+00ğ›€ cm
2023-04-13 13:45:29,945 INFO Measurement at current 0.0019698492462311558
2023-04-13 13:45:30,554 INFO T:246.45Â°K V:5.2598e-03V I:1.9698e-03A R:2.6701e+00ğ›€ E:1.6234e-01V/cm J:8.6208e-02A/cm2 ğ›’:1.8831e+00ğ›€ cm
2023-04-13 13:45:30,575 INFO Measurement at current 0.0019874371859296483
2023-04-13 13:45:31,169 INFO T:246.45Â°K V:5.3062e-03V I:1.9874e-03A R:2.6699e+00ğ›€ E:1.6377e-01V/cm J:8.6978e-02A/cm2 ğ›’:1.8829e+00ğ›€ cm
2023-04-13 13:45:31,186 INFO Measurement at current 0.002005025125628141
2023-04-13 13:45:31,781 INFO T:246.45Â°K V:5.3530e-03V I:2.0050e-03A R:2.6698e+00ğ›€ E:1.6522e-01V/cm J:8.7747e-02A/cm2 ğ›’:1.8829e+00ğ›€ cm
2023-04-13 13:45:31,810 INFO Measurement at current 0.0020226130653266334
2023-04-13 13:45:32,423 INFO T:246.45Â°K V:5.3999e-03V I:2.0226e-03A R:2.6698e+00ğ›€ E:1.6666e-01V/cm J:8.8517e-02A/cm2 ğ›’:1.8828e+00ğ›€ cm
2023-04-13 13:45:32,478 INFO Measurement at current 0.002040201005025126
2023-04-13 13:45:33,107 INFO T:246.44Â°K V:5.4467e-03V I:2.0402e-03A R:2.6697e+00ğ›€ E:1.6811e-01V/cm J:8.9287e-02A/cm2 ğ›’:1.8828e+00ğ›€ cm
2023-04-13 13:45:33,137 INFO Measurement at current 0.0020577889447236184
2023-04-13 13:45:33,724 INFO T:246.44Â°K V:5.4944e-03V I:2.0578e-03A R:2.6700e+00ğ›€ E:1.6958e-01V/cm J:9.0056e-02A/cm2 ğ›’:1.8830e+00ğ›€ cm
2023-04-13 13:45:33,742 INFO Measurement at current 0.0020753768844221105
2023-04-13 13:45:34,349 INFO T:246.44Â°K V:5.5412e-03V I:2.0754e-03A R:2.6700e+00ğ›€ E:1.7103e-01V/cm J:9.0826e-02A/cm2 ğ›’:1.8830e+00ğ›€ cm
2023-04-13 13:45:34,366 INFO Measurement at current 0.002092964824120603
2023-04-13 13:45:34,952 INFO T:246.44Â°K V:5.5880e-03V I:2.0930e-03A R:2.6699e+00ğ›€ E:1.7247e-01V/cm J:9.1596e-02A/cm2 ğ›’:1.8830e+00ğ›€ cm
2023-04-13 13:45:34,968 INFO Measurement at current 0.0021105527638190956
2023-04-13 13:45:35,555 INFO T:246.44Â°K V:5.6348e-03V I:2.1106e-03A R:2.6698e+00ğ›€ E:1.7392e-01V/cm J:9.2366e-02A/cm2 ğ›’:1.8829e+00ğ›€ cm
2023-04-13 13:45:35,568 INFO Measurement at current 0.002128140703517588
2023-04-13 13:45:36,160 INFO T:246.44Â°K V:5.6812e-03V I:2.1281e-03A R:2.6696e+00ğ›€ E:1.7535e-01V/cm J:9.3135e-02A/cm2 ğ›’:1.8827e+00ğ›€ cm
2023-04-13 13:45:36,177 INFO Measurement at current 0.0021457286432160806
2023-04-13 13:45:36,768 INFO T:246.44Â°K V:5.7280e-03V I:2.1457e-03A R:2.6695e+00ğ›€ E:1.7679e-01V/cm J:9.3905e-02A/cm2 ğ›’:1.8826e+00ğ›€ cm
2023-04-13 13:45:36,784 INFO Measurement at current 0.002163316582914573
2023-04-13 13:45:37,374 INFO T:246.43Â°K V:5.7761e-03V I:2.1633e-03A R:2.6700e+00ğ›€ E:1.7828e-01V/cm J:9.4675e-02A/cm2 ğ›’:1.8830e+00ğ›€ cm
2023-04-13 13:45:37,390 INFO Measurement at current 0.0021809045226130657
2023-04-13 13:45:37,979 INFO T:246.43Â°K V:5.8229e-03V I:2.1809e-03A R:2.6700e+00ğ›€ E:1.7972e-01V/cm J:9.5444e-02A/cm2 ğ›’:1.8830e+00ğ›€ cm
2023-04-13 13:45:37,998 INFO Measurement at current 0.0021984924623115578
2023-04-13 13:45:38,591 INFO T:246.43Â°K V:5.8693e-03V I:2.1985e-03A R:2.6697e+00ğ›€ E:1.8115e-01V/cm J:9.6214e-02A/cm2 ğ›’:1.8828e+00ğ›€ cm
2023-04-13 13:45:38,611 INFO Measurement at current 0.0022160804020100503
2023-04-13 13:45:39,221 INFO T:246.43Â°K V:5.9161e-03V I:2.2161e-03A R:2.6696e+00ğ›€ E:1.8260e-01V/cm J:9.6984e-02A/cm2 ğ›’:1.8827e+00ğ›€ cm
2023-04-13 13:45:39,245 INFO Measurement at current 0.002233668341708543
2023-04-13 13:45:39,889 INFO T:246.43Â°K V:5.9629e-03V I:2.2337e-03A R:2.6695e+00ğ›€ E:1.8404e-01V/cm J:9.7754e-02A/cm2 ğ›’:1.8827e+00ğ›€ cm
2023-04-13 13:45:39,910 INFO Measurement at current 0.0022512562814070354
2023-04-13 13:45:40,510 INFO T:246.43Â°K V:6.0110e-03V I:2.2513e-03A R:2.6701e+00ğ›€ E:1.8552e-01V/cm J:9.8523e-02A/cm2 ğ›’:1.8831e+00ğ›€ cm
2023-04-13 13:45:40,566 INFO Measurement at current 0.002268844221105528
2023-04-13 13:45:41,165 INFO T:246.42Â°K V:6.0573e-03V I:2.2688e-03A R:2.6698e+00ğ›€ E:1.8696e-01V/cm J:9.9293e-02A/cm2 ğ›’:1.8829e+00ğ›€ cm
2023-04-13 13:45:41,182 INFO Measurement at current 0.0022864321608040204
2023-04-13 13:45:41,771 INFO T:246.42Â°K V:6.1042e-03V I:2.2864e-03A R:2.6697e+00ğ›€ E:1.8840e-01V/cm J:1.0006e-01A/cm2 ğ›’:1.8828e+00ğ›€ cm
2023-04-13 13:45:41,789 INFO Measurement at current 0.002304020100502513
2023-04-13 13:45:42,385 INFO T:246.42Â°K V:6.1510e-03V I:2.3040e-03A R:2.6697e+00ğ›€ E:1.8985e-01V/cm J:1.0083e-01A/cm2 ğ›’:1.8828e+00ğ›€ cm
2023-04-13 13:45:42,401 INFO Measurement at current 0.002321608040201005
2023-04-13 13:45:42,988 INFO T:246.42Â°K V:6.1978e-03V I:2.3216e-03A R:2.6696e+00ğ›€ E:1.9129e-01V/cm J:1.0160e-01A/cm2 ğ›’:1.8827e+00ğ›€ cm
2023-04-13 13:45:43,002 INFO Measurement at current 0.0023391959798994976
2023-04-13 13:45:43,590 INFO T:246.42Â°K V:6.2445e-03V I:2.3392e-03A R:2.6695e+00ğ›€ E:1.9273e-01V/cm J:1.0237e-01A/cm2 ğ›’:1.8827e+00ğ›€ cm
2023-04-13 13:45:43,604 INFO Measurement at current 0.00235678391959799
2023-04-13 13:45:44,192 INFO T:246.42Â°K V:6.2922e-03V I:2.3568e-03A R:2.6698e+00ğ›€ E:1.9420e-01V/cm J:1.0314e-01A/cm2 ğ›’:1.8829e+00ğ›€ cm
2023-04-13 13:45:44,209 INFO Measurement at current 0.0023743718592964826
2023-04-13 13:45:44,798 INFO T:246.42Â°K V:6.3390e-03V I:2.3744e-03A R:2.6697e+00ğ›€ E:1.9565e-01V/cm J:1.0391e-01A/cm2 ğ›’:1.8828e+00ğ›€ cm
2023-04-13 13:45:44,811 INFO Measurement at current 0.002391959798994975
2023-04-13 13:45:45,397 INFO T:246.41Â°K V:6.3858e-03V I:2.3920e-03A R:2.6697e+00ğ›€ E:1.9709e-01V/cm J:1.0468e-01A/cm2 ğ›’:1.8828e+00ğ›€ cm
2023-04-13 13:45:45,411 INFO Measurement at current 0.0024095477386934677
2023-04-13 13:45:45,997 INFO T:246.41Â°K V:6.4326e-03V I:2.4095e-03A R:2.6696e+00ğ›€ E:1.9854e-01V/cm J:1.0545e-01A/cm2 ğ›’:1.8827e+00ğ›€ cm
2023-04-13 13:45:46,011 INFO Measurement at current 0.00242713567839196
2023-04-13 13:45:46,602 INFO T:246.41Â°K V:6.4790e-03V I:2.4271e-03A R:2.6694e+00ğ›€ E:1.9997e-01V/cm J:1.0622e-01A/cm2 ğ›’:1.8826e+00ğ›€ cm
2023-04-13 13:45:46,619 INFO Measurement at current 0.0024447236180904523
2023-04-13 13:45:47,228 INFO T:246.41Â°K V:6.5258e-03V I:2.4447e-03A R:2.6693e+00ğ›€ E:2.0141e-01V/cm J:1.0699e-01A/cm2 ğ›’:1.8825e+00ğ›€ cm
2023-04-13 13:45:47,243 INFO Measurement at current 0.002462311557788945
2023-04-13 13:45:47,852 INFO T:246.41Â°K V:6.5740e-03V I:2.4623e-03A R:2.6698e+00ğ›€ E:2.0290e-01V/cm J:1.0776e-01A/cm2 ğ›’:1.8829e+00ğ›€ cm
2023-04-13 13:45:47,868 INFO Measurement at current 0.0024798994974874373
2023-04-13 13:45:48,459 INFO T:246.41Â°K V:6.6208e-03V I:2.4799e-03A R:2.6698e+00ğ›€ E:2.0434e-01V/cm J:1.0853e-01A/cm2 ğ›’:1.8828e+00ğ›€ cm
2023-04-13 13:45:48,487 INFO Measurement at current 0.00249748743718593
2023-04-13 13:45:49,085 INFO T:246.40Â°K V:6.6672e-03V I:2.4975e-03A R:2.6695e+00ğ›€ E:2.0578e-01V/cm J:1.0930e-01A/cm2 ğ›’:1.8827e+00ğ›€ cm
2023-04-13 13:45:49,107 INFO Measurement at current 0.0025150753768844224
2023-04-13 13:45:49,695 INFO T:246.40Â°K V:6.7140e-03V I:2.5151e-03A R:2.6695e+00ğ›€ E:2.0722e-01V/cm J:1.1007e-01A/cm2 ğ›’:1.8826e+00ğ›€ cm
2023-04-13 13:45:49,712 INFO Measurement at current 0.002532663316582915
2023-04-13 13:45:50,313 INFO T:246.40Â°K V:6.7608e-03V I:2.5327e-03A R:2.6694e+00ğ›€ E:2.0867e-01V/cm J:1.1084e-01A/cm2 ğ›’:1.8826e+00ğ›€ cm
2023-04-13 13:45:50,356 INFO Measurement at current 0.002550251256281407
2023-04-13 13:45:50,949 INFO T:246.40Â°K V:6.8089e-03V I:2.5503e-03A R:2.6699e+00ğ›€ E:2.1015e-01V/cm J:1.1161e-01A/cm2 ğ›’:1.8829e+00ğ›€ cm
2023-04-13 13:45:50,965 INFO Measurement at current 0.0025678391959798996
2023-04-13 13:45:51,570 INFO T:246.40Â°K V:6.8553e-03V I:2.5678e-03A R:2.6697e+00ğ›€ E:2.1158e-01V/cm J:1.1238e-01A/cm2 ğ›’:1.8828e+00ğ›€ cm
2023-04-13 13:45:51,587 INFO Measurement at current 0.002585427135678392
2023-04-13 13:45:52,181 INFO T:246.40Â°K V:6.9021e-03V I:2.5854e-03A R:2.6696e+00ğ›€ E:2.1303e-01V/cm J:1.1315e-01A/cm2 ğ›’:1.8827e+00ğ›€ cm
2023-04-13 13:45:52,210 INFO Measurement at current 0.0026030150753768846
2023-04-13 13:45:52,806 INFO T:246.40Â°K V:6.9489e-03V I:2.6030e-03A R:2.6696e+00ğ›€ E:2.1447e-01V/cm J:1.1392e-01A/cm2 ğ›’:1.8827e+00ğ›€ cm
2023-04-13 13:45:52,822 INFO Measurement at current 0.002620603015075377
2023-04-13 13:45:53,412 INFO T:246.39Â°K V:6.9957e-03V I:2.6206e-03A R:2.6695e+00ğ›€ E:2.1592e-01V/cm J:1.1469e-01A/cm2 ğ›’:1.8827e+00ğ›€ cm
2023-04-13 13:45:53,429 INFO Measurement at current 0.0026381909547738697
2023-04-13 13:45:54,018 INFO T:246.39Â°K V:7.0421e-03V I:2.6382e-03A R:2.6693e+00ğ›€ E:2.1735e-01V/cm J:1.1546e-01A/cm2 ğ›’:1.8825e+00ğ›€ cm
2023-04-13 13:45:54,034 INFO Measurement at current 0.002655778894472362
2023-04-13 13:45:54,623 INFO T:246.39Â°K V:7.0902e-03V I:2.6558e-03A R:2.6697e+00ğ›€ E:2.1883e-01V/cm J:1.1623e-01A/cm2 ğ›’:1.8828e+00ğ›€ cm
2023-04-13 13:45:54,639 INFO Measurement at current 0.0026733668341708543
2023-04-13 13:45:55,227 INFO T:246.39Â°K V:7.1370e-03V I:2.6734e-03A R:2.6697e+00ğ›€ E:2.2028e-01V/cm J:1.1700e-01A/cm2 ğ›’:1.8828e+00ğ›€ cm
2023-04-13 13:45:55,242 INFO Measurement at current 0.002690954773869347
2023-04-13 13:45:55,831 INFO T:246.39Â°K V:7.1839e-03V I:2.6910e-03A R:2.6696e+00ğ›€ E:2.2172e-01V/cm J:1.1777e-01A/cm2 ğ›’:1.8828e+00ğ›€ cm
2023-04-13 13:45:55,891 INFO Measurement at current 0.0027085427135678393
2023-04-13 13:45:56,485 INFO T:246.39Â°K V:7.2303e-03V I:2.7085e-03A R:2.6694e+00ğ›€ E:2.2316e-01V/cm J:1.1854e-01A/cm2 ğ›’:1.8826e+00ğ›€ cm
2023-04-13 13:45:56,502 INFO Measurement at current 0.002726130653266332
2023-04-13 13:45:57,093 INFO T:246.38Â°K V:7.2771e-03V I:2.7261e-03A R:2.6694e+00ğ›€ E:2.2460e-01V/cm J:1.1931e-01A/cm2 ğ›’:1.8826e+00ğ›€ cm
2023-04-13 13:45:57,119 INFO Measurement at current 0.0027437185929648244
2023-04-13 13:45:57,722 INFO T:246.38Â°K V:7.3240e-03V I:2.7437e-03A R:2.6694e+00ğ›€ E:2.2605e-01V/cm J:1.2008e-01A/cm2 ğ›’:1.8826e+00ğ›€ cm
2023-04-13 13:45:57,743 INFO Measurement at current 0.002761306532663317
2023-04-13 13:45:58,362 INFO T:246.38Â°K V:7.3722e-03V I:2.7613e-03A R:2.6698e+00ğ›€ E:2.2754e-01V/cm J:1.2084e-01A/cm2 ğ›’:1.8829e+00ğ›€ cm
2023-04-13 13:45:58,383 INFO Measurement at current 0.0027788944723618095
2023-04-13 13:45:58,974 INFO T:246.38Â°K V:7.4186e-03V I:2.7789e-03A R:2.6696e+00ğ›€ E:2.2897e-01V/cm J:1.2161e-01A/cm2 ğ›’:1.8827e+00ğ›€ cm
2023-04-13 13:45:58,990 INFO Measurement at current 0.0027964824120603016
2023-04-13 13:45:59,581 INFO T:246.38Â°K V:7.4655e-03V I:2.7965e-03A R:2.6696e+00ğ›€ E:2.3042e-01V/cm J:1.2238e-01A/cm2 ğ›’:1.8827e+00ğ›€ cm
2023-04-13 13:45:59,610 INFO Measurement at current 0.002814070351758794
2023-04-13 13:46:00,205 INFO T:246.38Â°K V:7.5123e-03V I:2.8141e-03A R:2.6696e+00ğ›€ E:2.3186e-01V/cm J:1.2315e-01A/cm2 ğ›’:1.8827e+00ğ›€ cm
2023-04-13 13:46:00,222 INFO Measurement at current 0.0028316582914572866
2023-04-13 13:46:00,843 INFO T:246.38Â°K V:7.5592e-03V I:2.8317e-03A R:2.6695e+00ğ›€ E:2.3331e-01V/cm J:1.2392e-01A/cm2 ğ›’:1.8827e+00ğ›€ cm
2023-04-13 13:46:00,863 INFO Measurement at current 0.002849246231155779
2023-04-13 13:46:01,458 INFO T:246.37Â°K V:7.6056e-03V I:2.8492e-03A R:2.6693e+00ğ›€ E:2.3474e-01V/cm J:1.2469e-01A/cm2 ğ›’:1.8825e+00ğ›€ cm
2023-04-13 13:46:01,474 INFO Measurement at current 0.0028668341708542717
2023-04-13 13:46:02,079 INFO T:246.37Â°K V:7.6538e-03V I:2.8668e-03A R:2.6698e+00ğ›€ E:2.3623e-01V/cm J:1.2546e-01A/cm2 ğ›’:1.8828e+00ğ›€ cm
2023-04-13 13:46:02,096 INFO Measurement at current 0.002884422110552764
2023-04-13 13:46:02,715 INFO T:246.37Â°K V:7.7006e-03V I:2.8844e-03A R:2.6697e+00ğ›€ E:2.3767e-01V/cm J:1.2623e-01A/cm2 ğ›’:1.8828e+00ğ›€ cm
2023-04-13 13:46:02,745 INFO Measurement at current 0.0029020100502512567
2023-04-13 13:46:03,342 INFO T:246.37Â°K V:7.7475e-03V I:2.9020e-03A R:2.6697e+00ğ›€ E:2.3912e-01V/cm J:1.2700e-01A/cm2 ğ›’:1.8828e+00ğ›€ cm
2023-04-13 13:46:03,368 INFO Measurement at current 0.002919597989949749
2023-04-13 13:46:03,976 INFO T:246.37Â°K V:7.7944e-03V I:2.9196e-03A R:2.6697e+00ğ›€ E:2.4057e-01V/cm J:1.2777e-01A/cm2 ğ›’:1.8828e+00ğ›€ cm
2023-04-13 13:46:04,000 INFO Measurement at current 0.0029371859296482413
2023-04-13 13:46:04,593 INFO T:246.37Â°K V:7.8408e-03V I:2.9372e-03A R:2.6695e+00ğ›€ E:2.4200e-01V/cm J:1.2854e-01A/cm2 ğ›’:1.8827e+00ğ›€ cm
2023-04-13 13:46:04,627 INFO Measurement at current 0.002954773869346734
2023-04-13 13:46:05,233 INFO T:246.36Â°K V:7.8890e-03V I:2.9548e-03A R:2.6699e+00ğ›€ E:2.4349e-01V/cm J:1.2931e-01A/cm2 ğ›’:1.8830e+00ğ›€ cm
2023-04-13 13:46:05,285 INFO Measurement at current 0.0029723618090452264
2023-04-13 13:46:05,882 INFO T:246.36Â°K V:7.9359e-03V I:2.9724e-03A R:2.6699e+00ğ›€ E:2.4493e-01V/cm J:1.3008e-01A/cm2 ğ›’:1.8829e+00ğ›€ cm
2023-04-13 13:46:05,916 INFO Measurement at current 0.002989949748743719
2023-04-13 13:46:06,524 INFO T:246.36Â°K V:7.9827e-03V I:2.9899e-03A R:2.6699e+00ğ›€ E:2.4638e-01V/cm J:1.3085e-01A/cm2 ğ›’:1.8829e+00ğ›€ cm
2023-04-13 13:46:06,544 INFO Measurement at current 0.0030075376884422115
2023-04-13 13:46:07,139 INFO T:246.36Â°K V:8.0292e-03V I:3.0075e-03A R:2.6697e+00ğ›€ E:2.4781e-01V/cm J:1.3162e-01A/cm2 ğ›’:1.8828e+00ğ›€ cm
2023-04-13 13:46:07,167 INFO Measurement at current 0.0030251256281407036
2023-04-13 13:46:07,759 INFO T:246.36Â°K V:8.0760e-03V I:3.0251e-03A R:2.6696e+00ğ›€ E:2.4926e-01V/cm J:1.3239e-01A/cm2 ğ›’:1.8828e+00ğ›€ cm
2023-04-13 13:46:07,774 INFO Measurement at current 0.003042713567839196
2023-04-13 13:46:08,373 INFO T:246.36Â°K V:8.1229e-03V I:3.0427e-03A R:2.6696e+00ğ›€ E:2.5071e-01V/cm J:1.3316e-01A/cm2 ğ›’:1.8827e+00ğ›€ cm
2023-04-13 13:46:08,393 INFO Measurement at current 0.0030603015075376886
2023-04-13 13:46:08,991 INFO T:246.36Â°K V:8.1711e-03V I:3.0603e-03A R:2.6700e+00ğ›€ E:2.5220e-01V/cm J:1.3393e-01A/cm2 ğ›’:1.8830e+00ğ›€ cm
2023-04-13 13:46:09,020 INFO Measurement at current 0.003077889447236181
2023-04-13 13:46:09,642 INFO T:246.35Â°K V:8.2175e-03V I:3.0779e-03A R:2.6699e+00ğ›€ E:2.5363e-01V/cm J:1.3470e-01A/cm2 ğ›’:1.8829e+00ğ›€ cm
2023-04-13 13:46:09,657 INFO Measurement at current 0.0030954773869346737
2023-04-13 13:46:10,258 INFO T:246.35Â°K V:8.2644e-03V I:3.0955e-03A R:2.6698e+00ğ›€ E:2.5507e-01V/cm J:1.3547e-01A/cm2 ğ›’:1.8829e+00ğ›€ cm
2023-04-13 13:46:10,297 INFO Measurement at current 0.003113065326633166
2023-04-13 13:46:10,887 INFO T:246.35Â°K V:8.3113e-03V I:3.1131e-03A R:2.6698e+00ğ›€ E:2.5652e-01V/cm J:1.3624e-01A/cm2 ğ›’:1.8829e+00ğ›€ cm
2023-04-13 13:46:10,907 INFO Measurement at current 0.0031306532663316587
2023-04-13 13:46:11,517 INFO T:246.35Â°K V:8.3581e-03V I:3.1307e-03A R:2.6698e+00ğ›€ E:2.5797e-01V/cm J:1.3701e-01A/cm2 ğ›’:1.8829e+00ğ›€ cm
2023-04-13 13:46:11,545 INFO Measurement at current 0.003148241206030151
2023-04-13 13:46:12,142 INFO T:246.35Â°K V:8.4046e-03V I:3.1482e-03A R:2.6696e+00ğ›€ E:2.5940e-01V/cm J:1.3778e-01A/cm2 ğ›’:1.8827e+00ğ›€ cm
2023-04-13 13:46:12,174 INFO Measurement at current 0.0031658291457286433
2023-04-13 13:46:12,779 INFO T:246.35Â°K V:8.4528e-03V I:3.1658e-03A R:2.6700e+00ğ›€ E:2.6089e-01V/cm J:1.3855e-01A/cm2 ğ›’:1.8830e+00ğ›€ cm
2023-04-13 13:46:12,796 INFO Measurement at current 0.003183417085427136
2023-04-13 13:46:13,410 INFO T:246.35Â°K V:8.4996e-03V I:3.1834e-03A R:2.6700e+00ğ›€ E:2.6233e-01V/cm J:1.3932e-01A/cm2 ğ›’:1.8830e+00ğ›€ cm
2023-04-13 13:46:13,432 INFO Measurement at current 0.0032010050251256284
2023-04-13 13:46:14,032 INFO T:246.34Â°K V:8.5464e-03V I:3.2010e-03A R:2.6699e+00ğ›€ E:2.6378e-01V/cm J:1.4009e-01A/cm2 ğ›’:1.8830e+00ğ›€ cm
2023-04-13 13:46:14,057 INFO Measurement at current 0.003218592964824121
2023-04-13 13:46:14,653 INFO T:246.34Â°K V:8.5929e-03V I:3.2186e-03A R:2.6698e+00ğ›€ E:2.6521e-01V/cm J:1.4086e-01A/cm2 ğ›’:1.8828e+00ğ›€ cm
2023-04-13 13:46:14,676 INFO Measurement at current 0.0032361809045226135
2023-04-13 13:46:15,280 INFO T:246.34Â°K V:8.6397e-03V I:3.2362e-03A R:2.6697e+00ğ›€ E:2.6666e-01V/cm J:1.4163e-01A/cm2 ğ›’:1.8828e+00ğ›€ cm
2023-04-13 13:46:15,298 INFO Measurement at current 0.003253768844221106
2023-04-13 13:46:15,903 INFO T:246.34Â°K V:8.6879e-03V I:3.2538e-03A R:2.6701e+00ğ›€ E:2.6814e-01V/cm J:1.4240e-01A/cm2 ğ›’:1.8831e+00ğ›€ cm
2023-04-13 13:46:15,925 INFO Measurement at current 0.003271356783919598
2023-04-13 13:46:16,524 INFO T:246.34Â°K V:8.7347e-03V I:3.2714e-03A R:2.6701e+00ğ›€ E:2.6959e-01V/cm J:1.4317e-01A/cm2 ğ›’:1.8831e+00ğ›€ cm
2023-04-13 13:46:16,539 INFO Measurement at current 0.0032889447236180906
2023-04-13 13:46:17,149 INFO T:246.34Â°K V:8.7811e-03V I:3.2889e-03A R:2.6699e+00ğ›€ E:2.7102e-01V/cm J:1.4394e-01A/cm2 ğ›’:1.8829e+00ğ›€ cm
2023-04-13 13:46:17,195 INFO Measurement at current 0.003306532663316583
2023-04-13 13:46:17,785 INFO T:246.33Â°K V:8.8280e-03V I:3.3065e-03A R:2.6699e+00ğ›€ E:2.7247e-01V/cm J:1.4471e-01A/cm2 ğ›’:1.8829e+00ğ›€ cm
2023-04-13 13:46:17,808 INFO Measurement at current 0.0033241206030150757
2023-04-13 13:46:18,415 INFO T:246.33Â°K V:8.8748e-03V I:3.3241e-03A R:2.6698e+00ğ›€ E:2.7391e-01V/cm J:1.4548e-01A/cm2 ğ›’:1.8829e+00ğ›€ cm
2023-04-13 13:46:18,441 INFO Measurement at current 0.003341708542713568
2023-04-13 13:46:19,037 INFO T:246.33Â°K V:8.9217e-03V I:3.3417e-03A R:2.6698e+00ğ›€ E:2.7536e-01V/cm J:1.4625e-01A/cm2 ğ›’:1.8829e+00ğ›€ cm
2023-04-13 13:46:19,075 INFO Measurement at current 0.0033592964824120607
2023-04-13 13:46:19,697 INFO T:246.33Â°K V:8.9694e-03V I:3.3593e-03A R:2.6700e+00ğ›€ E:2.7683e-01V/cm J:1.4702e-01A/cm2 ğ›’:1.8830e+00ğ›€ cm
2023-04-13 13:46:19,730 INFO Measurement at current 0.0033768844221105532
2023-04-13 13:46:20,341 INFO T:246.33Â°K V:9.0163e-03V I:3.3769e-03A R:2.6700e+00ğ›€ E:2.7828e-01V/cm J:1.4778e-01A/cm2 ğ›’:1.8830e+00ğ›€ cm
2023-04-13 13:46:20,366 INFO Measurement at current 0.0033944723618090453
2023-04-13 13:46:20,968 INFO T:246.33Â°K V:9.0631e-03V I:3.3945e-03A R:2.6700e+00ğ›€ E:2.7972e-01V/cm J:1.4855e-01A/cm2 ğ›’:1.8830e+00ğ›€ cm
2023-04-13 13:46:20,988 INFO Measurement at current 0.003412060301507538
2023-04-13 13:46:21,603 INFO T:246.33Â°K V:9.1099e-03V I:3.4121e-03A R:2.6699e+00ğ›€ E:2.8117e-01V/cm J:1.4932e-01A/cm2 ğ›’:1.8830e+00ğ›€ cm
2023-04-13 13:46:21,632 INFO Measurement at current 0.0034296482412060304
2023-04-13 13:46:22,236 INFO T:246.32Â°K V:9.1568e-03V I:3.4296e-03A R:2.6699e+00ğ›€ E:2.8262e-01V/cm J:1.5009e-01A/cm2 ğ›’:1.8829e+00ğ›€ cm
2023-04-13 13:46:22,271 INFO Measurement at current 0.003447236180904523
2023-04-13 13:46:22,872 INFO T:246.32Â°K V:9.2032e-03V I:3.4472e-03A R:2.6697e+00ğ›€ E:2.8405e-01V/cm J:1.5086e-01A/cm2 ğ›’:1.8828e+00ğ›€ cm
2023-04-13 13:46:22,889 INFO Measurement at current 0.0034648241206030155
2023-04-13 13:46:23,490 INFO T:246.32Â°K V:9.2513e-03V I:3.4648e-03A R:2.6701e+00ğ›€ E:2.8554e-01V/cm J:1.5163e-01A/cm2 ğ›’:1.8831e+00ğ›€ cm
2023-04-13 13:46:23,523 INFO Measurement at current 0.003482412060301508
2023-04-13 13:46:24,121 INFO T:246.32Â°K V:9.2982e-03V I:3.4824e-03A R:2.6700e+00ğ›€ E:2.8698e-01V/cm J:1.5240e-01A/cm2 ğ›’:1.8830e+00ğ›€ cm
2023-04-13 13:46:24,149 INFO Measurement at current 0.0035
2023-04-13 13:46:24,781 INFO T:246.32Â°K V:9.3450e-03V I:3.5000e-03A R:2.6700e+00ğ›€ E:2.8843e-01V/cm J:1.5317e-01A/cm2 ğ›’:1.8830e+00ğ›€ cm
2023-04-13 13:47:59,994 WARNING Reading gpib error, check the multimeter: read() failed: A read or write of data bytes has been aborted, possibly due to a timeout or reception of a device clear command.
2023-04-13 13:48:07,898 WARNING Reading gpib error, check the multimeter: write() failed: An attempt to write command bytes to the bus has timed out.
2023-04-13 13:48:15,739 WARNING Reading gpib error, check the multimeter: write() failed: An attempt to write command bytes to the bus has timed out.
2023-04-13 13:48:23,578 WARNING Reading gpib error, check the multimeter: write() failed: An attempt to write command bytes to the bus has timed out.
2023-04-13 13:48:31,546 WARNING Reading gpib error, check the multimeter: write() failed: An attempt to write command bytes to the bus has timed out.
2023-04-13 13:48:39,386 WARNING Reading gpib error, check the multimeter: write() failed: An attempt to write command bytes to the bus has timed out.
2023-04-13 13:48:47,225 WARNING Reading gpib error, check the multimeter: write() failed: An attempt to write command bytes to the bus has timed out.
2023-04-13 13:48:55,130 WARNING Reading gpib error, check the multimeter: write() failed: An attempt to write command bytes to the bus has timed out.
2023-04-13 13:49:03,066 WARNING Reading gpib error, check the multimeter: write() failed: An attempt to write command bytes to the bus has timed out.
2023-04-13 13:49:11,024 WARNING Reading gpib error, check the multimeter: write() failed: An attempt to write command bytes to the bus has timed out.
2023-04-13 13:49:18,875 WARNING Reading gpib error, check the multimeter: write() failed: An attempt to write command bytes to the bus has timed out.
2023-04-13 13:49:26,745 WARNING Reading gpib error, check the multimeter: write() failed: An attempt to write command bytes to the bus has timed out.
2023-04-13 13:49:34,682 WARNING Reading gpib error, check the multimeter: write() failed: An attempt to write command bytes to the bus has timed out.
2023-04-13 13:49:42,619 WARNING Reading gpib error, check the multimeter: write() failed: An attempt to write command bytes to the bus has timed out.
2023-04-13 13:49:50,554 WARNING Reading gpib error, check the multimeter: write() failed: An attempt to write command bytes to the bus has timed out.
2023-04-13 13:49:57,926 WARNING Writing gpib error, check the source meter: write() failed: An attempt to write command bytes to the bus has timed out.
2023-04-13 13:50:05,082 WARNING Reading gpib error, check the instruments: write() failed: An attempt to write command bytes to the bus has timed out.
2023-04-13 13:50:05,082 INFO Leaving the current loop
2023-04-13 13:50:12,250 WARNING Writing gpib error, check the source meter: write() failed: An attempt to write command bytes to the bus has timed out.
2023-04-13 13:50:12,251 INFO End of the measurement loop
2023-04-13 13:50:17,131 INFO Save the description file
2023-04-13 13:50:17,138 INFO Save data in numpy format Esperimenti/CPRO_MUSA_130423_I_V/CPRO_MUSA_130423_I_V_current_from_0_to_35e-4A/CPRO_MUSA_130423_I_V_current_from_0_to_35e-4A-20230413135012
2023-04-13 13:50:17,154 INFO Save data in CSV format Esperimenti/CPRO_MUSA_130423_I_V/CPRO_MUSA_130423_I_V_current_from_0_to_35e-4A/CPRO_MUSA_130423_I_V_current_from_0_to_35e-4A-20230413135012.csv
2023-04-13 13:50:17,209 INFO Save plot as image Esperimenti/CPRO_MUSA_130423_I_V/CPRO_MUSA_130423_I_V_current_from_0_to_35e-4A/CPRO_MUSA_130423_I_V_current_from_0_to_35e-4A-20230413135012.png
