2023-04-13 15:28:21,190 INFO ### Start experiment: CPRO_MUSA_130423_I_V current from 0 to 35e-4A ###
2023-04-13 15:28:22,537 INFO Found Multimeter KEITHLEY INSTRUMENTS INC.,MODEL 2700,0884890,B03  /A02  

2023-04-13 15:28:23,564 INFO Found Nanovolt Meter KEITHLEY INSTRUMENTS INC.,MODEL 2182A,4056474,C03  /A02  

2023-04-13 15:28:23,676 INFO Found Source Meter KEITHLEY INSTRUMENTS INC.,MODEL 2400,0945684,C24   Feb 14 2002 11:59:45/A02  /K/H

2023-04-13 15:28:23,799 INFO Start the measurement loop
2023-04-13 15:28:28,774 INFO Measurement at current 0.0
2023-04-13 15:28:29,689 INFO T:196.72Â°K V:-5.1259e-06V I:0.0000e+00A R:-infğ›€ E:-1.5821e-04V/cm J:0.0000e+00A/cm2 ğ›’:-infğ›€ cm
2023-04-13 15:28:29,714 INFO Measurement at current 1.7587939698492464e-05
2023-04-13 15:28:30,307 INFO T:196.71Â°K V:4.8157e-05V I:1.7588e-05A R:2.7381e+00ğ›€ E:1.4863e-03V/cm J:7.6971e-04A/cm2 ğ›’:1.9310e+00ğ›€ cm
2023-04-13 15:28:30,327 INFO Measurement at current 3.517587939698493e-05
2023-04-13 15:28:30,922 INFO T:196.71Â°K V:1.0146e-04V I:3.5176e-05A R:2.8843e+00ğ›€ E:3.1314e-03V/cm J:1.5394e-03A/cm2 ğ›’:2.0341e+00ğ›€ cm
2023-04-13 15:28:30,958 INFO Measurement at current 5.2763819095477394e-05
2023-04-13 15:28:31,553 INFO T:196.70Â°K V:1.5478e-04V I:5.2764e-05A R:2.9334e+00ğ›€ E:4.7771e-03V/cm J:2.3091e-03A/cm2 ğ›’:2.0688e+00ğ›€ cm
2023-04-13 15:28:31,569 INFO Measurement at current 7.035175879396985e-05
2023-04-13 15:28:32,158 INFO T:196.70Â°K V:2.0807e-04V I:7.0352e-05A R:2.9576e+00ğ›€ E:6.4220e-03V/cm J:3.0789e-03A/cm2 ğ›’:2.0858e+00ğ›€ cm
2023-04-13 15:28:32,174 INFO Measurement at current 8.793969849246232e-05
2023-04-13 15:28:32,780 INFO T:196.69Â°K V:2.6139e-04V I:8.7940e-05A R:2.9724e+00ğ›€ E:8.0676e-03V/cm J:3.8486e-03A/cm2 ğ›’:2.0963e+00ğ›€ cm
2023-04-13 15:28:32,796 INFO Measurement at current 0.00010552763819095479
2023-04-13 15:28:33,388 INFO T:196.68Â°K V:3.1485e-04V I:1.0553e-04A R:2.9836e+00ğ›€ E:9.7175e-03V/cm J:4.6183e-03A/cm2 ğ›’:2.1041e+00ğ›€ cm
2023-04-13 15:28:33,409 INFO Measurement at current 0.00012311557788944724
2023-04-13 15:28:34,002 INFO T:196.68Â°K V:3.6803e-04V I:1.2312e-04A R:2.9893e+00ğ›€ E:1.1359e-02V/cm J:5.3880e-03A/cm2 ğ›’:2.1082e+00ğ›€ cm
2023-04-13 15:28:34,016 INFO Measurement at current 0.0001407035175879397
2023-04-13 15:28:34,618 INFO T:196.67Â°K V:4.2141e-04V I:1.4070e-04A R:2.9950e+00ğ›€ E:1.3007e-02V/cm J:6.1577e-03A/cm2 ğ›’:2.1122e+00ğ›€ cm
2023-04-13 15:28:34,640 INFO Measurement at current 0.00015829145728643218
2023-04-13 15:28:35,243 INFO T:196.66Â°K V:4.7482e-04V I:1.5829e-04A R:2.9997e+00ğ›€ E:1.4655e-02V/cm J:6.9274e-03A/cm2 ğ›’:2.1155e+00ğ›€ cm
2023-04-13 15:28:35,270 INFO Measurement at current 0.00017587939698492463
2023-04-13 15:28:35,878 INFO T:196.66Â°K V:5.2823e-04V I:1.7588e-04A R:3.0034e+00ğ›€ E:1.6303e-02V/cm J:7.6971e-03A/cm2 ğ›’:2.1181e+00ğ›€ cm
2023-04-13 15:28:35,896 INFO Measurement at current 0.0001934673366834171
2023-04-13 15:28:36,493 INFO T:196.65Â°K V:5.8149e-04V I:1.9347e-04A R:3.0056e+00ğ›€ E:1.7947e-02V/cm J:8.4668e-03A/cm2 ğ›’:2.1197e+00ğ›€ cm
2023-04-13 15:28:36,522 INFO Measurement at current 0.00021105527638190958
2023-04-13 15:28:37,112 INFO T:196.64Â°K V:6.3487e-04V I:2.1106e-04A R:3.0081e+00ğ›€ E:1.9595e-02V/cm J:9.2366e-03A/cm2 ğ›’:2.1214e+00ğ›€ cm
2023-04-13 15:28:37,127 INFO Measurement at current 0.00022864321608040202
2023-04-13 15:28:37,718 INFO T:196.64Â°K V:6.8823e-04V I:2.2864e-04A R:3.0100e+00ğ›€ E:2.1242e-02V/cm J:1.0006e-02A/cm2 ğ›’:2.1228e+00ğ›€ cm
2023-04-13 15:28:37,740 INFO Measurement at current 0.00024623115577889447
2023-04-13 15:28:38,343 INFO T:196.63Â°K V:7.4163e-04V I:2.4623e-04A R:3.0119e+00ğ›€ E:2.2890e-02V/cm J:1.0776e-02A/cm2 ğ›’:2.1241e+00ğ›€ cm
2023-04-13 15:28:38,367 INFO Measurement at current 0.00026381909547738695
2023-04-13 15:28:38,971 INFO T:196.62Â°K V:7.9486e-04V I:2.6382e-04A R:3.0129e+00ğ›€ E:2.4533e-02V/cm J:1.1546e-02A/cm2 ğ›’:2.1248e+00ğ›€ cm
2023-04-13 15:28:38,990 INFO Measurement at current 0.0002814070351758794
2023-04-13 15:28:39,617 INFO T:196.62Â°K V:8.4830e-04V I:2.8141e-04A R:3.0145e+00ğ›€ E:2.6182e-02V/cm J:1.2315e-02A/cm2 ğ›’:2.1260e+00ğ›€ cm
2023-04-13 15:28:39,646 INFO Measurement at current 0.0002989949748743719
2023-04-13 15:28:40,267 INFO T:196.61Â°K V:9.0175e-04V I:2.9899e-04A R:3.0159e+00ğ›€ E:2.7832e-02V/cm J:1.3085e-02A/cm2 ğ›’:2.1270e+00ğ›€ cm
2023-04-13 15:28:40,290 INFO Measurement at current 0.00031658291457286437
2023-04-13 15:28:40,892 INFO T:196.60Â°K V:9.5519e-04V I:3.1658e-04A R:3.0172e+00ğ›€ E:2.9481e-02V/cm J:1.3855e-02A/cm2 ğ›’:2.1279e+00ğ›€ cm
2023-04-13 15:28:40,913 INFO Measurement at current 0.0003341708542713568
2023-04-13 15:28:41,518 INFO T:196.60Â°K V:1.0085e-03V I:3.3417e-04A R:3.0179e+00ğ›€ E:3.1127e-02V/cm J:1.4625e-02A/cm2 ğ›’:2.1284e+00ğ›€ cm
2023-04-13 15:28:41,535 INFO Measurement at current 0.00035175879396984926
2023-04-13 15:28:42,125 INFO T:196.59Â°K V:1.0619e-03V I:3.5176e-04A R:3.0189e+00ğ›€ E:3.2775e-02V/cm J:1.5394e-02A/cm2 ğ›’:2.1291e+00ğ›€ cm
2023-04-13 15:28:42,143 INFO Measurement at current 0.00036934673366834173
2023-04-13 15:28:42,752 INFO T:196.58Â°K V:1.1153e-03V I:3.6935e-04A R:3.0197e+00ğ›€ E:3.4424e-02V/cm J:1.6164e-02A/cm2 ğ›’:2.1296e+00ğ›€ cm
2023-04-13 15:28:42,777 INFO Measurement at current 0.0003869346733668342
2023-04-13 15:28:43,384 INFO T:196.58Â°K V:1.1687e-03V I:3.8693e-04A R:3.0205e+00ğ›€ E:3.6072e-02V/cm J:1.6934e-02A/cm2 ğ›’:2.1302e+00ğ›€ cm
2023-04-13 15:28:43,404 INFO Measurement at current 0.0004045226130653267
2023-04-13 15:28:44,013 INFO T:196.57Â°K V:1.2220e-03V I:4.0452e-04A R:3.0209e+00ğ›€ E:3.7717e-02V/cm J:1.7703e-02A/cm2 ğ›’:2.1305e+00ğ›€ cm
2023-04-13 15:28:44,033 INFO Measurement at current 0.00042211055276381916
2023-04-13 15:28:44,630 INFO T:196.56Â°K V:1.2755e-03V I:4.2211e-04A R:3.0218e+00ğ›€ E:3.9368e-02V/cm J:1.8473e-02A/cm2 ğ›’:2.1311e+00ğ›€ cm
2023-04-13 15:28:44,679 INFO Measurement at current 0.0004396984924623116
2023-04-13 15:28:45,283 INFO T:196.56Â°K V:1.3290e-03V I:4.3970e-04A R:3.0226e+00ğ›€ E:4.1020e-02V/cm J:1.9243e-02A/cm2 ğ›’:2.1317e+00ğ›€ cm
2023-04-13 15:28:45,308 INFO Measurement at current 0.00045728643216080405
2023-04-13 15:28:45,909 INFO T:196.55Â°K V:1.3825e-03V I:4.5729e-04A R:3.0234e+00ğ›€ E:4.2671e-02V/cm J:2.0013e-02A/cm2 ğ›’:2.1322e+00ğ›€ cm
2023-04-13 15:28:45,932 INFO Measurement at current 0.0004748743718592965
2023-04-13 15:28:46,538 INFO T:196.55Â°K V:1.4359e-03V I:4.7487e-04A R:3.0237e+00ğ›€ E:4.4317e-02V/cm J:2.0782e-02A/cm2 ğ›’:2.1325e+00ğ›€ cm
2023-04-13 15:28:46,554 INFO Measurement at current 0.0004924623115577889
2023-04-13 15:28:47,144 INFO T:196.54Â°K V:1.4893e-03V I:4.9246e-04A R:3.0243e+00ğ›€ E:4.5968e-02V/cm J:2.1552e-02A/cm2 ğ›’:2.1329e+00ğ›€ cm
2023-04-13 15:28:47,161 INFO Measurement at current 0.0005100502512562815
2023-04-13 15:28:47,755 INFO T:196.53Â°K V:1.5429e-03V I:5.1005e-04A R:3.0249e+00ğ›€ E:4.7619e-02V/cm J:2.2322e-02A/cm2 ğ›’:2.1333e+00ğ›€ cm
2023-04-13 15:28:47,781 INFO Measurement at current 0.0005276381909547739
2023-04-13 15:28:48,373 INFO T:196.53Â°K V:1.5963e-03V I:5.2764e-04A R:3.0254e+00ğ›€ E:4.9269e-02V/cm J:2.3091e-02A/cm2 ğ›’:2.1337e+00ğ›€ cm
2023-04-13 15:28:48,395 INFO Measurement at current 0.0005452261306532664
2023-04-13 15:28:48,999 INFO T:196.52Â°K V:1.6498e-03V I:5.4523e-04A R:3.0259e+00ğ›€ E:5.0920e-02V/cm J:2.3861e-02A/cm2 ğ›’:2.1340e+00ğ›€ cm
2023-04-13 15:28:49,022 INFO Measurement at current 0.0005628140703517588
2023-04-13 15:28:49,621 INFO T:196.51Â°K V:1.7032e-03V I:5.6281e-04A R:3.0263e+00ğ›€ E:5.2568e-02V/cm J:2.4631e-02A/cm2 ğ›’:2.1343e+00ğ›€ cm
2023-04-13 15:28:49,638 INFO Measurement at current 0.0005804020100502513
2023-04-13 15:28:50,227 INFO T:196.51Â°K V:1.7568e-03V I:5.8040e-04A R:3.0268e+00ğ›€ E:5.4221e-02V/cm J:2.5401e-02A/cm2 ğ›’:2.1346e+00ğ›€ cm
2023-04-13 15:28:50,243 INFO Measurement at current 0.0005979899497487438
2023-04-13 15:28:50,839 INFO T:196.50Â°K V:1.8103e-03V I:5.9799e-04A R:3.0273e+00ğ›€ E:5.5874e-02V/cm J:2.6170e-02A/cm2 ğ›’:2.1350e+00ğ›€ cm
2023-04-13 15:28:50,854 INFO Measurement at current 0.0006155778894472362
2023-04-13 15:28:51,452 INFO T:196.49Â°K V:1.8638e-03V I:6.1558e-04A R:3.0278e+00ğ›€ E:5.7525e-02V/cm J:2.6940e-02A/cm2 ğ›’:2.1353e+00ğ›€ cm
2023-04-13 15:28:51,477 INFO Measurement at current 0.0006331658291457287
2023-04-13 15:28:52,077 INFO T:196.49Â°K V:1.9172e-03V I:6.3317e-04A R:3.0279e+00ğ›€ E:5.9172e-02V/cm J:2.7710e-02A/cm2 ğ›’:2.1354e+00ğ›€ cm
2023-04-13 15:28:52,106 INFO Measurement at current 0.0006507537688442212
2023-04-13 15:28:52,721 INFO T:196.48Â°K V:1.9707e-03V I:6.5075e-04A R:3.0283e+00ğ›€ E:6.0823e-02V/cm J:2.8479e-02A/cm2 ğ›’:2.1357e+00ğ›€ cm
2023-04-13 15:28:52,743 INFO Measurement at current 0.0006683417085427136
2023-04-13 15:28:53,347 INFO T:196.48Â°K V:2.0241e-03V I:6.6834e-04A R:3.0286e+00ğ›€ E:6.2474e-02V/cm J:2.9249e-02A/cm2 ğ›’:2.1359e+00ğ›€ cm
2023-04-13 15:28:53,377 INFO Measurement at current 0.0006859296482412061
2023-04-13 15:28:53,972 INFO T:196.47Â°K V:2.0777e-03V I:6.8593e-04A R:3.0290e+00ğ›€ E:6.4127e-02V/cm J:3.0019e-02A/cm2 ğ›’:2.1362e+00ğ›€ cm
2023-04-13 15:28:53,988 INFO Measurement at current 0.0007035175879396985
2023-04-13 15:28:54,590 INFO T:196.46Â°K V:2.1311e-03V I:7.0352e-04A R:3.0292e+00ğ›€ E:6.5775e-02V/cm J:3.0789e-02A/cm2 ğ›’:2.1363e+00ğ›€ cm
2023-04-13 15:28:54,611 INFO Measurement at current 0.000721105527638191
2023-04-13 15:28:55,215 INFO T:196.46Â°K V:2.1847e-03V I:7.2111e-04A R:3.0296e+00ğ›€ E:6.7428e-02V/cm J:3.1558e-02A/cm2 ğ›’:2.1366e+00ğ›€ cm
2023-04-13 15:28:55,233 INFO Measurement at current 0.0007386934673366835
2023-04-13 15:28:55,826 INFO T:196.45Â°K V:2.2383e-03V I:7.3869e-04A R:3.0300e+00ğ›€ E:6.9082e-02V/cm J:3.2328e-02A/cm2 ğ›’:2.1369e+00ğ›€ cm
2023-04-13 15:28:55,843 INFO Measurement at current 0.0007562814070351759
2023-04-13 15:28:56,439 INFO T:196.44Â°K V:2.2918e-03V I:7.5628e-04A R:3.0303e+00ğ›€ E:7.0733e-02V/cm J:3.3098e-02A/cm2 ğ›’:2.1371e+00ğ›€ cm
2023-04-13 15:28:56,480 INFO Measurement at current 0.0007738693467336684
2023-04-13 15:28:57,078 INFO T:196.44Â°K V:2.3452e-03V I:7.7387e-04A R:3.0305e+00ğ›€ E:7.2383e-02V/cm J:3.3867e-02A/cm2 ğ›’:2.1372e+00ğ›€ cm
2023-04-13 15:28:57,094 INFO Measurement at current 0.0007914572864321608
2023-04-13 15:28:57,693 INFO T:196.43Â°K V:2.3987e-03V I:7.9146e-04A R:3.0307e+00ğ›€ E:7.4034e-02V/cm J:3.4637e-02A/cm2 ğ›’:2.1374e+00ğ›€ cm
2023-04-13 15:28:57,715 INFO Measurement at current 0.0008090452261306534
2023-04-13 15:28:58,317 INFO T:196.42Â°K V:2.4522e-03V I:8.0905e-04A R:3.0310e+00ğ›€ E:7.5686e-02V/cm J:3.5407e-02A/cm2 ğ›’:2.1376e+00ğ›€ cm
2023-04-13 15:28:58,333 INFO Measurement at current 0.0008266331658291458
2023-04-13 15:28:58,926 INFO T:196.42Â°K V:2.5058e-03V I:8.2663e-04A R:3.0314e+00ğ›€ E:7.7341e-02V/cm J:3.6177e-02A/cm2 ğ›’:2.1379e+00ğ›€ cm
2023-04-13 15:28:58,946 INFO Measurement at current 0.0008442211055276383
2023-04-13 15:28:59,549 INFO T:196.41Â°K V:2.5593e-03V I:8.4422e-04A R:3.0315e+00ğ›€ E:7.8990e-02V/cm J:3.6946e-02A/cm2 ğ›’:2.1380e+00ğ›€ cm
2023-04-13 15:28:59,569 INFO Measurement at current 0.0008618090452261307
2023-04-13 15:29:00,164 INFO T:196.41Â°K V:2.6129e-03V I:8.6181e-04A R:3.0319e+00ğ›€ E:8.0645e-02V/cm J:3.7716e-02A/cm2 ğ›’:2.1382e+00ğ›€ cm
2023-04-13 15:29:00,181 INFO Measurement at current 0.0008793969849246232
2023-04-13 15:29:00,779 INFO T:196.40Â°K V:2.6665e-03V I:8.7940e-04A R:3.0322e+00ğ›€ E:8.2300e-02V/cm J:3.8486e-02A/cm2 ğ›’:2.1384e+00ğ›€ cm
2023-04-13 15:29:00,796 INFO Measurement at current 0.0008969849246231157
2023-04-13 15:29:01,399 INFO T:196.39Â°K V:2.7201e-03V I:8.9698e-04A R:3.0325e+00ğ›€ E:8.3953e-02V/cm J:3.9255e-02A/cm2 ğ›’:2.1386e+00ğ›€ cm
2023-04-13 15:29:01,421 INFO Measurement at current 0.0009145728643216081
2023-04-13 15:29:02,029 INFO T:196.39Â°K V:2.7735e-03V I:9.1457e-04A R:3.0325e+00ğ›€ E:8.5601e-02V/cm J:4.0025e-02A/cm2 ğ›’:2.1387e+00ğ›€ cm
2023-04-13 15:29:02,047 INFO Measurement at current 0.0009321608040201006
2023-04-13 15:29:02,656 INFO T:196.38Â°K V:2.8270e-03V I:9.3216e-04A R:3.0328e+00ğ›€ E:8.7255e-02V/cm J:4.0795e-02A/cm2 ğ›’:2.1389e+00ğ›€ cm
2023-04-13 15:29:02,676 INFO Measurement at current 0.000949748743718593
2023-04-13 15:29:03,297 INFO T:196.37Â°K V:2.8807e-03V I:9.4975e-04A R:3.0331e+00ğ›€ E:8.8910e-02V/cm J:4.1564e-02A/cm2 ğ›’:2.1391e+00ğ›€ cm
2023-04-13 15:29:03,323 INFO Measurement at current 0.0009673366834170855
2023-04-13 15:29:03,930 INFO T:196.37Â°K V:2.9343e-03V I:9.6734e-04A R:3.0334e+00ğ›€ E:9.0566e-02V/cm J:4.2334e-02A/cm2 ğ›’:2.1393e+00ğ›€ cm
2023-04-13 15:29:03,951 INFO Measurement at current 0.0009849246231155779
2023-04-13 15:29:04,553 INFO T:196.36Â°K V:2.9879e-03V I:9.8492e-04A R:3.0336e+00ğ›€ E:9.2219e-02V/cm J:4.3104e-02A/cm2 ğ›’:2.1394e+00ğ›€ cm
2023-04-13 15:29:04,569 INFO Measurement at current 0.0010025125628140704
2023-04-13 15:29:05,164 INFO T:196.36Â°K V:3.0416e-03V I:1.0025e-03A R:3.0339e+00ğ›€ E:9.3875e-02V/cm J:4.3874e-02A/cm2 ğ›’:2.1397e+00ğ›€ cm
2023-04-13 15:29:05,189 INFO Measurement at current 0.001020100502512563
2023-04-13 15:29:05,799 INFO T:196.35Â°K V:3.0952e-03V I:1.0201e-03A R:3.0342e+00ğ›€ E:9.5531e-02V/cm J:4.4643e-02A/cm2 ğ›’:2.1399e+00ğ›€ cm
2023-04-13 15:29:05,822 INFO Measurement at current 0.0010376884422110553
2023-04-13 15:29:06,429 INFO T:196.34Â°K V:3.1489e-03V I:1.0377e-03A R:3.0345e+00ğ›€ E:9.7188e-02V/cm J:4.5413e-02A/cm2 ğ›’:2.1401e+00ğ›€ cm
2023-04-13 15:29:06,455 INFO Measurement at current 0.0010552763819095478
2023-04-13 15:29:07,056 INFO T:196.33Â°K V:3.2037e-03V I:1.0553e-03A R:3.0359e+00ğ›€ E:9.8880e-02V/cm J:4.6183e-02A/cm2 ğ›’:2.1411e+00ğ›€ cm
2023-04-13 15:29:07,085 INFO Measurement at current 0.0010728643216080403
2023-04-13 15:29:07,681 INFO T:196.33Â°K V:3.2572e-03V I:1.0729e-03A R:3.0359e+00ğ›€ E:1.0053e-01V/cm J:4.6952e-02A/cm2 ğ›’:2.1411e+00ğ›€ cm
2023-04-13 15:29:07,696 INFO Measurement at current 0.0010904522613065328
2023-04-13 15:29:08,286 INFO T:196.32Â°K V:3.3106e-03V I:1.0905e-03A R:3.0360e+00ğ›€ E:1.0218e-01V/cm J:4.7722e-02A/cm2 ğ›’:2.1411e+00ğ›€ cm
2023-04-13 15:29:08,302 INFO Measurement at current 0.0011080402010050251
2023-04-13 15:29:08,914 INFO T:196.32Â°K V:3.3635e-03V I:1.1080e-03A R:3.0356e+00ğ›€ E:1.0381e-01V/cm J:4.8492e-02A/cm2 ğ›’:2.1408e+00ğ›€ cm
2023-04-13 15:29:08,932 INFO Measurement at current 0.0011256281407035177
2023-04-13 15:29:09,524 INFO T:196.31Â°K V:3.4170e-03V I:1.1256e-03A R:3.0356e+00ğ›€ E:1.0546e-01V/cm J:4.9262e-02A/cm2 ğ›’:2.1409e+00ğ›€ cm
2023-04-13 15:29:09,546 INFO Measurement at current 0.0011432160804020102
2023-04-13 15:29:10,147 INFO T:196.30Â°K V:3.4706e-03V I:1.1432e-03A R:3.0358e+00ğ›€ E:1.0712e-01V/cm J:5.0031e-02A/cm2 ğ›’:2.1410e+00ğ›€ cm
2023-04-13 15:29:10,163 INFO Measurement at current 0.0011608040201005025
2023-04-13 15:29:10,763 INFO T:196.30Â°K V:3.5255e-03V I:1.1608e-03A R:3.0371e+00ğ›€ E:1.0881e-01V/cm J:5.0801e-02A/cm2 ğ›’:2.1419e+00ğ›€ cm
2023-04-13 15:29:10,780 INFO Measurement at current 0.001178391959798995
2023-04-13 15:29:11,378 INFO T:196.29Â°K V:3.5785e-03V I:1.1784e-03A R:3.0367e+00ğ›€ E:1.1045e-01V/cm J:5.1571e-02A/cm2 ğ›’:2.1417e+00ğ›€ cm
2023-04-13 15:29:11,393 INFO Measurement at current 0.0011959798994974876
2023-04-13 15:29:11,985 INFO T:196.29Â°K V:3.6320e-03V I:1.1960e-03A R:3.0368e+00ğ›€ E:1.1210e-01V/cm J:5.2340e-02A/cm2 ğ›’:2.1417e+00ğ›€ cm
2023-04-13 15:29:12,001 INFO Measurement at current 0.00121356783919598
2023-04-13 15:29:12,622 INFO T:196.28Â°K V:3.6855e-03V I:1.2136e-03A R:3.0369e+00ğ›€ E:1.1375e-01V/cm J:5.3110e-02A/cm2 ğ›’:2.1418e+00ğ›€ cm
2023-04-13 15:29:12,650 INFO Measurement at current 0.0012311557788944724
2023-04-13 15:29:13,261 INFO T:196.27Â°K V:3.7390e-03V I:1.2312e-03A R:3.0370e+00ğ›€ E:1.1540e-01V/cm J:5.3880e-02A/cm2 ğ›’:2.1418e+00ğ›€ cm
2023-04-13 15:29:13,277 INFO Measurement at current 0.001248743718592965
2023-04-13 15:29:13,876 INFO T:196.27Â°K V:3.7925e-03V I:1.2487e-03A R:3.0371e+00ğ›€ E:1.1705e-01V/cm J:5.4650e-02A/cm2 ğ›’:2.1419e+00ğ›€ cm
2023-04-13 15:29:13,921 INFO Measurement at current 0.0012663316582914575
2023-04-13 15:29:14,515 INFO T:196.26Â°K V:3.8471e-03V I:1.2663e-03A R:3.0379e+00ğ›€ E:1.1874e-01V/cm J:5.5419e-02A/cm2 ğ›’:2.1425e+00ğ›€ cm
2023-04-13 15:29:14,529 INFO Measurement at current 0.0012839195979899498
2023-04-13 15:29:15,121 INFO T:196.25Â°K V:3.9006e-03V I:1.2839e-03A R:3.0380e+00ğ›€ E:1.2039e-01V/cm J:5.6189e-02A/cm2 ğ›’:2.1425e+00ğ›€ cm
2023-04-13 15:29:15,137 INFO Measurement at current 0.0013015075376884423
2023-04-13 15:29:15,735 INFO T:196.25Â°K V:3.9541e-03V I:1.3015e-03A R:3.0381e+00ğ›€ E:1.2204e-01V/cm J:5.6959e-02A/cm2 ğ›’:2.1426e+00ğ›€ cm
2023-04-13 15:29:15,753 INFO Measurement at current 0.0013190954773869348
2023-04-13 15:29:16,366 INFO T:196.24Â°K V:4.0076e-03V I:1.3191e-03A R:3.0381e+00ğ›€ E:1.2369e-01V/cm J:5.7728e-02A/cm2 ğ›’:2.1426e+00ğ›€ cm
2023-04-13 15:29:16,386 INFO Measurement at current 0.0013366834170854271
2023-04-13 15:29:16,978 INFO T:196.24Â°K V:4.0607e-03V I:1.3367e-03A R:3.0379e+00ğ›€ E:1.2533e-01V/cm J:5.8498e-02A/cm2 ğ›’:2.1425e+00ğ›€ cm
2023-04-13 15:29:16,998 INFO Measurement at current 0.0013542713567839197
2023-04-13 15:29:17,607 INFO T:196.23Â°K V:4.1158e-03V I:1.3543e-03A R:3.0392e+00ğ›€ E:1.2703e-01V/cm J:5.9268e-02A/cm2 ğ›’:2.1434e+00ğ›€ cm
2023-04-13 15:29:17,637 INFO Measurement at current 0.0013718592964824122
2023-04-13 15:29:18,236 INFO T:196.22Â°K V:4.1695e-03V I:1.3719e-03A R:3.0393e+00ğ›€ E:1.2869e-01V/cm J:6.0038e-02A/cm2 ğ›’:2.1435e+00ğ›€ cm
2023-04-13 15:29:18,261 INFO Measurement at current 0.0013894472361809047
2023-04-13 15:29:18,862 INFO T:196.22Â°K V:4.2231e-03V I:1.3894e-03A R:3.0394e+00ğ›€ E:1.3034e-01V/cm J:6.0807e-02A/cm2 ğ›’:2.1435e+00ğ›€ cm
2023-04-13 15:29:18,879 INFO Measurement at current 0.001407035175879397
2023-04-13 15:29:19,474 INFO T:196.21Â°K V:4.2762e-03V I:1.4070e-03A R:3.0392e+00ğ›€ E:1.3198e-01V/cm J:6.1577e-02A/cm2 ğ›’:2.1434e+00ğ›€ cm
2023-04-13 15:29:19,490 INFO Measurement at current 0.0014246231155778896
2023-04-13 15:29:20,082 INFO T:196.20Â°K V:4.3299e-03V I:1.4246e-03A R:3.0393e+00ğ›€ E:1.3364e-01V/cm J:6.2347e-02A/cm2 ğ›’:2.1435e+00ğ›€ cm
2023-04-13 15:29:20,100 INFO Measurement at current 0.001442211055276382
2023-04-13 15:29:20,693 INFO T:196.20Â°K V:4.3835e-03V I:1.4422e-03A R:3.0394e+00ğ›€ E:1.3529e-01V/cm J:6.3116e-02A/cm2 ğ›’:2.1435e+00ğ›€ cm
2023-04-13 15:29:20,708 INFO Measurement at current 0.0014597989949748744
2023-04-13 15:29:21,335 INFO T:196.19Â°K V:4.4387e-03V I:1.4598e-03A R:3.0406e+00ğ›€ E:1.3700e-01V/cm J:6.3886e-02A/cm2 ğ›’:2.1444e+00ğ›€ cm
2023-04-13 15:29:21,357 INFO Measurement at current 0.001477386934673367
2023-04-13 15:29:21,968 INFO T:196.18Â°K V:4.4918e-03V I:1.4774e-03A R:3.0404e+00ğ›€ E:1.3864e-01V/cm J:6.4656e-02A/cm2 ğ›’:2.1442e+00ğ›€ cm
2023-04-13 15:29:21,985 INFO Measurement at current 0.0014949748743718595
2023-04-13 15:29:22,582 INFO T:196.18Â°K V:4.5454e-03V I:1.4950e-03A R:3.0405e+00ğ›€ E:1.4029e-01V/cm J:6.5426e-02A/cm2 ğ›’:2.1443e+00ğ›€ cm
2023-04-13 15:29:22,601 INFO Measurement at current 0.0015125628140703518
2023-04-13 15:29:23,196 INFO T:196.17Â°K V:4.5992e-03V I:1.5126e-03A R:3.0406e+00ğ›€ E:1.4195e-01V/cm J:6.6195e-02A/cm2 ğ›’:2.1444e+00ğ›€ cm
2023-04-13 15:29:23,211 INFO Measurement at current 0.0015301507537688443
2023-04-13 15:29:23,809 INFO T:196.17Â°K V:4.6528e-03V I:1.5302e-03A R:3.0407e+00ğ›€ E:1.4360e-01V/cm J:6.6965e-02A/cm2 ğ›’:2.1445e+00ğ›€ cm
2023-04-13 15:29:23,836 INFO Measurement at current 0.0015477386934673368
2023-04-13 15:29:24,452 INFO T:196.16Â°K V:4.7060e-03V I:1.5477e-03A R:3.0406e+00ğ›€ E:1.4525e-01V/cm J:6.7735e-02A/cm2 ğ›’:2.1443e+00ğ›€ cm
2023-04-13 15:29:24,480 INFO Measurement at current 0.0015653266331658294
2023-04-13 15:29:25,083 INFO T:196.15Â°K V:4.7612e-03V I:1.5653e-03A R:3.0417e+00ğ›€ E:1.4695e-01V/cm J:6.8504e-02A/cm2 ğ›’:2.1451e+00ğ›€ cm
2023-04-13 15:29:25,108 INFO Measurement at current 0.0015829145728643217
2023-04-13 15:29:25,702 INFO T:196.15Â°K V:4.8149e-03V I:1.5829e-03A R:3.0418e+00ğ›€ E:1.4861e-01V/cm J:6.9274e-02A/cm2 ğ›’:2.1452e+00ğ›€ cm
2023-04-13 15:29:25,722 INFO Measurement at current 0.0016005025125628142
2023-04-13 15:29:26,318 INFO T:196.14Â°K V:4.8686e-03V I:1.6005e-03A R:3.0419e+00ğ›€ E:1.5027e-01V/cm J:7.0044e-02A/cm2 ğ›’:2.1453e+00ğ›€ cm
2023-04-13 15:29:26,334 INFO Measurement at current 0.0016180904522613067
2023-04-13 15:29:26,927 INFO T:196.13Â°K V:4.9218e-03V I:1.6181e-03A R:3.0417e+00ğ›€ E:1.5191e-01V/cm J:7.0814e-02A/cm2 ğ›’:2.1452e+00ğ›€ cm
2023-04-13 15:29:26,981 INFO Measurement at current 0.001635678391959799
2023-04-13 15:29:27,575 INFO T:196.13Â°K V:4.9755e-03V I:1.6357e-03A R:3.0419e+00ğ›€ E:1.5357e-01V/cm J:7.1583e-02A/cm2 ğ›’:2.1453e+00ğ›€ cm
2023-04-13 15:29:27,597 INFO Measurement at current 0.0016532663316582916
2023-04-13 15:29:28,198 INFO T:196.12Â°K V:5.0307e-03V I:1.6533e-03A R:3.0429e+00ğ›€ E:1.5527e-01V/cm J:7.2353e-02A/cm2 ğ›’:2.1460e+00ğ›€ cm
2023-04-13 15:29:28,220 INFO Measurement at current 0.001670854271356784
2023-04-13 15:29:28,827 INFO T:196.11Â°K V:5.0844e-03V I:1.6709e-03A R:3.0430e+00ğ›€ E:1.5693e-01V/cm J:7.3123e-02A/cm2 ğ›’:2.1461e+00ğ›€ cm
2023-04-13 15:29:28,851 INFO Measurement at current 0.0016884422110552766
2023-04-13 15:29:29,455 INFO T:196.11Â°K V:5.1376e-03V I:1.6884e-03A R:3.0428e+00ğ›€ E:1.5857e-01V/cm J:7.3892e-02A/cm2 ğ›’:2.1459e+00ğ›€ cm
2023-04-13 15:29:29,476 INFO Measurement at current 0.001706030150753769
2023-04-13 15:29:30,072 INFO T:196.10Â°K V:5.1913e-03V I:1.7060e-03A R:3.0429e+00ğ›€ E:1.6023e-01V/cm J:7.4662e-02A/cm2 ğ›’:2.1460e+00ğ›€ cm
2023-04-13 15:29:30,090 INFO Measurement at current 0.0017236180904522615
2023-04-13 15:29:30,699 INFO T:196.10Â°K V:5.2451e-03V I:1.7236e-03A R:3.0431e+00ğ›€ E:1.6189e-01V/cm J:7.5432e-02A/cm2 ğ›’:2.1461e+00ğ›€ cm
2023-04-13 15:29:30,718 INFO Measurement at current 0.001741206030150754
2023-04-13 15:29:31,324 INFO T:196.09Â°K V:5.2988e-03V I:1.7412e-03A R:3.0432e+00ğ›€ E:1.6354e-01V/cm J:7.6202e-02A/cm2 ğ›’:2.1462e+00ğ›€ cm
2023-04-13 15:29:31,367 INFO Measurement at current 0.0017587939698492463
2023-04-13 15:29:31,972 INFO T:196.08Â°K V:5.3541e-03V I:1.7588e-03A R:3.0442e+00ğ›€ E:1.6525e-01V/cm J:7.6971e-02A/cm2 ğ›’:2.1469e+00ğ›€ cm
2023-04-13 15:29:31,995 INFO Measurement at current 0.0017763819095477388
2023-04-13 15:29:32,594 INFO T:196.08Â°K V:5.4073e-03V I:1.7764e-03A R:3.0440e+00ğ›€ E:1.6689e-01V/cm J:7.7741e-02A/cm2 ğ›’:2.1468e+00ğ›€ cm
2023-04-13 15:29:32,612 INFO Measurement at current 0.0017939698492462314
2023-04-13 15:29:33,207 INFO T:196.07Â°K V:5.4611e-03V I:1.7940e-03A R:3.0441e+00ğ›€ E:1.6855e-01V/cm J:7.8511e-02A/cm2 ğ›’:2.1469e+00ğ›€ cm
2023-04-13 15:29:33,227 INFO Measurement at current 0.0018115577889447237
2023-04-13 15:29:33,816 INFO T:196.06Â°K V:5.5149e-03V I:1.8116e-03A R:3.0443e+00ğ›€ E:1.7021e-01V/cm J:7.9280e-02A/cm2 ğ›’:2.1470e+00ğ›€ cm
2023-04-13 15:29:33,832 INFO Measurement at current 0.0018291457286432162
2023-04-13 15:29:34,434 INFO T:196.06Â°K V:5.5686e-03V I:1.8291e-03A R:3.0444e+00ğ›€ E:1.7187e-01V/cm J:8.0050e-02A/cm2 ğ›’:2.1470e+00ğ›€ cm
2023-04-13 15:29:34,460 INFO Measurement at current 0.0018467336683417087
2023-04-13 15:29:35,058 INFO T:196.05Â°K V:5.6218e-03V I:1.8467e-03A R:3.0442e+00ğ›€ E:1.7351e-01V/cm J:8.0820e-02A/cm2 ğ›’:2.1469e+00ğ›€ cm
2023-04-13 15:29:35,075 INFO Measurement at current 0.0018643216080402013
2023-04-13 15:29:35,671 INFO T:196.04Â°K V:5.6771e-03V I:1.8643e-03A R:3.0451e+00ğ›€ E:1.7522e-01V/cm J:8.1590e-02A/cm2 ğ›’:2.1476e+00ğ›€ cm
2023-04-13 15:29:35,702 INFO Measurement at current 0.0018819095477386936
2023-04-13 15:29:36,306 INFO T:196.04Â°K V:5.7309e-03V I:1.8819e-03A R:3.0453e+00ğ›€ E:1.7688e-01V/cm J:8.2359e-02A/cm2 ğ›’:2.1477e+00ğ›€ cm
2023-04-13 15:29:36,326 INFO Measurement at current 0.001899497487437186
2023-04-13 15:29:36,924 INFO T:196.03Â°K V:5.7848e-03V I:1.8995e-03A R:3.0454e+00ğ›€ E:1.7854e-01V/cm J:8.3129e-02A/cm2 ğ›’:2.1478e+00ğ›€ cm
2023-04-13 15:29:36,941 INFO Measurement at current 0.0019170854271356786
2023-04-13 15:29:37,543 INFO T:196.03Â°K V:5.8381e-03V I:1.9171e-03A R:3.0453e+00ğ›€ E:1.8019e-01V/cm J:8.3899e-02A/cm2 ğ›’:2.1477e+00ğ›€ cm
2023-04-13 15:29:37,568 INFO Measurement at current 0.001934673366834171
2023-04-13 15:29:38,167 INFO T:196.02Â°K V:5.8918e-03V I:1.9347e-03A R:3.0454e+00ğ›€ E:1.8185e-01V/cm J:8.4668e-02A/cm2 ğ›’:2.1478e+00ğ›€ cm
2023-04-13 15:29:38,187 INFO Measurement at current 0.0019522613065326635
2023-04-13 15:29:38,796 INFO T:196.01Â°K V:5.9471e-03V I:1.9523e-03A R:3.0463e+00ğ›€ E:1.8355e-01V/cm J:8.5438e-02A/cm2 ğ›’:2.1484e+00ğ›€ cm
2023-04-13 15:29:38,826 INFO Measurement at current 0.0019698492462311558
2023-04-13 15:29:39,422 INFO T:196.01Â°K V:6.0010e-03V I:1.9698e-03A R:3.0464e+00ğ›€ E:1.8522e-01V/cm J:8.6208e-02A/cm2 ğ›’:2.1485e+00ğ›€ cm
2023-04-13 15:29:39,438 INFO Measurement at current 0.0019874371859296483
2023-04-13 15:29:40,024 INFO T:196.00Â°K V:6.0543e-03V I:1.9874e-03A R:3.0463e+00ğ›€ E:1.8686e-01V/cm J:8.6978e-02A/cm2 ğ›’:2.1484e+00ğ›€ cm
2023-04-13 15:29:40,040 INFO Measurement at current 0.002005025125628141
2023-04-13 15:29:40,630 INFO T:195.99Â°K V:6.1081e-03V I:2.0050e-03A R:3.0464e+00ğ›€ E:1.8852e-01V/cm J:8.7747e-02A/cm2 ğ›’:2.1485e+00ğ›€ cm
2023-04-13 15:29:40,651 INFO Measurement at current 0.0020226130653266334
2023-04-13 15:29:41,244 INFO T:195.99Â°K V:6.1619e-03V I:2.0226e-03A R:3.0465e+00ğ›€ E:1.9018e-01V/cm J:8.8517e-02A/cm2 ğ›’:2.1485e+00ğ›€ cm
2023-04-13 15:29:41,262 INFO Measurement at current 0.002040201005025126
2023-04-13 15:29:41,859 INFO T:195.98Â°K V:6.2156e-03V I:2.0402e-03A R:3.0466e+00ğ›€ E:1.9184e-01V/cm J:8.9287e-02A/cm2 ğ›’:2.1486e+00ğ›€ cm
2023-04-13 15:29:41,878 INFO Measurement at current 0.0020577889447236184
2023-04-13 15:29:42,473 INFO T:195.98Â°K V:6.2704e-03V I:2.0578e-03A R:3.0472e+00ğ›€ E:1.9353e-01V/cm J:9.0056e-02A/cm2 ğ›’:2.1490e+00ğ›€ cm
2023-04-13 15:29:42,493 INFO Measurement at current 0.0020753768844221105
2023-04-13 15:29:43,093 INFO T:195.97Â°K V:6.3242e-03V I:2.0754e-03A R:3.0472e+00ğ›€ E:1.9519e-01V/cm J:9.0826e-02A/cm2 ğ›’:2.1491e+00ğ›€ cm
2023-04-13 15:29:43,130 INFO Measurement at current 0.002092964824120603
2023-04-13 15:29:43,738 INFO T:195.96Â°K V:6.3780e-03V I:2.0930e-03A R:3.0473e+00ğ›€ E:1.9685e-01V/cm J:9.1596e-02A/cm2 ğ›’:2.1491e+00ğ›€ cm
2023-04-13 15:29:43,765 INFO Measurement at current 0.0021105527638190956
2023-04-13 15:29:44,361 INFO T:195.96Â°K V:6.4318e-03V I:2.1106e-03A R:3.0474e+00ğ›€ E:1.9851e-01V/cm J:9.2366e-02A/cm2 ğ›’:2.1492e+00ğ›€ cm
2023-04-13 15:29:44,382 INFO Measurement at current 0.002128140703517588
2023-04-13 15:29:44,973 INFO T:195.95Â°K V:6.4851e-03V I:2.1281e-03A R:3.0473e+00ğ›€ E:2.0016e-01V/cm J:9.3135e-02A/cm2 ğ›’:2.1491e+00ğ›€ cm
2023-04-13 15:29:44,994 INFO Measurement at current 0.0021457286432160806
2023-04-13 15:29:45,625 INFO T:195.94Â°K V:6.5389e-03V I:2.1457e-03A R:3.0474e+00ğ›€ E:2.0182e-01V/cm J:9.3905e-02A/cm2 ğ›’:2.1492e+00ğ›€ cm
2023-04-13 15:29:45,647 INFO Measurement at current 0.002163316582914573
2023-04-13 15:29:46,253 INFO T:195.94Â°K V:6.5942e-03V I:2.1633e-03A R:3.0482e+00ğ›€ E:2.0353e-01V/cm J:9.4675e-02A/cm2 ğ›’:2.1497e+00ğ›€ cm
2023-04-13 15:29:46,278 INFO Measurement at current 0.0021809045226130657
2023-04-13 15:29:46,886 INFO T:195.93Â°K V:6.6480e-03V I:2.1809e-03A R:3.0483e+00ğ›€ E:2.0519e-01V/cm J:9.5444e-02A/cm2 ğ›’:2.1498e+00ğ›€ cm
2023-04-13 15:29:46,956 INFO Measurement at current 0.0021984924623115578
2023-04-13 15:29:47,570 INFO T:195.93Â°K V:6.7014e-03V I:2.1985e-03A R:3.0482e+00ğ›€ E:2.0683e-01V/cm J:9.6214e-02A/cm2 ğ›’:2.1497e+00ğ›€ cm
2023-04-13 15:29:47,589 INFO Measurement at current 0.0022160804020100503
2023-04-13 15:29:48,195 INFO T:195.92Â°K V:6.7552e-03V I:2.2161e-03A R:3.0483e+00ğ›€ E:2.0849e-01V/cm J:9.6984e-02A/cm2 ğ›’:2.1498e+00ğ›€ cm
2023-04-13 15:29:48,212 INFO Measurement at current 0.002233668341708543
2023-04-13 15:29:48,802 INFO T:195.91Â°K V:6.8091e-03V I:2.2337e-03A R:3.0484e+00ğ›€ E:2.1016e-01V/cm J:9.7754e-02A/cm2 ğ›’:2.1499e+00ğ›€ cm
2023-04-13 15:29:48,817 INFO Measurement at current 0.0022512562814070354
2023-04-13 15:29:49,405 INFO T:195.91Â°K V:6.8644e-03V I:2.2513e-03A R:3.0491e+00ğ›€ E:2.1186e-01V/cm J:9.8523e-02A/cm2 ğ›’:2.1504e+00ğ›€ cm
2023-04-13 15:29:49,421 INFO Measurement at current 0.002268844221105528
2023-04-13 15:29:50,009 INFO T:195.90Â°K V:6.9177e-03V I:2.2688e-03A R:3.0490e+00ğ›€ E:2.1351e-01V/cm J:9.9293e-02A/cm2 ğ›’:2.1503e+00ğ›€ cm
2023-04-13 15:29:50,025 INFO Measurement at current 0.0022864321608040204
2023-04-13 15:29:50,616 INFO T:195.89Â°K V:6.9715e-03V I:2.2864e-03A R:3.0491e+00ğ›€ E:2.1517e-01V/cm J:1.0006e-01A/cm2 ğ›’:2.1504e+00ğ›€ cm
2023-04-13 15:29:50,640 INFO Measurement at current 0.002304020100502513
2023-04-13 15:29:51,229 INFO T:195.89Â°K V:7.0254e-03V I:2.3040e-03A R:3.0492e+00ğ›€ E:2.1683e-01V/cm J:1.0083e-01A/cm2 ğ›’:2.1504e+00ğ›€ cm
2023-04-13 15:29:51,244 INFO Measurement at current 0.002321608040201005
2023-04-13 15:29:51,831 INFO T:195.88Â°K V:7.0793e-03V I:2.3216e-03A R:3.0493e+00ğ›€ E:2.1850e-01V/cm J:1.0160e-01A/cm2 ğ›’:2.1505e+00ğ›€ cm
2023-04-13 15:29:51,847 INFO Measurement at current 0.0023391959798994976
2023-04-13 15:29:52,437 INFO T:195.88Â°K V:7.1330e-03V I:2.3392e-03A R:3.0493e+00ğ›€ E:2.2015e-01V/cm J:1.0237e-01A/cm2 ğ›’:2.1505e+00ğ›€ cm
2023-04-13 15:29:52,456 INFO Measurement at current 0.00235678391959799
2023-04-13 15:29:53,072 INFO T:195.87Â°K V:7.1879e-03V I:2.3568e-03A R:3.0499e+00ğ›€ E:2.2185e-01V/cm J:1.0314e-01A/cm2 ğ›’:2.1509e+00ğ›€ cm
2023-04-13 15:29:53,092 INFO Measurement at current 0.0023743718592964826
2023-04-13 15:29:53,710 INFO T:195.86Â°K V:7.2418e-03V I:2.3744e-03A R:3.0500e+00ğ›€ E:2.2351e-01V/cm J:1.0391e-01A/cm2 ğ›’:2.1510e+00ğ›€ cm
2023-04-13 15:29:53,730 INFO Measurement at current 0.002391959798994975
2023-04-13 15:29:54,329 INFO T:195.86Â°K V:7.2956e-03V I:2.3920e-03A R:3.0501e+00ğ›€ E:2.2517e-01V/cm J:1.0468e-01A/cm2 ğ›’:2.1511e+00ğ›€ cm
2023-04-13 15:29:54,342 INFO Measurement at current 0.0024095477386934677
2023-04-13 15:29:54,931 INFO T:195.85Â°K V:7.3495e-03V I:2.4095e-03A R:3.0502e+00ğ›€ E:2.2684e-01V/cm J:1.0545e-01A/cm2 ğ›’:2.1511e+00ğ›€ cm
2023-04-13 15:29:54,946 INFO Measurement at current 0.00242713567839196
2023-04-13 15:29:55,535 INFO T:195.85Â°K V:7.4029e-03V I:2.4271e-03A R:3.0501e+00ğ›€ E:2.2849e-01V/cm J:1.0622e-01A/cm2 ğ›’:2.1510e+00ğ›€ cm
2023-04-13 15:29:55,551 INFO Measurement at current 0.0024447236180904523
2023-04-13 15:29:56,140 INFO T:195.84Â°K V:7.4568e-03V I:2.4447e-03A R:3.0502e+00ğ›€ E:2.3015e-01V/cm J:1.0699e-01A/cm2 ğ›’:2.1511e+00ğ›€ cm
2023-04-13 15:29:56,158 INFO Measurement at current 0.002462311557788945
2023-04-13 15:29:56,748 INFO T:195.83Â°K V:7.5122e-03V I:2.4623e-03A R:3.0509e+00ğ›€ E:2.3186e-01V/cm J:1.0776e-01A/cm2 ğ›’:2.1516e+00ğ›€ cm
2023-04-13 15:29:56,784 INFO Measurement at current 0.0024798994974874373
2023-04-13 15:29:57,377 INFO T:195.83Â°K V:7.5661e-03V I:2.4799e-03A R:3.0510e+00ğ›€ E:2.3352e-01V/cm J:1.0853e-01A/cm2 ğ›’:2.1517e+00ğ›€ cm
2023-04-13 15:29:57,398 INFO Measurement at current 0.00249748743718593
2023-04-13 15:29:58,012 INFO T:195.82Â°K V:7.6195e-03V I:2.4975e-03A R:3.0509e+00ğ›€ E:2.3517e-01V/cm J:1.0930e-01A/cm2 ğ›’:2.1516e+00ğ›€ cm
2023-04-13 15:29:58,048 INFO Measurement at current 0.0025150753768844224
2023-04-13 15:29:58,649 INFO T:195.82Â°K V:7.6734e-03V I:2.5151e-03A R:3.0510e+00ğ›€ E:2.3683e-01V/cm J:1.1007e-01A/cm2 ğ›’:2.1517e+00ğ›€ cm
2023-04-13 15:29:58,669 INFO Measurement at current 0.002532663316582915
2023-04-13 15:29:59,263 INFO T:195.81Â°K V:7.7274e-03V I:2.5327e-03A R:3.0511e+00ğ›€ E:2.3850e-01V/cm J:1.1084e-01A/cm2 ğ›’:2.1518e+00ğ›€ cm
2023-04-13 15:29:59,283 INFO Measurement at current 0.002550251256281407
2023-04-13 15:29:59,890 INFO T:195.80Â°K V:7.7828e-03V I:2.5503e-03A R:3.0518e+00ğ›€ E:2.4021e-01V/cm J:1.1161e-01A/cm2 ğ›’:2.1523e+00ğ›€ cm
2023-04-13 15:29:59,934 INFO Measurement at current 0.0025678391959798996
2023-04-13 15:30:00,539 INFO T:195.80Â°K V:7.8362e-03V I:2.5678e-03A R:3.0517e+00ğ›€ E:2.4186e-01V/cm J:1.1238e-01A/cm2 ğ›’:2.1522e+00ğ›€ cm
2023-04-13 15:30:00,562 INFO Measurement at current 0.002585427135678392
2023-04-13 15:30:01,171 INFO T:195.79Â°K V:7.8901e-03V I:2.5854e-03A R:3.0518e+00ğ›€ E:2.4352e-01V/cm J:1.1315e-01A/cm2 ğ›’:2.1523e+00ğ›€ cm
2023-04-13 15:30:01,196 INFO Measurement at current 0.0026030150753768846
2023-04-13 15:30:01,798 INFO T:195.78Â°K V:7.9441e-03V I:2.6030e-03A R:3.0519e+00ğ›€ E:2.4519e-01V/cm J:1.1392e-01A/cm2 ğ›’:2.1523e+00ğ›€ cm
2023-04-13 15:30:01,825 INFO Measurement at current 0.002620603015075377
2023-04-13 15:30:02,444 INFO T:195.78Â°K V:7.9981e-03V I:2.6206e-03A R:3.0520e+00ğ›€ E:2.4685e-01V/cm J:1.1469e-01A/cm2 ğ›’:2.1524e+00ğ›€ cm
2023-04-13 15:30:02,469 INFO Measurement at current 0.0026381909547738697
2023-04-13 15:30:03,074 INFO T:195.77Â°K V:8.0515e-03V I:2.6382e-03A R:3.0519e+00ğ›€ E:2.4850e-01V/cm J:1.1546e-01A/cm2 ğ›’:2.1523e+00ğ›€ cm
2023-04-13 15:30:03,099 INFO Measurement at current 0.002655778894472362
2023-04-13 15:30:03,708 INFO T:195.77Â°K V:8.1070e-03V I:2.6558e-03A R:3.0526e+00ğ›€ E:2.5022e-01V/cm J:1.1623e-01A/cm2 ğ›’:2.1528e+00ğ›€ cm
2023-04-13 15:30:03,730 INFO Measurement at current 0.0026733668341708543
2023-04-13 15:30:04,347 INFO T:195.76Â°K V:8.1609e-03V I:2.6734e-03A R:3.0527e+00ğ›€ E:2.5188e-01V/cm J:1.1700e-01A/cm2 ğ›’:2.1529e+00ğ›€ cm
2023-04-13 15:30:04,365 INFO Measurement at current 0.002690954773869347
2023-04-13 15:30:04,968 INFO T:195.75Â°K V:8.2150e-03V I:2.6910e-03A R:3.0528e+00ğ›€ E:2.5355e-01V/cm J:1.1777e-01A/cm2 ğ›’:2.1530e+00ğ›€ cm
2023-04-13 15:30:04,989 INFO Measurement at current 0.0027085427135678393
2023-04-13 15:30:05,584 INFO T:195.75Â°K V:8.2686e-03V I:2.7085e-03A R:3.0528e+00ğ›€ E:2.5520e-01V/cm J:1.1854e-01A/cm2 ğ›’:2.1530e+00ğ›€ cm
2023-04-13 15:30:05,614 INFO Measurement at current 0.002726130653266332
2023-04-13 15:30:06,213 INFO T:195.74Â°K V:8.3227e-03V I:2.7261e-03A R:3.0529e+00ğ›€ E:2.5687e-01V/cm J:1.1931e-01A/cm2 ğ›’:2.1531e+00ğ›€ cm
2023-04-13 15:30:06,241 INFO Measurement at current 0.0027437185929648244
2023-04-13 15:30:06,849 INFO T:195.73Â°K V:8.3768e-03V I:2.7437e-03A R:3.0531e+00ğ›€ E:2.5854e-01V/cm J:1.2008e-01A/cm2 ğ›’:2.1532e+00ğ›€ cm
2023-04-13 15:30:06,882 INFO Measurement at current 0.002761306532663317
2023-04-13 15:30:07,480 INFO T:195.73Â°K V:8.4324e-03V I:2.7613e-03A R:3.0538e+00ğ›€ E:2.6026e-01V/cm J:1.2084e-01A/cm2 ğ›’:2.1537e+00ğ›€ cm
2023-04-13 15:30:07,497 INFO Measurement at current 0.0027788944723618095
2023-04-13 15:30:08,122 INFO T:195.72Â°K V:8.4860e-03V I:2.7789e-03A R:3.0537e+00ğ›€ E:2.6191e-01V/cm J:1.2161e-01A/cm2 ğ›’:2.1536e+00ğ›€ cm
2023-04-13 15:30:08,139 INFO Measurement at current 0.0027964824120603016
2023-04-13 15:30:08,742 INFO T:195.72Â°K V:8.5400e-03V I:2.7965e-03A R:3.0538e+00ğ›€ E:2.6358e-01V/cm J:1.2238e-01A/cm2 ğ›’:2.1537e+00ğ›€ cm
2023-04-13 15:30:08,760 INFO Measurement at current 0.002814070351758794
2023-04-13 15:30:09,363 INFO T:195.71Â°K V:8.5941e-03V I:2.8141e-03A R:3.0540e+00ğ›€ E:2.6525e-01V/cm J:1.2315e-01A/cm2 ğ›’:2.1538e+00ğ›€ cm
2023-04-13 15:30:09,379 INFO Measurement at current 0.0028316582914572866
2023-04-13 15:30:09,972 INFO T:195.70Â°K V:8.6482e-03V I:2.8317e-03A R:3.0541e+00ğ›€ E:2.6692e-01V/cm J:1.2392e-01A/cm2 ğ›’:2.1539e+00ğ›€ cm
2023-04-13 15:30:09,995 INFO Measurement at current 0.002849246231155779
2023-04-13 15:30:10,589 INFO T:195.70Â°K V:8.7018e-03V I:2.8492e-03A R:3.0541e+00ğ›€ E:2.6857e-01V/cm J:1.2469e-01A/cm2 ğ›’:2.1539e+00ğ›€ cm
2023-04-13 15:30:10,621 INFO Measurement at current 0.0028668341708542717
2023-04-13 15:30:11,224 INFO T:195.69Â°K V:8.7574e-03V I:2.8668e-03A R:3.0547e+00ğ›€ E:2.7029e-01V/cm J:1.2546e-01A/cm2 ğ›’:2.1543e+00ğ›€ cm
2023-04-13 15:30:11,246 INFO Measurement at current 0.002884422110552764
2023-04-13 15:30:11,854 INFO T:195.69Â°K V:8.8116e-03V I:2.8844e-03A R:3.0549e+00ğ›€ E:2.7196e-01V/cm J:1.2623e-01A/cm2 ğ›’:2.1544e+00ğ›€ cm
2023-04-13 15:30:11,876 INFO Measurement at current 0.0029020100502512567
2023-04-13 15:30:12,474 INFO T:195.68Â°K V:8.8657e-03V I:2.9020e-03A R:3.0550e+00ğ›€ E:2.7363e-01V/cm J:1.2700e-01A/cm2 ğ›’:2.1545e+00ğ›€ cm
2023-04-13 15:30:12,496 INFO Measurement at current 0.002919597989949749
2023-04-13 15:30:13,104 INFO T:195.67Â°K V:8.9198e-03V I:2.9196e-03A R:3.0551e+00ğ›€ E:2.7530e-01V/cm J:1.2777e-01A/cm2 ğ›’:2.1546e+00ğ›€ cm
2023-04-13 15:30:13,125 INFO Measurement at current 0.0029371859296482413
2023-04-13 15:30:13,733 INFO T:195.67Â°K V:8.9734e-03V I:2.9372e-03A R:3.0551e+00ğ›€ E:2.7696e-01V/cm J:1.2854e-01A/cm2 ğ›’:2.1546e+00ğ›€ cm
2023-04-13 15:30:13,759 INFO Measurement at current 0.002954773869346734
2023-04-13 15:30:14,373 INFO T:195.66Â°K V:9.0290e-03V I:2.9548e-03A R:3.0557e+00ğ›€ E:2.7867e-01V/cm J:1.2931e-01A/cm2 ğ›’:2.1551e+00ğ›€ cm
2023-04-13 15:30:14,412 INFO Measurement at current 0.0029723618090452264
2023-04-13 15:30:15,011 INFO T:195.65Â°K V:9.0832e-03V I:2.9724e-03A R:3.0559e+00ğ›€ E:2.8035e-01V/cm J:1.3008e-01A/cm2 ğ›’:2.1552e+00ğ›€ cm
2023-04-13 15:30:15,031 INFO Measurement at current 0.002989949748743719
2023-04-13 15:30:15,635 INFO T:195.65Â°K V:9.1373e-03V I:2.9899e-03A R:3.0560e+00ğ›€ E:2.8202e-01V/cm J:1.3085e-01A/cm2 ğ›’:2.1552e+00ğ›€ cm
2023-04-13 15:30:15,655 INFO Measurement at current 0.0030075376884422115
2023-04-13 15:30:16,259 INFO T:195.64Â°K V:9.1909e-03V I:3.0075e-03A R:3.0560e+00ğ›€ E:2.8367e-01V/cm J:1.3162e-01A/cm2 ğ›’:2.1552e+00ğ›€ cm
2023-04-13 15:30:16,282 INFO Measurement at current 0.0030251256281407036
2023-04-13 15:30:16,894 INFO T:195.64Â°K V:9.2450e-03V I:3.0251e-03A R:3.0561e+00ğ›€ E:2.8534e-01V/cm J:1.3239e-01A/cm2 ğ›’:2.1553e+00ğ›€ cm
2023-04-13 15:30:16,910 INFO Measurement at current 0.003042713567839196
2023-04-13 15:30:17,522 INFO T:195.63Â°K V:9.2991e-03V I:3.0427e-03A R:3.0562e+00ğ›€ E:2.8701e-01V/cm J:1.3316e-01A/cm2 ğ›’:2.1554e+00ğ›€ cm
2023-04-13 15:30:17,544 INFO Measurement at current 0.0030603015075376886
2023-04-13 15:30:18,161 INFO T:195.62Â°K V:9.3549e-03V I:3.0603e-03A R:3.0568e+00ğ›€ E:2.8873e-01V/cm J:1.3393e-01A/cm2 ğ›’:2.1558e+00ğ›€ cm
2023-04-13 15:30:18,178 INFO Measurement at current 0.003077889447236181
2023-04-13 15:30:18,796 INFO T:195.62Â°K V:9.4085e-03V I:3.0779e-03A R:3.0568e+00ğ›€ E:2.9039e-01V/cm J:1.3470e-01A/cm2 ğ›’:2.1558e+00ğ›€ cm
2023-04-13 15:30:18,822 INFO Measurement at current 0.0030954773869346737
2023-04-13 15:30:19,409 INFO T:195.61Â°K V:9.4627e-03V I:3.0955e-03A R:3.0569e+00ğ›€ E:2.9206e-01V/cm J:1.3547e-01A/cm2 ğ›’:2.1559e+00ğ›€ cm
2023-04-13 15:30:19,442 INFO Measurement at current 0.003113065326633166
2023-04-13 15:30:20,034 INFO T:195.61Â°K V:9.5169e-03V I:3.1131e-03A R:3.0571e+00ğ›€ E:2.9373e-01V/cm J:1.3624e-01A/cm2 ğ›’:2.1560e+00ğ›€ cm
2023-04-13 15:30:20,050 INFO Measurement at current 0.0031306532663316587
2023-04-13 15:30:20,639 INFO T:195.60Â°K V:9.5710e-03V I:3.1307e-03A R:3.0572e+00ğ›€ E:2.9540e-01V/cm J:1.3701e-01A/cm2 ğ›’:2.1561e+00ğ›€ cm
2023-04-13 15:30:20,654 INFO Measurement at current 0.003148241206030151
2023-04-13 15:30:21,255 INFO T:195.59Â°K V:9.6247e-03V I:3.1482e-03A R:3.0572e+00ğ›€ E:2.9706e-01V/cm J:1.3778e-01A/cm2 ğ›’:2.1561e+00ğ›€ cm
2023-04-13 15:30:21,277 INFO Measurement at current 0.0031658291457286433
2023-04-13 15:30:21,885 INFO T:195.59Â°K V:9.6805e-03V I:3.1658e-03A R:3.0578e+00ğ›€ E:2.9878e-01V/cm J:1.3855e-01A/cm2 ğ›’:2.1565e+00ğ›€ cm
2023-04-13 15:30:21,923 INFO Measurement at current 0.003183417085427136
2023-04-13 15:30:22,530 INFO T:195.58Â°K V:9.7346e-03V I:3.1834e-03A R:3.0579e+00ğ›€ E:3.0045e-01V/cm J:1.3932e-01A/cm2 ğ›’:2.1566e+00ğ›€ cm
2023-04-13 15:30:22,550 INFO Measurement at current 0.0032010050251256284
2023-04-13 15:30:23,162 INFO T:195.57Â°K V:9.7888e-03V I:3.2010e-03A R:3.0580e+00ğ›€ E:3.0212e-01V/cm J:1.4009e-01A/cm2 ğ›’:2.1567e+00ğ›€ cm
2023-04-13 15:30:23,181 INFO Measurement at current 0.003218592964824121
2023-04-13 15:30:23,779 INFO T:195.57Â°K V:9.8425e-03V I:3.2186e-03A R:3.0580e+00ğ›€ E:3.0378e-01V/cm J:1.4086e-01A/cm2 ğ›’:2.1567e+00ğ›€ cm
2023-04-13 15:30:23,801 INFO Measurement at current 0.0032361809045226135
2023-04-13 15:30:24,406 INFO T:195.56Â°K V:9.8967e-03V I:3.2362e-03A R:3.0581e+00ğ›€ E:3.0545e-01V/cm J:1.4163e-01A/cm2 ğ›’:2.1567e+00ğ›€ cm
2023-04-13 15:30:24,423 INFO Measurement at current 0.003253768844221106
2023-04-13 15:30:25,058 INFO T:195.56Â°K V:9.9525e-03V I:3.2538e-03A R:3.0588e+00ğ›€ E:3.0718e-01V/cm J:1.4240e-01A/cm2 ğ›’:2.1572e+00ğ›€ cm
2023-04-13 15:30:25,072 INFO Measurement at current 0.003271356783919598
2023-04-13 15:30:25,665 INFO T:195.55Â°K V:1.0007e-02V I:3.2714e-03A R:3.0589e+00ğ›€ E:3.0885e-01V/cm J:1.4317e-01A/cm2 ğ›’:2.1573e+00ğ›€ cm
2023-04-13 15:30:25,687 INFO Measurement at current 0.0032889447236180906
2023-04-13 15:30:26,276 INFO T:195.54Â°K V:1.0060e-02V I:3.2889e-03A R:3.0588e+00ğ›€ E:3.1050e-01V/cm J:1.4394e-01A/cm2 ğ›’:2.1572e+00ğ›€ cm
2023-04-13 15:30:26,300 INFO Measurement at current 0.003306532663316583
2023-04-13 15:30:26,893 INFO T:195.54Â°K V:1.0115e-02V I:3.3065e-03A R:3.0590e+00ğ›€ E:3.1218e-01V/cm J:1.4471e-01A/cm2 ğ›’:2.1573e+00ğ›€ cm
2023-04-13 15:30:26,915 INFO Measurement at current 0.0033241206030150757
2023-04-13 15:30:27,504 INFO T:195.53Â°K V:1.0169e-02V I:3.3241e-03A R:3.0591e+00ğ›€ E:3.1385e-01V/cm J:1.4548e-01A/cm2 ğ›’:2.1574e+00ğ›€ cm
2023-04-13 15:30:27,522 INFO Measurement at current 0.003341708542713568
2023-04-13 15:30:28,113 INFO T:195.53Â°K V:1.0223e-02V I:3.3417e-03A R:3.0592e+00ğ›€ E:3.1552e-01V/cm J:1.4625e-01A/cm2 ğ›’:2.1575e+00ğ›€ cm
2023-04-13 15:30:28,130 INFO Measurement at current 0.0033592964824120607
2023-04-13 15:30:28,736 INFO T:195.52Â°K V:1.0278e-02V I:3.3593e-03A R:3.0596e+00ğ›€ E:3.1723e-01V/cm J:1.4702e-01A/cm2 ğ›’:2.1578e+00ğ›€ cm
2023-04-13 15:30:28,758 INFO Measurement at current 0.0033768844221105532
2023-04-13 15:30:29,353 INFO T:195.51Â°K V:1.0332e-02V I:3.3769e-03A R:3.0597e+00ğ›€ E:3.1890e-01V/cm J:1.4778e-01A/cm2 ğ›’:2.1579e+00ğ›€ cm
2023-04-13 15:30:29,370 INFO Measurement at current 0.0033944723618090453
2023-04-13 15:30:29,966 INFO T:195.51Â°K V:1.0387e-02V I:3.3945e-03A R:3.0599e+00ğ›€ E:3.2057e-01V/cm J:1.4855e-01A/cm2 ğ›’:2.1580e+00ğ›€ cm
2023-04-13 15:30:29,984 INFO Measurement at current 0.003412060301507538
2023-04-13 15:30:30,589 INFO T:195.50Â°K V:1.0441e-02V I:3.4121e-03A R:3.0600e+00ğ›€ E:3.2225e-01V/cm J:1.4932e-01A/cm2 ğ›’:2.1580e+00ğ›€ cm
2023-04-13 15:30:30,630 INFO Measurement at current 0.0034296482412060304
2023-04-13 15:30:31,222 INFO T:195.50Â°K V:1.0495e-02V I:3.4296e-03A R:3.0601e+00ğ›€ E:3.2392e-01V/cm J:1.5009e-01A/cm2 ğ›’:2.1581e+00ğ›€ cm
2023-04-13 15:30:31,246 INFO Measurement at current 0.003447236180904523
2023-04-13 15:30:31,849 INFO T:195.49Â°K V:1.0549e-02V I:3.4472e-03A R:3.0601e+00ğ›€ E:3.2558e-01V/cm J:1.5086e-01A/cm2 ğ›’:2.1581e+00ğ›€ cm
2023-04-13 15:30:31,866 INFO Measurement at current 0.0034648241206030155
2023-04-13 15:30:32,457 INFO T:195.48Â°K V:1.0605e-02V I:3.4648e-03A R:3.0606e+00ğ›€ E:3.2730e-01V/cm J:1.5163e-01A/cm2 ğ›’:2.1585e+00ğ›€ cm
2023-04-13 15:30:32,483 INFO Measurement at current 0.003482412060301508
2023-04-13 15:30:33,086 INFO T:195.48Â°K V:1.0659e-02V I:3.4824e-03A R:3.0608e+00ğ›€ E:3.2898e-01V/cm J:1.5240e-01A/cm2 ğ›’:2.1586e+00ğ›€ cm
2023-04-13 15:30:33,114 INFO Measurement at current 0.0035
2023-04-13 15:30:33,716 INFO T:195.47Â°K V:1.0713e-02V I:3.5000e-03A R:3.0609e+00ğ›€ E:3.3065e-01V/cm J:1.5317e-01A/cm2 ğ›’:2.1587e+00ğ›€ cm
2023-04-13 15:30:46,329 INFO Save the description file
2023-04-13 15:30:46,332 INFO Save data in numpy format Esperimenti/CPRO_MUSA_130423_I_V/CPRO_MUSA_130423_I_V_current_from_0_to_35e-4A/CPRO_MUSA_130423_I_V_current_from_0_to_35e-4A-20230413153044
2023-04-13 15:30:46,342 INFO Save data in CSV format Esperimenti/CPRO_MUSA_130423_I_V/CPRO_MUSA_130423_I_V_current_from_0_to_35e-4A/CPRO_MUSA_130423_I_V_current_from_0_to_35e-4A-20230413153044.csv
2023-04-13 15:30:46,354 INFO Save plot as image Esperimenti/CPRO_MUSA_130423_I_V/CPRO_MUSA_130423_I_V_current_from_0_to_35e-4A/CPRO_MUSA_130423_I_V_current_from_0_to_35e-4A-20230413153044.png
