2023-04-13 12:21:02,458 INFO ### Start experiment: CPRO_MUSA_130423_I_V current from 0 to 35e-4A ###
2023-04-13 12:21:03,808 INFO Found Multimeter KEITHLEY INSTRUMENTS INC.,MODEL 2700,0884890,B03  /A02  

2023-04-13 12:21:04,847 INFO Found Nanovolt Meter KEITHLEY INSTRUMENTS INC.,MODEL 2182A,4056474,C03  /A02  

2023-04-13 12:21:04,971 INFO Found Source Meter KEITHLEY INSTRUMENTS INC.,MODEL 2400,0945684,C24   Feb 14 2002 11:59:45/A02  /K/H

2023-04-13 12:21:05,110 INFO Start the measurement loop
2023-04-13 12:21:09,986 INFO Measurement at current 0.0
2023-04-13 12:21:10,902 INFO T:282.42Â°K V:6.2199e-09V I:0.0000e+00A R:infğ›€ E:1.9197e-07V/cm J:0.0000e+00A/cm2 ğ›’:infğ›€ cm
2023-04-13 12:21:10,925 INFO Measurement at current 1.7587939698492464e-05
2023-04-13 12:21:11,524 INFO T:282.41Â°K V:4.7338e-05V I:1.7588e-05A R:2.6915e+00ğ›€ E:1.4611e-03V/cm J:7.6971e-04A/cm2 ğ›’:1.8982e+00ğ›€ cm
2023-04-13 12:21:11,541 INFO Measurement at current 3.517587939698493e-05
2023-04-13 12:21:12,133 INFO T:282.41Â°K V:9.4678e-05V I:3.5176e-05A R:2.6916e+00ğ›€ E:2.9221e-03V/cm J:1.5394e-03A/cm2 ğ›’:1.8982e+00ğ›€ cm
2023-04-13 12:21:12,148 INFO Measurement at current 5.2763819095477394e-05
2023-04-13 12:21:12,738 INFO T:282.40Â°K V:1.4202e-04V I:5.2764e-05A R:2.6917e+00ğ›€ E:4.3834e-03V/cm J:2.3091e-03A/cm2 ğ›’:1.8983e+00ğ›€ cm
2023-04-13 12:21:12,756 INFO Measurement at current 7.035175879396985e-05
2023-04-13 12:21:13,351 INFO T:282.40Â°K V:1.8935e-04V I:7.0352e-05A R:2.6915e+00ğ›€ E:5.8442e-03V/cm J:3.0789e-03A/cm2 ğ›’:1.8982e+00ğ›€ cm
2023-04-13 12:21:13,371 INFO Measurement at current 8.793969849246232e-05
2023-04-13 12:21:13,977 INFO T:282.39Â°K V:2.3669e-04V I:8.7940e-05A R:2.6916e+00ğ›€ E:7.3054e-03V/cm J:3.8486e-03A/cm2 ğ›’:1.8982e+00ğ›€ cm
2023-04-13 12:21:14,003 INFO Measurement at current 0.00010552763819095479
2023-04-13 12:21:14,612 INFO T:282.39Â°K V:2.8412e-04V I:1.0553e-04A R:2.6924e+00ğ›€ E:8.7692e-03V/cm J:4.6183e-03A/cm2 ğ›’:1.8988e+00ğ›€ cm
2023-04-13 12:21:14,633 INFO Measurement at current 0.00012311557788944724
2023-04-13 12:21:15,238 INFO T:282.38Â°K V:3.3133e-04V I:1.2312e-04A R:2.6912e+00ğ›€ E:1.0226e-02V/cm J:5.3880e-03A/cm2 ğ›’:1.8979e+00ğ›€ cm
2023-04-13 12:21:15,256 INFO Measurement at current 0.0001407035175879397
2023-04-13 12:21:15,852 INFO T:282.37Â°K V:3.7869e-04V I:1.4070e-04A R:2.6914e+00ğ›€ E:1.1688e-02V/cm J:6.1577e-03A/cm2 ğ›’:1.8981e+00ğ›€ cm
2023-04-13 12:21:15,872 INFO Measurement at current 0.00015829145728643218
2023-04-13 12:21:16,484 INFO T:282.37Â°K V:4.2609e-04V I:1.5829e-04A R:2.6918e+00ğ›€ E:1.3151e-02V/cm J:6.9274e-03A/cm2 ğ›’:1.8984e+00ğ›€ cm
2023-04-13 12:21:16,508 INFO Measurement at current 0.00017587939698492463
2023-04-13 12:21:17,119 INFO T:282.36Â°K V:4.7349e-04V I:1.7588e-04A R:2.6921e+00ğ›€ E:1.4614e-02V/cm J:7.6971e-03A/cm2 ğ›’:1.8986e+00ğ›€ cm
2023-04-13 12:21:17,147 INFO Measurement at current 0.0001934673366834171
2023-04-13 12:21:17,752 INFO T:282.36Â°K V:5.2073e-04V I:1.9347e-04A R:2.6916e+00ğ›€ E:1.6072e-02V/cm J:8.4668e-03A/cm2 ğ›’:1.8982e+00ğ›€ cm
2023-04-13 12:21:17,768 INFO Measurement at current 0.00021105527638190958
2023-04-13 12:21:18,360 INFO T:282.35Â°K V:5.6808e-04V I:2.1106e-04A R:2.6916e+00ğ›€ E:1.7533e-02V/cm J:9.2366e-03A/cm2 ğ›’:1.8983e+00ğ›€ cm
2023-04-13 12:21:18,377 INFO Measurement at current 0.00022864321608040202
2023-04-13 12:21:18,967 INFO T:282.35Â°K V:6.1542e-04V I:2.2864e-04A R:2.6916e+00ğ›€ E:1.8994e-02V/cm J:1.0006e-02A/cm2 ğ›’:1.8983e+00ğ›€ cm
2023-04-13 12:21:18,988 INFO Measurement at current 0.00024623115577889447
2023-04-13 12:21:19,593 INFO T:282.34Â°K V:6.6279e-04V I:2.4623e-04A R:2.6917e+00ğ›€ E:2.0456e-02V/cm J:1.0776e-02A/cm2 ğ›’:1.8983e+00ğ›€ cm
2023-04-13 12:21:19,611 INFO Measurement at current 0.00026381909547738695
2023-04-13 12:21:20,217 INFO T:282.34Â°K V:7.1000e-04V I:2.6382e-04A R:2.6912e+00ğ›€ E:2.1913e-02V/cm J:1.1546e-02A/cm2 ğ›’:1.8980e+00ğ›€ cm
2023-04-13 12:21:20,232 INFO Measurement at current 0.0002814070351758794
2023-04-13 12:21:20,841 INFO T:282.33Â°K V:7.5737e-04V I:2.8141e-04A R:2.6914e+00ğ›€ E:2.3376e-02V/cm J:1.2315e-02A/cm2 ğ›’:1.8981e+00ğ›€ cm
2023-04-13 12:21:20,859 INFO Measurement at current 0.0002989949748743719
2023-04-13 12:21:21,446 INFO T:282.33Â°K V:8.0476e-04V I:2.9899e-04A R:2.6916e+00ğ›€ E:2.4838e-02V/cm J:1.3085e-02A/cm2 ğ›’:1.8982e+00ğ›€ cm
2023-04-13 12:21:21,466 INFO Measurement at current 0.00031658291457286437
2023-04-13 12:21:22,072 INFO T:282.32Â°K V:8.5214e-04V I:3.1658e-04A R:2.6917e+00ğ›€ E:2.6301e-02V/cm J:1.3855e-02A/cm2 ğ›’:1.8983e+00ğ›€ cm
2023-04-13 12:21:22,094 INFO Measurement at current 0.0003341708542713568
2023-04-13 12:21:22,698 INFO T:282.32Â°K V:8.9940e-04V I:3.3417e-04A R:2.6915e+00ğ›€ E:2.7759e-02V/cm J:1.4625e-02A/cm2 ğ›’:1.8981e+00ğ›€ cm
2023-04-13 12:21:22,718 INFO Measurement at current 0.00035175879396984926
2023-04-13 12:21:23,316 INFO T:282.31Â°K V:9.4674e-04V I:3.5176e-04A R:2.6915e+00ğ›€ E:2.9220e-02V/cm J:1.5394e-02A/cm2 ğ›’:1.8981e+00ğ›€ cm
2023-04-13 12:21:23,332 INFO Measurement at current 0.00036934673366834173
2023-04-13 12:21:23,923 INFO T:282.31Â°K V:9.9407e-04V I:3.6935e-04A R:2.6914e+00ğ›€ E:3.0681e-02V/cm J:1.6164e-02A/cm2 ğ›’:1.8981e+00ğ›€ cm
2023-04-13 12:21:23,955 INFO Measurement at current 0.0003869346733668342
2023-04-13 12:21:24,549 INFO T:282.30Â°K V:1.0414e-03V I:3.8693e-04A R:2.6914e+00ğ›€ E:3.2142e-02V/cm J:1.6934e-02A/cm2 ğ›’:1.8981e+00ğ›€ cm
2023-04-13 12:21:24,566 INFO Measurement at current 0.0004045226130653267
2023-04-13 12:21:25,154 INFO T:282.30Â°K V:1.0886e-03V I:4.0452e-04A R:2.6911e+00ğ›€ E:3.3599e-02V/cm J:1.7703e-02A/cm2 ğ›’:1.8979e+00ğ›€ cm
2023-04-13 12:21:25,177 INFO Measurement at current 0.00042211055276381916
2023-04-13 12:21:25,783 INFO T:282.29Â°K V:1.1360e-03V I:4.2211e-04A R:2.6913e+00ğ›€ E:3.5062e-02V/cm J:1.8473e-02A/cm2 ğ›’:1.8980e+00ğ›€ cm
2023-04-13 12:21:25,800 INFO Measurement at current 0.0004396984924623116
2023-04-13 12:21:26,407 INFO T:282.28Â°K V:1.1834e-03V I:4.3970e-04A R:2.6914e+00ğ›€ E:3.6525e-02V/cm J:1.9243e-02A/cm2 ğ›’:1.8981e+00ğ›€ cm
2023-04-13 12:21:26,428 INFO Measurement at current 0.00045728643216080405
2023-04-13 12:21:27,031 INFO T:282.28Â°K V:1.2308e-03V I:4.5729e-04A R:2.6915e+00ğ›€ E:3.7987e-02V/cm J:2.0013e-02A/cm2 ğ›’:1.8982e+00ğ›€ cm
2023-04-13 12:21:27,053 INFO Measurement at current 0.0004748743718592965
2023-04-13 12:21:27,673 INFO T:282.27Â°K V:1.2780e-03V I:4.7487e-04A R:2.6913e+00ğ›€ E:3.9446e-02V/cm J:2.0782e-02A/cm2 ğ›’:1.8980e+00ğ›€ cm
2023-04-13 12:21:27,696 INFO Measurement at current 0.0004924623115577889
2023-04-13 12:21:28,304 INFO T:282.27Â°K V:1.3254e-03V I:4.9246e-04A R:2.6913e+00ğ›€ E:4.0907e-02V/cm J:2.1552e-02A/cm2 ğ›’:1.8980e+00ğ›€ cm
2023-04-13 12:21:28,328 INFO Measurement at current 0.0005100502512562815
2023-04-13 12:21:28,925 INFO T:282.26Â°K V:1.3727e-03V I:5.1005e-04A R:2.6914e+00ğ›€ E:4.2369e-02V/cm J:2.2322e-02A/cm2 ğ›’:1.8981e+00ğ›€ cm
2023-04-13 12:21:28,950 INFO Measurement at current 0.0005276381909547739
2023-04-13 12:21:29,539 INFO T:282.26Â°K V:1.4201e-03V I:5.2764e-04A R:2.6914e+00ğ›€ E:4.3830e-02V/cm J:2.3091e-02A/cm2 ğ›’:1.8981e+00ğ›€ cm
2023-04-13 12:21:29,557 INFO Measurement at current 0.0005452261306532664
2023-04-13 12:21:30,154 INFO T:282.25Â°K V:1.4674e-03V I:5.4523e-04A R:2.6914e+00ğ›€ E:4.5292e-02V/cm J:2.3861e-02A/cm2 ğ›’:1.8981e+00ğ›€ cm
2023-04-13 12:21:30,170 INFO Measurement at current 0.0005628140703517588
2023-04-13 12:21:30,769 INFO T:282.25Â°K V:1.5147e-03V I:5.6281e-04A R:2.6913e+00ğ›€ E:4.6750e-02V/cm J:2.4631e-02A/cm2 ğ›’:1.8980e+00ğ›€ cm
2023-04-13 12:21:30,794 INFO Measurement at current 0.0005804020100502513
2023-04-13 12:21:31,400 INFO T:282.24Â°K V:1.5621e-03V I:5.8040e-04A R:2.6914e+00ğ›€ E:4.8212e-02V/cm J:2.5401e-02A/cm2 ğ›’:1.8981e+00ğ›€ cm
2023-04-13 12:21:31,419 INFO Measurement at current 0.0005979899497487438
2023-04-13 12:21:32,032 INFO T:282.24Â°K V:1.6095e-03V I:5.9799e-04A R:2.6915e+00ğ›€ E:4.9675e-02V/cm J:2.6170e-02A/cm2 ğ›’:1.8981e+00ğ›€ cm
2023-04-13 12:21:32,054 INFO Measurement at current 0.0006155778894472362
2023-04-13 12:21:32,659 INFO T:282.23Â°K V:1.6568e-03V I:6.1558e-04A R:2.6915e+00ğ›€ E:5.1136e-02V/cm J:2.6940e-02A/cm2 ğ›’:1.8982e+00ğ›€ cm
2023-04-13 12:21:32,679 INFO Measurement at current 0.0006331658291457287
2023-04-13 12:21:33,286 INFO T:282.23Â°K V:1.7040e-03V I:6.3317e-04A R:2.6912e+00ğ›€ E:5.2593e-02V/cm J:2.7710e-02A/cm2 ğ›’:1.8980e+00ğ›€ cm
2023-04-13 12:21:33,310 INFO Measurement at current 0.0006507537688442212
2023-04-13 12:21:33,918 INFO T:282.22Â°K V:1.7513e-03V I:6.5075e-04A R:2.6912e+00ğ›€ E:5.4053e-02V/cm J:2.8479e-02A/cm2 ğ›’:1.8980e+00ğ›€ cm
2023-04-13 12:21:33,938 INFO Measurement at current 0.0006683417085427136
2023-04-13 12:21:34,533 INFO T:282.22Â°K V:1.7986e-03V I:6.6834e-04A R:2.6912e+00ğ›€ E:5.5513e-02V/cm J:2.9249e-02A/cm2 ğ›’:1.8980e+00ğ›€ cm
2023-04-13 12:21:34,552 INFO Measurement at current 0.0006859296482412061
2023-04-13 12:21:35,152 INFO T:282.21Â°K V:1.8460e-03V I:6.8593e-04A R:2.6912e+00ğ›€ E:5.6975e-02V/cm J:3.0019e-02A/cm2 ğ›’:1.8980e+00ğ›€ cm
2023-04-13 12:21:35,169 INFO Measurement at current 0.0007035175879396985
2023-04-13 12:21:35,759 INFO T:282.20Â°K V:1.8932e-03V I:7.0352e-04A R:2.6911e+00ğ›€ E:5.8433e-02V/cm J:3.0789e-02A/cm2 ğ›’:1.8979e+00ğ›€ cm
2023-04-13 12:21:35,774 INFO Measurement at current 0.000721105527638191
2023-04-13 12:21:36,371 INFO T:282.20Â°K V:1.9406e-03V I:7.2111e-04A R:2.6911e+00ğ›€ E:5.9895e-02V/cm J:3.1558e-02A/cm2 ğ›’:1.8979e+00ğ›€ cm
2023-04-13 12:21:36,392 INFO Measurement at current 0.0007386934673366835
2023-04-13 12:21:37,003 INFO T:282.19Â°K V:1.9879e-03V I:7.3869e-04A R:2.6912e+00ğ›€ E:6.1356e-02V/cm J:3.2328e-02A/cm2 ğ›’:1.8979e+00ğ›€ cm
2023-04-13 12:21:37,027 INFO Measurement at current 0.0007562814070351759
2023-04-13 12:21:37,637 INFO T:282.19Â°K V:2.0353e-03V I:7.5628e-04A R:2.6912e+00ğ›€ E:6.2817e-02V/cm J:3.3098e-02A/cm2 ğ›’:1.8979e+00ğ›€ cm
2023-04-13 12:21:37,668 INFO Measurement at current 0.0007738693467336684
2023-04-13 12:21:38,279 INFO T:282.18Â°K V:2.0825e-03V I:7.7387e-04A R:2.6910e+00ğ›€ E:6.4274e-02V/cm J:3.3867e-02A/cm2 ğ›’:1.8978e+00ğ›€ cm
2023-04-13 12:21:38,315 INFO Measurement at current 0.0007914572864321608
2023-04-13 12:21:38,938 INFO T:282.18Â°K V:2.1298e-03V I:7.9146e-04A R:2.6910e+00ğ›€ E:6.5734e-02V/cm J:3.4637e-02A/cm2 ğ›’:1.8978e+00ğ›€ cm
2023-04-13 12:21:38,962 INFO Measurement at current 0.0008090452261306534
2023-04-13 12:21:39,563 INFO T:282.17Â°K V:2.1771e-03V I:8.0905e-04A R:2.6910e+00ğ›€ E:6.7195e-02V/cm J:3.5407e-02A/cm2 ğ›’:1.8978e+00ğ›€ cm
2023-04-13 12:21:39,586 INFO Measurement at current 0.0008266331658291458
2023-04-13 12:21:40,190 INFO T:282.17Â°K V:2.2245e-03V I:8.2663e-04A R:2.6910e+00ğ›€ E:6.8656e-02V/cm J:3.6177e-02A/cm2 ğ›’:1.8978e+00ğ›€ cm
2023-04-13 12:21:40,209 INFO Measurement at current 0.0008442211055276383
2023-04-13 12:21:40,806 INFO T:282.16Â°K V:2.2717e-03V I:8.4422e-04A R:2.6909e+00ğ›€ E:7.0114e-02V/cm J:3.6946e-02A/cm2 ğ›’:1.8977e+00ğ›€ cm
2023-04-13 12:21:40,831 INFO Measurement at current 0.0008618090452261307
2023-04-13 12:21:41,430 INFO T:282.16Â°K V:2.3191e-03V I:8.6181e-04A R:2.6909e+00ğ›€ E:7.1576e-02V/cm J:3.7716e-02A/cm2 ğ›’:1.8978e+00ğ›€ cm
2023-04-13 12:21:41,446 INFO Measurement at current 0.0008793969849246232
2023-04-13 12:21:42,036 INFO T:282.15Â°K V:2.3664e-03V I:8.7940e-04A R:2.6910e+00ğ›€ E:7.3038e-02V/cm J:3.8486e-02A/cm2 ğ›’:1.8978e+00ğ›€ cm
2023-04-13 12:21:42,063 INFO Measurement at current 0.0008969849246231157
2023-04-13 12:21:42,675 INFO T:282.15Â°K V:2.4137e-03V I:8.9698e-04A R:2.6910e+00ğ›€ E:7.4498e-02V/cm J:3.9255e-02A/cm2 ğ›’:1.8978e+00ğ›€ cm
2023-04-13 12:21:42,698 INFO Measurement at current 0.0009145728643216081
2023-04-13 12:21:43,304 INFO T:282.14Â°K V:2.4609e-03V I:9.1457e-04A R:2.6908e+00ğ›€ E:7.5954e-02V/cm J:4.0025e-02A/cm2 ğ›’:1.8977e+00ğ›€ cm
2023-04-13 12:21:43,325 INFO Measurement at current 0.0009321608040201006
2023-04-13 12:21:43,925 INFO T:282.14Â°K V:2.5082e-03V I:9.3216e-04A R:2.6907e+00ğ›€ E:7.7414e-02V/cm J:4.0795e-02A/cm2 ğ›’:1.8976e+00ğ›€ cm
2023-04-13 12:21:43,948 INFO Measurement at current 0.000949748743718593
2023-04-13 12:21:44,545 INFO T:282.13Â°K V:2.5556e-03V I:9.4975e-04A R:2.6908e+00ğ›€ E:7.8875e-02V/cm J:4.1564e-02A/cm2 ğ›’:1.8977e+00ğ›€ cm
2023-04-13 12:21:44,566 INFO Measurement at current 0.0009673366834170855
2023-04-13 12:21:45,164 INFO T:282.13Â°K V:2.6029e-03V I:9.6734e-04A R:2.6908e+00ğ›€ E:8.0337e-02V/cm J:4.2334e-02A/cm2 ğ›’:1.8977e+00ğ›€ cm
2023-04-13 12:21:45,179 INFO Measurement at current 0.0009849246231155779
2023-04-13 12:21:45,781 INFO T:282.12Â°K V:2.6502e-03V I:9.8492e-04A R:2.6907e+00ğ›€ E:8.1795e-02V/cm J:4.3104e-02A/cm2 ğ›’:1.8976e+00ğ›€ cm
2023-04-13 12:21:45,825 INFO Measurement at current 0.0010025125628140704
2023-04-13 12:21:46,430 INFO T:282.12Â°K V:2.6976e-03V I:1.0025e-03A R:2.6908e+00ğ›€ E:8.3258e-02V/cm J:4.3874e-02A/cm2 ğ›’:1.8977e+00ğ›€ cm
2023-04-13 12:21:46,450 INFO Measurement at current 0.001020100502512563
2023-04-13 12:21:47,051 INFO T:282.11Â°K V:2.7449e-03V I:1.0201e-03A R:2.6908e+00ğ›€ E:8.4720e-02V/cm J:4.4643e-02A/cm2 ğ›’:1.8977e+00ğ›€ cm
2023-04-13 12:21:47,068 INFO Measurement at current 0.0010376884422110553
2023-04-13 12:21:47,674 INFO T:282.10Â°K V:2.7923e-03V I:1.0377e-03A R:2.6909e+00ğ›€ E:8.6182e-02V/cm J:4.5413e-02A/cm2 ğ›’:1.8977e+00ğ›€ cm
2023-04-13 12:21:47,692 INFO Measurement at current 0.0010552763819095478
2023-04-13 12:21:48,289 INFO T:282.10Â°K V:2.8404e-03V I:1.0553e-03A R:2.6917e+00ğ›€ E:8.7668e-02V/cm J:4.6183e-02A/cm2 ğ›’:1.8983e+00ğ›€ cm
2023-04-13 12:21:48,313 INFO Measurement at current 0.0010728643216080403
2023-04-13 12:21:48,918 INFO T:282.09Â°K V:2.8876e-03V I:1.0729e-03A R:2.6915e+00ğ›€ E:8.9124e-02V/cm J:4.6952e-02A/cm2 ğ›’:1.8982e+00ğ›€ cm
2023-04-13 12:21:48,936 INFO Measurement at current 0.0010904522613065328
2023-04-13 12:21:49,534 INFO T:282.09Â°K V:2.9348e-03V I:1.0905e-03A R:2.6913e+00ğ›€ E:9.0580e-02V/cm J:4.7722e-02A/cm2 ğ›’:1.8981e+00ğ›€ cm
2023-04-13 12:21:49,553 INFO Measurement at current 0.0011080402010050251
2023-04-13 12:21:50,158 INFO T:282.08Â°K V:2.9815e-03V I:1.1080e-03A R:2.6908e+00ğ›€ E:9.2021e-02V/cm J:4.8492e-02A/cm2 ğ›’:1.8977e+00ğ›€ cm
2023-04-13 12:21:50,191 INFO Measurement at current 0.0011256281407035177
2023-04-13 12:21:50,786 INFO T:282.08Â°K V:3.0287e-03V I:1.1256e-03A R:2.6906e+00ğ›€ E:9.3477e-02V/cm J:4.9262e-02A/cm2 ğ›’:1.8976e+00ğ›€ cm
2023-04-13 12:21:50,819 INFO Measurement at current 0.0011432160804020102
2023-04-13 12:21:51,425 INFO T:282.07Â°K V:3.0758e-03V I:1.1432e-03A R:2.6905e+00ğ›€ E:9.4933e-02V/cm J:5.0031e-02A/cm2 ğ›’:1.8975e+00ğ›€ cm
2023-04-13 12:21:51,449 INFO Measurement at current 0.0011608040201005025
2023-04-13 12:21:52,051 INFO T:282.07Â°K V:3.1243e-03V I:1.1608e-03A R:2.6915e+00ğ›€ E:9.6429e-02V/cm J:5.0801e-02A/cm2 ğ›’:1.8982e+00ğ›€ cm
2023-04-13 12:21:52,075 INFO Measurement at current 0.001178391959798995
2023-04-13 12:21:52,673 INFO T:282.06Â°K V:3.1710e-03V I:1.1784e-03A R:2.6910e+00ğ›€ E:9.7871e-02V/cm J:5.1571e-02A/cm2 ğ›’:1.8978e+00ğ›€ cm
2023-04-13 12:21:52,694 INFO Measurement at current 0.0011959798994974876
2023-04-13 12:21:53,316 INFO T:282.06Â°K V:3.2182e-03V I:1.1960e-03A R:2.6908e+00ğ›€ E:9.9326e-02V/cm J:5.2340e-02A/cm2 ğ›’:1.8977e+00ğ›€ cm
2023-04-13 12:21:53,346 INFO Measurement at current 0.00121356783919598
2023-04-13 12:21:53,942 INFO T:282.05Â°K V:3.2653e-03V I:1.2136e-03A R:2.6907e+00ğ›€ E:1.0078e-01V/cm J:5.3110e-02A/cm2 ğ›’:1.8976e+00ğ›€ cm
2023-04-13 12:21:53,978 INFO Measurement at current 0.0012311557788944724
2023-04-13 12:21:54,570 INFO T:282.05Â°K V:3.3125e-03V I:1.2312e-03A R:2.6905e+00ğ›€ E:1.0224e-01V/cm J:5.3880e-02A/cm2 ğ›’:1.8975e+00ğ›€ cm
2023-04-13 12:21:54,587 INFO Measurement at current 0.001248743718592965
2023-04-13 12:21:55,184 INFO T:282.04Â°K V:3.3596e-03V I:1.2487e-03A R:2.6904e+00ğ›€ E:1.0369e-01V/cm J:5.4650e-02A/cm2 ğ›’:1.8974e+00ğ›€ cm
2023-04-13 12:21:55,205 INFO Measurement at current 0.0012663316582914575
2023-04-13 12:21:55,801 INFO T:282.04Â°K V:3.4077e-03V I:1.2663e-03A R:2.6910e+00ğ›€ E:1.0518e-01V/cm J:5.5419e-02A/cm2 ğ›’:1.8978e+00ğ›€ cm
2023-04-13 12:21:55,821 INFO Measurement at current 0.0012839195979899498
2023-04-13 12:21:56,422 INFO T:282.03Â°K V:3.4549e-03V I:1.2839e-03A R:2.6909e+00ğ›€ E:1.0663e-01V/cm J:5.6189e-02A/cm2 ğ›’:1.8977e+00ğ›€ cm
2023-04-13 12:21:56,444 INFO Measurement at current 0.0013015075376884423
2023-04-13 12:21:57,038 INFO T:282.03Â°K V:3.5020e-03V I:1.3015e-03A R:2.6908e+00ğ›€ E:1.0809e-01V/cm J:5.6959e-02A/cm2 ğ›’:1.8977e+00ğ›€ cm
2023-04-13 12:21:57,059 INFO Measurement at current 0.0013190954773869348
2023-04-13 12:21:57,648 INFO T:282.02Â°K V:3.5492e-03V I:1.3191e-03A R:2.6906e+00ğ›€ E:1.0954e-01V/cm J:5.7728e-02A/cm2 ğ›’:1.8975e+00ğ›€ cm
2023-04-13 12:21:57,664 INFO Measurement at current 0.0013366834170854271
2023-04-13 12:21:58,259 INFO T:282.02Â°K V:3.5960e-03V I:1.3367e-03A R:2.6902e+00ğ›€ E:1.1099e-01V/cm J:5.8498e-02A/cm2 ğ›’:1.8973e+00ğ›€ cm
2023-04-13 12:21:58,279 INFO Measurement at current 0.0013542713567839197
2023-04-13 12:21:58,873 INFO T:282.01Â°K V:3.6445e-03V I:1.3543e-03A R:2.6911e+00ğ›€ E:1.1249e-01V/cm J:5.9268e-02A/cm2 ğ›’:1.8979e+00ğ›€ cm
2023-04-13 12:21:58,894 INFO Measurement at current 0.0013718592964824122
2023-04-13 12:21:59,504 INFO T:282.01Â°K V:3.6917e-03V I:1.3719e-03A R:2.6910e+00ğ›€ E:1.1394e-01V/cm J:6.0038e-02A/cm2 ğ›’:1.8979e+00ğ›€ cm
2023-04-13 12:21:59,524 INFO Measurement at current 0.0013894472361809047
2023-04-13 12:22:00,146 INFO T:282.00Â°K V:3.7390e-03V I:1.3894e-03A R:2.6910e+00ğ›€ E:1.1540e-01V/cm J:6.0807e-02A/cm2 ğ›’:1.8978e+00ğ›€ cm
2023-04-13 12:22:00,167 INFO Measurement at current 0.001407035175879397
2023-04-13 12:22:00,761 INFO T:282.00Â°K V:3.7857e-03V I:1.4070e-03A R:2.6906e+00ğ›€ E:1.1684e-01V/cm J:6.1577e-02A/cm2 ğ›’:1.8975e+00ğ›€ cm
2023-04-13 12:22:00,789 INFO Measurement at current 0.0014246231155778896
2023-04-13 12:22:01,391 INFO T:281.99Â°K V:3.8329e-03V I:1.4246e-03A R:2.6905e+00ğ›€ E:1.1830e-01V/cm J:6.2347e-02A/cm2 ğ›’:1.8975e+00ğ›€ cm
2023-04-13 12:22:01,414 INFO Measurement at current 0.001442211055276382
2023-04-13 12:22:02,020 INFO T:281.99Â°K V:3.8801e-03V I:1.4422e-03A R:2.6904e+00ğ›€ E:1.1976e-01V/cm J:6.3116e-02A/cm2 ğ›’:1.8974e+00ğ›€ cm
2023-04-13 12:22:02,051 INFO Measurement at current 0.0014597989949748744
2023-04-13 12:22:02,659 INFO T:281.98Â°K V:3.9287e-03V I:1.4598e-03A R:2.6913e+00ğ›€ E:1.2126e-01V/cm J:6.3886e-02A/cm2 ğ›’:1.8980e+00ğ›€ cm
2023-04-13 12:22:02,688 INFO Measurement at current 0.001477386934673367
2023-04-13 12:22:03,281 INFO T:281.98Â°K V:3.9754e-03V I:1.4774e-03A R:2.6909e+00ğ›€ E:1.2270e-01V/cm J:6.4656e-02A/cm2 ğ›’:1.8977e+00ğ›€ cm
2023-04-13 12:22:03,298 INFO Measurement at current 0.0014949748743718595
2023-04-13 12:22:03,910 INFO T:281.97Â°K V:4.0226e-03V I:1.4950e-03A R:2.6908e+00ğ›€ E:1.2415e-01V/cm J:6.5426e-02A/cm2 ğ›’:1.8976e+00ğ›€ cm
2023-04-13 12:22:03,933 INFO Measurement at current 0.0015125628140703518
2023-04-13 12:22:04,533 INFO T:281.97Â°K V:4.0698e-03V I:1.5126e-03A R:2.6907e+00ğ›€ E:1.2561e-01V/cm J:6.6195e-02A/cm2 ğ›’:1.8976e+00ğ›€ cm
2023-04-13 12:22:04,559 INFO Measurement at current 0.0015301507537688443
2023-04-13 12:22:05,158 INFO T:281.96Â°K V:4.1170e-03V I:1.5302e-03A R:2.6906e+00ğ›€ E:1.2707e-01V/cm J:6.6965e-02A/cm2 ğ›’:1.8975e+00ğ›€ cm
2023-04-13 12:22:05,177 INFO Measurement at current 0.0015477386934673368
2023-04-13 12:22:05,768 INFO T:281.96Â°K V:4.1638e-03V I:1.5477e-03A R:2.6902e+00ğ›€ E:1.2851e-01V/cm J:6.7735e-02A/cm2 ğ›’:1.8973e+00ğ›€ cm
2023-04-13 12:22:05,786 INFO Measurement at current 0.0015653266331658294
2023-04-13 12:22:06,404 INFO T:281.95Â°K V:4.2123e-03V I:1.5653e-03A R:2.6910e+00ğ›€ E:1.3001e-01V/cm J:6.8504e-02A/cm2 ğ›’:1.8978e+00ğ›€ cm
2023-04-13 12:22:06,426 INFO Measurement at current 0.0015829145728643217
2023-04-13 12:22:07,022 INFO T:281.95Â°K V:4.2595e-03V I:1.5829e-03A R:2.6909e+00ğ›€ E:1.3147e-01V/cm J:6.9274e-02A/cm2 ğ›’:1.8978e+00ğ›€ cm
2023-04-13 12:22:07,062 INFO Measurement at current 0.0016005025125628142
2023-04-13 12:22:07,663 INFO T:281.94Â°K V:4.3067e-03V I:1.6005e-03A R:2.6909e+00ğ›€ E:1.3292e-01V/cm J:7.0044e-02A/cm2 ğ›’:1.8977e+00ğ›€ cm
2023-04-13 12:22:07,679 INFO Measurement at current 0.0016180904522613067
2023-04-13 12:22:08,276 INFO T:281.94Â°K V:4.3535e-03V I:1.6181e-03A R:2.6905e+00ğ›€ E:1.3437e-01V/cm J:7.0814e-02A/cm2 ğ›’:1.8975e+00ğ›€ cm
2023-04-13 12:22:08,298 INFO Measurement at current 0.001635678391959799
2023-04-13 12:22:08,899 INFO T:281.93Â°K V:4.4007e-03V I:1.6357e-03A R:2.6904e+00ğ›€ E:1.3582e-01V/cm J:7.1583e-02A/cm2 ğ›’:1.8974e+00ğ›€ cm
2023-04-13 12:22:08,929 INFO Measurement at current 0.0016532663316582916
2023-04-13 12:22:09,530 INFO T:281.93Â°K V:4.4492e-03V I:1.6533e-03A R:2.6912e+00ğ›€ E:1.3732e-01V/cm J:7.2353e-02A/cm2 ğ›’:1.8979e+00ğ›€ cm
2023-04-13 12:22:09,554 INFO Measurement at current 0.001670854271356784
2023-04-13 12:22:10,162 INFO T:281.92Â°K V:4.4963e-03V I:1.6709e-03A R:2.6910e+00ğ›€ E:1.3878e-01V/cm J:7.3123e-02A/cm2 ğ›’:1.8978e+00ğ›€ cm
2023-04-13 12:22:10,183 INFO Measurement at current 0.0016884422110552766
2023-04-13 12:22:10,781 INFO T:281.92Â°K V:4.5431e-03V I:1.6884e-03A R:2.6907e+00ğ›€ E:1.4022e-01V/cm J:7.3892e-02A/cm2 ğ›’:1.8976e+00ğ›€ cm
2023-04-13 12:22:10,797 INFO Measurement at current 0.001706030150753769
2023-04-13 12:22:11,397 INFO T:281.91Â°K V:4.5903e-03V I:1.7060e-03A R:2.6906e+00ğ›€ E:1.4168e-01V/cm J:7.4662e-02A/cm2 ğ›’:1.8976e+00ğ›€ cm
2023-04-13 12:22:11,412 INFO Measurement at current 0.0017236180904522615
2023-04-13 12:22:12,007 INFO T:281.91Â°K V:4.6375e-03V I:1.7236e-03A R:2.6906e+00ğ›€ E:1.4313e-01V/cm J:7.5432e-02A/cm2 ğ›’:1.8975e+00ğ›€ cm
2023-04-13 12:22:12,024 INFO Measurement at current 0.001741206030150754
2023-04-13 12:22:12,616 INFO T:281.90Â°K V:4.6847e-03V I:1.7412e-03A R:2.6905e+00ğ›€ E:1.4459e-01V/cm J:7.6202e-02A/cm2 ğ›’:1.8975e+00ğ›€ cm
2023-04-13 12:22:12,636 INFO Measurement at current 0.0017587939698492463
2023-04-13 12:22:13,250 INFO T:281.90Â°K V:4.7332e-03V I:1.7588e-03A R:2.6912e+00ğ›€ E:1.4609e-01V/cm J:7.6971e-02A/cm2 ğ›’:1.8979e+00ğ›€ cm
2023-04-13 12:22:13,290 INFO Measurement at current 0.0017763819095477388
2023-04-13 12:22:13,915 INFO T:281.89Â°K V:4.7800e-03V I:1.7764e-03A R:2.6909e+00ğ›€ E:1.4753e-01V/cm J:7.7741e-02A/cm2 ğ›’:1.8977e+00ğ›€ cm
2023-04-13 12:22:13,935 INFO Measurement at current 0.0017939698492462314
2023-04-13 12:22:14,545 INFO T:281.89Â°K V:4.8272e-03V I:1.7940e-03A R:2.6908e+00ğ›€ E:1.4899e-01V/cm J:7.8511e-02A/cm2 ğ›’:1.8977e+00ğ›€ cm
2023-04-13 12:22:14,564 INFO Measurement at current 0.0018115577889447237
2023-04-13 12:22:15,158 INFO T:281.88Â°K V:4.8744e-03V I:1.8116e-03A R:2.6907e+00ğ›€ E:1.5044e-01V/cm J:7.9280e-02A/cm2 ğ›’:1.8976e+00ğ›€ cm
2023-04-13 12:22:15,178 INFO Measurement at current 0.0018291457286432162
2023-04-13 12:22:15,781 INFO T:281.88Â°K V:4.9215e-03V I:1.8291e-03A R:2.6906e+00ğ›€ E:1.5190e-01V/cm J:8.0050e-02A/cm2 ğ›’:1.8976e+00ğ›€ cm
2023-04-13 12:22:15,797 INFO Measurement at current 0.0018467336683417087
2023-04-13 12:22:16,387 INFO T:281.87Â°K V:4.9683e-03V I:1.8467e-03A R:2.6903e+00ğ›€ E:1.5334e-01V/cm J:8.0820e-02A/cm2 ğ›’:1.8973e+00ğ›€ cm
2023-04-13 12:22:16,414 INFO Measurement at current 0.0018643216080402013
2023-04-13 12:22:17,010 INFO T:281.87Â°K V:5.0168e-03V I:1.8643e-03A R:2.6910e+00ğ›€ E:1.5484e-01V/cm J:8.1590e-02A/cm2 ğ›’:1.8978e+00ğ›€ cm
2023-04-13 12:22:17,025 INFO Measurement at current 0.0018819095477386936
2023-04-13 12:22:17,615 INFO T:281.86Â°K V:5.0640e-03V I:1.8819e-03A R:2.6909e+00ğ›€ E:1.5630e-01V/cm J:8.2359e-02A/cm2 ğ›’:1.8977e+00ğ›€ cm
2023-04-13 12:22:17,630 INFO Measurement at current 0.001899497487437186
2023-04-13 12:22:18,219 INFO T:281.86Â°K V:5.1112e-03V I:1.8995e-03A R:2.6908e+00ğ›€ E:1.5775e-01V/cm J:8.3129e-02A/cm2 ğ›’:1.8977e+00ğ›€ cm
2023-04-13 12:22:18,237 INFO Measurement at current 0.0019170854271356786
2023-04-13 12:22:18,826 INFO T:281.85Â°K V:5.1580e-03V I:1.9171e-03A R:2.6905e+00ğ›€ E:1.5920e-01V/cm J:8.3899e-02A/cm2 ğ›’:1.8975e+00ğ›€ cm
2023-04-13 12:22:18,848 INFO Measurement at current 0.001934673366834171
2023-04-13 12:22:19,449 INFO T:281.85Â°K V:5.2052e-03V I:1.9347e-03A R:2.6905e+00ğ›€ E:1.6065e-01V/cm J:8.4668e-02A/cm2 ğ›’:1.8974e+00ğ›€ cm
2023-04-13 12:22:19,467 INFO Measurement at current 0.0019522613065326635
2023-04-13 12:22:20,069 INFO T:281.84Â°K V:5.2537e-03V I:1.9523e-03A R:2.6911e+00ğ›€ E:1.6215e-01V/cm J:8.5438e-02A/cm2 ğ›’:1.8979e+00ğ›€ cm
2023-04-13 12:22:20,112 INFO Measurement at current 0.0019698492462311558
2023-04-13 12:22:20,703 INFO T:281.84Â°K V:5.3009e-03V I:1.9698e-03A R:2.6910e+00ğ›€ E:1.6361e-01V/cm J:8.6208e-02A/cm2 ğ›’:1.8978e+00ğ›€ cm
2023-04-13 12:22:20,717 INFO Measurement at current 0.0019874371859296483
2023-04-13 12:22:21,306 INFO T:281.83Â°K V:5.3476e-03V I:1.9874e-03A R:2.6907e+00ğ›€ E:1.6505e-01V/cm J:8.6978e-02A/cm2 ğ›’:1.8976e+00ğ›€ cm
2023-04-13 12:22:21,322 INFO Measurement at current 0.002005025125628141
2023-04-13 12:22:21,915 INFO T:281.83Â°K V:5.3948e-03V I:2.0050e-03A R:2.6906e+00ğ›€ E:1.6651e-01V/cm J:8.7747e-02A/cm2 ğ›’:1.8976e+00ğ›€ cm
2023-04-13 12:22:21,930 INFO Measurement at current 0.0020226130653266334
2023-04-13 12:22:22,525 INFO T:281.82Â°K V:5.4420e-03V I:2.0226e-03A R:2.6906e+00ğ›€ E:1.6796e-01V/cm J:8.8517e-02A/cm2 ğ›’:1.8975e+00ğ›€ cm
2023-04-13 12:22:22,543 INFO Measurement at current 0.002040201005025126
2023-04-13 12:22:23,135 INFO T:281.82Â°K V:5.4891e-03V I:2.0402e-03A R:2.6905e+00ğ›€ E:1.6942e-01V/cm J:8.9287e-02A/cm2 ğ›’:1.8974e+00ğ›€ cm
2023-04-13 12:22:23,149 INFO Measurement at current 0.0020577889447236184
2023-04-13 12:22:23,740 INFO T:281.81Â°K V:5.5371e-03V I:2.0578e-03A R:2.6908e+00ğ›€ E:1.7090e-01V/cm J:9.0056e-02A/cm2 ğ›’:1.8977e+00ğ›€ cm
2023-04-13 12:22:23,758 INFO Measurement at current 0.0020753768844221105
2023-04-13 12:22:24,349 INFO T:281.81Â°K V:5.5843e-03V I:2.0754e-03A R:2.6907e+00ğ›€ E:1.7236e-01V/cm J:9.0826e-02A/cm2 ğ›’:1.8976e+00ğ›€ cm
2023-04-13 12:22:24,367 INFO Measurement at current 0.002092964824120603
2023-04-13 12:22:24,965 INFO T:281.80Â°K V:5.6314e-03V I:2.0930e-03A R:2.6906e+00ğ›€ E:1.7381e-01V/cm J:9.1596e-02A/cm2 ğ›’:1.8976e+00ğ›€ cm
2023-04-13 12:22:24,988 INFO Measurement at current 0.0021105527638190956
2023-04-13 12:22:25,598 INFO T:281.80Â°K V:5.6786e-03V I:2.1106e-03A R:2.6906e+00ğ›€ E:1.7526e-01V/cm J:9.2366e-02A/cm2 ğ›’:1.8975e+00ğ›€ cm
2023-04-13 12:22:25,627 INFO Measurement at current 0.002128140703517588
2023-04-13 12:22:26,223 INFO T:281.79Â°K V:5.7253e-03V I:2.1281e-03A R:2.6903e+00ğ›€ E:1.7671e-01V/cm J:9.3135e-02A/cm2 ğ›’:1.8973e+00ğ›€ cm
2023-04-13 12:22:26,238 INFO Measurement at current 0.0021457286432160806
2023-04-13 12:22:26,832 INFO T:281.79Â°K V:5.7724e-03V I:2.1457e-03A R:2.6902e+00ğ›€ E:1.7816e-01V/cm J:9.3905e-02A/cm2 ğ›’:1.8972e+00ğ›€ cm
2023-04-13 12:22:26,854 INFO Measurement at current 0.002163316582914573
2023-04-13 12:22:27,459 INFO T:281.78Â°K V:5.8209e-03V I:2.1633e-03A R:2.6907e+00ğ›€ E:1.7966e-01V/cm J:9.4675e-02A/cm2 ğ›’:1.8976e+00ğ›€ cm
2023-04-13 12:22:27,476 INFO Measurement at current 0.0021809045226130657
2023-04-13 12:22:28,071 INFO T:281.78Â°K V:5.8680e-03V I:2.1809e-03A R:2.6906e+00ğ›€ E:1.8111e-01V/cm J:9.5444e-02A/cm2 ğ›’:1.8976e+00ğ›€ cm
2023-04-13 12:22:28,092 INFO Measurement at current 0.0021984924623115578
2023-04-13 12:22:28,702 INFO T:281.77Â°K V:5.9147e-03V I:2.1985e-03A R:2.6903e+00ğ›€ E:1.8255e-01V/cm J:9.6214e-02A/cm2 ğ›’:1.8974e+00ğ›€ cm
2023-04-13 12:22:28,723 INFO Measurement at current 0.0022160804020100503
2023-04-13 12:22:29,318 INFO T:281.77Â°K V:5.9618e-03V I:2.2161e-03A R:2.6903e+00ğ›€ E:1.8401e-01V/cm J:9.6984e-02A/cm2 ğ›’:1.8973e+00ğ›€ cm
2023-04-13 12:22:29,332 INFO Measurement at current 0.002233668341708543
2023-04-13 12:22:29,918 INFO T:281.76Â°K V:6.0090e-03V I:2.2337e-03A R:2.6902e+00ğ›€ E:1.8546e-01V/cm J:9.7754e-02A/cm2 ğ›’:1.8972e+00ğ›€ cm
2023-04-13 12:22:29,934 INFO Measurement at current 0.0022512562814070354
2023-04-13 12:22:30,522 INFO T:281.76Â°K V:6.0574e-03V I:2.2513e-03A R:2.6907e+00ğ›€ E:1.8696e-01V/cm J:9.8523e-02A/cm2 ğ›’:1.8976e+00ğ›€ cm
2023-04-13 12:22:30,540 INFO Measurement at current 0.002268844221105528
2023-04-13 12:22:31,180 INFO T:281.75Â°K V:6.1041e-03V I:2.2688e-03A R:2.6904e+00ğ›€ E:1.8840e-01V/cm J:9.9293e-02A/cm2 ğ›’:1.8974e+00ğ›€ cm
2023-04-13 12:22:31,210 INFO Measurement at current 0.0022864321608040204
2023-04-13 12:22:31,816 INFO T:281.75Â°K V:6.1513e-03V I:2.2864e-03A R:2.6903e+00ğ›€ E:1.8985e-01V/cm J:1.0006e-01A/cm2 ğ›’:1.8974e+00ğ›€ cm
2023-04-13 12:22:31,839 INFO Measurement at current 0.002304020100502513
2023-04-13 12:22:32,453 INFO T:281.74Â°K V:6.1984e-03V I:2.3040e-03A R:2.6903e+00ğ›€ E:1.9131e-01V/cm J:1.0083e-01A/cm2 ğ›’:1.8973e+00ğ›€ cm
2023-04-13 12:22:32,475 INFO Measurement at current 0.002321608040201005
2023-04-13 12:22:33,077 INFO T:281.74Â°K V:6.2456e-03V I:2.3216e-03A R:2.6902e+00ğ›€ E:1.9276e-01V/cm J:1.0160e-01A/cm2 ğ›’:1.8973e+00ğ›€ cm
2023-04-13 12:22:33,101 INFO Measurement at current 0.0023391959798994976
2023-04-13 12:22:33,697 INFO T:281.73Â°K V:6.2926e-03V I:2.3392e-03A R:2.6901e+00ğ›€ E:1.9422e-01V/cm J:1.0237e-01A/cm2 ğ›’:1.8972e+00ğ›€ cm
2023-04-13 12:22:33,724 INFO Measurement at current 0.00235678391959799
2023-04-13 12:22:34,343 INFO T:281.73Â°K V:6.3406e-03V I:2.3568e-03A R:2.6904e+00ğ›€ E:1.9570e-01V/cm J:1.0314e-01A/cm2 ğ›’:1.8974e+00ğ›€ cm
2023-04-13 12:22:34,367 INFO Measurement at current 0.0023743718592964826
2023-04-13 12:22:34,978 INFO T:281.72Â°K V:6.3877e-03V I:2.3744e-03A R:2.6903e+00ğ›€ E:1.9715e-01V/cm J:1.0391e-01A/cm2 ğ›’:1.8973e+00ğ›€ cm
2023-04-13 12:22:35,003 INFO Measurement at current 0.002391959798994975
2023-04-13 12:22:35,610 INFO T:281.72Â°K V:6.4349e-03V I:2.3920e-03A R:2.6902e+00ğ›€ E:1.9861e-01V/cm J:1.0468e-01A/cm2 ğ›’:1.8973e+00ğ›€ cm
2023-04-13 12:22:35,633 INFO Measurement at current 0.0024095477386934677
2023-04-13 12:22:36,227 INFO T:281.71Â°K V:6.4820e-03V I:2.4095e-03A R:2.6901e+00ğ›€ E:2.0006e-01V/cm J:1.0545e-01A/cm2 ğ›’:1.8972e+00ğ›€ cm
2023-04-13 12:22:36,249 INFO Measurement at current 0.00242713567839196
2023-04-13 12:22:36,869 INFO T:281.71Â°K V:6.5287e-03V I:2.4271e-03A R:2.6899e+00ğ›€ E:2.0150e-01V/cm J:1.0622e-01A/cm2 ğ›’:1.8970e+00ğ›€ cm
2023-04-13 12:22:36,894 INFO Measurement at current 0.0024447236180904523
2023-04-13 12:22:37,501 INFO T:281.70Â°K V:6.5759e-03V I:2.4447e-03A R:2.6898e+00ğ›€ E:2.0296e-01V/cm J:1.0699e-01A/cm2 ğ›’:1.8970e+00ğ›€ cm
2023-04-13 12:22:37,533 INFO Measurement at current 0.002462311557788945
2023-04-13 12:22:38,133 INFO T:281.70Â°K V:6.6243e-03V I:2.4623e-03A R:2.6903e+00ğ›€ E:2.0445e-01V/cm J:1.0776e-01A/cm2 ğ›’:1.8973e+00ğ›€ cm
2023-04-13 12:22:38,170 INFO Measurement at current 0.0024798994974874373
2023-04-13 12:22:38,775 INFO T:281.69Â°K V:6.6714e-03V I:2.4799e-03A R:2.6902e+00ğ›€ E:2.0591e-01V/cm J:1.0853e-01A/cm2 ğ›’:1.8973e+00ğ›€ cm
2023-04-13 12:22:38,798 INFO Measurement at current 0.00249748743718593
2023-04-13 12:22:39,399 INFO T:281.69Â°K V:6.7181e-03V I:2.4975e-03A R:2.6899e+00ğ›€ E:2.0735e-01V/cm J:1.0930e-01A/cm2 ğ›’:1.8971e+00ğ›€ cm
2023-04-13 12:22:39,422 INFO Measurement at current 0.0025150753768844224
2023-04-13 12:22:40,019 INFO T:281.68Â°K V:6.7652e-03V I:2.5151e-03A R:2.6899e+00ğ›€ E:2.0880e-01V/cm J:1.1007e-01A/cm2 ğ›’:1.8970e+00ğ›€ cm
2023-04-13 12:22:40,037 INFO Measurement at current 0.002532663316582915
2023-04-13 12:22:40,653 INFO T:281.68Â°K V:6.8123e-03V I:2.5327e-03A R:2.6898e+00ğ›€ E:2.1026e-01V/cm J:1.1084e-01A/cm2 ğ›’:1.8970e+00ğ›€ cm
2023-04-13 12:22:40,670 INFO Measurement at current 0.002550251256281407
2023-04-13 12:22:41,269 INFO T:281.67Â°K V:6.8608e-03V I:2.5503e-03A R:2.6903e+00ğ›€ E:2.1175e-01V/cm J:1.1161e-01A/cm2 ğ›’:1.8973e+00ğ›€ cm
2023-04-13 12:22:41,302 INFO Measurement at current 0.0025678391959798996
2023-04-13 12:22:41,894 INFO T:281.67Â°K V:6.9075e-03V I:2.5678e-03A R:2.6900e+00ğ›€ E:2.1319e-01V/cm J:1.1238e-01A/cm2 ğ›’:1.8971e+00ğ›€ cm
2023-04-13 12:22:41,915 INFO Measurement at current 0.002585427135678392
2023-04-13 12:22:42,503 INFO T:281.66Â°K V:6.9546e-03V I:2.5854e-03A R:2.6899e+00ğ›€ E:2.1465e-01V/cm J:1.1315e-01A/cm2 ğ›’:1.8971e+00ğ›€ cm
2023-04-13 12:22:42,519 INFO Measurement at current 0.0026030150753768846
2023-04-13 12:22:43,114 INFO T:281.66Â°K V:7.0018e-03V I:2.6030e-03A R:2.6899e+00ğ›€ E:2.1610e-01V/cm J:1.1392e-01A/cm2 ğ›’:1.8970e+00ğ›€ cm
2023-04-13 12:22:43,134 INFO Measurement at current 0.002620603015075377
2023-04-13 12:22:43,727 INFO T:281.65Â°K V:7.0489e-03V I:2.6206e-03A R:2.6898e+00ğ›€ E:2.1756e-01V/cm J:1.1469e-01A/cm2 ğ›’:1.8970e+00ğ›€ cm
2023-04-13 12:22:43,748 INFO Measurement at current 0.0026381909547738697
2023-04-13 12:22:44,364 INFO T:281.65Â°K V:7.0956e-03V I:2.6382e-03A R:2.6896e+00ğ›€ E:2.1900e-01V/cm J:1.1546e-01A/cm2 ğ›’:1.8968e+00ğ›€ cm
2023-04-13 12:22:44,382 INFO Measurement at current 0.002655778894472362
2023-04-13 12:22:44,982 INFO T:281.64Â°K V:7.1441e-03V I:2.6558e-03A R:2.6900e+00ğ›€ E:2.2050e-01V/cm J:1.1623e-01A/cm2 ğ›’:1.8971e+00ğ›€ cm
2023-04-13 12:22:45,003 INFO Measurement at current 0.0026733668341708543
2023-04-13 12:22:45,595 INFO T:281.64Â°K V:7.1912e-03V I:2.6734e-03A R:2.6899e+00ğ›€ E:2.2195e-01V/cm J:1.1700e-01A/cm2 ğ›’:1.8971e+00ğ›€ cm
2023-04-13 12:22:45,611 INFO Measurement at current 0.002690954773869347
2023-04-13 12:22:46,218 INFO T:281.63Â°K V:7.2383e-03V I:2.6910e-03A R:2.6899e+00ğ›€ E:2.2341e-01V/cm J:1.1777e-01A/cm2 ğ›’:1.8970e+00ğ›€ cm
2023-04-13 12:22:46,236 INFO Measurement at current 0.0027085427135678393
2023-04-13 12:22:46,852 INFO T:281.63Â°K V:7.2851e-03V I:2.7085e-03A R:2.6897e+00ğ›€ E:2.2485e-01V/cm J:1.1854e-01A/cm2 ğ›’:1.8969e+00ğ›€ cm
2023-04-13 12:22:46,873 INFO Measurement at current 0.002726130653266332
2023-04-13 12:22:47,467 INFO T:281.62Â°K V:7.3323e-03V I:2.7261e-03A R:2.6896e+00ğ›€ E:2.2631e-01V/cm J:1.1931e-01A/cm2 ğ›’:1.8969e+00ğ›€ cm
2023-04-13 12:22:47,484 INFO Measurement at current 0.0027437185929648244
2023-04-13 12:22:48,078 INFO T:281.62Â°K V:7.3795e-03V I:2.7437e-03A R:2.6896e+00ğ›€ E:2.2776e-01V/cm J:1.2008e-01A/cm2 ğ›’:1.8968e+00ğ›€ cm
2023-04-13 12:22:48,097 INFO Measurement at current 0.002761306532663317
2023-04-13 12:22:48,704 INFO T:281.61Â°K V:7.4280e-03V I:2.7613e-03A R:2.6900e+00ğ›€ E:2.2926e-01V/cm J:1.2084e-01A/cm2 ğ›’:1.8971e+00ğ›€ cm
2023-04-13 12:22:48,725 INFO Measurement at current 0.0027788944723618095
2023-04-13 12:22:49,325 INFO T:281.61Â°K V:7.4747e-03V I:2.7789e-03A R:2.6898e+00ğ›€ E:2.3070e-01V/cm J:1.2161e-01A/cm2 ğ›’:1.8970e+00ğ›€ cm
2023-04-13 12:22:49,351 INFO Measurement at current 0.0027964824120603016
2023-04-13 12:22:49,959 INFO T:281.60Â°K V:7.5219e-03V I:2.7965e-03A R:2.6898e+00ğ›€ E:2.3216e-01V/cm J:1.2238e-01A/cm2 ğ›’:1.8970e+00ğ›€ cm
2023-04-13 12:22:49,980 INFO Measurement at current 0.002814070351758794
2023-04-13 12:22:50,580 INFO T:281.60Â°K V:7.5691e-03V I:2.8141e-03A R:2.6897e+00ğ›€ E:2.3361e-01V/cm J:1.2315e-01A/cm2 ğ›’:1.8969e+00ğ›€ cm
2023-04-13 12:22:50,597 INFO Measurement at current 0.0028316582914572866
2023-04-13 12:22:51,193 INFO T:281.59Â°K V:7.6162e-03V I:2.8317e-03A R:2.6897e+00ğ›€ E:2.3507e-01V/cm J:1.2392e-01A/cm2 ğ›’:1.8969e+00ğ›€ cm
2023-04-13 12:22:51,217 INFO Measurement at current 0.002849246231155779
2023-04-13 12:22:51,824 INFO T:281.59Â°K V:7.6629e-03V I:2.8492e-03A R:2.6895e+00ğ›€ E:2.3651e-01V/cm J:1.2469e-01A/cm2 ğ›’:1.8967e+00ğ›€ cm
2023-04-13 12:22:51,844 INFO Measurement at current 0.0028668341708542717
2023-04-13 12:22:52,433 INFO T:281.58Â°K V:7.7115e-03V I:2.8668e-03A R:2.6899e+00ğ›€ E:2.3801e-01V/cm J:1.2546e-01A/cm2 ğ›’:1.8970e+00ğ›€ cm
2023-04-13 12:22:52,456 INFO Measurement at current 0.002884422110552764
2023-04-13 12:22:53,050 INFO T:281.58Â°K V:7.7586e-03V I:2.8844e-03A R:2.6898e+00ğ›€ E:2.3946e-01V/cm J:1.2623e-01A/cm2 ğ›’:1.8970e+00ğ›€ cm
2023-04-13 12:22:53,082 INFO Measurement at current 0.0029020100502512567
2023-04-13 12:22:53,692 INFO T:281.58Â°K V:7.8058e-03V I:2.9020e-03A R:2.6898e+00ğ›€ E:2.4092e-01V/cm J:1.2700e-01A/cm2 ğ›’:1.8970e+00ğ›€ cm
2023-04-13 12:22:53,708 INFO Measurement at current 0.002919597989949749
2023-04-13 12:22:54,304 INFO T:281.57Â°K V:7.8530e-03V I:2.9196e-03A R:2.6897e+00ğ›€ E:2.4238e-01V/cm J:1.2777e-01A/cm2 ğ›’:1.8969e+00ğ›€ cm
2023-04-13 12:22:54,324 INFO Measurement at current 0.0029371859296482413
2023-04-13 12:22:54,928 INFO T:281.57Â°K V:7.8997e-03V I:2.9372e-03A R:2.6896e+00ğ›€ E:2.4382e-01V/cm J:1.2854e-01A/cm2 ğ›’:1.8968e+00ğ›€ cm
2023-04-13 12:22:54,949 INFO Measurement at current 0.002954773869346734
2023-04-13 12:22:55,548 INFO T:281.56Â°K V:7.9483e-03V I:2.9548e-03A R:2.6900e+00ğ›€ E:2.4532e-01V/cm J:1.2931e-01A/cm2 ğ›’:1.8971e+00ğ›€ cm
2023-04-13 12:22:55,582 INFO Measurement at current 0.0029723618090452264
2023-04-13 12:22:56,195 INFO T:281.56Â°K V:7.9954e-03V I:2.9724e-03A R:2.6899e+00ğ›€ E:2.4677e-01V/cm J:1.3008e-01A/cm2 ğ›’:1.8971e+00ğ›€ cm
2023-04-13 12:22:56,214 INFO Measurement at current 0.002989949748743719
2023-04-13 12:22:56,802 INFO T:281.55Â°K V:8.0426e-03V I:2.9899e-03A R:2.6899e+00ğ›€ E:2.4823e-01V/cm J:1.3085e-01A/cm2 ğ›’:1.8970e+00ğ›€ cm
2023-04-13 12:22:56,818 INFO Measurement at current 0.0030075376884422115
2023-04-13 12:22:57,416 INFO T:281.55Â°K V:8.0893e-03V I:3.0075e-03A R:2.6897e+00ğ›€ E:2.4967e-01V/cm J:1.3162e-01A/cm2 ğ›’:1.8969e+00ğ›€ cm
2023-04-13 12:22:57,438 INFO Measurement at current 0.0030251256281407036
2023-04-13 12:22:58,038 INFO T:281.54Â°K V:8.1364e-03V I:3.0251e-03A R:2.6896e+00ğ›€ E:2.5112e-01V/cm J:1.3239e-01A/cm2 ğ›’:1.8968e+00ğ›€ cm
2023-04-13 12:22:58,062 INFO Measurement at current 0.003042713567839196
2023-04-13 12:22:58,661 INFO T:281.54Â°K V:8.1836e-03V I:3.0427e-03A R:2.6896e+00ğ›€ E:2.5258e-01V/cm J:1.3316e-01A/cm2 ğ›’:1.8968e+00ğ›€ cm
2023-04-13 12:22:58,687 INFO Measurement at current 0.0030603015075376886
2023-04-13 12:22:59,292 INFO T:281.53Â°K V:8.2321e-03V I:3.0603e-03A R:2.6900e+00ğ›€ E:2.5408e-01V/cm J:1.3393e-01A/cm2 ğ›’:1.8971e+00ğ›€ cm
2023-04-13 12:22:59,309 INFO Measurement at current 0.003077889447236181
2023-04-13 12:22:59,909 INFO T:281.53Â°K V:8.2788e-03V I:3.0779e-03A R:2.6898e+00ğ›€ E:2.5552e-01V/cm J:1.3470e-01A/cm2 ğ›’:1.8970e+00ğ›€ cm
2023-04-13 12:22:59,948 INFO Measurement at current 0.0030954773869346737
2023-04-13 12:23:00,562 INFO T:281.52Â°K V:8.3260e-03V I:3.0955e-03A R:2.6897e+00ğ›€ E:2.5698e-01V/cm J:1.3547e-01A/cm2 ğ›’:1.8969e+00ğ›€ cm
2023-04-13 12:23:00,582 INFO Measurement at current 0.003113065326633166
2023-04-13 12:23:01,184 INFO T:281.52Â°K V:8.3732e-03V I:3.1131e-03A R:2.6897e+00ğ›€ E:2.5843e-01V/cm J:1.3624e-01A/cm2 ğ›’:1.8969e+00ğ›€ cm
2023-04-13 12:23:01,204 INFO Measurement at current 0.0031306532663316587
2023-04-13 12:23:01,806 INFO T:281.51Â°K V:8.4204e-03V I:3.1307e-03A R:2.6897e+00ğ›€ E:2.5989e-01V/cm J:1.3701e-01A/cm2 ğ›’:1.8969e+00ğ›€ cm
2023-04-13 12:23:01,828 INFO Measurement at current 0.003148241206030151
2023-04-13 12:23:02,427 INFO T:281.51Â°K V:8.4671e-03V I:3.1482e-03A R:2.6895e+00ğ›€ E:2.6133e-01V/cm J:1.3778e-01A/cm2 ğ›’:1.8967e+00ğ›€ cm
2023-04-13 12:23:02,450 INFO Measurement at current 0.0031658291457286433
2023-04-13 12:23:03,055 INFO T:281.50Â°K V:8.5156e-03V I:3.1658e-03A R:2.6899e+00ğ›€ E:2.6283e-01V/cm J:1.3855e-01A/cm2 ğ›’:1.8970e+00ğ›€ cm
2023-04-13 12:23:03,072 INFO Measurement at current 0.003183417085427136
2023-04-13 12:23:03,685 INFO T:281.50Â°K V:8.5628e-03V I:3.1834e-03A R:2.6898e+00ğ›€ E:2.6428e-01V/cm J:1.3932e-01A/cm2 ğ›’:1.8970e+00ğ›€ cm
2023-04-13 12:23:03,717 INFO Measurement at current 0.0032010050251256284
2023-04-13 12:23:04,320 INFO T:281.49Â°K V:8.6099e-03V I:3.2010e-03A R:2.6897e+00ğ›€ E:2.6574e-01V/cm J:1.4009e-01A/cm2 ğ›’:1.8969e+00ğ›€ cm
2023-04-13 12:23:04,338 INFO Measurement at current 0.003218592964824121
2023-04-13 12:23:04,936 INFO T:281.49Â°K V:8.6566e-03V I:3.2186e-03A R:2.6896e+00ğ›€ E:2.6718e-01V/cm J:1.4086e-01A/cm2 ğ›’:1.8968e+00ğ›€ cm
2023-04-13 12:23:04,965 INFO Measurement at current 0.0032361809045226135
2023-04-13 12:23:05,584 INFO T:281.48Â°K V:8.7038e-03V I:3.2362e-03A R:2.6895e+00ğ›€ E:2.6864e-01V/cm J:1.4163e-01A/cm2 ğ›’:1.8968e+00ğ›€ cm
2023-04-13 12:23:05,623 INFO Measurement at current 0.003253768844221106
2023-04-13 12:23:06,222 INFO T:281.48Â°K V:8.7523e-03V I:3.2538e-03A R:2.6899e+00ğ›€ E:2.7013e-01V/cm J:1.4240e-01A/cm2 ğ›’:1.8971e+00ğ›€ cm
2023-04-13 12:23:06,239 INFO Measurement at current 0.003271356783919598
2023-04-13 12:23:06,830 INFO T:281.47Â°K V:8.7995e-03V I:3.2714e-03A R:2.6899e+00ğ›€ E:2.7159e-01V/cm J:1.4317e-01A/cm2 ğ›’:1.8970e+00ğ›€ cm
2023-04-13 12:23:06,850 INFO Measurement at current 0.0032889447236180906
2023-04-13 12:23:07,442 INFO T:281.47Â°K V:8.8462e-03V I:3.2889e-03A R:2.6897e+00ğ›€ E:2.7303e-01V/cm J:1.4394e-01A/cm2 ğ›’:1.8969e+00ğ›€ cm
2023-04-13 12:23:07,461 INFO Measurement at current 0.003306532663316583
2023-04-13 12:23:08,057 INFO T:281.46Â°K V:8.8934e-03V I:3.3065e-03A R:2.6896e+00ğ›€ E:2.7449e-01V/cm J:1.4471e-01A/cm2 ğ›’:1.8969e+00ğ›€ cm
2023-04-13 12:23:08,081 INFO Measurement at current 0.0033241206030150757
2023-04-13 12:23:08,683 INFO T:281.46Â°K V:8.9406e-03V I:3.3241e-03A R:2.6896e+00ğ›€ E:2.7594e-01V/cm J:1.4548e-01A/cm2 ğ›’:1.8968e+00ğ›€ cm
2023-04-13 12:23:08,708 INFO Measurement at current 0.003341708542713568
2023-04-13 12:23:09,310 INFO T:281.46Â°K V:8.9877e-03V I:3.3417e-03A R:2.6896e+00ğ›€ E:2.7740e-01V/cm J:1.4625e-01A/cm2 ğ›’:1.8968e+00ğ›€ cm
2023-04-13 12:23:09,340 INFO Measurement at current 0.0033592964824120607
2023-04-13 12:23:09,943 INFO T:281.45Â°K V:9.0358e-03V I:3.3593e-03A R:2.6898e+00ğ›€ E:2.7888e-01V/cm J:1.4702e-01A/cm2 ğ›’:1.8970e+00ğ›€ cm
2023-04-13 12:23:09,964 INFO Measurement at current 0.0033768844221105532
2023-04-13 12:23:10,557 INFO T:281.45Â°K V:9.0829e-03V I:3.3769e-03A R:2.6897e+00ğ›€ E:2.8034e-01V/cm J:1.4778e-01A/cm2 ğ›’:1.8969e+00ğ›€ cm
2023-04-13 12:23:10,575 INFO Measurement at current 0.0033944723618090453
2023-04-13 12:23:11,172 INFO T:281.44Â°K V:9.1300e-03V I:3.3945e-03A R:2.6897e+00ğ›€ E:2.8179e-01V/cm J:1.4855e-01A/cm2 ğ›’:1.8969e+00ğ›€ cm
2023-04-13 12:23:11,190 INFO Measurement at current 0.003412060301507538
2023-04-13 12:23:11,784 INFO T:281.44Â°K V:9.1771e-03V I:3.4121e-03A R:2.6896e+00ğ›€ E:2.8325e-01V/cm J:1.4932e-01A/cm2 ğ›’:1.8968e+00ğ›€ cm
2023-04-13 12:23:11,802 INFO Measurement at current 0.0034296482412060304
2023-04-13 12:23:12,393 INFO T:281.43Â°K V:9.2243e-03V I:3.4296e-03A R:2.6896e+00ğ›€ E:2.8470e-01V/cm J:1.5009e-01A/cm2 ğ›’:1.8968e+00ğ›€ cm
2023-04-13 12:23:12,416 INFO Measurement at current 0.003447236180904523
2023-04-13 12:23:13,039 INFO T:281.43Â°K V:9.2709e-03V I:3.4472e-03A R:2.6894e+00ğ›€ E:2.8614e-01V/cm J:1.5086e-01A/cm2 ğ›’:1.8967e+00ğ›€ cm
2023-04-13 12:23:13,063 INFO Measurement at current 0.0034648241206030155
2023-04-13 12:23:13,656 INFO T:281.42Â°K V:9.3194e-03V I:3.4648e-03A R:2.6897e+00ğ›€ E:2.8764e-01V/cm J:1.5163e-01A/cm2 ğ›’:1.8969e+00ğ›€ cm
2023-04-13 12:23:13,679 INFO Measurement at current 0.003482412060301508
2023-04-13 12:23:14,285 INFO T:281.42Â°K V:9.3665e-03V I:3.4824e-03A R:2.6897e+00ğ›€ E:2.8909e-01V/cm J:1.5240e-01A/cm2 ğ›’:1.8969e+00ğ›€ cm
2023-04-13 12:23:14,319 INFO Measurement at current 0.0035
2023-04-13 12:23:14,915 INFO T:281.41Â°K V:9.4136e-03V I:3.5000e-03A R:2.6896e+00ğ›€ E:2.9054e-01V/cm J:1.5317e-01A/cm2 ğ›’:1.8968e+00ğ›€ cm
2023-04-13 12:23:22,968 INFO Save the description file
2023-04-13 12:23:22,980 INFO Save data in numpy format Esperimenti/CPRO_MUSA_130423_I_V/CPRO_MUSA_130423_I_V_current_from_0_to_35e-4A/CPRO_MUSA_130423_I_V_current_from_0_to_35e-4A-20230413122321
2023-04-13 12:23:22,994 INFO Save data in CSV format Esperimenti/CPRO_MUSA_130423_I_V/CPRO_MUSA_130423_I_V_current_from_0_to_35e-4A/CPRO_MUSA_130423_I_V_current_from_0_to_35e-4A-20230413122321.csv
2023-04-13 12:23:23,024 INFO Save plot as image Esperimenti/CPRO_MUSA_130423_I_V/CPRO_MUSA_130423_I_V_current_from_0_to_35e-4A/CPRO_MUSA_130423_I_V_current_from_0_to_35e-4A-20230413122321.png
