2023-04-13 16:17:02,137 INFO ### Start experiment: CPRO_MUSA_130423_I_V current from 0 to 35e-4A ###
2023-04-13 16:17:03,482 INFO Found Multimeter KEITHLEY INSTRUMENTS INC.,MODEL 2700,0884890,B03  /A02  

2023-04-13 16:17:04,512 INFO Found Nanovolt Meter KEITHLEY INSTRUMENTS INC.,MODEL 2182A,4056474,C03  /A02  

2023-04-13 16:17:04,623 INFO Found Source Meter KEITHLEY INSTRUMENTS INC.,MODEL 2400,0945684,C24   Feb 14 2002 11:59:45/A02  /K/H

2023-04-13 16:17:04,746 INFO Start the measurement loop
2023-04-13 16:17:14,637 INFO Measurement at current 0.0
2023-04-13 16:17:15,555 INFO T:165.02Â°K V:-9.5098e-06V I:0.0000e+00A R:-infğ›€ E:-2.9351e-04V/cm J:0.0000e+00A/cm2 ğ›’:-infğ›€ cm
2023-04-13 16:17:15,577 INFO Measurement at current 1.7587939698492464e-05
2023-04-13 16:17:16,182 INFO T:165.02Â°K V:9.0840e-05V I:1.7588e-05A R:5.1649e+00ğ›€ E:2.8037e-03V/cm J:7.6971e-04A/cm2 ğ›’:3.6425e+00ğ›€ cm
2023-04-13 16:17:16,208 INFO Measurement at current 3.517587939698493e-05
2023-04-13 16:17:16,820 INFO T:165.01Â°K V:1.9119e-04V I:3.5176e-05A R:5.4352e+00ğ›€ E:5.9008e-03V/cm J:1.5394e-03A/cm2 ğ›’:3.8331e+00ğ›€ cm
2023-04-13 16:17:16,843 INFO Measurement at current 5.2763819095477394e-05
2023-04-13 16:17:17,436 INFO T:165.01Â°K V:2.9160e-04V I:5.2764e-05A R:5.5265e+00ğ›€ E:8.9999e-03V/cm J:2.3091e-03A/cm2 ğ›’:3.8975e+00ğ›€ cm
2023-04-13 16:17:17,451 INFO Measurement at current 7.035175879396985e-05
2023-04-13 16:17:18,040 INFO T:165.00Â°K V:3.9201e-04V I:7.0352e-05A R:5.5722e+00ğ›€ E:1.2099e-02V/cm J:3.0789e-03A/cm2 ğ›’:3.9298e+00ğ›€ cm
2023-04-13 16:17:18,056 INFO Measurement at current 8.793969849246232e-05
2023-04-13 16:17:18,652 INFO T:165.00Â°K V:4.9246e-04V I:8.7940e-05A R:5.6000e+00ğ›€ E:1.5199e-02V/cm J:3.8486e-03A/cm2 ğ›’:3.9494e+00ğ›€ cm
2023-04-13 16:17:18,674 INFO Measurement at current 0.00010552763819095479
2023-04-13 16:17:19,276 INFO T:164.99Â°K V:5.9318e-04V I:1.0553e-04A R:5.6211e+00ğ›€ E:1.8308e-02V/cm J:4.6183e-03A/cm2 ğ›’:3.9643e+00ğ›€ cm
2023-04-13 16:17:19,292 INFO Measurement at current 0.00012311557788944724
2023-04-13 16:17:19,881 INFO T:164.99Â°K V:6.9340e-04V I:1.2312e-04A R:5.6321e+00ğ›€ E:2.1401e-02V/cm J:5.3880e-03A/cm2 ğ›’:3.9720e+00ğ›€ cm
2023-04-13 16:17:19,898 INFO Measurement at current 0.0001407035175879397
2023-04-13 16:17:20,505 INFO T:164.98Â°K V:7.9403e-04V I:1.4070e-04A R:5.6433e+00ğ›€ E:2.4507e-02V/cm J:6.1577e-03A/cm2 ğ›’:3.9799e+00ğ›€ cm
2023-04-13 16:17:20,523 INFO Measurement at current 0.00015829145728643218
2023-04-13 16:17:21,119 INFO T:164.98Â°K V:8.9477e-04V I:1.5829e-04A R:5.6527e+00ğ›€ E:2.7616e-02V/cm J:6.9274e-03A/cm2 ğ›’:3.9865e+00ğ›€ cm
2023-04-13 16:17:21,137 INFO Measurement at current 0.00017587939698492463
2023-04-13 16:17:21,736 INFO T:164.97Â°K V:9.9551e-04V I:1.7588e-04A R:5.6602e+00ğ›€ E:3.0726e-02V/cm J:7.6971e-03A/cm2 ğ›’:3.9918e+00ğ›€ cm
2023-04-13 16:17:21,760 INFO Measurement at current 0.0001934673366834171
2023-04-13 16:17:22,374 INFO T:164.97Â°K V:1.0960e-03V I:1.9347e-04A R:5.6652e+00ğ›€ E:3.3828e-02V/cm J:8.4668e-03A/cm2 ğ›’:3.9953e+00ğ›€ cm
2023-04-13 16:17:22,394 INFO Measurement at current 0.00021105527638190958
2023-04-13 16:17:22,995 INFO T:164.96Â°K V:1.1968e-03V I:2.1106e-04A R:5.6705e+00ğ›€ E:3.6938e-02V/cm J:9.2366e-03A/cm2 ğ›’:3.9991e+00ğ›€ cm
2023-04-13 16:17:23,018 INFO Measurement at current 0.00022864321608040202
2023-04-13 16:17:23,620 INFO T:164.96Â°K V:1.2975e-03V I:2.2864e-04A R:5.6749e+00ğ›€ E:4.0047e-02V/cm J:1.0006e-02A/cm2 ğ›’:4.0022e+00ğ›€ cm
2023-04-13 16:17:23,638 INFO Measurement at current 0.00024623115577889447
2023-04-13 16:17:24,243 INFO T:164.95Â°K V:1.3984e-03V I:2.4623e-04A R:5.6792e+00ğ›€ E:4.3160e-02V/cm J:1.0776e-02A/cm2 ğ›’:4.0052e+00ğ›€ cm
2023-04-13 16:17:24,264 INFO Measurement at current 0.00026381909547738695
2023-04-13 16:17:24,869 INFO T:164.95Â°K V:1.4989e-03V I:2.6382e-04A R:5.6816e+00ğ›€ E:4.6263e-02V/cm J:1.1546e-02A/cm2 ğ›’:4.0070e+00ğ›€ cm
2023-04-13 16:17:24,908 INFO Measurement at current 0.0002814070351758794
2023-04-13 16:17:25,512 INFO T:164.94Â°K V:1.5999e-03V I:2.8141e-04A R:5.6853e+00ğ›€ E:4.9379e-02V/cm J:1.2315e-02A/cm2 ğ›’:4.0096e+00ğ›€ cm
2023-04-13 16:17:25,531 INFO Measurement at current 0.0002989949748743719
2023-04-13 16:17:26,125 INFO T:164.94Â°K V:1.7009e-03V I:2.9899e-04A R:5.6888e+00ğ›€ E:5.2497e-02V/cm J:1.3085e-02A/cm2 ğ›’:4.0120e+00ğ›€ cm
2023-04-13 16:17:26,142 INFO Measurement at current 0.00031658291457286437
2023-04-13 16:17:26,735 INFO T:164.93Â°K V:1.8019e-03V I:3.1658e-04A R:5.6919e+00ğ›€ E:5.5616e-02V/cm J:1.3855e-02A/cm2 ğ›’:4.0142e+00ğ›€ cm
2023-04-13 16:17:26,756 INFO Measurement at current 0.0003341708542713568
2023-04-13 16:17:27,361 INFO T:164.93Â°K V:1.9027e-03V I:3.3417e-04A R:5.6939e+00ğ›€ E:5.8726e-02V/cm J:1.4625e-02A/cm2 ğ›’:4.0156e+00ğ›€ cm
2023-04-13 16:17:27,383 INFO Measurement at current 0.00035175879396984926
2023-04-13 16:17:27,988 INFO T:164.92Â°K V:2.0038e-03V I:3.5176e-04A R:5.6965e+00ğ›€ E:6.1845e-02V/cm J:1.5394e-02A/cm2 ğ›’:4.0174e+00ğ›€ cm
2023-04-13 16:17:28,009 INFO Measurement at current 0.00036934673366834173
2023-04-13 16:17:28,612 INFO T:164.92Â°K V:2.1048e-03V I:3.6935e-04A R:5.6987e+00ğ›€ E:6.4963e-02V/cm J:1.6164e-02A/cm2 ğ›’:4.0190e+00ğ›€ cm
2023-04-13 16:17:28,630 INFO Measurement at current 0.0003869346733668342
2023-04-13 16:17:29,228 INFO T:164.91Â°K V:2.2059e-03V I:3.8693e-04A R:5.7009e+00ğ›€ E:6.8083e-02V/cm J:1.6934e-02A/cm2 ğ›’:4.0206e+00ğ›€ cm
2023-04-13 16:17:29,244 INFO Measurement at current 0.0004045226130653267
2023-04-13 16:17:29,854 INFO T:164.91Â°K V:2.3068e-03V I:4.0452e-04A R:5.7024e+00ğ›€ E:7.1196e-02V/cm J:1.7703e-02A/cm2 ğ›’:4.0216e+00ğ›€ cm
2023-04-13 16:17:29,877 INFO Measurement at current 0.00042211055276381916
2023-04-13 16:17:30,478 INFO T:164.90Â°K V:2.4081e-03V I:4.2211e-04A R:5.7048e+00ğ›€ E:7.4323e-02V/cm J:1.8473e-02A/cm2 ğ›’:4.0233e+00ğ›€ cm
2023-04-13 16:17:30,495 INFO Measurement at current 0.0004396984924623116
2023-04-13 16:17:31,091 INFO T:164.90Â°K V:2.5094e-03V I:4.3970e-04A R:5.7071e+00ğ›€ E:7.7450e-02V/cm J:1.9243e-02A/cm2 ğ›’:4.0249e+00ğ›€ cm
2023-04-13 16:17:31,110 INFO Measurement at current 0.00045728643216080405
2023-04-13 16:17:31,716 INFO T:164.89Â°K V:2.6108e-03V I:4.5729e-04A R:5.7093e+00ğ›€ E:8.0579e-02V/cm J:2.0013e-02A/cm2 ğ›’:4.0264e+00ğ›€ cm
2023-04-13 16:17:31,752 INFO Measurement at current 0.0004748743718592965
2023-04-13 16:17:32,358 INFO T:164.88Â°K V:2.7119e-03V I:4.7487e-04A R:5.7107e+00ğ›€ E:8.3700e-02V/cm J:2.0782e-02A/cm2 ğ›’:4.0275e+00ğ›€ cm
2023-04-13 16:17:32,381 INFO Measurement at current 0.0004924623115577889
2023-04-13 16:17:32,983 INFO T:164.88Â°K V:2.8132e-03V I:4.9246e-04A R:5.7125e+00ğ›€ E:8.6827e-02V/cm J:2.1552e-02A/cm2 ğ›’:4.0287e+00ğ›€ cm
2023-04-13 16:17:33,008 INFO Measurement at current 0.0005100502512562815
2023-04-13 16:17:33,610 INFO T:164.87Â°K V:2.9146e-03V I:5.1005e-04A R:5.7144e+00ğ›€ E:8.9957e-02V/cm J:2.2322e-02A/cm2 ğ›’:4.0300e+00ğ›€ cm
2023-04-13 16:17:33,625 INFO Measurement at current 0.0005276381909547739
2023-04-13 16:17:34,215 INFO T:164.87Â°K V:3.0160e-03V I:5.2764e-04A R:5.7161e+00ğ›€ E:9.3087e-02V/cm J:2.3091e-02A/cm2 ğ›’:4.0312e+00ğ›€ cm
2023-04-13 16:17:34,234 INFO Measurement at current 0.0005452261306532664
2023-04-13 16:17:34,824 INFO T:164.86Â°K V:3.1175e-03V I:5.4523e-04A R:5.7178e+00ğ›€ E:9.6219e-02V/cm J:2.3861e-02A/cm2 ğ›’:4.0325e+00ğ›€ cm
2023-04-13 16:17:34,850 INFO Measurement at current 0.0005628140703517588
2023-04-13 16:17:35,483 INFO T:164.86Â°K V:3.2187e-03V I:5.6281e-04A R:5.7190e+00ğ›€ E:9.9344e-02V/cm J:2.4631e-02A/cm2 ğ›’:4.0333e+00ğ›€ cm
2023-04-13 16:17:35,505 INFO Measurement at current 0.0005804020100502513
2023-04-13 16:17:36,112 INFO T:164.85Â°K V:3.3204e-03V I:5.8040e-04A R:5.7208e+00ğ›€ E:1.0248e-01V/cm J:2.5401e-02A/cm2 ğ›’:4.0346e+00ğ›€ cm
2023-04-13 16:17:36,137 INFO Measurement at current 0.0005979899497487438
2023-04-13 16:17:36,736 INFO T:164.85Â°K V:3.4220e-03V I:5.9799e-04A R:5.7226e+00ğ›€ E:1.0562e-01V/cm J:2.6170e-02A/cm2 ğ›’:4.0358e+00ğ›€ cm
2023-04-13 16:17:36,758 INFO Measurement at current 0.0006155778894472362
2023-04-13 16:17:37,353 INFO T:164.84Â°K V:3.5236e-03V I:6.1558e-04A R:5.7241e+00ğ›€ E:1.0875e-01V/cm J:2.6940e-02A/cm2 ğ›’:4.0369e+00ğ›€ cm
2023-04-13 16:17:37,389 INFO Measurement at current 0.0006331658291457287
2023-04-13 16:17:37,987 INFO T:164.84Â°K V:3.6249e-03V I:6.3317e-04A R:5.7251e+00ğ›€ E:1.1188e-01V/cm J:2.7710e-02A/cm2 ğ›’:4.0376e+00ğ›€ cm
2023-04-13 16:17:38,006 INFO Measurement at current 0.0006507537688442212
2023-04-13 16:17:38,613 INFO T:164.83Â°K V:3.7265e-03V I:6.5075e-04A R:5.7265e+00ğ›€ E:1.1502e-01V/cm J:2.8479e-02A/cm2 ğ›’:4.0386e+00ğ›€ cm
2023-04-13 16:17:38,632 INFO Measurement at current 0.0006683417085427136
2023-04-13 16:17:39,238 INFO T:164.83Â°K V:3.8282e-03V I:6.6834e-04A R:5.7279e+00ğ›€ E:1.1815e-01V/cm J:2.9249e-02A/cm2 ğ›’:4.0395e+00ğ›€ cm
2023-04-13 16:17:39,262 INFO Measurement at current 0.0006859296482412061
2023-04-13 16:17:39,862 INFO T:164.82Â°K V:3.9300e-03V I:6.8593e-04A R:5.7294e+00ğ›€ E:1.2129e-01V/cm J:3.0019e-02A/cm2 ğ›’:4.0406e+00ğ›€ cm
2023-04-13 16:17:39,882 INFO Measurement at current 0.0007035175879396985
2023-04-13 16:17:40,478 INFO T:164.82Â°K V:4.0315e-03V I:7.0352e-04A R:5.7305e+00ğ›€ E:1.2443e-01V/cm J:3.0789e-02A/cm2 ğ›’:4.0414e+00ğ›€ cm
2023-04-13 16:17:40,493 INFO Measurement at current 0.000721105527638191
2023-04-13 16:17:41,083 INFO T:164.81Â°K V:4.1334e-03V I:7.2111e-04A R:5.7320e+00ğ›€ E:1.2757e-01V/cm J:3.1558e-02A/cm2 ğ›’:4.0425e+00ğ›€ cm
2023-04-13 16:17:41,111 INFO Measurement at current 0.0007386934673366835
2023-04-13 16:17:41,715 INFO T:164.81Â°K V:4.2353e-03V I:7.3869e-04A R:5.7335e+00ğ›€ E:1.3072e-01V/cm J:3.2328e-02A/cm2 ğ›’:4.0435e+00ğ›€ cm
2023-04-13 16:17:41,741 INFO Measurement at current 0.0007562814070351759
2023-04-13 16:17:42,348 INFO T:164.80Â°K V:4.3372e-03V I:7.5628e-04A R:5.7349e+00ğ›€ E:1.3386e-01V/cm J:3.3098e-02A/cm2 ğ›’:4.0445e+00ğ›€ cm
2023-04-13 16:17:42,366 INFO Measurement at current 0.0007738693467336684
2023-04-13 16:17:42,960 INFO T:164.80Â°K V:4.4389e-03V I:7.7387e-04A R:5.7359e+00ğ›€ E:1.3700e-01V/cm J:3.3867e-02A/cm2 ğ›’:4.0453e+00ğ›€ cm
2023-04-13 16:17:42,982 INFO Measurement at current 0.0007914572864321608
2023-04-13 16:17:43,583 INFO T:164.79Â°K V:4.5407e-03V I:7.9146e-04A R:5.7372e+00ğ›€ E:1.4015e-01V/cm J:3.4637e-02A/cm2 ğ›’:4.0461e+00ğ›€ cm
2023-04-13 16:17:43,608 INFO Measurement at current 0.0008090452261306534
2023-04-13 16:17:44,212 INFO T:164.79Â°K V:4.6427e-03V I:8.0905e-04A R:5.7384e+00ğ›€ E:1.4329e-01V/cm J:3.5407e-02A/cm2 ğ›’:4.0470e+00ğ›€ cm
2023-04-13 16:17:44,227 INFO Measurement at current 0.0008266331658291458
2023-04-13 16:17:44,816 INFO T:164.78Â°K V:4.7448e-03V I:8.2663e-04A R:5.7399e+00ğ›€ E:1.4644e-01V/cm J:3.6177e-02A/cm2 ğ›’:4.0480e+00ğ›€ cm
2023-04-13 16:17:44,839 INFO Measurement at current 0.0008442211055276383
2023-04-13 16:17:45,443 INFO T:164.78Â°K V:4.8466e-03V I:8.4422e-04A R:5.7409e+00ğ›€ E:1.4959e-01V/cm J:3.6946e-02A/cm2 ğ›’:4.0488e+00ğ›€ cm
2023-04-13 16:17:45,469 INFO Measurement at current 0.0008618090452261307
2023-04-13 16:17:46,093 INFO T:164.77Â°K V:4.9488e-03V I:8.6181e-04A R:5.7423e+00ğ›€ E:1.5274e-01V/cm J:3.7716e-02A/cm2 ğ›’:4.0497e+00ğ›€ cm
2023-04-13 16:17:46,111 INFO Measurement at current 0.0008793969849246232
2023-04-13 16:17:46,701 INFO T:164.77Â°K V:5.0509e-03V I:8.7940e-04A R:5.7436e+00ğ›€ E:1.5589e-01V/cm J:3.8486e-02A/cm2 ğ›’:4.0507e+00ğ›€ cm
2023-04-13 16:17:46,722 INFO Measurement at current 0.0008969849246231157
2023-04-13 16:17:47,313 INFO T:164.76Â°K V:5.1530e-03V I:8.9698e-04A R:5.7448e+00ğ›€ E:1.5904e-01V/cm J:3.9255e-02A/cm2 ğ›’:4.0515e+00ğ›€ cm
2023-04-13 16:17:47,346 INFO Measurement at current 0.0009145728643216081
2023-04-13 16:17:47,939 INFO T:164.76Â°K V:5.2549e-03V I:9.1457e-04A R:5.7457e+00ğ›€ E:1.6219e-01V/cm J:4.0025e-02A/cm2 ğ›’:4.0521e+00ğ›€ cm
2023-04-13 16:17:47,959 INFO Measurement at current 0.0009321608040201006
2023-04-13 16:17:48,563 INFO T:164.75Â°K V:5.3570e-03V I:9.3216e-04A R:5.7469e+00ğ›€ E:1.6534e-01V/cm J:4.0795e-02A/cm2 ğ›’:4.0530e+00ğ›€ cm
2023-04-13 16:17:48,581 INFO Measurement at current 0.000949748743718593
2023-04-13 16:17:49,204 INFO T:164.75Â°K V:5.4593e-03V I:9.4975e-04A R:5.7482e+00ğ›€ E:1.6850e-01V/cm J:4.1564e-02A/cm2 ğ›’:4.0539e+00ğ›€ cm
2023-04-13 16:17:49,220 INFO Measurement at current 0.0009673366834170855
2023-04-13 16:17:49,813 INFO T:164.74Â°K V:5.5617e-03V I:9.6734e-04A R:5.7495e+00ğ›€ E:1.7166e-01V/cm J:4.2334e-02A/cm2 ğ›’:4.0548e+00ğ›€ cm
2023-04-13 16:17:49,830 INFO Measurement at current 0.0009849246231155779
2023-04-13 16:17:50,425 INFO T:164.74Â°K V:5.6638e-03V I:9.8492e-04A R:5.7505e+00ğ›€ E:1.7481e-01V/cm J:4.3104e-02A/cm2 ğ›’:4.0555e+00ğ›€ cm
2023-04-13 16:17:50,439 INFO Measurement at current 0.0010025125628140704
2023-04-13 16:17:51,050 INFO T:164.73Â°K V:5.7663e-03V I:1.0025e-03A R:5.7518e+00ğ›€ E:1.7797e-01V/cm J:4.3874e-02A/cm2 ğ›’:4.0565e+00ğ›€ cm
2023-04-13 16:17:51,084 INFO Measurement at current 0.001020100502512563
2023-04-13 16:17:51,693 INFO T:164.73Â°K V:5.8688e-03V I:1.0201e-03A R:5.7531e+00ğ›€ E:1.8114e-01V/cm J:4.4643e-02A/cm2 ğ›’:4.0574e+00ğ›€ cm
2023-04-13 16:17:51,716 INFO Measurement at current 0.0010376884422110553
2023-04-13 16:17:52,324 INFO T:164.72Â°K V:5.9713e-03V I:1.0377e-03A R:5.7545e+00ğ›€ E:1.8430e-01V/cm J:4.5413e-02A/cm2 ğ›’:4.0583e+00ğ›€ cm
2023-04-13 16:17:52,347 INFO Measurement at current 0.0010552763819095478
2023-04-13 16:17:52,951 INFO T:164.72Â°K V:6.0761e-03V I:1.0553e-03A R:5.7578e+00ğ›€ E:1.8753e-01V/cm J:4.6183e-02A/cm2 ğ›’:4.0607e+00ğ›€ cm
2023-04-13 16:17:52,976 INFO Measurement at current 0.0010728643216080403
2023-04-13 16:17:53,572 INFO T:164.71Â°K V:6.1784e-03V I:1.0729e-03A R:5.7588e+00ğ›€ E:1.9069e-01V/cm J:4.6952e-02A/cm2 ğ›’:4.0614e+00ğ›€ cm
2023-04-13 16:17:53,594 INFO Measurement at current 0.0010904522613065328
2023-04-13 16:17:54,187 INFO T:164.71Â°K V:6.2808e-03V I:1.0905e-03A R:5.7598e+00ğ›€ E:1.9385e-01V/cm J:4.7722e-02A/cm2 ğ›’:4.0621e+00ğ›€ cm
2023-04-13 16:17:54,207 INFO Measurement at current 0.0011080402010050251
2023-04-13 16:17:54,801 INFO T:164.70Â°K V:6.3820e-03V I:1.1080e-03A R:5.7598e+00ğ›€ E:1.9698e-01V/cm J:4.8492e-02A/cm2 ğ›’:4.0620e+00ğ›€ cm
2023-04-13 16:17:54,820 INFO Measurement at current 0.0011256281407035177
2023-04-13 16:17:55,414 INFO T:164.70Â°K V:6.4845e-03V I:1.1256e-03A R:5.7608e+00ğ›€ E:2.0014e-01V/cm J:4.9262e-02A/cm2 ğ›’:4.0628e+00ğ›€ cm
2023-04-13 16:17:55,430 INFO Measurement at current 0.0011432160804020102
2023-04-13 16:17:56,037 INFO T:164.69Â°K V:6.5868e-03V I:1.1432e-03A R:5.7617e+00ğ›€ E:2.0330e-01V/cm J:5.0031e-02A/cm2 ğ›’:4.0634e+00ğ›€ cm
2023-04-13 16:17:56,056 INFO Measurement at current 0.0011608040201005025
2023-04-13 16:17:56,663 INFO T:164.69Â°K V:6.6921e-03V I:1.1608e-03A R:5.7650e+00ğ›€ E:2.0655e-01V/cm J:5.0801e-02A/cm2 ğ›’:4.0658e+00ğ›€ cm
2023-04-13 16:17:56,685 INFO Measurement at current 0.001178391959798995
2023-04-13 16:17:57,294 INFO T:164.68Â°K V:6.7936e-03V I:1.1784e-03A R:5.7651e+00ğ›€ E:2.0968e-01V/cm J:5.1571e-02A/cm2 ğ›’:4.0658e+00ğ›€ cm
2023-04-13 16:17:57,318 INFO Measurement at current 0.0011959798994974876
2023-04-13 16:17:57,917 INFO T:164.68Â°K V:6.8960e-03V I:1.1960e-03A R:5.7660e+00ğ›€ E:2.1284e-01V/cm J:5.2340e-02A/cm2 ğ›’:4.0665e+00ğ›€ cm
2023-04-13 16:17:57,939 INFO Measurement at current 0.00121356783919598
2023-04-13 16:17:58,543 INFO T:164.67Â°K V:6.9985e-03V I:1.2136e-03A R:5.7669e+00ğ›€ E:2.1600e-01V/cm J:5.3110e-02A/cm2 ğ›’:4.0671e+00ğ›€ cm
2023-04-13 16:17:58,570 INFO Measurement at current 0.0012311557788944724
2023-04-13 16:17:59,170 INFO T:164.67Â°K V:7.1011e-03V I:1.2312e-03A R:5.7678e+00ğ›€ E:2.1917e-01V/cm J:5.3880e-02A/cm2 ğ›’:4.0677e+00ğ›€ cm
2023-04-13 16:17:59,188 INFO Measurement at current 0.001248743718592965
2023-04-13 16:17:59,788 INFO T:164.66Â°K V:7.2036e-03V I:1.2487e-03A R:5.7687e+00ğ›€ E:2.2233e-01V/cm J:5.4650e-02A/cm2 ğ›’:4.0684e+00ğ›€ cm
2023-04-13 16:17:59,814 INFO Measurement at current 0.0012663316582914575
2023-04-13 16:18:00,420 INFO T:164.66Â°K V:7.3082e-03V I:1.2663e-03A R:5.7712e+00ğ›€ E:2.2556e-01V/cm J:5.5419e-02A/cm2 ğ›’:4.0701e+00ğ›€ cm
2023-04-13 16:18:00,437 INFO Measurement at current 0.0012839195979899498
2023-04-13 16:18:01,028 INFO T:164.65Â°K V:7.4109e-03V I:1.2839e-03A R:5.7721e+00ğ›€ E:2.2873e-01V/cm J:5.6189e-02A/cm2 ğ›’:4.0707e+00ğ›€ cm
2023-04-13 16:18:01,047 INFO Measurement at current 0.0013015075376884423
2023-04-13 16:18:01,642 INFO T:164.65Â°K V:7.5135e-03V I:1.3015e-03A R:5.7729e+00ğ›€ E:2.3190e-01V/cm J:5.6959e-02A/cm2 ğ›’:4.0713e+00ğ›€ cm
2023-04-13 16:18:01,661 INFO Measurement at current 0.0013190954773869348
2023-04-13 16:18:02,253 INFO T:164.64Â°K V:7.6160e-03V I:1.3191e-03A R:5.7736e+00ğ›€ E:2.3506e-01V/cm J:5.7728e-02A/cm2 ğ›’:4.0718e+00ğ›€ cm
2023-04-13 16:18:02,289 INFO Measurement at current 0.0013366834170854271
2023-04-13 16:18:02,883 INFO T:164.64Â°K V:7.7178e-03V I:1.3367e-03A R:5.7739e+00ğ›€ E:2.3820e-01V/cm J:5.8498e-02A/cm2 ğ›’:4.0720e+00ğ›€ cm
2023-04-13 16:18:02,899 INFO Measurement at current 0.0013542713567839197
2023-04-13 16:18:03,497 INFO T:164.63Â°K V:7.8235e-03V I:1.3543e-03A R:5.7769e+00ğ›€ E:2.4147e-01V/cm J:5.9268e-02A/cm2 ğ›’:4.0742e+00ğ›€ cm
2023-04-13 16:18:03,519 INFO Measurement at current 0.0013718592964824122
2023-04-13 16:18:04,124 INFO T:164.62Â°K V:7.9264e-03V I:1.3719e-03A R:5.7779e+00ğ›€ E:2.4464e-01V/cm J:6.0038e-02A/cm2 ğ›’:4.0748e+00ğ›€ cm
2023-04-13 16:18:04,145 INFO Measurement at current 0.0013894472361809047
2023-04-13 16:18:04,753 INFO T:164.62Â°K V:8.0293e-03V I:1.3894e-03A R:5.7788e+00ğ›€ E:2.4782e-01V/cm J:6.0807e-02A/cm2 ğ›’:4.0755e+00ğ›€ cm
2023-04-13 16:18:04,789 INFO Measurement at current 0.001407035175879397
2023-04-13 16:18:05,397 INFO T:164.61Â°K V:8.1313e-03V I:1.4070e-03A R:5.7790e+00ğ›€ E:2.5097e-01V/cm J:6.1577e-02A/cm2 ğ›’:4.0757e+00ğ›€ cm
2023-04-13 16:18:05,424 INFO Measurement at current 0.0014246231155778896
2023-04-13 16:18:06,035 INFO T:164.61Â°K V:8.2343e-03V I:1.4246e-03A R:5.7800e+00ğ›€ E:2.5415e-01V/cm J:6.2347e-02A/cm2 ğ›’:4.0763e+00ğ›€ cm
2023-04-13 16:18:06,055 INFO Measurement at current 0.001442211055276382
2023-04-13 16:18:06,648 INFO T:164.60Â°K V:8.3372e-03V I:1.4422e-03A R:5.7809e+00ğ›€ E:2.5732e-01V/cm J:6.3116e-02A/cm2 ğ›’:4.0769e+00ğ›€ cm
2023-04-13 16:18:06,667 INFO Measurement at current 0.0014597989949748744
2023-04-13 16:18:07,273 INFO T:164.60Â°K V:8.4433e-03V I:1.4598e-03A R:5.7839e+00ğ›€ E:2.6059e-01V/cm J:6.3886e-02A/cm2 ğ›’:4.0790e+00ğ›€ cm
2023-04-13 16:18:07,292 INFO Measurement at current 0.001477386934673367
2023-04-13 16:18:07,898 INFO T:164.59Â°K V:8.5453e-03V I:1.4774e-03A R:5.7841e+00ğ›€ E:2.6374e-01V/cm J:6.4656e-02A/cm2 ğ›’:4.0792e+00ğ›€ cm
2023-04-13 16:18:07,915 INFO Measurement at current 0.0014949748743718595
2023-04-13 16:18:08,523 INFO T:164.59Â°K V:8.6483e-03V I:1.4950e-03A R:5.7849e+00ğ›€ E:2.6692e-01V/cm J:6.5426e-02A/cm2 ğ›’:4.0798e+00ğ›€ cm
2023-04-13 16:18:08,545 INFO Measurement at current 0.0015125628140703518
2023-04-13 16:18:09,139 INFO T:164.58Â°K V:8.7514e-03V I:1.5126e-03A R:5.7858e+00ğ›€ E:2.7011e-01V/cm J:6.6195e-02A/cm2 ğ›’:4.0804e+00ğ›€ cm
2023-04-13 16:18:09,165 INFO Measurement at current 0.0015301507537688443
2023-04-13 16:18:09,763 INFO T:164.58Â°K V:8.8545e-03V I:1.5302e-03A R:5.7867e+00ğ›€ E:2.7329e-01V/cm J:6.6965e-02A/cm2 ğ›’:4.0810e+00ğ›€ cm
2023-04-13 16:18:09,788 INFO Measurement at current 0.0015477386934673368
2023-04-13 16:18:10,390 INFO T:164.57Â°K V:8.9567e-03V I:1.5477e-03A R:5.7870e+00ğ›€ E:2.7644e-01V/cm J:6.7735e-02A/cm2 ğ›’:4.0813e+00ğ›€ cm
2023-04-13 16:18:10,420 INFO Measurement at current 0.0015653266331658294
2023-04-13 16:18:11,018 INFO T:164.57Â°K V:9.0628e-03V I:1.5653e-03A R:5.7897e+00ğ›€ E:2.7972e-01V/cm J:6.8504e-02A/cm2 ğ›’:4.0832e+00ğ›€ cm
2023-04-13 16:18:11,034 INFO Measurement at current 0.0015829145728643217
2023-04-13 16:18:11,647 INFO T:164.56Â°K V:9.1661e-03V I:1.5829e-03A R:5.7906e+00ğ›€ E:2.8290e-01V/cm J:6.9274e-02A/cm2 ğ›’:4.0838e+00ğ›€ cm
2023-04-13 16:18:11,667 INFO Measurement at current 0.0016005025125628142
2023-04-13 16:18:12,270 INFO T:164.56Â°K V:9.2694e-03V I:1.6005e-03A R:5.7916e+00ğ›€ E:2.8609e-01V/cm J:7.0044e-02A/cm2 ğ›’:4.0845e+00ğ›€ cm
2023-04-13 16:18:12,294 INFO Measurement at current 0.0016180904522613067
2023-04-13 16:18:12,897 INFO T:164.55Â°K V:9.3718e-03V I:1.6181e-03A R:5.7919e+00ğ›€ E:2.8925e-01V/cm J:7.0814e-02A/cm2 ğ›’:4.0847e+00ğ›€ cm
2023-04-13 16:18:12,915 INFO Measurement at current 0.001635678391959799
2023-04-13 16:18:13,532 INFO T:164.55Â°K V:9.4751e-03V I:1.6357e-03A R:5.7928e+00ğ›€ E:2.9244e-01V/cm J:7.1583e-02A/cm2 ğ›’:4.0853e+00ğ›€ cm
2023-04-13 16:18:13,551 INFO Measurement at current 0.0016532663316582916
2023-04-13 16:18:14,151 INFO T:164.54Â°K V:9.5815e-03V I:1.6533e-03A R:5.7955e+00ğ›€ E:2.9572e-01V/cm J:7.2353e-02A/cm2 ğ›’:4.0872e+00ğ›€ cm
2023-04-13 16:18:14,189 INFO Measurement at current 0.001670854271356784
2023-04-13 16:18:14,792 INFO T:164.54Â°K V:9.6849e-03V I:1.6709e-03A R:5.7964e+00ğ›€ E:2.9892e-01V/cm J:7.3123e-02A/cm2 ğ›’:4.0879e+00ğ›€ cm
2023-04-13 16:18:14,820 INFO Measurement at current 0.0016884422110552766
2023-04-13 16:18:15,422 INFO T:164.53Â°K V:9.7875e-03V I:1.6884e-03A R:5.7967e+00ğ›€ E:3.0208e-01V/cm J:7.3892e-02A/cm2 ğ›’:4.0881e+00ğ›€ cm
2023-04-13 16:18:15,440 INFO Measurement at current 0.001706030150753769
2023-04-13 16:18:16,059 INFO T:164.53Â°K V:9.8911e-03V I:1.7060e-03A R:5.7978e+00ğ›€ E:3.0528e-01V/cm J:7.4662e-02A/cm2 ğ›’:4.0888e+00ğ›€ cm
2023-04-13 16:18:16,090 INFO Measurement at current 0.0017236180904522615
2023-04-13 16:18:16,682 INFO T:164.52Â°K V:9.9949e-03V I:1.7236e-03A R:5.7988e+00ğ›€ E:3.0848e-01V/cm J:7.5432e-02A/cm2 ğ›’:4.0896e+00ğ›€ cm
2023-04-13 16:18:16,701 INFO Measurement at current 0.001741206030150754
2023-04-13 16:18:17,306 INFO T:164.52Â°K V:1.0099e-02V I:1.7412e-03A R:5.7997e+00ğ›€ E:3.1168e-01V/cm J:7.6202e-02A/cm2 ğ›’:4.0902e+00ğ›€ cm
2023-04-13 16:18:17,319 INFO Measurement at current 0.0017587939698492463
2023-04-13 16:18:17,906 INFO T:164.51Â°K V:1.0205e-02V I:1.7588e-03A R:5.8023e+00ğ›€ E:3.1497e-01V/cm J:7.6971e-02A/cm2 ğ›’:4.0920e+00ğ›€ cm
2023-04-13 16:18:17,922 INFO Measurement at current 0.0017763819095477388
2023-04-13 16:18:18,513 INFO T:164.51Â°K V:1.0308e-02V I:1.7764e-03A R:5.8026e+00ğ›€ E:3.1814e-01V/cm J:7.7741e-02A/cm2 ğ›’:4.0923e+00ğ›€ cm
2023-04-13 16:18:18,530 INFO Measurement at current 0.0017939698492462314
2023-04-13 16:18:19,124 INFO T:164.50Â°K V:1.0411e-02V I:1.7940e-03A R:5.8036e+00ğ›€ E:3.2134e-01V/cm J:7.8511e-02A/cm2 ğ›’:4.0929e+00ğ›€ cm
2023-04-13 16:18:19,140 INFO Measurement at current 0.0018115577889447237
2023-04-13 16:18:19,738 INFO T:164.50Â°K V:1.0515e-02V I:1.8116e-03A R:5.8045e+00ğ›€ E:3.2454e-01V/cm J:7.9280e-02A/cm2 ğ›’:4.0936e+00ğ›€ cm
2023-04-13 16:18:19,758 INFO Measurement at current 0.0018291457286432162
2023-04-13 16:18:20,382 INFO T:164.49Â°K V:1.0619e-02V I:1.8291e-03A R:5.8055e+00ğ›€ E:3.2775e-01V/cm J:8.0050e-02A/cm2 ğ›’:4.0943e+00ğ›€ cm
2023-04-13 16:18:20,410 INFO Measurement at current 0.0018467336683417087
2023-04-13 16:18:21,007 INFO T:164.49Â°K V:1.0722e-02V I:1.8467e-03A R:5.8060e+00ğ›€ E:3.3093e-01V/cm J:8.0820e-02A/cm2 ğ›’:4.0946e+00ğ›€ cm
2023-04-13 16:18:21,023 INFO Measurement at current 0.0018643216080402013
2023-04-13 16:18:21,630 INFO T:164.48Â°K V:1.0829e-02V I:1.8643e-03A R:5.8085e+00ğ›€ E:3.3423e-01V/cm J:8.1590e-02A/cm2 ğ›’:4.0964e+00ğ›€ cm
2023-04-13 16:18:21,650 INFO Measurement at current 0.0018819095477386936
2023-04-13 16:18:22,268 INFO T:164.48Â°K V:1.0933e-02V I:1.8819e-03A R:5.8095e+00ğ›€ E:3.3744e-01V/cm J:8.2359e-02A/cm2 ğ›’:4.0971e+00ğ›€ cm
2023-04-13 16:18:22,287 INFO Measurement at current 0.001899497487437186
2023-04-13 16:18:22,889 INFO T:164.47Â°K V:1.1037e-02V I:1.8995e-03A R:5.8105e+00ğ›€ E:3.4065e-01V/cm J:8.3129e-02A/cm2 ğ›’:4.0979e+00ğ›€ cm
2023-04-13 16:18:22,904 INFO Measurement at current 0.0019170854271356786
2023-04-13 16:18:23,514 INFO T:164.47Â°K V:1.1140e-02V I:1.9171e-03A R:5.8111e+00ğ›€ E:3.4384e-01V/cm J:8.3899e-02A/cm2 ğ›’:4.0982e+00ğ›€ cm
2023-04-13 16:18:23,532 INFO Measurement at current 0.001934673366834171
2023-04-13 16:18:24,130 INFO T:164.46Â°K V:1.1244e-02V I:1.9347e-03A R:5.8121e+00ğ›€ E:3.4705e-01V/cm J:8.4668e-02A/cm2 ğ›’:4.0989e+00ğ›€ cm
2023-04-13 16:18:24,149 INFO Measurement at current 0.0019522613065326635
2023-04-13 16:18:24,750 INFO T:164.46Â°K V:1.1352e-02V I:1.9523e-03A R:5.8146e+00ğ›€ E:3.5036e-01V/cm J:8.5438e-02A/cm2 ğ›’:4.1007e+00ğ›€ cm
2023-04-13 16:18:24,777 INFO Measurement at current 0.0019698492462311558
2023-04-13 16:18:25,378 INFO T:164.45Â°K V:1.1456e-02V I:1.9698e-03A R:5.8155e+00ğ›€ E:3.5357e-01V/cm J:8.6208e-02A/cm2 ğ›’:4.1014e+00ğ›€ cm
2023-04-13 16:18:25,404 INFO Measurement at current 0.0019874371859296483
2023-04-13 16:18:26,018 INFO T:164.45Â°K V:1.1559e-02V I:1.9874e-03A R:5.8160e+00ğ›€ E:3.5676e-01V/cm J:8.6978e-02A/cm2 ğ›’:4.1017e+00ğ›€ cm
2023-04-13 16:18:26,040 INFO Measurement at current 0.002005025125628141
2023-04-13 16:18:26,631 INFO T:164.44Â°K V:1.1663e-02V I:2.0050e-03A R:5.8170e+00ğ›€ E:3.5997e-01V/cm J:8.7747e-02A/cm2 ğ›’:4.1024e+00ğ›€ cm
2023-04-13 16:18:26,646 INFO Measurement at current 0.0020226130653266334
2023-04-13 16:18:27,240 INFO T:164.44Â°K V:1.1767e-02V I:2.0226e-03A R:5.8178e+00ğ›€ E:3.6319e-01V/cm J:8.8517e-02A/cm2 ğ›’:4.1030e+00ğ›€ cm
2023-04-13 16:18:27,257 INFO Measurement at current 0.002040201005025126
2023-04-13 16:18:27,848 INFO T:164.43Â°K V:1.1871e-02V I:2.0402e-03A R:5.8187e+00ğ›€ E:3.6640e-01V/cm J:8.9287e-02A/cm2 ğ›’:4.1036e+00ğ›€ cm
2023-04-13 16:18:27,862 INFO Measurement at current 0.0020577889447236184
2023-04-13 16:18:28,456 INFO T:164.43Â°K V:1.1977e-02V I:2.0578e-03A R:5.8205e+00ğ›€ E:3.6967e-01V/cm J:9.0056e-02A/cm2 ğ›’:4.1049e+00ğ›€ cm
2023-04-13 16:18:28,486 INFO Measurement at current 0.0020753768844221105
2023-04-13 16:18:29,937 INFO T:164.42Â°K V:1.2082e-02V I:2.0754e-03A R:5.8217e+00ğ›€ E:3.7291e-01V/cm J:9.0826e-02A/cm2 ğ›’:4.1057e+00ğ›€ cm
2023-04-13 16:18:29,971 INFO Measurement at current 0.002092964824120603
2023-04-13 16:18:30,565 INFO T:164.41Â°K V:1.2186e-02V I:2.0930e-03A R:5.8225e+00ğ›€ E:3.7612e-01V/cm J:9.1596e-02A/cm2 ğ›’:4.1063e+00ğ›€ cm
2023-04-13 16:18:30,583 INFO Measurement at current 0.0021105527638190956
2023-04-13 16:18:31,190 INFO T:164.41Â°K V:1.2290e-02V I:2.1106e-03A R:5.8233e+00ğ›€ E:3.7933e-01V/cm J:9.2366e-02A/cm2 ğ›’:4.1068e+00ğ›€ cm
2023-04-13 16:18:31,221 INFO Measurement at current 0.002128140703517588
2023-04-13 16:18:31,822 INFO T:164.40Â°K V:1.2394e-02V I:2.1281e-03A R:5.8236e+00ğ›€ E:3.8252e-01V/cm J:9.3135e-02A/cm2 ğ›’:4.1071e+00ğ›€ cm
2023-04-13 16:18:31,845 INFO Measurement at current 0.0021457286432160806
2023-04-13 16:18:32,452 INFO T:164.40Â°K V:1.2498e-02V I:2.1457e-03A R:5.8244e+00ğ›€ E:3.8573e-01V/cm J:9.3905e-02A/cm2 ğ›’:4.1077e+00ğ›€ cm
2023-04-13 16:18:32,467 INFO Measurement at current 0.002163316582914573
2023-04-13 16:18:33,066 INFO T:164.39Â°K V:1.2605e-02V I:2.1633e-03A R:5.8266e+00ğ›€ E:3.8904e-01V/cm J:9.4675e-02A/cm2 ğ›’:4.1092e+00ğ›€ cm
2023-04-13 16:18:33,085 INFO Measurement at current 0.0021809045226130657
2023-04-13 16:18:33,675 INFO T:164.39Â°K V:1.2709e-02V I:2.1809e-03A R:5.8274e+00ğ›€ E:3.9226e-01V/cm J:9.5444e-02A/cm2 ğ›’:4.1098e+00ğ›€ cm
2023-04-13 16:18:33,695 INFO Measurement at current 0.0021984924623115578
2023-04-13 16:18:34,311 INFO T:164.38Â°K V:1.2813e-02V I:2.1985e-03A R:5.8279e+00ğ›€ E:3.9545e-01V/cm J:9.6214e-02A/cm2 ğ›’:4.1101e+00ğ›€ cm
2023-04-13 16:18:34,341 INFO Measurement at current 0.0022160804020100503
2023-04-13 16:18:34,932 INFO T:164.38Â°K V:1.2918e-02V I:2.2161e-03A R:5.8290e+00ğ›€ E:3.9869e-01V/cm J:9.6984e-02A/cm2 ğ›’:4.1109e+00ğ›€ cm
2023-04-13 16:18:34,950 INFO Measurement at current 0.002233668341708543
2023-04-13 16:18:35,569 INFO T:164.37Â°K V:1.3022e-02V I:2.2337e-03A R:5.8299e+00ğ›€ E:4.0192e-01V/cm J:9.7754e-02A/cm2 ğ›’:4.1115e+00ğ›€ cm
2023-04-13 16:18:35,598 INFO Measurement at current 0.0022512562814070354
2023-04-13 16:18:36,204 INFO T:164.37Â°K V:1.3130e-02V I:2.2513e-03A R:5.8321e+00ğ›€ E:4.0523e-01V/cm J:9.8523e-02A/cm2 ğ›’:4.1131e+00ğ›€ cm
2023-04-13 16:18:36,223 INFO Measurement at current 0.002268844221105528
2023-04-13 16:18:36,820 INFO T:164.36Â°K V:1.3233e-02V I:2.2688e-03A R:5.8325e+00ğ›€ E:4.0843e-01V/cm J:9.9293e-02A/cm2 ğ›’:4.1134e+00ğ›€ cm
2023-04-13 16:18:36,840 INFO Measurement at current 0.0022864321608040204
2023-04-13 16:18:37,443 INFO T:164.36Â°K V:1.3338e-02V I:2.2864e-03A R:5.8334e+00ğ›€ E:4.1166e-01V/cm J:1.0006e-01A/cm2 ğ›’:4.1140e+00ğ›€ cm
2023-04-13 16:18:37,463 INFO Measurement at current 0.002304020100502513
2023-04-13 16:18:38,057 INFO T:164.35Â°K V:1.3442e-02V I:2.3040e-03A R:5.8343e+00ğ›€ E:4.1488e-01V/cm J:1.0083e-01A/cm2 ğ›’:4.1146e+00ğ›€ cm
2023-04-13 16:18:38,078 INFO Measurement at current 0.002321608040201005
2023-04-13 16:18:38,673 INFO T:164.35Â°K V:1.3547e-02V I:2.3216e-03A R:5.8351e+00ğ›€ E:4.1811e-01V/cm J:1.0160e-01A/cm2 ğ›’:4.1152e+00ğ›€ cm
2023-04-13 16:18:38,694 INFO Measurement at current 0.0023391959798994976
2023-04-13 16:18:39,286 INFO T:164.34Â°K V:1.3651e-02V I:2.3392e-03A R:5.8359e+00ğ›€ E:4.2134e-01V/cm J:1.0237e-01A/cm2 ğ›’:4.1157e+00ğ›€ cm
2023-04-13 16:18:39,306 INFO Measurement at current 0.00235678391959799
2023-04-13 16:18:39,909 INFO T:164.34Â°K V:1.3758e-02V I:2.3568e-03A R:5.8375e+00ğ›€ E:4.2462e-01V/cm J:1.0314e-01A/cm2 ğ›’:4.1169e+00ğ›€ cm
2023-04-13 16:18:39,948 INFO Measurement at current 0.0023743718592964826
2023-04-13 16:18:40,545 INFO T:164.33Â°K V:1.3863e-02V I:2.3744e-03A R:5.8385e+00ğ›€ E:4.2786e-01V/cm J:1.0391e-01A/cm2 ğ›’:4.1176e+00ğ›€ cm
2023-04-13 16:18:40,560 INFO Measurement at current 0.002391959798994975
2023-04-13 16:18:41,148 INFO T:164.33Â°K V:1.3968e-02V I:2.3920e-03A R:5.8394e+00ğ›€ E:4.3110e-01V/cm J:1.0468e-01A/cm2 ğ›’:4.1182e+00ğ›€ cm
2023-04-13 16:18:41,164 INFO Measurement at current 0.0024095477386934677
2023-04-13 16:18:41,748 INFO T:164.32Â°K V:1.4072e-02V I:2.4095e-03A R:5.8402e+00ğ›€ E:4.3433e-01V/cm J:1.0545e-01A/cm2 ğ›’:4.1188e+00ğ›€ cm
2023-04-13 16:18:41,762 INFO Measurement at current 0.00242713567839196
2023-04-13 16:18:42,348 INFO T:164.32Â°K V:1.4176e-02V I:2.4271e-03A R:5.8406e+00ğ›€ E:4.3753e-01V/cm J:1.0622e-01A/cm2 ğ›’:4.1191e+00ğ›€ cm
2023-04-13 16:18:42,362 INFO Measurement at current 0.0024447236180904523
2023-04-13 16:18:42,950 INFO T:164.31Â°K V:1.4281e-02V I:2.4447e-03A R:5.8414e+00ğ›€ E:4.4076e-01V/cm J:1.0699e-01A/cm2 ğ›’:4.1196e+00ğ›€ cm
2023-04-13 16:18:42,968 INFO Measurement at current 0.002462311557788945
2023-04-13 16:18:43,555 INFO T:164.31Â°K V:1.4388e-02V I:2.4623e-03A R:5.8434e+00ğ›€ E:4.4408e-01V/cm J:1.0776e-01A/cm2 ğ›’:4.1211e+00ğ›€ cm
2023-04-13 16:18:43,594 INFO Measurement at current 0.0024798994974874373
2023-04-13 16:18:44,242 INFO T:164.30Â°K V:1.4493e-02V I:2.4799e-03A R:5.8443e+00ğ›€ E:4.4732e-01V/cm J:1.0853e-01A/cm2 ğ›’:4.1217e+00ğ›€ cm
2023-04-13 16:18:44,258 INFO Measurement at current 0.00249748743718593
2023-04-13 16:18:44,868 INFO T:164.30Â°K V:1.4597e-02V I:2.4975e-03A R:5.8449e+00ğ›€ E:4.5054e-01V/cm J:1.0930e-01A/cm2 ğ›’:4.1221e+00ğ›€ cm
2023-04-13 16:18:44,885 INFO Measurement at current 0.0025150753768844224
2023-04-13 16:18:45,492 INFO T:164.29Â°K V:1.4702e-02V I:2.5151e-03A R:5.8457e+00ğ›€ E:4.5378e-01V/cm J:1.1007e-01A/cm2 ğ›’:4.1227e+00ğ›€ cm
2023-04-13 16:18:45,508 INFO Measurement at current 0.002532663316582915
2023-04-13 16:18:46,109 INFO T:164.29Â°K V:1.4808e-02V I:2.5327e-03A R:5.8468e+00ğ›€ E:4.5703e-01V/cm J:1.1084e-01A/cm2 ğ›’:4.1234e+00ğ›€ cm
2023-04-13 16:18:46,125 INFO Measurement at current 0.002550251256281407
2023-04-13 16:18:46,719 INFO T:164.29Â°K V:1.4916e-02V I:2.5503e-03A R:5.8489e+00ğ›€ E:4.6037e-01V/cm J:1.1161e-01A/cm2 ğ›’:4.1249e+00ğ›€ cm
2023-04-13 16:18:46,737 INFO Measurement at current 0.0025678391959798996
2023-04-13 16:18:47,335 INFO T:164.28Â°K V:1.5020e-02V I:2.5678e-03A R:5.8495e+00ğ›€ E:4.6359e-01V/cm J:1.1238e-01A/cm2 ğ›’:4.1253e+00ğ›€ cm
2023-04-13 16:18:47,360 INFO Measurement at current 0.002585427135678392
2023-04-13 16:18:47,956 INFO T:164.27Â°K V:1.5126e-02V I:2.5854e-03A R:5.8504e+00ğ›€ E:4.6684e-01V/cm J:1.1315e-01A/cm2 ğ›’:4.1260e+00ğ›€ cm
2023-04-13 16:18:47,983 INFO Measurement at current 0.0026030150753768846
2023-04-13 16:18:48,580 INFO T:164.27Â°K V:1.5230e-02V I:2.6030e-03A R:5.8509e+00ğ›€ E:4.7006e-01V/cm J:1.1392e-01A/cm2 ğ›’:4.1263e+00ğ›€ cm
2023-04-13 16:18:48,601 INFO Measurement at current 0.002620603015075377
2023-04-13 16:18:49,194 INFO T:164.27Â°K V:1.5335e-02V I:2.6206e-03A R:5.8518e+00ğ›€ E:4.7331e-01V/cm J:1.1469e-01A/cm2 ğ›’:4.1270e+00ğ›€ cm
2023-04-13 16:18:49,212 INFO Measurement at current 0.0026381909547738697
2023-04-13 16:18:49,804 INFO T:164.26Â°K V:1.5440e-02V I:2.6382e-03A R:5.8524e+00ğ›€ E:4.7653e-01V/cm J:1.1546e-01A/cm2 ğ›’:4.1274e+00ğ›€ cm
2023-04-13 16:18:49,825 INFO Measurement at current 0.002655778894472362
2023-04-13 16:18:50,417 INFO T:164.26Â°K V:1.5548e-02V I:2.6558e-03A R:5.8544e+00ğ›€ E:4.7988e-01V/cm J:1.1623e-01A/cm2 ğ›’:4.1288e+00ğ›€ cm
2023-04-13 16:18:50,437 INFO Measurement at current 0.0026733668341708543
2023-04-13 16:18:51,030 INFO T:164.25Â°K V:1.5653e-02V I:2.6734e-03A R:5.8553e+00ğ›€ E:4.8312e-01V/cm J:1.1700e-01A/cm2 ğ›’:4.1294e+00ğ›€ cm
2023-04-13 16:18:51,053 INFO Measurement at current 0.002690954773869347
2023-04-13 16:18:51,658 INFO T:164.25Â°K V:1.5759e-02V I:2.6910e-03A R:5.8562e+00ğ›€ E:4.8638e-01V/cm J:1.1777e-01A/cm2 ğ›’:4.1301e+00ğ›€ cm
2023-04-13 16:18:51,684 INFO Measurement at current 0.0027085427135678393
2023-04-13 16:18:52,284 INFO T:164.24Â°K V:1.5864e-02V I:2.7085e-03A R:5.8569e+00ğ›€ E:4.8962e-01V/cm J:1.1854e-01A/cm2 ğ›’:4.1305e+00ğ›€ cm
2023-04-13 16:18:52,313 INFO Measurement at current 0.002726130653266332
2023-04-13 16:18:52,909 INFO T:164.24Â°K V:1.5969e-02V I:2.7261e-03A R:5.8579e+00ğ›€ E:4.9288e-01V/cm J:1.1931e-01A/cm2 ğ›’:4.1313e+00ğ›€ cm
2023-04-13 16:18:52,924 INFO Measurement at current 0.0027437185929648244
2023-04-13 16:18:53,509 INFO T:164.23Â°K V:1.6075e-02V I:2.7437e-03A R:5.8589e+00ğ›€ E:4.9615e-01V/cm J:1.2008e-01A/cm2 ğ›’:4.1320e+00ğ›€ cm
2023-04-13 16:18:53,534 INFO Measurement at current 0.002761306532663317
2023-04-13 16:18:54,123 INFO T:164.23Â°K V:1.6184e-02V I:2.7613e-03A R:5.8609e+00ğ›€ E:4.9950e-01V/cm J:1.2084e-01A/cm2 ğ›’:4.1334e+00ğ›€ cm
2023-04-13 16:18:54,144 INFO Measurement at current 0.0027788944723618095
2023-04-13 16:18:54,735 INFO T:164.22Â°K V:1.6289e-02V I:2.7789e-03A R:5.8616e+00ğ›€ E:5.0274e-01V/cm J:1.2161e-01A/cm2 ğ›’:4.1338e+00ğ›€ cm
2023-04-13 16:18:54,790 INFO Measurement at current 0.0027964824120603016
2023-04-13 16:18:55,395 INFO T:164.22Â°K V:1.6395e-02V I:2.7965e-03A R:5.8626e+00ğ›€ E:5.0601e-01V/cm J:1.2238e-01A/cm2 ğ›’:4.1346e+00ğ›€ cm
2023-04-13 16:18:55,429 INFO Measurement at current 0.002814070351758794
2023-04-13 16:18:56,026 INFO T:164.21Â°K V:1.6501e-02V I:2.8141e-03A R:5.8637e+00ğ›€ E:5.0928e-01V/cm J:1.2315e-01A/cm2 ğ›’:4.1353e+00ğ›€ cm
2023-04-13 16:18:56,048 INFO Measurement at current 0.0028316582914572866
2023-04-13 16:18:56,659 INFO T:164.21Â°K V:1.6607e-02V I:2.8317e-03A R:5.8647e+00ğ›€ E:5.1255e-01V/cm J:1.2392e-01A/cm2 ğ›’:4.1360e+00ğ›€ cm
2023-04-13 16:18:56,687 INFO Measurement at current 0.002849246231155779
2023-04-13 16:18:57,291 INFO T:164.20Â°K V:1.6712e-02V I:2.8492e-03A R:5.8653e+00ğ›€ E:5.1579e-01V/cm J:1.2469e-01A/cm2 ğ›’:4.1365e+00ğ›€ cm
2023-04-13 16:18:57,313 INFO Measurement at current 0.0028668341708542717
2023-04-13 16:18:57,918 INFO T:164.20Â°K V:1.6821e-02V I:2.8668e-03A R:5.8673e+00ğ›€ E:5.1916e-01V/cm J:1.2546e-01A/cm2 ğ›’:4.1379e+00ğ›€ cm
2023-04-13 16:18:57,937 INFO Measurement at current 0.002884422110552764
2023-04-13 16:18:58,545 INFO T:164.19Â°K V:1.6927e-02V I:2.8844e-03A R:5.8683e+00ğ›€ E:5.2243e-01V/cm J:1.2623e-01A/cm2 ğ›’:4.1386e+00ğ›€ cm
2023-04-13 16:18:58,562 INFO Measurement at current 0.0029020100502512567
2023-04-13 16:18:59,159 INFO T:164.19Â°K V:1.7033e-02V I:2.9020e-03A R:5.8692e+00ğ›€ E:5.2570e-01V/cm J:1.2700e-01A/cm2 ğ›’:4.1393e+00ğ›€ cm
2023-04-13 16:18:59,229 INFO Measurement at current 0.002919597989949749
2023-04-13 16:18:59,824 INFO T:164.18Â°K V:1.7139e-02V I:2.9196e-03A R:5.8704e+00ğ›€ E:5.2898e-01V/cm J:1.2777e-01A/cm2 ğ›’:4.1401e+00ğ›€ cm
2023-04-13 16:18:59,839 INFO Measurement at current 0.0029371859296482413
2023-04-13 16:19:00,429 INFO T:164.18Â°K V:1.7244e-02V I:2.9372e-03A R:5.8709e+00ğ›€ E:5.3222e-01V/cm J:1.2854e-01A/cm2 ğ›’:4.1405e+00ğ›€ cm
2023-04-13 16:19:00,452 INFO Measurement at current 0.002954773869346734
2023-04-13 16:19:01,044 INFO T:164.17Â°K V:1.7353e-02V I:2.9548e-03A R:5.8729e+00ğ›€ E:5.3559e-01V/cm J:1.2931e-01A/cm2 ğ›’:4.1418e+00ğ›€ cm
2023-04-13 16:19:01,064 INFO Measurement at current 0.0029723618090452264
2023-04-13 16:19:01,660 INFO T:164.17Â°K V:1.7459e-02V I:2.9724e-03A R:5.8738e+00ğ›€ E:5.3886e-01V/cm J:1.3008e-01A/cm2 ğ›’:4.1425e+00ğ›€ cm
2023-04-13 16:19:01,677 INFO Measurement at current 0.002989949748743719
2023-04-13 16:19:02,266 INFO T:164.16Â°K V:1.7565e-02V I:2.9899e-03A R:5.8747e+00ğ›€ E:5.4213e-01V/cm J:1.3085e-01A/cm2 ğ›’:4.1431e+00ğ›€ cm
2023-04-13 16:19:02,285 INFO Measurement at current 0.0030075376884422115
2023-04-13 16:19:02,873 INFO T:164.16Â°K V:1.7670e-02V I:3.0075e-03A R:5.8753e+00ğ›€ E:5.4538e-01V/cm J:1.3162e-01A/cm2 ğ›’:4.1436e+00ğ›€ cm
2023-04-13 16:19:02,891 INFO Measurement at current 0.0030251256281407036
2023-04-13 16:19:03,488 INFO T:164.15Â°K V:1.7776e-02V I:3.0251e-03A R:5.8762e+00ğ›€ E:5.4865e-01V/cm J:1.3239e-01A/cm2 ğ›’:4.1442e+00ğ›€ cm
2023-04-13 16:19:03,514 INFO Measurement at current 0.003042713567839196
2023-04-13 16:19:04,115 INFO T:164.15Â°K V:1.7882e-02V I:3.0427e-03A R:5.8772e+00ğ›€ E:5.5193e-01V/cm J:1.3316e-01A/cm2 ğ›’:4.1448e+00ğ›€ cm
2023-04-13 16:19:04,143 INFO Measurement at current 0.0030603015075376886
2023-04-13 16:19:04,738 INFO T:164.14Â°K V:1.7992e-02V I:3.0603e-03A R:5.8791e+00ğ›€ E:5.5530e-01V/cm J:1.3393e-01A/cm2 ğ›’:4.1462e+00ğ›€ cm
2023-04-13 16:19:04,755 INFO Measurement at current 0.003077889447236181
2023-04-13 16:19:05,342 INFO T:164.14Â°K V:1.8097e-02V I:3.0779e-03A R:5.8796e+00ğ›€ E:5.5855e-01V/cm J:1.3470e-01A/cm2 ğ›’:4.1466e+00ğ›€ cm
2023-04-13 16:19:05,361 INFO Measurement at current 0.0030954773869346737
2023-04-13 16:19:05,948 INFO T:164.13Â°K V:1.8203e-02V I:3.0955e-03A R:5.8805e+00ğ›€ E:5.6182e-01V/cm J:1.3547e-01A/cm2 ğ›’:4.1472e+00ğ›€ cm
2023-04-13 16:19:05,963 INFO Measurement at current 0.003113065326633166
2023-04-13 16:19:06,553 INFO T:164.13Â°K V:1.8309e-02V I:3.1131e-03A R:5.8814e+00ğ›€ E:5.6510e-01V/cm J:1.3624e-01A/cm2 ğ›’:4.1478e+00ğ›€ cm
2023-04-13 16:19:06,579 INFO Measurement at current 0.0031306532663316587
2023-04-13 16:19:07,186 INFO T:164.12Â°K V:1.8415e-02V I:3.1307e-03A R:5.8823e+00ğ›€ E:5.6838e-01V/cm J:1.3701e-01A/cm2 ğ›’:4.1485e+00ğ›€ cm
2023-04-13 16:19:07,205 INFO Measurement at current 0.003148241206030151
2023-04-13 16:19:07,806 INFO T:164.12Â°K V:1.8521e-02V I:3.1482e-03A R:5.8830e+00ğ›€ E:5.7164e-01V/cm J:1.3778e-01A/cm2 ğ›’:4.1489e+00ğ›€ cm
2023-04-13 16:19:07,831 INFO Measurement at current 0.0031658291457286433
2023-04-13 16:19:08,419 INFO T:164.11Â°K V:1.8631e-02V I:3.1658e-03A R:5.8849e+00ğ›€ E:5.7502e-01V/cm J:1.3855e-01A/cm2 ğ›’:4.1503e+00ğ›€ cm
2023-04-13 16:19:08,437 INFO Measurement at current 0.003183417085427136
2023-04-13 16:19:09,021 INFO T:164.11Â°K V:1.8737e-02V I:3.1834e-03A R:5.8858e+00ğ›€ E:5.7830e-01V/cm J:1.3932e-01A/cm2 ğ›’:4.1509e+00ğ›€ cm
2023-04-13 16:19:09,043 INFO Measurement at current 0.0032010050251256284
2023-04-13 16:19:09,637 INFO T:164.10Â°K V:1.8843e-02V I:3.2010e-03A R:5.8866e+00ğ›€ E:5.8158e-01V/cm J:1.4009e-01A/cm2 ğ›’:4.1515e+00ğ›€ cm
2023-04-13 16:19:09,663 INFO Measurement at current 0.003218592964824121
2023-04-13 16:19:10,274 INFO T:164.10Â°K V:1.8949e-02V I:3.2186e-03A R:5.8873e+00ğ›€ E:5.8484e-01V/cm J:1.4086e-01A/cm2 ğ›’:4.1520e+00ğ›€ cm
2023-04-13 16:19:10,294 INFO Measurement at current 0.0032361809045226135
2023-04-13 16:19:10,886 INFO T:164.09Â°K V:1.9055e-02V I:3.2362e-03A R:5.8882e+00ğ›€ E:5.8813e-01V/cm J:1.4163e-01A/cm2 ğ›’:4.1527e+00ğ›€ cm
2023-04-13 16:19:10,904 INFO Measurement at current 0.003253768844221106
2023-04-13 16:19:11,493 INFO T:164.09Â°K V:1.9165e-02V I:3.2538e-03A R:5.8901e+00ğ›€ E:5.9151e-01V/cm J:1.4240e-01A/cm2 ğ›’:4.1539e+00ğ›€ cm
2023-04-13 16:19:11,510 INFO Measurement at current 0.003271356783919598
2023-04-13 16:19:12,106 INFO T:164.08Â°K V:1.9271e-02V I:3.2714e-03A R:5.8910e+00ğ›€ E:5.9480e-01V/cm J:1.4317e-01A/cm2 ğ›’:4.1546e+00ğ›€ cm
2023-04-13 16:19:12,134 INFO Measurement at current 0.0032889447236180906
2023-04-13 16:19:12,726 INFO T:164.08Â°K V:1.9377e-02V I:3.2889e-03A R:5.8916e+00ğ›€ E:5.9806e-01V/cm J:1.4394e-01A/cm2 ğ›’:4.1551e+00ğ›€ cm
2023-04-13 16:19:12,748 INFO Measurement at current 0.003306532663316583
2023-04-13 16:19:13,333 INFO T:164.07Â°K V:1.9484e-02V I:3.3065e-03A R:5.8926e+00ğ›€ E:6.0136e-01V/cm J:1.4471e-01A/cm2 ğ›’:4.1557e+00ğ›€ cm
2023-04-13 16:19:13,349 INFO Measurement at current 0.0033241206030150757
2023-04-13 16:19:13,956 INFO T:164.07Â°K V:1.9590e-02V I:3.3241e-03A R:5.8934e+00ğ›€ E:6.0464e-01V/cm J:1.4548e-01A/cm2 ğ›’:4.1563e+00ğ›€ cm
2023-04-13 16:19:13,976 INFO Measurement at current 0.003341708542713568
2023-04-13 16:19:14,571 INFO T:164.06Â°K V:1.9697e-02V I:3.3417e-03A R:5.8944e+00ğ›€ E:6.0794e-01V/cm J:1.4625e-01A/cm2 ğ›’:4.1570e+00ğ›€ cm
2023-04-13 16:19:14,585 INFO Measurement at current 0.0033592964824120607
2023-04-13 16:19:15,187 INFO T:164.06Â°K V:1.9806e-02V I:3.3593e-03A R:5.8958e+00ğ›€ E:6.1129e-01V/cm J:1.4702e-01A/cm2 ğ›’:4.1580e+00ğ›€ cm
2023-04-13 16:19:15,212 INFO Measurement at current 0.0033768844221105532
2023-04-13 16:19:15,801 INFO T:164.06Â°K V:1.9913e-02V I:3.3769e-03A R:5.8967e+00ğ›€ E:6.1458e-01V/cm J:1.4778e-01A/cm2 ğ›’:4.1586e+00ğ›€ cm
2023-04-13 16:19:15,829 INFO Measurement at current 0.0033944723618090453
2023-04-13 16:19:16,417 INFO T:164.05Â°K V:2.0019e-02V I:3.3945e-03A R:5.8976e+00ğ›€ E:6.1788e-01V/cm J:1.4855e-01A/cm2 ğ›’:4.1592e+00ğ›€ cm
2023-04-13 16:19:16,438 INFO Measurement at current 0.003412060301507538
2023-04-13 16:19:17,031 INFO T:164.05Â°K V:2.0126e-02V I:3.4121e-03A R:5.8984e+00ğ›€ E:6.2117e-01V/cm J:1.4932e-01A/cm2 ğ›’:4.1599e+00ğ›€ cm
2023-04-13 16:19:17,049 INFO Measurement at current 0.0034296482412060304
2023-04-13 16:19:17,637 INFO T:164.04Â°K V:2.0233e-02V I:3.4296e-03A R:5.8994e+00ğ›€ E:6.2447e-01V/cm J:1.5009e-01A/cm2 ğ›’:4.1605e+00ğ›€ cm
2023-04-13 16:19:17,659 INFO Measurement at current 0.003447236180904523
2023-04-13 16:19:18,248 INFO T:164.04Â°K V:2.0339e-02V I:3.4472e-03A R:5.8999e+00ğ›€ E:6.2773e-01V/cm J:1.5086e-01A/cm2 ğ›’:4.1609e+00ğ›€ cm
2023-04-13 16:19:18,269 INFO Measurement at current 0.0034648241206030155
2023-04-13 16:19:18,881 INFO T:164.03Â°K V:2.0449e-02V I:3.4648e-03A R:5.9018e+00ğ›€ E:6.3113e-01V/cm J:1.5163e-01A/cm2 ğ›’:4.1622e+00ğ›€ cm
2023-04-13 16:19:18,913 INFO Measurement at current 0.003482412060301508
2023-04-13 16:19:19,523 INFO T:164.03Â°K V:2.0556e-02V I:3.4824e-03A R:5.9028e+00ğ›€ E:6.3444e-01V/cm J:1.5240e-01A/cm2 ğ›’:4.1629e+00ğ›€ cm
2023-04-13 16:19:19,540 INFO Measurement at current 0.0035
2023-04-13 16:19:20,132 INFO T:164.02Â°K V:2.0663e-02V I:3.5000e-03A R:5.9037e+00ğ›€ E:6.3774e-01V/cm J:1.5317e-01A/cm2 ğ›’:4.1635e+00ğ›€ cm
2023-04-13 16:20:09,539 INFO Save the description file
2023-04-13 16:20:09,543 INFO Save data in numpy format Esperimenti/CPRO_MUSA_130423_I_V/CPRO_MUSA_130423_I_V_current_from_0_to_35e-4A/CPRO_MUSA_130423_I_V_current_from_0_to_35e-4A-20230413162006
2023-04-13 16:20:09,556 INFO Save data in CSV format Esperimenti/CPRO_MUSA_130423_I_V/CPRO_MUSA_130423_I_V_current_from_0_to_35e-4A/CPRO_MUSA_130423_I_V_current_from_0_to_35e-4A-20230413162006.csv
2023-04-13 16:20:09,581 INFO Save plot as image Esperimenti/CPRO_MUSA_130423_I_V/CPRO_MUSA_130423_I_V_current_from_0_to_35e-4A/CPRO_MUSA_130423_I_V_current_from_0_to_35e-4A-20230413162006.png
