2023-04-13 17:11:22,135 INFO ### Start experiment: CPRO_MUSA_130423_I_V current from 0 to 35e-4A ###
2023-04-13 17:11:23,486 INFO Found Multimeter KEITHLEY INSTRUMENTS INC.,MODEL 2700,0884890,B03  /A02  

2023-04-13 17:11:24,522 INFO Found Nanovolt Meter KEITHLEY INSTRUMENTS INC.,MODEL 2182A,4056474,C03  /A02  

2023-04-13 17:11:24,647 INFO Found Source Meter KEITHLEY INSTRUMENTS INC.,MODEL 2400,0945684,C24   Feb 14 2002 11:59:45/A02  /K/H

2023-04-13 17:11:24,784 INFO Start the measurement loop
2023-04-13 17:11:31,205 INFO Measurement at current 0.0
2023-04-13 17:11:32,123 INFO T:125.19Â°K V:-1.5196e-05V I:0.0000e+00A R:-infğ›€ E:-4.6900e-04V/cm J:0.0000e+00A/cm2 ğ›’:-infğ›€ cm
2023-04-13 17:11:32,147 INFO Measurement at current 1.7587939698492464e-05
2023-04-13 17:11:32,754 INFO T:125.18Â°K V:1.0698e-03V I:1.7588e-05A R:6.0828e+01ğ›€ E:3.3020e-02V/cm J:7.6971e-04A/cm2 ğ›’:4.2899e+01ğ›€ cm
2023-04-13 17:11:32,774 INFO Measurement at current 3.517587939698493e-05
2023-04-13 17:11:33,385 INFO T:125.18Â°K V:2.1551e-03V I:3.5176e-05A R:6.1266e+01ğ›€ E:6.6515e-02V/cm J:1.5394e-03A/cm2 ğ›’:4.3208e+01ğ›€ cm
2023-04-13 17:11:33,401 INFO Measurement at current 5.2763819095477394e-05
2023-04-13 17:11:33,992 INFO T:125.17Â°K V:3.2403e-03V I:5.2764e-05A R:6.1412e+01ğ›€ E:1.0001e-01V/cm J:2.3091e-03A/cm2 ğ›’:4.3310e+01ğ›€ cm
2023-04-13 17:11:34,013 INFO Measurement at current 7.035175879396985e-05
2023-04-13 17:11:34,618 INFO T:125.16Â°K V:4.3260e-03V I:7.0352e-05A R:6.1491e+01ğ›€ E:1.3352e-01V/cm J:3.0789e-03A/cm2 ğ›’:4.3366e+01ğ›€ cm
2023-04-13 17:11:34,643 INFO Measurement at current 8.793969849246232e-05
2023-04-13 17:11:35,256 INFO T:125.16Â°K V:5.4154e-03V I:8.7940e-05A R:6.1581e+01ğ›€ E:1.6714e-01V/cm J:3.8486e-03A/cm2 ğ›’:4.3430e+01ğ›€ cm
2023-04-13 17:11:35,279 INFO Measurement at current 0.00010552763819095479
2023-04-13 17:11:35,883 INFO T:125.15Â°K V:6.5057e-03V I:1.0553e-04A R:6.1649e+01ğ›€ E:2.0079e-01V/cm J:4.6183e-03A/cm2 ğ›’:4.3478e+01ğ›€ cm
2023-04-13 17:11:35,914 INFO Measurement at current 0.00012311557788944724
2023-04-13 17:11:36,514 INFO T:125.15Â°K V:7.5905e-03V I:1.2312e-04A R:6.1654e+01ğ›€ E:2.3428e-01V/cm J:5.3880e-03A/cm2 ğ›’:4.3481e+01ğ›€ cm
2023-04-13 17:11:36,531 INFO Measurement at current 0.0001407035175879397
2023-04-13 17:11:37,126 INFO T:125.14Â°K V:8.6809e-03V I:1.4070e-04A R:6.1697e+01ğ›€ E:2.6793e-01V/cm J:6.1577e-03A/cm2 ğ›’:4.3511e+01ğ›€ cm
2023-04-13 17:11:37,151 INFO Measurement at current 0.00015829145728643218
2023-04-13 17:11:37,754 INFO T:125.14Â°K V:9.7728e-03V I:1.5829e-04A R:6.1740e+01ğ›€ E:3.0163e-01V/cm J:6.9274e-03A/cm2 ğ›’:4.3542e+01ğ›€ cm
2023-04-13 17:11:37,780 INFO Measurement at current 0.00017587939698492463
2023-04-13 17:11:38,397 INFO T:125.13Â°K V:1.0863e-02V I:1.7588e-04A R:6.1764e+01ğ›€ E:3.3528e-01V/cm J:7.6971e-03A/cm2 ğ›’:4.3559e+01ğ›€ cm
2023-04-13 17:11:38,416 INFO Measurement at current 0.0001934673366834171
2023-04-13 17:11:39,010 INFO T:125.13Â°K V:1.1952e-02V I:1.9347e-04A R:6.1780e+01ğ›€ E:3.6890e-01V/cm J:8.4668e-03A/cm2 ğ›’:4.3570e+01ğ›€ cm
2023-04-13 17:11:39,028 INFO Measurement at current 0.00021105527638190958
2023-04-13 17:11:40,466 INFO T:125.12Â°K V:1.3052e-02V I:2.1106e-04A R:6.1841e+01ğ›€ E:4.0284e-01V/cm J:9.2366e-03A/cm2 ğ›’:4.3613e+01ğ›€ cm
2023-04-13 17:11:40,485 INFO Measurement at current 0.00022864321608040202
2023-04-13 17:11:41,081 INFO T:125.11Â°K V:1.4153e-02V I:2.2864e-04A R:6.1901e+01ğ›€ E:4.3683e-01V/cm J:1.0006e-02A/cm2 ğ›’:4.3655e+01ğ›€ cm
2023-04-13 17:11:41,100 INFO Measurement at current 0.00024623115577889447
2023-04-13 17:11:41,706 INFO T:125.11Â°K V:1.5258e-02V I:2.4623e-04A R:6.1965e+01ğ›€ E:4.7092e-01V/cm J:1.0776e-02A/cm2 ğ›’:4.3701e+01ğ›€ cm
2023-04-13 17:11:41,724 INFO Measurement at current 0.00026381909547738695
2023-04-13 17:11:42,321 INFO T:125.10Â°K V:1.6347e-02V I:2.6382e-04A R:6.1964e+01ğ›€ E:5.0455e-01V/cm J:1.1546e-02A/cm2 ğ›’:4.3700e+01ğ›€ cm
2023-04-13 17:11:42,344 INFO Measurement at current 0.0002814070351758794
2023-04-13 17:11:42,945 INFO T:125.10Â°K V:1.7442e-02V I:2.8141e-04A R:6.1980e+01ğ›€ E:5.3832e-01V/cm J:1.2315e-02A/cm2 ğ›’:4.3711e+01ğ›€ cm
2023-04-13 17:11:42,961 INFO Measurement at current 0.0002989949748743719
2023-04-13 17:11:43,550 INFO T:125.09Â°K V:1.8535e-02V I:2.9899e-04A R:6.1993e+01ğ›€ E:5.7208e-01V/cm J:1.3085e-02A/cm2 ğ›’:4.3720e+01ğ›€ cm
2023-04-13 17:11:43,578 INFO Measurement at current 0.00031658291457286437
2023-04-13 17:11:44,175 INFO T:125.09Â°K V:1.9640e-02V I:3.1658e-04A R:6.2038e+01ğ›€ E:6.0618e-01V/cm J:1.3855e-02A/cm2 ğ›’:4.3752e+01ğ›€ cm
2023-04-13 17:11:44,191 INFO Measurement at current 0.0003341708542713568
2023-04-13 17:11:44,791 INFO T:125.08Â°K V:2.0735e-02V I:3.3417e-04A R:6.2050e+01ğ›€ E:6.3998e-01V/cm J:1.4625e-02A/cm2 ğ›’:4.3760e+01ğ›€ cm
2023-04-13 17:11:44,816 INFO Measurement at current 0.00035175879396984926
2023-04-13 17:11:45,421 INFO T:125.07Â°K V:2.1840e-02V I:3.5176e-04A R:6.2089e+01ğ›€ E:6.7409e-01V/cm J:1.5394e-02A/cm2 ğ›’:4.3788e+01ğ›€ cm
2023-04-13 17:11:45,462 INFO Measurement at current 0.00036934673366834173
2023-04-13 17:11:46,059 INFO T:125.07Â°K V:2.2933e-02V I:3.6935e-04A R:6.2089e+01ğ›€ E:7.0779e-01V/cm J:1.6164e-02A/cm2 ğ›’:4.3788e+01ğ›€ cm
2023-04-13 17:11:46,074 INFO Measurement at current 0.0003869346733668342
2023-04-13 17:11:46,664 INFO T:125.06Â°K V:2.4029e-02V I:3.8693e-04A R:6.2102e+01ğ›€ E:7.4165e-01V/cm J:1.6934e-02A/cm2 ğ›’:4.3797e+01ğ›€ cm
2023-04-13 17:11:46,682 INFO Measurement at current 0.0004045226130653267
2023-04-13 17:11:47,272 INFO T:125.06Â°K V:2.5128e-02V I:4.0452e-04A R:6.2116e+01ğ›€ E:7.7554e-01V/cm J:1.7703e-02A/cm2 ğ›’:4.3807e+01ğ›€ cm
2023-04-13 17:11:47,315 INFO Measurement at current 0.00042211055276381916
2023-04-13 17:11:47,906 INFO T:125.05Â°K V:2.6231e-02V I:4.2211e-04A R:6.2143e+01ğ›€ E:8.0960e-01V/cm J:1.8473e-02A/cm2 ğ›’:4.3826e+01ğ›€ cm
2023-04-13 17:11:47,929 INFO Measurement at current 0.0004396984924623116
2023-04-13 17:11:48,533 INFO T:125.05Â°K V:2.7344e-02V I:4.3970e-04A R:6.2188e+01ğ›€ E:8.4394e-01V/cm J:1.9243e-02A/cm2 ğ›’:4.3858e+01ğ›€ cm
2023-04-13 17:11:48,553 INFO Measurement at current 0.00045728643216080405
2023-04-13 17:11:49,153 INFO T:125.04Â°K V:2.8461e-02V I:4.5729e-04A R:6.2239e+01ğ›€ E:8.7842e-01V/cm J:2.0013e-02A/cm2 ğ›’:4.3894e+01ğ›€ cm
2023-04-13 17:11:49,178 INFO Measurement at current 0.0004748743718592965
2023-04-13 17:11:49,765 INFO T:125.04Â°K V:2.9561e-02V I:4.7487e-04A R:6.2251e+01ğ›€ E:9.1239e-01V/cm J:2.0782e-02A/cm2 ğ›’:4.3902e+01ğ›€ cm
2023-04-13 17:11:49,781 INFO Measurement at current 0.0004924623115577889
2023-04-13 17:11:50,369 INFO T:125.03Â°K V:3.0668e-02V I:4.9246e-04A R:6.2275e+01ğ›€ E:9.4654e-01V/cm J:2.1552e-02A/cm2 ğ›’:4.3919e+01ğ›€ cm
2023-04-13 17:11:50,402 INFO Measurement at current 0.0005100502512562815
2023-04-13 17:11:50,996 INFO T:125.03Â°K V:3.1779e-02V I:5.1005e-04A R:6.2306e+01ğ›€ E:9.8085e-01V/cm J:2.2322e-02A/cm2 ğ›’:4.3941e+01ğ›€ cm
2023-04-13 17:11:51,022 INFO Measurement at current 0.0005276381909547739
2023-04-13 17:11:51,625 INFO T:125.02Â°K V:3.2892e-02V I:5.2764e-04A R:6.2338e+01ğ›€ E:1.0152e+00V/cm J:2.3091e-02A/cm2 ğ›’:4.3964e+01ğ›€ cm
2023-04-13 17:11:51,665 INFO Measurement at current 0.0005452261306532664
2023-04-13 17:11:52,258 INFO T:125.02Â°K V:3.4003e-02V I:5.4523e-04A R:6.2365e+01ğ›€ E:1.0495e+00V/cm J:2.3861e-02A/cm2 ğ›’:4.3983e+01ğ›€ cm
2023-04-13 17:11:52,278 INFO Measurement at current 0.0005628140703517588
2023-04-13 17:11:52,886 INFO T:125.01Â°K V:3.5107e-02V I:5.6281e-04A R:6.2378e+01ğ›€ E:1.0836e+00V/cm J:2.4631e-02A/cm2 ğ›’:4.3992e+01ğ›€ cm
2023-04-13 17:11:52,910 INFO Measurement at current 0.0005804020100502513
2023-04-13 17:11:53,509 INFO T:125.01Â°K V:3.6230e-02V I:5.8040e-04A R:6.2423e+01ğ›€ E:1.1182e+00V/cm J:2.5401e-02A/cm2 ğ›’:4.4023e+01ğ›€ cm
2023-04-13 17:11:53,527 INFO Measurement at current 0.0005979899497487438
2023-04-13 17:11:54,121 INFO T:125.00Â°K V:3.7346e-02V I:5.9799e-04A R:6.2453e+01ğ›€ E:1.1527e+00V/cm J:2.6170e-02A/cm2 ğ›’:4.4045e+01ğ›€ cm
2023-04-13 17:11:54,138 INFO Measurement at current 0.0006155778894472362
2023-04-13 17:11:54,729 INFO T:125.00Â°K V:3.8451e-02V I:6.1558e-04A R:6.2463e+01ğ›€ E:1.1867e+00V/cm J:2.6940e-02A/cm2 ğ›’:4.4052e+01ğ›€ cm
2023-04-13 17:11:54,754 INFO Measurement at current 0.0006331658291457287
2023-04-13 17:11:55,355 INFO T:124.99Â°K V:3.9556e-02V I:6.3317e-04A R:6.2474e+01ğ›€ E:1.2209e+00V/cm J:2.7710e-02A/cm2 ğ›’:4.4060e+01ğ›€ cm
2023-04-13 17:11:55,370 INFO Measurement at current 0.0006507537688442212
2023-04-13 17:11:55,959 INFO T:124.99Â°K V:4.0679e-02V I:6.5075e-04A R:6.2511e+01ğ›€ E:1.2555e+00V/cm J:2.8479e-02A/cm2 ğ›’:4.4086e+01ğ›€ cm
2023-04-13 17:11:55,974 INFO Measurement at current 0.0006683417085427136
2023-04-13 17:11:56,574 INFO T:124.98Â°K V:4.1795e-02V I:6.6834e-04A R:6.2535e+01ğ›€ E:1.2900e+00V/cm J:2.9249e-02A/cm2 ğ›’:4.4103e+01ğ›€ cm
2023-04-13 17:11:56,591 INFO Measurement at current 0.0006859296482412061
2023-04-13 17:11:57,193 INFO T:124.98Â°K V:4.2909e-02V I:6.8593e-04A R:6.2556e+01ğ›€ E:1.3244e+00V/cm J:3.0019e-02A/cm2 ğ›’:4.4117e+01ğ›€ cm
2023-04-13 17:11:57,214 INFO Measurement at current 0.0007035175879396985
2023-04-13 17:11:57,819 INFO T:124.97Â°K V:4.4029e-02V I:7.0352e-04A R:6.2584e+01ğ›€ E:1.3589e+00V/cm J:3.0789e-02A/cm2 ğ›’:4.4137e+01ğ›€ cm
2023-04-13 17:11:57,848 INFO Measurement at current 0.000721105527638191
2023-04-13 17:11:58,459 INFO T:124.97Â°K V:4.5162e-02V I:7.2111e-04A R:6.2629e+01ğ›€ E:1.3939e+00V/cm J:3.1558e-02A/cm2 ğ›’:4.4169e+01ğ›€ cm
2023-04-13 17:11:58,480 INFO Measurement at current 0.0007386934673366835
2023-04-13 17:11:59,071 INFO T:124.96Â°K V:4.6273e-02V I:7.3869e-04A R:6.2641e+01ğ›€ E:1.4282e+00V/cm J:3.2328e-02A/cm2 ğ›’:4.4177e+01ğ›€ cm
2023-04-13 17:11:59,091 INFO Measurement at current 0.0007562814070351759
2023-04-13 17:11:59,680 INFO T:124.96Â°K V:4.7397e-02V I:7.5628e-04A R:6.2672e+01ğ›€ E:1.4629e+00V/cm J:3.3098e-02A/cm2 ğ›’:4.4199e+01ğ›€ cm
2023-04-13 17:11:59,703 INFO Measurement at current 0.0007738693467336684
2023-04-13 17:12:00,303 INFO T:124.95Â°K V:4.8502e-02V I:7.7387e-04A R:6.2674e+01ğ›€ E:1.4970e+00V/cm J:3.3867e-02A/cm2 ğ›’:4.4201e+01ğ›€ cm
2023-04-13 17:12:00,320 INFO Measurement at current 0.0007914572864321608
2023-04-13 17:12:00,916 INFO T:124.95Â°K V:4.9610e-02V I:7.9146e-04A R:6.2682e+01ğ›€ E:1.5312e+00V/cm J:3.4637e-02A/cm2 ğ›’:4.4206e+01ğ›€ cm
2023-04-13 17:12:00,938 INFO Measurement at current 0.0008090452261306534
2023-04-13 17:12:01,535 INFO T:124.94Â°K V:5.0733e-02V I:8.0905e-04A R:6.2707e+01ğ›€ E:1.5658e+00V/cm J:3.5407e-02A/cm2 ğ›’:4.4224e+01ğ›€ cm
2023-04-13 17:12:01,555 INFO Measurement at current 0.0008266331658291458
2023-04-13 17:12:02,146 INFO T:124.94Â°K V:5.1878e-02V I:8.2663e-04A R:6.2758e+01ğ›€ E:1.6012e+00V/cm J:3.6177e-02A/cm2 ğ›’:4.4260e+01ğ›€ cm
2023-04-13 17:12:02,164 INFO Measurement at current 0.0008442211055276383
2023-04-13 17:12:02,757 INFO T:124.93Â°K V:5.2987e-02V I:8.4422e-04A R:6.2764e+01ğ›€ E:1.6354e+00V/cm J:3.6946e-02A/cm2 ğ›’:4.4264e+01ğ›€ cm
2023-04-13 17:12:02,784 INFO Measurement at current 0.0008618090452261307
2023-04-13 17:12:03,391 INFO T:124.93Â°K V:5.4120e-02V I:8.6181e-04A R:6.2798e+01ğ›€ E:1.6704e+00V/cm J:3.7716e-02A/cm2 ğ›’:4.4288e+01ğ›€ cm
2023-04-13 17:12:03,416 INFO Measurement at current 0.0008793969849246232
2023-04-13 17:12:04,021 INFO T:124.92Â°K V:5.5255e-02V I:8.7940e-04A R:6.2833e+01ğ›€ E:1.7054e+00V/cm J:3.8486e-02A/cm2 ğ›’:4.4313e+01ğ›€ cm
2023-04-13 17:12:04,041 INFO Measurement at current 0.0008969849246231157
2023-04-13 17:12:04,641 INFO T:124.92Â°K V:5.6362e-02V I:8.9698e-04A R:6.2835e+01ğ›€ E:1.7396e+00V/cm J:3.9255e-02A/cm2 ğ›’:4.4314e+01ğ›€ cm
2023-04-13 17:12:04,659 INFO Measurement at current 0.0009145728643216081
2023-04-13 17:12:05,258 INFO T:124.91Â°K V:5.7482e-02V I:9.1457e-04A R:6.2851e+01ğ›€ E:1.7741e+00V/cm J:4.0025e-02A/cm2 ğ›’:4.4325e+01ğ›€ cm
2023-04-13 17:12:05,282 INFO Measurement at current 0.0009321608040201006
2023-04-13 17:12:05,877 INFO T:124.90Â°K V:5.8616e-02V I:9.3216e-04A R:6.2882e+01ğ›€ E:1.8091e+00V/cm J:4.0795e-02A/cm2 ğ›’:4.4347e+01ğ›€ cm
2023-04-13 17:12:05,895 INFO Measurement at current 0.000949748743718593
2023-04-13 17:12:06,488 INFO T:124.90Â°K V:5.9732e-02V I:9.4975e-04A R:6.2892e+01ğ›€ E:1.8436e+00V/cm J:4.1564e-02A/cm2 ğ›’:4.4354e+01ğ›€ cm
2023-04-13 17:12:06,513 INFO Measurement at current 0.0009673366834170855
2023-04-13 17:12:07,101 INFO T:124.89Â°K V:6.0865e-02V I:9.6734e-04A R:6.2920e+01ğ›€ E:1.8785e+00V/cm J:4.2334e-02A/cm2 ğ›’:4.4374e+01ğ›€ cm
2023-04-13 17:12:07,125 INFO Measurement at current 0.0009849246231155779
2023-04-13 17:12:07,718 INFO T:124.89Â°K V:6.1986e-02V I:9.8492e-04A R:6.2935e+01ğ›€ E:1.9132e+00V/cm J:4.3104e-02A/cm2 ğ›’:4.4385e+01ğ›€ cm
2023-04-13 17:12:07,738 INFO Measurement at current 0.0010025125628140704
2023-04-13 17:12:08,329 INFO T:124.89Â°K V:6.3105e-02V I:1.0025e-03A R:6.2947e+01ğ›€ E:1.9477e+00V/cm J:4.3874e-02A/cm2 ğ›’:4.4393e+01ğ›€ cm
2023-04-13 17:12:08,350 INFO Measurement at current 0.001020100502512563
2023-04-13 17:12:08,936 INFO T:124.88Â°K V:6.4237e-02V I:1.0201e-03A R:6.2972e+01ğ›€ E:1.9826e+00V/cm J:4.4643e-02A/cm2 ğ›’:4.4410e+01ğ›€ cm
2023-04-13 17:12:08,963 INFO Measurement at current 0.0010376884422110553
2023-04-13 17:12:09,553 INFO T:124.88Â°K V:6.5347e-02V I:1.0377e-03A R:6.2973e+01ğ›€ E:2.0169e+00V/cm J:4.5413e-02A/cm2 ğ›’:4.4412e+01ğ›€ cm
2023-04-13 17:12:09,573 INFO Measurement at current 0.0010552763819095478
2023-04-13 17:12:10,170 INFO T:124.87Â°K V:6.6506e-02V I:1.0553e-03A R:6.3022e+01ğ›€ E:2.0526e+00V/cm J:4.6183e-02A/cm2 ğ›’:4.4446e+01ğ›€ cm
2023-04-13 17:12:10,187 INFO Measurement at current 0.0010728643216080403
2023-04-13 17:12:10,774 INFO T:124.87Â°K V:6.7629e-02V I:1.0729e-03A R:6.3036e+01ğ›€ E:2.0873e+00V/cm J:4.6952e-02A/cm2 ğ›’:4.4456e+01ğ›€ cm
2023-04-13 17:12:10,794 INFO Measurement at current 0.0010904522613065328
2023-04-13 17:12:11,384 INFO T:124.86Â°K V:6.8743e-02V I:1.0905e-03A R:6.3041e+01ğ›€ E:2.1217e+00V/cm J:4.7722e-02A/cm2 ğ›’:4.4460e+01ğ›€ cm
2023-04-13 17:12:11,401 INFO Measurement at current 0.0011080402010050251
2023-04-13 17:12:11,990 INFO T:124.86Â°K V:6.9880e-02V I:1.1080e-03A R:6.3066e+01ğ›€ E:2.1568e+00V/cm J:4.8492e-02A/cm2 ğ›’:4.4477e+01ğ›€ cm
2023-04-13 17:12:12,007 INFO Measurement at current 0.0011256281407035177
2023-04-13 17:12:12,597 INFO T:124.85Â°K V:7.1029e-02V I:1.1256e-03A R:6.3101e+01ğ›€ E:2.1922e+00V/cm J:4.9262e-02A/cm2 ğ›’:4.4502e+01ğ›€ cm
2023-04-13 17:12:12,619 INFO Measurement at current 0.0011432160804020102
2023-04-13 17:12:13,220 INFO T:124.85Â°K V:7.2178e-02V I:1.1432e-03A R:6.3136e+01ğ›€ E:2.2277e+00V/cm J:5.0031e-02A/cm2 ğ›’:4.4526e+01ğ›€ cm
2023-04-13 17:12:13,238 INFO Measurement at current 0.0011608040201005025
2023-04-13 17:12:13,831 INFO T:124.84Â°K V:7.3321e-02V I:1.1608e-03A R:6.3164e+01ğ›€ E:2.2630e+00V/cm J:5.0801e-02A/cm2 ğ›’:4.4546e+01ğ›€ cm
2023-04-13 17:12:13,846 INFO Measurement at current 0.001178391959798995
2023-04-13 17:12:14,433 INFO T:124.84Â°K V:7.4436e-02V I:1.1784e-03A R:6.3167e+01ğ›€ E:2.2974e+00V/cm J:5.1571e-02A/cm2 ğ›’:4.4549e+01ğ›€ cm
2023-04-13 17:12:14,456 INFO Measurement at current 0.0011959798994974876
2023-04-13 17:12:15,042 INFO T:124.83Â°K V:7.5590e-02V I:1.1960e-03A R:6.3203e+01ğ›€ E:2.3330e+00V/cm J:5.2340e-02A/cm2 ğ›’:4.4574e+01ğ›€ cm
2023-04-13 17:12:15,056 INFO Measurement at current 0.00121356783919598
2023-04-13 17:12:15,649 INFO T:124.83Â°K V:7.6720e-02V I:1.2136e-03A R:6.3218e+01ğ›€ E:2.3679e+00V/cm J:5.3110e-02A/cm2 ğ›’:4.4584e+01ğ›€ cm
2023-04-13 17:12:15,664 INFO Measurement at current 0.0012311557788944724
2023-04-13 17:12:16,256 INFO T:124.82Â°K V:7.7839e-02V I:1.2312e-03A R:6.3224e+01ğ›€ E:2.4024e+00V/cm J:5.3880e-02A/cm2 ğ›’:4.4589e+01ğ›€ cm
2023-04-13 17:12:16,280 INFO Measurement at current 0.001248743718592965
2023-04-13 17:12:16,878 INFO T:124.82Â°K V:7.8979e-02V I:1.2487e-03A R:6.3247e+01ğ›€ E:2.4376e+00V/cm J:5.4650e-02A/cm2 ğ›’:4.4604e+01ğ›€ cm
2023-04-13 17:12:16,893 INFO Measurement at current 0.0012663316582914575
2023-04-13 17:12:17,480 INFO T:124.81Â°K V:8.0143e-02V I:1.2663e-03A R:6.3288e+01ğ›€ E:2.4736e+00V/cm J:5.5419e-02A/cm2 ğ›’:4.4633e+01ğ›€ cm
2023-04-13 17:12:17,504 INFO Measurement at current 0.0012839195979899498
2023-04-13 17:12:18,099 INFO T:124.81Â°K V:8.1267e-02V I:1.2839e-03A R:6.3296e+01ğ›€ E:2.5083e+00V/cm J:5.6189e-02A/cm2 ğ›’:4.4639e+01ğ›€ cm
2023-04-13 17:12:18,126 INFO Measurement at current 0.0013015075376884423
2023-04-13 17:12:18,720 INFO T:124.80Â°K V:8.2379e-02V I:1.3015e-03A R:6.3295e+01ğ›€ E:2.5425e+00V/cm J:5.6959e-02A/cm2 ğ›’:4.4638e+01ğ›€ cm
2023-04-13 17:12:18,739 INFO Measurement at current 0.0013190954773869348
2023-04-13 17:12:19,326 INFO T:124.80Â°K V:8.3517e-02V I:1.3191e-03A R:6.3314e+01ğ›€ E:2.5777e+00V/cm J:5.7728e-02A/cm2 ğ›’:4.4652e+01ğ›€ cm
2023-04-13 17:12:19,350 INFO Measurement at current 0.0013366834170854271
2023-04-13 17:12:19,941 INFO T:124.79Â°K V:8.4650e-02V I:1.3367e-03A R:6.3329e+01ğ›€ E:2.6127e+00V/cm J:5.8498e-02A/cm2 ğ›’:4.4662e+01ğ›€ cm
2023-04-13 17:12:19,962 INFO Measurement at current 0.0013542713567839197
2023-04-13 17:12:20,568 INFO T:124.79Â°K V:8.5848e-02V I:1.3543e-03A R:6.3390e+01ğ›€ E:2.6496e+00V/cm J:5.9268e-02A/cm2 ğ›’:4.4706e+01ğ›€ cm
2023-04-13 17:12:20,588 INFO Measurement at current 0.0013718592964824122
2023-04-13 17:12:21,192 INFO T:124.78Â°K V:8.6952e-02V I:1.3719e-03A R:6.3383e+01ğ›€ E:2.6837e+00V/cm J:6.0038e-02A/cm2 ğ›’:4.4700e+01ğ›€ cm
2023-04-13 17:12:21,217 INFO Measurement at current 0.0013894472361809047
2023-04-13 17:12:21,831 INFO T:124.78Â°K V:8.8079e-02V I:1.3894e-03A R:6.3391e+01ğ›€ E:2.7185e+00V/cm J:6.0807e-02A/cm2 ğ›’:4.4706e+01ğ›€ cm
2023-04-13 17:12:21,851 INFO Measurement at current 0.001407035175879397
2023-04-13 17:12:22,441 INFO T:124.77Â°K V:8.9203e-02V I:1.4070e-03A R:6.3398e+01ğ›€ E:2.7532e+00V/cm J:6.1577e-02A/cm2 ğ›’:4.4711e+01ğ›€ cm
2023-04-13 17:12:22,469 INFO Measurement at current 0.0014246231155778896
2023-04-13 17:12:23,064 INFO T:124.76Â°K V:9.0330e-02V I:1.4246e-03A R:6.3406e+01ğ›€ E:2.7880e+00V/cm J:6.2347e-02A/cm2 ğ›’:4.4717e+01ğ›€ cm
2023-04-13 17:12:23,080 INFO Measurement at current 0.001442211055276382
2023-04-13 17:12:23,666 INFO T:124.76Â°K V:9.1516e-02V I:1.4422e-03A R:6.3455e+01ğ›€ E:2.8246e+00V/cm J:6.3116e-02A/cm2 ğ›’:4.4752e+01ğ›€ cm
2023-04-13 17:12:23,682 INFO Measurement at current 0.0014597989949748744
2023-04-13 17:12:24,270 INFO T:124.76Â°K V:9.2693e-02V I:1.4598e-03A R:6.3497e+01ğ›€ E:2.8609e+00V/cm J:6.3886e-02A/cm2 ğ›’:4.4781e+01ğ›€ cm
2023-04-13 17:12:24,287 INFO Measurement at current 0.001477386934673367
2023-04-13 17:12:24,884 INFO T:124.75Â°K V:9.3829e-02V I:1.4774e-03A R:6.3510e+01ğ›€ E:2.8960e+00V/cm J:6.4656e-02A/cm2 ğ›’:4.4791e+01ğ›€ cm
2023-04-13 17:12:24,905 INFO Measurement at current 0.0014949748743718595
2023-04-13 17:12:25,505 INFO T:124.75Â°K V:9.4968e-02V I:1.4950e-03A R:6.3525e+01ğ›€ E:2.9311e+00V/cm J:6.5426e-02A/cm2 ğ›’:4.4801e+01ğ›€ cm
2023-04-13 17:12:25,530 INFO Measurement at current 0.0015125628140703518
2023-04-13 17:12:26,127 INFO T:124.74Â°K V:9.6109e-02V I:1.5126e-03A R:6.3541e+01ğ›€ E:2.9663e+00V/cm J:6.6195e-02A/cm2 ğ›’:4.4812e+01ğ›€ cm
2023-04-13 17:12:26,145 INFO Measurement at current 0.0015301507537688443
2023-04-13 17:12:26,732 INFO T:124.74Â°K V:9.7227e-02V I:1.5302e-03A R:6.3541e+01ğ›€ E:3.0008e+00V/cm J:6.6965e-02A/cm2 ğ›’:4.4812e+01ğ›€ cm
2023-04-13 17:12:26,750 INFO Measurement at current 0.0015477386934673368
2023-04-13 17:12:27,336 INFO T:124.73Â°K V:9.8346e-02V I:1.5477e-03A R:6.3541e+01ğ›€ E:3.0354e+00V/cm J:6.7735e-02A/cm2 ğ›’:4.4812e+01ğ›€ cm
2023-04-13 17:12:27,350 INFO Measurement at current 0.0015653266331658294
2023-04-13 17:12:27,939 INFO T:124.73Â°K V:9.9522e-02V I:1.5653e-03A R:6.3579e+01ğ›€ E:3.0717e+00V/cm J:6.8504e-02A/cm2 ğ›’:4.4839e+01ğ›€ cm
2023-04-13 17:12:27,956 INFO Measurement at current 0.0015829145728643217
2023-04-13 17:12:28,540 INFO T:124.72Â°K V:1.0070e-01V I:1.5829e-03A R:6.3616e+01ğ›€ E:3.1080e+00V/cm J:6.9274e-02A/cm2 ğ›’:4.4865e+01ğ›€ cm
2023-04-13 17:12:28,564 INFO Measurement at current 0.0016005025125628142
2023-04-13 17:12:29,170 INFO T:124.72Â°K V:1.0184e-01V I:1.6005e-03A R:6.3628e+01ğ›€ E:3.1431e+00V/cm J:7.0044e-02A/cm2 ğ›’:4.4873e+01ğ›€ cm
2023-04-13 17:12:29,188 INFO Measurement at current 0.0016180904522613067
2023-04-13 17:12:29,791 INFO T:124.71Â°K V:1.0297e-01V I:1.6181e-03A R:6.3637e+01ğ›€ E:3.1781e+00V/cm J:7.0814e-02A/cm2 ğ›’:4.4880e+01ğ›€ cm
2023-04-13 17:12:29,816 INFO Measurement at current 0.001635678391959799
2023-04-13 17:12:30,411 INFO T:124.71Â°K V:1.0414e-01V I:1.6357e-03A R:6.3671e+01ğ›€ E:3.2143e+00V/cm J:7.1583e-02A/cm2 ğ›’:4.4903e+01ğ›€ cm
2023-04-13 17:12:30,434 INFO Measurement at current 0.0016532663316582916
2023-04-13 17:12:31,042 INFO T:124.70Â°K V:1.0533e-01V I:1.6533e-03A R:6.3710e+01ğ›€ E:3.2509e+00V/cm J:7.2353e-02A/cm2 ğ›’:4.4931e+01ğ›€ cm
2023-04-13 17:12:31,061 INFO Measurement at current 0.001670854271356784
2023-04-13 17:12:31,662 INFO T:124.70Â°K V:1.0644e-01V I:1.6709e-03A R:6.3703e+01ğ›€ E:3.2851e+00V/cm J:7.3123e-02A/cm2 ğ›’:4.4926e+01ğ›€ cm
2023-04-13 17:12:31,678 INFO Measurement at current 0.0016884422110552766
2023-04-13 17:12:32,281 INFO T:124.69Â°K V:1.0760e-01V I:1.6884e-03A R:6.3726e+01ğ›€ E:3.3209e+00V/cm J:7.3892e-02A/cm2 ğ›’:4.4942e+01ğ›€ cm
2023-04-13 17:12:32,303 INFO Measurement at current 0.001706030150753769
2023-04-13 17:12:32,904 INFO T:124.69Â°K V:1.0878e-01V I:1.7060e-03A R:6.3763e+01ğ›€ E:3.3575e+00V/cm J:7.4662e-02A/cm2 ğ›’:4.4969e+01ğ›€ cm
2023-04-13 17:12:32,922 INFO Measurement at current 0.0017236180904522615
2023-04-13 17:12:33,523 INFO T:124.68Â°K V:1.0991e-01V I:1.7236e-03A R:6.3770e+01ğ›€ E:3.3924e+00V/cm J:7.5432e-02A/cm2 ğ›’:4.4973e+01ğ›€ cm
2023-04-13 17:12:33,544 INFO Measurement at current 0.001741206030150754
2023-04-13 17:12:34,136 INFO T:124.68Â°K V:1.1106e-01V I:1.7412e-03A R:6.3785e+01ğ›€ E:3.4279e+00V/cm J:7.6202e-02A/cm2 ğ›’:4.4984e+01ğ›€ cm
2023-04-13 17:12:34,156 INFO Measurement at current 0.0017587939698492463
2023-04-13 17:12:34,773 INFO T:124.67Â°K V:1.1229e-01V I:1.7588e-03A R:6.3844e+01ğ›€ E:3.4657e+00V/cm J:7.6971e-02A/cm2 ğ›’:4.5026e+01ğ›€ cm
2023-04-13 17:12:34,792 INFO Measurement at current 0.0017763819095477388
2023-04-13 17:12:35,431 INFO T:124.67Â°K V:1.1346e-01V I:1.7764e-03A R:6.3873e+01ğ›€ E:3.5020e+00V/cm J:7.7741e-02A/cm2 ğ›’:4.5047e+01ğ›€ cm
2023-04-13 17:12:35,451 INFO Measurement at current 0.0017939698492462314
2023-04-13 17:12:36,057 INFO T:124.66Â°K V:1.1461e-01V I:1.7940e-03A R:6.3888e+01ğ›€ E:3.5374e+00V/cm J:7.8511e-02A/cm2 ğ›’:4.5057e+01ğ›€ cm
2023-04-13 17:12:36,077 INFO Measurement at current 0.0018115577889447237
2023-04-13 17:12:36,671 INFO T:124.66Â°K V:1.1580e-01V I:1.8116e-03A R:6.3925e+01ğ›€ E:3.5742e+00V/cm J:7.9280e-02A/cm2 ğ›’:4.5083e+01ğ›€ cm
2023-04-13 17:12:36,690 INFO Measurement at current 0.0018291457286432162
2023-04-13 17:12:37,291 INFO T:124.65Â°K V:1.1696e-01V I:1.8291e-03A R:6.3943e+01ğ›€ E:3.6099e+00V/cm J:8.0050e-02A/cm2 ğ›’:4.5096e+01ğ›€ cm
2023-04-13 17:12:37,323 INFO Measurement at current 0.0018467336683417087
2023-04-13 17:12:37,920 INFO T:124.65Â°K V:1.1809e-01V I:1.8467e-03A R:6.3945e+01ğ›€ E:3.6447e+00V/cm J:8.0820e-02A/cm2 ğ›’:4.5097e+01ğ›€ cm
2023-04-13 17:12:37,935 INFO Measurement at current 0.0018643216080402013
2023-04-13 17:12:38,526 INFO T:124.64Â°K V:1.1933e-01V I:1.8643e-03A R:6.4009e+01ğ›€ E:3.6831e+00V/cm J:8.1590e-02A/cm2 ğ›’:4.5142e+01ğ›€ cm
2023-04-13 17:12:38,552 INFO Measurement at current 0.0018819095477386936
2023-04-13 17:12:39,880 INFO T:124.63Â°K V:1.2057e-01V I:1.8819e-03A R:6.4067e+01ğ›€ E:3.7213e+00V/cm J:8.2359e-02A/cm2 ğ›’:4.5183e+01ğ›€ cm
2023-04-13 17:12:39,923 INFO Measurement at current 0.001899497487437186
2023-04-13 17:12:40,528 INFO T:124.63Â°K V:1.2173e-01V I:1.8995e-03A R:6.4087e+01ğ›€ E:3.7572e+00V/cm J:8.3129e-02A/cm2 ğ›’:4.5197e+01ğ›€ cm
2023-04-13 17:12:40,544 INFO Measurement at current 0.0019170854271356786
2023-04-13 17:12:41,130 INFO T:124.62Â°K V:1.2291e-01V I:1.9171e-03A R:6.4113e+01ğ›€ E:3.7935e+00V/cm J:8.3899e-02A/cm2 ğ›’:4.5216e+01ğ›€ cm
2023-04-13 17:12:41,151 INFO Measurement at current 0.001934673366834171
2023-04-13 17:12:41,734 INFO T:124.62Â°K V:1.2406e-01V I:1.9347e-03A R:6.4126e+01ğ›€ E:3.8291e+00V/cm J:8.4668e-02A/cm2 ğ›’:4.5224e+01ğ›€ cm
2023-04-13 17:12:41,749 INFO Measurement at current 0.0019522613065326635
2023-04-13 17:12:42,331 INFO T:124.61Â°K V:1.2525e-01V I:1.9523e-03A R:6.4156e+01ğ›€ E:3.8657e+00V/cm J:8.5438e-02A/cm2 ğ›’:4.5246e+01ğ›€ cm
2023-04-13 17:12:42,348 INFO Measurement at current 0.0019698492462311558
2023-04-13 17:12:42,934 INFO T:124.61Â°K V:1.2638e-01V I:1.9698e-03A R:6.4158e+01ğ›€ E:3.9007e+00V/cm J:8.6208e-02A/cm2 ğ›’:4.5247e+01ğ›€ cm
2023-04-13 17:12:42,951 INFO Measurement at current 0.0019874371859296483
2023-04-13 17:12:43,537 INFO T:124.60Â°K V:1.2756e-01V I:1.9874e-03A R:6.4184e+01ğ›€ E:3.9371e+00V/cm J:8.6978e-02A/cm2 ğ›’:4.5266e+01ğ›€ cm
2023-04-13 17:12:43,553 INFO Measurement at current 0.002005025125628141
2023-04-13 17:12:44,138 INFO T:124.60Â°K V:1.2875e-01V I:2.0050e-03A R:6.4213e+01ğ›€ E:3.9737e+00V/cm J:8.7747e-02A/cm2 ğ›’:4.5286e+01ğ›€ cm
2023-04-13 17:12:44,155 INFO Measurement at current 0.0020226130653266334
2023-04-13 17:12:44,744 INFO T:124.59Â°K V:1.2986e-01V I:2.0226e-03A R:6.4205e+01ğ›€ E:4.0081e+00V/cm J:8.8517e-02A/cm2 ğ›’:4.5281e+01ğ›€ cm
2023-04-13 17:12:44,759 INFO Measurement at current 0.002040201005025126
2023-04-13 17:12:45,344 INFO T:124.59Â°K V:1.3098e-01V I:2.0402e-03A R:6.4198e+01ğ›€ E:4.0425e+00V/cm J:8.9287e-02A/cm2 ğ›’:4.5276e+01ğ›€ cm
2023-04-13 17:12:45,359 INFO Measurement at current 0.0020577889447236184
2023-04-13 17:12:45,941 INFO T:124.58Â°K V:1.3216e-01V I:2.0578e-03A R:6.4224e+01ğ›€ E:4.0790e+00V/cm J:9.0056e-02A/cm2 ğ›’:4.5294e+01ğ›€ cm
2023-04-13 17:12:45,963 INFO Measurement at current 0.0020753768844221105
2023-04-13 17:12:46,553 INFO T:124.58Â°K V:1.3336e-01V I:2.0754e-03A R:6.4257e+01ğ›€ E:4.1159e+00V/cm J:9.0826e-02A/cm2 ğ›’:4.5317e+01ğ›€ cm
2023-04-13 17:12:46,576 INFO Measurement at current 0.002092964824120603
2023-04-13 17:12:47,170 INFO T:124.57Â°K V:1.3449e-01V I:2.0930e-03A R:6.4257e+01ğ›€ E:4.1509e+00V/cm J:9.1596e-02A/cm2 ğ›’:4.5317e+01ğ›€ cm
2023-04-13 17:12:47,196 INFO Measurement at current 0.0021105527638190956
2023-04-13 17:12:47,795 INFO T:124.57Â°K V:1.3563e-01V I:2.1106e-03A R:6.4263e+01ğ›€ E:4.1861e+00V/cm J:9.2366e-02A/cm2 ğ›’:4.5321e+01ğ›€ cm
2023-04-13 17:12:47,833 INFO Measurement at current 0.002128140703517588
2023-04-13 17:12:48,429 INFO T:124.56Â°K V:1.3676e-01V I:2.1281e-03A R:6.4262e+01ğ›€ E:4.2209e+00V/cm J:9.3135e-02A/cm2 ğ›’:4.5320e+01ğ›€ cm
2023-04-13 17:12:48,447 INFO Measurement at current 0.0021457286432160806
2023-04-13 17:12:49,038 INFO T:124.56Â°K V:1.3791e-01V I:2.1457e-03A R:6.4270e+01ğ›€ E:4.2563e+00V/cm J:9.3905e-02A/cm2 ğ›’:4.5326e+01ğ›€ cm
2023-04-13 17:12:49,057 INFO Measurement at current 0.002163316582914573
2023-04-13 17:12:49,650 INFO T:124.56Â°K V:1.3907e-01V I:2.1633e-03A R:6.4285e+01ğ›€ E:4.2923e+00V/cm J:9.4675e-02A/cm2 ğ›’:4.5337e+01ğ›€ cm
2023-04-13 17:12:49,676 INFO Measurement at current 0.0021809045226130657
2023-04-13 17:12:50,275 INFO T:124.55Â°K V:1.4023e-01V I:2.1809e-03A R:6.4298e+01ğ›€ E:4.3280e+00V/cm J:9.5444e-02A/cm2 ğ›’:4.5346e+01ğ›€ cm
2023-04-13 17:12:50,305 INFO Measurement at current 0.0021984924623115578
2023-04-13 17:12:50,892 INFO T:124.55Â°K V:1.4146e-01V I:2.1985e-03A R:6.4344e+01ğ›€ E:4.3660e+00V/cm J:9.6214e-02A/cm2 ğ›’:4.5378e+01ğ›€ cm
2023-04-13 17:12:50,906 INFO Measurement at current 0.0022160804020100503
2023-04-13 17:12:51,498 INFO T:124.54Â°K V:1.4265e-01V I:2.2161e-03A R:6.4369e+01ğ›€ E:4.4027e+00V/cm J:9.6984e-02A/cm2 ğ›’:4.5396e+01ğ›€ cm
2023-04-13 17:12:51,513 INFO Measurement at current 0.002233668341708543
2023-04-13 17:12:52,101 INFO T:124.54Â°K V:1.4379e-01V I:2.2337e-03A R:6.4373e+01ğ›€ E:4.4379e+00V/cm J:9.7754e-02A/cm2 ğ›’:4.5399e+01ğ›€ cm
2023-04-13 17:12:52,141 INFO Measurement at current 0.0022512562814070354
2023-04-13 17:12:52,765 INFO T:124.53Â°K V:1.4503e-01V I:2.2513e-03A R:6.4422e+01ğ›€ E:4.4763e+00V/cm J:9.8523e-02A/cm2 ğ›’:4.5434e+01ğ›€ cm
2023-04-13 17:12:52,782 INFO Measurement at current 0.002268844221105528
2023-04-13 17:12:53,366 INFO T:124.53Â°K V:1.4621e-01V I:2.2688e-03A R:6.4444e+01ğ›€ E:4.5128e+00V/cm J:9.9293e-02A/cm2 ğ›’:4.5449e+01ğ›€ cm
2023-04-13 17:12:53,384 INFO Measurement at current 0.0022864321608040204
2023-04-13 17:12:53,971 INFO T:124.52Â°K V:1.4739e-01V I:2.2864e-03A R:6.4464e+01ğ›€ E:4.5492e+00V/cm J:1.0006e-01A/cm2 ğ›’:4.5463e+01ğ›€ cm
2023-04-13 17:12:53,991 INFO Measurement at current 0.002304020100502513
2023-04-13 17:12:54,595 INFO T:124.52Â°K V:1.4854e-01V I:2.3040e-03A R:6.4470e+01ğ›€ E:4.5846e+00V/cm J:1.0083e-01A/cm2 ğ›’:4.5468e+01ğ›€ cm
2023-04-13 17:12:54,631 INFO Measurement at current 0.002321608040201005
2023-04-13 17:12:55,225 INFO T:124.51Â°K V:1.4968e-01V I:2.3216e-03A R:6.4473e+01ğ›€ E:4.6198e+00V/cm J:1.0160e-01A/cm2 ğ›’:4.5469e+01ğ›€ cm
2023-04-13 17:12:55,262 INFO Measurement at current 0.0023391959798994976
2023-04-13 17:12:55,849 INFO T:124.51Â°K V:1.5080e-01V I:2.3392e-03A R:6.4468e+01ğ›€ E:4.6544e+00V/cm J:1.0237e-01A/cm2 ğ›’:4.5466e+01ğ›€ cm
2023-04-13 17:12:55,871 INFO Measurement at current 0.00235678391959799
2023-04-13 17:12:56,462 INFO T:124.50Â°K V:1.5203e-01V I:2.3568e-03A R:6.4508e+01ğ›€ E:4.6923e+00V/cm J:1.0314e-01A/cm2 ğ›’:4.5494e+01ğ›€ cm
2023-04-13 17:12:56,484 INFO Measurement at current 0.0023743718592964826
2023-04-13 17:12:57,087 INFO T:124.50Â°K V:1.5321e-01V I:2.3744e-03A R:6.4525e+01ğ›€ E:4.7286e+00V/cm J:1.0391e-01A/cm2 ğ›’:4.5506e+01ğ›€ cm
2023-04-13 17:12:57,105 INFO Measurement at current 0.002391959798994975
2023-04-13 17:12:57,695 INFO T:124.49Â°K V:1.5437e-01V I:2.3920e-03A R:6.4538e+01ğ›€ E:4.7646e+00V/cm J:1.0468e-01A/cm2 ğ›’:4.5515e+01ğ›€ cm
2023-04-13 17:12:57,715 INFO Measurement at current 0.0024095477386934677
2023-04-13 17:12:58,303 INFO T:124.49Â°K V:1.5557e-01V I:2.4095e-03A R:6.4566e+01ğ›€ E:4.8017e+00V/cm J:1.0545e-01A/cm2 ğ›’:4.5535e+01ğ›€ cm
2023-04-13 17:12:58,324 INFO Measurement at current 0.00242713567839196
2023-04-13 17:12:58,919 INFO T:124.48Â°K V:1.5669e-01V I:2.4271e-03A R:6.4559e+01ğ›€ E:4.8362e+00V/cm J:1.0622e-01A/cm2 ğ›’:4.5530e+01ğ›€ cm
2023-04-13 17:12:58,944 INFO Measurement at current 0.0024447236180904523
2023-04-13 17:12:59,537 INFO T:124.48Â°K V:1.5784e-01V I:2.4447e-03A R:6.4564e+01ğ›€ E:4.8717e+00V/cm J:1.0699e-01A/cm2 ğ›’:4.5534e+01ğ›€ cm
2023-04-13 17:12:59,567 INFO Measurement at current 0.002462311557788945
2023-04-13 17:13:00,162 INFO T:124.47Â°K V:1.5901e-01V I:2.4623e-03A R:6.4579e+01ğ›€ E:4.9078e+00V/cm J:1.0776e-01A/cm2 ğ›’:4.5544e+01ğ›€ cm
2023-04-13 17:13:00,180 INFO Measurement at current 0.0024798994974874373
2023-04-13 17:13:00,778 INFO T:124.47Â°K V:1.6018e-01V I:2.4799e-03A R:6.4590e+01ğ›€ E:4.9438e+00V/cm J:1.0853e-01A/cm2 ğ›’:4.5552e+01ğ›€ cm
2023-04-13 17:13:00,805 INFO Measurement at current 0.00249748743718593
2023-04-13 17:13:01,389 INFO T:124.46Â°K V:1.6135e-01V I:2.4975e-03A R:6.4605e+01ğ›€ E:4.9800e+00V/cm J:1.0930e-01A/cm2 ğ›’:4.5563e+01ğ›€ cm
2023-04-13 17:13:01,422 INFO Measurement at current 0.0025150753768844224
2023-04-13 17:13:02,022 INFO T:124.46Â°K V:1.6255e-01V I:2.5151e-03A R:6.4632e+01ğ›€ E:5.0171e+00V/cm J:1.1007e-01A/cm2 ğ›’:4.5581e+01ğ›€ cm
2023-04-13 17:13:02,077 INFO Measurement at current 0.002532663316582915
2023-04-13 17:13:02,663 INFO T:124.45Â°K V:1.6379e-01V I:2.5327e-03A R:6.4671e+01ğ›€ E:5.0552e+00V/cm J:1.1084e-01A/cm2 ğ›’:4.5609e+01ğ›€ cm
2023-04-13 17:13:02,680 INFO Measurement at current 0.002550251256281407
2023-04-13 17:13:03,265 INFO T:124.45Â°K V:1.6500e-01V I:2.5503e-03A R:6.4699e+01ğ›€ E:5.0925e+00V/cm J:1.1161e-01A/cm2 ğ›’:4.5629e+01ğ›€ cm
2023-04-13 17:13:03,307 INFO Measurement at current 0.0025678391959798996
2023-04-13 17:13:03,892 INFO T:124.45Â°K V:1.6619e-01V I:2.5678e-03A R:6.4720e+01ğ›€ E:5.1293e+00V/cm J:1.1238e-01A/cm2 ğ›’:4.5643e+01ğ›€ cm
2023-04-13 17:13:03,911 INFO Measurement at current 0.002585427135678392
2023-04-13 17:13:04,519 INFO T:124.44Â°K V:1.6728e-01V I:2.5854e-03A R:6.4701e+01ğ›€ E:5.1629e+00V/cm J:1.1315e-01A/cm2 ğ›’:4.5630e+01ğ›€ cm
2023-04-13 17:13:04,540 INFO Measurement at current 0.0026030150753768846
2023-04-13 17:13:05,132 INFO T:124.44Â°K V:1.6840e-01V I:2.6030e-03A R:6.4695e+01ğ›€ E:5.1976e+00V/cm J:1.1392e-01A/cm2 ğ›’:4.5626e+01ğ›€ cm
2023-04-13 17:13:05,160 INFO Measurement at current 0.002620603015075377
2023-04-13 17:13:05,758 INFO T:124.43Â°K V:1.6960e-01V I:2.6206e-03A R:6.4717e+01ğ›€ E:5.2345e+00V/cm J:1.1469e-01A/cm2 ğ›’:4.5642e+01ğ›€ cm
2023-04-13 17:13:05,787 INFO Measurement at current 0.0026381909547738697
2023-04-13 17:13:06,396 INFO T:124.43Â°K V:1.7084e-01V I:2.6382e-03A R:6.4757e+01ğ›€ E:5.2729e+00V/cm J:1.1546e-01A/cm2 ğ›’:4.5670e+01ğ›€ cm
2023-04-13 17:13:06,425 INFO Measurement at current 0.002655778894472362
2023-04-13 17:13:07,015 INFO T:124.42Â°K V:1.7203e-01V I:2.6558e-03A R:6.4776e+01ğ›€ E:5.3096e+00V/cm J:1.1623e-01A/cm2 ğ›’:4.5683e+01ğ›€ cm
2023-04-13 17:13:07,035 INFO Measurement at current 0.0026733668341708543
2023-04-13 17:13:07,630 INFO T:124.42Â°K V:1.7317e-01V I:2.6734e-03A R:6.4778e+01ğ›€ E:5.3449e+00V/cm J:1.1700e-01A/cm2 ğ›’:4.5684e+01ğ›€ cm
2023-04-13 17:13:07,647 INFO Measurement at current 0.002690954773869347
2023-04-13 17:13:08,244 INFO T:124.41Â°K V:1.7438e-01V I:2.6910e-03A R:6.4802e+01ğ›€ E:5.3821e+00V/cm J:1.1777e-01A/cm2 ğ›’:4.5701e+01ğ›€ cm
2023-04-13 17:13:08,267 INFO Measurement at current 0.0027085427135678393
2023-04-13 17:13:08,871 INFO T:124.41Â°K V:1.7559e-01V I:2.7085e-03A R:6.4828e+01ğ›€ E:5.4195e+00V/cm J:1.1854e-01A/cm2 ğ›’:4.5720e+01ğ›€ cm
2023-04-13 17:13:08,887 INFO Measurement at current 0.002726130653266332
2023-04-13 17:13:09,480 INFO T:124.40Â°K V:1.7676e-01V I:2.7261e-03A R:6.4840e+01ğ›€ E:5.4556e+00V/cm J:1.1931e-01A/cm2 ğ›’:4.5728e+01ğ›€ cm
2023-04-13 17:13:09,500 INFO Measurement at current 0.0027437185929648244
2023-04-13 17:13:10,088 INFO T:124.40Â°K V:1.7795e-01V I:2.7437e-03A R:6.4857e+01ğ›€ E:5.4923e+00V/cm J:1.2008e-01A/cm2 ğ›’:4.5741e+01ğ›€ cm
2023-04-13 17:13:10,108 INFO Measurement at current 0.002761306532663317
2023-04-13 17:13:10,700 INFO T:124.39Â°K V:1.7919e-01V I:2.7613e-03A R:6.4892e+01ğ›€ E:5.5305e+00V/cm J:1.2084e-01A/cm2 ğ›’:4.5765e+01ğ›€ cm
2023-04-13 17:13:10,721 INFO Measurement at current 0.0027788944723618095
2023-04-13 17:13:11,321 INFO T:124.39Â°K V:1.8037e-01V I:2.7789e-03A R:6.4908e+01ğ›€ E:5.5670e+00V/cm J:1.2161e-01A/cm2 ğ›’:4.5776e+01ğ›€ cm
2023-04-13 17:13:11,349 INFO Measurement at current 0.0027964824120603016
2023-04-13 17:13:11,940 INFO T:124.38Â°K V:1.8155e-01V I:2.7965e-03A R:6.4921e+01ğ›€ E:5.6034e+00V/cm J:1.2238e-01A/cm2 ğ›’:4.5785e+01ğ›€ cm
2023-04-13 17:13:11,963 INFO Measurement at current 0.002814070351758794
2023-04-13 17:13:12,563 INFO T:124.38Â°K V:1.8272e-01V I:2.8141e-03A R:6.4930e+01ğ›€ E:5.6394e+00V/cm J:1.2315e-01A/cm2 ğ›’:4.5792e+01ğ›€ cm
2023-04-13 17:13:12,580 INFO Measurement at current 0.0028316582914572866
2023-04-13 17:13:13,193 INFO T:124.37Â°K V:1.8385e-01V I:2.8317e-03A R:6.4928e+01ğ›€ E:5.6745e+00V/cm J:1.2392e-01A/cm2 ğ›’:4.5790e+01ğ›€ cm
2023-04-13 17:13:13,215 INFO Measurement at current 0.002849246231155779
2023-04-13 17:13:13,819 INFO T:124.37Â°K V:1.8505e-01V I:2.8492e-03A R:6.4947e+01ğ›€ E:5.7115e+00V/cm J:1.2469e-01A/cm2 ğ›’:4.5804e+01ğ›€ cm
2023-04-13 17:13:13,839 INFO Measurement at current 0.0028668341708542717
2023-04-13 17:13:14,431 INFO T:124.36Â°K V:1.8631e-01V I:2.8668e-03A R:6.4989e+01ğ›€ E:5.7504e+00V/cm J:1.2546e-01A/cm2 ğ›’:4.5833e+01ğ›€ cm
2023-04-13 17:13:14,452 INFO Measurement at current 0.002884422110552764
2023-04-13 17:13:15,043 INFO T:124.36Â°K V:1.8758e-01V I:2.8844e-03A R:6.5032e+01ğ›€ E:5.7895e+00V/cm J:1.2623e-01A/cm2 ğ›’:4.5863e+01ğ›€ cm
2023-04-13 17:13:15,062 INFO Measurement at current 0.0029020100502512567
2023-04-13 17:13:15,652 INFO T:124.36Â°K V:1.8879e-01V I:2.9020e-03A R:6.5054e+01ğ›€ E:5.8267e+00V/cm J:1.2700e-01A/cm2 ğ›’:4.5879e+01ğ›€ cm
2023-04-13 17:13:15,673 INFO Measurement at current 0.002919597989949749
2023-04-13 17:13:16,276 INFO T:124.35Â°K V:1.8990e-01V I:2.9196e-03A R:6.5042e+01ğ›€ E:5.8610e+00V/cm J:1.2777e-01A/cm2 ğ›’:4.5871e+01ğ›€ cm
2023-04-13 17:13:16,295 INFO Measurement at current 0.0029371859296482413
2023-04-13 17:13:16,904 INFO T:124.35Â°K V:1.9103e-01V I:2.9372e-03A R:6.5040e+01ğ›€ E:5.8961e+00V/cm J:1.2854e-01A/cm2 ğ›’:4.5869e+01ğ›€ cm
2023-04-13 17:13:16,928 INFO Measurement at current 0.002954773869346734
2023-04-13 17:13:17,518 INFO T:124.34Â°K V:1.9230e-01V I:2.9548e-03A R:6.5082e+01ğ›€ E:5.9353e+00V/cm J:1.2931e-01A/cm2 ğ›’:4.5899e+01ğ›€ cm
2023-04-13 17:13:17,558 INFO Measurement at current 0.0029723618090452264
2023-04-13 17:13:18,165 INFO T:124.34Â°K V:1.9349e-01V I:2.9724e-03A R:6.5096e+01ğ›€ E:5.9719e+00V/cm J:1.3008e-01A/cm2 ğ›’:4.5909e+01ğ›€ cm
2023-04-13 17:13:18,188 INFO Measurement at current 0.002989949748743719
2023-04-13 17:13:18,779 INFO T:124.33Â°K V:1.9459e-01V I:2.9899e-03A R:6.5081e+01ğ›€ E:6.0058e+00V/cm J:1.3085e-01A/cm2 ğ›’:4.5898e+01ğ›€ cm
2023-04-13 17:13:18,794 INFO Measurement at current 0.0030075376884422115
2023-04-13 17:13:19,394 INFO T:124.33Â°K V:1.9579e-01V I:3.0075e-03A R:6.5100e+01ğ›€ E:6.0429e+00V/cm J:1.3162e-01A/cm2 ğ›’:4.5911e+01ğ›€ cm
2023-04-13 17:13:19,409 INFO Measurement at current 0.0030251256281407036
2023-04-13 17:13:19,996 INFO T:124.32Â°K V:1.9700e-01V I:3.0251e-03A R:6.5121e+01ğ›€ E:6.0803e+00V/cm J:1.3239e-01A/cm2 ğ›’:4.5927e+01ğ›€ cm
2023-04-13 17:13:20,012 INFO Measurement at current 0.003042713567839196
2023-04-13 17:13:20,603 INFO T:124.32Â°K V:1.9821e-01V I:3.0427e-03A R:6.5144e+01ğ›€ E:6.1177e+00V/cm J:1.3316e-01A/cm2 ğ›’:4.5942e+01ğ›€ cm
2023-04-13 17:13:20,628 INFO Measurement at current 0.0030603015075376886
2023-04-13 17:13:21,215 INFO T:124.31Â°K V:1.9935e-01V I:3.0603e-03A R:6.5139e+01ğ›€ E:6.1526e+00V/cm J:1.3393e-01A/cm2 ğ›’:4.5939e+01ğ›€ cm
2023-04-13 17:13:21,231 INFO Measurement at current 0.003077889447236181
2023-04-13 17:13:21,815 INFO T:124.31Â°K V:2.0048e-01V I:3.0779e-03A R:6.5135e+01ğ›€ E:6.1876e+00V/cm J:1.3470e-01A/cm2 ğ›’:4.5936e+01ğ›€ cm
2023-04-13 17:13:21,829 INFO Measurement at current 0.0030954773869346737
2023-04-13 17:13:22,410 INFO T:124.30Â°K V:2.0170e-01V I:3.0955e-03A R:6.5161e+01ğ›€ E:6.2254e+00V/cm J:1.3547e-01A/cm2 ğ›’:4.5954e+01ğ›€ cm
2023-04-13 17:13:22,426 INFO Measurement at current 0.003113065326633166
2023-04-13 17:13:23,015 INFO T:124.30Â°K V:2.0285e-01V I:3.1131e-03A R:6.5161e+01ğ›€ E:6.2608e+00V/cm J:1.3624e-01A/cm2 ğ›’:4.5955e+01ğ›€ cm
2023-04-13 17:13:23,032 INFO Measurement at current 0.0031306532663316587
2023-04-13 17:13:23,626 INFO T:124.29Â°K V:2.0399e-01V I:3.1307e-03A R:6.5158e+01ğ›€ E:6.2959e+00V/cm J:1.3701e-01A/cm2 ğ›’:4.5953e+01ğ›€ cm
2023-04-13 17:13:23,643 INFO Measurement at current 0.003148241206030151
2023-04-13 17:13:24,243 INFO T:124.29Â°K V:2.0515e-01V I:3.1482e-03A R:6.5163e+01ğ›€ E:6.3317e+00V/cm J:1.3778e-01A/cm2 ğ›’:4.5956e+01ğ›€ cm
2023-04-13 17:13:24,264 INFO Measurement at current 0.0031658291457286433
2023-04-13 17:13:24,871 INFO T:124.29Â°K V:2.0635e-01V I:3.1658e-03A R:6.5179e+01ğ›€ E:6.3687e+00V/cm J:1.3855e-01A/cm2 ğ›’:4.5968e+01ğ›€ cm
2023-04-13 17:13:24,887 INFO Measurement at current 0.003183417085427136
2023-04-13 17:13:25,471 INFO T:124.28Â°K V:2.0756e-01V I:3.1834e-03A R:6.5199e+01ğ›€ E:6.4060e+00V/cm J:1.3932e-01A/cm2 ğ›’:4.5981e+01ğ›€ cm
2023-04-13 17:13:25,486 INFO Measurement at current 0.0032010050251256284
2023-04-13 17:13:26,071 INFO T:124.28Â°K V:2.0872e-01V I:3.2010e-03A R:6.5205e+01ğ›€ E:6.4420e+00V/cm J:1.4009e-01A/cm2 ğ›’:4.5985e+01ğ›€ cm
2023-04-13 17:13:26,106 INFO Measurement at current 0.003218592964824121
2023-04-13 17:13:26,696 INFO T:124.27Â°K V:2.0987e-01V I:3.2186e-03A R:6.5205e+01ğ›€ E:6.4774e+00V/cm J:1.4086e-01A/cm2 ğ›’:4.5986e+01ğ›€ cm
2023-04-13 17:13:26,711 INFO Measurement at current 0.0032361809045226135
2023-04-13 17:13:27,296 INFO T:124.27Â°K V:2.1109e-01V I:3.2362e-03A R:6.5227e+01ğ›€ E:6.5150e+00V/cm J:1.4163e-01A/cm2 ğ›’:4.6001e+01ğ›€ cm
2023-04-13 17:13:27,322 INFO Measurement at current 0.003253768844221106
2023-04-13 17:13:27,918 INFO T:124.26Â°K V:2.1235e-01V I:3.2538e-03A R:6.5262e+01ğ›€ E:6.5540e+00V/cm J:1.4240e-01A/cm2 ğ›’:4.6026e+01ğ›€ cm
2023-04-13 17:13:27,947 INFO Measurement at current 0.003271356783919598
2023-04-13 17:13:28,539 INFO T:124.26Â°K V:2.1359e-01V I:3.2714e-03A R:6.5291e+01ğ›€ E:6.5923e+00V/cm J:1.4317e-01A/cm2 ğ›’:4.6046e+01ğ›€ cm
2023-04-13 17:13:28,555 INFO Measurement at current 0.0032889447236180906
2023-04-13 17:13:29,137 INFO T:124.25Â°K V:2.1481e-01V I:3.2889e-03A R:6.5314e+01ğ›€ E:6.6301e+00V/cm J:1.4394e-01A/cm2 ğ›’:4.6063e+01ğ›€ cm
2023-04-13 17:13:29,164 INFO Measurement at current 0.003306532663316583
2023-04-13 17:13:29,769 INFO T:124.25Â°K V:2.1605e-01V I:3.3065e-03A R:6.5339e+01ğ›€ E:6.6681e+00V/cm J:1.4471e-01A/cm2 ğ›’:4.6080e+01ğ›€ cm
2023-04-13 17:13:29,787 INFO Measurement at current 0.0033241206030150757
2023-04-13 17:13:30,381 INFO T:124.24Â°K V:2.1720e-01V I:3.3241e-03A R:6.5342e+01ğ›€ E:6.7038e+00V/cm J:1.4548e-01A/cm2 ğ›’:4.6082e+01ğ›€ cm
2023-04-13 17:13:30,397 INFO Measurement at current 0.003341708542713568
2023-04-13 17:13:30,984 INFO T:124.24Â°K V:2.1845e-01V I:3.3417e-03A R:6.5370e+01ğ›€ E:6.7422e+00V/cm J:1.4625e-01A/cm2 ğ›’:4.6102e+01ğ›€ cm
2023-04-13 17:13:31,003 INFO Measurement at current 0.0033592964824120607
2023-04-13 17:13:31,597 INFO T:124.24Â°K V:2.1967e-01V I:3.3593e-03A R:6.5392e+01ğ›€ E:6.7800e+00V/cm J:1.4702e-01A/cm2 ğ›’:4.6117e+01ğ›€ cm
2023-04-13 17:13:31,614 INFO Measurement at current 0.0033768844221105532
2023-04-13 17:13:32,204 INFO T:124.23Â°K V:2.2088e-01V I:3.3769e-03A R:6.5408e+01ğ›€ E:6.8171e+00V/cm J:1.4778e-01A/cm2 ğ›’:4.6129e+01ğ›€ cm
2023-04-13 17:13:32,229 INFO Measurement at current 0.0033944723618090453
2023-04-13 17:13:32,828 INFO T:124.23Â°K V:2.2202e-01V I:3.3945e-03A R:6.5407e+01ğ›€ E:6.8526e+00V/cm J:1.4855e-01A/cm2 ğ›’:4.6128e+01ğ›€ cm
2023-04-13 17:13:32,856 INFO Measurement at current 0.003412060301507538
2023-04-13 17:13:33,471 INFO T:124.22Â°K V:2.2322e-01V I:3.4121e-03A R:6.5421e+01ğ›€ E:6.8896e+00V/cm J:1.4932e-01A/cm2 ğ›’:4.6138e+01ğ›€ cm
2023-04-13 17:13:33,486 INFO Measurement at current 0.0034296482412060304
2023-04-13 17:13:34,069 INFO T:124.22Â°K V:2.2436e-01V I:3.4296e-03A R:6.5417e+01ğ›€ E:6.9247e+00V/cm J:1.5009e-01A/cm2 ğ›’:4.6135e+01ğ›€ cm
2023-04-13 17:13:34,084 INFO Measurement at current 0.003447236180904523
2023-04-13 17:13:34,670 INFO T:124.21Â°K V:2.2552e-01V I:3.4472e-03A R:6.5421e+01ğ›€ E:6.9605e+00V/cm J:1.5086e-01A/cm2 ğ›’:4.6138e+01ğ›€ cm
2023-04-13 17:13:34,694 INFO Measurement at current 0.0034648241206030155
2023-04-13 17:13:35,301 INFO T:124.21Â°K V:2.2678e-01V I:3.4648e-03A R:6.5453e+01ğ›€ E:6.9995e+00V/cm J:1.5163e-01A/cm2 ğ›’:4.6161e+01ğ›€ cm
2023-04-13 17:13:35,320 INFO Measurement at current 0.003482412060301508
2023-04-13 17:13:35,909 INFO T:124.20Â°K V:2.2809e-01V I:3.4824e-03A R:6.5497e+01ğ›€ E:7.0397e+00V/cm J:1.5240e-01A/cm2 ğ›’:4.6192e+01ğ›€ cm
2023-04-13 17:13:35,946 INFO Measurement at current 0.0035
2023-04-13 17:13:36,554 INFO T:124.20Â°K V:2.2922e-01V I:3.5000e-03A R:6.5493e+01ğ›€ E:7.0748e+00V/cm J:1.5317e-01A/cm2 ğ›’:4.6189e+01ğ›€ cm
2023-04-13 17:13:44,228 INFO Save the description file
2023-04-13 17:13:44,241 INFO Save data in numpy format Esperimenti/CPRO_MUSA_130423_I_V/CPRO_MUSA_130423_I_V_current_from_0_to_35e-4A/CPRO_MUSA_130423_I_V_current_from_0_to_35e-4A-20230413171342
2023-04-13 17:13:44,261 INFO Save data in CSV format Esperimenti/CPRO_MUSA_130423_I_V/CPRO_MUSA_130423_I_V_current_from_0_to_35e-4A/CPRO_MUSA_130423_I_V_current_from_0_to_35e-4A-20230413171342.csv
2023-04-13 17:13:44,298 INFO Save plot as image Esperimenti/CPRO_MUSA_130423_I_V/CPRO_MUSA_130423_I_V_current_from_0_to_35e-4A/CPRO_MUSA_130423_I_V_current_from_0_to_35e-4A-20230413171342.png
