2023-05-03 13:58:34,075 INFO ### Start experiment: CPRO_MUSA_030523_I_V current from 0 to 20e-4A ###
2023-05-03 13:58:35,423 INFO Found Multimeter KEITHLEY INSTRUMENTS INC.,MODEL 2700,0884890,B03  /A02  

2023-05-03 13:58:36,453 INFO Found Nanovolt Meter KEITHLEY INSTRUMENTS INC.,MODEL 2182A,4056474,C03  /A02  

2023-05-03 13:58:36,574 INFO Found Source Meter KEITHLEY INSTRUMENTS INC.,MODEL 2400,0945684,C24   Feb 14 2002 11:59:45/A02  /K/H

2023-05-03 13:58:36,715 INFO Start the measurement loop
2023-05-03 13:59:03,405 INFO Measurement at current 0.0
2023-05-03 13:59:04,333 INFO T:167.50Â°K V:-8.0645e-06V I:0.0000e+00A R:-infğ›€ E:-2.4890e-04V/cm J:0.0000e+00A/cm2 ğ›’:-infğ›€ cm
2023-05-03 13:59:04,360 INFO Measurement at current 1.0050251256281408e-05
2023-05-03 13:59:04,954 INFO T:167.49Â°K V:3.5625e-03V I:1.0050e-05A R:3.5446e+02ğ›€ E:1.0995e-01V/cm J:4.3984e-04A/cm2 ğ›’:2.4998e+02ğ›€ cm
2023-05-03 13:59:04,988 INFO Measurement at current 2.0100502512562815e-05
2023-05-03 13:59:05,586 INFO T:167.48Â°K V:7.1369e-03V I:2.0101e-05A R:3.5506e+02ğ›€ E:2.2027e-01V/cm J:8.7967e-04A/cm2 ğ›’:2.5041e+02ğ›€ cm
2023-05-03 13:59:05,610 INFO Measurement at current 3.0150753768844224e-05
2023-05-03 13:59:06,212 INFO T:167.47Â°K V:1.0711e-02V I:3.0151e-05A R:3.5525e+02ğ›€ E:3.3059e-01V/cm J:1.3195e-03A/cm2 ğ›’:2.5054e+02ğ›€ cm
2023-05-03 13:59:06,235 INFO Measurement at current 4.020100502512563e-05
2023-05-03 13:59:07,469 INFO T:167.46Â°K V:1.4269e-02V I:4.0201e-05A R:3.5495e+02ğ›€ E:4.4041e-01V/cm J:1.7593e-03A/cm2 ğ›’:2.5032e+02ğ›€ cm
2023-05-03 13:59:07,489 INFO Measurement at current 5.0251256281407036e-05
2023-05-03 13:59:08,081 INFO T:167.45Â°K V:1.7830e-02V I:5.0251e-05A R:3.5481e+02ğ›€ E:5.5030e-01V/cm J:2.1992e-03A/cm2 ğ›’:2.5023e+02ğ›€ cm
2023-05-03 13:59:08,098 INFO Measurement at current 6.030150753768845e-05
2023-05-03 13:59:08,694 INFO T:167.44Â°K V:2.1419e-02V I:6.0302e-05A R:3.5520e+02ğ›€ E:6.6108e-01V/cm J:2.6390e-03A/cm2 ğ›’:2.5050e+02ğ›€ cm
2023-05-03 13:59:08,718 INFO Measurement at current 7.035175879396985e-05
2023-05-03 13:59:09,317 INFO T:167.44Â°K V:2.5001e-02V I:7.0352e-05A R:3.5538e+02ğ›€ E:7.7165e-01V/cm J:3.0789e-03A/cm2 ğ›’:2.5063e+02ğ›€ cm
2023-05-03 13:59:09,340 INFO Measurement at current 8.040201005025126e-05
2023-05-03 13:59:09,932 INFO T:167.43Â°K V:2.8578e-02V I:8.0402e-05A R:3.5544e+02ğ›€ E:8.8204e-01V/cm J:3.5187e-03A/cm2 ğ›’:2.5067e+02ğ›€ cm
2023-05-03 13:59:09,963 INFO Measurement at current 9.045226130653267e-05
2023-05-03 13:59:10,558 INFO T:167.42Â°K V:3.2106e-02V I:9.0452e-05A R:3.5495e+02ğ›€ E:9.9092e-01V/cm J:3.9585e-03A/cm2 ğ›’:2.5033e+02ğ›€ cm
2023-05-03 13:59:10,577 INFO Measurement at current 0.00010050251256281407
2023-05-03 13:59:11,173 INFO T:167.41Â°K V:3.5694e-02V I:1.0050e-04A R:3.5516e+02ğ›€ E:1.1017e+00V/cm J:4.3984e-03A/cm2 ğ›’:2.5047e+02ğ›€ cm
2023-05-03 13:59:11,197 INFO Measurement at current 0.00011055276381909548
2023-05-03 13:59:11,802 INFO T:167.41Â°K V:3.9261e-02V I:1.1055e-04A R:3.5514e+02ğ›€ E:1.2118e+00V/cm J:4.8382e-03A/cm2 ğ›’:2.5046e+02ğ›€ cm
2023-05-03 13:59:11,826 INFO Measurement at current 0.0001206030150753769
2023-05-03 13:59:12,431 INFO T:167.40Â°K V:4.2808e-02V I:1.2060e-04A R:3.5495e+02ğ›€ E:1.3212e+00V/cm J:5.2780e-03A/cm2 ğ›’:2.5033e+02ğ›€ cm
2023-05-03 13:59:12,453 INFO Measurement at current 0.0001306532663316583
2023-05-03 13:59:13,041 INFO T:167.39Â°K V:4.6343e-02V I:1.3065e-04A R:3.5470e+02ğ›€ E:1.4303e+00V/cm J:5.7179e-03A/cm2 ğ›’:2.5015e+02ğ›€ cm
2023-05-03 13:59:13,067 INFO Measurement at current 0.0001407035175879397
2023-05-03 13:59:13,671 INFO T:167.38Â°K V:4.9883e-02V I:1.4070e-04A R:3.5453e+02ğ›€ E:1.5396e+00V/cm J:6.1577e-03A/cm2 ğ›’:2.5003e+02ğ›€ cm
2023-05-03 13:59:13,693 INFO Measurement at current 0.00015075376884422112
2023-05-03 13:59:14,282 INFO T:167.38Â°K V:5.3439e-02V I:1.5075e-04A R:3.5448e+02ğ›€ E:1.6493e+00V/cm J:6.5975e-03A/cm2 ğ›’:2.4999e+02ğ›€ cm
2023-05-03 13:59:14,299 INFO Measurement at current 0.00016080402010050252
2023-05-03 13:59:14,892 INFO T:167.37Â°K V:5.6993e-02V I:1.6080e-04A R:3.5443e+02ğ›€ E:1.7590e+00V/cm J:7.0374e-03A/cm2 ğ›’:2.4996e+02ğ›€ cm
2023-05-03 13:59:14,916 INFO Measurement at current 0.00017085427135678393
2023-05-03 13:59:15,519 INFO T:167.36Â°K V:6.0519e-02V I:1.7085e-04A R:3.5421e+02ğ›€ E:1.8679e+00V/cm J:7.4772e-03A/cm2 ğ›’:2.4981e+02ğ›€ cm
2023-05-03 13:59:15,544 INFO Measurement at current 0.00018090452261306533
2023-05-03 13:59:16,140 INFO T:167.35Â°K V:6.4046e-02V I:1.8090e-04A R:3.5403e+02ğ›€ E:1.9767e+00V/cm J:7.9170e-03A/cm2 ğ›’:2.4968e+02ğ›€ cm
2023-05-03 13:59:16,155 INFO Measurement at current 0.00019095477386934674
2023-05-03 13:59:16,747 INFO T:167.35Â°K V:6.7585e-02V I:1.9095e-04A R:3.5393e+02ğ›€ E:2.0860e+00V/cm J:8.3569e-03A/cm2 ğ›’:2.4961e+02ğ›€ cm
2023-05-03 13:59:16,763 INFO Measurement at current 0.00020100502512562814
2023-05-03 13:59:17,391 INFO T:167.34Â°K V:7.1134e-02V I:2.0101e-04A R:3.5389e+02ğ›€ E:2.1955e+00V/cm J:8.7967e-03A/cm2 ğ›’:2.4958e+02ğ›€ cm
2023-05-03 13:59:17,418 INFO Measurement at current 0.00021105527638190955
2023-05-03 13:59:18,034 INFO T:167.33Â°K V:7.4622e-02V I:2.1106e-04A R:3.5357e+02ğ›€ E:2.3032e+00V/cm J:9.2366e-03A/cm2 ğ›’:2.4935e+02ğ›€ cm
2023-05-03 13:59:18,054 INFO Measurement at current 0.00022110552763819096
2023-05-03 13:59:18,648 INFO T:167.32Â°K V:7.8189e-02V I:2.2111e-04A R:3.5363e+02ğ›€ E:2.4133e+00V/cm J:9.6764e-03A/cm2 ğ›’:2.4940e+02ğ›€ cm
2023-05-03 13:59:18,665 INFO Measurement at current 0.00023115577889447236
2023-05-03 13:59:19,250 INFO T:167.32Â°K V:8.1734e-02V I:2.3116e-04A R:3.5359e+02ğ›€ E:2.5227e+00V/cm J:1.0116e-02A/cm2 ğ›’:2.4937e+02ğ›€ cm
2023-05-03 13:59:19,266 INFO Measurement at current 0.0002412060301507538
2023-05-03 13:59:19,857 INFO T:167.31Â°K V:8.5320e-02V I:2.4121e-04A R:3.5372e+02ğ›€ E:2.6333e+00V/cm J:1.0556e-02A/cm2 ğ›’:2.4946e+02ğ›€ cm
2023-05-03 13:59:19,874 INFO Measurement at current 0.0002512562814070352
2023-05-03 13:59:20,471 INFO T:167.30Â°K V:8.8867e-02V I:2.5126e-04A R:3.5369e+02ğ›€ E:2.7428e+00V/cm J:1.0996e-02A/cm2 ğ›’:2.4944e+02ğ›€ cm
2023-05-03 13:59:20,493 INFO Measurement at current 0.0002613065326633166
2023-05-03 13:59:21,098 INFO T:167.29Â°K V:9.2340e-02V I:2.6131e-04A R:3.5338e+02ğ›€ E:2.8500e+00V/cm J:1.1436e-02A/cm2 ğ›’:2.4922e+02ğ›€ cm
2023-05-03 13:59:21,132 INFO Measurement at current 0.000271356783919598
2023-05-03 13:59:21,729 INFO T:167.29Â°K V:9.5894e-02V I:2.7136e-04A R:3.5339e+02ğ›€ E:2.9597e+00V/cm J:1.1876e-02A/cm2 ğ›’:2.4922e+02ğ›€ cm
2023-05-03 13:59:21,745 INFO Measurement at current 0.0002814070351758794
2023-05-03 13:59:22,340 INFO T:167.28Â°K V:9.9444e-02V I:2.8141e-04A R:3.5338e+02ğ›€ E:3.0693e+00V/cm J:1.2315e-02A/cm2 ğ›’:2.4922e+02ğ›€ cm
2023-05-03 13:59:22,356 INFO Measurement at current 0.0002914572864321608
2023-05-03 13:59:22,952 INFO T:167.27Â°K V:1.0288e-01V I:2.9146e-04A R:3.5300e+02ğ›€ E:3.1754e+00V/cm J:1.2755e-02A/cm2 ğ›’:2.4895e+02ğ›€ cm
2023-05-03 13:59:22,971 INFO Measurement at current 0.00030150753768844223
2023-05-03 13:59:23,564 INFO T:167.27Â°K V:1.0638e-01V I:3.0151e-04A R:3.5282e+02ğ›€ E:3.2833e+00V/cm J:1.3195e-02A/cm2 ğ›’:2.4882e+02ğ›€ cm
2023-05-03 13:59:23,589 INFO Measurement at current 0.00031155778894472364
2023-05-03 13:59:24,188 INFO T:167.26Â°K V:1.0987e-01V I:3.1156e-04A R:3.5265e+02ğ›€ E:3.3911e+00V/cm J:1.3635e-02A/cm2 ğ›’:2.4871e+02ğ›€ cm
2023-05-03 13:59:24,206 INFO Measurement at current 0.00032160804020100504
2023-05-03 13:59:24,795 INFO T:167.25Â°K V:1.1342e-01V I:3.2161e-04A R:3.5266e+02ğ›€ E:3.5006e+00V/cm J:1.4075e-02A/cm2 ğ›’:2.4871e+02ğ›€ cm
2023-05-03 13:59:24,822 INFO Measurement at current 0.00033165829145728645
2023-05-03 13:59:25,427 INFO T:167.24Â°K V:1.1683e-01V I:3.3166e-04A R:3.5227e+02ğ›€ E:3.6060e+00V/cm J:1.4515e-02A/cm2 ğ›’:2.4844e+02ğ›€ cm
2023-05-03 13:59:25,450 INFO Measurement at current 0.00034170854271356785
2023-05-03 13:59:26,796 INFO T:167.23Â°K V:1.2028e-01V I:3.4171e-04A R:3.5198e+02ğ›€ E:3.7122e+00V/cm J:1.4954e-02A/cm2 ğ›’:2.4824e+02ğ›€ cm
2023-05-03 13:59:26,814 INFO Measurement at current 0.00035175879396984926
2023-05-03 13:59:27,404 INFO T:167.22Â°K V:1.2373e-01V I:3.5176e-04A R:3.5174e+02ğ›€ E:3.8188e+00V/cm J:1.5394e-02A/cm2 ğ›’:2.4807e+02ğ›€ cm
2023-05-03 13:59:27,430 INFO Measurement at current 0.00036180904522613067
2023-05-03 13:59:28,021 INFO T:167.21Â°K V:1.2719e-01V I:3.6181e-04A R:3.5155e+02ğ›€ E:3.9257e+00V/cm J:1.5834e-02A/cm2 ğ›’:2.4793e+02ğ›€ cm
2023-05-03 13:59:28,038 INFO Measurement at current 0.00037185929648241207
2023-05-03 13:59:28,623 INFO T:167.21Â°K V:1.3069e-01V I:3.7186e-04A R:3.5144e+02ğ›€ E:4.0335e+00V/cm J:1.6274e-02A/cm2 ğ›’:2.4785e+02ğ›€ cm
2023-05-03 13:59:28,647 INFO Measurement at current 0.0003819095477386935
2023-05-03 13:59:29,249 INFO T:167.20Â°K V:1.3410e-01V I:3.8191e-04A R:3.5113e+02ğ›€ E:4.1388e+00V/cm J:1.6714e-02A/cm2 ğ›’:2.4763e+02ğ›€ cm
2023-05-03 13:59:29,269 INFO Measurement at current 0.0003919597989949749
2023-05-03 13:59:29,873 INFO T:167.19Â°K V:1.3761e-01V I:3.9196e-04A R:3.5109e+02ğ›€ E:4.2473e+00V/cm J:1.7154e-02A/cm2 ğ›’:2.4760e+02ğ›€ cm
2023-05-03 13:59:29,893 INFO Measurement at current 0.0004020100502512563
2023-05-03 13:59:30,488 INFO T:167.18Â°K V:1.4106e-01V I:4.0201e-04A R:3.5089e+02ğ›€ E:4.3538e+00V/cm J:1.7593e-02A/cm2 ğ›’:2.4747e+02ğ›€ cm
2023-05-03 13:59:30,508 INFO Measurement at current 0.0004120603015075377
2023-05-03 13:59:31,097 INFO T:167.18Â°K V:1.4458e-01V I:4.1206e-04A R:3.5087e+02ğ›€ E:4.4623e+00V/cm J:1.8033e-02A/cm2 ğ›’:2.4745e+02ğ›€ cm
2023-05-03 13:59:31,130 INFO Measurement at current 0.0004221105527638191
2023-05-03 13:59:31,724 INFO T:167.17Â°K V:1.4802e-01V I:4.2211e-04A R:3.5067e+02ğ›€ E:4.5685e+00V/cm J:1.8473e-02A/cm2 ğ›’:2.4731e+02ğ›€ cm
2023-05-03 13:59:31,747 INFO Measurement at current 0.0004321608040201005
2023-05-03 13:59:32,347 INFO T:167.16Â°K V:1.5143e-01V I:4.3216e-04A R:3.5041e+02ğ›€ E:4.6738e+00V/cm J:1.8913e-02A/cm2 ğ›’:2.4712e+02ğ›€ cm
2023-05-03 13:59:32,363 INFO Measurement at current 0.0004422110552763819
2023-05-03 13:59:32,954 INFO T:167.15Â°K V:1.5491e-01V I:4.4221e-04A R:3.5030e+02ğ›€ E:4.7811e+00V/cm J:1.9353e-02A/cm2 ğ›’:2.4705e+02ğ›€ cm
2023-05-03 13:59:32,966 INFO Measurement at current 0.0004522613065326633
2023-05-03 13:59:33,554 INFO T:167.15Â°K V:1.5829e-01V I:4.5226e-04A R:3.5001e+02ğ›€ E:4.8856e+00V/cm J:1.9793e-02A/cm2 ğ›’:2.4684e+02ğ›€ cm
2023-05-03 13:59:33,574 INFO Measurement at current 0.0004623115577889447
2023-05-03 13:59:34,162 INFO T:167.14Â°K V:1.6172e-01V I:4.6231e-04A R:3.4981e+02ğ›€ E:4.9914e+00V/cm J:2.0232e-02A/cm2 ğ›’:2.4670e+02ğ›€ cm
2023-05-03 13:59:34,191 INFO Measurement at current 0.00047236180904522613
2023-05-03 13:59:34,778 INFO T:167.13Â°K V:1.6516e-01V I:4.7236e-04A R:3.4965e+02ğ›€ E:5.0975e+00V/cm J:2.0672e-02A/cm2 ğ›’:2.4659e+02ğ›€ cm
2023-05-03 13:59:34,792 INFO Measurement at current 0.0004824120603015076
2023-05-03 13:59:35,385 INFO T:167.12Â°K V:1.6858e-01V I:4.8241e-04A R:3.4945e+02ğ›€ E:5.2031e+00V/cm J:2.1112e-02A/cm2 ğ›’:2.4645e+02ğ›€ cm
2023-05-03 13:59:35,410 INFO Measurement at current 0.0004924623115577889
2023-05-03 13:59:36,009 INFO T:167.12Â°K V:1.7198e-01V I:4.9246e-04A R:3.4922e+02ğ›€ E:5.3079e+00V/cm J:2.1552e-02A/cm2 ğ›’:2.4629e+02ğ›€ cm
2023-05-03 13:59:36,025 INFO Measurement at current 0.0005025125628140704
2023-05-03 13:59:36,615 INFO T:167.11Â°K V:1.7534e-01V I:5.0251e-04A R:3.4892e+02ğ›€ E:5.4116e+00V/cm J:2.1992e-02A/cm2 ğ›’:2.4608e+02ğ›€ cm
2023-05-03 13:59:36,636 INFO Measurement at current 0.0005125628140703518
2023-05-03 13:59:37,238 INFO T:167.10Â°K V:1.7861e-01V I:5.1256e-04A R:3.4846e+02ğ›€ E:5.5125e+00V/cm J:2.2432e-02A/cm2 ğ›’:2.4575e+02ğ›€ cm
2023-05-03 13:59:37,268 INFO Measurement at current 0.0005226130653266332
2023-05-03 13:59:37,859 INFO T:167.10Â°K V:1.8189e-01V I:5.2261e-04A R:3.4804e+02ğ›€ E:5.6140e+00V/cm J:2.2871e-02A/cm2 ğ›’:2.4546e+02ğ›€ cm
2023-05-03 13:59:37,882 INFO Measurement at current 0.0005326633165829146
2023-05-03 13:59:38,479 INFO T:167.09Â°K V:1.8522e-01V I:5.3266e-04A R:3.4772e+02ğ›€ E:5.7165e+00V/cm J:2.3311e-02A/cm2 ğ›’:2.4523e+02ğ›€ cm
2023-05-03 13:59:38,503 INFO Measurement at current 0.000542713567839196
2023-05-03 13:59:39,100 INFO T:167.08Â°K V:1.8851e-01V I:5.4271e-04A R:3.4734e+02ğ›€ E:5.8181e+00V/cm J:2.3751e-02A/cm2 ğ›’:2.4496e+02ğ›€ cm
2023-05-03 13:59:39,128 INFO Measurement at current 0.0005527638190954774
2023-05-03 13:59:39,752 INFO T:167.07Â°K V:1.9177e-01V I:5.5276e-04A R:3.4694e+02ğ›€ E:5.9190e+00V/cm J:2.4191e-02A/cm2 ğ›’:2.4468e+02ğ›€ cm
2023-05-03 13:59:39,769 INFO Measurement at current 0.0005628140703517588
2023-05-03 13:59:40,355 INFO T:167.07Â°K V:1.9504e-01V I:5.6281e-04A R:3.4655e+02ğ›€ E:6.0198e+00V/cm J:2.4631e-02A/cm2 ğ›’:2.4440e+02ğ›€ cm
2023-05-03 13:59:40,373 INFO Measurement at current 0.0005728643216080402
2023-05-03 13:59:40,983 INFO T:167.06Â°K V:1.9834e-01V I:5.7286e-04A R:3.4622e+02ğ›€ E:6.1215e+00V/cm J:2.5071e-02A/cm2 ğ›’:2.4417e+02ğ›€ cm
2023-05-03 13:59:41,006 INFO Measurement at current 0.0005829145728643216
2023-05-03 13:59:41,618 INFO T:167.05Â°K V:2.0142e-01V I:5.8291e-04A R:3.4554e+02ğ›€ E:6.2166e+00V/cm J:2.5510e-02A/cm2 ğ›’:2.4369e+02ğ›€ cm
2023-05-03 13:59:41,641 INFO Measurement at current 0.000592964824120603
2023-05-03 13:59:42,231 INFO T:167.04Â°K V:2.0458e-01V I:5.9296e-04A R:3.4501e+02ğ›€ E:6.3141e+00V/cm J:2.5950e-02A/cm2 ğ›’:2.4331e+02ğ›€ cm
2023-05-03 13:59:42,251 INFO Measurement at current 0.0006030150753768845
2023-05-03 13:59:42,836 INFO T:167.04Â°K V:2.0773e-01V I:6.0302e-04A R:3.4448e+02ğ›€ E:6.4114e+00V/cm J:2.6390e-02A/cm2 ğ›’:2.4295e+02ğ›€ cm
2023-05-03 13:59:42,851 INFO Measurement at current 0.0006130653266331658
2023-05-03 13:59:43,447 INFO T:167.03Â°K V:2.1097e-01V I:6.1307e-04A R:3.4413e+02ğ›€ E:6.5115e+00V/cm J:2.6830e-02A/cm2 ğ›’:2.4269e+02ğ›€ cm
2023-05-03 13:59:43,489 INFO Measurement at current 0.0006231155778894473
2023-05-03 13:59:44,095 INFO T:167.02Â°K V:2.1400e-01V I:6.2312e-04A R:3.4343e+02ğ›€ E:6.6048e+00V/cm J:2.7270e-02A/cm2 ğ›’:2.4220e+02ğ›€ cm
2023-05-03 13:59:44,112 INFO Measurement at current 0.0006331658291457286
2023-05-03 13:59:44,713 INFO T:167.01Â°K V:2.1714e-01V I:6.3317e-04A R:3.4294e+02ğ›€ E:6.7018e+00V/cm J:2.7710e-02A/cm2 ğ›’:2.4186e+02ğ›€ cm
2023-05-03 13:59:44,730 INFO Measurement at current 0.0006432160804020101
2023-05-03 13:59:45,313 INFO T:167.01Â°K V:2.2039e-01V I:6.4322e-04A R:3.4263e+02ğ›€ E:6.8020e+00V/cm J:2.8150e-02A/cm2 ğ›’:2.4164e+02ğ›€ cm
2023-05-03 13:59:45,329 INFO Measurement at current 0.0006532663316582915
2023-05-03 13:59:45,908 INFO T:167.00Â°K V:2.2108e-01V I:6.5327e-04A R:3.3842e+02ğ›€ E:6.8234e+00V/cm J:2.8589e-02A/cm2 ğ›’:2.3867e+02ğ›€ cm
2023-05-03 13:59:45,923 INFO Measurement at current 0.0006633165829145729
2023-05-03 13:59:46,521 INFO T:166.99Â°K V:2.2096e-01V I:6.6332e-04A R:3.3312e+02ğ›€ E:6.8199e+00V/cm J:2.9029e-02A/cm2 ğ›’:2.3493e+02ğ›€ cm
2023-05-03 13:59:46,544 INFO Measurement at current 0.0006733668341708544
2023-05-03 13:59:47,135 INFO T:166.99Â°K V:2.1992e-01V I:6.7337e-04A R:3.2660e+02ğ›€ E:6.7876e+00V/cm J:2.9469e-02A/cm2 ğ›’:2.3033e+02ğ›€ cm
2023-05-03 13:59:47,157 INFO Measurement at current 0.0006834170854271357
2023-05-03 13:59:47,752 INFO T:166.98Â°K V:2.2279e-01V I:6.8342e-04A R:3.2599e+02ğ›€ E:6.8762e+00V/cm J:2.9909e-02A/cm2 ğ›’:2.2990e+02ğ›€ cm
2023-05-03 13:59:47,767 INFO Measurement at current 0.0006934673366834172
2023-05-03 13:59:48,350 INFO T:166.97Â°K V:2.2190e-01V I:6.9347e-04A R:3.1999e+02ğ›€ E:6.8487e+00V/cm J:3.0349e-02A/cm2 ğ›’:2.2567e+02ğ›€ cm
2023-05-03 13:59:48,366 INFO Measurement at current 0.0007035175879396985
2023-05-03 13:59:48,965 INFO T:166.97Â°K V:2.1817e-01V I:7.0352e-04A R:3.1011e+02ğ›€ E:6.7336e+00V/cm J:3.0789e-02A/cm2 ğ›’:2.1870e+02ğ›€ cm
2023-05-03 13:59:48,981 INFO Measurement at current 0.00071356783919598
2023-05-03 13:59:49,583 INFO T:166.96Â°K V:2.2011e-01V I:7.1357e-04A R:3.0846e+02ğ›€ E:6.7935e+00V/cm J:3.1228e-02A/cm2 ğ›’:2.1754e+02ğ›€ cm
2023-05-03 13:59:49,610 INFO Measurement at current 0.0007236180904522613
2023-05-03 13:59:50,199 INFO T:166.95Â°K V:2.1937e-01V I:7.2362e-04A R:3.0315e+02ğ›€ E:6.7706e+00V/cm J:3.1668e-02A/cm2 ğ›’:2.1380e+02ğ›€ cm
2023-05-03 13:59:50,216 INFO Measurement at current 0.0007336683417085428
2023-05-03 13:59:50,825 INFO T:166.94Â°K V:2.1826e-01V I:7.3367e-04A R:2.9748e+02ğ›€ E:6.7363e+00V/cm J:3.2108e-02A/cm2 ğ›’:2.0980e+02ğ›€ cm
2023-05-03 13:59:50,846 INFO Measurement at current 0.0007437185929648241
2023-05-03 13:59:51,446 INFO T:166.94Â°K V:2.2134e-01V I:7.4372e-04A R:2.9762e+02ğ›€ E:6.8316e+00V/cm J:3.2548e-02A/cm2 ğ›’:2.0989e+02ğ›€ cm
2023-05-03 13:59:51,475 INFO Measurement at current 0.0007537688442211056
2023-05-03 13:59:52,066 INFO T:166.93Â°K V:2.2218e-01V I:7.5377e-04A R:2.9476e+02ğ›€ E:6.8575e+00V/cm J:3.2988e-02A/cm2 ğ›’:2.0788e+02ğ›€ cm
2023-05-03 13:59:52,085 INFO Measurement at current 0.000763819095477387
2023-05-03 13:59:52,678 INFO T:166.92Â°K V:2.2631e-01V I:7.6382e-04A R:2.9628e+02ğ›€ E:6.9848e+00V/cm J:3.3428e-02A/cm2 ğ›’:2.0895e+02ğ›€ cm
2023-05-03 13:59:52,692 INFO Measurement at current 0.0007738693467336684
2023-05-03 13:59:53,301 INFO T:166.91Â°K V:2.2786e-01V I:7.7387e-04A R:2.9444e+02ğ›€ E:7.0327e+00V/cm J:3.3867e-02A/cm2 ğ›’:2.0765e+02ğ›€ cm
2023-05-03 13:59:53,323 INFO Measurement at current 0.0007839195979899498
2023-05-03 13:59:53,917 INFO T:166.91Â°K V:2.2894e-01V I:7.8392e-04A R:2.9204e+02ğ›€ E:7.0660e+00V/cm J:3.4307e-02A/cm2 ğ›’:2.0596e+02ğ›€ cm
2023-05-03 13:59:53,949 INFO Measurement at current 0.0007939698492462312
2023-05-03 13:59:54,538 INFO T:166.90Â°K V:2.3066e-01V I:7.9397e-04A R:2.9052e+02ğ›€ E:7.1191e+00V/cm J:3.4747e-02A/cm2 ğ›’:2.0488e+02ğ›€ cm
2023-05-03 13:59:54,554 INFO Measurement at current 0.0008040201005025126
2023-05-03 13:59:55,159 INFO T:166.89Â°K V:2.3363e-01V I:8.0402e-04A R:2.9058e+02ğ›€ E:7.2109e+00V/cm J:3.5187e-02A/cm2 ğ›’:2.0493e+02ğ›€ cm
2023-05-03 13:59:55,183 INFO Measurement at current 0.000814070351758794
2023-05-03 13:59:55,782 INFO T:166.89Â°K V:2.3259e-01V I:8.1407e-04A R:2.8572e+02ğ›€ E:7.1788e+00V/cm J:3.5627e-02A/cm2 ğ›’:2.0150e+02ğ›€ cm
2023-05-03 13:59:55,799 INFO Measurement at current 0.0008241206030150754
2023-05-03 13:59:56,387 INFO T:166.88Â°K V:2.2837e-01V I:8.2412e-04A R:2.7711e+02ğ›€ E:7.0485e+00V/cm J:3.6067e-02A/cm2 ğ›’:1.9543e+02ğ›€ cm
2023-05-03 13:59:56,409 INFO Measurement at current 0.0008341708542713569
2023-05-03 13:59:57,007 INFO T:166.87Â°K V:2.2173e-01V I:8.3417e-04A R:2.6580e+02ğ›€ E:6.8434e+00V/cm J:3.6506e-02A/cm2 ğ›’:1.8746e+02ğ›€ cm
2023-05-03 13:59:57,029 INFO Measurement at current 0.0008442211055276382
2023-05-03 13:59:57,615 INFO T:166.86Â°K V:2.1774e-01V I:8.4422e-04A R:2.5792e+02ğ›€ E:6.7204e+00V/cm J:3.6946e-02A/cm2 ğ›’:1.8190e+02ğ›€ cm
2023-05-03 13:59:57,637 INFO Measurement at current 0.0008542713567839197
2023-05-03 13:59:58,227 INFO T:166.86Â°K V:2.1231e-01V I:8.5427e-04A R:2.4853e+02ğ›€ E:6.5527e+00V/cm J:3.7386e-02A/cm2 ğ›’:1.7527e+02ğ›€ cm
2023-05-03 13:59:58,247 INFO Measurement at current 0.000864321608040201
2023-05-03 13:59:58,835 INFO T:166.85Â°K V:2.0616e-01V I:8.6432e-04A R:2.3852e+02ğ›€ E:6.3628e+00V/cm J:3.7826e-02A/cm2 ğ›’:1.6821e+02ğ›€ cm
2023-05-03 13:59:58,864 INFO Measurement at current 0.0008743718592964825
2023-05-03 13:59:59,453 INFO T:166.84Â°K V:2.0748e-01V I:8.7437e-04A R:2.3729e+02ğ›€ E:6.4037e+00V/cm J:3.8266e-02A/cm2 ğ›’:1.6735e+02ğ›€ cm
2023-05-03 13:59:59,474 INFO Measurement at current 0.0008844221105527638
2023-05-03 14:00:00,075 INFO T:166.84Â°K V:2.0988e-01V I:8.8442e-04A R:2.3731e+02ğ›€ E:6.4778e+00V/cm J:3.8706e-02A/cm2 ğ›’:1.6736e+02ğ›€ cm
2023-05-03 14:00:00,110 INFO Measurement at current 0.0008944723618090453
2023-05-03 14:00:00,702 INFO T:166.83Â°K V:2.1144e-01V I:8.9447e-04A R:2.3639e+02ğ›€ E:6.5259e+00V/cm J:3.9145e-02A/cm2 ğ›’:1.6671e+02ğ›€ cm
2023-05-03 14:00:00,718 INFO Measurement at current 0.0009045226130653266
2023-05-03 14:00:01,317 INFO T:166.82Â°K V:2.1347e-01V I:9.0452e-04A R:2.3600e+02ğ›€ E:6.5886e+00V/cm J:3.9585e-02A/cm2 ğ›’:1.6644e+02ğ›€ cm
2023-05-03 14:00:01,337 INFO Measurement at current 0.0009145728643216081
2023-05-03 14:00:01,924 INFO T:166.81Â°K V:2.1742e-01V I:9.1457e-04A R:2.3773e+02ğ›€ E:6.7104e+00V/cm J:4.0025e-02A/cm2 ğ›’:1.6765e+02ğ›€ cm
2023-05-03 14:00:01,939 INFO Measurement at current 0.0009246231155778894
2023-05-03 14:00:02,527 INFO T:166.81Â°K V:2.2344e-01V I:9.2462e-04A R:2.4166e+02ğ›€ E:6.8964e+00V/cm J:4.0465e-02A/cm2 ğ›’:1.7043e+02ğ›€ cm
2023-05-03 14:00:02,568 INFO Measurement at current 0.0009346733668341709
2023-05-03 14:00:03,170 INFO T:166.80Â°K V:2.3027e-01V I:9.3467e-04A R:2.4636e+02ğ›€ E:7.1070e+00V/cm J:4.0905e-02A/cm2 ğ›’:1.7375e+02ğ›€ cm
2023-05-03 14:00:03,193 INFO Measurement at current 0.0009447236180904523
2023-05-03 14:00:03,800 INFO T:166.79Â°K V:2.4017e-01V I:9.4472e-04A R:2.5422e+02ğ›€ E:7.4125e+00V/cm J:4.1345e-02A/cm2 ğ›’:1.7929e+02ğ›€ cm
2023-05-03 14:00:03,823 INFO Measurement at current 0.0009547738693467337
2023-05-03 14:00:04,420 INFO T:166.78Â°K V:2.5278e-01V I:9.5477e-04A R:2.6476e+02ğ›€ E:7.8019e+00V/cm J:4.1784e-02A/cm2 ğ›’:1.8672e+02ğ›€ cm
2023-05-03 14:00:04,447 INFO Measurement at current 0.0009648241206030152
2023-05-03 14:00:05,040 INFO T:166.78Â°K V:2.7442e-01V I:9.6482e-04A R:2.8442e+02ğ›€ E:8.4696e+00V/cm J:4.2224e-02A/cm2 ğ›’:2.0059e+02ğ›€ cm
2023-05-03 14:00:05,056 INFO Measurement at current 0.0009748743718592965
2023-05-03 14:00:05,654 INFO T:166.77Â°K V:3.0326e-01V I:9.7487e-04A R:3.1108e+02ğ›€ E:9.3599e+00V/cm J:4.2664e-02A/cm2 ğ›’:2.1939e+02ğ›€ cm
2023-05-03 14:00:05,671 INFO Measurement at current 0.0009849246231155779
2023-05-03 14:00:06,259 INFO T:166.76Â°K V:3.2032e-01V I:9.8492e-04A R:3.2522e+02ğ›€ E:9.8863e+00V/cm J:4.3104e-02A/cm2 ğ›’:2.2936e+02ğ›€ cm
2023-05-03 14:00:06,279 INFO Measurement at current 0.0009949748743718595
2023-05-03 14:00:06,865 INFO T:166.76Â°K V:2.8981e-01V I:9.9497e-04A R:2.9127e+02ğ›€ E:8.9448e+00V/cm J:4.3544e-02A/cm2 ğ›’:2.0542e+02ğ›€ cm
2023-05-03 14:00:06,882 INFO Measurement at current 0.0010050251256281408
2023-05-03 14:00:07,465 INFO T:166.75Â°K V:2.6178e-01V I:1.0050e-03A R:2.6047e+02ğ›€ E:8.0797e+00V/cm J:4.3984e-02A/cm2 ğ›’:1.8370e+02ğ›€ cm
2023-05-03 14:00:07,489 INFO Measurement at current 0.0010150753768844222
2023-05-03 14:00:08,073 INFO T:166.74Â°K V:2.5217e-01V I:1.0151e-03A R:2.4842e+02ğ›€ E:7.7829e+00V/cm J:4.4423e-02A/cm2 ğ›’:1.7520e+02ğ›€ cm
2023-05-03 14:00:08,093 INFO Measurement at current 0.0010251256281407035
2023-05-03 14:00:08,698 INFO T:166.73Â°K V:2.5171e-01V I:1.0251e-03A R:2.4554e+02ğ›€ E:7.7687e+00V/cm J:4.4863e-02A/cm2 ğ›’:1.7316e+02ğ›€ cm
2023-05-03 14:00:08,719 INFO Measurement at current 0.001035175879396985
2023-05-03 14:00:09,304 INFO T:166.73Â°K V:2.5059e-01V I:1.0352e-03A R:2.4208e+02ğ›€ E:7.7344e+00V/cm J:4.5303e-02A/cm2 ğ›’:1.7073e+02ğ›€ cm
2023-05-03 14:00:09,321 INFO Measurement at current 0.0010452261306532664
2023-05-03 14:00:09,915 INFO T:166.72Â°K V:2.4958e-01V I:1.0452e-03A R:2.3878e+02ğ›€ E:7.7029e+00V/cm J:4.5743e-02A/cm2 ğ›’:1.6840e+02ğ›€ cm
2023-05-03 14:00:09,939 INFO Measurement at current 0.0010552763819095478
2023-05-03 14:00:10,534 INFO T:166.71Â°K V:2.6692e-01V I:1.0553e-03A R:2.5294e+02ğ›€ E:8.2384e+00V/cm J:4.6183e-02A/cm2 ğ›’:1.7839e+02ğ›€ cm
2023-05-03 14:00:10,594 INFO Measurement at current 0.0010653266331658291
2023-05-03 14:00:11,179 INFO T:166.71Â°K V:2.6834e-01V I:1.0653e-03A R:2.5188e+02ğ›€ E:8.2820e+00V/cm J:4.6623e-02A/cm2 ğ›’:1.7764e+02ğ›€ cm
2023-05-03 14:00:11,206 INFO Measurement at current 0.0010753768844221107
2023-05-03 14:00:11,818 INFO T:166.70Â°K V:2.7052e-01V I:1.0754e-03A R:2.5156e+02ğ›€ E:8.3494e+00V/cm J:4.7062e-02A/cm2 ğ›’:1.7741e+02ğ›€ cm
2023-05-03 14:00:11,838 INFO Measurement at current 0.001085427135678392
2023-05-03 14:00:12,431 INFO T:166.69Â°K V:2.7212e-01V I:1.0854e-03A R:2.5070e+02ğ›€ E:8.3988e+00V/cm J:4.7502e-02A/cm2 ğ›’:1.7681e+02ğ›€ cm
2023-05-03 14:00:12,459 INFO Measurement at current 0.0010954773869346734
2023-05-03 14:00:13,061 INFO T:166.68Â°K V:2.7403e-01V I:1.0955e-03A R:2.5014e+02ğ›€ E:8.4576e+00V/cm J:4.7942e-02A/cm2 ğ›’:1.7641e+02ğ›€ cm
2023-05-03 14:00:13,078 INFO Measurement at current 0.0011055276381909548
2023-05-03 14:00:13,684 INFO T:166.68Â°K V:2.7620e-01V I:1.1055e-03A R:2.4983e+02ğ›€ E:8.5246e+00V/cm J:4.8382e-02A/cm2 ğ›’:1.7619e+02ğ›€ cm
2023-05-03 14:00:13,707 INFO Measurement at current 0.0011155778894472363
2023-05-03 14:00:14,304 INFO T:166.67Â°K V:2.7760e-01V I:1.1156e-03A R:2.4884e+02ğ›€ E:8.5677e+00V/cm J:4.8822e-02A/cm2 ğ›’:1.7549e+02ğ›€ cm
2023-05-03 14:00:14,329 INFO Measurement at current 0.0011256281407035177
2023-05-03 14:00:14,940 INFO T:166.66Â°K V:2.7874e-01V I:1.1256e-03A R:2.4763e+02ğ›€ E:8.6029e+00V/cm J:4.9262e-02A/cm2 ğ›’:1.7464e+02ğ›€ cm
2023-05-03 14:00:14,965 INFO Measurement at current 0.001135678391959799
2023-05-03 14:00:15,559 INFO T:166.66Â°K V:2.8112e-01V I:1.1357e-03A R:2.4753e+02ğ›€ E:8.6764e+00V/cm J:4.9701e-02A/cm2 ğ›’:1.7457e+02ğ›€ cm
2023-05-03 14:00:15,579 INFO Measurement at current 0.0011457286432160804
2023-05-03 14:00:16,190 INFO T:166.65Â°K V:2.8030e-01V I:1.1457e-03A R:2.4465e+02ğ›€ E:8.6512e+00V/cm J:5.0141e-02A/cm2 ğ›’:1.7254e+02ğ›€ cm
2023-05-03 14:00:16,211 INFO Measurement at current 0.001155778894472362
2023-05-03 14:00:16,800 INFO T:166.64Â°K V:2.8179e-01V I:1.1558e-03A R:2.4381e+02ğ›€ E:8.6972e+00V/cm J:5.0581e-02A/cm2 ğ›’:1.7195e+02ğ›€ cm
2023-05-03 14:00:16,818 INFO Measurement at current 0.0011658291457286433
2023-05-03 14:00:17,428 INFO T:166.63Â°K V:2.8303e-01V I:1.1658e-03A R:2.4277e+02ğ›€ E:8.7355e+00V/cm J:5.1021e-02A/cm2 ğ›’:1.7121e+02ğ›€ cm
2023-05-03 14:00:17,446 INFO Measurement at current 0.0011758793969849247
2023-05-03 14:00:18,038 INFO T:166.63Â°K V:2.8477e-01V I:1.1759e-03A R:2.4218e+02ğ›€ E:8.7893e+00V/cm J:5.1461e-02A/cm2 ğ›’:1.7080e+02ğ›€ cm
2023-05-03 14:00:18,058 INFO Measurement at current 0.001185929648241206
2023-05-03 14:00:18,651 INFO T:166.62Â°K V:2.8506e-01V I:1.1859e-03A R:2.4036e+02ğ›€ E:8.7980e+00V/cm J:5.1901e-02A/cm2 ğ›’:1.6952e+02ğ›€ cm
2023-05-03 14:00:18,669 INFO Measurement at current 0.0011959798994974876
2023-05-03 14:00:19,274 INFO T:166.61Â°K V:2.8508e-01V I:1.1960e-03A R:2.3836e+02ğ›€ E:8.7987e+00V/cm J:5.2340e-02A/cm2 ğ›’:1.6811e+02ğ›€ cm
2023-05-03 14:00:19,297 INFO Measurement at current 0.001206030150753769
2023-05-03 14:00:19,897 INFO T:166.61Â°K V:2.8806e-01V I:1.2060e-03A R:2.3885e+02ğ›€ E:8.8907e+00V/cm J:5.2780e-02A/cm2 ğ›’:1.6845e+02ğ›€ cm
2023-05-03 14:00:19,921 INFO Measurement at current 0.0012160804020100503
2023-05-03 14:00:20,519 INFO T:166.60Â°K V:2.9236e-01V I:1.2161e-03A R:2.4042e+02ğ›€ E:9.0236e+00V/cm J:5.3220e-02A/cm2 ğ›’:1.6955e+02ğ›€ cm
2023-05-03 14:00:20,537 INFO Measurement at current 0.0012261306532663316
2023-05-03 14:00:21,132 INFO T:166.59Â°K V:2.9425e-01V I:1.2261e-03A R:2.3998e+02ğ›€ E:9.0817e+00V/cm J:5.3660e-02A/cm2 ğ›’:1.6924e+02ğ›€ cm
2023-05-03 14:00:21,167 INFO Measurement at current 0.0012361809045226132
2023-05-03 14:00:21,757 INFO T:166.58Â°K V:2.9668e-01V I:1.2362e-03A R:2.4000e+02ğ›€ E:9.1568e+00V/cm J:5.4100e-02A/cm2 ğ›’:1.6926e+02ğ›€ cm
2023-05-03 14:00:21,773 INFO Measurement at current 0.0012462311557788945
2023-05-03 14:00:22,367 INFO T:166.58Â°K V:3.0064e-01V I:1.2462e-03A R:2.4124e+02ğ›€ E:9.2789e+00V/cm J:5.4540e-02A/cm2 ğ›’:1.7013e+02ğ›€ cm
2023-05-03 14:00:22,389 INFO Measurement at current 0.001256281407035176
2023-05-03 14:00:22,976 INFO T:166.57Â°K V:3.0220e-01V I:1.2563e-03A R:2.4055e+02ğ›€ E:9.3271e+00V/cm J:5.4979e-02A/cm2 ğ›’:1.6965e+02ğ›€ cm
2023-05-03 14:00:22,996 INFO Measurement at current 0.0012663316582914572
2023-05-03 14:00:23,597 INFO T:166.56Â°K V:3.0685e-01V I:1.2663e-03A R:2.4231e+02ğ›€ E:9.4707e+00V/cm J:5.5419e-02A/cm2 ğ›’:1.7089e+02ğ›€ cm
2023-05-03 14:00:23,634 INFO Measurement at current 0.0012763819095477388
2023-05-03 14:00:24,226 INFO T:166.56Â°K V:3.0956e-01V I:1.2764e-03A R:2.4253e+02ğ›€ E:9.5543e+00V/cm J:5.5859e-02A/cm2 ğ›’:1.7104e+02ğ›€ cm
2023-05-03 14:00:24,243 INFO Measurement at current 0.0012864321608040202
2023-05-03 14:00:24,863 INFO T:166.55Â°K V:3.1565e-01V I:1.2864e-03A R:2.4537e+02ğ›€ E:9.7424e+00V/cm J:5.6299e-02A/cm2 ğ›’:1.7305e+02ğ›€ cm
2023-05-03 14:00:24,888 INFO Measurement at current 0.0012964824120603015
2023-05-03 14:00:25,498 INFO T:166.54Â°K V:3.2288e-01V I:1.2965e-03A R:2.4905e+02ğ›€ E:9.9655e+00V/cm J:5.6739e-02A/cm2 ğ›’:1.7564e+02ğ›€ cm
2023-05-03 14:00:25,522 INFO Measurement at current 0.001306532663316583
2023-05-03 14:00:26,110 INFO T:166.53Â°K V:3.3498e-01V I:1.3065e-03A R:2.5639e+02ğ›€ E:1.0339e+01V/cm J:5.7179e-02A/cm2 ğ›’:1.8082e+02ğ›€ cm
2023-05-03 14:00:26,129 INFO Measurement at current 0.0013165829145728644
2023-05-03 14:00:26,726 INFO T:166.53Â°K V:3.5393e-01V I:1.3166e-03A R:2.6883e+02ğ›€ E:1.0924e+01V/cm J:5.7619e-02A/cm2 ğ›’:1.8959e+02ğ›€ cm
2023-05-03 14:00:26,750 INFO Measurement at current 0.0013266331658291458
2023-05-03 14:00:27,364 INFO T:166.52Â°K V:3.7963e-01V I:1.3266e-03A R:2.8616e+02ğ›€ E:1.1717e+01V/cm J:5.8058e-02A/cm2 ğ›’:2.0181e+02ğ›€ cm
2023-05-03 14:00:27,384 INFO Measurement at current 0.0013366834170854271
2023-05-03 14:00:27,977 INFO T:166.51Â°K V:4.1319e-01V I:1.3367e-03A R:3.0912e+02ğ›€ E:1.2753e+01V/cm J:5.8498e-02A/cm2 ğ›’:2.1800e+02ğ›€ cm
2023-05-03 14:00:27,996 INFO Measurement at current 0.0013467336683417087
2023-05-03 14:00:28,582 INFO T:166.51Â°K V:4.2715e-01V I:1.3467e-03A R:3.1718e+02ğ›€ E:1.3184e+01V/cm J:5.8938e-02A/cm2 ğ›’:2.2369e+02ğ›€ cm
2023-05-03 14:00:28,601 INFO Measurement at current 0.00135678391959799
2023-05-03 14:00:29,192 INFO T:166.50Â°K V:4.2851e-01V I:1.3568e-03A R:3.1583e+02ğ›€ E:1.3226e+01V/cm J:5.9378e-02A/cm2 ğ›’:2.2274e+02ğ›€ cm
2023-05-03 14:00:29,210 INFO Measurement at current 0.0013668341708542714
2023-05-03 14:00:29,807 INFO T:166.49Â°K V:4.3066e-01V I:1.3668e-03A R:3.1508e+02ğ›€ E:1.3292e+01V/cm J:5.9818e-02A/cm2 ğ›’:2.2221e+02ğ›€ cm
2023-05-03 14:00:29,832 INFO Measurement at current 0.0013768844221105528
2023-05-03 14:00:30,432 INFO T:166.48Â°K V:4.3310e-01V I:1.3769e-03A R:3.1455e+02ğ›€ E:1.3367e+01V/cm J:6.0258e-02A/cm2 ğ›’:2.2184e+02ğ›€ cm
2023-05-03 14:00:30,459 INFO Measurement at current 0.0013869346733668343
2023-05-03 14:00:31,068 INFO T:166.48Â°K V:4.3546e-01V I:1.3869e-03A R:3.1397e+02ğ›€ E:1.3440e+01V/cm J:6.0697e-02A/cm2 ğ›’:2.2143e+02ğ›€ cm
2023-05-03 14:00:31,097 INFO Measurement at current 0.0013969849246231157
2023-05-03 14:00:31,687 INFO T:166.47Â°K V:4.3802e-01V I:1.3970e-03A R:3.1355e+02ğ›€ E:1.3519e+01V/cm J:6.1137e-02A/cm2 ğ›’:2.2113e+02ğ›€ cm
2023-05-03 14:00:31,708 INFO Measurement at current 0.001407035175879397
2023-05-03 14:00:32,302 INFO T:166.46Â°K V:4.4029e-01V I:1.4070e-03A R:3.1292e+02ğ›€ E:1.3589e+01V/cm J:6.1577e-02A/cm2 ğ›’:2.2069e+02ğ›€ cm
2023-05-03 14:00:32,318 INFO Measurement at current 0.0014170854271356784
2023-05-03 14:00:32,905 INFO T:166.46Â°K V:4.4274e-01V I:1.4171e-03A R:3.1243e+02ğ›€ E:1.3665e+01V/cm J:6.2017e-02A/cm2 ğ›’:2.2034e+02ğ›€ cm
2023-05-03 14:00:32,922 INFO Measurement at current 0.00142713567839196
2023-05-03 14:00:33,510 INFO T:166.45Â°K V:4.4505e-01V I:1.4271e-03A R:3.1185e+02ğ›€ E:1.3736e+01V/cm J:6.2457e-02A/cm2 ğ›’:2.1993e+02ğ›€ cm
2023-05-03 14:00:33,531 INFO Measurement at current 0.0014371859296482413
2023-05-03 14:00:34,116 INFO T:166.44Â°K V:4.4649e-01V I:1.4372e-03A R:3.1067e+02ğ›€ E:1.3781e+01V/cm J:6.2897e-02A/cm2 ğ›’:2.1910e+02ğ›€ cm
2023-05-03 14:00:34,135 INFO Measurement at current 0.0014472361809045227
2023-05-03 14:00:34,724 INFO T:166.43Â°K V:3.6573e-01V I:1.4472e-03A R:2.5271e+02ğ›€ E:1.1288e+01V/cm J:6.3336e-02A/cm2 ğ›’:1.7822e+02ğ›€ cm
2023-05-03 14:00:34,741 INFO Measurement at current 0.001457286432160804
2023-05-03 14:00:35,329 INFO T:166.43Â°K V:3.2461e-01V I:1.4573e-03A R:2.2275e+02ğ›€ E:1.0019e+01V/cm J:6.3776e-02A/cm2 ğ›’:1.5709e+02ğ›€ cm
2023-05-03 14:00:35,347 INFO Measurement at current 0.0014673366834170856
2023-05-03 14:00:35,940 INFO T:166.42Â°K V:3.2149e-01V I:1.4673e-03A R:2.1910e+02ğ›€ E:9.9226e+00V/cm J:6.4216e-02A/cm2 ğ›’:1.5452e+02ğ›€ cm
2023-05-03 14:00:35,959 INFO Measurement at current 0.001477386934673367
2023-05-03 14:00:36,543 INFO T:166.41Â°K V:3.2145e-01V I:1.4774e-03A R:2.1758e+02ğ›€ E:9.9212e+00V/cm J:6.4656e-02A/cm2 ğ›’:1.5345e+02ğ›€ cm
2023-05-03 14:00:36,560 INFO Measurement at current 0.0014874371859296483
2023-05-03 14:00:37,154 INFO T:166.41Â°K V:3.2083e-01V I:1.4874e-03A R:2.1569e+02ğ›€ E:9.9022e+00V/cm J:6.5096e-02A/cm2 ğ›’:1.5212e+02ğ›€ cm
2023-05-03 14:00:37,174 INFO Measurement at current 0.0014974874371859296
2023-05-03 14:00:37,781 INFO T:166.40Â°K V:3.2259e-01V I:1.4975e-03A R:2.1542e+02ğ›€ E:9.9565e+00V/cm J:6.5536e-02A/cm2 ğ›’:1.5193e+02ğ›€ cm
2023-05-03 14:00:37,800 INFO Measurement at current 0.0015075376884422112
2023-05-03 14:00:38,391 INFO T:166.39Â°K V:3.2275e-01V I:1.5075e-03A R:2.1409e+02ğ›€ E:9.9614e+00V/cm J:6.5975e-02A/cm2 ğ›’:1.5099e+02ğ›€ cm
2023-05-03 14:00:38,409 INFO Measurement at current 0.0015175879396984926
2023-05-03 14:00:39,007 INFO T:166.39Â°K V:3.2413e-01V I:1.5176e-03A R:2.1358e+02ğ›€ E:1.0004e+01V/cm J:6.6415e-02A/cm2 ğ›’:1.5063e+02ğ›€ cm
2023-05-03 14:00:39,026 INFO Measurement at current 0.001527638190954774
2023-05-03 14:00:39,626 INFO T:166.38Â°K V:3.2498e-01V I:1.5276e-03A R:2.1273e+02ğ›€ E:1.0030e+01V/cm J:6.6855e-02A/cm2 ğ›’:1.5003e+02ğ›€ cm
2023-05-03 14:00:39,648 INFO Measurement at current 0.0015376884422110553
2023-05-03 14:00:40,261 INFO T:166.37Â°K V:3.2620e-01V I:1.5377e-03A R:2.1214e+02ğ›€ E:1.0068e+01V/cm J:6.7295e-02A/cm2 ğ›’:1.4961e+02ğ›€ cm
2023-05-03 14:00:40,296 INFO Measurement at current 0.0015477386934673368
2023-05-03 14:00:40,899 INFO T:166.36Â°K V:3.2744e-01V I:1.5477e-03A R:2.1156e+02ğ›€ E:1.0106e+01V/cm J:6.7735e-02A/cm2 ğ›’:1.4920e+02ğ›€ cm
2023-05-03 14:00:40,923 INFO Measurement at current 0.0015577889447236182
2023-05-03 14:00:41,524 INFO T:166.36Â°K V:3.2914e-01V I:1.5578e-03A R:2.1129e+02ğ›€ E:1.0159e+01V/cm J:6.8175e-02A/cm2 ğ›’:1.4901e+02ğ›€ cm
2023-05-03 14:00:41,555 INFO Measurement at current 0.0015678391959798995
2023-05-03 14:00:42,148 INFO T:166.35Â°K V:3.3121e-01V I:1.5678e-03A R:2.1125e+02ğ›€ E:1.0222e+01V/cm J:6.8614e-02A/cm2 ğ›’:1.4898e+02ğ›€ cm
2023-05-03 14:00:42,170 INFO Measurement at current 0.0015778894472361809
2023-05-03 14:00:42,764 INFO T:166.34Â°K V:3.3195e-01V I:1.5779e-03A R:2.1038e+02ğ›€ E:1.0245e+01V/cm J:6.9054e-02A/cm2 ğ›’:1.4837e+02ğ›€ cm
2023-05-03 14:00:42,782 INFO Measurement at current 0.0015879396984924625
2023-05-03 14:00:43,381 INFO T:166.34Â°K V:3.3281e-01V I:1.5879e-03A R:2.0958e+02ğ›€ E:1.0272e+01V/cm J:6.9494e-02A/cm2 ğ›’:1.4781e+02ğ›€ cm
2023-05-03 14:00:43,409 INFO Measurement at current 0.0015979899497487438
2023-05-03 14:00:44,006 INFO T:166.33Â°K V:3.3414e-01V I:1.5980e-03A R:2.0910e+02ğ›€ E:1.0313e+01V/cm J:6.9934e-02A/cm2 ğ›’:1.4747e+02ğ›€ cm
2023-05-03 14:00:44,054 INFO Measurement at current 0.0016080402010050252
2023-05-03 14:00:44,642 INFO T:166.32Â°K V:3.3537e-01V I:1.6080e-03A R:2.0856e+02ğ›€ E:1.0351e+01V/cm J:7.0374e-02A/cm2 ğ›’:1.4709e+02ğ›€ cm
2023-05-03 14:00:44,662 INFO Measurement at current 0.0016180904522613067
2023-05-03 14:00:45,255 INFO T:166.31Â°K V:3.3703e-01V I:1.6181e-03A R:2.0829e+02ğ›€ E:1.0402e+01V/cm J:7.0814e-02A/cm2 ğ›’:1.4689e+02ğ›€ cm
2023-05-03 14:00:45,279 INFO Measurement at current 0.001628140703517588
2023-05-03 14:00:45,865 INFO T:166.31Â°K V:3.3894e-01V I:1.6281e-03A R:2.0818e+02ğ›€ E:1.0461e+01V/cm J:7.1253e-02A/cm2 ğ›’:1.4682e+02ğ›€ cm
2023-05-03 14:00:45,879 INFO Measurement at current 0.0016381909547738694
2023-05-03 14:00:46,466 INFO T:166.30Â°K V:3.4065e-01V I:1.6382e-03A R:2.0794e+02ğ›€ E:1.0514e+01V/cm J:7.1693e-02A/cm2 ğ›’:1.4665e+02ğ›€ cm
2023-05-03 14:00:46,481 INFO Measurement at current 0.0016482412060301508
2023-05-03 14:00:47,063 INFO T:166.29Â°K V:3.4194e-01V I:1.6482e-03A R:2.0746e+02ğ›€ E:1.0554e+01V/cm J:7.2133e-02A/cm2 ğ›’:1.4631e+02ğ›€ cm
2023-05-03 14:00:47,085 INFO Measurement at current 0.0016582914572864324
2023-05-03 14:00:47,673 INFO T:166.29Â°K V:3.4318e-01V I:1.6583e-03A R:2.0695e+02ğ›€ E:1.0592e+01V/cm J:7.2573e-02A/cm2 ğ›’:1.4595e+02ğ›€ cm
2023-05-03 14:00:47,688 INFO Measurement at current 0.0016683417085427137
2023-05-03 14:00:48,273 INFO T:166.28Â°K V:3.4489e-01V I:1.6683e-03A R:2.0672e+02ğ›€ E:1.0645e+01V/cm J:7.3013e-02A/cm2 ğ›’:1.4579e+02ğ›€ cm
2023-05-03 14:00:48,287 INFO Measurement at current 0.001678391959798995
2023-05-03 14:00:48,868 INFO T:166.27Â°K V:3.4634e-01V I:1.6784e-03A R:2.0635e+02ğ›€ E:1.0689e+01V/cm J:7.3453e-02A/cm2 ğ›’:1.4553e+02ğ›€ cm
2023-05-03 14:00:48,883 INFO Measurement at current 0.0016884422110552764
2023-05-03 14:00:49,486 INFO T:166.27Â°K V:3.4768e-01V I:1.6884e-03A R:2.0592e+02ğ›€ E:1.0731e+01V/cm J:7.3892e-02A/cm2 ğ›’:1.4522e+02ğ›€ cm
2023-05-03 14:00:49,510 INFO Measurement at current 0.001698492462311558
2023-05-03 14:00:50,100 INFO T:166.26Â°K V:3.4891e-01V I:1.6985e-03A R:2.0542e+02ğ›€ E:1.0769e+01V/cm J:7.4332e-02A/cm2 ğ›’:1.4487e+02ğ›€ cm
2023-05-03 14:00:50,120 INFO Measurement at current 0.0017085427135678393
2023-05-03 14:00:50,714 INFO T:166.25Â°K V:3.5067e-01V I:1.7085e-03A R:2.0524e+02ğ›€ E:1.0823e+01V/cm J:7.4772e-02A/cm2 ğ›’:1.4475e+02ğ›€ cm
2023-05-03 14:00:50,733 INFO Measurement at current 0.0017185929648241207
2023-05-03 14:00:51,339 INFO T:166.24Â°K V:3.5222e-01V I:1.7186e-03A R:2.0495e+02ğ›€ E:1.0871e+01V/cm J:7.5212e-02A/cm2 ğ›’:1.4454e+02ğ›€ cm
2023-05-03 14:00:51,356 INFO Measurement at current 0.001728643216080402
2023-05-03 14:00:51,942 INFO T:166.24Â°K V:3.5320e-01V I:1.7286e-03A R:2.0432e+02ğ›€ E:1.0901e+01V/cm J:7.5652e-02A/cm2 ğ›’:1.4410e+02ğ›€ cm
2023-05-03 14:00:51,958 INFO Measurement at current 0.0017386934673366836
2023-05-03 14:00:52,544 INFO T:166.23Â°K V:3.5478e-01V I:1.7387e-03A R:2.0405e+02ğ›€ E:1.0950e+01V/cm J:7.6092e-02A/cm2 ğ›’:1.4391e+02ğ›€ cm
2023-05-03 14:00:52,563 INFO Measurement at current 0.001748743718592965
2023-05-03 14:00:53,160 INFO T:166.22Â°K V:3.5662e-01V I:1.7487e-03A R:2.0393e+02ğ›€ E:1.1007e+01V/cm J:7.6531e-02A/cm2 ğ›’:1.4382e+02ğ›€ cm
2023-05-03 14:00:53,180 INFO Measurement at current 0.0017587939698492463
2023-05-03 14:00:53,766 INFO T:166.22Â°K V:3.5900e-01V I:1.7588e-03A R:2.0412e+02ğ›€ E:1.1080e+01V/cm J:7.6971e-02A/cm2 ğ›’:1.4395e+02ğ›€ cm
2023-05-03 14:00:53,783 INFO Measurement at current 0.0017688442211055277
2023-05-03 14:00:54,369 INFO T:166.21Â°K V:3.6066e-01V I:1.7688e-03A R:2.0390e+02ğ›€ E:1.1132e+01V/cm J:7.7411e-02A/cm2 ğ›’:1.4380e+02ğ›€ cm
2023-05-03 14:00:54,383 INFO Measurement at current 0.0017788944723618092
2023-05-03 14:00:54,967 INFO T:166.20Â°K V:3.6232e-01V I:1.7789e-03A R:2.0368e+02ğ›€ E:1.1183e+01V/cm J:7.7851e-02A/cm2 ğ›’:1.4364e+02ğ›€ cm
2023-05-03 14:00:55,000 INFO Measurement at current 0.0017889447236180906
2023-05-03 14:00:55,586 INFO T:166.20Â°K V:3.6351e-01V I:1.7889e-03A R:2.0320e+02ğ›€ E:1.1219e+01V/cm J:7.8291e-02A/cm2 ğ›’:1.4331e+02ğ›€ cm
2023-05-03 14:00:55,602 INFO Measurement at current 0.001798994974874372
2023-05-03 14:00:56,186 INFO T:166.19Â°K V:3.6604e-01V I:1.7990e-03A R:2.0347e+02ğ›€ E:1.1297e+01V/cm J:7.8731e-02A/cm2 ğ›’:1.4349e+02ğ›€ cm
2023-05-03 14:00:56,201 INFO Measurement at current 0.0018090452261306533
2023-05-03 14:00:56,783 INFO T:166.18Â°K V:3.6743e-01V I:1.8090e-03A R:2.0310e+02ğ›€ E:1.1340e+01V/cm J:7.9170e-02A/cm2 ğ›’:1.4324e+02ğ›€ cm
2023-05-03 14:00:56,799 INFO Measurement at current 0.0018190954773869348
2023-05-03 14:00:57,381 INFO T:166.18Â°K V:3.6894e-01V I:1.8191e-03A R:2.0281e+02ğ›€ E:1.1387e+01V/cm J:7.9610e-02A/cm2 ğ›’:1.4303e+02ğ›€ cm
2023-05-03 14:00:57,396 INFO Measurement at current 0.0018291457286432162
2023-05-03 14:00:57,976 INFO T:166.17Â°K V:3.7050e-01V I:1.8291e-03A R:2.0255e+02ğ›€ E:1.1435e+01V/cm J:8.0050e-02A/cm2 ğ›’:1.4285e+02ğ›€ cm
2023-05-03 14:00:57,992 INFO Measurement at current 0.0018391959798994975
2023-05-03 14:00:58,577 INFO T:166.16Â°K V:3.7277e-01V I:1.8392e-03A R:2.0268e+02ğ›€ E:1.1505e+01V/cm J:8.0490e-02A/cm2 ğ›’:1.4294e+02ğ›€ cm
2023-05-03 14:00:58,598 INFO Measurement at current 0.001849246231155779
2023-05-03 14:00:59,184 INFO T:166.16Â°K V:3.7441e-01V I:1.8492e-03A R:2.0246e+02ğ›€ E:1.1556e+01V/cm J:8.0930e-02A/cm2 ğ›’:1.4279e+02ğ›€ cm
2023-05-03 14:00:59,199 INFO Measurement at current 0.0018592964824120605
2023-05-03 14:00:59,795 INFO T:166.15Â°K V:3.7706e-01V I:1.8593e-03A R:2.0280e+02ğ›€ E:1.1638e+01V/cm J:8.1370e-02A/cm2 ğ›’:1.4302e+02ğ›€ cm
2023-05-03 14:00:59,827 INFO Measurement at current 0.0018693467336683418
2023-05-03 14:01:00,436 INFO T:166.14Â°K V:3.8037e-01V I:1.8693e-03A R:2.0347e+02ğ›€ E:1.1740e+01V/cm J:8.1809e-02A/cm2 ğ›’:1.4350e+02ğ›€ cm
2023-05-03 14:01:00,455 INFO Measurement at current 0.0018793969849246232
2023-05-03 14:01:01,078 INFO T:166.13Â°K V:3.8402e-01V I:1.8794e-03A R:2.0433e+02ğ›€ E:1.1853e+01V/cm J:8.2249e-02A/cm2 ğ›’:1.4411e+02ğ›€ cm
2023-05-03 14:01:01,098 INFO Measurement at current 0.0018894472361809045
2023-05-03 14:01:01,691 INFO T:166.13Â°K V:3.8676e-01V I:1.8894e-03A R:2.0470e+02ğ›€ E:1.1937e+01V/cm J:8.2689e-02A/cm2 ğ›’:1.4436e+02ğ›€ cm
2023-05-03 14:01:01,707 INFO Measurement at current 0.001899497487437186
2023-05-03 14:01:02,291 INFO T:166.12Â°K V:3.9157e-01V I:1.8995e-03A R:2.0614e+02ğ›€ E:1.2085e+01V/cm J:8.3129e-02A/cm2 ğ›’:1.4538e+02ğ›€ cm
2023-05-03 14:01:02,327 INFO Measurement at current 0.0019095477386934674
2023-05-03 14:01:02,927 INFO T:166.11Â°K V:3.9766e-01V I:1.9095e-03A R:2.0825e+02ğ›€ E:1.2273e+01V/cm J:8.3569e-02A/cm2 ğ›’:1.4686e+02ğ›€ cm
2023-05-03 14:01:02,947 INFO Measurement at current 0.0019195979899497488
2023-05-03 14:01:03,547 INFO T:166.11Â°K V:4.0426e-01V I:1.9196e-03A R:2.1059e+02ğ›€ E:1.2477e+01V/cm J:8.4009e-02A/cm2 ğ›’:1.4852e+02ğ›€ cm
2023-05-03 14:01:03,571 INFO Measurement at current 0.0019296482412060304
2023-05-03 14:01:04,180 INFO T:166.10Â°K V:4.1408e-01V I:1.9296e-03A R:2.1459e+02ğ›€ E:1.2780e+01V/cm J:8.4449e-02A/cm2 ğ›’:1.5134e+02ğ›€ cm
2023-05-03 14:01:04,199 INFO Measurement at current 0.0019396984924623117
2023-05-03 14:01:04,802 INFO T:166.09Â°K V:4.3853e-01V I:1.9397e-03A R:2.2608e+02ğ›€ E:1.3535e+01V/cm J:8.4888e-02A/cm2 ğ›’:1.5944e+02ğ›€ cm
2023-05-03 14:01:04,818 INFO Measurement at current 0.001949748743718593
2023-05-03 14:01:05,411 INFO T:166.08Â°K V:5.0956e-01V I:1.9497e-03A R:2.6134e+02ğ›€ E:1.5727e+01V/cm J:8.5328e-02A/cm2 ğ›’:1.8431e+02ğ›€ cm
2023-05-03 14:01:05,433 INFO Measurement at current 0.0019597989949748746
2023-05-03 14:01:06,030 INFO T:166.08Â°K V:4.0036e-01V I:1.9598e-03A R:2.0429e+02ğ›€ E:1.2357e+01V/cm J:8.5768e-02A/cm2 ğ›’:1.4407e+02ğ›€ cm
2023-05-03 14:01:06,051 INFO Measurement at current 0.0019698492462311558
2023-05-03 14:01:06,646 INFO T:166.07Â°K V:3.9108e-01V I:1.9698e-03A R:1.9854e+02ğ›€ E:1.2071e+01V/cm J:8.6208e-02A/cm2 ğ›’:1.4002e+02ğ›€ cm
2023-05-03 14:01:06,668 INFO Measurement at current 0.0019798994974874373
2023-05-03 14:01:07,269 INFO T:166.06Â°K V:3.8436e-01V I:1.9799e-03A R:1.9413e+02ğ›€ E:1.1863e+01V/cm J:8.6648e-02A/cm2 ğ›’:1.3691e+02ğ›€ cm
2023-05-03 14:01:07,305 INFO Measurement at current 0.001989949748743719
2023-05-03 14:01:07,892 INFO T:166.06Â°K V:3.8148e-01V I:1.9899e-03A R:1.9170e+02ğ›€ E:1.1774e+01V/cm J:8.7088e-02A/cm2 ğ›’:1.3520e+02ğ›€ cm
2023-05-03 14:01:07,909 INFO Measurement at current 0.002
2023-05-03 14:01:08,544 INFO T:166.05Â°K V:3.8174e-01V I:2.0000e-03A R:1.9087e+02ğ›€ E:1.1782e+01V/cm J:8.7527e-02A/cm2 ğ›’:1.3461e+02ğ›€ cm
2023-05-03 14:01:26,928 INFO Save the description file
2023-05-03 14:01:26,943 INFO Save data in numpy format Esperimenti/CPRO_MUSA_030523_I_V/CPRO_MUSA_030523_I_V_current_from_0_to_20e-4A/CPRO_MUSA_030523_I_V_current_from_0_to_20e-4A-20230503140124
2023-05-03 14:01:26,956 INFO Save data in CSV format Esperimenti/CPRO_MUSA_030523_I_V/CPRO_MUSA_030523_I_V_current_from_0_to_20e-4A/CPRO_MUSA_030523_I_V_current_from_0_to_20e-4A-20230503140124.csv
2023-05-03 14:01:26,990 INFO Save plot as image Esperimenti/CPRO_MUSA_030523_I_V/CPRO_MUSA_030523_I_V_current_from_0_to_20e-4A/CPRO_MUSA_030523_I_V_current_from_0_to_20e-4A-20230503140124.png
