2023-05-03 14:13:03,359 INFO ### Start experiment: CPRO_MUSA_030523_I_V current from 0 to 20e-4A ###
2023-05-03 14:13:04,704 INFO Found Multimeter KEITHLEY INSTRUMENTS INC.,MODEL 2700,0884890,B03  /A02  

2023-05-03 14:13:05,735 INFO Found Nanovolt Meter KEITHLEY INSTRUMENTS INC.,MODEL 2182A,4056474,C03  /A02  

2023-05-03 14:13:05,844 INFO Found Source Meter KEITHLEY INSTRUMENTS INC.,MODEL 2400,0945684,C24   Feb 14 2002 11:59:45/A02  /K/H

2023-05-03 14:13:05,967 INFO Start the measurement loop
2023-05-03 14:13:09,169 INFO Measurement at current 0.0
2023-05-03 14:13:10,094 INFO T:157.05Â°K V:-1.2978e-05V I:0.0000e+00A R:-infğ›€ E:-4.0055e-04V/cm J:0.0000e+00A/cm2 ğ›’:-infğ›€ cm
2023-05-03 14:13:10,112 INFO Measurement at current 1.0050251256281408e-05
2023-05-03 14:13:10,715 INFO T:157.04Â°K V:6.7711e-03V I:1.0050e-05A R:6.7372e+02ğ›€ E:2.0898e-01V/cm J:4.3984e-04A/cm2 ğ›’:4.7514e+02ğ›€ cm
2023-05-03 14:13:10,730 INFO Measurement at current 2.0100502512562815e-05
2023-05-03 14:13:12,167 INFO T:157.01Â°K V:1.3581e-02V I:2.0101e-05A R:6.7564e+02ğ›€ E:4.1916e-01V/cm J:8.7967e-04A/cm2 ğ›’:4.7650e+02ğ›€ cm
2023-05-03 14:13:12,187 INFO Measurement at current 3.0150753768844224e-05
2023-05-03 14:13:12,778 INFO T:157.00Â°K V:2.0374e-02V I:3.0151e-05A R:6.7573e+02ğ›€ E:6.2882e-01V/cm J:1.3195e-03A/cm2 ğ›’:4.7656e+02ğ›€ cm
2023-05-03 14:13:12,797 INFO Measurement at current 4.020100502512563e-05
2023-05-03 14:13:13,385 INFO T:156.99Â°K V:2.7163e-02V I:4.0201e-05A R:6.7568e+02ğ›€ E:8.3836e-01V/cm J:1.7593e-03A/cm2 ğ›’:4.7652e+02ğ›€ cm
2023-05-03 14:13:13,408 INFO Measurement at current 5.0251256281407036e-05
2023-05-03 14:13:14,008 INFO T:156.98Â°K V:3.3906e-02V I:5.0251e-05A R:6.7473e+02ğ›€ E:1.0465e+00V/cm J:2.1992e-03A/cm2 ğ›’:4.7585e+02ğ›€ cm
2023-05-03 14:13:14,031 INFO Measurement at current 6.030150753768845e-05
2023-05-03 14:13:14,636 INFO T:156.97Â°K V:4.0679e-02V I:6.0302e-05A R:6.7459e+02ğ›€ E:1.2555e+00V/cm J:2.6390e-03A/cm2 ğ›’:4.7575e+02ğ›€ cm
2023-05-03 14:13:14,653 INFO Measurement at current 7.035175879396985e-05
2023-05-03 14:13:15,245 INFO T:156.96Â°K V:4.7382e-02V I:7.0352e-05A R:6.7350e+02ğ›€ E:1.4624e+00V/cm J:3.0789e-03A/cm2 ğ›’:4.7499e+02ğ›€ cm
2023-05-03 14:13:15,263 INFO Measurement at current 8.040201005025126e-05
2023-05-03 14:13:15,853 INFO T:156.95Â°K V:5.3824e-02V I:8.0402e-05A R:6.6943e+02ğ›€ E:1.6612e+00V/cm J:3.5187e-03A/cm2 ğ›’:4.7212e+02ğ›€ cm
2023-05-03 14:13:15,882 INFO Measurement at current 9.045226130653267e-05
2023-05-03 14:13:16,480 INFO T:156.94Â°K V:6.0437e-02V I:9.0452e-05A R:6.6816e+02ğ›€ E:1.8653e+00V/cm J:3.9585e-03A/cm2 ğ›’:4.7122e+02ğ›€ cm
2023-05-03 14:13:16,504 INFO Measurement at current 0.00010050251256281407
2023-05-03 14:13:17,105 INFO T:156.93Â°K V:6.7076e-02V I:1.0050e-04A R:6.6741e+02ğ›€ E:2.0703e+00V/cm J:4.3984e-03A/cm2 ğ›’:4.7069e+02ğ›€ cm
2023-05-03 14:13:17,128 INFO Measurement at current 0.00011055276381909548
2023-05-03 14:13:17,728 INFO T:156.92Â°K V:7.3703e-02V I:1.1055e-04A R:6.6668e+02ğ›€ E:2.2748e+00V/cm J:4.8382e-03A/cm2 ğ›’:4.7017e+02ğ›€ cm
2023-05-03 14:13:17,747 INFO Measurement at current 0.0001206030150753769
2023-05-03 14:13:18,334 INFO T:156.91Â°K V:8.0323e-02V I:1.2060e-04A R:6.6601e+02ğ›€ E:2.4791e+00V/cm J:5.2780e-03A/cm2 ğ›’:4.6970e+02ğ›€ cm
2023-05-03 14:13:18,350 INFO Measurement at current 0.0001306532663316583
2023-05-03 14:13:18,937 INFO T:156.90Â°K V:8.6861e-02V I:1.3065e-04A R:6.6482e+02ğ›€ E:2.6809e+00V/cm J:5.7179e-03A/cm2 ğ›’:4.6886e+02ğ›€ cm
2023-05-03 14:13:18,956 INFO Measurement at current 0.0001407035175879397
2023-05-03 14:13:19,551 INFO T:156.89Â°K V:9.3519e-02V I:1.4070e-04A R:6.6465e+02ğ›€ E:2.8864e+00V/cm J:6.1577e-03A/cm2 ğ›’:4.6874e+02ğ›€ cm
2023-05-03 14:13:19,571 INFO Measurement at current 0.00015075376884422112
2023-05-03 14:13:20,180 INFO T:156.88Â°K V:1.0020e-01V I:1.5075e-04A R:6.6463e+02ğ›€ E:3.0925e+00V/cm J:6.5975e-03A/cm2 ğ›’:4.6873e+02ğ›€ cm
2023-05-03 14:13:20,237 INFO Measurement at current 0.00016080402010050252
2023-05-03 14:13:20,832 INFO T:156.87Â°K V:1.0669e-01V I:1.6080e-04A R:6.6351e+02ğ›€ E:3.2930e+00V/cm J:7.0374e-03A/cm2 ğ›’:4.6794e+02ğ›€ cm
2023-05-03 14:13:20,850 INFO Measurement at current 0.00017085427135678393
2023-05-03 14:13:21,449 INFO T:156.86Â°K V:1.1332e-01V I:1.7085e-04A R:6.6325e+02ğ›€ E:3.4975e+00V/cm J:7.4772e-03A/cm2 ğ›’:4.6775e+02ğ›€ cm
2023-05-03 14:13:21,475 INFO Measurement at current 0.00018090452261306533
2023-05-03 14:13:22,811 INFO T:156.83Â°K V:1.2005e-01V I:1.8090e-04A R:6.6362e+02ğ›€ E:3.7053e+00V/cm J:7.9170e-03A/cm2 ğ›’:4.6802e+02ğ›€ cm
2023-05-03 14:13:22,834 INFO Measurement at current 0.00019095477386934674
2023-05-03 14:13:23,448 INFO T:156.82Â°K V:1.2671e-01V I:1.9095e-04A R:6.6353e+02ğ›€ E:3.9106e+00V/cm J:8.3569e-03A/cm2 ğ›’:4.6796e+02ğ›€ cm
2023-05-03 14:13:23,470 INFO Measurement at current 0.00020100502512562814
2023-05-03 14:13:24,072 INFO T:156.81Â°K V:1.3334e-01V I:2.0101e-04A R:6.6334e+02ğ›€ E:4.1153e+00V/cm J:8.7967e-03A/cm2 ğ›’:4.6782e+02ğ›€ cm
2023-05-03 14:13:24,095 INFO Measurement at current 0.00021105527638190955
2023-05-03 14:13:24,688 INFO T:156.80Â°K V:1.3988e-01V I:2.1106e-04A R:6.6279e+02ğ›€ E:4.3174e+00V/cm J:9.2366e-03A/cm2 ğ›’:4.6743e+02ğ›€ cm
2023-05-03 14:13:24,712 INFO Measurement at current 0.00022110552763819096
2023-05-03 14:13:25,312 INFO T:156.79Â°K V:1.4648e-01V I:2.2111e-04A R:6.6250e+02ğ›€ E:4.5211e+00V/cm J:9.6764e-03A/cm2 ğ›’:4.6723e+02ğ›€ cm
2023-05-03 14:13:25,336 INFO Measurement at current 0.00023115577889447236
2023-05-03 14:13:25,918 INFO T:156.78Â°K V:1.5307e-01V I:2.3116e-04A R:6.6219e+02ğ›€ E:4.7243e+00V/cm J:1.0116e-02A/cm2 ğ›’:4.6701e+02ğ›€ cm
2023-05-03 14:13:25,932 INFO Measurement at current 0.0002412060301507538
2023-05-03 14:13:26,519 INFO T:156.77Â°K V:1.5950e-01V I:2.4121e-04A R:6.6126e+02ğ›€ E:4.9229e+00V/cm J:1.0556e-02A/cm2 ğ›’:4.6635e+02ğ›€ cm
2023-05-03 14:13:26,538 INFO Measurement at current 0.0002512562814070352
2023-05-03 14:13:27,134 INFO T:156.76Â°K V:1.6603e-01V I:2.5126e-04A R:6.6079e+02ğ›€ E:5.1243e+00V/cm J:1.0996e-02A/cm2 ğ›’:4.6602e+02ğ›€ cm
2023-05-03 14:13:27,158 INFO Measurement at current 0.0002613065326633166
2023-05-03 14:13:27,759 INFO T:156.75Â°K V:1.7252e-01V I:2.6131e-04A R:6.6024e+02ğ›€ E:5.3248e+00V/cm J:1.1436e-02A/cm2 ğ›’:4.6563e+02ğ›€ cm
2023-05-03 14:13:27,784 INFO Measurement at current 0.000271356783919598
2023-05-03 14:13:28,388 INFO T:156.74Â°K V:1.7900e-01V I:2.7136e-04A R:6.5966e+02ğ›€ E:5.5248e+00V/cm J:1.1876e-02A/cm2 ğ›’:4.6523e+02ğ›€ cm
2023-05-03 14:13:28,412 INFO Measurement at current 0.0002814070351758794
2023-05-03 14:13:29,006 INFO T:156.73Â°K V:1.8552e-01V I:2.8141e-04A R:6.5926e+02ğ›€ E:5.7260e+00V/cm J:1.2315e-02A/cm2 ğ›’:4.6494e+02ğ›€ cm
2023-05-03 14:13:29,025 INFO Measurement at current 0.0002914572864321608
2023-05-03 14:13:29,616 INFO T:156.72Â°K V:1.9199e-01V I:2.9146e-04A R:6.5874e+02ğ›€ E:5.9257e+00V/cm J:1.2755e-02A/cm2 ğ›’:4.6457e+02ğ›€ cm
2023-05-03 14:13:29,641 INFO Measurement at current 0.00030150753768844223
2023-05-03 14:13:30,234 INFO T:156.71Â°K V:1.9845e-01V I:3.0151e-04A R:6.5821e+02ğ›€ E:6.1252e+00V/cm J:1.3195e-02A/cm2 ğ›’:4.6420e+02ğ›€ cm
2023-05-03 14:13:30,251 INFO Measurement at current 0.00031155778894472364
2023-05-03 14:13:30,845 INFO T:156.70Â°K V:2.0481e-01V I:3.1156e-04A R:6.5738e+02ğ›€ E:6.3214e+00V/cm J:1.3635e-02A/cm2 ğ›’:4.6362e+02ğ›€ cm
2023-05-03 14:13:30,866 INFO Measurement at current 0.00032160804020100504
2023-05-03 14:13:31,470 INFO T:156.69Â°K V:2.1128e-01V I:3.2161e-04A R:6.5694e+02ğ›€ E:6.5209e+00V/cm J:1.4075e-02A/cm2 ğ›’:4.6330e+02ğ›€ cm
2023-05-03 14:13:31,498 INFO Measurement at current 0.00033165829145728645
2023-05-03 14:13:32,098 INFO T:156.68Â°K V:2.1759e-01V I:3.3166e-04A R:6.5607e+02ğ›€ E:6.7158e+00V/cm J:1.4515e-02A/cm2 ğ›’:4.6269e+02ğ›€ cm
2023-05-03 14:13:32,120 INFO Measurement at current 0.00034170854271356785
2023-05-03 14:13:32,708 INFO T:156.67Â°K V:2.2410e-01V I:3.4171e-04A R:6.5582e+02ğ›€ E:6.9166e+00V/cm J:1.4954e-02A/cm2 ğ›’:4.6251e+02ğ›€ cm
2023-05-03 14:13:32,726 INFO Measurement at current 0.00035175879396984926
2023-05-03 14:13:33,322 INFO T:156.66Â°K V:2.3051e-01V I:3.5176e-04A R:6.5530e+02ğ›€ E:7.1144e+00V/cm J:1.5394e-02A/cm2 ğ›’:4.6215e+02ğ›€ cm
2023-05-03 14:13:33,373 INFO Measurement at current 0.00036180904522613067
2023-05-03 14:13:33,968 INFO T:156.64Â°K V:2.3675e-01V I:3.6181e-04A R:6.5435e+02ğ›€ E:7.3071e+00V/cm J:1.5834e-02A/cm2 ğ›’:4.6148e+02ğ›€ cm
2023-05-03 14:13:33,994 INFO Measurement at current 0.00037185929648241207
2023-05-03 14:13:34,599 INFO T:156.63Â°K V:2.4294e-01V I:3.7186e-04A R:6.5332e+02ğ›€ E:7.4982e+00V/cm J:1.6274e-02A/cm2 ğ›’:4.6075e+02ğ›€ cm
2023-05-03 14:13:34,620 INFO Measurement at current 0.0003819095477386935
2023-05-03 14:13:35,214 INFO T:156.62Â°K V:2.4923e-01V I:3.8191e-04A R:6.5259e+02ğ›€ E:7.6923e+00V/cm J:1.6714e-02A/cm2 ğ›’:4.6023e+02ğ›€ cm
2023-05-03 14:13:35,230 INFO Measurement at current 0.0003919597989949749
2023-05-03 14:13:35,814 INFO T:156.61Â°K V:2.5558e-01V I:3.9196e-04A R:6.5207e+02ğ›€ E:7.8884e+00V/cm J:1.7154e-02A/cm2 ğ›’:4.5987e+02ğ›€ cm
2023-05-03 14:13:35,835 INFO Measurement at current 0.0004020100502512563
2023-05-03 14:13:36,427 INFO T:156.60Â°K V:2.6175e-01V I:4.0201e-04A R:6.5111e+02ğ›€ E:8.0788e+00V/cm J:1.7593e-02A/cm2 ğ›’:4.5920e+02ğ›€ cm
2023-05-03 14:13:36,467 INFO Measurement at current 0.0004120603015075377
2023-05-03 14:13:37,065 INFO T:156.59Â°K V:2.6814e-01V I:4.1206e-04A R:6.5073e+02ğ›€ E:8.2760e+00V/cm J:1.8033e-02A/cm2 ğ›’:4.5893e+02ğ›€ cm
2023-05-03 14:13:37,089 INFO Measurement at current 0.0004221105527638191
2023-05-03 14:13:37,679 INFO T:156.58Â°K V:2.7434e-01V I:4.2211e-04A R:6.4992e+02ğ›€ E:8.4672e+00V/cm J:1.8473e-02A/cm2 ğ›’:4.5835e+02ğ›€ cm
2023-05-03 14:13:37,698 INFO Measurement at current 0.0004321608040201005
2023-05-03 14:13:38,285 INFO T:156.57Â°K V:2.8046e-01V I:4.3216e-04A R:6.4898e+02ğ›€ E:8.6563e+00V/cm J:1.8913e-02A/cm2 ğ›’:4.5769e+02ğ›€ cm
2023-05-03 14:13:38,300 INFO Measurement at current 0.0004422110552763819
2023-05-03 14:13:38,886 INFO T:156.56Â°K V:2.8667e-01V I:4.4221e-04A R:6.4827e+02ğ›€ E:8.8480e+00V/cm J:1.9353e-02A/cm2 ğ›’:4.5719e+02ğ›€ cm
2023-05-03 14:13:38,907 INFO Measurement at current 0.0004522613065326633
2023-05-03 14:13:39,492 INFO T:156.55Â°K V:2.9276e-01V I:4.5226e-04A R:6.4732e+02ğ›€ E:9.0357e+00V/cm J:1.9793e-02A/cm2 ğ›’:4.5652e+02ğ›€ cm
2023-05-03 14:13:39,509 INFO Measurement at current 0.0004623115577889447
2023-05-03 14:13:40,101 INFO T:156.54Â°K V:2.9888e-01V I:4.6231e-04A R:6.4648e+02ğ›€ E:9.2245e+00V/cm J:2.0232e-02A/cm2 ğ›’:4.5593e+02ğ›€ cm
2023-05-03 14:13:40,132 INFO Measurement at current 0.00047236180904522613
2023-05-03 14:13:40,730 INFO T:156.53Â°K V:3.0500e-01V I:4.7236e-04A R:6.4570e+02ğ›€ E:9.4137e+00V/cm J:2.0672e-02A/cm2 ğ›’:4.5538e+02ğ›€ cm
2023-05-03 14:13:40,755 INFO Measurement at current 0.0004824120603015076
2023-05-03 14:13:41,340 INFO T:156.52Â°K V:3.1103e-01V I:4.8241e-04A R:6.4473e+02ğ›€ E:9.5996e+00V/cm J:2.1112e-02A/cm2 ğ›’:4.5469e+02ğ›€ cm
2023-05-03 14:13:41,360 INFO Measurement at current 0.0004924623115577889
2023-05-03 14:13:41,968 INFO T:156.51Â°K V:3.1701e-01V I:4.9246e-04A R:6.4373e+02ğ›€ E:9.7844e+00V/cm J:2.1552e-02A/cm2 ğ›’:4.5399e+02ğ›€ cm
2023-05-03 14:13:41,987 INFO Measurement at current 0.0005025125628140704
2023-05-03 14:13:42,584 INFO T:156.50Â°K V:3.2309e-01V I:5.0251e-04A R:6.4295e+02ğ›€ E:9.9719e+00V/cm J:2.1992e-02A/cm2 ğ›’:4.5344e+02ğ›€ cm
2023-05-03 14:13:42,609 INFO Measurement at current 0.0005125628140703518
2023-05-03 14:13:43,211 INFO T:156.49Â°K V:3.2925e-01V I:5.1256e-04A R:6.4236e+02ğ›€ E:1.0162e+01V/cm J:2.2432e-02A/cm2 ğ›’:4.5302e+02ğ›€ cm
2023-05-03 14:13:43,235 INFO Measurement at current 0.0005226130653266332
2023-05-03 14:13:43,824 INFO T:156.48Â°K V:3.3535e-01V I:5.2261e-04A R:6.4169e+02ğ›€ E:1.0350e+01V/cm J:2.2871e-02A/cm2 ğ›’:4.5255e+02ğ›€ cm
2023-05-03 14:13:43,848 INFO Measurement at current 0.0005326633165829146
2023-05-03 14:13:44,434 INFO T:156.47Â°K V:3.4146e-01V I:5.3266e-04A R:6.4104e+02ğ›€ E:1.0539e+01V/cm J:2.3311e-02A/cm2 ğ›’:4.5209e+02ğ›€ cm
2023-05-03 14:13:44,447 INFO Measurement at current 0.000542713567839196
2023-05-03 14:13:45,029 INFO T:156.46Â°K V:3.4723e-01V I:5.4271e-04A R:6.3980e+02ğ›€ E:1.0717e+01V/cm J:2.3751e-02A/cm2 ğ›’:4.5121e+02ğ›€ cm
2023-05-03 14:13:45,044 INFO Measurement at current 0.0005527638190954774
2023-05-03 14:13:45,629 INFO T:156.45Â°K V:3.5326e-01V I:5.5276e-04A R:6.3909e+02ğ›€ E:1.0903e+01V/cm J:2.4191e-02A/cm2 ğ›’:4.5071e+02ğ›€ cm
2023-05-03 14:13:45,649 INFO Measurement at current 0.0005628140703517588
2023-05-03 14:13:46,259 INFO T:156.44Â°K V:3.5902e-01V I:5.6281e-04A R:6.3791e+02ğ›€ E:1.1081e+01V/cm J:2.4631e-02A/cm2 ğ›’:4.4988e+02ğ›€ cm
2023-05-03 14:13:46,275 INFO Measurement at current 0.0005728643216080402
2023-05-03 14:13:46,869 INFO T:156.43Â°K V:3.6467e-01V I:5.7286e-04A R:6.3656e+02ğ›€ E:1.1255e+01V/cm J:2.5071e-02A/cm2 ğ›’:4.4894e+02ğ›€ cm
2023-05-03 14:13:46,885 INFO Measurement at current 0.0005829145728643216
2023-05-03 14:13:47,475 INFO T:156.42Â°K V:3.7039e-01V I:5.8291e-04A R:6.3541e+02ğ›€ E:1.1432e+01V/cm J:2.5510e-02A/cm2 ğ›’:4.4812e+02ğ›€ cm
2023-05-03 14:13:47,492 INFO Measurement at current 0.000592964824120603
2023-05-03 14:13:48,103 INFO T:156.41Â°K V:3.7607e-01V I:5.9296e-04A R:6.3421e+02ğ›€ E:1.1607e+01V/cm J:2.5950e-02A/cm2 ğ›’:4.4728e+02ğ›€ cm
2023-05-03 14:13:48,127 INFO Measurement at current 0.0006030150753768845
2023-05-03 14:13:48,744 INFO T:156.40Â°K V:3.8184e-01V I:6.0302e-04A R:6.3321e+02ğ›€ E:1.1785e+01V/cm J:2.6390e-02A/cm2 ğ›’:4.4657e+02ğ›€ cm
2023-05-03 14:13:48,767 INFO Measurement at current 0.0006130653266331658
2023-05-03 14:13:49,371 INFO T:156.39Â°K V:3.8767e-01V I:6.1307e-04A R:6.3235e+02ğ›€ E:1.1965e+01V/cm J:2.6830e-02A/cm2 ğ›’:4.4597e+02ğ›€ cm
2023-05-03 14:13:49,389 INFO Measurement at current 0.0006231155778894473
2023-05-03 14:13:49,977 INFO T:156.38Â°K V:3.9323e-01V I:6.2312e-04A R:6.3106e+02ğ›€ E:1.2137e+01V/cm J:2.7270e-02A/cm2 ğ›’:4.4506e+02ğ›€ cm
2023-05-03 14:13:49,993 INFO Measurement at current 0.0006331658291457286
2023-05-03 14:13:50,580 INFO T:156.37Â°K V:3.9828e-01V I:6.3317e-04A R:6.2904e+02ğ›€ E:1.2293e+01V/cm J:2.7710e-02A/cm2 ğ›’:4.4363e+02ğ›€ cm
2023-05-03 14:13:50,596 INFO Measurement at current 0.0006432160804020101
2023-05-03 14:13:51,205 INFO T:156.36Â°K V:4.0364e-01V I:6.4322e-04A R:6.2754e+02ğ›€ E:1.2458e+01V/cm J:2.8150e-02A/cm2 ğ›’:4.4257e+02ğ›€ cm
2023-05-03 14:13:51,222 INFO Measurement at current 0.0006532663316582915
2023-05-03 14:13:51,813 INFO T:156.34Â°K V:4.0922e-01V I:6.5327e-04A R:6.2643e+02ğ›€ E:1.2630e+01V/cm J:2.8589e-02A/cm2 ğ›’:4.4178e+02ğ›€ cm
2023-05-03 14:13:51,830 INFO Measurement at current 0.0006633165829145729
2023-05-03 14:13:52,419 INFO T:156.34Â°K V:4.1456e-01V I:6.6332e-04A R:6.2498e+02ğ›€ E:1.2795e+01V/cm J:2.9029e-02A/cm2 ğ›’:4.4077e+02ğ›€ cm
2023-05-03 14:13:52,436 INFO Measurement at current 0.0006733668341708544
2023-05-03 14:13:53,036 INFO T:156.32Â°K V:4.1996e-01V I:6.7337e-04A R:6.2367e+02ğ›€ E:1.2962e+01V/cm J:2.9469e-02A/cm2 ğ›’:4.3984e+02ğ›€ cm
2023-05-03 14:13:53,057 INFO Measurement at current 0.0006834170854271357
2023-05-03 14:13:53,666 INFO T:156.31Â°K V:4.2564e-01V I:6.8342e-04A R:6.2281e+02ğ›€ E:1.3137e+01V/cm J:2.9909e-02A/cm2 ğ›’:4.3924e+02ğ›€ cm
2023-05-03 14:13:53,686 INFO Measurement at current 0.0006934673366834172
2023-05-03 14:13:54,277 INFO T:156.30Â°K V:4.3164e-01V I:6.9347e-04A R:6.2244e+02ğ›€ E:1.3322e+01V/cm J:3.0349e-02A/cm2 ğ›’:4.3897e+02ğ›€ cm
2023-05-03 14:13:54,302 INFO Measurement at current 0.0007035175879396985
2023-05-03 14:13:54,886 INFO T:156.29Â°K V:4.3766e-01V I:7.0352e-04A R:6.2210e+02ğ›€ E:1.3508e+01V/cm J:3.0789e-02A/cm2 ğ›’:4.3873e+02ğ›€ cm
2023-05-03 14:13:54,917 INFO Measurement at current 0.00071356783919598
2023-05-03 14:13:55,512 INFO T:156.28Â°K V:4.4303e-01V I:7.1357e-04A R:6.2087e+02ğ›€ E:1.3674e+01V/cm J:3.1228e-02A/cm2 ğ›’:4.3787e+02ğ›€ cm
2023-05-03 14:13:55,528 INFO Measurement at current 0.0007236180904522613
2023-05-03 14:13:56,118 INFO T:156.27Â°K V:4.4840e-01V I:7.2362e-04A R:6.1966e+02ğ›€ E:1.3839e+01V/cm J:3.1668e-02A/cm2 ğ›’:4.3701e+02ğ›€ cm
2023-05-03 14:13:56,131 INFO Measurement at current 0.0007336683417085428
2023-05-03 14:13:56,723 INFO T:156.26Â°K V:4.5362e-01V I:7.3367e-04A R:6.1829e+02ğ›€ E:1.4001e+01V/cm J:3.2108e-02A/cm2 ğ›’:4.3605e+02ğ›€ cm
2023-05-03 14:13:56,738 INFO Measurement at current 0.0007437185929648241
2023-05-03 14:13:57,325 INFO T:156.25Â°K V:4.5888e-01V I:7.4372e-04A R:6.1700e+02ğ›€ E:1.4163e+01V/cm J:3.2548e-02A/cm2 ğ›’:4.3514e+02ğ›€ cm
2023-05-03 14:13:57,340 INFO Measurement at current 0.0007537688442211056
2023-05-03 14:13:57,958 INFO T:156.24Â°K V:4.6394e-01V I:7.5377e-04A R:6.1549e+02ğ›€ E:1.4319e+01V/cm J:3.2988e-02A/cm2 ğ›’:4.3408e+02ğ›€ cm
2023-05-03 14:13:57,977 INFO Measurement at current 0.000763819095477387
2023-05-03 14:13:58,574 INFO T:156.23Â°K V:4.6902e-01V I:7.6382e-04A R:6.1404e+02ğ›€ E:1.4476e+01V/cm J:3.3428e-02A/cm2 ğ›’:4.3305e+02ğ›€ cm
2023-05-03 14:13:58,592 INFO Measurement at current 0.0007738693467336684
2023-05-03 14:13:59,193 INFO T:156.22Â°K V:4.7414e-01V I:7.7387e-04A R:6.1269e+02ğ›€ E:1.4634e+01V/cm J:3.3867e-02A/cm2 ğ›’:4.3210e+02ğ›€ cm
2023-05-03 14:13:59,214 INFO Measurement at current 0.0007839195979899498
2023-05-03 14:13:59,807 INFO T:156.21Â°K V:4.7880e-01V I:7.8392e-04A R:6.1078e+02ğ›€ E:1.4778e+01V/cm J:3.4307e-02A/cm2 ğ›’:4.3075e+02ğ›€ cm
2023-05-03 14:13:59,833 INFO Measurement at current 0.0007939698492462312
2023-05-03 14:14:00,416 INFO T:156.20Â°K V:4.8400e-01V I:7.9397e-04A R:6.0959e+02ğ›€ E:1.4938e+01V/cm J:3.4747e-02A/cm2 ğ›’:4.2991e+02ğ›€ cm
2023-05-03 14:14:00,435 INFO Measurement at current 0.0008040201005025126
2023-05-03 14:14:01,020 INFO T:156.19Â°K V:4.8907e-01V I:8.0402e-04A R:6.0828e+02ğ›€ E:1.5095e+01V/cm J:3.5187e-02A/cm2 ğ›’:4.2899e+02ğ›€ cm
2023-05-03 14:14:01,034 INFO Measurement at current 0.000814070351758794
2023-05-03 14:14:01,637 INFO T:156.18Â°K V:4.9414e-01V I:8.1407e-04A R:6.0699e+02ğ›€ E:1.5251e+01V/cm J:3.5627e-02A/cm2 ğ›’:4.2808e+02ğ›€ cm
2023-05-03 14:14:01,662 INFO Measurement at current 0.0008241206030150754
2023-05-03 14:14:02,269 INFO T:156.17Â°K V:4.9911e-01V I:8.2412e-04A R:6.0563e+02ğ›€ E:1.5405e+01V/cm J:3.6067e-02A/cm2 ğ›’:4.2712e+02ğ›€ cm
2023-05-03 14:14:02,290 INFO Measurement at current 0.0008341708542713569
2023-05-03 14:14:02,881 INFO T:156.16Â°K V:5.0405e-01V I:8.3417e-04A R:6.0426e+02ğ›€ E:1.5557e+01V/cm J:3.6506e-02A/cm2 ğ›’:4.2615e+02ğ›€ cm
2023-05-03 14:14:02,899 INFO Measurement at current 0.0008442211055276382
2023-05-03 14:14:03,496 INFO T:156.15Â°K V:5.0917e-01V I:8.4422e-04A R:6.0313e+02ğ›€ E:1.5715e+01V/cm J:3.6946e-02A/cm2 ğ›’:4.2535e+02ğ›€ cm
2023-05-03 14:14:03,521 INFO Measurement at current 0.0008542713567839197
2023-05-03 14:14:04,111 INFO T:156.14Â°K V:5.1393e-01V I:8.5427e-04A R:6.0160e+02ğ›€ E:1.5862e+01V/cm J:3.7386e-02A/cm2 ğ›’:4.2428e+02ğ›€ cm
2023-05-03 14:14:04,135 INFO Measurement at current 0.000864321608040201
2023-05-03 14:14:04,735 INFO T:156.13Â°K V:5.1889e-01V I:8.6432e-04A R:6.0035e+02ğ›€ E:1.6015e+01V/cm J:3.7826e-02A/cm2 ğ›’:4.2339e+02ğ›€ cm
2023-05-03 14:14:04,759 INFO Measurement at current 0.0008743718592964825
2023-05-03 14:14:05,362 INFO T:156.12Â°K V:5.2369e-01V I:8.7437e-04A R:5.9894e+02ğ›€ E:1.6163e+01V/cm J:3.8266e-02A/cm2 ğ›’:4.2240e+02ğ›€ cm
2023-05-03 14:14:05,384 INFO Measurement at current 0.0008844221105527638
2023-05-03 14:14:05,974 INFO T:156.11Â°K V:5.2873e-01V I:8.8442e-04A R:5.9783e+02ğ›€ E:1.6319e+01V/cm J:3.8706e-02A/cm2 ğ›’:4.2162e+02ğ›€ cm
2023-05-03 14:14:05,999 INFO Measurement at current 0.0008944723618090453
2023-05-03 14:14:06,588 INFO T:156.10Â°K V:5.3387e-01V I:8.9447e-04A R:5.9686e+02ğ›€ E:1.6478e+01V/cm J:3.9145e-02A/cm2 ğ›’:4.2093e+02ğ›€ cm
2023-05-03 14:14:06,610 INFO Measurement at current 0.0009045226130653266
2023-05-03 14:14:07,210 INFO T:156.09Â°K V:5.3937e-01V I:9.0452e-04A R:5.9630e+02ğ›€ E:1.6647e+01V/cm J:3.9585e-02A/cm2 ğ›’:4.2054e+02ğ›€ cm
2023-05-03 14:14:07,227 INFO Measurement at current 0.0009145728643216081
2023-05-03 14:14:07,818 INFO T:156.08Â°K V:5.4430e-01V I:9.1457e-04A R:5.9514e+02ğ›€ E:1.6799e+01V/cm J:4.0025e-02A/cm2 ğ›’:4.1972e+02ğ›€ cm
2023-05-03 14:14:07,848 INFO Measurement at current 0.0009246231155778894
2023-05-03 14:14:08,462 INFO T:156.07Â°K V:5.4901e-01V I:9.2462e-04A R:5.9376e+02ğ›€ E:1.6945e+01V/cm J:4.0465e-02A/cm2 ğ›’:4.1875e+02ğ›€ cm
2023-05-03 14:14:08,478 INFO Measurement at current 0.0009346733668341709
2023-05-03 14:14:09,094 INFO T:156.06Â°K V:5.5380e-01V I:9.3467e-04A R:5.9250e+02ğ›€ E:1.7093e+01V/cm J:4.0905e-02A/cm2 ğ›’:4.1786e+02ğ›€ cm
2023-05-03 14:14:09,117 INFO Measurement at current 0.0009447236180904523
2023-05-03 14:14:09,707 INFO T:156.05Â°K V:5.5833e-01V I:9.4472e-04A R:5.9100e+02ğ›€ E:1.7233e+01V/cm J:4.1345e-02A/cm2 ğ›’:4.1680e+02ğ›€ cm
2023-05-03 14:14:09,729 INFO Measurement at current 0.0009547738693467337
2023-05-03 14:14:10,319 INFO T:156.04Â°K V:5.6284e-01V I:9.5477e-04A R:5.8950e+02ğ›€ E:1.7371e+01V/cm J:4.1784e-02A/cm2 ğ›’:4.1574e+02ğ›€ cm
2023-05-03 14:14:10,339 INFO Measurement at current 0.0009648241206030152
2023-05-03 14:14:10,957 INFO T:156.03Â°K V:5.6716e-01V I:9.6482e-04A R:5.8783e+02ğ›€ E:1.7505e+01V/cm J:4.2224e-02A/cm2 ğ›’:4.1457e+02ğ›€ cm
2023-05-03 14:14:10,986 INFO Measurement at current 0.0009748743718592965
2023-05-03 14:14:11,586 INFO T:156.02Â°K V:5.7092e-01V I:9.7487e-04A R:5.8563e+02ğ›€ E:1.7621e+01V/cm J:4.2664e-02A/cm2 ğ›’:4.1302e+02ğ›€ cm
2023-05-03 14:14:11,625 INFO Measurement at current 0.0009849246231155779
2023-05-03 14:14:12,228 INFO T:156.01Â°K V:5.7535e-01V I:9.8492e-04A R:5.8416e+02ğ›€ E:1.7758e+01V/cm J:4.3104e-02A/cm2 ğ›’:4.1198e+02ğ›€ cm
2023-05-03 14:14:12,245 INFO Measurement at current 0.0009949748743718595
2023-05-03 14:14:12,838 INFO T:156.00Â°K V:5.7985e-01V I:9.9497e-04A R:5.8278e+02ğ›€ E:1.7897e+01V/cm J:4.3544e-02A/cm2 ğ›’:4.1101e+02ğ›€ cm
2023-05-03 14:14:12,860 INFO Measurement at current 0.0010050251256281408
2023-05-03 14:14:13,445 INFO T:155.99Â°K V:5.8448e-01V I:1.0050e-03A R:5.8156e+02ğ›€ E:1.8040e+01V/cm J:4.3984e-02A/cm2 ğ›’:4.1014e+02ğ›€ cm
2023-05-03 14:14:13,482 INFO Measurement at current 0.0010150753768844222
2023-05-03 14:14:14,086 INFO T:155.98Â°K V:5.8910e-01V I:1.0151e-03A R:5.8035e+02ğ›€ E:1.8182e+01V/cm J:4.4423e-02A/cm2 ğ›’:4.0929e+02ğ›€ cm
2023-05-03 14:14:14,101 INFO Measurement at current 0.0010251256281407035
2023-05-03 14:14:14,695 INFO T:155.97Â°K V:5.9367e-01V I:1.0251e-03A R:5.7912e+02ğ›€ E:1.8323e+01V/cm J:4.4863e-02A/cm2 ğ›’:4.0842e+02ğ›€ cm
2023-05-03 14:14:14,709 INFO Measurement at current 0.001035175879396985
2023-05-03 14:14:15,295 INFO T:155.96Â°K V:5.9811e-01V I:1.0352e-03A R:5.7778e+02ğ›€ E:1.8460e+01V/cm J:4.5303e-02A/cm2 ğ›’:4.0748e+02ğ›€ cm
2023-05-03 14:14:15,316 INFO Measurement at current 0.0010452261306532664
2023-05-03 14:14:15,920 INFO T:155.95Â°K V:6.0229e-01V I:1.0452e-03A R:5.7623e+02ğ›€ E:1.8589e+01V/cm J:4.5743e-02A/cm2 ğ›’:4.0639e+02ğ›€ cm
2023-05-03 14:14:15,946 INFO Measurement at current 0.0010552763819095478
2023-05-03 14:14:16,545 INFO T:155.94Â°K V:6.0607e-01V I:1.0553e-03A R:5.7432e+02ğ›€ E:1.8706e+01V/cm J:4.6183e-02A/cm2 ğ›’:4.0504e+02ğ›€ cm
2023-05-03 14:14:16,564 INFO Measurement at current 0.0010653266331658291
2023-05-03 14:14:17,198 INFO T:155.93Â°K V:6.1053e-01V I:1.0653e-03A R:5.7309e+02ğ›€ E:1.8844e+01V/cm J:4.6623e-02A/cm2 ğ›’:4.0417e+02ğ›€ cm
2023-05-03 14:14:17,225 INFO Measurement at current 0.0010753768844221107
2023-05-03 14:14:17,868 INFO T:155.91Â°K V:6.1484e-01V I:1.0754e-03A R:5.7174e+02ğ›€ E:1.8976e+01V/cm J:4.7062e-02A/cm2 ğ›’:4.0322e+02ğ›€ cm
2023-05-03 14:14:17,890 INFO Measurement at current 0.001085427135678392
2023-05-03 14:14:18,475 INFO T:155.90Â°K V:6.1879e-01V I:1.0854e-03A R:5.7009e+02ğ›€ E:1.9098e+01V/cm J:4.7502e-02A/cm2 ğ›’:4.0205e+02ğ›€ cm
2023-05-03 14:14:18,490 INFO Measurement at current 0.0010954773869346734
2023-05-03 14:14:19,076 INFO T:155.89Â°K V:6.2295e-01V I:1.0955e-03A R:5.6865e+02ğ›€ E:1.9227e+01V/cm J:4.7942e-02A/cm2 ğ›’:4.0104e+02ğ›€ cm
2023-05-03 14:14:19,091 INFO Measurement at current 0.0011055276381909548
2023-05-03 14:14:19,679 INFO T:155.88Â°K V:6.2715e-01V I:1.1055e-03A R:5.6729e+02ğ›€ E:1.9357e+01V/cm J:4.8382e-02A/cm2 ğ›’:4.0008e+02ğ›€ cm
2023-05-03 14:14:19,709 INFO Measurement at current 0.0011155778894472363
2023-05-03 14:14:20,315 INFO T:155.87Â°K V:6.3130e-01V I:1.1156e-03A R:5.6590e+02ğ›€ E:1.9485e+01V/cm J:4.8822e-02A/cm2 ğ›’:3.9910e+02ğ›€ cm
2023-05-03 14:14:20,335 INFO Measurement at current 0.0011256281407035177
2023-05-03 14:14:20,940 INFO T:155.86Â°K V:6.3522e-01V I:1.1256e-03A R:5.6432e+02ğ›€ E:1.9606e+01V/cm J:4.9262e-02A/cm2 ğ›’:3.9799e+02ğ›€ cm
2023-05-03 14:14:20,958 INFO Measurement at current 0.001135678391959799
2023-05-03 14:14:21,550 INFO T:155.85Â°K V:6.3947e-01V I:1.1357e-03A R:5.6307e+02ğ›€ E:1.9737e+01V/cm J:4.9701e-02A/cm2 ğ›’:3.9710e+02ğ›€ cm
2023-05-03 14:14:21,596 INFO Measurement at current 0.0011457286432160804
2023-05-03 14:14:22,184 INFO T:155.84Â°K V:6.4343e-01V I:1.1457e-03A R:5.6159e+02ğ›€ E:1.9859e+01V/cm J:5.0141e-02A/cm2 ğ›’:3.9606e+02ğ›€ cm
2023-05-03 14:14:22,202 INFO Measurement at current 0.001155778894472362
2023-05-03 14:14:22,792 INFO T:155.83Â°K V:6.4781e-01V I:1.1558e-03A R:5.6049e+02ğ›€ E:1.9994e+01V/cm J:5.0581e-02A/cm2 ğ›’:3.9529e+02ğ›€ cm
2023-05-03 14:14:22,813 INFO Measurement at current 0.0011658291457286433
2023-05-03 14:14:23,400 INFO T:155.82Â°K V:6.5194e-01V I:1.1658e-03A R:5.5921e+02ğ›€ E:2.0122e+01V/cm J:5.1021e-02A/cm2 ğ›’:3.9438e+02ğ›€ cm
2023-05-03 14:14:23,415 INFO Measurement at current 0.0011758793969849247
2023-05-03 14:14:24,004 INFO T:155.81Â°K V:6.5563e-01V I:1.1759e-03A R:5.5756e+02ğ›€ E:2.0235e+01V/cm J:5.1461e-02A/cm2 ğ›’:3.9322e+02ğ›€ cm
2023-05-03 14:14:24,046 INFO Measurement at current 0.001185929648241206
2023-05-03 14:14:24,641 INFO T:155.80Â°K V:6.5937e-01V I:1.1859e-03A R:5.5599e+02ğ›€ E:2.0351e+01V/cm J:5.1901e-02A/cm2 ğ›’:3.9211e+02ğ›€ cm
2023-05-03 14:14:24,681 INFO Measurement at current 0.0011959798994974876
2023-05-03 14:14:25,280 INFO T:155.79Â°K V:6.6316e-01V I:1.1960e-03A R:5.5449e+02ğ›€ E:2.0468e+01V/cm J:5.2340e-02A/cm2 ğ›’:3.9105e+02ğ›€ cm
2023-05-03 14:14:25,296 INFO Measurement at current 0.001206030150753769
2023-05-03 14:14:25,886 INFO T:155.78Â°K V:6.6725e-01V I:1.2060e-03A R:5.5326e+02ğ›€ E:2.0594e+01V/cm J:5.2780e-02A/cm2 ğ›’:3.9018e+02ğ›€ cm
2023-05-03 14:14:25,910 INFO Measurement at current 0.0012160804020100503
2023-05-03 14:14:26,508 INFO T:155.77Â°K V:6.7100e-01V I:1.2161e-03A R:5.5177e+02ğ›€ E:2.0710e+01V/cm J:5.3220e-02A/cm2 ğ›’:3.8914e+02ğ›€ cm
2023-05-03 14:14:26,527 INFO Measurement at current 0.0012261306532663316
2023-05-03 14:14:27,127 INFO T:155.76Â°K V:6.7486e-01V I:1.2261e-03A R:5.5040e+02ğ›€ E:2.0829e+01V/cm J:5.3660e-02A/cm2 ğ›’:3.8817e+02ğ›€ cm
2023-05-03 14:14:27,160 INFO Measurement at current 0.0012361809045226132
2023-05-03 14:14:27,760 INFO T:155.75Â°K V:6.7839e-01V I:1.2362e-03A R:5.4878e+02ğ›€ E:2.0938e+01V/cm J:5.4100e-02A/cm2 ğ›’:3.8702e+02ğ›€ cm
2023-05-03 14:14:27,782 INFO Measurement at current 0.0012462311557788945
2023-05-03 14:14:28,419 INFO T:155.74Â°K V:6.8206e-01V I:1.2462e-03A R:5.4729e+02ğ›€ E:2.1051e+01V/cm J:5.4540e-02A/cm2 ğ›’:3.8598e+02ğ›€ cm
2023-05-03 14:14:28,448 INFO Measurement at current 0.001256281407035176
2023-05-03 14:14:29,031 INFO T:155.73Â°K V:6.8629e-01V I:1.2563e-03A R:5.4628e+02ğ›€ E:2.1182e+01V/cm J:5.4979e-02A/cm2 ğ›’:3.8526e+02ğ›€ cm
2023-05-03 14:14:29,062 INFO Measurement at current 0.0012663316582914572
2023-05-03 14:14:29,646 INFO T:155.72Â°K V:6.8978e-01V I:1.2663e-03A R:5.4471e+02ğ›€ E:2.1290e+01V/cm J:5.5419e-02A/cm2 ğ›’:3.8415e+02ğ›€ cm
2023-05-03 14:14:29,663 INFO Measurement at current 0.0012763819095477388
2023-05-03 14:14:30,262 INFO T:155.71Â°K V:6.9360e-01V I:1.2764e-03A R:5.4341e+02ğ›€ E:2.1407e+01V/cm J:5.5859e-02A/cm2 ğ›’:3.8324e+02ğ›€ cm
2023-05-03 14:14:30,283 INFO Measurement at current 0.0012864321608040202
2023-05-03 14:14:30,873 INFO T:155.70Â°K V:6.9722e-01V I:1.2864e-03A R:5.4198e+02ğ›€ E:2.1519e+01V/cm J:5.6299e-02A/cm2 ğ›’:3.8223e+02ğ›€ cm
2023-05-03 14:14:30,893 INFO Measurement at current 0.0012964824120603015
2023-05-03 14:14:31,484 INFO T:155.69Â°K V:7.0076e-01V I:1.2965e-03A R:5.4051e+02ğ›€ E:2.1628e+01V/cm J:5.6739e-02A/cm2 ğ›’:3.8119e+02ğ›€ cm
2023-05-03 14:14:31,500 INFO Measurement at current 0.001306532663316583
2023-05-03 14:14:32,102 INFO T:155.68Â°K V:7.0419e-01V I:1.3065e-03A R:5.3898e+02ğ›€ E:2.1734e+01V/cm J:5.7179e-02A/cm2 ğ›’:3.8011e+02ğ›€ cm
2023-05-03 14:14:32,140 INFO Measurement at current 0.0013165829145728644
2023-05-03 14:14:32,734 INFO T:155.67Â°K V:7.0744e-01V I:1.3166e-03A R:5.3733e+02ğ›€ E:2.1835e+01V/cm J:5.7619e-02A/cm2 ğ›’:3.7895e+02ğ›€ cm
2023-05-03 14:14:32,769 INFO Measurement at current 0.0013266331658291458
2023-05-03 14:14:33,376 INFO T:155.66Â°K V:7.1108e-01V I:1.3266e-03A R:5.3601e+02ğ›€ E:2.1947e+01V/cm J:5.8058e-02A/cm2 ğ›’:3.7802e+02ğ›€ cm
2023-05-03 14:14:33,405 INFO Measurement at current 0.0013366834170854271
2023-05-03 14:14:34,003 INFO T:155.65Â°K V:7.1481e-01V I:1.3367e-03A R:5.3477e+02ğ›€ E:2.2062e+01V/cm J:5.8498e-02A/cm2 ğ›’:3.7714e+02ğ›€ cm
2023-05-03 14:14:34,020 INFO Measurement at current 0.0013467336683417087
2023-05-03 14:14:34,607 INFO T:155.64Â°K V:7.1830e-01V I:1.3467e-03A R:5.3336e+02ğ›€ E:2.2170e+01V/cm J:5.8938e-02A/cm2 ğ›’:3.7615e+02ğ›€ cm
2023-05-03 14:14:34,623 INFO Measurement at current 0.00135678391959799
2023-05-03 14:14:35,251 INFO T:155.63Â°K V:7.2203e-01V I:1.3568e-03A R:5.3216e+02ğ›€ E:2.2285e+01V/cm J:5.9378e-02A/cm2 ğ›’:3.7531e+02ğ›€ cm
2023-05-03 14:14:35,300 INFO Measurement at current 0.0013668341708542714
2023-05-03 14:14:35,914 INFO T:155.62Â°K V:7.2594e-01V I:1.3668e-03A R:5.3111e+02ğ›€ E:2.2405e+01V/cm J:5.9818e-02A/cm2 ğ›’:3.7456e+02ğ›€ cm
2023-05-03 14:14:35,933 INFO Measurement at current 0.0013768844221105528
2023-05-03 14:14:36,543 INFO T:155.61Â°K V:7.2919e-01V I:1.3769e-03A R:5.2959e+02ğ›€ E:2.2506e+01V/cm J:6.0258e-02A/cm2 ğ›’:3.7349e+02ğ›€ cm
2023-05-03 14:14:36,580 INFO Measurement at current 0.0013869346733668343
2023-05-03 14:14:37,179 INFO T:155.60Â°K V:7.3268e-01V I:1.3869e-03A R:5.2827e+02ğ›€ E:2.2613e+01V/cm J:6.0697e-02A/cm2 ğ›’:3.7256e+02ğ›€ cm
2023-05-03 14:14:37,212 INFO Measurement at current 0.0013969849246231157
2023-05-03 14:14:37,809 INFO T:155.59Â°K V:7.3537e-01V I:1.3970e-03A R:5.2640e+02ğ›€ E:2.2697e+01V/cm J:6.1137e-02A/cm2 ğ›’:3.7124e+02ğ›€ cm
2023-05-03 14:14:37,858 INFO Measurement at current 0.001407035175879397
2023-05-03 14:14:38,451 INFO T:155.58Â°K V:7.3836e-01V I:1.4070e-03A R:5.2476e+02ğ›€ E:2.2789e+01V/cm J:6.1577e-02A/cm2 ğ›’:3.7009e+02ğ›€ cm
2023-05-03 14:14:38,508 INFO Measurement at current 0.0014170854271356784
2023-05-03 14:14:39,097 INFO T:155.57Â°K V:7.4131e-01V I:1.4171e-03A R:5.2313e+02ğ›€ E:2.2880e+01V/cm J:6.2017e-02A/cm2 ğ›’:3.6893e+02ğ›€ cm
2023-05-03 14:14:39,112 INFO Measurement at current 0.00142713567839196
2023-05-03 14:14:39,694 INFO T:155.56Â°K V:7.4470e-01V I:1.4271e-03A R:5.2181e+02ğ›€ E:2.2984e+01V/cm J:6.2457e-02A/cm2 ğ›’:3.6801e+02ğ›€ cm
2023-05-03 14:14:39,709 INFO Measurement at current 0.0014371859296482413
2023-05-03 14:14:40,293 INFO T:155.55Â°K V:7.4793e-01V I:1.4372e-03A R:5.2041e+02ğ›€ E:2.3084e+01V/cm J:6.2897e-02A/cm2 ğ›’:3.6702e+02ğ›€ cm
2023-05-03 14:14:40,309 INFO Measurement at current 0.0014472361809045227
2023-05-03 14:14:40,903 INFO T:155.54Â°K V:7.5140e-01V I:1.4472e-03A R:5.1919e+02ğ›€ E:2.3191e+01V/cm J:6.3336e-02A/cm2 ğ›’:3.6616e+02ğ›€ cm
2023-05-03 14:14:40,919 INFO Measurement at current 0.001457286432160804
2023-05-03 14:14:41,505 INFO T:155.53Â°K V:7.5517e-01V I:1.4573e-03A R:5.1820e+02ğ›€ E:2.3308e+01V/cm J:6.3776e-02A/cm2 ğ›’:3.6546e+02ğ›€ cm
2023-05-03 14:14:41,520 INFO Measurement at current 0.0014673366834170856
2023-05-03 14:14:42,107 INFO T:155.52Â°K V:7.5791e-01V I:1.4673e-03A R:5.1652e+02ğ›€ E:2.3392e+01V/cm J:6.4216e-02A/cm2 ğ›’:3.6427e+02ğ›€ cm
2023-05-03 14:14:42,134 INFO Measurement at current 0.001477386934673367
2023-05-03 14:14:42,731 INFO T:155.51Â°K V:7.6087e-01V I:1.4774e-03A R:5.1501e+02ğ›€ E:2.3484e+01V/cm J:6.4656e-02A/cm2 ğ›’:3.6321e+02ğ›€ cm
2023-05-03 14:14:42,755 INFO Measurement at current 0.0014874371859296483
2023-05-03 14:14:43,345 INFO T:155.50Â°K V:7.6402e-01V I:1.4874e-03A R:5.1365e+02ğ›€ E:2.3581e+01V/cm J:6.5096e-02A/cm2 ğ›’:3.6225e+02ğ›€ cm
2023-05-03 14:14:43,376 INFO Measurement at current 0.0014974874371859296
2023-05-03 14:14:43,963 INFO T:155.49Â°K V:7.6724e-01V I:1.4975e-03A R:5.1235e+02ğ›€ E:2.3680e+01V/cm J:6.5536e-02A/cm2 ğ›’:3.6133e+02ğ›€ cm
2023-05-03 14:14:43,992 INFO Measurement at current 0.0015075376884422112
2023-05-03 14:14:44,597 INFO T:155.48Â°K V:7.7026e-01V I:1.5075e-03A R:5.1094e+02ğ›€ E:2.3774e+01V/cm J:6.5975e-02A/cm2 ğ›’:3.6034e+02ğ›€ cm
2023-05-03 14:14:44,615 INFO Measurement at current 0.0015175879396984926
2023-05-03 14:14:45,205 INFO T:155.47Â°K V:7.7364e-01V I:1.5176e-03A R:5.0978e+02ğ›€ E:2.3878e+01V/cm J:6.6415e-02A/cm2 ğ›’:3.5952e+02ğ›€ cm
2023-05-03 14:14:45,234 INFO Measurement at current 0.001527638190954774
2023-05-03 14:14:45,824 INFO T:155.46Â°K V:7.7669e-01V I:1.5276e-03A R:5.0842e+02ğ›€ E:2.3972e+01V/cm J:6.6855e-02A/cm2 ğ›’:3.5856e+02ğ›€ cm
2023-05-03 14:14:45,846 INFO Measurement at current 0.0015376884422110553
2023-05-03 14:14:46,438 INFO T:155.45Â°K V:7.7978e-01V I:1.5377e-03A R:5.0711e+02ğ›€ E:2.4067e+01V/cm J:6.7295e-02A/cm2 ğ›’:3.5764e+02ğ›€ cm
2023-05-03 14:14:46,466 INFO Measurement at current 0.0015477386934673368
2023-05-03 14:14:47,059 INFO T:155.44Â°K V:7.8261e-01V I:1.5477e-03A R:5.0565e+02ğ›€ E:2.4155e+01V/cm J:6.7735e-02A/cm2 ğ›’:3.5661e+02ğ›€ cm
2023-05-03 14:14:47,109 INFO Measurement at current 0.0015577889447236182
2023-05-03 14:14:47,721 INFO T:155.43Â°K V:7.8577e-01V I:1.5578e-03A R:5.0442e+02ğ›€ E:2.4252e+01V/cm J:6.8175e-02A/cm2 ğ›’:3.5574e+02ğ›€ cm
2023-05-03 14:14:47,740 INFO Measurement at current 0.0015678391959798995
2023-05-03 14:14:48,352 INFO T:155.42Â°K V:7.8865e-01V I:1.5678e-03A R:5.0302e+02ğ›€ E:2.4341e+01V/cm J:6.8614e-02A/cm2 ğ›’:3.5475e+02ğ›€ cm
2023-05-03 14:14:48,375 INFO Measurement at current 0.0015778894472361809
2023-05-03 14:14:48,976 INFO T:155.41Â°K V:7.9098e-01V I:1.5779e-03A R:5.0129e+02ğ›€ E:2.4413e+01V/cm J:6.9054e-02A/cm2 ğ›’:3.5353e+02ğ›€ cm
2023-05-03 14:14:48,996 INFO Measurement at current 0.0015879396984924625
2023-05-03 14:14:49,634 INFO T:155.40Â°K V:7.9373e-01V I:1.5879e-03A R:4.9985e+02ğ›€ E:2.4498e+01V/cm J:6.9494e-02A/cm2 ğ›’:3.5252e+02ğ›€ cm
2023-05-03 14:14:49,671 INFO Measurement at current 0.0015979899497487438
2023-05-03 14:14:50,273 INFO T:155.39Â°K V:7.9617e-01V I:1.5980e-03A R:4.9823e+02ğ›€ E:2.4573e+01V/cm J:6.9934e-02A/cm2 ğ›’:3.5138e+02ğ›€ cm
2023-05-03 14:14:50,297 INFO Measurement at current 0.0016080402010050252
2023-05-03 14:14:50,895 INFO T:155.38Â°K V:7.9906e-01V I:1.6080e-03A R:4.9691e+02ğ›€ E:2.4662e+01V/cm J:7.0374e-02A/cm2 ğ›’:3.5045e+02ğ›€ cm
2023-05-03 14:14:50,915 INFO Measurement at current 0.0016180904522613067
2023-05-03 14:14:51,519 INFO T:155.37Â°K V:8.0219e-01V I:1.6181e-03A R:4.9576e+02ğ›€ E:2.4759e+01V/cm J:7.0814e-02A/cm2 ğ›’:3.4964e+02ğ›€ cm
2023-05-03 14:14:51,541 INFO Measurement at current 0.001628140703517588
2023-05-03 14:14:52,136 INFO T:155.36Â°K V:8.0514e-01V I:1.6281e-03A R:4.9452e+02ğ›€ E:2.4850e+01V/cm J:7.1253e-02A/cm2 ğ›’:3.4876e+02ğ›€ cm
2023-05-03 14:14:52,171 INFO Measurement at current 0.0016381909547738694
2023-05-03 14:14:52,771 INFO T:155.35Â°K V:8.0829e-01V I:1.6382e-03A R:4.9340e+02ğ›€ E:2.4947e+01V/cm J:7.1693e-02A/cm2 ğ›’:3.4797e+02ğ›€ cm
2023-05-03 14:14:52,798 INFO Measurement at current 0.0016482412060301508
2023-05-03 14:14:53,396 INFO T:155.34Â°K V:8.1137e-01V I:1.6482e-03A R:4.9226e+02ğ›€ E:2.5042e+01V/cm J:7.2133e-02A/cm2 ğ›’:3.4717e+02ğ›€ cm
2023-05-03 14:14:53,414 INFO Measurement at current 0.0016582914572864324
2023-05-03 14:14:53,998 INFO T:155.33Â°K V:8.1377e-01V I:1.6583e-03A R:4.9073e+02ğ›€ E:2.5116e+01V/cm J:7.2573e-02A/cm2 ğ›’:3.4608e+02ğ›€ cm
2023-05-03 14:14:54,018 INFO Measurement at current 0.0016683417085427137
2023-05-03 14:14:54,608 INFO T:155.32Â°K V:8.1675e-01V I:1.6683e-03A R:4.8956e+02ğ›€ E:2.5208e+01V/cm J:7.3013e-02A/cm2 ğ›’:3.4526e+02ğ›€ cm
2023-05-03 14:14:54,623 INFO Measurement at current 0.001678391959798995
2023-05-03 14:14:55,223 INFO T:155.31Â°K V:8.1931e-01V I:1.6784e-03A R:4.8815e+02ğ›€ E:2.5287e+01V/cm J:7.3453e-02A/cm2 ğ›’:3.4427e+02ğ›€ cm
2023-05-03 14:14:55,238 INFO Measurement at current 0.0016884422110552764
2023-05-03 14:14:55,821 INFO T:155.30Â°K V:8.2203e-01V I:1.6884e-03A R:4.8686e+02ğ›€ E:2.5371e+01V/cm J:7.3892e-02A/cm2 ğ›’:3.4336e+02ğ›€ cm
2023-05-03 14:14:55,839 INFO Measurement at current 0.001698492462311558
2023-05-03 14:14:56,428 INFO T:155.29Â°K V:8.2479e-01V I:1.6985e-03A R:4.8560e+02ğ›€ E:2.5457e+01V/cm J:7.4332e-02A/cm2 ğ›’:3.4247e+02ğ›€ cm
2023-05-03 14:14:56,444 INFO Measurement at current 0.0017085427135678393
2023-05-03 14:14:57,027 INFO T:155.28Â°K V:8.2772e-01V I:1.7085e-03A R:4.8446e+02ğ›€ E:2.5547e+01V/cm J:7.4772e-02A/cm2 ğ›’:3.4166e+02ğ›€ cm
2023-05-03 14:14:57,042 INFO Measurement at current 0.0017185929648241207
2023-05-03 14:14:57,634 INFO T:155.27Â°K V:8.3026e-01V I:1.7186e-03A R:4.8310e+02ğ›€ E:2.5625e+01V/cm J:7.5212e-02A/cm2 ğ›’:3.4071e+02ğ›€ cm
2023-05-03 14:14:57,650 INFO Measurement at current 0.001728643216080402
2023-05-03 14:14:58,232 INFO T:155.26Â°K V:8.3256e-01V I:1.7286e-03A R:4.8162e+02ğ›€ E:2.5696e+01V/cm J:7.5652e-02A/cm2 ğ›’:3.3966e+02ğ›€ cm
2023-05-03 14:14:58,254 INFO Measurement at current 0.0017386934673366836
2023-05-03 14:14:58,856 INFO T:155.25Â°K V:8.3533e-01V I:1.7387e-03A R:4.8044e+02ğ›€ E:2.5782e+01V/cm J:7.6092e-02A/cm2 ğ›’:3.3883e+02ğ›€ cm
2023-05-03 14:14:58,873 INFO Measurement at current 0.001748743718592965
2023-05-03 14:14:59,460 INFO T:155.24Â°K V:8.3737e-01V I:1.7487e-03A R:4.7884e+02ğ›€ E:2.5845e+01V/cm J:7.6531e-02A/cm2 ğ›’:3.3770e+02ğ›€ cm
2023-05-03 14:14:59,475 INFO Measurement at current 0.0017587939698492463
2023-05-03 14:15:00,070 INFO T:155.23Â°K V:8.4012e-01V I:1.7588e-03A R:4.7767e+02ğ›€ E:2.5930e+01V/cm J:7.6971e-02A/cm2 ğ›’:3.3687e+02ğ›€ cm
2023-05-03 14:15:00,114 INFO Measurement at current 0.0017688442211055277
2023-05-03 14:15:00,734 INFO T:155.22Â°K V:8.4284e-01V I:1.7688e-03A R:4.7649e+02ğ›€ E:2.6013e+01V/cm J:7.7411e-02A/cm2 ğ›’:3.3604e+02ğ›€ cm
2023-05-03 14:15:00,754 INFO Measurement at current 0.0017788944723618092
2023-05-03 14:15:01,344 INFO T:155.21Â°K V:8.4530e-01V I:1.7789e-03A R:4.7518e+02ğ›€ E:2.6090e+01V/cm J:7.7851e-02A/cm2 ğ›’:3.3512e+02ğ›€ cm
2023-05-03 14:15:01,387 INFO Measurement at current 0.0017889447236180906
2023-05-03 14:15:01,976 INFO T:155.20Â°K V:8.4788e-01V I:1.7889e-03A R:4.7396e+02ğ›€ E:2.6169e+01V/cm J:7.8291e-02A/cm2 ğ›’:3.3426e+02ğ›€ cm
2023-05-03 14:15:01,997 INFO Measurement at current 0.001798994974874372
2023-05-03 14:15:02,601 INFO T:155.19Â°K V:8.5031e-01V I:1.7990e-03A R:4.7266e+02ğ›€ E:2.6244e+01V/cm J:7.8731e-02A/cm2 ğ›’:3.3334e+02ğ›€ cm
2023-05-03 14:15:02,640 INFO Measurement at current 0.0018090452261306533
2023-05-03 14:15:03,227 INFO T:155.18Â°K V:8.5232e-01V I:1.8090e-03A R:4.7114e+02ğ›€ E:2.6306e+01V/cm J:7.9170e-02A/cm2 ğ›’:3.3227e+02ğ›€ cm
2023-05-03 14:15:03,252 INFO Measurement at current 0.0018190954773869348
2023-05-03 14:15:03,858 INFO T:155.17Â°K V:8.5451e-01V I:1.8191e-03A R:4.6975e+02ğ›€ E:2.6374e+01V/cm J:7.9610e-02A/cm2 ğ›’:3.3129e+02ğ›€ cm
2023-05-03 14:15:03,875 INFO Measurement at current 0.0018291457286432162
2023-05-03 14:15:04,469 INFO T:155.16Â°K V:8.5716e-01V I:1.8291e-03A R:4.6861e+02ğ›€ E:2.6456e+01V/cm J:8.0050e-02A/cm2 ğ›’:3.3049e+02ğ›€ cm
2023-05-03 14:15:04,488 INFO Measurement at current 0.0018391959798994975
2023-05-03 14:15:05,094 INFO T:155.15Â°K V:8.5983e-01V I:1.8392e-03A R:4.6750e+02ğ›€ E:2.6538e+01V/cm J:8.0490e-02A/cm2 ğ›’:3.2970e+02ğ›€ cm
2023-05-03 14:15:05,142 INFO Measurement at current 0.001849246231155779
2023-05-03 14:15:05,761 INFO T:155.14Â°K V:8.6154e-01V I:1.8492e-03A R:4.6589e+02ğ›€ E:2.6591e+01V/cm J:8.0930e-02A/cm2 ğ›’:3.2857e+02ğ›€ cm
2023-05-03 14:15:05,784 INFO Measurement at current 0.0018592964824120605
2023-05-03 14:15:06,387 INFO T:155.13Â°K V:8.6361e-01V I:1.8593e-03A R:4.6448e+02ğ›€ E:2.6655e+01V/cm J:8.1370e-02A/cm2 ğ›’:3.2758e+02ğ›€ cm
2023-05-03 14:15:06,415 INFO Measurement at current 0.0018693467336683418
2023-05-03 14:15:07,016 INFO T:155.12Â°K V:8.6571e-01V I:1.8693e-03A R:4.6311e+02ğ›€ E:2.6720e+01V/cm J:8.1809e-02A/cm2 ğ›’:3.2661e+02ğ›€ cm
2023-05-03 14:15:07,039 INFO Measurement at current 0.0018793969849246232
2023-05-03 14:15:07,659 INFO T:155.11Â°K V:8.6847e-01V I:1.8794e-03A R:4.6210e+02ğ›€ E:2.6805e+01V/cm J:8.2249e-02A/cm2 ğ›’:3.2590e+02ğ›€ cm
2023-05-03 14:15:07,679 INFO Measurement at current 0.0018894472361809045
2023-05-03 14:15:08,310 INFO T:155.10Â°K V:8.7099e-01V I:1.8894e-03A R:4.6097e+02ğ›€ E:2.6882e+01V/cm J:8.2689e-02A/cm2 ğ›’:3.2510e+02ğ›€ cm
2023-05-03 14:15:08,326 INFO Measurement at current 0.001899497487437186
2023-05-03 14:15:08,949 INFO T:155.09Â°K V:8.7311e-01V I:1.8995e-03A R:4.5965e+02ğ›€ E:2.6948e+01V/cm J:8.3129e-02A/cm2 ğ›’:3.2417e+02ğ›€ cm
2023-05-03 14:15:08,968 INFO Measurement at current 0.0019095477386934674
2023-05-03 14:15:09,564 INFO T:155.08Â°K V:8.7520e-01V I:1.9095e-03A R:4.5833e+02ğ›€ E:2.7012e+01V/cm J:8.3569e-02A/cm2 ğ›’:3.2324e+02ğ›€ cm
2023-05-03 14:15:09,583 INFO Measurement at current 0.0019195979899497488
2023-05-03 14:15:10,185 INFO T:155.07Â°K V:8.7733e-01V I:1.9196e-03A R:4.5704e+02ğ›€ E:2.7078e+01V/cm J:8.4009e-02A/cm2 ğ›’:3.2232e+02ğ›€ cm
2023-05-03 14:15:10,237 INFO Measurement at current 0.0019296482412060304
2023-05-03 14:15:10,826 INFO T:155.06Â°K V:8.7958e-01V I:1.9296e-03A R:4.5582e+02ğ›€ E:2.7147e+01V/cm J:8.4449e-02A/cm2 ğ›’:3.2147e+02ğ›€ cm
2023-05-03 14:15:10,868 INFO Measurement at current 0.0019396984924623117
2023-05-03 14:15:11,479 INFO T:155.05Â°K V:8.8128e-01V I:1.9397e-03A R:4.5434e+02ğ›€ E:2.7200e+01V/cm J:8.4888e-02A/cm2 ğ›’:3.2042e+02ğ›€ cm
2023-05-03 14:15:11,500 INFO Measurement at current 0.001949748743718593
2023-05-03 14:15:12,160 INFO T:155.04Â°K V:8.8378e-01V I:1.9497e-03A R:4.5328e+02ğ›€ E:2.7277e+01V/cm J:8.5328e-02A/cm2 ğ›’:3.1967e+02ğ›€ cm
2023-05-03 14:15:12,180 INFO Measurement at current 0.0019597989949748746
2023-05-03 14:15:12,821 INFO T:155.02Â°K V:8.8586e-01V I:1.9598e-03A R:4.5202e+02ğ›€ E:2.7341e+01V/cm J:8.5768e-02A/cm2 ğ›’:3.1878e+02ğ›€ cm
2023-05-03 14:15:12,839 INFO Measurement at current 0.0019698492462311558
2023-05-03 14:15:13,491 INFO T:155.01Â°K V:8.8856e-01V I:1.9698e-03A R:4.5108e+02ğ›€ E:2.7425e+01V/cm J:8.6208e-02A/cm2 ğ›’:3.1812e+02ğ›€ cm
2023-05-03 14:15:13,516 INFO Measurement at current 0.0019798994974874373
2023-05-03 14:15:14,128 INFO T:155.00Â°K V:8.9030e-01V I:1.9799e-03A R:4.4967e+02ğ›€ E:2.7478e+01V/cm J:8.6648e-02A/cm2 ğ›’:3.1713e+02ğ›€ cm
2023-05-03 14:15:14,162 INFO Measurement at current 0.001989949748743719
2023-05-03 14:15:14,747 INFO T:154.99Â°K V:8.9208e-01V I:1.9899e-03A R:4.4829e+02ğ›€ E:2.7533e+01V/cm J:8.7088e-02A/cm2 ğ›’:3.1616e+02ğ›€ cm
2023-05-03 14:15:14,799 INFO Measurement at current 0.002
2023-05-03 14:15:15,397 INFO T:154.98Â°K V:8.9385e-01V I:2.0000e-03A R:4.4692e+02ğ›€ E:2.7588e+01V/cm J:8.7527e-02A/cm2 ğ›’:3.1519e+02ğ›€ cm
2023-05-03 14:16:15,927 INFO Save the description file
2023-05-03 14:16:15,930 INFO Save data in numpy format Esperimenti/CPRO_MUSA_030523_I_V/CPRO_MUSA_030523_I_V_current_from_0_to_20e-4A/CPRO_MUSA_030523_I_V_current_from_0_to_20e-4A-20230503141612
2023-05-03 14:16:15,937 INFO Save data in CSV format Esperimenti/CPRO_MUSA_030523_I_V/CPRO_MUSA_030523_I_V_current_from_0_to_20e-4A/CPRO_MUSA_030523_I_V_current_from_0_to_20e-4A-20230503141612.csv
2023-05-03 14:16:15,951 INFO Save plot as image Esperimenti/CPRO_MUSA_030523_I_V/CPRO_MUSA_030523_I_V_current_from_0_to_20e-4A/CPRO_MUSA_030523_I_V_current_from_0_to_20e-4A-20230503141612.png
