2023-05-03 13:24:21,738 INFO ### Start experiment: CPRO_MUSA_030523_I_V current from 0 to 20e-4A ###
2023-05-03 13:24:23,082 INFO Found Multimeter KEITHLEY INSTRUMENTS INC.,MODEL 2700,0884890,B03  /A02  

2023-05-03 13:24:24,108 INFO Found Nanovolt Meter KEITHLEY INSTRUMENTS INC.,MODEL 2182A,4056474,C03  /A02  

2023-05-03 13:24:24,223 INFO Found Source Meter KEITHLEY INSTRUMENTS INC.,MODEL 2400,0945684,C24   Feb 14 2002 11:59:45/A02  /K/H

2023-05-03 13:24:24,348 INFO Start the measurement loop
2023-05-03 13:24:28,394 INFO Measurement at current 0.0
2023-05-03 13:24:29,306 INFO T:190.61Â°K V:-3.6438e-06V I:0.0000e+00A R:-infğ›€ E:-1.1246e-04V/cm J:0.0000e+00A/cm2 ğ›’:-infğ›€ cm
2023-05-03 13:24:29,336 INFO Measurement at current 1.0050251256281408e-05
2023-05-03 13:24:29,933 INFO T:190.60Â°K V:7.1566e-04V I:1.0050e-05A R:7.1208e+01ğ›€ E:2.2088e-02V/cm J:4.3984e-04A/cm2 ğ›’:5.0219e+01ğ›€ cm
2023-05-03 13:24:29,955 INFO Measurement at current 2.0100502512562815e-05
2023-05-03 13:24:30,555 INFO T:190.59Â°K V:1.4359e-03V I:2.0101e-05A R:7.1437e+01ğ›€ E:4.4318e-02V/cm J:8.7967e-04A/cm2 ğ›’:5.0381e+01ğ›€ cm
2023-05-03 13:24:30,571 INFO Measurement at current 3.0150753768844224e-05
2023-05-03 13:24:31,162 INFO T:190.58Â°K V:2.1549e-03V I:3.0151e-05A R:7.1470e+01ğ›€ E:6.6509e-02V/cm J:1.3195e-03A/cm2 ğ›’:5.0404e+01ğ›€ cm
2023-05-03 13:24:31,176 INFO Measurement at current 4.020100502512563e-05
2023-05-03 13:24:31,775 INFO T:190.57Â°K V:2.8758e-03V I:4.0201e-05A R:7.1534e+01ğ›€ E:8.8758e-02V/cm J:1.7593e-03A/cm2 ğ›’:5.0449e+01ğ›€ cm
2023-05-03 13:24:31,792 INFO Measurement at current 5.0251256281407036e-05
2023-05-03 13:24:32,382 INFO T:190.56Â°K V:3.5971e-03V I:5.0251e-05A R:7.1583e+01ğ›€ E:1.1102e-01V/cm J:2.1992e-03A/cm2 ğ›’:5.0484e+01ğ›€ cm
2023-05-03 13:24:32,404 INFO Measurement at current 6.030150753768845e-05
2023-05-03 13:24:33,004 INFO T:190.56Â°K V:4.3194e-03V I:6.0302e-05A R:7.1631e+01ğ›€ E:1.3332e-01V/cm J:2.6390e-03A/cm2 ğ›’:5.0517e+01ğ›€ cm
2023-05-03 13:24:33,028 INFO Measurement at current 7.035175879396985e-05
2023-05-03 13:24:33,635 INFO T:190.55Â°K V:5.0418e-03V I:7.0352e-05A R:7.1666e+01ğ›€ E:1.5561e-01V/cm J:3.0789e-03A/cm2 ğ›’:5.0542e+01ğ›€ cm
2023-05-03 13:24:33,672 INFO Measurement at current 8.040201005025126e-05
2023-05-03 13:24:34,271 INFO T:190.54Â°K V:5.7681e-03V I:8.0402e-05A R:7.1741e+01ğ›€ E:1.7803e-01V/cm J:3.5187e-03A/cm2 ğ›’:5.0595e+01ğ›€ cm
2023-05-03 13:24:34,293 INFO Measurement at current 9.045226130653267e-05
2023-05-03 13:24:34,881 INFO T:190.53Â°K V:6.4944e-03V I:9.0452e-05A R:7.1799e+01ğ›€ E:2.0044e-01V/cm J:3.9585e-03A/cm2 ğ›’:5.0636e+01ğ›€ cm
2023-05-03 13:24:34,905 INFO Measurement at current 0.00010050251256281407
2023-05-03 13:24:35,517 INFO T:190.52Â°K V:7.2181e-03V I:1.0050e-04A R:7.1820e+01ğ›€ E:2.2278e-01V/cm J:4.3984e-03A/cm2 ğ›’:5.0651e+01ğ›€ cm
2023-05-03 13:24:35,539 INFO Measurement at current 0.00011055276381909548
2023-05-03 13:24:36,145 INFO T:190.51Â°K V:7.9419e-03V I:1.1055e-04A R:7.1839e+01ğ›€ E:2.4512e-01V/cm J:4.8382e-03A/cm2 ğ›’:5.0664e+01ğ›€ cm
2023-05-03 13:24:36,170 INFO Measurement at current 0.0001206030150753769
2023-05-03 13:24:36,767 INFO T:190.50Â°K V:8.6657e-03V I:1.2060e-04A R:7.1853e+01ğ›€ E:2.6746e-01V/cm J:5.2780e-03A/cm2 ğ›’:5.0674e+01ğ›€ cm
2023-05-03 13:24:36,792 INFO Measurement at current 0.0001306532663316583
2023-05-03 13:24:37,385 INFO T:190.49Â°K V:9.3923e-03V I:1.3065e-04A R:7.1887e+01ğ›€ E:2.8989e-01V/cm J:5.7179e-03A/cm2 ğ›’:5.0698e+01ğ›€ cm
2023-05-03 13:24:37,401 INFO Measurement at current 0.0001407035175879397
2023-05-03 13:24:37,997 INFO T:190.48Â°K V:1.0118e-02V I:1.4070e-04A R:7.1910e+01ğ›€ E:3.1228e-01V/cm J:6.1577e-03A/cm2 ğ›’:5.0714e+01ğ›€ cm
2023-05-03 13:24:38,013 INFO Measurement at current 0.00015075376884422112
2023-05-03 13:24:38,615 INFO T:190.47Â°K V:1.0842e-02V I:1.5075e-04A R:7.1917e+01ğ›€ E:3.3462e-01V/cm J:6.5975e-03A/cm2 ğ›’:5.0719e+01ğ›€ cm
2023-05-03 13:24:38,629 INFO Measurement at current 0.00016080402010050252
2023-05-03 13:24:39,228 INFO T:190.46Â°K V:1.1568e-02V I:1.6080e-04A R:7.1936e+01ğ›€ E:3.5703e-01V/cm J:7.0374e-03A/cm2 ğ›’:5.0733e+01ğ›€ cm
2023-05-03 13:24:39,245 INFO Measurement at current 0.00017085427135678393
2023-05-03 13:24:40,682 INFO T:190.44Â°K V:1.2285e-02V I:1.7085e-04A R:7.1901e+01ğ›€ E:3.7916e-01V/cm J:7.4772e-03A/cm2 ğ›’:5.0708e+01ğ›€ cm
2023-05-03 13:24:40,703 INFO Measurement at current 0.00018090452261306533
2023-05-03 13:24:41,304 INFO T:190.43Â°K V:1.3008e-02V I:1.8090e-04A R:7.1905e+01ğ›€ E:4.0148e-01V/cm J:7.9170e-03A/cm2 ğ›’:5.0711e+01ğ›€ cm
2023-05-03 13:24:41,328 INFO Measurement at current 0.00019095477386934674
2023-05-03 13:24:41,934 INFO T:190.42Â°K V:1.3736e-02V I:1.9095e-04A R:7.1933e+01ğ›€ E:4.2395e-01V/cm J:8.3569e-03A/cm2 ğ›’:5.0731e+01ğ›€ cm
2023-05-03 13:24:41,952 INFO Measurement at current 0.00020100502512562814
2023-05-03 13:24:42,545 INFO T:190.41Â°K V:1.4465e-02V I:2.0101e-04A R:7.1962e+01ğ›€ E:4.4644e-01V/cm J:8.7967e-03A/cm2 ğ›’:5.0751e+01ğ›€ cm
2023-05-03 13:24:42,568 INFO Measurement at current 0.00021105527638190955
2023-05-03 13:24:43,156 INFO T:190.40Â°K V:1.5194e-02V I:2.1106e-04A R:7.1990e+01ğ›€ E:4.6895e-01V/cm J:9.2366e-03A/cm2 ğ›’:5.0771e+01ğ›€ cm
2023-05-03 13:24:43,174 INFO Measurement at current 0.00022110552763819096
2023-05-03 13:24:43,766 INFO T:190.39Â°K V:1.5923e-02V I:2.2111e-04A R:7.2013e+01ğ›€ E:4.9144e-01V/cm J:9.6764e-03A/cm2 ğ›’:5.0787e+01ğ›€ cm
2023-05-03 13:24:43,790 INFO Measurement at current 0.00023115577889447236
2023-05-03 13:24:44,381 INFO T:190.38Â°K V:1.6652e-02V I:2.3116e-04A R:7.2038e+01ğ›€ E:5.1395e-01V/cm J:1.0116e-02A/cm2 ğ›’:5.0805e+01ğ›€ cm
2023-05-03 13:24:44,404 INFO Measurement at current 0.0002412060301507538
2023-05-03 13:24:45,010 INFO T:190.37Â°K V:1.7396e-02V I:2.4121e-04A R:7.2119e+01ğ›€ E:5.3690e-01V/cm J:1.0556e-02A/cm2 ğ›’:5.0862e+01ğ›€ cm
2023-05-03 13:24:45,030 INFO Measurement at current 0.0002512562814070352
2023-05-03 13:24:45,619 INFO T:190.36Â°K V:1.8124e-02V I:2.5126e-04A R:7.2133e+01ğ›€ E:5.5938e-01V/cm J:1.0996e-02A/cm2 ğ›’:5.0871e+01ğ›€ cm
2023-05-03 13:24:45,636 INFO Measurement at current 0.0002613065326633166
2023-05-03 13:24:46,235 INFO T:190.35Â°K V:1.8850e-02V I:2.6131e-04A R:7.2137e+01ğ›€ E:5.8179e-01V/cm J:1.1436e-02A/cm2 ğ›’:5.0875e+01ğ›€ cm
2023-05-03 13:24:46,253 INFO Measurement at current 0.000271356783919598
2023-05-03 13:24:46,847 INFO T:190.34Â°K V:1.9573e-02V I:2.7136e-04A R:7.2130e+01ğ›€ E:6.0410e-01V/cm J:1.1876e-02A/cm2 ğ›’:5.0869e+01ğ›€ cm
2023-05-03 13:24:46,865 INFO Measurement at current 0.0002814070351758794
2023-05-03 13:24:47,456 INFO T:190.34Â°K V:2.0296e-02V I:2.8141e-04A R:7.2125e+01ğ›€ E:6.2643e-01V/cm J:1.2315e-02A/cm2 ğ›’:5.0866e+01ğ›€ cm
2023-05-03 13:24:47,478 INFO Measurement at current 0.0002914572864321608
2023-05-03 13:24:48,080 INFO T:190.33Â°K V:2.1004e-02V I:2.9146e-04A R:7.2065e+01ğ›€ E:6.4826e-01V/cm J:1.2755e-02A/cm2 ğ›’:5.0823e+01ğ›€ cm
2023-05-03 13:24:48,096 INFO Measurement at current 0.00030150753768844223
2023-05-03 13:24:48,684 INFO T:190.32Â°K V:2.1725e-02V I:3.0151e-04A R:7.2054e+01ğ›€ E:6.7052e-01V/cm J:1.3195e-02A/cm2 ğ›’:5.0816e+01ğ›€ cm
2023-05-03 13:24:48,706 INFO Measurement at current 0.00031155778894472364
2023-05-03 13:24:49,293 INFO T:190.31Â°K V:2.2441e-02V I:3.1156e-04A R:7.2029e+01ğ›€ E:6.9263e-01V/cm J:1.3635e-02A/cm2 ğ›’:5.0798e+01ğ›€ cm
2023-05-03 13:24:49,316 INFO Measurement at current 0.00032160804020100504
2023-05-03 13:24:49,906 INFO T:190.30Â°K V:2.3165e-02V I:3.2161e-04A R:7.2030e+01ğ›€ E:7.1498e-01V/cm J:1.4075e-02A/cm2 ğ›’:5.0799e+01ğ›€ cm
2023-05-03 13:24:49,924 INFO Measurement at current 0.00033165829145728645
2023-05-03 13:24:50,510 INFO T:190.29Â°K V:2.3889e-02V I:3.3166e-04A R:7.2029e+01ğ›€ E:7.3732e-01V/cm J:1.4515e-02A/cm2 ğ›’:5.0798e+01ğ›€ cm
2023-05-03 13:24:50,533 INFO Measurement at current 0.00034170854271356785
2023-05-03 13:24:51,134 INFO T:190.28Â°K V:2.4600e-02V I:3.4171e-04A R:7.1991e+01ğ›€ E:7.5926e-01V/cm J:1.4954e-02A/cm2 ğ›’:5.0772e+01ğ›€ cm
2023-05-03 13:24:51,161 INFO Measurement at current 0.00035175879396984926
2023-05-03 13:24:51,760 INFO T:190.27Â°K V:2.5322e-02V I:3.5176e-04A R:7.1986e+01ğ›€ E:7.8154e-01V/cm J:1.5394e-02A/cm2 ğ›’:5.0768e+01ğ›€ cm
2023-05-03 13:24:51,779 INFO Measurement at current 0.00036180904522613067
2023-05-03 13:24:52,379 INFO T:190.26Â°K V:2.6046e-02V I:3.6181e-04A R:7.1987e+01ğ›€ E:8.0388e-01V/cm J:1.5834e-02A/cm2 ğ›’:5.0769e+01ğ›€ cm
2023-05-03 13:24:52,398 INFO Measurement at current 0.00037185929648241207
2023-05-03 13:24:52,986 INFO T:190.25Â°K V:2.6780e-02V I:3.7186e-04A R:7.2017e+01ğ›€ E:8.2655e-01V/cm J:1.6274e-02A/cm2 ğ›’:5.0790e+01ğ›€ cm
2023-05-03 13:24:53,011 INFO Measurement at current 0.0003819095477386935
2023-05-03 13:24:53,609 INFO T:190.24Â°K V:2.7507e-02V I:3.8191e-04A R:7.2025e+01ğ›€ E:8.4899e-01V/cm J:1.6714e-02A/cm2 ğ›’:5.0796e+01ğ›€ cm
2023-05-03 13:24:53,633 INFO Measurement at current 0.0003919597989949749
2023-05-03 13:24:54,232 INFO T:190.23Â°K V:2.8234e-02V I:3.9196e-04A R:7.2033e+01ğ›€ E:8.7142e-01V/cm J:1.7154e-02A/cm2 ğ›’:5.0801e+01ğ›€ cm
2023-05-03 13:24:54,247 INFO Measurement at current 0.0004020100502512563
2023-05-03 13:24:54,839 INFO T:190.22Â°K V:2.8959e-02V I:4.0201e-04A R:7.2036e+01ğ›€ E:8.9380e-01V/cm J:1.7593e-02A/cm2 ğ›’:5.0803e+01ğ›€ cm
2023-05-03 13:24:54,854 INFO Measurement at current 0.0004120603015075377
2023-05-03 13:24:55,441 INFO T:190.22Â°K V:2.9697e-02V I:4.1206e-04A R:7.2070e+01ğ›€ E:9.1657e-01V/cm J:1.8033e-02A/cm2 ğ›’:5.0827e+01ğ›€ cm
2023-05-03 13:24:55,460 INFO Measurement at current 0.0004221105527638191
2023-05-03 13:24:56,052 INFO T:190.21Â°K V:3.0446e-02V I:4.2211e-04A R:7.2128e+01ğ›€ E:9.3969e-01V/cm J:1.8473e-02A/cm2 ğ›’:5.0868e+01ğ›€ cm
2023-05-03 13:24:56,074 INFO Measurement at current 0.0004321608040201005
2023-05-03 13:24:56,677 INFO T:190.20Â°K V:3.1188e-02V I:4.3216e-04A R:7.2168e+01ğ›€ E:9.6259e-01V/cm J:1.8913e-02A/cm2 ğ›’:5.0896e+01ğ›€ cm
2023-05-03 13:24:56,701 INFO Measurement at current 0.0004422110552763819
2023-05-03 13:24:57,313 INFO T:190.19Â°K V:3.1918e-02V I:4.4221e-04A R:7.2177e+01ğ›€ E:9.8511e-01V/cm J:1.9353e-02A/cm2 ğ›’:5.0903e+01ğ›€ cm
2023-05-03 13:24:57,338 INFO Measurement at current 0.0004522613065326633
2023-05-03 13:24:57,935 INFO T:190.18Â°K V:3.2664e-02V I:4.5226e-04A R:7.2225e+01ğ›€ E:1.0082e+00V/cm J:1.9793e-02A/cm2 ğ›’:5.0936e+01ğ›€ cm
2023-05-03 13:24:57,952 INFO Measurement at current 0.0004623115577889447
2023-05-03 13:24:58,540 INFO T:190.17Â°K V:3.3404e-02V I:4.6231e-04A R:7.2253e+01ğ›€ E:1.0310e+00V/cm J:2.0232e-02A/cm2 ğ›’:5.0956e+01ğ›€ cm
2023-05-03 13:24:58,568 INFO Measurement at current 0.00047236180904522613
2023-05-03 13:24:59,166 INFO T:190.16Â°K V:3.4152e-02V I:4.7236e-04A R:7.2300e+01ğ›€ E:1.0541e+00V/cm J:2.0672e-02A/cm2 ğ›’:5.0989e+01ğ›€ cm
2023-05-03 13:24:59,188 INFO Measurement at current 0.0004824120603015076
2023-05-03 13:24:59,789 INFO T:190.15Â°K V:3.4901e-02V I:4.8241e-04A R:7.2346e+01ğ›€ E:1.0772e+00V/cm J:2.1112e-02A/cm2 ğ›’:5.1022e+01ğ›€ cm
2023-05-03 13:24:59,809 INFO Measurement at current 0.0004924623115577889
2023-05-03 13:25:00,405 INFO T:190.14Â°K V:3.5631e-02V I:4.9246e-04A R:7.2353e+01ğ›€ E:1.0997e+00V/cm J:2.1552e-02A/cm2 ğ›’:5.1027e+01ğ›€ cm
2023-05-03 13:25:00,425 INFO Measurement at current 0.0005025125628140704
2023-05-03 13:25:01,015 INFO T:190.13Â°K V:3.6377e-02V I:5.0251e-04A R:7.2390e+01ğ›€ E:1.1227e+00V/cm J:2.1992e-02A/cm2 ğ›’:5.1053e+01ğ›€ cm
2023-05-03 13:25:01,067 INFO Measurement at current 0.0005125628140703518
2023-05-03 13:25:01,654 INFO T:190.12Â°K V:3.7123e-02V I:5.1256e-04A R:7.2426e+01ğ›€ E:1.1458e+00V/cm J:2.2432e-02A/cm2 ğ›’:5.1078e+01ğ›€ cm
2023-05-03 13:25:01,676 INFO Measurement at current 0.0005226130653266332
2023-05-03 13:25:02,270 INFO T:190.11Â°K V:3.7861e-02V I:5.2261e-04A R:7.2445e+01ğ›€ E:1.1685e+00V/cm J:2.2871e-02A/cm2 ğ›’:5.1091e+01ğ›€ cm
2023-05-03 13:25:02,300 INFO Measurement at current 0.0005326633165829146
2023-05-03 13:25:02,910 INFO T:190.10Â°K V:3.8602e-02V I:5.3266e-04A R:7.2471e+01ğ›€ E:1.1914e+00V/cm J:2.3311e-02A/cm2 ğ›’:5.1110e+01ğ›€ cm
2023-05-03 13:25:02,942 INFO Measurement at current 0.000542713567839196
2023-05-03 13:25:03,546 INFO T:190.09Â°K V:3.9337e-02V I:5.4271e-04A R:7.2482e+01ğ›€ E:1.2141e+00V/cm J:2.3751e-02A/cm2 ğ›’:5.1118e+01ğ›€ cm
2023-05-03 13:25:03,564 INFO Measurement at current 0.0005527638190954774
2023-05-03 13:25:04,164 INFO T:190.09Â°K V:4.0079e-02V I:5.5276e-04A R:7.2507e+01ğ›€ E:1.2370e+00V/cm J:2.4191e-02A/cm2 ğ›’:5.1135e+01ğ›€ cm
2023-05-03 13:25:04,184 INFO Measurement at current 0.0005628140703517588
2023-05-03 13:25:04,791 INFO T:190.08Â°K V:4.0808e-02V I:5.6281e-04A R:7.2507e+01ğ›€ E:1.2595e+00V/cm J:2.4631e-02A/cm2 ğ›’:5.1135e+01ğ›€ cm
2023-05-03 13:25:04,818 INFO Measurement at current 0.0005728643216080402
2023-05-03 13:25:05,417 INFO T:190.07Â°K V:4.1536e-02V I:5.7286e-04A R:7.2506e+01ğ›€ E:1.2820e+00V/cm J:2.5071e-02A/cm2 ğ›’:5.1135e+01ğ›€ cm
2023-05-03 13:25:05,440 INFO Measurement at current 0.0005829145728643216
2023-05-03 13:25:06,043 INFO T:190.06Â°K V:4.2272e-02V I:5.8291e-04A R:7.2519e+01ğ›€ E:1.3047e+00V/cm J:2.5510e-02A/cm2 ğ›’:5.1144e+01ğ›€ cm
2023-05-03 13:25:06,063 INFO Measurement at current 0.000592964824120603
2023-05-03 13:25:06,654 INFO T:190.05Â°K V:4.3004e-02V I:5.9296e-04A R:7.2524e+01ğ›€ E:1.3273e+00V/cm J:2.5950e-02A/cm2 ğ›’:5.1147e+01ğ›€ cm
2023-05-03 13:25:06,675 INFO Measurement at current 0.0006030150753768845
2023-05-03 13:25:07,270 INFO T:190.04Â°K V:4.3751e-02V I:6.0302e-04A R:7.2554e+01ğ›€ E:1.3503e+00V/cm J:2.6390e-02A/cm2 ğ›’:5.1169e+01ğ›€ cm
2023-05-03 13:25:07,294 INFO Measurement at current 0.0006130653266331658
2023-05-03 13:25:07,893 INFO T:190.03Â°K V:4.4462e-02V I:6.1307e-04A R:7.2524e+01ğ›€ E:1.3723e+00V/cm J:2.6830e-02A/cm2 ğ›’:5.1147e+01ğ›€ cm
2023-05-03 13:25:07,918 INFO Measurement at current 0.0006231155778894473
2023-05-03 13:25:08,524 INFO T:190.02Â°K V:4.5187e-02V I:6.2312e-04A R:7.2518e+01ğ›€ E:1.3947e+00V/cm J:2.7270e-02A/cm2 ğ›’:5.1143e+01ğ›€ cm
2023-05-03 13:25:08,545 INFO Measurement at current 0.0006331658291457286
2023-05-03 13:25:09,134 INFO T:190.01Â°K V:4.5928e-02V I:6.3317e-04A R:7.2537e+01ğ›€ E:1.4175e+00V/cm J:2.7710e-02A/cm2 ğ›’:5.1157e+01ğ›€ cm
2023-05-03 13:25:09,156 INFO Measurement at current 0.0006432160804020101
2023-05-03 13:25:09,742 INFO T:190.00Â°K V:4.6668e-02V I:6.4322e-04A R:7.2555e+01ğ›€ E:1.4404e+00V/cm J:2.8150e-02A/cm2 ğ›’:5.1169e+01ğ›€ cm
2023-05-03 13:25:09,756 INFO Measurement at current 0.0006532663316582915
2023-05-03 13:25:10,347 INFO T:189.99Â°K V:4.7396e-02V I:6.5327e-04A R:7.2552e+01ğ›€ E:1.4628e+00V/cm J:2.8589e-02A/cm2 ğ›’:5.1167e+01ğ›€ cm
2023-05-03 13:25:10,364 INFO Measurement at current 0.0006633165829145729
2023-05-03 13:25:10,990 INFO T:189.98Â°K V:4.8141e-02V I:6.6332e-04A R:7.2576e+01ğ›€ E:1.4858e+00V/cm J:2.9029e-02A/cm2 ğ›’:5.1184e+01ğ›€ cm
2023-05-03 13:25:11,007 INFO Measurement at current 0.0006733668341708544
2023-05-03 13:25:11,602 INFO T:189.97Â°K V:4.8891e-02V I:6.7337e-04A R:7.2607e+01ğ›€ E:1.5090e+00V/cm J:2.9469e-02A/cm2 ğ›’:5.1206e+01ğ›€ cm
2023-05-03 13:25:11,622 INFO Measurement at current 0.0006834170854271357
2023-05-03 13:25:12,214 INFO T:189.97Â°K V:4.9629e-02V I:6.8342e-04A R:7.2619e+01ğ›€ E:1.5318e+00V/cm J:2.9909e-02A/cm2 ğ›’:5.1215e+01ğ›€ cm
2023-05-03 13:25:12,234 INFO Measurement at current 0.0006934673366834172
2023-05-03 13:25:12,817 INFO T:189.96Â°K V:5.0355e-02V I:6.9347e-04A R:7.2613e+01ğ›€ E:1.5542e+00V/cm J:3.0349e-02A/cm2 ğ›’:5.1210e+01ğ›€ cm
2023-05-03 13:25:12,841 INFO Measurement at current 0.0007035175879396985
2023-05-03 13:25:13,430 INFO T:189.95Â°K V:5.1096e-02V I:7.0352e-04A R:7.2629e+01ğ›€ E:1.5770e+00V/cm J:3.0789e-02A/cm2 ğ›’:5.1222e+01ğ›€ cm
2023-05-03 13:25:13,456 INFO Measurement at current 0.00071356783919598
2023-05-03 13:25:14,069 INFO T:189.94Â°K V:5.1830e-02V I:7.1357e-04A R:7.2634e+01ğ›€ E:1.5997e+00V/cm J:3.1228e-02A/cm2 ğ›’:5.1225e+01ğ›€ cm
2023-05-03 13:25:14,087 INFO Measurement at current 0.0007236180904522613
2023-05-03 13:25:14,674 INFO T:189.93Â°K V:5.2583e-02V I:7.2362e-04A R:7.2667e+01ğ›€ E:1.6229e+00V/cm J:3.1668e-02A/cm2 ğ›’:5.1248e+01ğ›€ cm
2023-05-03 13:25:14,692 INFO Measurement at current 0.0007336683417085428
2023-05-03 13:25:15,279 INFO T:189.92Â°K V:5.3327e-02V I:7.3367e-04A R:7.2685e+01ğ›€ E:1.6459e+00V/cm J:3.2108e-02A/cm2 ğ›’:5.1261e+01ğ›€ cm
2023-05-03 13:25:15,297 INFO Measurement at current 0.0007437185929648241
2023-05-03 13:25:15,894 INFO T:189.91Â°K V:5.4073e-02V I:7.4372e-04A R:7.2706e+01ğ›€ E:1.6689e+00V/cm J:3.2548e-02A/cm2 ğ›’:5.1275e+01ğ›€ cm
2023-05-03 13:25:15,922 INFO Measurement at current 0.0007537688442211056
2023-05-03 13:25:16,512 INFO T:189.90Â°K V:5.4813e-02V I:7.5377e-04A R:7.2719e+01ğ›€ E:1.6918e+00V/cm J:3.2988e-02A/cm2 ğ›’:5.1285e+01ğ›€ cm
2023-05-03 13:25:16,526 INFO Measurement at current 0.000763819095477387
2023-05-03 13:25:17,135 INFO T:189.89Â°K V:5.5520e-02V I:7.6382e-04A R:7.2688e+01ğ›€ E:1.7136e+00V/cm J:3.3428e-02A/cm2 ğ›’:5.1263e+01ğ›€ cm
2023-05-03 13:25:17,152 INFO Measurement at current 0.0007738693467336684
2023-05-03 13:25:17,740 INFO T:189.88Â°K V:5.6239e-02V I:7.7387e-04A R:7.2673e+01ğ›€ E:1.7358e+00V/cm J:3.3867e-02A/cm2 ğ›’:5.1252e+01ğ›€ cm
2023-05-03 13:25:17,755 INFO Measurement at current 0.0007839195979899498
2023-05-03 13:25:18,344 INFO T:189.87Â°K V:5.6958e-02V I:7.8392e-04A R:7.2658e+01ğ›€ E:1.7580e+00V/cm J:3.4307e-02A/cm2 ğ›’:5.1242e+01ğ›€ cm
2023-05-03 13:25:18,360 INFO Measurement at current 0.0007939698492462312
2023-05-03 13:25:18,944 INFO T:189.86Â°K V:5.7696e-02V I:7.9397e-04A R:7.2668e+01ğ›€ E:1.7808e+00V/cm J:3.4747e-02A/cm2 ğ›’:5.1249e+01ğ›€ cm
2023-05-03 13:25:18,959 INFO Measurement at current 0.0008040201005025126
2023-05-03 13:25:19,546 INFO T:189.86Â°K V:5.8414e-02V I:8.0402e-04A R:7.2652e+01ğ›€ E:1.8029e+00V/cm J:3.5187e-02A/cm2 ğ›’:5.1238e+01ğ›€ cm
2023-05-03 13:25:19,562 INFO Measurement at current 0.000814070351758794
2023-05-03 13:25:20,189 INFO T:189.85Â°K V:5.9118e-02V I:8.1407e-04A R:7.2620e+01ğ›€ E:1.8246e+00V/cm J:3.5627e-02A/cm2 ğ›’:5.1215e+01ğ›€ cm
2023-05-03 13:25:20,207 INFO Measurement at current 0.0008241206030150754
2023-05-03 13:25:20,805 INFO T:189.84Â°K V:5.9840e-02V I:8.2412e-04A R:7.2611e+01ğ›€ E:1.8469e+00V/cm J:3.6067e-02A/cm2 ğ›’:5.1209e+01ğ›€ cm
2023-05-03 13:25:20,832 INFO Measurement at current 0.0008341708542713569
2023-05-03 13:25:21,423 INFO T:189.83Â°K V:6.0582e-02V I:8.3417e-04A R:7.2626e+01ğ›€ E:1.8698e+00V/cm J:3.6506e-02A/cm2 ğ›’:5.1219e+01ğ›€ cm
2023-05-03 13:25:21,446 INFO Measurement at current 0.0008442211055276382
2023-05-03 13:25:22,049 INFO T:189.82Â°K V:6.1319e-02V I:8.4422e-04A R:7.2634e+01ğ›€ E:1.8926e+00V/cm J:3.6946e-02A/cm2 ğ›’:5.1225e+01ğ›€ cm
2023-05-03 13:25:22,066 INFO Measurement at current 0.0008542713567839197
2023-05-03 13:25:22,655 INFO T:189.81Â°K V:6.2046e-02V I:8.5427e-04A R:7.2630e+01ğ›€ E:1.9150e+00V/cm J:3.7386e-02A/cm2 ğ›’:5.1222e+01ğ›€ cm
2023-05-03 13:25:22,671 INFO Measurement at current 0.000864321608040201
2023-05-03 13:25:23,260 INFO T:189.80Â°K V:6.2781e-02V I:8.6432e-04A R:7.2637e+01ğ›€ E:1.9377e+00V/cm J:3.7826e-02A/cm2 ğ›’:5.1227e+01ğ›€ cm
2023-05-03 13:25:23,277 INFO Measurement at current 0.0008743718592964825
2023-05-03 13:25:23,868 INFO T:189.79Â°K V:6.3484e-02V I:8.7437e-04A R:7.2606e+01ğ›€ E:1.9594e+00V/cm J:3.8266e-02A/cm2 ğ›’:5.1205e+01ğ›€ cm
2023-05-03 13:25:23,891 INFO Measurement at current 0.0008844221105527638
2023-05-03 13:25:24,494 INFO T:189.78Â°K V:6.4211e-02V I:8.8442e-04A R:7.2602e+01ğ›€ E:1.9818e+00V/cm J:3.8706e-02A/cm2 ğ›’:5.1202e+01ğ›€ cm
2023-05-03 13:25:24,518 INFO Measurement at current 0.0008944723618090453
2023-05-03 13:25:25,107 INFO T:189.77Â°K V:6.4943e-02V I:8.9447e-04A R:7.2605e+01ğ›€ E:2.0044e+00V/cm J:3.9145e-02A/cm2 ğ›’:5.1204e+01ğ›€ cm
2023-05-03 13:25:25,129 INFO Measurement at current 0.0009045226130653266
2023-05-03 13:25:25,724 INFO T:189.76Â°K V:6.5692e-02V I:9.0452e-04A R:7.2626e+01ğ›€ E:2.0275e+00V/cm J:3.9585e-02A/cm2 ğ›’:5.1219e+01ğ›€ cm
2023-05-03 13:25:25,741 INFO Measurement at current 0.0009145728643216081
2023-05-03 13:25:26,332 INFO T:189.75Â°K V:6.6407e-02V I:9.1457e-04A R:7.2609e+01ğ›€ E:2.0496e+00V/cm J:4.0025e-02A/cm2 ğ›’:5.1208e+01ğ›€ cm
2023-05-03 13:25:26,351 INFO Measurement at current 0.0009246231155778894
2023-05-03 13:25:26,943 INFO T:189.75Â°K V:6.7126e-02V I:9.2462e-04A R:7.2598e+01ğ›€ E:2.0718e+00V/cm J:4.0465e-02A/cm2 ğ›’:5.1200e+01ğ›€ cm
2023-05-03 13:25:26,974 INFO Measurement at current 0.0009346733668341709
2023-05-03 13:25:27,564 INFO T:189.74Â°K V:6.7846e-02V I:9.3467e-04A R:7.2588e+01ğ›€ E:2.0940e+00V/cm J:4.0905e-02A/cm2 ğ›’:5.1192e+01ğ›€ cm
2023-05-03 13:25:27,580 INFO Measurement at current 0.0009447236180904523
2023-05-03 13:25:28,171 INFO T:189.73Â°K V:6.8571e-02V I:9.4472e-04A R:7.2583e+01ğ›€ E:2.1164e+00V/cm J:4.1345e-02A/cm2 ğ›’:5.1189e+01ğ›€ cm
2023-05-03 13:25:28,185 INFO Measurement at current 0.0009547738693467337
2023-05-03 13:25:28,779 INFO T:189.72Â°K V:6.9287e-02V I:9.5477e-04A R:7.2569e+01ğ›€ E:2.1385e+00V/cm J:4.1784e-02A/cm2 ğ›’:5.1179e+01ğ›€ cm
2023-05-03 13:25:28,813 INFO Measurement at current 0.0009648241206030152
2023-05-03 13:25:29,413 INFO T:189.71Â°K V:7.0031e-02V I:9.6482e-04A R:7.2585e+01ğ›€ E:2.1615e+00V/cm J:4.2224e-02A/cm2 ğ›’:5.1190e+01ğ›€ cm
2023-05-03 13:25:29,442 INFO Measurement at current 0.0009748743718592965
2023-05-03 13:25:30,043 INFO T:189.70Â°K V:7.0774e-02V I:9.7487e-04A R:7.2598e+01ğ›€ E:2.1844e+00V/cm J:4.2664e-02A/cm2 ğ›’:5.1200e+01ğ›€ cm
2023-05-03 13:25:30,076 INFO Measurement at current 0.0009849246231155779
2023-05-03 13:25:30,678 INFO T:189.69Â°K V:7.1506e-02V I:9.8492e-04A R:7.2601e+01ğ›€ E:2.2070e+00V/cm J:4.3104e-02A/cm2 ğ›’:5.1201e+01ğ›€ cm
2023-05-03 13:25:30,708 INFO Measurement at current 0.0009949748743718595
2023-05-03 13:25:31,293 INFO T:189.68Â°K V:7.2240e-02V I:9.9497e-04A R:7.2604e+01ğ›€ E:2.2296e+00V/cm J:4.3544e-02A/cm2 ğ›’:5.1204e+01ğ›€ cm
2023-05-03 13:25:31,309 INFO Measurement at current 0.0010050251256281408
2023-05-03 13:25:31,898 INFO T:189.67Â°K V:7.2976e-02V I:1.0050e-03A R:7.2611e+01ğ›€ E:2.2524e+00V/cm J:4.3984e-02A/cm2 ğ›’:5.1209e+01ğ›€ cm
2023-05-03 13:25:31,918 INFO Measurement at current 0.0010150753768844222
2023-05-03 13:25:32,514 INFO T:189.66Â°K V:7.3697e-02V I:1.0151e-03A R:7.2603e+01ğ›€ E:2.2746e+00V/cm J:4.4423e-02A/cm2 ğ›’:5.1203e+01ğ›€ cm
2023-05-03 13:25:32,530 INFO Measurement at current 0.0010251256281407035
2023-05-03 13:25:33,115 INFO T:189.65Â°K V:7.4405e-02V I:1.0251e-03A R:7.2582e+01ğ›€ E:2.2965e+00V/cm J:4.4863e-02A/cm2 ğ›’:5.1188e+01ğ›€ cm
2023-05-03 13:25:33,131 INFO Measurement at current 0.001035175879396985
2023-05-03 13:25:33,713 INFO T:189.64Â°K V:7.5145e-02V I:1.0352e-03A R:7.2592e+01ğ›€ E:2.3193e+00V/cm J:4.5303e-02A/cm2 ğ›’:5.1195e+01ğ›€ cm
2023-05-03 13:25:33,728 INFO Measurement at current 0.0010452261306532664
2023-05-03 13:25:34,315 INFO T:189.63Â°K V:7.5847e-02V I:1.0452e-03A R:7.2565e+01ğ›€ E:2.3410e+00V/cm J:4.5743e-02A/cm2 ğ›’:5.1177e+01ğ›€ cm
2023-05-03 13:25:34,333 INFO Measurement at current 0.0010552763819095478
2023-05-03 13:25:34,949 INFO T:189.63Â°K V:7.6571e-02V I:1.0553e-03A R:7.2561e+01ğ›€ E:2.3633e+00V/cm J:4.6183e-02A/cm2 ğ›’:5.1173e+01ğ›€ cm
2023-05-03 13:25:34,966 INFO Measurement at current 0.0010653266331658291
2023-05-03 13:25:35,565 INFO T:189.62Â°K V:7.7278e-02V I:1.0653e-03A R:7.2540e+01ğ›€ E:2.3851e+00V/cm J:4.6623e-02A/cm2 ğ›’:5.1158e+01ğ›€ cm
2023-05-03 13:25:35,581 INFO Measurement at current 0.0010753768844221107
2023-05-03 13:25:36,173 INFO T:189.61Â°K V:7.7984e-02V I:1.0754e-03A R:7.2518e+01ğ›€ E:2.4069e+00V/cm J:4.7062e-02A/cm2 ğ›’:5.1143e+01ğ›€ cm
2023-05-03 13:25:36,199 INFO Measurement at current 0.001085427135678392
2023-05-03 13:25:36,784 INFO T:189.60Â°K V:7.8689e-02V I:1.0854e-03A R:7.2496e+01ğ›€ E:2.4287e+00V/cm J:4.7502e-02A/cm2 ğ›’:5.1128e+01ğ›€ cm
2023-05-03 13:25:36,802 INFO Measurement at current 0.0010954773869346734
2023-05-03 13:25:37,386 INFO T:189.59Â°K V:7.9377e-02V I:1.0955e-03A R:7.2459e+01ğ›€ E:2.4499e+00V/cm J:4.7942e-02A/cm2 ğ›’:5.1102e+01ğ›€ cm
2023-05-03 13:25:37,401 INFO Measurement at current 0.0011055276381909548
2023-05-03 13:25:37,993 INFO T:189.58Â°K V:8.0086e-02V I:1.1055e-03A R:7.2442e+01ğ›€ E:2.4718e+00V/cm J:4.8382e-02A/cm2 ğ›’:5.1089e+01ğ›€ cm
2023-05-03 13:25:38,014 INFO Measurement at current 0.0011155778894472363
2023-05-03 13:25:38,600 INFO T:189.57Â°K V:8.0817e-02V I:1.1156e-03A R:7.2444e+01ğ›€ E:2.4943e+00V/cm J:4.8822e-02A/cm2 ğ›’:5.1091e+01ğ›€ cm
2023-05-03 13:25:38,616 INFO Measurement at current 0.0011256281407035177
2023-05-03 13:25:39,208 INFO T:189.56Â°K V:8.1516e-02V I:1.1256e-03A R:7.2418e+01ğ›€ E:2.5159e+00V/cm J:4.9262e-02A/cm2 ğ›’:5.1073e+01ğ›€ cm
2023-05-03 13:25:39,229 INFO Measurement at current 0.001135678391959799
2023-05-03 13:25:39,830 INFO T:189.55Â°K V:8.2243e-02V I:1.1357e-03A R:7.2418e+01ğ›€ E:2.5384e+00V/cm J:4.9701e-02A/cm2 ğ›’:5.1073e+01ğ›€ cm
2023-05-03 13:25:39,851 INFO Measurement at current 0.0011457286432160804
2023-05-03 13:25:40,452 INFO T:189.54Â°K V:8.2924e-02V I:1.1457e-03A R:7.2377e+01ğ›€ E:2.5594e+00V/cm J:5.0141e-02A/cm2 ğ›’:5.1043e+01ğ›€ cm
2023-05-03 13:25:40,472 INFO Measurement at current 0.001155778894472362
2023-05-03 13:25:41,059 INFO T:189.53Â°K V:8.3686e-02V I:1.1558e-03A R:7.2406e+01ğ›€ E:2.5829e+00V/cm J:5.0581e-02A/cm2 ğ›’:5.1064e+01ğ›€ cm
2023-05-03 13:25:41,077 INFO Measurement at current 0.0011658291457286433
2023-05-03 13:25:41,673 INFO T:189.53Â°K V:8.4409e-02V I:1.1658e-03A R:7.2403e+01ğ›€ E:2.6052e+00V/cm J:5.1021e-02A/cm2 ğ›’:5.1062e+01ğ›€ cm
2023-05-03 13:25:41,689 INFO Measurement at current 0.0011758793969849247
2023-05-03 13:25:42,278 INFO T:189.52Â°K V:8.5115e-02V I:1.1759e-03A R:7.2384e+01ğ›€ E:2.6270e+00V/cm J:5.1461e-02A/cm2 ğ›’:5.1049e+01ğ›€ cm
2023-05-03 13:25:42,300 INFO Measurement at current 0.001185929648241206
2023-05-03 13:25:42,890 INFO T:189.51Â°K V:8.5834e-02V I:1.1859e-03A R:7.2377e+01ğ›€ E:2.6492e+00V/cm J:5.1901e-02A/cm2 ğ›’:5.1044e+01ğ›€ cm
2023-05-03 13:25:42,921 INFO Measurement at current 0.0011959798994974876
2023-05-03 13:25:43,528 INFO T:189.50Â°K V:8.6536e-02V I:1.1960e-03A R:7.2355e+01ğ›€ E:2.6708e+00V/cm J:5.2340e-02A/cm2 ğ›’:5.1028e+01ğ›€ cm
2023-05-03 13:25:43,578 INFO Measurement at current 0.001206030150753769
2023-05-03 13:25:44,169 INFO T:189.49Â°K V:8.7248e-02V I:1.2060e-03A R:7.2343e+01ğ›€ E:2.6928e+00V/cm J:5.2780e-02A/cm2 ğ›’:5.1020e+01ğ›€ cm
2023-05-03 13:25:44,186 INFO Measurement at current 0.0012160804020100503
2023-05-03 13:25:44,810 INFO T:189.48Â°K V:8.7958e-02V I:1.2161e-03A R:7.2329e+01ğ›€ E:2.7147e+00V/cm J:5.3220e-02A/cm2 ğ›’:5.1010e+01ğ›€ cm
2023-05-03 13:25:44,841 INFO Measurement at current 0.0012261306532663316
2023-05-03 13:25:45,446 INFO T:189.47Â°K V:8.8715e-02V I:1.2261e-03A R:7.2354e+01ğ›€ E:2.7381e+00V/cm J:5.3660e-02A/cm2 ğ›’:5.1027e+01ğ›€ cm
2023-05-03 13:25:45,463 INFO Measurement at current 0.0012361809045226132
2023-05-03 13:25:46,061 INFO T:189.46Â°K V:8.9402e-02V I:1.2362e-03A R:7.2322e+01ğ›€ E:2.7593e+00V/cm J:5.4100e-02A/cm2 ğ›’:5.1005e+01ğ›€ cm
2023-05-03 13:25:46,080 INFO Measurement at current 0.0012462311557788945
2023-05-03 13:25:46,666 INFO T:189.45Â°K V:9.0142e-02V I:1.2462e-03A R:7.2332e+01ğ›€ E:2.7822e+00V/cm J:5.4540e-02A/cm2 ğ›’:5.1012e+01ğ›€ cm
2023-05-03 13:25:46,696 INFO Measurement at current 0.001256281407035176
2023-05-03 13:25:47,295 INFO T:189.44Â°K V:9.0909e-02V I:1.2563e-03A R:7.2364e+01ğ›€ E:2.8058e+00V/cm J:5.4979e-02A/cm2 ğ›’:5.1034e+01ğ›€ cm
2023-05-03 13:25:47,342 INFO Measurement at current 0.0012663316582914572
2023-05-03 13:25:47,944 INFO T:189.43Â°K V:9.1657e-02V I:1.2663e-03A R:7.2380e+01ğ›€ E:2.8289e+00V/cm J:5.5419e-02A/cm2 ğ›’:5.1046e+01ğ›€ cm
2023-05-03 13:25:47,962 INFO Measurement at current 0.0012763819095477388
2023-05-03 13:25:48,569 INFO T:189.42Â°K V:9.2358e-02V I:1.2764e-03A R:7.2359e+01ğ›€ E:2.8505e+00V/cm J:5.5859e-02A/cm2 ğ›’:5.1031e+01ğ›€ cm
2023-05-03 13:25:48,598 INFO Measurement at current 0.0012864321608040202
2023-05-03 13:25:49,192 INFO T:189.41Â°K V:9.3044e-02V I:1.2864e-03A R:7.2327e+01ğ›€ E:2.8717e+00V/cm J:5.6299e-02A/cm2 ğ›’:5.1008e+01ğ›€ cm
2023-05-03 13:25:49,212 INFO Measurement at current 0.0012964824120603015
2023-05-03 13:25:49,813 INFO T:189.40Â°K V:9.3764e-02V I:1.2965e-03A R:7.2322e+01ğ›€ E:2.8939e+00V/cm J:5.6739e-02A/cm2 ğ›’:5.1005e+01ğ›€ cm
2023-05-03 13:25:49,840 INFO Measurement at current 0.001306532663316583
2023-05-03 13:25:50,454 INFO T:189.40Â°K V:9.4448e-02V I:1.3065e-03A R:7.2289e+01ğ›€ E:2.9151e+00V/cm J:5.7179e-02A/cm2 ğ›’:5.0982e+01ğ›€ cm
2023-05-03 13:25:50,483 INFO Measurement at current 0.0013165829145728644
2023-05-03 13:25:51,074 INFO T:189.39Â°K V:9.5165e-02V I:1.3166e-03A R:7.2282e+01ğ›€ E:2.9372e+00V/cm J:5.7619e-02A/cm2 ğ›’:5.0977e+01ğ›€ cm
2023-05-03 13:25:51,092 INFO Measurement at current 0.0013266331658291458
2023-05-03 13:25:51,688 INFO T:189.38Â°K V:9.5888e-02V I:1.3266e-03A R:7.2279e+01ğ›€ E:2.9595e+00V/cm J:5.8058e-02A/cm2 ğ›’:5.0975e+01ğ›€ cm
2023-05-03 13:25:51,707 INFO Measurement at current 0.0013366834170854271
2023-05-03 13:25:52,310 INFO T:189.37Â°K V:9.6592e-02V I:1.3367e-03A R:7.2262e+01ğ›€ E:2.9812e+00V/cm J:5.8498e-02A/cm2 ğ›’:5.0963e+01ğ›€ cm
2023-05-03 13:25:52,333 INFO Measurement at current 0.0013467336683417087
2023-05-03 13:25:52,925 INFO T:189.36Â°K V:9.7297e-02V I:1.3467e-03A R:7.2247e+01ğ›€ E:3.0030e+00V/cm J:5.8938e-02A/cm2 ğ›’:5.0952e+01ğ›€ cm
2023-05-03 13:25:52,956 INFO Measurement at current 0.00135678391959799
2023-05-03 13:25:53,562 INFO T:189.35Â°K V:9.8023e-02V I:1.3568e-03A R:7.2246e+01ğ›€ E:3.0254e+00V/cm J:5.9378e-02A/cm2 ğ›’:5.0952e+01ğ›€ cm
2023-05-03 13:25:53,591 INFO Measurement at current 0.0013668341708542714
2023-05-03 13:25:54,183 INFO T:189.34Â°K V:9.8750e-02V I:1.3668e-03A R:7.2247e+01ğ›€ E:3.0478e+00V/cm J:5.9818e-02A/cm2 ğ›’:5.0952e+01ğ›€ cm
2023-05-03 13:25:54,218 INFO Measurement at current 0.0013768844221105528
2023-05-03 13:25:54,811 INFO T:189.33Â°K V:9.9468e-02V I:1.3769e-03A R:7.2241e+01ğ›€ E:3.0700e+00V/cm J:6.0258e-02A/cm2 ğ›’:5.0948e+01ğ›€ cm
2023-05-03 13:25:54,833 INFO Measurement at current 0.0013869346733668343
2023-05-03 13:25:55,425 INFO T:189.32Â°K V:1.0022e-01V I:1.3869e-03A R:7.2260e+01ğ›€ E:3.0932e+00V/cm J:6.0697e-02A/cm2 ğ›’:5.0961e+01ğ›€ cm
2023-05-03 13:25:55,468 INFO Measurement at current 0.0013969849246231157
2023-05-03 13:25:56,057 INFO T:189.31Â°K V:1.0093e-01V I:1.3970e-03A R:7.2251e+01ğ›€ E:3.1152e+00V/cm J:6.1137e-02A/cm2 ğ›’:5.0955e+01ğ›€ cm
2023-05-03 13:25:56,072 INFO Measurement at current 0.001407035175879397
2023-05-03 13:25:56,661 INFO T:189.30Â°K V:1.0166e-01V I:1.4070e-03A R:7.2248e+01ğ›€ E:3.1375e+00V/cm J:6.1577e-02A/cm2 ğ›’:5.0953e+01ğ›€ cm
2023-05-03 13:25:56,687 INFO Measurement at current 0.0014170854271356784
2023-05-03 13:25:57,289 INFO T:189.29Â°K V:1.0238e-01V I:1.4171e-03A R:7.2248e+01ğ›€ E:3.1599e+00V/cm J:6.2017e-02A/cm2 ğ›’:5.0952e+01ğ›€ cm
2023-05-03 13:25:57,315 INFO Measurement at current 0.00142713567839196
2023-05-03 13:25:57,918 INFO T:189.29Â°K V:1.0310e-01V I:1.4271e-03A R:7.2244e+01ğ›€ E:3.1822e+00V/cm J:6.2457e-02A/cm2 ğ›’:5.0950e+01ğ›€ cm
2023-05-03 13:25:57,938 INFO Measurement at current 0.0014371859296482413
2023-05-03 13:25:58,556 INFO T:189.28Â°K V:1.0383e-01V I:1.4372e-03A R:7.2248e+01ğ›€ E:3.2048e+00V/cm J:6.2897e-02A/cm2 ğ›’:5.0953e+01ğ›€ cm
2023-05-03 13:25:58,580 INFO Measurement at current 0.0014472361809045227
2023-05-03 13:25:59,170 INFO T:189.27Â°K V:1.0453e-01V I:1.4472e-03A R:7.2231e+01ğ›€ E:3.2264e+00V/cm J:6.3336e-02A/cm2 ğ›’:5.0940e+01ğ›€ cm
2023-05-03 13:25:59,200 INFO Measurement at current 0.001457286432160804
2023-05-03 13:25:59,803 INFO T:189.26Â°K V:1.0530e-01V I:1.4573e-03A R:7.2258e+01ğ›€ E:3.2500e+00V/cm J:6.3776e-02A/cm2 ğ›’:5.0960e+01ğ›€ cm
2023-05-03 13:25:59,830 INFO Measurement at current 0.0014673366834170856
2023-05-03 13:26:00,432 INFO T:189.25Â°K V:1.0598e-01V I:1.4673e-03A R:7.2226e+01ğ›€ E:3.2710e+00V/cm J:6.4216e-02A/cm2 ğ›’:5.0937e+01ğ›€ cm
2023-05-03 13:26:00,457 INFO Measurement at current 0.001477386934673367
2023-05-03 13:26:01,072 INFO T:189.24Â°K V:1.0667e-01V I:1.4774e-03A R:7.2201e+01ğ›€ E:3.2922e+00V/cm J:6.4656e-02A/cm2 ğ›’:5.0919e+01ğ›€ cm
2023-05-03 13:26:01,092 INFO Measurement at current 0.0014874371859296483
2023-05-03 13:26:01,686 INFO T:189.23Â°K V:1.0739e-01V I:1.4874e-03A R:7.2198e+01ğ›€ E:3.3145e+00V/cm J:6.5096e-02A/cm2 ğ›’:5.0918e+01ğ›€ cm
2023-05-03 13:26:01,704 INFO Measurement at current 0.0014974874371859296
2023-05-03 13:26:02,292 INFO T:189.22Â°K V:1.0811e-01V I:1.4975e-03A R:7.2192e+01ğ›€ E:3.3366e+00V/cm J:6.5536e-02A/cm2 ğ›’:5.0913e+01ğ›€ cm
2023-05-03 13:26:02,324 INFO Measurement at current 0.0015075376884422112
2023-05-03 13:26:02,927 INFO T:189.21Â°K V:1.0886e-01V I:1.5075e-03A R:7.2210e+01ğ›€ E:3.3598e+00V/cm J:6.5975e-02A/cm2 ğ›’:5.0926e+01ğ›€ cm
2023-05-03 13:26:02,950 INFO Measurement at current 0.0015175879396984926
2023-05-03 13:26:03,555 INFO T:189.20Â°K V:1.0956e-01V I:1.5176e-03A R:7.2194e+01ğ›€ E:3.3815e+00V/cm J:6.6415e-02A/cm2 ğ›’:5.0915e+01ğ›€ cm
2023-05-03 13:26:03,572 INFO Measurement at current 0.001527638190954774
2023-05-03 13:26:04,176 INFO T:189.19Â°K V:1.1031e-01V I:1.5276e-03A R:7.2207e+01ğ›€ E:3.4045e+00V/cm J:6.6855e-02A/cm2 ğ›’:5.0924e+01ğ›€ cm
2023-05-03 13:26:04,193 INFO Measurement at current 0.0015376884422110553
2023-05-03 13:26:04,800 INFO T:189.18Â°K V:1.1100e-01V I:1.5377e-03A R:7.2186e+01ğ›€ E:3.4259e+00V/cm J:6.7295e-02A/cm2 ğ›’:5.0909e+01ğ›€ cm
2023-05-03 13:26:04,821 INFO Measurement at current 0.0015477386934673368
2023-05-03 13:26:05,411 INFO T:189.18Â°K V:1.1172e-01V I:1.5477e-03A R:7.2181e+01ğ›€ E:3.4480e+00V/cm J:6.7735e-02A/cm2 ğ›’:5.0905e+01ğ›€ cm
2023-05-03 13:26:05,426 INFO Measurement at current 0.0015577889447236182
2023-05-03 13:26:06,012 INFO T:189.17Â°K V:1.1247e-01V I:1.5578e-03A R:7.2196e+01ğ›€ E:3.4712e+00V/cm J:6.8175e-02A/cm2 ğ›’:5.0916e+01ğ›€ cm
2023-05-03 13:26:06,029 INFO Measurement at current 0.0015678391959798995
2023-05-03 13:26:06,622 INFO T:189.16Â°K V:1.1315e-01V I:1.5678e-03A R:7.2171e+01ğ›€ E:3.4924e+00V/cm J:6.8614e-02A/cm2 ğ›’:5.0899e+01ğ›€ cm
2023-05-03 13:26:06,639 INFO Measurement at current 0.0015778894472361809
2023-05-03 13:26:07,222 INFO T:189.15Â°K V:1.1382e-01V I:1.5779e-03A R:7.2137e+01ğ›€ E:3.5131e+00V/cm J:6.9054e-02A/cm2 ğ›’:5.0874e+01ğ›€ cm
2023-05-03 13:26:07,239 INFO Measurement at current 0.0015879396984924625
2023-05-03 13:26:07,827 INFO T:189.14Â°K V:1.1454e-01V I:1.5879e-03A R:7.2132e+01ğ›€ E:3.5352e+00V/cm J:6.9494e-02A/cm2 ğ›’:5.0871e+01ğ›€ cm
2023-05-03 13:26:07,844 INFO Measurement at current 0.0015979899497487438
2023-05-03 13:26:08,439 INFO T:189.13Â°K V:1.1529e-01V I:1.5980e-03A R:7.2147e+01ğ›€ E:3.5583e+00V/cm J:6.9934e-02A/cm2 ğ›’:5.0881e+01ğ›€ cm
2023-05-03 13:26:08,454 INFO Measurement at current 0.0016080402010050252
2023-05-03 13:26:09,065 INFO T:189.12Â°K V:1.1596e-01V I:1.6080e-03A R:7.2113e+01ğ›€ E:3.5790e+00V/cm J:7.0374e-02A/cm2 ğ›’:5.0857e+01ğ›€ cm
2023-05-03 13:26:09,081 INFO Measurement at current 0.0016180904522613067
2023-05-03 13:26:09,666 INFO T:189.11Â°K V:1.1665e-01V I:1.6181e-03A R:7.2093e+01ğ›€ E:3.6004e+00V/cm J:7.0814e-02A/cm2 ğ›’:5.0844e+01ğ›€ cm
2023-05-03 13:26:09,683 INFO Measurement at current 0.001628140703517588
2023-05-03 13:26:10,277 INFO T:189.10Â°K V:1.1736e-01V I:1.6281e-03A R:7.2084e+01ğ›€ E:3.6223e+00V/cm J:7.1253e-02A/cm2 ğ›’:5.0837e+01ğ›€ cm
2023-05-03 13:26:10,307 INFO Measurement at current 0.0016381909547738694
2023-05-03 13:26:10,903 INFO T:189.09Â°K V:1.1808e-01V I:1.6382e-03A R:7.2082e+01ğ›€ E:3.6446e+00V/cm J:7.1693e-02A/cm2 ğ›’:5.0835e+01ğ›€ cm
2023-05-03 13:26:10,934 INFO Measurement at current 0.0016482412060301508
2023-05-03 13:26:11,538 INFO T:189.09Â°K V:1.1878e-01V I:1.6482e-03A R:7.2064e+01ğ›€ E:3.6660e+00V/cm J:7.2133e-02A/cm2 ğ›’:5.0823e+01ğ›€ cm
2023-05-03 13:26:11,559 INFO Measurement at current 0.0016582914572864324
2023-05-03 13:26:12,157 INFO T:189.08Â°K V:1.1950e-01V I:1.6583e-03A R:7.2064e+01ğ›€ E:3.6884e+00V/cm J:7.2573e-02A/cm2 ğ›’:5.0823e+01ğ›€ cm
2023-05-03 13:26:12,176 INFO Measurement at current 0.0016683417085427137
2023-05-03 13:26:13,509 INFO T:189.06Â°K V:1.2024e-01V I:1.6683e-03A R:7.2069e+01ğ›€ E:3.7110e+00V/cm J:7.3013e-02A/cm2 ğ›’:5.0826e+01ğ›€ cm
2023-05-03 13:26:13,526 INFO Measurement at current 0.001678391959798995
2023-05-03 13:26:14,112 INFO T:189.05Â°K V:1.2088e-01V I:1.6784e-03A R:7.2023e+01ğ›€ E:3.7309e+00V/cm J:7.3453e-02A/cm2 ğ›’:5.0794e+01ğ›€ cm
2023-05-03 13:26:14,130 INFO Measurement at current 0.0016884422110552764
2023-05-03 13:26:14,720 INFO T:189.04Â°K V:1.2160e-01V I:1.6884e-03A R:7.2019e+01ğ›€ E:3.7531e+00V/cm J:7.3892e-02A/cm2 ğ›’:5.0791e+01ğ›€ cm
2023-05-03 13:26:14,745 INFO Measurement at current 0.001698492462311558
2023-05-03 13:26:15,336 INFO T:189.03Â°K V:1.2233e-01V I:1.6985e-03A R:7.2020e+01ğ›€ E:3.7755e+00V/cm J:7.4332e-02A/cm2 ğ›’:5.0792e+01ğ›€ cm
2023-05-03 13:26:15,360 INFO Measurement at current 0.0017085427135678393
2023-05-03 13:26:15,965 INFO T:189.02Â°K V:1.2298e-01V I:1.7085e-03A R:7.1977e+01ğ›€ E:3.7956e+00V/cm J:7.4772e-02A/cm2 ğ›’:5.0762e+01ğ›€ cm
2023-05-03 13:26:15,981 INFO Measurement at current 0.0017185929648241207
2023-05-03 13:26:16,583 INFO T:189.01Â°K V:1.2375e-01V I:1.7186e-03A R:7.2009e+01ğ›€ E:3.8196e+00V/cm J:7.5212e-02A/cm2 ğ›’:5.0784e+01ğ›€ cm
2023-05-03 13:26:16,603 INFO Measurement at current 0.001728643216080402
2023-05-03 13:26:17,199 INFO T:189.00Â°K V:1.2441e-01V I:1.7286e-03A R:7.1968e+01ğ›€ E:3.8397e+00V/cm J:7.5652e-02A/cm2 ğ›’:5.0756e+01ğ›€ cm
2023-05-03 13:26:17,216 INFO Measurement at current 0.0017386934673366836
2023-05-03 13:26:17,817 INFO T:188.99Â°K V:1.2512e-01V I:1.7387e-03A R:7.1962e+01ğ›€ E:3.8617e+00V/cm J:7.6092e-02A/cm2 ğ›’:5.0751e+01ğ›€ cm
2023-05-03 13:26:17,842 INFO Measurement at current 0.001748743718592965
2023-05-03 13:26:18,436 INFO T:188.99Â°K V:1.2582e-01V I:1.7487e-03A R:7.1949e+01ğ›€ E:3.8834e+00V/cm J:7.6531e-02A/cm2 ğ›’:5.0742e+01ğ›€ cm
2023-05-03 13:26:18,455 INFO Measurement at current 0.0017587939698492463
2023-05-03 13:26:19,049 INFO T:188.98Â°K V:1.2658e-01V I:1.7588e-03A R:7.1969e+01ğ›€ E:3.9067e+00V/cm J:7.6971e-02A/cm2 ğ›’:5.0756e+01ğ›€ cm
2023-05-03 13:26:19,077 INFO Measurement at current 0.0017688442211055277
2023-05-03 13:26:19,675 INFO T:188.97Â°K V:1.2724e-01V I:1.7688e-03A R:7.1935e+01ğ›€ E:3.9272e+00V/cm J:7.7411e-02A/cm2 ğ›’:5.0732e+01ğ›€ cm
2023-05-03 13:26:19,714 INFO Measurement at current 0.0017788944723618092
2023-05-03 13:26:20,312 INFO T:188.96Â°K V:1.2794e-01V I:1.7789e-03A R:7.1922e+01ğ›€ E:3.9488e+00V/cm J:7.7851e-02A/cm2 ğ›’:5.0723e+01ğ›€ cm
2023-05-03 13:26:20,346 INFO Measurement at current 0.0017889447236180906
2023-05-03 13:26:20,941 INFO T:188.95Â°K V:1.2867e-01V I:1.7889e-03A R:7.1924e+01ğ›€ E:3.9712e+00V/cm J:7.8291e-02A/cm2 ğ›’:5.0724e+01ğ›€ cm
2023-05-03 13:26:20,969 INFO Measurement at current 0.001798994974874372
2023-05-03 13:26:21,568 INFO T:188.94Â°K V:1.2933e-01V I:1.7990e-03A R:7.1892e+01ğ›€ E:3.9918e+00V/cm J:7.8731e-02A/cm2 ğ›’:5.0701e+01ğ›€ cm
2023-05-03 13:26:21,583 INFO Measurement at current 0.0018090452261306533
2023-05-03 13:26:22,198 INFO T:188.93Â°K V:1.3004e-01V I:1.8090e-03A R:7.1885e+01ğ›€ E:4.0137e+00V/cm J:7.9170e-02A/cm2 ğ›’:5.0697e+01ğ›€ cm
2023-05-03 13:26:22,219 INFO Measurement at current 0.0018190954773869348
2023-05-03 13:26:22,807 INFO T:188.92Â°K V:1.3077e-01V I:1.8191e-03A R:7.1886e+01ğ›€ E:4.0361e+00V/cm J:7.9610e-02A/cm2 ğ›’:5.0698e+01ğ›€ cm
2023-05-03 13:26:22,824 INFO Measurement at current 0.0018291457286432162
2023-05-03 13:26:23,416 INFO T:188.91Â°K V:1.3148e-01V I:1.8291e-03A R:7.1879e+01ğ›€ E:4.0580e+00V/cm J:8.0050e-02A/cm2 ğ›’:5.0693e+01ğ›€ cm
2023-05-03 13:26:23,453 INFO Measurement at current 0.0018391959798994975
2023-05-03 13:26:24,064 INFO T:188.90Â°K V:1.3214e-01V I:1.8392e-03A R:7.1845e+01ğ›€ E:4.0783e+00V/cm J:8.0490e-02A/cm2 ğ›’:5.0668e+01ğ›€ cm
2023-05-03 13:26:24,084 INFO Measurement at current 0.001849246231155779
2023-05-03 13:26:24,708 INFO T:188.89Â°K V:1.3286e-01V I:1.8492e-03A R:7.1847e+01ğ›€ E:4.1007e+00V/cm J:8.0930e-02A/cm2 ğ›’:5.0670e+01ğ›€ cm
2023-05-03 13:26:24,727 INFO Measurement at current 0.0018592964824120605
2023-05-03 13:26:25,329 INFO T:188.88Â°K V:1.3362e-01V I:1.8593e-03A R:7.1866e+01ğ›€ E:4.1241e+00V/cm J:8.1370e-02A/cm2 ğ›’:5.0683e+01ğ›€ cm
2023-05-03 13:26:25,346 INFO Measurement at current 0.0018693467336683418
2023-05-03 13:26:25,941 INFO T:188.88Â°K V:1.3430e-01V I:1.8693e-03A R:7.1846e+01ğ›€ E:4.1452e+00V/cm J:8.1809e-02A/cm2 ğ›’:5.0669e+01ğ›€ cm
2023-05-03 13:26:25,964 INFO Measurement at current 0.0018793969849246232
2023-05-03 13:26:26,559 INFO T:188.87Â°K V:1.3502e-01V I:1.8794e-03A R:7.1842e+01ğ›€ E:4.1673e+00V/cm J:8.2249e-02A/cm2 ğ›’:5.0666e+01ğ›€ cm
2023-05-03 13:26:26,586 INFO Measurement at current 0.0018894472361809045
2023-05-03 13:26:27,201 INFO T:188.86Â°K V:1.3571e-01V I:1.8894e-03A R:7.1824e+01ğ›€ E:4.1885e+00V/cm J:8.2689e-02A/cm2 ğ›’:5.0654e+01ğ›€ cm
2023-05-03 13:26:27,226 INFO Measurement at current 0.001899497487437186
2023-05-03 13:26:27,832 INFO T:188.85Â°K V:1.3642e-01V I:1.8995e-03A R:7.1820e+01ğ›€ E:4.2105e+00V/cm J:8.3129e-02A/cm2 ğ›’:5.0651e+01ğ›€ cm
2023-05-03 13:26:27,856 INFO Measurement at current 0.0019095477386934674
2023-05-03 13:26:28,453 INFO T:188.84Â°K V:1.3708e-01V I:1.9095e-03A R:7.1787e+01ğ›€ E:4.2309e+00V/cm J:8.3569e-02A/cm2 ğ›’:5.0628e+01ğ›€ cm
2023-05-03 13:26:28,472 INFO Measurement at current 0.0019195979899497488
2023-05-03 13:26:29,060 INFO T:188.83Â°K V:1.3776e-01V I:1.9196e-03A R:7.1765e+01ğ›€ E:4.2518e+00V/cm J:8.4009e-02A/cm2 ğ›’:5.0612e+01ğ›€ cm
2023-05-03 13:26:29,105 INFO Measurement at current 0.0019296482412060304
2023-05-03 13:26:29,693 INFO T:188.82Â°K V:1.3845e-01V I:1.9296e-03A R:7.1750e+01ğ›€ E:4.2732e+00V/cm J:8.4449e-02A/cm2 ğ›’:5.0602e+01ğ›€ cm
2023-05-03 13:26:29,714 INFO Measurement at current 0.0019396984924623117
2023-05-03 13:26:30,304 INFO T:188.81Â°K V:1.3918e-01V I:1.9397e-03A R:7.1754e+01ğ›€ E:4.2957e+00V/cm J:8.4888e-02A/cm2 ğ›’:5.0604e+01ğ›€ cm
2023-05-03 13:26:30,328 INFO Measurement at current 0.001949748743718593
2023-05-03 13:26:30,917 INFO T:188.80Â°K V:1.3988e-01V I:1.9497e-03A R:7.1742e+01ğ›€ E:4.3173e+00V/cm J:8.5328e-02A/cm2 ğ›’:5.0596e+01ğ›€ cm
2023-05-03 13:26:30,943 INFO Measurement at current 0.0019597989949748746
2023-05-03 13:26:31,541 INFO T:188.80Â°K V:1.4057e-01V I:1.9598e-03A R:7.1729e+01ğ›€ E:4.3387e+00V/cm J:8.5768e-02A/cm2 ğ›’:5.0587e+01ğ›€ cm
2023-05-03 13:26:31,557 INFO Measurement at current 0.0019698492462311558
2023-05-03 13:26:32,154 INFO T:188.79Â°K V:1.4127e-01V I:1.9698e-03A R:7.1714e+01ğ›€ E:4.3601e+00V/cm J:8.6208e-02A/cm2 ğ›’:5.0576e+01ğ›€ cm
2023-05-03 13:26:32,170 INFO Measurement at current 0.0019798994974874373
2023-05-03 13:26:32,817 INFO T:188.78Â°K V:1.4196e-01V I:1.9799e-03A R:7.1703e+01ğ›€ E:4.3816e+00V/cm J:8.6648e-02A/cm2 ğ›’:5.0568e+01ğ›€ cm
2023-05-03 13:26:32,842 INFO Measurement at current 0.001989949748743719
2023-05-03 13:26:33,450 INFO T:188.77Â°K V:1.4266e-01V I:1.9899e-03A R:7.1692e+01ğ›€ E:4.4032e+00V/cm J:8.7088e-02A/cm2 ğ›’:5.0561e+01ğ›€ cm
2023-05-03 13:26:33,473 INFO Measurement at current 0.002
2023-05-03 13:26:34,072 INFO T:188.76Â°K V:1.4337e-01V I:2.0000e-03A R:7.1685e+01ğ›€ E:4.4250e+00V/cm J:8.7527e-02A/cm2 ğ›’:5.0555e+01ğ›€ cm
2023-05-03 13:26:46,171 INFO Save the description file
2023-05-03 13:26:46,175 INFO Save data in numpy format Esperimenti/CPRO_MUSA_030523_I_V/CPRO_MUSA_030523_I_V_current_from_0_to_20e-4A/CPRO_MUSA_030523_I_V_current_from_0_to_20e-4A-20230503132643
2023-05-03 13:26:46,187 INFO Save data in CSV format Esperimenti/CPRO_MUSA_030523_I_V/CPRO_MUSA_030523_I_V_current_from_0_to_20e-4A/CPRO_MUSA_030523_I_V_current_from_0_to_20e-4A-20230503132643.csv
2023-05-03 13:26:46,214 INFO Save plot as image Esperimenti/CPRO_MUSA_030523_I_V/CPRO_MUSA_030523_I_V_current_from_0_to_20e-4A/CPRO_MUSA_030523_I_V_current_from_0_to_20e-4A-20230503132643.png
