2023-05-03 13:27:06,464 INFO ### Start experiment: CPRO_MUSA_030523_I_V current from 0 to 20e-4A ###
2023-05-03 13:27:07,812 INFO Found Multimeter KEITHLEY INSTRUMENTS INC.,MODEL 2700,0884890,B03  /A02  

2023-05-03 13:27:08,850 INFO Found Nanovolt Meter KEITHLEY INSTRUMENTS INC.,MODEL 2182A,4056474,C03  /A02  

2023-05-03 13:27:08,970 INFO Found Source Meter KEITHLEY INSTRUMENTS INC.,MODEL 2400,0945684,C24   Feb 14 2002 11:59:45/A02  /K/H

2023-05-03 13:27:09,108 INFO Start the measurement loop
2023-05-03 13:27:14,120 INFO Measurement at current 0.0
2023-05-03 13:27:15,033 INFO T:188.17Â°K V:-3.3863e-06V I:0.0000e+00A R:-infğ›€ E:-1.0452e-04V/cm J:0.0000e+00A/cm2 ğ›’:-infğ›€ cm
2023-05-03 13:27:15,052 INFO Measurement at current 1.0050251256281408e-05
2023-05-03 13:27:15,663 INFO T:188.16Â°K V:7.7067e-04V I:1.0050e-05A R:7.6682e+01ğ›€ E:2.3786e-02V/cm J:4.3984e-04A/cm2 ğ›’:5.4080e+01ğ›€ cm
2023-05-03 13:27:15,681 INFO Measurement at current 2.0100502512562815e-05
2023-05-03 13:27:16,274 INFO T:188.16Â°K V:1.5464e-03V I:2.0101e-05A R:7.6934e+01ğ›€ E:4.7729e-02V/cm J:8.7967e-04A/cm2 ğ›’:5.4257e+01ğ›€ cm
2023-05-03 13:27:16,290 INFO Measurement at current 3.0150753768844224e-05
2023-05-03 13:27:16,887 INFO T:188.15Â°K V:2.3208e-03V I:3.0151e-05A R:7.6972e+01ğ›€ E:7.1629e-02V/cm J:1.3195e-03A/cm2 ğ›’:5.4285e+01ğ›€ cm
2023-05-03 13:27:16,910 INFO Measurement at current 4.020100502512563e-05
2023-05-03 13:27:17,511 INFO T:188.14Â°K V:3.0968e-03V I:4.0201e-05A R:7.7033e+01ğ›€ E:9.5581e-02V/cm J:1.7593e-03A/cm2 ğ›’:5.4327e+01ğ›€ cm
2023-05-03 13:27:17,533 INFO Measurement at current 5.0251256281407036e-05
2023-05-03 13:27:18,124 INFO T:188.13Â°K V:3.8749e-03V I:5.0251e-05A R:7.7111e+01ğ›€ E:1.1960e-01V/cm J:2.1992e-03A/cm2 ğ›’:5.4382e+01ğ›€ cm
2023-05-03 13:27:18,139 INFO Measurement at current 6.030150753768845e-05
2023-05-03 13:27:18,727 INFO T:188.12Â°K V:4.6480e-03V I:6.0302e-05A R:7.7079e+01ğ›€ E:1.4346e-01V/cm J:2.6390e-03A/cm2 ğ›’:5.4360e+01ğ›€ cm
2023-05-03 13:27:18,742 INFO Measurement at current 7.035175879396985e-05
2023-05-03 13:27:19,333 INFO T:188.11Â°K V:5.4260e-03V I:7.0352e-05A R:7.7127e+01ğ›€ E:1.6747e-01V/cm J:3.0789e-03A/cm2 ğ›’:5.4394e+01ğ›€ cm
2023-05-03 13:27:19,356 INFO Measurement at current 8.040201005025126e-05
2023-05-03 13:27:19,958 INFO T:188.10Â°K V:6.2022e-03V I:8.0402e-05A R:7.7140e+01ğ›€ E:1.9143e-01V/cm J:3.5187e-03A/cm2 ğ›’:5.4402e+01ğ›€ cm
2023-05-03 13:27:19,982 INFO Measurement at current 9.045226130653267e-05
2023-05-03 13:27:20,588 INFO T:188.09Â°K V:6.9761e-03V I:9.0452e-05A R:7.7125e+01ğ›€ E:2.1531e-01V/cm J:3.9585e-03A/cm2 ğ›’:5.4392e+01ğ›€ cm
2023-05-03 13:27:20,607 INFO Measurement at current 0.00010050251256281407
2023-05-03 13:27:21,203 INFO T:188.09Â°K V:7.7552e-03V I:1.0050e-04A R:7.7164e+01ğ›€ E:2.3936e-01V/cm J:4.3984e-03A/cm2 ğ›’:5.4420e+01ğ›€ cm
2023-05-03 13:27:21,232 INFO Measurement at current 0.00011055276381909548
2023-05-03 13:27:21,832 INFO T:188.08Â°K V:8.5364e-03V I:1.1055e-04A R:7.7215e+01ğ›€ E:2.6347e-01V/cm J:4.8382e-03A/cm2 ğ›’:5.4456e+01ğ›€ cm
2023-05-03 13:27:21,855 INFO Measurement at current 0.0001206030150753769
2023-05-03 13:27:22,450 INFO T:188.07Â°K V:9.3060e-03V I:1.2060e-04A R:7.7162e+01ğ›€ E:2.8722e-01V/cm J:5.2780e-03A/cm2 ğ›’:5.4418e+01ğ›€ cm
2023-05-03 13:27:22,472 INFO Measurement at current 0.0001306532663316583
2023-05-03 13:27:23,074 INFO T:188.06Â°K V:1.0081e-02V I:1.3065e-04A R:7.7160e+01ğ›€ E:3.1115e-01V/cm J:5.7179e-03A/cm2 ğ›’:5.4417e+01ğ›€ cm
2023-05-03 13:27:23,091 INFO Measurement at current 0.0001407035175879397
2023-05-03 13:27:23,688 INFO T:188.05Â°K V:1.0863e-02V I:1.4070e-04A R:7.7205e+01ğ›€ E:3.3528e-01V/cm J:6.1577e-03A/cm2 ğ›’:5.4449e+01ğ›€ cm
2023-05-03 13:27:23,710 INFO Measurement at current 0.00015075376884422112
2023-05-03 13:27:24,300 INFO T:188.04Â°K V:1.1642e-02V I:1.5075e-04A R:7.7228e+01ğ›€ E:3.5934e-01V/cm J:6.5975e-03A/cm2 ğ›’:5.4465e+01ğ›€ cm
2023-05-03 13:27:24,324 INFO Measurement at current 0.00016080402010050252
2023-05-03 13:27:25,758 INFO T:188.02Â°K V:1.2432e-02V I:1.6080e-04A R:7.7309e+01ğ›€ E:3.8369e-01V/cm J:7.0374e-03A/cm2 ğ›’:5.4522e+01ğ›€ cm
2023-05-03 13:27:25,774 INFO Measurement at current 0.00017085427135678393
2023-05-03 13:27:26,369 INFO T:188.01Â°K V:1.3211e-02V I:1.7085e-04A R:7.7322e+01ğ›€ E:4.0774e-01V/cm J:7.4772e-03A/cm2 ğ›’:5.4531e+01ğ›€ cm
2023-05-03 13:27:26,402 INFO Measurement at current 0.00018090452261306533
2023-05-03 13:27:26,999 INFO T:188.00Â°K V:1.3995e-02V I:1.8090e-04A R:7.7359e+01ğ›€ E:4.3193e-01V/cm J:7.9170e-03A/cm2 ğ›’:5.4557e+01ğ›€ cm
2023-05-03 13:27:27,022 INFO Measurement at current 0.00019095477386934674
2023-05-03 13:27:27,623 INFO T:188.00Â°K V:1.4780e-02V I:1.9095e-04A R:7.7401e+01ğ›€ E:4.5617e-01V/cm J:8.3569e-03A/cm2 ğ›’:5.4587e+01ğ›€ cm
2023-05-03 13:27:27,643 INFO Measurement at current 0.00020100502512562814
2023-05-03 13:27:28,237 INFO T:187.99Â°K V:1.5562e-02V I:2.0101e-04A R:7.7420e+01ğ›€ E:4.8030e-01V/cm J:8.7967e-03A/cm2 ğ›’:5.4600e+01ğ›€ cm
2023-05-03 13:27:28,253 INFO Measurement at current 0.00021105527638190955
2023-05-03 13:27:28,838 INFO T:187.98Â°K V:1.6347e-02V I:2.1106e-04A R:7.7452e+01ğ›€ E:5.0453e-01V/cm J:9.2366e-03A/cm2 ğ›’:5.4623e+01ğ›€ cm
2023-05-03 13:27:28,862 INFO Measurement at current 0.00022110552763819096
2023-05-03 13:27:29,451 INFO T:187.97Â°K V:1.7134e-02V I:2.2111e-04A R:7.7492e+01ğ›€ E:5.2883e-01V/cm J:9.6764e-03A/cm2 ğ›’:5.4651e+01ğ›€ cm
2023-05-03 13:27:29,472 INFO Measurement at current 0.00023115577889447236
2023-05-03 13:27:30,094 INFO T:187.96Â°K V:1.7923e-02V I:2.3116e-04A R:7.7537e+01ğ›€ E:5.5318e-01V/cm J:1.0116e-02A/cm2 ğ›’:5.4682e+01ğ›€ cm
2023-05-03 13:27:30,117 INFO Measurement at current 0.0002412060301507538
2023-05-03 13:27:30,717 INFO T:187.95Â°K V:1.8708e-02V I:2.4121e-04A R:7.7559e+01ğ›€ E:5.7740e-01V/cm J:1.0556e-02A/cm2 ğ›’:5.4698e+01ğ›€ cm
2023-05-03 13:27:30,732 INFO Measurement at current 0.0002512562814070352
2023-05-03 13:27:31,325 INFO T:187.94Â°K V:1.9503e-02V I:2.5126e-04A R:7.7622e+01ğ›€ E:6.0194e-01V/cm J:1.0996e-02A/cm2 ğ›’:5.4743e+01ğ›€ cm
2023-05-03 13:27:31,345 INFO Measurement at current 0.0002613065326633166
2023-05-03 13:27:31,942 INFO T:187.94Â°K V:2.0290e-02V I:2.6131e-04A R:7.7647e+01ğ›€ E:6.2622e-01V/cm J:1.1436e-02A/cm2 ğ›’:5.4760e+01ğ›€ cm
2023-05-03 13:27:31,967 INFO Measurement at current 0.000271356783919598
2023-05-03 13:27:32,581 INFO T:187.93Â°K V:2.1088e-02V I:2.7136e-04A R:7.7711e+01ğ›€ E:6.5085e-01V/cm J:1.1876e-02A/cm2 ğ›’:5.4806e+01ğ›€ cm
2023-05-03 13:27:32,607 INFO Measurement at current 0.0002814070351758794
2023-05-03 13:27:33,207 INFO T:187.92Â°K V:2.1886e-02V I:2.8141e-04A R:7.7775e+01ğ›€ E:6.7551e-01V/cm J:1.2315e-02A/cm2 ğ›’:5.4851e+01ğ›€ cm
2023-05-03 13:27:33,228 INFO Measurement at current 0.0002914572864321608
2023-05-03 13:27:33,821 INFO T:187.91Â°K V:2.2677e-02V I:2.9146e-04A R:7.7804e+01ğ›€ E:6.9990e-01V/cm J:1.2755e-02A/cm2 ğ›’:5.4871e+01ğ›€ cm
2023-05-03 13:27:33,842 INFO Measurement at current 0.00030150753768844223
2023-05-03 13:27:34,432 INFO T:187.90Â°K V:2.3473e-02V I:3.0151e-04A R:7.7851e+01ğ›€ E:7.2447e-01V/cm J:1.3195e-02A/cm2 ğ›’:5.4904e+01ğ›€ cm
2023-05-03 13:27:34,459 INFO Measurement at current 0.00031155778894472364
2023-05-03 13:27:35,051 INFO T:187.89Â°K V:2.4262e-02V I:3.1156e-04A R:7.7872e+01ğ›€ E:7.4881e-01V/cm J:1.3635e-02A/cm2 ğ›’:5.4919e+01ğ›€ cm
2023-05-03 13:27:35,071 INFO Measurement at current 0.00032160804020100504
2023-05-03 13:27:35,661 INFO T:187.88Â°K V:2.5051e-02V I:3.2161e-04A R:7.7894e+01ğ›€ E:7.7319e-01V/cm J:1.4075e-02A/cm2 ğ›’:5.4935e+01ğ›€ cm
2023-05-03 13:27:35,683 INFO Measurement at current 0.00033165829145728645
2023-05-03 13:27:36,288 INFO T:187.87Â°K V:2.5840e-02V I:3.3166e-04A R:7.7912e+01ğ›€ E:7.9754e-01V/cm J:1.4515e-02A/cm2 ğ›’:5.4947e+01ğ›€ cm
2023-05-03 13:27:36,324 INFO Measurement at current 0.00034170854271356785
2023-05-03 13:27:36,919 INFO T:187.87Â°K V:2.6629e-02V I:3.4171e-04A R:7.7930e+01ğ›€ E:8.2190e-01V/cm J:1.4954e-02A/cm2 ğ›’:5.4960e+01ğ›€ cm
2023-05-03 13:27:36,935 INFO Measurement at current 0.00035175879396984926
2023-05-03 13:27:37,521 INFO T:187.86Â°K V:2.7442e-02V I:3.5176e-04A R:7.8013e+01ğ›€ E:8.4697e-01V/cm J:1.5394e-02A/cm2 ğ›’:5.5019e+01ğ›€ cm
2023-05-03 13:27:37,538 INFO Measurement at current 0.00036180904522613067
2023-05-03 13:27:38,146 INFO T:187.85Â°K V:2.8246e-02V I:3.6181e-04A R:7.8069e+01ğ›€ E:8.7179e-01V/cm J:1.5834e-02A/cm2 ğ›’:5.5058e+01ğ›€ cm
2023-05-03 13:27:38,164 INFO Measurement at current 0.00037185929648241207
2023-05-03 13:27:38,752 INFO T:187.84Â°K V:2.9056e-02V I:3.7186e-04A R:7.8136e+01ğ›€ E:8.9678e-01V/cm J:1.6274e-02A/cm2 ğ›’:5.5105e+01ğ›€ cm
2023-05-03 13:27:38,776 INFO Measurement at current 0.0003819095477386935
2023-05-03 13:27:39,376 INFO T:187.83Â°K V:2.9885e-02V I:3.8191e-04A R:7.8250e+01ğ›€ E:9.2236e-01V/cm J:1.6714e-02A/cm2 ğ›’:5.5186e+01ğ›€ cm
2023-05-03 13:27:39,393 INFO Measurement at current 0.0003919597989949749
2023-05-03 13:27:39,982 INFO T:187.82Â°K V:3.0677e-02V I:3.9196e-04A R:7.8266e+01ğ›€ E:9.4683e-01V/cm J:1.7154e-02A/cm2 ğ›’:5.5197e+01ğ›€ cm
2023-05-03 13:27:39,998 INFO Measurement at current 0.0004020100502512563
2023-05-03 13:27:40,593 INFO T:187.81Â°K V:3.1487e-02V I:4.0201e-04A R:7.8323e+01ğ›€ E:9.7181e-01V/cm J:1.7593e-02A/cm2 ğ›’:5.5237e+01ğ›€ cm
2023-05-03 13:27:40,610 INFO Measurement at current 0.0004120603015075377
2023-05-03 13:27:41,199 INFO T:187.81Â°K V:3.2287e-02V I:4.1206e-04A R:7.8356e+01ğ›€ E:9.9652e-01V/cm J:1.8033e-02A/cm2 ğ›’:5.5260e+01ğ›€ cm
2023-05-03 13:27:41,220 INFO Measurement at current 0.0004221105527638191
2023-05-03 13:27:41,812 INFO T:187.80Â°K V:3.3086e-02V I:4.2211e-04A R:7.8382e+01ğ›€ E:1.0212e+00V/cm J:1.8473e-02A/cm2 ğ›’:5.5278e+01ğ›€ cm
2023-05-03 13:27:41,836 INFO Measurement at current 0.0004321608040201005
2023-05-03 13:27:42,436 INFO T:187.79Â°K V:3.3906e-02V I:4.3216e-04A R:7.8457e+01ğ›€ E:1.0465e+00V/cm J:1.8913e-02A/cm2 ğ›’:5.5332e+01ğ›€ cm
2023-05-03 13:27:42,452 INFO Measurement at current 0.0004422110552763819
2023-05-03 13:27:43,044 INFO T:187.78Â°K V:3.4712e-02V I:4.4221e-04A R:7.8497e+01ğ›€ E:1.0714e+00V/cm J:1.9353e-02A/cm2 ğ›’:5.5360e+01ğ›€ cm
2023-05-03 13:27:43,059 INFO Measurement at current 0.0004522613065326633
2023-05-03 13:27:43,645 INFO T:187.77Â°K V:3.5562e-02V I:4.5226e-04A R:7.8632e+01ğ›€ E:1.0976e+00V/cm J:1.9793e-02A/cm2 ğ›’:5.5455e+01ğ›€ cm
2023-05-03 13:27:43,672 INFO Measurement at current 0.0004623115577889447
2023-05-03 13:27:44,272 INFO T:187.76Â°K V:3.6375e-02V I:4.6231e-04A R:7.8680e+01ğ›€ E:1.1227e+00V/cm J:2.0232e-02A/cm2 ğ›’:5.5489e+01ğ›€ cm
2023-05-03 13:27:44,288 INFO Measurement at current 0.00047236180904522613
2023-05-03 13:27:44,885 INFO T:187.75Â°K V:3.7178e-02V I:4.7236e-04A R:7.8706e+01ğ›€ E:1.1475e+00V/cm J:2.0672e-02A/cm2 ğ›’:5.5507e+01ğ›€ cm
2023-05-03 13:27:44,911 INFO Measurement at current 0.0004824120603015076
2023-05-03 13:27:45,516 INFO T:187.75Â°K V:3.7959e-02V I:4.8241e-04A R:7.8685e+01ğ›€ E:1.1716e+00V/cm J:2.1112e-02A/cm2 ğ›’:5.5492e+01ğ›€ cm
2023-05-03 13:27:45,531 INFO Measurement at current 0.0004924623115577889
2023-05-03 13:27:46,122 INFO T:187.74Â°K V:3.8780e-02V I:4.9246e-04A R:7.8747e+01ğ›€ E:1.1969e+00V/cm J:2.1552e-02A/cm2 ğ›’:5.5536e+01ğ›€ cm
2023-05-03 13:27:46,143 INFO Measurement at current 0.0005025125628140704
2023-05-03 13:27:46,736 INFO T:187.73Â°K V:3.9586e-02V I:5.0251e-04A R:7.8777e+01ğ›€ E:1.2218e+00V/cm J:2.1992e-02A/cm2 ğ›’:5.5557e+01ğ›€ cm
2023-05-03 13:27:46,766 INFO Measurement at current 0.0005125628140703518
2023-05-03 13:27:47,364 INFO T:187.72Â°K V:4.0397e-02V I:5.1256e-04A R:7.8814e+01ğ›€ E:1.2468e+00V/cm J:2.2432e-02A/cm2 ğ›’:5.5583e+01ğ›€ cm
2023-05-03 13:27:47,383 INFO Measurement at current 0.0005226130653266332
2023-05-03 13:27:47,977 INFO T:187.71Â°K V:4.1209e-02V I:5.2261e-04A R:7.8851e+01ğ›€ E:1.2719e+00V/cm J:2.2871e-02A/cm2 ğ›’:5.5610e+01ğ›€ cm
2023-05-03 13:27:48,001 INFO Measurement at current 0.0005326633165829146
2023-05-03 13:27:48,605 INFO T:187.70Â°K V:4.2003e-02V I:5.3266e-04A R:7.8855e+01ğ›€ E:1.2964e+00V/cm J:2.3311e-02A/cm2 ğ›’:5.5612e+01ğ›€ cm
2023-05-03 13:27:48,624 INFO Measurement at current 0.000542713567839196
2023-05-03 13:27:49,220 INFO T:187.69Â°K V:4.2806e-02V I:5.4271e-04A R:7.8874e+01ğ›€ E:1.3212e+00V/cm J:2.3751e-02A/cm2 ğ›’:5.5625e+01ğ›€ cm
2023-05-03 13:27:49,235 INFO Measurement at current 0.0005527638190954774
2023-05-03 13:27:49,828 INFO T:187.69Â°K V:4.3617e-02V I:5.5276e-04A R:7.8907e+01ğ›€ E:1.3462e+00V/cm J:2.4191e-02A/cm2 ğ›’:5.5649e+01ğ›€ cm
2023-05-03 13:27:49,845 INFO Measurement at current 0.0005628140703517588
2023-05-03 13:27:50,430 INFO T:187.68Â°K V:4.4380e-02V I:5.6281e-04A R:7.8854e+01ğ›€ E:1.3698e+00V/cm J:2.4631e-02A/cm2 ğ›’:5.5611e+01ğ›€ cm
2023-05-03 13:27:50,453 INFO Measurement at current 0.0005728643216080402
2023-05-03 13:27:51,063 INFO T:187.67Â°K V:4.5217e-02V I:5.7286e-04A R:7.8932e+01ğ›€ E:1.3956e+00V/cm J:2.5071e-02A/cm2 ğ›’:5.5666e+01ğ›€ cm
2023-05-03 13:27:51,086 INFO Measurement at current 0.0005829145728643216
2023-05-03 13:27:51,680 INFO T:187.66Â°K V:4.6045e-02V I:5.8291e-04A R:7.8991e+01ğ›€ E:1.4211e+00V/cm J:2.5510e-02A/cm2 ğ›’:5.5708e+01ğ›€ cm
2023-05-03 13:27:51,697 INFO Measurement at current 0.000592964824120603
2023-05-03 13:27:52,290 INFO T:187.65Â°K V:4.6827e-02V I:5.9296e-04A R:7.8972e+01ğ›€ E:1.4453e+00V/cm J:2.5950e-02A/cm2 ğ›’:5.5695e+01ğ›€ cm
2023-05-03 13:27:52,306 INFO Measurement at current 0.0006030150753768845
2023-05-03 13:27:52,894 INFO T:187.64Â°K V:4.7651e-02V I:6.0302e-04A R:7.9021e+01ğ›€ E:1.4707e+00V/cm J:2.6390e-02A/cm2 ğ›’:5.5730e+01ğ›€ cm
2023-05-03 13:27:52,917 INFO Measurement at current 0.0006130653266331658
2023-05-03 13:27:53,518 INFO T:187.63Â°K V:4.8417e-02V I:6.1307e-04A R:7.8974e+01ğ›€ E:1.4943e+00V/cm J:2.6830e-02A/cm2 ğ›’:5.5697e+01ğ›€ cm
2023-05-03 13:27:53,555 INFO Measurement at current 0.0006231155778894473
2023-05-03 13:27:54,152 INFO T:187.63Â°K V:4.9172e-02V I:6.2312e-04A R:7.8913e+01ğ›€ E:1.5176e+00V/cm J:2.7270e-02A/cm2 ğ›’:5.5653e+01ğ›€ cm
2023-05-03 13:27:54,179 INFO Measurement at current 0.0006331658291457286
2023-05-03 13:27:54,777 INFO T:187.62Â°K V:4.9966e-02V I:6.3317e-04A R:7.8915e+01ğ›€ E:1.5422e+00V/cm J:2.7710e-02A/cm2 ğ›’:5.5655e+01ğ›€ cm
2023-05-03 13:27:54,793 INFO Measurement at current 0.0006432160804020101
2023-05-03 13:27:55,388 INFO T:187.61Â°K V:5.0731e-02V I:6.4322e-04A R:7.8870e+01ğ›€ E:1.5658e+00V/cm J:2.8150e-02A/cm2 ğ›’:5.5623e+01ğ›€ cm
2023-05-03 13:27:55,406 INFO Measurement at current 0.0006532663316582915
2023-05-03 13:27:56,001 INFO T:187.60Â°K V:5.1463e-02V I:6.5327e-04A R:7.8778e+01ğ›€ E:1.5884e+00V/cm J:2.8589e-02A/cm2 ğ›’:5.5558e+01ğ›€ cm
2023-05-03 13:27:56,018 INFO Measurement at current 0.0006633165829145729
2023-05-03 13:27:56,618 INFO T:187.59Â°K V:5.2122e-02V I:6.6332e-04A R:7.8578e+01ğ›€ E:1.6087e+00V/cm J:2.9029e-02A/cm2 ğ›’:5.5417e+01ğ›€ cm
2023-05-03 13:27:56,636 INFO Measurement at current 0.0006733668341708544
2023-05-03 13:27:57,222 INFO T:187.58Â°K V:5.5107e-02V I:6.7337e-04A R:8.1837e+01ğ›€ E:1.7008e+00V/cm J:2.9469e-02A/cm2 ğ›’:5.7716e+01ğ›€ cm
2023-05-03 13:27:57,242 INFO Measurement at current 0.0006834170854271357
2023-05-03 13:27:57,848 INFO T:187.57Â°K V:5.5760e-02V I:6.8342e-04A R:8.1591e+01ğ›€ E:1.7210e+00V/cm J:2.9909e-02A/cm2 ğ›’:5.7541e+01ğ›€ cm
2023-05-03 13:27:57,872 INFO Measurement at current 0.0006934673366834172
2023-05-03 13:27:58,470 INFO T:187.56Â°K V:5.5971e-02V I:6.9347e-04A R:8.0712e+01ğ›€ E:1.7275e+00V/cm J:3.0349e-02A/cm2 ğ›’:5.6922e+01ğ›€ cm
2023-05-03 13:27:58,494 INFO Measurement at current 0.0007035175879396985
2023-05-03 13:27:59,095 INFO T:187.56Â°K V:5.6042e-02V I:7.0352e-04A R:7.9660e+01ğ›€ E:1.7297e+00V/cm J:3.0789e-02A/cm2 ğ›’:5.6180e+01ğ›€ cm
2023-05-03 13:27:59,119 INFO Measurement at current 0.00071356783919598
2023-05-03 13:27:59,707 INFO T:187.55Â°K V:5.6546e-02V I:7.1357e-04A R:7.9244e+01ğ›€ E:1.7452e+00V/cm J:3.1228e-02A/cm2 ğ›’:5.5886e+01ğ›€ cm
2023-05-03 13:27:59,733 INFO Measurement at current 0.0007236180904522613
2023-05-03 13:28:00,324 INFO T:187.54Â°K V:5.7188e-02V I:7.2362e-04A R:7.9031e+01ğ›€ E:1.7651e+00V/cm J:3.1668e-02A/cm2 ğ›’:5.5736e+01ğ›€ cm
2023-05-03 13:28:00,339 INFO Measurement at current 0.0007336683417085428
2023-05-03 13:28:00,932 INFO T:187.53Â°K V:5.7901e-02V I:7.3367e-04A R:7.8920e+01ğ›€ E:1.7871e+00V/cm J:3.2108e-02A/cm2 ğ›’:5.5658e+01ğ›€ cm
2023-05-03 13:28:00,966 INFO Measurement at current 0.0007437185929648241
2023-05-03 13:28:01,564 INFO T:187.52Â°K V:5.8576e-02V I:7.4372e-04A R:7.8761e+01ğ›€ E:1.8079e+00V/cm J:3.2548e-02A/cm2 ğ›’:5.5546e+01ğ›€ cm
2023-05-03 13:28:01,582 INFO Measurement at current 0.0007537688442211056
2023-05-03 13:28:02,173 INFO T:187.51Â°K V:5.9267e-02V I:7.5377e-04A R:7.8628e+01ğ›€ E:1.8292e+00V/cm J:3.2988e-02A/cm2 ğ›’:5.5452e+01ğ›€ cm
2023-05-03 13:28:02,190 INFO Measurement at current 0.000763819095477387
2023-05-03 13:28:02,783 INFO T:187.50Â°K V:5.9967e-02V I:7.6382e-04A R:7.8509e+01ğ›€ E:1.8508e+00V/cm J:3.3428e-02A/cm2 ğ›’:5.5368e+01ğ›€ cm
2023-05-03 13:28:02,798 INFO Measurement at current 0.0007738693467336684
2023-05-03 13:28:03,388 INFO T:187.50Â°K V:6.0701e-02V I:7.7387e-04A R:7.8438e+01ğ›€ E:1.8735e+00V/cm J:3.3867e-02A/cm2 ğ›’:5.5318e+01ğ›€ cm
2023-05-03 13:28:03,408 INFO Measurement at current 0.0007839195979899498
2023-05-03 13:28:03,990 INFO T:187.49Â°K V:6.1422e-02V I:7.8392e-04A R:7.8352e+01ğ›€ E:1.8957e+00V/cm J:3.4307e-02A/cm2 ğ›’:5.5257e+01ğ›€ cm
2023-05-03 13:28:04,013 INFO Measurement at current 0.0007939698492462312
2023-05-03 13:28:04,615 INFO T:187.48Â°K V:6.2221e-02V I:7.9397e-04A R:7.8367e+01ğ›€ E:1.9204e+00V/cm J:3.4747e-02A/cm2 ğ›’:5.5268e+01ğ›€ cm
2023-05-03 13:28:04,643 INFO Measurement at current 0.0008040201005025126
2023-05-03 13:28:05,230 INFO T:187.47Â°K V:6.2980e-02V I:8.0402e-04A R:7.8332e+01ğ›€ E:1.9438e+00V/cm J:3.5187e-02A/cm2 ğ›’:5.5243e+01ğ›€ cm
2023-05-03 13:28:05,251 INFO Measurement at current 0.000814070351758794
2023-05-03 13:28:05,842 INFO T:187.46Â°K V:6.3740e-02V I:8.1407e-04A R:7.8298e+01ğ›€ E:1.9673e+00V/cm J:3.5627e-02A/cm2 ğ›’:5.5219e+01ğ›€ cm
2023-05-03 13:28:05,863 INFO Measurement at current 0.0008241206030150754
2023-05-03 13:28:06,453 INFO T:187.45Â°K V:6.4513e-02V I:8.2412e-04A R:7.8281e+01ğ›€ E:1.9911e+00V/cm J:3.6067e-02A/cm2 ğ›’:5.5207e+01ğ›€ cm
2023-05-03 13:28:06,477 INFO Measurement at current 0.0008341708542713569
2023-05-03 13:28:07,077 INFO T:187.44Â°K V:6.5292e-02V I:8.3417e-04A R:7.8271e+01ğ›€ E:2.0152e+00V/cm J:3.6506e-02A/cm2 ğ›’:5.5201e+01ğ›€ cm
2023-05-03 13:28:07,093 INFO Measurement at current 0.0008442211055276382
2023-05-03 13:28:07,681 INFO T:187.44Â°K V:6.6079e-02V I:8.4422e-04A R:7.8273e+01ğ›€ E:2.0395e+00V/cm J:3.6946e-02A/cm2 ğ›’:5.5202e+01ğ›€ cm
2023-05-03 13:28:07,698 INFO Measurement at current 0.0008542713567839197
2023-05-03 13:28:08,286 INFO T:187.43Â°K V:6.6844e-02V I:8.5427e-04A R:7.8247e+01ğ›€ E:2.0631e+00V/cm J:3.7386e-02A/cm2 ğ›’:5.5184e+01ğ›€ cm
2023-05-03 13:28:08,301 INFO Measurement at current 0.000864321608040201
2023-05-03 13:28:08,890 INFO T:187.42Â°K V:6.7606e-02V I:8.6432e-04A R:7.8219e+01ğ›€ E:2.0866e+00V/cm J:3.7826e-02A/cm2 ğ›’:5.5164e+01ğ›€ cm
2023-05-03 13:28:08,916 INFO Measurement at current 0.0008743718592964825
2023-05-03 13:28:09,499 INFO T:187.41Â°K V:6.8361e-02V I:8.7437e-04A R:7.8183e+01ğ›€ E:2.1099e+00V/cm J:3.8266e-02A/cm2 ğ›’:5.5138e+01ğ›€ cm
2023-05-03 13:28:09,515 INFO Measurement at current 0.0008844221105527638
2023-05-03 13:28:10,116 INFO T:187.40Â°K V:6.9119e-02V I:8.8442e-04A R:7.8152e+01ğ›€ E:2.1333e+00V/cm J:3.8706e-02A/cm2 ğ›’:5.5116e+01ğ›€ cm
2023-05-03 13:28:10,136 INFO Measurement at current 0.0008944723618090453
2023-05-03 13:28:10,721 INFO T:187.39Â°K V:6.9895e-02V I:8.9447e-04A R:7.8141e+01ğ›€ E:2.1572e+00V/cm J:3.9145e-02A/cm2 ğ›’:5.5109e+01ğ›€ cm
2023-05-03 13:28:10,743 INFO Measurement at current 0.0009045226130653266
2023-05-03 13:28:11,343 INFO T:187.38Â°K V:7.0625e-02V I:9.0452e-04A R:7.8080e+01ğ›€ E:2.1798e+00V/cm J:3.9585e-02A/cm2 ğ›’:5.5066e+01ğ›€ cm
2023-05-03 13:28:11,360 INFO Measurement at current 0.0009145728643216081
2023-05-03 13:28:11,953 INFO T:187.38Â°K V:7.1391e-02V I:9.1457e-04A R:7.8059e+01ğ›€ E:2.2034e+00V/cm J:4.0025e-02A/cm2 ğ›’:5.5051e+01ğ›€ cm
2023-05-03 13:28:11,968 INFO Measurement at current 0.0009246231155778894
2023-05-03 13:28:12,562 INFO T:187.37Â°K V:7.2157e-02V I:9.2462e-04A R:7.8040e+01ğ›€ E:2.2271e+00V/cm J:4.0465e-02A/cm2 ğ›’:5.5037e+01ğ›€ cm
2023-05-03 13:28:12,578 INFO Measurement at current 0.0009346733668341709
2023-05-03 13:28:13,179 INFO T:187.36Â°K V:7.2936e-02V I:9.3467e-04A R:7.8033e+01ğ›€ E:2.2511e+00V/cm J:4.0905e-02A/cm2 ğ›’:5.5033e+01ğ›€ cm
2023-05-03 13:28:13,203 INFO Measurement at current 0.0009447236180904523
2023-05-03 13:28:13,807 INFO T:187.35Â°K V:7.3723e-02V I:9.4472e-04A R:7.8037e+01ğ›€ E:2.2754e+00V/cm J:4.1345e-02A/cm2 ğ›’:5.5035e+01ğ›€ cm
2023-05-03 13:28:13,823 INFO Measurement at current 0.0009547738693467337
2023-05-03 13:28:14,433 INFO T:187.34Â°K V:7.4527e-02V I:9.5477e-04A R:7.8057e+01ğ›€ E:2.3002e+00V/cm J:4.1784e-02A/cm2 ğ›’:5.5050e+01ğ›€ cm
2023-05-03 13:28:14,453 INFO Measurement at current 0.0009648241206030152
2023-05-03 13:28:15,046 INFO T:187.33Â°K V:7.5331e-02V I:9.6482e-04A R:7.8077e+01ğ›€ E:2.3250e+00V/cm J:4.2224e-02A/cm2 ğ›’:5.5064e+01ğ›€ cm
2023-05-03 13:28:15,063 INFO Measurement at current 0.0009748743718592965
2023-05-03 13:28:15,653 INFO T:187.32Â°K V:7.6144e-02V I:9.7487e-04A R:7.8107e+01ğ›€ E:2.3501e+00V/cm J:4.2664e-02A/cm2 ğ›’:5.5085e+01ğ›€ cm
2023-05-03 13:28:15,673 INFO Measurement at current 0.0009849246231155779
2023-05-03 13:28:16,282 INFO T:187.31Â°K V:7.6939e-02V I:9.8492e-04A R:7.8117e+01ğ›€ E:2.3747e+00V/cm J:4.3104e-02A/cm2 ğ›’:5.5092e+01ğ›€ cm
2023-05-03 13:28:16,300 INFO Measurement at current 0.0009949748743718595
2023-05-03 13:28:16,906 INFO T:187.31Â°K V:7.7748e-02V I:9.9497e-04A R:7.8141e+01ğ›€ E:2.3996e+00V/cm J:4.3544e-02A/cm2 ğ›’:5.5109e+01ğ›€ cm
2023-05-03 13:28:16,924 INFO Measurement at current 0.0010050251256281408
2023-05-03 13:28:17,529 INFO T:187.30Â°K V:7.8539e-02V I:1.0050e-03A R:7.8147e+01ğ›€ E:2.4241e+00V/cm J:4.3984e-02A/cm2 ğ›’:5.5113e+01ğ›€ cm
2023-05-03 13:28:17,546 INFO Measurement at current 0.0010150753768844222
2023-05-03 13:28:18,137 INFO T:187.29Â°K V:7.9311e-02V I:1.0151e-03A R:7.8133e+01ğ›€ E:2.4479e+00V/cm J:4.4423e-02A/cm2 ğ›’:5.5103e+01ğ›€ cm
2023-05-03 13:28:18,172 INFO Measurement at current 0.0010251256281407035
2023-05-03 13:28:18,779 INFO T:187.28Â°K V:8.0095e-02V I:1.0251e-03A R:7.8132e+01ğ›€ E:2.4721e+00V/cm J:4.4863e-02A/cm2 ğ›’:5.5102e+01ğ›€ cm
2023-05-03 13:28:18,818 INFO Measurement at current 0.001035175879396985
2023-05-03 13:28:19,409 INFO T:187.27Â°K V:8.0887e-02V I:1.0352e-03A R:7.8138e+01ğ›€ E:2.4965e+00V/cm J:4.5303e-02A/cm2 ğ›’:5.5107e+01ğ›€ cm
2023-05-03 13:28:19,430 INFO Measurement at current 0.0010452261306532664
2023-05-03 13:28:20,019 INFO T:187.26Â°K V:8.1662e-02V I:1.0452e-03A R:7.8128e+01ğ›€ E:2.5204e+00V/cm J:4.5743e-02A/cm2 ğ›’:5.5100e+01ğ›€ cm
2023-05-03 13:28:20,035 INFO Measurement at current 0.0010552763819095478
2023-05-03 13:28:20,639 INFO T:187.25Â°K V:8.2481e-02V I:1.0553e-03A R:7.8160e+01ğ›€ E:2.5457e+00V/cm J:4.6183e-02A/cm2 ğ›’:5.5122e+01ğ›€ cm
2023-05-03 13:28:20,657 INFO Measurement at current 0.0010653266331658291
2023-05-03 13:28:21,244 INFO T:187.24Â°K V:8.3271e-02V I:1.0653e-03A R:7.8165e+01ğ›€ E:2.5701e+00V/cm J:4.6623e-02A/cm2 ğ›’:5.5125e+01ğ›€ cm
2023-05-03 13:28:21,261 INFO Measurement at current 0.0010753768844221107
2023-05-03 13:28:21,859 INFO T:187.24Â°K V:8.4017e-02V I:1.0754e-03A R:7.8128e+01ğ›€ E:2.5931e+00V/cm J:4.7062e-02A/cm2 ğ›’:5.5100e+01ğ›€ cm
2023-05-03 13:28:21,885 INFO Measurement at current 0.001085427135678392
2023-05-03 13:28:22,490 INFO T:187.23Â°K V:8.4769e-02V I:1.0854e-03A R:7.8098e+01ğ›€ E:2.6163e+00V/cm J:4.7502e-02A/cm2 ğ›’:5.5078e+01ğ›€ cm
2023-05-03 13:28:22,508 INFO Measurement at current 0.0010954773869346734
2023-05-03 13:28:23,105 INFO T:187.22Â°K V:8.5499e-02V I:1.0955e-03A R:7.8047e+01ğ›€ E:2.6389e+00V/cm J:4.7942e-02A/cm2 ğ›’:5.5042e+01ğ›€ cm
2023-05-03 13:28:23,121 INFO Measurement at current 0.0011055276381909548
2023-05-03 13:28:23,715 INFO T:187.21Â°K V:8.6268e-02V I:1.1055e-03A R:7.8033e+01ğ›€ E:2.6626e+00V/cm J:4.8382e-02A/cm2 ğ›’:5.5033e+01ğ›€ cm
2023-05-03 13:28:23,731 INFO Measurement at current 0.0011155778894472363
2023-05-03 13:28:24,320 INFO T:187.20Â°K V:8.7044e-02V I:1.1156e-03A R:7.8026e+01ğ›€ E:2.6865e+00V/cm J:4.8822e-02A/cm2 ğ›’:5.5027e+01ğ›€ cm
2023-05-03 13:28:24,340 INFO Measurement at current 0.0011256281407035177
2023-05-03 13:28:24,932 INFO T:187.19Â°K V:8.7796e-02V I:1.1256e-03A R:7.7997e+01ğ›€ E:2.7097e+00V/cm J:4.9262e-02A/cm2 ğ›’:5.5007e+01ğ›€ cm
2023-05-03 13:28:24,949 INFO Measurement at current 0.001135678391959799
2023-05-03 13:28:25,536 INFO T:187.18Â°K V:8.8543e-02V I:1.1357e-03A R:7.7965e+01ğ›€ E:2.7328e+00V/cm J:4.9701e-02A/cm2 ğ›’:5.4984e+01ğ›€ cm
2023-05-03 13:28:25,552 INFO Measurement at current 0.0011457286432160804
2023-05-03 13:28:26,152 INFO T:187.17Â°K V:8.9331e-02V I:1.1457e-03A R:7.7969e+01ğ›€ E:2.7571e+00V/cm J:5.0141e-02A/cm2 ğ›’:5.4987e+01ğ›€ cm
2023-05-03 13:28:26,174 INFO Measurement at current 0.001155778894472362
2023-05-03 13:28:26,766 INFO T:187.17Â°K V:9.0147e-02V I:1.1558e-03A R:7.7997e+01ğ›€ E:2.7823e+00V/cm J:5.0581e-02A/cm2 ğ›’:5.5007e+01ğ›€ cm
2023-05-03 13:28:26,781 INFO Measurement at current 0.0011658291457286433
2023-05-03 13:28:27,369 INFO T:187.16Â°K V:9.0904e-02V I:1.1658e-03A R:7.7974e+01ğ›€ E:2.8057e+00V/cm J:5.1021e-02A/cm2 ğ›’:5.4991e+01ğ›€ cm
2023-05-03 13:28:27,400 INFO Measurement at current 0.0011758793969849247
2023-05-03 13:28:27,987 INFO T:187.15Â°K V:9.1690e-02V I:1.1759e-03A R:7.7976e+01ğ›€ E:2.8299e+00V/cm J:5.1461e-02A/cm2 ğ›’:5.4992e+01ğ›€ cm
2023-05-03 13:28:28,003 INFO Measurement at current 0.001185929648241206
2023-05-03 13:28:28,596 INFO T:187.14Â°K V:9.2462e-02V I:1.1859e-03A R:7.7966e+01ğ›€ E:2.8538e+00V/cm J:5.1901e-02A/cm2 ğ›’:5.4985e+01ğ›€ cm
2023-05-03 13:28:28,622 INFO Measurement at current 0.0011959798994974876
2023-05-03 13:28:29,207 INFO T:187.13Â°K V:9.3225e-02V I:1.1960e-03A R:7.7948e+01ğ›€ E:2.8773e+00V/cm J:5.2340e-02A/cm2 ğ›’:5.4973e+01ğ›€ cm
2023-05-03 13:28:29,223 INFO Measurement at current 0.001206030150753769
2023-05-03 13:28:29,811 INFO T:187.12Â°K V:9.4029e-02V I:1.2060e-03A R:7.7966e+01ğ›€ E:2.9021e+00V/cm J:5.2780e-02A/cm2 ğ›’:5.4985e+01ğ›€ cm
2023-05-03 13:28:29,826 INFO Measurement at current 0.0012160804020100503
2023-05-03 13:28:30,412 INFO T:187.11Â°K V:9.4811e-02V I:1.2161e-03A R:7.7965e+01ğ›€ E:2.9263e+00V/cm J:5.3220e-02A/cm2 ğ›’:5.4984e+01ğ›€ cm
2023-05-03 13:28:30,428 INFO Measurement at current 0.0012261306532663316
2023-05-03 13:28:31,020 INFO T:187.11Â°K V:9.5600e-02V I:1.2261e-03A R:7.7969e+01ğ›€ E:2.9506e+00V/cm J:5.3660e-02A/cm2 ğ›’:5.4987e+01ğ›€ cm
2023-05-03 13:28:31,044 INFO Measurement at current 0.0012361809045226132
2023-05-03 13:28:31,659 INFO T:187.10Â°K V:9.6349e-02V I:1.2362e-03A R:7.7941e+01ğ›€ E:2.9737e+00V/cm J:5.4100e-02A/cm2 ğ›’:5.4967e+01ğ›€ cm
2023-05-03 13:28:31,678 INFO Measurement at current 0.0012462311557788945
2023-05-03 13:28:32,270 INFO T:187.09Â°K V:9.7111e-02V I:1.2462e-03A R:7.7924e+01ğ›€ E:2.9973e+00V/cm J:5.4540e-02A/cm2 ğ›’:5.4956e+01ğ›€ cm
2023-05-03 13:28:32,290 INFO Measurement at current 0.001256281407035176
2023-05-03 13:28:32,882 INFO T:187.08Â°K V:9.7952e-02V I:1.2563e-03A R:7.7970e+01ğ›€ E:3.0232e+00V/cm J:5.4979e-02A/cm2 ğ›’:5.4988e+01ğ›€ cm
2023-05-03 13:28:32,896 INFO Measurement at current 0.0012663316582914572
2023-05-03 13:28:33,492 INFO T:187.07Â°K V:9.8745e-02V I:1.2663e-03A R:7.7977e+01ğ›€ E:3.0477e+00V/cm J:5.5419e-02A/cm2 ğ›’:5.4993e+01ğ›€ cm
2023-05-03 13:28:33,508 INFO Measurement at current 0.0012763819095477388
2023-05-03 13:28:34,109 INFO T:187.06Â°K V:9.9500e-02V I:1.2764e-03A R:7.7955e+01ğ›€ E:3.0710e+00V/cm J:5.5859e-02A/cm2 ğ›’:5.4977e+01ğ›€ cm
2023-05-03 13:28:34,127 INFO Measurement at current 0.0012864321608040202
2023-05-03 13:28:34,733 INFO T:187.05Â°K V:1.0029e-01V I:1.2864e-03A R:7.7961e+01ğ›€ E:3.0954e+00V/cm J:5.6299e-02A/cm2 ğ›’:5.4982e+01ğ›€ cm
2023-05-03 13:28:34,754 INFO Measurement at current 0.0012964824120603015
2023-05-03 13:28:35,342 INFO T:187.05Â°K V:1.0109e-01V I:1.2965e-03A R:7.7975e+01ğ›€ E:3.1202e+00V/cm J:5.6739e-02A/cm2 ğ›’:5.4991e+01ğ›€ cm
2023-05-03 13:28:35,381 INFO Measurement at current 0.001306532663316583
2023-05-03 13:28:35,988 INFO T:187.04Â°K V:1.0187e-01V I:1.3065e-03A R:7.7970e+01ğ›€ E:3.1441e+00V/cm J:5.7179e-02A/cm2 ğ›’:5.4988e+01ğ›€ cm
2023-05-03 13:28:36,005 INFO Measurement at current 0.0013165829145728644
2023-05-03 13:28:36,596 INFO T:187.03Â°K V:1.0265e-01V I:1.3166e-03A R:7.7969e+01ğ›€ E:3.1683e+00V/cm J:5.7619e-02A/cm2 ğ›’:5.4988e+01ğ›€ cm
2023-05-03 13:28:36,617 INFO Measurement at current 0.0013266331658291458
2023-05-03 13:28:37,206 INFO T:187.02Â°K V:1.0342e-01V I:1.3266e-03A R:7.7957e+01ğ›€ E:3.1920e+00V/cm J:5.8058e-02A/cm2 ğ›’:5.4979e+01ğ›€ cm
2023-05-03 13:28:37,221 INFO Measurement at current 0.0013366834170854271
2023-05-03 13:28:37,805 INFO T:187.01Â°K V:1.0421e-01V I:1.3367e-03A R:7.7965e+01ğ›€ E:3.2165e+00V/cm J:5.8498e-02A/cm2 ğ›’:5.4985e+01ğ›€ cm
2023-05-03 13:28:37,824 INFO Measurement at current 0.0013467336683417087
2023-05-03 13:28:38,434 INFO T:187.00Â°K V:1.0502e-01V I:1.3467e-03A R:7.7980e+01ğ›€ E:3.2413e+00V/cm J:5.8938e-02A/cm2 ğ›’:5.4995e+01ğ›€ cm
2023-05-03 13:28:38,460 INFO Measurement at current 0.00135678391959799
2023-05-03 13:28:39,067 INFO T:186.99Â°K V:1.0583e-01V I:1.3568e-03A R:7.7998e+01ğ›€ E:3.2662e+00V/cm J:5.9378e-02A/cm2 ğ›’:5.5008e+01ğ›€ cm
2023-05-03 13:28:39,084 INFO Measurement at current 0.0013668341708542714
2023-05-03 13:28:39,673 INFO T:186.98Â°K V:1.0658e-01V I:1.3668e-03A R:7.7978e+01ğ›€ E:3.2896e+00V/cm J:5.9818e-02A/cm2 ğ›’:5.4994e+01ğ›€ cm
2023-05-03 13:28:39,688 INFO Measurement at current 0.0013768844221105528
2023-05-03 13:28:40,283 INFO T:186.98Â°K V:1.0732e-01V I:1.3769e-03A R:7.7942e+01ğ›€ E:3.3122e+00V/cm J:6.0258e-02A/cm2 ğ›’:5.4968e+01ğ›€ cm
2023-05-03 13:28:40,303 INFO Measurement at current 0.0013869346733668343
2023-05-03 13:28:40,898 INFO T:186.97Â°K V:1.0804e-01V I:1.3869e-03A R:7.7897e+01ğ›€ E:3.3345e+00V/cm J:6.0697e-02A/cm2 ğ›’:5.4936e+01ğ›€ cm
2023-05-03 13:28:40,916 INFO Measurement at current 0.0013969849246231157
2023-05-03 13:28:41,503 INFO T:186.96Â°K V:1.0880e-01V I:1.3970e-03A R:7.7882e+01ğ›€ E:3.3580e+00V/cm J:6.1137e-02A/cm2 ğ›’:5.4926e+01ğ›€ cm
2023-05-03 13:28:41,518 INFO Measurement at current 0.001407035175879397
2023-05-03 13:28:42,148 INFO T:186.95Â°K V:1.0957e-01V I:1.4070e-03A R:7.7875e+01ğ›€ E:3.3819e+00V/cm J:6.1577e-02A/cm2 ğ›’:5.4921e+01ğ›€ cm
2023-05-03 13:28:42,175 INFO Measurement at current 0.0014170854271356784
2023-05-03 13:28:42,771 INFO T:186.94Â°K V:1.1036e-01V I:1.4171e-03A R:7.7879e+01ğ›€ E:3.4062e+00V/cm J:6.2017e-02A/cm2 ğ›’:5.4924e+01ğ›€ cm
2023-05-03 13:28:42,787 INFO Measurement at current 0.00142713567839196
2023-05-03 13:28:43,388 INFO T:186.93Â°K V:1.1116e-01V I:1.4271e-03A R:7.7891e+01ğ›€ E:3.4309e+00V/cm J:6.2457e-02A/cm2 ğ›’:5.4932e+01ğ›€ cm
2023-05-03 13:28:43,423 INFO Measurement at current 0.0014371859296482413
2023-05-03 13:28:44,021 INFO T:186.92Â°K V:1.1199e-01V I:1.4372e-03A R:7.7921e+01ğ›€ E:3.4564e+00V/cm J:6.2897e-02A/cm2 ğ›’:5.4954e+01ğ›€ cm
2023-05-03 13:28:44,041 INFO Measurement at current 0.0014472361809045227
2023-05-03 13:28:44,642 INFO T:186.92Â°K V:1.1274e-01V I:1.4472e-03A R:7.7903e+01ğ›€ E:3.4798e+00V/cm J:6.3336e-02A/cm2 ğ›’:5.4941e+01ğ›€ cm
2023-05-03 13:28:44,658 INFO Measurement at current 0.001457286432160804
2023-05-03 13:28:45,252 INFO T:186.91Â°K V:1.1352e-01V I:1.4573e-03A R:7.7901e+01ğ›€ E:3.5038e+00V/cm J:6.3776e-02A/cm2 ğ›’:5.4940e+01ğ›€ cm
2023-05-03 13:28:45,277 INFO Measurement at current 0.0014673366834170856
2023-05-03 13:28:45,899 INFO T:186.90Â°K V:1.1431e-01V I:1.4673e-03A R:7.7905e+01ğ›€ E:3.5282e+00V/cm J:6.4216e-02A/cm2 ğ›’:5.4942e+01ğ›€ cm
2023-05-03 13:28:45,928 INFO Measurement at current 0.001477386934673367
2023-05-03 13:28:46,527 INFO T:186.89Â°K V:1.1510e-01V I:1.4774e-03A R:7.7906e+01ğ›€ E:3.5524e+00V/cm J:6.4656e-02A/cm2 ğ›’:5.4943e+01ğ›€ cm
2023-05-03 13:28:46,544 INFO Measurement at current 0.0014874371859296483
2023-05-03 13:28:47,135 INFO T:186.88Â°K V:1.1589e-01V I:1.4874e-03A R:7.7916e+01ğ›€ E:3.5770e+00V/cm J:6.5096e-02A/cm2 ğ›’:5.4950e+01ğ›€ cm
2023-05-03 13:28:47,154 INFO Measurement at current 0.0014974874371859296
2023-05-03 13:28:47,761 INFO T:186.87Â°K V:1.1670e-01V I:1.4975e-03A R:7.7928e+01ğ›€ E:3.6017e+00V/cm J:6.5536e-02A/cm2 ğ›’:5.4958e+01ğ›€ cm
2023-05-03 13:28:47,779 INFO Measurement at current 0.0015075376884422112
2023-05-03 13:28:48,374 INFO T:186.86Â°K V:1.1749e-01V I:1.5075e-03A R:7.7936e+01ğ›€ E:3.6263e+00V/cm J:6.5975e-02A/cm2 ğ›’:5.4964e+01ğ›€ cm
2023-05-03 13:28:48,395 INFO Measurement at current 0.0015175879396984926
2023-05-03 13:28:48,994 INFO T:186.85Â°K V:1.1829e-01V I:1.5176e-03A R:7.7943e+01ğ›€ E:3.6508e+00V/cm J:6.6415e-02A/cm2 ğ›’:5.4969e+01ğ›€ cm
2023-05-03 13:28:49,010 INFO Measurement at current 0.001527638190954774
2023-05-03 13:28:49,599 INFO T:186.85Â°K V:1.1905e-01V I:1.5276e-03A R:7.7933e+01ğ›€ E:3.6745e+00V/cm J:6.6855e-02A/cm2 ğ›’:5.4962e+01ğ›€ cm
2023-05-03 13:28:49,616 INFO Measurement at current 0.0015376884422110553
2023-05-03 13:28:50,203 INFO T:186.84Â°K V:1.1979e-01V I:1.5377e-03A R:7.7903e+01ğ›€ E:3.6973e+00V/cm J:6.7295e-02A/cm2 ğ›’:5.4941e+01ğ›€ cm
2023-05-03 13:28:50,221 INFO Measurement at current 0.0015477386934673368
2023-05-03 13:28:51,560 INFO T:186.82Â°K V:1.2058e-01V I:1.5477e-03A R:7.7906e+01ğ›€ E:3.7215e+00V/cm J:6.7735e-02A/cm2 ğ›’:5.4943e+01ğ›€ cm
2023-05-03 13:28:51,586 INFO Measurement at current 0.0015577889447236182
2023-05-03 13:28:52,200 INFO T:186.81Â°K V:1.2138e-01V I:1.5578e-03A R:7.7921e+01ğ›€ E:3.7464e+00V/cm J:6.8175e-02A/cm2 ğ›’:5.4953e+01ğ›€ cm
2023-05-03 13:28:52,215 INFO Measurement at current 0.0015678391959798995
2023-05-03 13:28:52,814 INFO T:186.80Â°K V:1.2217e-01V I:1.5678e-03A R:7.7922e+01ğ›€ E:3.7707e+00V/cm J:6.8614e-02A/cm2 ğ›’:5.4954e+01ğ›€ cm
2023-05-03 13:28:52,829 INFO Measurement at current 0.0015778894472361809
2023-05-03 13:28:53,425 INFO T:186.79Â°K V:1.2298e-01V I:1.5779e-03A R:7.7942e+01ğ›€ E:3.7958e+00V/cm J:6.9054e-02A/cm2 ğ›’:5.4968e+01ğ›€ cm
2023-05-03 13:28:53,446 INFO Measurement at current 0.0015879396984924625
2023-05-03 13:28:54,063 INFO T:186.78Â°K V:1.2372e-01V I:1.5879e-03A R:7.7912e+01ğ›€ E:3.8185e+00V/cm J:6.9494e-02A/cm2 ğ›’:5.4947e+01ğ›€ cm
2023-05-03 13:28:54,084 INFO Measurement at current 0.0015979899497487438
2023-05-03 13:28:54,687 INFO T:186.78Â°K V:1.2449e-01V I:1.5980e-03A R:7.7904e+01ğ›€ E:3.8423e+00V/cm J:6.9934e-02A/cm2 ğ›’:5.4941e+01ğ›€ cm
2023-05-03 13:28:54,712 INFO Measurement at current 0.0016080402010050252
2023-05-03 13:28:55,302 INFO T:186.77Â°K V:1.2527e-01V I:1.6080e-03A R:7.7904e+01ğ›€ E:3.8664e+00V/cm J:7.0374e-02A/cm2 ğ›’:5.4942e+01ğ›€ cm
2023-05-03 13:28:55,321 INFO Measurement at current 0.0016180904522613067
2023-05-03 13:28:55,909 INFO T:186.76Â°K V:1.2601e-01V I:1.6181e-03A R:7.7875e+01ğ›€ E:3.8892e+00V/cm J:7.0814e-02A/cm2 ğ›’:5.4921e+01ğ›€ cm
2023-05-03 13:28:55,948 INFO Measurement at current 0.001628140703517588
2023-05-03 13:28:56,546 INFO T:186.75Â°K V:1.2680e-01V I:1.6281e-03A R:7.7880e+01ğ›€ E:3.9136e+00V/cm J:7.1253e-02A/cm2 ğ›’:5.4924e+01ğ›€ cm
2023-05-03 13:28:56,588 INFO Measurement at current 0.0016381909547738694
2023-05-03 13:28:57,176 INFO T:186.74Â°K V:1.2755e-01V I:1.6382e-03A R:7.7861e+01ğ›€ E:3.9368e+00V/cm J:7.1693e-02A/cm2 ğ›’:5.4911e+01ğ›€ cm
2023-05-03 13:28:57,200 INFO Measurement at current 0.0016482412060301508
2023-05-03 13:28:57,790 INFO T:186.73Â°K V:1.2833e-01V I:1.6482e-03A R:7.7857e+01ğ›€ E:3.9607e+00V/cm J:7.2133e-02A/cm2 ğ›’:5.4908e+01ğ›€ cm
2023-05-03 13:28:57,831 INFO Measurement at current 0.0016582914572864324
2023-05-03 13:28:58,416 INFO T:186.72Â°K V:1.2907e-01V I:1.6583e-03A R:7.7836e+01ğ›€ E:3.9838e+00V/cm J:7.2573e-02A/cm2 ğ›’:5.4893e+01ğ›€ cm
2023-05-03 13:28:58,432 INFO Measurement at current 0.0016683417085427137
2023-05-03 13:28:59,027 INFO T:186.72Â°K V:1.2982e-01V I:1.6683e-03A R:7.7817e+01ğ›€ E:4.0069e+00V/cm J:7.3013e-02A/cm2 ğ›’:5.4880e+01ğ›€ cm
2023-05-03 13:28:59,050 INFO Measurement at current 0.001678391959798995
2023-05-03 13:28:59,638 INFO T:186.71Â°K V:1.3059e-01V I:1.6784e-03A R:7.7805e+01ğ›€ E:4.0305e+00V/cm J:7.3453e-02A/cm2 ğ›’:5.4872e+01ğ›€ cm
2023-05-03 13:28:59,662 INFO Measurement at current 0.0016884422110552764
2023-05-03 13:29:00,251 INFO T:186.70Â°K V:1.3125e-01V I:1.6884e-03A R:7.7735e+01ğ›€ E:4.0510e+00V/cm J:7.3892e-02A/cm2 ğ›’:5.4822e+01ğ›€ cm
2023-05-03 13:29:00,270 INFO Measurement at current 0.001698492462311558
2023-05-03 13:29:00,870 INFO T:186.69Â°K V:1.3203e-01V I:1.6985e-03A R:7.7732e+01ğ›€ E:4.0749e+00V/cm J:7.4332e-02A/cm2 ğ›’:5.4820e+01ğ›€ cm
2023-05-03 13:29:00,891 INFO Measurement at current 0.0017085427135678393
2023-05-03 13:29:01,508 INFO T:186.68Â°K V:1.3274e-01V I:1.7085e-03A R:7.7690e+01ğ›€ E:4.0968e+00V/cm J:7.4772e-02A/cm2 ğ›’:5.4791e+01ğ›€ cm
2023-05-03 13:29:01,525 INFO Measurement at current 0.0017185929648241207
2023-05-03 13:29:02,132 INFO T:186.67Â°K V:1.3343e-01V I:1.7186e-03A R:7.7641e+01ğ›€ E:4.1183e+00V/cm J:7.5212e-02A/cm2 ğ›’:5.4756e+01ğ›€ cm
2023-05-03 13:29:02,152 INFO Measurement at current 0.001728643216080402
2023-05-03 13:29:02,744 INFO T:186.66Â°K V:1.3418e-01V I:1.7286e-03A R:7.7623e+01ğ›€ E:4.1414e+00V/cm J:7.5652e-02A/cm2 ğ›’:5.4743e+01ğ›€ cm
2023-05-03 13:29:02,761 INFO Measurement at current 0.0017386934673366836
2023-05-03 13:29:03,355 INFO T:186.66Â°K V:1.3498e-01V I:1.7387e-03A R:7.7633e+01ğ›€ E:4.1660e+00V/cm J:7.6092e-02A/cm2 ğ›’:5.4750e+01ğ›€ cm
2023-05-03 13:29:03,380 INFO Measurement at current 0.001748743718592965
2023-05-03 13:29:03,992 INFO T:186.65Â°K V:1.3575e-01V I:1.7487e-03A R:7.7630e+01ğ›€ E:4.1899e+00V/cm J:7.6531e-02A/cm2 ğ›’:5.4748e+01ğ›€ cm
2023-05-03 13:29:04,012 INFO Measurement at current 0.0017587939698492463
2023-05-03 13:29:04,612 INFO T:186.64Â°K V:1.3654e-01V I:1.7588e-03A R:7.7631e+01ğ›€ E:4.2141e+00V/cm J:7.6971e-02A/cm2 ğ›’:5.4749e+01ğ›€ cm
2023-05-03 13:29:04,627 INFO Measurement at current 0.0017688442211055277
2023-05-03 13:29:05,213 INFO T:186.63Â°K V:1.3728e-01V I:1.7688e-03A R:7.7609e+01ğ›€ E:4.2370e+00V/cm J:7.7411e-02A/cm2 ğ›’:5.4734e+01ğ›€ cm
2023-05-03 13:29:05,237 INFO Measurement at current 0.0017788944723618092
2023-05-03 13:29:05,843 INFO T:186.62Â°K V:1.3804e-01V I:1.7789e-03A R:7.7599e+01ğ›€ E:4.2605e+00V/cm J:7.7851e-02A/cm2 ğ›’:5.4727e+01ğ›€ cm
2023-05-03 13:29:05,879 INFO Measurement at current 0.0017889447236180906
2023-05-03 13:29:06,473 INFO T:186.61Â°K V:1.3883e-01V I:1.7889e-03A R:7.7604e+01ğ›€ E:4.2849e+00V/cm J:7.8291e-02A/cm2 ğ›’:5.4730e+01ğ›€ cm
2023-05-03 13:29:06,490 INFO Measurement at current 0.001798994974874372
2023-05-03 13:29:07,082 INFO T:186.60Â°K V:1.3959e-01V I:1.7990e-03A R:7.7595e+01ğ›€ E:4.3084e+00V/cm J:7.8731e-02A/cm2 ğ›’:5.4724e+01ğ›€ cm
2023-05-03 13:29:07,103 INFO Measurement at current 0.0018090452261306533
2023-05-03 13:29:07,711 INFO T:186.60Â°K V:1.4038e-01V I:1.8090e-03A R:7.7601e+01ğ›€ E:4.3328e+00V/cm J:7.9170e-02A/cm2 ğ›’:5.4728e+01ğ›€ cm
2023-05-03 13:29:07,727 INFO Measurement at current 0.0018190954773869348
2023-05-03 13:29:08,325 INFO T:186.59Â°K V:1.4115e-01V I:1.8191e-03A R:7.7594e+01ğ›€ E:4.3565e+00V/cm J:7.9610e-02A/cm2 ğ›’:5.4723e+01ğ›€ cm
2023-05-03 13:29:08,348 INFO Measurement at current 0.0018291457286432162
2023-05-03 13:29:08,947 INFO T:186.58Â°K V:1.4191e-01V I:1.8291e-03A R:7.7583e+01ğ›€ E:4.3799e+00V/cm J:8.0050e-02A/cm2 ğ›’:5.4715e+01ğ›€ cm
2023-05-03 13:29:08,962 INFO Measurement at current 0.0018391959798994975
2023-05-03 13:29:09,577 INFO T:186.57Â°K V:1.4266e-01V I:1.8392e-03A R:7.7564e+01ğ›€ E:4.4029e+00V/cm J:8.0490e-02A/cm2 ğ›’:5.4702e+01ğ›€ cm
2023-05-03 13:29:09,597 INFO Measurement at current 0.001849246231155779
2023-05-03 13:29:10,203 INFO T:186.56Â°K V:1.4341e-01V I:1.8492e-03A R:7.7549e+01ğ›€ E:4.4262e+00V/cm J:8.0930e-02A/cm2 ğ›’:5.4691e+01ğ›€ cm
2023-05-03 13:29:10,223 INFO Measurement at current 0.0018592964824120605
2023-05-03 13:29:10,849 INFO T:186.55Â°K V:1.4420e-01V I:1.8593e-03A R:7.7558e+01ğ›€ E:4.4507e+00V/cm J:8.1370e-02A/cm2 ğ›’:5.4697e+01ğ›€ cm
2023-05-03 13:29:10,865 INFO Measurement at current 0.0018693467336683418
2023-05-03 13:29:11,468 INFO T:186.54Â°K V:1.4489e-01V I:1.8693e-03A R:7.7509e+01ğ›€ E:4.4719e+00V/cm J:8.1809e-02A/cm2 ğ›’:5.4663e+01ğ›€ cm
2023-05-03 13:29:11,496 INFO Measurement at current 0.0018793969849246232
2023-05-03 13:29:12,098 INFO T:186.54Â°K V:1.4565e-01V I:1.8794e-03A R:7.7498e+01ğ›€ E:4.4954e+00V/cm J:8.2249e-02A/cm2 ğ›’:5.4655e+01ğ›€ cm
2023-05-03 13:29:12,118 INFO Measurement at current 0.0018894472361809045
2023-05-03 13:29:12,719 INFO T:186.53Â°K V:1.4636e-01V I:1.8894e-03A R:7.7459e+01ğ›€ E:4.5171e+00V/cm J:8.2689e-02A/cm2 ğ›’:5.4628e+01ğ›€ cm
2023-05-03 13:29:12,743 INFO Measurement at current 0.001899497487437186
2023-05-03 13:29:13,341 INFO T:186.52Â°K V:1.4710e-01V I:1.8995e-03A R:7.7440e+01ğ›€ E:4.5401e+00V/cm J:8.3129e-02A/cm2 ğ›’:5.4615e+01ğ›€ cm
2023-05-03 13:29:13,372 INFO Measurement at current 0.0019095477386934674
2023-05-03 13:29:13,964 INFO T:186.51Â°K V:1.4782e-01V I:1.9095e-03A R:7.7412e+01ğ›€ E:4.5624e+00V/cm J:8.3569e-02A/cm2 ğ›’:5.4595e+01ğ›€ cm
2023-05-03 13:29:13,982 INFO Measurement at current 0.0019195979899497488
2023-05-03 13:29:14,581 INFO T:186.50Â°K V:1.4853e-01V I:1.9196e-03A R:7.7374e+01ğ›€ E:4.5842e+00V/cm J:8.4009e-02A/cm2 ğ›’:5.4568e+01ğ›€ cm
2023-05-03 13:29:14,599 INFO Measurement at current 0.0019296482412060304
2023-05-03 13:29:15,208 INFO T:186.49Â°K V:1.4926e-01V I:1.9296e-03A R:7.7352e+01ğ›€ E:4.6069e+00V/cm J:8.4449e-02A/cm2 ğ›’:5.4552e+01ğ›€ cm
2023-05-03 13:29:15,225 INFO Measurement at current 0.0019396984924623117
2023-05-03 13:29:15,809 INFO T:186.48Â°K V:1.4999e-01V I:1.9397e-03A R:7.7329e+01ğ›€ E:4.6294e+00V/cm J:8.4888e-02A/cm2 ğ›’:5.4536e+01ğ›€ cm
2023-05-03 13:29:15,832 INFO Measurement at current 0.001949748743718593
2023-05-03 13:29:16,420 INFO T:186.48Â°K V:1.5077e-01V I:1.9497e-03A R:7.7326e+01ğ›€ E:4.6533e+00V/cm J:8.5328e-02A/cm2 ğ›’:5.4534e+01ğ›€ cm
2023-05-03 13:29:16,438 INFO Measurement at current 0.0019597989949748746
2023-05-03 13:29:17,028 INFO T:186.47Â°K V:1.5152e-01V I:1.9598e-03A R:7.7314e+01ğ›€ E:4.6765e+00V/cm J:8.5768e-02A/cm2 ğ›’:5.4525e+01ğ›€ cm
2023-05-03 13:29:17,046 INFO Measurement at current 0.0019698492462311558
2023-05-03 13:29:17,634 INFO T:186.46Â°K V:1.5227e-01V I:1.9698e-03A R:7.7303e+01ğ›€ E:4.6998e+00V/cm J:8.6208e-02A/cm2 ğ›’:5.4518e+01ğ›€ cm
2023-05-03 13:29:17,662 INFO Measurement at current 0.0019798994974874373
2023-05-03 13:29:18,268 INFO T:186.45Â°K V:1.5300e-01V I:1.9799e-03A R:7.7278e+01ğ›€ E:4.7223e+00V/cm J:8.6648e-02A/cm2 ğ›’:5.4500e+01ğ›€ cm
2023-05-03 13:29:18,290 INFO Measurement at current 0.001989949748743719
2023-05-03 13:29:18,967 INFO T:186.44Â°K V:1.5374e-01V I:1.9899e-03A R:7.7257e+01ğ›€ E:4.7450e+00V/cm J:8.7088e-02A/cm2 ğ›’:5.4486e+01ğ›€ cm
2023-05-03 13:29:18,999 INFO Measurement at current 0.002
2023-05-03 13:29:19,583 INFO T:186.43Â°K V:1.5452e-01V I:2.0000e-03A R:7.7259e+01ğ›€ E:4.7691e+00V/cm J:8.7527e-02A/cm2 ğ›’:5.4487e+01ğ›€ cm
2023-05-03 13:34:46,986 INFO Save the description file
2023-05-03 13:34:46,996 INFO Save data in numpy format Esperimenti/CPRO_MUSA_030523_I_V/CPRO_MUSA_030523_I_V_current_from_0_to_20e-4A/CPRO_MUSA_030523_I_V_current_from_0_to_20e-4A-20230503133443
2023-05-03 13:34:47,008 INFO Save data in CSV format Esperimenti/CPRO_MUSA_030523_I_V/CPRO_MUSA_030523_I_V_current_from_0_to_20e-4A/CPRO_MUSA_030523_I_V_current_from_0_to_20e-4A-20230503133443.csv
2023-05-03 13:34:47,035 INFO Save plot as image Esperimenti/CPRO_MUSA_030523_I_V/CPRO_MUSA_030523_I_V_current_from_0_to_20e-4A/CPRO_MUSA_030523_I_V_current_from_0_to_20e-4A-20230503133443.png
