2023-05-03 12:08:19,022 INFO ### Start experiment: CPRO_MUSA_030523_I_V current from 0 to 20e-4A ###
2023-05-03 12:08:20,372 INFO Found Multimeter KEITHLEY INSTRUMENTS INC.,MODEL 2700,0884890,B03  /A02  

2023-05-03 12:08:21,408 INFO Found Nanovolt Meter KEITHLEY INSTRUMENTS INC.,MODEL 2182A,4056474,C03  /A02  

2023-05-03 12:08:21,530 INFO Found Source Meter KEITHLEY INSTRUMENTS INC.,MODEL 2400,0945684,C24   Feb 14 2002 11:59:45/A02  /K/H

2023-05-03 12:08:21,652 INFO Start the measurement loop
2023-05-03 12:08:26,542 INFO Measurement at current 0.0
2023-05-03 12:08:27,463 INFO T:238.25Â°K V:-2.7898e-07V I:0.0000e+00A R:-infğ›€ E:-8.6105e-06V/cm J:0.0000e+00A/cm2 ğ›’:-infğ›€ cm
2023-05-03 12:08:27,489 INFO Measurement at current 1.0050251256281408e-05
2023-05-03 12:08:28,092 INFO T:238.24Â°K V:1.9308e-04V I:1.0050e-05A R:1.9212e+01ğ›€ E:5.9593e-03V/cm J:4.3984e-04A/cm2 ğ›’:1.3549e+01ğ›€ cm
2023-05-03 12:08:28,107 INFO Measurement at current 2.0100502512562815e-05
2023-05-03 12:08:28,706 INFO T:238.24Â°K V:3.8655e-04V I:2.0101e-05A R:1.9231e+01ğ›€ E:1.1931e-02V/cm J:8.7967e-04A/cm2 ğ›’:1.3563e+01ğ›€ cm
2023-05-03 12:08:28,726 INFO Measurement at current 3.0150753768844224e-05
2023-05-03 12:08:29,318 INFO T:238.23Â°K V:5.7983e-04V I:3.0151e-05A R:1.9231e+01ğ›€ E:1.7896e-02V/cm J:1.3195e-03A/cm2 ğ›’:1.3563e+01ğ›€ cm
2023-05-03 12:08:29,344 INFO Measurement at current 4.020100502512563e-05
2023-05-03 12:08:29,943 INFO T:238.23Â°K V:7.7326e-04V I:4.0201e-05A R:1.9235e+01ğ›€ E:2.3866e-02V/cm J:1.7593e-03A/cm2 ğ›’:1.3565e+01ğ›€ cm
2023-05-03 12:08:29,960 INFO Measurement at current 5.0251256281407036e-05
2023-05-03 12:08:30,568 INFO T:238.23Â°K V:9.6667e-04V I:5.0251e-05A R:1.9237e+01ğ›€ E:2.9835e-02V/cm J:2.1992e-03A/cm2 ğ›’:1.3567e+01ğ›€ cm
2023-05-03 12:08:30,592 INFO Measurement at current 6.030150753768845e-05
2023-05-03 12:08:31,199 INFO T:238.22Â°K V:1.1601e-03V I:6.0302e-05A R:1.9238e+01ğ›€ E:3.5805e-02V/cm J:2.6390e-03A/cm2 ğ›’:1.3568e+01ğ›€ cm
2023-05-03 12:08:31,222 INFO Measurement at current 7.035175879396985e-05
2023-05-03 12:08:31,813 INFO T:238.22Â°K V:1.3536e-03V I:7.0352e-05A R:1.9240e+01ğ›€ E:4.1777e-02V/cm J:3.0789e-03A/cm2 ğ›’:1.3569e+01ğ›€ cm
2023-05-03 12:08:31,831 INFO Measurement at current 8.040201005025126e-05
2023-05-03 12:08:32,419 INFO T:238.21Â°K V:1.5473e-03V I:8.0402e-05A R:1.9244e+01ğ›€ E:4.7755e-02V/cm J:3.5187e-03A/cm2 ğ›’:1.3572e+01ğ›€ cm
2023-05-03 12:08:32,434 INFO Measurement at current 9.045226130653267e-05
2023-05-03 12:08:33,045 INFO T:238.21Â°K V:1.7406e-03V I:9.0452e-05A R:1.9243e+01ğ›€ E:5.3721e-02V/cm J:3.9585e-03A/cm2 ğ›’:1.3571e+01ğ›€ cm
2023-05-03 12:08:33,069 INFO Measurement at current 0.00010050251256281407
2023-05-03 12:08:33,674 INFO T:238.20Â°K V:1.9342e-03V I:1.0050e-04A R:1.9246e+01ğ›€ E:5.9699e-02V/cm J:4.3984e-03A/cm2 ğ›’:1.3573e+01ğ›€ cm
2023-05-03 12:08:33,694 INFO Measurement at current 0.00011055276381909548
2023-05-03 12:08:34,294 INFO T:238.20Â°K V:2.1278e-03V I:1.1055e-04A R:1.9247e+01ğ›€ E:6.5674e-02V/cm J:4.8382e-03A/cm2 ğ›’:1.3574e+01ğ›€ cm
2023-05-03 12:08:34,319 INFO Measurement at current 0.0001206030150753769
2023-05-03 12:08:34,920 INFO T:238.19Â°K V:2.3219e-03V I:1.2060e-04A R:1.9252e+01ğ›€ E:7.1663e-02V/cm J:5.2780e-03A/cm2 ğ›’:1.3578e+01ğ›€ cm
2023-05-03 12:08:34,956 INFO Measurement at current 0.0001306532663316583
2023-05-03 12:08:35,559 INFO T:238.19Â°K V:2.5154e-03V I:1.3065e-04A R:1.9252e+01ğ›€ E:7.7634e-02V/cm J:5.7179e-03A/cm2 ğ›’:1.3578e+01ğ›€ cm
2023-05-03 12:08:35,586 INFO Measurement at current 0.0001407035175879397
2023-05-03 12:08:36,195 INFO T:238.18Â°K V:2.7097e-03V I:1.4070e-04A R:1.9258e+01ğ›€ E:8.3632e-02V/cm J:6.1577e-03A/cm2 ğ›’:1.3582e+01ğ›€ cm
2023-05-03 12:08:36,218 INFO Measurement at current 0.00015075376884422112
2023-05-03 12:08:36,820 INFO T:238.18Â°K V:2.9028e-03V I:1.5075e-04A R:1.9255e+01ğ›€ E:8.9592e-02V/cm J:6.5975e-03A/cm2 ğ›’:1.3580e+01ğ›€ cm
2023-05-03 12:08:36,838 INFO Measurement at current 0.00016080402010050252
2023-05-03 12:08:37,432 INFO T:238.18Â°K V:3.0963e-03V I:1.6080e-04A R:1.9255e+01ğ›€ E:9.5566e-02V/cm J:7.0374e-03A/cm2 ğ›’:1.3580e+01ğ›€ cm
2023-05-03 12:08:37,450 INFO Measurement at current 0.00017085427135678393
2023-05-03 12:08:38,054 INFO T:238.17Â°K V:3.2899e-03V I:1.7085e-04A R:1.9255e+01ğ›€ E:1.0154e-01V/cm J:7.4772e-03A/cm2 ğ›’:1.3580e+01ğ›€ cm
2023-05-03 12:08:38,073 INFO Measurement at current 0.00018090452261306533
2023-05-03 12:08:38,666 INFO T:238.17Â°K V:3.4843e-03V I:1.8090e-04A R:1.9260e+01ğ›€ E:1.0754e-01V/cm J:7.9170e-03A/cm2 ğ›’:1.3583e+01ğ›€ cm
2023-05-03 12:08:38,691 INFO Measurement at current 0.00019095477386934674
2023-05-03 12:08:39,297 INFO T:238.16Â°K V:3.6795e-03V I:1.9095e-04A R:1.9269e+01ğ›€ E:1.1356e-01V/cm J:8.3569e-03A/cm2 ğ›’:1.3589e+01ğ›€ cm
2023-05-03 12:08:39,320 INFO Measurement at current 0.00020100502512562814
2023-05-03 12:08:39,922 INFO T:238.16Â°K V:3.8721e-03V I:2.0101e-04A R:1.9264e+01ğ›€ E:1.1951e-01V/cm J:8.7967e-03A/cm2 ğ›’:1.3586e+01ğ›€ cm
2023-05-03 12:08:39,942 INFO Measurement at current 0.00021105527638190955
2023-05-03 12:08:40,543 INFO T:238.15Â°K V:4.0671e-03V I:2.1106e-04A R:1.9270e+01ğ›€ E:1.2553e-01V/cm J:9.2366e-03A/cm2 ğ›’:1.3590e+01ğ›€ cm
2023-05-03 12:08:40,567 INFO Measurement at current 0.00022110552763819096
2023-05-03 12:08:41,159 INFO T:238.15Â°K V:4.2599e-03V I:2.2111e-04A R:1.9266e+01ğ›€ E:1.3148e-01V/cm J:9.6764e-03A/cm2 ğ›’:1.3588e+01ğ›€ cm
2023-05-03 12:08:41,176 INFO Measurement at current 0.00023115577889447236
2023-05-03 12:08:41,770 INFO T:238.15Â°K V:4.4536e-03V I:2.3116e-04A R:1.9267e+01ğ›€ E:1.3746e-01V/cm J:1.0116e-02A/cm2 ğ›’:1.3588e+01ğ›€ cm
2023-05-03 12:08:41,793 INFO Measurement at current 0.0002412060301507538
2023-05-03 12:08:42,402 INFO T:238.14Â°K V:4.6478e-03V I:2.4121e-04A R:1.9269e+01ğ›€ E:1.4345e-01V/cm J:1.0556e-02A/cm2 ğ›’:1.3589e+01ğ›€ cm
2023-05-03 12:08:42,443 INFO Measurement at current 0.0002512562814070352
2023-05-03 12:08:43,039 INFO T:238.14Â°K V:4.8432e-03V I:2.5126e-04A R:1.9276e+01ğ›€ E:1.4948e-01V/cm J:1.0996e-02A/cm2 ğ›’:1.3594e+01ğ›€ cm
2023-05-03 12:08:43,062 INFO Measurement at current 0.0002613065326633166
2023-05-03 12:08:43,678 INFO T:238.13Â°K V:5.0375e-03V I:2.6131e-04A R:1.9278e+01ğ›€ E:1.5548e-01V/cm J:1.1436e-02A/cm2 ğ›’:1.3596e+01ğ›€ cm
2023-05-03 12:08:43,703 INFO Measurement at current 0.000271356783919598
2023-05-03 12:08:44,305 INFO T:238.13Â°K V:5.2314e-03V I:2.7136e-04A R:1.9279e+01ğ›€ E:1.6146e-01V/cm J:1.1876e-02A/cm2 ğ›’:1.3596e+01ğ›€ cm
2023-05-03 12:08:44,324 INFO Measurement at current 0.0002814070351758794
2023-05-03 12:08:44,914 INFO T:238.12Â°K V:5.4251e-03V I:2.8141e-04A R:1.9279e+01ğ›€ E:1.6744e-01V/cm J:1.2315e-02A/cm2 ğ›’:1.3596e+01ğ›€ cm
2023-05-03 12:08:44,928 INFO Measurement at current 0.0002914572864321608
2023-05-03 12:08:45,522 INFO T:238.12Â°K V:5.6192e-03V I:2.9146e-04A R:1.9280e+01ğ›€ E:1.7343e-01V/cm J:1.2755e-02A/cm2 ğ›’:1.3597e+01ğ›€ cm
2023-05-03 12:08:45,550 INFO Measurement at current 0.00030150753768844223
2023-05-03 12:08:46,162 INFO T:238.11Â°K V:5.8141e-03V I:3.0151e-04A R:1.9284e+01ğ›€ E:1.7945e-01V/cm J:1.3195e-02A/cm2 ğ›’:1.3600e+01ğ›€ cm
2023-05-03 12:08:46,190 INFO Measurement at current 0.00031155778894472364
2023-05-03 12:08:46,805 INFO T:238.11Â°K V:6.0111e-03V I:3.1156e-04A R:1.9294e+01ğ›€ E:1.8553e-01V/cm J:1.3635e-02A/cm2 ğ›’:1.3607e+01ğ›€ cm
2023-05-03 12:08:46,829 INFO Measurement at current 0.00032160804020100504
2023-05-03 12:08:47,424 INFO T:238.11Â°K V:6.2051e-03V I:3.2161e-04A R:1.9294e+01ğ›€ E:1.9151e-01V/cm J:1.4075e-02A/cm2 ğ›’:1.3607e+01ğ›€ cm
2023-05-03 12:08:47,444 INFO Measurement at current 0.00033165829145728645
2023-05-03 12:08:48,055 INFO T:238.10Â°K V:6.3999e-03V I:3.3166e-04A R:1.9297e+01ğ›€ E:1.9753e-01V/cm J:1.4515e-02A/cm2 ğ›’:1.3609e+01ğ›€ cm
2023-05-03 12:08:48,078 INFO Measurement at current 0.00034170854271356785
2023-05-03 12:08:48,679 INFO T:238.10Â°K V:6.5956e-03V I:3.4171e-04A R:1.9302e+01ğ›€ E:2.0357e-01V/cm J:1.4954e-02A/cm2 ğ›’:1.3612e+01ğ›€ cm
2023-05-03 12:08:48,703 INFO Measurement at current 0.00035175879396984926
2023-05-03 12:08:49,313 INFO T:238.09Â°K V:6.7900e-03V I:3.5176e-04A R:1.9303e+01ğ›€ E:2.0957e-01V/cm J:1.5394e-02A/cm2 ğ›’:1.3613e+01ğ›€ cm
2023-05-03 12:08:49,332 INFO Measurement at current 0.00036180904522613067
2023-05-03 12:08:49,935 INFO T:238.09Â°K V:6.9842e-03V I:3.6181e-04A R:1.9304e+01ğ›€ E:2.1556e-01V/cm J:1.5834e-02A/cm2 ğ›’:1.3614e+01ğ›€ cm
2023-05-03 12:08:49,964 INFO Measurement at current 0.00037185929648241207
2023-05-03 12:08:50,558 INFO T:238.08Â°K V:7.1798e-03V I:3.7186e-04A R:1.9308e+01ğ›€ E:2.2160e-01V/cm J:1.6274e-02A/cm2 ğ›’:1.3617e+01ğ›€ cm
2023-05-03 12:08:50,578 INFO Measurement at current 0.0003819095477386935
2023-05-03 12:08:51,206 INFO T:238.08Â°K V:7.3750e-03V I:3.8191e-04A R:1.9311e+01ğ›€ E:2.2762e-01V/cm J:1.6714e-02A/cm2 ğ›’:1.3619e+01ğ›€ cm
2023-05-03 12:08:51,231 INFO Measurement at current 0.0003919597989949749
2023-05-03 12:08:51,841 INFO T:238.08Â°K V:7.5696e-03V I:3.9196e-04A R:1.9312e+01ğ›€ E:2.3363e-01V/cm J:1.7154e-02A/cm2 ğ›’:1.3620e+01ğ›€ cm
2023-05-03 12:08:51,863 INFO Measurement at current 0.0004020100502512563
2023-05-03 12:08:52,470 INFO T:238.07Â°K V:7.7641e-03V I:4.0201e-04A R:1.9313e+01ğ›€ E:2.3963e-01V/cm J:1.7593e-02A/cm2 ğ›’:1.3621e+01ğ›€ cm
2023-05-03 12:08:52,487 INFO Measurement at current 0.0004120603015075377
2023-05-03 12:08:53,088 INFO T:238.07Â°K V:7.9605e-03V I:4.1206e-04A R:1.9319e+01ğ›€ E:2.4569e-01V/cm J:1.8033e-02A/cm2 ğ›’:1.3624e+01ğ›€ cm
2023-05-03 12:08:53,112 INFO Measurement at current 0.0004221105527638191
2023-05-03 12:08:53,713 INFO T:238.06Â°K V:8.1534e-03V I:4.2211e-04A R:1.9316e+01ğ›€ E:2.5165e-01V/cm J:1.8473e-02A/cm2 ğ›’:1.3622e+01ğ›€ cm
2023-05-03 12:08:53,736 INFO Measurement at current 0.0004321608040201005
2023-05-03 12:08:54,331 INFO T:238.06Â°K V:8.3473e-03V I:4.3216e-04A R:1.9315e+01ğ›€ E:2.5763e-01V/cm J:1.8913e-02A/cm2 ğ›’:1.3622e+01ğ›€ cm
2023-05-03 12:08:54,357 INFO Measurement at current 0.0004422110552763819
2023-05-03 12:08:54,961 INFO T:238.05Â°K V:8.5464e-03V I:4.4221e-04A R:1.9326e+01ğ›€ E:2.6378e-01V/cm J:1.9353e-02A/cm2 ğ›’:1.3630e+01ğ›€ cm
2023-05-03 12:08:54,976 INFO Measurement at current 0.0004522613065326633
2023-05-03 12:08:55,586 INFO T:238.05Â°K V:8.7453e-03V I:4.5226e-04A R:1.9337e+01ğ›€ E:2.6992e-01V/cm J:1.9793e-02A/cm2 ğ›’:1.3637e+01ğ›€ cm
2023-05-03 12:08:55,604 INFO Measurement at current 0.0004623115577889447
2023-05-03 12:08:56,205 INFO T:238.04Â°K V:8.9394e-03V I:4.6231e-04A R:1.9336e+01ğ›€ E:2.7591e-01V/cm J:2.0232e-02A/cm2 ğ›’:1.3637e+01ğ›€ cm
2023-05-03 12:08:56,226 INFO Measurement at current 0.00047236180904522613
2023-05-03 12:08:56,826 INFO T:238.04Â°K V:9.1365e-03V I:4.7236e-04A R:1.9342e+01ğ›€ E:2.8199e-01V/cm J:2.0672e-02A/cm2 ğ›’:1.3641e+01ğ›€ cm
2023-05-03 12:08:56,841 INFO Measurement at current 0.0004824120603015076
2023-05-03 12:08:57,438 INFO T:238.04Â°K V:9.3316e-03V I:4.8241e-04A R:1.9344e+01ğ›€ E:2.8801e-01V/cm J:2.1112e-02A/cm2 ğ›’:1.3642e+01ğ›€ cm
2023-05-03 12:08:57,485 INFO Measurement at current 0.0004924623115577889
2023-05-03 12:08:58,083 INFO T:238.03Â°K V:9.5279e-03V I:4.9246e-04A R:1.9347e+01ğ›€ E:2.9407e-01V/cm J:2.1552e-02A/cm2 ğ›’:1.3645e+01ğ›€ cm
2023-05-03 12:08:58,098 INFO Measurement at current 0.0005025125628140704
2023-05-03 12:08:58,694 INFO T:238.03Â°K V:9.7252e-03V I:5.0251e-04A R:1.9353e+01ğ›€ E:3.0016e-01V/cm J:2.1992e-02A/cm2 ğ›’:1.3649e+01ğ›€ cm
2023-05-03 12:08:58,712 INFO Measurement at current 0.0005125628140703518
2023-05-03 12:08:59,302 INFO T:238.02Â°K V:9.9225e-03V I:5.1256e-04A R:1.9359e+01ğ›€ E:3.0625e-01V/cm J:2.2432e-02A/cm2 ğ›’:1.3653e+01ğ›€ cm
2023-05-03 12:08:59,319 INFO Measurement at current 0.0005226130653266332
2023-05-03 12:08:59,915 INFO T:238.02Â°K V:1.0120e-02V I:5.2261e-04A R:1.9365e+01ğ›€ E:3.1236e-01V/cm J:2.2871e-02A/cm2 ğ›’:1.3657e+01ğ›€ cm
2023-05-03 12:08:59,941 INFO Measurement at current 0.0005326633165829146
2023-05-03 12:09:00,554 INFO T:238.01Â°K V:1.0315e-02V I:5.3266e-04A R:1.9365e+01ğ›€ E:3.1837e-01V/cm J:2.3311e-02A/cm2 ğ›’:1.3657e+01ğ›€ cm
2023-05-03 12:09:00,570 INFO Measurement at current 0.000542713567839196
2023-05-03 12:09:01,163 INFO T:238.01Â°K V:1.0511e-02V I:5.4271e-04A R:1.9368e+01ğ›€ E:3.2442e-01V/cm J:2.3751e-02A/cm2 ğ›’:1.3659e+01ğ›€ cm
2023-05-03 12:09:01,181 INFO Measurement at current 0.0005527638190954774
2023-05-03 12:09:01,774 INFO T:238.01Â°K V:1.0708e-02V I:5.5276e-04A R:1.9373e+01ğ›€ E:3.3051e-01V/cm J:2.4191e-02A/cm2 ğ›’:1.3662e+01ğ›€ cm
2023-05-03 12:09:01,790 INFO Measurement at current 0.0005628140703517588
2023-05-03 12:09:02,384 INFO T:238.00Â°K V:1.0906e-02V I:5.6281e-04A R:1.9378e+01ğ›€ E:3.3661e-01V/cm J:2.4631e-02A/cm2 ğ›’:1.3666e+01ğ›€ cm
2023-05-03 12:09:02,416 INFO Measurement at current 0.0005728643216080402
2023-05-03 12:09:03,011 INFO T:238.00Â°K V:1.1105e-02V I:5.7286e-04A R:1.9385e+01ğ›€ E:3.4275e-01V/cm J:2.5071e-02A/cm2 ğ›’:1.3671e+01ğ›€ cm
2023-05-03 12:09:03,034 INFO Measurement at current 0.0005829145728643216
2023-05-03 12:09:03,638 INFO T:237.99Â°K V:1.1303e-02V I:5.8291e-04A R:1.9390e+01ğ›€ E:3.4885e-01V/cm J:2.5510e-02A/cm2 ğ›’:1.3675e+01ğ›€ cm
2023-05-03 12:09:03,654 INFO Measurement at current 0.000592964824120603
2023-05-03 12:09:04,256 INFO T:237.99Â°K V:1.1501e-02V I:5.9296e-04A R:1.9395e+01ğ›€ E:3.5496e-01V/cm J:2.5950e-02A/cm2 ğ›’:1.3679e+01ğ›€ cm
2023-05-03 12:09:04,273 INFO Measurement at current 0.0006030150753768845
2023-05-03 12:09:04,875 INFO T:237.98Â°K V:1.1701e-02V I:6.0302e-04A R:1.9405e+01ğ›€ E:3.6115e-01V/cm J:2.6390e-02A/cm2 ğ›’:1.3685e+01ğ›€ cm
2023-05-03 12:09:04,895 INFO Measurement at current 0.0006130653266331658
2023-05-03 12:09:05,487 INFO T:237.98Â°K V:1.1899e-02V I:6.1307e-04A R:1.9409e+01ğ›€ E:3.6725e-01V/cm J:2.6830e-02A/cm2 ğ›’:1.3688e+01ğ›€ cm
2023-05-03 12:09:05,503 INFO Measurement at current 0.0006231155778894473
2023-05-03 12:09:06,950 INFO T:237.97Â°K V:1.2100e-02V I:6.2312e-04A R:1.9419e+01ğ›€ E:3.7347e-01V/cm J:2.7270e-02A/cm2 ğ›’:1.3695e+01ğ›€ cm
2023-05-03 12:09:06,967 INFO Measurement at current 0.0006331658291457286
2023-05-03 12:09:07,567 INFO T:237.97Â°K V:1.2297e-02V I:6.3317e-04A R:1.9422e+01ğ›€ E:3.7955e-01V/cm J:2.7710e-02A/cm2 ğ›’:1.3697e+01ğ›€ cm
2023-05-03 12:09:07,593 INFO Measurement at current 0.0006432160804020101
2023-05-03 12:09:08,195 INFO T:237.96Â°K V:1.2496e-02V I:6.4322e-04A R:1.9427e+01ğ›€ E:3.8567e-01V/cm J:2.8150e-02A/cm2 ğ›’:1.3701e+01ğ›€ cm
2023-05-03 12:09:08,224 INFO Measurement at current 0.0006532663316582915
2023-05-03 12:09:08,822 INFO T:237.96Â°K V:1.2698e-02V I:6.5327e-04A R:1.9438e+01ğ›€ E:3.9191e-01V/cm J:2.8589e-02A/cm2 ğ›’:1.3708e+01ğ›€ cm
2023-05-03 12:09:08,843 INFO Measurement at current 0.0006633165829145729
2023-05-03 12:09:09,460 INFO T:237.95Â°K V:1.2900e-02V I:6.6332e-04A R:1.9448e+01ğ›€ E:3.9816e-01V/cm J:2.9029e-02A/cm2 ğ›’:1.3716e+01ğ›€ cm
2023-05-03 12:09:09,495 INFO Measurement at current 0.0006733668341708544
2023-05-03 12:09:10,096 INFO T:237.95Â°K V:1.3099e-02V I:6.7337e-04A R:1.9452e+01ğ›€ E:4.0428e-01V/cm J:2.9469e-02A/cm2 ğ›’:1.3719e+01ğ›€ cm
2023-05-03 12:09:10,122 INFO Measurement at current 0.0006834170854271357
2023-05-03 12:09:10,713 INFO T:237.94Â°K V:1.3300e-02V I:6.8342e-04A R:1.9461e+01ğ›€ E:4.1048e-01V/cm J:2.9909e-02A/cm2 ğ›’:1.3724e+01ğ›€ cm
2023-05-03 12:09:10,751 INFO Measurement at current 0.0006934673366834172
2023-05-03 12:09:11,338 INFO T:237.94Â°K V:1.3498e-02V I:6.9347e-04A R:1.9465e+01ğ›€ E:4.1661e-01V/cm J:3.0349e-02A/cm2 ğ›’:1.3728e+01ğ›€ cm
2023-05-03 12:09:11,357 INFO Measurement at current 0.0007035175879396985
2023-05-03 12:09:11,947 INFO T:237.94Â°K V:1.3696e-02V I:7.0352e-04A R:1.9467e+01ğ›€ E:4.2271e-01V/cm J:3.0789e-02A/cm2 ğ›’:1.3729e+01ğ›€ cm
2023-05-03 12:09:11,963 INFO Measurement at current 0.00071356783919598
2023-05-03 12:09:12,550 INFO T:237.93Â°K V:1.3896e-02V I:7.1357e-04A R:1.9473e+01ğ›€ E:4.2887e-01V/cm J:3.1228e-02A/cm2 ğ›’:1.3734e+01ğ›€ cm
2023-05-03 12:09:12,567 INFO Measurement at current 0.0007236180904522613
2023-05-03 12:09:13,152 INFO T:237.93Â°K V:1.4092e-02V I:7.2362e-04A R:1.9474e+01ğ›€ E:4.3494e-01V/cm J:3.1668e-02A/cm2 ğ›’:1.3734e+01ğ›€ cm
2023-05-03 12:09:13,168 INFO Measurement at current 0.0007336683417085428
2023-05-03 12:09:13,755 INFO T:237.92Â°K V:1.4294e-02V I:7.3367e-04A R:1.9483e+01ğ›€ E:4.4117e-01V/cm J:3.2108e-02A/cm2 ğ›’:1.3740e+01ğ›€ cm
2023-05-03 12:09:13,788 INFO Measurement at current 0.0007437185929648241
2023-05-03 12:09:14,384 INFO T:237.92Â°K V:1.4491e-02V I:7.4372e-04A R:1.9485e+01ğ›€ E:4.4726e-01V/cm J:3.2548e-02A/cm2 ğ›’:1.3742e+01ğ›€ cm
2023-05-03 12:09:14,404 INFO Measurement at current 0.0007537688442211056
2023-05-03 12:09:15,005 INFO T:237.91Â°K V:1.4695e-02V I:7.5377e-04A R:1.9495e+01ğ›€ E:4.5355e-01V/cm J:3.2988e-02A/cm2 ğ›’:1.3749e+01ğ›€ cm
2023-05-03 12:09:15,028 INFO Measurement at current 0.000763819095477387
2023-05-03 12:09:15,617 INFO T:237.91Â°K V:1.4893e-02V I:7.6382e-04A R:1.9498e+01ğ›€ E:4.5967e-01V/cm J:3.3428e-02A/cm2 ğ›’:1.3751e+01ğ›€ cm
2023-05-03 12:09:15,644 INFO Measurement at current 0.0007738693467336684
2023-05-03 12:09:16,244 INFO T:237.91Â°K V:1.5094e-02V I:7.7387e-04A R:1.9505e+01ğ›€ E:4.6587e-01V/cm J:3.3867e-02A/cm2 ğ›’:1.3756e+01ğ›€ cm
2023-05-03 12:09:16,261 INFO Measurement at current 0.0007839195979899498
2023-05-03 12:09:16,853 INFO T:237.90Â°K V:1.5289e-02V I:7.8392e-04A R:1.9504e+01ğ›€ E:4.7189e-01V/cm J:3.4307e-02A/cm2 ğ›’:1.3755e+01ğ›€ cm
2023-05-03 12:09:16,874 INFO Measurement at current 0.0007939698492462312
2023-05-03 12:09:17,481 INFO T:237.90Â°K V:1.5485e-02V I:7.9397e-04A R:1.9503e+01ğ›€ E:4.7793e-01V/cm J:3.4747e-02A/cm2 ğ›’:1.3755e+01ğ›€ cm
2023-05-03 12:09:17,502 INFO Measurement at current 0.0008040201005025126
2023-05-03 12:09:18,099 INFO T:237.89Â°K V:1.5682e-02V I:8.0402e-04A R:1.9504e+01ğ›€ E:4.8400e-01V/cm J:3.5187e-02A/cm2 ğ›’:1.3755e+01ğ›€ cm
2023-05-03 12:09:18,128 INFO Measurement at current 0.000814070351758794
2023-05-03 12:09:18,721 INFO T:237.89Â°K V:1.5878e-02V I:8.1407e-04A R:1.9504e+01ğ›€ E:4.9005e-01V/cm J:3.5627e-02A/cm2 ğ›’:1.3755e+01ğ›€ cm
2023-05-03 12:09:18,749 INFO Measurement at current 0.0008241206030150754
2023-05-03 12:09:19,341 INFO T:237.88Â°K V:1.6075e-02V I:8.2412e-04A R:1.9506e+01ğ›€ E:4.9614e-01V/cm J:3.6067e-02A/cm2 ğ›’:1.3756e+01ğ›€ cm
2023-05-03 12:09:19,356 INFO Measurement at current 0.0008341708542713569
2023-05-03 12:09:19,946 INFO T:237.88Â°K V:1.6277e-02V I:8.3417e-04A R:1.9513e+01ğ›€ E:5.0237e-01V/cm J:3.6506e-02A/cm2 ğ›’:1.3761e+01ğ›€ cm
2023-05-03 12:09:19,972 INFO Measurement at current 0.0008442211055276382
2023-05-03 12:09:20,568 INFO T:237.88Â°K V:1.6475e-02V I:8.4422e-04A R:1.9515e+01ğ›€ E:5.0848e-01V/cm J:3.6946e-02A/cm2 ğ›’:1.3763e+01ğ›€ cm
2023-05-03 12:09:20,588 INFO Measurement at current 0.0008542713567839197
2023-05-03 12:09:21,184 INFO T:237.87Â°K V:1.6676e-02V I:8.5427e-04A R:1.9520e+01ğ›€ E:5.1468e-01V/cm J:3.7386e-02A/cm2 ğ›’:1.3767e+01ğ›€ cm
2023-05-03 12:09:21,201 INFO Measurement at current 0.000864321608040201
2023-05-03 12:09:21,801 INFO T:237.87Â°K V:1.6879e-02V I:8.6432e-04A R:1.9529e+01ğ›€ E:5.2096e-01V/cm J:3.7826e-02A/cm2 ğ›’:1.3773e+01ğ›€ cm
2023-05-03 12:09:21,823 INFO Measurement at current 0.0008743718592964825
2023-05-03 12:09:22,415 INFO T:237.86Â°K V:1.7078e-02V I:8.7437e-04A R:1.9531e+01ğ›€ E:5.2708e-01V/cm J:3.8266e-02A/cm2 ğ›’:1.3774e+01ğ›€ cm
2023-05-03 12:09:22,432 INFO Measurement at current 0.0008844221105527638
2023-05-03 12:09:23,019 INFO T:237.86Â°K V:1.7275e-02V I:8.8442e-04A R:1.9533e+01ğ›€ E:5.3319e-01V/cm J:3.8706e-02A/cm2 ğ›’:1.3775e+01ğ›€ cm
2023-05-03 12:09:23,035 INFO Measurement at current 0.0008944723618090453
2023-05-03 12:09:23,628 INFO T:237.86Â°K V:1.7474e-02V I:8.9447e-04A R:1.9535e+01ğ›€ E:5.3931e-01V/cm J:3.9145e-02A/cm2 ğ›’:1.3777e+01ğ›€ cm
2023-05-03 12:09:23,651 INFO Measurement at current 0.0009045226130653266
2023-05-03 12:09:24,245 INFO T:237.85Â°K V:1.7669e-02V I:9.0452e-04A R:1.9534e+01ğ›€ E:5.4535e-01V/cm J:3.9585e-02A/cm2 ğ›’:1.3777e+01ğ›€ cm
2023-05-03 12:09:24,263 INFO Measurement at current 0.0009145728643216081
2023-05-03 12:09:24,873 INFO T:237.85Â°K V:1.7867e-02V I:9.1457e-04A R:1.9536e+01ğ›€ E:5.5145e-01V/cm J:4.0025e-02A/cm2 ğ›’:1.3778e+01ğ›€ cm
2023-05-03 12:09:24,897 INFO Measurement at current 0.0009246231155778894
2023-05-03 12:09:25,494 INFO T:237.84Â°K V:1.8071e-02V I:9.2462e-04A R:1.9544e+01ğ›€ E:5.5775e-01V/cm J:4.0465e-02A/cm2 ğ›’:1.3783e+01ğ›€ cm
2023-05-03 12:09:25,518 INFO Measurement at current 0.0009346733668341709
2023-05-03 12:09:26,128 INFO T:237.84Â°K V:1.8266e-02V I:9.3467e-04A R:1.9542e+01ğ›€ E:5.6375e-01V/cm J:4.0905e-02A/cm2 ğ›’:1.3782e+01ğ›€ cm
2023-05-03 12:09:26,150 INFO Measurement at current 0.0009447236180904523
2023-05-03 12:09:26,752 INFO T:237.83Â°K V:1.8469e-02V I:9.4472e-04A R:1.9549e+01ğ›€ E:5.7002e-01V/cm J:4.1345e-02A/cm2 ğ›’:1.3787e+01ğ›€ cm
2023-05-03 12:09:26,786 INFO Measurement at current 0.0009547738693467337
2023-05-03 12:09:27,379 INFO T:237.83Â°K V:1.8665e-02V I:9.5477e-04A R:1.9549e+01ğ›€ E:5.7608e-01V/cm J:4.1784e-02A/cm2 ğ›’:1.3787e+01ğ›€ cm
2023-05-03 12:09:27,399 INFO Measurement at current 0.0009648241206030152
2023-05-03 12:09:27,995 INFO T:237.83Â°K V:1.8865e-02V I:9.6482e-04A R:1.9553e+01ğ›€ E:5.8226e-01V/cm J:4.2224e-02A/cm2 ğ›’:1.3790e+01ğ›€ cm
2023-05-03 12:09:28,027 INFO Measurement at current 0.0009748743718592965
2023-05-03 12:09:28,658 INFO T:237.82Â°K V:1.9057e-02V I:9.7487e-04A R:1.9548e+01ğ›€ E:5.8819e-01V/cm J:4.2664e-02A/cm2 ğ›’:1.3786e+01ğ›€ cm
2023-05-03 12:09:28,701 INFO Measurement at current 0.0009849246231155779
2023-05-03 12:09:29,298 INFO T:237.82Â°K V:1.9255e-02V I:9.8492e-04A R:1.9550e+01ğ›€ E:5.9430e-01V/cm J:4.3104e-02A/cm2 ğ›’:1.3788e+01ğ›€ cm
2023-05-03 12:09:29,320 INFO Measurement at current 0.0009949748743718595
2023-05-03 12:09:29,922 INFO T:237.81Â°K V:1.9457e-02V I:9.9497e-04A R:1.9555e+01ğ›€ E:6.0053e-01V/cm J:4.3544e-02A/cm2 ğ›’:1.3791e+01ğ›€ cm
2023-05-03 12:09:29,951 INFO Measurement at current 0.0010050251256281408
2023-05-03 12:09:30,545 INFO T:237.81Â°K V:1.9659e-02V I:1.0050e-03A R:1.9561e+01ğ›€ E:6.0676e-01V/cm J:4.3984e-02A/cm2 ğ›’:1.3795e+01ğ›€ cm
2023-05-03 12:09:30,579 INFO Measurement at current 0.0010150753768844222
2023-05-03 12:09:31,180 INFO T:237.80Â°K V:1.9858e-02V I:1.0151e-03A R:1.9563e+01ğ›€ E:6.1289e-01V/cm J:4.4423e-02A/cm2 ğ›’:1.3797e+01ğ›€ cm
2023-05-03 12:09:31,200 INFO Measurement at current 0.0010251256281407035
2023-05-03 12:09:31,798 INFO T:237.80Â°K V:2.0057e-02V I:1.0251e-03A R:1.9565e+01ğ›€ E:6.1905e-01V/cm J:4.4863e-02A/cm2 ğ›’:1.3799e+01ğ›€ cm
2023-05-03 12:09:31,835 INFO Measurement at current 0.001035175879396985
2023-05-03 12:09:32,426 INFO T:237.80Â°K V:2.0256e-02V I:1.0352e-03A R:1.9568e+01ğ›€ E:6.2518e-01V/cm J:4.5303e-02A/cm2 ğ›’:1.3800e+01ğ›€ cm
2023-05-03 12:09:32,442 INFO Measurement at current 0.0010452261306532664
2023-05-03 12:09:33,044 INFO T:237.79Â°K V:2.0453e-02V I:1.0452e-03A R:1.9568e+01ğ›€ E:6.3126e-01V/cm J:4.5743e-02A/cm2 ğ›’:1.3800e+01ğ›€ cm
2023-05-03 12:09:33,063 INFO Measurement at current 0.0010552763819095478
2023-05-03 12:09:33,649 INFO T:237.79Â°K V:2.0658e-02V I:1.0553e-03A R:1.9576e+01ğ›€ E:6.3760e-01V/cm J:4.6183e-02A/cm2 ğ›’:1.3806e+01ğ›€ cm
2023-05-03 12:09:33,684 INFO Measurement at current 0.0010653266331658291
2023-05-03 12:09:34,295 INFO T:237.78Â°K V:2.0853e-02V I:1.0653e-03A R:1.9574e+01ğ›€ E:6.4361e-01V/cm J:4.6623e-02A/cm2 ğ›’:1.3805e+01ğ›€ cm
2023-05-03 12:09:34,311 INFO Measurement at current 0.0010753768844221107
2023-05-03 12:09:34,906 INFO T:237.78Â°K V:2.1048e-02V I:1.0754e-03A R:1.9573e+01ğ›€ E:6.4964e-01V/cm J:4.7062e-02A/cm2 ğ›’:1.3804e+01ğ›€ cm
2023-05-03 12:09:34,936 INFO Measurement at current 0.001085427135678392
2023-05-03 12:09:35,535 INFO T:237.77Â°K V:2.1247e-02V I:1.0854e-03A R:1.9575e+01ğ›€ E:6.5577e-01V/cm J:4.7502e-02A/cm2 ğ›’:1.3805e+01ğ›€ cm
2023-05-03 12:09:35,569 INFO Measurement at current 0.0010954773869346734
2023-05-03 12:09:36,184 INFO T:237.77Â°K V:2.1444e-02V I:1.0955e-03A R:1.9575e+01ğ›€ E:6.6184e-01V/cm J:4.7942e-02A/cm2 ğ›’:1.3805e+01ğ›€ cm
2023-05-03 12:09:36,233 INFO Measurement at current 0.0011055276381909548
2023-05-03 12:09:36,851 INFO T:237.77Â°K V:2.1641e-02V I:1.1055e-03A R:1.9576e+01ğ›€ E:6.6795e-01V/cm J:4.8382e-02A/cm2 ğ›’:1.3806e+01ğ›€ cm
2023-05-03 12:09:36,866 INFO Measurement at current 0.0011155778894472363
2023-05-03 12:09:37,461 INFO T:237.76Â°K V:2.1836e-02V I:1.1156e-03A R:1.9574e+01ğ›€ E:6.7394e-01V/cm J:4.8822e-02A/cm2 ğ›’:1.3804e+01ğ›€ cm
2023-05-03 12:09:37,489 INFO Measurement at current 0.0011256281407035177
2023-05-03 12:09:38,077 INFO T:237.76Â°K V:2.2032e-02V I:1.1256e-03A R:1.9573e+01ğ›€ E:6.7999e-01V/cm J:4.9262e-02A/cm2 ğ›’:1.3804e+01ğ›€ cm
2023-05-03 12:09:38,094 INFO Measurement at current 0.001135678391959799
2023-05-03 12:09:38,686 INFO T:237.75Â°K V:2.2231e-02V I:1.1357e-03A R:1.9575e+01ğ›€ E:6.8614e-01V/cm J:4.9701e-02A/cm2 ğ›’:1.3805e+01ğ›€ cm
2023-05-03 12:09:38,710 INFO Measurement at current 0.0011457286432160804
2023-05-03 12:09:39,300 INFO T:237.75Â°K V:2.2436e-02V I:1.1457e-03A R:1.9583e+01ğ›€ E:6.9248e-01V/cm J:5.0141e-02A/cm2 ğ›’:1.3811e+01ğ›€ cm
2023-05-03 12:09:39,319 INFO Measurement at current 0.001155778894472362
2023-05-03 12:09:39,906 INFO T:237.74Â°K V:2.2635e-02V I:1.1558e-03A R:1.9584e+01ğ›€ E:6.9862e-01V/cm J:5.0581e-02A/cm2 ğ›’:1.3812e+01ğ›€ cm
2023-05-03 12:09:39,934 INFO Measurement at current 0.0011658291457286433
2023-05-03 12:09:40,536 INFO T:237.74Â°K V:2.2832e-02V I:1.1658e-03A R:1.9585e+01ğ›€ E:7.0470e-01V/cm J:5.1021e-02A/cm2 ğ›’:1.3812e+01ğ›€ cm
2023-05-03 12:09:40,555 INFO Measurement at current 0.0011758793969849247
2023-05-03 12:09:41,159 INFO T:237.74Â°K V:2.3029e-02V I:1.1759e-03A R:1.9584e+01ğ›€ E:7.1077e-01V/cm J:5.1461e-02A/cm2 ğ›’:1.3812e+01ğ›€ cm
2023-05-03 12:09:41,176 INFO Measurement at current 0.001185929648241206
2023-05-03 12:09:41,763 INFO T:237.73Â°K V:2.3228e-02V I:1.1859e-03A R:1.9586e+01ğ›€ E:7.1691e-01V/cm J:5.1901e-02A/cm2 ğ›’:1.3813e+01ğ›€ cm
2023-05-03 12:09:41,779 INFO Measurement at current 0.0011959798994974876
2023-05-03 12:09:42,381 INFO T:237.73Â°K V:2.3419e-02V I:1.1960e-03A R:1.9581e+01ğ›€ E:7.2281e-01V/cm J:5.2340e-02A/cm2 ğ›’:1.3810e+01ğ›€ cm
2023-05-03 12:09:42,412 INFO Measurement at current 0.001206030150753769
2023-05-03 12:09:43,015 INFO T:237.72Â°K V:2.3625e-02V I:1.2060e-03A R:1.9589e+01ğ›€ E:7.2917e-01V/cm J:5.2780e-02A/cm2 ğ›’:1.3815e+01ğ›€ cm
2023-05-03 12:09:43,033 INFO Measurement at current 0.0012160804020100503
2023-05-03 12:09:43,633 INFO T:237.72Â°K V:2.3821e-02V I:1.2161e-03A R:1.9588e+01ğ›€ E:7.3521e-01V/cm J:5.3220e-02A/cm2 ğ›’:1.3815e+01ğ›€ cm
2023-05-03 12:09:43,660 INFO Measurement at current 0.0012261306532663316
2023-05-03 12:09:44,275 INFO T:237.72Â°K V:2.4024e-02V I:1.2261e-03A R:1.9593e+01ğ›€ E:7.4147e-01V/cm J:5.3660e-02A/cm2 ğ›’:1.3818e+01ğ›€ cm
2023-05-03 12:09:44,308 INFO Measurement at current 0.0012361809045226132
2023-05-03 12:09:44,897 INFO T:237.71Â°K V:2.4216e-02V I:1.2362e-03A R:1.9590e+01ğ›€ E:7.4741e-01V/cm J:5.4100e-02A/cm2 ğ›’:1.3815e+01ğ›€ cm
2023-05-03 12:09:44,915 INFO Measurement at current 0.0012462311557788945
2023-05-03 12:09:45,510 INFO T:237.71Â°K V:2.4413e-02V I:1.2462e-03A R:1.9590e+01ğ›€ E:7.5350e-01V/cm J:5.4540e-02A/cm2 ğ›’:1.3816e+01ğ›€ cm
2023-05-03 12:09:45,538 INFO Measurement at current 0.001256281407035176
2023-05-03 12:09:46,129 INFO T:237.70Â°K V:2.4623e-02V I:1.2563e-03A R:1.9600e+01ğ›€ E:7.5996e-01V/cm J:5.4979e-02A/cm2 ğ›’:1.3823e+01ğ›€ cm
2023-05-03 12:09:46,146 INFO Measurement at current 0.0012663316582914572
2023-05-03 12:09:46,755 INFO T:237.70Â°K V:2.4820e-02V I:1.2663e-03A R:1.9600e+01ğ›€ E:7.6606e-01V/cm J:5.5419e-02A/cm2 ğ›’:1.3823e+01ğ›€ cm
2023-05-03 12:09:46,774 INFO Measurement at current 0.0012763819095477388
2023-05-03 12:09:47,370 INFO T:237.69Â°K V:2.5022e-02V I:1.2764e-03A R:1.9604e+01ğ›€ E:7.7228e-01V/cm J:5.5859e-02A/cm2 ğ›’:1.3825e+01ğ›€ cm
2023-05-03 12:09:47,386 INFO Measurement at current 0.0012864321608040202
2023-05-03 12:09:47,973 INFO T:237.69Â°K V:2.5223e-02V I:1.2864e-03A R:1.9607e+01ğ›€ E:7.7848e-01V/cm J:5.6299e-02A/cm2 ğ›’:1.3828e+01ğ›€ cm
2023-05-03 12:09:47,991 INFO Measurement at current 0.0012964824120603015
2023-05-03 12:09:48,584 INFO T:237.69Â°K V:2.5421e-02V I:1.2965e-03A R:1.9608e+01ğ›€ E:7.8461e-01V/cm J:5.6739e-02A/cm2 ğ›’:1.3828e+01ğ›€ cm
2023-05-03 12:09:48,613 INFO Measurement at current 0.001306532663316583
2023-05-03 12:09:49,229 INFO T:237.68Â°K V:2.5624e-02V I:1.3065e-03A R:1.9612e+01ğ›€ E:7.9085e-01V/cm J:5.7179e-02A/cm2 ğ›’:1.3831e+01ğ›€ cm
2023-05-03 12:09:49,252 INFO Measurement at current 0.0013165829145728644
2023-05-03 12:09:49,845 INFO T:237.68Â°K V:2.5818e-02V I:1.3166e-03A R:1.9610e+01ğ›€ E:7.9684e-01V/cm J:5.7619e-02A/cm2 ğ›’:1.3830e+01ğ›€ cm
2023-05-03 12:09:49,862 INFO Measurement at current 0.0013266331658291458
2023-05-03 12:09:50,461 INFO T:237.67Â°K V:2.6014e-02V I:1.3266e-03A R:1.9609e+01ğ›€ E:8.0291e-01V/cm J:5.8058e-02A/cm2 ğ›’:1.3829e+01ğ›€ cm
2023-05-03 12:09:50,479 INFO Measurement at current 0.0013366834170854271
2023-05-03 12:09:51,071 INFO T:237.67Â°K V:2.6212e-02V I:1.3367e-03A R:1.9610e+01ğ›€ E:8.0903e-01V/cm J:5.8498e-02A/cm2 ğ›’:1.3830e+01ğ›€ cm
2023-05-03 12:09:51,126 INFO Measurement at current 0.0013467336683417087
2023-05-03 12:09:51,742 INFO T:237.67Â°K V:2.6412e-02V I:1.3467e-03A R:1.9612e+01ğ›€ E:8.1518e-01V/cm J:5.8938e-02A/cm2 ğ›’:1.3831e+01ğ›€ cm
2023-05-03 12:09:51,776 INFO Measurement at current 0.00135678391959799
2023-05-03 12:09:52,373 INFO T:237.66Â°K V:2.6616e-02V I:1.3568e-03A R:1.9617e+01ğ›€ E:8.2147e-01V/cm J:5.9378e-02A/cm2 ğ›’:1.3835e+01ğ›€ cm
2023-05-03 12:09:52,396 INFO Measurement at current 0.0013668341708542714
2023-05-03 12:09:52,993 INFO T:237.66Â°K V:2.6813e-02V I:1.3668e-03A R:1.9617e+01ğ›€ E:8.2755e-01V/cm J:5.9818e-02A/cm2 ğ›’:1.3835e+01ğ›€ cm
2023-05-03 12:09:53,009 INFO Measurement at current 0.0013768844221105528
2023-05-03 12:09:53,604 INFO T:237.65Â°K V:2.7003e-02V I:1.3769e-03A R:1.9612e+01ğ›€ E:8.3343e-01V/cm J:6.0258e-02A/cm2 ğ›’:1.3831e+01ğ›€ cm
2023-05-03 12:09:53,623 INFO Measurement at current 0.0013869346733668343
2023-05-03 12:09:54,207 INFO T:237.65Â°K V:2.7200e-02V I:1.3869e-03A R:1.9612e+01ğ›€ E:8.3951e-01V/cm J:6.0697e-02A/cm2 ğ›’:1.3831e+01ğ›€ cm
2023-05-03 12:09:54,234 INFO Measurement at current 0.0013969849246231157
2023-05-03 12:09:54,842 INFO T:237.64Â°K V:2.7388e-02V I:1.3970e-03A R:1.9605e+01ğ›€ E:8.4532e-01V/cm J:6.1137e-02A/cm2 ğ›’:1.3827e+01ğ›€ cm
2023-05-03 12:09:54,858 INFO Measurement at current 0.001407035175879397
2023-05-03 12:09:55,465 INFO T:237.64Â°K V:2.7577e-02V I:1.4070e-03A R:1.9600e+01ğ›€ E:8.5115e-01V/cm J:6.1577e-02A/cm2 ğ›’:1.3823e+01ğ›€ cm
2023-05-03 12:09:55,482 INFO Measurement at current 0.0014170854271356784
2023-05-03 12:09:56,097 INFO T:237.64Â°K V:2.7778e-02V I:1.4171e-03A R:1.9602e+01ğ›€ E:8.5734e-01V/cm J:6.2017e-02A/cm2 ğ›’:1.3824e+01ğ›€ cm
2023-05-03 12:09:56,113 INFO Measurement at current 0.00142713567839196
2023-05-03 12:09:56,709 INFO T:237.63Â°K V:2.7974e-02V I:1.4271e-03A R:1.9601e+01ğ›€ E:8.6339e-01V/cm J:6.2457e-02A/cm2 ğ›’:1.3824e+01ğ›€ cm
2023-05-03 12:09:56,740 INFO Measurement at current 0.0014371859296482413
2023-05-03 12:09:57,346 INFO T:237.63Â°K V:2.8171e-02V I:1.4372e-03A R:1.9602e+01ğ›€ E:8.6948e-01V/cm J:6.2897e-02A/cm2 ğ›’:1.3824e+01ğ›€ cm
2023-05-03 12:09:57,370 INFO Measurement at current 0.0014472361809045227
2023-05-03 12:09:57,967 INFO T:237.62Â°K V:2.8366e-02V I:1.4472e-03A R:1.9600e+01ğ›€ E:8.7549e-01V/cm J:6.3336e-02A/cm2 ğ›’:1.3823e+01ğ›€ cm
2023-05-03 12:09:58,025 INFO Measurement at current 0.001457286432160804
2023-05-03 12:09:58,632 INFO T:237.62Â°K V:2.8570e-02V I:1.4573e-03A R:1.9605e+01ğ›€ E:8.8179e-01V/cm J:6.3776e-02A/cm2 ğ›’:1.3826e+01ğ›€ cm
2023-05-03 12:09:58,650 INFO Measurement at current 0.0014673366834170856
2023-05-03 12:09:59,237 INFO T:237.62Â°K V:2.8769e-02V I:1.4673e-03A R:1.9606e+01ğ›€ E:8.8792e-01V/cm J:6.4216e-02A/cm2 ğ›’:1.3827e+01ğ›€ cm
2023-05-03 12:09:59,252 INFO Measurement at current 0.001477386934673367
2023-05-03 12:09:59,839 INFO T:237.61Â°K V:2.8963e-02V I:1.4774e-03A R:1.9604e+01ğ›€ E:8.9392e-01V/cm J:6.4656e-02A/cm2 ğ›’:1.3826e+01ğ›€ cm
2023-05-03 12:09:59,855 INFO Measurement at current 0.0014874371859296483
2023-05-03 12:10:00,459 INFO T:237.61Â°K V:2.9158e-02V I:1.4874e-03A R:1.9603e+01ğ›€ E:8.9993e-01V/cm J:6.5096e-02A/cm2 ğ›’:1.3825e+01ğ›€ cm
2023-05-03 12:10:00,482 INFO Measurement at current 0.0014974874371859296
2023-05-03 12:10:01,078 INFO T:237.60Â°K V:2.9355e-02V I:1.4975e-03A R:1.9603e+01ğ›€ E:9.0603e-01V/cm J:6.5536e-02A/cm2 ğ›’:1.3825e+01ğ›€ cm
2023-05-03 12:10:01,099 INFO Measurement at current 0.0015075376884422112
2023-05-03 12:10:01,705 INFO T:237.60Â°K V:2.9552e-02V I:1.5075e-03A R:1.9603e+01ğ›€ E:9.1210e-01V/cm J:6.5975e-02A/cm2 ğ›’:1.3825e+01ğ›€ cm
2023-05-03 12:10:01,735 INFO Measurement at current 0.0015175879396984926
2023-05-03 12:10:02,335 INFO T:237.59Â°K V:2.9751e-02V I:1.5176e-03A R:1.9604e+01ğ›€ E:9.1825e-01V/cm J:6.6415e-02A/cm2 ğ›’:1.3826e+01ğ›€ cm
2023-05-03 12:10:02,355 INFO Measurement at current 0.001527638190954774
2023-05-03 12:10:02,956 INFO T:237.59Â°K V:2.9953e-02V I:1.5276e-03A R:1.9607e+01ğ›€ E:9.2447e-01V/cm J:6.6855e-02A/cm2 ğ›’:1.3828e+01ğ›€ cm
2023-05-03 12:10:02,996 INFO Measurement at current 0.0015376884422110553
2023-05-03 12:10:03,597 INFO T:237.59Â°K V:3.0142e-02V I:1.5377e-03A R:1.9602e+01ğ›€ E:9.3031e-01V/cm J:6.7295e-02A/cm2 ğ›’:1.3824e+01ğ›€ cm
2023-05-03 12:10:03,634 INFO Measurement at current 0.0015477386934673368
2023-05-03 12:10:04,229 INFO T:237.58Â°K V:3.0341e-02V I:1.5477e-03A R:1.9604e+01ğ›€ E:9.3646e-01V/cm J:6.7735e-02A/cm2 ğ›’:1.3825e+01ğ›€ cm
2023-05-03 12:10:04,251 INFO Measurement at current 0.0015577889447236182
2023-05-03 12:10:04,843 INFO T:237.58Â°K V:3.0542e-02V I:1.5578e-03A R:1.9606e+01ğ›€ E:9.4265e-01V/cm J:6.8175e-02A/cm2 ğ›’:1.3827e+01ğ›€ cm
2023-05-03 12:10:04,867 INFO Measurement at current 0.0015678391959798995
2023-05-03 12:10:05,473 INFO T:237.57Â°K V:3.0741e-02V I:1.5678e-03A R:1.9607e+01ğ›€ E:9.4881e-01V/cm J:6.8614e-02A/cm2 ğ›’:1.3828e+01ğ›€ cm
2023-05-03 12:10:05,489 INFO Measurement at current 0.0015778894472361809
2023-05-03 12:10:06,080 INFO T:237.57Â°K V:3.0949e-02V I:1.5779e-03A R:1.9614e+01ğ›€ E:9.5520e-01V/cm J:6.9054e-02A/cm2 ğ›’:1.3833e+01ğ›€ cm
2023-05-03 12:10:06,094 INFO Measurement at current 0.0015879396984924625
2023-05-03 12:10:06,692 INFO T:237.57Â°K V:3.1139e-02V I:1.5879e-03A R:1.9610e+01ğ›€ E:9.6109e-01V/cm J:6.9494e-02A/cm2 ğ›’:1.3830e+01ğ›€ cm
2023-05-03 12:10:06,709 INFO Measurement at current 0.0015979899497487438
2023-05-03 12:10:07,300 INFO T:237.56Â°K V:3.1339e-02V I:1.5980e-03A R:1.9612e+01ğ›€ E:9.6727e-01V/cm J:6.9934e-02A/cm2 ğ›’:1.3831e+01ğ›€ cm
2023-05-03 12:10:07,315 INFO Measurement at current 0.0016080402010050252
2023-05-03 12:10:07,908 INFO T:237.56Â°K V:3.1533e-02V I:1.6080e-03A R:1.9609e+01ğ›€ E:9.7323e-01V/cm J:7.0374e-02A/cm2 ğ›’:1.3829e+01ğ›€ cm
2023-05-03 12:10:07,926 INFO Measurement at current 0.0016180904522613067
2023-05-03 12:10:08,566 INFO T:237.55Â°K V:3.1734e-02V I:1.6181e-03A R:1.9612e+01ğ›€ E:9.7943e-01V/cm J:7.0814e-02A/cm2 ğ›’:1.3831e+01ğ›€ cm
2023-05-03 12:10:08,584 INFO Measurement at current 0.001628140703517588
2023-05-03 12:10:09,184 INFO T:237.55Â°K V:3.1933e-02V I:1.6281e-03A R:1.9613e+01ğ›€ E:9.8560e-01V/cm J:7.1253e-02A/cm2 ğ›’:1.3832e+01ğ›€ cm
2023-05-03 12:10:09,204 INFO Measurement at current 0.0016381909547738694
2023-05-03 12:10:09,807 INFO T:237.55Â°K V:3.2124e-02V I:1.6382e-03A R:1.9610e+01ğ›€ E:9.9149e-01V/cm J:7.1693e-02A/cm2 ğ›’:1.3830e+01ğ›€ cm
2023-05-03 12:10:09,825 INFO Measurement at current 0.0016482412060301508
2023-05-03 12:10:10,436 INFO T:237.54Â°K V:3.2321e-02V I:1.6482e-03A R:1.9609e+01ğ›€ E:9.9755e-01V/cm J:7.2133e-02A/cm2 ğ›’:1.3829e+01ğ›€ cm
2023-05-03 12:10:10,463 INFO Measurement at current 0.0016582914572864324
2023-05-03 12:10:11,065 INFO T:237.54Â°K V:3.2527e-02V I:1.6583e-03A R:1.9615e+01ğ›€ E:1.0039e+00V/cm J:7.2573e-02A/cm2 ğ›’:1.3833e+01ğ›€ cm
2023-05-03 12:10:11,086 INFO Measurement at current 0.0016683417085427137
2023-05-03 12:10:11,695 INFO T:237.53Â°K V:3.2721e-02V I:1.6683e-03A R:1.9613e+01ğ›€ E:1.0099e+00V/cm J:7.3013e-02A/cm2 ğ›’:1.3832e+01ğ›€ cm
2023-05-03 12:10:11,730 INFO Measurement at current 0.001678391959798995
2023-05-03 12:10:12,329 INFO T:237.53Â°K V:3.2917e-02V I:1.6784e-03A R:1.9612e+01ğ›€ E:1.0160e+00V/cm J:7.3453e-02A/cm2 ğ›’:1.3831e+01ğ›€ cm
2023-05-03 12:10:12,357 INFO Measurement at current 0.0016884422110552764
2023-05-03 12:10:12,976 INFO T:237.52Â°K V:3.3113e-02V I:1.6884e-03A R:1.9612e+01ğ›€ E:1.0220e+00V/cm J:7.3892e-02A/cm2 ğ›’:1.3831e+01ğ›€ cm
2023-05-03 12:10:12,992 INFO Measurement at current 0.001698492462311558
2023-05-03 12:10:13,594 INFO T:237.52Â°K V:3.3311e-02V I:1.6985e-03A R:1.9612e+01ğ›€ E:1.0281e+00V/cm J:7.4332e-02A/cm2 ğ›’:1.3831e+01ğ›€ cm
2023-05-03 12:10:13,617 INFO Measurement at current 0.0017085427135678393
2023-05-03 12:10:14,211 INFO T:237.52Â°K V:3.3511e-02V I:1.7085e-03A R:1.9614e+01ğ›€ E:1.0343e+00V/cm J:7.4772e-02A/cm2 ğ›’:1.3833e+01ğ›€ cm
2023-05-03 12:10:14,232 INFO Measurement at current 0.0017185929648241207
2023-05-03 12:10:14,826 INFO T:237.51Â°K V:3.3702e-02V I:1.7186e-03A R:1.9610e+01ğ›€ E:1.0402e+00V/cm J:7.5212e-02A/cm2 ğ›’:1.3830e+01ğ›€ cm
2023-05-03 12:10:14,876 INFO Measurement at current 0.001728643216080402
2023-05-03 12:10:15,475 INFO T:237.51Â°K V:3.3904e-02V I:1.7286e-03A R:1.9613e+01ğ›€ E:1.0464e+00V/cm J:7.5652e-02A/cm2 ğ›’:1.3832e+01ğ›€ cm
2023-05-03 12:10:15,491 INFO Measurement at current 0.0017386934673366836
2023-05-03 12:10:16,089 INFO T:237.50Â°K V:3.4108e-02V I:1.7387e-03A R:1.9617e+01ğ›€ E:1.0527e+00V/cm J:7.6092e-02A/cm2 ğ›’:1.3835e+01ğ›€ cm
2023-05-03 12:10:16,103 INFO Measurement at current 0.001748743718592965
2023-05-03 12:10:16,701 INFO T:237.50Â°K V:3.4297e-02V I:1.7487e-03A R:1.9612e+01ğ›€ E:1.0585e+00V/cm J:7.6531e-02A/cm2 ğ›’:1.3831e+01ğ›€ cm
2023-05-03 12:10:16,720 INFO Measurement at current 0.0017587939698492463
2023-05-03 12:10:17,326 INFO T:237.50Â°K V:3.4506e-02V I:1.7588e-03A R:1.9619e+01ğ›€ E:1.0650e+00V/cm J:7.6971e-02A/cm2 ğ›’:1.3836e+01ğ›€ cm
2023-05-03 12:10:17,348 INFO Measurement at current 0.0017688442211055277
2023-05-03 12:10:17,945 INFO T:237.49Â°K V:3.4710e-02V I:1.7688e-03A R:1.9623e+01ğ›€ E:1.0713e+00V/cm J:7.7411e-02A/cm2 ğ›’:1.3839e+01ğ›€ cm
2023-05-03 12:10:17,970 INFO Measurement at current 0.0017788944723618092
2023-05-03 12:10:18,563 INFO T:237.49Â°K V:3.4900e-02V I:1.7789e-03A R:1.9619e+01ğ›€ E:1.0772e+00V/cm J:7.7851e-02A/cm2 ğ›’:1.3836e+01ğ›€ cm
2023-05-03 12:10:18,580 INFO Measurement at current 0.0017889447236180906
2023-05-03 12:10:19,168 INFO T:237.48Â°K V:3.5095e-02V I:1.7889e-03A R:1.9618e+01ğ›€ E:1.0832e+00V/cm J:7.8291e-02A/cm2 ğ›’:1.3835e+01ğ›€ cm
2023-05-03 12:10:19,185 INFO Measurement at current 0.001798994974874372
2023-05-03 12:10:19,782 INFO T:237.48Â°K V:3.5285e-02V I:1.7990e-03A R:1.9614e+01ğ›€ E:1.0890e+00V/cm J:7.8731e-02A/cm2 ğ›’:1.3832e+01ğ›€ cm
2023-05-03 12:10:19,800 INFO Measurement at current 0.0018090452261306533
2023-05-03 12:10:20,429 INFO T:237.48Â°K V:3.5491e-02V I:1.8090e-03A R:1.9618e+01ğ›€ E:1.0954e+00V/cm J:7.9170e-02A/cm2 ğ›’:1.3836e+01ğ›€ cm
2023-05-03 12:10:20,455 INFO Measurement at current 0.0018190954773869348
2023-05-03 12:10:21,063 INFO T:237.47Â°K V:3.5686e-02V I:1.8191e-03A R:1.9618e+01ğ›€ E:1.1014e+00V/cm J:7.9610e-02A/cm2 ğ›’:1.3835e+01ğ›€ cm
2023-05-03 12:10:21,084 INFO Measurement at current 0.0018291457286432162
2023-05-03 12:10:21,682 INFO T:237.47Â°K V:3.5886e-02V I:1.8291e-03A R:1.9619e+01ğ›€ E:1.1076e+00V/cm J:8.0050e-02A/cm2 ğ›’:1.3836e+01ğ›€ cm
2023-05-03 12:10:21,700 INFO Measurement at current 0.0018391959798994975
2023-05-03 12:10:22,300 INFO T:237.46Â°K V:3.6074e-02V I:1.8392e-03A R:1.9614e+01ğ›€ E:1.1134e+00V/cm J:8.0490e-02A/cm2 ğ›’:1.3833e+01ğ›€ cm
2023-05-03 12:10:22,323 INFO Measurement at current 0.001849246231155779
2023-05-03 12:10:22,935 INFO T:237.46Â°K V:3.6265e-02V I:1.8492e-03A R:1.9611e+01ğ›€ E:1.1193e+00V/cm J:8.0930e-02A/cm2 ğ›’:1.3830e+01ğ›€ cm
2023-05-03 12:10:22,962 INFO Measurement at current 0.0018592964824120605
2023-05-03 12:10:23,568 INFO T:237.45Â°K V:3.6473e-02V I:1.8593e-03A R:1.9617e+01ğ›€ E:1.1257e+00V/cm J:8.1370e-02A/cm2 ğ›’:1.3835e+01ğ›€ cm
2023-05-03 12:10:23,585 INFO Measurement at current 0.0018693467336683418
2023-05-03 12:10:24,186 INFO T:237.45Â°K V:3.6671e-02V I:1.8693e-03A R:1.9617e+01ğ›€ E:1.1318e+00V/cm J:8.1809e-02A/cm2 ğ›’:1.3835e+01ğ›€ cm
2023-05-03 12:10:24,204 INFO Measurement at current 0.0018793969849246232
2023-05-03 12:10:24,810 INFO T:237.45Â°K V:3.6877e-02V I:1.8794e-03A R:1.9622e+01ğ›€ E:1.1382e+00V/cm J:8.2249e-02A/cm2 ğ›’:1.3838e+01ğ›€ cm
2023-05-03 12:10:24,844 INFO Measurement at current 0.0018894472361809045
2023-05-03 12:10:25,449 INFO T:237.44Â°K V:3.7068e-02V I:1.8894e-03A R:1.9618e+01ğ›€ E:1.1441e+00V/cm J:8.2689e-02A/cm2 ğ›’:1.3836e+01ğ›€ cm
2023-05-03 12:10:25,466 INFO Measurement at current 0.001899497487437186
2023-05-03 12:10:26,064 INFO T:237.44Â°K V:3.7269e-02V I:1.8995e-03A R:1.9621e+01ğ›€ E:1.1503e+00V/cm J:8.3129e-02A/cm2 ğ›’:1.3837e+01ğ›€ cm
2023-05-03 12:10:26,080 INFO Measurement at current 0.0019095477386934674
2023-05-03 12:10:26,664 INFO T:237.43Â°K V:3.7460e-02V I:1.9095e-03A R:1.9617e+01ğ›€ E:1.1562e+00V/cm J:8.3569e-02A/cm2 ğ›’:1.3835e+01ğ›€ cm
2023-05-03 12:10:26,680 INFO Measurement at current 0.0019195979899497488
2023-05-03 12:10:27,308 INFO T:237.43Â°K V:3.7651e-02V I:1.9196e-03A R:1.9614e+01ğ›€ E:1.1621e+00V/cm J:8.4009e-02A/cm2 ğ›’:1.3833e+01ğ›€ cm
2023-05-03 12:10:27,329 INFO Measurement at current 0.0019296482412060304
2023-05-03 12:10:27,929 INFO T:237.43Â°K V:3.7844e-02V I:1.9296e-03A R:1.9612e+01ğ›€ E:1.1680e+00V/cm J:8.4449e-02A/cm2 ğ›’:1.3831e+01ğ›€ cm
2023-05-03 12:10:27,947 INFO Measurement at current 0.0019396984924623117
2023-05-03 12:10:28,546 INFO T:237.42Â°K V:3.8039e-02V I:1.9397e-03A R:1.9611e+01ğ›€ E:1.1741e+00V/cm J:8.4888e-02A/cm2 ğ›’:1.3831e+01ğ›€ cm
2023-05-03 12:10:28,569 INFO Measurement at current 0.001949748743718593
2023-05-03 12:10:29,167 INFO T:237.42Â°K V:3.8241e-02V I:1.9497e-03A R:1.9613e+01ğ›€ E:1.1803e+00V/cm J:8.5328e-02A/cm2 ğ›’:1.3832e+01ğ›€ cm
2023-05-03 12:10:29,187 INFO Measurement at current 0.0019597989949748746
2023-05-03 12:10:29,780 INFO T:237.41Â°K V:3.8448e-02V I:1.9598e-03A R:1.9618e+01ğ›€ E:1.1867e+00V/cm J:8.5768e-02A/cm2 ğ›’:1.3836e+01ğ›€ cm
2023-05-03 12:10:29,804 INFO Measurement at current 0.0019698492462311558
2023-05-03 12:10:30,411 INFO T:237.41Â°K V:3.8649e-02V I:1.9698e-03A R:1.9620e+01ğ›€ E:1.1929e+00V/cm J:8.6208e-02A/cm2 ğ›’:1.3837e+01ğ›€ cm
2023-05-03 12:10:30,436 INFO Measurement at current 0.0019798994974874373
2023-05-03 12:10:31,023 INFO T:237.41Â°K V:3.8846e-02V I:1.9799e-03A R:1.9620e+01ğ›€ E:1.1989e+00V/cm J:8.6648e-02A/cm2 ğ›’:1.3837e+01ğ›€ cm
2023-05-03 12:10:31,049 INFO Measurement at current 0.001989949748743719
2023-05-03 12:10:31,635 INFO T:237.40Â°K V:3.9045e-02V I:1.9899e-03A R:1.9621e+01ğ›€ E:1.2051e+00V/cm J:8.7088e-02A/cm2 ğ›’:1.3838e+01ğ›€ cm
2023-05-03 12:10:31,653 INFO Measurement at current 0.002
2023-05-03 12:10:32,241 INFO T:237.40Â°K V:3.9248e-02V I:2.0000e-03A R:1.9624e+01ğ›€ E:1.2114e+00V/cm J:8.7527e-02A/cm2 ğ›’:1.3840e+01ğ›€ cm
2023-05-03 12:11:48,030 INFO Save the description file
2023-05-03 12:11:48,036 INFO Save data in numpy format Esperimenti/CPRO_MUSA_030523_I_V/CPRO_MUSA_030523_I_V_current_from_0_to_20e-4A/CPRO_MUSA_030523_I_V_current_from_0_to_20e-4A-20230503121146
2023-05-03 12:11:48,067 INFO Save data in CSV format Esperimenti/CPRO_MUSA_030523_I_V/CPRO_MUSA_030523_I_V_current_from_0_to_20e-4A/CPRO_MUSA_030523_I_V_current_from_0_to_20e-4A-20230503121146.csv
2023-05-03 12:11:48,082 INFO Save plot as image Esperimenti/CPRO_MUSA_030523_I_V/CPRO_MUSA_030523_I_V_current_from_0_to_20e-4A/CPRO_MUSA_030523_I_V_current_from_0_to_20e-4A-20230503121146.png
