2023-05-03 14:01:59,834 INFO ### Start experiment: CPRO_MUSA_030523_I_V current from 0 to 20e-4A ###
2023-05-03 14:02:01,182 INFO Found Multimeter KEITHLEY INSTRUMENTS INC.,MODEL 2700,0884890,B03  /A02  

2023-05-03 14:02:02,219 INFO Found Nanovolt Meter KEITHLEY INSTRUMENTS INC.,MODEL 2182A,4056474,C03  /A02  

2023-05-03 14:02:02,346 INFO Found Source Meter KEITHLEY INSTRUMENTS INC.,MODEL 2400,0945684,C24   Feb 14 2002 11:59:45/A02  /K/H

2023-05-03 14:02:02,482 INFO Start the measurement loop
2023-05-03 14:02:07,705 INFO Measurement at current 0.0
2023-05-03 14:02:08,617 INFO T:165.37Â°K V:-8.0257e-06V I:0.0000e+00A R:-infğ›€ E:-2.4771e-04V/cm J:0.0000e+00A/cm2 ğ›’:-infğ›€ cm
2023-05-03 14:02:08,652 INFO Measurement at current 1.0050251256281408e-05
2023-05-03 14:02:09,259 INFO T:165.36Â°K V:4.0039e-03V I:1.0050e-05A R:3.9839e+02ğ›€ E:1.2358e-01V/cm J:4.3984e-04A/cm2 ğ›’:2.8096e+02ğ›€ cm
2023-05-03 14:02:09,274 INFO Measurement at current 2.0100502512562815e-05
2023-05-03 14:02:09,863 INFO T:165.36Â°K V:8.0171e-03V I:2.0101e-05A R:3.9885e+02ğ›€ E:2.4744e-01V/cm J:8.7967e-04A/cm2 ğ›’:2.8129e+02ğ›€ cm
2023-05-03 14:02:09,881 INFO Measurement at current 3.0150753768844224e-05
2023-05-03 14:02:11,326 INFO T:165.34Â°K V:1.2027e-02V I:3.0151e-05A R:3.9890e+02ğ›€ E:3.7121e-01V/cm J:1.3195e-03A/cm2 ğ›’:2.8132e+02ğ›€ cm
2023-05-03 14:02:11,343 INFO Measurement at current 4.020100502512563e-05
2023-05-03 14:02:11,930 INFO T:165.33Â°K V:1.6046e-02V I:4.0201e-05A R:3.9914e+02ğ›€ E:4.9525e-01V/cm J:1.7593e-03A/cm2 ğ›’:2.8149e+02ğ›€ cm
2023-05-03 14:02:11,956 INFO Measurement at current 5.0251256281407036e-05
2023-05-03 14:02:12,561 INFO T:165.33Â°K V:2.0063e-02V I:5.0251e-05A R:3.9926e+02ğ›€ E:6.1923e-01V/cm J:2.1992e-03A/cm2 ğ›’:2.8158e+02ğ›€ cm
2023-05-03 14:02:12,586 INFO Measurement at current 6.030150753768845e-05
2023-05-03 14:02:13,191 INFO T:165.32Â°K V:2.4084e-02V I:6.0302e-05A R:3.9940e+02ğ›€ E:7.4334e-01V/cm J:2.6390e-03A/cm2 ğ›’:2.8167e+02ğ›€ cm
2023-05-03 14:02:13,214 INFO Measurement at current 7.035175879396985e-05
2023-05-03 14:02:13,801 INFO T:165.31Â°K V:2.8101e-02V I:7.0352e-05A R:3.9943e+02ğ›€ E:8.6731e-01V/cm J:3.0789e-03A/cm2 ğ›’:2.8170e+02ğ›€ cm
2023-05-03 14:02:13,818 INFO Measurement at current 8.040201005025126e-05
2023-05-03 14:02:14,403 INFO T:165.31Â°K V:3.2112e-02V I:8.0402e-05A R:3.9939e+02ğ›€ E:9.9111e-01V/cm J:3.5187e-03A/cm2 ğ›’:2.8167e+02ğ›€ cm
2023-05-03 14:02:14,417 INFO Measurement at current 9.045226130653267e-05
2023-05-03 14:02:15,016 INFO T:165.30Â°K V:3.6124e-02V I:9.0452e-05A R:3.9937e+02ğ›€ E:1.1149e+00V/cm J:3.9585e-03A/cm2 ğ›’:2.8165e+02ğ›€ cm
2023-05-03 14:02:15,039 INFO Measurement at current 0.00010050251256281407
2023-05-03 14:02:15,640 INFO T:165.29Â°K V:4.0140e-02V I:1.0050e-04A R:3.9939e+02ğ›€ E:1.2389e+00V/cm J:4.3984e-03A/cm2 ğ›’:2.8167e+02ğ›€ cm
2023-05-03 14:02:15,666 INFO Measurement at current 0.00011055276381909548
2023-05-03 14:02:16,263 INFO T:165.29Â°K V:4.4131e-02V I:1.1055e-04A R:3.9918e+02ğ›€ E:1.3621e+00V/cm J:4.8382e-03A/cm2 ğ›’:2.8152e+02ğ›€ cm
2023-05-03 14:02:16,284 INFO Measurement at current 0.0001206030150753769
2023-05-03 14:02:16,875 INFO T:165.28Â°K V:4.8146e-02V I:1.2060e-04A R:3.9921e+02ğ›€ E:1.4860e+00V/cm J:5.2780e-03A/cm2 ğ›’:2.8154e+02ğ›€ cm
2023-05-03 14:02:16,891 INFO Measurement at current 0.0001306532663316583
2023-05-03 14:02:17,480 INFO T:165.27Â°K V:5.2146e-02V I:1.3065e-04A R:3.9912e+02ğ›€ E:1.6095e+00V/cm J:5.7179e-03A/cm2 ğ›’:2.8148e+02ğ›€ cm
2023-05-03 14:02:17,505 INFO Measurement at current 0.0001407035175879397
2023-05-03 14:02:18,109 INFO T:165.26Â°K V:5.6174e-02V I:1.4070e-04A R:3.9924e+02ğ›€ E:1.7338e+00V/cm J:6.1577e-03A/cm2 ğ›’:2.8156e+02ğ›€ cm
2023-05-03 14:02:18,132 INFO Measurement at current 0.00015075376884422112
2023-05-03 14:02:18,726 INFO T:165.26Â°K V:6.0169e-02V I:1.5075e-04A R:3.9912e+02ğ›€ E:1.8571e+00V/cm J:6.5975e-03A/cm2 ğ›’:2.8148e+02ğ›€ cm
2023-05-03 14:02:18,756 INFO Measurement at current 0.00016080402010050252
2023-05-03 14:02:19,353 INFO T:165.25Â°K V:6.4202e-02V I:1.6080e-04A R:3.9926e+02ğ›€ E:1.9816e+00V/cm J:7.0374e-03A/cm2 ğ›’:2.8158e+02ğ›€ cm
2023-05-03 14:02:19,373 INFO Measurement at current 0.00017085427135678393
2023-05-03 14:02:19,976 INFO T:165.24Â°K V:6.8194e-02V I:1.7085e-04A R:3.9914e+02ğ›€ E:2.1048e+00V/cm J:7.4772e-03A/cm2 ğ›’:2.8149e+02ğ›€ cm
2023-05-03 14:02:20,000 INFO Measurement at current 0.00018090452261306533
2023-05-03 14:02:20,602 INFO T:165.24Â°K V:7.2231e-02V I:1.8090e-04A R:3.9928e+02ğ›€ E:2.2294e+00V/cm J:7.9170e-03A/cm2 ğ›’:2.8159e+02ğ›€ cm
2023-05-03 14:02:20,624 INFO Measurement at current 0.00019095477386934674
2023-05-03 14:02:21,225 INFO T:165.23Â°K V:7.6211e-02V I:1.9095e-04A R:3.9910e+02ğ›€ E:2.3522e+00V/cm J:8.3569e-03A/cm2 ğ›’:2.8147e+02ğ›€ cm
2023-05-03 14:02:21,250 INFO Measurement at current 0.00020100502512562814
2023-05-03 14:02:21,851 INFO T:165.22Â°K V:8.0219e-02V I:2.0101e-04A R:3.9909e+02ğ›€ E:2.4759e+00V/cm J:8.7967e-03A/cm2 ğ›’:2.8146e+02ğ›€ cm
2023-05-03 14:02:21,868 INFO Measurement at current 0.00021105527638190955
2023-05-03 14:02:22,456 INFO T:165.22Â°K V:8.4259e-02V I:2.1106e-04A R:3.9923e+02ğ›€ E:2.6006e+00V/cm J:9.2366e-03A/cm2 ğ›’:2.8155e+02ğ›€ cm
2023-05-03 14:02:22,475 INFO Measurement at current 0.00022110552763819096
2023-05-03 14:02:23,061 INFO T:165.21Â°K V:8.8225e-02V I:2.2111e-04A R:3.9902e+02ğ›€ E:2.7230e+00V/cm J:9.6764e-03A/cm2 ğ›’:2.8141e+02ğ›€ cm
2023-05-03 14:02:23,079 INFO Measurement at current 0.00023115577889447236
2023-05-03 14:02:23,715 INFO T:165.20Â°K V:9.2003e-02V I:2.3116e-04A R:3.9801e+02ğ›€ E:2.8396e+00V/cm J:1.0116e-02A/cm2 ğ›’:2.8070e+02ğ›€ cm
2023-05-03 14:02:23,738 INFO Measurement at current 0.0002412060301507538
2023-05-03 14:02:24,342 INFO T:165.20Â°K V:9.5719e-02V I:2.4121e-04A R:3.9684e+02ğ›€ E:2.9543e+00V/cm J:1.0556e-02A/cm2 ğ›’:2.7987e+02ğ›€ cm
2023-05-03 14:02:24,382 INFO Measurement at current 0.0002512562814070352
2023-05-03 14:02:24,974 INFO T:165.19Â°K V:9.9462e-02V I:2.5126e-04A R:3.9586e+02ğ›€ E:3.0698e+00V/cm J:1.0996e-02A/cm2 ğ›’:2.7918e+02ğ›€ cm
2023-05-03 14:02:24,992 INFO Measurement at current 0.0002613065326633166
2023-05-03 14:02:25,579 INFO T:165.18Â°K V:1.0326e-01V I:2.6131e-04A R:3.9516e+02ğ›€ E:3.1870e+00V/cm J:1.1436e-02A/cm2 ğ›’:2.7868e+02ğ›€ cm
2023-05-03 14:02:25,606 INFO Measurement at current 0.000271356783919598
2023-05-03 14:02:26,203 INFO T:165.18Â°K V:1.0715e-01V I:2.7136e-04A R:3.9487e+02ğ›€ E:3.3071e+00V/cm J:1.1876e-02A/cm2 ğ›’:2.7848e+02ğ›€ cm
2023-05-03 14:02:26,221 INFO Measurement at current 0.0002814070351758794
2023-05-03 14:02:26,839 INFO T:165.17Â°K V:1.1128e-01V I:2.8141e-04A R:3.9545e+02ğ›€ E:3.4346e+00V/cm J:1.2315e-02A/cm2 ğ›’:2.7889e+02ğ›€ cm
2023-05-03 14:02:26,861 INFO Measurement at current 0.0002914572864321608
2023-05-03 14:02:27,463 INFO T:165.16Â°K V:1.1555e-01V I:2.9146e-04A R:3.9646e+02ğ›€ E:3.5664e+00V/cm J:1.2755e-02A/cm2 ğ›’:2.7961e+02ğ›€ cm
2023-05-03 14:02:27,487 INFO Measurement at current 0.00030150753768844223
2023-05-03 14:02:28,086 INFO T:165.15Â°K V:1.1976e-01V I:3.0151e-04A R:3.9721e+02ğ›€ E:3.6963e+00V/cm J:1.3195e-02A/cm2 ğ›’:2.8013e+02ğ›€ cm
2023-05-03 14:02:28,103 INFO Measurement at current 0.00031155778894472364
2023-05-03 14:02:29,441 INFO T:165.14Â°K V:1.2395e-01V I:3.1156e-04A R:3.9786e+02ğ›€ E:3.8258e+00V/cm J:1.3635e-02A/cm2 ğ›’:2.8059e+02ğ›€ cm
2023-05-03 14:02:29,465 INFO Measurement at current 0.00032160804020100504
2023-05-03 14:02:30,066 INFO T:165.13Â°K V:1.2785e-01V I:3.2161e-04A R:3.9753e+02ğ›€ E:3.9460e+00V/cm J:1.4075e-02A/cm2 ğ›’:2.8036e+02ğ›€ cm
2023-05-03 14:02:30,082 INFO Measurement at current 0.00033165829145728645
2023-05-03 14:02:30,671 INFO T:165.13Â°K V:1.3190e-01V I:3.3166e-04A R:3.9770e+02ğ›€ E:4.0710e+00V/cm J:1.4515e-02A/cm2 ğ›’:2.8047e+02ğ›€ cm
2023-05-03 14:02:30,687 INFO Measurement at current 0.00034170854271356785
2023-05-03 14:02:31,277 INFO T:165.12Â°K V:1.3579e-01V I:3.4171e-04A R:3.9740e+02ğ›€ E:4.1912e+00V/cm J:1.4954e-02A/cm2 ğ›’:2.8026e+02ğ›€ cm
2023-05-03 14:02:31,296 INFO Measurement at current 0.00035175879396984926
2023-05-03 14:02:31,882 INFO T:165.11Â°K V:1.3970e-01V I:3.5176e-04A R:3.9714e+02ğ›€ E:4.3117e+00V/cm J:1.5394e-02A/cm2 ğ›’:2.8008e+02ğ›€ cm
2023-05-03 14:02:31,899 INFO Measurement at current 0.00036180904522613067
2023-05-03 14:02:32,483 INFO T:165.11Â°K V:1.4364e-01V I:3.6181e-04A R:3.9699e+02ğ›€ E:4.4332e+00V/cm J:1.5834e-02A/cm2 ğ›’:2.7998e+02ğ›€ cm
2023-05-03 14:02:32,501 INFO Measurement at current 0.00037185929648241207
2023-05-03 14:02:33,107 INFO T:165.10Â°K V:1.4742e-01V I:3.7186e-04A R:3.9643e+02ğ›€ E:4.5499e+00V/cm J:1.6274e-02A/cm2 ğ›’:2.7958e+02ğ›€ cm
2023-05-03 14:02:33,127 INFO Measurement at current 0.0003819095477386935
2023-05-03 14:02:33,721 INFO T:165.09Â°K V:1.5109e-01V I:3.8191e-04A R:3.9560e+02ğ›€ E:4.6631e+00V/cm J:1.6714e-02A/cm2 ğ›’:2.7900e+02ğ›€ cm
2023-05-03 14:02:33,740 INFO Measurement at current 0.0003919597989949749
2023-05-03 14:02:34,332 INFO T:165.09Â°K V:1.5492e-01V I:3.9196e-04A R:3.9525e+02ğ›€ E:4.7815e+00V/cm J:1.7154e-02A/cm2 ğ›’:2.7875e+02ğ›€ cm
2023-05-03 14:02:34,362 INFO Measurement at current 0.0004020100502512563
2023-05-03 14:02:34,962 INFO T:165.08Â°K V:1.5890e-01V I:4.0201e-04A R:3.9527e+02ğ›€ E:4.9044e+00V/cm J:1.7593e-02A/cm2 ğ›’:2.7876e+02ğ›€ cm
2023-05-03 14:02:34,979 INFO Measurement at current 0.0004120603015075377
2023-05-03 14:02:35,581 INFO T:165.07Â°K V:1.6280e-01V I:4.1206e-04A R:3.9508e+02ğ›€ E:5.0246e+00V/cm J:1.8033e-02A/cm2 ğ›’:2.7863e+02ğ›€ cm
2023-05-03 14:02:35,605 INFO Measurement at current 0.0004221105527638191
2023-05-03 14:02:36,204 INFO T:165.06Â°K V:1.6676e-01V I:4.2211e-04A R:3.9507e+02ğ›€ E:5.1470e+00V/cm J:1.8473e-02A/cm2 ğ›’:2.7862e+02ğ›€ cm
2023-05-03 14:02:36,223 INFO Measurement at current 0.0004321608040201005
2023-05-03 14:02:36,807 INFO T:165.06Â°K V:1.7062e-01V I:4.3216e-04A R:3.9481e+02ğ›€ E:5.2660e+00V/cm J:1.8913e-02A/cm2 ğ›’:2.7844e+02ğ›€ cm
2023-05-03 14:02:36,827 INFO Measurement at current 0.0004422110552763819
2023-05-03 14:02:37,434 INFO T:165.05Â°K V:1.7396e-01V I:4.4221e-04A R:3.9338e+02ğ›€ E:5.3691e+00V/cm J:1.9353e-02A/cm2 ğ›’:2.7743e+02ğ›€ cm
2023-05-03 14:02:37,472 INFO Measurement at current 0.0004522613065326633
2023-05-03 14:02:38,064 INFO T:165.04Â°K V:1.7616e-01V I:4.5226e-04A R:3.8950e+02ğ›€ E:5.4370e+00V/cm J:1.9793e-02A/cm2 ğ›’:2.7470e+02ğ›€ cm
2023-05-03 14:02:38,086 INFO Measurement at current 0.0004623115577889447
2023-05-03 14:02:38,676 INFO T:165.04Â°K V:1.7938e-01V I:4.6231e-04A R:3.8801e+02ğ›€ E:5.5365e+00V/cm J:2.0232e-02A/cm2 ğ›’:2.7364e+02ğ›€ cm
2023-05-03 14:02:38,704 INFO Measurement at current 0.00047236180904522613
2023-05-03 14:02:39,308 INFO T:165.03Â°K V:1.8301e-01V I:4.7236e-04A R:3.8745e+02ğ›€ E:5.6486e+00V/cm J:2.0672e-02A/cm2 ğ›’:2.7325e+02ğ›€ cm
2023-05-03 14:02:39,325 INFO Measurement at current 0.0004824120603015076
2023-05-03 14:02:39,926 INFO T:165.02Â°K V:1.8661e-01V I:4.8241e-04A R:3.8683e+02ğ›€ E:5.7597e+00V/cm J:2.1112e-02A/cm2 ğ›’:2.7281e+02ğ›€ cm
2023-05-03 14:02:39,944 INFO Measurement at current 0.0004924623115577889
2023-05-03 14:02:40,533 INFO T:165.02Â°K V:1.9019e-01V I:4.9246e-04A R:3.8620e+02ğ›€ E:5.8701e+00V/cm J:2.1552e-02A/cm2 ğ›’:2.7237e+02ğ›€ cm
2023-05-03 14:02:40,554 INFO Measurement at current 0.0005025125628140704
2023-05-03 14:02:41,155 INFO T:165.01Â°K V:1.9392e-01V I:5.0251e-04A R:3.8590e+02ğ›€ E:5.9852e+00V/cm J:2.1992e-02A/cm2 ğ›’:2.7216e+02ğ›€ cm
2023-05-03 14:02:41,171 INFO Measurement at current 0.0005125628140703518
2023-05-03 14:02:41,780 INFO T:165.00Â°K V:1.9763e-01V I:5.1256e-04A R:3.8558e+02ğ›€ E:6.0998e+00V/cm J:2.2432e-02A/cm2 ğ›’:2.7193e+02ğ›€ cm
2023-05-03 14:02:41,797 INFO Measurement at current 0.0005226130653266332
2023-05-03 14:02:42,397 INFO T:165.00Â°K V:2.0135e-01V I:5.2261e-04A R:3.8528e+02ğ›€ E:6.2146e+00V/cm J:2.2871e-02A/cm2 ğ›’:2.7172e+02ğ›€ cm
2023-05-03 14:02:42,412 INFO Measurement at current 0.0005326633165829146
2023-05-03 14:02:43,003 INFO T:164.99Â°K V:2.0508e-01V I:5.3266e-04A R:3.8500e+02ğ›€ E:6.3295e+00V/cm J:2.3311e-02A/cm2 ğ›’:2.7152e+02ğ›€ cm
2023-05-03 14:02:43,020 INFO Measurement at current 0.000542713567839196
2023-05-03 14:02:43,627 INFO T:164.98Â°K V:2.0875e-01V I:5.4271e-04A R:3.8464e+02ğ›€ E:6.4429e+00V/cm J:2.3751e-02A/cm2 ğ›’:2.7127e+02ğ›€ cm
2023-05-03 14:02:43,645 INFO Measurement at current 0.0005527638190954774
2023-05-03 14:02:44,245 INFO T:164.98Â°K V:2.1241e-01V I:5.5276e-04A R:3.8426e+02ğ›€ E:6.5558e+00V/cm J:2.4191e-02A/cm2 ğ›’:2.7100e+02ğ›€ cm
2023-05-03 14:02:44,268 INFO Measurement at current 0.0005628140703517588
2023-05-03 14:02:44,867 INFO T:164.97Â°K V:2.1605e-01V I:5.6281e-04A R:3.8387e+02ğ›€ E:6.6681e+00V/cm J:2.4631e-02A/cm2 ğ›’:2.7072e+02ğ›€ cm
2023-05-03 14:02:44,889 INFO Measurement at current 0.0005728643216080402
2023-05-03 14:02:45,492 INFO T:164.96Â°K V:2.1960e-01V I:5.7286e-04A R:3.8333e+02ğ›€ E:6.7776e+00V/cm J:2.5071e-02A/cm2 ğ›’:2.7034e+02ğ›€ cm
2023-05-03 14:02:45,518 INFO Measurement at current 0.0005829145728643216
2023-05-03 14:02:46,119 INFO T:164.96Â°K V:2.2331e-01V I:5.8291e-04A R:3.8309e+02ğ›€ E:6.8922e+00V/cm J:2.5510e-02A/cm2 ğ›’:2.7017e+02ğ›€ cm
2023-05-03 14:02:46,151 INFO Measurement at current 0.000592964824120603
2023-05-03 14:02:46,740 INFO T:164.95Â°K V:2.2697e-01V I:5.9296e-04A R:3.8277e+02ğ›€ E:7.0052e+00V/cm J:2.5950e-02A/cm2 ğ›’:2.6995e+02ğ›€ cm
2023-05-03 14:02:46,762 INFO Measurement at current 0.0006030150753768845
2023-05-03 14:02:47,365 INFO T:164.94Â°K V:2.3057e-01V I:6.0302e-04A R:3.8236e+02ğ›€ E:7.1162e+00V/cm J:2.6390e-02A/cm2 ğ›’:2.6965e+02ğ›€ cm
2023-05-03 14:02:47,385 INFO Measurement at current 0.0006130653266331658
2023-05-03 14:02:47,982 INFO T:164.94Â°K V:2.3420e-01V I:6.1307e-04A R:3.8201e+02ğ›€ E:7.2283e+00V/cm J:2.6830e-02A/cm2 ğ›’:2.6941e+02ğ›€ cm
2023-05-03 14:02:48,002 INFO Measurement at current 0.0006231155778894473
2023-05-03 14:02:48,591 INFO T:164.93Â°K V:2.3768e-01V I:6.2312e-04A R:3.8144e+02ğ›€ E:7.3358e+00V/cm J:2.7270e-02A/cm2 ğ›’:2.6901e+02ğ›€ cm
2023-05-03 14:02:48,610 INFO Measurement at current 0.0006331658291457286
2023-05-03 14:02:49,217 INFO T:164.92Â°K V:2.4134e-01V I:6.3317e-04A R:3.8116e+02ğ›€ E:7.4486e+00V/cm J:2.7710e-02A/cm2 ğ›’:2.6881e+02ğ›€ cm
2023-05-03 14:02:49,240 INFO Measurement at current 0.0006432160804020101
2023-05-03 14:02:49,834 INFO T:164.92Â°K V:2.4486e-01V I:6.4322e-04A R:3.8068e+02ğ›€ E:7.5574e+00V/cm J:2.8150e-02A/cm2 ğ›’:2.6847e+02ğ›€ cm
2023-05-03 14:02:49,851 INFO Measurement at current 0.0006532663316582915
2023-05-03 14:02:50,439 INFO T:164.91Â°K V:2.4836e-01V I:6.5327e-04A R:3.8018e+02ğ›€ E:7.6653e+00V/cm J:2.8589e-02A/cm2 ğ›’:2.6812e+02ğ›€ cm
2023-05-03 14:02:50,459 INFO Measurement at current 0.0006633165829145729
2023-05-03 14:02:51,056 INFO T:164.90Â°K V:2.5196e-01V I:6.6332e-04A R:3.7985e+02ğ›€ E:7.7765e+00V/cm J:2.9029e-02A/cm2 ğ›’:2.6789e+02ğ›€ cm
2023-05-03 14:02:51,080 INFO Measurement at current 0.0006733668341708544
2023-05-03 14:02:51,677 INFO T:164.90Â°K V:2.5531e-01V I:6.7337e-04A R:3.7916e+02ğ›€ E:7.8800e+00V/cm J:2.9469e-02A/cm2 ğ›’:2.6740e+02ğ›€ cm
2023-05-03 14:02:51,696 INFO Measurement at current 0.0006834170854271357
2023-05-03 14:02:52,282 INFO T:164.89Â°K V:2.5900e-01V I:6.8342e-04A R:3.7898e+02ğ›€ E:7.9939e+00V/cm J:2.9909e-02A/cm2 ğ›’:2.6727e+02ğ›€ cm
2023-05-03 14:02:52,302 INFO Measurement at current 0.0006934673366834172
2023-05-03 14:02:52,893 INFO T:164.88Â°K V:2.6262e-01V I:6.9347e-04A R:3.7870e+02ğ›€ E:8.1055e+00V/cm J:3.0349e-02A/cm2 ğ›’:2.6708e+02ğ›€ cm
2023-05-03 14:02:52,910 INFO Measurement at current 0.0007035175879396985
2023-05-03 14:02:53,501 INFO T:164.88Â°K V:2.6610e-01V I:7.0352e-04A R:3.7825e+02ğ›€ E:8.2131e+00V/cm J:3.0789e-02A/cm2 ğ›’:2.6676e+02ğ›€ cm
2023-05-03 14:02:53,530 INFO Measurement at current 0.00071356783919598
2023-05-03 14:02:54,135 INFO T:164.87Â°K V:2.6944e-01V I:7.1357e-04A R:3.7759e+02ğ›€ E:8.3160e+00V/cm J:3.1228e-02A/cm2 ğ›’:2.6630e+02ğ›€ cm
2023-05-03 14:02:54,167 INFO Measurement at current 0.0007236180904522613
2023-05-03 14:02:54,771 INFO T:164.86Â°K V:2.7286e-01V I:7.2362e-04A R:3.7708e+02ğ›€ E:8.4216e+00V/cm J:3.1668e-02A/cm2 ğ›’:2.6593e+02ğ›€ cm
2023-05-03 14:02:54,802 INFO Measurement at current 0.0007336683417085428
2023-05-03 14:02:55,397 INFO T:164.86Â°K V:2.7633e-01V I:7.3367e-04A R:3.7664e+02ğ›€ E:8.5286e+00V/cm J:3.2108e-02A/cm2 ğ›’:2.6562e+02ğ›€ cm
2023-05-03 14:02:55,420 INFO Measurement at current 0.0007437185929648241
2023-05-03 14:02:56,011 INFO T:164.85Â°K V:2.7991e-01V I:7.4372e-04A R:3.7637e+02ğ›€ E:8.6394e+00V/cm J:3.2548e-02A/cm2 ğ›’:2.6544e+02ğ›€ cm
2023-05-03 14:02:56,026 INFO Measurement at current 0.0007537688442211056
2023-05-03 14:02:56,618 INFO T:164.84Â°K V:2.8334e-01V I:7.5377e-04A R:3.7590e+02ğ›€ E:8.7450e+00V/cm J:3.2988e-02A/cm2 ğ›’:2.6510e+02ğ›€ cm
2023-05-03 14:02:56,638 INFO Measurement at current 0.000763819095477387
2023-05-03 14:02:57,247 INFO T:164.84Â°K V:2.8660e-01V I:7.6382e-04A R:3.7522e+02ğ›€ E:8.8456e+00V/cm J:3.3428e-02A/cm2 ğ›’:2.6462e+02ğ›€ cm
2023-05-03 14:02:57,268 INFO Measurement at current 0.0007738693467336684
2023-05-03 14:02:57,856 INFO T:164.83Â°K V:2.8988e-01V I:7.7387e-04A R:3.7458e+02ğ›€ E:8.9468e+00V/cm J:3.3867e-02A/cm2 ğ›’:2.6417e+02ğ›€ cm
2023-05-03 14:02:57,885 INFO Measurement at current 0.0007839195979899498
2023-05-03 14:02:58,470 INFO T:164.82Â°K V:2.9340e-01V I:7.8392e-04A R:3.7427e+02ğ›€ E:9.0555e+00V/cm J:3.4307e-02A/cm2 ğ›’:2.6395e+02ğ›€ cm
2023-05-03 14:02:58,485 INFO Measurement at current 0.0007939698492462312
2023-05-03 14:02:59,079 INFO T:164.82Â°K V:2.9682e-01V I:7.9397e-04A R:3.7384e+02ğ›€ E:9.1611e+00V/cm J:3.4747e-02A/cm2 ğ›’:2.6365e+02ğ›€ cm
2023-05-03 14:02:59,102 INFO Measurement at current 0.0008040201005025126
2023-05-03 14:02:59,692 INFO T:164.81Â°K V:3.0026e-01V I:8.0402e-04A R:3.7345e+02ğ›€ E:9.2674e+00V/cm J:3.5187e-02A/cm2 ğ›’:2.6338e+02ğ›€ cm
2023-05-03 14:02:59,721 INFO Measurement at current 0.000814070351758794
2023-05-03 14:03:00,314 INFO T:164.80Â°K V:3.0373e-01V I:8.1407e-04A R:3.7310e+02ğ›€ E:9.3743e+00V/cm J:3.5627e-02A/cm2 ğ›’:2.6313e+02ğ›€ cm
2023-05-03 14:03:00,330 INFO Measurement at current 0.0008241206030150754
2023-05-03 14:03:00,915 INFO T:164.80Â°K V:3.0720e-01V I:8.2412e-04A R:3.7276e+02ğ›€ E:9.4815e+00V/cm J:3.6067e-02A/cm2 ğ›’:2.6289e+02ğ›€ cm
2023-05-03 14:03:00,930 INFO Measurement at current 0.0008341708542713569
2023-05-03 14:03:01,519 INFO T:164.79Â°K V:3.1071e-01V I:8.3417e-04A R:3.7248e+02ğ›€ E:9.5898e+00V/cm J:3.6506e-02A/cm2 ğ›’:2.6269e+02ğ›€ cm
2023-05-03 14:03:01,543 INFO Measurement at current 0.0008442211055276382
2023-05-03 14:03:02,144 INFO T:164.78Â°K V:3.1417e-01V I:8.4422e-04A R:3.7214e+02ğ›€ E:9.6966e+00V/cm J:3.6946e-02A/cm2 ğ›’:2.6245e+02ğ›€ cm
2023-05-03 14:03:02,161 INFO Measurement at current 0.0008542713567839197
2023-05-03 14:03:02,744 INFO T:164.78Â°K V:3.1781e-01V I:8.5427e-04A R:3.7202e+02ğ›€ E:9.8090e+00V/cm J:3.7386e-02A/cm2 ğ›’:2.6237e+02ğ›€ cm
2023-05-03 14:03:02,762 INFO Measurement at current 0.000864321608040201
2023-05-03 14:03:03,358 INFO T:164.77Â°K V:3.2153e-01V I:8.6432e-04A R:3.7200e+02ğ›€ E:9.9238e+00V/cm J:3.7826e-02A/cm2 ğ›’:2.6235e+02ğ›€ cm
2023-05-03 14:03:03,377 INFO Measurement at current 0.0008743718592964825
2023-05-03 14:03:03,987 INFO T:164.77Â°K V:3.2544e-01V I:8.7437e-04A R:3.7220e+02ğ›€ E:1.0044e+01V/cm J:3.8266e-02A/cm2 ğ›’:2.6249e+02ğ›€ cm
2023-05-03 14:03:04,009 INFO Measurement at current 0.0008844221105527638
2023-05-03 14:03:04,601 INFO T:164.76Â°K V:3.3093e-01V I:8.8442e-04A R:3.7418e+02ğ›€ E:1.0214e+01V/cm J:3.8706e-02A/cm2 ğ›’:2.6389e+02ğ›€ cm
2023-05-03 14:03:04,621 INFO Measurement at current 0.0008944723618090453
2023-05-03 14:03:05,213 INFO T:164.75Â°K V:3.3588e-01V I:8.9447e-04A R:3.7551e+02ğ›€ E:1.0367e+01V/cm J:3.9145e-02A/cm2 ğ›’:2.6483e+02ğ›€ cm
2023-05-03 14:03:05,235 INFO Measurement at current 0.0009045226130653266
2023-05-03 14:03:05,824 INFO T:164.75Â°K V:3.3903e-01V I:9.0452e-04A R:3.7482e+02ğ›€ E:1.0464e+01V/cm J:3.9585e-02A/cm2 ğ›’:2.6434e+02ğ›€ cm
2023-05-03 14:03:05,849 INFO Measurement at current 0.0009145728643216081
2023-05-03 14:03:06,449 INFO T:164.74Â°K V:3.4223e-01V I:9.1457e-04A R:3.7419e+02ğ›€ E:1.0563e+01V/cm J:4.0025e-02A/cm2 ğ›’:2.6390e+02ğ›€ cm
2023-05-03 14:03:06,467 INFO Measurement at current 0.0009246231155778894
2023-05-03 14:03:07,053 INFO T:164.73Â°K V:3.4542e-01V I:9.2462e-04A R:3.7358e+02ğ›€ E:1.0661e+01V/cm J:4.0465e-02A/cm2 ğ›’:2.6347e+02ğ›€ cm
2023-05-03 14:03:07,081 INFO Measurement at current 0.0009346733668341709
2023-05-03 14:03:07,677 INFO T:164.73Â°K V:3.4872e-01V I:9.3467e-04A R:3.7309e+02ğ›€ E:1.0763e+01V/cm J:4.0905e-02A/cm2 ğ›’:2.6312e+02ğ›€ cm
2023-05-03 14:03:07,701 INFO Measurement at current 0.0009447236180904523
2023-05-03 14:03:08,295 INFO T:164.72Â°K V:3.5196e-01V I:9.4472e-04A R:3.7255e+02ğ›€ E:1.0863e+01V/cm J:4.1345e-02A/cm2 ğ›’:2.6274e+02ğ›€ cm
2023-05-03 14:03:08,321 INFO Measurement at current 0.0009547738693467337
2023-05-03 14:03:08,916 INFO T:164.71Â°K V:3.5513e-01V I:9.5477e-04A R:3.7195e+02ğ›€ E:1.0961e+01V/cm J:4.1784e-02A/cm2 ğ›’:2.6232e+02ğ›€ cm
2023-05-03 14:03:08,935 INFO Measurement at current 0.0009648241206030152
2023-05-03 14:03:09,525 INFO T:164.71Â°K V:3.5830e-01V I:9.6482e-04A R:3.7136e+02ğ›€ E:1.1059e+01V/cm J:4.2224e-02A/cm2 ğ›’:2.6190e+02ğ›€ cm
2023-05-03 14:03:09,545 INFO Measurement at current 0.0009748743718592965
2023-05-03 14:03:10,149 INFO T:164.70Â°K V:3.6135e-01V I:9.7487e-04A R:3.7067e+02ğ›€ E:1.1153e+01V/cm J:4.2664e-02A/cm2 ğ›’:2.6141e+02ğ›€ cm
2023-05-03 14:03:10,169 INFO Measurement at current 0.0009849246231155779
2023-05-03 14:03:10,757 INFO T:164.69Â°K V:3.6443e-01V I:9.8492e-04A R:3.7001e+02ğ›€ E:1.1248e+01V/cm J:4.3104e-02A/cm2 ğ›’:2.6095e+02ğ›€ cm
2023-05-03 14:03:10,777 INFO Measurement at current 0.0009949748743718595
2023-05-03 14:03:11,365 INFO T:164.69Â°K V:3.6771e-01V I:9.9497e-04A R:3.6957e+02ğ›€ E:1.1349e+01V/cm J:4.3544e-02A/cm2 ğ›’:2.6064e+02ğ›€ cm
2023-05-03 14:03:11,386 INFO Measurement at current 0.0010050251256281408
2023-05-03 14:03:11,977 INFO T:164.68Â°K V:3.7096e-01V I:1.0050e-03A R:3.6910e+02ğ›€ E:1.1449e+01V/cm J:4.3984e-02A/cm2 ğ›’:2.6031e+02ğ›€ cm
2023-05-03 14:03:12,004 INFO Measurement at current 0.0010150753768844222
2023-05-03 14:03:12,604 INFO T:164.67Â°K V:3.7408e-01V I:1.0151e-03A R:3.6852e+02ğ›€ E:1.1546e+01V/cm J:4.4423e-02A/cm2 ğ›’:2.5990e+02ğ›€ cm
2023-05-03 14:03:12,622 INFO Measurement at current 0.0010251256281407035
2023-05-03 14:03:13,228 INFO T:164.67Â°K V:3.7717e-01V I:1.0251e-03A R:3.6793e+02ğ›€ E:1.1641e+01V/cm J:4.4863e-02A/cm2 ğ›’:2.5948e+02ğ›€ cm
2023-05-03 14:03:13,246 INFO Measurement at current 0.001035175879396985
2023-05-03 14:03:13,835 INFO T:164.66Â°K V:3.8024e-01V I:1.0352e-03A R:3.6732e+02ğ›€ E:1.1736e+01V/cm J:4.5303e-02A/cm2 ğ›’:2.5905e+02ğ›€ cm
2023-05-03 14:03:13,858 INFO Measurement at current 0.0010452261306532664
2023-05-03 14:03:14,465 INFO T:164.65Â°K V:3.8332e-01V I:1.0452e-03A R:3.6674e+02ğ›€ E:1.1831e+01V/cm J:4.5743e-02A/cm2 ğ›’:2.5864e+02ğ›€ cm
2023-05-03 14:03:14,481 INFO Measurement at current 0.0010552763819095478
2023-05-03 14:03:15,065 INFO T:164.65Â°K V:3.8566e-01V I:1.0553e-03A R:3.6546e+02ğ›€ E:1.1903e+01V/cm J:4.6183e-02A/cm2 ğ›’:2.5774e+02ğ›€ cm
2023-05-03 14:03:15,094 INFO Measurement at current 0.0010653266331658291
2023-05-03 14:03:15,683 INFO T:164.64Â°K V:3.8864e-01V I:1.0653e-03A R:3.6481e+02ğ›€ E:1.1995e+01V/cm J:4.6623e-02A/cm2 ğ›’:2.5728e+02ğ›€ cm
2023-05-03 14:03:15,706 INFO Measurement at current 0.0010753768844221107
2023-05-03 14:03:16,296 INFO T:164.63Â°K V:3.9172e-01V I:1.0754e-03A R:3.6426e+02ğ›€ E:1.2090e+01V/cm J:4.7062e-02A/cm2 ğ›’:2.5689e+02ğ›€ cm
2023-05-03 14:03:16,313 INFO Measurement at current 0.001085427135678392
2023-05-03 14:03:16,909 INFO T:164.63Â°K V:3.9473e-01V I:1.0854e-03A R:3.6366e+02ğ›€ E:1.2183e+01V/cm J:4.7502e-02A/cm2 ğ›’:2.5647e+02ğ›€ cm
2023-05-03 14:03:16,940 INFO Measurement at current 0.0010954773869346734
2023-05-03 14:03:17,532 INFO T:164.62Â°K V:3.9774e-01V I:1.0955e-03A R:3.6307e+02ğ›€ E:1.2276e+01V/cm J:4.7942e-02A/cm2 ğ›’:2.5606e+02ğ›€ cm
2023-05-03 14:03:17,557 INFO Measurement at current 0.0011055276381909548
2023-05-03 14:03:18,156 INFO T:164.61Â°K V:4.0060e-01V I:1.1055e-03A R:3.6236e+02ğ›€ E:1.2364e+01V/cm J:4.8382e-02A/cm2 ğ›’:2.5555e+02ğ›€ cm
2023-05-03 14:03:18,177 INFO Measurement at current 0.0011155778894472363
2023-05-03 14:03:18,774 INFO T:164.61Â°K V:4.0356e-01V I:1.1156e-03A R:3.6175e+02ğ›€ E:1.2456e+01V/cm J:4.8822e-02A/cm2 ğ›’:2.5513e+02ğ›€ cm
2023-05-03 14:03:18,795 INFO Measurement at current 0.0011256281407035177
2023-05-03 14:03:19,378 INFO T:164.60Â°K V:4.0657e-01V I:1.1256e-03A R:3.6119e+02ğ›€ E:1.2548e+01V/cm J:4.9262e-02A/cm2 ğ›’:2.5473e+02ğ›€ cm
2023-05-03 14:03:19,393 INFO Measurement at current 0.001135678391959799
2023-05-03 14:03:19,999 INFO T:164.60Â°K V:4.0948e-01V I:1.1357e-03A R:3.6056e+02ğ›€ E:1.2638e+01V/cm J:4.9701e-02A/cm2 ğ›’:2.5429e+02ğ›€ cm
2023-05-03 14:03:20,018 INFO Measurement at current 0.0011457286432160804
2023-05-03 14:03:20,627 INFO T:164.59Â°K V:4.1231e-01V I:1.1457e-03A R:3.5987e+02ğ›€ E:1.2726e+01V/cm J:5.0141e-02A/cm2 ğ›’:2.5380e+02ğ›€ cm
2023-05-03 14:03:20,653 INFO Measurement at current 0.001155778894472362
2023-05-03 14:03:21,237 INFO T:164.58Â°K V:4.1538e-01V I:1.1558e-03A R:3.5940e+02ğ›€ E:1.2820e+01V/cm J:5.0581e-02A/cm2 ğ›’:2.5346e+02ğ›€ cm
2023-05-03 14:03:21,263 INFO Measurement at current 0.0011658291457286433
2023-05-03 14:03:21,848 INFO T:164.58Â°K V:4.1826e-01V I:1.1658e-03A R:3.5877e+02ğ›€ E:1.2909e+01V/cm J:5.1021e-02A/cm2 ğ›’:2.5302e+02ğ›€ cm
2023-05-03 14:03:21,867 INFO Measurement at current 0.0011758793969849247
2023-05-03 14:03:22,460 INFO T:164.57Â°K V:4.2120e-01V I:1.1759e-03A R:3.5820e+02ğ›€ E:1.3000e+01V/cm J:5.1461e-02A/cm2 ğ›’:2.5262e+02ğ›€ cm
2023-05-03 14:03:22,481 INFO Measurement at current 0.001185929648241206
2023-05-03 14:03:23,069 INFO T:164.56Â°K V:4.2424e-01V I:1.1859e-03A R:3.5773e+02ğ›€ E:1.3094e+01V/cm J:5.1901e-02A/cm2 ğ›’:2.5229e+02ğ›€ cm
2023-05-03 14:03:23,084 INFO Measurement at current 0.0011959798994974876
2023-05-03 14:03:23,672 INFO T:164.56Â°K V:4.2716e-01V I:1.1960e-03A R:3.5717e+02ğ›€ E:1.3184e+01V/cm J:5.2340e-02A/cm2 ğ›’:2.5189e+02ğ›€ cm
2023-05-03 14:03:23,691 INFO Measurement at current 0.001206030150753769
2023-05-03 14:03:24,286 INFO T:164.55Â°K V:4.2996e-01V I:1.2060e-03A R:3.5651e+02ğ›€ E:1.3270e+01V/cm J:5.2780e-02A/cm2 ğ›’:2.5143e+02ğ›€ cm
2023-05-03 14:03:24,323 INFO Measurement at current 0.0012160804020100503
2023-05-03 14:03:24,907 INFO T:164.54Â°K V:4.3276e-01V I:1.2161e-03A R:3.5586e+02ğ›€ E:1.3357e+01V/cm J:5.3220e-02A/cm2 ğ›’:2.5097e+02ğ›€ cm
2023-05-03 14:03:24,920 INFO Measurement at current 0.0012261306532663316
2023-05-03 14:03:25,505 INFO T:164.54Â°K V:4.3572e-01V I:1.2261e-03A R:3.5536e+02ğ›€ E:1.3448e+01V/cm J:5.3660e-02A/cm2 ğ›’:2.5062e+02ğ›€ cm
2023-05-03 14:03:25,524 INFO Measurement at current 0.0012361809045226132
2023-05-03 14:03:26,109 INFO T:164.53Â°K V:4.3847e-01V I:1.2362e-03A R:3.5470e+02ğ›€ E:1.3533e+01V/cm J:5.4100e-02A/cm2 ğ›’:2.5015e+02ğ›€ cm
2023-05-03 14:03:26,148 INFO Measurement at current 0.0012462311557788945
2023-05-03 14:03:26,746 INFO T:164.52Â°K V:4.4121e-01V I:1.2462e-03A R:3.5404e+02ğ›€ E:1.3618e+01V/cm J:5.4540e-02A/cm2 ğ›’:2.4968e+02ğ›€ cm
2023-05-03 14:03:26,765 INFO Measurement at current 0.001256281407035176
2023-05-03 14:03:27,360 INFO T:164.52Â°K V:4.4444e-01V I:1.2563e-03A R:3.5377e+02ğ›€ E:1.3717e+01V/cm J:5.4979e-02A/cm2 ğ›’:2.4950e+02ğ›€ cm
2023-05-03 14:03:27,379 INFO Measurement at current 0.0012663316582914572
2023-05-03 14:03:27,971 INFO T:164.51Â°K V:4.4707e-01V I:1.2663e-03A R:3.5304e+02ğ›€ E:1.3798e+01V/cm J:5.5419e-02A/cm2 ğ›’:2.4898e+02ğ›€ cm
2023-05-03 14:03:28,000 INFO Measurement at current 0.0012763819095477388
2023-05-03 14:03:28,595 INFO T:164.50Â°K V:4.4981e-01V I:1.2764e-03A R:3.5241e+02ğ›€ E:1.3883e+01V/cm J:5.5859e-02A/cm2 ğ›’:2.4854e+02ğ›€ cm
2023-05-03 14:03:28,617 INFO Measurement at current 0.0012864321608040202
2023-05-03 14:03:29,209 INFO T:164.50Â°K V:4.5249e-01V I:1.2864e-03A R:3.5174e+02ğ›€ E:1.3966e+01V/cm J:5.6299e-02A/cm2 ğ›’:2.4806e+02ğ›€ cm
2023-05-03 14:03:29,228 INFO Measurement at current 0.0012964824120603015
2023-05-03 14:03:29,835 INFO T:164.49Â°K V:4.5535e-01V I:1.2965e-03A R:3.5122e+02ğ›€ E:1.4054e+01V/cm J:5.6739e-02A/cm2 ğ›’:2.4769e+02ğ›€ cm
2023-05-03 14:03:29,858 INFO Measurement at current 0.001306532663316583
2023-05-03 14:03:30,451 INFO T:164.48Â°K V:4.5802e-01V I:1.3065e-03A R:3.5056e+02ğ›€ E:1.4136e+01V/cm J:5.7179e-02A/cm2 ğ›’:2.4723e+02ğ›€ cm
2023-05-03 14:03:30,473 INFO Measurement at current 0.0013165829145728644
2023-05-03 14:03:31,075 INFO T:164.48Â°K V:4.6068e-01V I:1.3166e-03A R:3.4991e+02ğ›€ E:1.4219e+01V/cm J:5.7619e-02A/cm2 ğ›’:2.4677e+02ğ›€ cm
2023-05-03 14:03:31,093 INFO Measurement at current 0.0013266331658291458
2023-05-03 14:03:31,685 INFO T:164.47Â°K V:4.6350e-01V I:1.3266e-03A R:3.4938e+02ğ›€ E:1.4305e+01V/cm J:5.8058e-02A/cm2 ğ›’:2.4640e+02ğ›€ cm
2023-05-03 14:03:31,708 INFO Measurement at current 0.0013366834170854271
2023-05-03 14:03:32,304 INFO T:164.47Â°K V:4.6615e-01V I:1.3367e-03A R:3.4874e+02ğ›€ E:1.4387e+01V/cm J:5.8498e-02A/cm2 ğ›’:2.4595e+02ğ›€ cm
2023-05-03 14:03:32,326 INFO Measurement at current 0.0013467336683417087
2023-05-03 14:03:32,943 INFO T:164.46Â°K V:4.6880e-01V I:1.3467e-03A R:3.4810e+02ğ›€ E:1.4469e+01V/cm J:5.8938e-02A/cm2 ğ›’:2.4550e+02ğ›€ cm
2023-05-03 14:03:32,958 INFO Measurement at current 0.00135678391959799
2023-05-03 14:03:33,568 INFO T:164.45Â°K V:4.7151e-01V I:1.3568e-03A R:3.4752e+02ğ›€ E:1.4553e+01V/cm J:5.9378e-02A/cm2 ğ›’:2.4509e+02ğ›€ cm
2023-05-03 14:03:33,586 INFO Measurement at current 0.0013668341708542714
2023-05-03 14:03:34,168 INFO T:164.45Â°K V:4.7390e-01V I:1.3668e-03A R:3.4671e+02ğ›€ E:1.4626e+01V/cm J:5.9818e-02A/cm2 ğ›’:2.4452e+02ğ›€ cm
2023-05-03 14:03:34,181 INFO Measurement at current 0.0013768844221105528
2023-05-03 14:03:34,768 INFO T:164.44Â°K V:4.7673e-01V I:1.3769e-03A R:3.4624e+02ğ›€ E:1.4714e+01V/cm J:6.0258e-02A/cm2 ğ›’:2.4418e+02ğ›€ cm
2023-05-03 14:03:34,782 INFO Measurement at current 0.0013869346733668343
2023-05-03 14:03:35,363 INFO T:164.43Â°K V:4.7943e-01V I:1.3869e-03A R:3.4567e+02ğ›€ E:1.4797e+01V/cm J:6.0697e-02A/cm2 ğ›’:2.4379e+02ğ›€ cm
2023-05-03 14:03:35,378 INFO Measurement at current 0.0013969849246231157
2023-05-03 14:03:35,969 INFO T:164.43Â°K V:4.8206e-01V I:1.3970e-03A R:3.4507e+02ğ›€ E:1.4878e+01V/cm J:6.1137e-02A/cm2 ğ›’:2.4336e+02ğ›€ cm
2023-05-03 14:03:35,986 INFO Measurement at current 0.001407035175879397
2023-05-03 14:03:36,580 INFO T:164.42Â°K V:4.8463e-01V I:1.4070e-03A R:3.4444e+02ğ›€ E:1.4958e+01V/cm J:6.1577e-02A/cm2 ğ›’:2.4291e+02ğ›€ cm
2023-05-03 14:03:36,595 INFO Measurement at current 0.0014170854271356784
2023-05-03 14:03:37,178 INFO T:164.41Â°K V:4.8720e-01V I:1.4171e-03A R:3.4380e+02ğ›€ E:1.5037e+01V/cm J:6.2017e-02A/cm2 ğ›’:2.4247e+02ğ›€ cm
2023-05-03 14:03:37,192 INFO Measurement at current 0.00142713567839196
2023-05-03 14:03:37,789 INFO T:164.41Â°K V:4.8965e-01V I:1.4271e-03A R:3.4310e+02ğ›€ E:1.5113e+01V/cm J:6.2457e-02A/cm2 ğ›’:2.4197e+02ğ›€ cm
2023-05-03 14:03:37,808 INFO Measurement at current 0.0014371859296482413
2023-05-03 14:03:38,395 INFO T:164.40Â°K V:4.9207e-01V I:1.4372e-03A R:3.4239e+02ğ›€ E:1.5187e+01V/cm J:6.2897e-02A/cm2 ğ›’:2.4147e+02ğ›€ cm
2023-05-03 14:03:38,423 INFO Measurement at current 0.0014472361809045227
2023-05-03 14:03:39,018 INFO T:164.40Â°K V:4.9450e-01V I:1.4472e-03A R:3.4169e+02ğ›€ E:1.5262e+01V/cm J:6.3336e-02A/cm2 ğ›’:2.4097e+02ğ›€ cm
2023-05-03 14:03:39,056 INFO Measurement at current 0.001457286432160804
2023-05-03 14:03:39,657 INFO T:164.39Â°K V:4.9724e-01V I:1.4573e-03A R:3.4121e+02ğ›€ E:1.5347e+01V/cm J:6.3776e-02A/cm2 ğ›’:2.4063e+02ğ›€ cm
2023-05-03 14:03:39,683 INFO Measurement at current 0.0014673366834170856
2023-05-03 14:03:40,278 INFO T:164.38Â°K V:4.9975e-01V I:1.4673e-03A R:3.4058e+02ğ›€ E:1.5424e+01V/cm J:6.4216e-02A/cm2 ğ›’:2.4019e+02ğ›€ cm
2023-05-03 14:03:40,305 INFO Measurement at current 0.001477386934673367
2023-05-03 14:03:40,922 INFO T:164.38Â°K V:5.0229e-01V I:1.4774e-03A R:3.3999e+02ğ›€ E:1.5503e+01V/cm J:6.4656e-02A/cm2 ğ›’:2.3977e+02ğ›€ cm
2023-05-03 14:03:40,965 INFO Measurement at current 0.0014874371859296483
2023-05-03 14:03:41,564 INFO T:164.37Â°K V:5.0487e-01V I:1.4874e-03A R:3.3942e+02ğ›€ E:1.5582e+01V/cm J:6.5096e-02A/cm2 ğ›’:2.3938e+02ğ›€ cm
2023-05-03 14:03:41,584 INFO Measurement at current 0.0014974874371859296
2023-05-03 14:03:42,194 INFO T:164.36Â°K V:5.0742e-01V I:1.4975e-03A R:3.3885e+02ğ›€ E:1.5661e+01V/cm J:6.5536e-02A/cm2 ğ›’:2.3897e+02ğ›€ cm
2023-05-03 14:03:42,212 INFO Measurement at current 0.0015075376884422112
2023-05-03 14:03:42,837 INFO T:164.36Â°K V:5.1003e-01V I:1.5075e-03A R:3.3832e+02ğ›€ E:1.5742e+01V/cm J:6.5975e-02A/cm2 ğ›’:2.3860e+02ğ›€ cm
2023-05-03 14:03:42,857 INFO Measurement at current 0.0015175879396984926
2023-05-03 14:03:43,458 INFO T:164.35Â°K V:5.1282e-01V I:1.5176e-03A R:3.3792e+02ğ›€ E:1.5828e+01V/cm J:6.6415e-02A/cm2 ğ›’:2.3832e+02ğ›€ cm
2023-05-03 14:03:43,482 INFO Measurement at current 0.001527638190954774
2023-05-03 14:03:44,078 INFO T:164.34Â°K V:5.1568e-01V I:1.5276e-03A R:3.3757e+02ğ›€ E:1.5916e+01V/cm J:6.6855e-02A/cm2 ğ›’:2.3807e+02ğ›€ cm
2023-05-03 14:03:44,098 INFO Measurement at current 0.0015376884422110553
2023-05-03 14:03:44,695 INFO T:164.34Â°K V:5.1881e-01V I:1.5377e-03A R:3.3740e+02ğ›€ E:1.6013e+01V/cm J:6.7295e-02A/cm2 ğ›’:2.3795e+02ğ›€ cm
2023-05-03 14:03:44,726 INFO Measurement at current 0.0015477386934673368
2023-05-03 14:03:45,329 INFO T:164.33Â°K V:5.2206e-01V I:1.5477e-03A R:3.3730e+02ğ›€ E:1.6113e+01V/cm J:6.7735e-02A/cm2 ğ›’:2.3788e+02ğ›€ cm
2023-05-03 14:03:45,346 INFO Measurement at current 0.0015577889447236182
2023-05-03 14:03:45,952 INFO T:164.32Â°K V:5.2657e-01V I:1.5578e-03A R:3.3802e+02ğ›€ E:1.6252e+01V/cm J:6.8175e-02A/cm2 ğ›’:2.3839e+02ğ›€ cm
2023-05-03 14:03:45,975 INFO Measurement at current 0.0015678391959798995
2023-05-03 14:03:46,566 INFO T:164.32Â°K V:5.3278e-01V I:1.5678e-03A R:3.3982e+02ğ›€ E:1.6444e+01V/cm J:6.8614e-02A/cm2 ğ›’:2.3966e+02ğ›€ cm
2023-05-03 14:03:46,585 INFO Measurement at current 0.0015778894472361809
2023-05-03 14:03:47,175 INFO T:164.31Â°K V:5.4377e-01V I:1.5779e-03A R:3.4462e+02ğ›€ E:1.6783e+01V/cm J:6.9054e-02A/cm2 ğ›’:2.4304e+02ğ›€ cm
2023-05-03 14:03:47,200 INFO Measurement at current 0.0015879396984924625
2023-05-03 14:03:47,790 INFO T:164.30Â°K V:5.5383e-01V I:1.5879e-03A R:3.4877e+02ğ›€ E:1.7093e+01V/cm J:6.9494e-02A/cm2 ğ›’:2.4597e+02ğ›€ cm
2023-05-03 14:03:47,821 INFO Measurement at current 0.0015979899497487438
2023-05-03 14:03:48,418 INFO T:164.30Â°K V:5.5552e-01V I:1.5980e-03A R:3.4763e+02ğ›€ E:1.7146e+01V/cm J:6.9934e-02A/cm2 ğ›’:2.4517e+02ğ›€ cm
2023-05-03 14:03:48,442 INFO Measurement at current 0.0016080402010050252
2023-05-03 14:03:49,037 INFO T:164.29Â°K V:5.5711e-01V I:1.6080e-03A R:3.4645e+02ğ›€ E:1.7195e+01V/cm J:7.0374e-02A/cm2 ğ›’:2.4434e+02ğ›€ cm
2023-05-03 14:03:49,055 INFO Measurement at current 0.0016180904522613067
2023-05-03 14:03:49,646 INFO T:164.28Â°K V:5.5919e-01V I:1.6181e-03A R:3.4559e+02ğ›€ E:1.7259e+01V/cm J:7.0814e-02A/cm2 ğ›’:2.4373e+02ğ›€ cm
2023-05-03 14:03:49,668 INFO Measurement at current 0.001628140703517588
2023-05-03 14:03:50,260 INFO T:164.28Â°K V:5.6146e-01V I:1.6281e-03A R:3.4485e+02ğ›€ E:1.7329e+01V/cm J:7.1253e-02A/cm2 ğ›’:2.4320e+02ğ›€ cm
2023-05-03 14:03:50,311 INFO Measurement at current 0.0016381909547738694
2023-05-03 14:03:50,899 INFO T:164.27Â°K V:5.6360e-01V I:1.6382e-03A R:3.4404e+02ğ›€ E:1.7395e+01V/cm J:7.1693e-02A/cm2 ğ›’:2.4263e+02ğ›€ cm
2023-05-03 14:03:50,916 INFO Measurement at current 0.0016482412060301508
2023-05-03 14:03:51,540 INFO T:164.26Â°K V:5.6590e-01V I:1.6482e-03A R:3.4333e+02ğ›€ E:1.7466e+01V/cm J:7.2133e-02A/cm2 ğ›’:2.4213e+02ğ›€ cm
2023-05-03 14:03:51,558 INFO Measurement at current 0.0016582914572864324
2023-05-03 14:03:52,147 INFO T:164.26Â°K V:5.6837e-01V I:1.6583e-03A R:3.4274e+02ğ›€ E:1.7542e+01V/cm J:7.2573e-02A/cm2 ğ›’:2.4172e+02ğ›€ cm
2023-05-03 14:03:52,176 INFO Measurement at current 0.0016683417085427137
2023-05-03 14:03:52,794 INFO T:164.25Â°K V:5.7075e-01V I:1.6683e-03A R:3.4211e+02ğ›€ E:1.7616e+01V/cm J:7.3013e-02A/cm2 ğ›’:2.4127e+02ğ›€ cm
2023-05-03 14:03:52,816 INFO Measurement at current 0.001678391959798995
2023-05-03 14:03:53,417 INFO T:164.25Â°K V:5.7286e-01V I:1.6784e-03A R:3.4132e+02ğ›€ E:1.7681e+01V/cm J:7.3453e-02A/cm2 ğ›’:2.4071e+02ğ›€ cm
2023-05-03 14:03:53,441 INFO Measurement at current 0.0016884422110552764
2023-05-03 14:03:54,044 INFO T:164.24Â°K V:5.7496e-01V I:1.6884e-03A R:3.4053e+02ğ›€ E:1.7746e+01V/cm J:7.3892e-02A/cm2 ğ›’:2.4016e+02ğ›€ cm
2023-05-03 14:03:54,063 INFO Measurement at current 0.001698492462311558
2023-05-03 14:03:54,651 INFO T:164.23Â°K V:5.7724e-01V I:1.6985e-03A R:3.3985e+02ğ›€ E:1.7816e+01V/cm J:7.4332e-02A/cm2 ğ›’:2.3968e+02ğ›€ cm
2023-05-03 14:03:54,676 INFO Measurement at current 0.0017085427135678393
2023-05-03 14:03:55,274 INFO T:164.23Â°K V:5.7914e-01V I:1.7085e-03A R:3.3897e+02ğ›€ E:1.7875e+01V/cm J:7.4772e-02A/cm2 ğ›’:2.3906e+02ğ›€ cm
2023-05-03 14:03:55,289 INFO Measurement at current 0.0017185929648241207
2023-05-03 14:03:55,869 INFO T:164.22Â°K V:5.7698e-01V I:1.7186e-03A R:3.3573e+02ğ›€ E:1.7808e+01V/cm J:7.5212e-02A/cm2 ğ›’:2.3677e+02ğ›€ cm
2023-05-03 14:03:55,882 INFO Measurement at current 0.001728643216080402
2023-05-03 14:03:56,467 INFO T:164.21Â°K V:5.7535e-01V I:1.7286e-03A R:3.3283e+02ğ›€ E:1.7758e+01V/cm J:7.5652e-02A/cm2 ğ›’:2.3473e+02ğ›€ cm
2023-05-03 14:03:56,484 INFO Measurement at current 0.0017386934673366836
2023-05-03 14:03:57,070 INFO T:164.21Â°K V:5.7459e-01V I:1.7387e-03A R:3.3047e+02ğ›€ E:1.7734e+01V/cm J:7.6092e-02A/cm2 ğ›’:2.3306e+02ğ›€ cm
2023-05-03 14:03:57,086 INFO Measurement at current 0.001748743718592965
2023-05-03 14:03:57,670 INFO T:164.20Â°K V:5.7531e-01V I:1.7487e-03A R:3.2899e+02ğ›€ E:1.7757e+01V/cm J:7.6531e-02A/cm2 ğ›’:2.3202e+02ğ›€ cm
2023-05-03 14:03:57,688 INFO Measurement at current 0.0017587939698492463
2023-05-03 14:03:58,276 INFO T:164.19Â°K V:5.7486e-01V I:1.7588e-03A R:3.2685e+02ğ›€ E:1.7742e+01V/cm J:7.6971e-02A/cm2 ğ›’:2.3051e+02ğ›€ cm
2023-05-03 14:03:58,302 INFO Measurement at current 0.0017688442211055277
2023-05-03 14:03:58,904 INFO T:164.19Â°K V:5.7559e-01V I:1.7688e-03A R:3.2540e+02ğ›€ E:1.7765e+01V/cm J:7.7411e-02A/cm2 ğ›’:2.2949e+02ğ›€ cm
2023-05-03 14:03:58,923 INFO Measurement at current 0.0017788944723618092
2023-05-03 14:03:59,514 INFO T:164.18Â°K V:5.7642e-01V I:1.7789e-03A R:3.2403e+02ğ›€ E:1.7791e+01V/cm J:7.7851e-02A/cm2 ğ›’:2.2852e+02ğ›€ cm
2023-05-03 14:03:59,538 INFO Measurement at current 0.0017889447236180906
2023-05-03 14:04:00,129 INFO T:164.18Â°K V:5.7732e-01V I:1.7889e-03A R:3.2272e+02ğ›€ E:1.7819e+01V/cm J:7.8291e-02A/cm2 ğ›’:2.2759e+02ğ›€ cm
2023-05-03 14:04:00,145 INFO Measurement at current 0.001798994974874372
2023-05-03 14:04:00,745 INFO T:164.17Â°K V:5.7901e-01V I:1.7990e-03A R:3.2185e+02ğ›€ E:1.7871e+01V/cm J:7.8731e-02A/cm2 ğ›’:2.2699e+02ğ›€ cm
2023-05-03 14:04:00,764 INFO Measurement at current 0.0018090452261306533
2023-05-03 14:04:01,357 INFO T:164.16Â°K V:5.8107e-01V I:1.8090e-03A R:3.2120e+02ğ›€ E:1.7934e+01V/cm J:7.9170e-02A/cm2 ğ›’:2.2653e+02ğ›€ cm
2023-05-03 14:04:01,382 INFO Measurement at current 0.0018190954773869348
2023-05-03 14:04:01,986 INFO T:164.16Â°K V:5.8341e-01V I:1.8191e-03A R:3.2072e+02ğ›€ E:1.8007e+01V/cm J:7.9610e-02A/cm2 ğ›’:2.2618e+02ğ›€ cm
2023-05-03 14:04:02,014 INFO Measurement at current 0.0018291457286432162
2023-05-03 14:04:02,613 INFO T:164.15Â°K V:5.8632e-01V I:1.8291e-03A R:3.2054e+02ğ›€ E:1.8096e+01V/cm J:8.0050e-02A/cm2 ğ›’:2.2606e+02ğ›€ cm
2023-05-03 14:04:02,632 INFO Measurement at current 0.0018391959798994975
2023-05-03 14:04:03,229 INFO T:164.14Â°K V:5.8999e-01V I:1.8392e-03A R:3.2079e+02ğ›€ E:1.8210e+01V/cm J:8.0490e-02A/cm2 ğ›’:2.2623e+02ğ›€ cm
2023-05-03 14:04:03,253 INFO Measurement at current 0.001849246231155779
2023-05-03 14:04:03,859 INFO T:164.14Â°K V:5.9784e-01V I:1.8492e-03A R:3.2329e+02ğ›€ E:1.8452e+01V/cm J:8.0930e-02A/cm2 ğ›’:2.2800e+02ğ›€ cm
2023-05-03 14:04:03,884 INFO Measurement at current 0.0018592964824120605
2023-05-03 14:04:04,503 INFO T:164.13Â°K V:6.1131e-01V I:1.8593e-03A R:3.2879e+02ğ›€ E:1.8868e+01V/cm J:8.1370e-02A/cm2 ğ›’:2.3188e+02ğ›€ cm
2023-05-03 14:04:04,522 INFO Measurement at current 0.0018693467336683418
2023-05-03 14:04:05,129 INFO T:164.12Â°K V:6.1584e-01V I:1.8693e-03A R:3.2944e+02ğ›€ E:1.9007e+01V/cm J:8.1809e-02A/cm2 ğ›’:2.3234e+02ğ›€ cm
2023-05-03 14:04:05,168 INFO Measurement at current 0.0018793969849246232
2023-05-03 14:04:05,777 INFO T:164.12Â°K V:6.1720e-01V I:1.8794e-03A R:3.2840e+02ğ›€ E:1.9049e+01V/cm J:8.2249e-02A/cm2 ğ›’:2.3160e+02ğ›€ cm
2023-05-03 14:04:05,797 INFO Measurement at current 0.0018894472361809045
2023-05-03 14:04:06,388 INFO T:164.11Â°K V:6.1849e-01V I:1.8894e-03A R:3.2734e+02ğ›€ E:1.9089e+01V/cm J:8.2689e-02A/cm2 ğ›’:2.3085e+02ğ›€ cm
2023-05-03 14:04:06,428 INFO Measurement at current 0.001899497487437186
2023-05-03 14:04:07,026 INFO T:164.10Â°K V:6.1817e-01V I:1.8995e-03A R:3.2544e+02ğ›€ E:1.9079e+01V/cm J:8.3129e-02A/cm2 ğ›’:2.2952e+02ğ›€ cm
2023-05-03 14:04:07,041 INFO Measurement at current 0.0019095477386934674
2023-05-03 14:04:07,624 INFO T:164.10Â°K V:6.1627e-01V I:1.9095e-03A R:3.2273e+02ğ›€ E:1.9021e+01V/cm J:8.3569e-02A/cm2 ğ›’:2.2761e+02ğ›€ cm
2023-05-03 14:04:07,640 INFO Measurement at current 0.0019195979899497488
2023-05-03 14:04:08,223 INFO T:164.09Â°K V:6.1815e-01V I:1.9196e-03A R:3.2202e+02ğ›€ E:1.9079e+01V/cm J:8.4009e-02A/cm2 ğ›’:2.2710e+02ğ›€ cm
2023-05-03 14:04:08,241 INFO Measurement at current 0.0019296482412060304
2023-05-03 14:04:08,834 INFO T:164.09Â°K V:6.2363e-01V I:1.9296e-03A R:3.2319e+02ğ›€ E:1.9248e+01V/cm J:8.4449e-02A/cm2 ğ›’:2.2793e+02ğ›€ cm
2023-05-03 14:04:08,853 INFO Measurement at current 0.0019396984924623117
2023-05-03 14:04:09,460 INFO T:164.08Â°K V:6.2784e-01V I:1.9397e-03A R:3.2368e+02ğ›€ E:1.9378e+01V/cm J:8.4888e-02A/cm2 ğ›’:2.2828e+02ğ›€ cm
2023-05-03 14:04:09,476 INFO Measurement at current 0.001949748743718593
2023-05-03 14:04:10,065 INFO T:164.07Â°K V:6.3056e-01V I:1.9497e-03A R:3.2341e+02ğ›€ E:1.9462e+01V/cm J:8.5328e-02A/cm2 ğ›’:2.2808e+02ğ›€ cm
2023-05-03 14:04:10,091 INFO Measurement at current 0.0019597989949748746
2023-05-03 14:04:10,690 INFO T:164.07Â°K V:6.3214e-01V I:1.9598e-03A R:3.2255e+02ğ›€ E:1.9510e+01V/cm J:8.5768e-02A/cm2 ğ›’:2.2748e+02ğ›€ cm
2023-05-03 14:04:10,725 INFO Measurement at current 0.0019698492462311558
2023-05-03 14:04:11,348 INFO T:164.06Â°K V:6.3379e-01V I:1.9698e-03A R:3.2174e+02ğ›€ E:1.9561e+01V/cm J:8.6208e-02A/cm2 ğ›’:2.2691e+02ğ›€ cm
2023-05-03 14:04:11,366 INFO Measurement at current 0.0019798994974874373
2023-05-03 14:04:11,959 INFO T:164.05Â°K V:6.2833e-01V I:1.9799e-03A R:3.1736e+02ğ›€ E:1.9393e+01V/cm J:8.6648e-02A/cm2 ğ›’:2.2381e+02ğ›€ cm
2023-05-03 14:04:11,977 INFO Measurement at current 0.001989949748743719
2023-05-03 14:04:12,588 INFO T:164.05Â°K V:6.2323e-01V I:1.9899e-03A R:3.1319e+02ğ›€ E:1.9236e+01V/cm J:8.7088e-02A/cm2 ğ›’:2.2088e+02ğ›€ cm
2023-05-03 14:04:12,606 INFO Measurement at current 0.002
2023-05-03 14:04:13,209 INFO T:164.04Â°K V:6.2335e-01V I:2.0000e-03A R:3.1167e+02ğ›€ E:1.9239e+01V/cm J:8.7527e-02A/cm2 ğ›’:2.1981e+02ğ›€ cm
2023-05-03 14:04:32,291 INFO Save the description file
2023-05-03 14:04:32,300 INFO Save data in numpy format Esperimenti/CPRO_MUSA_030523_I_V/CPRO_MUSA_030523_I_V_current_from_0_to_20e-4A/CPRO_MUSA_030523_I_V_current_from_0_to_20e-4A-20230503140430
2023-05-03 14:04:32,317 INFO Save data in CSV format Esperimenti/CPRO_MUSA_030523_I_V/CPRO_MUSA_030523_I_V_current_from_0_to_20e-4A/CPRO_MUSA_030523_I_V_current_from_0_to_20e-4A-20230503140430.csv
2023-05-03 14:04:32,348 INFO Save plot as image Esperimenti/CPRO_MUSA_030523_I_V/CPRO_MUSA_030523_I_V_current_from_0_to_20e-4A/CPRO_MUSA_030523_I_V_current_from_0_to_20e-4A-20230503140430.png
