2023-05-03 15:34:10,555 INFO ### Start experiment: CPRO_MUSA_030523_I_V current from 0 to 20e-4A ###
2023-05-03 15:34:11,903 INFO Found Multimeter KEITHLEY INSTRUMENTS INC.,MODEL 2700,0884890,B03  /A02  

2023-05-03 15:34:12,942 INFO Found Nanovolt Meter KEITHLEY INSTRUMENTS INC.,MODEL 2182A,4056474,C03  /A02  

2023-05-03 15:34:13,070 INFO Found Source Meter KEITHLEY INSTRUMENTS INC.,MODEL 2400,0945684,C24   Feb 14 2002 11:59:45/A02  /K/H

2023-05-03 15:34:13,210 INFO Start the measurement loop
2023-05-03 15:34:22,544 INFO Measurement at current 0.0
2023-05-03 15:34:23,462 INFO T:93.20Â°K V:-1.7467e-05V I:0.0000e+00A R:-infğ›€ E:-5.3912e-04V/cm J:0.0000e+00A/cm2 ğ›’:-infğ›€ cm
2023-05-03 15:34:23,483 INFO Measurement at current 1.0050251256281408e-05
2023-05-03 15:34:24,746 INFO T:93.18Â°K V:7.6017e-01V I:1.0050e-05A R:7.5637e+04ğ›€ E:2.3462e+01V/cm J:4.3984e-04A/cm2 ğ›’:5.3343e+04ğ›€ cm
2023-05-03 15:34:24,770 INFO Measurement at current 2.0100502512562815e-05
2023-05-03 15:34:25,900 INFO T:93.16Â°K V:1.4650e+00V I:2.0101e-05A R:7.2882e+04ğ›€ E:4.5215e+01V/cm J:8.7967e-04A/cm2 ğ›’:5.1400e+04ğ›€ cm
2023-05-03 15:34:25,918 INFO Measurement at current 3.0150753768844224e-05
2023-05-03 15:34:26,503 INFO T:93.15Â°K V:2.1674e+00V I:3.0151e-05A R:7.1886e+04ğ›€ E:6.6896e+01V/cm J:1.3195e-03A/cm2 ğ›’:5.0698e+04ğ›€ cm
2023-05-03 15:34:26,528 INFO Measurement at current 4.020100502512563e-05
2023-05-03 15:34:27,120 INFO T:93.15Â°K V:2.8448e+00V I:4.0201e-05A R:7.0764e+04ğ›€ E:8.7802e+01V/cm J:1.7593e-03A/cm2 ğ›’:4.9906e+04ğ›€ cm
2023-05-03 15:34:27,138 INFO Measurement at current 5.0251256281407036e-05
2023-05-03 15:34:27,731 INFO T:93.14Â°K V:3.3942e+00V I:5.0251e-05A R:6.7545e+04ğ›€ E:1.0476e+02V/cm J:2.1992e-03A/cm2 ğ›’:4.7636e+04ğ›€ cm
2023-05-03 15:34:27,755 INFO Measurement at current 6.030150753768845e-05
2023-05-03 15:34:28,354 INFO T:93.13Â°K V:3.9170e+00V I:6.0302e-05A R:6.4957e+04ğ›€ E:1.2090e+02V/cm J:2.6390e-03A/cm2 ğ›’:4.5811e+04ğ›€ cm
2023-05-03 15:34:28,372 INFO Measurement at current 7.035175879396985e-05
2023-05-03 15:34:28,966 INFO T:93.12Â°K V:4.3837e+00V I:7.0352e-05A R:6.2311e+04ğ›€ E:1.3530e+02V/cm J:3.0789e-03A/cm2 ğ›’:4.3945e+04ğ›€ cm
2023-05-03 15:34:28,983 INFO Measurement at current 8.040201005025126e-05
2023-05-03 15:34:29,567 INFO T:93.11Â°K V:4.8259e+00V I:8.0402e-05A R:6.0022e+04ğ›€ E:1.4895e+02V/cm J:3.5187e-03A/cm2 ğ›’:4.2330e+04ğ›€ cm
2023-05-03 15:34:29,585 INFO Measurement at current 9.045226130653267e-05
2023-05-03 15:34:30,174 INFO T:93.10Â°K V:5.1799e+00V I:9.0452e-05A R:5.7266e+04ğ›€ E:1.5987e+02V/cm J:3.9585e-03A/cm2 ğ›’:4.0387e+04ğ›€ cm
2023-05-03 15:34:30,192 INFO Measurement at current 0.00010050251256281407
2023-05-03 15:34:30,785 INFO T:93.09Â°K V:5.4756e+00V I:1.0050e-04A R:5.4483e+04ğ›€ E:1.6900e+02V/cm J:4.3984e-03A/cm2 ğ›’:3.8424e+04ğ›€ cm
2023-05-03 15:34:30,809 INFO Measurement at current 0.00011055276381909548
2023-05-03 15:34:31,407 INFO T:93.09Â°K V:5.7097e+00V I:1.1055e-04A R:5.1647e+04ğ›€ E:1.7623e+02V/cm J:4.8382e-03A/cm2 ğ›’:3.6424e+04ğ›€ cm
2023-05-03 15:34:31,432 INFO Measurement at current 0.0001206030150753769
2023-05-03 15:34:32,030 INFO T:93.08Â°K V:5.9800e+00V I:1.2060e-04A R:4.9584e+04ğ›€ E:1.8457e+02V/cm J:5.2780e-03A/cm2 ğ›’:3.4969e+04ğ›€ cm
2023-05-03 15:34:32,046 INFO Measurement at current 0.0001306532663316583
2023-05-03 15:34:32,639 INFO T:93.07Â°K V:6.2328e+00V I:1.3065e-04A R:4.7705e+04ğ›€ E:1.9237e+02V/cm J:5.7179e-03A/cm2 ğ›’:3.3644e+04ğ›€ cm
2023-05-03 15:34:32,656 INFO Measurement at current 0.0001407035175879397
2023-05-03 15:34:33,247 INFO T:93.06Â°K V:6.3592e+00V I:1.4070e-04A R:4.5196e+04ğ›€ E:1.9627e+02V/cm J:6.1577e-03A/cm2 ğ›’:3.1874e+04ğ›€ cm
2023-05-03 15:34:33,263 INFO Measurement at current 0.00015075376884422112
2023-05-03 15:34:33,853 INFO T:93.05Â°K V:6.4451e+00V I:1.5075e-04A R:4.2752e+04ğ›€ E:1.9892e+02V/cm J:6.5975e-03A/cm2 ğ›’:3.0151e+04ğ›€ cm
2023-05-03 15:34:33,873 INFO Measurement at current 0.00016080402010050252
2023-05-03 15:34:34,473 INFO T:93.04Â°K V:6.5603e+00V I:1.6080e-04A R:4.0797e+04ğ›€ E:2.0248e+02V/cm J:7.0374e-03A/cm2 ğ›’:2.8772e+04ğ›€ cm
2023-05-03 15:34:34,495 INFO Measurement at current 0.00017085427135678393
2023-05-03 15:34:35,096 INFO T:93.03Â°K V:6.7990e+00V I:1.7085e-04A R:3.9794e+04ğ›€ E:2.0985e+02V/cm J:7.4772e-03A/cm2 ğ›’:2.8065e+04ğ›€ cm
2023-05-03 15:34:35,113 INFO Measurement at current 0.00018090452261306533
2023-05-03 15:34:35,706 INFO T:93.02Â°K V:6.8598e+00V I:1.8090e-04A R:3.7920e+04ğ›€ E:2.1172e+02V/cm J:7.9170e-03A/cm2 ğ›’:2.6743e+04ğ›€ cm
2023-05-03 15:34:35,737 INFO Measurement at current 0.00019095477386934674
2023-05-03 15:34:36,330 INFO T:93.02Â°K V:6.8719e+00V I:1.9095e-04A R:3.5987e+04ğ›€ E:2.1210e+02V/cm J:8.3569e-03A/cm2 ğ›’:2.5380e+04ğ›€ cm
2023-05-03 15:34:36,355 INFO Measurement at current 0.00020100502512562814
2023-05-03 15:34:36,957 INFO T:93.01Â°K V:6.8351e+00V I:2.0101e-04A R:3.4005e+04ğ›€ E:2.1096e+02V/cm J:8.7967e-03A/cm2 ğ›’:2.3982e+04ğ›€ cm
2023-05-03 15:34:36,980 INFO Measurement at current 0.00021105527638190955
2023-05-03 15:34:37,584 INFO T:93.00Â°K V:6.9227e+00V I:2.1106e-04A R:3.2800e+04ğ›€ E:2.1366e+02V/cm J:9.2366e-03A/cm2 ğ›’:2.3132e+04ğ›€ cm
2023-05-03 15:34:37,602 INFO Measurement at current 0.00022110552763819096
2023-05-03 15:34:38,208 INFO T:92.99Â°K V:7.0983e+00V I:2.2111e-04A R:3.2104e+04ğ›€ E:2.1908e+02V/cm J:9.6764e-03A/cm2 ğ›’:2.2641e+04ğ›€ cm
2023-05-03 15:34:38,231 INFO Measurement at current 0.00023115577889447236
2023-05-03 15:34:38,826 INFO T:92.98Â°K V:7.1081e+00V I:2.3116e-04A R:3.0750e+04ğ›€ E:2.1938e+02V/cm J:1.0116e-02A/cm2 ğ›’:2.1686e+04ğ›€ cm
2023-05-03 15:34:38,845 INFO Measurement at current 0.0002412060301507538
2023-05-03 15:34:39,434 INFO T:92.97Â°K V:7.0560e+00V I:2.4121e-04A R:2.9253e+04ğ›€ E:2.1778e+02V/cm J:1.0556e-02A/cm2 ğ›’:2.0631e+04ğ›€ cm
2023-05-03 15:34:39,452 INFO Measurement at current 0.0002512562814070352
2023-05-03 15:34:40,035 INFO T:92.96Â°K V:7.0105e+00V I:2.5126e-04A R:2.7902e+04ğ›€ E:2.1637e+02V/cm J:1.0996e-02A/cm2 ğ›’:1.9678e+04ğ›€ cm
2023-05-03 15:34:40,052 INFO Measurement at current 0.0002613065326633166
2023-05-03 15:34:40,652 INFO T:92.96Â°K V:7.0933e+00V I:2.6131e-04A R:2.7145e+04ğ›€ E:2.1893e+02V/cm J:1.1436e-02A/cm2 ğ›’:1.9144e+04ğ›€ cm
2023-05-03 15:34:40,675 INFO Measurement at current 0.000271356783919598
2023-05-03 15:34:41,276 INFO T:92.95Â°K V:7.0830e+00V I:2.7136e-04A R:2.6102e+04ğ›€ E:2.1861e+02V/cm J:1.1876e-02A/cm2 ğ›’:1.8409e+04ğ›€ cm
2023-05-03 15:34:41,307 INFO Measurement at current 0.0002814070351758794
2023-05-03 15:34:41,904 INFO T:92.94Â°K V:7.0078e+00V I:2.8141e-04A R:2.4903e+04ğ›€ E:2.1629e+02V/cm J:1.2315e-02A/cm2 ğ›’:1.7562e+04ğ›€ cm
2023-05-03 15:34:41,924 INFO Measurement at current 0.0002914572864321608
2023-05-03 15:34:42,526 INFO T:92.93Â°K V:6.9969e+00V I:2.9146e-04A R:2.4007e+04ğ›€ E:2.1595e+02V/cm J:1.2755e-02A/cm2 ğ›’:1.6931e+04ğ›€ cm
2023-05-03 15:34:42,545 INFO Measurement at current 0.00030150753768844223
2023-05-03 15:34:43,169 INFO T:92.92Â°K V:6.9905e+00V I:3.0151e-04A R:2.3185e+04ğ›€ E:2.1576e+02V/cm J:1.3195e-02A/cm2 ğ›’:1.6351e+04ğ›€ cm
2023-05-03 15:34:43,194 INFO Measurement at current 0.00031155778894472364
2023-05-03 15:34:43,785 INFO T:92.91Â°K V:7.1164e+00V I:3.1156e-04A R:2.2841e+04ğ›€ E:2.1964e+02V/cm J:1.3635e-02A/cm2 ğ›’:1.6109e+04ğ›€ cm
2023-05-03 15:34:43,806 INFO Measurement at current 0.00032160804020100504
2023-05-03 15:34:44,399 INFO T:92.90Â°K V:7.1868e+00V I:3.2161e-04A R:2.2346e+04ğ›€ E:2.2181e+02V/cm J:1.4075e-02A/cm2 ğ›’:1.5760e+04ğ›€ cm
2023-05-03 15:34:44,429 INFO Measurement at current 0.00033165829145728645
2023-05-03 15:34:45,017 INFO T:92.89Â°K V:7.0706e+00V I:3.3166e-04A R:2.1319e+04ğ›€ E:2.1823e+02V/cm J:1.4515e-02A/cm2 ğ›’:1.5035e+04ğ›€ cm
2023-05-03 15:34:45,043 INFO Measurement at current 0.00034170854271356785
2023-05-03 15:34:45,650 INFO T:92.89Â°K V:7.0019e+00V I:3.4171e-04A R:2.0491e+04ğ›€ E:2.1611e+02V/cm J:1.4954e-02A/cm2 ğ›’:1.4451e+04ğ›€ cm
2023-05-03 15:34:45,680 INFO Measurement at current 0.00035175879396984926
2023-05-03 15:34:46,268 INFO T:92.88Â°K V:6.9578e+00V I:3.5176e-04A R:1.9780e+04ğ›€ E:2.1475e+02V/cm J:1.5394e-02A/cm2 ğ›’:1.3950e+04ğ›€ cm
2023-05-03 15:34:46,297 INFO Measurement at current 0.00036180904522613067
2023-05-03 15:34:46,890 INFO T:92.87Â°K V:6.9796e+00V I:3.6181e-04A R:1.9291e+04ğ›€ E:2.1542e+02V/cm J:1.5834e-02A/cm2 ğ›’:1.3605e+04ğ›€ cm
2023-05-03 15:34:46,905 INFO Measurement at current 0.00037185929648241207
2023-05-03 15:34:47,494 INFO T:92.86Â°K V:7.0325e+00V I:3.7186e-04A R:1.8912e+04ğ›€ E:2.1705e+02V/cm J:1.6274e-02A/cm2 ğ›’:1.3337e+04ğ›€ cm
2023-05-03 15:34:47,523 INFO Measurement at current 0.0003819095477386935
2023-05-03 15:34:48,121 INFO T:92.85Â°K V:6.9908e+00V I:3.8191e-04A R:1.8305e+04ğ›€ E:2.1576e+02V/cm J:1.6714e-02A/cm2 ğ›’:1.2909e+04ğ›€ cm
2023-05-03 15:34:48,146 INFO Measurement at current 0.0003919597989949749
2023-05-03 15:34:48,742 INFO T:92.84Â°K V:6.9348e+00V I:3.9196e-04A R:1.7693e+04ğ›€ E:2.1404e+02V/cm J:1.7154e-02A/cm2 ğ›’:1.2478e+04ğ›€ cm
2023-05-03 15:34:48,776 INFO Measurement at current 0.0004020100502512563
2023-05-03 15:34:49,380 INFO T:92.83Â°K V:6.8514e+00V I:4.0201e-04A R:1.7043e+04ğ›€ E:2.1146e+02V/cm J:1.7593e-02A/cm2 ğ›’:1.2019e+04ğ›€ cm
2023-05-03 15:34:49,398 INFO Measurement at current 0.0004120603015075377
2023-05-03 15:34:49,994 INFO T:92.83Â°K V:6.9130e+00V I:4.1206e-04A R:1.6777e+04ğ›€ E:2.1336e+02V/cm J:1.8033e-02A/cm2 ğ›’:1.1832e+04ğ›€ cm
2023-05-03 15:34:50,016 INFO Measurement at current 0.0004221105527638191
2023-05-03 15:34:50,613 INFO T:92.82Â°K V:6.9982e+00V I:4.2211e-04A R:1.6579e+04ğ›€ E:2.1599e+02V/cm J:1.8473e-02A/cm2 ğ›’:1.1692e+04ğ›€ cm
2023-05-03 15:34:50,644 INFO Measurement at current 0.0004321608040201005
2023-05-03 15:34:51,244 INFO T:92.81Â°K V:6.8920e+00V I:4.3216e-04A R:1.5948e+04ğ›€ E:2.1272e+02V/cm J:1.8913e-02A/cm2 ğ›’:1.1247e+04ğ›€ cm
2023-05-03 15:34:51,269 INFO Measurement at current 0.0004422110552763819
2023-05-03 15:34:51,857 INFO T:92.80Â°K V:6.8164e+00V I:4.4221e-04A R:1.5414e+04ğ›€ E:2.1038e+02V/cm J:1.9353e-02A/cm2 ğ›’:1.0871e+04ğ›€ cm
2023-05-03 15:34:51,876 INFO Measurement at current 0.0004522613065326633
2023-05-03 15:34:52,470 INFO T:92.79Â°K V:6.7542e+00V I:4.5226e-04A R:1.4934e+04ğ›€ E:2.0846e+02V/cm J:1.9793e-02A/cm2 ğ›’:1.0532e+04ğ›€ cm
2023-05-03 15:34:52,486 INFO Measurement at current 0.0004623115577889447
2023-05-03 15:34:53,078 INFO T:92.78Â°K V:6.7600e+00V I:4.6231e-04A R:1.4622e+04ğ›€ E:2.0864e+02V/cm J:2.0232e-02A/cm2 ğ›’:1.0312e+04ğ›€ cm
2023-05-03 15:34:53,101 INFO Measurement at current 0.00047236180904522613
2023-05-03 15:34:53,705 INFO T:92.77Â°K V:6.7605e+00V I:4.7236e-04A R:1.4312e+04ğ›€ E:2.0866e+02V/cm J:2.0672e-02A/cm2 ğ›’:1.0094e+04ğ›€ cm
2023-05-03 15:34:53,724 INFO Measurement at current 0.0004824120603015076
2023-05-03 15:34:54,332 INFO T:92.77Â°K V:6.6890e+00V I:4.8241e-04A R:1.3866e+04ğ›€ E:2.0645e+02V/cm J:2.1112e-02A/cm2 ğ›’:9.7787e+03ğ›€ cm
2023-05-03 15:34:54,348 INFO Measurement at current 0.0004924623115577889
2023-05-03 15:34:54,947 INFO T:92.76Â°K V:6.6280e+00V I:4.9246e-04A R:1.3459e+04ğ›€ E:2.0457e+02V/cm J:2.1552e-02A/cm2 ğ›’:9.4918e+03ğ›€ cm
2023-05-03 15:34:54,973 INFO Measurement at current 0.0005025125628140704
2023-05-03 15:34:55,562 INFO T:92.75Â°K V:6.6140e+00V I:5.0251e-04A R:1.3162e+04ğ›€ E:2.0414e+02V/cm J:2.1992e-02A/cm2 ğ›’:9.2824e+03ğ›€ cm
2023-05-03 15:34:55,596 INFO Measurement at current 0.0005125628140703518
2023-05-03 15:34:56,190 INFO T:92.74Â°K V:6.6629e+00V I:5.1256e-04A R:1.2999e+04ğ›€ E:2.0565e+02V/cm J:2.2432e-02A/cm2 ğ›’:9.1677e+03ğ›€ cm
2023-05-03 15:34:56,213 INFO Measurement at current 0.0005226130653266332
2023-05-03 15:34:56,813 INFO T:92.73Â°K V:6.6757e+00V I:5.2261e-04A R:1.2774e+04ğ›€ E:2.0604e+02V/cm J:2.2871e-02A/cm2 ğ›’:9.0086e+03ğ›€ cm
2023-05-03 15:34:56,832 INFO Measurement at current 0.0005326633165829146
2023-05-03 15:34:57,432 INFO T:92.72Â°K V:6.6042e+00V I:5.3266e-04A R:1.2398e+04ğ›€ E:2.0383e+02V/cm J:2.3311e-02A/cm2 ğ›’:8.7440e+03ğ›€ cm
2023-05-03 15:34:57,451 INFO Measurement at current 0.000542713567839196
2023-05-03 15:34:58,046 INFO T:92.72Â°K V:6.5314e+00V I:5.4271e-04A R:1.2035e+04ğ›€ E:2.0158e+02V/cm J:2.3751e-02A/cm2 ğ›’:8.4874e+03ğ›€ cm
2023-05-03 15:34:58,064 INFO Measurement at current 0.0005527638190954774
2023-05-03 15:34:58,653 INFO T:92.71Â°K V:6.6195e+00V I:5.5276e-04A R:1.1975e+04ğ›€ E:2.0431e+02V/cm J:2.4191e-02A/cm2 ğ›’:8.4456e+03ğ›€ cm
2023-05-03 15:34:58,691 INFO Measurement at current 0.0005628140703517588
2023-05-03 15:34:59,286 INFO T:92.70Â°K V:6.5671e+00V I:5.6281e-04A R:1.1668e+04ğ›€ E:2.0269e+02V/cm J:2.4631e-02A/cm2 ğ›’:8.2291e+03ğ›€ cm
2023-05-03 15:34:59,336 INFO Measurement at current 0.0005728643216080402
2023-05-03 15:34:59,934 INFO T:92.69Â°K V:6.4656e+00V I:5.7286e-04A R:1.1287e+04ğ›€ E:1.9956e+02V/cm J:2.5071e-02A/cm2 ğ›’:7.9598e+03ğ›€ cm
2023-05-03 15:34:59,951 INFO Measurement at current 0.0005829145728643216
2023-05-03 15:35:00,561 INFO T:92.68Â°K V:6.4459e+00V I:5.8291e-04A R:1.1058e+04ğ›€ E:1.9895e+02V/cm J:2.5510e-02A/cm2 ğ›’:7.7986e+03ğ›€ cm
2023-05-03 15:35:00,580 INFO Measurement at current 0.000592964824120603
2023-05-03 15:35:01,172 INFO T:92.67Â°K V:6.5696e+00V I:5.9296e-04A R:1.1079e+04ğ›€ E:2.0276e+02V/cm J:2.5950e-02A/cm2 ğ›’:7.8136e+03ğ›€ cm
2023-05-03 15:35:01,187 INFO Measurement at current 0.0006030150753768845
2023-05-03 15:35:01,778 INFO T:92.67Â°K V:6.4985e+00V I:6.0302e-04A R:1.0777e+04ğ›€ E:2.0057e+02V/cm J:2.6390e-02A/cm2 ğ›’:7.6002e+03ğ›€ cm
2023-05-03 15:35:01,796 INFO Measurement at current 0.0006130653266331658
2023-05-03 15:35:02,389 INFO T:92.66Â°K V:6.4069e+00V I:6.1307e-04A R:1.0451e+04ğ›€ E:1.9774e+02V/cm J:2.6830e-02A/cm2 ğ›’:7.3702e+03ğ›€ cm
2023-05-03 15:35:02,409 INFO Measurement at current 0.0006231155778894473
2023-05-03 15:35:03,001 INFO T:92.65Â°K V:6.3571e+00V I:6.2312e-04A R:1.0202e+04ğ›€ E:1.9621e+02V/cm J:2.7270e-02A/cm2 ğ›’:7.1950e+03ğ›€ cm
2023-05-03 15:35:03,028 INFO Measurement at current 0.0006331658291457286
2023-05-03 15:35:03,624 INFO T:92.64Â°K V:6.3793e+00V I:6.3317e-04A R:1.0075e+04ğ›€ E:1.9689e+02V/cm J:2.7710e-02A/cm2 ğ›’:7.1055e+03ğ›€ cm
2023-05-03 15:35:03,642 INFO Measurement at current 0.0006432160804020101
2023-05-03 15:35:04,226 INFO T:92.63Â°K V:6.3226e+00V I:6.4322e-04A R:9.8296e+03ğ›€ E:1.9514e+02V/cm J:2.8150e-02A/cm2 ğ›’:6.9323e+03ğ›€ cm
2023-05-03 15:35:04,242 INFO Measurement at current 0.0006532663316582915
2023-05-03 15:35:04,827 INFO T:92.62Â°K V:6.2720e+00V I:6.5327e-04A R:9.6010e+03ğ›€ E:1.9358e+02V/cm J:2.8589e-02A/cm2 ğ›’:6.7711e+03ğ›€ cm
2023-05-03 15:35:04,842 INFO Measurement at current 0.0006633165829145729
2023-05-03 15:35:05,425 INFO T:92.62Â°K V:6.2826e+00V I:6.6332e-04A R:9.4716e+03ğ›€ E:1.9391e+02V/cm J:2.9029e-02A/cm2 ğ›’:6.6798e+03ğ›€ cm
2023-05-03 15:35:05,441 INFO Measurement at current 0.0006733668341708544
2023-05-03 15:35:06,029 INFO T:92.61Â°K V:6.2550e+00V I:6.7337e-04A R:9.2891e+03ğ›€ E:1.9306e+02V/cm J:2.9469e-02A/cm2 ğ›’:6.5511e+03ğ›€ cm
2023-05-03 15:35:06,053 INFO Measurement at current 0.0006834170854271357
2023-05-03 15:35:06,651 INFO T:92.60Â°K V:6.3053e+00V I:6.8342e-04A R:9.2261e+03ğ›€ E:1.9461e+02V/cm J:2.9909e-02A/cm2 ğ›’:6.5067e+03ğ›€ cm
2023-05-03 15:35:06,677 INFO Measurement at current 0.0006934673366834172
2023-05-03 15:35:07,268 INFO T:92.59Â°K V:6.3437e+00V I:6.9347e-04A R:9.1478e+03ğ›€ E:1.9579e+02V/cm J:3.0349e-02A/cm2 ğ›’:6.4515e+03ğ›€ cm
2023-05-03 15:35:07,306 INFO Measurement at current 0.0007035175879396985
2023-05-03 15:35:07,899 INFO T:92.58Â°K V:6.3332e+00V I:7.0352e-04A R:9.0022e+03ğ›€ E:1.9547e+02V/cm J:3.0789e-02A/cm2 ğ›’:6.3488e+03ğ›€ cm
2023-05-03 15:35:07,917 INFO Measurement at current 0.00071356783919598
2023-05-03 15:35:08,504 INFO T:92.57Â°K V:6.2021e+00V I:7.1357e-04A R:8.6917e+03ğ›€ E:1.9142e+02V/cm J:3.1228e-02A/cm2 ğ›’:6.1298e+03ğ›€ cm
2023-05-03 15:35:08,522 INFO Measurement at current 0.0007236180904522613
2023-05-03 15:35:09,119 INFO T:92.57Â°K V:6.1297e+00V I:7.2362e-04A R:8.4710e+03ğ›€ E:1.8919e+02V/cm J:3.1668e-02A/cm2 ğ›’:5.9741e+03ğ›€ cm
2023-05-03 15:35:09,137 INFO Measurement at current 0.0007336683417085428
2023-05-03 15:35:09,728 INFO T:92.56Â°K V:6.1775e+00V I:7.3367e-04A R:8.4200e+03ğ›€ E:1.9066e+02V/cm J:3.2108e-02A/cm2 ğ›’:5.9382e+03ğ›€ cm
2023-05-03 15:35:09,759 INFO Measurement at current 0.0007437185929648241
2023-05-03 15:35:10,352 INFO T:92.55Â°K V:6.1686e+00V I:7.4372e-04A R:8.2943e+03ğ›€ E:1.9039e+02V/cm J:3.2548e-02A/cm2 ğ›’:5.8495e+03ğ›€ cm
2023-05-03 15:35:10,380 INFO Measurement at current 0.0007537688442211056
2023-05-03 15:35:10,979 INFO T:92.54Â°K V:6.1148e+00V I:7.5377e-04A R:8.1123e+03ğ›€ E:1.8873e+02V/cm J:3.2988e-02A/cm2 ğ›’:5.7212e+03ğ›€ cm
2023-05-03 15:35:10,998 INFO Measurement at current 0.000763819095477387
2023-05-03 15:35:11,584 INFO T:92.53Â°K V:6.0254e+00V I:7.6382e-04A R:7.8885e+03ğ›€ E:1.8597e+02V/cm J:3.3428e-02A/cm2 ğ›’:5.5633e+03ğ›€ cm
2023-05-03 15:35:11,607 INFO Measurement at current 0.0007738693467336684
2023-05-03 15:35:12,209 INFO T:92.52Â°K V:6.0192e+00V I:7.7387e-04A R:7.7780e+03ğ›€ E:1.8578e+02V/cm J:3.3867e-02A/cm2 ğ›’:5.4854e+03ğ›€ cm
2023-05-03 15:35:12,237 INFO Measurement at current 0.0007839195979899498
2023-05-03 15:35:12,833 INFO T:92.52Â°K V:6.0458e+00V I:7.8392e-04A R:7.7123e+03ğ›€ E:1.8660e+02V/cm J:3.4307e-02A/cm2 ğ›’:5.4391e+03ğ›€ cm
2023-05-03 15:35:12,852 INFO Measurement at current 0.0007939698492462312
2023-05-03 15:35:13,440 INFO T:92.51Â°K V:6.0507e+00V I:7.9397e-04A R:7.6209e+03ğ›€ E:1.8675e+02V/cm J:3.4747e-02A/cm2 ğ›’:5.3746e+03ğ›€ cm
2023-05-03 15:35:13,457 INFO Measurement at current 0.0008040201005025126
2023-05-03 15:35:14,051 INFO T:92.50Â°K V:5.9909e+00V I:8.0402e-04A R:7.4512e+03ğ›€ E:1.8490e+02V/cm J:3.5187e-02A/cm2 ğ›’:5.2549e+03ğ›€ cm
2023-05-03 15:35:14,071 INFO Measurement at current 0.000814070351758794
2023-05-03 15:35:14,661 INFO T:92.49Â°K V:5.9240e+00V I:8.1407e-04A R:7.2770e+03ğ›€ E:1.8284e+02V/cm J:3.5627e-02A/cm2 ğ›’:5.1321e+03ğ›€ cm
2023-05-03 15:35:14,679 INFO Measurement at current 0.0008241206030150754
2023-05-03 15:35:15,285 INFO T:92.48Â°K V:5.9144e+00V I:8.2412e-04A R:7.1766e+03ğ›€ E:1.8254e+02V/cm J:3.6067e-02A/cm2 ğ›’:5.0612e+03ğ›€ cm
2023-05-03 15:35:15,310 INFO Measurement at current 0.0008341708542713569
2023-05-03 15:35:15,903 INFO T:92.48Â°K V:5.9908e+00V I:8.3417e-04A R:7.1818e+03ğ›€ E:1.8490e+02V/cm J:3.6506e-02A/cm2 ğ›’:5.0649e+03ğ›€ cm
2023-05-03 15:35:15,920 INFO Measurement at current 0.0008442211055276382
2023-05-03 15:35:16,530 INFO T:92.47Â°K V:6.0344e+00V I:8.4422e-04A R:7.1479e+03ğ›€ E:1.8625e+02V/cm J:3.6946e-02A/cm2 ğ›’:5.0410e+03ğ›€ cm
2023-05-03 15:35:16,553 INFO Measurement at current 0.0008542713567839197
2023-05-03 15:35:17,147 INFO T:92.46Â°K V:5.9409e+00V I:8.5427e-04A R:6.9543e+03ğ›€ E:1.8336e+02V/cm J:3.7386e-02A/cm2 ğ›’:4.9045e+03ğ›€ cm
2023-05-03 15:35:17,178 INFO Measurement at current 0.000864321608040201
2023-05-03 15:35:17,773 INFO T:92.45Â°K V:5.8525e+00V I:8.6432e-04A R:6.7712e+03ğ›€ E:1.8063e+02V/cm J:3.7826e-02A/cm2 ğ›’:4.7754e+03ğ›€ cm
2023-05-03 15:35:17,801 INFO Measurement at current 0.0008743718592964825
2023-05-03 15:35:18,401 INFO T:92.44Â°K V:5.8697e+00V I:8.7437e-04A R:6.7130e+03ğ›€ E:1.8116e+02V/cm J:3.8266e-02A/cm2 ğ›’:4.7344e+03ğ›€ cm
2023-05-03 15:35:18,422 INFO Measurement at current 0.0008844221105527638
2023-05-03 15:35:19,008 INFO T:92.43Â°K V:5.9259e+00V I:8.8442e-04A R:6.7003e+03ğ›€ E:1.8290e+02V/cm J:3.8706e-02A/cm2 ğ›’:4.7254e+03ğ›€ cm
2023-05-03 15:35:19,026 INFO Measurement at current 0.0008944723618090453
2023-05-03 15:35:19,618 INFO T:92.43Â°K V:5.9001e+00V I:8.9447e-04A R:6.5962e+03ğ›€ E:1.8210e+02V/cm J:3.9145e-02A/cm2 ğ›’:4.6520e+03ğ›€ cm
2023-05-03 15:35:19,635 INFO Measurement at current 0.0009045226130653266
2023-05-03 15:35:20,234 INFO T:92.42Â°K V:5.8286e+00V I:9.0452e-04A R:6.4438e+03ğ›€ E:1.7990e+02V/cm J:3.9585e-02A/cm2 ğ›’:4.5445e+03ğ›€ cm
2023-05-03 15:35:20,256 INFO Measurement at current 0.0009145728643216081
2023-05-03 15:35:20,866 INFO T:92.41Â°K V:5.7593e+00V I:9.1457e-04A R:6.2973e+03ğ›€ E:1.7776e+02V/cm J:4.0025e-02A/cm2 ğ›’:4.4411e+03ğ›€ cm
2023-05-03 15:35:20,889 INFO Measurement at current 0.0009246231155778894
2023-05-03 15:35:21,487 INFO T:92.40Â°K V:5.7887e+00V I:9.2462e-04A R:6.2606e+03ğ›€ E:1.7866e+02V/cm J:4.0465e-02A/cm2 ğ›’:4.4153e+03ğ›€ cm
2023-05-03 15:35:21,511 INFO Measurement at current 0.0009346733668341709
2023-05-03 15:35:22,106 INFO T:92.39Â°K V:5.7993e+00V I:9.3467e-04A R:6.2046e+03ğ›€ E:1.7899e+02V/cm J:4.0905e-02A/cm2 ğ›’:4.3758e+03ğ›€ cm
2023-05-03 15:35:22,154 INFO Measurement at current 0.0009447236180904523
2023-05-03 15:35:22,741 INFO T:92.39Â°K V:5.8147e+00V I:9.4472e-04A R:6.1549e+03ğ›€ E:1.7946e+02V/cm J:4.1345e-02A/cm2 ğ›’:4.3407e+03ğ›€ cm
2023-05-03 15:35:22,758 INFO Measurement at current 0.0009547738693467337
2023-05-03 15:35:23,355 INFO T:92.38Â°K V:5.7627e+00V I:9.5477e-04A R:6.0357e+03ğ›€ E:1.7786e+02V/cm J:4.1784e-02A/cm2 ğ›’:4.2566e+03ğ›€ cm
2023-05-03 15:35:23,387 INFO Measurement at current 0.0009648241206030152
2023-05-03 15:35:23,973 INFO T:92.37Â°K V:5.6707e+00V I:9.6482e-04A R:5.8774e+03ğ›€ E:1.7502e+02V/cm J:4.2224e-02A/cm2 ğ›’:4.1450e+03ğ›€ cm
2023-05-03 15:35:23,990 INFO Measurement at current 0.0009748743718592965
2023-05-03 15:35:24,606 INFO T:92.36Â°K V:5.6465e+00V I:9.7487e-04A R:5.7920e+03ğ›€ E:1.7427e+02V/cm J:4.2664e-02A/cm2 ğ›’:4.0848e+03ğ›€ cm
2023-05-03 15:35:24,628 INFO Measurement at current 0.0009849246231155779
2023-05-03 15:35:25,215 INFO T:92.35Â°K V:5.6338e+00V I:9.8492e-04A R:5.7200e+03ğ›€ E:1.7388e+02V/cm J:4.3104e-02A/cm2 ğ›’:4.0340e+03ğ›€ cm
2023-05-03 15:35:25,233 INFO Measurement at current 0.0009949748743718595
2023-05-03 15:35:25,839 INFO T:92.34Â°K V:5.6162e+00V I:9.9497e-04A R:5.6445e+03ğ›€ E:1.7334e+02V/cm J:4.3544e-02A/cm2 ğ›’:3.9808e+03ğ›€ cm
2023-05-03 15:35:25,878 INFO Measurement at current 0.0010050251256281408
2023-05-03 15:35:26,471 INFO T:92.34Â°K V:5.6514e+00V I:1.0050e-03A R:5.6232e+03ğ›€ E:1.7443e+02V/cm J:4.3984e-02A/cm2 ğ›’:3.9657e+03ğ›€ cm
2023-05-03 15:35:26,508 INFO Measurement at current 0.0010150753768844222
2023-05-03 15:35:27,095 INFO T:92.33Â°K V:5.5951e+00V I:1.0151e-03A R:5.5120e+03ğ›€ E:1.7269e+02V/cm J:4.4423e-02A/cm2 ğ›’:3.8873e+03ğ›€ cm
2023-05-03 15:35:27,114 INFO Measurement at current 0.0010251256281407035
2023-05-03 15:35:27,720 INFO T:92.32Â°K V:5.5615e+00V I:1.0251e-03A R:5.4252e+03ğ›€ E:1.7165e+02V/cm J:4.4863e-02A/cm2 ğ›’:3.8261e+03ğ›€ cm
2023-05-03 15:35:27,741 INFO Measurement at current 0.001035175879396985
2023-05-03 15:35:28,327 INFO T:92.31Â°K V:5.5213e+00V I:1.0352e-03A R:5.3337e+03ğ›€ E:1.7041e+02V/cm J:4.5303e-02A/cm2 ğ›’:3.7616e+03ğ›€ cm
2023-05-03 15:35:28,353 INFO Measurement at current 0.0010452261306532664
2023-05-03 15:35:28,944 INFO T:92.30Â°K V:5.5498e+00V I:1.0452e-03A R:5.3096e+03ğ›€ E:1.7129e+02V/cm J:4.5743e-02A/cm2 ğ›’:3.7446e+03ğ›€ cm
2023-05-03 15:35:28,963 INFO Measurement at current 0.0010552763819095478
2023-05-03 15:35:29,558 INFO T:92.30Â°K V:5.5739e+00V I:1.0553e-03A R:5.2819e+03ğ›€ E:1.7203e+02V/cm J:4.6183e-02A/cm2 ğ›’:3.7251e+03ğ›€ cm
2023-05-03 15:35:29,578 INFO Measurement at current 0.0010653266331658291
2023-05-03 15:35:30,171 INFO T:92.29Â°K V:5.4989e+00V I:1.0653e-03A R:5.1617e+03ğ›€ E:1.6972e+02V/cm J:4.6623e-02A/cm2 ğ›’:3.6403e+03ğ›€ cm
2023-05-03 15:35:30,195 INFO Measurement at current 0.0010753768844221107
2023-05-03 15:35:30,795 INFO T:92.28Â°K V:5.4665e+00V I:1.0754e-03A R:5.0833e+03ğ›€ E:1.6872e+02V/cm J:4.7062e-02A/cm2 ğ›’:3.5850e+03ğ›€ cm
2023-05-03 15:35:30,824 INFO Measurement at current 0.001085427135678392
2023-05-03 15:35:31,412 INFO T:92.27Â°K V:5.5012e+00V I:1.0854e-03A R:5.0682e+03ğ›€ E:1.6979e+02V/cm J:4.7502e-02A/cm2 ğ›’:3.5744e+03ğ›€ cm
2023-05-03 15:35:31,431 INFO Measurement at current 0.0010954773869346734
2023-05-03 15:35:32,016 INFO T:92.26Â°K V:5.4906e+00V I:1.0955e-03A R:5.0121e+03ğ›€ E:1.6946e+02V/cm J:4.7942e-02A/cm2 ğ›’:3.5348e+03ğ›€ cm
2023-05-03 15:35:32,043 INFO Measurement at current 0.0011055276381909548
2023-05-03 15:35:32,659 INFO T:92.26Â°K V:5.4404e+00V I:1.1055e-03A R:4.9211e+03ğ›€ E:1.6791e+02V/cm J:4.8382e-02A/cm2 ğ›’:3.4706e+03ğ›€ cm
2023-05-03 15:35:32,685 INFO Measurement at current 0.0011155778894472363
2023-05-03 15:35:33,284 INFO T:92.25Â°K V:5.3858e+00V I:1.1156e-03A R:4.8278e+03ğ›€ E:1.6623e+02V/cm J:4.8822e-02A/cm2 ğ›’:3.4048e+03ğ›€ cm
2023-05-03 15:35:33,305 INFO Measurement at current 0.0011256281407035177
2023-05-03 15:35:33,894 INFO T:92.24Â°K V:5.4446e+00V I:1.1256e-03A R:4.8370e+03ğ›€ E:1.6804e+02V/cm J:4.9262e-02A/cm2 ğ›’:3.4113e+03ğ›€ cm
2023-05-03 15:35:33,911 INFO Measurement at current 0.001135678391959799
2023-05-03 15:35:34,493 INFO T:92.23Â°K V:5.4095e+00V I:1.1357e-03A R:4.7633e+03ğ›€ E:1.6696e+02V/cm J:4.9701e-02A/cm2 ğ›’:3.3593e+03ğ›€ cm
2023-05-03 15:35:34,506 INFO Measurement at current 0.0011457286432160804
2023-05-03 15:35:35,089 INFO T:92.22Â°K V:5.3804e+00V I:1.1457e-03A R:4.6961e+03ğ›€ E:1.6606e+02V/cm J:5.0141e-02A/cm2 ğ›’:3.3119e+03ğ›€ cm
2023-05-03 15:35:35,105 INFO Measurement at current 0.001155778894472362
2023-05-03 15:35:35,692 INFO T:92.22Â°K V:5.3380e+00V I:1.1558e-03A R:4.6185e+03ğ›€ E:1.6475e+02V/cm J:5.0581e-02A/cm2 ğ›’:3.2572e+03ğ›€ cm
2023-05-03 15:35:35,708 INFO Measurement at current 0.0011658291457286433
2023-05-03 15:35:36,294 INFO T:92.21Â°K V:5.3689e+00V I:1.1658e-03A R:4.6052e+03ğ›€ E:1.6571e+02V/cm J:5.1021e-02A/cm2 ğ›’:3.2478e+03ğ›€ cm
2023-05-03 15:35:36,310 INFO Measurement at current 0.0011758793969849247
2023-05-03 15:35:36,896 INFO T:92.20Â°K V:5.4067e+00V I:1.1759e-03A R:4.5980e+03ğ›€ E:1.6687e+02V/cm J:5.1461e-02A/cm2 ğ›’:3.2428e+03ğ›€ cm
2023-05-03 15:35:36,919 INFO Measurement at current 0.001185929648241206
2023-05-03 15:35:37,503 INFO T:92.19Â°K V:5.3795e+00V I:1.1859e-03A R:4.5361e+03ğ›€ E:1.6604e+02V/cm J:5.1901e-02A/cm2 ğ›’:3.1991e+03ğ›€ cm
2023-05-03 15:35:37,520 INFO Measurement at current 0.0011959798994974876
2023-05-03 15:35:38,102 INFO T:92.19Â°K V:5.2910e+00V I:1.1960e-03A R:4.4240e+03ğ›€ E:1.6330e+02V/cm J:5.2340e-02A/cm2 ğ›’:3.1200e+03ğ›€ cm
2023-05-03 15:35:38,115 INFO Measurement at current 0.001206030150753769
2023-05-03 15:35:38,714 INFO T:92.18Â°K V:5.2638e+00V I:1.2060e-03A R:4.3646e+03ğ›€ E:1.6246e+02V/cm J:5.2780e-02A/cm2 ğ›’:3.0781e+03ğ›€ cm
2023-05-03 15:35:38,728 INFO Measurement at current 0.0012160804020100503
2023-05-03 15:35:39,316 INFO T:92.17Â°K V:5.3457e+00V I:1.2161e-03A R:4.3959e+03ğ›€ E:1.6499e+02V/cm J:5.3220e-02A/cm2 ğ›’:3.1002e+03ğ›€ cm
2023-05-03 15:35:39,333 INFO Measurement at current 0.0012261306532663316
2023-05-03 15:35:39,921 INFO T:92.16Â°K V:5.3541e+00V I:1.2261e-03A R:4.3666e+03ğ›€ E:1.6525e+02V/cm J:5.3660e-02A/cm2 ğ›’:3.0796e+03ğ›€ cm
2023-05-03 15:35:39,934 INFO Measurement at current 0.0012361809045226132
2023-05-03 15:35:40,517 INFO T:92.15Â°K V:5.3418e+00V I:1.2362e-03A R:4.3212e+03ğ›€ E:1.6487e+02V/cm J:5.4100e-02A/cm2 ğ›’:3.0475e+03ğ›€ cm
2023-05-03 15:35:40,532 INFO Measurement at current 0.0012462311557788945
2023-05-03 15:35:41,117 INFO T:92.15Â°K V:5.2232e+00V I:1.2462e-03A R:4.1912e+03ğ›€ E:1.6121e+02V/cm J:5.4540e-02A/cm2 ğ›’:2.9558e+03ğ›€ cm
2023-05-03 15:35:41,133 INFO Measurement at current 0.001256281407035176
2023-05-03 15:35:41,718 INFO T:92.14Â°K V:5.2089e+00V I:1.2563e-03A R:4.1463e+03ğ›€ E:1.6077e+02V/cm J:5.4979e-02A/cm2 ğ›’:2.9241e+03ğ›€ cm
2023-05-03 15:35:41,733 INFO Measurement at current 0.0012663316582914572
2023-05-03 15:35:42,317 INFO T:92.13Â°K V:5.2137e+00V I:1.2663e-03A R:4.1172e+03ğ›€ E:1.6092e+02V/cm J:5.5419e-02A/cm2 ğ›’:2.9036e+03ğ›€ cm
2023-05-03 15:35:42,332 INFO Measurement at current 0.0012763819095477388
2023-05-03 15:35:42,915 INFO T:92.12Â°K V:5.2016e+00V I:1.2764e-03A R:4.0753e+03ğ›€ E:1.6054e+02V/cm J:5.5859e-02A/cm2 ğ›’:2.8741e+03ğ›€ cm
2023-05-03 15:35:42,931 INFO Measurement at current 0.0012864321608040202
2023-05-03 15:35:43,518 INFO T:92.12Â°K V:5.1808e+00V I:1.2864e-03A R:4.0273e+03ğ›€ E:1.5990e+02V/cm J:5.6299e-02A/cm2 ğ›’:2.8402e+03ğ›€ cm
2023-05-03 15:35:43,532 INFO Measurement at current 0.0012964824120603015
2023-05-03 15:35:44,117 INFO T:92.11Â°K V:5.1494e+00V I:1.2965e-03A R:3.9719e+03ğ›€ E:1.5893e+02V/cm J:5.6739e-02A/cm2 ğ›’:2.8011e+03ğ›€ cm
2023-05-03 15:35:44,135 INFO Measurement at current 0.001306532663316583
2023-05-03 15:35:44,720 INFO T:92.10Â°K V:5.1417e+00V I:1.3065e-03A R:3.9353e+03ğ›€ E:1.5869e+02V/cm J:5.7179e-02A/cm2 ğ›’:2.7754e+03ğ›€ cm
2023-05-03 15:35:44,742 INFO Measurement at current 0.0013165829145728644
2023-05-03 15:35:45,327 INFO T:92.09Â°K V:5.1409e+00V I:1.3166e-03A R:3.9047e+03ğ›€ E:1.5867e+02V/cm J:5.7619e-02A/cm2 ğ›’:2.7538e+03ğ›€ cm
2023-05-03 15:35:45,343 INFO Measurement at current 0.0013266331658291458
2023-05-03 15:35:45,931 INFO T:92.09Â°K V:4.8041e+00V I:1.3266e-03A R:3.6213e+03ğ›€ E:1.4828e+02V/cm J:5.8058e-02A/cm2 ğ›’:2.5539e+03ğ›€ cm
2023-05-03 15:35:45,946 INFO Measurement at current 0.0013366834170854271
2023-05-03 15:35:46,554 INFO T:92.08Â°K V:4.9680e+00V I:1.3367e-03A R:3.7167e+03ğ›€ E:1.5333e+02V/cm J:5.8498e-02A/cm2 ğ›’:2.6212e+03ğ›€ cm
2023-05-03 15:35:46,570 INFO Measurement at current 0.0013467336683417087
2023-05-03 15:35:47,158 INFO T:92.07Â°K V:4.8590e+00V I:1.3467e-03A R:3.6080e+03ğ›€ E:1.4997e+02V/cm J:5.8938e-02A/cm2 ğ›’:2.5445e+03ğ›€ cm
2023-05-03 15:35:47,191 INFO Measurement at current 0.00135678391959799
2023-05-03 15:35:47,784 INFO T:92.06Â°K V:4.8214e+00V I:1.3568e-03A R:3.5535e+03ğ›€ E:1.4881e+02V/cm J:5.9378e-02A/cm2 ğ›’:2.5061e+03ğ›€ cm
2023-05-03 15:35:47,803 INFO Measurement at current 0.0013668341708542714
2023-05-03 15:35:48,393 INFO T:92.05Â°K V:4.7007e+00V I:1.3668e-03A R:3.4391e+03ğ›€ E:1.4508e+02V/cm J:5.9818e-02A/cm2 ğ›’:2.4254e+03ğ›€ cm
2023-05-03 15:35:48,416 INFO Measurement at current 0.0013768844221105528
2023-05-03 15:35:49,024 INFO T:92.05Â°K V:4.7389e+00V I:1.3769e-03A R:3.4418e+03ğ›€ E:1.4626e+02V/cm J:6.0258e-02A/cm2 ğ›’:2.4273e+03ğ›€ cm
2023-05-03 15:35:49,042 INFO Measurement at current 0.0013869346733668343
2023-05-03 15:35:49,631 INFO T:92.04Â°K V:4.9028e+00V I:1.3869e-03A R:3.5350e+03ğ›€ E:1.5132e+02V/cm J:6.0697e-02A/cm2 ğ›’:2.4930e+03ğ›€ cm
2023-05-03 15:35:49,653 INFO Measurement at current 0.0013969849246231157
2023-05-03 15:35:50,261 INFO T:92.03Â°K V:4.6389e+00V I:1.3970e-03A R:3.3207e+03ğ›€ E:1.4318e+02V/cm J:6.1137e-02A/cm2 ğ›’:2.3419e+03ğ›€ cm
2023-05-03 15:35:50,278 INFO Measurement at current 0.001407035175879397
2023-05-03 15:35:50,877 INFO T:92.02Â°K V:4.5943e+00V I:1.4070e-03A R:3.2653e+03ğ›€ E:1.4180e+02V/cm J:6.1577e-02A/cm2 ğ›’:2.3028e+03ğ›€ cm
2023-05-03 15:35:50,913 INFO Measurement at current 0.0014170854271356784
2023-05-03 15:35:51,532 INFO T:92.02Â°K V:4.7614e+00V I:1.4171e-03A R:3.3600e+03ğ›€ E:1.4696e+02V/cm J:6.2017e-02A/cm2 ğ›’:2.3696e+03ğ›€ cm
2023-05-03 15:35:51,569 INFO Measurement at current 0.00142713567839196
2023-05-03 15:35:52,196 INFO T:92.01Â°K V:4.6400e+00V I:1.4271e-03A R:3.2513e+03ğ›€ E:1.4321e+02V/cm J:6.2457e-02A/cm2 ğ›’:2.2930e+03ğ›€ cm
2023-05-03 15:35:52,240 INFO Measurement at current 0.0014371859296482413
2023-05-03 15:35:52,830 INFO T:92.00Â°K V:4.7329e+00V I:1.4372e-03A R:3.2932e+03ğ›€ E:1.4608e+02V/cm J:6.2897e-02A/cm2 ğ›’:2.3225e+03ğ›€ cm
2023-05-03 15:35:52,846 INFO Measurement at current 0.0014472361809045227
2023-05-03 15:35:53,434 INFO T:91.99Â°K V:4.5468e+00V I:1.4472e-03A R:3.1417e+03ğ›€ E:1.4033e+02V/cm J:6.3336e-02A/cm2 ğ›’:2.2157e+03ğ›€ cm
2023-05-03 15:35:53,452 INFO Measurement at current 0.001457286432160804
2023-05-03 15:35:54,052 INFO T:91.98Â°K V:4.5683e+00V I:1.4573e-03A R:3.1348e+03ğ›€ E:1.4100e+02V/cm J:6.3776e-02A/cm2 ğ›’:2.2108e+03ğ›€ cm
2023-05-03 15:35:54,068 INFO Measurement at current 0.0014673366834170856
2023-05-03 15:35:54,654 INFO T:91.98Â°K V:4.4454e+00V I:1.4673e-03A R:3.0296e+03ğ›€ E:1.3720e+02V/cm J:6.4216e-02A/cm2 ğ›’:2.1366e+03ğ›€ cm
2023-05-03 15:35:54,670 INFO Measurement at current 0.001477386934673367
2023-05-03 15:35:55,272 INFO T:91.97Â°K V:4.4944e+00V I:1.4774e-03A R:3.0421e+03ğ›€ E:1.3872e+02V/cm J:6.4656e-02A/cm2 ğ›’:2.1454e+03ğ›€ cm
2023-05-03 15:35:55,306 INFO Measurement at current 0.0014874371859296483
2023-05-03 15:35:55,896 INFO T:91.96Â°K V:4.6124e+00V I:1.4874e-03A R:3.1009e+03ğ›€ E:1.4236e+02V/cm J:6.5096e-02A/cm2 ğ›’:2.1869e+03ğ›€ cm
2023-05-03 15:35:55,939 INFO Measurement at current 0.0014974874371859296
2023-05-03 15:35:56,537 INFO T:91.95Â°K V:4.3244e+00V I:1.4975e-03A R:2.8878e+03ğ›€ E:1.3347e+02V/cm J:6.5536e-02A/cm2 ğ›’:2.0366e+03ğ›€ cm
2023-05-03 15:35:56,576 INFO Measurement at current 0.0015075376884422112
2023-05-03 15:35:57,170 INFO T:91.94Â°K V:4.3235e+00V I:1.5075e-03A R:2.8679e+03ğ›€ E:1.3344e+02V/cm J:6.5975e-02A/cm2 ğ›’:2.0226e+03ğ›€ cm
2023-05-03 15:35:57,200 INFO Measurement at current 0.0015175879396984926
2023-05-03 15:35:57,798 INFO T:91.94Â°K V:4.2402e+00V I:1.5176e-03A R:2.7941e+03ğ›€ E:1.3087e+02V/cm J:6.6415e-02A/cm2 ğ›’:1.9705e+03ğ›€ cm
2023-05-03 15:35:57,818 INFO Measurement at current 0.001527638190954774
2023-05-03 15:35:58,410 INFO T:91.93Â°K V:4.2262e+00V I:1.5276e-03A R:2.7665e+03ğ›€ E:1.3044e+02V/cm J:6.6855e-02A/cm2 ğ›’:1.9511e+03ğ›€ cm
2023-05-03 15:35:58,435 INFO Measurement at current 0.0015376884422110553
2023-05-03 15:35:59,025 INFO T:91.92Â°K V:4.2942e+00V I:1.5377e-03A R:2.7926e+03ğ›€ E:1.3254e+02V/cm J:6.7295e-02A/cm2 ğ›’:1.9695e+03ğ›€ cm
2023-05-03 15:35:59,057 INFO Measurement at current 0.0015477386934673368
2023-05-03 15:35:59,668 INFO T:91.91Â°K V:4.2813e+00V I:1.5477e-03A R:2.7662e+03ğ›€ E:1.3214e+02V/cm J:6.7735e-02A/cm2 ğ›’:1.9508e+03ğ›€ cm
2023-05-03 15:35:59,705 INFO Measurement at current 0.0015577889447236182
2023-05-03 15:36:00,307 INFO T:91.91Â°K V:4.3081e+00V I:1.5578e-03A R:2.7655e+03ğ›€ E:1.3297e+02V/cm J:6.8175e-02A/cm2 ğ›’:1.9504e+03ğ›€ cm
2023-05-03 15:36:00,324 INFO Measurement at current 0.0015678391959798995
2023-05-03 15:36:00,913 INFO T:91.90Â°K V:4.1936e+00V I:1.5678e-03A R:2.6748e+03ğ›€ E:1.2943e+02V/cm J:6.8614e-02A/cm2 ğ›’:1.8864e+03ğ›€ cm
2023-05-03 15:36:00,929 INFO Measurement at current 0.0015778894472361809
2023-05-03 15:36:01,518 INFO T:91.89Â°K V:4.3317e+00V I:1.5779e-03A R:2.7453e+03ğ›€ E:1.3370e+02V/cm J:6.9054e-02A/cm2 ğ›’:1.9361e+03ğ›€ cm
2023-05-03 15:36:01,535 INFO Measurement at current 0.0015879396984924625
2023-05-03 15:36:02,151 INFO T:91.88Â°K V:4.3916e+00V I:1.5879e-03A R:2.7656e+03ğ›€ E:1.3554e+02V/cm J:6.9494e-02A/cm2 ğ›’:1.9504e+03ğ›€ cm
2023-05-03 15:36:02,168 INFO Measurement at current 0.0015979899497487438
2023-05-03 15:36:02,784 INFO T:91.87Â°K V:4.2559e+00V I:1.5980e-03A R:2.6633e+03ğ›€ E:1.3136e+02V/cm J:6.9934e-02A/cm2 ğ›’:1.8783e+03ğ›€ cm
2023-05-03 15:36:02,800 INFO Measurement at current 0.0016080402010050252
2023-05-03 15:36:03,393 INFO T:91.87Â°K V:4.1282e+00V I:1.6080e-03A R:2.5672e+03ğ›€ E:1.2741e+02V/cm J:7.0374e-02A/cm2 ğ›’:1.8105e+03ğ›€ cm
2023-05-03 15:36:03,412 INFO Measurement at current 0.0016180904522613067
2023-05-03 15:36:04,001 INFO T:91.86Â°K V:4.1198e+00V I:1.6181e-03A R:2.5461e+03ğ›€ E:1.2715e+02V/cm J:7.0814e-02A/cm2 ğ›’:1.7956e+03ğ›€ cm
2023-05-03 15:36:04,022 INFO Measurement at current 0.001628140703517588
2023-05-03 15:36:04,617 INFO T:91.85Â°K V:4.2265e+00V I:1.6281e-03A R:2.5959e+03ğ›€ E:1.3045e+02V/cm J:7.1253e-02A/cm2 ğ›’:1.8307e+03ğ›€ cm
2023-05-03 15:36:04,638 INFO Measurement at current 0.0016381909547738694
2023-05-03 15:36:05,237 INFO T:91.84Â°K V:4.1273e+00V I:1.6382e-03A R:2.5194e+03ğ›€ E:1.2739e+02V/cm J:7.1693e-02A/cm2 ğ›’:1.7768e+03ğ›€ cm
2023-05-03 15:36:05,261 INFO Measurement at current 0.0016482412060301508
2023-05-03 15:36:05,862 INFO T:91.84Â°K V:4.0716e+00V I:1.6482e-03A R:2.4703e+03ğ›€ E:1.2567e+02V/cm J:7.2133e-02A/cm2 ğ›’:1.7422e+03ğ›€ cm
2023-05-03 15:36:05,878 INFO Measurement at current 0.0016582914572864324
2023-05-03 15:36:06,468 INFO T:91.83Â°K V:4.0607e+00V I:1.6583e-03A R:2.4487e+03ğ›€ E:1.2533e+02V/cm J:7.2573e-02A/cm2 ğ›’:1.7269e+03ğ›€ cm
2023-05-03 15:36:06,492 INFO Measurement at current 0.0016683417085427137
2023-05-03 15:36:07,091 INFO T:91.82Â°K V:4.0516e+00V I:1.6683e-03A R:2.4285e+03ğ›€ E:1.2505e+02V/cm J:7.3013e-02A/cm2 ğ›’:1.7127e+03ğ›€ cm
2023-05-03 15:36:07,113 INFO Measurement at current 0.001678391959798995
2023-05-03 15:36:07,694 INFO T:91.81Â°K V:4.1104e+00V I:1.6784e-03A R:2.4490e+03ğ›€ E:1.2687e+02V/cm J:7.3453e-02A/cm2 ğ›’:1.7272e+03ğ›€ cm
2023-05-03 15:36:07,716 INFO Measurement at current 0.0016884422110552764
2023-05-03 15:36:08,307 INFO T:91.81Â°K V:4.0855e+00V I:1.6884e-03A R:2.4197e+03ğ›€ E:1.2610e+02V/cm J:7.3892e-02A/cm2 ğ›’:1.7065e+03ğ›€ cm
2023-05-03 15:36:08,331 INFO Measurement at current 0.001698492462311558
2023-05-03 15:36:08,933 INFO T:91.80Â°K V:4.0869e+00V I:1.6985e-03A R:2.4062e+03ğ›€ E:1.2614e+02V/cm J:7.4332e-02A/cm2 ğ›’:1.6970e+03ğ›€ cm
2023-05-03 15:36:08,971 INFO Measurement at current 0.0017085427135678393
2023-05-03 15:36:09,558 INFO T:91.79Â°K V:4.0474e+00V I:1.7085e-03A R:2.3689e+03ğ›€ E:1.2492e+02V/cm J:7.4772e-02A/cm2 ğ›’:1.6707e+03ğ›€ cm
2023-05-03 15:36:09,578 INFO Measurement at current 0.0017185929648241207
2023-05-03 15:36:10,170 INFO T:91.78Â°K V:4.0042e+00V I:1.7186e-03A R:2.3299e+03ğ›€ E:1.2359e+02V/cm J:7.5212e-02A/cm2 ğ›’:1.6432e+03ğ›€ cm
2023-05-03 15:36:10,198 INFO Measurement at current 0.001728643216080402
2023-05-03 15:36:10,793 INFO T:91.78Â°K V:4.0187e+00V I:1.7286e-03A R:2.3248e+03ğ›€ E:1.2403e+02V/cm J:7.5652e-02A/cm2 ğ›’:1.6395e+03ğ›€ cm
2023-05-03 15:36:10,831 INFO Measurement at current 0.0017386934673366836
2023-05-03 15:36:11,430 INFO T:91.77Â°K V:4.0628e+00V I:1.7387e-03A R:2.3367e+03ğ›€ E:1.2539e+02V/cm J:7.6092e-02A/cm2 ğ›’:1.6479e+03ğ›€ cm
2023-05-03 15:36:11,456 INFO Measurement at current 0.001748743718592965
2023-05-03 15:36:12,059 INFO T:91.76Â°K V:4.0093e+00V I:1.7487e-03A R:2.2927e+03ğ›€ E:1.2374e+02V/cm J:7.6531e-02A/cm2 ğ›’:1.6169e+03ğ›€ cm
2023-05-03 15:36:12,079 INFO Measurement at current 0.0017587939698492463
2023-05-03 15:36:12,666 INFO T:91.75Â°K V:3.9563e+00V I:1.7588e-03A R:2.2495e+03ğ›€ E:1.2211e+02V/cm J:7.6971e-02A/cm2 ğ›’:1.5864e+03ğ›€ cm
2023-05-03 15:36:12,686 INFO Measurement at current 0.0017688442211055277
2023-05-03 15:36:13,290 INFO T:91.75Â°K V:3.9464e+00V I:1.7688e-03A R:2.2311e+03ğ›€ E:1.2180e+02V/cm J:7.7411e-02A/cm2 ğ›’:1.5734e+03ğ›€ cm
2023-05-03 15:36:13,325 INFO Measurement at current 0.0017788944723618092
2023-05-03 15:36:13,932 INFO T:91.74Â°K V:4.0226e+00V I:1.7789e-03A R:2.2613e+03ğ›€ E:1.2416e+02V/cm J:7.7851e-02A/cm2 ğ›’:1.5948e+03ğ›€ cm
2023-05-03 15:36:13,961 INFO Measurement at current 0.0017889447236180906
2023-05-03 15:36:14,560 INFO T:91.73Â°K V:3.9909e+00V I:1.7889e-03A R:2.2309e+03ğ›€ E:1.2318e+02V/cm J:7.8291e-02A/cm2 ğ›’:1.5733e+03ğ›€ cm
2023-05-03 15:36:14,589 INFO Measurement at current 0.001798994974874372
2023-05-03 15:36:15,197 INFO T:91.72Â°K V:3.9533e+00V I:1.7990e-03A R:2.1975e+03ğ›€ E:1.2201e+02V/cm J:7.8731e-02A/cm2 ğ›’:1.5498e+03ğ›€ cm
2023-05-03 15:36:15,220 INFO Measurement at current 0.0018090452261306533
2023-05-03 15:36:15,813 INFO T:91.71Â°K V:3.9207e+00V I:1.8090e-03A R:2.1673e+03ğ›€ E:1.2101e+02V/cm J:7.9170e-02A/cm2 ğ›’:1.5285e+03ğ›€ cm
2023-05-03 15:36:15,839 INFO Measurement at current 0.0018190954773869348
2023-05-03 15:36:16,434 INFO T:91.71Â°K V:3.9401e+00V I:1.8191e-03A R:2.1660e+03ğ›€ E:1.2161e+02V/cm J:7.9610e-02A/cm2 ğ›’:1.5275e+03ğ›€ cm
2023-05-03 15:36:16,451 INFO Measurement at current 0.0018291457286432162
2023-05-03 15:36:17,042 INFO T:91.70Â°K V:3.9986e+00V I:1.8291e-03A R:2.1860e+03ğ›€ E:1.2341e+02V/cm J:8.0050e-02A/cm2 ğ›’:1.5417e+03ğ›€ cm
2023-05-03 15:36:17,060 INFO Measurement at current 0.0018391959798994975
2023-05-03 15:36:17,646 INFO T:91.69Â°K V:4.0015e+00V I:1.8392e-03A R:2.1757e+03ğ›€ E:1.2350e+02V/cm J:8.0490e-02A/cm2 ğ›’:1.5344e+03ğ›€ cm
2023-05-03 15:36:17,686 INFO Measurement at current 0.001849246231155779
2023-05-03 15:36:18,273 INFO T:91.68Â°K V:3.9524e+00V I:1.8492e-03A R:2.1373e+03ğ›€ E:1.2199e+02V/cm J:8.0930e-02A/cm2 ğ›’:1.5073e+03ğ›€ cm
2023-05-03 15:36:18,292 INFO Measurement at current 0.0018592964824120605
2023-05-03 15:36:18,939 INFO T:91.68Â°K V:3.8881e+00V I:1.8593e-03A R:2.0912e+03ğ›€ E:1.2000e+02V/cm J:8.1370e-02A/cm2 ğ›’:1.4748e+03ğ›€ cm
2023-05-03 15:36:18,956 INFO Measurement at current 0.0018693467336683418
2023-05-03 15:36:19,543 INFO T:91.67Â°K V:3.8736e+00V I:1.8693e-03A R:2.0722e+03ğ›€ E:1.1956e+02V/cm J:8.1809e-02A/cm2 ğ›’:1.4614e+03ğ›€ cm
2023-05-03 15:36:19,562 INFO Measurement at current 0.0018793969849246232
2023-05-03 15:36:20,172 INFO T:91.66Â°K V:3.9303e+00V I:1.8794e-03A R:2.0912e+03ğ›€ E:1.2130e+02V/cm J:8.2249e-02A/cm2 ğ›’:1.4748e+03ğ›€ cm
2023-05-03 15:36:20,189 INFO Measurement at current 0.0018894472361809045
2023-05-03 15:36:20,794 INFO T:91.65Â°K V:3.9788e+00V I:1.8894e-03A R:2.1058e+03ğ›€ E:1.2280e+02V/cm J:8.2689e-02A/cm2 ğ›’:1.4851e+03ğ›€ cm
2023-05-03 15:36:20,819 INFO Measurement at current 0.001899497487437186
2023-05-03 15:36:21,423 INFO T:91.65Â°K V:3.9337e+00V I:1.8995e-03A R:2.0709e+03ğ›€ E:1.2141e+02V/cm J:8.3129e-02A/cm2 ğ›’:1.4605e+03ğ›€ cm
2023-05-03 15:36:21,453 INFO Measurement at current 0.0019095477386934674
2023-05-03 15:36:22,049 INFO T:91.64Â°K V:3.8448e+00V I:1.9095e-03A R:2.0134e+03ğ›€ E:1.1867e+02V/cm J:8.3569e-02A/cm2 ğ›’:1.4200e+03ğ›€ cm
2023-05-03 15:36:22,089 INFO Measurement at current 0.0019195979899497488
2023-05-03 15:36:22,705 INFO T:91.63Â°K V:3.8734e+00V I:1.9196e-03A R:2.0178e+03ğ›€ E:1.1955e+02V/cm J:8.4009e-02A/cm2 ğ›’:1.4231e+03ğ›€ cm
2023-05-03 15:36:22,748 INFO Measurement at current 0.0019296482412060304
2023-05-03 15:36:23,334 INFO T:91.62Â°K V:3.8543e+00V I:1.9296e-03A R:1.9974e+03ğ›€ E:1.1896e+02V/cm J:8.4449e-02A/cm2 ğ›’:1.4087e+03ğ›€ cm
2023-05-03 15:36:23,349 INFO Measurement at current 0.0019396984924623117
2023-05-03 15:36:23,931 INFO T:91.62Â°K V:3.8261e+00V I:1.9397e-03A R:1.9725e+03ğ›€ E:1.1809e+02V/cm J:8.4888e-02A/cm2 ğ›’:1.3911e+03ğ›€ cm
2023-05-03 15:36:23,946 INFO Measurement at current 0.001949748743718593
2023-05-03 15:36:24,541 INFO T:91.61Â°K V:3.8509e+00V I:1.9497e-03A R:1.9751e+03ğ›€ E:1.1886e+02V/cm J:8.5328e-02A/cm2 ğ›’:1.3929e+03ğ›€ cm
2023-05-03 15:36:24,556 INFO Measurement at current 0.0019597989949748746
2023-05-03 15:36:25,141 INFO T:91.60Â°K V:3.8759e+00V I:1.9598e-03A R:1.9777e+03ğ›€ E:1.1963e+02V/cm J:8.5768e-02A/cm2 ğ›’:1.3948e+03ğ›€ cm
2023-05-03 15:36:25,158 INFO Measurement at current 0.0019698492462311558
2023-05-03 15:36:25,742 INFO T:91.59Â°K V:3.8635e+00V I:1.9698e-03A R:1.9613e+03ğ›€ E:1.1924e+02V/cm J:8.6208e-02A/cm2 ğ›’:1.3832e+03ğ›€ cm
2023-05-03 15:36:25,755 INFO Measurement at current 0.0019798994974874373
2023-05-03 15:36:26,340 INFO T:91.59Â°K V:3.7863e+00V I:1.9799e-03A R:1.9124e+03ğ›€ E:1.1686e+02V/cm J:8.6648e-02A/cm2 ğ›’:1.3487e+03ğ›€ cm
2023-05-03 15:36:26,357 INFO Measurement at current 0.001989949748743719
2023-05-03 15:36:26,937 INFO T:91.58Â°K V:3.8152e+00V I:1.9899e-03A R:1.9172e+03ğ›€ E:1.1775e+02V/cm J:8.7088e-02A/cm2 ğ›’:1.3521e+03ğ›€ cm
2023-05-03 15:36:26,958 INFO Measurement at current 0.002
2023-05-03 15:36:27,575 INFO T:91.57Â°K V:3.8841e+00V I:2.0000e-03A R:1.9420e+03ğ›€ E:1.1988e+02V/cm J:8.7527e-02A/cm2 ğ›’:1.3696e+03ğ›€ cm
2023-05-03 15:37:14,496 INFO Save the description file
2023-05-03 15:37:14,508 INFO Save data in numpy format Esperimenti/CPRO_MUSA_030523_I_V/CPRO_MUSA_030523_I_V_current_from_0_to_20e-4A/CPRO_MUSA_030523_I_V_current_from_0_to_20e-4A-20230503153712
2023-05-03 15:37:14,520 INFO Save data in CSV format Esperimenti/CPRO_MUSA_030523_I_V/CPRO_MUSA_030523_I_V_current_from_0_to_20e-4A/CPRO_MUSA_030523_I_V_current_from_0_to_20e-4A-20230503153712.csv
2023-05-03 15:37:14,550 INFO Save plot as image Esperimenti/CPRO_MUSA_030523_I_V/CPRO_MUSA_030523_I_V_current_from_0_to_20e-4A/CPRO_MUSA_030523_I_V_current_from_0_to_20e-4A-20230503153712.png
