2023-05-03 09:47:20,954 INFO ### Start experiment: CPRO_MUSA_030523_I_V current from 0 to 20e-4A ###
2023-05-03 09:47:22,299 INFO Found Multimeter KEITHLEY INSTRUMENTS INC.,MODEL 2700,0884890,B03  /A02  

2023-05-03 09:47:23,329 INFO Found Nanovolt Meter KEITHLEY INSTRUMENTS INC.,MODEL 2182A,4056474,C03  /A02  

2023-05-03 09:47:23,441 INFO Found Source Meter KEITHLEY INSTRUMENTS INC.,MODEL 2400,0945684,C24   Feb 14 2002 11:59:45/A02  /K/H

2023-05-03 09:47:23,563 INFO Start the measurement loop
2023-05-03 09:47:28,313 INFO Measurement at current 0.0
2023-05-03 09:47:29,238 INFO T:288.64Â°K V:3.3207e-07V I:0.0000e+00A R:infğ›€ E:1.0249e-05V/cm J:0.0000e+00A/cm2 ğ›’:infğ›€ cm
2023-05-03 09:47:29,260 INFO Measurement at current 1.0050251256281408e-05
2023-05-03 09:47:29,863 INFO T:288.63Â°K V:3.7955e-05V I:1.0050e-05A R:3.7765e+00ğ›€ E:1.1714e-03V/cm J:4.3984e-04A/cm2 ğ›’:2.6634e+00ğ›€ cm
2023-05-03 09:47:29,889 INFO Measurement at current 2.0100502512562815e-05
2023-05-03 09:47:30,486 INFO T:288.62Â°K V:7.5579e-05V I:2.0101e-05A R:3.7601e+00ğ›€ E:2.3327e-03V/cm J:8.7967e-04A/cm2 ğ›’:2.6518e+00ğ›€ cm
2023-05-03 09:47:30,499 INFO Measurement at current 3.0150753768844224e-05
2023-05-03 09:47:31,088 INFO T:288.62Â°K V:1.1319e-04V I:3.0151e-05A R:3.7540e+00ğ›€ E:3.4934e-03V/cm J:1.3195e-03A/cm2 ğ›’:2.6475e+00ğ›€ cm
2023-05-03 09:47:31,104 INFO Measurement at current 4.020100502512563e-05
2023-05-03 09:47:31,693 INFO T:288.61Â°K V:1.5080e-04V I:4.0201e-05A R:3.7511e+00ğ›€ E:4.6543e-03V/cm J:1.7593e-03A/cm2 ğ›’:2.6455e+00ğ›€ cm
2023-05-03 09:47:31,710 INFO Measurement at current 5.0251256281407036e-05
2023-05-03 09:47:32,321 INFO T:288.61Â°K V:1.8845e-04V I:5.0251e-05A R:3.7502e+00ğ›€ E:5.8164e-03V/cm J:2.1992e-03A/cm2 ğ›’:2.6448e+00ğ›€ cm
2023-05-03 09:47:32,348 INFO Measurement at current 6.030150753768845e-05
2023-05-03 09:47:32,953 INFO T:288.60Â°K V:2.2607e-04V I:6.0302e-05A R:3.7490e+00ğ›€ E:6.9774e-03V/cm J:2.6390e-03A/cm2 ğ›’:2.6440e+00ğ›€ cm
2023-05-03 09:47:32,973 INFO Measurement at current 7.035175879396985e-05
2023-05-03 09:47:33,566 INFO T:288.59Â°K V:2.6367e-04V I:7.0352e-05A R:3.7478e+00ğ›€ E:8.1379e-03V/cm J:3.0789e-03A/cm2 ğ›’:2.6432e+00ğ›€ cm
2023-05-03 09:47:33,582 INFO Measurement at current 8.040201005025126e-05
2023-05-03 09:47:34,190 INFO T:288.59Â°K V:3.0126e-04V I:8.0402e-05A R:3.7469e+00ğ›€ E:9.2980e-03V/cm J:3.5187e-03A/cm2 ğ›’:2.6425e+00ğ›€ cm
2023-05-03 09:47:34,208 INFO Measurement at current 9.045226130653267e-05
2023-05-03 09:47:34,816 INFO T:288.58Â°K V:3.3887e-04V I:9.0452e-05A R:3.7464e+00ğ›€ E:1.0459e-02V/cm J:3.9585e-03A/cm2 ğ›’:2.6421e+00ğ›€ cm
2023-05-03 09:47:34,839 INFO Measurement at current 0.00010050251256281407
2023-05-03 09:47:35,433 INFO T:288.57Â°K V:3.7657e-04V I:1.0050e-04A R:3.7468e+00ğ›€ E:1.1622e-02V/cm J:4.3984e-03A/cm2 ğ›’:2.6424e+00ğ›€ cm
2023-05-03 09:47:35,456 INFO Measurement at current 0.00011055276381909548
2023-05-03 09:47:36,062 INFO T:288.57Â°K V:4.1420e-04V I:1.1055e-04A R:3.7466e+00ğ›€ E:1.2784e-02V/cm J:4.8382e-03A/cm2 ğ›’:2.6423e+00ğ›€ cm
2023-05-03 09:47:36,078 INFO Measurement at current 0.0001206030150753769
2023-05-03 09:47:36,666 INFO T:288.56Â°K V:4.5176e-04V I:1.2060e-04A R:3.7459e+00ğ›€ E:1.3943e-02V/cm J:5.2780e-03A/cm2 ğ›’:2.6418e+00ğ›€ cm
2023-05-03 09:47:36,689 INFO Measurement at current 0.0001306532663316583
2023-05-03 09:47:37,297 INFO T:288.55Â°K V:4.8925e-04V I:1.3065e-04A R:3.7446e+00ğ›€ E:1.5100e-02V/cm J:5.7179e-03A/cm2 ğ›’:2.6409e+00ğ›€ cm
2023-05-03 09:47:37,314 INFO Measurement at current 0.0001407035175879397
2023-05-03 09:47:37,909 INFO T:288.55Â°K V:5.2694e-04V I:1.4070e-04A R:3.7450e+00ğ›€ E:1.6264e-02V/cm J:6.1577e-03A/cm2 ğ›’:2.6412e+00ğ›€ cm
2023-05-03 09:47:37,931 INFO Measurement at current 0.00015075376884422112
2023-05-03 09:47:38,541 INFO T:288.54Â°K V:5.6458e-04V I:1.5075e-04A R:3.7450e+00ğ›€ E:1.7425e-02V/cm J:6.5975e-03A/cm2 ğ›’:2.6412e+00ğ›€ cm
2023-05-03 09:47:38,567 INFO Measurement at current 0.00016080402010050252
2023-05-03 09:47:39,173 INFO T:288.53Â°K V:6.0224e-04V I:1.6080e-04A R:3.7452e+00ğ›€ E:1.8588e-02V/cm J:7.0374e-03A/cm2 ğ›’:2.6413e+00ğ›€ cm
2023-05-03 09:47:39,202 INFO Measurement at current 0.00017085427135678393
2023-05-03 09:47:39,794 INFO T:288.53Â°K V:6.3978e-04V I:1.7085e-04A R:3.7446e+00ğ›€ E:1.9746e-02V/cm J:7.4772e-03A/cm2 ğ›’:2.6408e+00ğ›€ cm
2023-05-03 09:47:39,811 INFO Measurement at current 0.00018090452261306533
2023-05-03 09:47:40,403 INFO T:288.52Â°K V:6.7747e-04V I:1.8090e-04A R:3.7449e+00ğ›€ E:2.0910e-02V/cm J:7.9170e-03A/cm2 ğ›’:2.6411e+00ğ›€ cm
2023-05-03 09:47:40,425 INFO Measurement at current 0.00019095477386934674
2023-05-03 09:47:41,026 INFO T:288.51Â°K V:7.1509e-04V I:1.9095e-04A R:3.7448e+00ğ›€ E:2.2071e-02V/cm J:8.3569e-03A/cm2 ğ›’:2.6410e+00ğ›€ cm
2023-05-03 09:47:41,049 INFO Measurement at current 0.00020100502512562814
2023-05-03 09:47:41,650 INFO T:288.51Â°K V:7.5273e-04V I:2.0101e-04A R:3.7448e+00ğ›€ E:2.3232e-02V/cm J:8.7967e-03A/cm2 ğ›’:2.6410e+00ğ›€ cm
2023-05-03 09:47:41,670 INFO Measurement at current 0.00021105527638190955
2023-05-03 09:47:42,268 INFO T:288.50Â°K V:7.9036e-04V I:2.1106e-04A R:3.7448e+00ğ›€ E:2.4394e-02V/cm J:9.2366e-03A/cm2 ğ›’:2.6410e+00ğ›€ cm
2023-05-03 09:47:42,285 INFO Measurement at current 0.00022110552763819096
2023-05-03 09:47:42,875 INFO T:288.50Â°K V:8.2805e-04V I:2.2111e-04A R:3.7450e+00ğ›€ E:2.5557e-02V/cm J:9.6764e-03A/cm2 ğ›’:2.6412e+00ğ›€ cm
2023-05-03 09:47:42,893 INFO Measurement at current 0.00023115577889447236
2023-05-03 09:47:43,495 INFO T:288.49Â°K V:8.6567e-04V I:2.3116e-04A R:3.7450e+00ğ›€ E:2.6718e-02V/cm J:1.0116e-02A/cm2 ğ›’:2.6411e+00ğ›€ cm
2023-05-03 09:47:43,516 INFO Measurement at current 0.0002412060301507538
2023-05-03 09:47:44,120 INFO T:288.48Â°K V:9.0326e-04V I:2.4121e-04A R:3.7447e+00ğ›€ E:2.7878e-02V/cm J:1.0556e-02A/cm2 ğ›’:2.6410e+00ğ›€ cm
2023-05-03 09:47:44,143 INFO Measurement at current 0.0002512562814070352
2023-05-03 09:47:44,749 INFO T:288.48Â°K V:9.4062e-04V I:2.5126e-04A R:3.7437e+00ğ›€ E:2.9031e-02V/cm J:1.0996e-02A/cm2 ğ›’:2.6402e+00ğ›€ cm
2023-05-03 09:47:44,766 INFO Measurement at current 0.0002613065326633166
2023-05-03 09:47:45,363 INFO T:288.47Â°K V:9.7826e-04V I:2.6131e-04A R:3.7437e+00ğ›€ E:3.0193e-02V/cm J:1.1436e-02A/cm2 ğ›’:2.6403e+00ğ›€ cm
2023-05-03 09:47:45,378 INFO Measurement at current 0.000271356783919598
2023-05-03 09:47:45,969 INFO T:288.46Â°K V:1.0159e-03V I:2.7136e-04A R:3.7440e+00ğ›€ E:3.1356e-02V/cm J:1.1876e-02A/cm2 ğ›’:2.6404e+00ğ›€ cm
2023-05-03 09:47:45,985 INFO Measurement at current 0.0002814070351758794
2023-05-03 09:47:46,580 INFO T:288.46Â°K V:1.0536e-03V I:2.8141e-04A R:3.7439e+00ğ›€ E:3.2517e-02V/cm J:1.2315e-02A/cm2 ğ›’:2.6404e+00ğ›€ cm
2023-05-03 09:47:46,602 INFO Measurement at current 0.0002914572864321608
2023-05-03 09:47:47,209 INFO T:288.45Â°K V:1.0912e-03V I:2.9146e-04A R:3.7440e+00ğ›€ E:3.3679e-02V/cm J:1.2755e-02A/cm2 ğ›’:2.6404e+00ğ›€ cm
2023-05-03 09:47:47,235 INFO Measurement at current 0.00030150753768844223
2023-05-03 09:47:47,833 INFO T:288.44Â°K V:1.1288e-03V I:3.0151e-04A R:3.7439e+00ğ›€ E:3.4840e-02V/cm J:1.3195e-02A/cm2 ğ›’:2.6404e+00ğ›€ cm
2023-05-03 09:47:47,854 INFO Measurement at current 0.00031155778894472364
2023-05-03 09:47:48,452 INFO T:288.44Â°K V:1.1664e-03V I:3.1156e-04A R:3.7438e+00ğ›€ E:3.6001e-02V/cm J:1.3635e-02A/cm2 ğ›’:2.6403e+00ğ›€ cm
2023-05-03 09:47:48,473 INFO Measurement at current 0.00032160804020100504
2023-05-03 09:47:49,064 INFO T:288.43Â°K V:1.2040e-03V I:3.2161e-04A R:3.7436e+00ğ›€ E:3.7159e-02V/cm J:1.4075e-02A/cm2 ğ›’:2.6401e+00ğ›€ cm
2023-05-03 09:47:49,087 INFO Measurement at current 0.00033165829145728645
2023-05-03 09:47:49,696 INFO T:288.43Â°K V:1.2416e-03V I:3.3166e-04A R:3.7436e+00ğ›€ E:3.8321e-02V/cm J:1.4515e-02A/cm2 ğ›’:2.6402e+00ğ›€ cm
2023-05-03 09:47:49,721 INFO Measurement at current 0.00034170854271356785
2023-05-03 09:47:50,329 INFO T:288.42Â°K V:1.2793e-03V I:3.4171e-04A R:3.7438e+00ğ›€ E:3.9484e-02V/cm J:1.4954e-02A/cm2 ğ›’:2.6403e+00ğ›€ cm
2023-05-03 09:47:50,351 INFO Measurement at current 0.00035175879396984926
2023-05-03 09:47:50,943 INFO T:288.41Â°K V:1.3168e-03V I:3.5176e-04A R:3.7434e+00ğ›€ E:4.0641e-02V/cm J:1.5394e-02A/cm2 ğ›’:2.6400e+00ğ›€ cm
2023-05-03 09:47:50,961 INFO Measurement at current 0.00036180904522613067
2023-05-03 09:47:51,562 INFO T:288.41Â°K V:1.3543e-03V I:3.6181e-04A R:3.7433e+00ğ›€ E:4.1801e-02V/cm J:1.5834e-02A/cm2 ğ›’:2.6399e+00ğ›€ cm
2023-05-03 09:47:51,577 INFO Measurement at current 0.00037185929648241207
2023-05-03 09:47:52,181 INFO T:288.40Â°K V:1.3919e-03V I:3.7186e-04A R:3.7430e+00ğ›€ E:4.2958e-02V/cm J:1.6274e-02A/cm2 ğ›’:2.6397e+00ğ›€ cm
2023-05-03 09:47:52,204 INFO Measurement at current 0.0003819095477386935
2023-05-03 09:47:52,809 INFO T:288.39Â°K V:1.4293e-03V I:3.8191e-04A R:3.7426e+00ğ›€ E:4.4115e-02V/cm J:1.6714e-02A/cm2 ğ›’:2.6395e+00ğ›€ cm
2023-05-03 09:47:52,848 INFO Measurement at current 0.0003919597989949749
2023-05-03 09:47:53,448 INFO T:288.39Â°K V:1.4669e-03V I:3.9196e-04A R:3.7424e+00ğ›€ E:4.5274e-02V/cm J:1.7154e-02A/cm2 ğ›’:2.6393e+00ğ›€ cm
2023-05-03 09:47:53,472 INFO Measurement at current 0.0004020100502512563
2023-05-03 09:47:54,086 INFO T:288.38Â°K V:1.5044e-03V I:4.0201e-04A R:3.7423e+00ğ›€ E:4.6433e-02V/cm J:1.7593e-02A/cm2 ğ›’:2.6392e+00ğ›€ cm
2023-05-03 09:47:54,105 INFO Measurement at current 0.0004120603015075377
2023-05-03 09:47:54,698 INFO T:288.37Â°K V:1.5419e-03V I:4.1206e-04A R:3.7420e+00ğ›€ E:4.7590e-02V/cm J:1.8033e-02A/cm2 ğ›’:2.6390e+00ğ›€ cm
2023-05-03 09:47:54,714 INFO Measurement at current 0.0004221105527638191
2023-05-03 09:47:55,309 INFO T:288.37Â°K V:1.5796e-03V I:4.2211e-04A R:3.7421e+00ğ›€ E:4.8753e-02V/cm J:1.8473e-02A/cm2 ğ›’:2.6391e+00ğ›€ cm
2023-05-03 09:47:55,330 INFO Measurement at current 0.0004321608040201005
2023-05-03 09:47:55,934 INFO T:288.36Â°K V:1.6172e-03V I:4.3216e-04A R:3.7422e+00ğ›€ E:4.9915e-02V/cm J:1.8913e-02A/cm2 ğ›’:2.6392e+00ğ›€ cm
2023-05-03 09:47:55,950 INFO Measurement at current 0.0004422110552763819
2023-05-03 09:47:56,540 INFO T:288.36Â°K V:1.6550e-03V I:4.4221e-04A R:3.7425e+00ğ›€ E:5.1079e-02V/cm J:1.9353e-02A/cm2 ğ›’:2.6394e+00ğ›€ cm
2023-05-03 09:47:56,558 INFO Measurement at current 0.0004522613065326633
2023-05-03 09:47:57,162 INFO T:288.35Â°K V:1.6926e-03V I:4.5226e-04A R:3.7424e+00ğ›€ E:5.2239e-02V/cm J:1.9793e-02A/cm2 ğ›’:2.6393e+00ğ›€ cm
2023-05-03 09:47:57,178 INFO Measurement at current 0.0004623115577889447
2023-05-03 09:47:57,779 INFO T:288.34Â°K V:1.7301e-03V I:4.6231e-04A R:3.7423e+00ğ›€ E:5.3398e-02V/cm J:2.0232e-02A/cm2 ğ›’:2.6392e+00ğ›€ cm
2023-05-03 09:47:57,801 INFO Measurement at current 0.00047236180904522613
2023-05-03 09:47:58,403 INFO T:288.34Â°K V:1.7679e-03V I:4.7236e-04A R:3.7426e+00ğ›€ E:5.4564e-02V/cm J:2.0672e-02A/cm2 ğ›’:2.6395e+00ğ›€ cm
2023-05-03 09:47:58,442 INFO Measurement at current 0.0004824120603015076
2023-05-03 09:47:59,040 INFO T:288.33Â°K V:1.8055e-03V I:4.8241e-04A R:3.7427e+00ğ›€ E:5.5725e-02V/cm J:2.1112e-02A/cm2 ğ›’:2.6395e+00ğ›€ cm
2023-05-03 09:47:59,057 INFO Measurement at current 0.0004924623115577889
2023-05-03 09:47:59,648 INFO T:288.32Â°K V:1.8430e-03V I:4.9246e-04A R:3.7423e+00ğ›€ E:5.6881e-02V/cm J:2.1552e-02A/cm2 ğ›’:2.6393e+00ğ›€ cm
2023-05-03 09:47:59,677 INFO Measurement at current 0.0005025125628140704
2023-05-03 09:48:00,274 INFO T:288.32Â°K V:1.8807e-03V I:5.0251e-04A R:3.7426e+00ğ›€ E:5.8046e-02V/cm J:2.1992e-02A/cm2 ğ›’:2.6394e+00ğ›€ cm
2023-05-03 09:48:00,296 INFO Measurement at current 0.0005125628140703518
2023-05-03 09:48:00,885 INFO T:288.31Â°K V:1.9183e-03V I:5.1256e-04A R:3.7425e+00ğ›€ E:5.9206e-02V/cm J:2.2432e-02A/cm2 ğ›’:2.6394e+00ğ›€ cm
2023-05-03 09:48:00,908 INFO Measurement at current 0.0005226130653266332
2023-05-03 09:48:01,516 INFO T:288.31Â°K V:1.9560e-03V I:5.2261e-04A R:3.7427e+00ğ›€ E:6.0370e-02V/cm J:2.2871e-02A/cm2 ğ›’:2.6395e+00ğ›€ cm
2023-05-03 09:48:01,532 INFO Measurement at current 0.0005326633165829146
2023-05-03 09:48:02,133 INFO T:288.30Â°K V:1.9935e-03V I:5.3266e-04A R:3.7425e+00ğ›€ E:6.1527e-02V/cm J:2.3311e-02A/cm2 ğ›’:2.6394e+00ğ›€ cm
2023-05-03 09:48:02,153 INFO Measurement at current 0.000542713567839196
2023-05-03 09:48:02,747 INFO T:288.29Â°K V:2.0311e-03V I:5.4271e-04A R:3.7426e+00ğ›€ E:6.2690e-02V/cm J:2.3751e-02A/cm2 ğ›’:2.6394e+00ğ›€ cm
2023-05-03 09:48:02,771 INFO Measurement at current 0.0005527638190954774
2023-05-03 09:48:03,385 INFO T:288.29Â°K V:2.0690e-03V I:5.5276e-04A R:3.7429e+00ğ›€ E:6.3857e-02V/cm J:2.4191e-02A/cm2 ğ›’:2.6397e+00ğ›€ cm
2023-05-03 09:48:03,401 INFO Measurement at current 0.0005628140703517588
2023-05-03 09:48:03,991 INFO T:288.28Â°K V:2.1065e-03V I:5.6281e-04A R:3.7428e+00ğ›€ E:6.5016e-02V/cm J:2.4631e-02A/cm2 ğ›’:2.6396e+00ğ›€ cm
2023-05-03 09:48:04,034 INFO Measurement at current 0.0005728643216080402
2023-05-03 09:48:04,640 INFO T:288.27Â°K V:2.1442e-03V I:5.7286e-04A R:3.7429e+00ğ›€ E:6.6178e-02V/cm J:2.5071e-02A/cm2 ğ›’:2.6397e+00ğ›€ cm
2023-05-03 09:48:04,657 INFO Measurement at current 0.0005829145728643216
2023-05-03 09:48:05,246 INFO T:288.27Â°K V:2.1819e-03V I:5.8291e-04A R:3.7431e+00ğ›€ E:6.7344e-02V/cm J:2.5510e-02A/cm2 ğ›’:2.6398e+00ğ›€ cm
2023-05-03 09:48:05,263 INFO Measurement at current 0.000592964824120603
2023-05-03 09:48:05,851 INFO T:288.26Â°K V:2.2197e-03V I:5.9296e-04A R:3.7434e+00ğ›€ E:6.8510e-02V/cm J:2.5950e-02A/cm2 ğ›’:2.6401e+00ğ›€ cm
2023-05-03 09:48:05,881 INFO Measurement at current 0.0006030150753768845
2023-05-03 09:48:06,478 INFO T:288.26Â°K V:2.2572e-03V I:6.0302e-04A R:3.7431e+00ğ›€ E:6.9666e-02V/cm J:2.6390e-02A/cm2 ğ›’:2.6398e+00ğ›€ cm
2023-05-03 09:48:06,501 INFO Measurement at current 0.0006130653266331658
2023-05-03 09:48:07,106 INFO T:288.25Â°K V:2.2948e-03V I:6.1307e-04A R:3.7431e+00ğ›€ E:7.0826e-02V/cm J:2.6830e-02A/cm2 ğ›’:2.6398e+00ğ›€ cm
2023-05-03 09:48:07,124 INFO Measurement at current 0.0006231155778894473
2023-05-03 09:48:07,722 INFO T:288.24Â°K V:2.3325e-03V I:6.2312e-04A R:3.7432e+00ğ›€ E:7.1989e-02V/cm J:2.7270e-02A/cm2 ğ›’:2.6399e+00ğ›€ cm
2023-05-03 09:48:07,741 INFO Measurement at current 0.0006331658291457286
2023-05-03 09:48:08,337 INFO T:288.24Â°K V:2.3700e-03V I:6.3317e-04A R:3.7431e+00ğ›€ E:7.3148e-02V/cm J:2.7710e-02A/cm2 ğ›’:2.6398e+00ğ›€ cm
2023-05-03 09:48:08,355 INFO Measurement at current 0.0006432160804020101
2023-05-03 09:48:08,945 INFO T:288.23Â°K V:2.4076e-03V I:6.4322e-04A R:3.7431e+00ğ›€ E:7.4309e-02V/cm J:2.8150e-02A/cm2 ğ›’:2.6398e+00ğ›€ cm
2023-05-03 09:48:08,975 INFO Measurement at current 0.0006532663316582915
2023-05-03 09:48:09,571 INFO T:288.22Â°K V:2.4453e-03V I:6.5327e-04A R:3.7432e+00ğ›€ E:7.5472e-02V/cm J:2.8589e-02A/cm2 ğ›’:2.6399e+00ğ›€ cm
2023-05-03 09:48:09,593 INFO Measurement at current 0.0006633165829145729
2023-05-03 09:48:10,197 INFO T:288.22Â°K V:2.4829e-03V I:6.6332e-04A R:3.7432e+00ğ›€ E:7.6634e-02V/cm J:2.9029e-02A/cm2 ğ›’:2.6399e+00ğ›€ cm
2023-05-03 09:48:10,218 INFO Measurement at current 0.0006733668341708544
2023-05-03 09:48:10,827 INFO T:288.21Â°K V:2.5206e-03V I:6.7337e-04A R:3.7433e+00ğ›€ E:7.7796e-02V/cm J:2.9469e-02A/cm2 ğ›’:2.6399e+00ğ›€ cm
2023-05-03 09:48:10,849 INFO Measurement at current 0.0006834170854271357
2023-05-03 09:48:11,456 INFO T:288.21Â°K V:2.5582e-03V I:6.8342e-04A R:3.7432e+00ğ›€ E:7.8956e-02V/cm J:2.9909e-02A/cm2 ğ›’:2.6399e+00ğ›€ cm
2023-05-03 09:48:11,473 INFO Measurement at current 0.0006934673366834172
2023-05-03 09:48:12,068 INFO T:288.20Â°K V:2.5959e-03V I:6.9347e-04A R:3.7434e+00ğ›€ E:8.0121e-02V/cm J:3.0349e-02A/cm2 ğ›’:2.6400e+00ğ›€ cm
2023-05-03 09:48:12,083 INFO Measurement at current 0.0007035175879396985
2023-05-03 09:48:12,672 INFO T:288.19Â°K V:2.6335e-03V I:7.0352e-04A R:3.7433e+00ğ›€ E:8.1281e-02V/cm J:3.0789e-02A/cm2 ğ›’:2.6400e+00ğ›€ cm
2023-05-03 09:48:12,688 INFO Measurement at current 0.00071356783919598
2023-05-03 09:48:13,287 INFO T:288.19Â°K V:2.6710e-03V I:7.1357e-04A R:3.7432e+00ğ›€ E:8.2438e-02V/cm J:3.1228e-02A/cm2 ğ›’:2.6399e+00ğ›€ cm
2023-05-03 09:48:13,304 INFO Measurement at current 0.0007236180904522613
2023-05-03 09:48:13,899 INFO T:288.18Â°K V:2.7087e-03V I:7.2362e-04A R:3.7432e+00ğ›€ E:8.3601e-02V/cm J:3.1668e-02A/cm2 ğ›’:2.6399e+00ğ›€ cm
2023-05-03 09:48:13,917 INFO Measurement at current 0.0007336683417085428
2023-05-03 09:48:14,509 INFO T:288.18Â°K V:2.7464e-03V I:7.3367e-04A R:3.7433e+00ğ›€ E:8.4764e-02V/cm J:3.2108e-02A/cm2 ğ›’:2.6400e+00ğ›€ cm
2023-05-03 09:48:14,530 INFO Measurement at current 0.0007437185929648241
2023-05-03 09:48:15,138 INFO T:288.17Â°K V:2.7841e-03V I:7.4372e-04A R:3.7435e+00ğ›€ E:8.5929e-02V/cm J:3.2548e-02A/cm2 ğ›’:2.6401e+00ğ›€ cm
2023-05-03 09:48:15,160 INFO Measurement at current 0.0007537688442211056
2023-05-03 09:48:15,761 INFO T:288.16Â°K V:2.8218e-03V I:7.5377e-04A R:3.7436e+00ğ›€ E:8.7093e-02V/cm J:3.2988e-02A/cm2 ğ›’:2.6402e+00ğ›€ cm
2023-05-03 09:48:15,804 INFO Measurement at current 0.000763819095477387
2023-05-03 09:48:16,398 INFO T:288.16Â°K V:2.8593e-03V I:7.6382e-04A R:3.7435e+00ğ›€ E:8.8251e-02V/cm J:3.3428e-02A/cm2 ğ›’:2.6401e+00ğ›€ cm
2023-05-03 09:48:16,431 INFO Measurement at current 0.0007738693467336684
2023-05-03 09:48:17,018 INFO T:288.15Â°K V:2.8967e-03V I:7.7387e-04A R:3.7432e+00ğ›€ E:8.9405e-02V/cm J:3.3867e-02A/cm2 ğ›’:2.6398e+00ğ›€ cm
2023-05-03 09:48:17,044 INFO Measurement at current 0.0007839195979899498
2023-05-03 09:48:17,636 INFO T:288.14Â°K V:2.9343e-03V I:7.8392e-04A R:3.7431e+00ğ›€ E:9.0564e-02V/cm J:3.4307e-02A/cm2 ğ›’:2.6398e+00ğ›€ cm
2023-05-03 09:48:17,655 INFO Measurement at current 0.0007939698492462312
2023-05-03 09:48:18,247 INFO T:288.14Â°K V:2.9718e-03V I:7.9397e-04A R:3.7430e+00ğ›€ E:9.1722e-02V/cm J:3.4747e-02A/cm2 ğ›’:2.6397e+00ğ›€ cm
2023-05-03 09:48:18,273 INFO Measurement at current 0.0008040201005025126
2023-05-03 09:48:18,863 INFO T:288.13Â°K V:3.0095e-03V I:8.0402e-04A R:3.7431e+00ğ›€ E:9.2887e-02V/cm J:3.5187e-02A/cm2 ğ›’:2.6398e+00ğ›€ cm
2023-05-03 09:48:18,878 INFO Measurement at current 0.000814070351758794
2023-05-03 09:48:19,480 INFO T:288.13Â°K V:3.0473e-03V I:8.1407e-04A R:3.7433e+00ğ›€ E:9.4054e-02V/cm J:3.5627e-02A/cm2 ğ›’:2.6400e+00ğ›€ cm
2023-05-03 09:48:19,503 INFO Measurement at current 0.0008241206030150754
2023-05-03 09:48:20,105 INFO T:288.12Â°K V:3.0852e-03V I:8.2412e-04A R:3.7436e+00ğ›€ E:9.5221e-02V/cm J:3.6067e-02A/cm2 ğ›’:2.6402e+00ğ›€ cm
2023-05-03 09:48:20,126 INFO Measurement at current 0.0008341708542713569
2023-05-03 09:48:20,723 INFO T:288.11Â°K V:3.1225e-03V I:8.3417e-04A R:3.7433e+00ğ›€ E:9.6374e-02V/cm J:3.6506e-02A/cm2 ğ›’:2.6399e+00ğ›€ cm
2023-05-03 09:48:20,745 INFO Measurement at current 0.0008442211055276382
2023-05-03 09:48:21,336 INFO T:288.11Â°K V:3.1602e-03V I:8.4422e-04A R:3.7433e+00ğ›€ E:9.7537e-02V/cm J:3.6946e-02A/cm2 ğ›’:2.6400e+00ğ›€ cm
2023-05-03 09:48:21,355 INFO Measurement at current 0.0008542713567839197
2023-05-03 09:48:21,947 INFO T:288.10Â°K V:3.1979e-03V I:8.5427e-04A R:3.7435e+00ğ›€ E:9.8701e-02V/cm J:3.7386e-02A/cm2 ğ›’:2.6401e+00ğ›€ cm
2023-05-03 09:48:21,967 INFO Measurement at current 0.000864321608040201
2023-05-03 09:48:22,577 INFO T:288.10Â°K V:3.2354e-03V I:8.6432e-04A R:3.7432e+00ğ›€ E:9.9857e-02V/cm J:3.7826e-02A/cm2 ğ›’:2.6399e+00ğ›€ cm
2023-05-03 09:48:22,596 INFO Measurement at current 0.0008743718592964825
2023-05-03 09:48:23,188 INFO T:288.09Â°K V:3.2734e-03V I:8.7437e-04A R:3.7437e+00ğ›€ E:1.0103e-01V/cm J:3.8266e-02A/cm2 ğ›’:2.6403e+00ğ›€ cm
2023-05-03 09:48:23,212 INFO Measurement at current 0.0008844221105527638
2023-05-03 09:48:23,819 INFO T:288.08Â°K V:3.3110e-03V I:8.8442e-04A R:3.7437e+00ğ›€ E:1.0219e-01V/cm J:3.8706e-02A/cm2 ğ›’:2.6402e+00ğ›€ cm
2023-05-03 09:48:23,838 INFO Measurement at current 0.0008944723618090453
2023-05-03 09:48:24,429 INFO T:288.08Â°K V:3.3489e-03V I:8.9447e-04A R:3.7440e+00ğ›€ E:1.0336e-01V/cm J:3.9145e-02A/cm2 ğ›’:2.6405e+00ğ›€ cm
2023-05-03 09:48:24,445 INFO Measurement at current 0.0009045226130653266
2023-05-03 09:48:25,043 INFO T:288.07Â°K V:3.3868e-03V I:9.0452e-04A R:3.7443e+00ğ›€ E:1.0453e-01V/cm J:3.9585e-02A/cm2 ğ›’:2.6407e+00ğ›€ cm
2023-05-03 09:48:25,064 INFO Measurement at current 0.0009145728643216081
2023-05-03 09:48:25,650 INFO T:288.07Â°K V:3.4244e-03V I:9.1457e-04A R:3.7443e+00ğ›€ E:1.0569e-01V/cm J:4.0025e-02A/cm2 ğ›’:2.6406e+00ğ›€ cm
2023-05-03 09:48:25,667 INFO Measurement at current 0.0009246231155778894
2023-05-03 09:48:26,260 INFO T:288.06Â°K V:3.4622e-03V I:9.2462e-04A R:3.7445e+00ğ›€ E:1.0686e-01V/cm J:4.0465e-02A/cm2 ğ›’:2.6408e+00ğ›€ cm
2023-05-03 09:48:26,282 INFO Measurement at current 0.0009346733668341709
2023-05-03 09:48:26,877 INFO T:288.05Â°K V:3.4996e-03V I:9.3467e-04A R:3.7442e+00ğ›€ E:1.0801e-01V/cm J:4.0905e-02A/cm2 ğ›’:2.6406e+00ğ›€ cm
2023-05-03 09:48:26,893 INFO Measurement at current 0.0009447236180904523
2023-05-03 09:48:27,488 INFO T:288.05Â°K V:3.5371e-03V I:9.4472e-04A R:3.7441e+00ğ›€ E:1.0917e-01V/cm J:4.1345e-02A/cm2 ğ›’:2.6405e+00ğ›€ cm
2023-05-03 09:48:27,514 INFO Measurement at current 0.0009547738693467337
2023-05-03 09:48:28,115 INFO T:288.04Â°K V:3.5750e-03V I:9.5477e-04A R:3.7444e+00ğ›€ E:1.1034e-01V/cm J:4.1784e-02A/cm2 ğ›’:2.6407e+00ğ›€ cm
2023-05-03 09:48:28,133 INFO Measurement at current 0.0009648241206030152
2023-05-03 09:48:28,736 INFO T:288.04Â°K V:3.6130e-03V I:9.6482e-04A R:3.7448e+00ğ›€ E:1.1151e-01V/cm J:4.2224e-02A/cm2 ğ›’:2.6410e+00ğ›€ cm
2023-05-03 09:48:28,761 INFO Measurement at current 0.0009748743718592965
2023-05-03 09:48:29,353 INFO T:288.03Â°K V:3.6506e-03V I:9.7487e-04A R:3.7447e+00ğ›€ E:1.1267e-01V/cm J:4.2664e-02A/cm2 ğ›’:2.6409e+00ğ›€ cm
2023-05-03 09:48:29,367 INFO Measurement at current 0.0009849246231155779
2023-05-03 09:48:29,954 INFO T:288.02Â°K V:3.6883e-03V I:9.8492e-04A R:3.7448e+00ğ›€ E:1.1384e-01V/cm J:4.3104e-02A/cm2 ğ›’:2.6410e+00ğ›€ cm
2023-05-03 09:48:29,969 INFO Measurement at current 0.0009949748743718595
2023-05-03 09:48:30,563 INFO T:288.02Â°K V:3.7262e-03V I:9.9497e-04A R:3.7450e+00ğ›€ E:1.1500e-01V/cm J:4.3544e-02A/cm2 ğ›’:2.6411e+00ğ›€ cm
2023-05-03 09:48:30,580 INFO Measurement at current 0.0010050251256281408
2023-05-03 09:48:31,184 INFO T:288.01Â°K V:3.7639e-03V I:1.0050e-03A R:3.7451e+00ğ›€ E:1.1617e-01V/cm J:4.3984e-02A/cm2 ğ›’:2.6412e+00ğ›€ cm
2023-05-03 09:48:31,209 INFO Measurement at current 0.0010150753768844222
2023-05-03 09:48:31,808 INFO T:288.01Â°K V:3.8016e-03V I:1.0151e-03A R:3.7451e+00ğ›€ E:1.1733e-01V/cm J:4.4423e-02A/cm2 ğ›’:2.6412e+00ğ›€ cm
2023-05-03 09:48:31,841 INFO Measurement at current 0.0010251256281407035
2023-05-03 09:48:32,436 INFO T:288.00Â°K V:3.8390e-03V I:1.0251e-03A R:3.7449e+00ğ›€ E:1.1849e-01V/cm J:4.4863e-02A/cm2 ğ›’:2.6411e+00ğ›€ cm
2023-05-03 09:48:32,450 INFO Measurement at current 0.001035175879396985
2023-05-03 09:48:33,039 INFO T:287.99Â°K V:3.8768e-03V I:1.0352e-03A R:3.7450e+00ğ›€ E:1.1965e-01V/cm J:4.5303e-02A/cm2 ğ›’:2.6412e+00ğ›€ cm
2023-05-03 09:48:33,058 INFO Measurement at current 0.0010452261306532664
2023-05-03 09:48:33,652 INFO T:287.99Â°K V:3.9150e-03V I:1.0452e-03A R:3.7456e+00ğ›€ E:1.2083e-01V/cm J:4.5743e-02A/cm2 ğ›’:2.6416e+00ğ›€ cm
2023-05-03 09:48:33,674 INFO Measurement at current 0.0010552763819095478
2023-05-03 09:48:34,277 INFO T:287.98Â°K V:3.9539e-03V I:1.0553e-03A R:3.7468e+00ğ›€ E:1.2203e-01V/cm J:4.6183e-02A/cm2 ğ›’:2.6424e+00ğ›€ cm
2023-05-03 09:48:34,295 INFO Measurement at current 0.0010653266331658291
2023-05-03 09:48:34,893 INFO T:287.98Â°K V:3.9920e-03V I:1.0653e-03A R:3.7472e+00ğ›€ E:1.2321e-01V/cm J:4.6623e-02A/cm2 ğ›’:2.6427e+00ğ›€ cm
2023-05-03 09:48:34,912 INFO Measurement at current 0.0010753768844221107
2023-05-03 09:48:35,507 INFO T:287.97Â°K V:4.0291e-03V I:1.0754e-03A R:3.7466e+00ğ›€ E:1.2435e-01V/cm J:4.7062e-02A/cm2 ğ›’:2.6423e+00ğ›€ cm
2023-05-03 09:48:35,527 INFO Measurement at current 0.001085427135678392
2023-05-03 09:48:36,130 INFO T:287.96Â°K V:4.0664e-03V I:1.0854e-03A R:3.7464e+00ğ›€ E:1.2551e-01V/cm J:4.7502e-02A/cm2 ğ›’:2.6421e+00ğ›€ cm
2023-05-03 09:48:36,148 INFO Measurement at current 0.0010954773869346734
2023-05-03 09:48:36,738 INFO T:287.96Â°K V:4.1042e-03V I:1.0955e-03A R:3.7465e+00ğ›€ E:1.2667e-01V/cm J:4.7942e-02A/cm2 ğ›’:2.6422e+00ğ›€ cm
2023-05-03 09:48:36,752 INFO Measurement at current 0.0011055276381909548
2023-05-03 09:48:37,345 INFO T:287.95Â°K V:4.1415e-03V I:1.1055e-03A R:3.7462e+00ğ›€ E:1.2782e-01V/cm J:4.8382e-02A/cm2 ğ›’:2.6420e+00ğ›€ cm
2023-05-03 09:48:37,389 INFO Measurement at current 0.0011155778894472363
2023-05-03 09:48:37,980 INFO T:287.95Â°K V:4.1792e-03V I:1.1156e-03A R:3.7463e+00ğ›€ E:1.2899e-01V/cm J:4.8822e-02A/cm2 ğ›’:2.6420e+00ğ›€ cm
2023-05-03 09:48:37,998 INFO Measurement at current 0.0011256281407035177
2023-05-03 09:48:38,614 INFO T:287.94Â°K V:4.2165e-03V I:1.1256e-03A R:3.7459e+00ğ›€ E:1.3014e-01V/cm J:4.9262e-02A/cm2 ğ›’:2.6418e+00ğ›€ cm
2023-05-03 09:48:38,633 INFO Measurement at current 0.001135678391959799
2023-05-03 09:48:39,245 INFO T:287.93Â°K V:4.2544e-03V I:1.1357e-03A R:3.7462e+00ğ›€ E:1.3131e-01V/cm J:4.9701e-02A/cm2 ğ›’:2.6420e+00ğ›€ cm
2023-05-03 09:48:39,265 INFO Measurement at current 0.0011457286432160804
2023-05-03 09:48:39,862 INFO T:287.93Â°K V:4.2914e-03V I:1.1457e-03A R:3.7455e+00ğ›€ E:1.3245e-01V/cm J:5.0141e-02A/cm2 ğ›’:2.6415e+00ğ›€ cm
2023-05-03 09:48:39,883 INFO Measurement at current 0.001155778894472362
2023-05-03 09:48:40,476 INFO T:287.92Â°K V:4.3311e-03V I:1.1558e-03A R:3.7474e+00ğ›€ E:1.3368e-01V/cm J:5.0581e-02A/cm2 ğ›’:2.6428e+00ğ›€ cm
2023-05-03 09:48:40,497 INFO Measurement at current 0.0011658291457286433
2023-05-03 09:48:41,110 INFO T:287.91Â°K V:4.3686e-03V I:1.1658e-03A R:3.7472e+00ğ›€ E:1.3483e-01V/cm J:5.1021e-02A/cm2 ğ›’:2.6427e+00ğ›€ cm
2023-05-03 09:48:41,129 INFO Measurement at current 0.0011758793969849247
2023-05-03 09:48:41,724 INFO T:287.91Â°K V:4.4061e-03V I:1.1759e-03A R:3.7471e+00ğ›€ E:1.3599e-01V/cm J:5.1461e-02A/cm2 ğ›’:2.6426e+00ğ›€ cm
2023-05-03 09:48:41,741 INFO Measurement at current 0.001185929648241206
2023-05-03 09:48:42,333 INFO T:287.90Â°K V:4.4442e-03V I:1.1859e-03A R:3.7475e+00ğ›€ E:1.3717e-01V/cm J:5.1901e-02A/cm2 ğ›’:2.6429e+00ğ›€ cm
2023-05-03 09:48:42,348 INFO Measurement at current 0.0011959798994974876
2023-05-03 09:48:42,947 INFO T:287.90Â°K V:4.4824e-03V I:1.1960e-03A R:3.7479e+00ğ›€ E:1.3835e-01V/cm J:5.2340e-02A/cm2 ğ›’:2.6432e+00ğ›€ cm
2023-05-03 09:48:42,972 INFO Measurement at current 0.001206030150753769
2023-05-03 09:48:43,571 INFO T:287.89Â°K V:4.5201e-03V I:1.2060e-03A R:3.7479e+00ğ›€ E:1.3951e-01V/cm J:5.2780e-02A/cm2 ğ›’:2.6432e+00ğ›€ cm
2023-05-03 09:48:43,591 INFO Measurement at current 0.0012160804020100503
2023-05-03 09:48:44,186 INFO T:287.89Â°K V:4.5576e-03V I:1.2161e-03A R:3.7478e+00ğ›€ E:1.4067e-01V/cm J:5.3220e-02A/cm2 ğ›’:2.6431e+00ğ›€ cm
2023-05-03 09:48:44,219 INFO Measurement at current 0.0012261306532663316
2023-05-03 09:48:44,817 INFO T:287.88Â°K V:4.5955e-03V I:1.2261e-03A R:3.7480e+00ğ›€ E:1.4184e-01V/cm J:5.3660e-02A/cm2 ğ›’:2.6433e+00ğ›€ cm
2023-05-03 09:48:44,840 INFO Measurement at current 0.0012361809045226132
2023-05-03 09:48:45,440 INFO T:287.87Â°K V:4.6327e-03V I:1.2362e-03A R:3.7476e+00ğ›€ E:1.4298e-01V/cm J:5.4100e-02A/cm2 ğ›’:2.6430e+00ğ›€ cm
2023-05-03 09:48:45,469 INFO Measurement at current 0.0012462311557788945
2023-05-03 09:48:46,058 INFO T:287.87Â°K V:4.6696e-03V I:1.2462e-03A R:3.7470e+00ğ›€ E:1.4412e-01V/cm J:5.4540e-02A/cm2 ğ›’:2.6426e+00ğ›€ cm
2023-05-03 09:48:46,073 INFO Measurement at current 0.001256281407035176
2023-05-03 09:48:46,662 INFO T:287.86Â°K V:4.7098e-03V I:1.2563e-03A R:3.7490e+00ğ›€ E:1.4536e-01V/cm J:5.4979e-02A/cm2 ğ›’:2.6440e+00ğ›€ cm
2023-05-03 09:48:46,677 INFO Measurement at current 0.0012663316582914572
2023-05-03 09:48:47,263 INFO T:287.86Â°K V:4.7469e-03V I:1.2663e-03A R:3.7486e+00ğ›€ E:1.4651e-01V/cm J:5.5419e-02A/cm2 ğ›’:2.6437e+00ğ›€ cm
2023-05-03 09:48:47,279 INFO Measurement at current 0.0012763819095477388
2023-05-03 09:48:47,868 INFO T:287.85Â°K V:4.7850e-03V I:1.2764e-03A R:3.7489e+00ğ›€ E:1.4769e-01V/cm J:5.5859e-02A/cm2 ğ›’:2.6439e+00ğ›€ cm
2023-05-03 09:48:47,891 INFO Measurement at current 0.0012864321608040202
2023-05-03 09:48:48,493 INFO T:287.84Â°K V:4.8220e-03V I:1.2864e-03A R:3.7484e+00ğ›€ E:1.4883e-01V/cm J:5.6299e-02A/cm2 ğ›’:2.6435e+00ğ›€ cm
2023-05-03 09:48:48,514 INFO Measurement at current 0.0012964824120603015
2023-05-03 09:48:49,109 INFO T:287.84Â°K V:4.8601e-03V I:1.2965e-03A R:3.7487e+00ğ›€ E:1.5000e-01V/cm J:5.6739e-02A/cm2 ğ›’:2.6438e+00ğ›€ cm
2023-05-03 09:48:49,129 INFO Measurement at current 0.001306532663316583
2023-05-03 09:48:49,726 INFO T:287.83Â°K V:4.8974e-03V I:1.3065e-03A R:3.7484e+00ğ›€ E:1.5115e-01V/cm J:5.7179e-02A/cm2 ğ›’:2.6435e+00ğ›€ cm
2023-05-03 09:48:49,745 INFO Measurement at current 0.0013165829145728644
2023-05-03 09:48:50,344 INFO T:287.83Â°K V:4.9346e-03V I:1.3166e-03A R:3.7481e+00ğ›€ E:1.5230e-01V/cm J:5.7619e-02A/cm2 ğ›’:2.6433e+00ğ›€ cm
2023-05-03 09:48:50,362 INFO Measurement at current 0.0013266331658291458
2023-05-03 09:48:50,969 INFO T:287.82Â°K V:4.9727e-03V I:1.3266e-03A R:3.7483e+00ğ›€ E:1.5348e-01V/cm J:5.8058e-02A/cm2 ğ›’:2.6435e+00ğ›€ cm
2023-05-03 09:48:50,994 INFO Measurement at current 0.0013366834170854271
2023-05-03 09:48:51,594 INFO T:287.81Â°K V:5.0099e-03V I:1.3367e-03A R:3.7480e+00ğ›€ E:1.5463e-01V/cm J:5.8498e-02A/cm2 ğ›’:2.6433e+00ğ›€ cm
2023-05-03 09:48:51,624 INFO Measurement at current 0.0013467336683417087
2023-05-03 09:48:52,248 INFO T:287.81Â°K V:5.0480e-03V I:1.3467e-03A R:3.7483e+00ğ›€ E:1.5580e-01V/cm J:5.8938e-02A/cm2 ğ›’:2.6435e+00ğ›€ cm
2023-05-03 09:48:52,261 INFO Measurement at current 0.00135678391959799
2023-05-03 09:48:52,849 INFO T:287.80Â°K V:5.0868e-03V I:1.3568e-03A R:3.7491e+00ğ›€ E:1.5700e-01V/cm J:5.9378e-02A/cm2 ğ›’:2.6441e+00ğ›€ cm
2023-05-03 09:48:52,862 INFO Measurement at current 0.0013668341708542714
2023-05-03 09:48:53,474 INFO T:287.80Â°K V:5.1251e-03V I:1.3668e-03A R:3.7496e+00ğ›€ E:1.5818e-01V/cm J:5.9818e-02A/cm2 ğ›’:2.6444e+00ğ›€ cm
2023-05-03 09:48:53,492 INFO Measurement at current 0.0013768844221105528
2023-05-03 09:48:54,091 INFO T:287.79Â°K V:5.1626e-03V I:1.3769e-03A R:3.7495e+00ğ›€ E:1.5934e-01V/cm J:6.0258e-02A/cm2 ğ›’:2.6443e+00ğ›€ cm
2023-05-03 09:48:54,106 INFO Measurement at current 0.0013869346733668343
2023-05-03 09:48:54,715 INFO T:287.78Â°K V:5.2001e-03V I:1.3869e-03A R:3.7494e+00ğ›€ E:1.6050e-01V/cm J:6.0697e-02A/cm2 ğ›’:2.6442e+00ğ›€ cm
2023-05-03 09:48:54,735 INFO Measurement at current 0.0013969849246231157
2023-05-03 09:48:55,339 INFO T:287.78Â°K V:5.2381e-03V I:1.3970e-03A R:3.7496e+00ğ›€ E:1.6167e-01V/cm J:6.1137e-02A/cm2 ğ›’:2.6444e+00ğ›€ cm
2023-05-03 09:48:55,355 INFO Measurement at current 0.001407035175879397
2023-05-03 09:48:55,942 INFO T:287.77Â°K V:5.2752e-03V I:1.4070e-03A R:3.7492e+00ğ›€ E:1.6282e-01V/cm J:6.1577e-02A/cm2 ğ›’:2.6441e+00ğ›€ cm
2023-05-03 09:48:55,958 INFO Measurement at current 0.0014170854271356784
2023-05-03 09:48:56,545 INFO T:287.77Â°K V:5.3129e-03V I:1.4171e-03A R:3.7492e+00ğ›€ E:1.6398e-01V/cm J:6.2017e-02A/cm2 ğ›’:2.6441e+00ğ›€ cm
2023-05-03 09:48:56,561 INFO Measurement at current 0.00142713567839196
2023-05-03 09:48:57,162 INFO T:287.76Â°K V:5.3506e-03V I:1.4271e-03A R:3.7492e+00ğ›€ E:1.6514e-01V/cm J:6.2457e-02A/cm2 ğ›’:2.6441e+00ğ›€ cm
2023-05-03 09:48:57,178 INFO Measurement at current 0.0014371859296482413
2023-05-03 09:48:57,767 INFO T:287.75Â°K V:5.3882e-03V I:1.4372e-03A R:3.7491e+00ğ›€ E:1.6630e-01V/cm J:6.2897e-02A/cm2 ğ›’:2.6441e+00ğ›€ cm
2023-05-03 09:48:57,782 INFO Measurement at current 0.0014472361809045227
2023-05-03 09:48:58,393 INFO T:287.75Â°K V:5.4257e-03V I:1.4472e-03A R:3.7490e+00ğ›€ E:1.6746e-01V/cm J:6.3336e-02A/cm2 ğ›’:2.6440e+00ğ›€ cm
2023-05-03 09:48:58,407 INFO Measurement at current 0.001457286432160804
2023-05-03 09:48:59,006 INFO T:287.74Â°K V:5.4653e-03V I:1.4573e-03A R:3.7504e+00ğ›€ E:1.6868e-01V/cm J:6.3776e-02A/cm2 ğ›’:2.6449e+00ğ›€ cm
2023-05-03 09:48:59,027 INFO Measurement at current 0.0014673366834170856
2023-05-03 09:48:59,643 INFO T:287.74Â°K V:5.5033e-03V I:1.4673e-03A R:3.7506e+00ğ›€ E:1.6986e-01V/cm J:6.4216e-02A/cm2 ğ›’:2.6451e+00ğ›€ cm
2023-05-03 09:48:59,677 INFO Measurement at current 0.001477386934673367
2023-05-03 09:49:00,283 INFO T:287.73Â°K V:5.5404e-03V I:1.4774e-03A R:3.7501e+00ğ›€ E:1.7100e-01V/cm J:6.4656e-02A/cm2 ğ›’:2.6447e+00ğ›€ cm
2023-05-03 09:49:00,306 INFO Measurement at current 0.0014874371859296483
2023-05-03 09:49:00,912 INFO T:287.73Â°K V:5.5783e-03V I:1.4874e-03A R:3.7503e+00ğ›€ E:1.7217e-01V/cm J:6.5096e-02A/cm2 ğ›’:2.6449e+00ğ›€ cm
2023-05-03 09:49:00,945 INFO Measurement at current 0.0014974874371859296
2023-05-03 09:49:01,551 INFO T:287.72Â°K V:5.6157e-03V I:1.4975e-03A R:3.7501e+00ğ›€ E:1.7332e-01V/cm J:6.5536e-02A/cm2 ğ›’:2.6447e+00ğ›€ cm
2023-05-03 09:49:01,573 INFO Measurement at current 0.0015075376884422112
2023-05-03 09:49:02,195 INFO T:287.71Â°K V:5.6536e-03V I:1.5075e-03A R:3.7502e+00ğ›€ E:1.7449e-01V/cm J:6.5975e-02A/cm2 ğ›’:2.6448e+00ğ›€ cm
2023-05-03 09:49:02,223 INFO Measurement at current 0.0015175879396984926
2023-05-03 09:49:02,838 INFO T:287.71Â°K V:5.6911e-03V I:1.5176e-03A R:3.7501e+00ğ›€ E:1.7565e-01V/cm J:6.6415e-02A/cm2 ğ›’:2.6448e+00ğ›€ cm
2023-05-03 09:49:02,859 INFO Measurement at current 0.001527638190954774
2023-05-03 09:49:03,466 INFO T:287.70Â°K V:5.7302e-03V I:1.5276e-03A R:3.7510e+00ğ›€ E:1.7686e-01V/cm J:6.6855e-02A/cm2 ğ›’:2.6454e+00ğ›€ cm
2023-05-03 09:49:03,495 INFO Measurement at current 0.0015376884422110553
2023-05-03 09:49:04,114 INFO T:287.69Â°K V:5.7675e-03V I:1.5377e-03A R:3.7508e+00ğ›€ E:1.7801e-01V/cm J:6.7295e-02A/cm2 ğ›’:2.6452e+00ğ›€ cm
2023-05-03 09:49:04,132 INFO Measurement at current 0.0015477386934673368
2023-05-03 09:49:04,729 INFO T:287.69Â°K V:5.8049e-03V I:1.5477e-03A R:3.7506e+00ğ›€ E:1.7916e-01V/cm J:6.7735e-02A/cm2 ğ›’:2.6451e+00ğ›€ cm
2023-05-03 09:49:04,755 INFO Measurement at current 0.0015577889447236182
2023-05-03 09:49:05,356 INFO T:287.68Â°K V:5.8451e-03V I:1.5578e-03A R:3.7522e+00ğ›€ E:1.8041e-01V/cm J:6.8175e-02A/cm2 ğ›’:2.6462e+00ğ›€ cm
2023-05-03 09:49:05,372 INFO Measurement at current 0.0015678391959798995
2023-05-03 09:49:05,976 INFO T:287.68Â°K V:5.8823e-03V I:1.5678e-03A R:3.7519e+00ğ›€ E:1.8155e-01V/cm J:6.8614e-02A/cm2 ğ›’:2.6460e+00ğ›€ cm
2023-05-03 09:49:05,996 INFO Measurement at current 0.0015778894472361809
2023-05-03 09:49:06,600 INFO T:287.67Â°K V:5.9207e-03V I:1.5779e-03A R:3.7523e+00ğ›€ E:1.8274e-01V/cm J:6.9054e-02A/cm2 ğ›’:2.6463e+00ğ›€ cm
2023-05-03 09:49:06,622 INFO Measurement at current 0.0015879396984924625
2023-05-03 09:49:07,228 INFO T:287.67Â°K V:5.9574e-03V I:1.5879e-03A R:3.7516e+00ğ›€ E:1.8387e-01V/cm J:6.9494e-02A/cm2 ğ›’:2.6458e+00ğ›€ cm
2023-05-03 09:49:07,299 INFO Measurement at current 0.0015979899497487438
2023-05-03 09:49:07,901 INFO T:287.66Â°K V:5.9954e-03V I:1.5980e-03A R:3.7518e+00ğ›€ E:1.8504e-01V/cm J:6.9934e-02A/cm2 ğ›’:2.6460e+00ğ›€ cm
2023-05-03 09:49:07,917 INFO Measurement at current 0.0016080402010050252
2023-05-03 09:49:08,505 INFO T:287.65Â°K V:6.0330e-03V I:1.6080e-03A R:3.7518e+00ğ›€ E:1.8620e-01V/cm J:7.0374e-02A/cm2 ğ›’:2.6459e+00ğ›€ cm
2023-05-03 09:49:08,518 INFO Measurement at current 0.0016180904522613067
2023-05-03 09:49:09,115 INFO T:287.65Â°K V:6.0700e-03V I:1.6181e-03A R:3.7514e+00ğ›€ E:1.8735e-01V/cm J:7.0814e-02A/cm2 ğ›’:2.6456e+00ğ›€ cm
2023-05-03 09:49:09,129 INFO Measurement at current 0.001628140703517588
2023-05-03 09:49:09,719 INFO T:287.64Â°K V:6.1080e-03V I:1.6281e-03A R:3.7515e+00ğ›€ E:1.8852e-01V/cm J:7.1253e-02A/cm2 ğ›’:2.6458e+00ğ›€ cm
2023-05-03 09:49:09,751 INFO Measurement at current 0.0016381909547738694
2023-05-03 09:49:10,350 INFO T:287.64Â°K V:6.1459e-03V I:1.6382e-03A R:3.7516e+00ğ›€ E:1.8969e-01V/cm J:7.1693e-02A/cm2 ğ›’:2.6458e+00ğ›€ cm
2023-05-03 09:49:10,375 INFO Measurement at current 0.0016482412060301508
2023-05-03 09:49:10,969 INFO T:287.63Â°K V:6.1844e-03V I:1.6482e-03A R:3.7521e+00ğ›€ E:1.9088e-01V/cm J:7.2133e-02A/cm2 ğ›’:2.6462e+00ğ›€ cm
2023-05-03 09:49:10,987 INFO Measurement at current 0.0016582914572864324
2023-05-03 09:49:11,579 INFO T:287.62Â°K V:6.2230e-03V I:1.6583e-03A R:3.7527e+00ğ›€ E:1.9207e-01V/cm J:7.2573e-02A/cm2 ğ›’:2.6466e+00ğ›€ cm
2023-05-03 09:49:11,594 INFO Measurement at current 0.0016683417085427137
2023-05-03 09:49:12,204 INFO T:287.62Â°K V:6.2607e-03V I:1.6683e-03A R:3.7527e+00ğ›€ E:1.9323e-01V/cm J:7.3013e-02A/cm2 ğ›’:2.6465e+00ğ›€ cm
2023-05-03 09:49:12,240 INFO Measurement at current 0.001678391959798995
2023-05-03 09:49:12,844 INFO T:287.61Â°K V:6.2986e-03V I:1.6784e-03A R:3.7527e+00ğ›€ E:1.9440e-01V/cm J:7.3453e-02A/cm2 ğ›’:2.6466e+00ğ›€ cm
2023-05-03 09:49:12,866 INFO Measurement at current 0.0016884422110552764
2023-05-03 09:49:13,467 INFO T:287.61Â°K V:6.3360e-03V I:1.6884e-03A R:3.7526e+00ğ›€ E:1.9555e-01V/cm J:7.3892e-02A/cm2 ğ›’:2.6465e+00ğ›€ cm
2023-05-03 09:49:13,484 INFO Measurement at current 0.001698492462311558
2023-05-03 09:49:14,075 INFO T:287.60Â°K V:6.3740e-03V I:1.6985e-03A R:3.7528e+00ğ›€ E:1.9673e-01V/cm J:7.4332e-02A/cm2 ğ›’:2.6466e+00ğ›€ cm
2023-05-03 09:49:14,095 INFO Measurement at current 0.0017085427135678393
2023-05-03 09:49:14,692 INFO T:287.60Â°K V:6.4118e-03V I:1.7085e-03A R:3.7528e+00ğ›€ E:1.9790e-01V/cm J:7.4772e-02A/cm2 ğ›’:2.6467e+00ğ›€ cm
2023-05-03 09:49:14,712 INFO Measurement at current 0.0017185929648241207
2023-05-03 09:49:15,328 INFO T:287.59Â°K V:6.4496e-03V I:1.7186e-03A R:3.7529e+00ğ›€ E:1.9906e-01V/cm J:7.5212e-02A/cm2 ğ›’:2.6467e+00ğ›€ cm
2023-05-03 09:49:15,349 INFO Measurement at current 0.001728643216080402
2023-05-03 09:49:15,959 INFO T:287.58Â°K V:6.4872e-03V I:1.7286e-03A R:3.7528e+00ğ›€ E:2.0022e-01V/cm J:7.5652e-02A/cm2 ğ›’:2.6466e+00ğ›€ cm
2023-05-03 09:49:15,983 INFO Measurement at current 0.0017386934673366836
2023-05-03 09:49:16,590 INFO T:287.58Â°K V:6.5251e-03V I:1.7387e-03A R:3.7529e+00ğ›€ E:2.0139e-01V/cm J:7.6092e-02A/cm2 ğ›’:2.6467e+00ğ›€ cm
2023-05-03 09:49:16,616 INFO Measurement at current 0.001748743718592965
2023-05-03 09:49:17,223 INFO T:287.57Â°K V:6.5627e-03V I:1.7487e-03A R:3.7528e+00ğ›€ E:2.0255e-01V/cm J:7.6531e-02A/cm2 ğ›’:2.6466e+00ğ›€ cm
2023-05-03 09:49:17,240 INFO Measurement at current 0.0017587939698492463
2023-05-03 09:49:17,829 INFO T:287.57Â°K V:6.6018e-03V I:1.7588e-03A R:3.7536e+00ğ›€ E:2.0376e-01V/cm J:7.6971e-02A/cm2 ğ›’:2.6472e+00ğ›€ cm
2023-05-03 09:49:17,855 INFO Measurement at current 0.0017688442211055277
2023-05-03 09:49:18,451 INFO T:287.56Â°K V:6.6394e-03V I:1.7688e-03A R:3.7535e+00ğ›€ E:2.0492e-01V/cm J:7.7411e-02A/cm2 ğ›’:2.6472e+00ğ›€ cm
2023-05-03 09:49:18,468 INFO Measurement at current 0.0017788944723618092
2023-05-03 09:49:19,062 INFO T:287.55Â°K V:6.6766e-03V I:1.7789e-03A R:3.7532e+00ğ›€ E:2.0607e-01V/cm J:7.7851e-02A/cm2 ğ›’:2.6470e+00ğ›€ cm
2023-05-03 09:49:19,082 INFO Measurement at current 0.0017889447236180906
2023-05-03 09:49:19,681 INFO T:287.55Â°K V:6.7147e-03V I:1.7889e-03A R:3.7534e+00ğ›€ E:2.0724e-01V/cm J:7.8291e-02A/cm2 ğ›’:2.6471e+00ğ›€ cm
2023-05-03 09:49:19,697 INFO Measurement at current 0.001798994974874372
2023-05-03 09:49:20,320 INFO T:287.54Â°K V:6.7519e-03V I:1.7990e-03A R:3.7531e+00ğ›€ E:2.0839e-01V/cm J:7.8731e-02A/cm2 ğ›’:2.6469e+00ğ›€ cm
2023-05-03 09:49:20,340 INFO Measurement at current 0.0018090452261306533
2023-05-03 09:49:20,950 INFO T:287.54Â°K V:6.7906e-03V I:1.8090e-03A R:3.7537e+00ğ›€ E:2.0959e-01V/cm J:7.9170e-02A/cm2 ğ›’:2.6473e+00ğ›€ cm
2023-05-03 09:49:20,966 INFO Measurement at current 0.0018190954773869348
2023-05-03 09:49:21,559 INFO T:287.53Â°K V:6.8279e-03V I:1.8191e-03A R:3.7534e+00ğ›€ E:2.1074e-01V/cm J:7.9610e-02A/cm2 ğ›’:2.6471e+00ğ›€ cm
2023-05-03 09:49:21,575 INFO Measurement at current 0.0018291457286432162
2023-05-03 09:49:22,180 INFO T:287.53Â°K V:6.8656e-03V I:1.8291e-03A R:3.7534e+00ğ›€ E:2.1190e-01V/cm J:8.0050e-02A/cm2 ğ›’:2.6471e+00ğ›€ cm
2023-05-03 09:49:22,216 INFO Measurement at current 0.0018391959798994975
2023-05-03 09:49:22,843 INFO T:287.52Â°K V:6.9028e-03V I:1.8392e-03A R:3.7532e+00ğ›€ E:2.1305e-01V/cm J:8.0490e-02A/cm2 ğ›’:2.6469e+00ğ›€ cm
2023-05-03 09:49:22,865 INFO Measurement at current 0.001849246231155779
2023-05-03 09:49:23,472 INFO T:287.51Â°K V:6.9406e-03V I:1.8492e-03A R:3.7532e+00ğ›€ E:2.1422e-01V/cm J:8.0930e-02A/cm2 ğ›’:2.6469e+00ğ›€ cm
2023-05-03 09:49:23,496 INFO Measurement at current 0.0018592964824120605
2023-05-03 09:49:24,116 INFO T:287.51Â°K V:6.9807e-03V I:1.8593e-03A R:3.7545e+00ğ›€ E:2.1546e-01V/cm J:8.1370e-02A/cm2 ğ›’:2.6479e+00ğ›€ cm
2023-05-03 09:49:24,135 INFO Measurement at current 0.0018693467336683418
2023-05-03 09:49:24,748 INFO T:287.50Â°K V:7.0180e-03V I:1.8693e-03A R:3.7542e+00ğ›€ E:2.1660e-01V/cm J:8.1809e-02A/cm2 ğ›’:2.6477e+00ğ›€ cm
2023-05-03 09:49:24,763 INFO Measurement at current 0.0018793969849246232
2023-05-03 09:49:25,366 INFO T:287.50Â°K V:7.0565e-03V I:1.8794e-03A R:3.7547e+00ğ›€ E:2.1779e-01V/cm J:8.2249e-02A/cm2 ğ›’:2.6480e+00ğ›€ cm
2023-05-03 09:49:25,386 INFO Measurement at current 0.0018894472361809045
2023-05-03 09:49:26,000 INFO T:287.49Â°K V:7.0942e-03V I:1.8894e-03A R:3.7546e+00ğ›€ E:2.1896e-01V/cm J:8.2689e-02A/cm2 ğ›’:2.6479e+00ğ›€ cm
2023-05-03 09:49:26,038 INFO Measurement at current 0.001899497487437186
2023-05-03 09:49:26,651 INFO T:287.48Â°K V:7.1320e-03V I:1.8995e-03A R:3.7547e+00ğ›€ E:2.2012e-01V/cm J:8.3129e-02A/cm2 ğ›’:2.6480e+00ğ›€ cm
2023-05-03 09:49:26,674 INFO Measurement at current 0.0019095477386934674
2023-05-03 09:49:27,268 INFO T:287.48Â°K V:7.1687e-03V I:1.9095e-03A R:3.7541e+00ğ›€ E:2.2126e-01V/cm J:8.3569e-02A/cm2 ğ›’:2.6476e+00ğ›€ cm
2023-05-03 09:49:27,290 INFO Measurement at current 0.0019195979899497488
2023-05-03 09:49:27,895 INFO T:287.47Â°K V:7.2067e-03V I:1.9196e-03A R:3.7543e+00ğ›€ E:2.2243e-01V/cm J:8.4009e-02A/cm2 ğ›’:2.6477e+00ğ›€ cm
2023-05-03 09:49:27,915 INFO Measurement at current 0.0019296482412060304
2023-05-03 09:49:28,515 INFO T:287.47Â°K V:7.2442e-03V I:1.9296e-03A R:3.7542e+00ğ›€ E:2.2359e-01V/cm J:8.4449e-02A/cm2 ğ›’:2.6476e+00ğ›€ cm
2023-05-03 09:49:28,536 INFO Measurement at current 0.0019396984924623117
2023-05-03 09:49:29,131 INFO T:287.46Â°K V:7.2821e-03V I:1.9397e-03A R:3.7543e+00ğ›€ E:2.2476e-01V/cm J:8.4888e-02A/cm2 ğ›’:2.6477e+00ğ›€ cm
2023-05-03 09:49:29,154 INFO Measurement at current 0.001949748743718593
2023-05-03 09:49:29,755 INFO T:287.46Â°K V:7.3201e-03V I:1.9497e-03A R:3.7544e+00ğ›€ E:2.2593e-01V/cm J:8.5328e-02A/cm2 ğ›’:2.6478e+00ğ›€ cm
2023-05-03 09:49:29,784 INFO Measurement at current 0.0019597989949748746
2023-05-03 09:49:30,383 INFO T:287.45Â°K V:7.3596e-03V I:1.9598e-03A R:3.7553e+00ğ›€ E:2.2715e-01V/cm J:8.5768e-02A/cm2 ğ›’:2.6484e+00ğ›€ cm
2023-05-03 09:49:30,402 INFO Measurement at current 0.0019698492462311558
2023-05-03 09:49:31,013 INFO T:287.44Â°K V:7.3975e-03V I:1.9698e-03A R:3.7554e+00ğ›€ E:2.2832e-01V/cm J:8.6208e-02A/cm2 ğ›’:2.6485e+00ğ›€ cm
2023-05-03 09:49:31,045 INFO Measurement at current 0.0019798994974874373
2023-05-03 09:49:31,652 INFO T:287.44Â°K V:7.4352e-03V I:1.9799e-03A R:3.7554e+00ğ›€ E:2.2948e-01V/cm J:8.6648e-02A/cm2 ğ›’:2.6485e+00ğ›€ cm
2023-05-03 09:49:31,677 INFO Measurement at current 0.001989949748743719
2023-05-03 09:49:32,279 INFO T:287.43Â°K V:7.4723e-03V I:1.9899e-03A R:3.7550e+00ğ›€ E:2.3063e-01V/cm J:8.7088e-02A/cm2 ğ›’:2.6482e+00ğ›€ cm
2023-05-03 09:49:32,305 INFO Measurement at current 0.002
2023-05-03 09:49:32,900 INFO T:287.43Â°K V:7.5103e-03V I:2.0000e-03A R:3.7552e+00ğ›€ E:2.3180e-01V/cm J:8.7527e-02A/cm2 ğ›’:2.6483e+00ğ›€ cm
2023-05-03 09:49:41,456 INFO Save the description file
2023-05-03 09:49:41,460 INFO Save data in numpy format Esperimenti/CPRO_MUSA_030523_I_V/CPRO_MUSA_030523_I_V_current_from_0_to_20e-4A/CPRO_MUSA_030523_I_V_current_from_0_to_20e-4A-20230503094939
2023-05-03 09:49:41,473 INFO Save data in CSV format Esperimenti/CPRO_MUSA_030523_I_V/CPRO_MUSA_030523_I_V_current_from_0_to_20e-4A/CPRO_MUSA_030523_I_V_current_from_0_to_20e-4A-20230503094939.csv
2023-05-03 09:49:41,486 INFO Save plot as image Esperimenti/CPRO_MUSA_030523_I_V/CPRO_MUSA_030523_I_V_current_from_0_to_20e-4A/CPRO_MUSA_030523_I_V_current_from_0_to_20e-4A-20230503094939.png
