2023-05-03 14:56:30,813 INFO ### Start experiment: CPRO_MUSA_030523_I_V current from 0 to 20e-4A ###
2023-05-03 14:56:32,159 INFO Found Multimeter KEITHLEY INSTRUMENTS INC.,MODEL 2700,0884890,B03  /A02  

2023-05-03 14:56:33,190 INFO Found Nanovolt Meter KEITHLEY INSTRUMENTS INC.,MODEL 2182A,4056474,C03  /A02  

2023-05-03 14:56:33,305 INFO Found Source Meter KEITHLEY INSTRUMENTS INC.,MODEL 2400,0945684,C24   Feb 14 2002 11:59:45/A02  /K/H

2023-05-03 14:56:33,431 INFO Start the measurement loop
2023-05-03 14:56:37,856 INFO Measurement at current 0.0
2023-05-03 14:56:38,780 INFO T:122.97Â°K V:-6.0362e-05V I:0.0000e+00A R:-infğ›€ E:-1.8630e-03V/cm J:0.0000e+00A/cm2 ğ›’:-infğ›€ cm
2023-05-03 14:56:38,802 INFO Measurement at current 1.0050251256281408e-05
2023-05-03 14:56:40,064 INFO T:122.95Â°K V:8.2604e-02V I:1.0050e-05A R:8.2191e+03ğ›€ E:2.5495e+00V/cm J:4.3984e-04A/cm2 ğ›’:5.7965e+03ğ›€ cm
2023-05-03 14:56:40,081 INFO Measurement at current 2.0100502512562815e-05
2023-05-03 14:56:41,206 INFO T:122.92Â°K V:1.6497e-01V I:2.0101e-05A R:8.2075e+03ğ›€ E:5.0918e+00V/cm J:8.7967e-04A/cm2 ğ›’:5.7883e+03ğ›€ cm
2023-05-03 14:56:41,221 INFO Measurement at current 3.0150753768844224e-05
2023-05-03 14:56:41,809 INFO T:122.91Â°K V:2.4705e-01V I:3.0151e-05A R:8.1938e+03ğ›€ E:7.6250e+00V/cm J:1.3195e-03A/cm2 ğ›’:5.7787e+03ğ›€ cm
2023-05-03 14:56:41,833 INFO Measurement at current 4.020100502512563e-05
2023-05-03 14:56:42,434 INFO T:122.90Â°K V:3.2730e-01V I:4.0201e-05A R:8.1417e+03ğ›€ E:1.0102e+01V/cm J:1.7593e-03A/cm2 ğ›’:5.7419e+03ğ›€ cm
2023-05-03 14:56:42,458 INFO Measurement at current 5.0251256281407036e-05
2023-05-03 14:56:43,052 INFO T:122.88Â°K V:4.0825e-01V I:5.0251e-05A R:8.1242e+03ğ›€ E:1.2600e+01V/cm J:2.1992e-03A/cm2 ğ›’:5.7296e+03ğ›€ cm
2023-05-03 14:56:43,069 INFO Measurement at current 6.030150753768845e-05
2023-05-03 14:56:43,666 INFO T:122.87Â°K V:4.8735e-01V I:6.0302e-05A R:8.0819e+03ğ›€ E:1.5042e+01V/cm J:2.6390e-03A/cm2 ğ›’:5.6997e+03ğ›€ cm
2023-05-03 14:56:43,685 INFO Measurement at current 7.035175879396985e-05
2023-05-03 14:56:44,272 INFO T:122.86Â°K V:5.6539e-01V I:7.0352e-05A R:8.0366e+03ğ›€ E:1.7450e+01V/cm J:3.0789e-03A/cm2 ğ›’:5.6678e+03ğ›€ cm
2023-05-03 14:56:44,289 INFO Measurement at current 8.040201005025126e-05
2023-05-03 14:56:44,895 INFO T:122.84Â°K V:6.4462e-01V I:8.0402e-05A R:8.0175e+03ğ›€ E:1.9896e+01V/cm J:3.5187e-03A/cm2 ğ›’:5.6543e+03ğ›€ cm
2023-05-03 14:56:44,917 INFO Measurement at current 9.045226130653267e-05
2023-05-03 14:56:45,519 INFO T:122.83Â°K V:7.1881e-01V I:9.0452e-05A R:7.9468e+03ğ›€ E:2.2185e+01V/cm J:3.9585e-03A/cm2 ğ›’:5.6045e+03ğ›€ cm
2023-05-03 14:56:45,550 INFO Measurement at current 0.00010050251256281407
2023-05-03 14:56:46,143 INFO T:122.82Â°K V:7.9383e-01V I:1.0050e-04A R:7.8986e+03ğ›€ E:2.4501e+01V/cm J:4.3984e-03A/cm2 ğ›’:5.5705e+03ğ›€ cm
2023-05-03 14:56:46,160 INFO Measurement at current 0.00011055276381909548
2023-05-03 14:56:46,745 INFO T:122.80Â°K V:8.6839e-01V I:1.1055e-04A R:7.8550e+03ğ›€ E:2.6802e+01V/cm J:4.8382e-03A/cm2 ğ›’:5.5397e+03ğ›€ cm
2023-05-03 14:56:46,765 INFO Measurement at current 0.0001206030150753769
2023-05-03 14:56:47,370 INFO T:122.79Â°K V:9.3863e-01V I:1.2060e-04A R:7.7828e+03ğ›€ E:2.8970e+01V/cm J:5.2780e-03A/cm2 ğ›’:5.4888e+03ğ›€ cm
2023-05-03 14:56:47,386 INFO Measurement at current 0.0001306532663316583
2023-05-03 14:56:47,975 INFO T:122.78Â°K V:1.0114e+00V I:1.3065e-04A R:7.7414e+03ğ›€ E:3.1217e+01V/cm J:5.7179e-03A/cm2 ğ›’:5.4596e+03ğ›€ cm
2023-05-03 14:56:47,998 INFO Measurement at current 0.0001407035175879397
2023-05-03 14:56:48,600 INFO T:122.77Â°K V:1.0791e+00V I:1.4070e-04A R:7.6694e+03ğ›€ E:3.3306e+01V/cm J:6.1577e-03A/cm2 ğ›’:5.4088e+03ğ›€ cm
2023-05-03 14:56:48,624 INFO Measurement at current 0.00015075376884422112
2023-05-03 14:56:49,250 INFO T:122.75Â°K V:1.1448e+00V I:1.5075e-04A R:7.5937e+03ğ›€ E:3.5333e+01V/cm J:6.5975e-03A/cm2 ğ›’:5.3554e+03ğ›€ cm
2023-05-03 14:56:49,269 INFO Measurement at current 0.00016080402010050252
2023-05-03 14:56:50,602 INFO T:122.72Â°K V:1.2024e+00V I:1.6080e-04A R:7.4773e+03ğ›€ E:3.7111e+01V/cm J:7.0374e-03A/cm2 ğ›’:5.2734e+03ğ›€ cm
2023-05-03 14:56:50,625 INFO Measurement at current 0.00017085427135678393
2023-05-03 14:56:51,226 INFO T:122.71Â°K V:1.2649e+00V I:1.7085e-04A R:7.4036e+03ğ›€ E:3.9041e+01V/cm J:7.4772e-03A/cm2 ğ›’:5.2214e+03ğ›€ cm
2023-05-03 14:56:51,256 INFO Measurement at current 0.00018090452261306533
2023-05-03 14:56:51,849 INFO T:122.70Â°K V:1.3308e+00V I:1.8090e-04A R:7.3564e+03ğ›€ E:4.1074e+01V/cm J:7.9170e-03A/cm2 ğ›’:5.1881e+03ğ›€ cm
2023-05-03 14:56:51,870 INFO Measurement at current 0.00019095477386934674
2023-05-03 14:56:52,457 INFO T:122.68Â°K V:1.3885e+00V I:1.9095e-04A R:7.2711e+03ğ›€ E:4.2854e+01V/cm J:8.3569e-03A/cm2 ğ›’:5.1279e+03ğ›€ cm
2023-05-03 14:56:52,473 INFO Measurement at current 0.00020100502512562814
2023-05-03 14:56:53,057 INFO T:122.67Â°K V:1.4494e+00V I:2.0101e-04A R:7.2106e+03ğ›€ E:4.4733e+01V/cm J:8.7967e-03A/cm2 ğ›’:5.0852e+03ğ›€ cm
2023-05-03 14:56:53,080 INFO Measurement at current 0.00021105527638190955
2023-05-03 14:56:53,682 INFO T:122.66Â°K V:1.5115e+00V I:2.1106e-04A R:7.1615e+03ğ›€ E:4.6650e+01V/cm J:9.2366e-03A/cm2 ğ›’:5.0506e+03ğ›€ cm
2023-05-03 14:56:53,714 INFO Measurement at current 0.00022110552763819096
2023-05-03 14:56:54,320 INFO T:122.64Â°K V:1.5627e+00V I:2.2111e-04A R:7.0676e+03ğ›€ E:4.8231e+01V/cm J:9.6764e-03A/cm2 ğ›’:4.9844e+03ğ›€ cm
2023-05-03 14:56:54,339 INFO Measurement at current 0.00023115577889447236
2023-05-03 14:56:54,924 INFO T:122.63Â°K V:1.6216e+00V I:2.3116e-04A R:7.0151e+03ğ›€ E:5.0049e+01V/cm J:1.0116e-02A/cm2 ğ›’:4.9474e+03ğ›€ cm
2023-05-03 14:56:54,963 INFO Measurement at current 0.0002412060301507538
2023-05-03 14:56:55,550 INFO T:122.62Â°K V:1.6731e+00V I:2.4121e-04A R:6.9363e+03ğ›€ E:5.1638e+01V/cm J:1.0556e-02A/cm2 ğ›’:4.8918e+03ğ›€ cm
2023-05-03 14:56:55,567 INFO Measurement at current 0.0002512562814070352
2023-05-03 14:56:56,163 INFO T:122.61Â°K V:1.7225e+00V I:2.5126e-04A R:6.8557e+03ğ›€ E:5.3165e+01V/cm J:1.0996e-02A/cm2 ğ›’:4.8349e+03ğ›€ cm
2023-05-03 14:56:56,186 INFO Measurement at current 0.0002613065326633166
2023-05-03 14:56:56,786 INFO T:122.59Â°K V:1.7722e+00V I:2.6131e-04A R:6.7820e+03ğ›€ E:5.4697e+01V/cm J:1.1436e-02A/cm2 ğ›’:4.7830e+03ğ›€ cm
2023-05-03 14:56:56,801 INFO Measurement at current 0.000271356783919598
2023-05-03 14:56:57,390 INFO T:122.58Â°K V:1.8160e+00V I:2.7136e-04A R:6.6922e+03ğ›€ E:5.6048e+01V/cm J:1.1876e-02A/cm2 ğ›’:4.7196e+03ğ›€ cm
2023-05-03 14:56:57,410 INFO Measurement at current 0.0002814070351758794
2023-05-03 14:56:57,993 INFO T:122.57Â°K V:1.8622e+00V I:2.8141e-04A R:6.6174e+03ğ›€ E:5.7475e+01V/cm J:1.2315e-02A/cm2 ğ›’:4.6669e+03ğ›€ cm
2023-05-03 14:56:58,019 INFO Measurement at current 0.0002914572864321608
2023-05-03 14:56:58,608 INFO T:122.56Â°K V:1.9098e+00V I:2.9146e-04A R:6.5527e+03ğ›€ E:5.8946e+01V/cm J:1.2755e-02A/cm2 ğ›’:4.6213e+03ğ›€ cm
2023-05-03 14:56:58,625 INFO Measurement at current 0.00030150753768844223
2023-05-03 14:56:59,218 INFO T:122.54Â°K V:1.9522e+00V I:3.0151e-04A R:6.4750e+03ğ›€ E:6.0255e+01V/cm J:1.3195e-02A/cm2 ğ›’:4.5664e+03ğ›€ cm
2023-05-03 14:56:59,245 INFO Measurement at current 0.00031155778894472364
2023-05-03 14:56:59,844 INFO T:122.53Â°K V:1.9985e+00V I:3.1156e-04A R:6.4147e+03ğ›€ E:6.1684e+01V/cm J:1.3635e-02A/cm2 ğ›’:4.5239e+03ğ›€ cm
2023-05-03 14:56:59,869 INFO Measurement at current 0.00032160804020100504
2023-05-03 14:57:00,464 INFO T:122.52Â°K V:2.0385e+00V I:3.2161e-04A R:6.3386e+03ğ›€ E:6.2918e+01V/cm J:1.4075e-02A/cm2 ğ›’:4.4703e+03ğ›€ cm
2023-05-03 14:57:00,484 INFO Measurement at current 0.00033165829145728645
2023-05-03 14:57:01,073 INFO T:122.50Â°K V:2.0773e+00V I:3.3166e-04A R:6.2635e+03ğ›€ E:6.4115e+01V/cm J:1.4515e-02A/cm2 ğ›’:4.4173e+03ğ›€ cm
2023-05-03 14:57:01,097 INFO Measurement at current 0.00034170854271356785
2023-05-03 14:57:01,685 INFO T:122.49Â°K V:2.1210e+00V I:3.4171e-04A R:6.2069e+03ğ›€ E:6.5462e+01V/cm J:1.4954e-02A/cm2 ğ›’:4.3774e+03ğ›€ cm
2023-05-03 14:57:01,707 INFO Measurement at current 0.00035175879396984926
2023-05-03 14:57:02,296 INFO T:122.48Â°K V:2.1551e+00V I:3.5176e-04A R:6.1268e+03ğ›€ E:6.6517e+01V/cm J:1.5394e-02A/cm2 ğ›’:4.3209e+03ğ›€ cm
2023-05-03 14:57:02,319 INFO Measurement at current 0.00036180904522613067
2023-05-03 14:57:02,920 INFO T:122.47Â°K V:2.1915e+00V I:3.6181e-04A R:6.0572e+03ğ›€ E:6.7640e+01V/cm J:1.5834e-02A/cm2 ğ›’:4.2718e+03ğ›€ cm
2023-05-03 14:57:02,936 INFO Measurement at current 0.00037185929648241207
2023-05-03 14:57:03,524 INFO T:122.45Â°K V:2.2309e+00V I:3.7186e-04A R:5.9994e+03ğ›€ E:6.8856e+01V/cm J:1.6274e-02A/cm2 ğ›’:4.2311e+03ğ›€ cm
2023-05-03 14:57:03,541 INFO Measurement at current 0.0003819095477386935
2023-05-03 14:57:04,130 INFO T:122.44Â°K V:2.2534e+00V I:3.8191e-04A R:5.9002e+03ğ›€ E:6.9548e+01V/cm J:1.6714e-02A/cm2 ğ›’:4.1611e+03ğ›€ cm
2023-05-03 14:57:04,165 INFO Measurement at current 0.0003919597989949749
2023-05-03 14:57:04,754 INFO T:122.43Â°K V:2.2904e+00V I:3.9196e-04A R:5.8434e+03ğ›€ E:7.0691e+01V/cm J:1.7154e-02A/cm2 ğ›’:4.1211e+03ğ›€ cm
2023-05-03 14:57:04,769 INFO Measurement at current 0.0004020100502512563
2023-05-03 14:57:05,354 INFO T:122.42Â°K V:2.3235e+00V I:4.0201e-04A R:5.7798e+03ğ›€ E:7.1714e+01V/cm J:1.7593e-02A/cm2 ğ›’:4.0762e+03ğ›€ cm
2023-05-03 14:57:05,377 INFO Measurement at current 0.0004120603015075377
2023-05-03 14:57:05,978 INFO T:122.40Â°K V:2.3496e+00V I:4.1206e-04A R:5.7022e+03ğ›€ E:7.2519e+01V/cm J:1.8033e-02A/cm2 ğ›’:4.0214e+03ğ›€ cm
2023-05-03 14:57:05,996 INFO Measurement at current 0.0004221105527638191
2023-05-03 14:57:06,602 INFO T:122.39Â°K V:2.3819e+00V I:4.2211e-04A R:5.6427e+03ğ›€ E:7.3514e+01V/cm J:1.8473e-02A/cm2 ğ›’:3.9795e+03ğ›€ cm
2023-05-03 14:57:06,620 INFO Measurement at current 0.0004321608040201005
2023-05-03 14:57:07,208 INFO T:122.38Â°K V:2.4033e+00V I:4.3216e-04A R:5.5612e+03ğ›€ E:7.4177e+01V/cm J:1.8913e-02A/cm2 ğ›’:3.9220e+03ğ›€ cm
2023-05-03 14:57:07,231 INFO Measurement at current 0.0004422110552763819
2023-05-03 14:57:07,814 INFO T:122.36Â°K V:2.4294e+00V I:4.4221e-04A R:5.4938e+03ğ›€ E:7.4982e+01V/cm J:1.9353e-02A/cm2 ğ›’:3.8745e+03ğ›€ cm
2023-05-03 14:57:07,839 INFO Measurement at current 0.0004522613065326633
2023-05-03 14:57:08,430 INFO T:122.35Â°K V:2.4591e+00V I:4.5226e-04A R:5.4374e+03ğ›€ E:7.5899e+01V/cm J:1.9793e-02A/cm2 ğ›’:3.8347e+03ğ›€ cm
2023-05-03 14:57:08,454 INFO Measurement at current 0.0004623115577889447
2023-05-03 14:57:09,052 INFO T:122.34Â°K V:2.4741e+00V I:4.6231e-04A R:5.3516e+03ğ›€ E:7.6361e+01V/cm J:2.0232e-02A/cm2 ğ›’:3.7742e+03ğ›€ cm
2023-05-03 14:57:09,068 INFO Measurement at current 0.00047236180904522613
2023-05-03 14:57:09,662 INFO T:122.33Â°K V:2.5035e+00V I:4.7236e-04A R:5.3000e+03ğ›€ E:7.7269e+01V/cm J:2.0672e-02A/cm2 ğ›’:3.7378e+03ğ›€ cm
2023-05-03 14:57:09,695 INFO Measurement at current 0.0004824120603015076
2023-05-03 14:57:10,287 INFO T:122.31Â°K V:2.5233e+00V I:4.8241e-04A R:5.2305e+03ğ›€ E:7.7879e+01V/cm J:2.1112e-02A/cm2 ğ›’:3.6888e+03ğ›€ cm
2023-05-03 14:57:10,308 INFO Measurement at current 0.0004924623115577889
2023-05-03 14:57:10,904 INFO T:122.30Â°K V:2.5464e+00V I:4.9246e-04A R:5.1708e+03ğ›€ E:7.8593e+01V/cm J:2.1552e-02A/cm2 ğ›’:3.6467e+03ğ›€ cm
2023-05-03 14:57:10,923 INFO Measurement at current 0.0005025125628140704
2023-05-03 14:57:11,527 INFO T:122.29Â°K V:2.5681e+00V I:5.0251e-04A R:5.1106e+03ğ›€ E:7.9263e+01V/cm J:2.1992e-02A/cm2 ğ›’:3.6042e+03ğ›€ cm
2023-05-03 14:57:11,553 INFO Measurement at current 0.0005125628140703518
2023-05-03 14:57:12,155 INFO T:122.27Â°K V:2.5828e+00V I:5.1256e-04A R:5.0391e+03ğ›€ E:7.9717e+01V/cm J:2.2432e-02A/cm2 ğ›’:3.5538e+03ğ›€ cm
2023-05-03 14:57:12,179 INFO Measurement at current 0.0005226130653266332
2023-05-03 14:57:12,771 INFO T:122.26Â°K V:2.6033e+00V I:5.2261e-04A R:4.9814e+03ğ›€ E:8.0349e+01V/cm J:2.2871e-02A/cm2 ğ›’:3.5131e+03ğ›€ cm
2023-05-03 14:57:12,787 INFO Measurement at current 0.0005326633165829146
2023-05-03 14:57:13,380 INFO T:122.25Â°K V:2.6286e+00V I:5.3266e-04A R:4.9349e+03ğ›€ E:8.1131e+01V/cm J:2.3311e-02A/cm2 ğ›’:3.4803e+03ğ›€ cm
2023-05-03 14:57:13,405 INFO Measurement at current 0.000542713567839196
2023-05-03 14:57:14,000 INFO T:122.24Â°K V:2.6416e+00V I:5.4271e-04A R:4.8674e+03ğ›€ E:8.1531e+01V/cm J:2.3751e-02A/cm2 ğ›’:3.4327e+03ğ›€ cm
2023-05-03 14:57:14,015 INFO Measurement at current 0.0005527638190954774
2023-05-03 14:57:14,625 INFO T:122.22Â°K V:2.6654e+00V I:5.5276e-04A R:4.8219e+03ğ›€ E:8.2264e+01V/cm J:2.4191e-02A/cm2 ğ›’:3.4006e+03ğ›€ cm
2023-05-03 14:57:14,651 INFO Measurement at current 0.0005628140703517588
2023-05-03 14:57:15,252 INFO T:122.21Â°K V:2.6799e+00V I:5.6281e-04A R:4.7615e+03ğ›€ E:8.2712e+01V/cm J:2.4631e-02A/cm2 ğ›’:3.3581e+03ğ›€ cm
2023-05-03 14:57:15,272 INFO Measurement at current 0.0005728643216080402
2023-05-03 14:57:15,855 INFO T:122.20Â°K V:2.6897e+00V I:5.7286e-04A R:4.6952e+03ğ›€ E:8.3016e+01V/cm J:2.5071e-02A/cm2 ğ›’:3.3113e+03ğ›€ cm
2023-05-03 14:57:15,875 INFO Measurement at current 0.0005829145728643216
2023-05-03 14:57:16,464 INFO T:122.19Â°K V:2.7085e+00V I:5.8291e-04A R:4.6464e+03ğ›€ E:8.3595e+01V/cm J:2.5510e-02A/cm2 ğ›’:3.2769e+03ğ›€ cm
2023-05-03 14:57:16,483 INFO Measurement at current 0.000592964824120603
2023-05-03 14:57:17,076 INFO T:122.17Â°K V:2.7262e+00V I:5.9296e-04A R:4.5975e+03ğ›€ E:8.4141e+01V/cm J:2.5950e-02A/cm2 ğ›’:3.2424e+03ğ›€ cm
2023-05-03 14:57:17,098 INFO Measurement at current 0.0006030150753768845
2023-05-03 14:57:17,711 INFO T:122.16Â°K V:2.7409e+00V I:6.0302e-04A R:4.5453e+03ğ›€ E:8.4595e+01V/cm J:2.6390e-02A/cm2 ğ›’:3.2055e+03ğ›€ cm
2023-05-03 14:57:17,731 INFO Measurement at current 0.0006130653266331658
2023-05-03 14:57:18,322 INFO T:122.15Â°K V:2.7418e+00V I:6.1307e-04A R:4.4722e+03ğ›€ E:8.4622e+01V/cm J:2.6830e-02A/cm2 ğ›’:3.1540e+03ğ›€ cm
2023-05-03 14:57:18,354 INFO Measurement at current 0.0006231155778894473
2023-05-03 14:57:18,948 INFO T:122.14Â°K V:2.7461e+00V I:6.2312e-04A R:4.4071e+03ğ›€ E:8.4757e+01V/cm J:2.7270e-02A/cm2 ğ›’:3.1081e+03ğ›€ cm
2023-05-03 14:57:18,968 INFO Measurement at current 0.0006331658291457286
2023-05-03 14:57:19,553 INFO T:122.12Â°K V:2.7706e+00V I:6.3317e-04A R:4.3757e+03ğ›€ E:8.5511e+01V/cm J:2.7710e-02A/cm2 ğ›’:3.0860e+03ğ›€ cm
2023-05-03 14:57:19,579 INFO Measurement at current 0.0006432160804020101
2023-05-03 14:57:20,166 INFO T:122.11Â°K V:2.7847e+00V I:6.4322e-04A R:4.3294e+03ğ›€ E:8.5949e+01V/cm J:2.8150e-02A/cm2 ğ›’:3.0533e+03ğ›€ cm
2023-05-03 14:57:20,189 INFO Measurement at current 0.0006532663316582915
2023-05-03 14:57:20,794 INFO T:122.10Â°K V:2.7889e+00V I:6.5327e-04A R:4.2691e+03ğ›€ E:8.6076e+01V/cm J:2.8589e-02A/cm2 ğ›’:3.0108e+03ğ›€ cm
2023-05-03 14:57:20,837 INFO Measurement at current 0.0006633165829145729
2023-05-03 14:57:21,426 INFO T:122.09Â°K V:2.8042e+00V I:6.6332e-04A R:4.2276e+03ğ›€ E:8.6550e+01V/cm J:2.9029e-02A/cm2 ğ›’:2.9815e+03ğ›€ cm
2023-05-03 14:57:21,454 INFO Measurement at current 0.0006733668341708544
2023-05-03 14:57:22,061 INFO T:122.07Â°K V:2.8083e+00V I:6.7337e-04A R:4.1706e+03ğ›€ E:8.6676e+01V/cm J:2.9469e-02A/cm2 ğ›’:2.9413e+03ğ›€ cm
2023-05-03 14:57:22,081 INFO Measurement at current 0.0006834170854271357
2023-05-03 14:57:22,678 INFO T:122.06Â°K V:2.8161e+00V I:6.8342e-04A R:4.1206e+03ğ›€ E:8.6916e+01V/cm J:2.9909e-02A/cm2 ğ›’:2.9060e+03ğ›€ cm
2023-05-03 14:57:22,700 INFO Measurement at current 0.0006934673366834172
2023-05-03 14:57:23,308 INFO T:122.05Â°K V:2.8318e+00V I:6.9347e-04A R:4.0835e+03ğ›€ E:8.7400e+01V/cm J:3.0349e-02A/cm2 ğ›’:2.8799e+03ğ›€ cm
2023-05-03 14:57:23,331 INFO Measurement at current 0.0007035175879396985
2023-05-03 14:57:23,930 INFO T:122.03Â°K V:2.8414e+00V I:7.0352e-04A R:4.0388e+03ğ›€ E:8.7697e+01V/cm J:3.0789e-02A/cm2 ğ›’:2.8484e+03ğ›€ cm
2023-05-03 14:57:23,953 INFO Measurement at current 0.00071356783919598
2023-05-03 14:57:24,547 INFO T:122.02Â°K V:2.8517e+00V I:7.1357e-04A R:3.9963e+03ğ›€ E:8.8014e+01V/cm J:3.1228e-02A/cm2 ğ›’:2.8184e+03ğ›€ cm
2023-05-03 14:57:24,566 INFO Measurement at current 0.0007236180904522613
2023-05-03 14:57:25,154 INFO T:122.01Â°K V:2.8619e+00V I:7.2362e-04A R:3.9550e+03ğ›€ E:8.8331e+01V/cm J:3.1668e-02A/cm2 ğ›’:2.7893e+03ğ›€ cm
2023-05-03 14:57:25,171 INFO Measurement at current 0.0007336683417085428
2023-05-03 14:57:25,754 INFO T:122.00Â°K V:2.8634e+00V I:7.3367e-04A R:3.9028e+03ğ›€ E:8.8375e+01V/cm J:3.2108e-02A/cm2 ğ›’:2.7524e+03ğ›€ cm
2023-05-03 14:57:25,772 INFO Measurement at current 0.0007437185929648241
2023-05-03 14:57:26,371 INFO T:121.98Â°K V:2.8722e+00V I:7.4372e-04A R:3.8620e+03ğ›€ E:8.8649e+01V/cm J:3.2548e-02A/cm2 ğ›’:2.7236e+03ğ›€ cm
2023-05-03 14:57:26,391 INFO Measurement at current 0.0007537688442211056
2023-05-03 14:57:26,975 INFO T:121.97Â°K V:2.8791e+00V I:7.5377e-04A R:3.8196e+03ğ›€ E:8.8861e+01V/cm J:3.2988e-02A/cm2 ğ›’:2.6938e+03ğ›€ cm
2023-05-03 14:57:27,003 INFO Measurement at current 0.000763819095477387
2023-05-03 14:57:27,600 INFO T:121.96Â°K V:2.8802e+00V I:7.6382e-04A R:3.7708e+03ğ›€ E:8.8896e+01V/cm J:3.3428e-02A/cm2 ğ›’:2.6594e+03ğ›€ cm
2023-05-03 14:57:27,623 INFO Measurement at current 0.0007738693467336684
2023-05-03 14:57:28,232 INFO T:121.95Â°K V:2.8909e+00V I:7.7387e-04A R:3.7357e+03ğ›€ E:8.9227e+01V/cm J:3.3867e-02A/cm2 ğ›’:2.6346e+03ğ›€ cm
2023-05-03 14:57:28,251 INFO Measurement at current 0.0007839195979899498
2023-05-03 14:57:28,853 INFO T:121.93Â°K V:2.8949e+00V I:7.8392e-04A R:3.6928e+03ğ›€ E:8.9348e+01V/cm J:3.4307e-02A/cm2 ğ›’:2.6043e+03ğ›€ cm
2023-05-03 14:57:28,871 INFO Measurement at current 0.0007939698492462312
2023-05-03 14:57:29,461 INFO T:121.92Â°K V:2.9058e+00V I:7.9397e-04A R:3.6598e+03ğ›€ E:8.9684e+01V/cm J:3.4747e-02A/cm2 ğ›’:2.5810e+03ğ›€ cm
2023-05-03 14:57:29,486 INFO Measurement at current 0.0008040201005025126
2023-05-03 14:57:30,099 INFO T:121.91Â°K V:2.9159e+00V I:8.0402e-04A R:3.6266e+03ğ›€ E:8.9996e+01V/cm J:3.5187e-02A/cm2 ğ›’:2.5576e+03ğ›€ cm
2023-05-03 14:57:30,120 INFO Measurement at current 0.000814070351758794
2023-05-03 14:57:30,716 INFO T:121.90Â°K V:2.9216e+00V I:8.1407e-04A R:3.5888e+03ğ›€ E:9.0172e+01V/cm J:3.5627e-02A/cm2 ğ›’:2.5310e+03ğ›€ cm
2023-05-03 14:57:30,735 INFO Measurement at current 0.0008241206030150754
2023-05-03 14:57:31,331 INFO T:121.88Â°K V:2.9268e+00V I:8.2412e-04A R:3.5514e+03ğ›€ E:9.0333e+01V/cm J:3.6067e-02A/cm2 ğ›’:2.5046e+03ğ›€ cm
2023-05-03 14:57:31,349 INFO Measurement at current 0.0008341708542713569
2023-05-03 14:57:31,946 INFO T:121.87Â°K V:2.9406e+00V I:8.3417e-04A R:3.5251e+03ğ›€ E:9.0758e+01V/cm J:3.6506e-02A/cm2 ğ›’:2.4861e+03ğ›€ cm
2023-05-03 14:57:31,963 INFO Measurement at current 0.0008442211055276382
2023-05-03 14:57:32,548 INFO T:121.86Â°K V:2.9370e+00V I:8.4422e-04A R:3.4790e+03ğ›€ E:9.0650e+01V/cm J:3.6946e-02A/cm2 ğ›’:2.4536e+03ğ›€ cm
2023-05-03 14:57:32,574 INFO Measurement at current 0.0008542713567839197
2023-05-03 14:57:33,161 INFO T:121.85Â°K V:2.9479e+00V I:8.5427e-04A R:3.4508e+03ğ›€ E:9.0985e+01V/cm J:3.7386e-02A/cm2 ğ›’:2.4337e+03ğ›€ cm
2023-05-03 14:57:33,182 INFO Measurement at current 0.000864321608040201
2023-05-03 14:57:33,772 INFO T:121.83Â°K V:2.9538e+00V I:8.6432e-04A R:3.4175e+03ğ›€ E:9.1166e+01V/cm J:3.7826e-02A/cm2 ğ›’:2.4102e+03ğ›€ cm
2023-05-03 14:57:33,790 INFO Measurement at current 0.0008743718592964825
2023-05-03 14:57:34,377 INFO T:121.82Â°K V:2.9492e+00V I:8.7437e-04A R:3.3730e+03ğ›€ E:9.1026e+01V/cm J:3.8266e-02A/cm2 ğ›’:2.3788e+03ğ›€ cm
2023-05-03 14:57:34,393 INFO Measurement at current 0.0008844221105527638
2023-05-03 14:57:34,985 INFO T:121.81Â°K V:2.9556e+00V I:8.8442e-04A R:3.3418e+03ğ›€ E:9.1221e+01V/cm J:3.8706e-02A/cm2 ğ›’:2.3568e+03ğ›€ cm
2023-05-03 14:57:35,002 INFO Measurement at current 0.0008944723618090453
2023-05-03 14:57:35,590 INFO T:121.80Â°K V:2.9467e+00V I:8.9447e-04A R:3.2943e+03ğ›€ E:9.0947e+01V/cm J:3.9145e-02A/cm2 ğ›’:2.3233e+03ğ›€ cm
2023-05-03 14:57:35,606 INFO Measurement at current 0.0009045226130653266
2023-05-03 14:57:36,195 INFO T:121.79Â°K V:2.9441e+00V I:9.0452e-04A R:3.2549e+03ğ›€ E:9.0869e+01V/cm J:3.9585e-02A/cm2 ğ›’:2.2955e+03ğ›€ cm
2023-05-03 14:57:36,212 INFO Measurement at current 0.0009145728643216081
2023-05-03 14:57:36,819 INFO T:121.77Â°K V:2.9501e+00V I:9.1457e-04A R:3.2257e+03ğ›€ E:9.1053e+01V/cm J:4.0025e-02A/cm2 ğ›’:2.2749e+03ğ›€ cm
2023-05-03 14:57:36,853 INFO Measurement at current 0.0009246231155778894
2023-05-03 14:57:37,452 INFO T:121.76Â°K V:2.9492e+00V I:9.2462e-04A R:3.1896e+03ğ›€ E:9.1024e+01V/cm J:4.0465e-02A/cm2 ğ›’:2.2495e+03ğ›€ cm
2023-05-03 14:57:37,476 INFO Measurement at current 0.0009346733668341709
2023-05-03 14:57:38,070 INFO T:121.75Â°K V:2.9617e+00V I:9.3467e-04A R:3.1687e+03ğ›€ E:9.1410e+01V/cm J:4.0905e-02A/cm2 ğ›’:2.2347e+03ğ›€ cm
2023-05-03 14:57:38,089 INFO Measurement at current 0.0009447236180904523
2023-05-03 14:57:38,687 INFO T:121.74Â°K V:2.9696e+00V I:9.4472e-04A R:3.1434e+03ğ›€ E:9.1655e+01V/cm J:4.1345e-02A/cm2 ğ›’:2.2169e+03ğ›€ cm
2023-05-03 14:57:38,709 INFO Measurement at current 0.0009547738693467337
2023-05-03 14:57:39,304 INFO T:121.72Â°K V:2.9674e+00V I:9.5477e-04A R:3.1080e+03ğ›€ E:9.1587e+01V/cm J:4.1784e-02A/cm2 ğ›’:2.1919e+03ğ›€ cm
2023-05-03 14:57:39,331 INFO Measurement at current 0.0009648241206030152
2023-05-03 14:57:39,928 INFO T:121.71Â°K V:2.9792e+00V I:9.6482e-04A R:3.0878e+03ğ›€ E:9.1950e+01V/cm J:4.2224e-02A/cm2 ğ›’:2.1777e+03ğ›€ cm
2023-05-03 14:57:39,941 INFO Measurement at current 0.0009748743718592965
2023-05-03 14:57:40,524 INFO T:121.70Â°K V:2.9803e+00V I:9.7487e-04A R:3.0571e+03ğ›€ E:9.1984e+01V/cm J:4.2664e-02A/cm2 ğ›’:2.1560e+03ğ›€ cm
2023-05-03 14:57:40,541 INFO Measurement at current 0.0009849246231155779
2023-05-03 14:57:41,126 INFO T:121.69Â°K V:2.9854e+00V I:9.8492e-04A R:3.0310e+03ğ›€ E:9.2141e+01V/cm J:4.3104e-02A/cm2 ğ›’:2.1376e+03ğ›€ cm
2023-05-03 14:57:41,143 INFO Measurement at current 0.0009949748743718595
2023-05-03 14:57:41,734 INFO T:121.67Â°K V:2.9934e+00V I:9.9497e-04A R:3.0085e+03ğ›€ E:9.2388e+01V/cm J:4.3544e-02A/cm2 ğ›’:2.1217e+03ğ›€ cm
2023-05-03 14:57:41,760 INFO Measurement at current 0.0010050251256281408
2023-05-03 14:57:42,347 INFO T:121.66Â°K V:2.9910e+00V I:1.0050e-03A R:2.9760e+03ğ›€ E:9.2315e+01V/cm J:4.3984e-02A/cm2 ğ›’:2.0988e+03ğ›€ cm
2023-05-03 14:57:42,371 INFO Measurement at current 0.0010150753768844222
2023-05-03 14:57:42,982 INFO T:121.65Â°K V:2.9922e+00V I:1.0151e-03A R:2.9478e+03ğ›€ E:9.2353e+01V/cm J:4.4423e-02A/cm2 ğ›’:2.0789e+03ğ›€ cm
2023-05-03 14:57:43,006 INFO Measurement at current 0.0010251256281407035
2023-05-03 14:57:43,598 INFO T:121.64Â°K V:2.9886e+00V I:1.0251e-03A R:2.9153e+03ğ›€ E:9.2239e+01V/cm J:4.4863e-02A/cm2 ğ›’:2.0560e+03ğ›€ cm
2023-05-03 14:57:43,618 INFO Measurement at current 0.001035175879396985
2023-05-03 14:57:44,206 INFO T:121.63Â°K V:2.9843e+00V I:1.0352e-03A R:2.8829e+03ğ›€ E:9.2108e+01V/cm J:4.5303e-02A/cm2 ğ›’:2.0331e+03ğ›€ cm
2023-05-03 14:57:44,223 INFO Measurement at current 0.0010452261306532664
2023-05-03 14:57:44,816 INFO T:121.61Â°K V:2.9807e+00V I:1.0452e-03A R:2.8518e+03ğ›€ E:9.1998e+01V/cm J:4.5743e-02A/cm2 ğ›’:2.0112e+03ğ›€ cm
2023-05-03 14:57:44,831 INFO Measurement at current 0.0010552763819095478
2023-05-03 14:57:45,426 INFO T:121.60Â°K V:2.9796e+00V I:1.0553e-03A R:2.8236e+03ğ›€ E:9.1964e+01V/cm J:4.6183e-02A/cm2 ğ›’:1.9913e+03ğ›€ cm
2023-05-03 14:57:45,449 INFO Measurement at current 0.0010653266331658291
2023-05-03 14:57:46,043 INFO T:121.59Â°K V:2.9788e+00V I:1.0653e-03A R:2.7962e+03ğ›€ E:9.1939e+01V/cm J:4.6623e-02A/cm2 ğ›’:1.9720e+03ğ›€ cm
2023-05-03 14:57:46,057 INFO Measurement at current 0.0010753768844221107
2023-05-03 14:57:46,666 INFO T:121.58Â°K V:2.9787e+00V I:1.0754e-03A R:2.7699e+03ğ›€ E:9.1934e+01V/cm J:4.7062e-02A/cm2 ğ›’:1.9534e+03ğ›€ cm
2023-05-03 14:57:46,686 INFO Measurement at current 0.001085427135678392
2023-05-03 14:57:47,280 INFO T:121.56Â°K V:2.9763e+00V I:1.0854e-03A R:2.7421e+03ğ›€ E:9.1862e+01V/cm J:4.7502e-02A/cm2 ğ›’:1.9338e+03ğ›€ cm
2023-05-03 14:57:47,299 INFO Measurement at current 0.0010954773869346734
2023-05-03 14:57:47,889 INFO T:121.55Â°K V:2.9732e+00V I:1.0955e-03A R:2.7140e+03ğ›€ E:9.1764e+01V/cm J:4.7942e-02A/cm2 ğ›’:1.9141e+03ğ›€ cm
2023-05-03 14:57:47,925 INFO Measurement at current 0.0011055276381909548
2023-05-03 14:57:48,513 INFO T:121.54Â°K V:2.9816e+00V I:1.1055e-03A R:2.6970e+03ğ›€ E:9.2024e+01V/cm J:4.8382e-02A/cm2 ğ›’:1.9020e+03ğ›€ cm
2023-05-03 14:57:48,530 INFO Measurement at current 0.0011155778894472363
2023-05-03 14:57:49,121 INFO T:121.53Â°K V:2.9839e+00V I:1.1156e-03A R:2.6747e+03ğ›€ E:9.2095e+01V/cm J:4.8822e-02A/cm2 ğ›’:1.8864e+03ğ›€ cm
2023-05-03 14:57:49,145 INFO Measurement at current 0.0011256281407035177
2023-05-03 14:57:49,742 INFO T:121.52Â°K V:2.9903e+00V I:1.1256e-03A R:2.6566e+03ğ›€ E:9.2293e+01V/cm J:4.9262e-02A/cm2 ğ›’:1.8735e+03ğ›€ cm
2023-05-03 14:57:49,760 INFO Measurement at current 0.001135678391959799
2023-05-03 14:57:50,348 INFO T:121.50Â°K V:2.9890e+00V I:1.1357e-03A R:2.6319e+03ğ›€ E:9.2254e+01V/cm J:4.9701e-02A/cm2 ğ›’:1.8562e+03ğ›€ cm
2023-05-03 14:57:50,383 INFO Measurement at current 0.0011457286432160804
2023-05-03 14:57:50,977 INFO T:121.49Â°K V:2.9841e+00V I:1.1457e-03A R:2.6046e+03ğ›€ E:9.2103e+01V/cm J:5.0141e-02A/cm2 ğ›’:1.8369e+03ğ›€ cm
2023-05-03 14:57:50,993 INFO Measurement at current 0.001155778894472362
2023-05-03 14:57:51,580 INFO T:121.48Â°K V:2.9851e+00V I:1.1558e-03A R:2.5827e+03ğ›€ E:9.2132e+01V/cm J:5.0581e-02A/cm2 ğ›’:1.8215e+03ğ›€ cm
2023-05-03 14:57:51,597 INFO Measurement at current 0.0011658291457286433
2023-05-03 14:57:52,190 INFO T:121.47Â°K V:2.9836e+00V I:1.1658e-03A R:2.5592e+03ğ›€ E:9.2088e+01V/cm J:5.1021e-02A/cm2 ğ›’:1.8049e+03ğ›€ cm
2023-05-03 14:57:52,221 INFO Measurement at current 0.0011758793969849247
2023-05-03 14:57:52,820 INFO T:121.45Â°K V:2.9843e+00V I:1.1759e-03A R:2.5379e+03ğ›€ E:9.2107e+01V/cm J:5.1461e-02A/cm2 ğ›’:1.7899e+03ğ›€ cm
2023-05-03 14:57:52,857 INFO Measurement at current 0.001185929648241206
2023-05-03 14:57:53,470 INFO T:121.44Â°K V:2.9779e+00V I:1.1859e-03A R:2.5110e+03ğ›€ E:9.1910e+01V/cm J:5.1901e-02A/cm2 ğ›’:1.7709e+03ğ›€ cm
2023-05-03 14:57:53,490 INFO Measurement at current 0.0011959798994974876
2023-05-03 14:57:54,081 INFO T:121.43Â°K V:2.9707e+00V I:1.1960e-03A R:2.4839e+03ğ›€ E:9.1688e+01V/cm J:5.2340e-02A/cm2 ğ›’:1.7518e+03ğ›€ cm
2023-05-03 14:57:54,100 INFO Measurement at current 0.001206030150753769
2023-05-03 14:57:54,690 INFO T:121.42Â°K V:2.9786e+00V I:1.2060e-03A R:2.4698e+03ğ›€ E:9.1934e+01V/cm J:5.2780e-02A/cm2 ğ›’:1.7418e+03ğ›€ cm
2023-05-03 14:57:54,709 INFO Measurement at current 0.0012160804020100503
2023-05-03 14:57:55,309 INFO T:121.40Â°K V:2.9779e+00V I:1.2161e-03A R:2.4488e+03ğ›€ E:9.1912e+01V/cm J:5.3220e-02A/cm2 ğ›’:1.7270e+03ğ›€ cm
2023-05-03 14:57:55,325 INFO Measurement at current 0.0012261306532663316
2023-05-03 14:57:55,916 INFO T:121.39Â°K V:2.9746e+00V I:1.2261e-03A R:2.4260e+03ğ›€ E:9.1807e+01V/cm J:5.3660e-02A/cm2 ğ›’:1.7109e+03ğ›€ cm
2023-05-03 14:57:55,942 INFO Measurement at current 0.0012361809045226132
2023-05-03 14:57:56,557 INFO T:121.38Â°K V:2.9757e+00V I:1.2362e-03A R:2.4072e+03ğ›€ E:9.1844e+01V/cm J:5.4100e-02A/cm2 ğ›’:1.6977e+03ğ›€ cm
2023-05-03 14:57:56,586 INFO Measurement at current 0.0012462311557788945
2023-05-03 14:57:57,172 INFO T:121.37Â°K V:2.9674e+00V I:1.2462e-03A R:2.3811e+03ğ›€ E:9.1586e+01V/cm J:5.4540e-02A/cm2 ğ›’:1.6792e+03ğ›€ cm
2023-05-03 14:57:57,187 INFO Measurement at current 0.001256281407035176
2023-05-03 14:57:57,779 INFO T:121.36Â°K V:2.9752e+00V I:1.2563e-03A R:2.3683e+03ğ›€ E:9.1829e+01V/cm J:5.4979e-02A/cm2 ğ›’:1.6702e+03ğ›€ cm
2023-05-03 14:57:57,793 INFO Measurement at current 0.0012663316582914572
2023-05-03 14:57:58,378 INFO T:121.34Â°K V:2.9784e+00V I:1.2663e-03A R:2.3520e+03ğ›€ E:9.1925e+01V/cm J:5.5419e-02A/cm2 ğ›’:1.6587e+03ğ›€ cm
2023-05-03 14:57:58,399 INFO Measurement at current 0.0012763819095477388
2023-05-03 14:57:58,987 INFO T:121.33Â°K V:2.9684e+00V I:1.2764e-03A R:2.3256e+03ğ›€ E:9.1616e+01V/cm J:5.5859e-02A/cm2 ğ›’:1.6401e+03ğ›€ cm
2023-05-03 14:57:59,007 INFO Measurement at current 0.0012864321608040202
2023-05-03 14:57:59,603 INFO T:121.32Â°K V:2.9761e+00V I:1.2864e-03A R:2.3135e+03ğ›€ E:9.1856e+01V/cm J:5.6299e-02A/cm2 ğ›’:1.6316e+03ğ›€ cm
2023-05-03 14:57:59,619 INFO Measurement at current 0.0012964824120603015
2023-05-03 14:58:00,224 INFO T:121.31Â°K V:2.9702e+00V I:1.2965e-03A R:2.2909e+03ğ›€ E:9.1672e+01V/cm J:5.6739e-02A/cm2 ğ›’:1.6157e+03ğ›€ cm
2023-05-03 14:58:00,241 INFO Measurement at current 0.001306532663316583
2023-05-03 14:58:00,848 INFO T:121.30Â°K V:2.9645e+00V I:1.3065e-03A R:2.2690e+03ğ›€ E:9.1497e+01V/cm J:5.7179e-02A/cm2 ğ›’:1.6002e+03ğ›€ cm
2023-05-03 14:58:00,873 INFO Measurement at current 0.0013165829145728644
2023-05-03 14:58:01,467 INFO T:121.28Â°K V:2.9708e+00V I:1.3166e-03A R:2.2565e+03ğ›€ E:9.1692e+01V/cm J:5.7619e-02A/cm2 ğ›’:1.5914e+03ğ›€ cm
2023-05-03 14:58:01,484 INFO Measurement at current 0.0013266331658291458
2023-05-03 14:58:02,077 INFO T:121.27Â°K V:2.9708e+00V I:1.3266e-03A R:2.2393e+03ğ›€ E:9.1690e+01V/cm J:5.8058e-02A/cm2 ğ›’:1.5793e+03ğ›€ cm
2023-05-03 14:58:02,097 INFO Measurement at current 0.0013366834170854271
2023-05-03 14:58:02,694 INFO T:121.26Â°K V:2.9687e+00V I:1.3367e-03A R:2.2210e+03ğ›€ E:9.1627e+01V/cm J:5.8498e-02A/cm2 ğ›’:1.5663e+03ğ›€ cm
2023-05-03 14:58:02,713 INFO Measurement at current 0.0013467336683417087
2023-05-03 14:58:03,312 INFO T:121.25Â°K V:2.9718e+00V I:1.3467e-03A R:2.2066e+03ğ›€ E:9.1721e+01V/cm J:5.8938e-02A/cm2 ğ›’:1.5562e+03ğ›€ cm
2023-05-03 14:58:03,336 INFO Measurement at current 0.00135678391959799
2023-05-03 14:58:03,925 INFO T:121.24Â°K V:2.9624e+00V I:1.3568e-03A R:2.1834e+03ğ›€ E:9.1432e+01V/cm J:5.9378e-02A/cm2 ğ›’:1.5398e+03ğ›€ cm
2023-05-03 14:58:03,976 INFO Measurement at current 0.0013668341708542714
2023-05-03 14:58:04,563 INFO T:121.22Â°K V:2.9577e+00V I:1.3668e-03A R:2.1639e+03ğ›€ E:9.1286e+01V/cm J:5.9818e-02A/cm2 ğ›’:1.5261e+03ğ›€ cm
2023-05-03 14:58:04,588 INFO Measurement at current 0.0013768844221105528
2023-05-03 14:58:05,177 INFO T:121.21Â°K V:2.9643e+00V I:1.3769e-03A R:2.1529e+03ğ›€ E:9.1492e+01V/cm J:6.0258e-02A/cm2 ğ›’:1.5183e+03ğ›€ cm
2023-05-03 14:58:05,205 INFO Measurement at current 0.0013869346733668343
2023-05-03 14:58:05,796 INFO T:121.20Â°K V:2.9612e+00V I:1.3869e-03A R:2.1351e+03ğ›€ E:9.1396e+01V/cm J:6.0697e-02A/cm2 ğ›’:1.5058e+03ğ›€ cm
2023-05-03 14:58:05,814 INFO Measurement at current 0.0013969849246231157
2023-05-03 14:58:06,400 INFO T:121.19Â°K V:2.9536e+00V I:1.3970e-03A R:2.1143e+03ğ›€ E:9.1162e+01V/cm J:6.1137e-02A/cm2 ğ›’:1.4911e+03ğ›€ cm
2023-05-03 14:58:06,415 INFO Measurement at current 0.001407035175879397
2023-05-03 14:58:07,001 INFO T:121.18Â°K V:2.9600e+00V I:1.4070e-03A R:2.1037e+03ğ›€ E:9.1360e+01V/cm J:6.1577e-02A/cm2 ğ›’:1.4837e+03ğ›€ cm
2023-05-03 14:58:07,021 INFO Measurement at current 0.0014170854271356784
2023-05-03 14:58:07,610 INFO T:121.16Â°K V:2.9612e+00V I:1.4171e-03A R:2.0896e+03ğ›€ E:9.1394e+01V/cm J:6.2017e-02A/cm2 ğ›’:1.4737e+03ğ›€ cm
2023-05-03 14:58:07,626 INFO Measurement at current 0.00142713567839196
2023-05-03 14:58:08,217 INFO T:121.15Â°K V:2.9510e+00V I:1.4271e-03A R:2.0678e+03ğ›€ E:9.1082e+01V/cm J:6.2457e-02A/cm2 ğ›’:1.4583e+03ğ›€ cm
2023-05-03 14:58:08,232 INFO Measurement at current 0.0014371859296482413
2023-05-03 14:58:08,821 INFO T:121.14Â°K V:2.9570e+00V I:1.4372e-03A R:2.0575e+03ğ›€ E:9.1265e+01V/cm J:6.2897e-02A/cm2 ğ›’:1.4510e+03ğ›€ cm
2023-05-03 14:58:08,840 INFO Measurement at current 0.0014472361809045227
2023-05-03 14:58:09,434 INFO T:121.13Â°K V:2.9566e+00V I:1.4472e-03A R:2.0429e+03ğ›€ E:9.1253e+01V/cm J:6.3336e-02A/cm2 ğ›’:1.4408e+03ğ›€ cm
2023-05-03 14:58:09,450 INFO Measurement at current 0.001457286432160804
2023-05-03 14:58:10,047 INFO T:121.12Â°K V:2.9485e+00V I:1.4573e-03A R:2.0233e+03ğ›€ E:9.1004e+01V/cm J:6.3776e-02A/cm2 ğ›’:1.4269e+03ğ›€ cm
2023-05-03 14:58:10,067 INFO Measurement at current 0.0014673366834170856
2023-05-03 14:58:10,657 INFO T:121.10Â°K V:2.9421e+00V I:1.4673e-03A R:2.0051e+03ğ›€ E:9.0806e+01V/cm J:6.4216e-02A/cm2 ğ›’:1.4141e+03ğ›€ cm
2023-05-03 14:58:10,676 INFO Measurement at current 0.001477386934673367
2023-05-03 14:58:11,272 INFO T:121.09Â°K V:2.9434e+00V I:1.4774e-03A R:1.9923e+03ğ›€ E:9.0845e+01V/cm J:6.4656e-02A/cm2 ğ›’:1.4051e+03ğ›€ cm
2023-05-03 14:58:11,288 INFO Measurement at current 0.0014874371859296483
2023-05-03 14:58:11,875 INFO T:121.08Â°K V:2.9426e+00V I:1.4874e-03A R:1.9783e+03ğ›€ E:9.0821e+01V/cm J:6.5096e-02A/cm2 ğ›’:1.3952e+03ğ›€ cm
2023-05-03 14:58:11,892 INFO Measurement at current 0.0014974874371859296
2023-05-03 14:58:12,479 INFO T:121.07Â°K V:2.9335e+00V I:1.4975e-03A R:1.9590e+03ğ›€ E:9.0541e+01V/cm J:6.5536e-02A/cm2 ğ›’:1.3816e+03ğ›€ cm
2023-05-03 14:58:12,503 INFO Measurement at current 0.0015075376884422112
2023-05-03 14:58:13,095 INFO T:121.06Â°K V:2.9362e+00V I:1.5075e-03A R:1.9477e+03ğ›€ E:9.0624e+01V/cm J:6.5975e-02A/cm2 ğ›’:1.3736e+03ğ›€ cm
2023-05-03 14:58:13,115 INFO Measurement at current 0.0015175879396984926
2023-05-03 14:58:13,703 INFO T:121.05Â°K V:2.9367e+00V I:1.5176e-03A R:1.9351e+03ğ›€ E:9.0640e+01V/cm J:6.6415e-02A/cm2 ğ›’:1.3647e+03ğ›€ cm
2023-05-03 14:58:13,719 INFO Measurement at current 0.001527638190954774
2023-05-03 14:58:14,307 INFO T:121.03Â°K V:2.9254e+00V I:1.5276e-03A R:1.9150e+03ğ›€ E:9.0291e+01V/cm J:6.6855e-02A/cm2 ğ›’:1.3505e+03ğ›€ cm
2023-05-03 14:58:14,322 INFO Measurement at current 0.0015376884422110553
2023-05-03 14:58:14,906 INFO T:121.02Â°K V:2.9311e+00V I:1.5377e-03A R:1.9062e+03ğ›€ E:9.0466e+01V/cm J:6.7295e-02A/cm2 ğ›’:1.3443e+03ğ›€ cm
2023-05-03 14:58:14,923 INFO Measurement at current 0.0015477386934673368
2023-05-03 14:58:15,518 INFO T:121.01Â°K V:2.9315e+00V I:1.5477e-03A R:1.8941e+03ğ›€ E:9.0479e+01V/cm J:6.7735e-02A/cm2 ğ›’:1.3358e+03ğ›€ cm
2023-05-03 14:58:15,533 INFO Measurement at current 0.0015577889447236182
2023-05-03 14:58:16,124 INFO T:121.00Â°K V:2.9321e+00V I:1.5578e-03A R:1.8822e+03ğ›€ E:9.0498e+01V/cm J:6.8175e-02A/cm2 ğ›’:1.3274e+03ğ›€ cm
2023-05-03 14:58:16,139 INFO Measurement at current 0.0015678391959798995
2023-05-03 14:58:16,765 INFO T:120.99Â°K V:2.9263e+00V I:1.5678e-03A R:1.8665e+03ğ›€ E:9.0319e+01V/cm J:6.8614e-02A/cm2 ğ›’:1.3163e+03ğ›€ cm
2023-05-03 14:58:16,790 INFO Measurement at current 0.0015778894472361809
2023-05-03 14:58:17,390 INFO T:120.97Â°K V:2.9218e+00V I:1.5779e-03A R:1.8517e+03ğ›€ E:9.0180e+01V/cm J:6.9054e-02A/cm2 ğ›’:1.3059e+03ğ›€ cm
2023-05-03 14:58:17,417 INFO Measurement at current 0.0015879396984924625
2023-05-03 14:58:18,004 INFO T:120.96Â°K V:2.9107e+00V I:1.5879e-03A R:1.8330e+03ğ›€ E:8.9836e+01V/cm J:6.9494e-02A/cm2 ğ›’:1.2927e+03ğ›€ cm
2023-05-03 14:58:18,040 INFO Measurement at current 0.0015979899497487438
2023-05-03 14:58:18,628 INFO T:120.95Â°K V:2.9183e+00V I:1.5980e-03A R:1.8262e+03ğ›€ E:9.0071e+01V/cm J:6.9934e-02A/cm2 ğ›’:1.2879e+03ğ›€ cm
2023-05-03 14:58:18,672 INFO Measurement at current 0.0016080402010050252
2023-05-03 14:58:19,263 INFO T:120.94Â°K V:2.9174e+00V I:1.6080e-03A R:1.8143e+03ğ›€ E:9.0044e+01V/cm J:7.0374e-02A/cm2 ğ›’:1.2795e+03ğ›€ cm
2023-05-03 14:58:19,279 INFO Measurement at current 0.0016180904522613067
2023-05-03 14:58:19,892 INFO T:120.93Â°K V:2.9135e+00V I:1.6181e-03A R:1.8006e+03ğ›€ E:8.9922e+01V/cm J:7.0814e-02A/cm2 ğ›’:1.2698e+03ğ›€ cm
2023-05-03 14:58:19,932 INFO Measurement at current 0.001628140703517588
2023-05-03 14:58:20,521 INFO T:120.91Â°K V:2.9121e+00V I:1.6281e-03A R:1.7886e+03ğ›€ E:8.9879e+01V/cm J:7.1253e-02A/cm2 ğ›’:1.2614e+03ğ›€ cm
2023-05-03 14:58:20,539 INFO Measurement at current 0.0016381909547738694
2023-05-03 14:58:21,128 INFO T:120.90Â°K V:2.9157e+00V I:1.6382e-03A R:1.7799e+03ğ›€ E:8.9992e+01V/cm J:7.1693e-02A/cm2 ğ›’:1.2552e+03ğ›€ cm
2023-05-03 14:58:21,161 INFO Measurement at current 0.0016482412060301508
2023-05-03 14:58:21,749 INFO T:120.89Â°K V:2.9126e+00V I:1.6482e-03A R:1.7671e+03ğ›€ E:8.9896e+01V/cm J:7.2133e-02A/cm2 ğ›’:1.2463e+03ğ›€ cm
2023-05-03 14:58:21,767 INFO Measurement at current 0.0016582914572864324
2023-05-03 14:58:22,383 INFO T:120.88Â°K V:2.9088e+00V I:1.6583e-03A R:1.7541e+03ğ›€ E:8.9777e+01V/cm J:7.2573e-02A/cm2 ğ›’:1.2371e+03ğ›€ cm
2023-05-03 14:58:22,408 INFO Measurement at current 0.0016683417085427137
2023-05-03 14:58:23,003 INFO T:120.87Â°K V:2.9024e+00V I:1.6683e-03A R:1.7397e+03ğ›€ E:8.9579e+01V/cm J:7.3013e-02A/cm2 ğ›’:1.2269e+03ğ›€ cm
2023-05-03 14:58:23,048 INFO Measurement at current 0.001678391959798995
2023-05-03 14:58:23,648 INFO T:120.85Â°K V:2.8970e+00V I:1.6784e-03A R:1.7260e+03ğ›€ E:8.9412e+01V/cm J:7.3453e-02A/cm2 ğ›’:1.2173e+03ğ›€ cm
2023-05-03 14:58:23,665 INFO Measurement at current 0.0016884422110552764
2023-05-03 14:58:24,256 INFO T:120.84Â°K V:2.8944e+00V I:1.6884e-03A R:1.7142e+03ğ›€ E:8.9333e+01V/cm J:7.3892e-02A/cm2 ğ›’:1.2090e+03ğ›€ cm
2023-05-03 14:58:24,279 INFO Measurement at current 0.001698492462311558
2023-05-03 14:58:24,878 INFO T:120.83Â°K V:2.8770e+00V I:1.6985e-03A R:1.6939e+03ğ›€ E:8.8797e+01V/cm J:7.4332e-02A/cm2 ğ›’:1.1946e+03ğ›€ cm
2023-05-03 14:58:24,903 INFO Measurement at current 0.0017085427135678393
2023-05-03 14:58:25,504 INFO T:120.82Â°K V:2.8888e+00V I:1.7085e-03A R:1.6908e+03ğ›€ E:8.9160e+01V/cm J:7.4772e-02A/cm2 ğ›’:1.1924e+03ğ›€ cm
2023-05-03 14:58:25,522 INFO Measurement at current 0.0017185929648241207
2023-05-03 14:58:26,111 INFO T:120.81Â°K V:2.8925e+00V I:1.7186e-03A R:1.6831e+03ğ›€ E:8.9275e+01V/cm J:7.5212e-02A/cm2 ğ›’:1.1870e+03ğ›€ cm
2023-05-03 14:58:26,131 INFO Measurement at current 0.001728643216080402
2023-05-03 14:58:26,749 INFO T:120.79Â°K V:2.8806e+00V I:1.7286e-03A R:1.6664e+03ğ›€ E:8.8907e+01V/cm J:7.5652e-02A/cm2 ğ›’:1.1752e+03ğ›€ cm
2023-05-03 14:58:26,767 INFO Measurement at current 0.0017386934673366836
2023-05-03 14:58:27,360 INFO T:120.78Â°K V:2.8873e+00V I:1.7387e-03A R:1.6606e+03ğ›€ E:8.9113e+01V/cm J:7.6092e-02A/cm2 ğ›’:1.1711e+03ğ›€ cm
2023-05-03 14:58:27,377 INFO Measurement at current 0.001748743718592965
2023-05-03 14:58:27,963 INFO T:120.77Â°K V:2.8796e+00V I:1.7487e-03A R:1.6467e+03ğ›€ E:8.8876e+01V/cm J:7.6531e-02A/cm2 ğ›’:1.1613e+03ğ›€ cm
2023-05-03 14:58:27,981 INFO Measurement at current 0.0017587939698492463
2023-05-03 14:58:28,573 INFO T:120.76Â°K V:2.8832e+00V I:1.7588e-03A R:1.6393e+03ğ›€ E:8.8988e+01V/cm J:7.6971e-02A/cm2 ğ›’:1.1561e+03ğ›€ cm
2023-05-03 14:58:28,590 INFO Measurement at current 0.0017688442211055277
2023-05-03 14:58:29,224 INFO T:120.75Â°K V:2.8835e+00V I:1.7688e-03A R:1.6301e+03ğ›€ E:8.8996e+01V/cm J:7.7411e-02A/cm2 ğ›’:1.1497e+03ğ›€ cm
2023-05-03 14:58:29,254 INFO Measurement at current 0.0017788944723618092
2023-05-03 14:58:29,835 INFO T:120.73Â°K V:2.8792e+00V I:1.7789e-03A R:1.6185e+03ğ›€ E:8.8864e+01V/cm J:7.7851e-02A/cm2 ğ›’:1.1415e+03ğ›€ cm
2023-05-03 14:58:29,856 INFO Measurement at current 0.0017889447236180906
2023-05-03 14:58:30,446 INFO T:120.72Â°K V:2.8697e+00V I:1.7889e-03A R:1.6041e+03ğ›€ E:8.8571e+01V/cm J:7.8291e-02A/cm2 ğ›’:1.1313e+03ğ›€ cm
2023-05-03 14:58:30,482 INFO Measurement at current 0.001798994974874372
2023-05-03 14:58:31,070 INFO T:120.71Â°K V:2.8718e+00V I:1.7990e-03A R:1.5963e+03ğ›€ E:8.8635e+01V/cm J:7.8731e-02A/cm2 ğ›’:1.1258e+03ğ›€ cm
2023-05-03 14:58:31,114 INFO Measurement at current 0.0018090452261306533
2023-05-03 14:58:31,701 INFO T:120.70Â°K V:2.8651e+00V I:1.8090e-03A R:1.5838e+03ğ›€ E:8.8431e+01V/cm J:7.9170e-02A/cm2 ğ›’:1.1170e+03ğ›€ cm
2023-05-03 14:58:31,741 INFO Measurement at current 0.0018190954773869348
2023-05-03 14:58:32,326 INFO T:120.69Â°K V:2.8532e+00V I:1.8191e-03A R:1.5685e+03ğ›€ E:8.8061e+01V/cm J:7.9610e-02A/cm2 ğ›’:1.1061e+03ğ›€ cm
2023-05-03 14:58:32,347 INFO Measurement at current 0.0018291457286432162
2023-05-03 14:58:32,938 INFO T:120.68Â°K V:2.8579e+00V I:1.8291e-03A R:1.5624e+03ğ›€ E:8.8207e+01V/cm J:8.0050e-02A/cm2 ğ›’:1.1019e+03ğ›€ cm
2023-05-03 14:58:32,955 INFO Measurement at current 0.0018391959798994975
2023-05-03 14:58:33,547 INFO T:120.66Â°K V:2.8535e+00V I:1.8392e-03A R:1.5515e+03ğ›€ E:8.8072e+01V/cm J:8.0490e-02A/cm2 ğ›’:1.0942e+03ğ›€ cm
2023-05-03 14:58:33,570 INFO Measurement at current 0.001849246231155779
2023-05-03 14:58:34,174 INFO T:120.65Â°K V:2.8471e+00V I:1.8492e-03A R:1.5396e+03ğ›€ E:8.7872e+01V/cm J:8.0930e-02A/cm2 ğ›’:1.0858e+03ğ›€ cm
2023-05-03 14:58:34,190 INFO Measurement at current 0.0018592964824120605
2023-05-03 14:58:34,783 INFO T:120.64Â°K V:2.8513e+00V I:1.8593e-03A R:1.5335e+03ğ›€ E:8.8004e+01V/cm J:8.1370e-02A/cm2 ğ›’:1.0815e+03ğ›€ cm
2023-05-03 14:58:34,801 INFO Measurement at current 0.0018693467336683418
2023-05-03 14:58:35,392 INFO T:120.63Â°K V:2.8412e+00V I:1.8693e-03A R:1.5199e+03ğ›€ E:8.7690e+01V/cm J:8.1809e-02A/cm2 ğ›’:1.0719e+03ğ›€ cm
2023-05-03 14:58:35,412 INFO Measurement at current 0.0018793969849246232
2023-05-03 14:58:36,002 INFO T:120.62Â°K V:2.8400e+00V I:1.8794e-03A R:1.5111e+03ğ›€ E:8.7653e+01V/cm J:8.2249e-02A/cm2 ğ›’:1.0657e+03ğ›€ cm
2023-05-03 14:58:36,030 INFO Measurement at current 0.0018894472361809045
2023-05-03 14:58:36,621 INFO T:120.61Â°K V:2.8375e+00V I:1.8894e-03A R:1.5018e+03ğ›€ E:8.7578e+01V/cm J:8.2689e-02A/cm2 ğ›’:1.0591e+03ğ›€ cm
2023-05-03 14:58:36,638 INFO Measurement at current 0.001899497487437186
2023-05-03 14:58:37,240 INFO T:120.59Â°K V:2.8304e+00V I:1.8995e-03A R:1.4901e+03ğ›€ E:8.7359e+01V/cm J:8.3129e-02A/cm2 ğ›’:1.0509e+03ğ›€ cm
2023-05-03 14:58:37,282 INFO Measurement at current 0.0019095477386934674
2023-05-03 14:58:37,874 INFO T:120.58Â°K V:2.8285e+00V I:1.9095e-03A R:1.4812e+03ğ›€ E:8.7300e+01V/cm J:8.3569e-02A/cm2 ğ›’:1.0446e+03ğ›€ cm
2023-05-03 14:58:37,894 INFO Measurement at current 0.0019195979899497488
2023-05-03 14:58:38,485 INFO T:120.57Â°K V:2.8288e+00V I:1.9196e-03A R:1.4736e+03ğ›€ E:8.7307e+01V/cm J:8.4009e-02A/cm2 ğ›’:1.0393e+03ğ›€ cm
2023-05-03 14:58:38,505 INFO Measurement at current 0.0019296482412060304
2023-05-03 14:58:39,095 INFO T:120.56Â°K V:2.8222e+00V I:1.9296e-03A R:1.4625e+03ğ›€ E:8.7104e+01V/cm J:8.4449e-02A/cm2 ğ›’:1.0314e+03ğ›€ cm
2023-05-03 14:58:39,122 INFO Measurement at current 0.0019396984924623117
2023-05-03 14:58:39,725 INFO T:120.55Â°K V:2.8217e+00V I:1.9397e-03A R:1.4547e+03ğ›€ E:8.7090e+01V/cm J:8.4888e-02A/cm2 ğ›’:1.0259e+03ğ›€ cm
2023-05-03 14:58:39,752 INFO Measurement at current 0.001949748743718593
2023-05-03 14:58:40,342 INFO T:120.53Â°K V:2.8197e+00V I:1.9497e-03A R:1.4462e+03ğ›€ E:8.7027e+01V/cm J:8.5328e-02A/cm2 ğ›’:1.0199e+03ğ›€ cm
2023-05-03 14:58:40,358 INFO Measurement at current 0.0019597989949748746
2023-05-03 14:58:40,956 INFO T:120.52Â°K V:2.8165e+00V I:1.9598e-03A R:1.4372e+03ğ›€ E:8.6930e+01V/cm J:8.5768e-02A/cm2 ğ›’:1.0136e+03ğ›€ cm
2023-05-03 14:58:40,972 INFO Measurement at current 0.0019698492462311558
2023-05-03 14:58:41,567 INFO T:120.51Â°K V:2.8199e+00V I:1.9698e-03A R:1.4315e+03ğ›€ E:8.7033e+01V/cm J:8.6208e-02A/cm2 ğ›’:1.0096e+03ğ›€ cm
2023-05-03 14:58:41,591 INFO Measurement at current 0.0019798994974874373
2023-05-03 14:58:42,186 INFO T:120.50Â°K V:2.8196e+00V I:1.9799e-03A R:1.4241e+03ğ›€ E:8.7025e+01V/cm J:8.6648e-02A/cm2 ğ›’:1.0044e+03ğ›€ cm
2023-05-03 14:58:42,201 INFO Measurement at current 0.001989949748743719
2023-05-03 14:58:42,792 INFO T:120.49Â°K V:2.8095e+00V I:1.9899e-03A R:1.4118e+03ğ›€ E:8.6713e+01V/cm J:8.7088e-02A/cm2 ğ›’:9.9570e+02ğ›€ cm
2023-05-03 14:58:42,816 INFO Measurement at current 0.002
2023-05-03 14:58:43,408 INFO T:120.48Â°K V:2.8102e+00V I:2.0000e-03A R:1.4051e+03ğ›€ E:8.6734e+01V/cm J:8.7527e-02A/cm2 ğ›’:9.9093e+02ğ›€ cm
2023-05-03 14:59:14,311 INFO Save the description file
2023-05-03 14:59:14,318 INFO Save data in numpy format Esperimenti/CPRO_MUSA_030523_I_V/CPRO_MUSA_030523_I_V_current_from_0_to_20e-4A/CPRO_MUSA_030523_I_V_current_from_0_to_20e-4A-20230503145913
2023-05-03 14:59:14,345 INFO Save data in CSV format Esperimenti/CPRO_MUSA_030523_I_V/CPRO_MUSA_030523_I_V_current_from_0_to_20e-4A/CPRO_MUSA_030523_I_V_current_from_0_to_20e-4A-20230503145913.csv
2023-05-03 14:59:14,357 INFO Save plot as image Esperimenti/CPRO_MUSA_030523_I_V/CPRO_MUSA_030523_I_V_current_from_0_to_20e-4A/CPRO_MUSA_030523_I_V_current_from_0_to_20e-4A-20230503145913.png
