2023-05-03 12:01:27,234 INFO ### Start experiment: CPRO_MUSA_030523_I_V current from 0 to 20e-4A ###
2023-05-03 12:01:28,581 INFO Found Multimeter KEITHLEY INSTRUMENTS INC.,MODEL 2700,0884890,B03  /A02  

2023-05-03 12:01:29,609 INFO Found Nanovolt Meter KEITHLEY INSTRUMENTS INC.,MODEL 2182A,4056474,C03  /A02  

2023-05-03 12:01:29,723 INFO Found Source Meter KEITHLEY INSTRUMENTS INC.,MODEL 2400,0945684,C24   Feb 14 2002 11:59:45/A02  /K/H

2023-05-03 12:01:29,845 INFO Start the measurement loop
2023-05-03 12:01:53,362 INFO Measurement at current 0.0
2023-05-03 12:01:54,274 INFO T:241.61Â°K V:-8.2921e-07V I:0.0000e+00A R:-infğ›€ E:-2.5593e-05V/cm J:0.0000e+00A/cm2 ğ›’:-infğ›€ cm
2023-05-03 12:01:54,298 INFO Measurement at current 1.0050251256281408e-05
2023-05-03 12:01:54,897 INFO T:241.60Â°K V:2.0882e-04V I:1.0050e-05A R:2.0778e+01ğ›€ E:6.4451e-03V/cm J:4.3984e-04A/cm2 ğ›’:1.4653e+01ğ›€ cm
2023-05-03 12:01:54,920 INFO Measurement at current 2.0100502512562815e-05
2023-05-03 12:01:55,532 INFO T:241.59Â°K V:4.1880e-04V I:2.0101e-05A R:2.0835e+01ğ›€ E:1.2926e-02V/cm J:8.7967e-04A/cm2 ğ›’:1.4694e+01ğ›€ cm
2023-05-03 12:01:55,553 INFO Measurement at current 3.0150753768844224e-05
2023-05-03 12:01:56,147 INFO T:241.59Â°K V:6.2885e-04V I:3.0151e-05A R:2.0857e+01ğ›€ E:1.9409e-02V/cm J:1.3195e-03A/cm2 ğ›’:1.4709e+01ğ›€ cm
2023-05-03 12:01:56,169 INFO Measurement at current 4.020100502512563e-05
2023-05-03 12:01:56,763 INFO T:241.58Â°K V:8.3881e-04V I:4.0201e-05A R:2.0865e+01ğ›€ E:2.5889e-02V/cm J:1.7593e-03A/cm2 ğ›’:1.4715e+01ğ›€ cm
2023-05-03 12:01:56,777 INFO Measurement at current 5.0251256281407036e-05
2023-05-03 12:01:57,388 INFO T:241.57Â°K V:1.0487e-03V I:5.0251e-05A R:2.0868e+01ğ›€ E:3.2366e-02V/cm J:2.1992e-03A/cm2 ğ›’:1.4717e+01ğ›€ cm
2023-05-03 12:01:57,414 INFO Measurement at current 6.030150753768845e-05
2023-05-03 12:01:58,023 INFO T:241.57Â°K V:1.2601e-03V I:6.0302e-05A R:2.0896e+01ğ›€ E:3.8891e-02V/cm J:2.6390e-03A/cm2 ğ›’:1.4737e+01ğ›€ cm
2023-05-03 12:01:58,052 INFO Measurement at current 7.035175879396985e-05
2023-05-03 12:01:58,670 INFO T:241.56Â°K V:1.4713e-03V I:7.0352e-05A R:2.0913e+01ğ›€ E:4.5410e-02V/cm J:3.0789e-03A/cm2 ğ›’:1.4749e+01ğ›€ cm
2023-05-03 12:01:58,693 INFO Measurement at current 8.040201005025126e-05
2023-05-03 12:01:59,289 INFO T:241.55Â°K V:1.6821e-03V I:8.0402e-05A R:2.0921e+01ğ›€ E:5.1915e-02V/cm J:3.5187e-03A/cm2 ğ›’:1.4754e+01ğ›€ cm
2023-05-03 12:01:59,312 INFO Measurement at current 9.045226130653267e-05
2023-05-03 12:01:59,912 INFO T:241.55Â°K V:1.8938e-03V I:9.0452e-05A R:2.0937e+01ğ›€ E:5.8450e-02V/cm J:3.9585e-03A/cm2 ğ›’:1.4766e+01ğ›€ cm
2023-05-03 12:01:59,935 INFO Measurement at current 0.00010050251256281407
2023-05-03 12:02:00,542 INFO T:241.54Â°K V:2.1047e-03V I:1.0050e-04A R:2.0941e+01ğ›€ E:6.4959e-02V/cm J:4.3984e-03A/cm2 ğ›’:1.4769e+01ğ›€ cm
2023-05-03 12:02:00,560 INFO Measurement at current 0.00011055276381909548
2023-05-03 12:02:01,162 INFO T:241.53Â°K V:2.3184e-03V I:1.1055e-04A R:2.0971e+01ğ›€ E:7.1556e-02V/cm J:4.8382e-03A/cm2 ğ›’:1.4790e+01ğ›€ cm
2023-05-03 12:02:01,181 INFO Measurement at current 0.0001206030150753769
2023-05-03 12:02:01,777 INFO T:241.53Â°K V:2.5307e-03V I:1.2060e-04A R:2.0983e+01ğ›€ E:7.8107e-02V/cm J:5.2780e-03A/cm2 ğ›’:1.4798e+01ğ›€ cm
2023-05-03 12:02:01,815 INFO Measurement at current 0.0001306532663316583
2023-05-03 12:02:02,409 INFO T:241.52Â°K V:2.7403e-03V I:1.3065e-04A R:2.0974e+01ğ›€ E:8.4576e-02V/cm J:5.7179e-03A/cm2 ğ›’:1.4792e+01ğ›€ cm
2023-05-03 12:02:02,430 INFO Measurement at current 0.0001407035175879397
2023-05-03 12:02:03,033 INFO T:241.51Â°K V:2.9522e-03V I:1.4070e-04A R:2.0982e+01ğ›€ E:9.1118e-02V/cm J:6.1577e-03A/cm2 ğ›’:1.4797e+01ğ›€ cm
2023-05-03 12:02:03,055 INFO Measurement at current 0.00015075376884422112
2023-05-03 12:02:03,661 INFO T:241.51Â°K V:3.1665e-03V I:1.5075e-04A R:2.1005e+01ğ›€ E:9.7733e-02V/cm J:6.5975e-03A/cm2 ğ›’:1.4814e+01ğ›€ cm
2023-05-03 12:02:03,684 INFO Measurement at current 0.00016080402010050252
2023-05-03 12:02:04,291 INFO T:241.50Â°K V:3.3794e-03V I:1.6080e-04A R:2.1016e+01ğ›€ E:1.0430e-01V/cm J:7.0374e-03A/cm2 ğ›’:1.4821e+01ğ›€ cm
2023-05-03 12:02:04,309 INFO Measurement at current 0.00017085427135678393
2023-05-03 12:02:04,928 INFO T:241.49Â°K V:3.5890e-03V I:1.7085e-04A R:2.1006e+01ğ›€ E:1.1077e-01V/cm J:7.4772e-03A/cm2 ğ›’:1.4815e+01ğ›€ cm
2023-05-03 12:02:04,948 INFO Measurement at current 0.00018090452261306533
2023-05-03 12:02:05,542 INFO T:241.49Â°K V:3.8029e-03V I:1.8090e-04A R:2.1022e+01ğ›€ E:1.1737e-01V/cm J:7.9170e-03A/cm2 ğ›’:1.4826e+01ğ›€ cm
2023-05-03 12:02:05,565 INFO Measurement at current 0.00019095477386934674
2023-05-03 12:02:06,173 INFO T:241.48Â°K V:4.0170e-03V I:1.9095e-04A R:2.1037e+01ğ›€ E:1.2398e-01V/cm J:8.3569e-03A/cm2 ğ›’:1.4836e+01ğ›€ cm
2023-05-03 12:02:06,196 INFO Measurement at current 0.00020100502512562814
2023-05-03 12:02:06,797 INFO T:241.47Â°K V:4.2317e-03V I:2.0101e-04A R:2.1052e+01ğ›€ E:1.3061e-01V/cm J:8.7967e-03A/cm2 ğ›’:1.4847e+01ğ›€ cm
2023-05-03 12:02:06,820 INFO Measurement at current 0.00021105527638190955
2023-05-03 12:02:07,423 INFO T:241.47Â°K V:4.4451e-03V I:2.1106e-04A R:2.1061e+01ğ›€ E:1.3720e-01V/cm J:9.2366e-03A/cm2 ğ›’:1.4854e+01ğ›€ cm
2023-05-03 12:02:07,452 INFO Measurement at current 0.00022110552763819096
2023-05-03 12:02:08,045 INFO T:241.46Â°K V:4.6115e-03V I:2.2111e-04A R:2.0857e+01ğ›€ E:1.4233e-01V/cm J:9.6764e-03A/cm2 ğ›’:1.4709e+01ğ›€ cm
2023-05-03 12:02:08,062 INFO Measurement at current 0.00023115577889447236
2023-05-03 12:02:08,650 INFO T:241.46Â°K V:4.8050e-03V I:2.3116e-04A R:2.0787e+01ğ›€ E:1.4830e-01V/cm J:1.0116e-02A/cm2 ğ›’:1.4660e+01ğ›€ cm
2023-05-03 12:02:08,667 INFO Measurement at current 0.0002412060301507538
2023-05-03 12:02:09,275 INFO T:241.45Â°K V:4.9963e-03V I:2.4121e-04A R:2.0714e+01ğ›€ E:1.5421e-01V/cm J:1.0556e-02A/cm2 ğ›’:1.4608e+01ğ›€ cm
2023-05-03 12:02:09,295 INFO Measurement at current 0.0002512562814070352
2023-05-03 12:02:09,918 INFO T:241.44Â°K V:5.2042e-03V I:2.5126e-04A R:2.0713e+01ğ›€ E:1.6062e-01V/cm J:1.0996e-02A/cm2 ğ›’:1.4608e+01ğ›€ cm
2023-05-03 12:02:09,942 INFO Measurement at current 0.0002613065326633166
2023-05-03 12:02:10,540 INFO T:241.44Â°K V:5.3949e-03V I:2.6131e-04A R:2.0646e+01ğ›€ E:1.6651e-01V/cm J:1.1436e-02A/cm2 ğ›’:1.4560e+01ğ›€ cm
2023-05-03 12:02:10,556 INFO Measurement at current 0.000271356783919598
2023-05-03 12:02:11,147 INFO T:241.43Â°K V:5.5979e-03V I:2.7136e-04A R:2.0629e+01ğ›€ E:1.7277e-01V/cm J:1.1876e-02A/cm2 ğ›’:1.4549e+01ğ›€ cm
2023-05-03 12:02:11,172 INFO Measurement at current 0.0002814070351758794
2023-05-03 12:02:11,782 INFO T:241.42Â°K V:5.8021e-03V I:2.8141e-04A R:2.0618e+01ğ›€ E:1.7908e-01V/cm J:1.2315e-02A/cm2 ğ›’:1.4541e+01ğ›€ cm
2023-05-03 12:02:11,805 INFO Measurement at current 0.0002914572864321608
2023-05-03 12:02:12,407 INFO T:241.42Â°K V:5.9772e-03V I:2.9146e-04A R:2.0508e+01ğ›€ E:1.8448e-01V/cm J:1.2755e-02A/cm2 ğ›’:1.4463e+01ğ›€ cm
2023-05-03 12:02:12,437 INFO Measurement at current 0.00030150753768844223
2023-05-03 12:02:13,044 INFO T:241.41Â°K V:6.1603e-03V I:3.0151e-04A R:2.0432e+01ğ›€ E:1.9013e-01V/cm J:1.3195e-02A/cm2 ğ›’:1.4409e+01ğ›€ cm
2023-05-03 12:02:13,066 INFO Measurement at current 0.00031155778894472364
2023-05-03 12:02:13,660 INFO T:241.40Â°K V:6.3536e-03V I:3.1156e-04A R:2.0393e+01ğ›€ E:1.9610e-01V/cm J:1.3635e-02A/cm2 ğ›’:1.4382e+01ğ›€ cm
2023-05-03 12:02:13,675 INFO Measurement at current 0.00032160804020100504
2023-05-03 12:02:14,271 INFO T:241.40Â°K V:6.5619e-03V I:3.2161e-04A R:2.0403e+01ğ›€ E:2.0253e-01V/cm J:1.4075e-02A/cm2 ğ›’:1.4389e+01ğ›€ cm
2023-05-03 12:02:14,286 INFO Measurement at current 0.00033165829145728645
2023-05-03 12:02:14,895 INFO T:241.39Â°K V:6.7532e-03V I:3.3166e-04A R:2.0362e+01ğ›€ E:2.0843e-01V/cm J:1.4515e-02A/cm2 ğ›’:1.4360e+01ğ›€ cm
2023-05-03 12:02:14,920 INFO Measurement at current 0.00034170854271356785
2023-05-03 12:02:15,523 INFO T:241.38Â°K V:6.9579e-03V I:3.4171e-04A R:2.0362e+01ğ›€ E:2.1475e-01V/cm J:1.4954e-02A/cm2 ğ›’:1.4360e+01ğ›€ cm
2023-05-03 12:02:15,539 INFO Measurement at current 0.00035175879396984926
2023-05-03 12:02:16,154 INFO T:241.38Â°K V:7.1641e-03V I:3.5176e-04A R:2.0366e+01ğ›€ E:2.2111e-01V/cm J:1.5394e-02A/cm2 ğ›’:1.4363e+01ğ›€ cm
2023-05-03 12:02:16,170 INFO Measurement at current 0.00036180904522613067
2023-05-03 12:02:16,763 INFO T:241.37Â°K V:7.3554e-03V I:3.6181e-04A R:2.0329e+01ğ›€ E:2.2702e-01V/cm J:1.5834e-02A/cm2 ğ›’:1.4337e+01ğ›€ cm
2023-05-03 12:02:16,780 INFO Measurement at current 0.00037185929648241207
2023-05-03 12:02:17,386 INFO T:241.36Â°K V:7.5592e-03V I:3.7186e-04A R:2.0328e+01ğ›€ E:2.3331e-01V/cm J:1.6274e-02A/cm2 ğ›’:1.4336e+01ğ›€ cm
2023-05-03 12:02:17,452 INFO Measurement at current 0.0003819095477386935
2023-05-03 12:02:18,056 INFO T:241.36Â°K V:7.7668e-03V I:3.8191e-04A R:2.0337e+01ğ›€ E:2.3972e-01V/cm J:1.6714e-02A/cm2 ğ›’:1.4342e+01ğ›€ cm
2023-05-03 12:02:18,094 INFO Measurement at current 0.0003919597989949749
2023-05-03 12:02:18,688 INFO T:241.35Â°K V:7.9498e-03V I:3.9196e-04A R:2.0282e+01ğ›€ E:2.4536e-01V/cm J:1.7154e-02A/cm2 ğ›’:1.4304e+01ğ›€ cm
2023-05-03 12:02:18,705 INFO Measurement at current 0.0004020100502512563
2023-05-03 12:02:19,311 INFO T:241.34Â°K V:8.1516e-03V I:4.0201e-04A R:2.0277e+01ğ›€ E:2.5159e-01V/cm J:1.7593e-02A/cm2 ğ›’:1.4300e+01ğ›€ cm
2023-05-03 12:02:19,329 INFO Measurement at current 0.0004120603015075377
2023-05-03 12:02:19,930 INFO T:241.34Â°K V:8.3514e-03V I:4.1206e-04A R:2.0267e+01ğ›€ E:2.5776e-01V/cm J:1.8033e-02A/cm2 ğ›’:1.4293e+01ğ›€ cm
2023-05-03 12:02:19,945 INFO Measurement at current 0.0004221105527638191
2023-05-03 12:02:20,542 INFO T:241.33Â°K V:8.5590e-03V I:4.2211e-04A R:2.0277e+01ğ›€ E:2.6417e-01V/cm J:1.8473e-02A/cm2 ğ›’:1.4300e+01ğ›€ cm
2023-05-03 12:02:20,564 INFO Measurement at current 0.0004321608040201005
2023-05-03 12:02:21,169 INFO T:241.32Â°K V:8.7609e-03V I:4.3216e-04A R:2.0272e+01ğ›€ E:2.7040e-01V/cm J:1.8913e-02A/cm2 ğ›’:1.4297e+01ğ›€ cm
2023-05-03 12:02:21,193 INFO Measurement at current 0.0004422110552763819
2023-05-03 12:02:21,790 INFO T:241.32Â°K V:8.9548e-03V I:4.4221e-04A R:2.0250e+01ğ›€ E:2.7638e-01V/cm J:1.9353e-02A/cm2 ğ›’:1.4281e+01ğ›€ cm
2023-05-03 12:02:21,806 INFO Measurement at current 0.0004522613065326633
2023-05-03 12:02:22,418 INFO T:241.31Â°K V:9.1427e-03V I:4.5226e-04A R:2.0215e+01ğ›€ E:2.8218e-01V/cm J:1.9793e-02A/cm2 ğ›’:1.4257e+01ğ›€ cm
2023-05-03 12:02:22,435 INFO Measurement at current 0.0004623115577889447
2023-05-03 12:02:23,024 INFO T:241.31Â°K V:9.3361e-03V I:4.6231e-04A R:2.0194e+01ğ›€ E:2.8815e-01V/cm J:2.0232e-02A/cm2 ğ›’:1.4242e+01ğ›€ cm
2023-05-03 12:02:23,040 INFO Measurement at current 0.00047236180904522613
2023-05-03 12:02:23,635 INFO T:241.30Â°K V:9.5419e-03V I:4.7236e-04A R:2.0200e+01ğ›€ E:2.9450e-01V/cm J:2.0672e-02A/cm2 ğ›’:1.4246e+01ğ›€ cm
2023-05-03 12:02:23,654 INFO Measurement at current 0.0004824120603015076
2023-05-03 12:02:24,253 INFO T:241.29Â°K V:9.7205e-03V I:4.8241e-04A R:2.0150e+01ğ›€ E:3.0002e-01V/cm J:2.1112e-02A/cm2 ğ›’:1.4211e+01ğ›€ cm
2023-05-03 12:02:24,270 INFO Measurement at current 0.0004924623115577889
2023-05-03 12:02:24,862 INFO T:241.29Â°K V:9.9084e-03V I:4.9246e-04A R:2.0120e+01ğ›€ E:3.0582e-01V/cm J:2.1552e-02A/cm2 ğ›’:1.4190e+01ğ›€ cm
2023-05-03 12:02:24,878 INFO Measurement at current 0.0005025125628140704
2023-05-03 12:02:25,464 INFO T:241.28Â°K V:1.0092e-02V I:5.0251e-04A R:2.0084e+01ğ›€ E:3.1149e-01V/cm J:2.1992e-02A/cm2 ğ›’:1.4164e+01ğ›€ cm
2023-05-03 12:02:25,478 INFO Measurement at current 0.0005125628140703518
2023-05-03 12:02:26,074 INFO T:241.27Â°K V:1.0299e-02V I:5.1256e-04A R:2.0093e+01ğ›€ E:3.1787e-01V/cm J:2.2432e-02A/cm2 ğ›’:1.4171e+01ğ›€ cm
2023-05-03 12:02:26,088 INFO Measurement at current 0.0005226130653266332
2023-05-03 12:02:26,684 INFO T:241.27Â°K V:1.0484e-02V I:5.2261e-04A R:2.0061e+01ğ›€ E:3.2358e-01V/cm J:2.2871e-02A/cm2 ğ›’:1.4148e+01ğ›€ cm
2023-05-03 12:02:26,710 INFO Measurement at current 0.0005326633165829146
2023-05-03 12:02:27,318 INFO T:241.26Â°K V:1.0689e-02V I:5.3266e-04A R:2.0067e+01ğ›€ E:3.2990e-01V/cm J:2.3311e-02A/cm2 ğ›’:1.4152e+01ğ›€ cm
2023-05-03 12:02:27,344 INFO Measurement at current 0.000542713567839196
2023-05-03 12:02:27,946 INFO T:241.25Â°K V:1.0887e-02V I:5.4271e-04A R:2.0060e+01ğ›€ E:3.3601e-01V/cm J:2.3751e-02A/cm2 ğ›’:1.4147e+01ğ›€ cm
2023-05-03 12:02:27,967 INFO Measurement at current 0.0005527638190954774
2023-05-03 12:02:28,562 INFO T:241.25Â°K V:1.1092e-02V I:5.5276e-04A R:2.0066e+01ğ›€ E:3.4235e-01V/cm J:2.4191e-02A/cm2 ğ›’:1.4152e+01ğ›€ cm
2023-05-03 12:02:28,583 INFO Measurement at current 0.0005628140703517588
2023-05-03 12:02:29,176 INFO T:241.24Â°K V:1.1284e-02V I:5.6281e-04A R:2.0050e+01ğ›€ E:3.4829e-01V/cm J:2.4631e-02A/cm2 ğ›’:1.4140e+01ğ›€ cm
2023-05-03 12:02:29,200 INFO Measurement at current 0.0005728643216080402
2023-05-03 12:02:29,806 INFO T:241.24Â°K V:1.1484e-02V I:5.7286e-04A R:2.0047e+01ğ›€ E:3.5445e-01V/cm J:2.5071e-02A/cm2 ğ›’:1.4138e+01ğ›€ cm
2023-05-03 12:02:29,828 INFO Measurement at current 0.0005829145728643216
2023-05-03 12:02:30,439 INFO T:241.23Â°K V:1.1684e-02V I:5.8291e-04A R:2.0044e+01ğ›€ E:3.6061e-01V/cm J:2.5510e-02A/cm2 ğ›’:1.4136e+01ğ›€ cm
2023-05-03 12:02:30,461 INFO Measurement at current 0.000592964824120603
2023-05-03 12:02:31,062 INFO T:241.22Â°K V:1.1876e-02V I:5.9296e-04A R:2.0028e+01ğ›€ E:3.6655e-01V/cm J:2.5950e-02A/cm2 ğ›’:1.4125e+01ğ›€ cm
2023-05-03 12:02:31,079 INFO Measurement at current 0.0006030150753768845
2023-05-03 12:02:32,511 INFO T:241.21Â°K V:1.2069e-02V I:6.0302e-04A R:2.0014e+01ğ›€ E:3.7249e-01V/cm J:2.6390e-02A/cm2 ğ›’:1.4115e+01ğ›€ cm
2023-05-03 12:02:32,534 INFO Measurement at current 0.0006130653266331658
2023-05-03 12:02:33,123 INFO T:241.20Â°K V:1.2263e-02V I:6.1307e-04A R:2.0002e+01ğ›€ E:3.7848e-01V/cm J:2.6830e-02A/cm2 ğ›’:1.4106e+01ğ›€ cm
2023-05-03 12:02:33,139 INFO Measurement at current 0.0006231155778894473
2023-05-03 12:02:33,741 INFO T:241.20Â°K V:1.2455e-02V I:6.2312e-04A R:1.9989e+01ğ›€ E:3.8442e-01V/cm J:2.7270e-02A/cm2 ğ›’:1.4097e+01ğ›€ cm
2023-05-03 12:02:33,760 INFO Measurement at current 0.0006331658291457286
2023-05-03 12:02:34,375 INFO T:241.19Â°K V:1.2655e-02V I:6.3317e-04A R:1.9987e+01ğ›€ E:3.9060e-01V/cm J:2.7710e-02A/cm2 ğ›’:1.4096e+01ğ›€ cm
2023-05-03 12:02:34,408 INFO Measurement at current 0.0006432160804020101
2023-05-03 12:02:35,010 INFO T:241.18Â°K V:1.2874e-02V I:6.4322e-04A R:2.0015e+01ğ›€ E:3.9735e-01V/cm J:2.8150e-02A/cm2 ğ›’:1.4116e+01ğ›€ cm
2023-05-03 12:02:35,026 INFO Measurement at current 0.0006532663316582915
2023-05-03 12:02:35,616 INFO T:241.18Â°K V:1.3071e-02V I:6.5327e-04A R:2.0008e+01ğ›€ E:4.0342e-01V/cm J:2.8589e-02A/cm2 ğ›’:1.4111e+01ğ›€ cm
2023-05-03 12:02:35,634 INFO Measurement at current 0.0006633165829145729
2023-05-03 12:02:36,225 INFO T:241.17Â°K V:1.3268e-02V I:6.6332e-04A R:2.0003e+01ğ›€ E:4.0951e-01V/cm J:2.9029e-02A/cm2 ğ›’:1.4107e+01ğ›€ cm
2023-05-03 12:02:36,243 INFO Measurement at current 0.0006733668341708544
2023-05-03 12:02:36,834 INFO T:241.16Â°K V:1.3461e-02V I:6.7337e-04A R:1.9991e+01ğ›€ E:4.1547e-01V/cm J:2.9469e-02A/cm2 ğ›’:1.4098e+01ğ›€ cm
2023-05-03 12:02:36,854 INFO Measurement at current 0.0006834170854271357
2023-05-03 12:02:37,453 INFO T:241.16Â°K V:1.3653e-02V I:6.8342e-04A R:1.9978e+01ğ›€ E:4.2140e-01V/cm J:2.9909e-02A/cm2 ğ›’:1.4089e+01ğ›€ cm
2023-05-03 12:02:37,469 INFO Measurement at current 0.0006934673366834172
2023-05-03 12:02:38,063 INFO T:241.15Â°K V:1.3843e-02V I:6.9347e-04A R:1.9962e+01ğ›€ E:4.2724e-01V/cm J:3.0349e-02A/cm2 ğ›’:1.4078e+01ğ›€ cm
2023-05-03 12:02:38,080 INFO Measurement at current 0.0007035175879396985
2023-05-03 12:02:38,667 INFO T:241.15Â°K V:1.4049e-02V I:7.0352e-04A R:1.9970e+01ğ›€ E:4.3361e-01V/cm J:3.0789e-02A/cm2 ğ›’:1.4084e+01ğ›€ cm
2023-05-03 12:02:38,682 INFO Measurement at current 0.00071356783919598
2023-05-03 12:02:39,291 INFO T:241.14Â°K V:1.4253e-02V I:7.1357e-04A R:1.9974e+01ğ›€ E:4.3991e-01V/cm J:3.1228e-02A/cm2 ğ›’:1.4087e+01ğ›€ cm
2023-05-03 12:02:39,314 INFO Measurement at current 0.0007236180904522613
2023-05-03 12:02:39,903 INFO T:241.13Â°K V:1.4455e-02V I:7.2362e-04A R:1.9976e+01ğ›€ E:4.4613e-01V/cm J:3.1668e-02A/cm2 ğ›’:1.4088e+01ğ›€ cm
2023-05-03 12:02:39,924 INFO Measurement at current 0.0007336683417085428
2023-05-03 12:02:40,533 INFO T:241.13Â°K V:1.4641e-02V I:7.3367e-04A R:1.9955e+01ğ›€ E:4.5187e-01V/cm J:3.2108e-02A/cm2 ğ›’:1.4074e+01ğ›€ cm
2023-05-03 12:02:40,552 INFO Measurement at current 0.0007437185929648241
2023-05-03 12:02:41,145 INFO T:241.12Â°K V:1.4840e-02V I:7.4372e-04A R:1.9954e+01ğ›€ E:4.5803e-01V/cm J:3.2548e-02A/cm2 ğ›’:1.4072e+01ğ›€ cm
2023-05-03 12:02:41,167 INFO Measurement at current 0.0007537688442211056
2023-05-03 12:02:41,781 INFO T:241.12Â°K V:1.5035e-02V I:7.5377e-04A R:1.9946e+01ğ›€ E:4.6404e-01V/cm J:3.2988e-02A/cm2 ğ›’:1.4067e+01ğ›€ cm
2023-05-03 12:02:41,803 INFO Measurement at current 0.000763819095477387
2023-05-03 12:02:42,399 INFO T:241.11Â°K V:1.5221e-02V I:7.6382e-04A R:1.9927e+01ğ›€ E:4.6978e-01V/cm J:3.3428e-02A/cm2 ğ›’:1.4054e+01ğ›€ cm
2023-05-03 12:02:42,420 INFO Measurement at current 0.0007738693467336684
2023-05-03 12:02:43,011 INFO T:241.10Â°K V:1.5415e-02V I:7.7387e-04A R:1.9919e+01ğ›€ E:4.7577e-01V/cm J:3.3867e-02A/cm2 ğ›’:1.4048e+01ğ›€ cm
2023-05-03 12:02:43,039 INFO Measurement at current 0.0007839195979899498
2023-05-03 12:02:43,635 INFO T:241.10Â°K V:1.5588e-02V I:7.8392e-04A R:1.9885e+01ğ›€ E:4.8112e-01V/cm J:3.4307e-02A/cm2 ğ›’:1.4024e+01ğ›€ cm
2023-05-03 12:02:43,658 INFO Measurement at current 0.0007939698492462312
2023-05-03 12:02:44,263 INFO T:241.09Â°K V:1.5775e-02V I:7.9397e-04A R:1.9869e+01ğ›€ E:4.8689e-01V/cm J:3.4747e-02A/cm2 ğ›’:1.4012e+01ğ›€ cm
2023-05-03 12:02:44,285 INFO Measurement at current 0.0008040201005025126
2023-05-03 12:02:44,886 INFO T:241.08Â°K V:1.5967e-02V I:8.0402e-04A R:1.9858e+01ğ›€ E:4.9279e-01V/cm J:3.5187e-02A/cm2 ğ›’:1.4005e+01ğ›€ cm
2023-05-03 12:02:44,903 INFO Measurement at current 0.000814070351758794
2023-05-03 12:02:45,491 INFO T:241.08Â°K V:1.6170e-02V I:8.1407e-04A R:1.9863e+01ğ›€ E:4.9907e-01V/cm J:3.5627e-02A/cm2 ğ›’:1.4008e+01ğ›€ cm
2023-05-03 12:02:45,518 INFO Measurement at current 0.0008241206030150754
2023-05-03 12:02:46,117 INFO T:241.07Â°K V:1.6356e-02V I:8.2412e-04A R:1.9846e+01ğ›€ E:5.0481e-01V/cm J:3.6067e-02A/cm2 ğ›’:1.3997e+01ğ›€ cm
2023-05-03 12:02:46,141 INFO Measurement at current 0.0008341708542713569
2023-05-03 12:02:46,738 INFO T:241.07Â°K V:1.6544e-02V I:8.3417e-04A R:1.9832e+01ğ›€ E:5.1060e-01V/cm J:3.6506e-02A/cm2 ğ›’:1.3987e+01ğ›€ cm
2023-05-03 12:02:46,756 INFO Measurement at current 0.0008442211055276382
2023-05-03 12:02:47,349 INFO T:241.06Â°K V:1.6736e-02V I:8.4422e-04A R:1.9824e+01ğ›€ E:5.1654e-01V/cm J:3.6946e-02A/cm2 ğ›’:1.3981e+01ğ›€ cm
2023-05-03 12:02:47,366 INFO Measurement at current 0.0008542713567839197
2023-05-03 12:02:47,974 INFO T:241.05Â°K V:1.6917e-02V I:8.5427e-04A R:1.9803e+01ğ›€ E:5.2214e-01V/cm J:3.7386e-02A/cm2 ğ›’:1.3966e+01ğ›€ cm
2023-05-03 12:02:47,991 INFO Measurement at current 0.000864321608040201
2023-05-03 12:02:48,591 INFO T:241.05Â°K V:1.7078e-02V I:8.6432e-04A R:1.9759e+01ğ›€ E:5.2711e-01V/cm J:3.7826e-02A/cm2 ğ›’:1.3935e+01ğ›€ cm
2023-05-03 12:02:48,617 INFO Measurement at current 0.0008743718592964825
2023-05-03 12:02:49,203 INFO T:241.04Â°K V:1.7254e-02V I:8.7437e-04A R:1.9733e+01ğ›€ E:5.3253e-01V/cm J:3.8266e-02A/cm2 ğ›’:1.3917e+01ğ›€ cm
2023-05-03 12:02:49,235 INFO Measurement at current 0.0008844221105527638
2023-05-03 12:02:49,843 INFO T:241.04Â°K V:1.7434e-02V I:8.8442e-04A R:1.9712e+01ğ›€ E:5.3808e-01V/cm J:3.8706e-02A/cm2 ğ›’:1.3902e+01ğ›€ cm
2023-05-03 12:02:49,865 INFO Measurement at current 0.0008944723618090453
2023-05-03 12:02:50,470 INFO T:241.03Â°K V:1.7628e-02V I:8.9447e-04A R:1.9707e+01ğ›€ E:5.4406e-01V/cm J:3.9145e-02A/cm2 ğ›’:1.3898e+01ğ›€ cm
2023-05-03 12:02:50,497 INFO Measurement at current 0.0009045226130653266
2023-05-03 12:02:51,093 INFO T:241.02Â°K V:1.7808e-02V I:9.0452e-04A R:1.9687e+01ğ›€ E:5.4962e-01V/cm J:3.9585e-02A/cm2 ğ›’:1.3884e+01ğ›€ cm
2023-05-03 12:02:51,120 INFO Measurement at current 0.0009145728643216081
2023-05-03 12:02:51,713 INFO T:241.02Â°K V:1.7994e-02V I:9.1457e-04A R:1.9675e+01ğ›€ E:5.5536e-01V/cm J:4.0025e-02A/cm2 ğ›’:1.3875e+01ğ›€ cm
2023-05-03 12:02:51,761 INFO Measurement at current 0.0009246231155778894
2023-05-03 12:02:52,350 INFO T:241.01Â°K V:1.8175e-02V I:9.2462e-04A R:1.9657e+01ğ›€ E:5.6097e-01V/cm J:4.0465e-02A/cm2 ğ›’:1.3863e+01ğ›€ cm
2023-05-03 12:02:52,365 INFO Measurement at current 0.0009346733668341709
2023-05-03 12:02:52,951 INFO T:241.00Â°K V:1.8348e-02V I:9.3467e-04A R:1.9630e+01ğ›€ E:5.6630e-01V/cm J:4.0905e-02A/cm2 ğ›’:1.3844e+01ğ›€ cm
2023-05-03 12:02:52,966 INFO Measurement at current 0.0009447236180904523
2023-05-03 12:02:53,566 INFO T:241.00Â°K V:1.8529e-02V I:9.4472e-04A R:1.9613e+01ğ›€ E:5.7189e-01V/cm J:4.1345e-02A/cm2 ğ›’:1.3832e+01ğ›€ cm
2023-05-03 12:02:53,587 INFO Measurement at current 0.0009547738693467337
2023-05-03 12:02:54,177 INFO T:240.99Â°K V:1.8709e-02V I:9.5477e-04A R:1.9595e+01ğ›€ E:5.7743e-01V/cm J:4.1784e-02A/cm2 ğ›’:1.3819e+01ğ›€ cm
2023-05-03 12:02:54,210 INFO Measurement at current 0.0009648241206030152
2023-05-03 12:02:54,802 INFO T:240.99Â°K V:1.8886e-02V I:9.6482e-04A R:1.9574e+01ğ›€ E:5.8289e-01V/cm J:4.2224e-02A/cm2 ğ›’:1.3805e+01ğ›€ cm
2023-05-03 12:02:54,832 INFO Measurement at current 0.0009748743718592965
2023-05-03 12:02:55,427 INFO T:240.98Â°K V:1.9077e-02V I:9.7487e-04A R:1.9568e+01ğ›€ E:5.8879e-01V/cm J:4.2664e-02A/cm2 ğ›’:1.3801e+01ğ›€ cm
2023-05-03 12:02:55,461 INFO Measurement at current 0.0009849246231155779
2023-05-03 12:02:56,052 INFO T:240.97Â°K V:1.9273e-02V I:9.8492e-04A R:1.9568e+01ğ›€ E:5.9483e-01V/cm J:4.3104e-02A/cm2 ğ›’:1.3800e+01ğ›€ cm
2023-05-03 12:02:56,077 INFO Measurement at current 0.0009949748743718595
2023-05-03 12:02:56,672 INFO T:240.97Â°K V:1.9461e-02V I:9.9497e-04A R:1.9559e+01ğ›€ E:6.0064e-01V/cm J:4.3544e-02A/cm2 ğ›’:1.3794e+01ğ›€ cm
2023-05-03 12:02:56,695 INFO Measurement at current 0.0010050251256281408
2023-05-03 12:02:57,292 INFO T:240.96Â°K V:1.9659e-02V I:1.0050e-03A R:1.9560e+01ğ›€ E:6.0675e-01V/cm J:4.3984e-02A/cm2 ğ›’:1.3795e+01ğ›€ cm
2023-05-03 12:02:57,309 INFO Measurement at current 0.0010150753768844222
2023-05-03 12:02:57,900 INFO T:240.96Â°K V:1.9842e-02V I:1.0151e-03A R:1.9548e+01ğ›€ E:6.1241e-01V/cm J:4.4423e-02A/cm2 ğ›’:1.3786e+01ğ›€ cm
2023-05-03 12:02:57,919 INFO Measurement at current 0.0010251256281407035
2023-05-03 12:02:58,511 INFO T:240.95Â°K V:2.0045e-02V I:1.0251e-03A R:1.9553e+01ğ›€ E:6.1866e-01V/cm J:4.4863e-02A/cm2 ğ›’:1.3790e+01ğ›€ cm
2023-05-03 12:02:58,527 INFO Measurement at current 0.001035175879396985
2023-05-03 12:02:59,112 INFO T:240.94Â°K V:2.0237e-02V I:1.0352e-03A R:1.9550e+01ğ›€ E:6.2461e-01V/cm J:4.5303e-02A/cm2 ğ›’:1.3787e+01ğ›€ cm
2023-05-03 12:02:59,139 INFO Measurement at current 0.0010452261306532664
2023-05-03 12:02:59,747 INFO T:240.94Â°K V:2.0431e-02V I:1.0452e-03A R:1.9547e+01ğ›€ E:6.3059e-01V/cm J:4.5743e-02A/cm2 ğ›’:1.3786e+01ğ›€ cm
2023-05-03 12:02:59,768 INFO Measurement at current 0.0010552763819095478
2023-05-03 12:03:00,376 INFO T:240.93Â°K V:2.0624e-02V I:1.0553e-03A R:1.9544e+01ğ›€ E:6.3654e-01V/cm J:4.6183e-02A/cm2 ğ›’:1.3783e+01ğ›€ cm
2023-05-03 12:03:00,394 INFO Measurement at current 0.0010653266331658291
2023-05-03 12:03:00,988 INFO T:240.93Â°K V:2.0815e-02V I:1.0653e-03A R:1.9538e+01ğ›€ E:6.4243e-01V/cm J:4.6623e-02A/cm2 ğ›’:1.3779e+01ğ›€ cm
2023-05-03 12:03:01,004 INFO Measurement at current 0.0010753768844221107
2023-05-03 12:03:01,596 INFO T:240.92Â°K V:2.1015e-02V I:1.0754e-03A R:1.9542e+01ğ›€ E:6.4860e-01V/cm J:4.7062e-02A/cm2 ğ›’:1.3782e+01ğ›€ cm
2023-05-03 12:03:01,615 INFO Measurement at current 0.001085427135678392
2023-05-03 12:03:02,201 INFO T:240.91Â°K V:2.1201e-02V I:1.0854e-03A R:1.9532e+01ğ›€ E:6.5434e-01V/cm J:4.7502e-02A/cm2 ğ›’:1.3775e+01ğ›€ cm
2023-05-03 12:03:02,214 INFO Measurement at current 0.0010954773869346734
2023-05-03 12:03:02,796 INFO T:240.91Â°K V:2.1393e-02V I:1.0955e-03A R:1.9529e+01ğ›€ E:6.6028e-01V/cm J:4.7942e-02A/cm2 ğ›’:1.3772e+01ğ›€ cm
2023-05-03 12:03:02,816 INFO Measurement at current 0.0011055276381909548
2023-05-03 12:03:03,400 INFO T:240.90Â°K V:2.1572e-02V I:1.1055e-03A R:1.9512e+01ğ›€ E:6.6579e-01V/cm J:4.8382e-02A/cm2 ğ›’:1.3761e+01ğ›€ cm
2023-05-03 12:03:03,416 INFO Measurement at current 0.0011155778894472363
2023-05-03 12:03:04,007 INFO T:240.90Â°K V:2.1758e-02V I:1.1156e-03A R:1.9504e+01ğ›€ E:6.7156e-01V/cm J:4.8822e-02A/cm2 ğ›’:1.3755e+01ğ›€ cm
2023-05-03 12:03:04,027 INFO Measurement at current 0.0011256281407035177
2023-05-03 12:03:04,618 INFO T:240.89Â°K V:2.1945e-02V I:1.1256e-03A R:1.9496e+01ğ›€ E:6.7732e-01V/cm J:4.9262e-02A/cm2 ğ›’:1.3749e+01ğ›€ cm
2023-05-03 12:03:04,638 INFO Measurement at current 0.001135678391959799
2023-05-03 12:03:05,241 INFO T:240.88Â°K V:2.2132e-02V I:1.1357e-03A R:1.9488e+01ğ›€ E:6.8307e-01V/cm J:4.9701e-02A/cm2 ğ›’:1.3744e+01ğ›€ cm
2023-05-03 12:03:05,274 INFO Measurement at current 0.0011457286432160804
2023-05-03 12:03:05,887 INFO T:240.88Â°K V:2.2320e-02V I:1.1457e-03A R:1.9481e+01ğ›€ E:6.8888e-01V/cm J:5.0141e-02A/cm2 ğ›’:1.3739e+01ğ›€ cm
2023-05-03 12:03:05,916 INFO Measurement at current 0.001155778894472362
2023-05-03 12:03:06,501 INFO T:240.87Â°K V:2.2530e-02V I:1.1558e-03A R:1.9493e+01ğ›€ E:6.9537e-01V/cm J:5.0581e-02A/cm2 ğ›’:1.3748e+01ğ›€ cm
2023-05-03 12:03:06,514 INFO Measurement at current 0.0011658291457286433
2023-05-03 12:03:07,098 INFO T:240.87Â°K V:2.2720e-02V I:1.1658e-03A R:1.9488e+01ğ›€ E:7.0122e-01V/cm J:5.1021e-02A/cm2 ğ›’:1.3744e+01ğ›€ cm
2023-05-03 12:03:07,120 INFO Measurement at current 0.0011758793969849247
2023-05-03 12:03:07,713 INFO T:240.86Â°K V:2.2909e-02V I:1.1759e-03A R:1.9483e+01ğ›€ E:7.0707e-01V/cm J:5.1461e-02A/cm2 ğ›’:1.3740e+01ğ›€ cm
2023-05-03 12:03:07,735 INFO Measurement at current 0.001185929648241206
2023-05-03 12:03:08,331 INFO T:240.85Â°K V:2.3097e-02V I:1.1859e-03A R:1.9475e+01ğ›€ E:7.1286e-01V/cm J:5.1901e-02A/cm2 ğ›’:1.3735e+01ğ›€ cm
2023-05-03 12:03:08,348 INFO Measurement at current 0.0011959798994974876
2023-05-03 12:03:08,942 INFO T:240.85Â°K V:2.3285e-02V I:1.1960e-03A R:1.9470e+01ğ›€ E:7.1869e-01V/cm J:5.2340e-02A/cm2 ğ›’:1.3731e+01ğ›€ cm
2023-05-03 12:03:08,985 INFO Measurement at current 0.001206030150753769
2023-05-03 12:03:09,580 INFO T:240.84Â°K V:2.3475e-02V I:1.2060e-03A R:1.9464e+01ğ›€ E:7.2453e-01V/cm J:5.2780e-02A/cm2 ğ›’:1.3727e+01ğ›€ cm
2023-05-03 12:03:09,610 INFO Measurement at current 0.0012160804020100503
2023-05-03 12:03:10,201 INFO T:240.84Â°K V:2.3661e-02V I:1.2161e-03A R:1.9457e+01ğ›€ E:7.3029e-01V/cm J:5.3220e-02A/cm2 ğ›’:1.3722e+01ğ›€ cm
2023-05-03 12:03:10,216 INFO Measurement at current 0.0012261306532663316
2023-05-03 12:03:10,820 INFO T:240.83Â°K V:2.3865e-02V I:1.2261e-03A R:1.9464e+01ğ›€ E:7.3659e-01V/cm J:5.3660e-02A/cm2 ğ›’:1.3727e+01ğ›€ cm
2023-05-03 12:03:10,838 INFO Measurement at current 0.0012361809045226132
2023-05-03 12:03:11,424 INFO T:240.82Â°K V:2.4056e-02V I:1.2362e-03A R:1.9460e+01ğ›€ E:7.4246e-01V/cm J:5.4100e-02A/cm2 ğ›’:1.3724e+01ğ›€ cm
2023-05-03 12:03:11,439 INFO Measurement at current 0.0012462311557788945
2023-05-03 12:03:12,023 INFO T:240.82Â°K V:2.4256e-02V I:1.2462e-03A R:1.9463e+01ğ›€ E:7.4864e-01V/cm J:5.4540e-02A/cm2 ğ›’:1.3726e+01ğ›€ cm
2023-05-03 12:03:12,039 INFO Measurement at current 0.001256281407035176
2023-05-03 12:03:12,631 INFO T:240.81Â°K V:2.4461e-02V I:1.2563e-03A R:1.9471e+01ğ›€ E:7.5497e-01V/cm J:5.4979e-02A/cm2 ğ›’:1.3732e+01ğ›€ cm
2023-05-03 12:03:12,650 INFO Measurement at current 0.0012663316582914572
2023-05-03 12:03:13,236 INFO T:240.81Â°K V:2.4652e-02V I:1.2663e-03A R:1.9467e+01ğ›€ E:7.6087e-01V/cm J:5.5419e-02A/cm2 ğ›’:1.3729e+01ğ›€ cm
2023-05-03 12:03:13,251 INFO Measurement at current 0.0012763819095477388
2023-05-03 12:03:13,850 INFO T:240.80Â°K V:2.4850e-02V I:1.2764e-03A R:1.9469e+01ğ›€ E:7.6699e-01V/cm J:5.5859e-02A/cm2 ğ›’:1.3731e+01ğ›€ cm
2023-05-03 12:03:13,865 INFO Measurement at current 0.0012864321608040202
2023-05-03 12:03:14,458 INFO T:240.80Â°K V:2.5050e-02V I:1.2864e-03A R:1.9472e+01ğ›€ E:7.7315e-01V/cm J:5.6299e-02A/cm2 ğ›’:1.3733e+01ğ›€ cm
2023-05-03 12:03:14,474 INFO Measurement at current 0.0012964824120603015
2023-05-03 12:03:15,055 INFO T:240.79Â°K V:2.5244e-02V I:1.2965e-03A R:1.9471e+01ğ›€ E:7.7913e-01V/cm J:5.6739e-02A/cm2 ğ›’:1.3732e+01ğ›€ cm
2023-05-03 12:03:15,070 INFO Measurement at current 0.001306532663316583
2023-05-03 12:03:15,669 INFO T:240.78Â°K V:2.5439e-02V I:1.3065e-03A R:1.9471e+01ğ›€ E:7.8517e-01V/cm J:5.7179e-02A/cm2 ğ›’:1.3732e+01ğ›€ cm
2023-05-03 12:03:15,688 INFO Measurement at current 0.0013165829145728644
2023-05-03 12:03:16,286 INFO T:240.78Â°K V:2.5639e-02V I:1.3166e-03A R:1.9474e+01ğ›€ E:7.9131e-01V/cm J:5.7619e-02A/cm2 ğ›’:1.3734e+01ğ›€ cm
2023-05-03 12:03:16,312 INFO Measurement at current 0.0013266331658291458
2023-05-03 12:03:16,910 INFO T:240.77Â°K V:2.5837e-02V I:1.3266e-03A R:1.9475e+01ğ›€ E:7.9743e-01V/cm J:5.8058e-02A/cm2 ğ›’:1.3735e+01ğ›€ cm
2023-05-03 12:03:16,945 INFO Measurement at current 0.0013366834170854271
2023-05-03 12:03:17,560 INFO T:240.77Â°K V:2.6031e-02V I:1.3367e-03A R:1.9474e+01ğ›€ E:8.0342e-01V/cm J:5.8498e-02A/cm2 ğ›’:1.3734e+01ğ›€ cm
2023-05-03 12:03:17,581 INFO Measurement at current 0.0013467336683417087
2023-05-03 12:03:18,181 INFO T:240.76Â°K V:2.6243e-02V I:1.3467e-03A R:1.9486e+01ğ›€ E:8.0997e-01V/cm J:5.8938e-02A/cm2 ğ›’:1.3743e+01ğ›€ cm
2023-05-03 12:03:18,199 INFO Measurement at current 0.00135678391959799
2023-05-03 12:03:18,785 INFO T:240.75Â°K V:2.6458e-02V I:1.3568e-03A R:1.9501e+01ğ›€ E:8.1662e-01V/cm J:5.9378e-02A/cm2 ğ›’:1.3753e+01ğ›€ cm
2023-05-03 12:03:18,801 INFO Measurement at current 0.0013668341708542714
2023-05-03 12:03:19,440 INFO T:240.75Â°K V:2.6662e-02V I:1.3668e-03A R:1.9507e+01ğ›€ E:8.2291e-01V/cm J:5.9818e-02A/cm2 ğ›’:1.3757e+01ğ›€ cm
2023-05-03 12:03:19,461 INFO Measurement at current 0.0013768844221105528
2023-05-03 12:03:20,071 INFO T:240.74Â°K V:2.6853e-02V I:1.3769e-03A R:1.9502e+01ğ›€ E:8.2878e-01V/cm J:6.0258e-02A/cm2 ğ›’:1.3754e+01ğ›€ cm
2023-05-03 12:03:20,097 INFO Measurement at current 0.0013869346733668343
2023-05-03 12:03:20,698 INFO T:240.74Â°K V:2.7050e-02V I:1.3869e-03A R:1.9503e+01ğ›€ E:8.3488e-01V/cm J:6.0697e-02A/cm2 ğ›’:1.3755e+01ğ›€ cm
2023-05-03 12:03:20,718 INFO Measurement at current 0.0013969849246231157
2023-05-03 12:03:21,316 INFO T:240.73Â°K V:2.7260e-02V I:1.3970e-03A R:1.9514e+01ğ›€ E:8.4137e-01V/cm J:6.1137e-02A/cm2 ğ›’:1.3762e+01ğ›€ cm
2023-05-03 12:03:21,339 INFO Measurement at current 0.001407035175879397
2023-05-03 12:03:21,937 INFO T:240.72Â°K V:2.7465e-02V I:1.4070e-03A R:1.9520e+01ğ›€ E:8.4769e-01V/cm J:6.1577e-02A/cm2 ğ›’:1.3766e+01ğ›€ cm
2023-05-03 12:03:21,961 INFO Measurement at current 0.0014170854271356784
2023-05-03 12:03:22,559 INFO T:240.72Â°K V:2.7671e-02V I:1.4171e-03A R:1.9527e+01ğ›€ E:8.5405e-01V/cm J:6.2017e-02A/cm2 ğ›’:1.3771e+01ğ›€ cm
2023-05-03 12:03:22,590 INFO Measurement at current 0.00142713567839196
2023-05-03 12:03:23,182 INFO T:240.71Â°K V:2.7875e-02V I:1.4271e-03A R:1.9532e+01ğ›€ E:8.6034e-01V/cm J:6.2457e-02A/cm2 ğ›’:1.3775e+01ğ›€ cm
2023-05-03 12:03:23,230 INFO Measurement at current 0.0014371859296482413
2023-05-03 12:03:23,846 INFO T:240.71Â°K V:2.8078e-02V I:1.4372e-03A R:1.9537e+01ğ›€ E:8.6661e-01V/cm J:6.2897e-02A/cm2 ğ›’:1.3778e+01ğ›€ cm
2023-05-03 12:03:23,861 INFO Measurement at current 0.0014472361809045227
2023-05-03 12:03:24,455 INFO T:240.70Â°K V:2.8277e-02V I:1.4472e-03A R:1.9539e+01ğ›€ E:8.7276e-01V/cm J:6.3336e-02A/cm2 ğ›’:1.3780e+01ğ›€ cm
2023-05-03 12:03:24,473 INFO Measurement at current 0.001457286432160804
2023-05-03 12:03:25,063 INFO T:240.69Â°K V:2.8492e-02V I:1.4573e-03A R:1.9551e+01ğ›€ E:8.7938e-01V/cm J:6.3776e-02A/cm2 ğ›’:1.3789e+01ğ›€ cm
2023-05-03 12:03:25,082 INFO Measurement at current 0.0014673366834170856
2023-05-03 12:03:25,667 INFO T:240.69Â°K V:2.8704e-02V I:1.4673e-03A R:1.9562e+01ğ›€ E:8.8593e-01V/cm J:6.4216e-02A/cm2 ğ›’:1.3796e+01ğ›€ cm
2023-05-03 12:03:25,698 INFO Measurement at current 0.001477386934673367
2023-05-03 12:03:26,282 INFO T:240.68Â°K V:2.8904e-02V I:1.4774e-03A R:1.9564e+01ğ›€ E:8.9210e-01V/cm J:6.4656e-02A/cm2 ğ›’:1.3798e+01ğ›€ cm
2023-05-03 12:03:26,297 INFO Measurement at current 0.0014874371859296483
2023-05-03 12:03:26,882 INFO T:240.68Â°K V:2.9117e-02V I:1.4874e-03A R:1.9575e+01ğ›€ E:8.9868e-01V/cm J:6.5096e-02A/cm2 ğ›’:1.3806e+01ğ›€ cm
2023-05-03 12:03:26,897 INFO Measurement at current 0.0014974874371859296
2023-05-03 12:03:27,484 INFO T:240.67Â°K V:2.9320e-02V I:1.4975e-03A R:1.9580e+01ğ›€ E:9.0495e-01V/cm J:6.5536e-02A/cm2 ğ›’:1.3808e+01ğ›€ cm
2023-05-03 12:03:27,499 INFO Measurement at current 0.0015075376884422112
2023-05-03 12:03:28,080 INFO T:240.67Â°K V:2.9528e-02V I:1.5075e-03A R:1.9587e+01ğ›€ E:9.1135e-01V/cm J:6.5975e-02A/cm2 ğ›’:1.3813e+01ğ›€ cm
2023-05-03 12:03:28,097 INFO Measurement at current 0.0015175879396984926
2023-05-03 12:03:28,682 INFO T:240.66Â°K V:2.9733e-02V I:1.5176e-03A R:1.9592e+01ğ›€ E:9.1768e-01V/cm J:6.6415e-02A/cm2 ğ›’:1.3817e+01ğ›€ cm
2023-05-03 12:03:28,697 INFO Measurement at current 0.001527638190954774
2023-05-03 12:03:29,286 INFO T:240.65Â°K V:2.9940e-02V I:1.5276e-03A R:1.9599e+01ğ›€ E:9.2406e-01V/cm J:6.6855e-02A/cm2 ğ›’:1.3822e+01ğ›€ cm
2023-05-03 12:03:29,299 INFO Measurement at current 0.0015376884422110553
2023-05-03 12:03:29,885 INFO T:240.65Â°K V:3.0141e-02V I:1.5377e-03A R:1.9601e+01ğ›€ E:9.3027e-01V/cm J:6.7295e-02A/cm2 ğ›’:1.3824e+01ğ›€ cm
2023-05-03 12:03:29,900 INFO Measurement at current 0.0015477386934673368
2023-05-03 12:03:30,486 INFO T:240.64Â°K V:3.0334e-02V I:1.5477e-03A R:1.9599e+01ğ›€ E:9.3625e-01V/cm J:6.7735e-02A/cm2 ğ›’:1.3822e+01ğ›€ cm
2023-05-03 12:03:30,516 INFO Measurement at current 0.0015577889447236182
2023-05-03 12:03:31,111 INFO T:240.64Â°K V:3.0550e-02V I:1.5578e-03A R:1.9611e+01ğ›€ E:9.4292e-01V/cm J:6.8175e-02A/cm2 ğ›’:1.3831e+01ğ›€ cm
2023-05-03 12:03:31,133 INFO Measurement at current 0.0015678391959798995
2023-05-03 12:03:31,737 INFO T:240.63Â°K V:3.0749e-02V I:1.5678e-03A R:1.9612e+01ğ›€ E:9.4903e-01V/cm J:6.8614e-02A/cm2 ğ›’:1.3831e+01ğ›€ cm
2023-05-03 12:03:31,753 INFO Measurement at current 0.0015778894472361809
2023-05-03 12:03:32,352 INFO T:240.63Â°K V:3.0948e-02V I:1.5779e-03A R:1.9613e+01ğ›€ E:9.5517e-01V/cm J:6.9054e-02A/cm2 ğ›’:1.3832e+01ğ›€ cm
2023-05-03 12:03:32,388 INFO Measurement at current 0.0015879396984924625
2023-05-03 12:03:32,975 INFO T:240.62Â°K V:3.1153e-02V I:1.5879e-03A R:1.9619e+01ğ›€ E:9.6152e-01V/cm J:6.9494e-02A/cm2 ğ›’:1.3836e+01ğ›€ cm
2023-05-03 12:03:32,992 INFO Measurement at current 0.0015979899497487438
2023-05-03 12:03:33,581 INFO T:240.61Â°K V:3.1358e-02V I:1.5980e-03A R:1.9624e+01ğ›€ E:9.6785e-01V/cm J:6.9934e-02A/cm2 ğ›’:1.3840e+01ğ›€ cm
2023-05-03 12:03:33,605 INFO Measurement at current 0.0016080402010050252
2023-05-03 12:03:34,205 INFO T:240.61Â°K V:3.1573e-02V I:1.6080e-03A R:1.9634e+01ğ›€ E:9.7446e-01V/cm J:7.0374e-02A/cm2 ğ›’:1.3847e+01ğ›€ cm
2023-05-03 12:03:34,230 INFO Measurement at current 0.0016180904522613067
2023-05-03 12:03:34,823 INFO T:240.60Â°K V:3.1783e-02V I:1.6181e-03A R:1.9642e+01ğ›€ E:9.8094e-01V/cm J:7.0814e-02A/cm2 ğ›’:1.3852e+01ğ›€ cm
2023-05-03 12:03:34,848 INFO Measurement at current 0.001628140703517588
2023-05-03 12:03:35,447 INFO T:240.60Â°K V:3.1982e-02V I:1.6281e-03A R:1.9643e+01ğ›€ E:9.8710e-01V/cm J:7.1253e-02A/cm2 ğ›’:1.3853e+01ğ›€ cm
2023-05-03 12:03:35,467 INFO Measurement at current 0.0016381909547738694
2023-05-03 12:03:36,078 INFO T:240.59Â°K V:3.2189e-02V I:1.6382e-03A R:1.9649e+01ğ›€ E:9.9349e-01V/cm J:7.1693e-02A/cm2 ğ›’:1.3857e+01ğ›€ cm
2023-05-03 12:03:36,101 INFO Measurement at current 0.0016482412060301508
2023-05-03 12:03:36,688 INFO T:240.59Â°K V:3.2405e-02V I:1.6482e-03A R:1.9660e+01ğ›€ E:1.0001e+00V/cm J:7.2133e-02A/cm2 ğ›’:1.3865e+01ğ›€ cm
2023-05-03 12:03:36,712 INFO Measurement at current 0.0016582914572864324
2023-05-03 12:03:37,313 INFO T:240.58Â°K V:3.2615e-02V I:1.6583e-03A R:1.9668e+01ğ›€ E:1.0067e+00V/cm J:7.2573e-02A/cm2 ğ›’:1.3871e+01ğ›€ cm
2023-05-03 12:03:37,338 INFO Measurement at current 0.0016683417085427137
2023-05-03 12:03:37,959 INFO T:240.57Â°K V:3.2829e-02V I:1.6683e-03A R:1.9678e+01ğ›€ E:1.0133e+00V/cm J:7.3013e-02A/cm2 ğ›’:1.3878e+01ğ›€ cm
2023-05-03 12:03:37,979 INFO Measurement at current 0.001678391959798995
2023-05-03 12:03:38,593 INFO T:240.57Â°K V:3.3056e-02V I:1.6784e-03A R:1.9695e+01ğ›€ E:1.0203e+00V/cm J:7.3453e-02A/cm2 ğ›’:1.3890e+01ğ›€ cm
2023-05-03 12:03:38,619 INFO Measurement at current 0.0016884422110552764
2023-05-03 12:03:39,238 INFO T:240.56Â°K V:3.3267e-02V I:1.6884e-03A R:1.9703e+01ğ›€ E:1.0268e+00V/cm J:7.3892e-02A/cm2 ğ›’:1.3895e+01ğ›€ cm
2023-05-03 12:03:39,254 INFO Measurement at current 0.001698492462311558
2023-05-03 12:03:39,840 INFO T:240.56Â°K V:3.3480e-02V I:1.6985e-03A R:1.9711e+01ğ›€ E:1.0333e+00V/cm J:7.4332e-02A/cm2 ğ›’:1.3901e+01ğ›€ cm
2023-05-03 12:03:39,855 INFO Measurement at current 0.0017085427135678393
2023-05-03 12:03:40,442 INFO T:240.55Â°K V:3.3692e-02V I:1.7085e-03A R:1.9720e+01ğ›€ E:1.0399e+00V/cm J:7.4772e-02A/cm2 ğ›’:1.3907e+01ğ›€ cm
2023-05-03 12:03:40,462 INFO Measurement at current 0.0017185929648241207
2023-05-03 12:03:41,066 INFO T:240.54Â°K V:3.3911e-02V I:1.7186e-03A R:1.9732e+01ğ›€ E:1.0466e+00V/cm J:7.5212e-02A/cm2 ğ›’:1.3916e+01ğ›€ cm
2023-05-03 12:03:41,079 INFO Measurement at current 0.001728643216080402
2023-05-03 12:03:41,665 INFO T:240.54Â°K V:3.4107e-02V I:1.7286e-03A R:1.9731e+01ğ›€ E:1.0527e+00V/cm J:7.5652e-02A/cm2 ğ›’:1.3915e+01ğ›€ cm
2023-05-03 12:03:41,692 INFO Measurement at current 0.0017386934673366836
2023-05-03 12:03:42,278 INFO T:240.53Â°K V:3.4316e-02V I:1.7387e-03A R:1.9737e+01ğ›€ E:1.0592e+00V/cm J:7.6092e-02A/cm2 ğ›’:1.3919e+01ğ›€ cm
2023-05-03 12:03:42,294 INFO Measurement at current 0.001748743718592965
2023-05-03 12:03:42,880 INFO T:240.53Â°K V:3.4536e-02V I:1.7487e-03A R:1.9749e+01ğ›€ E:1.0659e+00V/cm J:7.6531e-02A/cm2 ğ›’:1.3928e+01ğ›€ cm
2023-05-03 12:03:42,897 INFO Measurement at current 0.0017587939698492463
2023-05-03 12:03:43,482 INFO T:240.52Â°K V:3.4764e-02V I:1.7588e-03A R:1.9766e+01ğ›€ E:1.0730e+00V/cm J:7.6971e-02A/cm2 ğ›’:1.3940e+01ğ›€ cm
2023-05-03 12:03:43,497 INFO Measurement at current 0.0017688442211055277
2023-05-03 12:03:44,088 INFO T:240.52Â°K V:3.4973e-02V I:1.7688e-03A R:1.9772e+01ğ›€ E:1.0794e+00V/cm J:7.7411e-02A/cm2 ğ›’:1.3944e+01ğ›€ cm
2023-05-03 12:03:44,132 INFO Measurement at current 0.0017788944723618092
2023-05-03 12:03:44,720 INFO T:240.51Â°K V:3.5170e-02V I:1.7789e-03A R:1.9771e+01ğ›€ E:1.0855e+00V/cm J:7.7851e-02A/cm2 ğ›’:1.3943e+01ğ›€ cm
2023-05-03 12:03:44,748 INFO Measurement at current 0.0017889447236180906
2023-05-03 12:03:45,343 INFO T:240.51Â°K V:3.5384e-02V I:1.7889e-03A R:1.9779e+01ğ›€ E:1.0921e+00V/cm J:7.8291e-02A/cm2 ğ›’:1.3949e+01ğ›€ cm
2023-05-03 12:03:45,358 INFO Measurement at current 0.001798994974874372
2023-05-03 12:03:45,952 INFO T:240.50Â°K V:3.5613e-02V I:1.7990e-03A R:1.9796e+01ğ›€ E:1.0992e+00V/cm J:7.8731e-02A/cm2 ğ›’:1.3961e+01ğ›€ cm
2023-05-03 12:03:45,967 INFO Measurement at current 0.0018090452261306533
2023-05-03 12:03:46,553 INFO T:240.49Â°K V:3.5822e-02V I:1.8090e-03A R:1.9802e+01ğ›€ E:1.1056e+00V/cm J:7.9170e-02A/cm2 ğ›’:1.3965e+01ğ›€ cm
2023-05-03 12:03:46,567 INFO Measurement at current 0.0018190954773869348
2023-05-03 12:03:47,160 INFO T:240.49Â°K V:3.6012e-02V I:1.8191e-03A R:1.9797e+01ğ›€ E:1.1115e+00V/cm J:7.9610e-02A/cm2 ğ›’:1.3962e+01ğ›€ cm
2023-05-03 12:03:47,210 INFO Measurement at current 0.0018291457286432162
2023-05-03 12:03:47,809 INFO T:240.48Â°K V:3.6230e-02V I:1.8291e-03A R:1.9807e+01ğ›€ E:1.1182e+00V/cm J:8.0050e-02A/cm2 ğ›’:1.3969e+01ğ›€ cm
2023-05-03 12:03:47,829 INFO Measurement at current 0.0018391959798994975
2023-05-03 12:03:48,430 INFO T:240.48Â°K V:3.6455e-02V I:1.8392e-03A R:1.9821e+01ğ›€ E:1.1251e+00V/cm J:8.0490e-02A/cm2 ğ›’:1.3979e+01ğ›€ cm
2023-05-03 12:03:48,462 INFO Measurement at current 0.001849246231155779
2023-05-03 12:03:49,058 INFO T:240.47Â°K V:3.6677e-02V I:1.8492e-03A R:1.9833e+01ğ›€ E:1.1320e+00V/cm J:8.0930e-02A/cm2 ğ›’:1.3987e+01ğ›€ cm
2023-05-03 12:03:49,077 INFO Measurement at current 0.0018592964824120605
2023-05-03 12:03:49,686 INFO T:240.47Â°K V:3.6885e-02V I:1.8593e-03A R:1.9838e+01ğ›€ E:1.1384e+00V/cm J:8.1370e-02A/cm2 ğ›’:1.3991e+01ğ›€ cm
2023-05-03 12:03:49,714 INFO Measurement at current 0.0018693467336683418
2023-05-03 12:03:50,324 INFO T:240.46Â°K V:3.7087e-02V I:1.8693e-03A R:1.9840e+01ğ›€ E:1.1447e+00V/cm J:8.1809e-02A/cm2 ğ›’:1.3992e+01ğ›€ cm
2023-05-03 12:03:50,376 INFO Measurement at current 0.0018793969849246232
2023-05-03 12:03:50,998 INFO T:240.45Â°K V:3.7302e-02V I:1.8794e-03A R:1.9848e+01ğ›€ E:1.1513e+00V/cm J:8.2249e-02A/cm2 ğ›’:1.3997e+01ğ›€ cm
2023-05-03 12:03:51,021 INFO Measurement at current 0.0018894472361809045
2023-05-03 12:03:51,619 INFO T:240.45Â°K V:3.7525e-02V I:1.8894e-03A R:1.9860e+01ğ›€ E:1.1582e+00V/cm J:8.2689e-02A/cm2 ğ›’:1.4006e+01ğ›€ cm
2023-05-03 12:03:51,644 INFO Measurement at current 0.001899497487437186
2023-05-03 12:03:52,239 INFO T:240.44Â°K V:3.7742e-02V I:1.8995e-03A R:1.9869e+01ğ›€ E:1.1649e+00V/cm J:8.3129e-02A/cm2 ğ›’:1.4013e+01ğ›€ cm
2023-05-03 12:03:52,262 INFO Measurement at current 0.0019095477386934674
2023-05-03 12:03:52,871 INFO T:240.44Â°K V:3.7987e-02V I:1.9095e-03A R:1.9893e+01ğ›€ E:1.1724e+00V/cm J:8.3569e-02A/cm2 ğ›’:1.4029e+01ğ›€ cm
2023-05-03 12:03:52,885 INFO Measurement at current 0.0019195979899497488
2023-05-03 12:03:53,466 INFO T:240.43Â°K V:3.8221e-02V I:1.9196e-03A R:1.9911e+01ğ›€ E:1.1797e+00V/cm J:8.4009e-02A/cm2 ğ›’:1.4042e+01ğ›€ cm
2023-05-03 12:03:53,502 INFO Measurement at current 0.0019296482412060304
2023-05-03 12:03:54,093 INFO T:240.42Â°K V:3.8433e-02V I:1.9296e-03A R:1.9917e+01ğ›€ E:1.1862e+00V/cm J:8.4449e-02A/cm2 ğ›’:1.4047e+01ğ›€ cm
2023-05-03 12:03:54,113 INFO Measurement at current 0.0019396984924623117
2023-05-03 12:03:54,703 INFO T:240.42Â°K V:3.8673e-02V I:1.9397e-03A R:1.9938e+01ğ›€ E:1.1936e+00V/cm J:8.4888e-02A/cm2 ğ›’:1.4061e+01ğ›€ cm
2023-05-03 12:03:54,725 INFO Measurement at current 0.001949748743718593
2023-05-03 12:03:55,319 INFO T:240.41Â°K V:3.8902e-02V I:1.9497e-03A R:1.9952e+01ğ›€ E:1.2007e+00V/cm J:8.5328e-02A/cm2 ğ›’:1.4071e+01ğ›€ cm
2023-05-03 12:03:55,339 INFO Measurement at current 0.0019597989949748746
2023-05-03 12:03:55,928 INFO T:240.41Â°K V:3.9130e-02V I:1.9598e-03A R:1.9966e+01ğ›€ E:1.2077e+00V/cm J:8.5768e-02A/cm2 ğ›’:1.4081e+01ğ›€ cm
2023-05-03 12:03:55,946 INFO Measurement at current 0.0019698492462311558
2023-05-03 12:03:56,565 INFO T:240.40Â°K V:3.9340e-02V I:1.9698e-03A R:1.9971e+01ğ›€ E:1.2142e+00V/cm J:8.6208e-02A/cm2 ğ›’:1.4085e+01ğ›€ cm
2023-05-03 12:03:56,590 INFO Measurement at current 0.0019798994974874373
2023-05-03 12:03:57,196 INFO T:240.40Â°K V:3.9553e-02V I:1.9799e-03A R:1.9977e+01ğ›€ E:1.2208e+00V/cm J:8.6648e-02A/cm2 ğ›’:1.4089e+01ğ›€ cm
2023-05-03 12:03:57,223 INFO Measurement at current 0.001989949748743719
2023-05-03 12:03:57,920 INFO T:240.39Â°K V:3.9769e-02V I:1.9899e-03A R:1.9985e+01ğ›€ E:1.2274e+00V/cm J:8.7088e-02A/cm2 ğ›’:1.4094e+01ğ›€ cm
2023-05-03 12:03:57,946 INFO Measurement at current 0.002
2023-05-03 12:03:58,539 INFO T:240.38Â°K V:3.9997e-02V I:2.0000e-03A R:1.9998e+01ğ›€ E:1.2345e+00V/cm J:8.7527e-02A/cm2 ğ›’:1.4104e+01ğ›€ cm
2023-05-03 12:04:57,031 INFO Save the description file
2023-05-03 12:04:57,039 INFO Save data in numpy format Esperimenti/CPRO_MUSA_030523_I_V/CPRO_MUSA_030523_I_V_current_from_0_to_20e-4A/CPRO_MUSA_030523_I_V_current_from_0_to_20e-4A-20230503120455
2023-05-03 12:04:57,059 INFO Save data in CSV format Esperimenti/CPRO_MUSA_030523_I_V/CPRO_MUSA_030523_I_V_current_from_0_to_20e-4A/CPRO_MUSA_030523_I_V_current_from_0_to_20e-4A-20230503120455.csv
2023-05-03 12:04:57,081 INFO Save plot as image Esperimenti/CPRO_MUSA_030523_I_V/CPRO_MUSA_030523_I_V_current_from_0_to_20e-4A/CPRO_MUSA_030523_I_V_current_from_0_to_20e-4A-20230503120455.png
