2023-05-03 15:50:50,071 INFO ### Start experiment: CPRO_MUSA_030523_I_V current from 0 to 20e-4A ###
2023-05-03 15:50:51,417 INFO Found Multimeter KEITHLEY INSTRUMENTS INC.,MODEL 2700,0884890,B03  /A02  

2023-05-03 15:50:52,452 INFO Found Nanovolt Meter KEITHLEY INSTRUMENTS INC.,MODEL 2182A,4056474,C03  /A02  

2023-05-03 15:50:52,575 INFO Found Source Meter KEITHLEY INSTRUMENTS INC.,MODEL 2400,0945684,C24   Feb 14 2002 11:59:45/A02  /K/H

2023-05-03 15:50:52,711 INFO Start the measurement loop
2023-05-03 15:50:57,421 INFO Measurement at current 0.0
2023-05-03 15:50:58,331 INFO T:83.52Â°K V:-8.8007e-06V I:0.0000e+00A R:-infğ›€ E:-2.7163e-04V/cm J:0.0000e+00A/cm2 ğ›’:-infğ›€ cm
2023-05-03 15:50:58,355 INFO Measurement at current 1.0050251256281408e-05
2023-05-03 15:50:59,180 INFO T:83.51Â°K V:1.8922e+00V I:1.0050e-05A R:1.8828e+05ğ›€ E:5.8402e+01V/cm J:4.3984e-04A/cm2 ğ›’:1.3278e+05ğ›€ cm
2023-05-03 15:50:59,199 INFO Measurement at current 2.0100502512562815e-05
2023-05-03 15:50:59,792 INFO T:83.51Â°K V:3.6411e+00V I:2.0101e-05A R:1.8114e+05ğ›€ E:1.1238e+02V/cm J:8.7967e-04A/cm2 ğ›’:1.2775e+05ğ›€ cm
2023-05-03 15:50:59,811 INFO Measurement at current 3.0150753768844224e-05
2023-05-03 15:51:00,399 INFO T:83.50Â°K V:5.2084e+00V I:3.0151e-05A R:1.7275e+05ğ›€ E:1.6075e+02V/cm J:1.3195e-03A/cm2 ğ›’:1.2183e+05ğ›€ cm
2023-05-03 15:51:00,420 INFO Measurement at current 4.020100502512563e-05
2023-05-03 15:51:01,008 INFO T:83.50Â°K V:6.5345e+00V I:4.0201e-05A R:1.6255e+05ğ›€ E:2.0168e+02V/cm J:1.7593e-03A/cm2 ğ›’:1.1463e+05ğ›€ cm
2023-05-03 15:51:01,031 INFO Measurement at current 5.0251256281407036e-05
2023-05-03 15:51:01,631 INFO T:83.50Â°K V:7.5881e+00V I:5.0251e-05A R:1.5100e+05ğ›€ E:2.3420e+02V/cm J:2.1992e-03A/cm2 ğ›’:1.0649e+05ğ›€ cm
2023-05-03 15:51:01,654 INFO Measurement at current 6.030150753768845e-05
2023-05-03 15:51:02,239 INFO T:83.49Â°K V:8.3790e+00V I:6.0302e-05A R:1.3895e+05ğ›€ E:2.5861e+02V/cm J:2.6390e-03A/cm2 ğ›’:9.7995e+04ğ›€ cm
2023-05-03 15:51:02,262 INFO Measurement at current 7.035175879396985e-05
2023-05-03 15:51:02,858 INFO T:83.49Â°K V:8.9732e+00V I:7.0352e-05A R:1.2755e+05ğ›€ E:2.7695e+02V/cm J:3.0789e-03A/cm2 ğ›’:8.9953e+04ğ›€ cm
2023-05-03 15:51:02,877 INFO Measurement at current 8.040201005025126e-05
2023-05-03 15:51:03,467 INFO T:83.48Â°K V:9.4196e+00V I:8.0402e-05A R:1.1716e+05ğ›€ E:2.9073e+02V/cm J:3.5187e-03A/cm2 ğ›’:8.2624e+04ğ›€ cm
2023-05-03 15:51:03,493 INFO Measurement at current 9.045226130653267e-05
2023-05-03 15:51:04,128 INFO T:83.48Â°K V:9.6950e+00V I:9.0452e-05A R:1.0718e+05ğ›€ E:2.9923e+02V/cm J:3.9585e-03A/cm2 ğ›’:7.5591e+04ğ›€ cm
2023-05-03 15:51:04,152 INFO Measurement at current 0.00010050251256281407
2023-05-03 15:51:04,765 INFO T:83.48Â°K V:9.9611e+00V I:1.0050e-04A R:9.9113e+04ğ›€ E:3.0744e+02V/cm J:4.3984e-03A/cm2 ğ›’:6.9899e+04ğ›€ cm
2023-05-03 15:51:04,801 INFO Measurement at current 0.00011055276381909548
2023-05-03 15:51:05,403 INFO T:83.47Â°K V:9.6222e+00V I:1.1055e-04A R:8.7037e+04ğ›€ E:2.9698e+02V/cm J:4.8382e-03A/cm2 ğ›’:6.1383e+04ğ›€ cm
2023-05-03 15:51:05,423 INFO Measurement at current 0.0001206030150753769
2023-05-03 15:51:06,027 INFO T:83.47Â°K V:9.8112e+00V I:1.2060e-04A R:8.1351e+04ğ›€ E:3.0282e+02V/cm J:5.2780e-03A/cm2 ğ›’:5.7373e+04ğ›€ cm
2023-05-03 15:51:06,055 INFO Measurement at current 0.0001306532663316583
2023-05-03 15:51:06,638 INFO T:83.46Â°K V:9.8982e+00V I:1.3065e-04A R:7.5760e+04ğ›€ E:3.0550e+02V/cm J:5.7179e-03A/cm2 ğ›’:5.3429e+04ğ›€ cm
2023-05-03 15:51:06,656 INFO Measurement at current 0.0001407035175879397
2023-05-03 15:51:07,250 INFO T:83.46Â°K V:9.9656e+00V I:1.4070e-04A R:7.0827e+04ğ›€ E:3.0758e+02V/cm J:6.1577e-03A/cm2 ğ›’:4.9951e+04ğ›€ cm
2023-05-03 15:51:07,273 INFO Measurement at current 0.00015075376884422112
2023-05-03 15:51:07,872 INFO T:83.46Â°K V:1.0000e+01V I:1.5075e-04A R:6.6336e+04ğ›€ E:3.0865e+02V/cm J:6.5975e-03A/cm2 ğ›’:4.6783e+04ğ›€ cm
2023-05-03 15:51:07,896 INFO Measurement at current 0.00016080402010050252
2023-05-03 15:51:08,489 INFO T:83.45Â°K V:9.9696e+00V I:1.6080e-04A R:6.1998e+04ğ›€ E:3.0770e+02V/cm J:7.0374e-03A/cm2 ğ›’:4.3724e+04ğ›€ cm
2023-05-03 15:51:08,513 INFO Measurement at current 0.00017085427135678393
2023-05-03 15:51:09,104 INFO T:83.45Â°K V:9.9627e+00V I:1.7085e-04A R:5.8311e+04ğ›€ E:3.0749e+02V/cm J:7.4772e-03A/cm2 ğ›’:4.1124e+04ğ›€ cm
2023-05-03 15:51:09,123 INFO Measurement at current 0.00018090452261306533
2023-05-03 15:51:09,721 INFO T:83.45Â°K V:9.9192e+00V I:1.8090e-04A R:5.4831e+04ğ›€ E:3.0615e+02V/cm J:7.9170e-03A/cm2 ğ›’:3.8669e+04ğ›€ cm
2023-05-03 15:51:09,741 INFO Measurement at current 0.00019095477386934674
2023-05-03 15:51:10,348 INFO T:83.44Â°K V:9.8943e+00V I:1.9095e-04A R:5.1815e+04ğ›€ E:3.0538e+02V/cm J:8.3569e-03A/cm2 ğ›’:3.6542e+04ğ›€ cm
2023-05-03 15:51:10,374 INFO Measurement at current 0.00020100502512562814
2023-05-03 15:51:10,980 INFO T:83.44Â°K V:9.8592e+00V I:2.0101e-04A R:4.9049e+04ğ›€ E:3.0430e+02V/cm J:8.7967e-03A/cm2 ğ›’:3.4592e+04ğ›€ cm
2023-05-03 15:51:11,000 INFO Measurement at current 0.00021105527638190955
2023-05-03 15:51:11,600 INFO T:83.44Â°K V:9.8070e+00V I:2.1106e-04A R:4.6466e+04ğ›€ E:3.0268e+02V/cm J:9.2366e-03A/cm2 ğ›’:3.2770e+04ğ›€ cm
2023-05-03 15:51:11,629 INFO Measurement at current 0.00022110552763819096
2023-05-03 15:51:12,223 INFO T:83.43Â°K V:9.7669e+00V I:2.2111e-04A R:4.4173e+04ğ›€ E:3.0145e+02V/cm J:9.6764e-03A/cm2 ğ›’:3.1153e+04ğ›€ cm
2023-05-03 15:51:12,241 INFO Measurement at current 0.00023115577889447236
2023-05-03 15:51:12,827 INFO T:83.43Â°K V:9.7851e+00V I:2.3116e-04A R:4.2331e+04ğ›€ E:3.0201e+02V/cm J:1.0116e-02A/cm2 ğ›’:2.9854e+04ğ›€ cm
2023-05-03 15:51:12,850 INFO Measurement at current 0.0002412060301507538
2023-05-03 15:51:13,449 INFO T:83.42Â°K V:9.7564e+00V I:2.4121e-04A R:4.0448e+04ğ›€ E:3.0112e+02V/cm J:1.0556e-02A/cm2 ğ›’:2.8526e+04ğ›€ cm
2023-05-03 15:51:13,466 INFO Measurement at current 0.0002512562814070352
2023-05-03 15:51:14,061 INFO T:83.42Â°K V:9.6561e+00V I:2.5126e-04A R:3.8431e+04ğ›€ E:2.9803e+02V/cm J:1.0996e-02A/cm2 ğ›’:2.7103e+04ğ›€ cm
2023-05-03 15:51:14,078 INFO Measurement at current 0.0002613065326633166
2023-05-03 15:51:14,689 INFO T:83.42Â°K V:9.5912e+00V I:2.6131e-04A R:3.6705e+04ğ›€ E:2.9602e+02V/cm J:1.1436e-02A/cm2 ğ›’:2.5886e+04ğ›€ cm
2023-05-03 15:51:14,707 INFO Measurement at current 0.000271356783919598
2023-05-03 15:51:15,295 INFO T:83.41Â°K V:9.4600e+00V I:2.7136e-04A R:3.4862e+04ğ›€ E:2.9198e+02V/cm J:1.1876e-02A/cm2 ğ›’:2.4586e+04ğ›€ cm
2023-05-03 15:51:15,312 INFO Measurement at current 0.0002814070351758794
2023-05-03 15:51:15,904 INFO T:83.41Â°K V:9.3704e+00V I:2.8141e-04A R:3.3298e+04ğ›€ E:2.8921e+02V/cm J:1.2315e-02A/cm2 ğ›’:2.3484e+04ğ›€ cm
2023-05-03 15:51:15,921 INFO Measurement at current 0.0002914572864321608
2023-05-03 15:51:16,511 INFO T:83.41Â°K V:9.3892e+00V I:2.9146e-04A R:3.2215e+04ğ›€ E:2.8979e+02V/cm J:1.2755e-02A/cm2 ğ›’:2.2719e+04ğ›€ cm
2023-05-03 15:51:16,535 INFO Measurement at current 0.00030150753768844223
2023-05-03 15:51:17,135 INFO T:83.40Â°K V:9.2868e+00V I:3.0151e-04A R:3.0801e+04ğ›€ E:2.8663e+02V/cm J:1.3195e-02A/cm2 ğ›’:2.1722e+04ğ›€ cm
2023-05-03 15:51:17,170 INFO Measurement at current 0.00031155778894472364
2023-05-03 15:51:17,764 INFO T:83.40Â°K V:9.1959e+00V I:3.1156e-04A R:2.9516e+04ğ›€ E:2.8383e+02V/cm J:1.3635e-02A/cm2 ğ›’:2.0816e+04ğ›€ cm
2023-05-03 15:51:17,780 INFO Measurement at current 0.00032160804020100504
2023-05-03 15:51:18,369 INFO T:83.39Â°K V:9.1424e+00V I:3.2161e-04A R:2.8427e+04ğ›€ E:2.8217e+02V/cm J:1.4075e-02A/cm2 ğ›’:2.0048e+04ğ›€ cm
2023-05-03 15:51:18,390 INFO Measurement at current 0.00033165829145728645
2023-05-03 15:51:18,981 INFO T:83.39Â°K V:9.0827e+00V I:3.3166e-04A R:2.7386e+04ğ›€ E:2.8033e+02V/cm J:1.4515e-02A/cm2 ğ›’:1.9314e+04ğ›€ cm
2023-05-03 15:51:18,998 INFO Measurement at current 0.00034170854271356785
2023-05-03 15:51:19,585 INFO T:83.39Â°K V:8.9975e+00V I:3.4171e-04A R:2.6331e+04ğ›€ E:2.7770e+02V/cm J:1.4954e-02A/cm2 ğ›’:1.8570e+04ğ›€ cm
2023-05-03 15:51:19,608 INFO Measurement at current 0.00035175879396984926
2023-05-03 15:51:20,208 INFO T:83.38Â°K V:9.0000e+00V I:3.5176e-04A R:2.5586e+04ğ›€ E:2.7778e+02V/cm J:1.5394e-02A/cm2 ğ›’:1.8044e+04ğ›€ cm
2023-05-03 15:51:20,231 INFO Measurement at current 0.00036180904522613067
2023-05-03 15:51:20,825 INFO T:83.38Â°K V:8.9010e+00V I:3.6181e-04A R:2.4601e+04ğ›€ E:2.7472e+02V/cm J:1.5834e-02A/cm2 ğ›’:1.7350e+04ğ›€ cm
2023-05-03 15:51:20,847 INFO Measurement at current 0.00037185929648241207
2023-05-03 15:51:21,456 INFO T:83.38Â°K V:8.8893e+00V I:3.7186e-04A R:2.3905e+04ğ›€ E:2.7436e+02V/cm J:1.6274e-02A/cm2 ğ›’:1.6859e+04ğ›€ cm
2023-05-03 15:51:21,490 INFO Measurement at current 0.0003819095477386935
2023-05-03 15:51:22,079 INFO T:83.37Â°K V:8.7899e+00V I:3.8191e-04A R:2.3016e+04ğ›€ E:2.7129e+02V/cm J:1.6714e-02A/cm2 ğ›’:1.6232e+04ğ›€ cm
2023-05-03 15:51:22,105 INFO Measurement at current 0.0003919597989949749
2023-05-03 15:51:22,704 INFO T:83.37Â°K V:8.7377e+00V I:3.9196e-04A R:2.2292e+04ğ›€ E:2.6968e+02V/cm J:1.7154e-02A/cm2 ğ›’:1.5722e+04ğ›€ cm
2023-05-03 15:51:22,730 INFO Measurement at current 0.0004020100502512563
2023-05-03 15:51:23,330 INFO T:83.37Â°K V:8.6991e+00V I:4.0201e-04A R:2.1639e+04ğ›€ E:2.6849e+02V/cm J:1.7593e-02A/cm2 ğ›’:1.5261e+04ğ›€ cm
2023-05-03 15:51:23,349 INFO Measurement at current 0.0004120603015075377
2023-05-03 15:51:23,939 INFO T:83.36Â°K V:8.6558e+00V I:4.1206e-04A R:2.1006e+04ğ›€ E:2.6715e+02V/cm J:1.8033e-02A/cm2 ğ›’:1.4815e+04ğ›€ cm
2023-05-03 15:51:23,957 INFO Measurement at current 0.0004221105527638191
2023-05-03 15:51:24,571 INFO T:83.36Â°K V:8.5704e+00V I:4.2211e-04A R:2.0304e+04ğ›€ E:2.6452e+02V/cm J:1.8473e-02A/cm2 ğ›’:1.4319e+04ğ›€ cm
2023-05-03 15:51:24,600 INFO Measurement at current 0.0004321608040201005
2023-05-03 15:51:25,189 INFO T:83.35Â°K V:8.5029e+00V I:4.3216e-04A R:1.9675e+04ğ›€ E:2.6243e+02V/cm J:1.8913e-02A/cm2 ğ›’:1.3876e+04ğ›€ cm
2023-05-03 15:51:25,213 INFO Measurement at current 0.0004422110552763819
2023-05-03 15:51:25,813 INFO T:83.35Â°K V:8.4763e+00V I:4.4221e-04A R:1.9168e+04ğ›€ E:2.6162e+02V/cm J:1.9353e-02A/cm2 ğ›’:1.3518e+04ğ›€ cm
2023-05-03 15:51:25,833 INFO Measurement at current 0.0004522613065326633
2023-05-03 15:51:26,422 INFO T:83.35Â°K V:8.3798e+00V I:4.5226e-04A R:1.8529e+04ğ›€ E:2.5864e+02V/cm J:1.9793e-02A/cm2 ğ›’:1.3067e+04ğ›€ cm
2023-05-03 15:51:26,440 INFO Measurement at current 0.0004623115577889447
2023-05-03 15:51:27,055 INFO T:83.34Â°K V:8.3623e+00V I:4.6231e-04A R:1.8088e+04ğ›€ E:2.5810e+02V/cm J:2.0232e-02A/cm2 ğ›’:1.2757e+04ğ›€ cm
2023-05-03 15:51:27,090 INFO Measurement at current 0.00047236180904522613
2023-05-03 15:51:27,680 INFO T:83.34Â°K V:8.3186e+00V I:4.7236e-04A R:1.7611e+04ğ›€ E:2.5675e+02V/cm J:2.0672e-02A/cm2 ğ›’:1.2420e+04ğ›€ cm
2023-05-03 15:51:27,700 INFO Measurement at current 0.0004824120603015076
2023-05-03 15:51:28,292 INFO T:83.34Â°K V:8.2244e+00V I:4.8241e-04A R:1.7048e+04ğ›€ E:2.5384e+02V/cm J:2.1112e-02A/cm2 ğ›’:1.2023e+04ğ›€ cm
2023-05-03 15:51:28,313 INFO Measurement at current 0.0004924623115577889
2023-05-03 15:51:28,914 INFO T:83.33Â°K V:8.1785e+00V I:4.9246e-04A R:1.6607e+04ğ›€ E:2.5242e+02V/cm J:2.1552e-02A/cm2 ğ›’:1.1712e+04ğ›€ cm
2023-05-03 15:51:28,965 INFO Measurement at current 0.0005025125628140704
2023-05-03 15:51:29,553 INFO T:83.33Â°K V:8.1122e+00V I:5.0251e-04A R:1.6143e+04ğ›€ E:2.5038e+02V/cm J:2.1992e-02A/cm2 ğ›’:1.1385e+04ğ›€ cm
2023-05-03 15:51:29,572 INFO Measurement at current 0.0005125628140703518
2023-05-03 15:51:30,170 INFO T:83.33Â°K V:8.0906e+00V I:5.1256e-04A R:1.5785e+04ğ›€ E:2.4971e+02V/cm J:2.2432e-02A/cm2 ğ›’:1.1132e+04ğ›€ cm
2023-05-03 15:51:30,191 INFO Measurement at current 0.0005226130653266332
2023-05-03 15:51:30,785 INFO T:83.32Â°K V:8.0664e+00V I:5.2261e-04A R:1.5435e+04ğ›€ E:2.4896e+02V/cm J:2.2871e-02A/cm2 ğ›’:1.0885e+04ğ›€ cm
2023-05-03 15:51:30,808 INFO Measurement at current 0.0005326633165829146
2023-05-03 15:51:31,413 INFO T:83.32Â°K V:8.0858e+00V I:5.3266e-04A R:1.5180e+04ğ›€ E:2.4956e+02V/cm J:2.3311e-02A/cm2 ğ›’:1.0706e+04ğ›€ cm
2023-05-03 15:51:31,434 INFO Measurement at current 0.000542713567839196
2023-05-03 15:51:32,025 INFO T:83.31Â°K V:7.9655e+00V I:5.4271e-04A R:1.4677e+04ğ›€ E:2.4585e+02V/cm J:2.3751e-02A/cm2 ğ›’:1.0351e+04ğ›€ cm
2023-05-03 15:51:32,051 INFO Measurement at current 0.0005527638190954774
2023-05-03 15:51:32,635 INFO T:83.31Â°K V:7.9130e+00V I:5.5276e-04A R:1.4315e+04ğ›€ E:2.4423e+02V/cm J:2.4191e-02A/cm2 ğ›’:1.0096e+04ğ›€ cm
2023-05-03 15:51:32,652 INFO Measurement at current 0.0005628140703517588
2023-05-03 15:51:33,240 INFO T:83.31Â°K V:7.8866e+00V I:5.6281e-04A R:1.4013e+04ğ›€ E:2.4341e+02V/cm J:2.4631e-02A/cm2 ğ›’:9.8825e+03ğ›€ cm
2023-05-03 15:51:33,265 INFO Measurement at current 0.0005728643216080402
2023-05-03 15:51:33,851 INFO T:83.30Â°K V:7.8269e+00V I:5.7286e-04A R:1.3663e+04ğ›€ E:2.4157e+02V/cm J:2.5071e-02A/cm2 ğ›’:9.6356e+03ğ›€ cm
2023-05-03 15:51:33,866 INFO Measurement at current 0.0005829145728643216
2023-05-03 15:51:34,452 INFO T:83.30Â°K V:7.7389e+00V I:5.8291e-04A R:1.3276e+04ğ›€ E:2.3886e+02V/cm J:2.5510e-02A/cm2 ğ›’:9.3630e+03ğ›€ cm
2023-05-03 15:51:34,468 INFO Measurement at current 0.000592964824120603
2023-05-03 15:51:35,055 INFO T:83.30Â°K V:7.7280e+00V I:5.9296e-04A R:1.3033e+04ğ›€ E:2.3852e+02V/cm J:2.5950e-02A/cm2 ğ›’:9.1913e+03ğ›€ cm
2023-05-03 15:51:35,078 INFO Measurement at current 0.0006030150753768845
2023-05-03 15:51:35,678 INFO T:83.29Â°K V:7.7015e+00V I:6.0302e-04A R:1.2772e+04ğ›€ E:2.3770e+02V/cm J:2.6390e-02A/cm2 ğ›’:9.0071e+03ğ›€ cm
2023-05-03 15:51:35,695 INFO Measurement at current 0.0006130653266331658
2023-05-03 15:51:36,312 INFO T:83.29Â°K V:7.6632e+00V I:6.1307e-04A R:1.2500e+04ğ›€ E:2.3652e+02V/cm J:2.6830e-02A/cm2 ğ›’:8.8155e+03ğ›€ cm
2023-05-03 15:51:36,333 INFO Measurement at current 0.0006231155778894473
2023-05-03 15:51:36,922 INFO T:83.29Â°K V:7.5951e+00V I:6.2312e-04A R:1.2189e+04ğ›€ E:2.3442e+02V/cm J:2.7270e-02A/cm2 ğ›’:8.5962e+03ğ›€ cm
2023-05-03 15:51:36,958 INFO Measurement at current 0.0006331658291457286
2023-05-03 15:51:37,544 INFO T:83.28Â°K V:7.5113e+00V I:6.3317e-04A R:1.1863e+04ğ›€ E:2.3183e+02V/cm J:2.7710e-02A/cm2 ğ›’:8.3665e+03ğ›€ cm
2023-05-03 15:51:37,558 INFO Measurement at current 0.0006432160804020101
2023-05-03 15:51:38,145 INFO T:83.28Â°K V:7.4911e+00V I:6.4322e-04A R:1.1646e+04ğ›€ E:2.3121e+02V/cm J:2.8150e-02A/cm2 ğ›’:8.2135e+03ğ›€ cm
2023-05-03 15:51:38,174 INFO Measurement at current 0.0006532663316582915
2023-05-03 15:51:38,770 INFO T:83.28Â°K V:7.4733e+00V I:6.5327e-04A R:1.1440e+04ğ›€ E:2.3066e+02V/cm J:2.8589e-02A/cm2 ğ›’:8.0680e+03ğ›€ cm
2023-05-03 15:51:38,793 INFO Measurement at current 0.0006633165829145729
2023-05-03 15:51:39,392 INFO T:83.27Â°K V:7.5165e+00V I:6.6332e-04A R:1.1332e+04ğ›€ E:2.3199e+02V/cm J:2.9029e-02A/cm2 ğ›’:7.9916e+03ğ›€ cm
2023-05-03 15:51:39,411 INFO Measurement at current 0.0006733668341708544
2023-05-03 15:51:40,018 INFO T:83.27Â°K V:7.4322e+00V I:6.7337e-04A R:1.1037e+04ğ›€ E:2.2939e+02V/cm J:2.9469e-02A/cm2 ğ›’:7.7840e+03ğ›€ cm
2023-05-03 15:51:40,052 INFO Measurement at current 0.0006834170854271357
2023-05-03 15:51:40,647 INFO T:83.27Â°K V:7.4271e+00V I:6.8342e-04A R:1.0868e+04ğ›€ E:2.2923e+02V/cm J:2.9909e-02A/cm2 ğ›’:7.6643e+03ğ›€ cm
2023-05-03 15:51:40,670 INFO Measurement at current 0.0006934673366834172
2023-05-03 15:51:41,259 INFO T:83.26Â°K V:7.3377e+00V I:6.9347e-04A R:1.0581e+04ğ›€ E:2.2647e+02V/cm J:3.0349e-02A/cm2 ğ›’:7.4623e+03ğ›€ cm
2023-05-03 15:51:41,277 INFO Measurement at current 0.0007035175879396985
2023-05-03 15:51:41,867 INFO T:83.26Â°K V:7.3034e+00V I:7.0352e-04A R:1.0381e+04ğ›€ E:2.2541e+02V/cm J:3.0789e-02A/cm2 ğ›’:7.3213e+03ğ›€ cm
2023-05-03 15:51:41,886 INFO Measurement at current 0.00071356783919598
2023-05-03 15:51:42,467 INFO T:83.26Â°K V:7.2687e+00V I:7.1357e-04A R:1.0186e+04ğ›€ E:2.2434e+02V/cm J:3.1228e-02A/cm2 ğ›’:7.1840e+03ğ›€ cm
2023-05-03 15:51:42,486 INFO Measurement at current 0.0007236180904522613
2023-05-03 15:51:43,086 INFO T:83.25Â°K V:7.2637e+00V I:7.2362e-04A R:1.0038e+04ğ›€ E:2.2419e+02V/cm J:3.1668e-02A/cm2 ğ›’:7.0793e+03ğ›€ cm
2023-05-03 15:51:43,118 INFO Measurement at current 0.0007336683417085428
2023-05-03 15:51:43,707 INFO T:83.25Â°K V:7.2767e+00V I:7.3367e-04A R:9.9182e+03ğ›€ E:2.2459e+02V/cm J:3.2108e-02A/cm2 ğ›’:6.9948e+03ğ›€ cm
2023-05-03 15:51:43,730 INFO Measurement at current 0.0007437185929648241
2023-05-03 15:51:44,333 INFO T:83.25Â°K V:7.1637e+00V I:7.4372e-04A R:9.6323e+03ğ›€ E:2.2110e+02V/cm J:3.2548e-02A/cm2 ğ›’:6.7932e+03ğ›€ cm
2023-05-03 15:51:44,349 INFO Measurement at current 0.0007537688442211056
2023-05-03 15:51:44,934 INFO T:83.24Â°K V:7.1375e+00V I:7.5377e-04A R:9.4691e+03ğ›€ E:2.2029e+02V/cm J:3.2988e-02A/cm2 ğ›’:6.6781e+03ğ›€ cm
2023-05-03 15:51:44,949 INFO Measurement at current 0.000763819095477387
2023-05-03 15:51:45,533 INFO T:83.24Â°K V:7.0873e+00V I:7.6382e-04A R:9.2787e+03ğ›€ E:2.1874e+02V/cm J:3.3428e-02A/cm2 ğ›’:6.5438e+03ğ›€ cm
2023-05-03 15:51:45,548 INFO Measurement at current 0.0007738693467336684
2023-05-03 15:51:46,130 INFO T:83.24Â°K V:7.0410e+00V I:7.7387e-04A R:9.0985e+03ğ›€ E:2.1732e+02V/cm J:3.3867e-02A/cm2 ğ›’:6.4167e+03ğ›€ cm
2023-05-03 15:51:46,158 INFO Measurement at current 0.0007839195979899498
2023-05-03 15:51:46,747 INFO T:83.23Â°K V:7.0579e+00V I:7.8392e-04A R:9.0034e+03ğ›€ E:2.1784e+02V/cm J:3.4307e-02A/cm2 ğ›’:6.3496e+03ğ›€ cm
2023-05-03 15:51:46,773 INFO Measurement at current 0.0007939698492462312
2023-05-03 15:51:47,367 INFO T:83.23Â°K V:7.0523e+00V I:7.9397e-04A R:8.8823e+03ğ›€ E:2.1766e+02V/cm J:3.4747e-02A/cm2 ğ›’:6.2642e+03ğ›€ cm
2023-05-03 15:51:47,401 INFO Measurement at current 0.0008040201005025126
2023-05-03 15:51:47,992 INFO T:83.22Â°K V:6.9901e+00V I:8.0402e-04A R:8.6940e+03ğ›€ E:2.1574e+02V/cm J:3.5187e-02A/cm2 ğ›’:6.1314e+03ğ›€ cm
2023-05-03 15:51:48,007 INFO Measurement at current 0.000814070351758794
2023-05-03 15:51:48,590 INFO T:83.22Â°K V:6.9525e+00V I:8.1407e-04A R:8.5404e+03ğ›€ E:2.1458e+02V/cm J:3.5627e-02A/cm2 ğ›’:6.0231e+03ğ›€ cm
2023-05-03 15:51:48,613 INFO Measurement at current 0.0008241206030150754
2023-05-03 15:51:49,199 INFO T:83.22Â°K V:6.9350e+00V I:8.2412e-04A R:8.4150e+03ğ›€ E:2.1404e+02V/cm J:3.6067e-02A/cm2 ğ›’:5.9346e+03ğ›€ cm
2023-05-03 15:51:49,216 INFO Measurement at current 0.0008341708542713569
2023-05-03 15:51:49,812 INFO T:83.21Â°K V:6.8916e+00V I:8.3417e-04A R:8.2617e+03ğ›€ E:2.1271e+02V/cm J:3.6506e-02A/cm2 ğ›’:5.8265e+03ğ›€ cm
2023-05-03 15:51:49,835 INFO Measurement at current 0.0008442211055276382
2023-05-03 15:51:50,428 INFO T:83.21Â°K V:6.8979e+00V I:8.4422e-04A R:8.1708e+03ğ›€ E:2.1290e+02V/cm J:3.6946e-02A/cm2 ğ›’:5.7624e+03ğ›€ cm
2023-05-03 15:51:50,451 INFO Measurement at current 0.0008542713567839197
2023-05-03 15:51:51,045 INFO T:83.21Â°K V:5.1933e+00V I:8.5427e-04A R:6.0792e+03ğ›€ E:1.6029e+02V/cm J:3.7386e-02A/cm2 ğ›’:4.2873e+03ğ›€ cm
2023-05-03 15:51:51,064 INFO Measurement at current 0.000864321608040201
2023-05-03 15:51:51,648 INFO T:83.20Â°K V:5.6784e+00V I:8.6432e-04A R:6.5698e+03ğ›€ E:1.7526e+02V/cm J:3.7826e-02A/cm2 ğ›’:4.6333e+03ğ›€ cm
2023-05-03 15:51:51,665 INFO Measurement at current 0.0008743718592964825
2023-05-03 15:51:52,261 INFO T:83.20Â°K V:5.7092e+00V I:8.7437e-04A R:6.5295e+03ğ›€ E:1.7621e+02V/cm J:3.8266e-02A/cm2 ğ›’:4.6049e+03ğ›€ cm
2023-05-03 15:51:52,279 INFO Measurement at current 0.0008844221105527638
2023-05-03 15:51:52,865 INFO T:83.20Â°K V:5.7040e+00V I:8.8442e-04A R:6.4495e+03ğ›€ E:1.7605e+02V/cm J:3.8706e-02A/cm2 ğ›’:4.5485e+03ğ›€ cm
2023-05-03 15:51:52,893 INFO Measurement at current 0.0008944723618090453
2023-05-03 15:51:53,484 INFO T:83.19Â°K V:5.6871e+00V I:8.9447e-04A R:6.3580e+03ğ›€ E:1.7553e+02V/cm J:3.9145e-02A/cm2 ğ›’:4.4840e+03ğ›€ cm
2023-05-03 15:51:53,505 INFO Measurement at current 0.0009045226130653266
2023-05-03 15:51:54,109 INFO T:83.19Â°K V:5.6915e+00V I:9.0452e-04A R:6.2923e+03ğ›€ E:1.7566e+02V/cm J:3.9585e-02A/cm2 ğ›’:4.4376e+03ğ›€ cm
2023-05-03 15:51:54,127 INFO Measurement at current 0.0009145728643216081
2023-05-03 15:51:54,721 INFO T:83.19Â°K V:5.6678e+00V I:9.1457e-04A R:6.1972e+03ğ›€ E:1.7493e+02V/cm J:4.0025e-02A/cm2 ğ›’:4.3705e+03ğ›€ cm
2023-05-03 15:51:54,742 INFO Measurement at current 0.0009246231155778894
2023-05-03 15:51:55,344 INFO T:83.18Â°K V:5.6149e+00V I:9.2462e-04A R:6.0726e+03ğ›€ E:1.7330e+02V/cm J:4.0465e-02A/cm2 ğ›’:4.2827e+03ğ›€ cm
2023-05-03 15:51:55,365 INFO Measurement at current 0.0009346733668341709
2023-05-03 15:51:55,949 INFO T:83.18Â°K V:5.6106e+00V I:9.3467e-04A R:6.0027e+03ğ›€ E:1.7317e+02V/cm J:4.0905e-02A/cm2 ğ›’:4.2334e+03ğ›€ cm
2023-05-03 15:51:55,984 INFO Measurement at current 0.0009447236180904523
2023-05-03 15:51:56,582 INFO T:83.18Â°K V:5.5665e+00V I:9.4472e-04A R:5.8922e+03ğ›€ E:1.7180e+02V/cm J:4.1345e-02A/cm2 ğ›’:4.1554e+03ğ›€ cm
2023-05-03 15:51:56,619 INFO Measurement at current 0.0009547738693467337
2023-05-03 15:51:57,229 INFO T:83.17Â°K V:5.5780e+00V I:9.5477e-04A R:5.8422e+03ğ›€ E:1.7216e+02V/cm J:4.1784e-02A/cm2 ğ›’:4.1202e+03ğ›€ cm
2023-05-03 15:51:57,278 INFO Measurement at current 0.0009648241206030152
2023-05-03 15:51:57,876 INFO T:83.17Â°K V:5.6011e+00V I:9.6482e-04A R:5.8053e+03ğ›€ E:1.7287e+02V/cm J:4.2224e-02A/cm2 ğ›’:4.0942e+03ğ›€ cm
2023-05-03 15:51:57,899 INFO Measurement at current 0.0009748743718592965
2023-05-03 15:51:58,506 INFO T:83.17Â°K V:5.6004e+00V I:9.7487e-04A R:5.7447e+03ğ›€ E:1.7285e+02V/cm J:4.2664e-02A/cm2 ğ›’:4.0515e+03ğ›€ cm
2023-05-03 15:51:58,529 INFO Measurement at current 0.0009849246231155779
2023-05-03 15:51:59,141 INFO T:83.16Â°K V:5.5231e+00V I:9.8492e-04A R:5.6077e+03ğ›€ E:1.7047e+02V/cm J:4.3104e-02A/cm2 ğ›’:3.9548e+03ğ›€ cm
2023-05-03 15:51:59,162 INFO Measurement at current 0.0009949748743718595
2023-05-03 15:51:59,757 INFO T:83.16Â°K V:5.4980e+00V I:9.9497e-04A R:5.5258e+03ğ›€ E:1.6969e+02V/cm J:4.3544e-02A/cm2 ğ›’:3.8970e+03ğ›€ cm
2023-05-03 15:51:59,775 INFO Measurement at current 0.0010050251256281408
2023-05-03 15:52:00,368 INFO T:83.16Â°K V:5.4585e+00V I:1.0050e-03A R:5.4312e+03ğ›€ E:1.6847e+02V/cm J:4.3984e-02A/cm2 ğ›’:3.8304e+03ğ›€ cm
2023-05-03 15:52:00,391 INFO Measurement at current 0.0010150753768844222
2023-05-03 15:52:00,977 INFO T:83.15Â°K V:5.4243e+00V I:1.0151e-03A R:5.3437e+03ğ›€ E:1.6742e+02V/cm J:4.4423e-02A/cm2 ğ›’:3.7686e+03ğ›€ cm
2023-05-03 15:52:00,991 INFO Measurement at current 0.0010251256281407035
2023-05-03 15:52:01,573 INFO T:83.15Â°K V:5.4478e+00V I:1.0251e-03A R:5.3143e+03ğ›€ E:1.6814e+02V/cm J:4.4863e-02A/cm2 ğ›’:3.7479e+03ğ›€ cm
2023-05-03 15:52:01,597 INFO Measurement at current 0.001035175879396985
2023-05-03 15:52:02,198 INFO T:83.15Â°K V:5.3856e+00V I:1.0352e-03A R:5.2026e+03ğ›€ E:1.6622e+02V/cm J:4.5303e-02A/cm2 ğ›’:3.6691e+03ğ›€ cm
2023-05-03 15:52:02,213 INFO Measurement at current 0.0010452261306532664
2023-05-03 15:52:02,820 INFO T:83.14Â°K V:5.3856e+00V I:1.0452e-03A R:5.1526e+03ğ›€ E:1.6622e+02V/cm J:4.5743e-02A/cm2 ğ›’:3.6339e+03ğ›€ cm
2023-05-03 15:52:02,841 INFO Measurement at current 0.0010552763819095478
2023-05-03 15:52:03,430 INFO T:83.14Â°K V:5.3609e+00V I:1.0553e-03A R:5.0801e+03ğ›€ E:1.6546e+02V/cm J:4.6183e-02A/cm2 ğ›’:3.5827e+03ğ›€ cm
2023-05-03 15:52:03,450 INFO Measurement at current 0.0010653266331658291
2023-05-03 15:52:04,047 INFO T:83.14Â°K V:5.3304e+00V I:1.0653e-03A R:5.0036e+03ğ›€ E:1.6452e+02V/cm J:4.6623e-02A/cm2 ğ›’:3.5287e+03ğ›€ cm
2023-05-03 15:52:04,065 INFO Measurement at current 0.0010753768844221107
2023-05-03 15:52:04,659 INFO T:83.13Â°K V:5.3072e+00V I:1.0754e-03A R:4.9352e+03ğ›€ E:1.6380e+02V/cm J:4.7062e-02A/cm2 ğ›’:3.4805e+03ğ›€ cm
2023-05-03 15:52:04,679 INFO Measurement at current 0.001085427135678392
2023-05-03 15:52:05,271 INFO T:83.13Â°K V:5.3118e+00V I:1.0854e-03A R:4.8937e+03ğ›€ E:1.6394e+02V/cm J:4.7502e-02A/cm2 ğ›’:3.4513e+03ğ›€ cm
2023-05-03 15:52:05,287 INFO Measurement at current 0.0010954773869346734
2023-05-03 15:52:05,877 INFO T:83.13Â°K V:5.3129e+00V I:1.0955e-03A R:4.8498e+03ğ›€ E:1.6398e+02V/cm J:4.7942e-02A/cm2 ğ›’:3.4203e+03ğ›€ cm
2023-05-03 15:52:05,907 INFO Measurement at current 0.0011055276381909548
2023-05-03 15:52:06,500 INFO T:83.12Â°K V:5.2865e+00V I:1.1055e-03A R:4.7819e+03ğ›€ E:1.6317e+02V/cm J:4.8382e-02A/cm2 ğ›’:3.3724e+03ğ›€ cm
2023-05-03 15:52:06,532 INFO Measurement at current 0.0011155778894472363
2023-05-03 15:52:07,153 INFO T:83.12Â°K V:5.2901e+00V I:1.1156e-03A R:4.7420e+03ğ›€ E:1.6327e+02V/cm J:4.8822e-02A/cm2 ğ›’:3.3443e+03ğ›€ cm
2023-05-03 15:52:07,177 INFO Measurement at current 0.0011256281407035177
2023-05-03 15:52:07,772 INFO T:83.12Â°K V:5.2854e+00V I:1.1256e-03A R:4.6956e+03ğ›€ E:1.6313e+02V/cm J:4.9262e-02A/cm2 ğ›’:3.3115e+03ğ›€ cm
2023-05-03 15:52:07,809 INFO Measurement at current 0.001135678391959799
2023-05-03 15:52:08,408 INFO T:83.11Â°K V:5.2204e+00V I:1.1357e-03A R:4.5967e+03ğ›€ E:1.6112e+02V/cm J:4.9701e-02A/cm2 ğ›’:3.2418e+03ğ›€ cm
2023-05-03 15:52:08,450 INFO Measurement at current 0.0011457286432160804
2023-05-03 15:52:09,032 INFO T:83.11Â°K V:5.2639e+00V I:1.1457e-03A R:4.5944e+03ğ›€ E:1.6247e+02V/cm J:5.0141e-02A/cm2 ğ›’:3.2402e+03ğ›€ cm
2023-05-03 15:52:09,049 INFO Measurement at current 0.001155778894472362
2023-05-03 15:52:09,629 INFO T:83.11Â°K V:5.2454e+00V I:1.1558e-03A R:4.5384e+03ğ›€ E:1.6189e+02V/cm J:5.0581e-02A/cm2 ğ›’:3.2007e+03ğ›€ cm
2023-05-03 15:52:09,644 INFO Measurement at current 0.0011658291457286433
2023-05-03 15:52:10,232 INFO T:83.10Â°K V:5.2035e+00V I:1.1658e-03A R:4.4633e+03ğ›€ E:1.6060e+02V/cm J:5.1021e-02A/cm2 ğ›’:3.1478e+03ğ›€ cm
2023-05-03 15:52:10,249 INFO Measurement at current 0.0011758793969849247
2023-05-03 15:52:10,830 INFO T:83.10Â°K V:5.1724e+00V I:1.1759e-03A R:4.3987e+03ğ›€ E:1.5964e+02V/cm J:5.1461e-02A/cm2 ğ›’:3.1022e+03ğ›€ cm
2023-05-03 15:52:10,845 INFO Measurement at current 0.001185929648241206
2023-05-03 15:52:11,438 INFO T:83.10Â°K V:5.1609e+00V I:1.1859e-03A R:4.3517e+03ğ›€ E:1.5929e+02V/cm J:5.1901e-02A/cm2 ğ›’:3.0690e+03ğ›€ cm
2023-05-03 15:52:11,461 INFO Measurement at current 0.0011959798994974876
2023-05-03 15:52:12,057 INFO T:83.09Â°K V:5.1717e+00V I:1.1960e-03A R:4.3242e+03ğ›€ E:1.5962e+02V/cm J:5.2340e-02A/cm2 ğ›’:3.0496e+03ğ›€ cm
2023-05-03 15:52:12,074 INFO Measurement at current 0.001206030150753769
2023-05-03 15:52:12,660 INFO T:83.09Â°K V:5.1287e+00V I:1.2060e-03A R:4.2526e+03ğ›€ E:1.5829e+02V/cm J:5.2780e-02A/cm2 ğ›’:2.9991e+03ğ›€ cm
2023-05-03 15:52:12,673 INFO Measurement at current 0.0012160804020100503
2023-05-03 15:52:13,253 INFO T:83.09Â°K V:5.0888e+00V I:1.2161e-03A R:4.1846e+03ğ›€ E:1.5706e+02V/cm J:5.3220e-02A/cm2 ğ›’:2.9512e+03ğ›€ cm
2023-05-03 15:52:13,267 INFO Measurement at current 0.0012261306532663316
2023-05-03 15:52:13,862 INFO T:83.08Â°K V:5.0916e+00V I:1.2261e-03A R:4.1526e+03ğ›€ E:1.5715e+02V/cm J:5.3660e-02A/cm2 ğ›’:2.9286e+03ğ›€ cm
2023-05-03 15:52:13,878 INFO Measurement at current 0.0012361809045226132
2023-05-03 15:52:14,464 INFO T:83.08Â°K V:5.0914e+00V I:1.2362e-03A R:4.1187e+03ğ›€ E:1.5714e+02V/cm J:5.4100e-02A/cm2 ğ›’:2.9047e+03ğ›€ cm
2023-05-03 15:52:14,480 INFO Measurement at current 0.0012462311557788945
2023-05-03 15:52:15,063 INFO T:83.08Â°K V:5.0993e+00V I:1.2462e-03A R:4.0918e+03ğ›€ E:1.5739e+02V/cm J:5.4540e-02A/cm2 ğ›’:2.8857e+03ğ›€ cm
2023-05-03 15:52:15,080 INFO Measurement at current 0.001256281407035176
2023-05-03 15:52:15,663 INFO T:83.07Â°K V:5.0772e+00V I:1.2563e-03A R:4.0414e+03ğ›€ E:1.5670e+02V/cm J:5.4979e-02A/cm2 ğ›’:2.8502e+03ğ›€ cm
2023-05-03 15:52:15,678 INFO Measurement at current 0.0012663316582914572
2023-05-03 15:52:16,261 INFO T:83.07Â°K V:5.0617e+00V I:1.2663e-03A R:3.9972e+03ğ›€ E:1.5623e+02V/cm J:5.5419e-02A/cm2 ğ›’:2.8190e+03ğ›€ cm
2023-05-03 15:52:16,276 INFO Measurement at current 0.0012763819095477388
2023-05-03 15:52:16,859 INFO T:83.07Â°K V:5.0795e+00V I:1.2764e-03A R:3.9796e+03ğ›€ E:1.5678e+02V/cm J:5.5859e-02A/cm2 ğ›’:2.8066e+03ğ›€ cm
2023-05-03 15:52:16,872 INFO Measurement at current 0.0012864321608040202
2023-05-03 15:52:17,471 INFO T:83.06Â°K V:5.0556e+00V I:1.2864e-03A R:3.9300e+03ğ›€ E:1.5604e+02V/cm J:5.6299e-02A/cm2 ğ›’:2.7716e+03ğ›€ cm
2023-05-03 15:52:17,498 INFO Measurement at current 0.0012964824120603015
2023-05-03 15:52:18,093 INFO T:83.06Â°K V:5.0064e+00V I:1.2965e-03A R:3.8615e+03ğ›€ E:1.5452e+02V/cm J:5.6739e-02A/cm2 ğ›’:2.7233e+03ğ›€ cm
2023-05-03 15:52:18,120 INFO Measurement at current 0.001306532663316583
2023-05-03 15:52:18,720 INFO T:83.06Â°K V:5.0023e+00V I:1.3065e-03A R:3.8286e+03ğ›€ E:1.5439e+02V/cm J:5.7179e-02A/cm2 ğ›’:2.7001e+03ğ›€ cm
2023-05-03 15:52:18,738 INFO Measurement at current 0.0013165829145728644
2023-05-03 15:52:19,335 INFO T:83.05Â°K V:4.9876e+00V I:1.3166e-03A R:3.7883e+03ğ›€ E:1.5394e+02V/cm J:5.7619e-02A/cm2 ğ›’:2.6717e+03ğ›€ cm
2023-05-03 15:52:19,373 INFO Measurement at current 0.0013266331658291458
2023-05-03 15:52:19,966 INFO T:83.05Â°K V:4.9694e+00V I:1.3266e-03A R:3.7458e+03ğ›€ E:1.5338e+02V/cm J:5.8058e-02A/cm2 ğ›’:2.6417e+03ğ›€ cm
2023-05-03 15:52:19,996 INFO Measurement at current 0.0013366834170854271
2023-05-03 15:52:20,602 INFO T:83.05Â°K V:4.9424e+00V I:1.3367e-03A R:3.6975e+03ğ›€ E:1.5254e+02V/cm J:5.8498e-02A/cm2 ğ›’:2.6077e+03ğ›€ cm
2023-05-03 15:52:20,629 INFO Measurement at current 0.0013467336683417087
2023-05-03 15:52:21,234 INFO T:83.04Â°K V:4.9438e+00V I:1.3467e-03A R:3.6710e+03ğ›€ E:1.5259e+02V/cm J:5.8938e-02A/cm2 ğ›’:2.5889e+03ğ›€ cm
2023-05-03 15:52:21,287 INFO Measurement at current 0.00135678391959799
2023-05-03 15:52:21,872 INFO T:83.04Â°K V:5.0429e+00V I:1.3568e-03A R:3.7168e+03ğ›€ E:1.5565e+02V/cm J:5.9378e-02A/cm2 ğ›’:2.6213e+03ğ›€ cm
2023-05-03 15:52:21,897 INFO Measurement at current 0.0013668341708542714
2023-05-03 15:52:22,480 INFO T:83.04Â°K V:5.0239e+00V I:1.3668e-03A R:3.6756e+03ğ›€ E:1.5506e+02V/cm J:5.9818e-02A/cm2 ğ›’:2.5922e+03ğ›€ cm
2023-05-03 15:52:22,499 INFO Measurement at current 0.0013768844221105528
2023-05-03 15:52:23,085 INFO T:83.03Â°K V:5.0484e+00V I:1.3769e-03A R:3.6665e+03ğ›€ E:1.5581e+02V/cm J:6.0258e-02A/cm2 ğ›’:2.5858e+03ğ›€ cm
2023-05-03 15:52:23,102 INFO Measurement at current 0.0013869346733668343
2023-05-03 15:52:23,686 INFO T:83.03Â°K V:4.9805e+00V I:1.3869e-03A R:3.5910e+03ğ›€ E:1.5372e+02V/cm J:6.0697e-02A/cm2 ğ›’:2.5326e+03ğ›€ cm
2023-05-03 15:52:23,712 INFO Measurement at current 0.0013969849246231157
2023-05-03 15:52:24,300 INFO T:83.03Â°K V:4.9540e+00V I:1.3970e-03A R:3.5462e+03ğ›€ E:1.5290e+02V/cm J:6.1137e-02A/cm2 ğ›’:2.5009e+03ğ›€ cm
2023-05-03 15:52:24,318 INFO Measurement at current 0.001407035175879397
2023-05-03 15:52:24,907 INFO T:83.02Â°K V:5.0313e+00V I:1.4070e-03A R:3.5758e+03ğ›€ E:1.5529e+02V/cm J:6.1577e-02A/cm2 ğ›’:2.5218e+03ğ›€ cm
2023-05-03 15:52:24,925 INFO Measurement at current 0.0014170854271356784
2023-05-03 15:52:25,542 INFO T:83.02Â°K V:4.9445e+00V I:1.4171e-03A R:3.4892e+03ğ›€ E:1.5261e+02V/cm J:6.2017e-02A/cm2 ğ›’:2.4608e+03ğ›€ cm
2023-05-03 15:52:25,585 INFO Measurement at current 0.00142713567839196
2023-05-03 15:52:26,171 INFO T:83.02Â°K V:4.9276e+00V I:1.4271e-03A R:3.4528e+03ğ›€ E:1.5209e+02V/cm J:6.2457e-02A/cm2 ğ›’:2.4351e+03ğ›€ cm
2023-05-03 15:52:26,205 INFO Measurement at current 0.0014371859296482413
2023-05-03 15:52:26,795 INFO T:83.01Â°K V:4.9062e+00V I:1.4372e-03A R:3.4137e+03ğ›€ E:1.5143e+02V/cm J:6.2897e-02A/cm2 ğ›’:2.4075e+03ğ›€ cm
2023-05-03 15:52:26,848 INFO Measurement at current 0.0014472361809045227
2023-05-03 15:52:27,460 INFO T:83.01Â°K V:4.9011e+00V I:1.4472e-03A R:3.3865e+03ğ›€ E:1.5127e+02V/cm J:6.3336e-02A/cm2 ğ›’:2.3883e+03ğ›€ cm
2023-05-03 15:52:27,489 INFO Measurement at current 0.001457286432160804
2023-05-03 15:52:28,090 INFO T:83.01Â°K V:4.8883e+00V I:1.4573e-03A R:3.3544e+03ğ›€ E:1.5087e+02V/cm J:6.3776e-02A/cm2 ğ›’:2.3657e+03ğ›€ cm
2023-05-03 15:52:28,121 INFO Measurement at current 0.0014673366834170856
2023-05-03 15:52:28,713 INFO T:83.00Â°K V:4.8804e+00V I:1.4673e-03A R:3.3260e+03ğ›€ E:1.5063e+02V/cm J:6.4216e-02A/cm2 ğ›’:2.3457e+03ğ›€ cm
2023-05-03 15:52:28,738 INFO Measurement at current 0.001477386934673367
2023-05-03 15:52:29,344 INFO T:83.00Â°K V:4.8250e+00V I:1.4774e-03A R:3.2659e+03ğ›€ E:1.4892e+02V/cm J:6.4656e-02A/cm2 ğ›’:2.3033e+03ğ›€ cm
2023-05-03 15:52:29,371 INFO Measurement at current 0.0014874371859296483
2023-05-03 15:52:29,955 INFO T:83.00Â°K V:4.8169e+00V I:1.4874e-03A R:3.2384e+03ğ›€ E:1.4867e+02V/cm J:6.5096e-02A/cm2 ğ›’:2.2838e+03ğ›€ cm
2023-05-03 15:52:29,984 INFO Measurement at current 0.0014974874371859296
2023-05-03 15:52:30,597 INFO T:82.99Â°K V:4.8154e+00V I:1.4975e-03A R:3.2156e+03ğ›€ E:1.4862e+02V/cm J:6.5536e-02A/cm2 ğ›’:2.2678e+03ğ›€ cm
2023-05-03 15:52:30,621 INFO Measurement at current 0.0015075376884422112
2023-05-03 15:52:31,206 INFO T:82.99Â°K V:4.8194e+00V I:1.5075e-03A R:3.1968e+03ğ›€ E:1.4875e+02V/cm J:6.5975e-02A/cm2 ğ›’:2.2546e+03ğ›€ cm
2023-05-03 15:52:31,220 INFO Measurement at current 0.0015175879396984926
2023-05-03 15:52:31,815 INFO T:82.99Â°K V:4.8053e+00V I:1.5176e-03A R:3.1664e+03ğ›€ E:1.4831e+02V/cm J:6.6415e-02A/cm2 ğ›’:2.2331e+03ğ›€ cm
2023-05-03 15:52:31,841 INFO Measurement at current 0.001527638190954774
2023-05-03 15:52:32,433 INFO T:82.98Â°K V:4.7761e+00V I:1.5276e-03A R:3.1265e+03ğ›€ E:1.4741e+02V/cm J:6.6855e-02A/cm2 ğ›’:2.2049e+03ğ›€ cm
2023-05-03 15:52:32,453 INFO Measurement at current 0.0015376884422110553
2023-05-03 15:52:33,040 INFO T:82.98Â°K V:4.7572e+00V I:1.5377e-03A R:3.0937e+03ğ›€ E:1.4683e+02V/cm J:6.7295e-02A/cm2 ğ›’:2.1819e+03ğ›€ cm
2023-05-03 15:52:33,055 INFO Measurement at current 0.0015477386934673368
2023-05-03 15:52:33,639 INFO T:82.98Â°K V:4.7424e+00V I:1.5477e-03A R:3.0641e+03ğ›€ E:1.4637e+02V/cm J:6.7735e-02A/cm2 ğ›’:2.1609e+03ğ›€ cm
2023-05-03 15:52:33,656 INFO Measurement at current 0.0015577889447236182
2023-05-03 15:52:34,272 INFO T:82.97Â°K V:4.7479e+00V I:1.5578e-03A R:3.0478e+03ğ›€ E:1.4654e+02V/cm J:6.8175e-02A/cm2 ğ›’:2.1495e+03ğ›€ cm
2023-05-03 15:52:34,301 INFO Measurement at current 0.0015678391959798995
2023-05-03 15:52:34,890 INFO T:82.97Â°K V:4.6597e+00V I:1.5678e-03A R:2.9721e+03ğ›€ E:1.4382e+02V/cm J:6.8614e-02A/cm2 ğ›’:2.0961e+03ğ›€ cm
2023-05-03 15:52:34,922 INFO Measurement at current 0.0015778894472361809
2023-05-03 15:52:35,549 INFO T:82.97Â°K V:4.5013e+00V I:1.5779e-03A R:2.8527e+03ğ›€ E:1.3893e+02V/cm J:6.9054e-02A/cm2 ğ›’:2.0119e+03ğ›€ cm
2023-05-03 15:52:35,569 INFO Measurement at current 0.0015879396984924625
2023-05-03 15:52:36,174 INFO T:82.96Â°K V:4.5505e+00V I:1.5879e-03A R:2.8657e+03ğ›€ E:1.4045e+02V/cm J:6.9494e-02A/cm2 ğ›’:2.0210e+03ğ›€ cm
2023-05-03 15:52:36,192 INFO Measurement at current 0.0015979899497487438
2023-05-03 15:52:36,779 INFO T:82.96Â°K V:4.5488e+00V I:1.5980e-03A R:2.8466e+03ğ›€ E:1.4039e+02V/cm J:6.9934e-02A/cm2 ğ›’:2.0075e+03ğ›€ cm
2023-05-03 15:52:36,808 INFO Measurement at current 0.0016080402010050252
2023-05-03 15:52:37,413 INFO T:82.96Â°K V:4.5336e+00V I:1.6080e-03A R:2.8193e+03ğ›€ E:1.3993e+02V/cm J:7.0374e-02A/cm2 ğ›’:1.9883e+03ğ›€ cm
2023-05-03 15:52:37,430 INFO Measurement at current 0.0016180904522613067
2023-05-03 15:52:38,015 INFO T:82.95Â°K V:4.5177e+00V I:1.6181e-03A R:2.7920e+03ğ›€ E:1.3943e+02V/cm J:7.0814e-02A/cm2 ğ›’:1.9690e+03ğ›€ cm
2023-05-03 15:52:38,049 INFO Measurement at current 0.001628140703517588
2023-05-03 15:52:38,641 INFO T:82.95Â°K V:4.5341e+00V I:1.6281e-03A R:2.7848e+03ğ›€ E:1.3994e+02V/cm J:7.1253e-02A/cm2 ğ›’:1.9640e+03ğ›€ cm
2023-05-03 15:52:38,669 INFO Measurement at current 0.0016381909547738694
2023-05-03 15:52:39,258 INFO T:82.95Â°K V:4.5023e+00V I:1.6382e-03A R:2.7483e+03ğ›€ E:1.3896e+02V/cm J:7.1693e-02A/cm2 ğ›’:1.9382e+03ğ›€ cm
2023-05-03 15:52:39,279 INFO Measurement at current 0.0016482412060301508
2023-05-03 15:52:39,889 INFO T:82.95Â°K V:4.4904e+00V I:1.6482e-03A R:2.7243e+03ğ›€ E:1.3859e+02V/cm J:7.2133e-02A/cm2 ğ›’:1.9213e+03ğ›€ cm
2023-05-03 15:52:39,937 INFO Measurement at current 0.0016582914572864324
2023-05-03 15:52:40,544 INFO T:82.94Â°K V:4.4848e+00V I:1.6583e-03A R:2.7045e+03ğ›€ E:1.3842e+02V/cm J:7.2573e-02A/cm2 ğ›’:1.9073e+03ğ›€ cm
2023-05-03 15:52:40,580 INFO Measurement at current 0.0016683417085427137
2023-05-03 15:52:41,170 INFO T:82.94Â°K V:4.4872e+00V I:1.6683e-03A R:2.6896e+03ğ›€ E:1.3849e+02V/cm J:7.3013e-02A/cm2 ğ›’:1.8968e+03ğ›€ cm
2023-05-03 15:52:41,196 INFO Measurement at current 0.001678391959798995
2023-05-03 15:52:41,790 INFO T:82.94Â°K V:4.5160e+00V I:1.6784e-03A R:2.6907e+03ğ›€ E:1.3938e+02V/cm J:7.3453e-02A/cm2 ğ›’:1.8976e+03ğ›€ cm
2023-05-03 15:52:41,814 INFO Measurement at current 0.0016884422110552764
2023-05-03 15:52:42,420 INFO T:82.93Â°K V:4.5024e+00V I:1.6884e-03A R:2.6666e+03ğ›€ E:1.3896e+02V/cm J:7.3892e-02A/cm2 ğ›’:1.8806e+03ğ›€ cm
2023-05-03 15:52:42,453 INFO Measurement at current 0.001698492462311558
2023-05-03 15:52:43,070 INFO T:82.93Â°K V:4.5060e+00V I:1.6985e-03A R:2.6530e+03ğ›€ E:1.3908e+02V/cm J:7.4332e-02A/cm2 ğ›’:1.8710e+03ğ›€ cm
2023-05-03 15:52:43,091 INFO Measurement at current 0.0017085427135678393
2023-05-03 15:52:43,681 INFO T:82.93Â°K V:4.4755e+00V I:1.7085e-03A R:2.6195e+03ğ›€ E:1.3813e+02V/cm J:7.4772e-02A/cm2 ğ›’:1.8474e+03ğ›€ cm
2023-05-03 15:52:43,702 INFO Measurement at current 0.0017185929648241207
2023-05-03 15:52:44,298 INFO T:82.92Â°K V:4.4727e+00V I:1.7186e-03A R:2.6026e+03ğ›€ E:1.3805e+02V/cm J:7.5212e-02A/cm2 ğ›’:1.8354e+03ğ›€ cm
2023-05-03 15:52:44,319 INFO Measurement at current 0.001728643216080402
2023-05-03 15:52:44,909 INFO T:82.92Â°K V:4.4355e+00V I:1.7286e-03A R:2.5659e+03ğ›€ E:1.3690e+02V/cm J:7.5652e-02A/cm2 ğ›’:1.8096e+03ğ›€ cm
2023-05-03 15:52:44,933 INFO Measurement at current 0.0017386934673366836
2023-05-03 15:52:45,535 INFO T:82.92Â°K V:4.4182e+00V I:1.7387e-03A R:2.5411e+03ğ›€ E:1.3636e+02V/cm J:7.6092e-02A/cm2 ğ›’:1.7921e+03ğ›€ cm
2023-05-03 15:52:45,594 INFO Measurement at current 0.001748743718592965
2023-05-03 15:52:46,184 INFO T:82.91Â°K V:4.4238e+00V I:1.7487e-03A R:2.5297e+03ğ›€ E:1.3654e+02V/cm J:7.6531e-02A/cm2 ğ›’:1.7841e+03ğ›€ cm
2023-05-03 15:52:46,200 INFO Measurement at current 0.0017587939698492463
2023-05-03 15:52:46,789 INFO T:82.91Â°K V:4.4629e+00V I:1.7588e-03A R:2.5375e+03ğ›€ E:1.3774e+02V/cm J:7.6971e-02A/cm2 ğ›’:1.7896e+03ğ›€ cm
2023-05-03 15:52:46,814 INFO Measurement at current 0.0017688442211055277
2023-05-03 15:52:47,412 INFO T:82.91Â°K V:4.4547e+00V I:1.7688e-03A R:2.5184e+03ğ›€ E:1.3749e+02V/cm J:7.7411e-02A/cm2 ğ›’:1.7761e+03ğ›€ cm
2023-05-03 15:52:47,429 INFO Measurement at current 0.0017788944723618092
2023-05-03 15:52:48,013 INFO T:82.90Â°K V:4.3679e+00V I:1.7789e-03A R:2.4554e+03ğ›€ E:1.3481e+02V/cm J:7.7851e-02A/cm2 ğ›’:1.7317e+03ğ›€ cm
2023-05-03 15:52:48,033 INFO Measurement at current 0.0017889447236180906
2023-05-03 15:52:48,621 INFO T:82.90Â°K V:4.3583e+00V I:1.7889e-03A R:2.4363e+03ğ›€ E:1.3452e+02V/cm J:7.8291e-02A/cm2 ğ›’:1.7182e+03ğ›€ cm
2023-05-03 15:52:48,646 INFO Measurement at current 0.001798994974874372
2023-05-03 15:52:49,244 INFO T:82.90Â°K V:4.3396e+00V I:1.7990e-03A R:2.4123e+03ğ›€ E:1.3394e+02V/cm J:7.8731e-02A/cm2 ğ›’:1.7012e+03ğ›€ cm
2023-05-03 15:52:49,265 INFO Measurement at current 0.0018090452261306533
2023-05-03 15:52:49,854 INFO T:82.89Â°K V:4.3382e+00V I:1.8090e-03A R:2.3981e+03ğ›€ E:1.3390e+02V/cm J:7.9170e-02A/cm2 ğ›’:1.6912e+03ğ›€ cm
2023-05-03 15:52:49,878 INFO Measurement at current 0.0018190954773869348
2023-05-03 15:52:50,479 INFO T:82.89Â°K V:4.3402e+00V I:1.8191e-03A R:2.3859e+03ğ›€ E:1.3396e+02V/cm J:7.9610e-02A/cm2 ğ›’:1.6826e+03ğ›€ cm
2023-05-03 15:52:50,497 INFO Measurement at current 0.0018291457286432162
2023-05-03 15:52:51,103 INFO T:82.89Â°K V:4.6112e+00V I:1.8291e-03A R:2.5210e+03ğ›€ E:1.4232e+02V/cm J:8.0050e-02A/cm2 ğ›’:1.7779e+03ğ›€ cm
2023-05-03 15:52:51,129 INFO Measurement at current 0.0018391959798994975
2023-05-03 15:52:51,718 INFO T:82.88Â°K V:4.4717e+00V I:1.8392e-03A R:2.4313e+03ğ›€ E:1.3802e+02V/cm J:8.0490e-02A/cm2 ğ›’:1.7147e+03ğ›€ cm
2023-05-03 15:52:51,747 INFO Measurement at current 0.001849246231155779
2023-05-03 15:52:52,334 INFO T:82.88Â°K V:4.4091e+00V I:1.8492e-03A R:2.3843e+03ğ›€ E:1.3608e+02V/cm J:8.0930e-02A/cm2 ğ›’:1.6815e+03ğ›€ cm
2023-05-03 15:52:52,372 INFO Measurement at current 0.0018592964824120605
2023-05-03 15:52:52,972 INFO T:82.88Â°K V:4.3989e+00V I:1.8593e-03A R:2.3659e+03ğ›€ E:1.3577e+02V/cm J:8.1370e-02A/cm2 ğ›’:1.6685e+03ğ›€ cm
2023-05-03 15:52:53,003 INFO Measurement at current 0.0018693467336683418
2023-05-03 15:52:53,599 INFO T:82.88Â°K V:4.4025e+00V I:1.8693e-03A R:2.3551e+03ğ›€ E:1.3588e+02V/cm J:8.1809e-02A/cm2 ğ›’:1.6609e+03ğ›€ cm
2023-05-03 15:52:53,622 INFO Measurement at current 0.0018793969849246232
2023-05-03 15:52:54,233 INFO T:82.87Â°K V:4.3990e+00V I:1.8794e-03A R:2.3406e+03ğ›€ E:1.3577e+02V/cm J:8.2249e-02A/cm2 ğ›’:1.6507e+03ğ›€ cm
2023-05-03 15:52:54,257 INFO Measurement at current 0.0018894472361809045
2023-05-03 15:52:54,853 INFO T:82.87Â°K V:4.3844e+00V I:1.8894e-03A R:2.3205e+03ğ›€ E:1.3532e+02V/cm J:8.2689e-02A/cm2 ğ›’:1.6365e+03ğ›€ cm
2023-05-03 15:52:54,885 INFO Measurement at current 0.001899497487437186
2023-05-03 15:52:55,479 INFO T:82.87Â°K V:4.3631e+00V I:1.8995e-03A R:2.2970e+03ğ›€ E:1.3466e+02V/cm J:8.3129e-02A/cm2 ğ›’:1.6199e+03ğ›€ cm
2023-05-03 15:52:55,510 INFO Measurement at current 0.0019095477386934674
2023-05-03 15:52:56,101 INFO T:82.86Â°K V:4.3830e+00V I:1.9095e-03A R:2.2953e+03ğ›€ E:1.3528e+02V/cm J:8.3569e-02A/cm2 ğ›’:1.6188e+03ğ›€ cm
2023-05-03 15:52:56,123 INFO Measurement at current 0.0019195979899497488
2023-05-03 15:52:56,729 INFO T:82.86Â°K V:4.3769e+00V I:1.9196e-03A R:2.2801e+03ğ›€ E:1.3509e+02V/cm J:8.4009e-02A/cm2 ğ›’:1.6081e+03ğ›€ cm
2023-05-03 15:52:56,759 INFO Measurement at current 0.0019296482412060304
2023-05-03 15:52:57,345 INFO T:82.86Â°K V:4.3642e+00V I:1.9296e-03A R:2.2616e+03ğ›€ E:1.3470e+02V/cm J:8.4449e-02A/cm2 ğ›’:1.5950e+03ğ›€ cm
2023-05-03 15:52:57,362 INFO Measurement at current 0.0019396984924623117
2023-05-03 15:52:57,950 INFO T:82.85Â°K V:4.3498e+00V I:1.9397e-03A R:2.2425e+03ğ›€ E:1.3425e+02V/cm J:8.4888e-02A/cm2 ğ›’:1.5815e+03ğ›€ cm
2023-05-03 15:52:57,967 INFO Measurement at current 0.001949748743718593
2023-05-03 15:52:58,574 INFO T:82.85Â°K V:4.3568e+00V I:1.9497e-03A R:2.2345e+03ğ›€ E:1.3447e+02V/cm J:8.5328e-02A/cm2 ğ›’:1.5759e+03ğ›€ cm
2023-05-03 15:52:58,593 INFO Measurement at current 0.0019597989949748746
2023-05-03 15:52:59,207 INFO T:82.85Â°K V:4.3418e+00V I:1.9598e-03A R:2.2154e+03ğ›€ E:1.3401e+02V/cm J:8.5768e-02A/cm2 ğ›’:1.5624e+03ğ›€ cm
2023-05-03 15:52:59,223 INFO Measurement at current 0.0019698492462311558
2023-05-03 15:52:59,814 INFO T:82.84Â°K V:4.3410e+00V I:1.9698e-03A R:2.2037e+03ğ›€ E:1.3398e+02V/cm J:8.6208e-02A/cm2 ğ›’:1.5542e+03ğ›€ cm
2023-05-03 15:52:59,883 INFO Measurement at current 0.0019798994974874373
2023-05-03 15:53:00,472 INFO T:82.84Â°K V:4.2887e+00V I:1.9799e-03A R:2.1661e+03ğ›€ E:1.3237e+02V/cm J:8.6648e-02A/cm2 ğ›’:1.5277e+03ğ›€ cm
2023-05-03 15:53:00,493 INFO Measurement at current 0.001989949748743719
2023-05-03 15:53:01,100 INFO T:82.84Â°K V:4.2991e+00V I:1.9899e-03A R:2.1604e+03ğ›€ E:1.3269e+02V/cm J:8.7088e-02A/cm2 ğ›’:1.5236e+03ğ›€ cm
2023-05-03 15:53:01,139 INFO Measurement at current 0.002
2023-05-03 15:53:01,756 INFO T:82.83Â°K V:4.3152e+00V I:2.0000e-03A R:2.1576e+03ğ›€ E:1.3318e+02V/cm J:8.7527e-02A/cm2 ğ›’:1.5216e+03ğ›€ cm
2023-05-03 15:53:30,983 INFO Save the description file
2023-05-03 15:53:30,991 INFO Save data in numpy format Esperimenti/CPRO_MUSA_030523_I_V/CPRO_MUSA_030523_I_V_current_from_0_to_20e-4A/CPRO_MUSA_030523_I_V_current_from_0_to_20e-4A-20230503155329
2023-05-03 15:53:31,018 INFO Save data in CSV format Esperimenti/CPRO_MUSA_030523_I_V/CPRO_MUSA_030523_I_V_current_from_0_to_20e-4A/CPRO_MUSA_030523_I_V_current_from_0_to_20e-4A-20230503155329.csv
2023-05-03 15:53:31,032 INFO Save plot as image Esperimenti/CPRO_MUSA_030523_I_V/CPRO_MUSA_030523_I_V_current_from_0_to_20e-4A/CPRO_MUSA_030523_I_V_current_from_0_to_20e-4A-20230503155329.png
