2023-05-19 10:05:38,523 INFO ### Start experiment: CPRO_MUSA_180523_I_V current from 0 to 1300e-4A ###
2023-05-19 10:05:39,871 INFO Found Multimeter KEITHLEY INSTRUMENTS INC.,MODEL 2700,0884890,B03  /A02  

2023-05-19 10:05:40,899 INFO Found Nanovolt Meter KEITHLEY INSTRUMENTS INC.,MODEL 2182A,4056474,C03  /A02  

2023-05-19 10:05:41,020 INFO Found Source Meter KEITHLEY INSTRUMENTS INC.,MODEL 2400,0945684,C24   Feb 14 2002 11:59:45/A02  /K/H

2023-05-19 10:05:41,153 INFO Start the measurement loop
2023-05-19 10:05:50,082 INFO Measurement at current 0.0
2023-05-19 10:05:51,008 INFO T:202.74Â°K V:3.2747e-06V I:0.0000e+00A R:infğ›€ E:5.1167e-05V/cm J:0.0000e+00A/cm2 ğ›’:infğ›€ cm
2023-05-19 10:05:51,024 INFO Measurement at current 0.0006532663316582914
2023-05-19 10:05:51,628 INFO T:202.75Â°K V:2.0006e-03V I:6.5327e-04A R:3.0625e+00ğ›€ E:3.1260e-02V/cm J:5.9933e-03A/cm2 ğ›’:5.2158e+00ğ›€ cm
2023-05-19 10:05:51,651 INFO Measurement at current 0.0013065326633165829
2023-05-19 10:05:52,251 INFO T:202.76Â°K V:3.9976e-03V I:1.3065e-03A R:3.0597e+00ğ›€ E:6.2463e-02V/cm J:1.1987e-02A/cm2 ğ›’:5.2111e+00ğ›€ cm
2023-05-19 10:05:52,275 INFO Measurement at current 0.001959798994974874
2023-05-19 10:05:52,882 INFO T:202.76Â°K V:5.9962e-03V I:1.9598e-03A R:3.0596e+00ğ›€ E:9.3690e-02V/cm J:1.7980e-02A/cm2 ğ›’:5.2108e+00ğ›€ cm
2023-05-19 10:05:52,905 INFO Measurement at current 0.0026130653266331657
2023-05-19 10:05:53,512 INFO T:202.77Â°K V:7.9910e-03V I:2.6131e-03A R:3.0581e+00ğ›€ E:1.2486e-01V/cm J:2.3973e-02A/cm2 ğ›’:5.2083e+00ğ›€ cm
2023-05-19 10:05:53,531 INFO Measurement at current 0.0032663316582914573
2023-05-19 10:05:54,142 INFO T:202.77Â°K V:9.9890e-03V I:3.2663e-03A R:3.0582e+00ğ›€ E:1.5608e-01V/cm J:2.9966e-02A/cm2 ğ›’:5.2085e+00ğ›€ cm
2023-05-19 10:05:54,164 INFO Measurement at current 0.003919597989949748
2023-05-19 10:05:54,773 INFO T:202.78Â°K V:1.1984e-02V I:3.9196e-03A R:3.0576e+00ğ›€ E:1.8726e-01V/cm J:3.5960e-02A/cm2 ğ›’:5.2074e+00ğ›€ cm
2023-05-19 10:05:54,795 INFO Measurement at current 0.00457286432160804
2023-05-19 10:05:56,040 INFO T:202.79Â°K V:1.3979e-02V I:4.5729e-03A R:3.0569e+00ğ›€ E:2.1842e-01V/cm J:4.1953e-02A/cm2 ğ›’:5.2063e+00ğ›€ cm
2023-05-19 10:05:56,061 INFO Measurement at current 0.0052261306532663315
2023-05-19 10:05:56,650 INFO T:202.80Â°K V:1.5973e-02V I:5.2261e-03A R:3.0564e+00ğ›€ E:2.4958e-01V/cm J:4.7946e-02A/cm2 ğ›’:5.2054e+00ğ›€ cm
2023-05-19 10:05:56,669 INFO Measurement at current 0.005879396984924623
2023-05-19 10:05:57,266 INFO T:202.80Â°K V:1.7970e-02V I:5.8794e-03A R:3.0564e+00ğ›€ E:2.8078e-01V/cm J:5.3939e-02A/cm2 ğ›’:5.2055e+00ğ›€ cm
2023-05-19 10:05:57,285 INFO Measurement at current 0.006532663316582915
2023-05-19 10:05:57,875 INFO T:202.81Â°K V:1.9964e-02V I:6.5327e-03A R:3.0560e+00ğ›€ E:3.1193e-01V/cm J:5.9933e-02A/cm2 ğ›’:5.2047e+00ğ›€ cm
2023-05-19 10:05:57,898 INFO Measurement at current 0.007185929648241206
2023-05-19 10:05:58,494 INFO T:202.81Â°K V:2.1959e-02V I:7.1859e-03A R:3.0559e+00ğ›€ E:3.4311e-01V/cm J:6.5926e-02A/cm2 ğ›’:5.2045e+00ğ›€ cm
2023-05-19 10:05:58,515 INFO Measurement at current 0.007839195979899497
2023-05-19 10:05:59,122 INFO T:202.82Â°K V:2.3953e-02V I:7.8392e-03A R:3.0555e+00ğ›€ E:3.7427e-01V/cm J:7.1919e-02A/cm2 ğ›’:5.2040e+00ğ›€ cm
2023-05-19 10:05:59,167 INFO Measurement at current 0.00849246231155779
2023-05-19 10:05:59,762 INFO T:202.83Â°K V:2.5948e-02V I:8.4925e-03A R:3.0554e+00ğ›€ E:4.0544e-01V/cm J:7.7912e-02A/cm2 ğ›’:5.2037e+00ğ›€ cm
2023-05-19 10:05:59,785 INFO Measurement at current 0.00914572864321608
2023-05-19 10:06:00,393 INFO T:202.83Â°K V:2.7941e-02V I:9.1457e-03A R:3.0551e+00ğ›€ E:4.3658e-01V/cm J:8.3906e-02A/cm2 ğ›’:5.2032e+00ğ›€ cm
2023-05-19 10:06:00,418 INFO Measurement at current 0.009798994974874372
2023-05-19 10:06:01,025 INFO T:202.84Â°K V:2.9936e-02V I:9.7990e-03A R:3.0550e+00ğ›€ E:4.6775e-01V/cm J:8.9899e-02A/cm2 ğ›’:5.2030e+00ğ›€ cm
2023-05-19 10:06:01,047 INFO Measurement at current 0.010452261306532663
2023-05-19 10:06:01,650 INFO T:202.84Â°K V:3.1931e-02V I:1.0452e-02A R:3.0549e+00ğ›€ E:4.9892e-01V/cm J:9.5892e-02A/cm2 ğ›’:5.2029e+00ğ›€ cm
2023-05-19 10:06:01,667 INFO Measurement at current 0.011105527638190954
2023-05-19 10:06:02,259 INFO T:202.85Â°K V:3.3924e-02V I:1.1106e-02A R:3.0547e+00ğ›€ E:5.3007e-01V/cm J:1.0189e-01A/cm2 ğ›’:5.2026e+00ğ›€ cm
2023-05-19 10:06:02,284 INFO Measurement at current 0.011758793969849246
2023-05-19 10:06:02,875 INFO T:202.85Â°K V:3.5923e-02V I:1.1759e-02A R:3.0550e+00ğ›€ E:5.6129e-01V/cm J:1.0788e-01A/cm2 ğ›’:5.2030e+00ğ›€ cm
2023-05-19 10:06:02,889 INFO Measurement at current 0.012412060301507537
2023-05-19 10:06:03,488 INFO T:202.86Â°K V:3.7906e-02V I:1.2412e-02A R:3.0540e+00ğ›€ E:5.9229e-01V/cm J:1.1387e-01A/cm2 ğ›’:5.2013e+00ğ›€ cm
2023-05-19 10:06:03,511 INFO Measurement at current 0.01306532663316583
2023-05-19 10:06:04,116 INFO T:202.87Â°K V:3.9905e-02V I:1.3065e-02A R:3.0542e+00ğ›€ E:6.2351e-01V/cm J:1.1987e-01A/cm2 ğ›’:5.2018e+00ğ›€ cm
2023-05-19 10:06:04,139 INFO Measurement at current 0.01371859296482412
2023-05-19 10:06:04,741 INFO T:202.87Â°K V:4.1905e-02V I:1.3719e-02A R:3.0546e+00ğ›€ E:6.5477e-01V/cm J:1.2586e-01A/cm2 ğ›’:5.2024e+00ğ›€ cm
2023-05-19 10:06:04,766 INFO Measurement at current 0.014371859296482412
2023-05-19 10:06:05,373 INFO T:202.88Â°K V:4.3885e-02V I:1.4372e-02A R:3.0535e+00ğ›€ E:6.8570e-01V/cm J:1.3185e-01A/cm2 ğ›’:5.2006e+00ğ›€ cm
2023-05-19 10:06:05,400 INFO Measurement at current 0.015025125628140703
2023-05-19 10:06:05,986 INFO T:202.88Â°K V:4.5885e-02V I:1.5025e-02A R:3.0539e+00ğ›€ E:7.1695e-01V/cm J:1.3785e-01A/cm2 ğ›’:5.2011e+00ğ›€ cm
2023-05-19 10:06:06,002 INFO Measurement at current 0.015678391959798994
2023-05-19 10:06:06,591 INFO T:202.89Â°K V:4.7885e-02V I:1.5678e-02A R:3.0542e+00ğ›€ E:7.4820e-01V/cm J:1.4384e-01A/cm2 ğ›’:5.2017e+00ğ›€ cm
2023-05-19 10:06:06,614 INFO Measurement at current 0.016331658291457284
2023-05-19 10:06:07,207 INFO T:202.89Â°K V:4.9869e-02V I:1.6332e-02A R:3.0535e+00ğ›€ E:7.7921e-01V/cm J:1.4983e-01A/cm2 ğ›’:5.2005e+00ğ›€ cm
2023-05-19 10:06:07,230 INFO Measurement at current 0.01698492462311558
2023-05-19 10:06:07,833 INFO T:202.90Â°K V:5.1867e-02V I:1.6985e-02A R:3.0537e+00ğ›€ E:8.1043e-01V/cm J:1.5582e-01A/cm2 ğ›’:5.2009e+00ğ›€ cm
2023-05-19 10:06:07,849 INFO Measurement at current 0.01763819095477387
2023-05-19 10:06:08,458 INFO T:202.90Â°K V:5.3867e-02V I:1.7638e-02A R:3.0540e+00ğ›€ E:8.4167e-01V/cm J:1.6182e-01A/cm2 ğ›’:5.2013e+00ğ›€ cm
2023-05-19 10:06:08,473 INFO Measurement at current 0.01829145728643216
2023-05-19 10:06:09,062 INFO T:202.91Â°K V:5.5845e-02V I:1.8291e-02A R:3.0531e+00ğ›€ E:8.7258e-01V/cm J:1.6781e-01A/cm2 ğ›’:5.1997e+00ğ›€ cm
2023-05-19 10:06:09,090 INFO Measurement at current 0.01894472361809045
2023-05-19 10:06:09,691 INFO T:202.92Â°K V:5.7844e-02V I:1.8945e-02A R:3.0533e+00ğ›€ E:9.0381e-01V/cm J:1.7380e-01A/cm2 ğ›’:5.2001e+00ğ›€ cm
2023-05-19 10:06:09,713 INFO Measurement at current 0.019597989949748745
2023-05-19 10:06:10,313 INFO T:202.92Â°K V:5.9842e-02V I:1.9598e-02A R:3.0535e+00ğ›€ E:9.3503e-01V/cm J:1.7980e-01A/cm2 ğ›’:5.2005e+00ğ›€ cm
2023-05-19 10:06:10,338 INFO Measurement at current 0.020251256281407035
2023-05-19 10:06:10,936 INFO T:202.93Â°K V:6.1824e-02V I:2.0251e-02A R:3.0529e+00ğ›€ E:9.6600e-01V/cm J:1.8579e-01A/cm2 ğ›’:5.1994e+00ğ›€ cm
2023-05-19 10:06:10,954 INFO Measurement at current 0.020904522613065326
2023-05-19 10:06:11,542 INFO T:202.93Â°K V:6.3820e-02V I:2.0905e-02A R:3.0529e+00ğ›€ E:9.9718e-01V/cm J:1.9178e-01A/cm2 ğ›’:5.1995e+00ğ›€ cm
2023-05-19 10:06:11,558 INFO Measurement at current 0.021557788944723617
2023-05-19 10:06:12,157 INFO T:202.94Â°K V:6.5810e-02V I:2.1558e-02A R:3.0527e+00ğ›€ E:1.0283e+00V/cm J:1.9778e-01A/cm2 ğ›’:5.1992e+00ğ›€ cm
2023-05-19 10:06:12,173 INFO Measurement at current 0.022211055276381907
2023-05-19 10:06:12,767 INFO T:202.94Â°K V:6.7790e-02V I:2.2211e-02A R:3.0521e+00ğ›€ E:1.0592e+00V/cm J:2.0377e-01A/cm2 ğ›’:5.1981e+00ğ›€ cm
2023-05-19 10:06:12,789 INFO Measurement at current 0.0228643216080402
2023-05-19 10:06:13,391 INFO T:202.95Â°K V:6.9785e-02V I:2.2864e-02A R:3.0522e+00ğ›€ E:1.0904e+00V/cm J:2.0976e-01A/cm2 ğ›’:5.1982e+00ğ›€ cm
2023-05-19 10:06:13,422 INFO Measurement at current 0.023517587939698492
2023-05-19 10:06:14,017 INFO T:202.96Â°K V:7.1779e-02V I:2.3518e-02A R:3.0521e+00ğ›€ E:1.1215e+00V/cm J:2.1576e-01A/cm2 ğ›’:5.1982e+00ğ›€ cm
2023-05-19 10:06:14,036 INFO Measurement at current 0.024170854271356783
2023-05-19 10:06:14,648 INFO T:202.96Â°K V:7.3758e-02V I:2.4171e-02A R:3.0515e+00ğ›€ E:1.1525e+00V/cm J:2.2175e-01A/cm2 ğ›’:5.1972e+00ğ›€ cm
2023-05-19 10:06:14,662 INFO Measurement at current 0.024824120603015074
2023-05-19 10:06:15,249 INFO T:202.97Â°K V:7.5752e-02V I:2.4824e-02A R:3.0516e+00ğ›€ E:1.1836e+00V/cm J:2.2774e-01A/cm2 ğ›’:5.1972e+00ğ›€ cm
2023-05-19 10:06:15,276 INFO Measurement at current 0.025477386934673368
2023-05-19 10:06:15,874 INFO T:202.97Â°K V:7.7725e-02V I:2.5477e-02A R:3.0508e+00ğ›€ E:1.2145e+00V/cm J:2.3374e-01A/cm2 ğ›’:5.1958e+00ğ›€ cm
2023-05-19 10:06:15,898 INFO Measurement at current 0.02613065326633166
2023-05-19 10:06:16,503 INFO T:202.98Â°K V:7.9719e-02V I:2.6131e-02A R:3.0508e+00ğ›€ E:1.2456e+00V/cm J:2.3973e-01A/cm2 ğ›’:5.1959e+00ğ›€ cm
2023-05-19 10:06:16,523 INFO Measurement at current 0.02678391959798995
2023-05-19 10:06:17,124 INFO T:202.98Â°K V:8.1712e-02V I:2.6784e-02A R:3.0508e+00ğ›€ E:1.2768e+00V/cm J:2.4572e-01A/cm2 ğ›’:5.1959e+00ğ›€ cm
2023-05-19 10:06:17,155 INFO Measurement at current 0.02743718592964824
2023-05-19 10:06:17,754 INFO T:202.99Â°K V:8.3693e-02V I:2.7437e-02A R:3.0503e+00ğ›€ E:1.3077e+00V/cm J:2.5172e-01A/cm2 ğ›’:5.1951e+00ğ›€ cm
2023-05-19 10:06:17,772 INFO Measurement at current 0.02809045226130653
2023-05-19 10:06:18,360 INFO T:203.00Â°K V:8.5688e-02V I:2.8090e-02A R:3.0504e+00ğ›€ E:1.3389e+00V/cm J:2.5771e-01A/cm2 ğ›’:5.1953e+00ğ›€ cm
2023-05-19 10:06:18,374 INFO Measurement at current 0.028743718592964825
2023-05-19 10:06:18,965 INFO T:203.00Â°K V:8.7677e-02V I:2.8744e-02A R:3.0503e+00ğ›€ E:1.3700e+00V/cm J:2.6370e-01A/cm2 ğ›’:5.1951e+00ğ›€ cm
2023-05-19 10:06:18,988 INFO Measurement at current 0.029396984924623115
2023-05-19 10:06:19,589 INFO T:203.01Â°K V:8.9656e-02V I:2.9397e-02A R:3.0498e+00ğ›€ E:1.4009e+00V/cm J:2.6970e-01A/cm2 ğ›’:5.1943e+00ğ›€ cm
2023-05-19 10:06:19,604 INFO Measurement at current 0.030050251256281406
2023-05-19 10:06:20,205 INFO T:203.01Â°K V:9.1651e-02V I:3.0050e-02A R:3.0499e+00ğ›€ E:1.4320e+00V/cm J:2.7569e-01A/cm2 ğ›’:5.1944e+00ğ›€ cm
2023-05-19 10:06:20,224 INFO Measurement at current 0.030703517587939697
2023-05-19 10:06:20,823 INFO T:203.02Â°K V:9.3643e-02V I:3.0704e-02A R:3.0499e+00ğ›€ E:1.4632e+00V/cm J:2.8168e-01A/cm2 ğ›’:5.1944e+00ğ›€ cm
2023-05-19 10:06:20,848 INFO Measurement at current 0.03135678391959799
2023-05-19 10:06:21,438 INFO T:203.02Â°K V:9.5621e-02V I:3.1357e-02A R:3.0495e+00ğ›€ E:1.4941e+00V/cm J:2.8768e-01A/cm2 ğ›’:5.1936e+00ğ›€ cm
2023-05-19 10:06:21,454 INFO Measurement at current 0.03201005025125628
2023-05-19 10:06:22,053 INFO T:203.03Â°K V:9.7609e-02V I:3.2010e-02A R:3.0493e+00ğ›€ E:1.5251e+00V/cm J:2.9367e-01A/cm2 ğ›’:5.1934e+00ğ›€ cm
2023-05-19 10:06:22,077 INFO Measurement at current 0.03266331658291457
2023-05-19 10:06:22,690 INFO T:203.03Â°K V:9.9602e-02V I:3.2663e-02A R:3.0494e+00ğ›€ E:1.5563e+00V/cm J:2.9966e-01A/cm2 ğ›’:5.1934e+00ğ›€ cm
2023-05-19 10:06:22,721 INFO Measurement at current 0.033316582914572866
2023-05-19 10:06:23,310 INFO T:203.04Â°K V:1.0158e-01V I:3.3317e-02A R:3.0489e+00ğ›€ E:1.5872e+00V/cm J:3.0566e-01A/cm2 ğ›’:5.1927e+00ğ›€ cm
2023-05-19 10:06:23,327 INFO Measurement at current 0.03396984924623116
2023-05-19 10:06:23,915 INFO T:203.05Â°K V:1.0357e-01V I:3.3970e-02A R:3.0489e+00ğ›€ E:1.6183e+00V/cm J:3.1165e-01A/cm2 ğ›’:5.1927e+00ğ›€ cm
2023-05-19 10:06:23,929 INFO Measurement at current 0.03462311557788945
2023-05-19 10:06:24,521 INFO T:203.05Â°K V:1.0556e-01V I:3.4623e-02A R:3.0489e+00ğ›€ E:1.6494e+00V/cm J:3.1764e-01A/cm2 ğ›’:5.1926e+00ğ›€ cm
2023-05-19 10:06:24,561 INFO Measurement at current 0.03527638190954774
2023-05-19 10:06:25,161 INFO T:203.06Â°K V:1.0753e-01V I:3.5276e-02A R:3.0483e+00ğ›€ E:1.6802e+00V/cm J:3.2364e-01A/cm2 ğ›’:5.1917e+00ğ›€ cm
2023-05-19 10:06:25,181 INFO Measurement at current 0.03592964824120603
2023-05-19 10:06:25,783 INFO T:203.06Â°K V:1.0952e-01V I:3.5930e-02A R:3.0481e+00ğ›€ E:1.7112e+00V/cm J:3.2963e-01A/cm2 ğ›’:5.1914e+00ğ›€ cm
2023-05-19 10:06:25,807 INFO Measurement at current 0.03658291457286432
2023-05-19 10:06:26,424 INFO T:203.07Â°K V:1.1151e-01V I:3.6583e-02A R:3.0481e+00ğ›€ E:1.7423e+00V/cm J:3.3562e-01A/cm2 ğ›’:5.1912e+00ğ›€ cm
2023-05-19 10:06:26,451 INFO Measurement at current 0.03723618090452261
2023-05-19 10:06:27,041 INFO T:203.07Â°K V:1.1348e-01V I:3.7236e-02A R:3.0475e+00ğ›€ E:1.7731e+00V/cm J:3.4162e-01A/cm2 ğ›’:5.1903e+00ğ›€ cm
2023-05-19 10:06:27,056 INFO Measurement at current 0.0378894472361809
2023-05-19 10:06:27,655 INFO T:203.08Â°K V:1.1547e-01V I:3.7889e-02A R:3.0475e+00ğ›€ E:1.8042e+00V/cm J:3.4761e-01A/cm2 ğ›’:5.1902e+00ğ›€ cm
2023-05-19 10:06:27,680 INFO Measurement at current 0.03854271356783919
2023-05-19 10:06:28,280 INFO T:203.09Â°K V:1.1745e-01V I:3.8543e-02A R:3.0474e+00ğ›€ E:1.8352e+00V/cm J:3.5360e-01A/cm2 ğ›’:5.1901e+00ğ›€ cm
2023-05-19 10:06:28,299 INFO Measurement at current 0.03919597989949749
2023-05-19 10:06:28,904 INFO T:203.09Â°K V:1.1942e-01V I:3.9196e-02A R:3.0468e+00ğ›€ E:1.8660e+00V/cm J:3.5960e-01A/cm2 ğ›’:5.1890e+00ğ›€ cm
2023-05-19 10:06:28,922 INFO Measurement at current 0.03984924623115578
2023-05-19 10:06:30,253 INFO T:203.10Â°K V:1.2140e-01V I:3.9849e-02A R:3.0464e+00ğ›€ E:1.8968e+00V/cm J:3.6559e-01A/cm2 ğ›’:5.1884e+00ğ›€ cm
2023-05-19 10:06:30,277 INFO Measurement at current 0.04050251256281407
2023-05-19 10:06:30,881 INFO T:203.11Â°K V:1.2338e-01V I:4.0503e-02A R:3.0463e+00ğ›€ E:1.9279e+00V/cm J:3.7158e-01A/cm2 ğ›’:5.1883e+00ğ›€ cm
2023-05-19 10:06:30,909 INFO Measurement at current 0.04115577889447236
2023-05-19 10:06:31,510 INFO T:203.11Â°K V:1.2536e-01V I:4.1156e-02A R:3.0459e+00ğ›€ E:1.9587e+00V/cm J:3.7758e-01A/cm2 ğ›’:5.1876e+00ğ›€ cm
2023-05-19 10:06:31,532 INFO Measurement at current 0.04180904522613065
2023-05-19 10:06:32,132 INFO T:203.12Â°K V:1.2735e-01V I:4.1809e-02A R:3.0459e+00ğ›€ E:1.9898e+00V/cm J:3.8357e-01A/cm2 ğ›’:5.1875e+00ğ›€ cm
2023-05-19 10:06:32,163 INFO Measurement at current 0.04246231155778894
2023-05-19 10:06:32,755 INFO T:203.13Â°K V:1.2931e-01V I:4.2462e-02A R:3.0453e+00ğ›€ E:2.0205e+00V/cm J:3.8956e-01A/cm2 ğ›’:5.1866e+00ğ›€ cm
2023-05-19 10:06:32,773 INFO Measurement at current 0.04311557788944723
2023-05-19 10:06:33,360 INFO T:203.13Â°K V:1.3130e-01V I:4.3116e-02A R:3.0453e+00ğ›€ E:2.0516e+00V/cm J:3.9556e-01A/cm2 ğ›’:5.1865e+00ğ›€ cm
2023-05-19 10:06:33,380 INFO Measurement at current 0.043768844221105524
2023-05-19 10:06:33,966 INFO T:203.14Â°K V:1.3329e-01V I:4.3769e-02A R:3.0452e+00ğ›€ E:2.0826e+00V/cm J:4.0155e-01A/cm2 ğ›’:5.1864e+00ğ›€ cm
2023-05-19 10:06:33,987 INFO Measurement at current 0.044422110552763815
2023-05-19 10:06:34,591 INFO T:203.14Â°K V:1.3526e-01V I:4.4422e-02A R:3.0448e+00ğ›€ E:2.1134e+00V/cm J:4.0754e-01A/cm2 ğ›’:5.1857e+00ğ›€ cm
2023-05-19 10:06:34,607 INFO Measurement at current 0.04507537688442211
2023-05-19 10:06:35,211 INFO T:203.15Â°K V:1.3724e-01V I:4.5075e-02A R:3.0448e+00ğ›€ E:2.1444e+00V/cm J:4.1354e-01A/cm2 ğ›’:5.1856e+00ğ›€ cm
2023-05-19 10:06:35,237 INFO Measurement at current 0.0457286432160804
2023-05-19 10:06:35,835 INFO T:203.15Â°K V:1.3923e-01V I:4.5729e-02A R:3.0447e+00ğ›€ E:2.1755e+00V/cm J:4.1953e-01A/cm2 ğ›’:5.1855e+00ğ›€ cm
2023-05-19 10:06:35,865 INFO Measurement at current 0.046381909547738694
2023-05-19 10:06:36,458 INFO T:203.16Â°K V:1.4119e-01V I:4.6382e-02A R:3.0442e+00ğ›€ E:2.2062e+00V/cm J:4.2552e-01A/cm2 ğ›’:5.1846e+00ğ›€ cm
2023-05-19 10:06:36,494 INFO Measurement at current 0.047035175879396984
2023-05-19 10:06:37,089 INFO T:203.16Â°K V:1.4318e-01V I:4.7035e-02A R:3.0441e+00ğ›€ E:2.2372e+00V/cm J:4.3152e-01A/cm2 ğ›’:5.1844e+00ğ›€ cm
2023-05-19 10:06:37,152 INFO Measurement at current 0.047688442211055275
2023-05-19 10:06:37,748 INFO T:203.17Â°K V:1.4516e-01V I:4.7688e-02A R:3.0439e+00ğ›€ E:2.2681e+00V/cm J:4.3751e-01A/cm2 ğ›’:5.1842e+00ğ›€ cm
2023-05-19 10:06:37,773 INFO Measurement at current 0.048341708542713566
2023-05-19 10:06:38,372 INFO T:203.18Â°K V:1.4713e-01V I:4.8342e-02A R:3.0435e+00ğ›€ E:2.2989e+00V/cm J:4.4350e-01A/cm2 ğ›’:5.1834e+00ğ›€ cm
2023-05-19 10:06:38,393 INFO Measurement at current 0.048994974874371856
2023-05-19 10:06:39,007 INFO T:203.18Â°K V:1.4911e-01V I:4.8995e-02A R:3.0433e+00ğ›€ E:2.3298e+00V/cm J:4.4950e-01A/cm2 ğ›’:5.1832e+00ğ›€ cm
2023-05-19 10:06:39,046 INFO Measurement at current 0.04964824120603015
2023-05-19 10:06:39,636 INFO T:203.19Â°K V:1.5108e-01V I:4.9648e-02A R:3.0431e+00ğ›€ E:2.3607e+00V/cm J:4.5549e-01A/cm2 ğ›’:5.1827e+00ğ›€ cm
2023-05-19 10:06:39,655 INFO Measurement at current 0.05030150753768844
2023-05-19 10:06:40,246 INFO T:203.19Â°K V:1.5305e-01V I:5.0302e-02A R:3.0426e+00ğ›€ E:2.3914e+00V/cm J:4.6148e-01A/cm2 ğ›’:5.1820e+00ğ›€ cm
2023-05-19 10:06:40,264 INFO Measurement at current 0.050954773869346735
2023-05-19 10:06:40,865 INFO T:203.20Â°K V:1.5503e-01V I:5.0955e-02A R:3.0425e+00ğ›€ E:2.4223e+00V/cm J:4.6747e-01A/cm2 ğ›’:5.1817e+00ğ›€ cm
2023-05-19 10:06:40,886 INFO Measurement at current 0.051608040201005026
2023-05-19 10:06:41,479 INFO T:203.20Â°K V:1.5701e-01V I:5.1608e-02A R:3.0423e+00ğ›€ E:2.4533e+00V/cm J:4.7347e-01A/cm2 ğ›’:5.1815e+00ğ›€ cm
2023-05-19 10:06:41,494 INFO Measurement at current 0.05226130653266332
2023-05-19 10:06:42,099 INFO T:203.21Â°K V:1.5897e-01V I:5.2261e-02A R:3.0419e+00ğ›€ E:2.4839e+00V/cm J:4.7946e-01A/cm2 ğ›’:5.1807e+00ğ›€ cm
2023-05-19 10:06:42,120 INFO Measurement at current 0.05291457286432161
2023-05-19 10:06:42,708 INFO T:203.22Â°K V:1.6095e-01V I:5.2915e-02A R:3.0417e+00ğ›€ E:2.5149e+00V/cm J:4.8545e-01A/cm2 ğ›’:5.1804e+00ğ›€ cm
2023-05-19 10:06:42,725 INFO Measurement at current 0.0535678391959799
2023-05-19 10:06:43,338 INFO T:203.22Â°K V:1.6292e-01V I:5.3568e-02A R:3.0415e+00ğ›€ E:2.5457e+00V/cm J:4.9145e-01A/cm2 ğ›’:5.1800e+00ğ›€ cm
2023-05-19 10:06:43,357 INFO Measurement at current 0.05422110552763819
2023-05-19 10:06:43,955 INFO T:203.23Â°K V:1.6489e-01V I:5.4221e-02A R:3.0410e+00ğ›€ E:2.5764e+00V/cm J:4.9744e-01A/cm2 ğ›’:5.1793e+00ğ›€ cm
2023-05-19 10:06:43,985 INFO Measurement at current 0.05487437185929648
2023-05-19 10:06:44,583 INFO T:203.23Â°K V:1.6687e-01V I:5.4874e-02A R:3.0409e+00ğ›€ E:2.6073e+00V/cm J:5.0343e-01A/cm2 ğ›’:5.1790e+00ğ›€ cm
2023-05-19 10:06:44,616 INFO Measurement at current 0.05552763819095477
2023-05-19 10:06:45,221 INFO T:203.24Â°K V:1.6885e-01V I:5.5528e-02A R:3.0408e+00ğ›€ E:2.6382e+00V/cm J:5.0943e-01A/cm2 ğ›’:5.1788e+00ğ›€ cm
2023-05-19 10:06:45,239 INFO Measurement at current 0.05618090452261306
2023-05-19 10:06:45,839 INFO T:203.24Â°K V:1.7081e-01V I:5.6181e-02A R:3.0403e+00ğ›€ E:2.6689e+00V/cm J:5.1542e-01A/cm2 ğ›’:5.1781e+00ğ›€ cm
2023-05-19 10:06:45,857 INFO Measurement at current 0.05683417085427136
2023-05-19 10:06:46,447 INFO T:203.25Â°K V:1.7278e-01V I:5.6834e-02A R:3.0401e+00ğ›€ E:2.6997e+00V/cm J:5.2141e-01A/cm2 ğ›’:5.1777e+00ğ›€ cm
2023-05-19 10:06:46,472 INFO Measurement at current 0.05748743718592965
2023-05-19 10:06:47,074 INFO T:203.26Â°K V:1.7474e-01V I:5.7487e-02A R:3.0397e+00ğ›€ E:2.7304e+00V/cm J:5.2741e-01A/cm2 ğ›’:5.1770e+00ğ›€ cm
2023-05-19 10:06:47,096 INFO Measurement at current 0.05814070351758794
2023-05-19 10:06:47,683 INFO T:203.26Â°K V:1.7672e-01V I:5.8141e-02A R:3.0395e+00ğ›€ E:2.7613e+00V/cm J:5.3340e-01A/cm2 ğ›’:5.1767e+00ğ›€ cm
2023-05-19 10:06:47,707 INFO Measurement at current 0.05879396984924623
2023-05-19 10:06:48,338 INFO T:203.27Â°K V:1.7870e-01V I:5.8794e-02A R:3.0394e+00ğ›€ E:2.7922e+00V/cm J:5.3939e-01A/cm2 ğ›’:5.1765e+00ğ›€ cm
2023-05-19 10:06:48,364 INFO Measurement at current 0.05944723618090452
2023-05-19 10:06:48,959 INFO T:203.27Â°K V:1.8066e-01V I:5.9447e-02A R:3.0390e+00ğ›€ E:2.8228e+00V/cm J:5.4539e-01A/cm2 ğ›’:5.1757e+00ğ›€ cm
2023-05-19 10:06:48,998 INFO Measurement at current 0.06010050251256281
2023-05-19 10:06:49,589 INFO T:203.28Â°K V:1.8263e-01V I:6.0101e-02A R:3.0387e+00ğ›€ E:2.8536e+00V/cm J:5.5138e-01A/cm2 ğ›’:5.1753e+00ğ›€ cm
2023-05-19 10:06:49,646 INFO Measurement at current 0.0607537688442211
2023-05-19 10:06:50,232 INFO T:203.28Â°K V:1.8460e-01V I:6.0754e-02A R:3.0385e+00ğ›€ E:2.8844e+00V/cm J:5.5737e-01A/cm2 ğ›’:5.1750e+00ğ›€ cm
2023-05-19 10:06:50,249 INFO Measurement at current 0.06140703517587939
2023-05-19 10:06:50,835 INFO T:203.29Â°K V:1.8656e-01V I:6.1407e-02A R:3.0381e+00ğ›€ E:2.9150e+00V/cm J:5.6337e-01A/cm2 ğ›’:5.1743e+00ğ›€ cm
2023-05-19 10:06:50,852 INFO Measurement at current 0.062060301507537684
2023-05-19 10:06:51,438 INFO T:203.30Â°K V:1.8853e-01V I:6.2060e-02A R:3.0379e+00ğ›€ E:2.9458e+00V/cm J:5.6936e-01A/cm2 ğ›’:5.1739e+00ğ›€ cm
2023-05-19 10:06:51,461 INFO Measurement at current 0.06271356783919597
2023-05-19 10:06:52,053 INFO T:203.30Â°K V:1.9050e-01V I:6.2714e-02A R:3.0377e+00ğ›€ E:2.9766e+00V/cm J:5.7535e-01A/cm2 ğ›’:5.1735e+00ğ›€ cm
2023-05-19 10:06:52,069 INFO Measurement at current 0.06336683417085427
2023-05-19 10:06:52,666 INFO T:203.31Â°K V:1.9246e-01V I:6.3367e-02A R:3.0372e+00ğ›€ E:3.0072e+00V/cm J:5.8135e-01A/cm2 ğ›’:5.1728e+00ğ›€ cm
2023-05-19 10:06:52,689 INFO Measurement at current 0.06402010050251256
2023-05-19 10:06:53,282 INFO T:203.31Â°K V:1.9442e-01V I:6.4020e-02A R:3.0369e+00ğ›€ E:3.0379e+00V/cm J:5.8734e-01A/cm2 ğ›’:5.1723e+00ğ›€ cm
2023-05-19 10:06:53,303 INFO Measurement at current 0.06467336683417085
2023-05-19 10:06:53,908 INFO T:203.32Â°K V:1.9639e-01V I:6.4673e-02A R:3.0367e+00ğ›€ E:3.0687e+00V/cm J:5.9333e-01A/cm2 ğ›’:5.1719e+00ğ›€ cm
2023-05-19 10:06:53,934 INFO Measurement at current 0.06532663316582914
2023-05-19 10:06:54,531 INFO T:203.32Â°K V:1.9835e-01V I:6.5327e-02A R:3.0362e+00ğ›€ E:3.0992e+00V/cm J:5.9933e-01A/cm2 ğ›’:5.1711e+00ğ›€ cm
2023-05-19 10:06:54,557 INFO Measurement at current 0.06597989949748743
2023-05-19 10:06:55,143 INFO T:203.33Â°K V:2.0032e-01V I:6.5980e-02A R:3.0360e+00ğ›€ E:3.1299e+00V/cm J:6.0532e-01A/cm2 ğ›’:5.1707e+00ğ›€ cm
2023-05-19 10:06:55,163 INFO Measurement at current 0.06663316582914573
2023-05-19 10:06:55,763 INFO T:203.33Â°K V:2.0228e-01V I:6.6633e-02A R:3.0358e+00ğ›€ E:3.1607e+00V/cm J:6.1131e-01A/cm2 ğ›’:5.1703e+00ğ›€ cm
2023-05-19 10:06:55,798 INFO Measurement at current 0.06728643216080402
2023-05-19 10:06:56,395 INFO T:203.34Â°K V:2.0423e-01V I:6.7286e-02A R:3.0353e+00ğ›€ E:3.1911e+00V/cm J:6.1731e-01A/cm2 ğ›’:5.1694e+00ğ›€ cm
2023-05-19 10:06:56,418 INFO Measurement at current 0.06793969849246231
2023-05-19 10:06:57,015 INFO T:203.35Â°K V:2.0620e-01V I:6.7940e-02A R:3.0351e+00ğ›€ E:3.2219e+00V/cm J:6.2330e-01A/cm2 ğ›’:5.1691e+00ğ›€ cm
2023-05-19 10:06:57,042 INFO Measurement at current 0.0685929648241206
2023-05-19 10:06:57,647 INFO T:203.35Â°K V:2.0817e-01V I:6.8593e-02A R:3.0348e+00ğ›€ E:3.2526e+00V/cm J:6.2929e-01A/cm2 ğ›’:5.1687e+00ğ›€ cm
2023-05-19 10:06:57,668 INFO Measurement at current 0.0692462311557789
2023-05-19 10:06:58,254 INFO T:203.36Â°K V:2.1012e-01V I:6.9246e-02A R:3.0344e+00ğ›€ E:3.2831e+00V/cm J:6.3529e-01A/cm2 ğ›’:5.1680e+00ğ›€ cm
2023-05-19 10:06:58,270 INFO Measurement at current 0.06989949748743718
2023-05-19 10:06:58,874 INFO T:203.36Â°K V:2.1209e-01V I:6.9899e-02A R:3.0342e+00ğ›€ E:3.3139e+00V/cm J:6.4128e-01A/cm2 ğ›’:5.1676e+00ğ›€ cm
2023-05-19 10:06:58,906 INFO Measurement at current 0.07055276381909548
2023-05-19 10:06:59,514 INFO T:203.37Â°K V:2.1406e-01V I:7.0553e-02A R:3.0340e+00ğ›€ E:3.3446e+00V/cm J:6.4727e-01A/cm2 ğ›’:5.1672e+00ğ›€ cm
2023-05-19 10:06:59,536 INFO Measurement at current 0.07120603015075376
2023-05-19 10:07:00,129 INFO T:203.37Â°K V:2.1600e-01V I:7.1206e-02A R:3.0335e+00ğ›€ E:3.3750e+00V/cm J:6.5327e-01A/cm2 ğ›’:5.1663e+00ğ›€ cm
2023-05-19 10:07:00,164 INFO Measurement at current 0.07185929648241206
2023-05-19 10:07:00,765 INFO T:203.38Â°K V:2.1797e-01V I:7.1859e-02A R:3.0332e+00ğ›€ E:3.4057e+00V/cm J:6.5926e-01A/cm2 ğ›’:5.1660e+00ğ›€ cm
2023-05-19 10:07:00,790 INFO Measurement at current 0.07251256281407036
2023-05-19 10:07:01,374 INFO T:203.39Â°K V:2.1993e-01V I:7.2513e-02A R:3.0330e+00ğ›€ E:3.4364e+00V/cm J:6.6525e-01A/cm2 ğ›’:5.1656e+00ğ›€ cm
2023-05-19 10:07:01,408 INFO Measurement at current 0.07316582914572864
2023-05-19 10:07:02,022 INFO T:203.39Â°K V:2.2188e-01V I:7.3166e-02A R:3.0326e+00ğ›€ E:3.4669e+00V/cm J:6.7125e-01A/cm2 ğ›’:5.1648e+00ğ›€ cm
2023-05-19 10:07:02,062 INFO Measurement at current 0.07381909547738694
2023-05-19 10:07:02,655 INFO T:203.40Â°K V:2.2384e-01V I:7.3819e-02A R:3.0323e+00ğ›€ E:3.4976e+00V/cm J:6.7724e-01A/cm2 ğ›’:5.1644e+00ğ›€ cm
2023-05-19 10:07:02,670 INFO Measurement at current 0.07447236180904522
2023-05-19 10:07:03,257 INFO T:203.40Â°K V:2.2579e-01V I:7.4472e-02A R:3.0318e+00ğ›€ E:3.5279e+00V/cm J:6.8323e-01A/cm2 ğ›’:5.1636e+00ğ›€ cm
2023-05-19 10:07:03,272 INFO Measurement at current 0.07512562814070352
2023-05-19 10:07:03,868 INFO T:203.41Â°K V:2.2775e-01V I:7.5126e-02A R:3.0316e+00ğ›€ E:3.5586e+00V/cm J:6.8923e-01A/cm2 ğ›’:5.1632e+00ğ›€ cm
2023-05-19 10:07:03,890 INFO Measurement at current 0.0757788944723618
2023-05-19 10:07:04,490 INFO T:203.41Â°K V:2.2971e-01V I:7.5779e-02A R:3.0313e+00ğ›€ E:3.5892e+00V/cm J:6.9522e-01A/cm2 ğ›’:5.1627e+00ğ›€ cm
2023-05-19 10:07:04,510 INFO Measurement at current 0.0764321608040201
2023-05-19 10:07:05,161 INFO T:203.42Â°K V:2.3166e-01V I:7.6432e-02A R:3.0309e+00ğ›€ E:3.6196e+00V/cm J:7.0121e-01A/cm2 ğ›’:5.1619e+00ğ›€ cm
2023-05-19 10:07:05,188 INFO Measurement at current 0.07708542713567838
2023-05-19 10:07:05,786 INFO T:203.43Â°K V:2.3361e-01V I:7.7085e-02A R:3.0306e+00ğ›€ E:3.6502e+00V/cm J:7.0721e-01A/cm2 ğ›’:5.1614e+00ğ›€ cm
2023-05-19 10:07:05,812 INFO Measurement at current 0.07773869346733668
2023-05-19 10:07:06,404 INFO T:203.43Â°K V:2.3557e-01V I:7.7739e-02A R:3.0302e+00ğ›€ E:3.6807e+00V/cm J:7.1320e-01A/cm2 ğ›’:5.1608e+00ğ›€ cm
2023-05-19 10:07:06,427 INFO Measurement at current 0.07839195979899498
2023-05-19 10:07:07,032 INFO T:203.44Â°K V:2.3751e-01V I:7.8392e-02A R:3.0298e+00ğ›€ E:3.7111e+00V/cm J:7.1919e-01A/cm2 ğ›’:5.1600e+00ğ›€ cm
2023-05-19 10:07:07,079 INFO Measurement at current 0.07904522613065326
2023-05-19 10:07:07,665 INFO T:203.44Â°K V:2.3947e-01V I:7.9045e-02A R:3.0295e+00ğ›€ E:3.7416e+00V/cm J:7.2519e-01A/cm2 ğ›’:5.1596e+00ğ›€ cm
2023-05-19 10:07:07,683 INFO Measurement at current 0.07969849246231156
2023-05-19 10:07:08,298 INFO T:203.45Â°K V:2.4142e-01V I:7.9698e-02A R:3.0292e+00ğ›€ E:3.7722e+00V/cm J:7.3118e-01A/cm2 ğ›’:5.1591e+00ğ›€ cm
2023-05-19 10:07:08,322 INFO Measurement at current 0.08035175879396984
2023-05-19 10:07:08,910 INFO T:203.45Â°K V:2.4336e-01V I:8.0352e-02A R:3.0287e+00ğ›€ E:3.8026e+00V/cm J:7.3717e-01A/cm2 ğ›’:5.1583e+00ğ›€ cm
2023-05-19 10:07:08,952 INFO Measurement at current 0.08100502512562814
2023-05-19 10:07:09,544 INFO T:203.46Â°K V:2.4532e-01V I:8.1005e-02A R:3.0285e+00ğ›€ E:3.8331e+00V/cm J:7.4317e-01A/cm2 ğ›’:5.1578e+00ğ›€ cm
2023-05-19 10:07:09,560 INFO Measurement at current 0.08165829145728642
2023-05-19 10:07:10,152 INFO T:203.46Â°K V:2.4727e-01V I:8.1658e-02A R:3.0282e+00ğ›€ E:3.8637e+00V/cm J:7.4916e-01A/cm2 ğ›’:5.1573e+00ğ›€ cm
2023-05-19 10:07:10,183 INFO Measurement at current 0.08231155778894472
2023-05-19 10:07:10,779 INFO T:203.47Â°K V:2.4922e-01V I:8.2312e-02A R:3.0277e+00ğ›€ E:3.8940e+00V/cm J:7.5515e-01A/cm2 ğ›’:5.1566e+00ğ›€ cm
2023-05-19 10:07:10,811 INFO Measurement at current 0.082964824120603
2023-05-19 10:07:11,418 INFO T:203.48Â°K V:2.5117e-01V I:8.2965e-02A R:3.0274e+00ğ›€ E:3.9246e+00V/cm J:7.6115e-01A/cm2 ğ›’:5.1561e+00ğ›€ cm
2023-05-19 10:07:11,438 INFO Measurement at current 0.0836180904522613
2023-05-19 10:07:12,063 INFO T:203.48Â°K V:2.5313e-01V I:8.3618e-02A R:3.0272e+00ğ›€ E:3.9551e+00V/cm J:7.6714e-01A/cm2 ğ›’:5.1557e+00ğ›€ cm
2023-05-19 10:07:12,085 INFO Measurement at current 0.0842713567839196
2023-05-19 10:07:12,688 INFO T:203.49Â°K V:2.5507e-01V I:8.4271e-02A R:3.0267e+00ğ›€ E:3.9854e+00V/cm J:7.7313e-01A/cm2 ğ›’:5.1549e+00ğ›€ cm
2023-05-19 10:07:12,706 INFO Measurement at current 0.08492462311557789
2023-05-19 10:07:13,309 INFO T:203.49Â°K V:2.5702e-01V I:8.4925e-02A R:3.0264e+00ğ›€ E:4.0159e+00V/cm J:7.7912e-01A/cm2 ğ›’:5.1544e+00ğ›€ cm
2023-05-19 10:07:13,337 INFO Measurement at current 0.08557788944723618
2023-05-19 10:07:13,936 INFO T:203.50Â°K V:2.5897e-01V I:8.5578e-02A R:3.0261e+00ğ›€ E:4.0464e+00V/cm J:7.8512e-01A/cm2 ğ›’:5.1539e+00ğ›€ cm
2023-05-19 10:07:13,953 INFO Measurement at current 0.08623115577889447
2023-05-19 10:07:14,557 INFO T:203.50Â°K V:2.6091e-01V I:8.6231e-02A R:3.0257e+00ğ›€ E:4.0767e+00V/cm J:7.9111e-01A/cm2 ğ›’:5.1532e+00ğ›€ cm
2023-05-19 10:07:14,573 INFO Measurement at current 0.08688442211055276
2023-05-19 10:07:15,160 INFO T:203.51Â°K V:2.6286e-01V I:8.6884e-02A R:3.0255e+00ğ›€ E:4.1073e+00V/cm J:7.9710e-01A/cm2 ğ›’:5.1527e+00ğ›€ cm
2023-05-19 10:07:15,212 INFO Measurement at current 0.08753768844221105
2023-05-19 10:07:15,821 INFO T:203.52Â°K V:2.6481e-01V I:8.7538e-02A R:3.0252e+00ğ›€ E:4.1377e+00V/cm J:8.0310e-01A/cm2 ğ›’:5.1522e+00ğ›€ cm
2023-05-19 10:07:15,836 INFO Measurement at current 0.08819095477386935
2023-05-19 10:07:16,442 INFO T:203.52Â°K V:2.6675e-01V I:8.8191e-02A R:3.0247e+00ğ›€ E:4.1680e+00V/cm J:8.0909e-01A/cm2 ğ›’:5.1515e+00ğ›€ cm
2023-05-19 10:07:16,461 INFO Measurement at current 0.08884422110552763
2023-05-19 10:07:17,074 INFO T:203.53Â°K V:2.6870e-01V I:8.8844e-02A R:3.0244e+00ğ›€ E:4.1984e+00V/cm J:8.1508e-01A/cm2 ğ›’:5.1509e+00ğ›€ cm
2023-05-19 10:07:17,095 INFO Measurement at current 0.08949748743718593
2023-05-19 10:07:17,696 INFO T:203.53Â°K V:2.7063e-01V I:8.9497e-02A R:3.0239e+00ğ›€ E:4.2286e+00V/cm J:8.2108e-01A/cm2 ğ›’:5.1500e+00ğ›€ cm
2023-05-19 10:07:17,715 INFO Measurement at current 0.09015075376884422
2023-05-19 10:07:18,313 INFO T:203.54Â°K V:2.7258e-01V I:9.0151e-02A R:3.0236e+00ğ›€ E:4.2590e+00V/cm J:8.2707e-01A/cm2 ğ›’:5.1495e+00ğ›€ cm
2023-05-19 10:07:18,333 INFO Measurement at current 0.09080402010050251
2023-05-19 10:07:18,931 INFO T:203.54Â°K V:2.7453e-01V I:9.0804e-02A R:3.0233e+00ğ›€ E:4.2895e+00V/cm J:8.3306e-01A/cm2 ğ›’:5.1490e+00ğ›€ cm
2023-05-19 10:07:18,946 INFO Measurement at current 0.0914572864321608
2023-05-19 10:07:19,552 INFO T:203.55Â°K V:2.7646e-01V I:9.1457e-02A R:3.0228e+00ğ›€ E:4.3196e+00V/cm J:8.3906e-01A/cm2 ğ›’:5.1482e+00ğ›€ cm
2023-05-19 10:07:19,569 INFO Measurement at current 0.09211055276381909
2023-05-19 10:07:20,179 INFO T:203.56Â°K V:2.7840e-01V I:9.2111e-02A R:3.0224e+00ğ›€ E:4.3500e+00V/cm J:8.4505e-01A/cm2 ğ›’:5.1476e+00ğ›€ cm
2023-05-19 10:07:20,200 INFO Measurement at current 0.09276381909547739
2023-05-19 10:07:20,788 INFO T:203.56Â°K V:2.8034e-01V I:9.2764e-02A R:3.0221e+00ğ›€ E:4.3804e+00V/cm J:8.5104e-01A/cm2 ğ›’:5.1471e+00ğ›€ cm
2023-05-19 10:07:20,806 INFO Measurement at current 0.09341708542713567
2023-05-19 10:07:21,398 INFO T:203.57Â°K V:2.8227e-01V I:9.3417e-02A R:3.0217e+00ğ›€ E:4.4105e+00V/cm J:8.5704e-01A/cm2 ğ›’:5.1463e+00ğ›€ cm
2023-05-19 10:07:21,433 INFO Measurement at current 0.09407035175879397
2023-05-19 10:07:22,022 INFO T:203.57Â°K V:2.8422e-01V I:9.4070e-02A R:3.0214e+00ğ›€ E:4.4409e+00V/cm J:8.6303e-01A/cm2 ğ›’:5.1457e+00ğ›€ cm
2023-05-19 10:07:22,042 INFO Measurement at current 0.09472361809045225
2023-05-19 10:07:22,646 INFO T:203.58Â°K V:2.8616e-01V I:9.4724e-02A R:3.0210e+00ğ›€ E:4.4713e+00V/cm J:8.6902e-01A/cm2 ğ›’:5.1452e+00ğ›€ cm
2023-05-19 10:07:22,681 INFO Measurement at current 0.09537688442211055
2023-05-19 10:07:23,276 INFO T:203.58Â°K V:2.8809e-01V I:9.5377e-02A R:3.0205e+00ğ›€ E:4.5014e+00V/cm J:8.7502e-01A/cm2 ğ›’:5.1444e+00ğ›€ cm
2023-05-19 10:07:23,303 INFO Measurement at current 0.09603015075376885
2023-05-19 10:07:23,903 INFO T:203.59Â°K V:2.9004e-01V I:9.6030e-02A R:3.0203e+00ğ›€ E:4.5318e+00V/cm J:8.8101e-01A/cm2 ğ›’:5.1439e+00ğ›€ cm
2023-05-19 10:07:23,928 INFO Measurement at current 0.09668341708542713
2023-05-19 10:07:24,529 INFO T:203.60Â°K V:2.9198e-01V I:9.6683e-02A R:3.0200e+00ğ›€ E:4.5622e+00V/cm J:8.8700e-01A/cm2 ğ›’:5.1434e+00ğ›€ cm
2023-05-19 10:07:24,552 INFO Measurement at current 0.09733668341708543
2023-05-19 10:07:25,165 INFO T:203.60Â°K V:2.9391e-01V I:9.7337e-02A R:3.0195e+00ğ›€ E:4.5924e+00V/cm J:8.9300e-01A/cm2 ğ›’:5.1426e+00ğ›€ cm
2023-05-19 10:07:25,192 INFO Measurement at current 0.09798994974874371
2023-05-19 10:07:25,788 INFO T:203.61Â°K V:2.9585e-01V I:9.7990e-02A R:3.0192e+00ğ›€ E:4.6227e+00V/cm J:8.9899e-01A/cm2 ğ›’:5.1421e+00ğ›€ cm
2023-05-19 10:07:25,805 INFO Measurement at current 0.09864321608040201
2023-05-19 10:07:26,407 INFO T:203.61Â°K V:2.9780e-01V I:9.8643e-02A R:3.0189e+00ğ›€ E:4.6531e+00V/cm J:9.0498e-01A/cm2 ğ›’:5.1416e+00ğ›€ cm
2023-05-19 10:07:26,441 INFO Measurement at current 0.0992964824120603
2023-05-19 10:07:27,028 INFO T:203.62Â°K V:2.9972e-01V I:9.9296e-02A R:3.0184e+00ğ›€ E:4.6831e+00V/cm J:9.1098e-01A/cm2 ğ›’:5.1408e+00ğ›€ cm
2023-05-19 10:07:27,049 INFO Measurement at current 0.09994974874371859
2023-05-19 10:07:27,635 INFO T:203.62Â°K V:3.0166e-01V I:9.9950e-02A R:3.0181e+00ğ›€ E:4.7135e+00V/cm J:9.1697e-01A/cm2 ğ›’:5.1403e+00ğ›€ cm
2023-05-19 10:07:27,651 INFO Measurement at current 0.10060301507537688
2023-05-19 10:07:28,266 INFO T:203.63Â°K V:3.0361e-01V I:1.0060e-01A R:3.0179e+00ğ›€ E:4.7438e+00V/cm J:9.2296e-01A/cm2 ğ›’:5.1398e+00ğ›€ cm
2023-05-19 10:07:28,283 INFO Measurement at current 0.10125628140703517
2023-05-19 10:07:28,873 INFO T:203.64Â°K V:3.0553e-01V I:1.0126e-01A R:3.0174e+00ğ›€ E:4.7739e+00V/cm J:9.2896e-01A/cm2 ğ›’:5.1390e+00ğ›€ cm
2023-05-19 10:07:28,897 INFO Measurement at current 0.10190954773869347
2023-05-19 10:07:29,494 INFO T:203.64Â°K V:3.0747e-01V I:1.0191e-01A R:3.0171e+00ğ›€ E:4.8042e+00V/cm J:9.3495e-01A/cm2 ğ›’:5.1384e+00ğ›€ cm
2023-05-19 10:07:29,539 INFO Measurement at current 0.10256281407035175
2023-05-19 10:07:30,164 INFO T:203.65Â°K V:3.0940e-01V I:1.0256e-01A R:3.0167e+00ğ›€ E:4.8343e+00V/cm J:9.4094e-01A/cm2 ğ›’:5.1378e+00ğ›€ cm
2023-05-19 10:07:30,190 INFO Measurement at current 0.10321608040201005
2023-05-19 10:07:30,791 INFO T:203.65Â°K V:3.1132e-01V I:1.0322e-01A R:3.0162e+00ğ›€ E:4.8643e+00V/cm J:9.4694e-01A/cm2 ğ›’:5.1369e+00ğ›€ cm
2023-05-19 10:07:30,807 INFO Measurement at current 0.10386934673366834
2023-05-19 10:07:31,393 INFO T:203.66Â°K V:3.1326e-01V I:1.0387e-01A R:3.0159e+00ğ›€ E:4.8946e+00V/cm J:9.5293e-01A/cm2 ğ›’:5.1364e+00ğ›€ cm
2023-05-19 10:07:31,415 INFO Measurement at current 0.10452261306532663
2023-05-19 10:07:31,999 INFO T:203.66Â°K V:3.1519e-01V I:1.0452e-01A R:3.0156e+00ğ›€ E:4.9249e+00V/cm J:9.5892e-01A/cm2 ğ›’:5.1359e+00ğ›€ cm
2023-05-19 10:07:32,014 INFO Measurement at current 0.10517587939698492
2023-05-19 10:07:32,600 INFO T:203.67Â°K V:3.1741e-01V I:1.0518e-01A R:3.0179e+00ğ›€ E:4.9596e+00V/cm J:9.6492e-01A/cm2 ğ›’:5.1399e+00ğ›€ cm
2023-05-19 10:07:32,617 INFO Measurement at current 0.10582914572864321
2023-05-19 10:07:33,203 INFO T:203.67Â°K V:3.1932e-01V I:1.0583e-01A R:3.0173e+00ğ›€ E:4.9894e+00V/cm J:9.7091e-01A/cm2 ğ›’:5.1389e+00ğ›€ cm
2023-05-19 10:07:33,221 INFO Measurement at current 0.1064824120603015
2023-05-19 10:07:33,826 INFO T:203.68Â°K V:3.2124e-01V I:1.0648e-01A R:3.0168e+00ğ›€ E:5.0193e+00V/cm J:9.7690e-01A/cm2 ğ›’:5.1380e+00ğ›€ cm
2023-05-19 10:07:33,845 INFO Measurement at current 0.1071356783919598
2023-05-19 10:07:34,446 INFO T:203.69Â°K V:3.2320e-01V I:1.0714e-01A R:3.0167e+00ğ›€ E:5.0499e+00V/cm J:9.8290e-01A/cm2 ğ›’:5.1378e+00ğ›€ cm
2023-05-19 10:07:34,462 INFO Measurement at current 0.1077889447236181
2023-05-19 10:07:35,053 INFO T:203.69Â°K V:3.2508e-01V I:1.0779e-01A R:3.0159e+00ğ›€ E:5.0794e+00V/cm J:9.8889e-01A/cm2 ğ›’:5.1365e+00ğ›€ cm
2023-05-19 10:07:35,070 INFO Measurement at current 0.10844221105527638
2023-05-19 10:07:35,657 INFO T:203.70Â°K V:3.2698e-01V I:1.0844e-01A R:3.0152e+00ğ›€ E:5.1090e+00V/cm J:9.9488e-01A/cm2 ğ›’:5.1353e+00ğ›€ cm
2023-05-19 10:07:35,680 INFO Measurement at current 0.10909547738693468
2023-05-19 10:07:36,266 INFO T:203.70Â°K V:3.2892e-01V I:1.0910e-01A R:3.0150e+00ğ›€ E:5.1394e+00V/cm J:1.0009e+00A/cm2 ğ›’:5.1349e+00ğ›€ cm
2023-05-19 10:07:36,283 INFO Measurement at current 0.10974874371859296
2023-05-19 10:07:36,874 INFO T:203.71Â°K V:3.3084e-01V I:1.0975e-01A R:3.0145e+00ğ›€ E:5.1694e+00V/cm J:1.0069e+00A/cm2 ğ›’:5.1341e+00ğ›€ cm
2023-05-19 10:07:36,897 INFO Measurement at current 0.11040201005025126
2023-05-19 10:07:37,487 INFO T:203.71Â°K V:3.3273e-01V I:1.1040e-01A R:3.0138e+00ğ›€ E:5.1990e+00V/cm J:1.0129e+00A/cm2 ğ›’:5.1329e+00ğ›€ cm
2023-05-19 10:07:37,504 INFO Measurement at current 0.11105527638190954
2023-05-19 10:07:38,089 INFO T:203.72Â°K V:3.3466e-01V I:1.1106e-01A R:3.0135e+00ğ›€ E:5.2291e+00V/cm J:1.0189e+00A/cm2 ğ›’:5.1323e+00ğ›€ cm
2023-05-19 10:07:38,122 INFO Measurement at current 0.11170854271356784
2023-05-19 10:07:38,716 INFO T:203.73Â°K V:3.3655e-01V I:1.1171e-01A R:3.0127e+00ğ›€ E:5.2586e+00V/cm J:1.0248e+00A/cm2 ğ›’:5.1311e+00ğ›€ cm
2023-05-19 10:07:38,748 INFO Measurement at current 0.11236180904522612
2023-05-19 10:07:39,343 INFO T:203.73Â°K V:3.3845e-01V I:1.1236e-01A R:3.0121e+00ğ›€ E:5.2882e+00V/cm J:1.0308e+00A/cm2 ğ›’:5.1300e+00ğ›€ cm
2023-05-19 10:07:39,372 INFO Measurement at current 0.11301507537688442
2023-05-19 10:07:39,984 INFO T:203.74Â°K V:3.4037e-01V I:1.1302e-01A R:3.0118e+00ğ›€ E:5.3183e+00V/cm J:1.0368e+00A/cm2 ğ›’:5.1294e+00ğ›€ cm
2023-05-19 10:07:40,009 INFO Measurement at current 0.11366834170854272
2023-05-19 10:07:40,618 INFO T:203.74Â°K V:3.4230e-01V I:1.1367e-01A R:3.0114e+00ğ›€ E:5.3484e+00V/cm J:1.0428e+00A/cm2 ğ›’:5.1287e+00ğ›€ cm
2023-05-19 10:07:40,636 INFO Measurement at current 0.114321608040201
2023-05-19 10:07:41,226 INFO T:203.75Â°K V:3.4418e-01V I:1.1432e-01A R:3.0106e+00ğ›€ E:5.3777e+00V/cm J:1.0488e+00A/cm2 ğ›’:5.1274e+00ğ›€ cm
2023-05-19 10:07:41,245 INFO Measurement at current 0.1149748743718593
2023-05-19 10:07:41,839 INFO T:203.75Â°K V:3.4611e-01V I:1.1497e-01A R:3.0103e+00ğ›€ E:5.4080e+00V/cm J:1.0548e+00A/cm2 ğ›’:5.1270e+00ğ›€ cm
2023-05-19 10:07:41,860 INFO Measurement at current 0.11562814070351758
2023-05-19 10:07:42,448 INFO T:203.76Â°K V:3.4817e-01V I:1.1563e-01A R:3.0111e+00ğ›€ E:5.4401e+00V/cm J:1.0608e+00A/cm2 ğ›’:5.1283e+00ğ›€ cm
2023-05-19 10:07:42,471 INFO Measurement at current 0.11628140703517588
2023-05-19 10:07:43,080 INFO T:203.76Â°K V:3.5011e-01V I:1.1628e-01A R:3.0109e+00ğ›€ E:5.4705e+00V/cm J:1.0668e+00A/cm2 ğ›’:5.1279e+00ğ›€ cm
2023-05-19 10:07:43,102 INFO Measurement at current 0.11693467336683416
2023-05-19 10:07:43,699 INFO T:203.77Â°K V:3.5200e-01V I:1.1693e-01A R:3.0102e+00ğ›€ E:5.5000e+00V/cm J:1.0728e+00A/cm2 ğ›’:5.1268e+00ğ›€ cm
2023-05-19 10:07:43,716 INFO Measurement at current 0.11758793969849246
2023-05-19 10:07:44,321 INFO T:203.78Â°K V:3.5388e-01V I:1.1759e-01A R:3.0095e+00ğ›€ E:5.5294e+00V/cm J:1.0788e+00A/cm2 ğ›’:5.1255e+00ğ›€ cm
2023-05-19 10:07:44,351 INFO Measurement at current 0.11824120603015074
2023-05-19 10:07:44,955 INFO T:203.78Â°K V:3.5584e-01V I:1.1824e-01A R:3.0094e+00ğ›€ E:5.5599e+00V/cm J:1.0848e+00A/cm2 ğ›’:5.1254e+00ğ›€ cm
2023-05-19 10:07:44,979 INFO Measurement at current 0.11889447236180904
2023-05-19 10:07:45,615 INFO T:203.79Â°K V:3.5772e-01V I:1.1889e-01A R:3.0087e+00ğ›€ E:5.5893e+00V/cm J:1.0908e+00A/cm2 ğ›’:5.1242e+00ğ›€ cm
2023-05-19 10:07:45,638 INFO Measurement at current 0.11954773869346734
2023-05-19 10:07:46,225 INFO T:203.79Â°K V:3.5958e-01V I:1.1955e-01A R:3.0078e+00ğ›€ E:5.6184e+00V/cm J:1.0968e+00A/cm2 ğ›’:5.1227e+00ğ›€ cm
2023-05-19 10:07:46,246 INFO Measurement at current 0.12020100502512562
2023-05-19 10:07:46,834 INFO T:203.80Â°K V:3.6153e-01V I:1.2020e-01A R:3.0077e+00ğ›€ E:5.6489e+00V/cm J:1.1028e+00A/cm2 ğ›’:5.1225e+00ğ›€ cm
2023-05-19 10:07:46,885 INFO Measurement at current 0.12085427135678392
2023-05-19 10:07:47,492 INFO T:203.81Â°K V:3.6342e-01V I:1.2085e-01A R:3.0071e+00ğ›€ E:5.6784e+00V/cm J:1.1088e+00A/cm2 ğ›’:5.1214e+00ğ›€ cm
2023-05-19 10:07:47,510 INFO Measurement at current 0.1215075376884422
2023-05-19 10:07:48,099 INFO T:203.81Â°K V:3.6530e-01V I:1.2151e-01A R:3.0064e+00ğ›€ E:5.7078e+00V/cm J:1.1147e+00A/cm2 ğ›’:5.1203e+00ğ›€ cm
2023-05-19 10:07:48,114 INFO Measurement at current 0.1221608040201005
2023-05-19 10:07:48,747 INFO T:203.82Â°K V:3.6723e-01V I:1.2216e-01A R:3.0061e+00ğ›€ E:5.7380e+00V/cm J:1.1207e+00A/cm2 ğ›’:5.1198e+00ğ›€ cm
2023-05-19 10:07:48,766 INFO Measurement at current 0.12281407035175879
2023-05-19 10:07:49,370 INFO T:203.82Â°K V:3.6913e-01V I:1.2281e-01A R:3.0056e+00ğ›€ E:5.7677e+00V/cm J:1.1267e+00A/cm2 ğ›’:5.1190e+00ğ›€ cm
2023-05-19 10:07:49,391 INFO Measurement at current 0.12346733668341708
2023-05-19 10:07:49,978 INFO T:203.83Â°K V:3.7102e-01V I:1.2347e-01A R:3.0050e+00ğ›€ E:5.7972e+00V/cm J:1.1327e+00A/cm2 ğ›’:5.1179e+00ğ›€ cm
2023-05-19 10:07:49,999 INFO Measurement at current 0.12412060301507537
2023-05-19 10:07:50,596 INFO T:203.83Â°K V:3.7295e-01V I:1.2412e-01A R:3.0047e+00ğ›€ E:5.8273e+00V/cm J:1.1387e+00A/cm2 ğ›’:5.1174e+00ğ›€ cm
2023-05-19 10:07:50,649 INFO Measurement at current 0.12477386934673367
2023-05-19 10:07:51,250 INFO T:203.84Â°K V:3.7485e-01V I:1.2477e-01A R:3.0043e+00ğ›€ E:5.8571e+00V/cm J:1.1447e+00A/cm2 ğ›’:5.1166e+00ğ›€ cm
2023-05-19 10:07:51,269 INFO Measurement at current 0.12542713567839195
2023-05-19 10:07:51,884 INFO T:203.85Â°K V:3.7688e-01V I:1.2543e-01A R:3.0048e+00ğ›€ E:5.8888e+00V/cm J:1.1507e+00A/cm2 ğ›’:5.1175e+00ğ›€ cm
2023-05-19 10:07:51,900 INFO Measurement at current 0.12608040201005025
2023-05-19 10:07:52,487 INFO T:203.85Â°K V:3.7881e-01V I:1.2608e-01A R:3.0045e+00ğ›€ E:5.9188e+00V/cm J:1.1567e+00A/cm2 ğ›’:5.1170e+00ğ›€ cm
2023-05-19 10:07:52,503 INFO Measurement at current 0.12673366834170854
2023-05-19 10:07:53,189 INFO T:203.86Â°K V:3.8068e-01V I:1.2673e-01A R:3.0038e+00ğ›€ E:5.9482e+00V/cm J:1.1627e+00A/cm2 ğ›’:5.1158e+00ğ›€ cm
2023-05-19 10:07:53,216 INFO Measurement at current 0.12738693467336684
2023-05-19 10:07:53,813 INFO T:203.86Â°K V:3.8256e-01V I:1.2739e-01A R:3.0031e+00ğ›€ E:5.9774e+00V/cm J:1.1687e+00A/cm2 ğ›’:5.1146e+00ğ›€ cm
2023-05-19 10:07:53,854 INFO Measurement at current 0.1280402010050251
2023-05-19 10:07:54,464 INFO T:203.87Â°K V:3.8451e-01V I:1.2804e-01A R:3.0030e+00ğ›€ E:6.0079e+00V/cm J:1.1747e+00A/cm2 ğ›’:5.1145e+00ğ›€ cm
2023-05-19 10:07:54,492 INFO Measurement at current 0.1286934673366834
2023-05-19 10:07:55,091 INFO T:203.88Â°K V:3.8639e-01V I:1.2869e-01A R:3.0024e+00ğ›€ E:6.0373e+00V/cm J:1.1807e+00A/cm2 ğ›’:5.1134e+00ğ›€ cm
2023-05-19 10:07:55,128 INFO Measurement at current 0.1293467336683417
2023-05-19 10:07:55,721 INFO T:203.88Â°K V:3.8827e-01V I:1.2935e-01A R:3.0017e+00ğ›€ E:6.0666e+00V/cm J:1.1867e+00A/cm2 ğ›’:5.1123e+00ğ›€ cm
2023-05-19 10:07:55,846 INFO Measurement at current 0.13
2023-05-19 10:07:56,440 INFO T:203.89Â°K V:3.9018e-01V I:1.3000e-01A R:3.0014e+00ğ›€ E:6.0966e+00V/cm J:1.1927e+00A/cm2 ğ›’:5.1118e+00ğ›€ cm
2023-05-19 10:11:35,783 INFO Save the description file
2023-05-19 10:11:35,786 INFO Save data in numpy format Esperimenti/CPRO_MUSA_180523_I_V/CPRO_MUSA_180523_I_V_current_from_0_to_1300e-4A/CPRO_MUSA_180523_I_V_current_from_0_to_1300e-4A-20230519101134
2023-05-19 10:11:35,818 INFO Save data in CSV format Esperimenti/CPRO_MUSA_180523_I_V/CPRO_MUSA_180523_I_V_current_from_0_to_1300e-4A/CPRO_MUSA_180523_I_V_current_from_0_to_1300e-4A-20230519101134.csv
2023-05-19 10:11:35,834 INFO Save plot as image Esperimenti/CPRO_MUSA_180523_I_V/CPRO_MUSA_180523_I_V_current_from_0_to_1300e-4A/CPRO_MUSA_180523_I_V_current_from_0_to_1300e-4A-20230519101134.png
