2023-05-19 10:33:03,339 INFO ### Start experiment: CPRO_MUSA_180523_I_V current from 0 to 1300e-4A ###
2023-05-19 10:33:04,687 INFO Found Multimeter KEITHLEY INSTRUMENTS INC.,MODEL 2700,0884890,B03  /A02  

2023-05-19 10:33:05,724 INFO Found Nanovolt Meter KEITHLEY INSTRUMENTS INC.,MODEL 2182A,4056474,C03  /A02  

2023-05-19 10:33:05,845 INFO Found Source Meter KEITHLEY INSTRUMENTS INC.,MODEL 2400,0945684,C24   Feb 14 2002 11:59:45/A02  /K/H

2023-05-19 10:33:05,966 INFO Start the measurement loop
2023-05-19 10:33:11,635 INFO Measurement at current 0.0
2023-05-19 10:33:12,562 INFO T:213.67Â°K V:2.9275e-06V I:0.0000e+00A R:infğ›€ E:4.5743e-05V/cm J:0.0000e+00A/cm2 ğ›’:infğ›€ cm
2023-05-19 10:33:12,593 INFO Measurement at current 0.0006532663316582914
2023-05-19 10:33:13,194 INFO T:213.68Â°K V:1.8781e-03V I:6.5327e-04A R:2.8749e+00ğ›€ E:2.9345e-02V/cm J:5.9933e-03A/cm2 ğ›’:4.8963e+00ğ›€ cm
2023-05-19 10:33:13,212 INFO Measurement at current 0.0013065326633165829
2023-05-19 10:33:13,807 INFO T:213.68Â°K V:3.7529e-03V I:1.3065e-03A R:2.8724e+00ğ›€ E:5.8639e-02V/cm J:1.1987e-02A/cm2 ğ›’:4.8921e+00ğ›€ cm
2023-05-19 10:33:13,823 INFO Measurement at current 0.001959798994974874
2023-05-19 10:33:14,424 INFO T:213.68Â°K V:5.6295e-03V I:1.9598e-03A R:2.8725e+00ğ›€ E:8.7961e-02V/cm J:1.7980e-02A/cm2 ğ›’:4.8922e+00ğ›€ cm
2023-05-19 10:33:14,440 INFO Measurement at current 0.0026130653266331657
2023-05-19 10:33:15,029 INFO T:213.69Â°K V:7.5026e-03V I:2.6131e-03A R:2.8712e+00ğ›€ E:1.1723e-01V/cm J:2.3973e-02A/cm2 ğ›’:4.8900e+00ğ›€ cm
2023-05-19 10:33:15,052 INFO Measurement at current 0.0032663316582914573
2023-05-19 10:33:15,654 INFO T:213.69Â°K V:9.3790e-03V I:3.2663e-03A R:2.8714e+00ğ›€ E:1.4655e-01V/cm J:2.9966e-02A/cm2 ğ›’:4.8904e+00ğ›€ cm
2023-05-19 10:33:15,673 INFO Measurement at current 0.003919597989949748
2023-05-19 10:33:16,275 INFO T:213.69Â°K V:1.1253e-02V I:3.9196e-03A R:2.8709e+00ğ›€ E:1.7583e-01V/cm J:3.5960e-02A/cm2 ğ›’:4.8895e+00ğ›€ cm
2023-05-19 10:33:16,293 INFO Measurement at current 0.00457286432160804
2023-05-19 10:33:17,738 INFO T:213.70Â°K V:1.3126e-02V I:4.5729e-03A R:2.8705e+00ğ›€ E:2.0510e-01V/cm J:4.1953e-02A/cm2 ğ›’:4.8888e+00ğ›€ cm
2023-05-19 10:33:17,757 INFO Measurement at current 0.0052261306532663315
2023-05-19 10:33:18,343 INFO T:213.70Â°K V:1.5000e-02V I:5.2261e-03A R:2.8702e+00ğ›€ E:2.3437e-01V/cm J:4.7946e-02A/cm2 ğ›’:4.8882e+00ğ›€ cm
2023-05-19 10:33:18,364 INFO Measurement at current 0.005879396984924623
2023-05-19 10:33:18,953 INFO T:213.71Â°K V:1.6875e-02V I:5.8794e-03A R:2.8703e+00ğ›€ E:2.6368e-01V/cm J:5.3939e-02A/cm2 ğ›’:4.8884e+00ğ›€ cm
2023-05-19 10:33:18,970 INFO Measurement at current 0.006532663316582915
2023-05-19 10:33:19,560 INFO T:213.71Â°K V:1.8748e-02V I:6.5327e-03A R:2.8700e+00ğ›€ E:2.9294e-01V/cm J:5.9933e-02A/cm2 ğ›’:4.8879e+00ğ›€ cm
2023-05-19 10:33:19,582 INFO Measurement at current 0.007185929648241206
2023-05-19 10:33:20,184 INFO T:213.71Â°K V:2.0623e-02V I:7.1859e-03A R:2.8700e+00ğ›€ E:3.2224e-01V/cm J:6.5926e-02A/cm2 ğ›’:4.8879e+00ğ›€ cm
2023-05-19 10:33:20,216 INFO Measurement at current 0.007839195979899497
2023-05-19 10:33:20,808 INFO T:213.72Â°K V:2.2496e-02V I:7.8392e-03A R:2.8697e+00ğ›€ E:3.5151e-01V/cm J:7.1919e-02A/cm2 ğ›’:4.8875e+00ğ›€ cm
2023-05-19 10:33:20,822 INFO Measurement at current 0.00849246231155779
2023-05-19 10:33:21,409 INFO T:213.72Â°K V:2.4371e-02V I:8.4925e-03A R:2.8697e+00ğ›€ E:3.8080e-01V/cm J:7.7912e-02A/cm2 ğ›’:4.8875e+00ğ›€ cm
2023-05-19 10:33:21,425 INFO Measurement at current 0.00914572864321608
2023-05-19 10:33:22,019 INFO T:213.73Â°K V:2.6244e-02V I:9.1457e-03A R:2.8695e+00ğ›€ E:4.1006e-01V/cm J:8.3906e-02A/cm2 ğ›’:4.8872e+00ğ›€ cm
2023-05-19 10:33:22,036 INFO Measurement at current 0.009798994974874372
2023-05-19 10:33:22,627 INFO T:213.73Â°K V:2.8119e-02V I:9.7990e-03A R:2.8695e+00ğ›€ E:4.3935e-01V/cm J:8.9899e-02A/cm2 ğ›’:4.8872e+00ğ›€ cm
2023-05-19 10:33:22,643 INFO Measurement at current 0.010452261306532663
2023-05-19 10:33:23,231 INFO T:213.73Â°K V:2.9994e-02V I:1.0452e-02A R:2.8696e+00ğ›€ E:4.6865e-01V/cm J:9.5892e-02A/cm2 ğ›’:4.8873e+00ğ›€ cm
2023-05-19 10:33:23,255 INFO Measurement at current 0.011105527638190954
2023-05-19 10:33:23,856 INFO T:213.74Â°K V:3.1866e-02V I:1.1106e-02A R:2.8694e+00ğ›€ E:4.9791e-01V/cm J:1.0189e-01A/cm2 ğ›’:4.8869e+00ğ›€ cm
2023-05-19 10:33:23,880 INFO Measurement at current 0.011758793969849246
2023-05-19 10:33:24,481 INFO T:213.74Â°K V:3.3745e-02V I:1.1759e-02A R:2.8698e+00ğ›€ E:5.2726e-01V/cm J:1.0788e-01A/cm2 ğ›’:4.8875e+00ğ›€ cm
2023-05-19 10:33:24,498 INFO Measurement at current 0.012412060301507537
2023-05-19 10:33:25,081 INFO T:213.74Â°K V:3.5610e-02V I:1.2412e-02A R:2.8690e+00ğ›€ E:5.5640e-01V/cm J:1.1387e-01A/cm2 ğ›’:4.8862e+00ğ›€ cm
2023-05-19 10:33:25,096 INFO Measurement at current 0.01306532663316583
2023-05-19 10:33:25,687 INFO T:213.75Â°K V:3.7489e-02V I:1.3065e-02A R:2.8693e+00ğ›€ E:5.8576e-01V/cm J:1.1987e-01A/cm2 ğ›’:4.8868e+00ğ›€ cm
2023-05-19 10:33:25,710 INFO Measurement at current 0.01371859296482412
2023-05-19 10:33:26,312 INFO T:213.75Â°K V:3.9369e-02V I:1.3719e-02A R:2.8698e+00ğ›€ E:6.1514e-01V/cm J:1.2586e-01A/cm2 ğ›’:4.8876e+00ğ›€ cm
2023-05-19 10:33:26,335 INFO Measurement at current 0.014371859296482412
2023-05-19 10:33:26,938 INFO T:213.75Â°K V:4.1231e-02V I:1.4372e-02A R:2.8689e+00ğ›€ E:6.4423e-01V/cm J:1.3185e-01A/cm2 ğ›’:4.8860e+00ğ›€ cm
2023-05-19 10:33:26,959 INFO Measurement at current 0.015025125628140703
2023-05-19 10:33:27,560 INFO T:213.76Â°K V:4.3111e-02V I:1.5025e-02A R:2.8693e+00ğ›€ E:6.7361e-01V/cm J:1.3785e-01A/cm2 ğ›’:4.8867e+00ğ›€ cm
2023-05-19 10:33:27,576 INFO Measurement at current 0.015678391959798994
2023-05-19 10:33:28,162 INFO T:213.76Â°K V:4.4992e-02V I:1.5678e-02A R:2.8697e+00ğ›€ E:7.0300e-01V/cm J:1.4384e-01A/cm2 ğ›’:4.8874e+00ğ›€ cm
2023-05-19 10:33:28,185 INFO Measurement at current 0.016331658291457284
2023-05-19 10:33:28,775 INFO T:213.76Â°K V:4.6858e-02V I:1.6332e-02A R:2.8692e+00ğ›€ E:7.3216e-01V/cm J:1.4983e-01A/cm2 ğ›’:4.8865e+00ğ›€ cm
2023-05-19 10:33:28,799 INFO Measurement at current 0.01698492462311558
2023-05-19 10:33:29,405 INFO T:213.77Â°K V:4.8738e-02V I:1.6985e-02A R:2.8695e+00ğ›€ E:7.6153e-01V/cm J:1.5582e-01A/cm2 ğ›’:4.8871e+00ğ›€ cm
2023-05-19 10:33:29,430 INFO Measurement at current 0.01763819095477387
2023-05-19 10:33:30,040 INFO T:213.77Â°K V:5.0619e-02V I:1.7638e-02A R:2.8698e+00ğ›€ E:7.9091e-01V/cm J:1.6182e-01A/cm2 ğ›’:4.8877e+00ğ›€ cm
2023-05-19 10:33:30,065 INFO Measurement at current 0.01829145728643216
2023-05-19 10:33:30,656 INFO T:213.77Â°K V:5.2480e-02V I:1.8291e-02A R:2.8691e+00ğ›€ E:8.2000e-01V/cm J:1.6781e-01A/cm2 ğ›’:4.8864e+00ğ›€ cm
2023-05-19 10:33:30,688 INFO Measurement at current 0.01894472361809045
2023-05-19 10:33:31,281 INFO T:213.78Â°K V:5.4361e-02V I:1.8945e-02A R:2.8694e+00ğ›€ E:8.4939e-01V/cm J:1.7380e-01A/cm2 ğ›’:4.8870e+00ğ›€ cm
2023-05-19 10:33:31,297 INFO Measurement at current 0.019597989949748745
2023-05-19 10:33:31,887 INFO T:213.78Â°K V:5.6241e-02V I:1.9598e-02A R:2.8697e+00ğ›€ E:8.7876e-01V/cm J:1.7980e-01A/cm2 ğ›’:4.8875e+00ğ›€ cm
2023-05-19 10:33:31,909 INFO Measurement at current 0.020251256281407035
2023-05-19 10:33:32,516 INFO T:213.79Â°K V:5.8106e-02V I:2.0251e-02A R:2.8693e+00ğ›€ E:9.0791e-01V/cm J:1.8579e-01A/cm2 ğ›’:4.8867e+00ğ›€ cm
2023-05-19 10:33:32,542 INFO Measurement at current 0.020904522613065326
2023-05-19 10:33:33,140 INFO T:213.79Â°K V:5.9984e-02V I:2.0905e-02A R:2.8694e+00ğ›€ E:9.3726e-01V/cm J:1.9178e-01A/cm2 ğ›’:4.8870e+00ğ›€ cm
2023-05-19 10:33:33,166 INFO Measurement at current 0.021557788944723617
2023-05-19 10:33:33,764 INFO T:213.79Â°K V:6.1858e-02V I:2.1558e-02A R:2.8694e+00ğ›€ E:9.6653e-01V/cm J:1.9778e-01A/cm2 ğ›’:4.8869e+00ğ›€ cm
2023-05-19 10:33:33,794 INFO Measurement at current 0.022211055276381907
2023-05-19 10:33:34,390 INFO T:213.80Â°K V:6.3722e-02V I:2.2211e-02A R:2.8689e+00ğ›€ E:9.9565e-01V/cm J:2.0377e-01A/cm2 ğ›’:4.8861e+00ğ›€ cm
2023-05-19 10:33:34,412 INFO Measurement at current 0.0228643216080402
2023-05-19 10:33:35,012 INFO T:213.80Â°K V:6.5600e-02V I:2.2864e-02A R:2.8691e+00ğ›€ E:1.0250e+00V/cm J:2.0976e-01A/cm2 ğ›’:4.8864e+00ğ›€ cm
2023-05-19 10:33:35,036 INFO Measurement at current 0.023517587939698492
2023-05-19 10:33:35,635 INFO T:213.80Â°K V:6.7477e-02V I:2.3518e-02A R:2.8692e+00ğ›€ E:1.0543e+00V/cm J:2.1576e-01A/cm2 ğ›’:4.8866e+00ğ›€ cm
2023-05-19 10:33:35,651 INFO Measurement at current 0.024170854271356783
2023-05-19 10:33:36,243 INFO T:213.81Â°K V:6.9340e-02V I:2.4171e-02A R:2.8687e+00ğ›€ E:1.0834e+00V/cm J:2.2175e-01A/cm2 ğ›’:4.8858e+00ğ›€ cm
2023-05-19 10:33:36,260 INFO Measurement at current 0.024824120603015074
2023-05-19 10:33:36,854 INFO T:213.81Â°K V:7.1218e-02V I:2.4824e-02A R:2.8689e+00ğ›€ E:1.1128e+00V/cm J:2.2774e-01A/cm2 ğ›’:4.8861e+00ğ›€ cm
2023-05-19 10:33:36,904 INFO Measurement at current 0.025477386934673368
2023-05-19 10:33:37,496 INFO T:213.82Â°K V:7.3076e-02V I:2.5477e-02A R:2.8683e+00ğ›€ E:1.1418e+00V/cm J:2.3374e-01A/cm2 ğ›’:4.8850e+00ğ›€ cm
2023-05-19 10:33:37,519 INFO Measurement at current 0.02613065326633166
2023-05-19 10:33:38,118 INFO T:213.82Â°K V:7.4954e-02V I:2.6131e-02A R:2.8684e+00ğ›€ E:1.1712e+00V/cm J:2.3973e-01A/cm2 ğ›’:4.8853e+00ğ›€ cm
2023-05-19 10:33:38,141 INFO Measurement at current 0.02678391959798995
2023-05-19 10:33:38,732 INFO T:213.82Â°K V:7.6831e-02V I:2.6784e-02A R:2.8686e+00ğ›€ E:1.2005e+00V/cm J:2.4572e-01A/cm2 ğ›’:4.8855e+00ğ›€ cm
2023-05-19 10:33:38,750 INFO Measurement at current 0.02743718592964824
2023-05-19 10:33:39,339 INFO T:213.83Â°K V:7.8697e-02V I:2.7437e-02A R:2.8683e+00ğ›€ E:1.2296e+00V/cm J:2.5172e-01A/cm2 ğ›’:4.8850e+00ğ›€ cm
2023-05-19 10:33:39,357 INFO Measurement at current 0.02809045226130653
2023-05-19 10:33:39,946 INFO T:213.83Â°K V:8.0577e-02V I:2.8090e-02A R:2.8685e+00ğ›€ E:1.2590e+00V/cm J:2.5771e-01A/cm2 ğ›’:4.8854e+00ğ›€ cm
2023-05-19 10:33:39,961 INFO Measurement at current 0.028743718592964825
2023-05-19 10:33:40,554 INFO T:213.83Â°K V:8.2451e-02V I:2.8744e-02A R:2.8685e+00ğ›€ E:1.2883e+00V/cm J:2.6370e-01A/cm2 ğ›’:4.8854e+00ğ›€ cm
2023-05-19 10:33:40,580 INFO Measurement at current 0.029396984924623115
2023-05-19 10:33:41,187 INFO T:213.84Â°K V:8.4316e-02V I:2.9397e-02A R:2.8682e+00ğ›€ E:1.3174e+00V/cm J:2.6970e-01A/cm2 ğ›’:4.8849e+00ğ›€ cm
2023-05-19 10:33:41,206 INFO Measurement at current 0.030050251256281406
2023-05-19 10:33:41,797 INFO T:213.84Â°K V:8.6196e-02V I:3.0050e-02A R:2.8684e+00ğ›€ E:1.3468e+00V/cm J:2.7569e-01A/cm2 ğ›’:4.8852e+00ğ›€ cm
2023-05-19 10:33:41,818 INFO Measurement at current 0.030703517587939697
2023-05-19 10:33:42,405 INFO T:213.85Â°K V:8.8074e-02V I:3.0704e-02A R:2.8685e+00ğ›€ E:1.3762e+00V/cm J:2.8168e-01A/cm2 ğ›’:4.8855e+00ğ›€ cm
2023-05-19 10:33:42,421 INFO Measurement at current 0.03135678391959799
2023-05-19 10:33:43,015 INFO T:213.85Â°K V:8.9939e-02V I:3.1357e-02A R:2.8683e+00ğ›€ E:1.4053e+00V/cm J:2.8768e-01A/cm2 ğ›’:4.8850e+00ğ›€ cm
2023-05-19 10:33:43,031 INFO Measurement at current 0.03201005025125628
2023-05-19 10:33:43,619 INFO T:213.85Â°K V:9.1813e-02V I:3.2010e-02A R:2.8683e+00ğ›€ E:1.4346e+00V/cm J:2.9367e-01A/cm2 ğ›’:4.8850e+00ğ›€ cm
2023-05-19 10:33:43,641 INFO Measurement at current 0.03266331658291457
2023-05-19 10:33:44,242 INFO T:213.86Â°K V:9.3693e-02V I:3.2663e-02A R:2.8684e+00ğ›€ E:1.4639e+00V/cm J:2.9966e-01A/cm2 ğ›’:4.8853e+00ğ›€ cm
2023-05-19 10:33:44,256 INFO Measurement at current 0.033316582914572866
2023-05-19 10:33:44,845 INFO T:213.86Â°K V:9.5557e-02V I:3.3317e-02A R:2.8682e+00ğ›€ E:1.4931e+00V/cm J:3.0566e-01A/cm2 ğ›’:4.8848e+00ğ›€ cm
2023-05-19 10:33:44,859 INFO Measurement at current 0.03396984924623116
2023-05-19 10:33:45,445 INFO T:213.86Â°K V:9.7435e-02V I:3.3970e-02A R:2.8683e+00ğ›€ E:1.5224e+00V/cm J:3.1165e-01A/cm2 ğ›’:4.8851e+00ğ›€ cm
2023-05-19 10:33:45,473 INFO Measurement at current 0.03462311557788945
2023-05-19 10:33:46,097 INFO T:213.87Â°K V:9.9312e-02V I:3.4623e-02A R:2.8684e+00ğ›€ E:1.5518e+00V/cm J:3.1764e-01A/cm2 ğ›’:4.8852e+00ğ›€ cm
2023-05-19 10:33:46,117 INFO Measurement at current 0.03527638190954774
2023-05-19 10:33:46,706 INFO T:213.87Â°K V:1.0117e-01V I:3.5276e-02A R:2.8680e+00ğ›€ E:1.5808e+00V/cm J:3.2364e-01A/cm2 ğ›’:4.8846e+00ğ›€ cm
2023-05-19 10:33:46,721 INFO Measurement at current 0.03592964824120603
2023-05-19 10:33:47,318 INFO T:213.88Â°K V:1.0305e-01V I:3.5930e-02A R:2.8680e+00ğ›€ E:1.6101e+00V/cm J:3.2963e-01A/cm2 ğ›’:4.8846e+00ğ›€ cm
2023-05-19 10:33:47,337 INFO Measurement at current 0.03658291457286432
2023-05-19 10:33:47,936 INFO T:213.88Â°K V:1.0492e-01V I:3.6583e-02A R:2.8681e+00ğ›€ E:1.6394e+00V/cm J:3.3562e-01A/cm2 ğ›’:4.8847e+00ğ›€ cm
2023-05-19 10:33:47,953 INFO Measurement at current 0.03723618090452261
2023-05-19 10:33:48,541 INFO T:213.88Â°K V:1.0678e-01V I:3.7236e-02A R:2.8678e+00ğ›€ E:1.6685e+00V/cm J:3.4162e-01A/cm2 ğ›’:4.8842e+00ğ›€ cm
2023-05-19 10:33:48,560 INFO Measurement at current 0.0378894472361809
2023-05-19 10:33:49,156 INFO T:213.89Â°K V:1.0866e-01V I:3.7889e-02A R:2.8678e+00ğ›€ E:1.6978e+00V/cm J:3.4761e-01A/cm2 ğ›’:4.8843e+00ğ›€ cm
2023-05-19 10:33:49,184 INFO Measurement at current 0.03854271356783919
2023-05-19 10:33:49,779 INFO T:213.89Â°K V:1.1054e-01V I:3.8543e-02A R:2.8679e+00ğ›€ E:1.7271e+00V/cm J:3.5360e-01A/cm2 ğ›’:4.8844e+00ğ›€ cm
2023-05-19 10:33:49,801 INFO Measurement at current 0.03919597989949749
2023-05-19 10:33:50,418 INFO T:213.89Â°K V:1.1239e-01V I:3.9196e-02A R:2.8675e+00ğ›€ E:1.7562e+00V/cm J:3.5960e-01A/cm2 ğ›’:4.8837e+00ğ›€ cm
2023-05-19 10:33:50,440 INFO Measurement at current 0.03984924623115578
2023-05-19 10:33:51,051 INFO T:213.90Â°K V:1.1427e-01V I:3.9849e-02A R:2.8675e+00ğ›€ E:1.7855e+00V/cm J:3.6559e-01A/cm2 ğ›’:4.8838e+00ğ›€ cm
2023-05-19 10:33:51,081 INFO Measurement at current 0.04050251256281407
2023-05-19 10:33:51,688 INFO T:213.90Â°K V:1.1615e-01V I:4.0503e-02A R:2.8676e+00ğ›€ E:1.8148e+00V/cm J:3.7158e-01A/cm2 ğ›’:4.8839e+00ğ›€ cm
2023-05-19 10:33:51,709 INFO Measurement at current 0.04115577889447236
2023-05-19 10:33:52,301 INFO T:213.91Â°K V:1.1801e-01V I:4.1156e-02A R:2.8674e+00ğ›€ E:1.8439e+00V/cm J:3.7758e-01A/cm2 ğ›’:4.8836e+00ğ›€ cm
2023-05-19 10:33:52,325 INFO Measurement at current 0.04180904522613065
2023-05-19 10:33:52,917 INFO T:213.91Â°K V:1.1989e-01V I:4.1809e-02A R:2.8675e+00ğ›€ E:1.8733e+00V/cm J:3.8357e-01A/cm2 ğ›’:4.8838e+00ğ›€ cm
2023-05-19 10:33:52,938 INFO Measurement at current 0.04246231155778894
2023-05-19 10:33:54,265 INFO T:213.92Â°K V:1.2174e-01V I:4.2462e-02A R:2.8671e+00ğ›€ E:1.9023e+00V/cm J:3.8956e-01A/cm2 ğ›’:4.8830e+00ğ›€ cm
2023-05-19 10:33:54,283 INFO Measurement at current 0.04311557788944723
2023-05-19 10:33:54,867 INFO T:213.92Â°K V:1.2362e-01V I:4.3116e-02A R:2.8672e+00ğ›€ E:1.9316e+00V/cm J:3.9556e-01A/cm2 ğ›’:4.8832e+00ğ›€ cm
2023-05-19 10:33:54,885 INFO Measurement at current 0.043768844221105524
2023-05-19 10:33:55,480 INFO T:213.93Â°K V:1.2550e-01V I:4.3769e-02A R:2.8673e+00ğ›€ E:1.9609e+00V/cm J:4.0155e-01A/cm2 ğ›’:4.8833e+00ğ›€ cm
2023-05-19 10:33:55,508 INFO Measurement at current 0.044422110552763815
2023-05-19 10:33:56,101 INFO T:213.93Â°K V:1.2736e-01V I:4.4422e-02A R:2.8671e+00ğ›€ E:1.9900e+00V/cm J:4.0754e-01A/cm2 ğ›’:4.8830e+00ğ›€ cm
2023-05-19 10:33:56,132 INFO Measurement at current 0.04507537688442211
2023-05-19 10:33:56,737 INFO T:213.93Â°K V:1.2924e-01V I:4.5075e-02A R:2.8672e+00ğ›€ E:2.0194e+00V/cm J:4.1354e-01A/cm2 ğ›’:4.8831e+00ğ›€ cm
2023-05-19 10:33:56,784 INFO Measurement at current 0.0457286432160804
2023-05-19 10:33:57,375 INFO T:213.94Â°K V:1.3112e-01V I:4.5729e-02A R:2.8672e+00ğ›€ E:2.0487e+00V/cm J:4.1953e-01A/cm2 ğ›’:4.8833e+00ğ›€ cm
2023-05-19 10:33:57,397 INFO Measurement at current 0.046381909547738694
2023-05-19 10:33:58,004 INFO T:213.94Â°K V:1.3297e-01V I:4.6382e-02A R:2.8669e+00ğ›€ E:2.0777e+00V/cm J:4.2552e-01A/cm2 ğ›’:4.8828e+00ğ›€ cm
2023-05-19 10:33:58,023 INFO Measurement at current 0.047035175879396984
2023-05-19 10:33:58,614 INFO T:213.95Â°K V:1.3485e-01V I:4.7035e-02A R:2.8670e+00ğ›€ E:2.1070e+00V/cm J:4.3152e-01A/cm2 ğ›’:4.8829e+00ğ›€ cm
2023-05-19 10:33:58,636 INFO Measurement at current 0.047688442211055275
2023-05-19 10:33:59,236 INFO T:213.95Â°K V:1.3673e-01V I:4.7688e-02A R:2.8671e+00ğ›€ E:2.1364e+00V/cm J:4.3751e-01A/cm2 ğ›’:4.8830e+00ğ›€ cm
2023-05-19 10:33:59,266 INFO Measurement at current 0.048341708542713566
2023-05-19 10:33:59,855 INFO T:213.95Â°K V:1.3859e-01V I:4.8342e-02A R:2.8668e+00ğ›€ E:2.1654e+00V/cm J:4.4350e-01A/cm2 ğ›’:4.8826e+00ğ›€ cm
2023-05-19 10:33:59,872 INFO Measurement at current 0.048994974874371856
2023-05-19 10:34:00,489 INFO T:213.96Â°K V:1.4046e-01V I:4.8995e-02A R:2.8669e+00ğ›€ E:2.1947e+00V/cm J:4.4950e-01A/cm2 ğ›’:4.8826e+00ğ›€ cm
2023-05-19 10:34:00,518 INFO Measurement at current 0.04964824120603015
2023-05-19 10:34:01,120 INFO T:213.96Â°K V:1.4233e-01V I:4.9648e-02A R:2.8668e+00ğ›€ E:2.2239e+00V/cm J:4.5549e-01A/cm2 ğ›’:4.8825e+00ğ›€ cm
2023-05-19 10:34:01,138 INFO Measurement at current 0.05030150753768844
2023-05-19 10:34:01,740 INFO T:213.97Â°K V:1.4419e-01V I:5.0302e-02A R:2.8665e+00ğ›€ E:2.2530e+00V/cm J:4.6148e-01A/cm2 ğ›’:4.8821e+00ğ›€ cm
2023-05-19 10:34:01,755 INFO Measurement at current 0.050954773869346735
2023-05-19 10:34:02,357 INFO T:213.97Â°K V:1.4607e-01V I:5.0955e-02A R:2.8666e+00ğ›€ E:2.2823e+00V/cm J:4.6747e-01A/cm2 ğ›’:4.8821e+00ğ›€ cm
2023-05-19 10:34:02,395 INFO Measurement at current 0.051608040201005026
2023-05-19 10:34:02,994 INFO T:213.97Â°K V:1.4794e-01V I:5.1608e-02A R:2.8666e+00ğ›€ E:2.3115e+00V/cm J:4.7347e-01A/cm2 ğ›’:4.8822e+00ğ›€ cm
2023-05-19 10:34:03,008 INFO Measurement at current 0.05226130653266332
2023-05-19 10:34:03,596 INFO T:213.98Â°K V:1.4980e-01V I:5.2261e-02A R:2.8663e+00ğ›€ E:2.3406e+00V/cm J:4.7946e-01A/cm2 ğ›’:4.8817e+00ğ›€ cm
2023-05-19 10:34:03,621 INFO Measurement at current 0.05291457286432161
2023-05-19 10:34:04,228 INFO T:213.98Â°K V:1.5167e-01V I:5.2915e-02A R:2.8664e+00ğ›€ E:2.3699e+00V/cm J:4.8545e-01A/cm2 ğ›’:4.8818e+00ğ›€ cm
2023-05-19 10:34:04,243 INFO Measurement at current 0.0535678391959799
2023-05-19 10:34:04,842 INFO T:213.98Â°K V:1.5354e-01V I:5.3568e-02A R:2.8663e+00ğ›€ E:2.3991e+00V/cm J:4.9145e-01A/cm2 ğ›’:4.8817e+00ğ›€ cm
2023-05-19 10:34:04,864 INFO Measurement at current 0.05422110552763819
2023-05-19 10:34:05,484 INFO T:213.99Â°K V:1.5540e-01V I:5.4221e-02A R:2.8661e+00ğ›€ E:2.4281e+00V/cm J:4.9744e-01A/cm2 ğ›’:4.8813e+00ğ›€ cm
2023-05-19 10:34:05,507 INFO Measurement at current 0.05487437185929648
2023-05-19 10:34:06,100 INFO T:213.99Â°K V:1.5728e-01V I:5.4874e-02A R:2.8661e+00ğ›€ E:2.4575e+00V/cm J:5.0343e-01A/cm2 ğ›’:4.8814e+00ğ›€ cm
2023-05-19 10:34:06,116 INFO Measurement at current 0.05552763819095477
2023-05-19 10:34:06,701 INFO T:214.00Â°K V:1.5915e-01V I:5.5528e-02A R:2.8662e+00ğ›€ E:2.4868e+00V/cm J:5.0943e-01A/cm2 ğ›’:4.8815e+00ğ›€ cm
2023-05-19 10:34:06,725 INFO Measurement at current 0.05618090452261306
2023-05-19 10:34:07,308 INFO T:214.00Â°K V:1.6101e-01V I:5.6181e-02A R:2.8660e+00ğ›€ E:2.5158e+00V/cm J:5.1542e-01A/cm2 ğ›’:4.8811e+00ğ›€ cm
2023-05-19 10:34:07,323 INFO Measurement at current 0.05683417085427136
2023-05-19 10:34:07,922 INFO T:214.00Â°K V:1.6288e-01V I:5.6834e-02A R:2.8660e+00ğ›€ E:2.5451e+00V/cm J:5.2141e-01A/cm2 ğ›’:4.8811e+00ğ›€ cm
2023-05-19 10:34:07,954 INFO Measurement at current 0.05748743718592965
2023-05-19 10:34:08,547 INFO T:214.01Â°K V:1.6474e-01V I:5.7487e-02A R:2.8657e+00ğ›€ E:2.5741e+00V/cm J:5.2741e-01A/cm2 ğ›’:4.8807e+00ğ›€ cm
2023-05-19 10:34:08,568 INFO Measurement at current 0.05814070351758794
2023-05-19 10:34:09,163 INFO T:214.01Â°K V:1.6662e-01V I:5.8141e-02A R:2.8658e+00ğ›€ E:2.6034e+00V/cm J:5.3340e-01A/cm2 ğ›’:4.8808e+00ğ›€ cm
2023-05-19 10:34:09,180 INFO Measurement at current 0.05879396984924623
2023-05-19 10:34:09,765 INFO T:214.02Â°K V:1.6849e-01V I:5.8794e-02A R:2.8658e+00ğ›€ E:2.6327e+00V/cm J:5.3939e-01A/cm2 ğ›’:4.8809e+00ğ›€ cm
2023-05-19 10:34:09,783 INFO Measurement at current 0.05944723618090452
2023-05-19 10:34:10,395 INFO T:214.02Â°K V:1.7035e-01V I:5.9447e-02A R:2.8656e+00ğ›€ E:2.6618e+00V/cm J:5.4539e-01A/cm2 ğ›’:4.8805e+00ğ›€ cm
2023-05-19 10:34:10,447 INFO Measurement at current 0.06010050251256281
2023-05-19 10:34:11,040 INFO T:214.02Â°K V:1.7222e-01V I:6.0101e-02A R:2.8656e+00ğ›€ E:2.6910e+00V/cm J:5.5138e-01A/cm2 ğ›’:4.8805e+00ğ›€ cm
2023-05-19 10:34:11,061 INFO Measurement at current 0.0607537688442211
2023-05-19 10:34:11,646 INFO T:214.03Â°K V:1.7410e-01V I:6.0754e-02A R:2.8656e+00ğ›€ E:2.7203e+00V/cm J:5.5737e-01A/cm2 ğ›’:4.8805e+00ğ›€ cm
2023-05-19 10:34:11,660 INFO Measurement at current 0.06140703517587939
2023-05-19 10:34:12,240 INFO T:214.03Â°K V:1.7596e-01V I:6.1407e-02A R:2.8654e+00ğ›€ E:2.7493e+00V/cm J:5.6337e-01A/cm2 ğ›’:4.8801e+00ğ›€ cm
2023-05-19 10:34:12,255 INFO Measurement at current 0.062060301507537684
2023-05-19 10:34:12,853 INFO T:214.03Â°K V:1.7783e-01V I:6.2060e-02A R:2.8654e+00ğ›€ E:2.7786e+00V/cm J:5.6936e-01A/cm2 ğ›’:4.8801e+00ğ›€ cm
2023-05-19 10:34:12,871 INFO Measurement at current 0.06271356783919597
2023-05-19 10:34:13,477 INFO T:214.04Â°K V:1.7970e-01V I:6.2714e-02A R:2.8654e+00ğ›€ E:2.8078e+00V/cm J:5.7535e-01A/cm2 ğ›’:4.8801e+00ğ›€ cm
2023-05-19 10:34:13,495 INFO Measurement at current 0.06336683417085427
2023-05-19 10:34:14,083 INFO T:214.04Â°K V:1.8156e-01V I:6.3367e-02A R:2.8652e+00ğ›€ E:2.8368e+00V/cm J:5.8135e-01A/cm2 ğ›’:4.8797e+00ğ›€ cm
2023-05-19 10:34:14,102 INFO Measurement at current 0.06402010050251256
2023-05-19 10:34:14,712 INFO T:214.05Â°K V:1.8342e-01V I:6.4020e-02A R:2.8651e+00ğ›€ E:2.8660e+00V/cm J:5.8734e-01A/cm2 ğ›’:4.8796e+00ğ›€ cm
2023-05-19 10:34:14,728 INFO Measurement at current 0.06467336683417085
2023-05-19 10:34:15,328 INFO T:214.05Â°K V:1.8529e-01V I:6.4673e-02A R:2.8650e+00ğ›€ E:2.8952e+00V/cm J:5.9333e-01A/cm2 ğ›’:4.8795e+00ğ›€ cm
2023-05-19 10:34:15,366 INFO Measurement at current 0.06532663316582914
2023-05-19 10:34:15,969 INFO T:214.05Â°K V:1.8715e-01V I:6.5327e-02A R:2.8648e+00ğ›€ E:2.9242e+00V/cm J:5.9933e-01A/cm2 ğ›’:4.8791e+00ğ›€ cm
2023-05-19 10:34:16,012 INFO Measurement at current 0.06597989949748743
2023-05-19 10:34:16,602 INFO T:214.06Â°K V:1.8902e-01V I:6.5980e-02A R:2.8648e+00ğ›€ E:2.9534e+00V/cm J:6.0532e-01A/cm2 ğ›’:4.8791e+00ğ›€ cm
2023-05-19 10:34:16,622 INFO Measurement at current 0.06663316582914573
2023-05-19 10:34:17,221 INFO T:214.06Â°K V:1.9089e-01V I:6.6633e-02A R:2.8648e+00ğ›€ E:2.9826e+00V/cm J:6.1131e-01A/cm2 ğ›’:4.8791e+00ğ›€ cm
2023-05-19 10:34:17,252 INFO Measurement at current 0.06728643216080402
2023-05-19 10:34:17,841 INFO T:214.07Â°K V:1.9274e-01V I:6.7286e-02A R:2.8645e+00ğ›€ E:3.0116e+00V/cm J:6.1731e-01A/cm2 ğ›’:4.8786e+00ğ›€ cm
2023-05-19 10:34:17,862 INFO Measurement at current 0.06793969849246231
2023-05-19 10:34:18,465 INFO T:214.07Â°K V:1.9461e-01V I:6.7940e-02A R:2.8645e+00ğ›€ E:3.0408e+00V/cm J:6.2330e-01A/cm2 ğ›’:4.8786e+00ğ›€ cm
2023-05-19 10:34:18,503 INFO Measurement at current 0.0685929648241206
2023-05-19 10:34:19,099 INFO T:214.07Â°K V:1.9648e-01V I:6.8593e-02A R:2.8645e+00ğ›€ E:3.0701e+00V/cm J:6.2929e-01A/cm2 ğ›’:4.8786e+00ğ›€ cm
2023-05-19 10:34:19,134 INFO Measurement at current 0.0692462311557789
2023-05-19 10:34:19,718 INFO T:214.08Â°K V:1.9834e-01V I:6.9246e-02A R:2.8643e+00ğ›€ E:3.0991e+00V/cm J:6.3529e-01A/cm2 ğ›’:4.8782e+00ğ›€ cm
2023-05-19 10:34:19,734 INFO Measurement at current 0.06989949748743718
2023-05-19 10:34:20,337 INFO T:214.08Â°K V:2.0021e-01V I:6.9899e-02A R:2.8643e+00ğ›€ E:3.1283e+00V/cm J:6.4128e-01A/cm2 ğ›’:4.8783e+00ğ›€ cm
2023-05-19 10:34:20,366 INFO Measurement at current 0.07055276381909548
2023-05-19 10:34:20,959 INFO T:214.09Â°K V:2.0208e-01V I:7.0553e-02A R:2.8643e+00ğ›€ E:3.1576e+00V/cm J:6.4727e-01A/cm2 ğ›’:4.8783e+00ğ›€ cm
2023-05-19 10:34:20,975 INFO Measurement at current 0.07120603015075376
2023-05-19 10:34:21,573 INFO T:214.09Â°K V:2.0394e-01V I:7.1206e-02A R:2.8640e+00ğ›€ E:3.1865e+00V/cm J:6.5327e-01A/cm2 ğ›’:4.8778e+00ğ›€ cm
2023-05-19 10:34:21,610 INFO Measurement at current 0.07185929648241206
2023-05-19 10:34:22,196 INFO T:214.09Â°K V:2.0581e-01V I:7.1859e-02A R:2.8640e+00ğ›€ E:3.2157e+00V/cm J:6.5926e-01A/cm2 ğ›’:4.8778e+00ğ›€ cm
2023-05-19 10:34:22,214 INFO Measurement at current 0.07251256281407036
2023-05-19 10:34:22,804 INFO T:214.10Â°K V:2.0768e-01V I:7.2513e-02A R:2.8640e+00ğ›€ E:3.2450e+00V/cm J:6.6525e-01A/cm2 ğ›’:4.8778e+00ğ›€ cm
2023-05-19 10:34:22,832 INFO Measurement at current 0.07316582914572864
2023-05-19 10:34:23,431 INFO T:214.10Â°K V:2.0954e-01V I:7.3166e-02A R:2.8638e+00ğ›€ E:3.2740e+00V/cm J:6.7125e-01A/cm2 ğ›’:4.8775e+00ğ›€ cm
2023-05-19 10:34:23,462 INFO Measurement at current 0.07381909547738694
2023-05-19 10:34:24,048 INFO T:214.11Â°K V:2.1141e-01V I:7.3819e-02A R:2.8638e+00ğ›€ E:3.3032e+00V/cm J:6.7724e-01A/cm2 ğ›’:4.8775e+00ğ›€ cm
2023-05-19 10:34:24,068 INFO Measurement at current 0.07447236180904522
2023-05-19 10:34:24,664 INFO T:214.11Â°K V:2.1326e-01V I:7.4472e-02A R:2.8636e+00ğ›€ E:3.3321e+00V/cm J:6.8323e-01A/cm2 ğ›’:4.8770e+00ğ›€ cm
2023-05-19 10:34:24,701 INFO Measurement at current 0.07512562814070352
2023-05-19 10:34:25,295 INFO T:214.11Â°K V:2.1513e-01V I:7.5126e-02A R:2.8635e+00ğ›€ E:3.3613e+00V/cm J:6.8923e-01A/cm2 ğ›’:4.8770e+00ğ›€ cm
2023-05-19 10:34:25,318 INFO Measurement at current 0.0757788944723618
2023-05-19 10:34:25,917 INFO T:214.12Â°K V:2.1699e-01V I:7.5779e-02A R:2.8635e+00ğ›€ E:3.3905e+00V/cm J:6.9522e-01A/cm2 ğ›’:4.8769e+00ğ›€ cm
2023-05-19 10:34:25,947 INFO Measurement at current 0.0764321608040201
2023-05-19 10:34:26,540 INFO T:214.12Â°K V:2.1885e-01V I:7.6432e-02A R:2.8633e+00ğ›€ E:3.4195e+00V/cm J:7.0121e-01A/cm2 ğ›’:4.8765e+00ğ›€ cm
2023-05-19 10:34:26,558 INFO Measurement at current 0.07708542713567838
2023-05-19 10:34:27,152 INFO T:214.12Â°K V:2.2071e-01V I:7.7085e-02A R:2.8632e+00ğ›€ E:3.4487e+00V/cm J:7.0721e-01A/cm2 ğ›’:4.8765e+00ğ›€ cm
2023-05-19 10:34:27,169 INFO Measurement at current 0.07773869346733668
2023-05-19 10:34:27,759 INFO T:214.13Â°K V:2.2258e-01V I:7.7739e-02A R:2.8631e+00ğ›€ E:3.4778e+00V/cm J:7.1320e-01A/cm2 ğ›’:4.8763e+00ğ›€ cm
2023-05-19 10:34:27,775 INFO Measurement at current 0.07839195979899498
2023-05-19 10:34:28,382 INFO T:214.13Â°K V:2.2443e-01V I:7.8392e-02A R:2.8629e+00ğ›€ E:3.5067e+00V/cm J:7.1919e-01A/cm2 ğ›’:4.8759e+00ğ›€ cm
2023-05-19 10:34:28,417 INFO Measurement at current 0.07904522613065326
2023-05-19 10:34:29,005 INFO T:214.14Â°K V:2.2630e-01V I:7.9045e-02A R:2.8629e+00ğ›€ E:3.5359e+00V/cm J:7.2519e-01A/cm2 ğ›’:4.8758e+00ğ›€ cm
2023-05-19 10:34:29,026 INFO Measurement at current 0.07969849246231156
2023-05-19 10:34:29,636 INFO T:214.14Â°K V:2.2816e-01V I:7.9698e-02A R:2.8628e+00ğ›€ E:3.5650e+00V/cm J:7.3118e-01A/cm2 ğ›’:4.8757e+00ğ›€ cm
2023-05-19 10:34:29,656 INFO Measurement at current 0.08035175879396984
2023-05-19 10:34:30,247 INFO T:214.14Â°K V:2.3002e-01V I:8.0352e-02A R:2.8626e+00ğ›€ E:3.5940e+00V/cm J:7.3717e-01A/cm2 ğ›’:4.8754e+00ğ›€ cm
2023-05-19 10:34:30,268 INFO Measurement at current 0.08100502512562814
2023-05-19 10:34:30,879 INFO T:214.15Â°K V:2.3188e-01V I:8.1005e-02A R:2.8626e+00ğ›€ E:3.6232e+00V/cm J:7.4317e-01A/cm2 ğ›’:4.8753e+00ğ›€ cm
2023-05-19 10:34:30,899 INFO Measurement at current 0.08165829145728642
2023-05-19 10:34:31,497 INFO T:214.15Â°K V:2.3375e-01V I:8.1658e-02A R:2.8625e+00ğ›€ E:3.6523e+00V/cm J:7.4916e-01A/cm2 ğ›’:4.8752e+00ğ›€ cm
2023-05-19 10:34:31,514 INFO Measurement at current 0.08231155778894472
2023-05-19 10:34:32,108 INFO T:214.16Â°K V:2.3560e-01V I:8.2312e-02A R:2.8623e+00ğ›€ E:3.6813e+00V/cm J:7.5515e-01A/cm2 ğ›’:4.8749e+00ğ›€ cm
2023-05-19 10:34:32,123 INFO Measurement at current 0.082964824120603
2023-05-19 10:34:32,715 INFO T:214.16Â°K V:2.3747e-01V I:8.2965e-02A R:2.8623e+00ğ›€ E:3.7105e+00V/cm J:7.6115e-01A/cm2 ğ›’:4.8748e+00ğ›€ cm
2023-05-19 10:34:32,752 INFO Measurement at current 0.0836180904522613
2023-05-19 10:34:33,348 INFO T:214.16Â°K V:2.3934e-01V I:8.3618e-02A R:2.8623e+00ğ›€ E:3.7397e+00V/cm J:7.6714e-01A/cm2 ğ›’:4.8748e+00ğ›€ cm
2023-05-19 10:34:33,374 INFO Measurement at current 0.0842713567839196
2023-05-19 10:34:33,962 INFO T:214.17Â°K V:2.4119e-01V I:8.4271e-02A R:2.8621e+00ğ›€ E:3.7686e+00V/cm J:7.7313e-01A/cm2 ğ›’:4.8745e+00ğ›€ cm
2023-05-19 10:34:33,983 INFO Measurement at current 0.08492462311557789
2023-05-19 10:34:34,570 INFO T:214.17Â°K V:2.4305e-01V I:8.4925e-02A R:2.8620e+00ğ›€ E:3.7977e+00V/cm J:7.7912e-01A/cm2 ğ›’:4.8744e+00ğ›€ cm
2023-05-19 10:34:34,587 INFO Measurement at current 0.08557788944723618
2023-05-19 10:34:35,173 INFO T:214.18Â°K V:2.4492e-01V I:8.5578e-02A R:2.8620e+00ğ›€ E:3.8269e+00V/cm J:7.8512e-01A/cm2 ğ›’:4.8743e+00ğ›€ cm
2023-05-19 10:34:35,194 INFO Measurement at current 0.08623115577889447
2023-05-19 10:34:35,787 INFO T:214.18Â°K V:2.4678e-01V I:8.6231e-02A R:2.8618e+00ğ›€ E:3.8559e+00V/cm J:7.9111e-01A/cm2 ğ›’:4.8740e+00ğ›€ cm
2023-05-19 10:34:35,808 INFO Measurement at current 0.08688442211055276
2023-05-19 10:34:36,441 INFO T:214.18Â°K V:2.4864e-01V I:8.6884e-02A R:2.8618e+00ğ›€ E:3.8851e+00V/cm J:7.9710e-01A/cm2 ğ›’:4.8740e+00ğ›€ cm
2023-05-19 10:34:36,466 INFO Measurement at current 0.08753768844221105
2023-05-19 10:34:37,072 INFO T:214.19Â°K V:2.5051e-01V I:8.7538e-02A R:2.8618e+00ğ›€ E:3.9142e+00V/cm J:8.0310e-01A/cm2 ğ›’:4.8739e+00ğ›€ cm
2023-05-19 10:34:37,101 INFO Measurement at current 0.08819095477386935
2023-05-19 10:34:37,682 INFO T:214.19Â°K V:2.5236e-01V I:8.8191e-02A R:2.8616e+00ğ›€ E:3.9432e+00V/cm J:8.0909e-01A/cm2 ğ›’:4.8736e+00ğ›€ cm
2023-05-19 10:34:37,697 INFO Measurement at current 0.08884422110552763
2023-05-19 10:34:38,283 INFO T:214.20Â°K V:2.5422e-01V I:8.8844e-02A R:2.8615e+00ğ›€ E:3.9723e+00V/cm J:8.1508e-01A/cm2 ğ›’:4.8734e+00ğ›€ cm
2023-05-19 10:34:38,303 INFO Measurement at current 0.08949748743718593
2023-05-19 10:34:38,927 INFO T:214.20Â°K V:2.5607e-01V I:8.9497e-02A R:2.8613e+00ğ›€ E:4.0012e+00V/cm J:8.2108e-01A/cm2 ğ›’:4.8731e+00ğ›€ cm
2023-05-19 10:34:38,956 INFO Measurement at current 0.09015075376884422
2023-05-19 10:34:39,559 INFO T:214.20Â°K V:2.5794e-01V I:9.0151e-02A R:2.8612e+00ğ›€ E:4.0303e+00V/cm J:8.2707e-01A/cm2 ğ›’:4.8730e+00ğ›€ cm
2023-05-19 10:34:39,580 INFO Measurement at current 0.09080402010050251
2023-05-19 10:34:40,168 INFO T:214.21Â°K V:2.5980e-01V I:9.0804e-02A R:2.8611e+00ğ›€ E:4.0594e+00V/cm J:8.3306e-01A/cm2 ğ›’:4.8729e+00ğ›€ cm
2023-05-19 10:34:40,186 INFO Measurement at current 0.0914572864321608
2023-05-19 10:34:40,793 INFO T:214.21Â°K V:2.6165e-01V I:9.1457e-02A R:2.8609e+00ğ›€ E:4.0883e+00V/cm J:8.3906e-01A/cm2 ğ›’:4.8725e+00ğ›€ cm
2023-05-19 10:34:40,816 INFO Measurement at current 0.09211055276381909
2023-05-19 10:34:41,414 INFO T:214.22Â°K V:2.6351e-01V I:9.2111e-02A R:2.8608e+00ğ›€ E:4.1174e+00V/cm J:8.4505e-01A/cm2 ğ›’:4.8723e+00ğ›€ cm
2023-05-19 10:34:41,432 INFO Measurement at current 0.09276381909547739
2023-05-19 10:34:42,023 INFO T:214.22Â°K V:2.6538e-01V I:9.2764e-02A R:2.8608e+00ğ›€ E:4.1465e+00V/cm J:8.5104e-01A/cm2 ğ›’:4.8722e+00ğ›€ cm
2023-05-19 10:34:42,050 INFO Measurement at current 0.09341708542713567
2023-05-19 10:34:42,639 INFO T:214.22Â°K V:2.6722e-01V I:9.3417e-02A R:2.8606e+00ğ›€ E:4.1754e+00V/cm J:8.5704e-01A/cm2 ğ›’:4.8719e+00ğ›€ cm
2023-05-19 10:34:42,661 INFO Measurement at current 0.09407035175879397
2023-05-19 10:34:43,249 INFO T:214.23Â°K V:2.6909e-01V I:9.4070e-02A R:2.8605e+00ğ›€ E:4.2045e+00V/cm J:8.6303e-01A/cm2 ğ›’:4.8718e+00ğ›€ cm
2023-05-19 10:34:43,272 INFO Measurement at current 0.09472361809045225
2023-05-19 10:34:43,864 INFO T:214.23Â°K V:2.7095e-01V I:9.4724e-02A R:2.8605e+00ğ›€ E:4.2336e+00V/cm J:8.6902e-01A/cm2 ğ›’:4.8717e+00ğ›€ cm
2023-05-19 10:34:43,887 INFO Measurement at current 0.09537688442211055
2023-05-19 10:34:44,472 INFO T:214.24Â°K V:2.7280e-01V I:9.5377e-02A R:2.8602e+00ğ›€ E:4.2625e+00V/cm J:8.7502e-01A/cm2 ğ›’:4.8713e+00ğ›€ cm
2023-05-19 10:34:44,493 INFO Measurement at current 0.09603015075376885
2023-05-19 10:34:45,083 INFO T:214.24Â°K V:2.7467e-01V I:9.6030e-02A R:2.8602e+00ğ›€ E:4.2917e+00V/cm J:8.8101e-01A/cm2 ğ›’:4.8713e+00ğ›€ cm
2023-05-19 10:34:45,099 INFO Measurement at current 0.09668341708542713
2023-05-19 10:34:45,693 INFO T:214.24Â°K V:2.7653e-01V I:9.6683e-02A R:2.8602e+00ğ›€ E:4.3208e+00V/cm J:8.8700e-01A/cm2 ğ›’:4.8713e+00ğ›€ cm
2023-05-19 10:34:45,712 INFO Measurement at current 0.09733668341708543
2023-05-19 10:34:46,306 INFO T:214.25Â°K V:2.7838e-01V I:9.7337e-02A R:2.8600e+00ğ›€ E:4.3498e+00V/cm J:8.9300e-01A/cm2 ğ›’:4.8710e+00ğ›€ cm
2023-05-19 10:34:46,331 INFO Measurement at current 0.09798994974874371
2023-05-19 10:34:46,945 INFO T:214.25Â°K V:2.8025e-01V I:9.7990e-02A R:2.8600e+00ğ›€ E:4.3789e+00V/cm J:8.9899e-01A/cm2 ğ›’:4.8709e+00ğ›€ cm
2023-05-19 10:34:46,966 INFO Measurement at current 0.09864321608040201
2023-05-19 10:34:47,565 INFO T:214.26Â°K V:2.8211e-01V I:9.8643e-02A R:2.8599e+00ğ›€ E:4.4080e+00V/cm J:9.0498e-01A/cm2 ğ›’:4.8709e+00ğ›€ cm
2023-05-19 10:34:47,585 INFO Measurement at current 0.0992964824120603
2023-05-19 10:34:48,189 INFO T:214.26Â°K V:2.8396e-01V I:9.9296e-02A R:2.8597e+00ğ›€ E:4.4369e+00V/cm J:9.1098e-01A/cm2 ğ›’:4.8705e+00ğ›€ cm
2023-05-19 10:34:48,204 INFO Measurement at current 0.09994974874371859
2023-05-19 10:34:48,794 INFO T:214.26Â°K V:2.8583e-01V I:9.9950e-02A R:2.8597e+00ğ›€ E:4.4660e+00V/cm J:9.1697e-01A/cm2 ğ›’:4.8704e+00ğ›€ cm
2023-05-19 10:34:48,822 INFO Measurement at current 0.10060301507537688
2023-05-19 10:34:49,435 INFO T:214.27Â°K V:2.8769e-01V I:1.0060e-01A R:2.8597e+00ğ›€ E:4.4952e+00V/cm J:9.2296e-01A/cm2 ğ›’:4.8704e+00ğ›€ cm
2023-05-19 10:34:49,459 INFO Measurement at current 0.10125628140703517
2023-05-19 10:34:50,064 INFO T:214.27Â°K V:2.8954e-01V I:1.0126e-01A R:2.8595e+00ğ›€ E:4.5241e+00V/cm J:9.2896e-01A/cm2 ğ›’:4.8700e+00ğ›€ cm
2023-05-19 10:34:50,082 INFO Measurement at current 0.10190954773869347
2023-05-19 10:34:50,673 INFO T:214.28Â°K V:2.9140e-01V I:1.0191e-01A R:2.8594e+00ğ›€ E:4.5532e+00V/cm J:9.3495e-01A/cm2 ğ›’:4.8699e+00ğ›€ cm
2023-05-19 10:34:50,696 INFO Measurement at current 0.10256281407035175
2023-05-19 10:34:51,280 INFO T:214.28Â°K V:2.9326e-01V I:1.0256e-01A R:2.8593e+00ğ›€ E:4.5822e+00V/cm J:9.4094e-01A/cm2 ğ›’:4.8698e+00ğ›€ cm
2023-05-19 10:34:51,315 INFO Measurement at current 0.10321608040201005
2023-05-19 10:34:51,907 INFO T:214.28Â°K V:2.9511e-01V I:1.0322e-01A R:2.8591e+00ğ›€ E:4.6110e+00V/cm J:9.4694e-01A/cm2 ğ›’:4.8694e+00ğ›€ cm
2023-05-19 10:34:51,938 INFO Measurement at current 0.10386934673366834
2023-05-19 10:34:52,560 INFO T:214.29Â°K V:2.9697e-01V I:1.0387e-01A R:2.8591e+00ğ›€ E:4.6401e+00V/cm J:9.5293e-01A/cm2 ğ›’:4.8693e+00ğ›€ cm
2023-05-19 10:34:52,587 INFO Measurement at current 0.10452261306532663
2023-05-19 10:34:53,201 INFO T:214.29Â°K V:2.9883e-01V I:1.0452e-01A R:2.8590e+00ğ›€ E:4.6692e+00V/cm J:9.5892e-01A/cm2 ğ›’:4.8692e+00ğ›€ cm
2023-05-19 10:34:53,222 INFO Measurement at current 0.10517587939698492
2023-05-19 10:34:53,827 INFO T:214.30Â°K V:3.0078e-01V I:1.0518e-01A R:2.8598e+00ğ›€ E:4.6997e+00V/cm J:9.6492e-01A/cm2 ğ›’:4.8706e+00ğ›€ cm
2023-05-19 10:34:53,849 INFO Measurement at current 0.10582914572864321
2023-05-19 10:34:54,468 INFO T:214.30Â°K V:3.0261e-01V I:1.0583e-01A R:2.8594e+00ğ›€ E:4.7283e+00V/cm J:9.7091e-01A/cm2 ğ›’:4.8700e+00ğ›€ cm
2023-05-19 10:34:54,499 INFO Measurement at current 0.1064824120603015
2023-05-19 10:34:55,094 INFO T:214.30Â°K V:3.0445e-01V I:1.0648e-01A R:2.8592e+00ğ›€ E:4.7571e+00V/cm J:9.7690e-01A/cm2 ğ›’:4.8696e+00ğ›€ cm
2023-05-19 10:34:55,115 INFO Measurement at current 0.1071356783919598
2023-05-19 10:34:56,617 WARNING Reading gpib error, check the instruments: read() failed: A read or write of data bytes has been aborted, possibly due to a timeout or reception of a device clear command.
2023-05-19 10:34:56,643 INFO Measurement at current 0.1077889447236181
2023-05-19 10:34:57,249 WARNING Temperature out of range!
2023-05-19 10:34:57,268 INFO Measurement at current 0.10844221105527638
2023-05-19 10:34:57,861 INFO T:214.32Â°K V:3.0995e-01V I:1.0844e-01A R:2.8582e+00ğ›€ E:4.8429e+00V/cm J:9.9488e-01A/cm2 ğ›’:4.8679e+00ğ›€ cm
2023-05-19 10:34:57,878 INFO Measurement at current 0.10909547738693468
2023-05-19 10:34:58,467 INFO T:214.33Â°K V:3.1183e-01V I:1.0910e-01A R:2.8583e+00ğ›€ E:4.8723e+00V/cm J:1.0009e+00A/cm2 ğ›’:4.8680e+00ğ›€ cm
2023-05-19 10:34:58,488 INFO Measurement at current 0.10974874371859296
2023-05-19 10:34:59,093 INFO T:214.33Â°K V:3.1367e-01V I:1.0975e-01A R:2.8580e+00ğ›€ E:4.9010e+00V/cm J:1.0069e+00A/cm2 ğ›’:4.8676e+00ğ›€ cm
2023-05-19 10:34:59,127 INFO Measurement at current 0.11040201005025126
2023-05-19 10:34:59,755 INFO T:214.33Â°K V:3.1548e-01V I:1.1040e-01A R:2.8576e+00ğ›€ E:4.9294e+00V/cm J:1.0129e+00A/cm2 ğ›’:4.8668e+00ğ›€ cm
2023-05-19 10:34:59,797 INFO Measurement at current 0.11105527638190954
2023-05-19 10:35:00,402 INFO T:214.34Â°K V:3.1737e-01V I:1.1106e-01A R:2.8578e+00ğ›€ E:4.9589e+00V/cm J:1.0189e+00A/cm2 ğ›’:4.8672e+00ğ›€ cm
2023-05-19 10:35:00,419 INFO Measurement at current 0.11170854271356784
2023-05-19 10:35:01,016 INFO T:214.34Â°K V:3.1921e-01V I:1.1171e-01A R:2.8575e+00ğ›€ E:4.9876e+00V/cm J:1.0248e+00A/cm2 ğ›’:4.8667e+00ğ›€ cm
2023-05-19 10:35:01,036 INFO Measurement at current 0.11236180904522612
2023-05-19 10:35:01,641 INFO T:214.35Â°K V:3.2103e-01V I:1.1236e-01A R:2.8571e+00ğ›€ E:5.0161e+00V/cm J:1.0308e+00A/cm2 ğ›’:4.8660e+00ğ›€ cm
2023-05-19 10:35:01,665 INFO Measurement at current 0.11301507537688442
2023-05-19 10:35:02,286 INFO T:214.35Â°K V:3.2291e-01V I:1.1302e-01A R:2.8572e+00ğ›€ E:5.0454e+00V/cm J:1.0368e+00A/cm2 ğ›’:4.8662e+00ğ›€ cm
2023-05-19 10:35:02,306 INFO Measurement at current 0.11366834170854272
2023-05-19 10:35:02,900 INFO T:214.35Â°K V:3.2474e-01V I:1.1367e-01A R:2.8569e+00ğ›€ E:5.0740e+00V/cm J:1.0428e+00A/cm2 ğ›’:4.8656e+00ğ›€ cm
2023-05-19 10:35:02,928 INFO Measurement at current 0.114321608040201
2023-05-19 10:35:03,520 INFO T:214.36Â°K V:3.2656e-01V I:1.1432e-01A R:2.8565e+00ğ›€ E:5.1026e+00V/cm J:1.0488e+00A/cm2 ğ›’:4.8650e+00ğ›€ cm
2023-05-19 10:35:03,539 INFO Measurement at current 0.1149748743718593
2023-05-19 10:35:04,152 INFO T:214.36Â°K V:3.2844e-01V I:1.1497e-01A R:2.8566e+00ğ›€ E:5.1318e+00V/cm J:1.0548e+00A/cm2 ğ›’:4.8651e+00ğ›€ cm
2023-05-19 10:35:04,187 INFO Measurement at current 0.11562814070351758
2023-05-19 10:35:04,801 INFO T:214.37Â°K V:3.3042e-01V I:1.1563e-01A R:2.8576e+00ğ›€ E:5.1628e+00V/cm J:1.0608e+00A/cm2 ğ›’:4.8669e+00ğ›€ cm
2023-05-19 10:35:04,820 INFO Measurement at current 0.11628140703517588
2023-05-19 10:35:05,448 INFO T:214.37Â°K V:3.3230e-01V I:1.1628e-01A R:2.8577e+00ğ›€ E:5.1922e+00V/cm J:1.0668e+00A/cm2 ğ›’:4.8670e+00ğ›€ cm
2023-05-19 10:35:05,480 INFO Measurement at current 0.11693467336683416
2023-05-19 10:35:06,079 INFO T:214.37Â°K V:3.3412e-01V I:1.1693e-01A R:2.8573e+00ğ›€ E:5.2206e+00V/cm J:1.0728e+00A/cm2 ğ›’:4.8664e+00ğ›€ cm
2023-05-19 10:35:06,108 INFO Measurement at current 0.11758793969849246
2023-05-19 10:35:06,712 INFO T:214.38Â°K V:3.3594e-01V I:1.1759e-01A R:2.8569e+00ğ›€ E:5.2491e+00V/cm J:1.0788e+00A/cm2 ğ›’:4.8657e+00ğ›€ cm
2023-05-19 10:35:06,751 INFO Measurement at current 0.11824120603015074
2023-05-19 10:35:07,358 INFO T:214.38Â°K V:3.3783e-01V I:1.1824e-01A R:2.8572e+00ğ›€ E:5.2787e+00V/cm J:1.0848e+00A/cm2 ğ›’:4.8661e+00ğ›€ cm
2023-05-19 10:35:07,408 INFO Measurement at current 0.11889447236180904
2023-05-19 10:35:08,000 INFO T:214.39Â°K V:3.3965e-01V I:1.1889e-01A R:2.8567e+00ğ›€ E:5.3070e+00V/cm J:1.0908e+00A/cm2 ğ›’:4.8654e+00ğ›€ cm
2023-05-19 10:35:08,017 INFO Measurement at current 0.11954773869346734
2023-05-19 10:35:08,633 INFO T:214.39Â°K V:3.4146e-01V I:1.1955e-01A R:2.8563e+00ğ›€ E:5.3353e+00V/cm J:1.0968e+00A/cm2 ğ›’:4.8646e+00ğ›€ cm
2023-05-19 10:35:08,653 INFO Measurement at current 0.12020100502512562
2023-05-19 10:35:09,254 INFO T:214.39Â°K V:3.4333e-01V I:1.2020e-01A R:2.8563e+00ğ›€ E:5.3646e+00V/cm J:1.1028e+00A/cm2 ğ›’:4.8647e+00ğ›€ cm
2023-05-19 10:35:09,278 INFO Measurement at current 0.12085427135678392
2023-05-19 10:35:09,874 INFO T:214.40Â°K V:3.4517e-01V I:1.2085e-01A R:2.8561e+00ğ›€ E:5.3933e+00V/cm J:1.1088e+00A/cm2 ğ›’:4.8643e+00ğ›€ cm
2023-05-19 10:35:09,891 INFO Measurement at current 0.1215075376884422
2023-05-19 10:35:10,483 INFO T:214.40Â°K V:3.4699e-01V I:1.2151e-01A R:2.8557e+00ğ›€ E:5.4218e+00V/cm J:1.1147e+00A/cm2 ğ›’:4.8637e+00ğ›€ cm
2023-05-19 10:35:10,516 INFO Measurement at current 0.1221608040201005
2023-05-19 10:35:11,112 INFO T:214.41Â°K V:3.4887e-01V I:1.2216e-01A R:2.8558e+00ğ›€ E:5.4511e+00V/cm J:1.1207e+00A/cm2 ğ›’:4.8638e+00ğ›€ cm
2023-05-19 10:35:11,156 INFO Measurement at current 0.12281407035175879
2023-05-19 10:35:11,747 INFO T:214.41Â°K V:3.5070e-01V I:1.2281e-01A R:2.8555e+00ğ›€ E:5.4797e+00V/cm J:1.1267e+00A/cm2 ğ›’:4.8634e+00ğ›€ cm
2023-05-19 10:35:11,785 INFO Measurement at current 0.12346733668341708
2023-05-19 10:35:12,399 INFO T:214.42Â°K V:3.5255e-01V I:1.2347e-01A R:2.8554e+00ğ›€ E:5.5086e+00V/cm J:1.1327e+00A/cm2 ğ›’:4.8631e+00ğ›€ cm
2023-05-19 10:35:12,435 INFO Measurement at current 0.12412060301507537
2023-05-19 10:35:13,028 INFO T:214.42Â°K V:3.5441e-01V I:1.2412e-01A R:2.8554e+00ğ›€ E:5.5377e+00V/cm J:1.1387e+00A/cm2 ğ›’:4.8631e+00ğ›€ cm
2023-05-19 10:35:13,067 INFO Measurement at current 0.12477386934673367
2023-05-19 10:35:13,667 INFO T:214.42Â°K V:3.5623e-01V I:1.2477e-01A R:2.8550e+00ğ›€ E:5.5661e+00V/cm J:1.1447e+00A/cm2 ğ›’:4.8625e+00ğ›€ cm
2023-05-19 10:35:13,689 INFO Measurement at current 0.12542713567839195
2023-05-19 10:35:14,290 INFO T:214.43Â°K V:3.5821e-01V I:1.2543e-01A R:2.8559e+00ğ›€ E:5.5970e+00V/cm J:1.1507e+00A/cm2 ğ›’:4.8640e+00ğ›€ cm
2023-05-19 10:35:14,314 INFO Measurement at current 0.12608040201005025
2023-05-19 10:35:14,904 INFO T:214.43Â°K V:3.6007e-01V I:1.2608e-01A R:2.8558e+00ğ›€ E:5.6260e+00V/cm J:1.1567e+00A/cm2 ğ›’:4.8639e+00ğ›€ cm
2023-05-19 10:35:14,919 INFO Measurement at current 0.12673366834170854
2023-05-19 10:35:15,519 INFO T:214.44Â°K V:3.6189e-01V I:1.2673e-01A R:2.8555e+00ğ›€ E:5.6545e+00V/cm J:1.1627e+00A/cm2 ğ›’:4.8633e+00ğ›€ cm
2023-05-19 10:35:15,544 INFO Measurement at current 0.12738693467336684
2023-05-19 10:35:16,139 INFO T:214.44Â°K V:3.6371e-01V I:1.2739e-01A R:2.8551e+00ğ›€ E:5.6829e+00V/cm J:1.1687e+00A/cm2 ğ›’:4.8627e+00ğ›€ cm
2023-05-19 10:35:16,155 INFO Measurement at current 0.1280402010050251
2023-05-19 10:35:16,767 INFO T:214.44Â°K V:3.6560e-01V I:1.2804e-01A R:2.8554e+00ğ›€ E:5.7125e+00V/cm J:1.1747e+00A/cm2 ğ›’:4.8630e+00ğ›€ cm
2023-05-19 10:35:16,792 INFO Measurement at current 0.1286934673366834
2023-05-19 10:35:17,386 INFO T:214.45Â°K V:3.6743e-01V I:1.2869e-01A R:2.8551e+00ğ›€ E:5.7411e+00V/cm J:1.1807e+00A/cm2 ğ›’:4.8626e+00ğ›€ cm
2023-05-19 10:35:17,406 INFO Measurement at current 0.1293467336683417
2023-05-19 10:35:18,003 INFO T:214.45Â°K V:3.6926e-01V I:1.2935e-01A R:2.8548e+00ğ›€ E:5.7697e+00V/cm J:1.1867e+00A/cm2 ğ›’:4.8621e+00ğ›€ cm
2023-05-19 10:35:18,027 INFO Measurement at current 0.13
2023-05-19 10:35:18,613 INFO T:214.46Â°K V:3.7112e-01V I:1.3000e-01A R:2.8547e+00ğ›€ E:5.7987e+00V/cm J:1.1927e+00A/cm2 ğ›’:4.8620e+00ğ›€ cm
2023-05-19 10:36:02,579 INFO Save the description file
2023-05-19 10:36:02,584 INFO Save data in numpy format Esperimenti/CPRO_MUSA_180523_I_V/CPRO_MUSA_180523_I_V_current_from_0_to_1300e-4A/CPRO_MUSA_180523_I_V_current_from_0_to_1300e-4A-20230519103600
2023-05-19 10:36:02,596 INFO Save data in CSV format Esperimenti/CPRO_MUSA_180523_I_V/CPRO_MUSA_180523_I_V_current_from_0_to_1300e-4A/CPRO_MUSA_180523_I_V_current_from_0_to_1300e-4A-20230519103600.csv
2023-05-19 10:36:02,618 INFO Save plot as image Esperimenti/CPRO_MUSA_180523_I_V/CPRO_MUSA_180523_I_V_current_from_0_to_1300e-4A/CPRO_MUSA_180523_I_V_current_from_0_to_1300e-4A-20230519103600.png
