2023-05-19 13:27:33,825 INFO ### Start experiment: CPRO_MUSA_180523_I_V current from 0 to 1300e-4A ###
2023-05-19 13:27:35,171 INFO Found Multimeter KEITHLEY INSTRUMENTS INC.,MODEL 2700,0884890,B03  /A02  

2023-05-19 13:27:36,211 INFO Found Nanovolt Meter KEITHLEY INSTRUMENTS INC.,MODEL 2182A,4056474,C03  /A02  

2023-05-19 13:27:36,335 INFO Found Source Meter KEITHLEY INSTRUMENTS INC.,MODEL 2400,0945684,C24   Feb 14 2002 11:59:45/A02  /K/H

2023-05-19 13:27:36,474 INFO Start the measurement loop
2023-05-19 13:27:46,282 INFO Measurement at current 0.0
2023-05-19 13:27:47,205 INFO T:276.45Â°K V:1.0829e-06V I:0.0000e+00A R:infğ›€ E:1.6920e-05V/cm J:0.0000e+00A/cm2 ğ›’:infğ›€ cm
2023-05-19 13:27:47,230 INFO Measurement at current 0.0006532663316582914
2023-05-19 13:27:47,827 INFO T:276.46Â°K V:1.7584e-03V I:6.5327e-04A R:2.6917e+00ğ›€ E:2.7475e-02V/cm J:5.9933e-03A/cm2 ğ›’:4.5843e+00ğ›€ cm
2023-05-19 13:27:47,842 INFO Measurement at current 0.0013065326633165829
2023-05-19 13:27:48,430 INFO T:276.46Â°K V:3.5156e-03V I:1.3065e-03A R:2.6908e+00ğ›€ E:5.4931e-02V/cm J:1.1987e-02A/cm2 ğ›’:4.5828e+00ğ›€ cm
2023-05-19 13:27:48,446 INFO Measurement at current 0.001959798994974874
2023-05-19 13:27:49,038 INFO T:276.47Â°K V:5.2744e-03V I:1.9598e-03A R:2.6913e+00ğ›€ E:8.2413e-02V/cm J:1.7980e-02A/cm2 ğ›’:4.5836e+00ğ›€ cm
2023-05-19 13:27:49,060 INFO Measurement at current 0.0026130653266331657
2023-05-19 13:27:49,656 INFO T:276.47Â°K V:7.0299e-03V I:2.6131e-03A R:2.6903e+00ğ›€ E:1.0984e-01V/cm J:2.3973e-02A/cm2 ğ›’:4.5819e+00ğ›€ cm
2023-05-19 13:27:49,679 INFO Measurement at current 0.0032663316582914573
2023-05-19 13:27:50,280 INFO T:276.48Â°K V:8.7886e-03V I:3.2663e-03A R:2.6907e+00ğ›€ E:1.3732e-01V/cm J:2.9966e-02A/cm2 ğ›’:4.5825e+00ğ›€ cm
2023-05-19 13:27:50,297 INFO Measurement at current 0.003919597989949748
2023-05-19 13:27:50,888 INFO T:276.48Â°K V:1.0545e-02V I:3.9196e-03A R:2.6903e+00ğ›€ E:1.6476e-01V/cm J:3.5960e-02A/cm2 ğ›’:4.5819e+00ğ›€ cm
2023-05-19 13:27:50,906 INFO Measurement at current 0.00457286432160804
2023-05-19 13:27:52,348 INFO T:276.49Â°K V:1.2301e-02V I:4.5729e-03A R:2.6901e+00ğ›€ E:1.9221e-01V/cm J:4.1953e-02A/cm2 ğ›’:4.5815e+00ğ›€ cm
2023-05-19 13:27:52,364 INFO Measurement at current 0.0052261306532663315
2023-05-19 13:27:52,952 INFO T:276.50Â°K V:1.4057e-02V I:5.2261e-03A R:2.6898e+00ğ›€ E:2.1964e-01V/cm J:4.7946e-02A/cm2 ğ›’:4.5810e+00ğ›€ cm
2023-05-19 13:27:52,968 INFO Measurement at current 0.005879396984924623
2023-05-19 13:27:53,555 INFO T:276.50Â°K V:1.5815e-02V I:5.8794e-03A R:2.6900e+00ğ›€ E:2.4712e-01V/cm J:5.3939e-02A/cm2 ğ›’:4.5814e+00ğ›€ cm
2023-05-19 13:27:53,579 INFO Measurement at current 0.006532663316582915
2023-05-19 13:27:54,170 INFO T:276.50Â°K V:1.7571e-02V I:6.5327e-03A R:2.6897e+00ğ›€ E:2.7455e-01V/cm J:5.9933e-02A/cm2 ğ›’:4.5810e+00ğ›€ cm
2023-05-19 13:27:54,193 INFO Measurement at current 0.007185929648241206
2023-05-19 13:27:54,801 INFO T:276.51Â°K V:1.9329e-02V I:7.1859e-03A R:2.6898e+00ğ›€ E:3.0201e-01V/cm J:6.5926e-02A/cm2 ğ›’:4.5811e+00ğ›€ cm
2023-05-19 13:27:54,835 INFO Measurement at current 0.007839195979899497
2023-05-19 13:27:55,435 INFO T:276.51Â°K V:2.1085e-02V I:7.8392e-03A R:2.6897e+00ğ›€ E:3.2945e-01V/cm J:7.1919e-02A/cm2 ğ›’:4.5808e+00ğ›€ cm
2023-05-19 13:27:55,455 INFO Measurement at current 0.00849246231155779
2023-05-19 13:27:56,046 INFO T:276.52Â°K V:2.2842e-02V I:8.4925e-03A R:2.6897e+00ğ›€ E:3.5691e-01V/cm J:7.7912e-02A/cm2 ğ›’:4.5809e+00ğ›€ cm
2023-05-19 13:27:56,062 INFO Measurement at current 0.00914572864321608
2023-05-19 13:27:56,650 INFO T:276.52Â°K V:2.4598e-02V I:9.1457e-03A R:2.6896e+00ğ›€ E:3.8435e-01V/cm J:8.3906e-02A/cm2 ğ›’:4.5807e+00ğ›€ cm
2023-05-19 13:27:56,669 INFO Measurement at current 0.009798994974874372
2023-05-19 13:27:57,276 INFO T:276.53Â°K V:2.6356e-02V I:9.7990e-03A R:2.6896e+00ğ›€ E:4.1181e-01V/cm J:8.9899e-02A/cm2 ğ›’:4.5808e+00ğ›€ cm
2023-05-19 13:27:57,300 INFO Measurement at current 0.010452261306532663
2023-05-19 13:27:57,899 INFO T:276.53Â°K V:2.8114e-02V I:1.0452e-02A R:2.6897e+00ğ›€ E:4.3928e-01V/cm J:9.5892e-02A/cm2 ğ›’:4.5810e+00ğ›€ cm
2023-05-19 13:27:57,916 INFO Measurement at current 0.011105527638190954
2023-05-19 13:27:58,511 INFO T:276.53Â°K V:2.9872e-02V I:1.1106e-02A R:2.6899e+00ğ›€ E:4.6675e-01V/cm J:1.0189e-01A/cm2 ğ›’:4.5812e+00ğ›€ cm
2023-05-19 13:27:58,527 INFO Measurement at current 0.011758793969849246
2023-05-19 13:27:59,113 INFO T:276.54Â°K V:3.1634e-02V I:1.1759e-02A R:2.6902e+00ğ›€ E:4.9428e-01V/cm J:1.0788e-01A/cm2 ğ›’:4.5818e+00ğ›€ cm
2023-05-19 13:27:59,132 INFO Measurement at current 0.012412060301507537
2023-05-19 13:27:59,725 INFO T:276.54Â°K V:3.3382e-02V I:1.2412e-02A R:2.6895e+00ğ›€ E:5.2159e-01V/cm J:1.1387e-01A/cm2 ğ›’:4.5805e+00ğ›€ cm
2023-05-19 13:27:59,750 INFO Measurement at current 0.01306532663316583
2023-05-19 13:28:00,369 INFO T:276.55Â°K V:3.5144e-02V I:1.3065e-02A R:2.6899e+00ğ›€ E:5.4912e-01V/cm J:1.1987e-01A/cm2 ğ›’:4.5812e+00ğ›€ cm
2023-05-19 13:28:00,399 INFO Measurement at current 0.01371859296482412
2023-05-19 13:28:00,997 INFO T:276.55Â°K V:3.6908e-02V I:1.3719e-02A R:2.6904e+00ğ›€ E:5.7669e-01V/cm J:1.2586e-01A/cm2 ğ›’:4.5820e+00ğ›€ cm
2023-05-19 13:28:01,017 INFO Measurement at current 0.014371859296482412
2023-05-19 13:28:01,617 INFO T:276.56Â°K V:3.8654e-02V I:1.4372e-02A R:2.6896e+00ğ›€ E:6.0397e-01V/cm J:1.3185e-01A/cm2 ğ›’:4.5807e+00ğ›€ cm
2023-05-19 13:28:01,637 INFO Measurement at current 0.015025125628140703
2023-05-19 13:28:02,236 INFO T:276.56Â°K V:4.0418e-02V I:1.5025e-02A R:2.6900e+00ğ›€ E:6.3153e-01V/cm J:1.3785e-01A/cm2 ğ›’:4.5814e+00ğ›€ cm
2023-05-19 13:28:02,260 INFO Measurement at current 0.015678391959798994
2023-05-19 13:28:02,864 INFO T:276.57Â°K V:4.2182e-02V I:1.5678e-02A R:2.6904e+00ğ›€ E:6.5909e-01V/cm J:1.4384e-01A/cm2 ğ›’:4.5822e+00ğ›€ cm
2023-05-19 13:28:02,886 INFO Measurement at current 0.016331658291457284
2023-05-19 13:28:03,497 INFO T:276.57Â°K V:4.3933e-02V I:1.6332e-02A R:2.6900e+00ğ›€ E:6.8645e-01V/cm J:1.4983e-01A/cm2 ğ›’:4.5814e+00ğ›€ cm
2023-05-19 13:28:03,519 INFO Measurement at current 0.01698492462311558
2023-05-19 13:28:04,112 INFO T:276.57Â°K V:4.5696e-02V I:1.6985e-02A R:2.6904e+00ğ›€ E:7.1400e-01V/cm J:1.5582e-01A/cm2 ğ›’:4.5821e+00ğ›€ cm
2023-05-19 13:28:04,132 INFO Measurement at current 0.01763819095477387
2023-05-19 13:28:04,715 INFO T:276.58Â°K V:4.7460e-02V I:1.7638e-02A R:2.6908e+00ğ›€ E:7.4156e-01V/cm J:1.6182e-01A/cm2 ğ›’:4.5827e+00ğ›€ cm
2023-05-19 13:28:04,732 INFO Measurement at current 0.01829145728643216
2023-05-19 13:28:05,320 INFO T:276.58Â°K V:4.9206e-02V I:1.8291e-02A R:2.6901e+00ğ›€ E:7.6885e-01V/cm J:1.6781e-01A/cm2 ğ›’:4.5816e+00ğ›€ cm
2023-05-19 13:28:05,344 INFO Measurement at current 0.01894472361809045
2023-05-19 13:28:05,937 INFO T:276.59Â°K V:5.0971e-02V I:1.8945e-02A R:2.6905e+00ğ›€ E:7.9642e-01V/cm J:1.7380e-01A/cm2 ğ›’:4.5822e+00ğ›€ cm
2023-05-19 13:28:05,961 INFO Measurement at current 0.019597989949748745
2023-05-19 13:28:06,580 INFO T:276.59Â°K V:5.2735e-02V I:1.9598e-02A R:2.6908e+00ğ›€ E:8.2398e-01V/cm J:1.7980e-01A/cm2 ğ›’:4.5828e+00ğ›€ cm
2023-05-19 13:28:06,602 INFO Measurement at current 0.020251256281407035
2023-05-19 13:28:07,187 INFO T:276.60Â°K V:5.4485e-02V I:2.0251e-02A R:2.6905e+00ğ›€ E:8.5133e-01V/cm J:1.8579e-01A/cm2 ğ›’:4.5822e+00ğ›€ cm
2023-05-19 13:28:07,203 INFO Measurement at current 0.020904522613065326
2023-05-19 13:28:07,799 INFO T:276.60Â°K V:5.6247e-02V I:2.0905e-02A R:2.6907e+00ğ›€ E:8.7887e-01V/cm J:1.9178e-01A/cm2 ğ›’:4.5826e+00ğ›€ cm
2023-05-19 13:28:07,822 INFO Measurement at current 0.021557788944723617
2023-05-19 13:28:08,423 INFO T:276.60Â°K V:5.8006e-02V I:2.1558e-02A R:2.6907e+00ğ›€ E:9.0634e-01V/cm J:1.9778e-01A/cm2 ğ›’:4.5826e+00ğ›€ cm
2023-05-19 13:28:08,448 INFO Measurement at current 0.022211055276381907
2023-05-19 13:28:09,054 INFO T:276.61Â°K V:5.9754e-02V I:2.2211e-02A R:2.6903e+00ğ›€ E:9.3366e-01V/cm J:2.0377e-01A/cm2 ğ›’:4.5819e+00ğ›€ cm
2023-05-19 13:28:09,092 INFO Measurement at current 0.0228643216080402
2023-05-19 13:28:09,681 INFO T:276.61Â°K V:6.1517e-02V I:2.2864e-02A R:2.6905e+00ğ›€ E:9.6120e-01V/cm J:2.0976e-01A/cm2 ğ›’:4.5823e+00ğ›€ cm
2023-05-19 13:28:09,703 INFO Measurement at current 0.023517587939698492
2023-05-19 13:28:10,288 INFO T:276.62Â°K V:6.3278e-02V I:2.3518e-02A R:2.6907e+00ğ›€ E:9.8872e-01V/cm J:2.1576e-01A/cm2 ğ›’:4.5826e+00ğ›€ cm
2023-05-19 13:28:10,306 INFO Measurement at current 0.024170854271356783
2023-05-19 13:28:10,895 INFO T:276.62Â°K V:6.5027e-02V I:2.4171e-02A R:2.6903e+00ğ›€ E:1.0161e+00V/cm J:2.2175e-01A/cm2 ğ›’:4.5820e+00ğ›€ cm
2023-05-19 13:28:10,910 INFO Measurement at current 0.024824120603015074
2023-05-19 13:28:11,502 INFO T:276.63Â°K V:6.6790e-02V I:2.4824e-02A R:2.6905e+00ğ›€ E:1.0436e+00V/cm J:2.2774e-01A/cm2 ğ›’:4.5823e+00ğ›€ cm
2023-05-19 13:28:11,519 INFO Measurement at current 0.025477386934673368
2023-05-19 13:28:12,117 INFO T:276.63Â°K V:6.8534e-02V I:2.5477e-02A R:2.6900e+00ğ›€ E:1.0708e+00V/cm J:2.3374e-01A/cm2 ğ›’:4.5814e+00ğ›€ cm
2023-05-19 13:28:12,143 INFO Measurement at current 0.02613065326633166
2023-05-19 13:28:12,741 INFO T:276.63Â°K V:7.0297e-02V I:2.6131e-02A R:2.6902e+00ğ›€ E:1.0984e+00V/cm J:2.3973e-01A/cm2 ğ›’:4.5818e+00ğ›€ cm
2023-05-19 13:28:12,759 INFO Measurement at current 0.02678391959798995
2023-05-19 13:28:13,349 INFO T:276.64Â°K V:7.2060e-02V I:2.6784e-02A R:2.6904e+00ğ›€ E:1.1259e+00V/cm J:2.4572e-01A/cm2 ğ›’:4.5821e+00ğ›€ cm
2023-05-19 13:28:13,367 INFO Measurement at current 0.02743718592964824
2023-05-19 13:28:13,958 INFO T:276.64Â°K V:7.3812e-02V I:2.7437e-02A R:2.6902e+00ğ›€ E:1.1533e+00V/cm J:2.5172e-01A/cm2 ğ›’:4.5818e+00ğ›€ cm
2023-05-19 13:28:13,974 INFO Measurement at current 0.02809045226130653
2023-05-19 13:28:14,563 INFO T:276.65Â°K V:7.5577e-02V I:2.8090e-02A R:2.6905e+00ğ›€ E:1.1809e+00V/cm J:2.5771e-01A/cm2 ğ›’:4.5822e+00ğ›€ cm
2023-05-19 13:28:14,586 INFO Measurement at current 0.028743718592964825
2023-05-19 13:28:15,186 INFO T:276.65Â°K V:7.7337e-02V I:2.8744e-02A R:2.6906e+00ğ›€ E:1.2084e+00V/cm J:2.6370e-01A/cm2 ğ›’:4.5824e+00ğ›€ cm
2023-05-19 13:28:15,203 INFO Measurement at current 0.029396984924623115
2023-05-19 13:28:15,793 INFO T:276.66Â°K V:7.9088e-02V I:2.9397e-02A R:2.6903e+00ğ›€ E:1.2358e+00V/cm J:2.6970e-01A/cm2 ğ›’:4.5820e+00ğ›€ cm
2023-05-19 13:28:15,809 INFO Measurement at current 0.030050251256281406
2023-05-19 13:28:16,416 INFO T:276.66Â°K V:8.0853e-02V I:3.0050e-02A R:2.6906e+00ğ›€ E:1.2633e+00V/cm J:2.7569e-01A/cm2 ğ›’:4.5824e+00ğ›€ cm
2023-05-19 13:28:16,450 INFO Measurement at current 0.030703517587939697
2023-05-19 13:28:17,041 INFO T:276.67Â°K V:8.2618e-02V I:3.0704e-02A R:2.6908e+00ğ›€ E:1.2909e+00V/cm J:2.8168e-01A/cm2 ğ›’:4.5828e+00ğ›€ cm
2023-05-19 13:28:17,057 INFO Measurement at current 0.03135678391959799
2023-05-19 13:28:17,649 INFO T:276.67Â°K V:8.4370e-02V I:3.1357e-02A R:2.6906e+00ğ›€ E:1.3183e+00V/cm J:2.8768e-01A/cm2 ğ›’:4.5825e+00ğ›€ cm
2023-05-19 13:28:17,672 INFO Measurement at current 0.03201005025125628
2023-05-19 13:28:18,272 INFO T:276.67Â°K V:8.6131e-02V I:3.2010e-02A R:2.6907e+00ğ›€ E:1.3458e+00V/cm J:2.9367e-01A/cm2 ğ›’:4.5827e+00ğ›€ cm
2023-05-19 13:28:18,289 INFO Measurement at current 0.03266331658291457
2023-05-19 13:28:18,895 INFO T:276.68Â°K V:8.7896e-02V I:3.2663e-02A R:2.6910e+00ğ›€ E:1.3734e+00V/cm J:2.9966e-01A/cm2 ğ›’:4.5831e+00ğ›€ cm
2023-05-19 13:28:18,911 INFO Measurement at current 0.033316582914572866
2023-05-19 13:28:19,508 INFO T:276.68Â°K V:8.9648e-02V I:3.3317e-02A R:2.6908e+00ğ›€ E:1.4008e+00V/cm J:3.0566e-01A/cm2 ğ›’:4.5828e+00ğ›€ cm
2023-05-19 13:28:19,547 INFO Measurement at current 0.03396984924623116
2023-05-19 13:28:20,145 INFO T:276.69Â°K V:9.1413e-02V I:3.3970e-02A R:2.6910e+00ğ›€ E:1.4283e+00V/cm J:3.1165e-01A/cm2 ğ›’:4.5831e+00ğ›€ cm
2023-05-19 13:28:20,167 INFO Measurement at current 0.03462311557788945
2023-05-19 13:28:20,762 INFO T:276.69Â°K V:9.3177e-02V I:3.4623e-02A R:2.6912e+00ğ›€ E:1.4559e+00V/cm J:3.1764e-01A/cm2 ğ›’:4.5834e+00ğ›€ cm
2023-05-19 13:28:20,787 INFO Measurement at current 0.03527638190954774
2023-05-19 13:28:21,402 INFO T:276.70Â°K V:9.4927e-02V I:3.5276e-02A R:2.6909e+00ğ›€ E:1.4832e+00V/cm J:3.2364e-01A/cm2 ğ›’:4.5830e+00ğ›€ cm
2023-05-19 13:28:21,421 INFO Measurement at current 0.03592964824120603
2023-05-19 13:28:22,014 INFO T:276.70Â°K V:9.6686e-02V I:3.5930e-02A R:2.6910e+00ğ›€ E:1.5107e+00V/cm J:3.2963e-01A/cm2 ğ›’:4.5831e+00ğ›€ cm
2023-05-19 13:28:22,038 INFO Measurement at current 0.03658291457286432
2023-05-19 13:28:22,644 INFO T:276.70Â°K V:9.8450e-02V I:3.6583e-02A R:2.6912e+00ğ›€ E:1.5383e+00V/cm J:3.3562e-01A/cm2 ğ›’:4.5834e+00ğ›€ cm
2023-05-19 13:28:22,662 INFO Measurement at current 0.03723618090452261
2023-05-19 13:28:23,266 INFO T:276.71Â°K V:1.0020e-01V I:3.7236e-02A R:2.6909e+00ğ›€ E:1.5656e+00V/cm J:3.4162e-01A/cm2 ğ›’:4.5830e+00ğ›€ cm
2023-05-19 13:28:23,291 INFO Measurement at current 0.0378894472361809
2023-05-19 13:28:23,889 INFO T:276.71Â°K V:1.0196e-01V I:3.7889e-02A R:2.6911e+00ğ›€ E:1.5932e+00V/cm J:3.4761e-01A/cm2 ğ›’:4.5833e+00ğ›€ cm
2023-05-19 13:28:23,909 INFO Measurement at current 0.03854271356783919
2023-05-19 13:28:24,507 INFO T:276.72Â°K V:1.0373e-01V I:3.8543e-02A R:2.6912e+00ğ›€ E:1.6208e+00V/cm J:3.5360e-01A/cm2 ğ›’:4.5835e+00ğ›€ cm
2023-05-19 13:28:24,526 INFO Measurement at current 0.03919597989949749
2023-05-19 13:28:25,117 INFO T:276.72Â°K V:1.0547e-01V I:3.9196e-02A R:2.6909e+00ğ›€ E:1.6480e+00V/cm J:3.5960e-01A/cm2 ğ›’:4.5830e+00ğ›€ cm
2023-05-19 13:28:25,132 INFO Measurement at current 0.03984924623115578
2023-05-19 13:28:25,728 INFO T:276.73Â°K V:1.0724e-01V I:3.9849e-02A R:2.6911e+00ğ›€ E:1.6756e+00V/cm J:3.6559e-01A/cm2 ğ›’:4.5833e+00ğ›€ cm
2023-05-19 13:28:25,747 INFO Measurement at current 0.04050251256281407
2023-05-19 13:28:26,365 INFO T:276.73Â°K V:1.0900e-01V I:4.0503e-02A R:2.6913e+00ğ›€ E:1.7032e+00V/cm J:3.7158e-01A/cm2 ğ›’:4.5836e+00ğ›€ cm
2023-05-19 13:28:26,391 INFO Measurement at current 0.04115577889447236
2023-05-19 13:28:26,990 INFO T:276.73Â°K V:1.1076e-01V I:4.1156e-02A R:2.6911e+00ğ›€ E:1.7306e+00V/cm J:3.7758e-01A/cm2 ğ›’:4.5834e+00ğ›€ cm
2023-05-19 13:28:27,017 INFO Measurement at current 0.04180904522613065
2023-05-19 13:28:27,614 INFO T:276.74Â°K V:1.1252e-01V I:4.1809e-02A R:2.6914e+00ğ›€ E:1.7582e+00V/cm J:3.8357e-01A/cm2 ğ›’:4.5837e+00ğ›€ cm
2023-05-19 13:28:27,633 INFO Measurement at current 0.04246231155778894
2023-05-19 13:28:28,221 INFO T:276.74Â°K V:1.1427e-01V I:4.2462e-02A R:2.6911e+00ğ›€ E:1.7855e+00V/cm J:3.8956e-01A/cm2 ğ›’:4.5833e+00ğ›€ cm
2023-05-19 13:28:28,250 INFO Measurement at current 0.04311557788944723
2023-05-19 13:28:28,878 INFO T:276.75Â°K V:1.1604e-01V I:4.3116e-02A R:2.6913e+00ğ›€ E:1.8131e+00V/cm J:3.9556e-01A/cm2 ğ›’:4.5837e+00ğ›€ cm
2023-05-19 13:28:28,896 INFO Measurement at current 0.043768844221105524
2023-05-19 13:28:29,501 INFO T:276.75Â°K V:1.1780e-01V I:4.3769e-02A R:2.6915e+00ğ›€ E:1.8407e+00V/cm J:4.0155e-01A/cm2 ğ›’:4.5840e+00ğ›€ cm
2023-05-19 13:28:29,540 INFO Measurement at current 0.044422110552763815
2023-05-19 13:28:30,151 INFO T:276.76Â°K V:1.1956e-01V I:4.4422e-02A R:2.6914e+00ğ›€ E:1.8681e+00V/cm J:4.0754e-01A/cm2 ğ›’:4.5838e+00ğ›€ cm
2023-05-19 13:28:30,176 INFO Measurement at current 0.04507537688442211
2023-05-19 13:28:31,520 INFO T:276.77Â°K V:1.2133e-01V I:4.5075e-02A R:2.6917e+00ğ›€ E:1.8958e+00V/cm J:4.1354e-01A/cm2 ğ›’:4.5843e+00ğ›€ cm
2023-05-19 13:28:31,545 INFO Measurement at current 0.0457286432160804
2023-05-19 13:28:32,146 INFO T:276.77Â°K V:1.2309e-01V I:4.5729e-02A R:2.6919e+00ğ›€ E:1.9234e+00V/cm J:4.1953e-01A/cm2 ğ›’:4.5846e+00ğ›€ cm
2023-05-19 13:28:32,161 INFO Measurement at current 0.046381909547738694
2023-05-19 13:28:32,749 INFO T:276.77Â°K V:1.2484e-01V I:4.6382e-02A R:2.6917e+00ğ›€ E:1.9507e+00V/cm J:4.2552e-01A/cm2 ğ›’:4.5842e+00ğ›€ cm
2023-05-19 13:28:32,768 INFO Measurement at current 0.047035175879396984
2023-05-19 13:28:33,354 INFO T:276.78Â°K V:1.2661e-01V I:4.7035e-02A R:2.6918e+00ğ›€ E:1.9783e+00V/cm J:4.3152e-01A/cm2 ğ›’:4.5845e+00ğ›€ cm
2023-05-19 13:28:33,381 INFO Measurement at current 0.047688442211055275
2023-05-19 13:28:33,973 INFO T:276.78Â°K V:1.2838e-01V I:4.7688e-02A R:2.6920e+00ğ›€ E:2.0059e+00V/cm J:4.3751e-01A/cm2 ğ›’:4.5848e+00ğ›€ cm
2023-05-19 13:28:33,998 INFO Measurement at current 0.048341708542713566
2023-05-19 13:28:34,607 INFO T:276.79Â°K V:1.3013e-01V I:4.8342e-02A R:2.6918e+00ğ›€ E:2.0333e+00V/cm J:4.4350e-01A/cm2 ğ›’:4.5845e+00ğ›€ cm
2023-05-19 13:28:34,624 INFO Measurement at current 0.048994974874371856
2023-05-19 13:28:35,225 INFO T:276.79Â°K V:1.3189e-01V I:4.8995e-02A R:2.6920e+00ğ›€ E:2.0608e+00V/cm J:4.4950e-01A/cm2 ğ›’:4.5848e+00ğ›€ cm
2023-05-19 13:28:35,246 INFO Measurement at current 0.04964824120603015
2023-05-19 13:28:35,831 INFO T:276.80Â°K V:1.3366e-01V I:4.9648e-02A R:2.6920e+00ğ›€ E:2.0884e+00V/cm J:4.5549e-01A/cm2 ğ›’:4.5849e+00ğ›€ cm
2023-05-19 13:28:35,845 INFO Measurement at current 0.05030150753768844
2023-05-19 13:28:36,438 INFO T:276.80Â°K V:1.3541e-01V I:5.0302e-02A R:2.6919e+00ğ›€ E:2.1157e+00V/cm J:4.6148e-01A/cm2 ğ›’:4.5847e+00ğ›€ cm
2023-05-19 13:28:36,454 INFO Measurement at current 0.050954773869346735
2023-05-19 13:28:37,056 INFO T:276.80Â°K V:1.3717e-01V I:5.0955e-02A R:2.6921e+00ğ›€ E:2.1433e+00V/cm J:4.6747e-01A/cm2 ğ›’:4.5849e+00ğ›€ cm
2023-05-19 13:28:37,077 INFO Measurement at current 0.051608040201005026
2023-05-19 13:28:37,676 INFO T:276.81Â°K V:1.3894e-01V I:5.1608e-02A R:2.6922e+00ğ›€ E:2.1709e+00V/cm J:4.7347e-01A/cm2 ğ›’:4.5851e+00ğ›€ cm
2023-05-19 13:28:37,694 INFO Measurement at current 0.05226130653266332
2023-05-19 13:28:38,301 INFO T:276.81Â°K V:1.4069e-01V I:5.2261e-02A R:2.6921e+00ğ›€ E:2.1983e+00V/cm J:4.7946e-01A/cm2 ğ›’:4.5849e+00ğ›€ cm
2023-05-19 13:28:38,341 INFO Measurement at current 0.05291457286432161
2023-05-19 13:28:38,928 INFO T:276.82Â°K V:1.4246e-01V I:5.2915e-02A R:2.6922e+00ğ›€ E:2.2259e+00V/cm J:4.8545e-01A/cm2 ğ›’:4.5852e+00ğ›€ cm
2023-05-19 13:28:38,945 INFO Measurement at current 0.0535678391959799
2023-05-19 13:28:39,534 INFO T:276.82Â°K V:1.4422e-01V I:5.3568e-02A R:2.6923e+00ğ›€ E:2.2534e+00V/cm J:4.9145e-01A/cm2 ğ›’:4.5853e+00ğ›€ cm
2023-05-19 13:28:39,552 INFO Measurement at current 0.05422110552763819
2023-05-19 13:28:40,159 INFO T:276.83Â°K V:1.4597e-01V I:5.4221e-02A R:2.6922e+00ğ›€ E:2.2808e+00V/cm J:4.9744e-01A/cm2 ğ›’:4.5852e+00ğ›€ cm
2023-05-19 13:28:40,215 INFO Measurement at current 0.05487437185929648
2023-05-19 13:28:40,807 INFO T:276.83Â°K V:1.4774e-01V I:5.4874e-02A R:2.6924e+00ğ›€ E:2.3085e+00V/cm J:5.0343e-01A/cm2 ğ›’:4.5855e+00ğ›€ cm
2023-05-19 13:28:40,824 INFO Measurement at current 0.05552763819095477
2023-05-19 13:28:41,421 INFO T:276.83Â°K V:1.4951e-01V I:5.5528e-02A R:2.6926e+00ğ›€ E:2.3361e+00V/cm J:5.0943e-01A/cm2 ğ›’:4.5858e+00ğ›€ cm
2023-05-19 13:28:41,451 INFO Measurement at current 0.05618090452261306
2023-05-19 13:28:42,061 INFO T:276.84Â°K V:1.5127e-01V I:5.6181e-02A R:2.6925e+00ğ›€ E:2.3635e+00V/cm J:5.1542e-01A/cm2 ğ›’:4.5857e+00ğ›€ cm
2023-05-19 13:28:42,081 INFO Measurement at current 0.05683417085427136
2023-05-19 13:28:42,677 INFO T:276.84Â°K V:1.5303e-01V I:5.6834e-02A R:2.6926e+00ğ›€ E:2.3911e+00V/cm J:5.2141e-01A/cm2 ğ›’:4.5858e+00ğ›€ cm
2023-05-19 13:28:42,709 INFO Measurement at current 0.05748743718592965
2023-05-19 13:28:43,298 INFO T:276.85Â°K V:1.5479e-01V I:5.7487e-02A R:2.6925e+00ğ›€ E:2.4185e+00V/cm J:5.2741e-01A/cm2 ğ›’:4.5857e+00ğ›€ cm
2023-05-19 13:28:43,319 INFO Measurement at current 0.05814070351758794
2023-05-19 13:28:43,911 INFO T:276.85Â°K V:1.5655e-01V I:5.8141e-02A R:2.6927e+00ğ›€ E:2.4462e+00V/cm J:5.3340e-01A/cm2 ğ›’:4.5860e+00ğ›€ cm
2023-05-19 13:28:43,932 INFO Measurement at current 0.05879396984924623
2023-05-19 13:28:44,521 INFO T:276.86Â°K V:1.5832e-01V I:5.8794e-02A R:2.6929e+00ğ›€ E:2.4738e+00V/cm J:5.3939e-01A/cm2 ğ›’:4.5863e+00ğ›€ cm
2023-05-19 13:28:44,546 INFO Measurement at current 0.05944723618090452
2023-05-19 13:28:45,138 INFO T:276.86Â°K V:1.6008e-01V I:5.9447e-02A R:2.6928e+00ğ›€ E:2.5012e+00V/cm J:5.4539e-01A/cm2 ğ›’:4.5862e+00ğ›€ cm
2023-05-19 13:28:45,160 INFO Measurement at current 0.06010050251256281
2023-05-19 13:28:45,766 INFO T:276.86Â°K V:1.6184e-01V I:6.0101e-02A R:2.6929e+00ğ›€ E:2.5288e+00V/cm J:5.5138e-01A/cm2 ğ›’:4.5863e+00ğ›€ cm
2023-05-19 13:28:45,799 INFO Measurement at current 0.0607537688442211
2023-05-19 13:28:46,397 INFO T:276.87Â°K V:1.6361e-01V I:6.0754e-02A R:2.6930e+00ğ›€ E:2.5564e+00V/cm J:5.5737e-01A/cm2 ğ›’:4.5866e+00ğ›€ cm
2023-05-19 13:28:46,415 INFO Measurement at current 0.06140703517587939
2023-05-19 13:28:47,012 INFO T:276.87Â°K V:1.6537e-01V I:6.1407e-02A R:2.6929e+00ğ›€ E:2.5838e+00V/cm J:5.6337e-01A/cm2 ğ›’:4.5864e+00ğ›€ cm
2023-05-19 13:28:47,036 INFO Measurement at current 0.062060301507537684
2023-05-19 13:28:47,620 INFO T:276.88Â°K V:1.6713e-01V I:6.2060e-02A R:2.6931e+00ğ›€ E:2.6115e+00V/cm J:5.6936e-01A/cm2 ğ›’:4.5866e+00ğ›€ cm
2023-05-19 13:28:47,636 INFO Measurement at current 0.06271356783919597
2023-05-19 13:28:48,227 INFO T:276.88Â°K V:1.6890e-01V I:6.2714e-02A R:2.6932e+00ğ›€ E:2.6391e+00V/cm J:5.7535e-01A/cm2 ğ›’:4.5868e+00ğ›€ cm
2023-05-19 13:28:48,245 INFO Measurement at current 0.06336683417085427
2023-05-19 13:28:48,856 INFO T:276.89Â°K V:1.7065e-01V I:6.3367e-02A R:2.6931e+00ğ›€ E:2.6665e+00V/cm J:5.8135e-01A/cm2 ğ›’:4.5867e+00ğ›€ cm
2023-05-19 13:28:48,897 INFO Measurement at current 0.06402010050251256
2023-05-19 13:28:49,494 INFO T:276.89Â°K V:1.7242e-01V I:6.4020e-02A R:2.6932e+00ğ›€ E:2.6940e+00V/cm J:5.8734e-01A/cm2 ğ›’:4.5868e+00ğ›€ cm
2023-05-19 13:28:49,534 INFO Measurement at current 0.06467336683417085
2023-05-19 13:28:50,126 INFO T:276.89Â°K V:1.7418e-01V I:6.4673e-02A R:2.6933e+00ğ›€ E:2.7216e+00V/cm J:5.9333e-01A/cm2 ğ›’:4.5870e+00ğ›€ cm
2023-05-19 13:28:50,151 INFO Measurement at current 0.06532663316582914
2023-05-19 13:28:50,745 INFO T:276.90Â°K V:1.7594e-01V I:6.5327e-02A R:2.6932e+00ğ›€ E:2.7490e+00V/cm J:5.9933e-01A/cm2 ğ›’:4.5869e+00ğ›€ cm
2023-05-19 13:28:50,762 INFO Measurement at current 0.06597989949748743
2023-05-19 13:28:51,347 INFO T:276.90Â°K V:1.7771e-01V I:6.5980e-02A R:2.6933e+00ğ›€ E:2.7767e+00V/cm J:6.0532e-01A/cm2 ğ›’:4.5871e+00ğ›€ cm
2023-05-19 13:28:51,371 INFO Measurement at current 0.06663316582914573
2023-05-19 13:28:51,959 INFO T:276.91Â°K V:1.7947e-01V I:6.6633e-02A R:2.6935e+00ğ›€ E:2.8043e+00V/cm J:6.1131e-01A/cm2 ğ›’:4.5873e+00ğ›€ cm
2023-05-19 13:28:51,976 INFO Measurement at current 0.06728643216080402
2023-05-19 13:28:52,569 INFO T:276.91Â°K V:1.8122e-01V I:6.7286e-02A R:2.6933e+00ğ›€ E:2.8316e+00V/cm J:6.1731e-01A/cm2 ğ›’:4.5871e+00ğ›€ cm
2023-05-19 13:28:52,585 INFO Measurement at current 0.06793969849246231
2023-05-19 13:28:53,197 INFO T:276.92Â°K V:1.8299e-01V I:6.7940e-02A R:2.6935e+00ğ›€ E:2.8593e+00V/cm J:6.2330e-01A/cm2 ğ›’:4.5873e+00ğ›€ cm
2023-05-19 13:28:53,213 INFO Measurement at current 0.0685929648241206
2023-05-19 13:28:53,812 INFO T:276.92Â°K V:1.8477e-01V I:6.8593e-02A R:2.6936e+00ğ›€ E:2.8870e+00V/cm J:6.2929e-01A/cm2 ğ›’:4.5876e+00ğ›€ cm
2023-05-19 13:28:53,827 INFO Measurement at current 0.0692462311557789
2023-05-19 13:28:54,426 INFO T:276.92Â°K V:1.8652e-01V I:6.9246e-02A R:2.6936e+00ğ›€ E:2.9144e+00V/cm J:6.3529e-01A/cm2 ğ›’:4.5875e+00ğ›€ cm
2023-05-19 13:28:54,445 INFO Measurement at current 0.06989949748743718
2023-05-19 13:28:55,034 INFO T:276.93Â°K V:1.8829e-01V I:6.9899e-02A R:2.6938e+00ğ›€ E:2.9421e+00V/cm J:6.4128e-01A/cm2 ğ›’:4.5878e+00ğ›€ cm
2023-05-19 13:28:55,052 INFO Measurement at current 0.07055276381909548
2023-05-19 13:28:55,660 INFO T:276.93Â°K V:1.9006e-01V I:7.0553e-02A R:2.6939e+00ğ›€ E:2.9697e+00V/cm J:6.4727e-01A/cm2 ğ›’:4.5881e+00ğ›€ cm
2023-05-19 13:28:55,693 INFO Measurement at current 0.07120603015075376
2023-05-19 13:28:56,286 INFO T:276.94Â°K V:1.9182e-01V I:7.1206e-02A R:2.6938e+00ğ›€ E:2.9971e+00V/cm J:6.5327e-01A/cm2 ğ›’:4.5879e+00ğ›€ cm
2023-05-19 13:28:56,304 INFO Measurement at current 0.07185929648241206
2023-05-19 13:28:56,903 INFO T:276.94Â°K V:1.9359e-01V I:7.1859e-02A R:2.6940e+00ğ›€ E:3.0248e+00V/cm J:6.5926e-01A/cm2 ğ›’:4.5882e+00ğ›€ cm
2023-05-19 13:28:56,925 INFO Measurement at current 0.07251256281407036
2023-05-19 13:28:57,556 INFO T:276.95Â°K V:1.9536e-01V I:7.2513e-02A R:2.6941e+00ğ›€ E:3.0525e+00V/cm J:6.6525e-01A/cm2 ğ›’:4.5884e+00ğ›€ cm
2023-05-19 13:28:57,574 INFO Measurement at current 0.07316582914572864
2023-05-19 13:28:58,176 INFO T:276.95Â°K V:1.9712e-01V I:7.3166e-02A R:2.6941e+00ğ›€ E:3.0799e+00V/cm J:6.7125e-01A/cm2 ğ›’:4.5884e+00ğ›€ cm
2023-05-19 13:28:58,198 INFO Measurement at current 0.07381909547738694
2023-05-19 13:28:58,789 INFO T:276.95Â°K V:1.9889e-01V I:7.3819e-02A R:2.6943e+00ğ›€ E:3.1076e+00V/cm J:6.7724e-01A/cm2 ğ›’:4.5887e+00ğ›€ cm
2023-05-19 13:28:58,830 INFO Measurement at current 0.07447236180904522
2023-05-19 13:28:59,438 INFO T:276.96Â°K V:2.0064e-01V I:7.4472e-02A R:2.6942e+00ğ›€ E:3.1350e+00V/cm J:6.8323e-01A/cm2 ğ›’:4.5885e+00ğ›€ cm
2023-05-19 13:28:59,464 INFO Measurement at current 0.07512562814070352
2023-05-19 13:29:00,055 INFO T:276.96Â°K V:2.0241e-01V I:7.5126e-02A R:2.6943e+00ğ›€ E:3.1627e+00V/cm J:6.8923e-01A/cm2 ğ›’:4.5887e+00ğ›€ cm
2023-05-19 13:29:00,072 INFO Measurement at current 0.0757788944723618
2023-05-19 13:29:00,678 INFO T:276.97Â°K V:2.0418e-01V I:7.5779e-02A R:2.6944e+00ğ›€ E:3.1903e+00V/cm J:6.9522e-01A/cm2 ğ›’:4.5889e+00ğ›€ cm
2023-05-19 13:29:00,697 INFO Measurement at current 0.0764321608040201
2023-05-19 13:29:01,290 INFO T:276.97Â°K V:2.0594e-01V I:7.6432e-02A R:2.6944e+00ğ›€ E:3.2178e+00V/cm J:7.0121e-01A/cm2 ğ›’:4.5889e+00ğ›€ cm
2023-05-19 13:29:01,306 INFO Measurement at current 0.07708542713567838
2023-05-19 13:29:01,888 INFO T:276.98Â°K V:2.0771e-01V I:7.7085e-02A R:2.6945e+00ğ›€ E:3.2454e+00V/cm J:7.0721e-01A/cm2 ğ›’:4.5891e+00ğ›€ cm
2023-05-19 13:29:01,909 INFO Measurement at current 0.07773869346733668
2023-05-19 13:29:02,517 INFO T:276.98Â°K V:2.0947e-01V I:7.7739e-02A R:2.6946e+00ğ›€ E:3.2730e+00V/cm J:7.1320e-01A/cm2 ğ›’:4.5892e+00ğ›€ cm
2023-05-19 13:29:02,534 INFO Measurement at current 0.07839195979899498
2023-05-19 13:29:03,156 INFO T:276.98Â°K V:2.1123e-01V I:7.8392e-02A R:2.6945e+00ğ›€ E:3.3004e+00V/cm J:7.1919e-01A/cm2 ğ›’:4.5891e+00ğ›€ cm
2023-05-19 13:29:03,174 INFO Measurement at current 0.07904522613065326
2023-05-19 13:29:03,778 INFO T:276.99Â°K V:2.1300e-01V I:7.9045e-02A R:2.6946e+00ğ›€ E:3.3281e+00V/cm J:7.2519e-01A/cm2 ğ›’:4.5893e+00ğ›€ cm
2023-05-19 13:29:03,805 INFO Measurement at current 0.07969849246231156
2023-05-19 13:29:04,402 INFO T:276.99Â°K V:2.1477e-01V I:7.9698e-02A R:2.6948e+00ğ›€ E:3.3558e+00V/cm J:7.3118e-01A/cm2 ğ›’:4.5895e+00ğ›€ cm
2023-05-19 13:29:04,417 INFO Measurement at current 0.08035175879396984
2023-05-19 13:29:05,014 INFO T:277.00Â°K V:2.1653e-01V I:8.0352e-02A R:2.6947e+00ğ›€ E:3.3832e+00V/cm J:7.3717e-01A/cm2 ğ›’:4.5895e+00ğ›€ cm
2023-05-19 13:29:05,049 INFO Measurement at current 0.08100502512562814
2023-05-19 13:29:05,651 INFO T:277.00Â°K V:2.1830e-01V I:8.1005e-02A R:2.6949e+00ğ›€ E:3.4109e+00V/cm J:7.4317e-01A/cm2 ğ›’:4.5897e+00ğ›€ cm
2023-05-19 13:29:05,667 INFO Measurement at current 0.08165829145728642
2023-05-19 13:29:06,262 INFO T:277.01Â°K V:2.2007e-01V I:8.1658e-02A R:2.6950e+00ğ›€ E:3.4385e+00V/cm J:7.4916e-01A/cm2 ğ›’:4.5899e+00ğ›€ cm
2023-05-19 13:29:06,291 INFO Measurement at current 0.08231155778894472
2023-05-19 13:29:06,876 INFO T:277.01Â°K V:2.2183e-01V I:8.2312e-02A R:2.6950e+00ğ›€ E:3.4660e+00V/cm J:7.5515e-01A/cm2 ğ›’:4.5898e+00ğ›€ cm
2023-05-19 13:29:06,898 INFO Measurement at current 0.082964824120603
2023-05-19 13:29:07,502 INFO T:277.01Â°K V:2.2360e-01V I:8.2965e-02A R:2.6951e+00ğ›€ E:3.4937e+00V/cm J:7.6115e-01A/cm2 ğ›’:4.5901e+00ğ›€ cm
2023-05-19 13:29:07,523 INFO Measurement at current 0.0836180904522613
2023-05-19 13:29:08,122 INFO T:277.02Â°K V:2.2537e-01V I:8.3618e-02A R:2.6953e+00ğ›€ E:3.5215e+00V/cm J:7.6714e-01A/cm2 ğ›’:4.5904e+00ğ›€ cm
2023-05-19 13:29:08,150 INFO Measurement at current 0.0842713567839196
2023-05-19 13:29:08,745 INFO T:277.02Â°K V:2.2713e-01V I:8.4271e-02A R:2.6953e+00ğ›€ E:3.5490e+00V/cm J:7.7313e-01A/cm2 ğ›’:4.5904e+00ğ›€ cm
2023-05-19 13:29:08,795 INFO Measurement at current 0.08492462311557789
2023-05-19 13:29:09,408 INFO T:277.03Â°K V:2.2890e-01V I:8.4925e-02A R:2.6954e+00ğ›€ E:3.5766e+00V/cm J:7.7912e-01A/cm2 ğ›’:4.5905e+00ğ›€ cm
2023-05-19 13:29:09,429 INFO Measurement at current 0.08557788944723618
2023-05-19 13:29:10,069 INFO T:277.03Â°K V:2.3068e-01V I:8.5578e-02A R:2.6955e+00ğ›€ E:3.6043e+00V/cm J:7.8512e-01A/cm2 ğ›’:4.5908e+00ğ›€ cm
2023-05-19 13:29:10,096 INFO Measurement at current 0.08623115577889447
2023-05-19 13:29:10,681 INFO T:277.04Â°K V:2.3244e-01V I:8.6231e-02A R:2.6955e+00ğ›€ E:3.6318e+00V/cm J:7.9111e-01A/cm2 ğ›’:4.5908e+00ğ›€ cm
2023-05-19 13:29:10,698 INFO Measurement at current 0.08688442211055276
2023-05-19 13:29:11,294 INFO T:277.04Â°K V:2.3421e-01V I:8.6884e-02A R:2.6957e+00ğ›€ E:3.6596e+00V/cm J:7.9710e-01A/cm2 ğ›’:4.5911e+00ğ›€ cm
2023-05-19 13:29:11,310 INFO Measurement at current 0.08753768844221105
2023-05-19 13:29:11,905 INFO T:277.05Â°K V:2.3599e-01V I:8.7538e-02A R:2.6958e+00ğ›€ E:3.6873e+00V/cm J:8.0310e-01A/cm2 ğ›’:4.5914e+00ğ›€ cm
2023-05-19 13:29:11,960 INFO Measurement at current 0.08819095477386935
2023-05-19 13:29:12,573 INFO T:277.05Â°K V:2.3775e-01V I:8.8191e-02A R:2.6958e+00ğ›€ E:3.7148e+00V/cm J:8.0909e-01A/cm2 ğ›’:4.5913e+00ğ›€ cm
2023-05-19 13:29:12,589 INFO Measurement at current 0.08884422110552763
2023-05-19 13:29:13,188 INFO T:277.05Â°K V:2.3952e-01V I:8.8844e-02A R:2.6959e+00ğ›€ E:3.7425e+00V/cm J:8.1508e-01A/cm2 ğ›’:4.5915e+00ğ›€ cm
2023-05-19 13:29:13,204 INFO Measurement at current 0.08949748743718593
2023-05-19 13:29:13,795 INFO T:277.06Â°K V:2.4128e-01V I:8.9497e-02A R:2.6959e+00ğ›€ E:3.7699e+00V/cm J:8.2108e-01A/cm2 ğ›’:4.5914e+00ğ›€ cm
2023-05-19 13:29:13,813 INFO Measurement at current 0.09015075376884422
2023-05-19 13:29:14,451 INFO T:277.06Â°K V:2.4305e-01V I:9.0151e-02A R:2.6960e+00ğ›€ E:3.7976e+00V/cm J:8.2707e-01A/cm2 ğ›’:4.5917e+00ğ›€ cm
2023-05-19 13:29:14,479 INFO Measurement at current 0.09080402010050251
2023-05-19 13:29:15,083 INFO T:277.07Â°K V:2.4482e-01V I:9.0804e-02A R:2.6962e+00ğ›€ E:3.8254e+00V/cm J:8.3306e-01A/cm2 ğ›’:4.5919e+00ğ›€ cm
2023-05-19 13:29:15,107 INFO Measurement at current 0.0914572864321608
2023-05-19 13:29:15,696 INFO T:277.07Â°K V:2.4658e-01V I:9.1457e-02A R:2.6961e+00ğ›€ E:3.8529e+00V/cm J:8.3906e-01A/cm2 ğ›’:4.5919e+00ğ›€ cm
2023-05-19 13:29:15,715 INFO Measurement at current 0.09211055276381909
2023-05-19 13:29:16,305 INFO T:277.08Â°K V:2.4835e-01V I:9.2111e-02A R:2.6962e+00ğ›€ E:3.8805e+00V/cm J:8.4505e-01A/cm2 ğ›’:4.5920e+00ğ›€ cm
2023-05-19 13:29:16,331 INFO Measurement at current 0.09276381909547739
2023-05-19 13:29:16,924 INFO T:277.08Â°K V:2.5013e-01V I:9.2764e-02A R:2.6964e+00ğ›€ E:3.9082e+00V/cm J:8.5104e-01A/cm2 ğ›’:4.5923e+00ğ›€ cm
2023-05-19 13:29:16,941 INFO Measurement at current 0.09341708542713567
2023-05-19 13:29:17,530 INFO T:277.08Â°K V:2.5189e-01V I:9.3417e-02A R:2.6964e+00ğ›€ E:3.9357e+00V/cm J:8.5704e-01A/cm2 ğ›’:4.5922e+00ğ›€ cm
2023-05-19 13:29:17,547 INFO Measurement at current 0.09407035175879397
2023-05-19 13:29:18,130 INFO T:277.09Â°K V:2.5366e-01V I:9.4070e-02A R:2.6965e+00ğ›€ E:3.9634e+00V/cm J:8.6303e-01A/cm2 ğ›’:4.5925e+00ğ›€ cm
2023-05-19 13:29:18,158 INFO Measurement at current 0.09472361809045225
2023-05-19 13:29:18,745 INFO T:277.09Â°K V:2.5544e-01V I:9.4724e-02A R:2.6966e+00ğ›€ E:3.9912e+00V/cm J:8.6902e-01A/cm2 ğ›’:4.5927e+00ğ›€ cm
2023-05-19 13:29:18,762 INFO Measurement at current 0.09537688442211055
2023-05-19 13:29:19,348 INFO T:277.10Â°K V:2.5719e-01V I:9.5377e-02A R:2.6966e+00ğ›€ E:4.0187e+00V/cm J:8.7502e-01A/cm2 ğ›’:4.5927e+00ğ›€ cm
2023-05-19 13:29:19,369 INFO Measurement at current 0.09603015075376885
2023-05-19 13:29:19,954 INFO T:277.10Â°K V:2.5897e-01V I:9.6030e-02A R:2.6968e+00ğ›€ E:4.0464e+00V/cm J:8.8101e-01A/cm2 ğ›’:4.5930e+00ğ›€ cm
2023-05-19 13:29:19,972 INFO Measurement at current 0.09668341708542713
2023-05-19 13:29:20,567 INFO T:277.10Â°K V:2.6075e-01V I:9.6683e-02A R:2.6969e+00ğ›€ E:4.0742e+00V/cm J:8.8700e-01A/cm2 ğ›’:4.5932e+00ğ›€ cm
2023-05-19 13:29:20,590 INFO Measurement at current 0.09733668341708543
2023-05-19 13:29:21,174 INFO T:277.11Â°K V:2.6251e-01V I:9.7337e-02A R:2.6970e+00ğ›€ E:4.1018e+00V/cm J:8.9300e-01A/cm2 ğ›’:4.5933e+00ğ›€ cm
2023-05-19 13:29:21,191 INFO Measurement at current 0.09798994974874371
2023-05-19 13:29:21,783 INFO T:277.11Â°K V:2.6429e-01V I:9.7990e-02A R:2.6971e+00ğ›€ E:4.1295e+00V/cm J:8.9899e-01A/cm2 ğ›’:4.5935e+00ğ›€ cm
2023-05-19 13:29:21,808 INFO Measurement at current 0.09864321608040201
2023-05-19 13:29:22,431 INFO T:277.12Â°K V:2.6607e-01V I:9.8643e-02A R:2.6973e+00ğ›€ E:4.1573e+00V/cm J:9.0498e-01A/cm2 ğ›’:4.5938e+00ğ›€ cm
2023-05-19 13:29:22,449 INFO Measurement at current 0.0992964824120603
2023-05-19 13:29:23,045 INFO T:277.12Â°K V:2.6783e-01V I:9.9296e-02A R:2.6973e+00ğ›€ E:4.1848e+00V/cm J:9.1098e-01A/cm2 ğ›’:4.5938e+00ğ›€ cm
2023-05-19 13:29:23,064 INFO Measurement at current 0.09994974874371859
2023-05-19 13:29:23,658 INFO T:277.13Â°K V:2.6961e-01V I:9.9950e-02A R:2.6974e+00ğ›€ E:4.2126e+00V/cm J:9.1697e-01A/cm2 ğ›’:4.5941e+00ğ›€ cm
2023-05-19 13:29:23,690 INFO Measurement at current 0.10060301507537688
2023-05-19 13:29:24,286 INFO T:277.13Â°K V:2.7139e-01V I:1.0060e-01A R:2.6976e+00ğ›€ E:4.2404e+00V/cm J:9.2296e-01A/cm2 ğ›’:4.5944e+00ğ›€ cm
2023-05-19 13:29:24,333 INFO Measurement at current 0.10125628140703517
2023-05-19 13:29:24,955 INFO T:277.14Â°K V:2.7315e-01V I:1.0126e-01A R:2.6976e+00ğ›€ E:4.2680e+00V/cm J:9.2896e-01A/cm2 ğ›’:4.5944e+00ğ›€ cm
2023-05-19 13:29:24,974 INFO Measurement at current 0.10190954773869347
2023-05-19 13:29:25,561 INFO T:277.14Â°K V:2.7493e-01V I:1.0191e-01A R:2.6978e+00ğ›€ E:4.2958e+00V/cm J:9.3495e-01A/cm2 ğ›’:4.5947e+00ğ›€ cm
2023-05-19 13:29:25,600 INFO Measurement at current 0.10256281407035175
2023-05-19 13:29:26,201 INFO T:277.14Â°K V:2.7670e-01V I:1.0256e-01A R:2.6979e+00ğ›€ E:4.3235e+00V/cm J:9.4094e-01A/cm2 ğ›’:4.5949e+00ğ›€ cm
2023-05-19 13:29:26,225 INFO Measurement at current 0.10321608040201005
2023-05-19 13:29:26,822 INFO T:277.15Â°K V:2.7847e-01V I:1.0322e-01A R:2.6979e+00ğ›€ E:4.3511e+00V/cm J:9.4694e-01A/cm2 ğ›’:4.5949e+00ğ›€ cm
2023-05-19 13:29:26,846 INFO Measurement at current 0.10386934673366834
2023-05-19 13:29:27,437 INFO T:277.15Â°K V:2.8025e-01V I:1.0387e-01A R:2.6981e+00ğ›€ E:4.3788e+00V/cm J:9.5293e-01A/cm2 ğ›’:4.5951e+00ğ›€ cm
2023-05-19 13:29:27,456 INFO Measurement at current 0.10452261306532663
2023-05-19 13:29:28,048 INFO T:277.16Â°K V:2.8202e-01V I:1.0452e-01A R:2.6982e+00ğ›€ E:4.4066e+00V/cm J:9.5892e-01A/cm2 ğ›’:4.5954e+00ğ›€ cm
2023-05-19 13:29:28,072 INFO Measurement at current 0.10517587939698492
2023-05-19 13:29:28,660 INFO T:277.16Â°K V:2.8412e-01V I:1.0518e-01A R:2.7014e+00ğ›€ E:4.4393e+00V/cm J:9.6492e-01A/cm2 ğ›’:4.6008e+00ğ›€ cm
2023-05-19 13:29:28,679 INFO Measurement at current 0.10582914572864321
2023-05-19 13:29:29,270 INFO T:277.17Â°K V:2.8587e-01V I:1.0583e-01A R:2.7012e+00ğ›€ E:4.4667e+00V/cm J:9.7091e-01A/cm2 ğ›’:4.6005e+00ğ›€ cm
2023-05-19 13:29:29,290 INFO Measurement at current 0.1064824120603015
2023-05-19 13:29:29,902 INFO T:277.17Â°K V:2.8763e-01V I:1.0648e-01A R:2.7012e+00ğ›€ E:4.4942e+00V/cm J:9.7690e-01A/cm2 ğ›’:4.6005e+00ğ›€ cm
2023-05-19 13:29:29,945 INFO Measurement at current 0.1071356783919598
2023-05-19 13:29:30,536 INFO T:277.17Â°K V:2.8943e-01V I:1.0714e-01A R:2.7016e+00ğ›€ E:4.5224e+00V/cm J:9.8290e-01A/cm2 ğ›’:4.6011e+00ğ›€ cm
2023-05-19 13:29:30,579 INFO Measurement at current 0.1077889447236181
2023-05-19 13:29:31,171 INFO T:277.18Â°K V:2.9118e-01V I:1.0779e-01A R:2.7014e+00ğ›€ E:4.5497e+00V/cm J:9.8889e-01A/cm2 ğ›’:4.6008e+00ğ›€ cm
2023-05-19 13:29:31,193 INFO Measurement at current 0.10844221105527638
2023-05-19 13:29:31,790 INFO T:277.18Â°K V:2.9292e-01V I:1.0844e-01A R:2.7012e+00ğ›€ E:4.5769e+00V/cm J:9.9488e-01A/cm2 ğ›’:4.6004e+00ğ›€ cm
2023-05-19 13:29:31,817 INFO Measurement at current 0.10909547738693468
2023-05-19 13:29:32,439 INFO T:277.19Â°K V:2.9469e-01V I:1.0910e-01A R:2.7012e+00ğ›€ E:4.6046e+00V/cm J:1.0009e+00A/cm2 ğ›’:4.6005e+00ğ›€ cm
2023-05-19 13:29:32,473 INFO Measurement at current 0.10974874371859296
2023-05-19 13:29:33,062 INFO T:277.19Â°K V:2.9645e-01V I:1.0975e-01A R:2.7011e+00ğ›€ E:4.6320e+00V/cm J:1.0069e+00A/cm2 ğ›’:4.6004e+00ğ›€ cm
2023-05-19 13:29:33,088 INFO Measurement at current 0.11040201005025126
2023-05-19 13:29:33,714 INFO T:277.20Â°K V:2.9818e-01V I:1.1040e-01A R:2.7009e+00ğ›€ E:4.6591e+00V/cm J:1.0129e+00A/cm2 ğ›’:4.5999e+00ğ›€ cm
2023-05-19 13:29:33,739 INFO Measurement at current 0.11105527638190954
2023-05-19 13:29:34,347 INFO T:277.20Â°K V:2.9998e-01V I:1.1106e-01A R:2.7012e+00ğ›€ E:4.6872e+00V/cm J:1.0189e+00A/cm2 ğ›’:4.6005e+00ğ›€ cm
2023-05-19 13:29:34,365 INFO Measurement at current 0.11170854271356784
2023-05-19 13:29:34,966 INFO T:277.20Â°K V:3.0174e-01V I:1.1171e-01A R:2.7011e+00ğ›€ E:4.7147e+00V/cm J:1.0248e+00A/cm2 ğ›’:4.6003e+00ğ›€ cm
2023-05-19 13:29:34,985 INFO Measurement at current 0.11236180904522612
2023-05-19 13:29:35,569 INFO T:277.21Â°K V:3.0348e-01V I:1.1236e-01A R:2.7009e+00ğ›€ E:4.7418e+00V/cm J:1.0308e+00A/cm2 ğ›’:4.6000e+00ğ›€ cm
2023-05-19 13:29:35,588 INFO Measurement at current 0.11301507537688442
2023-05-19 13:29:36,175 INFO T:277.21Â°K V:3.0528e-01V I:1.1302e-01A R:2.7012e+00ğ›€ E:4.7700e+00V/cm J:1.0368e+00A/cm2 ğ›’:4.6005e+00ğ›€ cm
2023-05-19 13:29:36,195 INFO Measurement at current 0.11366834170854272
2023-05-19 13:29:36,788 INFO T:277.22Â°K V:3.0704e-01V I:1.1367e-01A R:2.7012e+00ğ›€ E:4.7975e+00V/cm J:1.0428e+00A/cm2 ğ›’:4.6005e+00ğ›€ cm
2023-05-19 13:29:36,816 INFO Measurement at current 0.114321608040201
2023-05-19 13:29:37,406 INFO T:277.22Â°K V:3.0879e-01V I:1.1432e-01A R:2.7011e+00ğ›€ E:4.8248e+00V/cm J:1.0488e+00A/cm2 ğ›’:4.6002e+00ğ›€ cm
2023-05-19 13:29:37,442 INFO Measurement at current 0.1149748743718593
2023-05-19 13:29:38,043 INFO T:277.23Â°K V:3.1058e-01V I:1.1497e-01A R:2.7013e+00ğ›€ E:4.8528e+00V/cm J:1.0548e+00A/cm2 ğ›’:4.6006e+00ğ›€ cm
2023-05-19 13:29:38,091 INFO Measurement at current 0.11562814070351758
2023-05-19 13:29:38,724 INFO T:277.23Â°K V:3.1247e-01V I:1.1563e-01A R:2.7024e+00ğ›€ E:4.8823e+00V/cm J:1.0608e+00A/cm2 ğ›’:4.6025e+00ğ›€ cm
2023-05-19 13:29:38,755 INFO Measurement at current 0.11628140703517588
2023-05-19 13:29:39,361 INFO T:277.24Â°K V:3.1427e-01V I:1.1628e-01A R:2.7027e+00ğ›€ E:4.9105e+00V/cm J:1.0668e+00A/cm2 ğ›’:4.6030e+00ğ›€ cm
2023-05-19 13:29:39,381 INFO Measurement at current 0.11693467336683416
2023-05-19 13:29:39,987 INFO T:277.24Â°K V:3.1602e-01V I:1.1693e-01A R:2.7025e+00ğ›€ E:4.9378e+00V/cm J:1.0728e+00A/cm2 ğ›’:4.6027e+00ğ›€ cm
2023-05-19 13:29:40,002 INFO Measurement at current 0.11758793969849246
2023-05-19 13:29:40,598 INFO T:277.24Â°K V:3.1778e-01V I:1.1759e-01A R:2.7025e+00ğ›€ E:4.9654e+00V/cm J:1.0788e+00A/cm2 ğ›’:4.6027e+00ğ›€ cm
2023-05-19 13:29:40,634 INFO Measurement at current 0.11824120603015074
2023-05-19 13:29:41,243 INFO T:277.25Â°K V:3.1958e-01V I:1.1824e-01A R:2.7028e+00ğ›€ E:4.9934e+00V/cm J:1.0848e+00A/cm2 ğ›’:4.6031e+00ğ›€ cm
2023-05-19 13:29:41,281 INFO Measurement at current 0.11889447236180904
2023-05-19 13:29:41,901 INFO T:277.25Â°K V:3.2134e-01V I:1.1889e-01A R:2.7027e+00ğ›€ E:5.0209e+00V/cm J:1.0908e+00A/cm2 ğ›’:4.6030e+00ğ›€ cm
2023-05-19 13:29:41,920 INFO Measurement at current 0.11954773869346734
2023-05-19 13:29:42,517 INFO T:277.26Â°K V:3.2309e-01V I:1.1955e-01A R:2.7026e+00ğ›€ E:5.0483e+00V/cm J:1.0968e+00A/cm2 ğ›’:4.6029e+00ğ›€ cm
2023-05-19 13:29:42,540 INFO Measurement at current 0.12020100502512562
2023-05-19 13:29:43,134 INFO T:277.26Â°K V:3.2489e-01V I:1.2020e-01A R:2.7029e+00ğ›€ E:5.0764e+00V/cm J:1.1028e+00A/cm2 ğ›’:4.6033e+00ğ›€ cm
2023-05-19 13:29:43,155 INFO Measurement at current 0.12085427135678392
2023-05-19 13:29:43,770 INFO T:277.27Â°K V:3.2665e-01V I:1.2085e-01A R:2.7028e+00ğ›€ E:5.1039e+00V/cm J:1.1088e+00A/cm2 ğ›’:4.6032e+00ğ›€ cm
2023-05-19 13:29:43,789 INFO Measurement at current 0.1215075376884422
2023-05-19 13:29:44,387 INFO T:277.27Â°K V:3.2840e-01V I:1.2151e-01A R:2.7027e+00ğ›€ E:5.1313e+00V/cm J:1.1147e+00A/cm2 ğ›’:4.6031e+00ğ›€ cm
2023-05-19 13:29:44,410 INFO Measurement at current 0.1221608040201005
2023-05-19 13:29:44,995 INFO T:277.27Â°K V:3.3020e-01V I:1.2216e-01A R:2.7030e+00ğ›€ E:5.1594e+00V/cm J:1.1207e+00A/cm2 ğ›’:4.6036e+00ğ›€ cm
2023-05-19 13:29:45,014 INFO Measurement at current 0.12281407035175879
2023-05-19 13:29:45,655 INFO T:277.28Â°K V:3.3196e-01V I:1.2281e-01A R:2.7029e+00ğ›€ E:5.1868e+00V/cm J:1.1267e+00A/cm2 ğ›’:4.6034e+00ğ›€ cm
2023-05-19 13:29:45,688 INFO Measurement at current 0.12346733668341708
2023-05-19 13:29:46,323 INFO T:277.28Â°K V:3.3371e-01V I:1.2347e-01A R:2.7028e+00ğ›€ E:5.2142e+00V/cm J:1.1327e+00A/cm2 ğ›’:4.6032e+00ğ›€ cm
2023-05-19 13:29:46,415 INFO Measurement at current 0.12412060301507537
2023-05-19 13:29:47,025 INFO T:277.29Â°K V:3.3549e-01V I:1.2412e-01A R:2.7030e+00ğ›€ E:5.2421e+00V/cm J:1.1387e+00A/cm2 ğ›’:4.6035e+00ğ›€ cm
2023-05-19 13:29:47,072 INFO Measurement at current 0.12477386934673367
2023-05-19 13:29:47,688 INFO T:277.29Â°K V:3.3726e-01V I:1.2477e-01A R:2.7030e+00ğ›€ E:5.2697e+00V/cm J:1.1447e+00A/cm2 ğ›’:4.6035e+00ğ›€ cm
2023-05-19 13:29:47,708 INFO Measurement at current 0.12542713567839195
2023-05-19 13:29:48,310 INFO T:277.30Â°K V:3.3917e-01V I:1.2543e-01A R:2.7041e+00ğ›€ E:5.2995e+00V/cm J:1.1507e+00A/cm2 ğ›’:4.6054e+00ğ›€ cm
2023-05-19 13:29:48,334 INFO Measurement at current 0.12608040201005025
2023-05-19 13:29:48,927 INFO T:277.30Â°K V:3.4098e-01V I:1.2608e-01A R:2.7044e+00ğ›€ E:5.3278e+00V/cm J:1.1567e+00A/cm2 ğ›’:4.6060e+00ğ›€ cm
2023-05-19 13:29:48,949 INFO Measurement at current 0.12673366834170854
2023-05-19 13:29:49,538 INFO T:277.31Â°K V:3.4272e-01V I:1.2673e-01A R:2.7043e+00ğ›€ E:5.3550e+00V/cm J:1.1627e+00A/cm2 ğ›’:4.6057e+00ğ›€ cm
2023-05-19 13:29:49,568 INFO Measurement at current 0.12738693467336684
2023-05-19 13:29:50,162 INFO T:277.31Â°K V:3.4450e-01V I:1.2739e-01A R:2.7044e+00ğ›€ E:5.3828e+00V/cm J:1.1687e+00A/cm2 ğ›’:4.6059e+00ğ›€ cm
2023-05-19 13:29:50,178 INFO Measurement at current 0.1280402010050251
2023-05-19 13:29:50,791 INFO T:277.31Â°K V:3.4629e-01V I:1.2804e-01A R:2.7045e+00ğ›€ E:5.4108e+00V/cm J:1.1747e+00A/cm2 ğ›’:4.6062e+00ğ›€ cm
2023-05-19 13:29:50,821 INFO Measurement at current 0.1286934673366834
2023-05-19 13:29:51,409 INFO T:277.32Â°K V:3.4804e-01V I:1.2869e-01A R:2.7044e+00ğ›€ E:5.4382e+00V/cm J:1.1807e+00A/cm2 ğ›’:4.6060e+00ğ›€ cm
2023-05-19 13:29:51,435 INFO Measurement at current 0.1293467336683417
2023-05-19 13:29:52,031 INFO T:277.32Â°K V:3.4980e-01V I:1.2935e-01A R:2.7044e+00ğ›€ E:5.4656e+00V/cm J:1.1867e+00A/cm2 ğ›’:4.6059e+00ğ›€ cm
2023-05-19 13:29:52,047 INFO Measurement at current 0.13
2023-05-19 13:29:52,653 INFO T:277.33Â°K V:3.5160e-01V I:1.3000e-01A R:2.7046e+00ğ›€ E:5.4938e+00V/cm J:1.1927e+00A/cm2 ğ›’:4.6063e+00ğ›€ cm
2023-05-19 13:30:47,458 INFO Save the description file
2023-05-19 13:30:47,464 INFO Save data in numpy format Esperimenti/CPRO_MUSA_180523_I_V/CPRO_MUSA_180523_I_V_current_from_0_to_1300e-4A/CPRO_MUSA_180523_I_V_current_from_0_to_1300e-4A-20230519133045
2023-05-19 13:30:47,484 INFO Save data in CSV format Esperimenti/CPRO_MUSA_180523_I_V/CPRO_MUSA_180523_I_V_current_from_0_to_1300e-4A/CPRO_MUSA_180523_I_V_current_from_0_to_1300e-4A-20230519133045.csv
2023-05-19 13:30:47,515 INFO Save plot as image Esperimenti/CPRO_MUSA_180523_I_V/CPRO_MUSA_180523_I_V_current_from_0_to_1300e-4A/CPRO_MUSA_180523_I_V_current_from_0_to_1300e-4A-20230519133045.png
