2023-05-18 17:47:31,332 INFO ### Start experiment: CPRO_MUSA_180523_I_V current from 0 to 1300e-4A ###
2023-05-18 17:47:32,677 INFO Found Multimeter KEITHLEY INSTRUMENTS INC.,MODEL 2700,0884890,B03  /A02  

2023-05-18 17:47:33,710 INFO Found Nanovolt Meter KEITHLEY INSTRUMENTS INC.,MODEL 2182A,4056474,C03  /A02  

2023-05-18 17:47:33,817 INFO Found Source Meter KEITHLEY INSTRUMENTS INC.,MODEL 2400,0945684,C24   Feb 14 2002 11:59:45/A02  /K/H

2023-05-18 17:47:33,946 INFO Start the measurement loop
2023-05-18 17:47:44,169 INFO Measurement at current 0.0
2023-05-18 17:47:45,109 INFO T:186.03Â°K V:2.8188e-06V I:0.0000e+00A R:infğ›€ E:4.4044e-05V/cm J:0.0000e+00A/cm2 ğ›’:infğ›€ cm
2023-05-18 17:47:45,148 INFO Measurement at current 0.0006532663316582914
2023-05-18 17:47:45,747 INFO T:186.03Â°K V:2.4273e-03V I:6.5327e-04A R:3.7157e+00ğ›€ E:3.7927e-02V/cm J:5.9933e-03A/cm2 ğ›’:6.3283e+00ğ›€ cm
2023-05-18 17:47:45,764 INFO Measurement at current 0.0013065326633165829
2023-05-18 17:47:46,371 INFO T:186.04Â°K V:4.8511e-03V I:1.3065e-03A R:3.7129e+00ğ›€ E:7.5798e-02V/cm J:1.1987e-02A/cm2 ğ›’:6.3236e+00ğ›€ cm
2023-05-18 17:47:46,396 INFO Measurement at current 0.001959798994974874
2023-05-18 17:47:46,998 INFO T:186.05Â°K V:7.2766e-03V I:1.9598e-03A R:3.7129e+00ğ›€ E:1.1370e-01V/cm J:1.7980e-02A/cm2 ğ›’:6.3236e+00ğ›€ cm
2023-05-18 17:47:47,018 INFO Measurement at current 0.0026130653266331657
2023-05-18 17:47:47,613 INFO T:186.05Â°K V:9.6974e-03V I:2.6131e-03A R:3.7111e+00ğ›€ E:1.5152e-01V/cm J:2.3973e-02A/cm2 ğ›’:6.3205e+00ğ›€ cm
2023-05-18 17:47:47,630 INFO Measurement at current 0.0032663316582914573
2023-05-18 17:47:49,069 INFO T:186.06Â°K V:1.2118e-02V I:3.2663e-03A R:3.7099e+00ğ›€ E:1.8934e-01V/cm J:2.9966e-02A/cm2 ğ›’:6.3185e+00ğ›€ cm
2023-05-18 17:47:49,091 INFO Measurement at current 0.003919597989949748
2023-05-18 17:47:49,678 INFO T:186.07Â°K V:1.4538e-02V I:3.9196e-03A R:3.7091e+00ğ›€ E:2.2716e-01V/cm J:3.5960e-02A/cm2 ğ›’:6.3170e+00ğ›€ cm
2023-05-18 17:48:13,608 WARNING Writing gpib error, check the source meter: write() failed: A read or write of data bytes has been aborted, possibly due to a timeout or reception of a device clear command.
2023-05-18 17:48:14,212 INFO T:372.36Â°K V:2.9024e-02V I:4.5729e-03A R:6.3470e+00ğ›€ E:4.5350e-01V/cm J:4.1953e-02A/cm2 ğ›’:1.0810e+01ğ›€ cm
2023-05-18 17:48:14,235 INFO Measurement at current 0.0052261306532663315
2023-05-18 17:48:14,823 INFO T:186.30Â°K V:1.9312e-02V I:5.2261e-03A R:3.6954e+00ğ›€ E:3.0176e-01V/cm J:4.7946e-02A/cm2 ğ›’:6.2937e+00ğ›€ cm
2023-05-18 17:48:14,840 INFO Measurement at current 0.005879396984924623
2023-05-18 17:48:15,428 INFO T:186.30Â°K V:2.1726e-02V I:5.8794e-03A R:3.6952e+00ğ›€ E:3.3947e-01V/cm J:5.3939e-02A/cm2 ğ›’:6.2935e+00ğ›€ cm
2023-05-18 17:48:15,447 INFO Measurement at current 0.006532663316582915
2023-05-18 17:48:16,036 INFO T:186.31Â°K V:2.4135e-02V I:6.5327e-03A R:3.6945e+00ğ›€ E:3.7711e-01V/cm J:5.9933e-02A/cm2 ğ›’:6.2923e+00ğ›€ cm
2023-05-18 17:48:16,056 INFO Measurement at current 0.007185929648241206
2023-05-18 17:48:16,662 INFO T:186.31Â°K V:2.6547e-02V I:7.1859e-03A R:3.6942e+00ğ›€ E:4.1479e-01V/cm J:6.5926e-02A/cm2 ğ›’:6.2918e+00ğ›€ cm
2023-05-18 17:48:16,686 INFO Measurement at current 0.007839195979899497
2023-05-18 17:48:17,287 INFO T:186.32Â°K V:2.8955e-02V I:7.8392e-03A R:3.6936e+00ğ›€ E:4.5243e-01V/cm J:7.1919e-02A/cm2 ğ›’:6.2907e+00ğ›€ cm
2023-05-18 17:48:17,305 INFO Measurement at current 0.00849246231155779
2023-05-18 17:48:17,892 INFO T:186.32Â°K V:3.1366e-02V I:8.4925e-03A R:3.6934e+00ğ›€ E:4.9009e-01V/cm J:7.7912e-02A/cm2 ğ›’:6.2902e+00ğ›€ cm
2023-05-18 17:48:17,913 INFO Measurement at current 0.00914572864321608
2023-05-18 17:48:18,501 INFO T:186.33Â°K V:3.3773e-02V I:9.1457e-03A R:3.6928e+00ğ›€ E:5.2770e-01V/cm J:8.3906e-02A/cm2 ğ›’:6.2893e+00ğ›€ cm
2023-05-18 17:48:18,522 INFO Measurement at current 0.009798994974874372
2023-05-18 17:48:19,113 INFO T:186.33Â°K V:3.6182e-02V I:9.7990e-03A R:3.6925e+00ğ›€ E:5.6535e-01V/cm J:8.9899e-02A/cm2 ğ›’:6.2887e+00ğ›€ cm
2023-05-18 17:48:19,179 INFO Measurement at current 0.010452261306532663
2023-05-18 17:48:19,783 INFO T:186.34Â°K V:3.8592e-02V I:1.0452e-02A R:3.6922e+00ğ›€ E:6.0299e-01V/cm J:9.5892e-02A/cm2 ğ›’:6.2882e+00ğ›€ cm
2023-05-18 17:48:19,816 INFO Measurement at current 0.011105527638190954
2023-05-18 17:48:20,413 INFO T:186.35Â°K V:4.0997e-02V I:1.1106e-02A R:3.6916e+00ğ›€ E:6.4057e-01V/cm J:1.0189e-01A/cm2 ğ›’:6.2872e+00ğ›€ cm
2023-05-18 17:48:20,434 INFO Measurement at current 0.011758793969849246
2023-05-18 17:48:21,040 INFO T:186.35Â°K V:4.3410e-02V I:1.1759e-02A R:3.6917e+00ğ›€ E:6.7827e-01V/cm J:1.0788e-01A/cm2 ğ›’:6.2874e+00ğ›€ cm
2023-05-18 17:48:21,061 INFO Measurement at current 0.012412060301507537
2023-05-18 17:48:21,664 INFO T:186.36Â°K V:4.5804e-02V I:1.2412e-02A R:3.6902e+00ğ›€ E:7.1568e-01V/cm J:1.1387e-01A/cm2 ğ›’:6.2850e+00ğ›€ cm
2023-05-18 17:48:21,680 INFO Measurement at current 0.01306532663316583
2023-05-18 17:48:22,271 INFO T:186.36Â°K V:4.8215e-02V I:1.3065e-02A R:3.6903e+00ğ›€ E:7.5337e-01V/cm J:1.1987e-01A/cm2 ğ›’:6.2851e+00ğ›€ cm
2023-05-18 17:48:22,294 INFO Measurement at current 0.01371859296482412
2023-05-18 17:48:22,895 INFO T:186.37Â°K V:5.0628e-02V I:1.3719e-02A R:3.6905e+00ğ›€ E:7.9107e-01V/cm J:1.2586e-01A/cm2 ğ›’:6.2854e+00ğ›€ cm
2023-05-18 17:48:22,960 INFO Measurement at current 0.014371859296482412
2023-05-18 17:48:23,549 INFO T:186.37Â°K V:5.3017e-02V I:1.4372e-02A R:3.6889e+00ğ›€ E:8.2839e-01V/cm J:1.3185e-01A/cm2 ğ›’:6.2827e+00ğ›€ cm
2023-05-18 17:48:23,568 INFO Measurement at current 0.015025125628140703
2023-05-18 17:48:24,160 INFO T:186.38Â°K V:5.5428e-02V I:1.5025e-02A R:3.6890e+00ğ›€ E:8.6607e-01V/cm J:1.3785e-01A/cm2 ğ›’:6.2829e+00ğ›€ cm
2023-05-18 17:48:24,182 INFO Measurement at current 0.015678391959798994
2023-05-18 17:48:24,776 INFO T:186.39Â°K V:5.7840e-02V I:1.5678e-02A R:3.6892e+00ğ›€ E:9.0376e-01V/cm J:1.4384e-01A/cm2 ğ›’:6.2831e+00ğ›€ cm
2023-05-18 17:48:24,799 INFO Measurement at current 0.016331658291457284
2023-05-18 17:48:25,398 INFO T:186.39Â°K V:6.0233e-02V I:1.6332e-02A R:3.6881e+00ğ›€ E:9.4114e-01V/cm J:1.4983e-01A/cm2 ğ›’:6.2813e+00ğ›€ cm
2023-05-18 17:48:25,416 INFO Measurement at current 0.01698492462311558
2023-05-18 17:48:26,006 INFO T:186.40Â°K V:6.2642e-02V I:1.6985e-02A R:3.6881e+00ğ›€ E:9.7878e-01V/cm J:1.5582e-01A/cm2 ğ›’:6.2813e+00ğ›€ cm
2023-05-18 17:48:26,025 INFO Measurement at current 0.01763819095477387
2023-05-18 17:48:26,615 INFO T:186.40Â°K V:6.5051e-02V I:1.7638e-02A R:3.6881e+00ğ›€ E:1.0164e+00V/cm J:1.6182e-01A/cm2 ğ›’:6.2812e+00ğ›€ cm
2023-05-18 17:48:26,632 INFO Measurement at current 0.01829145728643216
2023-05-18 17:48:27,218 INFO T:186.41Â°K V:6.7435e-02V I:1.8291e-02A R:3.6867e+00ğ›€ E:1.0537e+00V/cm J:1.6781e-01A/cm2 ğ›’:6.2789e+00ğ›€ cm
2023-05-18 17:48:27,240 INFO Measurement at current 0.01894472361809045
2023-05-18 17:48:27,856 INFO T:186.41Â°K V:6.9842e-02V I:1.8945e-02A R:3.6866e+00ğ›€ E:1.0913e+00V/cm J:1.7380e-01A/cm2 ğ›’:6.2788e+00ğ›€ cm
2023-05-18 17:48:27,878 INFO Measurement at current 0.019597989949748745
2023-05-18 17:48:28,480 INFO T:186.42Â°K V:7.2248e-02V I:1.9598e-02A R:3.6865e+00ğ›€ E:1.1289e+00V/cm J:1.7980e-01A/cm2 ğ›’:6.2786e+00ğ›€ cm
2023-05-18 17:48:28,497 INFO Measurement at current 0.020251256281407035
2023-05-18 17:48:29,088 INFO T:186.42Â°K V:7.4634e-02V I:2.0251e-02A R:3.6854e+00ğ›€ E:1.1662e+00V/cm J:1.8579e-01A/cm2 ğ›’:6.2767e+00ğ›€ cm
2023-05-18 17:48:29,109 INFO Measurement at current 0.020904522613065326
2023-05-18 17:48:29,703 INFO T:186.43Â°K V:7.7037e-02V I:2.0905e-02A R:3.6852e+00ğ›€ E:1.2037e+00V/cm J:1.9178e-01A/cm2 ğ›’:6.2763e+00ğ›€ cm
2023-05-18 17:48:29,722 INFO Measurement at current 0.021557788944723617
2023-05-18 17:48:30,325 INFO T:186.43Â°K V:7.9433e-02V I:2.1558e-02A R:3.6846e+00ğ›€ E:1.2411e+00V/cm J:1.9778e-01A/cm2 ğ›’:6.2754e+00ğ›€ cm
2023-05-18 17:48:30,347 INFO Measurement at current 0.022211055276381907
2023-05-18 17:48:30,942 INFO T:186.44Â°K V:8.1814e-02V I:2.2211e-02A R:3.6835e+00ğ›€ E:1.2784e+00V/cm J:2.0377e-01A/cm2 ğ›’:6.2735e+00ğ›€ cm
2023-05-18 17:48:30,960 INFO Measurement at current 0.0228643216080402
2023-05-18 17:48:31,553 INFO T:186.45Â°K V:8.4214e-02V I:2.2864e-02A R:3.6832e+00ğ›€ E:1.3158e+00V/cm J:2.0976e-01A/cm2 ğ›’:6.2730e+00ğ›€ cm
2023-05-18 17:48:31,577 INFO Measurement at current 0.023517587939698492
2023-05-18 17:48:32,181 INFO T:186.45Â°K V:8.6610e-02V I:2.3518e-02A R:3.6828e+00ğ›€ E:1.3533e+00V/cm J:2.1576e-01A/cm2 ğ›’:6.2723e+00ğ›€ cm
2023-05-18 17:48:32,209 INFO Measurement at current 0.024170854271356783
2023-05-18 17:48:32,801 INFO T:186.46Â°K V:8.8989e-02V I:2.4171e-02A R:3.6817e+00ğ›€ E:1.3905e+00V/cm J:2.2175e-01A/cm2 ğ›’:6.2703e+00ğ›€ cm
2023-05-18 17:48:32,823 INFO Measurement at current 0.024824120603015074
2023-05-18 17:48:33,416 INFO T:186.46Â°K V:9.1386e-02V I:2.4824e-02A R:3.6813e+00ğ›€ E:1.4279e+00V/cm J:2.2774e-01A/cm2 ğ›’:6.2698e+00ğ›€ cm
2023-05-18 17:48:33,438 INFO Measurement at current 0.025477386934673368
2023-05-18 17:48:34,038 INFO T:186.47Â°K V:9.3756e-02V I:2.5477e-02A R:3.6800e+00ğ›€ E:1.4649e+00V/cm J:2.3374e-01A/cm2 ğ›’:6.2674e+00ğ›€ cm
2023-05-18 17:48:34,060 INFO Measurement at current 0.02613065326633166
2023-05-18 17:48:34,660 INFO T:186.47Â°K V:9.6150e-02V I:2.6131e-02A R:3.6796e+00ğ›€ E:1.5023e+00V/cm J:2.3973e-01A/cm2 ğ›’:6.2668e+00ğ›€ cm
2023-05-18 17:48:34,675 INFO Measurement at current 0.02678391959798995
2023-05-18 17:48:35,265 INFO T:186.48Â°K V:9.8544e-02V I:2.6784e-02A R:3.6792e+00ğ›€ E:1.5397e+00V/cm J:2.4572e-01A/cm2 ğ›’:6.2662e+00ğ›€ cm
2023-05-18 17:48:35,281 INFO Measurement at current 0.02743718592964824
2023-05-18 17:48:35,880 INFO T:186.48Â°K V:1.0092e-01V I:2.7437e-02A R:3.6783e+00ğ›€ E:1.5769e+00V/cm J:2.5172e-01A/cm2 ğ›’:6.2646e+00ğ›€ cm
2023-05-18 17:48:35,898 INFO Measurement at current 0.02809045226130653
2023-05-18 17:48:36,503 INFO T:186.49Â°K V:1.0332e-01V I:2.8090e-02A R:3.6780e+00ğ›€ E:1.6143e+00V/cm J:2.5771e-01A/cm2 ğ›’:6.2640e+00ğ›€ cm
2023-05-18 17:48:36,532 INFO Measurement at current 0.028743718592964825
2023-05-18 17:48:37,131 INFO T:186.50Â°K V:1.0570e-01V I:2.8744e-02A R:3.6774e+00ğ›€ E:1.6516e+00V/cm J:2.6370e-01A/cm2 ğ›’:6.2630e+00ğ›€ cm
2023-05-18 17:48:37,152 INFO Measurement at current 0.029396984924623115
2023-05-18 17:48:37,746 INFO T:186.50Â°K V:1.0807e-01V I:2.9397e-02A R:3.6763e+00ğ›€ E:1.6886e+00V/cm J:2.6970e-01A/cm2 ğ›’:6.2613e+00ğ›€ cm
2023-05-18 17:48:37,775 INFO Measurement at current 0.030050251256281406
2023-05-18 17:48:38,362 INFO T:186.51Â°K V:1.1046e-01V I:3.0050e-02A R:3.6760e+00ğ›€ E:1.7260e+00V/cm J:2.7569e-01A/cm2 ğ›’:6.2607e+00ğ›€ cm
2023-05-18 17:48:38,393 INFO Measurement at current 0.030703517587939697
2023-05-18 17:48:38,984 INFO T:186.51Â°K V:1.1285e-01V I:3.0704e-02A R:3.6755e+00ğ›€ E:1.7633e+00V/cm J:2.8168e-01A/cm2 ğ›’:6.2599e+00ğ›€ cm
2023-05-18 17:48:39,007 INFO Measurement at current 0.03135678391959799
2023-05-18 17:48:39,592 INFO T:186.52Â°K V:1.1522e-01V I:3.1357e-02A R:3.6745e+00ğ›€ E:1.8003e+00V/cm J:2.8768e-01A/cm2 ğ›’:6.2581e+00ğ›€ cm
2023-05-18 17:48:39,608 INFO Measurement at current 0.03201005025125628
2023-05-18 17:48:40,207 INFO T:186.52Â°K V:1.1760e-01V I:3.2010e-02A R:3.6738e+00ğ›€ E:1.8375e+00V/cm J:2.9367e-01A/cm2 ğ›’:6.2569e+00ğ›€ cm
2023-05-18 17:48:40,237 INFO Measurement at current 0.03266331658291457
2023-05-18 17:48:40,833 INFO T:186.53Â°K V:1.1998e-01V I:3.2663e-02A R:3.6733e+00ğ›€ E:1.8747e+00V/cm J:2.9966e-01A/cm2 ğ›’:6.2561e+00ğ›€ cm
2023-05-18 17:48:40,853 INFO Measurement at current 0.033316582914572866
2023-05-18 17:48:42,177 INFO T:186.54Â°K V:1.2232e-01V I:3.3317e-02A R:3.6714e+00ğ›€ E:1.9112e+00V/cm J:3.0566e-01A/cm2 ğ›’:6.2528e+00ğ›€ cm
2023-05-18 17:48:42,194 INFO Measurement at current 0.03396984924623116
2023-05-18 17:48:42,781 INFO T:186.55Â°K V:1.2470e-01V I:3.3970e-02A R:3.6709e+00ğ›€ E:1.9484e+00V/cm J:3.1165e-01A/cm2 ğ›’:6.2520e+00ğ›€ cm
2023-05-18 17:48:42,803 INFO Measurement at current 0.03462311557788945
2023-05-18 17:48:43,390 INFO T:186.55Â°K V:1.2708e-01V I:3.4623e-02A R:3.6703e+00ğ›€ E:1.9856e+00V/cm J:3.1764e-01A/cm2 ğ›’:6.2510e+00ğ›€ cm
2023-05-18 17:48:43,418 INFO Measurement at current 0.03527638190954774
2023-05-18 17:48:44,002 INFO T:186.56Â°K V:1.2944e-01V I:3.5276e-02A R:3.6692e+00ğ›€ E:2.0224e+00V/cm J:3.2364e-01A/cm2 ğ›’:6.2491e+00ğ›€ cm
2023-05-18 17:48:44,020 INFO Measurement at current 0.03592964824120603
2023-05-18 17:48:44,606 INFO T:186.56Â°K V:1.3181e-01V I:3.5930e-02A R:3.6685e+00ğ›€ E:2.0595e+00V/cm J:3.2963e-01A/cm2 ğ›’:6.2479e+00ğ›€ cm
2023-05-18 17:48:44,623 INFO Measurement at current 0.03658291457286432
2023-05-18 17:48:45,210 INFO T:186.57Â°K V:1.3418e-01V I:3.6583e-02A R:3.6679e+00ğ›€ E:2.0966e+00V/cm J:3.3562e-01A/cm2 ğ›’:6.2468e+00ğ›€ cm
2023-05-18 17:48:45,239 INFO Measurement at current 0.03723618090452261
2023-05-18 17:48:45,825 INFO T:186.57Â°K V:1.3653e-01V I:3.7236e-02A R:3.6667e+00ğ›€ E:2.1333e+00V/cm J:3.4162e-01A/cm2 ğ›’:6.2448e+00ğ›€ cm
2023-05-18 17:48:45,841 INFO Measurement at current 0.0378894472361809
2023-05-18 17:48:46,428 INFO T:186.58Â°K V:1.3890e-01V I:3.7889e-02A R:3.6660e+00ğ›€ E:2.1704e+00V/cm J:3.4761e-01A/cm2 ğ›’:6.2437e+00ğ›€ cm
2023-05-18 17:48:46,472 INFO Measurement at current 0.03854271356783919
2023-05-18 17:48:47,061 INFO T:186.58Â°K V:1.4127e-01V I:3.8543e-02A R:3.6653e+00ğ›€ E:2.2074e+00V/cm J:3.5360e-01A/cm2 ğ›’:6.2425e+00ğ›€ cm
2023-05-18 17:48:47,081 INFO Measurement at current 0.03919597989949749
2023-05-18 17:48:47,666 INFO T:186.59Â°K V:1.4362e-01V I:3.9196e-02A R:3.6642e+00ğ›€ E:2.2441e+00V/cm J:3.5960e-01A/cm2 ğ›’:6.2406e+00ğ›€ cm
2023-05-18 17:48:47,688 INFO Measurement at current 0.03984924623115578
2023-05-18 17:48:48,278 INFO T:186.59Â°K V:1.4599e-01V I:3.9849e-02A R:3.6635e+00ğ›€ E:2.2810e+00V/cm J:3.6559e-01A/cm2 ğ›’:6.2393e+00ğ›€ cm
2023-05-18 17:48:48,296 INFO Measurement at current 0.04050251256281407
2023-05-18 17:48:48,901 INFO T:186.60Â°K V:1.4835e-01V I:4.0503e-02A R:3.6627e+00ğ›€ E:2.3180e+00V/cm J:3.7158e-01A/cm2 ğ›’:6.2381e+00ğ›€ cm
2023-05-18 17:48:48,918 INFO Measurement at current 0.04115577889447236
2023-05-18 17:48:49,512 INFO T:186.61Â°K V:1.5070e-01V I:4.1156e-02A R:3.6616e+00ğ›€ E:2.3546e+00V/cm J:3.7758e-01A/cm2 ğ›’:6.2362e+00ğ›€ cm
2023-05-18 17:48:49,530 INFO Measurement at current 0.04180904522613065
2023-05-18 17:48:50,115 INFO T:186.61Â°K V:1.5306e-01V I:4.1809e-02A R:3.6610e+00ğ›€ E:2.3916e+00V/cm J:3.8357e-01A/cm2 ğ›’:6.2351e+00ğ›€ cm
2023-05-18 17:48:50,128 INFO Measurement at current 0.04246231155778894
2023-05-18 17:48:50,722 INFO T:186.62Â°K V:1.5540e-01V I:4.2462e-02A R:3.6597e+00ğ›€ E:2.4281e+00V/cm J:3.8956e-01A/cm2 ğ›’:6.2329e+00ğ›€ cm
2023-05-18 17:48:50,744 INFO Measurement at current 0.04311557788944723
2023-05-18 17:48:51,336 INFO T:186.62Â°K V:1.5776e-01V I:4.3116e-02A R:3.6590e+00ğ›€ E:2.4650e+00V/cm J:3.9556e-01A/cm2 ğ›’:6.2317e+00ğ›€ cm
2023-05-18 17:48:51,353 INFO Measurement at current 0.043768844221105524
2023-05-18 17:48:51,938 INFO T:186.63Â°K V:1.6012e-01V I:4.3769e-02A R:3.6582e+00ğ›€ E:2.5018e+00V/cm J:4.0155e-01A/cm2 ğ›’:6.2304e+00ğ›€ cm
2023-05-18 17:48:51,955 INFO Measurement at current 0.044422110552763815
2023-05-18 17:48:52,545 INFO T:186.63Â°K V:1.6245e-01V I:4.4422e-02A R:3.6571e+00ğ›€ E:2.5384e+00V/cm J:4.0754e-01A/cm2 ğ›’:6.2285e+00ğ›€ cm
2023-05-18 17:48:52,570 INFO Measurement at current 0.04507537688442211
2023-05-18 17:48:53,166 INFO T:186.64Â°K V:1.6481e-01V I:4.5075e-02A R:3.6563e+00ğ›€ E:2.5751e+00V/cm J:4.1354e-01A/cm2 ğ›’:6.2271e+00ğ›€ cm
2023-05-18 17:48:53,185 INFO Measurement at current 0.0457286432160804
2023-05-18 17:48:53,825 INFO T:186.64Â°K V:1.6716e-01V I:4.5729e-02A R:3.6555e+00ğ›€ E:2.6119e+00V/cm J:4.1953e-01A/cm2 ğ›’:6.2257e+00ğ›€ cm
2023-05-18 17:48:53,866 INFO Measurement at current 0.046381909547738694
2023-05-18 17:48:54,494 INFO T:186.65Â°K V:1.6948e-01V I:4.6382e-02A R:3.6541e+00ğ›€ E:2.6482e+00V/cm J:4.2552e-01A/cm2 ğ›’:6.2233e+00ğ›€ cm
2023-05-18 17:48:54,511 INFO Measurement at current 0.047035175879396984
2023-05-18 17:48:55,107 INFO T:186.66Â°K V:1.7183e-01V I:4.7035e-02A R:3.6532e+00ğ›€ E:2.6848e+00V/cm J:4.3152e-01A/cm2 ğ›’:6.2218e+00ğ›€ cm
2023-05-18 17:48:55,123 INFO Measurement at current 0.047688442211055275
2023-05-18 17:48:55,721 INFO T:186.66Â°K V:1.7417e-01V I:4.7688e-02A R:3.6523e+00ğ›€ E:2.7214e+00V/cm J:4.3751e-01A/cm2 ğ›’:6.2203e+00ğ›€ cm
2023-05-18 17:48:55,745 INFO Measurement at current 0.048341708542713566
2023-05-18 17:48:56,332 INFO T:186.67Â°K V:1.7649e-01V I:4.8342e-02A R:3.6510e+00ğ›€ E:2.7577e+00V/cm J:4.4350e-01A/cm2 ğ›’:6.2181e+00ğ›€ cm
2023-05-18 17:48:56,349 INFO Measurement at current 0.048994974874371856
2023-05-18 17:48:56,943 INFO T:186.67Â°K V:1.7883e-01V I:4.8995e-02A R:3.6500e+00ğ›€ E:2.7942e+00V/cm J:4.4950e-01A/cm2 ğ›’:6.2163e+00ğ›€ cm
2023-05-18 17:48:56,958 INFO Measurement at current 0.04964824120603015
2023-05-18 17:48:57,545 INFO T:186.68Â°K V:1.8115e-01V I:4.9648e-02A R:3.6487e+00ğ›€ E:2.8305e+00V/cm J:4.5549e-01A/cm2 ğ›’:6.2141e+00ğ›€ cm
2023-05-18 17:48:57,562 INFO Measurement at current 0.05030150753768844
2023-05-18 17:48:58,151 INFO T:186.68Â°K V:1.8346e-01V I:5.0302e-02A R:3.6472e+00ğ›€ E:2.8665e+00V/cm J:4.6148e-01A/cm2 ğ›’:6.2116e+00ğ›€ cm
2023-05-18 17:48:58,170 INFO Measurement at current 0.050954773869346735
2023-05-18 17:48:58,785 INFO T:186.69Â°K V:1.8578e-01V I:5.0955e-02A R:3.6459e+00ğ›€ E:2.9028e+00V/cm J:4.6747e-01A/cm2 ğ›’:6.2094e+00ğ›€ cm
2023-05-18 17:48:58,808 INFO Measurement at current 0.051608040201005026
2023-05-18 17:48:59,410 INFO T:186.69Â°K V:1.8810e-01V I:5.1608e-02A R:3.6447e+00ğ›€ E:2.9390e+00V/cm J:4.7347e-01A/cm2 ğ›’:6.2074e+00ğ›€ cm
2023-05-18 17:48:59,427 INFO Measurement at current 0.05226130653266332
2023-05-18 17:49:00,016 INFO T:186.70Â°K V:1.9040e-01V I:5.2261e-02A R:3.6432e+00ğ›€ E:2.9750e+00V/cm J:4.7946e-01A/cm2 ğ›’:6.2048e+00ğ›€ cm
2023-05-18 17:49:00,031 INFO Measurement at current 0.05291457286432161
2023-05-18 17:49:00,614 INFO T:186.70Â°K V:1.9271e-01V I:5.2915e-02A R:3.6418e+00ğ›€ E:3.0110e+00V/cm J:4.8545e-01A/cm2 ğ›’:6.2025e+00ğ›€ cm
2023-05-18 17:49:00,635 INFO Measurement at current 0.0535678391959799
2023-05-18 17:49:01,248 INFO T:186.71Â°K V:1.9500e-01V I:5.3568e-02A R:3.6403e+00ğ›€ E:3.0469e+00V/cm J:4.9145e-01A/cm2 ğ›’:6.1999e+00ğ›€ cm
2023-05-18 17:49:01,270 INFO Measurement at current 0.05422110552763819
2023-05-18 17:49:01,857 INFO T:186.71Â°K V:1.9729e-01V I:5.4221e-02A R:3.6387e+00ğ›€ E:3.0827e+00V/cm J:4.9744e-01A/cm2 ğ›’:6.1971e+00ğ›€ cm
2023-05-18 17:49:01,874 INFO Measurement at current 0.05487437185929648
2023-05-18 17:49:02,472 INFO T:186.72Â°K V:1.9960e-01V I:5.4874e-02A R:3.6374e+00ğ›€ E:3.1187e+00V/cm J:5.0343e-01A/cm2 ğ›’:6.1949e+00ğ›€ cm
2023-05-18 17:49:02,510 INFO Measurement at current 0.05552763819095477
2023-05-18 17:49:03,096 INFO T:186.73Â°K V:2.0191e-01V I:5.5528e-02A R:3.6362e+00ğ›€ E:3.1548e+00V/cm J:5.0943e-01A/cm2 ğ›’:6.1929e+00ğ›€ cm
2023-05-18 17:49:03,112 INFO Measurement at current 0.05618090452261306
2023-05-18 17:49:03,698 INFO T:186.73Â°K V:2.0420e-01V I:5.6181e-02A R:3.6347e+00ğ›€ E:3.1906e+00V/cm J:5.1542e-01A/cm2 ğ›’:6.1903e+00ğ›€ cm
2023-05-18 17:49:03,713 INFO Measurement at current 0.05683417085427136
2023-05-18 17:49:04,298 INFO T:186.74Â°K V:2.0650e-01V I:5.6834e-02A R:3.6334e+00ğ›€ E:3.2266e+00V/cm J:5.2141e-01A/cm2 ğ›’:6.1881e+00ğ›€ cm
2023-05-18 17:49:04,326 INFO Measurement at current 0.05748743718592965
2023-05-18 17:49:04,927 INFO T:186.74Â°K V:2.0879e-01V I:5.7487e-02A R:3.6319e+00ğ›€ E:3.2624e+00V/cm J:5.2741e-01A/cm2 ğ›’:6.1856e+00ğ›€ cm
2023-05-18 17:49:04,961 INFO Measurement at current 0.05814070351758794
2023-05-18 17:49:05,559 INFO T:186.75Â°K V:2.1109e-01V I:5.8141e-02A R:3.6307e+00ğ›€ E:3.2983e+00V/cm J:5.3340e-01A/cm2 ğ›’:6.1836e+00ğ›€ cm
2023-05-18 17:49:05,584 INFO Measurement at current 0.05879396984924623
2023-05-18 17:49:06,175 INFO T:186.75Â°K V:2.1340e-01V I:5.8794e-02A R:3.6296e+00ğ›€ E:3.3344e+00V/cm J:5.3939e-01A/cm2 ğ›’:6.1817e+00ğ›€ cm
2023-05-18 17:49:06,192 INFO Measurement at current 0.05944723618090452
2023-05-18 17:49:06,779 INFO T:186.76Â°K V:2.1568e-01V I:5.9447e-02A R:3.6281e+00ğ›€ E:3.3700e+00V/cm J:5.4539e-01A/cm2 ğ›’:6.1791e+00ğ›€ cm
2023-05-18 17:49:06,800 INFO Measurement at current 0.06010050251256281
2023-05-18 17:49:07,389 INFO T:186.76Â°K V:2.1797e-01V I:6.0101e-02A R:3.6268e+00ğ›€ E:3.4058e+00V/cm J:5.5138e-01A/cm2 ğ›’:6.1769e+00ğ›€ cm
2023-05-18 17:49:07,404 INFO Measurement at current 0.0607537688442211
2023-05-18 17:49:07,988 INFO T:186.77Â°K V:2.2027e-01V I:6.0754e-02A R:3.6257e+00ğ›€ E:3.4418e+00V/cm J:5.5737e-01A/cm2 ğ›’:6.1749e+00ğ›€ cm
2023-05-18 17:49:08,015 INFO Measurement at current 0.06140703517587939
2023-05-18 17:49:08,601 INFO T:186.77Â°K V:2.2254e-01V I:6.1407e-02A R:3.6241e+00ğ›€ E:3.4772e+00V/cm J:5.6337e-01A/cm2 ğ›’:6.1722e+00ğ›€ cm
2023-05-18 17:49:08,617 INFO Measurement at current 0.062060301507537684
2023-05-18 17:49:09,213 INFO T:186.78Â°K V:2.2483e-01V I:6.2060e-02A R:3.6227e+00ğ›€ E:3.5129e+00V/cm J:5.6936e-01A/cm2 ğ›’:6.1700e+00ğ›€ cm
2023-05-18 17:49:09,236 INFO Measurement at current 0.06271356783919597
2023-05-18 17:49:09,821 INFO T:186.79Â°K V:2.2712e-01V I:6.2714e-02A R:3.6215e+00ğ›€ E:3.5487e+00V/cm J:5.7535e-01A/cm2 ğ›’:6.1679e+00ğ›€ cm
2023-05-18 17:49:09,846 INFO Measurement at current 0.06336683417085427
2023-05-18 17:49:10,455 INFO T:186.79Â°K V:2.2938e-01V I:6.3367e-02A R:3.6198e+00ğ›€ E:3.5840e+00V/cm J:5.8135e-01A/cm2 ğ›’:6.1650e+00ğ›€ cm
2023-05-18 17:49:10,471 INFO Measurement at current 0.06402010050251256
2023-05-18 17:49:11,062 INFO T:186.80Â°K V:2.3164e-01V I:6.4020e-02A R:3.6183e+00ğ›€ E:3.6194e+00V/cm J:5.8734e-01A/cm2 ğ›’:6.1624e+00ğ›€ cm
2023-05-18 17:49:11,081 INFO Measurement at current 0.06467336683417085
2023-05-18 17:49:11,668 INFO T:186.80Â°K V:2.3393e-01V I:6.4673e-02A R:3.6171e+00ğ›€ E:3.6551e+00V/cm J:5.9333e-01A/cm2 ğ›’:6.1603e+00ğ›€ cm
2023-05-18 17:49:11,688 INFO Measurement at current 0.06532663316582914
2023-05-18 17:49:12,273 INFO T:186.81Â°K V:2.3619e-01V I:6.5327e-02A R:3.6155e+00ğ›€ E:3.6905e+00V/cm J:5.9933e-01A/cm2 ğ›’:6.1577e+00ğ›€ cm
2023-05-18 17:49:12,290 INFO Measurement at current 0.06597989949748743
2023-05-18 17:49:12,875 INFO T:186.81Â°K V:2.3846e-01V I:6.5980e-02A R:3.6142e+00ğ›€ E:3.7260e+00V/cm J:6.0532e-01A/cm2 ğ›’:6.1554e+00ğ›€ cm
2023-05-18 17:49:12,890 INFO Measurement at current 0.06663316582914573
2023-05-18 17:49:13,475 INFO T:186.82Â°K V:2.4074e-01V I:6.6633e-02A R:3.6129e+00ğ›€ E:3.7616e+00V/cm J:6.1131e-01A/cm2 ğ›’:6.1533e+00ğ›€ cm
2023-05-18 17:49:13,504 INFO Measurement at current 0.06728643216080402
2023-05-18 17:49:14,099 INFO T:186.82Â°K V:2.4298e-01V I:6.7286e-02A R:3.6111e+00ğ›€ E:3.7966e+00V/cm J:6.1731e-01A/cm2 ğ›’:6.1502e+00ğ›€ cm
2023-05-18 17:49:14,116 INFO Measurement at current 0.06793969849246231
2023-05-18 17:49:14,704 INFO T:186.83Â°K V:2.4524e-01V I:6.7940e-02A R:3.6097e+00ğ›€ E:3.8319e+00V/cm J:6.2330e-01A/cm2 ğ›’:6.1478e+00ğ›€ cm
2023-05-18 17:49:14,752 INFO Measurement at current 0.0685929648241206
2023-05-18 17:49:15,344 INFO T:186.83Â°K V:2.4751e-01V I:6.8593e-02A R:3.6084e+00ğ›€ E:3.8674e+00V/cm J:6.2929e-01A/cm2 ğ›’:6.1456e+00ğ›€ cm
2023-05-18 17:49:15,365 INFO Measurement at current 0.0692462311557789
2023-05-18 17:49:15,972 INFO T:186.84Â°K V:2.4976e-01V I:6.9246e-02A R:3.6068e+00ğ›€ E:3.9025e+00V/cm J:6.3529e-01A/cm2 ğ›’:6.1429e+00ğ›€ cm
2023-05-18 17:49:15,992 INFO Measurement at current 0.06989949748743718
2023-05-18 17:49:16,580 INFO T:186.85Â°K V:2.5202e-01V I:6.9899e-02A R:3.6054e+00ğ›€ E:3.9378e+00V/cm J:6.4128e-01A/cm2 ğ›’:6.1405e+00ğ›€ cm
2023-05-18 17:49:16,596 INFO Measurement at current 0.07055276381909548
2023-05-18 17:49:17,194 INFO T:186.85Â°K V:2.5429e-01V I:7.0553e-02A R:3.6042e+00ğ›€ E:3.9732e+00V/cm J:6.4727e-01A/cm2 ğ›’:6.1384e+00ğ›€ cm
2023-05-18 17:49:17,211 INFO Measurement at current 0.07120603015075376
2023-05-18 17:49:17,796 INFO T:186.86Â°K V:2.5652e-01V I:7.1206e-02A R:3.6025e+00ğ›€ E:4.0081e+00V/cm J:6.5327e-01A/cm2 ğ›’:6.1355e+00ğ›€ cm
2023-05-18 17:49:17,813 INFO Measurement at current 0.07185929648241206
2023-05-18 17:49:18,420 INFO T:186.86Â°K V:2.5878e-01V I:7.1859e-02A R:3.6012e+00ğ›€ E:4.0435e+00V/cm J:6.5926e-01A/cm2 ğ›’:6.1334e+00ğ›€ cm
2023-05-18 17:49:18,447 INFO Measurement at current 0.07251256281407036
2023-05-18 17:49:19,042 INFO T:186.87Â°K V:2.6103e-01V I:7.2513e-02A R:3.5998e+00ğ›€ E:4.0787e+00V/cm J:6.6525e-01A/cm2 ğ›’:6.1310e+00ğ›€ cm
2023-05-18 17:49:19,068 INFO Measurement at current 0.07316582914572864
2023-05-18 17:49:19,656 INFO T:186.87Â°K V:2.6328e-01V I:7.3166e-02A R:3.5984e+00ğ›€ E:4.1138e+00V/cm J:6.7125e-01A/cm2 ğ›’:6.1286e+00ğ›€ cm
2023-05-18 17:49:19,686 INFO Measurement at current 0.07381909547738694
2023-05-18 17:49:20,277 INFO T:186.88Â°K V:2.6554e-01V I:7.3819e-02A R:3.5972e+00ğ›€ E:4.1491e+00V/cm J:6.7724e-01A/cm2 ğ›’:6.1265e+00ğ›€ cm
2023-05-18 17:49:20,299 INFO Measurement at current 0.07447236180904522
2023-05-18 17:49:20,887 INFO T:186.88Â°K V:2.6778e-01V I:7.4472e-02A R:3.5957e+00ğ›€ E:4.1840e+00V/cm J:6.8323e-01A/cm2 ğ›’:6.1239e+00ğ›€ cm
2023-05-18 17:49:20,903 INFO Measurement at current 0.07512562814070352
2023-05-18 17:49:21,508 INFO T:186.89Â°K V:2.7003e-01V I:7.5126e-02A R:3.5944e+00ğ›€ E:4.2192e+00V/cm J:6.8923e-01A/cm2 ğ›’:6.1217e+00ğ›€ cm
2023-05-18 17:49:21,542 INFO Measurement at current 0.0757788944723618
2023-05-18 17:49:22,150 INFO T:186.89Â°K V:2.7228e-01V I:7.5779e-02A R:3.5931e+00ğ›€ E:4.2544e+00V/cm J:6.9522e-01A/cm2 ğ›’:6.1194e+00ğ›€ cm
2023-05-18 17:49:22,169 INFO Measurement at current 0.0764321608040201
2023-05-18 17:49:22,756 INFO T:186.90Â°K V:2.7451e-01V I:7.6432e-02A R:3.5915e+00ğ›€ E:4.2892e+00V/cm J:7.0121e-01A/cm2 ğ›’:6.1168e+00ğ›€ cm
2023-05-18 17:49:22,778 INFO Measurement at current 0.07708542713567838
2023-05-18 17:49:23,381 INFO T:186.91Â°K V:2.7675e-01V I:7.7085e-02A R:3.5902e+00ğ›€ E:4.3243e+00V/cm J:7.0721e-01A/cm2 ğ›’:6.1146e+00ğ›€ cm
2023-05-18 17:49:23,406 INFO Measurement at current 0.07773869346733668
2023-05-18 17:49:24,007 INFO T:186.91Â°K V:2.7899e-01V I:7.7739e-02A R:3.5888e+00ğ›€ E:4.3592e+00V/cm J:7.1320e-01A/cm2 ğ›’:6.1121e+00ğ›€ cm
2023-05-18 17:49:24,025 INFO Measurement at current 0.07839195979899498
2023-05-18 17:49:24,613 INFO T:186.92Â°K V:2.8121e-01V I:7.8392e-02A R:3.5872e+00ğ›€ E:4.3939e+00V/cm J:7.1919e-01A/cm2 ğ›’:6.1095e+00ğ›€ cm
2023-05-18 17:49:24,631 INFO Measurement at current 0.07904522613065326
2023-05-18 17:49:25,222 INFO T:186.92Â°K V:2.8345e-01V I:7.9045e-02A R:3.5859e+00ğ›€ E:4.4289e+00V/cm J:7.2519e-01A/cm2 ğ›’:6.1073e+00ğ›€ cm
2023-05-18 17:49:25,239 INFO Measurement at current 0.07969849246231156
2023-05-18 17:49:25,844 INFO T:186.93Â°K V:2.8569e-01V I:7.9698e-02A R:3.5846e+00ğ›€ E:4.4638e+00V/cm J:7.3118e-01A/cm2 ğ›’:6.1050e+00ğ›€ cm
2023-05-18 17:49:25,863 INFO Measurement at current 0.08035175879396984
2023-05-18 17:49:26,460 INFO T:186.93Â°K V:2.8790e-01V I:8.0352e-02A R:3.5830e+00ğ›€ E:4.4985e+00V/cm J:7.3717e-01A/cm2 ğ›’:6.1023e+00ğ›€ cm
2023-05-18 17:49:26,494 INFO Measurement at current 0.08100502512562814
2023-05-18 17:49:27,100 INFO T:186.94Â°K V:2.9012e-01V I:8.1005e-02A R:3.5815e+00ğ›€ E:4.5332e+00V/cm J:7.4317e-01A/cm2 ğ›’:6.0998e+00ğ›€ cm
2023-05-18 17:49:27,118 INFO Measurement at current 0.08165829145728642
2023-05-18 17:49:27,715 INFO T:186.95Â°K V:2.9235e-01V I:8.1658e-02A R:3.5802e+00ğ›€ E:4.5680e+00V/cm J:7.4916e-01A/cm2 ğ›’:6.0974e+00ğ›€ cm
2023-05-18 17:49:27,737 INFO Measurement at current 0.08231155778894472
2023-05-18 17:49:28,324 INFO T:186.95Â°K V:2.9456e-01V I:8.2312e-02A R:3.5786e+00ğ›€ E:4.6026e+00V/cm J:7.5515e-01A/cm2 ğ›’:6.0949e+00ğ›€ cm
2023-05-18 17:49:28,349 INFO Measurement at current 0.082964824120603
2023-05-18 17:49:28,939 INFO T:186.96Â°K V:2.9679e-01V I:8.2965e-02A R:3.5773e+00ğ›€ E:4.6374e+00V/cm J:7.6115e-01A/cm2 ğ›’:6.0926e+00ğ›€ cm
2023-05-18 17:49:28,959 INFO Measurement at current 0.0836180904522613
2023-05-18 17:49:29,565 INFO T:186.96Â°K V:2.9902e-01V I:8.3618e-02A R:3.5761e+00ğ›€ E:4.6722e+00V/cm J:7.6714e-01A/cm2 ğ›’:6.0905e+00ğ›€ cm
2023-05-18 17:49:29,592 INFO Measurement at current 0.0842713567839196
2023-05-18 17:49:30,191 INFO T:186.97Â°K V:3.0123e-01V I:8.4271e-02A R:3.5745e+00ğ›€ E:4.7067e+00V/cm J:7.7313e-01A/cm2 ğ›’:6.0878e+00ğ›€ cm
2023-05-18 17:49:30,210 INFO Measurement at current 0.08492462311557789
2023-05-18 17:49:30,798 INFO T:186.97Â°K V:3.0344e-01V I:8.4925e-02A R:3.5731e+00ğ›€ E:4.7413e+00V/cm J:7.7912e-01A/cm2 ğ›’:6.0854e+00ğ›€ cm
2023-05-18 17:49:30,815 INFO Measurement at current 0.08557788944723618
2023-05-18 17:49:31,400 INFO T:186.98Â°K V:3.0566e-01V I:8.5578e-02A R:3.5717e+00ğ›€ E:4.7760e+00V/cm J:7.8512e-01A/cm2 ğ›’:6.0831e+00ğ›€ cm
2023-05-18 17:49:31,416 INFO Measurement at current 0.08623115577889447
2023-05-18 17:49:32,007 INFO T:186.98Â°K V:3.0786e-01V I:8.6231e-02A R:3.5702e+00ğ›€ E:4.8104e+00V/cm J:7.9111e-01A/cm2 ğ›’:6.0805e+00ğ›€ cm
2023-05-18 17:49:32,029 INFO Measurement at current 0.08688442211055276
2023-05-18 17:49:32,626 INFO T:186.99Â°K V:3.1008e-01V I:8.6884e-02A R:3.5689e+00ğ›€ E:4.8450e+00V/cm J:7.9710e-01A/cm2 ğ›’:6.0783e+00ğ›€ cm
2023-05-18 17:49:32,652 INFO Measurement at current 0.08753768844221105
2023-05-18 17:49:33,236 INFO T:186.99Â°K V:3.1229e-01V I:8.7538e-02A R:3.5675e+00ğ›€ E:4.8796e+00V/cm J:8.0310e-01A/cm2 ğ›’:6.0759e+00ğ›€ cm
2023-05-18 17:49:33,253 INFO Measurement at current 0.08819095477386935
2023-05-18 17:49:33,848 INFO T:187.00Â°K V:3.1448e-01V I:8.8191e-02A R:3.5659e+00ğ›€ E:4.9138e+00V/cm J:8.0909e-01A/cm2 ğ›’:6.0732e+00ğ›€ cm
2023-05-18 17:49:33,865 INFO Measurement at current 0.08884422110552763
2023-05-18 17:49:34,453 INFO T:187.01Â°K V:3.1668e-01V I:8.8844e-02A R:3.5645e+00ğ›€ E:4.9481e+00V/cm J:8.1508e-01A/cm2 ğ›’:6.0707e+00ğ›€ cm
2023-05-18 17:49:34,483 INFO Measurement at current 0.08949748743718593
2023-05-18 17:49:35,078 INFO T:187.01Â°K V:3.1886e-01V I:8.9497e-02A R:3.5628e+00ğ›€ E:4.9822e+00V/cm J:8.2108e-01A/cm2 ğ›’:6.0679e+00ğ›€ cm
2023-05-18 17:49:35,096 INFO Measurement at current 0.09015075376884422
2023-05-18 17:49:35,691 INFO T:187.02Â°K V:3.2106e-01V I:9.0151e-02A R:3.5614e+00ğ›€ E:5.0166e+00V/cm J:8.2707e-01A/cm2 ğ›’:6.0654e+00ğ›€ cm
2023-05-18 17:49:35,708 INFO Measurement at current 0.09080402010050251
2023-05-18 17:49:36,293 INFO T:187.02Â°K V:3.2325e-01V I:9.0804e-02A R:3.5599e+00ğ›€ E:5.0509e+00V/cm J:8.3306e-01A/cm2 ğ›’:6.0630e+00ğ›€ cm
2023-05-18 17:49:36,318 INFO Measurement at current 0.0914572864321608
2023-05-18 17:49:36,905 INFO T:187.03Â°K V:3.2543e-01V I:9.1457e-02A R:3.5583e+00ğ›€ E:5.0848e+00V/cm J:8.3906e-01A/cm2 ğ›’:6.0602e+00ğ›€ cm
2023-05-18 17:49:36,926 INFO Measurement at current 0.09211055276381909
2023-05-18 17:49:37,558 INFO T:187.03Â°K V:3.2761e-01V I:9.2111e-02A R:3.5567e+00ğ›€ E:5.1189e+00V/cm J:8.4505e-01A/cm2 ğ›’:6.0576e+00ğ›€ cm
2023-05-18 17:49:37,598 INFO Measurement at current 0.09276381909547739
2023-05-18 17:49:38,185 INFO T:187.04Â°K V:3.2979e-01V I:9.2764e-02A R:3.5551e+00ğ›€ E:5.1530e+00V/cm J:8.5104e-01A/cm2 ğ›’:6.0549e+00ğ›€ cm
2023-05-18 17:49:38,214 INFO Measurement at current 0.09341708542713567
2023-05-18 17:49:38,820 INFO T:187.04Â°K V:3.3195e-01V I:9.3417e-02A R:3.5535e+00ğ›€ E:5.1868e+00V/cm J:8.5704e-01A/cm2 ğ›’:6.0520e+00ğ›€ cm
2023-05-18 17:49:38,845 INFO Measurement at current 0.09407035175879397
2023-05-18 17:49:39,442 INFO T:187.05Â°K V:3.3414e-01V I:9.4070e-02A R:3.5520e+00ğ›€ E:5.2209e+00V/cm J:8.6303e-01A/cm2 ğ›’:6.0495e+00ğ›€ cm
2023-05-18 17:49:39,465 INFO Measurement at current 0.09472361809045225
2023-05-18 17:49:40,068 INFO T:187.06Â°K V:3.3632e-01V I:9.4724e-02A R:3.5505e+00ğ›€ E:5.2549e+00V/cm J:8.6902e-01A/cm2 ğ›’:6.0469e+00ğ›€ cm
2023-05-18 17:49:40,087 INFO Measurement at current 0.09537688442211055
2023-05-18 17:49:40,699 INFO T:187.06Â°K V:3.3847e-01V I:9.5377e-02A R:3.5488e+00ğ›€ E:5.2886e+00V/cm J:8.7502e-01A/cm2 ğ›’:6.0440e+00ğ›€ cm
2023-05-18 17:49:40,719 INFO Measurement at current 0.09603015075376885
2023-05-18 17:49:41,305 INFO T:187.07Â°K V:3.4065e-01V I:9.6030e-02A R:3.5473e+00ğ›€ E:5.3226e+00V/cm J:8.8101e-01A/cm2 ğ›’:6.0414e+00ğ›€ cm
2023-05-18 17:49:41,323 INFO Measurement at current 0.09668341708542713
2023-05-18 17:49:41,914 INFO T:187.07Â°K V:3.4283e-01V I:9.6683e-02A R:3.5459e+00ğ›€ E:5.3567e+00V/cm J:8.8700e-01A/cm2 ğ›’:6.0391e+00ğ›€ cm
2023-05-18 17:49:41,937 INFO Measurement at current 0.09733668341708543
2023-05-18 17:49:42,534 INFO T:187.08Â°K V:3.4498e-01V I:9.7337e-02A R:3.5442e+00ğ›€ E:5.3903e+00V/cm J:8.9300e-01A/cm2 ğ›’:6.0362e+00ğ›€ cm
2023-05-18 17:49:42,553 INFO Measurement at current 0.09798994974874371
2023-05-18 17:49:43,141 INFO T:187.08Â°K V:3.4715e-01V I:9.7990e-02A R:3.5427e+00ğ›€ E:5.4242e+00V/cm J:8.9899e-01A/cm2 ğ›’:6.0337e+00ğ›€ cm
2023-05-18 17:49:43,171 INFO Measurement at current 0.09864321608040201
2023-05-18 17:49:43,764 INFO T:187.09Â°K V:3.4932e-01V I:9.8643e-02A R:3.5412e+00ğ›€ E:5.4581e+00V/cm J:9.0498e-01A/cm2 ğ›’:6.0311e+00ğ›€ cm
2023-05-18 17:49:43,801 INFO Measurement at current 0.0992964824120603
2023-05-18 17:49:44,424 INFO T:187.09Â°K V:3.5146e-01V I:9.9296e-02A R:3.5395e+00ğ›€ E:5.4916e+00V/cm J:9.1098e-01A/cm2 ğ›’:6.0282e+00ğ›€ cm
2023-05-18 17:49:44,454 INFO Measurement at current 0.09994974874371859
2023-05-18 17:49:45,061 INFO T:187.10Â°K V:3.5362e-01V I:9.9950e-02A R:3.5379e+00ğ›€ E:5.5252e+00V/cm J:9.1697e-01A/cm2 ğ›’:6.0255e+00ğ›€ cm
2023-05-18 17:49:45,079 INFO Measurement at current 0.10060301507537688
2023-05-18 17:49:45,669 INFO T:187.11Â°K V:3.5577e-01V I:1.0060e-01A R:3.5364e+00ğ›€ E:5.5590e+00V/cm J:9.2296e-01A/cm2 ğ›’:6.0230e+00ğ›€ cm
2023-05-18 17:49:45,698 INFO Measurement at current 0.10125628140703517
2023-05-18 17:49:46,300 INFO T:187.11Â°K V:3.5791e-01V I:1.0126e-01A R:3.5347e+00ğ›€ E:5.5924e+00V/cm J:9.2896e-01A/cm2 ğ›’:6.0201e+00ğ›€ cm
2023-05-18 17:49:46,321 INFO Measurement at current 0.10190954773869347
2023-05-18 17:49:46,924 INFO T:187.12Â°K V:3.6007e-01V I:1.0191e-01A R:3.5332e+00ğ›€ E:5.6261e+00V/cm J:9.3495e-01A/cm2 ğ›’:6.0175e+00ğ›€ cm
2023-05-18 17:49:46,953 INFO Measurement at current 0.10256281407035175
2023-05-18 17:49:47,576 INFO T:187.12Â°K V:3.6221e-01V I:1.0256e-01A R:3.5315e+00ğ›€ E:5.6595e+00V/cm J:9.4094e-01A/cm2 ğ›’:6.0147e+00ğ›€ cm
2023-05-18 17:49:47,596 INFO Measurement at current 0.10321608040201005
2023-05-18 17:49:48,195 INFO T:187.13Â°K V:3.6434e-01V I:1.0322e-01A R:3.5299e+00ğ›€ E:5.6928e+00V/cm J:9.4694e-01A/cm2 ğ›’:6.0118e+00ğ›€ cm
2023-05-18 17:49:48,219 INFO Measurement at current 0.10386934673366834
2023-05-18 17:49:48,808 INFO T:187.13Â°K V:3.6649e-01V I:1.0387e-01A R:3.5283e+00ğ›€ E:5.7263e+00V/cm J:9.5293e-01A/cm2 ğ›’:6.0092e+00ğ›€ cm
2023-05-18 17:49:48,823 INFO Measurement at current 0.10452261306532663
2023-05-18 17:49:49,411 INFO T:187.14Â°K V:3.6863e-01V I:1.0452e-01A R:3.5268e+00ğ›€ E:5.7599e+00V/cm J:9.5892e-01A/cm2 ğ›’:6.0066e+00ğ›€ cm
2023-05-18 17:49:49,426 INFO Measurement at current 0.10517587939698492
2023-05-18 17:49:50,012 INFO T:187.15Â°K V:3.7099e-01V I:1.0518e-01A R:3.5273e+00ğ›€ E:5.7967e+00V/cm J:9.6492e-01A/cm2 ğ›’:6.0075e+00ğ›€ cm
2023-05-18 17:49:50,028 INFO Measurement at current 0.10582914572864321
2023-05-18 17:49:50,637 INFO T:187.15Â°K V:3.7312e-01V I:1.0583e-01A R:3.5257e+00ğ›€ E:5.8300e+00V/cm J:9.7091e-01A/cm2 ğ›’:6.0047e+00ğ›€ cm
2023-05-18 17:49:50,674 INFO Measurement at current 0.1064824120603015
2023-05-18 17:49:51,263 INFO T:187.16Â°K V:3.7519e-01V I:1.0648e-01A R:3.5234e+00ğ›€ E:5.8623e+00V/cm J:9.7690e-01A/cm2 ğ›’:6.0009e+00ğ›€ cm
2023-05-18 17:49:51,280 INFO Measurement at current 0.1071356783919598
2023-05-18 17:49:51,871 INFO T:187.16Â°K V:3.7734e-01V I:1.0714e-01A R:3.5220e+00ğ›€ E:5.8959e+00V/cm J:9.8290e-01A/cm2 ğ›’:5.9985e+00ğ›€ cm
2023-05-18 17:49:51,898 INFO Measurement at current 0.1077889447236181
2023-05-18 17:49:52,503 INFO T:187.17Â°K V:3.7945e-01V I:1.0779e-01A R:3.5203e+00ğ›€ E:5.9289e+00V/cm J:9.8889e-01A/cm2 ğ›’:5.9956e+00ğ›€ cm
2023-05-18 17:49:52,525 INFO Measurement at current 0.10844221105527638
2023-05-18 17:49:53,114 INFO T:187.17Â°K V:3.8152e-01V I:1.0844e-01A R:3.5182e+00ğ›€ E:5.9612e+00V/cm J:9.9488e-01A/cm2 ğ›’:5.9919e+00ğ›€ cm
2023-05-18 17:49:53,131 INFO Measurement at current 0.10909547738693468
2023-05-18 17:49:53,719 INFO T:187.18Â°K V:3.8367e-01V I:1.0910e-01A R:3.5169e+00ğ›€ E:5.9949e+00V/cm J:1.0009e+00A/cm2 ğ›’:5.9896e+00ğ›€ cm
2023-05-18 17:49:53,747 INFO Measurement at current 0.10974874371859296
2023-05-18 17:49:54,347 INFO T:187.18Â°K V:3.8577e-01V I:1.0975e-01A R:3.5150e+00ğ›€ E:6.0276e+00V/cm J:1.0069e+00A/cm2 ğ›’:5.9865e+00ğ›€ cm
2023-05-18 17:49:54,367 INFO Measurement at current 0.11040201005025126
2023-05-18 17:49:54,958 INFO T:187.19Â°K V:3.8784e-01V I:1.1040e-01A R:3.5130e+00ğ›€ E:6.0600e+00V/cm J:1.0129e+00A/cm2 ğ›’:5.9830e+00ğ›€ cm
2023-05-18 17:49:55,011 INFO Measurement at current 0.11105527638190954
2023-05-18 17:49:55,596 INFO T:187.20Â°K V:3.8998e-01V I:1.1106e-01A R:3.5115e+00ğ›€ E:6.0934e+00V/cm J:1.0189e+00A/cm2 ğ›’:5.9806e+00ğ›€ cm
2023-05-18 17:49:55,614 INFO Measurement at current 0.11170854271356784
2023-05-18 17:49:56,236 INFO T:187.20Â°K V:3.9204e-01V I:1.1171e-01A R:3.5095e+00ğ›€ E:6.1257e+00V/cm J:1.0248e+00A/cm2 ğ›’:5.9772e+00ğ›€ cm
2023-05-18 17:49:56,264 INFO Measurement at current 0.11236180904522612
2023-05-18 17:49:56,853 INFO T:187.21Â°K V:3.9410e-01V I:1.1236e-01A R:3.5074e+00ğ›€ E:6.1577e+00V/cm J:1.0308e+00A/cm2 ğ›’:5.9735e+00ğ›€ cm
2023-05-18 17:49:56,875 INFO Measurement at current 0.11301507537688442
2023-05-18 17:49:57,465 INFO T:187.21Â°K V:3.9624e-01V I:1.1302e-01A R:3.5061e+00ğ›€ E:6.1913e+00V/cm J:1.0368e+00A/cm2 ğ›’:5.9713e+00ğ›€ cm
2023-05-18 17:49:57,483 INFO Measurement at current 0.11366834170854272
2023-05-18 17:49:58,106 INFO T:187.22Â°K V:3.9831e-01V I:1.1367e-01A R:3.5041e+00ğ›€ E:6.2235e+00V/cm J:1.0428e+00A/cm2 ğ›’:5.9679e+00ğ›€ cm
2023-05-18 17:49:58,134 INFO Measurement at current 0.114321608040201
2023-05-18 17:49:58,723 INFO T:187.22Â°K V:4.0037e-01V I:1.1432e-01A R:3.5021e+00ğ›€ E:6.2558e+00V/cm J:1.0488e+00A/cm2 ğ›’:5.9646e+00ğ›€ cm
2023-05-18 17:49:58,746 INFO Measurement at current 0.1149748743718593
2023-05-18 17:49:59,341 INFO T:187.23Â°K V:4.0251e-01V I:1.1497e-01A R:3.5009e+00ğ›€ E:6.2892e+00V/cm J:1.0548e+00A/cm2 ğ›’:5.9624e+00ğ›€ cm
2023-05-18 17:49:59,358 INFO Measurement at current 0.11562814070351758
2023-05-18 17:49:59,954 INFO T:187.24Â°K V:4.0476e-01V I:1.1563e-01A R:3.5005e+00ğ›€ E:6.3243e+00V/cm J:1.0608e+00A/cm2 ğ›’:5.9618e+00ğ›€ cm
2023-05-18 17:49:59,975 INFO Measurement at current 0.11628140703517588
2023-05-18 17:50:00,576 INFO T:187.24Â°K V:4.0688e-01V I:1.1628e-01A R:3.4991e+00ğ›€ E:6.3576e+00V/cm J:1.0668e+00A/cm2 ğ›’:5.9595e+00ğ›€ cm
2023-05-18 17:50:00,597 INFO Measurement at current 0.11693467336683416
2023-05-18 17:50:01,203 INFO T:187.25Â°K V:4.0894e-01V I:1.1693e-01A R:3.4972e+00ğ›€ E:6.3898e+00V/cm J:1.0728e+00A/cm2 ğ›’:5.9562e+00ğ›€ cm
2023-05-18 17:50:01,230 INFO Measurement at current 0.11758793969849246
2023-05-18 17:50:01,822 INFO T:187.25Â°K V:4.1102e-01V I:1.1759e-01A R:3.4954e+00ğ›€ E:6.4221e+00V/cm J:1.0788e+00A/cm2 ğ›’:5.9531e+00ğ›€ cm
2023-05-18 17:50:01,841 INFO Measurement at current 0.11824120603015074
2023-05-18 17:50:02,426 INFO T:187.26Â°K V:4.1314e-01V I:1.1824e-01A R:3.4941e+00ğ›€ E:6.4554e+00V/cm J:1.0848e+00A/cm2 ğ›’:5.9509e+00ğ›€ cm
2023-05-18 17:50:02,457 INFO Measurement at current 0.11889447236180904
2023-05-18 17:50:03,072 INFO T:187.26Â°K V:4.1519e-01V I:1.1889e-01A R:3.4921e+00ğ›€ E:6.4873e+00V/cm J:1.0908e+00A/cm2 ğ›’:5.9475e+00ğ›€ cm
2023-05-18 17:50:03,088 INFO Measurement at current 0.11954773869346734
2023-05-18 17:50:03,688 INFO T:187.27Â°K V:4.1725e-01V I:1.1955e-01A R:3.4902e+00ğ›€ E:6.5195e+00V/cm J:1.0968e+00A/cm2 ğ›’:5.9442e+00ğ›€ cm
2023-05-18 17:50:03,712 INFO Measurement at current 0.12020100502512562
2023-05-18 17:50:04,304 INFO T:187.28Â°K V:4.1937e-01V I:1.2020e-01A R:3.4889e+00ğ›€ E:6.5526e+00V/cm J:1.1028e+00A/cm2 ğ›’:5.9420e+00ğ›€ cm
2023-05-18 17:50:04,338 INFO Measurement at current 0.12085427135678392
2023-05-18 17:50:04,929 INFO T:187.28Â°K V:4.2144e-01V I:1.2085e-01A R:3.4871e+00ğ›€ E:6.5849e+00V/cm J:1.1088e+00A/cm2 ğ›’:5.9390e+00ğ›€ cm
2023-05-18 17:50:04,954 INFO Measurement at current 0.1215075376884422
2023-05-18 17:50:05,542 INFO T:187.29Â°K V:4.2349e-01V I:1.2151e-01A R:3.4853e+00ğ›€ E:6.6171e+00V/cm J:1.1147e+00A/cm2 ğ›’:5.9359e+00ğ›€ cm
2023-05-18 17:50:05,572 INFO Measurement at current 0.1221608040201005
2023-05-18 17:50:06,176 INFO T:187.29Â°K V:4.2557e-01V I:1.2216e-01A R:3.4837e+00ğ›€ E:6.6496e+00V/cm J:1.1207e+00A/cm2 ğ›’:5.9332e+00ğ›€ cm
2023-05-18 17:50:06,196 INFO Measurement at current 0.12281407035175879
2023-05-18 17:50:06,813 INFO T:187.30Â°K V:4.2761e-01V I:1.2281e-01A R:3.4818e+00ğ›€ E:6.6814e+00V/cm J:1.1267e+00A/cm2 ğ›’:5.9299e+00ğ›€ cm
2023-05-18 17:50:06,834 INFO Measurement at current 0.12346733668341708
2023-05-18 17:50:07,419 INFO T:187.30Â°K V:4.2964e-01V I:1.2347e-01A R:3.4798e+00ğ›€ E:6.7132e+00V/cm J:1.1327e+00A/cm2 ğ›’:5.9265e+00ğ›€ cm
2023-05-18 17:50:07,452 INFO Measurement at current 0.12412060301507537
2023-05-18 17:50:08,044 INFO T:187.31Â°K V:4.3173e-01V I:1.2412e-01A R:3.4783e+00ğ›€ E:6.7458e+00V/cm J:1.1387e+00A/cm2 ğ›’:5.9240e+00ğ›€ cm
2023-05-18 17:50:08,079 INFO Measurement at current 0.12477386934673367
2023-05-18 17:50:08,687 INFO T:187.32Â°K V:4.3377e-01V I:1.2477e-01A R:3.4764e+00ğ›€ E:6.7776e+00V/cm J:1.1447e+00A/cm2 ğ›’:5.9208e+00ğ›€ cm
2023-05-18 17:50:08,709 INFO Measurement at current 0.12542713567839195
2023-05-18 17:50:09,317 INFO T:187.32Â°K V:4.3601e-01V I:1.2543e-01A R:3.4762e+00ğ›€ E:6.8127e+00V/cm J:1.1507e+00A/cm2 ğ›’:5.9204e+00ğ›€ cm
2023-05-18 17:50:09,341 INFO Measurement at current 0.12608040201005025
2023-05-18 17:50:09,935 INFO T:187.33Â°K V:4.3810e-01V I:1.2608e-01A R:3.4748e+00ğ›€ E:6.8453e+00V/cm J:1.1567e+00A/cm2 ğ›’:5.9179e+00ğ›€ cm
2023-05-18 17:50:09,950 INFO Measurement at current 0.12673366834170854
2023-05-18 17:50:10,542 INFO T:187.33Â°K V:4.4013e-01V I:1.2673e-01A R:3.4729e+00ğ›€ E:6.8770e+00V/cm J:1.1627e+00A/cm2 ğ›’:5.9147e+00ğ›€ cm
2023-05-18 17:50:10,573 INFO Measurement at current 0.12738693467336684
2023-05-18 17:50:11,183 INFO T:187.34Â°K V:4.4212e-01V I:1.2739e-01A R:3.4707e+00ğ›€ E:6.9081e+00V/cm J:1.1687e+00A/cm2 ğ›’:5.9110e+00ğ›€ cm
2023-05-18 17:50:11,210 INFO Measurement at current 0.1280402010050251
2023-05-18 17:50:11,803 INFO T:187.34Â°K V:4.4421e-01V I:1.2804e-01A R:3.4693e+00ğ›€ E:6.9408e+00V/cm J:1.1747e+00A/cm2 ğ›’:5.9087e+00ğ›€ cm
2023-05-18 17:50:11,852 INFO Measurement at current 0.1286934673366834
2023-05-18 17:50:12,479 INFO T:187.35Â°K V:4.4621e-01V I:1.2869e-01A R:3.4673e+00ğ›€ E:6.9721e+00V/cm J:1.1807e+00A/cm2 ğ›’:5.9052e+00ğ›€ cm
2023-05-18 17:50:12,497 INFO Measurement at current 0.1293467336683417
2023-05-18 17:50:13,089 INFO T:187.36Â°K V:4.4823e-01V I:1.2935e-01A R:3.4653e+00ğ›€ E:7.0036e+00V/cm J:1.1867e+00A/cm2 ğ›’:5.9019e+00ğ›€ cm
2023-05-18 17:50:13,107 INFO Measurement at current 0.13
2023-05-18 17:50:13,717 INFO T:187.36Â°K V:4.5030e-01V I:1.3000e-01A R:3.4638e+00ğ›€ E:7.0359e+00V/cm J:1.1927e+00A/cm2 ğ›’:5.8993e+00ğ›€ cm
2023-05-18 17:50:53,654 INFO Save the description file
2023-05-18 17:50:53,657 INFO Save data in numpy format Esperimenti/CPRO_MUSA_180523_I_V/CPRO_MUSA_180523_I_V_current_from_0_to_1300e-4A/CPRO_MUSA_180523_I_V_current_from_0_to_1300e-4A-20230518175052
2023-05-18 17:50:53,679 INFO Save data in CSV format Esperimenti/CPRO_MUSA_180523_I_V/CPRO_MUSA_180523_I_V_current_from_0_to_1300e-4A/CPRO_MUSA_180523_I_V_current_from_0_to_1300e-4A-20230518175052.csv
2023-05-18 17:50:53,707 INFO Save plot as image Esperimenti/CPRO_MUSA_180523_I_V/CPRO_MUSA_180523_I_V_current_from_0_to_1300e-4A/CPRO_MUSA_180523_I_V_current_from_0_to_1300e-4A-20230518175052.png
