2023-05-19 12:09:23,088 INFO ### Start experiment: CPRO_MUSA_180523_I_V current from 0 to 1300e-4A ###
2023-05-19 12:09:24,449 INFO Found Multimeter KEITHLEY INSTRUMENTS INC.,MODEL 2700,0884890,B03  /A02  

2023-05-19 12:09:25,483 INFO Found Nanovolt Meter KEITHLEY INSTRUMENTS INC.,MODEL 2182A,4056474,C03  /A02  

2023-05-19 12:09:25,608 INFO Found Source Meter KEITHLEY INSTRUMENTS INC.,MODEL 2400,0945684,C24   Feb 14 2002 11:59:45/A02  /K/H

2023-05-19 12:09:25,748 INFO Start the measurement loop
2023-05-19 12:09:34,132 INFO Measurement at current 0.0
2023-05-19 12:09:35,060 INFO T:242.93Â°K V:2.8147e-06V I:0.0000e+00A R:infğ›€ E:4.3979e-05V/cm J:0.0000e+00A/cm2 ğ›’:infğ›€ cm
2023-05-19 12:09:35,080 INFO Measurement at current 0.0006532663316582914
2023-05-19 12:09:35,684 INFO T:242.93Â°K V:1.7750e-03V I:6.5327e-04A R:2.7171e+00ğ›€ E:2.7734e-02V/cm J:5.9933e-03A/cm2 ğ›’:4.6275e+00ğ›€ cm
2023-05-19 12:09:35,711 INFO Measurement at current 0.0013065326633165829
2023-05-19 12:09:36,311 INFO T:242.94Â°K V:3.5470e-03V I:1.3065e-03A R:2.7148e+00ğ›€ E:5.5422e-02V/cm J:1.1987e-02A/cm2 ğ›’:4.6237e+00ğ›€ cm
2023-05-19 12:09:36,337 INFO Measurement at current 0.001959798994974874
2023-05-19 12:09:36,940 INFO T:242.94Â°K V:5.3206e-03V I:1.9598e-03A R:2.7149e+00ğ›€ E:8.3135e-02V/cm J:1.7980e-02A/cm2 ğ›’:4.6238e+00ğ›€ cm
2023-05-19 12:09:36,957 INFO Measurement at current 0.0026130653266331657
2023-05-19 12:09:37,557 INFO T:242.95Â°K V:7.0909e-03V I:2.6131e-03A R:2.7136e+00ğ›€ E:1.1080e-01V/cm J:2.3973e-02A/cm2 ğ›’:4.6217e+00ğ›€ cm
2023-05-19 12:09:37,574 INFO Measurement at current 0.0032663316582914573
2023-05-19 12:09:38,164 INFO T:242.95Â°K V:8.8644e-03V I:3.2663e-03A R:2.7139e+00ğ›€ E:1.3851e-01V/cm J:2.9966e-02A/cm2 ğ›’:4.6220e+00ğ›€ cm
2023-05-19 12:09:38,185 INFO Measurement at current 0.003919597989949748
2023-05-19 12:09:38,789 INFO T:242.96Â°K V:1.0635e-02V I:3.9196e-03A R:2.7134e+00ğ›€ E:1.6618e-01V/cm J:3.5960e-02A/cm2 ğ›’:4.6213e+00ğ›€ cm
2023-05-19 12:09:38,814 INFO Measurement at current 0.00457286432160804
2023-05-19 12:09:40,261 INFO T:242.97Â°K V:1.2406e-02V I:4.5729e-03A R:2.7130e+00ğ›€ E:1.9385e-01V/cm J:4.1953e-02A/cm2 ğ›’:4.6206e+00ğ›€ cm
2023-05-19 12:09:40,282 INFO Measurement at current 0.0052261306532663315
2023-05-19 12:09:40,873 INFO T:242.98Â°K V:1.4177e-02V I:5.2261e-03A R:2.7127e+00ğ›€ E:2.2152e-01V/cm J:4.7946e-02A/cm2 ğ›’:4.6201e+00ğ›€ cm
2023-05-19 12:09:40,893 INFO Measurement at current 0.005879396984924623
2023-05-19 12:09:41,492 INFO T:242.98Â°K V:1.5950e-02V I:5.8794e-03A R:2.7129e+00ğ›€ E:2.4922e-01V/cm J:5.3939e-02A/cm2 ğ›’:4.6203e+00ğ›€ cm
2023-05-19 12:09:41,528 INFO Measurement at current 0.006532663316582915
2023-05-19 12:09:42,118 INFO T:242.99Â°K V:1.7720e-02V I:6.5327e-03A R:2.7126e+00ğ›€ E:2.7688e-01V/cm J:5.9933e-02A/cm2 ğ›’:4.6198e+00ğ›€ cm
2023-05-19 12:09:42,141 INFO Measurement at current 0.007185929648241206
2023-05-19 12:09:42,728 INFO T:242.99Â°K V:1.9492e-02V I:7.1859e-03A R:2.7126e+00ğ›€ E:3.0457e-01V/cm J:6.5926e-02A/cm2 ğ›’:4.6199e+00ğ›€ cm
2023-05-19 12:09:42,744 INFO Measurement at current 0.007839195979899497
2023-05-19 12:09:43,338 INFO T:243.00Â°K V:2.1263e-02V I:7.8392e-03A R:2.7124e+00ğ›€ E:3.3223e-01V/cm J:7.1919e-02A/cm2 ğ›’:4.6195e+00ğ›€ cm
2023-05-19 12:09:43,361 INFO Measurement at current 0.00849246231155779
2023-05-19 12:09:43,957 INFO T:243.00Â°K V:2.3035e-02V I:8.4925e-03A R:2.7124e+00ğ›€ E:3.5992e-01V/cm J:7.7912e-02A/cm2 ğ›’:4.6196e+00ğ›€ cm
2023-05-19 12:09:43,980 INFO Measurement at current 0.00914572864321608
2023-05-19 12:09:44,580 INFO T:243.01Â°K V:2.4805e-02V I:9.1457e-03A R:2.7122e+00ğ›€ E:3.8758e-01V/cm J:8.3906e-02A/cm2 ğ›’:4.6193e+00ğ›€ cm
2023-05-19 12:09:44,600 INFO Measurement at current 0.009798994974874372
2023-05-19 12:09:45,197 INFO T:243.01Â°K V:2.6578e-02V I:9.7990e-03A R:2.7123e+00ğ›€ E:4.1528e-01V/cm J:8.9899e-02A/cm2 ğ›’:4.6194e+00ğ›€ cm
2023-05-19 12:09:45,212 INFO Measurement at current 0.010452261306532663
2023-05-19 12:09:45,801 INFO T:243.02Â°K V:2.8350e-02V I:1.0452e-02A R:2.7123e+00ğ›€ E:4.4297e-01V/cm J:9.5892e-02A/cm2 ğ›’:4.6195e+00ğ›€ cm
2023-05-19 12:09:45,818 INFO Measurement at current 0.011105527638190954
2023-05-19 12:09:46,413 INFO T:243.02Â°K V:3.0122e-02V I:1.1106e-02A R:2.7123e+00ğ›€ E:4.7065e-01V/cm J:1.0189e-01A/cm2 ğ›’:4.6194e+00ğ›€ cm
2023-05-19 12:09:46,435 INFO Measurement at current 0.011758793969849246
2023-05-19 12:09:47,037 INFO T:243.03Â°K V:3.1898e-02V I:1.1759e-02A R:2.7127e+00ğ›€ E:4.9840e-01V/cm J:1.0788e-01A/cm2 ğ›’:4.6200e+00ğ›€ cm
2023-05-19 12:09:47,061 INFO Measurement at current 0.012412060301507537
2023-05-19 12:09:47,662 INFO T:243.04Â°K V:3.3661e-02V I:1.2412e-02A R:2.7119e+00ğ›€ E:5.2595e-01V/cm J:1.1387e-01A/cm2 ğ›’:4.6187e+00ğ›€ cm
2023-05-19 12:09:47,679 INFO Measurement at current 0.01306532663316583
2023-05-19 12:09:48,274 INFO T:243.04Â°K V:3.5437e-02V I:1.3065e-02A R:2.7123e+00ğ›€ E:5.5370e-01V/cm J:1.1987e-01A/cm2 ğ›’:4.6194e+00ğ›€ cm
2023-05-19 12:09:48,289 INFO Measurement at current 0.01371859296482412
2023-05-19 12:09:48,880 INFO T:243.05Â°K V:3.7215e-02V I:1.3719e-02A R:2.7127e+00ğ›€ E:5.8149e-01V/cm J:1.2586e-01A/cm2 ğ›’:4.6201e+00ğ›€ cm
2023-05-19 12:09:48,901 INFO Measurement at current 0.014371859296482412
2023-05-19 12:09:49,501 INFO T:243.05Â°K V:3.8976e-02V I:1.4372e-02A R:2.7119e+00ğ›€ E:6.0899e-01V/cm J:1.3185e-01A/cm2 ğ›’:4.6188e+00ğ›€ cm
2023-05-19 12:09:49,526 INFO Measurement at current 0.015025125628140703
2023-05-19 12:09:50,129 INFO T:243.06Â°K V:4.0753e-02V I:1.5025e-02A R:2.7124e+00ğ›€ E:6.3677e-01V/cm J:1.3785e-01A/cm2 ğ›’:4.6195e+00ğ›€ cm
2023-05-19 12:09:50,153 INFO Measurement at current 0.015678391959798994
2023-05-19 12:09:50,769 INFO T:243.06Â°K V:4.2532e-02V I:1.5678e-02A R:2.7128e+00ğ›€ E:6.6456e-01V/cm J:1.4384e-01A/cm2 ğ›’:4.6202e+00ğ›€ cm
2023-05-19 12:09:50,785 INFO Measurement at current 0.016331658291457284
2023-05-19 12:09:51,378 INFO T:243.07Â°K V:4.4297e-02V I:1.6332e-02A R:2.7123e+00ğ›€ E:6.9214e-01V/cm J:1.4983e-01A/cm2 ğ›’:4.6194e+00ğ›€ cm
2023-05-19 12:09:51,397 INFO Measurement at current 0.01698492462311558
2023-05-19 12:09:52,003 INFO T:243.07Â°K V:4.6074e-02V I:1.6985e-02A R:2.7127e+00ğ›€ E:7.1991e-01V/cm J:1.5582e-01A/cm2 ğ›’:4.6200e+00ğ›€ cm
2023-05-19 12:09:52,021 INFO Measurement at current 0.01763819095477387
2023-05-19 12:09:52,617 INFO T:243.08Â°K V:4.7853e-02V I:1.7638e-02A R:2.7130e+00ğ›€ E:7.4770e-01V/cm J:1.6182e-01A/cm2 ğ›’:4.6206e+00ğ›€ cm
2023-05-19 12:09:52,643 INFO Measurement at current 0.01829145728643216
2023-05-19 12:09:53,245 INFO T:243.08Â°K V:4.9613e-02V I:1.8291e-02A R:2.7123e+00ğ›€ E:7.7520e-01V/cm J:1.6781e-01A/cm2 ğ›’:4.6195e+00ğ›€ cm
2023-05-19 12:09:53,279 INFO Measurement at current 0.01894472361809045
2023-05-19 12:09:53,876 INFO T:243.09Â°K V:5.1391e-02V I:1.8945e-02A R:2.7127e+00ğ›€ E:8.0299e-01V/cm J:1.7380e-01A/cm2 ğ›’:4.6201e+00ğ›€ cm
2023-05-19 12:09:53,896 INFO Measurement at current 0.019597989949748745
2023-05-19 12:09:54,492 INFO T:243.09Â°K V:5.3170e-02V I:1.9598e-02A R:2.7130e+00ğ›€ E:8.3078e-01V/cm J:1.7980e-01A/cm2 ğ›’:4.6206e+00ğ›€ cm
2023-05-19 12:09:54,519 INFO Measurement at current 0.020251256281407035
2023-05-19 12:09:55,107 INFO T:243.10Â°K V:5.4934e-02V I:2.0251e-02A R:2.7126e+00ğ›€ E:8.5834e-01V/cm J:1.8579e-01A/cm2 ğ›’:4.6199e+00ğ›€ cm
2023-05-19 12:09:55,130 INFO Measurement at current 0.020904522613065326
2023-05-19 12:09:55,722 INFO T:243.11Â°K V:5.6710e-02V I:2.0905e-02A R:2.7128e+00ğ›€ E:8.8610e-01V/cm J:1.9178e-01A/cm2 ğ›’:4.6203e+00ğ›€ cm
2023-05-19 12:09:55,746 INFO Measurement at current 0.021557788944723617
2023-05-19 12:09:56,345 INFO T:243.11Â°K V:5.8482e-02V I:2.1558e-02A R:2.7128e+00ğ›€ E:9.1379e-01V/cm J:1.9778e-01A/cm2 ğ›’:4.6203e+00ğ›€ cm
2023-05-19 12:09:56,365 INFO Measurement at current 0.022211055276381907
2023-05-19 12:09:56,968 INFO T:243.12Â°K V:6.0245e-02V I:2.2211e-02A R:2.7124e+00ğ›€ E:9.4133e-01V/cm J:2.0377e-01A/cm2 ğ›’:4.6196e+00ğ›€ cm
2023-05-19 12:09:56,987 INFO Measurement at current 0.0228643216080402
2023-05-19 12:09:57,577 INFO T:243.12Â°K V:6.2022e-02V I:2.2864e-02A R:2.7126e+00ğ›€ E:9.6909e-01V/cm J:2.0976e-01A/cm2 ğ›’:4.6199e+00ğ›€ cm
2023-05-19 12:09:57,597 INFO Measurement at current 0.023517587939698492
2023-05-19 12:09:58,187 INFO T:243.13Â°K V:6.3797e-02V I:2.3518e-02A R:2.7127e+00ğ›€ E:9.9683e-01V/cm J:2.1576e-01A/cm2 ğ›’:4.6201e+00ğ›€ cm
2023-05-19 12:09:58,212 INFO Measurement at current 0.024170854271356783
2023-05-19 12:09:58,813 INFO T:243.13Â°K V:6.5560e-02V I:2.4171e-02A R:2.7124e+00ğ›€ E:1.0244e+00V/cm J:2.2175e-01A/cm2 ğ›’:4.6195e+00ğ›€ cm
2023-05-19 12:09:58,842 INFO Measurement at current 0.024824120603015074
2023-05-19 12:09:59,452 INFO T:243.14Â°K V:6.7337e-02V I:2.4824e-02A R:2.7125e+00ğ›€ E:1.0521e+00V/cm J:2.2774e-01A/cm2 ğ›’:4.6198e+00ğ›€ cm
2023-05-19 12:09:59,479 INFO Measurement at current 0.025477386934673368
2023-05-19 12:10:00,069 INFO T:243.14Â°K V:6.9095e-02V I:2.5477e-02A R:2.7120e+00ğ›€ E:1.0796e+00V/cm J:2.3374e-01A/cm2 ğ›’:4.6189e+00ğ›€ cm
2023-05-19 12:10:00,084 INFO Measurement at current 0.02613065326633166
2023-05-19 12:10:00,677 INFO T:243.15Â°K V:7.0871e-02V I:2.6131e-02A R:2.7122e+00ğ›€ E:1.1074e+00V/cm J:2.3973e-01A/cm2 ğ›’:4.6192e+00ğ›€ cm
2023-05-19 12:10:00,691 INFO Measurement at current 0.02678391959798995
2023-05-19 12:10:01,300 INFO T:243.15Â°K V:7.2648e-02V I:2.6784e-02A R:2.7124e+00ğ›€ E:1.1351e+00V/cm J:2.4572e-01A/cm2 ğ›’:4.6195e+00ğ›€ cm
2023-05-19 12:10:01,322 INFO Measurement at current 0.02743718592964824
2023-05-19 12:10:01,923 INFO T:243.16Â°K V:7.4413e-02V I:2.7437e-02A R:2.7121e+00ğ›€ E:1.1627e+00V/cm J:2.5172e-01A/cm2 ğ›’:4.6191e+00ğ›€ cm
2023-05-19 12:10:01,943 INFO Measurement at current 0.02809045226130653
2023-05-19 12:10:02,533 INFO T:243.16Â°K V:7.6192e-02V I:2.8090e-02A R:2.7124e+00ğ›€ E:1.1905e+00V/cm J:2.5771e-01A/cm2 ğ›’:4.6195e+00ğ›€ cm
2023-05-19 12:10:02,553 INFO Measurement at current 0.028743718592964825
2023-05-19 12:10:03,162 INFO T:243.17Â°K V:7.7966e-02V I:2.8744e-02A R:2.7124e+00ğ›€ E:1.2182e+00V/cm J:2.6370e-01A/cm2 ğ›’:4.6196e+00ğ›€ cm
2023-05-19 12:10:03,193 INFO Measurement at current 0.029396984924623115
2023-05-19 12:10:03,797 INFO T:243.18Â°K V:7.9731e-02V I:2.9397e-02A R:2.7122e+00ğ›€ E:1.2458e+00V/cm J:2.6970e-01A/cm2 ğ›’:4.6192e+00ğ›€ cm
2023-05-19 12:10:03,820 INFO Measurement at current 0.030050251256281406
2023-05-19 12:10:04,417 INFO T:243.18Â°K V:8.1510e-02V I:3.0050e-02A R:2.7124e+00ğ›€ E:1.2736e+00V/cm J:2.7569e-01A/cm2 ğ›’:4.6196e+00ğ›€ cm
2023-05-19 12:10:04,437 INFO Measurement at current 0.030703517587939697
2023-05-19 12:10:05,043 INFO T:243.19Â°K V:8.3287e-02V I:3.0704e-02A R:2.7126e+00ğ›€ E:1.3014e+00V/cm J:2.8168e-01A/cm2 ğ›’:4.6199e+00ğ›€ cm
2023-05-19 12:10:05,060 INFO Measurement at current 0.03135678391959799
2023-05-19 12:10:05,648 INFO T:243.19Â°K V:8.5052e-02V I:3.1357e-02A R:2.7124e+00ğ›€ E:1.3289e+00V/cm J:2.8768e-01A/cm2 ğ›’:4.6196e+00ğ›€ cm
2023-05-19 12:10:05,669 INFO Measurement at current 0.03201005025125628
2023-05-19 12:10:06,268 INFO T:243.20Â°K V:8.6826e-02V I:3.2010e-02A R:2.7125e+00ğ›€ E:1.3567e+00V/cm J:2.9367e-01A/cm2 ğ›’:4.6197e+00ğ›€ cm
2023-05-19 12:10:06,293 INFO Measurement at current 0.03266331658291457
2023-05-19 12:10:06,892 INFO T:243.20Â°K V:8.8605e-02V I:3.2663e-02A R:2.7127e+00ğ›€ E:1.3845e+00V/cm J:2.9966e-01A/cm2 ğ›’:4.6200e+00ğ›€ cm
2023-05-19 12:10:06,916 INFO Measurement at current 0.033316582914572866
2023-05-19 12:10:07,519 INFO T:243.21Â°K V:9.0371e-02V I:3.3317e-02A R:2.7125e+00ğ›€ E:1.4120e+00V/cm J:3.0566e-01A/cm2 ğ›’:4.6197e+00ğ›€ cm
2023-05-19 12:10:07,535 INFO Measurement at current 0.03396984924623116
2023-05-19 12:10:08,129 INFO T:243.21Â°K V:9.2149e-02V I:3.3970e-02A R:2.7127e+00ğ›€ E:1.4398e+00V/cm J:3.1165e-01A/cm2 ğ›’:4.6200e+00ğ›€ cm
2023-05-19 12:10:08,144 INFO Measurement at current 0.03462311557788945
2023-05-19 12:10:08,731 INFO T:243.22Â°K V:9.3926e-02V I:3.4623e-02A R:2.7128e+00ğ›€ E:1.4676e+00V/cm J:3.1764e-01A/cm2 ğ›’:4.6202e+00ğ›€ cm
2023-05-19 12:10:08,748 INFO Measurement at current 0.03527638190954774
2023-05-19 12:10:09,333 INFO T:243.22Â°K V:9.5689e-02V I:3.5276e-02A R:2.7126e+00ğ›€ E:1.4951e+00V/cm J:3.2364e-01A/cm2 ğ›’:4.6198e+00ğ›€ cm
2023-05-19 12:10:09,348 INFO Measurement at current 0.03592964824120603
2023-05-19 12:10:09,934 INFO T:243.23Â°K V:9.7462e-02V I:3.5930e-02A R:2.7126e+00ğ›€ E:1.5228e+00V/cm J:3.2963e-01A/cm2 ğ›’:4.6199e+00ğ›€ cm
2023-05-19 12:10:09,951 INFO Measurement at current 0.03658291457286432
2023-05-19 12:10:10,539 INFO T:243.23Â°K V:9.9239e-02V I:3.6583e-02A R:2.7127e+00ğ›€ E:1.5506e+00V/cm J:3.3562e-01A/cm2 ğ›’:4.6201e+00ğ›€ cm
2023-05-19 12:10:10,564 INFO Measurement at current 0.03723618090452261
2023-05-19 12:10:11,161 INFO T:243.24Â°K V:1.0100e-01V I:3.7236e-02A R:2.7125e+00ğ›€ E:1.5782e+00V/cm J:3.4162e-01A/cm2 ğ›’:4.6197e+00ğ›€ cm
2023-05-19 12:10:11,183 INFO Measurement at current 0.0378894472361809
2023-05-19 12:10:11,771 INFO T:243.24Â°K V:1.0278e-01V I:3.7889e-02A R:2.7126e+00ğ›€ E:1.6059e+00V/cm J:3.4761e-01A/cm2 ğ›’:4.6199e+00ğ›€ cm
2023-05-19 12:10:11,810 INFO Measurement at current 0.03854271356783919
2023-05-19 12:10:12,403 INFO T:243.25Â°K V:1.0456e-01V I:3.8543e-02A R:2.7127e+00ğ›€ E:1.6337e+00V/cm J:3.5360e-01A/cm2 ğ›’:4.6201e+00ğ›€ cm
2023-05-19 12:10:12,427 INFO Measurement at current 0.03919597989949749
2023-05-19 12:10:13,020 INFO T:243.25Â°K V:1.0632e-01V I:3.9196e-02A R:2.7124e+00ğ›€ E:1.6612e+00V/cm J:3.5960e-01A/cm2 ğ›’:4.6196e+00ğ›€ cm
2023-05-19 12:10:13,065 INFO Measurement at current 0.03984924623115578
2023-05-19 12:10:13,660 INFO T:243.26Â°K V:1.0809e-01V I:3.9849e-02A R:2.7125e+00ğ›€ E:1.6889e+00V/cm J:3.6559e-01A/cm2 ğ›’:4.6198e+00ğ›€ cm
2023-05-19 12:10:13,686 INFO Measurement at current 0.04050251256281407
2023-05-19 12:10:14,288 INFO T:243.26Â°K V:1.0987e-01V I:4.0503e-02A R:2.7127e+00ğ›€ E:1.7167e+00V/cm J:3.7158e-01A/cm2 ğ›’:4.6200e+00ğ›€ cm
2023-05-19 12:10:14,315 INFO Measurement at current 0.04115577889447236
2023-05-19 12:10:14,907 INFO T:243.27Â°K V:1.1164e-01V I:4.1156e-02A R:2.7125e+00ğ›€ E:1.7443e+00V/cm J:3.7758e-01A/cm2 ğ›’:4.6198e+00ğ›€ cm
2023-05-19 12:10:14,923 INFO Measurement at current 0.04180904522613065
2023-05-19 12:10:15,512 INFO T:243.28Â°K V:1.1342e-01V I:4.1809e-02A R:2.7127e+00ğ›€ E:1.7721e+00V/cm J:3.8357e-01A/cm2 ğ›’:4.6201e+00ğ›€ cm
2023-05-19 12:10:15,530 INFO Measurement at current 0.04246231155778894
2023-05-19 12:10:16,127 INFO T:243.28Â°K V:1.1518e-01V I:4.2462e-02A R:2.7125e+00ğ›€ E:1.7997e+00V/cm J:3.8956e-01A/cm2 ğ›’:4.6197e+00ğ›€ cm
2023-05-19 12:10:16,154 INFO Measurement at current 0.04311557788944723
2023-05-19 12:10:16,758 INFO T:243.29Â°K V:1.1696e-01V I:4.3116e-02A R:2.7126e+00ğ›€ E:1.8275e+00V/cm J:3.9556e-01A/cm2 ğ›’:4.6200e+00ğ›€ cm
2023-05-19 12:10:16,793 INFO Measurement at current 0.043768844221105524
2023-05-19 12:10:17,408 INFO T:243.29Â°K V:1.1874e-01V I:4.3769e-02A R:2.7128e+00ğ›€ E:1.8553e+00V/cm J:4.0155e-01A/cm2 ğ›’:4.6202e+00ğ›€ cm
2023-05-19 12:10:17,434 INFO Measurement at current 0.044422110552763815
2023-05-19 12:10:18,773 INFO T:243.30Â°K V:1.2050e-01V I:4.4422e-02A R:2.7127e+00ğ›€ E:1.8829e+00V/cm J:4.0754e-01A/cm2 ğ›’:4.6200e+00ğ›€ cm
2023-05-19 12:10:18,789 INFO Measurement at current 0.04507537688442211
2023-05-19 12:10:19,397 INFO T:243.31Â°K V:1.2228e-01V I:4.5075e-02A R:2.7128e+00ğ›€ E:1.9107e+00V/cm J:4.1354e-01A/cm2 ğ›’:4.6203e+00ğ›€ cm
2023-05-19 12:10:19,416 INFO Measurement at current 0.0457286432160804
2023-05-19 12:10:20,024 INFO T:243.31Â°K V:1.2406e-01V I:4.5729e-02A R:2.7130e+00ğ›€ E:1.9385e+00V/cm J:4.1953e-01A/cm2 ğ›’:4.6206e+00ğ›€ cm
2023-05-19 12:10:20,040 INFO Measurement at current 0.046381909547738694
2023-05-19 12:10:20,639 INFO T:243.32Â°K V:1.2582e-01V I:4.6382e-02A R:2.7127e+00ğ›€ E:1.9660e+00V/cm J:4.2552e-01A/cm2 ğ›’:4.6201e+00ğ›€ cm
2023-05-19 12:10:20,656 INFO Measurement at current 0.047035175879396984
2023-05-19 12:10:21,254 INFO T:243.32Â°K V:1.2760e-01V I:4.7035e-02A R:2.7129e+00ğ›€ E:1.9938e+00V/cm J:4.3152e-01A/cm2 ğ›’:4.6204e+00ğ›€ cm
2023-05-19 12:10:21,275 INFO Measurement at current 0.047688442211055275
2023-05-19 12:10:21,879 INFO T:243.33Â°K V:1.2938e-01V I:4.7688e-02A R:2.7130e+00ğ›€ E:2.0216e+00V/cm J:4.3751e-01A/cm2 ğ›’:4.6206e+00ğ›€ cm
2023-05-19 12:10:21,897 INFO Measurement at current 0.048341708542713566
2023-05-19 12:10:22,488 INFO T:243.33Â°K V:1.3115e-01V I:4.8342e-02A R:2.7129e+00ğ›€ E:2.0491e+00V/cm J:4.4350e-01A/cm2 ğ›’:4.6204e+00ğ›€ cm
2023-05-19 12:10:22,506 INFO Measurement at current 0.048994974874371856
2023-05-19 12:10:23,093 INFO T:243.34Â°K V:1.3292e-01V I:4.8995e-02A R:2.7130e+00ğ›€ E:2.0769e+00V/cm J:4.4950e-01A/cm2 ğ›’:4.6206e+00ğ›€ cm
2023-05-19 12:10:23,108 INFO Measurement at current 0.04964824120603015
2023-05-19 12:10:23,698 INFO T:243.34Â°K V:1.3470e-01V I:4.9648e-02A R:2.7130e+00ğ›€ E:2.1046e+00V/cm J:4.5549e-01A/cm2 ğ›’:4.6206e+00ğ›€ cm
2023-05-19 12:10:23,716 INFO Measurement at current 0.05030150753768844
2023-05-19 12:10:24,306 INFO T:243.35Â°K V:1.3646e-01V I:5.0302e-02A R:2.7129e+00ğ›€ E:2.1322e+00V/cm J:4.6148e-01A/cm2 ğ›’:4.6204e+00ğ›€ cm
2023-05-19 12:10:24,320 INFO Measurement at current 0.050954773869346735
2023-05-19 12:10:24,933 INFO T:243.36Â°K V:1.3824e-01V I:5.0955e-02A R:2.7130e+00ğ›€ E:2.1600e+00V/cm J:4.6747e-01A/cm2 ğ›’:4.6205e+00ğ›€ cm
2023-05-19 12:10:24,953 INFO Measurement at current 0.051608040201005026
2023-05-19 12:10:25,545 INFO T:243.36Â°K V:1.4002e-01V I:5.1608e-02A R:2.7131e+00ğ›€ E:2.1878e+00V/cm J:4.7347e-01A/cm2 ğ›’:4.6207e+00ğ›€ cm
2023-05-19 12:10:25,563 INFO Measurement at current 0.05226130653266332
2023-05-19 12:10:26,172 INFO T:243.37Â°K V:1.4178e-01V I:5.2261e-02A R:2.7129e+00ğ›€ E:2.2153e+00V/cm J:4.7946e-01A/cm2 ğ›’:4.6205e+00ğ›€ cm
2023-05-19 12:10:26,191 INFO Measurement at current 0.05291457286432161
2023-05-19 12:10:26,777 INFO T:243.37Â°K V:1.4356e-01V I:5.2915e-02A R:2.7131e+00ğ›€ E:2.2431e+00V/cm J:4.8545e-01A/cm2 ğ›’:4.6207e+00ğ›€ cm
2023-05-19 12:10:26,794 INFO Measurement at current 0.0535678391959799
2023-05-19 12:10:27,378 INFO T:243.38Â°K V:1.4533e-01V I:5.3568e-02A R:2.7131e+00ğ›€ E:2.2708e+00V/cm J:4.9145e-01A/cm2 ğ›’:4.6207e+00ğ›€ cm
2023-05-19 12:10:27,394 INFO Measurement at current 0.05422110552763819
2023-05-19 12:10:27,982 INFO T:243.38Â°K V:1.4710e-01V I:5.4221e-02A R:2.7130e+00ğ›€ E:2.2984e+00V/cm J:4.9744e-01A/cm2 ğ›’:4.6205e+00ğ›€ cm
2023-05-19 12:10:28,004 INFO Measurement at current 0.05487437185929648
2023-05-19 12:10:28,611 INFO T:243.39Â°K V:1.4888e-01V I:5.4874e-02A R:2.7131e+00ğ›€ E:2.3263e+00V/cm J:5.0343e-01A/cm2 ğ›’:4.6208e+00ğ›€ cm
2023-05-19 12:10:28,628 INFO Measurement at current 0.05552763819095477
2023-05-19 12:10:29,223 INFO T:243.39Â°K V:1.5066e-01V I:5.5528e-02A R:2.7133e+00ğ›€ E:2.3541e+00V/cm J:5.0943e-01A/cm2 ğ›’:4.6210e+00ğ›€ cm
2023-05-19 12:10:29,257 INFO Measurement at current 0.05618090452261306
2023-05-19 12:10:29,846 INFO T:243.40Â°K V:1.5243e-01V I:5.6181e-02A R:2.7132e+00ğ›€ E:2.3817e+00V/cm J:5.1542e-01A/cm2 ğ›’:4.6209e+00ğ›€ cm
2023-05-19 12:10:29,866 INFO Measurement at current 0.05683417085427136
2023-05-19 12:10:30,456 INFO T:243.40Â°K V:1.5420e-01V I:5.6834e-02A R:2.7132e+00ğ›€ E:2.4094e+00V/cm J:5.2141e-01A/cm2 ğ›’:4.6210e+00ğ›€ cm
2023-05-19 12:10:30,482 INFO Measurement at current 0.05748743718592965
2023-05-19 12:10:31,081 INFO T:243.41Â°K V:1.5597e-01V I:5.7487e-02A R:2.7131e+00ğ›€ E:2.4370e+00V/cm J:5.2741e-01A/cm2 ğ›’:4.6208e+00ğ›€ cm
2023-05-19 12:10:31,104 INFO Measurement at current 0.05814070351758794
2023-05-19 12:10:31,696 INFO T:243.41Â°K V:1.5775e-01V I:5.8141e-02A R:2.7133e+00ğ›€ E:2.4649e+00V/cm J:5.3340e-01A/cm2 ğ›’:4.6210e+00ğ›€ cm
2023-05-19 12:10:31,713 INFO Measurement at current 0.05879396984924623
2023-05-19 12:10:32,306 INFO T:243.42Â°K V:1.5953e-01V I:5.8794e-02A R:2.7134e+00ğ›€ E:2.4927e+00V/cm J:5.3939e-01A/cm2 ğ›’:4.6213e+00ğ›€ cm
2023-05-19 12:10:32,328 INFO Measurement at current 0.05944723618090452
2023-05-19 12:10:32,913 INFO T:243.42Â°K V:1.6130e-01V I:5.9447e-02A R:2.7133e+00ğ›€ E:2.5203e+00V/cm J:5.4539e-01A/cm2 ğ›’:4.6211e+00ğ›€ cm
2023-05-19 12:10:32,929 INFO Measurement at current 0.06010050251256281
2023-05-19 12:10:33,516 INFO T:243.43Â°K V:1.6308e-01V I:6.0101e-02A R:2.7134e+00ğ›€ E:2.5481e+00V/cm J:5.5138e-01A/cm2 ğ›’:4.6212e+00ğ›€ cm
2023-05-19 12:10:33,541 INFO Measurement at current 0.0607537688442211
2023-05-19 12:10:34,142 INFO T:243.43Â°K V:1.6486e-01V I:6.0754e-02A R:2.7135e+00ğ›€ E:2.5759e+00V/cm J:5.5737e-01A/cm2 ğ›’:4.6215e+00ğ›€ cm
2023-05-19 12:10:34,159 INFO Measurement at current 0.06140703517587939
2023-05-19 12:10:34,749 INFO T:243.44Â°K V:1.6662e-01V I:6.1407e-02A R:2.7134e+00ğ›€ E:2.6035e+00V/cm J:5.6337e-01A/cm2 ğ›’:4.6212e+00ğ›€ cm
2023-05-19 12:10:34,766 INFO Measurement at current 0.062060301507537684
2023-05-19 12:10:35,355 INFO T:243.44Â°K V:1.6840e-01V I:6.2060e-02A R:2.7135e+00ğ›€ E:2.6313e+00V/cm J:5.6936e-01A/cm2 ğ›’:4.6214e+00ğ›€ cm
2023-05-19 12:10:35,376 INFO Measurement at current 0.06271356783919597
2023-05-19 12:10:35,979 INFO T:243.45Â°K V:1.7018e-01V I:6.2714e-02A R:2.7136e+00ğ›€ E:2.6590e+00V/cm J:5.7535e-01A/cm2 ğ›’:4.6216e+00ğ›€ cm
2023-05-19 12:10:36,001 INFO Measurement at current 0.06336683417085427
2023-05-19 12:10:36,591 INFO T:243.45Â°K V:1.7194e-01V I:6.3367e-02A R:2.7135e+00ğ›€ E:2.6866e+00V/cm J:5.8135e-01A/cm2 ğ›’:4.6214e+00ğ›€ cm
2023-05-19 12:10:36,608 INFO Measurement at current 0.06402010050251256
2023-05-19 12:10:37,192 INFO T:243.46Â°K V:1.7372e-01V I:6.4020e-02A R:2.7135e+00ğ›€ E:2.7143e+00V/cm J:5.8734e-01A/cm2 ğ›’:4.6214e+00ğ›€ cm
2023-05-19 12:10:37,208 INFO Measurement at current 0.06467336683417085
2023-05-19 12:10:37,800 INFO T:243.46Â°K V:1.7550e-01V I:6.4673e-02A R:2.7136e+00ğ›€ E:2.7421e+00V/cm J:5.9333e-01A/cm2 ğ›’:4.6216e+00ğ›€ cm
2023-05-19 12:10:37,815 INFO Measurement at current 0.06532663316582914
2023-05-19 12:10:38,409 INFO T:243.47Â°K V:1.7726e-01V I:6.5327e-02A R:2.7135e+00ğ›€ E:2.7697e+00V/cm J:5.9933e-01A/cm2 ğ›’:4.6214e+00ğ›€ cm
2023-05-19 12:10:38,429 INFO Measurement at current 0.06597989949748743
2023-05-19 12:10:39,014 INFO T:243.47Â°K V:1.7904e-01V I:6.5980e-02A R:2.7136e+00ğ›€ E:2.7975e+00V/cm J:6.0532e-01A/cm2 ğ›’:4.6215e+00ğ›€ cm
2023-05-19 12:10:39,030 INFO Measurement at current 0.06663316582914573
2023-05-19 12:10:39,622 INFO T:243.48Â°K V:1.8082e-01V I:6.6633e-02A R:2.7137e+00ğ›€ E:2.8253e+00V/cm J:6.1131e-01A/cm2 ğ›’:4.6217e+00ğ›€ cm
2023-05-19 12:10:39,642 INFO Measurement at current 0.06728643216080402
2023-05-19 12:10:40,236 INFO T:243.49Â°K V:1.8258e-01V I:6.7286e-02A R:2.7135e+00ğ›€ E:2.8528e+00V/cm J:6.1731e-01A/cm2 ğ›’:4.6214e+00ğ›€ cm
2023-05-19 12:10:40,263 INFO Measurement at current 0.06793969849246231
2023-05-19 12:10:40,866 INFO T:243.49Â°K V:1.8436e-01V I:6.7940e-02A R:2.7136e+00ğ›€ E:2.8807e+00V/cm J:6.2330e-01A/cm2 ğ›’:4.6216e+00ğ›€ cm
2023-05-19 12:10:40,882 INFO Measurement at current 0.0685929648241206
2023-05-19 12:10:41,471 INFO T:243.50Â°K V:1.8614e-01V I:6.8593e-02A R:2.7137e+00ğ›€ E:2.9085e+00V/cm J:6.2929e-01A/cm2 ğ›’:4.6218e+00ğ›€ cm
2023-05-19 12:10:41,498 INFO Measurement at current 0.0692462311557789
2023-05-19 12:10:42,134 INFO T:243.50Â°K V:1.8791e-01V I:6.9246e-02A R:2.7137e+00ğ›€ E:2.9361e+00V/cm J:6.3529e-01A/cm2 ğ›’:4.6217e+00ğ›€ cm
2023-05-19 12:10:42,152 INFO Measurement at current 0.06989949748743718
2023-05-19 12:10:42,737 INFO T:243.51Â°K V:1.8969e-01V I:6.9899e-02A R:2.7138e+00ğ›€ E:2.9640e+00V/cm J:6.4128e-01A/cm2 ğ›’:4.6219e+00ğ›€ cm
2023-05-19 12:10:42,758 INFO Measurement at current 0.07055276381909548
2023-05-19 12:10:43,382 INFO T:243.51Â°K V:1.9147e-01V I:7.0553e-02A R:2.7139e+00ğ›€ E:2.9918e+00V/cm J:6.4727e-01A/cm2 ğ›’:4.6221e+00ğ›€ cm
2023-05-19 12:10:43,405 INFO Measurement at current 0.07120603015075376
2023-05-19 12:10:44,033 INFO T:243.52Â°K V:1.9324e-01V I:7.1206e-02A R:2.7138e+00ğ›€ E:3.0193e+00V/cm J:6.5327e-01A/cm2 ğ›’:4.6219e+00ğ›€ cm
2023-05-19 12:10:44,054 INFO Measurement at current 0.07185929648241206
2023-05-19 12:10:44,659 INFO T:243.52Â°K V:1.9502e-01V I:7.1859e-02A R:2.7139e+00ğ›€ E:3.0472e+00V/cm J:6.5926e-01A/cm2 ğ›’:4.6221e+00ğ›€ cm
2023-05-19 12:10:44,688 INFO Measurement at current 0.07251256281407036
2023-05-19 12:10:45,293 INFO T:243.53Â°K V:1.9680e-01V I:7.2513e-02A R:2.7140e+00ğ›€ E:3.0750e+00V/cm J:6.6525e-01A/cm2 ğ›’:4.6223e+00ğ›€ cm
2023-05-19 12:10:45,321 INFO Measurement at current 0.07316582914572864
2023-05-19 12:10:45,924 INFO T:243.53Â°K V:1.9857e-01V I:7.3166e-02A R:2.7140e+00ğ›€ E:3.1026e+00V/cm J:6.7125e-01A/cm2 ğ›’:4.6222e+00ğ›€ cm
2023-05-19 12:10:45,942 INFO Measurement at current 0.07381909547738694
2023-05-19 12:10:46,538 INFO T:243.54Â°K V:2.0035e-01V I:7.3819e-02A R:2.7141e+00ğ›€ E:3.1305e+00V/cm J:6.7724e-01A/cm2 ğ›’:4.6224e+00ğ›€ cm
2023-05-19 12:10:46,557 INFO Measurement at current 0.07447236180904522
2023-05-19 12:10:47,143 INFO T:243.54Â°K V:2.0211e-01V I:7.4472e-02A R:2.7139e+00ğ›€ E:3.1580e+00V/cm J:6.8323e-01A/cm2 ğ›’:4.6222e+00ğ›€ cm
2023-05-19 12:10:47,158 INFO Measurement at current 0.07512562814070352
2023-05-19 12:10:47,789 INFO T:243.55Â°K V:2.0389e-01V I:7.5126e-02A R:2.7140e+00ğ›€ E:3.1858e+00V/cm J:6.8923e-01A/cm2 ğ›’:4.6223e+00ğ›€ cm
2023-05-19 12:10:47,810 INFO Measurement at current 0.0757788944723618
2023-05-19 12:10:48,425 INFO T:243.55Â°K V:2.0567e-01V I:7.5779e-02A R:2.7141e+00ğ›€ E:3.2136e+00V/cm J:6.9522e-01A/cm2 ğ›’:4.6225e+00ğ›€ cm
2023-05-19 12:10:48,445 INFO Measurement at current 0.0764321608040201
2023-05-19 12:10:49,039 INFO T:243.56Â°K V:2.0744e-01V I:7.6432e-02A R:2.7140e+00ğ›€ E:3.2412e+00V/cm J:7.0121e-01A/cm2 ğ›’:4.6223e+00ğ›€ cm
2023-05-19 12:10:49,061 INFO Measurement at current 0.07708542713567838
2023-05-19 12:10:49,656 INFO T:243.56Â°K V:2.0922e-01V I:7.7085e-02A R:2.7141e+00ğ›€ E:3.2690e+00V/cm J:7.0721e-01A/cm2 ğ›’:4.6225e+00ğ›€ cm
2023-05-19 12:10:49,674 INFO Measurement at current 0.07773869346733668
2023-05-19 12:10:50,262 INFO T:243.57Â°K V:2.1099e-01V I:7.7739e-02A R:2.7141e+00ğ›€ E:3.2968e+00V/cm J:7.1320e-01A/cm2 ğ›’:4.6225e+00ğ›€ cm
2023-05-19 12:10:50,306 INFO Measurement at current 0.07839195979899498
2023-05-19 12:10:50,908 INFO T:243.57Â°K V:2.1276e-01V I:7.8392e-02A R:2.7141e+00ğ›€ E:3.3244e+00V/cm J:7.1919e-01A/cm2 ğ›’:4.6224e+00ğ›€ cm
2023-05-19 12:10:50,926 INFO Measurement at current 0.07904522613065326
2023-05-19 12:10:51,519 INFO T:243.58Â°K V:2.1454e-01V I:7.9045e-02A R:2.7141e+00ğ›€ E:3.3522e+00V/cm J:7.2519e-01A/cm2 ğ›’:4.6225e+00ğ›€ cm
2023-05-19 12:10:51,564 INFO Measurement at current 0.07969849246231156
2023-05-19 12:10:52,152 INFO T:243.59Â°K V:2.1632e-01V I:7.9698e-02A R:2.7142e+00ğ›€ E:3.3800e+00V/cm J:7.3118e-01A/cm2 ğ›’:4.6227e+00ğ›€ cm
2023-05-19 12:10:52,177 INFO Measurement at current 0.08035175879396984
2023-05-19 12:10:52,792 INFO T:243.59Â°K V:2.1809e-01V I:8.0352e-02A R:2.7142e+00ğ›€ E:3.4076e+00V/cm J:7.3717e-01A/cm2 ğ›’:4.6226e+00ğ›€ cm
2023-05-19 12:10:52,818 INFO Measurement at current 0.08100502512562814
2023-05-19 12:10:53,419 INFO T:243.60Â°K V:2.1987e-01V I:8.1005e-02A R:2.7143e+00ğ›€ E:3.4354e+00V/cm J:7.4317e-01A/cm2 ğ›’:4.6227e+00ğ›€ cm
2023-05-19 12:10:53,438 INFO Measurement at current 0.08165829145728642
2023-05-19 12:10:54,023 INFO T:243.60Â°K V:2.2165e-01V I:8.1658e-02A R:2.7143e+00ğ›€ E:3.4632e+00V/cm J:7.4916e-01A/cm2 ğ›’:4.6228e+00ğ›€ cm
2023-05-19 12:10:54,063 INFO Measurement at current 0.08231155778894472
2023-05-19 12:10:54,650 INFO T:243.61Â°K V:2.2342e-01V I:8.2312e-02A R:2.7143e+00ğ›€ E:3.4909e+00V/cm J:7.5515e-01A/cm2 ğ›’:4.6228e+00ğ›€ cm
2023-05-19 12:10:54,677 INFO Measurement at current 0.082964824120603
2023-05-19 12:10:55,275 INFO T:243.61Â°K V:2.2520e-01V I:8.2965e-02A R:2.7144e+00ğ›€ E:3.5187e+00V/cm J:7.6115e-01A/cm2 ğ›’:4.6230e+00ğ›€ cm
2023-05-19 12:10:55,298 INFO Measurement at current 0.0836180904522613
2023-05-19 12:10:55,901 INFO T:243.62Â°K V:2.2698e-01V I:8.3618e-02A R:2.7145e+00ğ›€ E:3.5466e+00V/cm J:7.6714e-01A/cm2 ğ›’:4.6232e+00ğ›€ cm
2023-05-19 12:10:55,920 INFO Measurement at current 0.0842713567839196
2023-05-19 12:10:56,552 INFO T:243.62Â°K V:2.2875e-01V I:8.4271e-02A R:2.7145e+00ğ›€ E:3.5743e+00V/cm J:7.7313e-01A/cm2 ğ›’:4.6231e+00ğ›€ cm
2023-05-19 12:10:56,589 INFO Measurement at current 0.08492462311557789
2023-05-19 12:10:57,188 INFO T:243.63Â°K V:2.3053e-01V I:8.4925e-02A R:2.7145e+00ğ›€ E:3.6020e+00V/cm J:7.7912e-01A/cm2 ğ›’:4.6232e+00ğ›€ cm
2023-05-19 12:10:57,204 INFO Measurement at current 0.08557788944723618
2023-05-19 12:10:57,788 INFO T:243.63Â°K V:2.3231e-01V I:8.5578e-02A R:2.7147e+00ğ›€ E:3.6299e+00V/cm J:7.8512e-01A/cm2 ğ›’:4.6234e+00ğ›€ cm
2023-05-19 12:10:57,806 INFO Measurement at current 0.08623115577889447
2023-05-19 12:10:58,421 INFO T:243.64Â°K V:2.3408e-01V I:8.6231e-02A R:2.7146e+00ğ›€ E:3.6576e+00V/cm J:7.9111e-01A/cm2 ğ›’:4.6233e+00ğ›€ cm
2023-05-19 12:10:58,441 INFO Measurement at current 0.08688442211055276
2023-05-19 12:10:59,043 INFO T:243.64Â°K V:2.3587e-01V I:8.6884e-02A R:2.7147e+00ğ›€ E:3.6854e+00V/cm J:7.9710e-01A/cm2 ğ›’:4.6235e+00ğ›€ cm
2023-05-19 12:10:59,078 INFO Measurement at current 0.08753768844221105
2023-05-19 12:10:59,667 INFO T:243.65Â°K V:2.3765e-01V I:8.7538e-02A R:2.7149e+00ğ›€ E:3.7133e+00V/cm J:8.0310e-01A/cm2 ğ›’:4.6237e+00ğ›€ cm
2023-05-19 12:10:59,689 INFO Measurement at current 0.08819095477386935
2023-05-19 12:11:00,283 INFO T:243.65Â°K V:2.3942e-01V I:8.8191e-02A R:2.7148e+00ğ›€ E:3.7410e+00V/cm J:8.0909e-01A/cm2 ğ›’:4.6237e+00ğ›€ cm
2023-05-19 12:11:00,299 INFO Measurement at current 0.08884422110552763
2023-05-19 12:11:00,881 INFO T:243.66Â°K V:2.4120e-01V I:8.8844e-02A R:2.7149e+00ğ›€ E:3.7687e+00V/cm J:8.1508e-01A/cm2 ğ›’:4.6237e+00ğ›€ cm
2023-05-19 12:11:00,897 INFO Measurement at current 0.08949748743718593
2023-05-19 12:11:01,486 INFO T:243.66Â°K V:2.4297e-01V I:8.9497e-02A R:2.7148e+00ğ›€ E:3.7964e+00V/cm J:8.2108e-01A/cm2 ğ›’:4.6236e+00ğ›€ cm
2023-05-19 12:11:01,505 INFO Measurement at current 0.09015075376884422
2023-05-19 12:11:02,093 INFO T:243.67Â°K V:2.4475e-01V I:9.0151e-02A R:2.7149e+00ğ›€ E:3.8242e+00V/cm J:8.2707e-01A/cm2 ğ›’:4.6238e+00ğ›€ cm
2023-05-19 12:11:02,110 INFO Measurement at current 0.09080402010050251
2023-05-19 12:11:02,696 INFO T:243.67Â°K V:2.4653e-01V I:9.0804e-02A R:2.7150e+00ğ›€ E:3.8520e+00V/cm J:8.3306e-01A/cm2 ğ›’:4.6239e+00ğ›€ cm
2023-05-19 12:11:02,711 INFO Measurement at current 0.0914572864321608
2023-05-19 12:11:03,300 INFO T:243.68Â°K V:2.4830e-01V I:9.1457e-02A R:2.7149e+00ğ›€ E:3.8797e+00V/cm J:8.3906e-01A/cm2 ğ›’:4.6238e+00ğ›€ cm
2023-05-19 12:11:03,319 INFO Measurement at current 0.09211055276381909
2023-05-19 12:11:03,905 INFO T:243.68Â°K V:2.5008e-01V I:9.2111e-02A R:2.7150e+00ğ›€ E:3.9074e+00V/cm J:8.4505e-01A/cm2 ğ›’:4.6239e+00ğ›€ cm
2023-05-19 12:11:03,920 INFO Measurement at current 0.09276381909547739
2023-05-19 12:11:04,506 INFO T:243.69Â°K V:2.5186e-01V I:9.2764e-02A R:2.7151e+00ğ›€ E:3.9353e+00V/cm J:8.5104e-01A/cm2 ğ›’:4.6241e+00ğ›€ cm
2023-05-19 12:11:04,523 INFO Measurement at current 0.09341708542713567
2023-05-19 12:11:05,110 INFO T:243.69Â°K V:2.5363e-01V I:9.3417e-02A R:2.7150e+00ğ›€ E:3.9629e+00V/cm J:8.5704e-01A/cm2 ğ›’:4.6240e+00ğ›€ cm
2023-05-19 12:11:05,131 INFO Measurement at current 0.09407035175879397
2023-05-19 12:11:05,716 INFO T:243.70Â°K V:2.5541e-01V I:9.4070e-02A R:2.7151e+00ğ›€ E:3.9908e+00V/cm J:8.6303e-01A/cm2 ğ›’:4.6242e+00ğ›€ cm
2023-05-19 12:11:05,731 INFO Measurement at current 0.09472361809045225
2023-05-19 12:11:06,323 INFO T:243.70Â°K V:2.5719e-01V I:9.4724e-02A R:2.7152e+00ğ›€ E:4.0187e+00V/cm J:8.6902e-01A/cm2 ğ›’:4.6243e+00ğ›€ cm
2023-05-19 12:11:06,341 INFO Measurement at current 0.09537688442211055
2023-05-19 12:11:06,945 INFO T:243.71Â°K V:2.5896e-01V I:9.5377e-02A R:2.7151e+00ğ›€ E:4.0463e+00V/cm J:8.7502e-01A/cm2 ğ›’:4.6242e+00ğ›€ cm
2023-05-19 12:11:06,964 INFO Measurement at current 0.09603015075376885
2023-05-19 12:11:07,563 INFO T:243.71Â°K V:2.6075e-01V I:9.6030e-02A R:2.7153e+00ğ›€ E:4.0742e+00V/cm J:8.8101e-01A/cm2 ğ›’:4.6245e+00ğ›€ cm
2023-05-19 12:11:07,606 INFO Measurement at current 0.09668341708542713
2023-05-19 12:11:08,199 INFO T:243.72Â°K V:2.6253e-01V I:9.6683e-02A R:2.7154e+00ğ›€ E:4.1021e+00V/cm J:8.8700e-01A/cm2 ğ›’:4.6247e+00ğ›€ cm
2023-05-19 12:11:08,217 INFO Measurement at current 0.09733668341708543
2023-05-19 12:11:08,805 INFO T:243.73Â°K V:2.6431e-01V I:9.7337e-02A R:2.7154e+00ğ›€ E:4.1298e+00V/cm J:8.9300e-01A/cm2 ğ›’:4.6246e+00ğ›€ cm
2023-05-19 12:11:08,827 INFO Measurement at current 0.09798994974874371
2023-05-19 12:11:09,415 INFO T:243.73Â°K V:2.6609e-01V I:9.7990e-02A R:2.7155e+00ğ›€ E:4.1577e+00V/cm J:8.9899e-01A/cm2 ğ›’:4.6248e+00ğ›€ cm
2023-05-19 12:11:09,430 INFO Measurement at current 0.09864321608040201
2023-05-19 12:11:10,016 INFO T:243.74Â°K V:2.6788e-01V I:9.8643e-02A R:2.7156e+00ğ›€ E:4.1856e+00V/cm J:9.0498e-01A/cm2 ğ›’:4.6251e+00ğ›€ cm
2023-05-19 12:11:10,033 INFO Measurement at current 0.0992964824120603
2023-05-19 12:11:10,628 INFO T:243.74Â°K V:2.6965e-01V I:9.9296e-02A R:2.7156e+00ğ›€ E:4.2132e+00V/cm J:9.1098e-01A/cm2 ğ›’:4.6249e+00ğ›€ cm
2023-05-19 12:11:10,667 INFO Measurement at current 0.09994974874371859
2023-05-19 12:11:11,272 INFO T:243.75Â°K V:2.7143e-01V I:9.9950e-02A R:2.7157e+00ğ›€ E:4.2411e+00V/cm J:9.1697e-01A/cm2 ğ›’:4.6252e+00ğ›€ cm
2023-05-19 12:11:11,290 INFO Measurement at current 0.10060301507537688
2023-05-19 12:11:11,874 INFO T:243.75Â°K V:2.7322e-01V I:1.0060e-01A R:2.7158e+00ğ›€ E:4.2690e+00V/cm J:9.2296e-01A/cm2 ğ›’:4.6254e+00ğ›€ cm
2023-05-19 12:11:11,907 INFO Measurement at current 0.10125628140703517
2023-05-19 12:11:12,498 INFO T:243.76Â°K V:2.7499e-01V I:1.0126e-01A R:2.7158e+00ğ›€ E:4.2967e+00V/cm J:9.2896e-01A/cm2 ğ›’:4.6253e+00ğ›€ cm
2023-05-19 12:11:12,530 INFO Measurement at current 0.10190954773869347
2023-05-19 12:11:13,118 INFO T:243.76Â°K V:2.7678e-01V I:1.0191e-01A R:2.7159e+00ğ›€ E:4.3246e+00V/cm J:9.3495e-01A/cm2 ğ›’:4.6255e+00ğ›€ cm
2023-05-19 12:11:13,138 INFO Measurement at current 0.10256281407035175
2023-05-19 12:11:13,735 INFO T:243.77Â°K V:2.7856e-01V I:1.0256e-01A R:2.7160e+00ğ›€ E:4.3525e+00V/cm J:9.4094e-01A/cm2 ğ›’:4.6256e+00ğ›€ cm
2023-05-19 12:11:13,768 INFO Measurement at current 0.10321608040201005
2023-05-19 12:11:14,379 INFO T:243.77Â°K V:2.8033e-01V I:1.0322e-01A R:2.7159e+00ğ›€ E:4.3801e+00V/cm J:9.4694e-01A/cm2 ğ›’:4.6256e+00ğ›€ cm
2023-05-19 12:11:14,398 INFO Measurement at current 0.10386934673366834
2023-05-19 12:11:15,019 INFO T:243.78Â°K V:2.8211e-01V I:1.0387e-01A R:2.7160e+00ğ›€ E:4.4080e+00V/cm J:9.5293e-01A/cm2 ğ›’:4.6258e+00ğ›€ cm
2023-05-19 12:11:15,040 INFO Measurement at current 0.10452261306532663
2023-05-19 12:11:15,634 INFO T:243.78Â°K V:2.8390e-01V I:1.0452e-01A R:2.7161e+00ğ›€ E:4.4359e+00V/cm J:9.5892e-01A/cm2 ğ›’:4.6259e+00ğ›€ cm
2023-05-19 12:11:15,653 INFO Measurement at current 0.10517587939698492
2023-05-19 12:11:16,246 INFO T:243.79Â°K V:2.8589e-01V I:1.0518e-01A R:2.7182e+00ğ›€ E:4.4671e+00V/cm J:9.6492e-01A/cm2 ğ›’:4.6295e+00ğ›€ cm
2023-05-19 12:11:16,274 INFO Measurement at current 0.10582914572864321
2023-05-19 12:11:16,887 INFO T:243.79Â°K V:2.8766e-01V I:1.0583e-01A R:2.7182e+00ğ›€ E:4.4947e+00V/cm J:9.7091e-01A/cm2 ğ›’:4.6294e+00ğ›€ cm
2023-05-19 12:11:16,904 INFO Measurement at current 0.1064824120603015
2023-05-19 12:11:17,489 INFO T:243.80Â°K V:2.8944e-01V I:1.0648e-01A R:2.7182e+00ğ›€ E:4.5225e+00V/cm J:9.7690e-01A/cm2 ğ›’:4.6294e+00ğ›€ cm
2023-05-19 12:11:17,510 INFO Measurement at current 0.1071356783919598
2023-05-19 12:11:18,098 INFO T:243.80Â°K V:2.9125e-01V I:1.0714e-01A R:2.7186e+00ğ›€ E:4.5508e+00V/cm J:9.8290e-01A/cm2 ğ›’:4.6300e+00ğ›€ cm
2023-05-19 12:11:18,120 INFO Measurement at current 0.1077889447236181
2023-05-19 12:11:18,718 INFO T:243.81Â°K V:2.9298e-01V I:1.0779e-01A R:2.7181e+00ğ›€ E:4.5779e+00V/cm J:9.8889e-01A/cm2 ğ›’:4.6293e+00ğ›€ cm
2023-05-19 12:11:18,736 INFO Measurement at current 0.10844221105527638
2023-05-19 12:11:19,334 INFO T:243.81Â°K V:2.9476e-01V I:1.0844e-01A R:2.7181e+00ğ›€ E:4.6056e+00V/cm J:9.9488e-01A/cm2 ğ›’:4.6293e+00ğ›€ cm
2023-05-19 12:11:19,364 INFO Measurement at current 0.10909547738693468
2023-05-19 12:11:19,966 INFO T:243.82Â°K V:2.9656e-01V I:1.0910e-01A R:2.7183e+00ğ›€ E:4.6337e+00V/cm J:1.0009e+00A/cm2 ğ›’:4.6297e+00ğ›€ cm
2023-05-19 12:11:19,986 INFO Measurement at current 0.10974874371859296
2023-05-19 12:11:20,587 INFO T:243.82Â°K V:2.9832e-01V I:1.0975e-01A R:2.7182e+00ğ›€ E:4.6612e+00V/cm J:1.0069e+00A/cm2 ğ›’:4.6294e+00ğ›€ cm
2023-05-19 12:11:20,624 INFO Measurement at current 0.11040201005025126
2023-05-19 12:11:21,218 INFO T:243.83Â°K V:3.0006e-01V I:1.1040e-01A R:2.7179e+00ğ›€ E:4.6884e+00V/cm J:1.0129e+00A/cm2 ğ›’:4.6289e+00ğ›€ cm
2023-05-19 12:11:21,238 INFO Measurement at current 0.11105527638190954
2023-05-19 12:11:21,834 INFO T:243.83Â°K V:3.0186e-01V I:1.1106e-01A R:2.7181e+00ğ›€ E:4.7166e+00V/cm J:1.0189e+00A/cm2 ğ›’:4.6293e+00ğ›€ cm
2023-05-19 12:11:21,864 INFO Measurement at current 0.11170854271356784
2023-05-19 12:11:22,482 INFO T:243.84Â°K V:3.0361e-01V I:1.1171e-01A R:2.7179e+00ğ›€ E:4.7440e+00V/cm J:1.0248e+00A/cm2 ğ›’:4.6289e+00ğ›€ cm
2023-05-19 12:11:22,498 INFO Measurement at current 0.11236180904522612
2023-05-19 12:11:23,086 INFO T:243.84Â°K V:3.0534e-01V I:1.1236e-01A R:2.7175e+00ğ›€ E:4.7710e+00V/cm J:1.0308e+00A/cm2 ğ›’:4.6283e+00ğ›€ cm
2023-05-19 12:11:23,109 INFO Measurement at current 0.11301507537688442
2023-05-19 12:11:23,701 INFO T:243.85Â°K V:3.0714e-01V I:1.1302e-01A R:2.7177e+00ğ›€ E:4.7991e+00V/cm J:1.0368e+00A/cm2 ğ›’:4.6286e+00ğ›€ cm
2023-05-19 12:11:23,733 INFO Measurement at current 0.11366834170854272
2023-05-19 12:11:24,335 INFO T:243.86Â°K V:3.0890e-01V I:1.1367e-01A R:2.7176e+00ğ›€ E:4.8266e+00V/cm J:1.0428e+00A/cm2 ğ›’:4.6284e+00ğ›€ cm
2023-05-19 12:11:24,361 INFO Measurement at current 0.114321608040201
2023-05-19 12:11:24,959 INFO T:243.86Â°K V:3.1067e-01V I:1.1432e-01A R:2.7175e+00ğ›€ E:4.8542e+00V/cm J:1.0488e+00A/cm2 ğ›’:4.6282e+00ğ›€ cm
2023-05-19 12:11:24,979 INFO Measurement at current 0.1149748743718593
2023-05-19 12:11:25,586 INFO T:243.87Â°K V:3.1248e-01V I:1.1497e-01A R:2.7178e+00ğ›€ E:4.8824e+00V/cm J:1.0548e+00A/cm2 ğ›’:4.6287e+00ğ›€ cm
2023-05-19 12:11:25,618 INFO Measurement at current 0.11562814070351758
2023-05-19 12:11:26,218 INFO T:243.87Â°K V:3.1436e-01V I:1.1563e-01A R:2.7187e+00ğ›€ E:4.9119e+00V/cm J:1.0608e+00A/cm2 ğ›’:4.6304e+00ğ›€ cm
2023-05-19 12:11:26,237 INFO Measurement at current 0.11628140703517588
2023-05-19 12:11:26,824 INFO T:243.88Â°K V:3.1618e-01V I:1.1628e-01A R:2.7191e+00ğ›€ E:4.9403e+00V/cm J:1.0668e+00A/cm2 ğ›’:4.6309e+00ğ›€ cm
2023-05-19 12:11:26,842 INFO Measurement at current 0.11693467336683416
2023-05-19 12:11:27,439 INFO T:243.88Â°K V:3.1794e-01V I:1.1693e-01A R:2.7189e+00ğ›€ E:4.9678e+00V/cm J:1.0728e+00A/cm2 ğ›’:4.6307e+00ğ›€ cm
2023-05-19 12:11:27,463 INFO Measurement at current 0.11758793969849246
2023-05-19 12:11:28,057 INFO T:243.89Â°K V:3.1969e-01V I:1.1759e-01A R:2.7188e+00ğ›€ E:4.9952e+00V/cm J:1.0788e+00A/cm2 ğ›’:4.6304e+00ğ›€ cm
2023-05-19 12:11:28,077 INFO Measurement at current 0.11824120603015074
2023-05-19 12:11:28,666 INFO T:243.89Â°K V:3.2149e-01V I:1.1824e-01A R:2.7189e+00ğ›€ E:5.0232e+00V/cm J:1.0848e+00A/cm2 ğ›’:4.6306e+00ğ›€ cm
2023-05-19 12:11:28,692 INFO Measurement at current 0.11889447236180904
2023-05-19 12:11:29,284 INFO T:243.90Â°K V:3.2328e-01V I:1.1889e-01A R:2.7190e+00ğ›€ E:5.0512e+00V/cm J:1.0908e+00A/cm2 ğ›’:4.6308e+00ğ›€ cm
2023-05-19 12:11:29,337 INFO Measurement at current 0.11954773869346734
2023-05-19 12:11:29,923 INFO T:243.90Â°K V:3.2503e-01V I:1.1955e-01A R:2.7189e+00ğ›€ E:5.0786e+00V/cm J:1.0968e+00A/cm2 ğ›’:4.6306e+00ğ›€ cm
2023-05-19 12:11:29,946 INFO Measurement at current 0.12020100502512562
2023-05-19 12:11:30,534 INFO T:243.91Â°K V:3.2683e-01V I:1.2020e-01A R:2.7190e+00ğ›€ E:5.1067e+00V/cm J:1.1028e+00A/cm2 ğ›’:4.6309e+00ğ›€ cm
2023-05-19 12:11:30,562 INFO Measurement at current 0.12085427135678392
2023-05-19 12:11:31,226 INFO T:243.91Â°K V:3.2858e-01V I:1.2085e-01A R:2.7188e+00ğ›€ E:5.1340e+00V/cm J:1.1088e+00A/cm2 ğ›’:4.6305e+00ğ›€ cm
2023-05-19 12:11:31,246 INFO Measurement at current 0.1215075376884422
2023-05-19 12:11:31,835 INFO T:243.92Â°K V:3.3033e-01V I:1.2151e-01A R:2.7186e+00ğ›€ E:5.1614e+00V/cm J:1.1147e+00A/cm2 ğ›’:4.6301e+00ğ›€ cm
2023-05-19 12:11:31,853 INFO Measurement at current 0.1221608040201005
2023-05-19 12:11:32,449 INFO T:243.92Â°K V:3.3215e-01V I:1.2216e-01A R:2.7189e+00ğ›€ E:5.1898e+00V/cm J:1.1207e+00A/cm2 ğ›’:4.6307e+00ğ›€ cm
2023-05-19 12:11:32,471 INFO Measurement at current 0.12281407035175879
2023-05-19 12:11:33,064 INFO T:243.93Â°K V:3.3388e-01V I:1.2281e-01A R:2.7186e+00ğ›€ E:5.2169e+00V/cm J:1.1267e+00A/cm2 ğ›’:4.6301e+00ğ›€ cm
2023-05-19 12:11:33,087 INFO Measurement at current 0.12346733668341708
2023-05-19 12:11:33,712 INFO T:243.93Â°K V:3.3563e-01V I:1.2347e-01A R:2.7184e+00ğ›€ E:5.2443e+00V/cm J:1.1327e+00A/cm2 ğ›’:4.6298e+00ğ›€ cm
2023-05-19 12:11:33,729 INFO Measurement at current 0.12412060301507537
2023-05-19 12:11:34,317 INFO T:243.94Â°K V:3.3744e-01V I:1.2412e-01A R:2.7186e+00ğ›€ E:5.2725e+00V/cm J:1.1387e+00A/cm2 ğ›’:4.6302e+00ğ›€ cm
2023-05-19 12:11:34,378 INFO Measurement at current 0.12477386934673367
2023-05-19 12:11:34,976 INFO T:243.94Â°K V:3.3920e-01V I:1.2477e-01A R:2.7185e+00ğ›€ E:5.3000e+00V/cm J:1.1447e+00A/cm2 ğ›’:4.6300e+00ğ›€ cm
2023-05-19 12:11:34,992 INFO Measurement at current 0.12542713567839195
2023-05-19 12:11:35,589 INFO T:243.95Â°K V:3.4112e-01V I:1.2543e-01A R:2.7197e+00ğ›€ E:5.3300e+00V/cm J:1.1507e+00A/cm2 ğ›’:4.6320e+00ğ›€ cm
2023-05-19 12:11:35,612 INFO Measurement at current 0.12608040201005025
2023-05-19 12:11:36,201 INFO T:243.95Â°K V:3.4293e-01V I:1.2608e-01A R:2.7199e+00ğ›€ E:5.3582e+00V/cm J:1.1567e+00A/cm2 ğ›’:4.6323e+00ğ›€ cm
2023-05-19 12:11:36,223 INFO Measurement at current 0.12673366834170854
2023-05-19 12:11:36,823 INFO T:243.96Â°K V:3.4470e-01V I:1.2673e-01A R:2.7198e+00ğ›€ E:5.3859e+00V/cm J:1.1627e+00A/cm2 ğ›’:4.6322e+00ğ›€ cm
2023-05-19 12:11:36,840 INFO Measurement at current 0.12738693467336684
2023-05-19 12:11:37,465 INFO T:243.97Â°K V:3.4647e-01V I:1.2739e-01A R:2.7198e+00ğ›€ E:5.4136e+00V/cm J:1.1687e+00A/cm2 ğ›’:4.6322e+00ğ›€ cm
2023-05-19 12:11:37,496 INFO Measurement at current 0.1280402010050251
2023-05-19 12:11:38,129 INFO T:243.97Â°K V:3.4827e-01V I:1.2804e-01A R:2.7200e+00ğ›€ E:5.4418e+00V/cm J:1.1747e+00A/cm2 ğ›’:4.6326e+00ğ›€ cm
2023-05-19 12:11:38,151 INFO Measurement at current 0.1286934673366834
2023-05-19 12:11:38,758 INFO T:243.98Â°K V:3.5002e-01V I:1.2869e-01A R:2.7198e+00ğ›€ E:5.4691e+00V/cm J:1.1807e+00A/cm2 ğ›’:4.6321e+00ğ›€ cm
2023-05-19 12:11:38,794 INFO Measurement at current 0.1293467336683417
2023-05-19 12:11:39,384 INFO T:243.98Â°K V:3.5178e-01V I:1.2935e-01A R:2.7197e+00ğ›€ E:5.4966e+00V/cm J:1.1867e+00A/cm2 ğ›’:4.6319e+00ğ›€ cm
2023-05-19 12:11:39,403 INFO Measurement at current 0.13
2023-05-19 12:11:39,992 INFO T:243.99Â°K V:3.5359e-01V I:1.3000e-01A R:2.7199e+00ğ›€ E:5.5249e+00V/cm J:1.1927e+00A/cm2 ğ›’:4.6324e+00ğ›€ cm
2023-05-19 12:12:45,695 INFO Save the description file
2023-05-19 12:12:45,699 INFO Save data in numpy format Esperimenti/CPRO_MUSA_180523_I_V/CPRO_MUSA_180523_I_V_current_from_0_to_1300e-4A/CPRO_MUSA_180523_I_V_current_from_0_to_1300e-4A-20230519121244
2023-05-19 12:12:45,712 INFO Save data in CSV format Esperimenti/CPRO_MUSA_180523_I_V/CPRO_MUSA_180523_I_V_current_from_0_to_1300e-4A/CPRO_MUSA_180523_I_V_current_from_0_to_1300e-4A-20230519121244.csv
2023-05-19 12:12:45,741 INFO Save plot as image Esperimenti/CPRO_MUSA_180523_I_V/CPRO_MUSA_180523_I_V_current_from_0_to_1300e-4A/CPRO_MUSA_180523_I_V_current_from_0_to_1300e-4A-20230519121244.png
