2023-05-19 12:05:07,163 INFO ### Start experiment: CPRO_MUSA_180523_I_V current from 0 to 1300e-4A ###
2023-05-19 12:05:08,512 INFO Found Multimeter KEITHLEY INSTRUMENTS INC.,MODEL 2700,0884890,B03  /A02  

2023-05-19 12:05:09,550 INFO Found Nanovolt Meter KEITHLEY INSTRUMENTS INC.,MODEL 2182A,4056474,C03  /A02  

2023-05-19 12:05:09,668 INFO Found Source Meter KEITHLEY INSTRUMENTS INC.,MODEL 2400,0945684,C24   Feb 14 2002 11:59:45/A02  /K/H

2023-05-19 12:05:09,790 INFO Start the measurement loop
2023-05-19 12:05:14,963 INFO Measurement at current 0.0
2023-05-19 12:05:15,897 INFO T:241.02Â°K V:2.7602e-06V I:0.0000e+00A R:infğ›€ E:4.3128e-05V/cm J:0.0000e+00A/cm2 ğ›’:infğ›€ cm
2023-05-19 12:05:15,917 INFO Measurement at current 0.0006532663316582914
2023-05-19 12:05:16,511 INFO T:241.03Â°K V:1.7769e-03V I:6.5327e-04A R:2.7200e+00ğ›€ E:2.7764e-02V/cm J:5.9933e-03A/cm2 ğ›’:4.6325e+00ğ›€ cm
2023-05-19 12:05:16,543 INFO Measurement at current 0.0013065326633165829
2023-05-19 12:05:17,127 INFO T:241.03Â°K V:3.5509e-03V I:1.3065e-03A R:2.7178e+00ğ›€ E:5.5482e-02V/cm J:1.1987e-02A/cm2 ğ›’:4.6287e+00ğ›€ cm
2023-05-19 12:05:17,144 INFO Measurement at current 0.001959798994974874
2023-05-19 12:05:17,754 INFO T:241.04Â°K V:5.3264e-03V I:1.9598e-03A R:2.7178e+00ğ›€ E:8.3225e-02V/cm J:1.7980e-02A/cm2 ğ›’:4.6288e+00ğ›€ cm
2023-05-19 12:05:17,777 INFO Measurement at current 0.0026130653266331657
2023-05-19 12:05:18,380 INFO T:241.04Â°K V:7.0987e-03V I:2.6131e-03A R:2.7166e+00ğ›€ E:1.1092e-01V/cm J:2.3973e-02A/cm2 ğ›’:4.6268e+00ğ›€ cm
2023-05-19 12:05:18,396 INFO Measurement at current 0.0032663316582914573
2023-05-19 12:05:18,993 INFO T:241.05Â°K V:8.8741e-03V I:3.2663e-03A R:2.7168e+00ğ›€ E:1.3866e-01V/cm J:2.9966e-02A/cm2 ğ›’:4.6271e+00ğ›€ cm
2023-05-19 12:05:19,010 INFO Measurement at current 0.003919597989949748
2023-05-19 12:05:19,609 INFO T:241.05Â°K V:1.0647e-02V I:3.9196e-03A R:2.7164e+00ğ›€ E:1.6636e-01V/cm J:3.5960e-02A/cm2 ğ›’:4.6263e+00ğ›€ cm
2023-05-19 12:05:19,642 INFO Measurement at current 0.00457286432160804
2023-05-19 12:05:21,077 INFO T:241.06Â°K V:1.2420e-02V I:4.5729e-03A R:2.7160e+00ğ›€ E:1.9406e-01V/cm J:4.1953e-02A/cm2 ğ›’:4.6257e+00ğ›€ cm
2023-05-19 12:05:21,097 INFO Measurement at current 0.0052261306532663315
2023-05-19 12:05:21,702 INFO T:241.07Â°K V:1.4192e-02V I:5.2261e-03A R:2.7157e+00ğ›€ E:2.2176e-01V/cm J:4.7946e-02A/cm2 ğ›’:4.6251e+00ğ›€ cm
2023-05-19 12:05:21,723 INFO Measurement at current 0.005879396984924623
2023-05-19 12:05:22,326 INFO T:241.07Â°K V:1.5967e-02V I:5.8794e-03A R:2.7158e+00ğ›€ E:2.4949e-01V/cm J:5.3939e-02A/cm2 ğ›’:4.6254e+00ğ›€ cm
2023-05-19 12:05:22,349 INFO Measurement at current 0.006532663316582915
2023-05-19 12:05:22,949 INFO T:241.08Â°K V:1.7740e-02V I:6.5327e-03A R:2.7155e+00ğ›€ E:2.7718e-01V/cm J:5.9933e-02A/cm2 ğ›’:4.6249e+00ğ›€ cm
2023-05-19 12:05:22,967 INFO Measurement at current 0.007185929648241206
2023-05-19 12:05:23,562 INFO T:241.08Â°K V:1.9514e-02V I:7.1859e-03A R:2.7156e+00ğ›€ E:3.0490e-01V/cm J:6.5926e-02A/cm2 ğ›’:4.6249e+00ğ›€ cm
2023-05-19 12:05:23,579 INFO Measurement at current 0.007839195979899497
2023-05-19 12:05:24,175 INFO T:241.08Â°K V:2.1286e-02V I:7.8392e-03A R:2.7153e+00ğ›€ E:3.3260e-01V/cm J:7.1919e-02A/cm2 ğ›’:4.6246e+00ğ›€ cm
2023-05-19 12:05:24,205 INFO Measurement at current 0.00849246231155779
2023-05-19 12:05:24,799 INFO T:241.09Â°K V:2.3060e-02V I:8.4925e-03A R:2.7154e+00ğ›€ E:3.6031e-01V/cm J:7.7912e-02A/cm2 ğ›’:4.6246e+00ğ›€ cm
2023-05-19 12:05:24,816 INFO Measurement at current 0.00914572864321608
2023-05-19 12:05:25,415 INFO T:241.09Â°K V:2.4833e-02V I:9.1457e-03A R:2.7152e+00ğ›€ E:3.8801e-01V/cm J:8.3906e-02A/cm2 ğ›’:4.6243e+00ğ›€ cm
2023-05-19 12:05:25,438 INFO Measurement at current 0.009798994974874372
2023-05-19 12:05:26,031 INFO T:241.10Â°K V:2.6607e-02V I:9.7990e-03A R:2.7152e+00ğ›€ E:4.1573e-01V/cm J:8.9899e-02A/cm2 ğ›’:4.6244e+00ğ›€ cm
2023-05-19 12:05:26,055 INFO Measurement at current 0.010452261306532663
2023-05-19 12:05:26,655 INFO T:241.10Â°K V:2.8381e-02V I:1.0452e-02A R:2.7153e+00ğ›€ E:4.4346e-01V/cm J:9.5892e-02A/cm2 ğ›’:4.6245e+00ğ›€ cm
2023-05-19 12:05:26,671 INFO Measurement at current 0.011105527638190954
2023-05-19 12:05:27,265 INFO T:241.11Â°K V:3.0155e-02V I:1.1106e-02A R:2.7153e+00ğ›€ E:4.7117e-01V/cm J:1.0189e-01A/cm2 ğ›’:4.6245e+00ğ›€ cm
2023-05-19 12:05:27,289 INFO Measurement at current 0.011758793969849246
2023-05-19 12:05:27,886 INFO T:241.11Â°K V:3.1933e-02V I:1.1759e-02A R:2.7157e+00ğ›€ E:4.9895e-01V/cm J:1.0788e-01A/cm2 ğ›’:4.6251e+00ğ›€ cm
2023-05-19 12:05:27,908 INFO Measurement at current 0.012412060301507537
2023-05-19 12:05:28,503 INFO T:241.11Â°K V:3.3697e-02V I:1.2412e-02A R:2.7149e+00ğ›€ E:5.2652e-01V/cm J:1.1387e-01A/cm2 ğ›’:4.6238e+00ğ›€ cm
2023-05-19 12:05:28,526 INFO Measurement at current 0.01306532663316583
2023-05-19 12:05:29,127 INFO T:241.12Â°K V:3.5476e-02V I:1.3065e-02A R:2.7153e+00ğ›€ E:5.5431e-01V/cm J:1.1987e-01A/cm2 ğ›’:4.6244e+00ğ›€ cm
2023-05-19 12:05:29,142 INFO Measurement at current 0.01371859296482412
2023-05-19 12:05:29,735 INFO T:241.12Â°K V:3.7256e-02V I:1.3719e-02A R:2.7157e+00ğ›€ E:5.8212e-01V/cm J:1.2586e-01A/cm2 ğ›’:4.6252e+00ğ›€ cm
2023-05-19 12:05:29,759 INFO Measurement at current 0.014371859296482412
2023-05-19 12:05:30,349 INFO T:241.13Â°K V:3.9018e-02V I:1.4372e-02A R:2.7149e+00ğ›€ E:6.0966e-01V/cm J:1.3185e-01A/cm2 ğ›’:4.6238e+00ğ›€ cm
2023-05-19 12:05:30,373 INFO Measurement at current 0.015025125628140703
2023-05-19 12:05:30,976 INFO T:241.13Â°K V:4.0798e-02V I:1.5025e-02A R:2.7153e+00ğ›€ E:6.3747e-01V/cm J:1.3785e-01A/cm2 ğ›’:4.6245e+00ğ›€ cm
2023-05-19 12:05:30,998 INFO Measurement at current 0.015678391959798994
2023-05-19 12:05:31,600 INFO T:241.14Â°K V:4.2578e-02V I:1.5678e-02A R:2.7157e+00ğ›€ E:6.6529e-01V/cm J:1.4384e-01A/cm2 ğ›’:4.6252e+00ğ›€ cm
2023-05-19 12:05:31,624 INFO Measurement at current 0.016331658291457284
2023-05-19 12:05:32,227 INFO T:241.14Â°K V:4.4345e-02V I:1.6332e-02A R:2.7153e+00ğ›€ E:6.9289e-01V/cm J:1.4983e-01A/cm2 ğ›’:4.6245e+00ğ›€ cm
2023-05-19 12:05:32,245 INFO Measurement at current 0.01698492462311558
2023-05-19 12:05:32,831 INFO T:241.15Â°K V:4.6124e-02V I:1.6985e-02A R:2.7156e+00ğ›€ E:7.2069e-01V/cm J:1.5582e-01A/cm2 ğ›’:4.6250e+00ğ›€ cm
2023-05-19 12:05:32,854 INFO Measurement at current 0.01763819095477387
2023-05-19 12:05:33,441 INFO T:241.15Â°K V:4.7905e-02V I:1.7638e-02A R:2.7160e+00ğ›€ E:7.4851e-01V/cm J:1.6182e-01A/cm2 ğ›’:4.6256e+00ğ›€ cm
2023-05-19 12:05:33,465 INFO Measurement at current 0.01829145728643216
2023-05-19 12:05:34,068 INFO T:241.15Â°K V:4.9667e-02V I:1.8291e-02A R:2.7153e+00ğ›€ E:7.7605e-01V/cm J:1.6781e-01A/cm2 ğ›’:4.6245e+00ğ›€ cm
2023-05-19 12:05:34,093 INFO Measurement at current 0.01894472361809045
2023-05-19 12:05:34,695 INFO T:241.16Â°K V:5.1447e-02V I:1.8945e-02A R:2.7157e+00ğ›€ E:8.0387e-01V/cm J:1.7380e-01A/cm2 ğ›’:4.6251e+00ğ›€ cm
2023-05-19 12:05:34,718 INFO Measurement at current 0.019597989949748745
2023-05-19 12:05:35,325 INFO T:241.16Â°K V:5.3228e-02V I:1.9598e-02A R:2.7160e+00ğ›€ E:8.3168e-01V/cm J:1.7980e-01A/cm2 ğ›’:4.6257e+00ğ›€ cm
2023-05-19 12:05:35,342 INFO Measurement at current 0.020251256281407035
2023-05-19 12:05:35,929 INFO T:241.17Â°K V:5.4994e-02V I:2.0251e-02A R:2.7156e+00ğ›€ E:8.5928e-01V/cm J:1.8579e-01A/cm2 ğ›’:4.6250e+00ğ›€ cm
2023-05-19 12:05:35,948 INFO Measurement at current 0.020904522613065326
2023-05-19 12:05:36,537 INFO T:241.17Â°K V:5.6772e-02V I:2.0905e-02A R:2.7158e+00ğ›€ E:8.8707e-01V/cm J:1.9178e-01A/cm2 ğ›’:4.6253e+00ğ›€ cm
2023-05-19 12:05:36,579 INFO Measurement at current 0.021557788944723617
2023-05-19 12:05:37,173 INFO T:241.18Â°K V:5.8546e-02V I:2.1558e-02A R:2.7158e+00ğ›€ E:9.1478e-01V/cm J:1.9778e-01A/cm2 ğ›’:4.6253e+00ğ›€ cm
2023-05-19 12:05:37,195 INFO Measurement at current 0.022211055276381907
2023-05-19 12:05:37,796 INFO T:241.18Â°K V:6.0311e-02V I:2.2211e-02A R:2.7153e+00ğ›€ E:9.4235e-01V/cm J:2.0377e-01A/cm2 ğ›’:4.6246e+00ğ›€ cm
2023-05-19 12:05:37,820 INFO Measurement at current 0.0228643216080402
2023-05-19 12:05:38,433 INFO T:241.19Â°K V:6.2089e-02V I:2.2864e-02A R:2.7155e+00ğ›€ E:9.7014e-01V/cm J:2.0976e-01A/cm2 ğ›’:4.6249e+00ğ›€ cm
2023-05-19 12:05:38,452 INFO Measurement at current 0.023517587939698492
2023-05-19 12:05:39,044 INFO T:241.19Â°K V:6.3866e-02V I:2.3518e-02A R:2.7157e+00ğ›€ E:9.9791e-01V/cm J:2.1576e-01A/cm2 ğ›’:4.6252e+00ğ›€ cm
2023-05-19 12:05:39,059 INFO Measurement at current 0.024170854271356783
2023-05-19 12:05:39,647 INFO T:241.19Â°K V:6.5631e-02V I:2.4171e-02A R:2.7153e+00ğ›€ E:1.0255e+00V/cm J:2.2175e-01A/cm2 ğ›’:4.6245e+00ğ›€ cm
2023-05-19 12:05:39,669 INFO Measurement at current 0.024824120603015074
2023-05-19 12:05:40,265 INFO T:241.20Â°K V:6.7410e-02V I:2.4824e-02A R:2.7155e+00ğ›€ E:1.0533e+00V/cm J:2.2774e-01A/cm2 ğ›’:4.6248e+00ğ›€ cm
2023-05-19 12:05:40,287 INFO Measurement at current 0.025477386934673368
2023-05-19 12:05:40,892 INFO T:241.20Â°K V:6.9170e-02V I:2.5477e-02A R:2.7149e+00ğ›€ E:1.0808e+00V/cm J:2.3374e-01A/cm2 ğ›’:4.6239e+00ğ›€ cm
2023-05-19 12:05:40,915 INFO Measurement at current 0.02613065326633166
2023-05-19 12:05:41,508 INFO T:241.21Â°K V:7.0948e-02V I:2.6131e-02A R:2.7151e+00ğ›€ E:1.1086e+00V/cm J:2.3973e-01A/cm2 ğ›’:4.6242e+00ğ›€ cm
2023-05-19 12:05:41,525 INFO Measurement at current 0.02678391959798995
2023-05-19 12:05:42,158 INFO T:241.21Â°K V:7.2727e-02V I:2.6784e-02A R:2.7153e+00ğ›€ E:1.1364e+00V/cm J:2.4572e-01A/cm2 ğ›’:4.6245e+00ğ›€ cm
2023-05-19 12:05:42,180 INFO Measurement at current 0.02743718592964824
2023-05-19 12:05:42,793 INFO T:241.22Â°K V:7.4494e-02V I:2.7437e-02A R:2.7151e+00ğ›€ E:1.1640e+00V/cm J:2.5172e-01A/cm2 ğ›’:4.6241e+00ğ›€ cm
2023-05-19 12:05:42,816 INFO Measurement at current 0.02809045226130653
2023-05-19 12:05:43,424 INFO T:241.22Â°K V:7.6275e-02V I:2.8090e-02A R:2.7153e+00ğ›€ E:1.1918e+00V/cm J:2.5771e-01A/cm2 ğ›’:4.6245e+00ğ›€ cm
2023-05-19 12:05:43,449 INFO Measurement at current 0.028743718592964825
2023-05-19 12:05:44,042 INFO T:241.22Â°K V:7.8051e-02V I:2.8744e-02A R:2.7154e+00ğ›€ E:1.2195e+00V/cm J:2.6370e-01A/cm2 ğ›’:4.6247e+00ğ›€ cm
2023-05-19 12:05:44,059 INFO Measurement at current 0.029396984924623115
2023-05-19 12:05:44,656 INFO T:241.23Â°K V:7.9818e-02V I:2.9397e-02A R:2.7152e+00ğ›€ E:1.2472e+00V/cm J:2.6970e-01A/cm2 ğ›’:4.6243e+00ğ›€ cm
2023-05-19 12:05:44,672 INFO Measurement at current 0.030050251256281406
2023-05-19 12:05:45,259 INFO T:241.23Â°K V:8.1598e-02V I:3.0050e-02A R:2.7154e+00ğ›€ E:1.2750e+00V/cm J:2.7569e-01A/cm2 ğ›’:4.6247e+00ğ›€ cm
2023-05-19 12:05:45,277 INFO Measurement at current 0.030703517587939697
2023-05-19 12:05:45,865 INFO T:241.24Â°K V:8.3378e-02V I:3.0704e-02A R:2.7156e+00ğ›€ E:1.3028e+00V/cm J:2.8168e-01A/cm2 ğ›’:4.6250e+00ğ›€ cm
2023-05-19 12:05:45,887 INFO Measurement at current 0.03135678391959799
2023-05-19 12:05:46,479 INFO T:241.24Â°K V:8.5145e-02V I:3.1357e-02A R:2.7154e+00ğ›€ E:1.3304e+00V/cm J:2.8768e-01A/cm2 ğ›’:4.6246e+00ğ›€ cm
2023-05-19 12:05:46,508 INFO Measurement at current 0.03201005025125628
2023-05-19 12:05:47,115 INFO T:241.25Â°K V:8.6921e-02V I:3.2010e-02A R:2.7154e+00ğ›€ E:1.3581e+00V/cm J:2.9367e-01A/cm2 ğ›’:4.6247e+00ğ›€ cm
2023-05-19 12:05:47,137 INFO Measurement at current 0.03266331658291457
2023-05-19 12:05:47,757 INFO T:241.25Â°K V:8.8702e-02V I:3.2663e-02A R:2.7157e+00ğ›€ E:1.3860e+00V/cm J:2.9966e-01A/cm2 ğ›’:4.6251e+00ğ›€ cm
2023-05-19 12:05:47,775 INFO Measurement at current 0.033316582914572866
2023-05-19 12:05:48,365 INFO T:241.26Â°K V:9.0469e-02V I:3.3317e-02A R:2.7154e+00ğ›€ E:1.4136e+00V/cm J:3.0566e-01A/cm2 ğ›’:4.6247e+00ğ›€ cm
2023-05-19 12:05:48,383 INFO Measurement at current 0.03396984924623116
2023-05-19 12:05:48,973 INFO T:241.26Â°K V:9.2249e-02V I:3.3970e-02A R:2.7156e+00ğ›€ E:1.4414e+00V/cm J:3.1165e-01A/cm2 ğ›’:4.6250e+00ğ›€ cm
2023-05-19 12:05:48,996 INFO Measurement at current 0.03462311557788945
2023-05-19 12:05:49,596 INFO T:241.26Â°K V:9.4029e-02V I:3.4623e-02A R:2.7158e+00ğ›€ E:1.4692e+00V/cm J:3.1764e-01A/cm2 ğ›’:4.6253e+00ğ›€ cm
2023-05-19 12:05:49,629 INFO Measurement at current 0.03527638190954774
2023-05-19 12:05:50,231 INFO T:241.27Â°K V:9.5794e-02V I:3.5276e-02A R:2.7155e+00ğ›€ E:1.4968e+00V/cm J:3.2364e-01A/cm2 ğ›’:4.6249e+00ğ›€ cm
2023-05-19 12:05:50,250 INFO Measurement at current 0.03592964824120603
2023-05-19 12:05:50,838 INFO T:241.27Â°K V:9.7568e-02V I:3.5930e-02A R:2.7155e+00ğ›€ E:1.5245e+00V/cm J:3.2963e-01A/cm2 ğ›’:4.6249e+00ğ›€ cm
2023-05-19 12:05:50,854 INFO Measurement at current 0.03658291457286432
2023-05-19 12:05:51,441 INFO T:241.28Â°K V:9.9347e-02V I:3.6583e-02A R:2.7157e+00ğ›€ E:1.5523e+00V/cm J:3.3562e-01A/cm2 ğ›’:4.6251e+00ğ›€ cm
2023-05-19 12:05:51,455 INFO Measurement at current 0.03723618090452261
2023-05-19 12:05:52,053 INFO T:241.28Â°K V:1.0111e-01V I:3.7236e-02A R:2.7154e+00ğ›€ E:1.5799e+00V/cm J:3.4162e-01A/cm2 ğ›’:4.6247e+00ğ›€ cm
2023-05-19 12:05:52,071 INFO Measurement at current 0.0378894472361809
2023-05-19 12:05:52,668 INFO T:241.29Â°K V:1.0289e-01V I:3.7889e-02A R:2.7156e+00ğ›€ E:1.6077e+00V/cm J:3.4761e-01A/cm2 ğ›’:4.6249e+00ğ›€ cm
2023-05-19 12:05:52,691 INFO Measurement at current 0.03854271356783919
2023-05-19 12:05:53,289 INFO T:241.29Â°K V:1.0467e-01V I:3.8543e-02A R:2.7157e+00ğ›€ E:1.6355e+00V/cm J:3.5360e-01A/cm2 ğ›’:4.6252e+00ğ›€ cm
2023-05-19 12:05:53,306 INFO Measurement at current 0.03919597989949749
2023-05-19 12:05:53,916 INFO T:241.29Â°K V:1.0643e-01V I:3.9196e-02A R:2.7154e+00ğ›€ E:1.6630e+00V/cm J:3.5960e-01A/cm2 ğ›’:4.6246e+00ğ›€ cm
2023-05-19 12:05:53,933 INFO Measurement at current 0.03984924623115578
2023-05-19 12:05:54,517 INFO T:241.30Â°K V:1.0821e-01V I:3.9849e-02A R:2.7155e+00ğ›€ E:1.6908e+00V/cm J:3.6559e-01A/cm2 ğ›’:4.6248e+00ğ›€ cm
2023-05-19 12:05:54,545 INFO Measurement at current 0.04050251256281407
2023-05-19 12:05:55,131 INFO T:241.30Â°K V:1.0999e-01V I:4.0503e-02A R:2.7156e+00ğ›€ E:1.7186e+00V/cm J:3.7158e-01A/cm2 ğ›’:4.6251e+00ğ›€ cm
2023-05-19 12:05:55,145 INFO Measurement at current 0.04115577889447236
2023-05-19 12:05:55,732 INFO T:241.31Â°K V:1.1176e-01V I:4.1156e-02A R:2.7155e+00ğ›€ E:1.7462e+00V/cm J:3.7758e-01A/cm2 ğ›’:4.6248e+00ğ›€ cm
2023-05-19 12:05:55,758 INFO Measurement at current 0.04180904522613065
2023-05-19 12:05:56,346 INFO T:241.31Â°K V:1.1354e-01V I:4.1809e-02A R:2.7157e+00ğ›€ E:1.7741e+00V/cm J:3.8357e-01A/cm2 ğ›’:4.6251e+00ğ›€ cm
2023-05-19 12:05:56,366 INFO Measurement at current 0.04246231155778894
2023-05-19 12:05:56,959 INFO T:241.32Â°K V:1.1530e-01V I:4.2462e-02A R:2.7154e+00ğ›€ E:1.8016e+00V/cm J:3.8956e-01A/cm2 ğ›’:4.6247e+00ğ›€ cm
2023-05-19 12:05:56,988 INFO Measurement at current 0.04311557788944723
2023-05-19 12:05:57,602 INFO T:241.32Â°K V:1.1708e-01V I:4.3116e-02A R:2.7156e+00ğ›€ E:1.8294e+00V/cm J:3.9556e-01A/cm2 ğ›’:4.6250e+00ğ›€ cm
2023-05-19 12:05:57,625 INFO Measurement at current 0.043768844221105524
2023-05-19 12:05:58,212 INFO T:241.32Â°K V:1.1886e-01V I:4.3769e-02A R:2.7157e+00ğ›€ E:1.8573e+00V/cm J:4.0155e-01A/cm2 ğ›’:4.6252e+00ğ›€ cm
2023-05-19 12:05:58,239 INFO Measurement at current 0.044422110552763815
2023-05-19 12:05:59,569 INFO T:241.33Â°K V:1.2063e-01V I:4.4422e-02A R:2.7156e+00ğ›€ E:1.8849e+00V/cm J:4.0754e-01A/cm2 ğ›’:4.6251e+00ğ›€ cm
2023-05-19 12:05:59,585 INFO Measurement at current 0.04507537688442211
2023-05-19 12:06:00,221 INFO T:241.34Â°K V:1.2242e-01V I:4.5075e-02A R:2.7158e+00ğ›€ E:1.9127e+00V/cm J:4.1354e-01A/cm2 ğ›’:4.6253e+00ğ›€ cm
2023-05-19 12:06:00,241 INFO Measurement at current 0.0457286432160804
2023-05-19 12:06:00,840 INFO T:241.34Â°K V:1.2420e-01V I:4.5729e-02A R:2.7159e+00ğ›€ E:1.9406e+00V/cm J:4.1953e-01A/cm2 ğ›’:4.6256e+00ğ›€ cm
2023-05-19 12:06:00,862 INFO Measurement at current 0.046381909547738694
2023-05-19 12:06:01,453 INFO T:241.35Â°K V:1.2596e-01V I:4.6382e-02A R:2.7157e+00ğ›€ E:1.9681e+00V/cm J:4.2552e-01A/cm2 ğ›’:4.6252e+00ğ›€ cm
2023-05-19 12:06:01,481 INFO Measurement at current 0.047035175879396984
2023-05-19 12:06:02,070 INFO T:241.35Â°K V:1.2774e-01V I:4.7035e-02A R:2.7159e+00ğ›€ E:1.9960e+00V/cm J:4.3152e-01A/cm2 ğ›’:4.6255e+00ğ›€ cm
2023-05-19 12:06:02,087 INFO Measurement at current 0.047688442211055275
2023-05-19 12:06:02,678 INFO T:241.36Â°K V:1.2952e-01V I:4.7688e-02A R:2.7160e+00ğ›€ E:2.0238e+00V/cm J:4.3751e-01A/cm2 ğ›’:4.6257e+00ğ›€ cm
2023-05-19 12:06:02,696 INFO Measurement at current 0.048341708542713566
2023-05-19 12:06:03,284 INFO T:241.36Â°K V:1.3129e-01V I:4.8342e-02A R:2.7158e+00ğ›€ E:2.0514e+00V/cm J:4.4350e-01A/cm2 ğ›’:4.6254e+00ğ›€ cm
2023-05-19 12:06:03,304 INFO Measurement at current 0.048994974874371856
2023-05-19 12:06:03,906 INFO T:241.36Â°K V:1.3307e-01V I:4.8995e-02A R:2.7160e+00ğ›€ E:2.0792e+00V/cm J:4.4950e-01A/cm2 ğ›’:4.6256e+00ğ›€ cm
2023-05-19 12:06:03,927 INFO Measurement at current 0.04964824120603015
2023-05-19 12:06:04,520 INFO T:241.37Â°K V:1.3484e-01V I:4.9648e-02A R:2.7160e+00ğ›€ E:2.1069e+00V/cm J:4.5549e-01A/cm2 ğ›’:4.6257e+00ğ›€ cm
2023-05-19 12:06:04,534 INFO Measurement at current 0.05030150753768844
2023-05-19 12:06:05,125 INFO T:241.37Â°K V:1.3661e-01V I:5.0302e-02A R:2.7158e+00ğ›€ E:2.1345e+00V/cm J:4.6148e-01A/cm2 ğ›’:4.6254e+00ğ›€ cm
2023-05-19 12:06:05,144 INFO Measurement at current 0.050954773869346735
2023-05-19 12:06:05,770 INFO T:241.38Â°K V:1.3839e-01V I:5.0955e-02A R:2.7159e+00ğ›€ E:2.1623e+00V/cm J:4.6747e-01A/cm2 ğ›’:4.6256e+00ğ›€ cm
2023-05-19 12:06:05,796 INFO Measurement at current 0.051608040201005026
2023-05-19 12:06:06,382 INFO T:241.38Â°K V:1.4017e-01V I:5.1608e-02A R:2.7161e+00ğ›€ E:2.1902e+00V/cm J:4.7347e-01A/cm2 ğ›’:4.6258e+00ğ›€ cm
2023-05-19 12:06:06,407 INFO Measurement at current 0.05226130653266332
2023-05-19 12:06:06,996 INFO T:241.39Â°K V:1.4194e-01V I:5.2261e-02A R:2.7159e+00ğ›€ E:2.2178e+00V/cm J:4.7946e-01A/cm2 ğ›’:4.6255e+00ğ›€ cm
2023-05-19 12:06:07,015 INFO Measurement at current 0.05291457286432161
2023-05-19 12:06:07,613 INFO T:241.39Â°K V:1.4372e-01V I:5.2915e-02A R:2.7160e+00ğ›€ E:2.2456e+00V/cm J:4.8545e-01A/cm2 ğ›’:4.6257e+00ğ›€ cm
2023-05-19 12:06:07,637 INFO Measurement at current 0.0535678391959799
2023-05-19 12:06:08,227 INFO T:241.39Â°K V:1.4549e-01V I:5.3568e-02A R:2.7160e+00ğ›€ E:2.2733e+00V/cm J:4.9145e-01A/cm2 ğ›’:4.6258e+00ğ›€ cm
2023-05-19 12:06:08,245 INFO Measurement at current 0.05422110552763819
2023-05-19 12:06:08,833 INFO T:241.40Â°K V:1.4726e-01V I:5.4221e-02A R:2.7159e+00ğ›€ E:2.3009e+00V/cm J:4.9744e-01A/cm2 ğ›’:4.6256e+00ğ›€ cm
2023-05-19 12:06:08,878 INFO Measurement at current 0.05487437185929648
2023-05-19 12:06:09,479 INFO T:241.40Â°K V:1.4904e-01V I:5.4874e-02A R:2.7161e+00ğ›€ E:2.3288e+00V/cm J:5.0343e-01A/cm2 ğ›’:4.6258e+00ğ›€ cm
2023-05-19 12:06:09,496 INFO Measurement at current 0.05552763819095477
2023-05-19 12:06:10,091 INFO T:241.41Â°K V:1.5082e-01V I:5.5528e-02A R:2.7162e+00ğ›€ E:2.3566e+00V/cm J:5.0943e-01A/cm2 ğ›’:4.6261e+00ğ›€ cm
2023-05-19 12:06:10,130 INFO Measurement at current 0.05618090452261306
2023-05-19 12:06:10,725 INFO T:241.41Â°K V:1.5259e-01V I:5.6181e-02A R:2.7161e+00ğ›€ E:2.3843e+00V/cm J:5.1542e-01A/cm2 ğ›’:4.6259e+00ğ›€ cm
2023-05-19 12:06:10,740 INFO Measurement at current 0.05683417085427136
2023-05-19 12:06:11,343 INFO T:241.42Â°K V:1.5437e-01V I:5.6834e-02A R:2.7162e+00ğ›€ E:2.4121e+00V/cm J:5.2141e-01A/cm2 ğ›’:4.6260e+00ğ›€ cm
2023-05-19 12:06:11,359 INFO Measurement at current 0.05748743718592965
2023-05-19 12:06:11,949 INFO T:241.42Â°K V:1.5614e-01V I:5.7487e-02A R:2.7161e+00ğ›€ E:2.4397e+00V/cm J:5.2741e-01A/cm2 ğ›’:4.6258e+00ğ›€ cm
2023-05-19 12:06:11,964 INFO Measurement at current 0.05814070351758794
2023-05-19 12:06:12,567 INFO T:241.42Â°K V:1.5792e-01V I:5.8141e-02A R:2.7162e+00ğ›€ E:2.4675e+00V/cm J:5.3340e-01A/cm2 ğ›’:4.6260e+00ğ›€ cm
2023-05-19 12:06:12,592 INFO Measurement at current 0.05879396984924623
2023-05-19 12:06:13,177 INFO T:241.43Â°K V:1.5971e-01V I:5.8794e-02A R:2.7164e+00ğ›€ E:2.4954e+00V/cm J:5.3939e-01A/cm2 ğ›’:4.6263e+00ğ›€ cm
2023-05-19 12:06:13,200 INFO Measurement at current 0.05944723618090452
2023-05-19 12:06:13,802 INFO T:241.43Â°K V:1.6147e-01V I:5.9447e-02A R:2.7163e+00ğ›€ E:2.5230e+00V/cm J:5.4539e-01A/cm2 ğ›’:4.6261e+00ğ›€ cm
2023-05-19 12:06:13,819 INFO Measurement at current 0.06010050251256281
2023-05-19 12:06:14,427 INFO T:241.44Â°K V:1.6325e-01V I:6.0101e-02A R:2.7163e+00ğ›€ E:2.5508e+00V/cm J:5.5138e-01A/cm2 ğ›’:4.6262e+00ğ›€ cm
2023-05-19 12:06:14,447 INFO Measurement at current 0.0607537688442211
2023-05-19 12:06:15,053 INFO T:241.44Â°K V:1.6503e-01V I:6.0754e-02A R:2.7165e+00ğ›€ E:2.5787e+00V/cm J:5.5737e-01A/cm2 ğ›’:4.6265e+00ğ›€ cm
2023-05-19 12:06:15,079 INFO Measurement at current 0.06140703517587939
2023-05-19 12:06:15,669 INFO T:241.45Â°K V:1.6680e-01V I:6.1407e-02A R:2.7163e+00ğ›€ E:2.6063e+00V/cm J:5.6337e-01A/cm2 ğ›’:4.6263e+00ğ›€ cm
2023-05-19 12:06:15,694 INFO Measurement at current 0.062060301507537684
2023-05-19 12:06:16,292 INFO T:241.45Â°K V:1.6858e-01V I:6.2060e-02A R:2.7164e+00ğ›€ E:2.6341e+00V/cm J:5.6936e-01A/cm2 ğ›’:4.6264e+00ğ›€ cm
2023-05-19 12:06:16,324 INFO Measurement at current 0.06271356783919597
2023-05-19 12:06:16,919 INFO T:241.45Â°K V:1.7036e-01V I:6.2714e-02A R:2.7165e+00ğ›€ E:2.6619e+00V/cm J:5.7535e-01A/cm2 ğ›’:4.6266e+00ğ›€ cm
2023-05-19 12:06:16,942 INFO Measurement at current 0.06336683417085427
2023-05-19 12:06:17,531 INFO T:241.46Â°K V:1.7213e-01V I:6.3367e-02A R:2.7164e+00ğ›€ E:2.6895e+00V/cm J:5.8135e-01A/cm2 ğ›’:4.6264e+00ğ›€ cm
2023-05-19 12:06:17,573 INFO Measurement at current 0.06402010050251256
2023-05-19 12:06:18,199 INFO T:241.46Â°K V:1.7391e-01V I:6.4020e-02A R:2.7164e+00ğ›€ E:2.7173e+00V/cm J:5.8734e-01A/cm2 ğ›’:4.6264e+00ğ›€ cm
2023-05-19 12:06:18,225 INFO Measurement at current 0.06467336683417085
2023-05-19 12:06:18,818 INFO T:241.47Â°K V:1.7569e-01V I:6.4673e-02A R:2.7165e+00ğ›€ E:2.7451e+00V/cm J:5.9333e-01A/cm2 ğ›’:4.6266e+00ğ›€ cm
2023-05-19 12:06:18,836 INFO Measurement at current 0.06532663316582914
2023-05-19 12:06:19,428 INFO T:241.47Â°K V:1.7745e-01V I:6.5327e-02A R:2.7164e+00ğ›€ E:2.7727e+00V/cm J:5.9933e-01A/cm2 ğ›’:4.6264e+00ğ›€ cm
2023-05-19 12:06:19,451 INFO Measurement at current 0.06597989949748743
2023-05-19 12:06:20,053 INFO T:241.48Â°K V:1.7923e-01V I:6.5980e-02A R:2.7165e+00ğ›€ E:2.8005e+00V/cm J:6.0532e-01A/cm2 ğ›’:4.6265e+00ğ›€ cm
2023-05-19 12:06:20,080 INFO Measurement at current 0.06663316582914573
2023-05-19 12:06:20,671 INFO T:241.48Â°K V:1.8102e-01V I:6.6633e-02A R:2.7166e+00ğ›€ E:2.8284e+00V/cm J:6.1131e-01A/cm2 ğ›’:4.6267e+00ğ›€ cm
2023-05-19 12:06:20,693 INFO Measurement at current 0.06728643216080402
2023-05-19 12:06:21,319 INFO T:241.49Â°K V:1.8278e-01V I:6.7286e-02A R:2.7164e+00ğ›€ E:2.8559e+00V/cm J:6.1731e-01A/cm2 ğ›’:4.6264e+00ğ›€ cm
2023-05-19 12:06:21,336 INFO Measurement at current 0.06793969849246231
2023-05-19 12:06:21,924 INFO T:241.49Â°K V:1.8456e-01V I:6.7940e-02A R:2.7165e+00ğ›€ E:2.8838e+00V/cm J:6.2330e-01A/cm2 ğ›’:4.6266e+00ğ›€ cm
2023-05-19 12:06:21,949 INFO Measurement at current 0.0685929648241206
2023-05-19 12:06:22,541 INFO T:241.49Â°K V:1.8634e-01V I:6.8593e-02A R:2.7167e+00ğ›€ E:2.9116e+00V/cm J:6.2929e-01A/cm2 ğ›’:4.6268e+00ğ›€ cm
2023-05-19 12:06:22,572 INFO Measurement at current 0.0692462311557789
2023-05-19 12:06:23,182 INFO T:241.50Â°K V:1.8811e-01V I:6.9246e-02A R:2.7166e+00ğ›€ E:2.9393e+00V/cm J:6.3529e-01A/cm2 ğ›’:4.6267e+00ğ›€ cm
2023-05-19 12:06:23,213 INFO Measurement at current 0.06989949748743718
2023-05-19 12:06:23,821 INFO T:241.50Â°K V:1.8990e-01V I:6.9899e-02A R:2.7167e+00ğ›€ E:2.9671e+00V/cm J:6.4128e-01A/cm2 ğ›’:4.6269e+00ğ›€ cm
2023-05-19 12:06:23,838 INFO Measurement at current 0.07055276381909548
2023-05-19 12:06:24,432 INFO T:241.51Â°K V:1.9168e-01V I:7.0553e-02A R:2.7168e+00ğ›€ E:2.9950e+00V/cm J:6.4727e-01A/cm2 ğ›’:4.6271e+00ğ›€ cm
2023-05-19 12:06:24,459 INFO Measurement at current 0.07120603015075376
2023-05-19 12:06:25,068 INFO T:241.51Â°K V:1.9345e-01V I:7.1206e-02A R:2.7167e+00ğ›€ E:3.0226e+00V/cm J:6.5327e-01A/cm2 ğ›’:4.6269e+00ğ›€ cm
2023-05-19 12:06:25,092 INFO Measurement at current 0.07185929648241206
2023-05-19 12:06:25,697 INFO T:241.52Â°K V:1.9523e-01V I:7.1859e-02A R:2.7168e+00ğ›€ E:3.0504e+00V/cm J:6.5926e-01A/cm2 ğ›’:4.6271e+00ğ›€ cm
2023-05-19 12:06:25,735 INFO Measurement at current 0.07251256281407036
2023-05-19 12:06:26,326 INFO T:241.52Â°K V:1.9701e-01V I:7.2513e-02A R:2.7169e+00ğ›€ E:3.0783e+00V/cm J:6.6525e-01A/cm2 ğ›’:4.6273e+00ğ›€ cm
2023-05-19 12:06:26,350 INFO Measurement at current 0.07316582914572864
2023-05-19 12:06:26,938 INFO T:241.52Â°K V:1.9878e-01V I:7.3166e-02A R:2.7169e+00ğ›€ E:3.1060e+00V/cm J:6.7125e-01A/cm2 ğ›’:4.6272e+00ğ›€ cm
2023-05-19 12:06:26,965 INFO Measurement at current 0.07381909547738694
2023-05-19 12:06:27,548 INFO T:241.53Â°K V:2.0057e-01V I:7.3819e-02A R:2.7170e+00ğ›€ E:3.1338e+00V/cm J:6.7724e-01A/cm2 ğ›’:4.6274e+00ğ›€ cm
2023-05-19 12:06:27,565 INFO Measurement at current 0.07447236180904522
2023-05-19 12:06:28,151 INFO T:241.53Â°K V:2.0233e-01V I:7.4472e-02A R:2.7169e+00ğ›€ E:3.1614e+00V/cm J:6.8323e-01A/cm2 ğ›’:4.6271e+00ğ›€ cm
2023-05-19 12:06:28,166 INFO Measurement at current 0.07512562814070352
2023-05-19 12:06:28,748 INFO T:241.54Â°K V:2.0411e-01V I:7.5126e-02A R:2.7169e+00ğ›€ E:3.1893e+00V/cm J:6.8923e-01A/cm2 ğ›’:4.6273e+00ğ›€ cm
2023-05-19 12:06:28,774 INFO Measurement at current 0.0757788944723618
2023-05-19 12:06:29,364 INFO T:241.54Â°K V:2.0589e-01V I:7.5779e-02A R:2.7170e+00ğ›€ E:3.2171e+00V/cm J:6.9522e-01A/cm2 ğ›’:4.6274e+00ğ›€ cm
2023-05-19 12:06:29,394 INFO Measurement at current 0.0764321608040201
2023-05-19 12:06:30,004 INFO T:241.55Â°K V:2.0766e-01V I:7.6432e-02A R:2.7169e+00ğ›€ E:3.2447e+00V/cm J:7.0121e-01A/cm2 ğ›’:4.6273e+00ğ›€ cm
2023-05-19 12:06:30,025 INFO Measurement at current 0.07708542713567838
2023-05-19 12:06:30,659 INFO T:241.55Â°K V:2.0944e-01V I:7.7085e-02A R:2.7170e+00ğ›€ E:3.2726e+00V/cm J:7.0721e-01A/cm2 ğ›’:4.6274e+00ğ›€ cm
2023-05-19 12:06:30,703 INFO Measurement at current 0.07773869346733668
2023-05-19 12:06:31,300 INFO T:241.55Â°K V:2.1122e-01V I:7.7739e-02A R:2.7170e+00ğ›€ E:3.3003e+00V/cm J:7.1320e-01A/cm2 ğ›’:4.6275e+00ğ›€ cm
2023-05-19 12:06:31,327 INFO Measurement at current 0.07839195979899498
2023-05-19 12:06:31,944 INFO T:241.56Â°K V:2.1299e-01V I:7.8392e-02A R:2.7170e+00ğ›€ E:3.3279e+00V/cm J:7.1919e-01A/cm2 ğ›’:4.6273e+00ğ›€ cm
2023-05-19 12:06:31,964 INFO Measurement at current 0.07904522613065326
2023-05-19 12:06:32,557 INFO T:241.56Â°K V:2.1477e-01V I:7.9045e-02A R:2.7170e+00ğ›€ E:3.3558e+00V/cm J:7.2519e-01A/cm2 ğ›’:4.6275e+00ğ›€ cm
2023-05-19 12:06:32,577 INFO Measurement at current 0.07969849246231156
2023-05-19 12:06:33,193 INFO T:241.57Â°K V:2.1655e-01V I:7.9698e-02A R:2.7171e+00ğ›€ E:3.3836e+00V/cm J:7.3118e-01A/cm2 ğ›’:4.6276e+00ğ›€ cm
2023-05-19 12:06:33,213 INFO Measurement at current 0.08035175879396984
2023-05-19 12:06:33,807 INFO T:241.57Â°K V:2.1832e-01V I:8.0352e-02A R:2.7171e+00ğ›€ E:3.4112e+00V/cm J:7.3717e-01A/cm2 ğ›’:4.6275e+00ğ›€ cm
2023-05-19 12:06:33,823 INFO Measurement at current 0.08100502512562814
2023-05-19 12:06:34,423 INFO T:241.58Â°K V:2.2010e-01V I:8.1005e-02A R:2.7171e+00ğ›€ E:3.4391e+00V/cm J:7.4317e-01A/cm2 ğ›’:4.6276e+00ğ›€ cm
2023-05-19 12:06:34,439 INFO Measurement at current 0.08165829145728642
2023-05-19 12:06:35,051 INFO T:241.58Â°K V:2.2188e-01V I:8.1658e-02A R:2.7172e+00ğ›€ E:3.4669e+00V/cm J:7.4916e-01A/cm2 ğ›’:4.6278e+00ğ›€ cm
2023-05-19 12:06:35,077 INFO Measurement at current 0.08231155778894472
2023-05-19 12:06:35,661 INFO T:241.58Â°K V:2.2365e-01V I:8.2312e-02A R:2.7172e+00ğ›€ E:3.4946e+00V/cm J:7.5515e-01A/cm2 ğ›’:4.6277e+00ğ›€ cm
2023-05-19 12:06:35,677 INFO Measurement at current 0.082964824120603
2023-05-19 12:06:36,269 INFO T:241.59Â°K V:2.2544e-01V I:8.2965e-02A R:2.7173e+00ğ›€ E:3.5225e+00V/cm J:7.6115e-01A/cm2 ğ›’:4.6279e+00ğ›€ cm
2023-05-19 12:06:36,291 INFO Measurement at current 0.0836180904522613
2023-05-19 12:06:36,881 INFO T:241.59Â°K V:2.2722e-01V I:8.3618e-02A R:2.7174e+00ğ›€ E:3.5504e+00V/cm J:7.6714e-01A/cm2 ğ›’:4.6281e+00ğ›€ cm
2023-05-19 12:06:36,907 INFO Measurement at current 0.0842713567839196
2023-05-19 12:06:37,502 INFO T:241.60Â°K V:2.2900e-01V I:8.4271e-02A R:2.7174e+00ğ›€ E:3.5781e+00V/cm J:7.7313e-01A/cm2 ğ›’:4.6280e+00ğ›€ cm
2023-05-19 12:06:37,522 INFO Measurement at current 0.08492462311557789
2023-05-19 12:06:38,116 INFO T:241.60Â°K V:2.3078e-01V I:8.4925e-02A R:2.7174e+00ğ›€ E:3.6059e+00V/cm J:7.7912e-01A/cm2 ğ›’:4.6281e+00ğ›€ cm
2023-05-19 12:06:38,134 INFO Measurement at current 0.08557788944723618
2023-05-19 12:06:38,736 INFO T:241.61Â°K V:2.3256e-01V I:8.5578e-02A R:2.7175e+00ğ›€ E:3.6338e+00V/cm J:7.8512e-01A/cm2 ğ›’:4.6283e+00ğ›€ cm
2023-05-19 12:06:38,764 INFO Measurement at current 0.08623115577889447
2023-05-19 12:06:39,361 INFO T:241.61Â°K V:2.3433e-01V I:8.6231e-02A R:2.7175e+00ğ›€ E:3.6615e+00V/cm J:7.9111e-01A/cm2 ğ›’:4.6282e+00ğ›€ cm
2023-05-19 12:06:39,390 INFO Measurement at current 0.08688442211055276
2023-05-19 12:06:40,002 INFO T:241.61Â°K V:2.3612e-01V I:8.6884e-02A R:2.7176e+00ğ›€ E:3.6894e+00V/cm J:7.9710e-01A/cm2 ğ›’:4.6284e+00ğ›€ cm
2023-05-19 12:06:40,033 INFO Measurement at current 0.08753768844221105
2023-05-19 12:06:40,629 INFO T:241.62Â°K V:2.3790e-01V I:8.7538e-02A R:2.7177e+00ğ›€ E:3.7173e+00V/cm J:8.0310e-01A/cm2 ğ›’:4.6286e+00ğ›€ cm
2023-05-19 12:06:40,644 INFO Measurement at current 0.08819095477386935
2023-05-19 12:06:41,228 INFO T:241.62Â°K V:2.3968e-01V I:8.8191e-02A R:2.7177e+00ğ›€ E:3.7449e+00V/cm J:8.0909e-01A/cm2 ğ›’:4.6286e+00ğ›€ cm
2023-05-19 12:06:41,242 INFO Measurement at current 0.08884422110552763
2023-05-19 12:06:41,830 INFO T:241.63Â°K V:2.4145e-01V I:8.8844e-02A R:2.7177e+00ğ›€ E:3.7727e+00V/cm J:8.1508e-01A/cm2 ğ›’:4.6286e+00ğ›€ cm
2023-05-19 12:06:41,849 INFO Measurement at current 0.08949748743718593
2023-05-19 12:06:42,435 INFO T:241.63Â°K V:2.4322e-01V I:8.9497e-02A R:2.7177e+00ğ›€ E:3.8004e+00V/cm J:8.2108e-01A/cm2 ğ›’:4.6285e+00ğ›€ cm
2023-05-19 12:06:42,454 INFO Measurement at current 0.09015075376884422
2023-05-19 12:06:43,049 INFO T:241.64Â°K V:2.4501e-01V I:9.0151e-02A R:2.7178e+00ğ›€ E:3.8283e+00V/cm J:8.2707e-01A/cm2 ğ›’:4.6287e+00ğ›€ cm
2023-05-19 12:06:43,071 INFO Measurement at current 0.09080402010050251
2023-05-19 12:06:43,657 INFO T:241.64Â°K V:2.4679e-01V I:9.0804e-02A R:2.7179e+00ğ›€ E:3.8561e+00V/cm J:8.3306e-01A/cm2 ğ›’:4.6288e+00ğ›€ cm
2023-05-19 12:06:43,675 INFO Measurement at current 0.0914572864321608
2023-05-19 12:06:44,284 INFO T:241.64Â°K V:2.4856e-01V I:9.1457e-02A R:2.7178e+00ğ›€ E:3.8838e+00V/cm J:8.3906e-01A/cm2 ğ›’:4.6287e+00ğ›€ cm
2023-05-19 12:06:44,300 INFO Measurement at current 0.09211055276381909
2023-05-19 12:06:44,887 INFO T:241.65Â°K V:2.5034e-01V I:9.2111e-02A R:2.7178e+00ğ›€ E:3.9116e+00V/cm J:8.4505e-01A/cm2 ğ›’:4.6288e+00ğ›€ cm
2023-05-19 12:06:44,903 INFO Measurement at current 0.09276381909547739
2023-05-19 12:06:45,497 INFO T:241.65Â°K V:2.5213e-01V I:9.2764e-02A R:2.7179e+00ğ›€ E:3.9395e+00V/cm J:8.5104e-01A/cm2 ğ›’:4.6290e+00ğ›€ cm
2023-05-19 12:06:45,523 INFO Measurement at current 0.09341708542713567
2023-05-19 12:06:46,139 INFO T:241.66Â°K V:2.5390e-01V I:9.3417e-02A R:2.7179e+00ğ›€ E:3.9671e+00V/cm J:8.5704e-01A/cm2 ğ›’:4.6289e+00ğ›€ cm
2023-05-19 12:06:46,161 INFO Measurement at current 0.09407035175879397
2023-05-19 12:06:46,775 INFO T:241.66Â°K V:2.5568e-01V I:9.4070e-02A R:2.7180e+00ğ›€ E:3.9950e+00V/cm J:8.6303e-01A/cm2 ğ›’:4.6290e+00ğ›€ cm
2023-05-19 12:06:46,808 INFO Measurement at current 0.09472361809045225
2023-05-19 12:06:47,414 INFO T:241.67Â°K V:2.5747e-01V I:9.4724e-02A R:2.7181e+00ğ›€ E:4.0229e+00V/cm J:8.6902e-01A/cm2 ğ›’:4.6292e+00ğ›€ cm
2023-05-19 12:06:47,440 INFO Measurement at current 0.09537688442211055
2023-05-19 12:06:48,052 INFO T:241.67Â°K V:2.5924e-01V I:9.5377e-02A R:2.7180e+00ğ›€ E:4.0506e+00V/cm J:8.7502e-01A/cm2 ğ›’:4.6291e+00ğ›€ cm
2023-05-19 12:06:48,113 INFO Measurement at current 0.09603015075376885
2023-05-19 12:06:48,714 INFO T:241.67Â°K V:2.6102e-01V I:9.6030e-02A R:2.7181e+00ğ›€ E:4.0785e+00V/cm J:8.8101e-01A/cm2 ğ›’:4.6293e+00ğ›€ cm
2023-05-19 12:06:48,742 INFO Measurement at current 0.09668341708542713
2023-05-19 12:06:49,381 INFO T:241.68Â°K V:2.6281e-01V I:9.6683e-02A R:2.7183e+00ğ›€ E:4.1064e+00V/cm J:8.8700e-01A/cm2 ğ›’:4.6295e+00ğ›€ cm
2023-05-19 12:06:49,422 INFO Measurement at current 0.09733668341708543
2023-05-19 12:06:50,050 INFO T:241.68Â°K V:2.6458e-01V I:9.7337e-02A R:2.7182e+00ğ›€ E:4.1341e+00V/cm J:8.9300e-01A/cm2 ğ›’:4.6295e+00ğ›€ cm
2023-05-19 12:06:50,085 INFO Measurement at current 0.09798994974874371
2023-05-19 12:06:50,674 INFO T:241.69Â°K V:2.6637e-01V I:9.7990e-02A R:2.7184e+00ğ›€ E:4.1621e+00V/cm J:8.9899e-01A/cm2 ğ›’:4.6297e+00ğ›€ cm
2023-05-19 12:06:50,693 INFO Measurement at current 0.09864321608040201
2023-05-19 12:06:51,284 INFO T:241.69Â°K V:2.6816e-01V I:9.8643e-02A R:2.7185e+00ğ›€ E:4.1900e+00V/cm J:9.0498e-01A/cm2 ğ›’:4.6299e+00ğ›€ cm
2023-05-19 12:06:51,306 INFO Measurement at current 0.0992964824120603
2023-05-19 12:06:51,903 INFO T:241.70Â°K V:2.6993e-01V I:9.9296e-02A R:2.7184e+00ğ›€ E:4.2176e+00V/cm J:9.1098e-01A/cm2 ğ›’:4.6298e+00ğ›€ cm
2023-05-19 12:06:51,928 INFO Measurement at current 0.09994974874371859
2023-05-19 12:06:52,517 INFO T:241.70Â°K V:2.7172e-01V I:9.9950e-02A R:2.7185e+00ğ›€ E:4.2456e+00V/cm J:9.1697e-01A/cm2 ğ›’:4.6300e+00ğ›€ cm
2023-05-19 12:06:52,538 INFO Measurement at current 0.10060301507537688
2023-05-19 12:06:53,132 INFO T:241.71Â°K V:2.7350e-01V I:1.0060e-01A R:2.7187e+00ğ›€ E:4.2735e+00V/cm J:9.2296e-01A/cm2 ğ›’:4.6302e+00ğ›€ cm
2023-05-19 12:06:53,163 INFO Measurement at current 0.10125628140703517
2023-05-19 12:06:53,760 INFO T:241.71Â°K V:2.7528e-01V I:1.0126e-01A R:2.7186e+00ğ›€ E:4.3012e+00V/cm J:9.2896e-01A/cm2 ğ›’:4.6302e+00ğ›€ cm
2023-05-19 12:06:53,805 INFO Measurement at current 0.10190954773869347
2023-05-19 12:06:54,399 INFO T:241.71Â°K V:2.7707e-01V I:1.0191e-01A R:2.7187e+00ğ›€ E:4.3292e+00V/cm J:9.3495e-01A/cm2 ğ›’:4.6304e+00ğ›€ cm
2023-05-19 12:06:54,420 INFO Measurement at current 0.10256281407035175
2023-05-19 12:06:55,009 INFO T:241.72Â°K V:2.7885e-01V I:1.0256e-01A R:2.7188e+00ğ›€ E:4.3570e+00V/cm J:9.4094e-01A/cm2 ğ›’:4.6305e+00ğ›€ cm
2023-05-19 12:06:55,035 INFO Measurement at current 0.10321608040201005
2023-05-19 12:06:55,665 INFO T:241.72Â°K V:2.8062e-01V I:1.0322e-01A R:2.7188e+00ğ›€ E:4.3847e+00V/cm J:9.4694e-01A/cm2 ğ›’:4.6304e+00ğ›€ cm
2023-05-19 12:06:55,686 INFO Measurement at current 0.10386934673366834
2023-05-19 12:06:56,272 INFO T:241.73Â°K V:2.8241e-01V I:1.0387e-01A R:2.7189e+00ğ›€ E:4.4126e+00V/cm J:9.5293e-01A/cm2 ğ›’:4.6306e+00ğ›€ cm
2023-05-19 12:06:56,308 INFO Measurement at current 0.10452261306532663
2023-05-19 12:06:56,907 INFO T:241.73Â°K V:2.8419e-01V I:1.0452e-01A R:2.7190e+00ğ›€ E:4.4405e+00V/cm J:9.5892e-01A/cm2 ğ›’:4.6307e+00ğ›€ cm
2023-05-19 12:06:56,928 INFO Measurement at current 0.10517587939698492
2023-05-19 12:06:57,522 INFO T:241.74Â°K V:2.8619e-01V I:1.0518e-01A R:2.7210e+00ğ›€ E:4.4717e+00V/cm J:9.6492e-01A/cm2 ğ›’:4.6343e+00ğ›€ cm
2023-05-19 12:06:57,554 INFO Measurement at current 0.10582914572864321
2023-05-19 12:06:58,188 INFO T:241.74Â°K V:2.8796e-01V I:1.0583e-01A R:2.7210e+00ğ›€ E:4.4994e+00V/cm J:9.7091e-01A/cm2 ğ›’:4.6342e+00ğ›€ cm
2023-05-19 12:06:58,213 INFO Measurement at current 0.1064824120603015
2023-05-19 12:06:58,805 INFO T:241.74Â°K V:2.8972e-01V I:1.0648e-01A R:2.7208e+00ğ›€ E:4.5269e+00V/cm J:9.7690e-01A/cm2 ğ›’:4.6339e+00ğ›€ cm
2023-05-19 12:06:58,838 INFO Measurement at current 0.1071356783919598
2023-05-19 12:06:59,436 INFO T:241.75Â°K V:2.9151e-01V I:1.0714e-01A R:2.7210e+00ğ›€ E:4.5549e+00V/cm J:9.8290e-01A/cm2 ğ›’:4.6341e+00ğ›€ cm
2023-05-19 12:06:59,469 INFO Measurement at current 0.1077889447236181
2023-05-19 12:07:00,092 INFO T:241.75Â°K V:2.9327e-01V I:1.0779e-01A R:2.7208e+00ğ›€ E:4.5824e+00V/cm J:9.8889e-01A/cm2 ğ›’:4.6339e+00ğ›€ cm
2023-05-19 12:07:00,114 INFO Measurement at current 0.10844221105527638
2023-05-19 12:07:00,715 INFO T:241.76Â°K V:2.9504e-01V I:1.0844e-01A R:2.7207e+00ğ›€ E:4.6100e+00V/cm J:9.9488e-01A/cm2 ğ›’:4.6337e+00ğ›€ cm
2023-05-19 12:07:00,734 INFO Measurement at current 0.10909547738693468
2023-05-19 12:07:01,323 INFO T:241.76Â°K V:2.9682e-01V I:1.0910e-01A R:2.7207e+00ğ›€ E:4.6378e+00V/cm J:1.0009e+00A/cm2 ğ›’:4.6337e+00ğ›€ cm
2023-05-19 12:07:01,342 INFO Measurement at current 0.10974874371859296
2023-05-19 12:07:01,927 INFO T:241.77Â°K V:2.9857e-01V I:1.0975e-01A R:2.7205e+00ğ›€ E:4.6652e+00V/cm J:1.0069e+00A/cm2 ğ›’:4.6334e+00ğ›€ cm
2023-05-19 12:07:01,949 INFO Measurement at current 0.11040201005025126
2023-05-19 12:07:02,571 INFO T:241.77Â°K V:3.0032e-01V I:1.1040e-01A R:2.7203e+00ğ›€ E:4.6925e+00V/cm J:1.0129e+00A/cm2 ğ›’:4.6329e+00ğ›€ cm
2023-05-19 12:07:02,592 INFO Measurement at current 0.11105527638190954
2023-05-19 12:07:03,238 INFO T:241.78Â°K V:3.0213e-01V I:1.1106e-01A R:2.7206e+00ğ›€ E:4.7208e+00V/cm J:1.0189e+00A/cm2 ğ›’:4.6335e+00ğ›€ cm
2023-05-19 12:07:03,257 INFO Measurement at current 0.11170854271356784
2023-05-19 12:07:03,850 INFO T:241.78Â°K V:3.0389e-01V I:1.1171e-01A R:2.7204e+00ğ›€ E:4.7483e+00V/cm J:1.0248e+00A/cm2 ğ›’:4.6332e+00ğ›€ cm
2023-05-19 12:07:03,866 INFO Measurement at current 0.11236180904522612
2023-05-19 12:07:04,454 INFO T:241.78Â°K V:3.0565e-01V I:1.1236e-01A R:2.7203e+00ğ›€ E:4.7758e+00V/cm J:1.0308e+00A/cm2 ğ›’:4.6329e+00ğ›€ cm
2023-05-19 12:07:04,482 INFO Measurement at current 0.11301507537688442
2023-05-19 12:07:05,072 INFO T:241.79Â°K V:3.0746e-01V I:1.1302e-01A R:2.7205e+00ğ›€ E:4.8040e+00V/cm J:1.0368e+00A/cm2 ğ›’:4.6334e+00ğ›€ cm
2023-05-19 12:07:05,093 INFO Measurement at current 0.11366834170854272
2023-05-19 12:07:05,694 INFO T:241.79Â°K V:3.0921e-01V I:1.1367e-01A R:2.7203e+00ğ›€ E:4.8314e+00V/cm J:1.0428e+00A/cm2 ğ›’:4.6330e+00ğ›€ cm
2023-05-19 12:07:05,713 INFO Measurement at current 0.114321608040201
2023-05-19 12:07:06,330 INFO T:241.80Â°K V:3.1097e-01V I:1.1432e-01A R:2.7201e+00ğ›€ E:4.8589e+00V/cm J:1.0488e+00A/cm2 ğ›’:4.6327e+00ğ›€ cm
2023-05-19 12:07:06,345 INFO Measurement at current 0.1149748743718593
2023-05-19 12:07:06,997 INFO T:241.80Â°K V:3.1278e-01V I:1.1497e-01A R:2.7204e+00ğ›€ E:4.8872e+00V/cm J:1.0548e+00A/cm2 ğ›’:4.6333e+00ğ›€ cm
2023-05-19 12:07:07,021 INFO Measurement at current 0.11562814070351758
2023-05-19 12:07:07,650 INFO T:241.81Â°K V:3.1468e-01V I:1.1563e-01A R:2.7215e+00ğ›€ E:4.9169e+00V/cm J:1.0608e+00A/cm2 ğ›’:4.6350e+00ğ›€ cm
2023-05-19 12:07:07,670 INFO Measurement at current 0.11628140703517588
2023-05-19 12:07:08,262 INFO T:241.81Â°K V:3.1649e-01V I:1.1628e-01A R:2.7218e+00ğ›€ E:4.9451e+00V/cm J:1.0668e+00A/cm2 ğ›’:4.6355e+00ğ›€ cm
2023-05-19 12:07:08,302 INFO Measurement at current 0.11693467336683416
2023-05-19 12:07:08,906 INFO T:241.82Â°K V:3.1823e-01V I:1.1693e-01A R:2.7215e+00ğ›€ E:4.9724e+00V/cm J:1.0728e+00A/cm2 ğ›’:4.6350e+00ğ›€ cm
2023-05-19 12:07:08,939 INFO Measurement at current 0.11758793969849246
2023-05-19 12:07:09,553 INFO T:241.82Â°K V:3.2000e-01V I:1.1759e-01A R:2.7214e+00ğ›€ E:5.0000e+00V/cm J:1.0788e+00A/cm2 ğ›’:4.6348e+00ğ›€ cm
2023-05-19 12:07:09,569 INFO Measurement at current 0.11824120603015074
2023-05-19 12:07:10,179 INFO T:241.82Â°K V:3.2180e-01V I:1.1824e-01A R:2.7215e+00ğ›€ E:5.0281e+00V/cm J:1.0848e+00A/cm2 ğ›’:4.6351e+00ğ›€ cm
2023-05-19 12:07:10,195 INFO Measurement at current 0.11889447236180904
2023-05-19 12:07:10,799 INFO T:241.83Â°K V:3.2355e-01V I:1.1889e-01A R:2.7213e+00ğ›€ E:5.0554e+00V/cm J:1.0908e+00A/cm2 ğ›’:4.6347e+00ğ›€ cm
2023-05-19 12:07:10,819 INFO Measurement at current 0.11954773869346734
2023-05-19 12:07:11,410 INFO T:241.83Â°K V:3.2532e-01V I:1.1955e-01A R:2.7213e+00ğ›€ E:5.0832e+00V/cm J:1.0968e+00A/cm2 ğ›’:4.6347e+00ğ›€ cm
2023-05-19 12:07:11,434 INFO Measurement at current 0.12020100502512562
2023-05-19 12:07:12,036 INFO T:241.84Â°K V:3.2713e-01V I:1.2020e-01A R:2.7215e+00ğ›€ E:5.1114e+00V/cm J:1.1028e+00A/cm2 ğ›’:4.6351e+00ğ›€ cm
2023-05-19 12:07:12,055 INFO Measurement at current 0.12085427135678392
2023-05-19 12:07:12,644 INFO T:241.84Â°K V:3.2890e-01V I:1.2085e-01A R:2.7215e+00ğ›€ E:5.1391e+00V/cm J:1.1088e+00A/cm2 ğ›’:4.6350e+00ğ›€ cm
2023-05-19 12:07:12,666 INFO Measurement at current 0.1215075376884422
2023-05-19 12:07:13,275 INFO T:241.85Â°K V:3.3067e-01V I:1.2151e-01A R:2.7214e+00ğ›€ E:5.1667e+00V/cm J:1.1147e+00A/cm2 ğ›’:4.6348e+00ğ›€ cm
2023-05-19 12:07:13,295 INFO Measurement at current 0.1221608040201005
2023-05-19 12:07:13,885 INFO T:241.85Â°K V:3.3249e-01V I:1.2216e-01A R:2.7217e+00ğ›€ E:5.1951e+00V/cm J:1.1207e+00A/cm2 ğ›’:4.6354e+00ğ›€ cm
2023-05-19 12:07:13,924 INFO Measurement at current 0.12281407035175879
2023-05-19 12:07:14,508 INFO T:241.85Â°K V:3.3423e-01V I:1.2281e-01A R:2.7214e+00ğ›€ E:5.2224e+00V/cm J:1.1267e+00A/cm2 ğ›’:4.6350e+00ğ›€ cm
2023-05-19 12:07:14,546 INFO Measurement at current 0.12346733668341708
2023-05-19 12:07:15,136 INFO T:241.86Â°K V:3.3600e-01V I:1.2347e-01A R:2.7214e+00ğ›€ E:5.2500e+00V/cm J:1.1327e+00A/cm2 ğ›’:4.6349e+00ğ›€ cm
2023-05-19 12:07:15,182 INFO Measurement at current 0.12412060301507537
2023-05-19 12:07:15,802 INFO T:241.86Â°K V:3.3780e-01V I:1.2412e-01A R:2.7215e+00ğ›€ E:5.2781e+00V/cm J:1.1387e+00A/cm2 ğ›’:4.6351e+00ğ›€ cm
2023-05-19 12:07:15,838 INFO Measurement at current 0.12477386934673367
2023-05-19 12:07:16,434 INFO T:241.87Â°K V:3.3955e-01V I:1.2477e-01A R:2.7213e+00ğ›€ E:5.3054e+00V/cm J:1.1447e+00A/cm2 ğ›’:4.6347e+00ğ›€ cm
2023-05-19 12:07:16,457 INFO Measurement at current 0.12542713567839195
2023-05-19 12:07:17,081 INFO T:241.87Â°K V:3.4145e-01V I:1.2543e-01A R:2.7223e+00ğ›€ E:5.3351e+00V/cm J:1.1507e+00A/cm2 ğ›’:4.6364e+00ğ›€ cm
2023-05-19 12:07:17,106 INFO Measurement at current 0.12608040201005025
2023-05-19 12:07:17,700 INFO T:241.88Â°K V:3.4327e-01V I:1.2608e-01A R:2.7226e+00ğ›€ E:5.3636e+00V/cm J:1.1567e+00A/cm2 ğ›’:4.6370e+00ğ›€ cm
2023-05-19 12:07:17,728 INFO Measurement at current 0.12673366834170854
2023-05-19 12:07:18,381 INFO T:241.88Â°K V:3.4502e-01V I:1.2673e-01A R:2.7224e+00ğ›€ E:5.3910e+00V/cm J:1.1627e+00A/cm2 ğ›’:4.6366e+00ğ›€ cm
2023-05-19 12:07:18,401 INFO Measurement at current 0.12738693467336684
2023-05-19 12:07:19,006 INFO T:241.89Â°K V:3.4680e-01V I:1.2739e-01A R:2.7224e+00ğ›€ E:5.4187e+00V/cm J:1.1687e+00A/cm2 ğ›’:4.6366e+00ğ›€ cm
2023-05-19 12:07:19,028 INFO Measurement at current 0.1280402010050251
2023-05-19 12:07:19,632 INFO T:241.89Â°K V:3.4861e-01V I:1.2804e-01A R:2.7227e+00ğ›€ E:5.4471e+00V/cm J:1.1747e+00A/cm2 ğ›’:4.6371e+00ğ›€ cm
2023-05-19 12:07:19,681 INFO Measurement at current 0.1286934673366834
2023-05-19 12:07:20,295 INFO T:241.90Â°K V:3.5038e-01V I:1.2869e-01A R:2.7226e+00ğ›€ E:5.4746e+00V/cm J:1.1807e+00A/cm2 ğ›’:4.6369e+00ğ›€ cm
2023-05-19 12:07:20,321 INFO Measurement at current 0.1293467336683417
2023-05-19 12:07:20,932 INFO T:241.90Â°K V:3.5213e-01V I:1.2935e-01A R:2.7224e+00ğ›€ E:5.5020e+00V/cm J:1.1867e+00A/cm2 ğ›’:4.6366e+00ğ›€ cm
2023-05-19 12:07:21,055 INFO Measurement at current 0.13
2023-05-19 12:07:21,654 INFO T:241.90Â°K V:3.5395e-01V I:1.3000e-01A R:2.7227e+00ğ›€ E:5.5305e+00V/cm J:1.1927e+00A/cm2 ğ›’:4.6371e+00ğ›€ cm
2023-05-19 12:07:59,108 INFO Save the description file
2023-05-19 12:07:59,111 INFO Save data in numpy format Esperimenti/CPRO_MUSA_180523_I_V/CPRO_MUSA_180523_I_V_current_from_0_to_1300e-4A/CPRO_MUSA_180523_I_V_current_from_0_to_1300e-4A-20230519120757
2023-05-19 12:07:59,122 INFO Save data in CSV format Esperimenti/CPRO_MUSA_180523_I_V/CPRO_MUSA_180523_I_V_current_from_0_to_1300e-4A/CPRO_MUSA_180523_I_V_current_from_0_to_1300e-4A-20230519120757.csv
2023-05-19 12:07:59,158 INFO Save plot as image Esperimenti/CPRO_MUSA_180523_I_V/CPRO_MUSA_180523_I_V_current_from_0_to_1300e-4A/CPRO_MUSA_180523_I_V_current_from_0_to_1300e-4A-20230519120757.png
