2023-05-19 14:56:26,926 INFO ### Start experiment: CPRO_MUSA_180523_I_V current from 0 to 1300e-4A ###
2023-05-19 14:56:28,277 INFO Found Multimeter KEITHLEY INSTRUMENTS INC.,MODEL 2700,0884890,B03  /A02  

2023-05-19 14:56:29,311 INFO Found Nanovolt Meter KEITHLEY INSTRUMENTS INC.,MODEL 2182A,4056474,C03  /A02  

2023-05-19 14:56:29,426 INFO Found Source Meter KEITHLEY INSTRUMENTS INC.,MODEL 2400,0945684,C24   Feb 14 2002 11:59:45/A02  /K/H

2023-05-19 14:56:29,549 INFO Start the measurement loop
2023-05-19 14:56:34,813 INFO Measurement at current 0.0
2023-05-19 14:56:35,740 INFO T:85.60Â°K V:9.5223e-06V I:0.0000e+00A R:infğ›€ E:1.4879e-04V/cm J:0.0000e+00A/cm2 ğ›’:infğ›€ cm
2023-05-19 14:56:35,760 INFO Measurement at current 0.0006532663316582914
2023-05-19 14:56:36,583 INFO T:85.59Â°K V:2.2991e+00V I:6.5327e-04A R:3.5193e+03ğ›€ E:3.5923e+01V/cm J:5.9933e-03A/cm2 ğ›’:5.9938e+03ğ›€ cm
2023-05-19 14:56:36,608 INFO Measurement at current 0.0013065326633165829
2023-05-19 14:56:37,210 INFO T:85.58Â°K V:4.4984e+00V I:1.3065e-03A R:3.4430e+03ğ›€ E:7.0287e+01V/cm J:1.1987e-02A/cm2 ğ›’:5.8638e+03ğ›€ cm
2023-05-19 14:56:37,235 INFO Measurement at current 0.001959798994974874
2023-05-19 14:56:37,834 INFO T:85.57Â°K V:6.4908e+00V I:1.9598e-03A R:3.3120e+03ğ›€ E:1.0142e+02V/cm J:1.7980e-02A/cm2 ğ›’:5.6407e+03ğ›€ cm
2023-05-19 14:56:37,853 INFO Measurement at current 0.0026130653266331657
2023-05-19 14:56:38,443 INFO T:85.57Â°K V:8.1659e+00V I:2.6131e-03A R:3.1250e+03ğ›€ E:1.2759e+02V/cm J:2.3973e-02A/cm2 ğ›’:5.3223e+03ğ›€ cm
2023-05-19 14:56:38,476 INFO Measurement at current 0.0032663316582914573
2023-05-19 14:56:39,099 INFO T:85.56Â°K V:9.4105e+00V I:3.2663e-03A R:2.8811e+03ğ›€ E:1.4704e+02V/cm J:2.9966e-02A/cm2 ğ›’:4.9068e+03ğ›€ cm
2023-05-19 14:56:39,123 INFO Measurement at current 0.003919597989949748
2023-05-19 14:56:39,725 INFO T:85.56Â°K V:1.0207e+01V I:3.9196e-03A R:2.6041e+03ğ›€ E:1.5948e+02V/cm J:3.5960e-02A/cm2 ğ›’:4.4351e+03ğ›€ cm
2023-05-19 14:56:39,748 INFO Measurement at current 0.00457286432160804
2023-05-19 14:56:40,349 INFO T:85.55Â°K V:1.0664e+01V I:4.5729e-03A R:2.3321e+03ğ›€ E:1.6663e+02V/cm J:4.1953e-02A/cm2 ğ›’:3.9718e+03ğ›€ cm
2023-05-19 14:56:40,373 INFO Measurement at current 0.0052261306532663315
2023-05-19 14:56:40,973 INFO T:85.54Â°K V:1.0837e+01V I:5.2261e-03A R:2.0737e+03ğ›€ E:1.6934e+02V/cm J:4.7946e-02A/cm2 ğ›’:3.5318e+03ğ›€ cm
2023-05-19 14:56:40,992 INFO Measurement at current 0.005879396984924623
2023-05-19 14:56:41,582 INFO T:85.54Â°K V:1.0807e+01V I:5.8794e-03A R:1.8382e+03ğ›€ E:1.6887e+02V/cm J:5.3939e-02A/cm2 ğ›’:3.1307e+03ğ›€ cm
2023-05-19 14:56:41,603 INFO Measurement at current 0.006532663316582915
2023-05-19 14:56:42,189 INFO T:85.53Â°K V:1.0634e+01V I:6.5327e-03A R:1.6278e+03ğ›€ E:1.6616e+02V/cm J:5.9933e-02A/cm2 ğ›’:2.7724e+03ğ›€ cm
2023-05-19 14:56:42,205 INFO Measurement at current 0.007185929648241206
2023-05-19 14:56:42,789 INFO T:85.53Â°K V:1.0382e+01V I:7.1859e-03A R:1.4448e+03ğ›€ E:1.6222e+02V/cm J:6.5926e-02A/cm2 ğ›’:2.4607e+03ğ›€ cm
2023-05-19 14:56:42,813 INFO Measurement at current 0.007839195979899497
2023-05-19 14:56:43,402 INFO T:85.52Â°K V:1.0051e+01V I:7.8392e-03A R:1.2822e+03ğ›€ E:1.5705e+02V/cm J:7.1919e-02A/cm2 ğ›’:2.1837e+03ğ›€ cm
2023-05-19 14:56:43,425 INFO Measurement at current 0.00849246231155779
2023-05-19 14:56:44,029 INFO T:85.51Â°K V:9.7046e+00V I:8.4925e-03A R:1.1427e+03ğ›€ E:1.5163e+02V/cm J:7.7912e-02A/cm2 ğ›’:1.9462e+03ğ›€ cm
2023-05-19 14:56:44,064 INFO Measurement at current 0.00914572864321608
2023-05-19 14:56:44,656 INFO T:85.51Â°K V:9.3528e+00V I:9.1457e-03A R:1.0226e+03ğ›€ E:1.4614e+02V/cm J:8.3906e-02A/cm2 ğ›’:1.7417e+03ğ›€ cm
2023-05-19 14:56:44,674 INFO Measurement at current 0.009798994974874372
2023-05-19 14:56:45,263 INFO T:85.50Â°K V:9.0322e+00V I:9.7990e-03A R:9.2175e+02ğ›€ E:1.4113e+02V/cm J:8.9899e-02A/cm2 ğ›’:1.5699e+03ğ›€ cm
2023-05-19 14:56:45,285 INFO Measurement at current 0.010452261306532663
2023-05-19 14:56:45,868 INFO T:85.50Â°K V:8.7135e+00V I:1.0452e-02A R:8.3365e+02ğ›€ E:1.3615e+02V/cm J:9.5892e-02A/cm2 ğ›’:1.4198e+03ğ›€ cm
2023-05-19 14:56:45,883 INFO Measurement at current 0.011105527638190954
2023-05-19 14:56:46,476 INFO T:85.49Â°K V:8.4281e+00V I:1.1106e-02A R:7.5891e+02ğ›€ E:1.3169e+02V/cm J:1.0189e-01A/cm2 ğ›’:1.2925e+03ğ›€ cm
2023-05-19 14:56:46,498 INFO Measurement at current 0.011758793969849246
2023-05-19 14:56:47,100 INFO T:85.49Â°K V:8.1328e+00V I:1.1759e-02A R:6.9164e+02ğ›€ E:1.2708e+02V/cm J:1.0788e-01A/cm2 ğ›’:1.1779e+03ğ›€ cm
2023-05-19 14:56:47,117 INFO Measurement at current 0.012412060301507537
2023-05-19 14:56:47,709 INFO T:85.48Â°K V:7.8773e+00V I:1.2412e-02A R:6.3465e+02ğ›€ E:1.2308e+02V/cm J:1.1387e-01A/cm2 ğ›’:1.0809e+03ğ›€ cm
2023-05-19 14:56:47,726 INFO Measurement at current 0.01306532663316583
2023-05-19 14:56:48,312 INFO T:85.48Â°K V:7.6383e+00V I:1.3065e-02A R:5.8462e+02ğ›€ E:1.1935e+02V/cm J:1.1987e-01A/cm2 ğ›’:9.9569e+02ğ›€ cm
2023-05-19 14:56:48,334 INFO Measurement at current 0.01371859296482412
2023-05-19 14:56:48,938 INFO T:85.47Â°K V:7.4133e+00V I:1.3719e-02A R:5.4038e+02ğ›€ E:1.1583e+02V/cm J:1.2586e-01A/cm2 ğ›’:9.2034e+02ğ›€ cm
2023-05-19 14:56:48,964 INFO Measurement at current 0.014371859296482412
2023-05-19 14:56:49,566 INFO T:85.47Â°K V:7.1869e+00V I:1.4372e-02A R:5.0007e+02ğ›€ E:1.1230e+02V/cm J:1.3185e-01A/cm2 ğ›’:8.5168e+02ğ›€ cm
2023-05-19 14:56:49,591 INFO Measurement at current 0.015025125628140703
2023-05-19 14:56:50,188 INFO T:85.46Â°K V:6.9953e+00V I:1.5025e-02A R:4.6557e+02ğ›€ E:1.0930e+02V/cm J:1.3785e-01A/cm2 ğ›’:7.9292e+02ğ›€ cm
2023-05-19 14:56:50,203 INFO Measurement at current 0.015678391959798994
2023-05-19 14:56:50,795 INFO T:85.46Â°K V:6.8162e+00V I:1.5678e-02A R:4.3475e+02ğ›€ E:1.0650e+02V/cm J:1.4384e-01A/cm2 ğ›’:7.4043e+02ğ›€ cm
2023-05-19 14:56:50,816 INFO Measurement at current 0.016331658291457284
2023-05-19 14:56:51,406 INFO T:85.46Â°K V:6.6420e+00V I:1.6332e-02A R:4.0670e+02ğ›€ E:1.0378e+02V/cm J:1.4983e-01A/cm2 ğ›’:6.9265e+02ğ›€ cm
2023-05-19 14:56:51,425 INFO Measurement at current 0.01698492462311558
2023-05-19 14:56:52,033 INFO T:85.45Â°K V:6.4805e+00V I:1.6985e-02A R:3.8154e+02ğ›€ E:1.0126e+02V/cm J:1.5582e-01A/cm2 ğ›’:6.4981e+02ğ›€ cm
2023-05-19 14:56:52,050 INFO Measurement at current 0.01763819095477387
2023-05-19 14:56:52,637 INFO T:85.45Â°K V:6.3351e+00V I:1.7638e-02A R:3.5917e+02ğ›€ E:9.8986e+01V/cm J:1.6182e-01A/cm2 ğ›’:6.1171e+02ğ›€ cm
2023-05-19 14:56:52,658 INFO Measurement at current 0.01829145728643216
2023-05-19 14:56:53,251 INFO T:85.44Â°K V:6.1888e+00V I:1.8291e-02A R:3.3835e+02ğ›€ E:9.6701e+01V/cm J:1.6781e-01A/cm2 ğ›’:5.7625e+02ğ›€ cm
2023-05-19 14:56:53,294 INFO Measurement at current 0.01894472361809045
2023-05-19 14:56:53,877 INFO T:85.44Â°K V:6.0555e+00V I:1.8945e-02A R:3.1964e+02ğ›€ E:9.4617e+01V/cm J:1.7380e-01A/cm2 ğ›’:5.4439e+02ğ›€ cm
2023-05-19 14:56:53,908 INFO Measurement at current 0.019597989949748745
2023-05-19 14:56:54,491 INFO T:85.43Â°K V:5.9271e+00V I:1.9598e-02A R:3.0244e+02ğ›€ E:9.2611e+01V/cm J:1.7980e-01A/cm2 ğ›’:5.1509e+02ğ›€ cm
2023-05-19 14:56:54,510 INFO Measurement at current 0.020251256281407035
2023-05-19 14:56:55,105 INFO T:85.43Â°K V:5.8098e+00V I:2.0251e-02A R:2.8689e+02ğ›€ E:9.0778e+01V/cm J:1.8579e-01A/cm2 ğ›’:4.8860e+02ğ›€ cm
2023-05-19 14:56:55,124 INFO Measurement at current 0.020904522613065326
2023-05-19 14:56:55,712 INFO T:85.43Â°K V:5.7038e+00V I:2.0905e-02A R:2.7285e+02ğ›€ E:8.9122e+01V/cm J:1.9178e-01A/cm2 ğ›’:4.6470e+02ğ›€ cm
2023-05-19 14:56:55,749 INFO Measurement at current 0.021557788944723617
2023-05-19 14:56:56,345 INFO T:85.42Â°K V:5.5917e+00V I:2.1558e-02A R:2.5938e+02ğ›€ E:8.7370e+01V/cm J:1.9778e-01A/cm2 ğ›’:4.4176e+02ğ›€ cm
2023-05-19 14:56:56,360 INFO Measurement at current 0.022211055276381907
2023-05-19 14:56:56,964 INFO T:85.42Â°K V:5.4929e+00V I:2.2211e-02A R:2.4730e+02ğ›€ E:8.5826e+01V/cm J:2.0377e-01A/cm2 ğ›’:4.2119e+02ğ›€ cm
2023-05-19 14:56:56,996 INFO Measurement at current 0.0228643216080402
2023-05-19 14:56:57,588 INFO T:85.42Â°K V:5.4027e+00V I:2.2864e-02A R:2.3629e+02ğ›€ E:8.4417e+01V/cm J:2.0976e-01A/cm2 ğ›’:4.0244e+02ğ›€ cm
2023-05-19 14:56:57,604 INFO Measurement at current 0.023517587939698492
2023-05-19 14:56:58,200 INFO T:85.41Â°K V:5.3113e+00V I:2.3518e-02A R:2.2584e+02ğ›€ E:8.2989e+01V/cm J:2.1576e-01A/cm2 ğ›’:3.8464e+02ğ›€ cm
2023-05-19 14:56:58,223 INFO Measurement at current 0.024170854271356783
2023-05-19 14:56:58,833 INFO T:85.41Â°K V:5.2212e+00V I:2.4171e-02A R:2.1601e+02ğ›€ E:8.1581e+01V/cm J:2.2175e-01A/cm2 ğ›’:3.6790e+02ğ›€ cm
2023-05-19 14:56:58,848 INFO Measurement at current 0.024824120603015074
2023-05-19 14:56:59,439 INFO T:85.40Â°K V:5.1427e+00V I:2.4824e-02A R:2.0716e+02ğ›€ E:8.0354e+01V/cm J:2.2774e-01A/cm2 ğ›’:3.5283e+02ğ›€ cm
2023-05-19 14:56:59,462 INFO Measurement at current 0.025477386934673368
2023-05-19 14:57:00,055 INFO T:85.40Â°K V:5.0619e+00V I:2.5477e-02A R:1.9868e+02ğ›€ E:7.9092e+01V/cm J:2.3374e-01A/cm2 ğ›’:3.3838e+02ğ›€ cm
2023-05-19 14:57:00,074 INFO Measurement at current 0.02613065326633166
2023-05-19 14:57:00,669 INFO T:85.40Â°K V:4.9896e+00V I:2.6131e-02A R:1.9095e+02ğ›€ E:7.7962e+01V/cm J:2.3973e-01A/cm2 ğ›’:3.2521e+02ğ›€ cm
2023-05-19 14:57:00,684 INFO Measurement at current 0.02678391959798995
2023-05-19 14:57:01,289 INFO T:85.39Â°K V:4.9179e+00V I:2.6784e-02A R:1.8361e+02ğ›€ E:7.6842e+01V/cm J:2.4572e-01A/cm2 ğ›’:3.1272e+02ğ›€ cm
2023-05-19 14:57:01,311 INFO Measurement at current 0.02743718592964824
2023-05-19 14:57:01,912 INFO T:85.39Â°K V:4.8441e+00V I:2.7437e-02A R:1.7655e+02ğ›€ E:7.5689e+01V/cm J:2.5172e-01A/cm2 ğ›’:3.0069e+02ğ›€ cm
2023-05-19 14:57:01,931 INFO Measurement at current 0.02809045226130653
2023-05-19 14:57:02,520 INFO T:85.38Â°K V:4.7788e+00V I:2.8090e-02A R:1.7012e+02ğ›€ E:7.4668e+01V/cm J:2.5771e-01A/cm2 ğ›’:2.8974e+02ğ›€ cm
2023-05-19 14:57:02,539 INFO Measurement at current 0.028743718592964825
2023-05-19 14:57:03,140 INFO T:85.38Â°K V:4.7119e+00V I:2.8744e-02A R:1.6393e+02ğ›€ E:7.3624e+01V/cm J:2.6370e-01A/cm2 ğ›’:2.7919e+02ğ›€ cm
2023-05-19 14:57:03,166 INFO Measurement at current 0.029396984924623115
2023-05-19 14:57:03,778 INFO T:85.38Â°K V:4.6449e+00V I:2.9397e-02A R:1.5800e+02ğ›€ E:7.2576e+01V/cm J:2.6970e-01A/cm2 ğ›’:2.6910e+02ğ›€ cm
2023-05-19 14:57:03,813 INFO Measurement at current 0.030050251256281406
2023-05-19 14:57:04,400 INFO T:85.37Â°K V:4.5830e+00V I:3.0050e-02A R:1.5251e+02ğ›€ E:7.1610e+01V/cm J:2.7569e-01A/cm2 ğ›’:2.5975e+02ğ›€ cm
2023-05-19 14:57:04,423 INFO Measurement at current 0.030703517587939697
2023-05-19 14:57:05,026 INFO T:85.37Â°K V:4.5258e+00V I:3.0704e-02A R:1.4740e+02ğ›€ E:7.0715e+01V/cm J:2.8168e-01A/cm2 ğ›’:2.5104e+02ğ›€ cm
2023-05-19 14:57:05,055 INFO Measurement at current 0.03135678391959799
2023-05-19 14:57:05,658 INFO T:85.37Â°K V:4.4699e+00V I:3.1357e-02A R:1.4255e+02ğ›€ E:6.9842e+01V/cm J:2.8768e-01A/cm2 ğ›’:2.4278e+02ğ›€ cm
2023-05-19 14:57:05,671 INFO Measurement at current 0.03201005025125628
2023-05-19 14:57:06,256 INFO T:85.36Â°K V:4.4211e+00V I:3.2010e-02A R:1.3812e+02ğ›€ E:6.9079e+01V/cm J:2.9367e-01A/cm2 ğ›’:2.3523e+02ğ›€ cm
2023-05-19 14:57:06,279 INFO Measurement at current 0.03266331658291457
2023-05-19 14:57:06,871 INFO T:85.36Â°K V:4.3677e+00V I:3.2663e-02A R:1.3372e+02ğ›€ E:6.8245e+01V/cm J:2.9966e-01A/cm2 ğ›’:2.2774e+02ğ›€ cm
2023-05-19 14:57:06,887 INFO Measurement at current 0.033316582914572866
2023-05-19 14:57:07,475 INFO T:85.35Â°K V:4.3204e+00V I:3.3317e-02A R:1.2968e+02ğ›€ E:6.7507e+01V/cm J:3.0566e-01A/cm2 ğ›’:2.2086e+02ğ›€ cm
2023-05-19 14:57:07,499 INFO Measurement at current 0.03396984924623116
2023-05-19 14:57:08,086 INFO T:85.35Â°K V:4.2701e+00V I:3.3970e-02A R:1.2570e+02ğ›€ E:6.6720e+01V/cm J:3.1165e-01A/cm2 ğ›’:2.1409e+02ğ›€ cm
2023-05-19 14:57:08,117 INFO Measurement at current 0.03462311557788945
2023-05-19 14:57:08,723 INFO T:85.35Â°K V:4.2179e+00V I:3.4623e-02A R:1.2182e+02ğ›€ E:6.5905e+01V/cm J:3.1764e-01A/cm2 ğ›’:2.0748e+02ğ›€ cm
2023-05-19 14:57:08,740 INFO Measurement at current 0.03527638190954774
2023-05-19 14:57:09,328 INFO T:85.34Â°K V:4.1751e+00V I:3.5276e-02A R:1.1835e+02ğ›€ E:6.5235e+01V/cm J:3.2364e-01A/cm2 ğ›’:2.0157e+02ğ›€ cm
2023-05-19 14:57:09,371 INFO Measurement at current 0.03592964824120603
2023-05-19 14:57:09,962 INFO T:85.34Â°K V:4.1275e+00V I:3.5930e-02A R:1.1488e+02ğ›€ E:6.4492e+01V/cm J:3.2963e-01A/cm2 ğ›’:1.9565e+02ğ›€ cm
2023-05-19 14:57:09,980 INFO Measurement at current 0.03658291457286432
2023-05-19 14:57:10,571 INFO T:85.34Â°K V:4.0892e+00V I:3.6583e-02A R:1.1178e+02ğ›€ E:6.3894e+01V/cm J:3.3562e-01A/cm2 ğ›’:1.9037e+02ğ›€ cm
2023-05-19 14:57:10,588 INFO Measurement at current 0.03723618090452261
2023-05-19 14:57:11,175 INFO T:85.33Â°K V:4.0517e+00V I:3.7236e-02A R:1.0881e+02ğ›€ E:6.3308e+01V/cm J:3.4162e-01A/cm2 ğ›’:1.8532e+02ğ›€ cm
2023-05-19 14:57:11,198 INFO Measurement at current 0.0378894472361809
2023-05-19 14:57:11,793 INFO T:85.33Â°K V:4.0104e+00V I:3.7889e-02A R:1.0584e+02ğ›€ E:6.2662e+01V/cm J:3.4761e-01A/cm2 ğ›’:1.8027e+02ğ›€ cm
2023-05-19 14:57:11,817 INFO Measurement at current 0.03854271356783919
2023-05-19 14:57:12,404 INFO T:85.33Â°K V:3.9719e+00V I:3.8543e-02A R:1.0305e+02ğ›€ E:6.2061e+01V/cm J:3.5360e-01A/cm2 ğ›’:1.7551e+02ğ›€ cm
2023-05-19 14:57:12,425 INFO Measurement at current 0.03919597989949749
2023-05-19 14:57:13,016 INFO T:85.32Â°K V:3.9339e+00V I:3.9196e-02A R:1.0037e+02ğ›€ E:6.1467e+01V/cm J:3.5960e-01A/cm2 ğ›’:1.7093e+02ğ›€ cm
2023-05-19 14:57:13,031 INFO Measurement at current 0.03984924623115578
2023-05-19 14:57:13,614 INFO T:85.32Â°K V:3.8996e+00V I:3.9849e-02A R:9.7860e+01ğ›€ E:6.0932e+01V/cm J:3.6559e-01A/cm2 ğ›’:1.6667e+02ğ›€ cm
2023-05-19 14:57:13,642 INFO Measurement at current 0.04050251256281407
2023-05-19 14:57:14,263 INFO T:85.32Â°K V:3.8616e+00V I:4.0503e-02A R:9.5342e+01ğ›€ E:6.0338e+01V/cm J:3.7158e-01A/cm2 ğ›’:1.6238e+02ğ›€ cm
2023-05-19 14:57:14,281 INFO Measurement at current 0.04115577889447236
2023-05-19 14:57:14,871 INFO T:85.31Â°K V:3.8261e+00V I:4.1156e-02A R:9.2965e+01ğ›€ E:5.9782e+01V/cm J:3.7758e-01A/cm2 ğ›’:1.5833e+02ğ›€ cm
2023-05-19 14:57:14,890 INFO Measurement at current 0.04180904522613065
2023-05-19 14:57:15,475 INFO T:85.31Â°K V:3.7931e+00V I:4.1809e-02A R:9.0725e+01ğ›€ E:5.9267e+01V/cm J:3.8357e-01A/cm2 ğ›’:1.5452e+02ğ›€ cm
2023-05-19 14:57:15,499 INFO Measurement at current 0.04246231155778894
2023-05-19 14:57:16,085 INFO T:85.31Â°K V:3.7584e+00V I:4.2462e-02A R:8.8512e+01ğ›€ E:5.8725e+01V/cm J:3.8956e-01A/cm2 ğ›’:1.5075e+02ğ›€ cm
2023-05-19 14:57:16,124 INFO Measurement at current 0.04311557788944723
2023-05-19 14:57:16,719 INFO T:85.30Â°K V:3.7264e+00V I:4.3116e-02A R:8.6427e+01ğ›€ E:5.8224e+01V/cm J:3.9556e-01A/cm2 ğ›’:1.4720e+02ğ›€ cm
2023-05-19 14:57:16,738 INFO Measurement at current 0.043768844221105524
2023-05-19 14:57:17,321 INFO T:85.30Â°K V:3.6953e+00V I:4.3769e-02A R:8.4428e+01ğ›€ E:5.7739e+01V/cm J:4.0155e-01A/cm2 ğ›’:1.4379e+02ğ›€ cm
2023-05-19 14:57:17,340 INFO Measurement at current 0.044422110552763815
2023-05-19 14:57:17,934 INFO T:85.30Â°K V:3.6661e+00V I:4.4422e-02A R:8.2530e+01ğ›€ E:5.7283e+01V/cm J:4.0754e-01A/cm2 ğ›’:1.4056e+02ğ›€ cm
2023-05-19 14:57:17,958 INFO Measurement at current 0.04507537688442211
2023-05-19 14:57:18,556 INFO T:85.29Â°K V:3.6354e+00V I:4.5075e-02A R:8.0652e+01ğ›€ E:5.6804e+01V/cm J:4.1354e-01A/cm2 ğ›’:1.3736e+02ğ›€ cm
2023-05-19 14:57:18,574 INFO Measurement at current 0.0457286432160804
2023-05-19 14:57:19,164 INFO T:85.29Â°K V:3.6047e+00V I:4.5729e-02A R:7.8828e+01ğ›€ E:5.6323e+01V/cm J:4.1953e-01A/cm2 ğ›’:1.3425e+02ğ›€ cm
2023-05-19 14:57:19,192 INFO Measurement at current 0.046381909547738694
2023-05-19 14:57:19,783 INFO T:85.29Â°K V:3.5746e+00V I:4.6382e-02A R:7.7069e+01ğ›€ E:5.5853e+01V/cm J:4.2552e-01A/cm2 ğ›’:1.3126e+02ğ›€ cm
2023-05-19 14:57:19,797 INFO Measurement at current 0.047035175879396984
2023-05-19 14:57:20,383 INFO T:85.28Â°K V:3.5483e+00V I:4.7035e-02A R:7.5440e+01ğ›€ E:5.5443e+01V/cm J:4.3152e-01A/cm2 ğ›’:1.2848e+02ğ›€ cm
2023-05-19 14:57:20,400 INFO Measurement at current 0.047688442211055275
2023-05-19 14:57:20,982 INFO T:85.28Â°K V:3.5215e+00V I:4.7688e-02A R:7.3845e+01ğ›€ E:5.5024e+01V/cm J:4.3751e-01A/cm2 ğ›’:1.2577e+02ğ›€ cm
2023-05-19 14:57:21,003 INFO Measurement at current 0.048341708542713566
2023-05-19 14:57:21,590 INFO T:85.28Â°K V:3.4947e+00V I:4.8342e-02A R:7.2292e+01ğ›€ E:5.4605e+01V/cm J:4.4350e-01A/cm2 ğ›’:1.2312e+02ğ›€ cm
2023-05-19 14:57:21,607 INFO Measurement at current 0.048994974874371856
2023-05-19 14:57:22,188 INFO T:85.27Â°K V:3.4696e+00V I:4.8995e-02A R:7.0815e+01ğ›€ E:5.4212e+01V/cm J:4.4950e-01A/cm2 ğ›’:1.2061e+02ğ›€ cm
2023-05-19 14:57:22,204 INFO Measurement at current 0.04964824120603015
2023-05-19 14:57:22,787 INFO T:85.27Â°K V:3.4448e+00V I:4.9648e-02A R:6.9384e+01ğ›€ E:5.3825e+01V/cm J:4.5549e-01A/cm2 ğ›’:1.1817e+02ğ›€ cm
2023-05-19 14:57:22,805 INFO Measurement at current 0.05030150753768844
2023-05-19 14:57:23,388 INFO T:85.27Â°K V:3.4190e+00V I:5.0302e-02A R:6.7969e+01ğ›€ E:5.3421e+01V/cm J:4.6148e-01A/cm2 ğ›’:1.1576e+02ğ›€ cm
2023-05-19 14:57:23,404 INFO Measurement at current 0.050954773869346735
2023-05-19 14:57:23,996 INFO T:85.26Â°K V:3.3954e+00V I:5.0955e-02A R:6.6635e+01ğ›€ E:5.3053e+01V/cm J:4.6747e-01A/cm2 ğ›’:1.1349e+02ğ›€ cm
2023-05-19 14:57:24,013 INFO Measurement at current 0.051608040201005026
2023-05-19 14:57:24,603 INFO T:85.26Â°K V:3.3728e+00V I:5.1608e-02A R:6.5353e+01ğ›€ E:5.2699e+01V/cm J:4.7347e-01A/cm2 ğ›’:1.1131e+02ğ›€ cm
2023-05-19 14:57:24,634 INFO Measurement at current 0.05226130653266332
2023-05-19 14:57:25,222 INFO T:85.26Â°K V:3.3498e+00V I:5.2261e-02A R:6.4097e+01ğ›€ E:5.2341e+01V/cm J:4.7946e-01A/cm2 ğ›’:1.0917e+02ğ›€ cm
2023-05-19 14:57:25,236 INFO Measurement at current 0.05291457286432161
2023-05-19 14:57:25,815 INFO T:85.25Â°K V:3.3282e+00V I:5.2915e-02A R:6.2897e+01ğ›€ E:5.2003e+01V/cm J:4.8545e-01A/cm2 ğ›’:1.0712e+02ğ›€ cm
2023-05-19 14:57:25,832 INFO Measurement at current 0.0535678391959799
2023-05-19 14:57:26,419 INFO T:85.25Â°K V:3.3057e+00V I:5.3568e-02A R:6.1710e+01ğ›€ E:5.1651e+01V/cm J:4.9145e-01A/cm2 ğ›’:1.0510e+02ğ›€ cm
2023-05-19 14:57:26,437 INFO Measurement at current 0.05422110552763819
2023-05-19 14:57:27,047 INFO T:85.25Â°K V:3.2817e+00V I:5.4221e-02A R:6.0524e+01ğ›€ E:5.1276e+01V/cm J:4.9744e-01A/cm2 ğ›’:1.0308e+02ğ›€ cm
2023-05-19 14:57:27,069 INFO Measurement at current 0.05487437185929648
2023-05-19 14:57:27,668 INFO T:85.24Â°K V:3.2598e+00V I:5.4874e-02A R:5.9404e+01ğ›€ E:5.0934e+01V/cm J:5.0343e-01A/cm2 ğ›’:1.0117e+02ğ›€ cm
2023-05-19 14:57:27,682 INFO Measurement at current 0.05552763819095477
2023-05-19 14:57:28,358 INFO T:85.24Â°K V:3.2410e+00V I:5.5528e-02A R:5.8367e+01ğ›€ E:5.0640e+01V/cm J:5.0943e-01A/cm2 ğ›’:9.9406e+01ğ›€ cm
2023-05-19 14:57:28,391 INFO Measurement at current 0.05618090452261306
2023-05-19 14:57:28,983 INFO T:85.24Â°K V:3.2186e+00V I:5.6181e-02A R:5.7290e+01ğ›€ E:5.0291e+01V/cm J:5.1542e-01A/cm2 ğ›’:9.7573e+01ğ›€ cm
2023-05-19 14:57:29,004 INFO Measurement at current 0.05683417085427136
2023-05-19 14:57:29,591 INFO T:85.23Â°K V:3.1984e+00V I:5.6834e-02A R:5.6276e+01ğ›€ E:4.9975e+01V/cm J:5.2141e-01A/cm2 ğ›’:9.5845e+01ğ›€ cm
2023-05-19 14:57:29,612 INFO Measurement at current 0.05748743718592965
2023-05-19 14:57:30,198 INFO T:85.23Â°K V:3.1801e+00V I:5.7487e-02A R:5.5319e+01ğ›€ E:4.9689e+01V/cm J:5.2741e-01A/cm2 ğ›’:9.4214e+01ğ›€ cm
2023-05-19 14:57:30,220 INFO Measurement at current 0.05814070351758794
2023-05-19 14:57:30,802 INFO T:85.23Â°K V:3.1606e+00V I:5.8141e-02A R:5.4361e+01ğ›€ E:4.9384e+01V/cm J:5.3340e-01A/cm2 ğ›’:9.2584e+01ğ›€ cm
2023-05-19 14:57:30,820 INFO Measurement at current 0.05879396984924623
2023-05-19 14:57:31,413 INFO T:85.22Â°K V:3.1424e+00V I:5.8794e-02A R:5.3447e+01ğ›€ E:4.9099e+01V/cm J:5.3939e-01A/cm2 ğ›’:9.1027e+01ğ›€ cm
2023-05-19 14:57:31,434 INFO Measurement at current 0.05944723618090452
2023-05-19 14:57:32,032 INFO T:85.22Â°K V:3.1232e+00V I:5.9447e-02A R:5.2537e+01ğ›€ E:4.8800e+01V/cm J:5.4539e-01A/cm2 ğ›’:8.9477e+01ğ›€ cm
2023-05-19 14:57:32,050 INFO Measurement at current 0.06010050251256281
2023-05-19 14:57:32,649 INFO T:85.22Â°K V:3.1041e+00V I:6.0101e-02A R:5.1649e+01ğ›€ E:4.8502e+01V/cm J:5.5138e-01A/cm2 ğ›’:8.7965e+01ğ›€ cm
2023-05-19 14:57:32,664 INFO Measurement at current 0.0607537688442211
2023-05-19 14:57:33,253 INFO T:85.21Â°K V:3.0881e+00V I:6.0754e-02A R:5.0830e+01ğ›€ E:4.8252e+01V/cm J:5.5737e-01A/cm2 ğ›’:8.6570e+01ğ›€ cm
2023-05-19 14:57:33,280 INFO Measurement at current 0.06140703517587939
2023-05-19 14:57:33,874 INFO T:85.21Â°K V:3.0706e+00V I:6.1407e-02A R:5.0003e+01ğ›€ E:4.7977e+01V/cm J:5.6337e-01A/cm2 ğ›’:8.5162e+01ğ›€ cm
2023-05-19 14:57:33,894 INFO Measurement at current 0.062060301507537684
2023-05-19 14:57:34,491 INFO T:85.21Â°K V:3.0529e+00V I:6.2060e-02A R:4.9192e+01ğ›€ E:4.7701e+01V/cm J:5.6936e-01A/cm2 ğ›’:8.3781e+01ğ›€ cm
2023-05-19 14:57:34,520 INFO Measurement at current 0.06271356783919597
2023-05-19 14:57:35,119 INFO T:85.20Â°K V:3.0357e+00V I:6.2714e-02A R:4.8407e+01ğ›€ E:4.7434e+01V/cm J:5.7535e-01A/cm2 ğ›’:8.2442e+01ğ›€ cm
2023-05-19 14:57:35,138 INFO Measurement at current 0.06336683417085427
2023-05-19 14:57:35,733 INFO T:85.20Â°K V:3.0195e+00V I:6.3367e-02A R:4.7651e+01ğ›€ E:4.7180e+01V/cm J:5.8135e-01A/cm2 ğ›’:8.1156e+01ğ›€ cm
2023-05-19 14:57:35,748 INFO Measurement at current 0.06402010050251256
2023-05-19 14:57:36,331 INFO T:85.20Â°K V:3.0046e+00V I:6.4020e-02A R:4.6933e+01ğ›€ E:4.6947e+01V/cm J:5.8734e-01A/cm2 ğ›’:7.9932e+01ğ›€ cm
2023-05-19 14:57:36,346 INFO Measurement at current 0.06467336683417085
2023-05-19 14:57:36,927 INFO T:85.20Â°K V:2.9887e+00V I:6.4673e-02A R:4.6213e+01ğ›€ E:4.6699e+01V/cm J:5.9333e-01A/cm2 ğ›’:7.8706e+01ğ›€ cm
2023-05-19 14:57:36,942 INFO Measurement at current 0.06532663316582914
2023-05-19 14:57:37,530 INFO T:85.19Â°K V:2.9738e+00V I:6.5327e-02A R:4.5522e+01ğ›€ E:4.6466e+01V/cm J:5.9933e-01A/cm2 ğ›’:7.7530e+01ğ›€ cm
2023-05-19 14:57:37,546 INFO Measurement at current 0.06597989949748743
2023-05-19 14:57:38,131 INFO T:85.19Â°K V:2.9582e+00V I:6.5980e-02A R:4.4835e+01ğ›€ E:4.6222e+01V/cm J:6.0532e-01A/cm2 ğ›’:7.6359e+01ğ›€ cm
2023-05-19 14:57:38,148 INFO Measurement at current 0.06663316582914573
2023-05-19 14:57:38,730 INFO T:85.19Â°K V:2.9441e+00V I:6.6633e-02A R:4.4183e+01ğ›€ E:4.6001e+01V/cm J:6.1131e-01A/cm2 ğ›’:7.5250e+01ğ›€ cm
2023-05-19 14:57:38,746 INFO Measurement at current 0.06728643216080402
2023-05-19 14:57:39,328 INFO T:85.18Â°K V:2.9292e+00V I:6.7286e-02A R:4.3533e+01ğ›€ E:4.5769e+01V/cm J:6.1731e-01A/cm2 ğ›’:7.4143e+01ğ›€ cm
2023-05-19 14:57:39,341 INFO Measurement at current 0.06793969849246231
2023-05-19 14:57:39,929 INFO T:85.18Â°K V:2.9154e+00V I:6.7940e-02A R:4.2912e+01ğ›€ E:4.5553e+01V/cm J:6.2330e-01A/cm2 ğ›’:7.3084e+01ğ›€ cm
2023-05-19 14:57:39,958 INFO Measurement at current 0.0685929648241206
2023-05-19 14:57:40,552 INFO T:85.18Â°K V:2.9009e+00V I:6.8593e-02A R:4.2292e+01ğ›€ E:4.5327e+01V/cm J:6.2929e-01A/cm2 ğ›’:7.2029e+01ğ›€ cm
2023-05-19 14:57:40,568 INFO Measurement at current 0.0692462311557789
2023-05-19 14:57:41,162 INFO T:85.18Â°K V:2.8867e+00V I:6.9246e-02A R:4.1687e+01ğ›€ E:4.5105e+01V/cm J:6.3529e-01A/cm2 ğ›’:7.0999e+01ğ›€ cm
2023-05-19 14:57:41,181 INFO Measurement at current 0.06989949748743718
2023-05-19 14:57:41,766 INFO T:85.17Â°K V:2.8742e+00V I:6.9899e-02A R:4.1120e+01ğ›€ E:4.4910e+01V/cm J:6.4128e-01A/cm2 ğ›’:7.0032e+01ğ›€ cm
2023-05-19 14:57:41,788 INFO Measurement at current 0.07055276381909548
2023-05-19 14:57:42,371 INFO T:85.17Â°K V:2.8600e+00V I:7.0553e-02A R:4.0538e+01ğ›€ E:4.4688e+01V/cm J:6.4727e-01A/cm2 ğ›’:6.9041e+01ğ›€ cm
2023-05-19 14:57:42,389 INFO Measurement at current 0.07120603015075376
2023-05-19 14:57:43,000 INFO T:85.17Â°K V:2.8455e+00V I:7.1206e-02A R:3.9962e+01ğ›€ E:4.4462e+01V/cm J:6.5327e-01A/cm2 ğ›’:6.8061e+01ğ›€ cm
2023-05-19 14:57:43,023 INFO Measurement at current 0.07185929648241206
2023-05-19 14:57:43,630 INFO T:85.16Â°K V:2.8333e+00V I:7.1859e-02A R:3.9428e+01ğ›€ E:4.4270e+01V/cm J:6.5926e-01A/cm2 ğ›’:6.7151e+01ğ›€ cm
2023-05-19 14:57:43,646 INFO Measurement at current 0.07251256281407036
2023-05-19 14:57:44,233 INFO T:85.16Â°K V:2.8212e+00V I:7.2513e-02A R:3.8907e+01ğ›€ E:4.4082e+01V/cm J:6.6525e-01A/cm2 ğ›’:6.6263e+01ğ›€ cm
2023-05-19 14:57:44,250 INFO Measurement at current 0.07316582914572864
2023-05-19 14:57:44,839 INFO T:85.16Â°K V:2.8095e+00V I:7.3166e-02A R:3.8400e+01ğ›€ E:4.3899e+01V/cm J:6.7125e-01A/cm2 ğ›’:6.5399e+01ğ›€ cm
2023-05-19 14:57:44,858 INFO Measurement at current 0.07381909547738694
2023-05-19 14:57:45,445 INFO T:85.16Â°K V:2.7970e+00V I:7.3819e-02A R:3.7890e+01ğ›€ E:4.3704e+01V/cm J:6.7724e-01A/cm2 ğ›’:6.4532e+01ğ›€ cm
2023-05-19 14:57:45,467 INFO Measurement at current 0.07447236180904522
2023-05-19 14:57:46,057 INFO T:85.15Â°K V:2.7855e+00V I:7.4472e-02A R:3.7403e+01ğ›€ E:4.3524e+01V/cm J:6.8323e-01A/cm2 ğ›’:6.3702e+01ğ›€ cm
2023-05-19 14:57:46,087 INFO Measurement at current 0.07512562814070352
2023-05-19 14:57:46,685 INFO T:85.15Â°K V:2.7733e+00V I:7.5126e-02A R:3.6915e+01ğ›€ E:4.3332e+01V/cm J:6.8923e-01A/cm2 ğ›’:6.2871e+01ğ›€ cm
2023-05-19 14:57:46,709 INFO Measurement at current 0.0757788944723618
2023-05-19 14:57:47,321 INFO T:85.15Â°K V:2.7621e+00V I:7.5779e-02A R:3.6450e+01ğ›€ E:4.3158e+01V/cm J:6.9522e-01A/cm2 ğ›’:6.2078e+01ğ›€ cm
2023-05-19 14:57:47,400 INFO Measurement at current 0.0764321608040201
2023-05-19 14:57:48,008 INFO T:85.14Â°K V:2.7476e+00V I:7.6432e-02A R:3.5948e+01ğ›€ E:4.2931e+01V/cm J:7.0121e-01A/cm2 ğ›’:6.1225e+01ğ›€ cm
2023-05-19 14:57:48,042 INFO Measurement at current 0.07708542713567838
2023-05-19 14:57:48,725 INFO T:85.14Â°K V:2.7355e+00V I:7.7085e-02A R:3.5486e+01ğ›€ E:4.2742e+01V/cm J:7.0721e-01A/cm2 ğ›’:6.0438e+01ğ›€ cm
2023-05-19 14:57:48,747 INFO Measurement at current 0.07773869346733668
2023-05-19 14:57:49,335 INFO T:85.14Â°K V:2.7274e+00V I:7.7739e-02A R:3.5084e+01ğ›€ E:4.2615e+01V/cm J:7.1320e-01A/cm2 ğ›’:5.9752e+01ğ›€ cm
2023-05-19 14:57:49,351 INFO Measurement at current 0.07839195979899498
2023-05-19 14:57:49,949 INFO T:85.13Â°K V:2.7170e+00V I:7.8392e-02A R:3.4660e+01ğ›€ E:4.2454e+01V/cm J:7.1919e-01A/cm2 ğ›’:5.9030e+01ğ›€ cm
2023-05-19 14:57:49,969 INFO Measurement at current 0.07904522613065326
2023-05-19 14:57:50,575 INFO T:85.13Â°K V:2.7055e+00V I:7.9045e-02A R:3.4227e+01ğ›€ E:4.2273e+01V/cm J:7.2519e-01A/cm2 ğ›’:5.8292e+01ğ›€ cm
2023-05-19 14:57:50,595 INFO Measurement at current 0.07969849246231156
2023-05-19 14:57:51,191 INFO T:85.13Â°K V:2.6949e+00V I:7.9698e-02A R:3.3814e+01ğ›€ E:4.2108e+01V/cm J:7.3118e-01A/cm2 ğ›’:5.7589e+01ğ›€ cm
2023-05-19 14:57:51,234 INFO Measurement at current 0.08035175879396984
2023-05-19 14:57:51,830 INFO T:85.13Â°K V:2.6854e+00V I:8.0352e-02A R:3.3421e+01ğ›€ E:4.1960e+01V/cm J:7.3717e-01A/cm2 ğ›’:5.6920e+01ğ›€ cm
2023-05-19 14:57:51,849 INFO Measurement at current 0.08100502512562814
2023-05-19 14:57:52,448 INFO T:85.12Â°K V:2.6759e+00V I:8.1005e-02A R:3.3033e+01ğ›€ E:4.1810e+01V/cm J:7.4317e-01A/cm2 ğ›’:5.6260e+01ğ›€ cm
2023-05-19 14:57:52,464 INFO Measurement at current 0.08165829145728642
2023-05-19 14:57:53,088 INFO T:85.12Â°K V:2.6657e+00V I:8.1658e-02A R:3.2645e+01ğ›€ E:4.1652e+01V/cm J:7.4916e-01A/cm2 ğ›’:5.5598e+01ğ›€ cm
2023-05-19 14:57:53,139 INFO Measurement at current 0.08231155778894472
2023-05-19 14:57:53,725 INFO T:85.12Â°K V:2.6544e+00V I:8.2312e-02A R:3.2248e+01ğ›€ E:4.1475e+01V/cm J:7.5515e-01A/cm2 ğ›’:5.4922e+01ğ›€ cm
2023-05-19 14:57:53,742 INFO Measurement at current 0.082964824120603
2023-05-19 14:57:54,338 INFO T:85.11Â°K V:2.6458e+00V I:8.2965e-02A R:3.1891e+01ğ›€ E:4.1340e+01V/cm J:7.6115e-01A/cm2 ğ›’:5.4314e+01ğ›€ cm
2023-05-19 14:57:54,356 INFO Measurement at current 0.0836180904522613
2023-05-19 14:57:54,949 INFO T:85.11Â°K V:2.6366e+00V I:8.3618e-02A R:3.1532e+01ğ›€ E:4.1198e+01V/cm J:7.6714e-01A/cm2 ğ›’:5.3703e+01ğ›€ cm
2023-05-19 14:57:54,968 INFO Measurement at current 0.0842713567839196
2023-05-19 14:57:55,558 INFO T:85.11Â°K V:2.6282e+00V I:8.4271e-02A R:3.1187e+01ğ›€ E:4.1065e+01V/cm J:7.7313e-01A/cm2 ğ›’:5.3116e+01ğ›€ cm
2023-05-19 14:57:55,590 INFO Measurement at current 0.08492462311557789
2023-05-19 14:57:56,190 INFO T:85.11Â°K V:2.6186e+00V I:8.4925e-02A R:3.0834e+01ğ›€ E:4.0915e+01V/cm J:7.7912e-01A/cm2 ğ›’:5.2514e+01ğ›€ cm
2023-05-19 14:57:56,228 INFO Measurement at current 0.08557788944723618
2023-05-19 14:57:56,820 INFO T:85.10Â°K V:2.6086e+00V I:8.5578e-02A R:3.0482e+01ğ›€ E:4.0759e+01V/cm J:7.8512e-01A/cm2 ğ›’:5.1915e+01ğ›€ cm
2023-05-19 14:57:56,837 INFO Measurement at current 0.08623115577889447
2023-05-19 14:57:57,423 INFO T:85.10Â°K V:2.6002e+00V I:8.6231e-02A R:3.0154e+01ğ›€ E:4.0629e+01V/cm J:7.9111e-01A/cm2 ğ›’:5.1356e+01ğ›€ cm
2023-05-19 14:57:57,443 INFO Measurement at current 0.08688442211055276
2023-05-19 14:57:58,042 INFO T:85.10Â°K V:2.5913e+00V I:8.6884e-02A R:2.9825e+01ğ›€ E:4.0490e+01V/cm J:7.9710e-01A/cm2 ğ›’:5.0796e+01ğ›€ cm
2023-05-19 14:57:58,059 INFO Measurement at current 0.08753768844221105
2023-05-19 14:57:58,652 INFO T:85.10Â°K V:2.5841e+00V I:8.7538e-02A R:2.9520e+01ğ›€ E:4.0376e+01V/cm J:8.0310e-01A/cm2 ğ›’:5.0276e+01ğ›€ cm
2023-05-19 14:57:58,672 INFO Measurement at current 0.08819095477386935
2023-05-19 14:57:59,272 INFO T:85.09Â°K V:2.5753e+00V I:8.8191e-02A R:2.9201e+01ğ›€ E:4.0239e+01V/cm J:8.0909e-01A/cm2 ğ›’:4.9733e+01ğ›€ cm
2023-05-19 14:57:59,301 INFO Measurement at current 0.08884422110552763
2023-05-19 14:57:59,898 INFO T:85.09Â°K V:2.5663e+00V I:8.8844e-02A R:2.8885e+01ğ›€ E:4.0098e+01V/cm J:8.1508e-01A/cm2 ğ›’:4.9195e+01ğ›€ cm
2023-05-19 14:57:59,918 INFO Measurement at current 0.08949748743718593
2023-05-19 14:58:00,518 INFO T:85.09Â°K V:2.5595e+00V I:8.9497e-02A R:2.8599e+01ğ›€ E:3.9992e+01V/cm J:8.2108e-01A/cm2 ğ›’:4.8707e+01ğ›€ cm
2023-05-19 14:58:00,539 INFO Measurement at current 0.09015075376884422
2023-05-19 14:58:01,130 INFO T:85.09Â°K V:2.5516e+00V I:9.0151e-02A R:2.8303e+01ğ›€ E:3.9868e+01V/cm J:8.2707e-01A/cm2 ğ›’:4.8204e+01ğ›€ cm
2023-05-19 14:58:01,148 INFO Measurement at current 0.09080402010050251
2023-05-19 14:58:01,742 INFO T:85.08Â°K V:2.5435e+00V I:9.0804e-02A R:2.8011e+01ğ›€ E:3.9743e+01V/cm J:8.3306e-01A/cm2 ğ›’:4.7707e+01ğ›€ cm
2023-05-19 14:58:01,760 INFO Measurement at current 0.0914572864321608
2023-05-19 14:58:02,361 INFO T:85.08Â°K V:2.5353e+00V I:9.1457e-02A R:2.7721e+01ğ›€ E:3.9614e+01V/cm J:8.3906e-01A/cm2 ğ›’:4.7213e+01ğ›€ cm
2023-05-19 14:58:02,410 INFO Measurement at current 0.09211055276381909
2023-05-19 14:58:03,010 INFO T:85.08Â°K V:2.5269e+00V I:9.2111e-02A R:2.7433e+01ğ›€ E:3.9483e+01V/cm J:8.4505e-01A/cm2 ğ›’:4.6722e+01ğ›€ cm
2023-05-19 14:58:03,034 INFO Measurement at current 0.09276381909547739
2023-05-19 14:58:03,642 INFO T:85.07Â°K V:2.5196e+00V I:9.2764e-02A R:2.7162e+01ğ›€ E:3.9369e+01V/cm J:8.5104e-01A/cm2 ğ›’:4.6260e+01ğ›€ cm
2023-05-19 14:58:03,667 INFO Measurement at current 0.09341708542713567
2023-05-19 14:58:04,256 INFO T:85.07Â°K V:2.5124e+00V I:9.3417e-02A R:2.6894e+01ğ›€ E:3.9256e+01V/cm J:8.5704e-01A/cm2 ğ›’:4.5804e+01ğ›€ cm
2023-05-19 14:58:04,280 INFO Measurement at current 0.09407035175879397
2023-05-19 14:58:04,881 INFO T:85.07Â°K V:2.5053e+00V I:9.4070e-02A R:2.6632e+01ğ›€ E:3.9145e+01V/cm J:8.6303e-01A/cm2 ğ›’:4.5358e+01ğ›€ cm
2023-05-19 14:58:04,923 INFO Measurement at current 0.09472361809045225
2023-05-19 14:58:05,530 INFO T:85.07Â°K V:2.4968e+00V I:9.4724e-02A R:2.6359e+01ğ›€ E:3.9013e+01V/cm J:8.6902e-01A/cm2 ğ›’:4.4893e+01ğ›€ cm
2023-05-19 14:58:05,550 INFO Measurement at current 0.09537688442211055
2023-05-19 14:58:06,151 INFO T:85.06Â°K V:2.4889e+00V I:9.5377e-02A R:2.6096e+01ğ›€ E:3.8890e+01V/cm J:8.7502e-01A/cm2 ğ›’:4.4445e+01ğ›€ cm
2023-05-19 14:58:06,167 INFO Measurement at current 0.09603015075376885
2023-05-19 14:58:06,755 INFO T:85.06Â°K V:2.4833e+00V I:9.6030e-02A R:2.5859e+01ğ›€ E:3.8801e+01V/cm J:8.8101e-01A/cm2 ğ›’:4.4042e+01ğ›€ cm
2023-05-19 14:58:06,782 INFO Measurement at current 0.09668341708542713
2023-05-19 14:58:07,361 INFO T:85.06Â°K V:2.4759e+00V I:9.6683e-02A R:2.5608e+01ğ›€ E:3.8686e+01V/cm J:8.8700e-01A/cm2 ğ›’:4.3614e+01ğ›€ cm
2023-05-19 14:58:07,392 INFO Measurement at current 0.09733668341708543
2023-05-19 14:58:07,974 INFO T:85.06Â°K V:2.4673e+00V I:9.7337e-02A R:2.5348e+01ğ›€ E:3.8551e+01V/cm J:8.9300e-01A/cm2 ğ›’:4.3170e+01ğ›€ cm
2023-05-19 14:58:07,992 INFO Measurement at current 0.09798994974874371
2023-05-19 14:58:08,587 INFO T:85.05Â°K V:2.4611e+00V I:9.7990e-02A R:2.5116e+01ğ›€ E:3.8455e+01V/cm J:8.9899e-01A/cm2 ğ›’:4.2776e+01ğ›€ cm
2023-05-19 14:58:08,634 INFO Measurement at current 0.09864321608040201
2023-05-19 14:58:09,245 INFO T:85.05Â°K V:2.4536e+00V I:9.8643e-02A R:2.4873e+01ğ›€ E:3.8337e+01V/cm J:9.0498e-01A/cm2 ğ›’:4.2362e+01ğ›€ cm
2023-05-19 14:58:09,269 INFO Measurement at current 0.0992964824120603
2023-05-19 14:58:09,862 INFO T:85.05Â°K V:2.4474e+00V I:9.9296e-02A R:2.4648e+01ğ›€ E:3.8241e+01V/cm J:9.1098e-01A/cm2 ğ›’:4.1978e+01ğ›€ cm
2023-05-19 14:58:09,882 INFO Measurement at current 0.09994974874371859
2023-05-19 14:58:10,491 INFO T:85.05Â°K V:2.4408e+00V I:9.9950e-02A R:2.4420e+01ğ›€ E:3.8137e+01V/cm J:9.1697e-01A/cm2 ğ›’:4.1590e+01ğ›€ cm
2023-05-19 14:58:10,508 INFO Measurement at current 0.10060301507537688
2023-05-19 14:58:11,116 INFO T:85.04Â°K V:2.4347e+00V I:1.0060e-01A R:2.4201e+01ğ›€ E:3.8042e+01V/cm J:9.2296e-01A/cm2 ğ›’:4.1217e+01ğ›€ cm
2023-05-19 14:58:11,150 INFO Measurement at current 0.10125628140703517
2023-05-19 14:58:11,779 INFO T:85.04Â°K V:2.4282e+00V I:1.0126e-01A R:2.3981e+01ğ›€ E:3.7941e+01V/cm J:9.2896e-01A/cm2 ğ›’:4.0843e+01ğ›€ cm
2023-05-19 14:58:11,798 INFO Measurement at current 0.10190954773869347
2023-05-19 14:58:12,398 INFO T:85.04Â°K V:2.4222e+00V I:1.0191e-01A R:2.3769e+01ğ›€ E:3.7848e+01V/cm J:9.3495e-01A/cm2 ğ›’:4.0481e+01ğ›€ cm
2023-05-19 14:58:12,426 INFO Measurement at current 0.10256281407035175
2023-05-19 14:58:13,017 INFO T:85.04Â°K V:2.4161e+00V I:1.0256e-01A R:2.3558e+01ğ›€ E:3.7752e+01V/cm J:9.4094e-01A/cm2 ğ›’:4.0121e+01ğ›€ cm
2023-05-19 14:58:13,048 INFO Measurement at current 0.10321608040201005
2023-05-19 14:58:13,649 INFO T:85.04Â°K V:2.4156e+00V I:1.0322e-01A R:2.3403e+01ğ›€ E:3.7744e+01V/cm J:9.4694e-01A/cm2 ğ›’:3.9859e+01ğ›€ cm
2023-05-19 14:58:13,667 INFO Measurement at current 0.10386934673366834
2023-05-19 14:58:14,270 INFO T:85.03Â°K V:2.4168e+00V I:1.0387e-01A R:2.3267e+01ğ›€ E:3.7762e+01V/cm J:9.5293e-01A/cm2 ğ›’:3.9627e+01ğ›€ cm
2023-05-19 14:58:14,290 INFO Measurement at current 0.10452261306532663
2023-05-19 14:58:14,879 INFO T:85.03Â°K V:2.4117e+00V I:1.0452e-01A R:2.3074e+01ğ›€ E:3.7683e+01V/cm J:9.5892e-01A/cm2 ğ›’:3.9297e+01ğ›€ cm
2023-05-19 14:58:14,898 INFO Measurement at current 0.10517587939698492
2023-05-19 14:58:15,486 INFO T:85.03Â°K V:2.3970e+00V I:1.0518e-01A R:2.2791e+01ğ›€ E:3.7454e+01V/cm J:9.6492e-01A/cm2 ğ›’:3.8815e+01ğ›€ cm
2023-05-19 14:58:15,512 INFO Measurement at current 0.10582914572864321
2023-05-19 14:58:16,101 INFO T:85.03Â°K V:2.3924e+00V I:1.0583e-01A R:2.2607e+01ğ›€ E:3.7382e+01V/cm J:9.7091e-01A/cm2 ğ›’:3.8502e+01ğ›€ cm
2023-05-19 14:58:16,118 INFO Measurement at current 0.1064824120603015
2023-05-19 14:58:16,703 INFO T:85.02Â°K V:2.3872e+00V I:1.0648e-01A R:2.2419e+01ğ›€ E:3.7300e+01V/cm J:9.7690e-01A/cm2 ğ›’:3.8182e+01ğ›€ cm
2023-05-19 14:58:16,737 INFO Measurement at current 0.1071356783919598
2023-05-19 14:58:17,343 INFO T:85.02Â°K V:2.3805e+00V I:1.0714e-01A R:2.2219e+01ğ›€ E:3.7195e+01V/cm J:9.8290e-01A/cm2 ğ›’:3.7842e+01ğ›€ cm
2023-05-19 14:58:17,365 INFO Measurement at current 0.1077889447236181
2023-05-19 14:58:17,955 INFO T:85.02Â°K V:2.3758e+00V I:1.0779e-01A R:2.2041e+01ğ›€ E:3.7122e+01V/cm J:9.8889e-01A/cm2 ğ›’:3.7539e+01ğ›€ cm
2023-05-19 14:58:17,968 INFO Measurement at current 0.10844221105527638
2023-05-19 14:58:18,552 INFO T:85.02Â°K V:2.3730e+00V I:1.0844e-01A R:2.1882e+01ğ›€ E:3.7078e+01V/cm J:9.9488e-01A/cm2 ğ›’:3.7269e+01ğ›€ cm
2023-05-19 14:58:18,567 INFO Measurement at current 0.10909547738693468
2023-05-19 14:58:19,154 INFO T:85.01Â°K V:2.3695e+00V I:1.0910e-01A R:2.1720e+01ğ›€ E:3.7024e+01V/cm J:1.0009e+00A/cm2 ğ›’:3.6992e+01ğ›€ cm
2023-05-19 14:58:19,175 INFO Measurement at current 0.10974874371859296
2023-05-19 14:58:19,774 INFO T:85.01Â°K V:2.3595e+00V I:1.0975e-01A R:2.1499e+01ğ›€ E:3.6867e+01V/cm J:1.0069e+00A/cm2 ğ›’:3.6615e+01ğ›€ cm
2023-05-19 14:58:19,789 INFO Measurement at current 0.11040201005025126
2023-05-19 14:58:20,379 INFO T:85.01Â°K V:2.3530e+00V I:1.1040e-01A R:2.1313e+01ğ›€ E:3.6765e+01V/cm J:1.0129e+00A/cm2 ğ›’:3.6298e+01ğ›€ cm
2023-05-19 14:58:20,397 INFO Measurement at current 0.11105527638190954
2023-05-19 14:58:21,016 INFO T:85.01Â°K V:2.3468e+00V I:1.1106e-01A R:2.1132e+01ğ›€ E:3.6669e+01V/cm J:1.0189e+00A/cm2 ğ›’:3.5990e+01ğ›€ cm
2023-05-19 14:58:21,050 INFO Measurement at current 0.11170854271356784
2023-05-19 14:58:21,638 INFO T:85.00Â°K V:2.3406e+00V I:1.1171e-01A R:2.0953e+01ğ›€ E:3.6572e+01V/cm J:1.0248e+00A/cm2 ğ›’:3.5685e+01ğ›€ cm
2023-05-19 14:58:21,657 INFO Measurement at current 0.11236180904522612
2023-05-19 14:58:22,258 INFO T:85.00Â°K V:2.3338e+00V I:1.1236e-01A R:2.0771e+01ğ›€ E:3.6466e+01V/cm J:1.0308e+00A/cm2 ğ›’:3.5375e+01ğ›€ cm
2023-05-19 14:58:22,284 INFO Measurement at current 0.11301507537688442
2023-05-19 14:58:22,884 INFO T:85.00Â°K V:2.3279e+00V I:1.1302e-01A R:2.0598e+01ğ›€ E:3.6374e+01V/cm J:1.0368e+00A/cm2 ğ›’:3.5082e+01ğ›€ cm
2023-05-19 14:58:22,903 INFO Measurement at current 0.11366834170854272
2023-05-19 14:58:23,531 INFO T:85.00Â°K V:2.3216e+00V I:1.1367e-01A R:2.0424e+01ğ›€ E:3.6275e+01V/cm J:1.0428e+00A/cm2 ğ›’:3.4785e+01ğ›€ cm
2023-05-19 14:58:23,557 INFO Measurement at current 0.114321608040201
2023-05-19 14:58:24,144 INFO T:85.00Â°K V:2.3163e+00V I:1.1432e-01A R:2.0261e+01ğ›€ E:3.6192e+01V/cm J:1.0488e+00A/cm2 ğ›’:3.4507e+01ğ›€ cm
2023-05-19 14:58:24,166 INFO Measurement at current 0.1149748743718593
2023-05-19 14:58:24,778 INFO T:84.99Â°K V:2.3108e+00V I:1.1497e-01A R:2.0099e+01ğ›€ E:3.6107e+01V/cm J:1.0548e+00A/cm2 ğ›’:3.4230e+01ğ›€ cm
2023-05-19 14:58:24,795 INFO Measurement at current 0.11562814070351758
2023-05-19 14:58:25,384 INFO T:84.99Â°K V:2.3052e+00V I:1.1563e-01A R:1.9937e+01ğ›€ E:3.6019e+01V/cm J:1.0608e+00A/cm2 ğ›’:3.3955e+01ğ›€ cm
2023-05-19 14:58:25,403 INFO Measurement at current 0.11628140703517588
2023-05-19 14:58:26,044 INFO T:84.99Â°K V:2.3001e+00V I:1.1628e-01A R:1.9780e+01ğ›€ E:3.5938e+01V/cm J:1.0668e+00A/cm2 ğ›’:3.3688e+01ğ›€ cm
2023-05-19 14:58:26,072 INFO Measurement at current 0.11693467336683416
2023-05-19 14:58:26,671 INFO T:84.99Â°K V:2.2923e+00V I:1.1693e-01A R:1.9603e+01ğ›€ E:3.5816e+01V/cm J:1.0728e+00A/cm2 ğ›’:3.3386e+01ğ›€ cm
2023-05-19 14:58:26,693 INFO Measurement at current 0.11758793969849246
2023-05-19 14:58:27,300 INFO T:84.98Â°K V:2.2843e+00V I:1.1759e-01A R:1.9426e+01ğ›€ E:3.5692e+01V/cm J:1.0788e+00A/cm2 ğ›’:3.3086e+01ğ›€ cm
2023-05-19 14:58:27,330 INFO Measurement at current 0.11824120603015074
2023-05-19 14:58:27,932 INFO T:84.98Â°K V:2.2784e+00V I:1.1824e-01A R:1.9269e+01ğ›€ E:3.5600e+01V/cm J:1.0848e+00A/cm2 ğ›’:3.2817e+01ğ›€ cm
2023-05-19 14:58:27,955 INFO Measurement at current 0.11889447236180904
2023-05-19 14:58:28,576 INFO T:84.98Â°K V:2.2734e+00V I:1.1889e-01A R:1.9122e+01ğ›€ E:3.5523e+01V/cm J:1.0908e+00A/cm2 ğ›’:3.2566e+01ğ›€ cm
2023-05-19 14:58:28,626 INFO Measurement at current 0.11954773869346734
2023-05-19 14:58:29,209 INFO T:84.98Â°K V:2.2657e+00V I:1.1955e-01A R:1.8952e+01ğ›€ E:3.5401e+01V/cm J:1.0968e+00A/cm2 ğ›’:3.2277e+01ğ›€ cm
2023-05-19 14:58:29,228 INFO Measurement at current 0.12020100502512562
2023-05-19 14:58:29,808 INFO T:84.98Â°K V:2.2588e+00V I:1.2020e-01A R:1.8792e+01ğ›€ E:3.5294e+01V/cm J:1.1028e+00A/cm2 ğ›’:3.2005e+01ğ›€ cm
2023-05-19 14:58:29,835 INFO Measurement at current 0.12085427135678392
2023-05-19 14:58:30,440 INFO T:84.97Â°K V:2.2540e+00V I:1.2085e-01A R:1.8651e+01ğ›€ E:3.5219e+01V/cm J:1.1088e+00A/cm2 ğ›’:3.1765e+01ğ›€ cm
2023-05-19 14:58:30,463 INFO Measurement at current 0.1215075376884422
2023-05-19 14:58:31,084 INFO T:84.97Â°K V:2.2491e+00V I:1.2151e-01A R:1.8510e+01ğ›€ E:3.5142e+01V/cm J:1.1147e+00A/cm2 ğ›’:3.1525e+01ğ›€ cm
2023-05-19 14:58:31,109 INFO Measurement at current 0.1221608040201005
2023-05-19 14:58:31,704 INFO T:84.97Â°K V:2.2453e+00V I:1.2216e-01A R:1.8380e+01ğ›€ E:3.5083e+01V/cm J:1.1207e+00A/cm2 ğ›’:3.1303e+01ğ›€ cm
2023-05-19 14:58:31,743 INFO Measurement at current 0.12281407035175879
2023-05-19 14:58:32,347 INFO T:84.97Â°K V:2.2403e+00V I:1.2281e-01A R:1.8241e+01ğ›€ E:3.5004e+01V/cm J:1.1267e+00A/cm2 ğ›’:3.1067e+01ğ›€ cm
2023-05-19 14:58:32,364 INFO Measurement at current 0.12346733668341708
2023-05-19 14:58:32,955 INFO T:84.96Â°K V:2.2392e+00V I:1.2347e-01A R:1.8136e+01ğ›€ E:3.4987e+01V/cm J:1.1327e+00A/cm2 ğ›’:3.0887e+01ğ›€ cm
2023-05-19 14:58:32,976 INFO Measurement at current 0.12412060301507537
2023-05-19 14:58:33,572 INFO T:84.96Â°K V:2.2392e+00V I:1.2412e-01A R:1.8040e+01ğ›€ E:3.4987e+01V/cm J:1.1387e+00A/cm2 ğ›’:3.0725e+01ğ›€ cm
2023-05-19 14:58:33,589 INFO Measurement at current 0.12477386934673367
2023-05-19 14:58:34,179 INFO T:84.96Â°K V:2.2358e+00V I:1.2477e-01A R:1.7919e+01ğ›€ E:3.4934e+01V/cm J:1.1447e+00A/cm2 ğ›’:3.0518e+01ğ›€ cm
2023-05-19 14:58:34,205 INFO Measurement at current 0.12542713567839195
2023-05-19 14:58:34,807 INFO T:84.96Â°K V:2.2308e+00V I:1.2543e-01A R:1.7786e+01ğ›€ E:3.4857e+01V/cm J:1.1507e+00A/cm2 ğ›’:3.0292e+01ğ›€ cm
2023-05-19 14:58:34,832 INFO Measurement at current 0.12608040201005025
2023-05-19 14:58:35,427 INFO T:84.96Â°K V:2.2180e+00V I:1.2608e-01A R:1.7592e+01ğ›€ E:3.4656e+01V/cm J:1.1567e+00A/cm2 ğ›’:2.9961e+01ğ›€ cm
2023-05-19 14:58:35,444 INFO Measurement at current 0.12673366834170854
2023-05-19 14:58:36,037 INFO T:84.96Â°K V:2.2137e+00V I:1.2673e-01A R:1.7468e+01ğ›€ E:3.4589e+01V/cm J:1.1627e+00A/cm2 ğ›’:2.9749e+01ğ›€ cm
2023-05-19 14:58:36,058 INFO Measurement at current 0.12738693467336684
2023-05-19 14:58:36,669 INFO T:84.95Â°K V:2.2095e+00V I:1.2739e-01A R:1.7345e+01ğ›€ E:3.4523e+01V/cm J:1.1687e+00A/cm2 ğ›’:2.9540e+01ğ›€ cm
2023-05-19 14:58:36,722 INFO Measurement at current 0.1280402010050251
2023-05-19 14:58:37,313 INFO T:84.95Â°K V:2.2047e+00V I:1.2804e-01A R:1.7219e+01ğ›€ E:3.4449e+01V/cm J:1.1747e+00A/cm2 ğ›’:2.9326e+01ğ›€ cm
2023-05-19 14:58:37,332 INFO Measurement at current 0.1286934673366834
2023-05-19 14:58:37,921 INFO T:84.95Â°K V:2.2013e+00V I:1.2869e-01A R:1.7105e+01ğ›€ E:3.4395e+01V/cm J:1.1807e+00A/cm2 ğ›’:2.9132e+01ğ›€ cm
2023-05-19 14:58:37,963 INFO Measurement at current 0.1293467336683417
2023-05-19 14:58:38,564 INFO T:84.95Â°K V:2.1967e+00V I:1.2935e-01A R:1.6983e+01ğ›€ E:3.4323e+01V/cm J:1.1867e+00A/cm2 ğ›’:2.8924e+01ğ›€ cm
2023-05-19 14:58:38,580 INFO Measurement at current 0.13
2023-05-19 14:58:39,183 INFO T:84.95Â°K V:2.1925e+00V I:1.3000e-01A R:1.6865e+01ğ›€ E:3.4258e+01V/cm J:1.1927e+00A/cm2 ğ›’:2.8724e+01ğ›€ cm
2023-05-19 14:58:49,126 INFO Save the description file
2023-05-19 14:58:49,129 INFO Save data in numpy format Esperimenti/CPRO_MUSA_180523_I_V/CPRO_MUSA_180523_I_V_current_from_0_to_1300e-4A/CPRO_MUSA_180523_I_V_current_from_0_to_1300e-4A-20230519145846
2023-05-19 14:58:49,144 INFO Save data in CSV format Esperimenti/CPRO_MUSA_180523_I_V/CPRO_MUSA_180523_I_V_current_from_0_to_1300e-4A/CPRO_MUSA_180523_I_V_current_from_0_to_1300e-4A-20230519145846.csv
2023-05-19 14:58:49,162 INFO Save plot as image Esperimenti/CPRO_MUSA_180523_I_V/CPRO_MUSA_180523_I_V_current_from_0_to_1300e-4A/CPRO_MUSA_180523_I_V_current_from_0_to_1300e-4A-20230519145846.png
