2023-05-31 11:53:35,997 INFO ### Start experiment: CPRO_MUSA_310523_I_V current from 0 to 1500e-4A ###
2023-05-31 11:53:37,387 INFO Found Multimeter KEITHLEY INSTRUMENTS INC.,MODEL 2700,0884890,B03  /A02  

2023-05-31 11:53:38,400 INFO Found Nanovolt Meter KEITHLEY INSTRUMENTS INC.,MODEL 2182A,4056474,C03  /A02  

2023-05-31 11:53:38,510 INFO Found Source Meter KEITHLEY INSTRUMENTS INC.,MODEL 2400,0945684,C24   Feb 14 2002 11:59:45/A02  /K/H

2023-05-31 11:53:38,651 INFO Start the measurement loop
2023-05-31 11:53:43,433 INFO Measurement at current 0.0
2023-05-31 11:53:44,347 INFO T:239.95Â°K V:1.1513e-07V I:0.0000e+00A R:infğ›€ E:2.2141e-06V/cm J:0.0000e+00A/cm2 ğ›’:infğ›€ cm
2023-05-31 11:53:44,364 INFO Measurement at current 0.0007537688442211055
2023-05-31 11:53:44,971 INFO T:239.96Â°K V:5.7010e-04V I:7.5377e-04A R:7.5634e-01ğ›€ E:1.0964e-02V/cm J:8.4693e-03A/cm2 ğ›’:1.2945e+00ğ›€ cm
2023-05-31 11:53:44,993 INFO Measurement at current 0.001507537688442211
2023-05-31 11:53:45,593 INFO T:239.97Â°K V:1.1402e-03V I:1.5075e-03A R:7.5634e-01ğ›€ E:2.1927e-02V/cm J:1.6939e-02A/cm2 ğ›’:1.2945e+00ğ›€ cm
2023-05-31 11:53:45,609 INFO Measurement at current 0.0022613065326633165
2023-05-31 11:53:46,218 INFO T:239.98Â°K V:1.7105e-03V I:2.2613e-03A R:7.5641e-01ğ›€ E:3.2894e-02V/cm J:2.5408e-02A/cm2 ğ›’:1.2946e+00ğ›€ cm
2023-05-31 11:53:46,234 INFO Measurement at current 0.003015075376884422
2023-05-31 11:53:46,827 INFO T:239.99Â°K V:2.2804e-03V I:3.0151e-03A R:7.5632e-01ğ›€ E:4.3853e-02V/cm J:3.3877e-02A/cm2 ğ›’:1.2945e+00ğ›€ cm
2023-05-31 11:53:46,843 INFO Measurement at current 0.0037688442211055275
2023-05-31 11:53:47,439 INFO T:240.00Â°K V:2.8506e-03V I:3.7688e-03A R:7.5637e-01ğ›€ E:5.4820e-02V/cm J:4.2347e-02A/cm2 ğ›’:1.2946e+00ğ›€ cm
2023-05-31 11:53:47,462 INFO Measurement at current 0.004522613065326633
2023-05-31 11:53:48,064 INFO T:240.01Â°K V:3.4209e-03V I:4.5226e-03A R:7.5639e-01ğ›€ E:6.5786e-02V/cm J:5.0816e-02A/cm2 ğ›’:1.2946e+00ğ›€ cm
2023-05-31 11:53:48,082 INFO Measurement at current 0.0052763819095477385
2023-05-31 11:53:48,687 INFO T:240.02Â°K V:3.9911e-03V I:5.2764e-03A R:7.5642e-01ğ›€ E:7.6753e-02V/cm J:5.9285e-02A/cm2 ğ›’:1.2946e+00ğ›€ cm
2023-05-31 11:53:48,706 INFO Measurement at current 0.006030150753768844
2023-05-31 11:53:49,303 INFO T:240.03Â°K V:4.5616e-03V I:6.0302e-03A R:7.5646e-01ğ›€ E:8.7723e-02V/cm J:6.7755e-02A/cm2 ğ›’:1.2947e+00ğ›€ cm
2023-05-31 11:53:49,321 INFO Measurement at current 0.0067839195979899495
2023-05-31 11:53:49,928 INFO T:240.04Â°K V:5.1317e-03V I:6.7839e-03A R:7.5646e-01ğ›€ E:9.8687e-02V/cm J:7.6224e-02A/cm2 ğ›’:1.2947e+00ğ›€ cm
2023-05-31 11:53:49,951 INFO Measurement at current 0.007537688442211055
2023-05-31 11:53:50,557 INFO T:240.05Â°K V:5.7022e-03V I:7.5377e-03A R:7.5649e-01ğ›€ E:1.0966e-01V/cm J:8.4693e-02A/cm2 ğ›’:1.2948e+00ğ›€ cm
2023-05-31 11:53:50,587 INFO Measurement at current 0.008291457286432161
2023-05-31 11:53:51,185 INFO T:240.06Â°K V:6.2724e-03V I:8.2915e-03A R:7.5649e-01ğ›€ E:1.2062e-01V/cm J:9.3162e-02A/cm2 ğ›’:1.2948e+00ğ›€ cm
2023-05-31 11:53:51,205 INFO Measurement at current 0.009045226130653266
2023-05-31 11:53:51,817 INFO T:240.07Â°K V:6.8429e-03V I:9.0452e-03A R:7.5652e-01ğ›€ E:1.3159e-01V/cm J:1.0163e-01A/cm2 ğ›’:1.2948e+00ğ›€ cm
2023-05-31 11:53:51,838 INFO Measurement at current 0.00979899497487437
2023-05-31 11:53:52,438 INFO T:240.09Â°K V:7.4136e-03V I:9.7990e-03A R:7.5657e-01ğ›€ E:1.4257e-01V/cm J:1.1010e-01A/cm2 ğ›’:1.2949e+00ğ›€ cm
2023-05-31 11:53:52,460 INFO Measurement at current 0.010552763819095477
2023-05-31 11:53:53,063 INFO T:240.09Â°K V:7.9873e-03V I:1.0553e-02A R:7.5690e-01ğ›€ E:1.5360e-01V/cm J:1.1857e-01A/cm2 ğ›’:1.2955e+00ğ›€ cm
2023-05-31 11:53:53,087 INFO Measurement at current 0.011306532663316583
2023-05-31 11:53:53,703 INFO T:240.11Â°K V:8.5548e-03V I:1.1307e-02A R:7.5662e-01ğ›€ E:1.6451e-01V/cm J:1.2704e-01A/cm2 ğ›’:1.2950e+00ğ›€ cm
2023-05-31 11:53:53,723 INFO Measurement at current 0.012060301507537688
2023-05-31 11:53:54,335 INFO T:240.12Â°K V:9.1272e-03V I:1.2060e-02A R:7.5680e-01ğ›€ E:1.7552e-01V/cm J:1.3551e-01A/cm2 ğ›’:1.2953e+00ğ›€ cm
2023-05-31 11:53:54,352 INFO Measurement at current 0.012814070351758793
2023-05-31 11:53:54,956 INFO T:240.13Â°K V:9.6986e-03V I:1.2814e-02A R:7.5687e-01ğ›€ E:1.8651e-01V/cm J:1.4398e-01A/cm2 ğ›’:1.2954e+00ğ›€ cm
2023-05-31 11:53:54,975 INFO Measurement at current 0.013567839195979899
2023-05-31 11:53:55,564 INFO T:240.14Â°K V:1.0270e-02V I:1.3568e-02A R:7.5696e-01ğ›€ E:1.9751e-01V/cm J:1.5245e-01A/cm2 ğ›’:1.2956e+00ğ›€ cm
2023-05-31 11:53:55,591 INFO Measurement at current 0.014321608040201005
2023-05-31 11:53:56,200 INFO T:240.15Â°K V:1.0839e-02V I:1.4322e-02A R:7.5682e-01ğ›€ E:2.0844e-01V/cm J:1.6092e-01A/cm2 ğ›’:1.2953e+00ğ›€ cm
2023-05-31 11:53:56,217 INFO Measurement at current 0.01507537688442211
2023-05-31 11:53:56,811 INFO T:240.16Â°K V:1.1412e-02V I:1.5075e-02A R:7.5701e-01ğ›€ E:2.1947e-01V/cm J:1.6939e-01A/cm2 ğ›’:1.2956e+00ğ›€ cm
2023-05-31 11:53:56,828 INFO Measurement at current 0.015829145728643215
2023-05-31 11:53:57,418 INFO T:240.17Â°K V:1.1985e-02V I:1.5829e-02A R:7.5712e-01ğ›€ E:2.3047e-01V/cm J:1.7786e-01A/cm2 ğ›’:1.2958e+00ğ›€ cm
2023-05-31 11:53:57,432 INFO Measurement at current 0.016582914572864323
2023-05-31 11:53:58,878 INFO T:240.19Â°K V:1.2555e-02V I:1.6583e-02A R:7.5711e-01ğ›€ E:2.4144e-01V/cm J:1.8632e-01A/cm2 ğ›’:1.2958e+00ğ›€ cm
2023-05-31 11:53:58,902 INFO Measurement at current 0.017336683417085427
2023-05-31 11:53:59,504 INFO T:240.20Â°K V:1.3124e-02V I:1.7337e-02A R:7.5698e-01ğ›€ E:2.5238e-01V/cm J:1.9479e-01A/cm2 ğ›’:1.2956e+00ğ›€ cm
2023-05-31 11:53:59,528 INFO Measurement at current 0.018090452261306532
2023-05-31 11:54:00,118 INFO T:240.21Â°K V:1.3697e-02V I:1.8090e-02A R:7.5717e-01ğ›€ E:2.6341e-01V/cm J:2.0326e-01A/cm2 ğ›’:1.2959e+00ğ›€ cm
2023-05-31 11:54:00,135 INFO Measurement at current 0.018844221105527637
2023-05-31 11:54:00,721 INFO T:240.22Â°K V:1.4270e-02V I:1.8844e-02A R:7.5727e-01ğ›€ E:2.7443e-01V/cm J:2.1173e-01A/cm2 ğ›’:1.2961e+00ğ›€ cm
2023-05-31 11:54:00,736 INFO Measurement at current 0.01959798994974874
2023-05-31 11:54:01,325 INFO T:240.23Â°K V:1.4843e-02V I:1.9598e-02A R:7.5738e-01ğ›€ E:2.8544e-01V/cm J:2.2020e-01A/cm2 ğ›’:1.2963e+00ğ›€ cm
2023-05-31 11:54:01,348 INFO Measurement at current 0.02035175879396985
2023-05-31 11:54:01,941 INFO T:240.24Â°K V:1.5412e-02V I:2.0352e-02A R:7.5728e-01ğ›€ E:2.9638e-01V/cm J:2.2867e-01A/cm2 ğ›’:1.2961e+00ğ›€ cm
2023-05-31 11:54:01,964 INFO Measurement at current 0.021105527638190954
2023-05-31 11:54:02,564 INFO T:240.25Â°K V:1.5985e-02V I:2.1106e-02A R:7.5736e-01ğ›€ E:3.0740e-01V/cm J:2.3714e-01A/cm2 ğ›’:1.2963e+00ğ›€ cm
2023-05-31 11:54:02,595 INFO Measurement at current 0.02185929648241206
2023-05-31 11:54:03,194 INFO T:240.26Â°K V:1.6558e-02V I:2.1859e-02A R:7.5749e-01ğ›€ E:3.1843e-01V/cm J:2.4561e-01A/cm2 ğ›’:1.2965e+00ğ›€ cm
2023-05-31 11:54:03,223 INFO Measurement at current 0.022613065326633167
2023-05-31 11:54:03,809 INFO T:240.27Â°K V:1.7131e-02V I:2.2613e-02A R:7.5757e-01ğ›€ E:3.2944e-01V/cm J:2.5408e-01A/cm2 ğ›’:1.2966e+00ğ›€ cm
2023-05-31 11:54:03,824 INFO Measurement at current 0.02336683417085427
2023-05-31 11:54:04,425 INFO T:240.28Â°K V:1.7700e-02V I:2.3367e-02A R:7.5749e-01ğ›€ E:3.4039e-01V/cm J:2.6255e-01A/cm2 ğ›’:1.2965e+00ğ›€ cm
2023-05-31 11:54:04,447 INFO Measurement at current 0.024120603015075376
2023-05-31 11:54:05,047 INFO T:240.29Â°K V:1.8273e-02V I:2.4121e-02A R:7.5757e-01ğ›€ E:3.5140e-01V/cm J:2.7102e-01A/cm2 ğ›’:1.2966e+00ğ›€ cm
2023-05-31 11:54:05,067 INFO Measurement at current 0.02487437185929648
2023-05-31 11:54:05,671 INFO T:240.30Â°K V:1.8847e-02V I:2.4874e-02A R:7.5770e-01ğ›€ E:3.6245e-01V/cm J:2.7949e-01A/cm2 ğ›’:1.2968e+00ğ›€ cm
2023-05-31 11:54:05,688 INFO Measurement at current 0.025628140703517585
2023-05-31 11:54:06,278 INFO T:240.31Â°K V:1.9421e-02V I:2.5628e-02A R:7.5778e-01ğ›€ E:3.7347e-01V/cm J:2.8796e-01A/cm2 ğ›’:1.2970e+00ğ›€ cm
2023-05-31 11:54:06,296 INFO Measurement at current 0.026381909547738693
2023-05-31 11:54:06,903 INFO T:240.32Â°K V:1.9990e-02V I:2.6382e-02A R:7.5772e-01ğ›€ E:3.8443e-01V/cm J:2.9643e-01A/cm2 ğ›’:1.2969e+00ğ›€ cm
2023-05-31 11:54:06,927 INFO Measurement at current 0.027135678391959798
2023-05-31 11:54:07,514 INFO T:240.33Â°K V:2.0564e-02V I:2.7136e-02A R:7.5783e-01ğ›€ E:3.9547e-01V/cm J:3.0490e-01A/cm2 ğ›’:1.2971e+00ğ›€ cm
2023-05-31 11:54:07,536 INFO Measurement at current 0.027889447236180902
2023-05-31 11:54:08,138 INFO T:240.34Â°K V:2.1140e-02V I:2.7889e-02A R:7.5800e-01ğ›€ E:4.0654e-01V/cm J:3.1336e-01A/cm2 ğ›’:1.2973e+00ğ›€ cm
2023-05-31 11:54:08,167 INFO Measurement at current 0.02864321608040201
2023-05-31 11:54:08,765 INFO T:240.35Â°K V:2.1715e-02V I:2.8643e-02A R:7.5811e-01ğ›€ E:4.1759e-01V/cm J:3.2183e-01A/cm2 ğ›’:1.2975e+00ğ›€ cm
2023-05-31 11:54:08,783 INFO Measurement at current 0.029396984924623115
2023-05-31 11:54:09,371 INFO T:240.36Â°K V:2.2286e-02V I:2.9397e-02A R:7.5809e-01ğ›€ E:4.2857e-01V/cm J:3.3030e-01A/cm2 ğ›’:1.2975e+00ğ›€ cm
2023-05-31 11:54:09,406 INFO Measurement at current 0.03015075376884422
2023-05-31 11:54:09,997 INFO T:240.37Â°K V:2.2860e-02V I:3.0151e-02A R:7.5820e-01ğ›€ E:4.3962e-01V/cm J:3.3877e-01A/cm2 ğ›’:1.2977e+00ğ›€ cm
2023-05-31 11:54:10,012 INFO Measurement at current 0.030904522613065324
2023-05-31 11:54:10,598 INFO T:240.38Â°K V:2.3437e-02V I:3.0905e-02A R:7.5836e-01ğ›€ E:4.5071e-01V/cm J:3.4724e-01A/cm2 ğ›’:1.2980e+00ğ›€ cm
2023-05-31 11:54:10,621 INFO Measurement at current 0.03165829145728643
2023-05-31 11:54:11,220 INFO T:240.39Â°K V:2.4012e-02V I:3.1658e-02A R:7.5848e-01ğ›€ E:4.6178e-01V/cm J:3.5571e-01A/cm2 ğ›’:1.2982e+00ğ›€ cm
2023-05-31 11:54:11,234 INFO Measurement at current 0.032412060301507534
2023-05-31 11:54:11,824 INFO T:240.40Â°K V:2.4584e-02V I:3.2412e-02A R:7.5848e-01ğ›€ E:4.7277e-01V/cm J:3.6418e-01A/cm2 ğ›’:1.2982e+00ğ›€ cm
2023-05-31 11:54:11,843 INFO Measurement at current 0.033165829145728645
2023-05-31 11:54:12,441 INFO T:240.41Â°K V:2.5160e-02V I:3.3166e-02A R:7.5861e-01ğ›€ E:4.8384e-01V/cm J:3.7265e-01A/cm2 ğ›’:1.2984e+00ğ›€ cm
2023-05-31 11:54:12,456 INFO Measurement at current 0.03391959798994975
2023-05-31 11:54:13,044 INFO T:240.42Â°K V:2.5737e-02V I:3.3920e-02A R:7.5876e-01ğ›€ E:4.9494e-01V/cm J:3.8112e-01A/cm2 ğ›’:1.2986e+00ğ›€ cm
2023-05-31 11:54:13,058 INFO Measurement at current 0.034673366834170855
2023-05-31 11:54:13,646 INFO T:240.42Â°K V:2.6312e-02V I:3.4673e-02A R:7.5886e-01ğ›€ E:5.0601e-01V/cm J:3.8959e-01A/cm2 ğ›’:1.2988e+00ğ›€ cm
2023-05-31 11:54:13,671 INFO Measurement at current 0.03542713567839196
2023-05-31 11:54:14,293 INFO T:240.43Â°K V:2.6884e-02V I:3.5427e-02A R:7.5886e-01ğ›€ E:5.1700e-01V/cm J:3.9806e-01A/cm2 ğ›’:1.2988e+00ğ›€ cm
2023-05-31 11:54:14,308 INFO Measurement at current 0.036180904522613064
2023-05-31 11:54:14,904 INFO T:240.44Â°K V:2.7460e-02V I:3.6181e-02A R:7.5897e-01ğ›€ E:5.2808e-01V/cm J:4.0653e-01A/cm2 ğ›’:1.2990e+00ğ›€ cm
2023-05-31 11:54:14,922 INFO Measurement at current 0.03693467336683417
2023-05-31 11:54:15,530 INFO T:240.45Â°K V:2.8038e-02V I:3.6935e-02A R:7.5911e-01ğ›€ E:5.3918e-01V/cm J:4.1500e-01A/cm2 ğ›’:1.2992e+00ğ›€ cm
2023-05-31 11:54:15,551 INFO Measurement at current 0.03768844221105527
2023-05-31 11:54:16,149 INFO T:240.46Â°K V:2.8614e-02V I:3.7688e-02A R:7.5922e-01ğ›€ E:5.5027e-01V/cm J:4.2347e-01A/cm2 ğ›’:1.2994e+00ğ›€ cm
2023-05-31 11:54:16,169 INFO Measurement at current 0.03844221105527638
2023-05-31 11:54:16,762 INFO T:240.47Â°K V:2.9187e-02V I:3.8442e-02A R:7.5924e-01ğ›€ E:5.6128e-01V/cm J:4.3193e-01A/cm2 ğ›’:1.2995e+00ğ›€ cm
2023-05-31 11:54:16,784 INFO Measurement at current 0.03919597989949748
2023-05-31 11:54:17,386 INFO T:240.48Â°K V:2.9763e-02V I:3.9196e-02A R:7.5935e-01ğ›€ E:5.7237e-01V/cm J:4.4040e-01A/cm2 ğ›’:1.2997e+00ğ›€ cm
2023-05-31 11:54:17,405 INFO Measurement at current 0.039949748743718594
2023-05-31 11:54:17,998 INFO T:240.49Â°K V:3.0342e-02V I:3.9950e-02A R:7.5950e-01ğ›€ E:5.8349e-01V/cm J:4.4887e-01A/cm2 ğ›’:1.2999e+00ğ›€ cm
2023-05-31 11:54:18,017 INFO Measurement at current 0.0407035175879397
2023-05-31 11:54:18,604 INFO T:240.50Â°K V:3.0919e-02V I:4.0704e-02A R:7.5962e-01ğ›€ E:5.9460e-01V/cm J:4.5734e-01A/cm2 ğ›’:1.3001e+00ğ›€ cm
2023-05-31 11:54:18,623 INFO Measurement at current 0.0414572864321608
2023-05-31 11:54:19,210 INFO T:240.51Â°K V:3.1494e-02V I:4.1457e-02A R:7.5967e-01ğ›€ E:6.0565e-01V/cm J:4.6581e-01A/cm2 ğ›’:1.3002e+00ğ›€ cm
2023-05-31 11:54:19,234 INFO Measurement at current 0.04221105527638191
2023-05-31 11:54:19,837 INFO T:240.52Â°K V:3.2072e-02V I:4.2211e-02A R:7.5981e-01ğ›€ E:6.1677e-01V/cm J:4.7428e-01A/cm2 ğ›’:1.3004e+00ğ›€ cm
2023-05-31 11:54:19,860 INFO Measurement at current 0.04296482412060301
2023-05-31 11:54:20,464 INFO T:240.53Â°K V:3.2652e-02V I:4.2965e-02A R:7.5998e-01ğ›€ E:6.2793e-01V/cm J:4.8275e-01A/cm2 ğ›’:1.3007e+00ğ›€ cm
2023-05-31 11:54:20,482 INFO Measurement at current 0.04371859296482412
2023-05-31 11:54:21,072 INFO T:240.54Â°K V:3.3231e-02V I:4.3719e-02A R:7.6011e-01ğ›€ E:6.3906e-01V/cm J:4.9122e-01A/cm2 ğ›’:1.3010e+00ğ›€ cm
2023-05-31 11:54:21,093 INFO Measurement at current 0.04447236180904522
2023-05-31 11:54:21,678 INFO T:240.55Â°K V:3.3806e-02V I:4.4472e-02A R:7.6017e-01ğ›€ E:6.5012e-01V/cm J:4.9969e-01A/cm2 ğ›’:1.3011e+00ğ›€ cm
2023-05-31 11:54:21,697 INFO Measurement at current 0.04522613065326633
2023-05-31 11:54:22,286 INFO T:240.56Â°K V:3.4386e-02V I:4.5226e-02A R:7.6031e-01ğ›€ E:6.6127e-01V/cm J:5.0816e-01A/cm2 ğ›’:1.3013e+00ğ›€ cm
2023-05-31 11:54:22,308 INFO Measurement at current 0.04597989949748744
2023-05-31 11:54:22,902 INFO T:240.57Â°K V:3.4967e-02V I:4.5980e-02A R:7.6048e-01ğ›€ E:6.7244e-01V/cm J:5.1663e-01A/cm2 ğ›’:1.3016e+00ğ›€ cm
2023-05-31 11:54:22,925 INFO Measurement at current 0.04673366834170854
2023-05-31 11:54:23,531 INFO T:240.58Â°K V:3.5547e-02V I:4.6734e-02A R:7.6063e-01ğ›€ E:6.8359e-01V/cm J:5.2510e-01A/cm2 ğ›’:1.3018e+00ğ›€ cm
2023-05-31 11:54:23,567 INFO Measurement at current 0.04748743718592965
2023-05-31 11:54:24,162 INFO T:240.59Â°K V:3.6123e-02V I:4.7487e-02A R:7.6068e-01ğ›€ E:6.9467e-01V/cm J:5.3357e-01A/cm2 ğ›’:1.3019e+00ğ›€ cm
2023-05-31 11:54:24,186 INFO Measurement at current 0.04824120603015075
2023-05-31 11:54:24,779 INFO T:240.60Â°K V:3.6703e-02V I:4.8241e-02A R:7.6082e-01ğ›€ E:7.0583e-01V/cm J:5.4204e-01A/cm2 ğ›’:1.3022e+00ğ›€ cm
2023-05-31 11:54:24,798 INFO Measurement at current 0.048994974874371856
2023-05-31 11:54:25,411 INFO T:240.61Â°K V:3.7284e-02V I:4.8995e-02A R:7.6098e-01ğ›€ E:7.1700e-01V/cm J:5.5051e-01A/cm2 ğ›’:1.3024e+00ğ›€ cm
2023-05-31 11:54:25,436 INFO Measurement at current 0.04974874371859296
2023-05-31 11:54:26,048 INFO T:240.62Â°K V:3.7865e-02V I:4.9749e-02A R:7.6112e-01ğ›€ E:7.2817e-01V/cm J:5.5897e-01A/cm2 ğ›’:1.3027e+00ğ›€ cm
2023-05-31 11:54:26,067 INFO Measurement at current 0.050502512562814066
2023-05-31 11:54:26,667 INFO T:240.63Â°K V:3.8445e-02V I:5.0503e-02A R:7.6126e-01ğ›€ E:7.3933e-01V/cm J:5.6744e-01A/cm2 ğ›’:1.3029e+00ğ›€ cm
2023-05-31 11:54:26,690 INFO Measurement at current 0.05125628140703517
2023-05-31 11:54:27,287 INFO T:240.64Â°K V:3.9022e-02V I:5.1256e-02A R:7.6132e-01ğ›€ E:7.5043e-01V/cm J:5.7591e-01A/cm2 ğ›’:1.3030e+00ğ›€ cm
2023-05-31 11:54:27,326 INFO Measurement at current 0.05201005025125628
2023-05-31 11:54:27,918 INFO T:240.65Â°K V:3.9605e-02V I:5.2010e-02A R:7.6149e-01ğ›€ E:7.6164e-01V/cm J:5.8438e-01A/cm2 ğ›’:1.3033e+00ğ›€ cm
2023-05-31 11:54:27,934 INFO Measurement at current 0.052763819095477386
2023-05-31 11:54:28,532 INFO T:240.66Â°K V:4.0187e-02V I:5.2764e-02A R:7.6163e-01ğ›€ E:7.7282e-01V/cm J:5.9285e-01A/cm2 ğ›’:1.3036e+00ğ›€ cm
2023-05-31 11:54:28,548 INFO Measurement at current 0.05351758793969849
2023-05-31 11:54:29,139 INFO T:240.67Â°K V:4.0768e-02V I:5.3518e-02A R:7.6178e-01ğ›€ E:7.8401e-01V/cm J:6.0132e-01A/cm2 ğ›’:1.3038e+00ğ›€ cm
2023-05-31 11:54:29,177 INFO Measurement at current 0.054271356783919596
2023-05-31 11:54:29,769 INFO T:240.68Â°K V:4.1347e-02V I:5.4271e-02A R:7.6186e-01ğ›€ E:7.9514e-01V/cm J:6.0979e-01A/cm2 ğ›’:1.3040e+00ğ›€ cm
2023-05-31 11:54:29,793 INFO Measurement at current 0.0550251256281407
2023-05-31 11:54:30,380 INFO T:240.69Â°K V:4.1932e-02V I:5.5025e-02A R:7.6204e-01ğ›€ E:8.0638e-01V/cm J:6.1826e-01A/cm2 ğ›’:1.3043e+00ğ›€ cm
2023-05-31 11:54:30,396 INFO Measurement at current 0.055778894472361805
2023-05-31 11:54:31,008 INFO T:240.70Â°K V:4.2515e-02V I:5.5779e-02A R:7.6220e-01ğ›€ E:8.1759e-01V/cm J:6.2673e-01A/cm2 ğ›’:1.3045e+00ğ›€ cm
2023-05-31 11:54:31,026 INFO Measurement at current 0.05653266331658291
2023-05-31 11:54:31,626 INFO T:240.71Â°K V:4.3098e-02V I:5.6533e-02A R:7.6236e-01ğ›€ E:8.2881e-01V/cm J:6.3520e-01A/cm2 ğ›’:1.3048e+00ğ›€ cm
2023-05-31 11:54:31,647 INFO Measurement at current 0.05728643216080402
2023-05-31 11:54:32,241 INFO T:240.72Â°K V:4.3678e-02V I:5.7286e-02A R:7.6246e-01ğ›€ E:8.3997e-01V/cm J:6.4367e-01A/cm2 ğ›’:1.3050e+00ğ›€ cm
2023-05-31 11:54:32,262 INFO Measurement at current 0.058040201005025126
2023-05-31 11:54:32,868 INFO T:240.73Â°K V:4.4264e-02V I:5.8040e-02A R:7.6265e-01ğ›€ E:8.5123e-01V/cm J:6.5214e-01A/cm2 ğ›’:1.3053e+00ğ›€ cm
2023-05-31 11:54:32,896 INFO Measurement at current 0.05879396984924623
2023-05-31 11:54:33,488 INFO T:240.74Â°K V:4.4849e-02V I:5.8794e-02A R:7.6281e-01ğ›€ E:8.6248e-01V/cm J:6.6061e-01A/cm2 ğ›’:1.3056e+00ğ›€ cm
2023-05-31 11:54:33,506 INFO Measurement at current 0.059547738693467335
2023-05-31 11:54:34,113 INFO T:240.75Â°K V:4.5433e-02V I:5.9548e-02A R:7.6298e-01ğ›€ E:8.7372e-01V/cm J:6.6908e-01A/cm2 ğ›’:1.3059e+00ğ›€ cm
2023-05-31 11:54:34,136 INFO Measurement at current 0.06030150753768844
2023-05-31 11:54:34,722 INFO T:240.75Â°K V:4.6015e-02V I:6.0302e-02A R:7.6308e-01ğ›€ E:8.8491e-01V/cm J:6.7755e-01A/cm2 ğ›’:1.3060e+00ğ›€ cm
2023-05-31 11:54:34,744 INFO Measurement at current 0.061055276381909544
2023-05-31 11:54:35,335 INFO T:240.76Â°K V:4.6602e-02V I:6.1055e-02A R:7.6327e-01ğ›€ E:8.9619e-01V/cm J:6.8601e-01A/cm2 ğ›’:1.3064e+00ğ›€ cm
2023-05-31 11:54:35,356 INFO Measurement at current 0.06180904522613065
2023-05-31 11:54:35,944 INFO T:240.77Â°K V:4.7187e-02V I:6.1809e-02A R:7.6343e-01ğ›€ E:9.0744e-01V/cm J:6.9448e-01A/cm2 ğ›’:1.3066e+00ğ›€ cm
2023-05-31 11:54:35,959 INFO Measurement at current 0.06256281407035176
2023-05-31 11:54:36,552 INFO T:240.78Â°K V:4.7772e-02V I:6.2563e-02A R:7.6359e-01ğ›€ E:9.1870e-01V/cm J:7.0295e-01A/cm2 ğ›’:1.3069e+00ğ›€ cm
2023-05-31 11:54:36,568 INFO Measurement at current 0.06331658291457286
2023-05-31 11:54:37,161 INFO T:240.79Â°K V:4.8354e-02V I:6.3317e-02A R:7.6369e-01ğ›€ E:9.2989e-01V/cm J:7.1142e-01A/cm2 ğ›’:1.3071e+00ğ›€ cm
2023-05-31 11:54:37,183 INFO Measurement at current 0.06407035175879397
2023-05-31 11:54:37,784 INFO T:240.80Â°K V:4.8942e-02V I:6.4070e-02A R:7.6387e-01ğ›€ E:9.4119e-01V/cm J:7.1989e-01A/cm2 ğ›’:1.3074e+00ğ›€ cm
2023-05-31 11:54:37,803 INFO Measurement at current 0.06482412060301507
2023-05-31 11:54:38,410 INFO T:240.81Â°K V:4.9528e-02V I:6.4824e-02A R:7.6404e-01ğ›€ E:9.5247e-01V/cm J:7.2836e-01A/cm2 ğ›’:1.3077e+00ğ›€ cm
2023-05-31 11:54:38,427 INFO Measurement at current 0.06557788944723618
2023-05-31 11:54:39,017 INFO T:240.82Â°K V:5.0115e-02V I:6.5578e-02A R:7.6421e-01ğ›€ E:9.6376e-01V/cm J:7.3683e-01A/cm2 ğ›’:1.3080e+00ğ›€ cm
2023-05-31 11:54:39,032 INFO Measurement at current 0.06633165829145729
2023-05-31 11:54:39,621 INFO T:240.83Â°K V:5.0699e-02V I:6.6332e-02A R:7.6432e-01ğ›€ E:9.7497e-01V/cm J:7.4530e-01A/cm2 ğ›’:1.3082e+00ğ›€ cm
2023-05-31 11:54:39,656 INFO Measurement at current 0.06708542713567839
2023-05-31 11:54:40,260 INFO T:240.84Â°K V:5.1288e-02V I:6.7085e-02A R:7.6452e-01ğ›€ E:9.8631e-01V/cm J:7.5377e-01A/cm2 ğ›’:1.3085e+00ğ›€ cm
2023-05-31 11:54:40,280 INFO Measurement at current 0.0678391959798995
2023-05-31 11:54:40,879 INFO T:240.85Â°K V:5.1876e-02V I:6.7839e-02A R:7.6469e-01ğ›€ E:9.9762e-01V/cm J:7.6224e-01A/cm2 ğ›’:1.3088e+00ğ›€ cm
2023-05-31 11:54:40,927 INFO Measurement at current 0.0685929648241206
2023-05-31 11:54:41,538 INFO T:240.86Â°K V:5.2466e-02V I:6.8593e-02A R:7.6488e-01ğ›€ E:1.0090e+00V/cm J:7.7071e-01A/cm2 ğ›’:1.3091e+00ğ›€ cm
2023-05-31 11:54:41,562 INFO Measurement at current 0.06934673366834171
2023-05-31 11:54:42,156 INFO T:240.87Â°K V:5.3051e-02V I:6.9347e-02A R:7.6501e-01ğ›€ E:1.0202e+00V/cm J:7.7918e-01A/cm2 ğ›’:1.3093e+00ğ›€ cm
2023-05-31 11:54:42,173 INFO Measurement at current 0.0701005025125628
2023-05-31 11:54:42,761 INFO T:240.88Â°K V:5.3642e-02V I:7.0101e-02A R:7.6522e-01ğ›€ E:1.0316e+00V/cm J:7.8765e-01A/cm2 ğ›’:1.3097e+00ğ›€ cm
2023-05-31 11:54:42,775 INFO Measurement at current 0.07085427135678392
2023-05-31 11:54:43,364 INFO T:240.89Â°K V:5.4232e-02V I:7.0854e-02A R:7.6540e-01ğ›€ E:1.0429e+00V/cm J:7.9612e-01A/cm2 ğ›’:1.3100e+00ğ›€ cm
2023-05-31 11:54:43,382 INFO Measurement at current 0.07160804020100502
2023-05-31 11:54:43,977 INFO T:240.90Â°K V:5.4823e-02V I:7.1608e-02A R:7.6559e-01ğ›€ E:1.0543e+00V/cm J:8.0458e-01A/cm2 ğ›’:1.3103e+00ğ›€ cm
2023-05-31 11:54:43,995 INFO Measurement at current 0.07236180904522613
2023-05-31 11:54:44,591 INFO T:240.91Â°K V:5.5410e-02V I:7.2362e-02A R:7.6574e-01ğ›€ E:1.0656e+00V/cm J:8.1305e-01A/cm2 ğ›’:1.3106e+00ğ›€ cm
2023-05-31 11:54:44,618 INFO Measurement at current 0.07311557788944724
2023-05-31 11:54:45,208 INFO T:240.92Â°K V:5.6003e-02V I:7.3116e-02A R:7.6595e-01ğ›€ E:1.0770e+00V/cm J:8.2152e-01A/cm2 ğ›’:1.3109e+00ğ›€ cm
2023-05-31 11:54:45,236 INFO Measurement at current 0.07386934673366834
2023-05-31 11:54:45,853 INFO T:240.93Â°K V:5.6595e-02V I:7.3869e-02A R:7.6615e-01ğ›€ E:1.0884e+00V/cm J:8.2999e-01A/cm2 ğ›’:1.3113e+00ğ›€ cm
2023-05-31 11:54:45,892 INFO Measurement at current 0.07462311557788945
2023-05-31 11:54:46,479 INFO T:240.94Â°K V:5.7187e-02V I:7.4623e-02A R:7.6634e-01ğ›€ E:1.0997e+00V/cm J:8.3846e-01A/cm2 ğ›’:1.3116e+00ğ›€ cm
2023-05-31 11:54:46,493 INFO Measurement at current 0.07537688442211055
2023-05-31 11:54:47,078 INFO T:240.94Â°K V:5.7774e-02V I:7.5377e-02A R:7.6647e-01ğ›€ E:1.1110e+00V/cm J:8.4693e-01A/cm2 ğ›’:1.3118e+00ğ›€ cm
2023-05-31 11:54:47,093 INFO Measurement at current 0.07613065326633166
2023-05-31 11:54:47,684 INFO T:240.95Â°K V:5.8368e-02V I:7.6131e-02A R:7.6668e-01ğ›€ E:1.1225e+00V/cm J:8.5540e-01A/cm2 ğ›’:1.3122e+00ğ›€ cm
2023-05-31 11:54:47,703 INFO Measurement at current 0.07688442211055276
2023-05-31 11:54:48,288 INFO T:240.96Â°K V:5.8961e-02V I:7.6884e-02A R:7.6687e-01ğ›€ E:1.1339e+00V/cm J:8.6387e-01A/cm2 ğ›’:1.3125e+00ğ›€ cm
2023-05-31 11:54:48,307 INFO Measurement at current 0.07763819095477387
2023-05-31 11:54:48,895 INFO T:240.97Â°K V:5.9554e-02V I:7.7638e-02A R:7.6707e-01ğ›€ E:1.1453e+00V/cm J:8.7234e-01A/cm2 ğ›’:1.3129e+00ğ›€ cm
2023-05-31 11:54:48,921 INFO Measurement at current 0.07839195979899496
2023-05-31 11:54:49,509 INFO T:240.98Â°K V:6.0143e-02V I:7.8392e-02A R:7.6721e-01ğ›€ E:1.1566e+00V/cm J:8.8081e-01A/cm2 ğ›’:1.3131e+00ğ›€ cm
2023-05-31 11:54:49,526 INFO Measurement at current 0.07914572864321608
2023-05-31 11:54:50,122 INFO T:240.99Â°K V:6.0739e-02V I:7.9146e-02A R:7.6743e-01ğ›€ E:1.1681e+00V/cm J:8.8928e-01A/cm2 ğ›’:1.3135e+00ğ›€ cm
2023-05-31 11:54:50,138 INFO Measurement at current 0.07989949748743719
2023-05-31 11:54:50,726 INFO T:241.00Â°K V:6.1333e-02V I:7.9899e-02A R:7.6763e-01ğ›€ E:1.1795e+00V/cm J:8.9775e-01A/cm2 ğ›’:1.3138e+00ğ›€ cm
2023-05-31 11:54:50,745 INFO Measurement at current 0.08065326633165829
2023-05-31 11:54:51,330 INFO T:241.01Â°K V:6.1928e-02V I:8.0653e-02A R:7.6783e-01ğ›€ E:1.1909e+00V/cm J:9.0622e-01A/cm2 ğ›’:1.3142e+00ğ›€ cm
2023-05-31 11:54:51,364 INFO Measurement at current 0.0814070351758794
2023-05-31 11:54:51,979 INFO T:241.02Â°K V:6.2521e-02V I:8.1407e-02A R:7.6800e-01ğ›€ E:1.2023e+00V/cm J:9.1469e-01A/cm2 ğ›’:1.3145e+00ğ›€ cm
2023-05-31 11:54:52,002 INFO Measurement at current 0.0821608040201005
2023-05-31 11:54:52,596 INFO T:241.03Â°K V:6.3118e-02V I:8.2161e-02A R:7.6823e-01ğ›€ E:1.2138e+00V/cm J:9.2316e-01A/cm2 ğ›’:1.3148e+00ğ›€ cm
2023-05-31 11:54:52,630 INFO Measurement at current 0.0829145728643216
2023-05-31 11:54:53,235 INFO T:241.04Â°K V:6.3716e-02V I:8.2915e-02A R:7.6845e-01ğ›€ E:1.2253e+00V/cm J:9.3162e-01A/cm2 ğ›’:1.3152e+00ğ›€ cm
2023-05-31 11:54:53,264 INFO Measurement at current 0.0836683417085427
2023-05-31 11:54:53,867 INFO T:241.05Â°K V:6.4314e-02V I:8.3668e-02A R:7.6867e-01ğ›€ E:1.2368e+00V/cm J:9.4009e-01A/cm2 ğ›’:1.3156e+00ğ›€ cm
2023-05-31 11:54:53,889 INFO Measurement at current 0.08442211055276382
2023-05-31 11:54:54,484 INFO T:241.06Â°K V:6.4907e-02V I:8.4422e-02A R:7.6884e-01ğ›€ E:1.2482e+00V/cm J:9.4856e-01A/cm2 ğ›’:1.3159e+00ğ›€ cm
2023-05-31 11:54:54,497 INFO Measurement at current 0.08517587939698493
2023-05-31 11:54:55,081 INFO T:241.07Â°K V:6.5506e-02V I:8.5176e-02A R:7.6907e-01ğ›€ E:1.2597e+00V/cm J:9.5703e-01A/cm2 ğ›’:1.3163e+00ğ›€ cm
2023-05-31 11:54:55,096 INFO Measurement at current 0.08592964824120602
2023-05-31 11:54:55,683 INFO T:241.08Â°K V:6.6105e-02V I:8.5930e-02A R:7.6930e-01ğ›€ E:1.2713e+00V/cm J:9.6550e-01A/cm2 ğ›’:1.3167e+00ğ›€ cm
2023-05-31 11:54:55,706 INFO Measurement at current 0.08668341708542714
2023-05-31 11:54:56,294 INFO T:241.09Â°K V:6.6705e-02V I:8.6683e-02A R:7.6953e-01ğ›€ E:1.2828e+00V/cm J:9.7397e-01A/cm2 ğ›’:1.3171e+00ğ›€ cm
2023-05-31 11:54:56,309 INFO Measurement at current 0.08743718592964823
2023-05-31 11:54:56,898 INFO T:241.09Â°K V:6.7301e-02V I:8.7437e-02A R:7.6971e-01ğ›€ E:1.2943e+00V/cm J:9.8244e-01A/cm2 ğ›’:1.3174e+00ğ›€ cm
2023-05-31 11:54:56,924 INFO Measurement at current 0.08819095477386935
2023-05-31 11:54:57,518 INFO T:241.10Â°K V:6.7903e-02V I:8.8191e-02A R:7.6996e-01ğ›€ E:1.3058e+00V/cm J:9.9091e-01A/cm2 ğ›’:1.3178e+00ğ›€ cm
2023-05-31 11:54:57,540 INFO Measurement at current 0.08894472361809044
2023-05-31 11:54:58,124 INFO T:241.11Â°K V:6.8503e-02V I:8.8945e-02A R:7.7018e-01ğ›€ E:1.3174e+00V/cm J:9.9938e-01A/cm2 ğ›’:1.3182e+00ğ›€ cm
2023-05-31 11:54:58,139 INFO Measurement at current 0.08969849246231155
2023-05-31 11:54:58,725 INFO T:241.12Â°K V:6.9103e-02V I:8.9698e-02A R:7.7040e-01ğ›€ E:1.3289e+00V/cm J:1.0078e+00A/cm2 ğ›’:1.3186e+00ğ›€ cm
2023-05-31 11:54:58,739 INFO Measurement at current 0.09045226130653267
2023-05-31 11:54:59,329 INFO T:241.13Â°K V:6.9701e-02V I:9.0452e-02A R:7.7058e-01ğ›€ E:1.3404e+00V/cm J:1.0163e+00A/cm2 ğ›’:1.3189e+00ğ›€ cm
2023-05-31 11:54:59,353 INFO Measurement at current 0.09120603015075376
2023-05-31 11:54:59,945 INFO T:241.14Â°K V:7.0304e-02V I:9.1206e-02A R:7.7082e-01ğ›€ E:1.3520e+00V/cm J:1.0248e+00A/cm2 ğ›’:1.3193e+00ğ›€ cm
2023-05-31 11:54:59,964 INFO Measurement at current 0.09195979899497488
2023-05-31 11:55:00,582 INFO T:241.15Â°K V:7.0906e-02V I:9.1960e-02A R:7.7105e-01ğ›€ E:1.3636e+00V/cm J:1.0333e+00A/cm2 ğ›’:1.3197e+00ğ›€ cm
2023-05-31 11:55:00,623 INFO Measurement at current 0.09271356783919597
2023-05-31 11:55:01,210 INFO T:241.16Â°K V:7.1509e-02V I:9.2714e-02A R:7.7129e-01ğ›€ E:1.3752e+00V/cm J:1.0417e+00A/cm2 ğ›’:1.3201e+00ğ›€ cm
2023-05-31 11:55:01,232 INFO Measurement at current 0.09346733668341708
2023-05-31 11:55:01,821 INFO T:241.17Â°K V:7.2108e-02V I:9.3467e-02A R:7.7148e-01ğ›€ E:1.3867e+00V/cm J:1.0502e+00A/cm2 ğ›’:1.3204e+00ğ›€ cm
2023-05-31 11:55:01,837 INFO Measurement at current 0.09422110552763818
2023-05-31 11:55:02,429 INFO T:241.18Â°K V:7.2711e-02V I:9.4221e-02A R:7.7171e-01ğ›€ E:1.3983e+00V/cm J:1.0587e+00A/cm2 ğ›’:1.3208e+00ğ›€ cm
2023-05-31 11:55:02,515 INFO Measurement at current 0.0949748743718593
2023-05-31 11:55:03,110 INFO T:241.19Â°K V:7.3318e-02V I:9.4975e-02A R:7.7198e-01ğ›€ E:1.4100e+00V/cm J:1.0671e+00A/cm2 ğ›’:1.3213e+00ğ›€ cm
2023-05-31 11:55:03,131 INFO Measurement at current 0.09572864321608039
2023-05-31 11:55:03,735 INFO T:241.20Â°K V:7.3924e-02V I:9.5729e-02A R:7.7222e-01ğ›€ E:1.4216e+00V/cm J:1.0756e+00A/cm2 ğ›’:1.3217e+00ğ›€ cm
2023-05-31 11:55:03,765 INFO Measurement at current 0.0964824120603015
2023-05-31 11:55:04,359 INFO T:241.21Â°K V:7.4527e-02V I:9.6482e-02A R:7.7244e-01ğ›€ E:1.4332e+00V/cm J:1.0841e+00A/cm2 ğ›’:1.3221e+00ğ›€ cm
2023-05-31 11:55:04,378 INFO Measurement at current 0.09723618090452261
2023-05-31 11:55:04,983 INFO T:241.22Â°K V:7.5133e-02V I:9.7236e-02A R:7.7268e-01ğ›€ E:1.4449e+00V/cm J:1.0925e+00A/cm2 ğ›’:1.3225e+00ğ›€ cm
2023-05-31 11:55:05,001 INFO Measurement at current 0.09798994974874371
2023-05-31 11:55:05,590 INFO T:241.23Â°K V:7.5741e-02V I:9.7990e-02A R:7.7295e-01ğ›€ E:1.4566e+00V/cm J:1.1010e+00A/cm2 ğ›’:1.3229e+00ğ›€ cm
2023-05-31 11:55:05,608 INFO Measurement at current 0.09874371859296482
2023-05-31 11:55:06,225 INFO T:241.23Â°K V:7.6349e-02V I:9.8744e-02A R:7.7320e-01ğ›€ E:1.4682e+00V/cm J:1.1095e+00A/cm2 ğ›’:1.3234e+00ğ›€ cm
2023-05-31 11:55:06,255 INFO Measurement at current 0.09949748743718592
2023-05-31 11:55:06,852 INFO T:241.24Â°K V:7.6954e-02V I:9.9497e-02A R:7.7342e-01ğ›€ E:1.4799e+00V/cm J:1.1179e+00A/cm2 ğ›’:1.3237e+00ğ›€ cm
2023-05-31 11:55:06,877 INFO Measurement at current 0.10025125628140703
2023-05-31 11:55:07,483 INFO T:241.25Â°K V:7.7563e-02V I:1.0025e-01A R:7.7369e-01ğ›€ E:1.4916e+00V/cm J:1.1264e+00A/cm2 ğ›’:1.3242e+00ğ›€ cm
2023-05-31 11:55:07,497 INFO Measurement at current 0.10100502512562813
2023-05-31 11:55:08,101 INFO T:241.26Â°K V:7.8173e-02V I:1.0101e-01A R:7.7395e-01ğ›€ E:1.5033e+00V/cm J:1.1349e+00A/cm2 ğ›’:1.3247e+00ğ›€ cm
2023-05-31 11:55:08,117 INFO Measurement at current 0.10175879396984924
2023-05-31 11:55:08,722 INFO T:241.27Â°K V:7.8783e-02V I:1.0176e-01A R:7.7422e-01ğ›€ E:1.5151e+00V/cm J:1.1434e+00A/cm2 ğ›’:1.3251e+00ğ›€ cm
2023-05-31 11:55:08,737 INFO Measurement at current 0.10251256281407034
2023-05-31 11:55:09,323 INFO T:241.28Â°K V:7.9393e-02V I:1.0251e-01A R:7.7447e-01ğ›€ E:1.5268e+00V/cm J:1.1518e+00A/cm2 ğ›’:1.3255e+00ğ›€ cm
2023-05-31 11:55:09,337 INFO Measurement at current 0.10326633165829145
2023-05-31 11:55:09,921 INFO T:241.29Â°K V:7.9999e-02V I:1.0327e-01A R:7.7468e-01ğ›€ E:1.5384e+00V/cm J:1.1603e+00A/cm2 ğ›’:1.3259e+00ğ›€ cm
2023-05-31 11:55:09,939 INFO Measurement at current 0.10402010050251256
2023-05-31 11:55:10,545 INFO T:241.30Â°K V:8.0611e-02V I:1.0402e-01A R:7.7496e-01ğ›€ E:1.5502e+00V/cm J:1.1688e+00A/cm2 ğ›’:1.3264e+00ğ›€ cm
2023-05-31 11:55:10,599 INFO Measurement at current 0.10477386934673366
2023-05-31 11:55:11,199 INFO T:241.31Â°K V:8.1223e-02V I:1.0477e-01A R:7.7523e-01ğ›€ E:1.5620e+00V/cm J:1.1772e+00A/cm2 ğ›’:1.3268e+00ğ›€ cm
2023-05-31 11:55:11,226 INFO Measurement at current 0.10552763819095477
2023-05-31 11:55:11,831 INFO T:241.32Â°K V:8.1902e-02V I:1.0553e-01A R:7.7612e-01ğ›€ E:1.5750e+00V/cm J:1.1857e+00A/cm2 ğ›’:1.3284e+00ğ›€ cm
2023-05-31 11:55:11,854 INFO Measurement at current 0.10628140703517587
2023-05-31 11:55:12,450 INFO T:241.33Â°K V:8.2515e-02V I:1.0628e-01A R:7.7639e-01ğ›€ E:1.5868e+00V/cm J:1.1942e+00A/cm2 ğ›’:1.3288e+00ğ›€ cm
2023-05-31 11:55:12,474 INFO Measurement at current 0.10703517587939698
2023-05-31 11:55:13,071 INFO T:241.34Â°K V:8.3132e-02V I:1.0704e-01A R:7.7668e-01ğ›€ E:1.5987e+00V/cm J:1.2026e+00A/cm2 ğ›’:1.3293e+00ğ›€ cm
2023-05-31 11:55:13,090 INFO Measurement at current 0.10778894472361808
2023-05-31 11:55:13,690 INFO T:241.35Â°K V:8.3733e-02V I:1.0779e-01A R:7.7683e-01ğ›€ E:1.6103e+00V/cm J:1.2111e+00A/cm2 ğ›’:1.3296e+00ğ›€ cm
2023-05-31 11:55:13,714 INFO Measurement at current 0.10854271356783919
2023-05-31 11:55:14,364 INFO T:241.36Â°K V:8.4341e-02V I:1.0854e-01A R:7.7703e-01ğ›€ E:1.6219e+00V/cm J:1.2196e+00A/cm2 ğ›’:1.3299e+00ğ›€ cm
2023-05-31 11:55:14,390 INFO Measurement at current 0.1092964824120603
2023-05-31 11:55:14,988 INFO T:241.37Â°K V:8.4958e-02V I:1.0930e-01A R:7.7731e-01ğ›€ E:1.6338e+00V/cm J:1.2281e+00A/cm2 ğ›’:1.3304e+00ğ›€ cm
2023-05-31 11:55:15,027 INFO Measurement at current 0.1100502512562814
2023-05-31 11:55:15,639 INFO T:241.38Â°K V:8.5569e-02V I:1.1005e-01A R:7.7754e-01ğ›€ E:1.6456e+00V/cm J:1.2365e+00A/cm2 ğ›’:1.3308e+00ğ›€ cm
2023-05-31 11:55:15,654 INFO Measurement at current 0.11080402010050251
2023-05-31 11:55:16,256 INFO T:241.39Â°K V:8.6190e-02V I:1.1080e-01A R:7.7786e-01ğ›€ E:1.6575e+00V/cm J:1.2450e+00A/cm2 ğ›’:1.3313e+00ğ›€ cm
2023-05-31 11:55:16,269 INFO Measurement at current 0.11155778894472361
2023-05-31 11:55:16,852 INFO T:241.39Â°K V:8.6796e-02V I:1.1156e-01A R:7.7804e-01ğ›€ E:1.6692e+00V/cm J:1.2535e+00A/cm2 ğ›’:1.3316e+00ğ›€ cm
2023-05-31 11:55:16,881 INFO Measurement at current 0.11231155778894472
2023-05-31 11:55:17,464 INFO T:241.40Â°K V:8.7407e-02V I:1.1231e-01A R:7.7826e-01ğ›€ E:1.6809e+00V/cm J:1.2619e+00A/cm2 ğ›’:1.3320e+00ğ›€ cm
2023-05-31 11:55:17,477 INFO Measurement at current 0.11306532663316582
2023-05-31 11:55:18,062 INFO T:241.41Â°K V:8.8032e-02V I:1.1307e-01A R:7.7860e-01ğ›€ E:1.6929e+00V/cm J:1.2704e+00A/cm2 ğ›’:1.3326e+00ğ›€ cm
2023-05-31 11:55:18,076 INFO Measurement at current 0.11381909547738693
2023-05-31 11:55:18,660 INFO T:241.42Â°K V:8.8644e-02V I:1.1382e-01A R:7.7882e-01ğ›€ E:1.7047e+00V/cm J:1.2789e+00A/cm2 ğ›’:1.3330e+00ğ›€ cm
2023-05-31 11:55:18,675 INFO Measurement at current 0.11457286432160804
2023-05-31 11:55:19,278 INFO T:241.43Â°K V:8.9259e-02V I:1.1457e-01A R:7.7906e-01ğ›€ E:1.7165e+00V/cm J:1.2873e+00A/cm2 ğ›’:1.3334e+00ğ›€ cm
2023-05-31 11:55:19,310 INFO Measurement at current 0.11532663316582914
2023-05-31 11:55:19,914 INFO T:241.44Â°K V:8.9918e-02V I:1.1533e-01A R:7.7968e-01ğ›€ E:1.7292e+00V/cm J:1.2958e+00A/cm2 ğ›’:1.3345e+00ğ›€ cm
2023-05-31 11:55:19,940 INFO Measurement at current 0.11608040201005025
2023-05-31 11:55:20,531 INFO T:241.45Â°K V:9.0527e-02V I:1.1608e-01A R:7.7986e-01ğ›€ E:1.7409e+00V/cm J:1.3043e+00A/cm2 ğ›’:1.3348e+00ğ›€ cm
2023-05-31 11:55:20,545 INFO Measurement at current 0.11683417085427135
2023-05-31 11:55:21,129 INFO T:241.46Â°K V:9.1149e-02V I:1.1683e-01A R:7.8015e-01ğ›€ E:1.7529e+00V/cm J:1.3127e+00A/cm2 ğ›’:1.3353e+00ğ›€ cm
2023-05-31 11:55:21,144 INFO Measurement at current 0.11758793969849246
2023-05-31 11:55:21,740 INFO T:241.47Â°K V:9.1758e-02V I:1.1759e-01A R:7.8034e-01ğ›€ E:1.7646e+00V/cm J:1.3212e+00A/cm2 ğ›’:1.3356e+00ğ›€ cm
2023-05-31 11:55:21,754 INFO Measurement at current 0.11834170854271356
2023-05-31 11:55:22,339 INFO T:241.48Â°K V:9.2386e-02V I:1.1834e-01A R:7.8067e-01ğ›€ E:1.7767e+00V/cm J:1.3297e+00A/cm2 ğ›’:1.3362e+00ğ›€ cm
2023-05-31 11:55:22,355 INFO Measurement at current 0.11909547738693467
2023-05-31 11:55:22,976 INFO T:241.49Â°K V:9.3007e-02V I:1.1910e-01A R:7.8094e-01ğ›€ E:1.7886e+00V/cm J:1.3382e+00A/cm2 ğ›’:1.3366e+00ğ›€ cm
2023-05-31 11:55:23,003 INFO Measurement at current 0.11984924623115577
2023-05-31 11:55:23,594 INFO T:241.49Â°K V:9.3623e-02V I:1.1985e-01A R:7.8118e-01ğ›€ E:1.8005e+00V/cm J:1.3466e+00A/cm2 ğ›’:1.3370e+00ğ›€ cm
2023-05-31 11:55:23,614 INFO Measurement at current 0.12060301507537688
2023-05-31 11:55:24,206 INFO T:241.50Â°K V:9.4251e-02V I:1.2060e-01A R:7.8150e-01ğ›€ E:1.8125e+00V/cm J:1.3551e+00A/cm2 ğ›’:1.3376e+00ğ›€ cm
2023-05-31 11:55:24,226 INFO Measurement at current 0.12135678391959799
2023-05-31 11:55:24,819 INFO T:241.51Â°K V:9.4864e-02V I:1.2136e-01A R:7.8169e-01ğ›€ E:1.8243e+00V/cm J:1.3636e+00A/cm2 ğ›’:1.3379e+00ğ›€ cm
2023-05-31 11:55:24,838 INFO Measurement at current 0.12211055276381909
2023-05-31 11:55:25,428 INFO T:241.52Â°K V:9.5494e-02V I:1.2211e-01A R:7.8203e-01ğ›€ E:1.8364e+00V/cm J:1.3720e+00A/cm2 ğ›’:1.3385e+00ğ›€ cm
2023-05-31 11:55:25,450 INFO Measurement at current 0.1228643216080402
2023-05-31 11:55:26,045 INFO T:241.53Â°K V:9.6114e-02V I:1.2286e-01A R:7.8228e-01ğ›€ E:1.8484e+00V/cm J:1.3805e+00A/cm2 ğ›’:1.3389e+00ğ›€ cm
2023-05-31 11:55:26,075 INFO Measurement at current 0.1236180904522613
2023-05-31 11:55:26,673 INFO T:241.54Â°K V:9.6735e-02V I:1.2362e-01A R:7.8253e-01ğ›€ E:1.8603e+00V/cm J:1.3890e+00A/cm2 ğ›’:1.3393e+00ğ›€ cm
2023-05-31 11:55:26,712 INFO Measurement at current 0.12437185929648241
2023-05-31 11:55:27,308 INFO T:241.55Â°K V:9.7367e-02V I:1.2437e-01A R:7.8287e-01ğ›€ E:1.8724e+00V/cm J:1.3974e+00A/cm2 ğ›’:1.3399e+00ğ›€ cm
2023-05-31 11:55:27,331 INFO Measurement at current 0.12512562814070352
2023-05-31 11:55:27,922 INFO T:241.56Â°K V:9.8025e-02V I:1.2513e-01A R:7.8341e-01ğ›€ E:1.8851e+00V/cm J:1.4059e+00A/cm2 ğ›’:1.3408e+00ğ›€ cm
2023-05-31 11:55:27,944 INFO Measurement at current 0.12587939698492462
2023-05-31 11:55:28,550 INFO T:241.57Â°K V:9.8666e-02V I:1.2588e-01A R:7.8381e-01ğ›€ E:1.8974e+00V/cm J:1.4144e+00A/cm2 ğ›’:1.3415e+00ğ›€ cm
2023-05-31 11:55:28,565 INFO Measurement at current 0.12663316582914572
2023-05-31 11:55:29,150 INFO T:241.58Â°K V:9.9289e-02V I:1.2663e-01A R:7.8407e-01ğ›€ E:1.9094e+00V/cm J:1.4228e+00A/cm2 ğ›’:1.3420e+00ğ›€ cm
2023-05-31 11:55:29,165 INFO Measurement at current 0.12738693467336684
2023-05-31 11:55:29,762 INFO T:241.59Â°K V:9.9911e-02V I:1.2739e-01A R:7.8431e-01ğ›€ E:1.9214e+00V/cm J:1.4313e+00A/cm2 ğ›’:1.3424e+00ğ›€ cm
2023-05-31 11:55:29,775 INFO Measurement at current 0.12814070351758794
2023-05-31 11:55:30,357 INFO T:241.60Â°K V:1.0055e-01V I:1.2814e-01A R:7.8466e-01ğ›€ E:1.9336e+00V/cm J:1.4398e+00A/cm2 ğ›’:1.3430e+00ğ›€ cm
2023-05-31 11:55:30,376 INFO Measurement at current 0.12889447236180904
2023-05-31 11:55:30,970 INFO T:241.60Â°K V:1.0117e-01V I:1.2889e-01A R:7.8493e-01ğ›€ E:1.9456e+00V/cm J:1.4483e+00A/cm2 ğ›’:1.3434e+00ğ›€ cm
2023-05-31 11:55:30,987 INFO Measurement at current 0.12964824120603013
2023-05-31 11:55:31,569 INFO T:241.61Â°K V:1.0181e-01V I:1.2965e-01A R:7.8528e-01ğ›€ E:1.9579e+00V/cm J:1.4567e+00A/cm2 ğ›’:1.3440e+00ğ›€ cm
2023-05-31 11:55:31,587 INFO Measurement at current 0.13040201005025126
2023-05-31 11:55:32,172 INFO T:241.62Â°K V:1.0243e-01V I:1.3040e-01A R:7.8553e-01ğ›€ E:1.9699e+00V/cm J:1.4652e+00A/cm2 ğ›’:1.3445e+00ğ›€ cm
2023-05-31 11:55:32,204 INFO Measurement at current 0.13115577889447236
2023-05-31 11:55:32,793 INFO T:241.63Â°K V:1.0305e-01V I:1.3116e-01A R:7.8573e-01ğ›€ E:1.9818e+00V/cm J:1.4737e+00A/cm2 ğ›’:1.3448e+00ğ›€ cm
2023-05-31 11:55:32,814 INFO Measurement at current 0.13190954773869346
2023-05-31 11:55:33,425 INFO T:241.64Â°K V:1.0369e-01V I:1.3191e-01A R:7.8610e-01ğ›€ E:1.9941e+00V/cm J:1.4821e+00A/cm2 ğ›’:1.3454e+00ğ›€ cm
2023-05-31 11:55:33,446 INFO Measurement at current 0.13266331658291458
2023-05-31 11:55:34,093 INFO T:241.65Â°K V:1.0432e-01V I:1.3266e-01A R:7.8636e-01ğ›€ E:2.0062e+00V/cm J:1.4906e+00A/cm2 ğ›’:1.3459e+00ğ›€ cm
2023-05-31 11:55:34,109 INFO Measurement at current 0.13341708542713568
2023-05-31 11:55:34,719 INFO T:241.66Â°K V:1.0496e-01V I:1.3342e-01A R:7.8673e-01ğ›€ E:2.0185e+00V/cm J:1.4991e+00A/cm2 ğ›’:1.3465e+00ğ›€ cm
2023-05-31 11:55:34,737 INFO Measurement at current 0.13417085427135678
2023-05-31 11:55:35,328 INFO T:241.67Â°K V:1.0559e-01V I:1.3417e-01A R:7.8700e-01ğ›€ E:2.0306e+00V/cm J:1.5075e+00A/cm2 ğ›’:1.3470e+00ğ›€ cm
2023-05-31 11:55:35,349 INFO Measurement at current 0.13492462311557787
2023-05-31 11:55:36,018 INFO T:241.68Â°K V:1.0622e-01V I:1.3492e-01A R:7.8727e-01ğ›€ E:2.0427e+00V/cm J:1.5160e+00A/cm2 ğ›’:1.3474e+00ğ›€ cm
2023-05-31 11:55:36,045 INFO Measurement at current 0.135678391959799
2023-05-31 11:55:36,647 INFO T:241.69Â°K V:1.0692e-01V I:1.3568e-01A R:7.8801e-01ğ›€ E:2.0561e+00V/cm J:1.5245e+00A/cm2 ğ›’:1.3487e+00ğ›€ cm
2023-05-31 11:55:36,676 INFO Measurement at current 0.1364321608040201
2023-05-31 11:55:37,273 INFO T:241.70Â°K V:1.0755e-01V I:1.3643e-01A R:7.8827e-01ğ›€ E:2.0682e+00V/cm J:1.5329e+00A/cm2 ğ›’:1.3492e+00ğ›€ cm
2023-05-31 11:55:37,303 INFO Measurement at current 0.1371859296482412
2023-05-31 11:55:37,919 INFO T:241.71Â°K V:1.0820e-01V I:1.3719e-01A R:7.8869e-01ğ›€ E:2.0807e+00V/cm J:1.5414e+00A/cm2 ğ›’:1.3499e+00ğ›€ cm
2023-05-31 11:55:37,966 INFO Measurement at current 0.1379396984924623
2023-05-31 11:55:38,584 INFO T:241.72Â°K V:1.0884e-01V I:1.3794e-01A R:7.8901e-01ğ›€ E:2.0930e+00V/cm J:1.5499e+00A/cm2 ğ›’:1.3504e+00ğ›€ cm
2023-05-31 11:55:38,604 INFO Measurement at current 0.13869346733668342
2023-05-31 11:55:39,230 INFO T:241.73Â°K V:1.0947e-01V I:1.3869e-01A R:7.8927e-01ğ›€ E:2.1051e+00V/cm J:1.5584e+00A/cm2 ğ›’:1.3509e+00ğ›€ cm
2023-05-31 11:55:39,247 INFO Measurement at current 0.13944723618090452
2023-05-31 11:55:39,860 INFO T:241.73Â°K V:1.1012e-01V I:1.3945e-01A R:7.8971e-01ğ›€ E:2.1177e+00V/cm J:1.5668e+00A/cm2 ğ›’:1.3516e+00ğ›€ cm
2023-05-31 11:55:39,906 INFO Measurement at current 0.1402010050251256
2023-05-31 11:55:40,497 INFO T:241.74Â°K V:1.1076e-01V I:1.4020e-01A R:7.9001e-01ğ›€ E:2.1300e+00V/cm J:1.5753e+00A/cm2 ğ›’:1.3521e+00ğ›€ cm
2023-05-31 11:55:40,519 INFO Measurement at current 0.14095477386934674
2023-05-31 11:55:41,119 INFO T:241.75Â°K V:1.1141e-01V I:1.4095e-01A R:7.9037e-01ğ›€ E:2.1424e+00V/cm J:1.5838e+00A/cm2 ğ›’:1.3528e+00ğ›€ cm
2023-05-31 11:55:41,135 INFO Measurement at current 0.14170854271356784
2023-05-31 11:55:41,755 INFO T:241.76Â°K V:1.1204e-01V I:1.4171e-01A R:7.9066e-01ğ›€ E:2.1547e+00V/cm J:1.5922e+00A/cm2 ğ›’:1.3532e+00ğ›€ cm
2023-05-31 11:55:41,809 INFO Measurement at current 0.14246231155778893
2023-05-31 11:55:42,503 INFO T:241.77Â°K V:1.1268e-01V I:1.4246e-01A R:7.9098e-01ğ›€ E:2.1670e+00V/cm J:1.6007e+00A/cm2 ğ›’:1.3538e+00ğ›€ cm
2023-05-31 11:55:42,523 INFO Measurement at current 0.14321608040201003
2023-05-31 11:55:43,118 INFO T:241.78Â°K V:1.1334e-01V I:1.4322e-01A R:7.9140e-01ğ›€ E:2.1797e+00V/cm J:1.6092e+00A/cm2 ğ›’:1.3545e+00ğ›€ cm
2023-05-31 11:55:43,138 INFO Measurement at current 0.14396984924623116
2023-05-31 11:55:43,752 INFO T:241.79Â°K V:1.1398e-01V I:1.4397e-01A R:7.9170e-01ğ›€ E:2.1919e+00V/cm J:1.6176e+00A/cm2 ğ›’:1.3550e+00ğ›€ cm
2023-05-31 11:55:43,786 INFO Measurement at current 0.14472361809045226
2023-05-31 11:55:44,388 INFO T:241.80Â°K V:1.1464e-01V I:1.4472e-01A R:7.9210e-01ğ›€ E:2.2045e+00V/cm J:1.6261e+00A/cm2 ğ›’:1.3557e+00ğ›€ cm
2023-05-31 11:55:44,402 INFO Measurement at current 0.14547738693467335
2023-05-31 11:55:45,019 INFO T:241.81Â°K V:1.1531e-01V I:1.4548e-01A R:7.9260e-01ğ›€ E:2.2174e+00V/cm J:1.6346e+00A/cm2 ğ›’:1.3566e+00ğ›€ cm
2023-05-31 11:55:45,044 INFO Measurement at current 0.14623115577889448
2023-05-31 11:55:45,672 INFO T:241.82Â°K V:1.1595e-01V I:1.4623e-01A R:7.9293e-01ğ›€ E:2.2298e+00V/cm J:1.6430e+00A/cm2 ğ›’:1.3571e+00ğ›€ cm
2023-05-31 11:55:45,730 INFO Measurement at current 0.14698492462311558
2023-05-31 11:55:46,330 INFO T:241.83Â°K V:1.1660e-01V I:1.4698e-01A R:7.9331e-01ğ›€ E:2.2424e+00V/cm J:1.6515e+00A/cm2 ğ›’:1.3578e+00ğ›€ cm
2023-05-31 11:55:46,362 INFO Measurement at current 0.14773869346733667
2023-05-31 11:55:46,952 INFO T:241.84Â°K V:1.1725e-01V I:1.4774e-01A R:7.9365e-01ğ›€ E:2.2549e+00V/cm J:1.6600e+00A/cm2 ğ›’:1.3584e+00ğ›€ cm
2023-05-31 11:55:46,983 INFO Measurement at current 0.14849246231155777
2023-05-31 11:55:47,601 INFO T:241.85Â°K V:1.1791e-01V I:1.4849e-01A R:7.9402e-01ğ›€ E:2.2674e+00V/cm J:1.6685e+00A/cm2 ğ›’:1.3590e+00ğ›€ cm
2023-05-31 11:55:47,620 INFO Measurement at current 0.1492462311557789
2023-05-31 11:55:48,214 INFO T:241.86Â°K V:1.1855e-01V I:1.4925e-01A R:7.9431e-01ğ›€ E:2.2798e+00V/cm J:1.6769e+00A/cm2 ğ›’:1.3595e+00ğ›€ cm
2023-05-31 11:55:48,273 INFO Measurement at current 0.15
2023-05-31 11:55:48,875 INFO T:241.87Â°K V:1.1920e-01V I:1.5000e-01A R:7.9464e-01ğ›€ E:2.2922e+00V/cm J:1.6854e+00A/cm2 ğ›’:1.3601e+00ğ›€ cm
2023-05-31 11:55:57,264 INFO Save the description file
2023-05-31 11:55:57,268 INFO Save data in numpy format Esperimenti/CPRO_MUSA_310523_I_V/CPRO_MUSA_310523_I_V_current_from_0_to_1500e-4A/CPRO_MUSA_310523_I_V_current_from_0_to_1500e-4A-20230531115555
2023-05-31 11:55:57,289 INFO Save data in CSV format Esperimenti/CPRO_MUSA_310523_I_V/CPRO_MUSA_310523_I_V_current_from_0_to_1500e-4A/CPRO_MUSA_310523_I_V_current_from_0_to_1500e-4A-20230531115555.csv
2023-05-31 11:55:57,309 INFO Save plot as image Esperimenti/CPRO_MUSA_310523_I_V/CPRO_MUSA_310523_I_V_current_from_0_to_1500e-4A/CPRO_MUSA_310523_I_V_current_from_0_to_1500e-4A-20230531115555.png
