2023-05-31 12:29:31,845 INFO ### Start experiment: CPRO_MUSA_310523_I_V current from 0 to 1500e-4A ###
2023-05-31 12:29:33,192 INFO Found Multimeter KEITHLEY INSTRUMENTS INC.,MODEL 2700,0884890,B03  /A02  

2023-05-31 12:29:34,229 INFO Found Nanovolt Meter KEITHLEY INSTRUMENTS INC.,MODEL 2182A,4056474,C03  /A02  

2023-05-31 12:29:34,352 INFO Found Source Meter KEITHLEY INSTRUMENTS INC.,MODEL 2400,0945684,C24   Feb 14 2002 11:59:45/A02  /K/H

2023-05-31 12:29:34,488 INFO Start the measurement loop
2023-05-31 12:29:44,822 INFO Measurement at current 0.0
2023-05-31 12:29:45,751 INFO T:269.96Â°K V:-4.7736e-08V I:0.0000e+00A R:-infğ›€ E:-9.1800e-07V/cm J:0.0000e+00A/cm2 ğ›’:-infğ›€ cm
2023-05-31 12:29:45,784 INFO Measurement at current 0.0007537688442211055
2023-05-31 12:29:46,387 INFO T:269.97Â°K V:6.2656e-04V I:7.5377e-04A R:8.3124e-01ğ›€ E:1.2049e-02V/cm J:8.4693e-03A/cm2 ğ›’:1.4227e+00ğ›€ cm
2023-05-31 12:29:46,418 INFO Measurement at current 0.001507537688442211
2023-05-31 12:29:47,013 INFO T:269.97Â°K V:1.2533e-03V I:1.5075e-03A R:8.3138e-01ğ›€ E:2.4103e-02V/cm J:1.6939e-02A/cm2 ğ›’:1.4229e+00ğ›€ cm
2023-05-31 12:29:47,028 INFO Measurement at current 0.0022613065326633165
2023-05-31 12:29:47,615 INFO T:269.98Â°K V:1.8802e-03V I:2.2613e-03A R:8.3149e-01ğ›€ E:3.6159e-02V/cm J:2.5408e-02A/cm2 ğ›’:1.4231e+00ğ›€ cm
2023-05-31 12:29:47,631 INFO Measurement at current 0.003015075376884422
2023-05-31 12:29:48,223 INFO T:269.98Â°K V:2.5067e-03V I:3.0151e-03A R:8.3140e-01ğ›€ E:4.8206e-02V/cm J:3.3877e-02A/cm2 ğ›’:1.4230e+00ğ›€ cm
2023-05-31 12:29:48,245 INFO Measurement at current 0.0037688442211055275
2023-05-31 12:29:48,848 INFO T:269.99Â°K V:3.1336e-03V I:3.7688e-03A R:8.3145e-01ğ›€ E:6.0261e-02V/cm J:4.2347e-02A/cm2 ğ›’:1.4231e+00ğ›€ cm
2023-05-31 12:29:48,872 INFO Measurement at current 0.004522613065326633
2023-05-31 12:29:49,476 INFO T:270.00Â°K V:3.7604e-03V I:4.5226e-03A R:8.3148e-01ğ›€ E:7.2316e-02V/cm J:5.0816e-02A/cm2 ğ›’:1.4231e+00ğ›€ cm
2023-05-31 12:29:49,492 INFO Measurement at current 0.0052763819095477385
2023-05-31 12:29:50,081 INFO T:270.00Â°K V:4.3873e-03V I:5.2764e-03A R:8.3150e-01ğ›€ E:8.4372e-02V/cm J:5.9285e-02A/cm2 ğ›’:1.4232e+00ğ›€ cm
2023-05-31 12:29:50,098 INFO Measurement at current 0.006030150753768844
2023-05-31 12:29:50,693 INFO T:270.01Â°K V:5.0144e-03V I:6.0302e-03A R:8.3156e-01ğ›€ E:9.6431e-02V/cm J:6.7755e-02A/cm2 ğ›’:1.4232e+00ğ›€ cm
2023-05-31 12:29:50,716 INFO Measurement at current 0.0067839195979899495
2023-05-31 12:29:51,338 INFO T:270.02Â°K V:5.6412e-03V I:6.7839e-03A R:8.3155e-01ğ›€ E:1.0848e-01V/cm J:7.6224e-02A/cm2 ğ›’:1.4232e+00ğ›€ cm
2023-05-31 12:29:51,357 INFO Measurement at current 0.007537688442211055
2023-05-31 12:29:51,965 INFO T:270.02Â°K V:6.2682e-03V I:7.5377e-03A R:8.3158e-01ğ›€ E:1.2054e-01V/cm J:8.4693e-02A/cm2 ğ›’:1.4233e+00ğ›€ cm
2023-05-31 12:29:51,990 INFO Measurement at current 0.008291457286432161
2023-05-31 12:29:52,590 INFO T:270.03Â°K V:6.8950e-03V I:8.2915e-03A R:8.3158e-01ğ›€ E:1.3260e-01V/cm J:9.3162e-02A/cm2 ğ›’:1.4233e+00ğ›€ cm
2023-05-31 12:29:52,607 INFO Measurement at current 0.009045226130653266
2023-05-31 12:29:53,199 INFO T:270.04Â°K V:7.5221e-03V I:9.0452e-03A R:8.3161e-01ğ›€ E:1.4466e-01V/cm J:1.0163e-01A/cm2 ğ›’:1.4233e+00ğ›€ cm
2023-05-31 12:29:53,222 INFO Measurement at current 0.00979899497487437
2023-05-31 12:29:53,825 INFO T:270.04Â°K V:8.1494e-03V I:9.7990e-03A R:8.3165e-01ğ›€ E:1.5672e-01V/cm J:1.1010e-01A/cm2 ğ›’:1.4234e+00ğ›€ cm
2023-05-31 12:29:53,852 INFO Measurement at current 0.010552763819095477
2023-05-31 12:29:54,451 INFO T:270.05Â°K V:8.7802e-03V I:1.0553e-02A R:8.3203e-01ğ›€ E:1.6885e-01V/cm J:1.1857e-01A/cm2 ğ›’:1.4240e+00ğ›€ cm
2023-05-31 12:29:54,477 INFO Measurement at current 0.011306532663316583
2023-05-31 12:29:55,070 INFO T:270.05Â°K V:9.4039e-03V I:1.1307e-02A R:8.3173e-01ğ›€ E:1.8085e-01V/cm J:1.2704e-01A/cm2 ğ›’:1.4235e+00ğ›€ cm
2023-05-31 12:29:55,086 INFO Measurement at current 0.012060301507537688
2023-05-31 12:29:55,683 INFO T:270.06Â°K V:1.0033e-02V I:1.2060e-02A R:8.3190e-01ğ›€ E:1.9294e-01V/cm J:1.3551e-01A/cm2 ğ›’:1.4238e+00ğ›€ cm
2023-05-31 12:29:55,698 INFO Measurement at current 0.012814070351758793
2023-05-31 12:29:56,303 INFO T:270.07Â°K V:1.0661e-02V I:1.2814e-02A R:8.3198e-01ğ›€ E:2.0502e-01V/cm J:1.4398e-01A/cm2 ğ›’:1.4240e+00ğ›€ cm
2023-05-31 12:29:56,325 INFO Measurement at current 0.013567839195979899
2023-05-31 12:29:56,927 INFO T:270.07Â°K V:1.1290e-02V I:1.3568e-02A R:8.3208e-01ğ›€ E:2.1711e-01V/cm J:1.5245e-01A/cm2 ğ›’:1.4241e+00ğ›€ cm
2023-05-31 12:29:56,945 INFO Measurement at current 0.014321608040201005
2023-05-31 12:29:57,552 INFO T:270.08Â°K V:1.1914e-02V I:1.4322e-02A R:8.3192e-01ğ›€ E:2.2912e-01V/cm J:1.6092e-01A/cm2 ğ›’:1.4239e+00ğ›€ cm
2023-05-31 12:29:57,569 INFO Measurement at current 0.01507537688442211
2023-05-31 12:29:59,006 INFO T:270.09Â°K V:1.2543e-02V I:1.5075e-02A R:8.3199e-01ğ›€ E:2.4120e-01V/cm J:1.6939e-01A/cm2 ğ›’:1.4240e+00ğ›€ cm
2023-05-31 12:29:59,024 INFO Measurement at current 0.015829145728643215
2023-05-31 12:29:59,613 INFO T:270.10Â°K V:1.3172e-02V I:1.5829e-02A R:8.3211e-01ğ›€ E:2.5330e-01V/cm J:1.7786e-01A/cm2 ğ›’:1.4242e+00ğ›€ cm
2023-05-31 12:29:59,637 INFO Measurement at current 0.016582914572864323
2023-05-31 12:30:00,236 INFO T:270.11Â°K V:1.3801e-02V I:1.6583e-02A R:8.3222e-01ğ›€ E:2.6540e-01V/cm J:1.8632e-01A/cm2 ğ›’:1.4244e+00ğ›€ cm
2023-05-31 12:30:00,262 INFO Measurement at current 0.017336683417085427
2023-05-31 12:30:00,866 INFO T:270.11Â°K V:1.4426e-02V I:1.7337e-02A R:8.3209e-01ğ›€ E:2.7742e-01V/cm J:1.9479e-01A/cm2 ğ›’:1.4242e+00ğ›€ cm
2023-05-31 12:30:00,888 INFO Measurement at current 0.018090452261306532
2023-05-31 12:30:01,489 INFO T:270.12Â°K V:1.5057e-02V I:1.8090e-02A R:8.3229e-01ğ›€ E:2.8955e-01V/cm J:2.0326e-01A/cm2 ğ›’:1.4245e+00ğ›€ cm
2023-05-31 12:30:01,513 INFO Measurement at current 0.018844221105527637
2023-05-31 12:30:02,112 INFO T:270.13Â°K V:1.5686e-02V I:1.8844e-02A R:8.3240e-01ğ›€ E:3.0165e-01V/cm J:2.1173e-01A/cm2 ğ›’:1.4247e+00ğ›€ cm
2023-05-31 12:30:02,129 INFO Measurement at current 0.01959798994974874
2023-05-31 12:30:02,723 INFO T:270.13Â°K V:1.6316e-02V I:1.9598e-02A R:8.3251e-01ğ›€ E:3.1376e-01V/cm J:2.2020e-01A/cm2 ğ›’:1.4249e+00ğ›€ cm
2023-05-31 12:30:02,741 INFO Measurement at current 0.02035175879396985
2023-05-31 12:30:03,328 INFO T:270.14Â°K V:1.6941e-02V I:2.0352e-02A R:8.3240e-01ğ›€ E:3.2579e-01V/cm J:2.2867e-01A/cm2 ğ›’:1.4247e+00ğ›€ cm
2023-05-31 12:30:03,359 INFO Measurement at current 0.021105527638190954
2023-05-31 12:30:03,947 INFO T:270.14Â°K V:1.7570e-02V I:2.1106e-02A R:8.3249e-01ğ›€ E:3.3789e-01V/cm J:2.3714e-01A/cm2 ğ›’:1.4248e+00ğ›€ cm
2023-05-31 12:30:03,970 INFO Measurement at current 0.02185929648241206
2023-05-31 12:30:04,592 INFO T:270.15Â°K V:1.8201e-02V I:2.1859e-02A R:8.3263e-01ğ›€ E:3.5002e-01V/cm J:2.4561e-01A/cm2 ğ›’:1.4251e+00ğ›€ cm
2023-05-31 12:30:04,610 INFO Measurement at current 0.022613065326633167
2023-05-31 12:30:05,202 INFO T:270.16Â°K V:1.8830e-02V I:2.2613e-02A R:8.3272e-01ğ›€ E:3.6212e-01V/cm J:2.5408e-01A/cm2 ğ›’:1.4252e+00ğ›€ cm
2023-05-31 12:30:05,231 INFO Measurement at current 0.02336683417085427
2023-05-31 12:30:05,853 INFO T:270.16Â°K V:1.9456e-02V I:2.3367e-02A R:8.3263e-01ğ›€ E:3.7415e-01V/cm J:2.6255e-01A/cm2 ğ›’:1.4251e+00ğ›€ cm
2023-05-31 12:30:05,872 INFO Measurement at current 0.024120603015075376
2023-05-31 12:30:06,473 INFO T:270.17Â°K V:2.0086e-02V I:2.4121e-02A R:8.3271e-01ğ›€ E:3.8626e-01V/cm J:2.7102e-01A/cm2 ğ›’:1.4252e+00ğ›€ cm
2023-05-31 12:30:06,498 INFO Measurement at current 0.02487437185929648
2023-05-31 12:30:07,097 INFO T:270.18Â°K V:2.0717e-02V I:2.4874e-02A R:8.3287e-01ğ›€ E:3.9840e-01V/cm J:2.7949e-01A/cm2 ğ›’:1.4255e+00ğ›€ cm
2023-05-31 12:30:07,119 INFO Measurement at current 0.025628140703517585
2023-05-31 12:30:07,730 INFO T:270.18Â°K V:2.1347e-02V I:2.5628e-02A R:8.3295e-01ğ›€ E:4.1052e-01V/cm J:2.8796e-01A/cm2 ğ›’:1.4256e+00ğ›€ cm
2023-05-31 12:30:07,753 INFO Measurement at current 0.026381909547738693
2023-05-31 12:30:08,353 INFO T:270.19Â°K V:2.1973e-02V I:2.6382e-02A R:8.3289e-01ğ›€ E:4.2256e-01V/cm J:2.9643e-01A/cm2 ğ›’:1.4255e+00ğ›€ cm
2023-05-31 12:30:08,372 INFO Measurement at current 0.027135678391959798
2023-05-31 12:30:08,973 INFO T:270.20Â°K V:2.2604e-02V I:2.7136e-02A R:8.3300e-01ğ›€ E:4.3469e-01V/cm J:3.0490e-01A/cm2 ğ›’:1.4257e+00ğ›€ cm
2023-05-31 12:30:08,992 INFO Measurement at current 0.027889447236180902
2023-05-31 12:30:09,595 INFO T:270.20Â°K V:2.3237e-02V I:2.7889e-02A R:8.3318e-01ğ›€ E:4.4687e-01V/cm J:3.1336e-01A/cm2 ğ›’:1.4260e+00ğ›€ cm
2023-05-31 12:30:09,619 INFO Measurement at current 0.02864321608040201
2023-05-31 12:30:10,211 INFO T:270.21Â°K V:2.3869e-02V I:2.8643e-02A R:8.3330e-01ğ›€ E:4.5901e-01V/cm J:3.2183e-01A/cm2 ğ›’:1.4262e+00ğ›€ cm
2023-05-31 12:30:10,235 INFO Measurement at current 0.029396984924623115
2023-05-31 12:30:10,843 INFO T:270.21Â°K V:2.4496e-02V I:2.9397e-02A R:8.3329e-01ğ›€ E:4.7108e-01V/cm J:3.3030e-01A/cm2 ğ›’:1.4262e+00ğ›€ cm
2023-05-31 12:30:10,868 INFO Measurement at current 0.03015075376884422
2023-05-31 12:30:11,461 INFO T:270.22Â°K V:2.5128e-02V I:3.0151e-02A R:8.3341e-01ğ›€ E:4.8323e-01V/cm J:3.3877e-01A/cm2 ğ›’:1.4264e+00ğ›€ cm
2023-05-31 12:30:11,480 INFO Measurement at current 0.030904522613065324
2023-05-31 12:30:12,067 INFO T:270.23Â°K V:2.5762e-02V I:3.0905e-02A R:8.3358e-01ğ›€ E:4.9541e-01V/cm J:3.4724e-01A/cm2 ğ›’:1.4267e+00ğ›€ cm
2023-05-31 12:30:12,090 INFO Measurement at current 0.03165829145728643
2023-05-31 12:30:12,691 INFO T:270.23Â°K V:2.6394e-02V I:3.1658e-02A R:8.3371e-01ğ›€ E:5.0757e-01V/cm J:3.5571e-01A/cm2 ğ›’:1.4269e+00ğ›€ cm
2023-05-31 12:30:12,716 INFO Measurement at current 0.032412060301507534
2023-05-31 12:30:13,316 INFO T:270.24Â°K V:2.7022e-02V I:3.2412e-02A R:8.3371e-01ğ›€ E:5.1966e-01V/cm J:3.6418e-01A/cm2 ğ›’:1.4269e+00ğ›€ cm
2023-05-31 12:30:13,336 INFO Measurement at current 0.033165829145728645
2023-05-31 12:30:13,926 INFO T:270.25Â°K V:2.7655e-02V I:3.3166e-02A R:8.3385e-01ğ›€ E:5.3183e-01V/cm J:3.7265e-01A/cm2 ğ›’:1.4272e+00ğ›€ cm
2023-05-31 12:30:13,944 INFO Measurement at current 0.03391959798994975
2023-05-31 12:30:14,552 INFO T:270.25Â°K V:2.8289e-02V I:3.3920e-02A R:8.3401e-01ğ›€ E:5.4402e-01V/cm J:3.8112e-01A/cm2 ğ›’:1.4274e+00ğ›€ cm
2023-05-31 12:30:14,568 INFO Measurement at current 0.034673366834170855
2023-05-31 12:30:15,170 INFO T:270.26Â°K V:2.8922e-02V I:3.4673e-02A R:8.3412e-01ğ›€ E:5.5619e-01V/cm J:3.8959e-01A/cm2 ğ›’:1.4276e+00ğ›€ cm
2023-05-31 12:30:15,191 INFO Measurement at current 0.03542713567839196
2023-05-31 12:30:15,783 INFO T:270.26Â°K V:2.9550e-02V I:3.5427e-02A R:8.3411e-01ğ›€ E:5.6827e-01V/cm J:3.9806e-01A/cm2 ğ›’:1.4276e+00ğ›€ cm
2023-05-31 12:30:15,806 INFO Measurement at current 0.036180904522613064
2023-05-31 12:30:16,412 INFO T:270.27Â°K V:3.0183e-02V I:3.6181e-02A R:8.3424e-01ğ›€ E:5.8045e-01V/cm J:4.0653e-01A/cm2 ğ›’:1.4278e+00ğ›€ cm
2023-05-31 12:30:16,435 INFO Measurement at current 0.03693467336683417
2023-05-31 12:30:17,028 INFO T:270.28Â°K V:3.0818e-02V I:3.6935e-02A R:8.3439e-01ğ›€ E:5.9265e-01V/cm J:4.1500e-01A/cm2 ğ›’:1.4281e+00ğ›€ cm
2023-05-31 12:30:17,043 INFO Measurement at current 0.03768844221105527
2023-05-31 12:30:17,645 INFO T:270.28Â°K V:3.1451e-02V I:3.7688e-02A R:8.3450e-01ğ›€ E:6.0483e-01V/cm J:4.2347e-01A/cm2 ğ›’:1.4283e+00ğ›€ cm
2023-05-31 12:30:17,661 INFO Measurement at current 0.03844221105527638
2023-05-31 12:30:18,253 INFO T:270.29Â°K V:3.2081e-02V I:3.8442e-02A R:8.3452e-01ğ›€ E:6.1694e-01V/cm J:4.3193e-01A/cm2 ğ›’:1.4283e+00ğ›€ cm
2023-05-31 12:30:18,270 INFO Measurement at current 0.03919597989949748
2023-05-31 12:30:18,862 INFO T:270.29Â°K V:3.2715e-02V I:3.9196e-02A R:8.3464e-01ğ›€ E:6.2913e-01V/cm J:4.4040e-01A/cm2 ğ›’:1.4285e+00ğ›€ cm
2023-05-31 12:30:18,884 INFO Measurement at current 0.039949748743718594
2023-05-31 12:30:19,490 INFO T:270.30Â°K V:3.3350e-02V I:3.9950e-02A R:8.3480e-01ğ›€ E:6.4135e-01V/cm J:4.4887e-01A/cm2 ğ›’:1.4288e+00ğ›€ cm
2023-05-31 12:30:19,515 INFO Measurement at current 0.0407035175879397
2023-05-31 12:30:20,114 INFO T:270.31Â°K V:3.3985e-02V I:4.0704e-02A R:8.3494e-01ğ›€ E:6.5356e-01V/cm J:4.5734e-01A/cm2 ğ›’:1.4290e+00ğ›€ cm
2023-05-31 12:30:20,133 INFO Measurement at current 0.0414572864321608
2023-05-31 12:30:20,719 INFO T:270.31Â°K V:3.4616e-02V I:4.1457e-02A R:8.3499e-01ğ›€ E:6.6570e-01V/cm J:4.6581e-01A/cm2 ğ›’:1.4291e+00ğ›€ cm
2023-05-31 12:30:20,734 INFO Measurement at current 0.04221105527638191
2023-05-31 12:30:21,319 INFO T:270.32Â°K V:3.5252e-02V I:4.2211e-02A R:8.3514e-01ğ›€ E:6.7792e-01V/cm J:4.7428e-01A/cm2 ğ›’:1.4294e+00ğ›€ cm
2023-05-31 12:30:21,336 INFO Measurement at current 0.04296482412060301
2023-05-31 12:30:21,926 INFO T:270.33Â°K V:3.5889e-02V I:4.2965e-02A R:8.3532e-01ğ›€ E:6.9018e-01V/cm J:4.8275e-01A/cm2 ğ›’:1.4297e+00ğ›€ cm
2023-05-31 12:30:21,949 INFO Measurement at current 0.04371859296482412
2023-05-31 12:30:22,558 INFO T:270.33Â°K V:3.6526e-02V I:4.3719e-02A R:8.3547e-01ğ›€ E:7.0242e-01V/cm J:4.9122e-01A/cm2 ğ›’:1.4299e+00ğ›€ cm
2023-05-31 12:30:22,581 INFO Measurement at current 0.04447236180904522
2023-05-31 12:30:23,186 INFO T:270.34Â°K V:3.7158e-02V I:4.4472e-02A R:8.3553e-01ğ›€ E:7.1458e-01V/cm J:4.9969e-01A/cm2 ğ›’:1.4300e+00ğ›€ cm
2023-05-31 12:30:23,204 INFO Measurement at current 0.04522613065326633
2023-05-31 12:30:23,796 INFO T:270.34Â°K V:3.7795e-02V I:4.5226e-02A R:8.3569e-01ğ›€ E:7.2683e-01V/cm J:5.0816e-01A/cm2 ğ›’:1.4303e+00ğ›€ cm
2023-05-31 12:30:23,812 INFO Measurement at current 0.04597989949748744
2023-05-31 12:30:24,402 INFO T:270.35Â°K V:3.8433e-02V I:4.5980e-02A R:8.3588e-01ğ›€ E:7.3911e-01V/cm J:5.1663e-01A/cm2 ğ›’:1.4306e+00ğ›€ cm
2023-05-31 12:30:24,418 INFO Measurement at current 0.04673366834170854
2023-05-31 12:30:25,016 INFO T:270.36Â°K V:3.9071e-02V I:4.6734e-02A R:8.3603e-01ğ›€ E:7.5137e-01V/cm J:5.2510e-01A/cm2 ğ›’:1.4309e+00ğ›€ cm
2023-05-31 12:30:25,036 INFO Measurement at current 0.04748743718592965
2023-05-31 12:30:25,625 INFO T:270.36Â°K V:3.9704e-02V I:4.7487e-02A R:8.3610e-01ğ›€ E:7.6354e-01V/cm J:5.3357e-01A/cm2 ğ›’:1.4310e+00ğ›€ cm
2023-05-31 12:30:25,645 INFO Measurement at current 0.04824120603015075
2023-05-31 12:30:26,238 INFO T:270.37Â°K V:4.0342e-02V I:4.8241e-02A R:8.3625e-01ğ›€ E:7.7580e-01V/cm J:5.4204e-01A/cm2 ğ›’:1.4313e+00ğ›€ cm
2023-05-31 12:30:26,260 INFO Measurement at current 0.048994974874371856
2023-05-31 12:30:26,855 INFO T:270.37Â°K V:4.0981e-02V I:4.8995e-02A R:8.3642e-01ğ›€ E:7.8809e-01V/cm J:5.5051e-01A/cm2 ğ›’:1.4316e+00ğ›€ cm
2023-05-31 12:30:26,874 INFO Measurement at current 0.04974874371859296
2023-05-31 12:30:27,461 INFO T:270.38Â°K V:4.1618e-02V I:4.9749e-02A R:8.3657e-01ğ›€ E:8.0036e-01V/cm J:5.5897e-01A/cm2 ğ›’:1.4318e+00ğ›€ cm
2023-05-31 12:30:27,476 INFO Measurement at current 0.050502512562814066
2023-05-31 12:30:28,067 INFO T:270.39Â°K V:4.2256e-02V I:5.0503e-02A R:8.3672e-01ğ›€ E:8.1262e-01V/cm J:5.6744e-01A/cm2 ğ›’:1.4321e+00ğ›€ cm
2023-05-31 12:30:28,091 INFO Measurement at current 0.05125628140703517
2023-05-31 12:30:28,677 INFO T:270.39Â°K V:4.2891e-02V I:5.1256e-02A R:8.3679e-01ğ›€ E:8.2483e-01V/cm J:5.7591e-01A/cm2 ğ›’:1.4322e+00ğ›€ cm
2023-05-31 12:30:28,699 INFO Measurement at current 0.05201005025125628
2023-05-31 12:30:29,293 INFO T:270.40Â°K V:4.3531e-02V I:5.2010e-02A R:8.3698e-01ğ›€ E:8.3714e-01V/cm J:5.8438e-01A/cm2 ğ›’:1.4325e+00ğ›€ cm
2023-05-31 12:30:29,311 INFO Measurement at current 0.052763819095477386
2023-05-31 12:30:29,906 INFO T:270.40Â°K V:4.4170e-02V I:5.2764e-02A R:8.3713e-01ğ›€ E:8.4943e-01V/cm J:5.9285e-01A/cm2 ğ›’:1.4328e+00ğ›€ cm
2023-05-31 12:30:29,929 INFO Measurement at current 0.05351758793969849
2023-05-31 12:30:30,523 INFO T:270.41Â°K V:4.4810e-02V I:5.3518e-02A R:8.3729e-01ğ›€ E:8.6173e-01V/cm J:6.0132e-01A/cm2 ğ›’:1.4331e+00ğ›€ cm
2023-05-31 12:30:30,552 INFO Measurement at current 0.054271356783919596
2023-05-31 12:30:31,151 INFO T:270.42Â°K V:4.5446e-02V I:5.4271e-02A R:8.3739e-01ğ›€ E:8.7396e-01V/cm J:6.0979e-01A/cm2 ğ›’:1.4332e+00ğ›€ cm
2023-05-31 12:30:31,173 INFO Measurement at current 0.0550251256281407
2023-05-31 12:30:31,771 INFO T:270.42Â°K V:4.6088e-02V I:5.5025e-02A R:8.3759e-01ğ›€ E:8.8632e-01V/cm J:6.1826e-01A/cm2 ğ›’:1.4336e+00ğ›€ cm
2023-05-31 12:30:31,802 INFO Measurement at current 0.055778894472361805
2023-05-31 12:30:32,396 INFO T:270.43Â°K V:4.6730e-02V I:5.5779e-02A R:8.3777e-01ğ›€ E:8.9865e-01V/cm J:6.2673e-01A/cm2 ğ›’:1.4339e+00ğ›€ cm
2023-05-31 12:30:32,416 INFO Measurement at current 0.05653266331658291
2023-05-31 12:30:33,022 INFO T:270.44Â°K V:4.7371e-02V I:5.6533e-02A R:8.3795e-01ğ›€ E:9.1099e-01V/cm J:6.3520e-01A/cm2 ğ›’:1.4342e+00ğ›€ cm
2023-05-31 12:30:33,041 INFO Measurement at current 0.05728643216080402
2023-05-31 12:30:33,636 INFO T:270.44Â°K V:4.8009e-02V I:5.7286e-02A R:8.3805e-01ğ›€ E:9.2325e-01V/cm J:6.4367e-01A/cm2 ğ›’:1.4344e+00ğ›€ cm
2023-05-31 12:30:33,659 INFO Measurement at current 0.058040201005025126
2023-05-31 12:30:34,241 INFO T:270.45Â°K V:4.8653e-02V I:5.8040e-02A R:8.3826e-01ğ›€ E:9.3563e-01V/cm J:6.5214e-01A/cm2 ğ›’:1.4347e+00ğ›€ cm
2023-05-31 12:30:34,257 INFO Measurement at current 0.05879396984924623
2023-05-31 12:30:34,853 INFO T:270.45Â°K V:4.9296e-02V I:5.8794e-02A R:8.3845e-01ğ›€ E:9.4799e-01V/cm J:6.6061e-01A/cm2 ğ›’:1.4350e+00ğ›€ cm
2023-05-31 12:30:34,873 INFO Measurement at current 0.059547738693467335
2023-05-31 12:30:35,475 INFO T:270.46Â°K V:4.9939e-02V I:5.9548e-02A R:8.3863e-01ğ›€ E:9.6036e-01V/cm J:6.6908e-01A/cm2 ğ›’:1.4353e+00ğ›€ cm
2023-05-31 12:30:35,500 INFO Measurement at current 0.06030150753768844
2023-05-31 12:30:36,100 INFO T:270.47Â°K V:5.0578e-02V I:6.0302e-02A R:8.3875e-01ğ›€ E:9.7265e-01V/cm J:6.7755e-01A/cm2 ğ›’:1.4356e+00ğ›€ cm
2023-05-31 12:30:36,126 INFO Measurement at current 0.061055276381909544
2023-05-31 12:30:36,717 INFO T:270.47Â°K V:5.1223e-02V I:6.1055e-02A R:8.3896e-01ğ›€ E:9.8506e-01V/cm J:6.8601e-01A/cm2 ğ›’:1.4359e+00ğ›€ cm
2023-05-31 12:30:36,741 INFO Measurement at current 0.06180904522613065
2023-05-31 12:30:37,333 INFO T:270.48Â°K V:5.1867e-02V I:6.1809e-02A R:8.3914e-01ğ›€ E:9.9743e-01V/cm J:6.9448e-01A/cm2 ğ›’:1.4362e+00ğ›€ cm
2023-05-31 12:30:37,351 INFO Measurement at current 0.06256281407035176
2023-05-31 12:30:37,938 INFO T:270.48Â°K V:5.2510e-02V I:6.2563e-02A R:8.3932e-01ğ›€ E:1.0098e+00V/cm J:7.0295e-01A/cm2 ğ›’:1.4365e+00ğ›€ cm
2023-05-31 12:30:37,955 INFO Measurement at current 0.06331658291457286
2023-05-31 12:30:38,548 INFO T:270.49Â°K V:5.3150e-02V I:6.3317e-02A R:8.3944e-01ğ›€ E:1.0221e+00V/cm J:7.1142e-01A/cm2 ğ›’:1.4367e+00ğ›€ cm
2023-05-31 12:30:38,566 INFO Measurement at current 0.06407035175879397
2023-05-31 12:30:39,154 INFO T:270.50Â°K V:5.3796e-02V I:6.4070e-02A R:8.3964e-01ğ›€ E:1.0345e+00V/cm J:7.1989e-01A/cm2 ğ›’:1.4371e+00ğ›€ cm
2023-05-31 12:30:39,169 INFO Measurement at current 0.06482412060301507
2023-05-31 12:30:39,770 INFO T:270.50Â°K V:5.4441e-02V I:6.4824e-02A R:8.3983e-01ğ›€ E:1.0469e+00V/cm J:7.2836e-01A/cm2 ğ›’:1.4374e+00ğ›€ cm
2023-05-31 12:30:39,785 INFO Measurement at current 0.06557788944723618
2023-05-31 12:30:40,374 INFO T:270.51Â°K V:5.5086e-02V I:6.5578e-02A R:8.4001e-01ğ›€ E:1.0594e+00V/cm J:7.3683e-01A/cm2 ğ›’:1.4377e+00ğ›€ cm
2023-05-31 12:30:40,390 INFO Measurement at current 0.06633165829145729
2023-05-31 12:30:40,992 INFO T:270.51Â°K V:5.5728e-02V I:6.6332e-02A R:8.4014e-01ğ›€ E:1.0717e+00V/cm J:7.4530e-01A/cm2 ğ›’:1.4379e+00ğ›€ cm
2023-05-31 12:30:41,015 INFO Measurement at current 0.06708542713567839
2023-05-31 12:30:41,615 INFO T:270.52Â°K V:5.6375e-02V I:6.7085e-02A R:8.4035e-01ğ›€ E:1.0841e+00V/cm J:7.5377e-01A/cm2 ğ›’:1.4383e+00ğ›€ cm
2023-05-31 12:30:41,641 INFO Measurement at current 0.0678391959798995
2023-05-31 12:30:42,234 INFO T:270.53Â°K V:5.7023e-02V I:6.7839e-02A R:8.4056e-01ğ›€ E:1.0966e+00V/cm J:7.6224e-01A/cm2 ğ›’:1.4386e+00ğ›€ cm
2023-05-31 12:30:42,266 INFO Measurement at current 0.0685929648241206
2023-05-31 12:30:42,872 INFO T:270.53Â°K V:5.7671e-02V I:6.8593e-02A R:8.4077e-01ğ›€ E:1.1091e+00V/cm J:7.7071e-01A/cm2 ğ›’:1.4390e+00ğ›€ cm
2023-05-31 12:30:42,905 INFO Measurement at current 0.06934673366834171
2023-05-31 12:30:43,495 INFO T:270.54Â°K V:5.8315e-02V I:6.9347e-02A R:8.4092e-01ğ›€ E:1.1214e+00V/cm J:7.7918e-01A/cm2 ğ›’:1.4393e+00ğ›€ cm
2023-05-31 12:30:43,514 INFO Measurement at current 0.0701005025125628
2023-05-31 12:30:44,109 INFO T:270.54Â°K V:5.8965e-02V I:7.0101e-02A R:8.4115e-01ğ›€ E:1.1339e+00V/cm J:7.8765e-01A/cm2 ğ›’:1.4397e+00ğ›€ cm
2023-05-31 12:30:44,125 INFO Measurement at current 0.07085427135678392
2023-05-31 12:30:44,717 INFO T:270.55Â°K V:5.9614e-02V I:7.0854e-02A R:8.4136e-01ğ›€ E:1.1464e+00V/cm J:7.9612e-01A/cm2 ğ›’:1.4400e+00ğ›€ cm
2023-05-31 12:30:44,738 INFO Measurement at current 0.07160804020100502
2023-05-31 12:30:45,341 INFO T:270.56Â°K V:6.0264e-02V I:7.1608e-02A R:8.4158e-01ğ›€ E:1.1589e+00V/cm J:8.0458e-01A/cm2 ğ›’:1.4404e+00ğ›€ cm
2023-05-31 12:30:45,357 INFO Measurement at current 0.07236180904522613
2023-05-31 12:30:45,948 INFO T:270.56Â°K V:6.0909e-02V I:7.2362e-02A R:8.4173e-01ğ›€ E:1.1713e+00V/cm J:8.1305e-01A/cm2 ğ›’:1.4407e+00ğ›€ cm
2023-05-31 12:30:45,968 INFO Measurement at current 0.07311557788944724
2023-05-31 12:30:46,560 INFO T:270.57Â°K V:6.1561e-02V I:7.3116e-02A R:8.4197e-01ğ›€ E:1.1839e+00V/cm J:8.2152e-01A/cm2 ğ›’:1.4411e+00ğ›€ cm
2023-05-31 12:30:46,586 INFO Measurement at current 0.07386934673366834
2023-05-31 12:30:47,172 INFO T:270.57Â°K V:6.2212e-02V I:7.3869e-02A R:8.4220e-01ğ›€ E:1.1964e+00V/cm J:8.2999e-01A/cm2 ğ›’:1.4415e+00ğ›€ cm
2023-05-31 12:30:47,190 INFO Measurement at current 0.07462311557788945
2023-05-31 12:30:47,789 INFO T:270.58Â°K V:6.2863e-02V I:7.4623e-02A R:8.4241e-01ğ›€ E:1.2089e+00V/cm J:8.3846e-01A/cm2 ğ›’:1.4418e+00ğ›€ cm
2023-05-31 12:30:47,812 INFO Measurement at current 0.07537688442211055
2023-05-31 12:30:48,413 INFO T:270.59Â°K V:6.3510e-02V I:7.5377e-02A R:8.4257e-01ğ›€ E:1.2213e+00V/cm J:8.4693e-01A/cm2 ğ›’:1.4421e+00ğ›€ cm
2023-05-31 12:30:48,434 INFO Measurement at current 0.07613065326633166
2023-05-31 12:30:49,034 INFO T:270.59Â°K V:6.4163e-02V I:7.6131e-02A R:8.4280e-01ğ›€ E:1.2339e+00V/cm J:8.5540e-01A/cm2 ğ›’:1.4425e+00ğ›€ cm
2023-05-31 12:30:49,053 INFO Measurement at current 0.07688442211055276
2023-05-31 12:30:49,639 INFO T:270.60Â°K V:6.4815e-02V I:7.6884e-02A R:8.4302e-01ğ›€ E:1.2464e+00V/cm J:8.6387e-01A/cm2 ğ›’:1.4429e+00ğ›€ cm
2023-05-31 12:30:49,656 INFO Measurement at current 0.07763819095477387
2023-05-31 12:30:50,258 INFO T:270.60Â°K V:6.5467e-02V I:7.7638e-02A R:8.4324e-01ğ›€ E:1.2590e+00V/cm J:8.7234e-01A/cm2 ğ›’:1.4432e+00ğ›€ cm
2023-05-31 12:30:50,279 INFO Measurement at current 0.07839195979899496
2023-05-31 12:30:50,881 INFO T:270.61Â°K V:6.6116e-02V I:7.8392e-02A R:8.4341e-01ğ›€ E:1.2715e+00V/cm J:8.8081e-01A/cm2 ğ›’:1.4435e+00ğ›€ cm
2023-05-31 12:30:50,900 INFO Measurement at current 0.07914572864321608
2023-05-31 12:30:51,505 INFO T:270.62Â°K V:6.6771e-02V I:7.9146e-02A R:8.4365e-01ğ›€ E:1.2841e+00V/cm J:8.8928e-01A/cm2 ğ›’:1.4439e+00ğ›€ cm
2023-05-31 12:30:51,533 INFO Measurement at current 0.07989949748743719
2023-05-31 12:30:52,127 INFO T:270.62Â°K V:6.7426e-02V I:7.9899e-02A R:8.4388e-01ğ›€ E:1.2966e+00V/cm J:8.9775e-01A/cm2 ğ›’:1.4443e+00ğ›€ cm
2023-05-31 12:30:52,148 INFO Measurement at current 0.08065326633165829
2023-05-31 12:30:52,738 INFO T:270.63Â°K V:6.8080e-02V I:8.0653e-02A R:8.4411e-01ğ›€ E:1.3092e+00V/cm J:9.0622e-01A/cm2 ğ›’:1.4447e+00ğ›€ cm
2023-05-31 12:30:52,756 INFO Measurement at current 0.0814070351758794
2023-05-31 12:30:53,358 INFO T:270.63Â°K V:6.8731e-02V I:8.1407e-02A R:8.4429e-01ğ›€ E:1.3218e+00V/cm J:9.1469e-01A/cm2 ğ›’:1.4450e+00ğ›€ cm
2023-05-31 12:30:53,374 INFO Measurement at current 0.0821608040201005
2023-05-31 12:30:53,960 INFO T:270.64Â°K V:6.9389e-02V I:8.2161e-02A R:8.4455e-01ğ›€ E:1.3344e+00V/cm J:9.2316e-01A/cm2 ğ›’:1.4455e+00ğ›€ cm
2023-05-31 12:30:53,977 INFO Measurement at current 0.0829145728643216
2023-05-31 12:30:54,564 INFO T:270.65Â°K V:7.0046e-02V I:8.2915e-02A R:8.4480e-01ğ›€ E:1.3470e+00V/cm J:9.3162e-01A/cm2 ğ›’:1.4459e+00ğ›€ cm
2023-05-31 12:30:54,584 INFO Measurement at current 0.0836683417085427
2023-05-31 12:30:55,175 INFO T:270.65Â°K V:7.0704e-02V I:8.3668e-02A R:8.4505e-01ğ›€ E:1.3597e+00V/cm J:9.4009e-01A/cm2 ğ›’:1.4463e+00ğ›€ cm
2023-05-31 12:30:55,201 INFO Measurement at current 0.08442211055276382
2023-05-31 12:30:55,803 INFO T:270.66Â°K V:7.1358e-02V I:8.4422e-02A R:8.4525e-01ğ›€ E:1.3723e+00V/cm J:9.4856e-01A/cm2 ğ›’:1.4467e+00ğ›€ cm
2023-05-31 12:30:55,828 INFO Measurement at current 0.08517587939698493
2023-05-31 12:30:56,427 INFO T:270.66Â°K V:7.2018e-02V I:8.5176e-02A R:8.4552e-01ğ›€ E:1.3850e+00V/cm J:9.5703e-01A/cm2 ğ›’:1.4471e+00ğ›€ cm
2023-05-31 12:30:56,457 INFO Measurement at current 0.08592964824120602
2023-05-31 12:30:57,052 INFO T:270.67Â°K V:7.2677e-02V I:8.5930e-02A R:8.4578e-01ğ›€ E:1.3976e+00V/cm J:9.6550e-01A/cm2 ğ›’:1.4476e+00ğ›€ cm
2023-05-31 12:30:57,076 INFO Measurement at current 0.08668341708542714
2023-05-31 12:30:57,677 INFO T:270.68Â°K V:7.3337e-02V I:8.6683e-02A R:8.4604e-01ğ›€ E:1.4103e+00V/cm J:9.7397e-01A/cm2 ğ›’:1.4480e+00ğ›€ cm
2023-05-31 12:30:57,700 INFO Measurement at current 0.08743718592964823
2023-05-31 12:30:58,293 INFO T:270.68Â°K V:7.3993e-02V I:8.7437e-02A R:8.4624e-01ğ›€ E:1.4229e+00V/cm J:9.8244e-01A/cm2 ğ›’:1.4484e+00ğ›€ cm
2023-05-31 12:30:58,323 INFO Measurement at current 0.08819095477386935
2023-05-31 12:30:58,930 INFO T:270.69Â°K V:7.4655e-02V I:8.8191e-02A R:8.4652e-01ğ›€ E:1.4357e+00V/cm J:9.9091e-01A/cm2 ğ›’:1.4489e+00ğ›€ cm
2023-05-31 12:30:58,945 INFO Measurement at current 0.08894472361809044
2023-05-31 12:30:59,535 INFO T:270.69Â°K V:7.5316e-02V I:8.8945e-02A R:8.4677e-01ğ›€ E:1.4484e+00V/cm J:9.9938e-01A/cm2 ğ›’:1.4493e+00ğ›€ cm
2023-05-31 12:30:59,562 INFO Measurement at current 0.08969849246231155
2023-05-31 12:31:00,172 INFO T:270.70Â°K V:7.5978e-02V I:8.9698e-02A R:8.4703e-01ğ›€ E:1.4611e+00V/cm J:1.0078e+00A/cm2 ğ›’:1.4497e+00ğ›€ cm
2023-05-31 12:31:00,196 INFO Measurement at current 0.09045226130653267
2023-05-31 12:31:00,801 INFO T:270.71Â°K V:7.6635e-02V I:9.0452e-02A R:8.4724e-01ğ›€ E:1.4738e+00V/cm J:1.0163e+00A/cm2 ğ›’:1.4501e+00ğ›€ cm
2023-05-31 12:31:00,848 INFO Measurement at current 0.09120603015075376
2023-05-31 12:31:01,443 INFO T:270.71Â°K V:7.7299e-02V I:9.1206e-02A R:8.4752e-01ğ›€ E:1.4865e+00V/cm J:1.0248e+00A/cm2 ğ›’:1.4506e+00ğ›€ cm
2023-05-31 12:31:01,478 INFO Measurement at current 0.09195979899497488
2023-05-31 12:31:02,063 INFO T:270.72Â°K V:7.7962e-02V I:9.1960e-02A R:8.4778e-01ğ›€ E:1.4993e+00V/cm J:1.0333e+00A/cm2 ğ›’:1.4510e+00ğ›€ cm
2023-05-31 12:31:02,077 INFO Measurement at current 0.09271356783919597
2023-05-31 12:31:02,660 INFO T:270.72Â°K V:7.8625e-02V I:9.2714e-02A R:8.4804e-01ğ›€ E:1.5120e+00V/cm J:1.0417e+00A/cm2 ğ›’:1.4515e+00ğ›€ cm
2023-05-31 12:31:02,675 INFO Measurement at current 0.09346733668341708
2023-05-31 12:31:03,273 INFO T:270.73Â°K V:7.9285e-02V I:9.3467e-02A R:8.4826e-01ğ›€ E:1.5247e+00V/cm J:1.0502e+00A/cm2 ğ›’:1.4518e+00ğ›€ cm
2023-05-31 12:31:03,301 INFO Measurement at current 0.09422110552763818
2023-05-31 12:31:03,889 INFO T:270.74Â°K V:7.9950e-02V I:9.4221e-02A R:8.4854e-01ğ›€ E:1.5375e+00V/cm J:1.0587e+00A/cm2 ğ›’:1.4523e+00ğ›€ cm
2023-05-31 12:31:03,904 INFO Measurement at current 0.0949748743718593
2023-05-31 12:31:04,494 INFO T:270.74Â°K V:8.0618e-02V I:9.4975e-02A R:8.4883e-01ğ›€ E:1.5503e+00V/cm J:1.0671e+00A/cm2 ğ›’:1.4528e+00ğ›€ cm
2023-05-31 12:31:04,512 INFO Measurement at current 0.09572864321608039
2023-05-31 12:31:05,103 INFO T:270.75Â°K V:8.1285e-02V I:9.5729e-02A R:8.4912e-01ğ›€ E:1.5632e+00V/cm J:1.0756e+00A/cm2 ğ›’:1.4533e+00ğ›€ cm
2023-05-31 12:31:05,139 INFO Measurement at current 0.0964824120603015
2023-05-31 12:31:05,731 INFO T:270.75Â°K V:8.1949e-02V I:9.6482e-02A R:8.4936e-01ğ›€ E:1.5759e+00V/cm J:1.0841e+00A/cm2 ğ›’:1.4537e+00ğ›€ cm
2023-05-31 12:31:05,747 INFO Measurement at current 0.09723618090452261
2023-05-31 12:31:06,340 INFO T:270.76Â°K V:8.2617e-02V I:9.7236e-02A R:8.4965e-01ğ›€ E:1.5888e+00V/cm J:1.0925e+00A/cm2 ğ›’:1.4542e+00ğ›€ cm
2023-05-31 12:31:06,362 INFO Measurement at current 0.09798994974874371
2023-05-31 12:31:06,961 INFO T:270.77Â°K V:8.3287e-02V I:9.7990e-02A R:8.4996e-01ğ›€ E:1.6017e+00V/cm J:1.1010e+00A/cm2 ğ›’:1.4547e+00ğ›€ cm
2023-05-31 12:31:06,993 INFO Measurement at current 0.09874371859296482
2023-05-31 12:31:07,586 INFO T:270.77Â°K V:8.3957e-02V I:9.8744e-02A R:8.5025e-01ğ›€ E:1.6146e+00V/cm J:1.1095e+00A/cm2 ğ›’:1.4552e+00ğ›€ cm
2023-05-31 12:31:07,611 INFO Measurement at current 0.09949748743718592
2023-05-31 12:31:08,199 INFO T:270.78Â°K V:8.4623e-02V I:9.9497e-02A R:8.5050e-01ğ›€ E:1.6274e+00V/cm J:1.1179e+00A/cm2 ğ›’:1.4557e+00ğ›€ cm
2023-05-31 12:31:08,217 INFO Measurement at current 0.10025125628140703
2023-05-31 12:31:08,805 INFO T:270.78Â°K V:8.5294e-02V I:1.0025e-01A R:8.5080e-01ğ›€ E:1.6403e+00V/cm J:1.1264e+00A/cm2 ğ›’:1.4562e+00ğ›€ cm
2023-05-31 12:31:08,819 INFO Measurement at current 0.10100502512562813
2023-05-31 12:31:09,405 INFO T:270.79Â°K V:8.5967e-02V I:1.0101e-01A R:8.5111e-01ğ›€ E:1.6532e+00V/cm J:1.1349e+00A/cm2 ğ›’:1.4567e+00ğ›€ cm
2023-05-31 12:31:09,422 INFO Measurement at current 0.10175879396984924
2023-05-31 12:31:10,011 INFO T:270.80Â°K V:8.6639e-02V I:1.0176e-01A R:8.5141e-01ğ›€ E:1.6661e+00V/cm J:1.1434e+00A/cm2 ğ›’:1.4572e+00ğ›€ cm
2023-05-31 12:31:10,027 INFO Measurement at current 0.10251256281407034
2023-05-31 12:31:10,617 INFO T:270.80Â°K V:8.7311e-02V I:1.0251e-01A R:8.5171e-01ğ›€ E:1.6791e+00V/cm J:1.1518e+00A/cm2 ğ›’:1.4577e+00ğ›€ cm
2023-05-31 12:31:10,637 INFO Measurement at current 0.10326633165829145
2023-05-31 12:31:11,254 INFO T:270.81Â°K V:8.7981e-02V I:1.0327e-01A R:8.5198e-01ğ›€ E:1.6919e+00V/cm J:1.1603e+00A/cm2 ğ›’:1.4582e+00ğ›€ cm
2023-05-31 12:31:11,280 INFO Measurement at current 0.10402010050251256
2023-05-31 12:31:11,866 INFO T:270.81Â°K V:8.8654e-02V I:1.0402e-01A R:8.5228e-01ğ›€ E:1.7049e+00V/cm J:1.1688e+00A/cm2 ğ›’:1.4587e+00ğ›€ cm
2023-05-31 12:31:11,888 INFO Measurement at current 0.10477386934673366
2023-05-31 12:31:12,492 INFO T:270.82Â°K V:8.9329e-02V I:1.0477e-01A R:8.5258e-01ğ›€ E:1.7179e+00V/cm J:1.1772e+00A/cm2 ğ›’:1.4592e+00ğ›€ cm
2023-05-31 12:31:12,515 INFO Measurement at current 0.10552763819095477
2023-05-31 12:31:13,114 INFO T:270.83Â°K V:9.0092e-02V I:1.0553e-01A R:8.5373e-01ğ›€ E:1.7325e+00V/cm J:1.1857e+00A/cm2 ğ›’:1.4612e+00ğ›€ cm
2023-05-31 12:31:13,150 INFO Measurement at current 0.10628140703517587
2023-05-31 12:31:13,761 INFO T:270.83Â°K V:9.0766e-02V I:1.0628e-01A R:8.5402e-01ğ›€ E:1.7455e+00V/cm J:1.1942e+00A/cm2 ğ›’:1.4617e+00ğ›€ cm
2023-05-31 12:31:13,780 INFO Measurement at current 0.10703517587939698
2023-05-31 12:31:14,371 INFO T:270.84Â°K V:9.1451e-02V I:1.0704e-01A R:8.5440e-01ğ›€ E:1.7587e+00V/cm J:1.2026e+00A/cm2 ğ›’:1.4623e+00ğ›€ cm
2023-05-31 12:31:14,388 INFO Measurement at current 0.10778894472361808
2023-05-31 12:31:14,983 INFO T:270.84Â°K V:9.2112e-02V I:1.0779e-01A R:8.5456e-01ğ›€ E:1.7714e+00V/cm J:1.2111e+00A/cm2 ğ›’:1.4626e+00ğ›€ cm
2023-05-31 12:31:14,999 INFO Measurement at current 0.10854271356783919
2023-05-31 12:31:15,590 INFO T:270.85Â°K V:9.2777e-02V I:1.0854e-01A R:8.5475e-01ğ›€ E:1.7842e+00V/cm J:1.2196e+00A/cm2 ğ›’:1.4629e+00ğ›€ cm
2023-05-31 12:31:15,608 INFO Measurement at current 0.1092964824120603
2023-05-31 12:31:16,216 INFO T:270.86Â°K V:9.3461e-02V I:1.0930e-01A R:8.5512e-01ğ›€ E:1.7973e+00V/cm J:1.2281e+00A/cm2 ğ›’:1.4636e+00ğ›€ cm
2023-05-31 12:31:16,245 INFO Measurement at current 0.1100502512562814
2023-05-31 12:31:16,852 INFO T:270.86Â°K V:9.4128e-02V I:1.1005e-01A R:8.5532e-01ğ›€ E:1.8102e+00V/cm J:1.2365e+00A/cm2 ğ›’:1.4639e+00ğ›€ cm
2023-05-31 12:31:16,880 INFO Measurement at current 0.11080402010050251
2023-05-31 12:31:17,479 INFO T:270.87Â°K V:9.4809e-02V I:1.1080e-01A R:8.5564e-01ğ›€ E:1.8232e+00V/cm J:1.2450e+00A/cm2 ğ›’:1.4645e+00ğ›€ cm
2023-05-31 12:31:17,505 INFO Measurement at current 0.11155778894472361
2023-05-31 12:31:18,089 INFO T:270.87Â°K V:9.5479e-02V I:1.1156e-01A R:8.5587e-01ğ›€ E:1.8361e+00V/cm J:1.2535e+00A/cm2 ğ›’:1.4649e+00ğ›€ cm
2023-05-31 12:31:18,105 INFO Measurement at current 0.11231155778894472
2023-05-31 12:31:18,692 INFO T:270.88Â°K V:9.6147e-02V I:1.1231e-01A R:8.5608e-01ğ›€ E:1.8490e+00V/cm J:1.2619e+00A/cm2 ğ›’:1.4652e+00ğ›€ cm
2023-05-31 12:31:18,711 INFO Measurement at current 0.11306532663316582
2023-05-31 12:31:19,297 INFO T:270.88Â°K V:9.6843e-02V I:1.1307e-01A R:8.5652e-01ğ›€ E:1.8624e+00V/cm J:1.2704e+00A/cm2 ğ›’:1.4660e+00ğ›€ cm
2023-05-31 12:31:19,317 INFO Measurement at current 0.11381909547738693
2023-05-31 12:31:19,903 INFO T:270.89Â°K V:9.7514e-02V I:1.1382e-01A R:8.5674e-01ğ›€ E:1.8753e+00V/cm J:1.2789e+00A/cm2 ğ›’:1.4663e+00ğ›€ cm
2023-05-31 12:31:19,924 INFO Measurement at current 0.11457286432160804
2023-05-31 12:31:20,517 INFO T:270.90Â°K V:9.8204e-02V I:1.1457e-01A R:8.5713e-01ğ›€ E:1.8885e+00V/cm J:1.2873e+00A/cm2 ğ›’:1.4670e+00ğ›€ cm
2023-05-31 12:31:20,541 INFO Measurement at current 0.11532663316582914
2023-05-31 12:31:21,136 INFO T:270.90Â°K V:9.8921e-02V I:1.1533e-01A R:8.5774e-01ğ›€ E:1.9023e+00V/cm J:1.2958e+00A/cm2 ğ›’:1.4681e+00ğ›€ cm
2023-05-31 12:31:21,159 INFO Measurement at current 0.11608040201005025
2023-05-31 12:31:21,747 INFO T:270.91Â°K V:9.9595e-02V I:1.1608e-01A R:8.5798e-01ğ›€ E:1.9153e+00V/cm J:1.3043e+00A/cm2 ğ›’:1.4685e+00ğ›€ cm
2023-05-31 12:31:21,768 INFO Measurement at current 0.11683417085427135
2023-05-31 12:31:22,355 INFO T:270.91Â°K V:1.0028e-01V I:1.1683e-01A R:8.5831e-01ğ›€ E:1.9285e+00V/cm J:1.3127e+00A/cm2 ğ›’:1.4690e+00ğ›€ cm
2023-05-31 12:31:22,383 INFO Measurement at current 0.11758793969849246
2023-05-31 12:31:22,979 INFO T:270.92Â°K V:1.0096e-01V I:1.1759e-01A R:8.5860e-01ğ›€ E:1.9416e+00V/cm J:1.3212e+00A/cm2 ğ›’:1.4695e+00ğ›€ cm
2023-05-31 12:31:23,010 INFO Measurement at current 0.11834170854271356
2023-05-31 12:31:23,615 INFO T:270.93Â°K V:1.0165e-01V I:1.1834e-01A R:8.5899e-01ğ›€ E:1.9549e+00V/cm J:1.3297e+00A/cm2 ğ›’:1.4702e+00ğ›€ cm
2023-05-31 12:31:23,635 INFO Measurement at current 0.11909547738693467
2023-05-31 12:31:24,224 INFO T:270.93Â°K V:1.0233e-01V I:1.1910e-01A R:8.5920e-01ğ›€ E:1.9678e+00V/cm J:1.3382e+00A/cm2 ğ›’:1.4705e+00ğ›€ cm
2023-05-31 12:31:24,242 INFO Measurement at current 0.11984924623115577
2023-05-31 12:31:24,845 INFO T:270.94Â°K V:1.0301e-01V I:1.1985e-01A R:8.5950e-01ğ›€ E:1.9810e+00V/cm J:1.3466e+00A/cm2 ğ›’:1.4711e+00ğ›€ cm
2023-05-31 12:31:24,863 INFO Measurement at current 0.12060301507537688
2023-05-31 12:31:25,467 INFO T:270.94Â°K V:1.0370e-01V I:1.2060e-01A R:8.5984e-01ğ›€ E:1.9942e+00V/cm J:1.3551e+00A/cm2 ğ›’:1.4717e+00ğ›€ cm
2023-05-31 12:31:25,489 INFO Measurement at current 0.12135678391959799
2023-05-31 12:31:26,081 INFO T:270.95Â°K V:1.0439e-01V I:1.2136e-01A R:8.6016e-01ğ›€ E:2.0074e+00V/cm J:1.3636e+00A/cm2 ğ›’:1.4722e+00ğ›€ cm
2023-05-31 12:31:26,112 INFO Measurement at current 0.12211055276381909
2023-05-31 12:31:26,713 INFO T:270.96Â°K V:1.0508e-01V I:1.2211e-01A R:8.6057e-01ğ›€ E:2.0209e+00V/cm J:1.3720e+00A/cm2 ğ›’:1.4729e+00ğ›€ cm
2023-05-31 12:31:26,732 INFO Measurement at current 0.1228643216080402
2023-05-31 12:31:27,329 INFO T:270.96Â°K V:1.0577e-01V I:1.2286e-01A R:8.6085e-01ğ›€ E:2.0340e+00V/cm J:1.3805e+00A/cm2 ğ›’:1.4734e+00ğ›€ cm
2023-05-31 12:31:27,350 INFO Measurement at current 0.1236180904522613
2023-05-31 12:31:27,939 INFO T:270.97Â°K V:1.0646e-01V I:1.2362e-01A R:8.6121e-01ğ›€ E:2.0473e+00V/cm J:1.3890e+00A/cm2 ğ›’:1.4740e+00ğ›€ cm
2023-05-31 12:31:27,959 INFO Measurement at current 0.12437185929648241
2023-05-31 12:31:28,569 INFO T:270.97Â°K V:1.0716e-01V I:1.2437e-01A R:8.6164e-01ğ›€ E:2.0608e+00V/cm J:1.3974e+00A/cm2 ğ›’:1.4747e+00ğ›€ cm
2023-05-31 12:31:28,596 INFO Measurement at current 0.12512562814070352
2023-05-31 12:31:29,216 INFO T:270.98Â°K V:1.0790e-01V I:1.2513e-01A R:8.6230e-01ğ›€ E:2.0749e+00V/cm J:1.4059e+00A/cm2 ğ›’:1.4759e+00ğ›€ cm
2023-05-31 12:31:29,251 INFO Measurement at current 0.12587939698492462
2023-05-31 12:31:29,842 INFO T:270.98Â°K V:1.0860e-01V I:1.2588e-01A R:8.6271e-01ğ›€ E:2.0884e+00V/cm J:1.4144e+00A/cm2 ğ›’:1.4766e+00ğ›€ cm
2023-05-31 12:31:29,863 INFO Measurement at current 0.12663316582914572
2023-05-31 12:31:30,449 INFO T:270.99Â°K V:1.0928e-01V I:1.2663e-01A R:8.6297e-01ğ›€ E:2.1016e+00V/cm J:1.4228e+00A/cm2 ğ›’:1.4770e+00ğ›€ cm
2023-05-31 12:31:30,479 INFO Measurement at current 0.12738693467336684
2023-05-31 12:31:31,068 INFO T:271.00Â°K V:1.0996e-01V I:1.2739e-01A R:8.6323e-01ğ›€ E:2.1147e+00V/cm J:1.4313e+00A/cm2 ğ›’:1.4774e+00ğ›€ cm
2023-05-31 12:31:31,085 INFO Measurement at current 0.12814070351758794
2023-05-31 12:31:31,690 INFO T:271.00Â°K V:1.1067e-01V I:1.2814e-01A R:8.6363e-01ğ›€ E:2.1282e+00V/cm J:1.4398e+00A/cm2 ğ›’:1.4781e+00ğ›€ cm
2023-05-31 12:31:31,719 INFO Measurement at current 0.12889447236180904
2023-05-31 12:31:32,319 INFO T:271.01Â°K V:1.1136e-01V I:1.2889e-01A R:8.6393e-01ğ›€ E:2.1415e+00V/cm J:1.4483e+00A/cm2 ğ›’:1.4787e+00ğ›€ cm
2023-05-31 12:31:32,347 INFO Measurement at current 0.12964824120603013
2023-05-31 12:31:32,939 INFO T:271.01Â°K V:1.1207e-01V I:1.2965e-01A R:8.6438e-01ğ›€ E:2.1551e+00V/cm J:1.4567e+00A/cm2 ğ›’:1.4794e+00ğ›€ cm
2023-05-31 12:31:32,955 INFO Measurement at current 0.13040201005025126
2023-05-31 12:31:33,542 INFO T:271.02Â°K V:1.1276e-01V I:1.3040e-01A R:8.6469e-01ğ›€ E:2.1684e+00V/cm J:1.4652e+00A/cm2 ğ›’:1.4799e+00ğ›€ cm
2023-05-31 12:31:33,568 INFO Measurement at current 0.13115577889447236
2023-05-31 12:31:34,169 INFO T:271.03Â°K V:1.1345e-01V I:1.3116e-01A R:8.6499e-01ğ›€ E:2.1817e+00V/cm J:1.4737e+00A/cm2 ğ›’:1.4805e+00ğ›€ cm
2023-05-31 12:31:34,185 INFO Measurement at current 0.13190954773869346
2023-05-31 12:31:34,780 INFO T:271.03Â°K V:1.1415e-01V I:1.3191e-01A R:8.6536e-01ğ›€ E:2.1952e+00V/cm J:1.4821e+00A/cm2 ğ›’:1.4811e+00ğ›€ cm
2023-05-31 12:31:34,799 INFO Measurement at current 0.13266331658291458
2023-05-31 12:31:35,389 INFO T:271.04Â°K V:1.1485e-01V I:1.3266e-01A R:8.6570e-01ğ›€ E:2.2086e+00V/cm J:1.4906e+00A/cm2 ğ›’:1.4817e+00ğ›€ cm
2023-05-31 12:31:35,424 INFO Measurement at current 0.13341708542713568
2023-05-31 12:31:36,010 INFO T:271.04Â°K V:1.1556e-01V I:1.3342e-01A R:8.6612e-01ğ›€ E:2.2222e+00V/cm J:1.4991e+00A/cm2 ğ›’:1.4824e+00ğ›€ cm
2023-05-31 12:31:36,038 INFO Measurement at current 0.13417085427135678
2023-05-31 12:31:36,626 INFO T:271.05Â°K V:1.1625e-01V I:1.3417e-01A R:8.6644e-01ğ›€ E:2.2356e+00V/cm J:1.5075e+00A/cm2 ğ›’:1.4829e+00ğ›€ cm
2023-05-31 12:31:36,649 INFO Measurement at current 0.13492462311557787
2023-05-31 12:31:37,256 INFO T:271.05Â°K V:1.1695e-01V I:1.3492e-01A R:8.6679e-01ğ›€ E:2.2491e+00V/cm J:1.5160e+00A/cm2 ğ›’:1.4835e+00ğ›€ cm
2023-05-31 12:31:37,271 INFO Measurement at current 0.135678391959799
2023-05-31 12:31:37,860 INFO T:271.06Â°K V:1.1771e-01V I:1.3568e-01A R:8.6755e-01ğ›€ E:2.2636e+00V/cm J:1.5245e+00A/cm2 ğ›’:1.4848e+00ğ›€ cm
2023-05-31 12:31:37,891 INFO Measurement at current 0.1364321608040201
2023-05-31 12:31:38,494 INFO T:271.07Â°K V:1.1841e-01V I:1.3643e-01A R:8.6790e-01ğ›€ E:2.2771e+00V/cm J:1.5329e+00A/cm2 ğ›’:1.4854e+00ğ›€ cm
2023-05-31 12:31:38,519 INFO Measurement at current 0.1371859296482412
2023-05-31 12:31:39,111 INFO T:271.07Â°K V:1.1913e-01V I:1.3719e-01A R:8.6835e-01ğ›€ E:2.2909e+00V/cm J:1.5414e+00A/cm2 ğ›’:1.4862e+00ğ›€ cm
2023-05-31 12:31:39,137 INFO Measurement at current 0.1379396984924623
2023-05-31 12:31:39,740 INFO T:271.08Â°K V:1.1982e-01V I:1.3794e-01A R:8.6867e-01ğ›€ E:2.3043e+00V/cm J:1.5499e+00A/cm2 ğ›’:1.4868e+00ğ›€ cm
2023-05-31 12:31:39,758 INFO Measurement at current 0.13869346733668342
2023-05-31 12:31:41,079 INFO T:271.09Â°K V:1.2054e-01V I:1.3869e-01A R:8.6913e-01ğ›€ E:2.3181e+00V/cm J:1.5584e+00A/cm2 ğ›’:1.4875e+00ğ›€ cm
2023-05-31 12:31:41,095 INFO Measurement at current 0.13944723618090452
2023-05-31 12:31:41,681 INFO T:271.10Â°K V:1.2125e-01V I:1.3945e-01A R:8.6952e-01ğ›€ E:2.3318e+00V/cm J:1.5668e+00A/cm2 ğ›’:1.4882e+00ğ›€ cm
2023-05-31 12:31:41,702 INFO Measurement at current 0.1402010050251256
2023-05-31 12:31:42,297 INFO T:271.10Â°K V:1.2196e-01V I:1.4020e-01A R:8.6993e-01ğ›€ E:2.3455e+00V/cm J:1.5753e+00A/cm2 ğ›’:1.4889e+00ğ›€ cm
2023-05-31 12:31:42,315 INFO Measurement at current 0.14095477386934674
2023-05-31 12:31:42,912 INFO T:271.11Â°K V:1.2268e-01V I:1.4095e-01A R:8.7037e-01ğ›€ E:2.3593e+00V/cm J:1.5838e+00A/cm2 ğ›’:1.4897e+00ğ›€ cm
2023-05-31 12:31:42,942 INFO Measurement at current 0.14170854271356784
2023-05-31 12:31:43,534 INFO T:271.11Â°K V:1.2339e-01V I:1.4171e-01A R:8.7070e-01ğ›€ E:2.3728e+00V/cm J:1.5922e+00A/cm2 ğ›’:1.4902e+00ğ›€ cm
2023-05-31 12:31:43,558 INFO Measurement at current 0.14246231155778893
2023-05-31 12:31:44,151 INFO T:271.12Â°K V:1.2409e-01V I:1.4246e-01A R:8.7106e-01ğ›€ E:2.3864e+00V/cm J:1.6007e+00A/cm2 ğ›’:1.4908e+00ğ›€ cm
2023-05-31 12:31:44,183 INFO Measurement at current 0.14321608040201003
2023-05-31 12:31:44,776 INFO T:271.13Â°K V:1.2481e-01V I:1.4322e-01A R:8.7148e-01ğ›€ E:2.4002e+00V/cm J:1.6092e+00A/cm2 ğ›’:1.4916e+00ğ›€ cm
2023-05-31 12:31:44,801 INFO Measurement at current 0.14396984924623116
2023-05-31 12:31:45,399 INFO T:271.13Â°K V:1.2552e-01V I:1.4397e-01A R:8.7186e-01ğ›€ E:2.4139e+00V/cm J:1.6176e+00A/cm2 ğ›’:1.4922e+00ğ›€ cm
2023-05-31 12:31:45,419 INFO Measurement at current 0.14472361809045226
2023-05-31 12:31:46,006 INFO T:271.14Â°K V:1.2626e-01V I:1.4472e-01A R:8.7240e-01ğ›€ E:2.4280e+00V/cm J:1.6261e+00A/cm2 ğ›’:1.4931e+00ğ›€ cm
2023-05-31 12:31:46,025 INFO Measurement at current 0.14547738693467335
2023-05-31 12:31:46,611 INFO T:271.14Â°K V:1.2702e-01V I:1.4548e-01A R:8.7310e-01ğ›€ E:2.4426e+00V/cm J:1.6346e+00A/cm2 ğ›’:1.4943e+00ğ›€ cm
2023-05-31 12:31:46,631 INFO Measurement at current 0.14623115577889448
2023-05-31 12:31:47,240 INFO T:271.15Â°K V:1.2774e-01V I:1.4623e-01A R:8.7352e-01ğ›€ E:2.4565e+00V/cm J:1.6430e+00A/cm2 ğ›’:1.4951e+00ğ›€ cm
2023-05-31 12:31:47,257 INFO Measurement at current 0.14698492462311558
2023-05-31 12:31:47,842 INFO T:271.15Â°K V:1.2846e-01V I:1.4698e-01A R:8.7399e-01ğ›€ E:2.4704e+00V/cm J:1.6515e+00A/cm2 ğ›’:1.4959e+00ğ›€ cm
2023-05-31 12:31:47,961 INFO Measurement at current 0.14773869346733667
2023-05-31 12:31:48,567 INFO T:271.16Â°K V:1.2918e-01V I:1.4774e-01A R:8.7437e-01ğ›€ E:2.4842e+00V/cm J:1.6600e+00A/cm2 ğ›’:1.4965e+00ğ›€ cm
2023-05-31 12:31:48,587 INFO Measurement at current 0.14849246231155777
2023-05-31 12:31:49,183 INFO T:271.17Â°K V:1.2992e-01V I:1.4849e-01A R:8.7490e-01ğ›€ E:2.4984e+00V/cm J:1.6685e+00A/cm2 ğ›’:1.4974e+00ğ›€ cm
2023-05-31 12:31:49,202 INFO Measurement at current 0.1492462311557789
2023-05-31 12:31:49,810 INFO T:271.17Â°K V:1.3063e-01V I:1.4925e-01A R:8.7527e-01ğ›€ E:2.5121e+00V/cm J:1.6769e+00A/cm2 ğ›’:1.4981e+00ğ›€ cm
2023-05-31 12:31:49,827 INFO Measurement at current 0.15
2023-05-31 12:31:50,425 INFO T:271.18Â°K V:1.3135e-01V I:1.5000e-01A R:8.7564e-01ğ›€ E:2.5259e+00V/cm J:1.6854e+00A/cm2 ğ›’:1.4987e+00ğ›€ cm
2023-05-31 12:32:29,771 INFO Save the description file
2023-05-31 12:32:29,778 INFO Save data in numpy format Esperimenti/CPRO_MUSA_310523_I_V/CPRO_MUSA_310523_I_V_current_from_0_to_1500e-4A/CPRO_MUSA_310523_I_V_current_from_0_to_1500e-4A-20230531123228
2023-05-31 12:32:29,795 INFO Save data in CSV format Esperimenti/CPRO_MUSA_310523_I_V/CPRO_MUSA_310523_I_V_current_from_0_to_1500e-4A/CPRO_MUSA_310523_I_V_current_from_0_to_1500e-4A-20230531123228.csv
2023-05-31 12:32:29,822 INFO Save plot as image Esperimenti/CPRO_MUSA_310523_I_V/CPRO_MUSA_310523_I_V_current_from_0_to_1500e-4A/CPRO_MUSA_310523_I_V_current_from_0_to_1500e-4A-20230531123228.png
