2023-05-31 10:24:32,349 INFO ### Start experiment: CPRO_MUSA_310523_I_V current from 0 to 1500e-4A ###
2023-05-31 10:24:33,697 INFO Found Multimeter KEITHLEY INSTRUMENTS INC.,MODEL 2700,0884890,B03  /A02  

2023-05-31 10:24:34,734 INFO Found Nanovolt Meter KEITHLEY INSTRUMENTS INC.,MODEL 2182A,4056474,C03  /A02  

2023-05-31 10:24:34,857 INFO Found Source Meter KEITHLEY INSTRUMENTS INC.,MODEL 2400,0945684,C24   Feb 14 2002 11:59:45/A02  /K/H

2023-05-31 10:24:34,989 INFO Start the measurement loop
2023-05-31 10:24:42,315 INFO Measurement at current 0.0
2023-05-31 10:24:43,228 INFO T:159.01Â°K V:3.6382e-06V I:0.0000e+00A R:infğ›€ E:6.9966e-05V/cm J:0.0000e+00A/cm2 ğ›’:infğ›€ cm
2023-05-31 10:24:43,251 INFO Measurement at current 0.0007537688442211055
2023-05-31 10:24:43,853 INFO T:159.00Â°K V:5.1724e-04V I:7.5377e-04A R:6.8621e-01ğ›€ E:9.9470e-03V/cm J:8.4693e-03A/cm2 ğ›’:1.1745e+00ğ›€ cm
2023-05-31 10:24:43,875 INFO Measurement at current 0.001507537688442211
2023-05-31 10:24:44,469 INFO T:158.99Â°K V:1.0309e-03V I:1.5075e-03A R:6.8385e-01ğ›€ E:1.9826e-02V/cm J:1.6939e-02A/cm2 ğ›’:1.1704e+00ğ›€ cm
2023-05-31 10:24:44,493 INFO Measurement at current 0.0022613065326633165
2023-05-31 10:24:45,086 INFO T:158.98Â°K V:1.5448e-03V I:2.2613e-03A R:6.8316e-01ğ›€ E:2.9708e-02V/cm J:2.5408e-02A/cm2 ğ›’:1.1692e+00ğ›€ cm
2023-05-31 10:24:45,101 INFO Measurement at current 0.003015075376884422
2023-05-31 10:24:45,688 INFO T:158.98Â°K V:2.0583e-03V I:3.0151e-03A R:6.8269e-01ğ›€ E:3.9584e-02V/cm J:3.3877e-02A/cm2 ğ›’:1.1684e+00ğ›€ cm
2023-05-31 10:24:45,704 INFO Measurement at current 0.0037688442211055275
2023-05-31 10:24:46,303 INFO T:158.97Â°K V:2.5722e-03V I:3.7688e-03A R:6.8250e-01ğ›€ E:4.9466e-02V/cm J:4.2347e-02A/cm2 ğ›’:1.1681e+00ğ›€ cm
2023-05-31 10:24:46,329 INFO Measurement at current 0.004522613065326633
2023-05-31 10:24:46,937 INFO T:158.96Â°K V:3.0861e-03V I:4.5226e-03A R:6.8237e-01ğ›€ E:5.9348e-02V/cm J:5.0816e-02A/cm2 ğ›’:1.1679e+00ğ›€ cm
2023-05-31 10:24:46,958 INFO Measurement at current 0.0052763819095477385
2023-05-31 10:24:47,553 INFO T:158.95Â°K V:3.6000e-03V I:5.2764e-03A R:6.8228e-01ğ›€ E:6.9230e-02V/cm J:5.9285e-02A/cm2 ğ›’:1.1677e+00ğ›€ cm
2023-05-31 10:24:47,574 INFO Measurement at current 0.006030150753768844
2023-05-31 10:24:48,171 INFO T:158.94Â°K V:4.1141e-03V I:6.0302e-03A R:6.8225e-01ğ›€ E:7.9117e-02V/cm J:6.7755e-02A/cm2 ğ›’:1.1677e+00ğ›€ cm
2023-05-31 10:24:48,186 INFO Measurement at current 0.0067839195979899495
2023-05-31 10:24:48,793 INFO T:158.93Â°K V:4.6279e-03V I:6.7839e-03A R:6.8219e-01ğ›€ E:8.8999e-02V/cm J:7.6224e-02A/cm2 ğ›’:1.1676e+00ğ›€ cm
2023-05-31 10:24:48,815 INFO Measurement at current 0.007537688442211055
2023-05-31 10:24:49,417 INFO T:158.92Â°K V:5.1420e-03V I:7.5377e-03A R:6.8217e-01ğ›€ E:9.8885e-02V/cm J:8.4693e-02A/cm2 ğ›’:1.1676e+00ğ›€ cm
2023-05-31 10:24:49,439 INFO Measurement at current 0.008291457286432161
2023-05-31 10:24:50,040 INFO T:158.92Â°K V:5.6560e-03V I:8.2915e-03A R:6.8215e-01ğ›€ E:1.0877e-01V/cm J:9.3162e-02A/cm2 ğ›’:1.1675e+00ğ›€ cm
2023-05-31 10:24:50,064 INFO Measurement at current 0.009045226130653266
2023-05-31 10:24:50,656 INFO T:158.91Â°K V:6.1702e-03V I:9.0452e-03A R:6.8215e-01ğ›€ E:1.1866e-01V/cm J:1.0163e-01A/cm2 ğ›’:1.1675e+00ğ›€ cm
2023-05-31 10:24:50,680 INFO Measurement at current 0.00979899497487437
2023-05-31 10:24:51,283 INFO T:158.90Â°K V:6.6846e-03V I:9.7990e-03A R:6.8217e-01ğ›€ E:1.2855e-01V/cm J:1.1010e-01A/cm2 ğ›’:1.1676e+00ğ›€ cm
2023-05-31 10:24:51,321 INFO Measurement at current 0.010552763819095477
2023-05-31 10:24:51,913 INFO T:158.89Â°K V:7.2015e-03V I:1.0553e-02A R:6.8243e-01ğ›€ E:1.3849e-01V/cm J:1.1857e-01A/cm2 ğ›’:1.1680e+00ğ›€ cm
2023-05-31 10:24:51,932 INFO Measurement at current 0.011306532663316583
2023-05-31 10:24:52,539 INFO T:158.88Â°K V:7.7129e-03V I:1.1307e-02A R:6.8216e-01ğ›€ E:1.4832e-01V/cm J:1.2704e-01A/cm2 ğ›’:1.1675e+00ğ›€ cm
2023-05-31 10:24:52,562 INFO Measurement at current 0.012060301507537688
2023-05-31 10:24:53,170 INFO T:158.87Â°K V:8.2287e-03V I:1.2060e-02A R:6.8230e-01ğ›€ E:1.5824e-01V/cm J:1.3551e-01A/cm2 ğ›’:1.1678e+00ğ›€ cm
2023-05-31 10:24:53,186 INFO Measurement at current 0.012814070351758793
2023-05-31 10:24:53,773 INFO T:158.87Â°K V:8.7436e-03V I:1.2814e-02A R:6.8235e-01ğ›€ E:1.6815e-01V/cm J:1.4398e-01A/cm2 ğ›’:1.1679e+00ğ›€ cm
2023-05-31 10:24:53,793 INFO Measurement at current 0.013567839195979899
2023-05-31 10:24:54,391 INFO T:158.86Â°K V:9.2588e-03V I:1.3568e-02A R:6.8241e-01ğ›€ E:1.7805e-01V/cm J:1.5245e-01A/cm2 ğ›’:1.1680e+00ğ›€ cm
2023-05-31 10:24:54,416 INFO Measurement at current 0.014321608040201005
2023-05-31 10:24:55,016 INFO T:158.85Â°K V:9.7711e-03V I:1.4322e-02A R:6.8226e-01ğ›€ E:1.8791e-01V/cm J:1.6092e-01A/cm2 ğ›’:1.1677e+00ğ›€ cm
2023-05-31 10:24:55,039 INFO Measurement at current 0.01507537688442211
2023-05-31 10:24:55,641 INFO T:158.84Â°K V:1.0288e-02V I:1.5075e-02A R:6.8241e-01ğ›€ E:1.9784e-01V/cm J:1.6939e-01A/cm2 ğ›’:1.1680e+00ğ›€ cm
2023-05-31 10:24:55,675 INFO Measurement at current 0.015829145728643215
2023-05-31 10:24:56,284 INFO T:158.83Â°K V:1.0803e-02V I:1.5829e-02A R:6.8250e-01ğ›€ E:2.0776e-01V/cm J:1.7786e-01A/cm2 ğ›’:1.1681e+00ğ›€ cm
2023-05-31 10:24:56,310 INFO Measurement at current 0.016582914572864323
2023-05-31 10:24:56,904 INFO T:158.82Â°K V:1.1319e-02V I:1.6583e-02A R:6.8258e-01ğ›€ E:2.1768e-01V/cm J:1.8632e-01A/cm2 ğ›’:1.1683e+00ğ›€ cm
2023-05-31 10:24:56,924 INFO Measurement at current 0.017336683417085427
2023-05-31 10:24:57,521 INFO T:158.81Â°K V:1.1831e-02V I:1.7337e-02A R:6.8245e-01ğ›€ E:2.2753e-01V/cm J:1.9479e-01A/cm2 ğ›’:1.1680e+00ğ›€ cm
2023-05-31 10:24:57,543 INFO Measurement at current 0.018090452261306532
2023-05-31 10:24:58,976 INFO T:158.79Â°K V:1.2346e-02V I:1.8090e-02A R:6.8248e-01ğ›€ E:2.3743e-01V/cm J:2.0326e-01A/cm2 ğ›’:1.1681e+00ğ›€ cm
2023-05-31 10:24:58,991 INFO Measurement at current 0.018844221105527637
2023-05-31 10:24:59,586 INFO T:158.79Â°K V:1.2862e-02V I:1.8844e-02A R:6.8255e-01ğ›€ E:2.4735e-01V/cm J:2.1173e-01A/cm2 ğ›’:1.1682e+00ğ›€ cm
2023-05-31 10:24:59,607 INFO Measurement at current 0.01959798994974874
2023-05-31 10:25:00,201 INFO T:158.78Â°K V:1.3378e-02V I:1.9598e-02A R:6.8263e-01ğ›€ E:2.5727e-01V/cm J:2.2020e-01A/cm2 ğ›’:1.1683e+00ğ›€ cm
2023-05-31 10:25:00,223 INFO Measurement at current 0.02035175879396985
2023-05-31 10:25:00,824 INFO T:158.77Â°K V:1.3890e-02V I:2.0352e-02A R:6.8252e-01ğ›€ E:2.6712e-01V/cm J:2.2867e-01A/cm2 ğ›’:1.1682e+00ğ›€ cm
2023-05-31 10:25:00,841 INFO Measurement at current 0.021105527638190954
2023-05-31 10:25:01,428 INFO T:158.76Â°K V:1.4406e-02V I:2.1106e-02A R:6.8257e-01ğ›€ E:2.7704e-01V/cm J:2.3714e-01A/cm2 ğ›’:1.1682e+00ğ›€ cm
2023-05-31 10:25:01,443 INFO Measurement at current 0.02185929648241206
2023-05-31 10:25:02,032 INFO T:158.75Â°K V:1.4923e-02V I:2.1859e-02A R:6.8266e-01ğ›€ E:2.8697e-01V/cm J:2.4561e-01A/cm2 ğ›’:1.1684e+00ğ›€ cm
2023-05-31 10:25:02,047 INFO Measurement at current 0.022613065326633167
2023-05-31 10:25:02,638 INFO T:158.74Â°K V:1.5438e-02V I:2.2613e-02A R:6.8271e-01ğ›€ E:2.9689e-01V/cm J:2.5408e-01A/cm2 ğ›’:1.1685e+00ğ›€ cm
2023-05-31 10:25:02,660 INFO Measurement at current 0.02336683417085427
2023-05-31 10:25:03,261 INFO T:158.74Â°K V:1.5951e-02V I:2.3367e-02A R:6.8262e-01ğ›€ E:3.0674e-01V/cm J:2.6255e-01A/cm2 ğ›’:1.1683e+00ğ›€ cm
2023-05-31 10:25:03,286 INFO Measurement at current 0.024120603015075376
2023-05-31 10:25:03,888 INFO T:158.73Â°K V:1.6466e-02V I:2.4121e-02A R:6.8266e-01ğ›€ E:3.1666e-01V/cm J:2.7102e-01A/cm2 ğ›’:1.1684e+00ğ›€ cm
2023-05-31 10:25:03,905 INFO Measurement at current 0.02487437185929648
2023-05-31 10:25:04,508 INFO T:158.72Â°K V:1.6983e-02V I:2.4874e-02A R:6.8275e-01ğ›€ E:3.2660e-01V/cm J:2.7949e-01A/cm2 ğ›’:1.1686e+00ğ›€ cm
2023-05-31 10:25:04,524 INFO Measurement at current 0.025628140703517585
2023-05-31 10:25:05,116 INFO T:158.71Â°K V:1.7499e-02V I:2.5628e-02A R:6.8280e-01ğ›€ E:3.3652e-01V/cm J:2.8796e-01A/cm2 ğ›’:1.1686e+00ğ›€ cm
2023-05-31 10:25:05,144 INFO Measurement at current 0.026381909547738693
2023-05-31 10:25:05,733 INFO T:158.70Â°K V:1.8011e-02V I:2.6382e-02A R:6.8272e-01ğ›€ E:3.4637e-01V/cm J:2.9643e-01A/cm2 ğ›’:1.1685e+00ğ›€ cm
2023-05-31 10:25:05,755 INFO Measurement at current 0.027135678391959798
2023-05-31 10:25:06,355 INFO T:158.69Â°K V:1.8528e-02V I:2.7136e-02A R:6.8279e-01ğ›€ E:3.5630e-01V/cm J:3.0490e-01A/cm2 ğ›’:1.1686e+00ğ›€ cm
2023-05-31 10:25:06,373 INFO Measurement at current 0.027889447236180902
2023-05-31 10:25:06,971 INFO T:158.69Â°K V:1.9046e-02V I:2.7889e-02A R:6.8290e-01ğ›€ E:3.6627e-01V/cm J:3.1336e-01A/cm2 ğ›’:1.1688e+00ğ›€ cm
2023-05-31 10:25:06,989 INFO Measurement at current 0.02864321608040201
2023-05-31 10:25:07,592 INFO T:158.68Â°K V:1.9563e-02V I:2.8643e-02A R:6.8297e-01ğ›€ E:3.7620e-01V/cm J:3.2183e-01A/cm2 ğ›’:1.1689e+00ğ›€ cm
2023-05-31 10:25:07,619 INFO Measurement at current 0.029396984924623115
2023-05-31 10:25:08,216 INFO T:158.67Â°K V:2.0076e-02V I:2.9397e-02A R:6.8293e-01ğ›€ E:3.8608e-01V/cm J:3.3030e-01A/cm2 ğ›’:1.1689e+00ğ›€ cm
2023-05-31 10:25:08,241 INFO Measurement at current 0.03015075376884422
2023-05-31 10:25:08,832 INFO T:158.66Â°K V:2.0593e-02V I:3.0151e-02A R:6.8299e-01ğ›€ E:3.9601e-01V/cm J:3.3877e-01A/cm2 ğ›’:1.1690e+00ğ›€ cm
2023-05-31 10:25:08,854 INFO Measurement at current 0.030904522613065324
2023-05-31 10:25:09,456 INFO T:158.65Â°K V:2.1111e-02V I:3.0905e-02A R:6.8310e-01ğ›€ E:4.0598e-01V/cm J:3.4724e-01A/cm2 ğ›’:1.1692e+00ğ›€ cm
2023-05-31 10:25:09,494 INFO Measurement at current 0.03165829145728643
2023-05-31 10:25:10,087 INFO T:158.64Â°K V:2.1628e-02V I:3.1658e-02A R:6.8317e-01ğ›€ E:4.1592e-01V/cm J:3.5571e-01A/cm2 ğ›’:1.1693e+00ğ›€ cm
2023-05-31 10:25:10,111 INFO Measurement at current 0.032412060301507534
2023-05-31 10:25:10,713 INFO T:158.63Â°K V:2.2141e-02V I:3.2412e-02A R:6.8312e-01ğ›€ E:4.2579e-01V/cm J:3.6418e-01A/cm2 ğ›’:1.1692e+00ğ›€ cm
2023-05-31 10:25:10,736 INFO Measurement at current 0.033165829145728645
2023-05-31 10:25:11,346 INFO T:158.63Â°K V:2.2659e-02V I:3.3166e-02A R:6.8319e-01ğ›€ E:4.3574e-01V/cm J:3.7265e-01A/cm2 ğ›’:1.1693e+00ğ›€ cm
2023-05-31 10:25:11,381 INFO Measurement at current 0.03391959798994975
2023-05-31 10:25:11,989 INFO T:158.62Â°K V:2.3177e-02V I:3.3920e-02A R:6.8328e-01ğ›€ E:4.4570e-01V/cm J:3.8112e-01A/cm2 ğ›’:1.1695e+00ğ›€ cm
2023-05-31 10:25:12,004 INFO Measurement at current 0.034673366834170855
2023-05-31 10:25:12,592 INFO T:158.61Â°K V:2.3693e-02V I:3.4673e-02A R:6.8333e-01ğ›€ E:4.5564e-01V/cm J:3.8959e-01A/cm2 ğ›’:1.1695e+00ğ›€ cm
2023-05-31 10:25:12,611 INFO Measurement at current 0.03542713567839196
2023-05-31 10:25:13,207 INFO T:158.60Â°K V:2.4207e-02V I:3.5427e-02A R:6.8328e-01ğ›€ E:4.6551e-01V/cm J:3.9806e-01A/cm2 ğ›’:1.1695e+00ğ›€ cm
2023-05-31 10:25:13,230 INFO Measurement at current 0.036180904522613064
2023-05-31 10:25:13,819 INFO T:158.59Â°K V:2.4723e-02V I:3.6181e-02A R:6.8333e-01ğ›€ E:4.7545e-01V/cm J:4.0653e-01A/cm2 ğ›’:1.1695e+00ğ›€ cm
2023-05-31 10:25:13,853 INFO Measurement at current 0.03693467336683417
2023-05-31 10:25:14,452 INFO T:158.58Â°K V:2.5241e-02V I:3.6935e-02A R:6.8340e-01ğ›€ E:4.8540e-01V/cm J:4.1500e-01A/cm2 ğ›’:1.1697e+00ğ›€ cm
2023-05-31 10:25:14,467 INFO Measurement at current 0.03768844221105527
2023-05-31 10:25:15,052 INFO T:158.58Â°K V:2.5758e-02V I:3.7688e-02A R:6.8345e-01ğ›€ E:4.9535e-01V/cm J:4.2347e-01A/cm2 ğ›’:1.1697e+00ğ›€ cm
2023-05-31 10:25:15,067 INFO Measurement at current 0.03844221105527638
2023-05-31 10:25:15,657 INFO T:158.57Â°K V:2.6272e-02V I:3.8442e-02A R:6.8341e-01ğ›€ E:5.0522e-01V/cm J:4.3193e-01A/cm2 ğ›’:1.1697e+00ğ›€ cm
2023-05-31 10:25:15,677 INFO Measurement at current 0.03919597989949748
2023-05-31 10:25:16,278 INFO T:158.56Â°K V:2.6789e-02V I:3.9196e-02A R:6.8345e-01ğ›€ E:5.1516e-01V/cm J:4.4040e-01A/cm2 ğ›’:1.1698e+00ğ›€ cm
2023-05-31 10:25:16,297 INFO Measurement at current 0.039949748743718594
2023-05-31 10:25:16,890 INFO T:158.55Â°K V:2.7307e-02V I:3.9950e-02A R:6.8352e-01ğ›€ E:5.2513e-01V/cm J:4.4887e-01A/cm2 ğ›’:1.1699e+00ğ›€ cm
2023-05-31 10:25:16,906 INFO Measurement at current 0.0407035175879397
2023-05-31 10:25:17,507 INFO T:158.54Â°K V:2.7824e-02V I:4.0704e-02A R:6.8357e-01ğ›€ E:5.3507e-01V/cm J:4.5734e-01A/cm2 ğ›’:1.1700e+00ğ›€ cm
2023-05-31 10:25:17,527 INFO Measurement at current 0.0414572864321608
2023-05-31 10:25:18,126 INFO T:158.54Â°K V:2.8338e-02V I:4.1457e-02A R:6.8355e-01ğ›€ E:5.4497e-01V/cm J:4.6581e-01A/cm2 ğ›’:1.1699e+00ğ›€ cm
2023-05-31 10:25:18,144 INFO Measurement at current 0.04221105527638191
2023-05-31 10:25:18,731 INFO T:158.53Â°K V:2.8856e-02V I:4.2211e-02A R:6.8361e-01ğ›€ E:5.5492e-01V/cm J:4.7428e-01A/cm2 ğ›’:1.1700e+00ğ›€ cm
2023-05-31 10:25:18,748 INFO Measurement at current 0.04296482412060301
2023-05-31 10:25:19,336 INFO T:158.52Â°K V:2.9375e-02V I:4.2965e-02A R:6.8369e-01ğ›€ E:5.6490e-01V/cm J:4.8275e-01A/cm2 ğ›’:1.1702e+00ğ›€ cm
2023-05-31 10:25:19,364 INFO Measurement at current 0.04371859296482412
2023-05-31 10:25:19,978 INFO T:158.51Â°K V:2.9892e-02V I:4.3719e-02A R:6.8375e-01ğ›€ E:5.7485e-01V/cm J:4.9122e-01A/cm2 ğ›’:1.1703e+00ğ›€ cm
2023-05-31 10:25:20,009 INFO Measurement at current 0.04447236180904522
2023-05-31 10:25:20,610 INFO T:158.50Â°K V:3.0407e-02V I:4.4472e-02A R:6.8372e-01ğ›€ E:5.8474e-01V/cm J:4.9969e-01A/cm2 ğ›’:1.1702e+00ğ›€ cm
2023-05-31 10:25:20,627 INFO Measurement at current 0.04522613065326633
2023-05-31 10:25:21,224 INFO T:158.49Â°K V:3.0925e-02V I:4.5226e-02A R:6.8378e-01ğ›€ E:5.9471e-01V/cm J:5.0816e-01A/cm2 ğ›’:1.1703e+00ğ›€ cm
2023-05-31 10:25:21,241 INFO Measurement at current 0.04597989949748744
2023-05-31 10:25:21,859 INFO T:158.49Â°K V:3.1444e-02V I:4.5980e-02A R:6.8386e-01ğ›€ E:6.0469e-01V/cm J:5.1663e-01A/cm2 ğ›’:1.1705e+00ğ›€ cm
2023-05-31 10:25:21,895 INFO Measurement at current 0.04673366834170854
2023-05-31 10:25:22,494 INFO T:158.48Â°K V:3.1962e-02V I:4.6734e-02A R:6.8392e-01ğ›€ E:6.1466e-01V/cm J:5.2510e-01A/cm2 ğ›’:1.1706e+00ğ›€ cm
2023-05-31 10:25:22,515 INFO Measurement at current 0.04748743718592965
2023-05-31 10:25:23,108 INFO T:158.47Â°K V:3.2476e-02V I:4.7487e-02A R:6.8389e-01ğ›€ E:6.2455e-01V/cm J:5.3357e-01A/cm2 ğ›’:1.1705e+00ğ›€ cm
2023-05-31 10:25:23,135 INFO Measurement at current 0.04824120603015075
2023-05-31 10:25:23,732 INFO T:158.46Â°K V:3.2994e-02V I:4.8241e-02A R:6.8394e-01ğ›€ E:6.3450e-01V/cm J:5.4204e-01A/cm2 ğ›’:1.1706e+00ğ›€ cm
2023-05-31 10:25:23,755 INFO Measurement at current 0.048994974874371856
2023-05-31 10:25:24,343 INFO T:158.45Â°K V:3.3512e-02V I:4.8995e-02A R:6.8400e-01ğ›€ E:6.4447e-01V/cm J:5.5051e-01A/cm2 ğ›’:1.1707e+00ğ›€ cm
2023-05-31 10:25:24,358 INFO Measurement at current 0.04974874371859296
2023-05-31 10:25:24,949 INFO T:158.44Â°K V:3.4030e-02V I:4.9749e-02A R:6.8403e-01ğ›€ E:6.5442e-01V/cm J:5.5897e-01A/cm2 ğ›’:1.1708e+00ğ›€ cm
2023-05-31 10:25:24,966 INFO Measurement at current 0.050502512562814066
2023-05-31 10:25:25,573 INFO T:158.44Â°K V:3.4547e-02V I:5.0503e-02A R:6.8407e-01ğ›€ E:6.6437e-01V/cm J:5.6744e-01A/cm2 ğ›’:1.1708e+00ğ›€ cm
2023-05-31 10:25:25,599 INFO Measurement at current 0.05125628140703517
2023-05-31 10:25:26,184 INFO T:158.43Â°K V:3.5061e-02V I:5.1256e-02A R:6.8404e-01ğ›€ E:6.7426e-01V/cm J:5.7591e-01A/cm2 ğ›’:1.1708e+00ğ›€ cm
2023-05-31 10:25:26,209 INFO Measurement at current 0.05201005025125628
2023-05-31 10:25:26,802 INFO T:158.42Â°K V:3.5580e-02V I:5.2010e-02A R:6.8410e-01ğ›€ E:6.8423e-01V/cm J:5.8438e-01A/cm2 ğ›’:1.1709e+00ğ›€ cm
2023-05-31 10:25:26,826 INFO Measurement at current 0.052763819095477386
2023-05-31 10:25:27,419 INFO T:158.41Â°K V:3.6097e-02V I:5.2764e-02A R:6.8413e-01ğ›€ E:6.9418e-01V/cm J:5.9285e-01A/cm2 ğ›’:1.1709e+00ğ›€ cm
2023-05-31 10:25:27,440 INFO Measurement at current 0.05351758793969849
2023-05-31 10:25:28,040 INFO T:158.40Â°K V:3.6616e-02V I:5.3518e-02A R:6.8418e-01ğ›€ E:7.0414e-01V/cm J:6.0132e-01A/cm2 ğ›’:1.1710e+00ğ›€ cm
2023-05-31 10:25:28,054 INFO Measurement at current 0.054271356783919596
2023-05-31 10:25:28,649 INFO T:158.40Â°K V:3.7130e-02V I:5.4271e-02A R:6.8416e-01ğ›€ E:7.1405e-01V/cm J:6.0979e-01A/cm2 ğ›’:1.1710e+00ğ›€ cm
2023-05-31 10:25:28,673 INFO Measurement at current 0.0550251256281407
2023-05-31 10:25:29,274 INFO T:158.39Â°K V:3.7650e-02V I:5.5025e-02A R:6.8424e-01ğ›€ E:7.2404e-01V/cm J:6.1826e-01A/cm2 ğ›’:1.1711e+00ğ›€ cm
2023-05-31 10:25:29,307 INFO Measurement at current 0.055778894472361805
2023-05-31 10:25:29,892 INFO T:158.38Â°K V:3.8169e-02V I:5.5779e-02A R:6.8429e-01ğ›€ E:7.3402e-01V/cm J:6.2673e-01A/cm2 ğ›’:1.1712e+00ğ›€ cm
2023-05-31 10:25:29,919 INFO Measurement at current 0.05653266331658291
2023-05-31 10:25:30,512 INFO T:158.37Â°K V:3.8688e-02V I:5.6533e-02A R:6.8434e-01ğ›€ E:7.4399e-01V/cm J:6.3520e-01A/cm2 ğ›’:1.1713e+00ğ›€ cm
2023-05-31 10:25:30,532 INFO Measurement at current 0.05728643216080402
2023-05-31 10:25:31,130 INFO T:158.36Â°K V:3.9203e-02V I:5.7286e-02A R:6.8433e-01ğ›€ E:7.5390e-01V/cm J:6.4367e-01A/cm2 ğ›’:1.1713e+00ğ›€ cm
2023-05-31 10:25:31,147 INFO Measurement at current 0.058040201005025126
2023-05-31 10:25:31,746 INFO T:158.35Â°K V:3.9723e-02V I:5.8040e-02A R:6.8440e-01ğ›€ E:7.6390e-01V/cm J:6.5214e-01A/cm2 ğ›’:1.1714e+00ğ›€ cm
2023-05-31 10:25:31,771 INFO Measurement at current 0.05879396984924623
2023-05-31 10:25:32,366 INFO T:158.35Â°K V:4.0242e-02V I:5.8794e-02A R:6.8445e-01ğ›€ E:7.7388e-01V/cm J:6.6061e-01A/cm2 ğ›’:1.1715e+00ğ›€ cm
2023-05-31 10:25:32,397 INFO Measurement at current 0.059547738693467335
2023-05-31 10:25:32,992 INFO T:158.34Â°K V:4.0760e-02V I:5.9548e-02A R:6.8450e-01ğ›€ E:7.8385e-01V/cm J:6.6908e-01A/cm2 ğ›’:1.1715e+00ğ›€ cm
2023-05-31 10:25:33,011 INFO Measurement at current 0.06030150753768844
2023-05-31 10:25:33,602 INFO T:158.33Â°K V:4.1276e-02V I:6.0302e-02A R:6.8449e-01ğ›€ E:7.9377e-01V/cm J:6.7755e-01A/cm2 ğ›’:1.1715e+00ğ›€ cm
2023-05-31 10:25:33,618 INFO Measurement at current 0.061055276381909544
2023-05-31 10:25:34,208 INFO T:158.32Â°K V:4.1796e-02V I:6.1055e-02A R:6.8456e-01ğ›€ E:8.0377e-01V/cm J:6.8601e-01A/cm2 ğ›’:1.1716e+00ğ›€ cm
2023-05-31 10:25:34,223 INFO Measurement at current 0.06180904522613065
2023-05-31 10:25:34,812 INFO T:158.31Â°K V:4.2315e-02V I:6.1809e-02A R:6.8460e-01ğ›€ E:8.1374e-01V/cm J:6.9448e-01A/cm2 ğ›’:1.1717e+00ğ›€ cm
2023-05-31 10:25:34,832 INFO Measurement at current 0.06256281407035176
2023-05-31 10:25:35,438 INFO T:158.31Â°K V:4.2833e-02V I:6.2563e-02A R:6.8464e-01ğ›€ E:8.2372e-01V/cm J:7.0295e-01A/cm2 ğ›’:1.1718e+00ğ›€ cm
2023-05-31 10:25:35,455 INFO Measurement at current 0.06331658291457286
2023-05-31 10:25:36,055 INFO T:158.30Â°K V:4.3348e-02V I:6.3317e-02A R:6.8463e-01ğ›€ E:8.3362e-01V/cm J:7.1142e-01A/cm2 ğ›’:1.1718e+00ğ›€ cm
2023-05-31 10:25:36,071 INFO Measurement at current 0.06407035175879397
2023-05-31 10:25:36,682 INFO T:158.29Â°K V:4.3868e-02V I:6.4070e-02A R:6.8468e-01ğ›€ E:8.4361e-01V/cm J:7.1989e-01A/cm2 ğ›’:1.1719e+00ğ›€ cm
2023-05-31 10:25:36,698 INFO Measurement at current 0.06482412060301507
2023-05-31 10:25:37,287 INFO T:158.28Â°K V:4.4386e-02V I:6.4824e-02A R:6.8472e-01ğ›€ E:8.5359e-01V/cm J:7.2836e-01A/cm2 ğ›’:1.1719e+00ğ›€ cm
2023-05-31 10:25:37,303 INFO Measurement at current 0.06557788944723618
2023-05-31 10:25:37,895 INFO T:158.27Â°K V:4.4905e-02V I:6.5578e-02A R:6.8476e-01ğ›€ E:8.6357e-01V/cm J:7.3683e-01A/cm2 ğ›’:1.1720e+00ğ›€ cm
2023-05-31 10:25:37,911 INFO Measurement at current 0.06633165829145729
2023-05-31 10:25:38,498 INFO T:158.26Â°K V:4.5421e-02V I:6.6332e-02A R:6.8476e-01ğ›€ E:8.7348e-01V/cm J:7.4530e-01A/cm2 ğ›’:1.1720e+00ğ›€ cm
2023-05-31 10:25:38,514 INFO Measurement at current 0.06708542713567839
2023-05-31 10:25:39,110 INFO T:158.26Â°K V:4.5941e-02V I:6.7085e-02A R:6.8481e-01ğ›€ E:8.8348e-01V/cm J:7.5377e-01A/cm2 ğ›’:1.1721e+00ğ›€ cm
2023-05-31 10:25:39,129 INFO Measurement at current 0.0678391959798995
2023-05-31 10:25:39,736 INFO T:158.25Â°K V:4.6460e-02V I:6.7839e-02A R:6.8486e-01ğ›€ E:8.9347e-01V/cm J:7.6224e-01A/cm2 ğ›’:1.1722e+00ğ›€ cm
2023-05-31 10:25:39,769 INFO Measurement at current 0.0685929648241206
2023-05-31 10:25:40,365 INFO T:158.24Â°K V:4.6980e-02V I:6.8593e-02A R:6.8491e-01ğ›€ E:9.0346e-01V/cm J:7.7071e-01A/cm2 ğ›’:1.1722e+00ğ›€ cm
2023-05-31 10:25:40,395 INFO Measurement at current 0.06934673366834171
2023-05-31 10:25:41,002 INFO T:158.23Â°K V:4.7496e-02V I:6.9347e-02A R:6.8490e-01ğ›€ E:9.1338e-01V/cm J:7.7918e-01A/cm2 ğ›’:1.1722e+00ğ›€ cm
2023-05-31 10:25:41,017 INFO Measurement at current 0.0701005025125628
2023-05-31 10:25:41,604 INFO T:158.22Â°K V:4.8016e-02V I:7.0101e-02A R:6.8496e-01ğ›€ E:9.2339e-01V/cm J:7.8765e-01A/cm2 ğ›’:1.1723e+00ğ›€ cm
2023-05-31 10:25:41,620 INFO Measurement at current 0.07085427135678392
2023-05-31 10:25:42,208 INFO T:158.22Â°K V:4.8536e-02V I:7.0854e-02A R:6.8501e-01ğ›€ E:9.3339e-01V/cm J:7.9612e-01A/cm2 ğ›’:1.1724e+00ğ›€ cm
2023-05-31 10:25:42,227 INFO Measurement at current 0.07160804020100502
2023-05-31 10:25:42,814 INFO T:158.21Â°K V:4.9056e-02V I:7.1608e-02A R:6.8506e-01ğ›€ E:9.4338e-01V/cm J:8.0458e-01A/cm2 ğ›’:1.1725e+00ğ›€ cm
2023-05-31 10:25:42,832 INFO Measurement at current 0.07236180904522613
2023-05-31 10:25:43,442 INFO T:158.20Â°K V:4.9572e-02V I:7.2362e-02A R:6.8506e-01ğ›€ E:9.5331e-01V/cm J:8.1305e-01A/cm2 ğ›’:1.1725e+00ğ›€ cm
2023-05-31 10:25:43,463 INFO Measurement at current 0.07311557788944724
2023-05-31 10:25:44,062 INFO T:158.19Â°K V:5.0093e-02V I:7.3116e-02A R:6.8512e-01ğ›€ E:9.6332e-01V/cm J:8.2152e-01A/cm2 ğ›’:1.1726e+00ğ›€ cm
2023-05-31 10:25:44,079 INFO Measurement at current 0.07386934673366834
2023-05-31 10:25:44,662 INFO T:158.18Â°K V:5.0612e-02V I:7.3869e-02A R:6.8516e-01ğ›€ E:9.7332e-01V/cm J:8.2999e-01A/cm2 ğ›’:1.1727e+00ğ›€ cm
2023-05-31 10:25:44,698 INFO Measurement at current 0.07462311557788945
2023-05-31 10:25:45,290 INFO T:158.18Â°K V:5.1132e-02V I:7.4623e-02A R:6.8520e-01ğ›€ E:9.8331e-01V/cm J:8.3846e-01A/cm2 ğ›’:1.1728e+00ğ›€ cm
2023-05-31 10:25:45,306 INFO Measurement at current 0.07537688442211055
2023-05-31 10:25:45,892 INFO T:158.17Â°K V:5.1648e-02V I:7.5377e-02A R:6.8519e-01ğ›€ E:9.9322e-01V/cm J:8.4693e-01A/cm2 ğ›’:1.1727e+00ğ›€ cm
2023-05-31 10:25:45,912 INFO Measurement at current 0.07613065326633166
2023-05-31 10:25:46,525 INFO T:158.16Â°K V:5.2168e-02V I:7.6131e-02A R:6.8524e-01ğ›€ E:1.0032e+00V/cm J:8.5540e-01A/cm2 ğ›’:1.1728e+00ğ›€ cm
2023-05-31 10:25:46,549 INFO Measurement at current 0.07688442211055276
2023-05-31 10:25:47,143 INFO T:158.15Â°K V:5.2687e-02V I:7.6884e-02A R:6.8528e-01ğ›€ E:1.0132e+00V/cm J:8.6387e-01A/cm2 ğ›’:1.1729e+00ğ›€ cm
2023-05-31 10:25:47,162 INFO Measurement at current 0.07763819095477387
2023-05-31 10:25:47,757 INFO T:158.14Â°K V:5.3206e-02V I:7.7638e-02A R:6.8531e-01ğ›€ E:1.0232e+00V/cm J:8.7234e-01A/cm2 ğ›’:1.1729e+00ğ›€ cm
2023-05-31 10:25:47,798 INFO Measurement at current 0.07839195979899496
2023-05-31 10:25:48,397 INFO T:158.14Â°K V:5.3723e-02V I:7.8392e-02A R:6.8531e-01ğ›€ E:1.0331e+00V/cm J:8.8081e-01A/cm2 ğ›’:1.1729e+00ğ›€ cm
2023-05-31 10:25:48,423 INFO Measurement at current 0.07914572864321608
2023-05-31 10:25:49,026 INFO T:158.13Â°K V:5.4243e-02V I:7.9146e-02A R:6.8536e-01ğ›€ E:1.0431e+00V/cm J:8.8928e-01A/cm2 ğ›’:1.1730e+00ğ›€ cm
2023-05-31 10:25:49,058 INFO Measurement at current 0.07989949748743719
2023-05-31 10:25:49,657 INFO T:158.12Â°K V:5.4762e-02V I:7.9899e-02A R:6.8539e-01ğ›€ E:1.0531e+00V/cm J:8.9775e-01A/cm2 ğ›’:1.1731e+00ğ›€ cm
2023-05-31 10:25:49,682 INFO Measurement at current 0.08065326633165829
2023-05-31 10:25:50,280 INFO T:158.11Â°K V:5.5282e-02V I:8.0653e-02A R:6.8543e-01ğ›€ E:1.0631e+00V/cm J:9.0622e-01A/cm2 ğ›’:1.1731e+00ğ›€ cm
2023-05-31 10:25:50,299 INFO Measurement at current 0.0814070351758794
2023-05-31 10:25:50,893 INFO T:158.10Â°K V:5.5798e-02V I:8.1407e-02A R:6.8542e-01ğ›€ E:1.0730e+00V/cm J:9.1469e-01A/cm2 ğ›’:1.1731e+00ğ›€ cm
2023-05-31 10:25:50,908 INFO Measurement at current 0.0821608040201005
2023-05-31 10:25:51,509 INFO T:158.09Â°K V:5.6320e-02V I:8.2161e-02A R:6.8548e-01ğ›€ E:1.0831e+00V/cm J:9.2316e-01A/cm2 ğ›’:1.1732e+00ğ›€ cm
2023-05-31 10:25:51,530 INFO Measurement at current 0.0829145728643216
2023-05-31 10:25:52,139 INFO T:158.09Â°K V:5.6840e-02V I:8.2915e-02A R:6.8553e-01ğ›€ E:1.0931e+00V/cm J:9.3162e-01A/cm2 ğ›’:1.1733e+00ğ›€ cm
2023-05-31 10:25:52,164 INFO Measurement at current 0.0836683417085427
2023-05-31 10:25:52,777 INFO T:158.08Â°K V:5.7361e-02V I:8.3668e-02A R:6.8558e-01ğ›€ E:1.1031e+00V/cm J:9.4009e-01A/cm2 ğ›’:1.1734e+00ğ›€ cm
2023-05-31 10:25:52,798 INFO Measurement at current 0.08442211055276382
2023-05-31 10:25:53,390 INFO T:158.07Â°K V:5.7878e-02V I:8.4422e-02A R:6.8558e-01ğ›€ E:1.1130e+00V/cm J:9.4856e-01A/cm2 ğ›’:1.1734e+00ğ›€ cm
2023-05-31 10:25:53,422 INFO Measurement at current 0.08517587939698493
2023-05-31 10:25:54,016 INFO T:158.06Â°K V:5.8400e-02V I:8.5176e-02A R:6.8564e-01ğ›€ E:1.1231e+00V/cm J:9.5703e-01A/cm2 ğ›’:1.1735e+00ğ›€ cm
2023-05-31 10:25:54,033 INFO Measurement at current 0.08592964824120602
2023-05-31 10:25:54,625 INFO T:158.05Â°K V:5.8921e-02V I:8.5930e-02A R:6.8568e-01ğ›€ E:1.1331e+00V/cm J:9.6550e-01A/cm2 ğ›’:1.1736e+00ğ›€ cm
2023-05-31 10:25:54,644 INFO Measurement at current 0.08668341708542714
2023-05-31 10:25:55,240 INFO T:158.05Â°K V:5.9441e-02V I:8.6683e-02A R:6.8573e-01ğ›€ E:1.1431e+00V/cm J:9.7397e-01A/cm2 ğ›’:1.1736e+00ğ›€ cm
2023-05-31 10:25:55,258 INFO Measurement at current 0.08743718592964823
2023-05-31 10:25:55,861 INFO T:158.04Â°K V:5.9959e-02V I:8.7437e-02A R:6.8573e-01ğ›€ E:1.1530e+00V/cm J:9.8244e-01A/cm2 ğ›’:1.1737e+00ğ›€ cm
2023-05-31 10:25:55,884 INFO Measurement at current 0.08819095477386935
2023-05-31 10:25:56,477 INFO T:158.03Â°K V:6.0481e-02V I:8.8191e-02A R:6.8579e-01ğ›€ E:1.1631e+00V/cm J:9.9091e-01A/cm2 ğ›’:1.1738e+00ğ›€ cm
2023-05-31 10:25:56,490 INFO Measurement at current 0.08894472361809044
2023-05-31 10:25:57,075 INFO T:158.02Â°K V:6.1001e-02V I:8.8945e-02A R:6.8583e-01ğ›€ E:1.1731e+00V/cm J:9.9938e-01A/cm2 ğ›’:1.1738e+00ğ›€ cm
2023-05-31 10:25:57,090 INFO Measurement at current 0.08969849246231155
2023-05-31 10:25:57,675 INFO T:158.01Â°K V:6.1521e-02V I:8.9698e-02A R:6.8587e-01ğ›€ E:1.1831e+00V/cm J:1.0078e+00A/cm2 ğ›’:1.1739e+00ğ›€ cm
2023-05-31 10:25:57,690 INFO Measurement at current 0.09045226130653267
2023-05-31 10:25:58,272 INFO T:158.01Â°K V:6.2038e-02V I:9.0452e-02A R:6.8587e-01ğ›€ E:1.1930e+00V/cm J:1.0163e+00A/cm2 ğ›’:1.1739e+00ğ›€ cm
2023-05-31 10:25:58,287 INFO Measurement at current 0.09120603015075376
2023-05-31 10:25:58,888 INFO T:158.00Â°K V:6.2560e-02V I:9.1206e-02A R:6.8592e-01ğ›€ E:1.2031e+00V/cm J:1.0248e+00A/cm2 ğ›’:1.1740e+00ğ›€ cm
2023-05-31 10:25:58,918 INFO Measurement at current 0.09195979899497488
2023-05-31 10:25:59,511 INFO T:157.99Â°K V:6.3078e-02V I:9.1960e-02A R:6.8593e-01ğ›€ E:1.2130e+00V/cm J:1.0333e+00A/cm2 ğ›’:1.1740e+00ğ›€ cm
2023-05-31 10:25:59,545 INFO Measurement at current 0.09271356783919597
2023-05-31 10:26:00,139 INFO T:157.98Â°K V:6.3597e-02V I:9.2714e-02A R:6.8596e-01ğ›€ E:1.2230e+00V/cm J:1.0417e+00A/cm2 ğ›’:1.1740e+00ğ›€ cm
2023-05-31 10:26:00,154 INFO Measurement at current 0.09346733668341708
2023-05-31 10:26:00,803 INFO T:157.97Â°K V:6.4114e-02V I:9.3467e-02A R:6.8595e-01ğ›€ E:1.2330e+00V/cm J:1.0502e+00A/cm2 ğ›’:1.1740e+00ğ›€ cm
2023-05-31 10:26:00,842 INFO Measurement at current 0.09422110552763818
2023-05-31 10:26:01,443 INFO T:157.97Â°K V:6.4634e-02V I:9.4221e-02A R:6.8598e-01ğ›€ E:1.2430e+00V/cm J:1.0587e+00A/cm2 ğ›’:1.1741e+00ğ›€ cm
2023-05-31 10:26:01,460 INFO Measurement at current 0.0949748743718593
2023-05-31 10:26:02,057 INFO T:157.96Â°K V:6.5156e-02V I:9.4975e-02A R:6.8604e-01ğ›€ E:1.2530e+00V/cm J:1.0671e+00A/cm2 ğ›’:1.1742e+00ğ›€ cm
2023-05-31 10:26:02,071 INFO Measurement at current 0.09572864321608039
2023-05-31 10:26:02,680 INFO T:157.95Â°K V:6.5679e-02V I:9.5729e-02A R:6.8609e-01ğ›€ E:1.2631e+00V/cm J:1.0756e+00A/cm2 ğ›’:1.1743e+00ğ›€ cm
2023-05-31 10:26:02,714 INFO Measurement at current 0.0964824120603015
2023-05-31 10:26:03,336 INFO T:157.94Â°K V:6.6198e-02V I:9.6482e-02A R:6.8611e-01ğ›€ E:1.2730e+00V/cm J:1.0841e+00A/cm2 ğ›’:1.1743e+00ğ›€ cm
2023-05-31 10:26:03,352 INFO Measurement at current 0.09723618090452261
2023-05-31 10:26:03,937 INFO T:157.93Â°K V:6.6721e-02V I:9.7236e-02A R:6.8618e-01ğ›€ E:1.2831e+00V/cm J:1.0925e+00A/cm2 ğ›’:1.1744e+00ğ›€ cm
2023-05-31 10:26:03,953 INFO Measurement at current 0.09798994974874371
2023-05-31 10:26:04,545 INFO T:157.93Â°K V:6.7244e-02V I:9.7990e-02A R:6.8624e-01ğ›€ E:1.2932e+00V/cm J:1.1010e+00A/cm2 ğ›’:1.1745e+00ğ›€ cm
2023-05-31 10:26:04,566 INFO Measurement at current 0.09874371859296482
2023-05-31 10:26:05,180 INFO T:157.92Â°K V:6.7766e-02V I:9.8744e-02A R:6.8628e-01ğ›€ E:1.3032e+00V/cm J:1.1095e+00A/cm2 ğ›’:1.1746e+00ğ›€ cm
2023-05-31 10:26:05,214 INFO Measurement at current 0.09949748743718592
2023-05-31 10:26:05,816 INFO T:157.91Â°K V:6.8283e-02V I:9.9497e-02A R:6.8627e-01ğ›€ E:1.3131e+00V/cm J:1.1179e+00A/cm2 ğ›’:1.1746e+00ğ›€ cm
2023-05-31 10:26:05,849 INFO Measurement at current 0.10025125628140703
2023-05-31 10:26:06,439 INFO T:157.90Â°K V:6.8803e-02V I:1.0025e-01A R:6.8631e-01ğ›€ E:1.3231e+00V/cm J:1.1264e+00A/cm2 ğ›’:1.1746e+00ğ›€ cm
2023-05-31 10:26:06,456 INFO Measurement at current 0.10100502512562813
2023-05-31 10:26:07,052 INFO T:157.89Â°K V:6.9326e-02V I:1.0101e-01A R:6.8636e-01ğ›€ E:1.3332e+00V/cm J:1.1349e+00A/cm2 ğ›’:1.1747e+00ğ›€ cm
2023-05-31 10:26:07,081 INFO Measurement at current 0.10175879396984924
2023-05-31 10:26:07,678 INFO T:157.89Â°K V:6.9849e-02V I:1.0176e-01A R:6.8641e-01ğ›€ E:1.3432e+00V/cm J:1.1434e+00A/cm2 ğ›’:1.1748e+00ğ›€ cm
2023-05-31 10:26:07,700 INFO Measurement at current 0.10251256281407034
2023-05-31 10:26:08,296 INFO T:157.88Â°K V:7.0371e-02V I:1.0251e-01A R:6.8646e-01ğ›€ E:1.3533e+00V/cm J:1.1518e+00A/cm2 ğ›’:1.1749e+00ğ›€ cm
2023-05-31 10:26:08,327 INFO Measurement at current 0.10326633165829145
2023-05-31 10:26:08,933 INFO T:157.87Â°K V:7.0889e-02V I:1.0327e-01A R:6.8647e-01ğ›€ E:1.3633e+00V/cm J:1.1603e+00A/cm2 ğ›’:1.1749e+00ğ›€ cm
2023-05-31 10:26:08,960 INFO Measurement at current 0.10402010050251256
2023-05-31 10:26:09,568 INFO T:157.86Â°K V:7.1413e-02V I:1.0402e-01A R:6.8653e-01ğ›€ E:1.3733e+00V/cm J:1.1688e+00A/cm2 ğ›’:1.1750e+00ğ›€ cm
2023-05-31 10:26:09,598 INFO Measurement at current 0.10477386934673366
2023-05-31 10:26:10,213 INFO T:157.85Â°K V:7.1934e-02V I:1.0477e-01A R:6.8657e-01ğ›€ E:1.3834e+00V/cm J:1.1772e+00A/cm2 ğ›’:1.1751e+00ğ›€ cm
2023-05-31 10:26:10,241 INFO Measurement at current 0.10552763819095477
2023-05-31 10:26:10,828 INFO T:157.85Â°K V:7.2525e-02V I:1.0553e-01A R:6.8726e-01ğ›€ E:1.3947e+00V/cm J:1.1857e+00A/cm2 ğ›’:1.1763e+00ğ›€ cm
2023-05-31 10:26:10,859 INFO Measurement at current 0.10628140703517587
2023-05-31 10:26:11,443 INFO T:157.84Â°K V:7.3041e-02V I:1.0628e-01A R:6.8724e-01ğ›€ E:1.4046e+00V/cm J:1.1942e+00A/cm2 ğ›’:1.1762e+00ğ›€ cm
2023-05-31 10:26:11,460 INFO Measurement at current 0.10703517587939698
2023-05-31 10:26:12,053 INFO T:157.83Â°K V:7.3570e-02V I:1.0704e-01A R:6.8734e-01ğ›€ E:1.4148e+00V/cm J:1.2026e+00A/cm2 ğ›’:1.1764e+00ğ›€ cm
2023-05-31 10:26:12,070 INFO Measurement at current 0.10778894472361808
2023-05-31 10:26:12,670 INFO T:157.82Â°K V:7.4087e-02V I:1.0779e-01A R:6.8733e-01ğ›€ E:1.4247e+00V/cm J:1.2111e+00A/cm2 ğ›’:1.1764e+00ğ›€ cm
2023-05-31 10:26:12,685 INFO Measurement at current 0.10854271356783919
2023-05-31 10:26:13,268 INFO T:157.82Â°K V:7.4601e-02V I:1.0854e-01A R:6.8730e-01ğ›€ E:1.4346e+00V/cm J:1.2196e+00A/cm2 ğ›’:1.1763e+00ğ›€ cm
2023-05-31 10:26:13,295 INFO Measurement at current 0.1092964824120603
2023-05-31 10:26:13,881 INFO T:157.81Â°K V:7.5131e-02V I:1.0930e-01A R:6.8741e-01ğ›€ E:1.4448e+00V/cm J:1.2281e+00A/cm2 ğ›’:1.1765e+00ğ›€ cm
2023-05-31 10:26:13,896 INFO Measurement at current 0.1100502512562814
2023-05-31 10:26:14,486 INFO T:157.80Â°K V:7.5643e-02V I:1.1005e-01A R:6.8735e-01ğ›€ E:1.4547e+00V/cm J:1.2365e+00A/cm2 ğ›’:1.1764e+00ğ›€ cm
2023-05-31 10:26:14,518 INFO Measurement at current 0.11080402010050251
2023-05-31 10:26:15,128 INFO T:157.79Â°K V:7.6168e-02V I:1.1080e-01A R:6.8741e-01ğ›€ E:1.4648e+00V/cm J:1.2450e+00A/cm2 ğ›’:1.1765e+00ğ›€ cm
2023-05-31 10:26:15,146 INFO Measurement at current 0.11155778894472361
2023-05-31 10:26:15,740 INFO T:157.78Â°K V:7.6688e-02V I:1.1156e-01A R:6.8743e-01ğ›€ E:1.4748e+00V/cm J:1.2535e+00A/cm2 ğ›’:1.1766e+00ğ›€ cm
2023-05-31 10:26:15,764 INFO Measurement at current 0.11231155778894472
2023-05-31 10:26:16,358 INFO T:157.78Â°K V:7.7205e-02V I:1.1231e-01A R:6.8742e-01ğ›€ E:1.4847e+00V/cm J:1.2619e+00A/cm2 ğ›’:1.1765e+00ğ›€ cm
2023-05-31 10:26:16,383 INFO Measurement at current 0.11306532663316582
2023-05-31 10:26:16,981 INFO T:157.77Â°K V:7.7735e-02V I:1.1307e-01A R:6.8752e-01ğ›€ E:1.4949e+00V/cm J:1.2704e+00A/cm2 ğ›’:1.1767e+00ğ›€ cm
2023-05-31 10:26:17,012 INFO Measurement at current 0.11381909547738693
2023-05-31 10:26:17,621 INFO T:157.76Â°K V:7.8255e-02V I:1.1382e-01A R:6.8754e-01ğ›€ E:1.5049e+00V/cm J:1.2789e+00A/cm2 ğ›’:1.1768e+00ğ›€ cm
2023-05-31 10:26:17,650 INFO Measurement at current 0.11457286432160804
2023-05-31 10:26:18,257 INFO T:157.75Â°K V:7.8780e-02V I:1.1457e-01A R:6.8760e-01ğ›€ E:1.5150e+00V/cm J:1.2873e+00A/cm2 ğ›’:1.1769e+00ğ›€ cm
2023-05-31 10:26:18,285 INFO Measurement at current 0.11532663316582914
2023-05-31 10:26:18,877 INFO T:157.74Â°K V:7.9332e-02V I:1.1533e-01A R:6.8789e-01ğ›€ E:1.5256e+00V/cm J:1.2958e+00A/cm2 ğ›’:1.1774e+00ğ›€ cm
2023-05-31 10:26:18,893 INFO Measurement at current 0.11608040201005025
2023-05-31 10:26:19,501 INFO T:157.74Â°K V:7.9850e-02V I:1.1608e-01A R:6.8789e-01ğ›€ E:1.5356e+00V/cm J:1.3043e+00A/cm2 ğ›’:1.1773e+00ğ›€ cm
2023-05-31 10:26:19,531 INFO Measurement at current 0.11683417085427135
2023-05-31 10:26:20,129 INFO T:157.73Â°K V:8.0383e-02V I:1.1683e-01A R:6.8801e-01ğ›€ E:1.5458e+00V/cm J:1.3127e+00A/cm2 ğ›’:1.1775e+00ğ›€ cm
2023-05-31 10:26:20,157 INFO Measurement at current 0.11758793969849246
2023-05-31 10:26:20,749 INFO T:157.72Â°K V:8.0899e-02V I:1.1759e-01A R:6.8799e-01ğ›€ E:1.5558e+00V/cm J:1.3212e+00A/cm2 ğ›’:1.1775e+00ğ›€ cm
2023-05-31 10:26:20,773 INFO Measurement at current 0.11834170854271356
2023-05-31 10:26:21,381 INFO T:157.71Â°K V:8.1427e-02V I:1.1834e-01A R:6.8807e-01ğ›€ E:1.5659e+00V/cm J:1.3297e+00A/cm2 ğ›’:1.1777e+00ğ›€ cm
2023-05-31 10:26:21,404 INFO Measurement at current 0.11909547738693467
2023-05-31 10:26:21,999 INFO T:157.70Â°K V:8.1945e-02V I:1.1910e-01A R:6.8807e-01ğ›€ E:1.5759e+00V/cm J:1.3382e+00A/cm2 ğ›’:1.1777e+00ğ›€ cm
2023-05-31 10:26:22,032 INFO Measurement at current 0.11984924623115577
2023-05-31 10:26:22,634 INFO T:157.70Â°K V:8.2465e-02V I:1.1985e-01A R:6.8807e-01ğ›€ E:1.5859e+00V/cm J:1.3466e+00A/cm2 ğ›’:1.1777e+00ğ›€ cm
2023-05-31 10:26:22,670 INFO Measurement at current 0.12060301507537688
2023-05-31 10:26:23,259 INFO T:157.69Â°K V:8.2988e-02V I:1.2060e-01A R:6.8811e-01ğ›€ E:1.5959e+00V/cm J:1.3551e+00A/cm2 ğ›’:1.1777e+00ğ›€ cm
2023-05-31 10:26:23,293 INFO Measurement at current 0.12135678391959799
2023-05-31 10:26:23,900 INFO T:157.68Â°K V:8.3503e-02V I:1.2136e-01A R:6.8808e-01ğ›€ E:1.6058e+00V/cm J:1.3636e+00A/cm2 ğ›’:1.1777e+00ğ›€ cm
2023-05-31 10:26:23,920 INFO Measurement at current 0.12211055276381909
2023-05-31 10:26:24,524 INFO T:157.67Â°K V:8.4031e-02V I:1.2211e-01A R:6.8815e-01ğ›€ E:1.6160e+00V/cm J:1.3720e+00A/cm2 ğ›’:1.1778e+00ğ›€ cm
2023-05-31 10:26:24,548 INFO Measurement at current 0.1228643216080402
2023-05-31 10:26:25,147 INFO T:157.67Â°K V:8.4550e-02V I:1.2286e-01A R:6.8815e-01ğ›€ E:1.6260e+00V/cm J:1.3805e+00A/cm2 ğ›’:1.1778e+00ğ›€ cm
2023-05-31 10:26:25,174 INFO Measurement at current 0.1236180904522613
2023-05-31 10:26:25,765 INFO T:157.66Â°K V:8.5068e-02V I:1.2362e-01A R:6.8815e-01ğ›€ E:1.6359e+00V/cm J:1.3890e+00A/cm2 ğ›’:1.1778e+00ğ›€ cm
2023-05-31 10:26:25,803 INFO Measurement at current 0.12437185929648241
2023-05-31 10:26:26,406 INFO T:157.65Â°K V:8.5600e-02V I:1.2437e-01A R:6.8826e-01ğ›€ E:1.6461e+00V/cm J:1.3974e+00A/cm2 ğ›’:1.1780e+00ğ›€ cm
2023-05-31 10:26:26,429 INFO Measurement at current 0.12512562814070352
2023-05-31 10:26:27,026 INFO T:157.64Â°K V:8.6154e-02V I:1.2513e-01A R:6.8854e-01ğ›€ E:1.6568e+00V/cm J:1.4059e+00A/cm2 ğ›’:1.1785e+00ğ›€ cm
2023-05-31 10:26:27,051 INFO Measurement at current 0.12587939698492462
2023-05-31 10:26:27,657 INFO T:157.63Â°K V:8.6682e-02V I:1.2588e-01A R:6.8861e-01ğ›€ E:1.6670e+00V/cm J:1.4144e+00A/cm2 ğ›’:1.1786e+00ğ›€ cm
2023-05-31 10:26:27,677 INFO Measurement at current 0.12663316582914572
2023-05-31 10:26:28,273 INFO T:157.63Â°K V:8.7208e-02V I:1.2663e-01A R:6.8866e-01ğ›€ E:1.6771e+00V/cm J:1.4228e+00A/cm2 ğ›’:1.1787e+00ğ›€ cm
2023-05-31 10:26:28,290 INFO Measurement at current 0.12738693467336684
2023-05-31 10:26:28,878 INFO T:157.62Â°K V:8.7731e-02V I:1.2739e-01A R:6.8870e-01ğ›€ E:1.6871e+00V/cm J:1.4313e+00A/cm2 ğ›’:1.1787e+00ğ›€ cm
2023-05-31 10:26:28,901 INFO Measurement at current 0.12814070351758794
2023-05-31 10:26:29,499 INFO T:157.61Â°K V:8.8270e-02V I:1.2814e-01A R:6.8885e-01ğ›€ E:1.6975e+00V/cm J:1.4398e+00A/cm2 ğ›’:1.1790e+00ğ›€ cm
2023-05-31 10:26:29,519 INFO Measurement at current 0.12889447236180904
2023-05-31 10:26:30,119 INFO T:157.60Â°K V:8.8790e-02V I:1.2889e-01A R:6.8886e-01ğ›€ E:1.7075e+00V/cm J:1.4483e+00A/cm2 ğ›’:1.1790e+00ğ›€ cm
2023-05-31 10:26:30,142 INFO Measurement at current 0.12964824120603013
2023-05-31 10:26:30,741 INFO T:157.60Â°K V:8.9326e-02V I:1.2965e-01A R:6.8899e-01ğ›€ E:1.7178e+00V/cm J:1.4567e+00A/cm2 ğ›’:1.1792e+00ğ›€ cm
2023-05-31 10:26:30,764 INFO Measurement at current 0.13040201005025126
2023-05-31 10:26:31,355 INFO T:157.59Â°K V:8.9852e-02V I:1.3040e-01A R:6.8904e-01ğ›€ E:1.7279e+00V/cm J:1.4652e+00A/cm2 ğ›’:1.1793e+00ğ›€ cm
2023-05-31 10:26:31,378 INFO Measurement at current 0.13115577889447236
2023-05-31 10:26:31,965 INFO T:157.58Â°K V:9.0381e-02V I:1.3116e-01A R:6.8911e-01ğ›€ E:1.7381e+00V/cm J:1.4737e+00A/cm2 ğ›’:1.1794e+00ğ›€ cm
2023-05-31 10:26:31,986 INFO Measurement at current 0.13190954773869346
2023-05-31 10:26:32,594 INFO T:157.57Â°K V:9.0914e-02V I:1.3191e-01A R:6.8921e-01ğ›€ E:1.7483e+00V/cm J:1.4821e+00A/cm2 ğ›’:1.1796e+00ğ›€ cm
2023-05-31 10:26:32,615 INFO Measurement at current 0.13266331658291458
2023-05-31 10:26:33,226 INFO T:157.56Â°K V:9.1429e-02V I:1.3266e-01A R:6.8918e-01ğ›€ E:1.7582e+00V/cm J:1.4906e+00A/cm2 ğ›’:1.1796e+00ğ›€ cm
2023-05-31 10:26:33,246 INFO Measurement at current 0.13341708542713568
2023-05-31 10:26:33,838 INFO T:157.56Â°K V:9.1962e-02V I:1.3342e-01A R:6.8928e-01ğ›€ E:1.7685e+00V/cm J:1.4991e+00A/cm2 ğ›’:1.1797e+00ğ›€ cm
2023-05-31 10:26:33,873 INFO Measurement at current 0.13417085427135678
2023-05-31 10:26:34,468 INFO T:157.55Â°K V:9.2480e-02V I:1.3417e-01A R:6.8927e-01ğ›€ E:1.7785e+00V/cm J:1.5075e+00A/cm2 ğ›’:1.1797e+00ğ›€ cm
2023-05-31 10:26:34,484 INFO Measurement at current 0.13492462311557787
2023-05-31 10:26:35,079 INFO T:157.54Â°K V:9.2995e-02V I:1.3492e-01A R:6.8924e-01ğ›€ E:1.7884e+00V/cm J:1.5160e+00A/cm2 ğ›’:1.1797e+00ğ›€ cm
2023-05-31 10:26:35,106 INFO Measurement at current 0.135678391959799
2023-05-31 10:26:35,710 INFO T:157.53Â°K V:9.3556e-02V I:1.3568e-01A R:6.8954e-01ğ›€ E:1.7992e+00V/cm J:1.5245e+00A/cm2 ğ›’:1.1802e+00ğ›€ cm
2023-05-31 10:26:35,736 INFO Measurement at current 0.1364321608040201
2023-05-31 10:26:36,338 INFO T:157.53Â°K V:9.4071e-02V I:1.3643e-01A R:6.8951e-01ğ›€ E:1.8091e+00V/cm J:1.5329e+00A/cm2 ğ›’:1.1801e+00ğ›€ cm
2023-05-31 10:26:36,389 INFO Measurement at current 0.1371859296482412
2023-05-31 10:26:36,986 INFO T:157.52Â°K V:9.4607e-02V I:1.3719e-01A R:6.8963e-01ğ›€ E:1.8194e+00V/cm J:1.5414e+00A/cm2 ğ›’:1.1803e+00ğ›€ cm
2023-05-31 10:26:37,005 INFO Measurement at current 0.1379396984924623
2023-05-31 10:26:37,594 INFO T:157.51Â°K V:9.5128e-02V I:1.3794e-01A R:6.8964e-01ğ›€ E:1.8294e+00V/cm J:1.5499e+00A/cm2 ğ›’:1.1803e+00ğ›€ cm
2023-05-31 10:26:37,614 INFO Measurement at current 0.13869346733668342
2023-05-31 10:26:38,213 INFO T:157.50Â°K V:9.5653e-02V I:1.3869e-01A R:6.8967e-01ğ›€ E:1.8395e+00V/cm J:1.5584e+00A/cm2 ğ›’:1.1804e+00ğ›€ cm
2023-05-31 10:26:38,241 INFO Measurement at current 0.13944723618090452
2023-05-31 10:26:38,837 INFO T:157.49Â°K V:9.6187e-02V I:1.3945e-01A R:6.8977e-01ğ›€ E:1.8498e+00V/cm J:1.5668e+00A/cm2 ğ›’:1.1806e+00ğ›€ cm
2023-05-31 10:26:38,853 INFO Measurement at current 0.1402010050251256
2023-05-31 10:26:39,442 INFO T:157.49Â°K V:9.6709e-02V I:1.4020e-01A R:6.8979e-01ğ›€ E:1.8598e+00V/cm J:1.5753e+00A/cm2 ğ›’:1.1806e+00ğ›€ cm
2023-05-31 10:26:39,461 INFO Measurement at current 0.14095477386934674
2023-05-31 10:26:40,091 INFO T:157.48Â°K V:9.7244e-02V I:1.4095e-01A R:6.8990e-01ğ›€ E:1.8701e+00V/cm J:1.5838e+00A/cm2 ğ›’:1.1808e+00ğ›€ cm
2023-05-31 10:26:40,126 INFO Measurement at current 0.14170854271356784
2023-05-31 10:26:40,722 INFO T:157.47Â°K V:9.7769e-02V I:1.4171e-01A R:6.8993e-01ğ›€ E:1.8802e+00V/cm J:1.5922e+00A/cm2 ğ›’:1.1808e+00ğ›€ cm
2023-05-31 10:26:40,754 INFO Measurement at current 0.14246231155778893
2023-05-31 10:26:41,356 INFO T:157.46Â°K V:9.8293e-02V I:1.4246e-01A R:6.8996e-01ğ›€ E:1.8903e+00V/cm J:1.6007e+00A/cm2 ğ›’:1.1809e+00ğ›€ cm
2023-05-31 10:26:41,380 INFO Measurement at current 0.14321608040201003
2023-05-31 10:26:41,990 INFO T:157.46Â°K V:9.8828e-02V I:1.4322e-01A R:6.9006e-01ğ›€ E:1.9005e+00V/cm J:1.6092e+00A/cm2 ğ›’:1.1811e+00ğ›€ cm
2023-05-31 10:26:42,033 INFO Measurement at current 0.14396984924623116
2023-05-31 10:26:42,627 INFO T:157.45Â°K V:9.9350e-02V I:1.4397e-01A R:6.9007e-01ğ›€ E:1.9106e+00V/cm J:1.6176e+00A/cm2 ğ›’:1.1811e+00ğ›€ cm
2023-05-31 10:26:42,642 INFO Measurement at current 0.14472361809045226
2023-05-31 10:26:43,247 INFO T:157.44Â°K V:9.9893e-02V I:1.4472e-01A R:6.9023e-01ğ›€ E:1.9210e+00V/cm J:1.6261e+00A/cm2 ğ›’:1.1814e+00ğ›€ cm
2023-05-31 10:26:43,271 INFO Measurement at current 0.14547738693467335
2023-05-31 10:26:43,866 INFO T:157.43Â°K V:1.0045e-01V I:1.4548e-01A R:6.9047e-01ğ›€ E:1.9317e+00V/cm J:1.6346e+00A/cm2 ğ›’:1.1818e+00ğ›€ cm
2023-05-31 10:26:43,884 INFO Measurement at current 0.14623115577889448
2023-05-31 10:26:44,479 INFO T:157.43Â°K V:1.0097e-01V I:1.4623e-01A R:6.9048e-01ğ›€ E:1.9417e+00V/cm J:1.6430e+00A/cm2 ğ›’:1.1818e+00ğ›€ cm
2023-05-31 10:26:44,513 INFO Measurement at current 0.14698492462311558
2023-05-31 10:26:45,111 INFO T:157.42Â°K V:1.0151e-01V I:1.4698e-01A R:6.9058e-01ğ›€ E:1.9520e+00V/cm J:1.6515e+00A/cm2 ğ›’:1.1820e+00ğ›€ cm
2023-05-31 10:26:45,132 INFO Measurement at current 0.14773869346733667
2023-05-31 10:26:45,730 INFO T:157.41Â°K V:1.0202e-01V I:1.4774e-01A R:6.9057e-01ğ›€ E:1.9620e+00V/cm J:1.6600e+00A/cm2 ğ›’:1.1819e+00ğ›€ cm
2023-05-31 10:26:45,752 INFO Measurement at current 0.14849246231155777
2023-05-31 10:26:46,357 INFO T:157.40Â°K V:1.0256e-01V I:1.4849e-01A R:6.9070e-01ğ›€ E:1.9724e+00V/cm J:1.6685e+00A/cm2 ğ›’:1.1822e+00ğ›€ cm
2023-05-31 10:26:46,381 INFO Measurement at current 0.1492462311557789
2023-05-31 10:26:46,985 INFO T:157.39Â°K V:1.0309e-01V I:1.4925e-01A R:6.9072e-01ğ›€ E:1.9824e+00V/cm J:1.6769e+00A/cm2 ğ›’:1.1822e+00ğ›€ cm
2023-05-31 10:26:47,015 INFO Measurement at current 0.15
2023-05-31 10:26:47,612 INFO T:157.39Â°K V:1.0361e-01V I:1.5000e-01A R:6.9072e-01ğ›€ E:1.9925e+00V/cm J:1.6854e+00A/cm2 ğ›’:1.1822e+00ğ›€ cm
2023-05-31 10:28:12,739 INFO Save the description file
2023-05-31 10:28:12,746 INFO Save data in numpy format Esperimenti/CPRO_MUSA_310523_I_V/CPRO_MUSA_310523_I_V_current_from_0_to_1500e-4A/CPRO_MUSA_310523_I_V_current_from_0_to_1500e-4A-20230531102810
2023-05-31 10:28:12,756 INFO Save data in CSV format Esperimenti/CPRO_MUSA_310523_I_V/CPRO_MUSA_310523_I_V_current_from_0_to_1500e-4A/CPRO_MUSA_310523_I_V_current_from_0_to_1500e-4A-20230531102810.csv
2023-05-31 10:28:12,784 INFO Save plot as image Esperimenti/CPRO_MUSA_310523_I_V/CPRO_MUSA_310523_I_V_current_from_0_to_1500e-4A/CPRO_MUSA_310523_I_V_current_from_0_to_1500e-4A-20230531102810.png
