2023-05-31 11:35:21,563 INFO ### Start experiment: CPRO_MUSA_310523_I_V current from 0 to 1500e-4A ###
2023-05-31 11:35:22,909 INFO Found Multimeter KEITHLEY INSTRUMENTS INC.,MODEL 2700,0884890,B03  /A02  

2023-05-31 11:35:23,939 INFO Found Nanovolt Meter KEITHLEY INSTRUMENTS INC.,MODEL 2182A,4056474,C03  /A02  

2023-05-31 11:35:24,049 INFO Found Source Meter KEITHLEY INSTRUMENTS INC.,MODEL 2400,0945684,C24   Feb 14 2002 11:59:45/A02  /K/H

2023-05-31 11:35:24,171 INFO Start the measurement loop
2023-05-31 11:35:30,071 INFO Measurement at current 0.0
2023-05-31 11:35:30,977 INFO T:222.31Â°K V:1.6606e-07V I:0.0000e+00A R:infğ›€ E:3.1935e-06V/cm J:0.0000e+00A/cm2 ğ›’:infğ›€ cm
2023-05-31 11:35:30,994 INFO Measurement at current 0.0007537688442211055
2023-05-31 11:35:31,590 INFO T:222.33Â°K V:5.3988e-04V I:7.5377e-04A R:7.1625e-01ğ›€ E:1.0382e-02V/cm J:8.4693e-03A/cm2 ğ›’:1.2259e+00ğ›€ cm
2023-05-31 11:35:31,604 INFO Measurement at current 0.001507537688442211
2023-05-31 11:35:32,200 INFO T:222.34Â°K V:1.0797e-03V I:1.5075e-03A R:7.1621e-01ğ›€ E:2.0764e-02V/cm J:1.6939e-02A/cm2 ğ›’:1.2258e+00ğ›€ cm
2023-05-31 11:35:32,223 INFO Measurement at current 0.0022613065326633165
2023-05-31 11:35:32,825 INFO T:222.35Â°K V:1.6197e-03V I:2.2613e-03A R:7.1628e-01ğ›€ E:3.1149e-02V/cm J:2.5408e-02A/cm2 ğ›’:1.2259e+00ğ›€ cm
2023-05-31 11:35:32,841 INFO Measurement at current 0.003015075376884422
2023-05-31 11:35:33,434 INFO T:222.36Â°K V:2.1594e-03V I:3.0151e-03A R:7.1620e-01ğ›€ E:4.1527e-02V/cm J:3.3877e-02A/cm2 ğ›’:1.2258e+00ğ›€ cm
2023-05-31 11:35:33,449 INFO Measurement at current 0.0037688442211055275
2023-05-31 11:35:34,042 INFO T:222.38Â°K V:2.6994e-03V I:3.7688e-03A R:7.1624e-01ğ›€ E:5.1911e-02V/cm J:4.2347e-02A/cm2 ğ›’:1.2259e+00ğ›€ cm
2023-05-31 11:35:34,056 INFO Measurement at current 0.004522613065326633
2023-05-31 11:35:34,648 INFO T:222.39Â°K V:3.2394e-03V I:4.5226e-03A R:7.1626e-01ğ›€ E:6.2296e-02V/cm J:5.0816e-02A/cm2 ğ›’:1.2259e+00ğ›€ cm
2023-05-31 11:35:34,665 INFO Measurement at current 0.0052763819095477385
2023-05-31 11:35:35,271 INFO T:222.40Â°K V:3.7794e-03V I:5.2764e-03A R:7.1629e-01ğ›€ E:7.2682e-02V/cm J:5.9285e-02A/cm2 ğ›’:1.2260e+00ğ›€ cm
2023-05-31 11:35:35,293 INFO Measurement at current 0.006030150753768844
2023-05-31 11:35:35,896 INFO T:222.41Â°K V:4.3197e-03V I:6.0302e-03A R:7.1635e-01ğ›€ E:8.3071e-02V/cm J:6.7755e-02A/cm2 ğ›’:1.2261e+00ğ›€ cm
2023-05-31 11:35:35,919 INFO Measurement at current 0.0067839195979899495
2023-05-31 11:35:36,527 INFO T:222.43Â°K V:4.8596e-03V I:6.7839e-03A R:7.1635e-01ğ›€ E:9.3455e-02V/cm J:7.6224e-02A/cm2 ğ›’:1.2261e+00ğ›€ cm
2023-05-31 11:35:36,548 INFO Measurement at current 0.007537688442211055
2023-05-31 11:35:37,142 INFO T:222.44Â°K V:5.3999e-03V I:7.5377e-03A R:7.1638e-01ğ›€ E:1.0384e-01V/cm J:8.4693e-02A/cm2 ğ›’:1.2261e+00ğ›€ cm
2023-05-31 11:35:37,157 INFO Measurement at current 0.008291457286432161
2023-05-31 11:35:37,752 INFO T:222.45Â°K V:5.9400e-03V I:8.2915e-03A R:7.1639e-01ğ›€ E:1.1423e-01V/cm J:9.3162e-02A/cm2 ğ›’:1.2261e+00ğ›€ cm
2023-05-31 11:35:37,769 INFO Measurement at current 0.009045226130653266
2023-05-31 11:35:38,378 INFO T:222.46Â°K V:6.4802e-03V I:9.0452e-03A R:7.1642e-01ğ›€ E:1.2462e-01V/cm J:1.0163e-01A/cm2 ğ›’:1.2262e+00ğ›€ cm
2023-05-31 11:35:38,403 INFO Measurement at current 0.00979899497487437
2023-05-31 11:35:39,014 INFO T:222.48Â°K V:7.0207e-03V I:9.7990e-03A R:7.1648e-01ğ›€ E:1.3501e-01V/cm J:1.1010e-01A/cm2 ğ›’:1.2263e+00ğ›€ cm
2023-05-31 11:35:39,038 INFO Measurement at current 0.010552763819095477
2023-05-31 11:35:39,632 INFO T:222.49Â°K V:7.5641e-03V I:1.0553e-02A R:7.1679e-01ğ›€ E:1.4546e-01V/cm J:1.1857e-01A/cm2 ğ›’:1.2268e+00ğ›€ cm
2023-05-31 11:35:39,669 INFO Measurement at current 0.011306532663316583
2023-05-31 11:35:40,272 INFO T:222.50Â°K V:8.1016e-03V I:1.1307e-02A R:7.1654e-01ğ›€ E:1.5580e-01V/cm J:1.2704e-01A/cm2 ğ›’:1.2264e+00ğ›€ cm
2023-05-31 11:35:40,298 INFO Measurement at current 0.012060301507537688
2023-05-31 11:35:40,915 INFO T:222.52Â°K V:8.6438e-03V I:1.2060e-02A R:7.1671e-01ğ›€ E:1.6623e-01V/cm J:1.3551e-01A/cm2 ğ›’:1.2267e+00ğ›€ cm
2023-05-31 11:35:40,940 INFO Measurement at current 0.012814070351758793
2023-05-31 11:35:41,544 INFO T:222.53Â°K V:9.1850e-03V I:1.2814e-02A R:7.1679e-01ğ›€ E:1.7663e-01V/cm J:1.4398e-01A/cm2 ğ›’:1.2268e+00ğ›€ cm
2023-05-31 11:35:41,560 INFO Measurement at current 0.013567839195979899
2023-05-31 11:35:42,161 INFO T:222.54Â°K V:9.7266e-03V I:1.3568e-02A R:7.1688e-01ğ›€ E:1.8705e-01V/cm J:1.5245e-01A/cm2 ğ›’:1.2270e+00ğ›€ cm
2023-05-31 11:35:42,179 INFO Measurement at current 0.014321608040201005
2023-05-31 11:35:42,767 INFO T:222.55Â°K V:1.0265e-02V I:1.4322e-02A R:7.1675e-01ğ›€ E:1.9741e-01V/cm J:1.6092e-01A/cm2 ğ›’:1.2268e+00ğ›€ cm
2023-05-31 11:35:42,788 INFO Measurement at current 0.01507537688442211
2023-05-31 11:35:43,383 INFO T:222.57Â°K V:1.0808e-02V I:1.5075e-02A R:7.1694e-01ğ›€ E:2.0785e-01V/cm J:1.6939e-01A/cm2 ğ›’:1.2271e+00ğ›€ cm
2023-05-31 11:35:43,406 INFO Measurement at current 0.015829145728643215
2023-05-31 11:35:44,009 INFO T:222.58Â°K V:1.1350e-02V I:1.5829e-02A R:7.1706e-01ğ›€ E:2.1828e-01V/cm J:1.7786e-01A/cm2 ğ›’:1.2273e+00ğ›€ cm
2023-05-31 11:35:44,032 INFO Measurement at current 0.016582914572864323
2023-05-31 11:35:44,634 INFO T:222.59Â°K V:1.1893e-02V I:1.6583e-02A R:7.1717e-01ğ›€ E:2.2871e-01V/cm J:1.8632e-01A/cm2 ğ›’:1.2275e+00ğ›€ cm
2023-05-31 11:35:44,667 INFO Measurement at current 0.017336683417085427
2023-05-31 11:35:46,109 INFO T:222.62Â°K V:1.2430e-02V I:1.7337e-02A R:7.1695e-01ğ›€ E:2.3903e-01V/cm J:1.9479e-01A/cm2 ğ›’:1.2271e+00ğ›€ cm
2023-05-31 11:35:46,133 INFO Measurement at current 0.018090452261306532
2023-05-31 11:35:46,736 INFO T:222.63Â°K V:1.2973e-02V I:1.8090e-02A R:7.1713e-01ğ›€ E:2.4949e-01V/cm J:2.0326e-01A/cm2 ğ›’:1.2274e+00ğ›€ cm
2023-05-31 11:35:46,753 INFO Measurement at current 0.018844221105527637
2023-05-31 11:35:47,358 INFO T:222.64Â°K V:1.3516e-02V I:1.8844e-02A R:7.1724e-01ğ›€ E:2.5992e-01V/cm J:2.1173e-01A/cm2 ğ›’:1.2276e+00ğ›€ cm
2023-05-31 11:35:47,375 INFO Measurement at current 0.01959798994974874
2023-05-31 11:35:47,970 INFO T:222.66Â°K V:1.4059e-02V I:1.9598e-02A R:7.1734e-01ğ›€ E:2.7036e-01V/cm J:2.2020e-01A/cm2 ğ›’:1.2278e+00ğ›€ cm
2023-05-31 11:35:47,987 INFO Measurement at current 0.02035175879396985
2023-05-31 11:35:48,576 INFO T:222.67Â°K V:1.4598e-02V I:2.0352e-02A R:7.1726e-01ğ›€ E:2.8072e-01V/cm J:2.2867e-01A/cm2 ğ›’:1.2276e+00ğ›€ cm
2023-05-31 11:35:48,599 INFO Measurement at current 0.021105527638190954
2023-05-31 11:35:49,200 INFO T:222.68Â°K V:1.5140e-02V I:2.1106e-02A R:7.1735e-01ğ›€ E:2.9115e-01V/cm J:2.3714e-01A/cm2 ğ›’:1.2278e+00ğ›€ cm
2023-05-31 11:35:49,235 INFO Measurement at current 0.02185929648241206
2023-05-31 11:35:49,833 INFO T:222.69Â°K V:1.5684e-02V I:2.1859e-02A R:7.1748e-01ğ›€ E:3.0161e-01V/cm J:2.4561e-01A/cm2 ğ›’:1.2280e+00ğ›€ cm
2023-05-31 11:35:49,851 INFO Measurement at current 0.022613065326633167
2023-05-31 11:35:50,444 INFO T:222.71Â°K V:1.6226e-02V I:2.2613e-02A R:7.1756e-01ğ›€ E:3.1204e-01V/cm J:2.5408e-01A/cm2 ğ›’:1.2281e+00ğ›€ cm
2023-05-31 11:35:50,461 INFO Measurement at current 0.02336683417085427
2023-05-31 11:35:51,048 INFO T:222.72Â°K V:1.6766e-02V I:2.3367e-02A R:7.1749e-01ğ›€ E:3.2241e-01V/cm J:2.6255e-01A/cm2 ğ›’:1.2280e+00ğ›€ cm
2023-05-31 11:35:51,064 INFO Measurement at current 0.024120603015075376
2023-05-31 11:35:51,657 INFO T:222.73Â°K V:1.7308e-02V I:2.4121e-02A R:7.1757e-01ğ›€ E:3.3285e-01V/cm J:2.7102e-01A/cm2 ğ›’:1.2282e+00ğ›€ cm
2023-05-31 11:35:51,678 INFO Measurement at current 0.02487437185929648
2023-05-31 11:35:52,287 INFO T:222.74Â°K V:1.7853e-02V I:2.4874e-02A R:7.1771e-01ğ›€ E:3.4332e-01V/cm J:2.7949e-01A/cm2 ğ›’:1.2284e+00ğ›€ cm
2023-05-31 11:35:52,311 INFO Measurement at current 0.025628140703517585
2023-05-31 11:35:52,909 INFO T:222.76Â°K V:1.8396e-02V I:2.5628e-02A R:7.1779e-01ğ›€ E:3.5376e-01V/cm J:2.8796e-01A/cm2 ğ›’:1.2285e+00ğ›€ cm
2023-05-31 11:35:52,935 INFO Measurement at current 0.026381909547738693
2023-05-31 11:35:53,551 INFO T:222.77Â°K V:1.8936e-02V I:2.6382e-02A R:7.1775e-01ğ›€ E:3.6415e-01V/cm J:2.9643e-01A/cm2 ğ›’:1.2285e+00ğ›€ cm
2023-05-31 11:35:53,567 INFO Measurement at current 0.027135678391959798
2023-05-31 11:35:54,170 INFO T:222.78Â°K V:1.9480e-02V I:2.7136e-02A R:7.1786e-01ğ›€ E:3.7461e-01V/cm J:3.0490e-01A/cm2 ğ›’:1.2286e+00ğ›€ cm
2023-05-31 11:35:54,194 INFO Measurement at current 0.027889447236180902
2023-05-31 11:35:54,795 INFO T:222.79Â°K V:2.0025e-02V I:2.7889e-02A R:7.1803e-01ğ›€ E:3.8510e-01V/cm J:3.1336e-01A/cm2 ğ›’:1.2289e+00ğ›€ cm
2023-05-31 11:35:54,818 INFO Measurement at current 0.02864321608040201
2023-05-31 11:35:55,419 INFO T:222.81Â°K V:2.0570e-02V I:2.8643e-02A R:7.1814e-01ğ›€ E:3.9557e-01V/cm J:3.2183e-01A/cm2 ğ›’:1.2291e+00ğ›€ cm
2023-05-31 11:35:55,437 INFO Measurement at current 0.029396984924623115
2023-05-31 11:35:56,022 INFO T:222.82Â°K V:2.1111e-02V I:2.9397e-02A R:7.1814e-01ğ›€ E:4.0598e-01V/cm J:3.3030e-01A/cm2 ğ›’:1.2291e+00ğ›€ cm
2023-05-31 11:35:56,042 INFO Measurement at current 0.03015075376884422
2023-05-31 11:35:56,636 INFO T:222.83Â°K V:2.1656e-02V I:3.0151e-02A R:7.1825e-01ğ›€ E:4.1646e-01V/cm J:3.3877e-01A/cm2 ğ›’:1.2293e+00ğ›€ cm
2023-05-31 11:35:56,670 INFO Measurement at current 0.030904522613065324
2023-05-31 11:35:57,255 INFO T:222.84Â°K V:2.2202e-02V I:3.0905e-02A R:7.1841e-01ğ›€ E:4.2696e-01V/cm J:3.4724e-01A/cm2 ğ›’:1.2296e+00ğ›€ cm
2023-05-31 11:35:57,277 INFO Measurement at current 0.03165829145728643
2023-05-31 11:35:57,887 INFO T:222.85Â°K V:2.2747e-02V I:3.1658e-02A R:7.1853e-01ğ›€ E:4.3745e-01V/cm J:3.5571e-01A/cm2 ğ›’:1.2298e+00ğ›€ cm
2023-05-31 11:35:57,909 INFO Measurement at current 0.032412060301507534
2023-05-31 11:35:58,502 INFO T:222.87Â°K V:2.3289e-02V I:3.2412e-02A R:7.1854e-01ğ›€ E:4.4787e-01V/cm J:3.6418e-01A/cm2 ğ›’:1.2298e+00ğ›€ cm
2023-05-31 11:35:58,518 INFO Measurement at current 0.033165829145728645
2023-05-31 11:35:59,104 INFO T:222.88Â°K V:2.3835e-02V I:3.3166e-02A R:7.1866e-01ğ›€ E:4.5837e-01V/cm J:3.7265e-01A/cm2 ğ›’:1.2300e+00ğ›€ cm
2023-05-31 11:35:59,139 INFO Measurement at current 0.03391959798994975
2023-05-31 11:35:59,729 INFO T:222.89Â°K V:2.4382e-02V I:3.3920e-02A R:7.1882e-01ğ›€ E:4.6888e-01V/cm J:3.8112e-01A/cm2 ğ›’:1.2303e+00ğ›€ cm
2023-05-31 11:35:59,746 INFO Measurement at current 0.034673366834170855
2023-05-31 11:36:00,334 INFO T:222.90Â°K V:2.4927e-02V I:3.4673e-02A R:7.1892e-01ğ›€ E:4.7937e-01V/cm J:3.8959e-01A/cm2 ğ›’:1.2305e+00ğ›€ cm
2023-05-31 11:36:00,350 INFO Measurement at current 0.03542713567839196
2023-05-31 11:36:00,954 INFO T:222.91Â°K V:2.5469e-02V I:3.5427e-02A R:7.1893e-01ğ›€ E:4.8980e-01V/cm J:3.9806e-01A/cm2 ğ›’:1.2305e+00ğ›€ cm
2023-05-31 11:36:00,972 INFO Measurement at current 0.036180904522613064
2023-05-31 11:36:01,564 INFO T:222.93Â°K V:2.6016e-02V I:3.6181e-02A R:7.1904e-01ğ›€ E:5.0030e-01V/cm J:4.0653e-01A/cm2 ğ›’:1.2307e+00ğ›€ cm
2023-05-31 11:36:01,580 INFO Measurement at current 0.03693467336683417
2023-05-31 11:36:02,173 INFO T:222.94Â°K V:2.6563e-02V I:3.6935e-02A R:7.1918e-01ğ›€ E:5.1082e-01V/cm J:4.1500e-01A/cm2 ğ›’:1.2309e+00ğ›€ cm
2023-05-31 11:36:02,201 INFO Measurement at current 0.03768844221105527
2023-05-31 11:36:02,800 INFO T:222.95Â°K V:2.7109e-02V I:3.7688e-02A R:7.1929e-01ğ›€ E:5.2133e-01V/cm J:4.2347e-01A/cm2 ğ›’:1.2311e+00ğ›€ cm
2023-05-31 11:36:02,822 INFO Measurement at current 0.03844221105527638
2023-05-31 11:36:03,441 INFO T:222.96Â°K V:2.7652e-02V I:3.8442e-02A R:7.1932e-01ğ›€ E:5.3177e-01V/cm J:4.3193e-01A/cm2 ğ›’:1.2311e+00ğ›€ cm
2023-05-31 11:36:03,463 INFO Measurement at current 0.03919597989949748
2023-05-31 11:36:04,055 INFO T:222.98Â°K V:2.8199e-02V I:3.9196e-02A R:7.1943e-01ğ›€ E:5.4229e-01V/cm J:4.4040e-01A/cm2 ğ›’:1.2313e+00ğ›€ cm
2023-05-31 11:36:04,090 INFO Measurement at current 0.039949748743718594
2023-05-31 11:36:04,687 INFO T:222.99Â°K V:2.8747e-02V I:3.9950e-02A R:7.1958e-01ğ›€ E:5.5283e-01V/cm J:4.4887e-01A/cm2 ğ›’:1.2316e+00ğ›€ cm
2023-05-31 11:36:04,710 INFO Measurement at current 0.0407035175879397
2023-05-31 11:36:05,298 INFO T:223.00Â°K V:2.9295e-02V I:4.0704e-02A R:7.1971e-01ğ›€ E:5.6336e-01V/cm J:4.5734e-01A/cm2 ğ›’:1.2318e+00ğ›€ cm
2023-05-31 11:36:05,315 INFO Measurement at current 0.0414572864321608
2023-05-31 11:36:05,913 INFO T:223.01Â°K V:2.9839e-02V I:4.1457e-02A R:7.1976e-01ğ›€ E:5.7383e-01V/cm J:4.6581e-01A/cm2 ğ›’:1.2319e+00ğ›€ cm
2023-05-31 11:36:05,940 INFO Measurement at current 0.04221105527638191
2023-05-31 11:36:06,536 INFO T:223.02Â°K V:3.0388e-02V I:4.2211e-02A R:7.1990e-01ğ›€ E:5.8438e-01V/cm J:4.7428e-01A/cm2 ğ›’:1.2321e+00ğ›€ cm
2023-05-31 11:36:06,552 INFO Measurement at current 0.04296482412060301
2023-05-31 11:36:07,155 INFO T:223.04Â°K V:3.0937e-02V I:4.2965e-02A R:7.2007e-01ğ›€ E:5.9495e-01V/cm J:4.8275e-01A/cm2 ğ›’:1.2324e+00ğ›€ cm
2023-05-31 11:36:07,179 INFO Measurement at current 0.04371859296482412
2023-05-31 11:36:07,795 INFO T:223.05Â°K V:3.1486e-02V I:4.3719e-02A R:7.2020e-01ğ›€ E:6.0550e-01V/cm J:4.9122e-01A/cm2 ğ›’:1.2327e+00ğ›€ cm
2023-05-31 11:36:07,814 INFO Measurement at current 0.04447236180904522
2023-05-31 11:36:08,414 INFO T:223.06Â°K V:3.2032e-02V I:4.4472e-02A R:7.2026e-01ğ›€ E:6.1600e-01V/cm J:4.9969e-01A/cm2 ğ›’:1.2328e+00ğ›€ cm
2023-05-31 11:36:08,433 INFO Measurement at current 0.04522613065326633
2023-05-31 11:36:09,023 INFO T:223.07Â°K V:3.2581e-02V I:4.5226e-02A R:7.2041e-01ğ›€ E:6.2656e-01V/cm J:5.0816e-01A/cm2 ğ›’:1.2330e+00ğ›€ cm
2023-05-31 11:36:09,049 INFO Measurement at current 0.04597989949748744
2023-05-31 11:36:09,646 INFO T:223.09Â°K V:3.3132e-02V I:4.5980e-02A R:7.2058e-01ğ›€ E:6.3716e-01V/cm J:5.1663e-01A/cm2 ğ›’:1.2333e+00ğ›€ cm
2023-05-31 11:36:09,664 INFO Measurement at current 0.04673366834170854
2023-05-31 11:36:10,253 INFO T:223.10Â°K V:3.3682e-02V I:4.6734e-02A R:7.2072e-01ğ›€ E:6.4773e-01V/cm J:5.2510e-01A/cm2 ğ›’:1.2335e+00ğ›€ cm
2023-05-31 11:36:10,275 INFO Measurement at current 0.04748743718592965
2023-05-31 11:36:10,869 INFO T:223.11Â°K V:3.4228e-02V I:4.7487e-02A R:7.2079e-01ğ›€ E:6.5824e-01V/cm J:5.3357e-01A/cm2 ğ›’:1.2337e+00ğ›€ cm
2023-05-31 11:36:10,885 INFO Measurement at current 0.04824120603015075
2023-05-31 11:36:11,477 INFO T:223.12Â°K V:3.4778e-02V I:4.8241e-02A R:7.2093e-01ğ›€ E:6.6881e-01V/cm J:5.4204e-01A/cm2 ğ›’:1.2339e+00ğ›€ cm
2023-05-31 11:36:11,511 INFO Measurement at current 0.048994974874371856
2023-05-31 11:36:12,098 INFO T:223.13Â°K V:3.5330e-02V I:4.8995e-02A R:7.2109e-01ğ›€ E:6.7942e-01V/cm J:5.5051e-01A/cm2 ğ›’:1.2342e+00ğ›€ cm
2023-05-31 11:36:12,119 INFO Measurement at current 0.04974874371859296
2023-05-31 11:36:12,713 INFO T:223.14Â°K V:3.5880e-02V I:4.9749e-02A R:7.2123e-01ğ›€ E:6.9000e-01V/cm J:5.5897e-01A/cm2 ğ›’:1.2344e+00ğ›€ cm
2023-05-31 11:36:12,731 INFO Measurement at current 0.050502512562814066
2023-05-31 11:36:13,324 INFO T:223.16Â°K V:3.6431e-02V I:5.0503e-02A R:7.2136e-01ğ›€ E:7.0059e-01V/cm J:5.6744e-01A/cm2 ğ›’:1.2346e+00ğ›€ cm
2023-05-31 11:36:13,339 INFO Measurement at current 0.05125628140703517
2023-05-31 11:36:13,925 INFO T:223.17Â°K V:3.6978e-02V I:5.1256e-02A R:7.2143e-01ğ›€ E:7.1111e-01V/cm J:5.7591e-01A/cm2 ğ›’:1.2348e+00ğ›€ cm
2023-05-31 11:36:13,940 INFO Measurement at current 0.05201005025125628
2023-05-31 11:36:14,527 INFO T:223.18Â°K V:3.7530e-02V I:5.2010e-02A R:7.2160e-01ğ›€ E:7.2174e-01V/cm J:5.8438e-01A/cm2 ğ›’:1.2350e+00ğ›€ cm
2023-05-31 11:36:14,541 INFO Measurement at current 0.052763819095477386
2023-05-31 11:36:15,145 INFO T:223.18Â°K V:3.8082e-02V I:5.2764e-02A R:7.2174e-01ğ›€ E:7.3234e-01V/cm J:5.9285e-01A/cm2 ğ›’:1.2353e+00ğ›€ cm
2023-05-31 11:36:15,166 INFO Measurement at current 0.05351758793969849
2023-05-31 11:36:15,764 INFO T:223.20Â°K V:3.8634e-02V I:5.3518e-02A R:7.2189e-01ğ›€ E:7.4296e-01V/cm J:6.0132e-01A/cm2 ğ›’:1.2355e+00ğ›€ cm
2023-05-31 11:36:15,778 INFO Measurement at current 0.054271356783919596
2023-05-31 11:36:16,375 INFO T:223.21Â°K V:3.9183e-02V I:5.4271e-02A R:7.2198e-01ğ›€ E:7.5351e-01V/cm J:6.0979e-01A/cm2 ğ›’:1.2357e+00ğ›€ cm
2023-05-31 11:36:16,401 INFO Measurement at current 0.0550251256281407
2023-05-31 11:36:16,996 INFO T:223.22Â°K V:3.9737e-02V I:5.5025e-02A R:7.2216e-01ğ›€ E:7.6417e-01V/cm J:6.1826e-01A/cm2 ğ›’:1.2360e+00ğ›€ cm
2023-05-31 11:36:17,019 INFO Measurement at current 0.055778894472361805
2023-05-31 11:36:17,608 INFO T:223.23Â°K V:4.0290e-02V I:5.5779e-02A R:7.2232e-01ğ›€ E:7.7481e-01V/cm J:6.2673e-01A/cm2 ğ›’:1.2363e+00ğ›€ cm
2023-05-31 11:36:17,629 INFO Measurement at current 0.05653266331658291
2023-05-31 11:36:18,245 INFO T:223.24Â°K V:4.0844e-02V I:5.6533e-02A R:7.2249e-01ğ›€ E:7.8547e-01V/cm J:6.3520e-01A/cm2 ğ›’:1.2366e+00ğ›€ cm
2023-05-31 11:36:18,270 INFO Measurement at current 0.05728643216080402
2023-05-31 11:36:18,861 INFO T:223.26Â°K V:4.1394e-02V I:5.7286e-02A R:7.2258e-01ğ›€ E:7.9604e-01V/cm J:6.4367e-01A/cm2 ğ›’:1.2367e+00ğ›€ cm
2023-05-31 11:36:18,882 INFO Measurement at current 0.058040201005025126
2023-05-31 11:36:19,486 INFO T:223.27Â°K V:4.1950e-02V I:5.8040e-02A R:7.2277e-01ğ›€ E:8.0672e-01V/cm J:6.5214e-01A/cm2 ğ›’:1.2370e+00ğ›€ cm
2023-05-31 11:36:19,504 INFO Measurement at current 0.05879396984924623
2023-05-31 11:36:20,095 INFO T:223.28Â°K V:4.2504e-02V I:5.8794e-02A R:7.2294e-01ğ›€ E:8.1739e-01V/cm J:6.6061e-01A/cm2 ğ›’:1.2373e+00ğ›€ cm
2023-05-31 11:36:20,125 INFO Measurement at current 0.059547738693467335
2023-05-31 11:36:20,729 INFO T:223.30Â°K V:4.3059e-02V I:5.9548e-02A R:7.2310e-01ğ›€ E:8.2806e-01V/cm J:6.6908e-01A/cm2 ğ›’:1.2376e+00ğ›€ cm
2023-05-31 11:36:20,749 INFO Measurement at current 0.06030150753768844
2023-05-31 11:36:21,354 INFO T:223.31Â°K V:4.3611e-02V I:6.0302e-02A R:7.2321e-01ğ›€ E:8.3867e-01V/cm J:6.7755e-01A/cm2 ğ›’:1.2378e+00ğ›€ cm
2023-05-31 11:36:21,388 INFO Measurement at current 0.061055276381909544
2023-05-31 11:36:21,978 INFO T:223.32Â°K V:4.4168e-02V I:6.1055e-02A R:7.2340e-01ğ›€ E:8.4938e-01V/cm J:6.8601e-01A/cm2 ğ›’:1.2381e+00ğ›€ cm
2023-05-31 11:36:22,001 INFO Measurement at current 0.06180904522613065
2023-05-31 11:36:22,595 INFO T:223.33Â°K V:4.4723e-02V I:6.1809e-02A R:7.2357e-01ğ›€ E:8.6006e-01V/cm J:6.9448e-01A/cm2 ğ›’:1.2384e+00ğ›€ cm
2023-05-31 11:36:22,613 INFO Measurement at current 0.06256281407035176
2023-05-31 11:36:23,208 INFO T:223.35Â°K V:4.5278e-02V I:6.2563e-02A R:7.2373e-01ğ›€ E:8.7074e-01V/cm J:7.0295e-01A/cm2 ğ›’:1.2387e+00ğ›€ cm
2023-05-31 11:36:23,224 INFO Measurement at current 0.06331658291457286
2023-05-31 11:36:23,813 INFO T:223.36Â°K V:4.5830e-02V I:6.3317e-02A R:7.2383e-01ğ›€ E:8.8135e-01V/cm J:7.1142e-01A/cm2 ğ›’:1.2389e+00ğ›€ cm
2023-05-31 11:36:23,841 INFO Measurement at current 0.06407035175879397
2023-05-31 11:36:24,436 INFO T:223.37Â°K V:4.6388e-02V I:6.4070e-02A R:7.2402e-01ğ›€ E:8.9208e-01V/cm J:7.1989e-01A/cm2 ğ›’:1.2392e+00ğ›€ cm
2023-05-31 11:36:24,492 INFO Measurement at current 0.06482412060301507
2023-05-31 11:36:25,080 INFO T:223.38Â°K V:4.6945e-02V I:6.4824e-02A R:7.2419e-01ğ›€ E:9.0279e-01V/cm J:7.2836e-01A/cm2 ğ›’:1.2395e+00ğ›€ cm
2023-05-31 11:36:25,096 INFO Measurement at current 0.06557788944723618
2023-05-31 11:36:25,721 INFO T:223.40Â°K V:4.7502e-02V I:6.5578e-02A R:7.2436e-01ğ›€ E:9.1350e-01V/cm J:7.3683e-01A/cm2 ğ›’:1.2398e+00ğ›€ cm
2023-05-31 11:36:25,745 INFO Measurement at current 0.06633165829145729
2023-05-31 11:36:26,348 INFO T:223.41Â°K V:4.8056e-02V I:6.6332e-02A R:7.2447e-01ğ›€ E:9.2415e-01V/cm J:7.4530e-01A/cm2 ğ›’:1.2400e+00ğ›€ cm
2023-05-31 11:36:26,372 INFO Measurement at current 0.06708542713567839
2023-05-31 11:36:26,964 INFO T:223.42Â°K V:4.8615e-02V I:6.7085e-02A R:7.2467e-01ğ›€ E:9.3490e-01V/cm J:7.5377e-01A/cm2 ğ›’:1.2403e+00ğ›€ cm
2023-05-31 11:36:26,984 INFO Measurement at current 0.0678391959798995
2023-05-31 11:36:27,619 INFO T:223.43Â°K V:4.9173e-02V I:6.7839e-02A R:7.2485e-01ğ›€ E:9.4564e-01V/cm J:7.6224e-01A/cm2 ğ›’:1.2406e+00ğ›€ cm
2023-05-31 11:36:27,647 INFO Measurement at current 0.0685929648241206
2023-05-31 11:36:28,240 INFO T:223.44Â°K V:4.9733e-02V I:6.8593e-02A R:7.2504e-01ğ›€ E:9.5640e-01V/cm J:7.7071e-01A/cm2 ğ›’:1.2409e+00ğ›€ cm
2023-05-31 11:36:28,260 INFO Measurement at current 0.06934673366834171
2023-05-31 11:36:28,861 INFO T:223.46Â°K V:5.0288e-02V I:6.9347e-02A R:7.2517e-01ğ›€ E:9.6708e-01V/cm J:7.7918e-01A/cm2 ğ›’:1.2412e+00ğ›€ cm
2023-05-31 11:36:28,884 INFO Measurement at current 0.0701005025125628
2023-05-31 11:36:29,479 INFO T:223.47Â°K V:5.0850e-02V I:7.0101e-02A R:7.2538e-01ğ›€ E:9.7788e-01V/cm J:7.8765e-01A/cm2 ğ›’:1.2415e+00ğ›€ cm
2023-05-31 11:36:29,498 INFO Measurement at current 0.07085427135678392
2023-05-31 11:36:30,109 INFO T:223.48Â°K V:5.1410e-02V I:7.0854e-02A R:7.2557e-01ğ›€ E:9.8865e-01V/cm J:7.9612e-01A/cm2 ğ›’:1.2418e+00ğ›€ cm
2023-05-31 11:36:30,129 INFO Measurement at current 0.07160804020100502
2023-05-31 11:36:30,735 INFO T:223.49Â°K V:5.1970e-02V I:7.1608e-02A R:7.2576e-01ğ›€ E:9.9943e-01V/cm J:8.0458e-01A/cm2 ğ›’:1.2422e+00ğ›€ cm
2023-05-31 11:36:30,753 INFO Measurement at current 0.07236180904522613
2023-05-31 11:36:31,368 INFO T:223.51Â°K V:5.2528e-02V I:7.2362e-02A R:7.2590e-01ğ›€ E:1.0101e+00V/cm J:8.1305e-01A/cm2 ğ›’:1.2424e+00ğ›€ cm
2023-05-31 11:36:31,387 INFO Measurement at current 0.07311557788944724
2023-05-31 11:36:31,987 INFO T:223.52Â°K V:5.3090e-02V I:7.3116e-02A R:7.2611e-01ğ›€ E:1.0210e+00V/cm J:8.2152e-01A/cm2 ğ›’:1.2428e+00ğ›€ cm
2023-05-31 11:36:32,020 INFO Measurement at current 0.07386934673366834
2023-05-31 11:36:32,612 INFO T:223.53Â°K V:5.3652e-02V I:7.3869e-02A R:7.2632e-01ğ›€ E:1.0318e+00V/cm J:8.2999e-01A/cm2 ğ›’:1.2431e+00ğ›€ cm
2023-05-31 11:36:32,631 INFO Measurement at current 0.07462311557788945
2023-05-31 11:36:33,220 INFO T:223.54Â°K V:5.4214e-02V I:7.4623e-02A R:7.2651e-01ğ›€ E:1.0426e+00V/cm J:8.3846e-01A/cm2 ğ›’:1.2434e+00ğ›€ cm
2023-05-31 11:36:33,243 INFO Measurement at current 0.07537688442211055
2023-05-31 11:36:33,840 INFO T:223.55Â°K V:5.4773e-02V I:7.5377e-02A R:7.2665e-01ğ›€ E:1.0533e+00V/cm J:8.4693e-01A/cm2 ğ›’:1.2437e+00ğ›€ cm
2023-05-31 11:36:33,866 INFO Measurement at current 0.07613065326633166
2023-05-31 11:36:34,465 INFO T:223.57Â°K V:5.5336e-02V I:7.6131e-02A R:7.2686e-01ğ›€ E:1.0642e+00V/cm J:8.5540e-01A/cm2 ğ›’:1.2440e+00ğ›€ cm
2023-05-31 11:36:34,494 INFO Measurement at current 0.07688442211055276
2023-05-31 11:36:35,087 INFO T:223.58Â°K V:5.5899e-02V I:7.6884e-02A R:7.2705e-01ğ›€ E:1.0750e+00V/cm J:8.6387e-01A/cm2 ğ›’:1.2444e+00ğ›€ cm
2023-05-31 11:36:35,121 INFO Measurement at current 0.07763819095477387
2023-05-31 11:36:35,731 INFO T:223.59Â°K V:5.6462e-02V I:7.7638e-02A R:7.2725e-01ğ›€ E:1.0858e+00V/cm J:8.7234e-01A/cm2 ğ›’:1.2447e+00ğ›€ cm
2023-05-31 11:36:35,746 INFO Measurement at current 0.07839195979899496
2023-05-31 11:36:36,335 INFO T:223.60Â°K V:5.7021e-02V I:7.8392e-02A R:7.2739e-01ğ›€ E:1.0966e+00V/cm J:8.8081e-01A/cm2 ğ›’:1.2450e+00ğ›€ cm
2023-05-31 11:36:36,355 INFO Measurement at current 0.07914572864321608
2023-05-31 11:36:36,956 INFO T:223.61Â°K V:5.7587e-02V I:7.9146e-02A R:7.2760e-01ğ›€ E:1.1074e+00V/cm J:8.8928e-01A/cm2 ğ›’:1.2453e+00ğ›€ cm
2023-05-31 11:36:36,998 INFO Measurement at current 0.07989949748743719
2023-05-31 11:36:37,623 INFO T:223.63Â°K V:5.8152e-02V I:7.9899e-02A R:7.2781e-01ğ›€ E:1.1183e+00V/cm J:8.9775e-01A/cm2 ğ›’:1.2457e+00ğ›€ cm
2023-05-31 11:36:37,644 INFO Measurement at current 0.08065326633165829
2023-05-31 11:36:38,254 INFO T:223.64Â°K V:5.8716e-02V I:8.0653e-02A R:7.2801e-01ğ›€ E:1.1292e+00V/cm J:9.0622e-01A/cm2 ğ›’:1.2460e+00ğ›€ cm
2023-05-31 11:36:38,290 INFO Measurement at current 0.0814070351758794
2023-05-31 11:36:38,889 INFO T:223.65Â°K V:5.9279e-02V I:8.1407e-02A R:7.2818e-01ğ›€ E:1.1400e+00V/cm J:9.1469e-01A/cm2 ğ›’:1.2463e+00ğ›€ cm
2023-05-31 11:36:38,935 INFO Measurement at current 0.0821608040201005
2023-05-31 11:36:39,527 INFO T:223.66Â°K V:5.9847e-02V I:8.2161e-02A R:7.2841e-01ğ›€ E:1.1509e+00V/cm J:9.2316e-01A/cm2 ğ›’:1.2467e+00ğ›€ cm
2023-05-31 11:36:39,543 INFO Measurement at current 0.0829145728643216
2023-05-31 11:36:40,153 INFO T:223.68Â°K V:6.0414e-02V I:8.2915e-02A R:7.2863e-01ğ›€ E:1.1618e+00V/cm J:9.3162e-01A/cm2 ğ›’:1.2471e+00ğ›€ cm
2023-05-31 11:36:40,186 INFO Measurement at current 0.0836683417085427
2023-05-31 11:36:40,785 INFO T:223.69Â°K V:6.0981e-02V I:8.3668e-02A R:7.2885e-01ğ›€ E:1.1727e+00V/cm J:9.4009e-01A/cm2 ğ›’:1.2475e+00ğ›€ cm
2023-05-31 11:36:40,799 INFO Measurement at current 0.08442211055276382
2023-05-31 11:36:41,381 INFO T:223.70Â°K V:6.1545e-02V I:8.4422e-02A R:7.2902e-01ğ›€ E:1.1836e+00V/cm J:9.4856e-01A/cm2 ğ›’:1.2477e+00ğ›€ cm
2023-05-31 11:36:41,397 INFO Measurement at current 0.08517587939698493
2023-05-31 11:36:42,001 INFO T:223.71Â°K V:6.2115e-02V I:8.5176e-02A R:7.2925e-01ğ›€ E:1.1945e+00V/cm J:9.5703e-01A/cm2 ğ›’:1.2481e+00ğ›€ cm
2023-05-31 11:36:42,042 INFO Measurement at current 0.08592964824120602
2023-05-31 11:36:42,633 INFO T:223.72Â°K V:6.2684e-02V I:8.5930e-02A R:7.2948e-01ğ›€ E:1.2055e+00V/cm J:9.6550e-01A/cm2 ğ›’:1.2485e+00ğ›€ cm
2023-05-31 11:36:42,665 INFO Measurement at current 0.08668341708542714
2023-05-31 11:36:43,260 INFO T:223.73Â°K V:6.3253e-02V I:8.6683e-02A R:7.2970e-01ğ›€ E:1.2164e+00V/cm J:9.7397e-01A/cm2 ğ›’:1.2489e+00ğ›€ cm
2023-05-31 11:36:43,293 INFO Measurement at current 0.08743718592964823
2023-05-31 11:36:43,926 INFO T:223.75Â°K V:6.3820e-02V I:8.7437e-02A R:7.2989e-01ğ›€ E:1.2273e+00V/cm J:9.8244e-01A/cm2 ğ›’:1.2492e+00ğ›€ cm
2023-05-31 11:36:43,942 INFO Measurement at current 0.08819095477386935
2023-05-31 11:36:44,531 INFO T:223.76Â°K V:6.4390e-02V I:8.8191e-02A R:7.3012e-01ğ›€ E:1.2383e+00V/cm J:9.9091e-01A/cm2 ğ›’:1.2496e+00ğ›€ cm
2023-05-31 11:36:44,546 INFO Measurement at current 0.08894472361809044
2023-05-31 11:36:45,146 INFO T:223.77Â°K V:6.4960e-02V I:8.8945e-02A R:7.3034e-01ğ›€ E:1.2492e+00V/cm J:9.9938e-01A/cm2 ğ›’:1.2500e+00ğ›€ cm
2023-05-31 11:36:45,174 INFO Measurement at current 0.08969849246231155
2023-05-31 11:36:45,767 INFO T:223.78Â°K V:6.5531e-02V I:8.9698e-02A R:7.3057e-01ğ›€ E:1.2602e+00V/cm J:1.0078e+00A/cm2 ğ›’:1.2504e+00ğ›€ cm
2023-05-31 11:36:45,789 INFO Measurement at current 0.09045226130653267
2023-05-31 11:36:46,390 INFO T:223.79Â°K V:6.6098e-02V I:9.0452e-02A R:7.3075e-01ğ›€ E:1.2711e+00V/cm J:1.0163e+00A/cm2 ğ›’:1.2507e+00ğ›€ cm
2023-05-31 11:36:46,410 INFO Measurement at current 0.09120603015075376
2023-05-31 11:36:47,017 INFO T:223.81Â°K V:6.6670e-02V I:9.1206e-02A R:7.3098e-01ğ›€ E:1.2821e+00V/cm J:1.0248e+00A/cm2 ğ›’:1.2511e+00ğ›€ cm
2023-05-31 11:36:47,059 INFO Measurement at current 0.09195979899497488
2023-05-31 11:36:47,697 INFO T:223.82Â°K V:6.7243e-02V I:9.1960e-02A R:7.3122e-01ğ›€ E:1.2931e+00V/cm J:1.0333e+00A/cm2 ğ›’:1.2515e+00ğ›€ cm
2023-05-31 11:36:47,712 INFO Measurement at current 0.09271356783919597
2023-05-31 11:36:48,324 INFO T:223.83Â°K V:6.7815e-02V I:9.2714e-02A R:7.3145e-01ğ›€ E:1.3041e+00V/cm J:1.0417e+00A/cm2 ğ›’:1.2519e+00ğ›€ cm
2023-05-31 11:36:48,343 INFO Measurement at current 0.09346733668341708
2023-05-31 11:36:48,957 INFO T:223.84Â°K V:6.8384e-02V I:9.3467e-02A R:7.3164e-01ğ›€ E:1.3151e+00V/cm J:1.0502e+00A/cm2 ğ›’:1.2522e+00ğ›€ cm
2023-05-31 11:36:48,995 INFO Measurement at current 0.09422110552763818
2023-05-31 11:36:49,594 INFO T:223.85Â°K V:6.8958e-02V I:9.4221e-02A R:7.3188e-01ğ›€ E:1.3261e+00V/cm J:1.0587e+00A/cm2 ğ›’:1.2526e+00ğ›€ cm
2023-05-31 11:36:49,612 INFO Measurement at current 0.0949748743718593
2023-05-31 11:36:50,231 INFO T:223.87Â°K V:6.9535e-02V I:9.4975e-02A R:7.3214e-01ğ›€ E:1.3372e+00V/cm J:1.0671e+00A/cm2 ğ›’:1.2531e+00ğ›€ cm
2023-05-31 11:36:50,251 INFO Measurement at current 0.09572864321608039
2023-05-31 11:36:50,847 INFO T:223.88Â°K V:7.0109e-02V I:9.5729e-02A R:7.3237e-01ğ›€ E:1.3483e+00V/cm J:1.0756e+00A/cm2 ğ›’:1.2535e+00ğ›€ cm
2023-05-31 11:36:50,873 INFO Measurement at current 0.0964824120603015
2023-05-31 11:36:51,485 INFO T:223.89Â°K V:7.0681e-02V I:9.6482e-02A R:7.3258e-01ğ›€ E:1.3593e+00V/cm J:1.0841e+00A/cm2 ğ›’:1.2538e+00ğ›€ cm
2023-05-31 11:36:51,519 INFO Measurement at current 0.09723618090452261
2023-05-31 11:36:52,129 INFO T:223.90Â°K V:7.1259e-02V I:9.7236e-02A R:7.3284e-01ğ›€ E:1.3704e+00V/cm J:1.0925e+00A/cm2 ğ›’:1.2543e+00ğ›€ cm
2023-05-31 11:36:52,151 INFO Measurement at current 0.09798994974874371
2023-05-31 11:36:52,763 INFO T:223.92Â°K V:7.1837e-02V I:9.7990e-02A R:7.3310e-01ğ›€ E:1.3815e+00V/cm J:1.1010e+00A/cm2 ğ›’:1.2547e+00ğ›€ cm
2023-05-31 11:36:52,779 INFO Measurement at current 0.09874371859296482
2023-05-31 11:36:53,379 INFO T:223.93Â°K V:7.2414e-02V I:9.8744e-02A R:7.3335e-01ğ›€ E:1.3926e+00V/cm J:1.1095e+00A/cm2 ğ›’:1.2552e+00ğ›€ cm
2023-05-31 11:36:53,403 INFO Measurement at current 0.09949748743718592
2023-05-31 11:36:53,992 INFO T:223.94Â°K V:7.2988e-02V I:9.9497e-02A R:7.3357e-01ğ›€ E:1.4036e+00V/cm J:1.1179e+00A/cm2 ğ›’:1.2555e+00ğ›€ cm
2023-05-31 11:36:54,009 INFO Measurement at current 0.10025125628140703
2023-05-31 11:36:54,605 INFO T:223.95Â°K V:7.3566e-02V I:1.0025e-01A R:7.3382e-01ğ›€ E:1.4147e+00V/cm J:1.1264e+00A/cm2 ğ›’:1.2560e+00ğ›€ cm
2023-05-31 11:36:54,679 INFO Measurement at current 0.10100502512562813
2023-05-31 11:36:55,276 INFO T:223.96Â°K V:7.4148e-02V I:1.0101e-01A R:7.3410e-01ğ›€ E:1.4259e+00V/cm J:1.1349e+00A/cm2 ğ›’:1.2564e+00ğ›€ cm
2023-05-31 11:36:55,295 INFO Measurement at current 0.10175879396984924
2023-05-31 11:36:55,919 INFO T:223.98Â°K V:7.4728e-02V I:1.0176e-01A R:7.3436e-01ğ›€ E:1.4371e+00V/cm J:1.1434e+00A/cm2 ğ›’:1.2569e+00ğ›€ cm
2023-05-31 11:36:55,943 INFO Measurement at current 0.10251256281407034
2023-05-31 11:36:56,531 INFO T:223.99Â°K V:7.5307e-02V I:1.0251e-01A R:7.3461e-01ğ›€ E:1.4482e+00V/cm J:1.1518e+00A/cm2 ğ›’:1.2573e+00ğ›€ cm
2023-05-31 11:36:56,556 INFO Measurement at current 0.10326633165829145
2023-05-31 11:36:57,180 INFO T:224.00Â°K V:7.5883e-02V I:1.0327e-01A R:7.3483e-01ğ›€ E:1.4593e+00V/cm J:1.1603e+00A/cm2 ğ›’:1.2577e+00ğ›€ cm
2023-05-31 11:36:57,217 INFO Measurement at current 0.10402010050251256
2023-05-31 11:36:57,823 INFO T:224.01Â°K V:7.6465e-02V I:1.0402e-01A R:7.3510e-01ğ›€ E:1.4705e+00V/cm J:1.1688e+00A/cm2 ğ›’:1.2581e+00ğ›€ cm
2023-05-31 11:36:57,842 INFO Measurement at current 0.10477386934673366
2023-05-31 11:36:58,432 INFO T:224.02Â°K V:7.7046e-02V I:1.0477e-01A R:7.3536e-01ğ›€ E:1.4817e+00V/cm J:1.1772e+00A/cm2 ğ›’:1.2586e+00ğ›€ cm
2023-05-31 11:36:58,460 INFO Measurement at current 0.10552763819095477
2023-05-31 11:36:59,050 INFO T:224.03Â°K V:7.7694e-02V I:1.0553e-01A R:7.3624e-01ğ›€ E:1.4941e+00V/cm J:1.1857e+00A/cm2 ğ›’:1.2601e+00ğ›€ cm
2023-05-31 11:36:59,076 INFO Measurement at current 0.10628140703517587
2023-05-31 11:36:59,669 INFO T:224.05Â°K V:7.8270e-02V I:1.0628e-01A R:7.3644e-01ğ›€ E:1.5052e+00V/cm J:1.1942e+00A/cm2 ğ›’:1.2604e+00ğ›€ cm
2023-05-31 11:36:59,688 INFO Measurement at current 0.10703517587939698
2023-05-31 11:37:00,294 INFO T:224.06Â°K V:7.8856e-02V I:1.0704e-01A R:7.3673e-01ğ›€ E:1.5165e+00V/cm J:1.2026e+00A/cm2 ğ›’:1.2609e+00ğ›€ cm
2023-05-31 11:37:00,310 INFO Measurement at current 0.10778894472361808
2023-05-31 11:37:00,916 INFO T:224.07Â°K V:7.9426e-02V I:1.0779e-01A R:7.3686e-01ğ›€ E:1.5274e+00V/cm J:1.2111e+00A/cm2 ğ›’:1.2612e+00ğ›€ cm
2023-05-31 11:37:00,935 INFO Measurement at current 0.10854271356783919
2023-05-31 11:37:01,536 INFO T:224.08Â°K V:8.0008e-02V I:1.0854e-01A R:7.3711e-01ğ›€ E:1.5386e+00V/cm J:1.2196e+00A/cm2 ğ›’:1.2616e+00ğ›€ cm
2023-05-31 11:37:01,574 INFO Measurement at current 0.1092964824120603
2023-05-31 11:37:02,199 INFO T:224.09Â°K V:8.0593e-02V I:1.0930e-01A R:7.3738e-01ğ›€ E:1.5499e+00V/cm J:1.2281e+00A/cm2 ğ›’:1.2621e+00ğ›€ cm
2023-05-31 11:37:02,229 INFO Measurement at current 0.1100502512562814
2023-05-31 11:37:02,834 INFO T:224.11Â°K V:8.1173e-02V I:1.1005e-01A R:7.3760e-01ğ›€ E:1.5610e+00V/cm J:1.2365e+00A/cm2 ğ›’:1.2624e+00ğ›€ cm
2023-05-31 11:37:02,855 INFO Measurement at current 0.11080402010050251
2023-05-31 11:37:03,456 INFO T:224.12Â°K V:8.1764e-02V I:1.1080e-01A R:7.3791e-01ğ›€ E:1.5724e+00V/cm J:1.2450e+00A/cm2 ğ›’:1.2630e+00ğ›€ cm
2023-05-31 11:37:03,475 INFO Measurement at current 0.11155778894472361
2023-05-31 11:37:04,070 INFO T:224.13Â°K V:8.2334e-02V I:1.1156e-01A R:7.3804e-01ğ›€ E:1.5833e+00V/cm J:1.2535e+00A/cm2 ğ›’:1.2632e+00ğ›€ cm
2023-05-31 11:37:04,090 INFO Measurement at current 0.11231155778894472
2023-05-31 11:37:04,688 INFO T:224.14Â°K V:8.2913e-02V I:1.1231e-01A R:7.3824e-01ğ›€ E:1.5945e+00V/cm J:1.2619e+00A/cm2 ğ›’:1.2635e+00ğ›€ cm
2023-05-31 11:37:04,704 INFO Measurement at current 0.11306532663316582
2023-05-31 11:37:05,291 INFO T:224.15Â°K V:8.3505e-02V I:1.1307e-01A R:7.3856e-01ğ›€ E:1.6059e+00V/cm J:1.2704e+00A/cm2 ğ›’:1.2641e+00ğ›€ cm
2023-05-31 11:37:05,310 INFO Measurement at current 0.11381909547738693
2023-05-31 11:37:05,896 INFO T:224.16Â°K V:8.4089e-02V I:1.1382e-01A R:7.3879e-01ğ›€ E:1.6171e+00V/cm J:1.2789e+00A/cm2 ğ›’:1.2645e+00ğ›€ cm
2023-05-31 11:37:05,943 INFO Measurement at current 0.11457286432160804
2023-05-31 11:37:06,571 INFO T:224.18Â°K V:8.4679e-02V I:1.1457e-01A R:7.3909e-01ğ›€ E:1.6284e+00V/cm J:1.2873e+00A/cm2 ğ›’:1.2650e+00ğ›€ cm
2023-05-31 11:37:06,589 INFO Measurement at current 0.11532663316582914
2023-05-31 11:37:07,185 INFO T:224.19Â°K V:8.5300e-02V I:1.1533e-01A R:7.3964e-01ğ›€ E:1.6404e+00V/cm J:1.2958e+00A/cm2 ğ›’:1.2659e+00ğ›€ cm
2023-05-31 11:37:07,209 INFO Measurement at current 0.11608040201005025
2023-05-31 11:37:07,806 INFO T:224.20Â°K V:8.5883e-02V I:1.1608e-01A R:7.3985e-01ğ›€ E:1.6516e+00V/cm J:1.3043e+00A/cm2 ğ›’:1.2663e+00ğ›€ cm
2023-05-31 11:37:07,824 INFO Measurement at current 0.11683417085427135
2023-05-31 11:37:08,434 INFO T:224.21Â°K V:8.6480e-02V I:1.1683e-01A R:7.4019e-01ğ›€ E:1.6631e+00V/cm J:1.3127e+00A/cm2 ğ›’:1.2669e+00ğ›€ cm
2023-05-31 11:37:08,451 INFO Measurement at current 0.11758793969849246
2023-05-31 11:37:09,077 INFO T:224.22Â°K V:8.7063e-02V I:1.1759e-01A R:7.4040e-01ğ›€ E:1.6743e+00V/cm J:1.3212e+00A/cm2 ğ›’:1.2672e+00ğ›€ cm
2023-05-31 11:37:09,105 INFO Measurement at current 0.11834170854271356
2023-05-31 11:37:09,729 INFO T:224.23Â°K V:8.7654e-02V I:1.1834e-01A R:7.4069e-01ğ›€ E:1.6857e+00V/cm J:1.3297e+00A/cm2 ğ›’:1.2677e+00ğ›€ cm
2023-05-31 11:37:09,749 INFO Measurement at current 0.11909547738693467
2023-05-31 11:37:10,349 INFO T:224.24Â°K V:8.8239e-02V I:1.1910e-01A R:7.4091e-01ğ›€ E:1.6969e+00V/cm J:1.3382e+00A/cm2 ğ›’:1.2681e+00ğ›€ cm
2023-05-31 11:37:10,368 INFO Measurement at current 0.11984924623115577
2023-05-31 11:37:10,978 INFO T:224.26Â°K V:8.8819e-02V I:1.1985e-01A R:7.4109e-01ğ›€ E:1.7081e+00V/cm J:1.3466e+00A/cm2 ğ›’:1.2684e+00ğ›€ cm
2023-05-31 11:37:10,995 INFO Measurement at current 0.12060301507537688
2023-05-31 11:37:11,603 INFO T:224.27Â°K V:8.9428e-02V I:1.2060e-01A R:7.4150e-01ğ›€ E:1.7198e+00V/cm J:1.3551e+00A/cm2 ğ›’:1.2691e+00ğ›€ cm
2023-05-31 11:37:11,626 INFO Measurement at current 0.12135678391959799
2023-05-31 11:37:12,231 INFO T:224.28Â°K V:9.0014e-02V I:1.2136e-01A R:7.4173e-01ğ›€ E:1.7310e+00V/cm J:1.3636e+00A/cm2 ğ›’:1.2695e+00ğ›€ cm
2023-05-31 11:37:12,247 INFO Measurement at current 0.12211055276381909
2023-05-31 11:37:12,881 INFO T:224.29Â°K V:9.0614e-02V I:1.2211e-01A R:7.4206e-01ğ›€ E:1.7426e+00V/cm J:1.3720e+00A/cm2 ğ›’:1.2701e+00ğ›€ cm
2023-05-31 11:37:12,917 INFO Measurement at current 0.1228643216080402
2023-05-31 11:37:13,509 INFO T:224.30Â°K V:9.1204e-02V I:1.2286e-01A R:7.4231e-01ğ›€ E:1.7539e+00V/cm J:1.3805e+00A/cm2 ğ›’:1.2705e+00ğ›€ cm
2023-05-31 11:37:13,525 INFO Measurement at current 0.1236180904522613
2023-05-31 11:37:14,134 INFO T:224.32Â°K V:9.1797e-02V I:1.2362e-01A R:7.4258e-01ğ›€ E:1.7653e+00V/cm J:1.3890e+00A/cm2 ğ›’:1.2710e+00ğ›€ cm
2023-05-31 11:37:14,165 INFO Measurement at current 0.12437185929648241
2023-05-31 11:37:14,759 INFO T:224.33Â°K V:9.2396e-02V I:1.2437e-01A R:7.4290e-01ğ›€ E:1.7768e+00V/cm J:1.3974e+00A/cm2 ğ›’:1.2715e+00ğ›€ cm
2023-05-31 11:37:14,801 INFO Measurement at current 0.12512562814070352
2023-05-31 11:37:15,407 INFO T:224.34Â°K V:9.3020e-02V I:1.2513e-01A R:7.4341e-01ğ›€ E:1.7888e+00V/cm J:1.4059e+00A/cm2 ğ›’:1.2724e+00ğ›€ cm
2023-05-31 11:37:15,436 INFO Measurement at current 0.12587939698492462
2023-05-31 11:37:16,031 INFO T:224.35Â°K V:9.3628e-02V I:1.2588e-01A R:7.4379e-01ğ›€ E:1.8005e+00V/cm J:1.4144e+00A/cm2 ğ›’:1.2730e+00ğ›€ cm
2023-05-31 11:37:16,046 INFO Measurement at current 0.12663316582914572
2023-05-31 11:37:16,668 INFO T:224.36Â°K V:9.4219e-02V I:1.2663e-01A R:7.4403e-01ğ›€ E:1.8119e+00V/cm J:1.4228e+00A/cm2 ğ›’:1.2734e+00ğ›€ cm
2023-05-31 11:37:16,698 INFO Measurement at current 0.12738693467336684
2023-05-31 11:37:17,296 INFO T:224.38Â°K V:9.4815e-02V I:1.2739e-01A R:7.4430e-01ğ›€ E:1.8234e+00V/cm J:1.4313e+00A/cm2 ğ›’:1.2739e+00ğ›€ cm
2023-05-31 11:37:17,325 INFO Measurement at current 0.12814070351758794
2023-05-31 11:37:17,916 INFO T:224.39Â°K V:9.5425e-02V I:1.2814e-01A R:7.4469e-01ğ›€ E:1.8351e+00V/cm J:1.4398e+00A/cm2 ğ›’:1.2746e+00ğ›€ cm
2023-05-31 11:37:17,940 INFO Measurement at current 0.12889447236180904
2023-05-31 11:37:18,598 INFO T:224.40Â°K V:9.6020e-02V I:1.2889e-01A R:7.4495e-01ğ›€ E:1.8465e+00V/cm J:1.4483e+00A/cm2 ğ›’:1.2750e+00ğ›€ cm
2023-05-31 11:37:18,631 INFO Measurement at current 0.12964824120603013
2023-05-31 11:37:19,223 INFO T:224.41Â°K V:9.6631e-02V I:1.2965e-01A R:7.4534e-01ğ›€ E:1.8583e+00V/cm J:1.4567e+00A/cm2 ğ›’:1.2757e+00ğ›€ cm
2023-05-31 11:37:19,242 INFO Measurement at current 0.13040201005025126
2023-05-31 11:37:19,862 INFO T:224.42Â°K V:9.7226e-02V I:1.3040e-01A R:7.4558e-01ğ›€ E:1.8697e+00V/cm J:1.4652e+00A/cm2 ğ›’:1.2761e+00ğ›€ cm
2023-05-31 11:37:19,880 INFO Measurement at current 0.13115577889447236
2023-05-31 11:37:20,476 INFO T:224.43Â°K V:9.7824e-02V I:1.3116e-01A R:7.4586e-01ğ›€ E:1.8812e+00V/cm J:1.4737e+00A/cm2 ğ›’:1.2766e+00ğ›€ cm
2023-05-31 11:37:20,515 INFO Measurement at current 0.13190954773869346
2023-05-31 11:37:21,111 INFO T:224.45Â°K V:9.8435e-02V I:1.3191e-01A R:7.4623e-01ğ›€ E:1.8930e+00V/cm J:1.4821e+00A/cm2 ğ›’:1.2772e+00ğ›€ cm
2023-05-31 11:37:21,125 INFO Measurement at current 0.13266331658291458
2023-05-31 11:37:21,726 INFO T:224.46Â°K V:9.9027e-02V I:1.3266e-01A R:7.4645e-01ğ›€ E:1.9044e+00V/cm J:1.4906e+00A/cm2 ğ›’:1.2776e+00ğ›€ cm
2023-05-31 11:37:21,746 INFO Measurement at current 0.13341708542713568
2023-05-31 11:37:22,341 INFO T:224.46Â°K V:9.9640e-02V I:1.3342e-01A R:7.4683e-01ğ›€ E:1.9161e+00V/cm J:1.4991e+00A/cm2 ğ›’:1.2782e+00ğ›€ cm
2023-05-31 11:37:22,364 INFO Measurement at current 0.13417085427135678
2023-05-31 11:37:22,980 INFO T:224.47Â°K V:1.0024e-01V I:1.3417e-01A R:7.4711e-01ğ›€ E:1.9277e+00V/cm J:1.5075e+00A/cm2 ğ›’:1.2787e+00ğ›€ cm
2023-05-31 11:37:22,998 INFO Measurement at current 0.13492462311557787
2023-05-31 11:37:23,609 INFO T:224.48Â°K V:1.0084e-01V I:1.3492e-01A R:7.4739e-01ğ›€ E:1.9393e+00V/cm J:1.5160e+00A/cm2 ğ›’:1.2792e+00ğ›€ cm
2023-05-31 11:37:23,626 INFO Measurement at current 0.135678391959799
2023-05-31 11:37:24,240 INFO T:224.49Â°K V:1.0150e-01V I:1.3568e-01A R:7.4808e-01ğ›€ E:1.9519e+00V/cm J:1.5245e+00A/cm2 ğ›’:1.2804e+00ğ›€ cm
2023-05-31 11:37:24,256 INFO Measurement at current 0.1364321608040201
2023-05-31 11:37:24,842 INFO T:224.51Â°K V:1.0210e-01V I:1.3643e-01A R:7.4836e-01ğ›€ E:1.9635e+00V/cm J:1.5329e+00A/cm2 ğ›’:1.2809e+00ğ›€ cm
2023-05-31 11:37:24,864 INFO Measurement at current 0.1371859296482412
2023-05-31 11:37:25,465 INFO T:224.52Â°K V:1.0271e-01V I:1.3719e-01A R:7.4870e-01ğ›€ E:1.9752e+00V/cm J:1.5414e+00A/cm2 ğ›’:1.2814e+00ğ›€ cm
2023-05-31 11:37:25,489 INFO Measurement at current 0.1379396984924623
2023-05-31 11:37:26,092 INFO T:224.53Â°K V:1.0331e-01V I:1.3794e-01A R:7.4897e-01ğ›€ E:1.9868e+00V/cm J:1.5499e+00A/cm2 ğ›’:1.2819e+00ğ›€ cm
2023-05-31 11:37:26,108 INFO Measurement at current 0.13869346733668342
2023-05-31 11:37:26,711 INFO T:224.54Â°K V:1.0392e-01V I:1.3869e-01A R:7.4925e-01ğ›€ E:1.9984e+00V/cm J:1.5584e+00A/cm2 ğ›’:1.2824e+00ğ›€ cm
2023-05-31 11:37:26,747 INFO Measurement at current 0.13944723618090452
2023-05-31 11:37:27,340 INFO T:224.56Â°K V:1.0453e-01V I:1.3945e-01A R:7.4963e-01ğ›€ E:2.0103e+00V/cm J:1.5668e+00A/cm2 ğ›’:1.2830e+00ğ›€ cm
2023-05-31 11:37:27,374 INFO Measurement at current 0.1402010050251256
2023-05-31 11:37:27,971 INFO T:224.57Â°K V:1.0514e-01V I:1.4020e-01A R:7.4993e-01ğ›€ E:2.0219e+00V/cm J:1.5753e+00A/cm2 ğ›’:1.2835e+00ğ›€ cm
2023-05-31 11:37:27,994 INFO Measurement at current 0.14095477386934674
2023-05-31 11:37:28,618 INFO T:224.58Â°K V:1.0576e-01V I:1.4095e-01A R:7.5032e-01ğ›€ E:2.0339e+00V/cm J:1.5838e+00A/cm2 ğ›’:1.2842e+00ğ›€ cm
2023-05-31 11:37:28,653 INFO Measurement at current 0.14170854271356784
2023-05-31 11:37:29,249 INFO T:224.59Â°K V:1.0637e-01V I:1.4171e-01A R:7.5060e-01ğ›€ E:2.0455e+00V/cm J:1.5922e+00A/cm2 ğ›’:1.2847e+00ğ›€ cm
2023-05-31 11:37:29,276 INFO Measurement at current 0.14246231155778893
2023-05-31 11:37:29,869 INFO T:224.61Â°K V:1.0698e-01V I:1.4246e-01A R:7.5092e-01ğ›€ E:2.0573e+00V/cm J:1.6007e+00A/cm2 ğ›’:1.2852e+00ğ›€ cm
2023-05-31 11:37:29,902 INFO Measurement at current 0.14321608040201003
2023-05-31 11:37:30,497 INFO T:224.62Â°K V:1.0759e-01V I:1.4322e-01A R:7.5127e-01ğ›€ E:2.0691e+00V/cm J:1.6092e+00A/cm2 ğ›’:1.2858e+00ğ›€ cm
2023-05-31 11:37:30,528 INFO Measurement at current 0.14396984924623116
2023-05-31 11:37:31,122 INFO T:224.63Â°K V:1.0820e-01V I:1.4397e-01A R:7.5156e-01ğ›€ E:2.0808e+00V/cm J:1.6176e+00A/cm2 ğ›’:1.2863e+00ğ›€ cm
2023-05-31 11:37:31,146 INFO Measurement at current 0.14472361809045226
2023-05-31 11:37:31,737 INFO T:224.64Â°K V:1.0883e-01V I:1.4472e-01A R:7.5200e-01ğ›€ E:2.0929e+00V/cm J:1.6261e+00A/cm2 ğ›’:1.2871e+00ğ›€ cm
2023-05-31 11:37:31,758 INFO Measurement at current 0.14547738693467335
2023-05-31 11:37:32,353 INFO T:224.65Â°K V:1.0948e-01V I:1.4548e-01A R:7.5254e-01ğ›€ E:2.1053e+00V/cm J:1.6346e+00A/cm2 ğ›’:1.2880e+00ğ›€ cm
2023-05-31 11:37:32,366 INFO Measurement at current 0.14623115577889448
2023-05-31 11:37:33,069 INFO T:224.67Â°K V:1.1009e-01V I:1.4623e-01A R:7.5285e-01ğ›€ E:2.1171e+00V/cm J:1.6430e+00A/cm2 ğ›’:1.2885e+00ğ›€ cm
2023-05-31 11:37:33,099 INFO Measurement at current 0.14698492462311558
2023-05-31 11:37:33,689 INFO T:224.68Â°K V:1.1072e-01V I:1.4698e-01A R:7.5327e-01ğ›€ E:2.1292e+00V/cm J:1.6515e+00A/cm2 ğ›’:1.2892e+00ğ›€ cm
2023-05-31 11:37:33,720 INFO Measurement at current 0.14773869346733667
2023-05-31 11:37:34,316 INFO T:224.69Â°K V:1.1134e-01V I:1.4774e-01A R:7.5362e-01ğ›€ E:2.1411e+00V/cm J:1.6600e+00A/cm2 ğ›’:1.2899e+00ğ›€ cm
2023-05-31 11:37:34,343 INFO Measurement at current 0.14849246231155777
2023-05-31 11:37:34,938 INFO T:224.70Â°K V:1.1197e-01V I:1.4849e-01A R:7.5402e-01ğ›€ E:2.1532e+00V/cm J:1.6685e+00A/cm2 ğ›’:1.2905e+00ğ›€ cm
2023-05-31 11:37:34,959 INFO Measurement at current 0.1492462311557789
2023-05-31 11:37:35,565 INFO T:224.71Â°K V:1.1258e-01V I:1.4925e-01A R:7.5434e-01ğ›€ E:2.1650e+00V/cm J:1.6769e+00A/cm2 ğ›’:1.2911e+00ğ›€ cm
2023-05-31 11:37:35,600 INFO Measurement at current 0.15
2023-05-31 11:37:36,195 INFO T:224.73Â°K V:1.1319e-01V I:1.5000e-01A R:7.5462e-01ğ›€ E:2.1768e+00V/cm J:1.6854e+00A/cm2 ğ›’:1.2916e+00ğ›€ cm
2023-05-31 11:39:38,502 INFO Save the description file
2023-05-31 11:39:38,512 INFO Save data in numpy format Esperimenti/CPRO_MUSA_310523_I_V/CPRO_MUSA_310523_I_V_current_from_0_to_1500e-4A/CPRO_MUSA_310523_I_V_current_from_0_to_1500e-4A-20230531113937
2023-05-31 11:39:38,548 INFO Save data in CSV format Esperimenti/CPRO_MUSA_310523_I_V/CPRO_MUSA_310523_I_V_current_from_0_to_1500e-4A/CPRO_MUSA_310523_I_V_current_from_0_to_1500e-4A-20230531113937.csv
2023-05-31 11:39:38,575 INFO Save plot as image Esperimenti/CPRO_MUSA_310523_I_V/CPRO_MUSA_310523_I_V_current_from_0_to_1500e-4A/CPRO_MUSA_310523_I_V_current_from_0_to_1500e-4A-20230531113937.png
