2022-04-01 11:13:25,062 INFO ### Start experiment: CA12X2_C3 current from 10e-6 to 12e-6A ###
2022-04-01 11:13:26,410 INFO Found Multimeter KEITHLEY INSTRUMENTS INC.,MODEL 2700,0884890,B03  /A02  

2022-04-01 11:13:27,436 INFO Found Nanovolt Meter KEITHLEY INSTRUMENTS INC.,MODEL 2182A,4056474,C03  /A02  

2022-04-01 11:13:27,544 INFO Found Source Meter KEITHLEY INSTRUMENTS INC.,MODEL 6220,1315485,A05  /700x 

2022-04-01 11:13:27,642 INFO Start the measurement loop
2022-04-01 11:13:31,300 INFO Measurement at current 1e-05
2022-04-01 11:13:32,209 WARNING Voltage reading differ > 1V: current value is 11.2772363V previous 0.0V temperature 105.59004952771919Â°K current 1e-05A
2022-04-01 11:13:38,593 INFO T:105.58Â°K V:1.1271e+01V I:1.0000e-05A R:1.1271e+06ğ›€ E:2.3940e+02Vcm J:1.5326e-04A/cm2 ğ›’:1.5621e+06ğ›€cm
2022-04-01 11:13:38,614 INFO Measurement at current 1.0083333333333334e-05
2022-04-01 11:13:45,799 INFO T:105.56Â°K V:1.1329e+01V I:1.0083e-05A R:1.1235e+06ğ›€ E:2.4063e+02Vcm J:1.5453e-04A/cm2 ğ›’:1.5571e+06ğ›€cm
2022-04-01 11:13:45,820 INFO Measurement at current 1.0166666666666667e-05
2022-04-01 11:13:52,833 INFO T:105.54Â°K V:1.1416e+01V I:1.0167e-05A R:1.1229e+06ğ›€ E:2.4248e+02Vcm J:1.5581e-04A/cm2 ğ›’:1.5563e+06ğ›€cm
2022-04-01 11:13:52,847 INFO Measurement at current 1.025e-05
2022-04-01 11:13:59,903 INFO T:105.52Â°K V:1.1504e+01V I:1.0250e-05A R:1.1223e+06ğ›€ E:2.4434e+02Vcm J:1.5709e-04A/cm2 ğ›’:1.5554e+06ğ›€cm
2022-04-01 11:13:59,920 INFO Measurement at current 1.0333333333333335e-05
2022-04-01 11:14:07,237 INFO T:105.50Â°K V:1.1595e+01V I:1.0333e-05A R:1.1221e+06ğ›€ E:2.4628e+02Vcm J:1.5837e-04A/cm2 ğ›’:1.5551e+06ğ›€cm
2022-04-01 11:14:07,265 INFO Measurement at current 1.0416666666666668e-05
2022-04-01 11:14:14,307 INFO T:105.47Â°K V:1.1684e+01V I:1.0417e-05A R:1.1216e+06ğ›€ E:2.4817e+02Vcm J:1.5964e-04A/cm2 ğ›’:1.5545e+06ğ›€cm
2022-04-01 11:14:14,319 INFO Measurement at current 1.0500000000000001e-05
2022-04-01 11:14:21,297 INFO T:105.45Â°K V:1.1774e+01V I:1.0500e-05A R:1.1213e+06ğ›€ E:2.5008e+02Vcm J:1.6092e-04A/cm2 ğ›’:1.5541e+06ğ›€cm
2022-04-01 11:14:21,314 INFO Measurement at current 1.0583333333333334e-05
2022-04-01 11:14:28,274 INFO T:105.44Â°K V:1.1868e+01V I:1.0583e-05A R:1.1213e+06ğ›€ E:2.5207e+02Vcm J:1.6220e-04A/cm2 ğ›’:1.5541e+06ğ›€cm
2022-04-01 11:14:28,299 INFO Measurement at current 1.0666666666666667e-05
2022-04-01 11:14:35,373 INFO T:105.41Â°K V:1.1958e+01V I:1.0667e-05A R:1.1210e+06ğ›€ E:2.5399e+02Vcm J:1.6347e-04A/cm2 ğ›’:1.5537e+06ğ›€cm
2022-04-01 11:14:35,388 INFO Measurement at current 1.075e-05
2022-04-01 11:14:36,306 WARNING Voltage reading differ > 1V: current value is 10.954672V previous 11.9636234V temperature 105.404844182663Â°K current 1.075e-05A
2022-04-01 11:14:41,790 INFO T:105.40Â°K V:1.0962e+01V I:1.0750e-05A R:1.0197e+06ğ›€ E:2.3283e+02Vcm J:1.6475e-04A/cm2 ğ›’:1.4133e+06ğ›€cm
2022-04-01 11:14:41,818 INFO Measurement at current 1.0833333333333334e-05
2022-04-01 11:14:47,754 INFO T:105.38Â°K V:1.1047e+01V I:1.0833e-05A R:1.0198e+06ğ›€ E:2.3465e+02Vcm J:1.6603e-04A/cm2 ğ›’:1.4133e+06ğ›€cm
2022-04-01 11:14:47,771 INFO Measurement at current 1.0916666666666667e-05
2022-04-01 11:14:53,797 INFO T:105.36Â°K V:1.1131e+01V I:1.0917e-05A R:1.0197e+06ğ›€ E:2.3644e+02Vcm J:1.6731e-04A/cm2 ğ›’:1.4132e+06ğ›€cm
2022-04-01 11:14:53,813 INFO Measurement at current 1.1e-05
2022-04-01 11:14:59,778 INFO T:105.35Â°K V:1.1212e+01V I:1.1000e-05A R:1.0193e+06ğ›€ E:2.3815e+02Vcm J:1.6858e-04A/cm2 ğ›’:1.4127e+06ğ›€cm
2022-04-01 11:14:59,798 INFO Measurement at current 1.1083333333333335e-05
2022-04-01 11:15:05,782 INFO T:105.33Â°K V:1.1293e+01V I:1.1083e-05A R:1.0189e+06ğ›€ E:2.3987e+02Vcm J:1.6986e-04A/cm2 ğ›’:1.4121e+06ğ›€cm
2022-04-01 11:15:05,797 INFO Measurement at current 1.1166666666666668e-05
2022-04-01 11:15:11,711 INFO T:105.31Â°K V:1.1372e+01V I:1.1167e-05A R:1.0184e+06ğ›€ E:2.4154e+02Vcm J:1.7114e-04A/cm2 ğ›’:1.4114e+06ğ›€cm
2022-04-01 11:15:11,730 INFO Measurement at current 1.125e-05
2022-04-01 11:15:17,734 INFO T:105.30Â°K V:1.1454e+01V I:1.1250e-05A R:1.0181e+06ğ›€ E:2.4328e+02Vcm J:1.7241e-04A/cm2 ğ›’:1.4110e+06ğ›€cm
2022-04-01 11:15:17,752 INFO Measurement at current 1.1333333333333334e-05
2022-04-01 11:15:23,640 INFO T:105.28Â°K V:1.1536e+01V I:1.1333e-05A R:1.0179e+06ğ›€ E:2.4503e+02Vcm J:1.7369e-04A/cm2 ğ›’:1.4107e+06ğ›€cm
2022-04-01 11:15:23,667 INFO Measurement at current 1.1416666666666667e-05
2022-04-01 11:15:29,622 INFO T:105.27Â°K V:1.1617e+01V I:1.1417e-05A R:1.0175e+06ğ›€ E:2.4675e+02Vcm J:1.7497e-04A/cm2 ğ›’:1.4103e+06ğ›€cm
2022-04-01 11:15:29,640 INFO Measurement at current 1.15e-05
2022-04-01 11:15:35,566 INFO T:105.25Â°K V:1.1699e+01V I:1.1500e-05A R:1.0173e+06ğ›€ E:2.4849e+02Vcm J:1.7625e-04A/cm2 ğ›’:1.4099e+06ğ›€cm
2022-04-01 11:15:35,599 INFO Measurement at current 1.1583333333333333e-05
2022-04-01 11:15:41,575 INFO T:105.24Â°K V:1.1777e+01V I:1.1583e-05A R:1.0167e+06ğ›€ E:2.5014e+02Vcm J:1.7752e-04A/cm2 ğ›’:1.4091e+06ğ›€cm
2022-04-01 11:15:41,605 INFO Measurement at current 1.1666666666666668e-05
2022-04-01 11:15:47,570 INFO T:105.22Â°K V:1.1859e+01V I:1.1667e-05A R:1.0165e+06ğ›€ E:2.5190e+02Vcm J:1.7880e-04A/cm2 ğ›’:1.4088e+06ğ›€cm
2022-04-01 11:15:47,590 INFO Measurement at current 1.1750000000000001e-05
2022-04-01 11:15:53,581 INFO T:105.20Â°K V:1.1940e+01V I:1.1750e-05A R:1.0162e+06ğ›€ E:2.5362e+02Vcm J:1.8008e-04A/cm2 ğ›’:1.4084e+06ğ›€cm
2022-04-01 11:15:53,616 INFO Measurement at current 1.1833333333333334e-05
2022-04-01 11:15:59,606 INFO T:105.19Â°K V:1.2021e+01V I:1.1833e-05A R:1.0158e+06ğ›€ E:2.5533e+02Vcm J:1.8135e-04A/cm2 ğ›’:1.4079e+06ğ›€cm
2022-04-01 11:15:59,634 INFO Measurement at current 1.1916666666666667e-05
2022-04-01 11:16:05,674 INFO T:105.17Â°K V:1.2101e+01V I:1.1917e-05A R:1.0155e+06ğ›€ E:2.5704e+02Vcm J:1.8263e-04A/cm2 ğ›’:1.4074e+06ğ›€cm
2022-04-01 11:16:05,726 INFO Measurement at current 1.2e-05
2022-04-01 11:16:11,795 INFO T:105.16Â°K V:1.2182e+01V I:1.2000e-05A R:1.0152e+06ğ›€ E:2.5876e+02Vcm J:1.8391e-04A/cm2 ğ›’:1.4070e+06ğ›€cm
2022-04-01 11:16:20,768 INFO Save the description file
2022-04-01 11:16:20,771 INFO Save data in numpy format CA12X2_C3/CA12X2_C3_current_from_10e-6_to_12e-6A/CA12X2_C3_current_from_10e-6_to_12e-6A-20220401111618
2022-04-01 11:16:20,779 INFO Save data in CSV format CA12X2_C3/CA12X2_C3_current_from_10e-6_to_12e-6A/CA12X2_C3_current_from_10e-6_to_12e-6A-20220401111618.csv
2022-04-01 11:16:20,790 INFO Save plot as image CA12X2_C3/CA12X2_C3_current_from_10e-6_to_12e-6A/CA12X2_C3_current_from_10e-6_to_12e-6A-20220401111618.png
