2023-03-23 12:28:15,844 INFO ### Start experiment: CPRO_MUSA_230323_bis current from 0 to 30e-4A ###
2023-03-23 12:28:17,206 INFO Found Multimeter KEITHLEY INSTRUMENTS INC.,MODEL 2700,0884890,B03  /A02  

2023-03-23 12:28:18,219 INFO Found Nanovolt Meter KEITHLEY INSTRUMENTS INC.,MODEL 2182A,4056474,C03  /A02  

2023-03-23 12:28:18,300 INFO Found Source Meter KEITHLEY INSTRUMENTS INC.,MODEL 2400,0945684,C24   Feb 14 2002 11:59:45/A02  /K/H

2023-03-23 12:28:18,390 INFO Start the measurement loop
2023-03-23 12:28:34,780 INFO Measurement at current 0.0
2023-03-23 12:28:35,706 INFO T:294.32Â°K V:4.8460e-06V I:0.0000e+00A R:infğ›€ E:1.4957e-04V/cm J:0.0000e+00A/cm2 ğ›’:infğ›€ cm
2023-03-23 12:28:35,733 INFO Measurement at current 1.507537688442211e-05
2023-03-23 12:28:36,332 INFO T:294.32Â°K V:2.2689e-04V I:1.5075e-05A R:1.5051e+01ğ›€ E:7.0029e-03V/cm J:6.5975e-04A/cm2 ğ›’:1.0614e+01ğ›€ cm
2023-03-23 12:28:36,353 INFO Measurement at current 3.015075376884422e-05
2023-03-23 12:28:36,973 INFO T:294.32Â°K V:4.4894e-04V I:3.0151e-05A R:1.4890e+01ğ›€ E:1.3856e-02V/cm J:1.3195e-03A/cm2 ğ›’:1.0501e+01ğ›€ cm
2023-03-23 12:28:37,002 INFO Measurement at current 4.522613065326633e-05
2023-03-23 12:28:37,625 INFO T:294.32Â°K V:6.7102e-04V I:4.5226e-05A R:1.4837e+01ğ›€ E:2.0711e-02V/cm J:1.9793e-03A/cm2 ğ›’:1.0464e+01ğ›€ cm
2023-03-23 12:28:37,653 INFO Measurement at current 6.030150753768844e-05
2023-03-23 12:28:38,259 INFO T:294.32Â°K V:8.9312e-04V I:6.0302e-05A R:1.4811e+01ğ›€ E:2.7565e-02V/cm J:2.6390e-03A/cm2 ğ›’:1.0445e+01ğ›€ cm
2023-03-23 12:28:38,277 INFO Measurement at current 7.537688442211056e-05
2023-03-23 12:28:38,891 INFO T:294.32Â°K V:1.1151e-03V I:7.5377e-05A R:1.4794e+01ğ›€ E:3.4417e-02V/cm J:3.2988e-03A/cm2 ğ›’:1.0433e+01ğ›€ cm
2023-03-23 12:28:38,912 INFO Measurement at current 9.045226130653267e-05
2023-03-23 12:28:39,525 INFO T:294.32Â°K V:1.3371e-03V I:9.0452e-05A R:1.4782e+01ğ›€ E:4.1268e-02V/cm J:3.9585e-03A/cm2 ğ›’:1.0425e+01ğ›€ cm
2023-03-23 12:28:39,546 INFO Measurement at current 0.00010552763819095478
2023-03-23 12:28:40,147 INFO T:294.32Â°K V:1.5597e-03V I:1.0553e-04A R:1.4780e+01ğ›€ E:4.8138e-02V/cm J:4.6183e-03A/cm2 ğ›’:1.0423e+01ğ›€ cm
2023-03-23 12:28:40,181 INFO Measurement at current 0.00012060301507537688
2023-03-23 12:28:40,805 INFO T:294.32Â°K V:1.7813e-03V I:1.2060e-04A R:1.4770e+01ğ›€ E:5.4980e-02V/cm J:5.2780e-03A/cm2 ğ›’:1.0417e+01ğ›€ cm
2023-03-23 12:28:40,846 INFO Measurement at current 0.000135678391959799
2023-03-23 12:28:41,463 INFO T:294.32Â°K V:2.0036e-03V I:1.3568e-04A R:1.4767e+01ğ›€ E:6.1838e-02V/cm J:5.9378e-03A/cm2 ğ›’:1.0414e+01ğ›€ cm
2023-03-23 12:28:41,487 INFO Measurement at current 0.00015075376884422112
2023-03-23 12:28:42,086 INFO T:294.32Â°K V:2.2255e-03V I:1.5075e-04A R:1.4762e+01ğ›€ E:6.8687e-02V/cm J:6.5975e-03A/cm2 ğ›’:1.0411e+01ğ›€ cm
2023-03-23 12:28:42,122 INFO Measurement at current 0.00016582914572864322
2023-03-23 12:28:42,722 INFO T:294.32Â°K V:2.4481e-03V I:1.6583e-04A R:1.4763e+01ğ›€ E:7.5557e-02V/cm J:7.2573e-03A/cm2 ğ›’:1.0411e+01ğ›€ cm
2023-03-23 12:28:42,746 INFO Measurement at current 0.00018090452261306533
2023-03-23 12:28:43,361 INFO T:294.32Â°K V:2.6697e-03V I:1.8090e-04A R:1.4758e+01ğ›€ E:8.2398e-02V/cm J:7.9170e-03A/cm2 ğ›’:1.0408e+01ğ›€ cm
2023-03-23 12:28:43,385 INFO Measurement at current 0.00019597989949748744
2023-03-23 12:28:43,987 INFO T:294.32Â°K V:2.8923e-03V I:1.9598e-04A R:1.4758e+01ğ›€ E:8.9268e-02V/cm J:8.5768e-03A/cm2 ğ›’:1.0408e+01ğ›€ cm
2023-03-23 12:28:44,055 INFO Measurement at current 0.00021105527638190955
2023-03-23 12:28:44,680 INFO T:294.32Â°K V:3.1138e-03V I:2.1106e-04A R:1.4754e+01ğ›€ E:9.6106e-02V/cm J:9.2366e-03A/cm2 ğ›’:1.0405e+01ğ›€ cm
2023-03-23 12:28:44,701 INFO Measurement at current 0.00022613065326633166
2023-03-23 12:28:45,313 INFO T:294.32Â°K V:3.3362e-03V I:2.2613e-04A R:1.4754e+01ğ›€ E:1.0297e-01V/cm J:9.8963e-03A/cm2 ğ›’:1.0405e+01ğ›€ cm
2023-03-23 12:28:45,338 INFO Measurement at current 0.00024120603015075377
2023-03-23 12:28:45,930 INFO T:294.32Â°K V:3.5579e-03V I:2.4121e-04A R:1.4750e+01ğ›€ E:1.0981e-01V/cm J:1.0556e-02A/cm2 ğ›’:1.0403e+01ğ›€ cm
2023-03-23 12:28:45,947 INFO Measurement at current 0.0002562814070351759
2023-03-23 12:28:46,542 INFO T:294.32Â°K V:3.7800e-03V I:2.5628e-04A R:1.4749e+01ğ›€ E:1.1667e-01V/cm J:1.1216e-02A/cm2 ğ›’:1.0402e+01ğ›€ cm
2023-03-23 12:28:46,559 INFO Measurement at current 0.000271356783919598
2023-03-23 12:28:47,172 INFO T:294.32Â°K V:4.0016e-03V I:2.7136e-04A R:1.4747e+01ğ›€ E:1.2351e-01V/cm J:1.1876e-02A/cm2 ğ›’:1.0400e+01ğ›€ cm
2023-03-23 12:28:47,188 INFO Measurement at current 0.0002864321608040201
2023-03-23 12:28:47,781 INFO T:294.32Â°K V:4.2243e-03V I:2.8643e-04A R:1.4748e+01ğ›€ E:1.3038e-01V/cm J:1.2535e-02A/cm2 ğ›’:1.0401e+01ğ›€ cm
2023-03-23 12:28:47,809 INFO Measurement at current 0.00030150753768844223
2023-03-23 12:28:48,411 INFO T:294.32Â°K V:4.4460e-03V I:3.0151e-04A R:1.4746e+01ğ›€ E:1.3722e-01V/cm J:1.3195e-02A/cm2 ğ›’:1.0399e+01ğ›€ cm
2023-03-23 12:28:48,447 INFO Measurement at current 0.0003165829145728643
2023-03-23 12:28:49,046 INFO T:294.32Â°K V:4.6687e-03V I:3.1658e-04A R:1.4747e+01ğ›€ E:1.4409e-01V/cm J:1.3855e-02A/cm2 ğ›’:1.0400e+01ğ›€ cm
2023-03-23 12:28:49,079 INFO Measurement at current 0.00033165829145728645
2023-03-23 12:28:49,706 INFO T:294.32Â°K V:4.8902e-03V I:3.3166e-04A R:1.4745e+01ğ›€ E:1.5093e-01V/cm J:1.4515e-02A/cm2 ğ›’:1.0399e+01ğ›€ cm
2023-03-23 12:28:49,725 INFO Measurement at current 0.00034673366834170853
2023-03-23 12:28:50,344 INFO T:294.32Â°K V:5.1127e-03V I:3.4673e-04A R:1.4745e+01ğ›€ E:1.5780e-01V/cm J:1.5174e-02A/cm2 ğ›’:1.0399e+01ğ›€ cm
2023-03-23 12:28:50,375 INFO Measurement at current 0.00036180904522613067
2023-03-23 12:28:50,970 INFO T:294.32Â°K V:5.3345e-03V I:3.6181e-04A R:1.4744e+01ğ›€ E:1.6464e-01V/cm J:1.5834e-02A/cm2 ğ›’:1.0398e+01ğ›€ cm
2023-03-23 12:28:50,992 INFO Measurement at current 0.00037688442211055275
2023-03-23 12:28:51,604 INFO T:294.32Â°K V:5.5566e-03V I:3.7688e-04A R:1.4744e+01ğ›€ E:1.7150e-01V/cm J:1.6494e-02A/cm2 ğ›’:1.0398e+01ğ›€ cm
2023-03-23 12:28:51,622 INFO Measurement at current 0.0003919597989949749
2023-03-23 12:28:52,214 INFO T:294.32Â°K V:5.7783e-03V I:3.9196e-04A R:1.4742e+01ğ›€ E:1.7834e-01V/cm J:1.7154e-02A/cm2 ğ›’:1.0397e+01ğ›€ cm
2023-03-23 12:28:52,231 INFO Measurement at current 0.00040703517587939697
2023-03-23 12:28:52,822 INFO T:294.32Â°K V:6.0008e-03V I:4.0704e-04A R:1.4743e+01ğ›€ E:1.8521e-01V/cm J:1.7813e-02A/cm2 ğ›’:1.0397e+01ğ›€ cm
2023-03-23 12:28:52,839 INFO Measurement at current 0.0004221105527638191
2023-03-23 12:28:53,460 INFO T:294.32Â°K V:6.2225e-03V I:4.2211e-04A R:1.4741e+01ğ›€ E:1.9205e-01V/cm J:1.8473e-02A/cm2 ğ›’:1.0396e+01ğ›€ cm
2023-03-23 12:28:53,480 INFO Measurement at current 0.0004371859296482412
2023-03-23 12:28:54,085 INFO T:294.32Â°K V:6.4452e-03V I:4.3719e-04A R:1.4742e+01ğ›€ E:1.9893e-01V/cm J:1.9133e-02A/cm2 ğ›’:1.0397e+01ğ›€ cm
2023-03-23 12:28:54,115 INFO Measurement at current 0.0004522613065326633
2023-03-23 12:28:54,736 INFO T:294.32Â°K V:6.6670e-03V I:4.5226e-04A R:1.4741e+01ğ›€ E:2.0577e-01V/cm J:1.9793e-02A/cm2 ğ›’:1.0396e+01ğ›€ cm
2023-03-23 12:28:54,767 INFO Measurement at current 0.0004673366834170854
2023-03-23 12:28:55,368 INFO T:294.32Â°K V:6.8896e-03V I:4.6734e-04A R:1.4742e+01ğ›€ E:2.1264e-01V/cm J:2.0452e-02A/cm2 ğ›’:1.0397e+01ğ›€ cm
2023-03-23 12:28:55,399 INFO Measurement at current 0.00048241206030150754
2023-03-23 12:28:55,999 INFO T:294.32Â°K V:7.1115e-03V I:4.8241e-04A R:1.4742e+01ğ›€ E:2.1949e-01V/cm J:2.1112e-02A/cm2 ğ›’:1.0396e+01ğ›€ cm
2023-03-23 12:28:56,023 INFO Measurement at current 0.0004974874371859296
2023-03-23 12:28:56,665 INFO T:294.32Â°K V:7.3336e-03V I:4.9749e-04A R:1.4741e+01ğ›€ E:2.2635e-01V/cm J:2.1772e-02A/cm2 ğ›’:1.0396e+01ğ›€ cm
2023-03-23 12:28:56,684 INFO Measurement at current 0.0005125628140703518
2023-03-23 12:28:57,304 INFO T:294.32Â°K V:7.5554e-03V I:5.1256e-04A R:1.4740e+01ğ›€ E:2.3319e-01V/cm J:2.2432e-02A/cm2 ğ›’:1.0396e+01ğ›€ cm
2023-03-23 12:28:57,322 INFO Measurement at current 0.0005276381909547739
2023-03-23 12:28:57,926 INFO T:294.32Â°K V:7.7777e-03V I:5.2764e-04A R:1.4741e+01ğ›€ E:2.4005e-01V/cm J:2.3091e-02A/cm2 ğ›’:1.0396e+01ğ›€ cm
2023-03-23 12:28:57,949 INFO Measurement at current 0.000542713567839196
2023-03-23 12:28:58,545 INFO T:294.31Â°K V:7.9994e-03V I:5.4271e-04A R:1.4740e+01ğ›€ E:2.4689e-01V/cm J:2.3751e-02A/cm2 ğ›’:1.0395e+01ğ›€ cm
2023-03-23 12:28:58,564 INFO Measurement at current 0.000557788944723618
2023-03-23 12:28:59,171 INFO T:294.31Â°K V:8.2220e-03V I:5.5779e-04A R:1.4740e+01ğ›€ E:2.5376e-01V/cm J:2.4411e-02A/cm2 ğ›’:1.0396e+01ğ›€ cm
2023-03-23 12:28:59,203 INFO Measurement at current 0.0005728643216080402
2023-03-23 12:28:59,838 INFO T:294.31Â°K V:8.4436e-03V I:5.7286e-04A R:1.4739e+01ğ›€ E:2.6061e-01V/cm J:2.5071e-02A/cm2 ğ›’:1.0395e+01ğ›€ cm
2023-03-23 12:28:59,860 INFO Measurement at current 0.0005879396984924623
2023-03-23 12:29:00,463 INFO T:294.31Â°K V:8.6664e-03V I:5.8794e-04A R:1.4740e+01ğ›€ E:2.6748e-01V/cm J:2.5730e-02A/cm2 ğ›’:1.0396e+01ğ›€ cm
2023-03-23 12:29:00,483 INFO Measurement at current 0.0006030150753768845
2023-03-23 12:29:01,098 INFO T:294.31Â°K V:8.8883e-03V I:6.0302e-04A R:1.4740e+01ğ›€ E:2.7433e-01V/cm J:2.6390e-02A/cm2 ğ›’:1.0395e+01ğ›€ cm
2023-03-23 12:29:01,133 INFO Measurement at current 0.0006180904522613065
2023-03-23 12:29:01,748 INFO T:294.31Â°K V:9.1105e-03V I:6.1809e-04A R:1.4740e+01ğ›€ E:2.8119e-01V/cm J:2.7050e-02A/cm2 ğ›’:1.0395e+01ğ›€ cm
2023-03-23 12:29:01,768 INFO Measurement at current 0.0006331658291457286
2023-03-23 12:29:02,369 INFO T:294.31Â°K V:9.3321e-03V I:6.3317e-04A R:1.4739e+01ğ›€ E:2.8803e-01V/cm J:2.7710e-02A/cm2 ğ›’:1.0394e+01ğ›€ cm
2023-03-23 12:29:02,390 INFO Measurement at current 0.0006482412060301508
2023-03-23 12:29:03,005 INFO T:294.31Â°K V:9.5544e-03V I:6.4824e-04A R:1.4739e+01ğ›€ E:2.9489e-01V/cm J:2.8369e-02A/cm2 ğ›’:1.0395e+01ğ›€ cm
2023-03-23 12:29:03,024 INFO Measurement at current 0.0006633165829145729
2023-03-23 12:29:03,636 INFO T:294.31Â°K V:9.7759e-03V I:6.6332e-04A R:1.4738e+01ğ›€ E:3.0172e-01V/cm J:2.9029e-02A/cm2 ğ›’:1.0394e+01ğ›€ cm
2023-03-23 12:29:03,672 INFO Measurement at current 0.0006783919597989949
2023-03-23 12:29:04,269 INFO T:294.31Â°K V:9.9983e-03V I:6.7839e-04A R:1.4738e+01ğ›€ E:3.0859e-01V/cm J:2.9689e-02A/cm2 ğ›’:1.0394e+01ğ›€ cm
2023-03-23 12:29:04,296 INFO Measurement at current 0.0006934673366834171
2023-03-23 12:29:04,914 INFO T:294.31Â°K V:1.0220e-02V I:6.9347e-04A R:1.4738e+01ğ›€ E:3.1544e-01V/cm J:3.0349e-02A/cm2 ğ›’:1.0394e+01ğ›€ cm
2023-03-23 12:29:04,941 INFO Measurement at current 0.0007085427135678392
2023-03-23 12:29:05,560 INFO T:294.31Â°K V:1.0443e-02V I:7.0854e-04A R:1.4738e+01ğ›€ E:3.2230e-01V/cm J:3.1008e-02A/cm2 ğ›’:1.0394e+01ğ›€ cm
2023-03-23 12:29:05,581 INFO Measurement at current 0.0007236180904522613
2023-03-23 12:29:06,186 INFO T:294.31Â°K V:1.0665e-02V I:7.2362e-04A R:1.4738e+01ğ›€ E:3.2916e-01V/cm J:3.1668e-02A/cm2 ğ›’:1.0394e+01ğ›€ cm
2023-03-23 12:29:06,207 INFO Measurement at current 0.0007386934673366835
2023-03-23 12:29:06,820 INFO T:294.31Â°K V:1.0887e-02V I:7.3869e-04A R:1.4738e+01ğ›€ E:3.3602e-01V/cm J:3.2328e-02A/cm2 ğ›’:1.0394e+01ğ›€ cm
2023-03-23 12:29:06,841 INFO Measurement at current 0.0007537688442211055
2023-03-23 12:29:07,450 INFO T:294.31Â°K V:1.1109e-02V I:7.5377e-04A R:1.4737e+01ğ›€ E:3.4286e-01V/cm J:3.2988e-02A/cm2 ğ›’:1.0394e+01ğ›€ cm
2023-03-23 12:29:07,469 INFO Measurement at current 0.0007688442211055276
2023-03-23 12:29:08,079 INFO T:294.31Â°K V:1.1331e-02V I:7.6884e-04A R:1.4738e+01ğ›€ E:3.4972e-01V/cm J:3.3647e-02A/cm2 ğ›’:1.0394e+01ğ›€ cm
2023-03-23 12:29:08,103 INFO Measurement at current 0.0007839195979899498
2023-03-23 12:29:08,703 INFO T:294.31Â°K V:1.1552e-02V I:7.8392e-04A R:1.4737e+01ğ›€ E:3.5655e-01V/cm J:3.4307e-02A/cm2 ğ›’:1.0393e+01ğ›€ cm
2023-03-23 12:29:08,721 INFO Measurement at current 0.0007989949748743719
2023-03-23 12:29:09,316 INFO T:294.31Â°K V:1.1775e-02V I:7.9899e-04A R:1.4737e+01ğ›€ E:3.6342e-01V/cm J:3.4967e-02A/cm2 ğ›’:1.0393e+01ğ›€ cm
2023-03-23 12:29:09,350 INFO Measurement at current 0.0008140703517587939
2023-03-23 12:29:09,946 INFO T:294.31Â°K V:1.1996e-02V I:8.1407e-04A R:1.4736e+01ğ›€ E:3.7026e-01V/cm J:3.5627e-02A/cm2 ğ›’:1.0393e+01ğ›€ cm
2023-03-23 12:29:09,971 INFO Measurement at current 0.0008291457286432161
2023-03-23 12:29:11,409 INFO T:294.31Â°K V:1.2216e-02V I:8.2915e-04A R:1.4734e+01ğ›€ E:3.7705e-01V/cm J:3.6286e-02A/cm2 ğ›’:1.0391e+01ğ›€ cm
2023-03-23 12:29:11,433 INFO Measurement at current 0.0008442211055276382
2023-03-23 12:29:12,042 INFO T:294.31Â°K V:1.2438e-02V I:8.4422e-04A R:1.4733e+01ğ›€ E:3.8390e-01V/cm J:3.6946e-02A/cm2 ğ›’:1.0391e+01ğ›€ cm
2023-03-23 12:29:12,062 INFO Measurement at current 0.0008592964824120603
2023-03-23 12:29:12,663 INFO T:294.31Â°K V:1.2660e-02V I:8.5930e-04A R:1.4733e+01ğ›€ E:3.9075e-01V/cm J:3.7606e-02A/cm2 ğ›’:1.0391e+01ğ›€ cm
2023-03-23 12:29:12,684 INFO Measurement at current 0.0008743718592964824
2023-03-23 12:29:13,296 INFO T:294.31Â°K V:1.2882e-02V I:8.7437e-04A R:1.4733e+01ğ›€ E:3.9760e-01V/cm J:3.8266e-02A/cm2 ğ›’:1.0391e+01ğ›€ cm
2023-03-23 12:29:13,317 INFO Measurement at current 0.0008894472361809045
2023-03-23 12:29:13,917 INFO T:294.31Â°K V:1.3105e-02V I:8.8945e-04A R:1.4733e+01ğ›€ E:4.0446e-01V/cm J:3.8925e-02A/cm2 ğ›’:1.0391e+01ğ›€ cm
2023-03-23 12:29:13,937 INFO Measurement at current 0.0009045226130653266
2023-03-23 12:29:14,533 INFO T:294.31Â°K V:1.3326e-02V I:9.0452e-04A R:1.4733e+01ğ›€ E:4.1130e-01V/cm J:3.9585e-02A/cm2 ğ›’:1.0390e+01ğ›€ cm
2023-03-23 12:29:14,556 INFO Measurement at current 0.0009195979899497488
2023-03-23 12:29:15,159 INFO T:294.31Â°K V:1.3549e-02V I:9.1960e-04A R:1.4733e+01ğ›€ E:4.1816e-01V/cm J:4.0245e-02A/cm2 ğ›’:1.0390e+01ğ›€ cm
2023-03-23 12:29:15,180 INFO Measurement at current 0.0009346733668341708
2023-03-23 12:29:15,792 INFO T:294.31Â°K V:1.3770e-02V I:9.3467e-04A R:1.4732e+01ğ›€ E:4.2500e-01V/cm J:4.0905e-02A/cm2 ğ›’:1.0390e+01ğ›€ cm
2023-03-23 12:29:15,812 INFO Measurement at current 0.0009497487437185929
2023-03-23 12:29:16,413 INFO T:294.31Â°K V:1.3992e-02V I:9.4975e-04A R:1.4733e+01ğ›€ E:4.3186e-01V/cm J:4.1564e-02A/cm2 ğ›’:1.0390e+01ğ›€ cm
2023-03-23 12:29:16,435 INFO Measurement at current 0.0009648241206030151
2023-03-23 12:29:17,042 INFO T:294.31Â°K V:1.4214e-02V I:9.6482e-04A R:1.4733e+01ğ›€ E:4.3871e-01V/cm J:4.2224e-02A/cm2 ğ›’:1.0390e+01ğ›€ cm
2023-03-23 12:29:17,082 INFO Measurement at current 0.000979899497487437
2023-03-23 12:29:17,694 INFO T:294.31Â°K V:1.4437e-02V I:9.7990e-04A R:1.4733e+01ğ›€ E:4.4558e-01V/cm J:4.2884e-02A/cm2 ğ›’:1.0390e+01ğ›€ cm
2023-03-23 12:29:17,714 INFO Measurement at current 0.0009949748743718592
2023-03-23 12:29:18,325 INFO T:294.31Â°K V:1.4658e-02V I:9.9497e-04A R:1.4732e+01ğ›€ E:4.5242e-01V/cm J:4.3544e-02A/cm2 ğ›’:1.0390e+01ğ›€ cm
2023-03-23 12:29:18,353 INFO Measurement at current 0.0010100502512562814
2023-03-23 12:29:18,977 INFO T:294.31Â°K V:1.4881e-02V I:1.0101e-03A R:1.4733e+01ğ›€ E:4.5930e-01V/cm J:4.4204e-02A/cm2 ğ›’:1.0390e+01ğ›€ cm
2023-03-23 12:29:19,029 INFO Measurement at current 0.0010251256281407035
2023-03-23 12:29:19,622 INFO T:294.31Â°K V:1.5103e-02V I:1.0251e-03A R:1.4733e+01ğ›€ E:4.6615e-01V/cm J:4.4863e-02A/cm2 ğ›’:1.0391e+01ğ›€ cm
2023-03-23 12:29:19,642 INFO Measurement at current 0.0010402010050251256
2023-03-23 12:29:20,260 INFO T:294.31Â°K V:1.5325e-02V I:1.0402e-03A R:1.4732e+01ğ›€ E:4.7299e-01V/cm J:4.5523e-02A/cm2 ğ›’:1.0390e+01ğ›€ cm
2023-03-23 12:29:20,282 INFO Measurement at current 0.0010552763819095478
2023-03-23 12:29:20,888 INFO T:294.31Â°K V:1.5552e-02V I:1.0553e-03A R:1.4737e+01ğ›€ E:4.7999e-01V/cm J:4.6183e-02A/cm2 ğ›’:1.0393e+01ğ›€ cm
2023-03-23 12:29:20,908 INFO Measurement at current 0.00107035175879397
2023-03-23 12:29:21,500 INFO T:294.31Â°K V:1.5773e-02V I:1.0704e-03A R:1.4737e+01ğ›€ E:4.8683e-01V/cm J:4.6843e-02A/cm2 ğ›’:1.0393e+01ğ›€ cm
2023-03-23 12:29:21,527 INFO Measurement at current 0.001085427135678392
2023-03-23 12:29:22,156 INFO T:294.31Â°K V:1.5993e-02V I:1.0854e-03A R:1.4734e+01ğ›€ E:4.9360e-01V/cm J:4.7502e-02A/cm2 ğ›’:1.0391e+01ğ›€ cm
2023-03-23 12:29:22,178 INFO Measurement at current 0.001100502512562814
2023-03-23 12:29:22,806 INFO T:294.31Â°K V:1.6215e-02V I:1.1005e-03A R:1.4734e+01ğ›€ E:5.0045e-01V/cm J:4.8162e-02A/cm2 ğ›’:1.0391e+01ğ›€ cm
2023-03-23 12:29:22,844 INFO Measurement at current 0.001115577889447236
2023-03-23 12:29:23,477 INFO T:294.31Â°K V:1.6436e-02V I:1.1156e-03A R:1.4733e+01ğ›€ E:5.0729e-01V/cm J:4.8822e-02A/cm2 ğ›’:1.0391e+01ğ›€ cm
2023-03-23 12:29:23,503 INFO Measurement at current 0.0011306532663316582
2023-03-23 12:29:24,127 INFO T:294.31Â°K V:1.6656e-02V I:1.1307e-03A R:1.4731e+01ğ›€ E:5.1407e-01V/cm J:4.9482e-02A/cm2 ğ›’:1.0389e+01ğ›€ cm
2023-03-23 12:29:24,166 INFO Measurement at current 0.0011457286432160804
2023-03-23 12:29:24,783 INFO T:294.31Â°K V:1.6877e-02V I:1.1457e-03A R:1.4730e+01ğ›€ E:5.2090e-01V/cm J:5.0141e-02A/cm2 ğ›’:1.0389e+01ğ›€ cm
2023-03-23 12:29:24,841 INFO Measurement at current 0.0011608040201005025
2023-03-23 12:29:25,460 INFO T:294.31Â°K V:1.7106e-02V I:1.1608e-03A R:1.4736e+01ğ›€ E:5.2795e-01V/cm J:5.0801e-02A/cm2 ğ›’:1.0393e+01ğ›€ cm
2023-03-23 12:29:25,486 INFO Measurement at current 0.0011758793969849247
2023-03-23 12:29:26,113 INFO T:294.31Â°K V:1.7325e-02V I:1.1759e-03A R:1.4734e+01ğ›€ E:5.3472e-01V/cm J:5.1461e-02A/cm2 ğ›’:1.0391e+01ğ›€ cm
2023-03-23 12:29:26,148 INFO Measurement at current 0.0011909547738693468
2023-03-23 12:29:26,787 INFO T:294.31Â°K V:1.7546e-02V I:1.1910e-03A R:1.4733e+01ğ›€ E:5.4156e-01V/cm J:5.2121e-02A/cm2 ğ›’:1.0390e+01ğ›€ cm
2023-03-23 12:29:26,807 INFO Measurement at current 0.001206030150753769
2023-03-23 12:29:27,403 INFO T:294.31Â°K V:1.7769e-02V I:1.2060e-03A R:1.4733e+01ğ›€ E:5.4841e-01V/cm J:5.2780e-02A/cm2 ğ›’:1.0390e+01ğ›€ cm
2023-03-23 12:29:27,435 INFO Measurement at current 0.001221105527638191
2023-03-23 12:29:28,044 INFO T:294.31Â°K V:1.7988e-02V I:1.2211e-03A R:1.4731e+01ğ›€ E:5.5518e-01V/cm J:5.3440e-02A/cm2 ğ›’:1.0389e+01ğ›€ cm
2023-03-23 12:29:28,062 INFO Measurement at current 0.001236180904522613
2023-03-23 12:29:28,677 INFO T:294.31Â°K V:1.8209e-02V I:1.2362e-03A R:1.4730e+01ğ›€ E:5.6202e-01V/cm J:5.4100e-02A/cm2 ğ›’:1.0389e+01ğ›€ cm
2023-03-23 12:29:28,703 INFO Measurement at current 0.0012512562814070351
2023-03-23 12:29:29,319 INFO T:294.31Â°K V:1.8438e-02V I:1.2513e-03A R:1.4736e+01ğ›€ E:5.6908e-01V/cm J:5.4760e-02A/cm2 ğ›’:1.0392e+01ğ›€ cm
2023-03-23 12:29:29,337 INFO Measurement at current 0.0012663316582914572
2023-03-23 12:29:29,942 INFO T:294.31Â°K V:1.8658e-02V I:1.2663e-03A R:1.4734e+01ğ›€ E:5.7586e-01V/cm J:5.5419e-02A/cm2 ğ›’:1.0391e+01ğ›€ cm
2023-03-23 12:29:29,969 INFO Measurement at current 0.0012814070351758794
2023-03-23 12:29:30,572 INFO T:294.31Â°K V:1.8879e-02V I:1.2814e-03A R:1.4733e+01ğ›€ E:5.8270e-01V/cm J:5.6079e-02A/cm2 ğ›’:1.0391e+01ğ›€ cm
2023-03-23 12:29:30,595 INFO Measurement at current 0.0012964824120603015
2023-03-23 12:29:31,204 INFO T:294.31Â°K V:1.9101e-02V I:1.2965e-03A R:1.4733e+01ğ›€ E:5.8953e-01V/cm J:5.6739e-02A/cm2 ğ›’:1.0390e+01ğ›€ cm
2023-03-23 12:29:31,231 INFO Measurement at current 0.0013115577889447237
2023-03-23 12:29:31,859 INFO T:294.31Â°K V:1.9320e-02V I:1.3116e-03A R:1.4731e+01ğ›€ E:5.9630e-01V/cm J:5.7399e-02A/cm2 ğ›’:1.0389e+01ğ›€ cm
2023-03-23 12:29:31,883 INFO Measurement at current 0.0013266331658291458
2023-03-23 12:29:32,491 INFO T:294.31Â°K V:1.9542e-02V I:1.3266e-03A R:1.4730e+01ğ›€ E:6.0314e-01V/cm J:5.8058e-02A/cm2 ğ›’:1.0389e+01ğ›€ cm
2023-03-23 12:29:32,516 INFO Measurement at current 0.001341708542713568
2023-03-23 12:29:33,147 INFO T:294.31Â°K V:1.9764e-02V I:1.3417e-03A R:1.4730e+01ğ›€ E:6.1000e-01V/cm J:5.8718e-02A/cm2 ğ›’:1.0389e+01ğ›€ cm
2023-03-23 12:29:33,165 INFO Measurement at current 0.0013567839195979898
2023-03-23 12:29:33,773 INFO T:294.31Â°K V:1.9991e-02V I:1.3568e-03A R:1.4734e+01ğ›€ E:6.1700e-01V/cm J:5.9378e-02A/cm2 ğ›’:1.0391e+01ğ›€ cm
2023-03-23 12:29:33,799 INFO Measurement at current 0.001371859296482412
2023-03-23 12:29:34,414 INFO T:294.31Â°K V:2.0213e-02V I:1.3719e-03A R:1.4734e+01ğ›€ E:6.2386e-01V/cm J:6.0038e-02A/cm2 ğ›’:1.0391e+01ğ›€ cm
2023-03-23 12:29:34,431 INFO Measurement at current 0.0013869346733668341
2023-03-23 12:29:35,025 INFO T:294.31Â°K V:2.0432e-02V I:1.3869e-03A R:1.4732e+01ğ›€ E:6.3063e-01V/cm J:6.0697e-02A/cm2 ğ›’:1.0390e+01ğ›€ cm
2023-03-23 12:29:35,048 INFO Measurement at current 0.0014020100502512563
2023-03-23 12:29:35,641 INFO T:294.31Â°K V:2.0654e-02V I:1.4020e-03A R:1.4732e+01ğ›€ E:6.3748e-01V/cm J:6.1357e-02A/cm2 ğ›’:1.0390e+01ğ›€ cm
2023-03-23 12:29:35,658 INFO Measurement at current 0.0014170854271356784
2023-03-23 12:29:36,268 INFO T:294.31Â°K V:2.0876e-02V I:1.4171e-03A R:1.4732e+01ğ›€ E:6.4434e-01V/cm J:6.2017e-02A/cm2 ğ›’:1.0390e+01ğ›€ cm
2023-03-23 12:29:36,295 INFO Measurement at current 0.0014321608040201005
2023-03-23 12:29:36,901 INFO T:294.31Â°K V:2.1096e-02V I:1.4322e-03A R:1.4730e+01ğ›€ E:6.5112e-01V/cm J:6.2677e-02A/cm2 ğ›’:1.0389e+01ğ›€ cm
2023-03-23 12:29:36,934 INFO Measurement at current 0.0014472361809045227
2023-03-23 12:29:37,566 INFO T:294.31Â°K V:2.1318e-02V I:1.4472e-03A R:1.4730e+01ğ›€ E:6.5796e-01V/cm J:6.3336e-02A/cm2 ğ›’:1.0388e+01ğ›€ cm
2023-03-23 12:29:37,595 INFO Measurement at current 0.0014623115577889448
2023-03-23 12:29:38,200 INFO T:294.31Â°K V:2.1547e-02V I:1.4623e-03A R:1.4735e+01ğ›€ E:6.6503e-01V/cm J:6.3996e-02A/cm2 ğ›’:1.0392e+01ğ›€ cm
2023-03-23 12:29:38,233 INFO Measurement at current 0.001477386934673367
2023-03-23 12:29:38,834 INFO T:294.31Â°K V:2.1767e-02V I:1.4774e-03A R:1.4733e+01ğ›€ E:6.7182e-01V/cm J:6.4656e-02A/cm2 ğ›’:1.0391e+01ğ›€ cm
2023-03-23 12:29:38,859 INFO Measurement at current 0.0014924623115577889
2023-03-23 12:29:39,486 INFO T:294.31Â°K V:2.1988e-02V I:1.4925e-03A R:1.4733e+01ğ›€ E:6.7865e-01V/cm J:6.5316e-02A/cm2 ğ›’:1.0390e+01ğ›€ cm
2023-03-23 12:29:39,511 INFO Measurement at current 0.001507537688442211
2023-03-23 12:29:40,116 INFO T:294.31Â°K V:2.2210e-02V I:1.5075e-03A R:1.4733e+01ğ›€ E:6.8550e-01V/cm J:6.5975e-02A/cm2 ğ›’:1.0390e+01ğ›€ cm
2023-03-23 12:29:40,145 INFO Measurement at current 0.0015226130653266331
2023-03-23 12:29:40,755 INFO T:294.31Â°K V:2.2430e-02V I:1.5226e-03A R:1.4731e+01ğ›€ E:6.9228e-01V/cm J:6.6635e-02A/cm2 ğ›’:1.0389e+01ğ›€ cm
2023-03-23 12:29:40,786 INFO Measurement at current 0.0015376884422110553
2023-03-23 12:29:41,392 INFO T:294.31Â°K V:2.2652e-02V I:1.5377e-03A R:1.4732e+01ğ›€ E:6.9915e-01V/cm J:6.7295e-02A/cm2 ğ›’:1.0389e+01ğ›€ cm
2023-03-23 12:29:41,425 INFO Measurement at current 0.0015527638190954774
2023-03-23 12:29:42,031 INFO T:294.31Â°K V:2.2882e-02V I:1.5528e-03A R:1.4736e+01ğ›€ E:7.0623e-01V/cm J:6.7955e-02A/cm2 ğ›’:1.0393e+01ğ›€ cm
2023-03-23 12:29:42,051 INFO Measurement at current 0.0015678391959798995
2023-03-23 12:29:42,640 INFO T:294.31Â°K V:2.3101e-02V I:1.5678e-03A R:1.4734e+01ğ›€ E:7.1300e-01V/cm J:6.8614e-02A/cm2 ğ›’:1.0391e+01ğ›€ cm
2023-03-23 12:29:42,671 INFO Measurement at current 0.0015829145728643217
2023-03-23 12:29:43,287 INFO T:294.31Â°K V:2.3323e-02V I:1.5829e-03A R:1.4734e+01ğ›€ E:7.1986e-01V/cm J:6.9274e-02A/cm2 ğ›’:1.0391e+01ğ›€ cm
2023-03-23 12:29:43,309 INFO Measurement at current 0.0015979899497487438
2023-03-23 12:29:43,935 INFO T:294.31Â°K V:2.3545e-02V I:1.5980e-03A R:1.4734e+01ğ›€ E:7.2671e-01V/cm J:6.9934e-02A/cm2 ğ›’:1.0391e+01ğ›€ cm
2023-03-23 12:29:43,956 INFO Measurement at current 0.0016130653266331657
2023-03-23 12:29:44,556 INFO T:294.31Â°K V:2.3765e-02V I:1.6131e-03A R:1.4733e+01ğ›€ E:7.3348e-01V/cm J:7.0594e-02A/cm2 ğ›’:1.0390e+01ğ›€ cm
2023-03-23 12:29:44,580 INFO Measurement at current 0.0016281407035175879
2023-03-23 12:29:45,186 INFO T:294.31Â°K V:2.3987e-02V I:1.6281e-03A R:1.4733e+01ğ›€ E:7.4034e-01V/cm J:7.1253e-02A/cm2 ğ›’:1.0390e+01ğ›€ cm
2023-03-23 12:29:45,203 INFO Measurement at current 0.00164321608040201
2023-03-23 12:29:45,837 INFO T:294.31Â°K V:2.4208e-02V I:1.6432e-03A R:1.4732e+01ğ›€ E:7.4716e-01V/cm J:7.1913e-02A/cm2 ğ›’:1.0390e+01ğ›€ cm
2023-03-23 12:29:45,872 INFO Measurement at current 0.0016582914572864321
2023-03-23 12:29:46,469 INFO T:294.31Â°K V:2.4435e-02V I:1.6583e-03A R:1.4735e+01ğ›€ E:7.5418e-01V/cm J:7.2573e-02A/cm2 ğ›’:1.0392e+01ğ›€ cm
2023-03-23 12:29:46,489 INFO Measurement at current 0.0016733668341708543
2023-03-23 12:29:47,098 INFO T:294.31Â°K V:2.4657e-02V I:1.6734e-03A R:1.4735e+01ğ›€ E:7.6102e-01V/cm J:7.3233e-02A/cm2 ğ›’:1.0392e+01ğ›€ cm
2023-03-23 12:29:47,135 INFO Measurement at current 0.0016884422110552764
2023-03-23 12:29:47,730 INFO T:294.31Â°K V:2.4877e-02V I:1.6884e-03A R:1.4734e+01ğ›€ E:7.6782e-01V/cm J:7.3892e-02A/cm2 ğ›’:1.0391e+01ğ›€ cm
2023-03-23 12:29:47,760 INFO Measurement at current 0.0017035175879396985
2023-03-23 12:29:48,354 INFO T:294.31Â°K V:2.5099e-02V I:1.7035e-03A R:1.4734e+01ğ›€ E:7.7466e-01V/cm J:7.4552e-02A/cm2 ğ›’:1.0391e+01ğ›€ cm
2023-03-23 12:29:48,371 INFO Measurement at current 0.0017185929648241207
2023-03-23 12:29:48,963 INFO T:294.31Â°K V:2.5321e-02V I:1.7186e-03A R:1.4733e+01ğ›€ E:7.8151e-01V/cm J:7.5212e-02A/cm2 ğ›’:1.0391e+01ğ›€ cm
2023-03-23 12:29:48,987 INFO Measurement at current 0.0017336683417085428
2023-03-23 12:29:49,586 INFO T:294.31Â°K V:2.5541e-02V I:1.7337e-03A R:1.4732e+01ğ›€ E:7.8829e-01V/cm J:7.5872e-02A/cm2 ğ›’:1.0390e+01ğ›€ cm
2023-03-23 12:29:49,618 INFO Measurement at current 0.0017487437185929647
2023-03-23 12:29:50,212 INFO T:294.31Â°K V:2.5762e-02V I:1.7487e-03A R:1.4732e+01ğ›€ E:7.9513e-01V/cm J:7.6531e-02A/cm2 ğ›’:1.0390e+01ğ›€ cm
2023-03-23 12:29:50,233 INFO Measurement at current 0.0017638190954773869
2023-03-23 12:29:50,820 INFO T:294.31Â°K V:2.5991e-02V I:1.7638e-03A R:1.4736e+01ğ›€ E:8.0220e-01V/cm J:7.7191e-02A/cm2 ğ›’:1.0392e+01ğ›€ cm
2023-03-23 12:29:50,838 INFO Measurement at current 0.001778894472361809
2023-03-23 12:29:51,429 INFO T:294.31Â°K V:2.6211e-02V I:1.7789e-03A R:1.4734e+01ğ›€ E:8.0898e-01V/cm J:7.7851e-02A/cm2 ğ›’:1.0391e+01ğ›€ cm
2023-03-23 12:29:51,451 INFO Measurement at current 0.0017939698492462311
2023-03-23 12:29:52,040 INFO T:294.31Â°K V:2.6433e-02V I:1.7940e-03A R:1.4734e+01ğ›€ E:8.1583e-01V/cm J:7.8511e-02A/cm2 ğ›’:1.0391e+01ğ›€ cm
2023-03-23 12:29:52,061 INFO Measurement at current 0.0018090452261306533
2023-03-23 12:29:52,663 INFO T:294.31Â°K V:2.6655e-02V I:1.8090e-03A R:1.4734e+01ğ›€ E:8.2268e-01V/cm J:7.9170e-02A/cm2 ğ›’:1.0391e+01ğ›€ cm
2023-03-23 12:29:52,681 INFO Measurement at current 0.0018241206030150754
2023-03-23 12:29:53,302 INFO T:294.31Â°K V:2.6875e-02V I:1.8241e-03A R:1.4733e+01ğ›€ E:8.2946e-01V/cm J:7.9830e-02A/cm2 ğ›’:1.0390e+01ğ›€ cm
2023-03-23 12:29:53,332 INFO Measurement at current 0.0018391959798994975
2023-03-23 12:29:53,929 INFO T:294.31Â°K V:2.7096e-02V I:1.8392e-03A R:1.4733e+01ğ›€ E:8.3630e-01V/cm J:8.0490e-02A/cm2 ğ›’:1.0390e+01ğ›€ cm
2023-03-23 12:29:53,953 INFO Measurement at current 0.0018542713567839197
2023-03-23 12:29:54,552 INFO T:294.31Â°K V:2.7325e-02V I:1.8543e-03A R:1.4736e+01ğ›€ E:8.4338e-01V/cm J:8.1150e-02A/cm2 ğ›’:1.0393e+01ğ›€ cm
2023-03-23 12:29:54,572 INFO Measurement at current 0.0018693467336683416
2023-03-23 12:29:55,166 INFO T:294.31Â°K V:2.7545e-02V I:1.8693e-03A R:1.4735e+01ğ›€ E:8.5014e-01V/cm J:8.1809e-02A/cm2 ğ›’:1.0392e+01ğ›€ cm
2023-03-23 12:29:55,189 INFO Measurement at current 0.0018844221105527637
2023-03-23 12:29:55,782 INFO T:294.31Â°K V:2.7767e-02V I:1.8844e-03A R:1.4735e+01ğ›€ E:8.5702e-01V/cm J:8.2469e-02A/cm2 ğ›’:1.0392e+01ğ›€ cm
2023-03-23 12:29:55,803 INFO Measurement at current 0.0018994974874371859
2023-03-23 12:29:56,415 INFO T:294.31Â°K V:2.7990e-02V I:1.8995e-03A R:1.4735e+01ğ›€ E:8.6389e-01V/cm J:8.3129e-02A/cm2 ğ›’:1.0392e+01ğ›€ cm
2023-03-23 12:29:56,435 INFO Measurement at current 0.001914572864321608
2023-03-23 12:29:57,064 INFO T:294.31Â°K V:2.8209e-02V I:1.9146e-03A R:1.4734e+01ğ›€ E:8.7066e-01V/cm J:8.3789e-02A/cm2 ğ›’:1.0391e+01ğ›€ cm
2023-03-23 12:29:57,104 INFO Measurement at current 0.0019296482412060301
2023-03-23 12:29:57,718 INFO T:294.31Â°K V:2.8431e-02V I:1.9296e-03A R:1.4734e+01ğ›€ E:8.7751e-01V/cm J:8.4449e-02A/cm2 ğ›’:1.0391e+01ğ›€ cm
2023-03-23 12:29:57,738 INFO Measurement at current 0.0019447236180904523
2023-03-23 12:29:58,327 INFO T:294.31Â°K V:2.8653e-02V I:1.9447e-03A R:1.4734e+01ğ›€ E:8.8435e-01V/cm J:8.5108e-02A/cm2 ğ›’:1.0391e+01ğ›€ cm
2023-03-23 12:29:58,344 INFO Measurement at current 0.001959798994974874
2023-03-23 12:29:58,949 INFO T:294.31Â°K V:2.8880e-02V I:1.9598e-03A R:1.4736e+01ğ›€ E:8.9135e-01V/cm J:8.5768e-02A/cm2 ğ›’:1.0393e+01ğ›€ cm
2023-03-23 12:29:58,978 INFO Measurement at current 0.0019748743718592966
2023-03-23 12:29:59,584 INFO T:294.31Â°K V:2.9101e-02V I:1.9749e-03A R:1.4736e+01ğ›€ E:8.9819e-01V/cm J:8.6428e-02A/cm2 ğ›’:1.0392e+01ğ›€ cm
2023-03-23 12:29:59,605 INFO Measurement at current 0.0019899497487437185
2023-03-23 12:30:00,217 INFO T:294.31Â°K V:2.9322e-02V I:1.9899e-03A R:1.4735e+01ğ›€ E:9.0499e-01V/cm J:8.7088e-02A/cm2 ğ›’:1.0392e+01ğ›€ cm
2023-03-23 12:30:00,242 INFO Measurement at current 0.002005025125628141
2023-03-23 12:30:00,850 INFO T:294.31Â°K V:2.9543e-02V I:2.0050e-03A R:1.4735e+01ğ›€ E:9.1183e-01V/cm J:8.7747e-02A/cm2 ğ›’:1.0392e+01ğ›€ cm
2023-03-23 12:30:00,874 INFO Measurement at current 0.0020201005025125627
2023-03-23 12:30:01,479 INFO T:294.31Â°K V:2.9765e-02V I:2.0201e-03A R:1.4734e+01ğ›€ E:9.1866e-01V/cm J:8.8407e-02A/cm2 ğ›’:1.0391e+01ğ›€ cm
2023-03-23 12:30:01,513 INFO Measurement at current 0.002035175879396985
2023-03-23 12:30:02,128 INFO T:294.31Â°K V:2.9983e-02V I:2.0352e-03A R:1.4733e+01ğ›€ E:9.2541e-01V/cm J:8.9067e-02A/cm2 ğ›’:1.0390e+01ğ›€ cm
2023-03-23 12:30:02,161 INFO Measurement at current 0.002050251256281407
2023-03-23 12:30:02,766 INFO T:294.31Â°K V:3.0213e-02V I:2.0503e-03A R:1.4736e+01ğ›€ E:9.3250e-01V/cm J:8.9727e-02A/cm2 ğ›’:1.0393e+01ğ›€ cm
2023-03-23 12:30:02,808 INFO Measurement at current 0.002065326633165829
2023-03-23 12:30:03,405 INFO T:294.31Â°K V:3.0435e-02V I:2.0653e-03A R:1.4736e+01ğ›€ E:9.3935e-01V/cm J:9.0386e-02A/cm2 ğ›’:1.0393e+01ğ›€ cm
2023-03-23 12:30:03,427 INFO Measurement at current 0.0020804020100502513
2023-03-23 12:30:04,119 INFO T:294.31Â°K V:3.0655e-02V I:2.0804e-03A R:1.4735e+01ğ›€ E:9.4613e-01V/cm J:9.1046e-02A/cm2 ğ›’:1.0392e+01ğ›€ cm
2023-03-23 12:30:04,148 INFO Measurement at current 0.002095477386934673
2023-03-23 12:30:04,760 INFO T:294.31Â°K V:3.0877e-02V I:2.0955e-03A R:1.4735e+01ğ›€ E:9.5298e-01V/cm J:9.1706e-02A/cm2 ğ›’:1.0392e+01ğ›€ cm
2023-03-23 12:30:04,804 INFO Measurement at current 0.0021105527638190956
2023-03-23 12:30:05,396 INFO T:294.31Â°K V:3.1098e-02V I:2.1106e-03A R:1.4735e+01ğ›€ E:9.5983e-01V/cm J:9.2366e-02A/cm2 ğ›’:1.0392e+01ğ›€ cm
2023-03-23 12:30:05,428 INFO Measurement at current 0.0021256281407035175
2023-03-23 12:30:06,021 INFO T:294.31Â°K V:3.1318e-02V I:2.1256e-03A R:1.4734e+01ğ›€ E:9.6661e-01V/cm J:9.3025e-02A/cm2 ğ›’:1.0391e+01ğ›€ cm
2023-03-23 12:30:06,045 INFO Measurement at current 0.00214070351758794
2023-03-23 12:30:06,657 INFO T:294.31Â°K V:3.1539e-02V I:2.1407e-03A R:1.4733e+01ğ›€ E:9.7344e-01V/cm J:9.3685e-02A/cm2 ğ›’:1.0391e+01ğ›€ cm
2023-03-23 12:30:06,684 INFO Measurement at current 0.0021557788944723618
2023-03-23 12:30:07,300 INFO T:294.31Â°K V:3.1769e-02V I:2.1558e-03A R:1.4737e+01ğ›€ E:9.8052e-01V/cm J:9.4345e-02A/cm2 ğ›’:1.0393e+01ğ›€ cm
2023-03-23 12:30:07,339 INFO Measurement at current 0.002170854271356784
2023-03-23 12:30:07,939 INFO T:294.31Â°K V:3.1988e-02V I:2.1709e-03A R:1.4735e+01ğ›€ E:9.8728e-01V/cm J:9.5005e-02A/cm2 ğ›’:1.0392e+01ğ›€ cm
2023-03-23 12:30:07,959 INFO Measurement at current 0.002185929648241206
2023-03-23 12:30:08,553 INFO T:294.31Â°K V:3.2210e-02V I:2.1859e-03A R:1.4735e+01ğ›€ E:9.9412e-01V/cm J:9.5664e-02A/cm2 ğ›’:1.0392e+01ğ›€ cm
2023-03-23 12:30:08,575 INFO Measurement at current 0.002201005025125628
2023-03-23 12:30:09,164 INFO T:294.31Â°K V:3.2432e-02V I:2.2010e-03A R:1.4735e+01ğ›€ E:1.0010e+00V/cm J:9.6324e-02A/cm2 ğ›’:1.0392e+01ğ›€ cm
2023-03-23 12:30:09,196 INFO Measurement at current 0.0022160804020100503
2023-03-23 12:30:09,803 INFO T:294.31Â°K V:3.2651e-02V I:2.2161e-03A R:1.4734e+01ğ›€ E:1.0077e+00V/cm J:9.6984e-02A/cm2 ğ›’:1.0391e+01ğ›€ cm
2023-03-23 12:30:09,826 INFO Measurement at current 0.002231155778894472
2023-03-23 12:30:10,417 INFO T:294.31Â°K V:3.2873e-02V I:2.2312e-03A R:1.4734e+01ğ›€ E:1.0146e+00V/cm J:9.7644e-02A/cm2 ğ›’:1.0391e+01ğ›€ cm
2023-03-23 12:30:10,457 INFO Measurement at current 0.0022462311557788946
2023-03-23 12:30:11,060 INFO T:294.31Â°K V:3.3093e-02V I:2.2462e-03A R:1.4733e+01ğ›€ E:1.0214e+00V/cm J:9.8303e-02A/cm2 ğ›’:1.0390e+01ğ›€ cm
2023-03-23 12:30:11,079 INFO Measurement at current 0.0022613065326633165
2023-03-23 12:30:11,689 INFO T:294.31Â°K V:3.3321e-02V I:2.2613e-03A R:1.4735e+01ğ›€ E:1.0284e+00V/cm J:9.8963e-02A/cm2 ğ›’:1.0392e+01ğ›€ cm
2023-03-23 12:30:11,716 INFO Measurement at current 0.002276381909547739
2023-03-23 12:30:12,318 INFO T:294.31Â°K V:3.3544e-02V I:2.2764e-03A R:1.4735e+01ğ›€ E:1.0353e+00V/cm J:9.9623e-02A/cm2 ğ›’:1.0392e+01ğ›€ cm
2023-03-23 12:30:12,343 INFO Measurement at current 0.0022914572864321608
2023-03-23 12:30:12,940 INFO T:294.31Â°K V:3.3762e-02V I:2.2915e-03A R:1.4734e+01ğ›€ E:1.0420e+00V/cm J:1.0028e-01A/cm2 ğ›’:1.0391e+01ğ›€ cm
2023-03-23 12:30:12,960 INFO Measurement at current 0.002306532663316583
2023-03-23 12:30:13,552 INFO T:294.31Â°K V:3.3985e-02V I:2.3065e-03A R:1.4734e+01ğ›€ E:1.0489e+00V/cm J:1.0094e-01A/cm2 ğ›’:1.0391e+01ğ›€ cm
2023-03-23 12:30:13,588 INFO Measurement at current 0.002321608040201005
2023-03-23 12:30:14,190 INFO T:294.31Â°K V:3.4207e-02V I:2.3216e-03A R:1.4734e+01ğ›€ E:1.0558e+00V/cm J:1.0160e-01A/cm2 ğ›’:1.0391e+01ğ›€ cm
2023-03-23 12:30:14,221 INFO Measurement at current 0.002336683417085427
2023-03-23 12:30:14,848 INFO T:294.31Â°K V:3.4426e-02V I:2.3367e-03A R:1.4733e+01ğ›€ E:1.0625e+00V/cm J:1.0226e-01A/cm2 ğ›’:1.0390e+01ğ›€ cm
2023-03-23 12:30:14,866 INFO Measurement at current 0.0023517587939698493
2023-03-23 12:30:15,465 INFO T:294.31Â°K V:3.4655e-02V I:2.3518e-03A R:1.4736e+01ğ›€ E:1.0696e+00V/cm J:1.0292e-01A/cm2 ğ›’:1.0392e+01ğ›€ cm
2023-03-23 12:30:15,498 INFO Measurement at current 0.0023668341708542712
2023-03-23 12:30:16,109 INFO T:294.31Â°K V:3.4877e-02V I:2.3668e-03A R:1.4736e+01ğ›€ E:1.0764e+00V/cm J:1.0358e-01A/cm2 ğ›’:1.0392e+01ğ›€ cm
2023-03-23 12:30:16,134 INFO Measurement at current 0.0023819095477386936
2023-03-23 12:30:16,737 INFO T:294.31Â°K V:3.5096e-02V I:2.3819e-03A R:1.4734e+01ğ›€ E:1.0832e+00V/cm J:1.0424e-01A/cm2 ğ›’:1.0391e+01ğ›€ cm
2023-03-23 12:30:16,814 INFO Measurement at current 0.0023969849246231155
2023-03-23 12:30:17,427 INFO T:294.31Â°K V:3.5317e-02V I:2.3970e-03A R:1.4734e+01ğ›€ E:1.0900e+00V/cm J:1.0490e-01A/cm2 ğ›’:1.0391e+01ğ›€ cm
2023-03-23 12:30:17,455 INFO Measurement at current 0.002412060301507538
2023-03-23 12:30:18,082 INFO T:294.31Â°K V:3.5539e-02V I:2.4121e-03A R:1.4734e+01ğ›€ E:1.0969e+00V/cm J:1.0556e-01A/cm2 ğ›’:1.0391e+01ğ›€ cm
2023-03-23 12:30:18,105 INFO Measurement at current 0.0024271356783919598
2023-03-23 12:30:18,702 INFO T:294.31Â°K V:3.5759e-02V I:2.4271e-03A R:1.4733e+01ğ›€ E:1.1037e+00V/cm J:1.0622e-01A/cm2 ğ›’:1.0390e+01ğ›€ cm
2023-03-23 12:30:18,719 INFO Measurement at current 0.002442211055276382
2023-03-23 12:30:19,327 INFO T:294.31Â°K V:3.5981e-02V I:2.4422e-03A R:1.4733e+01ğ›€ E:1.1105e+00V/cm J:1.0688e-01A/cm2 ğ›’:1.0390e+01ğ›€ cm
2023-03-23 12:30:19,363 INFO Measurement at current 0.002457286432160804
2023-03-23 12:30:19,980 INFO T:294.31Â°K V:3.6209e-02V I:2.4573e-03A R:1.4736e+01ğ›€ E:1.1176e+00V/cm J:1.0754e-01A/cm2 ğ›’:1.0392e+01ğ›€ cm
2023-03-23 12:30:20,002 INFO Measurement at current 0.002472361809045226
2023-03-23 12:30:20,596 INFO T:294.31Â°K V:3.6429e-02V I:2.4724e-03A R:1.4735e+01ğ›€ E:1.1244e+00V/cm J:1.0820e-01A/cm2 ğ›’:1.0391e+01ğ›€ cm
2023-03-23 12:30:20,630 INFO Measurement at current 0.0024874371859296483
2023-03-23 12:30:21,245 INFO T:294.31Â°K V:3.6650e-02V I:2.4874e-03A R:1.4734e+01ğ›€ E:1.1312e+00V/cm J:1.0886e-01A/cm2 ğ›’:1.0391e+01ğ›€ cm
2023-03-23 12:30:21,319 INFO Measurement at current 0.0025025125628140702
2023-03-23 12:30:21,964 INFO T:294.31Â°K V:3.6873e-02V I:2.5025e-03A R:1.4734e+01ğ›€ E:1.1380e+00V/cm J:1.0952e-01A/cm2 ğ›’:1.0391e+01ğ›€ cm
2023-03-23 12:30:21,984 INFO Measurement at current 0.0025175879396984926
2023-03-23 12:30:22,594 INFO T:294.31Â°K V:3.7092e-02V I:2.5176e-03A R:1.4733e+01ğ›€ E:1.1448e+00V/cm J:1.1018e-01A/cm2 ğ›’:1.0390e+01ğ›€ cm
2023-03-23 12:30:22,620 INFO Measurement at current 0.0025326633165829145
2023-03-23 12:30:23,215 INFO T:294.31Â°K V:3.7314e-02V I:2.5327e-03A R:1.4733e+01ğ›€ E:1.1517e+00V/cm J:1.1084e-01A/cm2 ğ›’:1.0390e+01ğ›€ cm
2023-03-23 12:30:23,253 INFO Measurement at current 0.002547738693467337
2023-03-23 12:30:23,862 INFO T:294.31Â°K V:3.7533e-02V I:2.5477e-03A R:1.4732e+01ğ›€ E:1.1584e+00V/cm J:1.1150e-01A/cm2 ğ›’:1.0390e+01ğ›€ cm
2023-03-23 12:30:23,882 INFO Measurement at current 0.0025628140703517588
2023-03-23 12:30:24,485 INFO T:294.31Â°K V:3.7762e-02V I:2.5628e-03A R:1.4735e+01ğ›€ E:1.1655e+00V/cm J:1.1216e-01A/cm2 ğ›’:1.0392e+01ğ›€ cm
2023-03-23 12:30:24,507 INFO Measurement at current 0.0025778894472361807
2023-03-23 12:30:25,120 INFO T:294.31Â°K V:3.7984e-02V I:2.5779e-03A R:1.4735e+01ğ›€ E:1.1724e+00V/cm J:1.1282e-01A/cm2 ğ›’:1.0392e+01ğ›€ cm
2023-03-23 12:30:25,154 INFO Measurement at current 0.002592964824120603
2023-03-23 12:30:25,772 INFO T:294.31Â°K V:3.8204e-02V I:2.5930e-03A R:1.4734e+01ğ›€ E:1.1791e+00V/cm J:1.1348e-01A/cm2 ğ›’:1.0391e+01ğ›€ cm
2023-03-23 12:30:25,795 INFO Measurement at current 0.002608040201005025
2023-03-23 12:30:26,396 INFO T:294.31Â°K V:3.8426e-02V I:2.6080e-03A R:1.4733e+01ğ›€ E:1.1860e+00V/cm J:1.1414e-01A/cm2 ğ›’:1.0391e+01ğ›€ cm
2023-03-23 12:30:26,424 INFO Measurement at current 0.0026231155778894473
2023-03-23 12:30:27,034 INFO T:294.31Â°K V:3.8647e-02V I:2.6231e-03A R:1.4733e+01ğ›€ E:1.1928e+00V/cm J:1.1480e-01A/cm2 ğ›’:1.0391e+01ğ›€ cm
2023-03-23 12:30:27,060 INFO Measurement at current 0.0026381909547738692
2023-03-23 12:30:27,659 INFO T:294.31Â°K V:3.8867e-02V I:2.6382e-03A R:1.4732e+01ğ›€ E:1.1996e+00V/cm J:1.1546e-01A/cm2 ğ›’:1.0390e+01ğ›€ cm
2023-03-23 12:30:27,684 INFO Measurement at current 0.0026532663316582916
2023-03-23 12:30:28,294 INFO T:294.31Â°K V:3.9096e-02V I:2.6533e-03A R:1.4735e+01ğ›€ E:1.2067e+00V/cm J:1.1612e-01A/cm2 ğ›’:1.0392e+01ğ›€ cm
2023-03-23 12:30:28,316 INFO Measurement at current 0.0026683417085427135
2023-03-23 12:30:28,930 INFO T:294.31Â°K V:3.9318e-02V I:2.6683e-03A R:1.4735e+01ğ›€ E:1.2135e+00V/cm J:1.1678e-01A/cm2 ğ›’:1.0392e+01ğ›€ cm
2023-03-23 12:30:28,957 INFO Measurement at current 0.002683417085427136
2023-03-23 12:30:29,556 INFO T:294.31Â°K V:3.9537e-02V I:2.6834e-03A R:1.4734e+01ğ›€ E:1.2203e+00V/cm J:1.1744e-01A/cm2 ğ›’:1.0391e+01ğ›€ cm
2023-03-23 12:30:29,579 INFO Measurement at current 0.0026984924623115578
2023-03-23 12:30:30,176 INFO T:294.31Â°K V:3.9760e-02V I:2.6985e-03A R:1.4734e+01ğ›€ E:1.2272e+00V/cm J:1.1810e-01A/cm2 ğ›’:1.0391e+01ğ›€ cm
2023-03-23 12:30:30,207 INFO Measurement at current 0.0027135678391959797
2023-03-23 12:30:30,813 INFO T:294.31Â°K V:3.9982e-02V I:2.7136e-03A R:1.4734e+01ğ›€ E:1.2340e+00V/cm J:1.1876e-01A/cm2 ğ›’:1.0391e+01ğ›€ cm
2023-03-23 12:30:30,833 INFO Measurement at current 0.002728643216080402
2023-03-23 12:30:31,426 INFO T:294.31Â°K V:4.0202e-02V I:2.7286e-03A R:1.4733e+01ğ›€ E:1.2408e+00V/cm J:1.1942e-01A/cm2 ğ›’:1.0391e+01ğ›€ cm
2023-03-23 12:30:31,452 INFO Measurement at current 0.002743718592964824
2023-03-23 12:30:32,061 INFO T:294.31Â°K V:4.0424e-02V I:2.7437e-03A R:1.4733e+01ğ›€ E:1.2477e+00V/cm J:1.2008e-01A/cm2 ğ›’:1.0391e+01ğ›€ cm
2023-03-23 12:30:32,083 INFO Measurement at current 0.0027587939698492463
2023-03-23 12:30:32,682 INFO T:294.31Â°K V:4.0654e-02V I:2.7588e-03A R:1.4736e+01ğ›€ E:1.2547e+00V/cm J:1.2073e-01A/cm2 ğ›’:1.0393e+01ğ›€ cm
2023-03-23 12:30:32,713 INFO Measurement at current 0.0027738693467336682
2023-03-23 12:30:33,309 INFO T:294.30Â°K V:4.0873e-02V I:2.7739e-03A R:1.4735e+01ğ›€ E:1.2615e+00V/cm J:1.2139e-01A/cm2 ğ›’:1.0392e+01ğ›€ cm
2023-03-23 12:30:33,349 INFO Measurement at current 0.0027889447236180906
2023-03-23 12:30:33,951 INFO T:294.30Â°K V:4.1096e-02V I:2.7889e-03A R:1.4735e+01ğ›€ E:1.2684e+00V/cm J:1.2205e-01A/cm2 ğ›’:1.0392e+01ğ›€ cm
2023-03-23 12:30:33,988 INFO Measurement at current 0.0028040201005025125
2023-03-23 12:30:34,609 INFO T:294.30Â°K V:4.1318e-02V I:2.8040e-03A R:1.4735e+01ğ›€ E:1.2753e+00V/cm J:1.2271e-01A/cm2 ğ›’:1.0392e+01ğ›€ cm
2023-03-23 12:30:34,643 INFO Measurement at current 0.002819095477386935
2023-03-23 12:30:35,236 INFO T:294.30Â°K V:4.1538e-02V I:2.8191e-03A R:1.4735e+01ğ›€ E:1.2821e+00V/cm J:1.2337e-01A/cm2 ğ›’:1.0392e+01ğ›€ cm
2023-03-23 12:30:35,258 INFO Measurement at current 0.002834170854271357
2023-03-23 12:30:35,890 INFO T:294.30Â°K V:4.1761e-02V I:2.8342e-03A R:1.4735e+01ğ›€ E:1.2889e+00V/cm J:1.2403e-01A/cm2 ğ›’:1.0392e+01ğ›€ cm
2023-03-23 12:30:35,910 INFO Measurement at current 0.0028492462311557787
2023-03-23 12:30:36,508 INFO T:294.30Â°K V:4.1980e-02V I:2.8492e-03A R:1.4734e+01ğ›€ E:1.2957e+00V/cm J:1.2469e-01A/cm2 ğ›’:1.0391e+01ğ›€ cm
2023-03-23 12:30:36,534 INFO Measurement at current 0.002864321608040201
2023-03-23 12:30:37,131 INFO T:294.30Â°K V:4.2210e-02V I:2.8643e-03A R:1.4736e+01ğ›€ E:1.3028e+00V/cm J:1.2535e-01A/cm2 ğ›’:1.0393e+01ğ›€ cm
2023-03-23 12:30:37,164 INFO Measurement at current 0.002879396984924623
2023-03-23 12:30:37,769 INFO T:294.30Â°K V:4.2432e-02V I:2.8794e-03A R:1.4736e+01ğ›€ E:1.3096e+00V/cm J:1.2601e-01A/cm2 ğ›’:1.0393e+01ğ›€ cm
2023-03-23 12:30:37,796 INFO Measurement at current 0.0028944723618090453
2023-03-23 12:30:38,404 INFO T:294.30Â°K V:4.2651e-02V I:2.8945e-03A R:1.4735e+01ğ›€ E:1.3164e+00V/cm J:1.2667e-01A/cm2 ğ›’:1.0392e+01ğ›€ cm
2023-03-23 12:30:38,433 INFO Measurement at current 0.0029095477386934672
2023-03-23 12:30:39,029 INFO T:294.30Â°K V:4.2874e-02V I:2.9095e-03A R:1.4736e+01ğ›€ E:1.3233e+00V/cm J:1.2733e-01A/cm2 ğ›’:1.0392e+01ğ›€ cm
2023-03-23 12:30:39,054 INFO Measurement at current 0.0029246231155778896
2023-03-23 12:30:39,659 INFO T:294.30Â°K V:4.3095e-02V I:2.9246e-03A R:1.4735e+01ğ›€ E:1.3301e+00V/cm J:1.2799e-01A/cm2 ğ›’:1.0392e+01ğ›€ cm
2023-03-23 12:30:39,692 INFO Measurement at current 0.0029396984924623115
2023-03-23 12:30:40,302 INFO T:294.30Â°K V:4.3316e-02V I:2.9397e-03A R:1.4735e+01ğ›€ E:1.3369e+00V/cm J:1.2865e-01A/cm2 ğ›’:1.0392e+01ğ›€ cm
2023-03-23 12:30:40,338 INFO Measurement at current 0.002954773869346734
2023-03-23 12:30:40,941 INFO T:294.30Â°K V:4.3545e-02V I:2.9548e-03A R:1.4737e+01ğ›€ E:1.3440e+00V/cm J:1.2931e-01A/cm2 ğ›’:1.0393e+01ğ›€ cm
2023-03-23 12:30:40,996 INFO Measurement at current 0.002969849246231156
2023-03-23 12:30:41,601 INFO T:294.30Â°K V:4.3768e-02V I:2.9698e-03A R:1.4737e+01ğ›€ E:1.3509e+00V/cm J:1.2997e-01A/cm2 ğ›’:1.0394e+01ğ›€ cm
2023-03-23 12:30:41,641 INFO Measurement at current 0.0029849246231155777
2023-03-23 12:30:42,257 INFO T:294.30Â°K V:4.3987e-02V I:2.9849e-03A R:1.4737e+01ğ›€ E:1.3576e+00V/cm J:1.3063e-01A/cm2 ğ›’:1.0393e+01ğ›€ cm
2023-03-23 12:30:42,285 INFO Measurement at current 0.003
2023-03-23 12:30:42,913 INFO T:294.30Â°K V:4.4210e-02V I:3.0000e-03A R:1.4737e+01ğ›€ E:1.3645e+00V/cm J:1.3129e-01A/cm2 ğ›’:1.0393e+01ğ›€ cm
2023-03-23 12:30:58,793 INFO Save the description file
2023-03-23 12:30:58,806 INFO Save data in numpy format Esperimenti/CPRO_MUSA_230323_bis/CPRO_MUSA_230323_bis_current_from_0_to_30e-4A/CPRO_MUSA_230323_bis_current_from_0_to_30e-4A-20230323123056
2023-03-23 12:30:58,856 INFO Save data in CSV format Esperimenti/CPRO_MUSA_230323_bis/CPRO_MUSA_230323_bis_current_from_0_to_30e-4A/CPRO_MUSA_230323_bis_current_from_0_to_30e-4A-20230323123056.csv
2023-03-23 12:30:58,880 INFO Save plot as image Esperimenti/CPRO_MUSA_230323_bis/CPRO_MUSA_230323_bis_current_from_0_to_30e-4A/CPRO_MUSA_230323_bis_current_from_0_to_30e-4A-20230323123056.png
