2022-12-16 14:11:19,053 INFO ### Start experiment: CPRO_03_B_D_Ru1 at fixed current 100e-6A ###
2022-12-16 14:11:20,411 INFO Found Multimeter KEITHLEY INSTRUMENTS INC.,MODEL 2700,0884890,B03  /A02  

2022-12-16 14:11:21,551 INFO Found Nanovolt Meter KEITHLEY INSTRUMENTS INC.,MODEL 2182A,4056474,C03  /A02  

2022-12-16 14:11:21,662 INFO Found Source Meter KEITHLEY INSTRUMENTS INC.,MODEL 2400,0945684,C24   Feb 14 2002 11:59:45/A02  /K/H

2022-12-16 14:11:27,831 INFO Start the measurement loop in continuous mode
2022-12-16 14:11:27,862 INFO Measurement at current 0.0001
2022-12-16 14:11:28,767 INFO T:437.03Â°K V:2.5441e+00V I:1.0000e-04A R:2.5441e+04ğ›€ E:7.8520e+01V/cm J:4.3764e-03A/cm2 ğ›’:1.7942e+04ğ›€ cm
2022-12-16 14:11:28,781 INFO Measurement at current 0.0001
2022-12-16 14:11:29,364 INFO T:437.02Â°K V:2.5439e+00V I:1.0000e-04A R:2.5439e+04ğ›€ E:7.8516e+01V/cm J:4.3764e-03A/cm2 ğ›’:1.7941e+04ğ›€ cm
2022-12-16 14:11:29,379 INFO Measurement at current 0.0001
2022-12-16 14:11:29,968 INFO T:437.02Â°K V:2.5441e+00V I:1.0000e-04A R:2.5441e+04ğ›€ E:7.8520e+01V/cm J:4.3764e-03A/cm2 ğ›’:1.7942e+04ğ›€ cm
2022-12-16 14:11:29,989 INFO Measurement at current 0.0001
2022-12-16 14:11:30,578 INFO T:437.02Â°K V:2.5442e+00V I:1.0000e-04A R:2.5442e+04ğ›€ E:7.8525e+01V/cm J:4.3764e-03A/cm2 ğ›’:1.7943e+04ğ›€ cm
2022-12-16 14:11:30,599 INFO Measurement at current 0.0001
2022-12-16 14:11:31,194 INFO T:437.02Â°K V:2.5441e+00V I:1.0000e-04A R:2.5441e+04ğ›€ E:7.8523e+01V/cm J:4.3764e-03A/cm2 ğ›’:1.7942e+04ğ›€ cm
2022-12-16 14:11:31,216 INFO Measurement at current 0.0001
2022-12-16 14:11:31,818 INFO T:437.02Â°K V:2.5440e+00V I:1.0000e-04A R:2.5440e+04ğ›€ E:7.8520e+01V/cm J:4.3764e-03A/cm2 ğ›’:1.7942e+04ğ›€ cm
2022-12-16 14:11:31,838 INFO Measurement at current 0.0001
2022-12-16 14:11:32,431 INFO T:437.02Â°K V:2.5439e+00V I:1.0000e-04A R:2.5439e+04ğ›€ E:7.8516e+01V/cm J:4.3764e-03A/cm2 ğ›’:1.7941e+04ğ›€ cm
2022-12-16 14:11:32,449 INFO Measurement at current 0.0001
2022-12-16 14:11:33,042 INFO T:437.03Â°K V:2.5441e+00V I:1.0000e-04A R:2.5441e+04ğ›€ E:7.8521e+01V/cm J:4.3764e-03A/cm2 ğ›’:1.7942e+04ğ›€ cm
2022-12-16 14:11:33,057 INFO Measurement at current 0.0001
2022-12-16 14:11:33,639 INFO T:437.03Â°K V:2.5441e+00V I:1.0000e-04A R:2.5441e+04ğ›€ E:7.8521e+01V/cm J:4.3764e-03A/cm2 ğ›’:1.7942e+04ğ›€ cm
2022-12-16 14:11:33,657 INFO Measurement at current 0.0001
2022-12-16 14:11:34,254 INFO T:437.04Â°K V:2.5440e+00V I:1.0000e-04A R:2.5440e+04ğ›€ E:7.8518e+01V/cm J:4.3764e-03A/cm2 ğ›’:1.7941e+04ğ›€ cm
2022-12-16 14:11:34,275 INFO Measurement at current 0.0001
2022-12-16 14:11:34,883 INFO T:437.04Â°K V:2.5442e+00V I:1.0000e-04A R:2.5442e+04ğ›€ E:7.8525e+01V/cm J:4.3764e-03A/cm2 ğ›’:1.7943e+04ğ›€ cm
2022-12-16 14:11:34,899 INFO Measurement at current 0.0001
2022-12-16 14:11:35,495 INFO T:437.05Â°K V:2.5442e+00V I:1.0000e-04A R:2.5442e+04ğ›€ E:7.8525e+01V/cm J:4.3764e-03A/cm2 ğ›’:1.7943e+04ğ›€ cm
2022-12-16 14:11:35,518 INFO Measurement at current 0.0001
2022-12-16 14:11:36,103 INFO T:437.06Â°K V:2.5443e+00V I:1.0000e-04A R:2.5443e+04ğ›€ E:7.8529e+01V/cm J:4.3764e-03A/cm2 ğ›’:1.7944e+04ğ›€ cm
2022-12-16 14:11:36,121 INFO Measurement at current 0.0001
2022-12-16 14:11:36,721 INFO T:437.06Â°K V:2.5442e+00V I:1.0000e-04A R:2.5442e+04ğ›€ E:7.8525e+01V/cm J:4.3764e-03A/cm2 ğ›’:1.7943e+04ğ›€ cm
2022-12-16 14:11:36,742 INFO Measurement at current 0.0001
2022-12-16 14:11:37,334 INFO T:437.07Â°K V:2.5442e+00V I:1.0000e-04A R:2.5442e+04ğ›€ E:7.8525e+01V/cm J:4.3764e-03A/cm2 ğ›’:1.7943e+04ğ›€ cm
2022-12-16 14:11:37,356 INFO Measurement at current 0.0001
2022-12-16 14:11:37,959 INFO T:437.08Â°K V:2.5442e+00V I:1.0000e-04A R:2.5442e+04ğ›€ E:7.8525e+01V/cm J:4.3764e-03A/cm2 ğ›’:1.7943e+04ğ›€ cm
2022-12-16 14:11:37,976 INFO Measurement at current 0.0001
2022-12-16 14:11:38,562 INFO T:437.09Â°K V:2.5442e+00V I:1.0000e-04A R:2.5442e+04ğ›€ E:7.8525e+01V/cm J:4.3764e-03A/cm2 ğ›’:1.7943e+04ğ›€ cm
2022-12-16 14:11:38,581 INFO Measurement at current 0.0001
2022-12-16 14:11:39,164 INFO T:437.10Â°K V:2.5441e+00V I:1.0000e-04A R:2.5441e+04ğ›€ E:7.8523e+01V/cm J:4.3764e-03A/cm2 ğ›’:1.7942e+04ğ›€ cm
2022-12-16 14:11:39,180 INFO Measurement at current 0.0001
2022-12-16 14:11:39,774 INFO T:437.10Â°K V:2.5441e+00V I:1.0000e-04A R:2.5441e+04ğ›€ E:7.8522e+01V/cm J:4.3764e-03A/cm2 ğ›’:1.7942e+04ğ›€ cm
2022-12-16 14:11:39,797 INFO Measurement at current 0.0001
2022-12-16 14:11:40,397 INFO T:437.11Â°K V:2.5441e+00V I:1.0000e-04A R:2.5441e+04ğ›€ E:7.8522e+01V/cm J:4.3764e-03A/cm2 ğ›’:1.7942e+04ğ›€ cm
2022-12-16 14:11:40,416 INFO Measurement at current 0.0001
2022-12-16 14:11:41,014 INFO T:437.12Â°K V:2.5441e+00V I:1.0000e-04A R:2.5441e+04ğ›€ E:7.8522e+01V/cm J:4.3764e-03A/cm2 ğ›’:1.7942e+04ğ›€ cm
2022-12-16 14:11:41,035 INFO Measurement at current 0.0001
2022-12-16 14:11:41,626 INFO T:437.13Â°K V:2.5440e+00V I:1.0000e-04A R:2.5440e+04ğ›€ E:7.8519e+01V/cm J:4.3764e-03A/cm2 ğ›’:1.7942e+04ğ›€ cm
2022-12-16 14:11:41,645 INFO Measurement at current 0.0001
2022-12-16 14:11:42,234 INFO T:437.14Â°K V:2.5441e+00V I:1.0000e-04A R:2.5441e+04ğ›€ E:7.8522e+01V/cm J:4.3764e-03A/cm2 ğ›’:1.7942e+04ğ›€ cm
2022-12-16 14:11:42,252 INFO Measurement at current 0.0001
2022-12-16 14:11:42,843 INFO T:437.15Â°K V:2.5441e+00V I:1.0000e-04A R:2.5441e+04ğ›€ E:7.8523e+01V/cm J:4.3764e-03A/cm2 ğ›’:1.7942e+04ğ›€ cm
2022-12-16 14:11:42,858 INFO Measurement at current 0.0001
2022-12-16 14:11:43,447 INFO T:437.16Â°K V:2.5442e+00V I:1.0000e-04A R:2.5442e+04ğ›€ E:7.8524e+01V/cm J:4.3764e-03A/cm2 ğ›’:1.7943e+04ğ›€ cm
2022-12-16 14:11:43,469 INFO Measurement at current 0.0001
2022-12-16 14:11:44,078 INFO T:437.17Â°K V:2.5440e+00V I:1.0000e-04A R:2.5440e+04ğ›€ E:7.8518e+01V/cm J:4.3764e-03A/cm2 ğ›’:1.7941e+04ğ›€ cm
2022-12-16 14:11:44,097 INFO Measurement at current 0.0001
2022-12-16 14:11:44,693 INFO T:437.18Â°K V:2.5440e+00V I:1.0000e-04A R:2.5440e+04ğ›€ E:7.8518e+01V/cm J:4.3764e-03A/cm2 ğ›’:1.7941e+04ğ›€ cm
2022-12-16 14:11:44,712 INFO Measurement at current 0.0001
2022-12-16 14:11:45,310 INFO T:437.19Â°K V:2.5441e+00V I:1.0000e-04A R:2.5441e+04ğ›€ E:7.8520e+01V/cm J:4.3764e-03A/cm2 ğ›’:1.7942e+04ğ›€ cm
2022-12-16 14:11:45,331 INFO Measurement at current 0.0001
2022-12-16 14:11:45,917 INFO T:437.20Â°K V:2.5440e+00V I:1.0000e-04A R:2.5440e+04ğ›€ E:7.8517e+01V/cm J:4.3764e-03A/cm2 ğ›’:1.7941e+04ğ›€ cm
2022-12-16 14:11:45,941 INFO Measurement at current 0.0001
2022-12-16 14:11:46,536 INFO T:437.21Â°K V:2.5439e+00V I:1.0000e-04A R:2.5439e+04ğ›€ E:7.8514e+01V/cm J:4.3764e-03A/cm2 ğ›’:1.7941e+04ğ›€ cm
2022-12-16 14:11:46,558 INFO Measurement at current 0.0001
2022-12-16 14:11:47,155 INFO T:437.22Â°K V:2.5438e+00V I:1.0000e-04A R:2.5438e+04ğ›€ E:7.8514e+01V/cm J:4.3764e-03A/cm2 ğ›’:1.7940e+04ğ›€ cm
2022-12-16 14:11:47,175 INFO Measurement at current 0.0001
2022-12-16 14:11:47,776 INFO T:437.23Â°K V:2.5436e+00V I:1.0000e-04A R:2.5436e+04ğ›€ E:7.8506e+01V/cm J:4.3764e-03A/cm2 ğ›’:1.7939e+04ğ›€ cm
2022-12-16 14:11:47,796 INFO Measurement at current 0.0001
2022-12-16 14:11:48,400 INFO T:437.24Â°K V:2.5435e+00V I:1.0000e-04A R:2.5435e+04ğ›€ E:7.8504e+01V/cm J:4.3764e-03A/cm2 ğ›’:1.7938e+04ğ›€ cm
2022-12-16 14:11:48,420 INFO Measurement at current 0.0001
2022-12-16 14:11:49,008 INFO T:437.25Â°K V:2.5437e+00V I:1.0000e-04A R:2.5437e+04ğ›€ E:7.8509e+01V/cm J:4.3764e-03A/cm2 ğ›’:1.7939e+04ğ›€ cm
2022-12-16 14:11:49,023 INFO Measurement at current 0.0001
2022-12-16 14:11:49,613 INFO T:437.26Â°K V:2.5437e+00V I:1.0000e-04A R:2.5437e+04ğ›€ E:7.8511e+01V/cm J:4.3764e-03A/cm2 ğ›’:1.7940e+04ğ›€ cm
2022-12-16 14:11:49,635 INFO Measurement at current 0.0001
2022-12-16 14:11:50,235 INFO T:437.27Â°K V:2.5437e+00V I:1.0000e-04A R:2.5437e+04ğ›€ E:7.8508e+01V/cm J:4.3764e-03A/cm2 ğ›’:1.7939e+04ğ›€ cm
2022-12-16 14:11:50,249 INFO Measurement at current 0.0001
2022-12-16 14:11:50,838 INFO T:437.28Â°K V:2.5438e+00V I:1.0000e-04A R:2.5438e+04ğ›€ E:7.8512e+01V/cm J:4.3764e-03A/cm2 ğ›’:1.7940e+04ğ›€ cm
2022-12-16 14:11:50,862 INFO Measurement at current 0.0001
2022-12-16 14:11:51,465 INFO T:437.29Â°K V:2.5438e+00V I:1.0000e-04A R:2.5438e+04ğ›€ E:7.8514e+01V/cm J:4.3764e-03A/cm2 ğ›’:1.7940e+04ğ›€ cm
2022-12-16 14:11:51,485 INFO Measurement at current 0.0001
2022-12-16 14:11:52,076 INFO T:437.30Â°K V:2.5439e+00V I:1.0000e-04A R:2.5439e+04ğ›€ E:7.8517e+01V/cm J:4.3764e-03A/cm2 ğ›’:1.7941e+04ğ›€ cm
2022-12-16 14:11:52,099 INFO Measurement at current 0.0001
2022-12-16 14:11:52,700 INFO T:437.31Â°K V:2.5439e+00V I:1.0000e-04A R:2.5439e+04ğ›€ E:7.8514e+01V/cm J:4.3764e-03A/cm2 ğ›’:1.7941e+04ğ›€ cm
2022-12-16 14:11:52,726 INFO Measurement at current 0.0001
2022-12-16 14:11:53,326 INFO T:437.32Â°K V:2.5439e+00V I:1.0000e-04A R:2.5439e+04ğ›€ E:7.8515e+01V/cm J:4.3764e-03A/cm2 ğ›’:1.7941e+04ğ›€ cm
2022-12-16 14:11:53,344 INFO Measurement at current 0.0001
2022-12-16 14:11:53,930 INFO T:437.33Â°K V:2.5439e+00V I:1.0000e-04A R:2.5439e+04ğ›€ E:7.8517e+01V/cm J:4.3764e-03A/cm2 ğ›’:1.7941e+04ğ›€ cm
2022-12-16 14:11:53,947 INFO Measurement at current 0.0001
2022-12-16 14:11:54,541 INFO T:437.35Â°K V:2.5441e+00V I:1.0000e-04A R:2.5441e+04ğ›€ E:7.8521e+01V/cm J:4.3764e-03A/cm2 ğ›’:1.7942e+04ğ›€ cm
2022-12-16 14:11:54,557 INFO Measurement at current 0.0001
2022-12-16 14:11:55,166 INFO T:437.36Â°K V:2.5441e+00V I:1.0000e-04A R:2.5441e+04ğ›€ E:7.8522e+01V/cm J:4.3764e-03A/cm2 ğ›’:1.7942e+04ğ›€ cm
2022-12-16 14:11:55,188 INFO Measurement at current 0.0001
2022-12-16 14:11:55,783 INFO T:437.37Â°K V:2.5438e+00V I:1.0000e-04A R:2.5438e+04ğ›€ E:7.8511e+01V/cm J:4.3764e-03A/cm2 ğ›’:1.7940e+04ğ›€ cm
2022-12-16 14:11:55,797 INFO Measurement at current 0.0001
2022-12-16 14:11:56,392 INFO T:437.38Â°K V:2.5441e+00V I:1.0000e-04A R:2.5441e+04ğ›€ E:7.8523e+01V/cm J:4.3764e-03A/cm2 ğ›’:1.7943e+04ğ›€ cm
2022-12-16 14:11:56,414 INFO Measurement at current 0.0001
2022-12-16 14:11:57,004 INFO T:437.39Â°K V:2.5439e+00V I:1.0000e-04A R:2.5439e+04ğ›€ E:7.8516e+01V/cm J:4.3764e-03A/cm2 ğ›’:1.7941e+04ğ›€ cm
2022-12-16 14:11:57,036 INFO Measurement at current 0.0001
2022-12-16 14:11:57,629 INFO T:437.40Â°K V:2.5439e+00V I:1.0000e-04A R:2.5439e+04ğ›€ E:7.8515e+01V/cm J:4.3764e-03A/cm2 ğ›’:1.7941e+04ğ›€ cm
2022-12-16 14:11:57,643 INFO Measurement at current 0.0001
2022-12-16 14:11:58,242 INFO T:437.41Â°K V:2.5439e+00V I:1.0000e-04A R:2.5439e+04ğ›€ E:7.8516e+01V/cm J:4.3764e-03A/cm2 ğ›’:1.7941e+04ğ›€ cm
2022-12-16 14:11:58,263 INFO Measurement at current 0.0001
2022-12-16 14:11:58,865 INFO T:437.42Â°K V:2.5439e+00V I:1.0000e-04A R:2.5439e+04ğ›€ E:7.8515e+01V/cm J:4.3764e-03A/cm2 ğ›’:1.7941e+04ğ›€ cm
2022-12-16 14:11:58,879 INFO Measurement at current 0.0001
2022-12-16 14:11:59,467 INFO T:437.43Â°K V:2.5438e+00V I:1.0000e-04A R:2.5438e+04ğ›€ E:7.8514e+01V/cm J:4.3764e-03A/cm2 ğ›’:1.7940e+04ğ›€ cm
2022-12-16 14:11:59,493 INFO Measurement at current 0.0001
2022-12-16 14:12:00,084 INFO T:437.44Â°K V:2.5438e+00V I:1.0000e-04A R:2.5438e+04ğ›€ E:7.8514e+01V/cm J:4.3764e-03A/cm2 ğ›’:1.7940e+04ğ›€ cm
2022-12-16 14:12:00,099 INFO Measurement at current 0.0001
2022-12-16 14:12:00,687 INFO T:437.45Â°K V:2.5439e+00V I:1.0000e-04A R:2.5439e+04ğ›€ E:7.8515e+01V/cm J:4.3764e-03A/cm2 ğ›’:1.7941e+04ğ›€ cm
2022-12-16 14:12:00,701 INFO Measurement at current 0.0001
2022-12-16 14:12:01,299 INFO T:437.46Â°K V:2.5439e+00V I:1.0000e-04A R:2.5439e+04ğ›€ E:7.8516e+01V/cm J:4.3764e-03A/cm2 ğ›’:1.7941e+04ğ›€ cm
2022-12-16 14:12:01,322 INFO Measurement at current 0.0001
2022-12-16 14:12:01,922 INFO T:437.47Â°K V:2.5440e+00V I:1.0000e-04A R:2.5440e+04ğ›€ E:7.8519e+01V/cm J:4.3764e-03A/cm2 ğ›’:1.7942e+04ğ›€ cm
2022-12-16 14:12:01,948 INFO Measurement at current 0.0001
2022-12-16 14:12:02,573 INFO T:437.48Â°K V:2.5441e+00V I:1.0000e-04A R:2.5441e+04ğ›€ E:7.8522e+01V/cm J:4.3764e-03A/cm2 ğ›’:1.7942e+04ğ›€ cm
2022-12-16 14:12:02,596 INFO Measurement at current 0.0001
2022-12-16 14:12:03,189 INFO T:437.50Â°K V:2.5442e+00V I:1.0000e-04A R:2.5442e+04ğ›€ E:7.8524e+01V/cm J:4.3764e-03A/cm2 ğ›’:1.7943e+04ğ›€ cm
2022-12-16 14:12:03,220 INFO Measurement at current 0.0001
2022-12-16 14:12:03,809 INFO T:437.51Â°K V:2.5440e+00V I:1.0000e-04A R:2.5440e+04ğ›€ E:7.8518e+01V/cm J:4.3764e-03A/cm2 ğ›’:1.7941e+04ğ›€ cm
2022-12-16 14:12:03,825 INFO Measurement at current 0.0001
2022-12-16 14:12:04,421 INFO T:437.52Â°K V:2.5440e+00V I:1.0000e-04A R:2.5440e+04ğ›€ E:7.8520e+01V/cm J:4.3764e-03A/cm2 ğ›’:1.7942e+04ğ›€ cm
2022-12-16 14:12:04,437 INFO Measurement at current 0.0001
2022-12-16 14:12:05,033 INFO T:437.53Â°K V:2.5439e+00V I:1.0000e-04A R:2.5439e+04ğ›€ E:7.8514e+01V/cm J:4.3764e-03A/cm2 ğ›’:1.7940e+04ğ›€ cm
2022-12-16 14:12:05,051 INFO Measurement at current 0.0001
2022-12-16 14:12:05,656 INFO T:437.54Â°K V:2.5441e+00V I:1.0000e-04A R:2.5441e+04ğ›€ E:7.8521e+01V/cm J:4.3764e-03A/cm2 ğ›’:1.7942e+04ğ›€ cm
2022-12-16 14:12:05,675 INFO Measurement at current 0.0001
2022-12-16 14:12:06,289 INFO T:437.55Â°K V:2.5438e+00V I:1.0000e-04A R:2.5438e+04ğ›€ E:7.8514e+01V/cm J:4.3764e-03A/cm2 ğ›’:1.7940e+04ğ›€ cm
2022-12-16 14:12:06,304 INFO Measurement at current 0.0001
2022-12-16 14:12:06,912 INFO T:437.56Â°K V:2.5439e+00V I:1.0000e-04A R:2.5439e+04ğ›€ E:7.8515e+01V/cm J:4.3764e-03A/cm2 ğ›’:1.7941e+04ğ›€ cm
2022-12-16 14:12:06,935 INFO Measurement at current 0.0001
2022-12-16 14:12:07,530 INFO T:437.57Â°K V:2.5440e+00V I:1.0000e-04A R:2.5440e+04ğ›€ E:7.8519e+01V/cm J:4.3764e-03A/cm2 ğ›’:1.7942e+04ğ›€ cm
2022-12-16 14:12:07,530 INFO Leaving the current loop
2022-12-16 14:12:07,551 INFO End of the measurement loop
2022-12-16 14:12:09,852 INFO Save the description file
2022-12-16 14:12:09,855 INFO Save data in numpy format Esperimenti/CPRO_03_B_D_Ru1/CPRO_03_B_D_Ru1_at_fixed_current_100e-6A/CPRO_03_B_D_Ru1_at_fixed_current_100e-6A-20221216141207
2022-12-16 14:12:09,862 INFO Save data in CSV format Esperimenti/CPRO_03_B_D_Ru1/CPRO_03_B_D_Ru1_at_fixed_current_100e-6A/CPRO_03_B_D_Ru1_at_fixed_current_100e-6A-20221216141207.csv
2022-12-16 14:12:09,890 INFO Save plot as image Esperimenti/CPRO_03_B_D_Ru1/CPRO_03_B_D_Ru1_at_fixed_current_100e-6A/CPRO_03_B_D_Ru1_at_fixed_current_100e-6A-20221216141207.png
