2022-04-28 17:42:00,115 INFO ### Start experiment: CA12X2_C1 at fixed current 1.6e-7A ###
2022-04-28 17:42:01,465 INFO Found Multimeter KEITHLEY INSTRUMENTS INC.,MODEL 2700,0884890,B03  /A02  

2022-04-28 17:42:02,488 INFO Found Nanovolt Meter KEITHLEY INSTRUMENTS INC.,MODEL 2182A,4056474,C03  /A02  

2022-04-28 17:42:02,598 INFO Found Source Meter KEITHLEY INSTRUMENTS INC.,MODEL 2400,0945684,C24   Feb 14 2002 11:59:45/A02  /K/H

2022-04-28 17:42:06,395 INFO Start the measurement loop in continuous mode
2022-04-28 17:42:06,661 INFO Measurement at current 1.6e-07
2022-04-28 17:42:07,569 INFO T:87.75Â°K V:6.5637e+00V I:1.6000e-07A R:4.1023e+07ğ›€ E:1.1258e+02V/cm J:2.7082e-06A/cm2 ğ›’:4.1572e+07ğ›€ cm
2022-04-28 17:42:07,591 INFO Measurement at current 1.6e-07
2022-04-28 17:42:08,822 INFO T:87.75Â°K V:1.4956e+00V I:1.6000e-07A R:9.3474e+06ğ›€ E:2.5653e+01V/cm J:2.7082e-06A/cm2 ğ›’:9.4725e+06ğ›€ cm
2022-04-28 17:42:08,851 INFO Measurement at current 1.6e-07
2022-04-28 17:42:09,764 INFO T:87.75Â°K V:6.5793e+00V I:1.6000e-07A R:4.1120e+07ğ›€ E:1.1285e+02V/cm J:2.7082e-06A/cm2 ğ›’:4.1671e+07ğ›€ cm
2022-04-28 17:42:09,781 INFO Measurement at current 1.6e-07
2022-04-28 17:42:10,999 INFO T:87.75Â°K V:1.4957e+00V I:1.6000e-07A R:9.3481e+06ğ›€ E:2.5655e+01V/cm J:2.7082e-06A/cm2 ğ›’:9.4732e+06ğ›€ cm
2022-04-28 17:42:11,020 INFO Measurement at current 1.6e-07
2022-04-28 17:42:11,945 INFO T:87.75Â°K V:6.5909e+00V I:1.6000e-07A R:4.1193e+07ğ›€ E:1.1305e+02V/cm J:2.7082e-06A/cm2 ğ›’:4.1744e+07ğ›€ cm
2022-04-28 17:42:11,969 INFO Measurement at current 1.6e-07
2022-04-28 17:42:13,200 INFO T:87.75Â°K V:1.4958e+00V I:1.6000e-07A R:9.3490e+06ğ›€ E:2.5658e+01V/cm J:2.7082e-06A/cm2 ğ›’:9.4740e+06ğ›€ cm
2022-04-28 17:42:13,222 INFO Measurement at current 1.6e-07
2022-04-28 17:42:14,132 INFO T:87.75Â°K V:6.5820e+00V I:1.6000e-07A R:4.1138e+07ğ›€ E:1.1290e+02V/cm J:2.7082e-06A/cm2 ğ›’:4.1688e+07ğ›€ cm
2022-04-28 17:42:14,152 INFO Measurement at current 1.6e-07
2022-04-28 17:42:15,380 INFO T:87.75Â°K V:1.4960e+00V I:1.6000e-07A R:9.3501e+06ğ›€ E:2.5661e+01V/cm J:2.7082e-06A/cm2 ğ›’:9.4752e+06ğ›€ cm
2022-04-28 17:42:15,401 INFO Measurement at current 1.6e-07
2022-04-28 17:42:16,311 INFO T:87.75Â°K V:6.5587e+00V I:1.6000e-07A R:4.0992e+07ğ›€ E:1.1250e+02V/cm J:2.7082e-06A/cm2 ğ›’:4.1540e+07ğ›€ cm
2022-04-28 17:42:16,346 INFO Measurement at current 1.6e-07
2022-04-28 17:42:17,569 INFO T:87.75Â°K V:1.4960e+00V I:1.6000e-07A R:9.3498e+06ğ›€ E:2.5660e+01V/cm J:2.7082e-06A/cm2 ğ›’:9.4749e+06ğ›€ cm
2022-04-28 17:42:17,589 INFO Measurement at current 1.6e-07
2022-04-28 17:42:18,510 INFO T:87.75Â°K V:6.5937e+00V I:1.6000e-07A R:4.1211e+07ğ›€ E:1.1310e+02V/cm J:2.7082e-06A/cm2 ğ›’:4.1762e+07ğ›€ cm
2022-04-28 17:42:18,527 INFO Measurement at current 1.6e-07
2022-04-28 17:42:19,748 INFO T:87.75Â°K V:1.4960e+00V I:1.6000e-07A R:9.3503e+06ğ›€ E:2.5661e+01V/cm J:2.7082e-06A/cm2 ğ›’:9.4754e+06ğ›€ cm
2022-04-28 17:42:19,772 INFO Measurement at current 1.6e-07
2022-04-28 17:42:20,683 INFO T:87.75Â°K V:6.5770e+00V I:1.6000e-07A R:4.1107e+07ğ›€ E:1.1281e+02V/cm J:2.7082e-06A/cm2 ğ›’:4.1656e+07ğ›€ cm
2022-04-28 17:42:20,709 INFO Measurement at current 1.6e-07
2022-04-28 17:42:21,928 INFO T:87.75Â°K V:1.4961e+00V I:1.6000e-07A R:9.3506e+06ğ›€ E:2.5662e+01V/cm J:2.7082e-06A/cm2 ğ›’:9.4757e+06ğ›€ cm
2022-04-28 17:42:21,953 INFO Measurement at current 1.6e-07
2022-04-28 17:42:22,867 INFO T:87.75Â°K V:6.5923e+00V I:1.6000e-07A R:4.1202e+07ğ›€ E:1.1308e+02V/cm J:2.7082e-06A/cm2 ğ›’:4.1753e+07ğ›€ cm
2022-04-28 17:42:22,884 INFO Measurement at current 1.6e-07
2022-04-28 17:42:24,108 INFO T:87.75Â°K V:1.4960e+00V I:1.6000e-07A R:9.3501e+06ğ›€ E:2.5661e+01V/cm J:2.7082e-06A/cm2 ğ›’:9.4752e+06ğ›€ cm
2022-04-28 17:42:24,123 INFO Measurement at current 1.6e-07
2022-04-28 17:42:25,029 INFO T:87.75Â°K V:6.5771e+00V I:1.6000e-07A R:4.1107e+07ğ›€ E:1.1281e+02V/cm J:2.7082e-06A/cm2 ğ›’:4.1657e+07ğ›€ cm
2022-04-28 17:42:25,051 INFO Measurement at current 1.6e-07
2022-04-28 17:42:26,275 INFO T:87.75Â°K V:1.4961e+00V I:1.6000e-07A R:9.3509e+06ğ›€ E:2.5663e+01V/cm J:2.7082e-06A/cm2 ğ›’:9.4760e+06ğ›€ cm
2022-04-28 17:42:26,302 INFO Measurement at current 1.6e-07
2022-04-28 17:42:27,210 INFO T:87.75Â°K V:6.5563e+00V I:1.6000e-07A R:4.0977e+07ğ›€ E:1.1246e+02V/cm J:2.7082e-06A/cm2 ğ›’:4.1525e+07ğ›€ cm
2022-04-28 17:42:27,238 INFO Measurement at current 1.6e-07
2022-04-28 17:42:28,454 INFO T:87.75Â°K V:1.4962e+00V I:1.6000e-07A R:9.3511e+06ğ›€ E:2.5663e+01V/cm J:2.7082e-06A/cm2 ğ›’:9.4762e+06ğ›€ cm
2022-04-28 17:42:28,588 INFO Measurement at current 1.6e-07
2022-04-28 17:42:29,502 INFO T:87.75Â°K V:6.5677e+00V I:1.6000e-07A R:4.1048e+07ğ›€ E:1.1265e+02V/cm J:2.7082e-06A/cm2 ğ›’:4.1598e+07ğ›€ cm
2022-04-28 17:42:29,518 INFO Measurement at current 1.6e-07
2022-04-28 17:42:30,741 INFO T:87.75Â°K V:1.4963e+00V I:1.6000e-07A R:9.3518e+06ğ›€ E:2.5665e+01V/cm J:2.7082e-06A/cm2 ğ›’:9.4769e+06ğ›€ cm
2022-04-28 17:42:30,766 INFO Measurement at current 1.6e-07
2022-04-28 17:42:31,681 INFO T:87.75Â°K V:6.5932e+00V I:1.6000e-07A R:4.1207e+07ğ›€ E:1.1309e+02V/cm J:2.7082e-06A/cm2 ğ›’:4.1759e+07ğ›€ cm
2022-04-28 17:42:31,707 INFO Measurement at current 1.6e-07
2022-04-28 17:42:32,925 INFO T:87.75Â°K V:1.4934e+00V I:1.6000e-07A R:9.3339e+06ğ›€ E:2.5616e+01V/cm J:2.7082e-06A/cm2 ğ›’:9.4588e+06ğ›€ cm
2022-04-28 17:42:32,946 INFO Measurement at current 1.6e-07
2022-04-28 17:42:33,861 INFO T:87.75Â°K V:6.5365e+00V I:1.6000e-07A R:4.0853e+07ğ›€ E:1.1212e+02V/cm J:2.7082e-06A/cm2 ğ›’:4.1400e+07ğ›€ cm
2022-04-28 17:42:33,879 INFO Measurement at current 1.6e-07
2022-04-28 17:42:35,099 INFO T:87.75Â°K V:1.4968e+00V I:1.6000e-07A R:9.3549e+06ğ›€ E:2.5674e+01V/cm J:2.7082e-06A/cm2 ğ›’:9.4801e+06ğ›€ cm
2022-04-28 17:42:35,114 INFO Measurement at current 1.6e-07
2022-04-28 17:42:36,033 INFO T:87.75Â°K V:6.5590e+00V I:1.6000e-07A R:4.0994e+07ğ›€ E:1.1250e+02V/cm J:2.7082e-06A/cm2 ğ›’:4.1542e+07ğ›€ cm
2022-04-28 17:42:36,093 INFO Measurement at current 1.6e-07
2022-04-28 17:42:37,312 INFO T:87.75Â°K V:1.4965e+00V I:1.6000e-07A R:9.3533e+06ğ›€ E:2.5669e+01V/cm J:2.7082e-06A/cm2 ğ›’:9.4784e+06ğ›€ cm
2022-04-28 17:42:37,335 INFO Measurement at current 1.6e-07
2022-04-28 17:42:38,245 INFO T:87.75Â°K V:6.5657e+00V I:1.6000e-07A R:4.1036e+07ğ›€ E:1.1262e+02V/cm J:2.7082e-06A/cm2 ğ›’:4.1585e+07ğ›€ cm
2022-04-28 17:42:38,284 INFO Measurement at current 1.6e-07
2022-04-28 17:42:39,517 INFO T:87.75Â°K V:1.4964e+00V I:1.6000e-07A R:9.3523e+06ğ›€ E:2.5667e+01V/cm J:2.7082e-06A/cm2 ğ›’:9.4775e+06ğ›€ cm
2022-04-28 17:42:39,545 INFO Measurement at current 1.6e-07
2022-04-28 17:42:40,447 INFO T:87.75Â°K V:6.5753e+00V I:1.6000e-07A R:4.1096e+07ğ›€ E:1.1278e+02V/cm J:2.7082e-06A/cm2 ğ›’:4.1646e+07ğ›€ cm
2022-04-28 17:42:40,464 INFO Measurement at current 1.6e-07
2022-04-28 17:42:41,743 INFO T:87.75Â°K V:1.4964e+00V I:1.6000e-07A R:9.3523e+06ğ›€ E:2.5667e+01V/cm J:2.7082e-06A/cm2 ğ›’:9.4774e+06ğ›€ cm
2022-04-28 17:42:41,769 INFO Measurement at current 1.6e-07
2022-04-28 17:42:42,671 INFO T:87.75Â°K V:6.5747e+00V I:1.6000e-07A R:4.1092e+07ğ›€ E:1.1277e+02V/cm J:2.7082e-06A/cm2 ğ›’:4.1641e+07ğ›€ cm
2022-04-28 17:42:42,686 INFO Measurement at current 1.6e-07
2022-04-28 17:42:43,905 INFO T:87.75Â°K V:1.4962e+00V I:1.6000e-07A R:9.3512e+06ğ›€ E:2.5664e+01V/cm J:2.7082e-06A/cm2 ğ›’:9.4763e+06ğ›€ cm
2022-04-28 17:42:43,932 INFO Measurement at current 1.6e-07
2022-04-28 17:42:44,837 INFO T:87.75Â°K V:6.5918e+00V I:1.6000e-07A R:4.1199e+07ğ›€ E:1.1307e+02V/cm J:2.7082e-06A/cm2 ğ›’:4.1750e+07ğ›€ cm
2022-04-28 17:42:44,860 INFO Measurement at current 1.6e-07
2022-04-28 17:42:46,079 INFO T:87.74Â°K V:1.4959e+00V I:1.6000e-07A R:9.3497e+06ğ›€ E:2.5659e+01V/cm J:2.7082e-06A/cm2 ğ›’:9.4747e+06ğ›€ cm
2022-04-28 17:42:46,094 INFO Measurement at current 1.6e-07
2022-04-28 17:42:47,008 INFO T:87.74Â°K V:6.5370e+00V I:1.6000e-07A R:4.0856e+07ğ›€ E:1.1213e+02V/cm J:2.7082e-06A/cm2 ğ›’:4.1403e+07ğ›€ cm
2022-04-28 17:42:47,115 INFO Measurement at current 1.6e-07
2022-04-28 17:42:48,362 INFO T:87.76Â°K V:1.4799e+00V I:1.6000e-07A R:9.2492e+06ğ›€ E:2.5384e+01V/cm J:2.7082e-06A/cm2 ğ›’:9.3730e+06ğ›€ cm
2022-04-28 17:42:48,385 INFO Measurement at current 1.6e-07
2022-04-28 17:42:49,334 INFO T:87.77Â°K V:6.1792e+00V I:1.6000e-07A R:3.8620e+07ğ›€ E:1.0599e+02V/cm J:2.7082e-06A/cm2 ğ›’:3.9136e+07ğ›€ cm
2022-04-28 17:42:49,371 INFO Measurement at current 1.6e-07
2022-04-28 17:42:50,602 INFO T:87.80Â°K V:1.4668e+00V I:1.6000e-07A R:9.1676e+06ğ›€ E:2.5160e+01V/cm J:2.7082e-06A/cm2 ğ›’:9.2902e+06ğ›€ cm
2022-04-28 17:42:50,805 INFO Measurement at current 1.6e-07
2022-04-28 17:42:51,725 INFO T:87.84Â°K V:6.2323e+00V I:1.6000e-07A R:3.8952e+07ğ›€ E:1.0690e+02V/cm J:2.7082e-06A/cm2 ğ›’:3.9473e+07ğ›€ cm
2022-04-28 17:42:51,741 INFO Measurement at current 1.6e-07
2022-04-28 17:42:52,978 INFO T:87.88Â°K V:1.4731e+00V I:1.6000e-07A R:9.2071e+06ğ›€ E:2.5268e+01V/cm J:2.7082e-06A/cm2 ğ›’:9.3303e+06ğ›€ cm
2022-04-28 17:42:53,004 INFO Measurement at current 1.6e-07
2022-04-28 17:42:53,913 INFO T:87.91Â°K V:6.1994e+00V I:1.6000e-07A R:3.8746e+07ğ›€ E:1.0634e+02V/cm J:2.7082e-06A/cm2 ğ›’:3.9265e+07ğ›€ cm
2022-04-28 17:42:53,938 INFO Measurement at current 1.6e-07
2022-04-28 17:42:55,179 INFO T:87.97Â°K V:1.4739e+00V I:1.6000e-07A R:9.2119e+06ğ›€ E:2.5281e+01V/cm J:2.7082e-06A/cm2 ğ›’:9.3352e+06ğ›€ cm
2022-04-28 17:42:55,196 INFO Measurement at current 1.6e-07
2022-04-28 17:42:56,146 INFO T:88.01Â°K V:6.2224e+00V I:1.6000e-07A R:3.8890e+07ğ›€ E:1.0673e+02V/cm J:2.7082e-06A/cm2 ğ›’:3.9410e+07ğ›€ cm
2022-04-28 17:42:56,177 INFO Measurement at current 1.6e-07
2022-04-28 17:42:57,407 INFO T:88.07Â°K V:1.4735e+00V I:1.6000e-07A R:9.2091e+06ğ›€ E:2.5274e+01V/cm J:2.7082e-06A/cm2 ğ›’:9.3323e+06ğ›€ cm
2022-04-28 17:42:57,428 INFO Measurement at current 1.6e-07
2022-04-28 17:42:58,355 INFO T:88.13Â°K V:6.2061e+00V I:1.6000e-07A R:3.8788e+07ğ›€ E:1.0645e+02V/cm J:2.7082e-06A/cm2 ğ›’:3.9307e+07ğ›€ cm
2022-04-28 17:42:58,413 INFO Measurement at current 1.6e-07
2022-04-28 17:42:59,648 INFO T:88.20Â°K V:1.4729e+00V I:1.6000e-07A R:9.2053e+06ğ›€ E:2.5263e+01V/cm J:2.7082e-06A/cm2 ğ›’:9.3285e+06ğ›€ cm
2022-04-28 17:42:59,679 INFO Measurement at current 1.6e-07
2022-04-28 17:43:00,584 INFO T:88.25Â°K V:6.1978e+00V I:1.6000e-07A R:3.8736e+07ğ›€ E:1.0631e+02V/cm J:2.7082e-06A/cm2 ğ›’:3.9254e+07ğ›€ cm
2022-04-28 17:43:00,635 INFO Measurement at current 1.6e-07
2022-04-28 17:43:01,870 INFO T:88.33Â°K V:1.4720e+00V I:1.6000e-07A R:9.2000e+06ğ›€ E:2.5249e+01V/cm J:2.7082e-06A/cm2 ğ›’:9.3230e+06ğ›€ cm
2022-04-28 17:43:01,982 INFO Measurement at current 1.6e-07
2022-04-28 17:43:02,897 INFO T:88.40Â°K V:6.1969e+00V I:1.6000e-07A R:3.8731e+07ğ›€ E:1.0629e+02V/cm J:2.7082e-06A/cm2 ğ›’:3.9249e+07ğ›€ cm
2022-04-28 17:43:02,926 INFO Measurement at current 1.6e-07
2022-04-28 17:43:04,143 INFO T:88.48Â°K V:1.4708e+00V I:1.6000e-07A R:9.1924e+06ğ›€ E:2.5228e+01V/cm J:2.7082e-06A/cm2 ğ›’:9.3154e+06ğ›€ cm
2022-04-28 17:43:04,158 INFO Measurement at current 1.6e-07
2022-04-28 17:43:05,059 INFO T:88.54Â°K V:6.1900e+00V I:1.6000e-07A R:3.8687e+07ğ›€ E:1.0617e+02V/cm J:2.7082e-06A/cm2 ğ›’:3.9205e+07ğ›€ cm
2022-04-28 17:43:05,074 INFO Measurement at current 1.6e-07
2022-04-28 17:43:06,296 INFO T:88.63Â°K V:1.4695e+00V I:1.6000e-07A R:9.1843e+06ğ›€ E:2.5206e+01V/cm J:2.7082e-06A/cm2 ğ›’:9.3072e+06ğ›€ cm
2022-04-28 17:43:06,315 INFO Measurement at current 1.6e-07
2022-04-28 17:43:07,242 INFO T:88.70Â°K V:6.1097e+00V I:1.6000e-07A R:3.8186e+07ğ›€ E:1.0480e+02V/cm J:2.7082e-06A/cm2 ğ›’:3.8696e+07ğ›€ cm
2022-04-28 17:43:07,265 INFO Measurement at current 1.6e-07
2022-04-28 17:43:08,495 INFO T:88.79Â°K V:1.4680e+00V I:1.6000e-07A R:9.1749e+06ğ›€ E:2.5180e+01V/cm J:2.7082e-06A/cm2 ğ›’:9.2976e+06ğ›€ cm
2022-04-28 17:43:08,516 INFO Measurement at current 1.6e-07
2022-04-28 17:43:09,446 INFO T:88.86Â°K V:6.1475e+00V I:1.6000e-07A R:3.8422e+07ğ›€ E:1.0545e+02V/cm J:2.7082e-06A/cm2 ğ›’:3.8936e+07ğ›€ cm
2022-04-28 17:43:09,492 INFO Measurement at current 1.6e-07
2022-04-28 17:43:10,719 INFO T:88.96Â°K V:1.4665e+00V I:1.6000e-07A R:9.1655e+06ğ›€ E:2.5154e+01V/cm J:2.7082e-06A/cm2 ğ›’:9.2881e+06ğ›€ cm
2022-04-28 17:43:10,777 INFO Measurement at current 1.6e-07
2022-04-28 17:43:11,678 INFO T:89.03Â°K V:6.0973e+00V I:1.6000e-07A R:3.8108e+07ğ›€ E:1.0459e+02V/cm J:2.7082e-06A/cm2 ğ›’:3.8618e+07ğ›€ cm
2022-04-28 17:43:11,693 INFO Measurement at current 1.6e-07
2022-04-28 17:43:12,948 INFO T:89.13Â°K V:1.4648e+00V I:1.6000e-07A R:9.1550e+06ğ›€ E:2.5125e+01V/cm J:2.7082e-06A/cm2 ğ›’:9.2775e+06ğ›€ cm
2022-04-28 17:43:13,122 INFO Measurement at current 1.6e-07
2022-04-28 17:43:14,029 INFO T:89.22Â°K V:6.0583e+00V I:1.6000e-07A R:3.7865e+07ğ›€ E:1.0392e+02V/cm J:2.7082e-06A/cm2 ğ›’:3.8371e+07ğ›€ cm
2022-04-28 17:43:14,051 INFO Measurement at current 1.6e-07
2022-04-28 17:43:15,271 INFO T:89.32Â°K V:1.4630e+00V I:1.6000e-07A R:9.1438e+06ğ›€ E:2.5095e+01V/cm J:2.7082e-06A/cm2 ğ›’:9.2661e+06ğ›€ cm
2022-04-28 17:43:15,285 INFO Measurement at current 1.6e-07
2022-04-28 17:43:16,195 INFO T:89.39Â°K V:6.0646e+00V I:1.6000e-07A R:3.7903e+07ğ›€ E:1.0402e+02V/cm J:2.7082e-06A/cm2 ğ›’:3.8411e+07ğ›€ cm
2022-04-28 17:43:16,246 INFO Measurement at current 1.6e-07
2022-04-28 17:43:17,518 INFO T:89.50Â°K V:1.4614e+00V I:1.6000e-07A R:9.1337e+06ğ›€ E:2.5067e+01V/cm J:2.7082e-06A/cm2 ğ›’:9.2559e+06ğ›€ cm
2022-04-28 17:43:17,537 INFO Measurement at current 1.6e-07
2022-04-28 17:43:18,468 INFO T:89.58Â°K V:6.0227e+00V I:1.6000e-07A R:3.7642e+07ğ›€ E:1.0330e+02V/cm J:2.7082e-06A/cm2 ğ›’:3.8145e+07ğ›€ cm
2022-04-28 17:43:18,490 INFO Measurement at current 1.6e-07
2022-04-28 17:43:19,726 INFO T:89.68Â°K V:1.4594e+00V I:1.6000e-07A R:9.1210e+06ğ›€ E:2.5032e+01V/cm J:2.7082e-06A/cm2 ğ›’:9.2430e+06ğ›€ cm
2022-04-28 17:43:19,800 INFO Measurement at current 1.6e-07
2022-04-28 17:43:20,707 INFO T:89.76Â°K V:6.0090e+00V I:1.6000e-07A R:3.7556e+07ğ›€ E:1.0307e+02V/cm J:2.7082e-06A/cm2 ğ›’:3.8059e+07ğ›€ cm
2022-04-28 17:43:20,722 INFO Measurement at current 1.6e-07
2022-04-28 17:43:22,002 INFO T:89.87Â°K V:1.4574e+00V I:1.6000e-07A R:9.1085e+06ğ›€ E:2.4997e+01V/cm J:2.7082e-06A/cm2 ğ›’:9.2303e+06ğ›€ cm
2022-04-28 17:43:22,034 INFO Measurement at current 1.6e-07
2022-04-28 17:43:22,950 INFO T:89.95Â°K V:5.9452e+00V I:1.6000e-07A R:3.7157e+07ğ›€ E:1.0198e+02V/cm J:2.7082e-06A/cm2 ğ›’:3.7655e+07ğ›€ cm
2022-04-28 17:43:22,967 INFO Measurement at current 1.6e-07
2022-04-28 17:43:23,578 INFO T:90.00Â°K V:1.1918e+01V I:1.6000e-07A R:7.4487e+07ğ›€ E:2.0443e+02V/cm J:2.7082e-06A/cm2 ğ›’:7.5484e+07ğ›€ cm
2022-04-28 17:43:23,597 INFO Measurement at current 1.6e-07
2022-04-28 17:43:24,195 INFO T:90.05Â°K V:1.1926e+01V I:1.6000e-07A R:7.4540e+07ğ›€ E:2.0457e+02V/cm J:2.7082e-06A/cm2 ğ›’:7.5537e+07ğ›€ cm
2022-04-28 17:43:24,210 INFO Measurement at current 1.6e-07
2022-04-28 17:43:24,814 INFO T:90.11Â°K V:1.1894e+01V I:1.6000e-07A R:7.4337e+07ğ›€ E:2.0401e+02V/cm J:2.7082e-06A/cm2 ğ›’:7.5331e+07ğ›€ cm
2022-04-28 17:43:24,845 INFO Measurement at current 1.6e-07
2022-04-28 17:43:25,439 INFO T:90.16Â°K V:1.1859e+01V I:1.6000e-07A R:7.4117e+07ğ›€ E:2.0341e+02V/cm J:2.7082e-06A/cm2 ğ›’:7.5109e+07ğ›€ cm
2022-04-28 17:43:25,459 INFO Measurement at current 1.6e-07
2022-04-28 17:43:26,073 INFO T:90.21Â°K V:1.1824e+01V I:1.6000e-07A R:7.3898e+07ğ›€ E:2.0281e+02V/cm J:2.7082e-06A/cm2 ğ›’:7.4887e+07ğ›€ cm
2022-04-28 17:43:26,138 INFO Measurement at current 1.6e-07
2022-04-28 17:43:26,766 INFO T:90.27Â°K V:1.1785e+01V I:1.6000e-07A R:7.3659e+07ğ›€ E:2.0215e+02V/cm J:2.7082e-06A/cm2 ğ›’:7.4644e+07ğ›€ cm
2022-04-28 17:43:26,803 INFO Measurement at current 1.6e-07
2022-04-28 17:43:27,407 INFO T:90.33Â°K V:1.1746e+01V I:1.6000e-07A R:7.3415e+07ğ›€ E:2.0148e+02V/cm J:2.7082e-06A/cm2 ğ›’:7.4397e+07ğ›€ cm
2022-04-28 17:43:27,440 INFO Measurement at current 1.6e-07
2022-04-28 17:43:28,032 INFO T:90.38Â°K V:1.1706e+01V I:1.6000e-07A R:7.3165e+07ğ›€ E:2.0080e+02V/cm J:2.7082e-06A/cm2 ğ›’:7.4144e+07ğ›€ cm
2022-04-28 17:43:28,055 INFO Measurement at current 1.6e-07
2022-04-28 17:43:28,654 INFO T:90.43Â°K V:1.1670e+01V I:1.6000e-07A R:7.2936e+07ğ›€ E:2.0017e+02V/cm J:2.7082e-06A/cm2 ğ›’:7.3912e+07ğ›€ cm
2022-04-28 17:43:28,671 INFO Measurement at current 1.6e-07
2022-04-28 17:43:29,283 INFO T:90.48Â°K V:1.1631e+01V I:1.6000e-07A R:7.2695e+07ğ›€ E:1.9950e+02V/cm J:2.7082e-06A/cm2 ğ›’:7.3667e+07ğ›€ cm
2022-04-28 17:43:29,304 INFO Measurement at current 1.6e-07
2022-04-28 17:43:29,893 INFO T:90.54Â°K V:1.1591e+01V I:1.6000e-07A R:7.2444e+07ğ›€ E:1.9882e+02V/cm J:2.7082e-06A/cm2 ğ›’:7.3413e+07ğ›€ cm
2022-04-28 17:43:30,054 INFO Measurement at current 1.6e-07
2022-04-28 17:43:30,651 INFO T:90.60Â°K V:1.1535e+01V I:1.6000e-07A R:7.2092e+07ğ›€ E:1.9785e+02V/cm J:2.7082e-06A/cm2 ğ›’:7.3056e+07ğ›€ cm
2022-04-28 17:43:30,672 INFO Measurement at current 1.6e-07
2022-04-28 17:43:31,306 INFO T:90.66Â°K V:1.1527e+01V I:1.6000e-07A R:7.2044e+07ğ›€ E:1.9772e+02V/cm J:2.7082e-06A/cm2 ğ›’:7.3008e+07ğ›€ cm
2022-04-28 17:43:31,331 INFO Measurement at current 1.6e-07
2022-04-28 17:43:31,935 INFO T:90.71Â°K V:1.1471e+01V I:1.6000e-07A R:7.1697e+07ğ›€ E:1.9677e+02V/cm J:2.7082e-06A/cm2 ğ›’:7.2656e+07ğ›€ cm
2022-04-28 17:43:31,960 INFO Measurement at current 1.6e-07
2022-04-28 17:43:32,587 INFO T:90.77Â°K V:1.1429e+01V I:1.6000e-07A R:7.1433e+07ğ›€ E:1.9604e+02V/cm J:2.7082e-06A/cm2 ğ›’:7.2389e+07ğ›€ cm
2022-04-28 17:43:32,640 INFO Measurement at current 1.6e-07
2022-04-28 17:43:33,254 INFO T:90.82Â°K V:1.1387e+01V I:1.6000e-07A R:7.1169e+07ğ›€ E:1.9532e+02V/cm J:2.7082e-06A/cm2 ğ›’:7.2121e+07ğ›€ cm
2022-04-28 17:43:33,313 INFO Measurement at current 1.6e-07
2022-04-28 17:43:33,935 INFO T:90.88Â°K V:1.1343e+01V I:1.6000e-07A R:7.0892e+07ğ›€ E:1.9456e+02V/cm J:2.7082e-06A/cm2 ğ›’:7.1840e+07ğ›€ cm
2022-04-28 17:43:33,936 INFO Leaving the current loop
2022-04-28 17:43:33,961 INFO End of the measurement loop
2022-04-28 17:43:38,288 INFO Save the description file
2022-04-28 17:43:38,291 INFO Save data in numpy format Esperimenti/CA12X2_C1/CA12X2_C1_at_fixed_current_1.6e-7A/CA12X2_C1_at_fixed_current_1.6e-7A-20220428174333
2022-04-28 17:43:38,305 INFO Save data in CSV format Esperimenti/CA12X2_C1/CA12X2_C1_at_fixed_current_1.6e-7A/CA12X2_C1_at_fixed_current_1.6e-7A-20220428174333.csv
2022-04-28 17:43:38,312 INFO Save plot as image Esperimenti/CA12X2_C1/CA12X2_C1_at_fixed_current_1.6e-7A/CA12X2_C1_at_fixed_current_1.6e-7A-20220428174333.png
