2022-04-21 12:42:46,964 INFO ### Start experiment: CA8_01_A current from 1.42e-6 to 2e-6A ###
2022-04-21 12:42:48,310 INFO Found Multimeter KEITHLEY INSTRUMENTS INC.,MODEL 2700,0884890,B03  /A02  

2022-04-21 12:42:49,335 INFO Found Nanovolt Meter KEITHLEY INSTRUMENTS INC.,MODEL 2182A,4056474,C03  /A02  

2022-04-21 12:42:49,427 INFO Found Source Meter KEITHLEY INSTRUMENTS INC.,MODEL 6220,1315485,A05  /700x 

2022-04-21 12:42:49,527 INFO Start the measurement loop
2022-04-21 12:42:54,707 INFO Measurement at current 1.42e-06
2022-04-21 12:42:55,851 INFO T:132.86Â°K V:1.0676e+01V I:1.4200e-06A R:7.5182e+06ğ›€ E:6.5867e+02V/cm J:5.9789e-05A/cm2 ğ›’:1.1016e+07ğ›€ cm
2022-04-21 12:42:55,874 INFO Measurement at current 1.4441666666666667e-06
2022-04-21 12:42:56,672 INFO T:132.86Â°K V:1.1397e+01V I:1.4442e-06A R:7.8920e+06ğ›€ E:7.0318e+02V/cm J:6.0807e-05A/cm2 ğ›’:1.1564e+07ğ›€ cm
2022-04-21 12:42:56,692 INFO Measurement at current 1.4683333333333334e-06
2022-04-21 12:42:57,495 INFO T:132.86Â°K V:1.1577e+01V I:1.4683e-06A R:7.8844e+06ğ›€ E:7.1426e+02V/cm J:6.1825e-05A/cm2 ğ›’:1.1553e+07ğ›€ cm
2022-04-21 12:42:57,516 INFO Measurement at current 1.4925e-06
2022-04-21 12:42:58,317 INFO T:132.86Â°K V:1.1756e+01V I:1.4925e-06A R:7.8770e+06ğ›€ E:7.2533e+02V/cm J:6.2842e-05A/cm2 ğ›’:1.1542e+07ğ›€ cm
2022-04-21 12:42:58,336 INFO Measurement at current 1.5166666666666666e-06
2022-04-21 12:42:59,159 INFO T:132.86Â°K V:1.1938e+01V I:1.5167e-06A R:7.8710e+06ğ›€ E:7.3652e+02V/cm J:6.3860e-05A/cm2 ğ›’:1.1533e+07ğ›€ cm
2022-04-21 12:42:59,173 INFO Measurement at current 1.5408333333333333e-06
2022-04-21 12:43:00,595 INFO T:132.86Â°K V:6.8775e+00V I:1.5408e-06A R:4.4635e+06ğ›€ E:4.2432e+02V/cm J:6.4877e-05A/cm2 ğ›’:6.5403e+06ğ›€ cm
2022-04-21 12:43:00,614 INFO Measurement at current 1.5649999999999998e-06
2022-04-21 12:43:01,721 INFO T:132.86Â°K V:1.1670e+01V I:1.5650e-06A R:7.4572e+06ğ›€ E:7.2003e+02V/cm J:6.5895e-05A/cm2 ğ›’:1.0927e+07ğ›€ cm
2022-04-21 12:43:01,741 INFO Measurement at current 1.5891666666666666e-06
2022-04-21 12:43:03,167 INFO T:132.86Â°K V:7.0870e+00V I:1.5892e-06A R:4.4596e+06ğ›€ E:4.3725e+02V/cm J:6.6912e-05A/cm2 ğ›’:6.5346e+06ğ›€ cm
2022-04-21 12:43:03,186 INFO Measurement at current 1.6133333333333333e-06
2022-04-21 12:43:04,308 INFO T:132.86Â°K V:1.1876e+01V I:1.6133e-06A R:7.3613e+06ğ›€ E:7.3273e+02V/cm J:6.7930e-05A/cm2 ğ›’:1.0787e+07ğ›€ cm
2022-04-21 12:43:04,322 INFO Measurement at current 1.6375e-06
2022-04-21 12:43:05,758 INFO T:132.86Â°K V:7.2960e+00V I:1.6375e-06A R:4.4556e+06ğ›€ E:4.5014e+02V/cm J:6.8947e-05A/cm2 ğ›’:6.5287e+06ğ›€ cm
2022-04-21 12:43:05,779 INFO Measurement at current 1.6616666666666667e-06
2022-04-21 12:43:06,888 INFO T:132.86Â°K V:1.1992e+01V I:1.6617e-06A R:7.2169e+06ğ›€ E:7.3988e+02V/cm J:6.9965e-05A/cm2 ğ›’:1.0575e+07ğ›€ cm
2022-04-21 12:43:06,900 INFO Measurement at current 1.6858333333333332e-06
2022-04-21 12:43:08,325 INFO T:132.86Â°K V:7.5078e+00V I:1.6858e-06A R:4.4535e+06ğ›€ E:4.6321e+02V/cm J:7.0982e-05A/cm2 ğ›’:6.5257e+06ğ›€ cm
2022-04-21 12:43:08,345 INFO Measurement at current 1.71e-06
2022-04-21 12:43:10,095 INFO T:132.86Â°K V:7.6127e+00V I:1.7100e-06A R:4.4519e+06ğ›€ E:4.6968e+02V/cm J:7.2000e-05A/cm2 ğ›’:6.5234e+06ğ›€ cm
2022-04-21 12:43:10,127 INFO Measurement at current 1.7341666666666667e-06
2022-04-21 12:43:11,877 INFO T:132.86Â°K V:7.7182e+00V I:1.7342e-06A R:4.4507e+06ğ›€ E:4.7619e+02V/cm J:7.3018e-05A/cm2 ğ›’:6.5216e+06ğ›€ cm
2022-04-21 12:43:11,901 INFO Measurement at current 1.7583333333333332e-06
2022-04-21 12:43:13,747 INFO T:132.86Â°K V:7.8229e+00V I:1.7583e-06A R:4.4490e+06ğ›€ E:4.8265e+02V/cm J:7.4035e-05A/cm2 ğ›’:6.5192e+06ğ›€ cm
2022-04-21 12:43:13,771 INFO Measurement at current 1.7824999999999999e-06
2022-04-21 12:43:15,526 INFO T:132.86Â°K V:7.9288e+00V I:1.7825e-06A R:4.4481e+06ğ›€ E:4.8918e+02V/cm J:7.5053e-05A/cm2 ğ›’:6.5178e+06ğ›€ cm
2022-04-21 12:43:15,551 INFO Measurement at current 1.8066666666666666e-06
2022-04-21 12:43:17,301 INFO T:132.86Â°K V:8.0335e+00V I:1.8067e-06A R:4.4466e+06ğ›€ E:4.9564e+02V/cm J:7.6070e-05A/cm2 ğ›’:6.5156e+06ğ›€ cm
2022-04-21 12:43:17,318 INFO Measurement at current 1.8308333333333333e-06
2022-04-21 12:43:19,057 INFO T:132.86Â°K V:8.1377e+00V I:1.8308e-06A R:4.4448e+06ğ›€ E:5.0207e+02V/cm J:7.7088e-05A/cm2 ğ›’:6.5130e+06ğ›€ cm
2022-04-21 12:43:19,074 INFO Measurement at current 1.855e-06
2022-04-21 12:43:20,816 INFO T:132.86Â°K V:8.2413e+00V I:1.8550e-06A R:4.4427e+06ğ›€ E:5.0846e+02V/cm J:7.8105e-05A/cm2 ğ›’:6.5099e+06ğ›€ cm
2022-04-21 12:43:20,838 INFO Measurement at current 1.8791666666666665e-06
2022-04-21 12:43:22,588 INFO T:132.86Â°K V:8.3487e+00V I:1.8792e-06A R:4.4428e+06ğ›€ E:5.1509e+02V/cm J:7.9123e-05A/cm2 ğ›’:6.5100e+06ğ›€ cm
2022-04-21 12:43:22,609 INFO Measurement at current 1.9033333333333333e-06
2022-04-21 12:43:24,279 INFO T:132.87Â°K V:8.4506e+00V I:1.9033e-06A R:4.4399e+06ğ›€ E:5.2137e+02V/cm J:8.0140e-05A/cm2 ğ›’:6.5057e+06ğ›€ cm
2022-04-21 12:43:24,334 INFO Measurement at current 1.9274999999999998e-06
2022-04-21 12:43:25,904 INFO T:132.87Â°K V:8.5574e+00V I:1.9275e-06A R:4.4396e+06ğ›€ E:5.2796e+02V/cm J:8.1158e-05A/cm2 ğ›’:6.5054e+06ğ›€ cm
2022-04-21 12:43:25,922 INFO Measurement at current 1.9516666666666665e-06
2022-04-21 12:43:27,487 INFO T:132.87Â°K V:8.6618e+00V I:1.9517e-06A R:4.4382e+06ğ›€ E:5.3441e+02V/cm J:8.2175e-05A/cm2 ğ›’:6.5033e+06ğ›€ cm
2022-04-21 12:43:27,512 INFO Measurement at current 1.975833333333333e-06
2022-04-21 12:43:29,090 INFO T:132.87Â°K V:8.7653e+00V I:1.9758e-06A R:4.4363e+06ğ›€ E:5.4079e+02V/cm J:8.3193e-05A/cm2 ğ›’:6.5004e+06ğ›€ cm
2022-04-21 12:43:29,114 INFO Measurement at current 2e-06
2022-04-21 12:43:30,709 INFO T:132.87Â°K V:8.8696e+00V I:2.0000e-06A R:4.4348e+06ğ›€ E:5.4723e+02V/cm J:8.4211e-05A/cm2 ğ›’:6.4983e+06ğ›€ cm
2022-04-21 12:43:46,485 INFO Save the description file
2022-04-21 12:43:46,492 INFO Save data in numpy format CA8_01_A/CA8_01_A_current_from_1.42e-6_to_2e-6A/CA8_01_A_current_from_1.42e-6_to_2e-6A-20220421124344
2022-04-21 12:43:46,531 INFO Save data in CSV format CA8_01_A/CA8_01_A_current_from_1.42e-6_to_2e-6A/CA8_01_A_current_from_1.42e-6_to_2e-6A-20220421124344.csv
2022-04-21 12:43:46,537 INFO Save plot as image CA8_01_A/CA8_01_A_current_from_1.42e-6_to_2e-6A/CA8_01_A_current_from_1.42e-6_to_2e-6A-20220421124344.png
