2023-03-23 12:04:33,082 INFO ### Start experiment: CPRO_MUSA_230323 current from 0 to 20e-4A ###
2023-03-23 12:04:34,431 INFO Found Multimeter KEITHLEY INSTRUMENTS INC.,MODEL 2700,0884890,B03  /A02  

2023-03-23 12:04:35,470 INFO Found Nanovolt Meter KEITHLEY INSTRUMENTS INC.,MODEL 2182A,4056474,C03  /A02  

2023-03-23 12:04:35,595 INFO Found Source Meter KEITHLEY INSTRUMENTS INC.,MODEL 2400,0945684,C24   Feb 14 2002 11:59:45/A02  /K/H

2023-03-23 12:04:35,732 INFO Start the measurement loop
2023-03-23 12:04:40,816 INFO Measurement at current 0.0
2023-03-23 12:04:41,733 INFO T:294.84Â°K V:1.7582e-06V I:0.0000e+00A R:infğ›€ E:5.4265e-05V/cm J:0.0000e+00A/cm2 ğ›’:infğ›€ cm
2023-03-23 12:04:41,772 INFO Measurement at current 2.0202020202020203e-05
2023-03-23 12:04:42,378 INFO T:294.84Â°K V:3.0122e-04V I:2.0202e-05A R:1.4910e+01ğ›€ E:9.2969e-03V/cm J:8.8411e-04A/cm2 ğ›’:1.0515e+01ğ›€ cm
2023-03-23 12:04:42,395 INFO Measurement at current 4.0404040404040405e-05
2023-03-23 12:04:42,983 INFO T:294.84Â°K V:6.0064e-04V I:4.0404e-05A R:1.4866e+01ğ›€ E:1.8538e-02V/cm J:1.7682e-03A/cm2 ğ›’:1.0484e+01ğ›€ cm
2023-03-23 12:04:42,998 INFO Measurement at current 6.060606060606061e-05
2023-03-23 12:04:43,599 INFO T:294.84Â°K V:9.0010e-04V I:6.0606e-05A R:1.4852e+01ğ›€ E:2.7781e-02V/cm J:2.6523e-03A/cm2 ğ›’:1.0474e+01ğ›€ cm
2023-03-23 12:04:43,616 INFO Measurement at current 8.080808080808081e-05
2023-03-23 12:04:44,678 WARNING Reading gpib error, check the instruments: read() failed: A read or write of data bytes has been aborted, possibly due to a timeout or reception of a device clear command.
2023-03-23 12:04:44,702 INFO Measurement at current 0.00010101010101010101
2023-03-23 12:04:45,300 INFO T:294.84Â°K V:1.4989e-03V I:1.0101e-04A R:1.4839e+01ğ›€ E:4.6261e-02V/cm J:4.4206e-03A/cm2 ğ›’:1.0465e+01ğ›€ cm
2023-03-23 12:04:45,325 INFO Measurement at current 0.00012121212121212122
2023-03-23 12:04:45,926 INFO T:294.84Â°K V:1.7984e-03V I:1.2121e-04A R:1.4836e+01ğ›€ E:5.5505e-02V/cm J:5.3047e-03A/cm2 ğ›’:1.0463e+01ğ›€ cm
2023-03-23 12:04:45,944 INFO Measurement at current 0.0001414141414141414
2023-03-23 12:04:46,543 INFO T:294.83Â°K V:2.0978e-03V I:1.4141e-04A R:1.4835e+01ğ›€ E:6.4748e-02V/cm J:6.1888e-03A/cm2 ğ›’:1.0462e+01ğ›€ cm
2023-03-23 12:04:46,559 INFO Measurement at current 0.00016161616161616162
2023-03-23 12:04:47,169 INFO T:294.83Â°K V:2.3973e-03V I:1.6162e-04A R:1.4833e+01ğ›€ E:7.3990e-02V/cm J:7.0729e-03A/cm2 ğ›’:1.0461e+01ğ›€ cm
2023-03-23 12:04:47,191 INFO Measurement at current 0.00018181818181818183
2023-03-23 12:04:47,793 INFO T:294.83Â°K V:2.6970e-03V I:1.8182e-04A R:1.4833e+01ğ›€ E:8.3239e-02V/cm J:7.9570e-03A/cm2 ğ›’:1.0461e+01ğ›€ cm
2023-03-23 12:04:47,816 INFO Measurement at current 0.00020202020202020202
2023-03-23 12:04:48,424 INFO T:294.83Â°K V:2.9964e-03V I:2.0202e-04A R:1.4832e+01ğ›€ E:9.2481e-02V/cm J:8.8411e-03A/cm2 ğ›’:1.0460e+01ğ›€ cm
2023-03-23 12:04:48,445 INFO Measurement at current 0.00022222222222222223
2023-03-23 12:04:49,036 INFO T:294.83Â°K V:3.2957e-03V I:2.2222e-04A R:1.4830e+01ğ›€ E:1.0172e-01V/cm J:9.7253e-03A/cm2 ğ›’:1.0459e+01ğ›€ cm
2023-03-23 12:04:49,051 INFO Measurement at current 0.00024242424242424245
2023-03-23 12:04:49,652 INFO T:294.83Â°K V:3.5947e-03V I:2.4242e-04A R:1.4828e+01ğ›€ E:1.1095e-01V/cm J:1.0609e-02A/cm2 ğ›’:1.0457e+01ğ›€ cm
2023-03-23 12:04:49,676 INFO Measurement at current 0.00026262626262626266
2023-03-23 12:04:50,269 INFO T:294.83Â°K V:3.8948e-03V I:2.6263e-04A R:1.4830e+01ğ›€ E:1.2021e-01V/cm J:1.1493e-02A/cm2 ğ›’:1.0459e+01ğ›€ cm
2023-03-23 12:04:50,292 INFO Measurement at current 0.0002828282828282828
2023-03-23 12:04:50,899 INFO T:294.83Â°K V:4.1941e-03V I:2.8283e-04A R:1.4829e+01ğ›€ E:1.2945e-01V/cm J:1.2378e-02A/cm2 ğ›’:1.0458e+01ğ›€ cm
2023-03-23 12:04:50,915 INFO Measurement at current 0.00030303030303030303
2023-03-23 12:04:51,525 INFO T:294.83Â°K V:4.4938e-03V I:3.0303e-04A R:1.4830e+01ğ›€ E:1.3870e-01V/cm J:1.3262e-02A/cm2 ğ›’:1.0458e+01ğ›€ cm
2023-03-23 12:04:51,542 INFO Measurement at current 0.00032323232323232324
2023-03-23 12:04:52,155 INFO T:294.83Â°K V:4.7935e-03V I:3.2323e-04A R:1.4830e+01ğ›€ E:1.4795e-01V/cm J:1.4146e-02A/cm2 ğ›’:1.0459e+01ğ›€ cm
2023-03-23 12:04:52,182 INFO Measurement at current 0.00034343434343434346
2023-03-23 12:04:52,787 INFO T:294.83Â°K V:5.0928e-03V I:3.4343e-04A R:1.4829e+01ğ›€ E:1.5719e-01V/cm J:1.5030e-02A/cm2 ğ›’:1.0458e+01ğ›€ cm
2023-03-23 12:04:52,811 INFO Measurement at current 0.00036363636363636367
2023-03-23 12:04:53,425 INFO T:294.83Â°K V:5.3922e-03V I:3.6364e-04A R:1.4829e+01ğ›€ E:1.6643e-01V/cm J:1.5914e-02A/cm2 ğ›’:1.0458e+01ğ›€ cm
2023-03-23 12:04:53,443 INFO Measurement at current 0.00038383838383838383
2023-03-23 12:04:54,045 INFO T:294.83Â°K V:5.6913e-03V I:3.8384e-04A R:1.4827e+01ğ›€ E:1.7566e-01V/cm J:1.6798e-02A/cm2 ğ›’:1.0457e+01ğ›€ cm
2023-03-23 12:04:54,067 INFO Measurement at current 0.00040404040404040404
2023-03-23 12:04:54,678 INFO T:294.83Â°K V:5.9906e-03V I:4.0404e-04A R:1.4827e+01ğ›€ E:1.8489e-01V/cm J:1.7682e-02A/cm2 ğ›’:1.0456e+01ğ›€ cm
2023-03-23 12:04:54,699 INFO Measurement at current 0.00042424242424242425
2023-03-23 12:04:55,298 INFO T:294.83Â°K V:6.2901e-03V I:4.2424e-04A R:1.4827e+01ğ›€ E:1.9414e-01V/cm J:1.8566e-02A/cm2 ğ›’:1.0456e+01ğ›€ cm
2023-03-23 12:04:55,321 INFO Measurement at current 0.00044444444444444447
2023-03-23 12:04:55,922 INFO T:294.83Â°K V:6.5897e-03V I:4.4444e-04A R:1.4827e+01ğ›€ E:2.0339e-01V/cm J:1.9451e-02A/cm2 ğ›’:1.0457e+01ğ›€ cm
2023-03-23 12:04:55,945 INFO Measurement at current 0.0004646464646464647
2023-03-23 12:04:56,553 INFO T:294.83Â°K V:6.8894e-03V I:4.6465e-04A R:1.4827e+01ğ›€ E:2.1264e-01V/cm J:2.0335e-02A/cm2 ğ›’:1.0457e+01ğ›€ cm
2023-03-23 12:04:56,569 INFO Measurement at current 0.0004848484848484849
2023-03-23 12:04:57,163 INFO T:294.83Â°K V:7.1887e-03V I:4.8485e-04A R:1.4827e+01ğ›€ E:2.2187e-01V/cm J:2.1219e-02A/cm2 ğ›’:1.0456e+01ğ›€ cm
2023-03-23 12:04:57,180 INFO Measurement at current 0.000505050505050505
2023-03-23 12:04:57,775 INFO T:294.83Â°K V:7.4882e-03V I:5.0505e-04A R:1.4827e+01ğ›€ E:2.3112e-01V/cm J:2.2103e-02A/cm2 ğ›’:1.0456e+01ğ›€ cm
2023-03-23 12:04:57,797 INFO Measurement at current 0.0005252525252525253
2023-03-23 12:04:58,396 INFO T:294.83Â°K V:7.7872e-03V I:5.2525e-04A R:1.4826e+01ğ›€ E:2.4035e-01V/cm J:2.2987e-02A/cm2 ğ›’:1.0456e+01ğ›€ cm
2023-03-23 12:04:58,421 INFO Measurement at current 0.0005454545454545455
2023-03-23 12:04:59,023 INFO T:294.83Â°K V:8.0867e-03V I:5.4545e-04A R:1.4826e+01ğ›€ E:2.4959e-01V/cm J:2.3871e-02A/cm2 ğ›’:1.0456e+01ğ›€ cm
2023-03-23 12:04:59,048 INFO Measurement at current 0.0005656565656565656
2023-03-23 12:04:59,652 INFO T:294.82Â°K V:8.3864e-03V I:5.6566e-04A R:1.4826e+01ğ›€ E:2.5884e-01V/cm J:2.4755e-02A/cm2 ğ›’:1.0456e+01ğ›€ cm
2023-03-23 12:04:59,680 INFO Measurement at current 0.0005858585858585859
2023-03-23 12:05:00,300 INFO T:294.82Â°K V:8.6859e-03V I:5.8586e-04A R:1.4826e+01ğ›€ E:2.6808e-01V/cm J:2.5639e-02A/cm2 ğ›’:1.0456e+01ğ›€ cm
2023-03-23 12:05:00,323 INFO Measurement at current 0.0006060606060606061
2023-03-23 12:05:00,941 INFO T:294.82Â°K V:8.9854e-03V I:6.0606e-04A R:1.4826e+01ğ›€ E:2.7733e-01V/cm J:2.6523e-02A/cm2 ğ›’:1.0456e+01ğ›€ cm
2023-03-23 12:05:00,956 INFO Measurement at current 0.0006262626262626263
2023-03-23 12:05:01,561 INFO T:294.82Â°K V:9.2848e-03V I:6.2626e-04A R:1.4826e+01ğ›€ E:2.8657e-01V/cm J:2.7408e-02A/cm2 ğ›’:1.0456e+01ğ›€ cm
2023-03-23 12:05:01,586 INFO Measurement at current 0.0006464646464646465
2023-03-23 12:05:02,191 INFO T:294.82Â°K V:9.5842e-03V I:6.4646e-04A R:1.4826e+01ğ›€ E:2.9581e-01V/cm J:2.8292e-02A/cm2 ğ›’:1.0456e+01ğ›€ cm
2023-03-23 12:05:02,210 INFO Measurement at current 0.0006666666666666666
2023-03-23 12:05:02,801 INFO T:294.82Â°K V:9.8832e-03V I:6.6667e-04A R:1.4825e+01ğ›€ E:3.0504e-01V/cm J:2.9176e-02A/cm2 ğ›’:1.0455e+01ğ›€ cm
2023-03-23 12:05:02,820 INFO Measurement at current 0.0006868686868686869
2023-03-23 12:05:03,414 INFO T:294.82Â°K V:1.0183e-02V I:6.8687e-04A R:1.4825e+01ğ›€ E:3.1429e-01V/cm J:3.0060e-02A/cm2 ğ›’:1.0455e+01ğ›€ cm
2023-03-23 12:05:03,432 INFO Measurement at current 0.0007070707070707071
2023-03-23 12:05:04,017 INFO T:294.82Â°K V:1.0482e-02V I:7.0707e-04A R:1.4825e+01ğ›€ E:3.2352e-01V/cm J:3.0944e-02A/cm2 ğ›’:1.0455e+01ğ›€ cm
2023-03-23 12:05:04,034 INFO Measurement at current 0.0007272727272727273
2023-03-23 12:05:04,634 INFO T:294.82Â°K V:1.0782e-02V I:7.2727e-04A R:1.4825e+01ğ›€ E:3.3277e-01V/cm J:3.1828e-02A/cm2 ğ›’:1.0455e+01ğ›€ cm
2023-03-23 12:05:04,656 INFO Measurement at current 0.0007474747474747475
2023-03-23 12:05:05,253 INFO T:294.82Â°K V:1.1081e-02V I:7.4747e-04A R:1.4825e+01ğ›€ E:3.4201e-01V/cm J:3.2712e-02A/cm2 ğ›’:1.0455e+01ğ›€ cm
2023-03-23 12:05:05,276 INFO Measurement at current 0.0007676767676767677
2023-03-23 12:05:05,884 INFO T:294.82Â°K V:1.1381e-02V I:7.6768e-04A R:1.4825e+01ğ›€ E:3.5126e-01V/cm J:3.3596e-02A/cm2 ğ›’:1.0455e+01ğ›€ cm
2023-03-23 12:05:05,901 INFO Measurement at current 0.0007878787878787879
2023-03-23 12:05:06,494 INFO T:294.82Â°K V:1.1680e-02V I:7.8788e-04A R:1.4825e+01ğ›€ E:3.6050e-01V/cm J:3.4480e-02A/cm2 ğ›’:1.0455e+01ğ›€ cm
2023-03-23 12:05:06,528 INFO Measurement at current 0.0008080808080808081
2023-03-23 12:05:07,121 INFO T:294.82Â°K V:1.1979e-02V I:8.0808e-04A R:1.4824e+01ğ›€ E:3.6972e-01V/cm J:3.5365e-02A/cm2 ğ›’:1.0455e+01ğ›€ cm
2023-03-23 12:05:07,144 INFO Measurement at current 0.0008282828282828283
2023-03-23 12:05:08,580 INFO T:294.82Â°K V:1.2276e-02V I:8.2828e-04A R:1.4821e+01ğ›€ E:3.7889e-01V/cm J:3.6249e-02A/cm2 ğ›’:1.0453e+01ğ›€ cm
2023-03-23 12:05:08,599 INFO Measurement at current 0.0008484848484848485
2023-03-23 12:05:09,199 INFO T:294.82Â°K V:1.2575e-02V I:8.4848e-04A R:1.4821e+01ğ›€ E:3.8813e-01V/cm J:3.7133e-02A/cm2 ğ›’:1.0452e+01ğ›€ cm
2023-03-23 12:05:09,218 INFO Measurement at current 0.0008686868686868687
2023-03-23 12:05:09,808 INFO T:294.82Â°K V:1.2875e-02V I:8.6869e-04A R:1.4821e+01ğ›€ E:3.9738e-01V/cm J:3.8017e-02A/cm2 ğ›’:1.0453e+01ğ›€ cm
2023-03-23 12:05:09,825 INFO Measurement at current 0.0008888888888888889
2023-03-23 12:05:10,424 INFO T:294.82Â°K V:1.3174e-02V I:8.8889e-04A R:1.4821e+01ğ›€ E:4.0661e-01V/cm J:3.8901e-02A/cm2 ğ›’:1.0452e+01ğ›€ cm
2023-03-23 12:05:10,448 INFO Measurement at current 0.0009090909090909091
2023-03-23 12:05:11,051 INFO T:294.82Â°K V:1.3473e-02V I:9.0909e-04A R:1.4821e+01ğ›€ E:4.1585e-01V/cm J:3.9785e-02A/cm2 ğ›’:1.0452e+01ğ›€ cm
2023-03-23 12:05:11,091 INFO Measurement at current 0.0009292929292929294
2023-03-23 12:05:11,677 INFO T:294.82Â°K V:1.3773e-02V I:9.2929e-04A R:1.4821e+01ğ›€ E:4.2509e-01V/cm J:4.0669e-02A/cm2 ğ›’:1.0452e+01ğ›€ cm
2023-03-23 12:05:11,696 INFO Measurement at current 0.0009494949494949495
2023-03-23 12:05:12,282 INFO T:294.82Â°K V:1.4072e-02V I:9.4949e-04A R:1.4821e+01ğ›€ E:4.3433e-01V/cm J:4.1553e-02A/cm2 ğ›’:1.0452e+01ğ›€ cm
2023-03-23 12:05:12,299 INFO Measurement at current 0.0009696969696969698
2023-03-23 12:05:12,890 INFO T:294.81Â°K V:1.4372e-02V I:9.6970e-04A R:1.4821e+01ğ›€ E:4.4358e-01V/cm J:4.2438e-02A/cm2 ğ›’:1.0452e+01ğ›€ cm
2023-03-23 12:05:12,904 INFO Measurement at current 0.00098989898989899
2023-03-23 12:05:13,494 INFO T:294.81Â°K V:1.4671e-02V I:9.8990e-04A R:1.4821e+01ğ›€ E:4.5281e-01V/cm J:4.3322e-02A/cm2 ğ›’:1.0452e+01ğ›€ cm
2023-03-23 12:05:13,520 INFO Measurement at current 0.00101010101010101
2023-03-23 12:05:14,123 INFO T:294.81Â°K V:1.4971e-02V I:1.0101e-03A R:1.4821e+01ğ›€ E:4.6207e-01V/cm J:4.4206e-02A/cm2 ğ›’:1.0453e+01ğ›€ cm
2023-03-23 12:05:14,142 INFO Measurement at current 0.0010303030303030303
2023-03-23 12:05:14,738 INFO T:294.81Â°K V:1.5270e-02V I:1.0303e-03A R:1.4821e+01ğ›€ E:4.7130e-01V/cm J:4.5090e-02A/cm2 ğ›’:1.0452e+01ğ›€ cm
2023-03-23 12:05:14,754 INFO Measurement at current 0.0010505050505050506
2023-03-23 12:05:15,348 INFO T:294.81Â°K V:1.5572e-02V I:1.0505e-03A R:1.4824e+01ğ›€ E:4.8063e-01V/cm J:4.5974e-02A/cm2 ğ›’:1.0454e+01ğ›€ cm
2023-03-23 12:05:15,365 INFO Measurement at current 0.0010707070707070708
2023-03-23 12:05:15,956 INFO T:294.81Â°K V:1.5869e-02V I:1.0707e-03A R:1.4821e+01ğ›€ E:4.8978e-01V/cm J:4.6858e-02A/cm2 ğ›’:1.0452e+01ğ›€ cm
2023-03-23 12:05:15,980 INFO Measurement at current 0.001090909090909091
2023-03-23 12:05:16,573 INFO T:294.81Â°K V:1.6173e-02V I:1.0909e-03A R:1.4825e+01ğ›€ E:4.9916e-01V/cm J:4.7742e-02A/cm2 ğ›’:1.0455e+01ğ›€ cm
2023-03-23 12:05:16,591 INFO Measurement at current 0.0011111111111111111
2023-03-23 12:05:17,182 INFO T:294.81Â°K V:1.6469e-02V I:1.1111e-03A R:1.4822e+01ğ›€ E:5.0831e-01V/cm J:4.8626e-02A/cm2 ğ›’:1.0453e+01ğ›€ cm
2023-03-23 12:05:17,198 INFO Measurement at current 0.0011313131313131313
2023-03-23 12:05:17,805 INFO T:294.81Â°K V:1.6771e-02V I:1.1313e-03A R:1.4824e+01ğ›€ E:5.1762e-01V/cm J:4.9510e-02A/cm2 ğ›’:1.0455e+01ğ›€ cm
2023-03-23 12:05:17,822 INFO Measurement at current 0.0011515151515151516
2023-03-23 12:05:18,427 INFO T:294.81Â°K V:1.7067e-02V I:1.1515e-03A R:1.4822e+01ğ›€ E:5.2677e-01V/cm J:5.0395e-02A/cm2 ğ›’:1.0453e+01ğ›€ cm
2023-03-23 12:05:18,450 INFO Measurement at current 0.0011717171717171718
2023-03-23 12:05:19,060 INFO T:294.81Â°K V:1.7364e-02V I:1.1717e-03A R:1.4819e+01ğ›€ E:5.3592e-01V/cm J:5.1279e-02A/cm2 ğ›’:1.0451e+01ğ›€ cm
2023-03-23 12:05:19,077 INFO Measurement at current 0.001191919191919192
2023-03-23 12:05:19,668 INFO T:294.81Â°K V:1.7668e-02V I:1.1919e-03A R:1.4823e+01ğ›€ E:5.4531e-01V/cm J:5.2163e-02A/cm2 ğ›’:1.0454e+01ğ›€ cm
2023-03-23 12:05:19,684 INFO Measurement at current 0.0012121212121212121
2023-03-23 12:05:20,278 INFO T:294.81Â°K V:1.7965e-02V I:1.2121e-03A R:1.4821e+01ğ›€ E:5.5447e-01V/cm J:5.3047e-02A/cm2 ğ›’:1.0452e+01ğ›€ cm
2023-03-23 12:05:20,295 INFO Measurement at current 0.0012323232323232323
2023-03-23 12:05:20,897 INFO T:294.81Â°K V:1.8269e-02V I:1.2323e-03A R:1.4825e+01ğ›€ E:5.6385e-01V/cm J:5.3931e-02A/cm2 ğ›’:1.0455e+01ğ›€ cm
2023-03-23 12:05:20,917 INFO Measurement at current 0.0012525252525252527
2023-03-23 12:05:21,505 INFO T:294.81Â°K V:1.8566e-02V I:1.2525e-03A R:1.4823e+01ğ›€ E:5.7301e-01V/cm J:5.4815e-02A/cm2 ğ›’:1.0454e+01ğ›€ cm
2023-03-23 12:05:21,520 INFO Measurement at current 0.0012727272727272728
2023-03-23 12:05:22,120 INFO T:294.81Â°K V:1.8862e-02V I:1.2727e-03A R:1.4820e+01ğ›€ E:5.8217e-01V/cm J:5.5699e-02A/cm2 ğ›’:1.0452e+01ğ›€ cm
2023-03-23 12:05:22,138 INFO Measurement at current 0.001292929292929293
2023-03-23 12:05:22,728 INFO T:294.81Â°K V:1.9164e-02V I:1.2929e-03A R:1.4822e+01ğ›€ E:5.9148e-01V/cm J:5.6583e-02A/cm2 ğ›’:1.0453e+01ğ›€ cm
2023-03-23 12:05:22,746 INFO Measurement at current 0.0013131313131313131
2023-03-23 12:05:23,335 INFO T:294.81Â°K V:1.9460e-02V I:1.3131e-03A R:1.4820e+01ğ›€ E:6.0062e-01V/cm J:5.7467e-02A/cm2 ğ›’:1.0452e+01ğ›€ cm
2023-03-23 12:05:23,350 INFO Measurement at current 0.0013333333333333333
2023-03-23 12:05:23,940 INFO T:294.81Â°K V:1.9765e-02V I:1.3333e-03A R:1.4824e+01ğ›€ E:6.1004e-01V/cm J:5.8352e-02A/cm2 ğ›’:1.0455e+01ğ›€ cm
2023-03-23 12:05:23,960 INFO Measurement at current 0.0013535353535353537
2023-03-23 12:05:24,547 INFO T:294.81Â°K V:2.0062e-02V I:1.3535e-03A R:1.4822e+01ğ›€ E:6.1921e-01V/cm J:5.9236e-02A/cm2 ğ›’:1.0453e+01ğ›€ cm
2023-03-23 12:05:24,569 INFO Measurement at current 0.0013737373737373738
2023-03-23 12:05:25,158 INFO T:294.81Â°K V:2.0359e-02V I:1.3737e-03A R:1.4820e+01ğ›€ E:6.2837e-01V/cm J:6.0120e-02A/cm2 ğ›’:1.0452e+01ğ›€ cm
2023-03-23 12:05:25,221 INFO Measurement at current 0.001393939393939394
2023-03-23 12:05:25,821 INFO T:294.81Â°K V:2.0663e-02V I:1.3939e-03A R:1.4824e+01ğ›€ E:6.3776e-01V/cm J:6.1004e-02A/cm2 ğ›’:1.0454e+01ğ›€ cm
2023-03-23 12:05:25,837 INFO Measurement at current 0.0014141414141414141
2023-03-23 12:05:26,459 INFO T:294.81Â°K V:2.0961e-02V I:1.4141e-03A R:1.4822e+01ğ›€ E:6.4693e-01V/cm J:6.1888e-02A/cm2 ğ›’:1.0453e+01ğ›€ cm
2023-03-23 12:05:26,485 INFO Measurement at current 0.0014343434343434343
2023-03-23 12:05:27,075 INFO T:294.80Â°K V:2.1265e-02V I:1.4343e-03A R:1.4826e+01ğ›€ E:6.5633e-01V/cm J:6.2772e-02A/cm2 ğ›’:1.0456e+01ğ›€ cm
2023-03-23 12:05:27,099 INFO Measurement at current 0.0014545454545454547
2023-03-23 12:05:27,688 INFO T:294.80Â°K V:2.1559e-02V I:1.4545e-03A R:1.4822e+01ğ›€ E:6.6541e-01V/cm J:6.3656e-02A/cm2 ğ›’:1.0453e+01ğ›€ cm
2023-03-23 12:05:27,719 INFO Measurement at current 0.0014747474747474748
2023-03-23 12:05:28,326 INFO T:294.80Â°K V:2.1857e-02V I:1.4747e-03A R:1.4821e+01ğ›€ E:6.7459e-01V/cm J:6.4540e-02A/cm2 ğ›’:1.0452e+01ğ›€ cm
2023-03-23 12:05:28,365 INFO Measurement at current 0.001494949494949495
2023-03-23 12:05:28,957 INFO T:294.80Â°K V:2.2160e-02V I:1.4949e-03A R:1.4824e+01ğ›€ E:6.8396e-01V/cm J:6.5424e-02A/cm2 ğ›’:1.0454e+01ğ›€ cm
2023-03-23 12:05:28,985 INFO Measurement at current 0.0015151515151515152
2023-03-23 12:05:29,588 INFO T:294.80Â°K V:2.2458e-02V I:1.5152e-03A R:1.4822e+01ğ›€ E:6.9314e-01V/cm J:6.6309e-02A/cm2 ğ›’:1.0453e+01ğ›€ cm
2023-03-23 12:05:29,621 INFO Measurement at current 0.0015353535353535353
2023-03-23 12:05:30,218 INFO T:294.80Â°K V:2.2762e-02V I:1.5354e-03A R:1.4825e+01ğ›€ E:7.0252e-01V/cm J:6.7193e-02A/cm2 ğ›’:1.0455e+01ğ›€ cm
2023-03-23 12:05:30,242 INFO Measurement at current 0.0015555555555555557
2023-03-23 12:05:30,831 INFO T:294.80Â°K V:2.3059e-02V I:1.5556e-03A R:1.4823e+01ğ›€ E:7.1169e-01V/cm J:6.8077e-02A/cm2 ğ›’:1.0454e+01ğ›€ cm
2023-03-23 12:05:30,861 INFO Measurement at current 0.0015757575757575758
2023-03-23 12:05:31,454 INFO T:294.80Â°K V:2.3363e-02V I:1.5758e-03A R:1.4826e+01ğ›€ E:7.2107e-01V/cm J:6.8961e-02A/cm2 ğ›’:1.0456e+01ğ›€ cm
2023-03-23 12:05:31,471 INFO Measurement at current 0.001595959595959596
2023-03-23 12:05:32,058 INFO T:294.80Â°K V:2.3658e-02V I:1.5960e-03A R:1.4824e+01ğ›€ E:7.3018e-01V/cm J:6.9845e-02A/cm2 ğ›’:1.0454e+01ğ›€ cm
2023-03-23 12:05:32,086 INFO Measurement at current 0.0016161616161616162
2023-03-23 12:05:32,685 INFO T:294.80Â°K V:2.3954e-02V I:1.6162e-03A R:1.4821e+01ğ›€ E:7.3931e-01V/cm J:7.0729e-02A/cm2 ğ›’:1.0453e+01ğ›€ cm
2023-03-23 12:05:32,713 INFO Measurement at current 0.0016363636363636363
2023-03-23 12:05:33,312 INFO T:294.80Â°K V:2.4258e-02V I:1.6364e-03A R:1.4824e+01ğ›€ E:7.4870e-01V/cm J:7.1613e-02A/cm2 ğ›’:1.0455e+01ğ›€ cm
2023-03-23 12:05:33,341 INFO Measurement at current 0.0016565656565656567
2023-03-23 12:05:33,933 INFO T:294.80Â°K V:2.4555e-02V I:1.6566e-03A R:1.4823e+01ğ›€ E:7.5788e-01V/cm J:7.2497e-02A/cm2 ğ›’:1.0454e+01ğ›€ cm
2023-03-23 12:05:33,946 INFO Measurement at current 0.0016767676767676769
2023-03-23 12:05:34,536 INFO T:294.80Â°K V:2.4859e-02V I:1.6768e-03A R:1.4826e+01ğ›€ E:7.6727e-01V/cm J:7.3382e-02A/cm2 ğ›’:1.0456e+01ğ›€ cm
2023-03-23 12:05:34,554 INFO Measurement at current 0.001696969696969697
2023-03-23 12:05:35,163 INFO T:294.80Â°K V:2.5156e-02V I:1.6970e-03A R:1.4824e+01ğ›€ E:7.7642e-01V/cm J:7.4266e-02A/cm2 ğ›’:1.0455e+01ğ›€ cm
2023-03-23 12:05:35,184 INFO Measurement at current 0.0017171717171717172
2023-03-23 12:05:35,787 INFO T:294.80Â°K V:2.5453e-02V I:1.7172e-03A R:1.4823e+01ğ›€ E:7.8558e-01V/cm J:7.5150e-02A/cm2 ğ›’:1.0454e+01ğ›€ cm
2023-03-23 12:05:35,814 INFO Measurement at current 0.0017373737373737373
2023-03-23 12:05:36,411 INFO T:294.80Â°K V:2.5757e-02V I:1.7374e-03A R:1.4825e+01ğ›€ E:7.9498e-01V/cm J:7.6034e-02A/cm2 ğ›’:1.0456e+01ğ›€ cm
2023-03-23 12:05:36,426 INFO Measurement at current 0.0017575757575757577
2023-03-23 12:05:37,009 INFO T:294.80Â°K V:2.6052e-02V I:1.7576e-03A R:1.4823e+01ğ›€ E:8.0407e-01V/cm J:7.6918e-02A/cm2 ğ›’:1.0454e+01ğ›€ cm
2023-03-23 12:05:37,029 INFO Measurement at current 0.0017777777777777779
2023-03-23 12:05:37,625 INFO T:294.80Â°K V:2.6356e-02V I:1.7778e-03A R:1.4825e+01ğ›€ E:8.1345e-01V/cm J:7.7802e-02A/cm2 ğ›’:1.0455e+01ğ›€ cm
2023-03-23 12:05:37,662 INFO Measurement at current 0.001797979797979798
2023-03-23 12:05:38,256 INFO T:294.80Â°K V:2.6653e-02V I:1.7980e-03A R:1.4824e+01ğ›€ E:8.2264e-01V/cm J:7.8686e-02A/cm2 ğ›’:1.0455e+01ğ›€ cm
2023-03-23 12:05:38,279 INFO Measurement at current 0.0018181818181818182
2023-03-23 12:05:38,878 INFO T:294.80Â°K V:2.6951e-02V I:1.8182e-03A R:1.4823e+01ğ›€ E:8.3183e-01V/cm J:7.9570e-02A/cm2 ğ›’:1.0454e+01ğ›€ cm
2023-03-23 12:05:38,892 INFO Measurement at current 0.0018383838383838383
2023-03-23 12:05:39,479 INFO T:294.80Â°K V:2.7255e-02V I:1.8384e-03A R:1.4825e+01ğ›€ E:8.4120e-01V/cm J:8.0454e-02A/cm2 ğ›’:1.0456e+01ğ›€ cm
2023-03-23 12:05:39,497 INFO Measurement at current 0.0018585858585858587
2023-03-23 12:05:40,097 INFO T:294.80Â°K V:2.7552e-02V I:1.8586e-03A R:1.4824e+01ğ›€ E:8.5036e-01V/cm J:8.1339e-02A/cm2 ğ›’:1.0455e+01ğ›€ cm
2023-03-23 12:05:40,114 INFO Measurement at current 0.0018787878787878789
2023-03-23 12:05:40,703 INFO T:294.79Â°K V:2.7857e-02V I:1.8788e-03A R:1.4827e+01ğ›€ E:8.5978e-01V/cm J:8.2223e-02A/cm2 ğ›’:1.0457e+01ğ›€ cm
2023-03-23 12:05:40,748 INFO Measurement at current 0.001898989898989899
2023-03-23 12:05:41,366 INFO T:294.79Â°K V:2.8153e-02V I:1.8990e-03A R:1.4825e+01ğ›€ E:8.6893e-01V/cm J:8.3107e-02A/cm2 ğ›’:1.0456e+01ğ›€ cm
2023-03-23 12:05:41,385 INFO Measurement at current 0.0019191919191919192
2023-03-23 12:05:41,979 INFO T:294.79Â°K V:2.8449e-02V I:1.9192e-03A R:1.4823e+01ğ›€ E:8.7804e-01V/cm J:8.3991e-02A/cm2 ğ›’:1.0454e+01ğ›€ cm
2023-03-23 12:05:42,021 INFO Measurement at current 0.0019393939393939396
2023-03-23 12:05:42,627 INFO T:294.79Â°K V:2.8753e-02V I:1.9394e-03A R:1.4826e+01ğ›€ E:8.8744e-01V/cm J:8.4875e-02A/cm2 ğ›’:1.0456e+01ğ›€ cm
2023-03-23 12:05:42,675 INFO Measurement at current 0.0019595959595959597
2023-03-23 12:05:43,268 INFO T:294.79Â°K V:2.9050e-02V I:1.9596e-03A R:1.4824e+01ğ›€ E:8.9660e-01V/cm J:8.5759e-02A/cm2 ğ›’:1.0455e+01ğ›€ cm
2023-03-23 12:05:43,290 INFO Measurement at current 0.00197979797979798
2023-03-23 12:05:43,880 INFO T:294.79Â°K V:2.9355e-02V I:1.9798e-03A R:1.4827e+01ğ›€ E:9.0602e-01V/cm J:8.6643e-02A/cm2 ğ›’:1.0457e+01ğ›€ cm
2023-03-23 12:05:43,895 INFO Measurement at current 0.002
2023-03-23 12:05:44,494 INFO T:294.79Â°K V:2.9652e-02V I:2.0000e-03A R:1.4826e+01ğ›€ E:9.1517e-01V/cm J:8.7527e-02A/cm2 ğ›’:1.0456e+01ğ›€ cm
2023-03-23 12:06:36,796 INFO Save the description file
2023-03-23 12:06:36,803 INFO Save data in numpy format Esperimenti/CPRO_MUSA_230323/CPRO_MUSA_230323_current_from_0_to_20e-4A/CPRO_MUSA_230323_current_from_0_to_20e-4A-20230323120634
2023-03-23 12:06:36,844 INFO Save data in CSV format Esperimenti/CPRO_MUSA_230323/CPRO_MUSA_230323_current_from_0_to_20e-4A/CPRO_MUSA_230323_current_from_0_to_20e-4A-20230323120634.csv
2023-03-23 12:06:36,855 INFO Save plot as image Esperimenti/CPRO_MUSA_230323/CPRO_MUSA_230323_current_from_0_to_20e-4A/CPRO_MUSA_230323_current_from_0_to_20e-4A-20230323120634.png
