2023-06-14 18:19:27,514 INFO ### Start experiment: BS_1_4a_140623_R-T at fixed current 30e-4A ###
2023-06-14 18:19:28,860 INFO Found Multimeter KEITHLEY INSTRUMENTS INC.,MODEL 2700,0884890,B03  /A02  

2023-06-14 18:19:29,896 INFO Found Nanovolt Meter KEITHLEY INSTRUMENTS INC.,MODEL 2182A,4056474,C03  /A02  

2023-06-14 18:19:30,021 INFO Found Source Meter KEITHLEY INSTRUMENTS INC.,MODEL 2400,0945684,C24   Feb 14 2002 11:59:45/A02  /K/H

2023-06-14 18:19:33,334 INFO Start the measurement loop in continuous mode
2023-06-14 18:19:33,403 INFO Measurement at current 0.003
2023-06-14 18:19:37,730 INFO T:133.55Â°K V:-5.4622e-05V I:3.0000e-03A R:-1.8207e-02ğ›€ E:-1.0504e-03V/cm J:3.3708e-02A/cm2 ğ›’:-3.1163e-02ğ›€ cm
2023-06-14 18:19:37,754 INFO Measurement at current 0.003
2023-06-14 18:19:41,791 INFO T:134.77Â°K V:-6.0287e-05V I:3.0000e-03A R:-2.0096e-02ğ›€ E:-1.1594e-03V/cm J:3.3708e-02A/cm2 ğ›’:-3.4395e-02ğ›€ cm
2023-06-14 18:19:41,812 INFO Measurement at current 0.003
2023-06-14 18:19:45,837 INFO T:135.98Â°K V:-5.7046e-05V I:3.0000e-03A R:-1.9015e-02ğ›€ E:-1.0970e-03V/cm J:3.3708e-02A/cm2 ğ›’:-3.2546e-02ğ›€ cm
2023-06-14 18:19:45,851 INFO Measurement at current 0.003
2023-06-14 18:19:49,872 INFO T:137.18Â°K V:-5.8281e-05V I:3.0000e-03A R:-1.9427e-02ğ›€ E:-1.1208e-03V/cm J:3.3708e-02A/cm2 ğ›’:-3.3250e-02ğ›€ cm
2023-06-14 18:19:49,891 INFO Measurement at current 0.003
2023-06-14 18:19:53,906 INFO T:138.35Â°K V:-5.3056e-05V I:3.0000e-03A R:-1.7685e-02ğ›€ E:-1.0203e-03V/cm J:3.3708e-02A/cm2 ğ›’:-3.0269e-02ğ›€ cm
2023-06-14 18:19:53,922 INFO Measurement at current 0.003
2023-06-14 18:19:57,937 INFO T:139.52Â°K V:-5.3834e-05V I:3.0000e-03A R:-1.7945e-02ğ›€ E:-1.0353e-03V/cm J:3.3708e-02A/cm2 ğ›’:-3.0713e-02ğ›€ cm
2023-06-14 18:19:57,961 INFO Measurement at current 0.003
2023-06-14 18:20:01,967 INFO T:140.65Â°K V:-5.5228e-05V I:3.0000e-03A R:-1.8409e-02ğ›€ E:-1.0621e-03V/cm J:3.3708e-02A/cm2 ğ›’:-3.1509e-02ğ›€ cm
2023-06-14 18:20:01,989 INFO Measurement at current 0.003
2023-06-14 18:20:06,001 INFO T:141.76Â°K V:-5.5153e-05V I:3.0000e-03A R:-1.8384e-02ğ›€ E:-1.0606e-03V/cm J:3.3708e-02A/cm2 ğ›’:-3.1465e-02ğ›€ cm
2023-06-14 18:20:06,025 INFO Measurement at current 0.003
2023-06-14 18:20:10,023 INFO T:142.83Â°K V:-5.3540e-05V I:3.0000e-03A R:-1.7847e-02ğ›€ E:-1.0296e-03V/cm J:3.3708e-02A/cm2 ğ›’:-3.0545e-02ğ›€ cm
2023-06-14 18:20:10,039 INFO Measurement at current 0.003
2023-06-14 18:20:14,032 INFO T:143.91Â°K V:-5.0811e-05V I:3.0000e-03A R:-1.6937e-02ğ›€ E:-9.7714e-04V/cm J:3.3708e-02A/cm2 ğ›’:-2.8988e-02ğ›€ cm
2023-06-14 18:20:14,047 INFO Measurement at current 0.003
2023-06-14 18:20:18,059 INFO T:144.97Â°K V:-5.0182e-05V I:3.0000e-03A R:-1.6727e-02ğ›€ E:-9.6504e-04V/cm J:3.3708e-02A/cm2 ğ›’:-2.8629e-02ğ›€ cm
2023-06-14 18:20:18,072 INFO Measurement at current 0.003
2023-06-14 18:20:22,077 INFO T:146.02Â°K V:-4.2378e-05V I:3.0000e-03A R:-1.4126e-02ğ›€ E:-8.1495e-04V/cm J:3.3708e-02A/cm2 ğ›’:-2.4177e-02ğ›€ cm
2023-06-14 18:20:22,101 INFO Measurement at current 0.003
2023-06-14 18:20:26,127 INFO T:147.06Â°K V:-4.8788e-05V I:3.0000e-03A R:-1.6263e-02ğ›€ E:-9.3823e-04V/cm J:3.3708e-02A/cm2 ğ›’:-2.7834e-02ğ›€ cm
2023-06-14 18:20:26,158 INFO Measurement at current 0.003
2023-06-14 18:20:30,175 INFO T:148.09Â°K V:-4.8456e-05V I:3.0000e-03A R:-1.6152e-02ğ›€ E:-9.3184e-04V/cm J:3.3708e-02A/cm2 ğ›’:-2.7645e-02ğ›€ cm
2023-06-14 18:20:30,197 INFO Measurement at current 0.003
2023-06-14 18:20:34,216 INFO T:149.12Â°K V:-4.1257e-05V I:3.0000e-03A R:-1.3752e-02ğ›€ E:-7.9341e-04V/cm J:3.3708e-02A/cm2 ğ›’:-2.3538e-02ğ›€ cm
2023-06-14 18:20:34,246 INFO Measurement at current 0.003
2023-06-14 18:20:38,271 INFO T:150.13Â°K V:-5.0780e-05V I:3.0000e-03A R:-1.6927e-02ğ›€ E:-9.7654e-04V/cm J:3.3708e-02A/cm2 ğ›’:-2.8971e-02ğ›€ cm
2023-06-14 18:20:38,295 INFO Measurement at current 0.003
2023-06-14 18:20:42,342 INFO T:151.14Â°K V:-3.4480e-05V I:3.0000e-03A R:-1.1493e-02ğ›€ E:-6.6307e-04V/cm J:3.3708e-02A/cm2 ğ›’:-1.9671e-02ğ›€ cm
2023-06-14 18:20:42,378 INFO Measurement at current 0.003
2023-06-14 18:20:46,388 INFO T:152.13Â°K V:-3.8231e-05V I:3.0000e-03A R:-1.2744e-02ğ›€ E:-7.3520e-04V/cm J:3.3708e-02A/cm2 ğ›’:-2.1811e-02ğ›€ cm
2023-06-14 18:20:46,412 INFO Measurement at current 0.003
2023-06-14 18:20:50,403 INFO T:153.10Â°K V:-3.9635e-05V I:3.0000e-03A R:-1.3212e-02ğ›€ E:-7.6221e-04V/cm J:3.3708e-02A/cm2 ğ›’:-2.2612e-02ğ›€ cm
2023-06-14 18:20:50,417 INFO Measurement at current 0.003
2023-06-14 18:20:54,429 INFO T:154.07Â°K V:-4.1826e-05V I:3.0000e-03A R:-1.3942e-02ğ›€ E:-8.0435e-04V/cm J:3.3708e-02A/cm2 ğ›’:-2.3862e-02ğ›€ cm
2023-06-14 18:20:54,453 INFO Measurement at current 0.003
2023-06-14 18:20:58,510 INFO T:155.04Â°K V:-4.8898e-05V I:3.0000e-03A R:-1.6299e-02ğ›€ E:-9.4035e-04V/cm J:3.3708e-02A/cm2 ğ›’:-2.7897e-02ğ›€ cm
2023-06-14 18:20:58,528 INFO Measurement at current 0.003
2023-06-14 18:21:02,547 INFO T:156.04Â°K V:-3.0110e-05V I:3.0000e-03A R:-1.0037e-02ğ›€ E:-5.7904e-04V/cm J:3.3708e-02A/cm2 ğ›’:-1.7178e-02ğ›€ cm
2023-06-14 18:21:02,564 INFO Measurement at current 0.003
2023-06-14 18:21:06,560 INFO T:157.02Â°K V:-2.9291e-05V I:3.0000e-03A R:-9.7637e-03ğ›€ E:-5.6329e-04V/cm J:3.3708e-02A/cm2 ğ›’:-1.6711e-02ğ›€ cm
2023-06-14 18:21:06,576 INFO Measurement at current 0.003
2023-06-14 18:21:10,552 INFO T:157.97Â°K V:-3.1102e-05V I:3.0000e-03A R:-1.0367e-02ğ›€ E:-5.9812e-04V/cm J:3.3708e-02A/cm2 ğ›’:-1.7744e-02ğ›€ cm
2023-06-14 18:21:10,572 INFO Measurement at current 0.003
2023-06-14 18:21:14,608 INFO T:158.91Â°K V:-3.6248e-05V I:3.0000e-03A R:-1.2083e-02ğ›€ E:-6.9707e-04V/cm J:3.3708e-02A/cm2 ğ›’:-2.0680e-02ğ›€ cm
2023-06-14 18:21:14,634 INFO Measurement at current 0.003
2023-06-14 18:21:18,641 INFO T:159.83Â°K V:-4.5380e-05V I:3.0000e-03A R:-1.5127e-02ğ›€ E:-8.7269e-04V/cm J:3.3708e-02A/cm2 ğ›’:-2.5890e-02ğ›€ cm
2023-06-14 18:21:18,655 INFO Measurement at current 0.003
2023-06-14 18:21:22,611 INFO T:160.72Â°K V:-3.3640e-05V I:3.0000e-03A R:-1.1213e-02ğ›€ E:-6.4693e-04V/cm J:3.3708e-02A/cm2 ğ›’:-1.9192e-02ğ›€ cm
2023-06-14 18:21:22,625 INFO Measurement at current 0.003
2023-06-14 18:21:26,564 INFO T:161.58Â°K V:-2.4695e-05V I:3.0000e-03A R:-8.2317e-03ğ›€ E:-4.7490e-04V/cm J:3.3708e-02A/cm2 ğ›’:-1.4089e-02ğ›€ cm
2023-06-14 18:21:26,577 INFO Measurement at current 0.003
2023-06-14 18:21:30,576 INFO T:162.44Â°K V:-2.6181e-05V I:3.0000e-03A R:-8.7269e-03ğ›€ E:-5.0347e-04V/cm J:3.3708e-02A/cm2 ğ›’:-1.4936e-02ğ›€ cm
2023-06-14 18:21:30,597 INFO Measurement at current 0.003
2023-06-14 18:21:34,621 INFO T:163.29Â°K V:-3.2272e-05V I:3.0000e-03A R:-1.0757e-02ğ›€ E:-6.2062e-04V/cm J:3.3708e-02A/cm2 ğ›’:-1.8412e-02ğ›€ cm
2023-06-14 18:21:34,641 INFO Measurement at current 0.003
2023-06-14 18:21:38,677 INFO T:164.13Â°K V:-2.5386e-05V I:3.0000e-03A R:-8.4620e-03ğ›€ E:-4.8819e-04V/cm J:3.3708e-02A/cm2 ğ›’:-1.4483e-02ğ›€ cm
2023-06-14 18:21:38,692 INFO Measurement at current 0.003
2023-06-14 18:21:42,731 INFO T:164.97Â°K V:-2.7476e-05V I:3.0000e-03A R:-9.1588e-03ğ›€ E:-5.2839e-04V/cm J:3.3708e-02A/cm2 ğ›’:-1.5676e-02ğ›€ cm
2023-06-14 18:21:42,747 INFO Measurement at current 0.003
2023-06-14 18:21:46,830 INFO T:165.80Â°K V:-2.5493e-05V I:3.0000e-03A R:-8.4975e-03ğ›€ E:-4.9024e-04V/cm J:3.3708e-02A/cm2 ğ›’:-1.4544e-02ğ›€ cm
2023-06-14 18:21:46,896 INFO Measurement at current 0.003
2023-06-14 18:21:50,968 INFO T:166.63Â°K V:-2.0092e-05V I:3.0000e-03A R:-6.6975e-03ğ›€ E:-3.8639e-04V/cm J:3.3708e-02A/cm2 ğ›’:-1.1463e-02ğ›€ cm
2023-06-14 18:21:50,981 INFO Measurement at current 0.003
2023-06-14 18:21:55,141 INFO T:167.45Â°K V:-2.3616e-05V I:3.0000e-03A R:-7.8720e-03ğ›€ E:-4.5416e-04V/cm J:3.3708e-02A/cm2 ğ›’:-1.3473e-02ğ›€ cm
2023-06-14 18:21:55,164 INFO Measurement at current 0.003
2023-06-14 18:21:59,206 INFO T:168.25Â°K V:-2.1810e-05V I:3.0000e-03A R:-7.2700e-03ğ›€ E:-4.1943e-04V/cm J:3.3708e-02A/cm2 ğ›’:-1.2443e-02ğ›€ cm
2023-06-14 18:21:59,225 INFO Measurement at current 0.003
2023-06-14 18:22:03,270 INFO T:169.03Â°K V:-2.6104e-05V I:3.0000e-03A R:-8.7012e-03ğ›€ E:-5.0199e-04V/cm J:3.3708e-02A/cm2 ğ›’:-1.4893e-02ğ›€ cm
2023-06-14 18:22:03,286 INFO Measurement at current 0.003
2023-06-14 18:22:07,311 INFO T:169.81Â°K V:-2.3903e-05V I:3.0000e-03A R:-7.9676e-03ğ›€ E:-4.5967e-04V/cm J:3.3708e-02A/cm2 ğ›’:-1.3637e-02ğ›€ cm
2023-06-14 18:22:07,342 INFO Measurement at current 0.003
2023-06-14 18:22:11,421 INFO T:170.58Â°K V:-1.9531e-05V I:3.0000e-03A R:-6.5102e-03ğ›€ E:-3.7559e-04V/cm J:3.3708e-02A/cm2 ğ›’:-1.1142e-02ğ›€ cm
2023-06-14 18:22:11,453 INFO Measurement at current 0.003
2023-06-14 18:22:15,438 INFO T:171.35Â°K V:-1.5435e-05V I:3.0000e-03A R:-5.1449e-03ğ›€ E:-2.9682e-04V/cm J:3.3708e-02A/cm2 ğ›’:-8.8056e-03ğ›€ cm
2023-06-14 18:22:15,470 INFO Measurement at current 0.003
2023-06-14 18:22:19,512 INFO T:172.09Â°K V:-9.0748e-06V I:3.0000e-03A R:-3.0249e-03ğ›€ E:-1.7451e-04V/cm J:3.3708e-02A/cm2 ğ›’:-5.1773e-03ğ›€ cm
2023-06-14 18:22:19,542 INFO Measurement at current 0.003
2023-06-14 18:22:23,513 INFO T:172.83Â°K V:-1.9829e-05V I:3.0000e-03A R:-6.6098e-03ğ›€ E:-3.8133e-04V/cm J:3.3708e-02A/cm2 ğ›’:-1.1313e-02ğ›€ cm
2023-06-14 18:22:23,530 INFO Measurement at current 0.003
2023-06-14 18:22:27,592 INFO T:173.56Â°K V:-1.5970e-05V I:3.0000e-03A R:-5.3232e-03ğ›€ E:-3.0711e-04V/cm J:3.3708e-02A/cm2 ğ›’:-9.1109e-03ğ›€ cm
2023-06-14 18:22:27,616 INFO Measurement at current 0.003
2023-06-14 18:22:31,670 INFO T:174.29Â°K V:-1.2292e-05V I:3.0000e-03A R:-4.0972e-03ğ›€ E:-2.3638e-04V/cm J:3.3708e-02A/cm2 ğ›’:-7.0126e-03ğ›€ cm
2023-06-14 18:22:31,689 INFO Measurement at current 0.003
2023-06-14 18:22:35,748 INFO T:175.02Â°K V:-2.6649e-05V I:3.0000e-03A R:-8.8831e-03ğ›€ E:-5.1249e-04V/cm J:3.3708e-02A/cm2 ğ›’:-1.5204e-02ğ›€ cm
2023-06-14 18:22:35,769 INFO Measurement at current 0.003
2023-06-14 18:22:39,811 INFO T:175.73Â°K V:-1.5388e-05V I:3.0000e-03A R:-5.1294e-03ğ›€ E:-2.9593e-04V/cm J:3.3708e-02A/cm2 ğ›’:-8.7792e-03ğ›€ cm
2023-06-14 18:22:39,831 INFO Measurement at current 0.003
2023-06-14 18:22:43,853 INFO T:176.44Â°K V:-7.1121e-06V I:3.0000e-03A R:-2.3707e-03ğ›€ E:-1.3677e-04V/cm J:3.3708e-02A/cm2 ğ›’:-4.0575e-03ğ›€ cm
2023-06-14 18:22:43,868 INFO Measurement at current 0.003
2023-06-14 18:22:47,882 INFO T:177.13Â°K V:-1.5223e-05V I:3.0000e-03A R:-5.0744e-03ğ›€ E:-2.9275e-04V/cm J:3.3708e-02A/cm2 ğ›’:-8.6850e-03ğ›€ cm
2023-06-14 18:22:47,900 INFO Measurement at current 0.003
2023-06-14 18:22:51,957 INFO T:177.83Â°K V:-7.4151e-06V I:3.0000e-03A R:-2.4717e-03ğ›€ E:-1.4260e-04V/cm J:3.3708e-02A/cm2 ğ›’:-4.2304e-03ğ›€ cm
2023-06-14 18:22:51,977 INFO Measurement at current 0.003
2023-06-14 18:22:55,996 INFO T:178.52Â°K V:-1.2832e-05V I:3.0000e-03A R:-4.2775e-03ğ›€ E:-2.4678e-04V/cm J:3.3708e-02A/cm2 ğ›’:-7.3210e-03ğ›€ cm
2023-06-14 18:22:56,047 INFO Measurement at current 0.003
2023-06-14 18:23:00,076 INFO T:179.20Â°K V:-7.6447e-06V I:3.0000e-03A R:-2.5482e-03ğ›€ E:-1.4701e-04V/cm J:3.3708e-02A/cm2 ğ›’:-4.3614e-03ğ›€ cm
2023-06-14 18:23:00,113 INFO Measurement at current 0.003
2023-06-14 18:23:04,140 INFO T:179.87Â°K V:-4.9544e-06V I:3.0000e-03A R:-1.6515e-03ğ›€ E:-9.5277e-05V/cm J:3.3708e-02A/cm2 ğ›’:-2.8265e-03ğ›€ cm
2023-06-14 18:23:04,152 INFO Measurement at current 0.003
2023-06-14 18:23:08,110 INFO T:180.53Â°K V:-9.8833e-06V I:3.0000e-03A R:-3.2944e-03ğ›€ E:-1.9006e-04V/cm J:3.3708e-02A/cm2 ğ›’:-5.6385e-03ğ›€ cm
2023-06-14 18:23:08,124 INFO Measurement at current 0.003
2023-06-14 18:23:12,120 INFO T:181.18Â°K V:-9.4281e-06V I:3.0000e-03A R:-3.1427e-03ğ›€ E:-1.8131e-04V/cm J:3.3708e-02A/cm2 ğ›’:-5.3789e-03ğ›€ cm
2023-06-14 18:23:12,141 INFO Measurement at current 0.003
2023-06-14 18:23:16,164 INFO T:181.84Â°K V:-1.3533e-05V I:3.0000e-03A R:-4.5109e-03ğ›€ E:-2.6025e-04V/cm J:3.3708e-02A/cm2 ğ›’:-7.7207e-03ğ›€ cm
2023-06-14 18:23:16,177 INFO Measurement at current 0.003
2023-06-14 18:23:20,225 INFO T:182.49Â°K V:-8.2587e-06V I:3.0000e-03A R:-2.7529e-03ğ›€ E:-1.5882e-04V/cm J:3.3708e-02A/cm2 ğ›’:-4.7117e-03ğ›€ cm
2023-06-14 18:23:20,243 INFO Measurement at current 0.003
2023-06-14 18:23:24,281 INFO T:183.14Â°K V:-7.1719e-06V I:3.0000e-03A R:-2.3906e-03ğ›€ E:-1.3792e-04V/cm J:3.3708e-02A/cm2 ğ›’:-4.0917e-03ğ›€ cm
2023-06-14 18:23:24,297 INFO Measurement at current 0.003
2023-06-14 18:23:28,249 INFO T:183.76Â°K V:-6.3279e-06V I:3.0000e-03A R:-2.1093e-03ğ›€ E:-1.2169e-04V/cm J:3.3708e-02A/cm2 ğ›’:-3.6102e-03ğ›€ cm
2023-06-14 18:23:28,271 INFO Measurement at current 0.003
2023-06-14 18:23:32,304 INFO T:184.39Â°K V:-3.3973e-06V I:3.0000e-03A R:-1.1324e-03ğ›€ E:-6.5333e-05V/cm J:3.3708e-02A/cm2 ğ›’:-1.9382e-03ğ›€ cm
2023-06-14 18:23:32,346 INFO Measurement at current 0.003
2023-06-14 18:23:36,461 INFO T:185.03Â°K V:-1.3104e-05V I:3.0000e-03A R:-4.3679e-03ğ›€ E:-2.5199e-04V/cm J:3.3708e-02A/cm2 ğ›’:-7.4757e-03ğ›€ cm
2023-06-14 18:23:36,478 INFO Measurement at current 0.003
2023-06-14 18:23:40,483 INFO T:185.66Â°K V:-1.1073e-05V I:3.0000e-03A R:-3.6911e-03ğ›€ E:-2.1295e-04V/cm J:3.3708e-02A/cm2 ğ›’:-6.3174e-03ğ›€ cm
2023-06-14 18:23:40,498 INFO Measurement at current 0.003
2023-06-14 18:23:44,554 INFO T:186.28Â°K V:-1.3274e-05V I:3.0000e-03A R:-4.4245e-03ğ›€ E:-2.5526e-04V/cm J:3.3708e-02A/cm2 ğ›’:-7.5727e-03ğ›€ cm
2023-06-14 18:23:44,586 INFO Measurement at current 0.003
2023-06-14 18:23:48,608 INFO T:186.89Â°K V:-5.4769e-06V I:3.0000e-03A R:-1.8256e-03ğ›€ E:-1.0533e-04V/cm J:3.3708e-02A/cm2 ğ›’:-3.1247e-03ğ›€ cm
2023-06-14 18:23:48,631 INFO Measurement at current 0.003
2023-06-14 18:23:52,656 INFO T:187.50Â°K V:-4.8115e-06V I:3.0000e-03A R:-1.6038e-03ğ›€ E:-9.2528e-05V/cm J:3.3708e-02A/cm2 ğ›’:-2.7450e-03ğ›€ cm
2023-06-14 18:23:52,676 INFO Measurement at current 0.003
2023-06-14 18:23:56,719 INFO T:188.10Â°K V:-3.8867e-06V I:3.0000e-03A R:-1.2956e-03ğ›€ E:-7.4745e-05V/cm J:3.3708e-02A/cm2 ğ›’:-2.2174e-03ğ›€ cm
2023-06-14 18:23:56,743 INFO Measurement at current 0.003
2023-06-14 18:24:00,795 INFO T:188.70Â°K V:-1.0948e-05V I:3.0000e-03A R:-3.6492e-03ğ›€ E:-2.1053e-04V/cm J:3.3708e-02A/cm2 ğ›’:-6.2458e-03ğ›€ cm
2023-06-14 18:24:00,816 INFO Measurement at current 0.003
2023-06-14 18:24:04,854 INFO T:189.30Â°K V:-2.8482e-06V I:3.0000e-03A R:-9.4939e-04ğ›€ E:-5.4772e-05V/cm J:3.3708e-02A/cm2 ğ›’:-1.6249e-03ğ›€ cm
2023-06-14 18:24:04,870 INFO Measurement at current 0.003
2023-06-14 18:24:08,930 INFO T:189.88Â°K V:1.3519e-06V I:3.0000e-03A R:4.5063e-04ğ›€ E:2.5998e-05V/cm J:3.3708e-02A/cm2 ğ›’:7.7126e-04ğ›€ cm
2023-06-14 18:24:08,949 INFO Measurement at current 0.003
2023-06-14 18:24:12,982 INFO T:190.47Â°K V:2.2356e-06V I:3.0000e-03A R:7.4519e-04ğ›€ E:4.2992e-05V/cm J:3.3708e-02A/cm2 ğ›’:1.2754e-03ğ›€ cm
2023-06-14 18:24:12,999 INFO Measurement at current 0.003
2023-06-14 18:24:16,984 INFO T:191.05Â°K V:4.0236e-06V I:3.0000e-03A R:1.3412e-03ğ›€ E:7.7377e-05V/cm J:3.3708e-02A/cm2 ğ›’:2.2955e-03ğ›€ cm
2023-06-14 18:24:17,010 INFO Measurement at current 0.003
2023-06-14 18:24:21,051 INFO T:191.62Â°K V:-1.4465e-06V I:3.0000e-03A R:-4.8217e-04ğ›€ E:-2.7818e-05V/cm J:3.3708e-02A/cm2 ğ›’:-8.2526e-04ğ›€ cm
2023-06-14 18:24:21,074 INFO Measurement at current 0.003
2023-06-14 18:24:25,079 INFO T:192.19Â°K V:7.8409e-07V I:3.0000e-03A R:2.6136e-04ğ›€ E:1.5079e-05V/cm J:3.3708e-02A/cm2 ğ›’:4.4733e-04ğ›€ cm
2023-06-14 18:24:25,103 INFO Measurement at current 0.003
2023-06-14 18:24:29,141 INFO T:192.75Â°K V:-1.5421e-06V I:3.0000e-03A R:-5.1403e-04ğ›€ E:-2.9655e-05V/cm J:3.3708e-02A/cm2 ğ›’:-8.7978e-04ğ›€ cm
2023-06-14 18:24:29,165 INFO Measurement at current 0.003
2023-06-14 18:24:33,203 INFO T:193.31Â°K V:-8.3832e-07V I:3.0000e-03A R:-2.7944e-04ğ›€ E:-1.6122e-05V/cm J:3.3708e-02A/cm2 ğ›’:-4.7827e-04ğ›€ cm
2023-06-14 18:24:33,228 INFO Measurement at current 0.003
2023-06-14 18:24:37,248 INFO T:193.87Â°K V:8.8028e-07V I:3.0000e-03A R:2.9343e-04ğ›€ E:1.6928e-05V/cm J:3.3708e-02A/cm2 ğ›’:5.0221e-04ğ›€ cm
2023-06-14 18:24:37,270 INFO Measurement at current 0.003
2023-06-14 18:24:41,321 INFO T:194.42Â°K V:-5.9349e-06V I:3.0000e-03A R:-1.9783e-03ğ›€ E:-1.1413e-04V/cm J:3.3708e-02A/cm2 ğ›’:-3.3860e-03ğ›€ cm
2023-06-14 18:24:41,344 INFO Measurement at current 0.003
2023-06-14 18:24:45,389 INFO T:194.97Â°K V:3.9729e-06V I:3.0000e-03A R:1.3243e-03ğ›€ E:7.6402e-05V/cm J:3.3708e-02A/cm2 ğ›’:2.2666e-03ğ›€ cm
2023-06-14 18:24:45,405 INFO Measurement at current 0.003
2023-06-14 18:24:49,434 INFO T:195.52Â°K V:3.2365e-07V I:3.0000e-03A R:1.0788e-04ğ›€ E:6.2241e-06V/cm J:3.3708e-02A/cm2 ğ›’:1.8465e-04ğ›€ cm
2023-06-14 18:24:49,462 INFO Measurement at current 0.003
2023-06-14 18:24:53,464 INFO T:196.06Â°K V:-1.6908e-06V I:3.0000e-03A R:-5.6358e-04ğ›€ E:-3.2514e-05V/cm J:3.3708e-02A/cm2 ğ›’:-9.6460e-04ğ›€ cm
2023-06-14 18:24:53,495 INFO Measurement at current 0.003
2023-06-14 18:24:57,506 INFO T:196.59Â°K V:-2.6189e-06V I:3.0000e-03A R:-8.7297e-04ğ›€ E:-5.0363e-05V/cm J:3.3708e-02A/cm2 ğ›’:-1.4941e-03ğ›€ cm
2023-06-14 18:24:57,526 INFO Measurement at current 0.003
2023-06-14 18:25:01,625 INFO T:197.13Â°K V:5.9017e-06V I:3.0000e-03A R:1.9672e-03ğ›€ E:1.1349e-04V/cm J:3.3708e-02A/cm2 ğ›’:3.3670e-03ğ›€ cm
2023-06-14 18:25:01,651 INFO Measurement at current 0.003
2023-06-14 18:25:05,687 INFO T:197.66Â°K V:5.5652e-07V I:3.0000e-03A R:1.8551e-04ğ›€ E:1.0702e-05V/cm J:3.3708e-02A/cm2 ğ›’:3.1750e-04ğ›€ cm
2023-06-14 18:25:05,714 INFO Measurement at current 0.003
2023-06-14 18:25:09,766 INFO T:198.18Â°K V:5.5892e-06V I:3.0000e-03A R:1.8631e-03ğ›€ E:1.0748e-04V/cm J:3.3708e-02A/cm2 ğ›’:3.1887e-03ğ›€ cm
2023-06-14 18:25:09,788 INFO Measurement at current 0.003
2023-06-14 18:25:13,895 INFO T:198.72Â°K V:4.6631e-07V I:3.0000e-03A R:1.5544e-04ğ›€ E:8.9676e-06V/cm J:3.3708e-02A/cm2 ğ›’:2.6604e-04ğ›€ cm
2023-06-14 18:25:13,928 INFO Measurement at current 0.003
2023-06-14 18:25:18,009 INFO T:199.24Â°K V:-8.2348e-07V I:3.0000e-03A R:-2.7449e-04ğ›€ E:-1.5836e-05V/cm J:3.3708e-02A/cm2 ğ›’:-4.6980e-04ğ›€ cm
2023-06-14 18:25:18,032 INFO Measurement at current 0.003
2023-06-14 18:25:22,085 INFO T:199.75Â°K V:2.1653e-07V I:3.0000e-03A R:7.2178e-05ğ›€ E:4.1641e-06V/cm J:3.3708e-02A/cm2 ğ›’:1.2354e-04ğ›€ cm
2023-06-14 18:25:22,118 INFO Measurement at current 0.003
2023-06-14 18:25:26,164 INFO T:200.27Â°K V:2.3811e-06V I:3.0000e-03A R:7.9371e-04ğ›€ E:4.5791e-05V/cm J:3.3708e-02A/cm2 ğ›’:1.3585e-03ğ›€ cm
2023-06-14 18:25:26,187 INFO Measurement at current 0.003
2023-06-14 18:25:30,219 INFO T:200.77Â°K V:6.1282e-07V I:3.0000e-03A R:2.0427e-04ğ›€ E:1.1785e-05V/cm J:3.3708e-02A/cm2 ğ›’:3.4962e-04ğ›€ cm
2023-06-14 18:25:30,253 INFO Measurement at current 0.003
2023-06-14 18:25:34,232 INFO T:201.27Â°K V:3.0468e-06V I:3.0000e-03A R:1.0156e-03ğ›€ E:5.8593e-05V/cm J:3.3708e-02A/cm2 ğ›’:1.7383e-03ğ›€ cm
2023-06-14 18:25:34,267 INFO Measurement at current 0.003
2023-06-14 18:25:38,404 INFO T:201.77Â°K V:3.7230e-06V I:3.0000e-03A R:1.2410e-03ğ›€ E:7.1596e-05V/cm J:3.3708e-02A/cm2 ğ›’:2.1240e-03ğ›€ cm
2023-06-14 18:25:38,434 INFO Measurement at current 0.003
2023-06-14 18:25:42,419 INFO T:202.27Â°K V:-8.7422e-07V I:3.0000e-03A R:-2.9141e-04ğ›€ E:-1.6812e-05V/cm J:3.3708e-02A/cm2 ğ›’:-4.9875e-04ğ›€ cm
2023-06-14 18:25:42,450 INFO Measurement at current 0.003
2023-06-14 18:25:46,483 INFO T:202.76Â°K V:6.5109e-06V I:3.0000e-03A R:2.1703e-03ğ›€ E:1.2521e-04V/cm J:3.3708e-02A/cm2 ğ›’:3.7146e-03ğ›€ cm
2023-06-14 18:25:46,520 INFO Measurement at current 0.003
2023-06-14 18:25:50,543 INFO T:203.25Â°K V:2.3438e-06V I:3.0000e-03A R:7.8125e-04ğ›€ E:4.5072e-05V/cm J:3.3708e-02A/cm2 ğ›’:1.3371e-03ğ›€ cm
2023-06-14 18:25:50,579 INFO Measurement at current 0.003
2023-06-14 18:25:54,639 INFO T:203.73Â°K V:7.8889e-06V I:3.0000e-03A R:2.6296e-03ğ›€ E:1.5171e-04V/cm J:3.3708e-02A/cm2 ğ›’:4.5007e-03ğ›€ cm
2023-06-14 18:25:54,656 INFO Measurement at current 0.003
2023-06-14 18:25:58,699 INFO T:204.22Â°K V:6.5795e-06V I:3.0000e-03A R:2.1932e-03ğ›€ E:1.2653e-04V/cm J:3.3708e-02A/cm2 ğ›’:3.7537e-03ğ›€ cm
2023-06-14 18:25:58,742 INFO Measurement at current 0.003
2023-06-14 18:26:02,818 INFO T:204.70Â°K V:1.9683e-06V I:3.0000e-03A R:6.5612e-04ğ›€ E:3.7853e-05V/cm J:3.3708e-02A/cm2 ğ›’:1.1230e-03ğ›€ cm
2023-06-14 18:26:02,831 INFO Measurement at current 0.003
2023-06-14 18:26:06,849 INFO T:205.17Â°K V:6.2900e-06V I:3.0000e-03A R:2.0967e-03ğ›€ E:1.2096e-04V/cm J:3.3708e-02A/cm2 ğ›’:3.5885e-03ğ›€ cm
2023-06-14 18:26:06,871 INFO Measurement at current 0.003
2023-06-14 18:26:10,862 INFO T:205.64Â°K V:3.4725e-06V I:3.0000e-03A R:1.1575e-03ğ›€ E:6.6779e-05V/cm J:3.3708e-02A/cm2 ğ›’:1.9811e-03ğ›€ cm
2023-06-14 18:26:10,883 INFO Measurement at current 0.003
2023-06-14 18:26:14,904 INFO T:206.10Â°K V:6.1086e-06V I:3.0000e-03A R:2.0362e-03ğ›€ E:1.1747e-04V/cm J:3.3708e-02A/cm2 ğ›’:3.4851e-03ğ›€ cm
2023-06-14 18:26:14,932 INFO Measurement at current 0.003
2023-06-14 18:26:18,981 INFO T:206.57Â°K V:1.1037e-05V I:3.0000e-03A R:3.6790e-03ğ›€ E:2.1225e-04V/cm J:3.3708e-02A/cm2 ğ›’:6.2968e-03ğ›€ cm
2023-06-14 18:26:19,005 INFO Measurement at current 0.003
2023-06-14 18:26:23,053 INFO T:207.04Â°K V:5.2205e-06V I:3.0000e-03A R:1.7402e-03ğ›€ E:1.0039e-04V/cm J:3.3708e-02A/cm2 ğ›’:2.9784e-03ğ›€ cm
2023-06-14 18:26:23,082 INFO Measurement at current 0.003
2023-06-14 18:26:27,142 INFO T:207.50Â°K V:2.3148e-06V I:3.0000e-03A R:7.7161e-04ğ›€ E:4.4516e-05V/cm J:3.3708e-02A/cm2 ğ›’:1.3206e-03ğ›€ cm
2023-06-14 18:26:27,162 INFO Measurement at current 0.003
2023-06-14 18:26:31,202 INFO T:207.95Â°K V:9.5458e-07V I:3.0000e-03A R:3.1819e-04ğ›€ E:1.8357e-05V/cm J:3.3708e-02A/cm2 ğ›’:5.4460e-04ğ›€ cm
2023-06-14 18:26:31,221 INFO Measurement at current 0.003
2023-06-14 18:26:35,201 INFO T:208.40Â°K V:6.9582e-06V I:3.0000e-03A R:2.3194e-03ğ›€ E:1.3381e-04V/cm J:3.3708e-02A/cm2 ğ›’:3.9697e-03ğ›€ cm
2023-06-14 18:26:35,217 INFO Measurement at current 0.003
2023-06-14 18:26:39,225 INFO T:208.85Â°K V:4.8634e-06V I:3.0000e-03A R:1.6211e-03ğ›€ E:9.3527e-05V/cm J:3.3708e-02A/cm2 ğ›’:2.7746e-03ğ›€ cm
2023-06-14 18:26:39,241 INFO Measurement at current 0.003
2023-06-14 18:26:43,329 INFO T:209.30Â°K V:4.6925e-06V I:3.0000e-03A R:1.5642e-03ğ›€ E:9.0240e-05V/cm J:3.3708e-02A/cm2 ğ›’:2.6771e-03ğ›€ cm
2023-06-14 18:26:43,347 INFO Measurement at current 0.003
2023-06-14 18:26:47,399 INFO T:209.74Â°K V:3.8078e-06V I:3.0000e-03A R:1.2693e-03ğ›€ E:7.3226e-05V/cm J:3.3708e-02A/cm2 ğ›’:2.1724e-03ğ›€ cm
2023-06-14 18:26:47,429 INFO Measurement at current 0.003
2023-06-14 18:26:51,449 INFO T:210.18Â°K V:7.1294e-06V I:3.0000e-03A R:2.3765e-03ğ›€ E:1.3710e-04V/cm J:3.3708e-02A/cm2 ğ›’:4.0674e-03ğ›€ cm
2023-06-14 18:26:51,462 INFO Measurement at current 0.003
2023-06-14 18:26:55,500 INFO T:210.62Â°K V:1.0315e-05V I:3.0000e-03A R:3.4383e-03ğ›€ E:1.9837e-04V/cm J:3.3708e-02A/cm2 ğ›’:5.8849e-03ğ›€ cm
2023-06-14 18:26:55,523 INFO Measurement at current 0.003
2023-06-14 18:26:59,507 INFO T:211.05Â°K V:6.7502e-06V I:3.0000e-03A R:2.2501e-03ğ›€ E:1.2981e-04V/cm J:3.3708e-02A/cm2 ğ›’:3.8511e-03ğ›€ cm
2023-06-14 18:26:59,536 INFO Measurement at current 0.003
2023-06-14 18:27:03,610 INFO T:211.48Â°K V:8.3628e-06V I:3.0000e-03A R:2.7876e-03ğ›€ E:1.6082e-04V/cm J:3.3708e-02A/cm2 ğ›’:4.7711e-03ğ›€ cm
2023-06-14 18:27:03,629 INFO Measurement at current 0.003
2023-06-14 18:27:07,621 INFO T:211.91Â°K V:3.6942e-06V I:3.0000e-03A R:1.2314e-03ğ›€ E:7.1043e-05V/cm J:3.3708e-02A/cm2 ğ›’:2.1076e-03ğ›€ cm
2023-06-14 18:27:07,652 INFO Measurement at current 0.003
2023-06-14 18:27:11,684 INFO T:212.33Â°K V:1.2343e-05V I:3.0000e-03A R:4.1144e-03ğ›€ E:2.3737e-04V/cm J:3.3708e-02A/cm2 ğ›’:7.0419e-03ğ›€ cm
2023-06-14 18:27:11,714 INFO Measurement at current 0.003
2023-06-14 18:27:15,764 INFO T:212.76Â°K V:5.3839e-06V I:3.0000e-03A R:1.7946e-03ğ›€ E:1.0354e-04V/cm J:3.3708e-02A/cm2 ğ›’:3.0716e-03ğ›€ cm
2023-06-14 18:27:15,777 INFO Measurement at current 0.003
2023-06-14 18:27:19,794 INFO T:213.18Â°K V:1.3236e-05V I:3.0000e-03A R:4.4120e-03ğ›€ E:2.5454e-04V/cm J:3.3708e-02A/cm2 ğ›’:7.5513e-03ğ›€ cm
2023-06-14 18:27:19,821 INFO Measurement at current 0.003
2023-06-14 18:27:23,860 INFO T:213.60Â°K V:1.1350e-05V I:3.0000e-03A R:3.7833e-03ğ›€ E:2.1827e-04V/cm J:3.3708e-02A/cm2 ğ›’:6.4752e-03ğ›€ cm
2023-06-14 18:27:23,886 INFO Measurement at current 0.003
2023-06-14 18:27:27,938 INFO T:214.01Â°K V:2.3841e-06V I:3.0000e-03A R:7.9472e-04ğ›€ E:4.5849e-05V/cm J:3.3708e-02A/cm2 ğ›’:1.3602e-03ğ›€ cm
2023-06-14 18:27:27,961 INFO Measurement at current 0.003
2023-06-14 18:27:32,025 INFO T:214.43Â°K V:7.1765e-06V I:3.0000e-03A R:2.3922e-03ğ›€ E:1.3801e-04V/cm J:3.3708e-02A/cm2 ğ›’:4.0943e-03ğ›€ cm
2023-06-14 18:27:32,047 INFO Measurement at current 0.003
2023-06-14 18:27:36,088 INFO T:214.84Â°K V:9.8496e-06V I:3.0000e-03A R:3.2832e-03ğ›€ E:1.8941e-04V/cm J:3.3708e-02A/cm2 ğ›’:5.6193e-03ğ›€ cm
2023-06-14 18:27:36,104 INFO Measurement at current 0.003
2023-06-14 18:27:40,178 INFO T:215.25Â°K V:9.6740e-06V I:3.0000e-03A R:3.2247e-03ğ›€ E:1.8604e-04V/cm J:3.3708e-02A/cm2 ğ›’:5.5192e-03ğ›€ cm
2023-06-14 18:27:40,198 INFO Measurement at current 0.003
2023-06-14 18:27:44,255 INFO T:215.66Â°K V:8.9876e-06V I:3.0000e-03A R:2.9959e-03ğ›€ E:1.7284e-04V/cm J:3.3708e-02A/cm2 ğ›’:5.1276e-03ğ›€ cm
2023-06-14 18:27:44,294 INFO Measurement at current 0.003
2023-06-14 18:27:48,371 INFO T:216.06Â°K V:8.4314e-06V I:3.0000e-03A R:2.8105e-03ğ›€ E:1.6214e-04V/cm J:3.3708e-02A/cm2 ğ›’:4.8102e-03ğ›€ cm
2023-06-14 18:27:48,396 INFO Measurement at current 0.003
2023-06-14 18:27:52,456 INFO T:216.46Â°K V:1.1530e-05V I:3.0000e-03A R:3.8433e-03ğ›€ E:2.2173e-04V/cm J:3.3708e-02A/cm2 ğ›’:6.5779e-03ğ›€ cm
2023-06-14 18:27:52,472 INFO Measurement at current 0.003
2023-06-14 18:27:56,507 INFO T:216.86Â°K V:1.2110e-05V I:3.0000e-03A R:4.0365e-03ğ›€ E:2.3288e-04V/cm J:3.3708e-02A/cm2 ğ›’:6.9087e-03ğ›€ cm
2023-06-14 18:27:56,534 INFO Measurement at current 0.003
2023-06-14 18:28:00,603 INFO T:217.26Â°K V:2.7691e-06V I:3.0000e-03A R:9.2305e-04ğ›€ E:5.3253e-05V/cm J:3.3708e-02A/cm2 ğ›’:1.5798e-03ğ›€ cm
2023-06-14 18:28:00,628 INFO Measurement at current 0.003
2023-06-14 18:28:04,634 INFO T:217.65Â°K V:8.6915e-06V I:3.0000e-03A R:2.8972e-03ğ›€ E:1.6714e-04V/cm J:3.3708e-02A/cm2 ğ›’:4.9586e-03ğ›€ cm
2023-06-14 18:28:04,658 INFO Measurement at current 0.003
2023-06-14 18:28:08,657 INFO T:218.03Â°K V:8.0077e-06V I:3.0000e-03A R:2.6692e-03ğ›€ E:1.5399e-04V/cm J:3.3708e-02A/cm2 ğ›’:4.5685e-03ğ›€ cm
2023-06-14 18:28:08,674 INFO Measurement at current 0.003
2023-06-14 18:28:12,663 INFO T:218.42Â°K V:6.2100e-06V I:3.0000e-03A R:2.0700e-03ğ›€ E:1.1942e-04V/cm J:3.3708e-02A/cm2 ğ›’:3.5429e-03ğ›€ cm
2023-06-14 18:28:12,694 INFO Measurement at current 0.003
2023-06-14 18:28:16,738 INFO T:218.80Â°K V:5.3667e-06V I:3.0000e-03A R:1.7889e-03ğ›€ E:1.0321e-04V/cm J:3.3708e-02A/cm2 ğ›’:3.0618e-03ğ›€ cm
2023-06-14 18:28:16,758 INFO Measurement at current 0.003
2023-06-14 18:28:20,858 INFO T:219.19Â°K V:1.1634e-05V I:3.0000e-03A R:3.8778e-03ğ›€ E:2.2372e-04V/cm J:3.3708e-02A/cm2 ğ›’:6.6371e-03ğ›€ cm
2023-06-14 18:28:20,880 INFO Measurement at current 0.003
2023-06-14 18:28:24,881 INFO T:219.56Â°K V:1.2116e-05V I:3.0000e-03A R:4.0387e-03ğ›€ E:2.3300e-04V/cm J:3.3708e-02A/cm2 ğ›’:6.9123e-03ğ›€ cm
2023-06-14 18:28:24,899 INFO Measurement at current 0.003
2023-06-14 18:28:28,923 INFO T:219.94Â°K V:7.4472e-06V I:3.0000e-03A R:2.4824e-03ğ›€ E:1.4322e-04V/cm J:3.3708e-02A/cm2 ğ›’:4.2487e-03ğ›€ cm
2023-06-14 18:28:28,956 INFO Measurement at current 0.003
2023-06-14 18:28:32,958 INFO T:220.31Â°K V:6.3651e-06V I:3.0000e-03A R:2.1217e-03ğ›€ E:1.2241e-04V/cm J:3.3708e-02A/cm2 ğ›’:3.6313e-03ğ›€ cm
2023-06-14 18:28:33,003 INFO Measurement at current 0.003
2023-06-14 18:28:37,092 INFO T:220.68Â°K V:9.6514e-06V I:3.0000e-03A R:3.2171e-03ğ›€ E:1.8560e-04V/cm J:3.3708e-02A/cm2 ğ›’:5.5062e-03ğ›€ cm
2023-06-14 18:28:37,110 INFO Measurement at current 0.003
2023-06-14 18:28:41,152 INFO T:221.05Â°K V:7.6519e-06V I:3.0000e-03A R:2.5506e-03ğ›€ E:1.4715e-04V/cm J:3.3708e-02A/cm2 ğ›’:4.3655e-03ğ›€ cm
2023-06-14 18:28:41,186 INFO Measurement at current 0.003
2023-06-14 18:28:45,224 INFO T:221.43Â°K V:3.9470e-06V I:3.0000e-03A R:1.3157e-03ğ›€ E:7.5904e-05V/cm J:3.3708e-02A/cm2 ğ›’:2.2518e-03ğ›€ cm
2023-06-14 18:28:45,244 INFO Measurement at current 0.003
2023-06-14 18:28:49,281 INFO T:221.79Â°K V:4.9468e-06V I:3.0000e-03A R:1.6489e-03ğ›€ E:9.5132e-05V/cm J:3.3708e-02A/cm2 ğ›’:2.8222e-03ğ›€ cm
2023-06-14 18:28:49,300 INFO Measurement at current 0.003
2023-06-14 18:28:53,320 INFO T:222.15Â°K V:8.3821e-06V I:3.0000e-03A R:2.7940e-03ğ›€ E:1.6119e-04V/cm J:3.3708e-02A/cm2 ğ›’:4.7821e-03ğ›€ cm
2023-06-14 18:28:53,341 INFO Measurement at current 0.003
2023-06-14 18:28:57,391 INFO T:222.50Â°K V:9.5806e-06V I:3.0000e-03A R:3.1935e-03ğ›€ E:1.8424e-04V/cm J:3.3708e-02A/cm2 ğ›’:5.4659e-03ğ›€ cm
2023-06-14 18:28:57,414 INFO Measurement at current 0.003
2023-06-14 18:29:01,471 INFO T:222.85Â°K V:1.0640e-05V I:3.0000e-03A R:3.5467e-03ğ›€ E:2.0462e-04V/cm J:3.3708e-02A/cm2 ğ›’:6.0703e-03ğ›€ cm
2023-06-14 18:29:01,492 INFO Measurement at current 0.003
2023-06-14 18:29:05,555 INFO T:223.21Â°K V:6.3198e-06V I:3.0000e-03A R:2.1066e-03ğ›€ E:1.2153e-04V/cm J:3.3708e-02A/cm2 ğ›’:3.6055e-03ğ›€ cm
2023-06-14 18:29:05,590 INFO Measurement at current 0.003
2023-06-14 18:29:09,652 INFO T:223.57Â°K V:8.6131e-06V I:3.0000e-03A R:2.8710e-03ğ›€ E:1.6564e-04V/cm J:3.3708e-02A/cm2 ğ›’:4.9139e-03ğ›€ cm
2023-06-14 18:29:09,669 INFO Measurement at current 0.003
2023-06-14 18:29:13,704 INFO T:223.92Â°K V:1.3386e-05V I:3.0000e-03A R:4.4621e-03ğ›€ E:2.5743e-04V/cm J:3.3708e-02A/cm2 ğ›’:7.6370e-03ğ›€ cm
2023-06-14 18:29:13,738 INFO Measurement at current 0.003
2023-06-14 18:29:17,825 INFO T:224.26Â°K V:1.3115e-05V I:3.0000e-03A R:4.3715e-03ğ›€ E:2.5220e-04V/cm J:3.3708e-02A/cm2 ğ›’:7.4820e-03ğ›€ cm
2023-06-14 18:29:17,856 INFO Measurement at current 0.003
2023-06-14 18:29:21,866 INFO T:224.61Â°K V:1.0492e-05V I:3.0000e-03A R:3.4975e-03ğ›€ E:2.0178e-04V/cm J:3.3708e-02A/cm2 ğ›’:5.9861e-03ğ›€ cm
2023-06-14 18:29:21,892 INFO Measurement at current 0.003
2023-06-14 18:29:25,961 INFO T:224.95Â°K V:1.2334e-05V I:3.0000e-03A R:4.1113e-03ğ›€ E:2.3719e-04V/cm J:3.3708e-02A/cm2 ğ›’:7.0366e-03ğ›€ cm
2023-06-14 18:29:25,978 INFO Measurement at current 0.003
2023-06-14 18:29:30,028 INFO T:225.29Â°K V:1.1327e-05V I:3.0000e-03A R:3.7758e-03ğ›€ E:2.1783e-04V/cm J:3.3708e-02A/cm2 ğ›’:6.4624e-03ğ›€ cm
2023-06-14 18:29:30,061 INFO Measurement at current 0.003
2023-06-14 18:29:34,109 INFO T:225.62Â°K V:1.0906e-05V I:3.0000e-03A R:3.6354e-03ğ›€ E:2.0974e-04V/cm J:3.3708e-02A/cm2 ğ›’:6.2222e-03ğ›€ cm
2023-06-14 18:29:34,138 INFO Measurement at current 0.003
2023-06-14 18:29:38,167 INFO T:225.95Â°K V:1.0789e-05V I:3.0000e-03A R:3.5962e-03ğ›€ E:2.0747e-04V/cm J:3.3708e-02A/cm2 ğ›’:6.1551e-03ğ›€ cm
2023-06-14 18:29:38,214 INFO Measurement at current 0.003
2023-06-14 18:29:42,259 INFO T:226.28Â°K V:7.5615e-06V I:3.0000e-03A R:2.5205e-03ğ›€ E:1.4541e-04V/cm J:3.3708e-02A/cm2 ğ›’:4.3139e-03ğ›€ cm
2023-06-14 18:29:42,283 INFO Measurement at current 0.003
2023-06-14 18:29:46,308 INFO T:226.59Â°K V:1.3992e-05V I:3.0000e-03A R:4.6639e-03ğ›€ E:2.6907e-04V/cm J:3.3708e-02A/cm2 ğ›’:7.9824e-03ğ›€ cm
2023-06-14 18:29:46,323 INFO Measurement at current 0.003
2023-06-14 18:29:50,373 INFO T:226.90Â°K V:1.0363e-05V I:3.0000e-03A R:3.4542e-03ğ›€ E:1.9928e-04V/cm J:3.3708e-02A/cm2 ğ›’:5.9120e-03ğ›€ cm
2023-06-14 18:29:50,389 INFO Measurement at current 0.003
2023-06-14 18:29:54,485 INFO T:227.21Â°K V:8.7458e-06V I:3.0000e-03A R:2.9153e-03ğ›€ E:1.6819e-04V/cm J:3.3708e-02A/cm2 ğ›’:4.9896e-03ğ›€ cm
2023-06-14 18:29:54,506 INFO Measurement at current 0.003
2023-06-14 18:29:58,560 INFO T:227.51Â°K V:1.2313e-05V I:3.0000e-03A R:4.1043e-03ğ›€ E:2.3679e-04V/cm J:3.3708e-02A/cm2 ğ›’:7.0247e-03ğ›€ cm
2023-06-14 18:29:58,580 INFO Measurement at current 0.003
2023-06-14 18:30:02,662 INFO T:227.78Â°K V:1.0920e-05V I:3.0000e-03A R:3.6400e-03ğ›€ E:2.1000e-04V/cm J:3.3708e-02A/cm2 ğ›’:6.2300e-03ğ›€ cm
2023-06-14 18:30:02,694 INFO Measurement at current 0.003
2023-06-14 18:30:06,790 INFO T:228.04Â°K V:1.0648e-05V I:3.0000e-03A R:3.5494e-03ğ›€ E:2.0477e-04V/cm J:3.3708e-02A/cm2 ğ›’:6.0749e-03ğ›€ cm
2023-06-14 18:30:06,854 INFO Measurement at current 0.003
2023-06-14 18:30:10,905 INFO T:228.27Â°K V:1.5057e-05V I:3.0000e-03A R:5.0190e-03ğ›€ E:2.8956e-04V/cm J:3.3708e-02A/cm2 ğ›’:8.5903e-03ğ›€ cm
2023-06-14 18:30:10,930 INFO Measurement at current 0.003
2023-06-14 18:30:15,035 INFO T:228.50Â°K V:1.5267e-05V I:3.0000e-03A R:5.0890e-03ğ›€ E:2.9360e-04V/cm J:3.3708e-02A/cm2 ğ›’:8.7101e-03ğ›€ cm
2023-06-14 18:30:15,085 INFO Measurement at current 0.003
2023-06-14 18:30:19,096 INFO T:228.71Â°K V:1.8512e-05V I:3.0000e-03A R:6.1706e-03ğ›€ E:3.5600e-04V/cm J:3.3708e-02A/cm2 ğ›’:1.0561e-02ğ›€ cm
2023-06-14 18:30:19,149 INFO Measurement at current 0.003
2023-06-14 18:30:23,215 INFO T:228.92Â°K V:1.9576e-05V I:3.0000e-03A R:6.5255e-03ğ›€ E:3.7647e-04V/cm J:3.3708e-02A/cm2 ğ›’:1.1169e-02ğ›€ cm
2023-06-14 18:30:23,240 INFO Measurement at current 0.003
2023-06-14 18:30:27,365 INFO T:229.13Â°K V:1.1328e-05V I:3.0000e-03A R:3.7759e-03ğ›€ E:2.1784e-04V/cm J:3.3708e-02A/cm2 ğ›’:6.4626e-03ğ›€ cm
2023-06-14 18:30:27,395 INFO Measurement at current 0.003
2023-06-14 18:30:31,379 INFO T:229.34Â°K V:5.0549e-06V I:3.0000e-03A R:1.6850e-03ğ›€ E:9.7209e-05V/cm J:3.3708e-02A/cm2 ğ›’:2.8839e-03ğ›€ cm
2023-06-14 18:30:31,392 INFO Measurement at current 0.003
2023-06-14 18:30:35,427 INFO T:229.56Â°K V:8.4731e-06V I:3.0000e-03A R:2.8244e-03ğ›€ E:1.6294e-04V/cm J:3.3708e-02A/cm2 ğ›’:4.8340e-03ğ›€ cm
2023-06-14 18:30:35,451 INFO Measurement at current 0.003
2023-06-14 18:30:39,488 INFO T:229.80Â°K V:1.3058e-05V I:3.0000e-03A R:4.3526e-03ğ›€ E:2.5111e-04V/cm J:3.3708e-02A/cm2 ğ›’:7.4497e-03ğ›€ cm
2023-06-14 18:30:39,538 INFO Measurement at current 0.003
2023-06-14 18:30:43,598 INFO T:230.09Â°K V:6.8230e-06V I:3.0000e-03A R:2.2743e-03ğ›€ E:1.3121e-04V/cm J:3.3708e-02A/cm2 ğ›’:3.8926e-03ğ›€ cm
2023-06-14 18:30:43,629 INFO Measurement at current 0.003
2023-06-14 18:30:47,693 INFO T:230.44Â°K V:7.3336e-06V I:3.0000e-03A R:2.4445e-03ğ›€ E:1.4103e-04V/cm J:3.3708e-02A/cm2 ğ›’:4.1839e-03ğ›€ cm
2023-06-14 18:30:47,723 INFO Measurement at current 0.003
2023-06-14 18:30:51,763 INFO T:230.86Â°K V:1.1706e-05V I:3.0000e-03A R:3.9019e-03ğ›€ E:2.2511e-04V/cm J:3.3708e-02A/cm2 ğ›’:6.6783e-03ğ›€ cm
2023-06-14 18:30:51,789 INFO Measurement at current 0.003
2023-06-14 18:30:55,835 INFO T:231.30Â°K V:8.8200e-06V I:3.0000e-03A R:2.9400e-03ğ›€ E:1.6962e-04V/cm J:3.3708e-02A/cm2 ğ›’:5.0319e-03ğ›€ cm
2023-06-14 18:30:55,860 INFO Measurement at current 0.003
2023-06-14 18:30:59,938 INFO T:231.71Â°K V:1.2249e-05V I:3.0000e-03A R:4.0831e-03ğ›€ E:2.3556e-04V/cm J:3.3708e-02A/cm2 ğ›’:6.9884e-03ğ›€ cm
2023-06-14 18:30:59,975 INFO Measurement at current 0.003
2023-06-14 18:31:04,021 INFO T:232.10Â°K V:8.8477e-06V I:3.0000e-03A R:2.9492e-03ğ›€ E:1.7015e-04V/cm J:3.3708e-02A/cm2 ğ›’:5.0477e-03ğ›€ cm
2023-06-14 18:31:04,053 INFO Measurement at current 0.003
2023-06-14 18:31:08,071 INFO T:232.47Â°K V:8.5590e-06V I:3.0000e-03A R:2.8530e-03ğ›€ E:1.6460e-04V/cm J:3.3708e-02A/cm2 ğ›’:4.8830e-03ğ›€ cm
2023-06-14 18:31:08,118 INFO Measurement at current 0.003
2023-06-14 18:31:12,215 INFO T:232.83Â°K V:1.2246e-05V I:3.0000e-03A R:4.0819e-03ğ›€ E:2.3550e-04V/cm J:3.3708e-02A/cm2 ğ›’:6.9864e-03ğ›€ cm
2023-06-14 18:31:12,242 INFO Measurement at current 0.003
2023-06-14 18:31:16,288 INFO T:233.18Â°K V:9.4475e-06V I:3.0000e-03A R:3.1492e-03ğ›€ E:1.8168e-04V/cm J:3.3708e-02A/cm2 ğ›’:5.3899e-03ğ›€ cm
2023-06-14 18:31:16,309 INFO Measurement at current 0.003
2023-06-14 18:31:20,309 INFO T:233.51Â°K V:5.8028e-06V I:3.0000e-03A R:1.9343e-03ğ›€ E:1.1159e-04V/cm J:3.3708e-02A/cm2 ğ›’:3.3106e-03ğ›€ cm
2023-06-14 18:31:20,334 INFO Measurement at current 0.003
2023-06-14 18:31:24,403 INFO T:233.83Â°K V:9.2277e-06V I:3.0000e-03A R:3.0759e-03ğ›€ E:1.7746e-04V/cm J:3.3708e-02A/cm2 ğ›’:5.2645e-03ğ›€ cm
2023-06-14 18:31:24,421 INFO Measurement at current 0.003
2023-06-14 18:31:28,458 INFO T:234.14Â°K V:8.1417e-06V I:3.0000e-03A R:2.7139e-03ğ›€ E:1.5657e-04V/cm J:3.3708e-02A/cm2 ğ›’:4.6449e-03ğ›€ cm
2023-06-14 18:31:28,486 INFO Measurement at current 0.003
2023-06-14 18:31:32,543 INFO T:234.46Â°K V:8.2464e-06V I:3.0000e-03A R:2.7488e-03ğ›€ E:1.5858e-04V/cm J:3.3708e-02A/cm2 ğ›’:4.7047e-03ğ›€ cm
2023-06-14 18:31:32,561 INFO Measurement at current 0.003
2023-06-14 18:31:36,608 INFO T:234.77Â°K V:1.4415e-05V I:3.0000e-03A R:4.8051e-03ğ›€ E:2.7722e-04V/cm J:3.3708e-02A/cm2 ğ›’:8.2240e-03ğ›€ cm
2023-06-14 18:31:36,628 INFO Measurement at current 0.003
2023-06-14 18:31:40,721 INFO T:235.07Â°K V:1.0155e-05V I:3.0000e-03A R:3.3851e-03ğ›€ E:1.9530e-04V/cm J:3.3708e-02A/cm2 ğ›’:5.7938e-03ğ›€ cm
2023-06-14 18:31:40,742 INFO Measurement at current 0.003
2023-06-14 18:31:44,841 INFO T:235.38Â°K V:9.2488e-06V I:3.0000e-03A R:3.0829e-03ğ›€ E:1.7786e-04V/cm J:3.3708e-02A/cm2 ğ›’:5.2766e-03ğ›€ cm
2023-06-14 18:31:44,862 INFO Measurement at current 0.003
2023-06-14 18:31:48,926 INFO T:235.68Â°K V:6.4864e-06V I:3.0000e-03A R:2.1621e-03ğ›€ E:1.2474e-04V/cm J:3.3708e-02A/cm2 ğ›’:3.7006e-03ğ›€ cm
2023-06-14 18:31:48,947 INFO Measurement at current 0.003
2023-06-14 18:31:52,999 INFO T:235.97Â°K V:1.1257e-05V I:3.0000e-03A R:3.7524e-03ğ›€ E:2.1648e-04V/cm J:3.3708e-02A/cm2 ğ›’:6.4223e-03ğ›€ cm
2023-06-14 18:31:53,018 INFO Measurement at current 0.003
2023-06-14 18:31:57,097 INFO T:236.27Â°K V:1.1456e-05V I:3.0000e-03A R:3.8188e-03ğ›€ E:2.2032e-04V/cm J:3.3708e-02A/cm2 ğ›’:6.5360e-03ğ›€ cm
2023-06-14 18:31:57,133 INFO Measurement at current 0.003
2023-06-14 18:32:01,182 INFO T:236.56Â°K V:1.2989e-05V I:3.0000e-03A R:4.3296e-03ğ›€ E:2.4979e-04V/cm J:3.3708e-02A/cm2 ğ›’:7.4103e-03ğ›€ cm
2023-06-14 18:32:01,209 INFO Measurement at current 0.003
2023-06-14 18:32:05,318 INFO T:236.86Â°K V:1.0120e-05V I:3.0000e-03A R:3.3735e-03ğ›€ E:1.9462e-04V/cm J:3.3708e-02A/cm2 ğ›’:5.7738e-03ğ›€ cm
2023-06-14 18:32:05,347 INFO Measurement at current 0.003
2023-06-14 18:32:09,381 INFO T:237.14Â°K V:6.6407e-06V I:3.0000e-03A R:2.2136e-03ğ›€ E:1.2770e-04V/cm J:3.3708e-02A/cm2 ğ›’:3.7886e-03ğ›€ cm
2023-06-14 18:32:09,400 INFO Measurement at current 0.003
2023-06-14 18:32:13,501 INFO T:237.43Â°K V:8.4043e-06V I:3.0000e-03A R:2.8014e-03ğ›€ E:1.6162e-04V/cm J:3.3708e-02A/cm2 ğ›’:4.7948e-03ğ›€ cm
2023-06-14 18:32:13,525 INFO Measurement at current 0.003
2023-06-14 18:32:17,557 INFO T:237.70Â°K V:1.5730e-05V I:3.0000e-03A R:5.2433e-03ğ›€ E:3.0250e-04V/cm J:3.3708e-02A/cm2 ğ›’:8.9740e-03ğ›€ cm
2023-06-14 18:32:17,582 INFO Measurement at current 0.003
2023-06-14 18:32:21,609 INFO T:237.98Â°K V:1.1764e-05V I:3.0000e-03A R:3.9212e-03ğ›€ E:2.2622e-04V/cm J:3.3708e-02A/cm2 ğ›’:6.7112e-03ğ›€ cm
2023-06-14 18:32:21,629 INFO Measurement at current 0.003
2023-06-14 18:32:25,670 INFO T:238.25Â°K V:1.3044e-05V I:3.0000e-03A R:4.3480e-03ğ›€ E:2.5084e-04V/cm J:3.3708e-02A/cm2 ğ›’:7.4417e-03ğ›€ cm
2023-06-14 18:32:25,683 INFO Measurement at current 0.003
2023-06-14 18:32:29,661 INFO T:238.52Â°K V:1.0177e-05V I:3.0000e-03A R:3.3923e-03ğ›€ E:1.9571e-04V/cm J:3.3708e-02A/cm2 ğ›’:5.8060e-03ğ›€ cm
2023-06-14 18:32:29,715 INFO Measurement at current 0.003
2023-06-14 18:32:33,740 INFO T:238.79Â°K V:1.0867e-05V I:3.0000e-03A R:3.6223e-03ğ›€ E:2.0898e-04V/cm J:3.3708e-02A/cm2 ğ›’:6.1997e-03ğ›€ cm
2023-06-14 18:32:33,761 INFO Measurement at current 0.003
2023-06-14 18:32:37,880 INFO T:239.06Â°K V:1.1295e-05V I:3.0000e-03A R:3.7648e-03ğ›€ E:2.1720e-04V/cm J:3.3708e-02A/cm2 ğ›’:6.4437e-03ğ›€ cm
2023-06-14 18:32:37,897 INFO Measurement at current 0.003
2023-06-14 18:32:41,971 INFO T:239.33Â°K V:1.3439e-05V I:3.0000e-03A R:4.4796e-03ğ›€ E:2.5844e-04V/cm J:3.3708e-02A/cm2 ğ›’:7.6671e-03ğ›€ cm
2023-06-14 18:32:41,989 INFO Measurement at current 0.003
2023-06-14 18:32:46,023 INFO T:239.59Â°K V:1.3496e-05V I:3.0000e-03A R:4.4987e-03ğ›€ E:2.5954e-04V/cm J:3.3708e-02A/cm2 ğ›’:7.6996e-03ğ›€ cm
2023-06-14 18:32:46,051 INFO Measurement at current 0.003
2023-06-14 18:32:50,050 INFO T:239.86Â°K V:1.3444e-05V I:3.0000e-03A R:4.4812e-03ğ›€ E:2.5853e-04V/cm J:3.3708e-02A/cm2 ğ›’:7.6697e-03ğ›€ cm
2023-06-14 18:32:50,085 INFO Measurement at current 0.003
2023-06-14 18:32:54,191 INFO T:240.12Â°K V:1.3014e-05V I:3.0000e-03A R:4.3381e-03ğ›€ E:2.5027e-04V/cm J:3.3708e-02A/cm2 ğ›’:7.4248e-03ğ›€ cm
2023-06-14 18:32:54,220 INFO Measurement at current 0.003
2023-06-14 18:32:58,265 INFO T:240.38Â°K V:9.7054e-06V I:3.0000e-03A R:3.2351e-03ğ›€ E:1.8664e-04V/cm J:3.3708e-02A/cm2 ğ›’:5.5370e-03ğ›€ cm
2023-06-14 18:32:58,287 INFO Measurement at current 0.003
2023-06-14 18:33:02,347 INFO T:240.64Â°K V:8.8329e-06V I:3.0000e-03A R:2.9443e-03ğ›€ E:1.6986e-04V/cm J:3.3708e-02A/cm2 ğ›’:5.0393e-03ğ›€ cm
2023-06-14 18:33:02,362 INFO Measurement at current 0.003
2023-06-14 18:33:06,466 INFO T:240.90Â°K V:1.0327e-05V I:3.0000e-03A R:3.4422e-03ğ›€ E:1.9859e-04V/cm J:3.3708e-02A/cm2 ğ›’:5.8915e-03ğ›€ cm
2023-06-14 18:33:06,500 INFO Measurement at current 0.003
2023-06-14 18:33:10,574 INFO T:241.16Â°K V:1.2159e-05V I:3.0000e-03A R:4.0531e-03ğ›€ E:2.3383e-04V/cm J:3.3708e-02A/cm2 ğ›’:6.9371e-03ğ›€ cm
2023-06-14 18:33:10,614 INFO Measurement at current 0.003
2023-06-14 18:33:14,649 INFO T:241.41Â°K V:1.0541e-05V I:3.0000e-03A R:3.5138e-03ğ›€ E:2.0272e-04V/cm J:3.3708e-02A/cm2 ğ›’:6.0140e-03ğ›€ cm
2023-06-14 18:33:14,667 INFO Measurement at current 0.003
2023-06-14 18:33:18,712 INFO T:241.67Â°K V:1.4835e-05V I:3.0000e-03A R:4.9449e-03ğ›€ E:2.8528e-04V/cm J:3.3708e-02A/cm2 ğ›’:8.4635e-03ğ›€ cm
2023-06-14 18:33:18,738 INFO Measurement at current 0.003
2023-06-14 18:33:22,822 INFO T:241.93Â°K V:1.1492e-05V I:3.0000e-03A R:3.8307e-03ğ›€ E:2.2100e-04V/cm J:3.3708e-02A/cm2 ğ›’:6.5565e-03ğ›€ cm
2023-06-14 18:33:22,845 INFO Measurement at current 0.003
2023-06-14 18:33:26,912 INFO T:242.20Â°K V:1.0713e-05V I:3.0000e-03A R:3.5711e-03ğ›€ E:2.0602e-04V/cm J:3.3708e-02A/cm2 ğ›’:6.1120e-03ğ›€ cm
2023-06-14 18:33:26,951 INFO Measurement at current 0.003
2023-06-14 18:33:30,981 INFO T:242.52Â°K V:-8.6792e-06V I:3.0000e-03A R:-2.8931e-03ğ›€ E:-1.6691e-04V/cm J:3.3708e-02A/cm2 ğ›’:-4.9516e-03ğ›€ cm
2023-06-14 18:33:31,015 INFO Measurement at current 0.003
2023-06-14 18:33:35,075 INFO T:246.60Â°K V:-6.6334e-06V I:3.0000e-03A R:-2.2111e-03ğ›€ E:-1.2756e-04V/cm J:3.3708e-02A/cm2 ğ›’:-3.7844e-03ğ›€ cm
2023-06-14 18:33:35,090 INFO Measurement at current 0.003
2023-06-14 18:33:39,159 INFO T:252.99Â°K V:-1.9542e-05V I:3.0000e-03A R:-6.5140e-03ğ›€ E:-3.7581e-04V/cm J:3.3708e-02A/cm2 ğ›’:-1.1149e-02ğ›€ cm
2023-06-14 18:33:39,181 INFO Measurement at current 0.003
2023-06-14 18:33:43,228 INFO T:244.20Â°K V:-1.6934e-05V I:3.0000e-03A R:-5.6446e-03ğ›€ E:-3.2565e-04V/cm J:3.3708e-02A/cm2 ğ›’:-9.6609e-03ğ›€ cm
2023-06-14 18:33:43,274 INFO Measurement at current 0.003
2023-06-14 18:33:47,357 INFO T:244.62Â°K V:-1.7776e-05V I:3.0000e-03A R:-5.9253e-03ğ›€ E:-3.4184e-04V/cm J:3.3708e-02A/cm2 ğ›’:-1.0141e-02ğ›€ cm
2023-06-14 18:33:47,382 INFO Measurement at current 0.003
2023-06-14 18:33:51,438 INFO T:245.19Â°K V:-1.0241e-05V I:3.0000e-03A R:-3.4137e-03ğ›€ E:-1.9695e-04V/cm J:3.3708e-02A/cm2 ğ›’:-5.8427e-03ğ›€ cm
2023-06-14 18:33:51,461 INFO Measurement at current 0.003
2023-06-14 18:33:55,487 INFO T:270.51Â°K V:-9.7743e-06V I:3.0000e-03A R:-3.2581e-03ğ›€ E:-1.8797e-04V/cm J:3.3708e-02A/cm2 ğ›’:-5.5764e-03ğ›€ cm
2023-06-14 18:33:55,504 INFO Measurement at current 0.003
2023-06-14 18:33:59,563 INFO T:246.35Â°K V:6.4344e-06V I:3.0000e-03A R:2.1448e-03ğ›€ E:1.2374e-04V/cm J:3.3708e-02A/cm2 ğ›’:3.6709e-03ğ›€ cm
2023-06-14 18:33:59,620 INFO Measurement at current 0.003
2023-06-14 18:34:03,681 INFO T:246.84Â°K V:1.7990e-05V I:3.0000e-03A R:5.9966e-03ğ›€ E:3.4595e-04V/cm J:3.3708e-02A/cm2 ğ›’:1.0263e-02ğ›€ cm
2023-06-14 18:34:03,714 INFO Measurement at current 0.003
2023-06-14 18:34:07,745 INFO T:247.31Â°K V:5.3134e-06V I:3.0000e-03A R:1.7711e-03ğ›€ E:1.0218e-04V/cm J:3.3708e-02A/cm2 ğ›’:3.0314e-03ğ›€ cm
2023-06-14 18:34:07,778 INFO Measurement at current 0.003
2023-06-14 18:34:11,845 INFO T:247.75Â°K V:5.3567e-06V I:3.0000e-03A R:1.7856e-03ğ›€ E:1.0301e-04V/cm J:3.3708e-02A/cm2 ğ›’:3.0561e-03ğ›€ cm
2023-06-14 18:34:11,867 INFO Measurement at current 0.003
2023-06-14 18:34:15,921 INFO T:248.22Â°K V:1.1986e-05V I:3.0000e-03A R:3.9952e-03ğ›€ E:2.3049e-04V/cm J:3.3708e-02A/cm2 ğ›’:6.8380e-03ğ›€ cm
2023-06-14 18:34:15,941 INFO Measurement at current 0.003
2023-06-14 18:34:19,939 INFO T:248.67Â°K V:1.0378e-05V I:3.0000e-03A R:3.4595e-03ğ›€ E:1.9959e-04V/cm J:3.3708e-02A/cm2 ğ›’:5.9210e-03ğ›€ cm
2023-06-14 18:34:19,968 INFO Measurement at current 0.003
2023-06-14 18:34:24,021 INFO T:249.13Â°K V:1.3514e-05V I:3.0000e-03A R:4.5048e-03ğ›€ E:2.5989e-04V/cm J:3.3708e-02A/cm2 ğ›’:7.7101e-03ğ›€ cm
2023-06-14 18:34:24,041 INFO Measurement at current 0.003
2023-06-14 18:34:28,097 INFO T:249.58Â°K V:5.7759e-06V I:3.0000e-03A R:1.9253e-03ğ›€ E:1.1108e-04V/cm J:3.3708e-02A/cm2 ğ›’:3.2952e-03ğ›€ cm
2023-06-14 18:34:28,156 INFO Measurement at current 0.003
2023-06-14 18:34:32,192 INFO T:250.03Â°K V:1.2920e-05V I:3.0000e-03A R:4.3068e-03ğ›€ E:2.4847e-04V/cm J:3.3708e-02A/cm2 ğ›’:7.3712e-03ğ›€ cm
2023-06-14 18:34:32,212 INFO Measurement at current 0.003
2023-06-14 18:34:36,242 INFO T:250.47Â°K V:1.7821e-05V I:3.0000e-03A R:5.9404e-03ğ›€ E:3.4271e-04V/cm J:3.3708e-02A/cm2 ğ›’:1.0167e-02ğ›€ cm
2023-06-14 18:34:36,290 INFO Measurement at current 0.003
2023-06-14 18:34:40,363 INFO T:250.93Â°K V:1.1350e-05V I:3.0000e-03A R:3.7834e-03ğ›€ E:2.1827e-04V/cm J:3.3708e-02A/cm2 ğ›’:6.4754e-03ğ›€ cm
2023-06-14 18:34:40,388 INFO Measurement at current 0.003
2023-06-14 18:34:44,480 INFO T:251.37Â°K V:9.3435e-06V I:3.0000e-03A R:3.1145e-03ğ›€ E:1.7968e-04V/cm J:3.3708e-02A/cm2 ğ›’:5.3306e-03ğ›€ cm
2023-06-14 18:34:44,509 INFO Measurement at current 0.003
2023-06-14 18:34:48,621 INFO T:251.79Â°K V:5.5824e-06V I:3.0000e-03A R:1.8608e-03ğ›€ E:1.0735e-04V/cm J:3.3708e-02A/cm2 ğ›’:3.1848e-03ğ›€ cm
2023-06-14 18:34:48,640 INFO Measurement at current 0.003
2023-06-14 18:34:52,674 INFO T:252.22Â°K V:7.9675e-06V I:3.0000e-03A R:2.6558e-03ğ›€ E:1.5322e-04V/cm J:3.3708e-02A/cm2 ğ›’:4.5456e-03ğ›€ cm
2023-06-14 18:34:52,708 INFO Measurement at current 0.003
2023-06-14 18:34:56,759 INFO T:252.65Â°K V:1.1479e-05V I:3.0000e-03A R:3.8264e-03ğ›€ E:2.2075e-04V/cm J:3.3708e-02A/cm2 ğ›’:6.5490e-03ğ›€ cm
2023-06-14 18:34:56,780 INFO Measurement at current 0.003
2023-06-14 18:35:00,830 INFO T:253.07Â°K V:1.1034e-05V I:3.0000e-03A R:3.6779e-03ğ›€ E:2.1219e-04V/cm J:3.3708e-02A/cm2 ğ›’:6.2949e-03ğ›€ cm
2023-06-14 18:35:00,846 INFO Measurement at current 0.003
2023-06-14 18:35:04,858 INFO T:253.47Â°K V:8.9966e-06V I:3.0000e-03A R:2.9989e-03ğ›€ E:1.7301e-04V/cm J:3.3708e-02A/cm2 ğ›’:5.1327e-03ğ›€ cm
2023-06-14 18:35:04,903 INFO Measurement at current 0.003
2023-06-14 18:35:08,943 INFO T:253.87Â°K V:6.0007e-06V I:3.0000e-03A R:2.0002e-03ğ›€ E:1.1540e-04V/cm J:3.3708e-02A/cm2 ğ›’:3.4235e-03ğ›€ cm
2023-06-14 18:35:08,972 INFO Measurement at current 0.003
2023-06-14 18:35:13,083 INFO T:254.27Â°K V:9.1827e-06V I:3.0000e-03A R:3.0609e-03ğ›€ E:1.7659e-04V/cm J:3.3708e-02A/cm2 ğ›’:5.2388e-03ğ›€ cm
2023-06-14 18:35:13,106 INFO Measurement at current 0.003
2023-06-14 18:35:17,214 INFO T:254.68Â°K V:2.0179e-05V I:3.0000e-03A R:6.7264e-03ğ›€ E:3.8806e-04V/cm J:3.3708e-02A/cm2 ğ›’:1.1513e-02ğ›€ cm
2023-06-14 18:35:17,236 INFO Measurement at current 0.003
2023-06-14 18:35:21,272 INFO T:255.10Â°K V:2.1968e-05V I:3.0000e-03A R:7.3225e-03ğ›€ E:4.2245e-04V/cm J:3.3708e-02A/cm2 ğ›’:1.2533e-02ğ›€ cm
2023-06-14 18:35:21,287 INFO Measurement at current 0.003
2023-06-14 18:35:25,265 INFO T:255.54Â°K V:1.2855e-05V I:3.0000e-03A R:4.2849e-03ğ›€ E:2.4720e-04V/cm J:3.3708e-02A/cm2 ğ›’:7.3337e-03ğ›€ cm
2023-06-14 18:35:25,280 INFO Measurement at current 0.003
2023-06-14 18:35:29,360 INFO T:255.97Â°K V:1.2117e-05V I:3.0000e-03A R:4.0389e-03ğ›€ E:2.3302e-04V/cm J:3.3708e-02A/cm2 ğ›’:6.9128e-03ğ›€ cm
2023-06-14 18:35:29,375 INFO Measurement at current 0.003
2023-06-14 18:35:33,448 INFO T:256.39Â°K V:2.7265e-05V I:3.0000e-03A R:9.0882e-03ğ›€ E:5.2432e-04V/cm J:3.3708e-02A/cm2 ğ›’:1.5555e-02ğ›€ cm
2023-06-14 18:35:33,466 INFO Measurement at current 0.003
2023-06-14 18:35:37,555 INFO T:256.82Â°K V:2.4811e-05V I:3.0000e-03A R:8.2703e-03ğ›€ E:4.7713e-04V/cm J:3.3708e-02A/cm2 ğ›’:1.4155e-02ğ›€ cm
2023-06-14 18:35:37,612 INFO Measurement at current 0.003
2023-06-14 18:35:41,783 INFO T:257.26Â°K V:1.5086e-05V I:3.0000e-03A R:5.0288e-03ğ›€ E:2.9012e-04V/cm J:3.3708e-02A/cm2 ğ›’:8.6070e-03ğ›€ cm
2023-06-14 18:35:41,831 INFO Measurement at current 0.003
2023-06-14 18:35:46,114 INFO T:257.67Â°K V:1.7574e-05V I:3.0000e-03A R:5.8579e-03ğ›€ E:3.3796e-04V/cm J:3.3708e-02A/cm2 ğ›’:1.0026e-02ğ›€ cm
2023-06-14 18:35:46,131 INFO Measurement at current 0.003
2023-06-14 18:35:50,234 INFO T:258.06Â°K V:1.7433e-05V I:3.0000e-03A R:5.8111e-03ğ›€ E:3.3525e-04V/cm J:3.3708e-02A/cm2 ğ›’:9.9458e-03ğ›€ cm
2023-06-14 18:35:50,270 INFO Measurement at current 0.003
2023-06-14 18:35:54,330 INFO T:258.43Â°K V:1.8513e-05V I:3.0000e-03A R:6.1710e-03ğ›€ E:3.5602e-04V/cm J:3.3708e-02A/cm2 ğ›’:1.0562e-02ğ›€ cm
2023-06-14 18:35:54,351 INFO Measurement at current 0.003
2023-06-14 18:35:58,439 INFO T:258.79Â°K V:1.0271e-05V I:3.0000e-03A R:3.4235e-03ğ›€ E:1.9751e-04V/cm J:3.3708e-02A/cm2 ğ›’:5.8595e-03ğ›€ cm
2023-06-14 18:35:58,457 INFO Measurement at current 0.003
2023-06-14 18:36:02,671 INFO T:259.16Â°K V:9.7424e-06V I:3.0000e-03A R:3.2475e-03ğ›€ E:1.8735e-04V/cm J:3.3708e-02A/cm2 ğ›’:5.5581e-03ğ›€ cm
2023-06-14 18:36:02,705 INFO Measurement at current 0.003
2023-06-14 18:36:06,793 INFO T:259.52Â°K V:1.0783e-05V I:3.0000e-03A R:3.5943e-03ğ›€ E:2.0736e-04V/cm J:3.3708e-02A/cm2 ğ›’:6.1518e-03ğ›€ cm
2023-06-14 18:36:06,816 INFO Measurement at current 0.003
2023-06-14 18:36:10,813 INFO T:259.87Â°K V:2.1563e-05V I:3.0000e-03A R:7.1876e-03ğ›€ E:4.1467e-04V/cm J:3.3708e-02A/cm2 ğ›’:1.2302e-02ğ›€ cm
2023-06-14 18:36:10,836 INFO Measurement at current 0.003
2023-06-14 18:36:14,839 INFO T:260.23Â°K V:9.3561e-06V I:3.0000e-03A R:3.1187e-03ğ›€ E:1.7992e-04V/cm J:3.3708e-02A/cm2 ğ›’:5.3378e-03ğ›€ cm
2023-06-14 18:36:14,874 INFO Measurement at current 0.003
2023-06-14 18:36:19,045 INFO T:260.57Â°K V:1.7674e-05V I:3.0000e-03A R:5.8914e-03ğ›€ E:3.3989e-04V/cm J:3.3708e-02A/cm2 ğ›’:1.0083e-02ğ›€ cm
2023-06-14 18:36:19,064 INFO Measurement at current 0.003
2023-06-14 18:36:23,102 INFO T:260.93Â°K V:1.7679e-05V I:3.0000e-03A R:5.8929e-03ğ›€ E:3.3997e-04V/cm J:3.3708e-02A/cm2 ğ›’:1.0086e-02ğ›€ cm
2023-06-14 18:36:23,116 INFO Measurement at current 0.003
2023-06-14 18:36:27,234 INFO T:261.27Â°K V:2.2942e-05V I:3.0000e-03A R:7.6474e-03ğ›€ E:4.4120e-04V/cm J:3.3708e-02A/cm2 ğ›’:1.3089e-02ğ›€ cm
2023-06-14 18:36:27,270 INFO Measurement at current 0.003
2023-06-14 18:36:31,323 INFO T:261.63Â°K V:1.9263e-05V I:3.0000e-03A R:6.4209e-03ğ›€ E:3.7044e-04V/cm J:3.3708e-02A/cm2 ğ›’:1.0990e-02ğ›€ cm
2023-06-14 18:36:31,348 INFO Measurement at current 0.003
2023-06-14 18:36:35,412 INFO T:261.97Â°K V:1.8040e-05V I:3.0000e-03A R:6.0134e-03ğ›€ E:3.4693e-04V/cm J:3.3708e-02A/cm2 ğ›’:1.0292e-02ğ›€ cm
2023-06-14 18:36:35,434 INFO Measurement at current 0.003
2023-06-14 18:36:39,448 INFO T:262.30Â°K V:1.9437e-05V I:3.0000e-03A R:6.4791e-03ğ›€ E:3.7379e-04V/cm J:3.3708e-02A/cm2 ğ›’:1.1089e-02ğ›€ cm
2023-06-14 18:36:39,464 INFO Measurement at current 0.003
2023-06-14 18:36:43,615 INFO T:262.65Â°K V:1.9141e-05V I:3.0000e-03A R:6.3802e-03ğ›€ E:3.6809e-04V/cm J:3.3708e-02A/cm2 ğ›’:1.0920e-02ğ›€ cm
2023-06-14 18:36:43,632 INFO Measurement at current 0.003
2023-06-14 18:36:47,630 INFO T:262.97Â°K V:1.4075e-05V I:3.0000e-03A R:4.6918e-03ğ›€ E:2.7068e-04V/cm J:3.3708e-02A/cm2 ğ›’:8.0302e-03ğ›€ cm
2023-06-14 18:36:47,642 INFO Measurement at current 0.003
2023-06-14 18:36:51,630 INFO T:263.28Â°K V:1.5548e-05V I:3.0000e-03A R:5.1827e-03ğ›€ E:2.9900e-04V/cm J:3.3708e-02A/cm2 ğ›’:8.8703e-03ğ›€ cm
2023-06-14 18:36:51,645 INFO Measurement at current 0.003
2023-06-14 18:36:55,654 INFO T:263.58Â°K V:1.7334e-05V I:3.0000e-03A R:5.7780e-03ğ›€ E:3.3335e-04V/cm J:3.3708e-02A/cm2 ğ›’:9.8893e-03ğ›€ cm
2023-06-14 18:36:55,678 INFO Measurement at current 0.003
2023-06-14 18:36:59,843 INFO T:263.89Â°K V:2.1169e-05V I:3.0000e-03A R:7.0563e-03ğ›€ E:4.0710e-04V/cm J:3.3708e-02A/cm2 ğ›’:1.2077e-02ğ›€ cm
2023-06-14 18:36:59,861 INFO Measurement at current 0.003
2023-06-14 18:37:03,841 INFO T:264.20Â°K V:2.3041e-05V I:3.0000e-03A R:7.6803e-03ğ›€ E:4.4309e-04V/cm J:3.3708e-02A/cm2 ğ›’:1.3145e-02ğ›€ cm
2023-06-14 18:37:03,859 INFO Measurement at current 0.003
2023-06-14 18:37:07,912 INFO T:264.56Â°K V:3.0534e-05V I:3.0000e-03A R:1.0178e-02ğ›€ E:5.8720e-04V/cm J:3.3708e-02A/cm2 ğ›’:1.7420e-02ğ›€ cm
2023-06-14 18:37:07,927 INFO Measurement at current 0.003
2023-06-14 18:37:12,049 INFO T:264.92Â°K V:2.3184e-05V I:3.0000e-03A R:7.7280e-03ğ›€ E:4.4584e-04V/cm J:3.3708e-02A/cm2 ğ›’:1.3227e-02ğ›€ cm
2023-06-14 18:37:12,066 INFO Measurement at current 0.003
2023-06-14 18:37:16,041 INFO T:265.26Â°K V:2.3076e-05V I:3.0000e-03A R:7.6921e-03ğ›€ E:4.4377e-04V/cm J:3.3708e-02A/cm2 ğ›’:1.3165e-02ğ›€ cm
2023-06-14 18:37:16,085 INFO Measurement at current 0.003
2023-06-14 18:37:20,093 INFO T:265.57Â°K V:1.6776e-05V I:3.0000e-03A R:5.5919e-03ğ›€ E:3.2261e-04V/cm J:3.3708e-02A/cm2 ğ›’:9.5707e-03ğ›€ cm
2023-06-14 18:37:20,116 INFO Measurement at current 0.003
2023-06-14 18:37:24,307 INFO T:265.87Â°K V:2.7131e-05V I:3.0000e-03A R:9.0438e-03ğ›€ E:5.2176e-04V/cm J:3.3708e-02A/cm2 ğ›’:1.5479e-02ğ›€ cm
2023-06-14 18:37:24,331 INFO Measurement at current 0.003
2023-06-14 18:37:28,357 INFO T:266.19Â°K V:2.5466e-05V I:3.0000e-03A R:8.4887e-03ğ›€ E:4.8973e-04V/cm J:3.3708e-02A/cm2 ğ›’:1.4529e-02ğ›€ cm
2023-06-14 18:37:28,372 INFO Measurement at current 0.003
2023-06-14 18:37:32,395 INFO T:266.48Â°K V:2.4394e-05V I:3.0000e-03A R:8.1314e-03ğ›€ E:4.6912e-04V/cm J:3.3708e-02A/cm2 ğ›’:1.3917e-02ğ›€ cm
2023-06-14 18:37:32,416 INFO Measurement at current 0.003
2023-06-14 18:37:36,479 INFO T:266.77Â°K V:2.2627e-05V I:3.0000e-03A R:7.5425e-03ğ›€ E:4.3514e-04V/cm J:3.3708e-02A/cm2 ğ›’:1.2909e-02ğ›€ cm
2023-06-14 18:37:36,499 INFO Measurement at current 0.003
2023-06-14 18:37:40,575 INFO T:267.06Â°K V:2.0459e-05V I:3.0000e-03A R:6.8197e-03ğ›€ E:3.9345e-04V/cm J:3.3708e-02A/cm2 ğ›’:1.1672e-02ğ›€ cm
2023-06-14 18:37:40,596 INFO Measurement at current 0.003
2023-06-14 18:37:44,697 INFO T:267.34Â°K V:1.9249e-05V I:3.0000e-03A R:6.4162e-03ğ›€ E:3.7017e-04V/cm J:3.3708e-02A/cm2 ğ›’:1.0982e-02ğ›€ cm
2023-06-14 18:37:44,713 INFO Measurement at current 0.003
2023-06-14 18:37:48,706 INFO T:267.61Â°K V:1.8990e-05V I:3.0000e-03A R:6.3299e-03ğ›€ E:3.6518e-04V/cm J:3.3708e-02A/cm2 ğ›’:1.0834e-02ğ›€ cm
2023-06-14 18:37:48,777 INFO Measurement at current 0.003
2023-06-14 18:37:52,812 INFO T:267.89Â°K V:1.9835e-05V I:3.0000e-03A R:6.6116e-03ğ›€ E:3.8144e-04V/cm J:3.3708e-02A/cm2 ğ›’:1.1316e-02ğ›€ cm
2023-06-14 18:37:52,831 INFO Measurement at current 0.003
2023-06-14 18:37:56,919 INFO T:268.18Â°K V:2.5028e-05V I:3.0000e-03A R:8.3428e-03ğ›€ E:4.8132e-04V/cm J:3.3708e-02A/cm2 ğ›’:1.4279e-02ğ›€ cm
2023-06-14 18:37:56,941 INFO Measurement at current 0.003
2023-06-14 18:38:01,063 INFO T:268.48Â°K V:2.9066e-05V I:3.0000e-03A R:9.6888e-03ğ›€ E:5.5897e-04V/cm J:3.3708e-02A/cm2 ğ›’:1.6583e-02ğ›€ cm
2023-06-14 18:38:01,085 INFO Measurement at current 0.003
2023-06-14 18:38:05,128 INFO T:268.83Â°K V:2.8677e-05V I:3.0000e-03A R:9.5591e-03ğ›€ E:5.5149e-04V/cm J:3.3708e-02A/cm2 ğ›’:1.6361e-02ğ›€ cm
2023-06-14 18:38:05,149 INFO Measurement at current 0.003
2023-06-14 18:38:09,202 INFO T:269.16Â°K V:2.8853e-05V I:3.0000e-03A R:9.6177e-03ğ›€ E:5.5487e-04V/cm J:3.3708e-02A/cm2 ğ›’:1.6461e-02ğ›€ cm
2023-06-14 18:38:09,224 INFO Measurement at current 0.003
2023-06-14 18:38:13,246 INFO T:269.47Â°K V:2.8628e-05V I:3.0000e-03A R:9.5425e-03ğ›€ E:5.5053e-04V/cm J:3.3708e-02A/cm2 ğ›’:1.6332e-02ğ›€ cm
2023-06-14 18:38:13,268 INFO Measurement at current 0.003
2023-06-14 18:38:17,427 INFO T:269.76Â°K V:3.0013e-05V I:3.0000e-03A R:1.0004e-02ğ›€ E:5.7716e-04V/cm J:3.3708e-02A/cm2 ğ›’:1.7123e-02ğ›€ cm
2023-06-14 18:38:17,451 INFO Measurement at current 0.003
2023-06-14 18:38:21,727 INFO T:270.03Â°K V:2.9292e-05V I:3.0000e-03A R:9.7640e-03ğ›€ E:5.6331e-04V/cm J:3.3708e-02A/cm2 ğ›’:1.6711e-02ğ›€ cm
2023-06-14 18:38:21,752 INFO Measurement at current 0.003
2023-06-14 18:38:25,799 INFO T:270.29Â°K V:2.7223e-05V I:3.0000e-03A R:9.0744e-03ğ›€ E:5.2352e-04V/cm J:3.3708e-02A/cm2 ğ›’:1.5531e-02ğ›€ cm
2023-06-14 18:38:25,871 INFO Measurement at current 0.003
2023-06-14 18:38:29,943 INFO T:270.54Â°K V:1.8665e-05V I:3.0000e-03A R:6.2218e-03ğ›€ E:3.5895e-04V/cm J:3.3708e-02A/cm2 ğ›’:1.0649e-02ğ›€ cm
2023-06-14 18:38:29,984 INFO Measurement at current 0.003
2023-06-14 18:38:34,210 INFO T:270.79Â°K V:2.9546e-05V I:3.0000e-03A R:9.8487e-03ğ›€ E:5.6819e-04V/cm J:3.3708e-02A/cm2 ğ›’:1.6856e-02ğ›€ cm
2023-06-14 18:38:34,241 INFO Measurement at current 0.003
2023-06-14 18:38:38,324 INFO T:271.03Â°K V:2.5069e-05V I:3.0000e-03A R:8.3564e-03ğ›€ E:4.8210e-04V/cm J:3.3708e-02A/cm2 ğ›’:1.4302e-02ğ›€ cm
2023-06-14 18:38:38,349 INFO Measurement at current 0.003
2023-06-14 18:38:42,353 INFO T:271.25Â°K V:2.2086e-05V I:3.0000e-03A R:7.3621e-03ğ›€ E:4.2473e-04V/cm J:3.3708e-02A/cm2 ğ›’:1.2600e-02ğ›€ cm
2023-06-14 18:38:42,376 INFO Measurement at current 0.003
2023-06-14 18:38:46,393 INFO T:271.46Â°K V:2.0907e-05V I:3.0000e-03A R:6.9691e-03ğ›€ E:4.0207e-04V/cm J:3.3708e-02A/cm2 ğ›’:1.1928e-02ğ›€ cm
2023-06-14 18:38:46,427 INFO Measurement at current 0.003
2023-06-14 18:38:50,507 INFO T:271.65Â°K V:2.1997e-05V I:3.0000e-03A R:7.3325e-03ğ›€ E:4.2303e-04V/cm J:3.3708e-02A/cm2 ğ›’:1.2550e-02ğ›€ cm
2023-06-14 18:38:50,526 INFO Measurement at current 0.003
2023-06-14 18:38:54,524 INFO T:271.80Â°K V:2.4597e-05V I:3.0000e-03A R:8.1990e-03ğ›€ E:4.7302e-04V/cm J:3.3708e-02A/cm2 ğ›’:1.4033e-02ğ›€ cm
2023-06-14 18:38:54,550 INFO Measurement at current 0.003
2023-06-14 18:38:58,609 INFO T:271.90Â°K V:2.5812e-05V I:3.0000e-03A R:8.6041e-03ğ›€ E:4.9639e-04V/cm J:3.3708e-02A/cm2 ğ›’:1.4726e-02ğ›€ cm
2023-06-14 18:38:58,623 INFO Measurement at current 0.003
2023-06-14 18:39:02,687 INFO T:271.95Â°K V:2.4402e-05V I:3.0000e-03A R:8.1338e-03ğ›€ E:4.6926e-04V/cm J:3.3708e-02A/cm2 ğ›’:1.3921e-02ğ›€ cm
2023-06-14 18:39:02,703 INFO Measurement at current 0.003
2023-06-14 18:39:06,706 INFO T:272.00Â°K V:2.1835e-05V I:3.0000e-03A R:7.2784e-03ğ›€ E:4.1991e-04V/cm J:3.3708e-02A/cm2 ğ›’:1.2457e-02ğ›€ cm
2023-06-14 18:39:06,739 INFO Measurement at current 0.003
2023-06-14 18:39:10,832 INFO T:272.06Â°K V:2.0113e-05V I:3.0000e-03A R:6.7042e-03ğ›€ E:3.8678e-04V/cm J:3.3708e-02A/cm2 ğ›’:1.1474e-02ğ›€ cm
2023-06-14 18:39:10,865 INFO Measurement at current 0.003
2023-06-14 18:39:14,977 INFO T:272.16Â°K V:2.0907e-05V I:3.0000e-03A R:6.9690e-03ğ›€ E:4.0206e-04V/cm J:3.3708e-02A/cm2 ğ›’:1.1928e-02ğ›€ cm
2023-06-14 18:39:15,040 INFO Measurement at current 0.003
2023-06-14 18:39:19,118 INFO T:272.33Â°K V:1.9165e-05V I:3.0000e-03A R:6.3882e-03ğ›€ E:3.6855e-04V/cm J:3.3708e-02A/cm2 ğ›’:1.0934e-02ğ›€ cm
2023-06-14 18:39:19,254 INFO Measurement at current 0.003
2023-06-14 18:39:23,321 INFO T:272.53Â°K V:1.8769e-05V I:3.0000e-03A R:6.2562e-03ğ›€ E:3.6093e-04V/cm J:3.3708e-02A/cm2 ğ›’:1.0708e-02ğ›€ cm
2023-06-14 18:39:23,369 INFO Measurement at current 0.003
2023-06-14 18:39:27,427 INFO T:272.74Â°K V:2.0594e-05V I:3.0000e-03A R:6.8646e-03ğ›€ E:3.9603e-04V/cm J:3.3708e-02A/cm2 ğ›’:1.1749e-02ğ›€ cm
2023-06-14 18:39:27,470 INFO Measurement at current 0.003
2023-06-14 18:39:31,555 INFO T:272.96Â°K V:2.6618e-05V I:3.0000e-03A R:8.8726e-03ğ›€ E:5.1188e-04V/cm J:3.3708e-02A/cm2 ğ›’:1.5186e-02ğ›€ cm
2023-06-14 18:39:31,578 INFO Measurement at current 0.003
2023-06-14 18:39:35,664 INFO T:273.20Â°K V:2.3888e-05V I:3.0000e-03A R:7.9628e-03ğ›€ E:4.5939e-04V/cm J:3.3708e-02A/cm2 ğ›’:1.3629e-02ğ›€ cm
2023-06-14 18:39:35,688 INFO Measurement at current 0.003
2023-06-14 18:39:39,725 INFO T:273.44Â°K V:2.3014e-05V I:3.0000e-03A R:7.6713e-03ğ›€ E:4.4257e-04V/cm J:3.3708e-02A/cm2 ğ›’:1.3130e-02ğ›€ cm
2023-06-14 18:39:39,751 INFO Measurement at current 0.003
2023-06-14 18:39:43,881 INFO T:273.74Â°K V:2.2598e-05V I:3.0000e-03A R:7.5328e-03ğ›€ E:4.3458e-04V/cm J:3.3708e-02A/cm2 ğ›’:1.2893e-02ğ›€ cm
2023-06-14 18:39:43,897 INFO Measurement at current 0.003
2023-06-14 18:39:47,972 INFO T:274.04Â°K V:2.7871e-05V I:3.0000e-03A R:9.2905e-03ğ›€ E:5.3599e-04V/cm J:3.3708e-02A/cm2 ğ›’:1.5901e-02ğ›€ cm
2023-06-14 18:39:47,993 INFO Measurement at current 0.003
2023-06-14 18:39:52,156 INFO T:274.30Â°K V:2.5886e-05V I:3.0000e-03A R:8.6288e-03ğ›€ E:4.9782e-04V/cm J:3.3708e-02A/cm2 ğ›’:1.4769e-02ğ›€ cm
2023-06-14 18:39:52,179 INFO Measurement at current 0.003
2023-06-14 18:39:56,244 INFO T:274.52Â°K V:2.3856e-05V I:3.0000e-03A R:7.9519e-03ğ›€ E:4.5877e-04V/cm J:3.3708e-02A/cm2 ğ›’:1.3610e-02ğ›€ cm
2023-06-14 18:39:56,260 INFO Measurement at current 0.003
2023-06-14 18:40:00,459 INFO T:274.72Â°K V:2.3790e-05V I:3.0000e-03A R:7.9301e-03ğ›€ E:4.5751e-04V/cm J:3.3708e-02A/cm2 ğ›’:1.3573e-02ğ›€ cm
2023-06-14 18:40:00,490 INFO Measurement at current 0.003
2023-06-14 18:40:04,736 INFO T:274.92Â°K V:2.2791e-05V I:3.0000e-03A R:7.5969e-03ğ›€ E:4.3828e-04V/cm J:3.3708e-02A/cm2 ğ›’:1.3002e-02ğ›€ cm
2023-06-14 18:40:04,753 INFO Measurement at current 0.003
2023-06-14 18:40:08,848 INFO T:275.11Â°K V:2.3089e-05V I:3.0000e-03A R:7.6964e-03ğ›€ E:4.4402e-04V/cm J:3.3708e-02A/cm2 ğ›’:1.3173e-02ğ›€ cm
2023-06-14 18:40:08,874 INFO Measurement at current 0.003
2023-06-14 18:40:12,880 INFO T:275.31Â°K V:2.2959e-05V I:3.0000e-03A R:7.6531e-03ğ›€ E:4.4152e-04V/cm J:3.3708e-02A/cm2 ğ›’:1.3099e-02ğ›€ cm
2023-06-14 18:40:12,896 INFO Measurement at current 0.003
2023-06-14 18:40:17,017 INFO T:275.49Â°K V:2.4067e-05V I:3.0000e-03A R:8.0223e-03ğ›€ E:4.6283e-04V/cm J:3.3708e-02A/cm2 ğ›’:1.3731e-02ğ›€ cm
2023-06-14 18:40:17,057 INFO Measurement at current 0.003
2023-06-14 18:40:21,122 INFO T:275.67Â°K V:2.6017e-05V I:3.0000e-03A R:8.6723e-03ğ›€ E:5.0032e-04V/cm J:3.3708e-02A/cm2 ğ›’:1.4843e-02ğ›€ cm
2023-06-14 18:40:21,137 INFO Measurement at current 0.003
2023-06-14 18:40:25,191 INFO T:275.85Â°K V:2.5148e-05V I:3.0000e-03A R:8.3826e-03ğ›€ E:4.8361e-04V/cm J:3.3708e-02A/cm2 ğ›’:1.4347e-02ğ›€ cm
2023-06-14 18:40:25,230 INFO Measurement at current 0.003
2023-06-14 18:40:29,286 INFO T:276.04Â°K V:2.6071e-05V I:3.0000e-03A R:8.6903e-03ğ›€ E:5.0136e-04V/cm J:3.3708e-02A/cm2 ğ›’:1.4874e-02ğ›€ cm
2023-06-14 18:40:29,322 INFO Measurement at current 0.003
2023-06-14 18:40:33,392 INFO T:276.23Â°K V:2.4627e-05V I:3.0000e-03A R:8.2089e-03ğ›€ E:4.7359e-04V/cm J:3.3708e-02A/cm2 ğ›’:1.4050e-02ğ›€ cm
2023-06-14 18:40:33,429 INFO Measurement at current 0.003
2023-06-14 18:40:37,541 INFO T:276.42Â°K V:2.7058e-05V I:3.0000e-03A R:9.0192e-03ğ›€ E:5.2034e-04V/cm J:3.3708e-02A/cm2 ğ›’:1.5437e-02ğ›€ cm
2023-06-14 18:40:37,563 INFO Measurement at current 0.003
2023-06-14 18:40:41,641 INFO T:276.62Â°K V:2.9087e-05V I:3.0000e-03A R:9.6956e-03ğ›€ E:5.5936e-04V/cm J:3.3708e-02A/cm2 ğ›’:1.6594e-02ğ›€ cm
2023-06-14 18:40:41,663 INFO Measurement at current 0.003
2023-06-14 18:40:45,776 INFO T:276.81Â°K V:2.9878e-05V I:3.0000e-03A R:9.9593e-03ğ›€ E:5.7458e-04V/cm J:3.3708e-02A/cm2 ğ›’:1.7046e-02ğ›€ cm
2023-06-14 18:40:45,799 INFO Measurement at current 0.003
2023-06-14 18:40:49,786 INFO T:277.00Â°K V:2.9370e-05V I:3.0000e-03A R:9.7901e-03ğ›€ E:5.6482e-04V/cm J:3.3708e-02A/cm2 ğ›’:1.6756e-02ğ›€ cm
2023-06-14 18:40:49,800 INFO Measurement at current 0.003
2023-06-14 18:40:53,834 INFO T:277.19Â°K V:3.1038e-05V I:3.0000e-03A R:1.0346e-02ğ›€ E:5.9688e-04V/cm J:3.3708e-02A/cm2 ğ›’:1.7707e-02ğ›€ cm
2023-06-14 18:40:53,885 INFO Measurement at current 0.003
2023-06-14 18:40:57,999 INFO T:277.41Â°K V:2.9951e-05V I:3.0000e-03A R:9.9837e-03ğ›€ E:5.7598e-04V/cm J:3.3708e-02A/cm2 ğ›’:1.7087e-02ğ›€ cm
2023-06-14 18:40:58,024 INFO Measurement at current 0.003
2023-06-14 18:41:02,069 INFO T:277.64Â°K V:2.9864e-05V I:3.0000e-03A R:9.9546e-03ğ›€ E:5.7430e-04V/cm J:3.3708e-02A/cm2 ğ›’:1.7038e-02ğ›€ cm
2023-06-14 18:41:02,088 INFO Measurement at current 0.003
2023-06-14 18:41:06,299 INFO T:277.85Â°K V:3.0390e-05V I:3.0000e-03A R:1.0130e-02ğ›€ E:5.8442e-04V/cm J:3.3708e-02A/cm2 ğ›’:1.7338e-02ğ›€ cm
2023-06-14 18:41:06,317 INFO Measurement at current 0.003
2023-06-14 18:41:10,358 INFO T:278.03Â°K V:2.9489e-05V I:3.0000e-03A R:9.8296e-03ğ›€ E:5.6709e-04V/cm J:3.3708e-02A/cm2 ğ›’:1.6824e-02ğ›€ cm
2023-06-14 18:41:10,373 INFO Measurement at current 0.003
2023-06-14 18:41:14,419 INFO T:278.20Â°K V:2.7938e-05V I:3.0000e-03A R:9.3127e-03ğ›€ E:5.3727e-04V/cm J:3.3708e-02A/cm2 ğ›’:1.5939e-02ğ›€ cm
2023-06-14 18:41:14,435 INFO Measurement at current 0.003
2023-06-14 18:41:18,436 INFO T:278.35Â°K V:2.8053e-05V I:3.0000e-03A R:9.3509e-03ğ›€ E:5.3947e-04V/cm J:3.3708e-02A/cm2 ğ›’:1.6004e-02ğ›€ cm
2023-06-14 18:41:18,450 INFO Measurement at current 0.003
2023-06-14 18:41:22,528 INFO T:278.49Â°K V:2.7637e-05V I:3.0000e-03A R:9.2122e-03ğ›€ E:5.3147e-04V/cm J:3.3708e-02A/cm2 ğ›’:1.5767e-02ğ›€ cm
2023-06-14 18:41:22,552 INFO Measurement at current 0.003
2023-06-14 18:41:26,605 INFO T:278.63Â°K V:2.8859e-05V I:3.0000e-03A R:9.6197e-03ğ›€ E:5.5498e-04V/cm J:3.3708e-02A/cm2 ğ›’:1.6465e-02ğ›€ cm
2023-06-14 18:41:26,624 INFO Measurement at current 0.003
2023-06-14 18:41:31,641 INFO T:278.79Â°K V:2.7630e-05V I:3.0000e-03A R:9.2099e-03ğ›€ E:5.3134e-04V/cm J:3.3708e-02A/cm2 ğ›’:1.5763e-02ğ›€ cm
2023-06-14 18:41:31,654 INFO Measurement at current 0.003
2023-06-14 18:41:35,652 INFO T:278.96Â°K V:2.7281e-05V I:3.0000e-03A R:9.0935e-03ğ›€ E:5.2463e-04V/cm J:3.3708e-02A/cm2 ğ›’:1.5564e-02ğ›€ cm
2023-06-14 18:41:35,679 INFO Measurement at current 0.003
2023-06-14 18:41:39,782 INFO T:279.11Â°K V:2.0328e-05V I:3.0000e-03A R:6.7759e-03ğ›€ E:3.9092e-04V/cm J:3.3708e-02A/cm2 ğ›’:1.1597e-02ğ›€ cm
2023-06-14 18:41:39,796 INFO Measurement at current 0.003
2023-06-14 18:41:43,913 INFO T:279.26Â°K V:2.5571e-05V I:3.0000e-03A R:8.5235e-03ğ›€ E:4.9174e-04V/cm J:3.3708e-02A/cm2 ğ›’:1.4588e-02ğ›€ cm
2023-06-14 18:41:43,936 INFO Measurement at current 0.003
2023-06-14 18:41:47,995 INFO T:279.40Â°K V:2.6905e-05V I:3.0000e-03A R:8.9683e-03ğ›€ E:5.1740e-04V/cm J:3.3708e-02A/cm2 ğ›’:1.5350e-02ğ›€ cm
2023-06-14 18:41:48,016 INFO Measurement at current 0.003
2023-06-14 18:41:52,227 INFO T:279.54Â°K V:2.8296e-05V I:3.0000e-03A R:9.4320e-03ğ›€ E:5.4415e-04V/cm J:3.3708e-02A/cm2 ğ›’:1.6143e-02ğ›€ cm
2023-06-14 18:41:52,247 INFO Measurement at current 0.003
2023-06-14 18:41:56,369 INFO T:279.69Â°K V:2.8156e-05V I:3.0000e-03A R:9.3855e-03ğ›€ E:5.4147e-04V/cm J:3.3708e-02A/cm2 ğ›’:1.6064e-02ğ›€ cm
2023-06-14 18:41:56,392 INFO Measurement at current 0.003
2023-06-14 18:42:00,396 INFO T:279.84Â°K V:2.7233e-05V I:3.0000e-03A R:9.0777e-03ğ›€ E:5.2371e-04V/cm J:3.3708e-02A/cm2 ğ›’:1.5537e-02ğ›€ cm
2023-06-14 18:42:00,410 INFO Measurement at current 0.003
2023-06-14 18:42:04,458 INFO T:279.99Â°K V:2.7015e-05V I:3.0000e-03A R:9.0051e-03ğ›€ E:5.1953e-04V/cm J:3.3708e-02A/cm2 ğ›’:1.5413e-02ğ›€ cm
2023-06-14 18:42:04,478 INFO Measurement at current 0.003
2023-06-14 18:42:08,530 INFO T:280.13Â°K V:2.8566e-05V I:3.0000e-03A R:9.5219e-03ğ›€ E:5.4934e-04V/cm J:3.3708e-02A/cm2 ğ›’:1.6297e-02ğ›€ cm
2023-06-14 18:42:08,545 INFO Measurement at current 0.003
2023-06-14 18:42:11,205 WARNING Reading gpib error, check the instruments: read() failed: A read or write of data bytes has been aborted, possibly due to a timeout or reception of a device clear command.
2023-06-14 18:42:11,236 INFO Measurement at current 0.003
2023-06-14 18:42:15,253 INFO T:280.34Â°K V:2.7841e-05V I:3.0000e-03A R:9.2803e-03ğ›€ E:5.3540e-04V/cm J:3.3708e-02A/cm2 ğ›’:1.5884e-02ğ›€ cm
2023-06-14 18:42:15,331 INFO Measurement at current 0.003
2023-06-14 18:42:19,470 INFO T:280.47Â°K V:2.8881e-05V I:3.0000e-03A R:9.6271e-03ğ›€ E:5.5541e-04V/cm J:3.3708e-02A/cm2 ğ›’:1.6477e-02ğ›€ cm
2023-06-14 18:42:19,503 INFO Measurement at current 0.003
2023-06-14 18:42:23,593 INFO T:280.61Â°K V:2.7383e-05V I:3.0000e-03A R:9.1276e-03ğ›€ E:5.2659e-04V/cm J:3.3708e-02A/cm2 ğ›’:1.5622e-02ğ›€ cm
2023-06-14 18:42:23,633 INFO Measurement at current 0.003
2023-06-14 18:42:27,640 INFO T:280.74Â°K V:2.7558e-05V I:3.0000e-03A R:9.1862e-03ğ›€ E:5.2997e-04V/cm J:3.3708e-02A/cm2 ğ›’:1.5722e-02ğ›€ cm
2023-06-14 18:42:27,663 INFO Measurement at current 0.003
2023-06-14 18:42:31,688 INFO T:280.88Â°K V:2.2932e-05V I:3.0000e-03A R:7.6440e-03ğ›€ E:4.4100e-04V/cm J:3.3708e-02A/cm2 ğ›’:1.3083e-02ğ›€ cm
2023-06-14 18:42:31,710 INFO Measurement at current 0.003
2023-06-14 18:42:35,731 INFO T:281.02Â°K V:2.5768e-05V I:3.0000e-03A R:8.5893e-03ğ›€ E:4.9553e-04V/cm J:3.3708e-02A/cm2 ğ›’:1.4701e-02ğ›€ cm
2023-06-14 18:42:35,754 INFO Measurement at current 0.003
2023-06-14 18:42:39,810 INFO T:281.16Â°K V:2.7534e-05V I:3.0000e-03A R:9.1779e-03ğ›€ E:5.2949e-04V/cm J:3.3708e-02A/cm2 ğ›’:1.5708e-02ğ›€ cm
2023-06-14 18:42:39,825 INFO Measurement at current 0.003
2023-06-14 18:42:43,887 INFO T:281.29Â°K V:2.9062e-05V I:3.0000e-03A R:9.6875e-03ğ›€ E:5.5889e-04V/cm J:3.3708e-02A/cm2 ğ›’:1.6580e-02ğ›€ cm
2023-06-14 18:42:43,915 INFO Measurement at current 0.003
2023-06-14 18:42:47,986 INFO T:281.41Â°K V:2.7678e-05V I:3.0000e-03A R:9.2260e-03ğ›€ E:5.3227e-04V/cm J:3.3708e-02A/cm2 ğ›’:1.5791e-02ğ›€ cm
2023-06-14 18:42:48,018 INFO Measurement at current 0.003
2023-06-14 18:42:53,142 INFO T:281.56Â°K V:2.8046e-05V I:3.0000e-03A R:9.3485e-03ğ›€ E:5.3934e-04V/cm J:3.3708e-02A/cm2 ğ›’:1.6000e-02ğ›€ cm
2023-06-14 18:42:53,163 INFO Measurement at current 0.003
2023-06-14 18:42:57,291 INFO T:281.68Â°K V:2.7974e-05V I:3.0000e-03A R:9.3247e-03ğ›€ E:5.3796e-04V/cm J:3.3708e-02A/cm2 ğ›’:1.5960e-02ğ›€ cm
2023-06-14 18:42:57,316 INFO Measurement at current 0.003
2023-06-14 18:43:01,348 INFO T:281.80Â°K V:2.7539e-05V I:3.0000e-03A R:9.1797e-03ğ›€ E:5.2960e-04V/cm J:3.3708e-02A/cm2 ğ›’:1.5711e-02ğ›€ cm
2023-06-14 18:43:01,366 INFO Measurement at current 0.003
2023-06-14 18:43:05,450 INFO T:281.92Â°K V:2.7997e-05V I:3.0000e-03A R:9.3322e-03ğ›€ E:5.3840e-04V/cm J:3.3708e-02A/cm2 ğ›’:1.5972e-02ğ›€ cm
2023-06-14 18:43:05,468 INFO Measurement at current 0.003
2023-06-14 18:43:09,565 INFO T:282.04Â°K V:2.7952e-05V I:3.0000e-03A R:9.3172e-03ğ›€ E:5.3753e-04V/cm J:3.3708e-02A/cm2 ğ›’:1.5947e-02ğ›€ cm
2023-06-14 18:43:09,579 INFO Measurement at current 0.003
2023-06-14 18:43:13,719 INFO T:282.15Â°K V:2.5581e-05V I:3.0000e-03A R:8.5271e-03ğ›€ E:4.9195e-04V/cm J:3.3708e-02A/cm2 ğ›’:1.4595e-02ğ›€ cm
2023-06-14 18:43:13,757 INFO Measurement at current 0.003
2023-06-14 18:43:17,830 INFO T:282.30Â°K V:2.6026e-05V I:3.0000e-03A R:8.6753e-03ğ›€ E:5.0050e-04V/cm J:3.3708e-02A/cm2 ğ›’:1.4848e-02ğ›€ cm
2023-06-14 18:43:17,853 INFO Measurement at current 0.003
2023-06-14 18:43:22,030 INFO T:282.44Â°K V:2.8326e-05V I:3.0000e-03A R:9.4418e-03ğ›€ E:5.4472e-04V/cm J:3.3708e-02A/cm2 ğ›’:1.6160e-02ğ›€ cm
2023-06-14 18:43:22,071 INFO Measurement at current 0.003
2023-06-14 18:43:26,161 INFO T:282.57Â°K V:2.8799e-05V I:3.0000e-03A R:9.5997e-03ğ›€ E:5.5383e-04V/cm J:3.3708e-02A/cm2 ğ›’:1.6430e-02ğ›€ cm
2023-06-14 18:43:26,184 INFO Measurement at current 0.003
2023-06-14 18:43:30,258 INFO T:282.68Â°K V:2.7021e-05V I:3.0000e-03A R:9.0069e-03ğ›€ E:5.1963e-04V/cm J:3.3708e-02A/cm2 ğ›’:1.5416e-02ğ›€ cm
2023-06-14 18:43:30,279 INFO Measurement at current 0.003
2023-06-14 18:43:34,356 INFO T:282.79Â°K V:2.6641e-05V I:3.0000e-03A R:8.8803e-03ğ›€ E:5.1232e-04V/cm J:3.3708e-02A/cm2 ğ›’:1.5199e-02ğ›€ cm
2023-06-14 18:43:34,381 INFO Measurement at current 0.003
2023-06-14 18:43:38,362 INFO T:282.90Â°K V:2.7624e-05V I:3.0000e-03A R:9.2079e-03ğ›€ E:5.3122e-04V/cm J:3.3708e-02A/cm2 ğ›’:1.5760e-02ğ›€ cm
2023-06-14 18:43:38,376 INFO Measurement at current 0.003
2023-06-14 18:43:42,365 INFO T:283.00Â°K V:2.7924e-05V I:3.0000e-03A R:9.3081e-03ğ›€ E:5.3701e-04V/cm J:3.3708e-02A/cm2 ğ›’:1.5931e-02ğ›€ cm
2023-06-14 18:43:42,381 INFO Measurement at current 0.003
2023-06-14 18:43:46,406 INFO T:283.12Â°K V:2.4329e-05V I:3.0000e-03A R:8.1096e-03ğ›€ E:4.6786e-04V/cm J:3.3708e-02A/cm2 ğ›’:1.3880e-02ğ›€ cm
2023-06-14 18:43:46,431 INFO Measurement at current 0.003
2023-06-14 18:43:50,520 INFO T:283.29Â°K V:1.5250e-05V I:3.0000e-03A R:5.0834e-03ğ›€ E:2.9327e-04V/cm J:3.3708e-02A/cm2 ğ›’:8.7004e-03ğ›€ cm
2023-06-14 18:43:50,541 INFO Measurement at current 0.003
2023-06-14 18:43:54,558 INFO T:283.62Â°K V:1.3362e-05V I:3.0000e-03A R:4.4541e-03ğ›€ E:2.5697e-04V/cm J:3.3708e-02A/cm2 ğ›’:7.6233e-03ğ›€ cm
2023-06-14 18:43:54,574 INFO Measurement at current 0.003
2023-06-14 18:43:58,582 INFO T:284.04Â°K V:2.1033e-05V I:3.0000e-03A R:7.0108e-03ğ›€ E:4.0447e-04V/cm J:3.3708e-02A/cm2 ğ›’:1.1999e-02ğ›€ cm
2023-06-14 18:43:58,606 INFO Measurement at current 0.003
2023-06-14 18:44:02,684 INFO T:284.32Â°K V:2.6102e-05V I:3.0000e-03A R:8.7007e-03ğ›€ E:5.0196e-04V/cm J:3.3708e-02A/cm2 ğ›’:1.4892e-02ğ›€ cm
2023-06-14 18:44:02,710 INFO Measurement at current 0.003
2023-06-14 18:44:06,772 INFO T:284.48Â°K V:2.4609e-05V I:3.0000e-03A R:8.2029e-03ğ›€ E:4.7324e-04V/cm J:3.3708e-02A/cm2 ğ›’:1.4039e-02ğ›€ cm
2023-06-14 18:44:06,789 INFO Measurement at current 0.003
2023-06-14 18:44:10,873 INFO T:284.59Â°K V:2.4703e-05V I:3.0000e-03A R:8.2344e-03ğ›€ E:4.7506e-04V/cm J:3.3708e-02A/cm2 ğ›’:1.4094e-02ğ›€ cm
2023-06-14 18:44:10,891 INFO Measurement at current 0.003
2023-06-14 18:44:14,933 INFO T:284.67Â°K V:2.5773e-05V I:3.0000e-03A R:8.5911e-03ğ›€ E:4.9564e-04V/cm J:3.3708e-02A/cm2 ğ›’:1.4704e-02ğ›€ cm
2023-06-14 18:44:14,951 INFO Measurement at current 0.003
2023-06-14 18:44:18,937 INFO T:284.74Â°K V:2.6031e-05V I:3.0000e-03A R:8.6769e-03ğ›€ E:5.0059e-04V/cm J:3.3708e-02A/cm2 ğ›’:1.4851e-02ğ›€ cm
2023-06-14 18:44:18,959 INFO Measurement at current 0.003
2023-06-14 18:44:23,057 INFO T:284.82Â°K V:2.4950e-05V I:3.0000e-03A R:8.3166e-03ğ›€ E:4.7980e-04V/cm J:3.3708e-02A/cm2 ğ›’:1.4234e-02ğ›€ cm
2023-06-14 18:44:23,102 INFO Measurement at current 0.003
2023-06-14 18:44:27,275 INFO T:284.90Â°K V:2.5041e-05V I:3.0000e-03A R:8.3470e-03ğ›€ E:4.8156e-04V/cm J:3.3708e-02A/cm2 ğ›’:1.4286e-02ğ›€ cm
2023-06-14 18:44:27,325 INFO Measurement at current 0.003
2023-06-14 18:44:31,391 INFO T:284.98Â°K V:2.4526e-05V I:3.0000e-03A R:8.1755e-03ğ›€ E:4.7166e-04V/cm J:3.3708e-02A/cm2 ğ›’:1.3993e-02ğ›€ cm
2023-06-14 18:44:31,422 INFO Measurement at current 0.003
2023-06-14 18:44:35,419 INFO T:285.06Â°K V:2.5075e-05V I:3.0000e-03A R:8.3584e-03ğ›€ E:4.8221e-04V/cm J:3.3708e-02A/cm2 ğ›’:1.4306e-02ğ›€ cm
2023-06-14 18:44:35,437 INFO Measurement at current 0.003
2023-06-14 18:44:39,594 INFO T:285.14Â°K V:2.4365e-05V I:3.0000e-03A R:8.1217e-03ğ›€ E:4.6856e-04V/cm J:3.3708e-02A/cm2 ğ›’:1.3901e-02ğ›€ cm
2023-06-14 18:44:39,614 INFO Measurement at current 0.003
2023-06-14 18:44:43,620 INFO T:285.22Â°K V:2.4123e-05V I:3.0000e-03A R:8.0410e-03ğ›€ E:4.6390e-04V/cm J:3.3708e-02A/cm2 ğ›’:1.3762e-02ğ›€ cm
2023-06-14 18:44:43,635 INFO Measurement at current 0.003
2023-06-14 18:44:47,812 INFO T:285.29Â°K V:2.5224e-05V I:3.0000e-03A R:8.4081e-03ğ›€ E:4.8508e-04V/cm J:3.3708e-02A/cm2 ğ›’:1.4391e-02ğ›€ cm
2023-06-14 18:44:47,830 INFO Measurement at current 0.003
2023-06-14 18:44:51,837 INFO T:285.37Â°K V:2.4401e-05V I:3.0000e-03A R:8.1337e-03ğ›€ E:4.6925e-04V/cm J:3.3708e-02A/cm2 ğ›’:1.3921e-02ğ›€ cm
2023-06-14 18:44:51,852 INFO Measurement at current 0.003
2023-06-14 18:44:56,039 INFO T:285.46Â°K V:1.6756e-05V I:3.0000e-03A R:5.5852e-03ğ›€ E:3.2222e-04V/cm J:3.3708e-02A/cm2 ğ›’:9.5593e-03ğ›€ cm
2023-06-14 18:44:56,112 INFO Measurement at current 0.003
2023-06-14 18:45:00,202 INFO T:285.67Â°K V:1.0258e-05V I:3.0000e-03A R:3.4192e-03ğ›€ E:1.9726e-04V/cm J:3.3708e-02A/cm2 ğ›’:5.8521e-03ğ›€ cm
2023-06-14 18:45:00,235 INFO Measurement at current 0.003
2023-06-14 18:45:04,374 INFO T:285.95Â°K V:5.8355e-06V I:3.0000e-03A R:1.9452e-03ğ›€ E:1.1222e-04V/cm J:3.3708e-02A/cm2 ğ›’:3.3292e-03ğ›€ cm
2023-06-14 18:45:04,430 INFO Measurement at current 0.003
2023-06-14 18:45:08,522 INFO T:286.22Â°K V:1.5651e-05V I:3.0000e-03A R:5.2172e-03ğ›€ E:3.0099e-04V/cm J:3.3708e-02A/cm2 ğ›’:8.9294e-03ğ›€ cm
2023-06-14 18:45:08,536 INFO Measurement at current 0.003
2023-06-14 18:45:12,555 INFO T:286.41Â°K V:2.3804e-05V I:3.0000e-03A R:7.9348e-03ğ›€ E:4.5778e-04V/cm J:3.3708e-02A/cm2 ğ›’:1.3581e-02ğ›€ cm
2023-06-14 18:45:12,588 INFO Measurement at current 0.003
2023-06-14 18:45:16,674 INFO T:286.53Â°K V:2.4620e-05V I:3.0000e-03A R:8.2066e-03ğ›€ E:4.7346e-04V/cm J:3.3708e-02A/cm2 ğ›’:1.4046e-02ğ›€ cm
2023-06-14 18:45:16,698 INFO Measurement at current 0.003
2023-06-14 18:45:20,821 INFO T:286.62Â°K V:2.4128e-05V I:3.0000e-03A R:8.0428e-03ğ›€ E:4.6401e-04V/cm J:3.3708e-02A/cm2 ğ›’:1.3766e-02ğ›€ cm
2023-06-14 18:45:20,845 INFO Measurement at current 0.003
2023-06-14 18:45:24,972 INFO T:286.69Â°K V:2.4980e-05V I:3.0000e-03A R:8.3268e-03ğ›€ E:4.8039e-04V/cm J:3.3708e-02A/cm2 ğ›’:1.4252e-02ğ›€ cm
2023-06-14 18:45:26,024 INFO Measurement at current 0.003
2023-06-14 18:45:30,117 INFO T:286.77Â°K V:2.3964e-05V I:3.0000e-03A R:7.9880e-03ğ›€ E:4.6085e-04V/cm J:3.3708e-02A/cm2 ğ›’:1.3672e-02ğ›€ cm
2023-06-14 18:45:30,140 INFO Measurement at current 0.003
2023-06-14 18:45:34,200 INFO T:286.84Â°K V:2.3516e-05V I:3.0000e-03A R:7.8386e-03ğ›€ E:4.5223e-04V/cm J:3.3708e-02A/cm2 ğ›’:1.3416e-02ğ›€ cm
2023-06-14 18:45:34,221 INFO Measurement at current 0.003
2023-06-14 18:45:38,367 INFO T:286.90Â°K V:2.2900e-05V I:3.0000e-03A R:7.6332e-03ğ›€ E:4.4038e-04V/cm J:3.3708e-02A/cm2 ğ›’:1.3064e-02ğ›€ cm
2023-06-14 18:45:38,384 INFO Measurement at current 0.003
2023-06-14 18:45:42,500 INFO T:286.96Â°K V:2.0182e-05V I:3.0000e-03A R:6.7272e-03ğ›€ E:3.8811e-04V/cm J:3.3708e-02A/cm2 ğ›’:1.1514e-02ğ›€ cm
2023-06-14 18:45:42,516 INFO Measurement at current 0.003
2023-06-14 18:45:46,622 INFO T:287.02Â°K V:1.8923e-05V I:3.0000e-03A R:6.3076e-03ğ›€ E:3.6390e-04V/cm J:3.3708e-02A/cm2 ğ›’:1.0796e-02ğ›€ cm
2023-06-14 18:45:46,676 INFO Measurement at current 0.003
2023-06-14 18:45:50,755 INFO T:287.08Â°K V:2.0769e-05V I:3.0000e-03A R:6.9230e-03ğ›€ E:3.9940e-04V/cm J:3.3708e-02A/cm2 ğ›’:1.1849e-02ğ›€ cm
2023-06-14 18:45:50,827 INFO Measurement at current 0.003
2023-06-14 18:45:54,969 INFO T:287.15Â°K V:1.9915e-05V I:3.0000e-03A R:6.6383e-03ğ›€ E:3.8298e-04V/cm J:3.3708e-02A/cm2 ğ›’:1.1362e-02ğ›€ cm
2023-06-14 18:45:55,036 INFO Measurement at current 0.003
2023-06-14 18:45:59,017 INFO T:287.23Â°K V:2.0974e-05V I:3.0000e-03A R:6.9914e-03ğ›€ E:4.0335e-04V/cm J:3.3708e-02A/cm2 ğ›’:1.1966e-02ğ›€ cm
2023-06-14 18:45:59,041 INFO Measurement at current 0.003
2023-06-14 18:46:03,178 INFO T:287.31Â°K V:2.2792e-05V I:3.0000e-03A R:7.5974e-03ğ›€ E:4.3831e-04V/cm J:3.3708e-02A/cm2 ğ›’:1.3003e-02ğ›€ cm
2023-06-14 18:46:03,196 INFO Measurement at current 0.003
2023-06-14 18:46:08,267 INFO T:287.39Â°K V:2.2952e-05V I:3.0000e-03A R:7.6508e-03ğ›€ E:4.4139e-04V/cm J:3.3708e-02A/cm2 ğ›’:1.3095e-02ğ›€ cm
2023-06-14 18:46:08,321 INFO Measurement at current 0.003
2023-06-14 18:46:12,446 INFO T:287.46Â°K V:2.1610e-05V I:3.0000e-03A R:7.2035e-03ğ›€ E:4.1558e-04V/cm J:3.3708e-02A/cm2 ğ›’:1.2329e-02ğ›€ cm
2023-06-14 18:46:12,467 INFO Measurement at current 0.003
2023-06-14 18:46:16,564 INFO T:287.52Â°K V:2.2145e-05V I:3.0000e-03A R:7.3818e-03ğ›€ E:4.2587e-04V/cm J:3.3708e-02A/cm2 ğ›’:1.2634e-02ğ›€ cm
2023-06-14 18:46:16,644 INFO Measurement at current 0.003
2023-06-14 18:46:20,817 INFO T:287.58Â°K V:2.2355e-05V I:3.0000e-03A R:7.4515e-03ğ›€ E:4.2989e-04V/cm J:3.3708e-02A/cm2 ğ›’:1.2754e-02ğ›€ cm
2023-06-14 18:46:20,833 INFO Measurement at current 0.003
2023-06-14 18:46:24,912 INFO T:287.63Â°K V:2.2956e-05V I:3.0000e-03A R:7.6521e-03ğ›€ E:4.4147e-04V/cm J:3.3708e-02A/cm2 ğ›’:1.3097e-02ğ›€ cm
2023-06-14 18:46:24,926 INFO Measurement at current 0.003
2023-06-14 18:46:28,927 INFO T:287.69Â°K V:2.3540e-05V I:3.0000e-03A R:7.8466e-03ğ›€ E:4.5269e-04V/cm J:3.3708e-02A/cm2 ğ›’:1.3430e-02ğ›€ cm
2023-06-14 18:46:28,971 INFO Measurement at current 0.003
2023-06-14 18:46:33,006 INFO T:287.74Â°K V:2.3711e-05V I:3.0000e-03A R:7.9037e-03ğ›€ E:4.5598e-04V/cm J:3.3708e-02A/cm2 ğ›’:1.3527e-02ğ›€ cm
2023-06-14 18:46:33,029 INFO Measurement at current 0.003
2023-06-14 18:46:37,100 INFO T:287.79Â°K V:2.3738e-05V I:3.0000e-03A R:7.9127e-03ğ›€ E:4.5650e-04V/cm J:3.3708e-02A/cm2 ğ›’:1.3543e-02ğ›€ cm
2023-06-14 18:46:37,115 INFO Measurement at current 0.003
2023-06-14 18:46:41,201 INFO T:287.85Â°K V:2.4253e-05V I:3.0000e-03A R:8.0843e-03ğ›€ E:4.6640e-04V/cm J:3.3708e-02A/cm2 ğ›’:1.3837e-02ğ›€ cm
2023-06-14 18:46:41,217 INFO Measurement at current 0.003
2023-06-14 18:46:45,224 INFO T:287.90Â°K V:2.4413e-05V I:3.0000e-03A R:8.1378e-03ğ›€ E:4.6949e-04V/cm J:3.3708e-02A/cm2 ğ›’:1.3928e-02ğ›€ cm
2023-06-14 18:46:45,245 INFO Measurement at current 0.003
2023-06-14 18:46:49,270 INFO T:287.95Â°K V:2.4692e-05V I:3.0000e-03A R:8.2308e-03ğ›€ E:4.7485e-04V/cm J:3.3708e-02A/cm2 ğ›’:1.4087e-02ğ›€ cm
2023-06-14 18:46:49,316 INFO Measurement at current 0.003
2023-06-14 18:46:53,357 INFO T:288.01Â°K V:2.4291e-05V I:3.0000e-03A R:8.0971e-03ğ›€ E:4.6714e-04V/cm J:3.3708e-02A/cm2 ğ›’:1.3858e-02ğ›€ cm
2023-06-14 18:46:53,376 INFO Measurement at current 0.003
2023-06-14 18:46:57,442 INFO T:288.06Â°K V:2.4587e-05V I:3.0000e-03A R:8.1956e-03ğ›€ E:4.7283e-04V/cm J:3.3708e-02A/cm2 ğ›’:1.4027e-02ğ›€ cm
2023-06-14 18:46:57,470 INFO Measurement at current 0.003
2023-06-14 18:47:01,545 INFO T:288.11Â°K V:2.4616e-05V I:3.0000e-03A R:8.2053e-03ğ›€ E:4.7338e-04V/cm J:3.3708e-02A/cm2 ğ›’:1.4044e-02ğ›€ cm
2023-06-14 18:47:01,560 INFO Measurement at current 0.003
2023-06-14 18:47:05,682 INFO T:288.16Â°K V:2.4784e-05V I:3.0000e-03A R:8.2612e-03ğ›€ E:4.7661e-04V/cm J:3.3708e-02A/cm2 ğ›’:1.4139e-02ğ›€ cm
2023-06-14 18:47:05,790 INFO Measurement at current 0.003
2023-06-14 18:47:10,039 INFO T:288.21Â°K V:2.4834e-05V I:3.0000e-03A R:8.2779e-03ğ›€ E:4.7757e-04V/cm J:3.3708e-02A/cm2 ğ›’:1.4168e-02ğ›€ cm
2023-06-14 18:47:10,057 INFO Measurement at current 0.003
2023-06-14 18:47:14,078 INFO T:288.26Â°K V:2.4764e-05V I:3.0000e-03A R:8.2548e-03ğ›€ E:4.7624e-04V/cm J:3.3708e-02A/cm2 ğ›’:1.4128e-02ğ›€ cm
2023-06-14 18:47:14,146 INFO Measurement at current 0.003
2023-06-14 18:47:18,268 INFO T:288.30Â°K V:2.4553e-05V I:3.0000e-03A R:8.1843e-03ğ›€ E:4.7217e-04V/cm J:3.3708e-02A/cm2 ğ›’:1.4008e-02ğ›€ cm
2023-06-14 18:47:18,293 INFO Measurement at current 0.003
2023-06-14 18:47:22,443 INFO T:288.35Â°K V:2.3369e-05V I:3.0000e-03A R:7.7896e-03ğ›€ E:4.4940e-04V/cm J:3.3708e-02A/cm2 ğ›’:1.3332e-02ğ›€ cm
2023-06-14 18:47:22,465 INFO Measurement at current 0.003
2023-06-14 18:47:26,602 INFO T:288.41Â°K V:2.3144e-05V I:3.0000e-03A R:7.7146e-03ğ›€ E:4.4508e-04V/cm J:3.3708e-02A/cm2 ğ›’:1.3204e-02ğ›€ cm
2023-06-14 18:47:26,617 INFO Measurement at current 0.003
2023-06-14 18:47:30,926 INFO T:288.48Â°K V:2.3702e-05V I:3.0000e-03A R:7.9006e-03ğ›€ E:4.5581e-04V/cm J:3.3708e-02A/cm2 ğ›’:1.3522e-02ğ›€ cm
2023-06-14 18:47:30,952 INFO Measurement at current 0.003
2023-06-14 18:47:34,962 INFO T:288.54Â°K V:2.3358e-05V I:3.0000e-03A R:7.7859e-03ğ›€ E:4.4919e-04V/cm J:3.3708e-02A/cm2 ğ›’:1.3326e-02ğ›€ cm
2023-06-14 18:47:34,980 INFO Measurement at current 0.003
2023-06-14 18:47:39,036 INFO T:288.59Â°K V:2.2260e-05V I:3.0000e-03A R:7.4199e-03ğ›€ E:4.2807e-04V/cm J:3.3708e-02A/cm2 ğ›’:1.2699e-02ğ›€ cm
2023-06-14 18:47:39,049 INFO Measurement at current 0.003
2023-06-14 18:47:43,180 INFO T:288.65Â°K V:2.1807e-05V I:3.0000e-03A R:7.2691e-03ğ›€ E:4.1937e-04V/cm J:3.3708e-02A/cm2 ğ›’:1.2441e-02ğ›€ cm
2023-06-14 18:47:43,218 INFO Measurement at current 0.003
2023-06-14 18:47:47,390 INFO T:288.71Â°K V:2.2902e-05V I:3.0000e-03A R:7.6340e-03ğ›€ E:4.4042e-04V/cm J:3.3708e-02A/cm2 ğ›’:1.3066e-02ğ›€ cm
2023-06-14 18:47:47,460 INFO Measurement at current 0.003
2023-06-14 18:47:51,602 INFO T:288.77Â°K V:2.3576e-05V I:3.0000e-03A R:7.8586e-03ğ›€ E:4.5338e-04V/cm J:3.3708e-02A/cm2 ğ›’:1.3450e-02ğ›€ cm
2023-06-14 18:47:51,690 INFO Measurement at current 0.003
2023-06-14 18:47:55,787 INFO T:288.82Â°K V:2.4190e-05V I:3.0000e-03A R:8.0634e-03ğ›€ E:4.6519e-04V/cm J:3.3708e-02A/cm2 ğ›’:1.3801e-02ğ›€ cm
2023-06-14 18:47:55,843 INFO Measurement at current 0.003
2023-06-14 18:47:59,990 INFO T:288.87Â°K V:2.3949e-05V I:3.0000e-03A R:7.9829e-03ğ›€ E:4.6055e-04V/cm J:3.3708e-02A/cm2 ğ›’:1.3663e-02ğ›€ cm
2023-06-14 18:48:00,047 INFO Measurement at current 0.003
2023-06-14 18:48:04,092 INFO T:288.91Â°K V:2.3933e-05V I:3.0000e-03A R:7.9777e-03ğ›€ E:4.6025e-04V/cm J:3.3708e-02A/cm2 ğ›’:1.3654e-02ğ›€ cm
2023-06-14 18:48:04,123 INFO Measurement at current 0.003
2023-06-14 18:48:08,230 INFO T:288.95Â°K V:2.4025e-05V I:3.0000e-03A R:8.0083e-03ğ›€ E:4.6202e-04V/cm J:3.3708e-02A/cm2 ğ›’:1.3707e-02ğ›€ cm
2023-06-14 18:48:08,253 INFO Measurement at current 0.003
2023-06-14 18:48:12,244 INFO T:288.99Â°K V:2.4208e-05V I:3.0000e-03A R:8.0695e-03ğ›€ E:4.6555e-04V/cm J:3.3708e-02A/cm2 ğ›’:1.3811e-02ğ›€ cm
2023-06-14 18:48:12,265 INFO Measurement at current 0.003
2023-06-14 18:48:16,263 INFO T:289.03Â°K V:2.4280e-05V I:3.0000e-03A R:8.0934e-03ğ›€ E:4.6693e-04V/cm J:3.3708e-02A/cm2 ğ›’:1.3852e-02ğ›€ cm
2023-06-14 18:48:16,280 INFO Measurement at current 0.003
2023-06-14 18:48:20,332 INFO T:289.08Â°K V:2.3055e-05V I:3.0000e-03A R:7.6852e-03ğ›€ E:4.4337e-04V/cm J:3.3708e-02A/cm2 ğ›’:1.3153e-02ğ›€ cm
2023-06-14 18:48:20,360 INFO Measurement at current 0.003
2023-06-14 18:48:24,408 INFO T:289.13Â°K V:2.3917e-05V I:3.0000e-03A R:7.9723e-03ğ›€ E:4.5994e-04V/cm J:3.3708e-02A/cm2 ğ›’:1.3645e-02ğ›€ cm
2023-06-14 18:48:24,444 INFO Measurement at current 0.003
2023-06-14 18:48:28,612 INFO T:289.18Â°K V:2.4547e-05V I:3.0000e-03A R:8.1824e-03ğ›€ E:4.7206e-04V/cm J:3.3708e-02A/cm2 ğ›’:1.4005e-02ğ›€ cm
2023-06-14 18:48:28,636 INFO Measurement at current 0.003
2023-06-14 18:48:32,740 INFO T:289.22Â°K V:2.4921e-05V I:3.0000e-03A R:8.3070e-03ğ›€ E:4.7925e-04V/cm J:3.3708e-02A/cm2 ğ›’:1.4218e-02ğ›€ cm
2023-06-14 18:48:32,785 INFO Measurement at current 0.003
2023-06-14 18:48:36,865 INFO T:289.26Â°K V:2.4002e-05V I:3.0000e-03A R:8.0007e-03ğ›€ E:4.6158e-04V/cm J:3.3708e-02A/cm2 ğ›’:1.3694e-02ğ›€ cm
2023-06-14 18:48:36,889 INFO Measurement at current 0.003
2023-06-14 18:48:40,961 INFO T:289.31Â°K V:2.3009e-05V I:3.0000e-03A R:7.6698e-03ğ›€ E:4.4249e-04V/cm J:3.3708e-02A/cm2 ğ›’:1.3127e-02ğ›€ cm
2023-06-14 18:48:40,984 INFO Measurement at current 0.003
2023-06-14 18:48:44,999 INFO T:289.35Â°K V:2.4171e-05V I:3.0000e-03A R:8.0571e-03ğ›€ E:4.6483e-04V/cm J:3.3708e-02A/cm2 ğ›’:1.3790e-02ğ›€ cm
2023-06-14 18:48:45,021 INFO Measurement at current 0.003
2023-06-14 18:48:49,110 INFO T:289.40Â°K V:2.4617e-05V I:3.0000e-03A R:8.2055e-03ğ›€ E:4.7340e-04V/cm J:3.3708e-02A/cm2 ğ›’:1.4044e-02ğ›€ cm
2023-06-14 18:48:49,129 INFO Measurement at current 0.003
2023-06-14 18:48:53,206 INFO T:289.44Â°K V:2.4313e-05V I:3.0000e-03A R:8.1043e-03ğ›€ E:4.6755e-04V/cm J:3.3708e-02A/cm2 ğ›’:1.3871e-02ğ›€ cm
2023-06-14 18:48:53,229 INFO Measurement at current 0.003
2023-06-14 18:48:57,259 INFO T:289.48Â°K V:2.4050e-05V I:3.0000e-03A R:8.0168e-03ğ›€ E:4.6251e-04V/cm J:3.3708e-02A/cm2 ğ›’:1.3721e-02ğ›€ cm
2023-06-14 18:48:57,275 INFO Measurement at current 0.003
2023-06-14 18:49:01,253 INFO T:289.52Â°K V:2.2653e-05V I:3.0000e-03A R:7.5511e-03ğ›€ E:4.3564e-04V/cm J:3.3708e-02A/cm2 ğ›’:1.2924e-02ğ›€ cm
2023-06-14 18:49:01,275 INFO Measurement at current 0.003
2023-06-14 18:49:05,380 INFO T:289.56Â°K V:2.4601e-05V I:3.0000e-03A R:8.2004e-03ğ›€ E:4.7310e-04V/cm J:3.3708e-02A/cm2 ğ›’:1.4035e-02ğ›€ cm
2023-06-14 18:49:05,395 INFO Measurement at current 0.003
2023-06-14 18:49:09,450 INFO T:289.61Â°K V:2.4894e-05V I:3.0000e-03A R:8.2980e-03ğ›€ E:4.7873e-04V/cm J:3.3708e-02A/cm2 ğ›’:1.4202e-02ğ›€ cm
2023-06-14 18:49:09,451 INFO Leaving the current loop
2023-06-14 18:49:09,473 INFO End of the measurement loop
2023-06-14 18:49:16,429 INFO Save the description file
2023-06-14 18:49:16,433 INFO Save data in numpy format Esperimenti/BS_1_4a_140623_R-T/BS_1_4a_140623_R-T_at_fixed_current_30e-4A/BS_1_4a_140623_R-T_at_fixed_current_30e-4A-20230614184909
2023-06-14 18:49:16,445 INFO Save data in CSV format Esperimenti/BS_1_4a_140623_R-T/BS_1_4a_140623_R-T_at_fixed_current_30e-4A/BS_1_4a_140623_R-T_at_fixed_current_30e-4A-20230614184909.csv
2023-06-14 18:49:16,473 INFO Save plot as image Esperimenti/BS_1_4a_140623_R-T/BS_1_4a_140623_R-T_at_fixed_current_30e-4A/BS_1_4a_140623_R-T_at_fixed_current_30e-4A-20230614184909.png
