2022-04-22 14:15:56,667 INFO ### Start experiment: CA8_01_A square waveform value 3e-08A ###
2022-04-22 14:15:58,014 INFO Found Multimeter KEITHLEY INSTRUMENTS INC.,MODEL 2700,0884890,B03  /A02  

2022-04-22 14:15:59,036 INFO Found Nanovolt Meter KEITHLEY INSTRUMENTS INC.,MODEL 2182A,4056474,C03  /A02  

2022-04-22 14:15:59,120 INFO Found Source Meter KEITHLEY INSTRUMENTS INC.,MODEL 6220,1315485,A05  /700x 

2022-04-22 14:16:02,707 INFO Start the measurement loop in continuous mode
2022-04-22 14:16:02,747 INFO Measurement at current 3e-08
2022-04-22 14:16:04,284 INFO T:106.12Â°K V:1.4465e+00V I:3.0000e-08A R:4.8216e+07ğ›€ E:8.9243e+01V/cm J:1.2632e-06A/cm2 ğ›’:7.0650e+07ğ›€ cm
2022-04-22 14:16:04,307 INFO Measurement at current 3e-08
2022-04-22 14:16:04,896 INFO T:106.12Â°K V:7.0048e+00V I:3.0000e-08A R:2.3349e+08ğ›€ E:4.3218e+02V/cm J:1.2632e-06A/cm2 ğ›’:3.4214e+08ğ›€ cm
2022-04-22 14:16:04,918 INFO Measurement at current 3e-08
2022-04-22 14:16:05,538 INFO T:106.11Â°K V:9.4258e+00V I:3.0000e-08A R:3.1419e+08ğ›€ E:5.8154e+02V/cm J:1.2632e-06A/cm2 ğ›’:4.6038e+08ğ›€ cm
2022-04-22 14:16:05,560 INFO Measurement at current 3e-08
2022-04-22 14:16:06,154 INFO T:106.12Â°K V:1.0489e+01V I:3.0000e-08A R:3.4962e+08ğ›€ E:6.4711e+02V/cm J:1.2632e-06A/cm2 ğ›’:5.1229e+08ğ›€ cm
2022-04-22 14:16:06,171 INFO Measurement at current 3e-08
2022-04-22 14:16:06,765 INFO T:106.12Â°K V:1.0910e+01V I:3.0000e-08A R:3.6367e+08ğ›€ E:6.7311e+02V/cm J:1.2632e-06A/cm2 ğ›’:5.3288e+08ğ›€ cm
2022-04-22 14:16:06,779 INFO Measurement at current 3e-08
2022-04-22 14:16:07,371 INFO T:106.12Â°K V:1.1086e+01V I:3.0000e-08A R:3.6954e+08ğ›€ E:6.8399e+02V/cm J:1.2632e-06A/cm2 ğ›’:5.4149e+08ğ›€ cm
2022-04-22 14:16:07,390 INFO Measurement at current 3e-08
2022-04-22 14:16:07,980 INFO T:106.11Â°K V:1.1166e+01V I:3.0000e-08A R:3.7220e+08ğ›€ E:6.8890e+02V/cm J:1.2632e-06A/cm2 ğ›’:5.4538e+08ğ›€ cm
2022-04-22 14:16:07,998 INFO Measurement at current 3e-08
2022-04-22 14:16:08,600 INFO T:106.11Â°K V:1.1202e+01V I:3.0000e-08A R:3.7340e+08ğ›€ E:6.9113e+02V/cm J:1.2632e-06A/cm2 ğ›’:5.4714e+08ğ›€ cm
2022-04-22 14:16:08,616 INFO Measurement at current 3e-08
2022-04-22 14:16:09,207 INFO T:106.11Â°K V:1.1219e+01V I:3.0000e-08A R:3.7398e+08ğ›€ E:6.9219e+02V/cm J:1.2632e-06A/cm2 ğ›’:5.4799e+08ğ›€ cm
2022-04-22 14:16:09,228 INFO Measurement at current 3e-08
2022-04-22 14:16:09,820 INFO T:106.11Â°K V:1.1232e+01V I:3.0000e-08A R:3.7441e+08ğ›€ E:6.9299e+02V/cm J:1.2632e-06A/cm2 ğ›’:5.4862e+08ğ›€ cm
2022-04-22 14:16:09,837 INFO Measurement at current 3e-08
2022-04-22 14:16:10,430 INFO T:106.11Â°K V:1.1238e+01V I:3.0000e-08A R:3.7459e+08ğ›€ E:6.9332e+02V/cm J:1.2632e-06A/cm2 ğ›’:5.4888e+08ğ›€ cm
2022-04-22 14:16:10,448 INFO Measurement at current 3e-08
2022-04-22 14:16:11,043 INFO T:106.11Â°K V:1.1244e+01V I:3.0000e-08A R:3.7482e+08ğ›€ E:6.9375e+02V/cm J:1.2632e-06A/cm2 ğ›’:5.4922e+08ğ›€ cm
2022-04-22 14:16:11,065 INFO Measurement at current 3e-08
2022-04-22 14:16:11,672 INFO T:106.11Â°K V:1.1247e+01V I:3.0000e-08A R:3.7490e+08ğ›€ E:6.9390e+02V/cm J:1.2632e-06A/cm2 ğ›’:5.4934e+08ğ›€ cm
2022-04-22 14:16:11,690 INFO Measurement at current 3e-08
2022-04-22 14:16:12,284 INFO T:106.11Â°K V:1.1251e+01V I:3.0000e-08A R:3.7502e+08ğ›€ E:6.9413e+02V/cm J:1.2632e-06A/cm2 ğ›’:5.4952e+08ğ›€ cm
2022-04-22 14:16:12,306 INFO Measurement at current 3e-08
2022-04-22 14:16:12,918 INFO T:106.11Â°K V:1.1251e+01V I:3.0000e-08A R:3.7505e+08ğ›€ E:6.9417e+02V/cm J:1.2632e-06A/cm2 ğ›’:5.4955e+08ğ›€ cm
2022-04-22 14:16:12,931 INFO Measurement at current 3e-08
2022-04-22 14:16:13,521 INFO T:106.11Â°K V:1.1253e+01V I:3.0000e-08A R:3.7510e+08ğ›€ E:6.9427e+02V/cm J:1.2632e-06A/cm2 ğ›’:5.4963e+08ğ›€ cm
2022-04-22 14:16:13,535 INFO Measurement at current 3e-08
2022-04-22 14:16:14,129 INFO T:106.11Â°K V:1.1256e+01V I:3.0000e-08A R:3.7520e+08ğ›€ E:6.9447e+02V/cm J:1.2632e-06A/cm2 ğ›’:5.4979e+08ğ›€ cm
2022-04-22 14:16:14,150 INFO Measurement at current 3e-08
2022-04-22 14:16:14,759 INFO T:106.11Â°K V:1.1258e+01V I:3.0000e-08A R:3.7525e+08ğ›€ E:6.9455e+02V/cm J:1.2632e-06A/cm2 ğ›’:5.4985e+08ğ›€ cm
2022-04-22 14:16:14,782 INFO Measurement at current 3e-08
2022-04-22 14:16:15,380 INFO T:106.11Â°K V:1.1259e+01V I:3.0000e-08A R:3.7530e+08ğ›€ E:6.9464e+02V/cm J:1.2632e-06A/cm2 ğ›’:5.4992e+08ğ›€ cm
2022-04-22 14:16:15,396 INFO Measurement at current 3e-08
2022-04-22 14:16:15,984 INFO T:106.11Â°K V:1.1258e+01V I:3.0000e-08A R:3.7528e+08ğ›€ E:6.9461e+02V/cm J:1.2632e-06A/cm2 ğ›’:5.4990e+08ğ›€ cm
2022-04-22 14:16:16,002 INFO Measurement at current 3e-08
2022-04-22 14:16:16,611 INFO T:106.11Â°K V:1.1260e+01V I:3.0000e-08A R:3.7534e+08ğ›€ E:6.9472e+02V/cm J:1.2632e-06A/cm2 ğ›’:5.4999e+08ğ›€ cm
2022-04-22 14:16:16,634 INFO Measurement at current 3e-08
2022-04-22 14:16:17,235 INFO T:106.11Â°K V:1.1263e+01V I:3.0000e-08A R:3.7542e+08ğ›€ E:6.9487e+02V/cm J:1.2632e-06A/cm2 ğ›’:5.5011e+08ğ›€ cm
2022-04-22 14:16:17,257 INFO Measurement at current 3e-08
2022-04-22 14:16:17,858 INFO T:106.11Â°K V:1.1265e+01V I:3.0000e-08A R:3.7551e+08ğ›€ E:6.9503e+02V/cm J:1.2632e-06A/cm2 ğ›’:5.5023e+08ğ›€ cm
2022-04-22 14:16:17,871 INFO Measurement at current 3e-08
2022-04-22 14:16:18,482 INFO T:106.11Â°K V:1.1265e+01V I:3.0000e-08A R:3.7551e+08ğ›€ E:6.9503e+02V/cm J:1.2632e-06A/cm2 ğ›’:5.5024e+08ğ›€ cm
2022-04-22 14:16:18,498 INFO Measurement at current 3e-08
2022-04-22 14:16:19,095 INFO T:106.11Â°K V:1.1266e+01V I:3.0000e-08A R:3.7554e+08ğ›€ E:6.9508e+02V/cm J:1.2632e-06A/cm2 ğ›’:5.5027e+08ğ›€ cm
2022-04-22 14:16:19,113 INFO Measurement at current -3e-08
2022-04-22 14:16:19,712 INFO T:106.11Â°K V:7.9548e+00V I:-3.0000e-08A R:-2.6516e+08ğ›€ E:4.9079e+02V/cm J:-1.2632e-06A/cm2 ğ›’:-3.8854e+08ğ›€ cm
2022-04-22 14:16:19,732 INFO Measurement at current -3e-08
2022-04-22 14:16:20,337 INFO T:106.11Â°K V:-2.8447e+00V I:-3.0000e-08A R:9.4822e+07ğ›€ E:-1.7551e+02V/cm J:-1.2632e-06A/cm2 ğ›’:1.3894e+08ğ›€ cm
2022-04-22 14:16:20,367 INFO Measurement at current -3e-08
2022-04-22 14:16:20,966 INFO T:106.11Â°K V:-7.7657e+00V I:-3.0000e-08A R:2.5886e+08ğ›€ E:-4.7912e+02V/cm J:-1.2632e-06A/cm2 ğ›’:3.7930e+08ğ›€ cm
2022-04-22 14:16:20,983 INFO Measurement at current -3e-08
2022-04-22 14:16:21,584 INFO T:106.11Â°K V:-9.8537e+00V I:-3.0000e-08A R:3.2846e+08ğ›€ E:-6.0794e+02V/cm J:-1.2632e-06A/cm2 ğ›’:4.8129e+08ğ›€ cm
2022-04-22 14:16:21,613 INFO Measurement at current -3e-08
2022-04-22 14:16:22,212 INFO T:106.11Â°K V:-1.0752e+01V I:-3.0000e-08A R:3.5841e+08ğ›€ E:-6.6338e+02V/cm J:-1.2632e-06A/cm2 ğ›’:5.2517e+08ğ›€ cm
2022-04-22 14:16:22,235 INFO Measurement at current -3e-08
2022-04-22 14:16:22,836 INFO T:106.11Â°K V:-1.1143e+01V I:-3.0000e-08A R:3.7143e+08ğ›€ E:-6.8748e+02V/cm J:-1.2632e-06A/cm2 ğ›’:5.4425e+08ğ›€ cm
2022-04-22 14:16:22,858 INFO Measurement at current -3e-08
2022-04-22 14:16:23,462 INFO T:106.11Â°K V:-1.1314e+01V I:-3.0000e-08A R:3.7714e+08ğ›€ E:-6.9805e+02V/cm J:-1.2632e-06A/cm2 ğ›’:5.5263e+08ğ›€ cm
2022-04-22 14:16:23,476 INFO Measurement at current -3e-08
2022-04-22 14:16:24,067 INFO T:106.11Â°K V:-1.1391e+01V I:-3.0000e-08A R:3.7970e+08ğ›€ E:-7.0279e+02V/cm J:-1.2632e-06A/cm2 ğ›’:5.5638e+08ğ›€ cm
2022-04-22 14:16:24,079 INFO Measurement at current -3e-08
2022-04-22 14:16:24,663 INFO T:106.11Â°K V:-1.1428e+01V I:-3.0000e-08A R:3.8092e+08ğ›€ E:-7.0505e+02V/cm J:-1.2632e-06A/cm2 ğ›’:5.5817e+08ğ›€ cm
2022-04-22 14:16:24,678 INFO Measurement at current -3e-08
2022-04-22 14:16:25,269 INFO T:106.11Â°K V:-1.1449e+01V I:-3.0000e-08A R:3.8162e+08ğ›€ E:-7.0635e+02V/cm J:-1.2632e-06A/cm2 ğ›’:5.5919e+08ğ›€ cm
2022-04-22 14:16:25,287 INFO Measurement at current -3e-08
2022-04-22 14:16:25,882 INFO T:106.10Â°K V:-1.1460e+01V I:-3.0000e-08A R:3.8201e+08ğ›€ E:-7.0707e+02V/cm J:-1.2632e-06A/cm2 ğ›’:5.5976e+08ğ›€ cm
2022-04-22 14:16:25,905 INFO Measurement at current -3e-08
2022-04-22 14:16:26,511 INFO T:106.10Â°K V:-1.1469e+01V I:-3.0000e-08A R:3.8229e+08ğ›€ E:-7.0758e+02V/cm J:-1.2632e-06A/cm2 ğ›’:5.6016e+08ğ›€ cm
2022-04-22 14:16:26,539 INFO Measurement at current -3e-08
2022-04-22 14:16:27,150 INFO T:106.11Â°K V:-1.1464e+01V I:-3.0000e-08A R:3.8213e+08ğ›€ E:-7.0729e+02V/cm J:-1.2632e-06A/cm2 ğ›’:5.5994e+08ğ›€ cm
2022-04-22 14:16:27,169 INFO Measurement at current -3e-08
2022-04-22 14:16:27,763 INFO T:106.11Â°K V:-1.1473e+01V I:-3.0000e-08A R:3.8244e+08ğ›€ E:-7.0787e+02V/cm J:-1.2632e-06A/cm2 ğ›’:5.6040e+08ğ›€ cm
2022-04-22 14:16:27,777 INFO Measurement at current -3e-08
2022-04-22 14:16:28,381 INFO T:106.10Â°K V:-1.1472e+01V I:-3.0000e-08A R:3.8240e+08ğ›€ E:-7.0779e+02V/cm J:-1.2632e-06A/cm2 ğ›’:5.6033e+08ğ›€ cm
2022-04-22 14:16:28,400 INFO Measurement at current -3e-08
2022-04-22 14:16:29,000 INFO T:106.10Â°K V:-1.1493e+01V I:-3.0000e-08A R:3.8311e+08ğ›€ E:-7.0910e+02V/cm J:-1.2632e-06A/cm2 ğ›’:5.6137e+08ğ›€ cm
2022-04-22 14:16:29,032 INFO Measurement at current -3e-08
2022-04-22 14:16:29,629 INFO T:106.10Â°K V:-1.1485e+01V I:-3.0000e-08A R:3.8283e+08ğ›€ E:-7.0857e+02V/cm J:-1.2632e-06A/cm2 ğ›’:5.6095e+08ğ›€ cm
2022-04-22 14:16:29,653 INFO Measurement at current -3e-08
2022-04-22 14:16:30,243 INFO T:106.10Â°K V:-1.1506e+01V I:-3.0000e-08A R:3.8352e+08ğ›€ E:-7.0986e+02V/cm J:-1.2632e-06A/cm2 ğ›’:5.6197e+08ğ›€ cm
2022-04-22 14:16:30,264 INFO Measurement at current -3e-08
2022-04-22 14:16:30,856 INFO T:106.10Â°K V:-1.1503e+01V I:-3.0000e-08A R:3.8344e+08ğ›€ E:-7.0971e+02V/cm J:-1.2632e-06A/cm2 ğ›’:5.6185e+08ğ›€ cm
2022-04-22 14:16:30,868 INFO Measurement at current -3e-08
2022-04-22 14:16:31,462 INFO T:106.10Â°K V:-1.1497e+01V I:-3.0000e-08A R:3.8322e+08ğ›€ E:-7.0930e+02V/cm J:-1.2632e-06A/cm2 ğ›’:5.6153e+08ğ›€ cm
2022-04-22 14:16:31,487 INFO Measurement at current -3e-08
2022-04-22 14:16:32,089 INFO T:106.10Â°K V:-1.1490e+01V I:-3.0000e-08A R:3.8298e+08ğ›€ E:-7.0887e+02V/cm J:-1.2632e-06A/cm2 ğ›’:5.6119e+08ğ›€ cm
2022-04-22 14:16:32,116 INFO Measurement at current -3e-08
2022-04-22 14:16:32,712 INFO T:106.10Â°K V:-1.1490e+01V I:-3.0000e-08A R:3.8301e+08ğ›€ E:-7.0892e+02V/cm J:-1.2632e-06A/cm2 ğ›’:5.6123e+08ğ›€ cm
2022-04-22 14:16:32,728 INFO Measurement at current -3e-08
2022-04-22 14:16:33,324 INFO T:106.10Â°K V:-1.1499e+01V I:-3.0000e-08A R:3.8329e+08ğ›€ E:-7.0944e+02V/cm J:-1.2632e-06A/cm2 ğ›’:5.6164e+08ğ›€ cm
2022-04-22 14:16:33,365 INFO Measurement at current -3e-08
2022-04-22 14:16:33,957 INFO T:106.10Â°K V:-1.1497e+01V I:-3.0000e-08A R:3.8325e+08ğ›€ E:-7.0936e+02V/cm J:-1.2632e-06A/cm2 ğ›’:5.6157e+08ğ›€ cm
2022-04-22 14:16:33,974 INFO Measurement at current 3e-08
2022-04-22 14:16:34,561 INFO T:106.10Â°K V:-8.1824e+00V I:3.0000e-08A R:-2.7275e+08ğ›€ E:-5.0483e+02V/cm J:1.2632e-06A/cm2 ğ›’:-3.9966e+08ğ›€ cm
2022-04-22 14:16:34,607 INFO Measurement at current 3e-08
2022-04-22 14:16:35,214 INFO T:106.10Â°K V:2.8408e+00V I:3.0000e-08A R:9.4695e+07ğ›€ E:1.7527e+02V/cm J:1.2632e-06A/cm2 ğ›’:1.3876e+08ğ›€ cm
2022-04-22 14:16:35,239 INFO Measurement at current 3e-08
2022-04-22 14:16:35,824 INFO T:106.10Â°K V:7.6504e+00V I:3.0000e-08A R:2.5501e+08ğ›€ E:4.7200e+02V/cm J:1.2632e-06A/cm2 ğ›’:3.7367e+08ğ›€ cm
2022-04-22 14:16:35,843 INFO Measurement at current 3e-08
2022-04-22 14:16:36,438 INFO T:106.10Â°K V:9.6872e+00V I:3.0000e-08A R:3.2291e+08ğ›€ E:5.9767e+02V/cm J:1.2632e-06A/cm2 ğ›’:4.7315e+08ğ›€ cm
2022-04-22 14:16:36,452 INFO Measurement at current 3e-08
2022-04-22 14:16:37,038 INFO T:106.10Â°K V:1.0539e+01V I:3.0000e-08A R:3.5129e+08ğ›€ E:6.5021e+02V/cm J:1.2632e-06A/cm2 ğ›’:5.1475e+08ğ›€ cm
2022-04-22 14:16:37,060 INFO Measurement at current 3e-08
2022-04-22 14:16:37,645 INFO T:106.10Â°K V:1.0936e+01V I:3.0000e-08A R:3.6454e+08ğ›€ E:6.7473e+02V/cm J:1.2632e-06A/cm2 ğ›’:5.3416e+08ğ›€ cm
2022-04-22 14:16:38,698 INFO Measurement at current 3e-08
2022-04-22 14:16:39,319 INFO T:106.10Â°K V:1.1197e+01V I:3.0000e-08A R:3.7322e+08ğ›€ E:6.9079e+02V/cm J:1.2632e-06A/cm2 ğ›’:5.4688e+08ğ›€ cm
2022-04-22 14:16:39,347 INFO Measurement at current 3e-08
2022-04-22 14:16:39,961 INFO T:106.10Â°K V:1.1218e+01V I:3.0000e-08A R:3.7393e+08ğ›€ E:6.9210e+02V/cm J:1.2632e-06A/cm2 ğ›’:5.4792e+08ğ›€ cm
2022-04-22 14:16:39,989 INFO Measurement at current 3e-08
2022-04-22 14:16:40,588 INFO T:106.10Â°K V:1.1228e+01V I:3.0000e-08A R:3.7428e+08ğ›€ E:6.9276e+02V/cm J:1.2632e-06A/cm2 ğ›’:5.4843e+08ğ›€ cm
2022-04-22 14:16:40,602 INFO Measurement at current 3e-08
2022-04-22 14:16:41,191 INFO T:106.10Â°K V:1.1237e+01V I:3.0000e-08A R:3.7455e+08ğ›€ E:6.9326e+02V/cm J:1.2632e-06A/cm2 ğ›’:5.4883e+08ğ›€ cm
2022-04-22 14:16:41,217 INFO Measurement at current 3e-08
2022-04-22 14:16:41,814 INFO T:106.10Â°K V:1.1244e+01V I:3.0000e-08A R:3.7478e+08ğ›€ E:6.9369e+02V/cm J:1.2632e-06A/cm2 ğ›’:5.4917e+08ğ›€ cm
2022-04-22 14:16:41,833 INFO Measurement at current 3e-08
2022-04-22 14:16:42,446 INFO T:106.10Â°K V:1.1247e+01V I:3.0000e-08A R:3.7490e+08ğ›€ E:6.9390e+02V/cm J:1.2632e-06A/cm2 ğ›’:5.4934e+08ğ›€ cm
2022-04-22 14:16:42,478 INFO Measurement at current 3e-08
2022-04-22 14:16:43,068 INFO T:106.10Â°K V:1.1253e+01V I:3.0000e-08A R:3.7511e+08ğ›€ E:6.9430e+02V/cm J:1.2632e-06A/cm2 ğ›’:5.4965e+08ğ›€ cm
2022-04-22 14:16:43,092 INFO Measurement at current 3e-08
2022-04-22 14:16:43,694 INFO T:106.09Â°K V:1.1257e+01V I:3.0000e-08A R:3.7522e+08ğ›€ E:6.9450e+02V/cm J:1.2632e-06A/cm2 ğ›’:5.4982e+08ğ›€ cm
2022-04-22 14:16:43,713 INFO Measurement at current 3e-08
2022-04-22 14:16:44,309 INFO T:106.09Â°K V:1.1259e+01V I:3.0000e-08A R:3.7530e+08ğ›€ E:6.9465e+02V/cm J:1.2632e-06A/cm2 ğ›’:5.4993e+08ğ›€ cm
2022-04-22 14:16:44,343 INFO Measurement at current 3e-08
2022-04-22 14:16:44,947 INFO T:106.09Â°K V:1.1262e+01V I:3.0000e-08A R:3.7540e+08ğ›€ E:6.9482e+02V/cm J:1.2632e-06A/cm2 ğ›’:5.5007e+08ğ›€ cm
2022-04-22 14:16:44,966 INFO Measurement at current 3e-08
2022-04-22 14:16:45,633 INFO T:106.09Â°K V:1.1263e+01V I:3.0000e-08A R:3.7543e+08ğ›€ E:6.9488e+02V/cm J:1.2632e-06A/cm2 ğ›’:5.5011e+08ğ›€ cm
2022-04-22 14:16:45,734 INFO Measurement at current 3e-08
2022-04-22 14:16:46,333 INFO T:106.09Â°K V:1.1271e+01V I:3.0000e-08A R:3.7570e+08ğ›€ E:6.9538e+02V/cm J:1.2632e-06A/cm2 ğ›’:5.5051e+08ğ›€ cm
2022-04-22 14:16:46,420 INFO Measurement at current 3e-08
2022-04-22 14:16:47,010 INFO T:106.09Â°K V:1.1272e+01V I:3.0000e-08A R:3.7574e+08ğ›€ E:6.9547e+02V/cm J:1.2632e-06A/cm2 ğ›’:5.5058e+08ğ›€ cm
2022-04-22 14:16:47,033 INFO Measurement at current 3e-08
2022-04-22 14:16:47,638 INFO T:106.09Â°K V:1.1275e+01V I:3.0000e-08A R:3.7582e+08ğ›€ E:6.9560e+02V/cm J:1.2632e-06A/cm2 ğ›’:5.5068e+08ğ›€ cm
2022-04-22 14:16:47,659 INFO Measurement at current 3e-08
2022-04-22 14:16:48,245 INFO T:106.09Â°K V:1.1275e+01V I:3.0000e-08A R:3.7582e+08ğ›€ E:6.9561e+02V/cm J:1.2632e-06A/cm2 ğ›’:5.5069e+08ğ›€ cm
2022-04-22 14:16:48,259 INFO Measurement at current 3e-08
2022-04-22 14:16:48,856 INFO T:106.09Â°K V:1.1274e+01V I:3.0000e-08A R:3.7580e+08ğ›€ E:6.9558e+02V/cm J:1.2632e-06A/cm2 ğ›’:5.5066e+08ğ›€ cm
2022-04-22 14:16:48,873 INFO Measurement at current 3e-08
2022-04-22 14:16:49,460 INFO T:106.09Â°K V:1.1274e+01V I:3.0000e-08A R:3.7582e+08ğ›€ E:6.9560e+02V/cm J:1.2632e-06A/cm2 ğ›’:5.5068e+08ğ›€ cm
2022-04-22 14:16:49,478 INFO Measurement at current 3e-08
2022-04-22 14:16:50,069 INFO T:106.09Â°K V:1.1276e+01V I:3.0000e-08A R:3.7587e+08ğ›€ E:6.9569e+02V/cm J:1.2632e-06A/cm2 ğ›’:5.5076e+08ğ›€ cm
2022-04-22 14:16:50,099 INFO Measurement at current 3e-08
2022-04-22 14:16:50,711 INFO T:106.09Â°K V:1.1278e+01V I:3.0000e-08A R:3.7592e+08ğ›€ E:6.9580e+02V/cm J:1.2632e-06A/cm2 ğ›’:5.5084e+08ğ›€ cm
2022-04-22 14:16:50,742 INFO Measurement at current 3e-08
2022-04-22 14:16:51,336 INFO T:106.09Â°K V:1.1279e+01V I:3.0000e-08A R:3.7597e+08ğ›€ E:6.9589e+02V/cm J:1.2632e-06A/cm2 ğ›’:5.5091e+08ğ›€ cm
2022-04-22 14:16:51,361 INFO Measurement at current -3e-08
2022-04-22 14:16:51,960 INFO T:106.09Â°K V:7.6613e+00V I:-3.0000e-08A R:-2.5538e+08ğ›€ E:4.7268e+02V/cm J:-1.2632e-06A/cm2 ğ›’:-3.7420e+08ğ›€ cm
2022-04-22 14:16:51,975 INFO Measurement at current -3e-08
2022-04-22 14:16:52,570 INFO T:106.09Â°K V:-2.9085e+00V I:-3.0000e-08A R:9.6950e+07ğ›€ E:-1.7945e+02V/cm J:-1.2632e-06A/cm2 ğ›’:1.4206e+08ğ›€ cm
2022-04-22 14:16:52,614 INFO Measurement at current -3e-08
2022-04-22 14:16:53,240 INFO T:106.09Â°K V:-7.8199e+00V I:-3.0000e-08A R:2.6066e+08ğ›€ E:-4.8247e+02V/cm J:-1.2632e-06A/cm2 ğ›’:3.8195e+08ğ›€ cm
2022-04-22 14:16:53,330 INFO Measurement at current -3e-08
2022-04-22 14:16:54,027 INFO T:106.09Â°K V:-1.0130e+01V I:-3.0000e-08A R:3.3765e+08ğ›€ E:-6.2496e+02V/cm J:-1.2632e-06A/cm2 ğ›’:4.9476e+08ğ›€ cm
2022-04-22 14:16:54,088 INFO Measurement at current -3e-08
2022-04-22 14:16:54,708 INFO T:106.09Â°K V:-1.0968e+01V I:-3.0000e-08A R:3.6559e+08ğ›€ E:-6.7667e+02V/cm J:-1.2632e-06A/cm2 ğ›’:5.3569e+08ğ›€ cm
2022-04-22 14:16:54,732 INFO Measurement at current -3e-08
2022-04-22 14:16:55,340 INFO T:106.09Â°K V:-1.1256e+01V I:-3.0000e-08A R:3.7521e+08ğ›€ E:-6.9447e+02V/cm J:-1.2632e-06A/cm2 ğ›’:5.4979e+08ğ›€ cm
2022-04-22 14:16:55,361 INFO Measurement at current -3e-08
2022-04-22 14:16:55,965 INFO T:106.09Â°K V:-1.1376e+01V I:-3.0000e-08A R:3.7921e+08ğ›€ E:-7.0188e+02V/cm J:-1.2632e-06A/cm2 ğ›’:5.5566e+08ğ›€ cm
2022-04-22 14:16:55,989 INFO Measurement at current -3e-08
2022-04-22 14:16:56,587 INFO T:106.09Â°K V:-1.1434e+01V I:-3.0000e-08A R:3.8115e+08ğ›€ E:-7.0547e+02V/cm J:-1.2632e-06A/cm2 ğ›’:5.5850e+08ğ›€ cm
2022-04-22 14:16:56,601 INFO Measurement at current -3e-08
2022-04-22 14:16:57,183 INFO T:106.09Â°K V:-1.1461e+01V I:-3.0000e-08A R:3.8204e+08ğ›€ E:-7.0711e+02V/cm J:-1.2632e-06A/cm2 ğ›’:5.5980e+08ğ›€ cm
2022-04-22 14:16:57,198 INFO Measurement at current -3e-08
2022-04-22 14:16:57,784 INFO T:106.09Â°K V:-1.1479e+01V I:-3.0000e-08A R:3.8262e+08ğ›€ E:-7.0819e+02V/cm J:-1.2632e-06A/cm2 ğ›’:5.6065e+08ğ›€ cm
2022-04-22 14:16:57,798 INFO Measurement at current -3e-08
2022-04-22 14:16:58,392 INFO T:106.09Â°K V:-1.1490e+01V I:-3.0000e-08A R:3.8300e+08ğ›€ E:-7.0890e+02V/cm J:-1.2632e-06A/cm2 ğ›’:5.6122e+08ğ›€ cm
2022-04-22 14:16:58,454 INFO Measurement at current -3e-08
2022-04-22 14:16:59,093 INFO T:106.09Â°K V:-1.1497e+01V I:-3.0000e-08A R:3.8322e+08ğ›€ E:-7.0930e+02V/cm J:-1.2632e-06A/cm2 ğ›’:5.6153e+08ğ›€ cm
2022-04-22 14:16:59,129 INFO Measurement at current -3e-08
2022-04-22 14:16:59,768 INFO T:106.08Â°K V:-1.1502e+01V I:-3.0000e-08A R:3.8339e+08ğ›€ E:-7.0963e+02V/cm J:-1.2632e-06A/cm2 ğ›’:5.6179e+08ğ›€ cm
2022-04-22 14:16:59,878 INFO Measurement at current -3e-08
2022-04-22 14:17:00,507 INFO T:106.08Â°K V:-1.1506e+01V I:-3.0000e-08A R:3.8353e+08ğ›€ E:-7.0987e+02V/cm J:-1.2632e-06A/cm2 ğ›’:5.6198e+08ğ›€ cm
2022-04-22 14:17:00,529 INFO Measurement at current -3e-08
2022-04-22 14:17:01,145 INFO T:106.08Â°K V:-1.1512e+01V I:-3.0000e-08A R:3.8372e+08ğ›€ E:-7.1023e+02V/cm J:-1.2632e-06A/cm2 ğ›’:5.6226e+08ğ›€ cm
2022-04-22 14:17:01,231 INFO Measurement at current -3e-08
2022-04-22 14:17:01,830 INFO T:106.08Â°K V:-1.1516e+01V I:-3.0000e-08A R:3.8386e+08ğ›€ E:-7.1048e+02V/cm J:-1.2632e-06A/cm2 ğ›’:5.6247e+08ğ›€ cm
2022-04-22 14:17:01,879 INFO Measurement at current -3e-08
2022-04-22 14:17:02,481 INFO T:106.08Â°K V:-1.1519e+01V I:-3.0000e-08A R:3.8396e+08ğ›€ E:-7.1068e+02V/cm J:-1.2632e-06A/cm2 ğ›’:5.6262e+08ğ›€ cm
2022-04-22 14:17:02,500 INFO Measurement at current -3e-08
2022-04-22 14:17:03,090 INFO T:106.08Â°K V:-1.1519e+01V I:-3.0000e-08A R:3.8397e+08ğ›€ E:-7.1069e+02V/cm J:-1.2632e-06A/cm2 ğ›’:5.6263e+08ğ›€ cm
2022-04-22 14:17:03,102 INFO Measurement at current -3e-08
2022-04-22 14:17:03,690 INFO T:106.08Â°K V:-1.1523e+01V I:-3.0000e-08A R:3.8408e+08ğ›€ E:-7.1090e+02V/cm J:-1.2632e-06A/cm2 ğ›’:5.6280e+08ğ›€ cm
2022-04-22 14:17:03,706 INFO Measurement at current -3e-08
2022-04-22 14:17:04,289 INFO T:106.08Â°K V:-1.1528e+01V I:-3.0000e-08A R:3.8426e+08ğ›€ E:-7.1123e+02V/cm J:-1.2632e-06A/cm2 ğ›’:5.6305e+08ğ›€ cm
2022-04-22 14:17:04,303 INFO Measurement at current -3e-08
2022-04-22 14:17:04,894 INFO T:106.08Â°K V:-1.1531e+01V I:-3.0000e-08A R:3.8437e+08ğ›€ E:-7.1143e+02V/cm J:-1.2632e-06A/cm2 ğ›’:5.6322e+08ğ›€ cm
2022-04-22 14:17:04,913 INFO Measurement at current -3e-08
2022-04-22 14:17:05,499 INFO T:106.08Â°K V:-1.1532e+01V I:-3.0000e-08A R:3.8439e+08ğ›€ E:-7.1147e+02V/cm J:-1.2632e-06A/cm2 ğ›’:5.6325e+08ğ›€ cm
2022-04-22 14:17:05,515 INFO Measurement at current -3e-08
2022-04-22 14:17:06,119 INFO T:106.08Â°K V:-1.1532e+01V I:-3.0000e-08A R:3.8441e+08ğ›€ E:-7.1151e+02V/cm J:-1.2632e-06A/cm2 ğ›’:5.6328e+08ğ›€ cm
2022-04-22 14:17:06,153 INFO Measurement at current -3e-08
2022-04-22 14:17:06,786 INFO T:106.08Â°K V:-1.1533e+01V I:-3.0000e-08A R:3.8443e+08ğ›€ E:-7.1155e+02V/cm J:-1.2632e-06A/cm2 ğ›’:5.6331e+08ğ›€ cm
2022-04-22 14:17:06,816 INFO Measurement at current 3e-08
2022-04-22 14:17:07,420 INFO T:106.08Â°K V:-7.9074e+00V I:3.0000e-08A R:-2.6358e+08ğ›€ E:-4.8786e+02V/cm J:1.2632e-06A/cm2 ğ›’:-3.8623e+08ğ›€ cm
2022-04-22 14:17:07,462 INFO Measurement at current 3e-08
2022-04-22 14:17:08,056 INFO T:106.08Â°K V:2.9976e+00V I:3.0000e-08A R:9.9919e+07ğ›€ E:1.8494e+02V/cm J:1.2632e-06A/cm2 ğ›’:1.4641e+08ğ›€ cm
2022-04-22 14:17:08,070 INFO Measurement at current 3e-08
2022-04-22 14:17:08,653 INFO T:106.08Â°K V:7.5942e+00V I:3.0000e-08A R:2.5314e+08ğ›€ E:4.6854e+02V/cm J:1.2632e-06A/cm2 ğ›’:3.7093e+08ğ›€ cm
2022-04-22 14:17:08,666 INFO Measurement at current 3e-08
2022-04-22 14:17:09,261 INFO T:106.08Â°K V:9.6440e+00V I:3.0000e-08A R:3.2147e+08ğ›€ E:5.9500e+02V/cm J:1.2632e-06A/cm2 ğ›’:4.7105e+08ğ›€ cm
2022-04-22 14:17:09,282 INFO Measurement at current 3e-08
2022-04-22 14:17:09,896 INFO T:106.08Â°K V:1.0552e+01V I:3.0000e-08A R:3.5174e+08ğ›€ E:6.5103e+02V/cm J:1.2632e-06A/cm2 ğ›’:5.1540e+08ğ›€ cm
2022-04-22 14:17:09,912 INFO Measurement at current 3e-08
2022-04-22 14:17:10,550 INFO T:106.08Â°K V:1.0948e+01V I:3.0000e-08A R:3.6494e+08ğ›€ E:6.7546e+02V/cm J:1.2632e-06A/cm2 ğ›’:5.3474e+08ğ›€ cm
2022-04-22 14:17:10,569 INFO Measurement at current 3e-08
2022-04-22 14:17:11,162 INFO T:106.07Â°K V:1.1124e+01V I:3.0000e-08A R:3.7081e+08ğ›€ E:6.8632e+02V/cm J:1.2632e-06A/cm2 ğ›’:5.4334e+08ğ›€ cm
2022-04-22 14:17:11,180 INFO Measurement at current 3e-08
2022-04-22 14:17:11,768 INFO T:106.08Â°K V:1.1196e+01V I:3.0000e-08A R:3.7320e+08ğ›€ E:6.9076e+02V/cm J:1.2632e-06A/cm2 ğ›’:5.4685e+08ğ›€ cm
2022-04-22 14:17:11,781 INFO Measurement at current 3e-08
2022-04-22 14:17:12,373 INFO T:106.08Â°K V:1.1230e+01V I:3.0000e-08A R:3.7434e+08ğ›€ E:6.9287e+02V/cm J:1.2632e-06A/cm2 ğ›’:5.4852e+08ğ›€ cm
2022-04-22 14:17:12,391 INFO Measurement at current 3e-08
2022-04-22 14:17:12,978 INFO T:106.08Â°K V:1.1247e+01V I:3.0000e-08A R:3.7489e+08ğ›€ E:6.9388e+02V/cm J:1.2632e-06A/cm2 ğ›’:5.4932e+08ğ›€ cm
2022-04-22 14:17:13,001 INFO Measurement at current 3e-08
2022-04-22 14:17:13,606 INFO T:106.08Â°K V:1.1258e+01V I:3.0000e-08A R:3.7527e+08ğ›€ E:6.9459e+02V/cm J:1.2632e-06A/cm2 ğ›’:5.4989e+08ğ›€ cm
2022-04-22 14:17:13,629 INFO Measurement at current 3e-08
2022-04-22 14:17:14,233 INFO T:106.08Â°K V:1.1267e+01V I:3.0000e-08A R:3.7555e+08ğ›€ E:6.9511e+02V/cm J:1.2632e-06A/cm2 ğ›’:5.5030e+08ğ›€ cm
2022-04-22 14:17:14,249 INFO Measurement at current 3e-08
2022-04-22 14:17:14,850 INFO T:106.07Â°K V:1.1276e+01V I:3.0000e-08A R:3.7586e+08ğ›€ E:6.9568e+02V/cm J:1.2632e-06A/cm2 ğ›’:5.5075e+08ğ›€ cm
2022-04-22 14:17:14,889 INFO Measurement at current 3e-08
2022-04-22 14:17:15,493 INFO T:106.08Â°K V:1.1279e+01V I:3.0000e-08A R:3.7596e+08ğ›€ E:6.9586e+02V/cm J:1.2632e-06A/cm2 ğ›’:5.5089e+08ğ›€ cm
2022-04-22 14:17:15,525 INFO Measurement at current 3e-08
2022-04-22 14:17:16,126 INFO T:106.08Â°K V:1.1281e+01V I:3.0000e-08A R:3.7605e+08ğ›€ E:6.9602e+02V/cm J:1.2632e-06A/cm2 ğ›’:5.5102e+08ğ›€ cm
2022-04-22 14:17:16,142 INFO Measurement at current 3e-08
2022-04-22 14:17:16,743 INFO T:106.08Â°K V:1.1285e+01V I:3.0000e-08A R:3.7615e+08ğ›€ E:6.9622e+02V/cm J:1.2632e-06A/cm2 ğ›’:5.5117e+08ğ›€ cm
2022-04-22 14:17:16,781 INFO Measurement at current 3e-08
2022-04-22 14:17:17,386 INFO T:106.07Â°K V:1.1287e+01V I:3.0000e-08A R:3.7624e+08ğ›€ E:6.9639e+02V/cm J:1.2632e-06A/cm2 ğ›’:5.5131e+08ğ›€ cm
2022-04-22 14:17:17,409 INFO Measurement at current 3e-08
2022-04-22 14:17:18,046 INFO T:106.07Â°K V:1.1291e+01V I:3.0000e-08A R:3.7635e+08ğ›€ E:6.9659e+02V/cm J:1.2632e-06A/cm2 ğ›’:5.5147e+08ğ›€ cm
2022-04-22 14:17:18,077 INFO Measurement at current 3e-08
2022-04-22 14:17:18,718 INFO T:106.07Â°K V:1.1293e+01V I:3.0000e-08A R:3.7643e+08ğ›€ E:6.9674e+02V/cm J:1.2632e-06A/cm2 ğ›’:5.5159e+08ğ›€ cm
2022-04-22 14:17:18,773 INFO Measurement at current 3e-08
2022-04-22 14:17:19,385 INFO T:106.07Â°K V:1.1297e+01V I:3.0000e-08A R:3.7658e+08ğ›€ E:6.9702e+02V/cm J:1.2632e-06A/cm2 ğ›’:5.5181e+08ğ›€ cm
2022-04-22 14:17:19,433 INFO Measurement at current 3e-08
2022-04-22 14:17:20,033 INFO T:106.07Â°K V:1.1300e+01V I:3.0000e-08A R:3.7666e+08ğ›€ E:6.9717e+02V/cm J:1.2632e-06A/cm2 ğ›’:5.5193e+08ğ›€ cm
2022-04-22 14:17:20,047 INFO Measurement at current 3e-08
2022-04-22 14:17:20,632 INFO T:106.07Â°K V:1.1299e+01V I:3.0000e-08A R:3.7665e+08ğ›€ E:6.9714e+02V/cm J:1.2632e-06A/cm2 ğ›’:5.5190e+08ğ›€ cm
2022-04-22 14:17:20,656 INFO Measurement at current 3e-08
2022-04-22 14:17:21,257 INFO T:106.07Â°K V:1.1299e+01V I:3.0000e-08A R:3.7665e+08ğ›€ E:6.9714e+02V/cm J:1.2632e-06A/cm2 ğ›’:5.5190e+08ğ›€ cm
2022-04-22 14:17:21,281 INFO Measurement at current 3e-08
2022-04-22 14:17:21,881 INFO T:106.07Â°K V:1.1303e+01V I:3.0000e-08A R:3.7677e+08ğ›€ E:6.9736e+02V/cm J:1.2632e-06A/cm2 ğ›’:5.5208e+08ğ›€ cm
2022-04-22 14:17:21,899 INFO Measurement at current 3e-08
2022-04-22 14:17:22,492 INFO T:106.07Â°K V:1.1305e+01V I:3.0000e-08A R:3.7685e+08ğ›€ E:6.9750e+02V/cm J:1.2632e-06A/cm2 ğ›’:5.5219e+08ğ›€ cm
2022-04-22 14:17:22,512 INFO Measurement at current 3e-08
2022-04-22 14:17:23,118 INFO T:106.07Â°K V:1.1307e+01V I:3.0000e-08A R:3.7690e+08ğ›€ E:6.9761e+02V/cm J:1.2632e-06A/cm2 ğ›’:5.5227e+08ğ›€ cm
2022-04-22 14:17:23,147 INFO Measurement at current -3e-08
2022-04-22 14:17:23,753 INFO T:106.07Â°K V:7.7006e+00V I:-3.0000e-08A R:-2.5669e+08ğ›€ E:4.7510e+02V/cm J:-1.2632e-06A/cm2 ğ›’:-3.7612e+08ğ›€ cm
2022-04-22 14:17:23,779 INFO Measurement at current -3e-08
2022-04-22 14:17:24,375 INFO T:106.07Â°K V:-3.0678e+00V I:-3.0000e-08A R:1.0226e+08ğ›€ E:-1.8927e+02V/cm J:-1.2632e-06A/cm2 ğ›’:1.4984e+08ğ›€ cm
2022-04-22 14:17:24,391 INFO Measurement at current -3e-08
2022-04-22 14:17:24,981 INFO T:106.07Â°K V:-7.7601e+00V I:-3.0000e-08A R:2.5867e+08ğ›€ E:-4.7877e+02V/cm J:-1.2632e-06A/cm2 ğ›’:3.7903e+08ğ›€ cm
2022-04-22 14:17:24,992 INFO Measurement at current -3e-08
2022-04-22 14:17:25,623 INFO T:106.07Â°K V:-9.8131e+00V I:-3.0000e-08A R:3.2710e+08ğ›€ E:-6.0543e+02V/cm J:-1.2632e-06A/cm2 ğ›’:4.7930e+08ğ›€ cm
2022-04-22 14:17:25,641 INFO Measurement at current -3e-08
2022-04-22 14:17:26,288 INFO T:106.07Â°K V:-1.0782e+01V I:-3.0000e-08A R:3.5940e+08ğ›€ E:-6.6522e+02V/cm J:-1.2632e-06A/cm2 ğ›’:5.2663e+08ğ›€ cm
2022-04-22 14:17:26,326 INFO Measurement at current -3e-08
2022-04-22 14:17:26,927 INFO T:106.07Â°K V:-1.1206e+01V I:-3.0000e-08A R:3.7352e+08ğ›€ E:-6.9135e+02V/cm J:-1.2632e-06A/cm2 ğ›’:5.4732e+08ğ›€ cm
2022-04-22 14:17:27,003 INFO Measurement at current -3e-08
2022-04-22 14:17:27,605 INFO T:106.07Â°K V:-1.1377e+01V I:-3.0000e-08A R:3.7923e+08ğ›€ E:-7.0192e+02V/cm J:-1.2632e-06A/cm2 ğ›’:5.5568e+08ğ›€ cm
2022-04-22 14:17:27,631 INFO Measurement at current -3e-08
2022-04-22 14:17:28,303 INFO T:106.07Â°K V:-1.1451e+01V I:-3.0000e-08A R:3.8169e+08ğ›€ E:-7.0646e+02V/cm J:-1.2632e-06A/cm2 ğ›’:5.5928e+08ğ›€ cm
2022-04-22 14:17:28,389 INFO Measurement at current -3e-08
2022-04-22 14:17:29,060 INFO T:106.07Â°K V:-1.1485e+01V I:-3.0000e-08A R:3.8284e+08ğ›€ E:-7.0860e+02V/cm J:-1.2632e-06A/cm2 ğ›’:5.6098e+08ğ›€ cm
2022-04-22 14:17:29,088 INFO Measurement at current -3e-08
2022-04-22 14:17:29,692 INFO T:106.07Â°K V:-1.1503e+01V I:-3.0000e-08A R:3.8342e+08ğ›€ E:-7.0967e+02V/cm J:-1.2632e-06A/cm2 ğ›’:5.6183e+08ğ›€ cm
2022-04-22 14:17:29,749 INFO Measurement at current -3e-08
2022-04-22 14:17:30,360 INFO T:106.07Â°K V:-1.1515e+01V I:-3.0000e-08A R:3.8384e+08ğ›€ E:-7.1044e+02V/cm J:-1.2632e-06A/cm2 ğ›’:5.6244e+08ğ›€ cm
2022-04-22 14:17:30,423 INFO Measurement at current -3e-08
2022-04-22 14:17:31,017 INFO T:106.07Â°K V:-1.1523e+01V I:-3.0000e-08A R:3.8411e+08ğ›€ E:-7.1095e+02V/cm J:-1.2632e-06A/cm2 ğ›’:5.6284e+08ğ›€ cm
2022-04-22 14:17:31,061 INFO Measurement at current -3e-08
2022-04-22 14:17:31,738 INFO T:106.07Â°K V:-1.1527e+01V I:-3.0000e-08A R:3.8422e+08ğ›€ E:-7.1116e+02V/cm J:-1.2632e-06A/cm2 ğ›’:5.6300e+08ğ›€ cm
2022-04-22 14:17:31,765 INFO Measurement at current -3e-08
2022-04-22 14:17:32,366 INFO T:106.07Â°K V:-1.1530e+01V I:-3.0000e-08A R:3.8435e+08ğ›€ E:-7.1139e+02V/cm J:-1.2632e-06A/cm2 ğ›’:5.6319e+08ğ›€ cm
2022-04-22 14:17:32,390 INFO Measurement at current -3e-08
2022-04-22 14:17:32,982 INFO T:106.07Â°K V:-1.1535e+01V I:-3.0000e-08A R:3.8451e+08ğ›€ E:-7.1169e+02V/cm J:-1.2632e-06A/cm2 ğ›’:5.6342e+08ğ›€ cm
2022-04-22 14:17:33,006 INFO Measurement at current -3e-08
2022-04-22 14:17:33,607 INFO T:106.07Â°K V:-1.1539e+01V I:-3.0000e-08A R:3.8465e+08ğ›€ E:-7.1195e+02V/cm J:-1.2632e-06A/cm2 ğ›’:5.6363e+08ğ›€ cm
2022-04-22 14:17:33,631 INFO Measurement at current -3e-08
2022-04-22 14:17:34,231 INFO T:106.07Â°K V:-1.1542e+01V I:-3.0000e-08A R:3.8474e+08ğ›€ E:-7.1212e+02V/cm J:-1.2632e-06A/cm2 ğ›’:5.6376e+08ğ›€ cm
2022-04-22 14:17:34,255 INFO Measurement at current -3e-08
2022-04-22 14:17:34,863 INFO T:106.07Â°K V:-1.1544e+01V I:-3.0000e-08A R:3.8479e+08ğ›€ E:-7.1221e+02V/cm J:-1.2632e-06A/cm2 ğ›’:5.6383e+08ğ›€ cm
2022-04-22 14:17:34,880 INFO Measurement at current -3e-08
2022-04-22 14:17:35,490 INFO T:106.06Â°K V:-1.1546e+01V I:-3.0000e-08A R:3.8487e+08ğ›€ E:-7.1236e+02V/cm J:-1.2632e-06A/cm2 ğ›’:5.6396e+08ğ›€ cm
2022-04-22 14:17:35,510 INFO Measurement at current -3e-08
2022-04-22 14:17:36,110 INFO T:106.06Â°K V:-1.1548e+01V I:-3.0000e-08A R:3.8492e+08ğ›€ E:-7.1244e+02V/cm J:-1.2632e-06A/cm2 ğ›’:5.6402e+08ğ›€ cm
2022-04-22 14:17:36,129 INFO Measurement at current -3e-08
2022-04-22 14:17:36,758 INFO T:106.06Â°K V:-1.1551e+01V I:-3.0000e-08A R:3.8502e+08ğ›€ E:-7.1264e+02V/cm J:-1.2632e-06A/cm2 ğ›’:5.6417e+08ğ›€ cm
2022-04-22 14:17:36,779 INFO Measurement at current -3e-08
2022-04-22 14:17:37,379 INFO T:106.06Â°K V:-1.1555e+01V I:-3.0000e-08A R:3.8518e+08ğ›€ E:-7.1293e+02V/cm J:-1.2632e-06A/cm2 ğ›’:5.6440e+08ğ›€ cm
2022-04-22 14:17:37,424 INFO Measurement at current -3e-08
2022-04-22 14:17:38,042 INFO T:106.06Â°K V:-1.1557e+01V I:-3.0000e-08A R:3.8522e+08ğ›€ E:-7.1300e+02V/cm J:-1.2632e-06A/cm2 ğ›’:5.6446e+08ğ›€ cm
2022-04-22 14:17:38,088 INFO Measurement at current -3e-08
2022-04-22 14:17:38,701 INFO T:106.06Â°K V:-1.1555e+01V I:-3.0000e-08A R:3.8517e+08ğ›€ E:-7.1291e+02V/cm J:-1.2632e-06A/cm2 ğ›’:5.6439e+08ğ›€ cm
2022-04-22 14:17:38,755 INFO Measurement at current 3e-08
2022-04-22 14:17:39,383 INFO T:106.06Â°K V:-6.9369e+00V I:3.0000e-08A R:-2.3123e+08ğ›€ E:-4.2798e+02V/cm J:1.2632e-06A/cm2 ğ›’:-3.3882e+08ğ›€ cm
2022-04-22 14:17:39,427 INFO Measurement at current 3e-08
2022-04-22 14:17:40,030 INFO T:106.06Â°K V:3.4136e+00V I:3.0000e-08A R:1.1379e+08ğ›€ E:2.1061e+02V/cm J:1.2632e-06A/cm2 ğ›’:1.6673e+08ğ›€ cm
2022-04-22 14:17:40,051 INFO Measurement at current 3e-08
2022-04-22 14:17:40,645 INFO T:106.06Â°K V:7.9087e+00V I:3.0000e-08A R:2.6362e+08ğ›€ E:4.8794e+02V/cm J:1.2632e-06A/cm2 ğ›’:3.8629e+08ğ›€ cm
2022-04-22 14:17:40,662 INFO Measurement at current 3e-08
2022-04-22 14:17:41,264 INFO T:106.06Â°K V:9.8078e+00V I:3.0000e-08A R:3.2693e+08ğ›€ E:6.0511e+02V/cm J:1.2632e-06A/cm2 ğ›’:4.7905e+08ğ›€ cm
2022-04-22 14:17:41,292 INFO Measurement at current 3e-08
2022-04-22 14:17:41,903 INFO T:106.06Â°K V:1.0668e+01V I:3.0000e-08A R:3.5559e+08ğ›€ E:6.5817e+02V/cm J:1.2632e-06A/cm2 ğ›’:5.2105e+08ğ›€ cm
2022-04-22 14:17:41,920 INFO Measurement at current 3e-08
2022-04-22 14:17:42,508 INFO T:106.06Â°K V:1.1004e+01V I:3.0000e-08A R:3.6681e+08ğ›€ E:6.7893e+02V/cm J:1.2632e-06A/cm2 ğ›’:5.3749e+08ğ›€ cm
2022-04-22 14:17:42,521 INFO Measurement at current 3e-08
2022-04-22 14:17:43,145 INFO T:106.06Â°K V:1.1151e+01V I:3.0000e-08A R:3.7169e+08ğ›€ E:6.8795e+02V/cm J:1.2632e-06A/cm2 ğ›’:5.4463e+08ğ›€ cm
2022-04-22 14:17:43,162 INFO Measurement at current 3e-08
2022-04-22 14:17:43,756 INFO T:106.06Â°K V:1.1225e+01V I:3.0000e-08A R:3.7416e+08ğ›€ E:6.9253e+02V/cm J:1.2632e-06A/cm2 ğ›’:5.4826e+08ğ›€ cm
2022-04-22 14:17:43,809 INFO Measurement at current 3e-08
2022-04-22 14:17:44,443 INFO T:106.06Â°K V:1.1262e+01V I:3.0000e-08A R:3.7539e+08ğ›€ E:6.9481e+02V/cm J:1.2632e-06A/cm2 ğ›’:5.5006e+08ğ›€ cm
2022-04-22 14:17:44,480 INFO Measurement at current 3e-08
2022-04-22 14:17:45,084 INFO T:106.06Â°K V:1.1278e+01V I:3.0000e-08A R:3.7593e+08ğ›€ E:6.9581e+02V/cm J:1.2632e-06A/cm2 ğ›’:5.5085e+08ğ›€ cm
2022-04-22 14:17:45,184 INFO Measurement at current 3e-08
2022-04-22 14:17:45,782 INFO T:106.06Â°K V:1.1289e+01V I:3.0000e-08A R:3.7632e+08ğ›€ E:6.9652e+02V/cm J:1.2632e-06A/cm2 ğ›’:5.5141e+08ğ›€ cm
2022-04-22 14:17:45,797 INFO Measurement at current 3e-08
2022-04-22 14:17:46,397 INFO T:106.06Â°K V:1.1296e+01V I:3.0000e-08A R:3.7652e+08ğ›€ E:6.9691e+02V/cm J:1.2632e-06A/cm2 ğ›’:5.5172e+08ğ›€ cm
2022-04-22 14:17:46,417 INFO Measurement at current 3e-08
2022-04-22 14:17:47,007 INFO T:106.06Â°K V:1.1300e+01V I:3.0000e-08A R:3.7666e+08ğ›€ E:6.9716e+02V/cm J:1.2632e-06A/cm2 ğ›’:5.5192e+08ğ›€ cm
2022-04-22 14:17:47,026 INFO Measurement at current 3e-08
2022-04-22 14:17:47,613 INFO T:106.06Â°K V:1.1304e+01V I:3.0000e-08A R:3.7680e+08ğ›€ E:6.9743e+02V/cm J:1.2632e-06A/cm2 ğ›’:5.5213e+08ğ›€ cm
2022-04-22 14:17:47,627 INFO Measurement at current 3e-08
2022-04-22 14:17:48,219 INFO T:106.06Â°K V:1.1308e+01V I:3.0000e-08A R:3.7693e+08ğ›€ E:6.9766e+02V/cm J:1.2632e-06A/cm2 ğ›’:5.5231e+08ğ›€ cm
2022-04-22 14:17:48,245 INFO Measurement at current 3e-08
2022-04-22 14:17:48,847 INFO T:106.06Â°K V:1.1312e+01V I:3.0000e-08A R:3.7706e+08ğ›€ E:6.9789e+02V/cm J:1.2632e-06A/cm2 ğ›’:5.5250e+08ğ›€ cm
2022-04-22 14:17:48,864 INFO Measurement at current 3e-08
2022-04-22 14:17:49,454 INFO T:106.06Â°K V:1.1315e+01V I:3.0000e-08A R:3.7715e+08ğ›€ E:6.9808e+02V/cm J:1.2632e-06A/cm2 ğ›’:5.5264e+08ğ›€ cm
2022-04-22 14:17:49,469 INFO Measurement at current 3e-08
2022-04-22 14:17:50,059 INFO T:106.06Â°K V:1.1317e+01V I:3.0000e-08A R:3.7723e+08ğ›€ E:6.9822e+02V/cm J:1.2632e-06A/cm2 ğ›’:5.5276e+08ğ›€ cm
2022-04-22 14:17:50,076 INFO Measurement at current 3e-08
2022-04-22 14:17:50,716 INFO T:106.06Â°K V:1.1324e+01V I:3.0000e-08A R:3.7746e+08ğ›€ E:6.9865e+02V/cm J:1.2632e-06A/cm2 ğ›’:5.5309e+08ğ›€ cm
2022-04-22 14:17:50,745 INFO Measurement at current 3e-08
2022-04-22 14:17:51,348 INFO T:106.06Â°K V:1.1324e+01V I:3.0000e-08A R:3.7745e+08ğ›€ E:6.9863e+02V/cm J:1.2632e-06A/cm2 ğ›’:5.5308e+08ğ›€ cm
2022-04-22 14:17:51,379 INFO Measurement at current 3e-08
2022-04-22 14:17:51,978 INFO T:106.06Â°K V:1.1325e+01V I:3.0000e-08A R:3.7750e+08ğ›€ E:6.9871e+02V/cm J:1.2632e-06A/cm2 ğ›’:5.5315e+08ğ›€ cm
2022-04-22 14:17:52,001 INFO Measurement at current 3e-08
2022-04-22 14:17:52,611 INFO T:106.06Â°K V:1.1328e+01V I:3.0000e-08A R:3.7759e+08ğ›€ E:6.9888e+02V/cm J:1.2632e-06A/cm2 ğ›’:5.5328e+08ğ›€ cm
2022-04-22 14:17:52,632 INFO Measurement at current 3e-08
2022-04-22 14:17:53,226 INFO T:106.06Â°K V:1.1328e+01V I:3.0000e-08A R:3.7761e+08ğ›€ E:6.9892e+02V/cm J:1.2632e-06A/cm2 ğ›’:5.5331e+08ğ›€ cm
2022-04-22 14:17:53,243 INFO Measurement at current 3e-08
2022-04-22 14:17:53,834 INFO T:106.06Â°K V:1.1328e+01V I:3.0000e-08A R:3.7759e+08ğ›€ E:6.9889e+02V/cm J:1.2632e-06A/cm2 ğ›’:5.5329e+08ğ›€ cm
2022-04-22 14:17:53,847 INFO Measurement at current 3e-08
2022-04-22 14:17:54,434 INFO T:106.06Â°K V:1.1332e+01V I:3.0000e-08A R:3.7774e+08ğ›€ E:6.9916e+02V/cm J:1.2632e-06A/cm2 ğ›’:5.5350e+08ğ›€ cm
2022-04-22 14:17:54,462 INFO Measurement at current 3e-08
2022-04-22 14:17:55,046 INFO T:106.06Â°K V:1.1332e+01V I:3.0000e-08A R:3.7774e+08ğ›€ E:6.9916e+02V/cm J:1.2632e-06A/cm2 ğ›’:5.5350e+08ğ›€ cm
2022-04-22 14:17:55,065 INFO Measurement at current -3e-08
2022-04-22 14:17:55,678 INFO T:106.06Â°K V:7.9128e+00V I:-3.0000e-08A R:-2.6376e+08ğ›€ E:4.8820e+02V/cm J:-1.2632e-06A/cm2 ğ›’:-3.8649e+08ğ›€ cm
2022-04-22 14:17:55,701 INFO Measurement at current -3e-08
2022-04-22 14:17:56,323 INFO T:106.06Â°K V:-3.0168e+00V I:-3.0000e-08A R:1.0056e+08ğ›€ E:-1.8613e+02V/cm J:-1.2632e-06A/cm2 ğ›’:1.4735e+08ğ›€ cm
2022-04-22 14:17:56,377 INFO Measurement at current -3e-08
2022-04-22 14:17:57,014 INFO T:106.05Â°K V:-8.1490e+00V I:-3.0000e-08A R:2.7163e+08ğ›€ E:-5.0277e+02V/cm J:-1.2632e-06A/cm2 ğ›’:3.9803e+08ğ›€ cm
2022-04-22 14:17:57,052 INFO Measurement at current -3e-08
2022-04-22 14:17:57,663 INFO T:106.05Â°K V:-1.0098e+01V I:-3.0000e-08A R:3.3661e+08ğ›€ E:-6.2304e+02V/cm J:-1.2632e-06A/cm2 ğ›’:4.9324e+08ğ›€ cm
2022-04-22 14:17:57,680 INFO Measurement at current -3e-08
2022-04-22 14:17:58,279 INFO T:106.05Â°K V:-1.0897e+01V I:-3.0000e-08A R:3.6322e+08ğ›€ E:-6.7229e+02V/cm J:-1.2632e-06A/cm2 ğ›’:5.3223e+08ğ›€ cm
2022-04-22 14:17:58,311 INFO Measurement at current -3e-08
2022-04-22 14:17:58,911 INFO T:106.05Â°K V:-1.1253e+01V I:-3.0000e-08A R:3.7510e+08ğ›€ E:-6.9428e+02V/cm J:-1.2632e-06A/cm2 ğ›’:5.4964e+08ğ›€ cm
2022-04-22 14:17:58,932 INFO Measurement at current -3e-08
2022-04-22 14:17:59,533 INFO T:106.05Â°K V:-1.1404e+01V I:-3.0000e-08A R:3.8012e+08ğ›€ E:-7.0357e+02V/cm J:-1.2632e-06A/cm2 ğ›’:5.5699e+08ğ›€ cm
2022-04-22 14:17:59,547 INFO Measurement at current -3e-08
2022-04-22 14:18:00,172 INFO T:106.05Â°K V:-1.1477e+01V I:-3.0000e-08A R:3.8255e+08ğ›€ E:-7.0807e+02V/cm J:-1.2632e-06A/cm2 ğ›’:5.6055e+08ğ›€ cm
2022-04-22 14:18:00,190 INFO Measurement at current -3e-08
2022-04-22 14:18:00,797 INFO T:106.05Â°K V:-1.1510e+01V I:-3.0000e-08A R:3.8366e+08ğ›€ E:-7.1011e+02V/cm J:-1.2632e-06A/cm2 ğ›’:5.6217e+08ğ›€ cm
2022-04-22 14:18:00,840 INFO Measurement at current -3e-08
2022-04-22 14:18:01,451 INFO T:106.05Â°K V:-1.1530e+01V I:-3.0000e-08A R:3.8433e+08ğ›€ E:-7.1136e+02V/cm J:-1.2632e-06A/cm2 ğ›’:5.6316e+08ğ›€ cm
2022-04-22 14:18:01,467 INFO Measurement at current -3e-08
2022-04-22 14:18:02,113 INFO T:106.05Â°K V:-1.1542e+01V I:-3.0000e-08A R:3.8475e+08ğ›€ E:-7.1213e+02V/cm J:-1.2632e-06A/cm2 ğ›’:5.6377e+08ğ›€ cm
2022-04-22 14:18:02,133 INFO Measurement at current -3e-08
2022-04-22 14:18:02,733 INFO T:106.05Â°K V:-1.1551e+01V I:-3.0000e-08A R:3.8504e+08ğ›€ E:-7.1267e+02V/cm J:-1.2632e-06A/cm2 ğ›’:5.6420e+08ğ›€ cm
2022-04-22 14:18:02,771 INFO Measurement at current -3e-08
2022-04-22 14:18:03,408 INFO T:106.05Â°K V:-1.1557e+01V I:-3.0000e-08A R:3.8523e+08ğ›€ E:-7.1303e+02V/cm J:-1.2632e-06A/cm2 ğ›’:5.6448e+08ğ›€ cm
2022-04-22 14:18:03,428 INFO Measurement at current -3e-08
2022-04-22 14:18:04,033 INFO T:106.05Â°K V:-1.1560e+01V I:-3.0000e-08A R:3.8532e+08ğ›€ E:-7.1319e+02V/cm J:-1.2632e-06A/cm2 ğ›’:5.6461e+08ğ›€ cm
2022-04-22 14:18:04,062 INFO Measurement at current -3e-08
2022-04-22 14:18:04,659 INFO T:106.04Â°K V:-1.1563e+01V I:-3.0000e-08A R:3.8543e+08ğ›€ E:-7.1339e+02V/cm J:-1.2632e-06A/cm2 ğ›’:5.6477e+08ğ›€ cm
2022-04-22 14:18:04,715 INFO Measurement at current -3e-08
2022-04-22 14:18:05,351 INFO T:106.05Â°K V:-1.1566e+01V I:-3.0000e-08A R:3.8554e+08ğ›€ E:-7.1359e+02V/cm J:-1.2632e-06A/cm2 ğ›’:5.6493e+08ğ›€ cm
2022-04-22 14:18:05,406 INFO Measurement at current -3e-08
2022-04-22 14:18:06,130 INFO T:106.05Â°K V:-1.1570e+01V I:-3.0000e-08A R:3.8566e+08ğ›€ E:-7.1382e+02V/cm J:-1.2632e-06A/cm2 ğ›’:5.6511e+08ğ›€ cm
2022-04-22 14:18:06,150 INFO Measurement at current -3e-08
2022-04-22 14:18:06,756 INFO T:106.05Â°K V:-1.1573e+01V I:-3.0000e-08A R:3.8576e+08ğ›€ E:-7.1400e+02V/cm J:-1.2632e-06A/cm2 ğ›’:5.6525e+08ğ›€ cm
2022-04-22 14:18:06,771 INFO Measurement at current -3e-08
2022-04-22 14:18:07,368 INFO T:106.05Â°K V:-1.1578e+01V I:-3.0000e-08A R:3.8592e+08ğ›€ E:-7.1431e+02V/cm J:-1.2632e-06A/cm2 ğ›’:5.6549e+08ğ›€ cm
2022-04-22 14:18:07,395 INFO Measurement at current -3e-08
2022-04-22 14:18:07,994 INFO T:106.05Â°K V:-1.1582e+01V I:-3.0000e-08A R:3.8607e+08ğ›€ E:-7.1459e+02V/cm J:-1.2632e-06A/cm2 ğ›’:5.6571e+08ğ›€ cm
2022-04-22 14:18:08,014 INFO Measurement at current -3e-08
2022-04-22 14:18:08,608 INFO T:106.05Â°K V:-1.1584e+01V I:-3.0000e-08A R:3.8613e+08ğ›€ E:-7.1469e+02V/cm J:-1.2632e-06A/cm2 ğ›’:5.6579e+08ğ›€ cm
2022-04-22 14:18:08,629 INFO Measurement at current -3e-08
2022-04-22 14:18:09,219 INFO T:106.05Â°K V:-1.1586e+01V I:-3.0000e-08A R:3.8620e+08ğ›€ E:-7.1481e+02V/cm J:-1.2632e-06A/cm2 ğ›’:5.6589e+08ğ›€ cm
2022-04-22 14:18:09,242 INFO Measurement at current -3e-08
2022-04-22 14:18:09,827 INFO T:106.05Â°K V:-1.1587e+01V I:-3.0000e-08A R:3.8622e+08ğ›€ E:-7.1485e+02V/cm J:-1.2632e-06A/cm2 ğ›’:5.6593e+08ğ›€ cm
2022-04-22 14:18:09,862 INFO Measurement at current -3e-08
2022-04-22 14:18:10,453 INFO T:106.05Â°K V:-1.1589e+01V I:-3.0000e-08A R:3.8629e+08ğ›€ E:-7.1499e+02V/cm J:-1.2632e-06A/cm2 ğ›’:5.6603e+08ğ›€ cm
2022-04-22 14:18:10,482 INFO Measurement at current 3e-08
2022-04-22 14:18:11,080 INFO T:106.05Â°K V:-8.2728e+00V I:3.0000e-08A R:-2.7576e+08ğ›€ E:-5.1040e+02V/cm J:1.2632e-06A/cm2 ğ›’:-4.0407e+08ğ›€ cm
2022-04-22 14:18:11,116 INFO Measurement at current 3e-08
2022-04-22 14:18:11,738 INFO T:106.05Â°K V:2.7901e+00V I:3.0000e-08A R:9.3003e+07ğ›€ E:1.7214e+02V/cm J:1.2632e-06A/cm2 ğ›’:1.3628e+08ğ›€ cm
2022-04-22 14:18:11,773 INFO Measurement at current 3e-08
2022-04-22 14:18:12,398 INFO T:106.05Â°K V:7.7816e+00V I:3.0000e-08A R:2.5939e+08ğ›€ E:4.8010e+02V/cm J:1.2632e-06A/cm2 ğ›’:3.8008e+08ğ›€ cm
2022-04-22 14:18:12,429 INFO Measurement at current 3e-08
2022-04-22 14:18:13,016 INFO T:106.05Â°K V:9.8617e+00V I:3.0000e-08A R:3.2872e+08ğ›€ E:6.0844e+02V/cm J:1.2632e-06A/cm2 ğ›’:4.8168e+08ğ›€ cm
2022-04-22 14:18:13,045 INFO Measurement at current 3e-08
2022-04-22 14:18:13,691 INFO T:106.05Â°K V:1.0674e+01V I:3.0000e-08A R:3.5580e+08ğ›€ E:6.5855e+02V/cm J:1.2632e-06A/cm2 ğ›’:5.2136e+08ğ›€ cm
2022-04-22 14:18:13,746 INFO Measurement at current 3e-08
2022-04-22 14:18:14,348 INFO T:106.05Â°K V:1.1059e+01V I:3.0000e-08A R:3.6863e+08ğ›€ E:6.8230e+02V/cm J:1.2632e-06A/cm2 ğ›’:5.4016e+08ğ›€ cm
2022-04-22 14:18:14,383 INFO Measurement at current 3e-08
2022-04-22 14:18:14,977 INFO T:106.05Â°K V:1.1196e+01V I:3.0000e-08A R:3.7319e+08ğ›€ E:6.9074e+02V/cm J:1.2632e-06A/cm2 ğ›’:5.4684e+08ğ›€ cm
2022-04-22 14:18:15,012 INFO Measurement at current 3e-08
2022-04-22 14:18:15,620 INFO T:106.04Â°K V:1.1258e+01V I:3.0000e-08A R:3.7528e+08ğ›€ E:6.9460e+02V/cm J:1.2632e-06A/cm2 ğ›’:5.4989e+08ğ›€ cm
2022-04-22 14:18:15,644 INFO Measurement at current 3e-08
2022-04-22 14:18:16,245 INFO T:106.05Â°K V:1.1288e+01V I:3.0000e-08A R:3.7626e+08ğ›€ E:6.9643e+02V/cm J:1.2632e-06A/cm2 ğ›’:5.5134e+08ğ›€ cm
2022-04-22 14:18:16,267 INFO Measurement at current 3e-08
2022-04-22 14:18:16,861 INFO T:106.04Â°K V:1.1303e+01V I:3.0000e-08A R:3.7678e+08ğ›€ E:6.9738e+02V/cm J:1.2632e-06A/cm2 ğ›’:5.5210e+08ğ›€ cm
2022-04-22 14:18:16,879 INFO Measurement at current 3e-08
2022-04-22 14:18:17,471 INFO T:106.05Â°K V:1.1313e+01V I:3.0000e-08A R:3.7711e+08ğ›€ E:6.9800e+02V/cm J:1.2632e-06A/cm2 ğ›’:5.5258e+08ğ›€ cm
2022-04-22 14:18:17,488 INFO Measurement at current 3e-08
2022-04-22 14:18:18,073 INFO T:106.05Â°K V:1.1318e+01V I:3.0000e-08A R:3.7728e+08ğ›€ E:6.9831e+02V/cm J:1.2632e-06A/cm2 ğ›’:5.5283e+08ğ›€ cm
2022-04-22 14:18:18,089 INFO Measurement at current 3e-08
2022-04-22 14:18:18,692 INFO T:106.04Â°K V:1.1324e+01V I:3.0000e-08A R:3.7747e+08ğ›€ E:6.9866e+02V/cm J:1.2632e-06A/cm2 ğ›’:5.5311e+08ğ›€ cm
2022-04-22 14:18:18,709 INFO Measurement at current 3e-08
2022-04-22 14:18:19,322 INFO T:106.05Â°K V:1.1329e+01V I:3.0000e-08A R:3.7762e+08ğ›€ E:6.9894e+02V/cm J:1.2632e-06A/cm2 ğ›’:5.5333e+08ğ›€ cm
2022-04-22 14:18:19,339 INFO Measurement at current 3e-08
2022-04-22 14:18:19,937 INFO T:106.05Â°K V:1.1331e+01V I:3.0000e-08A R:3.7771e+08ğ›€ E:6.9911e+02V/cm J:1.2632e-06A/cm2 ğ›’:5.5346e+08ğ›€ cm
2022-04-22 14:18:19,952 INFO Measurement at current 3e-08
2022-04-22 14:18:20,546 INFO T:106.04Â°K V:1.1334e+01V I:3.0000e-08A R:3.7779e+08ğ›€ E:6.9926e+02V/cm J:1.2632e-06A/cm2 ğ›’:5.5358e+08ğ›€ cm
2022-04-22 14:18:20,585 INFO Measurement at current 3e-08
2022-04-22 14:18:21,183 INFO T:106.04Â°K V:1.1338e+01V I:3.0000e-08A R:3.7793e+08ğ›€ E:6.9951e+02V/cm J:1.2632e-06A/cm2 ğ›’:5.5378e+08ğ›€ cm
2022-04-22 14:18:21,232 INFO Measurement at current 3e-08
2022-04-22 14:18:21,841 INFO T:106.04Â°K V:1.1341e+01V I:3.0000e-08A R:3.7804e+08ğ›€ E:6.9971e+02V/cm J:1.2632e-06A/cm2 ğ›’:5.5394e+08ğ›€ cm
2022-04-22 14:18:21,906 INFO Measurement at current 3e-08
2022-04-22 14:18:22,495 INFO T:106.04Â°K V:1.1347e+01V I:3.0000e-08A R:3.7822e+08ğ›€ E:7.0005e+02V/cm J:1.2632e-06A/cm2 ğ›’:5.5421e+08ğ›€ cm
2022-04-22 14:18:22,540 INFO Measurement at current 3e-08
2022-04-22 14:18:23,194 INFO T:106.04Â°K V:1.1350e+01V I:3.0000e-08A R:3.7832e+08ğ›€ E:7.0024e+02V/cm J:1.2632e-06A/cm2 ğ›’:5.5436e+08ğ›€ cm
2022-04-22 14:18:23,239 INFO Measurement at current 3e-08
2022-04-22 14:18:23,852 INFO T:106.04Â°K V:1.1350e+01V I:3.0000e-08A R:3.7832e+08ğ›€ E:7.0023e+02V/cm J:1.2632e-06A/cm2 ğ›’:5.5435e+08ğ›€ cm
2022-04-22 14:18:23,878 INFO Measurement at current 3e-08
2022-04-22 14:18:24,477 INFO T:106.04Â°K V:1.1352e+01V I:3.0000e-08A R:3.7840e+08ğ›€ E:7.0038e+02V/cm J:1.2632e-06A/cm2 ğ›’:5.5447e+08ğ›€ cm
2022-04-22 14:18:24,500 INFO Measurement at current 3e-08
2022-04-22 14:18:25,100 INFO T:106.04Â°K V:1.1353e+01V I:3.0000e-08A R:3.7842e+08ğ›€ E:7.0042e+02V/cm J:1.2632e-06A/cm2 ğ›’:5.5450e+08ğ›€ cm
2022-04-22 14:18:25,117 INFO Measurement at current 3e-08
2022-04-22 14:18:25,704 INFO T:106.04Â°K V:1.1353e+01V I:3.0000e-08A R:3.7843e+08ğ›€ E:7.0044e+02V/cm J:1.2632e-06A/cm2 ğ›’:5.5451e+08ğ›€ cm
2022-04-22 14:18:25,737 INFO Measurement at current 3e-08
2022-04-22 14:18:26,339 INFO T:106.04Â°K V:1.1355e+01V I:3.0000e-08A R:3.7850e+08ğ›€ E:7.0056e+02V/cm J:1.2632e-06A/cm2 ğ›’:5.5461e+08ğ›€ cm
2022-04-22 14:18:26,355 INFO Measurement at current 3e-08
2022-04-22 14:18:26,944 INFO T:106.04Â°K V:1.1356e+01V I:3.0000e-08A R:3.7853e+08ğ›€ E:7.0062e+02V/cm J:1.2632e-06A/cm2 ğ›’:5.5466e+08ğ›€ cm
2022-04-22 14:18:26,961 INFO Measurement at current -3e-08
2022-04-22 14:18:27,548 INFO T:106.04Â°K V:7.9916e+00V I:-3.0000e-08A R:-2.6639e+08ğ›€ E:4.9306e+02V/cm J:-1.2632e-06A/cm2 ğ›’:-3.9034e+08ğ›€ cm
2022-04-22 14:18:27,573 INFO Measurement at current -3e-08
2022-04-22 14:18:28,204 INFO T:106.04Â°K V:-2.7079e+00V I:-3.0000e-08A R:9.0262e+07ğ›€ E:-1.6707e+02V/cm J:-1.2632e-06A/cm2 ğ›’:1.3226e+08ğ›€ cm
2022-04-22 14:18:28,218 INFO Measurement at current -3e-08
2022-04-22 14:18:28,852 INFO T:106.04Â°K V:-7.9157e+00V I:-3.0000e-08A R:2.6386e+08ğ›€ E:-4.8837e+02V/cm J:-1.2632e-06A/cm2 ğ›’:3.8663e+08ğ›€ cm
2022-04-22 14:18:28,875 INFO Measurement at current -3e-08
2022-04-22 14:18:29,549 INFO T:106.04Â°K V:-9.9943e+00V I:-3.0000e-08A R:3.3314e+08ğ›€ E:-6.1662e+02V/cm J:-1.2632e-06A/cm2 ğ›’:4.8816e+08ğ›€ cm
2022-04-22 14:18:29,597 INFO Measurement at current -3e-08
2022-04-22 14:18:30,193 INFO T:106.04Â°K V:-1.0934e+01V I:-3.0000e-08A R:3.6445e+08ğ›€ E:-6.7457e+02V/cm J:-1.2632e-06A/cm2 ğ›’:5.3403e+08ğ›€ cm
2022-04-22 14:18:30,242 INFO Measurement at current -3e-08
2022-04-22 14:18:30,835 INFO T:106.04Â°K V:-1.1286e+01V I:-3.0000e-08A R:3.7621e+08ğ›€ E:-6.9633e+02V/cm J:-1.2632e-06A/cm2 ğ›’:5.5126e+08ğ›€ cm
2022-04-22 14:18:30,861 INFO Measurement at current -3e-08
2022-04-22 14:18:31,458 INFO T:106.04Â°K V:-1.1437e+01V I:-3.0000e-08A R:3.8125e+08ğ›€ E:-7.0565e+02V/cm J:-1.2632e-06A/cm2 ğ›’:5.5864e+08ğ›€ cm
2022-04-22 14:18:31,474 INFO Measurement at current -3e-08
2022-04-22 14:18:32,071 INFO T:106.04Â°K V:-1.1506e+01V I:-3.0000e-08A R:3.8352e+08ğ›€ E:-7.0985e+02V/cm J:-1.2632e-06A/cm2 ğ›’:5.6197e+08ğ›€ cm
2022-04-22 14:18:32,086 INFO Measurement at current -3e-08
2022-04-22 14:18:32,682 INFO T:106.04Â°K V:-1.1540e+01V I:-3.0000e-08A R:3.8466e+08ğ›€ E:-7.1197e+02V/cm J:-1.2632e-06A/cm2 ğ›’:5.6364e+08ğ›€ cm
2022-04-22 14:18:32,706 INFO Measurement at current -3e-08
2022-04-22 14:18:33,311 INFO T:106.04Â°K V:-1.1559e+01V I:-3.0000e-08A R:3.8530e+08ğ›€ E:-7.1315e+02V/cm J:-1.2632e-06A/cm2 ğ›’:5.6457e+08ğ›€ cm
2022-04-22 14:18:33,325 INFO Measurement at current -3e-08
2022-04-22 14:18:33,931 INFO T:106.04Â°K V:-1.1570e+01V I:-3.0000e-08A R:3.8567e+08ğ›€ E:-7.1385e+02V/cm J:-1.2632e-06A/cm2 ğ›’:5.6513e+08ğ›€ cm
2022-04-22 14:18:33,950 INFO Measurement at current -3e-08
2022-04-22 14:18:34,535 INFO T:106.04Â°K V:-1.1578e+01V I:-3.0000e-08A R:3.8594e+08ğ›€ E:-7.1433e+02V/cm J:-1.2632e-06A/cm2 ğ›’:5.6551e+08ğ›€ cm
2022-04-22 14:18:34,569 INFO Measurement at current -3e-08
2022-04-22 14:18:35,239 INFO T:106.04Â°K V:-1.1583e+01V I:-3.0000e-08A R:3.8611e+08ğ›€ E:-7.1465e+02V/cm J:-1.2632e-06A/cm2 ğ›’:5.6577e+08ğ›€ cm
2022-04-22 14:18:35,281 INFO Measurement at current -3e-08
2022-04-22 14:18:35,866 INFO T:106.04Â°K V:-1.1587e+01V I:-3.0000e-08A R:3.8624e+08ğ›€ E:-7.1489e+02V/cm J:-1.2632e-06A/cm2 ğ›’:5.6595e+08ğ›€ cm
2022-04-22 14:18:35,879 INFO Measurement at current -3e-08
2022-04-22 14:18:36,479 INFO T:106.04Â°K V:-1.1592e+01V I:-3.0000e-08A R:3.8641e+08ğ›€ E:-7.1521e+02V/cm J:-1.2632e-06A/cm2 ğ›’:5.6621e+08ğ›€ cm
2022-04-22 14:18:36,504 INFO Measurement at current -3e-08
2022-04-22 14:18:37,148 INFO T:106.04Â°K V:-1.1595e+01V I:-3.0000e-08A R:3.8651e+08ğ›€ E:-7.1539e+02V/cm J:-1.2632e-06A/cm2 ğ›’:5.6635e+08ğ›€ cm
2022-04-22 14:18:37,251 INFO Measurement at current -3e-08
2022-04-22 14:18:37,867 INFO T:106.04Â°K V:-1.1597e+01V I:-3.0000e-08A R:3.8656e+08ğ›€ E:-7.1549e+02V/cm J:-1.2632e-06A/cm2 ğ›’:5.6643e+08ğ›€ cm
2022-04-22 14:18:37,924 INFO Measurement at current -3e-08
2022-04-22 14:18:38,635 INFO T:106.04Â°K V:-1.1598e+01V I:-3.0000e-08A R:3.8660e+08ğ›€ E:-7.1556e+02V/cm J:-1.2632e-06A/cm2 ğ›’:5.6648e+08ğ›€ cm
2022-04-22 14:18:38,675 INFO Measurement at current -3e-08
2022-04-22 14:18:39,278 INFO T:106.03Â°K V:-1.1602e+01V I:-3.0000e-08A R:3.8672e+08ğ›€ E:-7.1579e+02V/cm J:-1.2632e-06A/cm2 ğ›’:5.6667e+08ğ›€ cm
2022-04-22 14:18:39,322 INFO Measurement at current -3e-08
2022-04-22 14:18:39,918 INFO T:106.03Â°K V:-1.1601e+01V I:-3.0000e-08A R:3.8671e+08ğ›€ E:-7.1577e+02V/cm J:-1.2632e-06A/cm2 ğ›’:5.6665e+08ğ›€ cm
2022-04-22 14:18:39,961 INFO Measurement at current -3e-08
2022-04-22 14:18:40,576 INFO T:106.03Â°K V:-1.1604e+01V I:-3.0000e-08A R:3.8680e+08ğ›€ E:-7.1592e+02V/cm J:-1.2632e-06A/cm2 ğ›’:5.6677e+08ğ›€ cm
2022-04-22 14:18:40,595 INFO Measurement at current -3e-08
2022-04-22 14:18:41,185 INFO T:106.04Â°K V:-1.1608e+01V I:-3.0000e-08A R:3.8695e+08ğ›€ E:-7.1620e+02V/cm J:-1.2632e-06A/cm2 ğ›’:5.6699e+08ğ›€ cm
2022-04-22 14:18:41,204 INFO Measurement at current -3e-08
2022-04-22 14:18:41,809 INFO T:106.04Â°K V:-1.1613e+01V I:-3.0000e-08A R:3.8711e+08ğ›€ E:-7.1651e+02V/cm J:-1.2632e-06A/cm2 ğ›’:5.6724e+08ğ›€ cm
2022-04-22 14:18:41,824 INFO Measurement at current -3e-08
2022-04-22 14:18:42,420 INFO T:106.03Â°K V:-1.1615e+01V I:-3.0000e-08A R:3.8718e+08ğ›€ E:-7.1663e+02V/cm J:-1.2632e-06A/cm2 ğ›’:5.6734e+08ğ›€ cm
2022-04-22 14:18:42,438 INFO Measurement at current 3e-08
2022-04-22 14:18:43,039 INFO T:106.04Â°K V:-8.3177e+00V I:3.0000e-08A R:-2.7726e+08ğ›€ E:-5.1317e+02V/cm J:1.2632e-06A/cm2 ğ›’:-4.0626e+08ğ›€ cm
2022-04-22 14:18:43,081 INFO Measurement at current 3e-08
2022-04-22 14:18:43,680 INFO T:106.03Â°K V:2.8380e+00V I:3.0000e-08A R:9.4602e+07ğ›€ E:1.7510e+02V/cm J:1.2632e-06A/cm2 ğ›’:1.3862e+08ğ›€ cm
2022-04-22 14:18:43,698 INFO Measurement at current 3e-08
2022-04-22 14:18:44,287 INFO T:106.04Â°K V:7.6518e+00V I:3.0000e-08A R:2.5506e+08ğ›€ E:4.7209e+02V/cm J:1.2632e-06A/cm2 ğ›’:3.7374e+08ğ›€ cm
2022-04-22 14:18:44,299 INFO Measurement at current 3e-08
2022-04-22 14:18:44,889 INFO T:106.03Â°K V:9.6874e+00V I:3.0000e-08A R:3.2291e+08ğ›€ E:5.9768e+02V/cm J:1.2632e-06A/cm2 ğ›’:4.7316e+08ğ›€ cm
2022-04-22 14:18:44,910 INFO Measurement at current 3e-08
2022-04-22 14:18:45,536 INFO T:106.03Â°K V:1.0648e+01V I:3.0000e-08A R:3.5494e+08ğ›€ E:6.5695e+02V/cm J:1.2632e-06A/cm2 ğ›’:5.2009e+08ğ›€ cm
2022-04-22 14:18:45,549 INFO Measurement at current 3e-08
2022-04-22 14:18:46,136 INFO T:106.03Â°K V:1.1021e+01V I:3.0000e-08A R:3.6736e+08ğ›€ E:6.7996e+02V/cm J:1.2632e-06A/cm2 ğ›’:5.3830e+08ğ›€ cm
2022-04-22 14:18:46,171 INFO Measurement at current 3e-08
2022-04-22 14:18:46,779 INFO T:106.03Â°K V:1.1197e+01V I:3.0000e-08A R:3.7322e+08ğ›€ E:6.9079e+02V/cm J:1.2632e-06A/cm2 ğ›’:5.4687e+08ğ›€ cm
2022-04-22 14:18:46,798 INFO Measurement at current 3e-08
2022-04-22 14:18:47,400 INFO T:106.04Â°K V:1.1268e+01V I:3.0000e-08A R:3.7559e+08ğ›€ E:6.9518e+02V/cm J:1.2632e-06A/cm2 ğ›’:5.5035e+08ğ›€ cm
2022-04-22 14:18:47,434 INFO Measurement at current 3e-08
2022-04-22 14:18:48,026 INFO T:106.04Â°K V:1.1303e+01V I:3.0000e-08A R:3.7678e+08ğ›€ E:6.9737e+02V/cm J:1.2632e-06A/cm2 ğ›’:5.5209e+08ğ›€ cm
2022-04-22 14:18:48,047 INFO Measurement at current 3e-08
2022-04-22 14:18:48,647 INFO T:106.04Â°K V:1.1326e+01V I:3.0000e-08A R:3.7755e+08ğ›€ E:6.9880e+02V/cm J:1.2632e-06A/cm2 ğ›’:5.5322e+08ğ›€ cm
2022-04-22 14:18:48,667 INFO Measurement at current 3e-08
2022-04-22 14:18:49,300 INFO T:106.04Â°K V:1.1339e+01V I:3.0000e-08A R:3.7795e+08ğ›€ E:6.9956e+02V/cm J:1.2632e-06A/cm2 ğ›’:5.5381e+08ğ›€ cm
2022-04-22 14:18:49,320 INFO Measurement at current 3e-08
2022-04-22 14:18:49,941 INFO T:106.03Â°K V:1.1345e+01V I:3.0000e-08A R:3.7816e+08ğ›€ E:6.9994e+02V/cm J:1.2632e-06A/cm2 ğ›’:5.5412e+08ğ›€ cm
2022-04-22 14:18:49,959 INFO Measurement at current 3e-08
2022-04-22 14:18:50,558 INFO T:106.03Â°K V:1.1352e+01V I:3.0000e-08A R:3.7840e+08ğ›€ E:7.0038e+02V/cm J:1.2632e-06A/cm2 ğ›’:5.5447e+08ğ›€ cm
2022-04-22 14:18:50,558 INFO Leaving the current loop
2022-04-22 14:18:50,581 INFO End of the measurement loop
2022-04-22 14:18:53,183 INFO Save the description file
2022-04-22 14:18:53,189 INFO Save data in numpy format CA8_01_A/CA8_01_A_square_waveform_value_3e-08A/CA8_01_A_square_waveform_value_3e-08A-20220422141850
2022-04-22 14:18:53,214 INFO Save data in CSV format CA8_01_A/CA8_01_A_square_waveform_value_3e-08A/CA8_01_A_square_waveform_value_3e-08A-20220422141850.csv
2022-04-22 14:18:53,227 INFO Save plot as image CA8_01_A/CA8_01_A_square_waveform_value_3e-08A/CA8_01_A_square_waveform_value_3e-08A-20220422141850.png
