2023-05-18 16:22:00,870 INFO ### Start experiment: CPRO_MUSA_180523_I_V current from 0 to 800e-4A ###
2023-05-18 16:22:02,212 INFO Found Multimeter KEITHLEY INSTRUMENTS INC.,MODEL 2700,0884890,B03  /A02  

2023-05-18 16:22:03,240 INFO Found Nanovolt Meter KEITHLEY INSTRUMENTS INC.,MODEL 2182A,4056474,C03  /A02  

2023-05-18 16:22:03,359 INFO Found Source Meter KEITHLEY INSTRUMENTS INC.,MODEL 2400,0945684,C24   Feb 14 2002 11:59:45/A02  /K/H

2023-05-18 16:22:03,474 INFO Start the measurement loop
2023-05-18 16:22:53,016 INFO Measurement at current 0.0
2023-05-18 16:22:53,935 INFO T:131.38Â°K V:3.5118e-06V I:0.0000e+00A R:infğ›€ E:5.4873e-05V/cm J:0.0000e+00A/cm2 ğ›’:infğ›€ cm
2023-05-18 16:22:53,958 INFO Measurement at current 0.0004020100502512563
2023-05-18 16:22:55,200 INFO T:131.40Â°K V:1.6529e-02V I:4.0201e-04A R:4.1115e+01ğ›€ E:2.5826e-01V/cm J:3.6882e-03A/cm2 ğ›’:7.0024e+01ğ›€ cm
2023-05-18 16:22:55,220 INFO Measurement at current 0.0008040201005025126
2023-05-18 16:22:55,813 INFO T:131.41Â°K V:3.3025e-02V I:8.0402e-04A R:4.1074e+01ğ›€ E:5.1601e-01V/cm J:7.3763e-03A/cm2 ğ›’:6.9955e+01ğ›€ cm
2023-05-18 16:22:55,831 INFO Measurement at current 0.001206030150753769
2023-05-18 16:22:56,416 INFO T:131.42Â°K V:4.9497e-02V I:1.2060e-03A R:4.1041e+01ğ›€ E:7.7339e-01V/cm J:1.1064e-02A/cm2 ğ›’:6.9898e+01ğ›€ cm
2023-05-18 16:22:56,439 INFO Measurement at current 0.0016080402010050252
2023-05-18 16:22:57,033 INFO T:131.44Â°K V:6.5935e-02V I:1.6080e-03A R:4.1003e+01ğ›€ E:1.0302e+00V/cm J:1.4753e-02A/cm2 ğ›’:6.9834e+01ğ›€ cm
2023-05-18 16:22:57,060 INFO Measurement at current 0.0020100502512562816
2023-05-18 16:22:57,664 INFO T:131.45Â°K V:8.2341e-02V I:2.0101e-03A R:4.0964e+01ğ›€ E:1.2866e+00V/cm J:1.8441e-02A/cm2 ğ›’:6.9768e+01ğ›€ cm
2023-05-18 16:22:57,701 INFO Measurement at current 0.002412060301507538
2023-05-18 16:22:58,308 INFO T:131.46Â°K V:9.8689e-02V I:2.4121e-03A R:4.0915e+01ğ›€ E:1.5420e+00V/cm J:2.2129e-02A/cm2 ğ›’:6.9683e+01ğ›€ cm
2023-05-18 16:22:58,327 INFO Measurement at current 0.002814070351758794
2023-05-18 16:22:58,916 INFO T:131.47Â°K V:1.1500e-01V I:2.8141e-03A R:4.0868e+01ğ›€ E:1.7969e+00V/cm J:2.5817e-02A/cm2 ğ›’:6.9603e+01ğ›€ cm
2023-05-18 16:22:58,939 INFO Measurement at current 0.0032160804020100503
2023-05-18 16:23:00,062 INFO T:131.49Â°K V:1.3114e-01V I:3.2161e-03A R:4.0775e+01ğ›€ E:2.0490e+00V/cm J:2.9505e-02A/cm2 ğ›’:6.9445e+01ğ›€ cm
2023-05-18 16:23:00,078 INFO Measurement at current 0.0036180904522613066
2023-05-18 16:23:00,666 INFO T:131.50Â°K V:1.4735e-01V I:3.6181e-03A R:4.0726e+01ğ›€ E:2.3024e+00V/cm J:3.3193e-02A/cm2 ğ›’:6.9362e+01ğ›€ cm
2023-05-18 16:23:00,689 INFO Measurement at current 0.004020100502512563
2023-05-18 16:23:01,287 INFO T:131.52Â°K V:1.6348e-01V I:4.0201e-03A R:4.0667e+01ğ›€ E:2.5544e+00V/cm J:3.6882e-02A/cm2 ğ›’:6.9260e+01ğ›€ cm
2023-05-18 16:23:01,310 INFO Measurement at current 0.004422110552763819
2023-05-18 16:23:01,896 INFO T:131.53Â°K V:1.7957e-01V I:4.4221e-03A R:4.0607e+01ğ›€ E:2.8058e+00V/cm J:4.0570e-02A/cm2 ğ›’:6.9159e+01ğ›€ cm
2023-05-18 16:23:01,911 INFO Measurement at current 0.004824120603015076
2023-05-18 16:23:02,494 INFO T:131.54Â°K V:1.9559e-01V I:4.8241e-03A R:4.0544e+01ğ›€ E:3.0561e+00V/cm J:4.4258e-02A/cm2 ğ›’:6.9052e+01ğ›€ cm
2023-05-18 16:23:02,509 INFO Measurement at current 0.0052261306532663315
2023-05-18 16:23:03,096 INFO T:131.55Â°K V:2.1152e-01V I:5.2261e-03A R:4.0473e+01ğ›€ E:3.3050e+00V/cm J:4.7946e-02A/cm2 ğ›’:6.8931e+01ğ›€ cm
2023-05-18 16:23:03,118 INFO Measurement at current 0.005628140703517588
2023-05-18 16:23:03,710 INFO T:131.56Â°K V:2.2736e-01V I:5.6281e-03A R:4.0398e+01ğ›€ E:3.5526e+00V/cm J:5.1634e-02A/cm2 ğ›’:6.8802e+01ğ›€ cm
2023-05-18 16:23:03,734 INFO Measurement at current 0.006030150753768844
2023-05-18 16:23:04,334 INFO T:131.57Â°K V:2.4317e-01V I:6.0302e-03A R:4.0325e+01ğ›€ E:3.7995e+00V/cm J:5.5322e-02A/cm2 ğ›’:6.8678e+01ğ›€ cm
2023-05-18 16:23:04,352 INFO Measurement at current 0.006432160804020101
2023-05-18 16:23:04,949 INFO T:131.58Â°K V:2.5882e-01V I:6.4322e-03A R:4.0239e+01ğ›€ E:4.0441e+00V/cm J:5.9011e-02A/cm2 ğ›’:6.8531e+01ğ›€ cm
2023-05-18 16:23:04,969 INFO Measurement at current 0.006834170854271357
2023-05-18 16:23:05,557 INFO T:131.60Â°K V:2.7439e-01V I:6.8342e-03A R:4.0150e+01ğ›€ E:4.2873e+00V/cm J:6.2699e-02A/cm2 ğ›’:6.8380e+01ğ›€ cm
2023-05-18 16:23:05,579 INFO Measurement at current 0.007236180904522613
2023-05-18 16:23:06,192 INFO T:131.61Â°K V:2.8986e-01V I:7.2362e-03A R:4.0056e+01ğ›€ E:4.5290e+00V/cm J:6.6387e-02A/cm2 ğ›’:6.8221e+01ğ›€ cm
2023-05-18 16:23:06,215 INFO Measurement at current 0.00763819095477387
2023-05-18 16:23:06,820 INFO T:131.62Â°K V:3.0517e-01V I:7.6382e-03A R:3.9954e+01ğ›€ E:4.7684e+00V/cm J:7.0075e-02A/cm2 ğ›’:6.8046e+01ğ›€ cm
2023-05-18 16:23:06,856 INFO Measurement at current 0.008040201005025126
2023-05-18 16:23:07,451 INFO T:131.63Â°K V:3.2037e-01V I:8.0402e-03A R:3.9846e+01ğ›€ E:5.0058e+00V/cm J:7.3763e-02A/cm2 ğ›’:6.7863e+01ğ›€ cm
2023-05-18 16:23:07,468 INFO Measurement at current 0.008442211055276382
2023-05-18 16:23:08,060 INFO T:131.64Â°K V:3.3548e-01V I:8.4422e-03A R:3.9738e+01ğ›€ E:5.2419e+00V/cm J:7.7451e-02A/cm2 ğ›’:6.7679e+01ğ›€ cm
2023-05-18 16:23:08,087 INFO Measurement at current 0.008844221105527638
2023-05-18 16:23:08,675 INFO T:131.65Â°K V:3.5042e-01V I:8.8442e-03A R:3.9621e+01ğ›€ E:5.4753e+00V/cm J:8.1140e-02A/cm2 ğ›’:6.7479e+01ğ›€ cm
2023-05-18 16:23:08,698 INFO Measurement at current 0.009246231155778894
2023-05-18 16:23:09,293 INFO T:131.66Â°K V:3.6526e-01V I:9.2462e-03A R:3.9503e+01ğ›€ E:5.7071e+00V/cm J:8.4828e-02A/cm2 ğ›’:6.7279e+01ğ›€ cm
2023-05-18 16:23:09,317 INFO Measurement at current 0.009648241206030151
2023-05-18 16:23:09,917 INFO T:131.68Â°K V:3.7993e-01V I:9.6482e-03A R:3.9379e+01ğ›€ E:5.9365e+00V/cm J:8.8516e-02A/cm2 ğ›’:6.7067e+01ğ›€ cm
2023-05-18 16:23:09,941 INFO Measurement at current 0.010050251256281407
2023-05-18 16:23:10,540 INFO T:131.69Â°K V:3.9450e-01V I:1.0050e-02A R:3.9253e+01ğ›€ E:6.1641e+00V/cm J:9.2204e-02A/cm2 ğ›’:6.6853e+01ğ›€ cm
2023-05-18 16:23:10,558 INFO Measurement at current 0.010452261306532663
2023-05-18 16:23:11,157 INFO T:131.70Â°K V:4.0891e-01V I:1.0452e-02A R:3.9121e+01ğ›€ E:6.3891e+00V/cm J:9.5892e-02A/cm2 ğ›’:6.6628e+01ğ›€ cm
2023-05-18 16:23:11,185 INFO Measurement at current 0.01085427135678392
2023-05-18 16:23:11,787 INFO T:131.71Â°K V:4.2314e-01V I:1.0854e-02A R:3.8984e+01ğ›€ E:6.6116e+00V/cm J:9.9580e-02A/cm2 ğ›’:6.6395e+01ğ›€ cm
2023-05-18 16:23:11,806 INFO Measurement at current 0.011256281407035176
2023-05-18 16:23:12,405 INFO T:131.72Â°K V:4.3711e-01V I:1.1256e-02A R:3.8832e+01ğ›€ E:6.8298e+00V/cm J:1.0327e-01A/cm2 ğ›’:6.6137e+01ğ›€ cm
2023-05-18 16:23:12,427 INFO Measurement at current 0.011658291457286432
2023-05-18 16:23:13,030 INFO T:131.73Â°K V:4.5114e-01V I:1.1658e-02A R:3.8697e+01ğ›€ E:7.0490e+00V/cm J:1.0696e-01A/cm2 ğ›’:6.5905e+01ğ›€ cm
2023-05-18 16:23:13,052 INFO Measurement at current 0.012060301507537688
2023-05-18 16:23:13,652 INFO T:131.75Â°K V:4.6479e-01V I:1.2060e-02A R:3.8539e+01ğ›€ E:7.2623e+00V/cm J:1.1064e-01A/cm2 ğ›’:6.5636e+01ğ›€ cm
2023-05-18 16:23:13,668 INFO Measurement at current 0.012462311557788945
2023-05-18 16:23:14,254 INFO T:131.76Â°K V:4.7819e-01V I:1.2462e-02A R:3.8371e+01ğ›€ E:7.4717e+00V/cm J:1.1433e-01A/cm2 ğ›’:6.5350e+01ğ›€ cm
2023-05-18 16:23:14,269 INFO Measurement at current 0.012864321608040201
2023-05-18 16:23:14,886 INFO T:131.77Â°K V:4.9164e-01V I:1.2864e-02A R:3.8217e+01ğ›€ E:7.6818e+00V/cm J:1.1802e-01A/cm2 ğ›’:6.5089e+01ğ›€ cm
2023-05-18 16:23:14,903 INFO Measurement at current 0.013266331658291457
2023-05-18 16:23:15,511 INFO T:131.78Â°K V:5.0478e-01V I:1.3266e-02A R:3.8050e+01ğ›€ E:7.8872e+00V/cm J:1.2171e-01A/cm2 ğ›’:6.4804e+01ğ›€ cm
2023-05-18 16:23:15,533 INFO Measurement at current 0.013668341708542715
2023-05-18 16:23:16,134 INFO T:131.79Â°K V:5.1780e-01V I:1.3668e-02A R:3.7883e+01ğ›€ E:8.0906e+00V/cm J:1.2540e-01A/cm2 ğ›’:6.4519e+01ğ›€ cm
2023-05-18 16:23:16,153 INFO Measurement at current 0.01407035175879397
2023-05-18 16:23:16,743 INFO T:131.80Â°K V:5.3053e-01V I:1.4070e-02A R:3.7706e+01ğ›€ E:8.2895e+00V/cm J:1.2909e-01A/cm2 ğ›’:6.4217e+01ğ›€ cm
2023-05-18 16:23:16,767 INFO Measurement at current 0.014472361809045226
2023-05-18 16:23:17,370 INFO T:131.81Â°K V:5.4312e-01V I:1.4472e-02A R:3.7528e+01ğ›€ E:8.4862e+00V/cm J:1.3277e-01A/cm2 ğ›’:6.3915e+01ğ›€ cm
2023-05-18 16:23:17,390 INFO Measurement at current 0.014874371859296482
2023-05-18 16:23:17,981 INFO T:131.83Â°K V:5.5573e-01V I:1.4874e-02A R:3.7362e+01ğ›€ E:8.6833e+00V/cm J:1.3646e-01A/cm2 ğ›’:6.3632e+01ğ›€ cm
2023-05-18 16:23:18,006 INFO Measurement at current 0.01527638190954774
2023-05-18 16:23:18,605 INFO T:131.84Â°K V:5.6781e-01V I:1.5276e-02A R:3.7169e+01ğ›€ E:8.8721e+00V/cm J:1.4015e-01A/cm2 ğ›’:6.3304e+01ğ›€ cm
2023-05-18 16:23:18,628 INFO Measurement at current 0.015678391959798994
2023-05-18 16:23:19,237 INFO T:131.85Â°K V:5.7996e-01V I:1.5678e-02A R:3.6991e+01ğ›€ E:9.0618e+00V/cm J:1.4384e-01A/cm2 ğ›’:6.3000e+01ğ›€ cm
2023-05-18 16:23:19,259 INFO Measurement at current 0.016080402010050253
2023-05-18 16:23:19,845 INFO T:131.86Â°K V:5.9170e-01V I:1.6080e-02A R:3.6796e+01ğ›€ E:9.2453e+00V/cm J:1.4753e-01A/cm2 ğ›’:6.2669e+01ğ›€ cm
2023-05-18 16:23:19,869 INFO Measurement at current 0.01648241206030151
2023-05-18 16:23:20,460 INFO T:131.87Â°K V:6.0327e-01V I:1.6482e-02A R:3.6601e+01ğ›€ E:9.4260e+00V/cm J:1.5121e-01A/cm2 ğ›’:6.2335e+01ğ›€ cm
2023-05-18 16:23:20,482 INFO Measurement at current 0.016884422110552764
2023-05-18 16:23:21,071 INFO T:131.88Â°K V:6.1483e-01V I:1.6884e-02A R:3.6414e+01ğ›€ E:9.6067e+00V/cm J:1.5490e-01A/cm2 ğ›’:6.2017e+01ğ›€ cm
2023-05-18 16:23:21,094 INFO Measurement at current 0.01728643216080402
2023-05-18 16:23:21,712 INFO T:131.89Â°K V:6.2601e-01V I:1.7286e-02A R:3.6214e+01ğ›€ E:9.7815e+00V/cm J:1.5859e-01A/cm2 ğ›’:6.1677e+01ğ›€ cm
2023-05-18 16:23:21,727 INFO Measurement at current 0.017688442211055276
2023-05-18 16:23:22,321 INFO T:131.90Â°K V:6.3711e-01V I:1.7688e-02A R:3.6018e+01ğ›€ E:9.9548e+00V/cm J:1.6228e-01A/cm2 ğ›’:6.1343e+01ğ›€ cm
2023-05-18 16:23:22,339 INFO Measurement at current 0.018090452261306532
2023-05-18 16:23:22,927 INFO T:131.92Â°K V:6.4783e-01V I:1.8090e-02A R:3.5811e+01ğ›€ E:1.0122e+01V/cm J:1.6597e-01A/cm2 ğ›’:6.0990e+01ğ›€ cm
2023-05-18 16:23:22,946 INFO Measurement at current 0.018492462311557788
2023-05-18 16:23:23,536 INFO T:131.93Â°K V:6.5834e-01V I:1.8492e-02A R:3.5600e+01ğ›€ E:1.0287e+01V/cm J:1.6966e-01A/cm2 ğ›’:6.0632e+01ğ›€ cm
2023-05-18 16:23:23,562 INFO Measurement at current 0.018894472361809047
2023-05-18 16:23:24,150 INFO T:131.94Â°K V:6.6880e-01V I:1.8894e-02A R:3.5397e+01ğ›€ E:1.0450e+01V/cm J:1.7334e-01A/cm2 ğ›’:6.0285e+01ğ›€ cm
2023-05-18 16:23:24,173 INFO Measurement at current 0.019296482412060303
2023-05-18 16:23:24,772 INFO T:131.95Â°K V:6.7890e-01V I:1.9296e-02A R:3.5182e+01ğ›€ E:1.0608e+01V/cm J:1.7703e-01A/cm2 ğ›’:5.9920e+01ğ›€ cm
2023-05-18 16:23:24,789 INFO Measurement at current 0.01969849246231156
2023-05-18 16:23:25,392 INFO T:131.96Â°K V:6.8898e-01V I:1.9698e-02A R:3.4976e+01ğ›€ E:1.0765e+01V/cm J:1.8072e-01A/cm2 ğ›’:5.9569e+01ğ›€ cm
2023-05-18 16:23:25,418 INFO Measurement at current 0.020100502512562814
2023-05-18 16:23:26,008 INFO T:131.97Â°K V:6.9864e-01V I:2.0101e-02A R:3.4757e+01ğ›€ E:1.0916e+01V/cm J:1.8441e-01A/cm2 ğ›’:5.9196e+01ğ›€ cm
2023-05-18 16:23:26,038 INFO Measurement at current 0.02050251256281407
2023-05-18 16:23:26,622 INFO T:131.99Â°K V:7.0831e-01V I:2.0503e-02A R:3.4548e+01ğ›€ E:1.1067e+01V/cm J:1.8810e-01A/cm2 ğ›’:5.8839e+01ğ›€ cm
2023-05-18 16:23:26,638 INFO Measurement at current 0.020904522613065326
2023-05-18 16:23:27,231 INFO T:132.00Â°K V:7.1775e-01V I:2.0905e-02A R:3.4334e+01ğ›€ E:1.1215e+01V/cm J:1.9178e-01A/cm2 ğ›’:5.8476e+01ğ›€ cm
2023-05-18 16:23:27,253 INFO Measurement at current 0.021306532663316582
2023-05-18 16:23:27,859 INFO T:132.01Â°K V:7.2682e-01V I:2.1307e-02A R:3.4112e+01ğ›€ E:1.1356e+01V/cm J:1.9547e-01A/cm2 ğ›’:5.8098e+01ğ›€ cm
2023-05-18 16:23:27,878 INFO Measurement at current 0.02170854271356784
2023-05-18 16:23:28,467 INFO T:132.02Â°K V:7.3595e-01V I:2.1709e-02A R:3.3902e+01ğ›€ E:1.1499e+01V/cm J:1.9916e-01A/cm2 ğ›’:5.7739e+01ğ›€ cm
2023-05-18 16:23:28,485 INFO Measurement at current 0.022110552763819097
2023-05-18 16:23:29,079 INFO T:132.03Â°K V:7.4483e-01V I:2.2111e-02A R:3.3687e+01ğ›€ E:1.1638e+01V/cm J:2.0285e-01A/cm2 ğ›’:5.7373e+01ğ›€ cm
2023-05-18 16:23:29,104 INFO Measurement at current 0.022512562814070353
2023-05-18 16:23:29,693 INFO T:132.04Â°K V:7.5353e-01V I:2.2513e-02A R:3.3472e+01ğ›€ E:1.1774e+01V/cm J:2.0654e-01A/cm2 ğ›’:5.7006e+01ğ›€ cm
2023-05-18 16:23:29,711 INFO Measurement at current 0.02291457286432161
2023-05-18 16:23:30,305 INFO T:132.05Â°K V:7.6189e-01V I:2.2915e-02A R:3.3249e+01ğ›€ E:1.1904e+01V/cm J:2.1023e-01A/cm2 ğ›’:5.6627e+01ğ›€ cm
2023-05-18 16:23:30,338 INFO Measurement at current 0.023316582914572864
2023-05-18 16:23:30,946 INFO T:132.06Â°K V:7.7005e-01V I:2.3317e-02A R:3.3026e+01ğ›€ E:1.2032e+01V/cm J:2.1391e-01A/cm2 ğ›’:5.6247e+01ğ›€ cm
2023-05-18 16:23:30,962 INFO Measurement at current 0.02371859296482412
2023-05-18 16:23:31,550 INFO T:132.08Â°K V:7.7828e-01V I:2.3719e-02A R:3.2813e+01ğ›€ E:1.2161e+01V/cm J:2.1760e-01A/cm2 ğ›’:5.5884e+01ğ›€ cm
2023-05-18 16:23:31,566 INFO Measurement at current 0.024120603015075376
2023-05-18 16:23:32,149 INFO T:132.09Â°K V:7.8611e-01V I:2.4121e-02A R:3.2591e+01ğ›€ E:1.2283e+01V/cm J:2.2129e-01A/cm2 ğ›’:5.5506e+01ğ›€ cm
2023-05-18 16:23:32,165 INFO Measurement at current 0.024522613065326635
2023-05-18 16:23:32,749 INFO T:132.10Â°K V:7.9415e-01V I:2.4523e-02A R:3.2385e+01ğ›€ E:1.2409e+01V/cm J:2.2498e-01A/cm2 ğ›’:5.5155e+01ğ›€ cm
2023-05-18 16:23:32,824 INFO Measurement at current 0.02492462311557789
2023-05-18 16:23:33,418 INFO T:132.11Â°K V:8.0124e-01V I:2.4925e-02A R:3.2147e+01ğ›€ E:1.2519e+01V/cm J:2.2867e-01A/cm2 ğ›’:5.4750e+01ğ›€ cm
2023-05-18 16:23:33,446 INFO Measurement at current 0.025326633165829147
2023-05-18 16:23:34,038 INFO T:132.12Â°K V:8.0872e-01V I:2.5327e-02A R:3.1932e+01ğ›€ E:1.2636e+01V/cm J:2.3235e-01A/cm2 ğ›’:5.4384e+01ğ›€ cm
2023-05-18 16:23:34,068 INFO Measurement at current 0.025728643216080403
2023-05-18 16:23:34,674 INFO T:132.13Â°K V:8.1599e-01V I:2.5729e-02A R:3.1715e+01ğ›€ E:1.2750e+01V/cm J:2.3604e-01A/cm2 ğ›’:5.4015e+01ğ›€ cm
2023-05-18 16:23:34,693 INFO Measurement at current 0.02613065326633166
2023-05-18 16:23:35,285 INFO T:132.14Â°K V:8.2304e-01V I:2.6131e-02A R:3.1497e+01ğ›€ E:1.2860e+01V/cm J:2.3973e-01A/cm2 ğ›’:5.3644e+01ğ›€ cm
2023-05-18 16:23:35,320 INFO Measurement at current 0.026532663316582914
2023-05-18 16:23:35,913 INFO T:132.16Â°K V:8.3012e-01V I:2.6533e-02A R:3.1287e+01ğ›€ E:1.2971e+01V/cm J:2.4342e-01A/cm2 ğ›’:5.3285e+01ğ›€ cm
2023-05-18 16:23:35,938 INFO Measurement at current 0.02693467336683417
2023-05-18 16:23:36,537 INFO T:132.17Â°K V:8.3690e-01V I:2.6935e-02A R:3.1072e+01ğ›€ E:1.3077e+01V/cm J:2.4711e-01A/cm2 ğ›’:5.2919e+01ğ›€ cm
2023-05-18 16:23:36,556 INFO Measurement at current 0.02733668341708543
2023-05-18 16:23:37,141 INFO T:132.18Â°K V:8.4355e-01V I:2.7337e-02A R:3.0858e+01ğ›€ E:1.3180e+01V/cm J:2.5080e-01A/cm2 ğ›’:5.2555e+01ğ›€ cm
2023-05-18 16:23:37,157 INFO Measurement at current 0.027738693467336685
2023-05-18 16:23:37,752 INFO T:132.19Â°K V:8.5039e-01V I:2.7739e-02A R:3.0657e+01ğ›€ E:1.3287e+01V/cm J:2.5448e-01A/cm2 ğ›’:5.2213e+01ğ›€ cm
2023-05-18 16:23:37,776 INFO Measurement at current 0.02814070351758794
2023-05-18 16:23:38,376 INFO T:132.20Â°K V:8.5667e-01V I:2.8141e-02A R:3.0442e+01ğ›€ E:1.3385e+01V/cm J:2.5817e-01A/cm2 ğ›’:5.1847e+01ğ›€ cm
2023-05-18 16:23:38,393 INFO Measurement at current 0.028542713567839197
2023-05-18 16:23:38,978 INFO T:132.21Â°K V:8.6280e-01V I:2.8543e-02A R:3.0228e+01ğ›€ E:1.3481e+01V/cm J:2.6186e-01A/cm2 ğ›’:5.1482e+01ğ›€ cm
2023-05-18 16:23:38,995 INFO Measurement at current 0.028944723618090452
2023-05-18 16:23:39,580 INFO T:132.22Â°K V:8.6893e-01V I:2.8945e-02A R:3.0020e+01ğ›€ E:1.3577e+01V/cm J:2.6555e-01A/cm2 ğ›’:5.1129e+01ğ›€ cm
2023-05-18 16:23:39,598 INFO Measurement at current 0.029346733668341708
2023-05-18 16:23:40,182 INFO T:132.23Â°K V:8.7505e-01V I:2.9347e-02A R:2.9818e+01ğ›€ E:1.3673e+01V/cm J:2.6924e-01A/cm2 ğ›’:5.0783e+01ğ›€ cm
2023-05-18 16:23:40,200 INFO Measurement at current 0.029748743718592964
2023-05-18 16:23:40,789 INFO T:132.25Â°K V:8.8106e-01V I:2.9749e-02A R:2.9617e+01ğ›€ E:1.3767e+01V/cm J:2.7292e-01A/cm2 ğ›’:5.0441e+01ğ›€ cm
2023-05-18 16:23:40,807 INFO Measurement at current 0.030150753768844223
2023-05-18 16:23:41,405 INFO T:132.26Â°K V:8.8663e-01V I:3.0151e-02A R:2.9407e+01ğ›€ E:1.3854e+01V/cm J:2.7661e-01A/cm2 ğ›’:5.0083e+01ğ›€ cm
2023-05-18 16:23:41,424 INFO Measurement at current 0.03055276381909548
2023-05-18 16:23:42,024 INFO T:132.27Â°K V:8.9210e-01V I:3.0553e-02A R:2.9199e+01ğ›€ E:1.3939e+01V/cm J:2.8030e-01A/cm2 ğ›’:4.9729e+01ğ›€ cm
2023-05-18 16:23:42,081 INFO Measurement at current 0.030954773869346735
2023-05-18 16:23:42,676 INFO T:132.28Â°K V:8.9678e-01V I:3.0955e-02A R:2.8971e+01ğ›€ E:1.4012e+01V/cm J:2.8399e-01A/cm2 ğ›’:4.9341e+01ğ›€ cm
2023-05-18 16:23:42,696 INFO Measurement at current 0.03135678391959799
2023-05-18 16:23:43,284 INFO T:132.29Â°K V:9.0192e-01V I:3.1357e-02A R:2.8763e+01ğ›€ E:1.4093e+01V/cm J:2.8768e-01A/cm2 ğ›’:4.8987e+01ğ›€ cm
2023-05-18 16:23:43,305 INFO Measurement at current 0.03175879396984925
2023-05-18 16:23:43,897 INFO T:132.30Â°K V:9.0709e-01V I:3.1759e-02A R:2.8562e+01ğ›€ E:1.4173e+01V/cm J:2.9137e-01A/cm2 ğ›’:4.8645e+01ğ›€ cm
2023-05-18 16:23:43,917 INFO Measurement at current 0.032160804020100506
2023-05-18 16:23:44,512 INFO T:132.31Â°K V:9.1214e-01V I:3.2161e-02A R:2.8362e+01ğ›€ E:1.4252e+01V/cm J:2.9505e-01A/cm2 ğ›’:4.8304e+01ğ›€ cm
2023-05-18 16:23:44,529 INFO Measurement at current 0.03256281407035176
2023-05-18 16:23:45,136 INFO T:132.33Â°K V:9.1711e-01V I:3.2563e-02A R:2.8164e+01ğ›€ E:1.4330e+01V/cm J:2.9874e-01A/cm2 ğ›’:4.7967e+01ğ›€ cm
2023-05-18 16:23:45,159 INFO Measurement at current 0.03296482412060302
2023-05-18 16:23:45,764 INFO T:132.34Â°K V:9.2197e-01V I:3.2965e-02A R:2.7968e+01ğ›€ E:1.4406e+01V/cm J:3.0243e-01A/cm2 ğ›’:4.7633e+01ğ›€ cm
2023-05-18 16:23:45,790 INFO Measurement at current 0.03336683417085427
2023-05-18 16:23:46,381 INFO T:132.35Â°K V:9.2665e-01V I:3.3367e-02A R:2.7771e+01ğ›€ E:1.4479e+01V/cm J:3.0612e-01A/cm2 ğ›’:4.7298e+01ğ›€ cm
2023-05-18 16:23:46,397 INFO Measurement at current 0.03376884422110553
2023-05-18 16:23:46,987 INFO T:132.36Â°K V:9.3154e-01V I:3.3769e-02A R:2.7586e+01ğ›€ E:1.4555e+01V/cm J:3.0981e-01A/cm2 ğ›’:4.6982e+01ğ›€ cm
2023-05-18 16:23:47,005 INFO Measurement at current 0.034170854271356785
2023-05-18 16:23:47,597 INFO T:132.37Â°K V:9.3589e-01V I:3.4171e-02A R:2.7389e+01ğ›€ E:1.4623e+01V/cm J:3.1349e-01A/cm2 ğ›’:4.6646e+01ğ›€ cm
2023-05-18 16:23:47,614 INFO Measurement at current 0.03457286432160804
2023-05-18 16:23:48,199 INFO T:132.38Â°K V:9.4028e-01V I:3.4573e-02A R:2.7197e+01ğ›€ E:1.4692e+01V/cm J:3.1718e-01A/cm2 ğ›’:4.6320e+01ğ›€ cm
2023-05-18 16:23:48,215 INFO Measurement at current 0.034974874371859296
2023-05-18 16:23:48,824 INFO T:132.39Â°K V:9.4464e-01V I:3.4975e-02A R:2.7009e+01ğ›€ E:1.4760e+01V/cm J:3.2087e-01A/cm2 ğ›’:4.6000e+01ğ›€ cm
2023-05-18 16:23:48,849 INFO Measurement at current 0.03537688442211055
2023-05-18 16:23:49,449 INFO T:132.40Â°K V:9.4859e-01V I:3.5377e-02A R:2.6814e+01ğ›€ E:1.4822e+01V/cm J:3.2456e-01A/cm2 ğ›’:4.5667e+01ğ›€ cm
2023-05-18 16:23:49,469 INFO Measurement at current 0.03577889447236181
2023-05-18 16:23:50,061 INFO T:132.42Â°K V:9.5273e-01V I:3.5779e-02A R:2.6628e+01ğ›€ E:1.4886e+01V/cm J:3.2825e-01A/cm2 ğ›’:4.5351e+01ğ›€ cm
2023-05-18 16:23:50,087 INFO Measurement at current 0.036180904522613064
2023-05-18 16:23:50,673 INFO T:132.43Â°K V:9.5662e-01V I:3.6181e-02A R:2.6440e+01ğ›€ E:1.4947e+01V/cm J:3.3193e-01A/cm2 ğ›’:4.5031e+01ğ›€ cm
2023-05-18 16:23:50,712 INFO Measurement at current 0.03658291457286432
2023-05-18 16:23:51,372 INFO T:132.44Â°K V:9.6026e-01V I:3.6583e-02A R:2.6249e+01ğ›€ E:1.5004e+01V/cm J:3.3562e-01A/cm2 ğ›’:4.4705e+01ğ›€ cm
2023-05-18 16:23:51,400 INFO Measurement at current 0.036984924623115575
2023-05-18 16:23:51,995 INFO T:132.45Â°K V:9.6372e-01V I:3.6985e-02A R:2.6057e+01ğ›€ E:1.5058e+01V/cm J:3.3931e-01A/cm2 ğ›’:4.4378e+01ğ›€ cm
2023-05-18 16:23:52,017 INFO Measurement at current 0.03738693467336684
2023-05-18 16:23:52,609 INFO T:132.46Â°K V:9.6762e-01V I:3.7387e-02A R:2.5881e+01ğ›€ E:1.5119e+01V/cm J:3.4300e-01A/cm2 ğ›’:4.4079e+01ğ›€ cm
2023-05-18 16:23:52,636 INFO Measurement at current 0.037788944723618094
2023-05-18 16:23:53,254 INFO T:132.47Â°K V:9.7145e-01V I:3.7789e-02A R:2.5707e+01ğ›€ E:1.5179e+01V/cm J:3.4669e-01A/cm2 ğ›’:4.3783e+01ğ›€ cm
2023-05-18 16:23:53,280 INFO Measurement at current 0.03819095477386935
2023-05-18 16:23:53,879 INFO T:132.49Â°K V:9.7525e-01V I:3.8191e-02A R:2.5536e+01ğ›€ E:1.5238e+01V/cm J:3.5038e-01A/cm2 ğ›’:4.3491e+01ğ›€ cm
2023-05-18 16:23:53,896 INFO Measurement at current 0.038592964824120606
2023-05-18 16:23:54,494 INFO T:132.50Â°K V:9.7903e-01V I:3.8593e-02A R:2.5368e+01ğ›€ E:1.5297e+01V/cm J:3.5406e-01A/cm2 ğ›’:4.3205e+01ğ›€ cm
2023-05-18 16:23:54,514 INFO Measurement at current 0.03899497487437186
2023-05-18 16:23:55,099 INFO T:132.51Â°K V:9.8254e-01V I:3.8995e-02A R:2.5197e+01ğ›€ E:1.5352e+01V/cm J:3.5775e-01A/cm2 ğ›’:4.2913e+01ğ›€ cm
2023-05-18 16:23:55,116 INFO Measurement at current 0.03939698492462312
2023-05-18 16:23:55,707 INFO T:132.52Â°K V:9.8589e-01V I:3.9397e-02A R:2.5024e+01ğ›€ E:1.5404e+01V/cm J:3.6144e-01A/cm2 ğ›’:4.2620e+01ğ›€ cm
2023-05-18 16:23:55,727 INFO Measurement at current 0.03979899497487437
2023-05-18 16:23:56,314 INFO T:132.53Â°K V:9.8909e-01V I:3.9799e-02A R:2.4852e+01ğ›€ E:1.5455e+01V/cm J:3.6513e-01A/cm2 ğ›’:4.2326e+01ğ›€ cm
2023-05-18 16:23:56,333 INFO Measurement at current 0.04020100502512563
2023-05-18 16:23:56,931 INFO T:132.54Â°K V:9.9237e-01V I:4.0201e-02A R:2.4685e+01ğ›€ E:1.5506e+01V/cm J:3.6882e-01A/cm2 ğ›’:4.2042e+01ğ›€ cm
2023-05-18 16:23:56,947 INFO Measurement at current 0.040603015075376885
2023-05-18 16:23:57,537 INFO T:132.55Â°K V:9.9574e-01V I:4.0603e-02A R:2.4524e+01ğ›€ E:1.5558e+01V/cm J:3.7250e-01A/cm2 ğ›’:4.1767e+01ğ›€ cm
2023-05-18 16:23:57,556 INFO Measurement at current 0.04100502512562814
2023-05-18 16:23:58,143 INFO T:132.56Â°K V:9.9885e-01V I:4.1005e-02A R:2.4359e+01ğ›€ E:1.5607e+01V/cm J:3.7619e-01A/cm2 ğ›’:4.1487e+01ğ›€ cm
2023-05-18 16:23:58,177 INFO Measurement at current 0.041407035175879396
2023-05-18 16:23:58,772 INFO T:132.58Â°K V:1.0018e+00V I:4.1407e-02A R:2.4193e+01ğ›€ E:1.5653e+01V/cm J:3.7988e-01A/cm2 ğ›’:4.1204e+01ğ›€ cm
2023-05-18 16:23:58,838 INFO Measurement at current 0.04180904522613065
2023-05-18 16:23:59,424 INFO T:132.59Â°K V:1.0044e+00V I:4.1809e-02A R:2.4023e+01ğ›€ E:1.5694e+01V/cm J:3.8357e-01A/cm2 ğ›’:4.0914e+01ğ›€ cm
2023-05-18 16:23:59,442 INFO Measurement at current 0.04221105527638191
2023-05-18 16:24:00,033 INFO T:132.60Â°K V:1.0074e+00V I:4.2211e-02A R:2.3865e+01ğ›€ E:1.5740e+01V/cm J:3.8726e-01A/cm2 ğ›’:4.0645e+01ğ›€ cm
2023-05-18 16:24:00,062 INFO Measurement at current 0.042613065326633164
2023-05-18 16:24:00,654 INFO T:132.61Â°K V:1.0103e+00V I:4.2613e-02A R:2.3709e+01ğ›€ E:1.5786e+01V/cm J:3.9095e-01A/cm2 ğ›’:4.0379e+01ğ›€ cm
2023-05-18 16:24:00,686 INFO Measurement at current 0.043015075376884426
2023-05-18 16:24:01,274 INFO T:132.62Â°K V:1.0130e+00V I:4.3015e-02A R:2.3550e+01ğ›€ E:1.5828e+01V/cm J:3.9463e-01A/cm2 ğ›’:4.0108e+01ğ›€ cm
2023-05-18 16:24:01,289 INFO Measurement at current 0.04341708542713568
2023-05-18 16:24:01,877 INFO T:132.63Â°K V:1.0159e+00V I:4.3417e-02A R:2.3399e+01ğ›€ E:1.5874e+01V/cm J:3.9832e-01A/cm2 ğ›’:3.9851e+01ğ›€ cm
2023-05-18 16:24:01,899 INFO Measurement at current 0.04381909547738694
2023-05-18 16:24:02,484 INFO T:132.64Â°K V:1.0187e+00V I:4.3819e-02A R:2.3248e+01ğ›€ E:1.5917e+01V/cm J:4.0201e-01A/cm2 ğ›’:3.9594e+01ğ›€ cm
2023-05-18 16:24:02,503 INFO Measurement at current 0.044221105527638194
2023-05-18 16:24:03,090 INFO T:132.65Â°K V:1.0214e+00V I:4.4221e-02A R:2.3098e+01ğ›€ E:1.5960e+01V/cm J:4.0570e-01A/cm2 ğ›’:3.9340e+01ğ›€ cm
2023-05-18 16:24:03,106 INFO Measurement at current 0.04462311557788945
2023-05-18 16:24:03,693 INFO T:132.67Â°K V:1.0243e+00V I:4.4623e-02A R:2.2954e+01ğ›€ E:1.6004e+01V/cm J:4.0939e-01A/cm2 ğ›’:3.9093e+01ğ›€ cm
2023-05-18 16:24:03,714 INFO Measurement at current 0.045025125628140705
2023-05-18 16:24:04,304 INFO T:132.68Â°K V:1.0265e+00V I:4.5025e-02A R:2.2799e+01ğ›€ E:1.6040e+01V/cm J:4.1307e-01A/cm2 ğ›’:3.8830e+01ğ›€ cm
2023-05-18 16:24:04,328 INFO Measurement at current 0.04542713567839196
2023-05-18 16:24:04,917 INFO T:132.69Â°K V:1.0290e+00V I:4.5427e-02A R:2.2651e+01ğ›€ E:1.6078e+01V/cm J:4.1676e-01A/cm2 ğ›’:3.8577e+01ğ›€ cm
2023-05-18 16:24:04,935 INFO Measurement at current 0.04582914572864322
2023-05-18 16:24:05,536 INFO T:132.70Â°K V:1.0316e+00V I:4.5829e-02A R:2.2509e+01ğ›€ E:1.6118e+01V/cm J:4.2045e-01A/cm2 ğ›’:3.8335e+01ğ›€ cm
2023-05-18 16:24:05,555 INFO Measurement at current 0.04623115577889447
2023-05-18 16:24:06,143 INFO T:132.71Â°K V:1.0338e+00V I:4.6231e-02A R:2.2362e+01ğ›€ E:1.6153e+01V/cm J:4.2414e-01A/cm2 ğ›’:3.8085e+01ğ›€ cm
2023-05-18 16:24:06,171 INFO Measurement at current 0.04663316582914573
2023-05-18 16:24:06,769 INFO T:132.72Â°K V:1.0361e+00V I:4.6633e-02A R:2.2219e+01ğ›€ E:1.6190e+01V/cm J:4.2783e-01A/cm2 ğ›’:3.7842e+01ğ›€ cm
2023-05-18 16:24:06,786 INFO Measurement at current 0.047035175879396984
2023-05-18 16:24:07,372 INFO T:132.73Â°K V:1.0384e+00V I:4.7035e-02A R:2.2077e+01ğ›€ E:1.6225e+01V/cm J:4.3152e-01A/cm2 ğ›’:3.7599e+01ğ›€ cm
2023-05-18 16:24:07,392 INFO Measurement at current 0.04743718592964824
2023-05-18 16:24:07,976 INFO T:132.74Â°K V:1.0406e+00V I:4.7437e-02A R:2.1937e+01ğ›€ E:1.6260e+01V/cm J:4.3520e-01A/cm2 ğ›’:3.7361e+01ğ›€ cm
2023-05-18 16:24:07,993 INFO Measurement at current 0.047839195979899496
2023-05-18 16:24:08,601 INFO T:132.76Â°K V:1.0428e+00V I:4.7839e-02A R:2.1798e+01ğ›€ E:1.6294e+01V/cm J:4.3889e-01A/cm2 ğ›’:3.7124e+01ğ›€ cm
2023-05-18 16:24:08,620 INFO Measurement at current 0.04824120603015075
2023-05-18 16:24:09,251 INFO T:132.77Â°K V:1.0449e+00V I:4.8241e-02A R:2.1661e+01ğ›€ E:1.6327e+01V/cm J:4.4258e-01A/cm2 ğ›’:3.6891e+01ğ›€ cm
2023-05-18 16:24:09,273 INFO Measurement at current 0.048643216080402014
2023-05-18 16:24:09,858 INFO T:132.78Â°K V:1.0468e+00V I:4.8643e-02A R:2.1520e+01ğ›€ E:1.6356e+01V/cm J:4.4627e-01A/cm2 ğ›’:3.6651e+01ğ›€ cm
2023-05-18 16:24:09,881 INFO Measurement at current 0.04904522613065327
2023-05-18 16:24:10,466 INFO T:132.79Â°K V:1.0489e+00V I:4.9045e-02A R:2.1387e+01ğ›€ E:1.6389e+01V/cm J:4.4996e-01A/cm2 ğ›’:3.6424e+01ğ›€ cm
2023-05-18 16:24:10,481 INFO Measurement at current 0.049447236180904526
2023-05-18 16:24:11,065 INFO T:132.80Â°K V:1.0511e+00V I:4.9447e-02A R:2.1256e+01ğ›€ E:1.6423e+01V/cm J:4.5364e-01A/cm2 ğ›’:3.6202e+01ğ›€ cm
2023-05-18 16:24:11,081 INFO Measurement at current 0.04984924623115578
2023-05-18 16:24:11,667 INFO T:132.81Â°K V:1.0532e+00V I:4.9849e-02A R:2.1128e+01ğ›€ E:1.6457e+01V/cm J:4.5733e-01A/cm2 ğ›’:3.5984e+01ğ›€ cm
2023-05-18 16:24:11,696 INFO Measurement at current 0.05025125628140704
2023-05-18 16:24:12,281 INFO T:132.82Â°K V:1.0550e+00V I:5.0251e-02A R:2.0995e+01ğ›€ E:1.6485e+01V/cm J:4.6102e-01A/cm2 ğ›’:3.5758e+01ğ›€ cm
2023-05-18 16:24:12,296 INFO Measurement at current 0.05065326633165829
2023-05-18 16:24:12,881 INFO T:132.83Â°K V:1.0572e+00V I:5.0653e-02A R:2.0871e+01ğ›€ E:1.6518e+01V/cm J:4.6471e-01A/cm2 ğ›’:3.5545e+01ğ›€ cm
2023-05-18 16:24:12,902 INFO Measurement at current 0.05105527638190955
2023-05-18 16:24:13,506 INFO T:132.85Â°K V:1.0590e+00V I:5.1055e-02A R:2.0742e+01ğ›€ E:1.6547e+01V/cm J:4.6840e-01A/cm2 ğ›’:3.5327e+01ğ›€ cm
2023-05-18 16:24:13,525 INFO Measurement at current 0.051457286432160805
2023-05-18 16:24:14,112 INFO T:132.86Â°K V:1.0607e+00V I:5.1457e-02A R:2.0613e+01ğ›€ E:1.6574e+01V/cm J:4.7209e-01A/cm2 ğ›’:3.5107e+01ğ›€ cm
2023-05-18 16:24:14,141 INFO Measurement at current 0.05185929648241206
2023-05-18 16:24:14,737 INFO T:132.87Â°K V:1.0624e+00V I:5.1859e-02A R:2.0486e+01ğ›€ E:1.6600e+01V/cm J:4.7577e-01A/cm2 ğ›’:3.4890e+01ğ›€ cm
2023-05-18 16:24:14,774 INFO Measurement at current 0.05226130653266332
2023-05-18 16:24:15,373 INFO T:132.88Â°K V:1.0639e+00V I:5.2261e-02A R:2.0358e+01ğ›€ E:1.6624e+01V/cm J:4.7946e-01A/cm2 ğ›’:3.4672e+01ğ›€ cm
2023-05-18 16:24:15,400 INFO Measurement at current 0.05266331658291457
2023-05-18 16:24:16,011 INFO T:132.89Â°K V:1.0657e+00V I:5.2663e-02A R:2.0236e+01ğ›€ E:1.6651e+01V/cm J:4.8315e-01A/cm2 ğ›’:3.4464e+01ğ›€ cm
2023-05-18 16:24:16,040 INFO Measurement at current 0.05306532663316583
2023-05-18 16:24:16,639 INFO T:132.90Â°K V:1.0671e+00V I:5.3065e-02A R:2.0108e+01ğ›€ E:1.6673e+01V/cm J:4.8684e-01A/cm2 ğ›’:3.4247e+01ğ›€ cm
2023-05-18 16:24:16,662 INFO Measurement at current 0.053467336683417084
2023-05-18 16:24:17,246 INFO T:132.91Â°K V:1.0688e+00V I:5.3467e-02A R:1.9989e+01ğ›€ E:1.6699e+01V/cm J:4.9053e-01A/cm2 ğ›’:3.4044e+01ğ›€ cm
2023-05-18 16:24:17,285 INFO Measurement at current 0.05386934673366834
2023-05-18 16:24:17,891 INFO T:132.93Â°K V:1.0704e+00V I:5.3869e-02A R:1.9870e+01ğ›€ E:1.6724e+01V/cm J:4.9421e-01A/cm2 ğ›’:3.3840e+01ğ›€ cm
2023-05-18 16:24:17,928 INFO Measurement at current 0.054271356783919596
2023-05-18 16:24:18,520 INFO T:132.94Â°K V:1.0716e+00V I:5.4271e-02A R:1.9746e+01ğ›€ E:1.6744e+01V/cm J:4.9790e-01A/cm2 ğ›’:3.3630e+01ğ›€ cm
2023-05-18 16:24:18,536 INFO Measurement at current 0.05467336683417086
2023-05-18 16:24:19,146 INFO T:132.95Â°K V:1.0734e+00V I:5.4673e-02A R:1.9633e+01ğ›€ E:1.6772e+01V/cm J:5.0159e-01A/cm2 ğ›’:3.3437e+01ğ›€ cm
2023-05-18 16:24:19,242 INFO Measurement at current 0.055075376884422114
2023-05-18 16:24:19,848 INFO T:132.96Â°K V:1.0740e+00V I:5.5075e-02A R:1.9500e+01ğ›€ E:1.6781e+01V/cm J:5.0528e-01A/cm2 ğ›’:3.3210e+01ğ›€ cm
2023-05-18 16:24:19,865 INFO Measurement at current 0.05547738693467337
2023-05-18 16:24:20,456 INFO T:132.97Â°K V:1.0756e+00V I:5.5477e-02A R:1.9388e+01ğ›€ E:1.6806e+01V/cm J:5.0897e-01A/cm2 ğ›’:3.3020e+01ğ›€ cm
2023-05-18 16:24:20,473 INFO Measurement at current 0.055879396984924626
2023-05-18 16:24:21,062 INFO T:132.98Â°K V:1.0773e+00V I:5.5879e-02A R:1.9278e+01ğ›€ E:1.6832e+01V/cm J:5.1266e-01A/cm2 ğ›’:3.2834e+01ğ›€ cm
2023-05-18 16:24:21,078 INFO Measurement at current 0.05628140703517588
2023-05-18 16:24:21,672 INFO T:132.99Â°K V:1.0789e+00V I:5.6281e-02A R:1.9169e+01ğ›€ E:1.6857e+01V/cm J:5.1634e-01A/cm2 ğ›’:3.2647e+01ğ›€ cm
2023-05-18 16:24:21,699 INFO Measurement at current 0.05668341708542714
2023-05-18 16:24:22,306 INFO T:133.01Â°K V:1.0802e+00V I:5.6683e-02A R:1.9056e+01ğ›€ E:1.6878e+01V/cm J:5.2003e-01A/cm2 ğ›’:3.2455e+01ğ›€ cm
2023-05-18 16:24:22,323 INFO Measurement at current 0.05708542713567839
2023-05-18 16:24:22,915 INFO T:133.02Â°K V:1.0816e+00V I:5.7085e-02A R:1.8947e+01ğ›€ E:1.6900e+01V/cm J:5.2372e-01A/cm2 ğ›’:3.2268e+01ğ›€ cm
2023-05-18 16:24:22,932 INFO Measurement at current 0.05748743718592965
2023-05-18 16:24:23,517 INFO T:133.03Â°K V:1.0829e+00V I:5.7487e-02A R:1.8838e+01ğ›€ E:1.6921e+01V/cm J:5.2741e-01A/cm2 ğ›’:3.2083e+01ğ›€ cm
2023-05-18 16:24:23,534 INFO Measurement at current 0.057889447236180905
2023-05-18 16:24:24,128 INFO T:133.04Â°K V:1.0844e+00V I:5.7889e-02A R:1.8733e+01ğ›€ E:1.6944e+01V/cm J:5.3110e-01A/cm2 ğ›’:3.1904e+01ğ›€ cm
2023-05-18 16:24:24,154 INFO Measurement at current 0.05829145728643216
2023-05-18 16:24:24,769 INFO T:133.05Â°K V:1.0854e+00V I:5.8291e-02A R:1.8620e+01ğ›€ E:1.6960e+01V/cm J:5.3478e-01A/cm2 ğ›’:3.1713e+01ğ›€ cm
2023-05-18 16:24:24,794 INFO Measurement at current 0.058693467336683416
2023-05-18 16:24:25,382 INFO T:133.06Â°K V:1.0866e+00V I:5.8693e-02A R:1.8514e+01ğ›€ E:1.6979e+01V/cm J:5.3847e-01A/cm2 ğ›’:3.1531e+01ğ›€ cm
2023-05-18 16:24:25,412 INFO Measurement at current 0.05909547738693467
2023-05-18 16:24:26,011 INFO T:133.07Â°K V:1.0878e+00V I:5.9095e-02A R:1.8408e+01ğ›€ E:1.6997e+01V/cm J:5.4216e-01A/cm2 ğ›’:3.1351e+01ğ›€ cm
2023-05-18 16:24:26,029 INFO Measurement at current 0.05949748743718593
2023-05-18 16:24:26,627 INFO T:133.08Â°K V:1.0891e+00V I:5.9497e-02A R:1.8305e+01ğ›€ E:1.7017e+01V/cm J:5.4585e-01A/cm2 ğ›’:3.1175e+01ğ›€ cm
2023-05-18 16:24:26,655 INFO Measurement at current 0.059899497487437184
2023-05-18 16:24:27,244 INFO T:133.10Â°K V:1.0904e+00V I:5.9899e-02A R:1.8203e+01ğ›€ E:1.7037e+01V/cm J:5.4954e-01A/cm2 ğ›’:3.1002e+01ğ›€ cm
2023-05-18 16:24:27,263 INFO Measurement at current 0.06030150753768845
2023-05-18 16:24:27,849 INFO T:133.11Â°K V:1.0916e+00V I:6.0302e-02A R:1.8102e+01ğ›€ E:1.7056e+01V/cm J:5.5322e-01A/cm2 ğ›’:3.0829e+01ğ›€ cm
2023-05-18 16:24:27,871 INFO Measurement at current 0.0607035175879397
2023-05-18 16:24:28,461 INFO T:133.12Â°K V:1.0929e+00V I:6.0704e-02A R:1.8003e+01ğ›€ E:1.7076e+01V/cm J:5.5691e-01A/cm2 ğ›’:3.0662e+01ğ›€ cm
2023-05-18 16:24:28,484 INFO Measurement at current 0.06110552763819096
2023-05-18 16:24:29,087 INFO T:133.13Â°K V:1.0941e+00V I:6.1106e-02A R:1.7904e+01ğ›€ E:1.7095e+01V/cm J:5.6060e-01A/cm2 ğ›’:3.0493e+01ğ›€ cm
2023-05-18 16:24:29,124 INFO Measurement at current 0.061507537688442214
2023-05-18 16:24:29,711 INFO T:133.14Â°K V:1.0950e+00V I:6.1508e-02A R:1.7803e+01ğ›€ E:1.7110e+01V/cm J:5.6429e-01A/cm2 ğ›’:3.0321e+01ğ›€ cm
2023-05-18 16:24:29,756 INFO Measurement at current 0.06190954773869347
2023-05-18 16:24:30,369 INFO T:133.15Â°K V:1.0958e+00V I:6.1910e-02A R:1.7700e+01ğ›€ E:1.7122e+01V/cm J:5.6798e-01A/cm2 ğ›’:3.0146e+01ğ›€ cm
2023-05-18 16:24:30,400 INFO Measurement at current 0.062311557788944726
2023-05-18 16:24:31,003 INFO T:133.16Â°K V:1.0967e+00V I:6.2312e-02A R:1.7601e+01ğ›€ E:1.7136e+01V/cm J:5.7167e-01A/cm2 ğ›’:2.9976e+01ğ›€ cm
2023-05-18 16:24:31,019 INFO Measurement at current 0.06271356783919597
2023-05-18 16:24:31,602 INFO T:133.17Â°K V:1.0981e+00V I:6.2714e-02A R:1.7509e+01ğ›€ E:1.7157e+01V/cm J:5.7535e-01A/cm2 ğ›’:2.9820e+01ğ›€ cm
2023-05-18 16:24:31,628 INFO Measurement at current 0.06311557788944724
2023-05-18 16:24:32,212 INFO T:133.19Â°K V:1.0992e+00V I:6.3116e-02A R:1.7416e+01ğ›€ E:1.7175e+01V/cm J:5.7904e-01A/cm2 ğ›’:2.9662e+01ğ›€ cm
2023-05-18 16:24:32,228 INFO Measurement at current 0.0635175879396985
2023-05-18 16:24:32,810 INFO T:133.20Â°K V:1.1005e+00V I:6.3518e-02A R:1.7326e+01ğ›€ E:1.7195e+01V/cm J:5.8273e-01A/cm2 ğ›’:2.9508e+01ğ›€ cm
2023-05-18 16:24:32,829 INFO Measurement at current 0.06391959798994976
2023-05-18 16:24:33,416 INFO T:133.21Â°K V:1.1015e+00V I:6.3920e-02A R:1.7233e+01ğ›€ E:1.7211e+01V/cm J:5.8642e-01A/cm2 ğ›’:2.9350e+01ğ›€ cm
2023-05-18 16:24:33,443 INFO Measurement at current 0.06432160804020101
2023-05-18 16:24:34,034 INFO T:133.22Â°K V:1.1025e+00V I:6.4322e-02A R:1.7141e+01ğ›€ E:1.7227e+01V/cm J:5.9011e-01A/cm2 ğ›’:2.9193e+01ğ›€ cm
2023-05-18 16:24:34,062 INFO Measurement at current 0.06472361809045227
2023-05-18 16:24:34,671 INFO T:133.23Â°K V:1.1033e+00V I:6.4724e-02A R:1.7047e+01ğ›€ E:1.7240e+01V/cm J:5.9379e-01A/cm2 ğ›’:2.9033e+01ğ›€ cm
2023-05-18 16:24:34,696 INFO Measurement at current 0.06512562814070352
2023-05-18 16:24:35,297 INFO T:133.24Â°K V:1.1043e+00V I:6.5126e-02A R:1.6956e+01ğ›€ E:1.7254e+01V/cm J:5.9748e-01A/cm2 ğ›’:2.8878e+01ğ›€ cm
2023-05-18 16:24:35,316 INFO Measurement at current 0.06552763819095478
2023-05-18 16:24:35,903 INFO T:133.25Â°K V:1.1053e+00V I:6.5528e-02A R:1.6867e+01ğ›€ E:1.7270e+01V/cm J:6.0117e-01A/cm2 ğ›’:2.8727e+01ğ›€ cm
2023-05-18 16:24:35,923 INFO Measurement at current 0.06592964824120603
2023-05-18 16:24:36,526 INFO T:133.26Â°K V:1.1061e+00V I:6.5930e-02A R:1.6776e+01ğ›€ E:1.7282e+01V/cm J:6.0486e-01A/cm2 ğ›’:2.8572e+01ğ›€ cm
2023-05-18 16:24:36,550 INFO Measurement at current 0.06633165829145729
2023-05-18 16:24:37,156 INFO T:133.28Â°K V:1.1065e+00V I:6.6332e-02A R:1.6682e+01ğ›€ E:1.7290e+01V/cm J:6.0855e-01A/cm2 ğ›’:2.8411e+01ğ›€ cm
2023-05-18 16:24:37,180 INFO Measurement at current 0.06673366834170855
2023-05-18 16:24:37,776 INFO T:133.29Â°K V:1.1074e+00V I:6.6734e-02A R:1.6595e+01ğ›€ E:1.7304e+01V/cm J:6.1224e-01A/cm2 ğ›’:2.8263e+01ğ›€ cm
2023-05-18 16:24:37,820 INFO Measurement at current 0.0671356783919598
2023-05-18 16:24:38,421 INFO T:133.30Â°K V:1.1083e+00V I:6.7136e-02A R:1.6508e+01ğ›€ E:1.7317e+01V/cm J:6.1592e-01A/cm2 ğ›’:2.8115e+01ğ›€ cm
2023-05-18 16:24:38,451 INFO Measurement at current 0.06753768844221106
2023-05-18 16:24:39,041 INFO T:133.31Â°K V:1.1092e+00V I:6.7538e-02A R:1.6423e+01ğ›€ E:1.7331e+01V/cm J:6.1961e-01A/cm2 ğ›’:2.7970e+01ğ›€ cm
2023-05-18 16:24:39,060 INFO Measurement at current 0.06793969849246231
2023-05-18 16:24:39,666 INFO T:133.32Â°K V:1.1099e+00V I:6.7940e-02A R:1.6336e+01ğ›€ E:1.7342e+01V/cm J:6.2330e-01A/cm2 ğ›’:2.7823e+01ğ›€ cm
2023-05-18 16:24:39,685 INFO Measurement at current 0.06834170854271357
2023-05-18 16:24:40,267 INFO T:133.33Â°K V:1.1108e+00V I:6.8342e-02A R:1.6254e+01ğ›€ E:1.7356e+01V/cm J:6.2699e-01A/cm2 ğ›’:2.7682e+01ğ›€ cm
2023-05-18 16:24:40,314 INFO Measurement at current 0.06874371859296483
2023-05-18 16:24:40,908 INFO T:133.34Â°K V:1.1115e+00V I:6.8744e-02A R:1.6169e+01ğ›€ E:1.7368e+01V/cm J:6.3068e-01A/cm2 ğ›’:2.7538e+01ğ›€ cm
2023-05-18 16:24:40,937 INFO Measurement at current 0.06914572864321608
2023-05-18 16:24:41,536 INFO T:133.35Â°K V:1.1123e+00V I:6.9146e-02A R:1.6087e+01ğ›€ E:1.7380e+01V/cm J:6.3436e-01A/cm2 ğ›’:2.7397e+01ğ›€ cm
2023-05-18 16:24:41,566 INFO Measurement at current 0.06954773869346734
2023-05-18 16:24:42,162 INFO T:133.37Â°K V:1.1130e+00V I:6.9548e-02A R:1.6003e+01ğ›€ E:1.7390e+01V/cm J:6.3805e-01A/cm2 ğ›’:2.7255e+01ğ›€ cm
2023-05-18 16:24:42,179 INFO Measurement at current 0.06994974874371859
2023-05-18 16:24:42,786 INFO T:133.38Â°K V:1.1138e+00V I:6.9950e-02A R:1.5922e+01ğ›€ E:1.7403e+01V/cm J:6.4174e-01A/cm2 ğ›’:2.7118e+01ğ›€ cm
2023-05-18 16:24:42,812 INFO Measurement at current 0.07035175879396985
2023-05-18 16:24:43,402 INFO T:133.39Â°K V:1.1145e+00V I:7.0352e-02A R:1.5842e+01ğ›€ E:1.7414e+01V/cm J:6.4543e-01A/cm2 ğ›’:2.6981e+01ğ›€ cm
2023-05-18 16:24:43,429 INFO Measurement at current 0.0707537688442211
2023-05-18 16:24:44,039 INFO T:133.40Â°K V:1.1153e+00V I:7.0754e-02A R:1.5763e+01ğ›€ E:1.7427e+01V/cm J:6.4912e-01A/cm2 ğ›’:2.6847e+01ğ›€ cm
2023-05-18 16:24:44,056 INFO Measurement at current 0.07115577889447236
2023-05-18 16:24:44,667 INFO T:133.41Â°K V:1.1160e+00V I:7.1156e-02A R:1.5684e+01ğ›€ E:1.7437e+01V/cm J:6.5281e-01A/cm2 ğ›’:2.6711e+01ğ›€ cm
2023-05-18 16:24:44,689 INFO Measurement at current 0.07155778894472362
2023-05-18 16:24:45,289 INFO T:133.42Â°K V:1.1164e+00V I:7.1558e-02A R:1.5601e+01ğ›€ E:1.7443e+01V/cm J:6.5649e-01A/cm2 ğ›’:2.6571e+01ğ›€ cm
2023-05-18 16:24:45,308 INFO Measurement at current 0.07195979899497487
2023-05-18 16:24:45,919 INFO T:133.43Â°K V:1.1171e+00V I:7.1960e-02A R:1.5524e+01ğ›€ E:1.7454e+01V/cm J:6.6018e-01A/cm2 ğ›’:2.6439e+01ğ›€ cm
2023-05-18 16:24:45,980 INFO Measurement at current 0.07236180904522613
2023-05-18 16:24:46,574 INFO T:133.45Â°K V:1.1173e+00V I:7.2362e-02A R:1.5441e+01ğ›€ E:1.7458e+01V/cm J:6.6387e-01A/cm2 ğ›’:2.6297e+01ğ›€ cm
2023-05-18 16:24:46,598 INFO Measurement at current 0.07276381909547738
2023-05-18 16:24:47,189 INFO T:133.46Â°K V:1.1181e+00V I:7.2764e-02A R:1.5366e+01ğ›€ E:1.7470e+01V/cm J:6.6756e-01A/cm2 ğ›’:2.6170e+01ğ›€ cm
2023-05-18 16:24:47,213 INFO Measurement at current 0.07316582914572864
2023-05-18 16:24:47,797 INFO T:133.47Â°K V:1.1188e+00V I:7.3166e-02A R:1.5291e+01ğ›€ E:1.7481e+01V/cm J:6.7125e-01A/cm2 ğ›’:2.6043e+01ğ›€ cm
2023-05-18 16:24:47,821 INFO Measurement at current 0.0735678391959799
2023-05-18 16:24:48,407 INFO T:133.48Â°K V:1.1196e+00V I:7.3568e-02A R:1.5219e+01ğ›€ E:1.7494e+01V/cm J:6.7493e-01A/cm2 ğ›’:2.5919e+01ğ›€ cm
2023-05-18 16:24:48,426 INFO Measurement at current 0.07396984924623115
2023-05-18 16:24:49,013 INFO T:133.49Â°K V:1.1203e+00V I:7.3970e-02A R:1.5146e+01ğ›€ E:1.7505e+01V/cm J:6.7862e-01A/cm2 ğ›’:2.5795e+01ğ›€ cm
2023-05-18 16:24:49,034 INFO Measurement at current 0.07437185929648242
2023-05-18 16:24:49,624 INFO T:133.50Â°K V:1.1210e+00V I:7.4372e-02A R:1.5073e+01ğ›€ E:1.7516e+01V/cm J:6.8231e-01A/cm2 ğ›’:2.5671e+01ğ›€ cm
2023-05-18 16:24:49,650 INFO Measurement at current 0.07477386934673368
2023-05-18 16:24:50,262 INFO T:133.51Â°K V:1.1214e+00V I:7.4774e-02A R:1.4998e+01ğ›€ E:1.7522e+01V/cm J:6.8600e-01A/cm2 ğ›’:2.5543e+01ğ›€ cm
2023-05-18 16:24:50,281 INFO Measurement at current 0.07517587939698493
2023-05-18 16:24:50,886 INFO T:133.52Â°K V:1.1220e+00V I:7.5176e-02A R:1.4925e+01ğ›€ E:1.7531e+01V/cm J:6.8969e-01A/cm2 ğ›’:2.5419e+01ğ›€ cm
2023-05-18 16:24:50,902 INFO Measurement at current 0.07557788944723619
2023-05-18 16:24:51,502 INFO T:133.54Â°K V:1.1227e+00V I:7.5578e-02A R:1.4855e+01ğ›€ E:1.7542e+01V/cm J:6.9338e-01A/cm2 ğ›’:2.5299e+01ğ›€ cm
2023-05-18 16:24:51,529 INFO Measurement at current 0.07597989949748744
2023-05-18 16:24:52,133 INFO T:133.55Â°K V:1.1230e+00V I:7.5980e-02A R:1.4781e+01ğ›€ E:1.7547e+01V/cm J:6.9706e-01A/cm2 ğ›’:2.5173e+01ğ›€ cm
2023-05-18 16:24:52,151 INFO Measurement at current 0.0763819095477387
2023-05-18 16:24:52,741 INFO T:133.56Â°K V:1.1237e+00V I:7.6382e-02A R:1.4711e+01ğ›€ E:1.7558e+01V/cm J:7.0075e-01A/cm2 ğ›’:2.5055e+01ğ›€ cm
2023-05-18 16:24:52,760 INFO Measurement at current 0.07678391959798996
2023-05-18 16:24:53,366 INFO T:133.57Â°K V:1.1243e+00V I:7.6784e-02A R:1.4643e+01ğ›€ E:1.7567e+01V/cm J:7.0444e-01A/cm2 ğ›’:2.4938e+01ğ›€ cm
2023-05-18 16:24:53,382 INFO Measurement at current 0.07718592964824121
2023-05-18 16:24:53,977 INFO T:133.58Â°K V:1.1250e+00V I:7.7186e-02A R:1.4575e+01ğ›€ E:1.7578e+01V/cm J:7.0813e-01A/cm2 ğ›’:2.4823e+01ğ›€ cm
2023-05-18 16:24:53,999 INFO Measurement at current 0.07758793969849247
2023-05-18 16:24:54,584 INFO T:133.59Â°K V:1.1256e+00V I:7.7588e-02A R:1.4507e+01ğ›€ E:1.7587e+01V/cm J:7.1182e-01A/cm2 ğ›’:2.4708e+01ğ›€ cm
2023-05-18 16:24:54,602 INFO Measurement at current 0.07798994974874372
2023-05-18 16:24:55,202 INFO T:133.60Â°K V:1.1262e+00V I:7.7990e-02A R:1.4440e+01ğ›€ E:1.7597e+01V/cm J:7.1550e-01A/cm2 ğ›’:2.4593e+01ğ›€ cm
2023-05-18 16:24:55,223 INFO Measurement at current 0.07839195979899498
2023-05-18 16:24:55,810 INFO T:133.61Â°K V:1.1268e+00V I:7.8392e-02A R:1.4373e+01ğ›€ E:1.7606e+01V/cm J:7.1919e-01A/cm2 ğ›’:2.4480e+01ğ›€ cm
2023-05-18 16:24:55,830 INFO Measurement at current 0.07879396984924623
2023-05-18 16:24:56,457 INFO T:133.62Â°K V:1.1270e+00V I:7.8794e-02A R:1.4303e+01ğ›€ E:1.7609e+01V/cm J:7.2288e-01A/cm2 ğ›’:2.4360e+01ğ›€ cm
2023-05-18 16:24:56,487 INFO Measurement at current 0.07919597989949749
2023-05-18 16:24:57,075 INFO T:133.64Â°K V:1.1276e+00V I:7.9196e-02A R:1.4238e+01ğ›€ E:1.7619e+01V/cm J:7.2657e-01A/cm2 ğ›’:2.4249e+01ğ›€ cm
2023-05-18 16:24:57,096 INFO Measurement at current 0.07959798994974875
2023-05-18 16:24:57,685 INFO T:133.65Â°K V:1.1282e+00V I:7.9598e-02A R:1.4174e+01ğ›€ E:1.7628e+01V/cm J:7.3026e-01A/cm2 ğ›’:2.4140e+01ğ›€ cm
2023-05-18 16:24:57,701 INFO Measurement at current 0.08
2023-05-18 16:24:58,317 INFO T:133.66Â°K V:1.1288e+00V I:8.0000e-02A R:1.4110e+01ğ›€ E:1.7638e+01V/cm J:7.3394e-01A/cm2 ğ›’:2.4031e+01ğ›€ cm
2023-05-18 16:25:16,712 INFO Save the description file
2023-05-18 16:25:16,721 INFO Save data in numpy format Esperimenti/CPRO_MUSA_180523_I_V/CPRO_MUSA_180523_I_V_current_from_0_to_800e-4A/CPRO_MUSA_180523_I_V_current_from_0_to_800e-4A-20230518162515
2023-05-18 16:25:16,746 INFO Save data in CSV format Esperimenti/CPRO_MUSA_180523_I_V/CPRO_MUSA_180523_I_V_current_from_0_to_800e-4A/CPRO_MUSA_180523_I_V_current_from_0_to_800e-4A-20230518162515.csv
2023-05-18 16:25:16,764 INFO Save plot as image Esperimenti/CPRO_MUSA_180523_I_V/CPRO_MUSA_180523_I_V_current_from_0_to_800e-4A/CPRO_MUSA_180523_I_V_current_from_0_to_800e-4A-20230518162515.png
