2024-02-02 11:20:12,682 INFO Source is flipped
2024-02-02 11:20:12,683 INFO ### Start experiment: 02022024_Bi2Se3_BS_1_5f_CurrentRamp_RT_With_Currentleads_1and2_Voltag_4and3 current from 0 to 2e-3A flipped ###
2024-02-02 11:20:14,028 INFO Found Multimeter KEITHLEY INSTRUMENTS INC.,MODEL 2700,0884890,B03  /A02  

2024-02-02 11:20:15,055 INFO Found Nanovolt Meter KEITHLEY INSTRUMENTS INC.,MODEL 2182A,4056474,C03  /A02  

2024-02-02 11:20:15,162 INFO Found Source Meter KEITHLEY INSTRUMENTS INC.,MODEL 2400,0945684,C24   Feb 14 2002 11:59:45/A02  /K/H

2024-02-02 11:20:15,265 INFO Start the measurement loop
2024-02-02 11:20:19,508 INFO Measurement at current 0.0
2024-02-02 11:20:21,429 INFO T:293.13Â°K V:5.9962e-07V I:0.0000e+00A R:infğ›€ E:1.1531e-05V/cm J:0.0000e+00A/cm2 ğ›’:infğ›€ cm
2024-02-02 11:20:21,452 INFO Measurement at current 2.0202020202020203e-05
2024-02-02 11:20:23,059 INFO T:293.13Â°K V:6.8897e-07V I:2.0202e-05A R:3.4104e-02ğ›€ E:1.3249e-05V/cm J:2.2699e-04A/cm2 ğ›’:5.8370e-02ğ›€ cm
2024-02-02 11:20:23,083 INFO Measurement at current 4.0404040404040405e-05
2024-02-02 11:20:24,690 INFO T:293.13Â°K V:8.2663e-07V I:4.0404e-05A R:2.0459e-02ğ›€ E:1.5897e-05V/cm J:4.5398e-04A/cm2 ğ›’:3.5016e-02ğ›€ cm
2024-02-02 11:20:24,707 INFO Measurement at current 6.060606060606061e-05
2024-02-02 11:20:26,300 INFO T:293.13Â°K V:1.3373e-06V I:6.0606e-05A R:2.2066e-02ğ›€ E:2.5718e-05V/cm J:6.8097e-04A/cm2 ğ›’:3.7767e-02ğ›€ cm
2024-02-02 11:20:26,334 INFO Measurement at current 8.080808080808081e-05
2024-02-02 11:20:27,929 INFO T:293.13Â°K V:1.7228e-06V I:8.0808e-05A R:2.1319e-02ğ›€ E:3.3130e-05V/cm J:9.0796e-04A/cm2 ğ›’:3.6489e-02ğ›€ cm
2024-02-02 11:20:27,945 INFO Measurement at current 0.00010101010101010101
2024-02-02 11:20:29,537 INFO T:293.13Â°K V:2.0270e-06V I:1.0101e-04A R:2.0068e-02ğ›€ E:3.8982e-05V/cm J:1.1349e-03A/cm2 ğ›’:3.4347e-02ğ›€ cm
2024-02-02 11:20:29,553 INFO Measurement at current 0.00012121212121212122
2024-02-02 11:20:31,157 INFO T:293.13Â°K V:2.5396e-06V I:1.2121e-04A R:2.0951e-02ğ›€ E:4.8838e-05V/cm J:1.3619e-03A/cm2 ğ›’:3.5859e-02ğ›€ cm
2024-02-02 11:20:31,173 INFO Measurement at current 0.0001414141414141414
2024-02-02 11:20:32,776 INFO T:293.13Â°K V:2.5701e-06V I:1.4141e-04A R:1.8174e-02ğ›€ E:4.9425e-05V/cm J:1.5889e-03A/cm2 ğ›’:3.1106e-02ğ›€ cm
2024-02-02 11:20:32,799 INFO Measurement at current 0.00016161616161616162
2024-02-02 11:20:34,413 INFO T:293.13Â°K V:2.9779e-06V I:1.6162e-04A R:1.8426e-02ğ›€ E:5.7268e-05V/cm J:1.8159e-03A/cm2 ğ›’:3.1537e-02ğ›€ cm
2024-02-02 11:20:34,433 INFO Measurement at current 0.00018181818181818183
2024-02-02 11:20:36,027 INFO T:293.13Â°K V:3.3505e-06V I:1.8182e-04A R:1.8428e-02ğ›€ E:6.4432e-05V/cm J:2.0429e-03A/cm2 ğ›’:3.1540e-02ğ›€ cm
2024-02-02 11:20:36,042 INFO Measurement at current 0.00020202020202020202
2024-02-02 11:20:37,653 INFO T:293.13Â°K V:3.2974e-06V I:2.0202e-04A R:1.6322e-02ğ›€ E:6.3412e-05V/cm J:2.2699e-03A/cm2 ğ›’:2.7936e-02ğ›€ cm
2024-02-02 11:20:37,672 INFO Measurement at current 0.00022222222222222223
2024-02-02 11:20:39,272 INFO T:293.13Â°K V:3.1650e-06V I:2.2222e-04A R:1.4243e-02ğ›€ E:6.0866e-05V/cm J:2.4969e-03A/cm2 ğ›’:2.4377e-02ğ›€ cm
2024-02-02 11:20:39,294 INFO Measurement at current 0.00024242424242424245
2024-02-02 11:20:40,890 INFO T:293.13Â°K V:3.4545e-06V I:2.4242e-04A R:1.4250e-02ğ›€ E:6.6432e-05V/cm J:2.7239e-03A/cm2 ğ›’:2.4389e-02ğ›€ cm
2024-02-02 11:20:40,912 INFO Measurement at current 0.00026262626262626266
2024-02-02 11:20:42,518 INFO T:293.13Â°K V:3.5634e-06V I:2.6263e-04A R:1.3568e-02ğ›€ E:6.8526e-05V/cm J:2.9509e-03A/cm2 ğ›’:2.3223e-02ğ›€ cm
2024-02-02 11:20:42,535 INFO Measurement at current 0.0002828282828282828
2024-02-02 11:20:44,142 INFO T:293.13Â°K V:3.6985e-06V I:2.8283e-04A R:1.3077e-02ğ›€ E:7.1125e-05V/cm J:3.1778e-03A/cm2 ğ›’:2.2382e-02ğ›€ cm
2024-02-02 11:20:44,163 INFO Measurement at current 0.00030303030303030303
2024-02-02 11:20:45,763 INFO T:293.13Â°K V:4.0393e-06V I:3.0303e-04A R:1.3330e-02ğ›€ E:7.7678e-05V/cm J:3.4048e-03A/cm2 ğ›’:2.2814e-02ğ›€ cm
2024-02-02 11:20:45,781 INFO Measurement at current 0.00032323232323232324
2024-02-02 11:20:47,380 INFO T:293.13Â°K V:4.1973e-06V I:3.2323e-04A R:1.2985e-02ğ›€ E:8.0718e-05V/cm J:3.6318e-03A/cm2 ğ›’:2.2225e-02ğ›€ cm
2024-02-02 11:20:47,396 INFO Measurement at current 0.00034343434343434346
2024-02-02 11:20:48,991 INFO T:293.13Â°K V:4.3676e-06V I:3.4343e-04A R:1.2718e-02ğ›€ E:8.3993e-05V/cm J:3.8588e-03A/cm2 ğ›’:2.1767e-02ğ›€ cm
2024-02-02 11:20:49,019 INFO Measurement at current 0.00036363636363636367
2024-02-02 11:20:50,629 INFO T:293.13Â°K V:4.6724e-06V I:3.6364e-04A R:1.2849e-02ğ›€ E:8.9854e-05V/cm J:4.0858e-03A/cm2 ğ›’:2.1992e-02ğ›€ cm
2024-02-02 11:20:50,643 INFO Measurement at current 0.00038383838383838383
2024-02-02 11:20:52,244 INFO T:293.13Â°K V:4.9970e-06V I:3.8384e-04A R:1.3019e-02ğ›€ E:9.6097e-05V/cm J:4.3128e-03A/cm2 ğ›’:2.2282e-02ğ›€ cm
2024-02-02 11:20:52,267 INFO Measurement at current 0.00040404040404040404
2024-02-02 11:20:53,871 INFO T:293.13Â°K V:5.3456e-06V I:4.0404e-04A R:1.3230e-02ğ›€ E:1.0280e-04V/cm J:4.5398e-03A/cm2 ğ›’:2.2644e-02ğ›€ cm
2024-02-02 11:20:53,901 INFO Measurement at current 0.00042424242424242425
2024-02-02 11:20:55,501 INFO T:293.13Â°K V:5.7458e-06V I:4.2424e-04A R:1.3544e-02ğ›€ E:1.1050e-04V/cm J:4.7668e-03A/cm2 ğ›’:2.3180e-02ğ›€ cm
2024-02-02 11:20:55,516 INFO Measurement at current 0.00044444444444444447
2024-02-02 11:20:57,105 INFO T:293.13Â°K V:5.8123e-06V I:4.4444e-04A R:1.3078e-02ğ›€ E:1.1178e-04V/cm J:4.9938e-03A/cm2 ğ›’:2.2383e-02ğ›€ cm
2024-02-02 11:20:57,121 INFO Measurement at current 0.0004646464646464647
2024-02-02 11:20:58,714 INFO T:293.13Â°K V:6.0302e-06V I:4.6465e-04A R:1.2978e-02ğ›€ E:1.1597e-04V/cm J:5.2207e-03A/cm2 ğ›’:2.2213e-02ğ›€ cm
2024-02-02 11:20:58,729 INFO Measurement at current 0.0004848484848484849
2024-02-02 11:21:00,321 INFO T:293.13Â°K V:6.1504e-06V I:4.8485e-04A R:1.2685e-02ğ›€ E:1.1828e-04V/cm J:5.4477e-03A/cm2 ğ›’:2.1711e-02ğ›€ cm
2024-02-02 11:21:00,337 INFO Measurement at current 0.000505050505050505
2024-02-02 11:21:01,931 INFO T:293.13Â°K V:6.5139e-06V I:5.0505e-04A R:1.2898e-02ğ›€ E:1.2527e-04V/cm J:5.6747e-03A/cm2 ğ›’:2.2075e-02ğ›€ cm
2024-02-02 11:21:01,957 INFO Measurement at current 0.0005252525252525253
2024-02-02 11:21:03,611 INFO T:293.13Â°K V:7.0476e-06V I:5.2525e-04A R:1.3418e-02ğ›€ E:1.3553e-04V/cm J:5.9017e-03A/cm2 ğ›’:2.2965e-02ğ›€ cm
2024-02-02 11:21:03,654 INFO Measurement at current 0.0005454545454545455
2024-02-02 11:21:05,249 INFO T:293.13Â°K V:7.3490e-06V I:5.4545e-04A R:1.3473e-02ğ›€ E:1.4133e-04V/cm J:6.1287e-03A/cm2 ğ›’:2.3060e-02ğ›€ cm
2024-02-02 11:21:05,290 INFO Measurement at current 0.0005656565656565656
2024-02-02 11:21:06,890 INFO T:293.13Â°K V:7.3540e-06V I:5.6566e-04A R:1.3001e-02ğ›€ E:1.4142e-04V/cm J:6.3557e-03A/cm2 ğ›’:2.2251e-02ğ›€ cm
2024-02-02 11:21:06,908 INFO Measurement at current 0.0005858585858585859
2024-02-02 11:21:08,505 INFO T:293.13Â°K V:7.6487e-06V I:5.8586e-04A R:1.3055e-02ğ›€ E:1.4709e-04V/cm J:6.5827e-03A/cm2 ğ›’:2.2345e-02ğ›€ cm
2024-02-02 11:21:08,520 INFO Measurement at current 0.0006060606060606061
2024-02-02 11:21:10,124 INFO T:293.13Â°K V:7.8291e-06V I:6.0606e-04A R:1.2918e-02ğ›€ E:1.5056e-04V/cm J:6.8097e-03A/cm2 ğ›’:2.2110e-02ğ›€ cm
2024-02-02 11:21:10,142 INFO Measurement at current 0.0006262626262626263
2024-02-02 11:21:11,747 INFO T:293.13Â°K V:7.9307e-06V I:6.2626e-04A R:1.2664e-02ğ›€ E:1.5251e-04V/cm J:7.0367e-03A/cm2 ğ›’:2.1674e-02ğ›€ cm
2024-02-02 11:21:11,771 INFO Measurement at current 0.0006464646464646465
2024-02-02 11:21:13,373 INFO T:293.13Â°K V:8.4156e-06V I:6.4646e-04A R:1.3018e-02ğ›€ E:1.6184e-04V/cm J:7.2636e-03A/cm2 ğ›’:2.2281e-02ğ›€ cm
2024-02-02 11:21:13,389 INFO Measurement at current 0.0006666666666666666
2024-02-02 11:21:15,000 INFO T:293.13Â°K V:8.6301e-06V I:6.6667e-04A R:1.2945e-02ğ›€ E:1.6596e-04V/cm J:7.4906e-03A/cm2 ğ›’:2.2156e-02ğ›€ cm
2024-02-02 11:21:15,028 INFO Measurement at current 0.0006868686868686869
2024-02-02 11:21:16,623 INFO T:293.13Â°K V:8.8140e-06V I:6.8687e-04A R:1.2832e-02ğ›€ E:1.6950e-04V/cm J:7.7176e-03A/cm2 ğ›’:2.1963e-02ğ›€ cm
2024-02-02 11:21:16,650 INFO Measurement at current 0.0007070707070707071
2024-02-02 11:21:18,252 INFO T:293.13Â°K V:8.9813e-06V I:7.0707e-04A R:1.2702e-02ğ›€ E:1.7272e-04V/cm J:7.9446e-03A/cm2 ğ›’:2.1740e-02ğ›€ cm
2024-02-02 11:21:18,266 INFO Measurement at current 0.0007272727272727273
2024-02-02 11:21:19,857 INFO T:293.13Â°K V:9.1385e-06V I:7.2727e-04A R:1.2565e-02ğ›€ E:1.7574e-04V/cm J:8.1716e-03A/cm2 ğ›’:2.1506e-02ğ›€ cm
2024-02-02 11:21:19,876 INFO Measurement at current 0.0007474747474747475
2024-02-02 11:21:21,470 INFO T:293.13Â°K V:9.2572e-06V I:7.4747e-04A R:1.2385e-02ğ›€ E:1.7802e-04V/cm J:8.3986e-03A/cm2 ğ›’:2.1197e-02ğ›€ cm
2024-02-02 11:21:21,485 INFO Measurement at current 0.0007676767676767677
2024-02-02 11:21:23,094 INFO T:293.13Â°K V:9.3608e-06V I:7.6768e-04A R:1.2194e-02ğ›€ E:1.8002e-04V/cm J:8.6256e-03A/cm2 ğ›’:2.0870e-02ğ›€ cm
2024-02-02 11:21:23,118 INFO Measurement at current 0.0007878787878787879
2024-02-02 11:21:24,720 INFO T:293.13Â°K V:9.6804e-06V I:7.8788e-04A R:1.2287e-02ğ›€ E:1.8616e-04V/cm J:8.8526e-03A/cm2 ğ›’:2.1029e-02ğ›€ cm
2024-02-02 11:21:24,739 INFO Measurement at current 0.0008080808080808081
2024-02-02 11:21:26,330 INFO T:293.13Â°K V:9.8435e-06V I:8.0808e-04A R:1.2181e-02ğ›€ E:1.8930e-04V/cm J:9.0796e-03A/cm2 ğ›’:2.0849e-02ğ›€ cm
2024-02-02 11:21:26,346 INFO Measurement at current 0.0008282828282828283
2024-02-02 11:21:27,941 INFO T:293.13Â°K V:1.0607e-05V I:8.2828e-04A R:1.2806e-02ğ›€ E:2.0399e-04V/cm J:9.3065e-03A/cm2 ğ›’:2.1919e-02ğ›€ cm
2024-02-02 11:21:27,955 INFO Measurement at current 0.0008484848484848485
2024-02-02 11:21:29,546 INFO T:293.13Â°K V:1.0557e-05V I:8.4848e-04A R:1.2442e-02ğ›€ E:2.0301e-04V/cm J:9.5335e-03A/cm2 ğ›’:2.1294e-02ğ›€ cm
2024-02-02 11:21:29,562 INFO Measurement at current 0.0008686868686868687
2024-02-02 11:21:31,166 INFO T:293.13Â°K V:1.0935e-05V I:8.6869e-04A R:1.2588e-02ğ›€ E:2.1030e-04V/cm J:9.7605e-03A/cm2 ğ›’:2.1545e-02ğ›€ cm
2024-02-02 11:21:31,188 INFO Measurement at current 0.0008888888888888889
2024-02-02 11:21:32,792 INFO T:293.13Â°K V:1.1253e-05V I:8.8889e-04A R:1.2660e-02ğ›€ E:2.1640e-04V/cm J:9.9875e-03A/cm2 ğ›’:2.1667e-02ğ›€ cm
2024-02-02 11:21:32,812 INFO Measurement at current 0.0009090909090909091
2024-02-02 11:21:34,421 INFO T:293.13Â°K V:1.1342e-05V I:9.0909e-04A R:1.2476e-02ğ›€ E:2.1811e-04V/cm J:1.0215e-02A/cm2 ğ›’:2.1353e-02ğ›€ cm
2024-02-02 11:21:34,440 INFO Measurement at current 0.0009292929292929294
2024-02-02 11:21:36,033 INFO T:293.13Â°K V:1.1710e-05V I:9.2929e-04A R:1.2601e-02ğ›€ E:2.2520e-04V/cm J:1.0441e-02A/cm2 ğ›’:2.1568e-02ğ›€ cm
2024-02-02 11:21:36,051 INFO Measurement at current 0.0009494949494949495
2024-02-02 11:21:37,643 INFO T:293.13Â°K V:1.1905e-05V I:9.4949e-04A R:1.2539e-02ğ›€ E:2.2895e-04V/cm J:1.0668e-02A/cm2 ğ›’:2.1460e-02ğ›€ cm
2024-02-02 11:21:37,660 INFO Measurement at current 0.0009696969696969698
2024-02-02 11:21:39,264 INFO T:293.13Â°K V:1.2295e-05V I:9.6970e-04A R:1.2679e-02ğ›€ E:2.3644e-04V/cm J:1.0895e-02A/cm2 ğ›’:2.1701e-02ğ›€ cm
2024-02-02 11:21:39,285 INFO Measurement at current 0.00098989898989899
2024-02-02 11:21:40,883 INFO T:293.13Â°K V:1.2411e-05V I:9.8990e-04A R:1.2538e-02ğ›€ E:2.3868e-04V/cm J:1.1122e-02A/cm2 ğ›’:2.1459e-02ğ›€ cm
2024-02-02 11:21:40,905 INFO Measurement at current 0.00101010101010101
2024-02-02 11:21:42,506 INFO T:293.13Â°K V:1.2708e-05V I:1.0101e-03A R:1.2581e-02ğ›€ E:2.4438e-04V/cm J:1.1349e-02A/cm2 ğ›’:2.1533e-02ğ›€ cm
2024-02-02 11:21:42,526 INFO Measurement at current 0.0010303030303030303
2024-02-02 11:21:44,135 INFO T:293.13Â°K V:1.2888e-05V I:1.0303e-03A R:1.2509e-02ğ›€ E:2.4785e-04V/cm J:1.1576e-02A/cm2 ğ›’:2.1410e-02ğ›€ cm
2024-02-02 11:21:44,154 INFO Measurement at current 0.0010505050505050506
2024-02-02 11:21:45,760 INFO T:293.13Â°K V:1.2916e-05V I:1.0505e-03A R:1.2295e-02ğ›€ E:2.4839e-04V/cm J:1.1803e-02A/cm2 ğ›’:2.1044e-02ğ›€ cm
2024-02-02 11:21:45,777 INFO Measurement at current 0.0010707070707070708
2024-02-02 11:21:47,373 INFO T:293.13Â°K V:1.3123e-05V I:1.0707e-03A R:1.2256e-02ğ›€ E:2.5236e-04V/cm J:1.2030e-02A/cm2 ğ›’:2.0977e-02ğ›€ cm
2024-02-02 11:21:47,393 INFO Measurement at current 0.001090909090909091
2024-02-02 11:21:48,999 INFO T:293.13Â°K V:1.3298e-05V I:1.0909e-03A R:1.2190e-02ğ›€ E:2.5573e-04V/cm J:1.2257e-02A/cm2 ğ›’:2.0863e-02ğ›€ cm
2024-02-02 11:21:49,024 INFO Measurement at current 0.0011111111111111111
2024-02-02 11:21:50,645 INFO T:293.13Â°K V:1.3518e-05V I:1.1111e-03A R:1.2166e-02ğ›€ E:2.5996e-04V/cm J:1.2484e-02A/cm2 ğ›’:2.0823e-02ğ›€ cm
2024-02-02 11:22:14,676 WARNING Writing gpib error, check the source meter: write() failed: A read or write of data bytes has been aborted, possibly due to a timeout or reception of a device clear command.
2024-02-02 11:22:16,285 INFO T:586.26Â°K V:2.6295e-05V I:1.1313e-03A R:2.3243e-02ğ›€ E:5.0568e-04V/cm J:1.2711e-02A/cm2 ğ›’:3.9781e-02ğ›€ cm
2024-02-02 11:22:16,326 INFO Measurement at current 0.0011515151515151516
2024-02-02 11:22:17,940 INFO T:293.13Â°K V:1.3348e-05V I:1.1515e-03A R:1.1592e-02ğ›€ E:2.5670e-04V/cm J:1.2938e-02A/cm2 ğ›’:1.9840e-02ğ›€ cm
2024-02-02 11:22:17,980 INFO Measurement at current 0.0011717171717171718
2024-02-02 11:22:19,581 INFO T:293.13Â°K V:1.3763e-05V I:1.1717e-03A R:1.1746e-02ğ›€ E:2.6467e-04V/cm J:1.3165e-02A/cm2 ğ›’:2.0103e-02ğ›€ cm
2024-02-02 11:22:19,604 INFO Measurement at current 0.001191919191919192
2024-02-02 11:22:21,207 INFO T:293.13Â°K V:1.4707e-05V I:1.1919e-03A R:1.2339e-02ğ›€ E:2.8282e-04V/cm J:1.3392e-02A/cm2 ğ›’:2.1118e-02ğ›€ cm
2024-02-02 11:22:21,225 INFO Measurement at current 0.0012121212121212121
2024-02-02 11:22:22,827 INFO T:293.13Â°K V:1.5046e-05V I:1.2121e-03A R:1.2413e-02ğ›€ E:2.8934e-04V/cm J:1.3619e-02A/cm2 ğ›’:2.1245e-02ğ›€ cm
2024-02-02 11:22:22,843 INFO Measurement at current 0.0012323232323232323
2024-02-02 11:22:24,459 INFO T:293.13Â°K V:1.5435e-05V I:1.2323e-03A R:1.2525e-02ğ›€ E:2.9682e-04V/cm J:1.3846e-02A/cm2 ğ›’:2.1437e-02ğ›€ cm
2024-02-02 11:22:24,477 INFO Measurement at current 0.0012525252525252527
2024-02-02 11:22:26,072 INFO T:293.13Â°K V:1.5512e-05V I:1.2525e-03A R:1.2385e-02ğ›€ E:2.9831e-04V/cm J:1.4073e-02A/cm2 ğ›’:2.1197e-02ğ›€ cm
2024-02-02 11:22:26,092 INFO Measurement at current 0.0012727272727272728
2024-02-02 11:22:27,683 INFO T:293.13Â°K V:1.5617e-05V I:1.2727e-03A R:1.2271e-02ğ›€ E:3.0033e-04V/cm J:1.4300e-02A/cm2 ğ›’:2.1002e-02ğ›€ cm
2024-02-02 11:22:27,703 INFO Measurement at current 0.001292929292929293
2024-02-02 11:22:29,313 INFO T:293.13Â°K V:1.6013e-05V I:1.2929e-03A R:1.2385e-02ğ›€ E:3.0795e-04V/cm J:1.4527e-02A/cm2 ğ›’:2.1198e-02ğ›€ cm
2024-02-02 11:22:29,334 INFO Measurement at current 0.0013131313131313131
2024-02-02 11:22:30,932 INFO T:293.13Â°K V:1.6312e-05V I:1.3131e-03A R:1.2422e-02ğ›€ E:3.1369e-04V/cm J:1.4754e-02A/cm2 ğ›’:2.1261e-02ğ›€ cm
2024-02-02 11:22:30,954 INFO Measurement at current 0.0013333333333333333
2024-02-02 11:22:32,552 INFO T:293.13Â°K V:1.6330e-05V I:1.3333e-03A R:1.2247e-02ğ›€ E:3.1403e-04V/cm J:1.4981e-02A/cm2 ğ›’:2.0961e-02ğ›€ cm
2024-02-02 11:22:32,569 INFO Measurement at current 0.0013535353535353537
2024-02-02 11:22:34,165 INFO T:293.13Â°K V:1.6551e-05V I:1.3535e-03A R:1.2228e-02ğ›€ E:3.1829e-04V/cm J:1.5208e-02A/cm2 ğ›’:2.0929e-02ğ›€ cm
2024-02-02 11:22:34,182 INFO Measurement at current 0.0013737373737373738
2024-02-02 11:22:35,787 INFO T:293.13Â°K V:1.6717e-05V I:1.3737e-03A R:1.2169e-02ğ›€ E:3.2148e-04V/cm J:1.5435e-02A/cm2 ğ›’:2.0827e-02ğ›€ cm
2024-02-02 11:22:35,805 INFO Measurement at current 0.001393939393939394
2024-02-02 11:22:37,407 INFO T:293.13Â°K V:1.6937e-05V I:1.3939e-03A R:1.2150e-02ğ›€ E:3.2570e-04V/cm J:1.5662e-02A/cm2 ğ›’:2.0795e-02ğ›€ cm
2024-02-02 11:22:37,430 INFO Measurement at current 0.0014141414141414141
2024-02-02 11:22:39,028 INFO T:293.13Â°K V:1.7139e-05V I:1.4141e-03A R:1.2120e-02ğ›€ E:3.2960e-04V/cm J:1.5889e-02A/cm2 ğ›’:2.0744e-02ğ›€ cm
2024-02-02 11:22:39,057 INFO Measurement at current 0.0014343434343434343
2024-02-02 11:22:40,673 INFO T:293.13Â°K V:1.7433e-05V I:1.4343e-03A R:1.2154e-02ğ›€ E:3.3525e-04V/cm J:1.6116e-02A/cm2 ğ›’:2.0802e-02ğ›€ cm
2024-02-02 11:22:40,690 INFO Measurement at current 0.0014545454545454547
2024-02-02 11:22:42,295 INFO T:293.13Â°K V:1.7634e-05V I:1.4545e-03A R:1.2123e-02ğ›€ E:3.3911e-04V/cm J:1.6343e-02A/cm2 ğ›’:2.0749e-02ğ›€ cm
2024-02-02 11:22:42,314 INFO Measurement at current 0.0014747474747474748
2024-02-02 11:22:43,924 INFO T:293.13Â°K V:1.7052e-05V I:1.4747e-03A R:1.1562e-02ğ›€ E:3.2792e-04V/cm J:1.6570e-02A/cm2 ğ›’:1.9790e-02ğ›€ cm
2024-02-02 11:22:43,941 INFO Measurement at current 0.001494949494949495
2024-02-02 11:22:45,537 INFO T:293.13Â°K V:1.7578e-05V I:1.4949e-03A R:1.1758e-02ğ›€ E:3.3803e-04V/cm J:1.6797e-02A/cm2 ğ›’:2.0124e-02ğ›€ cm
2024-02-02 11:22:45,555 INFO Measurement at current 0.0015151515151515152
2024-02-02 11:22:47,147 INFO T:293.13Â°K V:1.8224e-05V I:1.5152e-03A R:1.2028e-02ğ›€ E:3.5046e-04V/cm J:1.7024e-02A/cm2 ğ›’:2.0586e-02ğ›€ cm
2024-02-02 11:22:47,170 INFO Measurement at current 0.0015353535353535353
2024-02-02 11:22:48,759 INFO T:293.13Â°K V:1.9097e-05V I:1.5354e-03A R:1.2438e-02ğ›€ E:3.6725e-04V/cm J:1.7251e-02A/cm2 ğ›’:2.1288e-02ğ›€ cm
2024-02-02 11:22:48,774 INFO Measurement at current 0.0015555555555555557
2024-02-02 11:22:50,365 INFO T:293.14Â°K V:1.9612e-05V I:1.5556e-03A R:1.2608e-02ğ›€ E:3.7715e-04V/cm J:1.7478e-02A/cm2 ğ›’:2.1578e-02ğ›€ cm
2024-02-02 11:22:50,382 INFO Measurement at current 0.0015757575757575758
2024-02-02 11:22:51,975 INFO T:293.14Â°K V:1.9546e-05V I:1.5758e-03A R:1.2404e-02ğ›€ E:3.7589e-04V/cm J:1.7705e-02A/cm2 ğ›’:2.1231e-02ğ›€ cm
2024-02-02 11:22:52,002 INFO Measurement at current 0.001595959595959596
2024-02-02 11:22:53,600 INFO T:293.14Â°K V:1.9780e-05V I:1.5960e-03A R:1.2393e-02ğ›€ E:3.8038e-04V/cm J:1.7932e-02A/cm2 ğ›’:2.1212e-02ğ›€ cm
2024-02-02 11:22:53,617 INFO Measurement at current 0.0016161616161616162
2024-02-02 11:22:55,261 INFO T:293.14Â°K V:2.0245e-05V I:1.6162e-03A R:1.2527e-02ğ›€ E:3.8933e-04V/cm J:1.8159e-02A/cm2 ğ›’:2.1440e-02ğ›€ cm
2024-02-02 11:22:55,282 INFO Measurement at current 0.0016363636363636363
2024-02-02 11:22:56,905 INFO T:293.14Â°K V:2.0352e-05V I:1.6364e-03A R:1.2437e-02ğ›€ E:3.9139e-04V/cm J:1.8386e-02A/cm2 ğ›’:2.1287e-02ğ›€ cm
2024-02-02 11:22:56,924 INFO Measurement at current 0.0016565656565656567
2024-02-02 11:22:58,520 INFO T:293.14Â°K V:2.0359e-05V I:1.6566e-03A R:1.2290e-02ğ›€ E:3.9152e-04V/cm J:1.8613e-02A/cm2 ğ›’:2.1035e-02ğ›€ cm
2024-02-02 11:22:58,553 INFO Measurement at current 0.0016767676767676769
2024-02-02 11:23:00,171 INFO T:293.14Â°K V:2.0590e-05V I:1.6768e-03A R:1.2280e-02ğ›€ E:3.9597e-04V/cm J:1.8840e-02A/cm2 ğ›’:2.1017e-02ğ›€ cm
2024-02-02 11:23:00,188 INFO Measurement at current 0.001696969696969697
2024-02-02 11:23:01,791 INFO T:293.14Â°K V:2.0816e-05V I:1.6970e-03A R:1.2266e-02ğ›€ E:4.0030e-04V/cm J:1.9067e-02A/cm2 ğ›’:2.0994e-02ğ›€ cm
2024-02-02 11:23:01,823 INFO Measurement at current 0.0017171717171717172
2024-02-02 11:23:03,420 INFO T:293.14Â°K V:2.0987e-05V I:1.7172e-03A R:1.2222e-02ğ›€ E:4.0360e-04V/cm J:1.9294e-02A/cm2 ğ›’:2.0918e-02ğ›€ cm
2024-02-02 11:23:03,440 INFO Measurement at current 0.0017373737373737373
2024-02-02 11:23:05,043 INFO T:293.14Â°K V:2.1298e-05V I:1.7374e-03A R:1.2259e-02ğ›€ E:4.0957e-04V/cm J:1.9521e-02A/cm2 ğ›’:2.0981e-02ğ›€ cm
2024-02-02 11:23:05,064 INFO Measurement at current 0.0017575757575757577
2024-02-02 11:23:06,660 INFO T:293.14Â°K V:2.1485e-05V I:1.7576e-03A R:1.2224e-02ğ›€ E:4.1316e-04V/cm J:1.9748e-02A/cm2 ğ›’:2.0922e-02ğ›€ cm
2024-02-02 11:23:06,678 INFO Measurement at current 0.0017777777777777779
2024-02-02 11:23:08,304 INFO T:293.14Â°K V:2.1700e-05V I:1.7778e-03A R:1.2206e-02ğ›€ E:4.1731e-04V/cm J:1.9975e-02A/cm2 ğ›’:2.0892e-02ğ›€ cm
2024-02-02 11:23:08,335 INFO Measurement at current 0.001797979797979798
2024-02-02 11:23:09,944 INFO T:293.14Â°K V:2.2064e-05V I:1.7980e-03A R:1.2271e-02ğ›€ E:4.2430e-04V/cm J:2.0202e-02A/cm2 ğ›’:2.1003e-02ğ›€ cm
2024-02-02 11:23:09,975 INFO Measurement at current 0.0018181818181818182
2024-02-02 11:23:11,588 INFO T:293.14Â°K V:2.2231e-05V I:1.8182e-03A R:1.2227e-02ğ›€ E:4.2752e-04V/cm J:2.0429e-02A/cm2 ğ›’:2.0927e-02ğ›€ cm
2024-02-02 11:23:11,605 INFO Measurement at current 0.0018383838383838383
2024-02-02 11:23:13,209 INFO T:293.14Â°K V:2.2470e-05V I:1.8384e-03A R:1.2223e-02ğ›€ E:4.3212e-04V/cm J:2.0656e-02A/cm2 ğ›’:2.0920e-02ğ›€ cm
2024-02-02 11:23:13,238 INFO Measurement at current 0.0018585858585858587
2024-02-02 11:23:14,845 INFO T:293.14Â°K V:2.2549e-05V I:1.8586e-03A R:1.2132e-02ğ›€ E:4.3364e-04V/cm J:2.0883e-02A/cm2 ğ›’:2.0765e-02ğ›€ cm
2024-02-02 11:23:14,882 INFO Measurement at current 0.0018787878787878789
2024-02-02 11:23:16,480 INFO T:293.14Â°K V:2.2875e-05V I:1.8788e-03A R:1.2176e-02ğ›€ E:4.3991e-04V/cm J:2.1110e-02A/cm2 ğ›’:2.0839e-02ğ›€ cm
2024-02-02 11:23:16,503 INFO Measurement at current 0.001898989898989899
2024-02-02 11:23:18,103 INFO T:293.14Â°K V:2.3147e-05V I:1.8990e-03A R:1.2189e-02ğ›€ E:4.4514e-04V/cm J:2.1337e-02A/cm2 ğ›’:2.0862e-02ğ›€ cm
2024-02-02 11:23:18,125 INFO Measurement at current 0.0019191919191919192
2024-02-02 11:23:19,749 INFO T:293.14Â°K V:2.3509e-05V I:1.9192e-03A R:1.2250e-02ğ›€ E:4.5210e-04V/cm J:2.1564e-02A/cm2 ğ›’:2.0966e-02ğ›€ cm
2024-02-02 11:23:19,777 INFO Measurement at current 0.0019393939393939396
2024-02-02 11:23:21,384 INFO T:293.14Â°K V:2.3707e-05V I:1.9394e-03A R:1.2224e-02ğ›€ E:4.5591e-04V/cm J:2.1791e-02A/cm2 ğ›’:2.0922e-02ğ›€ cm
2024-02-02 11:23:21,407 INFO Measurement at current 0.0019595959595959597
2024-02-02 11:23:23,008 INFO T:293.14Â°K V:2.3757e-05V I:1.9596e-03A R:1.2123e-02ğ›€ E:4.5686e-04V/cm J:2.2018e-02A/cm2 ğ›’:2.0750e-02ğ›€ cm
2024-02-02 11:23:23,029 INFO Measurement at current 0.00197979797979798
2024-02-02 11:23:24,619 INFO T:293.14Â°K V:2.4167e-05V I:1.9798e-03A R:1.2207e-02ğ›€ E:4.6475e-04V/cm J:2.2245e-02A/cm2 ğ›’:2.0892e-02ğ›€ cm
2024-02-02 11:23:24,644 INFO Measurement at current 0.002
2024-02-02 11:23:26,249 INFO T:293.14Â°K V:2.4422e-05V I:2.0000e-03A R:1.2211e-02ğ›€ E:4.6966e-04V/cm J:2.2472e-02A/cm2 ğ›’:2.0900e-02ğ›€ cm
2024-02-02 11:23:26,264 INFO Measurement at current 0.002
2024-02-02 11:23:27,861 INFO T:293.14Â°K V:2.4438e-05V I:2.0000e-03A R:1.2219e-02ğ›€ E:4.6997e-04V/cm J:2.2472e-02A/cm2 ğ›’:2.0913e-02ğ›€ cm
2024-02-02 11:23:27,876 INFO Measurement at current 0.00197979797979798
2024-02-02 11:23:29,472 INFO T:293.14Â°K V:2.4234e-05V I:1.9798e-03A R:1.2241e-02ğ›€ E:4.6604e-04V/cm J:2.2245e-02A/cm2 ğ›’:2.0950e-02ğ›€ cm
2024-02-02 11:23:29,489 INFO Measurement at current 0.0019595959595959597
2024-02-02 11:23:31,082 INFO T:293.14Â°K V:2.4182e-05V I:1.9596e-03A R:1.2341e-02ğ›€ E:4.6505e-04V/cm J:2.2018e-02A/cm2 ğ›’:2.1121e-02ğ›€ cm
2024-02-02 11:23:31,096 INFO Measurement at current 0.0019393939393939396
2024-02-02 11:23:32,694 INFO T:293.14Â°K V:2.4153e-05V I:1.9394e-03A R:1.2454e-02ğ›€ E:4.6447e-04V/cm J:2.1791e-02A/cm2 ğ›’:2.1315e-02ğ›€ cm
2024-02-02 11:23:32,717 INFO Measurement at current 0.0019191919191919192
2024-02-02 11:23:34,327 INFO T:293.14Â°K V:2.3821e-05V I:1.9192e-03A R:1.2412e-02ğ›€ E:4.5810e-04V/cm J:2.1564e-02A/cm2 ğ›’:2.1244e-02ğ›€ cm
2024-02-02 11:23:34,351 INFO Measurement at current 0.001898989898989899
2024-02-02 11:23:35,954 INFO T:293.14Â°K V:2.3757e-05V I:1.8990e-03A R:1.2510e-02ğ›€ E:4.5686e-04V/cm J:2.1337e-02A/cm2 ğ›’:2.1412e-02ğ›€ cm
2024-02-02 11:23:35,971 INFO Measurement at current 0.0018787878787878789
2024-02-02 11:23:37,576 INFO T:293.14Â°K V:2.4071e-05V I:1.8788e-03A R:1.2812e-02ğ›€ E:4.6290e-04V/cm J:2.1110e-02A/cm2 ğ›’:2.1928e-02ğ›€ cm
2024-02-02 11:23:37,600 INFO Measurement at current 0.0018585858585858587
2024-02-02 11:23:39,202 INFO T:293.14Â°K V:2.3911e-05V I:1.8586e-03A R:1.2865e-02ğ›€ E:4.5983e-04V/cm J:2.0883e-02A/cm2 ğ›’:2.2019e-02ğ›€ cm
2024-02-02 11:23:39,225 INFO Measurement at current 0.0018383838383838383
2024-02-02 11:23:40,830 INFO T:293.14Â°K V:2.3271e-05V I:1.8384e-03A R:1.2659e-02ğ›€ E:4.4752e-04V/cm J:2.0656e-02A/cm2 ğ›’:2.1666e-02ğ›€ cm
2024-02-02 11:23:40,853 INFO Measurement at current 0.0018181818181818182
2024-02-02 11:23:42,457 INFO T:293.14Â°K V:2.3284e-05V I:1.8182e-03A R:1.2806e-02ğ›€ E:4.4777e-04V/cm J:2.0429e-02A/cm2 ğ›’:2.1918e-02ğ›€ cm
2024-02-02 11:23:42,471 INFO Measurement at current 0.001797979797979798
2024-02-02 11:23:44,062 INFO T:293.14Â°K V:2.2595e-05V I:1.7980e-03A R:1.2567e-02ğ›€ E:4.3451e-04V/cm J:2.0202e-02A/cm2 ğ›’:2.1508e-02ğ›€ cm
2024-02-02 11:23:44,077 INFO Measurement at current 0.0017777777777777779
2024-02-02 11:23:45,670 INFO T:293.14Â°K V:2.2800e-05V I:1.7778e-03A R:1.2825e-02ğ›€ E:4.3845e-04V/cm J:1.9975e-02A/cm2 ğ›’:2.1950e-02ğ›€ cm
2024-02-02 11:23:45,684 INFO Measurement at current 0.0017575757575757577
2024-02-02 11:23:47,274 INFO T:293.14Â°K V:2.1920e-05V I:1.7576e-03A R:1.2472e-02ğ›€ E:4.2153e-04V/cm J:1.9748e-02A/cm2 ğ›’:2.1346e-02ğ›€ cm
2024-02-02 11:23:47,290 INFO Measurement at current 0.0017373737373737373
2024-02-02 11:23:48,879 INFO T:293.14Â°K V:2.1726e-05V I:1.7374e-03A R:1.2505e-02ğ›€ E:4.1781e-04V/cm J:1.9521e-02A/cm2 ğ›’:2.1403e-02ğ›€ cm
2024-02-02 11:23:48,895 INFO Measurement at current 0.0017171717171717172
2024-02-02 11:23:50,485 INFO T:293.14Â°K V:2.1178e-05V I:1.7172e-03A R:1.2333e-02ğ›€ E:4.0726e-04V/cm J:1.9294e-02A/cm2 ğ›’:2.1108e-02ğ›€ cm
2024-02-02 11:23:50,500 INFO Measurement at current 0.001696969696969697
2024-02-02 11:23:52,090 INFO T:293.14Â°K V:2.0895e-05V I:1.6970e-03A R:1.2313e-02ğ›€ E:4.0184e-04V/cm J:1.9067e-02A/cm2 ğ›’:2.1075e-02ğ›€ cm
2024-02-02 11:23:52,112 INFO Measurement at current 0.0016767676767676769
2024-02-02 11:23:53,708 INFO T:293.14Â°K V:2.0493e-05V I:1.6768e-03A R:1.2222e-02ğ›€ E:3.9409e-04V/cm J:1.8840e-02A/cm2 ğ›’:2.0918e-02ğ›€ cm
2024-02-02 11:23:53,728 INFO Measurement at current 0.0016565656565656567
2024-02-02 11:23:55,330 INFO T:293.14Â°K V:2.0515e-05V I:1.6566e-03A R:1.2384e-02ğ›€ E:3.9452e-04V/cm J:1.8613e-02A/cm2 ğ›’:2.1196e-02ğ›€ cm
2024-02-02 11:23:55,360 INFO Measurement at current 0.0016363636363636363
2024-02-02 11:23:56,959 INFO T:293.14Â°K V:2.0144e-05V I:1.6364e-03A R:1.2310e-02ğ›€ E:3.8738e-04V/cm J:1.8386e-02A/cm2 ğ›’:2.1069e-02ğ›€ cm
2024-02-02 11:23:56,978 INFO Measurement at current 0.0016161616161616162
2024-02-02 11:23:58,574 INFO T:293.14Â°K V:1.9931e-05V I:1.6162e-03A R:1.2332e-02ğ›€ E:3.8329e-04V/cm J:1.8159e-02A/cm2 ğ›’:2.1107e-02ğ›€ cm
2024-02-02 11:23:58,593 INFO Measurement at current 0.001595959595959596
2024-02-02 11:24:00,193 INFO T:293.14Â°K V:1.9625e-05V I:1.5960e-03A R:1.2296e-02ğ›€ E:3.7740e-04V/cm J:1.7932e-02A/cm2 ğ›’:2.1046e-02ğ›€ cm
2024-02-02 11:24:00,216 INFO Measurement at current 0.0015757575757575758
2024-02-02 11:24:01,815 INFO T:293.14Â°K V:1.9427e-05V I:1.5758e-03A R:1.2328e-02ğ›€ E:3.7359e-04V/cm J:1.7705e-02A/cm2 ğ›’:2.1101e-02ğ›€ cm
2024-02-02 11:24:01,835 INFO Measurement at current 0.0015555555555555557
2024-02-02 11:24:03,444 INFO T:293.14Â°K V:1.9063e-05V I:1.5556e-03A R:1.2255e-02ğ›€ E:3.6660e-04V/cm J:1.7478e-02A/cm2 ğ›’:2.0975e-02ğ›€ cm
2024-02-02 11:24:03,467 INFO Measurement at current 0.0015353535353535353
2024-02-02 11:24:05,064 INFO T:293.14Â°K V:1.9135e-05V I:1.5354e-03A R:1.2463e-02ğ›€ E:3.6798e-04V/cm J:1.7251e-02A/cm2 ğ›’:2.1331e-02ğ›€ cm
2024-02-02 11:24:05,081 INFO Measurement at current 0.0015151515151515152
2024-02-02 11:24:06,687 INFO T:293.14Â°K V:1.8908e-05V I:1.5152e-03A R:1.2479e-02ğ›€ E:3.6362e-04V/cm J:1.7024e-02A/cm2 ğ›’:2.1359e-02ğ›€ cm
2024-02-02 11:24:06,723 INFO Measurement at current 0.001494949494949495
2024-02-02 11:24:08,328 INFO T:293.14Â°K V:1.8676e-05V I:1.4949e-03A R:1.2493e-02ğ›€ E:3.5916e-04V/cm J:1.6797e-02A/cm2 ğ›’:2.1382e-02ğ›€ cm
2024-02-02 11:24:08,364 INFO Measurement at current 0.0014747474747474748
2024-02-02 11:24:09,971 INFO T:293.14Â°K V:1.8513e-05V I:1.4747e-03A R:1.2554e-02ğ›€ E:3.5603e-04V/cm J:1.6570e-02A/cm2 ğ›’:2.1486e-02ğ›€ cm
2024-02-02 11:24:09,987 INFO Measurement at current 0.0014545454545454547
2024-02-02 11:24:11,595 INFO T:293.14Â°K V:1.8192e-05V I:1.4545e-03A R:1.2507e-02ğ›€ E:3.4984e-04V/cm J:1.6343e-02A/cm2 ğ›’:2.1406e-02ğ›€ cm
2024-02-02 11:24:11,621 INFO Measurement at current 0.0014343434343434343
2024-02-02 11:24:13,224 INFO T:293.14Â°K V:1.8232e-05V I:1.4343e-03A R:1.2711e-02ğ›€ E:3.5061e-04V/cm J:1.6116e-02A/cm2 ğ›’:2.1755e-02ğ›€ cm
2024-02-02 11:24:13,244 INFO Measurement at current 0.0014141414141414141
2024-02-02 11:24:14,851 INFO T:293.14Â°K V:1.7693e-05V I:1.4141e-03A R:1.2511e-02ğ›€ E:3.4025e-04V/cm J:1.5889e-02A/cm2 ğ›’:2.1414e-02ğ›€ cm
2024-02-02 11:24:14,866 INFO Measurement at current 0.001393939393939394
2024-02-02 11:24:16,453 INFO T:293.14Â°K V:1.7339e-05V I:1.3939e-03A R:1.2439e-02ğ›€ E:3.3344e-04V/cm J:1.5662e-02A/cm2 ğ›’:2.1289e-02ğ›€ cm
2024-02-02 11:24:16,468 INFO Measurement at current 0.0013737373737373738
2024-02-02 11:24:18,057 INFO T:293.14Â°K V:1.7276e-05V I:1.3737e-03A R:1.2576e-02ğ›€ E:3.3224e-04V/cm J:1.5435e-02A/cm2 ğ›’:2.1525e-02ğ›€ cm
2024-02-02 11:24:18,073 INFO Measurement at current 0.0013535353535353537
2024-02-02 11:24:19,673 INFO T:293.14Â°K V:1.7072e-05V I:1.3535e-03A R:1.2613e-02ğ›€ E:3.2832e-04V/cm J:1.5208e-02A/cm2 ğ›’:2.1588e-02ğ›€ cm
2024-02-02 11:24:19,697 INFO Measurement at current 0.0013333333333333333
2024-02-02 11:24:21,298 INFO T:293.14Â°K V:1.6960e-05V I:1.3333e-03A R:1.2720e-02ğ›€ E:3.2616e-04V/cm J:1.4981e-02A/cm2 ğ›’:2.1771e-02ğ›€ cm
2024-02-02 11:24:21,331 INFO Measurement at current 0.0013131313131313131
2024-02-02 11:24:22,938 INFO T:293.14Â°K V:1.6634e-05V I:1.3131e-03A R:1.2667e-02ğ›€ E:3.1988e-04V/cm J:1.4754e-02A/cm2 ğ›’:2.1680e-02ğ›€ cm
2024-02-02 11:24:22,955 INFO Measurement at current 0.001292929292929293
2024-02-02 11:24:24,547 INFO T:293.14Â°K V:1.6402e-05V I:1.2929e-03A R:1.2686e-02ğ›€ E:3.1542e-04V/cm J:1.4527e-02A/cm2 ğ›’:2.1712e-02ğ›€ cm
2024-02-02 11:24:24,567 INFO Measurement at current 0.0012727272727272728
2024-02-02 11:24:26,185 INFO T:293.14Â°K V:1.6265e-05V I:1.2727e-03A R:1.2779e-02ğ›€ E:3.1278e-04V/cm J:1.4300e-02A/cm2 ğ›’:2.1872e-02ğ›€ cm
2024-02-02 11:24:26,217 INFO Measurement at current 0.0012525252525252527
2024-02-02 11:24:27,829 INFO T:293.14Â°K V:1.6016e-05V I:1.2525e-03A R:1.2787e-02ğ›€ E:3.0800e-04V/cm J:1.4073e-02A/cm2 ğ›’:2.1886e-02ğ›€ cm
2024-02-02 11:24:27,870 INFO Measurement at current 0.0012323232323232323
2024-02-02 11:24:29,487 INFO T:293.14Â°K V:1.5572e-05V I:1.2323e-03A R:1.2637e-02ğ›€ E:2.9947e-04V/cm J:1.3846e-02A/cm2 ğ›’:2.1628e-02ğ›€ cm
2024-02-02 11:24:29,515 INFO Measurement at current 0.0012121212121212121
2024-02-02 11:24:31,111 INFO T:293.14Â°K V:1.5062e-05V I:1.2121e-03A R:1.2426e-02ğ›€ E:2.8966e-04V/cm J:1.3619e-02A/cm2 ğ›’:2.1268e-02ğ›€ cm
2024-02-02 11:24:31,131 INFO Measurement at current 0.001191919191919192
2024-02-02 11:24:32,727 INFO T:293.14Â°K V:1.4531e-05V I:1.1919e-03A R:1.2191e-02ğ›€ E:2.7944e-04V/cm J:1.3392e-02A/cm2 ğ›’:2.0866e-02ğ›€ cm
2024-02-02 11:24:32,743 INFO Measurement at current 0.0011717171717171718
2024-02-02 11:24:34,341 INFO T:293.14Â°K V:1.4180e-05V I:1.1717e-03A R:1.2102e-02ğ›€ E:2.7270e-04V/cm J:1.3165e-02A/cm2 ğ›’:2.0713e-02ğ›€ cm
2024-02-02 11:24:34,375 INFO Measurement at current 0.0011515151515151516
2024-02-02 11:24:35,981 INFO T:293.14Â°K V:1.4099e-05V I:1.1515e-03A R:1.2244e-02ğ›€ E:2.7113e-04V/cm J:1.2938e-02A/cm2 ğ›’:2.0956e-02ğ›€ cm
2024-02-02 11:24:35,996 INFO Measurement at current 0.0011313131313131313
2024-02-02 11:24:37,608 INFO T:293.14Â°K V:1.3908e-05V I:1.1313e-03A R:1.2293e-02ğ›€ E:2.6745e-04V/cm J:1.2711e-02A/cm2 ğ›’:2.1041e-02ğ›€ cm
2024-02-02 11:24:37,627 INFO Measurement at current 0.0011111111111111111
2024-02-02 11:24:39,267 INFO T:293.14Â°K V:1.3573e-05V I:1.1111e-03A R:1.2215e-02ğ›€ E:2.6101e-04V/cm J:1.2484e-02A/cm2 ğ›’:2.0907e-02ğ›€ cm
2024-02-02 11:24:39,295 INFO Measurement at current 0.001090909090909091
2024-02-02 11:24:40,926 INFO T:293.14Â°K V:1.3736e-05V I:1.0909e-03A R:1.2591e-02ğ›€ E:2.6415e-04V/cm J:1.2257e-02A/cm2 ğ›’:2.1550e-02ğ›€ cm
2024-02-02 11:24:40,943 INFO Measurement at current 0.0010707070707070708
2024-02-02 11:24:42,566 INFO T:293.14Â°K V:1.3293e-05V I:1.0707e-03A R:1.2415e-02ğ›€ E:2.5564e-04V/cm J:1.2030e-02A/cm2 ğ›’:2.1249e-02ğ›€ cm
2024-02-02 11:24:42,590 INFO Measurement at current 0.0010505050505050506
2024-02-02 11:24:44,201 INFO T:293.14Â°K V:1.3204e-05V I:1.0505e-03A R:1.2569e-02ğ›€ E:2.5392e-04V/cm J:1.1803e-02A/cm2 ğ›’:2.1512e-02ğ›€ cm
2024-02-02 11:24:44,247 INFO Measurement at current 0.0010303030303030303
2024-02-02 11:24:45,854 INFO T:293.14Â°K V:1.3145e-05V I:1.0303e-03A R:1.2759e-02ğ›€ E:2.5279e-04V/cm J:1.1576e-02A/cm2 ğ›’:2.1837e-02ğ›€ cm
2024-02-02 11:24:45,887 INFO Measurement at current 0.00101010101010101
2024-02-02 11:24:47,499 INFO T:293.14Â°K V:1.2645e-05V I:1.0101e-03A R:1.2518e-02ğ›€ E:2.4317e-04V/cm J:1.1349e-02A/cm2 ğ›’:2.1426e-02ğ›€ cm
2024-02-02 11:24:47,522 INFO Measurement at current 0.00098989898989899
2024-02-02 11:24:49,151 INFO T:293.14Â°K V:1.2675e-05V I:9.8990e-04A R:1.2805e-02ğ›€ E:2.4376e-04V/cm J:1.1122e-02A/cm2 ğ›’:2.1916e-02ğ›€ cm
2024-02-02 11:24:49,190 INFO Measurement at current 0.0009696969696969698
2024-02-02 11:24:50,797 INFO T:293.14Â°K V:1.2454e-05V I:9.6970e-04A R:1.2843e-02ğ›€ E:2.3950e-04V/cm J:1.0895e-02A/cm2 ğ›’:2.1981e-02ğ›€ cm
2024-02-02 11:24:50,814 INFO Measurement at current 0.0009494949494949495
2024-02-02 11:24:52,422 INFO T:293.14Â°K V:1.1782e-05V I:9.4949e-04A R:1.2409e-02ğ›€ E:2.2657e-04V/cm J:1.0668e-02A/cm2 ğ›’:2.1238e-02ğ›€ cm
2024-02-02 11:24:52,438 INFO Measurement at current 0.0009292929292929294
2024-02-02 11:24:54,038 INFO T:293.14Â°K V:1.1561e-05V I:9.2929e-04A R:1.2441e-02ğ›€ E:2.2233e-04V/cm J:1.0441e-02A/cm2 ğ›’:2.1293e-02ğ›€ cm
2024-02-02 11:24:54,067 INFO Measurement at current 0.0009090909090909091
2024-02-02 11:24:55,686 INFO T:293.14Â°K V:1.1315e-05V I:9.0909e-04A R:1.2446e-02ğ›€ E:2.1759e-04V/cm J:1.0215e-02A/cm2 ğ›’:2.1302e-02ğ›€ cm
2024-02-02 11:24:55,714 INFO Measurement at current 0.0008888888888888889
2024-02-02 11:24:57,334 INFO T:293.14Â°K V:1.1187e-05V I:8.8889e-04A R:1.2585e-02ğ›€ E:2.1514e-04V/cm J:9.9875e-03A/cm2 ğ›’:2.1540e-02ğ›€ cm
2024-02-02 11:24:57,365 INFO Measurement at current 0.0008686868686868687
2024-02-02 11:24:58,978 INFO T:293.14Â°K V:1.0883e-05V I:8.6869e-04A R:1.2529e-02ğ›€ E:2.0930e-04V/cm J:9.7605e-03A/cm2 ğ›’:2.1443e-02ğ›€ cm
2024-02-02 11:24:59,003 INFO Measurement at current 0.0008484848484848485
2024-02-02 11:25:00,614 INFO T:293.14Â°K V:1.0630e-05V I:8.4848e-04A R:1.2529e-02ğ›€ E:2.0443e-04V/cm J:9.5335e-03A/cm2 ğ›’:2.1443e-02ğ›€ cm
2024-02-02 11:25:00,633 INFO Measurement at current 0.0008282828282828283
2024-02-02 11:25:02,245 INFO T:293.14Â°K V:1.0369e-05V I:8.2828e-04A R:1.2518e-02ğ›€ E:1.9940e-04V/cm J:9.3065e-03A/cm2 ğ›’:2.1425e-02ğ›€ cm
2024-02-02 11:25:02,271 INFO Measurement at current 0.0008080808080808081
2024-02-02 11:25:03,884 INFO T:293.14Â°K V:9.8629e-06V I:8.0808e-04A R:1.2205e-02ğ›€ E:1.8967e-04V/cm J:9.0796e-03A/cm2 ğ›’:2.0890e-02ğ›€ cm
2024-02-02 11:25:03,914 INFO Measurement at current 0.0007878787878787879
2024-02-02 11:25:05,520 INFO T:293.14Â°K V:9.4584e-06V I:7.8788e-04A R:1.2005e-02ğ›€ E:1.8189e-04V/cm J:8.8526e-03A/cm2 ğ›’:2.0547e-02ğ›€ cm
2024-02-02 11:25:05,547 INFO Measurement at current 0.0007676767676767677
2024-02-02 11:25:07,150 INFO T:293.14Â°K V:9.2063e-06V I:7.6768e-04A R:1.1992e-02ğ›€ E:1.7704e-04V/cm J:8.6256e-03A/cm2 ğ›’:2.0525e-02ğ›€ cm
2024-02-02 11:25:07,166 INFO Measurement at current 0.0007474747474747475
2024-02-02 11:25:08,779 INFO T:293.14Â°K V:9.5561e-06V I:7.4747e-04A R:1.2785e-02ğ›€ E:1.8377e-04V/cm J:8.3986e-03A/cm2 ğ›’:2.1881e-02ğ›€ cm
2024-02-02 11:25:08,801 INFO Measurement at current 0.0007272727272727273
2024-02-02 11:25:10,429 INFO T:293.14Â°K V:9.2452e-06V I:7.2727e-04A R:1.2712e-02ğ›€ E:1.7779e-04V/cm J:8.1716e-03A/cm2 ğ›’:2.1757e-02ğ›€ cm
2024-02-02 11:25:10,445 INFO Measurement at current 0.0007070707070707071
2024-02-02 11:25:12,055 INFO T:293.14Â°K V:9.1344e-06V I:7.0707e-04A R:1.2919e-02ğ›€ E:1.7566e-04V/cm J:7.9446e-03A/cm2 ğ›’:2.2111e-02ğ›€ cm
2024-02-02 11:25:12,130 INFO Measurement at current 0.0006868686868686869
2024-02-02 11:25:13,752 INFO T:293.14Â°K V:8.5915e-06V I:6.8687e-04A R:1.2508e-02ğ›€ E:1.6522e-04V/cm J:7.7176e-03A/cm2 ğ›’:2.1408e-02ğ›€ cm
2024-02-02 11:25:13,771 INFO Measurement at current 0.0006666666666666666
2024-02-02 11:25:15,371 INFO T:293.14Â°K V:8.0994e-06V I:6.6667e-04A R:1.2149e-02ğ›€ E:1.5576e-04V/cm J:7.4906e-03A/cm2 ğ›’:2.0794e-02ğ›€ cm
2024-02-02 11:25:15,394 INFO Measurement at current 0.0006464646464646465
2024-02-02 11:25:17,003 INFO T:293.14Â°K V:7.8539e-06V I:6.4646e-04A R:1.2149e-02ğ›€ E:1.5104e-04V/cm J:7.2636e-03A/cm2 ğ›’:2.0793e-02ğ›€ cm
2024-02-02 11:25:17,018 INFO Measurement at current 0.0006262626262626263
2024-02-02 11:25:18,621 INFO T:293.14Â°K V:7.5281e-06V I:6.2626e-04A R:1.2021e-02ğ›€ E:1.4477e-04V/cm J:7.0367e-03A/cm2 ğ›’:2.0574e-02ğ›€ cm
2024-02-02 11:25:18,644 INFO Measurement at current 0.0006060606060606061
2024-02-02 11:25:20,244 INFO T:293.14Â°K V:7.2833e-06V I:6.0606e-04A R:1.2017e-02ğ›€ E:1.4006e-04V/cm J:6.8097e-03A/cm2 ğ›’:2.0568e-02ğ›€ cm
2024-02-02 11:25:20,261 INFO Measurement at current 0.0005858585858585859
2024-02-02 11:25:21,854 INFO T:293.14Â°K V:7.0475e-06V I:5.8586e-04A R:1.2029e-02ğ›€ E:1.3553e-04V/cm J:6.5827e-03A/cm2 ğ›’:2.0589e-02ğ›€ cm
2024-02-02 11:25:21,870 INFO Measurement at current 0.0005656565656565656
2024-02-02 11:25:23,460 INFO T:293.14Â°K V:6.7900e-06V I:5.6566e-04A R:1.2004e-02ğ›€ E:1.3058e-04V/cm J:6.3557e-03A/cm2 ğ›’:2.0545e-02ğ›€ cm
2024-02-02 11:25:23,478 INFO Measurement at current 0.0005454545454545455
2024-02-02 11:25:25,115 INFO T:293.14Â°K V:6.5493e-06V I:5.4545e-04A R:1.2007e-02ğ›€ E:1.2595e-04V/cm J:6.1287e-03A/cm2 ğ›’:2.0551e-02ğ›€ cm
2024-02-02 11:25:25,137 INFO Measurement at current 0.0005252525252525253
2024-02-02 11:25:26,727 INFO T:293.14Â°K V:6.3033e-06V I:5.2525e-04A R:1.2001e-02ğ›€ E:1.2122e-04V/cm J:5.9017e-03A/cm2 ğ›’:2.0539e-02ğ›€ cm
2024-02-02 11:25:26,743 INFO Measurement at current 0.000505050505050505
2024-02-02 11:25:28,338 INFO T:293.14Â°K V:6.0673e-06V I:5.0505e-04A R:1.2013e-02ğ›€ E:1.1668e-04V/cm J:5.6747e-03A/cm2 ğ›’:2.0561e-02ğ›€ cm
2024-02-02 11:25:28,354 INFO Measurement at current 0.0004848484848484849
2024-02-02 11:25:29,951 INFO T:293.14Â°K V:5.8360e-06V I:4.8485e-04A R:1.2037e-02ğ›€ E:1.1223e-04V/cm J:5.4477e-03A/cm2 ğ›’:2.0601e-02ğ›€ cm
2024-02-02 11:25:29,967 INFO Measurement at current 0.0004646464646464647
2024-02-02 11:25:31,559 INFO T:293.14Â°K V:5.8496e-06V I:4.6465e-04A R:1.2589e-02ğ›€ E:1.1249e-04V/cm J:5.2207e-03A/cm2 ğ›’:2.1547e-02ğ›€ cm
2024-02-02 11:25:31,574 INFO Measurement at current 0.00044444444444444447
2024-02-02 11:25:33,175 INFO T:293.14Â°K V:5.8951e-06V I:4.4444e-04A R:1.3264e-02ğ›€ E:1.1337e-04V/cm J:4.9938e-03A/cm2 ğ›’:2.2702e-02ğ›€ cm
2024-02-02 11:25:33,198 INFO Measurement at current 0.00042424242424242425
2024-02-02 11:25:34,817 INFO T:293.14Â°K V:5.7505e-06V I:4.2424e-04A R:1.3555e-02ğ›€ E:1.1059e-04V/cm J:4.7668e-03A/cm2 ğ›’:2.3199e-02ğ›€ cm
2024-02-02 11:25:34,849 INFO Measurement at current 0.00040404040404040404
2024-02-02 11:25:36,458 INFO T:293.14Â°K V:5.4108e-06V I:4.0404e-04A R:1.3392e-02ğ›€ E:1.0405e-04V/cm J:4.5398e-03A/cm2 ğ›’:2.2921e-02ğ›€ cm
2024-02-02 11:25:36,472 INFO Measurement at current 0.00038383838383838383
2024-02-02 11:25:38,072 INFO T:293.14Â°K V:4.9153e-06V I:3.8384e-04A R:1.2806e-02ğ›€ E:9.4526e-05V/cm J:4.3128e-03A/cm2 ğ›’:2.1918e-02ğ›€ cm
2024-02-02 11:25:38,099 INFO Measurement at current 0.00036363636363636367
2024-02-02 11:25:39,701 INFO T:293.14Â°K V:4.6546e-06V I:3.6364e-04A R:1.2800e-02ğ›€ E:8.9511e-05V/cm J:4.0858e-03A/cm2 ğ›’:2.1908e-02ğ›€ cm
2024-02-02 11:25:39,724 INFO Measurement at current 0.00034343434343434346
2024-02-02 11:25:41,325 INFO T:293.14Â°K V:4.3360e-06V I:3.4343e-04A R:1.2625e-02ğ›€ E:8.3384e-05V/cm J:3.8588e-03A/cm2 ğ›’:2.1609e-02ğ›€ cm
2024-02-02 11:25:41,366 INFO Measurement at current 0.00032323232323232324
2024-02-02 11:25:42,967 INFO T:293.14Â°K V:3.9014e-06V I:3.2323e-04A R:1.2070e-02ğ›€ E:7.5027e-05V/cm J:3.6318e-03A/cm2 ğ›’:2.0658e-02ğ›€ cm
2024-02-02 11:25:42,982 INFO Measurement at current 0.00030303030303030303
2024-02-02 11:25:44,574 INFO T:293.14Â°K V:3.5266e-06V I:3.0303e-04A R:1.1638e-02ğ›€ E:6.7818e-05V/cm J:3.4048e-03A/cm2 ğ›’:1.9918e-02ğ›€ cm
2024-02-02 11:25:44,591 INFO Measurement at current 0.0002828282828282828
2024-02-02 11:25:46,188 INFO T:293.14Â°K V:3.3800e-06V I:2.8283e-04A R:1.1951e-02ğ›€ E:6.5000e-05V/cm J:3.1778e-03A/cm2 ğ›’:2.0454e-02ğ›€ cm
2024-02-02 11:25:46,209 INFO Measurement at current 0.00026262626262626266
2024-02-02 11:25:47,803 INFO T:293.14Â°K V:3.0768e-06V I:2.6263e-04A R:1.1715e-02ğ›€ E:5.9169e-05V/cm J:2.9509e-03A/cm2 ğ›’:2.0051e-02ğ›€ cm
2024-02-02 11:25:47,818 INFO Measurement at current 0.00024242424242424245
2024-02-02 11:25:49,406 INFO T:293.14Â°K V:3.1449e-06V I:2.4242e-04A R:1.2973e-02ğ›€ E:6.0480e-05V/cm J:2.7239e-03A/cm2 ğ›’:2.2204e-02ğ›€ cm
2024-02-02 11:25:49,425 INFO Measurement at current 0.00022222222222222223
2024-02-02 11:25:51,037 INFO T:293.14Â°K V:2.5916e-06V I:2.2222e-04A R:1.1662e-02ğ›€ E:4.9838e-05V/cm J:2.4969e-03A/cm2 ğ›’:1.9960e-02ğ›€ cm
2024-02-02 11:25:51,056 INFO Measurement at current 0.00020202020202020202
2024-02-02 11:25:52,678 INFO T:293.14Â°K V:2.5509e-06V I:2.0202e-04A R:1.2627e-02ğ›€ E:4.9057e-05V/cm J:2.2699e-03A/cm2 ğ›’:2.1612e-02ğ›€ cm
2024-02-02 11:25:52,713 INFO Measurement at current 0.00018181818181818183
2024-02-02 11:25:54,314 INFO T:293.14Â°K V:2.3663e-06V I:1.8182e-04A R:1.3015e-02ğ›€ E:4.5506e-05V/cm J:2.0429e-03A/cm2 ğ›’:2.2275e-02ğ›€ cm
2024-02-02 11:25:54,356 INFO Measurement at current 0.00016161616161616162
2024-02-02 11:25:55,955 INFO T:293.14Â°K V:2.1816e-06V I:1.6162e-04A R:1.3499e-02ğ›€ E:4.1954e-05V/cm J:1.8159e-03A/cm2 ğ›’:2.3104e-02ğ›€ cm
2024-02-02 11:25:55,975 INFO Measurement at current 0.0001414141414141414
2024-02-02 11:25:57,586 INFO T:293.14Â°K V:1.9773e-06V I:1.4141e-04A R:1.3982e-02ğ›€ E:3.8025e-05V/cm J:1.5889e-03A/cm2 ğ›’:2.3931e-02ğ›€ cm
2024-02-02 11:25:57,606 INFO Measurement at current 0.00012121212121212122
2024-02-02 11:25:59,222 INFO T:293.14Â°K V:1.6652e-06V I:1.2121e-04A R:1.3738e-02ğ›€ E:3.2023e-05V/cm J:1.3619e-03A/cm2 ğ›’:2.3513e-02ğ›€ cm
2024-02-02 11:25:59,248 INFO Measurement at current 0.00010101010101010101
2024-02-02 11:26:00,861 INFO T:293.15Â°K V:1.5208e-06V I:1.0101e-04A R:1.5056e-02ğ›€ E:2.9246e-05V/cm J:1.1349e-03A/cm2 ğ›’:2.5768e-02ğ›€ cm
2024-02-02 11:26:00,876 INFO Measurement at current 8.080808080808081e-05
2024-02-02 11:26:02,484 INFO T:293.15Â°K V:1.3352e-06V I:8.0808e-05A R:1.6523e-02ğ›€ E:2.5677e-05V/cm J:9.0796e-04A/cm2 ğ›’:2.8280e-02ğ›€ cm
2024-02-02 11:26:02,509 INFO Measurement at current 6.060606060606061e-05
2024-02-02 11:26:04,133 INFO T:293.15Â°K V:1.1483e-06V I:6.0606e-05A R:1.8948e-02ğ›€ E:2.2083e-05V/cm J:6.8097e-04A/cm2 ğ›’:3.2429e-02ğ›€ cm
2024-02-02 11:26:04,168 INFO Measurement at current 4.0404040404040405e-05
2024-02-02 11:26:05,782 INFO T:293.15Â°K V:8.7614e-07V I:4.0404e-05A R:2.1685e-02ğ›€ E:1.6849e-05V/cm J:4.5398e-04A/cm2 ğ›’:3.7114e-02ğ›€ cm
2024-02-02 11:26:05,818 INFO Measurement at current 2.0202020202020203e-05
2024-02-02 11:26:07,433 INFO T:293.15Â°K V:5.7501e-07V I:2.0202e-05A R:2.8463e-02ğ›€ E:1.1058e-05V/cm J:2.2699e-04A/cm2 ğ›’:4.8715e-02ğ›€ cm
2024-02-02 11:26:07,465 INFO Measurement at current 0.0
2024-02-02 11:26:09,065 INFO T:293.15Â°K V:2.3605e-07V I:0.0000e+00A R:infğ›€ E:4.5395e-06V/cm J:0.0000e+00A/cm2 ğ›’:infğ›€ cm
2024-02-02 11:26:19,794 INFO Save the description file
2024-02-02 11:26:19,797 INFO Save data in numpy format Esperimenti/02022024_Bi2Se3_BS_1_5f_CurrentRamp_RT_With_Currentleads_1and2_Voltag_4and3/02022024_Bi2Se3_BS_1_5f_CurrentRamp_RT_With_Currentleads_1and2_Voltag_4and3_current_from_0_to_2e-3A_flipped/02022024_Bi2Se3_BS_1_5f_CurrentRamp_RT_With_Currentleads_1and2_Voltag_4and3_current_from_0_to_2e-3A_flipped-20240202112617
2024-02-02 11:26:19,814 INFO Save data in CSV format Esperimenti/02022024_Bi2Se3_BS_1_5f_CurrentRamp_RT_With_Currentleads_1and2_Voltag_4and3/02022024_Bi2Se3_BS_1_5f_CurrentRamp_RT_With_Currentleads_1and2_Voltag_4and3_current_from_0_to_2e-3A_flipped/02022024_Bi2Se3_BS_1_5f_CurrentRamp_RT_With_Currentleads_1and2_Voltag_4and3_current_from_0_to_2e-3A_flipped-20240202112617.csv
2024-02-02 11:26:19,844 INFO Save plot as image Esperimenti/02022024_Bi2Se3_BS_1_5f_CurrentRamp_RT_With_Currentleads_1and2_Voltag_4and3/02022024_Bi2Se3_BS_1_5f_CurrentRamp_RT_With_Currentleads_1and2_Voltag_4and3_current_from_0_to_2e-3A_flipped/02022024_Bi2Se3_BS_1_5f_CurrentRamp_RT_With_Currentleads_1and2_Voltag_4and3_current_from_0_to_2e-3A_flipped-20240202112617.png
